{
  "Plan": {
    "Node Type": "Aggregate",
    "Strategy": "Plain",
    "Partial Mode": "Finalize",
    "Parallel Aware": false,
    "Startup Cost": 163963.58,
    "Total Cost": 163963.59,
    "Plan Rows": 1,
    "Plan Width": 8,
    "Actual Startup Time": 656.563,
    "Actual Total Time": 678.065,
    "Actual Rows": 1,
    "Actual Loops": 1,
    "Plans": [
      {
        "Node Type": "Gather",
        "Parent Relationship": "Outer",
        "Parallel Aware": false,
        "Startup Cost": 163963.47,
        "Total Cost": 163963.58,
        "Plan Rows": 1,
        "Plan Width": 8,
        "Actual Startup Time": 655.921,
        "Actual Total Time": 678.056,
        "Actual Rows": 2,
        "Actual Loops": 1,
        "Workers Planned": 1,
        "Workers Launched": 1,
        "Single Copy": false,
        "Plans": [
          {
            "Node Type": "Aggregate",
            "Strategy": "Plain",
            "Partial Mode": "Partial",
            "Parent Relationship": "Outer",
            "Parallel Aware": false,
            "Startup Cost": 162963.47,
            "Total Cost": 162963.48,
            "Plan Rows": 1,
            "Plan Width": 8,
            "Actual Startup Time": 649.941,
            "Actual Total Time": 649.945,
            "Actual Rows": 1,
            "Actual Loops": 2,
            "Plans": [
              {
                "Node Type": "Hash Join",
                "Parent Relationship": "Outer",
                "Parallel Aware": true,
                "Join Type": "Inner",
                "Startup Cost": 118017.19,
                "Total Cost": 162857.36,
                "Plan Rows": 42442,
                "Plan Width": 0,
                "Actual Startup Time": 528.866,
                "Actual Total Time": 648.497,
                "Actual Rows": 33334,
                "Actual Loops": 2,
                "Inner Unique": false,
                "Hash Cond": "(mc.movie_id = t.id)",
                "Plans": [
                  {
                    "Node Type": "Seq Scan",
                    "Parent Relationship": "Outer",
                    "Parallel Aware": true,
                    "Relation Name": "movie_companies",
                    "Alias": "mc",
                    "Startup Cost": 0.0,
                    "Total Cost": 41811.73,
                    "Plan Rows": 741011,
                    "Plan Width": 4,
                    "Actual Startup Time": 50.503,
                    "Actual Total Time": 119.915,
                    "Actual Rows": 656072,
                    "Actual Loops": 2,
                    "Filter": "((company_id > 19) AND (company_type_id = 2))",
                    "Rows Removed by Filter": 648492
                  },
                  {
                    "Node Type": "Hash",
                    "Parent Relationship": "Inner",
                    "Parallel Aware": true,
                    "Startup Cost": 116952.39,
                    "Total Cost": 116952.39,
                    "Plan Rows": 85184,
                    "Plan Width": 8,
                    "Actual Startup Time": 474.2,
                    "Actual Total Time": 474.203,
                    "Actual Rows": 37809,
                    "Actual Loops": 2,
                    "Hash Buckets": 262144,
                    "Original Hash Buckets": 262144,
                    "Hash Batches": 1,
                    "Original Hash Batches": 1,
                    "Peak Memory Usage": 5056,
                    "Plans": [
                      {
                        "Node Type": "Hash Join",
                        "Parent Relationship": "Outer",
                        "Parallel Aware": true,
                        "Join Type": "Inner",
                        "Startup Cost": 58901.54,
                        "Total Cost": 116952.39,
                        "Plan Rows": 85184,
                        "Plan Width": 8,
                        "Actual Startup Time": 156.253,
                        "Actual Total Time": 467.129,
                        "Actual Rows": 37809,
                        "Actual Loops": 2,
                        "Inner Unique": true,
                        "Hash Cond": "(mk.movie_id = t.id)",
                        "Plans": [
                          {
                            "Node Type": "Seq Scan",
                            "Parent Relationship": "Outer",
                            "Parallel Aware": true,
                            "Relation Name": "movie_keyword",
                            "Alias": "mk",
                            "Startup Cost": 0.0,
                            "Total Cost": 51065.35,
                            "Plan Rows": 2661135,
                            "Plan Width": 4,
                            "Actual Startup Time": 0.011,
                            "Actual Total Time": 149.467,
                            "Actual Rows": 2261965,
                            "Actual Loops": 2
                          },
                          {
                            "Node Type": "Hash",
                            "Parent Relationship": "Inner",
                            "Parallel Aware": true,
                            "Startup Cost": 58306.47,
                            "Total Cost": 58306.47,
                            "Plan Rows": 47606,
                            "Plan Width": 4,
                            "Actual Startup Time": 155.126,
                            "Actual Total Time": 155.127,
                            "Actual Rows": 46541,
                            "Actual Loops": 2,
                            "Hash Buckets": 131072,
                            "Original Hash Buckets": 131072,
                            "Hash Batches": 1,
                            "Original Hash Batches": 1,
                            "Peak Memory Usage": 4704,
                            "Plans": [
                              {
                                "Node Type": "Seq Scan",
                                "Parent Relationship": "Outer",
                                "Parallel Aware": true,
                                "Relation Name": "title",
                                "Alias": "t",
                                "Startup Cost": 0.0,
                                "Total Cost": 58306.47,
                                "Plan Rows": 47606,
                                "Plan Width": 4,
                                "Actual Startup Time": 0.05,
                                "Actual Total Time": 142.77,
                                "Actual Rows": 46541,
                                "Actual Loops": 2,
                                "Filter": "((kind_id > 3) AND (production_year = 2008))",
                                "Rows Removed by Filter": 1217615
                              }
                            ]
                          }
                        ]
                      }
                    ]
                  }
                ]
              }
            ]
          }
        ]
      }
    ]
  },
  "Planning Time": 1.046,
  "Triggers": [],
  "Execution Time": 678.146
}