[
  {
    "Plan": {
      "Node Type": "Aggregate",
      "Strategy": "Plain",
      "Partial Mode": "Finalize",
      "Parallel Aware": false,
      "Startup Cost": 343326.9,
      "Total Cost": 343326.91,
      "Plan Rows": 1,
      "Plan Width": 8,
      "Actual Startup Time": 847.551,
      "Actual Total Time": 890.097,
      "Actual Rows": 1,
      "Actual Loops": 1,
      "Plans": [
        {
          "Node Type": "Gather",
          "Parent Relationship": "Outer",
          "Parallel Aware": false,
          "Startup Cost": 343326.28,
          "Total Cost": 343326.89,
          "Plan Rows": 6,
          "Plan Width": 8,
          "Actual Startup Time": 847.387,
          "Actual Total Time": 890.079,
          "Actual Rows": 7,
          "Actual Loops": 1,
          "Workers Planned": 6,
          "Workers Launched": 6,
          "Single Copy": false,
          "Plans": [
            {
              "Node Type": "Aggregate",
              "Strategy": "Plain",
              "Partial Mode": "Partial",
              "Parent Relationship": "Outer",
              "Parallel Aware": false,
              "Startup Cost": 342326.28,
              "Total Cost": 342326.29,
              "Plan Rows": 1,
              "Plan Width": 8,
              "Actual Startup Time": 839.78,
              "Actual Total Time": 839.781,
              "Actual Rows": 1,
              "Actual Loops": 7,
              "Plans": [
                {
                  "Node Type": "Seq Scan",
                  "Parent Relationship": "Outer",
                  "Parallel Aware": true,
                  "Relation Name": "cast_info",
                  "Alias": "ci",
                  "Startup Cost": 0.0,
                  "Total Cost": 328211.39,
                  "Plan Rows": 5645954,
                  "Plan Width": 0,
                  "Actual Startup Time": 36.493,
                  "Actual Total Time": 622.988,
                  "Actual Rows": 4827595,
                  "Actual Loops": 7,
                  "Filter": "(person_id > 237777)",
                  "Rows Removed by Filter": 350168
                }
              ]
            }
          ]
        }
      ]
    },
    "Planning Time": 0.14,
    "Triggers": [],
    "Execution Time": 890.176
  }
]