{
  "Plan": {
    "Node Type": "Aggregate",
    "Strategy": "Plain",
    "Partial Mode": "Finalize",
    "Parallel Aware": false,
    "Startup Cost": 332786.07,
    "Total Cost": 332786.08,
    "Plan Rows": 1,
    "Plan Width": 8,
    "Actual Startup Time": 1527.545,
    "Actual Total Time": 1585.379,
    "Actual Rows": 1,
    "Actual Loops": 1,
    "Plans": [
      {
        "Node Type": "Gather",
        "Parent Relationship": "Outer",
        "Parallel Aware": false,
        "Startup Cost": 332785.96,
        "Total Cost": 332786.07,
        "Plan Rows": 1,
        "Plan Width": 8,
        "Actual Startup Time": 1527.214,
        "Actual Total Time": 1585.359,
        "Actual Rows": 2,
        "Actual Loops": 1,
        "Workers Planned": 1,
        "Workers Launched": 1,
        "Single Copy": false,
        "Plans": [
          {
            "Node Type": "Aggregate",
            "Strategy": "Plain",
            "Partial Mode": "Partial",
            "Parent Relationship": "Outer",
            "Parallel Aware": false,
            "Startup Cost": 331785.96,
            "Total Cost": 331785.97,
            "Plan Rows": 1,
            "Plan Width": 8,
            "Actual Startup Time": 1521.295,
            "Actual Total Time": 1521.298,
            "Actual Rows": 1,
            "Actual Loops": 2,
            "Plans": [
              {
                "Node Type": "Hash Join",
                "Parent Relationship": "Outer",
                "Parallel Aware": true,
                "Join Type": "Inner",
                "Startup Cost": 59088.23,
                "Total Cost": 330871.72,
                "Plan Rows": 365696,
                "Plan Width": 0,
                "Actual Startup Time": 153.894,
                "Actual Total Time": 1520.065,
                "Actual Rows": 22682,
                "Actual Loops": 2,
                "Inner Unique": true,
                "Hash Cond": "(mi.movie_id = t.id)",
                "Plans": [
                  {
                    "Node Type": "Seq Scan",
                    "Parent Relationship": "Outer",
                    "Parallel Aware": true,
                    "Relation Name": "movie_info",
                    "Alias": "mi",
                    "Startup Cost": 0.0,
                    "Total Cost": 248955.74,
                    "Plan Rows": 8696274,
                    "Plan Width": 4,
                    "Actual Startup Time": 0.011,
                    "Actual Total Time": 708.148,
                    "Actual Rows": 7417860,
                    "Actual Loops": 2
                  },
                  {
                    "Node Type": "Hash",
                    "Parent Relationship": "Inner",
                    "Parallel Aware": true,
                    "Startup Cost": 58306.47,
                    "Total Cost": 58306.47,
                    "Plan Rows": 62541,
                    "Plan Width": 4,
                    "Actual Startup Time": 149.824,
                    "Actual Total Time": 149.825,
                    "Actual Rows": 5116,
                    "Actual Loops": 2,
                    "Hash Buckets": 131072,
                    "Original Hash Buckets": 131072,
                    "Hash Batches": 1,
                    "Original Hash Batches": 1,
                    "Peak Memory Usage": 1472,
                    "Plans": [
                      {
                        "Node Type": "Seq Scan",
                        "Parent Relationship": "Outer",
                        "Parallel Aware": true,
                        "Relation Name": "title",
                        "Alias": "t",
                        "Startup Cost": 0.0,
                        "Total Cost": 58306.47,
                        "Plan Rows": 62541,
                        "Plan Width": 4,
                        "Actual Startup Time": 0.051,
                        "Actual Total Time": 147.223,
                        "Actual Rows": 5116,
                        "Actual Loops": 2,
                        "Filter": "((production_year < 1953) AND (kind_id = 7))",
                        "Rows Removed by Filter": 1259040
                      }
                    ]
                  }
                ]
              }
            ]
          }
        ]
      }
    ]
  },
  "Planning Time": 0.417,
  "Triggers": [],
  "Execution Time": 1585.462
}