[
  {
    "Plan": {
      "Node Type": "Aggregate",
      "Strategy": "Plain",
      "Partial Mode": "Finalize",
      "Parallel Aware": false,
      "Startup Cost": 340969.18,
      "Total Cost": 340969.2,
      "Plan Rows": 1,
      "Plan Width": 8,
      "Actual Startup Time": 900.928,
      "Actual Total Time": 960.946,
      "Actual Rows": 1,
      "Actual Loops": 1,
      "Plans": [
        {
          "Node Type": "Gather",
          "Parent Relationship": "Outer",
          "Parallel Aware": false,
          "Startup Cost": 340968.56,
          "Total Cost": 340969.17,
          "Plan Rows": 6,
          "Plan Width": 8,
          "Actual Startup Time": 900.804,
          "Actual Total Time": 960.936,
          "Actual Rows": 7,
          "Actual Loops": 1,
          "Workers Planned": 6,
          "Workers Launched": 6,
          "Single Copy": false,
          "Plans": [
            {
              "Node Type": "Aggregate",
              "Strategy": "Plain",
              "Partial Mode": "Partial",
              "Parent Relationship": "Outer",
              "Parallel Aware": false,
              "Startup Cost": 339968.56,
              "Total Cost": 339968.57,
              "Plan Rows": 1,
              "Plan Width": 8,
              "Actual Startup Time": 893.932,
              "Actual Total Time": 893.933,
              "Actual Rows": 1,
              "Actual Loops": 7,
              "Plans": [
                {
                  "Node Type": "Seq Scan",
                  "Parent Relationship": "Outer",
                  "Parallel Aware": true,
                  "Relation Name": "cast_info",
                  "Alias": "ci",
                  "Startup Cost": 0.0,
                  "Total Cost": 328162.03,
                  "Plan Rows": 4722614,
                  "Plan Width": 0,
                  "Actual Startup Time": 98.633,
                  "Actual Total Time": 695.558,
                  "Actual Rows": 4028249,
                  "Actual Loops": 7,
                  "Filter": "(person_id > 787097)",
                  "Rows Removed by Filter": 1149514
                }
              ]
            }
          ]
        }
      ]
    },
    "Planning Time": 0.131,
    "Triggers": [],
    "Execution Time": 961.003
  }
]