[
  {
    "Plan": {
      "Node Type": "Aggregate",
      "Strategy": "Plain",
      "Partial Mode": "Finalize",
      "Parallel Aware": false,
      "Startup Cost": 80535.69,
      "Total Cost": 80535.7,
      "Plan Rows": 1,
      "Plan Width": 8,
      "Actual Startup Time": 405.919,
      "Actual Total Time": 421.429,
      "Actual Rows": 1,
      "Actual Loops": 1,
      "Plans": [
        {
          "Node Type": "Gather",
          "Parent Relationship": "Outer",
          "Parallel Aware": false,
          "Startup Cost": 80535.37,
          "Total Cost": 80535.68,
          "Plan Rows": 3,
          "Plan Width": 8,
          "Actual Startup Time": 402.122,
          "Actual Total Time": 421.42,
          "Actual Rows": 4,
          "Actual Loops": 1,
          "Workers Planned": 3,
          "Workers Launched": 3,
          "Single Copy": false,
          "Plans": [
            {
              "Node Type": "Aggregate",
              "Strategy": "Plain",
              "Partial Mode": "Partial",
              "Parent Relationship": "Outer",
              "Parallel Aware": false,
              "Startup Cost": 79535.37,
              "Total Cost": 79535.38,
              "Plan Rows": 1,
              "Plan Width": 8,
              "Actual Startup Time": 393.39,
              "Actual Total Time": 393.394,
              "Actual Rows": 1,
              "Actual Loops": 4,
              "Plans": [
                {
                  "Node Type": "Hash Join",
                  "Parent Relationship": "Outer",
                  "Parallel Aware": true,
                  "Join Type": "Inner",
                  "Startup Cost": 48167.85,
                  "Total Cost": 79031.91,
                  "Plan Rows": 201383,
                  "Plan Width": 0,
                  "Actual Startup Time": 185.465,
                  "Actual Total Time": 380.687,
                  "Actual Rows": 283744,
                  "Actual Loops": 4,
                  "Inner Unique": true,
                  "Hash Cond": "(mc.movie_id = t.id)",
                  "Plans": [
                    {
                      "Node Type": "Seq Scan",
                      "Parent Relationship": "Outer",
                      "Parallel Aware": true,
                      "Relation Name": "movie_companies",
                      "Alias": "mc",
                      "Startup Cost": 0.0,
                      "Total Cost": 29310.68,
                      "Plan Rows": 591765,
                      "Plan Width": 4,
                      "Actual Startup Time": 0.483,
                      "Actual Total Time": 73.562,
                      "Actual Rows": 460597,
                      "Actual Loops": 4,
                      "Filter": "(company_id > 1599)",
                      "Rows Removed by Filter": 191685
                    },
                    {
                      "Node Type": "Hash",
                      "Parent Relationship": "Inner",
                      "Parallel Aware": true,
                      "Startup Cost": 45479.1,
                      "Total Cost": 45479.1,
                      "Plan Rows": 215100,
                      "Plan Width": 4,
                      "Actual Startup Time": 179.705,
                      "Actual Total Time": 179.706,
                      "Actual Rows": 192488,
                      "Actual Loops": 4,
                      "Hash Buckets": 1048576,
                      "Original Hash Buckets": 1048576,
                      "Hash Batches": 1,
                      "Original Hash Batches": 1,
                      "Peak Memory Usage": 38368,
                      "Plans": [
                        {
                          "Node Type": "Seq Scan",
                          "Parent Relationship": "Outer",
                          "Parallel Aware": true,
                          "Relation Name": "title",
                          "Alias": "t",
                          "Startup Cost": 0.0,
                          "Total Cost": 45479.1,
                          "Plan Rows": 215100,
                          "Plan Width": 4,
                          "Actual Startup Time": 0.043,
                          "Actual Total Time": 109.966,
                          "Actual Rows": 192488,
                          "Actual Loops": 4,
                          "Filter": "((kind_id < 7) AND (production_year > 1962))",
                          "Rows Removed by Filter": 439590
                        }
                      ]
                    }
                  ]
                }
              ]
            }
          ]
        }
      ]
    },
    "Planning Time": 0.658,
    "Triggers": [],
    "Execution Time": 421.501
  }
]