[
    {
        "Bao": {
            "Bao prediction": "NaN",
            "Bao recommended hint": "(no hint)"
        }
    },
    {
        "Plan": {
            "Node Type": "Aggregate",
            "Strategy": "Plain",
            "Partial Mode": "Finalize",
            "Parallel Aware": false,
            "Startup Cost": 588878.35,
            "Total Cost": 588878.36,
            "Plan Rows": 1,
            "Plan Width": 8,
            "Actual Startup Time": 2309.225,
            "Actual Total Time": 2346.482,
            "Actual Rows": 1,
            "Actual Loops": 1,
            "Output": [
                "count(*)"
            ],
            "Plans": [
                {
                    "Node Type": "Gather",
                    "Parent Relationship": "Outer",
                    "Parallel Aware": false,
                    "Startup Cost": 588877.73,
                    "Total Cost": 588878.34,
                    "Plan Rows": 6,
                    "Plan Width": 8,
                    "Actual Startup Time": 2286.761,
                    "Actual Total Time": 2346.471,
                    "Actual Rows": 7,
                    "Actual Loops": 1,
                    "Output": [
                        "(PARTIAL count(*))"
                    ],
                    "Workers Planned": 6,
                    "Workers Launched": 6,
                    "Single Copy": false,
                    "Plans": [
                        {
                            "Node Type": "Aggregate",
                            "Strategy": "Plain",
                            "Partial Mode": "Partial",
                            "Parent Relationship": "Outer",
                            "Parallel Aware": false,
                            "Startup Cost": 587877.73,
                            "Total Cost": 587877.74,
                            "Plan Rows": 1,
                            "Plan Width": 8,
                            "Actual Startup Time": 2269.002,
                            "Actual Total Time": 2269.088,
                            "Actual Rows": 1,
                            "Actual Loops": 7,
                            "Output": [
                                "PARTIAL count(*)"
                            ],
                            "Workers": [
                                {
                                    "Worker Number": 0,
                                    "Actual Startup Time": 2265.703,
                                    "Actual Total Time": 2265.708,
                                    "Actual Rows": 1,
                                    "Actual Loops": 1
                                },
                                {
                                    "Worker Number": 1,
                                    "Actual Startup Time": 2265.85,
                                    "Actual Total Time": 2265.856,
                                    "Actual Rows": 1,
                                    "Actual Loops": 1
                                },
                                {
                                    "Worker Number": 2,
                                    "Actual Startup Time": 2267.157,
                                    "Actual Total Time": 2267.162,
                                    "Actual Rows": 1,
                                    "Actual Loops": 1
                                },
                                {
                                    "Worker Number": 3,
                                    "Actual Startup Time": 2266.053,
                                    "Actual Total Time": 2266.058,
                                    "Actual Rows": 1,
                                    "Actual Loops": 1
                                },
                                {
                                    "Worker Number": 4,
                                    "Actual Startup Time": 2266.218,
                                    "Actual Total Time": 2266.224,
                                    "Actual Rows": 1,
                                    "Actual Loops": 1
                                },
                                {
                                    "Worker Number": 5,
                                    "Actual Startup Time": 2266.37,
                                    "Actual Total Time": 2266.375,
                                    "Actual Rows": 1,
                                    "Actual Loops": 1
                                }
                            ],
                            "Plans": [
                                {
                                    "Node Type": "Hash Join",
                                    "Parent Relationship": "Outer",
                                    "Parallel Aware": true,
                                    "Join Type": "Inner",
                                    "Startup Cost": 241481.95,
                                    "Total Cost": 584460.23,
                                    "Plan Rows": 1366999,
                                    "Plan Width": 0,
                                    "Actual Startup Time": 590.338,
                                    "Actual Total Time": 2174.347,
                                    "Actual Rows": 1727504,
                                    "Actual Loops": 7,
                                    "Inner Unique": false,
                                    "Hash Cond": "(ci.movie_id = t.id)",
                                    "Workers": [
                                        {
                                            "Worker Number": 0,
                                            "Actual Startup Time": 587.181,
                                            "Actual Total Time": 2165.111,
                                            "Actual Rows": 1488589,
                                            "Actual Loops": 1
                                        },
                                        {
                                            "Worker Number": 1,
                                            "Actual Startup Time": 587.413,
                                            "Actual Total Time": 2166.634,
                                            "Actual Rows": 1488904,
                                            "Actual Loops": 1
                                        },
                                        {
                                            "Worker Number": 2,
                                            "Actual Startup Time": 587.494,
                                            "Actual Total Time": 2167.277,
                                            "Actual Rows": 1507551,
                                            "Actual Loops": 1
                                        },
                                        {
                                            "Worker Number": 3,
                                            "Actual Startup Time": 587.481,
                                            "Actual Total Time": 2176.464,
                                            "Actual Rows": 1987451,
                                            "Actual Loops": 1
                                        },
                                        {
                                            "Worker Number": 4,
                                            "Actual Startup Time": 587.734,
                                            "Actual Total Time": 2184.41,
                                            "Actual Rows": 2012994,
                                            "Actual Loops": 1
                                        },
                                        {
                                            "Worker Number": 5,
                                            "Actual Startup Time": 587.9,
                                            "Actual Total Time": 2177.635,
                                            "Actual Rows": 1976037,
                                            "Actual Loops": 1
                                        }
                                    ],
                                    "Plans": [
                                        {
                                            "Node Type": "Seq Scan",
                                            "Parent Relationship": "Outer",
                                            "Parallel Aware": true,
                                            "Relation Name": "cast_info",
                                            "Schema": "public",
                                            "Alias": "ci",
                                            "Startup Cost": 0.0,
                                            "Total Cost": 328213.62,
                                            "Plan Rows": 3208177,
                                            "Plan Width": 4,
                                            "Actual Startup Time": 0.03,
                                            "Actual Total Time": 612.413,
                                            "Actual Rows": 2738166,
                                            "Actual Loops": 7,
                                            "Output": [
                                                "ci.id",
                                                "ci.person_id",
                                                "ci.movie_id",
                                                "ci.person_role_id",
                                                "ci.note",
                                                "ci.nr_order",
                                                "ci.role_id"
                                            ],
                                            "Filter": "(ci.person_id < 1915066)",
                                            "Rows Removed by Filter": 2439597,
                                            "Workers": [
                                                {
                                                    "Worker Number": 0,
                                                    "Actual Startup Time": 0.031,
                                                    "Actual Total Time": 639.341,
                                                    "Actual Rows": 2363720,
                                                    "Actual Loops": 1
                                                },
                                                {
                                                    "Worker Number": 1,
                                                    "Actual Startup Time": 0.038,
                                                    "Actual Total Time": 638.526,
                                                    "Actual Rows": 2356162,
                                                    "Actual Loops": 1
                                                },
                                                {
                                                    "Worker Number": 2,
                                                    "Actual Startup Time": 0.033,
                                                    "Actual Total Time": 641.906,
                                                    "Actual Rows": 2379619,
                                                    "Actual Loops": 1
                                                },
                                                {
                                                    "Worker Number": 3,
                                                    "Actual Startup Time": 0.031,
                                                    "Actual Total Time": 598.996,
                                                    "Actual Rows": 3160759,
                                                    "Actual Loops": 1
                                                },
                                                {
                                                    "Worker Number": 4,
                                                    "Actual Startup Time": 0.029,
                                                    "Actual Total Time": 600.869,
                                                    "Actual Rows": 3192287,
                                                    "Actual Loops": 1
                                                },
                                                {
                                                    "Worker Number": 5,
                                                    "Actual Startup Time": 0.029,
                                                    "Actual Total Time": 595.202,
                                                    "Actual Rows": 3123731,
                                                    "Actual Loops": 1
                                                }
                                            ]
                                        },
                                        {
                                            "Node Type": "Hash",
                                            "Parent Relationship": "Inner",
                                            "Parallel Aware": true,
                                            "Startup Cost": 238788.66,
                                            "Total Cost": 238788.66,
                                            "Plan Rows": 215463,
                                            "Plan Width": 8,
                                            "Actual Startup Time": 585.117,
                                            "Actual Total Time": 585.201,
                                            "Actual Rows": 171576,
                                            "Actual Loops": 7,
                                            "Output": [
                                                "t.id",
                                                "mi.movie_id"
                                            ],
                                            "Hash Buckets": 2097152,
                                            "Original Hash Buckets": 2097152,
                                            "Hash Batches": 1,
                                            "Original Hash Batches": 1,
                                            "Peak Memory Usage": 63456,
                                            "Workers": [
                                                {
                                                    "Worker Number": 0,
                                                    "Actual Startup Time": 586.704,
                                                    "Actual Total Time": 586.707,
                                                    "Actual Rows": 154619,
                                                    "Actual Loops": 1
                                                },
                                                {
                                                    "Worker Number": 1,
                                                    "Actual Startup Time": 586.843,
                                                    "Actual Total Time": 586.847,
                                                    "Actual Rows": 168247,
                                                    "Actual Loops": 1
                                                },
                                                {
                                                    "Worker Number": 2,
                                                    "Actual Startup Time": 586.937,
                                                    "Actual Total Time": 586.941,
                                                    "Actual Rows": 155349,
                                                    "Actual Loops": 1
                                                },
                                                {
                                                    "Worker Number": 3,
                                                    "Actual Startup Time": 586.893,
                                                    "Actual Total Time": 586.896,
                                                    "Actual Rows": 194615,
                                                    "Actual Loops": 1
                                                },
                                                {
                                                    "Worker Number": 4,
                                                    "Actual Startup Time": 587.14,
                                                    "Actual Total Time": 587.143,
                                                    "Actual Rows": 175070,
                                                    "Actual Loops": 1
                                                },
                                                {
                                                    "Worker Number": 5,
                                                    "Actual Startup Time": 587.349,
                                                    "Actual Total Time": 587.353,
                                                    "Actual Rows": 200353,
                                                    "Actual Loops": 1
                                                }
                                            ],
                                            "Plans": [
                                                {
                                                    "Node Type": "Hash Join",
                                                    "Parent Relationship": "Outer",
                                                    "Parallel Aware": true,
                                                    "Join Type": "Inner",
                                                    "Startup Cost": 73085.08,
                                                    "Total Cost": 238788.66,
                                                    "Plan Rows": 215463,
                                                    "Plan Width": 8,
                                                    "Actual Startup Time": 363.903,
                                                    "Actual Total Time": 492.687,
                                                    "Actual Rows": 171576,
                                                    "Actual Loops": 7,
                                                    "Output": [
                                                        "t.id",
                                                        "mi.movie_id"
                                                    ],
                                                    "Inner Unique": true,
                                                    "Hash Cond": "(mi.movie_id = t.id)",
                                                    "Workers": [
                                                        {
                                                            "Worker Number": 0,
                                                            "Actual Startup Time": 364.155,
                                                            "Actual Total Time": 492.057,
                                                            "Actual Rows": 154619,
                                                            "Actual Loops": 1
                                                        },
                                                        {
                                                            "Worker Number": 1,
                                                            "Actual Startup Time": 363.486,
                                                            "Actual Total Time": 492.522,
                                                            "Actual Rows": 168247,
                                                            "Actual Loops": 1
                                                        },
                                                        {
                                                            "Worker Number": 2,
                                                            "Actual Startup Time": 363.775,
                                                            "Actual Total Time": 491.845,
                                                            "Actual Rows": 155349,
                                                            "Actual Loops": 1
                                                        },
                                                        {
                                                            "Worker Number": 3,
                                                            "Actual Startup Time": 364.259,
                                                            "Actual Total Time": 492.115,
                                                            "Actual Rows": 194615,
                                                            "Actual Loops": 1
                                                        },
                                                        {
                                                            "Worker Number": 4,
                                                            "Actual Startup Time": 363.711,
                                                            "Actual Total Time": 490.451,
                                                            "Actual Rows": 175070,
                                                            "Actual Loops": 1
                                                        },
                                                        {
                                                            "Worker Number": 5,
                                                            "Actual Startup Time": 363.893,
                                                            "Actual Total Time": 492.045,
                                                            "Actual Rows": 200353,
                                                            "Actual Loops": 1
                                                        }
                                                    ],
                                                    "Plans": [
                                                        {
                                                            "Node Type": "Bitmap Heap Scan",
                                                            "Parent Relationship": "Outer",
                                                            "Parallel Aware": true,
                                                            "Relation Name": "movie_info",
                                                            "Schema": "public",
                                                            "Alias": "mi",
                                                            "Startup Cost": 22246.9,
                                                            "Total Cost": 187306.49,
                                                            "Plan Rows": 245328,
                                                            "Plan Width": 4,
                                                            "Actual Startup Time": 78.086,
                                                            "Actual Total Time": 107.57,
                                                            "Actual Rows": 185570,
                                                            "Actual Loops": 7,
                                                            "Output": [
                                                                "mi.id",
                                                                "mi.movie_id",
                                                                "mi.info_type_id",
                                                                "mi.info",
                                                                "mi.note"
                                                            ],
                                                            "Recheck Cond": "(mi.info_type_id = 4)",
                                                            "Rows Removed by Index Recheck": 0,
                                                            "Exact Heap Blocks": 1063,
                                                            "Lossy Heap Blocks": 0,
                                                            "Workers": [
                                                                {
                                                                    "Worker Number": 0,
                                                                    "Actual Startup Time": 78.418,
                                                                    "Actual Total Time": 109.194,
                                                                    "Actual Rows": 166786,
                                                                    "Actual Loops": 1
                                                                },
                                                                {
                                                                    "Worker Number": 1,
                                                                    "Actual Startup Time": 77.822,
                                                                    "Actual Total Time": 108.318,
                                                                    "Actual Rows": 182141,
                                                                    "Actual Loops": 1
                                                                },
                                                                {
                                                                    "Worker Number": 2,
                                                                    "Actual Startup Time": 77.949,
                                                                    "Actual Total Time": 108.87,
                                                                    "Actual Rows": 168288,
                                                                    "Actual Loops": 1
                                                                },
                                                                {
                                                                    "Worker Number": 3,
                                                                    "Actual Startup Time": 78.436,
                                                                    "Actual Total Time": 106.996,
                                                                    "Actual Rows": 210835,
                                                                    "Actual Loops": 1
                                                                },
                                                                {
                                                                    "Worker Number": 4,
                                                                    "Actual Startup Time": 77.991,
                                                                    "Actual Total Time": 107.426,
                                                                    "Actual Rows": 189864,
                                                                    "Actual Loops": 1
                                                                },
                                                                {
                                                                    "Worker Number": 5,
                                                                    "Actual Startup Time": 78.072,
                                                                    "Actual Total Time": 105.926,
                                                                    "Actual Rows": 216244,
                                                                    "Actual Loops": 1
                                                                }
                                                            ],
                                                            "Plans": [
                                                                {
                                                                    "Node Type": "Bitmap Index Scan",
                                                                    "Parent Relationship": "Outer",
                                                                    "Parallel Aware": false,
                                                                    "Index Name": "info_type_id_movie_info",
                                                                    "Startup Cost": 0.0,
                                                                    "Total Cost": 21940.24,
                                                                    "Plan Rows": 1226640,
                                                                    "Plan Width": 0,
                                                                    "Actual Startup Time": 75.889,
                                                                    "Actual Total Time": 75.89,
                                                                    "Actual Rows": 1298989,
                                                                    "Actual Loops": 1,
                                                                    "Index Cond": "(mi.info_type_id = 4)",
                                                                    "Workers": [
                                                                        {
                                                                            "Worker Number": 1,
                                                                            "Actual Startup Time": 75.889,
                                                                            "Actual Total Time": 75.89,
                                                                            "Actual Rows": 1298989,
                                                                            "Actual Loops": 1
                                                                        }
                                                                    ]
                                                                }
                                                            ]
                                                        },
                                                        {
                                                            "Node Type": "Hash",
                                                            "Parent Relationship": "Inner",
                                                            "Parallel Aware": true,
                                                            "Startup Cost": 43899.01,
                                                            "Total Cost": 43899.01,
                                                            "Plan Rows": 555134,
                                                            "Plan Width": 4,
                                                            "Actual Startup Time": 279.634,
                                                            "Actual Total Time": 279.635,
                                                            "Actual Rows": 317796,
                                                            "Actual Loops": 7,
                                                            "Output": [
                                                                "t.id"
                                                            ],
                                                            "Hash Buckets": 4194304,
                                                            "Original Hash Buckets": 4194304,
                                                            "Hash Batches": 1,
                                                            "Original Hash Batches": 1,
                                                            "Peak Memory Usage": 119936,
                                                            "Workers": [
                                                                {
                                                                    "Worker Number": 0,
                                                                    "Actual Startup Time": 285.596,
                                                                    "Actual Total Time": 285.597,
                                                                    "Actual Rows": 281573,
                                                                    "Actual Loops": 1
                                                                },
                                                                {
                                                                    "Worker Number": 1,
                                                                    "Actual Startup Time": 285.576,
                                                                    "Actual Total Time": 285.578,
                                                                    "Actual Rows": 277697,
                                                                    "Actual Loops": 1
                                                                },
                                                                {
                                                                    "Worker Number": 2,
                                                                    "Actual Startup Time": 285.526,
                                                                    "Actual Total Time": 285.526,
                                                                    "Actual Rows": 281309,
                                                                    "Actual Loops": 1
                                                                },
                                                                {
                                                                    "Worker Number": 3,
                                                                    "Actual Startup Time": 285.516,
                                                                    "Actual Total Time": 285.517,
                                                                    "Actual Rows": 360551,
                                                                    "Actual Loops": 1
                                                                },
                                                                {
                                                                    "Worker Number": 4,
                                                                    "Actual Startup Time": 285.486,
                                                                    "Actual Total Time": 285.487,
                                                                    "Actual Rows": 338658,
                                                                    "Actual Loops": 1
                                                                },
                                                                {
                                                                    "Worker Number": 5,
                                                                    "Actual Startup Time": 285.505,
                                                                    "Actual Total Time": 285.507,
                                                                    "Actual Rows": 358332,
                                                                    "Actual Loops": 1
                                                                }
                                                            ],
                                                            "Plans": [
                                                                {
                                                                    "Node Type": "Seq Scan",
                                                                    "Parent Relationship": "Outer",
                                                                    "Parallel Aware": true,
                                                                    "Relation Name": "title",
                                                                    "Schema": "public",
                                                                    "Alias": "t",
                                                                    "Startup Cost": 0.0,
                                                                    "Total Cost": 43899.01,
                                                                    "Plan Rows": 555134,
                                                                    "Plan Width": 4,
                                                                    "Actual Startup Time": 0.077,
                                                                    "Actual Total Time": 87.118,
                                                                    "Actual Rows": 317796,
                                                                    "Actual Loops": 7,
                                                                    "Output": [
                                                                        "t.id"
                                                                    ],
                                                                    "Filter": "(t.production_year < 2012)",
                                                                    "Rows Removed by Filter": 43392,
                                                                    "Workers": [
                                                                        {
                                                                            "Worker Number": 0,
                                                                            "Actual Startup Time": 0.12,
                                                                            "Actual Total Time": 92.659,
                                                                            "Actual Rows": 281573,
                                                                            "Actual Loops": 1
                                                                        },
                                                                        {
                                                                            "Worker Number": 1,
                                                                            "Actual Startup Time": 0.077,
                                                                            "Actual Total Time": 91.593,
                                                                            "Actual Rows": 277697,
                                                                            "Actual Loops": 1
                                                                        },
                                                                        {
                                                                            "Worker Number": 2,
                                                                            "Actual Startup Time": 0.074,
                                                                            "Actual Total Time": 92.02,
                                                                            "Actual Rows": 281309,
                                                                            "Actual Loops": 1
                                                                        },
                                                                        {
                                                                            "Worker Number": 3,
                                                                            "Actual Startup Time": 0.067,
                                                                            "Actual Total Time": 85.585,
                                                                            "Actual Rows": 360551,
                                                                            "Actual Loops": 1
                                                                        },
                                                                        {
                                                                            "Worker Number": 4,
                                                                            "Actual Startup Time": 0.101,
                                                                            "Actual Total Time": 82.745,
                                                                            "Actual Rows": 338658,
                                                                            "Actual Loops": 1
                                                                        },
                                                                        {
                                                                            "Worker Number": 5,
                                                                            "Actual Startup Time": 0.077,
                                                                            "Actual Total Time": 85.77,
                                                                            "Actual Rows": 358332,
                                                                            "Actual Loops": 1
                                                                        }
                                                                    ]
                                                                }
                                                            ]
                                                        }
                                                    ]
                                                }
                                            ]
                                        }
                                    ]
                                }
                            ]
                        }
                    ]
                }
            ]
        },
        "Planning Time": 265.69,
        "Triggers": [],
        "Execution Time": 2346.683
    }
]