[
  {
    "Plan": {
      "Node Type": "Aggregate",
      "Strategy": "Plain",
      "Partial Mode": "Finalize",
      "Parallel Aware": false,
      "Startup Cost": 30931.01,
      "Total Cost": 30931.02,
      "Plan Rows": 1,
      "Plan Width": 8,
      "Actual Startup Time": 109.957,
      "Actual Total Time": 119.903,
      "Actual Rows": 1,
      "Actual Loops": 1,
      "Plans": [
        {
          "Node Type": "Gather",
          "Parent Relationship": "Outer",
          "Parallel Aware": false,
          "Startup Cost": 30930.7,
          "Total Cost": 30931.01,
          "Plan Rows": 3,
          "Plan Width": 8,
          "Actual Startup Time": 109.827,
          "Actual Total Time": 119.885,
          "Actual Rows": 4,
          "Actual Loops": 1,
          "Workers Planned": 3,
          "Workers Launched": 3,
          "Single Copy": false,
          "Plans": [
            {
              "Node Type": "Aggregate",
              "Strategy": "Plain",
              "Partial Mode": "Partial",
              "Parent Relationship": "Outer",
              "Parallel Aware": false,
              "Startup Cost": 29930.7,
              "Total Cost": 29930.71,
              "Plan Rows": 1,
              "Plan Width": 8,
              "Actual Startup Time": 101.235,
              "Actual Total Time": 101.238,
              "Actual Rows": 1,
              "Actual Loops": 4,
              "Plans": [
                {
                  "Node Type": "Seq Scan",
                  "Parent Relationship": "Outer",
                  "Parallel Aware": true,
                  "Relation Name": "movie_companies",
                  "Alias": "mc",
                  "Startup Cost": 0.0,
                  "Total Cost": 29310.68,
                  "Plan Rows": 248006,
                  "Plan Width": 0,
                  "Actual Startup Time": 0.043,
                  "Actual Total Time": 87.616,
                  "Actual Rows": 191775,
                  "Actual Loops": 4,
                  "Filter": "(company_id < 1605)",
                  "Rows Removed by Filter": 460508
                }
              ]
            }
          ]
        }
      ]
    },
    "Planning Time": 0.203,
    "Triggers": [],
    "Execution Time": 119.96
  }
]