[
  {
    "Plan": {
      "Node Type": "Aggregate",
      "Strategy": "Plain",
      "Partial Mode": "Finalize",
      "Parallel Aware": false,
      "Startup Cost": 81728.02,
      "Total Cost": 81728.03,
      "Plan Rows": 1,
      "Plan Width": 8,
      "Actual Startup Time": 300.595,
      "Actual Total Time": 316.712,
      "Actual Rows": 1,
      "Actual Loops": 1,
      "Plans": [
        {
          "Node Type": "Gather",
          "Parent Relationship": "Outer",
          "Parallel Aware": false,
          "Startup Cost": 81727.6,
          "Total Cost": 81728.01,
          "Plan Rows": 4,
          "Plan Width": 8,
          "Actual Startup Time": 295.088,
          "Actual Total Time": 316.7,
          "Actual Rows": 5,
          "Actual Loops": 1,
          "Workers Planned": 4,
          "Workers Launched": 4,
          "Single Copy": false,
          "Plans": [
            {
              "Node Type": "Aggregate",
              "Strategy": "Plain",
              "Partial Mode": "Partial",
              "Parent Relationship": "Outer",
              "Parallel Aware": false,
              "Startup Cost": 80727.6,
              "Total Cost": 80727.61,
              "Plan Rows": 1,
              "Plan Width": 8,
              "Actual Startup Time": 285.509,
              "Actual Total Time": 285.604,
              "Actual Rows": 1,
              "Actual Loops": 5,
              "Plans": [
                {
                  "Node Type": "Hash Join",
                  "Parent Relationship": "Outer",
                  "Parallel Aware": true,
                  "Join Type": "Inner",
                  "Startup Cost": 33390.61,
                  "Total Cost": 80580.26,
                  "Plan Rows": 58934,
                  "Plan Width": 0,
                  "Actual Startup Time": 136.24,
                  "Actual Total Time": 284.22,
                  "Actual Rows": 28339,
                  "Actual Loops": 5,
                  "Inner Unique": false,
                  "Hash Cond": "(t.id = mc.movie_id)",
                  "Plans": [
                    {
                      "Node Type": "Seq Scan",
                      "Parent Relationship": "Outer",
                      "Parallel Aware": true,
                      "Relation Name": "title",
                      "Alias": "t",
                      "Startup Cost": 0.0,
                      "Total Cost": 45479.1,
                      "Plan Rows": 304090,
                      "Plan Width": 4,
                      "Actual Startup Time": 0.013,
                      "Actual Total Time": 77.901,
                      "Actual Rows": 260220,
                      "Actual Loops": 5,
                      "Filter": "((production_year > 1976) AND (kind_id = 7))",
                      "Rows Removed by Filter": 245442
                    },
                    {
                      "Node Type": "Hash",
                      "Parent Relationship": "Inner",
                      "Parallel Aware": true,
                      "Startup Cost": 31414.82,
                      "Total Cost": 31414.82,
                      "Plan Rows": 158063,
                      "Plan Width": 4,
                      "Actual Startup Time": 133.336,
                      "Actual Total Time": 133.337,
                      "Actual Rows": 161639,
                      "Actual Loops": 5,
                      "Hash Buckets": 1048576,
                      "Original Hash Buckets": 524288,
                      "Hash Batches": 1,
                      "Original Hash Batches": 1,
                      "Peak Memory Usage": 44000,
                      "Plans": [
                        {
                          "Node Type": "Seq Scan",
                          "Parent Relationship": "Outer",
                          "Parallel Aware": true,
                          "Relation Name": "movie_companies",
                          "Alias": "mc",
                          "Startup Cost": 0.0,
                          "Total Cost": 31414.82,
                          "Plan Rows": 158063,
                          "Plan Width": 4,
                          "Actual Startup Time": 42.257,
                          "Actual Total Time": 74.327,
                          "Actual Rows": 161639,
                          "Actual Loops": 5,
                          "Filter": "((company_id > 17461) AND (company_type_id = 2))",
                          "Rows Removed by Filter": 360187
                        }
                      ]
                    }
                  ]
                }
              ]
            }
          ]
        }
      ]
    },
    "Planning Time": 0.749,
    "Triggers": [],
    "Execution Time": 316.785
  }
]