[
  {
    "Plan": {
      "Node Type": "Aggregate",
      "Strategy": "Plain",
      "Partial Mode": "Finalize",
      "Parallel Aware": false,
      "Startup Cost": 34844.42,
      "Total Cost": 34844.43,
      "Plan Rows": 1,
      "Plan Width": 8,
      "Actual Startup Time": 30.501,
      "Actual Total Time": 34.171,
      "Actual Rows": 1,
      "Actual Loops": 1,
      "Plans": [
        {
          "Node Type": "Gather",
          "Parent Relationship": "Outer",
          "Parallel Aware": false,
          "Startup Cost": 34844.21,
          "Total Cost": 34844.42,
          "Plan Rows": 2,
          "Plan Width": 8,
          "Actual Startup Time": 30.383,
          "Actual Total Time": 34.165,
          "Actual Rows": 3,
          "Actual Loops": 1,
          "Workers Planned": 2,
          "Workers Launched": 2,
          "Single Copy": false,
          "Plans": [
            {
              "Node Type": "Aggregate",
              "Strategy": "Plain",
              "Partial Mode": "Partial",
              "Parent Relationship": "Outer",
              "Parallel Aware": false,
              "Startup Cost": 33844.21,
              "Total Cost": 33844.22,
              "Plan Rows": 1,
              "Plan Width": 8,
              "Actual Startup Time": 22.578,
              "Actual Total Time": 22.579,
              "Actual Rows": 1,
              "Actual Loops": 3,
              "Plans": [
                {
                  "Node Type": "Nested Loop",
                  "Parent Relationship": "Outer",
                  "Parallel Aware": false,
                  "Join Type": "Inner",
                  "Startup Cost": 139.11,
                  "Total Cost": 33843.88,
                  "Plan Rows": 130,
                  "Plan Width": 0,
                  "Actual Startup Time": 7.746,
                  "Actual Total Time": 22.564,
                  "Actual Rows": 42,
                  "Actual Loops": 3,
                  "Inner Unique": true,
                  "Plans": [
                    {
                      "Node Type": "Bitmap Heap Scan",
                      "Parent Relationship": "Outer",
                      "Parallel Aware": true,
                      "Relation Name": "movie_keyword",
                      "Alias": "mk",
                      "Startup Cost": 138.68,
                      "Total Cost": 14764.11,
                      "Plan Rows": 2702,
                      "Plan Width": 4,
                      "Actual Startup Time": 0.781,
                      "Actual Total Time": 7.743,
                      "Actual Rows": 1921,
                      "Actual Loops": 3,
                      "Recheck Cond": "(keyword_id = 750)",
                      "Rows Removed by Index Recheck": 0,
                      "Exact Heap Blocks": 3744,
                      "Lossy Heap Blocks": 0,
                      "Plans": [
                        {
                          "Node Type": "Bitmap Index Scan",
                          "Parent Relationship": "Outer",
                          "Parallel Aware": false,
                          "Index Name": "keyword_id_movie_keyword",
                          "Startup Cost": 0.0,
                          "Total Cost": 137.06,
                          "Plan Rows": 6484,
                          "Plan Width": 0,
                          "Actual Startup Time": 1.405,
                          "Actual Total Time": 1.406,
                          "Actual Rows": 5762,
                          "Actual Loops": 1,
                          "Index Cond": "(keyword_id = 750)"
                        }
                      ]
                    },
                    {
                      "Node Type": "Index Scan",
                      "Parent Relationship": "Inner",
                      "Parallel Aware": false,
                      "Scan Direction": "Forward",
                      "Index Name": "title_pkey",
                      "Relation Name": "title",
                      "Alias": "t",
                      "Startup Cost": 0.43,
                      "Total Cost": 7.06,
                      "Plan Rows": 1,
                      "Plan Width": 4,
                      "Actual Startup Time": 0.007,
                      "Actual Total Time": 0.007,
                      "Actual Rows": 0,
                      "Actual Loops": 5762,
                      "Index Cond": "(id = mk.movie_id)",
                      "Rows Removed by Index Recheck": 0,
                      "Filter": "(kind_id = 4)",
                      "Rows Removed by Filter": 1
                    }
                  ]
                }
              ]
            }
          ]
        }
      ]
    },
    "Planning Time": 0.258,
    "Triggers": [],
    "Execution Time": 34.222
  }
]