{
  "Plan": {
    "Node Type": "Aggregate",
    "Strategy": "Plain",
    "Partial Mode": "Finalize",
    "Parallel Aware": false,
    "Startup Cost": 624777.17,
    "Total Cost": 624777.18,
    "Plan Rows": 1,
    "Plan Width": 8,
    "Actual Startup Time": 3479.597,
    "Actual Total Time": 3550.246,
    "Actual Rows": 1,
    "Actual Loops": 1,
    "Plans": [
      {
        "Node Type": "Gather",
        "Parent Relationship": "Outer",
        "Parallel Aware": false,
        "Startup Cost": 624777.06,
        "Total Cost": 624777.17,
        "Plan Rows": 1,
        "Plan Width": 8,
        "Actual Startup Time": 3476.996,
        "Actual Total Time": 3550.236,
        "Actual Rows": 2,
        "Actual Loops": 1,
        "Workers Planned": 1,
        "Workers Launched": 1,
        "Single Copy": false,
        "Plans": [
          {
            "Node Type": "Aggregate",
            "Strategy": "Plain",
            "Partial Mode": "Partial",
            "Parent Relationship": "Outer",
            "Parallel Aware": false,
            "Startup Cost": 623777.06,
            "Total Cost": 623777.07,
            "Plan Rows": 1,
            "Plan Width": 8,
            "Actual Startup Time": 3471.278,
            "Actual Total Time": 3471.283,
            "Actual Rows": 1,
            "Actual Loops": 2,
            "Plans": [
              {
                "Node Type": "Hash Join",
                "Parent Relationship": "Outer",
                "Parallel Aware": true,
                "Join Type": "Inner",
                "Startup Cost": 99892.17,
                "Total Cost": 623559.09,
                "Plan Rows": 87189,
                "Plan Width": 0,
                "Actual Startup Time": 363.637,
                "Actual Total Time": 3463.775,
                "Actual Rows": 135456,
                "Actual Loops": 2,
                "Inner Unique": false,
                "Hash Cond": "(t.id = mc.movie_id)",
                "Plans": [
                  {
                    "Node Type": "Hash Join",
                    "Parent Relationship": "Outer",
                    "Parallel Aware": true,
                    "Join Type": "Inner",
                    "Startup Cost": 54786.69,
                    "Total Cost": 576520.04,
                    "Plan Rows": 227309,
                    "Plan Width": 8,
                    "Actual Startup Time": 117.148,
                    "Actual Total Time": 3122.737,
                    "Actual Rows": 189776,
                    "Actual Loops": 2,
                    "Inner Unique": true,
                    "Hash Cond": "(ci.movie_id = t.id)",
                    "Plans": [
                      {
                        "Node Type": "Seq Scan",
                        "Parent Relationship": "Outer",
                        "Parallel Aware": true,
                        "Relation Name": "cast_info",
                        "Alias": "ci",
                        "Startup Cost": 0.0,
                        "Total Cost": 465792.95,
                        "Plan Rows": 21310595,
                        "Plan Width": 4,
                        "Actual Startup Time": 0.009,
                        "Actual Total Time": 1308.215,
                        "Actual Rows": 18122172,
                        "Actual Loops": 2
                      },
                      {
                        "Node Type": "Hash",
                        "Parent Relationship": "Inner",
                        "Parallel Aware": true,
                        "Startup Cost": 54588.39,
                        "Total Cost": 54588.39,
                        "Plan Rows": 15864,
                        "Plan Width": 4,
                        "Actual Startup Time": 116.847,
                        "Actual Total Time": 116.848,
                        "Actual Rows": 12458,
                        "Actual Loops": 2,
                        "Hash Buckets": 32768,
                        "Original Hash Buckets": 32768,
                        "Hash Batches": 1,
                        "Original Hash Batches": 1,
                        "Peak Memory Usage": 1280,
                        "Plans": [
                          {
                            "Node Type": "Seq Scan",
                            "Parent Relationship": "Outer",
                            "Parallel Aware": true,
                            "Relation Name": "title",
                            "Alias": "t",
                            "Startup Cost": 0.0,
                            "Total Cost": 54588.39,
                            "Plan Rows": 15864,
                            "Plan Width": 4,
                            "Actual Startup Time": 0.022,
                            "Actual Total Time": 113.213,
                            "Actual Rows": 12458,
                            "Actual Loops": 2,
                            "Filter": "(production_year = 1992)",
                            "Rows Removed by Filter": 1251698
                          }
                        ]
                      }
                    ]
                  },
                  {
                    "Node Type": "Hash",
                    "Parent Relationship": "Inner",
                    "Parallel Aware": true,
                    "Startup Cost": 37974.77,
                    "Total Cost": 37974.77,
                    "Plan Rows": 570457,
                    "Plan Width": 4,
                    "Actual Startup Time": 236.936,
                    "Actual Total Time": 236.937,
                    "Actual Rows": 491615,
                    "Actual Loops": 2,
                    "Hash Buckets": 1048576,
                    "Original Hash Buckets": 1048576,
                    "Hash Batches": 1,
                    "Original Hash Batches": 1,
                    "Peak Memory Usage": 46688,
                    "Plans": [
                      {
                        "Node Type": "Seq Scan",
                        "Parent Relationship": "Outer",
                        "Parallel Aware": true,
                        "Relation Name": "movie_companies",
                        "Alias": "mc",
                        "Startup Cost": 0.0,
                        "Total Cost": 37974.77,
                        "Plan Rows": 570457,
                        "Plan Width": 4,
                        "Actual Startup Time": 29.741,
                        "Actual Total Time": 130.322,
                        "Actual Rows": 491615,
                        "Actual Loops": 2,
                        "Filter": "(company_id > 17298)",
                        "Rows Removed by Filter": 812950
                      }
                    ]
                  }
                ]
              }
            ]
          }
        ]
      }
    ]
  },
  "Planning Time": 0.973,
  "Triggers": [],
  "Execution Time": 3550.345
}