[
  {
    "Plan": {
      "Node Type": "Aggregate",
      "Strategy": "Plain",
      "Partial Mode": "Finalize",
      "Parallel Aware": false,
      "Startup Cost": 89415.4,
      "Total Cost": 89415.41,
      "Plan Rows": 1,
      "Plan Width": 8,
      "Actual Startup Time": 170.337,
      "Actual Total Time": 179.547,
      "Actual Rows": 1,
      "Actual Loops": 1,
      "Plans": [
        {
          "Node Type": "Gather",
          "Parent Relationship": "Outer",
          "Parallel Aware": false,
          "Startup Cost": 89414.98,
          "Total Cost": 89415.39,
          "Plan Rows": 4,
          "Plan Width": 8,
          "Actual Startup Time": 169.598,
          "Actual Total Time": 179.537,
          "Actual Rows": 5,
          "Actual Loops": 1,
          "Workers Planned": 4,
          "Workers Launched": 4,
          "Single Copy": false,
          "Plans": [
            {
              "Node Type": "Aggregate",
              "Strategy": "Plain",
              "Partial Mode": "Partial",
              "Parent Relationship": "Outer",
              "Parallel Aware": false,
              "Startup Cost": 88414.98,
              "Total Cost": 88414.99,
              "Plan Rows": 1,
              "Plan Width": 8,
              "Actual Startup Time": 159.307,
              "Actual Total Time": 159.311,
              "Actual Rows": 1,
              "Actual Loops": 5,
              "Plans": [
                {
                  "Node Type": "Hash Join",
                  "Parent Relationship": "Outer",
                  "Parallel Aware": true,
                  "Join Type": "Inner",
                  "Startup Cost": 38955.28,
                  "Total Cost": 88398.93,
                  "Plan Rows": 6420,
                  "Plan Width": 0,
                  "Actual Startup Time": 63.789,
                  "Actual Total Time": 158.813,
                  "Actual Rows": 7947,
                  "Actual Loops": 5,
                  "Inner Unique": true,
                  "Hash Cond": "(ci.movie_id = t.id)",
                  "Plans": [
                    {
                      "Node Type": "Index Scan",
                      "Parent Relationship": "Outer",
                      "Parallel Aware": true,
                      "Scan Direction": "Forward",
                      "Index Name": "role_id_cast_info",
                      "Relation Name": "cast_info",
                      "Alias": "ci",
                      "Startup Cost": 0.56,
                      "Total Cost": 49093.36,
                      "Plan Rows": 133658,
                      "Plan Width": 4,
                      "Actual Startup Time": 0.068,
                      "Actual Total Time": 64.291,
                      "Actual Rows": 165607,
                      "Actual Loops": 5,
                      "Index Cond": "(role_id = 8)",
                      "Rows Removed by Index Recheck": 0,
                      "Filter": "(person_id > 2615630)",
                      "Rows Removed by Filter": 175102
                    },
                    {
                      "Node Type": "Hash",
                      "Parent Relationship": "Inner",
                      "Parallel Aware": true,
                      "Startup Cost": 38575.19,
                      "Total Cost": 38575.19,
                      "Plan Rows": 30362,
                      "Plan Width": 4,
                      "Actual Startup Time": 62.014,
                      "Actual Total Time": 62.015,
                      "Actual Rows": 23647,
                      "Actual Loops": 5,
                      "Hash Buckets": 131072,
                      "Original Hash Buckets": 131072,
                      "Hash Batches": 1,
                      "Original Hash Batches": 1,
                      "Peak Memory Usage": 5760,
                      "Plans": [
                        {
                          "Node Type": "Bitmap Heap Scan",
                          "Parent Relationship": "Outer",
                          "Parallel Aware": true,
                          "Relation Name": "title",
                          "Alias": "t",
                          "Startup Cost": 2197.66,
                          "Total Cost": 38575.19,
                          "Plan Rows": 30362,
                          "Plan Width": 4,
                          "Actual Startup Time": 15.166,
                          "Actual Total Time": 50.854,
                          "Actual Rows": 23647,
                          "Actual Loops": 5,
                          "Recheck Cond": "(kind_id = 4)",
                          "Rows Removed by Index Recheck": 0,
                          "Exact Heap Blocks": 6194,
                          "Lossy Heap Blocks": 0,
                          "Plans": [
                            {
                              "Node Type": "Bitmap Index Scan",
                              "Parent Relationship": "Outer",
                              "Parallel Aware": false,
                              "Index Name": "kind_id_title",
                              "Startup Cost": 0.0,
                              "Total Cost": 2167.3,
                              "Plan Rows": 121449,
                              "Plan Width": 0,
                              "Actual Startup Time": 16.082,
                              "Actual Total Time": 16.082,
                              "Actual Rows": 118234,
                              "Actual Loops": 1,
                              "Index Cond": "(kind_id = 4)"
                            }
                          ]
                        }
                      ]
                    }
                  ]
                }
              ]
            }
          ]
        }
      ]
    },
    "Planning Time": 0.668,
    "Triggers": [],
    "Execution Time": 179.645
  }
]