{
  "Plan": {
    "Node Type": "Aggregate",
    "Strategy": "Plain",
    "Partial Mode": "Simple",
    "Parallel Aware": false,
    "Startup Cost": 180306.3,
    "Total Cost": 180306.31,
    "Plan Rows": 1,
    "Plan Width": 96,
    "Actual Startup Time": 7152.072,
    "Actual Total Time": 7152.078,
    "Actual Rows": 1,
    "Actual Loops": 1,
    "Plans": [
      {
        "Node Type": "Nested Loop",
        "Parent Relationship": "Outer",
        "Parallel Aware": false,
        "Join Type": "Inner",
        "Startup Cost": 3842.3,
        "Total Cost": 180306.05,
        "Plan Rows": 33,
        "Plan Width": 66,
        "Actual Startup Time": 66.945,
        "Actual Total Time": 7106.936,
        "Actual Rows": 297237,
        "Actual Loops": 1,
        "Inner Unique": true,
        "Plans": [
          {
            "Node Type": "Nested Loop",
            "Parent Relationship": "Outer",
            "Parallel Aware": false,
            "Join Type": "Inner",
            "Startup Cost": 3841.87,
            "Total Cost": 180266.6,
            "Plan Rows": 77,
            "Plan Width": 70,
            "Actual Startup Time": 66.931,
            "Actual Total Time": 5377.248,
            "Actual Rows": 474141,
            "Actual Loops": 1,
            "Inner Unique": false,
            "Join Filter": "(mi.movie_id = ci.movie_id)",
            "Rows Removed by Join Filter": 0,
            "Plans": [
              {
                "Node Type": "Nested Loop",
                "Parent Relationship": "Outer",
                "Parallel Aware": false,
                "Join Type": "Inner",
                "Startup Cost": 3841.3,
                "Total Cost": 180179.39,
                "Plan Rows": 43,
                "Plan Width": 78,
                "Actual Startup Time": 66.824,
                "Actual Total Time": 938.185,
                "Actual Rows": 96052,
                "Actual Loops": 1,
                "Inner Unique": true,
                "Join Filter": "(mi.movie_id = t.id)",
                "Rows Removed by Join Filter": 0,
                "Plans": [
                  {
                    "Node Type": "Hash Join",
                    "Parent Relationship": "Outer",
                    "Parallel Aware": false,
                    "Join Type": "Inner",
                    "Startup Cost": 3840.87,
                    "Total Cost": 180154.0,
                    "Plan Rows": 43,
                    "Plan Width": 57,
                    "Actual Startup Time": 66.814,
                    "Actual Total Time": 698.014,
                    "Actual Rows": 96052,
                    "Actual Loops": 1,
                    "Inner Unique": true,
                    "Hash Cond": "(mi_idx.info_type_id = it2.id)",
                    "Plans": [
                      {
                        "Node Type": "Nested Loop",
                        "Parent Relationship": "Outer",
                        "Parallel Aware": false,
                        "Join Type": "Inner",
                        "Startup Cost": 3838.45,
                        "Total Cost": 180138.23,
                        "Plan Rows": 4902,
                        "Plan Width": 61,
                        "Actual Startup Time": 66.75,
                        "Actual Total Time": 664.744,
                        "Actual Rows": 288373,
                        "Actual Loops": 1,
                        "Inner Unique": false,
                        "Plans": [
                          {
                            "Node Type": "Nested Loop",
                            "Parent Relationship": "Outer",
                            "Parallel Aware": false,
                            "Join Type": "Inner",
                            "Startup Cost": 3838.02,
                            "Total Cost": 178814.79,
                            "Plan Rows": 1611,
                            "Plan Width": 47,
                            "Actual Startup Time": 66.738,
                            "Actual Total Time": 341.123,
                            "Actual Rows": 178886,
                            "Actual Loops": 1,
                            "Inner Unique": false,
                            "Plans": [
                              {
                                "Node Type": "Seq Scan",
                                "Parent Relationship": "Outer",
                                "Parallel Aware": false,
                                "Relation Name": "info_type",
                                "Alias": "it1",
                                "Startup Cost": 0.0,
                                "Total Cost": 2.41,
                                "Plan Rows": 1,
                                "Plan Width": 4,
                                "Actual Startup Time": 0.016,
                                "Actual Total Time": 0.026,
                                "Actual Rows": 1,
                                "Actual Loops": 1,
                                "Filter": "((info)::text = 'genres'::text)",
                                "Rows Removed by Filter": 112
                              },
                              {
                                "Node Type": "Bitmap Heap Scan",
                                "Parent Relationship": "Inner",
                                "Parallel Aware": false,
                                "Relation Name": "movie_info",
                                "Alias": "mi",
                                "Startup Cost": 3838.02,
                                "Total Cost": 178786.0,
                                "Plan Rows": 2638,
                                "Plan Width": 51,
                                "Actual Startup Time": 66.712,
                                "Actual Total Time": 326.971,
                                "Actual Rows": 178886,
                                "Actual Loops": 1,
                                "Recheck Cond": "(info_type_id = it1.id)",
                                "Rows Removed by Index Recheck": 0,
                                "Filter": "(info = ANY ('{Sci-Fi,War,Thriller,Horror,Crime,Family}'::text[]))",
                                "Rows Removed by Filter": 1355023,
                                "Exact Heap Blocks": 9770,
                                "Lossy Heap Blocks": 0,
                                "Plans": [
                                  {
                                    "Node Type": "Bitmap Index Scan",
                                    "Parent Relationship": "Outer",
                                    "Parallel Aware": false,
                                    "Index Name": "info_type_id_movie_info",
                                    "Startup Cost": 0.0,
                                    "Total Cost": 3837.36,
                                    "Plan Rows": 215057,
                                    "Plan Width": 0,
                                    "Actual Startup Time": 65.592,
                                    "Actual Total Time": 65.592,
                                    "Actual Rows": 1533909,
                                    "Actual Loops": 1,
                                    "Index Cond": "(info_type_id = it1.id)"
                                  }
                                ]
                              }
                            ]
                          },
                          {
                            "Node Type": "Index Scan",
                            "Parent Relationship": "Inner",
                            "Parallel Aware": false,
                            "Scan Direction": "Forward",
                            "Index Name": "movie_id_movie_info_idx",
                            "Relation Name": "movie_info_idx",
                            "Alias": "mi_idx",
                            "Startup Cost": 0.43,
                            "Total Cost": 0.79,
                            "Plan Rows": 3,
                            "Plan Width": 14,
                            "Actual Startup Time": 0.001,
                            "Actual Total Time": 0.001,
                            "Actual Rows": 2,
                            "Actual Loops": 178886,
                            "Index Cond": "(movie_id = mi.movie_id)",
                            "Rows Removed by Index Recheck": 0
                          }
                        ]
                      },
                      {
                        "Node Type": "Hash",
                        "Parent Relationship": "Inner",
                        "Parallel Aware": false,
                        "Startup Cost": 2.41,
                        "Total Cost": 2.41,
                        "Plan Rows": 1,
                        "Plan Width": 4,
                        "Actual Startup Time": 0.052,
                        "Actual Total Time": 0.053,
                        "Actual Rows": 1,
                        "Actual Loops": 1,
                        "Hash Buckets": 1024,
                        "Original Hash Buckets": 1024,
                        "Hash Batches": 1,
                        "Original Hash Batches": 1,
                        "Peak Memory Usage": 9,
                        "Plans": [
                          {
                            "Node Type": "Seq Scan",
                            "Parent Relationship": "Outer",
                            "Parallel Aware": false,
                            "Relation Name": "info_type",
                            "Alias": "it2",
                            "Startup Cost": 0.0,
                            "Total Cost": 2.41,
                            "Plan Rows": 1,
                            "Plan Width": 4,
                            "Actual Startup Time": 0.041,
                            "Actual Total Time": 0.046,
                            "Actual Rows": 1,
                            "Actual Loops": 1,
                            "Filter": "((info)::text = 'votes'::text)",
                            "Rows Removed by Filter": 112
                          }
                        ]
                      }
                    ]
                  },
                  {
                    "Node Type": "Index Scan",
                    "Parent Relationship": "Inner",
                    "Parallel Aware": false,
                    "Scan Direction": "Forward",
                    "Index Name": "title_pkey",
                    "Relation Name": "title",
                    "Alias": "t",
                    "Startup Cost": 0.43,
                    "Total Cost": 0.58,
                    "Plan Rows": 1,
                    "Plan Width": 21,
                    "Actual Startup Time": 0.002,
                    "Actual Total Time": 0.002,
                    "Actual Rows": 1,
                    "Actual Loops": 96052,
                    "Index Cond": "(id = mi_idx.movie_id)",
                    "Rows Removed by Index Recheck": 0
                  }
                ]
              },
              {
                "Node Type": "Index Scan",
                "Parent Relationship": "Inner",
                "Parallel Aware": false,
                "Scan Direction": "Forward",
                "Index Name": "movie_id_cast_info",
                "Relation Name": "cast_info",
                "Alias": "ci",
                "Startup Cost": 0.56,
                "Total Cost": 1.98,
                "Plan Rows": 4,
                "Plan Width": 8,
                "Actual Startup Time": 0.019,
                "Actual Total Time": 0.046,
                "Actual Rows": 5,
                "Actual Loops": 96052,
                "Index Cond": "(movie_id = t.id)",
                "Rows Removed by Index Recheck": 0,
                "Filter": "(note = ANY ('{\"(executive producer)\",(voice),(uncredited),(producer),(writer)}'::text[]))",
                "Rows Removed by Filter": 32
              }
            ]
          },
          {
            "Node Type": "Index Scan",
            "Parent Relationship": "Inner",
            "Parallel Aware": false,
            "Scan Direction": "Forward",
            "Index Name": "name_pkey",
            "Relation Name": "name",
            "Alias": "n",
            "Startup Cost": 0.43,
            "Total Cost": 0.51,
            "Plan Rows": 1,
            "Plan Width": 4,
            "Actual Startup Time": 0.003,
            "Actual Total Time": 0.003,
            "Actual Rows": 1,
            "Actual Loops": 474141,
            "Index Cond": "(id = ci.person_id)",
            "Rows Removed by Index Recheck": 0,
            "Filter": "((gender)::text = 'm'::text)",
            "Rows Removed by Filter": 0
          }
        ]
      }
    ]
  },
  "Planning Time": 2.189,
  "Triggers": [],
  "Execution Time": 7152.232
}