[
  {
    "Plan": {
      "Node Type": "Aggregate",
      "Strategy": "Plain",
      "Partial Mode": "Finalize",
      "Parallel Aware": false,
      "Startup Cost": 90199.79,
      "Total Cost": 90199.8,
      "Plan Rows": 1,
      "Plan Width": 8,
      "Actual Startup Time": 224.88,
      "Actual Total Time": 243.503,
      "Actual Rows": 1,
      "Actual Loops": 1,
      "Plans": [
        {
          "Node Type": "Gather",
          "Parent Relationship": "Outer",
          "Parallel Aware": false,
          "Startup Cost": 90199.48,
          "Total Cost": 90199.79,
          "Plan Rows": 3,
          "Plan Width": 8,
          "Actual Startup Time": 224.287,
          "Actual Total Time": 243.493,
          "Actual Rows": 4,
          "Actual Loops": 1,
          "Workers Planned": 3,
          "Workers Launched": 3,
          "Single Copy": false,
          "Plans": [
            {
              "Node Type": "Aggregate",
              "Strategy": "Plain",
              "Partial Mode": "Partial",
              "Parent Relationship": "Outer",
              "Parallel Aware": false,
              "Startup Cost": 89199.48,
              "Total Cost": 89199.49,
              "Plan Rows": 1,
              "Plan Width": 8,
              "Actual Startup Time": 215.426,
              "Actual Total Time": 215.429,
              "Actual Rows": 1,
              "Actual Loops": 4,
              "Plans": [
                {
                  "Node Type": "Hash Join",
                  "Parent Relationship": "Outer",
                  "Parallel Aware": true,
                  "Join Type": "Inner",
                  "Startup Cost": 45784.87,
                  "Total Cost": 89173.92,
                  "Plan Rows": 10223,
                  "Plan Width": 0,
                  "Actual Startup Time": 109.416,
                  "Actual Total Time": 215.343,
                  "Actual Rows": 1679,
                  "Actual Loops": 4,
                  "Inner Unique": true,
                  "Hash Cond": "(mk.movie_id = t.id)",
                  "Plans": [
                    {
                      "Node Type": "Seq Scan",
                      "Parent Relationship": "Outer",
                      "Parallel Aware": true,
                      "Relation Name": "movie_keyword",
                      "Alias": "mk",
                      "Startup Cost": 0.0,
                      "Total Cost": 42695.65,
                      "Plan Rows": 264149,
                      "Plan Width": 4,
                      "Actual Startup Time": 1.763,
                      "Actual Total Time": 87.132,
                      "Actual Rows": 202111,
                      "Actual Loops": 4,
                      "Filter": "(keyword_id > 22887)",
                      "Rows Removed by Filter": 928872
                    },
                    {
                      "Node Type": "Hash",
                      "Parent Relationship": "Inner",
                      "Parallel Aware": true,
                      "Startup Cost": 45479.1,
                      "Total Cost": 45479.1,
                      "Plan Rows": 24462,
                      "Plan Width": 4,
                      "Actual Startup Time": 105.61,
                      "Actual Total Time": 105.611,
                      "Actual Rows": 27600,
                      "Actual Loops": 4,
                      "Hash Buckets": 131072,
                      "Original Hash Buckets": 131072,
                      "Hash Batches": 1,
                      "Original Hash Batches": 1,
                      "Peak Memory Usage": 5408,
                      "Plans": [
                        {
                          "Node Type": "Seq Scan",
                          "Parent Relationship": "Outer",
                          "Parallel Aware": true,
                          "Relation Name": "title",
                          "Alias": "t",
                          "Startup Cost": 0.0,
                          "Total Cost": 45479.1,
                          "Plan Rows": 24462,
                          "Plan Width": 4,
                          "Actual Startup Time": 0.047,
                          "Actual Total Time": 95.368,
                          "Actual Rows": 27600,
                          "Actual Loops": 4,
                          "Filter": "((kind_id = 7) AND (production_year = 2012))",
                          "Rows Removed by Filter": 604478
                        }
                      ]
                    }
                  ]
                }
              ]
            }
          ]
        }
      ]
    },
    "Planning Time": 0.626,
    "Triggers": [],
    "Execution Time": 243.57
  }
]