{
  "Plan": {
    "Node Type": "Aggregate",
    "Strategy": "Plain",
    "Partial Mode": "Finalize",
    "Parallel Aware": false,
    "Startup Cost": 191619.11,
    "Total Cost": 191619.12,
    "Plan Rows": 1,
    "Plan Width": 8,
    "Actual Startup Time": 1404.766,
    "Actual Total Time": 1431.714,
    "Actual Rows": 1,
    "Actual Loops": 1,
    "Plans": [
      {
        "Node Type": "Gather",
        "Parent Relationship": "Outer",
        "Parallel Aware": false,
        "Startup Cost": 191619.0,
        "Total Cost": 191619.11,
        "Plan Rows": 1,
        "Plan Width": 8,
        "Actual Startup Time": 1399.684,
        "Actual Total Time": 1431.707,
        "Actual Rows": 2,
        "Actual Loops": 1,
        "Workers Planned": 1,
        "Workers Launched": 1,
        "Single Copy": false,
        "Plans": [
          {
            "Node Type": "Aggregate",
            "Strategy": "Plain",
            "Partial Mode": "Partial",
            "Parent Relationship": "Outer",
            "Parallel Aware": false,
            "Startup Cost": 190619.0,
            "Total Cost": 190619.01,
            "Plan Rows": 1,
            "Plan Width": 8,
            "Actual Startup Time": 1391.214,
            "Actual Total Time": 1391.219,
            "Actual Rows": 1,
            "Actual Loops": 2,
            "Plans": [
              {
                "Node Type": "Hash Join",
                "Parent Relationship": "Outer",
                "Parallel Aware": true,
                "Join Type": "Inner",
                "Startup Cost": 119667.15,
                "Total Cost": 189438.95,
                "Plan Rows": 472018,
                "Plan Width": 0,
                "Actual Startup Time": 772.533,
                "Actual Total Time": 1326.538,
                "Actual Rows": 1600393,
                "Actual Loops": 2,
                "Inner Unique": false,
                "Hash Cond": "(t.id = mc.movie_id)",
                "Plans": [
                  {
                    "Node Type": "Hash Join",
                    "Parent Relationship": "Outer",
                    "Parallel Aware": true,
                    "Join Type": "Inner",
                    "Startup Cost": 69460.7,
                    "Total Cost": 129922.8,
                    "Plan Rows": 1045299,
                    "Plan Width": 8,
                    "Actual Startup Time": 483.5,
                    "Actual Total Time": 828.916,
                    "Actual Rows": 895784,
                    "Actual Loops": 2,
                    "Inner Unique": true,
                    "Hash Cond": "(mk.movie_id = t.id)",
                    "Plans": [
                      {
                        "Node Type": "Seq Scan",
                        "Parent Relationship": "Outer",
                        "Parallel Aware": true,
                        "Relation Name": "movie_keyword",
                        "Alias": "mk",
                        "Startup Cost": 0.0,
                        "Total Cost": 57718.19,
                        "Plan Rows": 1045299,
                        "Plan Width": 4,
                        "Actual Startup Time": 0.779,
                        "Actual Total Time": 178.977,
                        "Actual Rows": 895784,
                        "Actual Loops": 2,
                        "Filter": "(keyword_id > 7765)",
                        "Rows Removed by Filter": 1366180
                      },
                      {
                        "Node Type": "Hash",
                        "Parent Relationship": "Inner",
                        "Parallel Aware": true,
                        "Startup Cost": 50870.31,
                        "Total Cost": 50870.31,
                        "Plan Rows": 1487231,
                        "Plan Width": 4,
                        "Actual Startup Time": 471.718,
                        "Actual Total Time": 471.719,
                        "Actual Rows": 1264156,
                        "Actual Loops": 2,
                        "Hash Buckets": 4194304,
                        "Original Hash Buckets": 4194304,
                        "Hash Batches": 1,
                        "Original Hash Batches": 1,
                        "Peak Memory Usage": 131712,
                        "Plans": [
                          {
                            "Node Type": "Seq Scan",
                            "Parent Relationship": "Outer",
                            "Parallel Aware": true,
                            "Relation Name": "title",
                            "Alias": "t",
                            "Startup Cost": 0.0,
                            "Total Cost": 50870.31,
                            "Plan Rows": 1487231,
                            "Plan Width": 4,
                            "Actual Startup Time": 0.024,
                            "Actual Total Time": 142.847,
                            "Actual Rows": 1264156,
                            "Actual Loops": 2
                          }
                        ]
                      }
                    ]
                  },
                  {
                    "Node Type": "Hash",
                    "Parent Relationship": "Inner",
                    "Parallel Aware": true,
                    "Startup Cost": 41811.73,
                    "Total Cost": 41811.73,
                    "Plan Rows": 671578,
                    "Plan Width": 4,
                    "Actual Startup Time": 274.461,
                    "Actual Total Time": 274.461,
                    "Actual Rows": 627676,
                    "Actual Loops": 2,
                    "Hash Buckets": 2097152,
                    "Original Hash Buckets": 2097152,
                    "Hash Batches": 1,
                    "Original Hash Batches": 1,
                    "Peak Memory Usage": 65536,
                    "Plans": [
                      {
                        "Node Type": "Seq Scan",
                        "Parent Relationship": "Outer",
                        "Parallel Aware": true,
                        "Relation Name": "movie_companies",
                        "Alias": "mc",
                        "Startup Cost": 0.0,
                        "Total Cost": 41811.73,
                        "Plan Rows": 671578,
                        "Plan Width": 4,
                        "Actual Startup Time": 63.529,
                        "Actual Total Time": 139.797,
                        "Actual Rows": 627676,
                        "Actual Loops": 2,
                        "Filter": "((company_id > 179) AND (company_type_id = 2))",
                        "Rows Removed by Filter": 676888
                      }
                    ]
                  }
                ]
              }
            ]
          }
        ]
      }
    ]
  },
  "Planning Time": 0.776,
  "Triggers": [],
  "Execution Time": 1431.786
}