[
  {
    "Plan": {
      "Node Type": "Aggregate",
      "Strategy": "Plain",
      "Partial Mode": "Finalize",
      "Parallel Aware": false,
      "Startup Cost": 60246.99,
      "Total Cost": 60247.0,
      "Plan Rows": 1,
      "Plan Width": 8,
      "Actual Startup Time": 108.316,
      "Actual Total Time": 123.0,
      "Actual Rows": 1,
      "Actual Loops": 1,
      "Plans": [
        {
          "Node Type": "Gather",
          "Parent Relationship": "Outer",
          "Parallel Aware": false,
          "Startup Cost": 60246.57,
          "Total Cost": 60246.98,
          "Plan Rows": 4,
          "Plan Width": 8,
          "Actual Startup Time": 108.202,
          "Actual Total Time": 122.993,
          "Actual Rows": 5,
          "Actual Loops": 1,
          "Workers Planned": 4,
          "Workers Launched": 4,
          "Single Copy": false,
          "Plans": [
            {
              "Node Type": "Aggregate",
              "Strategy": "Plain",
              "Partial Mode": "Partial",
              "Parent Relationship": "Outer",
              "Parallel Aware": false,
              "Startup Cost": 59246.57,
              "Total Cost": 59246.58,
              "Plan Rows": 1,
              "Plan Width": 8,
              "Actual Startup Time": 98.312,
              "Actual Total Time": 98.313,
              "Actual Rows": 1,
              "Actual Loops": 5,
              "Plans": [
                {
                  "Node Type": "Nested Loop",
                  "Parent Relationship": "Outer",
                  "Parallel Aware": false,
                  "Join Type": "Inner",
                  "Startup Cost": 0.43,
                  "Total Cost": 59242.92,
                  "Plan Rows": 1458,
                  "Plan Width": 0,
                  "Actual Startup Time": 1.664,
                  "Actual Total Time": 98.157,
                  "Actual Rows": 2394,
                  "Actual Loops": 5,
                  "Inner Unique": false,
                  "Plans": [
                    {
                      "Node Type": "Seq Scan",
                      "Parent Relationship": "Outer",
                      "Parallel Aware": true,
                      "Relation Name": "title",
                      "Alias": "t",
                      "Startup Cost": 0.0,
                      "Total Cost": 45479.1,
                      "Plan Rows": 1603,
                      "Plan Width": 4,
                      "Actual Startup Time": 1.471,
                      "Actual Total Time": 83.249,
                      "Actual Rows": 1218,
                      "Actual Loops": 5,
                      "Filter": "((kind_id < 7) AND (production_year = 1968))",
                      "Rows Removed by Filter": 504444
                    },
                    {
                      "Node Type": "Index Scan",
                      "Parent Relationship": "Inner",
                      "Parallel Aware": false,
                      "Scan Direction": "Forward",
                      "Index Name": "movie_id_movie_keyword",
                      "Relation Name": "movie_keyword",
                      "Alias": "mk",
                      "Startup Cost": 0.43,
                      "Total Cost": 8.36,
                      "Plan Rows": 23,
                      "Plan Width": 4,
                      "Actual Startup Time": 0.011,
                      "Actual Total Time": 0.012,
                      "Actual Rows": 2,
                      "Actual Loops": 6090,
                      "Index Cond": "(movie_id = t.id)",
                      "Rows Removed by Index Recheck": 0,
                      "Filter": "(keyword_id < 4935)",
                      "Rows Removed by Filter": 2
                    }
                  ]
                }
              ]
            }
          ]
        }
      ]
    },
    "Planning Time": 0.575,
    "Triggers": [],
    "Execution Time": 123.066
  }
]