[
  {
    "Plan": {
      "Node Type": "Aggregate",
      "Strategy": "Plain",
      "Partial Mode": "Finalize",
      "Parallel Aware": false,
      "Startup Cost": 27880.63,
      "Total Cost": 27880.64,
      "Plan Rows": 1,
      "Plan Width": 8,
      "Actual Startup Time": 50.281,
      "Actual Total Time": 52.902,
      "Actual Rows": 1,
      "Actual Loops": 1,
      "Plans": [
        {
          "Node Type": "Gather",
          "Parent Relationship": "Outer",
          "Parallel Aware": false,
          "Startup Cost": 27880.32,
          "Total Cost": 27880.63,
          "Plan Rows": 3,
          "Plan Width": 8,
          "Actual Startup Time": 50.182,
          "Actual Total Time": 52.896,
          "Actual Rows": 4,
          "Actual Loops": 1,
          "Workers Planned": 3,
          "Workers Launched": 3,
          "Single Copy": false,
          "Plans": [
            {
              "Node Type": "Aggregate",
              "Strategy": "Plain",
              "Partial Mode": "Partial",
              "Parent Relationship": "Outer",
              "Parallel Aware": false,
              "Startup Cost": 26880.32,
              "Total Cost": 26880.33,
              "Plan Rows": 1,
              "Plan Width": 8,
              "Actual Startup Time": 46.93,
              "Actual Total Time": 46.933,
              "Actual Rows": 1,
              "Actual Loops": 4,
              "Plans": [
                {
                  "Node Type": "Bitmap Heap Scan",
                  "Parent Relationship": "Outer",
                  "Parallel Aware": true,
                  "Relation Name": "movie_companies",
                  "Alias": "mc",
                  "Startup Cost": 6613.61,
                  "Total Cost": 26634.2,
                  "Plan Rows": 98447,
                  "Plan Width": 0,
                  "Actual Startup Time": 21.705,
                  "Actual Total Time": 42.477,
                  "Actual Rows": 76804,
                  "Actual Loops": 4,
                  "Recheck Cond": "(company_id > 93047)",
                  "Rows Removed by Index Recheck": 0,
                  "Exact Heap Blocks": 1978,
                  "Lossy Heap Blocks": 0,
                  "Plans": [
                    {
                      "Node Type": "Bitmap Index Scan",
                      "Parent Relationship": "Outer",
                      "Parallel Aware": false,
                      "Index Name": "company_id_movie_companies",
                      "Startup Cost": 0.0,
                      "Total Cost": 6537.32,
                      "Plan Rows": 305185,
                      "Plan Width": 0,
                      "Actual Startup Time": 23.561,
                      "Actual Total Time": 23.561,
                      "Actual Rows": 307218,
                      "Actual Loops": 1,
                      "Index Cond": "(company_id > 93047)"
                    }
                  ]
                }
              ]
            }
          ]
        }
      ]
    },
    "Planning Time": 0.099,
    "Triggers": [],
    "Execution Time": 52.94
  }
]