[
  {
    "Plan": {
      "Node Type": "Aggregate",
      "Strategy": "Plain",
      "Partial Mode": "Finalize",
      "Parallel Aware": false,
      "Startup Cost": 187757.95,
      "Total Cost": 187757.96,
      "Plan Rows": 1,
      "Plan Width": 8,
      "Actual Startup Time": 156.977,
      "Actual Total Time": 167.125,
      "Actual Rows": 1,
      "Actual Loops": 1,
      "Plans": [
        {
          "Node Type": "Gather",
          "Parent Relationship": "Outer",
          "Parallel Aware": false,
          "Startup Cost": 187757.43,
          "Total Cost": 187757.94,
          "Plan Rows": 5,
          "Plan Width": 8,
          "Actual Startup Time": 156.272,
          "Actual Total Time": 167.117,
          "Actual Rows": 6,
          "Actual Loops": 1,
          "Workers Planned": 5,
          "Workers Launched": 5,
          "Single Copy": false,
          "Plans": [
            {
              "Node Type": "Aggregate",
              "Strategy": "Plain",
              "Partial Mode": "Partial",
              "Parent Relationship": "Outer",
              "Parallel Aware": false,
              "Startup Cost": 186757.43,
              "Total Cost": 186757.44,
              "Plan Rows": 1,
              "Plan Width": 8,
              "Actual Startup Time": 150.45,
              "Actual Total Time": 150.452,
              "Actual Rows": 1,
              "Actual Loops": 6,
              "Plans": [
                {
                  "Node Type": "Bitmap Heap Scan",
                  "Parent Relationship": "Outer",
                  "Parallel Aware": true,
                  "Relation Name": "movie_info",
                  "Alias": "mi",
                  "Startup Cost": 21245.92,
                  "Total Cost": 186171.01,
                  "Plan Rows": 234567,
                  "Plan Width": 0,
                  "Actual Startup Time": 57.973,
                  "Actual Total Time": 138.864,
                  "Actual Rows": 188098,
                  "Actual Loops": 6,
                  "Recheck Cond": "(info_type_id > 61)",
                  "Rows Removed by Index Recheck": 0,
                  "Exact Heap Blocks": 10481,
                  "Lossy Heap Blocks": 0,
                  "Plans": [
                    {
                      "Node Type": "Bitmap Index Scan",
                      "Parent Relationship": "Outer",
                      "Parallel Aware": false,
                      "Index Name": "info_type_id_movie_info",
                      "Startup Cost": 0.0,
                      "Total Cost": 20952.71,
                      "Plan Rows": 1172837,
                      "Plan Width": 0,
                      "Actual Startup Time": 57.593,
                      "Actual Total Time": 57.594,
                      "Actual Rows": 1128585,
                      "Actual Loops": 1,
                      "Index Cond": "(info_type_id > 61)"
                    }
                  ]
                }
              ]
            }
          ]
        }
      ]
    },
    "Planning Time": 0.121,
    "Triggers": [],
    "Execution Time": 167.178
  }
]