[
  {
    "Plan": {
      "Node Type": "Aggregate",
      "Strategy": "Plain",
      "Partial Mode": "Finalize",
      "Parallel Aware": false,
      "Startup Cost": 377697.47,
      "Total Cost": 377697.48,
      "Plan Rows": 1,
      "Plan Width": 96,
      "Actual Startup Time": 2226.878,
      "Actual Total Time": 2282.971,
      "Actual Rows": 1,
      "Actual Loops": 1,
      "Plans": [
        {
          "Node Type": "Gather",
          "Parent Relationship": "Outer",
          "Parallel Aware": false,
          "Startup Cost": 377697.03,
          "Total Cost": 377697.44,
          "Plan Rows": 4,
          "Plan Width": 96,
          "Actual Startup Time": 2225.908,
          "Actual Total Time": 2282.941,
          "Actual Rows": 5,
          "Actual Loops": 1,
          "Workers Planned": 4,
          "Workers Launched": 4,
          "Single Copy": false,
          "Plans": [
            {
              "Node Type": "Aggregate",
              "Strategy": "Plain",
              "Partial Mode": "Partial",
              "Parent Relationship": "Outer",
              "Parallel Aware": false,
              "Startup Cost": 376697.03,
              "Total Cost": 376697.04,
              "Plan Rows": 1,
              "Plan Width": 96,
              "Actual Startup Time": 2211.49,
              "Actual Total Time": 2211.559,
              "Actual Rows": 1,
              "Actual Loops": 5,
              "Plans": [
                {
                  "Node Type": "Hash Join",
                  "Parent Relationship": "Outer",
                  "Parallel Aware": false,
                  "Join Type": "Inner",
                  "Startup Cost": 331521.09,
                  "Total Cost": 376697.02,
                  "Plan Rows": 1,
                  "Plan Width": 42,
                  "Actual Startup Time": 2017.106,
                  "Actual Total Time": 2211.353,
                  "Actual Rows": 961,
                  "Actual Loops": 5,
                  "Inner Unique": true,
                  "Hash Cond": "(t.kind_id = kt.id)",
                  "Plans": [
                    {
                      "Node Type": "Hash Join",
                      "Parent Relationship": "Outer",
                      "Parallel Aware": true,
                      "Join Type": "Inner",
                      "Startup Cost": 331519.98,
                      "Total Cost": 376695.9,
                      "Plan Rows": 1,
                      "Plan Width": 46,
                      "Actual Startup Time": 2016.383,
                      "Actual Total Time": 2210.436,
                      "Actual Rows": 996,
                      "Actual Loops": 5,
                      "Inner Unique": false,
                      "Hash Cond": "(t.id = mi.movie_id)",
                      "Plans": [
                        {
                          "Node Type": "Seq Scan",
                          "Parent Relationship": "Outer",
                          "Parallel Aware": true,
                          "Relation Name": "title",
                          "Alias": "t",
                          "Startup Cost": 0.0,
                          "Total Cost": 43898.79,
                          "Plan Rows": 340568,
                          "Plan Width": 25,
                          "Actual Startup Time": 0.025,
                          "Actual Total Time": 177.006,
                          "Actual Rows": 276291,
                          "Actual Loops": 5,
                          "Filter": "(production_year > 2000)",
                          "Rows Removed by Filter": 229372
                        },
                        {
                          "Node Type": "Hash",
                          "Parent Relationship": "Inner",
                          "Parallel Aware": true,
                          "Startup Cost": 331519.96,
                          "Total Cost": 331519.96,
                          "Plan Rows": 1,
                          "Plan Width": 45,
                          "Actual Startup Time": 1999.812,
                          "Actual Total Time": 1999.869,
                          "Actual Rows": 1624,
                          "Actual Loops": 5,
                          "Hash Buckets": 8192,
                          "Original Hash Buckets": 1024,
                          "Hash Batches": 1,
                          "Original Hash Batches": 1,
                          "Peak Memory Usage": 824,
                          "Plans": [
                            {
                              "Node Type": "Hash Join",
                              "Parent Relationship": "Outer",
                              "Parallel Aware": false,
                              "Join Type": "Inner",
                              "Startup Cost": 326518.61,
                              "Total Cost": 331519.96,
                              "Plan Rows": 1,
                              "Plan Width": 45,
                              "Actual Startup Time": 1978.791,
                              "Actual Total Time": 1995.49,
                              "Actual Rows": 1624,
                              "Actual Loops": 5,
                              "Inner Unique": true,
                              "Hash Cond": "(mc.company_type_id = ct.id)",
                              "Plans": [
                                {
                                  "Node Type": "Hash Join",
                                  "Parent Relationship": "Outer",
                                  "Parallel Aware": true,
                                  "Join Type": "Inner",
                                  "Startup Cost": 326517.52,
                                  "Total Cost": 331518.87,
                                  "Plan Rows": 1,
                                  "Plan Width": 49,
                                  "Actual Startup Time": 1978.672,
                                  "Actual Total Time": 1995.071,
                                  "Actual Rows": 1624,
                                  "Actual Loops": 5,
                                  "Inner Unique": false,
                                  "Hash Cond": "(cn.id = mc.company_id)",
                                  "Plans": [
                                    {
                                      "Node Type": "Seq Scan",
                                      "Parent Relationship": "Outer",
                                      "Parallel Aware": true,
                                      "Relation Name": "company_name",
                                      "Alias": "cn",
                                      "Startup Cost": 0.0,
                                      "Total Cost": 4722.92,
                                      "Plan Rows": 74245,
                                      "Plan Width": 23,
                                      "Actual Startup Time": 0.026,
                                      "Actual Total Time": 12.896,
                                      "Actual Rows": 25246,
                                      "Actual Loops": 5,
                                      "Filter": "((country_code)::text <> '[us]'::text)",
                                      "Rows Removed by Filter": 21753
                                    },
                                    {
                                      "Node Type": "Hash",
                                      "Parent Relationship": "Inner",
                                      "Parallel Aware": true,
                                      "Startup Cost": 326517.51,
                                      "Total Cost": 326517.51,
                                      "Plan Rows": 1,
                                      "Plan Width": 34,
                                      "Actual Startup Time": 1978.443,
                                      "Actual Total Time": 1978.492,
                                      "Actual Rows": 1746,
                                      "Actual Loops": 5,
                                      "Hash Buckets": 8192,
                                      "Original Hash Buckets": 1024,
                                      "Hash Batches": 1,
                                      "Original Hash Batches": 1,
                                      "Peak Memory Usage": 728,
                                      "Plans": [
                                        {
                                          "Node Type": "Hash Join",
                                          "Parent Relationship": "Outer",
                                          "Parallel Aware": true,
                                          "Join Type": "Inner",
                                          "Startup Cost": 294916.63,
                                          "Total Cost": 326517.51,
                                          "Plan Rows": 1,
                                          "Plan Width": 34,
                                          "Actual Startup Time": 1780.281,
                                          "Actual Total Time": 1919.568,
                                          "Actual Rows": 1746,
                                          "Actual Loops": 5,
                                          "Inner Unique": false,
                                          "Hash Cond": "(mc.movie_id = mi.movie_id)",
                                          "Plans": [
                                            {
                                              "Node Type": "Seq Scan",
                                              "Parent Relationship": "Outer",
                                              "Parallel Aware": true,
                                              "Relation Name": "movie_companies",
                                              "Alias": "mc",
                                              "Startup Cost": 0.0,
                                              "Total Cost": 31414.82,
                                              "Plan Rows": 49615,
                                              "Plan Width": 12,
                                              "Actual Startup Time": 0.095,
                                              "Actual Total Time": 138.772,
                                              "Actual Rows": 60654,
                                              "Actual Loops": 5,
                                              "Filter": "((note !~~ '%(USA)%'::text) AND (note ~~ '%(200%)%'::text))",
                                              "Rows Removed by Filter": 461172
                                            },
                                            {
                                              "Node Type": "Hash",
                                              "Parent Relationship": "Inner",
                                              "Parallel Aware": true,
                                              "Startup Cost": 294916.61,
                                              "Total Cost": 294916.61,
                                              "Plan Rows": 1,
                                              "Plan Width": 22,
                                              "Actual Startup Time": 1770.506,
                                              "Actual Total Time": 1770.548,
                                              "Actual Rows": 572,
                                              "Actual Loops": 5,
                                              "Hash Buckets": 4096,
                                              "Original Hash Buckets": 1024,
                                              "Hash Batches": 1,
                                              "Original Hash Batches": 1,
                                              "Peak Memory Usage": 312,
                                              "Plans": [
                                                {
                                                  "Node Type": "Hash Join",
                                                  "Parent Relationship": "Outer",
                                                  "Parallel Aware": false,
                                                  "Join Type": "Inner",
                                                  "Startup Cost": 65743.24,
                                                  "Total Cost": 294916.61,
                                                  "Plan Rows": 1,
                                                  "Plan Width": 22,
                                                  "Actual Startup Time": 1455.156,
                                                  "Actual Total Time": 1683.389,
                                                  "Actual Rows": 572,
                                                  "Actual Loops": 5,
                                                  "Inner Unique": true,
                                                  "Hash Cond": "(cc.status_id = cct2.id)",
                                                  "Plans": [
                                                    {
                                                      "Node Type": "Hash Join",
                                                      "Parent Relationship": "Outer",
                                                      "Parallel Aware": true,
                                                      "Join Type": "Inner",
                                                      "Startup Cost": 65742.15,
                                                      "Total Cost": 294915.52,
                                                      "Plan Rows": 1,
                                                      "Plan Width": 26,
                                                      "Actual Startup Time": 1455.035,
                                                      "Actual Total Time": 1683.072,
                                                      "Actual Rows": 986,
                                                      "Actual Loops": 5,
                                                      "Inner Unique": false,
                                                      "Hash Cond": "(mi.movie_id = mk.movie_id)",
                                                      "Plans": [
                                                        {
                                                          "Node Type": "Hash Join",
                                                          "Parent Relationship": "Outer",
                                                          "Parallel Aware": false,
                                                          "Join Type": "Inner",
                                                          "Startup Cost": 2.43,
                                                          "Total Cost": 229171.02,
                                                          "Plan Rows": 1271,
                                                          "Plan Width": 4,
                                                          "Actual Startup Time": 875.487,
                                                          "Actual Total Time": 1092.939,
                                                          "Actual Rows": 122850,
                                                          "Actual Loops": 5,
                                                          "Inner Unique": true,
                                                          "Hash Cond": "(mi.info_type_id = it1.id)",
                                                          "Plans": [
                                                            {
                                                              "Node Type": "Seq Scan",
                                                              "Parent Relationship": "Outer",
                                                              "Parallel Aware": true,
                                                              "Relation Name": "movie_info",
                                                              "Alias": "mi",
                                                              "Startup Cost": 0.0,
                                                              "Total Cost": 228777.37,
                                                              "Plan Rows": 143651,
                                                              "Plan Width": 8,
                                                              "Actual Startup Time": 0.528,
                                                              "Actual Total Time": 1072.354,
                                                              "Actual Rows": 143242,
                                                              "Actual Loops": 5,
                                                              "Filter": "(info = ANY ('{Sweden,Norway,Germany,Denmark,Swedish,Danish,Norwegian,German,USA,American}'::text[]))",
                                                              "Rows Removed by Filter": 2823902
                                                            },
                                                            {
                                                              "Node Type": "Hash",
                                                              "Parent Relationship": "Inner",
                                                              "Parallel Aware": false,
                                                              "Startup Cost": 2.41,
                                                              "Total Cost": 2.41,
                                                              "Plan Rows": 1,
                                                              "Plan Width": 4,
                                                              "Actual Startup Time": 0.04,
                                                              "Actual Total Time": 0.041,
                                                              "Actual Rows": 1,
                                                              "Actual Loops": 5,
                                                              "Hash Buckets": 1024,
                                                              "Original Hash Buckets": 1024,
                                                              "Hash Batches": 1,
                                                              "Original Hash Batches": 1,
                                                              "Peak Memory Usage": 9,
                                                              "Plans": [
                                                                {
                                                                  "Node Type": "Seq Scan",
                                                                  "Parent Relationship": "Outer",
                                                                  "Parallel Aware": false,
                                                                  "Relation Name": "info_type",
                                                                  "Alias": "it1",
                                                                  "Startup Cost": 0.0,
                                                                  "Total Cost": 2.41,
                                                                  "Plan Rows": 1,
                                                                  "Plan Width": 4,
                                                                  "Actual Startup Time": 0.019,
                                                                  "Actual Total Time": 0.027,
                                                                  "Actual Rows": 1,
                                                                  "Actual Loops": 5,
                                                                  "Filter": "((info)::text = 'countries'::text)",
                                                                  "Rows Removed by Filter": 112
                                                                }
                                                              ]
                                                            }
                                                          ]
                                                        },
                                                        {
                                                          "Node Type": "Hash",
                                                          "Parent Relationship": "Inner",
                                                          "Parallel Aware": true,
                                                          "Startup Cost": 65739.71,
                                                          "Total Cost": 65739.71,
                                                          "Plan Rows": 1,
                                                          "Plan Width": 22,
                                                          "Actual Startup Time": 576.794,
                                                          "Actual Total Time": 576.824,
                                                          "Actual Rows": 1195,
                                                          "Actual Loops": 5,
                                                          "Hash Buckets": 8192,
                                                          "Original Hash Buckets": 1024,
                                                          "Hash Batches": 1,
                                                          "Original Hash Batches": 1,
                                                          "Peak Memory Usage": 536,
                                                          "Plans": [
                                                            {
                                                              "Node Type": "Hash Join",
                                                              "Parent Relationship": "Outer",
                                                              "Parallel Aware": true,
                                                              "Join Type": "Inner",
                                                              "Startup Cost": 49078.11,
                                                              "Total Cost": 65739.71,
                                                              "Plan Rows": 1,
                                                              "Plan Width": 22,
                                                              "Actual Startup Time": 434.264,
                                                              "Actual Total Time": 540.168,
                                                              "Actual Rows": 1195,
                                                              "Actual Loops": 5,
                                                              "Inner Unique": false,
                                                              "Hash Cond": "(mi_idx.movie_id = mk.movie_id)",
                                                              "Plans": [
                                                                {
                                                                  "Node Type": "Hash Join",
                                                                  "Parent Relationship": "Outer",
                                                                  "Parallel Aware": false,
                                                                  "Join Type": "Inner",
                                                                  "Startup Cost": 2.43,
                                                                  "Total Cost": 16645.5,
                                                                  "Plan Rows": 4940,
                                                                  "Plan Width": 10,
                                                                  "Actual Startup Time": 0.341,
                                                                  "Actual Total Time": 96.108,
                                                                  "Actual Rows": 90846,
                                                                  "Actual Loops": 5,
                                                                  "Inner Unique": true,
                                                                  "Hash Cond": "(mi_idx.info_type_id = it2.id)",
                                                                  "Plans": [
                                                                    {
                                                                      "Node Type": "Seq Scan",
                                                                      "Parent Relationship": "Outer",
                                                                      "Parallel Aware": true,
                                                                      "Relation Name": "movie_info_idx",
                                                                      "Alias": "mi_idx",
                                                                      "Startup Cost": 0.0,
                                                                      "Total Cost": 15122.68,
                                                                      "Plan Rows": 558260,
                                                                      "Plan Width": 14,
                                                                      "Actual Startup Time": 0.059,
                                                                      "Actual Total Time": 66.601,
                                                                      "Actual Rows": 267527,
                                                                      "Actual Loops": 5,
                                                                      "Filter": "(info < '8.5'::text)",
                                                                      "Rows Removed by Filter": 8480
                                                                    },
                                                                    {
                                                                      "Node Type": "Hash",
                                                                      "Parent Relationship": "Inner",
                                                                      "Parallel Aware": false,
                                                                      "Startup Cost": 2.41,
                                                                      "Total Cost": 2.41,
                                                                      "Plan Rows": 1,
                                                                      "Plan Width": 4,
                                                                      "Actual Startup Time": 0.125,
                                                                      "Actual Total Time": 0.127,
                                                                      "Actual Rows": 1,
                                                                      "Actual Loops": 5,
                                                                      "Hash Buckets": 1024,
                                                                      "Original Hash Buckets": 1024,
                                                                      "Hash Batches": 1,
                                                                      "Original Hash Batches": 1,
                                                                      "Peak Memory Usage": 9,
                                                                      "Plans": [
                                                                        {
                                                                          "Node Type": "Seq Scan",
                                                                          "Parent Relationship": "Outer",
                                                                          "Parallel Aware": false,
                                                                          "Relation Name": "info_type",
                                                                          "Alias": "it2",
                                                                          "Startup Cost": 0.0,
                                                                          "Total Cost": 2.41,
                                                                          "Plan Rows": 1,
                                                                          "Plan Width": 4,
                                                                          "Actual Startup Time": 0.098,
                                                                          "Actual Total Time": 0.102,
                                                                          "Actual Rows": 1,
                                                                          "Actual Loops": 5,
                                                                          "Filter": "((info)::text = 'rating'::text)",
                                                                          "Rows Removed by Filter": 112
                                                                        }
                                                                      ]
                                                                    }
                                                                  ]
                                                                },
                                                                {
                                                                  "Node Type": "Hash",
                                                                  "Parent Relationship": "Inner",
                                                                  "Parallel Aware": true,
                                                                  "Startup Cost": 49075.49,
                                                                  "Total Cost": 49075.49,
                                                                  "Plan Rows": 15,
                                                                  "Plan Width": 12,
                                                                  "Actual Startup Time": 432.335,
                                                                  "Actual Total Time": 432.353,
                                                                  "Actual Rows": 1243,
                                                                  "Actual Loops": 5,
                                                                  "Hash Buckets": 8192,
                                                                  "Original Hash Buckets": 1024,
                                                                  "Hash Batches": 1,
                                                                  "Original Hash Batches": 1,
                                                                  "Peak Memory Usage": 536,
                                                                  "Plans": [
                                                                    {
                                                                      "Node Type": "Hash Join",
                                                                      "Parent Relationship": "Outer",
                                                                      "Parallel Aware": false,
                                                                      "Join Type": "Inner",
                                                                      "Startup Cost": 6196.99,
                                                                      "Total Cost": 49075.49,
                                                                      "Plan Rows": 15,
                                                                      "Plan Width": 12,
                                                                      "Actual Startup Time": 84.577,
                                                                      "Actual Total Time": 292.42,
                                                                      "Actual Rows": 1243,
                                                                      "Actual Loops": 5,
                                                                      "Inner Unique": false,
                                                                      "Hash Cond": "(mk.movie_id = cc.movie_id)",
                                                                      "Plans": [
                                                                        {
                                                                          "Node Type": "Hash Join",
                                                                          "Parent Relationship": "Outer",
                                                                          "Parallel Aware": false,
                                                                          "Join Type": "Inner",
                                                                          "Startup Cost": 2961.6,
                                                                          "Total Cost": 45839.79,
                                                                          "Plan Rows": 44,
                                                                          "Plan Width": 4,
                                                                          "Actual Startup Time": 25.688,
                                                                          "Actual Total Time": 231.808,
                                                                          "Actual Rows": 7418,
                                                                          "Actual Loops": 5,
                                                                          "Inner Unique": true,
                                                                          "Hash Cond": "(mk.keyword_id = k.id)",
                                                                          "Plans": [
                                                                            {
                                                                              "Node Type": "Seq Scan",
                                                                              "Parent Relationship": "Outer",
                                                                              "Parallel Aware": true,
                                                                              "Relation Name": "movie_keyword",
                                                                              "Alias": "mk",
                                                                              "Startup Cost": 0.0,
                                                                              "Total Cost": 39047.32,
                                                                              "Plan Rows": 1459332,
                                                                              "Plan Width": 8,
                                                                              "Actual Startup Time": 0.034,
                                                                              "Actual Total Time": 132.664,
                                                                              "Actual Rows": 904786,
                                                                              "Actual Loops": 5
                                                                            },
                                                                            {
                                                                              "Node Type": "Hash",
                                                                              "Parent Relationship": "Inner",
                                                                              "Parallel Aware": false,
                                                                              "Startup Cost": 2961.55,
                                                                              "Total Cost": 2961.55,
                                                                              "Plan Rows": 4,
                                                                              "Plan Width": 4,
                                                                              "Actual Startup Time": 25.491,
                                                                              "Actual Total Time": 25.494,
                                                                              "Actual Rows": 3,
                                                                              "Actual Loops": 5,
                                                                              "Hash Buckets": 1024,
                                                                              "Original Hash Buckets": 1024,
                                                                              "Hash Batches": 1,
                                                                              "Original Hash Batches": 1,
                                                                              "Peak Memory Usage": 9,
                                                                              "Plans": [
                                                                                {
                                                                                  "Node Type": "Seq Scan",
                                                                                  "Parent Relationship": "Outer",
                                                                                  "Parallel Aware": false,
                                                                                  "Relation Name": "keyword",
                                                                                  "Alias": "k",
                                                                                  "Startup Cost": 0.0,
                                                                                  "Total Cost": 2961.55,
                                                                                  "Plan Rows": 4,
                                                                                  "Plan Width": 4,
                                                                                  "Actual Startup Time": 1.271,
                                                                                  "Actual Total Time": 25.476,
                                                                                  "Actual Rows": 3,
                                                                                  "Actual Loops": 5,
                                                                                  "Filter": "(keyword = ANY ('{murder,murder-in-title,blood,violence}'::text[]))",
                                                                                  "Rows Removed by Filter": 134167
                                                                                }
                                                                              ]
                                                                            }
                                                                          ]
                                                                        },
                                                                        {
                                                                          "Node Type": "Hash",
                                                                          "Parent Relationship": "Inner",
                                                                          "Parallel Aware": false,
                                                                          "Startup Cost": 2813.24,
                                                                          "Total Cost": 2813.24,
                                                                          "Plan Rows": 33772,
                                                                          "Plan Width": 8,
                                                                          "Actual Startup Time": 56.189,
                                                                          "Actual Total Time": 56.196,
                                                                          "Actual Rows": 49145,
                                                                          "Actual Loops": 5,
                                                                          "Hash Buckets": 65536,
                                                                          "Original Hash Buckets": 65536,
                                                                          "Hash Batches": 1,
                                                                          "Original Hash Batches": 1,
                                                                          "Peak Memory Usage": 2432,
                                                                          "Plans": [
                                                                            {
                                                                              "Node Type": "Hash Join",
                                                                              "Parent Relationship": "Outer",
                                                                              "Parallel Aware": false,
                                                                              "Join Type": "Inner",
                                                                              "Startup Cost": 1.06,
                                                                              "Total Cost": 2813.24,
                                                                              "Plan Rows": 33772,
                                                                              "Plan Width": 8,
                                                                              "Actual Startup Time": 28.29,
                                                                              "Actual Total Time": 44.915,
                                                                              "Actual Rows": 49145,
                                                                              "Actual Loops": 5,
                                                                              "Inner Unique": true,
                                                                              "Hash Cond": "(cc.subject_id = cct1.id)",
                                                                              "Plans": [
                                                                                {
                                                                                  "Node Type": "Seq Scan",
                                                                                  "Parent Relationship": "Outer",
                                                                                  "Parallel Aware": false,
                                                                                  "Relation Name": "complete_cast",
                                                                                  "Alias": "cc",
                                                                                  "Startup Cost": 0.0,
                                                                                  "Total Cost": 2081.86,
                                                                                  "Plan Rows": 135086,
                                                                                  "Plan Width": 12,
                                                                                  "Actual Startup Time": 0.049,
                                                                                  "Actual Total Time": 25.93,
                                                                                  "Actual Rows": 135086,
                                                                                  "Actual Loops": 5
                                                                                },
                                                                                {
                                                                                  "Node Type": "Hash",
                                                                                  "Parent Relationship": "Inner",
                                                                                  "Parallel Aware": false,
                                                                                  "Startup Cost": 1.05,
                                                                                  "Total Cost": 1.05,
                                                                                  "Plan Rows": 1,
                                                                                  "Plan Width": 4,
                                                                                  "Actual Startup Time": 0.026,
                                                                                  "Actual Total Time": 0.028,
                                                                                  "Actual Rows": 1,
                                                                                  "Actual Loops": 5,
                                                                                  "Hash Buckets": 1024,
                                                                                  "Original Hash Buckets": 1024,
                                                                                  "Hash Batches": 1,
                                                                                  "Original Hash Batches": 1,
                                                                                  "Peak Memory Usage": 9,
                                                                                  "Plans": [
                                                                                    {
                                                                                      "Node Type": "Seq Scan",
                                                                                      "Parent Relationship": "Outer",
                                                                                      "Parallel Aware": false,
                                                                                      "Relation Name": "comp_cast_type",
                                                                                      "Alias": "cct1",
                                                                                      "Startup Cost": 0.0,
                                                                                      "Total Cost": 1.05,
                                                                                      "Plan Rows": 1,
                                                                                      "Plan Width": 4,
                                                                                      "Actual Startup Time": 0.01,
                                                                                      "Actual Total Time": 0.013,
                                                                                      "Actual Rows": 1,
                                                                                      "Actual Loops": 5,
                                                                                      "Filter": "((kind)::text = 'crew'::text)",
                                                                                      "Rows Removed by Filter": 3
                                                                                    }
                                                                                  ]
                                                                                }
                                                                              ]
                                                                            }
                                                                          ]
                                                                        }
                                                                      ]
                                                                    }
                                                                  ]
                                                                }
                                                              ]
                                                            }
                                                          ]
                                                        }
                                                      ]
                                                    },
                                                    {
                                                      "Node Type": "Hash",
                                                      "Parent Relationship": "Inner",
                                                      "Parallel Aware": false,
                                                      "Startup Cost": 1.05,
                                                      "Total Cost": 1.05,
                                                      "Plan Rows": 3,
                                                      "Plan Width": 4,
                                                      "Actual Startup Time": 0.057,
                                                      "Actual Total Time": 0.059,
                                                      "Actual Rows": 3,
                                                      "Actual Loops": 5,
                                                      "Hash Buckets": 1024,
                                                      "Original Hash Buckets": 1024,
                                                      "Hash Batches": 1,
                                                      "Original Hash Batches": 1,
                                                      "Peak Memory Usage": 9,
                                                      "Plans": [
                                                        {
                                                          "Node Type": "Seq Scan",
                                                          "Parent Relationship": "Outer",
                                                          "Parallel Aware": false,
                                                          "Relation Name": "comp_cast_type",
                                                          "Alias": "cct2",
                                                          "Startup Cost": 0.0,
                                                          "Total Cost": 1.05,
                                                          "Plan Rows": 3,
                                                          "Plan Width": 4,
                                                          "Actual Startup Time": 0.042,
                                                          "Actual Total Time": 0.046,
                                                          "Actual Rows": 3,
                                                          "Actual Loops": 5,
                                                          "Filter": "((kind)::text <> 'complete+verified'::text)",
                                                          "Rows Removed by Filter": 1
                                                        }
                                                      ]
                                                    }
                                                  ]
                                                }
                                              ]
                                            }
                                          ]
                                        }
                                      ]
                                    }
                                  ]
                                },
                                {
                                  "Node Type": "Hash",
                                  "Parent Relationship": "Inner",
                                  "Parallel Aware": false,
                                  "Startup Cost": 1.04,
                                  "Total Cost": 1.04,
                                  "Plan Rows": 4,
                                  "Plan Width": 4,
                                  "Actual Startup Time": 0.064,
                                  "Actual Total Time": 0.066,
                                  "Actual Rows": 4,
                                  "Actual Loops": 5,
                                  "Hash Buckets": 1024,
                                  "Original Hash Buckets": 1024,
                                  "Hash Batches": 1,
                                  "Original Hash Batches": 1,
                                  "Peak Memory Usage": 9,
                                  "Plans": [
                                    {
                                      "Node Type": "Seq Scan",
                                      "Parent Relationship": "Outer",
                                      "Parallel Aware": false,
                                      "Relation Name": "company_type",
                                      "Alias": "ct",
                                      "Startup Cost": 0.0,
                                      "Total Cost": 1.04,
                                      "Plan Rows": 4,
                                      "Plan Width": 4,
                                      "Actual Startup Time": 0.049,
                                      "Actual Total Time": 0.051,
                                      "Actual Rows": 4,
                                      "Actual Loops": 5
                                    }
                                  ]
                                }
                              ]
                            }
                          ]
                        }
                      ]
                    },
                    {
                      "Node Type": "Hash",
                      "Parent Relationship": "Inner",
                      "Parallel Aware": false,
                      "Startup Cost": 1.09,
                      "Total Cost": 1.09,
                      "Plan Rows": 2,
                      "Plan Width": 4,
                      "Actual Startup Time": 0.097,
                      "Actual Total Time": 0.103,
                      "Actual Rows": 2,
                      "Actual Loops": 5,
                      "Hash Buckets": 1024,
                      "Original Hash Buckets": 1024,
                      "Hash Batches": 1,
                      "Original Hash Batches": 1,
                      "Peak Memory Usage": 9,
                      "Plans": [
                        {
                          "Node Type": "Seq Scan",
                          "Parent Relationship": "Outer",
                          "Parallel Aware": false,
                          "Relation Name": "kind_type",
                          "Alias": "kt",
                          "Startup Cost": 0.0,
                          "Total Cost": 1.09,
                          "Plan Rows": 2,
                          "Plan Width": 4,
                          "Actual Startup Time": 0.061,
                          "Actual Total Time": 0.069,
                          "Actual Rows": 2,
                          "Actual Loops": 5,
                          "Filter": "((kind)::text = ANY ('{movie,episode}'::text[]))",
                          "Rows Removed by Filter": 5
                        }
                      ]
                    }
                  ]
                }
              ]
            }
          ]
        }
      ]
    },
    "Planning Time": 233.584,
    "Triggers": [],
    "Execution Time": 2284.034
  }
]