[
  {
    "Plan": {
      "Node Type": "Aggregate",
      "Strategy": "Plain",
      "Partial Mode": "Finalize",
      "Parallel Aware": false,
      "Startup Cost": 415942.69,
      "Total Cost": 415942.7,
      "Plan Rows": 1,
      "Plan Width": 8,
      "Actual Startup Time": 3417.206,
      "Actual Total Time": 3514.709,
      "Actual Rows": 1,
      "Actual Loops": 1,
      "Plans": [
        {
          "Node Type": "Gather",
          "Parent Relationship": "Outer",
          "Parallel Aware": false,
          "Startup Cost": 415942.17,
          "Total Cost": 415942.68,
          "Plan Rows": 5,
          "Plan Width": 8,
          "Actual Startup Time": 3409.869,
          "Actual Total Time": 3514.698,
          "Actual Rows": 6,
          "Actual Loops": 1,
          "Workers Planned": 5,
          "Workers Launched": 5,
          "Single Copy": false,
          "Plans": [
            {
              "Node Type": "Aggregate",
              "Strategy": "Plain",
              "Partial Mode": "Partial",
              "Parent Relationship": "Outer",
              "Parallel Aware": false,
              "Startup Cost": 414942.17,
              "Total Cost": 414942.18,
              "Plan Rows": 1,
              "Plan Width": 8,
              "Actual Startup Time": 3402.906,
              "Actual Total Time": 3402.909,
              "Actual Rows": 1,
              "Actual Loops": 6,
              "Plans": [
                {
                  "Node Type": "Nested Loop",
                  "Parent Relationship": "Outer",
                  "Parallel Aware": false,
                  "Join Type": "Inner",
                  "Startup Cost": 91453.39,
                  "Total Cost": 413165.1,
                  "Plan Rows": 710829,
                  "Plan Width": 0,
                  "Actual Startup Time": 325.394,
                  "Actual Total Time": 3318.171,
                  "Actual Rows": 1505016,
                  "Actual Loops": 6,
                  "Inner Unique": false,
                  "Plans": [
                    {
                      "Node Type": "Merge Join",
                      "Parent Relationship": "Outer",
                      "Parallel Aware": false,
                      "Join Type": "Inner",
                      "Startup Cost": 91452.83,
                      "Total Cost": 186677.97,
                      "Plan Rows": 112091,
                      "Plan Width": 8,
                      "Actual Startup Time": 325.234,
                      "Actual Total Time": 779.237,
                      "Actual Rows": 92585,
                      "Actual Loops": 6,
                      "Inner Unique": false,
                      "Merge Cond": "(t.id = mc.movie_id)",
                      "Plans": [
                        {
                          "Node Type": "Index Only Scan",
                          "Parent Relationship": "Outer",
                          "Parallel Aware": true,
                          "Scan Direction": "Forward",
                          "Index Name": "title_pkey",
                          "Relation Name": "title",
                          "Alias": "t",
                          "Startup Cost": 0.43,
                          "Total Cost": 90125.02,
                          "Plan Rows": 505685,
                          "Plan Width": 4,
                          "Actual Startup Time": 0.107,
                          "Actual Total Time": 341.424,
                          "Actual Rows": 420947,
                          "Actual Loops": 6,
                          "Heap Fetches": 2525683
                        },
                        {
                          "Node Type": "Sort",
                          "Parent Relationship": "Inner",
                          "Parallel Aware": false,
                          "Startup Cost": 91452.31,
                          "Total Cost": 92853.44,
                          "Plan Rows": 560453,
                          "Plan Width": 4,
                          "Actual Startup Time": 324.88,
                          "Actual Total Time": 359.906,
                          "Actual Rows": 555511,
                          "Actual Loops": 6,
                          "Sort Key": [
                            "mc.movie_id"
                          ],
                          "Sort Method": "quicksort",
                          "Sort Space Used": 50616,
                          "Sort Space Type": "Memory",
                          "Workers": [
                            {
                              "Worker Number": 0,
                              "Sort Method": "quicksort",
                              "Sort Space Used": 50616,
                              "Sort Space Type": "Memory"
                            },
                            {
                              "Worker Number": 1,
                              "Sort Method": "quicksort",
                              "Sort Space Used": 50616,
                              "Sort Space Type": "Memory"
                            },
                            {
                              "Worker Number": 2,
                              "Sort Method": "quicksort",
                              "Sort Space Used": 50616,
                              "Sort Space Type": "Memory"
                            },
                            {
                              "Worker Number": 3,
                              "Sort Method": "quicksort",
                              "Sort Space Used": 50616,
                              "Sort Space Type": "Memory"
                            },
                            {
                              "Worker Number": 4,
                              "Sort Method": "quicksort",
                              "Sort Space Used": 50616,
                              "Sort Space Type": "Memory"
                            }
                          ],
                          "Plans": [
                            {
                              "Node Type": "Bitmap Heap Scan",
                              "Parent Relationship": "Outer",
                              "Parallel Aware": false,
                              "Relation Name": "movie_companies",
                              "Alias": "mc",
                              "Startup Cost": 12143.94,
                              "Total Cost": 37939.6,
                              "Plan Rows": 560453,
                              "Plan Width": 4,
                              "Actual Startup Time": 39.93,
                              "Actual Total Time": 168.803,
                              "Actual Rows": 555511,
                              "Actual Loops": 6,
                              "Recheck Cond": "(company_id < 578)",
                              "Rows Removed by Index Recheck": 0,
                              "Exact Heap Blocks": 18388,
                              "Lossy Heap Blocks": 0,
                              "Plans": [
                                {
                                  "Node Type": "Bitmap Index Scan",
                                  "Parent Relationship": "Outer",
                                  "Parallel Aware": false,
                                  "Index Name": "company_id_movie_companies",
                                  "Startup Cost": 0.0,
                                  "Total Cost": 12003.83,
                                  "Plan Rows": 560453,
                                  "Plan Width": 0,
                                  "Actual Startup Time": 36.989,
                                  "Actual Total Time": 36.989,
                                  "Actual Rows": 555511,
                                  "Actual Loops": 6,
                                  "Index Cond": "(company_id < 578)"
                                }
                              ]
                            }
                          ]
                        }
                      ]
                    },
                    {
                      "Node Type": "Index Scan",
                      "Parent Relationship": "Inner",
                      "Parallel Aware": false,
                      "Scan Direction": "Forward",
                      "Index Name": "movie_id_cast_info",
                      "Relation Name": "cast_info",
                      "Alias": "ci",
                      "Startup Cost": 0.56,
                      "Total Cost": 1.87,
                      "Plan Rows": 15,
                      "Plan Width": 4,
                      "Actual Startup Time": 0.015,
                      "Actual Total Time": 0.026,
                      "Actual Rows": 16,
                      "Actual Loops": 555511,
                      "Index Cond": "(movie_id = t.id)",
                      "Rows Removed by Index Recheck": 0,
                      "Filter": "(role_id > 2)",
                      "Rows Removed by Filter": 15
                    }
                  ]
                }
              ]
            }
          ]
        }
      ]
    },
    "Planning Time": 0.619,
    "Triggers": [],
    "Execution Time": 3524.541
  }
]