[
    {
        "Bao": {
            "Bao prediction": "NaN",
            "Bao recommended hint": "(no hint)"
        }
    },
    {
        "Plan": {
            "Node Type": "Aggregate",
            "Strategy": "Plain",
            "Partial Mode": "Finalize",
            "Parallel Aware": false,
            "Startup Cost": 357188.54,
            "Total Cost": 357188.55,
            "Plan Rows": 1,
            "Plan Width": 8,
            "Actual Startup Time": 880.606,
            "Actual Total Time": 909.723,
            "Actual Rows": 1,
            "Actual Loops": 1,
            "Output": [
                "count(*)"
            ],
            "Plans": [
                {
                    "Node Type": "Gather",
                    "Parent Relationship": "Outer",
                    "Parallel Aware": false,
                    "Startup Cost": 357187.91,
                    "Total Cost": 357188.52,
                    "Plan Rows": 6,
                    "Plan Width": 8,
                    "Actual Startup Time": 880.463,
                    "Actual Total Time": 909.714,
                    "Actual Rows": 7,
                    "Actual Loops": 1,
                    "Output": [
                        "(PARTIAL count(*))"
                    ],
                    "Workers Planned": 6,
                    "Workers Launched": 6,
                    "Single Copy": false,
                    "Plans": [
                        {
                            "Node Type": "Aggregate",
                            "Strategy": "Plain",
                            "Partial Mode": "Partial",
                            "Parent Relationship": "Outer",
                            "Parallel Aware": false,
                            "Startup Cost": 356187.91,
                            "Total Cost": 356187.92,
                            "Plan Rows": 1,
                            "Plan Width": 8,
                            "Actual Startup Time": 870.906,
                            "Actual Total Time": 870.907,
                            "Actual Rows": 1,
                            "Actual Loops": 7,
                            "Output": [
                                "PARTIAL count(*)"
                            ],
                            "Workers": [
                                {
                                    "Worker Number": 0,
                                    "Actual Startup Time": 868.553,
                                    "Actual Total Time": 868.555,
                                    "Actual Rows": 1,
                                    "Actual Loops": 1
                                },
                                {
                                    "Worker Number": 1,
                                    "Actual Startup Time": 868.867,
                                    "Actual Total Time": 868.868,
                                    "Actual Rows": 1,
                                    "Actual Loops": 1
                                },
                                {
                                    "Worker Number": 2,
                                    "Actual Startup Time": 869.266,
                                    "Actual Total Time": 869.267,
                                    "Actual Rows": 1,
                                    "Actual Loops": 1
                                },
                                {
                                    "Worker Number": 3,
                                    "Actual Startup Time": 869.496,
                                    "Actual Total Time": 869.497,
                                    "Actual Rows": 1,
                                    "Actual Loops": 1
                                },
                                {
                                    "Worker Number": 4,
                                    "Actual Startup Time": 869.876,
                                    "Actual Total Time": 869.877,
                                    "Actual Rows": 1,
                                    "Actual Loops": 1
                                },
                                {
                                    "Worker Number": 5,
                                    "Actual Startup Time": 870.151,
                                    "Actual Total Time": 870.152,
                                    "Actual Rows": 1,
                                    "Actual Loops": 1
                                }
                            ],
                            "Plans": [
                                {
                                    "Node Type": "Seq Scan",
                                    "Parent Relationship": "Outer",
                                    "Parallel Aware": true,
                                    "Relation Name": "cast_info",
                                    "Schema": "public",
                                    "Alias": "ci",
                                    "Startup Cost": 0.0,
                                    "Total Cost": 343318.94,
                                    "Plan Rows": 5147589,
                                    "Plan Width": 0,
                                    "Actual Startup Time": 18.705,
                                    "Actual Total Time": 682.489,
                                    "Actual Rows": 4382793,
                                    "Actual Loops": 7,
                                    "Output": [
                                        "id",
                                        "person_id",
                                        "movie_id",
                                        "person_role_id",
                                        "note",
                                        "nr_order",
                                        "role_id"
                                    ],
                                    "Filter": "((ci.person_id > 99726) AND (ci.role_id < 10))",
                                    "Rows Removed by Filter": 794970,
                                    "Workers": [
                                        {
                                            "Worker Number": 0,
                                            "Actual Startup Time": 16.369,
                                            "Actual Total Time": 677.167,
                                            "Actual Rows": 2889422,
                                            "Actual Loops": 1
                                        },
                                        {
                                            "Worker Number": 1,
                                            "Actual Startup Time": 16.675,
                                            "Actual Total Time": 683.747,
                                            "Actual Rows": 4483805,
                                            "Actual Loops": 1
                                        },
                                        {
                                            "Worker Number": 2,
                                            "Actual Startup Time": 17.071,
                                            "Actual Total Time": 684.642,
                                            "Actual Rows": 4499021,
                                            "Actual Loops": 1
                                        },
                                        {
                                            "Worker Number": 3,
                                            "Actual Startup Time": 17.307,
                                            "Actual Total Time": 685.145,
                                            "Actual Rows": 4483443,
                                            "Actual Loops": 1
                                        },
                                        {
                                            "Worker Number": 4,
                                            "Actual Startup Time": 17.659,
                                            "Actual Total Time": 685.015,
                                            "Actual Rows": 4475588,
                                            "Actual Loops": 1
                                        },
                                        {
                                            "Worker Number": 5,
                                            "Actual Startup Time": 17.948,
                                            "Actual Total Time": 685.21,
                                            "Actual Rows": 4479731,
                                            "Actual Loops": 1
                                        }
                                    ]
                                }
                            ]
                        }
                    ]
                }
            ]
        },
        "Planning Time": 174.271,
        "Triggers": [],
        "Execution Time": 909.772
    }
]