[
  {
    "Plan": {
      "Node Type": "Aggregate",
      "Strategy": "Plain",
      "Partial Mode": "Finalize",
      "Parallel Aware": false,
      "Startup Cost": 328603.15,
      "Total Cost": 328603.16,
      "Plan Rows": 1,
      "Plan Width": 8,
      "Actual Startup Time": 267.425,
      "Actual Total Time": 278.993,
      "Actual Rows": 1,
      "Actual Loops": 1,
      "Plans": [
        {
          "Node Type": "Gather",
          "Parent Relationship": "Outer",
          "Parallel Aware": false,
          "Startup Cost": 328602.52,
          "Total Cost": 328603.13,
          "Plan Rows": 6,
          "Plan Width": 8,
          "Actual Startup Time": 266.489,
          "Actual Total Time": 278.984,
          "Actual Rows": 7,
          "Actual Loops": 1,
          "Workers Planned": 6,
          "Workers Launched": 6,
          "Single Copy": false,
          "Plans": [
            {
              "Node Type": "Aggregate",
              "Strategy": "Plain",
              "Partial Mode": "Partial",
              "Parent Relationship": "Outer",
              "Parallel Aware": false,
              "Startup Cost": 327602.52,
              "Total Cost": 327602.53,
              "Plan Rows": 1,
              "Plan Width": 8,
              "Actual Startup Time": 256.875,
              "Actual Total Time": 256.876,
              "Actual Rows": 1,
              "Actual Loops": 7,
              "Plans": [
                {
                  "Node Type": "Bitmap Heap Scan",
                  "Parent Relationship": "Outer",
                  "Parallel Aware": true,
                  "Relation Name": "cast_info",
                  "Alias": "ci",
                  "Startup Cost": 67298.22,
                  "Total Cost": 326332.97,
                  "Plan Rows": 507820,
                  "Plan Width": 0,
                  "Actual Startup Time": 124.066,
                  "Actual Total Time": 236.01,
                  "Actual Rows": 419933,
                  "Actual Loops": 7,
                  "Recheck Cond": "(person_id > 3512603)",
                  "Rows Removed by Index Recheck": 0,
                  "Exact Heap Blocks": 9452,
                  "Lossy Heap Blocks": 0,
                  "Plans": [
                    {
                      "Node Type": "Bitmap Index Scan",
                      "Parent Relationship": "Outer",
                      "Parallel Aware": false,
                      "Index Name": "person_id_cast_info",
                      "Startup Cost": 0.0,
                      "Total Cost": 66536.49,
                      "Plan Rows": 3046923,
                      "Plan Width": 0,
                      "Actual Startup Time": 125.815,
                      "Actual Total Time": 125.816,
                      "Actual Rows": 2939529,
                      "Actual Loops": 1,
                      "Index Cond": "(person_id > 3512603)"
                    }
                  ]
                }
              ]
            }
          ]
        }
      ]
    },
    "Planning Time": 0.194,
    "Triggers": [],
    "Execution Time": 279.07
  }
]