[
    {
        "Bao": {
            "Bao prediction": "NaN",
            "Bao recommended hint": "(no hint)"
        }
    },
    {
        "Plan": {
            "Node Type": "Aggregate",
            "Strategy": "Plain",
            "Partial Mode": "Finalize",
            "Parallel Aware": false,
            "Startup Cost": 33041.92,
            "Total Cost": 33041.93,
            "Plan Rows": 1,
            "Plan Width": 8,
            "Actual Startup Time": 109.684,
            "Actual Total Time": 117.383,
            "Actual Rows": 1,
            "Actual Loops": 1,
            "Output": [
                "count(*)"
            ],
            "Plans": [
                {
                    "Node Type": "Gather",
                    "Parent Relationship": "Outer",
                    "Parallel Aware": false,
                    "Startup Cost": 33041.61,
                    "Total Cost": 33041.92,
                    "Plan Rows": 3,
                    "Plan Width": 8,
                    "Actual Startup Time": 109.591,
                    "Actual Total Time": 117.377,
                    "Actual Rows": 4,
                    "Actual Loops": 1,
                    "Output": [
                        "(PARTIAL count(*))"
                    ],
                    "Workers Planned": 3,
                    "Workers Launched": 3,
                    "Single Copy": false,
                    "Plans": [
                        {
                            "Node Type": "Aggregate",
                            "Strategy": "Plain",
                            "Partial Mode": "Partial",
                            "Parent Relationship": "Outer",
                            "Parallel Aware": false,
                            "Startup Cost": 32041.61,
                            "Total Cost": 32041.62,
                            "Plan Rows": 1,
                            "Plan Width": 8,
                            "Actual Startup Time": 101.746,
                            "Actual Total Time": 101.747,
                            "Actual Rows": 1,
                            "Actual Loops": 4,
                            "Output": [
                                "PARTIAL count(*)"
                            ],
                            "Workers": [
                                {
                                    "Worker Number": 0,
                                    "Actual Startup Time": 99.102,
                                    "Actual Total Time": 99.103,
                                    "Actual Rows": 1,
                                    "Actual Loops": 1
                                },
                                {
                                    "Worker Number": 1,
                                    "Actual Startup Time": 99.181,
                                    "Actual Total Time": 99.183,
                                    "Actual Rows": 1,
                                    "Actual Loops": 1
                                },
                                {
                                    "Worker Number": 2,
                                    "Actual Startup Time": 99.397,
                                    "Actual Total Time": 99.398,
                                    "Actual Rows": 1,
                                    "Actual Loops": 1
                                }
                            ],
                            "Plans": [
                                {
                                    "Node Type": "Seq Scan",
                                    "Parent Relationship": "Outer",
                                    "Parallel Aware": true,
                                    "Relation Name": "movie_companies",
                                    "Schema": "public",
                                    "Alias": "mc",
                                    "Startup Cost": 0.0,
                                    "Total Cost": 31414.82,
                                    "Plan Rows": 250715,
                                    "Plan Width": 0,
                                    "Actual Startup Time": 43.365,
                                    "Actual Total Time": 87.888,
                                    "Actual Rows": 248576,
                                    "Actual Loops": 4,
                                    "Output": [
                                        "id",
                                        "movie_id",
                                        "company_id",
                                        "company_type_id",
                                        "note"
                                    ],
                                    "Filter": "((mc.company_id > 6991) AND (mc.company_type_id > 1))",
                                    "Rows Removed by Filter": 403707,
                                    "Workers": [
                                        {
                                            "Worker Number": 0,
                                            "Actual Startup Time": 40.712,
                                            "Actual Total Time": 85.447,
                                            "Actual Rows": 207452,
                                            "Actual Loops": 1
                                        },
                                        {
                                            "Worker Number": 1,
                                            "Actual Startup Time": 40.823,
                                            "Actual Total Time": 85.578,
                                            "Actual Rows": 207278,
                                            "Actual Loops": 1
                                        },
                                        {
                                            "Worker Number": 2,
                                            "Actual Startup Time": 41.004,
                                            "Actual Total Time": 85.912,
                                            "Actual Rows": 205459,
                                            "Actual Loops": 1
                                        }
                                    ]
                                }
                            ]
                        }
                    ]
                }
            ]
        },
        "Planning Time": 188.438,
        "Triggers": [],
        "Execution Time": 117.427
    }
]