[
  {
    "Plan": {
      "Node Type": "Aggregate",
      "Strategy": "Plain",
      "Partial Mode": "Finalize",
      "Parallel Aware": false,
      "Startup Cost": 236331.65,
      "Total Cost": 236331.66,
      "Plan Rows": 1,
      "Plan Width": 8,
      "Actual Startup Time": 202.664,
      "Actual Total Time": 216.116,
      "Actual Rows": 1,
      "Actual Loops": 1,
      "Plans": [
        {
          "Node Type": "Gather",
          "Parent Relationship": "Outer",
          "Parallel Aware": false,
          "Startup Cost": 236331.12,
          "Total Cost": 236331.63,
          "Plan Rows": 5,
          "Plan Width": 8,
          "Actual Startup Time": 202.083,
          "Actual Total Time": 216.095,
          "Actual Rows": 6,
          "Actual Loops": 1,
          "Workers Planned": 5,
          "Workers Launched": 5,
          "Single Copy": false,
          "Plans": [
            {
              "Node Type": "Aggregate",
              "Strategy": "Plain",
              "Partial Mode": "Partial",
              "Parent Relationship": "Outer",
              "Parallel Aware": false,
              "Startup Cost": 235331.12,
              "Total Cost": 235331.13,
              "Plan Rows": 1,
              "Plan Width": 8,
              "Actual Startup Time": 194.995,
              "Actual Total Time": 194.999,
              "Actual Rows": 1,
              "Actual Loops": 6,
              "Plans": [
                {
                  "Node Type": "Hash Join",
                  "Parent Relationship": "Outer",
                  "Parallel Aware": true,
                  "Join Type": "Inner",
                  "Startup Cost": 69354.38,
                  "Total Cost": 235318.87,
                  "Plan Rows": 4900,
                  "Plan Width": 0,
                  "Actual Startup Time": 123.22,
                  "Actual Total Time": 194.502,
                  "Actual Rows": 6211,
                  "Actual Loops": 6,
                  "Inner Unique": true,
                  "Hash Cond": "(mi.movie_id = t.id)",
                  "Plans": [
                    {
                      "Node Type": "Bitmap Heap Scan",
                      "Parent Relationship": "Outer",
                      "Parallel Aware": true,
                      "Relation Name": "movie_info",
                      "Alias": "mi",
                      "Startup Cost": 23727.33,
                      "Total Cost": 189002.56,
                      "Plan Rows": 262578,
                      "Plan Width": 4,
                      "Actual Startup Time": 43.269,
                      "Actual Total Time": 79.807,
                      "Actual Rows": 220894,
                      "Actual Loops": 6,
                      "Recheck Cond": "(info_type_id = 8)",
                      "Rows Removed by Index Recheck": 0,
                      "Exact Heap Blocks": 1485,
                      "Lossy Heap Blocks": 0,
                      "Plans": [
                        {
                          "Node Type": "Bitmap Index Scan",
                          "Parent Relationship": "Outer",
                          "Parallel Aware": false,
                          "Index Name": "info_type_id_movie_info",
                          "Startup Cost": 0.0,
                          "Total Cost": 23399.11,
                          "Plan Rows": 1312890,
                          "Plan Width": 0,
                          "Actual Startup Time": 41.857,
                          "Actual Total Time": 41.858,
                          "Actual Rows": 1325361,
                          "Actual Loops": 1,
                          "Index Cond": "(info_type_id = 8)"
                        }
                      ]
                    },
                    {
                      "Node Type": "Hash",
                      "Parent Relationship": "Inner",
                      "Parallel Aware": true,
                      "Startup Cost": 45479.59,
                      "Total Cost": 45479.59,
                      "Plan Rows": 11797,
                      "Plan Width": 4,
                      "Actual Startup Time": 79.311,
                      "Actual Total Time": 79.312,
                      "Actual Rows": 5915,
                      "Actual Loops": 6,
                      "Hash Buckets": 65536,
                      "Original Hash Buckets": 65536,
                      "Hash Batches": 1,
                      "Original Hash Batches": 1,
                      "Peak Memory Usage": 1984,
                      "Plans": [
                        {
                          "Node Type": "Seq Scan",
                          "Parent Relationship": "Outer",
                          "Parallel Aware": true,
                          "Relation Name": "title",
                          "Alias": "t",
                          "Startup Cost": 0.0,
                          "Total Cost": 45479.59,
                          "Plan Rows": 11797,
                          "Plan Width": 4,
                          "Actual Startup Time": 0.099,
                          "Actual Total Time": 76.346,
                          "Actual Rows": 5915,
                          "Actual Loops": 6,
                          "Filter": "((kind_id < 7) AND (production_year = 2007))",
                          "Rows Removed by Filter": 415470
                        }
                      ]
                    }
                  ]
                }
              ]
            }
          ]
        }
      ]
    },
    "Planning Time": 0.274,
    "Triggers": [],
    "Execution Time": 216.178
  }
]