[
  {
    "Plan": {
      "Node Type": "Aggregate",
      "Strategy": "Plain",
      "Partial Mode": "Finalize",
      "Parallel Aware": false,
      "Startup Cost": 45041.41,
      "Total Cost": 45041.42,
      "Plan Rows": 1,
      "Plan Width": 8,
      "Actual Startup Time": 156.869,
      "Actual Total Time": 168.306,
      "Actual Rows": 1,
      "Actual Loops": 1,
      "Plans": [
        {
          "Node Type": "Gather",
          "Parent Relationship": "Outer",
          "Parallel Aware": false,
          "Startup Cost": 45041.09,
          "Total Cost": 45041.4,
          "Plan Rows": 3,
          "Plan Width": 8,
          "Actual Startup Time": 156.534,
          "Actual Total Time": 168.288,
          "Actual Rows": 4,
          "Actual Loops": 1,
          "Workers Planned": 3,
          "Workers Launched": 3,
          "Single Copy": false,
          "Plans": [
            {
              "Node Type": "Aggregate",
              "Strategy": "Plain",
              "Partial Mode": "Partial",
              "Parent Relationship": "Outer",
              "Parallel Aware": false,
              "Startup Cost": 44041.09,
              "Total Cost": 44041.1,
              "Plan Rows": 1,
              "Plan Width": 8,
              "Actual Startup Time": 147.791,
              "Actual Total Time": 147.793,
              "Actual Rows": 1,
              "Actual Loops": 4,
              "Plans": [
                {
                  "Node Type": "Seq Scan",
                  "Parent Relationship": "Outer",
                  "Parallel Aware": true,
                  "Relation Name": "movie_keyword",
                  "Alias": "mk",
                  "Startup Cost": 0.0,
                  "Total Cost": 42695.65,
                  "Plan Rows": 538175,
                  "Plan Width": 0,
                  "Actual Startup Time": 1.076,
                  "Actual Total Time": 126.33,
                  "Actual Rows": 412947,
                  "Actual Loops": 4,
                  "Filter": "(keyword_id > 8857)",
                  "Rows Removed by Filter": 718036
                }
              ]
            }
          ]
        }
      ]
    },
    "Planning Time": 0.151,
    "Triggers": [],
    "Execution Time": 168.351
  }
]