[
  {
    "Plan": {
      "Node Type": "Aggregate",
      "Strategy": "Plain",
      "Partial Mode": "Finalize",
      "Parallel Aware": false,
      "Startup Cost": 291816.85,
      "Total Cost": 291816.86,
      "Plan Rows": 1,
      "Plan Width": 8,
      "Actual Startup Time": 1153.73,
      "Actual Total Time": 1204.19,
      "Actual Rows": 1,
      "Actual Loops": 1,
      "Plans": [
        {
          "Node Type": "Gather",
          "Parent Relationship": "Outer",
          "Parallel Aware": false,
          "Startup Cost": 291816.33,
          "Total Cost": 291816.84,
          "Plan Rows": 5,
          "Plan Width": 8,
          "Actual Startup Time": 1145.942,
          "Actual Total Time": 1204.179,
          "Actual Rows": 6,
          "Actual Loops": 1,
          "Workers Planned": 5,
          "Workers Launched": 5,
          "Single Copy": false,
          "Plans": [
            {
              "Node Type": "Aggregate",
              "Strategy": "Plain",
              "Partial Mode": "Partial",
              "Parent Relationship": "Outer",
              "Parallel Aware": false,
              "Startup Cost": 290816.33,
              "Total Cost": 290816.34,
              "Plan Rows": 1,
              "Plan Width": 8,
              "Actual Startup Time": 1136.978,
              "Actual Total Time": 1137.082,
              "Actual Rows": 1,
              "Actual Loops": 6,
              "Plans": [
                {
                  "Node Type": "Hash Join",
                  "Parent Relationship": "Outer",
                  "Parallel Aware": true,
                  "Join Type": "Inner",
                  "Startup Cost": 79173.24,
                  "Total Cost": 289914.35,
                  "Plan Rows": 360794,
                  "Plan Width": 0,
                  "Actual Startup Time": 250.809,
                  "Actual Total Time": 1066.103,
                  "Actual Rows": 1620215,
                  "Actual Loops": 6,
                  "Inner Unique": false,
                  "Hash Cond": "(mi.movie_id = t.id)",
                  "Plans": [
                    {
                      "Node Type": "Seq Scan",
                      "Parent Relationship": "Outer",
                      "Parallel Aware": true,
                      "Relation Name": "movie_info",
                      "Alias": "mi",
                      "Startup Cost": 0.0,
                      "Total Cost": 199108.24,
                      "Plan Rows": 2791737,
                      "Plan Width": 4,
                      "Actual Startup Time": 0.051,
                      "Actual Total Time": 359.374,
                      "Actual Rows": 2327249,
                      "Actual Loops": 6,
                      "Filter": "(info_type_id < 98)",
                      "Rows Removed by Filter": 145371
                    },
                    {
                      "Node Type": "Hash",
                      "Parent Relationship": "Inner",
                      "Parallel Aware": true,
                      "Startup Cost": 77855.64,
                      "Total Cost": 77855.64,
                      "Plan Rows": 105408,
                      "Plan Width": 8,
                      "Actual Startup Time": 247.696,
                      "Actual Total Time": 247.799,
                      "Actual Rows": 82756,
                      "Actual Loops": 6,
                      "Hash Buckets": 524288,
                      "Original Hash Buckets": 524288,
                      "Hash Batches": 1,
                      "Original Hash Batches": 1,
                      "Peak Memory Usage": 23648,
                      "Plans": [
                        {
                          "Node Type": "Hash Join",
                          "Parent Relationship": "Outer",
                          "Parallel Aware": true,
                          "Join Type": "Inner",
                          "Startup Cost": 47415.84,
                          "Total Cost": 77855.64,
                          "Plan Rows": 105408,
                          "Plan Width": 8,
                          "Actual Startup Time": 142.104,
                          "Actual Total Time": 220.131,
                          "Actual Rows": 82756,
                          "Actual Loops": 6,
                          "Inner Unique": true,
                          "Hash Cond": "(mc.movie_id = t.id)",
                          "Plans": [
                            {
                              "Node Type": "Seq Scan",
                              "Parent Relationship": "Outer",
                              "Parallel Aware": true,
                              "Relation Name": "movie_companies",
                              "Alias": "mc",
                              "Startup Cost": 0.0,
                              "Total Cost": 29310.68,
                              "Plan Rows": 430142,
                              "Plan Width": 4,
                              "Actual Startup Time": 23.121,
                              "Actual Total Time": 50.9,
                              "Actual Rows": 222480,
                              "Actual Loops": 6,
                              "Filter": "(company_type_id = 2)",
                              "Rows Removed by Filter": 212374
                            },
                            {
                              "Node Type": "Hash",
                              "Parent Relationship": "Inner",
                              "Parallel Aware": true,
                              "Startup Cost": 45479.59,
                              "Total Cost": 45479.59,
                              "Plan Rows": 154900,
                              "Plan Width": 4,
                              "Actual Startup Time": 117.806,
                              "Actual Total Time": 117.807,
                              "Actual Rows": 83730,
                              "Actual Loops": 6,
                              "Hash Buckets": 1048576,
                              "Original Hash Buckets": 1048576,
                              "Hash Batches": 1,
                              "Original Hash Batches": 1,
                              "Peak Memory Usage": 27968,
                              "Plans": [
                                {
                                  "Node Type": "Seq Scan",
                                  "Parent Relationship": "Outer",
                                  "Parallel Aware": true,
                                  "Relation Name": "title",
                                  "Alias": "t",
                                  "Startup Cost": 0.0,
                                  "Total Cost": 45479.59,
                                  "Plan Rows": 154900,
                                  "Plan Width": 4,
                                  "Actual Startup Time": 0.047,
                                  "Actual Total Time": 82.293,
                                  "Actual Rows": 83730,
                                  "Actual Loops": 6,
                                  "Filter": "((kind_id < 3) AND (production_year > 1971))",
                                  "Rows Removed by Filter": 337655
                                }
                              ]
                            }
                          ]
                        }
                      ]
                    }
                  ]
                }
              ]
            }
          ]
        }
      ]
    },
    "Planning Time": 0.475,
    "Triggers": [],
    "Execution Time": 1204.245
  }
]