[
  {
    "Plan": {
      "Node Type": "Aggregate",
      "Strategy": "Plain",
      "Partial Mode": "Finalize",
      "Parallel Aware": false,
      "Startup Cost": 440478.23,
      "Total Cost": 440478.24,
      "Plan Rows": 1,
      "Plan Width": 8,
      "Actual Startup Time": 1329.122,
      "Actual Total Time": 1393.486,
      "Actual Rows": 1,
      "Actual Loops": 1,
      "Plans": [
        {
          "Node Type": "Gather",
          "Parent Relationship": "Outer",
          "Parallel Aware": false,
          "Startup Cost": 440477.6,
          "Total Cost": 440478.21,
          "Plan Rows": 6,
          "Plan Width": 8,
          "Actual Startup Time": 1314.72,
          "Actual Total Time": 1393.473,
          "Actual Rows": 7,
          "Actual Loops": 1,
          "Workers Planned": 6,
          "Workers Launched": 6,
          "Single Copy": false,
          "Plans": [
            {
              "Node Type": "Aggregate",
              "Strategy": "Plain",
              "Partial Mode": "Partial",
              "Parent Relationship": "Outer",
              "Parallel Aware": false,
              "Startup Cost": 439477.6,
              "Total Cost": 439477.61,
              "Plan Rows": 1,
              "Plan Width": 8,
              "Actual Startup Time": 1303.717,
              "Actual Total Time": 1303.945,
              "Actual Rows": 1,
              "Actual Loops": 7,
              "Plans": [
                {
                  "Node Type": "Hash Join",
                  "Parent Relationship": "Outer",
                  "Parallel Aware": true,
                  "Join Type": "Inner",
                  "Startup Cost": 83991.64,
                  "Total Cost": 437868.48,
                  "Plan Rows": 643650,
                  "Plan Width": 0,
                  "Actual Startup Time": 622.014,
                  "Actual Total Time": 1270.401,
                  "Actual Rows": 810526,
                  "Actual Loops": 7,
                  "Inner Unique": false,
                  "Hash Cond": "(ci.movie_id = t.id)",
                  "Plans": [
                    {
                      "Node Type": "Seq Scan",
                      "Parent Relationship": "Outer",
                      "Parallel Aware": true,
                      "Relation Name": "cast_info",
                      "Alias": "ci",
                      "Startup Cost": 0.0,
                      "Total Cost": 343257.03,
                      "Plan Rows": 2278272,
                      "Plan Width": 4,
                      "Actual Startup Time": 316.506,
                      "Actual Total Time": 632.251,
                      "Actual Rows": 2056589,
                      "Actual Loops": 7,
                      "Filter": "((person_id > 597699) AND (role_id > 2))",
                      "Rows Removed by Filter": 3121174
                    },
                    {
                      "Node Type": "Hash",
                      "Parent Relationship": "Inner",
                      "Parallel Aware": true,
                      "Startup Cost": 81111.45,
                      "Total Cost": 81111.45,
                      "Plan Rows": 230415,
                      "Plan Width": 8,
                      "Actual Startup Time": 302.103,
                      "Actual Total Time": 302.329,
                      "Actual Rows": 57210,
                      "Actual Loops": 7,
                      "Hash Buckets": 1048576,
                      "Original Hash Buckets": 1048576,
                      "Hash Batches": 1,
                      "Original Hash Batches": 1,
                      "Peak Memory Usage": 24000,
                      "Plans": [
                        {
                          "Node Type": "Hash Join",
                          "Parent Relationship": "Outer",
                          "Parallel Aware": true,
                          "Join Type": "Inner",
                          "Startup Cost": 48701.62,
                          "Total Cost": 81111.45,
                          "Plan Rows": 230415,
                          "Plan Width": 8,
                          "Actual Startup Time": 205.84,
                          "Actual Total Time": 277.405,
                          "Actual Rows": 57210,
                          "Actual Loops": 7,
                          "Inner Unique": true,
                          "Hash Cond": "(mc.movie_id = t.id)",
                          "Plans": [
                            {
                              "Node Type": "Seq Scan",
                              "Parent Relationship": "Outer",
                              "Parallel Aware": true,
                              "Relation Name": "movie_companies",
                              "Alias": "mc",
                              "Startup Cost": 0.0,
                              "Total Cost": 31414.82,
                              "Plan Rows": 379054,
                              "Plan Width": 4,
                              "Actual Startup Time": 21.15,
                              "Actual Total Time": 45.186,
                              "Actual Rows": 148174,
                              "Actual Loops": 7,
                              "Filter": "((company_id < 94745) AND (company_type_id > 1))",
                              "Rows Removed by Filter": 224559
                            },
                            {
                              "Node Type": "Hash",
                              "Parent Relationship": "Inner",
                              "Parallel Aware": true,
                              "Startup Cost": 43898.92,
                              "Total Cost": 43898.92,
                              "Plan Rows": 384216,
                              "Plan Width": 4,
                              "Actual Startup Time": 182.053,
                              "Actual Total Time": 182.054,
                              "Actual Rows": 220466,
                              "Actual Loops": 7,
                              "Hash Buckets": 2097152,
                              "Original Hash Buckets": 2097152,
                              "Hash Batches": 1,
                              "Original Hash Batches": 1,
                              "Peak Memory Usage": 76864,
                              "Plans": [
                                {
                                  "Node Type": "Seq Scan",
                                  "Parent Relationship": "Outer",
                                  "Parallel Aware": true,
                                  "Relation Name": "title",
                                  "Alias": "t",
                                  "Startup Cost": 0.0,
                                  "Total Cost": 43898.92,
                                  "Plan Rows": 384216,
                                  "Plan Width": 4,
                                  "Actual Startup Time": 0.041,
                                  "Actual Total Time": 74.69,
                                  "Actual Rows": 220466,
                                  "Actual Loops": 7,
                                  "Filter": "(kind_id = 7)",
                                  "Rows Removed by Filter": 140721
                                }
                              ]
                            }
                          ]
                        }
                      ]
                    }
                  ]
                }
              ]
            }
          ]
        }
      ]
    },
    "Planning Time": 1.469,
    "Triggers": [],
    "Execution Time": 1393.588
  }
]