{
  "Plan": {
    "Node Type": "Aggregate",
    "Strategy": "Plain",
    "Partial Mode": "Finalize",
    "Parallel Aware": false,
    "Startup Cost": 139417.65,
    "Total Cost": 139417.66,
    "Plan Rows": 1,
    "Plan Width": 8,
    "Actual Startup Time": 592.784,
    "Actual Total Time": 603.016,
    "Actual Rows": 1,
    "Actual Loops": 1,
    "Plans": [
      {
        "Node Type": "Gather",
        "Parent Relationship": "Outer",
        "Parallel Aware": false,
        "Startup Cost": 139417.54,
        "Total Cost": 139417.65,
        "Plan Rows": 1,
        "Plan Width": 8,
        "Actual Startup Time": 591.249,
        "Actual Total Time": 603.011,
        "Actual Rows": 2,
        "Actual Loops": 1,
        "Workers Planned": 1,
        "Workers Launched": 1,
        "Single Copy": false,
        "Plans": [
          {
            "Node Type": "Aggregate",
            "Strategy": "Plain",
            "Partial Mode": "Partial",
            "Parent Relationship": "Outer",
            "Parallel Aware": false,
            "Startup Cost": 138417.54,
            "Total Cost": 138417.55,
            "Plan Rows": 1,
            "Plan Width": 8,
            "Actual Startup Time": 585.954,
            "Actual Total Time": 585.96,
            "Actual Rows": 1,
            "Actual Loops": 2,
            "Plans": [
              {
                "Node Type": "Hash Join",
                "Parent Relationship": "Outer",
                "Parallel Aware": true,
                "Join Type": "Inner",
                "Startup Cost": 77524.14,
                "Total Cost": 138237.07,
                "Plan Rows": 72186,
                "Plan Width": 0,
                "Actual Startup Time": 348.645,
                "Actual Total Time": 565.016,
                "Actual Rows": 533356,
                "Actual Loops": 2,
                "Inner Unique": false,
                "Hash Cond": "(mk.movie_id = t.id)",
                "Plans": [
                  {
                    "Node Type": "Seq Scan",
                    "Parent Relationship": "Outer",
                    "Parallel Aware": true,
                    "Relation Name": "movie_keyword",
                    "Alias": "mk",
                    "Startup Cost": 0.0,
                    "Total Cost": 57718.19,
                    "Plan Rows": 685363,
                    "Plan Width": 4,
                    "Actual Startup Time": 0.018,
                    "Actual Total Time": 155.489,
                    "Actual Rows": 587668,
                    "Actual Loops": 2,
                    "Filter": "(keyword_id < 1388)",
                    "Rows Removed by Filter": 1674298
                  },
                  {
                    "Node Type": "Hash",
                    "Parent Relationship": "Inner",
                    "Parallel Aware": true,
                    "Startup Cost": 75566.09,
                    "Total Cost": 75566.09,
                    "Plan Rows": 156644,
                    "Plan Width": 8,
                    "Actual Startup Time": 304.267,
                    "Actual Total Time": 304.271,
                    "Actual Rows": 189964,
                    "Actual Loops": 2,
                    "Hash Buckets": 524288,
                    "Original Hash Buckets": 524288,
                    "Hash Batches": 1,
                    "Original Hash Batches": 1,
                    "Peak Memory Usage": 18976,
                    "Plans": [
                      {
                        "Node Type": "Hash Join",
                        "Parent Relationship": "Outer",
                        "Parallel Aware": true,
                        "Join Type": "Inner",
                        "Startup Cost": 57382.3,
                        "Total Cost": 75566.09,
                        "Plan Rows": 156644,
                        "Plan Width": 8,
                        "Actual Startup Time": 176.104,
                        "Actual Total Time": 268.939,
                        "Actual Rows": 189964,
                        "Actual Loops": 2,
                        "Inner Unique": true,
                        "Hash Cond": "(mi_idx.movie_id = t.id)",
                        "Plans": [
                          {
                            "Node Type": "Seq Scan",
                            "Parent Relationship": "Outer",
                            "Parallel Aware": true,
                            "Relation Name": "movie_info_idx",
                            "Alias": "mi_idx",
                            "Startup Cost": 0.0,
                            "Total Cost": 16052.85,
                            "Plan Rows": 811785,
                            "Plan Width": 4,
                            "Actual Startup Time": 0.018,
                            "Actual Total Time": 47.087,
                            "Actual Rows": 690018,
                            "Actual Loops": 2
                          },
                          {
                            "Node Type": "Hash",
                            "Parent Relationship": "Inner",
                            "Parallel Aware": true,
                            "Startup Cost": 53795.07,
                            "Total Cost": 53795.07,
                            "Plan Rows": 286978,
                            "Plan Width": 4,
                            "Actual Startup Time": 127.773,
                            "Actual Total Time": 127.774,
                            "Actual Rows": 179935,
                            "Actual Loops": 2,
                            "Hash Buckets": 524288,
                            "Original Hash Buckets": 524288,
                            "Hash Batches": 1,
                            "Original Hash Batches": 1,
                            "Peak Memory Usage": 18208,
                            "Plans": [
                              {
                                "Node Type": "Bitmap Heap Scan",
                                "Parent Relationship": "Outer",
                                "Parallel Aware": true,
                                "Relation Name": "title",
                                "Alias": "t",
                                "Startup Cost": 11944.82,
                                "Total Cost": 53795.07,
                                "Plan Rows": 286978,
                                "Plan Width": 4,
                                "Actual Startup Time": 25.442,
                                "Actual Total Time": 88.564,
                                "Actual Rows": 179935,
                                "Actual Loops": 2,
                                "Recheck Cond": "(kind_id = 1)",
                                "Rows Removed by Index Recheck": 0,
                                "Filter": "(production_year > 1985)",
                                "Rows Removed by Filter": 151478,
                                "Exact Heap Blocks": 8028,
                                "Lossy Heap Blocks": 0,
                                "Plans": [
                                  {
                                    "Node Type": "Bitmap Index Scan",
                                    "Parent Relationship": "Outer",
                                    "Parallel Aware": false,
                                    "Index Name": "kind_id_title",
                                    "Startup Cost": 0.0,
                                    "Total Cost": 11822.85,
                                    "Plan Rows": 663256,
                                    "Plan Width": 0,
                                    "Actual Startup Time": 23.749,
                                    "Actual Total Time": 23.749,
                                    "Actual Rows": 662825,
                                    "Actual Loops": 1,
                                    "Index Cond": "(kind_id = 1)"
                                  }
                                ]
                              }
                            ]
                          }
                        ]
                      }
                    ]
                  }
                ]
              }
            ]
          }
        ]
      }
    ]
  },
  "Planning Time": 0.49,
  "Triggers": [],
  "Execution Time": 603.075
}