[
  {
    "Plan": {
      "Node Type": "Aggregate",
      "Strategy": "Plain",
      "Partial Mode": "Finalize",
      "Parallel Aware": false,
      "Startup Cost": 47441.17,
      "Total Cost": 47441.18,
      "Plan Rows": 1,
      "Plan Width": 8,
      "Actual Startup Time": 114.049,
      "Actual Total Time": 125.713,
      "Actual Rows": 1,
      "Actual Loops": 1,
      "Plans": [
        {
          "Node Type": "Gather",
          "Parent Relationship": "Outer",
          "Parallel Aware": false,
          "Startup Cost": 47440.75,
          "Total Cost": 47441.16,
          "Plan Rows": 4,
          "Plan Width": 8,
          "Actual Startup Time": 113.922,
          "Actual Total Time": 125.705,
          "Actual Rows": 5,
          "Actual Loops": 1,
          "Workers Planned": 4,
          "Workers Launched": 4,
          "Single Copy": false,
          "Plans": [
            {
              "Node Type": "Aggregate",
              "Strategy": "Plain",
              "Partial Mode": "Partial",
              "Parent Relationship": "Outer",
              "Parallel Aware": false,
              "Startup Cost": 46440.75,
              "Total Cost": 46440.76,
              "Plan Rows": 1,
              "Plan Width": 8,
              "Actual Startup Time": 106.562,
              "Actual Total Time": 106.564,
              "Actual Rows": 1,
              "Actual Loops": 5,
              "Plans": [
                {
                  "Node Type": "Seq Scan",
                  "Parent Relationship": "Outer",
                  "Parallel Aware": true,
                  "Relation Name": "title",
                  "Alias": "t",
                  "Startup Cost": 0.0,
                  "Total Cost": 45479.1,
                  "Plan Rows": 384661,
                  "Plan Width": 0,
                  "Actual Startup Time": 0.036,
                  "Actual Total Time": 90.392,
                  "Actual Rows": 321756,
                  "Actual Loops": 5,
                  "Filter": "((kind_id > 3) AND (production_year > 1936))",
                  "Rows Removed by Filter": 183907
                }
              ]
            }
          ]
        }
      ]
    },
    "Planning Time": 0.171,
    "Triggers": [],
    "Execution Time": 125.762
  }
]