[
  {
    "Plan": {
      "Node Type": "Aggregate",
      "Strategy": "Plain",
      "Partial Mode": "Finalize",
      "Parallel Aware": false,
      "Startup Cost": 339503.16,
      "Total Cost": 339503.17,
      "Plan Rows": 1,
      "Plan Width": 8,
      "Actual Startup Time": 805.051,
      "Actual Total Time": 849.308,
      "Actual Rows": 1,
      "Actual Loops": 1,
      "Plans": [
        {
          "Node Type": "Gather",
          "Parent Relationship": "Outer",
          "Parallel Aware": false,
          "Startup Cost": 339502.54,
          "Total Cost": 339503.15,
          "Plan Rows": 6,
          "Plan Width": 8,
          "Actual Startup Time": 804.852,
          "Actual Total Time": 849.296,
          "Actual Rows": 7,
          "Actual Loops": 1,
          "Workers Planned": 6,
          "Workers Launched": 6,
          "Single Copy": false,
          "Plans": [
            {
              "Node Type": "Aggregate",
              "Strategy": "Plain",
              "Partial Mode": "Partial",
              "Parent Relationship": "Outer",
              "Parallel Aware": false,
              "Startup Cost": 338502.54,
              "Total Cost": 338502.55,
              "Plan Rows": 1,
              "Plan Width": 8,
              "Actual Startup Time": 796.353,
              "Actual Total Time": 796.355,
              "Actual Rows": 1,
              "Actual Loops": 7,
              "Plans": [
                {
                  "Node Type": "Seq Scan",
                  "Parent Relationship": "Outer",
                  "Parallel Aware": true,
                  "Relation Name": "cast_info",
                  "Alias": "ci",
                  "Startup Cost": 0.0,
                  "Total Cost": 328211.39,
                  "Plan Rows": 4116459,
                  "Plan Width": 0,
                  "Actual Startup Time": 133.542,
                  "Actual Total Time": 634.091,
                  "Actual Rows": 3515531,
                  "Actual Loops": 7,
                  "Filter": "(person_id > 1144541)",
                  "Rows Removed by Filter": 1662232
                }
              ]
            }
          ]
        }
      ]
    },
    "Planning Time": 0.193,
    "Triggers": [],
    "Execution Time": 849.377
  }
]