[
  {
    "Plan": {
      "Node Type": "Aggregate",
      "Strategy": "Plain",
      "Partial Mode": "Finalize",
      "Parallel Aware": false,
      "Startup Cost": 126777.7,
      "Total Cost": 126777.71,
      "Plan Rows": 1,
      "Plan Width": 8,
      "Actual Startup Time": 930.451,
      "Actual Total Time": 987.011,
      "Actual Rows": 1,
      "Actual Loops": 1,
      "Plans": [
        {
          "Node Type": "Gather",
          "Parent Relationship": "Outer",
          "Parallel Aware": false,
          "Startup Cost": 126777.38,
          "Total Cost": 126777.69,
          "Plan Rows": 3,
          "Plan Width": 8,
          "Actual Startup Time": 928.319,
          "Actual Total Time": 987.001,
          "Actual Rows": 4,
          "Actual Loops": 1,
          "Workers Planned": 3,
          "Workers Launched": 3,
          "Single Copy": false,
          "Plans": [
            {
              "Node Type": "Aggregate",
              "Strategy": "Plain",
              "Partial Mode": "Partial",
              "Parent Relationship": "Outer",
              "Parallel Aware": false,
              "Startup Cost": 125777.38,
              "Total Cost": 125777.39,
              "Plan Rows": 1,
              "Plan Width": 8,
              "Actual Startup Time": 918.692,
              "Actual Total Time": 918.697,
              "Actual Rows": 1,
              "Actual Loops": 4,
              "Plans": [
                {
                  "Node Type": "Nested Loop",
                  "Parent Relationship": "Outer",
                  "Parallel Aware": false,
                  "Join Type": "Inner",
                  "Startup Cost": 46008.87,
                  "Total Cost": 125668.99,
                  "Plan Rows": 43356,
                  "Plan Width": 0,
                  "Actual Startup Time": 197.41,
                  "Actual Total Time": 901.998,
                  "Actual Rows": 265214,
                  "Actual Loops": 4,
                  "Inner Unique": false,
                  "Join Filter": "(t.id = mi.movie_id)",
                  "Rows Removed by Join Filter": 0,
                  "Plans": [
                    {
                      "Node Type": "Hash Join",
                      "Parent Relationship": "Outer",
                      "Parallel Aware": true,
                      "Join Type": "Inner",
                      "Startup Cost": 46008.44,
                      "Total Cost": 78206.08,
                      "Plan Rows": 19960,
                      "Plan Width": 8,
                      "Actual Startup Time": 197.321,
                      "Actual Total Time": 329.782,
                      "Actual Rows": 59458,
                      "Actual Loops": 4,
                      "Inner Unique": true,
                      "Hash Cond": "(mc.movie_id = t.id)",
                      "Plans": [
                        {
                          "Node Type": "Seq Scan",
                          "Parent Relationship": "Outer",
                          "Parallel Aware": true,
                          "Relation Name": "movie_companies",
                          "Alias": "mc",
                          "Startup Cost": 0.0,
                          "Total Cost": 31414.82,
                          "Plan Rows": 298219,
                          "Plan Width": 4,
                          "Actual Startup Time": 39.881,
                          "Actual Total Time": 89.288,
                          "Actual Rows": 275688,
                          "Actual Loops": 4,
                          "Filter": "((company_id > 1741) AND (company_type_id > 1))",
                          "Rows Removed by Filter": 376594
                        },
                        {
                          "Node Type": "Hash",
                          "Parent Relationship": "Inner",
                          "Parallel Aware": true,
                          "Startup Cost": 45479.59,
                          "Total Cost": 45479.59,
                          "Plan Rows": 42308,
                          "Plan Width": 4,
                          "Actual Startup Time": 154.85,
                          "Actual Total Time": 154.852,
                          "Actual Rows": 70506,
                          "Actual Loops": 4,
                          "Hash Buckets": 524288,
                          "Original Hash Buckets": 262144,
                          "Hash Batches": 1,
                          "Original Hash Batches": 1,
                          "Peak Memory Usage": 17248,
                          "Plans": [
                            {
                              "Node Type": "Seq Scan",
                              "Parent Relationship": "Outer",
                              "Parallel Aware": true,
                              "Relation Name": "title",
                              "Alias": "t",
                              "Startup Cost": 0.0,
                              "Total Cost": 45479.59,
                              "Plan Rows": 42308,
                              "Plan Width": 4,
                              "Actual Startup Time": 0.163,
                              "Actual Total Time": 119.109,
                              "Actual Rows": 70506,
                              "Actual Loops": 4,
                              "Filter": "((kind_id < 7) AND (production_year < 1976))",
                              "Rows Removed by Filter": 561572
                            }
                          ]
                        }
                      ]
                    },
                    {
                      "Node Type": "Index Scan",
                      "Parent Relationship": "Inner",
                      "Parallel Aware": false,
                      "Scan Direction": "Forward",
                      "Index Name": "movie_id_movie_info",
                      "Relation Name": "movie_info",
                      "Alias": "mi",
                      "Startup Cost": 0.43,
                      "Total Cost": 2.19,
                      "Plan Rows": 15,
                      "Plan Width": 4,
                      "Actual Startup Time": 0.004,
                      "Actual Total Time": 0.009,
                      "Actual Rows": 4,
                      "Actual Loops": 237833,
                      "Index Cond": "(movie_id = mc.movie_id)",
                      "Rows Removed by Index Recheck": 0,
                      "Filter": "(info_type_id < 6)",
                      "Rows Removed by Filter": 9
                    }
                  ]
                }
              ]
            }
          ]
        }
      ]
    },
    "Planning Time": 1.576,
    "Triggers": [],
    "Execution Time": 987.119
  }
]