[
  {
    "Plan": {
      "Node Type": "Aggregate",
      "Strategy": "Plain",
      "Partial Mode": "Finalize",
      "Parallel Aware": false,
      "Startup Cost": 45457.7,
      "Total Cost": 45457.71,
      "Plan Rows": 1,
      "Plan Width": 8,
      "Actual Startup Time": 139.442,
      "Actual Total Time": 148.498,
      "Actual Rows": 1,
      "Actual Loops": 1,
      "Plans": [
        {
          "Node Type": "Gather",
          "Parent Relationship": "Outer",
          "Parallel Aware": false,
          "Startup Cost": 45457.38,
          "Total Cost": 45457.69,
          "Plan Rows": 3,
          "Plan Width": 8,
          "Actual Startup Time": 139.318,
          "Actual Total Time": 148.491,
          "Actual Rows": 4,
          "Actual Loops": 1,
          "Workers Planned": 3,
          "Workers Launched": 3,
          "Single Copy": false,
          "Plans": [
            {
              "Node Type": "Aggregate",
              "Strategy": "Plain",
              "Partial Mode": "Partial",
              "Parent Relationship": "Outer",
              "Parallel Aware": false,
              "Startup Cost": 44457.38,
              "Total Cost": 44457.39,
              "Plan Rows": 1,
              "Plan Width": 8,
              "Actual Startup Time": 134.151,
              "Actual Total Time": 134.152,
              "Actual Rows": 1,
              "Actual Loops": 4,
              "Plans": [
                {
                  "Node Type": "Seq Scan",
                  "Parent Relationship": "Outer",
                  "Parallel Aware": true,
                  "Relation Name": "movie_keyword",
                  "Alias": "mk",
                  "Startup Cost": 0.0,
                  "Total Cost": 42695.65,
                  "Plan Rows": 704691,
                  "Plan Width": 0,
                  "Actual Startup Time": 0.447,
                  "Actual Total Time": 109.954,
                  "Actual Rows": 545780,
                  "Actual Loops": 4,
                  "Filter": "(keyword_id > 5186)",
                  "Rows Removed by Filter": 585203
                }
              ]
            }
          ]
        }
      ]
    },
    "Planning Time": 0.138,
    "Triggers": [],
    "Execution Time": 148.535
  }
]