[
  {
    "Plan": {
      "Node Type": "Aggregate",
      "Strategy": "Plain",
      "Partial Mode": "Finalize",
      "Parallel Aware": false,
      "Startup Cost": 464986.83,
      "Total Cost": 464986.84,
      "Plan Rows": 1,
      "Plan Width": 8,
      "Actual Startup Time": 2112.926,
      "Actual Total Time": 2176.246,
      "Actual Rows": 1,
      "Actual Loops": 1,
      "Plans": [
        {
          "Node Type": "Gather",
          "Parent Relationship": "Outer",
          "Parallel Aware": false,
          "Startup Cost": 464986.21,
          "Total Cost": 464986.82,
          "Plan Rows": 6,
          "Plan Width": 8,
          "Actual Startup Time": 2081.166,
          "Actual Total Time": 2176.234,
          "Actual Rows": 7,
          "Actual Loops": 1,
          "Workers Planned": 6,
          "Workers Launched": 6,
          "Single Copy": false,
          "Plans": [
            {
              "Node Type": "Aggregate",
              "Strategy": "Plain",
              "Partial Mode": "Partial",
              "Parent Relationship": "Outer",
              "Parallel Aware": false,
              "Startup Cost": 463986.21,
              "Total Cost": 463986.22,
              "Plan Rows": 1,
              "Plan Width": 8,
              "Actual Startup Time": 2067.649,
              "Actual Total Time": 2067.658,
              "Actual Rows": 1,
              "Actual Loops": 7,
              "Plans": [
                {
                  "Node Type": "Hash Join",
                  "Parent Relationship": "Outer",
                  "Parallel Aware": true,
                  "Join Type": "Inner",
                  "Startup Cost": 101300.05,
                  "Total Cost": 459679.33,
                  "Plan Rows": 1722753,
                  "Plan Width": 0,
                  "Actual Startup Time": 765.112,
                  "Actual Total Time": 1918.526,
                  "Actual Rows": 3185749,
                  "Actual Loops": 7,
                  "Inner Unique": false,
                  "Hash Cond": "(ci.movie_id = t.id)",
                  "Plans": [
                    {
                      "Node Type": "Seq Scan",
                      "Parent Relationship": "Outer",
                      "Parallel Aware": true,
                      "Relation Name": "cast_info",
                      "Alias": "ci",
                      "Startup Cost": 0.0,
                      "Total Cost": 343316.27,
                      "Plan Rows": 2534863,
                      "Plan Width": 4,
                      "Actual Startup Time": 226.644,
                      "Actual Total Time": 679.076,
                      "Actual Rows": 1556250,
                      "Actual Loops": 7,
                      "Filter": "((person_id < 2412591) AND (role_id > 1))",
                      "Rows Removed by Filter": 3621513
                    },
                    {
                      "Node Type": "Hash",
                      "Parent Relationship": "Inner",
                      "Parallel Aware": true,
                      "Startup Cost": 94371.11,
                      "Total Cost": 94371.11,
                      "Plan Rows": 554315,
                      "Plan Width": 8,
                      "Actual Startup Time": 535.044,
                      "Actual Total Time": 535.05,
                      "Actual Rows": 245077,
                      "Actual Loops": 7,
                      "Hash Buckets": 2097152,
                      "Original Hash Buckets": 2097152,
                      "Hash Batches": 1,
                      "Original Hash Batches": 1,
                      "Peak Memory Usage": 83584,
                      "Plans": [
                        {
                          "Node Type": "Hash Join",
                          "Parent Relationship": "Outer",
                          "Parallel Aware": true,
                          "Join Type": "Inner",
                          "Startup Cost": 50220.38,
                          "Total Cost": 94371.11,
                          "Plan Rows": 554315,
                          "Plan Width": 8,
                          "Actual Startup Time": 293.98,
                          "Actual Total Time": 440.345,
                          "Actual Rows": 245077,
                          "Actual Loops": 7,
                          "Inner Unique": true,
                          "Hash Cond": "(mk.movie_id = t.id)",
                          "Plans": [
                            {
                              "Node Type": "Seq Scan",
                              "Parent Relationship": "Outer",
                              "Parallel Aware": true,
                              "Relation Name": "movie_keyword",
                              "Alias": "mk",
                              "Startup Cost": 0.0,
                              "Total Cost": 42695.65,
                              "Plan Rows": 554315,
                              "Plan Width": 4,
                              "Actual Startup Time": 0.04,
                              "Actual Total Time": 74.766,
                              "Actual Rows": 245077,
                              "Actual Loops": 7,
                              "Filter": "(keyword_id < 2750)",
                              "Rows Removed by Filter": 401199
                            },
                            {
                              "Node Type": "Hash",
                              "Parent Relationship": "Inner",
                              "Parallel Aware": true,
                              "Startup Cost": 42319.06,
                              "Total Cost": 42319.06,
                              "Plan Rows": 632106,
                              "Plan Width": 4,
                              "Actual Startup Time": 288.549,
                              "Actual Total Time": 288.551,
                              "Actual Rows": 361187,
                              "Actual Loops": 7,
                              "Hash Buckets": 4194304,
                              "Original Hash Buckets": 4194304,
                              "Hash Batches": 1,
                              "Original Hash Batches": 1,
                              "Peak Memory Usage": 131808,
                              "Plans": [
                                {
                                  "Node Type": "Seq Scan",
                                  "Parent Relationship": "Outer",
                                  "Parallel Aware": true,
                                  "Relation Name": "title",
                                  "Alias": "t",
                                  "Startup Cost": 0.0,
                                  "Total Cost": 42319.06,
                                  "Plan Rows": 632106,
                                  "Plan Width": 4,
                                  "Actual Startup Time": 0.066,
                                  "Actual Total Time": 79.003,
                                  "Actual Rows": 361187,
                                  "Actual Loops": 7
                                }
                              ]
                            }
                          ]
                        }
                      ]
                    }
                  ]
                }
              ]
            }
          ]
        }
      ]
    },
    "Planning Time": 0.598,
    "Triggers": [],
    "Execution Time": 2176.312
  }
]