[
  {
    "Plan": {
      "Node Type": "Aggregate",
      "Strategy": "Plain",
      "Partial Mode": "Finalize",
      "Parallel Aware": false,
      "Startup Cost": 464959.74,
      "Total Cost": 464959.75,
      "Plan Rows": 1,
      "Plan Width": 8,
      "Actual Startup Time": 2012.495,
      "Actual Total Time": 2073.319,
      "Actual Rows": 1,
      "Actual Loops": 1,
      "Plans": [
        {
          "Node Type": "Gather",
          "Parent Relationship": "Outer",
          "Parallel Aware": false,
          "Startup Cost": 464959.11,
          "Total Cost": 464959.72,
          "Plan Rows": 6,
          "Plan Width": 8,
          "Actual Startup Time": 1980.438,
          "Actual Total Time": 2073.306,
          "Actual Rows": 7,
          "Actual Loops": 1,
          "Workers Planned": 6,
          "Workers Launched": 6,
          "Single Copy": false,
          "Plans": [
            {
              "Node Type": "Aggregate",
              "Strategy": "Plain",
              "Partial Mode": "Partial",
              "Parent Relationship": "Outer",
              "Parallel Aware": false,
              "Startup Cost": 463959.11,
              "Total Cost": 463959.12,
              "Plan Rows": 1,
              "Plan Width": 8,
              "Actual Startup Time": 1963.92,
              "Actual Total Time": 1964.458,
              "Actual Rows": 1,
              "Actual Loops": 7,
              "Plans": [
                {
                  "Node Type": "Hash Join",
                  "Parent Relationship": "Outer",
                  "Parallel Aware": true,
                  "Join Type": "Inner",
                  "Startup Cost": 101195.12,
                  "Total Cost": 459648.26,
                  "Plan Rows": 1724340,
                  "Plan Width": 0,
                  "Actual Startup Time": 713.592,
                  "Actual Total Time": 1823.45,
                  "Actual Rows": 3185749,
                  "Actual Loops": 7,
                  "Inner Unique": false,
                  "Hash Cond": "(ci.movie_id = t.id)",
                  "Plans": [
                    {
                      "Node Type": "Seq Scan",
                      "Parent Relationship": "Outer",
                      "Parallel Aware": true,
                      "Relation Name": "cast_info",
                      "Alias": "ci",
                      "Startup Cost": 0.0,
                      "Total Cost": 343257.03,
                      "Plan Rows": 2568994,
                      "Plan Width": 4,
                      "Actual Startup Time": 213.433,
                      "Actual Total Time": 646.136,
                      "Actual Rows": 1556250,
                      "Actual Loops": 7,
                      "Filter": "((person_id < 2412591) AND (role_id > 1))",
                      "Rows Removed by Filter": 3621513
                    },
                    {
                      "Node Type": "Hash",
                      "Parent Relationship": "Inner",
                      "Parallel Aware": true,
                      "Startup Cost": 94352.29,
                      "Total Cost": 94352.29,
                      "Plan Rows": 547426,
                      "Plan Width": 8,
                      "Actual Startup Time": 494.928,
                      "Actual Total Time": 495.463,
                      "Actual Rows": 245077,
                      "Actual Loops": 7,
                      "Hash Buckets": 2097152,
                      "Original Hash Buckets": 2097152,
                      "Hash Batches": 1,
                      "Original Hash Batches": 1,
                      "Peak Memory Usage": 83648,
                      "Plans": [
                        {
                          "Node Type": "Hash Join",
                          "Parent Relationship": "Outer",
                          "Parallel Aware": true,
                          "Join Type": "Inner",
                          "Startup Cost": 50219.64,
                          "Total Cost": 94352.29,
                          "Plan Rows": 547426,
                          "Plan Width": 8,
                          "Actual Startup Time": 268.676,
                          "Actual Total Time": 407.963,
                          "Actual Rows": 245077,
                          "Actual Loops": 7,
                          "Inner Unique": true,
                          "Hash Cond": "(mk.movie_id = t.id)",
                          "Plans": [
                            {
                              "Node Type": "Seq Scan",
                              "Parent Relationship": "Outer",
                              "Parallel Aware": true,
                              "Relation Name": "movie_keyword",
                              "Alias": "mk",
                              "Startup Cost": 0.0,
                              "Total Cost": 42695.65,
                              "Plan Rows": 547426,
                              "Plan Width": 4,
                              "Actual Startup Time": 0.037,
                              "Actual Total Time": 72.662,
                              "Actual Rows": 245077,
                              "Actual Loops": 7,
                              "Filter": "(keyword_id < 2750)",
                              "Rows Removed by Filter": 401199
                            },
                            {
                              "Node Type": "Hash",
                              "Parent Relationship": "Inner",
                              "Parallel Aware": true,
                              "Startup Cost": 42318.73,
                              "Total Cost": 42318.73,
                              "Plan Rows": 632073,
                              "Plan Width": 4,
                              "Actual Startup Time": 263.982,
                              "Actual Total Time": 263.983,
                              "Actual Rows": 361187,
                              "Actual Loops": 7,
                              "Hash Buckets": 4194304,
                              "Original Hash Buckets": 4194304,
                              "Hash Batches": 1,
                              "Original Hash Batches": 1,
                              "Peak Memory Usage": 131776,
                              "Plans": [
                                {
                                  "Node Type": "Seq Scan",
                                  "Parent Relationship": "Outer",
                                  "Parallel Aware": true,
                                  "Relation Name": "title",
                                  "Alias": "t",
                                  "Startup Cost": 0.0,
                                  "Total Cost": 42318.73,
                                  "Plan Rows": 632073,
                                  "Plan Width": 4,
                                  "Actual Startup Time": 0.052,
                                  "Actual Total Time": 74.562,
                                  "Actual Rows": 361187,
                                  "Actual Loops": 7
                                }
                              ]
                            }
                          ]
                        }
                      ]
                    }
                  ]
                }
              ]
            }
          ]
        }
      ]
    },
    "Planning Time": 1.361,
    "Triggers": [],
    "Execution Time": 2073.416
  }
]