[
    {
        "Bao": {
            "Bao prediction": 462.157,
            "Bao recommended hint": "SET enable_mergejoin TO off; "
        }
    },
    {
        "Plan": {
            "Node Type": "Aggregate",
            "Strategy": "Plain",
            "Partial Mode": "Simple",
            "Parallel Aware": false,
            "Startup Cost": 1913.61,
            "Total Cost": 1913.62,
            "Plan Rows": 1,
            "Plan Width": 8,
            "Actual Startup Time": 32.109,
            "Actual Total Time": 32.111,
            "Actual Rows": 1,
            "Actual Loops": 1,
            "Output": [
                "count(*)"
            ],
            "Plans": [
                {
                    "Node Type": "Nested Loop",
                    "Parent Relationship": "Outer",
                    "Parallel Aware": false,
                    "Join Type": "Inner",
                    "Startup Cost": 1.29,
                    "Total Cost": 1913.02,
                    "Plan Rows": 236,
                    "Plan Width": 0,
                    "Actual Startup Time": 0.127,
                    "Actual Total Time": 27.297,
                    "Actual Rows": 38350,
                    "Actual Loops": 1,
                    "Inner Unique": false,
                    "Plans": [
                        {
                            "Node Type": "Nested Loop",
                            "Parent Relationship": "Outer",
                            "Parallel Aware": false,
                            "Join Type": "Inner",
                            "Startup Cost": 0.86,
                            "Total Cost": 1655.69,
                            "Plan Rows": 138,
                            "Plan Width": 8,
                            "Actual Startup Time": 0.067,
                            "Actual Total Time": 2.081,
                            "Actual Rows": 260,
                            "Actual Loops": 1,
                            "Output": [
                                "t.id",
                                "mi_idx.movie_id"
                            ],
                            "Inner Unique": true,
                            "Plans": [
                                {
                                    "Node Type": "Index Scan",
                                    "Parent Relationship": "Outer",
                                    "Parallel Aware": false,
                                    "Scan Direction": "Forward",
                                    "Index Name": "info_type_id_movie_info_idx",
                                    "Relation Name": "movie_info_idx",
                                    "Schema": "public",
                                    "Alias": "mi_idx",
                                    "Startup Cost": 0.43,
                                    "Total Cost": 493.93,
                                    "Plan Rows": 138,
                                    "Plan Width": 4,
                                    "Actual Startup Time": 0.041,
                                    "Actual Total Time": 0.119,
                                    "Actual Rows": 260,
                                    "Actual Loops": 1,
                                    "Output": [
                                        "mi_idx.id",
                                        "mi_idx.movie_id",
                                        "mi_idx.info_type_id",
                                        "mi_idx.info",
                                        "mi_idx.note"
                                    ],
                                    "Index Cond": "(mi_idx.info_type_id > 101)",
                                    "Rows Removed by Index Recheck": 0
                                },
                                {
                                    "Node Type": "Index Only Scan",
                                    "Parent Relationship": "Inner",
                                    "Parallel Aware": false,
                                    "Scan Direction": "Forward",
                                    "Index Name": "title_pkey",
                                    "Relation Name": "title",
                                    "Schema": "public",
                                    "Alias": "t",
                                    "Startup Cost": 0.43,
                                    "Total Cost": 8.42,
                                    "Plan Rows": 1,
                                    "Plan Width": 4,
                                    "Actual Startup Time": 0.007,
                                    "Actual Total Time": 0.007,
                                    "Actual Rows": 1,
                                    "Actual Loops": 260,
                                    "Output": [
                                        "t.id"
                                    ],
                                    "Index Cond": "(t.id = mi_idx.movie_id)",
                                    "Rows Removed by Index Recheck": 0,
                                    "Heap Fetches": 260
                                }
                            ]
                        },
                        {
                            "Node Type": "Index Scan",
                            "Parent Relationship": "Inner",
                            "Parallel Aware": false,
                            "Scan Direction": "Forward",
                            "Index Name": "movie_id_movie_keyword",
                            "Relation Name": "movie_keyword",
                            "Schema": "public",
                            "Alias": "mk",
                            "Startup Cost": 0.43,
                            "Total Cost": 1.42,
                            "Plan Rows": 44,
                            "Plan Width": 4,
                            "Actual Startup Time": 0.012,
                            "Actual Total Time": 0.069,
                            "Actual Rows": 148,
                            "Actual Loops": 260,
                            "Output": [
                                "mk.id",
                                "mk.movie_id",
                                "mk.keyword_id"
                            ],
                            "Index Cond": "(mk.movie_id = t.id)",
                            "Rows Removed by Index Recheck": 0,
                            "Filter": "(mk.keyword_id > 135)",
                            "Rows Removed by Filter": 3
                        }
                    ]
                }
            ]
        },
        "Planning Time": 464.075,
        "Triggers": [],
        "Execution Time": 32.204
    }
]