[
  {
    "Plan": {
      "Node Type": "Aggregate",
      "Strategy": "Plain",
      "Partial Mode": "Finalize",
      "Parallel Aware": false,
      "Startup Cost": 97224.33,
      "Total Cost": 97224.34,
      "Plan Rows": 1,
      "Plan Width": 8,
      "Actual Startup Time": 544.441,
      "Actual Total Time": 558.412,
      "Actual Rows": 1,
      "Actual Loops": 1,
      "Plans": [
        {
          "Node Type": "Gather",
          "Parent Relationship": "Outer",
          "Parallel Aware": false,
          "Startup Cost": 97224.01,
          "Total Cost": 97224.32,
          "Plan Rows": 3,
          "Plan Width": 8,
          "Actual Startup Time": 539.253,
          "Actual Total Time": 558.395,
          "Actual Rows": 4,
          "Actual Loops": 1,
          "Workers Planned": 3,
          "Workers Launched": 3,
          "Single Copy": false,
          "Plans": [
            {
              "Node Type": "Aggregate",
              "Strategy": "Plain",
              "Partial Mode": "Partial",
              "Parent Relationship": "Outer",
              "Parallel Aware": false,
              "Startup Cost": 96224.01,
              "Total Cost": 96224.02,
              "Plan Rows": 1,
              "Plan Width": 8,
              "Actual Startup Time": 532.72,
              "Actual Total Time": 532.724,
              "Actual Rows": 1,
              "Actual Loops": 4,
              "Plans": [
                {
                  "Node Type": "Hash Join",
                  "Parent Relationship": "Outer",
                  "Parallel Aware": true,
                  "Join Type": "Inner",
                  "Startup Cost": 48410.07,
                  "Total Cost": 94421.32,
                  "Plan Rows": 721075,
                  "Plan Width": 0,
                  "Actual Startup Time": 242.535,
                  "Actual Total Time": 502.419,
                  "Actual Rows": 697127,
                  "Actual Loops": 4,
                  "Inner Unique": true,
                  "Hash Cond": "(mk.movie_id = t.id)",
                  "Plans": [
                    {
                      "Node Type": "Seq Scan",
                      "Parent Relationship": "Outer",
                      "Parallel Aware": true,
                      "Relation Name": "movie_keyword",
                      "Alias": "mk",
                      "Startup Cost": 0.0,
                      "Total Cost": 42695.65,
                      "Plan Rows": 1263085,
                      "Plan Width": 4,
                      "Actual Startup Time": 0.05,
                      "Actual Total Time": 114.67,
                      "Actual Rows": 976368,
                      "Actual Loops": 4,
                      "Filter": "(keyword_id > 465)",
                      "Rows Removed by Filter": 154615
                    },
                    {
                      "Node Type": "Hash",
                      "Parent Relationship": "Inner",
                      "Parallel Aware": true,
                      "Startup Cost": 43899.32,
                      "Total Cost": 43899.32,
                      "Plan Rows": 360860,
                      "Plan Width": 4,
                      "Actual Startup Time": 237.884,
                      "Actual Total Time": 237.886,
                      "Actual Rows": 360824,
                      "Actual Loops": 4,
                      "Hash Buckets": 2097152,
                      "Original Hash Buckets": 2097152,
                      "Hash Batches": 1,
                      "Original Hash Batches": 1,
                      "Peak Memory Usage": 72896,
                      "Plans": [
                        {
                          "Node Type": "Seq Scan",
                          "Parent Relationship": "Outer",
                          "Parallel Aware": true,
                          "Relation Name": "title",
                          "Alias": "t",
                          "Startup Cost": 0.0,
                          "Total Cost": 43899.32,
                          "Plan Rows": 360860,
                          "Plan Width": 4,
                          "Actual Startup Time": 0.027,
                          "Actual Total Time": 106.598,
                          "Actual Rows": 360824,
                          "Actual Loops": 4,
                          "Filter": "(production_year < 2006)",
                          "Rows Removed by Filter": 271254
                        }
                      ]
                    }
                  ]
                }
              ]
            }
          ]
        }
      ]
    },
    "Planning Time": 0.273,
    "Triggers": [],
    "Execution Time": 558.466
  }
]