{
  "Plan": {
    "Node Type": "Aggregate",
    "Strategy": "Plain",
    "Partial Mode": "Finalize",
    "Parallel Aware": false,
    "Startup Cost": 414473.19,
    "Total Cost": 414473.2,
    "Plan Rows": 1,
    "Plan Width": 8,
    "Actual Startup Time": 2188.036,
    "Actual Total Time": 2242.553,
    "Actual Rows": 1,
    "Actual Loops": 1,
    "Plans": [
      {
        "Node Type": "Gather",
        "Parent Relationship": "Outer",
        "Parallel Aware": false,
        "Startup Cost": 414473.08,
        "Total Cost": 414473.19,
        "Plan Rows": 1,
        "Plan Width": 8,
        "Actual Startup Time": 2185.916,
        "Actual Total Time": 2242.546,
        "Actual Rows": 2,
        "Actual Loops": 1,
        "Workers Planned": 1,
        "Workers Launched": 1,
        "Single Copy": false,
        "Plans": [
          {
            "Node Type": "Aggregate",
            "Strategy": "Plain",
            "Partial Mode": "Partial",
            "Parent Relationship": "Outer",
            "Parallel Aware": false,
            "Startup Cost": 413473.08,
            "Total Cost": 413473.09,
            "Plan Rows": 1,
            "Plan Width": 8,
            "Actual Startup Time": 2180.07,
            "Actual Total Time": 2180.075,
            "Actual Rows": 1,
            "Actual Loops": 2,
            "Plans": [
              {
                "Node Type": "Hash Join",
                "Parent Relationship": "Outer",
                "Parallel Aware": true,
                "Join Type": "Inner",
                "Startup Cost": 121519.69,
                "Total Cost": 410375.31,
                "Plan Rows": 1239106,
                "Plan Width": 0,
                "Actual Startup Time": 519.715,
                "Actual Total Time": 2048.222,
                "Actual Rows": 3349936,
                "Actual Loops": 2,
                "Inner Unique": false,
                "Hash Cond": "(mi.movie_id = t.id)",
                "Plans": [
                  {
                    "Node Type": "Seq Scan",
                    "Parent Relationship": "Outer",
                    "Parallel Aware": true,
                    "Relation Name": "movie_info",
                    "Alias": "mi",
                    "Startup Cost": 0.0,
                    "Total Cost": 248955.74,
                    "Plan Rows": 8696274,
                    "Plan Width": 4,
                    "Actual Startup Time": 0.016,
                    "Actual Total Time": 628.396,
                    "Actual Rows": 7417860,
                    "Actual Loops": 2
                  },
                  {
                    "Node Type": "Hash",
                    "Parent Relationship": "Inner",
                    "Parallel Aware": true,
                    "Startup Cost": 118870.8,
                    "Total Cost": 118870.8,
                    "Plan Rows": 211911,
                    "Plan Width": 8,
                    "Actual Startup Time": 513.01,
                    "Actual Total Time": 513.013,
                    "Actual Rows": 84504,
                    "Actual Loops": 2,
                    "Hash Buckets": 524288,
                    "Original Hash Buckets": 524288,
                    "Hash Batches": 1,
                    "Original Hash Batches": 1,
                    "Peak Memory Usage": 10720,
                    "Plans": [
                      {
                        "Node Type": "Hash Join",
                        "Parent Relationship": "Outer",
                        "Parallel Aware": true,
                        "Join Type": "Inner",
                        "Startup Cost": 58527.04,
                        "Total Cost": 118870.8,
                        "Plan Rows": 211911,
                        "Plan Width": 8,
                        "Actual Startup Time": 226.591,
                        "Actual Total Time": 494.051,
                        "Actual Rows": 84504,
                        "Actual Loops": 2,
                        "Inner Unique": true,
                        "Hash Cond": "(mk.movie_id = t.id)",
                        "Plans": [
                          {
                            "Node Type": "Seq Scan",
                            "Parent Relationship": "Outer",
                            "Parallel Aware": true,
                            "Relation Name": "movie_keyword",
                            "Alias": "mk",
                            "Startup Cost": 0.0,
                            "Total Cost": 57718.19,
                            "Plan Rows": 1000218,
                            "Plan Width": 4,
                            "Actual Startup Time": 0.015,
                            "Actual Total Time": 171.135,
                            "Actual Rows": 858844,
                            "Actual Loops": 2,
                            "Filter": "(keyword_id < 2762)",
                            "Rows Removed by Filter": 1403121
                          },
                          {
                            "Node Type": "Hash",
                            "Parent Relationship": "Inner",
                            "Parallel Aware": true,
                            "Startup Cost": 54588.39,
                            "Total Cost": 54588.39,
                            "Plan Rows": 315092,
                            "Plan Width": 4,
                            "Actual Startup Time": 220.182,
                            "Actual Total Time": 220.183,
                            "Actual Rows": 266684,
                            "Actual Loops": 2,
                            "Hash Buckets": 1048576,
                            "Original Hash Buckets": 1048576,
                            "Hash Batches": 1,
                            "Original Hash Batches": 1,
                            "Peak Memory Usage": 29088,
                            "Plans": [
                              {
                                "Node Type": "Seq Scan",
                                "Parent Relationship": "Outer",
                                "Parallel Aware": true,
                                "Relation Name": "title",
                                "Alias": "t",
                                "Startup Cost": 0.0,
                                "Total Cost": 54588.39,
                                "Plan Rows": 315092,
                                "Plan Width": 4,
                                "Actual Startup Time": 0.036,
                                "Actual Total Time": 143.59,
                                "Actual Rows": 266684,
                                "Actual Loops": 2,
                                "Filter": "(production_year > 2009)",
                                "Rows Removed by Filter": 997472
                              }
                            ]
                          }
                        ]
                      }
                    ]
                  }
                ]
              }
            ]
          }
        ]
      }
    ]
  },
  "Planning Time": 0.909,
  "Triggers": [],
  "Execution Time": 2242.665
}