{
  "Plan": {
    "Node Type": "Aggregate",
    "Strategy": "Plain",
    "Partial Mode": "Finalize",
    "Parallel Aware": false,
    "Startup Cost": 152379.11,
    "Total Cost": 152379.12,
    "Plan Rows": 1,
    "Plan Width": 8,
    "Actual Startup Time": 430.801,
    "Actual Total Time": 450.555,
    "Actual Rows": 1,
    "Actual Loops": 1,
    "Plans": [
      {
        "Node Type": "Gather",
        "Parent Relationship": "Outer",
        "Parallel Aware": false,
        "Startup Cost": 152379.0,
        "Total Cost": 152379.11,
        "Plan Rows": 1,
        "Plan Width": 8,
        "Actual Startup Time": 430.354,
        "Actual Total Time": 450.542,
        "Actual Rows": 2,
        "Actual Loops": 1,
        "Workers Planned": 1,
        "Workers Launched": 1,
        "Single Copy": false,
        "Plans": [
          {
            "Node Type": "Aggregate",
            "Strategy": "Plain",
            "Partial Mode": "Partial",
            "Parent Relationship": "Outer",
            "Parallel Aware": false,
            "Startup Cost": 151379.0,
            "Total Cost": 151379.01,
            "Plan Rows": 1,
            "Plan Width": 8,
            "Actual Startup Time": 424.566,
            "Actual Total Time": 424.57,
            "Actual Rows": 1,
            "Actual Loops": 2,
            "Plans": [
              {
                "Node Type": "Hash Join",
                "Parent Relationship": "Outer",
                "Parallel Aware": true,
                "Join Type": "Inner",
                "Startup Cost": 58862.65,
                "Total Cost": 151352.67,
                "Plan Rows": 10532,
                "Plan Width": 0,
                "Actual Startup Time": 174.748,
                "Actual Total Time": 423.922,
                "Actual Rows": 10646,
                "Actual Loops": 2,
                "Inner Unique": true,
                "Hash Cond": "(ci.movie_id = t.id)",
                "Plans": [
                  {
                    "Node Type": "Index Scan",
                    "Parent Relationship": "Outer",
                    "Parallel Aware": true,
                    "Scan Direction": "Forward",
                    "Index Name": "role_id_cast_info",
                    "Relation Name": "cast_info",
                    "Alias": "ci",
                    "Startup Cost": 0.56,
                    "Total Cost": 91565.57,
                    "Plan Rows": 352388,
                    "Plan Width": 4,
                    "Actual Startup Time": 0.093,
                    "Actual Total Time": 207.1,
                    "Actual Rows": 270533,
                    "Actual Loops": 2,
                    "Index Cond": "(role_id = 4)",
                    "Rows Removed by Index Recheck": 0,
                    "Filter": "(person_id < 759914)",
                    "Rows Removed by Filter": 1093938
                  },
                  {
                    "Node Type": "Hash",
                    "Parent Relationship": "Inner",
                    "Parallel Aware": true,
                    "Startup Cost": 58306.47,
                    "Total Cost": 58306.47,
                    "Plan Rows": 44449,
                    "Plan Width": 4,
                    "Actual Startup Time": 171.536,
                    "Actual Total Time": 171.537,
                    "Actual Rows": 42038,
                    "Actual Loops": 2,
                    "Hash Buckets": 131072,
                    "Original Hash Buckets": 131072,
                    "Hash Batches": 1,
                    "Original Hash Batches": 1,
                    "Peak Memory Usage": 4352,
                    "Plans": [
                      {
                        "Node Type": "Seq Scan",
                        "Parent Relationship": "Outer",
                        "Parallel Aware": true,
                        "Relation Name": "title",
                        "Alias": "t",
                        "Startup Cost": 0.0,
                        "Total Cost": 58306.47,
                        "Plan Rows": 44449,
                        "Plan Width": 4,
                        "Actual Startup Time": 0.058,
                        "Actual Total Time": 158.597,
                        "Actual Rows": 42038,
                        "Actual Loops": 2,
                        "Filter": "((kind_id = 7) AND (production_year = 2007))",
                        "Rows Removed by Filter": 1222118
                      }
                    ]
                  }
                ]
              }
            ]
          }
        ]
      }
    ]
  },
  "Planning Time": 0.52,
  "Triggers": [],
  "Execution Time": 450.634
}