[
  {
    "Plan": {
      "Node Type": "Aggregate",
      "Strategy": "Plain",
      "Partial Mode": "Finalize",
      "Parallel Aware": false,
      "Startup Cost": 345655.23,
      "Total Cost": 345655.24,
      "Plan Rows": 1,
      "Plan Width": 8,
      "Actual Startup Time": 611.31,
      "Actual Total Time": 666.963,
      "Actual Rows": 1,
      "Actual Loops": 1,
      "Plans": [
        {
          "Node Type": "Gather",
          "Parent Relationship": "Outer",
          "Parallel Aware": false,
          "Startup Cost": 345654.6,
          "Total Cost": 345655.21,
          "Plan Rows": 6,
          "Plan Width": 8,
          "Actual Startup Time": 611.205,
          "Actual Total Time": 666.953,
          "Actual Rows": 7,
          "Actual Loops": 1,
          "Workers Planned": 6,
          "Workers Launched": 6,
          "Single Copy": false,
          "Plans": [
            {
              "Node Type": "Aggregate",
              "Strategy": "Plain",
              "Partial Mode": "Partial",
              "Parent Relationship": "Outer",
              "Parallel Aware": false,
              "Startup Cost": 344654.6,
              "Total Cost": 344654.61,
              "Plan Rows": 1,
              "Plan Width": 8,
              "Actual Startup Time": 603.041,
              "Actual Total Time": 603.042,
              "Actual Rows": 1,
              "Actual Loops": 7,
              "Plans": [
                {
                  "Node Type": "Seq Scan",
                  "Parent Relationship": "Outer",
                  "Parallel Aware": true,
                  "Relation Name": "cast_info",
                  "Alias": "ci",
                  "Startup Cost": 0.0,
                  "Total Cost": 343257.03,
                  "Plan Rows": 559030,
                  "Plan Width": 0,
                  "Actual Startup Time": 333.648,
                  "Actual Total Time": 590.192,
                  "Actual Rows": 302588,
                  "Actual Loops": 7,
                  "Filter": "((person_id < 738842) AND (role_id > 2))",
                  "Rows Removed by Filter": 4875176
                }
              ]
            }
          ]
        }
      ]
    },
    "Planning Time": 0.225,
    "Triggers": [],
    "Execution Time": 667.081
  }
]