[
    {
        "Bao": {
            "Bao prediction": "NaN",
            "Bao recommended hint": "(no hint)"
        }
    },
    {
        "Plan": {
            "Node Type": "Aggregate",
            "Strategy": "Plain",
            "Partial Mode": "Finalize",
            "Parallel Aware": false,
            "Startup Cost": 251757.03,
            "Total Cost": 251757.04,
            "Plan Rows": 1,
            "Plan Width": 8,
            "Actual Startup Time": 610.524,
            "Actual Total Time": 635.196,
            "Actual Rows": 1,
            "Actual Loops": 1,
            "Output": [
                "count(*)"
            ],
            "Plans": [
                {
                    "Node Type": "Gather",
                    "Parent Relationship": "Outer",
                    "Parallel Aware": false,
                    "Startup Cost": 251756.51,
                    "Total Cost": 251757.02,
                    "Plan Rows": 5,
                    "Plan Width": 8,
                    "Actual Startup Time": 605.191,
                    "Actual Total Time": 635.188,
                    "Actual Rows": 6,
                    "Actual Loops": 1,
                    "Output": [
                        "(PARTIAL count(*))"
                    ],
                    "Workers Planned": 5,
                    "Workers Launched": 5,
                    "Single Copy": false,
                    "Plans": [
                        {
                            "Node Type": "Aggregate",
                            "Strategy": "Plain",
                            "Partial Mode": "Partial",
                            "Parent Relationship": "Outer",
                            "Parallel Aware": false,
                            "Startup Cost": 250756.51,
                            "Total Cost": 250756.52,
                            "Plan Rows": 1,
                            "Plan Width": 8,
                            "Actual Startup Time": 595.771,
                            "Actual Total Time": 595.774,
                            "Actual Rows": 1,
                            "Actual Loops": 6,
                            "Output": [
                                "PARTIAL count(*)"
                            ],
                            "Workers": [
                                {
                                    "Worker Number": 0,
                                    "Actual Startup Time": 593.967,
                                    "Actual Total Time": 593.97,
                                    "Actual Rows": 1,
                                    "Actual Loops": 1
                                },
                                {
                                    "Worker Number": 1,
                                    "Actual Startup Time": 593.45,
                                    "Actual Total Time": 593.453,
                                    "Actual Rows": 1,
                                    "Actual Loops": 1
                                },
                                {
                                    "Worker Number": 2,
                                    "Actual Startup Time": 593.808,
                                    "Actual Total Time": 593.811,
                                    "Actual Rows": 1,
                                    "Actual Loops": 1
                                },
                                {
                                    "Worker Number": 3,
                                    "Actual Startup Time": 594.09,
                                    "Actual Total Time": 594.093,
                                    "Actual Rows": 1,
                                    "Actual Loops": 1
                                },
                                {
                                    "Worker Number": 4,
                                    "Actual Startup Time": 594.461,
                                    "Actual Total Time": 594.464,
                                    "Actual Rows": 1,
                                    "Actual Loops": 1
                                }
                            ],
                            "Plans": [
                                {
                                    "Node Type": "Hash Join",
                                    "Parent Relationship": "Outer",
                                    "Parallel Aware": true,
                                    "Join Type": "Inner",
                                    "Startup Cost": 47749.18,
                                    "Total Cost": 249869.97,
                                    "Plan Rows": 354617,
                                    "Plan Width": 0,
                                    "Actual Startup Time": 131.023,
                                    "Actual Total Time": 587.262,
                                    "Actual Rows": 173464,
                                    "Actual Loops": 6,
                                    "Inner Unique": true,
                                    "Hash Cond": "(mi.movie_id = t.id)",
                                    "Workers": [
                                        {
                                            "Worker Number": 0,
                                            "Actual Startup Time": 128.71,
                                            "Actual Total Time": 584.479,
                                            "Actual Rows": 127316,
                                            "Actual Loops": 1
                                        },
                                        {
                                            "Worker Number": 1,
                                            "Actual Startup Time": 128.778,
                                            "Actual Total Time": 585.125,
                                            "Actual Rows": 177324,
                                            "Actual Loops": 1
                                        },
                                        {
                                            "Worker Number": 2,
                                            "Actual Startup Time": 129.177,
                                            "Actual Total Time": 585.265,
                                            "Actual Rows": 182170,
                                            "Actual Loops": 1
                                        },
                                        {
                                            "Worker Number": 3,
                                            "Actual Startup Time": 129.48,
                                            "Actual Total Time": 586.091,
                                            "Actual Rows": 172455,
                                            "Actual Loops": 1
                                        },
                                        {
                                            "Worker Number": 4,
                                            "Actual Startup Time": 129.895,
                                            "Actual Total Time": 586.078,
                                            "Actual Rows": 180015,
                                            "Actual Loops": 1
                                        }
                                    ],
                                    "Plans": [
                                        {
                                            "Node Type": "Seq Scan",
                                            "Parent Relationship": "Outer",
                                            "Parallel Aware": true,
                                            "Relation Name": "movie_info",
                                            "Schema": "public",
                                            "Alias": "mi",
                                            "Startup Cost": 0.0,
                                            "Total Cost": 198880.74,
                                            "Plan Rows": 1234303,
                                            "Plan Width": 4,
                                            "Actual Startup Time": 14.254,
                                            "Actual Total Time": 290.543,
                                            "Actual Rows": 1037249,
                                            "Actual Loops": 6,
                                            "Output": [
                                                "mi.id",
                                                "mi.movie_id",
                                                "mi.info_type_id",
                                                "mi.info",
                                                "mi.note"
                                            ],
                                            "Filter": "(mi.info_type_id > 8)",
                                            "Rows Removed by Filter": 1435371,
                                            "Workers": [
                                                {
                                                    "Worker Number": 0,
                                                    "Actual Startup Time": 14.313,
                                                    "Actual Total Time": 302.164,
                                                    "Actual Rows": 738688,
                                                    "Actual Loops": 1
                                                },
                                                {
                                                    "Worker Number": 1,
                                                    "Actual Startup Time": 14.202,
                                                    "Actual Total Time": 292.016,
                                                    "Actual Rows": 1046051,
                                                    "Actual Loops": 1
                                                },
                                                {
                                                    "Worker Number": 2,
                                                    "Actual Startup Time": 14.219,
                                                    "Actual Total Time": 292.699,
                                                    "Actual Rows": 1075031,
                                                    "Actual Loops": 1
                                                },
                                                {
                                                    "Worker Number": 3,
                                                    "Actual Startup Time": 14.245,
                                                    "Actual Total Time": 295.744,
                                                    "Actual Rows": 1023204,
                                                    "Actual Loops": 1
                                                },
                                                {
                                                    "Worker Number": 4,
                                                    "Actual Startup Time": 14.195,
                                                    "Actual Total Time": 292.2,
                                                    "Actual Rows": 1063709,
                                                    "Actual Loops": 1
                                                }
                                            ]
                                        },
                                        {
                                            "Node Type": "Hash",
                                            "Parent Relationship": "Inner",
                                            "Parallel Aware": true,
                                            "Startup Cost": 45479.21,
                                            "Total Cost": 45479.21,
                                            "Plan Rows": 181598,
                                            "Plan Width": 4,
                                            "Actual Startup Time": 114.103,
                                            "Actual Total Time": 114.104,
                                            "Actual Rows": 106405,
                                            "Actual Loops": 6,
                                            "Output": [
                                                "t.id"
                                            ],
                                            "Hash Buckets": 1048576,
                                            "Original Hash Buckets": 1048576,
                                            "Hash Batches": 1,
                                            "Original Hash Batches": 1,
                                            "Peak Memory Usage": 33216,
                                            "Workers": [
                                                {
                                                    "Worker Number": 0,
                                                    "Actual Startup Time": 113.48,
                                                    "Actual Total Time": 113.48,
                                                    "Actual Rows": 74263,
                                                    "Actual Loops": 1
                                                },
                                                {
                                                    "Worker Number": 1,
                                                    "Actual Startup Time": 113.574,
                                                    "Actual Total Time": 113.575,
                                                    "Actual Rows": 100461,
                                                    "Actual Loops": 1
                                                },
                                                {
                                                    "Worker Number": 2,
                                                    "Actual Startup Time": 114.005,
                                                    "Actual Total Time": 114.006,
                                                    "Actual Rows": 102179,
                                                    "Actual Loops": 1
                                                },
                                                {
                                                    "Worker Number": 3,
                                                    "Actual Startup Time": 114.202,
                                                    "Actual Total Time": 114.203,
                                                    "Actual Rows": 101370,
                                                    "Actual Loops": 1
                                                },
                                                {
                                                    "Worker Number": 4,
                                                    "Actual Startup Time": 114.514,
                                                    "Actual Total Time": 114.515,
                                                    "Actual Rows": 103064,
                                                    "Actual Loops": 1
                                                }
                                            ],
                                            "Plans": [
                                                {
                                                    "Node Type": "Seq Scan",
                                                    "Parent Relationship": "Outer",
                                                    "Parallel Aware": true,
                                                    "Relation Name": "title",
                                                    "Schema": "public",
                                                    "Alias": "t",
                                                    "Startup Cost": 0.0,
                                                    "Total Cost": 45479.21,
                                                    "Plan Rows": 181598,
                                                    "Plan Width": 4,
                                                    "Actual Startup Time": 0.037,
                                                    "Actual Total Time": 73.628,
                                                    "Actual Rows": 106405,
                                                    "Actual Loops": 6,
                                                    "Output": [
                                                        "t.id"
                                                    ],
                                                    "Filter": "((t.production_year < 2003) AND (t.kind_id = 7))",
                                                    "Rows Removed by Filter": 314980,
                                                    "Workers": [
                                                        {
                                                            "Worker Number": 0,
                                                            "Actual Startup Time": 0.034,
                                                            "Actual Total Time": 75.942,
                                                            "Actual Rows": 74263,
                                                            "Actual Loops": 1
                                                        },
                                                        {
                                                            "Worker Number": 1,
                                                            "Actual Startup Time": 0.035,
                                                            "Actual Total Time": 74.818,
                                                            "Actual Rows": 100461,
                                                            "Actual Loops": 1
                                                        },
                                                        {
                                                            "Worker Number": 2,
                                                            "Actual Startup Time": 0.039,
                                                            "Actual Total Time": 74.559,
                                                            "Actual Rows": 102179,
                                                            "Actual Loops": 1
                                                        },
                                                        {
                                                            "Worker Number": 3,
                                                            "Actual Startup Time": 0.049,
                                                            "Actual Total Time": 73.863,
                                                            "Actual Rows": 101370,
                                                            "Actual Loops": 1
                                                        },
                                                        {
                                                            "Worker Number": 4,
                                                            "Actual Startup Time": 0.053,
                                                            "Actual Total Time": 74.85,
                                                            "Actual Rows": 103064,
                                                            "Actual Loops": 1
                                                        }
                                                    ]
                                                }
                                            ]
                                        }
                                    ]
                                }
                            ]
                        }
                    ]
                }
            ]
        },
        "Planning Time": 179.111,
        "Triggers": [],
        "Execution Time": 635.252
    }
]