[
    {
        "Bao": {
            "Bao prediction": "NaN",
            "Bao recommended hint": "(no hint)"
        }
    },
    {
        "Plan": {
            "Node Type": "Aggregate",
            "Strategy": "Plain",
            "Partial Mode": "Finalize",
            "Parallel Aware": false,
            "Startup Cost": 349235.32,
            "Total Cost": 349235.33,
            "Plan Rows": 1,
            "Plan Width": 8,
            "Actual Startup Time": 675.259,
            "Actual Total Time": 702.431,
            "Actual Rows": 1,
            "Actual Loops": 1,
            "Output": [
                "count(*)"
            ],
            "Plans": [
                {
                    "Node Type": "Gather",
                    "Parent Relationship": "Outer",
                    "Parallel Aware": false,
                    "Startup Cost": 349234.69,
                    "Total Cost": 349235.3,
                    "Plan Rows": 6,
                    "Plan Width": 8,
                    "Actual Startup Time": 675.088,
                    "Actual Total Time": 702.421,
                    "Actual Rows": 7,
                    "Actual Loops": 1,
                    "Output": [
                        "(PARTIAL count(*))"
                    ],
                    "Workers Planned": 6,
                    "Workers Launched": 6,
                    "Single Copy": false,
                    "Plans": [
                        {
                            "Node Type": "Aggregate",
                            "Strategy": "Plain",
                            "Partial Mode": "Partial",
                            "Parent Relationship": "Outer",
                            "Parallel Aware": false,
                            "Startup Cost": 348234.69,
                            "Total Cost": 348234.7,
                            "Plan Rows": 1,
                            "Plan Width": 8,
                            "Actual Startup Time": 665.398,
                            "Actual Total Time": 665.399,
                            "Actual Rows": 1,
                            "Actual Loops": 7,
                            "Output": [
                                "PARTIAL count(*)"
                            ],
                            "Workers": [
                                {
                                    "Worker Number": 0,
                                    "Actual Startup Time": 663.328,
                                    "Actual Total Time": 663.33,
                                    "Actual Rows": 1,
                                    "Actual Loops": 1
                                },
                                {
                                    "Worker Number": 1,
                                    "Actual Startup Time": 663.504,
                                    "Actual Total Time": 663.505,
                                    "Actual Rows": 1,
                                    "Actual Loops": 1
                                },
                                {
                                    "Worker Number": 2,
                                    "Actual Startup Time": 663.529,
                                    "Actual Total Time": 663.53,
                                    "Actual Rows": 1,
                                    "Actual Loops": 1
                                },
                                {
                                    "Worker Number": 3,
                                    "Actual Startup Time": 664.042,
                                    "Actual Total Time": 664.043,
                                    "Actual Rows": 1,
                                    "Actual Loops": 1
                                },
                                {
                                    "Worker Number": 4,
                                    "Actual Startup Time": 664.276,
                                    "Actual Total Time": 664.278,
                                    "Actual Rows": 1,
                                    "Actual Loops": 1
                                },
                                {
                                    "Worker Number": 5,
                                    "Actual Startup Time": 664.378,
                                    "Actual Total Time": 664.38,
                                    "Actual Rows": 1,
                                    "Actual Loops": 1
                                }
                            ],
                            "Plans": [
                                {
                                    "Node Type": "Seq Scan",
                                    "Parent Relationship": "Outer",
                                    "Parallel Aware": true,
                                    "Relation Name": "cast_info",
                                    "Schema": "public",
                                    "Alias": "ci",
                                    "Startup Cost": 0.0,
                                    "Total Cost": 343318.94,
                                    "Plan Rows": 1966300,
                                    "Plan Width": 0,
                                    "Actual Startup Time": 251.802,
                                    "Actual Total Time": 604.618,
                                    "Actual Rows": 1344128,
                                    "Actual Loops": 7,
                                    "Output": [
                                        "id",
                                        "person_id",
                                        "movie_id",
                                        "person_role_id",
                                        "note",
                                        "nr_order",
                                        "role_id"
                                    ],
                                    "Filter": "((ci.person_id > 2164998) AND (ci.role_id < 8))",
                                    "Rows Removed by Filter": 3833635,
                                    "Workers": [
                                        {
                                            "Worker Number": 0,
                                            "Actual Startup Time": 249.74,
                                            "Actual Total Time": 601.711,
                                            "Actual Rows": 927785,
                                            "Actual Loops": 1
                                        },
                                        {
                                            "Worker Number": 1,
                                            "Actual Startup Time": 249.904,
                                            "Actual Total Time": 603.849,
                                            "Actual Rows": 1458996,
                                            "Actual Loops": 1
                                        },
                                        {
                                            "Worker Number": 2,
                                            "Actual Startup Time": 249.925,
                                            "Actual Total Time": 604.51,
                                            "Actual Rows": 1442980,
                                            "Actual Loops": 1
                                        },
                                        {
                                            "Worker Number": 3,
                                            "Actual Startup Time": 250.442,
                                            "Actual Total Time": 602.631,
                                            "Actual Rows": 925542,
                                            "Actual Loops": 1
                                        },
                                        {
                                            "Worker Number": 4,
                                            "Actual Startup Time": 250.683,
                                            "Actual Total Time": 605.415,
                                            "Actual Rows": 1441445,
                                            "Actual Loops": 1
                                        },
                                        {
                                            "Worker Number": 5,
                                            "Actual Startup Time": 250.787,
                                            "Actual Total Time": 604.989,
                                            "Actual Rows": 1442497,
                                            "Actual Loops": 1
                                        }
                                    ]
                                }
                            ]
                        }
                    ]
                }
            ]
        },
        "Planning Time": 174.635,
        "Triggers": [],
        "Execution Time": 702.487
    }
]