[
    {
        "Bao": {
            "Bao prediction": "NaN",
            "Bao recommended hint": "(no hint)"
        }
    },
    {
        "Plan": {
            "Node Type": "Aggregate",
            "Strategy": "Plain",
            "Partial Mode": "Finalize",
            "Parallel Aware": false,
            "Startup Cost": 33226.29,
            "Total Cost": 33226.3,
            "Plan Rows": 1,
            "Plan Width": 8,
            "Actual Startup Time": 92.832,
            "Actual Total Time": 98.904,
            "Actual Rows": 1,
            "Actual Loops": 1,
            "Output": [
                "count(*)"
            ],
            "Plans": [
                {
                    "Node Type": "Gather",
                    "Parent Relationship": "Outer",
                    "Parallel Aware": false,
                    "Startup Cost": 33225.97,
                    "Total Cost": 33226.28,
                    "Plan Rows": 3,
                    "Plan Width": 8,
                    "Actual Startup Time": 92.744,
                    "Actual Total Time": 98.898,
                    "Actual Rows": 4,
                    "Actual Loops": 1,
                    "Output": [
                        "(PARTIAL count(*))"
                    ],
                    "Workers Planned": 3,
                    "Workers Launched": 3,
                    "Single Copy": false,
                    "Plans": [
                        {
                            "Node Type": "Aggregate",
                            "Strategy": "Plain",
                            "Partial Mode": "Partial",
                            "Parent Relationship": "Outer",
                            "Parallel Aware": false,
                            "Startup Cost": 32225.97,
                            "Total Cost": 32225.98,
                            "Plan Rows": 1,
                            "Plan Width": 8,
                            "Actual Startup Time": 84.44,
                            "Actual Total Time": 84.441,
                            "Actual Rows": 1,
                            "Actual Loops": 4,
                            "Output": [
                                "PARTIAL count(*)"
                            ],
                            "Workers": [
                                {
                                    "Worker Number": 0,
                                    "Actual Startup Time": 81.392,
                                    "Actual Total Time": 81.393,
                                    "Actual Rows": 1,
                                    "Actual Loops": 1
                                },
                                {
                                    "Worker Number": 1,
                                    "Actual Startup Time": 81.999,
                                    "Actual Total Time": 82.001,
                                    "Actual Rows": 1,
                                    "Actual Loops": 1
                                },
                                {
                                    "Worker Number": 2,
                                    "Actual Startup Time": 82.14,
                                    "Actual Total Time": 82.141,
                                    "Actual Rows": 1,
                                    "Actual Loops": 1
                                }
                            ],
                            "Plans": [
                                {
                                    "Node Type": "Seq Scan",
                                    "Parent Relationship": "Outer",
                                    "Parallel Aware": true,
                                    "Relation Name": "movie_companies",
                                    "Schema": "public",
                                    "Alias": "mc",
                                    "Startup Cost": 0.0,
                                    "Total Cost": 31414.82,
                                    "Plan Rows": 324460,
                                    "Plan Width": 0,
                                    "Actual Startup Time": 45.684,
                                    "Actual Total Time": 77.164,
                                    "Actual Rows": 178645,
                                    "Actual Loops": 4,
                                    "Output": [
                                        "id",
                                        "movie_id",
                                        "company_id",
                                        "company_type_id",
                                        "note"
                                    ],
                                    "Filter": "((mc.company_id < 58316) AND (mc.company_type_id = 2))",
                                    "Rows Removed by Filter": 473638,
                                    "Workers": [
                                        {
                                            "Worker Number": 0,
                                            "Actual Startup Time": 42.625,
                                            "Actual Total Time": 74.522,
                                            "Actual Rows": 166894,
                                            "Actual Loops": 1
                                        },
                                        {
                                            "Worker Number": 1,
                                            "Actual Startup Time": 43.253,
                                            "Actual Total Time": 74.801,
                                            "Actual Rows": 172863,
                                            "Actual Loops": 1
                                        },
                                        {
                                            "Worker Number": 2,
                                            "Actual Startup Time": 43.382,
                                            "Actual Total Time": 75.075,
                                            "Actual Rows": 169510,
                                            "Actual Loops": 1
                                        }
                                    ]
                                }
                            ]
                        }
                    ]
                }
            ]
        },
        "Planning Time": 185.013,
        "Triggers": [],
        "Execution Time": 98.987
    }
]