{
  "Plan": {
    "Node Type": "Aggregate",
    "Strategy": "Plain",
    "Partial Mode": "Finalize",
    "Parallel Aware": false,
    "Startup Cost": 229901.1,
    "Total Cost": 229901.11,
    "Plan Rows": 1,
    "Plan Width": 8,
    "Actual Startup Time": 196.388,
    "Actual Total Time": 203.29,
    "Actual Rows": 1,
    "Actual Loops": 1,
    "Plans": [
      {
        "Node Type": "Gather",
        "Parent Relationship": "Outer",
        "Parallel Aware": false,
        "Startup Cost": 229900.98,
        "Total Cost": 229901.09,
        "Plan Rows": 1,
        "Plan Width": 8,
        "Actual Startup Time": 195.877,
        "Actual Total Time": 203.285,
        "Actual Rows": 2,
        "Actual Loops": 1,
        "Workers Planned": 1,
        "Workers Launched": 1,
        "Single Copy": false,
        "Plans": [
          {
            "Node Type": "Aggregate",
            "Strategy": "Plain",
            "Partial Mode": "Partial",
            "Parent Relationship": "Outer",
            "Parallel Aware": false,
            "Startup Cost": 228900.98,
            "Total Cost": 228900.99,
            "Plan Rows": 1,
            "Plan Width": 8,
            "Actual Startup Time": 191.393,
            "Actual Total Time": 191.397,
            "Actual Rows": 1,
            "Actual Loops": 2,
            "Plans": [
              {
                "Node Type": "Hash Join",
                "Parent Relationship": "Outer",
                "Parallel Aware": true,
                "Join Type": "Inner",
                "Startup Cost": 62877.13,
                "Total Cost": 228864.29,
                "Plan Rows": 14677,
                "Plan Width": 0,
                "Actual Startup Time": 150.54,
                "Actual Total Time": 189.851,
                "Actual Rows": 35452,
                "Actual Loops": 2,
                "Inner Unique": true,
                "Hash Cond": "(mi.movie_id = t.id)",
                "Plans": [
                  {
                    "Node Type": "Bitmap Heap Scan",
                    "Parent Relationship": "Outer",
                    "Parallel Aware": true,
                    "Relation Name": "movie_info",
                    "Alias": "mi",
                    "Startup Cost": 8135.65,
                    "Total Cost": 173429.61,
                    "Plan Rows": 264077,
                    "Plan Width": 4,
                    "Actual Startup Time": 16.337,
                    "Actual Total Time": 43.066,
                    "Actual Rows": 214326,
                    "Actual Loops": 2,
                    "Recheck Cond": "(info_type_id > 104)",
                    "Rows Removed by Index Recheck": 0,
                    "Exact Heap Blocks": 3119,
                    "Lossy Heap Blocks": 0,
                    "Plans": [
                      {
                        "Node Type": "Bitmap Index Scan",
                        "Parent Relationship": "Outer",
                        "Parallel Aware": false,
                        "Index Name": "info_type_id_movie_info",
                        "Startup Cost": 0.0,
                        "Total Cost": 8023.42,
                        "Plan Rows": 448931,
                        "Plan Width": 0,
                        "Actual Startup Time": 15.477,
                        "Actual Total Time": 15.477,
                        "Actual Rows": 428651,
                        "Actual Loops": 1,
                        "Index Cond": "(info_type_id > 104)"
                      }
                    ]
                  },
                  {
                    "Node Type": "Hash",
                    "Parent Relationship": "Inner",
                    "Parallel Aware": true,
                    "Startup Cost": 53708.24,
                    "Total Cost": 53708.24,
                    "Plan Rows": 82659,
                    "Plan Width": 4,
                    "Actual Startup Time": 117.145,
                    "Actual Total Time": 117.146,
                    "Actual Rows": 66091,
                    "Actual Loops": 2,
                    "Hash Buckets": 262144,
                    "Original Hash Buckets": 262144,
                    "Hash Batches": 1,
                    "Original Hash Batches": 1,
                    "Peak Memory Usage": 7264,
                    "Plans": [
                      {
                        "Node Type": "Bitmap Heap Scan",
                        "Parent Relationship": "Outer",
                        "Parallel Aware": true,
                        "Relation Name": "title",
                        "Alias": "t",
                        "Startup Cost": 11857.98,
                        "Total Cost": 53708.24,
                        "Plan Rows": 82659,
                        "Plan Width": 4,
                        "Actual Startup Time": 33.585,
                        "Actual Total Time": 99.523,
                        "Actual Rows": 66091,
                        "Actual Loops": 2,
                        "Recheck Cond": "(kind_id = 1)",
                        "Rows Removed by Index Recheck": 0,
                        "Filter": "(production_year > 2009)",
                        "Rows Removed by Filter": 265322,
                        "Exact Heap Blocks": 8438,
                        "Lossy Heap Blocks": 0,
                        "Plans": [
                          {
                            "Node Type": "Bitmap Index Scan",
                            "Parent Relationship": "Outer",
                            "Parallel Aware": false,
                            "Index Name": "kind_id_title",
                            "Startup Cost": 0.0,
                            "Total Cost": 11822.85,
                            "Plan Rows": 663256,
                            "Plan Width": 0,
                            "Actual Startup Time": 33.053,
                            "Actual Total Time": 33.053,
                            "Actual Rows": 662825,
                            "Actual Loops": 1,
                            "Index Cond": "(kind_id = 1)"
                          }
                        ]
                      }
                    ]
                  }
                ]
              }
            ]
          }
        ]
      }
    ]
  },
  "Planning Time": 0.408,
  "Triggers": [],
  "Execution Time": 203.356
}