[
  {
    "Plan": {
      "Node Type": "Aggregate",
      "Strategy": "Plain",
      "Partial Mode": "Finalize",
      "Parallel Aware": false,
      "Startup Cost": 105069.03,
      "Total Cost": 105069.04,
      "Plan Rows": 1,
      "Plan Width": 8,
      "Actual Startup Time": 116.054,
      "Actual Total Time": 132.799,
      "Actual Rows": 1,
      "Actual Loops": 1,
      "Plans": [
        {
          "Node Type": "Gather",
          "Parent Relationship": "Outer",
          "Parallel Aware": false,
          "Startup Cost": 105068.61,
          "Total Cost": 105069.02,
          "Plan Rows": 4,
          "Plan Width": 8,
          "Actual Startup Time": 115.95,
          "Actual Total Time": 132.791,
          "Actual Rows": 5,
          "Actual Loops": 1,
          "Workers Planned": 4,
          "Workers Launched": 4,
          "Single Copy": false,
          "Plans": [
            {
              "Node Type": "Aggregate",
              "Strategy": "Plain",
              "Partial Mode": "Partial",
              "Parent Relationship": "Outer",
              "Parallel Aware": false,
              "Startup Cost": 104068.61,
              "Total Cost": 104068.62,
              "Plan Rows": 1,
              "Plan Width": 8,
              "Actual Startup Time": 106.269,
              "Actual Total Time": 106.271,
              "Actual Rows": 1,
              "Actual Loops": 5,
              "Plans": [
                {
                  "Node Type": "Nested Loop",
                  "Parent Relationship": "Outer",
                  "Parallel Aware": false,
                  "Join Type": "Inner",
                  "Startup Cost": 0.43,
                  "Total Cost": 104062.57,
                  "Plan Rows": 2415,
                  "Plan Width": 0,
                  "Actual Startup Time": 4.789,
                  "Actual Total Time": 105.701,
                  "Actual Rows": 7518,
                  "Actual Loops": 5,
                  "Inner Unique": false,
                  "Plans": [
                    {
                      "Node Type": "Seq Scan",
                      "Parent Relationship": "Outer",
                      "Parallel Aware": true,
                      "Relation Name": "title",
                      "Alias": "t",
                      "Startup Cost": 0.0,
                      "Total Cost": 45479.1,
                      "Plan Rows": 413,
                      "Plan Width": 4,
                      "Actual Startup Time": 4.589,
                      "Actual Total Time": 79.676,
                      "Actual Rows": 544,
                      "Actual Loops": 5,
                      "Filter": "((kind_id < 7) AND (production_year = 1950))",
                      "Rows Removed by Filter": 505118
                    },
                    {
                      "Node Type": "Index Only Scan",
                      "Parent Relationship": "Inner",
                      "Parallel Aware": false,
                      "Scan Direction": "Forward",
                      "Index Name": "movie_id_movie_info",
                      "Relation Name": "movie_info",
                      "Alias": "mi",
                      "Startup Cost": 0.43,
                      "Total Cost": 141.43,
                      "Plan Rows": 42,
                      "Plan Width": 4,
                      "Actual Startup Time": 0.016,
                      "Actual Total Time": 0.046,
                      "Actual Rows": 14,
                      "Actual Loops": 2720,
                      "Index Cond": "(movie_id = t.id)",
                      "Rows Removed by Index Recheck": 0,
                      "Heap Fetches": 37591
                    }
                  ]
                }
              ]
            }
          ]
        }
      ]
    },
    "Planning Time": 0.604,
    "Triggers": [],
    "Execution Time": 132.876
  }
]