[
  {
    "Plan": {
      "Node Type": "Aggregate",
      "Strategy": "Plain",
      "Partial Mode": "Finalize",
      "Parallel Aware": false,
      "Startup Cost": 44411.29,
      "Total Cost": 44411.3,
      "Plan Rows": 1,
      "Plan Width": 8,
      "Actual Startup Time": 131.331,
      "Actual Total Time": 141.075,
      "Actual Rows": 1,
      "Actual Loops": 1,
      "Plans": [
        {
          "Node Type": "Gather",
          "Parent Relationship": "Outer",
          "Parallel Aware": false,
          "Startup Cost": 44410.97,
          "Total Cost": 44411.28,
          "Plan Rows": 3,
          "Plan Width": 8,
          "Actual Startup Time": 131.195,
          "Actual Total Time": 141.067,
          "Actual Rows": 4,
          "Actual Loops": 1,
          "Workers Planned": 3,
          "Workers Launched": 3,
          "Single Copy": false,
          "Plans": [
            {
              "Node Type": "Aggregate",
              "Strategy": "Plain",
              "Partial Mode": "Partial",
              "Parent Relationship": "Outer",
              "Parallel Aware": false,
              "Startup Cost": 43410.97,
              "Total Cost": 43410.98,
              "Plan Rows": 1,
              "Plan Width": 8,
              "Actual Startup Time": 123.71,
              "Actual Total Time": 123.711,
              "Actual Rows": 1,
              "Actual Loops": 4,
              "Plans": [
                {
                  "Node Type": "Seq Scan",
                  "Parent Relationship": "Outer",
                  "Parallel Aware": true,
                  "Relation Name": "movie_keyword",
                  "Alias": "mk",
                  "Startup Cost": 0.0,
                  "Total Cost": 42695.65,
                  "Plan Rows": 286128,
                  "Plan Width": 0,
                  "Actual Startup Time": 5.448,
                  "Actual Total Time": 112.03,
                  "Actual Rows": 221138,
                  "Actual Loops": 4,
                  "Filter": "(keyword_id > 20848)",
                  "Rows Removed by Filter": 909845
                }
              ]
            }
          ]
        }
      ]
    },
    "Planning Time": 0.212,
    "Triggers": [],
    "Execution Time": 141.13
  }
]