[
  {
    "Plan": {
      "Node Type": "Aggregate",
      "Strategy": "Plain",
      "Partial Mode": "Finalize",
      "Parallel Aware": false,
      "Startup Cost": 543738.87,
      "Total Cost": 543738.88,
      "Plan Rows": 1,
      "Plan Width": 8,
      "Actual Startup Time": 886.264,
      "Actual Total Time": 909.311,
      "Actual Rows": 1,
      "Actual Loops": 1,
      "Plans": [
        {
          "Node Type": "Gather",
          "Parent Relationship": "Outer",
          "Parallel Aware": false,
          "Startup Cost": 543738.25,
          "Total Cost": 543738.86,
          "Plan Rows": 6,
          "Plan Width": 8,
          "Actual Startup Time": 883.199,
          "Actual Total Time": 909.305,
          "Actual Rows": 7,
          "Actual Loops": 1,
          "Workers Planned": 6,
          "Workers Launched": 6,
          "Single Copy": false,
          "Plans": [
            {
              "Node Type": "Aggregate",
              "Strategy": "Plain",
              "Partial Mode": "Partial",
              "Parent Relationship": "Outer",
              "Parallel Aware": false,
              "Startup Cost": 542738.25,
              "Total Cost": 542738.26,
              "Plan Rows": 1,
              "Plan Width": 8,
              "Actual Startup Time": 876.252,
              "Actual Total Time": 876.255,
              "Actual Rows": 1,
              "Actual Loops": 7,
              "Plans": [
                {
                  "Node Type": "Nested Loop",
                  "Parent Relationship": "Outer",
                  "Parallel Aware": false,
                  "Join Type": "Inner",
                  "Startup Cost": 97720.5,
                  "Total Cost": 542070.24,
                  "Plan Rows": 267203,
                  "Plan Width": 0,
                  "Actual Startup Time": 211.527,
                  "Actual Total Time": 856.849,
                  "Actual Rows": 359048,
                  "Actual Loops": 7,
                  "Inner Unique": false,
                  "Join Filter": "(t.id = mi.movie_id)",
                  "Rows Removed by Join Filter": 0,
                  "Plans": [
                    {
                      "Node Type": "Hash Join",
                      "Parent Relationship": "Outer",
                      "Parallel Aware": true,
                      "Join Type": "Inner",
                      "Startup Cost": 97720.07,
                      "Total Cost": 356648.08,
                      "Plan Rows": 90000,
                      "Plan Width": 8,
                      "Actual Startup Time": 211.396,
                      "Actual Total Time": 388.42,
                      "Actual Rows": 86665,
                      "Actual Loops": 7,
                      "Inner Unique": true,
                      "Hash Cond": "(ci.movie_id = t.id)",
                      "Plans": [
                        {
                          "Node Type": "Bitmap Heap Scan",
                          "Parent Relationship": "Outer",
                          "Parallel Aware": true,
                          "Relation Name": "cast_info",
                          "Alias": "ci",
                          "Startup Cost": 49304.03,
                          "Total Cost": 307596.46,
                          "Plan Rows": 242130,
                          "Plan Width": 4,
                          "Actual Startup Time": 97.353,
                          "Actual Total Time": 164.717,
                          "Actual Rows": 332858,
                          "Actual Loops": 7,
                          "Recheck Cond": "(person_id > 3607743)",
                          "Rows Removed by Index Recheck": 0,
                          "Filter": "(role_id > 1)",
                          "Rows Removed by Filter": 0,
                          "Exact Heap Blocks": 5734,
                          "Lossy Heap Blocks": 0,
                          "Plans": [
                            {
                              "Node Type": "Bitmap Index Scan",
                              "Parent Relationship": "Outer",
                              "Parallel Aware": false,
                              "Index Name": "person_id_cast_info",
                              "Startup Cost": 0.0,
                              "Total Cost": 48940.84,
                              "Plan Rows": 2242170,
                              "Plan Width": 0,
                              "Actual Startup Time": 91.396,
                              "Actual Total Time": 91.396,
                              "Actual Rows": 2330005,
                              "Actual Loops": 1,
                              "Index Cond": "(person_id > 3607743)"
                            }
                          ]
                        },
                        {
                          "Node Type": "Hash",
                          "Parent Relationship": "Inner",
                          "Parallel Aware": true,
                          "Startup Cost": 45479.21,
                          "Total Cost": 45479.21,
                          "Plan Rows": 234946,
                          "Plan Width": 4,
                          "Actual Startup Time": 111.646,
                          "Actual Total Time": 111.647,
                          "Actual Rows": 125148,
                          "Actual Loops": 7,
                          "Hash Buckets": 1048576,
                          "Original Hash Buckets": 1048576,
                          "Hash Batches": 1,
                          "Original Hash Batches": 1,
                          "Peak Memory Usage": 42560,
                          "Plans": [
                            {
                              "Node Type": "Seq Scan",
                              "Parent Relationship": "Outer",
                              "Parallel Aware": true,
                              "Relation Name": "title",
                              "Alias": "t",
                              "Startup Cost": 0.0,
                              "Total Cost": 45479.21,
                              "Plan Rows": 234946,
                              "Plan Width": 4,
                              "Actual Startup Time": 0.024,
                              "Actual Total Time": 65.959,
                              "Actual Rows": 125148,
                              "Actual Loops": 7,
                              "Filter": "((production_year < 2007) AND (kind_id = 7))",
                              "Rows Removed by Filter": 236039
                            }
                          ]
                        }
                      ]
                    },
                    {
                      "Node Type": "Index Scan",
                      "Parent Relationship": "Inner",
                      "Parallel Aware": false,
                      "Scan Direction": "Forward",
                      "Index Name": "movie_id_movie_info",
                      "Relation Name": "movie_info",
                      "Alias": "mi",
                      "Startup Cost": 0.43,
                      "Total Cost": 1.81,
                      "Plan Rows": 20,
                      "Plan Width": 4,
                      "Actual Startup Time": 0.003,
                      "Actual Total Time": 0.005,
                      "Actual Rows": 4,
                      "Actual Loops": 606654,
                      "Index Cond": "(movie_id = ci.movie_id)",
                      "Rows Removed by Index Recheck": 0,
                      "Filter": "(info_type_id > 7)",
                      "Rows Removed by Filter": 2
                    }
                  ]
                }
              ]
            }
          ]
        }
      ]
    },
    "Planning Time": 0.382,
    "Triggers": [],
    "Execution Time": 909.353
  }
]