[
  {
    "Plan": {
      "Node Type": "Aggregate",
      "Strategy": "Plain",
      "Partial Mode": "Finalize",
      "Parallel Aware": false,
      "Startup Cost": 351332.31,
      "Total Cost": 351332.32,
      "Plan Rows": 1,
      "Plan Width": 8,
      "Actual Startup Time": 583.104,
      "Actual Total Time": 604.717,
      "Actual Rows": 1,
      "Actual Loops": 1,
      "Plans": [
        {
          "Node Type": "Gather",
          "Parent Relationship": "Outer",
          "Parallel Aware": false,
          "Startup Cost": 351331.68,
          "Total Cost": 351332.29,
          "Plan Rows": 6,
          "Plan Width": 8,
          "Actual Startup Time": 567.089,
          "Actual Total Time": 604.56,
          "Actual Rows": 7,
          "Actual Loops": 1,
          "Workers Planned": 6,
          "Workers Launched": 6,
          "Single Copy": false,
          "Plans": [
            {
              "Node Type": "Aggregate",
              "Strategy": "Plain",
              "Partial Mode": "Partial",
              "Parent Relationship": "Outer",
              "Parallel Aware": false,
              "Startup Cost": 350331.68,
              "Total Cost": 350331.69,
              "Plan Rows": 1,
              "Plan Width": 8,
              "Actual Startup Time": 552.265,
              "Actual Total Time": 552.27,
              "Actual Rows": 1,
              "Actual Loops": 7,
              "Plans": [
                {
                  "Node Type": "Hash Join",
                  "Parent Relationship": "Outer",
                  "Parallel Aware": true,
                  "Join Type": "Inner",
                  "Startup Cost": 92198.92,
                  "Total Cost": 349759.06,
                  "Plan Rows": 229050,
                  "Plan Width": 0,
                  "Actual Startup Time": 330.354,
                  "Actual Total Time": 542.817,
                  "Actual Rows": 161870,
                  "Actual Loops": 7,
                  "Inner Unique": true,
                  "Hash Cond": "(ci.movie_id = t.id)",
                  "Plans": [
                    {
                      "Node Type": "Bitmap Heap Scan",
                      "Parent Relationship": "Outer",
                      "Parallel Aware": true,
                      "Relation Name": "cast_info",
                      "Alias": "ci",
                      "Startup Cost": 42682.45,
                      "Total Cost": 299396.83,
                      "Plan Rows": 322191,
                      "Plan Width": 4,
                      "Actual Startup Time": 103.024,
                      "Actual Total Time": 180.86,
                      "Actual Rows": 265030,
                      "Actual Loops": 7,
                      "Recheck Cond": "(person_id > 3695567)",
                      "Rows Removed by Index Recheck": 0,
                      "Exact Heap Blocks": 3987,
                      "Lossy Heap Blocks": 0,
                      "Plans": [
                        {
                          "Node Type": "Bitmap Index Scan",
                          "Parent Relationship": "Outer",
                          "Parallel Aware": false,
                          "Index Name": "person_id_cast_info",
                          "Startup Cost": 0.0,
                          "Total Cost": 42199.16,
                          "Plan Rows": 1933146,
                          "Plan Width": 0,
                          "Actual Startup Time": 96.454,
                          "Actual Total Time": 96.455,
                          "Actual Rows": 1855208,
                          "Actual Loops": 1,
                          "Index Cond": "(person_id > 3695567)"
                        }
                      ]
                    },
                    {
                      "Node Type": "Hash",
                      "Parent Relationship": "Inner",
                      "Parallel Aware": true,
                      "Startup Cost": 43899.32,
                      "Total Cost": 43899.32,
                      "Plan Rows": 449372,
                      "Plan Width": 4,
                      "Actual Startup Time": 222.443,
                      "Actual Total Time": 222.444,
                      "Actual Rows": 256308,
                      "Actual Loops": 7,
                      "Hash Buckets": 2097152,
                      "Original Hash Buckets": 2097152,
                      "Hash Batches": 1,
                      "Original Hash Batches": 1,
                      "Peak Memory Usage": 86688,
                      "Plans": [
                        {
                          "Node Type": "Seq Scan",
                          "Parent Relationship": "Outer",
                          "Parallel Aware": true,
                          "Relation Name": "title",
                          "Alias": "t",
                          "Startup Cost": 0.0,
                          "Total Cost": 43899.32,
                          "Plan Rows": 449372,
                          "Plan Width": 4,
                          "Actual Startup Time": 0.056,
                          "Actual Total Time": 86.608,
                          "Actual Rows": 256308,
                          "Actual Loops": 7,
                          "Filter": "(production_year < 2009)",
                          "Rows Removed by Filter": 104880
                        }
                      ]
                    }
                  ]
                }
              ]
            }
          ]
        }
      ]
    },
    "Planning Time": 0.632,
    "Triggers": [],
    "Execution Time": 604.828
  }
]