[
    {
        "Bao": {
            "Bao prediction": "NaN",
            "Bao recommended hint": "(no hint)"
        }
    },
    {
        "Plan": {
            "Node Type": "Aggregate",
            "Strategy": "Plain",
            "Partial Mode": "Finalize",
            "Parallel Aware": false,
            "Startup Cost": 85329.83,
            "Total Cost": 85329.84,
            "Plan Rows": 1,
            "Plan Width": 8,
            "Actual Startup Time": 431.985,
            "Actual Total Time": 467.147,
            "Actual Rows": 1,
            "Actual Loops": 1,
            "Output": [
                "count(*)"
            ],
            "Plans": [
                {
                    "Node Type": "Gather",
                    "Parent Relationship": "Outer",
                    "Parallel Aware": false,
                    "Startup Cost": 85329.41,
                    "Total Cost": 85329.82,
                    "Plan Rows": 4,
                    "Plan Width": 8,
                    "Actual Startup Time": 431.412,
                    "Actual Total Time": 467.138,
                    "Actual Rows": 5,
                    "Actual Loops": 1,
                    "Output": [
                        "(PARTIAL count(*))"
                    ],
                    "Workers Planned": 4,
                    "Workers Launched": 4,
                    "Single Copy": false,
                    "Plans": [
                        {
                            "Node Type": "Aggregate",
                            "Strategy": "Plain",
                            "Partial Mode": "Partial",
                            "Parent Relationship": "Outer",
                            "Parallel Aware": false,
                            "Startup Cost": 84329.41,
                            "Total Cost": 84329.42,
                            "Plan Rows": 1,
                            "Plan Width": 8,
                            "Actual Startup Time": 421.487,
                            "Actual Total Time": 421.491,
                            "Actual Rows": 1,
                            "Actual Loops": 5,
                            "Output": [
                                "PARTIAL count(*)"
                            ],
                            "Workers": [
                                {
                                    "Worker Number": 0,
                                    "Actual Startup Time": 418.55,
                                    "Actual Total Time": 418.553,
                                    "Actual Rows": 1,
                                    "Actual Loops": 1
                                },
                                {
                                    "Worker Number": 1,
                                    "Actual Startup Time": 419.066,
                                    "Actual Total Time": 419.069,
                                    "Actual Rows": 1,
                                    "Actual Loops": 1
                                },
                                {
                                    "Worker Number": 2,
                                    "Actual Startup Time": 419.451,
                                    "Actual Total Time": 419.455,
                                    "Actual Rows": 1,
                                    "Actual Loops": 1
                                },
                                {
                                    "Worker Number": 3,
                                    "Actual Startup Time": 419.568,
                                    "Actual Total Time": 419.571,
                                    "Actual Rows": 1,
                                    "Actual Loops": 1
                                }
                            ],
                            "Plans": [
                                {
                                    "Node Type": "Nested Loop",
                                    "Parent Relationship": "Outer",
                                    "Parallel Aware": false,
                                    "Join Type": "Inner",
                                    "Startup Cost": 20149.09,
                                    "Total Cost": 84281.73,
                                    "Plan Rows": 19070,
                                    "Plan Width": 0,
                                    "Actual Startup Time": 19.675,
                                    "Actual Total Time": 418.161,
                                    "Actual Rows": 45599,
                                    "Actual Loops": 5,
                                    "Inner Unique": false,
                                    "Workers": [
                                        {
                                            "Worker Number": 0,
                                            "Actual Startup Time": 17.086,
                                            "Actual Total Time": 414.856,
                                            "Actual Rows": 28928,
                                            "Actual Loops": 1
                                        },
                                        {
                                            "Worker Number": 1,
                                            "Actual Startup Time": 17.151,
                                            "Actual Total Time": 415.992,
                                            "Actual Rows": 42021,
                                            "Actual Loops": 1
                                        },
                                        {
                                            "Worker Number": 2,
                                            "Actual Startup Time": 17.603,
                                            "Actual Total Time": 416.08,
                                            "Actual Rows": 44836,
                                            "Actual Loops": 1
                                        },
                                        {
                                            "Worker Number": 3,
                                            "Actual Startup Time": 17.947,
                                            "Actual Total Time": 416.496,
                                            "Actual Rows": 41611,
                                            "Actual Loops": 1
                                        }
                                    ],
                                    "Plans": [
                                        {
                                            "Node Type": "Hash Join",
                                            "Parent Relationship": "Outer",
                                            "Parallel Aware": true,
                                            "Join Type": "Inner",
                                            "Startup Cost": 20148.52,
                                            "Total Cost": 66155.61,
                                            "Plan Rows": 7526,
                                            "Plan Width": 8,
                                            "Actual Startup Time": 19.321,
                                            "Actual Total Time": 135.773,
                                            "Actual Rows": 8839,
                                            "Actual Loops": 5,
                                            "Output": [
                                                "t.id",
                                                "mc.movie_id"
                                            ],
                                            "Inner Unique": false,
                                            "Hash Cond": "(t.id = mc.movie_id)",
                                            "Workers": [
                                                {
                                                    "Worker Number": 0,
                                                    "Actual Startup Time": 16.47,
                                                    "Actual Total Time": 124.93,
                                                    "Actual Rows": 5667,
                                                    "Actual Loops": 1
                                                },
                                                {
                                                    "Worker Number": 1,
                                                    "Actual Startup Time": 16.853,
                                                    "Actual Total Time": 126.637,
                                                    "Actual Rows": 8306,
                                                    "Actual Loops": 1
                                                },
                                                {
                                                    "Worker Number": 2,
                                                    "Actual Startup Time": 17.361,
                                                    "Actual Total Time": 129.475,
                                                    "Actual Rows": 8385,
                                                    "Actual Loops": 1
                                                },
                                                {
                                                    "Worker Number": 3,
                                                    "Actual Startup Time": 17.383,
                                                    "Actual Total Time": 127.442,
                                                    "Actual Rows": 8341,
                                                    "Actual Loops": 1
                                                }
                                            ],
                                            "Plans": [
                                                {
                                                    "Node Type": "Seq Scan",
                                                    "Parent Relationship": "Outer",
                                                    "Parallel Aware": true,
                                                    "Relation Name": "title",
                                                    "Schema": "public",
                                                    "Alias": "t",
                                                    "Startup Cost": 0.0,
                                                    "Total Cost": 43899.01,
                                                    "Plan Rows": 416761,
                                                    "Plan Width": 4,
                                                    "Actual Startup Time": 0.014,
                                                    "Actual Total Time": 70.096,
                                                    "Actual Rows": 334258,
                                                    "Actual Loops": 5,
                                                    "Output": [
                                                        "t.id",
                                                        "t.title",
                                                        "t.imdb_index",
                                                        "t.kind_id",
                                                        "t.production_year",
                                                        "t.imdb_id",
                                                        "t.phonetic_code",
                                                        "t.episode_of_id",
                                                        "t.season_nr",
                                                        "t.episode_nr",
                                                        "t.series_years",
                                                        "t.md5sum"
                                                    ],
                                                    "Filter": "(t.production_year < 2008)",
                                                    "Rows Removed by Filter": 171404,
                                                    "Workers": [
                                                        {
                                                            "Worker Number": 0,
                                                            "Actual Startup Time": 0.019,
                                                            "Actual Total Time": 66.605,
                                                            "Actual Rows": 210818,
                                                            "Actual Loops": 1
                                                        },
                                                        {
                                                            "Worker Number": 1,
                                                            "Actual Startup Time": 0.015,
                                                            "Actual Total Time": 67.1,
                                                            "Actual Rows": 312563,
                                                            "Actual Loops": 1
                                                        },
                                                        {
                                                            "Worker Number": 2,
                                                            "Actual Startup Time": 0.012,
                                                            "Actual Total Time": 68.15,
                                                            "Actual Rows": 325266,
                                                            "Actual Loops": 1
                                                        },
                                                        {
                                                            "Worker Number": 3,
                                                            "Actual Startup Time": 0.015,
                                                            "Actual Total Time": 67.235,
                                                            "Actual Rows": 314339,
                                                            "Actual Loops": 1
                                                        }
                                                    ]
                                                },
                                                {
                                                    "Node Type": "Hash",
                                                    "Parent Relationship": "Inner",
                                                    "Parallel Aware": true,
                                                    "Startup Cost": 19964.41,
                                                    "Total Cost": 19964.41,
                                                    "Plan Rows": 14729,
                                                    "Plan Width": 4,
                                                    "Actual Startup Time": 18.686,
                                                    "Actual Total Time": 18.688,
                                                    "Actual Rows": 9450,
                                                    "Actual Loops": 5,
                                                    "Output": [
                                                        "mc.movie_id"
                                                    ],
                                                    "Hash Buckets": 65536,
                                                    "Original Hash Buckets": 65536,
                                                    "Hash Batches": 1,
                                                    "Original Hash Batches": 1,
                                                    "Peak Memory Usage": 2464,
                                                    "Workers": [
                                                        {
                                                            "Worker Number": 0,
                                                            "Actual Startup Time": 15.778,
                                                            "Actual Total Time": 15.779,
                                                            "Actual Rows": 4124,
                                                            "Actual Loops": 1
                                                        },
                                                        {
                                                            "Worker Number": 1,
                                                            "Actual Startup Time": 16.335,
                                                            "Actual Total Time": 16.336,
                                                            "Actual Rows": 4899,
                                                            "Actual Loops": 1
                                                        },
                                                        {
                                                            "Worker Number": 2,
                                                            "Actual Startup Time": 16.798,
                                                            "Actual Total Time": 16.8,
                                                            "Actual Rows": 5057,
                                                            "Actual Loops": 1
                                                        },
                                                        {
                                                            "Worker Number": 3,
                                                            "Actual Startup Time": 16.9,
                                                            "Actual Total Time": 16.901,
                                                            "Actual Rows": 5149,
                                                            "Actual Loops": 1
                                                        }
                                                    ],
                                                    "Plans": [
                                                        {
                                                            "Node Type": "Bitmap Heap Scan",
                                                            "Parent Relationship": "Outer",
                                                            "Parallel Aware": true,
                                                            "Relation Name": "movie_companies",
                                                            "Schema": "public",
                                                            "Alias": "mc",
                                                            "Startup Cost": 990.29,
                                                            "Total Cost": 19964.41,
                                                            "Plan Rows": 14729,
                                                            "Plan Width": 4,
                                                            "Actual Startup Time": 1.383,
                                                            "Actual Total Time": 14.248,
                                                            "Actual Rows": 9450,
                                                            "Actual Loops": 5,
                                                            "Output": [
                                                                "mc.movie_id"
                                                            ],
                                                            "Recheck Cond": "(mc.company_id = 19)",
                                                            "Rows Removed by Index Recheck": 0,
                                                            "Exact Heap Blocks": 3311,
                                                            "Lossy Heap Blocks": 0,
                                                            "Workers": [
                                                                {
                                                                    "Worker Number": 0,
                                                                    "Actual Startup Time": 0.16,
                                                                    "Actual Total Time": 12.418,
                                                                    "Actual Rows": 4124,
                                                                    "Actual Loops": 1
                                                                },
                                                                {
                                                                    "Worker Number": 1,
                                                                    "Actual Startup Time": 0.186,
                                                                    "Actual Total Time": 12.829,
                                                                    "Actual Rows": 4899,
                                                                    "Actual Loops": 1
                                                                },
                                                                {
                                                                    "Worker Number": 2,
                                                                    "Actual Startup Time": 0.147,
                                                                    "Actual Total Time": 13.341,
                                                                    "Actual Rows": 5057,
                                                                    "Actual Loops": 1
                                                                },
                                                                {
                                                                    "Worker Number": 3,
                                                                    "Actual Startup Time": 0.166,
                                                                    "Actual Total Time": 13.259,
                                                                    "Actual Rows": 5149,
                                                                    "Actual Loops": 1
                                                                }
                                                            ],
                                                            "Plans": [
                                                                {
                                                                    "Node Type": "Bitmap Index Scan",
                                                                    "Parent Relationship": "Outer",
                                                                    "Parallel Aware": false,
                                                                    "Index Name": "company_id_movie_companies",
                                                                    "Startup Cost": 0.0,
                                                                    "Total Cost": 978.88,
                                                                    "Plan Rows": 45660,
                                                                    "Plan Width": 0,
                                                                    "Actual Startup Time": 4.792,
                                                                    "Actual Total Time": 4.793,
                                                                    "Actual Rows": 47252,
                                                                    "Actual Loops": 1,
                                                                    "Index Cond": "(mc.company_id = 19)"
                                                                }
                                                            ]
                                                        }
                                                    ]
                                                }
                                            ]
                                        },
                                        {
                                            "Node Type": "Index Scan",
                                            "Parent Relationship": "Inner",
                                            "Parallel Aware": false,
                                            "Scan Direction": "Forward",
                                            "Index Name": "movie_id_cast_info",
                                            "Relation Name": "cast_info",
                                            "Schema": "public",
                                            "Alias": "ci",
                                            "Startup Cost": 0.56,
                                            "Total Cost": 2.34,
                                            "Plan Rows": 7,
                                            "Plan Width": 4,
                                            "Actual Startup Time": 0.022,
                                            "Actual Total Time": 0.031,
                                            "Actual Rows": 5,
                                            "Actual Loops": 44196,
                                            "Output": [
                                                "ci.id",
                                                "ci.person_id",
                                                "ci.movie_id",
                                                "ci.person_role_id",
                                                "ci.note",
                                                "ci.nr_order",
                                                "ci.role_id"
                                            ],
                                            "Index Cond": "(ci.movie_id = t.id)",
                                            "Rows Removed by Index Recheck": 0,
                                            "Filter": "((ci.person_id > 2721581) AND (ci.role_id > 1))",
                                            "Rows Removed by Filter": 17,
                                            "Workers": [
                                                {
                                                    "Worker Number": 0,
                                                    "Actual Startup Time": 0.035,
                                                    "Actual Total Time": 0.05,
                                                    "Actual Rows": 5,
                                                    "Actual Loops": 5667
                                                },
                                                {
                                                    "Worker Number": 1,
                                                    "Actual Startup Time": 0.024,
                                                    "Actual Total Time": 0.034,
                                                    "Actual Rows": 5,
                                                    "Actual Loops": 8306
                                                },
                                                {
                                                    "Worker Number": 2,
                                                    "Actual Startup Time": 0.023,
                                                    "Actual Total Time": 0.033,
                                                    "Actual Rows": 5,
                                                    "Actual Loops": 8385
                                                },
                                                {
                                                    "Worker Number": 3,
                                                    "Actual Startup Time": 0.024,
                                                    "Actual Total Time": 0.034,
                                                    "Actual Rows": 5,
                                                    "Actual Loops": 8341
                                                }
                                            ]
                                        }
                                    ]
                                }
                            ]
                        }
                    ]
                }
            ]
        },
        "Planning Time": 225.216,
        "Triggers": [],
        "Execution Time": 467.299
    }
]