[
  {
    "Plan": {
      "Node Type": "Aggregate",
      "Strategy": "Plain",
      "Partial Mode": "Finalize",
      "Parallel Aware": false,
      "Startup Cost": 92522.36,
      "Total Cost": 92522.37,
      "Plan Rows": 1,
      "Plan Width": 8,
      "Actual Startup Time": 413.36,
      "Actual Total Time": 431.379,
      "Actual Rows": 1,
      "Actual Loops": 1,
      "Plans": [
        {
          "Node Type": "Gather",
          "Parent Relationship": "Outer",
          "Parallel Aware": false,
          "Startup Cost": 92522.04,
          "Total Cost": 92522.35,
          "Plan Rows": 3,
          "Plan Width": 8,
          "Actual Startup Time": 409.507,
          "Actual Total Time": 431.358,
          "Actual Rows": 4,
          "Actual Loops": 1,
          "Workers Planned": 3,
          "Workers Launched": 3,
          "Single Copy": false,
          "Plans": [
            {
              "Node Type": "Aggregate",
              "Strategy": "Plain",
              "Partial Mode": "Partial",
              "Parent Relationship": "Outer",
              "Parallel Aware": false,
              "Startup Cost": 91522.04,
              "Total Cost": 91522.05,
              "Plan Rows": 1,
              "Plan Width": 8,
              "Actual Startup Time": 400.921,
              "Actual Total Time": 400.924,
              "Actual Rows": 1,
              "Actual Loops": 4,
              "Plans": [
                {
                  "Node Type": "Hash Join",
                  "Parent Relationship": "Outer",
                  "Parallel Aware": true,
                  "Join Type": "Inner",
                  "Startup Cost": 46574.43,
                  "Total Cost": 90972.88,
                  "Plan Rows": 219666,
                  "Plan Width": 0,
                  "Actual Startup Time": 188.08,
                  "Actual Total Time": 384.626,
                  "Actual Rows": 358453,
                  "Actual Loops": 4,
                  "Inner Unique": true,
                  "Hash Cond": "(mk.movie_id = t.id)",
                  "Plans": [
                    {
                      "Node Type": "Seq Scan",
                      "Parent Relationship": "Outer",
                      "Parallel Aware": true,
                      "Relation Name": "movie_keyword",
                      "Alias": "mk",
                      "Startup Cost": 0.0,
                      "Total Cost": 42695.65,
                      "Plan Rows": 648685,
                      "Plan Width": 4,
                      "Actual Startup Time": 0.427,
                      "Actual Total Time": 110.736,
                      "Actual Rows": 502803,
                      "Actual Loops": 4,
                      "Filter": "(keyword_id > 6212)",
                      "Rows Removed by Filter": 628179
                    },
                    {
                      "Node Type": "Hash",
                      "Parent Relationship": "Inner",
                      "Parallel Aware": true,
                      "Startup Cost": 43898.92,
                      "Total Cost": 43898.92,
                      "Plan Rows": 214041,
                      "Plan Width": 4,
                      "Actual Startup Time": 182.408,
                      "Actual Total Time": 182.409,
                      "Actual Rows": 213554,
                      "Actual Loops": 4,
                      "Hash Buckets": 1048576,
                      "Original Hash Buckets": 1048576,
                      "Hash Batches": 1,
                      "Original Hash Batches": 1,
                      "Peak Memory Usage": 41696,
                      "Plans": [
                        {
                          "Node Type": "Seq Scan",
                          "Parent Relationship": "Outer",
                          "Parallel Aware": true,
                          "Relation Name": "title",
                          "Alias": "t",
                          "Startup Cost": 0.0,
                          "Total Cost": 43898.92,
                          "Plan Rows": 214041,
                          "Plan Width": 4,
                          "Actual Startup Time": 0.044,
                          "Actual Total Time": 105.238,
                          "Actual Rows": 213554,
                          "Actual Loops": 4,
                          "Filter": "(kind_id < 4)",
                          "Rows Removed by Filter": 418524
                        }
                      ]
                    }
                  ]
                }
              ]
            }
          ]
        }
      ]
    },
    "Planning Time": 0.65,
    "Triggers": [],
    "Execution Time": 431.456
  }
]