[
  {
    "Plan": {
      "Node Type": "Aggregate",
      "Strategy": "Plain",
      "Partial Mode": "Finalize",
      "Parallel Aware": false,
      "Startup Cost": 27248.34,
      "Total Cost": 27248.35,
      "Plan Rows": 1,
      "Plan Width": 8,
      "Actual Startup Time": 74.539,
      "Actual Total Time": 79.07,
      "Actual Rows": 1,
      "Actual Loops": 1,
      "Plans": [
        {
          "Node Type": "Gather",
          "Parent Relationship": "Outer",
          "Parallel Aware": false,
          "Startup Cost": 27248.02,
          "Total Cost": 27248.33,
          "Plan Rows": 3,
          "Plan Width": 8,
          "Actual Startup Time": 74.367,
          "Actual Total Time": 79.06,
          "Actual Rows": 4,
          "Actual Loops": 1,
          "Workers Planned": 3,
          "Workers Launched": 3,
          "Single Copy": false,
          "Plans": [
            {
              "Node Type": "Aggregate",
              "Strategy": "Plain",
              "Partial Mode": "Partial",
              "Parent Relationship": "Outer",
              "Parallel Aware": false,
              "Startup Cost": 26248.02,
              "Total Cost": 26248.03,
              "Plan Rows": 1,
              "Plan Width": 8,
              "Actual Startup Time": 67.951,
              "Actual Total Time": 67.953,
              "Actual Rows": 1,
              "Actual Loops": 4,
              "Plans": [
                {
                  "Node Type": "Bitmap Heap Scan",
                  "Parent Relationship": "Outer",
                  "Parallel Aware": true,
                  "Relation Name": "movie_companies",
                  "Alias": "mc",
                  "Startup Cost": 6096.75,
                  "Total Cost": 26021.14,
                  "Plan Rows": 90752,
                  "Plan Width": 0,
                  "Actual Startup Time": 28.389,
                  "Actual Total Time": 61.719,
                  "Actual Rows": 69876,
                  "Actual Loops": 4,
                  "Recheck Cond": "(company_id > 96000)",
                  "Rows Removed by Index Recheck": 0,
                  "Exact Heap Blocks": 2124,
                  "Lossy Heap Blocks": 0,
                  "Plans": [
                    {
                      "Node Type": "Bitmap Index Scan",
                      "Parent Relationship": "Outer",
                      "Parallel Aware": false,
                      "Index Name": "company_id_movie_companies",
                      "Startup Cost": 0.0,
                      "Total Cost": 6026.41,
                      "Plan Rows": 281331,
                      "Plan Width": 0,
                      "Actual Startup Time": 32.954,
                      "Actual Total Time": 32.955,
                      "Actual Rows": 279504,
                      "Actual Loops": 1,
                      "Index Cond": "(company_id > 96000)"
                    }
                  ]
                }
              ]
            }
          ]
        }
      ]
    },
    "Planning Time": 0.193,
    "Triggers": [],
    "Execution Time": 79.146
  }
]