{
  "Plan": {
    "Node Type": "Aggregate",
    "Strategy": "Plain",
    "Partial Mode": "Finalize",
    "Parallel Aware": false,
    "Startup Cost": 958205.1,
    "Total Cost": 958205.11,
    "Plan Rows": 1,
    "Plan Width": 8,
    "Actual Startup Time": 8270.64,
    "Actual Total Time": 8370.223,
    "Actual Rows": 1,
    "Actual Loops": 1,
    "Plans": [
      {
        "Node Type": "Gather",
        "Parent Relationship": "Outer",
        "Parallel Aware": false,
        "Startup Cost": 958204.98,
        "Total Cost": 958205.09,
        "Plan Rows": 1,
        "Plan Width": 8,
        "Actual Startup Time": 8265.502,
        "Actual Total Time": 8370.212,
        "Actual Rows": 2,
        "Actual Loops": 1,
        "Workers Planned": 1,
        "Workers Launched": 1,
        "Single Copy": false,
        "Plans": [
          {
            "Node Type": "Aggregate",
            "Strategy": "Plain",
            "Partial Mode": "Partial",
            "Parent Relationship": "Outer",
            "Parallel Aware": false,
            "Startup Cost": 957204.98,
            "Total Cost": 957204.99,
            "Plan Rows": 1,
            "Plan Width": 8,
            "Actual Startup Time": 8260.095,
            "Actual Total Time": 8260.101,
            "Actual Rows": 1,
            "Actual Loops": 2,
            "Plans": [
              {
                "Node Type": "Hash Join",
                "Parent Relationship": "Outer",
                "Parallel Aware": true,
                "Join Type": "Inner",
                "Startup Cost": 580589.68,
                "Total Cost": 951551.39,
                "Plan Rows": 2261436,
                "Plan Width": 0,
                "Actual Startup Time": 4026.202,
                "Actual Total Time": 7676.057,
                "Actual Rows": 15443900,
                "Actual Loops": 2,
                "Inner Unique": false,
                "Hash Cond": "(mi.movie_id = t.id)",
                "Plans": [
                  {
                    "Node Type": "Seq Scan",
                    "Parent Relationship": "Outer",
                    "Parallel Aware": true,
                    "Relation Name": "movie_info",
                    "Alias": "mi",
                    "Startup Cost": 0.0,
                    "Total Cost": 248955.74,
                    "Plan Rows": 8696274,
                    "Plan Width": 4,
                    "Actual Startup Time": 0.016,
                    "Actual Total Time": 615.174,
                    "Actual Rows": 7417860,
                    "Actual Loops": 2
                  },
                  {
                    "Node Type": "Hash",
                    "Parent Relationship": "Inner",
                    "Parallel Aware": true,
                    "Startup Cost": 575755.32,
                    "Total Cost": 575755.32,
                    "Plan Rows": 386749,
                    "Plan Width": 8,
                    "Actual Startup Time": 3977.728,
                    "Actual Total Time": 3977.732,
                    "Actual Rows": 802030,
                    "Actual Loops": 2,
                    "Hash Buckets": 2097152,
                    "Original Hash Buckets": 1048576,
                    "Hash Batches": 1,
                    "Original Hash Batches": 1,
                    "Peak Memory Usage": 87360,
                    "Plans": [
                      {
                        "Node Type": "Hash Join",
                        "Parent Relationship": "Outer",
                        "Parallel Aware": true,
                        "Join Type": "Inner",
                        "Startup Cost": 54021.97,
                        "Total Cost": 575755.32,
                        "Plan Rows": 386749,
                        "Plan Width": 8,
                        "Actual Startup Time": 114.467,
                        "Actual Total Time": 3726.231,
                        "Actual Rows": 802030,
                        "Actual Loops": 2,
                        "Inner Unique": true,
                        "Hash Cond": "(ci.movie_id = t.id)",
                        "Plans": [
                          {
                            "Node Type": "Seq Scan",
                            "Parent Relationship": "Outer",
                            "Parallel Aware": true,
                            "Relation Name": "cast_info",
                            "Alias": "ci",
                            "Startup Cost": 0.0,
                            "Total Cost": 465792.95,
                            "Plan Rows": 21310595,
                            "Plan Width": 4,
                            "Actual Startup Time": 0.014,
                            "Actual Total Time": 1353.783,
                            "Actual Rows": 18122172,
                            "Actual Loops": 2
                          },
                          {
                            "Node Type": "Hash",
                            "Parent Relationship": "Inner",
                            "Parallel Aware": true,
                            "Startup Cost": 53684.58,
                            "Total Cost": 53684.58,
                            "Plan Rows": 26991,
                            "Plan Width": 4,
                            "Actual Startup Time": 114.116,
                            "Actual Total Time": 114.117,
                            "Actual Rows": 84475,
                            "Actual Loops": 2,
                            "Hash Buckets": 262144,
                            "Original Hash Buckets": 65536,
                            "Hash Batches": 1,
                            "Original Hash Batches": 1,
                            "Peak Memory Usage": 10208,
                            "Plans": [
                              {
                                "Node Type": "Bitmap Heap Scan",
                                "Parent Relationship": "Outer",
                                "Parallel Aware": true,
                                "Relation Name": "title",
                                "Alias": "t",
                                "Startup Cost": 11834.32,
                                "Total Cost": 53684.58,
                                "Plan Rows": 26991,
                                "Plan Width": 4,
                                "Actual Startup Time": 31.537,
                                "Actual Total Time": 92.375,
                                "Actual Rows": 84475,
                                "Actual Loops": 2,
                                "Recheck Cond": "(kind_id = 1)",
                                "Rows Removed by Index Recheck": 0,
                                "Filter": "(production_year < 1953)",
                                "Rows Removed by Filter": 246938,
                                "Exact Heap Blocks": 8811,
                                "Lossy Heap Blocks": 0,
                                "Plans": [
                                  {
                                    "Node Type": "Bitmap Index Scan",
                                    "Parent Relationship": "Outer",
                                    "Parallel Aware": false,
                                    "Index Name": "kind_id_title",
                                    "Startup Cost": 0.0,
                                    "Total Cost": 11822.85,
                                    "Plan Rows": 663256,
                                    "Plan Width": 0,
                                    "Actual Startup Time": 29.62,
                                    "Actual Total Time": 29.621,
                                    "Actual Rows": 662825,
                                    "Actual Loops": 1,
                                    "Index Cond": "(kind_id = 1)"
                                  }
                                ]
                              }
                            ]
                          }
                        ]
                      }
                    ]
                  }
                ]
              }
            ]
          }
        ]
      }
    ]
  },
  "Planning Time": 0.933,
  "Triggers": [],
  "Execution Time": 8370.347
}