[
  {
    "Plan": {
      "Node Type": "Aggregate",
      "Strategy": "Plain",
      "Partial Mode": "Finalize",
      "Parallel Aware": false,
      "Startup Cost": 35370.3,
      "Total Cost": 35370.31,
      "Plan Rows": 1,
      "Plan Width": 8,
      "Actual Startup Time": 116.109,
      "Actual Total Time": 123.854,
      "Actual Rows": 1,
      "Actual Loops": 1,
      "Plans": [
        {
          "Node Type": "Gather",
          "Parent Relationship": "Outer",
          "Parallel Aware": false,
          "Startup Cost": 35369.99,
          "Total Cost": 35370.3,
          "Plan Rows": 3,
          "Plan Width": 8,
          "Actual Startup Time": 115.837,
          "Actual Total Time": 123.846,
          "Actual Rows": 4,
          "Actual Loops": 1,
          "Workers Planned": 3,
          "Workers Launched": 3,
          "Single Copy": false,
          "Plans": [
            {
              "Node Type": "Aggregate",
              "Strategy": "Plain",
              "Partial Mode": "Partial",
              "Parent Relationship": "Outer",
              "Parallel Aware": false,
              "Startup Cost": 34369.99,
              "Total Cost": 34370.0,
              "Plan Rows": 1,
              "Plan Width": 8,
              "Actual Startup Time": 108.254,
              "Actual Total Time": 108.255,
              "Actual Rows": 1,
              "Actual Loops": 4,
              "Plans": [
                {
                  "Node Type": "Bitmap Heap Scan",
                  "Parent Relationship": "Outer",
                  "Parallel Aware": true,
                  "Relation Name": "movie_keyword",
                  "Alias": "mk",
                  "Startup Cost": 8074.26,
                  "Total Cost": 34063.03,
                  "Plan Rows": 122782,
                  "Plan Width": 0,
                  "Actual Startup Time": 38.034,
                  "Actual Total Time": 102.767,
                  "Actual Rows": 91740,
                  "Actual Loops": 4,
                  "Recheck Cond": "(keyword_id > 45880)",
                  "Rows Removed by Index Recheck": 0,
                  "Exact Heap Blocks": 10958,
                  "Lossy Heap Blocks": 0,
                  "Plans": [
                    {
                      "Node Type": "Bitmap Index Scan",
                      "Parent Relationship": "Outer",
                      "Parallel Aware": false,
                      "Index Name": "keyword_id_movie_keyword",
                      "Startup Cost": 0.0,
                      "Total Cost": 7979.1,
                      "Plan Rows": 380623,
                      "Plan Width": 0,
                      "Actual Startup Time": 41.451,
                      "Actual Total Time": 41.451,
                      "Actual Rows": 366961,
                      "Actual Loops": 1,
                      "Index Cond": "(keyword_id > 45880)"
                    }
                  ]
                }
              ]
            }
          ]
        }
      ]
    },
    "Planning Time": 0.184,
    "Triggers": [],
    "Execution Time": 123.93
  }
]