[
  {
    "Plan": {
      "Node Type": "Aggregate",
      "Strategy": "Plain",
      "Partial Mode": "Finalize",
      "Parallel Aware": false,
      "Startup Cost": 110776.57,
      "Total Cost": 110776.58,
      "Plan Rows": 1,
      "Plan Width": 8,
      "Actual Startup Time": 728.583,
      "Actual Total Time": 755.111,
      "Actual Rows": 1,
      "Actual Loops": 1,
      "Plans": [
        {
          "Node Type": "Gather",
          "Parent Relationship": "Outer",
          "Parallel Aware": false,
          "Startup Cost": 110776.26,
          "Total Cost": 110776.57,
          "Plan Rows": 3,
          "Plan Width": 8,
          "Actual Startup Time": 723.574,
          "Actual Total Time": 755.099,
          "Actual Rows": 4,
          "Actual Loops": 1,
          "Workers Planned": 3,
          "Workers Launched": 3,
          "Single Copy": false,
          "Plans": [
            {
              "Node Type": "Aggregate",
              "Strategy": "Plain",
              "Partial Mode": "Partial",
              "Parent Relationship": "Outer",
              "Parallel Aware": false,
              "Startup Cost": 109776.26,
              "Total Cost": 109776.27,
              "Plan Rows": 1,
              "Plan Width": 8,
              "Actual Startup Time": 717.219,
              "Actual Total Time": 717.492,
              "Actual Rows": 1,
              "Actual Loops": 4,
              "Plans": [
                {
                  "Node Type": "Hash Join",
                  "Parent Relationship": "Outer",
                  "Parallel Aware": true,
                  "Join Type": "Inner",
                  "Startup Cost": 64063.62,
                  "Total Cost": 109328.95,
                  "Plan Rows": 178923,
                  "Plan Width": 0,
                  "Actual Startup Time": 347.861,
                  "Actual Total Time": 648.117,
                  "Actual Rows": 1427873,
                  "Actual Loops": 4,
                  "Inner Unique": false,
                  "Hash Cond": "(mk.movie_id = t.id)",
                  "Plans": [
                    {
                      "Node Type": "Seq Scan",
                      "Parent Relationship": "Outer",
                      "Parallel Aware": true,
                      "Relation Name": "movie_keyword",
                      "Alias": "mk",
                      "Startup Cost": 0.0,
                      "Total Cost": 39047.32,
                      "Plan Rows": 1459332,
                      "Plan Width": 4,
                      "Actual Startup Time": 0.037,
                      "Actual Total Time": 103.197,
                      "Actual Rows": 1130982,
                      "Actual Loops": 4
                    },
                    {
                      "Node Type": "Hash",
                      "Parent Relationship": "Inner",
                      "Parallel Aware": true,
                      "Startup Cost": 62449.03,
                      "Total Cost": 62449.03,
                      "Plan Rows": 129167,
                      "Plan Width": 8,
                      "Actual Startup Time": 302.923,
                      "Actual Total Time": 303.194,
                      "Actual Rows": 123414,
                      "Actual Loops": 4,
                      "Hash Buckets": 524288,
                      "Original Hash Buckets": 524288,
                      "Hash Batches": 1,
                      "Original Hash Batches": 1,
                      "Peak Memory Usage": 23488,
                      "Plans": [
                        {
                          "Node Type": "Hash Join",
                          "Parent Relationship": "Outer",
                          "Parallel Aware": true,
                          "Join Type": "Inner",
                          "Startup Cost": 47254.47,
                          "Total Cost": 62449.03,
                          "Plan Rows": 129167,
                          "Plan Width": 8,
                          "Actual Startup Time": 197.134,
                          "Actual Total Time": 266.771,
                          "Actual Rows": 123414,
                          "Actual Loops": 4,
                          "Inner Unique": true,
                          "Hash Cond": "(mi_idx.movie_id = t.id)",
                          "Plans": [
                            {
                              "Node Type": "Seq Scan",
                              "Parent Relationship": "Outer",
                              "Parallel Aware": true,
                              "Relation Name": "movie_info_idx",
                              "Alias": "mi_idx",
                              "Startup Cost": 0.0,
                              "Total Cost": 13685.15,
                              "Plan Rows": 575015,
                              "Plan Width": 4,
                              "Actual Startup Time": 0.012,
                              "Actual Total Time": 37.334,
                              "Actual Rows": 345009,
                              "Actual Loops": 4
                            },
                            {
                              "Node Type": "Hash",
                              "Parent Relationship": "Inner",
                              "Parallel Aware": true,
                              "Startup Cost": 45479.59,
                              "Total Cost": 45479.59,
                              "Plan Rows": 141991,
                              "Plan Width": 4,
                              "Actual Startup Time": 161.196,
                              "Actual Total Time": 161.197,
                              "Actual Rows": 112578,
                              "Actual Loops": 4,
                              "Hash Buckets": 1048576,
                              "Original Hash Buckets": 1048576,
                              "Hash Batches": 1,
                              "Original Hash Batches": 1,
                              "Peak Memory Usage": 25888,
                              "Plans": [
                                {
                                  "Node Type": "Seq Scan",
                                  "Parent Relationship": "Outer",
                                  "Parallel Aware": true,
                                  "Relation Name": "title",
                                  "Alias": "t",
                                  "Startup Cost": 0.0,
                                  "Total Cost": 45479.59,
                                  "Plan Rows": 141991,
                                  "Plan Width": 4,
                                  "Actual Startup Time": 46.911,
                                  "Actual Total Time": 111.76,
                                  "Actual Rows": 112578,
                                  "Actual Loops": 4,
                                  "Filter": "((production_year > 1964) AND (kind_id = 1))",
                                  "Rows Removed by Filter": 519500
                                }
                              ]
                            }
                          ]
                        }
                      ]
                    }
                  ]
                }
              ]
            }
          ]
        }
      ]
    },
    "Planning Time": 0.53,
    "Triggers": [],
    "Execution Time": 755.163
  }
]