[
  {
    "Plan": {
      "Node Type": "Aggregate",
      "Strategy": "Plain",
      "Partial Mode": "Finalize",
      "Parallel Aware": false,
      "Startup Cost": 133673.82,
      "Total Cost": 133673.83,
      "Plan Rows": 1,
      "Plan Width": 8,
      "Actual Startup Time": 527.581,
      "Actual Total Time": 562.179,
      "Actual Rows": 1,
      "Actual Loops": 1,
      "Plans": [
        {
          "Node Type": "Gather",
          "Parent Relationship": "Outer",
          "Parallel Aware": false,
          "Startup Cost": 133673.5,
          "Total Cost": 133673.81,
          "Plan Rows": 3,
          "Plan Width": 8,
          "Actual Startup Time": 527.572,
          "Actual Total Time": 562.174,
          "Actual Rows": 4,
          "Actual Loops": 1,
          "Workers Planned": 3,
          "Workers Launched": 3,
          "Single Copy": false,
          "Plans": [
            {
              "Node Type": "Aggregate",
              "Strategy": "Plain",
              "Partial Mode": "Partial",
              "Parent Relationship": "Outer",
              "Parallel Aware": false,
              "Startup Cost": 132673.5,
              "Total Cost": 132673.51,
              "Plan Rows": 1,
              "Plan Width": 8,
              "Actual Startup Time": 517.491,
              "Actual Total Time": 517.494,
              "Actual Rows": 1,
              "Actual Loops": 4,
              "Plans": [
                {
                  "Node Type": "Nested Loop",
                  "Parent Relationship": "Outer",
                  "Parallel Aware": false,
                  "Join Type": "Inner",
                  "Startup Cost": 45722.76,
                  "Total Cost": 132383.0,
                  "Plan Rows": 116200,
                  "Plan Width": 0,
                  "Actual Startup Time": 100.841,
                  "Actual Total Time": 490.386,
                  "Actual Rows": 651415,
                  "Actual Loops": 4,
                  "Inner Unique": false,
                  "Join Filter": "(t.id = mi.movie_id)",
                  "Rows Removed by Join Filter": 0,
                  "Plans": [
                    {
                      "Node Type": "Hash Join",
                      "Parent Relationship": "Outer",
                      "Parallel Aware": true,
                      "Join Type": "Inner",
                      "Startup Cost": 45722.32,
                      "Total Cost": 90112.46,
                      "Plan Rows": 19872,
                      "Plan Width": 8,
                      "Actual Startup Time": 100.759,
                      "Actual Total Time": 233.428,
                      "Actual Rows": 11412,
                      "Actual Loops": 4,
                      "Inner Unique": true,
                      "Hash Cond": "(mk.movie_id = t.id)",
                      "Plans": [
                        {
                          "Node Type": "Seq Scan",
                          "Parent Relationship": "Outer",
                          "Parallel Aware": true,
                          "Relation Name": "movie_keyword",
                          "Alias": "mk",
                          "Startup Cost": 0.0,
                          "Total Cost": 42695.65,
                          "Plan Rows": 645518,
                          "Plan Width": 4,
                          "Actual Startup Time": 0.386,
                          "Actual Total Time": 93.233,
                          "Actual Rows": 499160,
                          "Actual Loops": 4,
                          "Filter": "(keyword_id > 6267)",
                          "Rows Removed by Filter": 631822
                        },
                        {
                          "Node Type": "Hash",
                          "Parent Relationship": "Inner",
                          "Parallel Aware": true,
                          "Startup Cost": 45479.1,
                          "Total Cost": 45479.1,
                          "Plan Rows": 19458,
                          "Plan Width": 4,
                          "Actual Startup Time": 98.464,
                          "Actual Total Time": 98.465,
                          "Actual Rows": 18532,
                          "Actual Loops": 4,
                          "Hash Buckets": 131072,
                          "Original Hash Buckets": 131072,
                          "Hash Batches": 1,
                          "Original Hash Batches": 1,
                          "Peak Memory Usage": 4000,
                          "Plans": [
                            {
                              "Node Type": "Seq Scan",
                              "Parent Relationship": "Outer",
                              "Parallel Aware": true,
                              "Relation Name": "title",
                              "Alias": "t",
                              "Startup Cost": 0.0,
                              "Total Cost": 45479.1,
                              "Plan Rows": 19458,
                              "Plan Width": 4,
                              "Actual Startup Time": 0.122,
                              "Actual Total Time": 91.62,
                              "Actual Rows": 18532,
                              "Actual Loops": 4,
                              "Filter": "((kind_id < 4) AND (production_year > 2011))",
                              "Rows Removed by Filter": 613546
                            }
                          ]
                        }
                      ]
                    },
                    {
                      "Node Type": "Index Only Scan",
                      "Parent Relationship": "Inner",
                      "Parallel Aware": false,
                      "Scan Direction": "Forward",
                      "Index Name": "movie_id_movie_info",
                      "Relation Name": "movie_info",
                      "Alias": "mi",
                      "Startup Cost": 0.43,
                      "Total Cost": 1.6,
                      "Plan Rows": 42,
                      "Plan Width": 4,
                      "Actual Startup Time": 0.004,
                      "Actual Total Time": 0.018,
                      "Actual Rows": 57,
                      "Actual Loops": 45648,
                      "Index Cond": "(movie_id = mk.movie_id)",
                      "Rows Removed by Index Recheck": 0,
                      "Heap Fetches": 2605659
                    }
                  ]
                }
              ]
            }
          ]
        }
      ]
    },
    "Planning Time": 1.444,
    "Triggers": [],
    "Execution Time": 562.27
  }
]