[
  {
    "Plan": {
      "Node Type": "Aggregate",
      "Strategy": "Plain",
      "Partial Mode": "Finalize",
      "Parallel Aware": false,
      "Startup Cost": 31240.86,
      "Total Cost": 31240.87,
      "Plan Rows": 1,
      "Plan Width": 8,
      "Actual Startup Time": 85.993,
      "Actual Total Time": 94.109,
      "Actual Rows": 1,
      "Actual Loops": 1,
      "Plans": [
        {
          "Node Type": "Gather",
          "Parent Relationship": "Outer",
          "Parallel Aware": false,
          "Startup Cost": 31240.54,
          "Total Cost": 31240.85,
          "Plan Rows": 3,
          "Plan Width": 8,
          "Actual Startup Time": 85.921,
          "Actual Total Time": 94.101,
          "Actual Rows": 4,
          "Actual Loops": 1,
          "Workers Planned": 3,
          "Workers Launched": 3,
          "Single Copy": false,
          "Plans": [
            {
              "Node Type": "Aggregate",
              "Strategy": "Plain",
              "Partial Mode": "Partial",
              "Parent Relationship": "Outer",
              "Parallel Aware": false,
              "Startup Cost": 30240.54,
              "Total Cost": 30240.55,
              "Plan Rows": 1,
              "Plan Width": 8,
              "Actual Startup Time": 81.304,
              "Actual Total Time": 81.305,
              "Actual Rows": 1,
              "Actual Loops": 4,
              "Plans": [
                {
                  "Node Type": "Seq Scan",
                  "Parent Relationship": "Outer",
                  "Parallel Aware": true,
                  "Relation Name": "movie_companies",
                  "Alias": "mc",
                  "Startup Cost": 0.0,
                  "Total Cost": 29310.68,
                  "Plan Rows": 371943,
                  "Plan Width": 0,
                  "Actual Startup Time": 0.023,
                  "Actual Total Time": 68.173,
                  "Actual Rows": 290522,
                  "Actual Loops": 4,
                  "Filter": "(company_id < 9570)",
                  "Rows Removed by Filter": 361760
                }
              ]
            }
          ]
        }
      ]
    },
    "Planning Time": 0.081,
    "Triggers": [],
    "Execution Time": 94.134
  }
]