[
  {
    "Plan": {
      "Node Type": "Aggregate",
      "Strategy": "Plain",
      "Partial Mode": "Finalize",
      "Parallel Aware": false,
      "Startup Cost": 45915.29,
      "Total Cost": 45915.3,
      "Plan Rows": 1,
      "Plan Width": 8,
      "Actual Startup Time": 194.142,
      "Actual Total Time": 205.74,
      "Actual Rows": 1,
      "Actual Loops": 1,
      "Plans": [
        {
          "Node Type": "Gather",
          "Parent Relationship": "Outer",
          "Parallel Aware": false,
          "Startup Cost": 45914.97,
          "Total Cost": 45915.28,
          "Plan Rows": 3,
          "Plan Width": 8,
          "Actual Startup Time": 194.02,
          "Actual Total Time": 205.731,
          "Actual Rows": 4,
          "Actual Loops": 1,
          "Workers Planned": 3,
          "Workers Launched": 3,
          "Single Copy": false,
          "Plans": [
            {
              "Node Type": "Aggregate",
              "Strategy": "Plain",
              "Partial Mode": "Partial",
              "Parent Relationship": "Outer",
              "Parallel Aware": false,
              "Startup Cost": 44914.97,
              "Total Cost": 44914.98,
              "Plan Rows": 1,
              "Plan Width": 8,
              "Actual Startup Time": 185.351,
              "Actual Total Time": 185.353,
              "Actual Rows": 1,
              "Actual Loops": 4,
              "Plans": [
                {
                  "Node Type": "Seq Scan",
                  "Parent Relationship": "Outer",
                  "Parallel Aware": true,
                  "Relation Name": "movie_keyword",
                  "Alias": "mk",
                  "Startup Cost": 0.0,
                  "Total Cost": 42695.65,
                  "Plan Rows": 887727,
                  "Plan Width": 0,
                  "Actual Startup Time": 0.406,
                  "Actual Total Time": 146.534,
                  "Actual Rows": 685956,
                  "Actual Loops": 4,
                  "Filter": "(keyword_id > 2879)",
                  "Rows Removed by Filter": 445026
                }
              ]
            }
          ]
        }
      ]
    },
    "Planning Time": 0.162,
    "Triggers": [],
    "Execution Time": 205.791
  }
]