[
  {
    "Plan": {
      "Node Type": "Aggregate",
      "Strategy": "Plain",
      "Partial Mode": "Finalize",
      "Parallel Aware": false,
      "Startup Cost": 93735.78,
      "Total Cost": 93735.79,
      "Plan Rows": 1,
      "Plan Width": 8,
      "Actual Startup Time": 467.653,
      "Actual Total Time": 524.343,
      "Actual Rows": 1,
      "Actual Loops": 1,
      "Plans": [
        {
          "Node Type": "Gather",
          "Parent Relationship": "Outer",
          "Parallel Aware": false,
          "Startup Cost": 93735.36,
          "Total Cost": 93735.77,
          "Plan Rows": 4,
          "Plan Width": 8,
          "Actual Startup Time": 466.034,
          "Actual Total Time": 524.333,
          "Actual Rows": 5,
          "Actual Loops": 1,
          "Workers Planned": 4,
          "Workers Launched": 4,
          "Single Copy": false,
          "Plans": [
            {
              "Node Type": "Aggregate",
              "Strategy": "Plain",
              "Partial Mode": "Partial",
              "Parent Relationship": "Outer",
              "Parallel Aware": false,
              "Startup Cost": 92735.36,
              "Total Cost": 92735.37,
              "Plan Rows": 1,
              "Plan Width": 8,
              "Actual Startup Time": 455.836,
              "Actual Total Time": 455.841,
              "Actual Rows": 1,
              "Actual Loops": 5,
              "Plans": [
                {
                  "Node Type": "Nested Loop",
                  "Parent Relationship": "Outer",
                  "Parallel Aware": false,
                  "Join Type": "Inner",
                  "Startup Cost": 24112.63,
                  "Total Cost": 92555.8,
                  "Plan Rows": 71824,
                  "Plan Width": 0,
                  "Actual Startup Time": 116.109,
                  "Actual Total Time": 448.394,
                  "Actual Rows": 142241,
                  "Actual Loops": 5,
                  "Inner Unique": false,
                  "Plans": [
                    {
                      "Node Type": "Hash Join",
                      "Parent Relationship": "Outer",
                      "Parallel Aware": true,
                      "Join Type": "Inner",
                      "Startup Cost": 24112.06,
                      "Total Cost": 68859.58,
                      "Plan Rows": 6055,
                      "Plan Width": 8,
                      "Actual Startup Time": 115.973,
                      "Actual Total Time": 171.701,
                      "Actual Rows": 2574,
                      "Actual Loops": 5,
                      "Inner Unique": false,
                      "Hash Cond": "(t.id = mc.movie_id)",
                      "Plans": [
                        {
                          "Node Type": "Seq Scan",
                          "Parent Relationship": "Outer",
                          "Parallel Aware": true,
                          "Relation Name": "title",
                          "Alias": "t",
                          "Startup Cost": 0.0,
                          "Total Cost": 43898.92,
                          "Plan Rows": 165814,
                          "Plan Width": 4,
                          "Actual Startup Time": 28.768,
                          "Actual Total Time": 64.232,
                          "Actual Rows": 132565,
                          "Actual Loops": 5,
                          "Filter": "(kind_id = 1)",
                          "Rows Removed by Filter": 373097
                        },
                        {
                          "Node Type": "Hash",
                          "Parent Relationship": "Inner",
                          "Parallel Aware": true,
                          "Startup Cost": 23739.76,
                          "Total Cost": 23739.76,
                          "Plan Rows": 29784,
                          "Plan Width": 4,
                          "Actual Startup Time": 74.163,
                          "Actual Total Time": 74.164,
                          "Actual Rows": 29386,
                          "Actual Loops": 5,
                          "Hash Buckets": 262144,
                          "Original Hash Buckets": 131072,
                          "Hash Batches": 1,
                          "Original Hash Batches": 1,
                          "Peak Memory Usage": 8864,
                          "Plans": [
                            {
                              "Node Type": "Bitmap Heap Scan",
                              "Parent Relationship": "Outer",
                              "Parallel Aware": true,
                              "Relation Name": "movie_companies",
                              "Alias": "mc",
                              "Startup Cost": 4042.21,
                              "Total Cost": 23739.76,
                              "Plan Rows": 29784,
                              "Plan Width": 4,
                              "Actual Startup Time": 20.54,
                              "Actual Total Time": 56.104,
                              "Actual Rows": 29386,
                              "Actual Loops": 5,
                              "Recheck Cond": "(company_id < 49)",
                              "Rows Removed by Index Recheck": 0,
                              "Filter": "(company_type_id = 1)",
                              "Rows Removed by Filter": 7823,
                              "Exact Heap Blocks": 7364,
                              "Lossy Heap Blocks": 0,
                              "Plans": [
                                {
                                  "Node Type": "Bitmap Index Scan",
                                  "Parent Relationship": "Outer",
                                  "Parallel Aware": false,
                                  "Index Name": "company_id_movie_companies",
                                  "Startup Cost": 0.0,
                                  "Total Cost": 4019.13,
                                  "Plan Rows": 187560,
                                  "Plan Width": 0,
                                  "Actual Startup Time": 21.497,
                                  "Actual Total Time": 21.497,
                                  "Actual Rows": 186044,
                                  "Actual Loops": 1,
                                  "Index Cond": "(company_id < 49)"
                                }
                              ]
                            }
                          ]
                        }
                      ]
                    },
                    {
                      "Node Type": "Index Scan",
                      "Parent Relationship": "Inner",
                      "Parallel Aware": false,
                      "Scan Direction": "Forward",
                      "Index Name": "movie_id_cast_info",
                      "Relation Name": "cast_info",
                      "Alias": "ci",
                      "Startup Cost": 0.56,
                      "Total Cost": 3.61,
                      "Plan Rows": 30,
                      "Plan Width": 4,
                      "Actual Startup Time": 0.022,
                      "Actual Total Time": 0.103,
                      "Actual Rows": 55,
                      "Actual Loops": 12871,
                      "Index Cond": "(movie_id = t.id)",
                      "Rows Removed by Index Recheck": 0,
                      "Filter": "(person_id > 621123)",
                      "Rows Removed by Filter": 14
                    }
                  ]
                }
              ]
            }
          ]
        }
      ]
    },
    "Planning Time": 1.682,
    "Triggers": [],
    "Execution Time": 524.481
  }
]