[
  {
    "Plan": {
      "Node Type": "Aggregate",
      "Strategy": "Plain",
      "Partial Mode": "Finalize",
      "Parallel Aware": false,
      "Startup Cost": 46722.46,
      "Total Cost": 46722.47,
      "Plan Rows": 1,
      "Plan Width": 8,
      "Actual Startup Time": 196.522,
      "Actual Total Time": 208.729,
      "Actual Rows": 1,
      "Actual Loops": 1,
      "Plans": [
        {
          "Node Type": "Gather",
          "Parent Relationship": "Outer",
          "Parallel Aware": false,
          "Startup Cost": 46722.14,
          "Total Cost": 46722.45,
          "Plan Rows": 3,
          "Plan Width": 8,
          "Actual Startup Time": 196.39,
          "Actual Total Time": 208.72,
          "Actual Rows": 4,
          "Actual Loops": 1,
          "Workers Planned": 3,
          "Workers Launched": 3,
          "Single Copy": false,
          "Plans": [
            {
              "Node Type": "Aggregate",
              "Strategy": "Plain",
              "Partial Mode": "Partial",
              "Parent Relationship": "Outer",
              "Parallel Aware": false,
              "Startup Cost": 45722.14,
              "Total Cost": 45722.15,
              "Plan Rows": 1,
              "Plan Width": 8,
              "Actual Startup Time": 188.083,
              "Actual Total Time": 188.085,
              "Actual Rows": 1,
              "Actual Loops": 4,
              "Plans": [
                {
                  "Node Type": "Seq Scan",
                  "Parent Relationship": "Outer",
                  "Parallel Aware": true,
                  "Relation Name": "movie_keyword",
                  "Alias": "mk",
                  "Startup Cost": 0.0,
                  "Total Cost": 42695.65,
                  "Plan Rows": 1210595,
                  "Plan Width": 0,
                  "Actual Startup Time": 0.069,
                  "Actual Total Time": 139.34,
                  "Actual Rows": 940376,
                  "Actual Loops": 4,
                  "Filter": "(keyword_id < 24602)",
                  "Rows Removed by Filter": 190606
                }
              ]
            }
          ]
        }
      ]
    },
    "Planning Time": 0.16,
    "Triggers": [],
    "Execution Time": 208.788
  }
]