[
  {
    "Plan": {
      "Node Type": "Aggregate",
      "Strategy": "Plain",
      "Partial Mode": "Finalize",
      "Parallel Aware": false,
      "Startup Cost": 30945.33,
      "Total Cost": 30945.34,
      "Plan Rows": 1,
      "Plan Width": 8,
      "Actual Startup Time": 105.607,
      "Actual Total Time": 114.014,
      "Actual Rows": 1,
      "Actual Loops": 1,
      "Plans": [
        {
          "Node Type": "Gather",
          "Parent Relationship": "Outer",
          "Parallel Aware": false,
          "Startup Cost": 30945.01,
          "Total Cost": 30945.32,
          "Plan Rows": 3,
          "Plan Width": 8,
          "Actual Startup Time": 105.434,
          "Actual Total Time": 114.004,
          "Actual Rows": 4,
          "Actual Loops": 1,
          "Workers Planned": 3,
          "Workers Launched": 3,
          "Single Copy": false,
          "Plans": [
            {
              "Node Type": "Aggregate",
              "Strategy": "Plain",
              "Partial Mode": "Partial",
              "Parent Relationship": "Outer",
              "Parallel Aware": false,
              "Startup Cost": 29945.01,
              "Total Cost": 29945.02,
              "Plan Rows": 1,
              "Plan Width": 8,
              "Actual Startup Time": 97.551,
              "Actual Total Time": 97.553,
              "Actual Rows": 1,
              "Actual Loops": 4,
              "Plans": [
                {
                  "Node Type": "Seq Scan",
                  "Parent Relationship": "Outer",
                  "Parallel Aware": true,
                  "Relation Name": "movie_companies",
                  "Alias": "mc",
                  "Startup Cost": 0.0,
                  "Total Cost": 29310.68,
                  "Plan Rows": 253733,
                  "Plan Width": 0,
                  "Actual Startup Time": 0.047,
                  "Actual Total Time": 84.585,
                  "Actual Rows": 195302,
                  "Actual Loops": 4,
                  "Filter": "(company_id < 1693)",
                  "Rows Removed by Filter": 456980
                }
              ]
            }
          ]
        }
      ]
    },
    "Planning Time": 0.201,
    "Triggers": [],
    "Execution Time": 114.07
  }
]