{
  "Plan": {
    "Node Type": "Aggregate",
    "Strategy": "Plain",
    "Partial Mode": "Finalize",
    "Parallel Aware": false,
    "Startup Cost": 59294.8,
    "Total Cost": 59294.81,
    "Plan Rows": 1,
    "Plan Width": 8,
    "Actual Startup Time": 190.291,
    "Actual Total Time": 196.257,
    "Actual Rows": 1,
    "Actual Loops": 1,
    "Plans": [
      {
        "Node Type": "Gather",
        "Parent Relationship": "Outer",
        "Parallel Aware": false,
        "Startup Cost": 59294.69,
        "Total Cost": 59294.8,
        "Plan Rows": 1,
        "Plan Width": 8,
        "Actual Startup Time": 189.866,
        "Actual Total Time": 196.252,
        "Actual Rows": 2,
        "Actual Loops": 1,
        "Workers Planned": 1,
        "Workers Launched": 1,
        "Single Copy": false,
        "Plans": [
          {
            "Node Type": "Aggregate",
            "Strategy": "Plain",
            "Partial Mode": "Partial",
            "Parent Relationship": "Outer",
            "Parallel Aware": false,
            "Startup Cost": 58294.69,
            "Total Cost": 58294.7,
            "Plan Rows": 1,
            "Plan Width": 8,
            "Actual Startup Time": 184.026,
            "Actual Total Time": 184.03,
            "Actual Rows": 1,
            "Actual Loops": 2,
            "Plans": [
              {
                "Node Type": "Hash Join",
                "Parent Relationship": "Outer",
                "Parallel Aware": true,
                "Join Type": "Inner",
                "Startup Cost": 40029.37,
                "Total Cost": 58213.16,
                "Plan Rows": 32611,
                "Plan Width": 0,
                "Actual Startup Time": 110.613,
                "Actual Total Time": 182.287,
                "Actual Rows": 41766,
                "Actual Loops": 2,
                "Inner Unique": true,
                "Hash Cond": "(mi_idx.movie_id = t.id)",
                "Plans": [
                  {
                    "Node Type": "Seq Scan",
                    "Parent Relationship": "Outer",
                    "Parallel Aware": true,
                    "Relation Name": "movie_info_idx",
                    "Alias": "mi_idx",
                    "Startup Cost": 0.0,
                    "Total Cost": 16052.85,
                    "Plan Rows": 811785,
                    "Plan Width": 4,
                    "Actual Startup Time": 0.018,
                    "Actual Total Time": 50.789,
                    "Actual Rows": 690018,
                    "Actual Loops": 2
                  },
                  {
                    "Node Type": "Hash",
                    "Parent Relationship": "Inner",
                    "Parallel Aware": true,
                    "Startup Cost": 39282.57,
                    "Total Cost": 39282.57,
                    "Plan Rows": 59744,
                    "Plan Width": 4,
                    "Actual Startup Time": 61.927,
                    "Actual Total Time": 61.929,
                    "Actual Rows": 58956,
                    "Actual Loops": 2,
                    "Hash Buckets": 131072,
                    "Original Hash Buckets": 131072,
                    "Hash Batches": 1,
                    "Original Hash Batches": 1,
                    "Peak Memory Usage": 5664,
                    "Plans": [
                      {
                        "Node Type": "Bitmap Heap Scan",
                        "Parent Relationship": "Outer",
                        "Parallel Aware": true,
                        "Relation Name": "title",
                        "Alias": "t",
                        "Startup Cost": 2206.33,
                        "Total Cost": 39282.57,
                        "Plan Rows": 59744,
                        "Plan Width": 4,
                        "Actual Startup Time": 8.699,
                        "Actual Total Time": 46.098,
                        "Actual Rows": 58956,
                        "Actual Loops": 2,
                        "Recheck Cond": "(kind_id = 4)",
                        "Rows Removed by Index Recheck": 0,
                        "Filter": "(production_year > 1969)",
                        "Rows Removed by Filter": 162,
                        "Exact Heap Blocks": 9229,
                        "Lossy Heap Blocks": 0,
                        "Plans": [
                          {
                            "Node Type": "Bitmap Index Scan",
                            "Parent Relationship": "Outer",
                            "Parallel Aware": false,
                            "Index Name": "kind_id_title",
                            "Startup Cost": 0.0,
                            "Total Cost": 2180.94,
                            "Plan Rows": 122201,
                            "Plan Width": 0,
                            "Actual Startup Time": 10.646,
                            "Actual Total Time": 10.647,
                            "Actual Rows": 118234,
                            "Actual Loops": 1,
                            "Index Cond": "(kind_id = 4)"
                          }
                        ]
                      }
                    ]
                  }
                ]
              }
            ]
          }
        ]
      }
    ]
  },
  "Planning Time": 0.235,
  "Triggers": [],
  "Execution Time": 196.31
}