{
  "Plan": {
    "Node Type": "Aggregate",
    "Strategy": "Plain",
    "Partial Mode": "Finalize",
    "Parallel Aware": false,
    "Startup Cost": 517062.65,
    "Total Cost": 517062.66,
    "Plan Rows": 1,
    "Plan Width": 8,
    "Actual Startup Time": 6944.722,
    "Actual Total Time": 7061.57,
    "Actual Rows": 1,
    "Actual Loops": 1,
    "Plans": [
      {
        "Node Type": "Gather",
        "Parent Relationship": "Outer",
        "Parallel Aware": false,
        "Startup Cost": 517062.54,
        "Total Cost": 517062.65,
        "Plan Rows": 1,
        "Plan Width": 8,
        "Actual Startup Time": 6925.882,
        "Actual Total Time": 7061.562,
        "Actual Rows": 2,
        "Actual Loops": 1,
        "Workers Planned": 1,
        "Workers Launched": 1,
        "Single Copy": false,
        "Plans": [
          {
            "Node Type": "Aggregate",
            "Strategy": "Plain",
            "Partial Mode": "Partial",
            "Parent Relationship": "Outer",
            "Parallel Aware": false,
            "Startup Cost": 516062.54,
            "Total Cost": 516062.55,
            "Plan Rows": 1,
            "Plan Width": 8,
            "Actual Startup Time": 6895.107,
            "Actual Total Time": 6895.114,
            "Actual Rows": 1,
            "Actual Loops": 2,
            "Plans": [
              {
                "Node Type": "Hash Join",
                "Parent Relationship": "Outer",
                "Parallel Aware": true,
                "Join Type": "Inner",
                "Startup Cost": 449948.18,
                "Total Cost": 508593.16,
                "Plan Rows": 2987749,
                "Plan Width": 0,
                "Actual Startup Time": 6158.254,
                "Actual Total Time": 6786.907,
                "Actual Rows": 2599868,
                "Actual Loops": 2,
                "Inner Unique": false,
                "Hash Cond": "(ci.movie_id = t.id)",
                "Plans": [
                  {
                    "Node Type": "Index Scan",
                    "Parent Relationship": "Outer",
                    "Parallel Aware": true,
                    "Scan Direction": "Forward",
                    "Index Name": "role_id_cast_info",
                    "Relation Name": "cast_info",
                    "Alias": "ci",
                    "Startup Cost": 0.56,
                    "Total Cost": 34044.81,
                    "Plan Rows": 510963,
                    "Plan Width": 4,
                    "Actual Startup Time": 0.087,
                    "Actual Total Time": 77.012,
                    "Actual Rows": 227172,
                    "Actual Loops": 2,
                    "Index Cond": "(role_id = 9)",
                    "Rows Removed by Index Recheck": 0,
                    "Filter": "(person_id < 3019388)",
                    "Rows Removed by Filter": 319608
                  },
                  {
                    "Node Type": "Hash",
                    "Parent Relationship": "Inner",
                    "Parallel Aware": true,
                    "Startup Cost": 341244.19,
                    "Total Cost": 341244.19,
                    "Plan Rows": 8696274,
                    "Plan Width": 8,
                    "Actual Startup Time": 6101.766,
                    "Actual Total Time": 6101.77,
                    "Actual Rows": 7417860,
                    "Actual Loops": 2,
                    "Hash Buckets": 16777216,
                    "Original Hash Buckets": 16777216,
                    "Hash Batches": 1,
                    "Original Hash Batches": 1,
                    "Peak Memory Usage": 711456,
                    "Plans": [
                      {
                        "Node Type": "Hash Join",
                        "Parent Relationship": "Outer",
                        "Parallel Aware": true,
                        "Join Type": "Inner",
                        "Startup Cost": 69460.7,
                        "Total Cost": 341244.19,
                        "Plan Rows": 8696274,
                        "Plan Width": 8,
                        "Actual Startup Time": 569.426,
                        "Actual Total Time": 3905.236,
                        "Actual Rows": 7417860,
                        "Actual Loops": 2,
                        "Inner Unique": true,
                        "Hash Cond": "(mi.movie_id = t.id)",
                        "Plans": [
                          {
                            "Node Type": "Seq Scan",
                            "Parent Relationship": "Outer",
                            "Parallel Aware": true,
                            "Relation Name": "movie_info",
                            "Alias": "mi",
                            "Startup Cost": 0.0,
                            "Total Cost": 248955.74,
                            "Plan Rows": 8696274,
                            "Plan Width": 4,
                            "Actual Startup Time": 0.009,
                            "Actual Total Time": 678.562,
                            "Actual Rows": 7417860,
                            "Actual Loops": 2
                          },
                          {
                            "Node Type": "Hash",
                            "Parent Relationship": "Inner",
                            "Parallel Aware": true,
                            "Startup Cost": 50870.31,
                            "Total Cost": 50870.31,
                            "Plan Rows": 1487231,
                            "Plan Width": 4,
                            "Actual Startup Time": 558.28,
                            "Actual Total Time": 558.281,
                            "Actual Rows": 1264156,
                            "Actual Loops": 2,
                            "Hash Buckets": 4194304,
                            "Original Hash Buckets": 4194304,
                            "Hash Batches": 1,
                            "Original Hash Batches": 1,
                            "Peak Memory Usage": 131680,
                            "Plans": [
                              {
                                "Node Type": "Seq Scan",
                                "Parent Relationship": "Outer",
                                "Parallel Aware": true,
                                "Relation Name": "title",
                                "Alias": "t",
                                "Startup Cost": 0.0,
                                "Total Cost": 50870.31,
                                "Plan Rows": 1487231,
                                "Plan Width": 4,
                                "Actual Startup Time": 0.039,
                                "Actual Total Time": 174.305,
                                "Actual Rows": 1264156,
                                "Actual Loops": 2
                              }
                            ]
                          }
                        ]
                      }
                    ]
                  }
                ]
              }
            ]
          }
        ]
      }
    ]
  },
  "Planning Time": 0.946,
  "Triggers": [],
  "Execution Time": 7061.664
}