[
  {
    "Plan": {
      "Node Type": "Aggregate",
      "Strategy": "Plain",
      "Partial Mode": "Finalize",
      "Parallel Aware": false,
      "Startup Cost": 39416.94,
      "Total Cost": 39416.95,
      "Plan Rows": 1,
      "Plan Width": 8,
      "Actual Startup Time": 132.946,
      "Actual Total Time": 142.347,
      "Actual Rows": 1,
      "Actual Loops": 1,
      "Plans": [
        {
          "Node Type": "Gather",
          "Parent Relationship": "Outer",
          "Parallel Aware": false,
          "Startup Cost": 39416.62,
          "Total Cost": 39416.93,
          "Plan Rows": 3,
          "Plan Width": 8,
          "Actual Startup Time": 132.561,
          "Actual Total Time": 142.338,
          "Actual Rows": 4,
          "Actual Loops": 1,
          "Workers Planned": 3,
          "Workers Launched": 3,
          "Single Copy": false,
          "Plans": [
            {
              "Node Type": "Aggregate",
              "Strategy": "Plain",
              "Partial Mode": "Partial",
              "Parent Relationship": "Outer",
              "Parallel Aware": false,
              "Startup Cost": 38416.62,
              "Total Cost": 38416.63,
              "Plan Rows": 1,
              "Plan Width": 8,
              "Actual Startup Time": 123.781,
              "Actual Total Time": 123.782,
              "Actual Rows": 1,
              "Actual Loops": 4,
              "Plans": [
                {
                  "Node Type": "Bitmap Heap Scan",
                  "Parent Relationship": "Outer",
                  "Parallel Aware": true,
                  "Relation Name": "movie_keyword",
                  "Alias": "mk",
                  "Startup Cost": 11369.6,
                  "Total Cost": 37984.45,
                  "Plan Rows": 172868,
                  "Plan Width": 0,
                  "Actual Startup Time": 43.299,
                  "Actual Total Time": 115.92,
                  "Actual Rows": 136338,
                  "Actual Loops": 4,
                  "Recheck Cond": "(keyword_id < 393)",
                  "Rows Removed by Index Recheck": 0,
                  "Exact Heap Blocks": 11080,
                  "Lossy Heap Blocks": 0,
                  "Plans": [
                    {
                      "Node Type": "Bitmap Index Scan",
                      "Parent Relationship": "Outer",
                      "Parallel Aware": false,
                      "Index Name": "keyword_id_movie_keyword",
                      "Startup Cost": 0.0,
                      "Total Cost": 11235.62,
                      "Plan Rows": 535892,
                      "Plan Width": 0,
                      "Actual Startup Time": 47.737,
                      "Actual Total Time": 47.738,
                      "Actual Rows": 545354,
                      "Actual Loops": 1,
                      "Index Cond": "(keyword_id < 393)"
                    }
                  ]
                }
              ]
            }
          ]
        }
      ]
    },
    "Planning Time": 0.157,
    "Triggers": [],
    "Execution Time": 142.417
  }
]