[
    {
        "Bao": {
            "Bao prediction": "NaN",
            "Bao recommended hint": "(no hint)"
        }
    },
    {
        "Plan": {
            "Node Type": "Aggregate",
            "Strategy": "Plain",
            "Partial Mode": "Finalize",
            "Parallel Aware": false,
            "Startup Cost": 348912.07,
            "Total Cost": 348912.08,
            "Plan Rows": 1,
            "Plan Width": 8,
            "Actual Startup Time": 598.395,
            "Actual Total Time": 626.213,
            "Actual Rows": 1,
            "Actual Loops": 1,
            "Output": [
                "count(*)"
            ],
            "Plans": [
                {
                    "Node Type": "Gather",
                    "Parent Relationship": "Outer",
                    "Parallel Aware": false,
                    "Startup Cost": 348911.45,
                    "Total Cost": 348912.05,
                    "Plan Rows": 6,
                    "Plan Width": 8,
                    "Actual Startup Time": 598.294,
                    "Actual Total Time": 626.204,
                    "Actual Rows": 7,
                    "Actual Loops": 1,
                    "Output": [
                        "(PARTIAL count(*))"
                    ],
                    "Workers Planned": 6,
                    "Workers Launched": 6,
                    "Single Copy": false,
                    "Plans": [
                        {
                            "Node Type": "Aggregate",
                            "Strategy": "Plain",
                            "Partial Mode": "Partial",
                            "Parent Relationship": "Outer",
                            "Parallel Aware": false,
                            "Startup Cost": 347911.45,
                            "Total Cost": 347911.46,
                            "Plan Rows": 1,
                            "Plan Width": 8,
                            "Actual Startup Time": 588.594,
                            "Actual Total Time": 588.595,
                            "Actual Rows": 1,
                            "Actual Loops": 7,
                            "Output": [
                                "PARTIAL count(*)"
                            ],
                            "Workers": [
                                {
                                    "Worker Number": 0,
                                    "Actual Startup Time": 586.193,
                                    "Actual Total Time": 586.194,
                                    "Actual Rows": 1,
                                    "Actual Loops": 1
                                },
                                {
                                    "Worker Number": 1,
                                    "Actual Startup Time": 586.604,
                                    "Actual Total Time": 586.605,
                                    "Actual Rows": 1,
                                    "Actual Loops": 1
                                },
                                {
                                    "Worker Number": 2,
                                    "Actual Startup Time": 586.923,
                                    "Actual Total Time": 586.924,
                                    "Actual Rows": 1,
                                    "Actual Loops": 1
                                },
                                {
                                    "Worker Number": 3,
                                    "Actual Startup Time": 587.224,
                                    "Actual Total Time": 587.225,
                                    "Actual Rows": 1,
                                    "Actual Loops": 1
                                },
                                {
                                    "Worker Number": 4,
                                    "Actual Startup Time": 587.32,
                                    "Actual Total Time": 587.32,
                                    "Actual Rows": 1,
                                    "Actual Loops": 1
                                },
                                {
                                    "Worker Number": 5,
                                    "Actual Startup Time": 587.912,
                                    "Actual Total Time": 587.913,
                                    "Actual Rows": 1,
                                    "Actual Loops": 1
                                }
                            ],
                            "Plans": [
                                {
                                    "Node Type": "Seq Scan",
                                    "Parent Relationship": "Outer",
                                    "Parallel Aware": true,
                                    "Relation Name": "cast_info",
                                    "Schema": "public",
                                    "Alias": "ci",
                                    "Startup Cost": 0.0,
                                    "Total Cost": 343318.94,
                                    "Plan Rows": 1837002,
                                    "Plan Width": 0,
                                    "Actual Startup Time": 205.186,
                                    "Actual Total Time": 560.045,
                                    "Actual Rows": 675812,
                                    "Actual Loops": 7,
                                    "Output": [
                                        "id",
                                        "person_id",
                                        "movie_id",
                                        "person_role_id",
                                        "note",
                                        "nr_order",
                                        "role_id"
                                    ],
                                    "Filter": "((ci.person_id < 1673917) AND (ci.role_id > 1))",
                                    "Rows Removed by Filter": 4501952,
                                    "Workers": [
                                        {
                                            "Worker Number": 0,
                                            "Actual Startup Time": 201.978,
                                            "Actual Total Time": 558.233,
                                            "Actual Rows": 645596,
                                            "Actual Loops": 1
                                        },
                                        {
                                            "Worker Number": 1,
                                            "Actual Startup Time": 202.837,
                                            "Actual Total Time": 559.519,
                                            "Actual Rows": 640870,
                                            "Actual Loops": 1
                                        },
                                        {
                                            "Worker Number": 2,
                                            "Actual Startup Time": 204.963,
                                            "Actual Total Time": 559.788,
                                            "Actual Rows": 643579,
                                            "Actual Loops": 1
                                        },
                                        {
                                            "Worker Number": 3,
                                            "Actual Startup Time": 204.43,
                                            "Actual Total Time": 559.248,
                                            "Actual Rows": 645801,
                                            "Actual Loops": 1
                                        },
                                        {
                                            "Worker Number": 4,
                                            "Actual Startup Time": 203.396,
                                            "Actual Total Time": 559.462,
                                            "Actual Rows": 641458,
                                            "Actual Loops": 1
                                        },
                                        {
                                            "Worker Number": 5,
                                            "Actual Startup Time": 204.736,
                                            "Actual Total Time": 560.64,
                                            "Actual Rows": 645661,
                                            "Actual Loops": 1
                                        }
                                    ]
                                }
                            ]
                        }
                    ]
                }
            ]
        },
        "Planning Time": 188.867,
        "Triggers": [],
        "Execution Time": 626.256
    }
]