{
  "Plan": {
    "Node Type": "Aggregate",
    "Strategy": "Plain",
    "Partial Mode": "Finalize",
    "Parallel Aware": false,
    "Startup Cost": 226902.0,
    "Total Cost": 226902.01,
    "Plan Rows": 1,
    "Plan Width": 8,
    "Actual Startup Time": 769.574,
    "Actual Total Time": 786.415,
    "Actual Rows": 1,
    "Actual Loops": 1,
    "Plans": [
      {
        "Node Type": "Gather",
        "Parent Relationship": "Outer",
        "Parallel Aware": false,
        "Startup Cost": 226901.89,
        "Total Cost": 226902.0,
        "Plan Rows": 1,
        "Plan Width": 8,
        "Actual Startup Time": 767.411,
        "Actual Total Time": 786.405,
        "Actual Rows": 2,
        "Actual Loops": 1,
        "Workers Planned": 1,
        "Workers Launched": 1,
        "Single Copy": false,
        "Plans": [
          {
            "Node Type": "Aggregate",
            "Strategy": "Plain",
            "Partial Mode": "Partial",
            "Parent Relationship": "Outer",
            "Parallel Aware": false,
            "Startup Cost": 225901.89,
            "Total Cost": 225901.9,
            "Plan Rows": 1,
            "Plan Width": 8,
            "Actual Startup Time": 761.35,
            "Actual Total Time": 761.62,
            "Actual Rows": 1,
            "Actual Loops": 2,
            "Plans": [
              {
                "Node Type": "Hash Join",
                "Parent Relationship": "Outer",
                "Parallel Aware": true,
                "Join Type": "Inner",
                "Startup Cost": 103974.56,
                "Total Cost": 225883.19,
                "Plan Rows": 7480,
                "Plan Width": 0,
                "Actual Startup Time": 731.868,
                "Actual Total Time": 760.361,
                "Actual Rows": 22908,
                "Actual Loops": 2,
                "Inner Unique": false,
                "Hash Cond": "(mi.movie_id = t.id)",
                "Plans": [
                  {
                    "Node Type": "Bitmap Heap Scan",
                    "Parent Relationship": "Outer",
                    "Parallel Aware": true,
                    "Relation Name": "movie_info",
                    "Alias": "mi",
                    "Startup Cost": 1153.1,
                    "Total Cost": 122877.51,
                    "Plan Rows": 37394,
                    "Plan Width": 4,
                    "Actual Startup Time": 6.279,
                    "Actual Total Time": 18.855,
                    "Actual Rows": 30564,
                    "Actual Loops": 2,
                    "Recheck Cond": "(info_type_id = 103)",
                    "Rows Removed by Index Recheck": 0,
                    "Exact Heap Blocks": 3231,
                    "Lossy Heap Blocks": 0,
                    "Plans": [
                      {
                        "Node Type": "Bitmap Index Scan",
                        "Parent Relationship": "Outer",
                        "Parallel Aware": false,
                        "Index Name": "info_type_id_movie_info",
                        "Startup Cost": 0.0,
                        "Total Cost": 1137.21,
                        "Plan Rows": 63570,
                        "Plan Width": 0,
                        "Actual Startup Time": 5.632,
                        "Actual Total Time": 5.633,
                        "Actual Rows": 61128,
                        "Actual Loops": 1,
                        "Index Cond": "(info_type_id = 103)"
                      }
                    ]
                  },
                  {
                    "Node Type": "Hash",
                    "Parent Relationship": "Inner",
                    "Parallel Aware": true,
                    "Startup Cost": 99102.77,
                    "Total Cost": 99102.77,
                    "Plan Rows": 297495,
                    "Plan Width": 8,
                    "Actual Startup Time": 719.966,
                    "Actual Total Time": 720.234,
                    "Actual Rows": 258588,
                    "Actual Loops": 2,
                    "Hash Buckets": 524288,
                    "Original Hash Buckets": 524288,
                    "Hash Batches": 1,
                    "Original Hash Batches": 1,
                    "Peak Memory Usage": 24384,
                    "Plans": [
                      {
                        "Node Type": "Hash Join",
                        "Parent Relationship": "Outer",
                        "Parallel Aware": true,
                        "Join Type": "Inner",
                        "Startup Cost": 37187.29,
                        "Total Cost": 99102.77,
                        "Plan Rows": 297495,
                        "Plan Width": 8,
                        "Actual Startup Time": 148.186,
                        "Actual Total Time": 648.311,
                        "Actual Rows": 258588,
                        "Actual Loops": 2,
                        "Inner Unique": false,
                        "Hash Cond": "(t.id = mc.movie_id)",
                        "Plans": [
                          {
                            "Node Type": "Seq Scan",
                            "Parent Relationship": "Outer",
                            "Parallel Aware": true,
                            "Relation Name": "title",
                            "Alias": "t",
                            "Startup Cost": 0.0,
                            "Total Cost": 50870.31,
                            "Plan Rows": 1487231,
                            "Plan Width": 4,
                            "Actual Startup Time": 0.019,
                            "Actual Total Time": 149.068,
                            "Actual Rows": 1264156,
                            "Actual Loops": 2
                          },
                          {
                            "Node Type": "Hash",
                            "Parent Relationship": "Inner",
                            "Parallel Aware": true,
                            "Startup Cost": 33468.61,
                            "Total Cost": 33468.61,
                            "Plan Rows": 297495,
                            "Plan Width": 4,
                            "Actual Startup Time": 144.78,
                            "Actual Total Time": 144.782,
                            "Actual Rows": 258588,
                            "Actual Loops": 2,
                            "Hash Buckets": 524288,
                            "Original Hash Buckets": 524288,
                            "Hash Batches": 1,
                            "Original Hash Batches": 1,
                            "Peak Memory Usage": 24352,
                            "Plans": [
                              {
                                "Node Type": "Bitmap Heap Scan",
                                "Parent Relationship": "Outer",
                                "Parallel Aware": true,
                                "Relation Name": "movie_companies",
                                "Alias": "mc",
                                "Startup Cost": 10959.92,
                                "Total Cost": 33468.61,
                                "Plan Rows": 297495,
                                "Plan Width": 4,
                                "Actual Startup Time": 33.86,
                                "Actual Total Time": 88.226,
                                "Actual Rows": 258588,
                                "Actual Loops": 2,
                                "Recheck Cond": "(company_id > 73505)",
                                "Rows Removed by Index Recheck": 0,
                                "Exact Heap Blocks": 5062,
                                "Lossy Heap Blocks": 0,
                                "Plans": [
                                  {
                                    "Node Type": "Bitmap Index Scan",
                                    "Parent Relationship": "Outer",
                                    "Parallel Aware": false,
                                    "Index Name": "company_id_movie_companies",
                                    "Startup Cost": 0.0,
                                    "Total Cost": 10833.49,
                                    "Plan Rows": 505741,
                                    "Plan Width": 0,
                                    "Actual Startup Time": 32.807,
                                    "Actual Total Time": 32.808,
                                    "Actual Rows": 517176,
                                    "Actual Loops": 1,
                                    "Index Cond": "(company_id > 73505)"
                                  }
                                ]
                              }
                            ]
                          }
                        ]
                      }
                    ]
                  }
                ]
              }
            ]
          }
        ]
      }
    ]
  },
  "Planning Time": 0.69,
  "Triggers": [],
  "Execution Time": 786.54
}