{
    "Plan": {
        "Node Type": "Aggregate",
        "Strategy": "Plain",
        "Partial Mode": "Finalize",
        "Parallel Aware": false,
        "Startup Cost": 390356.1,
        "Total Cost": 390356.11,
        "Plan Rows": 1,
        "Plan Width": 8,
        "Actual Startup Time": 641.547,
        "Actual Total Time": 687.394,
        "Actual Rows": 1,
        "Actual Loops": 1,
        "Output": [
            "count(*)"
        ],
        "Plans": [
            {
                "Node Type": "Gather",
                "Parent Relationship": "Outer",
                "Parallel Aware": false,
                "Startup Cost": 390355.48,
                "Total Cost": 390356.09,
                "Plan Rows": 6,
                "Plan Width": 8,
                "Actual Startup Time": 640.412,
                "Actual Total Time": 687.381,
                "Actual Rows": 7,
                "Actual Loops": 1,
                "Output": [
                    "(PARTIAL count(*))"
                ],
                "Workers Planned": 6,
                "Workers Launched": 6,
                "Single Copy": false,
                "Plans": [
                    {
                        "Node Type": "Aggregate",
                        "Strategy": "Plain",
                        "Partial Mode": "Partial",
                        "Parent Relationship": "Outer",
                        "Parallel Aware": false,
                        "Startup Cost": 389355.48,
                        "Total Cost": 389355.49,
                        "Plan Rows": 1,
                        "Plan Width": 8,
                        "Actual Startup Time": 629.783,
                        "Actual Total Time": 629.785,
                        "Actual Rows": 1,
                        "Actual Loops": 7,
                        "Output": [
                            "PARTIAL count(*)"
                        ],
                        "Workers": [
                            {
                                "Worker Number": 0,
                                "Actual Startup Time": 627.4,
                                "Actual Total Time": 627.402,
                                "Actual Rows": 1,
                                "Actual Loops": 1
                            },
                            {
                                "Worker Number": 1,
                                "Actual Startup Time": 627.524,
                                "Actual Total Time": 627.527,
                                "Actual Rows": 1,
                                "Actual Loops": 1
                            },
                            {
                                "Worker Number": 2,
                                "Actual Startup Time": 628.127,
                                "Actual Total Time": 628.129,
                                "Actual Rows": 1,
                                "Actual Loops": 1
                            },
                            {
                                "Worker Number": 3,
                                "Actual Startup Time": 628.465,
                                "Actual Total Time": 628.468,
                                "Actual Rows": 1,
                                "Actual Loops": 1
                            },
                            {
                                "Worker Number": 4,
                                "Actual Startup Time": 628.516,
                                "Actual Total Time": 628.519,
                                "Actual Rows": 1,
                                "Actual Loops": 1
                            },
                            {
                                "Worker Number": 5,
                                "Actual Startup Time": 628.923,
                                "Actual Total Time": 628.926,
                                "Actual Rows": 1,
                                "Actual Loops": 1
                            }
                        ],
                        "Plans": [
                            {
                                "Node Type": "Hash Join",
                                "Parent Relationship": "Outer",
                                "Parallel Aware": true,
                                "Join Type": "Inner",
                                "Startup Cost": 44268.24,
                                "Total Cost": 389280.13,
                                "Plan Rows": 30140,
                                "Plan Width": 0,
                                "Actual Startup Time": 460.882,
                                "Actual Total Time": 629.315,
                                "Actual Rows": 7594,
                                "Actual Loops": 7,
                                "Inner Unique": true,
                                "Hash Cond": "(ci.movie_id = t.id)",
                                "Workers": [
                                    {
                                        "Worker Number": 0,
                                        "Actual Startup Time": 458.427,
                                        "Actual Total Time": 626.922,
                                        "Actual Rows": 7481,
                                        "Actual Loops": 1
                                    },
                                    {
                                        "Worker Number": 1,
                                        "Actual Startup Time": 458.563,
                                        "Actual Total Time": 627.066,
                                        "Actual Rows": 6547,
                                        "Actual Loops": 1
                                    },
                                    {
                                        "Worker Number": 2,
                                        "Actual Startup Time": 459.363,
                                        "Actual Total Time": 627.637,
                                        "Actual Rows": 7562,
                                        "Actual Loops": 1
                                    },
                                    {
                                        "Worker Number": 3,
                                        "Actual Startup Time": 459.393,
                                        "Actual Total Time": 627.968,
                                        "Actual Rows": 7778,
                                        "Actual Loops": 1
                                    },
                                    {
                                        "Worker Number": 4,
                                        "Actual Startup Time": 459.769,
                                        "Actual Total Time": 628.046,
                                        "Actual Rows": 7494,
                                        "Actual Loops": 1
                                    },
                                    {
                                        "Worker Number": 5,
                                        "Actual Startup Time": 460.146,
                                        "Actual Total Time": 628.471,
                                        "Actual Rows": 7186,
                                        "Actual Loops": 1
                                    }
                                ],
                                "Plans": [
                                    {
                                        "Node Type": "Seq Scan",
                                        "Parent Relationship": "Outer",
                                        "Parallel Aware": true,
                                        "Relation Name": "cast_info",
                                        "Schema": "public",
                                        "Alias": "ci",
                                        "Startup Cost": 0.0,
                                        "Total Cost": 343318.94,
                                        "Plan Rows": 644931,
                                        "Plan Width": 4,
                                        "Actual Startup Time": 388.461,
                                        "Actual Total Time": 520.979,
                                        "Actual Rows": 248966,
                                        "Actual Loops": 7,
                                        "Output": [
                                            "ci.id",
                                            "ci.person_id",
                                            "ci.movie_id",
                                            "ci.person_role_id",
                                            "ci.note",
                                            "ci.nr_order",
                                            "ci.role_id"
                                        ],
                                        "Filter": "((ci.person_id > 3255949) AND (ci.role_id < 10))",
                                        "Rows Removed by Filter": 4928798,
                                        "Workers": [
                                            {
                                                "Worker Number": 0,
                                                "Actual Startup Time": 388.496,
                                                "Actual Total Time": 521.092,
                                                "Actual Rows": 244991,
                                                "Actual Loops": 1
                                            },
                                            {
                                                "Worker Number": 1,
                                                "Actual Startup Time": 388.402,
                                                "Actual Total Time": 520.923,
                                                "Actual Rows": 221783,
                                                "Actual Loops": 1
                                            },
                                            {
                                                "Worker Number": 2,
                                                "Actual Startup Time": 388.505,
                                                "Actual Total Time": 521.204,
                                                "Actual Rows": 244048,
                                                "Actual Loops": 1
                                            },
                                            {
                                                "Worker Number": 3,
                                                "Actual Startup Time": 388.376,
                                                "Actual Total Time": 520.856,
                                                "Actual Rows": 247473,
                                                "Actual Loops": 1
                                            },
                                            {
                                                "Worker Number": 4,
                                                "Actual Startup Time": 388.466,
                                                "Actual Total Time": 520.948,
                                                "Actual Rows": 247876,
                                                "Actual Loops": 1
                                            },
                                            {
                                                "Worker Number": 5,
                                                "Actual Startup Time": 388.478,
                                                "Actual Total Time": 520.561,
                                                "Actual Rows": 239041,
                                                "Actual Loops": 1
                                            }
                                        ]
                                    },
                                    {
                                        "Node Type": "Hash",
                                        "Parent Relationship": "Inner",
                                        "Parallel Aware": true,
                                        "Startup Cost": 43899.01,
                                        "Total Cost": 43899.01,
                                        "Plan Rows": 29539,
                                        "Plan Width": 4,
                                        "Actual Startup Time": 70.669,
                                        "Actual Total Time": 70.67,
                                        "Actual Rows": 16891,
                                        "Actual Loops": 7,
                                        "Output": [
                                            "t.id"
                                        ],
                                        "Hash Buckets": 131072,
                                        "Original Hash Buckets": 131072,
                                        "Hash Batches": 1,
                                        "Original Hash Batches": 1,
                                        "Peak Memory Usage": 5760,
                                        "Workers": [
                                            {
                                                "Worker Number": 0,
                                                "Actual Startup Time": 69.153,
                                                "Actual Total Time": 69.154,
                                                "Actual Rows": 16178,
                                                "Actual Loops": 1
                                            },
                                            {
                                                "Worker Number": 1,
                                                "Actual Startup Time": 69.11,
                                                "Actual Total Time": 69.111,
                                                "Actual Rows": 14269,
                                                "Actual Loops": 1
                                            },
                                            {
                                                "Worker Number": 2,
                                                "Actual Startup Time": 69.911,
                                                "Actual Total Time": 69.912,
                                                "Actual Rows": 16292,
                                                "Actual Loops": 1
                                            },
                                            {
                                                "Worker Number": 3,
                                                "Actual Startup Time": 70.244,
                                                "Actual Total Time": 70.245,
                                                "Actual Rows": 17300,
                                                "Actual Loops": 1
                                            },
                                            {
                                                "Worker Number": 4,
                                                "Actual Startup Time": 70.333,
                                                "Actual Total Time": 70.334,
                                                "Actual Rows": 16371,
                                                "Actual Loops": 1
                                            },
                                            {
                                                "Worker Number": 5,
                                                "Actual Startup Time": 70.688,
                                                "Actual Total Time": 70.689,
                                                "Actual Rows": 14643,
                                                "Actual Loops": 1
                                            }
                                        ],
                                        "Plans": [
                                            {
                                                "Node Type": "Seq Scan",
                                                "Parent Relationship": "Outer",
                                                "Parallel Aware": true,
                                                "Relation Name": "title",
                                                "Schema": "public",
                                                "Alias": "t",
                                                "Startup Cost": 0.0,
                                                "Total Cost": 43899.01,
                                                "Plan Rows": 29539,
                                                "Plan Width": 4,
                                                "Actual Startup Time": 43.949,
                                                "Actual Total Time": 64.961,
                                                "Actual Rows": 16891,
                                                "Actual Loops": 7,
                                                "Output": [
                                                    "t.id"
                                                ],
                                                "Filter": "(t.kind_id = 4)",
                                                "Rows Removed by Filter": 344297,
                                                "Workers": [
                                                    {
                                                        "Worker Number": 0,
                                                        "Actual Startup Time": 43.399,
                                                        "Actual Total Time": 63.761,
                                                        "Actual Rows": 16178,
                                                        "Actual Loops": 1
                                                    },
                                                    {
                                                        "Worker Number": 1,
                                                        "Actual Startup Time": 41.948,
                                                        "Actual Total Time": 63.01,
                                                        "Actual Rows": 14269,
                                                        "Actual Loops": 1
                                                    },
                                                    {
                                                        "Worker Number": 2,
                                                        "Actual Startup Time": 43.107,
                                                        "Actual Total Time": 64.306,
                                                        "Actual Rows": 16292,
                                                        "Actual Loops": 1
                                                    },
                                                    {
                                                        "Worker Number": 3,
                                                        "Actual Startup Time": 43.411,
                                                        "Actual Total Time": 65.48,
                                                        "Actual Rows": 17300,
                                                        "Actual Loops": 1
                                                    },
                                                    {
                                                        "Worker Number": 4,
                                                        "Actual Startup Time": 43.859,
                                                        "Actual Total Time": 64.836,
                                                        "Actual Rows": 16371,
                                                        "Actual Loops": 1
                                                    },
                                                    {
                                                        "Worker Number": 5,
                                                        "Actual Startup Time": 43.822,
                                                        "Actual Total Time": 64.929,
                                                        "Actual Rows": 14643,
                                                        "Actual Loops": 1
                                                    }
                                                ]
                                            }
                                        ]
                                    }
                                ]
                            }
                        ]
                    }
                ]
            }
        ]
    },
    "Planning Time": 0.776,
    "Triggers": [],
    "Execution Time": 687.479
}