[
  {
    "Plan": {
      "Node Type": "Aggregate",
      "Strategy": "Plain",
      "Partial Mode": "Finalize",
      "Parallel Aware": false,
      "Startup Cost": 46686.73,
      "Total Cost": 46686.74,
      "Plan Rows": 1,
      "Plan Width": 8,
      "Actual Startup Time": 190.156,
      "Actual Total Time": 200.668,
      "Actual Rows": 1,
      "Actual Loops": 1,
      "Plans": [
        {
          "Node Type": "Gather",
          "Parent Relationship": "Outer",
          "Parallel Aware": false,
          "Startup Cost": 46686.42,
          "Total Cost": 46686.73,
          "Plan Rows": 3,
          "Plan Width": 8,
          "Actual Startup Time": 190.027,
          "Actual Total Time": 200.658,
          "Actual Rows": 4,
          "Actual Loops": 1,
          "Workers Planned": 3,
          "Workers Launched": 3,
          "Single Copy": false,
          "Plans": [
            {
              "Node Type": "Aggregate",
              "Strategy": "Plain",
              "Partial Mode": "Partial",
              "Parent Relationship": "Outer",
              "Parallel Aware": false,
              "Startup Cost": 45686.42,
              "Total Cost": 45686.43,
              "Plan Rows": 1,
              "Plan Width": 8,
              "Actual Startup Time": 182.15,
              "Actual Total Time": 182.151,
              "Actual Rows": 1,
              "Actual Loops": 4,
              "Plans": [
                {
                  "Node Type": "Seq Scan",
                  "Parent Relationship": "Outer",
                  "Parallel Aware": true,
                  "Relation Name": "movie_keyword",
                  "Alias": "mk",
                  "Startup Cost": 0.0,
                  "Total Cost": 42695.65,
                  "Plan Rows": 1196305,
                  "Plan Width": 0,
                  "Actual Startup Time": 0.059,
                  "Actual Total Time": 136.794,
                  "Actual Rows": 929918,
                  "Actual Loops": 4,
                  "Filter": "(keyword_id < 23040)",
                  "Rows Removed by Filter": 201065
                }
              ]
            }
          ]
        }
      ]
    },
    "Planning Time": 0.128,
    "Triggers": [],
    "Execution Time": 200.711
  }
]