[
    {
        "Bao": {
            "Bao prediction": "NaN",
            "Bao recommended hint": "(no hint)"
        }
    },
    {
        "Plan": {
            "Node Type": "Aggregate",
            "Strategy": "Plain",
            "Partial Mode": "Finalize",
            "Parallel Aware": false,
            "Startup Cost": 399987.41,
            "Total Cost": 399987.42,
            "Plan Rows": 1,
            "Plan Width": 8,
            "Actual Startup Time": 2447.442,
            "Actual Total Time": 2470.938,
            "Actual Rows": 1,
            "Actual Loops": 1,
            "Output": [
                "count(*)"
            ],
            "Plans": [
                {
                    "Node Type": "Gather",
                    "Parent Relationship": "Outer",
                    "Parallel Aware": false,
                    "Startup Cost": 399986.79,
                    "Total Cost": 399987.4,
                    "Plan Rows": 6,
                    "Plan Width": 8,
                    "Actual Startup Time": 2436.41,
                    "Actual Total Time": 2470.928,
                    "Actual Rows": 7,
                    "Actual Loops": 1,
                    "Output": [
                        "(PARTIAL count(*))"
                    ],
                    "Workers Planned": 6,
                    "Workers Launched": 6,
                    "Single Copy": false,
                    "Plans": [
                        {
                            "Node Type": "Aggregate",
                            "Strategy": "Plain",
                            "Partial Mode": "Partial",
                            "Parent Relationship": "Outer",
                            "Parallel Aware": false,
                            "Startup Cost": 398986.79,
                            "Total Cost": 398986.8,
                            "Plan Rows": 1,
                            "Plan Width": 8,
                            "Actual Startup Time": 2424.405,
                            "Actual Total Time": 2424.407,
                            "Actual Rows": 1,
                            "Actual Loops": 7,
                            "Output": [
                                "PARTIAL count(*)"
                            ],
                            "Workers": [
                                {
                                    "Worker Number": 0,
                                    "Actual Startup Time": 2422.729,
                                    "Actual Total Time": 2422.731,
                                    "Actual Rows": 1,
                                    "Actual Loops": 1
                                },
                                {
                                    "Worker Number": 1,
                                    "Actual Startup Time": 2422.384,
                                    "Actual Total Time": 2422.386,
                                    "Actual Rows": 1,
                                    "Actual Loops": 1
                                },
                                {
                                    "Worker Number": 2,
                                    "Actual Startup Time": 2422.463,
                                    "Actual Total Time": 2422.466,
                                    "Actual Rows": 1,
                                    "Actual Loops": 1
                                },
                                {
                                    "Worker Number": 3,
                                    "Actual Startup Time": 2422.486,
                                    "Actual Total Time": 2422.489,
                                    "Actual Rows": 1,
                                    "Actual Loops": 1
                                },
                                {
                                    "Worker Number": 4,
                                    "Actual Startup Time": 2422.524,
                                    "Actual Total Time": 2422.526,
                                    "Actual Rows": 1,
                                    "Actual Loops": 1
                                },
                                {
                                    "Worker Number": 5,
                                    "Actual Startup Time": 2422.52,
                                    "Actual Total Time": 2422.522,
                                    "Actual Rows": 1,
                                    "Actual Loops": 1
                                }
                            ],
                            "Plans": [
                                {
                                    "Node Type": "Hash Join",
                                    "Parent Relationship": "Outer",
                                    "Parallel Aware": true,
                                    "Join Type": "Inner",
                                    "Startup Cost": 48689.12,
                                    "Total Cost": 390903.06,
                                    "Plan Rows": 3233491,
                                    "Plan Width": 0,
                                    "Actual Startup Time": 224.574,
                                    "Actual Total Time": 2281.591,
                                    "Actual Rows": 2703197,
                                    "Actual Loops": 7,
                                    "Inner Unique": true,
                                    "Hash Cond": "(ci.movie_id = t.id)",
                                    "Workers": [
                                        {
                                            "Worker Number": 0,
                                            "Actual Startup Time": 223.066,
                                            "Actual Total Time": 2274.797,
                                            "Actual Rows": 2435503,
                                            "Actual Loops": 1
                                        },
                                        {
                                            "Worker Number": 1,
                                            "Actual Startup Time": 222.754,
                                            "Actual Total Time": 2270.589,
                                            "Actual Rows": 2364550,
                                            "Actual Loops": 1
                                        },
                                        {
                                            "Worker Number": 2,
                                            "Actual Startup Time": 222.783,
                                            "Actual Total Time": 2270.188,
                                            "Actual Rows": 2319682,
                                            "Actual Loops": 1
                                        },
                                        {
                                            "Worker Number": 3,
                                            "Actual Startup Time": 222.829,
                                            "Actual Total Time": 2288.414,
                                            "Actual Rows": 3039521,
                                            "Actual Loops": 1
                                        },
                                        {
                                            "Worker Number": 4,
                                            "Actual Startup Time": 222.869,
                                            "Actual Total Time": 2286.571,
                                            "Actual Rows": 2974209,
                                            "Actual Loops": 1
                                        },
                                        {
                                            "Worker Number": 5,
                                            "Actual Startup Time": 222.866,
                                            "Actual Total Time": 2287.745,
                                            "Actual Rows": 3049768,
                                            "Actual Loops": 1
                                        }
                                    ],
                                    "Plans": [
                                        {
                                            "Node Type": "Seq Scan",
                                            "Parent Relationship": "Outer",
                                            "Parallel Aware": true,
                                            "Relation Name": "cast_info",
                                            "Schema": "public",
                                            "Alias": "ci",
                                            "Startup Cost": 0.0,
                                            "Total Cost": 328213.62,
                                            "Plan Rows": 5333449,
                                            "Plan Width": 4,
                                            "Actual Startup Time": 42.419,
                                            "Actual Total Time": 636.534,
                                            "Actual Rows": 4562717,
                                            "Actual Loops": 7,
                                            "Output": [
                                                "ci.id",
                                                "ci.person_id",
                                                "ci.movie_id",
                                                "ci.person_role_id",
                                                "ci.note",
                                                "ci.nr_order",
                                                "ci.role_id"
                                            ],
                                            "Filter": "(ci.person_id > 414758)",
                                            "Rows Removed by Filter": 615046,
                                            "Workers": [
                                                {
                                                    "Worker Number": 0,
                                                    "Actual Startup Time": 42.425,
                                                    "Actual Total Time": 654.243,
                                                    "Actual Rows": 4118001,
                                                    "Actual Loops": 1
                                                },
                                                {
                                                    "Worker Number": 1,
                                                    "Actual Startup Time": 42.412,
                                                    "Actual Total Time": 681.982,
                                                    "Actual Rows": 3991244,
                                                    "Actual Loops": 1
                                                },
                                                {
                                                    "Worker Number": 2,
                                                    "Actual Startup Time": 42.406,
                                                    "Actual Total Time": 670.834,
                                                    "Actual Rows": 3908429,
                                                    "Actual Loops": 1
                                                },
                                                {
                                                    "Worker Number": 3,
                                                    "Actual Startup Time": 42.494,
                                                    "Actual Total Time": 626.704,
                                                    "Actual Rows": 5118926,
                                                    "Actual Loops": 1
                                                },
                                                {
                                                    "Worker Number": 4,
                                                    "Actual Startup Time": 42.396,
                                                    "Actual Total Time": 614.25,
                                                    "Actual Rows": 5027430,
                                                    "Actual Loops": 1
                                                },
                                                {
                                                    "Worker Number": 5,
                                                    "Actual Startup Time": 42.417,
                                                    "Actual Total Time": 627.866,
                                                    "Actual Rows": 5147840,
                                                    "Actual Loops": 1
                                                }
                                            ]
                                        },
                                        {
                                            "Node Type": "Hash",
                                            "Parent Relationship": "Inner",
                                            "Parallel Aware": true,
                                            "Startup Cost": 43899.01,
                                            "Total Cost": 43899.01,
                                            "Plan Rows": 383209,
                                            "Plan Width": 4,
                                            "Actual Startup Time": 178.538,
                                            "Actual Total Time": 178.539,
                                            "Actual Rows": 220466,
                                            "Actual Loops": 7,
                                            "Output": [
                                                "t.id"
                                            ],
                                            "Hash Buckets": 2097152,
                                            "Original Hash Buckets": 2097152,
                                            "Hash Batches": 1,
                                            "Original Hash Batches": 1,
                                            "Peak Memory Usage": 76864,
                                            "Workers": [
                                                {
                                                    "Worker Number": 0,
                                                    "Actual Startup Time": 179.68,
                                                    "Actual Total Time": 179.68,
                                                    "Actual Rows": 174742,
                                                    "Actual Loops": 1
                                                },
                                                {
                                                    "Worker Number": 1,
                                                    "Actual Startup Time": 179.427,
                                                    "Actual Total Time": 179.427,
                                                    "Actual Rows": 170286,
                                                    "Actual Loops": 1
                                                },
                                                {
                                                    "Worker Number": 2,
                                                    "Actual Startup Time": 179.443,
                                                    "Actual Total Time": 179.444,
                                                    "Actual Rows": 179011,
                                                    "Actual Loops": 1
                                                },
                                                {
                                                    "Worker Number": 3,
                                                    "Actual Startup Time": 179.628,
                                                    "Actual Total Time": 179.629,
                                                    "Actual Rows": 223635,
                                                    "Actual Loops": 1
                                                },
                                                {
                                                    "Worker Number": 4,
                                                    "Actual Startup Time": 179.522,
                                                    "Actual Total Time": 179.523,
                                                    "Actual Rows": 232997,
                                                    "Actual Loops": 1
                                                },
                                                {
                                                    "Worker Number": 5,
                                                    "Actual Startup Time": 179.54,
                                                    "Actual Total Time": 179.54,
                                                    "Actual Rows": 224310,
                                                    "Actual Loops": 1
                                                }
                                            ],
                                            "Plans": [
                                                {
                                                    "Node Type": "Seq Scan",
                                                    "Parent Relationship": "Outer",
                                                    "Parallel Aware": true,
                                                    "Relation Name": "title",
                                                    "Schema": "public",
                                                    "Alias": "t",
                                                    "Startup Cost": 0.0,
                                                    "Total Cost": 43899.01,
                                                    "Plan Rows": 383209,
                                                    "Plan Width": 4,
                                                    "Actual Startup Time": 0.047,
                                                    "Actual Total Time": 74.175,
                                                    "Actual Rows": 220466,
                                                    "Actual Loops": 7,
                                                    "Output": [
                                                        "t.id"
                                                    ],
                                                    "Filter": "(t.kind_id = 7)",
                                                    "Rows Removed by Filter": 140721,
                                                    "Workers": [
                                                        {
                                                            "Worker Number": 0,
                                                            "Actual Startup Time": 0.056,
                                                            "Actual Total Time": 77.545,
                                                            "Actual Rows": 174742,
                                                            "Actual Loops": 1
                                                        },
                                                        {
                                                            "Worker Number": 1,
                                                            "Actual Startup Time": 0.056,
                                                            "Actual Total Time": 76.521,
                                                            "Actual Rows": 170286,
                                                            "Actual Loops": 1
                                                        },
                                                        {
                                                            "Worker Number": 2,
                                                            "Actual Startup Time": 0.046,
                                                            "Actual Total Time": 78.678,
                                                            "Actual Rows": 179011,
                                                            "Actual Loops": 1
                                                        },
                                                        {
                                                            "Worker Number": 3,
                                                            "Actual Startup Time": 0.047,
                                                            "Actual Total Time": 73.881,
                                                            "Actual Rows": 223635,
                                                            "Actual Loops": 1
                                                        },
                                                        {
                                                            "Worker Number": 4,
                                                            "Actual Startup Time": 0.058,
                                                            "Actual Total Time": 73.784,
                                                            "Actual Rows": 232997,
                                                            "Actual Loops": 1
                                                        },
                                                        {
                                                            "Worker Number": 5,
                                                            "Actual Startup Time": 0.056,
                                                            "Actual Total Time": 73.925,
                                                            "Actual Rows": 224310,
                                                            "Actual Loops": 1
                                                        }
                                                    ]
                                                }
                                            ]
                                        }
                                    ]
                                }
                            ]
                        }
                    ]
                }
            ]
        },
        "Planning Time": 224.701,
        "Triggers": [],
        "Execution Time": 2471.042
    }
]