[
  {
    "Plan": {
      "Node Type": "Aggregate",
      "Strategy": "Plain",
      "Partial Mode": "Finalize",
      "Parallel Aware": false,
      "Startup Cost": 47059.78,
      "Total Cost": 47059.79,
      "Plan Rows": 1,
      "Plan Width": 8,
      "Actual Startup Time": 115.046,
      "Actual Total Time": 126.85,
      "Actual Rows": 1,
      "Actual Loops": 1,
      "Plans": [
        {
          "Node Type": "Gather",
          "Parent Relationship": "Outer",
          "Parallel Aware": false,
          "Startup Cost": 47059.36,
          "Total Cost": 47059.77,
          "Plan Rows": 4,
          "Plan Width": 8,
          "Actual Startup Time": 114.754,
          "Actual Total Time": 126.84,
          "Actual Rows": 5,
          "Actual Loops": 1,
          "Workers Planned": 4,
          "Workers Launched": 4,
          "Single Copy": false,
          "Plans": [
            {
              "Node Type": "Aggregate",
              "Strategy": "Plain",
              "Partial Mode": "Partial",
              "Parent Relationship": "Outer",
              "Parallel Aware": false,
              "Startup Cost": 46059.36,
              "Total Cost": 46059.37,
              "Plan Rows": 1,
              "Plan Width": 8,
              "Actual Startup Time": 106.478,
              "Actual Total Time": 106.48,
              "Actual Rows": 1,
              "Actual Loops": 5,
              "Plans": [
                {
                  "Node Type": "Seq Scan",
                  "Parent Relationship": "Outer",
                  "Parallel Aware": true,
                  "Relation Name": "title",
                  "Alias": "t",
                  "Startup Cost": 0.0,
                  "Total Cost": 45479.1,
                  "Plan Rows": 232103,
                  "Plan Width": 0,
                  "Actual Startup Time": 0.045,
                  "Actual Total Time": 97.392,
                  "Actual Rows": 176976,
                  "Actual Loops": 5,
                  "Filter": "((kind_id < 7) AND (production_year > 1921))",
                  "Rows Removed by Filter": 328686
                }
              ]
            }
          ]
        }
      ]
    },
    "Planning Time": 0.193,
    "Triggers": [],
    "Execution Time": 126.914
  }
]