[
  {
    "Plan": {
      "Node Type": "Aggregate",
      "Strategy": "Plain",
      "Partial Mode": "Finalize",
      "Parallel Aware": false,
      "Startup Cost": 336276.29,
      "Total Cost": 336276.3,
      "Plan Rows": 1,
      "Plan Width": 8,
      "Actual Startup Time": 793.333,
      "Actual Total Time": 853.629,
      "Actual Rows": 1,
      "Actual Loops": 1,
      "Plans": [
        {
          "Node Type": "Gather",
          "Parent Relationship": "Outer",
          "Parallel Aware": false,
          "Startup Cost": 336275.67,
          "Total Cost": 336276.28,
          "Plan Rows": 6,
          "Plan Width": 8,
          "Actual Startup Time": 793.169,
          "Actual Total Time": 853.617,
          "Actual Rows": 7,
          "Actual Loops": 1,
          "Workers Planned": 6,
          "Workers Launched": 6,
          "Single Copy": false,
          "Plans": [
            {
              "Node Type": "Aggregate",
              "Strategy": "Plain",
              "Partial Mode": "Partial",
              "Parent Relationship": "Outer",
              "Parallel Aware": false,
              "Startup Cost": 335275.67,
              "Total Cost": 335275.68,
              "Plan Rows": 1,
              "Plan Width": 8,
              "Actual Startup Time": 783.476,
              "Actual Total Time": 783.478,
              "Actual Rows": 1,
              "Actual Loops": 7,
              "Plans": [
                {
                  "Node Type": "Seq Scan",
                  "Parent Relationship": "Outer",
                  "Parallel Aware": true,
                  "Relation Name": "cast_info",
                  "Alias": "ci",
                  "Startup Cost": 0.0,
                  "Total Cost": 328162.03,
                  "Plan Rows": 2845457,
                  "Plan Width": 0,
                  "Actual Startup Time": 232.049,
                  "Actual Total Time": 661.678,
                  "Actual Rows": 2428169,
                  "Actual Loops": 7,
                  "Filter": "(person_id > 1923454)",
                  "Rows Removed by Filter": 2749594
                }
              ]
            }
          ]
        }
      ]
    },
    "Planning Time": 0.085,
    "Triggers": [],
    "Execution Time": 853.677
  }
]