{
  "Plan": {
    "Node Type": "Aggregate",
    "Strategy": "Plain",
    "Partial Mode": "Finalize",
    "Parallel Aware": false,
    "Startup Cost": 115243.61,
    "Total Cost": 115243.62,
    "Plan Rows": 1,
    "Plan Width": 8,
    "Actual Startup Time": 294.941,
    "Actual Total Time": 306.932,
    "Actual Rows": 1,
    "Actual Loops": 1,
    "Plans": [
      {
        "Node Type": "Gather",
        "Parent Relationship": "Outer",
        "Parallel Aware": false,
        "Startup Cost": 115243.5,
        "Total Cost": 115243.61,
        "Plan Rows": 1,
        "Plan Width": 8,
        "Actual Startup Time": 294.805,
        "Actual Total Time": 306.924,
        "Actual Rows": 2,
        "Actual Loops": 1,
        "Workers Planned": 1,
        "Workers Launched": 1,
        "Single Copy": false,
        "Plans": [
          {
            "Node Type": "Aggregate",
            "Strategy": "Plain",
            "Partial Mode": "Partial",
            "Parent Relationship": "Outer",
            "Parallel Aware": false,
            "Startup Cost": 114243.5,
            "Total Cost": 114243.51,
            "Plan Rows": 1,
            "Plan Width": 8,
            "Actual Startup Time": 289.064,
            "Actual Total Time": 289.067,
            "Actual Rows": 1,
            "Actual Loops": 2,
            "Plans": [
              {
                "Node Type": "Hash Join",
                "Parent Relationship": "Outer",
                "Parallel Aware": true,
                "Join Type": "Inner",
                "Startup Cost": 58316.9,
                "Total Cost": 114243.07,
                "Plan Rows": 171,
                "Plan Width": 0,
                "Actual Startup Time": 138.577,
                "Actual Total Time": 289.03,
                "Actual Rows": 332,
                "Actual Loops": 2,
                "Inner Unique": true,
                "Hash Cond": "(ci.movie_id = t.id)",
                "Plans": [
                  {
                    "Node Type": "Index Scan",
                    "Parent Relationship": "Outer",
                    "Parallel Aware": true,
                    "Scan Direction": "Forward",
                    "Index Name": "role_id_cast_info",
                    "Relation Name": "cast_info",
                    "Alias": "ci",
                    "Startup Cost": 0.56,
                    "Total Cost": 55080.34,
                    "Plan Rows": 322437,
                    "Plan Width": 4,
                    "Actual Startup Time": 0.2,
                    "Actual Total Time": 116.414,
                    "Actual Rows": 417498,
                    "Actual Loops": 2,
                    "Index Cond": "(role_id = 8)",
                    "Rows Removed by Index Recheck": 0,
                    "Filter": "(person_id > 2544282)",
                    "Rows Removed by Filter": 434274
                  },
                  {
                    "Node Type": "Hash",
                    "Parent Relationship": "Inner",
                    "Parallel Aware": true,
                    "Startup Cost": 58306.47,
                    "Total Cost": 58306.47,
                    "Plan Rows": 789,
                    "Plan Width": 4,
                    "Actual Startup Time": 135.825,
                    "Actual Total Time": 135.826,
                    "Actual Rows": 2298,
                    "Actual Loops": 2,
                    "Hash Buckets": 4096,
                    "Original Hash Buckets": 2048,
                    "Hash Batches": 1,
                    "Original Hash Batches": 1,
                    "Peak Memory Usage": 240,
                    "Plans": [
                      {
                        "Node Type": "Seq Scan",
                        "Parent Relationship": "Outer",
                        "Parallel Aware": true,
                        "Relation Name": "title",
                        "Alias": "t",
                        "Startup Cost": 0.0,
                        "Total Cost": 58306.47,
                        "Plan Rows": 789,
                        "Plan Width": 4,
                        "Actual Startup Time": 88.837,
                        "Actual Total Time": 131.443,
                        "Actual Rows": 2298,
                        "Actual Loops": 2,
                        "Filter": "((kind_id < 4) AND (production_year = 1910))",
                        "Rows Removed by Filter": 1261858
                      }
                    ]
                  }
                ]
              }
            ]
          }
        ]
      }
    ]
  },
  "Planning Time": 0.509,
  "Triggers": [],
  "Execution Time": 307.011
}