[
  {
    "Plan": {
      "Node Type": "Aggregate",
      "Strategy": "Plain",
      "Partial Mode": "Finalize",
      "Parallel Aware": false,
      "Startup Cost": 46480.63,
      "Total Cost": 46480.64,
      "Plan Rows": 1,
      "Plan Width": 8,
      "Actual Startup Time": 94.861,
      "Actual Total Time": 105.25,
      "Actual Rows": 1,
      "Actual Loops": 1,
      "Plans": [
        {
          "Node Type": "Gather",
          "Parent Relationship": "Outer",
          "Parallel Aware": false,
          "Startup Cost": 46480.21,
          "Total Cost": 46480.62,
          "Plan Rows": 4,
          "Plan Width": 8,
          "Actual Startup Time": 94.723,
          "Actual Total Time": 105.242,
          "Actual Rows": 5,
          "Actual Loops": 1,
          "Workers Planned": 4,
          "Workers Launched": 4,
          "Single Copy": false,
          "Plans": [
            {
              "Node Type": "Aggregate",
              "Strategy": "Plain",
              "Partial Mode": "Partial",
              "Parent Relationship": "Outer",
              "Parallel Aware": false,
              "Startup Cost": 45480.21,
              "Total Cost": 45480.22,
              "Plan Rows": 1,
              "Plan Width": 8,
              "Actual Startup Time": 85.533,
              "Actual Total Time": 85.534,
              "Actual Rows": 1,
              "Actual Loops": 5,
              "Plans": [
                {
                  "Node Type": "Seq Scan",
                  "Parent Relationship": "Outer",
                  "Parallel Aware": true,
                  "Relation Name": "title",
                  "Alias": "t",
                  "Startup Cost": 0.0,
                  "Total Cost": 45479.1,
                  "Plan Rows": 444,
                  "Plan Width": 0,
                  "Actual Startup Time": 7.242,
                  "Actual Total Time": 85.515,
                  "Actual Rows": 27,
                  "Actual Loops": 5,
                  "Filter": "((production_year > 2013) AND (kind_id = 7))",
                  "Rows Removed by Filter": 505635
                }
              ]
            }
          ]
        }
      ]
    },
    "Planning Time": 0.163,
    "Triggers": [],
    "Execution Time": 105.303
  }
]