[
  {
    "Plan": {
      "Node Type": "Aggregate",
      "Strategy": "Plain",
      "Partial Mode": "Finalize",
      "Parallel Aware": false,
      "Startup Cost": 46347.56,
      "Total Cost": 46347.57,
      "Plan Rows": 1,
      "Plan Width": 8,
      "Actual Startup Time": 135.466,
      "Actual Total Time": 148.076,
      "Actual Rows": 1,
      "Actual Loops": 1,
      "Plans": [
        {
          "Node Type": "Gather",
          "Parent Relationship": "Outer",
          "Parallel Aware": false,
          "Startup Cost": 46347.14,
          "Total Cost": 46347.55,
          "Plan Rows": 4,
          "Plan Width": 8,
          "Actual Startup Time": 135.341,
          "Actual Total Time": 148.068,
          "Actual Rows": 5,
          "Actual Loops": 1,
          "Workers Planned": 4,
          "Workers Launched": 4,
          "Single Copy": false,
          "Plans": [
            {
              "Node Type": "Aggregate",
              "Strategy": "Plain",
              "Partial Mode": "Partial",
              "Parent Relationship": "Outer",
              "Parallel Aware": false,
              "Startup Cost": 45347.14,
              "Total Cost": 45347.15,
              "Plan Rows": 1,
              "Plan Width": 8,
              "Actual Startup Time": 126.882,
              "Actual Total Time": 126.884,
              "Actual Rows": 1,
              "Actual Loops": 5,
              "Plans": [
                {
                  "Node Type": "Seq Scan",
                  "Parent Relationship": "Outer",
                  "Parallel Aware": true,
                  "Relation Name": "title",
                  "Alias": "t",
                  "Startup Cost": 0.0,
                  "Total Cost": 43898.92,
                  "Plan Rows": 579288,
                  "Plan Width": 0,
                  "Actual Startup Time": 0.037,
                  "Actual Total Time": 101.688,
                  "Actual Rows": 462577,
                  "Actual Loops": 5,
                  "Filter": "(production_year > 1940)",
                  "Rows Removed by Filter": 43085
                }
              ]
            }
          ]
        }
      ]
    },
    "Planning Time": 0.149,
    "Triggers": [],
    "Execution Time": 148.135
  }
]