[
    {
        "Bao": {
            "Bao prediction": 443.91,
            "Bao recommended hint": "(no hint)"
        }
    },
    {
        "Plan": {
            "Node Type": "Aggregate",
            "Strategy": "Plain",
            "Partial Mode": "Finalize",
            "Parallel Aware": false,
            "Startup Cost": 46825.55,
            "Total Cost": 46825.56,
            "Plan Rows": 1,
            "Plan Width": 8,
            "Actual Startup Time": 118.579,
            "Actual Total Time": 126.966,
            "Actual Rows": 1,
            "Actual Loops": 1,
            "Output": [
                "count(*)"
            ],
            "Plans": [
                {
                    "Node Type": "Gather",
                    "Parent Relationship": "Outer",
                    "Parallel Aware": false,
                    "Startup Cost": 46825.13,
                    "Total Cost": 46825.54,
                    "Plan Rows": 4,
                    "Plan Width": 8,
                    "Actual Startup Time": 118.437,
                    "Actual Total Time": 126.958,
                    "Actual Rows": 5,
                    "Actual Loops": 1,
                    "Output": [
                        "(PARTIAL count(*))"
                    ],
                    "Workers Planned": 4,
                    "Workers Launched": 4,
                    "Single Copy": false,
                    "Plans": [
                        {
                            "Node Type": "Aggregate",
                            "Strategy": "Plain",
                            "Partial Mode": "Partial",
                            "Parent Relationship": "Outer",
                            "Parallel Aware": false,
                            "Startup Cost": 45825.13,
                            "Total Cost": 45825.14,
                            "Plan Rows": 1,
                            "Plan Width": 8,
                            "Actual Startup Time": 110.003,
                            "Actual Total Time": 110.004,
                            "Actual Rows": 1,
                            "Actual Loops": 5,
                            "Output": [
                                "PARTIAL count(*)"
                            ],
                            "Workers": [
                                {
                                    "Worker Number": 0,
                                    "Actual Startup Time": 107.822,
                                    "Actual Total Time": 107.823,
                                    "Actual Rows": 1,
                                    "Actual Loops": 1
                                },
                                {
                                    "Worker Number": 1,
                                    "Actual Startup Time": 107.799,
                                    "Actual Total Time": 107.8,
                                    "Actual Rows": 1,
                                    "Actual Loops": 1
                                },
                                {
                                    "Worker Number": 2,
                                    "Actual Startup Time": 107.902,
                                    "Actual Total Time": 107.903,
                                    "Actual Rows": 1,
                                    "Actual Loops": 1
                                },
                                {
                                    "Worker Number": 3,
                                    "Actual Startup Time": 108.719,
                                    "Actual Total Time": 108.72,
                                    "Actual Rows": 1,
                                    "Actual Loops": 1
                                }
                            ],
                            "Plans": [
                                {
                                    "Node Type": "Seq Scan",
                                    "Parent Relationship": "Outer",
                                    "Parallel Aware": true,
                                    "Relation Name": "title",
                                    "Schema": "public",
                                    "Alias": "t",
                                    "Startup Cost": 0.0,
                                    "Total Cost": 45479.21,
                                    "Plan Rows": 138367,
                                    "Plan Width": 0,
                                    "Actual Startup Time": 50.095,
                                    "Actual Total Time": 103.976,
                                    "Actual Rows": 85971,
                                    "Actual Loops": 5,
                                    "Output": [
                                        "id",
                                        "title",
                                        "imdb_index",
                                        "kind_id",
                                        "production_year",
                                        "imdb_id",
                                        "phonetic_code",
                                        "episode_of_id",
                                        "season_nr",
                                        "episode_nr",
                                        "series_years",
                                        "md5sum"
                                    ],
                                    "Filter": "((t.production_year > 1969) AND (t.kind_id = 1))",
                                    "Rows Removed by Filter": 419691,
                                    "Workers": [
                                        {
                                            "Worker Number": 0,
                                            "Actual Startup Time": 58.665,
                                            "Actual Total Time": 102.063,
                                            "Actual Rows": 79791,
                                            "Actual Loops": 1
                                        },
                                        {
                                            "Worker Number": 1,
                                            "Actual Startup Time": 4.833,
                                            "Actual Total Time": 102.092,
                                            "Actual Rows": 78502,
                                            "Actual Loops": 1
                                        },
                                        {
                                            "Worker Number": 2,
                                            "Actual Startup Time": 58.928,
                                            "Actual Total Time": 102.284,
                                            "Actual Rows": 78047,
                                            "Actual Loops": 1
                                        },
                                        {
                                            "Worker Number": 3,
                                            "Actual Startup Time": 59.477,
                                            "Actual Total Time": 102.987,
                                            "Actual Rows": 79550,
                                            "Actual Loops": 1
                                        }
                                    ]
                                }
                            ]
                        }
                    ]
                }
            ]
        },
        "Planning Time": 2016.854,
        "Triggers": [],
        "Execution Time": 127.059
    }
]