[
  {
    "Plan": {
      "Node Type": "Aggregate",
      "Strategy": "Plain",
      "Partial Mode": "Finalize",
      "Parallel Aware": false,
      "Startup Cost": 271918.22,
      "Total Cost": 271918.23,
      "Plan Rows": 1,
      "Plan Width": 8,
      "Actual Startup Time": 942.449,
      "Actual Total Time": 1027.015,
      "Actual Rows": 1,
      "Actual Loops": 1,
      "Plans": [
        {
          "Node Type": "Gather",
          "Parent Relationship": "Outer",
          "Parallel Aware": false,
          "Startup Cost": 271917.91,
          "Total Cost": 271918.22,
          "Plan Rows": 3,
          "Plan Width": 8,
          "Actual Startup Time": 938.334,
          "Actual Total Time": 1027.005,
          "Actual Rows": 4,
          "Actual Loops": 1,
          "Workers Planned": 3,
          "Workers Launched": 3,
          "Single Copy": false,
          "Plans": [
            {
              "Node Type": "Aggregate",
              "Strategy": "Plain",
              "Partial Mode": "Partial",
              "Parent Relationship": "Outer",
              "Parallel Aware": false,
              "Startup Cost": 270917.91,
              "Total Cost": 270917.92,
              "Plan Rows": 1,
              "Plan Width": 8,
              "Actual Startup Time": 928.505,
              "Actual Total Time": 928.508,
              "Actual Rows": 1,
              "Actual Loops": 4,
              "Plans": [
                {
                  "Node Type": "Nested Loop",
                  "Parent Relationship": "Outer",
                  "Parallel Aware": false,
                  "Join Type": "Inner",
                  "Startup Cost": 47367.77,
                  "Total Cost": 270535.85,
                  "Plan Rows": 152824,
                  "Plan Width": 0,
                  "Actual Startup Time": 226.909,
                  "Actual Total Time": 923.324,
                  "Actual Rows": 85789,
                  "Actual Loops": 4,
                  "Inner Unique": false,
                  "Plans": [
                    {
                      "Node Type": "Hash Join",
                      "Parent Relationship": "Outer",
                      "Parallel Aware": true,
                      "Join Type": "Inner",
                      "Startup Cost": 47367.21,
                      "Total Cost": 79193.35,
                      "Plan Rows": 68773,
                      "Plan Width": 8,
                      "Actual Startup Time": 226.721,
                      "Actual Total Time": 299.052,
                      "Actual Rows": 16142,
                      "Actual Loops": 4,
                      "Inner Unique": true,
                      "Hash Cond": "(mc.movie_id = t.id)",
                      "Plans": [
                        {
                          "Node Type": "Seq Scan",
                          "Parent Relationship": "Outer",
                          "Parallel Aware": true,
                          "Relation Name": "movie_companies",
                          "Alias": "mc",
                          "Startup Cost": 0.0,
                          "Total Cost": 31414.82,
                          "Plan Rows": 156694,
                          "Plan Width": 4,
                          "Actual Startup Time": 9.922,
                          "Actual Total Time": 59.595,
                          "Actual Rows": 43281,
                          "Actual Loops": 4,
                          "Filter": "((company_id > 17174) AND (company_type_id = 1))",
                          "Rows Removed by Filter": 609001
                        },
                        {
                          "Node Type": "Hash",
                          "Parent Relationship": "Inner",
                          "Parallel Aware": true,
                          "Startup Cost": 43899.32,
                          "Total Cost": 43899.32,
                          "Plan Rows": 277431,
                          "Plan Width": 4,
                          "Actual Startup Time": 210.676,
                          "Actual Total Time": 210.677,
                          "Actual Rows": 276981,
                          "Actual Loops": 4,
                          "Hash Buckets": 2097152,
                          "Original Hash Buckets": 2097152,
                          "Hash Batches": 1,
                          "Original Hash Batches": 1,
                          "Peak Memory Usage": 59776,
                          "Plans": [
                            {
                              "Node Type": "Seq Scan",
                              "Parent Relationship": "Outer",
                              "Parallel Aware": true,
                              "Relation Name": "title",
                              "Alias": "t",
                              "Startup Cost": 0.0,
                              "Total Cost": 43899.32,
                              "Plan Rows": 277431,
                              "Plan Width": 4,
                              "Actual Startup Time": 0.048,
                              "Actual Total Time": 103.058,
                              "Actual Rows": 276981,
                              "Actual Loops": 4,
                              "Filter": "(production_year > 2004)",
                              "Rows Removed by Filter": 355097
                            }
                          ]
                        }
                      ]
                    },
                    {
                      "Node Type": "Index Scan",
                      "Parent Relationship": "Inner",
                      "Parallel Aware": false,
                      "Scan Direction": "Forward",
                      "Index Name": "movie_id_cast_info",
                      "Relation Name": "cast_info",
                      "Alias": "ci",
                      "Startup Cost": 0.56,
                      "Total Cost": 2.73,
                      "Plan Rows": 5,
                      "Plan Width": 4,
                      "Actual Startup Time": 0.018,
                      "Actual Total Time": 0.038,
                      "Actual Rows": 5,
                      "Actual Loops": 64570,
                      "Index Cond": "(movie_id = t.id)",
                      "Rows Removed by Index Recheck": 0,
                      "Filter": "((person_id < 2793388) AND (role_id = 2))",
                      "Rows Removed by Filter": 27
                    }
                  ]
                }
              ]
            }
          ]
        }
      ]
    },
    "Planning Time": 1.026,
    "Triggers": [],
    "Execution Time": 1027.087
  }
]