{
  "Plan": {
    "Node Type": "Aggregate",
    "Strategy": "Plain",
    "Partial Mode": "Finalize",
    "Parallel Aware": false,
    "Startup Cost": 48769.92,
    "Total Cost": 48769.93,
    "Plan Rows": 1,
    "Plan Width": 8,
    "Actual Startup Time": 61.296,
    "Actual Total Time": 70.936,
    "Actual Rows": 1,
    "Actual Loops": 1,
    "Plans": [
      {
        "Node Type": "Gather",
        "Parent Relationship": "Outer",
        "Parallel Aware": false,
        "Startup Cost": 48769.8,
        "Total Cost": 48769.91,
        "Plan Rows": 1,
        "Plan Width": 8,
        "Actual Startup Time": 61.186,
        "Actual Total Time": 70.93,
        "Actual Rows": 2,
        "Actual Loops": 1,
        "Workers Planned": 1,
        "Workers Launched": 1,
        "Single Copy": false,
        "Plans": [
          {
            "Node Type": "Aggregate",
            "Strategy": "Plain",
            "Partial Mode": "Partial",
            "Parent Relationship": "Outer",
            "Parallel Aware": false,
            "Startup Cost": 47769.8,
            "Total Cost": 47769.81,
            "Plan Rows": 1,
            "Plan Width": 8,
            "Actual Startup Time": 54.966,
            "Actual Total Time": 54.968,
            "Actual Rows": 1,
            "Actual Loops": 2,
            "Plans": [
              {
                "Node Type": "Nested Loop",
                "Parent Relationship": "Outer",
                "Parallel Aware": false,
                "Join Type": "Inner",
                "Startup Cost": 163.73,
                "Total Cost": 47767.43,
                "Plan Rows": 949,
                "Plan Width": 0,
                "Actual Startup Time": 3.732,
                "Actual Total Time": 54.536,
                "Actual Rows": 4260,
                "Actual Loops": 2,
                "Inner Unique": false,
                "Plans": [
                  {
                    "Node Type": "Nested Loop",
                    "Parent Relationship": "Outer",
                    "Parallel Aware": false,
                    "Join Type": "Inner",
                    "Startup Cost": 163.3,
                    "Total Cost": 46781.09,
                    "Plan Rows": 1739,
                    "Plan Width": 8,
                    "Actual Startup Time": 3.563,
                    "Actual Total Time": 38.036,
                    "Actual Rows": 2974,
                    "Actual Loops": 2,
                    "Inner Unique": true,
                    "Plans": [
                      {
                        "Node Type": "Bitmap Heap Scan",
                        "Parent Relationship": "Outer",
                        "Parallel Aware": true,
                        "Relation Name": "movie_keyword",
                        "Alias": "mk",
                        "Startup Cost": 162.87,
                        "Total Cost": 16220.17,
                        "Plan Rows": 4435,
                        "Plan Width": 4,
                        "Actual Startup Time": 3.415,
                        "Actual Total Time": 12.378,
                        "Actual Rows": 3324,
                        "Actual Loops": 2,
                        "Recheck Cond": "(keyword_id = 500)",
                        "Rows Removed by Index Recheck": 0,
                        "Exact Heap Blocks": 3523,
                        "Lossy Heap Blocks": 0,
                        "Plans": [
                          {
                            "Node Type": "Bitmap Index Scan",
                            "Parent Relationship": "Outer",
                            "Parallel Aware": false,
                            "Index Name": "keyword_id_movie_keyword",
                            "Startup Cost": 0.0,
                            "Total Cost": 160.98,
                            "Plan Rows": 7540,
                            "Plan Width": 0,
                            "Actual Startup Time": 4.282,
                            "Actual Total Time": 4.282,
                            "Actual Rows": 6649,
                            "Actual Loops": 1,
                            "Index Cond": "(keyword_id = 500)"
                          }
                        ]
                      },
                      {
                        "Node Type": "Index Scan",
                        "Parent Relationship": "Inner",
                        "Parallel Aware": false,
                        "Scan Direction": "Forward",
                        "Index Name": "title_pkey",
                        "Relation Name": "title",
                        "Alias": "t",
                        "Startup Cost": 0.43,
                        "Total Cost": 6.89,
                        "Plan Rows": 1,
                        "Plan Width": 4,
                        "Actual Startup Time": 0.007,
                        "Actual Total Time": 0.007,
                        "Actual Rows": 1,
                        "Actual Loops": 6649,
                        "Index Cond": "(id = mk.movie_id)",
                        "Rows Removed by Index Recheck": 0,
                        "Filter": "(kind_id < 7)",
                        "Rows Removed by Filter": 0
                      }
                    ]
                  },
                  {
                    "Node Type": "Index Only Scan",
                    "Parent Relationship": "Inner",
                    "Parallel Aware": false,
                    "Scan Direction": "Forward",
                    "Index Name": "movie_id_movie_info_idx",
                    "Relation Name": "movie_info_idx",
                    "Alias": "mi_idx",
                    "Startup Cost": 0.43,
                    "Total Cost": 0.54,
                    "Plan Rows": 3,
                    "Plan Width": 4,
                    "Actual Startup Time": 0.005,
                    "Actual Total Time": 0.005,
                    "Actual Rows": 1,
                    "Actual Loops": 5949,
                    "Index Cond": "(movie_id = t.id)",
                    "Rows Removed by Index Recheck": 0,
                    "Heap Fetches": 8521
                  }
                ]
              }
            ]
          }
        ]
      }
    ]
  },
  "Planning Time": 1.079,
  "Triggers": [],
  "Execution Time": 71.033
}