[
    {
        "Bao": {
            "Bao prediction": 669.918,
            "Bao recommended hint": "(no hint)"
        }
    },
    {
        "Plan": {
            "Node Type": "Aggregate",
            "Strategy": "Plain",
            "Partial Mode": "Finalize",
            "Parallel Aware": false,
            "Startup Cost": 297107.31,
            "Total Cost": 297107.32,
            "Plan Rows": 1,
            "Plan Width": 8,
            "Actual Startup Time": 204.039,
            "Actual Total Time": 208.916,
            "Actual Rows": 1,
            "Actual Loops": 1,
            "Output": [
                "count(*)"
            ],
            "Plans": [
                {
                    "Node Type": "Gather",
                    "Parent Relationship": "Outer",
                    "Parallel Aware": false,
                    "Startup Cost": 297106.68,
                    "Total Cost": 297107.29,
                    "Plan Rows": 6,
                    "Plan Width": 8,
                    "Actual Startup Time": 203.521,
                    "Actual Total Time": 208.909,
                    "Actual Rows": 7,
                    "Actual Loops": 1,
                    "Output": [
                        "(PARTIAL count(*))"
                    ],
                    "Workers Planned": 6,
                    "Workers Launched": 6,
                    "Single Copy": false,
                    "Plans": [
                        {
                            "Node Type": "Aggregate",
                            "Strategy": "Plain",
                            "Partial Mode": "Partial",
                            "Parent Relationship": "Outer",
                            "Parallel Aware": false,
                            "Startup Cost": 296106.68,
                            "Total Cost": 296106.69,
                            "Plan Rows": 1,
                            "Plan Width": 8,
                            "Actual Startup Time": 193.61,
                            "Actual Total Time": 193.611,
                            "Actual Rows": 1,
                            "Actual Loops": 7,
                            "Output": [
                                "PARTIAL count(*)"
                            ],
                            "Workers": [
                                {
                                    "Worker Number": 0,
                                    "Actual Startup Time": 191.329,
                                    "Actual Total Time": 191.33,
                                    "Actual Rows": 1,
                                    "Actual Loops": 1
                                },
                                {
                                    "Worker Number": 1,
                                    "Actual Startup Time": 191.546,
                                    "Actual Total Time": 191.547,
                                    "Actual Rows": 1,
                                    "Actual Loops": 1
                                },
                                {
                                    "Worker Number": 2,
                                    "Actual Startup Time": 192.016,
                                    "Actual Total Time": 192.017,
                                    "Actual Rows": 1,
                                    "Actual Loops": 1
                                },
                                {
                                    "Worker Number": 3,
                                    "Actual Startup Time": 192.426,
                                    "Actual Total Time": 192.427,
                                    "Actual Rows": 1,
                                    "Actual Loops": 1
                                },
                                {
                                    "Worker Number": 4,
                                    "Actual Startup Time": 192.615,
                                    "Actual Total Time": 192.616,
                                    "Actual Rows": 1,
                                    "Actual Loops": 1
                                },
                                {
                                    "Worker Number": 5,
                                    "Actual Startup Time": 192.729,
                                    "Actual Total Time": 192.73,
                                    "Actual Rows": 1,
                                    "Actual Loops": 1
                                }
                            ],
                            "Plans": [
                                {
                                    "Node Type": "Bitmap Heap Scan",
                                    "Parent Relationship": "Outer",
                                    "Parallel Aware": true,
                                    "Relation Name": "cast_info",
                                    "Schema": "public",
                                    "Alias": "ci",
                                    "Startup Cost": 39003.31,
                                    "Total Cost": 295370.62,
                                    "Plan Rows": 294425,
                                    "Plan Width": 0,
                                    "Actual Startup Time": 100.007,
                                    "Actual Total Time": 175.145,
                                    "Actual Rows": 254268,
                                    "Actual Loops": 7,
                                    "Recheck Cond": "(ci.person_id < 176984)",
                                    "Rows Removed by Index Recheck": 0,
                                    "Exact Heap Blocks": 4386,
                                    "Lossy Heap Blocks": 0,
                                    "Workers": [
                                        {
                                            "Worker Number": 0,
                                            "Actual Startup Time": 97.655,
                                            "Actual Total Time": 172.728,
                                            "Actual Rows": 222935,
                                            "Actual Loops": 1
                                        },
                                        {
                                            "Worker Number": 1,
                                            "Actual Startup Time": 97.964,
                                            "Actual Total Time": 174.144,
                                            "Actual Rows": 209442,
                                            "Actual Loops": 1
                                        },
                                        {
                                            "Worker Number": 2,
                                            "Actual Startup Time": 98.676,
                                            "Actual Total Time": 173.315,
                                            "Actual Rows": 231170,
                                            "Actual Loops": 1
                                        },
                                        {
                                            "Worker Number": 3,
                                            "Actual Startup Time": 98.916,
                                            "Actual Total Time": 173.834,
                                            "Actual Rows": 222129,
                                            "Actual Loops": 1
                                        },
                                        {
                                            "Worker Number": 4,
                                            "Actual Startup Time": 99.188,
                                            "Actual Total Time": 174.066,
                                            "Actual Rows": 222605,
                                            "Actual Loops": 1
                                        },
                                        {
                                            "Worker Number": 5,
                                            "Actual Startup Time": 99.049,
                                            "Actual Total Time": 173.919,
                                            "Actual Rows": 224143,
                                            "Actual Loops": 1
                                        }
                                    ],
                                    "Plans": [
                                        {
                                            "Node Type": "Bitmap Index Scan",
                                            "Parent Relationship": "Outer",
                                            "Parallel Aware": false,
                                            "Index Name": "person_id_cast_info",
                                            "Startup Cost": 0.0,
                                            "Total Cost": 38561.68,
                                            "Plan Rows": 1766548,
                                            "Plan Width": 0,
                                            "Actual Startup Time": 105.851,
                                            "Actual Total Time": 105.852,
                                            "Actual Rows": 1779878,
                                            "Actual Loops": 1,
                                            "Index Cond": "(ci.person_id < 176984)"
                                        }
                                    ]
                                }
                            ]
                        }
                    ]
                }
            ]
        },
        "Planning Time": 1328.79,
        "Triggers": [],
        "Execution Time": 209.074
    }
]