[
  {
    "Plan": {
      "Node Type": "Aggregate",
      "Strategy": "Plain",
      "Partial Mode": "Finalize",
      "Parallel Aware": false,
      "Startup Cost": 106852.8,
      "Total Cost": 106852.81,
      "Plan Rows": 1,
      "Plan Width": 8,
      "Actual Startup Time": 601.945,
      "Actual Total Time": 627.349,
      "Actual Rows": 1,
      "Actual Loops": 1,
      "Plans": [
        {
          "Node Type": "Gather",
          "Parent Relationship": "Outer",
          "Parallel Aware": false,
          "Startup Cost": 106852.38,
          "Total Cost": 106852.79,
          "Plan Rows": 4,
          "Plan Width": 8,
          "Actual Startup Time": 598.144,
          "Actual Total Time": 627.337,
          "Actual Rows": 5,
          "Actual Loops": 1,
          "Workers Planned": 4,
          "Workers Launched": 4,
          "Single Copy": false,
          "Plans": [
            {
              "Node Type": "Aggregate",
              "Strategy": "Plain",
              "Partial Mode": "Partial",
              "Parent Relationship": "Outer",
              "Parallel Aware": false,
              "Startup Cost": 105852.38,
              "Total Cost": 105852.39,
              "Plan Rows": 1,
              "Plan Width": 8,
              "Actual Startup Time": 587.834,
              "Actual Total Time": 587.9,
              "Actual Rows": 1,
              "Actual Loops": 5,
              "Plans": [
                {
                  "Node Type": "Nested Loop",
                  "Parent Relationship": "Outer",
                  "Parallel Aware": false,
                  "Join Type": "Inner",
                  "Startup Cost": 29586.13,
                  "Total Cost": 105814.92,
                  "Plan Rows": 14986,
                  "Plan Width": 0,
                  "Actual Startup Time": 138.789,
                  "Actual Total Time": 572.497,
                  "Actual Rows": 276924,
                  "Actual Loops": 5,
                  "Inner Unique": false,
                  "Plans": [
                    {
                      "Node Type": "Hash Join",
                      "Parent Relationship": "Outer",
                      "Parallel Aware": true,
                      "Join Type": "Inner",
                      "Startup Cost": 29585.7,
                      "Total Cost": 76214.72,
                      "Plan Rows": 16716,
                      "Plan Width": 8,
                      "Actual Startup Time": 121.195,
                      "Actual Total Time": 264.993,
                      "Actual Rows": 56811,
                      "Actual Loops": 5,
                      "Inner Unique": false,
                      "Hash Cond": "(t.id = mc.movie_id)",
                      "Plans": [
                        {
                          "Node Type": "Seq Scan",
                          "Parent Relationship": "Outer",
                          "Parallel Aware": true,
                          "Relation Name": "title",
                          "Alias": "t",
                          "Startup Cost": 0.0,
                          "Total Cost": 45479.1,
                          "Plan Rows": 219201,
                          "Plan Width": 4,
                          "Actual Startup Time": 0.018,
                          "Actual Total Time": 89.953,
                          "Actual Rows": 157328,
                          "Actual Loops": 5,
                          "Filter": "((kind_id < 7) AND (production_year > 1958))",
                          "Rows Removed by Filter": 348334
                        },
                        {
                          "Node Type": "Hash",
                          "Parent Relationship": "Inner",
                          "Parallel Aware": true,
                          "Startup Cost": 28808.23,
                          "Total Cost": 28808.23,
                          "Plan Rows": 62197,
                          "Plan Width": 4,
                          "Actual Startup Time": 107.51,
                          "Actual Total Time": 107.511,
                          "Actual Rows": 77112,
                          "Actual Loops": 5,
                          "Hash Buckets": 524288,
                          "Original Hash Buckets": 262144,
                          "Hash Batches": 1,
                          "Original Hash Batches": 1,
                          "Peak Memory Usage": 21312,
                          "Plans": [
                            {
                              "Node Type": "Bitmap Heap Scan",
                              "Parent Relationship": "Outer",
                              "Parallel Aware": true,
                              "Relation Name": "movie_companies",
                              "Alias": "mc",
                              "Startup Cost": 8180.74,
                              "Total Cost": 28808.23,
                              "Plan Rows": 62197,
                              "Plan Width": 4,
                              "Actual Startup Time": 31.523,
                              "Actual Total Time": 68.28,
                              "Actual Rows": 77112,
                              "Actual Loops": 5,
                              "Recheck Cond": "(company_id > 83603)",
                              "Rows Removed by Index Recheck": 0,
                              "Filter": "(company_type_id = 2)",
                              "Rows Removed by Filter": 0,
                              "Exact Heap Blocks": 1873,
                              "Lossy Heap Blocks": 0,
                              "Plans": [
                                {
                                  "Node Type": "Bitmap Index Scan",
                                  "Parent Relationship": "Outer",
                                  "Parallel Aware": false,
                                  "Index Name": "company_id_movie_companies",
                                  "Startup Cost": 0.0,
                                  "Total Cost": 8132.54,
                                  "Plan Rows": 379748,
                                  "Plan Width": 0,
                                  "Actual Startup Time": 33.172,
                                  "Actual Total Time": 33.172,
                                  "Actual Rows": 385561,
                                  "Actual Loops": 1,
                                  "Index Cond": "(company_id > 83603)"
                                }
                              ]
                            }
                          ]
                        }
                      ]
                    },
                    {
                      "Node Type": "Index Scan",
                      "Parent Relationship": "Inner",
                      "Parallel Aware": false,
                      "Scan Direction": "Forward",
                      "Index Name": "movie_id_movie_keyword",
                      "Relation Name": "movie_keyword",
                      "Alias": "mk",
                      "Startup Cost": 0.43,
                      "Total Cost": 1.54,
                      "Plan Rows": 23,
                      "Plan Width": 4,
                      "Actual Startup Time": 0.003,
                      "Actual Total Time": 0.005,
                      "Actual Rows": 5,
                      "Actual Loops": 284055,
                      "Index Cond": "(movie_id = t.id)",
                      "Rows Removed by Index Recheck": 0,
                      "Filter": "(keyword_id < 4754)",
                      "Rows Removed by Filter": 5
                    }
                  ]
                }
              ]
            }
          ]
        }
      ]
    },
    "Planning Time": 1.485,
    "Triggers": [],
    "Execution Time": 627.467
  }
]