[
    {
        "Bao": {
            "Bao prediction": "NaN",
            "Bao recommended hint": "(no hint)"
        }
    },
    {
        "Plan": {
            "Node Type": "Aggregate",
            "Strategy": "Plain",
            "Partial Mode": "Finalize",
            "Parallel Aware": false,
            "Startup Cost": 33317.25,
            "Total Cost": 33317.26,
            "Plan Rows": 1,
            "Plan Width": 8,
            "Actual Startup Time": 95.549,
            "Actual Total Time": 99.22,
            "Actual Rows": 1,
            "Actual Loops": 1,
            "Output": [
                "count(*)"
            ],
            "Plans": [
                {
                    "Node Type": "Gather",
                    "Parent Relationship": "Outer",
                    "Parallel Aware": false,
                    "Startup Cost": 33316.93,
                    "Total Cost": 33317.24,
                    "Plan Rows": 3,
                    "Plan Width": 8,
                    "Actual Startup Time": 95.46,
                    "Actual Total Time": 99.212,
                    "Actual Rows": 4,
                    "Actual Loops": 1,
                    "Output": [
                        "(PARTIAL count(*))"
                    ],
                    "Workers Planned": 3,
                    "Workers Launched": 3,
                    "Single Copy": false,
                    "Plans": [
                        {
                            "Node Type": "Aggregate",
                            "Strategy": "Plain",
                            "Partial Mode": "Partial",
                            "Parent Relationship": "Outer",
                            "Parallel Aware": false,
                            "Startup Cost": 32316.93,
                            "Total Cost": 32316.94,
                            "Plan Rows": 1,
                            "Plan Width": 8,
                            "Actual Startup Time": 87.132,
                            "Actual Total Time": 87.133,
                            "Actual Rows": 1,
                            "Actual Loops": 4,
                            "Output": [
                                "PARTIAL count(*)"
                            ],
                            "Workers": [
                                {
                                    "Worker Number": 0,
                                    "Actual Startup Time": 84.356,
                                    "Actual Total Time": 84.357,
                                    "Actual Rows": 1,
                                    "Actual Loops": 1
                                },
                                {
                                    "Worker Number": 1,
                                    "Actual Startup Time": 84.62,
                                    "Actual Total Time": 84.621,
                                    "Actual Rows": 1,
                                    "Actual Loops": 1
                                },
                                {
                                    "Worker Number": 2,
                                    "Actual Startup Time": 84.726,
                                    "Actual Total Time": 84.727,
                                    "Actual Rows": 1,
                                    "Actual Loops": 1
                                }
                            ],
                            "Plans": [
                                {
                                    "Node Type": "Seq Scan",
                                    "Parent Relationship": "Outer",
                                    "Parallel Aware": true,
                                    "Relation Name": "movie_companies",
                                    "Schema": "public",
                                    "Alias": "mc",
                                    "Startup Cost": 0.0,
                                    "Total Cost": 31414.82,
                                    "Plan Rows": 360846,
                                    "Plan Width": 0,
                                    "Actual Startup Time": 40.632,
                                    "Actual Total Time": 74.706,
                                    "Actual Rows": 309661,
                                    "Actual Loops": 4,
                                    "Output": [
                                        "id",
                                        "movie_id",
                                        "company_id",
                                        "company_type_id",
                                        "note"
                                    ],
                                    "Filter": "((mc.company_id > 264) AND (mc.company_type_id > 1))",
                                    "Rows Removed by Filter": 342621,
                                    "Workers": [
                                        {
                                            "Worker Number": 0,
                                            "Actual Startup Time": 37.859,
                                            "Actual Total Time": 72.087,
                                            "Actual Rows": 297679,
                                            "Actual Loops": 1
                                        },
                                        {
                                            "Worker Number": 1,
                                            "Actual Startup Time": 38.127,
                                            "Actual Total Time": 72.421,
                                            "Actual Rows": 296604,
                                            "Actual Loops": 1
                                        },
                                        {
                                            "Worker Number": 2,
                                            "Actual Startup Time": 38.22,
                                            "Actual Total Time": 72.44,
                                            "Actual Rows": 298081,
                                            "Actual Loops": 1
                                        }
                                    ]
                                }
                            ]
                        }
                    ]
                }
            ]
        },
        "Planning Time": 230.641,
        "Triggers": [],
        "Execution Time": 99.303
    }
]