[
  {
    "Plan": {
      "Node Type": "Aggregate",
      "Strategy": "Plain",
      "Partial Mode": "Finalize",
      "Parallel Aware": false,
      "Startup Cost": 332052.53,
      "Total Cost": 332052.54,
      "Plan Rows": 1,
      "Plan Width": 8,
      "Actual Startup Time": 614.889,
      "Actual Total Time": 675.107,
      "Actual Rows": 1,
      "Actual Loops": 1,
      "Plans": [
        {
          "Node Type": "Gather",
          "Parent Relationship": "Outer",
          "Parallel Aware": false,
          "Startup Cost": 332051.9,
          "Total Cost": 332052.51,
          "Plan Rows": 6,
          "Plan Width": 8,
          "Actual Startup Time": 614.762,
          "Actual Total Time": 675.096,
          "Actual Rows": 7,
          "Actual Loops": 1,
          "Workers Planned": 6,
          "Workers Launched": 6,
          "Single Copy": false,
          "Plans": [
            {
              "Node Type": "Aggregate",
              "Strategy": "Plain",
              "Partial Mode": "Partial",
              "Parent Relationship": "Outer",
              "Parallel Aware": false,
              "Startup Cost": 331051.9,
              "Total Cost": 331051.91,
              "Plan Rows": 1,
              "Plan Width": 8,
              "Actual Startup Time": 604.952,
              "Actual Total Time": 604.953,
              "Actual Rows": 1,
              "Actual Loops": 7,
              "Plans": [
                {
                  "Node Type": "Seq Scan",
                  "Parent Relationship": "Outer",
                  "Parallel Aware": true,
                  "Relation Name": "cast_info",
                  "Alias": "ci",
                  "Startup Cost": 0.0,
                  "Total Cost": 328162.03,
                  "Plan Rows": 1155951,
                  "Plan Width": 0,
                  "Actual Startup Time": 350.703,
                  "Actual Total Time": 564.046,
                  "Actual Rows": 969414,
                  "Actual Loops": 7,
                  "Filter": "(person_id > 2983343)",
                  "Rows Removed by Filter": 4208349
                }
              ]
            }
          ]
        }
      ]
    },
    "Planning Time": 0.129,
    "Triggers": [],
    "Execution Time": 675.163
  }
]