[
    {
        "Bao": {
            "Bao prediction": 425.75,
            "Bao recommended hint": "(no hint)"
        }
    },
    {
        "Plan": {
            "Node Type": "Aggregate",
            "Strategy": "Plain",
            "Partial Mode": "Simple",
            "Parallel Aware": false,
            "Startup Cost": 19236.83,
            "Total Cost": 19236.84,
            "Plan Rows": 1,
            "Plan Width": 96,
            "Actual Startup Time": 661.64,
            "Actual Total Time": 682.349,
            "Actual Rows": 1,
            "Actual Loops": 1,
            "Output": [
                "min(cn.name)",
                "min(miidx.info)",
                "min(t.title)"
            ],
            "Plans": [
                {
                    "Node Type": "Gather",
                    "Parent Relationship": "Outer",
                    "Parallel Aware": false,
                    "Startup Cost": 1004.54,
                    "Total Cost": 19236.82,
                    "Plan Rows": 1,
                    "Plan Width": 41,
                    "Actual Startup Time": 21.048,
                    "Actual Total Time": 682.308,
                    "Actual Rows": 27,
                    "Actual Loops": 1,
                    "Output": [
                        "cn.name",
                        "miidx.info",
                        "t.title"
                    ],
                    "Workers Planned": 2,
                    "Workers Launched": 2,
                    "Single Copy": false,
                    "Plans": [
                        {
                            "Node Type": "Nested Loop",
                            "Parent Relationship": "Outer",
                            "Parallel Aware": false,
                            "Join Type": "Inner",
                            "Startup Cost": 4.54,
                            "Total Cost": 18236.72,
                            "Plan Rows": 1,
                            "Plan Width": 41,
                            "Actual Startup Time": 63.083,
                            "Actual Total Time": 651.066,
                            "Actual Rows": 9,
                            "Actual Loops": 3,
                            "Output": [
                                "cn.name",
                                "miidx.info",
                                "t.title"
                            ],
                            "Inner Unique": true,
                            "Workers": [
                                {
                                    "Worker Number": 0,
                                    "Actual Startup Time": 163.905,
                                    "Actual Total Time": 646.725,
                                    "Actual Rows": 6,
                                    "Actual Loops": 1
                                },
                                {
                                    "Worker Number": 1,
                                    "Actual Startup Time": 6.082,
                                    "Actual Total Time": 646.921,
                                    "Actual Rows": 10,
                                    "Actual Loops": 1
                                }
                            ],
                            "Plans": [
                                {
                                    "Node Type": "Nested Loop",
                                    "Parent Relationship": "Outer",
                                    "Parallel Aware": false,
                                    "Join Type": "Inner",
                                    "Startup Cost": 4.4,
                                    "Total Cost": 18236.37,
                                    "Plan Rows": 2,
                                    "Plan Width": 45,
                                    "Actual Startup Time": 20.874,
                                    "Actual Total Time": 650.823,
                                    "Actual Rows": 67,
                                    "Actual Loops": 3,
                                    "Output": [
                                        "cn.name",
                                        "mi.info_type_id",
                                        "miidx.info",
                                        "t.title"
                                    ],
                                    "Inner Unique": false,
                                    "Join Filter": "(t.id = mi.movie_id)",
                                    "Rows Removed by Join Filter": 0,
                                    "Workers": [
                                        {
                                            "Worker Number": 0,
                                            "Actual Startup Time": 37.384,
                                            "Actual Total Time": 646.558,
                                            "Actual Rows": 45,
                                            "Actual Loops": 1
                                        },
                                        {
                                            "Worker Number": 1,
                                            "Actual Startup Time": 6.004,
                                            "Actual Total Time": 646.628,
                                            "Actual Rows": 59,
                                            "Actual Loops": 1
                                        }
                                    ],
                                    "Plans": [
                                        {
                                            "Node Type": "Nested Loop",
                                            "Parent Relationship": "Outer",
                                            "Parallel Aware": false,
                                            "Join Type": "Inner",
                                            "Startup Cost": 3.97,
                                            "Total Cost": 18234.38,
                                            "Plan Rows": 1,
                                            "Plan Width": 53,
                                            "Actual Startup Time": 20.741,
                                            "Actual Total Time": 649.828,
                                            "Actual Rows": 10,
                                            "Actual Loops": 3,
                                            "Output": [
                                                "cn.name",
                                                "mc.movie_id",
                                                "miidx.info",
                                                "miidx.movie_id",
                                                "t.title",
                                                "t.id"
                                            ],
                                            "Inner Unique": true,
                                            "Workers": [
                                                {
                                                    "Worker Number": 0,
                                                    "Actual Startup Time": 37.286,
                                                    "Actual Total Time": 645.572,
                                                    "Actual Rows": 9,
                                                    "Actual Loops": 1
                                                },
                                                {
                                                    "Worker Number": 1,
                                                    "Actual Startup Time": 5.77,
                                                    "Actual Total Time": 645.478,
                                                    "Actual Rows": 8,
                                                    "Actual Loops": 1
                                                }
                                            ],
                                            "Plans": [
                                                {
                                                    "Node Type": "Nested Loop",
                                                    "Parent Relationship": "Outer",
                                                    "Parallel Aware": false,
                                                    "Join Type": "Inner",
                                                    "Startup Cost": 3.84,
                                                    "Total Cost": 18234.21,
                                                    "Plan Rows": 1,
                                                    "Plan Width": 57,
                                                    "Actual Startup Time": 20.204,
                                                    "Actual Total Time": 649.692,
                                                    "Actual Rows": 22,
                                                    "Actual Loops": 3,
                                                    "Output": [
                                                        "cn.name",
                                                        "mc.movie_id",
                                                        "mc.company_type_id",
                                                        "miidx.info",
                                                        "miidx.movie_id",
                                                        "t.title",
                                                        "t.id"
                                                    ],
                                                    "Inner Unique": true,
                                                    "Workers": [
                                                        {
                                                            "Worker Number": 0,
                                                            "Actual Startup Time": 37.168,
                                                            "Actual Total Time": 645.461,
                                                            "Actual Rows": 19,
                                                            "Actual Loops": 1
                                                        },
                                                        {
                                                            "Worker Number": 1,
                                                            "Actual Startup Time": 5.533,
                                                            "Actual Total Time": 645.314,
                                                            "Actual Rows": 16,
                                                            "Actual Loops": 1
                                                        }
                                                    ],
                                                    "Plans": [
                                                        {
                                                            "Node Type": "Nested Loop",
                                                            "Parent Relationship": "Outer",
                                                            "Parallel Aware": false,
                                                            "Join Type": "Inner",
                                                            "Startup Cost": 3.42,
                                                            "Total Cost": 18233.76,
                                                            "Plan Rows": 1,
                                                            "Plan Width": 42,
                                                            "Actual Startup Time": 20.092,
                                                            "Actual Total Time": 648.753,
                                                            "Actual Rows": 47,
                                                            "Actual Loops": 3,
                                                            "Output": [
                                                                "miidx.info",
                                                                "miidx.movie_id",
                                                                "mc.movie_id",
                                                                "mc.company_id",
                                                                "mc.company_type_id",
                                                                "t.title",
                                                                "t.id"
                                                            ],
                                                            "Inner Unique": false,
                                                            "Join Filter": "(t.id = mc.movie_id)",
                                                            "Rows Removed by Join Filter": 0,
                                                            "Workers": [
                                                                {
                                                                    "Worker Number": 0,
                                                                    "Actual Startup Time": 37.078,
                                                                    "Actual Total Time": 645.005,
                                                                    "Actual Rows": 22,
                                                                    "Actual Loops": 1
                                                                },
                                                                {
                                                                    "Worker Number": 1,
                                                                    "Actual Startup Time": 5.357,
                                                                    "Actual Total Time": 644.363,
                                                                    "Actual Rows": 40,
                                                                    "Actual Loops": 1
                                                                }
                                                            ],
                                                            "Plans": [
                                                                {
                                                                    "Node Type": "Nested Loop",
                                                                    "Parent Relationship": "Outer",
                                                                    "Parallel Aware": false,
                                                                    "Join Type": "Inner",
                                                                    "Startup Cost": 2.99,
                                                                    "Total Cost": 18233.1,
                                                                    "Plan Rows": 1,
                                                                    "Plan Width": 30,
                                                                    "Actual Startup Time": 9.158,
                                                                    "Actual Total Time": 647.935,
                                                                    "Actual Rows": 18,
                                                                    "Actual Loops": 3,
                                                                    "Output": [
                                                                        "miidx.info",
                                                                        "miidx.movie_id",
                                                                        "t.title",
                                                                        "t.id"
                                                                    ],
                                                                    "Inner Unique": true,
                                                                    "Workers": [
                                                                        {
                                                                            "Worker Number": 0,
                                                                            "Actual Startup Time": 4.543,
                                                                            "Actual Total Time": 644.214,
                                                                            "Actual Rows": 11,
                                                                            "Actual Loops": 1
                                                                        },
                                                                        {
                                                                            "Worker Number": 1,
                                                                            "Actual Startup Time": 5.188,
                                                                            "Actual Total Time": 643.579,
                                                                            "Actual Rows": 16,
                                                                            "Actual Loops": 1
                                                                        }
                                                                    ],
                                                                    "Plans": [
                                                                        {
                                                                            "Node Type": "Nested Loop",
                                                                            "Parent Relationship": "Outer",
                                                                            "Parallel Aware": false,
                                                                            "Join Type": "Inner",
                                                                            "Startup Cost": 2.86,
                                                                            "Total Cost": 18232.88,
                                                                            "Plan Rows": 1,
                                                                            "Plan Width": 34,
                                                                            "Actual Startup Time": 5.829,
                                                                            "Actual Total Time": 647.586,
                                                                            "Actual Rows": 117,
                                                                            "Actual Loops": 3,
                                                                            "Output": [
                                                                                "miidx.info",
                                                                                "miidx.movie_id",
                                                                                "t.title",
                                                                                "t.id",
                                                                                "t.kind_id"
                                                                            ],
                                                                            "Inner Unique": true,
                                                                            "Workers": [
                                                                                {
                                                                                    "Worker Number": 0,
                                                                                    "Actual Startup Time": 4.457,
                                                                                    "Actual Total Time": 643.84,
                                                                                    "Actual Rows": 130,
                                                                                    "Actual Loops": 1
                                                                                },
                                                                                {
                                                                                    "Worker Number": 1,
                                                                                    "Actual Startup Time": 5.108,
                                                                                    "Actual Total Time": 643.22,
                                                                                    "Actual Rows": 111,
                                                                                    "Actual Loops": 1
                                                                                }
                                                                            ],
                                                                            "Plans": [
                                                                                {
                                                                                    "Node Type": "Hash Join",
                                                                                    "Parent Relationship": "Outer",
                                                                                    "Parallel Aware": false,
                                                                                    "Join Type": "Inner",
                                                                                    "Startup Cost": 2.43,
                                                                                    "Total Cost": 15253.6,
                                                                                    "Plan Rows": 5089,
                                                                                    "Plan Width": 9,
                                                                                    "Actual Startup Time": 0.509,
                                                                                    "Actual Total Time": 151.091,
                                                                                    "Actual Rows": 153308,
                                                                                    "Actual Loops": 3,
                                                                                    "Output": [
                                                                                        "miidx.info",
                                                                                        "miidx.movie_id"
                                                                                    ],
                                                                                    "Inner Unique": true,
                                                                                    "Hash Cond": "(miidx.info_type_id = it.id)",
                                                                                    "Workers": [
                                                                                        {
                                                                                            "Worker Number": 0,
                                                                                            "Actual Startup Time": 0.704,
                                                                                            "Actual Total Time": 149.912,
                                                                                            "Actual Rows": 149627,
                                                                                            "Actual Loops": 1
                                                                                        },
                                                                                        {
                                                                                            "Worker Number": 1,
                                                                                            "Actual Startup Time": 0.618,
                                                                                            "Actual Total Time": 152.182,
                                                                                            "Actual Rows": 153590,
                                                                                            "Actual Loops": 1
                                                                                        }
                                                                                    ],
                                                                                    "Plans": [
                                                                                        {
                                                                                            "Node Type": "Seq Scan",
                                                                                            "Parent Relationship": "Outer",
                                                                                            "Parallel Aware": true,
                                                                                            "Relation Name": "movie_info_idx",
                                                                                            "Schema": "public",
                                                                                            "Alias": "miidx",
                                                                                            "Startup Cost": 0.0,
                                                                                            "Total Cost": 13685.15,
                                                                                            "Plan Rows": 575015,
                                                                                            "Plan Width": 13,
                                                                                            "Actual Startup Time": 0.044,
                                                                                            "Actual Total Time": 57.638,
                                                                                            "Actual Rows": 460012,
                                                                                            "Actual Loops": 3,
                                                                                            "Output": [
                                                                                                "miidx.id",
                                                                                                "miidx.movie_id",
                                                                                                "miidx.info_type_id",
                                                                                                "miidx.info",
                                                                                                "miidx.note"
                                                                                            ],
                                                                                            "Workers": [
                                                                                                {
                                                                                                    "Worker Number": 0,
                                                                                                    "Actual Startup Time": 0.057,
                                                                                                    "Actual Total Time": 57.082,
                                                                                                    "Actual Rows": 448902,
                                                                                                    "Actual Loops": 1
                                                                                                },
                                                                                                {
                                                                                                    "Worker Number": 1,
                                                                                                    "Actual Startup Time": 0.058,
                                                                                                    "Actual Total Time": 58.018,
                                                                                                    "Actual Rows": 460748,
                                                                                                    "Actual Loops": 1
                                                                                                }
                                                                                            ]
                                                                                        },
                                                                                        {
                                                                                            "Node Type": "Hash",
                                                                                            "Parent Relationship": "Inner",
                                                                                            "Parallel Aware": false,
                                                                                            "Startup Cost": 2.41,
                                                                                            "Total Cost": 2.41,
                                                                                            "Plan Rows": 1,
                                                                                            "Plan Width": 4,
                                                                                            "Actual Startup Time": 0.092,
                                                                                            "Actual Total Time": 0.093,
                                                                                            "Actual Rows": 1,
                                                                                            "Actual Loops": 3,
                                                                                            "Output": [
                                                                                                "it.id"
                                                                                            ],
                                                                                            "Hash Buckets": 1024,
                                                                                            "Original Hash Buckets": 1024,
                                                                                            "Hash Batches": 1,
                                                                                            "Original Hash Batches": 1,
                                                                                            "Peak Memory Usage": 9,
                                                                                            "Workers": [
                                                                                                {
                                                                                                    "Worker Number": 0,
                                                                                                    "Actual Startup Time": 0.116,
                                                                                                    "Actual Total Time": 0.116,
                                                                                                    "Actual Rows": 1,
                                                                                                    "Actual Loops": 1
                                                                                                },
                                                                                                {
                                                                                                    "Worker Number": 1,
                                                                                                    "Actual Startup Time": 0.097,
                                                                                                    "Actual Total Time": 0.098,
                                                                                                    "Actual Rows": 1,
                                                                                                    "Actual Loops": 1
                                                                                                }
                                                                                            ],
                                                                                            "Plans": [
                                                                                                {
                                                                                                    "Node Type": "Seq Scan",
                                                                                                    "Parent Relationship": "Outer",
                                                                                                    "Parallel Aware": false,
                                                                                                    "Relation Name": "info_type",
                                                                                                    "Schema": "public",
                                                                                                    "Alias": "it",
                                                                                                    "Startup Cost": 0.0,
                                                                                                    "Total Cost": 2.41,
                                                                                                    "Plan Rows": 1,
                                                                                                    "Plan Width": 4,
                                                                                                    "Actual Startup Time": 0.068,
                                                                                                    "Actual Total Time": 0.073,
                                                                                                    "Actual Rows": 1,
                                                                                                    "Actual Loops": 3,
                                                                                                    "Output": [
                                                                                                        "it.id"
                                                                                                    ],
                                                                                                    "Filter": "((it.info)::text = 'rating'::text)",
                                                                                                    "Rows Removed by Filter": 112,
                                                                                                    "Workers": [
                                                                                                        {
                                                                                                            "Worker Number": 0,
                                                                                                            "Actual Startup Time": 0.087,
                                                                                                            "Actual Total Time": 0.093,
                                                                                                            "Actual Rows": 1,
                                                                                                            "Actual Loops": 1
                                                                                                        },
                                                                                                        {
                                                                                                            "Worker Number": 1,
                                                                                                            "Actual Startup Time": 0.074,
                                                                                                            "Actual Total Time": 0.079,
                                                                                                            "Actual Rows": 1,
                                                                                                            "Actual Loops": 1
                                                                                                        }
                                                                                                    ]
                                                                                                }
                                                                                            ]
                                                                                        }
                                                                                    ]
                                                                                },
                                                                                {
                                                                                    "Node Type": "Index Scan",
                                                                                    "Parent Relationship": "Inner",
                                                                                    "Parallel Aware": false,
                                                                                    "Scan Direction": "Forward",
                                                                                    "Index Name": "title_pkey",
                                                                                    "Relation Name": "title",
                                                                                    "Schema": "public",
                                                                                    "Alias": "t",
                                                                                    "Startup Cost": 0.43,
                                                                                    "Total Cost": 0.59,
                                                                                    "Plan Rows": 1,
                                                                                    "Plan Width": 25,
                                                                                    "Actual Startup Time": 0.003,
                                                                                    "Actual Total Time": 0.003,
                                                                                    "Actual Rows": 0,
                                                                                    "Actual Loops": 459925,
                                                                                    "Output": [
                                                                                        "t.id",
                                                                                        "t.title",
                                                                                        "t.imdb_index",
                                                                                        "t.kind_id",
                                                                                        "t.production_year",
                                                                                        "t.imdb_id",
                                                                                        "t.phonetic_code",
                                                                                        "t.episode_of_id",
                                                                                        "t.season_nr",
                                                                                        "t.episode_nr",
                                                                                        "t.series_years",
                                                                                        "t.md5sum"
                                                                                    ],
                                                                                    "Index Cond": "(t.id = miidx.movie_id)",
                                                                                    "Rows Removed by Index Recheck": 0,
                                                                                    "Filter": "((t.title <> ''::text) AND ((t.title ~~ '%Champion%'::text) OR (t.title ~~ '%Loser%'::text)))",
                                                                                    "Rows Removed by Filter": 1,
                                                                                    "Workers": [
                                                                                        {
                                                                                            "Worker Number": 0,
                                                                                            "Actual Startup Time": 0.003,
                                                                                            "Actual Total Time": 0.003,
                                                                                            "Actual Rows": 0,
                                                                                            "Actual Loops": 149627
                                                                                        },
                                                                                        {
                                                                                            "Worker Number": 1,
                                                                                            "Actual Startup Time": 0.003,
                                                                                            "Actual Total Time": 0.003,
                                                                                            "Actual Rows": 0,
                                                                                            "Actual Loops": 153590
                                                                                        }
                                                                                    ]
                                                                                }
                                                                            ]
                                                                        },
                                                                        {
                                                                            "Node Type": "Index Scan",
                                                                            "Parent Relationship": "Inner",
                                                                            "Parallel Aware": false,
                                                                            "Scan Direction": "Forward",
                                                                            "Index Name": "kind_type_pkey",
                                                                            "Relation Name": "kind_type",
                                                                            "Schema": "public",
                                                                            "Alias": "kt",
                                                                            "Startup Cost": 0.13,
                                                                            "Total Cost": 0.18,
                                                                            "Plan Rows": 1,
                                                                            "Plan Width": 4,
                                                                            "Actual Startup Time": 0.002,
                                                                            "Actual Total Time": 0.002,
                                                                            "Actual Rows": 0,
                                                                            "Actual Loops": 352,
                                                                            "Output": [
                                                                                "kt.id",
                                                                                "kt.kind"
                                                                            ],
                                                                            "Index Cond": "(kt.id = t.kind_id)",
                                                                            "Rows Removed by Index Recheck": 0,
                                                                            "Filter": "((kt.kind)::text = 'tv series'::text)",
                                                                            "Rows Removed by Filter": 1,
                                                                            "Workers": [
                                                                                {
                                                                                    "Worker Number": 0,
                                                                                    "Actual Startup Time": 0.002,
                                                                                    "Actual Total Time": 0.002,
                                                                                    "Actual Rows": 0,
                                                                                    "Actual Loops": 130
                                                                                },
                                                                                {
                                                                                    "Worker Number": 1,
                                                                                    "Actual Startup Time": 0.003,
                                                                                    "Actual Total Time": 0.003,
                                                                                    "Actual Rows": 0,
                                                                                    "Actual Loops": 111
                                                                                }
                                                                            ]
                                                                        }
                                                                    ]
                                                                },
                                                                {
                                                                    "Node Type": "Index Scan",
                                                                    "Parent Relationship": "Inner",
                                                                    "Parallel Aware": false,
                                                                    "Scan Direction": "Forward",
                                                                    "Index Name": "movie_id_movie_companies",
                                                                    "Relation Name": "movie_companies",
                                                                    "Schema": "public",
                                                                    "Alias": "mc",
                                                                    "Startup Cost": 0.43,
                                                                    "Total Cost": 0.6,
                                                                    "Plan Rows": 5,
                                                                    "Plan Width": 12,
                                                                    "Actual Startup Time": 0.036,
                                                                    "Actual Total Time": 0.042,
                                                                    "Actual Rows": 3,
                                                                    "Actual Loops": 55,
                                                                    "Output": [
                                                                        "mc.id",
                                                                        "mc.movie_id",
                                                                        "mc.company_id",
                                                                        "mc.company_type_id",
                                                                        "mc.note"
                                                                    ],
                                                                    "Index Cond": "(mc.movie_id = miidx.movie_id)",
                                                                    "Rows Removed by Index Recheck": 0,
                                                                    "Workers": [
                                                                        {
                                                                            "Worker Number": 0,
                                                                            "Actual Startup Time": 0.062,
                                                                            "Actual Total Time": 0.069,
                                                                            "Actual Rows": 2,
                                                                            "Actual Loops": 11
                                                                        },
                                                                        {
                                                                            "Worker Number": 1,
                                                                            "Actual Startup Time": 0.038,
                                                                            "Actual Total Time": 0.047,
                                                                            "Actual Rows": 2,
                                                                            "Actual Loops": 16
                                                                        }
                                                                    ]
                                                                }
                                                            ]
                                                        },
                                                        {
                                                            "Node Type": "Index Scan",
                                                            "Parent Relationship": "Inner",
                                                            "Parallel Aware": false,
                                                            "Scan Direction": "Forward",
                                                            "Index Name": "company_name_pkey",
                                                            "Relation Name": "company_name",
                                                            "Schema": "public",
                                                            "Alias": "cn",
                                                            "Startup Cost": 0.42,
                                                            "Total Cost": 0.45,
                                                            "Plan Rows": 1,
                                                            "Plan Width": 23,
                                                            "Actual Startup Time": 0.019,
                                                            "Actual Total Time": 0.019,
                                                            "Actual Rows": 0,
                                                            "Actual Loops": 142,
                                                            "Output": [
                                                                "cn.id",
                                                                "cn.name",
                                                                "cn.country_code",
                                                                "cn.imdb_id",
                                                                "cn.name_pcode_nf",
                                                                "cn.name_pcode_sf",
                                                                "cn.md5sum"
                                                            ],
                                                            "Index Cond": "(cn.id = mc.company_id)",
                                                            "Rows Removed by Index Recheck": 0,
                                                            "Filter": "((cn.country_code)::text = '[us]'::text)",
                                                            "Rows Removed by Filter": 1,
                                                            "Workers": [
                                                                {
                                                                    "Worker Number": 0,
                                                                    "Actual Startup Time": 0.019,
                                                                    "Actual Total Time": 0.019,
                                                                    "Actual Rows": 1,
                                                                    "Actual Loops": 22
                                                                },
                                                                {
                                                                    "Worker Number": 1,
                                                                    "Actual Startup Time": 0.023,
                                                                    "Actual Total Time": 0.023,
                                                                    "Actual Rows": 0,
                                                                    "Actual Loops": 40
                                                                }
                                                            ]
                                                        }
                                                    ]
                                                },
                                                {
                                                    "Node Type": "Index Scan",
                                                    "Parent Relationship": "Inner",
                                                    "Parallel Aware": false,
                                                    "Scan Direction": "Forward",
                                                    "Index Name": "company_type_pkey",
                                                    "Relation Name": "company_type",
                                                    "Schema": "public",
                                                    "Alias": "ct",
                                                    "Startup Cost": 0.13,
                                                    "Total Cost": 0.15,
                                                    "Plan Rows": 1,
                                                    "Plan Width": 4,
                                                    "Actual Startup Time": 0.005,
                                                    "Actual Total Time": 0.005,
                                                    "Actual Rows": 0,
                                                    "Actual Loops": 67,
                                                    "Output": [
                                                        "ct.id",
                                                        "ct.kind"
                                                    ],
                                                    "Index Cond": "(ct.id = mc.company_type_id)",
                                                    "Rows Removed by Index Recheck": 0,
                                                    "Filter": "((ct.kind)::text = 'production companies'::text)",
                                                    "Rows Removed by Filter": 1,
                                                    "Workers": [
                                                        {
                                                            "Worker Number": 0,
                                                            "Actual Startup Time": 0.004,
                                                            "Actual Total Time": 0.004,
                                                            "Actual Rows": 0,
                                                            "Actual Loops": 19
                                                        },
                                                        {
                                                            "Worker Number": 1,
                                                            "Actual Startup Time": 0.008,
                                                            "Actual Total Time": 0.009,
                                                            "Actual Rows": 0,
                                                            "Actual Loops": 16
                                                        }
                                                    ]
                                                }
                                            ]
                                        },
                                        {
                                            "Node Type": "Index Scan",
                                            "Parent Relationship": "Inner",
                                            "Parallel Aware": false,
                                            "Scan Direction": "Forward",
                                            "Index Name": "movie_id_movie_info",
                                            "Relation Name": "movie_info",
                                            "Schema": "public",
                                            "Alias": "mi",
                                            "Startup Cost": 0.43,
                                            "Total Cost": 1.48,
                                            "Plan Rows": 41,
                                            "Plan Width": 8,
                                            "Actual Startup Time": 0.049,
                                            "Actual Total Time": 0.095,
                                            "Actual Rows": 7,
                                            "Actual Loops": 30,
                                            "Output": [
                                                "mi.id",
                                                "mi.movie_id",
                                                "mi.info_type_id",
                                                "mi.info",
                                                "mi.note"
                                            ],
                                            "Index Cond": "(mi.movie_id = mc.movie_id)",
                                            "Rows Removed by Index Recheck": 0,
                                            "Workers": [
                                                {
                                                    "Worker Number": 0,
                                                    "Actual Startup Time": 0.062,
                                                    "Actual Total Time": 0.105,
                                                    "Actual Rows": 5,
                                                    "Actual Loops": 9
                                                },
                                                {
                                                    "Worker Number": 1,
                                                    "Actual Startup Time": 0.073,
                                                    "Actual Total Time": 0.138,
                                                    "Actual Rows": 7,
                                                    "Actual Loops": 8
                                                }
                                            ]
                                        }
                                    ]
                                },
                                {
                                    "Node Type": "Index Scan",
                                    "Parent Relationship": "Inner",
                                    "Parallel Aware": false,
                                    "Scan Direction": "Forward",
                                    "Index Name": "info_type_pkey",
                                    "Relation Name": "info_type",
                                    "Schema": "public",
                                    "Alias": "it2",
                                    "Startup Cost": 0.14,
                                    "Total Cost": 0.16,
                                    "Plan Rows": 1,
                                    "Plan Width": 4,
                                    "Actual Startup Time": 0.003,
                                    "Actual Total Time": 0.003,
                                    "Actual Rows": 0,
                                    "Actual Loops": 201,
                                    "Output": [
                                        "it2.id",
                                        "it2.info"
                                    ],
                                    "Index Cond": "(it2.id = mi.info_type_id)",
                                    "Rows Removed by Index Recheck": 0,
                                    "Filter": "((it2.info)::text = 'release dates'::text)",
                                    "Rows Removed by Filter": 1,
                                    "Workers": [
                                        {
                                            "Worker Number": 0,
                                            "Actual Startup Time": 0.003,
                                            "Actual Total Time": 0.003,
                                            "Actual Rows": 0,
                                            "Actual Loops": 45
                                        },
                                        {
                                            "Worker Number": 1,
                                            "Actual Startup Time": 0.004,
                                            "Actual Total Time": 0.004,
                                            "Actual Rows": 0,
                                            "Actual Loops": 59
                                        }
                                    ]
                                }
                            ]
                        }
                    ]
                }
            ]
        },
        "Planning Time": 1110.71,
        "Triggers": [],
        "Execution Time": 683.242
    }
]