[
    {
        "Bao": {
            "Bao prediction": "NaN",
            "Bao recommended hint": "(no hint)"
        }
    },
    {
        "Plan": {
            "Node Type": "Aggregate",
            "Strategy": "Plain",
            "Partial Mode": "Finalize",
            "Parallel Aware": false,
            "Startup Cost": 270938.05,
            "Total Cost": 270938.06,
            "Plan Rows": 1,
            "Plan Width": 8,
            "Actual Startup Time": 542.307,
            "Actual Total Time": 582.394,
            "Actual Rows": 1,
            "Actual Loops": 1,
            "Output": [
                "count(*)"
            ],
            "Plans": [
                {
                    "Node Type": "Gather",
                    "Parent Relationship": "Outer",
                    "Parallel Aware": false,
                    "Startup Cost": 270937.53,
                    "Total Cost": 270938.04,
                    "Plan Rows": 5,
                    "Plan Width": 8,
                    "Actual Startup Time": 541.766,
                    "Actual Total Time": 582.386,
                    "Actual Rows": 6,
                    "Actual Loops": 1,
                    "Output": [
                        "(PARTIAL count(*))"
                    ],
                    "Workers Planned": 5,
                    "Workers Launched": 5,
                    "Single Copy": false,
                    "Plans": [
                        {
                            "Node Type": "Aggregate",
                            "Strategy": "Plain",
                            "Partial Mode": "Partial",
                            "Parent Relationship": "Outer",
                            "Parallel Aware": false,
                            "Startup Cost": 269937.53,
                            "Total Cost": 269937.54,
                            "Plan Rows": 1,
                            "Plan Width": 8,
                            "Actual Startup Time": 531.565,
                            "Actual Total Time": 531.569,
                            "Actual Rows": 1,
                            "Actual Loops": 6,
                            "Output": [
                                "PARTIAL count(*)"
                            ],
                            "Workers": [
                                {
                                    "Worker Number": 0,
                                    "Actual Startup Time": 529.011,
                                    "Actual Total Time": 529.016,
                                    "Actual Rows": 1,
                                    "Actual Loops": 1
                                },
                                {
                                    "Worker Number": 1,
                                    "Actual Startup Time": 529.256,
                                    "Actual Total Time": 529.26,
                                    "Actual Rows": 1,
                                    "Actual Loops": 1
                                },
                                {
                                    "Worker Number": 2,
                                    "Actual Startup Time": 529.58,
                                    "Actual Total Time": 529.584,
                                    "Actual Rows": 1,
                                    "Actual Loops": 1
                                },
                                {
                                    "Worker Number": 3,
                                    "Actual Startup Time": 529.868,
                                    "Actual Total Time": 529.871,
                                    "Actual Rows": 1,
                                    "Actual Loops": 1
                                },
                                {
                                    "Worker Number": 4,
                                    "Actual Startup Time": 530.26,
                                    "Actual Total Time": 530.265,
                                    "Actual Rows": 1,
                                    "Actual Loops": 1
                                }
                            ],
                            "Plans": [
                                {
                                    "Node Type": "Nested Loop",
                                    "Parent Relationship": "Outer",
                                    "Parallel Aware": false,
                                    "Join Type": "Inner",
                                    "Startup Cost": 45656.69,
                                    "Total Cost": 269579.79,
                                    "Plan Rows": 143094,
                                    "Plan Width": 0,
                                    "Actual Startup Time": 94.789,
                                    "Actual Total Time": 525.962,
                                    "Actual Rows": 92430,
                                    "Actual Loops": 6,
                                    "Inner Unique": false,
                                    "Join Filter": "(t.id = ci.movie_id)",
                                    "Rows Removed by Join Filter": 0,
                                    "Workers": [
                                        {
                                            "Worker Number": 0,
                                            "Actual Startup Time": 92.39,
                                            "Actual Total Time": 523.178,
                                            "Actual Rows": 62594,
                                            "Actual Loops": 1
                                        },
                                        {
                                            "Worker Number": 1,
                                            "Actual Startup Time": 92.473,
                                            "Actual Total Time": 524.135,
                                            "Actual Rows": 88716,
                                            "Actual Loops": 1
                                        },
                                        {
                                            "Worker Number": 2,
                                            "Actual Startup Time": 92.813,
                                            "Actual Total Time": 524.612,
                                            "Actual Rows": 88942,
                                            "Actual Loops": 1
                                        },
                                        {
                                            "Worker Number": 3,
                                            "Actual Startup Time": 92.874,
                                            "Actual Total Time": 524.543,
                                            "Actual Rows": 94432,
                                            "Actual Loops": 1
                                        },
                                        {
                                            "Worker Number": 4,
                                            "Actual Startup Time": 93.684,
                                            "Actual Total Time": 524.34,
                                            "Actual Rows": 62949,
                                            "Actual Loops": 1
                                        }
                                    ],
                                    "Plans": [
                                        {
                                            "Node Type": "Hash Join",
                                            "Parent Relationship": "Outer",
                                            "Parallel Aware": true,
                                            "Join Type": "Inner",
                                            "Startup Cost": 45656.12,
                                            "Total Cost": 245706.79,
                                            "Plan Rows": 9980,
                                            "Plan Width": 8,
                                            "Actual Startup Time": 94.695,
                                            "Actual Total Time": 398.688,
                                            "Actual Rows": 1978,
                                            "Actual Loops": 6,
                                            "Output": [
                                                "t.id",
                                                "mi.movie_id"
                                            ],
                                            "Inner Unique": true,
                                            "Hash Cond": "(mi.movie_id = t.id)",
                                            "Workers": [
                                                {
                                                    "Worker Number": 0,
                                                    "Actual Startup Time": 92.265,
                                                    "Actual Total Time": 392.56,
                                                    "Actual Rows": 1265,
                                                    "Actual Loops": 1
                                                },
                                                {
                                                    "Worker Number": 1,
                                                    "Actual Startup Time": 92.377,
                                                    "Actual Total Time": 396.915,
                                                    "Actual Rows": 1901,
                                                    "Actual Loops": 1
                                                },
                                                {
                                                    "Worker Number": 2,
                                                    "Actual Startup Time": 92.701,
                                                    "Actual Total Time": 396.343,
                                                    "Actual Rows": 1964,
                                                    "Actual Loops": 1
                                                },
                                                {
                                                    "Worker Number": 3,
                                                    "Actual Startup Time": 92.778,
                                                    "Actual Total Time": 393.076,
                                                    "Actual Rows": 1877,
                                                    "Actual Loops": 1
                                                },
                                                {
                                                    "Worker Number": 4,
                                                    "Actual Startup Time": 93.576,
                                                    "Actual Total Time": 391.558,
                                                    "Actual Rows": 1394,
                                                    "Actual Loops": 1
                                                }
                                            ],
                                            "Plans": [
                                                {
                                                    "Node Type": "Seq Scan",
                                                    "Parent Relationship": "Outer",
                                                    "Parallel Aware": true,
                                                    "Relation Name": "movie_info",
                                                    "Schema": "public",
                                                    "Alias": "mi",
                                                    "Startup Cost": 0.0,
                                                    "Total Cost": 198880.74,
                                                    "Plan Rows": 445687,
                                                    "Plan Width": 4,
                                                    "Actual Startup Time": 14.967,
                                                    "Actual Total Time": 278.191,
                                                    "Actual Rows": 372308,
                                                    "Actual Loops": 6,
                                                    "Output": [
                                                        "mi.id",
                                                        "mi.movie_id",
                                                        "mi.info_type_id",
                                                        "mi.info",
                                                        "mi.note"
                                                    ],
                                                    "Filter": "(mi.info_type_id > 16)",
                                                    "Rows Removed by Filter": 2100312,
                                                    "Workers": [
                                                        {
                                                            "Worker Number": 0,
                                                            "Actual Startup Time": 14.95,
                                                            "Actual Total Time": 278.579,
                                                            "Actual Rows": 242365,
                                                            "Actual Loops": 1
                                                        },
                                                        {
                                                            "Worker Number": 1,
                                                            "Actual Startup Time": 15.001,
                                                            "Actual Total Time": 280.286,
                                                            "Actual Rows": 400901,
                                                            "Actual Loops": 1
                                                        },
                                                        {
                                                            "Worker Number": 2,
                                                            "Actual Startup Time": 14.893,
                                                            "Actual Total Time": 279.952,
                                                            "Actual Rows": 382210,
                                                            "Actual Loops": 1
                                                        },
                                                        {
                                                            "Worker Number": 3,
                                                            "Actual Startup Time": 14.994,
                                                            "Actual Total Time": 277.542,
                                                            "Actual Rows": 379103,
                                                            "Actual Loops": 1
                                                        },
                                                        {
                                                            "Worker Number": 4,
                                                            "Actual Startup Time": 14.957,
                                                            "Actual Total Time": 276.853,
                                                            "Actual Rows": 238676,
                                                            "Actual Loops": 1
                                                        }
                                                    ]
                                                },
                                                {
                                                    "Node Type": "Hash",
                                                    "Parent Relationship": "Inner",
                                                    "Parallel Aware": true,
                                                    "Startup Cost": 45479.21,
                                                    "Total Cost": 45479.21,
                                                    "Plan Rows": 14153,
                                                    "Plan Width": 4,
                                                    "Actual Startup Time": 78.98,
                                                    "Actual Total Time": 78.981,
                                                    "Actual Rows": 10459,
                                                    "Actual Loops": 6,
                                                    "Output": [
                                                        "t.id"
                                                    ],
                                                    "Hash Buckets": 65536,
                                                    "Original Hash Buckets": 65536,
                                                    "Hash Batches": 1,
                                                    "Original Hash Batches": 1,
                                                    "Peak Memory Usage": 3072,
                                                    "Workers": [
                                                        {
                                                            "Worker Number": 0,
                                                            "Actual Startup Time": 76.466,
                                                            "Actual Total Time": 76.467,
                                                            "Actual Rows": 6200,
                                                            "Actual Loops": 1
                                                        },
                                                        {
                                                            "Worker Number": 1,
                                                            "Actual Startup Time": 76.699,
                                                            "Actual Total Time": 76.701,
                                                            "Actual Rows": 8325,
                                                            "Actual Loops": 1
                                                        },
                                                        {
                                                            "Worker Number": 2,
                                                            "Actual Startup Time": 77.031,
                                                            "Actual Total Time": 77.032,
                                                            "Actual Rows": 8208,
                                                            "Actual Loops": 1
                                                        },
                                                        {
                                                            "Worker Number": 3,
                                                            "Actual Startup Time": 77.302,
                                                            "Actual Total Time": 77.303,
                                                            "Actual Rows": 8291,
                                                            "Actual Loops": 1
                                                        },
                                                        {
                                                            "Worker Number": 4,
                                                            "Actual Startup Time": 77.697,
                                                            "Actual Total Time": 77.698,
                                                            "Actual Rows": 6528,
                                                            "Actual Loops": 1
                                                        }
                                                    ],
                                                    "Plans": [
                                                        {
                                                            "Node Type": "Seq Scan",
                                                            "Parent Relationship": "Outer",
                                                            "Parallel Aware": true,
                                                            "Relation Name": "title",
                                                            "Schema": "public",
                                                            "Alias": "t",
                                                            "Startup Cost": 0.0,
                                                            "Total Cost": 45479.21,
                                                            "Plan Rows": 14153,
                                                            "Plan Width": 4,
                                                            "Actual Startup Time": 0.069,
                                                            "Actual Total Time": 74.124,
                                                            "Actual Rows": 10459,
                                                            "Actual Loops": 6,
                                                            "Output": [
                                                                "t.id"
                                                            ],
                                                            "Filter": "((t.kind_id = 7) AND (t.production_year = 2005))",
                                                            "Rows Removed by Filter": 410927,
                                                            "Workers": [
                                                                {
                                                                    "Worker Number": 0,
                                                                    "Actual Startup Time": 0.119,
                                                                    "Actual Total Time": 71.444,
                                                                    "Actual Rows": 6200,
                                                                    "Actual Loops": 1
                                                                },
                                                                {
                                                                    "Worker Number": 1,
                                                                    "Actual Startup Time": 0.07,
                                                                    "Actual Total Time": 72.631,
                                                                    "Actual Rows": 8325,
                                                                    "Actual Loops": 1
                                                                },
                                                                {
                                                                    "Worker Number": 2,
                                                                    "Actual Startup Time": 0.096,
                                                                    "Actual Total Time": 72.648,
                                                                    "Actual Rows": 8208,
                                                                    "Actual Loops": 1
                                                                },
                                                                {
                                                                    "Worker Number": 3,
                                                                    "Actual Startup Time": 0.064,
                                                                    "Actual Total Time": 73.132,
                                                                    "Actual Rows": 8291,
                                                                    "Actual Loops": 1
                                                                },
                                                                {
                                                                    "Worker Number": 4,
                                                                    "Actual Startup Time": 0.057,
                                                                    "Actual Total Time": 72.927,
                                                                    "Actual Rows": 6528,
                                                                    "Actual Loops": 1
                                                                }
                                                            ]
                                                        }
                                                    ]
                                                }
                                            ]
                                        },
                                        {
                                            "Node Type": "Index Only Scan",
                                            "Parent Relationship": "Inner",
                                            "Parallel Aware": false,
                                            "Scan Direction": "Forward",
                                            "Index Name": "movie_id_cast_info",
                                            "Relation Name": "cast_info",
                                            "Schema": "public",
                                            "Alias": "ci",
                                            "Startup Cost": 0.56,
                                            "Total Cost": 1.92,
                                            "Plan Rows": 38,
                                            "Plan Width": 4,
                                            "Actual Startup Time": 0.009,
                                            "Actual Total Time": 0.059,
                                            "Actual Rows": 47,
                                            "Actual Loops": 11870,
                                            "Output": [
                                                "ci.movie_id"
                                            ],
                                            "Index Cond": "(ci.movie_id = mi.movie_id)",
                                            "Rows Removed by Index Recheck": 0,
                                            "Heap Fetches": 554577,
                                            "Workers": [
                                                {
                                                    "Worker Number": 0,
                                                    "Actual Startup Time": 0.014,
                                                    "Actual Total Time": 0.095,
                                                    "Actual Rows": 49,
                                                    "Actual Loops": 1265
                                                },
                                                {
                                                    "Worker Number": 1,
                                                    "Actual Startup Time": 0.01,
                                                    "Actual Total Time": 0.062,
                                                    "Actual Rows": 47,
                                                    "Actual Loops": 1901
                                                },
                                                {
                                                    "Worker Number": 2,
                                                    "Actual Startup Time": 0.01,
                                                    "Actual Total Time": 0.061,
                                                    "Actual Rows": 45,
                                                    "Actual Loops": 1964
                                                },
                                                {
                                                    "Worker Number": 3,
                                                    "Actual Startup Time": 0.01,
                                                    "Actual Total Time": 0.065,
                                                    "Actual Rows": 50,
                                                    "Actual Loops": 1877
                                                },
                                                {
                                                    "Worker Number": 4,
                                                    "Actual Startup Time": 0.014,
                                                    "Actual Total Time": 0.087,
                                                    "Actual Rows": 45,
                                                    "Actual Loops": 1394
                                                }
                                            ]
                                        }
                                    ]
                                }
                            ]
                        }
                    ]
                }
            ]
        },
        "Planning Time": 182.509,
        "Triggers": [],
        "Execution Time": 582.474
    }
]