[
  {
    "Plan": {
      "Node Type": "Aggregate",
      "Strategy": "Plain",
      "Partial Mode": "Finalize",
      "Parallel Aware": false,
      "Startup Cost": 125709.93,
      "Total Cost": 125709.94,
      "Plan Rows": 1,
      "Plan Width": 8,
      "Actual Startup Time": 613.042,
      "Actual Total Time": 656.231,
      "Actual Rows": 1,
      "Actual Loops": 1,
      "Plans": [
        {
          "Node Type": "Gather",
          "Parent Relationship": "Outer",
          "Parallel Aware": false,
          "Startup Cost": 125709.62,
          "Total Cost": 125709.93,
          "Plan Rows": 3,
          "Plan Width": 8,
          "Actual Startup Time": 611.802,
          "Actual Total Time": 656.219,
          "Actual Rows": 4,
          "Actual Loops": 1,
          "Workers Planned": 3,
          "Workers Launched": 3,
          "Single Copy": false,
          "Plans": [
            {
              "Node Type": "Aggregate",
              "Strategy": "Plain",
              "Partial Mode": "Partial",
              "Parent Relationship": "Outer",
              "Parallel Aware": false,
              "Startup Cost": 124709.62,
              "Total Cost": 124709.63,
              "Plan Rows": 1,
              "Plan Width": 8,
              "Actual Startup Time": 602.63,
              "Actual Total Time": 602.634,
              "Actual Rows": 1,
              "Actual Loops": 4,
              "Plans": [
                {
                  "Node Type": "Nested Loop",
                  "Parent Relationship": "Outer",
                  "Parallel Aware": false,
                  "Join Type": "Inner",
                  "Startup Cost": 46310.11,
                  "Total Cost": 124560.69,
                  "Plan Rows": 59571,
                  "Plan Width": 0,
                  "Actual Startup Time": 123.636,
                  "Actual Total Time": 571.395,
                  "Actual Rows": 757900,
                  "Actual Loops": 4,
                  "Inner Unique": false,
                  "Join Filter": "(t.id = mi.movie_id)",
                  "Rows Removed by Join Filter": 0,
                  "Plans": [
                    {
                      "Node Type": "Hash Join",
                      "Parent Relationship": "Outer",
                      "Parallel Aware": true,
                      "Join Type": "Inner",
                      "Startup Cost": 46309.67,
                      "Total Cost": 77978.88,
                      "Plan Rows": 10188,
                      "Plan Width": 8,
                      "Actual Startup Time": 123.566,
                      "Actual Total Time": 207.137,
                      "Actual Rows": 17002,
                      "Actual Loops": 4,
                      "Inner Unique": true,
                      "Hash Cond": "(mc.movie_id = t.id)",
                      "Plans": [
                        {
                          "Node Type": "Seq Scan",
                          "Parent Relationship": "Outer",
                          "Parallel Aware": true,
                          "Relation Name": "movie_companies",
                          "Alias": "mc",
                          "Startup Cost": 0.0,
                          "Total Cost": 31414.82,
                          "Plan Rows": 96911,
                          "Plan Width": 4,
                          "Actual Startup Time": 0.02,
                          "Actual Total Time": 55.202,
                          "Actual Rows": 109454,
                          "Actual Loops": 4,
                          "Filter": "((company_id < 708) AND (company_type_id = 1))",
                          "Rows Removed by Filter": 542828
                        },
                        {
                          "Node Type": "Hash",
                          "Parent Relationship": "Inner",
                          "Parallel Aware": true,
                          "Startup Cost": 45479.1,
                          "Total Cost": 45479.1,
                          "Plan Rows": 66446,
                          "Plan Width": 4,
                          "Actual Startup Time": 119.918,
                          "Actual Total Time": 119.92,
                          "Actual Rows": 95653,
                          "Actual Loops": 4,
                          "Hash Buckets": 524288,
                          "Original Hash Buckets": 524288,
                          "Hash Batches": 1,
                          "Original Hash Batches": 1,
                          "Peak Memory Usage": 19104,
                          "Plans": [
                            {
                              "Node Type": "Seq Scan",
                              "Parent Relationship": "Outer",
                              "Parallel Aware": true,
                              "Relation Name": "title",
                              "Alias": "t",
                              "Startup Cost": 0.0,
                              "Total Cost": 45479.1,
                              "Plan Rows": 66446,
                              "Plan Width": 4,
                              "Actual Startup Time": 0.068,
                              "Actual Total Time": 92.646,
                              "Actual Rows": 95653,
                              "Actual Loops": 4,
                              "Filter": "((kind_id < 7) AND (production_year < 1990))",
                              "Rows Removed by Filter": 536425
                            }
                          ]
                        }
                      ]
                    },
                    {
                      "Node Type": "Index Only Scan",
                      "Parent Relationship": "Inner",
                      "Parallel Aware": false,
                      "Scan Direction": "Forward",
                      "Index Name": "movie_id_movie_info",
                      "Relation Name": "movie_info",
                      "Alias": "mi",
                      "Startup Cost": 0.43,
                      "Total Cost": 4.05,
                      "Plan Rows": 42,
                      "Plan Width": 4,
                      "Actual Startup Time": 0.005,
                      "Actual Total Time": 0.018,
                      "Actual Rows": 45,
                      "Actual Loops": 68010,
                      "Index Cond": "(movie_id = mc.movie_id)",
                      "Rows Removed by Index Recheck": 0,
                      "Heap Fetches": 3031602
                    }
                  ]
                }
              ]
            }
          ]
        }
      ]
    },
    "Planning Time": 1.459,
    "Triggers": [],
    "Execution Time": 656.394
  }
]