[
  {
    "Plan": {
      "Node Type": "Aggregate",
      "Strategy": "Plain",
      "Partial Mode": "Finalize",
      "Parallel Aware": false,
      "Startup Cost": 83961.91,
      "Total Cost": 83961.92,
      "Plan Rows": 1,
      "Plan Width": 8,
      "Actual Startup Time": 402.11,
      "Actual Total Time": 425.81,
      "Actual Rows": 1,
      "Actual Loops": 1,
      "Plans": [
        {
          "Node Type": "Gather",
          "Parent Relationship": "Outer",
          "Parallel Aware": false,
          "Startup Cost": 83961.59,
          "Total Cost": 83961.9,
          "Plan Rows": 3,
          "Plan Width": 8,
          "Actual Startup Time": 395.865,
          "Actual Total Time": 425.8,
          "Actual Rows": 4,
          "Actual Loops": 1,
          "Workers Planned": 3,
          "Workers Launched": 3,
          "Single Copy": false,
          "Plans": [
            {
              "Node Type": "Aggregate",
              "Strategy": "Plain",
              "Partial Mode": "Partial",
              "Parent Relationship": "Outer",
              "Parallel Aware": false,
              "Startup Cost": 82961.59,
              "Total Cost": 82961.6,
              "Plan Rows": 1,
              "Plan Width": 8,
              "Actual Startup Time": 387.158,
              "Actual Total Time": 387.163,
              "Actual Rows": 1,
              "Actual Loops": 4,
              "Plans": [
                {
                  "Node Type": "Hash Join",
                  "Parent Relationship": "Outer",
                  "Parallel Aware": true,
                  "Join Type": "Inner",
                  "Startup Cost": 56303.66,
                  "Total Cost": 82812.52,
                  "Plan Rows": 59628,
                  "Plan Width": 0,
                  "Actual Startup Time": 289.191,
                  "Actual Total Time": 384.318,
                  "Actual Rows": 34193,
                  "Actual Loops": 4,
                  "Inner Unique": true,
                  "Hash Cond": "(mk.movie_id = t.id)",
                  "Plans": [
                    {
                      "Node Type": "Bitmap Heap Scan",
                      "Parent Relationship": "Outer",
                      "Parallel Aware": true,
                      "Relation Name": "movie_keyword",
                      "Alias": "mk",
                      "Startup Cost": 8936.45,
                      "Total Cost": 35088.68,
                      "Plan Rows": 135859,
                      "Plan Width": 4,
                      "Actual Startup Time": 38.169,
                      "Actual Total Time": 96.838,
                      "Actual Rows": 104257,
                      "Actual Loops": 4,
                      "Recheck Cond": "(keyword_id > 41744)",
                      "Rows Removed by Index Recheck": 0,
                      "Exact Heap Blocks": 7058,
                      "Lossy Heap Blocks": 0,
                      "Plans": [
                        {
                          "Node Type": "Bitmap Index Scan",
                          "Parent Relationship": "Outer",
                          "Parallel Aware": false,
                          "Index Name": "keyword_id_movie_keyword",
                          "Startup Cost": 0.0,
                          "Total Cost": 8831.16,
                          "Plan Rows": 421163,
                          "Plan Width": 0,
                          "Actual Startup Time": 32.786,
                          "Actual Total Time": 32.787,
                          "Actual Rows": 417029,
                          "Actual Loops": 1,
                          "Index Cond": "(keyword_id > 41744)"
                        }
                      ]
                    },
                    {
                      "Node Type": "Hash",
                      "Parent Relationship": "Inner",
                      "Parallel Aware": true,
                      "Startup Cost": 43899.32,
                      "Total Cost": 43899.32,
                      "Plan Rows": 277431,
                      "Plan Width": 4,
                      "Actual Startup Time": 245.452,
                      "Actual Total Time": 245.453,
                      "Actual Rows": 276981,
                      "Actual Loops": 4,
                      "Hash Buckets": 2097152,
                      "Original Hash Buckets": 2097152,
                      "Hash Batches": 1,
                      "Original Hash Batches": 1,
                      "Peak Memory Usage": 59808,
                      "Plans": [
                        {
                          "Node Type": "Seq Scan",
                          "Parent Relationship": "Outer",
                          "Parallel Aware": true,
                          "Relation Name": "title",
                          "Alias": "t",
                          "Startup Cost": 0.0,
                          "Total Cost": 43899.32,
                          "Plan Rows": 277431,
                          "Plan Width": 4,
                          "Actual Startup Time": 0.037,
                          "Actual Total Time": 125.055,
                          "Actual Rows": 276981,
                          "Actual Loops": 4,
                          "Filter": "(production_year > 2004)",
                          "Rows Removed by Filter": 355097
                        }
                      ]
                    }
                  ]
                }
              ]
            }
          ]
        }
      ]
    },
    "Planning Time": 0.356,
    "Triggers": [],
    "Execution Time": 425.875
  }
]