[
  {
    "Plan": {
      "Node Type": "Aggregate",
      "Strategy": "Plain",
      "Partial Mode": "Finalize",
      "Parallel Aware": false,
      "Startup Cost": 84186.24,
      "Total Cost": 84186.25,
      "Plan Rows": 1,
      "Plan Width": 8,
      "Actual Startup Time": 365.648,
      "Actual Total Time": 383.113,
      "Actual Rows": 1,
      "Actual Loops": 1,
      "Plans": [
        {
          "Node Type": "Gather",
          "Parent Relationship": "Outer",
          "Parallel Aware": false,
          "Startup Cost": 84185.92,
          "Total Cost": 84186.23,
          "Plan Rows": 3,
          "Plan Width": 8,
          "Actual Startup Time": 357.834,
          "Actual Total Time": 383.103,
          "Actual Rows": 4,
          "Actual Loops": 1,
          "Workers Planned": 3,
          "Workers Launched": 3,
          "Single Copy": false,
          "Plans": [
            {
              "Node Type": "Aggregate",
              "Strategy": "Plain",
              "Partial Mode": "Partial",
              "Parent Relationship": "Outer",
              "Parallel Aware": false,
              "Startup Cost": 83185.92,
              "Total Cost": 83185.93,
              "Plan Rows": 1,
              "Plan Width": 8,
              "Actual Startup Time": 344.653,
              "Actual Total Time": 344.656,
              "Actual Rows": 1,
              "Actual Loops": 4,
              "Plans": [
                {
                  "Node Type": "Hash Join",
                  "Parent Relationship": "Outer",
                  "Parallel Aware": true,
                  "Join Type": "Inner",
                  "Startup Cost": 56488.59,
                  "Total Cost": 83032.83,
                  "Plan Rows": 61238,
                  "Plan Width": 0,
                  "Actual Startup Time": 260.25,
                  "Actual Total Time": 342.485,
                  "Actual Rows": 34193,
                  "Actual Loops": 4,
                  "Inner Unique": true,
                  "Hash Cond": "(mk.movie_id = t.id)",
                  "Plans": [
                    {
                      "Node Type": "Bitmap Heap Scan",
                      "Parent Relationship": "Outer",
                      "Parallel Aware": true,
                      "Relation Name": "movie_keyword",
                      "Alias": "mk",
                      "Startup Cost": 9088.63,
                      "Total Cost": 35270.09,
                      "Plan Rows": 138197,
                      "Plan Width": 4,
                      "Actual Startup Time": 27.939,
                      "Actual Total Time": 82.301,
                      "Actual Rows": 104257,
                      "Actual Loops": 4,
                      "Recheck Cond": "(keyword_id > 41744)",
                      "Rows Removed by Index Recheck": 0,
                      "Exact Heap Blocks": 7233,
                      "Lossy Heap Blocks": 0,
                      "Plans": [
                        {
                          "Node Type": "Bitmap Index Scan",
                          "Parent Relationship": "Outer",
                          "Parallel Aware": false,
                          "Index Name": "keyword_id_movie_keyword",
                          "Startup Cost": 0.0,
                          "Total Cost": 8981.52,
                          "Plan Rows": 428412,
                          "Plan Width": 0,
                          "Actual Startup Time": 24.522,
                          "Actual Total Time": 24.523,
                          "Actual Rows": 417029,
                          "Actual Loops": 1,
                          "Index Cond": "(keyword_id > 41744)"
                        }
                      ]
                    },
                    {
                      "Node Type": "Hash",
                      "Parent Relationship": "Inner",
                      "Parallel Aware": true,
                      "Startup Cost": 43898.92,
                      "Total Cost": 43898.92,
                      "Plan Rows": 280084,
                      "Plan Width": 4,
                      "Actual Startup Time": 224.529,
                      "Actual Total Time": 224.53,
                      "Actual Rows": 276981,
                      "Actual Loops": 4,
                      "Hash Buckets": 2097152,
                      "Original Hash Buckets": 2097152,
                      "Hash Batches": 1,
                      "Original Hash Batches": 1,
                      "Peak Memory Usage": 59808,
                      "Plans": [
                        {
                          "Node Type": "Seq Scan",
                          "Parent Relationship": "Outer",
                          "Parallel Aware": true,
                          "Relation Name": "title",
                          "Alias": "t",
                          "Startup Cost": 0.0,
                          "Total Cost": 43898.92,
                          "Plan Rows": 280084,
                          "Plan Width": 4,
                          "Actual Startup Time": 0.036,
                          "Actual Total Time": 110.187,
                          "Actual Rows": 276981,
                          "Actual Loops": 4,
                          "Filter": "(production_year > 2004)",
                          "Rows Removed by Filter": 355097
                        }
                      ]
                    }
                  ]
                }
              ]
            }
          ]
        }
      ]
    },
    "Planning Time": 0.6,
    "Triggers": [],
    "Execution Time": 383.215
  }
]