[
  {
    "Plan": {
      "Node Type": "Aggregate",
      "Strategy": "Plain",
      "Partial Mode": "Finalize",
      "Parallel Aware": false,
      "Startup Cost": 441071.83,
      "Total Cost": 441071.84,
      "Plan Rows": 1,
      "Plan Width": 8,
      "Actual Startup Time": 1865.413,
      "Actual Total Time": 1946.886,
      "Actual Rows": 1,
      "Actual Loops": 1,
      "Plans": [
        {
          "Node Type": "Gather",
          "Parent Relationship": "Outer",
          "Parallel Aware": false,
          "Startup Cost": 441071.2,
          "Total Cost": 441071.81,
          "Plan Rows": 6,
          "Plan Width": 8,
          "Actual Startup Time": 1859.685,
          "Actual Total Time": 1946.871,
          "Actual Rows": 7,
          "Actual Loops": 1,
          "Workers Planned": 6,
          "Workers Launched": 6,
          "Single Copy": false,
          "Plans": [
            {
              "Node Type": "Aggregate",
              "Strategy": "Plain",
              "Partial Mode": "Partial",
              "Parent Relationship": "Outer",
              "Parallel Aware": false,
              "Startup Cost": 440071.2,
              "Total Cost": 440071.21,
              "Plan Rows": 1,
              "Plan Width": 8,
              "Actual Startup Time": 1850.024,
              "Actual Total Time": 1850.151,
              "Actual Rows": 1,
              "Actual Loops": 7,
              "Plans": [
                {
                  "Node Type": "Hash Join",
                  "Parent Relationship": "Outer",
                  "Parallel Aware": true,
                  "Join Type": "Inner",
                  "Startup Cost": 96238.01,
                  "Total Cost": 436547.96,
                  "Plan Rows": 1409296,
                  "Plan Width": 0,
                  "Actual Startup Time": 343.739,
                  "Actual Total Time": 1795.094,
                  "Actual Rows": 1161547,
                  "Actual Loops": 7,
                  "Inner Unique": false,
                  "Hash Cond": "(ci.movie_id = t.id)",
                  "Plans": [
                    {
                      "Node Type": "Seq Scan",
                      "Parent Relationship": "Outer",
                      "Parallel Aware": true,
                      "Relation Name": "cast_info",
                      "Alias": "ci",
                      "Startup Cost": 0.0,
                      "Total Cost": 313106.51,
                      "Plan Rows": 6041951,
                      "Plan Width": 4,
                      "Actual Startup Time": 0.041,
                      "Actual Total Time": 590.451,
                      "Actual Rows": 5177763,
                      "Actual Loops": 7
                    },
                    {
                      "Node Type": "Hash",
                      "Parent Relationship": "Inner",
                      "Parallel Aware": true,
                      "Startup Cost": 93859.95,
                      "Total Cost": 93859.95,
                      "Plan Rows": 190245,
                      "Plan Width": 8,
                      "Actual Startup Time": 341.207,
                      "Actual Total Time": 341.332,
                      "Actual Rows": 42974,
                      "Actual Loops": 7,
                      "Hash Buckets": 1048576,
                      "Original Hash Buckets": 1048576,
                      "Hash Batches": 1,
                      "Original Hash Batches": 1,
                      "Peak Memory Usage": 20064,
                      "Plans": [
                        {
                          "Node Type": "Hash Join",
                          "Parent Relationship": "Outer",
                          "Parallel Aware": true,
                          "Join Type": "Inner",
                          "Startup Cost": 50354.95,
                          "Total Cost": 93859.95,
                          "Plan Rows": 190245,
                          "Plan Width": 8,
                          "Actual Startup Time": 215.89,
                          "Actual Total Time": 324.381,
                          "Actual Rows": 42974,
                          "Actual Loops": 7,
                          "Inner Unique": true,
                          "Hash Cond": "(mk.movie_id = t.id)",
                          "Plans": [
                            {
                              "Node Type": "Seq Scan",
                              "Parent Relationship": "Outer",
                              "Parallel Aware": true,
                              "Relation Name": "movie_keyword",
                              "Alias": "mk",
                              "Startup Cost": 0.0,
                              "Total Cost": 42695.65,
                              "Plan Rows": 308323,
                              "Plan Width": 4,
                              "Actual Startup Time": 0.023,
                              "Actual Total Time": 71.389,
                              "Actual Rows": 137284,
                              "Actual Loops": 7,
                              "Filter": "(keyword_id < 903)",
                              "Rows Removed by Filter": 508992
                            },
                            {
                              "Node Type": "Hash",
                              "Parent Relationship": "Inner",
                              "Parallel Aware": true,
                              "Startup Cost": 45479.59,
                              "Total Cost": 45479.59,
                              "Plan Rows": 390029,
                              "Plan Width": 4,
                              "Actual Startup Time": 213.5,
                              "Actual Total Time": 213.501,
                              "Actual Rows": 221005,
                              "Actual Loops": 7,
                              "Hash Buckets": 2097152,
                              "Original Hash Buckets": 2097152,
                              "Hash Batches": 1,
                              "Original Hash Batches": 1,
                              "Peak Memory Usage": 77024,
                              "Plans": [
                                {
                                  "Node Type": "Seq Scan",
                                  "Parent Relationship": "Outer",
                                  "Parallel Aware": true,
                                  "Relation Name": "title",
                                  "Alias": "t",
                                  "Startup Cost": 0.0,
                                  "Total Cost": 45479.59,
                                  "Plan Rows": 390029,
                                  "Plan Width": 4,
                                  "Actual Startup Time": 0.054,
                                  "Actual Total Time": 91.471,
                                  "Actual Rows": 221005,
                                  "Actual Loops": 7,
                                  "Filter": "((kind_id > 2) AND (production_year < 2012))",
                                  "Rows Removed by Filter": 140183
                                }
                              ]
                            }
                          ]
                        }
                      ]
                    }
                  ]
                }
              ]
            }
          ]
        }
      ]
    },
    "Planning Time": 0.593,
    "Triggers": [],
    "Execution Time": 1946.96
  }
]