[
  {
    "Plan": {
      "Node Type": "Aggregate",
      "Strategy": "Plain",
      "Partial Mode": "Finalize",
      "Parallel Aware": false,
      "Startup Cost": 121562.68,
      "Total Cost": 121562.69,
      "Plan Rows": 1,
      "Plan Width": 8,
      "Actual Startup Time": 1075.711,
      "Actual Total Time": 1133.652,
      "Actual Rows": 1,
      "Actual Loops": 1,
      "Plans": [
        {
          "Node Type": "Gather",
          "Parent Relationship": "Outer",
          "Parallel Aware": false,
          "Startup Cost": 121562.36,
          "Total Cost": 121562.67,
          "Plan Rows": 3,
          "Plan Width": 8,
          "Actual Startup Time": 1070.651,
          "Actual Total Time": 1133.644,
          "Actual Rows": 4,
          "Actual Loops": 1,
          "Workers Planned": 3,
          "Workers Launched": 3,
          "Single Copy": false,
          "Plans": [
            {
              "Node Type": "Aggregate",
              "Strategy": "Plain",
              "Partial Mode": "Partial",
              "Parent Relationship": "Outer",
              "Parallel Aware": false,
              "Startup Cost": 120562.36,
              "Total Cost": 120562.37,
              "Plan Rows": 1,
              "Plan Width": 8,
              "Actual Startup Time": 1061.386,
              "Actual Total Time": 1061.39,
              "Actual Rows": 1,
              "Actual Loops": 4,
              "Plans": [
                {
                  "Node Type": "Nested Loop",
                  "Parent Relationship": "Outer",
                  "Parallel Aware": false,
                  "Join Type": "Inner",
                  "Startup Cost": 51437.23,
                  "Total Cost": 120378.41,
                  "Plan Rows": 73581,
                  "Plan Width": 0,
                  "Actual Startup Time": 190.309,
                  "Actual Total Time": 993.845,
                  "Actual Rows": 1300957,
                  "Actual Loops": 4,
                  "Inner Unique": false,
                  "Plans": [
                    {
                      "Node Type": "Hash Join",
                      "Parent Relationship": "Outer",
                      "Parallel Aware": true,
                      "Join Type": "Inner",
                      "Startup Cost": 51436.79,
                      "Total Cost": 76927.42,
                      "Plan Rows": 12584,
                      "Plan Width": 8,
                      "Actual Startup Time": 190.211,
                      "Actual Total Time": 257.205,
                      "Actual Rows": 33574,
                      "Actual Loops": 4,
                      "Inner Unique": true,
                      "Hash Cond": "(mk.movie_id = t.id)",
                      "Plans": [
                        {
                          "Node Type": "Bitmap Heap Scan",
                          "Parent Relationship": "Outer",
                          "Parallel Aware": true,
                          "Relation Name": "movie_keyword",
                          "Alias": "mk",
                          "Startup Cost": 4507.04,
                          "Total Cost": 29817.76,
                          "Plan Rows": 68537,
                          "Plan Width": 4,
                          "Actual Startup Time": 17.471,
                          "Actual Total Time": 56.525,
                          "Actual Rows": 55527,
                          "Actual Loops": 4,
                          "Recheck Cond": "(keyword_id < 178)",
                          "Rows Removed by Index Recheck": 0,
                          "Exact Heap Blocks": 8518,
                          "Lossy Heap Blocks": 0,
                          "Plans": [
                            {
                              "Node Type": "Bitmap Index Scan",
                              "Parent Relationship": "Outer",
                              "Parallel Aware": false,
                              "Index Name": "keyword_id_movie_keyword",
                              "Startup Cost": 0.0,
                              "Total Cost": 4453.93,
                              "Plan Rows": 212466,
                              "Plan Width": 0,
                              "Actual Startup Time": 13.866,
                              "Actual Total Time": 13.867,
                              "Actual Rows": 222109,
                              "Actual Loops": 1,
                              "Index Cond": "(keyword_id < 178)"
                            }
                          ]
                        },
                        {
                          "Node Type": "Hash",
                          "Parent Relationship": "Inner",
                          "Parallel Aware": true,
                          "Startup Cost": 45479.1,
                          "Total Cost": 45479.1,
                          "Plan Rows": 116052,
                          "Plan Width": 4,
                          "Actual Startup Time": 169.378,
                          "Actual Total Time": 169.379,
                          "Actual Rows": 139373,
                          "Actual Loops": 4,
                          "Hash Buckets": 1048576,
                          "Original Hash Buckets": 524288,
                          "Hash Batches": 1,
                          "Original Hash Batches": 1,
                          "Peak Memory Usage": 34176,
                          "Plans": [
                            {
                              "Node Type": "Seq Scan",
                              "Parent Relationship": "Outer",
                              "Parallel Aware": true,
                              "Relation Name": "title",
                              "Alias": "t",
                              "Startup Cost": 0.0,
                              "Total Cost": 45479.1,
                              "Plan Rows": 116052,
                              "Plan Width": 4,
                              "Actual Startup Time": 0.057,
                              "Actual Total Time": 107.69,
                              "Actual Rows": 139373,
                              "Actual Loops": 4,
                              "Filter": "((kind_id < 7) AND (production_year < 2003))",
                              "Rows Removed by Filter": 492705
                            }
                          ]
                        }
                      ]
                    },
                    {
                      "Node Type": "Index Only Scan",
                      "Parent Relationship": "Inner",
                      "Parallel Aware": false,
                      "Scan Direction": "Forward",
                      "Index Name": "movie_id_movie_info",
                      "Relation Name": "movie_info",
                      "Alias": "mi",
                      "Startup Cost": 0.43,
                      "Total Cost": 3.03,
                      "Plan Rows": 42,
                      "Plan Width": 4,
                      "Actual Startup Time": 0.005,
                      "Actual Total Time": 0.019,
                      "Actual Rows": 39,
                      "Actual Loops": 134294,
                      "Index Cond": "(movie_id = t.id)",
                      "Rows Removed by Index Recheck": 0,
                      "Heap Fetches": 5203829
                    }
                  ]
                }
              ]
            }
          ]
        }
      ]
    },
    "Planning Time": 1.47,
    "Triggers": [],
    "Execution Time": 1133.808
  }
]