[
  {
    "Plan": {
      "Node Type": "Aggregate",
      "Strategy": "Plain",
      "Partial Mode": "Finalize",
      "Parallel Aware": false,
      "Startup Cost": 80213.79,
      "Total Cost": 80213.8,
      "Plan Rows": 1,
      "Plan Width": 8,
      "Actual Startup Time": 264.58,
      "Actual Total Time": 280.911,
      "Actual Rows": 1,
      "Actual Loops": 1,
      "Plans": [
        {
          "Node Type": "Gather",
          "Parent Relationship": "Outer",
          "Parallel Aware": false,
          "Startup Cost": 80213.37,
          "Total Cost": 80213.78,
          "Plan Rows": 4,
          "Plan Width": 8,
          "Actual Startup Time": 263.254,
          "Actual Total Time": 280.899,
          "Actual Rows": 5,
          "Actual Loops": 1,
          "Workers Planned": 4,
          "Workers Launched": 4,
          "Single Copy": false,
          "Plans": [
            {
              "Node Type": "Aggregate",
              "Strategy": "Plain",
              "Partial Mode": "Partial",
              "Parent Relationship": "Outer",
              "Parallel Aware": false,
              "Startup Cost": 79213.37,
              "Total Cost": 79213.38,
              "Plan Rows": 1,
              "Plan Width": 8,
              "Actual Startup Time": 253.649,
              "Actual Total Time": 253.652,
              "Actual Rows": 1,
              "Actual Loops": 5,
              "Plans": [
                {
                  "Node Type": "Hash Join",
                  "Parent Relationship": "Outer",
                  "Parallel Aware": true,
                  "Join Type": "Inner",
                  "Startup Cost": 33042.19,
                  "Total Cost": 79060.04,
                  "Plan Rows": 61332,
                  "Plan Width": 0,
                  "Actual Startup Time": 97.245,
                  "Actual Total Time": 251.878,
                  "Actual Rows": 23939,
                  "Actual Loops": 5,
                  "Inner Unique": false,
                  "Hash Cond": "(t.id = mc.movie_id)",
                  "Plans": [
                    {
                      "Node Type": "Seq Scan",
                      "Parent Relationship": "Outer",
                      "Parallel Aware": true,
                      "Relation Name": "title",
                      "Alias": "t",
                      "Startup Cost": 0.0,
                      "Total Cost": 43898.92,
                      "Plan Rows": 384216,
                      "Plan Width": 4,
                      "Actual Startup Time": 0.017,
                      "Actual Total Time": 90.746,
                      "Actual Rows": 308653,
                      "Actual Loops": 5,
                      "Filter": "(kind_id = 7)",
                      "Rows Removed by Filter": 197010
                    },
                    {
                      "Node Type": "Hash",
                      "Parent Relationship": "Inner",
                      "Parallel Aware": true,
                      "Startup Cost": 31414.82,
                      "Total Cost": 31414.82,
                      "Plan Rows": 130190,
                      "Plan Width": 4,
                      "Actual Startup Time": 94.157,
                      "Actual Total Time": 94.158,
                      "Actual Rows": 46078,
                      "Actual Loops": 5,
                      "Hash Buckets": 524288,
                      "Original Hash Buckets": 524288,
                      "Hash Batches": 1,
                      "Original Hash Batches": 1,
                      "Peak Memory Usage": 13184,
                      "Plans": [
                        {
                          "Node Type": "Seq Scan",
                          "Parent Relationship": "Outer",
                          "Parallel Aware": true,
                          "Relation Name": "movie_companies",
                          "Alias": "mc",
                          "Startup Cost": 0.0,
                          "Total Cost": 31414.82,
                          "Plan Rows": 130190,
                          "Plan Width": 4,
                          "Actual Startup Time": 45.446,
                          "Actual Total Time": 77.601,
                          "Actual Rows": 46078,
                          "Actual Loops": 5,
                          "Filter": "((company_id < 1705) AND (company_type_id > 1))",
                          "Rows Removed by Filter": 475747
                        }
                      ]
                    }
                  ]
                }
              ]
            }
          ]
        }
      ]
    },
    "Planning Time": 0.651,
    "Triggers": [],
    "Execution Time": 280.986
  }
]