[
  {
    "Plan": {
      "Node Type": "Aggregate",
      "Strategy": "Plain",
      "Partial Mode": "Finalize",
      "Parallel Aware": false,
      "Startup Cost": 70599.18,
      "Total Cost": 70599.19,
      "Plan Rows": 1,
      "Plan Width": 8,
      "Actual Startup Time": 100.805,
      "Actual Total Time": 114.186,
      "Actual Rows": 1,
      "Actual Loops": 1,
      "Plans": [
        {
          "Node Type": "Gather",
          "Parent Relationship": "Outer",
          "Parallel Aware": false,
          "Startup Cost": 70598.76,
          "Total Cost": 70599.17,
          "Plan Rows": 4,
          "Plan Width": 8,
          "Actual Startup Time": 100.621,
          "Actual Total Time": 114.18,
          "Actual Rows": 5,
          "Actual Loops": 1,
          "Workers Planned": 4,
          "Workers Launched": 4,
          "Single Copy": false,
          "Plans": [
            {
              "Node Type": "Aggregate",
              "Strategy": "Plain",
              "Partial Mode": "Partial",
              "Parent Relationship": "Outer",
              "Parallel Aware": false,
              "Startup Cost": 69598.76,
              "Total Cost": 69598.77,
              "Plan Rows": 1,
              "Plan Width": 8,
              "Actual Startup Time": 90.968,
              "Actual Total Time": 90.969,
              "Actual Rows": 1,
              "Actual Loops": 5,
              "Plans": [
                {
                  "Node Type": "Nested Loop",
                  "Parent Relationship": "Outer",
                  "Parallel Aware": false,
                  "Join Type": "Inner",
                  "Startup Cost": 0.43,
                  "Total Cost": 69595.76,
                  "Plan Rows": 1198,
                  "Plan Width": 0,
                  "Actual Startup Time": 0.64,
                  "Actual Total Time": 90.854,
                  "Actual Rows": 720,
                  "Actual Loops": 5,
                  "Inner Unique": false,
                  "Plans": [
                    {
                      "Node Type": "Seq Scan",
                      "Parent Relationship": "Outer",
                      "Parallel Aware": true,
                      "Relation Name": "title",
                      "Alias": "t",
                      "Startup Cost": 0.0,
                      "Total Cost": 45479.59,
                      "Plan Rows": 2375,
                      "Plan Width": 4,
                      "Actual Startup Time": 0.276,
                      "Actual Total Time": 79.804,
                      "Actual Rows": 1565,
                      "Actual Loops": 5,
                      "Filter": "((kind_id > 3) AND (production_year = 1965))",
                      "Rows Removed by Filter": 504097
                    },
                    {
                      "Node Type": "Index Scan",
                      "Parent Relationship": "Inner",
                      "Parallel Aware": false,
                      "Scan Direction": "Forward",
                      "Index Name": "movie_id_movie_companies",
                      "Relation Name": "movie_companies",
                      "Alias": "mc",
                      "Startup Cost": 0.43,
                      "Total Cost": 10.12,
                      "Plan Rows": 3,
                      "Plan Width": 4,
                      "Actual Startup Time": 0.006,
                      "Actual Total Time": 0.007,
                      "Actual Rows": 0,
                      "Actual Loops": 7826,
                      "Index Cond": "(movie_id = t.id)",
                      "Rows Removed by Index Recheck": 0,
                      "Filter": "(company_type_id < 2)",
                      "Rows Removed by Filter": 1
                    }
                  ]
                }
              ]
            }
          ]
        }
      ]
    },
    "Planning Time": 0.275,
    "Triggers": [],
    "Execution Time": 114.223
  }
]