[
  {
    "Plan": {
      "Node Type": "Aggregate",
      "Strategy": "Plain",
      "Partial Mode": "Finalize",
      "Parallel Aware": false,
      "Startup Cost": 249655.3,
      "Total Cost": 249655.31,
      "Plan Rows": 1,
      "Plan Width": 8,
      "Actual Startup Time": 638.877,
      "Actual Total Time": 679.405,
      "Actual Rows": 1,
      "Actual Loops": 1,
      "Plans": [
        {
          "Node Type": "Gather",
          "Parent Relationship": "Outer",
          "Parallel Aware": false,
          "Startup Cost": 249654.77,
          "Total Cost": 249655.28,
          "Plan Rows": 5,
          "Plan Width": 8,
          "Actual Startup Time": 637.286,
          "Actual Total Time": 679.395,
          "Actual Rows": 6,
          "Actual Loops": 1,
          "Workers Planned": 5,
          "Workers Launched": 5,
          "Single Copy": false,
          "Plans": [
            {
              "Node Type": "Aggregate",
              "Strategy": "Plain",
              "Partial Mode": "Partial",
              "Parent Relationship": "Outer",
              "Parallel Aware": false,
              "Startup Cost": 248654.77,
              "Total Cost": 248654.78,
              "Plan Rows": 1,
              "Plan Width": 8,
              "Actual Startup Time": 631.325,
              "Actual Total Time": 631.338,
              "Actual Rows": 1,
              "Actual Loops": 6,
              "Plans": [
                {
                  "Node Type": "Hash Join",
                  "Parent Relationship": "Outer",
                  "Parallel Aware": true,
                  "Join Type": "Inner",
                  "Startup Cost": 45615.61,
                  "Total Cost": 248591.36,
                  "Plan Rows": 25365,
                  "Plan Width": 0,
                  "Actual Startup Time": 104.626,
                  "Actual Total Time": 620.403,
                  "Actual Rows": 230326,
                  "Actual Loops": 6,
                  "Inner Unique": true,
                  "Hash Cond": "(mi.movie_id = t.id)",
                  "Plans": [
                    {
                      "Node Type": "Seq Scan",
                      "Parent Relationship": "Outer",
                      "Parallel Aware": true,
                      "Relation Name": "movie_info",
                      "Alias": "mi",
                      "Startup Cost": 0.0,
                      "Total Cost": 199108.24,
                      "Plan Rows": 1473332,
                      "Plan Width": 4,
                      "Actual Startup Time": 0.029,
                      "Actual Total Time": 361.316,
                      "Actual Rows": 1214478,
                      "Actual Loops": 6,
                      "Filter": "(info_type_id < 8)",
                      "Rows Removed by Filter": 1258142
                    },
                    {
                      "Node Type": "Hash",
                      "Parent Relationship": "Inner",
                      "Parallel Aware": true,
                      "Startup Cost": 45479.59,
                      "Total Cost": 45479.59,
                      "Plan Rows": 10882,
                      "Plan Width": 4,
                      "Actual Startup Time": 92.757,
                      "Actual Total Time": 92.768,
                      "Actual Rows": 28158,
                      "Actual Loops": 6,
                      "Hash Buckets": 262144,
                      "Original Hash Buckets": 65536,
                      "Hash Batches": 1,
                      "Original Hash Batches": 1,
                      "Peak Memory Usage": 10240,
                      "Plans": [
                        {
                          "Node Type": "Seq Scan",
                          "Parent Relationship": "Outer",
                          "Parallel Aware": true,
                          "Relation Name": "title",
                          "Alias": "t",
                          "Startup Cost": 0.0,
                          "Total Cost": 45479.59,
                          "Plan Rows": 10882,
                          "Plan Width": 4,
                          "Actual Startup Time": 46.352,
                          "Actual Total Time": 75.83,
                          "Actual Rows": 28158,
                          "Actual Loops": 6,
                          "Filter": "((production_year < 1953) AND (kind_id = 1))",
                          "Rows Removed by Filter": 393227
                        }
                      ]
                    }
                  ]
                }
              ]
            }
          ]
        }
      ]
    },
    "Planning Time": 0.543,
    "Triggers": [],
    "Execution Time": 679.458
  }
]