[
  {
    "Plan": {
      "Node Type": "Aggregate",
      "Strategy": "Plain",
      "Partial Mode": "Finalize",
      "Parallel Aware": false,
      "Startup Cost": 46728.32,
      "Total Cost": 46728.33,
      "Plan Rows": 1,
      "Plan Width": 8,
      "Actual Startup Time": 168.098,
      "Actual Total Time": 177.733,
      "Actual Rows": 1,
      "Actual Loops": 1,
      "Plans": [
        {
          "Node Type": "Gather",
          "Parent Relationship": "Outer",
          "Parallel Aware": false,
          "Startup Cost": 46728.0,
          "Total Cost": 46728.31,
          "Plan Rows": 3,
          "Plan Width": 8,
          "Actual Startup Time": 167.971,
          "Actual Total Time": 177.723,
          "Actual Rows": 4,
          "Actual Loops": 1,
          "Workers Planned": 3,
          "Workers Launched": 3,
          "Single Copy": false,
          "Plans": [
            {
              "Node Type": "Aggregate",
              "Strategy": "Plain",
              "Partial Mode": "Partial",
              "Parent Relationship": "Outer",
              "Parallel Aware": false,
              "Startup Cost": 45728.0,
              "Total Cost": 45728.01,
              "Plan Rows": 1,
              "Plan Width": 8,
              "Actual Startup Time": 161.685,
              "Actual Total Time": 161.687,
              "Actual Rows": 1,
              "Actual Loops": 4,
              "Plans": [
                {
                  "Node Type": "Seq Scan",
                  "Parent Relationship": "Outer",
                  "Parallel Aware": true,
                  "Relation Name": "movie_keyword",
                  "Alias": "mk",
                  "Startup Cost": 0.0,
                  "Total Cost": 42695.65,
                  "Plan Rows": 1212939,
                  "Plan Width": 0,
                  "Actual Startup Time": 0.107,
                  "Actual Total Time": 121.375,
                  "Actual Rows": 936823,
                  "Actual Loops": 4,
                  "Filter": "(keyword_id > 733)",
                  "Rows Removed by Filter": 194160
                }
              ]
            }
          ]
        }
      ]
    },
    "Planning Time": 0.185,
    "Triggers": [],
    "Execution Time": 177.79
  }
]