[
  {
    "Plan": {
      "Node Type": "Aggregate",
      "Strategy": "Plain",
      "Partial Mode": "Finalize",
      "Parallel Aware": false,
      "Startup Cost": 89404.26,
      "Total Cost": 89404.27,
      "Plan Rows": 1,
      "Plan Width": 8,
      "Actual Startup Time": 249.197,
      "Actual Total Time": 266.396,
      "Actual Rows": 1,
      "Actual Loops": 1,
      "Plans": [
        {
          "Node Type": "Gather",
          "Parent Relationship": "Outer",
          "Parallel Aware": false,
          "Startup Cost": 89403.95,
          "Total Cost": 89404.26,
          "Plan Rows": 3,
          "Plan Width": 8,
          "Actual Startup Time": 248.717,
          "Actual Total Time": 266.388,
          "Actual Rows": 4,
          "Actual Loops": 1,
          "Workers Planned": 3,
          "Workers Launched": 3,
          "Single Copy": false,
          "Plans": [
            {
              "Node Type": "Aggregate",
              "Strategy": "Plain",
              "Partial Mode": "Partial",
              "Parent Relationship": "Outer",
              "Parallel Aware": false,
              "Startup Cost": 88403.95,
              "Total Cost": 88403.96,
              "Plan Rows": 1,
              "Plan Width": 8,
              "Actual Startup Time": 240.116,
              "Actual Total Time": 240.12,
              "Actual Rows": 1,
              "Actual Loops": 4,
              "Plans": [
                {
                  "Node Type": "Hash Join",
                  "Parent Relationship": "Outer",
                  "Parallel Aware": true,
                  "Join Type": "Inner",
                  "Startup Cost": 44203.1,
                  "Total Cost": 88350.71,
                  "Plan Rows": 21295,
                  "Plan Width": 0,
                  "Actual Startup Time": 103.125,
                  "Actual Total Time": 239.247,
                  "Actual Rows": 16891,
                  "Actual Loops": 4,
                  "Inner Unique": true,
                  "Hash Cond": "(mk.movie_id = t.id)",
                  "Plans": [
                    {
                      "Node Type": "Seq Scan",
                      "Parent Relationship": "Outer",
                      "Parallel Aware": true,
                      "Relation Name": "movie_keyword",
                      "Alias": "mk",
                      "Startup Cost": 0.0,
                      "Total Cost": 42695.65,
                      "Plan Rows": 553125,
                      "Plan Width": 4,
                      "Actual Startup Time": 0.023,
                      "Actual Total Time": 98.79,
                      "Actual Rows": 431360,
                      "Actual Loops": 4,
                      "Filter": "(keyword_id < 2795)",
                      "Rows Removed by Filter": 699622
                    },
                    {
                      "Node Type": "Hash",
                      "Parent Relationship": "Inner",
                      "Parallel Aware": true,
                      "Startup Cost": 43898.92,
                      "Total Cost": 43898.92,
                      "Plan Rows": 24335,
                      "Plan Width": 4,
                      "Actual Startup Time": 101.122,
                      "Actual Total Time": 101.125,
                      "Actual Rows": 23751,
                      "Actual Loops": 4,
                      "Hash Buckets": 131072,
                      "Original Hash Buckets": 131072,
                      "Hash Batches": 1,
                      "Original Hash Batches": 1,
                      "Peak Memory Usage": 4800,
                      "Plans": [
                        {
                          "Node Type": "Seq Scan",
                          "Parent Relationship": "Outer",
                          "Parallel Aware": true,
                          "Relation Name": "title",
                          "Alias": "t",
                          "Startup Cost": 0.0,
                          "Total Cost": 43898.92,
                          "Plan Rows": 24335,
                          "Plan Width": 4,
                          "Actual Startup Time": 0.051,
                          "Actual Total Time": 92.602,
                          "Actual Rows": 23751,
                          "Actual Loops": 4,
                          "Filter": "(production_year = 2005)",
                          "Rows Removed by Filter": 608327
                        }
                      ]
                    }
                  ]
                }
              ]
            }
          ]
        }
      ]
    },
    "Planning Time": 0.59,
    "Triggers": [],
    "Execution Time": 266.465
  }
]