[
  {
    "Plan": {
      "Node Type": "Aggregate",
      "Strategy": "Plain",
      "Partial Mode": "Finalize",
      "Parallel Aware": false,
      "Startup Cost": 46689.83,
      "Total Cost": 46689.84,
      "Plan Rows": 1,
      "Plan Width": 8,
      "Actual Startup Time": 154.249,
      "Actual Total Time": 163.796,
      "Actual Rows": 1,
      "Actual Loops": 1,
      "Plans": [
        {
          "Node Type": "Gather",
          "Parent Relationship": "Outer",
          "Parallel Aware": false,
          "Startup Cost": 46689.51,
          "Total Cost": 46689.82,
          "Plan Rows": 3,
          "Plan Width": 8,
          "Actual Startup Time": 154.086,
          "Actual Total Time": 163.787,
          "Actual Rows": 4,
          "Actual Loops": 1,
          "Workers Planned": 3,
          "Workers Launched": 3,
          "Single Copy": false,
          "Plans": [
            {
              "Node Type": "Aggregate",
              "Strategy": "Plain",
              "Partial Mode": "Partial",
              "Parent Relationship": "Outer",
              "Parallel Aware": false,
              "Startup Cost": 45689.51,
              "Total Cost": 45689.52,
              "Plan Rows": 1,
              "Plan Width": 8,
              "Actual Startup Time": 149.268,
              "Actual Total Time": 149.269,
              "Actual Rows": 1,
              "Actual Loops": 4,
              "Plans": [
                {
                  "Node Type": "Seq Scan",
                  "Parent Relationship": "Outer",
                  "Parallel Aware": true,
                  "Relation Name": "movie_keyword",
                  "Alias": "mk",
                  "Startup Cost": 0.0,
                  "Total Cost": 42695.65,
                  "Plan Rows": 1197544,
                  "Plan Width": 0,
                  "Actual Startup Time": 0.065,
                  "Actual Total Time": 110.952,
                  "Actual Rows": 928526,
                  "Actual Loops": 4,
                  "Filter": "(keyword_id > 783)",
                  "Rows Removed by Filter": 202456
                }
              ]
            }
          ]
        }
      ]
    },
    "Planning Time": 0.187,
    "Triggers": [],
    "Execution Time": 163.857
  }
]