[
  {
    "Plan": {
      "Node Type": "Aggregate",
      "Strategy": "Plain",
      "Partial Mode": "Finalize",
      "Parallel Aware": false,
      "Startup Cost": 335180.76,
      "Total Cost": 335180.77,
      "Plan Rows": 1,
      "Plan Width": 8,
      "Actual Startup Time": 673.145,
      "Actual Total Time": 702.302,
      "Actual Rows": 1,
      "Actual Loops": 1,
      "Plans": [
        {
          "Node Type": "Gather",
          "Parent Relationship": "Outer",
          "Parallel Aware": false,
          "Startup Cost": 335180.13,
          "Total Cost": 335180.74,
          "Plan Rows": 6,
          "Plan Width": 8,
          "Actual Startup Time": 673.02,
          "Actual Total Time": 702.295,
          "Actual Rows": 7,
          "Actual Loops": 1,
          "Workers Planned": 6,
          "Workers Launched": 6,
          "Single Copy": false,
          "Plans": [
            {
              "Node Type": "Aggregate",
              "Strategy": "Plain",
              "Partial Mode": "Partial",
              "Parent Relationship": "Outer",
              "Parallel Aware": false,
              "Startup Cost": 334180.13,
              "Total Cost": 334180.14,
              "Plan Rows": 1,
              "Plan Width": 8,
              "Actual Startup Time": 665.659,
              "Actual Total Time": 665.66,
              "Actual Rows": 1,
              "Actual Loops": 7,
              "Plans": [
                {
                  "Node Type": "Seq Scan",
                  "Parent Relationship": "Outer",
                  "Parallel Aware": true,
                  "Relation Name": "cast_info",
                  "Alias": "ci",
                  "Startup Cost": 0.0,
                  "Total Cost": 328213.62,
                  "Plan Rows": 2386606,
                  "Plan Width": 0,
                  "Actual Startup Time": 234.119,
                  "Actual Total Time": 565.32,
                  "Actual Rows": 2059293,
                  "Actual Loops": 7,
                  "Filter": "(person_id > 2219215)",
                  "Rows Removed by Filter": 3118470
                }
              ]
            }
          ]
        }
      ]
    },
    "Planning Time": 0.056,
    "Triggers": [],
    "Execution Time": 702.327
  }
]