[
  {
    "Plan": {
      "Node Type": "Aggregate",
      "Strategy": "Plain",
      "Partial Mode": "Finalize",
      "Parallel Aware": false,
      "Startup Cost": 46636.38,
      "Total Cost": 46636.39,
      "Plan Rows": 1,
      "Plan Width": 8,
      "Actual Startup Time": 72.215,
      "Actual Total Time": 79.614,
      "Actual Rows": 1,
      "Actual Loops": 1,
      "Plans": [
        {
          "Node Type": "Gather",
          "Parent Relationship": "Outer",
          "Parallel Aware": false,
          "Startup Cost": 46635.96,
          "Total Cost": 46636.37,
          "Plan Rows": 4,
          "Plan Width": 8,
          "Actual Startup Time": 72.077,
          "Actual Total Time": 79.609,
          "Actual Rows": 5,
          "Actual Loops": 1,
          "Workers Planned": 4,
          "Workers Launched": 4,
          "Single Copy": false,
          "Plans": [
            {
              "Node Type": "Aggregate",
              "Strategy": "Plain",
              "Partial Mode": "Partial",
              "Parent Relationship": "Outer",
              "Parallel Aware": false,
              "Startup Cost": 45635.96,
              "Total Cost": 45635.97,
              "Plan Rows": 1,
              "Plan Width": 8,
              "Actual Startup Time": 67.79,
              "Actual Total Time": 67.791,
              "Actual Rows": 1,
              "Actual Loops": 5,
              "Plans": [
                {
                  "Node Type": "Seq Scan",
                  "Parent Relationship": "Outer",
                  "Parallel Aware": true,
                  "Relation Name": "title",
                  "Alias": "t",
                  "Startup Cost": 0.0,
                  "Total Cost": 45479.21,
                  "Plan Rows": 62699,
                  "Plan Width": 0,
                  "Actual Startup Time": 0.024,
                  "Actual Total Time": 66.071,
                  "Actual Rows": 29092,
                  "Actual Loops": 5,
                  "Filter": "((production_year < 1973) AND (kind_id = 7))",
                  "Rows Removed by Filter": 476571
                }
              ]
            }
          ]
        }
      ]
    },
    "Planning Time": 0.044,
    "Triggers": [],
    "Execution Time": 79.633
  }
]