[
  {
    "Plan": {
      "Node Type": "Aggregate",
      "Strategy": "Plain",
      "Partial Mode": "Finalize",
      "Parallel Aware": false,
      "Startup Cost": 287728.92,
      "Total Cost": 287728.93,
      "Plan Rows": 1,
      "Plan Width": 8,
      "Actual Startup Time": 777.148,
      "Actual Total Time": 802.74,
      "Actual Rows": 1,
      "Actual Loops": 1,
      "Plans": [
        {
          "Node Type": "Gather",
          "Parent Relationship": "Outer",
          "Parallel Aware": false,
          "Startup Cost": 287728.29,
          "Total Cost": 287728.9,
          "Plan Rows": 6,
          "Plan Width": 8,
          "Actual Startup Time": 768.872,
          "Actual Total Time": 802.728,
          "Actual Rows": 7,
          "Actual Loops": 1,
          "Workers Planned": 6,
          "Workers Launched": 6,
          "Single Copy": false,
          "Plans": [
            {
              "Node Type": "Aggregate",
              "Strategy": "Plain",
              "Partial Mode": "Partial",
              "Parent Relationship": "Outer",
              "Parallel Aware": false,
              "Startup Cost": 286728.29,
              "Total Cost": 286728.3,
              "Plan Rows": 1,
              "Plan Width": 8,
              "Actual Startup Time": 757.583,
              "Actual Total Time": 757.656,
              "Actual Rows": 1,
              "Actual Loops": 7,
              "Plans": [
                {
                  "Node Type": "Hash Join",
                  "Parent Relationship": "Outer",
                  "Parallel Aware": true,
                  "Join Type": "Inner",
                  "Startup Cost": 83196.88,
                  "Total Cost": 285895.82,
                  "Plan Rows": 332989,
                  "Plan Width": 0,
                  "Actual Startup Time": 282.712,
                  "Actual Total Time": 744.448,
                  "Actual Rows": 296331,
                  "Actual Loops": 7,
                  "Inner Unique": false,
                  "Hash Cond": "(ci.movie_id = t.id)",
                  "Plans": [
                    {
                      "Node Type": "Index Scan",
                      "Parent Relationship": "Outer",
                      "Parallel Aware": true,
                      "Scan Direction": "Forward",
                      "Index Name": "role_id_cast_info",
                      "Relation Name": "cast_info",
                      "Alias": "ci",
                      "Startup Cost": 0.56,
                      "Total Cost": 197877.72,
                      "Plan Rows": 1063818,
                      "Plan Width": 4,
                      "Actual Startup Time": 0.281,
                      "Actual Total Time": 224.91,
                      "Actual Rows": 1064384,
                      "Actual Loops": 7,
                      "Index Cond": "(role_id = 2)",
                      "Rows Removed by Index Recheck": 0,
                      "Filter": "(person_id > 483677)",
                      "Rows Removed by Filter": 184
                    },
                    {
                      "Node Type": "Hash",
                      "Parent Relationship": "Inner",
                      "Parallel Aware": true,
                      "Startup Cost": 80723.22,
                      "Total Cost": 80723.22,
                      "Plan Rows": 197847,
                      "Plan Width": 8,
                      "Actual Startup Time": 279.29,
                      "Actual Total Time": 279.359,
                      "Actual Rows": 70939,
                      "Actual Loops": 7,
                      "Hash Buckets": 1048576,
                      "Original Hash Buckets": 1048576,
                      "Hash Batches": 1,
                      "Original Hash Batches": 1,
                      "Peak Memory Usage": 27776,
                      "Plans": [
                        {
                          "Node Type": "Hash Join",
                          "Parent Relationship": "Outer",
                          "Parallel Aware": true,
                          "Join Type": "Inner",
                          "Startup Cost": 34605.91,
                          "Total Cost": 80723.22,
                          "Plan Rows": 197847,
                          "Plan Width": 8,
                          "Actual Startup Time": 101.405,
                          "Actual Total Time": 245.589,
                          "Actual Rows": 70939,
                          "Actual Loops": 7,
                          "Inner Unique": false,
                          "Hash Cond": "(t.id = mc.movie_id)",
                          "Plans": [
                            {
                              "Node Type": "Seq Scan",
                              "Parent Relationship": "Outer",
                              "Parallel Aware": true,
                              "Relation Name": "title",
                              "Alias": "t",
                              "Startup Cost": 0.0,
                              "Total Cost": 42318.73,
                              "Plan Rows": 632073,
                              "Plan Width": 4,
                              "Actual Startup Time": 0.012,
                              "Actual Total Time": 55.313,
                              "Actual Rows": 361187,
                              "Actual Loops": 7
                            },
                            {
                              "Node Type": "Hash",
                              "Parent Relationship": "Inner",
                              "Parallel Aware": true,
                              "Startup Cost": 31414.82,
                              "Total Cost": 31414.82,
                              "Plan Rows": 255287,
                              "Plan Width": 4,
                              "Actual Startup Time": 99.771,
                              "Actual Total Time": 99.772,
                              "Actual Rows": 70939,
                              "Actual Loops": 7,
                              "Hash Buckets": 1048576,
                              "Original Hash Buckets": 1048576,
                              "Hash Batches": 1,
                              "Original Hash Batches": 1,
                              "Peak Memory Usage": 27712,
                              "Plans": [
                                {
                                  "Node Type": "Seq Scan",
                                  "Parent Relationship": "Outer",
                                  "Parallel Aware": true,
                                  "Relation Name": "movie_companies",
                                  "Alias": "mc",
                                  "Startup Cost": 0.0,
                                  "Total Cost": 31414.82,
                                  "Plan Rows": 255287,
                                  "Plan Width": 4,
                                  "Actual Startup Time": 41.845,
                                  "Actual Total Time": 65.414,
                                  "Actual Rows": 70939,
                                  "Actual Loops": 7,
                                  "Filter": "((company_id < 14732) AND (company_type_id = 2))",
                                  "Rows Removed by Filter": 301794
                                }
                              ]
                            }
                          ]
                        }
                      ]
                    }
                  ]
                }
              ]
            }
          ]
        }
      ]
    },
    "Planning Time": 1.47,
    "Triggers": [],
    "Execution Time": 802.84
  }
]