[
  {
    "Plan": {
      "Node Type": "Aggregate",
      "Strategy": "Plain",
      "Partial Mode": "Finalize",
      "Parallel Aware": false,
      "Startup Cost": 62948.35,
      "Total Cost": 62948.36,
      "Plan Rows": 1,
      "Plan Width": 8,
      "Actual Startup Time": 195.54,
      "Actual Total Time": 210.917,
      "Actual Rows": 1,
      "Actual Loops": 1,
      "Plans": [
        {
          "Node Type": "Gather",
          "Parent Relationship": "Outer",
          "Parallel Aware": false,
          "Startup Cost": 62948.13,
          "Total Cost": 62948.34,
          "Plan Rows": 2,
          "Plan Width": 8,
          "Actual Startup Time": 194.643,
          "Actual Total Time": 210.908,
          "Actual Rows": 3,
          "Actual Loops": 1,
          "Workers Planned": 2,
          "Workers Launched": 2,
          "Single Copy": false,
          "Plans": [
            {
              "Node Type": "Aggregate",
              "Strategy": "Plain",
              "Partial Mode": "Partial",
              "Parent Relationship": "Outer",
              "Parallel Aware": false,
              "Startup Cost": 61948.13,
              "Total Cost": 61948.14,
              "Plan Rows": 1,
              "Plan Width": 8,
              "Actual Startup Time": 190.98,
              "Actual Total Time": 190.983,
              "Actual Rows": 1,
              "Actual Loops": 3,
              "Plans": [
                {
                  "Node Type": "Hash Join",
                  "Parent Relationship": "Outer",
                  "Parallel Aware": true,
                  "Join Type": "Inner",
                  "Startup Cost": 46269.45,
                  "Total Cost": 61899.8,
                  "Plan Rows": 19333,
                  "Plan Width": 0,
                  "Actual Startup Time": 125.667,
                  "Actual Total Time": 190.176,
                  "Actual Rows": 17039,
                  "Actual Loops": 3,
                  "Inner Unique": true,
                  "Hash Cond": "(mi_idx.movie_id = t.id)",
                  "Plans": [
                    {
                      "Node Type": "Seq Scan",
                      "Parent Relationship": "Outer",
                      "Parallel Aware": true,
                      "Relation Name": "movie_info_idx",
                      "Alias": "mi_idx",
                      "Startup Cost": 0.0,
                      "Total Cost": 15122.68,
                      "Plan Rows": 193397,
                      "Plan Width": 4,
                      "Actual Startup Time": 0.012,
                      "Actual Total Time": 37.811,
                      "Actual Rows": 153395,
                      "Actual Loops": 3,
                      "Filter": "(info_type_id > 100)",
                      "Rows Removed by Filter": 306617
                    },
                    {
                      "Node Type": "Hash",
                      "Parent Relationship": "Inner",
                      "Parallel Aware": true,
                      "Startup Cost": 45479.59,
                      "Total Cost": 45479.59,
                      "Plan Rows": 63189,
                      "Plan Width": 4,
                      "Actual Startup Time": 123.86,
                      "Actual Total Time": 123.861,
                      "Actual Rows": 75346,
                      "Actual Loops": 3,
                      "Hash Buckets": 262144,
                      "Original Hash Buckets": 262144,
                      "Hash Batches": 1,
                      "Original Hash Batches": 1,
                      "Peak Memory Usage": 10944,
                      "Plans": [
                        {
                          "Node Type": "Seq Scan",
                          "Parent Relationship": "Outer",
                          "Parallel Aware": true,
                          "Relation Name": "title",
                          "Alias": "t",
                          "Startup Cost": 0.0,
                          "Total Cost": 45479.59,
                          "Plan Rows": 63189,
                          "Plan Width": 4,
                          "Actual Startup Time": 0.031,
                          "Actual Total Time": 104.853,
                          "Actual Rows": 75346,
                          "Actual Loops": 3,
                          "Filter": "((kind_id < 6) AND (production_year > 2008))",
                          "Rows Removed by Filter": 767425
                        }
                      ]
                    }
                  ]
                }
              ]
            }
          ]
        }
      ]
    },
    "Planning Time": 0.473,
    "Triggers": [],
    "Execution Time": 210.962
  }
]