[
  {
    "Plan": {
      "Node Type": "Aggregate",
      "Strategy": "Plain",
      "Partial Mode": "Finalize",
      "Parallel Aware": false,
      "Startup Cost": 46347.27,
      "Total Cost": 46347.28,
      "Plan Rows": 1,
      "Plan Width": 8,
      "Actual Startup Time": 176.643,
      "Actual Total Time": 185.441,
      "Actual Rows": 1,
      "Actual Loops": 1,
      "Plans": [
        {
          "Node Type": "Gather",
          "Parent Relationship": "Outer",
          "Parallel Aware": false,
          "Startup Cost": 46346.95,
          "Total Cost": 46347.26,
          "Plan Rows": 3,
          "Plan Width": 8,
          "Actual Startup Time": 176.501,
          "Actual Total Time": 185.43,
          "Actual Rows": 4,
          "Actual Loops": 1,
          "Workers Planned": 3,
          "Workers Launched": 3,
          "Single Copy": false,
          "Plans": [
            {
              "Node Type": "Aggregate",
              "Strategy": "Plain",
              "Partial Mode": "Partial",
              "Parent Relationship": "Outer",
              "Parallel Aware": false,
              "Startup Cost": 45346.95,
              "Total Cost": 45346.96,
              "Plan Rows": 1,
              "Plan Width": 8,
              "Actual Startup Time": 167.966,
              "Actual Total Time": 167.967,
              "Actual Rows": 1,
              "Actual Loops": 4,
              "Plans": [
                {
                  "Node Type": "Seq Scan",
                  "Parent Relationship": "Outer",
                  "Parallel Aware": true,
                  "Relation Name": "movie_keyword",
                  "Alias": "mk",
                  "Startup Cost": 0.0,
                  "Total Cost": 42695.65,
                  "Plan Rows": 1060520,
                  "Plan Width": 0,
                  "Actual Startup Time": 0.193,
                  "Actual Total Time": 127.422,
                  "Actual Rows": 819270,
                  "Actual Loops": 4,
                  "Filter": "(keyword_id > 1584)",
                  "Rows Removed by Filter": 311712
                }
              ]
            }
          ]
        }
      ]
    },
    "Planning Time": 0.162,
    "Triggers": [],
    "Execution Time": 185.492
  }
]