{
  "Plan": {
    "Node Type": "Aggregate",
    "Strategy": "Plain",
    "Partial Mode": "Finalize",
    "Parallel Aware": false,
    "Startup Cost": 569751.08,
    "Total Cost": 569751.09,
    "Plan Rows": 1,
    "Plan Width": 8,
    "Actual Startup Time": 1241.207,
    "Actual Total Time": 1300.476,
    "Actual Rows": 1,
    "Actual Loops": 1,
    "Plans": [
      {
        "Node Type": "Gather",
        "Parent Relationship": "Outer",
        "Parallel Aware": false,
        "Startup Cost": 569750.97,
        "Total Cost": 569751.08,
        "Plan Rows": 1,
        "Plan Width": 8,
        "Actual Startup Time": 1240.177,
        "Actual Total Time": 1300.468,
        "Actual Rows": 2,
        "Actual Loops": 1,
        "Workers Planned": 1,
        "Workers Launched": 1,
        "Single Copy": false,
        "Plans": [
          {
            "Node Type": "Aggregate",
            "Strategy": "Plain",
            "Partial Mode": "Partial",
            "Parent Relationship": "Outer",
            "Parallel Aware": false,
            "Startup Cost": 568750.97,
            "Total Cost": 568750.98,
            "Plan Rows": 1,
            "Plan Width": 8,
            "Actual Startup Time": 1233.958,
            "Actual Total Time": 1233.963,
            "Actual Rows": 1,
            "Actual Loops": 2,
            "Plans": [
              {
                "Node Type": "Nested Loop",
                "Parent Relationship": "Outer",
                "Parallel Aware": false,
                "Join Type": "Inner",
                "Startup Cost": 62075.88,
                "Total Cost": 563215.47,
                "Plan Rows": 2214199,
                "Plan Width": 0,
                "Actual Startup Time": 260.759,
                "Actual Total Time": 1193.856,
                "Actual Rows": 523006,
                "Actual Loops": 2,
                "Inner Unique": false,
                "Join Filter": "(t.id = ci.movie_id)",
                "Rows Removed by Join Filter": 0,
                "Plans": [
                  {
                    "Node Type": "Hash Join",
                    "Parent Relationship": "Outer",
                    "Parallel Aware": true,
                    "Join Type": "Inner",
                    "Startup Cost": 62075.32,
                    "Total Cost": 121794.33,
                    "Plan Rows": 154525,
                    "Plan Width": 8,
                    "Actual Startup Time": 260.673,
                    "Actual Total Time": 618.61,
                    "Actual Rows": 23743,
                    "Actual Loops": 2,
                    "Inner Unique": true,
                    "Hash Cond": "(mk.movie_id = t.id)",
                    "Plans": [
                      {
                        "Node Type": "Seq Scan",
                        "Parent Relationship": "Outer",
                        "Parallel Aware": true,
                        "Relation Name": "movie_keyword",
                        "Alias": "mk",
                        "Startup Cost": 0.0,
                        "Total Cost": 57718.19,
                        "Plan Rows": 762218,
                        "Plan Width": 4,
                        "Actual Startup Time": 0.017,
                        "Actual Total Time": 237.789,
                        "Actual Rows": 655146,
                        "Actual Loops": 2,
                        "Filter": "(keyword_id < 1717)",
                        "Rows Removed by Filter": 1606820
                      },
                      {
                        "Node Type": "Hash",
                        "Parent Relationship": "Inner",
                        "Parallel Aware": true,
                        "Startup Cost": 58306.47,
                        "Total Cost": 58306.47,
                        "Plan Rows": 301508,
                        "Plan Width": 4,
                        "Actual Startup Time": 255.677,
                        "Actual Total Time": 255.678,
                        "Actual Rows": 201974,
                        "Actual Loops": 2,
                        "Hash Buckets": 524288,
                        "Original Hash Buckets": 524288,
                        "Hash Batches": 1,
                        "Original Hash Batches": 1,
                        "Peak Memory Usage": 19936,
                        "Plans": [
                          {
                            "Node Type": "Seq Scan",
                            "Parent Relationship": "Outer",
                            "Parallel Aware": true,
                            "Relation Name": "title",
                            "Alias": "t",
                            "Startup Cost": 0.0,
                            "Total Cost": 58306.47,
                            "Plan Rows": 301508,
                            "Plan Width": 4,
                            "Actual Startup Time": 0.029,
                            "Actual Total Time": 192.631,
                            "Actual Rows": 201974,
                            "Actual Loops": 2,
                            "Filter": "((production_year < 1996) AND (kind_id = 7))",
                            "Rows Removed by Filter": 1062182
                          }
                        ]
                      }
                    ]
                  },
                  {
                    "Node Type": "Index Only Scan",
                    "Parent Relationship": "Inner",
                    "Parallel Aware": false,
                    "Scan Direction": "Forward",
                    "Index Name": "movie_id_cast_info",
                    "Relation Name": "cast_info",
                    "Alias": "ci",
                    "Startup Cost": 0.56,
                    "Total Cost": 2.39,
                    "Plan Rows": 37,
                    "Plan Width": 4,
                    "Actual Startup Time": 0.005,
                    "Actual Total Time": 0.021,
                    "Actual Rows": 22,
                    "Actual Loops": 47486,
                    "Index Cond": "(movie_id = mk.movie_id)",
                    "Rows Removed by Index Recheck": 0,
                    "Heap Fetches": 1046013
                  }
                ]
              }
            ]
          }
        ]
      }
    ]
  },
  "Planning Time": 0.933,
  "Triggers": [],
  "Execution Time": 1300.578
}