[
    {
        "Bao": {
            "Bao prediction": "NaN",
            "Bao recommended hint": "(no hint)"
        }
    },
    {
        "Plan": {
            "Node Type": "Aggregate",
            "Strategy": "Plain",
            "Partial Mode": "Finalize",
            "Parallel Aware": false,
            "Startup Cost": 218656.98,
            "Total Cost": 218656.99,
            "Plan Rows": 1,
            "Plan Width": 8,
            "Actual Startup Time": 209.599,
            "Actual Total Time": 223.733,
            "Actual Rows": 1,
            "Actual Loops": 1,
            "Output": [
                "count(*)"
            ],
            "Plans": [
                {
                    "Node Type": "Gather",
                    "Parent Relationship": "Outer",
                    "Parallel Aware": false,
                    "Startup Cost": 218656.46,
                    "Total Cost": 218656.97,
                    "Plan Rows": 5,
                    "Plan Width": 8,
                    "Actual Startup Time": 208.058,
                    "Actual Total Time": 223.724,
                    "Actual Rows": 6,
                    "Actual Loops": 1,
                    "Output": [
                        "(PARTIAL count(*))"
                    ],
                    "Workers Planned": 5,
                    "Workers Launched": 5,
                    "Single Copy": false,
                    "Plans": [
                        {
                            "Node Type": "Aggregate",
                            "Strategy": "Plain",
                            "Partial Mode": "Partial",
                            "Parent Relationship": "Outer",
                            "Parallel Aware": false,
                            "Startup Cost": 217656.46,
                            "Total Cost": 217656.47,
                            "Plan Rows": 1,
                            "Plan Width": 8,
                            "Actual Startup Time": 197.507,
                            "Actual Total Time": 197.511,
                            "Actual Rows": 1,
                            "Actual Loops": 6,
                            "Output": [
                                "PARTIAL count(*)"
                            ],
                            "Workers": [
                                {
                                    "Worker Number": 0,
                                    "Actual Startup Time": 194.276,
                                    "Actual Total Time": 194.279,
                                    "Actual Rows": 1,
                                    "Actual Loops": 1
                                },
                                {
                                    "Worker Number": 1,
                                    "Actual Startup Time": 196.414,
                                    "Actual Total Time": 196.418,
                                    "Actual Rows": 1,
                                    "Actual Loops": 1
                                },
                                {
                                    "Worker Number": 2,
                                    "Actual Startup Time": 195.41,
                                    "Actual Total Time": 195.413,
                                    "Actual Rows": 1,
                                    "Actual Loops": 1
                                },
                                {
                                    "Worker Number": 3,
                                    "Actual Startup Time": 195.412,
                                    "Actual Total Time": 195.415,
                                    "Actual Rows": 1,
                                    "Actual Loops": 1
                                },
                                {
                                    "Worker Number": 4,
                                    "Actual Startup Time": 196.13,
                                    "Actual Total Time": 196.133,
                                    "Actual Rows": 1,
                                    "Actual Loops": 1
                                }
                            ],
                            "Plans": [
                                {
                                    "Node Type": "Nested Loop",
                                    "Parent Relationship": "Outer",
                                    "Parallel Aware": false,
                                    "Join Type": "Inner",
                                    "Startup Cost": 51715.94,
                                    "Total Cost": 217639.7,
                                    "Plan Rows": 6705,
                                    "Plan Width": 0,
                                    "Actual Startup Time": 94.424,
                                    "Actual Total Time": 192.432,
                                    "Actual Rows": 105304,
                                    "Actual Loops": 6,
                                    "Inner Unique": false,
                                    "Join Filter": "(t.id = ci.movie_id)",
                                    "Rows Removed by Join Filter": 0,
                                    "Workers": [
                                        {
                                            "Worker Number": 0,
                                            "Actual Startup Time": 91.846,
                                            "Actual Total Time": 189.045,
                                            "Actual Rows": 105877,
                                            "Actual Loops": 1
                                        },
                                        {
                                            "Worker Number": 1,
                                            "Actual Startup Time": 91.998,
                                            "Actual Total Time": 191.712,
                                            "Actual Rows": 92190,
                                            "Actual Loops": 1
                                        },
                                        {
                                            "Worker Number": 2,
                                            "Actual Startup Time": 92.054,
                                            "Actual Total Time": 190.281,
                                            "Actual Rows": 104142,
                                            "Actual Loops": 1
                                        },
                                        {
                                            "Worker Number": 3,
                                            "Actual Startup Time": 93.112,
                                            "Actual Total Time": 190.667,
                                            "Actual Rows": 92665,
                                            "Actual Loops": 1
                                        },
                                        {
                                            "Worker Number": 4,
                                            "Actual Startup Time": 93.268,
                                            "Actual Total Time": 191.384,
                                            "Actual Rows": 92114,
                                            "Actual Loops": 1
                                        }
                                    ],
                                    "Plans": [
                                        {
                                            "Node Type": "Hash Join",
                                            "Parent Relationship": "Outer",
                                            "Parallel Aware": true,
                                            "Join Type": "Inner",
                                            "Startup Cost": 51715.38,
                                            "Total Cost": 214739.43,
                                            "Plan Rows": 468,
                                            "Plan Width": 8,
                                            "Actual Startup Time": 94.311,
                                            "Actual Total Time": 105.967,
                                            "Actual Rows": 874,
                                            "Actual Loops": 6,
                                            "Output": [
                                                "t.id",
                                                "mi.movie_id"
                                            ],
                                            "Inner Unique": true,
                                            "Hash Cond": "(mi.movie_id = t.id)",
                                            "Workers": [
                                                {
                                                    "Worker Number": 0,
                                                    "Actual Startup Time": 91.719,
                                                    "Actual Total Time": 100.189,
                                                    "Actual Rows": 792,
                                                    "Actual Loops": 1
                                                },
                                                {
                                                    "Worker Number": 1,
                                                    "Actual Startup Time": 91.851,
                                                    "Actual Total Time": 103.118,
                                                    "Actual Rows": 723,
                                                    "Actual Loops": 1
                                                },
                                                {
                                                    "Worker Number": 2,
                                                    "Actual Startup Time": 91.933,
                                                    "Actual Total Time": 101.031,
                                                    "Actual Rows": 789,
                                                    "Actual Loops": 1
                                                },
                                                {
                                                    "Worker Number": 3,
                                                    "Actual Startup Time": 92.994,
                                                    "Actual Total Time": 103.753,
                                                    "Actual Rows": 781,
                                                    "Actual Loops": 1
                                                },
                                                {
                                                    "Worker Number": 4,
                                                    "Actual Startup Time": 93.161,
                                                    "Actual Total Time": 104.926,
                                                    "Actual Rows": 769,
                                                    "Actual Loops": 1
                                                }
                                            ],
                                            "Plans": [
                                                {
                                                    "Node Type": "Bitmap Heap Scan",
                                                    "Parent Relationship": "Outer",
                                                    "Parallel Aware": true,
                                                    "Relation Name": "movie_info",
                                                    "Schema": "public",
                                                    "Alias": "mi",
                                                    "Startup Cost": 6181.97,
                                                    "Total Cost": 169027.08,
                                                    "Plan Rows": 68169,
                                                    "Plan Width": 4,
                                                    "Actual Startup Time": 14.572,
                                                    "Actual Total Time": 27.738,
                                                    "Actual Rows": 61370,
                                                    "Actual Loops": 6,
                                                    "Output": [
                                                        "mi.id",
                                                        "mi.movie_id",
                                                        "mi.info_type_id",
                                                        "mi.info",
                                                        "mi.note"
                                                    ],
                                                    "Recheck Cond": "(mi.info_type_id = 17)",
                                                    "Rows Removed by Index Recheck": 0,
                                                    "Exact Heap Blocks": 3296,
                                                    "Lossy Heap Blocks": 0,
                                                    "Workers": [
                                                        {
                                                            "Worker Number": 0,
                                                            "Actual Startup Time": 14.476,
                                                            "Actual Total Time": 25.657,
                                                            "Actual Rows": 44502,
                                                            "Actual Loops": 1
                                                        },
                                                        {
                                                            "Worker Number": 1,
                                                            "Actual Startup Time": 14.728,
                                                            "Actual Total Time": 27.445,
                                                            "Actual Rows": 52097,
                                                            "Actual Loops": 1
                                                        },
                                                        {
                                                            "Worker Number": 2,
                                                            "Actual Startup Time": 14.565,
                                                            "Actual Total Time": 26.271,
                                                            "Actual Rows": 46523,
                                                            "Actual Loops": 1
                                                        },
                                                        {
                                                            "Worker Number": 3,
                                                            "Actual Startup Time": 14.573,
                                                            "Actual Total Time": 27.288,
                                                            "Actual Rows": 54479,
                                                            "Actual Loops": 1
                                                        },
                                                        {
                                                            "Worker Number": 4,
                                                            "Actual Startup Time": 14.6,
                                                            "Actual Total Time": 28.014,
                                                            "Actual Rows": 58943,
                                                            "Actual Loops": 1
                                                        }
                                                    ],
                                                    "Plans": [
                                                        {
                                                            "Node Type": "Bitmap Index Scan",
                                                            "Parent Relationship": "Outer",
                                                            "Parallel Aware": false,
                                                            "Index Name": "info_type_id_movie_info",
                                                            "Startup Cost": 0.0,
                                                            "Total Cost": 6096.76,
                                                            "Plan Rows": 340843,
                                                            "Plan Width": 0,
                                                            "Actual Startup Time": 12.99,
                                                            "Actual Total Time": 12.992,
                                                            "Actual Rows": 368218,
                                                            "Actual Loops": 1,
                                                            "Index Cond": "(mi.info_type_id = 17)"
                                                        }
                                                    ]
                                                },
                                                {
                                                    "Node Type": "Hash",
                                                    "Parent Relationship": "Inner",
                                                    "Parallel Aware": true,
                                                    "Startup Cost": 45479.21,
                                                    "Total Cost": 45479.21,
                                                    "Plan Rows": 4336,
                                                    "Plan Width": 4,
                                                    "Actual Startup Time": 71.922,
                                                    "Actual Total Time": 71.923,
                                                    "Actual Rows": 1797,
                                                    "Actual Loops": 6,
                                                    "Output": [
                                                        "t.id"
                                                    ],
                                                    "Hash Buckets": 32768,
                                                    "Original Hash Buckets": 32768,
                                                    "Hash Batches": 1,
                                                    "Original Hash Batches": 1,
                                                    "Peak Memory Usage": 768,
                                                    "Workers": [
                                                        {
                                                            "Worker Number": 0,
                                                            "Actual Startup Time": 69.469,
                                                            "Actual Total Time": 69.47,
                                                            "Actual Rows": 1646,
                                                            "Actual Loops": 1
                                                        },
                                                        {
                                                            "Worker Number": 1,
                                                            "Actual Startup Time": 69.49,
                                                            "Actual Total Time": 69.491,
                                                            "Actual Rows": 1439,
                                                            "Actual Loops": 1
                                                        },
                                                        {
                                                            "Worker Number": 2,
                                                            "Actual Startup Time": 69.628,
                                                            "Actual Total Time": 69.629,
                                                            "Actual Rows": 1590,
                                                            "Actual Loops": 1
                                                        },
                                                        {
                                                            "Worker Number": 3,
                                                            "Actual Startup Time": 70.615,
                                                            "Actual Total Time": 70.615,
                                                            "Actual Rows": 1670,
                                                            "Actual Loops": 1
                                                        },
                                                        {
                                                            "Worker Number": 4,
                                                            "Actual Startup Time": 70.814,
                                                            "Actual Total Time": 70.815,
                                                            "Actual Rows": 1631,
                                                            "Actual Loops": 1
                                                        }
                                                    ],
                                                    "Plans": [
                                                        {
                                                            "Node Type": "Seq Scan",
                                                            "Parent Relationship": "Outer",
                                                            "Parallel Aware": true,
                                                            "Relation Name": "title",
                                                            "Schema": "public",
                                                            "Alias": "t",
                                                            "Startup Cost": 0.0,
                                                            "Total Cost": 45479.21,
                                                            "Plan Rows": 4336,
                                                            "Plan Width": 4,
                                                            "Actual Startup Time": 47.449,
                                                            "Actual Total Time": 71.129,
                                                            "Actual Rows": 1797,
                                                            "Actual Loops": 6,
                                                            "Output": [
                                                                "t.id"
                                                            ],
                                                            "Filter": "((t.kind_id = 1) AND (t.production_year = 2003))",
                                                            "Rows Removed by Filter": 419588,
                                                            "Workers": [
                                                                {
                                                                    "Worker Number": 0,
                                                                    "Actual Startup Time": 43.478,
                                                                    "Actual Total Time": 68.659,
                                                                    "Actual Rows": 1646,
                                                                    "Actual Loops": 1
                                                                },
                                                                {
                                                                    "Worker Number": 1,
                                                                    "Actual Startup Time": 47.499,
                                                                    "Actual Total Time": 68.678,
                                                                    "Actual Rows": 1439,
                                                                    "Actual Loops": 1
                                                                },
                                                                {
                                                                    "Worker Number": 2,
                                                                    "Actual Startup Time": 44.072,
                                                                    "Actual Total Time": 68.835,
                                                                    "Actual Rows": 1590,
                                                                    "Actual Loops": 1
                                                                },
                                                                {
                                                                    "Worker Number": 3,
                                                                    "Actual Startup Time": 45.236,
                                                                    "Actual Total Time": 69.826,
                                                                    "Actual Rows": 1670,
                                                                    "Actual Loops": 1
                                                                },
                                                                {
                                                                    "Worker Number": 4,
                                                                    "Actual Startup Time": 44.863,
                                                                    "Actual Total Time": 70.046,
                                                                    "Actual Rows": 1631,
                                                                    "Actual Loops": 1
                                                                }
                                                            ]
                                                        }
                                                    ]
                                                }
                                            ]
                                        },
                                        {
                                            "Node Type": "Index Only Scan",
                                            "Parent Relationship": "Inner",
                                            "Parallel Aware": false,
                                            "Scan Direction": "Forward",
                                            "Index Name": "movie_id_cast_info",
                                            "Relation Name": "cast_info",
                                            "Schema": "public",
                                            "Alias": "ci",
                                            "Startup Cost": 0.56,
                                            "Total Cost": 5.72,
                                            "Plan Rows": 38,
                                            "Plan Width": 4,
                                            "Actual Startup Time": 0.009,
                                            "Actual Total Time": 0.088,
                                            "Actual Rows": 121,
                                            "Actual Loops": 5241,
                                            "Output": [
                                                "ci.movie_id"
                                            ],
                                            "Index Cond": "(ci.movie_id = mi.movie_id)",
                                            "Rows Removed by Index Recheck": 0,
                                            "Heap Fetches": 631825,
                                            "Workers": [
                                                {
                                                    "Worker Number": 0,
                                                    "Actual Startup Time": 0.01,
                                                    "Actual Total Time": 0.099,
                                                    "Actual Rows": 134,
                                                    "Actual Loops": 792
                                                },
                                                {
                                                    "Worker Number": 1,
                                                    "Actual Startup Time": 0.011,
                                                    "Actual Total Time": 0.11,
                                                    "Actual Rows": 128,
                                                    "Actual Loops": 723
                                                },
                                                {
                                                    "Worker Number": 2,
                                                    "Actual Startup Time": 0.01,
                                                    "Actual Total Time": 0.1,
                                                    "Actual Rows": 132,
                                                    "Actual Loops": 789
                                                },
                                                {
                                                    "Worker Number": 3,
                                                    "Actual Startup Time": 0.01,
                                                    "Actual Total Time": 0.099,
                                                    "Actual Rows": 119,
                                                    "Actual Loops": 781
                                                },
                                                {
                                                    "Worker Number": 4,
                                                    "Actual Startup Time": 0.01,
                                                    "Actual Total Time": 0.1,
                                                    "Actual Rows": 120,
                                                    "Actual Loops": 769
                                                }
                                            ]
                                        }
                                    ]
                                }
                            ]
                        }
                    ]
                }
            ]
        },
        "Planning Time": 198.186,
        "Triggers": [],
        "Execution Time": 223.909
    }
]