[
  {
    "Plan": {
      "Node Type": "Aggregate",
      "Strategy": "Plain",
      "Partial Mode": "Finalize",
      "Parallel Aware": false,
      "Startup Cost": 297655.73,
      "Total Cost": 297655.74,
      "Plan Rows": 1,
      "Plan Width": 8,
      "Actual Startup Time": 508.213,
      "Actual Total Time": 552.823,
      "Actual Rows": 1,
      "Actual Loops": 1,
      "Plans": [
        {
          "Node Type": "Gather",
          "Parent Relationship": "Outer",
          "Parallel Aware": false,
          "Startup Cost": 297655.41,
          "Total Cost": 297655.72,
          "Plan Rows": 3,
          "Plan Width": 8,
          "Actual Startup Time": 507.325,
          "Actual Total Time": 552.8,
          "Actual Rows": 4,
          "Actual Loops": 1,
          "Workers Planned": 3,
          "Workers Launched": 3,
          "Single Copy": false,
          "Plans": [
            {
              "Node Type": "Aggregate",
              "Strategy": "Plain",
              "Partial Mode": "Partial",
              "Parent Relationship": "Outer",
              "Parallel Aware": false,
              "Startup Cost": 296655.41,
              "Total Cost": 296655.42,
              "Plan Rows": 1,
              "Plan Width": 8,
              "Actual Startup Time": 498.045,
              "Actual Total Time": 498.049,
              "Actual Rows": 1,
              "Actual Loops": 4,
              "Plans": [
                {
                  "Node Type": "Nested Loop",
                  "Parent Relationship": "Outer",
                  "Parallel Aware": false,
                  "Join Type": "Inner",
                  "Startup Cost": 46613.28,
                  "Total Cost": 295221.18,
                  "Plan Rows": 573693,
                  "Plan Width": 0,
                  "Actual Startup Time": 120.508,
                  "Actual Total Time": 490.998,
                  "Actual Rows": 139153,
                  "Actual Loops": 4,
                  "Inner Unique": false,
                  "Join Filter": "(t.id = ci.movie_id)",
                  "Rows Removed by Join Filter": 0,
                  "Plans": [
                    {
                      "Node Type": "Hash Join",
                      "Parent Relationship": "Outer",
                      "Parallel Aware": true,
                      "Join Type": "Inner",
                      "Startup Cost": 46612.71,
                      "Total Cost": 90814.19,
                      "Plan Rows": 82306,
                      "Plan Width": 8,
                      "Actual Startup Time": 120.438,
                      "Actual Total Time": 267.34,
                      "Actual Rows": 10961,
                      "Actual Loops": 4,
                      "Inner Unique": true,
                      "Hash Cond": "(mk.movie_id = t.id)",
                      "Plans": [
                        {
                          "Node Type": "Seq Scan",
                          "Parent Relationship": "Outer",
                          "Parallel Aware": true,
                          "Relation Name": "movie_keyword",
                          "Alias": "mk",
                          "Startup Cost": 0.0,
                          "Total Cost": 42695.65,
                          "Plan Rows": 573648,
                          "Plan Width": 4,
                          "Actual Startup Time": 0.027,
                          "Actual Total Time": 96.573,
                          "Actual Rows": 448117,
                          "Actual Loops": 4,
                          "Filter": "(keyword_id < 2895)",
                          "Rows Removed by Filter": 682866
                        },
                        {
                          "Node Type": "Hash",
                          "Parent Relationship": "Inner",
                          "Parallel Aware": true,
                          "Startup Cost": 45479.1,
                          "Total Cost": 45479.1,
                          "Plan Rows": 90689,
                          "Plan Width": 4,
                          "Actual Startup Time": 116.829,
                          "Actual Total Time": 116.831,
                          "Actual Rows": 63442,
                          "Actual Loops": 4,
                          "Hash Buckets": 524288,
                          "Original Hash Buckets": 524288,
                          "Hash Batches": 1,
                          "Original Hash Batches": 1,
                          "Peak Memory Usage": 14080,
                          "Plans": [
                            {
                              "Node Type": "Seq Scan",
                              "Parent Relationship": "Outer",
                              "Parallel Aware": true,
                              "Relation Name": "title",
                              "Alias": "t",
                              "Startup Cost": 0.0,
                              "Total Cost": 45479.1,
                              "Plan Rows": 90689,
                              "Plan Width": 4,
                              "Actual Startup Time": 0.039,
                              "Actual Total Time": 93.367,
                              "Actual Rows": 63442,
                              "Actual Loops": 4,
                              "Filter": "((production_year < 1986) AND (kind_id = 7))",
                              "Rows Removed by Filter": 568636
                            }
                          ]
                        }
                      ]
                    },
                    {
                      "Node Type": "Index Scan",
                      "Parent Relationship": "Inner",
                      "Parallel Aware": false,
                      "Scan Direction": "Forward",
                      "Index Name": "movie_id_cast_info",
                      "Relation Name": "cast_info",
                      "Alias": "ci",
                      "Startup Cost": 0.56,
                      "Total Cost": 2.26,
                      "Plan Rows": 18,
                      "Plan Width": 4,
                      "Actual Startup Time": 0.004,
                      "Actual Total Time": 0.019,
                      "Actual Rows": 13,
                      "Actual Loops": 43843,
                      "Index Cond": "(movie_id = mk.movie_id)",
                      "Rows Removed by Index Recheck": 0,
                      "Filter": "((person_id < 2762882) AND (role_id < 4))",
                      "Rows Removed by Filter": 7
                    }
                  ]
                }
              ]
            }
          ]
        }
      ]
    },
    "Planning Time": 1.397,
    "Triggers": [],
    "Execution Time": 552.926
  }
]