[
  {
    "Plan": {
      "Node Type": "Aggregate",
      "Strategy": "Plain",
      "Partial Mode": "Finalize",
      "Parallel Aware": false,
      "Startup Cost": 45069.36,
      "Total Cost": 45069.37,
      "Plan Rows": 1,
      "Plan Width": 8,
      "Actual Startup Time": 119.243,
      "Actual Total Time": 132.265,
      "Actual Rows": 1,
      "Actual Loops": 1,
      "Plans": [
        {
          "Node Type": "Gather",
          "Parent Relationship": "Outer",
          "Parallel Aware": false,
          "Startup Cost": 45069.04,
          "Total Cost": 45069.35,
          "Plan Rows": 3,
          "Plan Width": 8,
          "Actual Startup Time": 119.105,
          "Actual Total Time": 132.25,
          "Actual Rows": 4,
          "Actual Loops": 1,
          "Workers Planned": 3,
          "Workers Launched": 3,
          "Single Copy": false,
          "Plans": [
            {
              "Node Type": "Aggregate",
              "Strategy": "Plain",
              "Partial Mode": "Partial",
              "Parent Relationship": "Outer",
              "Parallel Aware": false,
              "Startup Cost": 44069.04,
              "Total Cost": 44069.05,
              "Plan Rows": 1,
              "Plan Width": 8,
              "Actual Startup Time": 115.384,
              "Actual Total Time": 115.386,
              "Actual Rows": 1,
              "Actual Loops": 4,
              "Plans": [
                {
                  "Node Type": "Seq Scan",
                  "Parent Relationship": "Outer",
                  "Parallel Aware": true,
                  "Relation Name": "movie_keyword",
                  "Alias": "mk",
                  "Startup Cost": 0.0,
                  "Total Cost": 42695.65,
                  "Plan Rows": 549356,
                  "Plan Width": 0,
                  "Actual Startup Time": 0.826,
                  "Actual Total Time": 97.689,
                  "Actual Rows": 423342,
                  "Actual Loops": 4,
                  "Filter": "(keyword_id > 8530)",
                  "Rows Removed by Filter": 707640
                }
              ]
            }
          ]
        }
      ]
    },
    "Planning Time": 0.202,
    "Triggers": [],
    "Execution Time": 132.308
  }
]