{
  "Plan": {
    "Node Type": "Aggregate",
    "Strategy": "Plain",
    "Partial Mode": "Finalize",
    "Parallel Aware": false,
    "Startup Cost": 1475450.84,
    "Total Cost": 1475450.85,
    "Plan Rows": 1,
    "Plan Width": 8,
    "Actual Startup Time": 23653.014,
    "Actual Total Time": 23712.677,
    "Actual Rows": 1,
    "Actual Loops": 1,
    "Plans": [
      {
        "Node Type": "Gather",
        "Parent Relationship": "Outer",
        "Parallel Aware": false,
        "Startup Cost": 1475450.73,
        "Total Cost": 1475450.84,
        "Plan Rows": 1,
        "Plan Width": 8,
        "Actual Startup Time": 23652.736,
        "Actual Total Time": 23712.669,
        "Actual Rows": 2,
        "Actual Loops": 1,
        "Workers Planned": 1,
        "Workers Launched": 1,
        "Single Copy": false,
        "Plans": [
          {
            "Node Type": "Aggregate",
            "Strategy": "Plain",
            "Partial Mode": "Partial",
            "Parent Relationship": "Outer",
            "Parallel Aware": false,
            "Startup Cost": 1474450.73,
            "Total Cost": 1474450.74,
            "Plan Rows": 1,
            "Plan Width": 8,
            "Actual Startup Time": 23646.759,
            "Actual Total Time": 23646.761,
            "Actual Rows": 1,
            "Actual Loops": 2,
            "Plans": [
              {
                "Node Type": "Merge Join",
                "Parent Relationship": "Outer",
                "Parallel Aware": false,
                "Join Type": "Inner",
                "Startup Cost": 22.12,
                "Total Cost": 1459630.0,
                "Plan Rows": 5928293,
                "Plan Width": 0,
                "Actual Startup Time": 5.596,
                "Actual Total Time": 19278.569,
                "Actual Rows": 114329149,
                "Actual Loops": 2,
                "Inner Unique": false,
                "Merge Cond": "(mi.movie_id = t.id)",
                "Plans": [
                  {
                    "Node Type": "Index Only Scan",
                    "Parent Relationship": "Outer",
                    "Parallel Aware": true,
                    "Scan Direction": "Forward",
                    "Index Name": "movie_id_movie_info",
                    "Relation Name": "movie_info",
                    "Alias": "mi",
                    "Startup Cost": 0.43,
                    "Total Cost": 1018223.42,
                    "Plan Rows": 8696274,
                    "Plan Width": 4,
                    "Actual Startup Time": 0.104,
                    "Actual Total Time": 2325.807,
                    "Actual Rows": 7417504,
                    "Actual Loops": 2,
                    "Heap Fetches": 14835007
                  },
                  {
                    "Node Type": "Materialize",
                    "Parent Relationship": "Inner",
                    "Parallel Aware": false,
                    "Startup Cost": 14.66,
                    "Total Cost": 335306.31,
                    "Plan Rows": 1723550,
                    "Plan Width": 8,
                    "Actual Startup Time": 0.269,
                    "Actual Total Time": 6771.682,
                    "Actual Rows": 116233891,
                    "Actual Loops": 2,
                    "Plans": [
                      {
                        "Node Type": "Merge Join",
                        "Parent Relationship": "Outer",
                        "Parallel Aware": false,
                        "Join Type": "Inner",
                        "Startup Cost": 14.66,
                        "Total Cost": 330997.43,
                        "Plan Rows": 1723550,
                        "Plan Width": 8,
                        "Actual Startup Time": 0.258,
                        "Actual Total Time": 2566.777,
                        "Actual Rows": 3863696,
                        "Actual Loops": 2,
                        "Inner Unique": true,
                        "Merge Cond": "(mk.movie_id = t.id)",
                        "Plans": [
                          {
                            "Node Type": "Index Only Scan",
                            "Parent Relationship": "Outer",
                            "Parallel Aware": false,
                            "Scan Direction": "Forward",
                            "Index Name": "movie_id_movie_keyword",
                            "Relation Name": "movie_keyword",
                            "Alias": "mk",
                            "Startup Cost": 0.43,
                            "Total Cost": 177188.06,
                            "Plan Rows": 4523930,
                            "Plan Width": 4,
                            "Actual Startup Time": 0.127,
                            "Actual Total Time": 804.19,
                            "Actual Rows": 4523930,
                            "Actual Loops": 2,
                            "Heap Fetches": 9047860
                          },
                          {
                            "Node Type": "Index Scan",
                            "Parent Relationship": "Inner",
                            "Parallel Aware": false,
                            "Scan Direction": "Forward",
                            "Index Name": "title_pkey",
                            "Relation Name": "title",
                            "Alias": "t",
                            "Startup Cost": 0.43,
                            "Total Cost": 122981.43,
                            "Plan Rows": 963242,
                            "Plan Width": 4,
                            "Actual Startup Time": 0.084,
                            "Actual Total Time": 1284.561,
                            "Actual Rows": 975604,
                            "Actual Loops": 2,
                            "Filter": "((kind_id < 7) AND (production_year > 1896))",
                            "Rows Removed by Filter": 1550367
                          }
                        ]
                      }
                    ]
                  }
                ]
              }
            ]
          }
        ]
      }
    ]
  },
  "Planning Time": 0.939,
  "Triggers": [],
  "Execution Time": 23712.837
}