[
  {
    "Plan": {
      "Node Type": "Aggregate",
      "Strategy": "Plain",
      "Partial Mode": "Finalize",
      "Parallel Aware": false,
      "Startup Cost": 302200.23,
      "Total Cost": 302200.24,
      "Plan Rows": 1,
      "Plan Width": 8,
      "Actual Startup Time": 2146.4,
      "Actual Total Time": 2192.152,
      "Actual Rows": 1,
      "Actual Loops": 1,
      "Plans": [
        {
          "Node Type": "Gather",
          "Parent Relationship": "Outer",
          "Parallel Aware": false,
          "Startup Cost": 302199.92,
          "Total Cost": 302200.23,
          "Plan Rows": 3,
          "Plan Width": 8,
          "Actual Startup Time": 2130.504,
          "Actual Total Time": 2192.145,
          "Actual Rows": 4,
          "Actual Loops": 1,
          "Workers Planned": 3,
          "Workers Launched": 3,
          "Single Copy": false,
          "Plans": [
            {
              "Node Type": "Aggregate",
              "Strategy": "Plain",
              "Partial Mode": "Partial",
              "Parent Relationship": "Outer",
              "Parallel Aware": false,
              "Startup Cost": 301199.92,
              "Total Cost": 301199.93,
              "Plan Rows": 1,
              "Plan Width": 8,
              "Actual Startup Time": 2121.988,
              "Actual Total Time": 2121.995,
              "Actual Rows": 1,
              "Actual Loops": 4,
              "Plans": [
                {
                  "Node Type": "Hash Join",
                  "Parent Relationship": "Outer",
                  "Parallel Aware": true,
                  "Join Type": "Inner",
                  "Startup Cost": 251958.19,
                  "Total Cost": 299923.67,
                  "Plan Rows": 510499,
                  "Plan Width": 0,
                  "Actual Startup Time": 1271.173,
                  "Actual Total Time": 1885.633,
                  "Actual Rows": 5811444,
                  "Actual Loops": 4,
                  "Inner Unique": false,
                  "Hash Cond": "(mk.movie_id = t.id)",
                  "Plans": [
                    {
                      "Node Type": "Seq Scan",
                      "Parent Relationship": "Outer",
                      "Parallel Aware": true,
                      "Relation Name": "movie_keyword",
                      "Alias": "mk",
                      "Startup Cost": 0.0,
                      "Total Cost": 42695.65,
                      "Plan Rows": 1133021,
                      "Plan Width": 4,
                      "Actual Startup Time": 0.038,
                      "Actual Total Time": 108.552,
                      "Actual Rows": 878183,
                      "Actual Loops": 4,
                      "Filter": "(keyword_id < 17955)",
                      "Rows Removed by Filter": 252800
                    },
                    {
                      "Node Type": "Hash",
                      "Parent Relationship": "Inner",
                      "Parallel Aware": true,
                      "Startup Cost": 249110.14,
                      "Total Cost": 249110.14,
                      "Plan Rows": 227844,
                      "Plan Width": 8,
                      "Actual Startup Time": 1266.942,
                      "Actual Total Time": 1266.948,
                      "Actual Rows": 659420,
                      "Actual Loops": 4,
                      "Hash Buckets": 4194304,
                      "Original Hash Buckets": 2097152,
                      "Hash Batches": 1,
                      "Original Hash Batches": 1,
                      "Peak Memory Usage": 152416,
                      "Plans": [
                        {
                          "Node Type": "Hash Join",
                          "Parent Relationship": "Outer",
                          "Parallel Aware": true,
                          "Join Type": "Inner",
                          "Startup Cost": 47118.55,
                          "Total Cost": 249110.14,
                          "Plan Rows": 227844,
                          "Plan Width": 8,
                          "Actual Startup Time": 157.05,
                          "Actual Total Time": 935.706,
                          "Actual Rows": 659420,
                          "Actual Loops": 4,
                          "Inner Unique": true,
                          "Hash Cond": "(mi.movie_id = t.id)",
                          "Plans": [
                            {
                              "Node Type": "Seq Scan",
                              "Parent Relationship": "Outer",
                              "Parallel Aware": true,
                              "Relation Name": "movie_info",
                              "Alias": "mi",
                              "Startup Cost": 0.0,
                              "Total Cost": 199108.24,
                              "Plan Rows": 1098417,
                              "Plan Width": 4,
                              "Actual Startup Time": 0.028,
                              "Actual Total Time": 430.16,
                              "Actual Rows": 1352630,
                              "Actual Loops": 4,
                              "Filter": "(info_type_id < 6)",
                              "Rows Removed by Filter": 2356300
                            },
                            {
                              "Node Type": "Hash",
                              "Parent Relationship": "Inner",
                              "Parallel Aware": true,
                              "Startup Cost": 45479.59,
                              "Total Cost": 45479.59,
                              "Plan Rows": 131117,
                              "Plan Width": 4,
                              "Actual Startup Time": 153.708,
                              "Actual Total Time": 153.71,
                              "Actual Rows": 152383,
                              "Actual Loops": 4,
                              "Hash Buckets": 1048576,
                              "Original Hash Buckets": 1048576,
                              "Hash Batches": 1,
                              "Original Hash Batches": 1,
                              "Peak Memory Usage": 32096,
                              "Plans": [
                                {
                                  "Node Type": "Seq Scan",
                                  "Parent Relationship": "Outer",
                                  "Parallel Aware": true,
                                  "Relation Name": "title",
                                  "Alias": "t",
                                  "Startup Cost": 0.0,
                                  "Total Cost": 45479.59,
                                  "Plan Rows": 131117,
                                  "Plan Width": 4,
                                  "Actual Startup Time": 0.03,
                                  "Actual Total Time": 96.997,
                                  "Actual Rows": 152383,
                                  "Actual Loops": 4,
                                  "Filter": "((kind_id < 7) AND (production_year < 2005))",
                                  "Rows Removed by Filter": 479695
                                }
                              ]
                            }
                          ]
                        }
                      ]
                    }
                  ]
                }
              ]
            }
          ]
        }
      ]
    },
    "Planning Time": 0.546,
    "Triggers": [],
    "Execution Time": 2192.196
  }
]