[
  {
    "Plan": {
      "Node Type": "Aggregate",
      "Strategy": "Plain",
      "Partial Mode": "Finalize",
      "Parallel Aware": false,
      "Startup Cost": 340472.16,
      "Total Cost": 340472.17,
      "Plan Rows": 1,
      "Plan Width": 8,
      "Actual Startup Time": 872.961,
      "Actual Total Time": 930.643,
      "Actual Rows": 1,
      "Actual Loops": 1,
      "Plans": [
        {
          "Node Type": "Gather",
          "Parent Relationship": "Outer",
          "Parallel Aware": false,
          "Startup Cost": 340471.54,
          "Total Cost": 340472.15,
          "Plan Rows": 6,
          "Plan Width": 8,
          "Actual Startup Time": 872.856,
          "Actual Total Time": 930.634,
          "Actual Rows": 7,
          "Actual Loops": 1,
          "Workers Planned": 6,
          "Workers Launched": 6,
          "Single Copy": false,
          "Plans": [
            {
              "Node Type": "Aggregate",
              "Strategy": "Plain",
              "Partial Mode": "Partial",
              "Parent Relationship": "Outer",
              "Parallel Aware": false,
              "Startup Cost": 339471.54,
              "Total Cost": 339471.55,
              "Plan Rows": 1,
              "Plan Width": 8,
              "Actual Startup Time": 866.026,
              "Actual Total Time": 866.027,
              "Actual Rows": 1,
              "Actual Loops": 7,
              "Plans": [
                {
                  "Node Type": "Seq Scan",
                  "Parent Relationship": "Outer",
                  "Parallel Aware": true,
                  "Relation Name": "cast_info",
                  "Alias": "ci",
                  "Startup Cost": 0.0,
                  "Total Cost": 328162.03,
                  "Plan Rows": 4523804,
                  "Plan Width": 0,
                  "Actual Startup Time": 113.425,
                  "Actual Total Time": 683.408,
                  "Actual Rows": 3859073,
                  "Actual Loops": 7,
                  "Filter": "(person_id > 908286)",
                  "Rows Removed by Filter": 1318690
                }
              ]
            }
          ]
        }
      ]
    },
    "Planning Time": 0.128,
    "Triggers": [],
    "Execution Time": 930.701
  }
]