[
  {
    "Plan": {
      "Node Type": "Aggregate",
      "Strategy": "Plain",
      "Partial Mode": "Finalize",
      "Parallel Aware": false,
      "Startup Cost": 95050.32,
      "Total Cost": 95050.33,
      "Plan Rows": 1,
      "Plan Width": 8,
      "Actual Startup Time": 486.835,
      "Actual Total Time": 510.796,
      "Actual Rows": 1,
      "Actual Loops": 1,
      "Plans": [
        {
          "Node Type": "Gather",
          "Parent Relationship": "Outer",
          "Parallel Aware": false,
          "Startup Cost": 95050.0,
          "Total Cost": 95050.31,
          "Plan Rows": 3,
          "Plan Width": 8,
          "Actual Startup Time": 484.434,
          "Actual Total Time": 510.786,
          "Actual Rows": 4,
          "Actual Loops": 1,
          "Workers Planned": 3,
          "Workers Launched": 3,
          "Single Copy": false,
          "Plans": [
            {
              "Node Type": "Aggregate",
              "Strategy": "Plain",
              "Partial Mode": "Partial",
              "Parent Relationship": "Outer",
              "Parallel Aware": false,
              "Startup Cost": 94050.0,
              "Total Cost": 94050.01,
              "Plan Rows": 1,
              "Plan Width": 8,
              "Actual Startup Time": 475.321,
              "Actual Total Time": 475.325,
              "Actual Rows": 1,
              "Actual Loops": 4,
              "Plans": [
                {
                  "Node Type": "Hash Join",
                  "Parent Relationship": "Outer",
                  "Parallel Aware": true,
                  "Join Type": "Inner",
                  "Startup Cost": 47022.81,
                  "Total Cost": 93370.66,
                  "Plan Rows": 271738,
                  "Plan Width": 0,
                  "Actual Startup Time": 169.884,
                  "Actual Total Time": 456.623,
                  "Actual Rows": 332341,
                  "Actual Loops": 4,
                  "Inner Unique": true,
                  "Hash Cond": "(mk.movie_id = t.id)",
                  "Plans": [
                    {
                      "Node Type": "Seq Scan",
                      "Parent Relationship": "Outer",
                      "Parallel Aware": true,
                      "Relation Name": "movie_keyword",
                      "Alias": "mk",
                      "Startup Cost": 0.0,
                      "Total Cost": 42695.65,
                      "Plan Rows": 1391308,
                      "Plan Width": 4,
                      "Actual Startup Time": 0.048,
                      "Actual Total Time": 147.103,
                      "Actual Rows": 1078906,
                      "Actual Loops": 4,
                      "Filter": "(keyword_id > 137)",
                      "Rows Removed by Filter": 52076
                    },
                    {
                      "Node Type": "Hash",
                      "Parent Relationship": "Inner",
                      "Parallel Aware": true,
                      "Startup Cost": 45479.59,
                      "Total Cost": 45479.59,
                      "Plan Rows": 123458,
                      "Plan Width": 4,
                      "Actual Startup Time": 165.91,
                      "Actual Total Time": 165.911,
                      "Actual Rows": 105071,
                      "Actual Loops": 4,
                      "Hash Buckets": 524288,
                      "Original Hash Buckets": 524288,
                      "Hash Batches": 1,
                      "Original Hash Batches": 1,
                      "Peak Memory Usage": 20608,
                      "Plans": [
                        {
                          "Node Type": "Seq Scan",
                          "Parent Relationship": "Outer",
                          "Parallel Aware": true,
                          "Relation Name": "title",
                          "Alias": "t",
                          "Startup Cost": 0.0,
                          "Total Cost": 45479.59,
                          "Plan Rows": 123458,
                          "Plan Width": 4,
                          "Actual Startup Time": 0.056,
                          "Actual Total Time": 121.667,
                          "Actual Rows": 105071,
                          "Actual Loops": 4,
                          "Filter": "((kind_id < 7) AND (production_year > 2002))",
                          "Rows Removed by Filter": 527007
                        }
                      ]
                    }
                  ]
                }
              ]
            }
          ]
        }
      ]
    },
    "Planning Time": 0.653,
    "Triggers": [],
    "Execution Time": 510.868
  }
]