[
  {
    "Plan": {
      "Node Type": "Aggregate",
      "Strategy": "Plain",
      "Partial Mode": "Finalize",
      "Parallel Aware": false,
      "Startup Cost": 418784.11,
      "Total Cost": 418784.12,
      "Plan Rows": 1,
      "Plan Width": 8,
      "Actual Startup Time": 1783.631,
      "Actual Total Time": 1839.394,
      "Actual Rows": 1,
      "Actual Loops": 1,
      "Plans": [
        {
          "Node Type": "Gather",
          "Parent Relationship": "Outer",
          "Parallel Aware": false,
          "Startup Cost": 418783.48,
          "Total Cost": 418784.09,
          "Plan Rows": 6,
          "Plan Width": 8,
          "Actual Startup Time": 1771.568,
          "Actual Total Time": 1839.379,
          "Actual Rows": 7,
          "Actual Loops": 1,
          "Workers Planned": 6,
          "Workers Launched": 6,
          "Single Copy": false,
          "Plans": [
            {
              "Node Type": "Aggregate",
              "Strategy": "Plain",
              "Partial Mode": "Partial",
              "Parent Relationship": "Outer",
              "Parallel Aware": false,
              "Startup Cost": 417783.48,
              "Total Cost": 417783.49,
              "Plan Rows": 1,
              "Plan Width": 8,
              "Actual Startup Time": 1759.731,
              "Actual Total Time": 1759.956,
              "Actual Rows": 1,
              "Actual Loops": 7,
              "Plans": [
                {
                  "Node Type": "Hash Join",
                  "Parent Relationship": "Outer",
                  "Parallel Aware": true,
                  "Join Type": "Inner",
                  "Startup Cost": 66230.12,
                  "Total Cost": 415030.1,
                  "Plan Rows": 1101353,
                  "Plan Width": 0,
                  "Actual Startup Time": 392.271,
                  "Actual Total Time": 1669.566,
                  "Actual Rows": 1813266,
                  "Actual Loops": 7,
                  "Inner Unique": false,
                  "Hash Cond": "(ci.movie_id = t.id)",
                  "Plans": [
                    {
                      "Node Type": "Seq Scan",
                      "Parent Relationship": "Outer",
                      "Parallel Aware": true,
                      "Relation Name": "cast_info",
                      "Alias": "ci",
                      "Startup Cost": 0.0,
                      "Total Cost": 328211.39,
                      "Plan Rows": 4266563,
                      "Plan Width": 4,
                      "Actual Startup Time": 111.121,
                      "Actual Total Time": 636.206,
                      "Actual Rows": 3652751,
                      "Actual Loops": 7,
                      "Filter": "(person_id > 1047436)",
                      "Rows Removed by Filter": 1525012
                    },
                    {
                      "Node Type": "Hash",
                      "Parent Relationship": "Inner",
                      "Parallel Aware": true,
                      "Startup Cost": 62830.76,
                      "Total Cost": 62830.76,
                      "Plan Rows": 271949,
                      "Plan Width": 8,
                      "Actual Startup Time": 277.516,
                      "Actual Total Time": 277.739,
                      "Actual Rows": 77104,
                      "Actual Loops": 7,
                      "Hash Buckets": 1048576,
                      "Original Hash Buckets": 1048576,
                      "Hash Batches": 1,
                      "Original Hash Batches": 1,
                      "Peak Memory Usage": 29408,
                      "Plans": [
                        {
                          "Node Type": "Hash Join",
                          "Parent Relationship": "Outer",
                          "Parallel Aware": true,
                          "Join Type": "Inner",
                          "Startup Cost": 47636.2,
                          "Total Cost": 62830.76,
                          "Plan Rows": 271949,
                          "Plan Width": 8,
                          "Actual Startup Time": 181.076,
                          "Actual Total Time": 246.098,
                          "Actual Rows": 77104,
                          "Actual Loops": 7,
                          "Inner Unique": true,
                          "Hash Cond": "(mi_idx.movie_id = t.id)",
                          "Plans": [
                            {
                              "Node Type": "Seq Scan",
                              "Parent Relationship": "Outer",
                              "Parallel Aware": true,
                              "Relation Name": "movie_info_idx",
                              "Alias": "mi_idx",
                              "Startup Cost": 0.0,
                              "Total Cost": 13685.15,
                              "Plan Rows": 575015,
                              "Plan Width": 4,
                              "Actual Startup Time": 0.021,
                              "Actual Total Time": 20.617,
                              "Actual Rows": 197148,
                              "Actual Loops": 7
                            },
                            {
                              "Node Type": "Hash",
                              "Parent Relationship": "Inner",
                              "Parallel Aware": true,
                              "Startup Cost": 43899.32,
                              "Total Cost": 43899.32,
                              "Plan Rows": 298950,
                              "Plan Width": 4,
                              "Actual Startup Time": 178.157,
                              "Actual Total Time": 178.158,
                              "Actual Rows": 170360,
                              "Actual Loops": 7,
                              "Hash Buckets": 2097152,
                              "Original Hash Buckets": 2097152,
                              "Hash Batches": 1,
                              "Original Hash Batches": 1,
                              "Peak Memory Usage": 63136,
                              "Plans": [
                                {
                                  "Node Type": "Seq Scan",
                                  "Parent Relationship": "Outer",
                                  "Parallel Aware": true,
                                  "Relation Name": "title",
                                  "Alias": "t",
                                  "Startup Cost": 0.0,
                                  "Total Cost": 43899.32,
                                  "Plan Rows": 298950,
                                  "Plan Width": 4,
                                  "Actual Startup Time": 0.059,
                                  "Actual Total Time": 81.345,
                                  "Actual Rows": 170360,
                                  "Actual Loops": 7,
                                  "Filter": "(production_year > 2003)",
                                  "Rows Removed by Filter": 190828
                                }
                              ]
                            }
                          ]
                        }
                      ]
                    }
                  ]
                }
              ]
            }
          ]
        }
      ]
    },
    "Planning Time": 1.169,
    "Triggers": [],
    "Execution Time": 1839.484
  }
]