[
  {
    "Plan": {
      "Node Type": "Aggregate",
      "Strategy": "Plain",
      "Partial Mode": "Finalize",
      "Parallel Aware": false,
      "Startup Cost": 336250.58,
      "Total Cost": 336250.59,
      "Plan Rows": 1,
      "Plan Width": 8,
      "Actual Startup Time": 743.716,
      "Actual Total Time": 808.399,
      "Actual Rows": 1,
      "Actual Loops": 1,
      "Plans": [
        {
          "Node Type": "Gather",
          "Parent Relationship": "Outer",
          "Parallel Aware": false,
          "Startup Cost": 336249.96,
          "Total Cost": 336250.57,
          "Plan Rows": 6,
          "Plan Width": 8,
          "Actual Startup Time": 743.374,
          "Actual Total Time": 808.387,
          "Actual Rows": 7,
          "Actual Loops": 1,
          "Workers Planned": 6,
          "Workers Launched": 6,
          "Single Copy": false,
          "Plans": [
            {
              "Node Type": "Aggregate",
              "Strategy": "Plain",
              "Partial Mode": "Partial",
              "Parent Relationship": "Outer",
              "Parallel Aware": false,
              "Startup Cost": 335249.96,
              "Total Cost": 335249.97,
              "Plan Rows": 1,
              "Plan Width": 8,
              "Actual Startup Time": 734.917,
              "Actual Total Time": 734.918,
              "Actual Rows": 1,
              "Actual Loops": 7,
              "Plans": [
                {
                  "Node Type": "Seq Scan",
                  "Parent Relationship": "Outer",
                  "Parallel Aware": true,
                  "Relation Name": "cast_info",
                  "Alias": "ci",
                  "Startup Cost": 0.0,
                  "Total Cost": 328162.03,
                  "Plan Rows": 2835173,
                  "Plan Width": 0,
                  "Actual Startup Time": 0.042,
                  "Actual Total Time": 617.81,
                  "Actual Rows": 2438508,
                  "Actual Loops": 7,
                  "Filter": "(person_id < 1686846)",
                  "Rows Removed by Filter": 2739255
                }
              ]
            }
          ]
        }
      ]
    },
    "Planning Time": 0.185,
    "Triggers": [],
    "Execution Time": 808.461
  }
]