[
  {
    "Plan": {
      "Node Type": "Aggregate",
      "Strategy": "Plain",
      "Partial Mode": "Finalize",
      "Parallel Aware": false,
      "Startup Cost": 350927.31,
      "Total Cost": 350927.32,
      "Plan Rows": 1,
      "Plan Width": 8,
      "Actual Startup Time": 715.609,
      "Actual Total Time": 772.292,
      "Actual Rows": 1,
      "Actual Loops": 1,
      "Plans": [
        {
          "Node Type": "Gather",
          "Parent Relationship": "Outer",
          "Parallel Aware": false,
          "Startup Cost": 350926.69,
          "Total Cost": 350927.3,
          "Plan Rows": 6,
          "Plan Width": 8,
          "Actual Startup Time": 715.501,
          "Actual Total Time": 772.282,
          "Actual Rows": 7,
          "Actual Loops": 1,
          "Workers Planned": 6,
          "Workers Launched": 6,
          "Single Copy": false,
          "Plans": [
            {
              "Node Type": "Aggregate",
              "Strategy": "Plain",
              "Partial Mode": "Partial",
              "Parent Relationship": "Outer",
              "Parallel Aware": false,
              "Startup Cost": 349926.69,
              "Total Cost": 349926.7,
              "Plan Rows": 1,
              "Plan Width": 8,
              "Actual Startup Time": 706.213,
              "Actual Total Time": 706.215,
              "Actual Rows": 1,
              "Actual Loops": 7,
              "Plans": [
                {
                  "Node Type": "Seq Scan",
                  "Parent Relationship": "Outer",
                  "Parallel Aware": true,
                  "Relation Name": "cast_info",
                  "Alias": "ci",
                  "Startup Cost": 0.0,
                  "Total Cost": 343257.03,
                  "Plan Rows": 2667863,
                  "Plan Width": 0,
                  "Actual Startup Time": 220.389,
                  "Actual Total Time": 635.18,
                  "Actual Rows": 1687573,
                  "Actual Loops": 7,
                  "Filter": "((person_id < 2516173) AND (role_id > 1))",
                  "Rows Removed by Filter": 3490191
                }
              ]
            }
          ]
        }
      ]
    },
    "Planning Time": 0.192,
    "Triggers": [],
    "Execution Time": 772.356
  }
]