[
  {
    "Plan": {
      "Node Type": "Aggregate",
      "Strategy": "Plain",
      "Partial Mode": "Simple",
      "Parallel Aware": false,
      "Startup Cost": 6201.06,
      "Total Cost": 6201.07,
      "Plan Rows": 1,
      "Plan Width": 8,
      "Actual Startup Time": 1.977,
      "Actual Total Time": 1.978,
      "Actual Rows": 1,
      "Actual Loops": 1,
      "Plans": [
        {
          "Node Type": "Index Scan",
          "Parent Relationship": "Outer",
          "Parallel Aware": false,
          "Scan Direction": "Forward",
          "Index Name": "company_id_movie_companies",
          "Relation Name": "movie_companies",
          "Alias": "mc",
          "Startup Cost": 0.43,
          "Total Cost": 6197.95,
          "Plan Rows": 1242,
          "Plan Width": 0,
          "Actual Startup Time": 0.143,
          "Actual Total Time": 1.846,
          "Actual Rows": 1309,
          "Actual Loops": 1,
          "Index Cond": "(company_id = 663)",
          "Rows Removed by Index Recheck": 0,
          "Filter": "(company_type_id = 1)",
          "Rows Removed by Filter": 224
        }
      ]
    },
    "Planning Time": 0.315,
    "Triggers": [],
    "Execution Time": 2.012
  }
]