[
  {
    "Plan": {
      "Node Type": "Aggregate",
      "Strategy": "Plain",
      "Partial Mode": "Finalize",
      "Parallel Aware": false,
      "Startup Cost": 223709.35,
      "Total Cost": 223709.36,
      "Plan Rows": 1,
      "Plan Width": 8,
      "Actual Startup Time": 1875.658,
      "Actual Total Time": 1915.986,
      "Actual Rows": 1,
      "Actual Loops": 1,
      "Plans": [
        {
          "Node Type": "Gather",
          "Parent Relationship": "Outer",
          "Parallel Aware": false,
          "Startup Cost": 223709.03,
          "Total Cost": 223709.34,
          "Plan Rows": 3,
          "Plan Width": 8,
          "Actual Startup Time": 1853.756,
          "Actual Total Time": 1915.976,
          "Actual Rows": 4,
          "Actual Loops": 1,
          "Workers Planned": 3,
          "Workers Launched": 3,
          "Single Copy": false,
          "Plans": [
            {
              "Node Type": "Aggregate",
              "Strategy": "Plain",
              "Partial Mode": "Partial",
              "Parent Relationship": "Outer",
              "Parallel Aware": false,
              "Startup Cost": 222709.03,
              "Total Cost": 222709.04,
              "Plan Rows": 1,
              "Plan Width": 8,
              "Actual Startup Time": 1843.958,
              "Actual Total Time": 1845.039,
              "Actual Rows": 1,
              "Actual Loops": 4,
              "Plans": [
                {
                  "Node Type": "Hash Join",
                  "Parent Relationship": "Outer",
                  "Parallel Aware": true,
                  "Join Type": "Inner",
                  "Startup Cost": 168938.9,
                  "Total Cost": 218861.34,
                  "Plan Rows": 1539078,
                  "Plan Width": 0,
                  "Actual Startup Time": 1258.845,
                  "Actual Total Time": 1707.511,
                  "Actual Rows": 2909704,
                  "Actual Loops": 4,
                  "Inner Unique": false,
                  "Hash Cond": "(mk.movie_id = t.id)",
                  "Plans": [
                    {
                      "Node Type": "Seq Scan",
                      "Parent Relationship": "Outer",
                      "Parallel Aware": true,
                      "Relation Name": "movie_keyword",
                      "Alias": "mk",
                      "Startup Cost": 0.0,
                      "Total Cost": 42695.65,
                      "Plan Rows": 1106301,
                      "Plan Width": 4,
                      "Actual Startup Time": 0.057,
                      "Actual Total Time": 111.906,
                      "Actual Rows": 855406,
                      "Actual Loops": 4,
                      "Filter": "(keyword_id > 1132)",
                      "Rows Removed by Filter": 275576
                    },
                    {
                      "Node Type": "Hash",
                      "Parent Relationship": "Inner",
                      "Parallel Aware": true,
                      "Startup Cost": 160145.43,
                      "Total Cost": 160145.43,
                      "Plan Rows": 703477,
                      "Plan Width": 8,
                      "Actual Startup Time": 1251.492,
                      "Actual Total Time": 1252.571,
                      "Actual Rows": 954542,
                      "Actual Loops": 4,
                      "Hash Buckets": 4194304,
                      "Original Hash Buckets": 4194304,
                      "Hash Batches": 1,
                      "Original Hash Batches": 1,
                      "Peak Memory Usage": 182240,
                      "Plans": [
                        {
                          "Node Type": "Hash Join",
                          "Parent Relationship": "Outer",
                          "Parallel Aware": true,
                          "Join Type": "Inner",
                          "Startup Cost": 50841.2,
                          "Total Cost": 160145.43,
                          "Plan Rows": 703477,
                          "Plan Width": 8,
                          "Actual Startup Time": 310.531,
                          "Actual Total Time": 923.942,
                          "Actual Rows": 954542,
                          "Actual Loops": 4,
                          "Inner Unique": true,
                          "Hash Cond": "(ci.movie_id = t.id)",
                          "Plans": [
                            {
                              "Node Type": "Index Scan",
                              "Parent Relationship": "Outer",
                              "Parallel Aware": true,
                              "Scan Direction": "Forward",
                              "Index Name": "role_id_cast_info",
                              "Relation Name": "cast_info",
                              "Alias": "ci",
                              "Startup Cost": 0.56,
                              "Total Cost": 107202.96,
                              "Plan Rows": 800703,
                              "Plan Width": 4,
                              "Actual Startup Time": 0.086,
                              "Actual Total Time": 172.042,
                              "Actual Rows": 1002009,
                              "Actual Loops": 4,
                              "Index Cond": "(role_id = 3)",
                              "Rows Removed by Index Recheck": 0
                            },
                            {
                              "Node Type": "Hash",
                              "Parent Relationship": "Inner",
                              "Parallel Aware": true,
                              "Startup Cost": 43899.01,
                              "Total Cost": 43899.01,
                              "Plan Rows": 555330,
                              "Plan Width": 4,
                              "Actual Startup Time": 304.554,
                              "Actual Total Time": 304.555,
                              "Actual Rows": 556334,
                              "Actual Loops": 4,
                              "Hash Buckets": 4194304,
                              "Original Hash Buckets": 4194304,
                              "Hash Batches": 1,
                              "Original Hash Batches": 1,
                              "Peak Memory Usage": 119872,
                              "Plans": [
                                {
                                  "Node Type": "Seq Scan",
                                  "Parent Relationship": "Outer",
                                  "Parallel Aware": true,
                                  "Relation Name": "title",
                                  "Alias": "t",
                                  "Startup Cost": 0.0,
                                  "Total Cost": 43899.01,
                                  "Plan Rows": 555330,
                                  "Plan Width": 4,
                                  "Actual Startup Time": 0.042,
                                  "Actual Total Time": 106.63,
                                  "Actual Rows": 556334,
                                  "Actual Loops": 4,
                                  "Filter": "(production_year > 1958)",
                                  "Rows Removed by Filter": 75744
                                }
                              ]
                            }
                          ]
                        }
                      ]
                    }
                  ]
                }
              ]
            }
          ]
        }
      ]
    },
    "Planning Time": 0.501,
    "Triggers": [],
    "Execution Time": 1916.03
  }
]