[
  {
    "Plan": {
      "Node Type": "Aggregate",
      "Strategy": "Plain",
      "Partial Mode": "Finalize",
      "Parallel Aware": false,
      "Startup Cost": 31107.56,
      "Total Cost": 31107.57,
      "Plan Rows": 1,
      "Plan Width": 8,
      "Actual Startup Time": 98.015,
      "Actual Total Time": 104.681,
      "Actual Rows": 1,
      "Actual Loops": 1,
      "Plans": [
        {
          "Node Type": "Gather",
          "Parent Relationship": "Outer",
          "Parallel Aware": false,
          "Startup Cost": 31107.24,
          "Total Cost": 31107.55,
          "Plan Rows": 3,
          "Plan Width": 8,
          "Actual Startup Time": 97.92,
          "Actual Total Time": 104.674,
          "Actual Rows": 4,
          "Actual Loops": 1,
          "Workers Planned": 3,
          "Workers Launched": 3,
          "Single Copy": false,
          "Plans": [
            {
              "Node Type": "Aggregate",
              "Strategy": "Plain",
              "Partial Mode": "Partial",
              "Parent Relationship": "Outer",
              "Parallel Aware": false,
              "Startup Cost": 30107.24,
              "Total Cost": 30107.25,
              "Plan Rows": 1,
              "Plan Width": 8,
              "Actual Startup Time": 89.837,
              "Actual Total Time": 89.838,
              "Actual Rows": 1,
              "Actual Loops": 4,
              "Plans": [
                {
                  "Node Type": "Seq Scan",
                  "Parent Relationship": "Outer",
                  "Parallel Aware": true,
                  "Relation Name": "movie_companies",
                  "Alias": "mc",
                  "Startup Cost": 0.0,
                  "Total Cost": 29310.68,
                  "Plan Rows": 318624,
                  "Plan Width": 0,
                  "Actual Startup Time": 17.241,
                  "Actual Total Time": 78.322,
                  "Actual Rows": 245310,
                  "Actual Loops": 4,
                  "Filter": "(company_id > 17386)",
                  "Rows Removed by Filter": 406972
                }
              ]
            }
          ]
        }
      ]
    },
    "Planning Time": 0.099,
    "Triggers": [],
    "Execution Time": 104.714
  }
]