[
  {
    "Plan": {
      "Node Type": "Aggregate",
      "Strategy": "Plain",
      "Partial Mode": "Finalize",
      "Parallel Aware": false,
      "Startup Cost": 31091.02,
      "Total Cost": 31091.03,
      "Plan Rows": 1,
      "Plan Width": 8,
      "Actual Startup Time": 109.136,
      "Actual Total Time": 117.628,
      "Actual Rows": 1,
      "Actual Loops": 1,
      "Plans": [
        {
          "Node Type": "Gather",
          "Parent Relationship": "Outer",
          "Parallel Aware": false,
          "Startup Cost": 31090.71,
          "Total Cost": 31091.02,
          "Plan Rows": 3,
          "Plan Width": 8,
          "Actual Startup Time": 109.031,
          "Actual Total Time": 117.619,
          "Actual Rows": 4,
          "Actual Loops": 1,
          "Workers Planned": 3,
          "Workers Launched": 3,
          "Single Copy": false,
          "Plans": [
            {
              "Node Type": "Aggregate",
              "Strategy": "Plain",
              "Partial Mode": "Partial",
              "Parent Relationship": "Outer",
              "Parallel Aware": false,
              "Startup Cost": 30090.71,
              "Total Cost": 30090.72,
              "Plan Rows": 1,
              "Plan Width": 8,
              "Actual Startup Time": 100.116,
              "Actual Total Time": 100.117,
              "Actual Rows": 1,
              "Actual Loops": 4,
              "Plans": [
                {
                  "Node Type": "Seq Scan",
                  "Parent Relationship": "Outer",
                  "Parallel Aware": true,
                  "Relation Name": "movie_companies",
                  "Alias": "mc",
                  "Startup Cost": 0.0,
                  "Total Cost": 29310.68,
                  "Plan Rows": 312010,
                  "Plan Width": 0,
                  "Actual Startup Time": 24.006,
                  "Actual Total Time": 87.676,
                  "Actual Rows": 245310,
                  "Actual Loops": 4,
                  "Filter": "(company_id > 17386)",
                  "Rows Removed by Filter": 406972
                }
              ]
            }
          ]
        }
      ]
    },
    "Planning Time": 0.233,
    "Triggers": [],
    "Execution Time": 117.692
  }
]