{
    "Plan": {
        "Node Type": "Aggregate",
        "Strategy": "Plain",
        "Partial Mode": "Finalize",
        "Parallel Aware": false,
        "Startup Cost": 272602.93,
        "Total Cost": 272602.94,
        "Plan Rows": 1,
        "Plan Width": 8,
        "Actual Startup Time": 2455.564,
        "Actual Total Time": 2550.414,
        "Actual Rows": 1,
        "Actual Loops": 1,
        "Output": [
            "count(*)"
        ],
        "Plans": [
            {
                "Node Type": "Gather",
                "Parent Relationship": "Outer",
                "Parallel Aware": false,
                "Startup Cost": 272602.51,
                "Total Cost": 272602.92,
                "Plan Rows": 4,
                "Plan Width": 8,
                "Actual Startup Time": 2453.973,
                "Actual Total Time": 2550.398,
                "Actual Rows": 5,
                "Actual Loops": 1,
                "Output": [
                    "(PARTIAL count(*))"
                ],
                "Workers Planned": 4,
                "Workers Launched": 4,
                "Single Copy": false,
                "Plans": [
                    {
                        "Node Type": "Aggregate",
                        "Strategy": "Plain",
                        "Partial Mode": "Partial",
                        "Parent Relationship": "Outer",
                        "Parallel Aware": false,
                        "Startup Cost": 271602.51,
                        "Total Cost": 271602.52,
                        "Plan Rows": 1,
                        "Plan Width": 8,
                        "Actual Startup Time": 2443.657,
                        "Actual Total Time": 2443.661,
                        "Actual Rows": 1,
                        "Actual Loops": 5,
                        "Output": [
                            "PARTIAL count(*)"
                        ],
                        "Workers": [
                            {
                                "Worker Number": 0,
                                "Actual Startup Time": 2441.082,
                                "Actual Total Time": 2441.085,
                                "Actual Rows": 1,
                                "Actual Loops": 1
                            },
                            {
                                "Worker Number": 1,
                                "Actual Startup Time": 2441.17,
                                "Actual Total Time": 2441.173,
                                "Actual Rows": 1,
                                "Actual Loops": 1
                            },
                            {
                                "Worker Number": 2,
                                "Actual Startup Time": 2441.313,
                                "Actual Total Time": 2441.316,
                                "Actual Rows": 1,
                                "Actual Loops": 1
                            },
                            {
                                "Worker Number": 3,
                                "Actual Startup Time": 2441.615,
                                "Actual Total Time": 2441.618,
                                "Actual Rows": 1,
                                "Actual Loops": 1
                            }
                        ],
                        "Plans": [
                            {
                                "Node Type": "Nested Loop",
                                "Parent Relationship": "Outer",
                                "Parallel Aware": false,
                                "Join Type": "Inner",
                                "Startup Cost": 17512.67,
                                "Total Cost": 268582.87,
                                "Plan Rows": 1207858,
                                "Plan Width": 0,
                                "Actual Startup Time": 73.856,
                                "Actual Total Time": 2373.593,
                                "Actual Rows": 1484748,
                                "Actual Loops": 5,
                                "Inner Unique": false,
                                "Workers": [
                                    {
                                        "Worker Number": 0,
                                        "Actual Startup Time": 71.472,
                                        "Actual Total Time": 2361.586,
                                        "Actual Rows": 1250761,
                                        "Actual Loops": 1
                                    },
                                    {
                                        "Worker Number": 1,
                                        "Actual Startup Time": 71.369,
                                        "Actual Total Time": 2372.749,
                                        "Actual Rows": 1518897,
                                        "Actual Loops": 1
                                    },
                                    {
                                        "Worker Number": 2,
                                        "Actual Startup Time": 71.277,
                                        "Actual Total Time": 2379.986,
                                        "Actual Rows": 1359461,
                                        "Actual Loops": 1
                                    },
                                    {
                                        "Worker Number": 3,
                                        "Actual Startup Time": 71.927,
                                        "Actual Total Time": 2372.723,
                                        "Actual Rows": 1536279,
                                        "Actual Loops": 1
                                    }
                                ],
                                "Plans": [
                                    {
                                        "Node Type": "Hash Join",
                                        "Parent Relationship": "Outer",
                                        "Parallel Aware": true,
                                        "Join Type": "Inner",
                                        "Startup Cost": 17512.11,
                                        "Total Cost": 63503.01,
                                        "Plan Rows": 84238,
                                        "Plan Width": 8,
                                        "Actual Startup Time": 73.747,
                                        "Actual Total Time": 322.962,
                                        "Actual Rows": 50009,
                                        "Actual Loops": 5,
                                        "Output": [
                                            "t.id",
                                            "mi_idx.movie_id"
                                        ],
                                        "Inner Unique": false,
                                        "Hash Cond": "(t.id = mi_idx.movie_id)",
                                        "Workers": [
                                            {
                                                "Worker Number": 0,
                                                "Actual Startup Time": 71.302,
                                                "Actual Total Time": 313.488,
                                                "Actual Rows": 42720,
                                                "Actual Loops": 1
                                            },
                                            {
                                                "Worker Number": 1,
                                                "Actual Startup Time": 71.241,
                                                "Actual Total Time": 320.371,
                                                "Actual Rows": 51233,
                                                "Actual Loops": 1
                                            },
                                            {
                                                "Worker Number": 2,
                                                "Actual Startup Time": 71.163,
                                                "Actual Total Time": 314.405,
                                                "Actual Rows": 45511,
                                                "Actual Loops": 1
                                            },
                                            {
                                                "Worker Number": 3,
                                                "Actual Startup Time": 71.824,
                                                "Actual Total Time": 323.159,
                                                "Actual Rows": 51735,
                                                "Actual Loops": 1
                                            }
                                        ],
                                        "Plans": [
                                            {
                                                "Node Type": "Seq Scan",
                                                "Parent Relationship": "Outer",
                                                "Parallel Aware": true,
                                                "Relation Name": "title",
                                                "Schema": "public",
                                                "Alias": "t",
                                                "Startup Cost": 0.0,
                                                "Total Cost": 43899.01,
                                                "Plan Rows": 464242,
                                                "Plan Width": 4,
                                                "Actual Startup Time": 0.032,
                                                "Actual Total Time": 80.139,
                                                "Actual Rows": 373097,
                                                "Actual Loops": 5,
                                                "Output": [
                                                    "t.id",
                                                    "t.title",
                                                    "t.imdb_index",
                                                    "t.kind_id",
                                                    "t.production_year",
                                                    "t.imdb_id",
                                                    "t.phonetic_code",
                                                    "t.episode_of_id",
                                                    "t.season_nr",
                                                    "t.episode_nr",
                                                    "t.series_years",
                                                    "t.md5sum"
                                                ],
                                                "Filter": "(t.kind_id > 1)",
                                                "Rows Removed by Filter": 132565,
                                                "Workers": [
                                                    {
                                                        "Worker Number": 0,
                                                        "Actual Startup Time": 0.037,
                                                        "Actual Total Time": 87.91,
                                                        "Actual Rows": 302782,
                                                        "Actual Loops": 1
                                                    },
                                                    {
                                                        "Worker Number": 1,
                                                        "Actual Startup Time": 0.035,
                                                        "Actual Total Time": 82.63,
                                                        "Actual Rows": 380657,
                                                        "Actual Loops": 1
                                                    },
                                                    {
                                                        "Worker Number": 2,
                                                        "Actual Startup Time": 0.042,
                                                        "Actual Total Time": 78.329,
                                                        "Actual Rows": 342232,
                                                        "Actual Loops": 1
                                                    },
                                                    {
                                                        "Worker Number": 3,
                                                        "Actual Startup Time": 0.034,
                                                        "Actual Total Time": 83.267,
                                                        "Actual Rows": 388748,
                                                        "Actual Loops": 1
                                                    }
                                                ]
                                            },
                                            {
                                                "Node Type": "Hash",
                                                "Parent Relationship": "Inner",
                                                "Parallel Aware": true,
                                                "Startup Cost": 15122.68,
                                                "Total Cost": 15122.68,
                                                "Plan Rows": 191154,
                                                "Plan Width": 4,
                                                "Actual Startup Time": 70.92,
                                                "Actual Total Time": 70.921,
                                                "Actual Rows": 92037,
                                                "Actual Loops": 5,
                                                "Output": [
                                                    "mi_idx.movie_id"
                                                ],
                                                "Hash Buckets": 524288,
                                                "Original Hash Buckets": 524288,
                                                "Hash Batches": 1,
                                                "Original Hash Batches": 1,
                                                "Peak Memory Usage": 22208,
                                                "Workers": [
                                                    {
                                                        "Worker Number": 0,
                                                        "Actual Startup Time": 70.6,
                                                        "Actual Total Time": 70.602,
                                                        "Actual Rows": 73174,
                                                        "Actual Loops": 1
                                                    },
                                                    {
                                                        "Worker Number": 1,
                                                        "Actual Startup Time": 70.819,
                                                        "Actual Total Time": 70.82,
                                                        "Actual Rows": 92576,
                                                        "Actual Loops": 1
                                                    },
                                                    {
                                                        "Worker Number": 2,
                                                        "Actual Startup Time": 70.441,
                                                        "Actual Total Time": 70.442,
                                                        "Actual Rows": 80337,
                                                        "Actual Loops": 1
                                                    },
                                                    {
                                                        "Worker Number": 3,
                                                        "Actual Startup Time": 71.032,
                                                        "Actual Total Time": 71.033,
                                                        "Actual Rows": 93319,
                                                        "Actual Loops": 1
                                                    }
                                                ],
                                                "Plans": [
                                                    {
                                                        "Node Type": "Seq Scan",
                                                        "Parent Relationship": "Outer",
                                                        "Parallel Aware": true,
                                                        "Relation Name": "movie_info_idx",
                                                        "Schema": "public",
                                                        "Alias": "mi_idx",
                                                        "Startup Cost": 0.0,
                                                        "Total Cost": 15122.68,
                                                        "Plan Rows": 191154,
                                                        "Plan Width": 4,
                                                        "Actual Startup Time": 0.038,
                                                        "Actual Total Time": 38.228,
                                                        "Actual Rows": 92037,
                                                        "Actual Loops": 5,
                                                        "Output": [
                                                            "mi_idx.movie_id"
                                                        ],
                                                        "Filter": "(mi_idx.info_type_id > 100)",
                                                        "Rows Removed by Filter": 183970,
                                                        "Workers": [
                                                            {
                                                                "Worker Number": 0,
                                                                "Actual Startup Time": 0.046,
                                                                "Actual Total Time": 39.732,
                                                                "Actual Rows": 73174,
                                                                "Actual Loops": 1
                                                            },
                                                            {
                                                                "Worker Number": 1,
                                                                "Actual Startup Time": 0.031,
                                                                "Actual Total Time": 39.021,
                                                                "Actual Rows": 92576,
                                                                "Actual Loops": 1
                                                            },
                                                            {
                                                                "Worker Number": 2,
                                                                "Actual Startup Time": 0.045,
                                                                "Actual Total Time": 36.888,
                                                                "Actual Rows": 80337,
                                                                "Actual Loops": 1
                                                            },
                                                            {
                                                                "Worker Number": 3,
                                                                "Actual Startup Time": 0.045,
                                                                "Actual Total Time": 39.354,
                                                                "Actual Rows": 93319,
                                                                "Actual Loops": 1
                                                            }
                                                        ]
                                                    }
                                                ]
                                            }
                                        ]
                                    },
                                    {
                                        "Node Type": "Index Only Scan",
                                        "Parent Relationship": "Inner",
                                        "Parallel Aware": false,
                                        "Scan Direction": "Forward",
                                        "Index Name": "movie_id_cast_info",
                                        "Relation Name": "cast_info",
                                        "Schema": "public",
                                        "Alias": "ci",
                                        "Startup Cost": 0.56,
                                        "Total Cost": 2.05,
                                        "Plan Rows": 38,
                                        "Plan Width": 4,
                                        "Actual Startup Time": 0.006,
                                        "Actual Total Time": 0.039,
                                        "Actual Rows": 30,
                                        "Actual Loops": 250045,
                                        "Output": [
                                            "ci.movie_id"
                                        ],
                                        "Index Cond": "(ci.movie_id = t.id)",
                                        "Rows Removed by Index Recheck": 0,
                                        "Heap Fetches": 7423741,
                                        "Workers": [
                                            {
                                                "Worker Number": 0,
                                                "Actual Startup Time": 0.008,
                                                "Actual Total Time": 0.045,
                                                "Actual Rows": 29,
                                                "Actual Loops": 42720
                                            },
                                            {
                                                "Worker Number": 1,
                                                "Actual Startup Time": 0.006,
                                                "Actual Total Time": 0.038,
                                                "Actual Rows": 30,
                                                "Actual Loops": 51233
                                            },
                                            {
                                                "Worker Number": 2,
                                                "Actual Startup Time": 0.007,
                                                "Actual Total Time": 0.043,
                                                "Actual Rows": 30,
                                                "Actual Loops": 45511
                                            },
                                            {
                                                "Worker Number": 3,
                                                "Actual Startup Time": 0.006,
                                                "Actual Total Time": 0.037,
                                                "Actual Rows": 30,
                                                "Actual Loops": 51735
                                            }
                                        ]
                                    }
                                ]
                            }
                        ]
                    }
                ]
            }
        ]
    },
    "Planning Time": 1.464,
    "Triggers": [],
    "Execution Time": 2550.527
}