[
  {
    "Plan": {
      "Node Type": "Aggregate",
      "Strategy": "Plain",
      "Partial Mode": "Simple",
      "Parallel Aware": false,
      "Startup Cost": 17077.49,
      "Total Cost": 17077.5,
      "Plan Rows": 1,
      "Plan Width": 8,
      "Actual Startup Time": 2475.949,
      "Actual Total Time": 2475.952,
      "Actual Rows": 1,
      "Actual Loops": 1,
      "Plans": [
        {
          "Node Type": "Nested Loop",
          "Parent Relationship": "Outer",
          "Parallel Aware": false,
          "Join Type": "Inner",
          "Startup Cost": 11.66,
          "Total Cost": 17077.48,
          "Plan Rows": 2,
          "Plan Width": 0,
          "Actual Startup Time": 2.393,
          "Actual Total Time": 2473.608,
          "Actual Rows": 12177,
          "Actual Loops": 1,
          "Inner Unique": false,
          "Plans": [
            {
              "Node Type": "Seq Scan",
              "Parent Relationship": "Outer",
              "Parallel Aware": false,
              "Relation Name": "info_type",
              "Alias": "it",
              "Startup Cost": 0.0,
              "Total Cost": 2.41,
              "Plan Rows": 1,
              "Plan Width": 4,
              "Actual Startup Time": 0.018,
              "Actual Total Time": 0.025,
              "Actual Rows": 1,
              "Actual Loops": 1,
              "Filter": "(id = 3)",
              "Rows Removed by Filter": 112
            },
            {
              "Node Type": "Nested Loop",
              "Parent Relationship": "Inner",
              "Parallel Aware": false,
              "Join Type": "Inner",
              "Startup Cost": 11.66,
              "Total Cost": 17075.05,
              "Plan Rows": 2,
              "Plan Width": 4,
              "Actual Startup Time": 2.373,
              "Actual Total Time": 2471.454,
              "Actual Rows": 12177,
              "Actual Loops": 1,
              "Inner Unique": true,
              "Join Filter": "(mi.movie_id = t.id)",
              "Rows Removed by Join Filter": 0,
              "Plans": [
                {
                  "Node Type": "Nested Loop",
                  "Parent Relationship": "Outer",
                  "Parallel Aware": false,
                  "Join Type": "Inner",
                  "Startup Cost": 11.23,
                  "Total Cost": 17067.05,
                  "Plan Rows": 16,
                  "Plan Width": 12,
                  "Actual Startup Time": 2.3,
                  "Actual Total Time": 2390.832,
                  "Actual Rows": 12177,
                  "Actual Loops": 1,
                  "Inner Unique": false,
                  "Plans": [
                    {
                      "Node Type": "Nested Loop",
                      "Parent Relationship": "Outer",
                      "Parallel Aware": false,
                      "Join Type": "Inner",
                      "Startup Cost": 10.8,
                      "Total Cost": 16384.36,
                      "Plan Rows": 438,
                      "Plan Width": 4,
                      "Actual Startup Time": 0.906,
                      "Actual Total Time": 120.645,
                      "Actual Rows": 26831,
                      "Actual Loops": 1,
                      "Inner Unique": false,
                      "Plans": [
                        {
                          "Node Type": "Seq Scan",
                          "Parent Relationship": "Outer",
                          "Parallel Aware": false,
                          "Relation Name": "keyword",
                          "Alias": "k",
                          "Startup Cost": 0.0,
                          "Total Cost": 2626.12,
                          "Plan Rows": 13,
                          "Plan Width": 4,
                          "Actual Startup Time": 0.803,
                          "Actual Total Time": 36.481,
                          "Actual Rows": 387,
                          "Actual Loops": 1,
                          "Filter": "(keyword ~~* '%fight%'::text)",
                          "Rows Removed by Filter": 133783
                        },
                        {
                          "Node Type": "Bitmap Heap Scan",
                          "Parent Relationship": "Inner",
                          "Parallel Aware": false,
                          "Relation Name": "movie_keyword",
                          "Alias": "mk",
                          "Startup Cost": 10.8,
                          "Total Cost": 1055.28,
                          "Plan Rows": 305,
                          "Plan Width": 8,
                          "Actual Startup Time": 0.033,
                          "Actual Total Time": 0.201,
                          "Actual Rows": 69,
                          "Actual Loops": 387,
                          "Recheck Cond": "(keyword_id = k.id)",
                          "Rows Removed by Index Recheck": 0,
                          "Exact Heap Blocks": 23517,
                          "Lossy Heap Blocks": 0,
                          "Plans": [
                            {
                              "Node Type": "Bitmap Index Scan",
                              "Parent Relationship": "Outer",
                              "Parallel Aware": false,
                              "Index Name": "keyword_id_movie_keyword",
                              "Startup Cost": 0.0,
                              "Total Cost": 10.72,
                              "Plan Rows": 305,
                              "Plan Width": 0,
                              "Actual Startup Time": 0.022,
                              "Actual Total Time": 0.022,
                              "Actual Rows": 69,
                              "Actual Loops": 387,
                              "Index Cond": "(keyword_id = k.id)"
                            }
                          ]
                        }
                      ]
                    },
                    {
                      "Node Type": "Index Scan",
                      "Parent Relationship": "Inner",
                      "Parallel Aware": false,
                      "Scan Direction": "Forward",
                      "Index Name": "movie_id_movie_info",
                      "Relation Name": "movie_info",
                      "Alias": "mi",
                      "Startup Cost": 0.43,
                      "Total Cost": 1.55,
                      "Plan Rows": 1,
                      "Plan Width": 8,
                      "Actual Startup Time": 0.083,
                      "Actual Total Time": 0.084,
                      "Actual Rows": 0,
                      "Actual Loops": 26831,
                      "Index Cond": "(movie_id = mk.movie_id)",
                      "Rows Removed by Index Recheck": 0,
                      "Filter": "((info ~~* '%action%'::text) AND (info_type_id = 3))",
                      "Rows Removed by Filter": 62
                    }
                  ]
                },
                {
                  "Node Type": "Index Only Scan",
                  "Parent Relationship": "Inner",
                  "Parallel Aware": false,
                  "Scan Direction": "Forward",
                  "Index Name": "title_pkey",
                  "Relation Name": "title",
                  "Alias": "t",
                  "Startup Cost": 0.43,
                  "Total Cost": 0.49,
                  "Plan Rows": 1,
                  "Plan Width": 4,
                  "Actual Startup Time": 0.006,
                  "Actual Total Time": 0.006,
                  "Actual Rows": 1,
                  "Actual Loops": 12177,
                  "Index Cond": "(id = mk.movie_id)",
                  "Rows Removed by Index Recheck": 0,
                  "Heap Fetches": 12177
                }
              ]
            }
          ]
        }
      ]
    },
    "Planning Time": 3.657,
    "Triggers": [],
    "Execution Time": 2476.165
  }
]