{
  "Plan": {
    "Node Type": "Aggregate",
    "Strategy": "Plain",
    "Partial Mode": "Finalize",
    "Parallel Aware": false,
    "Startup Cost": 267804.41,
    "Total Cost": 267804.42,
    "Plan Rows": 1,
    "Plan Width": 8,
    "Actual Startup Time": 1246.597,
    "Actual Total Time": 1267.416,
    "Actual Rows": 1,
    "Actual Loops": 1,
    "Plans": [
      {
        "Node Type": "Gather",
        "Parent Relationship": "Outer",
        "Parallel Aware": false,
        "Startup Cost": 267804.3,
        "Total Cost": 267804.41,
        "Plan Rows": 1,
        "Plan Width": 8,
        "Actual Startup Time": 1245.472,
        "Actual Total Time": 1267.406,
        "Actual Rows": 2,
        "Actual Loops": 1,
        "Workers Planned": 1,
        "Workers Launched": 1,
        "Single Copy": false,
        "Plans": [
          {
            "Node Type": "Aggregate",
            "Strategy": "Plain",
            "Partial Mode": "Partial",
            "Parent Relationship": "Outer",
            "Parallel Aware": false,
            "Startup Cost": 266804.3,
            "Total Cost": 266804.31,
            "Plan Rows": 1,
            "Plan Width": 8,
            "Actual Startup Time": 1239.185,
            "Actual Total Time": 1239.191,
            "Actual Rows": 1,
            "Actual Loops": 2,
            "Plans": [
              {
                "Node Type": "Hash Join",
                "Parent Relationship": "Outer",
                "Parallel Aware": true,
                "Join Type": "Inner",
                "Startup Cost": 203324.57,
                "Total Cost": 266078.03,
                "Plan Rows": 290506,
                "Plan Width": 0,
                "Actual Startup Time": 875.484,
                "Actual Total Time": 1221.614,
                "Actual Rows": 412965,
                "Actual Loops": 2,
                "Inner Unique": false,
                "Hash Cond": "(mk.movie_id = t.id)",
                "Plans": [
                  {
                    "Node Type": "Seq Scan",
                    "Parent Relationship": "Outer",
                    "Parallel Aware": true,
                    "Relation Name": "movie_keyword",
                    "Alias": "mk",
                    "Startup Cost": 0.0,
                    "Total Cost": 51065.35,
                    "Plan Rows": 2661135,
                    "Plan Width": 4,
                    "Actual Startup Time": 0.013,
                    "Actual Total Time": 157.389,
                    "Actual Rows": 2261965,
                    "Actual Loops": 2
                  },
                  {
                    "Node Type": "Hash",
                    "Parent Relationship": "Inner",
                    "Parallel Aware": true,
                    "Startup Cost": 201295.14,
                    "Total Cost": 201295.14,
                    "Plan Rows": 162355,
                    "Plan Width": 8,
                    "Actual Startup Time": 869.78,
                    "Actual Total Time": 869.785,
                    "Actual Rows": 29203,
                    "Actual Loops": 2,
                    "Hash Buckets": 524288,
                    "Original Hash Buckets": 524288,
                    "Hash Batches": 1,
                    "Original Hash Batches": 1,
                    "Peak Memory Usage": 6432,
                    "Plans": [
                      {
                        "Node Type": "Hash Join",
                        "Parent Relationship": "Outer",
                        "Parallel Aware": true,
                        "Join Type": "Inner",
                        "Startup Cost": 56775.57,
                        "Total Cost": 201295.14,
                        "Plan Rows": 162355,
                        "Plan Width": 8,
                        "Actual Startup Time": 200.458,
                        "Actual Total Time": 858.181,
                        "Actual Rows": 29203,
                        "Actual Loops": 2,
                        "Inner Unique": true,
                        "Hash Cond": "(ci.movie_id = t.id)",
                        "Plans": [
                          {
                            "Node Type": "Index Scan",
                            "Parent Relationship": "Outer",
                            "Parallel Aware": true,
                            "Scan Direction": "Forward",
                            "Index Name": "role_id_cast_info",
                            "Relation Name": "cast_info",
                            "Alias": "ci",
                            "Startup Cost": 0.56,
                            "Total Cost": 140896.75,
                            "Plan Rows": 1380331,
                            "Plan Width": 4,
                            "Actual Startup Time": 0.094,
                            "Actual Total Time": 363.94,
                            "Actual Rows": 1834546,
                            "Actual Loops": 2,
                            "Index Cond": "(role_id = 10)",
                            "Rows Removed by Index Recheck": 0,
                            "Filter": "(person_id > 1667817)",
                            "Rows Removed by Filter": 326963
                          },
                          {
                            "Node Type": "Hash",
                            "Parent Relationship": "Inner",
                            "Parallel Aware": true,
                            "Startup Cost": 54588.39,
                            "Total Cost": 54588.39,
                            "Plan Rows": 174929,
                            "Plan Width": 4,
                            "Actual Startup Time": 196.749,
                            "Actual Total Time": 196.751,
                            "Actual Rows": 154767,
                            "Actual Loops": 2,
                            "Hash Buckets": 524288,
                            "Original Hash Buckets": 524288,
                            "Hash Batches": 1,
                            "Original Hash Batches": 1,
                            "Peak Memory Usage": 16224,
                            "Plans": [
                              {
                                "Node Type": "Seq Scan",
                                "Parent Relationship": "Outer",
                                "Parallel Aware": true,
                                "Relation Name": "title",
                                "Alias": "t",
                                "Startup Cost": 0.0,
                                "Total Cost": 54588.39,
                                "Plan Rows": 174929,
                                "Plan Width": 4,
                                "Actual Startup Time": 0.037,
                                "Actual Total Time": 145.88,
                                "Actual Rows": 154767,
                                "Actual Loops": 2,
                                "Filter": "(production_year < 1966)",
                                "Rows Removed by Filter": 1109389
                              }
                            ]
                          }
                        ]
                      }
                    ]
                  }
                ]
              }
            ]
          }
        ]
      }
    ]
  },
  "Planning Time": 0.955,
  "Triggers": [],
  "Execution Time": 1267.516
}