{
  "Plan": {
    "Node Type": "Aggregate",
    "Strategy": "Plain",
    "Partial Mode": "Finalize",
    "Parallel Aware": false,
    "Startup Cost": 262110.65,
    "Total Cost": 262110.66,
    "Plan Rows": 1,
    "Plan Width": 8,
    "Actual Startup Time": 1063.497,
    "Actual Total Time": 1083.665,
    "Actual Rows": 1,
    "Actual Loops": 1,
    "Plans": [
      {
        "Node Type": "Gather",
        "Parent Relationship": "Outer",
        "Parallel Aware": false,
        "Startup Cost": 262110.54,
        "Total Cost": 262110.65,
        "Plan Rows": 1,
        "Plan Width": 8,
        "Actual Startup Time": 1062.708,
        "Actual Total Time": 1083.656,
        "Actual Rows": 2,
        "Actual Loops": 1,
        "Workers Planned": 1,
        "Workers Launched": 1,
        "Single Copy": false,
        "Plans": [
          {
            "Node Type": "Aggregate",
            "Strategy": "Plain",
            "Partial Mode": "Partial",
            "Parent Relationship": "Outer",
            "Parallel Aware": false,
            "Startup Cost": 261110.54,
            "Total Cost": 261110.55,
            "Plan Rows": 1,
            "Plan Width": 8,
            "Actual Startup Time": 1056.388,
            "Actual Total Time": 1056.399,
            "Actual Rows": 1,
            "Actual Loops": 2,
            "Plans": [
              {
                "Node Type": "Hash Join",
                "Parent Relationship": "Outer",
                "Parallel Aware": true,
                "Join Type": "Inner",
                "Startup Cost": 195695.52,
                "Total Cost": 260979.57,
                "Plan Rows": 52388,
                "Plan Width": 0,
                "Actual Startup Time": 802.033,
                "Actual Total Time": 1049.079,
                "Actual Rows": 180540,
                "Actual Loops": 2,
                "Inner Unique": false,
                "Hash Cond": "(mk.movie_id = t.id)",
                "Plans": [
                  {
                    "Node Type": "Seq Scan",
                    "Parent Relationship": "Outer",
                    "Parallel Aware": true,
                    "Relation Name": "movie_keyword",
                    "Alias": "mk",
                    "Startup Cost": 0.0,
                    "Total Cost": 57718.19,
                    "Plan Rows": 1935387,
                    "Plan Width": 4,
                    "Actual Startup Time": 0.138,
                    "Actual Total Time": 197.305,
                    "Actual Rows": 1640090,
                    "Actual Loops": 2,
                    "Filter": "(keyword_id > 1578)",
                    "Rows Removed by Filter": 621876
                  },
                  {
                    "Node Type": "Hash",
                    "Parent Relationship": "Inner",
                    "Parallel Aware": true,
                    "Startup Cost": 195192.3,
                    "Total Cost": 195192.3,
                    "Plan Rows": 40257,
                    "Plan Width": 8,
                    "Actual Startup Time": 744.019,
                    "Actual Total Time": 744.029,
                    "Actual Rows": 9950,
                    "Actual Loops": 2,
                    "Hash Buckets": 131072,
                    "Original Hash Buckets": 131072,
                    "Hash Batches": 1,
                    "Original Hash Batches": 1,
                    "Peak Memory Usage": 1824,
                    "Plans": [
                      {
                        "Node Type": "Hash Join",
                        "Parent Relationship": "Outer",
                        "Parallel Aware": true,
                        "Join Type": "Inner",
                        "Startup Cost": 53973.78,
                        "Total Cost": 195192.3,
                        "Plan Rows": 40257,
                        "Plan Width": 8,
                        "Actual Startup Time": 129.712,
                        "Actual Total Time": 740.038,
                        "Actual Rows": 9950,
                        "Actual Loops": 2,
                        "Inner Unique": true,
                        "Hash Cond": "(ci.movie_id = t.id)",
                        "Plans": [
                          {
                            "Node Type": "Index Scan",
                            "Parent Relationship": "Outer",
                            "Parallel Aware": true,
                            "Scan Direction": "Forward",
                            "Index Name": "role_id_cast_info",
                            "Relation Name": "cast_info",
                            "Alias": "ci",
                            "Startup Cost": 0.56,
                            "Total Cost": 134450.3,
                            "Plan Rows": 2578582,
                            "Plan Width": 4,
                            "Actual Startup Time": 0.193,
                            "Actual Total Time": 315.909,
                            "Actual Rows": 2161509,
                            "Actual Loops": 2,
                            "Index Cond": "(role_id = 10)",
                            "Rows Removed by Index Recheck": 0
                          },
                          {
                            "Node Type": "Hash",
                            "Parent Relationship": "Inner",
                            "Parallel Aware": true,
                            "Startup Cost": 53682.98,
                            "Total Cost": 53682.98,
                            "Plan Rows": 23219,
                            "Plan Width": 4,
                            "Actual Startup Time": 128.516,
                            "Actual Total Time": 128.518,
                            "Actual Rows": 76424,
                            "Actual Loops": 2,
                            "Hash Buckets": 262144,
                            "Original Hash Buckets": 65536,
                            "Hash Batches": 1,
                            "Original Hash Batches": 1,
                            "Peak Memory Usage": 9600,
                            "Plans": [
                              {
                                "Node Type": "Bitmap Heap Scan",
                                "Parent Relationship": "Outer",
                                "Parallel Aware": true,
                                "Relation Name": "title",
                                "Alias": "t",
                                "Startup Cost": 11832.72,
                                "Total Cost": 53682.98,
                                "Plan Rows": 23219,
                                "Plan Width": 4,
                                "Actual Startup Time": 38.272,
                                "Actual Total Time": 102.393,
                                "Actual Rows": 76424,
                                "Actual Loops": 2,
                                "Recheck Cond": "(kind_id = 1)",
                                "Rows Removed by Index Recheck": 0,
                                "Filter": "(production_year < 1946)",
                                "Rows Removed by Filter": 254988,
                                "Exact Heap Blocks": 8569,
                                "Lossy Heap Blocks": 0,
                                "Plans": [
                                  {
                                    "Node Type": "Bitmap Index Scan",
                                    "Parent Relationship": "Outer",
                                    "Parallel Aware": false,
                                    "Index Name": "kind_id_title",
                                    "Startup Cost": 0.0,
                                    "Total Cost": 11822.85,
                                    "Plan Rows": 663256,
                                    "Plan Width": 0,
                                    "Actual Startup Time": 39.386,
                                    "Actual Total Time": 39.387,
                                    "Actual Rows": 662825,
                                    "Actual Loops": 1,
                                    "Index Cond": "(kind_id = 1)"
                                  }
                                ]
                              }
                            ]
                          }
                        ]
                      }
                    ]
                  }
                ]
              }
            ]
          }
        ]
      }
    ]
  },
  "Planning Time": 0.968,
  "Triggers": [],
  "Execution Time": 1083.776
}