[
  {
    "Plan": {
      "Node Type": "Aggregate",
      "Strategy": "Plain",
      "Partial Mode": "Finalize",
      "Parallel Aware": false,
      "Startup Cost": 613298.52,
      "Total Cost": 613298.53,
      "Plan Rows": 1,
      "Plan Width": 8,
      "Actual Startup Time": 3205.01,
      "Actual Total Time": 3290.527,
      "Actual Rows": 1,
      "Actual Loops": 1,
      "Plans": [
        {
          "Node Type": "Gather",
          "Parent Relationship": "Outer",
          "Parallel Aware": false,
          "Startup Cost": 613297.9,
          "Total Cost": 613298.51,
          "Plan Rows": 6,
          "Plan Width": 8,
          "Actual Startup Time": 3182.528,
          "Actual Total Time": 3290.512,
          "Actual Rows": 7,
          "Actual Loops": 1,
          "Workers Planned": 6,
          "Workers Launched": 6,
          "Single Copy": false,
          "Plans": [
            {
              "Node Type": "Aggregate",
              "Strategy": "Plain",
              "Partial Mode": "Partial",
              "Parent Relationship": "Outer",
              "Parallel Aware": false,
              "Startup Cost": 612297.9,
              "Total Cost": 612297.91,
              "Plan Rows": 1,
              "Plan Width": 8,
              "Actual Startup Time": 3171.912,
              "Actual Total Time": 3172.328,
              "Actual Rows": 1,
              "Actual Loops": 7,
              "Plans": [
                {
                  "Node Type": "Hash Join",
                  "Parent Relationship": "Outer",
                  "Parallel Aware": true,
                  "Join Type": "Inner",
                  "Startup Cost": 254208.99,
                  "Total Cost": 609053.84,
                  "Plan Rows": 1297622,
                  "Plan Width": 0,
                  "Actual Startup Time": 1231.953,
                  "Actual Total Time": 2911.507,
                  "Actual Rows": 6009829,
                  "Actual Loops": 7,
                  "Inner Unique": false,
                  "Hash Cond": "(ci.movie_id = t.id)",
                  "Plans": [
                    {
                      "Node Type": "Seq Scan",
                      "Parent Relationship": "Outer",
                      "Parallel Aware": true,
                      "Relation Name": "cast_info",
                      "Alias": "ci",
                      "Startup Cost": 0.0,
                      "Total Cost": 343316.27,
                      "Plan Rows": 2382225,
                      "Plan Width": 4,
                      "Actual Startup Time": 340.963,
                      "Actual Total Time": 681.931,
                      "Actual Rows": 2140679,
                      "Actual Loops": 7,
                      "Filter": "((person_id > 393140) AND (role_id > 2))",
                      "Rows Removed by Filter": 3037085
                    },
                    {
                      "Node Type": "Hash",
                      "Parent Relationship": "Inner",
                      "Parallel Aware": true,
                      "Startup Cost": 250765.85,
                      "Total Cost": 250765.85,
                      "Plan Rows": 275451,
                      "Plan Width": 8,
                      "Actual Startup Time": 887.539,
                      "Actual Total Time": 887.953,
                      "Actual Rows": 319519,
                      "Actual Loops": 7,
                      "Hash Buckets": 4194304,
                      "Original Hash Buckets": 2097152,
                      "Hash Batches": 1,
                      "Original Hash Batches": 1,
                      "Peak Memory Usage": 136768,
                      "Plans": [
                        {
                          "Node Type": "Hash Join",
                          "Parent Relationship": "Outer",
                          "Parallel Aware": true,
                          "Join Type": "Inner",
                          "Startup Cost": 46611.86,
                          "Total Cost": 250765.85,
                          "Plan Rows": 275451,
                          "Plan Width": 8,
                          "Actual Startup Time": 112.38,
                          "Actual Total Time": 672.068,
                          "Actual Rows": 319519,
                          "Actual Loops": 7,
                          "Inner Unique": true,
                          "Hash Cond": "(mi.movie_id = t.id)",
                          "Plans": [
                            {
                              "Node Type": "Seq Scan",
                              "Parent Relationship": "Outer",
                              "Parallel Aware": true,
                              "Relation Name": "movie_info",
                              "Alias": "mi",
                              "Startup Cost": 0.0,
                              "Total Cost": 199108.24,
                              "Plan Rows": 1922185,
                              "Plan Width": 4,
                              "Actual Startup Time": 0.032,
                              "Actual Total Time": 340.686,
                              "Actual Rows": 1366450,
                              "Actual Loops": 7,
                              "Filter": "(info_type_id < 16)",
                              "Rows Removed by Filter": 752938
                            },
                            {
                              "Node Type": "Hash",
                              "Parent Relationship": "Inner",
                              "Parallel Aware": true,
                              "Startup Cost": 45479.59,
                              "Total Cost": 45479.59,
                              "Plan Rows": 90582,
                              "Plan Width": 4,
                              "Actual Startup Time": 100.738,
                              "Actual Total Time": 100.739,
                              "Actual Rows": 39145,
                              "Actual Loops": 7,
                              "Hash Buckets": 524288,
                              "Original Hash Buckets": 524288,
                              "Hash Batches": 1,
                              "Original Hash Batches": 1,
                              "Peak Memory Usage": 14944,
                              "Plans": [
                                {
                                  "Node Type": "Seq Scan",
                                  "Parent Relationship": "Outer",
                                  "Parallel Aware": true,
                                  "Relation Name": "title",
                                  "Alias": "t",
                                  "Startup Cost": 0.0,
                                  "Total Cost": 45479.59,
                                  "Plan Rows": 90582,
                                  "Plan Width": 4,
                                  "Actual Startup Time": 43.658,
                                  "Actual Total Time": 81.197,
                                  "Actual Rows": 39145,
                                  "Actual Loops": 7,
                                  "Filter": "((production_year > 2000) AND (kind_id = 1))",
                                  "Rows Removed by Filter": 322042
                                }
                              ]
                            }
                          ]
                        }
                      ]
                    }
                  ]
                }
              ]
            }
          ]
        }
      ]
    },
    "Planning Time": 0.583,
    "Triggers": [],
    "Execution Time": 3290.601
  }
]