[
  {
    "Plan": {
      "Node Type": "Aggregate",
      "Strategy": "Plain",
      "Partial Mode": "Finalize",
      "Parallel Aware": false,
      "Startup Cost": 613252.93,
      "Total Cost": 613252.94,
      "Plan Rows": 1,
      "Plan Width": 8,
      "Actual Startup Time": 2919.417,
      "Actual Total Time": 3001.778,
      "Actual Rows": 1,
      "Actual Loops": 1,
      "Plans": [
        {
          "Node Type": "Gather",
          "Parent Relationship": "Outer",
          "Parallel Aware": false,
          "Startup Cost": 613252.3,
          "Total Cost": 613252.91,
          "Plan Rows": 6,
          "Plan Width": 8,
          "Actual Startup Time": 2898.285,
          "Actual Total Time": 3001.751,
          "Actual Rows": 7,
          "Actual Loops": 1,
          "Workers Planned": 6,
          "Workers Launched": 6,
          "Single Copy": false,
          "Plans": [
            {
              "Node Type": "Aggregate",
              "Strategy": "Plain",
              "Partial Mode": "Partial",
              "Parent Relationship": "Outer",
              "Parallel Aware": false,
              "Startup Cost": 612252.3,
              "Total Cost": 612252.31,
              "Plan Rows": 1,
              "Plan Width": 8,
              "Actual Startup Time": 2883.489,
              "Actual Total Time": 2883.885,
              "Actual Rows": 1,
              "Actual Loops": 7,
              "Plans": [
                {
                  "Node Type": "Hash Join",
                  "Parent Relationship": "Outer",
                  "Parallel Aware": true,
                  "Join Type": "Inner",
                  "Startup Cost": 253961.83,
                  "Total Cost": 608968.13,
                  "Plan Rows": 1313670,
                  "Plan Width": 0,
                  "Actual Startup Time": 1111.776,
                  "Actual Total Time": 2635.461,
                  "Actual Rows": 6009829,
                  "Actual Loops": 7,
                  "Inner Unique": false,
                  "Hash Cond": "(ci.movie_id = t.id)",
                  "Plans": [
                    {
                      "Node Type": "Seq Scan",
                      "Parent Relationship": "Outer",
                      "Parallel Aware": true,
                      "Relation Name": "cast_info",
                      "Alias": "ci",
                      "Startup Cost": 0.0,
                      "Total Cost": 343257.03,
                      "Plan Rows": 2432515,
                      "Plan Width": 4,
                      "Actual Startup Time": 330.934,
                      "Actual Total Time": 653.017,
                      "Actual Rows": 2140679,
                      "Actual Loops": 7,
                      "Filter": "((person_id > 393140) AND (role_id > 2))",
                      "Rows Removed by Filter": 3037085
                    },
                    {
                      "Node Type": "Hash",
                      "Parent Relationship": "Inner",
                      "Parallel Aware": true,
                      "Startup Cost": 250548.34,
                      "Total Cost": 250548.34,
                      "Plan Rows": 273079,
                      "Plan Width": 8,
                      "Actual Startup Time": 775.982,
                      "Actual Total Time": 776.376,
                      "Actual Rows": 319519,
                      "Actual Loops": 7,
                      "Hash Buckets": 4194304,
                      "Original Hash Buckets": 2097152,
                      "Hash Batches": 1,
                      "Original Hash Batches": 1,
                      "Peak Memory Usage": 136768,
                      "Plans": [
                        {
                          "Node Type": "Hash Join",
                          "Parent Relationship": "Outer",
                          "Parallel Aware": true,
                          "Join Type": "Inner",
                          "Startup Cost": 46616.44,
                          "Total Cost": 250548.34,
                          "Plan Rows": 273079,
                          "Plan Width": 8,
                          "Actual Startup Time": 107.935,
                          "Actual Total Time": 613.696,
                          "Actual Rows": 319519,
                          "Actual Loops": 7,
                          "Inner Unique": true,
                          "Hash Cond": "(mi.movie_id = t.id)",
                          "Plans": [
                            {
                              "Node Type": "Seq Scan",
                              "Parent Relationship": "Outer",
                              "Parallel Aware": true,
                              "Relation Name": "movie_info",
                              "Alias": "mi",
                              "Startup Cost": 0.0,
                              "Total Cost": 198952.16,
                              "Plan Rows": 1897040,
                              "Plan Width": 4,
                              "Actual Startup Time": 0.031,
                              "Actual Total Time": 310.624,
                              "Actual Rows": 1366450,
                              "Actual Loops": 7,
                              "Filter": "(info_type_id < 16)",
                              "Rows Removed by Filter": 752938
                            },
                            {
                              "Node Type": "Hash",
                              "Parent Relationship": "Inner",
                              "Parallel Aware": true,
                              "Startup Cost": 45479.1,
                              "Total Cost": 45479.1,
                              "Plan Rows": 90987,
                              "Plan Width": 4,
                              "Actual Startup Time": 97.369,
                              "Actual Total Time": 97.372,
                              "Actual Rows": 39145,
                              "Actual Loops": 7,
                              "Hash Buckets": 524288,
                              "Original Hash Buckets": 524288,
                              "Hash Batches": 1,
                              "Original Hash Batches": 1,
                              "Peak Memory Usage": 14944,
                              "Plans": [
                                {
                                  "Node Type": "Seq Scan",
                                  "Parent Relationship": "Outer",
                                  "Parallel Aware": true,
                                  "Relation Name": "title",
                                  "Alias": "t",
                                  "Startup Cost": 0.0,
                                  "Total Cost": 45479.1,
                                  "Plan Rows": 90987,
                                  "Plan Width": 4,
                                  "Actual Startup Time": 45.435,
                                  "Actual Total Time": 79.974,
                                  "Actual Rows": 39145,
                                  "Actual Loops": 7,
                                  "Filter": "((production_year > 2000) AND (kind_id = 1))",
                                  "Rows Removed by Filter": 322042
                                }
                              ]
                            }
                          ]
                        }
                      ]
                    }
                  ]
                }
              ]
            }
          ]
        }
      ]
    },
    "Planning Time": 1.386,
    "Triggers": [],
    "Execution Time": 3001.885
  }
]