[
  {
    "Plan": {
      "Node Type": "Aggregate",
      "Strategy": "Plain",
      "Partial Mode": "Finalize",
      "Parallel Aware": false,
      "Startup Cost": 215994.78,
      "Total Cost": 215994.79,
      "Plan Rows": 1,
      "Plan Width": 8,
      "Actual Startup Time": 119.747,
      "Actual Total Time": 131.896,
      "Actual Rows": 1,
      "Actual Loops": 1,
      "Plans": [
        {
          "Node Type": "Gather",
          "Parent Relationship": "Outer",
          "Parallel Aware": false,
          "Startup Cost": 215994.25,
          "Total Cost": 215994.76,
          "Plan Rows": 5,
          "Plan Width": 8,
          "Actual Startup Time": 119.509,
          "Actual Total Time": 131.887,
          "Actual Rows": 6,
          "Actual Loops": 1,
          "Workers Planned": 5,
          "Workers Launched": 5,
          "Single Copy": false,
          "Plans": [
            {
              "Node Type": "Aggregate",
              "Strategy": "Plain",
              "Partial Mode": "Partial",
              "Parent Relationship": "Outer",
              "Parallel Aware": false,
              "Startup Cost": 214994.25,
              "Total Cost": 214994.26,
              "Plan Rows": 1,
              "Plan Width": 8,
              "Actual Startup Time": 111.614,
              "Actual Total Time": 111.616,
              "Actual Rows": 1,
              "Actual Loops": 6,
              "Plans": [
                {
                  "Node Type": "Nested Loop",
                  "Parent Relationship": "Outer",
                  "Parallel Aware": false,
                  "Join Type": "Inner",
                  "Startup Cost": 2542.07,
                  "Total Cost": 214953.02,
                  "Plan Rows": 16493,
                  "Plan Width": 0,
                  "Actual Startup Time": 5.906,
                  "Actual Total Time": 111.529,
                  "Actual Rows": 551,
                  "Actual Loops": 6,
                  "Inner Unique": true,
                  "Plans": [
                    {
                      "Node Type": "Bitmap Heap Scan",
                      "Parent Relationship": "Outer",
                      "Parallel Aware": true,
                      "Relation Name": "movie_info",
                      "Alias": "mi",
                      "Startup Cost": 2541.64,
                      "Total Cost": 166232.39,
                      "Plan Rows": 28109,
                      "Plan Width": 4,
                      "Actual Startup Time": 3.732,
                      "Actual Total Time": 8.712,
                      "Actual Rows": 23344,
                      "Actual Loops": 6,
                      "Recheck Cond": "(info_type_id = 9)",
                      "Rows Removed by Index Recheck": 0,
                      "Exact Heap Blocks": 463,
                      "Lossy Heap Blocks": 0,
                      "Plans": [
                        {
                          "Node Type": "Bitmap Index Scan",
                          "Parent Relationship": "Outer",
                          "Parallel Aware": false,
                          "Index Name": "info_type_id_movie_info",
                          "Startup Cost": 0.0,
                          "Total Cost": 2506.51,
                          "Plan Rows": 140543,
                          "Plan Width": 0,
                          "Actual Startup Time": 9.895,
                          "Actual Total Time": 9.895,
                          "Actual Rows": 140065,
                          "Actual Loops": 1,
                          "Index Cond": "(info_type_id = 9)"
                        }
                      ]
                    },
                    {
                      "Node Type": "Index Scan",
                      "Parent Relationship": "Inner",
                      "Parallel Aware": false,
                      "Scan Direction": "Forward",
                      "Index Name": "title_pkey",
                      "Relation Name": "title",
                      "Alias": "t",
                      "Startup Cost": 0.43,
                      "Total Cost": 1.73,
                      "Plan Rows": 1,
                      "Plan Width": 4,
                      "Actual Startup Time": 0.004,
                      "Actual Total Time": 0.004,
                      "Actual Rows": 0,
                      "Actual Loops": 140065,
                      "Index Cond": "(id = mi.movie_id)",
                      "Rows Removed by Index Recheck": 0,
                      "Filter": "((kind_id > 4) AND (production_year > 1912))",
                      "Rows Removed by Filter": 1
                    }
                  ]
                }
              ]
            }
          ]
        }
      ]
    },
    "Planning Time": 0.207,
    "Triggers": [],
    "Execution Time": 131.937
  }
]