[
  {
    "Plan": {
      "Node Type": "Aggregate",
      "Strategy": "Plain",
      "Partial Mode": "Finalize",
      "Parallel Aware": false,
      "Startup Cost": 224410.01,
      "Total Cost": 224410.02,
      "Plan Rows": 1,
      "Plan Width": 8,
      "Actual Startup Time": 151.575,
      "Actual Total Time": 159.356,
      "Actual Rows": 1,
      "Actual Loops": 1,
      "Plans": [
        {
          "Node Type": "Gather",
          "Parent Relationship": "Outer",
          "Parallel Aware": false,
          "Startup Cost": 224409.49,
          "Total Cost": 224410.0,
          "Plan Rows": 5,
          "Plan Width": 8,
          "Actual Startup Time": 151.131,
          "Actual Total Time": 159.344,
          "Actual Rows": 6,
          "Actual Loops": 1,
          "Workers Planned": 5,
          "Workers Launched": 5,
          "Single Copy": false,
          "Plans": [
            {
              "Node Type": "Aggregate",
              "Strategy": "Plain",
              "Partial Mode": "Partial",
              "Parent Relationship": "Outer",
              "Parallel Aware": false,
              "Startup Cost": 223409.49,
              "Total Cost": 223409.5,
              "Plan Rows": 1,
              "Plan Width": 8,
              "Actual Startup Time": 143.82,
              "Actual Total Time": 143.823,
              "Actual Rows": 1,
              "Actual Loops": 6,
              "Plans": [
                {
                  "Node Type": "Hash Join",
                  "Parent Relationship": "Outer",
                  "Parallel Aware": true,
                  "Join Type": "Inner",
                  "Startup Cost": 59146.69,
                  "Total Cost": 223405.61,
                  "Plan Rows": 1551,
                  "Plan Width": 0,
                  "Actual Startup Time": 117.103,
                  "Actual Total Time": 143.756,
                  "Actual Rows": 659,
                  "Actual Loops": 6,
                  "Inner Unique": true,
                  "Hash Cond": "(mi.movie_id = t.id)",
                  "Plans": [
                    {
                      "Node Type": "Bitmap Heap Scan",
                      "Parent Relationship": "Outer",
                      "Parallel Aware": true,
                      "Relation Name": "movie_info",
                      "Alias": "mi",
                      "Startup Cost": 13585.7,
                      "Total Cost": 177451.37,
                      "Plan Rows": 149813,
                      "Plan Width": 4,
                      "Actual Startup Time": 30.713,
                      "Actual Total Time": 51.288,
                      "Actual Rows": 133690,
                      "Actual Loops": 6,
                      "Recheck Cond": "(info_type_id = 1)",
                      "Rows Removed by Index Recheck": 0,
                      "Exact Heap Blocks": 821,
                      "Lossy Heap Blocks": 0,
                      "Plans": [
                        {
                          "Node Type": "Bitmap Index Scan",
                          "Parent Relationship": "Outer",
                          "Parallel Aware": false,
                          "Index Name": "info_type_id_movie_info",
                          "Startup Cost": 0.0,
                          "Total Cost": 13398.44,
                          "Plan Rows": 749067,
                          "Plan Width": 0,
                          "Actual Startup Time": 29.968,
                          "Actual Total Time": 29.969,
                          "Actual Rows": 802140,
                          "Actual Loops": 1,
                          "Index Cond": "(info_type_id = 1)"
                        }
                      ]
                    },
                    {
                      "Node Type": "Hash",
                      "Parent Relationship": "Inner",
                      "Parallel Aware": true,
                      "Startup Cost": 45479.21,
                      "Total Cost": 45479.21,
                      "Plan Rows": 6542,
                      "Plan Width": 4,
                      "Actual Startup Time": 69.722,
                      "Actual Total Time": 69.722,
                      "Actual Rows": 11253,
                      "Actual Loops": 6,
                      "Hash Buckets": 65536,
                      "Original Hash Buckets": 32768,
                      "Hash Batches": 1,
                      "Original Hash Batches": 1,
                      "Peak Memory Usage": 3520,
                      "Plans": [
                        {
                          "Node Type": "Seq Scan",
                          "Parent Relationship": "Outer",
                          "Parallel Aware": true,
                          "Relation Name": "title",
                          "Alias": "t",
                          "Startup Cost": 0.0,
                          "Total Cost": 45479.21,
                          "Plan Rows": 6542,
                          "Plan Width": 4,
                          "Actual Startup Time": 42.512,
                          "Actual Total Time": 64.487,
                          "Actual Rows": 11253,
                          "Actual Loops": 6,
                          "Filter": "((kind_id < 7) AND (production_year < 1916))",
                          "Rows Removed by Filter": 410133
                        }
                      ]
                    }
                  ]
                }
              ]
            }
          ]
        }
      ]
    },
    "Planning Time": 0.229,
    "Triggers": [],
    "Execution Time": 159.391
  }
]