{
  "Plan": {
    "Node Type": "Aggregate",
    "Strategy": "Plain",
    "Partial Mode": "Finalize",
    "Parallel Aware": false,
    "Startup Cost": 73938.51,
    "Total Cost": 73938.52,
    "Plan Rows": 1,
    "Plan Width": 8,
    "Actual Startup Time": 288.949,
    "Actual Total Time": 304.404,
    "Actual Rows": 1,
    "Actual Loops": 1,
    "Plans": [
      {
        "Node Type": "Gather",
        "Parent Relationship": "Outer",
        "Parallel Aware": false,
        "Startup Cost": 73938.4,
        "Total Cost": 73938.51,
        "Plan Rows": 1,
        "Plan Width": 8,
        "Actual Startup Time": 288.771,
        "Actual Total Time": 304.397,
        "Actual Rows": 2,
        "Actual Loops": 1,
        "Workers Planned": 1,
        "Workers Launched": 1,
        "Single Copy": false,
        "Plans": [
          {
            "Node Type": "Aggregate",
            "Strategy": "Plain",
            "Partial Mode": "Partial",
            "Parent Relationship": "Outer",
            "Parallel Aware": false,
            "Startup Cost": 72938.4,
            "Total Cost": 72938.41,
            "Plan Rows": 1,
            "Plan Width": 8,
            "Actual Startup Time": 283.079,
            "Actual Total Time": 283.082,
            "Actual Rows": 1,
            "Actual Loops": 2,
            "Plans": [
              {
                "Node Type": "Hash Join",
                "Parent Relationship": "Outer",
                "Parallel Aware": true,
                "Join Type": "Inner",
                "Startup Cost": 54738.25,
                "Total Cost": 72922.04,
                "Plan Rows": 6544,
                "Plan Width": 0,
                "Actual Startup Time": 208.832,
                "Actual Total Time": 282.809,
                "Actual Rows": 4588,
                "Actual Loops": 2,
                "Inner Unique": true,
                "Hash Cond": "(mi_idx.movie_id = t.id)",
                "Plans": [
                  {
                    "Node Type": "Seq Scan",
                    "Parent Relationship": "Outer",
                    "Parallel Aware": true,
                    "Relation Name": "movie_info_idx",
                    "Alias": "mi_idx",
                    "Startup Cost": 0.0,
                    "Total Cost": 16052.85,
                    "Plan Rows": 811785,
                    "Plan Width": 4,
                    "Actual Startup Time": 0.021,
                    "Actual Total Time": 58.398,
                    "Actual Rows": 690018,
                    "Actual Loops": 2
                  },
                  {
                    "Node Type": "Hash",
                    "Parent Relationship": "Inner",
                    "Parallel Aware": true,
                    "Startup Cost": 54588.39,
                    "Total Cost": 54588.39,
                    "Plan Rows": 11989,
                    "Plan Width": 4,
                    "Actual Startup Time": 158.337,
                    "Actual Total Time": 158.338,
                    "Actual Rows": 12254,
                    "Actual Loops": 2,
                    "Hash Buckets": 32768,
                    "Original Hash Buckets": 32768,
                    "Hash Batches": 1,
                    "Original Hash Batches": 1,
                    "Peak Memory Usage": 1248,
                    "Plans": [
                      {
                        "Node Type": "Seq Scan",
                        "Parent Relationship": "Outer",
                        "Parallel Aware": true,
                        "Relation Name": "title",
                        "Alias": "t",
                        "Startup Cost": 0.0,
                        "Total Cost": 54588.39,
                        "Plan Rows": 11989,
                        "Plan Width": 4,
                        "Actual Startup Time": 80.997,
                        "Actual Total Time": 153.952,
                        "Actual Rows": 12254,
                        "Actual Loops": 2,
                        "Filter": "(production_year < 1910)",
                        "Rows Removed by Filter": 1251902
                      }
                    ]
                  }
                ]
              }
            ]
          }
        ]
      }
    ]
  },
  "Planning Time": 0.353,
  "Triggers": [],
  "Execution Time": 304.468
}