[
  {
    "Plan": {
      "Node Type": "Aggregate",
      "Strategy": "Plain",
      "Partial Mode": "Finalize",
      "Parallel Aware": false,
      "Startup Cost": 308604.49,
      "Total Cost": 308604.5,
      "Plan Rows": 1,
      "Plan Width": 8,
      "Actual Startup Time": 2424.96,
      "Actual Total Time": 2477.405,
      "Actual Rows": 1,
      "Actual Loops": 1,
      "Plans": [
        {
          "Node Type": "Gather",
          "Parent Relationship": "Outer",
          "Parallel Aware": false,
          "Startup Cost": 308603.97,
          "Total Cost": 308604.48,
          "Plan Rows": 5,
          "Plan Width": 8,
          "Actual Startup Time": 2409.503,
          "Actual Total Time": 2477.392,
          "Actual Rows": 6,
          "Actual Loops": 1,
          "Workers Planned": 5,
          "Workers Launched": 5,
          "Single Copy": false,
          "Plans": [
            {
              "Node Type": "Aggregate",
              "Strategy": "Plain",
              "Partial Mode": "Partial",
              "Parent Relationship": "Outer",
              "Parallel Aware": false,
              "Startup Cost": 307603.97,
              "Total Cost": 307603.98,
              "Plan Rows": 1,
              "Plan Width": 8,
              "Actual Startup Time": 2400.098,
              "Actual Total Time": 2400.533,
              "Actual Rows": 1,
              "Actual Loops": 6,
              "Plans": [
                {
                  "Node Type": "Hash Join",
                  "Parent Relationship": "Outer",
                  "Parallel Aware": true,
                  "Join Type": "Inner",
                  "Startup Cost": 96991.97,
                  "Total Cost": 304201.72,
                  "Plan Rows": 1360897,
                  "Plan Width": 0,
                  "Actual Startup Time": 389.772,
                  "Actual Total Time": 1899.729,
                  "Actual Rows": 12245261,
                  "Actual Loops": 6,
                  "Inner Unique": false,
                  "Hash Cond": "(mi.movie_id = t.id)",
                  "Plans": [
                    {
                      "Node Type": "Seq Scan",
                      "Parent Relationship": "Outer",
                      "Parallel Aware": true,
                      "Relation Name": "movie_info",
                      "Alias": "mi",
                      "Startup Cost": 0.0,
                      "Total Cost": 191685.19,
                      "Plan Rows": 2969219,
                      "Plan Width": 4,
                      "Actual Startup Time": 0.031,
                      "Actual Total Time": 273.717,
                      "Actual Rows": 2472620,
                      "Actual Loops": 6
                    },
                    {
                      "Node Type": "Hash",
                      "Parent Relationship": "Inner",
                      "Parallel Aware": true,
                      "Startup Cost": 92319.13,
                      "Total Cost": 92319.13,
                      "Plan Rows": 373827,
                      "Plan Width": 8,
                      "Actual Startup Time": 385.438,
                      "Actual Total Time": 385.872,
                      "Actual Rows": 255103,
                      "Actual Loops": 6,
                      "Hash Buckets": 2097152,
                      "Original Hash Buckets": 2097152,
                      "Hash Batches": 1,
                      "Original Hash Batches": 1,
                      "Peak Memory Usage": 76352,
                      "Plans": [
                        {
                          "Node Type": "Hash Join",
                          "Parent Relationship": "Outer",
                          "Parallel Aware": true,
                          "Join Type": "Inner",
                          "Startup Cost": 47423.17,
                          "Total Cost": 92319.13,
                          "Plan Rows": 373827,
                          "Plan Width": 8,
                          "Actual Startup Time": 171.103,
                          "Actual Total Time": 316.216,
                          "Actual Rows": 255103,
                          "Actual Loops": 6,
                          "Inner Unique": true,
                          "Hash Cond": "(mk.movie_id = t.id)",
                          "Plans": [
                            {
                              "Node Type": "Seq Scan",
                              "Parent Relationship": "Outer",
                              "Parallel Aware": true,
                              "Relation Name": "movie_keyword",
                              "Alias": "mk",
                              "Startup Cost": 0.0,
                              "Total Cost": 42695.65,
                              "Plan Rows": 838212,
                              "Plan Width": 4,
                              "Actual Startup Time": 0.029,
                              "Actual Total Time": 77.05,
                              "Actual Rows": 434701,
                              "Actual Loops": 6,
                              "Filter": "(keyword_id < 7078)",
                              "Rows Removed by Filter": 319287
                            },
                            {
                              "Node Type": "Hash",
                              "Parent Relationship": "Inner",
                              "Parallel Aware": true,
                              "Startup Cost": 43899.32,
                              "Total Cost": 43899.32,
                              "Plan Rows": 281908,
                              "Plan Width": 4,
                              "Actual Startup Time": 168.829,
                              "Actual Total Time": 168.83,
                              "Actual Rows": 188892,
                              "Actual Loops": 6,
                              "Hash Buckets": 2097152,
                              "Original Hash Buckets": 2097152,
                              "Hash Batches": 1,
                              "Original Hash Batches": 1,
                              "Peak Memory Usage": 60800,
                              "Plans": [
                                {
                                  "Node Type": "Seq Scan",
                                  "Parent Relationship": "Outer",
                                  "Parallel Aware": true,
                                  "Relation Name": "title",
                                  "Alias": "t",
                                  "Startup Cost": 0.0,
                                  "Total Cost": 43899.32,
                                  "Plan Rows": 281908,
                                  "Plan Width": 4,
                                  "Actual Startup Time": 0.058,
                                  "Actual Total Time": 83.92,
                                  "Actual Rows": 188892,
                                  "Actual Loops": 6,
                                  "Filter": "(production_year < 2002)",
                                  "Rows Removed by Filter": 232493
                                }
                              ]
                            }
                          ]
                        }
                      ]
                    }
                  ]
                }
              ]
            }
          ]
        }
      ]
    },
    "Planning Time": 0.561,
    "Triggers": [],
    "Execution Time": 2477.462
  }
]