[
    {
        "Bao": {
            "Bao prediction": "NaN",
            "Bao recommended hint": "(no hint)"
        }
    },
    {
        "Plan": {
            "Node Type": "Aggregate",
            "Strategy": "Plain",
            "Partial Mode": "Finalize",
            "Parallel Aware": false,
            "Startup Cost": 454713.78,
            "Total Cost": 454713.79,
            "Plan Rows": 1,
            "Plan Width": 8,
            "Actual Startup Time": 1854.011,
            "Actual Total Time": 1890.154,
            "Actual Rows": 1,
            "Actual Loops": 1,
            "Output": [
                "count(*)"
            ],
            "Plans": [
                {
                    "Node Type": "Gather",
                    "Parent Relationship": "Outer",
                    "Parallel Aware": false,
                    "Startup Cost": 454713.16,
                    "Total Cost": 454713.77,
                    "Plan Rows": 6,
                    "Plan Width": 8,
                    "Actual Startup Time": 1835.492,
                    "Actual Total Time": 1890.143,
                    "Actual Rows": 7,
                    "Actual Loops": 1,
                    "Output": [
                        "(PARTIAL count(*))"
                    ],
                    "Workers Planned": 6,
                    "Workers Launched": 6,
                    "Single Copy": false,
                    "Plans": [
                        {
                            "Node Type": "Aggregate",
                            "Strategy": "Plain",
                            "Partial Mode": "Partial",
                            "Parent Relationship": "Outer",
                            "Parallel Aware": false,
                            "Startup Cost": 453713.16,
                            "Total Cost": 453713.17,
                            "Plan Rows": 1,
                            "Plan Width": 8,
                            "Actual Startup Time": 1825.363,
                            "Actual Total Time": 1826.092,
                            "Actual Rows": 1,
                            "Actual Loops": 7,
                            "Output": [
                                "PARTIAL count(*)"
                            ],
                            "Workers": [
                                {
                                    "Worker Number": 0,
                                    "Actual Startup Time": 1822.809,
                                    "Actual Total Time": 1822.812,
                                    "Actual Rows": 1,
                                    "Actual Loops": 1
                                },
                                {
                                    "Worker Number": 1,
                                    "Actual Startup Time": 1823.116,
                                    "Actual Total Time": 1823.121,
                                    "Actual Rows": 1,
                                    "Actual Loops": 1
                                },
                                {
                                    "Worker Number": 2,
                                    "Actual Startup Time": 1823.509,
                                    "Actual Total Time": 1823.514,
                                    "Actual Rows": 1,
                                    "Actual Loops": 1
                                },
                                {
                                    "Worker Number": 3,
                                    "Actual Startup Time": 1823.577,
                                    "Actual Total Time": 1823.581,
                                    "Actual Rows": 1,
                                    "Actual Loops": 1
                                },
                                {
                                    "Worker Number": 4,
                                    "Actual Startup Time": 1823.505,
                                    "Actual Total Time": 1823.51,
                                    "Actual Rows": 1,
                                    "Actual Loops": 1
                                },
                                {
                                    "Worker Number": 5,
                                    "Actual Startup Time": 1826.139,
                                    "Actual Total Time": 1826.145,
                                    "Actual Rows": 1,
                                    "Actual Loops": 1
                                }
                            ],
                            "Plans": [
                                {
                                    "Node Type": "Hash Join",
                                    "Parent Relationship": "Outer",
                                    "Parallel Aware": true,
                                    "Join Type": "Inner",
                                    "Startup Cost": 97849.02,
                                    "Total Cost": 451952.49,
                                    "Plan Rows": 704267,
                                    "Plan Width": 0,
                                    "Actual Startup Time": 569.009,
                                    "Actual Total Time": 1707.182,
                                    "Actual Rows": 2537336,
                                    "Actual Loops": 7,
                                    "Inner Unique": false,
                                    "Hash Cond": "(ci.movie_id = t.id)",
                                    "Workers": [
                                        {
                                            "Worker Number": 0,
                                            "Actual Startup Time": 566.744,
                                            "Actual Total Time": 1703.471,
                                            "Actual Rows": 2648740,
                                            "Actual Loops": 1
                                        },
                                        {
                                            "Worker Number": 1,
                                            "Actual Startup Time": 567.073,
                                            "Actual Total Time": 1708.643,
                                            "Actual Rows": 2691637,
                                            "Actual Loops": 1
                                        },
                                        {
                                            "Worker Number": 2,
                                            "Actual Startup Time": 567.464,
                                            "Actual Total Time": 1704.93,
                                            "Actual Rows": 2638989,
                                            "Actual Loops": 1
                                        },
                                        {
                                            "Worker Number": 3,
                                            "Actual Startup Time": 567.428,
                                            "Actual Total Time": 1696.707,
                                            "Actual Rows": 2008938,
                                            "Actual Loops": 1
                                        },
                                        {
                                            "Worker Number": 4,
                                            "Actual Startup Time": 567.439,
                                            "Actual Total Time": 1705.482,
                                            "Actual Rows": 2627953,
                                            "Actual Loops": 1
                                        },
                                        {
                                            "Worker Number": 5,
                                            "Actual Startup Time": 568.122,
                                            "Actual Total Time": 1704.185,
                                            "Actual Rows": 2166147,
                                            "Actual Loops": 1
                                        }
                                    ],
                                    "Plans": [
                                        {
                                            "Node Type": "Seq Scan",
                                            "Parent Relationship": "Outer",
                                            "Parallel Aware": true,
                                            "Relation Name": "cast_info",
                                            "Schema": "public",
                                            "Alias": "ci",
                                            "Startup Cost": 0.0,
                                            "Total Cost": 343318.94,
                                            "Plan Rows": 2270052,
                                            "Plan Width": 4,
                                            "Actual Startup Time": 186.337,
                                            "Actual Total Time": 630.605,
                                            "Actual Rows": 2759916,
                                            "Actual Loops": 7,
                                            "Output": [
                                                "ci.id",
                                                "ci.person_id",
                                                "ci.movie_id",
                                                "ci.person_role_id",
                                                "ci.note",
                                                "ci.nr_order",
                                                "ci.role_id"
                                            ],
                                            "Filter": "((ci.person_id > 1496651) AND (ci.role_id > 1))",
                                            "Rows Removed by Filter": 2417847,
                                            "Workers": [
                                                {
                                                    "Worker Number": 0,
                                                    "Actual Startup Time": 186.339,
                                                    "Actual Total Time": 631.09,
                                                    "Actual Rows": 2907475,
                                                    "Actual Loops": 1
                                                },
                                                {
                                                    "Worker Number": 1,
                                                    "Actual Startup Time": 186.338,
                                                    "Actual Total Time": 639.805,
                                                    "Actual Rows": 2931478,
                                                    "Actual Loops": 1
                                                },
                                                {
                                                    "Worker Number": 2,
                                                    "Actual Startup Time": 186.351,
                                                    "Actual Total Time": 626.786,
                                                    "Actual Rows": 2869949,
                                                    "Actual Loops": 1
                                                },
                                                {
                                                    "Worker Number": 3,
                                                    "Actual Startup Time": 186.335,
                                                    "Actual Total Time": 644.628,
                                                    "Actual Rows": 2080311,
                                                    "Actual Loops": 1
                                                },
                                                {
                                                    "Worker Number": 4,
                                                    "Actual Startup Time": 186.349,
                                                    "Actual Total Time": 625.038,
                                                    "Actual Rows": 2853224,
                                                    "Actual Loops": 1
                                                },
                                                {
                                                    "Worker Number": 5,
                                                    "Actual Startup Time": 186.323,
                                                    "Actual Total Time": 643.795,
                                                    "Actual Rows": 2420957,
                                                    "Actual Loops": 1
                                                }
                                            ]
                                        },
                                        {
                                            "Node Type": "Hash",
                                            "Parent Relationship": "Inner",
                                            "Parallel Aware": true,
                                            "Startup Cost": 94686.15,
                                            "Total Cost": 94686.15,
                                            "Plan Rows": 253030,
                                            "Plan Width": 8,
                                            "Actual Startup Time": 380.396,
                                            "Actual Total Time": 381.123,
                                            "Actual Rows": 117176,
                                            "Actual Loops": 7,
                                            "Output": [
                                                "t.id",
                                                "mk.movie_id"
                                            ],
                                            "Hash Buckets": 1048576,
                                            "Original Hash Buckets": 1048576,
                                            "Hash Batches": 1,
                                            "Original Hash Batches": 1,
                                            "Peak Memory Usage": 40384,
                                            "Workers": [
                                                {
                                                    "Worker Number": 0,
                                                    "Actual Startup Time": 379.57,
                                                    "Actual Total Time": 379.573,
                                                    "Actual Rows": 121028,
                                                    "Actual Loops": 1
                                                },
                                                {
                                                    "Worker Number": 1,
                                                    "Actual Startup Time": 379.95,
                                                    "Actual Total Time": 379.954,
                                                    "Actual Rows": 118321,
                                                    "Actual Loops": 1
                                                },
                                                {
                                                    "Worker Number": 2,
                                                    "Actual Startup Time": 380.254,
                                                    "Actual Total Time": 380.258,
                                                    "Actual Rows": 121958,
                                                    "Actual Loops": 1
                                                },
                                                {
                                                    "Worker Number": 3,
                                                    "Actual Startup Time": 380.177,
                                                    "Actual Total Time": 380.18,
                                                    "Actual Rows": 82105,
                                                    "Actual Loops": 1
                                                },
                                                {
                                                    "Worker Number": 4,
                                                    "Actual Startup Time": 380.274,
                                                    "Actual Total Time": 380.278,
                                                    "Actual Rows": 120551,
                                                    "Actual Loops": 1
                                                },
                                                {
                                                    "Worker Number": 5,
                                                    "Actual Startup Time": 381.008,
                                                    "Actual Total Time": 381.013,
                                                    "Actual Rows": 118156,
                                                    "Actual Loops": 1
                                                }
                                            ],
                                            "Plans": [
                                                {
                                                    "Node Type": "Hash Join",
                                                    "Parent Relationship": "Outer",
                                                    "Parallel Aware": true,
                                                    "Join Type": "Inner",
                                                    "Startup Cost": 51279.44,
                                                    "Total Cost": 94686.15,
                                                    "Plan Rows": 253030,
                                                    "Plan Width": 8,
                                                    "Actual Startup Time": 244.486,
                                                    "Actual Total Time": 341.22,
                                                    "Actual Rows": 117176,
                                                    "Actual Loops": 7,
                                                    "Output": [
                                                        "t.id",
                                                        "mk.movie_id"
                                                    ],
                                                    "Inner Unique": true,
                                                    "Hash Cond": "(mk.movie_id = t.id)",
                                                    "Workers": [
                                                        {
                                                            "Worker Number": 0,
                                                            "Actual Startup Time": 243.686,
                                                            "Actual Total Time": 341.075,
                                                            "Actual Rows": 121028,
                                                            "Actual Loops": 1
                                                        },
                                                        {
                                                            "Worker Number": 1,
                                                            "Actual Startup Time": 244.005,
                                                            "Actual Total Time": 339.875,
                                                            "Actual Rows": 118321,
                                                            "Actual Loops": 1
                                                        },
                                                        {
                                                            "Worker Number": 2,
                                                            "Actual Startup Time": 244.273,
                                                            "Actual Total Time": 340.381,
                                                            "Actual Rows": 121958,
                                                            "Actual Loops": 1
                                                        },
                                                        {
                                                            "Worker Number": 3,
                                                            "Actual Startup Time": 244.264,
                                                            "Actual Total Time": 341.036,
                                                            "Actual Rows": 82105,
                                                            "Actual Loops": 1
                                                        },
                                                        {
                                                            "Worker Number": 4,
                                                            "Actual Startup Time": 244.39,
                                                            "Actual Total Time": 340.16,
                                                            "Actual Rows": 120551,
                                                            "Actual Loops": 1
                                                        },
                                                        {
                                                            "Worker Number": 5,
                                                            "Actual Startup Time": 245.092,
                                                            "Actual Total Time": 341.006,
                                                            "Actual Rows": 118156,
                                                            "Actual Loops": 1
                                                        }
                                                    ],
                                                    "Plans": [
                                                        {
                                                            "Node Type": "Seq Scan",
                                                            "Parent Relationship": "Outer",
                                                            "Parallel Aware": true,
                                                            "Relation Name": "movie_keyword",
                                                            "Schema": "public",
                                                            "Alias": "mk",
                                                            "Startup Cost": 0.0,
                                                            "Total Cost": 42695.65,
                                                            "Plan Rows": 270877,
                                                            "Plan Width": 4,
                                                            "Actual Startup Time": 0.015,
                                                            "Actual Total Time": 57.46,
                                                            "Actual Rows": 120032,
                                                            "Actual Loops": 7,
                                                            "Output": [
                                                                "mk.id",
                                                                "mk.movie_id",
                                                                "mk.keyword_id"
                                                            ],
                                                            "Filter": "(mk.keyword_id < 804)",
                                                            "Rows Removed by Filter": 526243,
                                                            "Workers": [
                                                                {
                                                                    "Worker Number": 0,
                                                                    "Actual Startup Time": 0.016,
                                                                    "Actual Total Time": 58.189,
                                                                    "Actual Rows": 123815,
                                                                    "Actual Loops": 1
                                                                },
                                                                {
                                                                    "Worker Number": 1,
                                                                    "Actual Startup Time": 0.014,
                                                                    "Actual Total Time": 58.072,
                                                                    "Actual Rows": 121202,
                                                                    "Actual Loops": 1
                                                                },
                                                                {
                                                                    "Worker Number": 2,
                                                                    "Actual Startup Time": 0.013,
                                                                    "Actual Total Time": 58.287,
                                                                    "Actual Rows": 125004,
                                                                    "Actual Loops": 1
                                                                },
                                                                {
                                                                    "Worker Number": 3,
                                                                    "Actual Startup Time": 0.016,
                                                                    "Actual Total Time": 59.917,
                                                                    "Actual Rows": 83988,
                                                                    "Actual Loops": 1
                                                                },
                                                                {
                                                                    "Worker Number": 4,
                                                                    "Actual Startup Time": 0.016,
                                                                    "Actual Total Time": 57.781,
                                                                    "Actual Rows": 123329,
                                                                    "Actual Loops": 1
                                                                },
                                                                {
                                                                    "Worker Number": 5,
                                                                    "Actual Startup Time": 0.02,
                                                                    "Actual Total Time": 58.056,
                                                                    "Actual Rows": 121102,
                                                                    "Actual Loops": 1
                                                                }
                                                            ]
                                                        },
                                                        {
                                                            "Node Type": "Hash",
                                                            "Parent Relationship": "Inner",
                                                            "Parallel Aware": true,
                                                            "Startup Cost": 43899.01,
                                                            "Total Cost": 43899.01,
                                                            "Plan Rows": 590435,
                                                            "Plan Width": 4,
                                                            "Actual Startup Time": 240.847,
                                                            "Actual Total Time": 240.848,
                                                            "Actual Rows": 338135,
                                                            "Actual Loops": 7,
                                                            "Output": [
                                                                "t.id"
                                                            ],
                                                            "Hash Buckets": 4194304,
                                                            "Original Hash Buckets": 4194304,
                                                            "Hash Batches": 1,
                                                            "Original Hash Batches": 1,
                                                            "Peak Memory Usage": 125472,
                                                            "Workers": [
                                                                {
                                                                    "Worker Number": 0,
                                                                    "Actual Startup Time": 243.577,
                                                                    "Actual Total Time": 243.579,
                                                                    "Actual Rows": 335624,
                                                                    "Actual Loops": 1
                                                                },
                                                                {
                                                                    "Worker Number": 1,
                                                                    "Actual Startup Time": 243.908,
                                                                    "Actual Total Time": 243.909,
                                                                    "Actual Rows": 329856,
                                                                    "Actual Loops": 1
                                                                },
                                                                {
                                                                    "Worker Number": 2,
                                                                    "Actual Startup Time": 244.172,
                                                                    "Actual Total Time": 244.173,
                                                                    "Actual Rows": 336575,
                                                                    "Actual Loops": 1
                                                                },
                                                                {
                                                                    "Worker Number": 3,
                                                                    "Actual Startup Time": 244.185,
                                                                    "Actual Total Time": 244.186,
                                                                    "Actual Rows": 252197,
                                                                    "Actual Loops": 1
                                                                },
                                                                {
                                                                    "Worker Number": 4,
                                                                    "Actual Startup Time": 244.285,
                                                                    "Actual Total Time": 244.286,
                                                                    "Actual Rows": 327899,
                                                                    "Actual Loops": 1
                                                                },
                                                                {
                                                                    "Worker Number": 5,
                                                                    "Actual Startup Time": 244.976,
                                                                    "Actual Total Time": 244.977,
                                                                    "Actual Rows": 326158,
                                                                    "Actual Loops": 1
                                                                }
                                                            ],
                                                            "Plans": [
                                                                {
                                                                    "Node Type": "Seq Scan",
                                                                    "Parent Relationship": "Outer",
                                                                    "Parallel Aware": true,
                                                                    "Relation Name": "title",
                                                                    "Schema": "public",
                                                                    "Alias": "t",
                                                                    "Startup Cost": 0.0,
                                                                    "Total Cost": 43899.01,
                                                                    "Plan Rows": 590435,
                                                                    "Plan Width": 4,
                                                                    "Actual Startup Time": 0.059,
                                                                    "Actual Total Time": 74.327,
                                                                    "Actual Rows": 338135,
                                                                    "Actual Loops": 7,
                                                                    "Output": [
                                                                        "t.id"
                                                                    ],
                                                                    "Filter": "(t.production_year > 1920)",
                                                                    "Rows Removed by Filter": 23052,
                                                                    "Workers": [
                                                                        {
                                                                            "Worker Number": 0,
                                                                            "Actual Startup Time": 0.056,
                                                                            "Actual Total Time": 74.902,
                                                                            "Actual Rows": 335624,
                                                                            "Actual Loops": 1
                                                                        },
                                                                        {
                                                                            "Worker Number": 1,
                                                                            "Actual Startup Time": 0.066,
                                                                            "Actual Total Time": 75.649,
                                                                            "Actual Rows": 329856,
                                                                            "Actual Loops": 1
                                                                        },
                                                                        {
                                                                            "Worker Number": 2,
                                                                            "Actual Startup Time": 0.07,
                                                                            "Actual Total Time": 75.314,
                                                                            "Actual Rows": 336575,
                                                                            "Actual Loops": 1
                                                                        },
                                                                        {
                                                                            "Worker Number": 3,
                                                                            "Actual Startup Time": 0.062,
                                                                            "Actual Total Time": 79.507,
                                                                            "Actual Rows": 252197,
                                                                            "Actual Loops": 1
                                                                        },
                                                                        {
                                                                            "Worker Number": 4,
                                                                            "Actual Startup Time": 0.063,
                                                                            "Actual Total Time": 74.654,
                                                                            "Actual Rows": 327899,
                                                                            "Actual Loops": 1
                                                                        },
                                                                        {
                                                                            "Worker Number": 5,
                                                                            "Actual Startup Time": 0.081,
                                                                            "Actual Total Time": 76.241,
                                                                            "Actual Rows": 326158,
                                                                            "Actual Loops": 1
                                                                        }
                                                                    ]
                                                                }
                                                            ]
                                                        }
                                                    ]
                                                }
                                            ]
                                        }
                                    ]
                                }
                            ]
                        }
                    ]
                }
            ]
        },
        "Planning Time": 202.834,
        "Triggers": [],
        "Execution Time": 1890.271
    }
]