{
  "Plan": {
    "Node Type": "Aggregate",
    "Strategy": "Plain",
    "Partial Mode": "Finalize",
    "Parallel Aware": false,
    "Startup Cost": 96480.23,
    "Total Cost": 96480.24,
    "Plan Rows": 1,
    "Plan Width": 8,
    "Actual Startup Time": 219.176,
    "Actual Total Time": 235.513,
    "Actual Rows": 1,
    "Actual Loops": 1,
    "Plans": [
      {
        "Node Type": "Gather",
        "Parent Relationship": "Outer",
        "Parallel Aware": false,
        "Startup Cost": 96480.11,
        "Total Cost": 96480.22,
        "Plan Rows": 1,
        "Plan Width": 8,
        "Actual Startup Time": 218.555,
        "Actual Total Time": 235.506,
        "Actual Rows": 2,
        "Actual Loops": 1,
        "Workers Planned": 1,
        "Workers Launched": 1,
        "Single Copy": false,
        "Plans": [
          {
            "Node Type": "Aggregate",
            "Strategy": "Plain",
            "Partial Mode": "Partial",
            "Parent Relationship": "Outer",
            "Parallel Aware": false,
            "Startup Cost": 95480.11,
            "Total Cost": 95480.12,
            "Plan Rows": 1,
            "Plan Width": 8,
            "Actual Startup Time": 212.349,
            "Actual Total Time": 212.353,
            "Actual Rows": 1,
            "Actual Loops": 2,
            "Plans": [
              {
                "Node Type": "Nested Loop",
                "Parent Relationship": "Outer",
                "Parallel Aware": false,
                "Join Type": "Inner",
                "Startup Cost": 63565.05,
                "Total Cost": 95450.74,
                "Plan Rows": 11750,
                "Plan Width": 0,
                "Actual Startup Time": 190.205,
                "Actual Total Time": 212.33,
                "Actual Rows": 199,
                "Actual Loops": 2,
                "Inner Unique": false,
                "Join Filter": "(t.id = ci.movie_id)",
                "Rows Removed by Join Filter": 0,
                "Plans": [
                  {
                    "Node Type": "Hash Join",
                    "Parent Relationship": "Outer",
                    "Parallel Aware": true,
                    "Join Type": "Inner",
                    "Startup Cost": 63564.49,
                    "Total Cost": 84592.43,
                    "Plan Rows": 820,
                    "Plan Width": 8,
                    "Actual Startup Time": 190.13,
                    "Actual Total Time": 211.16,
                    "Actual Rows": 5,
                    "Actual Loops": 2,
                    "Inner Unique": true,
                    "Hash Cond": "(mc.movie_id = t.id)",
                    "Plans": [
                      {
                        "Node Type": "Bitmap Heap Scan",
                        "Parent Relationship": "Outer",
                        "Parallel Aware": true,
                        "Relation Name": "movie_companies",
                        "Alias": "mc",
                        "Startup Cost": 5032.55,
                        "Total Cost": 25882.99,
                        "Plan Rows": 67619,
                        "Plan Width": 4,
                        "Actual Startup Time": 15.319,
                        "Actual Total Time": 50.789,
                        "Actual Rows": 89138,
                        "Actual Loops": 2,
                        "Recheck Cond": "(company_id < 93)",
                        "Rows Removed by Index Recheck": 0,
                        "Filter": "(company_type_id < 2)",
                        "Rows Removed by Filter": 27195,
                        "Exact Heap Blocks": 10946,
                        "Lossy Heap Blocks": 0,
                        "Plans": [
                          {
                            "Node Type": "Bitmap Index Scan",
                            "Parent Relationship": "Outer",
                            "Parallel Aware": false,
                            "Index Name": "company_id_movie_companies",
                            "Startup Cost": 0.0,
                            "Total Cost": 5003.81,
                            "Plan Rows": 233517,
                            "Plan Width": 0,
                            "Actual Startup Time": 12.826,
                            "Actual Total Time": 12.826,
                            "Actual Rows": 232665,
                            "Actual Loops": 1,
                            "Index Cond": "(company_id < 93)"
                          }
                        ]
                      },
                      {
                        "Node Type": "Hash",
                        "Parent Relationship": "Inner",
                        "Parallel Aware": true,
                        "Startup Cost": 58306.47,
                        "Total Cost": 58306.47,
                        "Plan Rows": 18038,
                        "Plan Width": 4,
                        "Actual Startup Time": 147.629,
                        "Actual Total Time": 147.63,
                        "Actual Rows": 40822,
                        "Actual Loops": 2,
                        "Hash Buckets": 131072,
                        "Original Hash Buckets": 32768,
                        "Hash Batches": 1,
                        "Original Hash Batches": 1,
                        "Peak Memory Usage": 4992,
                        "Plans": [
                          {
                            "Node Type": "Seq Scan",
                            "Parent Relationship": "Outer",
                            "Parallel Aware": true,
                            "Relation Name": "title",
                            "Alias": "t",
                            "Startup Cost": 0.0,
                            "Total Cost": 58306.47,
                            "Plan Rows": 18038,
                            "Plan Width": 4,
                            "Actual Startup Time": 85.661,
                            "Actual Total Time": 137.351,
                            "Actual Rows": 40822,
                            "Actual Loops": 2,
                            "Filter": "((kind_id < 7) AND (production_year < 1919))",
                            "Rows Removed by Filter": 1223334
                          }
                        ]
                      }
                    ]
                  },
                  {
                    "Node Type": "Index Only Scan",
                    "Parent Relationship": "Inner",
                    "Parallel Aware": false,
                    "Scan Direction": "Forward",
                    "Index Name": "movie_id_cast_info",
                    "Relation Name": "cast_info",
                    "Alias": "ci",
                    "Startup Cost": 0.56,
                    "Total Cost": 12.78,
                    "Plan Rows": 37,
                    "Plan Width": 4,
                    "Actual Startup Time": 0.031,
                    "Actual Total Time": 0.227,
                    "Actual Rows": 40,
                    "Actual Loops": 10,
                    "Index Cond": "(movie_id = mc.movie_id)",
                    "Rows Removed by Index Recheck": 0,
                    "Heap Fetches": 398
                  }
                ]
              }
            ]
          }
        ]
      }
    ]
  },
  "Planning Time": 0.987,
  "Triggers": [],
  "Execution Time": 235.619
}