[
  {
    "Plan": {
      "Node Type": "Aggregate",
      "Strategy": "Plain",
      "Partial Mode": "Simple",
      "Parallel Aware": false,
      "Startup Cost": 190350.87,
      "Total Cost": 190350.88,
      "Plan Rows": 1,
      "Plan Width": 192,
      "Actual Startup Time": 885.107,
      "Actual Total Time": 907.123,
      "Actual Rows": 1,
      "Actual Loops": 1,
      "Plans": [
        {
          "Node Type": "Hash Join",
          "Parent Relationship": "Outer",
          "Parallel Aware": false,
          "Join Type": "Inner",
          "Startup Cost": 145661.87,
          "Total Cost": 190350.85,
          "Plan Rows": 1,
          "Plan Width": 84,
          "Actual Startup Time": 883.946,
          "Actual Total Time": 907.063,
          "Actual Rows": 4,
          "Actual Loops": 1,
          "Inner Unique": true,
          "Hash Cond": "(t2.kind_id = kt2.id)",
          "Plans": [
            {
              "Node Type": "Hash Join",
              "Parent Relationship": "Outer",
              "Parallel Aware": false,
              "Join Type": "Inner",
              "Startup Cost": 145660.77,
              "Total Cost": 190349.75,
              "Plan Rows": 1,
              "Plan Width": 88,
              "Actual Startup Time": 883.835,
              "Actual Total Time": 906.948,
              "Actual Rows": 4,
              "Actual Loops": 1,
              "Inner Unique": true,
              "Hash Cond": "(t1.kind_id = kt1.id)",
              "Plans": [
                {
                  "Node Type": "Gather",
                  "Parent Relationship": "Outer",
                  "Parallel Aware": false,
                  "Startup Cost": 145659.67,
                  "Total Cost": 190348.65,
                  "Plan Rows": 1,
                  "Plan Width": 92,
                  "Actual Startup Time": 883.777,
                  "Actual Total Time": 906.884,
                  "Actual Rows": 4,
                  "Actual Loops": 1,
                  "Workers Planned": 4,
                  "Workers Launched": 4,
                  "Single Copy": false,
                  "Plans": [
                    {
                      "Node Type": "Hash Join",
                      "Parent Relationship": "Outer",
                      "Parallel Aware": true,
                      "Join Type": "Inner",
                      "Startup Cost": 144659.67,
                      "Total Cost": 189348.55,
                      "Plan Rows": 1,
                      "Plan Width": 92,
                      "Actual Startup Time": 835.058,
                      "Actual Total Time": 871.007,
                      "Actual Rows": 1,
                      "Actual Loops": 5,
                      "Inner Unique": false,
                      "Hash Cond": "(t1.id = ml.movie_id)",
                      "Plans": [
                        {
                          "Node Type": "Seq Scan",
                          "Parent Relationship": "Outer",
                          "Parallel Aware": true,
                          "Relation Name": "title",
                          "Alias": "t1",
                          "Startup Cost": 0.0,
                          "Total Cost": 42318.63,
                          "Plan Rows": 632063,
                          "Plan Width": 25,
                          "Actual Startup Time": 0.022,
                          "Actual Total Time": 150.653,
                          "Actual Rows": 505662,
                          "Actual Loops": 5
                        },
                        {
                          "Node Type": "Hash",
                          "Parent Relationship": "Inner",
                          "Parallel Aware": true,
                          "Startup Cost": 144659.66,
                          "Total Cost": 144659.66,
                          "Plan Rows": 1,
                          "Plan Width": 83,
                          "Actual Startup Time": 683.492,
                          "Actual Total Time": 683.558,
                          "Actual Rows": 1,
                          "Actual Loops": 5,
                          "Hash Buckets": 1024,
                          "Original Hash Buckets": 1024,
                          "Hash Batches": 1,
                          "Original Hash Batches": 1,
                          "Peak Memory Usage": 136,
                          "Plans": [
                            {
                              "Node Type": "Hash Join",
                              "Parent Relationship": "Outer",
                              "Parallel Aware": true,
                              "Join Type": "Inner",
                              "Startup Cost": 139763.94,
                              "Total Cost": 144659.66,
                              "Plan Rows": 1,
                              "Plan Width": 83,
                              "Actual Startup Time": 672.369,
                              "Actual Total Time": 683.452,
                              "Actual Rows": 1,
                              "Actual Loops": 5,
                              "Inner Unique": false,
                              "Hash Cond": "(cn2.id = mc2.company_id)",
                              "Plans": [
                                {
                                  "Node Type": "Seq Scan",
                                  "Parent Relationship": "Outer",
                                  "Parallel Aware": true,
                                  "Relation Name": "company_name",
                                  "Alias": "cn2",
                                  "Startup Cost": 0.0,
                                  "Total Cost": 4377.34,
                                  "Plan Rows": 138234,
                                  "Plan Width": 23,
                                  "Actual Startup Time": 0.021,
                                  "Actual Total Time": 13.471,
                                  "Actual Rows": 46999,
                                  "Actual Loops": 5
                                },
                                {
                                  "Node Type": "Hash",
                                  "Parent Relationship": "Inner",
                                  "Parallel Aware": true,
                                  "Startup Cost": 139763.92,
                                  "Total Cost": 139763.92,
                                  "Plan Rows": 1,
                                  "Plan Width": 68,
                                  "Actual Startup Time": 666.559,
                                  "Actual Total Time": 666.618,
                                  "Actual Rows": 1,
                                  "Actual Loops": 5,
                                  "Hash Buckets": 1024,
                                  "Original Hash Buckets": 1024,
                                  "Hash Batches": 1,
                                  "Original Hash Batches": 1,
                                  "Peak Memory Usage": 40,
                                  "Plans": [
                                    {
                                      "Node Type": "Hash Join",
                                      "Parent Relationship": "Outer",
                                      "Parallel Aware": true,
                                      "Join Type": "Inner",
                                      "Startup Cost": 110315.37,
                                      "Total Cost": 139763.92,
                                      "Plan Rows": 1,
                                      "Plan Width": 68,
                                      "Actual Startup Time": 641.343,
                                      "Actual Total Time": 666.516,
                                      "Actual Rows": 1,
                                      "Actual Loops": 5,
                                      "Inner Unique": false,
                                      "Hash Cond": "(mc1.movie_id = ml.movie_id)",
                                      "Plans": [
                                        {
                                          "Node Type": "Hash Join",
                                          "Parent Relationship": "Outer",
                                          "Parallel Aware": true,
                                          "Join Type": "Inner",
                                          "Startup Cost": 4740.77,
                                          "Total Cost": 34156.7,
                                          "Plan Rows": 8696,
                                          "Plan Width": 23,
                                          "Actual Startup Time": 16.766,
                                          "Actual Total Time": 141.9,
                                          "Actual Rows": 11282,
                                          "Actual Loops": 5,
                                          "Inner Unique": true,
                                          "Hash Cond": "(mc1.company_id = cn1.id)",
                                          "Plans": [
                                            {
                                              "Node Type": "Seq Scan",
                                              "Parent Relationship": "Outer",
                                              "Parallel Aware": true,
                                              "Relation Name": "movie_companies",
                                              "Alias": "mc1",
                                              "Startup Cost": 0.0,
                                              "Total Cost": 27206.55,
                                              "Plan Rows": 841655,
                                              "Plan Width": 8,
                                              "Actual Startup Time": 0.027,
                                              "Actual Total Time": 77.227,
                                              "Actual Rows": 521826,
                                              "Actual Loops": 5
                                            },
                                            {
                                              "Node Type": "Hash",
                                              "Parent Relationship": "Inner",
                                              "Parallel Aware": true,
                                              "Startup Cost": 4722.92,
                                              "Total Cost": 4722.92,
                                              "Plan Rows": 1428,
                                              "Plan Width": 23,
                                              "Actual Startup Time": 16.604,
                                              "Actual Total Time": 16.606,
                                              "Actual Rows": 468,
                                              "Actual Loops": 5,
                                              "Hash Buckets": 4096,
                                              "Original Hash Buckets": 4096,
                                              "Hash Batches": 1,
                                              "Original Hash Batches": 1,
                                              "Peak Memory Usage": 192,
                                              "Plans": [
                                                {
                                                  "Node Type": "Seq Scan",
                                                  "Parent Relationship": "Outer",
                                                  "Parallel Aware": true,
                                                  "Relation Name": "company_name",
                                                  "Alias": "cn1",
                                                  "Startup Cost": 0.0,
                                                  "Total Cost": 4722.92,
                                                  "Plan Rows": 1428,
                                                  "Plan Width": 23,
                                                  "Actual Startup Time": 0.054,
                                                  "Actual Total Time": 16.119,
                                                  "Actual Rows": 468,
                                                  "Actual Loops": 5,
                                                  "Filter": "((country_code)::text = '[nl]'::text)",
                                                  "Rows Removed by Filter": 46531
                                                }
                                              ]
                                            }
                                          ]
                                        },
                                        {
                                          "Node Type": "Hash",
                                          "Parent Relationship": "Inner",
                                          "Parallel Aware": true,
                                          "Startup Cost": 105574.59,
                                          "Total Cost": 105574.59,
                                          "Plan Rows": 1,
                                          "Plan Width": 45,
                                          "Actual Startup Time": 523.527,
                                          "Actual Total Time": 523.573,
                                          "Actual Rows": 1,
                                          "Actual Loops": 5,
                                          "Hash Buckets": 1024,
                                          "Original Hash Buckets": 1024,
                                          "Hash Batches": 1,
                                          "Original Hash Batches": 1,
                                          "Peak Memory Usage": 72,
                                          "Plans": [
                                            {
                                              "Node Type": "Hash Join",
                                              "Parent Relationship": "Outer",
                                              "Parallel Aware": true,
                                              "Join Type": "Inner",
                                              "Startup Cost": 76019.39,
                                              "Total Cost": 105574.59,
                                              "Plan Rows": 1,
                                              "Plan Width": 45,
                                              "Actual Startup Time": 472.854,
                                              "Actual Total Time": 523.282,
                                              "Actual Rows": 1,
                                              "Actual Loops": 5,
                                              "Inner Unique": false,
                                              "Hash Cond": "(t2.id = ml.linked_movie_id)",
                                              "Plans": [
                                                {
                                                  "Node Type": "Hash Join",
                                                  "Parent Relationship": "Outer",
                                                  "Parallel Aware": true,
                                                  "Join Type": "Inner",
                                                  "Startup Cost": 44247.47,
                                                  "Total Cost": 73663.36,
                                                  "Plan Rows": 37145,
                                                  "Plan Width": 33,
                                                  "Actual Startup Time": 190.026,
                                                  "Actual Total Time": 372.355,
                                                  "Actual Rows": 20101,
                                                  "Actual Loops": 5,
                                                  "Inner Unique": true,
                                                  "Hash Cond": "(mc2.movie_id = t2.id)",
                                                  "Plans": [
                                                    {
                                                      "Node Type": "Seq Scan",
                                                      "Parent Relationship": "Outer",
                                                      "Parallel Aware": true,
                                                      "Relation Name": "movie_companies",
                                                      "Alias": "mc2",
                                                      "Startup Cost": 0.0,
                                                      "Total Cost": 27206.55,
                                                      "Plan Rows": 841655,
                                                      "Plan Width": 8,
                                                      "Actual Startup Time": 0.023,
                                                      "Actual Total Time": 96.501,
                                                      "Actual Rows": 521826,
                                                      "Actual Loops": 5
                                                    },
                                                    {
                                                      "Node Type": "Hash",
                                                      "Parent Relationship": "Inner",
                                                      "Parallel Aware": true,
                                                      "Startup Cost": 43898.79,
                                                      "Total Cost": 43898.79,
                                                      "Plan Rows": 27895,
                                                      "Plan Width": 25,
                                                      "Actual Startup Time": 189.423,
                                                      "Actual Total Time": 189.426,
                                                      "Actual Rows": 23913,
                                                      "Actual Loops": 5,
                                                      "Hash Buckets": 131072,
                                                      "Original Hash Buckets": 131072,
                                                      "Hash Batches": 1,
                                                      "Original Hash Batches": 1,
                                                      "Peak Memory Usage": 8128,
                                                      "Plans": [
                                                        {
                                                          "Node Type": "Seq Scan",
                                                          "Parent Relationship": "Outer",
                                                          "Parallel Aware": true,
                                                          "Relation Name": "title",
                                                          "Alias": "t2",
                                                          "Startup Cost": 0.0,
                                                          "Total Cost": 43898.79,
                                                          "Plan Rows": 27895,
                                                          "Plan Width": 25,
                                                          "Actual Startup Time": 0.064,
                                                          "Actual Total Time": 170.778,
                                                          "Actual Rows": 23913,
                                                          "Actual Loops": 5,
                                                          "Filter": "(production_year = 2007)",
                                                          "Rows Removed by Filter": 481749
                                                        }
                                                      ]
                                                    }
                                                  ]
                                                },
                                                {
                                                  "Node Type": "Hash",
                                                  "Parent Relationship": "Inner",
                                                  "Parallel Aware": true,
                                                  "Startup Cost": 31771.91,
                                                  "Total Cost": 31771.91,
                                                  "Plan Rows": 1,
                                                  "Plan Width": 28,
                                                  "Actual Startup Time": 149.094,
                                                  "Actual Total Time": 149.124,
                                                  "Actual Rows": 6,
                                                  "Actual Loops": 5,
                                                  "Hash Buckets": 1024,
                                                  "Original Hash Buckets": 1024,
                                                  "Hash Batches": 1,
                                                  "Original Hash Batches": 1,
                                                  "Peak Memory Usage": 136,
                                                  "Plans": [
                                                    {
                                                      "Node Type": "Hash Join",
                                                      "Parent Relationship": "Outer",
                                                      "Parallel Aware": true,
                                                      "Join Type": "Inner",
                                                      "Startup Cost": 16501.64,
                                                      "Total Cost": 31771.91,
                                                      "Plan Rows": 1,
                                                      "Plan Width": 28,
                                                      "Actual Startup Time": 92.617,
                                                      "Actual Total Time": 148.947,
                                                      "Actual Rows": 6,
                                                      "Actual Loops": 5,
                                                      "Inner Unique": false,
                                                      "Hash Cond": "(mi_idx1.movie_id = ml.movie_id)",
                                                      "Plans": [
                                                        {
                                                          "Node Type": "Hash Join",
                                                          "Parent Relationship": "Outer",
                                                          "Parallel Aware": false,
                                                          "Join Type": "Inner",
                                                          "Startup Cost": 2.43,
                                                          "Total Cost": 15253.6,
                                                          "Plan Rows": 5089,
                                                          "Plan Width": 10,
                                                          "Actual Startup Time": 0.122,
                                                          "Actual Total Time": 65.232,
                                                          "Actual Rows": 91985,
                                                          "Actual Loops": 5,
                                                          "Inner Unique": true,
                                                          "Hash Cond": "(mi_idx1.info_type_id = it1.id)",
                                                          "Plans": [
                                                            {
                                                              "Node Type": "Seq Scan",
                                                              "Parent Relationship": "Outer",
                                                              "Parallel Aware": true,
                                                              "Relation Name": "movie_info_idx",
                                                              "Alias": "mi_idx1",
                                                              "Startup Cost": 0.0,
                                                              "Total Cost": 13685.15,
                                                              "Plan Rows": 575015,
                                                              "Plan Width": 14,
                                                              "Actual Startup Time": 0.025,
                                                              "Actual Total Time": 33.658,
                                                              "Actual Rows": 276007,
                                                              "Actual Loops": 5
                                                            },
                                                            {
                                                              "Node Type": "Hash",
                                                              "Parent Relationship": "Inner",
                                                              "Parallel Aware": false,
                                                              "Startup Cost": 2.41,
                                                              "Total Cost": 2.41,
                                                              "Plan Rows": 1,
                                                              "Plan Width": 4,
                                                              "Actual Startup Time": 0.042,
                                                              "Actual Total Time": 0.047,
                                                              "Actual Rows": 1,
                                                              "Actual Loops": 5,
                                                              "Hash Buckets": 1024,
                                                              "Original Hash Buckets": 1024,
                                                              "Hash Batches": 1,
                                                              "Original Hash Batches": 1,
                                                              "Peak Memory Usage": 9,
                                                              "Plans": [
                                                                {
                                                                  "Node Type": "Seq Scan",
                                                                  "Parent Relationship": "Outer",
                                                                  "Parallel Aware": false,
                                                                  "Relation Name": "info_type",
                                                                  "Alias": "it1",
                                                                  "Startup Cost": 0.0,
                                                                  "Total Cost": 2.41,
                                                                  "Plan Rows": 1,
                                                                  "Plan Width": 4,
                                                                  "Actual Startup Time": 0.029,
                                                                  "Actual Total Time": 0.032,
                                                                  "Actual Rows": 1,
                                                                  "Actual Loops": 5,
                                                                  "Filter": "((info)::text = 'rating'::text COLLATE \"C\")",
                                                                  "Rows Removed by Filter": 112
                                                                }
                                                              ]
                                                            }
                                                          ]
                                                        },
                                                        {
                                                          "Node Type": "Hash",
                                                          "Parent Relationship": "Inner",
                                                          "Parallel Aware": true,
                                                          "Startup Cost": 16499.1,
                                                          "Total Cost": 16499.1,
                                                          "Plan Rows": 9,
                                                          "Plan Width": 18,
                                                          "Actual Startup Time": 77.367,
                                                          "Actual Total Time": 77.384,
                                                          "Actual Rows": 7,
                                                          "Actual Loops": 5,
                                                          "Hash Buckets": 1024,
                                                          "Original Hash Buckets": 1024,
                                                          "Hash Batches": 1,
                                                          "Original Hash Batches": 1,
                                                          "Peak Memory Usage": 168,
                                                          "Plans": [
                                                            {
                                                              "Node Type": "Hash Join",
                                                              "Parent Relationship": "Outer",
                                                              "Parallel Aware": false,
                                                              "Join Type": "Inner",
                                                              "Startup Cost": 584.73,
                                                              "Total Cost": 16499.1,
                                                              "Plan Rows": 9,
                                                              "Plan Width": 18,
                                                              "Actual Startup Time": 28.876,
                                                              "Actual Total Time": 77.311,
                                                              "Actual Rows": 7,
                                                              "Actual Loops": 5,
                                                              "Inner Unique": false,
                                                              "Hash Cond": "(mi_idx2.movie_id = ml.linked_movie_id)",
                                                              "Plans": [
                                                                {
                                                                  "Node Type": "Hash Join",
                                                                  "Parent Relationship": "Outer",
                                                                  "Parallel Aware": false,
                                                                  "Join Type": "Inner",
                                                                  "Startup Cost": 2.43,
                                                                  "Total Cost": 15888.78,
                                                                  "Plan Rows": 2482,
                                                                  "Plan Width": 10,
                                                                  "Actual Startup Time": 0.269,
                                                                  "Actual Total Time": 62.07,
                                                                  "Actual Rows": 5118,
                                                                  "Actual Loops": 5,
                                                                  "Inner Unique": true,
                                                                  "Hash Cond": "(mi_idx2.info_type_id = it2.id)",
                                                                  "Plans": [
                                                                    {
                                                                      "Node Type": "Seq Scan",
                                                                      "Parent Relationship": "Outer",
                                                                      "Parallel Aware": true,
                                                                      "Relation Name": "movie_info_idx",
                                                                      "Alias": "mi_idx2",
                                                                      "Startup Cost": 0.0,
                                                                      "Total Cost": 15122.68,
                                                                      "Plan Rows": 280408,
                                                                      "Plan Width": 14,
                                                                      "Actual Startup Time": 0.051,
                                                                      "Actual Total Time": 52.795,
                                                                      "Actual Rows": 134966,
                                                                      "Actual Loops": 5,
                                                                      "Filter": "(info < '3.0'::text)",
                                                                      "Rows Removed by Filter": 141041
                                                                    },
                                                                    {
                                                                      "Node Type": "Hash",
                                                                      "Parent Relationship": "Inner",
                                                                      "Parallel Aware": false,
                                                                      "Startup Cost": 2.41,
                                                                      "Total Cost": 2.41,
                                                                      "Plan Rows": 1,
                                                                      "Plan Width": 4,
                                                                      "Actual Startup Time": 0.085,
                                                                      "Actual Total Time": 0.088,
                                                                      "Actual Rows": 1,
                                                                      "Actual Loops": 5,
                                                                      "Hash Buckets": 1024,
                                                                      "Original Hash Buckets": 1024,
                                                                      "Hash Batches": 1,
                                                                      "Original Hash Batches": 1,
                                                                      "Peak Memory Usage": 9,
                                                                      "Plans": [
                                                                        {
                                                                          "Node Type": "Seq Scan",
                                                                          "Parent Relationship": "Outer",
                                                                          "Parallel Aware": false,
                                                                          "Relation Name": "info_type",
                                                                          "Alias": "it2",
                                                                          "Startup Cost": 0.0,
                                                                          "Total Cost": 2.41,
                                                                          "Plan Rows": 1,
                                                                          "Plan Width": 4,
                                                                          "Actual Startup Time": 0.061,
                                                                          "Actual Total Time": 0.065,
                                                                          "Actual Rows": 1,
                                                                          "Actual Loops": 5,
                                                                          "Filter": "((info)::text = 'rating'::text COLLATE \"C\")",
                                                                          "Rows Removed by Filter": 112
                                                                        }
                                                                      ]
                                                                    }
                                                                  ]
                                                                },
                                                                {
                                                                  "Node Type": "Hash",
                                                                  "Parent Relationship": "Inner",
                                                                  "Parallel Aware": false,
                                                                  "Startup Cost": 561.48,
                                                                  "Total Cost": 561.48,
                                                                  "Plan Rows": 1666,
                                                                  "Plan Width": 8,
                                                                  "Actual Startup Time": 14.239,
                                                                  "Actual Total Time": 14.247,
                                                                  "Actual Rows": 2315,
                                                                  "Actual Loops": 5,
                                                                  "Hash Buckets": 4096,
                                                                  "Original Hash Buckets": 2048,
                                                                  "Hash Batches": 1,
                                                                  "Original Hash Batches": 1,
                                                                  "Peak Memory Usage": 123,
                                                                  "Plans": [
                                                                    {
                                                                      "Node Type": "Hash Join",
                                                                      "Parent Relationship": "Outer",
                                                                      "Parallel Aware": false,
                                                                      "Join Type": "Inner",
                                                                      "Startup Cost": 1.24,
                                                                      "Total Cost": 561.48,
                                                                      "Plan Rows": 1666,
                                                                      "Plan Width": 8,
                                                                      "Actual Startup Time": 0.179,
                                                                      "Actual Total Time": 13.436,
                                                                      "Actual Rows": 2315,
                                                                      "Actual Loops": 5,
                                                                      "Inner Unique": true,
                                                                      "Hash Cond": "(ml.link_type_id = lt.id)",
                                                                      "Plans": [
                                                                        {
                                                                          "Node Type": "Seq Scan",
                                                                          "Parent Relationship": "Outer",
                                                                          "Parallel Aware": false,
                                                                          "Relation Name": "movie_link",
                                                                          "Alias": "ml",
                                                                          "Startup Cost": 0.0,
                                                                          "Total Cost": 462.97,
                                                                          "Plan Rows": 29997,
                                                                          "Plan Width": 12,
                                                                          "Actual Startup Time": 0.051,
                                                                          "Actual Total Time": 8.292,
                                                                          "Actual Rows": 29997,
                                                                          "Actual Loops": 5
                                                                        },
                                                                        {
                                                                          "Node Type": "Hash",
                                                                          "Parent Relationship": "Inner",
                                                                          "Parallel Aware": false,
                                                                          "Startup Cost": 1.23,
                                                                          "Total Cost": 1.23,
                                                                          "Plan Rows": 1,
                                                                          "Plan Width": 4,
                                                                          "Actual Startup Time": 0.072,
                                                                          "Actual Total Time": 0.075,
                                                                          "Actual Rows": 2,
                                                                          "Actual Loops": 5,
                                                                          "Hash Buckets": 1024,
                                                                          "Original Hash Buckets": 1024,
                                                                          "Hash Batches": 1,
                                                                          "Original Hash Batches": 1,
                                                                          "Peak Memory Usage": 9,
                                                                          "Plans": [
                                                                            {
                                                                              "Node Type": "Seq Scan",
                                                                              "Parent Relationship": "Outer",
                                                                              "Parallel Aware": false,
                                                                              "Relation Name": "link_type",
                                                                              "Alias": "lt",
                                                                              "Startup Cost": 0.0,
                                                                              "Total Cost": 1.23,
                                                                              "Plan Rows": 1,
                                                                              "Plan Width": 4,
                                                                              "Actual Startup Time": 0.052,
                                                                              "Actual Total Time": 0.059,
                                                                              "Actual Rows": 2,
                                                                              "Actual Loops": 5,
                                                                              "Filter": "((link)::text ~~ '%follow%'::text)",
                                                                              "Rows Removed by Filter": 16
                                                                            }
                                                                          ]
                                                                        }
                                                                      ]
                                                                    }
                                                                  ]
                                                                }
                                                              ]
                                                            }
                                                          ]
                                                        }
                                                      ]
                                                    }
                                                  ]
                                                }
                                              ]
                                            }
                                          ]
                                        }
                                      ]
                                    }
                                  ]
                                }
                              ]
                            }
                          ]
                        }
                      ]
                    }
                  ]
                },
                {
                  "Node Type": "Hash",
                  "Parent Relationship": "Inner",
                  "Parallel Aware": false,
                  "Startup Cost": 1.09,
                  "Total Cost": 1.09,
                  "Plan Rows": 1,
                  "Plan Width": 4,
                  "Actual Startup Time": 0.008,
                  "Actual Total Time": 0.009,
                  "Actual Rows": 1,
                  "Actual Loops": 1,
                  "Hash Buckets": 1024,
                  "Original Hash Buckets": 1024,
                  "Hash Batches": 1,
                  "Original Hash Batches": 1,
                  "Peak Memory Usage": 9,
                  "Plans": [
                    {
                      "Node Type": "Seq Scan",
                      "Parent Relationship": "Outer",
                      "Parallel Aware": false,
                      "Relation Name": "kind_type",
                      "Alias": "kt1",
                      "Startup Cost": 0.0,
                      "Total Cost": 1.09,
                      "Plan Rows": 1,
                      "Plan Width": 4,
                      "Actual Startup Time": 0.003,
                      "Actual Total Time": 0.004,
                      "Actual Rows": 1,
                      "Actual Loops": 1,
                      "Filter": "((kind)::text = 'tv series'::text COLLATE \"C\")",
                      "Rows Removed by Filter": 6
                    }
                  ]
                }
              ]
            },
            {
              "Node Type": "Hash",
              "Parent Relationship": "Inner",
              "Parallel Aware": false,
              "Startup Cost": 1.09,
              "Total Cost": 1.09,
              "Plan Rows": 1,
              "Plan Width": 4,
              "Actual Startup Time": 0.045,
              "Actual Total Time": 0.047,
              "Actual Rows": 1,
              "Actual Loops": 1,
              "Hash Buckets": 1024,
              "Original Hash Buckets": 1024,
              "Hash Batches": 1,
              "Original Hash Batches": 1,
              "Peak Memory Usage": 9,
              "Plans": [
                {
                  "Node Type": "Seq Scan",
                  "Parent Relationship": "Outer",
                  "Parallel Aware": false,
                  "Relation Name": "kind_type",
                  "Alias": "kt2",
                  "Startup Cost": 0.0,
                  "Total Cost": 1.09,
                  "Plan Rows": 1,
                  "Plan Width": 4,
                  "Actual Startup Time": 0.035,
                  "Actual Total Time": 0.036,
                  "Actual Rows": 1,
                  "Actual Loops": 1,
                  "Filter": "((kind)::text = 'tv series'::text COLLATE \"C\")",
                  "Rows Removed by Filter": 6
                }
              ]
            }
          ]
        }
      ]
    },
    "Planning Time": 284.627,
    "Triggers": [],
    "Execution Time": 907.786
  }
]