[
    {
        "Bao": {
            "Bao prediction": "NaN",
            "Bao recommended hint": "(no hint)"
        }
    },
    {
        "Plan": {
            "Node Type": "Aggregate",
            "Strategy": "Plain",
            "Partial Mode": "Finalize",
            "Parallel Aware": false,
            "Startup Cost": 351269.52,
            "Total Cost": 351269.53,
            "Plan Rows": 1,
            "Plan Width": 8,
            "Actual Startup Time": 765.538,
            "Actual Total Time": 793.259,
            "Actual Rows": 1,
            "Actual Loops": 1,
            "Output": [
                "count(*)"
            ],
            "Plans": [
                {
                    "Node Type": "Gather",
                    "Parent Relationship": "Outer",
                    "Parallel Aware": false,
                    "Startup Cost": 351268.89,
                    "Total Cost": 351269.5,
                    "Plan Rows": 6,
                    "Plan Width": 8,
                    "Actual Startup Time": 765.368,
                    "Actual Total Time": 793.25,
                    "Actual Rows": 7,
                    "Actual Loops": 1,
                    "Output": [
                        "(PARTIAL count(*))"
                    ],
                    "Workers Planned": 6,
                    "Workers Launched": 6,
                    "Single Copy": false,
                    "Plans": [
                        {
                            "Node Type": "Aggregate",
                            "Strategy": "Plain",
                            "Partial Mode": "Partial",
                            "Parent Relationship": "Outer",
                            "Parallel Aware": false,
                            "Startup Cost": 350268.89,
                            "Total Cost": 350268.9,
                            "Plan Rows": 1,
                            "Plan Width": 8,
                            "Actual Startup Time": 755.52,
                            "Actual Total Time": 755.521,
                            "Actual Rows": 1,
                            "Actual Loops": 7,
                            "Output": [
                                "PARTIAL count(*)"
                            ],
                            "Workers": [
                                {
                                    "Worker Number": 0,
                                    "Actual Startup Time": 752.818,
                                    "Actual Total Time": 752.82,
                                    "Actual Rows": 1,
                                    "Actual Loops": 1
                                },
                                {
                                    "Worker Number": 1,
                                    "Actual Startup Time": 753.528,
                                    "Actual Total Time": 753.53,
                                    "Actual Rows": 1,
                                    "Actual Loops": 1
                                },
                                {
                                    "Worker Number": 2,
                                    "Actual Startup Time": 753.903,
                                    "Actual Total Time": 753.904,
                                    "Actual Rows": 1,
                                    "Actual Loops": 1
                                },
                                {
                                    "Worker Number": 3,
                                    "Actual Startup Time": 754.251,
                                    "Actual Total Time": 754.252,
                                    "Actual Rows": 1,
                                    "Actual Loops": 1
                                },
                                {
                                    "Worker Number": 4,
                                    "Actual Startup Time": 754.434,
                                    "Actual Total Time": 754.434,
                                    "Actual Rows": 1,
                                    "Actual Loops": 1
                                },
                                {
                                    "Worker Number": 5,
                                    "Actual Startup Time": 754.641,
                                    "Actual Total Time": 754.642,
                                    "Actual Rows": 1,
                                    "Actual Loops": 1
                                }
                            ],
                            "Plans": [
                                {
                                    "Node Type": "Seq Scan",
                                    "Parent Relationship": "Outer",
                                    "Parallel Aware": true,
                                    "Relation Name": "cast_info",
                                    "Schema": "public",
                                    "Alias": "ci",
                                    "Startup Cost": 0.0,
                                    "Total Cost": 343318.94,
                                    "Plan Rows": 2779980,
                                    "Plan Width": 0,
                                    "Actual Startup Time": 200.106,
                                    "Actual Total Time": 628.395,
                                    "Actual Rows": 2947493,
                                    "Actual Loops": 7,
                                    "Output": [
                                        "id",
                                        "person_id",
                                        "movie_id",
                                        "person_role_id",
                                        "note",
                                        "nr_order",
                                        "role_id"
                                    ],
                                    "Filter": "((ci.person_id > 1031732) AND (ci.role_id > 1))",
                                    "Rows Removed by Filter": 2230271,
                                    "Workers": [
                                        {
                                            "Worker Number": 0,
                                            "Actual Startup Time": 197.399,
                                            "Actual Total Time": 626.959,
                                            "Actual Rows": 1891763,
                                            "Actual Loops": 1
                                        },
                                        {
                                            "Worker Number": 1,
                                            "Actual Startup Time": 198.121,
                                            "Actual Total Time": 628.824,
                                            "Actual Rows": 3033305,
                                            "Actual Loops": 1
                                        },
                                        {
                                            "Worker Number": 2,
                                            "Actual Startup Time": 198.483,
                                            "Actual Total Time": 630.347,
                                            "Actual Rows": 3017067,
                                            "Actual Loops": 1
                                        },
                                        {
                                            "Worker Number": 3,
                                            "Actual Startup Time": 198.829,
                                            "Actual Total Time": 630.219,
                                            "Actual Rows": 3033123,
                                            "Actual Loops": 1
                                        },
                                        {
                                            "Worker Number": 4,
                                            "Actual Startup Time": 199.027,
                                            "Actual Total Time": 630.342,
                                            "Actual Rows": 3031006,
                                            "Actual Loops": 1
                                        },
                                        {
                                            "Worker Number": 5,
                                            "Actual Startup Time": 199.233,
                                            "Actual Total Time": 633.88,
                                            "Actual Rows": 2935276,
                                            "Actual Loops": 1
                                        }
                                    ]
                                }
                            ]
                        }
                    ]
                }
            ]
        },
        "Planning Time": 176.054,
        "Triggers": [],
        "Execution Time": 793.306
    }
]