[
  {
    "Plan": {
      "Node Type": "Aggregate",
      "Strategy": "Plain",
      "Partial Mode": "Finalize",
      "Parallel Aware": false,
      "Startup Cost": 31133.73,
      "Total Cost": 31133.74,
      "Plan Rows": 1,
      "Plan Width": 8,
      "Actual Startup Time": 94.628,
      "Actual Total Time": 102.525,
      "Actual Rows": 1,
      "Actual Loops": 1,
      "Plans": [
        {
          "Node Type": "Gather",
          "Parent Relationship": "Outer",
          "Parallel Aware": false,
          "Startup Cost": 31133.42,
          "Total Cost": 31133.73,
          "Plan Rows": 3,
          "Plan Width": 8,
          "Actual Startup Time": 94.533,
          "Actual Total Time": 102.517,
          "Actual Rows": 4,
          "Actual Loops": 1,
          "Workers Planned": 3,
          "Workers Launched": 3,
          "Single Copy": false,
          "Plans": [
            {
              "Node Type": "Aggregate",
              "Strategy": "Plain",
              "Partial Mode": "Partial",
              "Parent Relationship": "Outer",
              "Parallel Aware": false,
              "Startup Cost": 30133.42,
              "Total Cost": 30133.43,
              "Plan Rows": 1,
              "Plan Width": 8,
              "Actual Startup Time": 87.996,
              "Actual Total Time": 87.997,
              "Actual Rows": 1,
              "Actual Loops": 4,
              "Plans": [
                {
                  "Node Type": "Seq Scan",
                  "Parent Relationship": "Outer",
                  "Parallel Aware": true,
                  "Relation Name": "movie_companies",
                  "Alias": "mc",
                  "Startup Cost": 0.0,
                  "Total Cost": 29310.68,
                  "Plan Rows": 329094,
                  "Plan Width": 0,
                  "Actual Startup Time": 22.262,
                  "Actual Total Time": 77.204,
                  "Actual Rows": 258076,
                  "Actual Loops": 4,
                  "Filter": "(company_id > 15534)",
                  "Rows Removed by Filter": 394206
                }
              ]
            }
          ]
        }
      ]
    },
    "Planning Time": 0.187,
    "Triggers": [],
    "Execution Time": 102.58
  }
]