[
  {
    "Plan": {
      "Node Type": "Aggregate",
      "Strategy": "Plain",
      "Partial Mode": "Finalize",
      "Parallel Aware": false,
      "Startup Cost": 276845.98,
      "Total Cost": 276845.99,
      "Plan Rows": 1,
      "Plan Width": 8,
      "Actual Startup Time": 98.132,
      "Actual Total Time": 102.807,
      "Actual Rows": 1,
      "Actual Loops": 1,
      "Plans": [
        {
          "Node Type": "Gather",
          "Parent Relationship": "Outer",
          "Parallel Aware": false,
          "Startup Cost": 276845.35,
          "Total Cost": 276845.96,
          "Plan Rows": 6,
          "Plan Width": 8,
          "Actual Startup Time": 97.883,
          "Actual Total Time": 102.798,
          "Actual Rows": 7,
          "Actual Loops": 1,
          "Workers Planned": 6,
          "Workers Launched": 6,
          "Single Copy": false,
          "Plans": [
            {
              "Node Type": "Aggregate",
              "Strategy": "Plain",
              "Partial Mode": "Partial",
              "Parent Relationship": "Outer",
              "Parallel Aware": false,
              "Startup Cost": 275845.35,
              "Total Cost": 275845.36,
              "Plan Rows": 1,
              "Plan Width": 8,
              "Actual Startup Time": 90.11,
              "Actual Total Time": 90.111,
              "Actual Rows": 1,
              "Actual Loops": 7,
              "Plans": [
                {
                  "Node Type": "Bitmap Heap Scan",
                  "Parent Relationship": "Outer",
                  "Parallel Aware": true,
                  "Relation Name": "cast_info",
                  "Alias": "ci",
                  "Startup Cost": 20803.77,
                  "Total Cost": 275452.92,
                  "Plan Rows": 156972,
                  "Plan Width": 0,
                  "Actual Startup Time": 38.101,
                  "Actual Total Time": 80.446,
                  "Actual Rows": 133969,
                  "Actual Loops": 7,
                  "Recheck Cond": "(person_id < 96847)",
                  "Rows Removed by Index Recheck": 0,
                  "Exact Heap Blocks": 2987,
                  "Lossy Heap Blocks": 0,
                  "Plans": [
                    {
                      "Node Type": "Bitmap Index Scan",
                      "Parent Relationship": "Outer",
                      "Parallel Aware": false,
                      "Index Name": "person_id_cast_info",
                      "Startup Cost": 0.0,
                      "Total Cost": 20568.31,
                      "Plan Rows": 941833,
                      "Plan Width": 0,
                      "Actual Startup Time": 43.67,
                      "Actual Total Time": 43.67,
                      "Actual Rows": 937781,
                      "Actual Loops": 1,
                      "Index Cond": "(person_id < 96847)"
                    }
                  ]
                }
              ]
            }
          ]
        }
      ]
    },
    "Planning Time": 0.114,
    "Triggers": [],
    "Execution Time": 102.852
  }
]