[
  {
    "Plan": {
      "Node Type": "Aggregate",
      "Strategy": "Plain",
      "Partial Mode": "Finalize",
      "Parallel Aware": false,
      "Startup Cost": 33247.33,
      "Total Cost": 33247.34,
      "Plan Rows": 1,
      "Plan Width": 8,
      "Actual Startup Time": 99.678,
      "Actual Total Time": 107.975,
      "Actual Rows": 1,
      "Actual Loops": 1,
      "Plans": [
        {
          "Node Type": "Gather",
          "Parent Relationship": "Outer",
          "Parallel Aware": false,
          "Startup Cost": 33247.01,
          "Total Cost": 33247.32,
          "Plan Rows": 3,
          "Plan Width": 8,
          "Actual Startup Time": 99.503,
          "Actual Total Time": 107.968,
          "Actual Rows": 4,
          "Actual Loops": 1,
          "Workers Planned": 3,
          "Workers Launched": 3,
          "Single Copy": false,
          "Plans": [
            {
              "Node Type": "Aggregate",
              "Strategy": "Plain",
              "Partial Mode": "Partial",
              "Parent Relationship": "Outer",
              "Parallel Aware": false,
              "Startup Cost": 32247.01,
              "Total Cost": 32247.02,
              "Plan Rows": 1,
              "Plan Width": 8,
              "Actual Startup Time": 92.407,
              "Actual Total Time": 92.408,
              "Actual Rows": 1,
              "Actual Loops": 4,
              "Plans": [
                {
                  "Node Type": "Seq Scan",
                  "Parent Relationship": "Outer",
                  "Parallel Aware": true,
                  "Relation Name": "movie_companies",
                  "Alias": "mc",
                  "Startup Cost": 0.0,
                  "Total Cost": 31414.82,
                  "Plan Rows": 332878,
                  "Plan Width": 0,
                  "Actual Startup Time": 0.195,
                  "Actual Total Time": 79.989,
                  "Actual Rows": 228504,
                  "Actual Loops": 4,
                  "Filter": "((company_id > 428) AND (company_type_id < 2))",
                  "Rows Removed by Filter": 423778
                }
              ]
            }
          ]
        }
      ]
    },
    "Planning Time": 0.22,
    "Triggers": [],
    "Execution Time": 108.031
  }
]