[
  {
    "Plan": {
      "Node Type": "Aggregate",
      "Strategy": "Plain",
      "Partial Mode": "Finalize",
      "Parallel Aware": false,
      "Startup Cost": 33255.09,
      "Total Cost": 33255.1,
      "Plan Rows": 1,
      "Plan Width": 8,
      "Actual Startup Time": 103.367,
      "Actual Total Time": 110.894,
      "Actual Rows": 1,
      "Actual Loops": 1,
      "Plans": [
        {
          "Node Type": "Gather",
          "Parent Relationship": "Outer",
          "Parallel Aware": false,
          "Startup Cost": 33254.78,
          "Total Cost": 33255.09,
          "Plan Rows": 3,
          "Plan Width": 8,
          "Actual Startup Time": 103.266,
          "Actual Total Time": 110.886,
          "Actual Rows": 4,
          "Actual Loops": 1,
          "Workers Planned": 3,
          "Workers Launched": 3,
          "Single Copy": false,
          "Plans": [
            {
              "Node Type": "Aggregate",
              "Strategy": "Plain",
              "Partial Mode": "Partial",
              "Parent Relationship": "Outer",
              "Parallel Aware": false,
              "Startup Cost": 32254.78,
              "Total Cost": 32254.79,
              "Plan Rows": 1,
              "Plan Width": 8,
              "Actual Startup Time": 95.734,
              "Actual Total Time": 95.735,
              "Actual Rows": 1,
              "Actual Loops": 4,
              "Plans": [
                {
                  "Node Type": "Seq Scan",
                  "Parent Relationship": "Outer",
                  "Parallel Aware": true,
                  "Relation Name": "movie_companies",
                  "Alias": "mc",
                  "Startup Cost": 0.0,
                  "Total Cost": 31414.82,
                  "Plan Rows": 335983,
                  "Plan Width": 0,
                  "Actual Startup Time": 0.201,
                  "Actual Total Time": 83.3,
                  "Actual Rows": 228504,
                  "Actual Loops": 4,
                  "Filter": "((company_id > 428) AND (company_type_id < 2))",
                  "Rows Removed by Filter": 423778
                }
              ]
            }
          ]
        }
      ]
    },
    "Planning Time": 0.22,
    "Triggers": [],
    "Execution Time": 110.95
  }
]