{
  "Plan": {
    "Node Type": "Aggregate",
    "Strategy": "Plain",
    "Partial Mode": "Finalize",
    "Parallel Aware": false,
    "Startup Cost": 429967.22,
    "Total Cost": 429967.23,
    "Plan Rows": 1,
    "Plan Width": 8,
    "Actual Startup Time": 1723.143,
    "Actual Total Time": 1736.278,
    "Actual Rows": 1,
    "Actual Loops": 1,
    "Plans": [
      {
        "Node Type": "Gather",
        "Parent Relationship": "Outer",
        "Parallel Aware": false,
        "Startup Cost": 429967.11,
        "Total Cost": 429967.22,
        "Plan Rows": 1,
        "Plan Width": 8,
        "Actual Startup Time": 1723.134,
        "Actual Total Time": 1736.272,
        "Actual Rows": 2,
        "Actual Loops": 1,
        "Workers Planned": 1,
        "Workers Launched": 1,
        "Single Copy": false,
        "Plans": [
          {
            "Node Type": "Aggregate",
            "Strategy": "Plain",
            "Partial Mode": "Partial",
            "Parent Relationship": "Outer",
            "Parallel Aware": false,
            "Startup Cost": 428967.11,
            "Total Cost": 428967.12,
            "Plan Rows": 1,
            "Plan Width": 8,
            "Actual Startup Time": 1706.828,
            "Actual Total Time": 1706.834,
            "Actual Rows": 1,
            "Actual Loops": 2,
            "Plans": [
              {
                "Node Type": "Merge Join",
                "Parent Relationship": "Outer",
                "Parallel Aware": false,
                "Join Type": "Inner",
                "Startup Cost": 419909.24,
                "Total Cost": 428536.26,
                "Plan Rows": 172341,
                "Plan Width": 0,
                "Actual Startup Time": 1140.1,
                "Actual Total Time": 1575.277,
                "Actual Rows": 2886993,
                "Actual Loops": 2,
                "Inner Unique": false,
                "Merge Cond": "(t.id = mi.movie_id)",
                "Plans": [
                  {
                    "Node Type": "Sort",
                    "Parent Relationship": "Outer",
                    "Parallel Aware": false,
                    "Startup Cost": 196951.27,
                    "Total Cost": 199186.38,
                    "Plan Rows": 894046,
                    "Plan Width": 8,
                    "Actual Startup Time": 982.698,
                    "Actual Total Time": 1008.073,
                    "Actual Rows": 624708,
                    "Actual Loops": 2,
                    "Sort Key": [
                      "t.id"
                    ],
                    "Sort Method": "quicksort",
                    "Sort Space Used": 55109,
                    "Sort Space Type": "Memory",
                    "Workers": [
                      {
                        "Worker Number": 0,
                        "Sort Method": "quicksort",
                        "Sort Space Used": 52617,
                        "Sort Space Type": "Memory"
                      }
                    ],
                    "Plans": [
                      {
                        "Node Type": "Hash Join",
                        "Parent Relationship": "Outer",
                        "Parallel Aware": true,
                        "Join Type": "Inner",
                        "Startup Cost": 67117.99,
                        "Total Cost": 108574.87,
                        "Plan Rows": 894046,
                        "Plan Width": 8,
                        "Actual Startup Time": 409.638,
                        "Actual Total Time": 857.702,
                        "Actual Rows": 624778,
                        "Actual Loops": 2,
                        "Inner Unique": true,
                        "Hash Cond": "(mc.movie_id = t.id)",
                        "Plans": [
                          {
                            "Node Type": "Seq Scan",
                            "Parent Relationship": "Outer",
                            "Parallel Aware": true,
                            "Relation Name": "movie_companies",
                            "Alias": "mc",
                            "Startup Cost": 0.0,
                            "Total Cost": 37974.77,
                            "Plan Rows": 1326512,
                            "Plan Width": 4,
                            "Actual Startup Time": 0.015,
                            "Actual Total Time": 135.199,
                            "Actual Rows": 1126248,
                            "Actual Loops": 2,
                            "Filter": "(company_id < 87517)",
                            "Rows Removed by Filter": 178317
                          },
                          {
                            "Node Type": "Hash",
                            "Parent Relationship": "Inner",
                            "Parallel Aware": true,
                            "Startup Cost": 54588.39,
                            "Total Cost": 54588.39,
                            "Plan Rows": 1002368,
                            "Plan Width": 4,
                            "Actual Startup Time": 397.015,
                            "Actual Total Time": 397.017,
                            "Actual Rows": 850158,
                            "Actual Loops": 2,
                            "Hash Buckets": 2097152,
                            "Original Hash Buckets": 2097152,
                            "Hash Batches": 1,
                            "Original Hash Batches": 1,
                            "Peak Memory Usage": 82944,
                            "Plans": [
                              {
                                "Node Type": "Seq Scan",
                                "Parent Relationship": "Outer",
                                "Parallel Aware": true,
                                "Relation Name": "title",
                                "Alias": "t",
                                "Startup Cost": 0.0,
                                "Total Cost": 54588.39,
                                "Plan Rows": 1002368,
                                "Plan Width": 4,
                                "Actual Startup Time": 0.026,
                                "Actual Total Time": 174.501,
                                "Actual Rows": 850158,
                                "Actual Loops": 2,
                                "Filter": "(production_year > 1992)",
                                "Rows Removed by Filter": 413998
                              }
                            ]
                          }
                        ]
                      }
                    ]
                  },
                  {
                    "Node Type": "Sort",
                    "Parent Relationship": "Inner",
                    "Parallel Aware": false,
                    "Startup Cost": 222957.88,
                    "Total Cost": 224176.3,
                    "Plan Rows": 487368,
                    "Plan Width": 4,
                    "Actual Startup Time": 157.387,
                    "Actual Total Time": 279.384,
                    "Actual Rows": 3088824,
                    "Actual Loops": 2,
                    "Sort Key": [
                      "mi.movie_id"
                    ],
                    "Sort Method": "quicksort",
                    "Sort Space Used": 34115,
                    "Sort Space Type": "Memory",
                    "Workers": [
                      {
                        "Worker Number": 0,
                        "Sort Method": "quicksort",
                        "Sort Space Used": 34115,
                        "Sort Space Type": "Memory"
                      }
                    ],
                    "Plans": [
                      {
                        "Node Type": "Bitmap Heap Scan",
                        "Parent Relationship": "Outer",
                        "Parallel Aware": false,
                        "Relation Name": "movie_info",
                        "Alias": "mi",
                        "Startup Cost": 8829.54,
                        "Total Cost": 176914.64,
                        "Plan Rows": 487368,
                        "Plan Width": 4,
                        "Actual Startup Time": 14.724,
                        "Actual Total Time": 67.866,
                        "Actual Rows": 465636,
                        "Actual Loops": 2,
                        "Recheck Cond": "(info_type_id > 103)",
                        "Rows Removed by Index Recheck": 0,
                        "Exact Heap Blocks": 5528,
                        "Lossy Heap Blocks": 0,
                        "Plans": [
                          {
                            "Node Type": "Bitmap Index Scan",
                            "Parent Relationship": "Outer",
                            "Parallel Aware": false,
                            "Index Name": "info_type_id_movie_info",
                            "Startup Cost": 0.0,
                            "Total Cost": 8707.69,
                            "Plan Rows": 487368,
                            "Plan Width": 0,
                            "Actual Startup Time": 14.136,
                            "Actual Total Time": 14.137,
                            "Actual Rows": 465636,
                            "Actual Loops": 2,
                            "Index Cond": "(info_type_id > 103)"
                          }
                        ]
                      }
                    ]
                  }
                ]
              }
            ]
          }
        ]
      }
    ]
  },
  "Planning Time": 0.654,
  "Triggers": [],
  "Execution Time": 1739.218
}