[
  {
    "Plan": {
      "Node Type": "Aggregate",
      "Strategy": "Plain",
      "Partial Mode": "Finalize",
      "Parallel Aware": false,
      "Startup Cost": 31381.34,
      "Total Cost": 31381.35,
      "Plan Rows": 1,
      "Plan Width": 8,
      "Actual Startup Time": 102.163,
      "Actual Total Time": 109.706,
      "Actual Rows": 1,
      "Actual Loops": 1,
      "Plans": [
        {
          "Node Type": "Gather",
          "Parent Relationship": "Outer",
          "Parallel Aware": false,
          "Startup Cost": 31381.02,
          "Total Cost": 31381.33,
          "Plan Rows": 3,
          "Plan Width": 8,
          "Actual Startup Time": 102.072,
          "Actual Total Time": 109.699,
          "Actual Rows": 4,
          "Actual Loops": 1,
          "Workers Planned": 3,
          "Workers Launched": 3,
          "Single Copy": false,
          "Plans": [
            {
              "Node Type": "Aggregate",
              "Strategy": "Plain",
              "Partial Mode": "Partial",
              "Parent Relationship": "Outer",
              "Parallel Aware": false,
              "Startup Cost": 30381.02,
              "Total Cost": 30381.03,
              "Plan Rows": 1,
              "Plan Width": 8,
              "Actual Startup Time": 93.86,
              "Actual Total Time": 93.861,
              "Actual Rows": 1,
              "Actual Loops": 4,
              "Plans": [
                {
                  "Node Type": "Seq Scan",
                  "Parent Relationship": "Outer",
                  "Parallel Aware": true,
                  "Relation Name": "movie_companies",
                  "Alias": "mc",
                  "Startup Cost": 0.0,
                  "Total Cost": 29310.68,
                  "Plan Rows": 428137,
                  "Plan Width": 0,
                  "Actual Startup Time": 18.6,
                  "Actual Total Time": 79.255,
                  "Actual Rows": 333315,
                  "Actual Loops": 4,
                  "Filter": "(company_id > 11204)",
                  "Rows Removed by Filter": 318967
                }
              ]
            }
          ]
        }
      ]
    },
    "Planning Time": 0.115,
    "Triggers": [],
    "Execution Time": 109.74
  }
]