[
  {
    "Plan": {
      "Node Type": "Aggregate",
      "Strategy": "Plain",
      "Partial Mode": "Finalize",
      "Parallel Aware": false,
      "Startup Cost": 331156.79,
      "Total Cost": 331156.8,
      "Plan Rows": 1,
      "Plan Width": 8,
      "Actual Startup Time": 585.191,
      "Actual Total Time": 631.035,
      "Actual Rows": 1,
      "Actual Loops": 1,
      "Plans": [
        {
          "Node Type": "Gather",
          "Parent Relationship": "Outer",
          "Parallel Aware": false,
          "Startup Cost": 331156.16,
          "Total Cost": 331156.77,
          "Plan Rows": 6,
          "Plan Width": 8,
          "Actual Startup Time": 584.988,
          "Actual Total Time": 631.014,
          "Actual Rows": 7,
          "Actual Loops": 1,
          "Workers Planned": 6,
          "Workers Launched": 6,
          "Single Copy": false,
          "Plans": [
            {
              "Node Type": "Aggregate",
              "Strategy": "Plain",
              "Partial Mode": "Partial",
              "Parent Relationship": "Outer",
              "Parallel Aware": false,
              "Startup Cost": 330156.16,
              "Total Cost": 330156.17,
              "Plan Rows": 1,
              "Plan Width": 8,
              "Actual Startup Time": 578.342,
              "Actual Total Time": 578.344,
              "Actual Rows": 1,
              "Actual Loops": 7,
              "Plans": [
                {
                  "Node Type": "Seq Scan",
                  "Parent Relationship": "Outer",
                  "Parallel Aware": true,
                  "Relation Name": "cast_info",
                  "Alias": "ci",
                  "Startup Cost": 0.0,
                  "Total Cost": 328211.39,
                  "Plan Rows": 777909,
                  "Plan Width": 0,
                  "Actual Startup Time": 0.04,
                  "Actual Total Time": 540.292,
                  "Actual Rows": 690712,
                  "Actual Loops": 7,
                  "Filter": "(person_id < 469695)",
                  "Rows Removed by Filter": 4487051
                }
              ]
            }
          ]
        }
      ]
    },
    "Planning Time": 0.167,
    "Triggers": [],
    "Execution Time": 631.098
  }
]