[
    {
        "Bao": {
            "Bao prediction": "NaN",
            "Bao recommended hint": "(no hint)"
        }
    },
    {
        "Plan": {
            "Node Type": "Aggregate",
            "Strategy": "Plain",
            "Partial Mode": "Finalize",
            "Parallel Aware": false,
            "Startup Cost": 40648.61,
            "Total Cost": 40648.62,
            "Plan Rows": 1,
            "Plan Width": 8,
            "Actual Startup Time": 144.001,
            "Actual Total Time": 150.873,
            "Actual Rows": 1,
            "Actual Loops": 1,
            "Output": [
                "count(*)"
            ],
            "Plans": [
                {
                    "Node Type": "Gather",
                    "Parent Relationship": "Outer",
                    "Parallel Aware": false,
                    "Startup Cost": 40648.29,
                    "Total Cost": 40648.6,
                    "Plan Rows": 3,
                    "Plan Width": 8,
                    "Actual Startup Time": 143.525,
                    "Actual Total Time": 150.863,
                    "Actual Rows": 4,
                    "Actual Loops": 1,
                    "Output": [
                        "(PARTIAL count(*))"
                    ],
                    "Workers Planned": 3,
                    "Workers Launched": 3,
                    "Single Copy": false,
                    "Plans": [
                        {
                            "Node Type": "Aggregate",
                            "Strategy": "Plain",
                            "Partial Mode": "Partial",
                            "Parent Relationship": "Outer",
                            "Parallel Aware": false,
                            "Startup Cost": 39648.29,
                            "Total Cost": 39648.3,
                            "Plan Rows": 1,
                            "Plan Width": 8,
                            "Actual Startup Time": 134.494,
                            "Actual Total Time": 134.496,
                            "Actual Rows": 1,
                            "Actual Loops": 4,
                            "Output": [
                                "PARTIAL count(*)"
                            ],
                            "Workers": [
                                {
                                    "Worker Number": 0,
                                    "Actual Startup Time": 131.451,
                                    "Actual Total Time": 131.452,
                                    "Actual Rows": 1,
                                    "Actual Loops": 1
                                },
                                {
                                    "Worker Number": 1,
                                    "Actual Startup Time": 131.369,
                                    "Actual Total Time": 131.371,
                                    "Actual Rows": 1,
                                    "Actual Loops": 1
                                },
                                {
                                    "Worker Number": 2,
                                    "Actual Startup Time": 132.054,
                                    "Actual Total Time": 132.056,
                                    "Actual Rows": 1,
                                    "Actual Loops": 1
                                }
                            ],
                            "Plans": [
                                {
                                    "Node Type": "Bitmap Heap Scan",
                                    "Parent Relationship": "Outer",
                                    "Parallel Aware": true,
                                    "Relation Name": "movie_keyword",
                                    "Schema": "public",
                                    "Alias": "mk",
                                    "Startup Cost": 12372.31,
                                    "Total Cost": 39177.96,
                                    "Plan Rows": 188132,
                                    "Plan Width": 0,
                                    "Actual Startup Time": 42.162,
                                    "Actual Total Time": 124.138,
                                    "Actual Rows": 146958,
                                    "Actual Loops": 4,
                                    "Recheck Cond": "(mk.keyword_id < 429)",
                                    "Rows Removed by Index Recheck": 0,
                                    "Exact Heap Blocks": 9073,
                                    "Lossy Heap Blocks": 0,
                                    "Workers": [
                                        {
                                            "Worker Number": 0,
                                            "Actual Startup Time": 39.21,
                                            "Actual Total Time": 121.947,
                                            "Actual Rows": 113408,
                                            "Actual Loops": 1
                                        },
                                        {
                                            "Worker Number": 1,
                                            "Actual Startup Time": 39.165,
                                            "Actual Total Time": 122.607,
                                            "Actual Rows": 99450,
                                            "Actual Loops": 1
                                        },
                                        {
                                            "Worker Number": 2,
                                            "Actual Startup Time": 39.789,
                                            "Actual Total Time": 122.8,
                                            "Actual Rows": 157566,
                                            "Actual Loops": 1
                                        }
                                    ],
                                    "Plans": [
                                        {
                                            "Node Type": "Bitmap Index Scan",
                                            "Parent Relationship": "Outer",
                                            "Parallel Aware": false,
                                            "Index Name": "keyword_id_movie_keyword",
                                            "Startup Cost": 0.0,
                                            "Total Cost": 12226.51,
                                            "Plan Rows": 583210,
                                            "Plan Width": 0,
                                            "Actual Startup Time": 44.67,
                                            "Actual Total Time": 44.671,
                                            "Actual Rows": 587834,
                                            "Actual Loops": 1,
                                            "Index Cond": "(mk.keyword_id < 429)"
                                        }
                                    ]
                                }
                            ]
                        }
                    ]
                }
            ]
        },
        "Planning Time": 283.641,
        "Triggers": [],
        "Execution Time": 150.993
    }
]