[
  {
    "Plan": {
      "Node Type": "Aggregate",
      "Strategy": "Plain",
      "Partial Mode": "Finalize",
      "Parallel Aware": false,
      "Startup Cost": 45749.77,
      "Total Cost": 45749.78,
      "Plan Rows": 1,
      "Plan Width": 8,
      "Actual Startup Time": 161.438,
      "Actual Total Time": 168.96,
      "Actual Rows": 1,
      "Actual Loops": 1,
      "Plans": [
        {
          "Node Type": "Gather",
          "Parent Relationship": "Outer",
          "Parallel Aware": false,
          "Startup Cost": 45749.45,
          "Total Cost": 45749.76,
          "Plan Rows": 3,
          "Plan Width": 8,
          "Actual Startup Time": 161.319,
          "Actual Total Time": 168.95,
          "Actual Rows": 4,
          "Actual Loops": 1,
          "Workers Planned": 3,
          "Workers Launched": 3,
          "Single Copy": false,
          "Plans": [
            {
              "Node Type": "Aggregate",
              "Strategy": "Plain",
              "Partial Mode": "Partial",
              "Parent Relationship": "Outer",
              "Parallel Aware": false,
              "Startup Cost": 44749.45,
              "Total Cost": 44749.46,
              "Plan Rows": 1,
              "Plan Width": 8,
              "Actual Startup Time": 155.045,
              "Actual Total Time": 155.047,
              "Actual Rows": 1,
              "Actual Loops": 4,
              "Plans": [
                {
                  "Node Type": "Seq Scan",
                  "Parent Relationship": "Outer",
                  "Parallel Aware": true,
                  "Relation Name": "movie_keyword",
                  "Alias": "mk",
                  "Startup Cost": 0.0,
                  "Total Cost": 42695.65,
                  "Plan Rows": 821520,
                  "Plan Width": 0,
                  "Actual Startup Time": 0.563,
                  "Actual Total Time": 123.69,
                  "Actual Rows": 633757,
                  "Actual Loops": 4,
                  "Filter": "(keyword_id > 3515)",
                  "Rows Removed by Filter": 497225
                }
              ]
            }
          ]
        }
      ]
    },
    "Planning Time": 0.189,
    "Triggers": [],
    "Execution Time": 169.018
  }
]