{
  "Plan": {
    "Node Type": "Aggregate",
    "Strategy": "Plain",
    "Partial Mode": "Finalize",
    "Parallel Aware": false,
    "Startup Cost": 228136.75,
    "Total Cost": 228136.76,
    "Plan Rows": 1,
    "Plan Width": 8,
    "Actual Startup Time": 154.148,
    "Actual Total Time": 166.342,
    "Actual Rows": 1,
    "Actual Loops": 1,
    "Plans": [
      {
        "Node Type": "Gather",
        "Parent Relationship": "Outer",
        "Parallel Aware": false,
        "Startup Cost": 228136.64,
        "Total Cost": 228136.75,
        "Plan Rows": 1,
        "Plan Width": 8,
        "Actual Startup Time": 154.039,
        "Actual Total Time": 166.334,
        "Actual Rows": 2,
        "Actual Loops": 1,
        "Workers Planned": 1,
        "Workers Launched": 1,
        "Single Copy": false,
        "Plans": [
          {
            "Node Type": "Aggregate",
            "Strategy": "Plain",
            "Partial Mode": "Partial",
            "Parent Relationship": "Outer",
            "Parallel Aware": false,
            "Startup Cost": 227136.64,
            "Total Cost": 227136.65,
            "Plan Rows": 1,
            "Plan Width": 8,
            "Actual Startup Time": 148.008,
            "Actual Total Time": 148.01,
            "Actual Rows": 1,
            "Actual Loops": 2,
            "Plans": [
              {
                "Node Type": "Nested Loop",
                "Parent Relationship": "Outer",
                "Parallel Aware": false,
                "Join Type": "Inner",
                "Startup Cost": 0.56,
                "Total Cost": 227121.01,
                "Plan Rows": 6252,
                "Plan Width": 0,
                "Actual Startup Time": 1.12,
                "Actual Total Time": 147.941,
                "Actual Rows": 448,
                "Actual Loops": 2,
                "Inner Unique": false,
                "Plans": [
                  {
                    "Node Type": "Seq Scan",
                    "Parent Relationship": "Outer",
                    "Parallel Aware": true,
                    "Relation Name": "title",
                    "Alias": "t",
                    "Startup Cost": 0.0,
                    "Total Cost": 58306.47,
                    "Plan Rows": 1267,
                    "Plan Width": 4,
                    "Actual Startup Time": 0.747,
                    "Actual Total Time": 138.393,
                    "Actual Rows": 149,
                    "Actual Loops": 2,
                    "Filter": "((kind_id > 1) AND (production_year > 2013))",
                    "Rows Removed by Filter": 1264007
                  },
                  {
                    "Node Type": "Index Scan",
                    "Parent Relationship": "Inner",
                    "Parallel Aware": false,
                    "Scan Direction": "Forward",
                    "Index Name": "movie_id_cast_info",
                    "Relation Name": "cast_info",
                    "Alias": "ci",
                    "Startup Cost": 0.56,
                    "Total Cost": 133.11,
                    "Plan Rows": 13,
                    "Plan Width": 4,
                    "Actual Startup Time": 0.023,
                    "Actual Total Time": 0.063,
                    "Actual Rows": 3,
                    "Actual Loops": 298,
                    "Index Cond": "(movie_id = t.id)",
                    "Rows Removed by Index Recheck": 0,
                    "Filter": "(role_id = 1)",
                    "Rows Removed by Filter": 7
                  }
                ]
              }
            ]
          }
        ]
      }
    ]
  },
  "Planning Time": 0.485,
  "Triggers": [],
  "Execution Time": 166.425
}