[
  {
    "Plan": {
      "Node Type": "Aggregate",
      "Strategy": "Plain",
      "Partial Mode": "Finalize",
      "Parallel Aware": false,
      "Startup Cost": 284734.64,
      "Total Cost": 284734.65,
      "Plan Rows": 1,
      "Plan Width": 8,
      "Actual Startup Time": 769.905,
      "Actual Total Time": 796.4,
      "Actual Rows": 1,
      "Actual Loops": 1,
      "Plans": [
        {
          "Node Type": "Gather",
          "Parent Relationship": "Outer",
          "Parallel Aware": false,
          "Startup Cost": 284734.32,
          "Total Cost": 284734.63,
          "Plan Rows": 3,
          "Plan Width": 8,
          "Actual Startup Time": 764.867,
          "Actual Total Time": 796.389,
          "Actual Rows": 4,
          "Actual Loops": 1,
          "Workers Planned": 3,
          "Workers Launched": 3,
          "Single Copy": false,
          "Plans": [
            {
              "Node Type": "Aggregate",
              "Strategy": "Plain",
              "Partial Mode": "Partial",
              "Parent Relationship": "Outer",
              "Parallel Aware": false,
              "Startup Cost": 283734.32,
              "Total Cost": 283734.33,
              "Plan Rows": 1,
              "Plan Width": 8,
              "Actual Startup Time": 760.642,
              "Actual Total Time": 760.8,
              "Actual Rows": 1,
              "Actual Loops": 4,
              "Plans": [
                {
                  "Node Type": "Hash Join",
                  "Parent Relationship": "Outer",
                  "Parallel Aware": true,
                  "Join Type": "Inner",
                  "Startup Cost": 237421.55,
                  "Total Cost": 283478.19,
                  "Plan Rows": 102453,
                  "Plan Width": 0,
                  "Actual Startup Time": 509.324,
                  "Actual Total Time": 734.247,
                  "Actual Rows": 461561,
                  "Actual Loops": 4,
                  "Inner Unique": false,
                  "Hash Cond": "(mk.movie_id = t.id)",
                  "Plans": [
                    {
                      "Node Type": "Seq Scan",
                      "Parent Relationship": "Outer",
                      "Parallel Aware": true,
                      "Relation Name": "movie_keyword",
                      "Alias": "mk",
                      "Startup Cost": 0.0,
                      "Total Cost": 42695.65,
                      "Plan Rows": 841622,
                      "Plan Width": 4,
                      "Actual Startup Time": 0.053,
                      "Actual Total Time": 137.44,
                      "Actual Rows": 656141,
                      "Actual Loops": 4,
                      "Filter": "(keyword_id < 7121)",
                      "Rows Removed by Filter": 474841
                    },
                    {
                      "Node Type": "Hash",
                      "Parent Relationship": "Inner",
                      "Parallel Aware": true,
                      "Startup Cost": 236652.07,
                      "Total Cost": 236652.07,
                      "Plan Rows": 61558,
                      "Plan Width": 8,
                      "Actual Startup Time": 461.79,
                      "Actual Total Time": 461.946,
                      "Actual Rows": 125106,
                      "Actual Loops": 4,
                      "Hash Buckets": 524288,
                      "Original Hash Buckets": 524288,
                      "Hash Batches": 1,
                      "Original Hash Batches": 1,
                      "Peak Memory Usage": 23744,
                      "Plans": [
                        {
                          "Node Type": "Hash Join",
                          "Parent Relationship": "Outer",
                          "Parallel Aware": true,
                          "Join Type": "Inner",
                          "Startup Cost": 70744.47,
                          "Total Cost": 236652.07,
                          "Plan Rows": 61558,
                          "Plan Width": 8,
                          "Actual Startup Time": 287.691,
                          "Actual Total Time": 413.333,
                          "Actual Rows": 125106,
                          "Actual Loops": 4,
                          "Inner Unique": true,
                          "Hash Cond": "(mi.movie_id = t.id)",
                          "Plans": [
                            {
                              "Node Type": "Bitmap Heap Scan",
                              "Parent Relationship": "Outer",
                              "Parallel Aware": true,
                              "Relation Name": "movie_info",
                              "Alias": "mi",
                              "Startup Cost": 23385.59,
                              "Total Cost": 188613.81,
                              "Plan Rows": 258817,
                              "Plan Width": 4,
                              "Actual Startup Time": 73.191,
                              "Actual Total Time": 123.519,
                              "Actual Rows": 324747,
                              "Actual Loops": 4,
                              "Recheck Cond": "(info_type_id = 4)",
                              "Rows Removed by Index Recheck": 0,
                              "Exact Heap Blocks": 2231,
                              "Lossy Heap Blocks": 0,
                              "Plans": [
                                {
                                  "Node Type": "Bitmap Index Scan",
                                  "Parent Relationship": "Outer",
                                  "Parallel Aware": false,
                                  "Index Name": "info_type_id_movie_info",
                                  "Startup Cost": 0.0,
                                  "Total Cost": 23062.07,
                                  "Plan Rows": 1294085,
                                  "Plan Width": 0,
                                  "Actual Startup Time": 71.088,
                                  "Actual Total Time": 71.088,
                                  "Actual Rows": 1298989,
                                  "Actual Loops": 1,
                                  "Index Cond": "(info_type_id = 4)"
                                }
                              ]
                            },
                            {
                              "Node Type": "Hash",
                              "Parent Relationship": "Inner",
                              "Parallel Aware": true,
                              "Startup Cost": 45479.59,
                              "Total Cost": 45479.59,
                              "Plan Rows": 150343,
                              "Plan Width": 4,
                              "Actual Startup Time": 177.635,
                              "Actual Total Time": 177.636,
                              "Actual Rows": 123736,
                              "Actual Loops": 4,
                              "Hash Buckets": 1048576,
                              "Original Hash Buckets": 1048576,
                              "Hash Batches": 1,
                              "Original Hash Batches": 1,
                              "Peak Memory Usage": 27616,
                              "Plans": [
                                {
                                  "Node Type": "Seq Scan",
                                  "Parent Relationship": "Outer",
                                  "Parallel Aware": true,
                                  "Relation Name": "title",
                                  "Alias": "t",
                                  "Startup Cost": 0.0,
                                  "Total Cost": 45479.59,
                                  "Plan Rows": 150343,
                                  "Plan Width": 4,
                                  "Actual Startup Time": 50.247,
                                  "Actual Total Time": 121.543,
                                  "Actual Rows": 123736,
                                  "Actual Loops": 4,
                                  "Filter": "((production_year > 1949) AND (kind_id = 1))",
                                  "Rows Removed by Filter": 508342
                                }
                              ]
                            }
                          ]
                        }
                      ]
                    }
                  ]
                }
              ]
            }
          ]
        }
      ]
    },
    "Planning Time": 0.606,
    "Triggers": [],
    "Execution Time": 796.465
  }
]