[
  {
    "Plan": {
      "Node Type": "Aggregate",
      "Strategy": "Plain",
      "Partial Mode": "Finalize",
      "Parallel Aware": false,
      "Startup Cost": 284474.78,
      "Total Cost": 284474.79,
      "Plan Rows": 1,
      "Plan Width": 8,
      "Actual Startup Time": 660.659,
      "Actual Total Time": 679.823,
      "Actual Rows": 1,
      "Actual Loops": 1,
      "Plans": [
        {
          "Node Type": "Gather",
          "Parent Relationship": "Outer",
          "Parallel Aware": false,
          "Startup Cost": 284474.46,
          "Total Cost": 284474.77,
          "Plan Rows": 3,
          "Plan Width": 8,
          "Actual Startup Time": 656.513,
          "Actual Total Time": 679.814,
          "Actual Rows": 4,
          "Actual Loops": 1,
          "Workers Planned": 3,
          "Workers Launched": 3,
          "Single Copy": false,
          "Plans": [
            {
              "Node Type": "Aggregate",
              "Strategy": "Plain",
              "Partial Mode": "Partial",
              "Parent Relationship": "Outer",
              "Parallel Aware": false,
              "Startup Cost": 283474.46,
              "Total Cost": 283474.47,
              "Plan Rows": 1,
              "Plan Width": 8,
              "Actual Startup Time": 648.924,
              "Actual Total Time": 648.93,
              "Actual Rows": 1,
              "Actual Loops": 4,
              "Plans": [
                {
                  "Node Type": "Hash Join",
                  "Parent Relationship": "Outer",
                  "Parallel Aware": true,
                  "Join Type": "Inner",
                  "Startup Cost": 237142.95,
                  "Total Cost": 283219.27,
                  "Plan Rows": 102076,
                  "Plan Width": 0,
                  "Actual Startup Time": 440.072,
                  "Actual Total Time": 627.38,
                  "Actual Rows": 461561,
                  "Actual Loops": 4,
                  "Inner Unique": false,
                  "Hash Cond": "(mk.movie_id = t.id)",
                  "Plans": [
                    {
                      "Node Type": "Seq Scan",
                      "Parent Relationship": "Outer",
                      "Parallel Aware": true,
                      "Relation Name": "movie_keyword",
                      "Alias": "mk",
                      "Startup Cost": 0.0,
                      "Total Cost": 42695.65,
                      "Plan Rows": 847071,
                      "Plan Width": 4,
                      "Actual Startup Time": 0.026,
                      "Actual Total Time": 113.532,
                      "Actual Rows": 656141,
                      "Actual Loops": 4,
                      "Filter": "(keyword_id < 7121)",
                      "Rows Removed by Filter": 474841
                    },
                    {
                      "Node Type": "Hash",
                      "Parent Relationship": "Inner",
                      "Parallel Aware": true,
                      "Startup Cost": 236381.28,
                      "Total Cost": 236381.28,
                      "Plan Rows": 60934,
                      "Plan Width": 8,
                      "Actual Startup Time": 399.384,
                      "Actual Total Time": 399.389,
                      "Actual Rows": 125106,
                      "Actual Loops": 4,
                      "Hash Buckets": 524288,
                      "Original Hash Buckets": 524288,
                      "Hash Batches": 1,
                      "Original Hash Batches": 1,
                      "Peak Memory Usage": 23776,
                      "Plans": [
                        {
                          "Node Type": "Hash Join",
                          "Parent Relationship": "Outer",
                          "Parallel Aware": true,
                          "Join Type": "Inner",
                          "Startup Cost": 70521.44,
                          "Total Cost": 236381.28,
                          "Plan Rows": 60934,
                          "Plan Width": 8,
                          "Actual Startup Time": 242.355,
                          "Actual Total Time": 356.016,
                          "Actual Rows": 125106,
                          "Actual Loops": 4,
                          "Inner Unique": true,
                          "Hash Cond": "(mi.movie_id = t.id)",
                          "Plans": [
                            {
                              "Node Type": "Bitmap Heap Scan",
                              "Parent Relationship": "Outer",
                              "Parallel Aware": true,
                              "Relation Name": "movie_info",
                              "Alias": "mi",
                              "Startup Cost": 23159.21,
                              "Total Cost": 188347.95,
                              "Plan Rows": 255659,
                              "Plan Width": 4,
                              "Actual Startup Time": 46.203,
                              "Actual Total Time": 91.325,
                              "Actual Rows": 324747,
                              "Actual Loops": 4,
                              "Recheck Cond": "(info_type_id = 4)",
                              "Rows Removed by Index Recheck": 0,
                              "Exact Heap Blocks": 1765,
                              "Lossy Heap Blocks": 0,
                              "Plans": [
                                {
                                  "Node Type": "Bitmap Index Scan",
                                  "Parent Relationship": "Outer",
                                  "Parallel Aware": false,
                                  "Index Name": "info_type_id_movie_info",
                                  "Startup Cost": 0.0,
                                  "Total Cost": 22839.64,
                                  "Plan Rows": 1278294,
                                  "Plan Width": 0,
                                  "Actual Startup Time": 44.836,
                                  "Actual Total Time": 44.836,
                                  "Actual Rows": 1298989,
                                  "Actual Loops": 1,
                                  "Index Cond": "(info_type_id = 4)"
                                }
                              ]
                            },
                            {
                              "Node Type": "Hash",
                              "Parent Relationship": "Inner",
                              "Parallel Aware": true,
                              "Startup Cost": 45479.1,
                              "Total Cost": 45479.1,
                              "Plan Rows": 150650,
                              "Plan Width": 4,
                              "Actual Startup Time": 161.412,
                              "Actual Total Time": 161.413,
                              "Actual Rows": 123736,
                              "Actual Loops": 4,
                              "Hash Buckets": 1048576,
                              "Original Hash Buckets": 1048576,
                              "Hash Batches": 1,
                              "Original Hash Batches": 1,
                              "Peak Memory Usage": 27648,
                              "Plans": [
                                {
                                  "Node Type": "Seq Scan",
                                  "Parent Relationship": "Outer",
                                  "Parallel Aware": true,
                                  "Relation Name": "title",
                                  "Alias": "t",
                                  "Startup Cost": 0.0,
                                  "Total Cost": 45479.1,
                                  "Plan Rows": 150650,
                                  "Plan Width": 4,
                                  "Actual Startup Time": 51.634,
                                  "Actual Total Time": 111.181,
                                  "Actual Rows": 123736,
                                  "Actual Loops": 4,
                                  "Filter": "((production_year > 1949) AND (kind_id = 1))",
                                  "Rows Removed by Filter": 508342
                                }
                              ]
                            }
                          ]
                        }
                      ]
                    }
                  ]
                }
              ]
            }
          ]
        }
      ]
    },
    "Planning Time": 1.506,
    "Triggers": [],
    "Execution Time": 679.934
  }
]