[
  {
    "Plan": {
      "Node Type": "Aggregate",
      "Strategy": "Plain",
      "Partial Mode": "Finalize",
      "Parallel Aware": false,
      "Startup Cost": 343225.48,
      "Total Cost": 343225.49,
      "Plan Rows": 1,
      "Plan Width": 8,
      "Actual Startup Time": 1064.986,
      "Actual Total Time": 1114.406,
      "Actual Rows": 1,
      "Actual Loops": 1,
      "Plans": [
        {
          "Node Type": "Gather",
          "Parent Relationship": "Outer",
          "Parallel Aware": false,
          "Startup Cost": 343224.86,
          "Total Cost": 343225.47,
          "Plan Rows": 6,
          "Plan Width": 8,
          "Actual Startup Time": 1064.79,
          "Actual Total Time": 1114.394,
          "Actual Rows": 7,
          "Actual Loops": 1,
          "Workers Planned": 6,
          "Workers Launched": 6,
          "Single Copy": false,
          "Plans": [
            {
              "Node Type": "Aggregate",
              "Strategy": "Plain",
              "Partial Mode": "Partial",
              "Parent Relationship": "Outer",
              "Parallel Aware": false,
              "Startup Cost": 342224.86,
              "Total Cost": 342224.87,
              "Plan Rows": 1,
              "Plan Width": 8,
              "Actual Startup Time": 1056.695,
              "Actual Total Time": 1056.697,
              "Actual Rows": 1,
              "Actual Loops": 7,
              "Plans": [
                {
                  "Node Type": "Seq Scan",
                  "Parent Relationship": "Outer",
                  "Parallel Aware": true,
                  "Relation Name": "cast_info",
                  "Alias": "ci",
                  "Startup Cost": 0.0,
                  "Total Cost": 328211.39,
                  "Plan Rows": 5605386,
                  "Plan Width": 0,
                  "Actual Startup Time": 0.054,
                  "Actual Total Time": 773.448,
                  "Actual Rows": 4817359,
                  "Actual Loops": 7,
                  "Filter": "(person_id < 3570444)",
                  "Rows Removed by Filter": 360405
                }
              ]
            }
          ]
        }
      ]
    },
    "Planning Time": 0.243,
    "Triggers": [],
    "Execution Time": 1114.488
  }
]