{
  "Plan": {
    "Node Type": "Aggregate",
    "Strategy": "Plain",
    "Partial Mode": "Finalize",
    "Parallel Aware": false,
    "Startup Cost": 913046.92,
    "Total Cost": 913046.93,
    "Plan Rows": 1,
    "Plan Width": 8,
    "Actual Startup Time": 14389.52,
    "Actual Total Time": 14488.018,
    "Actual Rows": 1,
    "Actual Loops": 1,
    "Plans": [
      {
        "Node Type": "Gather",
        "Parent Relationship": "Outer",
        "Parallel Aware": false,
        "Startup Cost": 913046.81,
        "Total Cost": 913046.92,
        "Plan Rows": 1,
        "Plan Width": 8,
        "Actual Startup Time": 14385.854,
        "Actual Total Time": 14488.009,
        "Actual Rows": 2,
        "Actual Loops": 1,
        "Workers Planned": 1,
        "Workers Launched": 1,
        "Single Copy": false,
        "Plans": [
          {
            "Node Type": "Aggregate",
            "Strategy": "Plain",
            "Partial Mode": "Partial",
            "Parent Relationship": "Outer",
            "Parallel Aware": false,
            "Startup Cost": 912046.81,
            "Total Cost": 912046.82,
            "Plan Rows": 1,
            "Plan Width": 8,
            "Actual Startup Time": 14380.358,
            "Actual Total Time": 14380.363,
            "Actual Rows": 1,
            "Actual Loops": 2,
            "Plans": [
              {
                "Node Type": "Nested Loop",
                "Parent Relationship": "Outer",
                "Parallel Aware": false,
                "Join Type": "Inner",
                "Startup Cost": 64262.22,
                "Total Cost": 905194.51,
                "Plan Rows": 2740919,
                "Plan Width": 0,
                "Actual Startup Time": 300.742,
                "Actual Total Time": 13888.706,
                "Actual Rows": 10972102,
                "Actual Loops": 2,
                "Inner Unique": false,
                "Join Filter": "(t.id = ci.movie_id)",
                "Rows Removed by Join Filter": 0,
                "Plans": [
                  {
                    "Node Type": "Hash Join",
                    "Parent Relationship": "Outer",
                    "Parallel Aware": true,
                    "Join Type": "Inner",
                    "Startup Cost": 64261.66,
                    "Total Cost": 104890.76,
                    "Plan Rows": 323917,
                    "Plan Width": 8,
                    "Actual Startup Time": 300.491,
                    "Actual Total Time": 818.16,
                    "Actual Rows": 633404,
                    "Actual Loops": 2,
                    "Inner Unique": true,
                    "Hash Cond": "(mc.movie_id = t.id)",
                    "Plans": [
                      {
                        "Node Type": "Seq Scan",
                        "Parent Relationship": "Outer",
                        "Parallel Aware": true,
                        "Relation Name": "movie_companies",
                        "Alias": "mc",
                        "Startup Cost": 0.0,
                        "Total Cost": 37974.77,
                        "Plan Rows": 1011176,
                        "Plan Width": 4,
                        "Actual Startup Time": 1.476,
                        "Actual Total Time": 136.271,
                        "Actual Rows": 860748,
                        "Actual Loops": 2,
                        "Filter": "(company_id > 2690)",
                        "Rows Removed by Filter": 443816
                      },
                      {
                        "Node Type": "Hash",
                        "Parent Relationship": "Inner",
                        "Parallel Aware": true,
                        "Startup Cost": 58306.47,
                        "Total Cost": 58306.47,
                        "Plan Rows": 476415,
                        "Plan Width": 4,
                        "Actual Startup Time": 289.591,
                        "Actual Total Time": 289.592,
                        "Actual Rows": 421509,
                        "Actual Loops": 2,
                        "Hash Buckets": 1048576,
                        "Original Hash Buckets": 1048576,
                        "Hash Batches": 1,
                        "Original Hash Batches": 1,
                        "Peak Memory Usage": 41184,
                        "Plans": [
                          {
                            "Node Type": "Seq Scan",
                            "Parent Relationship": "Outer",
                            "Parallel Aware": true,
                            "Relation Name": "title",
                            "Alias": "t",
                            "Startup Cost": 0.0,
                            "Total Cost": 58306.47,
                            "Plan Rows": 476415,
                            "Plan Width": 4,
                            "Actual Startup Time": 0.034,
                            "Actual Total Time": 177.096,
                            "Actual Rows": 421509,
                            "Actual Loops": 2,
                            "Filter": "((kind_id < 7) AND (production_year < 2011))",
                            "Rows Removed by Filter": 842647
                          }
                        ]
                      }
                    ]
                  },
                  {
                    "Node Type": "Index Scan",
                    "Parent Relationship": "Inner",
                    "Parallel Aware": false,
                    "Scan Direction": "Forward",
                    "Index Name": "movie_id_cast_info",
                    "Relation Name": "cast_info",
                    "Alias": "ci",
                    "Startup Cost": 0.56,
                    "Total Cost": 2.2,
                    "Plan Rows": 22,
                    "Plan Width": 4,
                    "Actual Startup Time": 0.003,
                    "Actual Total Time": 0.019,
                    "Actual Rows": 17,
                    "Actual Loops": 1266809,
                    "Index Cond": "(movie_id = mc.movie_id)",
                    "Rows Removed by Index Recheck": 0,
                    "Filter": "(person_id < 2170720)",
                    "Rows Removed by Filter": 12
                  }
                ]
              }
            ]
          }
        ]
      }
    ]
  },
  "Planning Time": 1.114,
  "Triggers": [],
  "Execution Time": 14488.121
}