[
  {
    "Plan": {
      "Node Type": "Aggregate",
      "Strategy": "Plain",
      "Partial Mode": "Finalize",
      "Parallel Aware": false,
      "Startup Cost": 281427.36,
      "Total Cost": 281427.37,
      "Plan Rows": 1,
      "Plan Width": 8,
      "Actual Startup Time": 1130.692,
      "Actual Total Time": 1186.802,
      "Actual Rows": 1,
      "Actual Loops": 1,
      "Plans": [
        {
          "Node Type": "Gather",
          "Parent Relationship": "Outer",
          "Parallel Aware": false,
          "Startup Cost": 281426.84,
          "Total Cost": 281427.35,
          "Plan Rows": 5,
          "Plan Width": 8,
          "Actual Startup Time": 1127.512,
          "Actual Total Time": 1186.789,
          "Actual Rows": 6,
          "Actual Loops": 1,
          "Workers Planned": 5,
          "Workers Launched": 5,
          "Single Copy": false,
          "Plans": [
            {
              "Node Type": "Aggregate",
              "Strategy": "Plain",
              "Partial Mode": "Partial",
              "Parent Relationship": "Outer",
              "Parallel Aware": false,
              "Startup Cost": 280426.84,
              "Total Cost": 280426.85,
              "Plan Rows": 1,
              "Plan Width": 8,
              "Actual Startup Time": 1116.899,
              "Actual Total Time": 1116.901,
              "Actual Rows": 1,
              "Actual Loops": 6,
              "Plans": [
                {
                  "Node Type": "Nested Loop",
                  "Parent Relationship": "Outer",
                  "Parallel Aware": false,
                  "Join Type": "Inner",
                  "Startup Cost": 60292.86,
                  "Total Cost": 279699.47,
                  "Plan Rows": 290947,
                  "Plan Width": 0,
                  "Actual Startup Time": 224.352,
                  "Actual Total Time": 1078.701,
                  "Actual Rows": 795083,
                  "Actual Loops": 6,
                  "Inner Unique": false,
                  "Plans": [
                    {
                      "Node Type": "Merge Join",
                      "Parent Relationship": "Outer",
                      "Parallel Aware": false,
                      "Join Type": "Inner",
                      "Startup Cost": 60292.42,
                      "Total Cost": 153903.19,
                      "Plan Rows": 65965,
                      "Plan Width": 8,
                      "Actual Startup Time": 224.271,
                      "Actual Total Time": 533.168,
                      "Actual Rows": 55191,
                      "Actual Loops": 6,
                      "Inner Unique": false,
                      "Merge Cond": "(t.id = mc.movie_id)",
                      "Plans": [
                        {
                          "Node Type": "Index Only Scan",
                          "Parent Relationship": "Outer",
                          "Parallel Aware": true,
                          "Scan Direction": "Forward",
                          "Index Name": "title_pkey",
                          "Relation Name": "title",
                          "Alias": "t",
                          "Startup Cost": 0.43,
                          "Total Cost": 90125.02,
                          "Plan Rows": 505685,
                          "Plan Width": 4,
                          "Actual Startup Time": 0.195,
                          "Actual Total Time": 299.652,
                          "Actual Rows": 420958,
                          "Actual Loops": 6,
                          "Heap Fetches": 2525750
                        },
                        {
                          "Node Type": "Sort",
                          "Parent Relationship": "Inner",
                          "Parallel Aware": false,
                          "Startup Cost": 60291.94,
                          "Total Cost": 61116.5,
                          "Plan Rows": 329824,
                          "Plan Width": 4,
                          "Actual Startup Time": 164.873,
                          "Actual Total Time": 182.757,
                          "Actual Rows": 331146,
                          "Actual Loops": 6,
                          "Sort Key": [
                            "mc.movie_id"
                          ],
                          "Sort Method": "quicksort",
                          "Sort Space Used": 27811,
                          "Sort Space Type": "Memory",
                          "Workers": [
                            {
                              "Worker Number": 0,
                              "Sort Method": "quicksort",
                              "Sort Space Used": 27811,
                              "Sort Space Type": "Memory"
                            },
                            {
                              "Worker Number": 1,
                              "Sort Method": "quicksort",
                              "Sort Space Used": 27811,
                              "Sort Space Type": "Memory"
                            },
                            {
                              "Worker Number": 2,
                              "Sort Method": "quicksort",
                              "Sort Space Used": 27811,
                              "Sort Space Type": "Memory"
                            },
                            {
                              "Worker Number": 3,
                              "Sort Method": "quicksort",
                              "Sort Space Used": 27811,
                              "Sort Space Type": "Memory"
                            },
                            {
                              "Worker Number": 4,
                              "Sort Method": "quicksort",
                              "Sort Space Used": 27811,
                              "Sort Space Type": "Memory"
                            }
                          ],
                          "Plans": [
                            {
                              "Node Type": "Bitmap Heap Scan",
                              "Parent Relationship": "Outer",
                              "Parallel Aware": false,
                              "Relation Name": "movie_companies",
                              "Alias": "mc",
                              "Startup Cost": 7148.57,
                              "Total Cost": 30061.37,
                              "Plan Rows": 329824,
                              "Plan Width": 4,
                              "Actual Startup Time": 30.182,
                              "Actual Total Time": 87.223,
                              "Actual Rows": 331146,
                              "Actual Loops": 6,
                              "Recheck Cond": "(company_id > 90529)",
                              "Rows Removed by Index Recheck": 0,
                              "Exact Heap Blocks": 4885,
                              "Lossy Heap Blocks": 0,
                              "Plans": [
                                {
                                  "Node Type": "Bitmap Index Scan",
                                  "Parent Relationship": "Outer",
                                  "Parallel Aware": false,
                                  "Index Name": "company_id_movie_companies",
                                  "Startup Cost": 0.0,
                                  "Total Cost": 7066.11,
                                  "Plan Rows": 329824,
                                  "Plan Width": 0,
                                  "Actual Startup Time": 29.556,
                                  "Actual Total Time": 29.556,
                                  "Actual Rows": 331146,
                                  "Actual Loops": 6,
                                  "Index Cond": "(company_id > 90529)"
                                }
                              ]
                            }
                          ]
                        }
                      ]
                    },
                    {
                      "Node Type": "Index Scan",
                      "Parent Relationship": "Inner",
                      "Parallel Aware": false,
                      "Scan Direction": "Forward",
                      "Index Name": "movie_id_movie_info",
                      "Relation Name": "movie_info",
                      "Alias": "mi",
                      "Startup Cost": 0.43,
                      "Total Cost": 1.6,
                      "Plan Rows": 31,
                      "Plan Width": 4,
                      "Actual Startup Time": 0.003,
                      "Actual Total Time": 0.009,
                      "Actual Rows": 14,
                      "Actual Loops": 331146,
                      "Index Cond": "(movie_id = t.id)",
                      "Rows Removed by Index Recheck": 0,
                      "Filter": "(info_type_id > 3)",
                      "Rows Removed by Filter": 3
                    }
                  ]
                }
              ]
            }
          ]
        }
      ]
    },
    "Planning Time": 0.497,
    "Triggers": [],
    "Execution Time": 1186.881
  }
]