[
  {
    "Plan": {
      "Node Type": "Aggregate",
      "Strategy": "Plain",
      "Partial Mode": "Finalize",
      "Parallel Aware": false,
      "Startup Cost": 77128.42,
      "Total Cost": 77128.43,
      "Plan Rows": 1,
      "Plan Width": 8,
      "Actual Startup Time": 411.2,
      "Actual Total Time": 428.493,
      "Actual Rows": 1,
      "Actual Loops": 1,
      "Plans": [
        {
          "Node Type": "Gather",
          "Parent Relationship": "Outer",
          "Parallel Aware": false,
          "Startup Cost": 77128.11,
          "Total Cost": 77128.42,
          "Plan Rows": 3,
          "Plan Width": 8,
          "Actual Startup Time": 401.831,
          "Actual Total Time": 428.485,
          "Actual Rows": 4,
          "Actual Loops": 1,
          "Workers Planned": 3,
          "Workers Launched": 3,
          "Single Copy": false,
          "Plans": [
            {
              "Node Type": "Aggregate",
              "Strategy": "Plain",
              "Partial Mode": "Partial",
              "Parent Relationship": "Outer",
              "Parallel Aware": false,
              "Startup Cost": 76128.11,
              "Total Cost": 76128.12,
              "Plan Rows": 1,
              "Plan Width": 8,
              "Actual Startup Time": 382.933,
              "Actual Total Time": 382.937,
              "Actual Rows": 1,
              "Actual Loops": 4,
              "Plans": [
                {
                  "Node Type": "Hash Join",
                  "Parent Relationship": "Outer",
                  "Parallel Aware": true,
                  "Join Type": "Inner",
                  "Startup Cost": 51366.87,
                  "Total Cost": 76084.53,
                  "Plan Rows": 17432,
                  "Plan Width": 0,
                  "Actual Startup Time": 356.492,
                  "Actual Total Time": 382.243,
                  "Actual Rows": 13206,
                  "Actual Loops": 4,
                  "Inner Unique": true,
                  "Hash Cond": "(mk.movie_id = t.id)",
                  "Plans": [
                    {
                      "Node Type": "Bitmap Heap Scan",
                      "Parent Relationship": "Outer",
                      "Parallel Aware": true,
                      "Relation Name": "movie_keyword",
                      "Alias": "mk",
                      "Startup Cost": 1147.23,
                      "Total Cost": 25819.12,
                      "Plan Rows": 17432,
                      "Plan Width": 4,
                      "Actual Startup Time": 5.25,
                      "Actual Total Time": 24.309,
                      "Actual Rows": 13206,
                      "Actual Loops": 4,
                      "Recheck Cond": "(keyword_id > 98296)",
                      "Rows Removed by Index Recheck": 0,
                      "Exact Heap Blocks": 4782,
                      "Lossy Heap Blocks": 0,
                      "Plans": [
                        {
                          "Node Type": "Bitmap Index Scan",
                          "Parent Relationship": "Outer",
                          "Parallel Aware": false,
                          "Index Name": "keyword_id_movie_keyword",
                          "Startup Cost": 0.0,
                          "Total Cost": 1133.72,
                          "Plan Rows": 54038,
                          "Plan Width": 0,
                          "Actual Startup Time": 3.522,
                          "Actual Total Time": 3.522,
                          "Actual Rows": 52824,
                          "Actual Loops": 1,
                          "Index Cond": "(keyword_id > 98296)"
                        }
                      ]
                    },
                    {
                      "Node Type": "Hash",
                      "Parent Relationship": "Inner",
                      "Parallel Aware": true,
                      "Startup Cost": 42318.73,
                      "Total Cost": 42318.73,
                      "Plan Rows": 632073,
                      "Plan Width": 4,
                      "Actual Startup Time": 339.582,
                      "Actual Total Time": 339.584,
                      "Actual Rows": 632078,
                      "Actual Loops": 4,
                      "Hash Buckets": 4194304,
                      "Original Hash Buckets": 4194304,
                      "Hash Batches": 1,
                      "Original Hash Batches": 1,
                      "Peak Memory Usage": 131712,
                      "Plans": [
                        {
                          "Node Type": "Seq Scan",
                          "Parent Relationship": "Outer",
                          "Parallel Aware": true,
                          "Relation Name": "title",
                          "Alias": "t",
                          "Startup Cost": 0.0,
                          "Total Cost": 42318.73,
                          "Plan Rows": 632073,
                          "Plan Width": 4,
                          "Actual Startup Time": 0.031,
                          "Actual Total Time": 97.686,
                          "Actual Rows": 632078,
                          "Actual Loops": 4
                        }
                      ]
                    }
                  ]
                }
              ]
            }
          ]
        }
      ]
    },
    "Planning Time": 0.545,
    "Triggers": [],
    "Execution Time": 428.574
  }
]