[
  {
    "Plan": {
      "Node Type": "Aggregate",
      "Strategy": "Plain",
      "Partial Mode": "Finalize",
      "Parallel Aware": false,
      "Startup Cost": 440670.74,
      "Total Cost": 440670.75,
      "Plan Rows": 1,
      "Plan Width": 8,
      "Actual Startup Time": 2364.875,
      "Actual Total Time": 2424.345,
      "Actual Rows": 1,
      "Actual Loops": 1,
      "Plans": [
        {
          "Node Type": "Gather",
          "Parent Relationship": "Outer",
          "Parallel Aware": false,
          "Startup Cost": 440670.11,
          "Total Cost": 440670.72,
          "Plan Rows": 6,
          "Plan Width": 8,
          "Actual Startup Time": 2338.574,
          "Actual Total Time": 2424.33,
          "Actual Rows": 7,
          "Actual Loops": 1,
          "Workers Planned": 6,
          "Workers Launched": 6,
          "Single Copy": false,
          "Plans": [
            {
              "Node Type": "Aggregate",
              "Strategy": "Plain",
              "Partial Mode": "Partial",
              "Parent Relationship": "Outer",
              "Parallel Aware": false,
              "Startup Cost": 439670.11,
              "Total Cost": 439670.12,
              "Plan Rows": 1,
              "Plan Width": 8,
              "Actual Startup Time": 2321.905,
              "Actual Total Time": 2322.313,
              "Actual Rows": 1,
              "Actual Loops": 7,
              "Plans": [
                {
                  "Node Type": "Hash Join",
                  "Parent Relationship": "Outer",
                  "Parallel Aware": true,
                  "Join Type": "Inner",
                  "Startup Cost": 87956.56,
                  "Total Cost": 435165.71,
                  "Plan Rows": 1801760,
                  "Plan Width": 0,
                  "Actual Startup Time": 699.217,
                  "Actual Total Time": 2206.317,
                  "Actual Rows": 2567697,
                  "Actual Loops": 7,
                  "Inner Unique": false,
                  "Hash Cond": "(ci.movie_id = t.id)",
                  "Plans": [
                    {
                      "Node Type": "Seq Scan",
                      "Parent Relationship": "Outer",
                      "Parallel Aware": true,
                      "Relation Name": "cast_info",
                      "Alias": "ci",
                      "Startup Cost": 0.0,
                      "Total Cost": 328211.39,
                      "Plan Rows": 3516169,
                      "Plan Width": 4,
                      "Actual Startup Time": 160.154,
                      "Actual Total Time": 611.981,
                      "Actual Rows": 2992687,
                      "Actual Loops": 7,
                      "Filter": "(person_id > 1506380)",
                      "Rows Removed by Filter": 2185076
                    },
                    {
                      "Node Type": "Hash",
                      "Parent Relationship": "Inner",
                      "Parallel Aware": true,
                      "Startup Cost": 82732.3,
                      "Total Cost": 82732.3,
                      "Plan Rows": 417941,
                      "Plan Width": 8,
                      "Actual Startup Time": 533.674,
                      "Actual Total Time": 534.081,
                      "Actual Rows": 180233,
                      "Actual Loops": 7,
                      "Hash Buckets": 2097152,
                      "Original Hash Buckets": 2097152,
                      "Hash Batches": 1,
                      "Original Hash Batches": 1,
                      "Peak Memory Usage": 65824,
                      "Plans": [
                        {
                          "Node Type": "Hash Join",
                          "Parent Relationship": "Outer",
                          "Parallel Aware": true,
                          "Join Type": "Inner",
                          "Startup Cost": 50220.38,
                          "Total Cost": 82732.3,
                          "Plan Rows": 417941,
                          "Plan Width": 8,
                          "Actual Startup Time": 331.42,
                          "Actual Total Time": 445.001,
                          "Actual Rows": 180233,
                          "Actual Loops": 7,
                          "Inner Unique": true,
                          "Hash Cond": "(mc.movie_id = t.id)",
                          "Plans": [
                            {
                              "Node Type": "Seq Scan",
                              "Parent Relationship": "Outer",
                              "Parallel Aware": true,
                              "Relation Name": "movie_companies",
                              "Alias": "mc",
                              "Startup Cost": 0.0,
                              "Total Cost": 31414.82,
                              "Plan Rows": 417941,
                              "Plan Width": 4,
                              "Actual Startup Time": 27.891,
                              "Actual Total Time": 57.82,
                              "Actual Rows": 180233,
                              "Actual Loops": 7,
                              "Filter": "((company_id < 174464) AND (company_type_id = 2))",
                              "Rows Removed by Filter": 192499
                            },
                            {
                              "Node Type": "Hash",
                              "Parent Relationship": "Inner",
                              "Parallel Aware": true,
                              "Startup Cost": 42319.06,
                              "Total Cost": 42319.06,
                              "Plan Rows": 632106,
                              "Plan Width": 4,
                              "Actual Startup Time": 298.966,
                              "Actual Total Time": 298.968,
                              "Actual Rows": 361187,
                              "Actual Loops": 7,
                              "Hash Buckets": 4194304,
                              "Original Hash Buckets": 4194304,
                              "Hash Batches": 1,
                              "Original Hash Batches": 1,
                              "Peak Memory Usage": 131840,
                              "Plans": [
                                {
                                  "Node Type": "Seq Scan",
                                  "Parent Relationship": "Outer",
                                  "Parallel Aware": true,
                                  "Relation Name": "title",
                                  "Alias": "t",
                                  "Startup Cost": 0.0,
                                  "Total Cost": 42319.06,
                                  "Plan Rows": 632106,
                                  "Plan Width": 4,
                                  "Actual Startup Time": 0.061,
                                  "Actual Total Time": 84.801,
                                  "Actual Rows": 361187,
                                  "Actual Loops": 7
                                }
                              ]
                            }
                          ]
                        }
                      ]
                    }
                  ]
                }
              ]
            }
          ]
        }
      ]
    },
    "Planning Time": 1.532,
    "Triggers": [],
    "Execution Time": 2424.445
  }
]