[
  {
    "Plan": {
      "Node Type": "Aggregate",
      "Strategy": "Plain",
      "Partial Mode": "Finalize",
      "Parallel Aware": false,
      "Startup Cost": 440275.81,
      "Total Cost": 440275.82,
      "Plan Rows": 1,
      "Plan Width": 8,
      "Actual Startup Time": 2174.833,
      "Actual Total Time": 2238.142,
      "Actual Rows": 1,
      "Actual Loops": 1,
      "Plans": [
        {
          "Node Type": "Gather",
          "Parent Relationship": "Outer",
          "Parallel Aware": false,
          "Startup Cost": 440275.19,
          "Total Cost": 440275.8,
          "Plan Rows": 6,
          "Plan Width": 8,
          "Actual Startup Time": 2158.013,
          "Actual Total Time": 2238.131,
          "Actual Rows": 7,
          "Actual Loops": 1,
          "Workers Planned": 6,
          "Workers Launched": 6,
          "Single Copy": false,
          "Plans": [
            {
              "Node Type": "Aggregate",
              "Strategy": "Plain",
              "Partial Mode": "Partial",
              "Parent Relationship": "Outer",
              "Parallel Aware": false,
              "Startup Cost": 439275.19,
              "Total Cost": 439275.2,
              "Plan Rows": 1,
              "Plan Width": 8,
              "Actual Startup Time": 2143.429,
              "Actual Total Time": 2143.71,
              "Actual Rows": 1,
              "Actual Loops": 7,
              "Plans": [
                {
                  "Node Type": "Hash Join",
                  "Parent Relationship": "Outer",
                  "Parallel Aware": true,
                  "Join Type": "Inner",
                  "Startup Cost": 87908.55,
                  "Total Cost": 434846.4,
                  "Plan Rows": 1771514,
                  "Plan Width": 0,
                  "Actual Startup Time": 599.368,
                  "Actual Total Time": 2030.441,
                  "Actual Rows": 2567697,
                  "Actual Loops": 7,
                  "Inner Unique": false,
                  "Hash Cond": "(ci.movie_id = t.id)",
                  "Plans": [
                    {
                      "Node Type": "Seq Scan",
                      "Parent Relationship": "Outer",
                      "Parallel Aware": true,
                      "Relation Name": "cast_info",
                      "Alias": "ci",
                      "Startup Cost": 0.0,
                      "Total Cost": 328162.03,
                      "Plan Rows": 3483006,
                      "Plan Width": 4,
                      "Actual Startup Time": 148.91,
                      "Actual Total Time": 583.363,
                      "Actual Rows": 2992687,
                      "Actual Loops": 7,
                      "Filter": "(person_id > 1506380)",
                      "Rows Removed by Filter": 2185076
                    },
                    {
                      "Node Type": "Hash",
                      "Parent Relationship": "Inner",
                      "Parallel Aware": true,
                      "Startup Cost": 82723.35,
                      "Total Cost": 82723.35,
                      "Plan Rows": 414816,
                      "Plan Width": 8,
                      "Actual Startup Time": 445.64,
                      "Actual Total Time": 445.92,
                      "Actual Rows": 180233,
                      "Actual Loops": 7,
                      "Hash Buckets": 2097152,
                      "Original Hash Buckets": 2097152,
                      "Hash Batches": 1,
                      "Original Hash Batches": 1,
                      "Peak Memory Usage": 65824,
                      "Plans": [
                        {
                          "Node Type": "Hash Join",
                          "Parent Relationship": "Outer",
                          "Parallel Aware": true,
                          "Join Type": "Inner",
                          "Startup Cost": 50219.64,
                          "Total Cost": 82723.35,
                          "Plan Rows": 414816,
                          "Plan Width": 8,
                          "Actual Startup Time": 266.647,
                          "Actual Total Time": 369.438,
                          "Actual Rows": 180233,
                          "Actual Loops": 7,
                          "Inner Unique": true,
                          "Hash Cond": "(mc.movie_id = t.id)",
                          "Plans": [
                            {
                              "Node Type": "Seq Scan",
                              "Parent Relationship": "Outer",
                              "Parallel Aware": true,
                              "Relation Name": "movie_companies",
                              "Alias": "mc",
                              "Startup Cost": 0.0,
                              "Total Cost": 31414.82,
                              "Plan Rows": 414816,
                              "Plan Width": 4,
                              "Actual Startup Time": 21.648,
                              "Actual Total Time": 49.779,
                              "Actual Rows": 180233,
                              "Actual Loops": 7,
                              "Filter": "((company_id < 174464) AND (company_type_id = 2))",
                              "Rows Removed by Filter": 192499
                            },
                            {
                              "Node Type": "Hash",
                              "Parent Relationship": "Inner",
                              "Parallel Aware": true,
                              "Startup Cost": 42318.73,
                              "Total Cost": 42318.73,
                              "Plan Rows": 632073,
                              "Plan Width": 4,
                              "Actual Startup Time": 241.17,
                              "Actual Total Time": 241.171,
                              "Actual Rows": 361187,
                              "Actual Loops": 7,
                              "Hash Buckets": 4194304,
                              "Original Hash Buckets": 4194304,
                              "Hash Batches": 1,
                              "Original Hash Batches": 1,
                              "Peak Memory Usage": 131744,
                              "Plans": [
                                {
                                  "Node Type": "Seq Scan",
                                  "Parent Relationship": "Outer",
                                  "Parallel Aware": true,
                                  "Relation Name": "title",
                                  "Alias": "t",
                                  "Startup Cost": 0.0,
                                  "Total Cost": 42318.73,
                                  "Plan Rows": 632073,
                                  "Plan Width": 4,
                                  "Actual Startup Time": 0.039,
                                  "Actual Total Time": 70.424,
                                  "Actual Rows": 361187,
                                  "Actual Loops": 7
                                }
                              ]
                            }
                          ]
                        }
                      ]
                    }
                  ]
                }
              ]
            }
          ]
        }
      ]
    },
    "Planning Time": 1.457,
    "Triggers": [],
    "Execution Time": 2238.248
  }
]