[
  {
    "Plan": {
      "Node Type": "Aggregate",
      "Strategy": "Plain",
      "Partial Mode": "Finalize",
      "Parallel Aware": false,
      "Startup Cost": 293674.36,
      "Total Cost": 293674.37,
      "Plan Rows": 1,
      "Plan Width": 8,
      "Actual Startup Time": 1249.162,
      "Actual Total Time": 1300.724,
      "Actual Rows": 1,
      "Actual Loops": 1,
      "Plans": [
        {
          "Node Type": "Gather",
          "Parent Relationship": "Outer",
          "Parallel Aware": false,
          "Startup Cost": 293673.84,
          "Total Cost": 293674.35,
          "Plan Rows": 5,
          "Plan Width": 8,
          "Actual Startup Time": 1236.902,
          "Actual Total Time": 1300.711,
          "Actual Rows": 6,
          "Actual Loops": 1,
          "Workers Planned": 5,
          "Workers Launched": 5,
          "Single Copy": false,
          "Plans": [
            {
              "Node Type": "Aggregate",
              "Strategy": "Plain",
              "Partial Mode": "Partial",
              "Parent Relationship": "Outer",
              "Parallel Aware": false,
              "Startup Cost": 292673.84,
              "Total Cost": 292673.85,
              "Plan Rows": 1,
              "Plan Width": 8,
              "Actual Startup Time": 1229.017,
              "Actual Total Time": 1229.188,
              "Actual Rows": 1,
              "Actual Loops": 6,
              "Plans": [
                {
                  "Node Type": "Hash Join",
                  "Parent Relationship": "Outer",
                  "Parallel Aware": true,
                  "Join Type": "Inner",
                  "Startup Cost": 84779.4,
                  "Total Cost": 290458.14,
                  "Plan Rows": 886281,
                  "Plan Width": 0,
                  "Actual Startup Time": 380.194,
                  "Actual Total Time": 1172.252,
                  "Actual Rows": 1220780,
                  "Actual Loops": 6,
                  "Inner Unique": false,
                  "Hash Cond": "(mi.movie_id = t.id)",
                  "Plans": [
                    {
                      "Node Type": "Seq Scan",
                      "Parent Relationship": "Outer",
                      "Parallel Aware": true,
                      "Relation Name": "movie_info",
                      "Alias": "mi",
                      "Startup Cost": 0.0,
                      "Total Cost": 191685.19,
                      "Plan Rows": 2969219,
                      "Plan Width": 4,
                      "Actual Startup Time": 0.046,
                      "Actual Total Time": 307.839,
                      "Actual Rows": 2472620,
                      "Actual Loops": 6
                    },
                    {
                      "Node Type": "Hash",
                      "Parent Relationship": "Inner",
                      "Parallel Aware": true,
                      "Startup Cost": 81736.22,
                      "Total Cost": 81736.22,
                      "Plan Rows": 243454,
                      "Plan Width": 8,
                      "Actual Startup Time": 376.758,
                      "Actual Total Time": 376.926,
                      "Actual Rows": 81770,
                      "Actual Loops": 6,
                      "Hash Buckets": 1048576,
                      "Original Hash Buckets": 1048576,
                      "Hash Batches": 1,
                      "Original Hash Batches": 1,
                      "Peak Memory Usage": 27456,
                      "Plans": [
                        {
                          "Node Type": "Hash Join",
                          "Parent Relationship": "Outer",
                          "Parallel Aware": true,
                          "Join Type": "Inner",
                          "Startup Cost": 49404.12,
                          "Total Cost": 81736.22,
                          "Plan Rows": 243454,
                          "Plan Width": 8,
                          "Actual Startup Time": 258.709,
                          "Actual Total Time": 345.661,
                          "Actual Rows": 81770,
                          "Actual Loops": 6,
                          "Inner Unique": true,
                          "Hash Cond": "(mc.movie_id = t.id)",
                          "Plans": [
                            {
                              "Node Type": "Seq Scan",
                              "Parent Relationship": "Outer",
                              "Parallel Aware": true,
                              "Relation Name": "movie_companies",
                              "Alias": "mc",
                              "Startup Cost": 0.0,
                              "Total Cost": 31414.82,
                              "Plan Rows": 349442,
                              "Plan Width": 4,
                              "Actual Startup Time": 25.024,
                              "Actual Total Time": 54.432,
                              "Actual Rows": 141241,
                              "Actual Loops": 6,
                              "Filter": "((company_id < 74852) AND (company_type_id = 2))",
                              "Rows Removed by Filter": 293614
                            },
                            {
                              "Node Type": "Hash",
                              "Parent Relationship": "Inner",
                              "Parallel Aware": true,
                              "Startup Cost": 43899.32,
                              "Total Cost": 43899.32,
                              "Plan Rows": 440384,
                              "Plan Width": 4,
                              "Actual Startup Time": 231.206,
                              "Actual Total Time": 231.207,
                              "Actual Rows": 291505,
                              "Actual Loops": 6,
                              "Hash Buckets": 2097152,
                              "Original Hash Buckets": 2097152,
                              "Hash Batches": 1,
                              "Original Hash Batches": 1,
                              "Peak Memory Usage": 84896,
                              "Plans": [
                                {
                                  "Node Type": "Seq Scan",
                                  "Parent Relationship": "Outer",
                                  "Parallel Aware": true,
                                  "Relation Name": "title",
                                  "Alias": "t",
                                  "Startup Cost": 0.0,
                                  "Total Cost": 43899.32,
                                  "Plan Rows": 440384,
                                  "Plan Width": 4,
                                  "Actual Startup Time": 0.054,
                                  "Actual Total Time": 93.831,
                                  "Actual Rows": 291505,
                                  "Actual Loops": 6,
                                  "Filter": "(production_year > 1990)",
                                  "Rows Removed by Filter": 129880
                                }
                              ]
                            }
                          ]
                        }
                      ]
                    }
                  ]
                }
              ]
            }
          ]
        }
      ]
    },
    "Planning Time": 0.886,
    "Triggers": [],
    "Execution Time": 1300.776
  }
]