{
  "Plan": {
    "Node Type": "Aggregate",
    "Strategy": "Plain",
    "Partial Mode": "Finalize",
    "Parallel Aware": false,
    "Startup Cost": 407071.64,
    "Total Cost": 407071.65,
    "Plan Rows": 1,
    "Plan Width": 8,
    "Actual Startup Time": 2747.618,
    "Actual Total Time": 2801.083,
    "Actual Rows": 1,
    "Actual Loops": 1,
    "Plans": [
      {
        "Node Type": "Gather",
        "Parent Relationship": "Outer",
        "Parallel Aware": false,
        "Startup Cost": 407071.53,
        "Total Cost": 407071.64,
        "Plan Rows": 1,
        "Plan Width": 8,
        "Actual Startup Time": 2741.965,
        "Actual Total Time": 2801.076,
        "Actual Rows": 2,
        "Actual Loops": 1,
        "Workers Planned": 1,
        "Workers Launched": 1,
        "Single Copy": false,
        "Plans": [
          {
            "Node Type": "Aggregate",
            "Strategy": "Plain",
            "Partial Mode": "Partial",
            "Parent Relationship": "Outer",
            "Parallel Aware": false,
            "Startup Cost": 406071.53,
            "Total Cost": 406071.54,
            "Plan Rows": 1,
            "Plan Width": 8,
            "Actual Startup Time": 2735.526,
            "Actual Total Time": 2735.532,
            "Actual Rows": 1,
            "Actual Loops": 2,
            "Plans": [
              {
                "Node Type": "Hash Join",
                "Parent Relationship": "Outer",
                "Parallel Aware": true,
                "Join Type": "Inner",
                "Startup Cost": 106838.03,
                "Total Cost": 404082.46,
                "Plan Rows": 795626,
                "Plan Width": 0,
                "Actual Startup Time": 744.739,
                "Actual Total Time": 2457.867,
                "Actual Rows": 7115632,
                "Actual Loops": 2,
                "Inner Unique": false,
                "Hash Cond": "(mi.movie_id = t.id)",
                "Plans": [
                  {
                    "Node Type": "Seq Scan",
                    "Parent Relationship": "Outer",
                    "Parallel Aware": true,
                    "Relation Name": "movie_info",
                    "Alias": "mi",
                    "Startup Cost": 0.0,
                    "Total Cost": 270696.42,
                    "Plan Rows": 5831431,
                    "Plan Width": 4,
                    "Actual Startup Time": 33.268,
                    "Actual Total Time": 709.452,
                    "Actual Rows": 4955877,
                    "Actual Loops": 2,
                    "Filter": "(info_type_id > 4)",
                    "Rows Removed by Filter": 2461983
                  },
                  {
                    "Node Type": "Hash",
                    "Parent Relationship": "Inner",
                    "Parallel Aware": true,
                    "Startup Cost": 104301.6,
                    "Total Cost": 104301.6,
                    "Plan Rows": 202914,
                    "Plan Width": 8,
                    "Actual Startup Time": 706.408,
                    "Actual Total Time": 706.413,
                    "Actual Rows": 181846,
                    "Actual Loops": 2,
                    "Hash Buckets": 524288,
                    "Original Hash Buckets": 524288,
                    "Hash Batches": 1,
                    "Original Hash Batches": 1,
                    "Peak Memory Usage": 18368,
                    "Plans": [
                      {
                        "Node Type": "Hash Join",
                        "Parent Relationship": "Outer",
                        "Parallel Aware": true,
                        "Join Type": "Inner",
                        "Startup Cost": 76778.53,
                        "Total Cost": 104301.6,
                        "Plan Rows": 202914,
                        "Plan Width": 8,
                        "Actual Startup Time": 546.976,
                        "Actual Total Time": 668.427,
                        "Actual Rows": 181846,
                        "Actual Loops": 2,
                        "Inner Unique": true,
                        "Hash Cond": "(mk.movie_id = t.id)",
                        "Plans": [
                          {
                            "Node Type": "Bitmap Heap Scan",
                            "Parent Relationship": "Outer",
                            "Parallel Aware": true,
                            "Relation Name": "movie_keyword",
                            "Alias": "mk",
                            "Startup Cost": 7317.83,
                            "Total Cost": 34308.25,
                            "Plan Rows": 202914,
                            "Plan Width": 4,
                            "Actual Startup Time": 20.642,
                            "Actual Total Time": 77.936,
                            "Actual Rows": 181846,
                            "Actual Loops": 2,
                            "Recheck Cond": "(keyword_id < 335)",
                            "Rows Removed by Index Recheck": 0,
                            "Exact Heap Blocks": 13315,
                            "Lossy Heap Blocks": 0,
                            "Plans": [
                              {
                                "Node Type": "Bitmap Index Scan",
                                "Parent Relationship": "Outer",
                                "Parallel Aware": false,
                                "Index Name": "keyword_id_movie_keyword",
                                "Startup Cost": 0.0,
                                "Total Cost": 7231.59,
                                "Plan Rows": 344954,
                                "Plan Width": 0,
                                "Actual Startup Time": 17.113,
                                "Actual Total Time": 17.113,
                                "Actual Rows": 363692,
                                "Actual Loops": 1,
                                "Index Cond": "(keyword_id < 335)"
                              }
                            ]
                          },
                          {
                            "Node Type": "Hash",
                            "Parent Relationship": "Inner",
                            "Parallel Aware": true,
                            "Startup Cost": 50870.31,
                            "Total Cost": 50870.31,
                            "Plan Rows": 1487231,
                            "Plan Width": 4,
                            "Actual Startup Time": 507.693,
                            "Actual Total Time": 507.694,
                            "Actual Rows": 1264156,
                            "Actual Loops": 2,
                            "Hash Buckets": 4194304,
                            "Original Hash Buckets": 4194304,
                            "Hash Batches": 1,
                            "Original Hash Batches": 1,
                            "Peak Memory Usage": 131712,
                            "Plans": [
                              {
                                "Node Type": "Seq Scan",
                                "Parent Relationship": "Outer",
                                "Parallel Aware": true,
                                "Relation Name": "title",
                                "Alias": "t",
                                "Startup Cost": 0.0,
                                "Total Cost": 50870.31,
                                "Plan Rows": 1487231,
                                "Plan Width": 4,
                                "Actual Startup Time": 0.034,
                                "Actual Total Time": 153.053,
                                "Actual Rows": 1264156,
                                "Actual Loops": 2
                              }
                            ]
                          }
                        ]
                      }
                    ]
                  }
                ]
              }
            ]
          }
        ]
      }
    ]
  },
  "Planning Time": 0.965,
  "Triggers": [],
  "Execution Time": 2801.191
}