{
  "Plan": {
    "Node Type": "Aggregate",
    "Strategy": "Plain",
    "Partial Mode": "Simple",
    "Parallel Aware": false,
    "Startup Cost": 478708.95,
    "Total Cost": 478708.96,
    "Plan Rows": 1,
    "Plan Width": 8,
    "Actual Startup Time": 4996.535,
    "Actual Total Time": 4996.538,
    "Actual Rows": 1,
    "Actual Loops": 1,
    "Plans": [
      {
        "Node Type": "Hash Join",
        "Parent Relationship": "Outer",
        "Parallel Aware": false,
        "Join Type": "Inner",
        "Startup Cost": 477639.07,
        "Total Cost": 478707.37,
        "Plan Rows": 632,
        "Plan Width": 0,
        "Actual Startup Time": 4996.498,
        "Actual Total Time": 4996.531,
        "Actual Rows": 41,
        "Actual Loops": 1,
        "Inner Unique": false,
        "Hash Cond": "(ci.movie_id = t.id)",
        "Plans": [
          {
            "Node Type": "Index Scan",
            "Parent Relationship": "Outer",
            "Parallel Aware": false,
            "Scan Direction": "Forward",
            "Index Name": "person_id_cast_info",
            "Relation Name": "cast_info",
            "Alias": "ci",
            "Startup Cost": 0.56,
            "Total Cost": 1059.67,
            "Plan Rows": 328,
            "Plan Width": 4,
            "Actual Startup Time": 0.67,
            "Actual Total Time": 0.677,
            "Actual Rows": 13,
            "Actual Loops": 1,
            "Index Cond": "(person_id = 2282958)",
            "Rows Removed by Index Recheck": 0,
            "Filter": "(role_id < 4)",
            "Rows Removed by Filter": 0
          },
          {
            "Node Type": "Hash",
            "Parent Relationship": "Inner",
            "Parallel Aware": false,
            "Startup Cost": 416760.61,
            "Total Cost": 416760.61,
            "Plan Rows": 4870232,
            "Plan Width": 8,
            "Actual Startup Time": 4938.006,
            "Actual Total Time": 4938.009,
            "Actual Rows": 4923966,
            "Actual Loops": 1,
            "Hash Buckets": 8388608,
            "Original Hash Buckets": 8388608,
            "Hash Batches": 1,
            "Original Hash Batches": 1,
            "Peak Memory Usage": 257879,
            "Plans": [
              {
                "Node Type": "Hash Join",
                "Parent Relationship": "Outer",
                "Parallel Aware": false,
                "Join Type": "Inner",
                "Startup Cost": 181105.33,
                "Total Cost": 416760.61,
                "Plan Rows": 4870232,
                "Plan Width": 8,
                "Actual Startup Time": 1348.154,
                "Actual Total Time": 3633.471,
                "Actual Rows": 4923966,
                "Actual Loops": 1,
                "Inner Unique": true,
                "Hash Cond": "(mi.movie_id = t.id)",
                "Plans": [
                  {
                    "Node Type": "Bitmap Heap Scan",
                    "Parent Relationship": "Outer",
                    "Parallel Aware": false,
                    "Relation Name": "movie_info",
                    "Alias": "mi",
                    "Startup Cost": 88220.73,
                    "Total Cost": 311091.63,
                    "Plan Rows": 4870232,
                    "Plan Width": 4,
                    "Actual Startup Time": 258.549,
                    "Actual Total Time": 686.681,
                    "Actual Rows": 4923966,
                    "Actual Loops": 1,
                    "Recheck Cond": "(info_type_id < 5)",
                    "Rows Removed by Index Recheck": 0,
                    "Exact Heap Blocks": 31604,
                    "Lossy Heap Blocks": 0,
                    "Plans": [
                      {
                        "Node Type": "Bitmap Index Scan",
                        "Parent Relationship": "Outer",
                        "Parallel Aware": false,
                        "Index Name": "info_type_id_movie_info",
                        "Startup Cost": 0.0,
                        "Total Cost": 87003.17,
                        "Plan Rows": 4870232,
                        "Plan Width": 0,
                        "Actual Startup Time": 251.784,
                        "Actual Total Time": 251.784,
                        "Actual Rows": 4923966,
                        "Actual Loops": 1,
                        "Index Cond": "(info_type_id < 5)"
                      }
                    ]
                  },
                  {
                    "Node Type": "Hash",
                    "Parent Relationship": "Inner",
                    "Parallel Aware": false,
                    "Startup Cost": 61280.93,
                    "Total Cost": 61280.93,
                    "Plan Rows": 2528293,
                    "Plan Width": 4,
                    "Actual Startup Time": 1083.319,
                    "Actual Total Time": 1083.321,
                    "Actual Rows": 2528312,
                    "Actual Loops": 1,
                    "Hash Buckets": 4194304,
                    "Original Hash Buckets": 4194304,
                    "Hash Batches": 1,
                    "Original Hash Batches": 1,
                    "Peak Memory Usage": 121654,
                    "Plans": [
                      {
                        "Node Type": "Seq Scan",
                        "Parent Relationship": "Outer",
                        "Parallel Aware": false,
                        "Relation Name": "title",
                        "Alias": "t",
                        "Startup Cost": 0.0,
                        "Total Cost": 61280.93,
                        "Plan Rows": 2528293,
                        "Plan Width": 4,
                        "Actual Startup Time": 0.019,
                        "Actual Total Time": 358.165,
                        "Actual Rows": 2528312,
                        "Actual Loops": 1
                      }
                    ]
                  }
                ]
              }
            ]
          }
        ]
      }
    ]
  },
  "Planning Time": 0.957,
  "Triggers": [],
  "Execution Time": 5013.478
}