[
  {
    "Plan": {
      "Node Type": "Aggregate",
      "Strategy": "Plain",
      "Partial Mode": "Finalize",
      "Parallel Aware": false,
      "Startup Cost": 76450.53,
      "Total Cost": 76450.54,
      "Plan Rows": 1,
      "Plan Width": 8,
      "Actual Startup Time": 352.389,
      "Actual Total Time": 370.449,
      "Actual Rows": 1,
      "Actual Loops": 1,
      "Plans": [
        {
          "Node Type": "Gather",
          "Parent Relationship": "Outer",
          "Parallel Aware": false,
          "Startup Cost": 76450.21,
          "Total Cost": 76450.52,
          "Plan Rows": 3,
          "Plan Width": 8,
          "Actual Startup Time": 350.079,
          "Actual Total Time": 370.44,
          "Actual Rows": 4,
          "Actual Loops": 1,
          "Workers Planned": 3,
          "Workers Launched": 3,
          "Single Copy": false,
          "Plans": [
            {
              "Node Type": "Aggregate",
              "Strategy": "Plain",
              "Partial Mode": "Partial",
              "Parent Relationship": "Outer",
              "Parallel Aware": false,
              "Startup Cost": 75450.21,
              "Total Cost": 75450.22,
              "Plan Rows": 1,
              "Plan Width": 8,
              "Actual Startup Time": 344.514,
              "Actual Total Time": 344.521,
              "Actual Rows": 1,
              "Actual Loops": 4,
              "Plans": [
                {
                  "Node Type": "Hash Join",
                  "Parent Relationship": "Outer",
                  "Parallel Aware": true,
                  "Join Type": "Inner",
                  "Startup Cost": 45917.66,
                  "Total Cost": 75333.55,
                  "Plan Rows": 46664,
                  "Plan Width": 0,
                  "Actual Startup Time": 171.486,
                  "Actual Total Time": 336.047,
                  "Actual Rows": 148267,
                  "Actual Loops": 4,
                  "Inner Unique": true,
                  "Hash Cond": "(mc.movie_id = t.id)",
                  "Plans": [
                    {
                      "Node Type": "Seq Scan",
                      "Parent Relationship": "Outer",
                      "Parallel Aware": true,
                      "Relation Name": "movie_companies",
                      "Alias": "mc",
                      "Startup Cost": 0.0,
                      "Total Cost": 27206.55,
                      "Plan Rows": 841655,
                      "Plan Width": 4,
                      "Actual Startup Time": 0.008,
                      "Actual Total Time": 73.104,
                      "Actual Rows": 652282,
                      "Actual Loops": 4
                    },
                    {
                      "Node Type": "Hash",
                      "Parent Relationship": "Inner",
                      "Parallel Aware": true,
                      "Startup Cost": 45479.59,
                      "Total Cost": 45479.59,
                      "Plan Rows": 35046,
                      "Plan Width": 4,
                      "Actual Startup Time": 138.847,
                      "Actual Total Time": 138.847,
                      "Actual Rows": 70670,
                      "Actual Loops": 4,
                      "Hash Buckets": 524288,
                      "Original Hash Buckets": 262144,
                      "Hash Batches": 1,
                      "Original Hash Batches": 1,
                      "Peak Memory Usage": 17280,
                      "Plans": [
                        {
                          "Node Type": "Seq Scan",
                          "Parent Relationship": "Outer",
                          "Parallel Aware": true,
                          "Relation Name": "title",
                          "Alias": "t",
                          "Startup Cost": 0.0,
                          "Total Cost": 45479.59,
                          "Plan Rows": 35046,
                          "Plan Width": 4,
                          "Actual Startup Time": 56.806,
                          "Actual Total Time": 105.219,
                          "Actual Rows": 70670,
                          "Actual Loops": 4,
                          "Filter": "((production_year < 1983) AND (kind_id = 1))",
                          "Rows Removed by Filter": 561408
                        }
                      ]
                    }
                  ]
                }
              ]
            }
          ]
        }
      ]
    },
    "Planning Time": 0.259,
    "Triggers": [],
    "Execution Time": 370.495
  }
]