{
  "Plan": {
    "Node Type": "Aggregate",
    "Strategy": "Plain",
    "Partial Mode": "Finalize",
    "Parallel Aware": false,
    "Startup Cost": 164802.28,
    "Total Cost": 164802.29,
    "Plan Rows": 1,
    "Plan Width": 8,
    "Actual Startup Time": 516.129,
    "Actual Total Time": 516.403,
    "Actual Rows": 1,
    "Actual Loops": 1,
    "Plans": [
      {
        "Node Type": "Gather",
        "Parent Relationship": "Outer",
        "Parallel Aware": false,
        "Startup Cost": 164802.17,
        "Total Cost": 164802.28,
        "Plan Rows": 1,
        "Plan Width": 8,
        "Actual Startup Time": 516.11,
        "Actual Total Time": 516.398,
        "Actual Rows": 2,
        "Actual Loops": 1,
        "Workers Planned": 1,
        "Workers Launched": 1,
        "Single Copy": false,
        "Plans": [
          {
            "Node Type": "Aggregate",
            "Strategy": "Plain",
            "Partial Mode": "Partial",
            "Parent Relationship": "Outer",
            "Parallel Aware": false,
            "Startup Cost": 163802.17,
            "Total Cost": 163802.18,
            "Plan Rows": 1,
            "Plan Width": 8,
            "Actual Startup Time": 498.465,
            "Actual Total Time": 498.469,
            "Actual Rows": 1,
            "Actual Loops": 2,
            "Plans": [
              {
                "Node Type": "Merge Join",
                "Parent Relationship": "Outer",
                "Parallel Aware": false,
                "Join Type": "Inner",
                "Startup Cost": 159684.9,
                "Total Cost": 163681.43,
                "Plan Rows": 48295,
                "Plan Width": 0,
                "Actual Startup Time": 427.692,
                "Actual Total Time": 496.895,
                "Actual Rows": 36831,
                "Actual Loops": 2,
                "Inner Unique": false,
                "Merge Cond": "(t.id = mc.movie_id)",
                "Plans": [
                  {
                    "Node Type": "Sort",
                    "Parent Relationship": "Outer",
                    "Parallel Aware": false,
                    "Startup Cost": 89096.23,
                    "Total Cost": 90071.61,
                    "Plan Rows": 390151,
                    "Plan Width": 4,
                    "Actual Startup Time": 183.997,
                    "Actual Total Time": 216.802,
                    "Actual Rows": 330802,
                    "Actual Loops": 2,
                    "Sort Key": [
                      "t.id"
                    ],
                    "Sort Method": "quicksort",
                    "Sort Space Used": 30965,
                    "Sort Space Type": "Memory",
                    "Workers": [
                      {
                        "Worker Number": 0,
                        "Sort Method": "quicksort",
                        "Sort Space Used": 24682,
                        "Sort Space Type": "Memory"
                      }
                    ],
                    "Plans": [
                      {
                        "Node Type": "Bitmap Heap Scan",
                        "Parent Relationship": "Outer",
                        "Parallel Aware": true,
                        "Relation Name": "title",
                        "Alias": "t",
                        "Startup Cost": 11988.66,
                        "Total Cost": 52863.55,
                        "Plan Rows": 390151,
                        "Plan Width": 4,
                        "Actual Startup Time": 37.132,
                        "Actual Total Time": 99.289,
                        "Actual Rows": 331412,
                        "Actual Loops": 2,
                        "Recheck Cond": "(kind_id = 1)",
                        "Rows Removed by Index Recheck": 0,
                        "Exact Heap Blocks": 7974,
                        "Lossy Heap Blocks": 0,
                        "Plans": [
                          {
                            "Node Type": "Bitmap Index Scan",
                            "Parent Relationship": "Outer",
                            "Parallel Aware": false,
                            "Index Name": "kind_id_title",
                            "Startup Cost": 0.0,
                            "Total Cost": 11822.85,
                            "Plan Rows": 663256,
                            "Plan Width": 0,
                            "Actual Startup Time": 40.858,
                            "Actual Total Time": 40.859,
                            "Actual Rows": 662825,
                            "Actual Loops": 1,
                            "Index Cond": "(kind_id = 1)"
                          }
                        ]
                      }
                    ]
                  },
                  {
                    "Node Type": "Sort",
                    "Parent Relationship": "Inner",
                    "Parallel Aware": false,
                    "Startup Cost": 70588.63,
                    "Total Cost": 71371.05,
                    "Plan Rows": 312968,
                    "Plan Width": 4,
                    "Actual Startup Time": 217.754,
                    "Actual Total Time": 233.859,
                    "Actual Rows": 454362,
                    "Actual Loops": 2,
                    "Sort Key": [
                      "mc.movie_id"
                    ],
                    "Sort Method": "quicksort",
                    "Sort Space Used": 33587,
                    "Sort Space Type": "Memory",
                    "Workers": [
                      {
                        "Worker Number": 0,
                        "Sort Method": "quicksort",
                        "Sort Space Used": 33587,
                        "Sort Space Type": "Memory"
                      }
                    ],
                    "Plans": [
                      {
                        "Node Type": "Bitmap Heap Scan",
                        "Parent Relationship": "Outer",
                        "Parallel Aware": false,
                        "Relation Name": "movie_companies",
                        "Alias": "mc",
                        "Startup Cost": 13694.93,
                        "Total Cost": 42021.45,
                        "Plan Rows": 312968,
                        "Plan Width": 4,
                        "Actual Startup Time": 28.313,
                        "Actual Total Time": 128.821,
                        "Actual Rows": 454362,
                        "Actual Loops": 2,
                        "Recheck Cond": "(company_id < 846)",
                        "Rows Removed by Index Recheck": 0,
                        "Filter": "(company_type_id = 1)",
                        "Rows Removed by Filter": 177705,
                        "Exact Heap Blocks": 18521,
                        "Lossy Heap Blocks": 0,
                        "Plans": [
                          {
                            "Node Type": "Bitmap Index Scan",
                            "Parent Relationship": "Outer",
                            "Parallel Aware": false,
                            "Index Name": "company_id_movie_companies",
                            "Startup Cost": 0.0,
                            "Total Cost": 13616.69,
                            "Plan Rows": 635768,
                            "Plan Width": 0,
                            "Actual Startup Time": 26.004,
                            "Actual Total Time": 26.004,
                            "Actual Rows": 632067,
                            "Actual Loops": 2,
                            "Index Cond": "(company_id < 846)"
                          }
                        ]
                      }
                    ]
                  }
                ]
              }
            ]
          }
        ]
      }
    ]
  },
  "Planning Time": 0.773,
  "Triggers": [],
  "Execution Time": 519.225
}