[
  {
    "Plan": {
      "Node Type": "Aggregate",
      "Strategy": "Plain",
      "Partial Mode": "Finalize",
      "Parallel Aware": false,
      "Startup Cost": 317636.87,
      "Total Cost": 317636.88,
      "Plan Rows": 1,
      "Plan Width": 8,
      "Actual Startup Time": 236.083,
      "Actual Total Time": 247.999,
      "Actual Rows": 1,
      "Actual Loops": 1,
      "Plans": [
        {
          "Node Type": "Gather",
          "Parent Relationship": "Outer",
          "Parallel Aware": false,
          "Startup Cost": 317636.24,
          "Total Cost": 317636.85,
          "Plan Rows": 6,
          "Plan Width": 8,
          "Actual Startup Time": 234.884,
          "Actual Total Time": 247.987,
          "Actual Rows": 7,
          "Actual Loops": 1,
          "Workers Planned": 6,
          "Workers Launched": 6,
          "Single Copy": false,
          "Plans": [
            {
              "Node Type": "Aggregate",
              "Strategy": "Plain",
              "Partial Mode": "Partial",
              "Parent Relationship": "Outer",
              "Parallel Aware": false,
              "Startup Cost": 316636.24,
              "Total Cost": 316636.25,
              "Plan Rows": 1,
              "Plan Width": 8,
              "Actual Startup Time": 228.314,
              "Actual Total Time": 228.315,
              "Actual Rows": 1,
              "Actual Loops": 7,
              "Plans": [
                {
                  "Node Type": "Bitmap Heap Scan",
                  "Parent Relationship": "Outer",
                  "Parallel Aware": true,
                  "Relation Name": "cast_info",
                  "Alias": "ci",
                  "Startup Cost": 57060.01,
                  "Total Cost": 316256.14,
                  "Plan Rows": 152039,
                  "Plan Width": 0,
                  "Actual Startup Time": 106.483,
                  "Actual Total Time": 212.449,
                  "Actual Rows": 277741,
                  "Actual Loops": 7,
                  "Recheck Cond": "(person_id < 259101)",
                  "Rows Removed by Index Recheck": 0,
                  "Filter": "(role_id = 1)",
                  "Rows Removed by Filter": 108563,
                  "Exact Heap Blocks": 6816,
                  "Lossy Heap Blocks": 0,
                  "Plans": [
                    {
                      "Node Type": "Bitmap Index Scan",
                      "Parent Relationship": "Outer",
                      "Parallel Aware": false,
                      "Index Name": "person_id_cast_info",
                      "Startup Cost": 0.0,
                      "Total Cost": 56831.96,
                      "Plan Rows": 2603652,
                      "Plan Width": 0,
                      "Actual Startup Time": 107.939,
                      "Actual Total Time": 107.94,
                      "Actual Rows": 2704124,
                      "Actual Loops": 1,
                      "Index Cond": "(person_id < 259101)"
                    }
                  ]
                }
              ]
            }
          ]
        }
      ]
    },
    "Planning Time": 0.115,
    "Triggers": [],
    "Execution Time": 248.04
  }
]