{
  "Plan": {
    "Node Type": "Aggregate",
    "Strategy": "Plain",
    "Partial Mode": "Finalize",
    "Parallel Aware": false,
    "Startup Cost": 363513.02,
    "Total Cost": 363513.03,
    "Plan Rows": 1,
    "Plan Width": 8,
    "Actual Startup Time": 1116.641,
    "Actual Total Time": 1144.765,
    "Actual Rows": 1,
    "Actual Loops": 1,
    "Plans": [
      {
        "Node Type": "Gather",
        "Parent Relationship": "Outer",
        "Parallel Aware": false,
        "Startup Cost": 363512.91,
        "Total Cost": 363513.02,
        "Plan Rows": 1,
        "Plan Width": 8,
        "Actual Startup Time": 1116.287,
        "Actual Total Time": 1144.755,
        "Actual Rows": 2,
        "Actual Loops": 1,
        "Workers Planned": 1,
        "Workers Launched": 1,
        "Single Copy": false,
        "Plans": [
          {
            "Node Type": "Aggregate",
            "Strategy": "Plain",
            "Partial Mode": "Partial",
            "Parent Relationship": "Outer",
            "Parallel Aware": false,
            "Startup Cost": 362512.91,
            "Total Cost": 362512.92,
            "Plan Rows": 1,
            "Plan Width": 8,
            "Actual Startup Time": 1110.365,
            "Actual Total Time": 1110.369,
            "Actual Rows": 1,
            "Actual Loops": 2,
            "Plans": [
              {
                "Node Type": "Hash Join",
                "Parent Relationship": "Outer",
                "Parallel Aware": true,
                "Join Type": "Inner",
                "Startup Cost": 55073.54,
                "Total Cost": 362456.49,
                "Plan Rows": 22569,
                "Plan Width": 0,
                "Actual Startup Time": 143.65,
                "Actual Total Time": 1106.641,
                "Actual Rows": 67964,
                "Actual Loops": 2,
                "Inner Unique": true,
                "Hash Cond": "(ci.movie_id = t.id)",
                "Plans": [
                  {
                    "Node Type": "Index Scan",
                    "Parent Relationship": "Outer",
                    "Parallel Aware": true,
                    "Scan Direction": "Forward",
                    "Index Name": "role_id_cast_info",
                    "Relation Name": "cast_info",
                    "Alias": "ci",
                    "Startup Cost": 0.56,
                    "Total Cost": 305110.75,
                    "Plan Rows": 865815,
                    "Plan Width": 4,
                    "Actual Startup Time": 0.055,
                    "Actual Total Time": 677.746,
                    "Actual Rows": 2435830,
                    "Actual Loops": 2,
                    "Index Cond": "(role_id > 4)",
                    "Rows Removed by Index Recheck": 0,
                    "Filter": "(person_id > 3111056)",
                    "Rows Removed by Filter": 2256521
                  },
                  {
                    "Node Type": "Hash",
                    "Parent Relationship": "Inner",
                    "Parallel Aware": true,
                    "Startup Cost": 54588.39,
                    "Total Cost": 54588.39,
                    "Plan Rows": 38767,
                    "Plan Width": 4,
                    "Actual Startup Time": 141.26,
                    "Actual Total Time": 141.261,
                    "Actual Rows": 31914,
                    "Actual Loops": 2,
                    "Hash Buckets": 131072,
                    "Original Hash Buckets": 131072,
                    "Hash Batches": 1,
                    "Original Hash Batches": 1,
                    "Peak Memory Usage": 3584,
                    "Plans": [
                      {
                        "Node Type": "Seq Scan",
                        "Parent Relationship": "Outer",
                        "Parallel Aware": true,
                        "Relation Name": "title",
                        "Alias": "t",
                        "Startup Cost": 0.0,
                        "Total Cost": 54588.39,
                        "Plan Rows": 38767,
                        "Plan Width": 4,
                        "Actual Startup Time": 0.058,
                        "Actual Total Time": 130.424,
                        "Actual Rows": 31914,
                        "Actual Loops": 2,
                        "Filter": "(production_year = 2013)",
                        "Rows Removed by Filter": 1232242
                      }
                    ]
                  }
                ]
              }
            ]
          }
        ]
      }
    ]
  },
  "Planning Time": 0.466,
  "Triggers": [],
  "Execution Time": 1144.849
}