{
  "Plan": {
    "Node Type": "Aggregate",
    "Strategy": "Plain",
    "Partial Mode": "Finalize",
    "Parallel Aware": false,
    "Startup Cost": 221699.7,
    "Total Cost": 221699.71,
    "Plan Rows": 1,
    "Plan Width": 8,
    "Actual Startup Time": 2125.233,
    "Actual Total Time": 2187.767,
    "Actual Rows": 1,
    "Actual Loops": 1,
    "Plans": [
      {
        "Node Type": "Gather",
        "Parent Relationship": "Outer",
        "Parallel Aware": false,
        "Startup Cost": 221699.59,
        "Total Cost": 221699.7,
        "Plan Rows": 1,
        "Plan Width": 8,
        "Actual Startup Time": 2120.594,
        "Actual Total Time": 2187.759,
        "Actual Rows": 2,
        "Actual Loops": 1,
        "Workers Planned": 1,
        "Workers Launched": 1,
        "Single Copy": false,
        "Plans": [
          {
            "Node Type": "Aggregate",
            "Strategy": "Plain",
            "Partial Mode": "Partial",
            "Parent Relationship": "Outer",
            "Parallel Aware": false,
            "Startup Cost": 220699.59,
            "Total Cost": 220699.6,
            "Plan Rows": 1,
            "Plan Width": 8,
            "Actual Startup Time": 2104.022,
            "Actual Total Time": 2104.027,
            "Actual Rows": 1,
            "Actual Loops": 2,
            "Plans": [
              {
                "Node Type": "Nested Loop",
                "Parent Relationship": "Outer",
                "Parallel Aware": false,
                "Join Type": "Inner",
                "Startup Cost": 71753.64,
                "Total Cost": 219771.92,
                "Plan Rows": 371066,
                "Plan Width": 0,
                "Actual Startup Time": 654.288,
                "Actual Total Time": 1969.435,
                "Actual Rows": 2493168,
                "Actual Loops": 2,
                "Inner Unique": false,
                "Plans": [
                  {
                    "Node Type": "Hash Join",
                    "Parent Relationship": "Outer",
                    "Parallel Aware": true,
                    "Join Type": "Inner",
                    "Startup Cost": 71753.21,
                    "Total Cost": 97167.03,
                    "Plan Rows": 63459,
                    "Plan Width": 8,
                    "Actual Startup Time": 654.223,
                    "Actual Total Time": 745.752,
                    "Actual Rows": 60960,
                    "Actual Loops": 2,
                    "Inner Unique": true,
                    "Hash Cond": "(mk.movie_id = t.id)",
                    "Plans": [
                      {
                        "Node Type": "Bitmap Heap Scan",
                        "Parent Relationship": "Outer",
                        "Parallel Aware": true,
                        "Relation Name": "movie_keyword",
                        "Alias": "mk",
                        "Startup Cost": 2292.51,
                        "Total Cost": 27539.75,
                        "Plan Rows": 63459,
                        "Plan Width": 4,
                        "Actual Startup Time": 16.927,
                        "Actual Total Time": 63.904,
                        "Actual Rows": 60960,
                        "Actual Loops": 2,
                        "Recheck Cond": "(keyword_id < 117)",
                        "Rows Removed by Index Recheck": 0,
                        "Exact Heap Blocks": 14893,
                        "Lossy Heap Blocks": 0,
                        "Plans": [
                          {
                            "Node Type": "Bitmap Index Scan",
                            "Parent Relationship": "Outer",
                            "Parallel Aware": false,
                            "Index Name": "keyword_id_movie_keyword",
                            "Startup Cost": 0.0,
                            "Total Cost": 2265.54,
                            "Plan Rows": 107881,
                            "Plan Width": 0,
                            "Actual Startup Time": 11.528,
                            "Actual Total Time": 11.528,
                            "Actual Rows": 121921,
                            "Actual Loops": 1,
                            "Index Cond": "(keyword_id < 117)"
                          }
                        ]
                      },
                      {
                        "Node Type": "Hash",
                        "Parent Relationship": "Inner",
                        "Parallel Aware": true,
                        "Startup Cost": 50870.31,
                        "Total Cost": 50870.31,
                        "Plan Rows": 1487231,
                        "Plan Width": 4,
                        "Actual Startup Time": 613.853,
                        "Actual Total Time": 613.854,
                        "Actual Rows": 1264156,
                        "Actual Loops": 2,
                        "Hash Buckets": 4194304,
                        "Original Hash Buckets": 4194304,
                        "Hash Batches": 1,
                        "Original Hash Batches": 1,
                        "Peak Memory Usage": 131680,
                        "Plans": [
                          {
                            "Node Type": "Seq Scan",
                            "Parent Relationship": "Outer",
                            "Parallel Aware": true,
                            "Relation Name": "title",
                            "Alias": "t",
                            "Startup Cost": 0.0,
                            "Total Cost": 50870.31,
                            "Plan Rows": 1487231,
                            "Plan Width": 4,
                            "Actual Startup Time": 0.036,
                            "Actual Total Time": 175.592,
                            "Actual Rows": 1264156,
                            "Actual Loops": 2
                          }
                        ]
                      }
                    ]
                  },
                  {
                    "Node Type": "Index Only Scan",
                    "Parent Relationship": "Inner",
                    "Parallel Aware": false,
                    "Scan Direction": "Forward",
                    "Index Name": "movie_id_movie_info",
                    "Relation Name": "movie_info",
                    "Alias": "mi",
                    "Startup Cost": 0.43,
                    "Total Cost": 1.51,
                    "Plan Rows": 42,
                    "Plan Width": 4,
                    "Actual Startup Time": 0.004,
                    "Actual Total Time": 0.017,
                    "Actual Rows": 41,
                    "Actual Loops": 121921,
                    "Index Cond": "(movie_id = t.id)",
                    "Rows Removed by Index Recheck": 0,
                    "Heap Fetches": 4986335
                  }
                ]
              }
            ]
          }
        ]
      }
    ]
  },
  "Planning Time": 0.995,
  "Triggers": [],
  "Execution Time": 2187.885
}