[
    {
        "Bao": {
            "Bao prediction": "NaN",
            "Bao recommended hint": "(no hint)"
        }
    },
    {
        "Plan": {
            "Node Type": "Aggregate",
            "Strategy": "Plain",
            "Partial Mode": "Finalize",
            "Parallel Aware": false,
            "Startup Cost": 119379.08,
            "Total Cost": 119379.09,
            "Plan Rows": 1,
            "Plan Width": 8,
            "Actual Startup Time": 275.687,
            "Actual Total Time": 286.795,
            "Actual Rows": 1,
            "Actual Loops": 1,
            "Output": [
                "count(*)"
            ],
            "Plans": [
                {
                    "Node Type": "Gather",
                    "Parent Relationship": "Outer",
                    "Parallel Aware": false,
                    "Startup Cost": 119378.56,
                    "Total Cost": 119379.07,
                    "Plan Rows": 5,
                    "Plan Width": 8,
                    "Actual Startup Time": 273.111,
                    "Actual Total Time": 286.786,
                    "Actual Rows": 6,
                    "Actual Loops": 1,
                    "Output": [
                        "(PARTIAL count(*))"
                    ],
                    "Workers Planned": 5,
                    "Workers Launched": 5,
                    "Single Copy": false,
                    "Plans": [
                        {
                            "Node Type": "Aggregate",
                            "Strategy": "Plain",
                            "Partial Mode": "Partial",
                            "Parent Relationship": "Outer",
                            "Parallel Aware": false,
                            "Startup Cost": 118378.56,
                            "Total Cost": 118378.57,
                            "Plan Rows": 1,
                            "Plan Width": 8,
                            "Actual Startup Time": 263.936,
                            "Actual Total Time": 263.976,
                            "Actual Rows": 1,
                            "Actual Loops": 6,
                            "Output": [
                                "PARTIAL count(*)"
                            ],
                            "Workers": [
                                {
                                    "Worker Number": 0,
                                    "Actual Startup Time": 260.235,
                                    "Actual Total Time": 260.237,
                                    "Actual Rows": 1,
                                    "Actual Loops": 1
                                },
                                {
                                    "Worker Number": 1,
                                    "Actual Startup Time": 266.146,
                                    "Actual Total Time": 266.149,
                                    "Actual Rows": 1,
                                    "Actual Loops": 1
                                },
                                {
                                    "Worker Number": 2,
                                    "Actual Startup Time": 261.196,
                                    "Actual Total Time": 261.198,
                                    "Actual Rows": 1,
                                    "Actual Loops": 1
                                },
                                {
                                    "Worker Number": 3,
                                    "Actual Startup Time": 261.41,
                                    "Actual Total Time": 261.412,
                                    "Actual Rows": 1,
                                    "Actual Loops": 1
                                },
                                {
                                    "Worker Number": 4,
                                    "Actual Startup Time": 262.084,
                                    "Actual Total Time": 262.086,
                                    "Actual Rows": 1,
                                    "Actual Loops": 1
                                }
                            ],
                            "Plans": [
                                {
                                    "Node Type": "Hash Join",
                                    "Parent Relationship": "Outer",
                                    "Parallel Aware": true,
                                    "Join Type": "Inner",
                                    "Startup Cost": 46089.14,
                                    "Total Cost": 118276.6,
                                    "Plan Rows": 40784,
                                    "Plan Width": 0,
                                    "Actual Startup Time": 101.338,
                                    "Actual Total Time": 261.106,
                                    "Actual Rows": 58062,
                                    "Actual Loops": 6,
                                    "Inner Unique": true,
                                    "Hash Cond": "(ci.movie_id = t.id)",
                                    "Workers": [
                                        {
                                            "Worker Number": 0,
                                            "Actual Startup Time": 97.693,
                                            "Actual Total Time": 257.286,
                                            "Actual Rows": 62519,
                                            "Actual Loops": 1
                                        },
                                        {
                                            "Worker Number": 1,
                                            "Actual Startup Time": 103.669,
                                            "Actual Total Time": 263.276,
                                            "Actual Rows": 61768,
                                            "Actual Loops": 1
                                        },
                                        {
                                            "Worker Number": 2,
                                            "Actual Startup Time": 98.765,
                                            "Actual Total Time": 258.346,
                                            "Actual Rows": 61187,
                                            "Actual Loops": 1
                                        },
                                        {
                                            "Worker Number": 3,
                                            "Actual Startup Time": 98.727,
                                            "Actual Total Time": 258.597,
                                            "Actual Rows": 59197,
                                            "Actual Loops": 1
                                        },
                                        {
                                            "Worker Number": 4,
                                            "Actual Startup Time": 99.272,
                                            "Actual Total Time": 259.174,
                                            "Actual Rows": 36621,
                                            "Actual Loops": 1
                                        }
                                    ],
                                    "Plans": [
                                        {
                                            "Node Type": "Index Scan",
                                            "Parent Relationship": "Outer",
                                            "Parallel Aware": true,
                                            "Scan Direction": "Forward",
                                            "Index Name": "role_id_cast_info",
                                            "Relation Name": "cast_info",
                                            "Schema": "public",
                                            "Alias": "ci",
                                            "Startup Cost": 0.56,
                                            "Total Cost": 70799.91,
                                            "Plan Rows": 528807,
                                            "Plan Width": 4,
                                            "Actual Startup Time": 0.152,
                                            "Actual Total Time": 78.311,
                                            "Actual Rows": 454824,
                                            "Actual Loops": 6,
                                            "Output": [
                                                "ci.id",
                                                "ci.person_id",
                                                "ci.movie_id",
                                                "ci.person_role_id",
                                                "ci.note",
                                                "ci.nr_order",
                                                "ci.role_id"
                                            ],
                                            "Index Cond": "(ci.role_id = 4)",
                                            "Rows Removed by Index Recheck": 0,
                                            "Workers": [
                                                {
                                                    "Worker Number": 0,
                                                    "Actual Startup Time": 0.124,
                                                    "Actual Total Time": 76.294,
                                                    "Actual Rows": 469656,
                                                    "Actual Loops": 1
                                                },
                                                {
                                                    "Worker Number": 1,
                                                    "Actual Startup Time": 0.204,
                                                    "Actual Total Time": 78.512,
                                                    "Actual Rows": 476585,
                                                    "Actual Loops": 1
                                                },
                                                {
                                                    "Worker Number": 2,
                                                    "Actual Startup Time": 0.226,
                                                    "Actual Total Time": 79.678,
                                                    "Actual Rows": 481262,
                                                    "Actual Loops": 1
                                                },
                                                {
                                                    "Worker Number": 3,
                                                    "Actual Startup Time": 0.093,
                                                    "Actual Total Time": 77.623,
                                                    "Actual Rows": 472684,
                                                    "Actual Loops": 1
                                                },
                                                {
                                                    "Worker Number": 4,
                                                    "Actual Startup Time": 0.179,
                                                    "Actual Total Time": 83.042,
                                                    "Actual Rows": 298742,
                                                    "Actual Loops": 1
                                                }
                                            ]
                                        },
                                        {
                                            "Node Type": "Hash",
                                            "Parent Relationship": "Inner",
                                            "Parallel Aware": true,
                                            "Startup Cost": 45479.21,
                                            "Total Cost": 45479.21,
                                            "Plan Rows": 48749,
                                            "Plan Width": 4,
                                            "Actual Startup Time": 99.704,
                                            "Actual Total Time": 99.705,
                                            "Actual Rows": 54339,
                                            "Actual Loops": 6,
                                            "Output": [
                                                "t.id"
                                            ],
                                            "Hash Buckets": 524288,
                                            "Original Hash Buckets": 262144,
                                            "Hash Batches": 1,
                                            "Original Hash Batches": 1,
                                            "Peak Memory Usage": 18976,
                                            "Workers": [
                                                {
                                                    "Worker Number": 0,
                                                    "Actual Startup Time": 97.041,
                                                    "Actual Total Time": 97.042,
                                                    "Actual Rows": 54514,
                                                    "Actual Loops": 1
                                                },
                                                {
                                                    "Worker Number": 1,
                                                    "Actual Startup Time": 103.209,
                                                    "Actual Total Time": 103.21,
                                                    "Actual Rows": 54787,
                                                    "Actual Loops": 1
                                                },
                                                {
                                                    "Worker Number": 2,
                                                    "Actual Startup Time": 98.016,
                                                    "Actual Total Time": 98.017,
                                                    "Actual Rows": 54812,
                                                    "Actual Loops": 1
                                                },
                                                {
                                                    "Worker Number": 3,
                                                    "Actual Startup Time": 98.186,
                                                    "Actual Total Time": 98.187,
                                                    "Actual Rows": 55335,
                                                    "Actual Loops": 1
                                                },
                                                {
                                                    "Worker Number": 4,
                                                    "Actual Startup Time": 98.099,
                                                    "Actual Total Time": 98.1,
                                                    "Actual Rows": 35918,
                                                    "Actual Loops": 1
                                                }
                                            ],
                                            "Plans": [
                                                {
                                                    "Node Type": "Seq Scan",
                                                    "Parent Relationship": "Outer",
                                                    "Parallel Aware": true,
                                                    "Relation Name": "title",
                                                    "Schema": "public",
                                                    "Alias": "t",
                                                    "Startup Cost": 0.0,
                                                    "Total Cost": 45479.21,
                                                    "Plan Rows": 48749,
                                                    "Plan Width": 4,
                                                    "Actual Startup Time": 46.755,
                                                    "Actual Total Time": 76.197,
                                                    "Actual Rows": 54339,
                                                    "Actual Loops": 6,
                                                    "Output": [
                                                        "t.id"
                                                    ],
                                                    "Filter": "((t.production_year < 1992) AND (t.kind_id = 1))",
                                                    "Rows Removed by Filter": 367047,
                                                    "Workers": [
                                                        {
                                                            "Worker Number": 0,
                                                            "Actual Startup Time": 43.859,
                                                            "Actual Total Time": 73.62,
                                                            "Actual Rows": 54514,
                                                            "Actual Loops": 1
                                                        },
                                                        {
                                                            "Worker Number": 1,
                                                            "Actual Startup Time": 50.499,
                                                            "Actual Total Time": 80.311,
                                                            "Actual Rows": 54787,
                                                            "Actual Loops": 1
                                                        },
                                                        {
                                                            "Worker Number": 2,
                                                            "Actual Startup Time": 45.552,
                                                            "Actual Total Time": 74.893,
                                                            "Actual Rows": 54812,
                                                            "Actual Loops": 1
                                                        },
                                                        {
                                                            "Worker Number": 3,
                                                            "Actual Startup Time": 45.418,
                                                            "Actual Total Time": 74.465,
                                                            "Actual Rows": 55335,
                                                            "Actual Loops": 1
                                                        },
                                                        {
                                                            "Worker Number": 4,
                                                            "Actual Startup Time": 44.782,
                                                            "Actual Total Time": 76.229,
                                                            "Actual Rows": 35918,
                                                            "Actual Loops": 1
                                                        }
                                                    ]
                                                }
                                            ]
                                        }
                                    ]
                                }
                            ]
                        }
                    ]
                }
            ]
        },
        "Planning Time": 193.536,
        "Triggers": [],
        "Execution Time": 286.874
    }
]