[
  {
    "Plan": {
      "Node Type": "Aggregate",
      "Strategy": "Plain",
      "Partial Mode": "Finalize",
      "Parallel Aware": false,
      "Startup Cost": 45911.32,
      "Total Cost": 45911.33,
      "Plan Rows": 1,
      "Plan Width": 8,
      "Actual Startup Time": 142.985,
      "Actual Total Time": 150.295,
      "Actual Rows": 1,
      "Actual Loops": 1,
      "Plans": [
        {
          "Node Type": "Gather",
          "Parent Relationship": "Outer",
          "Parallel Aware": false,
          "Startup Cost": 45911.0,
          "Total Cost": 45911.31,
          "Plan Rows": 3,
          "Plan Width": 8,
          "Actual Startup Time": 142.915,
          "Actual Total Time": 150.29,
          "Actual Rows": 4,
          "Actual Loops": 1,
          "Workers Planned": 3,
          "Workers Launched": 3,
          "Single Copy": false,
          "Plans": [
            {
              "Node Type": "Aggregate",
              "Strategy": "Plain",
              "Partial Mode": "Partial",
              "Parent Relationship": "Outer",
              "Parallel Aware": false,
              "Startup Cost": 44911.0,
              "Total Cost": 44911.01,
              "Plan Rows": 1,
              "Plan Width": 8,
              "Actual Startup Time": 137.389,
              "Actual Total Time": 137.39,
              "Actual Rows": 1,
              "Actual Loops": 4,
              "Plans": [
                {
                  "Node Type": "Seq Scan",
                  "Parent Relationship": "Outer",
                  "Parallel Aware": true,
                  "Relation Name": "movie_keyword",
                  "Alias": "mk",
                  "Startup Cost": 0.0,
                  "Total Cost": 42695.65,
                  "Plan Rows": 886139,
                  "Plan Width": 0,
                  "Actual Startup Time": 0.036,
                  "Actual Total Time": 106.204,
                  "Actual Rows": 692645,
                  "Actual Loops": 4,
                  "Filter": "(keyword_id < 7935)",
                  "Rows Removed by Filter": 438337
                }
              ]
            }
          ]
        }
      ]
    },
    "Planning Time": 0.081,
    "Triggers": [],
    "Execution Time": 150.321
  }
]