[
    {
        "Bao": {
            "Bao prediction": 1307.179,
            "Bao recommended hint": "(no hint)"
        }
    },
    {
        "Plan": {
            "Node Type": "Aggregate",
            "Strategy": "Plain",
            "Partial Mode": "Simple",
            "Parallel Aware": false,
            "Startup Cost": 23423.68,
            "Total Cost": 23423.69,
            "Plan Rows": 1,
            "Plan Width": 64,
            "Actual Startup Time": 2245.86,
            "Actual Total Time": 2245.865,
            "Actual Rows": 1,
            "Actual Loops": 1,
            "Output": [
                "min(n.name)",
                "min(t.title)"
            ],
            "Plans": [
                {
                    "Node Type": "Nested Loop",
                    "Parent Relationship": "Outer",
                    "Parallel Aware": false,
                    "Join Type": "Inner",
                    "Startup Cost": 41.24,
                    "Total Cost": 23423.68,
                    "Plan Rows": 1,
                    "Plan Width": 32,
                    "Actual Startup Time": 568.252,
                    "Actual Total Time": 2245.828,
                    "Actual Rows": 36,
                    "Actual Loops": 1,
                    "Output": [
                        "n.name",
                        "t.title"
                    ],
                    "Inner Unique": true,
                    "Plans": [
                        {
                            "Node Type": "Nested Loop",
                            "Parent Relationship": "Outer",
                            "Parallel Aware": false,
                            "Join Type": "Inner",
                            "Startup Cost": 41.1,
                            "Total Cost": 23422.7,
                            "Plan Rows": 1,
                            "Plan Width": 36,
                            "Actual Startup Time": 568.223,
                            "Actual Total Time": 2245.72,
                            "Actual Rows": 36,
                            "Actual Loops": 1,
                            "Output": [
                                "n.name",
                                "pi.info_type_id",
                                "t.title"
                            ],
                            "Inner Unique": false,
                            "Join Filter": "(n.id = pi.person_id)",
                            "Rows Removed by Join Filter": 0,
                            "Plans": [
                                {
                                    "Node Type": "Nested Loop",
                                    "Parent Relationship": "Outer",
                                    "Parallel Aware": false,
                                    "Join Type": "Inner",
                                    "Startup Cost": 40.67,
                                    "Total Cost": 22226.99,
                                    "Plan Rows": 1259,
                                    "Plan Width": 44,
                                    "Actual Startup Time": 6.509,
                                    "Actual Total Time": 2077.477,
                                    "Actual Rows": 10721,
                                    "Actual Loops": 1,
                                    "Output": [
                                        "an.person_id",
                                        "ci.person_id",
                                        "n.name",
                                        "n.id",
                                        "t.title"
                                    ],
                                    "Inner Unique": false,
                                    "Join Filter": "(n.id = an.person_id)",
                                    "Rows Removed by Join Filter": 0,
                                    "Plans": [
                                        {
                                            "Node Type": "Nested Loop",
                                            "Parent Relationship": "Outer",
                                            "Parallel Aware": false,
                                            "Join Type": "Inner",
                                            "Startup Cost": 40.24,
                                            "Total Cost": 20761.38,
                                            "Plan Rows": 3059,
                                            "Plan Width": 40,
                                            "Actual Startup Time": 5.166,
                                            "Actual Total Time": 1906.856,
                                            "Actual Rows": 39117,
                                            "Actual Loops": 1,
                                            "Output": [
                                                "ci.person_id",
                                                "n.name",
                                                "n.id",
                                                "t.title"
                                            ],
                                            "Inner Unique": true,
                                            "Plans": [
                                                {
                                                    "Node Type": "Nested Loop",
                                                    "Parent Relationship": "Outer",
                                                    "Parallel Aware": false,
                                                    "Join Type": "Inner",
                                                    "Startup Cost": 39.81,
                                                    "Total Cost": 9741.59,
                                                    "Plan Rows": 23557,
                                                    "Plan Width": 21,
                                                    "Actual Startup Time": 1.735,
                                                    "Actual Total Time": 682.393,
                                                    "Actual Rows": 232424,
                                                    "Actual Loops": 1,
                                                    "Output": [
                                                        "ci.person_id",
                                                        "t.title"
                                                    ],
                                                    "Inner Unique": false,
                                                    "Plans": [
                                                        {
                                                            "Node Type": "Nested Loop",
                                                            "Parent Relationship": "Outer",
                                                            "Parallel Aware": false,
                                                            "Join Type": "Inner",
                                                            "Startup Cost": 39.25,
                                                            "Total Cost": 7703.31,
                                                            "Plan Rows": 674,
                                                            "Plan Width": 25,
                                                            "Actual Startup Time": 1.576,
                                                            "Actual Total Time": 59.144,
                                                            "Actual Rows": 3278,
                                                            "Actual Loops": 1,
                                                            "Output": [
                                                                "ml.linked_movie_id",
                                                                "t.title",
                                                                "t.id"
                                                            ],
                                                            "Inner Unique": true,
                                                            "Plans": [
                                                                {
                                                                    "Node Type": "Nested Loop",
                                                                    "Parent Relationship": "Outer",
                                                                    "Parallel Aware": false,
                                                                    "Join Type": "Inner",
                                                                    "Startup Cost": 38.82,
                                                                    "Total Cost": 245.23,
                                                                    "Plan Rows": 1666,
                                                                    "Plan Width": 4,
                                                                    "Actual Startup Time": 1.431,
                                                                    "Actual Total Time": 4.592,
                                                                    "Actual Rows": 5186,
                                                                    "Actual Loops": 1,
                                                                    "Output": [
                                                                        "ml.linked_movie_id"
                                                                    ],
                                                                    "Inner Unique": false,
                                                                    "Plans": [
                                                                        {
                                                                            "Node Type": "Seq Scan",
                                                                            "Parent Relationship": "Outer",
                                                                            "Parallel Aware": false,
                                                                            "Relation Name": "link_type",
                                                                            "Schema": "public",
                                                                            "Alias": "lt",
                                                                            "Startup Cost": 0.0,
                                                                            "Total Cost": 1.23,
                                                                            "Plan Rows": 1,
                                                                            "Plan Width": 4,
                                                                            "Actual Startup Time": 0.027,
                                                                            "Actual Total Time": 0.032,
                                                                            "Actual Rows": 1,
                                                                            "Actual Loops": 1,
                                                                            "Output": [
                                                                                "lt.id",
                                                                                "lt.link"
                                                                            ],
                                                                            "Filter": "((lt.link)::text = 'features'::text)",
                                                                            "Rows Removed by Filter": 17
                                                                        },
                                                                        {
                                                                            "Node Type": "Bitmap Heap Scan",
                                                                            "Parent Relationship": "Inner",
                                                                            "Parallel Aware": false,
                                                                            "Relation Name": "movie_link",
                                                                            "Schema": "public",
                                                                            "Alias": "ml",
                                                                            "Startup Cost": 38.82,
                                                                            "Total Cost": 225.26,
                                                                            "Plan Rows": 1875,
                                                                            "Plan Width": 8,
                                                                            "Actual Startup Time": 1.392,
                                                                            "Actual Total Time": 3.373,
                                                                            "Actual Rows": 5186,
                                                                            "Actual Loops": 1,
                                                                            "Output": [
                                                                                "ml.id",
                                                                                "ml.movie_id",
                                                                                "ml.linked_movie_id",
                                                                                "ml.link_type_id"
                                                                            ],
                                                                            "Recheck Cond": "(ml.link_type_id = lt.id)",
                                                                            "Rows Removed by Index Recheck": 0,
                                                                            "Exact Heap Blocks": 132,
                                                                            "Lossy Heap Blocks": 0,
                                                                            "Plans": [
                                                                                {
                                                                                    "Node Type": "Bitmap Index Scan",
                                                                                    "Parent Relationship": "Outer",
                                                                                    "Parallel Aware": false,
                                                                                    "Index Name": "link_type_id_movie_link",
                                                                                    "Startup Cost": 0.0,
                                                                                    "Total Cost": 38.35,
                                                                                    "Plan Rows": 1875,
                                                                                    "Plan Width": 0,
                                                                                    "Actual Startup Time": 1.316,
                                                                                    "Actual Total Time": 1.317,
                                                                                    "Actual Rows": 5186,
                                                                                    "Actual Loops": 1,
                                                                                    "Index Cond": "(ml.link_type_id = lt.id)"
                                                                                }
                                                                            ]
                                                                        }
                                                                    ]
                                                                },
                                                                {
                                                                    "Node Type": "Index Scan",
                                                                    "Parent Relationship": "Inner",
                                                                    "Parallel Aware": false,
                                                                    "Scan Direction": "Forward",
                                                                    "Index Name": "title_pkey",
                                                                    "Relation Name": "title",
                                                                    "Schema": "public",
                                                                    "Alias": "t",
                                                                    "Startup Cost": 0.43,
                                                                    "Total Cost": 4.48,
                                                                    "Plan Rows": 1,
                                                                    "Plan Width": 21,
                                                                    "Actual Startup Time": 0.01,
                                                                    "Actual Total Time": 0.01,
                                                                    "Actual Rows": 1,
                                                                    "Actual Loops": 5186,
                                                                    "Output": [
                                                                        "t.id",
                                                                        "t.title",
                                                                        "t.imdb_index",
                                                                        "t.kind_id",
                                                                        "t.production_year",
                                                                        "t.imdb_id",
                                                                        "t.phonetic_code",
                                                                        "t.episode_of_id",
                                                                        "t.season_nr",
                                                                        "t.episode_nr",
                                                                        "t.series_years",
                                                                        "t.md5sum"
                                                                    ],
                                                                    "Index Cond": "(t.id = ml.linked_movie_id)",
                                                                    "Rows Removed by Index Recheck": 0,
                                                                    "Filter": "((t.production_year >= 1953) AND (t.production_year <= 2002))",
                                                                    "Rows Removed by Filter": 0
                                                                }
                                                            ]
                                                        },
                                                        {
                                                            "Node Type": "Index Scan",
                                                            "Parent Relationship": "Inner",
                                                            "Parallel Aware": false,
                                                            "Scan Direction": "Forward",
                                                            "Index Name": "movie_id_cast_info",
                                                            "Relation Name": "cast_info",
                                                            "Schema": "public",
                                                            "Alias": "ci",
                                                            "Startup Cost": 0.56,
                                                            "Total Cost": 2.67,
                                                            "Plan Rows": 35,
                                                            "Plan Width": 8,
                                                            "Actual Startup Time": 0.017,
                                                            "Actual Total Time": 0.178,
                                                            "Actual Rows": 71,
                                                            "Actual Loops": 3278,
                                                            "Output": [
                                                                "ci.id",
                                                                "ci.person_id",
                                                                "ci.movie_id",
                                                                "ci.person_role_id",
                                                                "ci.note",
                                                                "ci.nr_order",
                                                                "ci.role_id"
                                                            ],
                                                            "Index Cond": "(ci.movie_id = t.id)",
                                                            "Rows Removed by Index Recheck": 0
                                                        }
                                                    ]
                                                },
                                                {
                                                    "Node Type": "Index Scan",
                                                    "Parent Relationship": "Inner",
                                                    "Parallel Aware": false,
                                                    "Scan Direction": "Forward",
                                                    "Index Name": "name_pkey",
                                                    "Relation Name": "name",
                                                    "Schema": "public",
                                                    "Alias": "n",
                                                    "Startup Cost": 0.43,
                                                    "Total Cost": 0.47,
                                                    "Plan Rows": 1,
                                                    "Plan Width": 19,
                                                    "Actual Startup Time": 0.005,
                                                    "Actual Total Time": 0.005,
                                                    "Actual Rows": 0,
                                                    "Actual Loops": 232424,
                                                    "Output": [
                                                        "n.id",
                                                        "n.name",
                                                        "n.imdb_index",
                                                        "n.imdb_id",
                                                        "n.gender",
                                                        "n.name_pcode_cf",
                                                        "n.name_pcode_nf",
                                                        "n.surname_pcode",
                                                        "n.md5sum"
                                                    ],
                                                    "Index Cond": "(n.id = ci.person_id)",
                                                    "Rows Removed by Index Recheck": 0,
                                                    "Filter": "(((n.name_pcode_cf)::text >= 'P'::text) AND ((n.name_pcode_cf)::text <= 'X'::text) AND (((n.gender)::text = 'm'::text) OR (((n.gender)::text = 'f'::text) AND (n.name ~~ 'B%'::text))))",
                                                    "Rows Removed by Filter": 1
                                                }
                                            ]
                                        },
                                        {
                                            "Node Type": "Index Scan",
                                            "Parent Relationship": "Inner",
                                            "Parallel Aware": false,
                                            "Scan Direction": "Forward",
                                            "Index Name": "person_id_aka_name",
                                            "Relation Name": "aka_name",
                                            "Schema": "public",
                                            "Alias": "an",
                                            "Startup Cost": 0.42,
                                            "Total Cost": 0.47,
                                            "Plan Rows": 1,
                                            "Plan Width": 4,
                                            "Actual Startup Time": 0.004,
                                            "Actual Total Time": 0.004,
                                            "Actual Rows": 0,
                                            "Actual Loops": 39117,
                                            "Output": [
                                                "an.id",
                                                "an.person_id",
                                                "an.name",
                                                "an.imdb_index",
                                                "an.name_pcode_cf",
                                                "an.name_pcode_nf",
                                                "an.surname_pcode",
                                                "an.md5sum"
                                            ],
                                            "Index Cond": "(an.person_id = ci.person_id)",
                                            "Rows Removed by Index Recheck": 0,
                                            "Filter": "(an.name ~~ '%k%'::text)",
                                            "Rows Removed by Filter": 1
                                        }
                                    ]
                                },
                                {
                                    "Node Type": "Index Scan",
                                    "Parent Relationship": "Inner",
                                    "Parallel Aware": false,
                                    "Scan Direction": "Forward",
                                    "Index Name": "person_id_person_info",
                                    "Relation Name": "person_info",
                                    "Schema": "public",
                                    "Alias": "pi",
                                    "Startup Cost": 0.43,
                                    "Total Cost": 0.94,
                                    "Plan Rows": 1,
                                    "Plan Width": 8,
                                    "Actual Startup Time": 0.015,
                                    "Actual Total Time": 0.015,
                                    "Actual Rows": 0,
                                    "Actual Loops": 10721,
                                    "Output": [
                                        "pi.id",
                                        "pi.person_id",
                                        "pi.info_type_id",
                                        "pi.info",
                                        "pi.note"
                                    ],
                                    "Index Cond": "(pi.person_id = ci.person_id)",
                                    "Rows Removed by Index Recheck": 0,
                                    "Filter": "(pi.note = 'Volker Boehm'::text)",
                                    "Rows Removed by Filter": 41
                                }
                            ]
                        },
                        {
                            "Node Type": "Index Scan",
                            "Parent Relationship": "Inner",
                            "Parallel Aware": false,
                            "Scan Direction": "Forward",
                            "Index Name": "info_type_pkey",
                            "Relation Name": "info_type",
                            "Schema": "public",
                            "Alias": "it",
                            "Startup Cost": 0.14,
                            "Total Cost": 0.56,
                            "Plan Rows": 1,
                            "Plan Width": 4,
                            "Actual Startup Time": 0.002,
                            "Actual Total Time": 0.002,
                            "Actual Rows": 1,
                            "Actual Loops": 36,
                            "Output": [
                                "it.id",
                                "it.info"
                            ],
                            "Index Cond": "(it.id = pi.info_type_id)",
                            "Rows Removed by Index Recheck": 0,
                            "Filter": "((it.info)::text = 'mini biography'::text)",
                            "Rows Removed by Filter": 0
                        }
                    ]
                }
            ]
        },
        "Planning Time": 2233.607,
        "Triggers": [],
        "Execution Time": 2246.76
    }
]