{
  "Plan": {
    "Node Type": "Aggregate",
    "Strategy": "Plain",
    "Partial Mode": "Finalize",
    "Parallel Aware": false,
    "Startup Cost": 128634.41,
    "Total Cost": 128634.42,
    "Plan Rows": 1,
    "Plan Width": 8,
    "Actual Startup Time": 833.57,
    "Actual Total Time": 852.83,
    "Actual Rows": 1,
    "Actual Loops": 1,
    "Plans": [
      {
        "Node Type": "Gather",
        "Parent Relationship": "Outer",
        "Parallel Aware": false,
        "Startup Cost": 128634.3,
        "Total Cost": 128634.41,
        "Plan Rows": 1,
        "Plan Width": 8,
        "Actual Startup Time": 830.415,
        "Actual Total Time": 852.82,
        "Actual Rows": 2,
        "Actual Loops": 1,
        "Workers Planned": 1,
        "Workers Launched": 1,
        "Single Copy": false,
        "Plans": [
          {
            "Node Type": "Aggregate",
            "Strategy": "Plain",
            "Partial Mode": "Partial",
            "Parent Relationship": "Outer",
            "Parallel Aware": false,
            "Startup Cost": 127634.3,
            "Total Cost": 127634.31,
            "Plan Rows": 1,
            "Plan Width": 8,
            "Actual Startup Time": 824.78,
            "Actual Total Time": 824.785,
            "Actual Rows": 1,
            "Actual Loops": 2,
            "Plans": [
              {
                "Node Type": "Hash Join",
                "Parent Relationship": "Outer",
                "Parallel Aware": true,
                "Join Type": "Inner",
                "Startup Cost": 64846.39,
                "Total Cost": 126362.02,
                "Plan Rows": 508914,
                "Plan Width": 0,
                "Actual Startup Time": 390.081,
                "Actual Total Time": 814.414,
                "Actual Rows": 196637,
                "Actual Loops": 2,
                "Inner Unique": true,
                "Hash Cond": "(mk.movie_id = t.id)",
                "Plans": [
                  {
                    "Node Type": "Seq Scan",
                    "Parent Relationship": "Outer",
                    "Parallel Aware": true,
                    "Relation Name": "movie_keyword",
                    "Alias": "mk",
                    "Startup Cost": 0.0,
                    "Total Cost": 57718.19,
                    "Plan Rows": 1446637,
                    "Plan Width": 4,
                    "Actual Startup Time": 0.018,
                    "Actual Total Time": 233.439,
                    "Actual Rows": 1231021,
                    "Actual Loops": 2,
                    "Filter": "(keyword_id < 5907)",
                    "Rows Removed by Filter": 1030944
                  },
                  {
                    "Node Type": "Hash",
                    "Parent Relationship": "Inner",
                    "Parallel Aware": true,
                    "Startup Cost": 58306.47,
                    "Total Cost": 58306.47,
                    "Plan Rows": 523194,
                    "Plan Width": 4,
                    "Actual Startup Time": 380.964,
                    "Actual Total Time": 380.966,
                    "Actual Rows": 473864,
                    "Actual Loops": 2,
                    "Hash Buckets": 1048576,
                    "Original Hash Buckets": 1048576,
                    "Hash Batches": 1,
                    "Original Hash Batches": 1,
                    "Peak Memory Usage": 45280,
                    "Plans": [
                      {
                        "Node Type": "Seq Scan",
                        "Parent Relationship": "Outer",
                        "Parallel Aware": true,
                        "Relation Name": "title",
                        "Alias": "t",
                        "Startup Cost": 0.0,
                        "Total Cost": 58306.47,
                        "Plan Rows": 523194,
                        "Plan Width": 4,
                        "Actual Startup Time": 0.039,
                        "Actual Total Time": 205.701,
                        "Actual Rows": 473864,
                        "Actual Loops": 2,
                        "Filter": "((kind_id > 1) AND (production_year > 2003))",
                        "Rows Removed by Filter": 790292
                      }
                    ]
                  }
                ]
              }
            ]
          }
        ]
      }
    ]
  },
  "Planning Time": 0.688,
  "Triggers": [],
  "Execution Time": 852.914
}