{
  "Plan": {
    "Node Type": "Aggregate",
    "Strategy": "Plain",
    "Partial Mode": "Finalize",
    "Parallel Aware": false,
    "Startup Cost": 64078.04,
    "Total Cost": 64078.05,
    "Plan Rows": 1,
    "Plan Width": 8,
    "Actual Startup Time": 165.121,
    "Actual Total Time": 172.471,
    "Actual Rows": 1,
    "Actual Loops": 1,
    "Plans": [
      {
        "Node Type": "Gather",
        "Parent Relationship": "Outer",
        "Parallel Aware": false,
        "Startup Cost": 64077.93,
        "Total Cost": 64078.04,
        "Plan Rows": 1,
        "Plan Width": 8,
        "Actual Startup Time": 165.032,
        "Actual Total Time": 172.466,
        "Actual Rows": 2,
        "Actual Loops": 1,
        "Workers Planned": 1,
        "Workers Launched": 1,
        "Single Copy": false,
        "Plans": [
          {
            "Node Type": "Aggregate",
            "Strategy": "Plain",
            "Partial Mode": "Partial",
            "Parent Relationship": "Outer",
            "Parallel Aware": false,
            "Startup Cost": 63077.93,
            "Total Cost": 63077.94,
            "Plan Rows": 1,
            "Plan Width": 8,
            "Actual Startup Time": 161.654,
            "Actual Total Time": 161.656,
            "Actual Rows": 1,
            "Actual Loops": 2,
            "Plans": [
              {
                "Node Type": "Merge Join",
                "Parent Relationship": "Outer",
                "Parallel Aware": false,
                "Join Type": "Inner",
                "Startup Cost": 62198.04,
                "Total Cost": 63070.9,
                "Plan Rows": 2811,
                "Plan Width": 0,
                "Actual Startup Time": 135.382,
                "Actual Total Time": 161.542,
                "Actual Rows": 2407,
                "Actual Loops": 2,
                "Inner Unique": true,
                "Merge Cond": "(ci.movie_id = t.id)",
                "Plans": [
                  {
                    "Node Type": "Sort",
                    "Parent Relationship": "Outer",
                    "Parallel Aware": false,
                    "Startup Cost": 15960.41,
                    "Total Cost": 16156.3,
                    "Plan Rows": 78357,
                    "Plan Width": 4,
                    "Actual Startup Time": 63.965,
                    "Actual Total Time": 71.278,
                    "Actual Rows": 120544,
                    "Actual Loops": 2,
                    "Sort Key": [
                      "ci.movie_id"
                    ],
                    "Sort Method": "quicksort",
                    "Sort Space Used": 12784,
                    "Sort Space Type": "Memory",
                    "Workers": [
                      {
                        "Worker Number": 0,
                        "Sort Method": "quicksort",
                        "Sort Space Used": 7734,
                        "Sort Space Type": "Memory"
                      }
                    ],
                    "Plans": [
                      {
                        "Node Type": "Index Scan",
                        "Parent Relationship": "Outer",
                        "Parallel Aware": true,
                        "Scan Direction": "Forward",
                        "Index Name": "role_id_cast_info",
                        "Relation Name": "cast_info",
                        "Alias": "ci",
                        "Startup Cost": 0.56,
                        "Total Cost": 9590.86,
                        "Plan Rows": 78357,
                        "Plan Width": 4,
                        "Actual Startup Time": 0.058,
                        "Actual Total Time": 33.889,
                        "Actual Rows": 120544,
                        "Actual Loops": 2,
                        "Index Cond": "(role_id > 10)",
                        "Rows Removed by Index Recheck": 0,
                        "Filter": "(person_id > 2018197)",
                        "Rows Removed by Filter": 37514
                      }
                    ]
                  },
                  {
                    "Node Type": "Sort",
                    "Parent Relationship": "Inner",
                    "Parallel Aware": false,
                    "Startup Cost": 46237.63,
                    "Total Cost": 46464.33,
                    "Plan Rows": 90681,
                    "Plan Width": 4,
                    "Actual Startup Time": 71.384,
                    "Actual Total Time": 77.967,
                    "Actual Rows": 90794,
                    "Actual Loops": 2,
                    "Sort Key": [
                      "t.id"
                    ],
                    "Sort Method": "quicksort",
                    "Sort Space Used": 7331,
                    "Sort Space Type": "Memory",
                    "Workers": [
                      {
                        "Worker Number": 0,
                        "Sort Method": "quicksort",
                        "Sort Space Used": 7331,
                        "Sort Space Type": "Memory"
                      }
                    ],
                    "Plans": [
                      {
                        "Node Type": "Bitmap Heap Scan",
                        "Parent Relationship": "Outer",
                        "Parallel Aware": false,
                        "Relation Name": "title",
                        "Alias": "t",
                        "Startup Cost": 1639.21,
                        "Total Cost": 38770.72,
                        "Plan Rows": 90681,
                        "Plan Width": 4,
                        "Actual Startup Time": 8.077,
                        "Actual Total Time": 50.39,
                        "Actual Rows": 90852,
                        "Actual Loops": 2,
                        "Recheck Cond": "(kind_id = 2)",
                        "Rows Removed by Index Recheck": 0,
                        "Exact Heap Blocks": 23872,
                        "Lossy Heap Blocks": 0,
                        "Plans": [
                          {
                            "Node Type": "Bitmap Index Scan",
                            "Parent Relationship": "Outer",
                            "Parallel Aware": false,
                            "Index Name": "kind_id_title",
                            "Startup Cost": 0.0,
                            "Total Cost": 1616.54,
                            "Plan Rows": 90681,
                            "Plan Width": 0,
                            "Actual Startup Time": 5.18,
                            "Actual Total Time": 5.18,
                            "Actual Rows": 90852,
                            "Actual Loops": 2,
                            "Index Cond": "(kind_id = 2)"
                          }
                        ]
                      }
                    ]
                  }
                ]
              }
            ]
          }
        ]
      }
    ]
  },
  "Planning Time": 0.357,
  "Triggers": [],
  "Execution Time": 172.531
}