{
  "Plan": {
    "Node Type": "Aggregate",
    "Strategy": "Plain",
    "Partial Mode": "Finalize",
    "Parallel Aware": false,
    "Startup Cost": 462558.54,
    "Total Cost": 462558.55,
    "Plan Rows": 1,
    "Plan Width": 8,
    "Actual Startup Time": 8250.739,
    "Actual Total Time": 8293.402,
    "Actual Rows": 1,
    "Actual Loops": 1,
    "Plans": [
      {
        "Node Type": "Gather",
        "Parent Relationship": "Outer",
        "Parallel Aware": false,
        "Startup Cost": 462558.43,
        "Total Cost": 462558.54,
        "Plan Rows": 1,
        "Plan Width": 8,
        "Actual Startup Time": 8250.703,
        "Actual Total Time": 8293.394,
        "Actual Rows": 2,
        "Actual Loops": 1,
        "Workers Planned": 1,
        "Workers Launched": 1,
        "Single Copy": false,
        "Plans": [
          {
            "Node Type": "Aggregate",
            "Strategy": "Plain",
            "Partial Mode": "Partial",
            "Parent Relationship": "Outer",
            "Parallel Aware": false,
            "Startup Cost": 461558.43,
            "Total Cost": 461558.44,
            "Plan Rows": 1,
            "Plan Width": 8,
            "Actual Startup Time": 8244.638,
            "Actual Total Time": 8244.64,
            "Actual Rows": 1,
            "Actual Loops": 2,
            "Plans": [
              {
                "Node Type": "Merge Join",
                "Parent Relationship": "Outer",
                "Parallel Aware": false,
                "Join Type": "Inner",
                "Startup Cost": 21.2,
                "Total Cost": 459030.66,
                "Plan Rows": 1011109,
                "Plan Width": 0,
                "Actual Startup Time": 9.025,
                "Actual Total Time": 7518.609,
                "Actual Rows": 16577224,
                "Actual Loops": 2,
                "Inner Unique": false,
                "Merge Cond": "(t.id = mc.movie_id)",
                "Plans": [
                  {
                    "Node Type": "Merge Join",
                    "Parent Relationship": "Outer",
                    "Parallel Aware": false,
                    "Join Type": "Inner",
                    "Startup Cost": 14.59,
                    "Total Cost": 300193.93,
                    "Plan Rows": 979783,
                    "Plan Width": 8,
                    "Actual Startup Time": 8.116,
                    "Actual Total Time": 1967.776,
                    "Actual Rows": 1911128,
                    "Actual Loops": 2,
                    "Inner Unique": true,
                    "Merge Cond": "(mk.movie_id = t.id)",
                    "Plans": [
                      {
                        "Node Type": "Index Only Scan",
                        "Parent Relationship": "Outer",
                        "Parallel Aware": true,
                        "Scan Direction": "Forward",
                        "Index Name": "movie_id_movie_keyword",
                        "Relation Name": "movie_keyword",
                        "Alias": "mk",
                        "Startup Cost": 0.43,
                        "Total Cost": 158560.11,
                        "Plan Rows": 2661135,
                        "Plan Width": 4,
                        "Actual Startup Time": 0.107,
                        "Actual Total Time": 468.488,
                        "Actual Rows": 2261958,
                        "Actual Loops": 2,
                        "Heap Fetches": 4523915
                      },
                      {
                        "Node Type": "Index Scan",
                        "Parent Relationship": "Inner",
                        "Parallel Aware": false,
                        "Scan Direction": "Forward",
                        "Index Name": "title_pkey",
                        "Relation Name": "title",
                        "Alias": "t",
                        "Startup Cost": 0.43,
                        "Total Cost": 122981.43,
                        "Plan Rows": 930873,
                        "Plan Width": 4,
                        "Actual Startup Time": 0.104,
                        "Actual Total Time": 1220.157,
                        "Actual Rows": 891306,
                        "Actual Loops": 2,
                        "Filter": "((kind_id < 7) AND (production_year > 1919))",
                        "Rows Removed by Filter": 1634380
                      }
                    ]
                  },
                  {
                    "Node Type": "Index Only Scan",
                    "Parent Relationship": "Inner",
                    "Parallel Aware": false,
                    "Scan Direction": "Forward",
                    "Index Name": "movie_id_movie_companies",
                    "Relation Name": "movie_companies",
                    "Alias": "mc",
                    "Startup Cost": 0.43,
                    "Total Cost": 140059.44,
                    "Plan Rows": 2609129,
                    "Plan Width": 4,
                    "Actual Startup Time": 0.087,
                    "Actual Total Time": 3821.092,
                    "Actual Rows": 18656466,
                    "Actual Loops": 2,
                    "Heap Fetches": 37312931
                  }
                ]
              }
            ]
          }
        ]
      }
    ]
  },
  "Planning Time": 0.973,
  "Triggers": [],
  "Execution Time": 8293.493
}