{
  "Plan": {
    "Node Type": "Aggregate",
    "Strategy": "Plain",
    "Partial Mode": "Finalize",
    "Parallel Aware": false,
    "Startup Cost": 134889.4,
    "Total Cost": 134889.41,
    "Plan Rows": 1,
    "Plan Width": 8,
    "Actual Startup Time": 508.381,
    "Actual Total Time": 522.292,
    "Actual Rows": 1,
    "Actual Loops": 1,
    "Plans": [
      {
        "Node Type": "Gather",
        "Parent Relationship": "Outer",
        "Parallel Aware": false,
        "Startup Cost": 134889.29,
        "Total Cost": 134889.4,
        "Plan Rows": 1,
        "Plan Width": 8,
        "Actual Startup Time": 508.036,
        "Actual Total Time": 522.285,
        "Actual Rows": 2,
        "Actual Loops": 1,
        "Workers Planned": 1,
        "Workers Launched": 1,
        "Single Copy": false,
        "Plans": [
          {
            "Node Type": "Aggregate",
            "Strategy": "Plain",
            "Partial Mode": "Partial",
            "Parent Relationship": "Outer",
            "Parallel Aware": false,
            "Startup Cost": 133889.29,
            "Total Cost": 133889.3,
            "Plan Rows": 1,
            "Plan Width": 8,
            "Actual Startup Time": 504.342,
            "Actual Total Time": 504.346,
            "Actual Rows": 1,
            "Actual Loops": 2,
            "Plans": [
              {
                "Node Type": "Nested Loop",
                "Parent Relationship": "Outer",
                "Parallel Aware": false,
                "Join Type": "Inner",
                "Startup Cost": 53930.21,
                "Total Cost": 133875.05,
                "Plan Rows": 5698,
                "Plan Width": 0,
                "Actual Startup Time": 156.627,
                "Actual Total Time": 501.808,
                "Actual Rows": 40550,
                "Actual Loops": 2,
                "Inner Unique": false,
                "Join Filter": "(t.id = mi_idx.movie_id)",
                "Rows Removed by Join Filter": 0,
                "Plans": [
                  {
                    "Node Type": "Hash Join",
                    "Parent Relationship": "Outer",
                    "Parallel Aware": true,
                    "Join Type": "Inner",
                    "Startup Cost": 53929.79,
                    "Total Cost": 117795.2,
                    "Plan Rows": 31269,
                    "Plan Width": 8,
                    "Actual Startup Time": 156.489,
                    "Actual Total Time": 409.208,
                    "Actual Rows": 51932,
                    "Actual Loops": 2,
                    "Inner Unique": true,
                    "Hash Cond": "(mk.movie_id = t.id)",
                    "Plans": [
                      {
                        "Node Type": "Seq Scan",
                        "Parent Relationship": "Outer",
                        "Parallel Aware": true,
                        "Relation Name": "movie_keyword",
                        "Alias": "mk",
                        "Startup Cost": 0.0,
                        "Total Cost": 57718.19,
                        "Plan Rows": 2341794,
                        "Plan Width": 4,
                        "Actual Startup Time": 0.012,
                        "Actual Total Time": 193.928,
                        "Actual Rows": 1999110,
                        "Actual Loops": 2,
                        "Filter": "(keyword_id < 34568)",
                        "Rows Removed by Filter": 262856
                      },
                      {
                        "Node Type": "Hash",
                        "Parent Relationship": "Inner",
                        "Parallel Aware": true,
                        "Startup Cost": 53681.55,
                        "Total Cost": 53681.55,
                        "Plan Rows": 19859,
                        "Plan Width": 4,
                        "Actual Startup Time": 97.338,
                        "Actual Total Time": 97.339,
                        "Actual Rows": 14052,
                        "Actual Loops": 2,
                        "Hash Buckets": 65536,
                        "Original Hash Buckets": 65536,
                        "Hash Batches": 1,
                        "Original Hash Batches": 1,
                        "Peak Memory Usage": 1632,
                        "Plans": [
                          {
                            "Node Type": "Bitmap Heap Scan",
                            "Parent Relationship": "Outer",
                            "Parallel Aware": true,
                            "Relation Name": "title",
                            "Alias": "t",
                            "Startup Cost": 11831.29,
                            "Total Cost": 53681.55,
                            "Plan Rows": 19859,
                            "Plan Width": 4,
                            "Actual Startup Time": 37.249,
                            "Actual Total Time": 93.433,
                            "Actual Rows": 14052,
                            "Actual Loops": 2,
                            "Recheck Cond": "(kind_id = 1)",
                            "Rows Removed by Index Recheck": 0,
                            "Filter": "(production_year = 2009)",
                            "Rows Removed by Filter": 317360,
                            "Exact Heap Blocks": 9474,
                            "Lossy Heap Blocks": 0,
                            "Plans": [
                              {
                                "Node Type": "Bitmap Index Scan",
                                "Parent Relationship": "Outer",
                                "Parallel Aware": false,
                                "Index Name": "kind_id_title",
                                "Startup Cost": 0.0,
                                "Total Cost": 11822.85,
                                "Plan Rows": 663256,
                                "Plan Width": 0,
                                "Actual Startup Time": 37.78,
                                "Actual Total Time": 37.78,
                                "Actual Rows": 662825,
                                "Actual Loops": 1,
                                "Index Cond": "(kind_id = 1)"
                              }
                            ]
                          }
                        ]
                      }
                    ]
                  },
                  {
                    "Node Type": "Index Scan",
                    "Parent Relationship": "Inner",
                    "Parallel Aware": false,
                    "Scan Direction": "Forward",
                    "Index Name": "movie_id_movie_info_idx",
                    "Relation Name": "movie_info_idx",
                    "Alias": "mi_idx",
                    "Startup Cost": 0.43,
                    "Total Cost": 0.5,
                    "Plan Rows": 1,
                    "Plan Width": 4,
                    "Actual Startup Time": 0.001,
                    "Actual Total Time": 0.002,
                    "Actual Rows": 1,
                    "Actual Loops": 103864,
                    "Index Cond": "(movie_id = mk.movie_id)",
                    "Rows Removed by Index Recheck": 0,
                    "Filter": "(info_type_id = 101)",
                    "Rows Removed by Filter": 2
                  }
                ]
              }
            ]
          }
        ]
      }
    ]
  },
  "Planning Time": 0.888,
  "Triggers": [],
  "Execution Time": 522.383
}