[
  {
    "Plan": {
      "Node Type": "Aggregate",
      "Strategy": "Plain",
      "Partial Mode": "Finalize",
      "Parallel Aware": false,
      "Startup Cost": 176933.78,
      "Total Cost": 176933.79,
      "Plan Rows": 1,
      "Plan Width": 8,
      "Actual Startup Time": 2368.016,
      "Actual Total Time": 2445.658,
      "Actual Rows": 1,
      "Actual Loops": 1,
      "Plans": [
        {
          "Node Type": "Gather",
          "Parent Relationship": "Outer",
          "Parallel Aware": false,
          "Startup Cost": 176933.36,
          "Total Cost": 176933.77,
          "Plan Rows": 4,
          "Plan Width": 8,
          "Actual Startup Time": 2365.647,
          "Actual Total Time": 2445.65,
          "Actual Rows": 5,
          "Actual Loops": 1,
          "Workers Planned": 4,
          "Workers Launched": 4,
          "Single Copy": false,
          "Plans": [
            {
              "Node Type": "Aggregate",
              "Strategy": "Plain",
              "Partial Mode": "Partial",
              "Parent Relationship": "Outer",
              "Parallel Aware": false,
              "Startup Cost": 175933.36,
              "Total Cost": 175933.37,
              "Plan Rows": 1,
              "Plan Width": 8,
              "Actual Startup Time": 2360.186,
              "Actual Total Time": 2360.236,
              "Actual Rows": 1,
              "Actual Loops": 5,
              "Plans": [
                {
                  "Node Type": "Nested Loop",
                  "Parent Relationship": "Outer",
                  "Parallel Aware": false,
                  "Join Type": "Inner",
                  "Startup Cost": 29752.54,
                  "Total Cost": 175793.22,
                  "Plan Rows": 56054,
                  "Plan Width": 0,
                  "Actual Startup Time": 101.6,
                  "Actual Total Time": 2339.506,
                  "Actual Rows": 354148,
                  "Actual Loops": 5,
                  "Inner Unique": false,
                  "Plans": [
                    {
                      "Node Type": "Hash Join",
                      "Parent Relationship": "Outer",
                      "Parallel Aware": true,
                      "Join Type": "Inner",
                      "Startup Cost": 29751.98,
                      "Total Cost": 76873.48,
                      "Plan Rows": 47702,
                      "Plan Width": 8,
                      "Actual Startup Time": 99.246,
                      "Actual Total Time": 321.687,
                      "Actual Rows": 77177,
                      "Actual Loops": 5,
                      "Inner Unique": false,
                      "Hash Cond": "(t.id = mc.movie_id)",
                      "Plans": [
                        {
                          "Node Type": "Seq Scan",
                          "Parent Relationship": "Outer",
                          "Parallel Aware": true,
                          "Relation Name": "title",
                          "Alias": "t",
                          "Startup Cost": 0.0,
                          "Total Cost": 43899.01,
                          "Plan Rows": 613724,
                          "Plan Width": 4,
                          "Actual Startup Time": 0.009,
                          "Actual Total Time": 78.854,
                          "Actual Rows": 491244,
                          "Actual Loops": 5,
                          "Filter": "(production_year > 0)",
                          "Rows Removed by Filter": 14419
                        },
                        {
                          "Node Type": "Hash",
                          "Parent Relationship": "Inner",
                          "Parallel Aware": true,
                          "Startup Cost": 28959.56,
                          "Total Cost": 28959.56,
                          "Plan Rows": 63393,
                          "Plan Width": 4,
                          "Actual Startup Time": 87.775,
                          "Actual Total Time": 87.777,
                          "Actual Rows": 78285,
                          "Actual Loops": 5,
                          "Hash Buckets": 524288,
                          "Original Hash Buckets": 262144,
                          "Hash Batches": 1,
                          "Original Hash Batches": 1,
                          "Peak Memory Usage": 21568,
                          "Plans": [
                            {
                              "Node Type": "Bitmap Heap Scan",
                              "Parent Relationship": "Outer",
                              "Parallel Aware": true,
                              "Relation Name": "movie_companies",
                              "Alias": "mc",
                              "Startup Cost": 8304.46,
                              "Total Cost": 28959.56,
                              "Plan Rows": 63393,
                              "Plan Width": 4,
                              "Actual Startup Time": 20.092,
                              "Actual Total Time": 53.331,
                              "Actual Rows": 78285,
                              "Actual Loops": 5,
                              "Recheck Cond": "(company_id > 83149)",
                              "Rows Removed by Index Recheck": 0,
                              "Filter": "(company_type_id > 1)",
                              "Rows Removed by Filter": 0,
                              "Exact Heap Blocks": 2416,
                              "Lossy Heap Blocks": 0,
                              "Plans": [
                                {
                                  "Node Type": "Bitmap Index Scan",
                                  "Parent Relationship": "Outer",
                                  "Parallel Aware": false,
                                  "Index Name": "company_id_movie_companies",
                                  "Startup Cost": 0.0,
                                  "Total Cost": 8255.33,
                                  "Plan Rows": 385454,
                                  "Plan Width": 0,
                                  "Actual Startup Time": 21.284,
                                  "Actual Total Time": 21.284,
                                  "Actual Rows": 391424,
                                  "Actual Loops": 1,
                                  "Index Cond": "(company_id > 83149)"
                                }
                              ]
                            }
                          ]
                        }
                      ]
                    },
                    {
                      "Node Type": "Index Scan",
                      "Parent Relationship": "Inner",
                      "Parallel Aware": false,
                      "Scan Direction": "Forward",
                      "Index Name": "movie_id_cast_info",
                      "Relation Name": "cast_info",
                      "Alias": "ci",
                      "Startup Cost": 0.56,
                      "Total Cost": 2.04,
                      "Plan Rows": 3,
                      "Plan Width": 4,
                      "Actual Startup Time": 0.022,
                      "Actual Total Time": 0.026,
                      "Actual Rows": 5,
                      "Actual Loops": 385886,
                      "Index Cond": "(movie_id = t.id)",
                      "Rows Removed by Index Recheck": 0,
                      "Filter": "((person_id > 2169468) AND (role_id > 7))",
                      "Rows Removed by Filter": 21
                    }
                  ]
                }
              ]
            }
          ]
        }
      ]
    },
    "Planning Time": 0.633,
    "Triggers": [],
    "Execution Time": 2445.738
  }
]