{
  "Plan": {
    "Node Type": "Aggregate",
    "Strategy": "Plain",
    "Partial Mode": "Finalize",
    "Parallel Aware": false,
    "Startup Cost": 128816.24,
    "Total Cost": 128816.25,
    "Plan Rows": 1,
    "Plan Width": 8,
    "Actual Startup Time": 244.211,
    "Actual Total Time": 263.83,
    "Actual Rows": 1,
    "Actual Loops": 1,
    "Plans": [
      {
        "Node Type": "Gather",
        "Parent Relationship": "Outer",
        "Parallel Aware": false,
        "Startup Cost": 128816.13,
        "Total Cost": 128816.24,
        "Plan Rows": 1,
        "Plan Width": 8,
        "Actual Startup Time": 244.054,
        "Actual Total Time": 263.824,
        "Actual Rows": 2,
        "Actual Loops": 1,
        "Workers Planned": 1,
        "Workers Launched": 1,
        "Single Copy": false,
        "Plans": [
          {
            "Node Type": "Aggregate",
            "Strategy": "Plain",
            "Partial Mode": "Partial",
            "Parent Relationship": "Outer",
            "Parallel Aware": false,
            "Startup Cost": 127816.13,
            "Total Cost": 127816.14,
            "Plan Rows": 1,
            "Plan Width": 8,
            "Actual Startup Time": 237.755,
            "Actual Total Time": 237.759,
            "Actual Rows": 1,
            "Actual Loops": 2,
            "Plans": [
              {
                "Node Type": "Hash Join",
                "Parent Relationship": "Outer",
                "Parallel Aware": true,
                "Join Type": "Inner",
                "Startup Cost": 107517.84,
                "Total Cost": 127816.0,
                "Plan Rows": 52,
                "Plan Width": 0,
                "Actual Startup Time": 211.133,
                "Actual Total Time": 237.667,
                "Actual Rows": 1240,
                "Actual Loops": 2,
                "Inner Unique": false,
                "Hash Cond": "(mc.movie_id = t.id)",
                "Plans": [
                  {
                    "Node Type": "Bitmap Heap Scan",
                    "Parent Relationship": "Outer",
                    "Parallel Aware": true,
                    "Relation Name": "movie_companies",
                    "Alias": "mc",
                    "Startup Cost": 3268.99,
                    "Total Cost": 23396.99,
                    "Plan Rows": 45290,
                    "Plan Width": 4,
                    "Actual Startup Time": 9.478,
                    "Actual Total Time": 28.78,
                    "Actual Rows": 74132,
                    "Actual Loops": 2,
                    "Recheck Cond": "(company_id > 132810)",
                    "Rows Removed by Index Recheck": 0,
                    "Filter": "(company_type_id = 2)",
                    "Rows Removed by Filter": 0,
                    "Exact Heap Blocks": 1813,
                    "Lossy Heap Blocks": 0,
                    "Plans": [
                      {
                        "Node Type": "Bitmap Index Scan",
                        "Parent Relationship": "Outer",
                        "Parallel Aware": false,
                        "Index Name": "company_id_movie_companies",
                        "Startup Cost": 0.0,
                        "Total Cost": 3249.74,
                        "Plan Rows": 151641,
                        "Plan Width": 0,
                        "Actual Startup Time": 8.581,
                        "Actual Total Time": 8.582,
                        "Actual Rows": 148264,
                        "Actual Loops": 1,
                        "Index Cond": "(company_id > 132810)"
                      }
                    ]
                  },
                  {
                    "Node Type": "Hash",
                    "Parent Relationship": "Inner",
                    "Parallel Aware": true,
                    "Startup Cost": 104227.54,
                    "Total Cost": 104227.54,
                    "Plan Rows": 1705,
                    "Plan Width": 8,
                    "Actual Startup Time": 200.583,
                    "Actual Total Time": 200.585,
                    "Actual Rows": 3739,
                    "Actual Loops": 2,
                    "Hash Buckets": 8192,
                    "Original Hash Buckets": 4096,
                    "Hash Batches": 1,
                    "Original Hash Batches": 1,
                    "Peak Memory Usage": 416,
                    "Plans": [
                      {
                        "Node Type": "Nested Loop",
                        "Parent Relationship": "Outer",
                        "Parallel Aware": false,
                        "Join Type": "Inner",
                        "Startup Cost": 0.43,
                        "Total Cost": 104227.54,
                        "Plan Rows": 1705,
                        "Plan Width": 8,
                        "Actual Startup Time": 19.034,
                        "Actual Total Time": 195.776,
                        "Actual Rows": 3739,
                        "Actual Loops": 2,
                        "Inner Unique": false,
                        "Plans": [
                          {
                            "Node Type": "Seq Scan",
                            "Parent Relationship": "Outer",
                            "Parallel Aware": true,
                            "Relation Name": "title",
                            "Alias": "t",
                            "Startup Cost": 0.0,
                            "Total Cost": 58306.47,
                            "Plan Rows": 5735,
                            "Plan Width": 4,
                            "Actual Startup Time": 0.193,
                            "Actual Total Time": 154.232,
                            "Actual Rows": 4737,
                            "Actual Loops": 2,
                            "Filter": "((kind_id < 7) AND (production_year = 1991))",
                            "Rows Removed by Filter": 1259419
                          },
                          {
                            "Node Type": "Index Scan",
                            "Parent Relationship": "Inner",
                            "Parallel Aware": false,
                            "Scan Direction": "Forward",
                            "Index Name": "movie_id_movie_keyword",
                            "Relation Name": "movie_keyword",
                            "Alias": "mk",
                            "Startup Cost": 0.43,
                            "Total Cost": 7.93,
                            "Plan Rows": 8,
                            "Plan Width": 4,
                            "Actual Startup Time": 0.008,
                            "Actual Total Time": 0.008,
                            "Actual Rows": 1,
                            "Actual Loops": 9474,
                            "Index Cond": "(movie_id = t.id)",
                            "Rows Removed by Index Recheck": 0,
                            "Filter": "(keyword_id > 25277)",
                            "Rows Removed by Filter": 4
                          }
                        ]
                      }
                    ]
                  }
                ]
              }
            ]
          }
        ]
      }
    ]
  },
  "Planning Time": 1.169,
  "Triggers": [],
  "Execution Time": 263.949
}