[
  {
    "Plan": {
      "Node Type": "Aggregate",
      "Strategy": "Plain",
      "Partial Mode": "Finalize",
      "Parallel Aware": false,
      "Startup Cost": 39686.36,
      "Total Cost": 39686.37,
      "Plan Rows": 1,
      "Plan Width": 8,
      "Actual Startup Time": 61.949,
      "Actual Total Time": 67.455,
      "Actual Rows": 1,
      "Actual Loops": 1,
      "Plans": [
        {
          "Node Type": "Gather",
          "Parent Relationship": "Outer",
          "Parallel Aware": false,
          "Startup Cost": 39685.94,
          "Total Cost": 39686.35,
          "Plan Rows": 4,
          "Plan Width": 8,
          "Actual Startup Time": 61.775,
          "Actual Total Time": 67.444,
          "Actual Rows": 5,
          "Actual Loops": 1,
          "Workers Planned": 4,
          "Workers Launched": 4,
          "Single Copy": false,
          "Plans": [
            {
              "Node Type": "Aggregate",
              "Strategy": "Plain",
              "Partial Mode": "Partial",
              "Parent Relationship": "Outer",
              "Parallel Aware": false,
              "Startup Cost": 38685.94,
              "Total Cost": 38685.95,
              "Plan Rows": 1,
              "Plan Width": 8,
              "Actual Startup Time": 56.771,
              "Actual Total Time": 56.773,
              "Actual Rows": 1,
              "Actual Loops": 5,
              "Plans": [
                {
                  "Node Type": "Bitmap Heap Scan",
                  "Parent Relationship": "Outer",
                  "Parallel Aware": true,
                  "Relation Name": "title",
                  "Alias": "t",
                  "Startup Cost": 2185.93,
                  "Total Cost": 38639.36,
                  "Plan Rows": 18630,
                  "Plan Width": 0,
                  "Actual Startup Time": 19.683,
                  "Actual Total Time": 55.41,
                  "Actual Rows": 14294,
                  "Actual Loops": 5,
                  "Recheck Cond": "(kind_id = 4)",
                  "Rows Removed by Index Recheck": 0,
                  "Filter": "(production_year < 2007)",
                  "Rows Removed by Filter": 9352,
                  "Exact Heap Blocks": 6286,
                  "Lossy Heap Blocks": 0,
                  "Plans": [
                    {
                      "Node Type": "Bitmap Index Scan",
                      "Parent Relationship": "Outer",
                      "Parallel Aware": false,
                      "Index Name": "kind_id_title",
                      "Startup Cost": 0.0,
                      "Total Cost": 2167.3,
                      "Plan Rows": 121449,
                      "Plan Width": 0,
                      "Actual Startup Time": 19.475,
                      "Actual Total Time": 19.476,
                      "Actual Rows": 118234,
                      "Actual Loops": 1,
                      "Index Cond": "(kind_id = 4)"
                    }
                  ]
                }
              ]
            }
          ]
        }
      ]
    },
    "Planning Time": 0.205,
    "Triggers": [],
    "Execution Time": 67.626
  }
]