[
  {
    "Plan": {
      "Node Type": "Aggregate",
      "Strategy": "Plain",
      "Partial Mode": "Finalize",
      "Parallel Aware": false,
      "Startup Cost": 33914.91,
      "Total Cost": 33914.92,
      "Plan Rows": 1,
      "Plan Width": 8,
      "Actual Startup Time": 90.99,
      "Actual Total Time": 98.873,
      "Actual Rows": 1,
      "Actual Loops": 1,
      "Plans": [
        {
          "Node Type": "Gather",
          "Parent Relationship": "Outer",
          "Parallel Aware": false,
          "Startup Cost": 33914.59,
          "Total Cost": 33914.9,
          "Plan Rows": 3,
          "Plan Width": 8,
          "Actual Startup Time": 90.724,
          "Actual Total Time": 98.866,
          "Actual Rows": 4,
          "Actual Loops": 1,
          "Workers Planned": 3,
          "Workers Launched": 3,
          "Single Copy": false,
          "Plans": [
            {
              "Node Type": "Aggregate",
              "Strategy": "Plain",
              "Partial Mode": "Partial",
              "Parent Relationship": "Outer",
              "Parallel Aware": false,
              "Startup Cost": 32914.59,
              "Total Cost": 32914.6,
              "Plan Rows": 1,
              "Plan Width": 8,
              "Actual Startup Time": 84.001,
              "Actual Total Time": 84.002,
              "Actual Rows": 1,
              "Actual Loops": 4,
              "Plans": [
                {
                  "Node Type": "Bitmap Heap Scan",
                  "Parent Relationship": "Outer",
                  "Parallel Aware": true,
                  "Relation Name": "movie_keyword",
                  "Alias": "mk",
                  "Startup Cost": 6889.23,
                  "Total Cost": 32652.7,
                  "Plan Rows": 104757,
                  "Plan Width": 0,
                  "Actual Startup Time": 17.509,
                  "Actual Total Time": 79.217,
                  "Actual Rows": 81322,
                  "Actual Loops": 4,
                  "Recheck Cond": "(keyword_id > 50501)",
                  "Rows Removed by Index Recheck": 0,
                  "Exact Heap Blocks": 10519,
                  "Lossy Heap Blocks": 0,
                  "Plans": [
                    {
                      "Node Type": "Bitmap Index Scan",
                      "Parent Relationship": "Outer",
                      "Parallel Aware": false,
                      "Index Name": "keyword_id_movie_keyword",
                      "Startup Cost": 0.0,
                      "Total Cost": 6808.04,
                      "Plan Rows": 324748,
                      "Plan Width": 0,
                      "Actual Startup Time": 20.564,
                      "Actual Total Time": 20.564,
                      "Actual Rows": 325289,
                      "Actual Loops": 1,
                      "Index Cond": "(keyword_id > 50501)"
                    }
                  ]
                }
              ]
            }
          ]
        }
      ]
    },
    "Planning Time": 0.096,
    "Triggers": [],
    "Execution Time": 98.916
  }
]