[
  {
    "Plan": {
      "Node Type": "Aggregate",
      "Strategy": "Plain",
      "Partial Mode": "Finalize",
      "Parallel Aware": false,
      "Startup Cost": 337017.55,
      "Total Cost": 337017.56,
      "Plan Rows": 1,
      "Plan Width": 8,
      "Actual Startup Time": 778.192,
      "Actual Total Time": 858.623,
      "Actual Rows": 1,
      "Actual Loops": 1,
      "Plans": [
        {
          "Node Type": "Gather",
          "Parent Relationship": "Outer",
          "Parallel Aware": false,
          "Startup Cost": 337016.92,
          "Total Cost": 337017.53,
          "Plan Rows": 6,
          "Plan Width": 8,
          "Actual Startup Time": 777.864,
          "Actual Total Time": 858.607,
          "Actual Rows": 7,
          "Actual Loops": 1,
          "Workers Planned": 6,
          "Workers Launched": 6,
          "Single Copy": false,
          "Plans": [
            {
              "Node Type": "Aggregate",
              "Strategy": "Plain",
              "Partial Mode": "Partial",
              "Parent Relationship": "Outer",
              "Parallel Aware": false,
              "Startup Cost": 336016.92,
              "Total Cost": 336016.93,
              "Plan Rows": 1,
              "Plan Width": 8,
              "Actual Startup Time": 771.503,
              "Actual Total Time": 771.505,
              "Actual Rows": 1,
              "Actual Loops": 7,
              "Plans": [
                {
                  "Node Type": "Seq Scan",
                  "Parent Relationship": "Outer",
                  "Parallel Aware": true,
                  "Relation Name": "cast_info",
                  "Alias": "ci",
                  "Startup Cost": 0.0,
                  "Total Cost": 328211.39,
                  "Plan Rows": 3122213,
                  "Plan Width": 0,
                  "Actual Startup Time": 192.654,
                  "Actual Total Time": 657.329,
                  "Actual Rows": 2657413,
                  "Actual Loops": 7,
                  "Filter": "(person_id > 1746686)",
                  "Rows Removed by Filter": 2520350
                }
              ]
            }
          ]
        }
      ]
    },
    "Planning Time": 0.1,
    "Triggers": [],
    "Execution Time": 858.675
  }
]