[
  {
    "Plan": {
      "Node Type": "Aggregate",
      "Strategy": "Plain",
      "Partial Mode": "Finalize",
      "Parallel Aware": false,
      "Startup Cost": 289715.81,
      "Total Cost": 289715.82,
      "Plan Rows": 1,
      "Plan Width": 8,
      "Actual Startup Time": 1011.951,
      "Actual Total Time": 1069.684,
      "Actual Rows": 1,
      "Actual Loops": 1,
      "Plans": [
        {
          "Node Type": "Gather",
          "Parent Relationship": "Outer",
          "Parallel Aware": false,
          "Startup Cost": 289715.29,
          "Total Cost": 289715.8,
          "Plan Rows": 5,
          "Plan Width": 8,
          "Actual Startup Time": 1002.828,
          "Actual Total Time": 1069.674,
          "Actual Rows": 6,
          "Actual Loops": 1,
          "Workers Planned": 5,
          "Workers Launched": 5,
          "Single Copy": false,
          "Plans": [
            {
              "Node Type": "Aggregate",
              "Strategy": "Plain",
              "Partial Mode": "Partial",
              "Parent Relationship": "Outer",
              "Parallel Aware": false,
              "Startup Cost": 288715.29,
              "Total Cost": 288715.3,
              "Plan Rows": 1,
              "Plan Width": 8,
              "Actual Startup Time": 993.892,
              "Actual Total Time": 993.993,
              "Actual Rows": 1,
              "Actual Loops": 6,
              "Plans": [
                {
                  "Node Type": "Hash Join",
                  "Parent Relationship": "Outer",
                  "Parallel Aware": true,
                  "Join Type": "Inner",
                  "Startup Cost": 81559.88,
                  "Total Cost": 286822.26,
                  "Plan Rows": 757211,
                  "Plan Width": 0,
                  "Actual Startup Time": 301.139,
                  "Actual Total Time": 977.04,
                  "Actual Rows": 336659,
                  "Actual Loops": 6,
                  "Inner Unique": false,
                  "Hash Cond": "(mi.movie_id = t.id)",
                  "Plans": [
                    {
                      "Node Type": "Seq Scan",
                      "Parent Relationship": "Outer",
                      "Parallel Aware": true,
                      "Relation Name": "movie_info",
                      "Alias": "mi",
                      "Startup Cost": 0.0,
                      "Total Cost": 191685.19,
                      "Plan Rows": 2969219,
                      "Plan Width": 4,
                      "Actual Startup Time": 0.038,
                      "Actual Total Time": 326.596,
                      "Actual Rows": 2472620,
                      "Actual Loops": 6
                    },
                    {
                      "Node Type": "Hash",
                      "Parent Relationship": "Inner",
                      "Parallel Aware": true,
                      "Startup Cost": 78959.88,
                      "Total Cost": 78959.88,
                      "Plan Rows": 208000,
                      "Plan Width": 8,
                      "Actual Startup Time": 298.229,
                      "Actual Total Time": 298.328,
                      "Actual Rows": 39083,
                      "Actual Loops": 6,
                      "Hash Buckets": 1048576,
                      "Original Hash Buckets": 1048576,
                      "Hash Batches": 1,
                      "Original Hash Batches": 1,
                      "Peak Memory Usage": 17472,
                      "Plans": [
                        {
                          "Node Type": "Hash Join",
                          "Parent Relationship": "Outer",
                          "Parallel Aware": true,
                          "Join Type": "Inner",
                          "Startup Cost": 47744.07,
                          "Total Cost": 78959.88,
                          "Plan Rows": 208000,
                          "Plan Width": 8,
                          "Actual Startup Time": 142.279,
                          "Actual Total Time": 280.708,
                          "Actual Rows": 39083,
                          "Actual Loops": 6,
                          "Inner Unique": true,
                          "Hash Cond": "(mc.movie_id = t.id)",
                          "Plans": [
                            {
                              "Node Type": "Seq Scan",
                              "Parent Relationship": "Outer",
                              "Parallel Aware": true,
                              "Relation Name": "movie_companies",
                              "Alias": "mc",
                              "Startup Cost": 0.0,
                              "Total Cost": 29310.68,
                              "Plan Rows": 725760,
                              "Plan Width": 4,
                              "Actual Startup Time": 0.043,
                              "Actual Total Time": 61.633,
                              "Actual Rows": 375699,
                              "Actual Loops": 6,
                              "Filter": "(company_id > 171)",
                              "Rows Removed by Filter": 59156
                            },
                            {
                              "Node Type": "Hash",
                              "Parent Relationship": "Inner",
                              "Parallel Aware": true,
                              "Startup Cost": 45479.59,
                              "Total Cost": 45479.59,
                              "Plan Rows": 181159,
                              "Plan Width": 4,
                              "Actual Startup Time": 140.889,
                              "Actual Total Time": 140.891,
                              "Actual Rows": 106405,
                              "Actual Loops": 6,
                              "Hash Buckets": 1048576,
                              "Original Hash Buckets": 1048576,
                              "Hash Batches": 1,
                              "Original Hash Batches": 1,
                              "Peak Memory Usage": 33280,
                              "Plans": [
                                {
                                  "Node Type": "Seq Scan",
                                  "Parent Relationship": "Outer",
                                  "Parallel Aware": true,
                                  "Relation Name": "title",
                                  "Alias": "t",
                                  "Startup Cost": 0.0,
                                  "Total Cost": 45479.59,
                                  "Plan Rows": 181159,
                                  "Plan Width": 4,
                                  "Actual Startup Time": 0.038,
                                  "Actual Total Time": 90.897,
                                  "Actual Rows": 106405,
                                  "Actual Loops": 6,
                                  "Filter": "((production_year < 2003) AND (kind_id = 7))",
                                  "Rows Removed by Filter": 314980
                                }
                              ]
                            }
                          ]
                        }
                      ]
                    }
                  ]
                }
              ]
            }
          ]
        }
      ]
    },
    "Planning Time": 0.843,
    "Triggers": [],
    "Execution Time": 1069.744
  }
]