[
  {
    "Plan": {
      "Node Type": "Aggregate",
      "Strategy": "Plain",
      "Partial Mode": "Finalize",
      "Parallel Aware": false,
      "Startup Cost": 79389.42,
      "Total Cost": 79389.43,
      "Plan Rows": 1,
      "Plan Width": 8,
      "Actual Startup Time": 348.369,
      "Actual Total Time": 358.509,
      "Actual Rows": 1,
      "Actual Loops": 1,
      "Plans": [
        {
          "Node Type": "Gather",
          "Parent Relationship": "Outer",
          "Parallel Aware": false,
          "Startup Cost": 79389.1,
          "Total Cost": 79389.41,
          "Plan Rows": 3,
          "Plan Width": 8,
          "Actual Startup Time": 343.193,
          "Actual Total Time": 358.501,
          "Actual Rows": 4,
          "Actual Loops": 1,
          "Workers Planned": 3,
          "Workers Launched": 3,
          "Single Copy": false,
          "Plans": [
            {
              "Node Type": "Aggregate",
              "Strategy": "Plain",
              "Partial Mode": "Partial",
              "Parent Relationship": "Outer",
              "Parallel Aware": false,
              "Startup Cost": 78389.1,
              "Total Cost": 78389.11,
              "Plan Rows": 1,
              "Plan Width": 8,
              "Actual Startup Time": 336.027,
              "Actual Total Time": 336.03,
              "Actual Rows": 1,
              "Actual Loops": 4,
              "Plans": [
                {
                  "Node Type": "Hash Join",
                  "Parent Relationship": "Outer",
                  "Parallel Aware": true,
                  "Join Type": "Inner",
                  "Startup Cost": 57609.88,
                  "Total Cost": 78172.6,
                  "Plan Rows": 86603,
                  "Plan Width": 0,
                  "Actual Startup Time": 283.023,
                  "Actual Total Time": 334.913,
                  "Actual Rows": 18972,
                  "Actual Loops": 4,
                  "Inner Unique": true,
                  "Hash Cond": "(mc.movie_id = t.id)",
                  "Plans": [
                    {
                      "Node Type": "Bitmap Heap Scan",
                      "Parent Relationship": "Outer",
                      "Parallel Aware": true,
                      "Relation Name": "movie_companies",
                      "Alias": "mc",
                      "Startup Cost": 7872.27,
                      "Total Cost": 28127.32,
                      "Plan Rows": 117205,
                      "Plan Width": 4,
                      "Actual Startup Time": 18.31,
                      "Actual Total Time": 34.943,
                      "Actual Rows": 90400,
                      "Actual Loops": 4,
                      "Recheck Cond": "(company_id > 86761)",
                      "Rows Removed by Index Recheck": 0,
                      "Exact Heap Blocks": 1624,
                      "Lossy Heap Blocks": 0,
                      "Plans": [
                        {
                          "Node Type": "Bitmap Index Scan",
                          "Parent Relationship": "Outer",
                          "Parallel Aware": false,
                          "Index Name": "company_id_movie_companies",
                          "Startup Cost": 0.0,
                          "Total Cost": 7781.44,
                          "Plan Rows": 363334,
                          "Plan Width": 0,
                          "Actual Startup Time": 17.548,
                          "Actual Total Time": 17.548,
                          "Actual Rows": 361602,
                          "Actual Loops": 1,
                          "Index Cond": "(company_id > 86761)"
                        }
                      ]
                    },
                    {
                      "Node Type": "Hash",
                      "Parent Relationship": "Inner",
                      "Parallel Aware": true,
                      "Startup Cost": 43899.32,
                      "Total Cost": 43899.32,
                      "Plan Rows": 467063,
                      "Plan Width": 4,
                      "Actual Startup Time": 259.735,
                      "Actual Total Time": 259.736,
                      "Actual Rows": 466372,
                      "Actual Loops": 4,
                      "Hash Buckets": 2097152,
                      "Original Hash Buckets": 2097152,
                      "Hash Batches": 1,
                      "Original Hash Batches": 1,
                      "Peak Memory Usage": 89440,
                      "Plans": [
                        {
                          "Node Type": "Seq Scan",
                          "Parent Relationship": "Outer",
                          "Parallel Aware": true,
                          "Relation Name": "title",
                          "Alias": "t",
                          "Startup Cost": 0.0,
                          "Total Cost": 43899.32,
                          "Plan Rows": 467063,
                          "Plan Width": 4,
                          "Actual Startup Time": 0.024,
                          "Actual Total Time": 109.32,
                          "Actual Rows": 466372,
                          "Actual Loops": 4,
                          "Filter": "(kind_id > 1)",
                          "Rows Removed by Filter": 165706
                        }
                      ]
                    }
                  ]
                }
              ]
            }
          ]
        }
      ]
    },
    "Planning Time": 0.249,
    "Triggers": [],
    "Execution Time": 358.554
  }
]