[
  {
    "Plan": {
      "Node Type": "Aggregate",
      "Strategy": "Plain",
      "Partial Mode": "Finalize",
      "Parallel Aware": false,
      "Startup Cost": 77115.19,
      "Total Cost": 77115.2,
      "Plan Rows": 1,
      "Plan Width": 8,
      "Actual Startup Time": 257.32,
      "Actual Total Time": 270.534,
      "Actual Rows": 1,
      "Actual Loops": 1,
      "Plans": [
        {
          "Node Type": "Gather",
          "Parent Relationship": "Outer",
          "Parallel Aware": false,
          "Startup Cost": 77114.77,
          "Total Cost": 77115.18,
          "Plan Rows": 4,
          "Plan Width": 8,
          "Actual Startup Time": 254.395,
          "Actual Total Time": 270.523,
          "Actual Rows": 5,
          "Actual Loops": 1,
          "Workers Planned": 4,
          "Workers Launched": 4,
          "Single Copy": false,
          "Plans": [
            {
              "Node Type": "Aggregate",
              "Strategy": "Plain",
              "Partial Mode": "Partial",
              "Parent Relationship": "Outer",
              "Parallel Aware": false,
              "Startup Cost": 76114.77,
              "Total Cost": 76114.78,
              "Plan Rows": 1,
              "Plan Width": 8,
              "Actual Startup Time": 244.447,
              "Actual Total Time": 244.451,
              "Actual Rows": 1,
              "Actual Loops": 5,
              "Plans": [
                {
                  "Node Type": "Hash Join",
                  "Parent Relationship": "Outer",
                  "Parallel Aware": true,
                  "Join Type": "Inner",
                  "Startup Cost": 29504.13,
                  "Total Cost": 75948.67,
                  "Plan Rows": 66442,
                  "Plan Width": 0,
                  "Actual Startup Time": 110.862,
                  "Actual Total Time": 243.635,
                  "Actual Rows": 15177,
                  "Actual Loops": 5,
                  "Inner Unique": false,
                  "Hash Cond": "(t.id = mc.movie_id)",
                  "Plans": [
                    {
                      "Node Type": "Seq Scan",
                      "Parent Relationship": "Outer",
                      "Parallel Aware": true,
                      "Relation Name": "title",
                      "Alias": "t",
                      "Startup Cost": 0.0,
                      "Total Cost": 43898.92,
                      "Plan Rows": 466259,
                      "Plan Width": 4,
                      "Actual Startup Time": 0.013,
                      "Actual Total Time": 77.802,
                      "Actual Rows": 373097,
                      "Actual Loops": 5,
                      "Filter": "(kind_id > 1)",
                      "Rows Removed by Filter": 132565
                    },
                    {
                      "Node Type": "Hash",
                      "Parent Relationship": "Inner",
                      "Parallel Aware": true,
                      "Startup Cost": 28051.38,
                      "Total Cost": 28051.38,
                      "Plan Rows": 116220,
                      "Plan Width": 4,
                      "Actual Startup Time": 93.288,
                      "Actual Total Time": 93.29,
                      "Actual Rows": 72320,
                      "Actual Loops": 5,
                      "Hash Buckets": 524288,
                      "Original Hash Buckets": 524288,
                      "Hash Batches": 1,
                      "Original Hash Batches": 1,
                      "Peak Memory Usage": 18336,
                      "Plans": [
                        {
                          "Node Type": "Bitmap Heap Scan",
                          "Parent Relationship": "Outer",
                          "Parallel Aware": true,
                          "Relation Name": "movie_companies",
                          "Alias": "mc",
                          "Startup Cost": 7808.62,
                          "Total Cost": 28051.38,
                          "Plan Rows": 116220,
                          "Plan Width": 4,
                          "Actual Startup Time": 31.415,
                          "Actual Total Time": 62.165,
                          "Actual Rows": 72320,
                          "Actual Loops": 5,
                          "Recheck Cond": "(company_id > 86761)",
                          "Rows Removed by Index Recheck": 0,
                          "Exact Heap Blocks": 2195,
                          "Lossy Heap Blocks": 0,
                          "Plans": [
                            {
                              "Node Type": "Bitmap Index Scan",
                              "Parent Relationship": "Outer",
                              "Parallel Aware": false,
                              "Index Name": "company_id_movie_companies",
                              "Startup Cost": 0.0,
                              "Total Cost": 7718.55,
                              "Plan Rows": 360283,
                              "Plan Width": 0,
                              "Actual Startup Time": 30.68,
                              "Actual Total Time": 30.681,
                              "Actual Rows": 361602,
                              "Actual Loops": 1,
                              "Index Cond": "(company_id > 86761)"
                            }
                          ]
                        }
                      ]
                    }
                  ]
                }
              ]
            }
          ]
        }
      ]
    },
    "Planning Time": 0.591,
    "Triggers": [],
    "Execution Time": 270.628
  }
]