[
  {
    "Plan": {
      "Node Type": "Aggregate",
      "Strategy": "Plain",
      "Partial Mode": "Finalize",
      "Parallel Aware": false,
      "Startup Cost": 352645.79,
      "Total Cost": 352645.8,
      "Plan Rows": 1,
      "Plan Width": 8,
      "Actual Startup Time": 916.943,
      "Actual Total Time": 964.754,
      "Actual Rows": 1,
      "Actual Loops": 1,
      "Plans": [
        {
          "Node Type": "Gather",
          "Parent Relationship": "Outer",
          "Parallel Aware": false,
          "Startup Cost": 352645.16,
          "Total Cost": 352645.77,
          "Plan Rows": 6,
          "Plan Width": 8,
          "Actual Startup Time": 916.722,
          "Actual Total Time": 964.741,
          "Actual Rows": 7,
          "Actual Loops": 1,
          "Workers Planned": 6,
          "Workers Launched": 6,
          "Single Copy": false,
          "Plans": [
            {
              "Node Type": "Aggregate",
              "Strategy": "Plain",
              "Partial Mode": "Partial",
              "Parent Relationship": "Outer",
              "Parallel Aware": false,
              "Startup Cost": 351645.16,
              "Total Cost": 351645.17,
              "Plan Rows": 1,
              "Plan Width": 8,
              "Actual Startup Time": 906.009,
              "Actual Total Time": 906.011,
              "Actual Rows": 1,
              "Actual Loops": 7,
              "Plans": [
                {
                  "Node Type": "Seq Scan",
                  "Parent Relationship": "Outer",
                  "Parallel Aware": true,
                  "Relation Name": "cast_info",
                  "Alias": "ci",
                  "Startup Cost": 0.0,
                  "Total Cost": 343316.27,
                  "Plan Rows": 3331556,
                  "Plan Width": 0,
                  "Actual Startup Time": 189.185,
                  "Actual Total Time": 759.29,
                  "Actual Rows": 2677229,
                  "Actual Loops": 7,
                  "Filter": "((person_id > 1325281) AND (role_id < 10))",
                  "Rows Removed by Filter": 2500535
                }
              ]
            }
          ]
        }
      ]
    },
    "Planning Time": 0.227,
    "Triggers": [],
    "Execution Time": 964.823
  }
]