{
  "Plan": {
    "Node Type": "Aggregate",
    "Strategy": "Plain",
    "Partial Mode": "Finalize",
    "Parallel Aware": false,
    "Startup Cost": 101244.23,
    "Total Cost": 101244.24,
    "Plan Rows": 1,
    "Plan Width": 8,
    "Actual Startup Time": 417.843,
    "Actual Total Time": 434.477,
    "Actual Rows": 1,
    "Actual Loops": 1,
    "Plans": [
      {
        "Node Type": "Gather",
        "Parent Relationship": "Outer",
        "Parallel Aware": false,
        "Startup Cost": 101244.12,
        "Total Cost": 101244.23,
        "Plan Rows": 1,
        "Plan Width": 8,
        "Actual Startup Time": 416.769,
        "Actual Total Time": 434.467,
        "Actual Rows": 2,
        "Actual Loops": 1,
        "Workers Planned": 1,
        "Workers Launched": 1,
        "Single Copy": false,
        "Plans": [
          {
            "Node Type": "Aggregate",
            "Strategy": "Plain",
            "Partial Mode": "Partial",
            "Parent Relationship": "Outer",
            "Parallel Aware": false,
            "Startup Cost": 100244.12,
            "Total Cost": 100244.13,
            "Plan Rows": 1,
            "Plan Width": 8,
            "Actual Startup Time": 411.038,
            "Actual Total Time": 411.041,
            "Actual Rows": 1,
            "Actual Loops": 2,
            "Plans": [
              {
                "Node Type": "Hash Join",
                "Parent Relationship": "Outer",
                "Parallel Aware": true,
                "Join Type": "Inner",
                "Startup Cost": 56672.55,
                "Total Cost": 100074.34,
                "Plan Rows": 67909,
                "Plan Width": 0,
                "Actual Startup Time": 238.596,
                "Actual Total Time": 405.433,
                "Actual Rows": 120354,
                "Actual Loops": 2,
                "Inner Unique": true,
                "Hash Cond": "(mc.movie_id = t.id)",
                "Plans": [
                  {
                    "Node Type": "Seq Scan",
                    "Parent Relationship": "Outer",
                    "Parallel Aware": true,
                    "Relation Name": "movie_companies",
                    "Alias": "mc",
                    "Startup Cost": 0.0,
                    "Total Cost": 41811.73,
                    "Plan Rows": 605739,
                    "Plan Width": 4,
                    "Actual Startup Time": 50.125,
                    "Actual Total Time": 122.981,
                    "Actual Rows": 588547,
                    "Actual Loops": 2,
                    "Filter": "((company_id > 624) AND (company_type_id > 1))",
                    "Rows Removed by Filter": 716018
                  },
                  {
                    "Node Type": "Hash",
                    "Parent Relationship": "Inner",
                    "Parallel Aware": true,
                    "Startup Cost": 54588.39,
                    "Total Cost": 54588.39,
                    "Plan Rows": 166733,
                    "Plan Width": 4,
                    "Actual Startup Time": 182.181,
                    "Actual Total Time": 182.181,
                    "Actual Rows": 148236,
                    "Actual Loops": 2,
                    "Hash Buckets": 524288,
                    "Original Hash Buckets": 524288,
                    "Hash Batches": 1,
                    "Original Hash Batches": 1,
                    "Peak Memory Usage": 15712,
                    "Plans": [
                      {
                        "Node Type": "Seq Scan",
                        "Parent Relationship": "Outer",
                        "Parallel Aware": true,
                        "Relation Name": "title",
                        "Alias": "t",
                        "Startup Cost": 0.0,
                        "Total Cost": 54588.39,
                        "Plan Rows": 166733,
                        "Plan Width": 4,
                        "Actual Startup Time": 0.045,
                        "Actual Total Time": 143.26,
                        "Actual Rows": 148236,
                        "Actual Loops": 2,
                        "Filter": "(production_year < 1965)",
                        "Rows Removed by Filter": 1115920
                      }
                    ]
                  }
                ]
              }
            ]
          }
        ]
      }
    ]
  },
  "Planning Time": 0.501,
  "Triggers": [],
  "Execution Time": 434.552
}