[
  {
    "Plan": {
      "Node Type": "Aggregate",
      "Strategy": "Plain",
      "Partial Mode": "Finalize",
      "Parallel Aware": false,
      "Startup Cost": 31919.64,
      "Total Cost": 31919.65,
      "Plan Rows": 1,
      "Plan Width": 8,
      "Actual Startup Time": 125.142,
      "Actual Total Time": 133.501,
      "Actual Rows": 1,
      "Actual Loops": 1,
      "Plans": [
        {
          "Node Type": "Gather",
          "Parent Relationship": "Outer",
          "Parallel Aware": false,
          "Startup Cost": 31919.32,
          "Total Cost": 31919.63,
          "Plan Rows": 3,
          "Plan Width": 8,
          "Actual Startup Time": 125.028,
          "Actual Total Time": 133.492,
          "Actual Rows": 4,
          "Actual Loops": 1,
          "Workers Planned": 3,
          "Workers Launched": 3,
          "Single Copy": false,
          "Plans": [
            {
              "Node Type": "Aggregate",
              "Strategy": "Plain",
              "Partial Mode": "Partial",
              "Parent Relationship": "Outer",
              "Parallel Aware": false,
              "Startup Cost": 30919.32,
              "Total Cost": 30919.33,
              "Plan Rows": 1,
              "Plan Width": 8,
              "Actual Startup Time": 116.511,
              "Actual Total Time": 116.512,
              "Actual Rows": 1,
              "Actual Loops": 4,
              "Plans": [
                {
                  "Node Type": "Seq Scan",
                  "Parent Relationship": "Outer",
                  "Parallel Aware": true,
                  "Relation Name": "movie_companies",
                  "Alias": "mc",
                  "Startup Cost": 0.0,
                  "Total Cost": 29310.68,
                  "Plan Rows": 643456,
                  "Plan Width": 0,
                  "Actual Startup Time": 0.059,
                  "Actual Total Time": 89.273,
                  "Actual Rows": 495446,
                  "Actual Loops": 4,
                  "Filter": "(company_id < 60423)",
                  "Rows Removed by Filter": 156836
                }
              ]
            }
          ]
        }
      ]
    },
    "Planning Time": 0.164,
    "Triggers": [],
    "Execution Time": 133.56
  }
]