[
  {
    "Plan": {
      "Node Type": "Aggregate",
      "Strategy": "Plain",
      "Partial Mode": "Finalize",
      "Parallel Aware": false,
      "Startup Cost": 287450.74,
      "Total Cost": 287450.75,
      "Plan Rows": 1,
      "Plan Width": 8,
      "Actual Startup Time": 939.449,
      "Actual Total Time": 988.059,
      "Actual Rows": 1,
      "Actual Loops": 1,
      "Plans": [
        {
          "Node Type": "Gather",
          "Parent Relationship": "Outer",
          "Parallel Aware": false,
          "Startup Cost": 287450.22,
          "Total Cost": 287450.73,
          "Plan Rows": 5,
          "Plan Width": 8,
          "Actual Startup Time": 932.601,
          "Actual Total Time": 988.048,
          "Actual Rows": 6,
          "Actual Loops": 1,
          "Workers Planned": 5,
          "Workers Launched": 5,
          "Single Copy": false,
          "Plans": [
            {
              "Node Type": "Aggregate",
              "Strategy": "Plain",
              "Partial Mode": "Partial",
              "Parent Relationship": "Outer",
              "Parallel Aware": false,
              "Startup Cost": 286450.22,
              "Total Cost": 286450.23,
              "Plan Rows": 1,
              "Plan Width": 8,
              "Actual Startup Time": 922.402,
              "Actual Total Time": 922.614,
              "Actual Rows": 1,
              "Actual Loops": 6,
              "Plans": [
                {
                  "Node Type": "Hash Join",
                  "Parent Relationship": "Outer",
                  "Parallel Aware": true,
                  "Join Type": "Inner",
                  "Startup Cost": 81007.96,
                  "Total Cost": 285230.22,
                  "Plan Rows": 487999,
                  "Plan Width": 0,
                  "Actual Startup Time": 299.203,
                  "Actual Total Time": 903.666,
                  "Actual Rows": 476153,
                  "Actual Loops": 6,
                  "Inner Unique": false,
                  "Hash Cond": "(mi.movie_id = t.id)",
                  "Plans": [
                    {
                      "Node Type": "Seq Scan",
                      "Parent Relationship": "Outer",
                      "Parallel Aware": true,
                      "Relation Name": "movie_info",
                      "Alias": "mi",
                      "Startup Cost": 0.0,
                      "Total Cost": 191560.33,
                      "Plan Rows": 2956733,
                      "Plan Width": 4,
                      "Actual Startup Time": 0.014,
                      "Actual Total Time": 280.918,
                      "Actual Rows": 2472620,
                      "Actual Loops": 6
                    },
                    {
                      "Node Type": "Hash",
                      "Parent Relationship": "Inner",
                      "Parallel Aware": true,
                      "Startup Cost": 79325.36,
                      "Total Cost": 79325.36,
                      "Plan Rows": 134608,
                      "Plan Width": 8,
                      "Actual Startup Time": 295.887,
                      "Actual Total Time": 296.097,
                      "Actual Rows": 49866,
                      "Actual Loops": 6,
                      "Hash Buckets": 524288,
                      "Original Hash Buckets": 524288,
                      "Hash Batches": 1,
                      "Original Hash Batches": 1,
                      "Peak Memory Usage": 15872,
                      "Plans": [
                        {
                          "Node Type": "Hash Join",
                          "Parent Relationship": "Outer",
                          "Parallel Aware": true,
                          "Join Type": "Inner",
                          "Startup Cost": 49280.22,
                          "Total Cost": 79325.36,
                          "Plan Rows": 134608,
                          "Plan Width": 8,
                          "Actual Startup Time": 187.433,
                          "Actual Total Time": 277.719,
                          "Actual Rows": 49866,
                          "Actual Loops": 6,
                          "Inner Unique": true,
                          "Hash Cond": "(mc.movie_id = t.id)",
                          "Plans": [
                            {
                              "Node Type": "Seq Scan",
                              "Parent Relationship": "Outer",
                              "Parallel Aware": true,
                              "Relation Name": "movie_companies",
                              "Alias": "mc",
                              "Startup Cost": 0.0,
                              "Total Cost": 29310.68,
                              "Plan Rows": 279793,
                              "Plan Width": 4,
                              "Actual Startup Time": 0.023,
                              "Actual Total Time": 44.772,
                              "Actual Rows": 143686,
                              "Actual Loops": 6,
                              "Filter": "(company_id < 2528)",
                              "Rows Removed by Filter": 291168
                            },
                            {
                              "Node Type": "Hash",
                              "Parent Relationship": "Inner",
                              "Parallel Aware": true,
                              "Startup Cost": 45479.1,
                              "Total Cost": 45479.1,
                              "Plan Rows": 304090,
                              "Plan Width": 4,
                              "Actual Startup Time": 183.796,
                              "Actual Total Time": 183.797,
                              "Actual Rows": 216850,
                              "Actual Loops": 6,
                              "Hash Buckets": 2097152,
                              "Original Hash Buckets": 2097152,
                              "Hash Batches": 1,
                              "Original Hash Batches": 1,
                              "Peak Memory Usage": 67392,
                              "Plans": [
                                {
                                  "Node Type": "Seq Scan",
                                  "Parent Relationship": "Outer",
                                  "Parallel Aware": true,
                                  "Relation Name": "title",
                                  "Alias": "t",
                                  "Startup Cost": 0.0,
                                  "Total Cost": 45479.1,
                                  "Plan Rows": 304090,
                                  "Plan Width": 4,
                                  "Actual Startup Time": 0.046,
                                  "Actual Total Time": 83.021,
                                  "Actual Rows": 216850,
                                  "Actual Loops": 6,
                                  "Filter": "((production_year > 1976) AND (kind_id = 7))",
                                  "Rows Removed by Filter": 204535
                                }
                              ]
                            }
                          ]
                        }
                      ]
                    }
                  ]
                }
              ]
            }
          ]
        }
      ]
    },
    "Planning Time": 1.501,
    "Triggers": [],
    "Execution Time": 988.157
  }
]