{
    "Plan": {
        "Node Type": "Aggregate",
        "Strategy": "Plain",
        "Partial Mode": "Finalize",
        "Parallel Aware": false,
        "Startup Cost": 64402.79,
        "Total Cost": 64402.8,
        "Plan Rows": 1,
        "Plan Width": 8,
        "Actual Startup Time": 501.18,
        "Actual Total Time": 512.4,
        "Actual Rows": 1,
        "Actual Loops": 1,
        "Output": [
            "count(*)"
        ],
        "Plans": [
            {
                "Node Type": "Gather",
                "Parent Relationship": "Outer",
                "Parallel Aware": false,
                "Startup Cost": 64402.37,
                "Total Cost": 64402.78,
                "Plan Rows": 4,
                "Plan Width": 8,
                "Actual Startup Time": 500.86,
                "Actual Total Time": 512.392,
                "Actual Rows": 5,
                "Actual Loops": 1,
                "Output": [
                    "(PARTIAL count(*))"
                ],
                "Workers Planned": 4,
                "Workers Launched": 4,
                "Single Copy": false,
                "Plans": [
                    {
                        "Node Type": "Aggregate",
                        "Strategy": "Plain",
                        "Partial Mode": "Partial",
                        "Parent Relationship": "Outer",
                        "Parallel Aware": false,
                        "Startup Cost": 63402.37,
                        "Total Cost": 63402.38,
                        "Plan Rows": 1,
                        "Plan Width": 8,
                        "Actual Startup Time": 490.854,
                        "Actual Total Time": 490.856,
                        "Actual Rows": 1,
                        "Actual Loops": 5,
                        "Output": [
                            "PARTIAL count(*)"
                        ],
                        "Workers": [
                            {
                                "Worker Number": 0,
                                "Actual Startup Time": 488.393,
                                "Actual Total Time": 488.395,
                                "Actual Rows": 1,
                                "Actual Loops": 1
                            },
                            {
                                "Worker Number": 1,
                                "Actual Startup Time": 488.397,
                                "Actual Total Time": 488.399,
                                "Actual Rows": 1,
                                "Actual Loops": 1
                            },
                            {
                                "Worker Number": 2,
                                "Actual Startup Time": 488.216,
                                "Actual Total Time": 488.218,
                                "Actual Rows": 1,
                                "Actual Loops": 1
                            },
                            {
                                "Worker Number": 3,
                                "Actual Startup Time": 489.212,
                                "Actual Total Time": 489.214,
                                "Actual Rows": 1,
                                "Actual Loops": 1
                            }
                        ],
                        "Plans": [
                            {
                                "Node Type": "Nested Loop",
                                "Parent Relationship": "Outer",
                                "Parallel Aware": false,
                                "Join Type": "Inner",
                                "Startup Cost": 0.43,
                                "Total Cost": 63396.85,
                                "Plan Rows": 2210,
                                "Plan Width": 0,
                                "Actual Startup Time": 27.9,
                                "Actual Total Time": 490.702,
                                "Actual Rows": 408,
                                "Actual Loops": 5,
                                "Inner Unique": false,
                                "Workers": [
                                    {
                                        "Worker Number": 0,
                                        "Actual Startup Time": 10.066,
                                        "Actual Total Time": 488.197,
                                        "Actual Rows": 535,
                                        "Actual Loops": 1
                                    },
                                    {
                                        "Worker Number": 1,
                                        "Actual Startup Time": 19.362,
                                        "Actual Total Time": 488.281,
                                        "Actual Rows": 280,
                                        "Actual Loops": 1
                                    },
                                    {
                                        "Worker Number": 2,
                                        "Actual Startup Time": 46.421,
                                        "Actual Total Time": 488.087,
                                        "Actual Rows": 389,
                                        "Actual Loops": 1
                                    },
                                    {
                                        "Worker Number": 3,
                                        "Actual Startup Time": 36.297,
                                        "Actual Total Time": 489.096,
                                        "Actual Rows": 294,
                                        "Actual Loops": 1
                                    }
                                ],
                                "Plans": [
                                    {
                                        "Node Type": "Seq Scan",
                                        "Parent Relationship": "Outer",
                                        "Parallel Aware": true,
                                        "Relation Name": "title",
                                        "Schema": "public",
                                        "Alias": "t",
                                        "Startup Cost": 0.0,
                                        "Total Cost": 45479.21,
                                        "Plan Rows": 2146,
                                        "Plan Width": 4,
                                        "Actual Startup Time": 0.331,
                                        "Actual Total Time": 162.657,
                                        "Actual Rows": 1572,
                                        "Actual Loops": 5,
                                        "Output": [
                                            "t.id",
                                            "t.title",
                                            "t.imdb_index",
                                            "t.kind_id",
                                            "t.production_year",
                                            "t.imdb_id",
                                            "t.phonetic_code",
                                            "t.episode_of_id",
                                            "t.season_nr",
                                            "t.episode_nr",
                                            "t.series_years",
                                            "t.md5sum"
                                        ],
                                        "Filter": "((t.kind_id = 7) AND (t.production_year = 1975))",
                                        "Rows Removed by Filter": 504091,
                                        "Workers": [
                                            {
                                                "Worker Number": 0,
                                                "Actual Startup Time": 0.196,
                                                "Actual Total Time": 174.178,
                                                "Actual Rows": 1721,
                                                "Actual Loops": 1
                                            },
                                            {
                                                "Worker Number": 1,
                                                "Actual Startup Time": 0.43,
                                                "Actual Total Time": 166.761,
                                                "Actual Rows": 1359,
                                                "Actual Loops": 1
                                            },
                                            {
                                                "Worker Number": 2,
                                                "Actual Startup Time": 0.545,
                                                "Actual Total Time": 173.391,
                                                "Actual Rows": 1577,
                                                "Actual Loops": 1
                                            },
                                            {
                                                "Worker Number": 3,
                                                "Actual Startup Time": 0.285,
                                                "Actual Total Time": 149.556,
                                                "Actual Rows": 1206,
                                                "Actual Loops": 1
                                            }
                                        ]
                                    },
                                    {
                                        "Node Type": "Index Scan",
                                        "Parent Relationship": "Inner",
                                        "Parallel Aware": false,
                                        "Scan Direction": "Forward",
                                        "Index Name": "movie_id_movie_keyword",
                                        "Relation Name": "movie_keyword",
                                        "Schema": "public",
                                        "Alias": "mk",
                                        "Startup Cost": 0.43,
                                        "Total Cost": 8.09,
                                        "Plan Rows": 26,
                                        "Plan Width": 4,
                                        "Actual Startup Time": 0.207,
                                        "Actual Total Time": 0.207,
                                        "Actual Rows": 0,
                                        "Actual Loops": 7858,
                                        "Output": [
                                            "mk.id",
                                            "mk.movie_id",
                                            "mk.keyword_id"
                                        ],
                                        "Index Cond": "(mk.movie_id = t.id)",
                                        "Rows Removed by Index Recheck": 0,
                                        "Filter": "(mk.keyword_id < 7088)",
                                        "Rows Removed by Filter": 0,
                                        "Workers": [
                                            {
                                                "Worker Number": 0,
                                                "Actual Startup Time": 0.18,
                                                "Actual Total Time": 0.181,
                                                "Actual Rows": 0,
                                                "Actual Loops": 1721
                                            },
                                            {
                                                "Worker Number": 1,
                                                "Actual Startup Time": 0.234,
                                                "Actual Total Time": 0.235,
                                                "Actual Rows": 0,
                                                "Actual Loops": 1359
                                            },
                                            {
                                                "Worker Number": 2,
                                                "Actual Startup Time": 0.197,
                                                "Actual Total Time": 0.198,
                                                "Actual Rows": 0,
                                                "Actual Loops": 1577
                                            },
                                            {
                                                "Worker Number": 3,
                                                "Actual Startup Time": 0.279,
                                                "Actual Total Time": 0.28,
                                                "Actual Rows": 0,
                                                "Actual Loops": 1206
                                            }
                                        ]
                                    }
                                ]
                            }
                        ]
                    }
                ]
            }
        ]
    },
    "Planning Time": 0.716,
    "Triggers": [],
    "Execution Time": 512.471
}