[
  {
    "Plan": {
      "Node Type": "Aggregate",
      "Strategy": "Plain",
      "Partial Mode": "Finalize",
      "Parallel Aware": false,
      "Startup Cost": 46968.09,
      "Total Cost": 46968.1,
      "Plan Rows": 1,
      "Plan Width": 8,
      "Actual Startup Time": 228.066,
      "Actual Total Time": 241.011,
      "Actual Rows": 1,
      "Actual Loops": 1,
      "Plans": [
        {
          "Node Type": "Gather",
          "Parent Relationship": "Outer",
          "Parallel Aware": false,
          "Startup Cost": 46967.78,
          "Total Cost": 46968.09,
          "Plan Rows": 3,
          "Plan Width": 8,
          "Actual Startup Time": 227.953,
          "Actual Total Time": 241.002,
          "Actual Rows": 4,
          "Actual Loops": 1,
          "Workers Planned": 3,
          "Workers Launched": 3,
          "Single Copy": false,
          "Plans": [
            {
              "Node Type": "Aggregate",
              "Strategy": "Plain",
              "Partial Mode": "Partial",
              "Parent Relationship": "Outer",
              "Parallel Aware": false,
              "Startup Cost": 45967.78,
              "Total Cost": 45967.79,
              "Plan Rows": 1,
              "Plan Width": 8,
              "Actual Startup Time": 219.276,
              "Actual Total Time": 219.278,
              "Actual Rows": 1,
              "Actual Loops": 4,
              "Plans": [
                {
                  "Node Type": "Seq Scan",
                  "Parent Relationship": "Outer",
                  "Parallel Aware": true,
                  "Relation Name": "movie_keyword",
                  "Alias": "mk",
                  "Startup Cost": 0.0,
                  "Total Cost": 42695.65,
                  "Plan Rows": 1308849,
                  "Plan Width": 0,
                  "Actual Startup Time": 0.062,
                  "Actual Total Time": 159.152,
                  "Actual Rows": 1017253,
                  "Actual Loops": 4,
                  "Filter": "(keyword_id < 38940)",
                  "Rows Removed by Filter": 113730
                }
              ]
            }
          ]
        }
      ]
    },
    "Planning Time": 0.16,
    "Triggers": [],
    "Execution Time": 241.064
  }
]