{
  "Plan": {
    "Node Type": "Aggregate",
    "Strategy": "Plain",
    "Partial Mode": "Simple",
    "Parallel Aware": false,
    "Startup Cost": 388556.15,
    "Total Cost": 388556.16,
    "Plan Rows": 1,
    "Plan Width": 128,
    "Actual Startup Time": 1225.022,
    "Actual Total Time": 1269.749,
    "Actual Rows": 1,
    "Actual Loops": 1,
    "Plans": [
      {
        "Node Type": "Nested Loop",
        "Parent Relationship": "Outer",
        "Parallel Aware": false,
        "Join Type": "Inner",
        "Startup Cost": 317188.12,
        "Total Cost": 388556.14,
        "Plan Rows": 1,
        "Plan Width": 81,
        "Actual Startup Time": 1225.011,
        "Actual Total Time": 1269.737,
        "Actual Rows": 0,
        "Actual Loops": 1,
        "Inner Unique": true,
        "Plans": [
          {
            "Node Type": "Nested Loop",
            "Parent Relationship": "Outer",
            "Parallel Aware": false,
            "Join Type": "Inner",
            "Startup Cost": 317187.97,
            "Total Cost": 388555.96,
            "Plan Rows": 1,
            "Plan Width": 85,
            "Actual Startup Time": 1225.01,
            "Actual Total Time": 1269.733,
            "Actual Rows": 0,
            "Actual Loops": 1,
            "Inner Unique": false,
            "Join Filter": "(cc.status_id = cct2.id)",
            "Rows Removed by Join Filter": 0,
            "Plans": [
              {
                "Node Type": "Seq Scan",
                "Parent Relationship": "Outer",
                "Parallel Aware": false,
                "Relation Name": "comp_cast_type",
                "Alias": "cct2",
                "Startup Cost": 0.0,
                "Total Cost": 1.05,
                "Plan Rows": 1,
                "Plan Width": 4,
                "Actual Startup Time": 0.01,
                "Actual Total Time": 0.018,
                "Actual Rows": 1,
                "Actual Loops": 1,
                "Filter": "((kind)::text = 'complete+verified'::text)",
                "Rows Removed by Filter": 3
              },
              {
                "Node Type": "Gather",
                "Parent Relationship": "Inner",
                "Parallel Aware": false,
                "Startup Cost": 317187.97,
                "Total Cost": 388554.9,
                "Plan Rows": 1,
                "Plan Width": 89,
                "Actual Startup Time": 1224.99,
                "Actual Total Time": 1269.71,
                "Actual Rows": 0,
                "Actual Loops": 1,
                "Workers Planned": 4,
                "Workers Launched": 4,
                "Single Copy": false,
                "Plans": [
                  {
                    "Node Type": "Hash Join",
                    "Parent Relationship": "Outer",
                    "Parallel Aware": false,
                    "Join Type": "Inner",
                    "Startup Cost": 316187.97,
                    "Total Cost": 387554.8,
                    "Plan Rows": 1,
                    "Plan Width": 89,
                    "Actual Startup Time": 1156.172,
                    "Actual Total Time": 1156.194,
                    "Actual Rows": 0,
                    "Actual Loops": 5,
                    "Inner Unique": false,
                    "Hash Cond": "(t.id = mi.movie_id)",
                    "Plans": [
                      {
                        "Node Type": "Hash Join",
                        "Parent Relationship": "Outer",
                        "Parallel Aware": true,
                        "Join Type": "Inner",
                        "Startup Cost": 124241.52,
                        "Total Cost": 195607.92,
                        "Plan Rows": 111,
                        "Plan Width": 40,
                        "Actual Startup Time": 226.329,
                        "Actual Total Time": 309.96,
                        "Actual Rows": 1,
                        "Actual Loops": 5,
                        "Inner Unique": false,
                        "Hash Cond": "(n.id = ci.person_id)",
                        "Plans": [
                          {
                            "Node Type": "Seq Scan",
                            "Parent Relationship": "Outer",
                            "Parallel Aware": true,
                            "Relation Name": "name",
                            "Alias": "n",
                            "Startup Cost": 0.0,
                            "Total Cost": 68636.05,
                            "Plan Rows": 436810,
                            "Plan Width": 19,
                            "Actual Startup Time": 0.028,
                            "Actual Total Time": 144.225,
                            "Actual Rows": 347916,
                            "Actual Loops": 5,
                            "Filter": "((gender)::text = 'm'::text)",
                            "Rows Removed by Filter": 485582
                          },
                          {
                            "Node Type": "Hash",
                            "Parent Relationship": "Inner",
                            "Parallel Aware": true,
                            "Startup Cost": 124238.22,
                            "Total Cost": 124238.22,
                            "Plan Rows": 264,
                            "Plan Width": 29,
                            "Actual Startup Time": 141.094,
                            "Actual Total Time": 141.097,
                            "Actual Rows": 4,
                            "Actual Loops": 5,
                            "Hash Buckets": 2048,
                            "Original Hash Buckets": 2048,
                            "Hash Batches": 1,
                            "Original Hash Batches": 1,
                            "Peak Memory Usage": 176,
                            "Plans": [
                              {
                                "Node Type": "Nested Loop",
                                "Parent Relationship": "Outer",
                                "Parallel Aware": false,
                                "Join Type": "Inner",
                                "Startup Cost": 0.56,
                                "Total Cost": 124238.22,
                                "Plan Rows": 264,
                                "Plan Width": 29,
                                "Actual Startup Time": 81.601,
                                "Actual Total Time": 140.987,
                                "Actual Rows": 4,
                                "Actual Loops": 5,
                                "Inner Unique": false,
                                "Plans": [
                                  {
                                    "Node Type": "Seq Scan",
                                    "Parent Relationship": "Outer",
                                    "Parallel Aware": true,
                                    "Relation Name": "title",
                                    "Alias": "t",
                                    "Startup Cost": 0.0,
                                    "Total Cost": 48640.54,
                                    "Plan Rows": 572,
                                    "Plan Width": 21,
                                    "Actual Startup Time": 34.186,
                                    "Actual Total Time": 138.772,
                                    "Actual Rows": 10,
                                    "Actual Loops": 5,
                                    "Filter": "((production_year < 1960) AND ((title ~~ '%Freddy%'::text) OR (title ~~ '%Jason%'::text) OR (title ~~ 'Saw%'::text)))",
                                    "Rows Removed by Filter": 505652
                                  },
                                  {
                                    "Node Type": "Index Scan",
                                    "Parent Relationship": "Inner",
                                    "Parallel Aware": false,
                                    "Scan Direction": "Forward",
                                    "Index Name": "movie_id_cast_info",
                                    "Relation Name": "cast_info",
                                    "Alias": "ci",
                                    "Startup Cost": 0.56,
                                    "Total Cost": 132.15,
                                    "Plan Rows": 1,
                                    "Plan Width": 8,
                                    "Actual Startup Time": 0.198,
                                    "Actual Total Time": 0.214,
                                    "Actual Rows": 0,
                                    "Actual Loops": 51,
                                    "Index Cond": "(movie_id = t.id)",
                                    "Rows Removed by Index Recheck": 0,
                                    "Filter": "(note = ANY ('{(writer),\"(head writer)\",\"(written by)\",(story),\"(story editor)\"}'::text[]))",
                                    "Rows Removed by Filter": 7
                                  }
                                ]
                              }
                            ]
                          }
                        ]
                      },
                      {
                        "Node Type": "Hash",
                        "Parent Relationship": "Inner",
                        "Parallel Aware": false,
                        "Startup Cost": 191946.44,
                        "Total Cost": 191946.44,
                        "Plan Rows": 1,
                        "Plan Width": 73,
                        "Actual Startup Time": 846.177,
                        "Actual Total Time": 846.192,
                        "Actual Rows": 52570,
                        "Actual Loops": 5,
                        "Hash Buckets": 65536,
                        "Original Hash Buckets": 1024,
                        "Hash Batches": 1,
                        "Original Hash Batches": 1,
                        "Peak Memory Usage": 4322,
                        "Plans": [
                          {
                            "Node Type": "Merge Join",
                            "Parent Relationship": "Outer",
                            "Parallel Aware": false,
                            "Join Type": "Inner",
                            "Startup Cost": 191942.78,
                            "Total Cost": 191946.44,
                            "Plan Rows": 1,
                            "Plan Width": 73,
                            "Actual Startup Time": 796.357,
                            "Actual Total Time": 827.648,
                            "Actual Rows": 52570,
                            "Actual Loops": 5,
                            "Inner Unique": false,
                            "Merge Cond": "(mi.movie_id = mi_idx.movie_id)",
                            "Plans": [
                              {
                                "Node Type": "Sort",
                                "Parent Relationship": "Outer",
                                "Parallel Aware": false,
                                "Startup Cost": 177671.81,
                                "Total Cost": 177673.36,
                                "Plan Rows": 623,
                                "Plan Width": 47,
                                "Actual Startup Time": 322.098,
                                "Actual Total Time": 325.562,
                                "Actual Rows": 72231,
                                "Actual Loops": 5,
                                "Sort Key": [
                                  "mi.movie_id"
                                ],
                                "Sort Method": "quicksort",
                                "Sort Space Used": 6460,
                                "Sort Space Type": "Memory",
                                "Workers": [
                                  {
                                    "Worker Number": 0,
                                    "Sort Method": "quicksort",
                                    "Sort Space Used": 6460,
                                    "Sort Space Type": "Memory"
                                  },
                                  {
                                    "Worker Number": 1,
                                    "Sort Method": "quicksort",
                                    "Sort Space Used": 6460,
                                    "Sort Space Type": "Memory"
                                  },
                                  {
                                    "Worker Number": 2,
                                    "Sort Method": "quicksort",
                                    "Sort Space Used": 6460,
                                    "Sort Space Type": "Memory"
                                  },
                                  {
                                    "Worker Number": 3,
                                    "Sort Method": "quicksort",
                                    "Sort Space Used": 6460,
                                    "Sort Space Type": "Memory"
                                  }
                                ],
                                "Plans": [
                                  {
                                    "Node Type": "Nested Loop",
                                    "Parent Relationship": "Outer",
                                    "Parallel Aware": false,
                                    "Join Type": "Inner",
                                    "Startup Cost": 3785.74,
                                    "Total Cost": 177642.89,
                                    "Plan Rows": 623,
                                    "Plan Width": 47,
                                    "Actual Startup Time": 77.351,
                                    "Actual Total Time": 296.73,
                                    "Actual Rows": 72258,
                                    "Actual Loops": 5,
                                    "Inner Unique": false,
                                    "Plans": [
                                      {
                                        "Node Type": "Seq Scan",
                                        "Parent Relationship": "Outer",
                                        "Parallel Aware": false,
                                        "Relation Name": "info_type",
                                        "Alias": "it1",
                                        "Startup Cost": 0.0,
                                        "Total Cost": 2.41,
                                        "Plan Rows": 1,
                                        "Plan Width": 4,
                                        "Actual Startup Time": 0.076,
                                        "Actual Total Time": 0.088,
                                        "Actual Rows": 1,
                                        "Actual Loops": 5,
                                        "Filter": "((info)::text = 'genres'::text)",
                                        "Rows Removed by Filter": 112
                                      },
                                      {
                                        "Node Type": "Bitmap Heap Scan",
                                        "Parent Relationship": "Inner",
                                        "Parallel Aware": false,
                                        "Relation Name": "movie_info",
                                        "Alias": "mi",
                                        "Startup Cost": 3785.74,
                                        "Total Cost": 177630.43,
                                        "Plan Rows": 1005,
                                        "Plan Width": 51,
                                        "Actual Startup Time": 77.262,
                                        "Actual Total Time": 289.668,
                                        "Actual Rows": 72258,
                                        "Actual Loops": 5,
                                        "Recheck Cond": "(info_type_id = it1.id)",
                                        "Rows Removed by Index Recheck": 0,
                                        "Filter": "(info = ANY ('{Horror,Thriller}'::text[]))",
                                        "Rows Removed by Filter": 1461651,
                                        "Exact Heap Blocks": 9770,
                                        "Lossy Heap Blocks": 0,
                                        "Plans": [
                                          {
                                            "Node Type": "Bitmap Index Scan",
                                            "Parent Relationship": "Outer",
                                            "Parallel Aware": false,
                                            "Index Name": "info_type_id_movie_info",
                                            "Startup Cost": 0.0,
                                            "Total Cost": 3785.49,
                                            "Plan Rows": 212407,
                                            "Plan Width": 0,
                                            "Actual Startup Time": 75.658,
                                            "Actual Total Time": 75.659,
                                            "Actual Rows": 1533909,
                                            "Actual Loops": 5,
                                            "Index Cond": "(info_type_id = it1.id)"
                                          }
                                        ]
                                      }
                                    ]
                                  }
                                ]
                              },
                              {
                                "Node Type": "Sort",
                                "Parent Relationship": "Inner",
                                "Parallel Aware": false,
                                "Startup Cost": 14270.97,
                                "Total Cost": 14271.24,
                                "Plan Rows": 108,
                                "Plan Width": 26,
                                "Actual Startup Time": 474.213,
                                "Actual Total Time": 481.675,
                                "Actual Rows": 114674,
                                "Actual Loops": 5,
                                "Sort Key": [
                                  "cc.movie_id"
                                ],
                                "Sort Method": "quicksort",
                                "Sort Space Used": 11432,
                                "Sort Space Type": "Memory",
                                "Workers": [
                                  {
                                    "Worker Number": 0,
                                    "Sort Method": "quicksort",
                                    "Sort Space Used": 11432,
                                    "Sort Space Type": "Memory"
                                  },
                                  {
                                    "Worker Number": 1,
                                    "Sort Method": "quicksort",
                                    "Sort Space Used": 11432,
                                    "Sort Space Type": "Memory"
                                  },
                                  {
                                    "Worker Number": 2,
                                    "Sort Method": "quicksort",
                                    "Sort Space Used": 11432,
                                    "Sort Space Type": "Memory"
                                  },
                                  {
                                    "Worker Number": 3,
                                    "Sort Method": "quicksort",
                                    "Sort Space Used": 11432,
                                    "Sort Space Type": "Memory"
                                  }
                                ],
                                "Plans": [
                                  {
                                    "Node Type": "Nested Loop",
                                    "Parent Relationship": "Outer",
                                    "Parallel Aware": false,
                                    "Join Type": "Inner",
                                    "Startup Cost": 11072.62,
                                    "Total Cost": 14267.32,
                                    "Plan Rows": 108,
                                    "Plan Width": 26,
                                    "Actual Startup Time": 174.923,
                                    "Actual Total Time": 428.58,
                                    "Actual Rows": 107001,
                                    "Actual Loops": 5,
                                    "Inner Unique": false,
                                    "Plans": [
                                      {
                                        "Node Type": "Nested Loop",
                                        "Parent Relationship": "Outer",
                                        "Parallel Aware": false,
                                        "Join Type": "Inner",
                                        "Startup Cost": 11072.2,
                                        "Total Cost": 14182.15,
                                        "Plan Rows": 163,
                                        "Plan Width": 12,
                                        "Actual Startup Time": 174.81,
                                        "Actual Total Time": 257.95,
                                        "Actual Rows": 36010,
                                        "Actual Loops": 5,
                                        "Inner Unique": false,
                                        "Join Filter": "(cc.subject_id = cct1.id)",
                                        "Rows Removed by Join Filter": 36010,
                                        "Plans": [
                                          {
                                            "Node Type": "Seq Scan",
                                            "Parent Relationship": "Outer",
                                            "Parallel Aware": false,
                                            "Relation Name": "comp_cast_type",
                                            "Alias": "cct1",
                                            "Startup Cost": 0.0,
                                            "Total Cost": 1.05,
                                            "Plan Rows": 2,
                                            "Plan Width": 4,
                                            "Actual Startup Time": 0.049,
                                            "Actual Total Time": 0.059,
                                            "Actual Rows": 2,
                                            "Actual Loops": 5,
                                            "Filter": "((kind)::text = ANY ('{cast,crew}'::text[]))",
                                            "Rows Removed by Filter": 2
                                          },
                                          {
                                            "Node Type": "Materialize",
                                            "Parent Relationship": "Inner",
                                            "Parallel Aware": false,
                                            "Startup Cost": 11072.2,
                                            "Total Cost": 14172.11,
                                            "Plan Rows": 327,
                                            "Plan Width": 16,
                                            "Actual Startup Time": 87.378,
                                            "Actual Total Time": 124.569,
                                            "Actual Rows": 36010,
                                            "Actual Loops": 10,
                                            "Plans": [
                                              {
                                                "Node Type": "Hash Join",
                                                "Parent Relationship": "Outer",
                                                "Parallel Aware": false,
                                                "Join Type": "Inner",
                                                "Startup Cost": 11072.2,
                                                "Total Cost": 14170.47,
                                                "Plan Rows": 327,
                                                "Plan Width": 16,
                                                "Actual Startup Time": 174.75,
                                                "Actual Total Time": 235.627,
                                                "Actual Rows": 36010,
                                                "Actual Loops": 5,
                                                "Inner Unique": false,
                                                "Hash Cond": "(cc.movie_id = mk.movie_id)",
                                                "Plans": [
                                                  {
                                                    "Node Type": "Seq Scan",
                                                    "Parent Relationship": "Outer",
                                                    "Parallel Aware": false,
                                                    "Relation Name": "complete_cast",
                                                    "Alias": "cc",
                                                    "Startup Cost": 0.0,
                                                    "Total Cost": 2081.86,
                                                    "Plan Rows": 135086,
                                                    "Plan Width": 12,
                                                    "Actual Startup Time": 0.039,
                                                    "Actual Total Time": 14.711,
                                                    "Actual Rows": 135086,
                                                    "Actual Loops": 5
                                                  },
                                                  {
                                                    "Node Type": "Hash",
                                                    "Parent Relationship": "Inner",
                                                    "Parallel Aware": false,
                                                    "Startup Cost": 11069.25,
                                                    "Total Cost": 11069.25,
                                                    "Plan Rows": 236,
                                                    "Plan Width": 4,
                                                    "Actual Startup Time": 174.691,
                                                    "Actual Total Time": 174.695,
                                                    "Actual Rows": 76714,
                                                    "Actual Loops": 5,
                                                    "Hash Buckets": 131072,
                                                    "Original Hash Buckets": 1024,
                                                    "Hash Batches": 1,
                                                    "Original Hash Batches": 1,
                                                    "Peak Memory Usage": 3721,
                                                    "Plans": [
                                                      {
                                                        "Node Type": "Nested Loop",
                                                        "Parent Relationship": "Outer",
                                                        "Parallel Aware": false,
                                                        "Join Type": "Inner",
                                                        "Startup Cost": 10.78,
                                                        "Total Cost": 11069.25,
                                                        "Plan Rows": 236,
                                                        "Plan Width": 4,
                                                        "Actual Startup Time": 4.32,
                                                        "Actual Total Time": 160.066,
                                                        "Actual Rows": 76714,
                                                        "Actual Loops": 5,
                                                        "Inner Unique": false,
                                                        "Plans": [
                                                          {
                                                            "Node Type": "Seq Scan",
                                                            "Parent Relationship": "Outer",
                                                            "Parallel Aware": false,
                                                            "Relation Name": "keyword",
                                                            "Alias": "k",
                                                            "Startup Cost": 0.0,
                                                            "Total Cost": 3464.69,
                                                            "Plan Rows": 7,
                                                            "Plan Width": 4,
                                                            "Actual Startup Time": 0.725,
                                                            "Actual Total Time": 25.898,
                                                            "Actual Rows": 7,
                                                            "Actual Loops": 5,
                                                            "Filter": "(keyword = ANY ('{murder,violence,blood,gore,death,female-nudity,hospital}'::text[]))",
                                                            "Rows Removed by Filter": 134163
                                                          },
                                                          {
                                                            "Node Type": "Bitmap Heap Scan",
                                                            "Parent Relationship": "Inner",
                                                            "Parallel Aware": false,
                                                            "Relation Name": "movie_keyword",
                                                            "Alias": "mk",
                                                            "Startup Cost": 10.78,
                                                            "Total Cost": 1083.34,
                                                            "Plan Rows": 303,
                                                            "Plan Width": 8,
                                                            "Actual Startup Time": 2.946,
                                                            "Actual Total Time": 17.775,
                                                            "Actual Rows": 10959,
                                                            "Actual Loops": 35,
                                                            "Recheck Cond": "(keyword_id = k.id)",
                                                            "Rows Removed by Index Recheck": 0,
                                                            "Exact Heap Blocks": 53234,
                                                            "Lossy Heap Blocks": 0,
                                                            "Plans": [
                                                              {
                                                                "Node Type": "Bitmap Index Scan",
                                                                "Parent Relationship": "Outer",
                                                                "Parallel Aware": false,
                                                                "Index Name": "keyword_id_movie_keyword",
                                                                "Startup Cost": 0.0,
                                                                "Total Cost": 10.71,
                                                                "Plan Rows": 303,
                                                                "Plan Width": 0,
                                                                "Actual Startup Time": 1.803,
                                                                "Actual Total Time": 1.803,
                                                                "Actual Rows": 10959,
                                                                "Actual Loops": 35,
                                                                "Index Cond": "(keyword_id = k.id)"
                                                              }
                                                            ]
                                                          }
                                                        ]
                                                      }
                                                    ]
                                                  }
                                                ]
                                              }
                                            ]
                                          }
                                        ]
                                      },
                                      {
                                        "Node Type": "Index Scan",
                                        "Parent Relationship": "Inner",
                                        "Parallel Aware": false,
                                        "Scan Direction": "Forward",
                                        "Index Name": "movie_id_movie_info_idx",
                                        "Relation Name": "movie_info_idx",
                                        "Alias": "mi_idx",
                                        "Startup Cost": 0.43,
                                        "Total Cost": 0.49,
                                        "Plan Rows": 3,
                                        "Plan Width": 14,
                                        "Actual Startup Time": 0.003,
                                        "Actual Total Time": 0.004,
                                        "Actual Rows": 3,
                                        "Actual Loops": 180050,
                                        "Index Cond": "(movie_id = mk.movie_id)",
                                        "Rows Removed by Index Recheck": 0
                                      }
                                    ]
                                  }
                                ]
                              }
                            ]
                          }
                        ]
                      }
                    ]
                  }
                ]
              }
            ]
          },
          {
            "Node Type": "Index Scan",
            "Parent Relationship": "Inner",
            "Parallel Aware": false,
            "Scan Direction": "Forward",
            "Index Name": "info_type_pkey",
            "Relation Name": "info_type",
            "Alias": "it2",
            "Startup Cost": 0.14,
            "Total Cost": 0.16,
            "Plan Rows": 1,
            "Plan Width": 4,
            "Actual Startup Time": 0.0,
            "Actual Total Time": 0.0,
            "Actual Rows": 0,
            "Actual Loops": 0,
            "Index Cond": "(id = mi_idx.info_type_id)",
            "Rows Removed by Index Recheck": 0,
            "Filter": "((info)::text = 'votes'::text)",
            "Rows Removed by Filter": 0
          }
        ]
      }
    ]
  },
  "Planning Time": 87.157,
  "Triggers": [],
  "Execution Time": 1274.518
}