[
    {
        "Bao": {
            "Bao prediction": "NaN",
            "Bao recommended hint": "(no hint)"
        }
    },
    {
        "Plan": {
            "Node Type": "Aggregate",
            "Strategy": "Plain",
            "Partial Mode": "Finalize",
            "Parallel Aware": false,
            "Startup Cost": 41420.96,
            "Total Cost": 41420.97,
            "Plan Rows": 1,
            "Plan Width": 8,
            "Actual Startup Time": 130.24,
            "Actual Total Time": 136.475,
            "Actual Rows": 1,
            "Actual Loops": 1,
            "Output": [
                "count(*)"
            ],
            "Plans": [
                {
                    "Node Type": "Gather",
                    "Parent Relationship": "Outer",
                    "Parallel Aware": false,
                    "Startup Cost": 41420.64,
                    "Total Cost": 41420.95,
                    "Plan Rows": 3,
                    "Plan Width": 8,
                    "Actual Startup Time": 129.989,
                    "Actual Total Time": 136.467,
                    "Actual Rows": 4,
                    "Actual Loops": 1,
                    "Output": [
                        "(PARTIAL count(*))"
                    ],
                    "Workers Planned": 3,
                    "Workers Launched": 3,
                    "Single Copy": false,
                    "Plans": [
                        {
                            "Node Type": "Aggregate",
                            "Strategy": "Plain",
                            "Partial Mode": "Partial",
                            "Parent Relationship": "Outer",
                            "Parallel Aware": false,
                            "Startup Cost": 40420.64,
                            "Total Cost": 40420.65,
                            "Plan Rows": 1,
                            "Plan Width": 8,
                            "Actual Startup Time": 121.59,
                            "Actual Total Time": 121.592,
                            "Actual Rows": 1,
                            "Actual Loops": 4,
                            "Output": [
                                "PARTIAL count(*)"
                            ],
                            "Workers": [
                                {
                                    "Worker Number": 0,
                                    "Actual Startup Time": 118.549,
                                    "Actual Total Time": 118.551,
                                    "Actual Rows": 1,
                                    "Actual Loops": 1
                                },
                                {
                                    "Worker Number": 1,
                                    "Actual Startup Time": 118.992,
                                    "Actual Total Time": 118.993,
                                    "Actual Rows": 1,
                                    "Actual Loops": 1
                                },
                                {
                                    "Worker Number": 2,
                                    "Actual Startup Time": 119.136,
                                    "Actual Total Time": 119.138,
                                    "Actual Rows": 1,
                                    "Actual Loops": 1
                                }
                            ],
                            "Plans": [
                                {
                                    "Node Type": "Bitmap Heap Scan",
                                    "Parent Relationship": "Outer",
                                    "Parallel Aware": true,
                                    "Relation Name": "movie_keyword",
                                    "Schema": "public",
                                    "Alias": "mk",
                                    "Startup Cost": 13001.54,
                                    "Total Cost": 39926.46,
                                    "Plan Rows": 197674,
                                    "Plan Width": 0,
                                    "Actual Startup Time": 38.361,
                                    "Actual Total Time": 113.061,
                                    "Actual Rows": 151335,
                                    "Actual Loops": 4,
                                    "Recheck Cond": "(mk.keyword_id > 30483)",
                                    "Rows Removed by Index Recheck": 0,
                                    "Exact Heap Blocks": 10135,
                                    "Lossy Heap Blocks": 0,
                                    "Workers": [
                                        {
                                            "Worker Number": 0,
                                            "Actual Startup Time": 35.509,
                                            "Actual Total Time": 110.841,
                                            "Actual Rows": 128175,
                                            "Actual Loops": 1
                                        },
                                        {
                                            "Worker Number": 1,
                                            "Actual Startup Time": 35.839,
                                            "Actual Total Time": 111.065,
                                            "Actual Rows": 124601,
                                            "Actual Loops": 1
                                        },
                                        {
                                            "Worker Number": 2,
                                            "Actual Startup Time": 35.973,
                                            "Actual Total Time": 111.096,
                                            "Actual Rows": 91654,
                                            "Actual Loops": 1
                                        }
                                    ],
                                    "Plans": [
                                        {
                                            "Node Type": "Bitmap Index Scan",
                                            "Parent Relationship": "Outer",
                                            "Parallel Aware": false,
                                            "Index Name": "keyword_id_movie_keyword",
                                            "Startup Cost": 0.0,
                                            "Total Cost": 12848.34,
                                            "Plan Rows": 612788,
                                            "Plan Width": 0,
                                            "Actual Startup Time": 42.747,
                                            "Actual Total Time": 42.747,
                                            "Actual Rows": 605340,
                                            "Actual Loops": 1,
                                            "Index Cond": "(mk.keyword_id > 30483)"
                                        }
                                    ]
                                }
                            ]
                        }
                    ]
                }
            ]
        },
        "Planning Time": 207.049,
        "Triggers": [],
        "Execution Time": 136.545
    }
]