[
  {
    "Plan": {
      "Node Type": "Aggregate",
      "Strategy": "Plain",
      "Partial Mode": "Finalize",
      "Parallel Aware": false,
      "Startup Cost": 44479.37,
      "Total Cost": 44479.38,
      "Plan Rows": 1,
      "Plan Width": 8,
      "Actual Startup Time": 127.446,
      "Actual Total Time": 137.182,
      "Actual Rows": 1,
      "Actual Loops": 1,
      "Plans": [
        {
          "Node Type": "Gather",
          "Parent Relationship": "Outer",
          "Parallel Aware": false,
          "Startup Cost": 44479.05,
          "Total Cost": 44479.36,
          "Plan Rows": 3,
          "Plan Width": 8,
          "Actual Startup Time": 127.338,
          "Actual Total Time": 137.172,
          "Actual Rows": 4,
          "Actual Loops": 1,
          "Workers Planned": 3,
          "Workers Launched": 3,
          "Single Copy": false,
          "Plans": [
            {
              "Node Type": "Aggregate",
              "Strategy": "Plain",
              "Partial Mode": "Partial",
              "Parent Relationship": "Outer",
              "Parallel Aware": false,
              "Startup Cost": 43479.05,
              "Total Cost": 43479.06,
              "Plan Rows": 1,
              "Plan Width": 8,
              "Actual Startup Time": 118.75,
              "Actual Total Time": 118.751,
              "Actual Rows": 1,
              "Actual Loops": 4,
              "Plans": [
                {
                  "Node Type": "Seq Scan",
                  "Parent Relationship": "Outer",
                  "Parallel Aware": true,
                  "Relation Name": "movie_keyword",
                  "Alias": "mk",
                  "Startup Cost": 0.0,
                  "Total Cost": 42695.65,
                  "Plan Rows": 313360,
                  "Plan Width": 0,
                  "Actual Startup Time": 4.361,
                  "Actual Total Time": 106.852,
                  "Actual Rows": 241903,
                  "Actual Loops": 4,
                  "Filter": "(keyword_id > 19671)",
                  "Rows Removed by Filter": 889080
                }
              ]
            }
          ]
        }
      ]
    },
    "Planning Time": 0.189,
    "Triggers": [],
    "Execution Time": 137.25
  }
]