[
  {
    "Plan": {
      "Node Type": "Aggregate",
      "Strategy": "Plain",
      "Partial Mode": "Finalize",
      "Parallel Aware": false,
      "Startup Cost": 44459.87,
      "Total Cost": 44459.88,
      "Plan Rows": 1,
      "Plan Width": 8,
      "Actual Startup Time": 127.333,
      "Actual Total Time": 137.846,
      "Actual Rows": 1,
      "Actual Loops": 1,
      "Plans": [
        {
          "Node Type": "Gather",
          "Parent Relationship": "Outer",
          "Parallel Aware": false,
          "Startup Cost": 44459.55,
          "Total Cost": 44459.86,
          "Plan Rows": 3,
          "Plan Width": 8,
          "Actual Startup Time": 127.199,
          "Actual Total Time": 137.835,
          "Actual Rows": 4,
          "Actual Loops": 1,
          "Workers Planned": 3,
          "Workers Launched": 3,
          "Single Copy": false,
          "Plans": [
            {
              "Node Type": "Aggregate",
              "Strategy": "Plain",
              "Partial Mode": "Partial",
              "Parent Relationship": "Outer",
              "Parallel Aware": false,
              "Startup Cost": 43459.55,
              "Total Cost": 43459.56,
              "Plan Rows": 1,
              "Plan Width": 8,
              "Actual Startup Time": 122.777,
              "Actual Total Time": 122.779,
              "Actual Rows": 1,
              "Actual Loops": 4,
              "Plans": [
                {
                  "Node Type": "Seq Scan",
                  "Parent Relationship": "Outer",
                  "Parallel Aware": true,
                  "Relation Name": "movie_keyword",
                  "Alias": "mk",
                  "Startup Cost": 0.0,
                  "Total Cost": 42695.65,
                  "Plan Rows": 305560,
                  "Plan Width": 0,
                  "Actual Startup Time": 1.4,
                  "Actual Total Time": 110.181,
                  "Actual Rows": 236474,
                  "Actual Loops": 4,
                  "Filter": "(keyword_id > 20071)",
                  "Rows Removed by Filter": 894509
                }
              ]
            }
          ]
        }
      ]
    },
    "Planning Time": 0.102,
    "Triggers": [],
    "Execution Time": 137.876
  }
]