[
  {
    "Plan": {
      "Node Type": "Aggregate",
      "Strategy": "Plain",
      "Partial Mode": "Finalize",
      "Parallel Aware": false,
      "Startup Cost": 45791.94,
      "Total Cost": 45791.95,
      "Plan Rows": 1,
      "Plan Width": 8,
      "Actual Startup Time": 159.007,
      "Actual Total Time": 168.785,
      "Actual Rows": 1,
      "Actual Loops": 1,
      "Plans": [
        {
          "Node Type": "Gather",
          "Parent Relationship": "Outer",
          "Parallel Aware": false,
          "Startup Cost": 45791.62,
          "Total Cost": 45791.93,
          "Plan Rows": 3,
          "Plan Width": 8,
          "Actual Startup Time": 158.883,
          "Actual Total Time": 168.777,
          "Actual Rows": 4,
          "Actual Loops": 1,
          "Workers Planned": 3,
          "Workers Launched": 3,
          "Single Copy": false,
          "Plans": [
            {
              "Node Type": "Aggregate",
              "Strategy": "Plain",
              "Partial Mode": "Partial",
              "Parent Relationship": "Outer",
              "Parallel Aware": false,
              "Startup Cost": 44791.62,
              "Total Cost": 44791.63,
              "Plan Rows": 1,
              "Plan Width": 8,
              "Actual Startup Time": 153.247,
              "Actual Total Time": 153.249,
              "Actual Rows": 1,
              "Actual Loops": 4,
              "Plans": [
                {
                  "Node Type": "Seq Scan",
                  "Parent Relationship": "Outer",
                  "Parallel Aware": true,
                  "Relation Name": "movie_keyword",
                  "Alias": "mk",
                  "Startup Cost": 0.0,
                  "Total Cost": 42695.65,
                  "Plan Rows": 838386,
                  "Plan Width": 0,
                  "Actual Startup Time": 0.044,
                  "Actual Total Time": 122.167,
                  "Actual Rows": 648976,
                  "Actual Loops": 4,
                  "Filter": "(keyword_id < 6934)",
                  "Rows Removed by Filter": 482006
                }
              ]
            }
          ]
        }
      ]
    },
    "Planning Time": 0.117,
    "Triggers": [],
    "Execution Time": 168.823
  }
]