[
  {
    "Plan": {
      "Node Type": "Aggregate",
      "Strategy": "Plain",
      "Partial Mode": "Finalize",
      "Parallel Aware": false,
      "Startup Cost": 351091.45,
      "Total Cost": 351091.46,
      "Plan Rows": 1,
      "Plan Width": 8,
      "Actual Startup Time": 839.24,
      "Actual Total Time": 895.421,
      "Actual Rows": 1,
      "Actual Loops": 1,
      "Plans": [
        {
          "Node Type": "Gather",
          "Parent Relationship": "Outer",
          "Parallel Aware": false,
          "Startup Cost": 351090.82,
          "Total Cost": 351091.43,
          "Plan Rows": 6,
          "Plan Width": 8,
          "Actual Startup Time": 839.113,
          "Actual Total Time": 895.407,
          "Actual Rows": 7,
          "Actual Loops": 1,
          "Workers Planned": 6,
          "Workers Launched": 6,
          "Single Copy": false,
          "Plans": [
            {
              "Node Type": "Aggregate",
              "Strategy": "Plain",
              "Partial Mode": "Partial",
              "Parent Relationship": "Outer",
              "Parallel Aware": false,
              "Startup Cost": 350090.82,
              "Total Cost": 350090.83,
              "Plan Rows": 1,
              "Plan Width": 8,
              "Actual Startup Time": 830.21,
              "Actual Total Time": 830.211,
              "Actual Rows": 1,
              "Actual Loops": 7,
              "Plans": [
                {
                  "Node Type": "Seq Scan",
                  "Parent Relationship": "Outer",
                  "Parallel Aware": true,
                  "Relation Name": "cast_info",
                  "Alias": "ci",
                  "Startup Cost": 0.0,
                  "Total Cost": 343257.03,
                  "Plan Rows": 2733518,
                  "Plan Width": 0,
                  "Actual Startup Time": 220.97,
                  "Actual Total Time": 702.464,
                  "Actual Rows": 2919388,
                  "Actual Loops": 7,
                  "Filter": "((person_id > 1101539) AND (role_id > 1))",
                  "Rows Removed by Filter": 2258375
                }
              ]
            }
          ]
        }
      ]
    },
    "Planning Time": 0.142,
    "Triggers": [],
    "Execution Time": 895.476
  }
]