[
  {
    "Plan": {
      "Node Type": "Aggregate",
      "Strategy": "Plain",
      "Partial Mode": "Finalize",
      "Parallel Aware": false,
      "Startup Cost": 345111.14,
      "Total Cost": 345111.15,
      "Plan Rows": 1,
      "Plan Width": 8,
      "Actual Startup Time": 587.226,
      "Actual Total Time": 635.372,
      "Actual Rows": 1,
      "Actual Loops": 1,
      "Plans": [
        {
          "Node Type": "Gather",
          "Parent Relationship": "Outer",
          "Parallel Aware": false,
          "Startup Cost": 345110.52,
          "Total Cost": 345111.13,
          "Plan Rows": 6,
          "Plan Width": 8,
          "Actual Startup Time": 587.038,
          "Actual Total Time": 635.355,
          "Actual Rows": 7,
          "Actual Loops": 1,
          "Workers Planned": 6,
          "Workers Launched": 6,
          "Single Copy": false,
          "Plans": [
            {
              "Node Type": "Aggregate",
              "Strategy": "Plain",
              "Partial Mode": "Partial",
              "Parent Relationship": "Outer",
              "Parallel Aware": false,
              "Startup Cost": 344110.52,
              "Total Cost": 344110.53,
              "Plan Rows": 1,
              "Plan Width": 8,
              "Actual Startup Time": 578.416,
              "Actual Total Time": 578.417,
              "Actual Rows": 1,
              "Actual Loops": 7,
              "Plans": [
                {
                  "Node Type": "Seq Scan",
                  "Parent Relationship": "Outer",
                  "Parallel Aware": true,
                  "Relation Name": "cast_info",
                  "Alias": "ci",
                  "Startup Cost": 0.0,
                  "Total Cost": 343316.27,
                  "Plan Rows": 317699,
                  "Plan Width": 0,
                  "Actual Startup Time": 321.494,
                  "Actual Total Time": 570.256,
                  "Actual Rows": 177375,
                  "Actual Loops": 7,
                  "Filter": "((person_id < 432507) AND (role_id > 2))",
                  "Rows Removed by Filter": 5000389
                }
              ]
            }
          ]
        }
      ]
    },
    "Planning Time": 0.192,
    "Triggers": [],
    "Execution Time": 635.438
  }
]