[
  {
    "Plan": {
      "Node Type": "Aggregate",
      "Strategy": "Plain",
      "Partial Mode": "Finalize",
      "Parallel Aware": false,
      "Startup Cost": 345082.78,
      "Total Cost": 345082.79,
      "Plan Rows": 1,
      "Plan Width": 8,
      "Actual Startup Time": 609.3,
      "Actual Total Time": 669.756,
      "Actual Rows": 1,
      "Actual Loops": 1,
      "Plans": [
        {
          "Node Type": "Gather",
          "Parent Relationship": "Outer",
          "Parallel Aware": false,
          "Startup Cost": 345082.15,
          "Total Cost": 345082.76,
          "Plan Rows": 6,
          "Plan Width": 8,
          "Actual Startup Time": 609.183,
          "Actual Total Time": 669.746,
          "Actual Rows": 7,
          "Actual Loops": 1,
          "Workers Planned": 6,
          "Workers Launched": 6,
          "Single Copy": false,
          "Plans": [
            {
              "Node Type": "Aggregate",
              "Strategy": "Plain",
              "Partial Mode": "Partial",
              "Parent Relationship": "Outer",
              "Parallel Aware": false,
              "Startup Cost": 344082.15,
              "Total Cost": 344082.16,
              "Plan Rows": 1,
              "Plan Width": 8,
              "Actual Startup Time": 599.411,
              "Actual Total Time": 599.412,
              "Actual Rows": 1,
              "Actual Loops": 7,
              "Plans": [
                {
                  "Node Type": "Seq Scan",
                  "Parent Relationship": "Outer",
                  "Parallel Aware": true,
                  "Relation Name": "cast_info",
                  "Alias": "ci",
                  "Startup Cost": 0.0,
                  "Total Cost": 343257.03,
                  "Plan Rows": 330050,
                  "Plan Width": 0,
                  "Actual Startup Time": 336.108,
                  "Actual Total Time": 591.457,
                  "Actual Rows": 177375,
                  "Actual Loops": 7,
                  "Filter": "((person_id < 432507) AND (role_id > 2))",
                  "Rows Removed by Filter": 5000389
                }
              ]
            }
          ]
        }
      ]
    },
    "Planning Time": 0.235,
    "Triggers": [],
    "Execution Time": 669.833
  }
]