{
  "Plan": {
    "Node Type": "Aggregate",
    "Strategy": "Plain",
    "Partial Mode": "Finalize",
    "Parallel Aware": false,
    "Startup Cost": 429172.76,
    "Total Cost": 429172.77,
    "Plan Rows": 1,
    "Plan Width": 8,
    "Actual Startup Time": 2437.307,
    "Actual Total Time": 2468.552,
    "Actual Rows": 1,
    "Actual Loops": 1,
    "Plans": [
      {
        "Node Type": "Gather",
        "Parent Relationship": "Outer",
        "Parallel Aware": false,
        "Startup Cost": 429172.65,
        "Total Cost": 429172.76,
        "Plan Rows": 1,
        "Plan Width": 8,
        "Actual Startup Time": 2429.469,
        "Actual Total Time": 2468.538,
        "Actual Rows": 2,
        "Actual Loops": 1,
        "Workers Planned": 1,
        "Workers Launched": 1,
        "Single Copy": false,
        "Plans": [
          {
            "Node Type": "Aggregate",
            "Strategy": "Plain",
            "Partial Mode": "Partial",
            "Parent Relationship": "Outer",
            "Parallel Aware": false,
            "Startup Cost": 428172.65,
            "Total Cost": 428172.66,
            "Plan Rows": 1,
            "Plan Width": 8,
            "Actual Startup Time": 2423.461,
            "Actual Total Time": 2424.06,
            "Actual Rows": 1,
            "Actual Loops": 2,
            "Plans": [
              {
                "Node Type": "Hash Join",
                "Parent Relationship": "Outer",
                "Parallel Aware": true,
                "Join Type": "Inner",
                "Startup Cost": 363452.52,
                "Total Cost": 427076.44,
                "Plan Rows": 438482,
                "Plan Width": 0,
                "Actual Startup Time": 1238.909,
                "Actual Total Time": 2133.277,
                "Actual Rows": 7403834,
                "Actual Loops": 2,
                "Inner Unique": false,
                "Hash Cond": "(mk.movie_id = t.id)",
                "Plans": [
                  {
                    "Node Type": "Seq Scan",
                    "Parent Relationship": "Outer",
                    "Parallel Aware": true,
                    "Relation Name": "movie_keyword",
                    "Alias": "mk",
                    "Startup Cost": 0.0,
                    "Total Cost": 51065.35,
                    "Plan Rows": 2661135,
                    "Plan Width": 4,
                    "Actual Startup Time": 0.027,
                    "Actual Total Time": 163.938,
                    "Actual Rows": 2261965,
                    "Actual Loops": 2
                  },
                  {
                    "Node Type": "Hash",
                    "Parent Relationship": "Inner",
                    "Parallel Aware": true,
                    "Startup Cost": 360389.33,
                    "Total Cost": 360389.33,
                    "Plan Rows": 245055,
                    "Plan Width": 8,
                    "Actual Startup Time": 1233.333,
                    "Actual Total Time": 1233.929,
                    "Actual Rows": 598852,
                    "Actual Loops": 2,
                    "Hash Buckets": 2097152,
                    "Original Hash Buckets": 524288,
                    "Hash Batches": 1,
                    "Original Hash Batches": 1,
                    "Peak Memory Usage": 75552,
                    "Plans": [
                      {
                        "Node Type": "Hash Join",
                        "Parent Relationship": "Outer",
                        "Parallel Aware": true,
                        "Join Type": "Inner",
                        "Startup Cost": 96268.98,
                        "Total Cost": 360389.33,
                        "Plan Rows": 245055,
                        "Plan Width": 8,
                        "Actual Startup Time": 622.379,
                        "Actual Total Time": 1018.623,
                        "Actual Rows": 598852,
                        "Actual Loops": 2,
                        "Inner Unique": true,
                        "Hash Cond": "(ci.movie_id = t.id)",
                        "Plans": [
                          {
                            "Node Type": "Bitmap Heap Scan",
                            "Parent Relationship": "Outer",
                            "Parallel Aware": true,
                            "Relation Name": "cast_info",
                            "Alias": "ci",
                            "Startup Cost": 26808.28,
                            "Total Cost": 290285.37,
                            "Plan Rows": 245055,
                            "Plan Width": 4,
                            "Actual Startup Time": 40.014,
                            "Actual Total Time": 146.895,
                            "Actual Rows": 598852,
                            "Actual Loops": 2,
                            "Recheck Cond": "(person_id > 3829624)",
                            "Rows Removed by Index Recheck": 0,
                            "Filter": "(role_id > 3)",
                            "Rows Removed by Filter": 0,
                            "Exact Heap Blocks": 8835,
                            "Lossy Heap Blocks": 0,
                            "Plans": [
                              {
                                "Node Type": "Bitmap Index Scan",
                                "Parent Relationship": "Outer",
                                "Parallel Aware": false,
                                "Index Name": "person_id_cast_info",
                                "Startup Cost": 0.0,
                                "Total Cost": 26704.13,
                                "Plan Rows": 1222876,
                                "Plan Width": 0,
                                "Actual Startup Time": 37.418,
                                "Actual Total Time": 37.418,
                                "Actual Rows": 1197704,
                                "Actual Loops": 1,
                                "Index Cond": "(person_id > 3829624)"
                              }
                            ]
                          },
                          {
                            "Node Type": "Hash",
                            "Parent Relationship": "Inner",
                            "Parallel Aware": true,
                            "Startup Cost": 50870.31,
                            "Total Cost": 50870.31,
                            "Plan Rows": 1487231,
                            "Plan Width": 4,
                            "Actual Startup Time": 565.169,
                            "Actual Total Time": 565.17,
                            "Actual Rows": 1264156,
                            "Actual Loops": 2,
                            "Hash Buckets": 4194304,
                            "Original Hash Buckets": 4194304,
                            "Hash Batches": 1,
                            "Original Hash Batches": 1,
                            "Peak Memory Usage": 131712,
                            "Plans": [
                              {
                                "Node Type": "Seq Scan",
                                "Parent Relationship": "Outer",
                                "Parallel Aware": true,
                                "Relation Name": "title",
                                "Alias": "t",
                                "Startup Cost": 0.0,
                                "Total Cost": 50870.31,
                                "Plan Rows": 1487231,
                                "Plan Width": 4,
                                "Actual Startup Time": 0.032,
                                "Actual Total Time": 164.184,
                                "Actual Rows": 1264156,
                                "Actual Loops": 2
                              }
                            ]
                          }
                        ]
                      }
                    ]
                  }
                ]
              }
            ]
          }
        ]
      }
    ]
  },
  "Planning Time": 1.179,
  "Triggers": [],
  "Execution Time": 2468.663
}