[
  {
    "Plan": {
      "Node Type": "Aggregate",
      "Strategy": "Plain",
      "Partial Mode": "Finalize",
      "Parallel Aware": false,
      "Startup Cost": 99303.87,
      "Total Cost": 99303.88,
      "Plan Rows": 1,
      "Plan Width": 8,
      "Actual Startup Time": 534.875,
      "Actual Total Time": 580.093,
      "Actual Rows": 1,
      "Actual Loops": 1,
      "Plans": [
        {
          "Node Type": "Gather",
          "Parent Relationship": "Outer",
          "Parallel Aware": false,
          "Startup Cost": 99303.45,
          "Total Cost": 99303.86,
          "Plan Rows": 4,
          "Plan Width": 8,
          "Actual Startup Time": 534.242,
          "Actual Total Time": 580.084,
          "Actual Rows": 5,
          "Actual Loops": 1,
          "Workers Planned": 4,
          "Workers Launched": 4,
          "Single Copy": false,
          "Plans": [
            {
              "Node Type": "Aggregate",
              "Strategy": "Plain",
              "Partial Mode": "Partial",
              "Parent Relationship": "Outer",
              "Parallel Aware": false,
              "Startup Cost": 98303.45,
              "Total Cost": 98303.46,
              "Plan Rows": 1,
              "Plan Width": 8,
              "Actual Startup Time": 523.586,
              "Actual Total Time": 523.595,
              "Actual Rows": 1,
              "Actual Loops": 5,
              "Plans": [
                {
                  "Node Type": "Nested Loop",
                  "Parent Relationship": "Outer",
                  "Parallel Aware": false,
                  "Join Type": "Inner",
                  "Startup Cost": 22867.23,
                  "Total Cost": 98255.71,
                  "Plan Rows": 19096,
                  "Plan Width": 0,
                  "Actual Startup Time": 104.09,
                  "Actual Total Time": 518.15,
                  "Actual Rows": 93733,
                  "Actual Loops": 5,
                  "Inner Unique": false,
                  "Plans": [
                    {
                      "Node Type": "Hash Join",
                      "Parent Relationship": "Outer",
                      "Parallel Aware": true,
                      "Join Type": "Inner",
                      "Startup Cost": 22866.79,
                      "Total Cost": 68048.35,
                      "Plan Rows": 13442,
                      "Plan Width": 8,
                      "Actual Startup Time": 103.985,
                      "Actual Total Time": 173.002,
                      "Actual Rows": 26757,
                      "Actual Loops": 5,
                      "Inner Unique": false,
                      "Hash Cond": "(t.id = mc.movie_id)",
                      "Plans": [
                        {
                          "Node Type": "Seq Scan",
                          "Parent Relationship": "Outer",
                          "Parallel Aware": true,
                          "Relation Name": "title",
                          "Alias": "t",
                          "Startup Cost": 0.0,
                          "Total Cost": 43898.92,
                          "Plan Rows": 247857,
                          "Plan Width": 4,
                          "Actual Startup Time": 0.021,
                          "Actual Total Time": 73.953,
                          "Actual Rows": 197010,
                          "Actual Loops": 5,
                          "Filter": "(kind_id < 7)",
                          "Rows Removed by Filter": 308653
                        },
                        {
                          "Node Type": "Hash",
                          "Parent Relationship": "Inner",
                          "Parallel Aware": true,
                          "Startup Cost": 22313.92,
                          "Total Cost": 22313.92,
                          "Plan Rows": 44230,
                          "Plan Width": 4,
                          "Actual Startup Time": 46.044,
                          "Actual Total Time": 46.048,
                          "Actual Rows": 26757,
                          "Actual Loops": 5,
                          "Hash Buckets": 262144,
                          "Original Hash Buckets": 262144,
                          "Hash Batches": 1,
                          "Original Hash Batches": 1,
                          "Peak Memory Usage": 7328,
                          "Plans": [
                            {
                              "Node Type": "Bitmap Heap Scan",
                              "Parent Relationship": "Outer",
                              "Parallel Aware": true,
                              "Relation Name": "movie_companies",
                              "Alias": "mc",
                              "Startup Cost": 2971.05,
                              "Total Cost": 22313.92,
                              "Plan Rows": 44230,
                              "Plan Width": 4,
                              "Actual Startup Time": 11.568,
                              "Actual Total Time": 32.91,
                              "Actual Rows": 26757,
                              "Actual Loops": 5,
                              "Recheck Cond": "(company_id > 139380)",
                              "Rows Removed by Index Recheck": 0,
                              "Exact Heap Blocks": 1664,
                              "Lossy Heap Blocks": 0,
                              "Plans": [
                                {
                                  "Node Type": "Bitmap Index Scan",
                                  "Parent Relationship": "Outer",
                                  "Parallel Aware": false,
                                  "Index Name": "company_id_movie_companies",
                                  "Startup Cost": 0.0,
                                  "Total Cost": 2936.77,
                                  "Plan Rows": 137112,
                                  "Plan Width": 0,
                                  "Actual Startup Time": 13.263,
                                  "Actual Total Time": 13.264,
                                  "Actual Rows": 133784,
                                  "Actual Loops": 1,
                                  "Index Cond": "(company_id > 139380)"
                                }
                              ]
                            }
                          ]
                        }
                      ]
                    },
                    {
                      "Node Type": "Index Scan",
                      "Parent Relationship": "Inner",
                      "Parallel Aware": false,
                      "Scan Direction": "Forward",
                      "Index Name": "movie_id_movie_info",
                      "Relation Name": "movie_info",
                      "Alias": "mi",
                      "Startup Cost": 0.43,
                      "Total Cost": 2.15,
                      "Plan Rows": 10,
                      "Plan Width": 4,
                      "Actual Startup Time": 0.006,
                      "Actual Total Time": 0.012,
                      "Actual Rows": 4,
                      "Actual Loops": 133784,
                      "Index Cond": "(movie_id = t.id)",
                      "Rows Removed by Index Recheck": 0,
                      "Filter": "(info_type_id < 4)",
                      "Rows Removed by Filter": 14
                    }
                  ]
                }
              ]
            }
          ]
        }
      ]
    },
    "Planning Time": 1.429,
    "Triggers": [],
    "Execution Time": 580.219
  }
]