[
    {
        "Bao": {
            "Bao prediction": "NaN",
            "Bao recommended hint": "(no hint)"
        }
    },
    {
        "Plan": {
            "Node Type": "Aggregate",
            "Strategy": "Plain",
            "Partial Mode": "Finalize",
            "Parallel Aware": false,
            "Startup Cost": 33896.55,
            "Total Cost": 33896.56,
            "Plan Rows": 1,
            "Plan Width": 8,
            "Actual Startup Time": 112.201,
            "Actual Total Time": 116.049,
            "Actual Rows": 1,
            "Actual Loops": 1,
            "Output": [
                "count(*)"
            ],
            "Plans": [
                {
                    "Node Type": "Gather",
                    "Parent Relationship": "Outer",
                    "Parallel Aware": false,
                    "Startup Cost": 33896.23,
                    "Total Cost": 33896.54,
                    "Plan Rows": 3,
                    "Plan Width": 8,
                    "Actual Startup Time": 112.031,
                    "Actual Total Time": 116.042,
                    "Actual Rows": 4,
                    "Actual Loops": 1,
                    "Output": [
                        "(PARTIAL count(*))"
                    ],
                    "Workers Planned": 3,
                    "Workers Launched": 3,
                    "Single Copy": false,
                    "Plans": [
                        {
                            "Node Type": "Aggregate",
                            "Strategy": "Plain",
                            "Partial Mode": "Partial",
                            "Parent Relationship": "Outer",
                            "Parallel Aware": false,
                            "Startup Cost": 32896.23,
                            "Total Cost": 32896.24,
                            "Plan Rows": 1,
                            "Plan Width": 8,
                            "Actual Startup Time": 103.184,
                            "Actual Total Time": 103.186,
                            "Actual Rows": 1,
                            "Actual Loops": 4,
                            "Output": [
                                "PARTIAL count(*)"
                            ],
                            "Workers": [
                                {
                                    "Worker Number": 0,
                                    "Actual Startup Time": 100.188,
                                    "Actual Total Time": 100.189,
                                    "Actual Rows": 1,
                                    "Actual Loops": 1
                                },
                                {
                                    "Worker Number": 1,
                                    "Actual Startup Time": 100.41,
                                    "Actual Total Time": 100.411,
                                    "Actual Rows": 1,
                                    "Actual Loops": 1
                                },
                                {
                                    "Worker Number": 2,
                                    "Actual Startup Time": 100.769,
                                    "Actual Total Time": 100.771,
                                    "Actual Rows": 1,
                                    "Actual Loops": 1
                                }
                            ],
                            "Plans": [
                                {
                                    "Node Type": "Bitmap Heap Scan",
                                    "Parent Relationship": "Outer",
                                    "Parallel Aware": true,
                                    "Relation Name": "movie_keyword",
                                    "Schema": "public",
                                    "Alias": "mk",
                                    "Startup Cost": 6874.85,
                                    "Total Cost": 32635.0,
                                    "Plan Rows": 104492,
                                    "Plan Width": 0,
                                    "Actual Startup Time": 38.463,
                                    "Actual Total Time": 98.209,
                                    "Actual Rows": 80222,
                                    "Actual Loops": 4,
                                    "Recheck Cond": "(mk.keyword_id > 50955)",
                                    "Rows Removed by Index Recheck": 0,
                                    "Exact Heap Blocks": 10342,
                                    "Lossy Heap Blocks": 0,
                                    "Workers": [
                                        {
                                            "Worker Number": 0,
                                            "Actual Startup Time": 35.497,
                                            "Actual Total Time": 95.652,
                                            "Actual Rows": 57095,
                                            "Actual Loops": 1
                                        },
                                        {
                                            "Worker Number": 1,
                                            "Actual Startup Time": 35.682,
                                            "Actual Total Time": 95.847,
                                            "Actual Rows": 57038,
                                            "Actual Loops": 1
                                        },
                                        {
                                            "Worker Number": 2,
                                            "Actual Startup Time": 36.424,
                                            "Actual Total Time": 96.355,
                                            "Actual Rows": 56569,
                                            "Actual Loops": 1
                                        }
                                    ],
                                    "Plans": [
                                        {
                                            "Node Type": "Bitmap Index Scan",
                                            "Parent Relationship": "Outer",
                                            "Parallel Aware": false,
                                            "Index Name": "keyword_id_movie_keyword",
                                            "Startup Cost": 0.0,
                                            "Total Cost": 6793.87,
                                            "Plan Rows": 323925,
                                            "Plan Width": 0,
                                            "Actual Startup Time": 42.092,
                                            "Actual Total Time": 42.092,
                                            "Actual Rows": 320889,
                                            "Actual Loops": 1,
                                            "Index Cond": "(mk.keyword_id > 50955)"
                                        }
                                    ]
                                }
                            ]
                        }
                    ]
                }
            ]
        },
        "Planning Time": 329.73,
        "Triggers": [],
        "Execution Time": 116.164
    }
]