[
    {
        "Bao": {
            "Bao prediction": "NaN",
            "Bao recommended hint": "(no hint)"
        }
    },
    {
        "Plan": {
            "Node Type": "Aggregate",
            "Strategy": "Plain",
            "Partial Mode": "Finalize",
            "Parallel Aware": false,
            "Startup Cost": 66554.71,
            "Total Cost": 66554.72,
            "Plan Rows": 1,
            "Plan Width": 8,
            "Actual Startup Time": 152.212,
            "Actual Total Time": 157.622,
            "Actual Rows": 1,
            "Actual Loops": 1,
            "Output": [
                "count(*)"
            ],
            "Plans": [
                {
                    "Node Type": "Gather",
                    "Parent Relationship": "Outer",
                    "Parallel Aware": false,
                    "Startup Cost": 66554.29,
                    "Total Cost": 66554.7,
                    "Plan Rows": 4,
                    "Plan Width": 8,
                    "Actual Startup Time": 151.947,
                    "Actual Total Time": 157.615,
                    "Actual Rows": 5,
                    "Actual Loops": 1,
                    "Output": [
                        "(PARTIAL count(*))"
                    ],
                    "Workers Planned": 4,
                    "Workers Launched": 4,
                    "Single Copy": false,
                    "Plans": [
                        {
                            "Node Type": "Aggregate",
                            "Strategy": "Plain",
                            "Partial Mode": "Partial",
                            "Parent Relationship": "Outer",
                            "Parallel Aware": false,
                            "Startup Cost": 65554.29,
                            "Total Cost": 65554.3,
                            "Plan Rows": 1,
                            "Plan Width": 8,
                            "Actual Startup Time": 142.028,
                            "Actual Total Time": 142.032,
                            "Actual Rows": 1,
                            "Actual Loops": 5,
                            "Output": [
                                "PARTIAL count(*)"
                            ],
                            "Workers": [
                                {
                                    "Worker Number": 0,
                                    "Actual Startup Time": 139.576,
                                    "Actual Total Time": 139.579,
                                    "Actual Rows": 1,
                                    "Actual Loops": 1
                                },
                                {
                                    "Worker Number": 1,
                                    "Actual Startup Time": 139.566,
                                    "Actual Total Time": 139.569,
                                    "Actual Rows": 1,
                                    "Actual Loops": 1
                                },
                                {
                                    "Worker Number": 2,
                                    "Actual Startup Time": 139.803,
                                    "Actual Total Time": 139.805,
                                    "Actual Rows": 1,
                                    "Actual Loops": 1
                                },
                                {
                                    "Worker Number": 3,
                                    "Actual Startup Time": 139.854,
                                    "Actual Total Time": 139.857,
                                    "Actual Rows": 1,
                                    "Actual Loops": 1
                                }
                            ],
                            "Plans": [
                                {
                                    "Node Type": "Hash Join",
                                    "Parent Relationship": "Outer",
                                    "Parallel Aware": true,
                                    "Join Type": "Inner",
                                    "Startup Cost": 20023.04,
                                    "Total Cost": 65531.57,
                                    "Plan Rows": 9088,
                                    "Plan Width": 0,
                                    "Actual Startup Time": 14.016,
                                    "Actual Total Time": 141.422,
                                    "Actual Rows": 7227,
                                    "Actual Loops": 5,
                                    "Inner Unique": false,
                                    "Hash Cond": "(t.id = mc.movie_id)",
                                    "Workers": [
                                        {
                                            "Worker Number": 0,
                                            "Actual Startup Time": 11.761,
                                            "Actual Total Time": 138.951,
                                            "Actual Rows": 7253,
                                            "Actual Loops": 1
                                        },
                                        {
                                            "Worker Number": 1,
                                            "Actual Startup Time": 11.489,
                                            "Actual Total Time": 138.932,
                                            "Actual Rows": 7472,
                                            "Actual Loops": 1
                                        },
                                        {
                                            "Worker Number": 2,
                                            "Actual Startup Time": 11.854,
                                            "Actual Total Time": 139.182,
                                            "Actual Rows": 7219,
                                            "Actual Loops": 1
                                        },
                                        {
                                            "Worker Number": 3,
                                            "Actual Startup Time": 11.741,
                                            "Actual Total Time": 139.249,
                                            "Actual Rows": 6613,
                                            "Actual Loops": 1
                                        }
                                    ],
                                    "Plans": [
                                        {
                                            "Node Type": "Seq Scan",
                                            "Parent Relationship": "Outer",
                                            "Parallel Aware": true,
                                            "Relation Name": "title",
                                            "Schema": "public",
                                            "Alias": "t",
                                            "Startup Cost": 0.0,
                                            "Total Cost": 42318.81,
                                            "Plan Rows": 632080,
                                            "Plan Width": 4,
                                            "Actual Startup Time": 0.022,
                                            "Actual Total Time": 63.16,
                                            "Actual Rows": 505662,
                                            "Actual Loops": 5,
                                            "Output": [
                                                "t.id",
                                                "t.title",
                                                "t.imdb_index",
                                                "t.kind_id",
                                                "t.production_year",
                                                "t.imdb_id",
                                                "t.phonetic_code",
                                                "t.episode_of_id",
                                                "t.season_nr",
                                                "t.episode_nr",
                                                "t.series_years",
                                                "t.md5sum"
                                            ],
                                            "Workers": [
                                                {
                                                    "Worker Number": 0,
                                                    "Actual Startup Time": 0.045,
                                                    "Actual Total Time": 63.826,
                                                    "Actual Rows": 515012,
                                                    "Actual Loops": 1
                                                },
                                                {
                                                    "Worker Number": 1,
                                                    "Actual Startup Time": 0.028,
                                                    "Actual Total Time": 63.91,
                                                    "Actual Rows": 516317,
                                                    "Actual Loops": 1
                                                },
                                                {
                                                    "Worker Number": 2,
                                                    "Actual Startup Time": 0.022,
                                                    "Actual Total Time": 63.841,
                                                    "Actual Rows": 506035,
                                                    "Actual Loops": 1
                                                },
                                                {
                                                    "Worker Number": 3,
                                                    "Actual Startup Time": 0.009,
                                                    "Actual Total Time": 66.624,
                                                    "Actual Rows": 470428,
                                                    "Actual Loops": 1
                                                }
                                            ]
                                        },
                                        {
                                            "Node Type": "Hash",
                                            "Parent Relationship": "Inner",
                                            "Parallel Aware": true,
                                            "Startup Cost": 19876.46,
                                            "Total Cost": 19876.46,
                                            "Plan Rows": 11727,
                                            "Plan Width": 4,
                                            "Actual Startup Time": 13.332,
                                            "Actual Total Time": 13.333,
                                            "Actual Rows": 7227,
                                            "Actual Loops": 5,
                                            "Output": [
                                                "mc.movie_id"
                                            ],
                                            "Hash Buckets": 65536,
                                            "Original Hash Buckets": 65536,
                                            "Hash Batches": 1,
                                            "Original Hash Batches": 1,
                                            "Peak Memory Usage": 2048,
                                            "Workers": [
                                                {
                                                    "Worker Number": 0,
                                                    "Actual Startup Time": 10.956,
                                                    "Actual Total Time": 10.957,
                                                    "Actual Rows": 1783,
                                                    "Actual Loops": 1
                                                },
                                                {
                                                    "Worker Number": 1,
                                                    "Actual Startup Time": 10.936,
                                                    "Actual Total Time": 10.937,
                                                    "Actual Rows": 1777,
                                                    "Actual Loops": 1
                                                },
                                                {
                                                    "Worker Number": 2,
                                                    "Actual Startup Time": 11.19,
                                                    "Actual Total Time": 11.191,
                                                    "Actual Rows": 1953,
                                                    "Actual Loops": 1
                                                },
                                                {
                                                    "Worker Number": 3,
                                                    "Actual Startup Time": 11.259,
                                                    "Actual Total Time": 11.26,
                                                    "Actual Rows": 1720,
                                                    "Actual Loops": 1
                                                }
                                            ],
                                            "Plans": [
                                                {
                                                    "Node Type": "Bitmap Heap Scan",
                                                    "Parent Relationship": "Outer",
                                                    "Parallel Aware": true,
                                                    "Relation Name": "movie_companies",
                                                    "Schema": "public",
                                                    "Alias": "mc",
                                                    "Startup Cost": 790.17,
                                                    "Total Cost": 19876.46,
                                                    "Plan Rows": 11727,
                                                    "Plan Width": 4,
                                                    "Actual Startup Time": 0.923,
                                                    "Actual Total Time": 10.305,
                                                    "Actual Rows": 7227,
                                                    "Actual Loops": 5,
                                                    "Output": [
                                                        "mc.movie_id"
                                                    ],
                                                    "Recheck Cond": "(mc.company_id = 160)",
                                                    "Rows Removed by Index Recheck": 0,
                                                    "Exact Heap Blocks": 3475,
                                                    "Lossy Heap Blocks": 0,
                                                    "Workers": [
                                                        {
                                                            "Worker Number": 0,
                                                            "Actual Startup Time": 0.145,
                                                            "Actual Total Time": 8.95,
                                                            "Actual Rows": 1783,
                                                            "Actual Loops": 1
                                                        },
                                                        {
                                                            "Worker Number": 1,
                                                            "Actual Startup Time": 0.24,
                                                            "Actual Total Time": 8.948,
                                                            "Actual Rows": 1777,
                                                            "Actual Loops": 1
                                                        },
                                                        {
                                                            "Worker Number": 2,
                                                            "Actual Startup Time": 0.121,
                                                            "Actual Total Time": 8.937,
                                                            "Actual Rows": 1953,
                                                            "Actual Loops": 1
                                                        },
                                                        {
                                                            "Worker Number": 3,
                                                            "Actual Startup Time": 0.159,
                                                            "Actual Total Time": 8.986,
                                                            "Actual Rows": 1720,
                                                            "Actual Loops": 1
                                                        }
                                                    ],
                                                    "Plans": [
                                                        {
                                                            "Node Type": "Bitmap Index Scan",
                                                            "Parent Relationship": "Outer",
                                                            "Parallel Aware": false,
                                                            "Index Name": "company_id_movie_companies",
                                                            "Startup Cost": 0.0,
                                                            "Total Cost": 781.08,
                                                            "Plan Rows": 36354,
                                                            "Plan Width": 0,
                                                            "Actual Startup Time": 3.052,
                                                            "Actual Total Time": 3.053,
                                                            "Actual Rows": 36136,
                                                            "Actual Loops": 1,
                                                            "Index Cond": "(mc.company_id = 160)"
                                                        }
                                                    ]
                                                }
                                            ]
                                        }
                                    ]
                                }
                            ]
                        }
                    ]
                }
            ]
        },
        "Planning Time": 270.89,
        "Triggers": [],
        "Execution Time": 157.756
    }
]