[
    {
        "Bao": {
            "Bao prediction": "NaN",
            "Bao recommended hint": "(no hint)"
        }
    },
    {
        "Plan": {
            "Node Type": "Aggregate",
            "Strategy": "Plain",
            "Partial Mode": "Finalize",
            "Parallel Aware": false,
            "Startup Cost": 33162.62,
            "Total Cost": 33162.63,
            "Plan Rows": 1,
            "Plan Width": 8,
            "Actual Startup Time": 84.563,
            "Actual Total Time": 88.115,
            "Actual Rows": 1,
            "Actual Loops": 1,
            "Output": [
                "count(*)"
            ],
            "Plans": [
                {
                    "Node Type": "Gather",
                    "Parent Relationship": "Outer",
                    "Parallel Aware": false,
                    "Startup Cost": 33162.3,
                    "Total Cost": 33162.61,
                    "Plan Rows": 3,
                    "Plan Width": 8,
                    "Actual Startup Time": 84.468,
                    "Actual Total Time": 88.108,
                    "Actual Rows": 4,
                    "Actual Loops": 1,
                    "Output": [
                        "(PARTIAL count(*))"
                    ],
                    "Workers Planned": 3,
                    "Workers Launched": 3,
                    "Single Copy": false,
                    "Plans": [
                        {
                            "Node Type": "Aggregate",
                            "Strategy": "Plain",
                            "Partial Mode": "Partial",
                            "Parent Relationship": "Outer",
                            "Parallel Aware": false,
                            "Startup Cost": 32162.3,
                            "Total Cost": 32162.31,
                            "Plan Rows": 1,
                            "Plan Width": 8,
                            "Actual Startup Time": 76.683,
                            "Actual Total Time": 76.684,
                            "Actual Rows": 1,
                            "Actual Loops": 4,
                            "Output": [
                                "PARTIAL count(*)"
                            ],
                            "Workers": [
                                {
                                    "Worker Number": 0,
                                    "Actual Startup Time": 73.882,
                                    "Actual Total Time": 73.883,
                                    "Actual Rows": 1,
                                    "Actual Loops": 1
                                },
                                {
                                    "Worker Number": 1,
                                    "Actual Startup Time": 74.198,
                                    "Actual Total Time": 74.199,
                                    "Actual Rows": 1,
                                    "Actual Loops": 1
                                },
                                {
                                    "Worker Number": 2,
                                    "Actual Startup Time": 74.468,
                                    "Actual Total Time": 74.47,
                                    "Actual Rows": 1,
                                    "Actual Loops": 1
                                }
                            ],
                            "Plans": [
                                {
                                    "Node Type": "Seq Scan",
                                    "Parent Relationship": "Outer",
                                    "Parallel Aware": true,
                                    "Relation Name": "movie_companies",
                                    "Schema": "public",
                                    "Alias": "mc",
                                    "Startup Cost": 0.0,
                                    "Total Cost": 31414.82,
                                    "Plan Rows": 298993,
                                    "Plan Width": 0,
                                    "Actual Startup Time": 40.624,
                                    "Actual Total Time": 70.465,
                                    "Actual Rows": 152358,
                                    "Actual Loops": 4,
                                    "Output": [
                                        "id",
                                        "movie_id",
                                        "company_id",
                                        "company_type_id",
                                        "note"
                                    ],
                                    "Filter": "((mc.company_id < 31158) AND (mc.company_type_id = 2))",
                                    "Rows Removed by Filter": 499924,
                                    "Workers": [
                                        {
                                            "Worker Number": 0,
                                            "Actual Startup Time": 37.826,
                                            "Actual Total Time": 67.737,
                                            "Actual Rows": 146471,
                                            "Actual Loops": 1
                                        },
                                        {
                                            "Worker Number": 1,
                                            "Actual Startup Time": 38.13,
                                            "Actual Total Time": 68.028,
                                            "Actual Rows": 147071,
                                            "Actual Loops": 1
                                        },
                                        {
                                            "Worker Number": 2,
                                            "Actual Startup Time": 38.419,
                                            "Actual Total Time": 68.313,
                                            "Actual Rows": 146740,
                                            "Actual Loops": 1
                                        }
                                    ]
                                }
                            ]
                        }
                    ]
                }
            ]
        },
        "Planning Time": 176.824,
        "Triggers": [],
        "Execution Time": 88.156
    }
]