[
  {
    "Plan": {
      "Node Type": "Aggregate",
      "Strategy": "Plain",
      "Partial Mode": "Finalize",
      "Parallel Aware": false,
      "Startup Cost": 82825.76,
      "Total Cost": 82825.77,
      "Plan Rows": 1,
      "Plan Width": 8,
      "Actual Startup Time": 141.063,
      "Actual Total Time": 157.996,
      "Actual Rows": 1,
      "Actual Loops": 1,
      "Plans": [
        {
          "Node Type": "Gather",
          "Parent Relationship": "Outer",
          "Parallel Aware": false,
          "Startup Cost": 82825.34,
          "Total Cost": 82825.75,
          "Plan Rows": 4,
          "Plan Width": 8,
          "Actual Startup Time": 140.933,
          "Actual Total Time": 157.986,
          "Actual Rows": 5,
          "Actual Loops": 1,
          "Workers Planned": 4,
          "Workers Launched": 4,
          "Single Copy": false,
          "Plans": [
            {
              "Node Type": "Aggregate",
              "Strategy": "Plain",
              "Partial Mode": "Partial",
              "Parent Relationship": "Outer",
              "Parallel Aware": false,
              "Startup Cost": 81825.34,
              "Total Cost": 81825.35,
              "Plan Rows": 1,
              "Plan Width": 8,
              "Actual Startup Time": 130.966,
              "Actual Total Time": 130.968,
              "Actual Rows": 1,
              "Actual Loops": 5,
              "Plans": [
                {
                  "Node Type": "Nested Loop",
                  "Parent Relationship": "Outer",
                  "Parallel Aware": false,
                  "Join Type": "Inner",
                  "Startup Cost": 0.43,
                  "Total Cost": 81802.83,
                  "Plan Rows": 9003,
                  "Plan Width": 0,
                  "Actual Startup Time": 0.721,
                  "Actual Total Time": 129.811,
                  "Actual Rows": 19224,
                  "Actual Loops": 5,
                  "Inner Unique": false,
                  "Plans": [
                    {
                      "Node Type": "Seq Scan",
                      "Parent Relationship": "Outer",
                      "Parallel Aware": true,
                      "Relation Name": "title",
                      "Alias": "t",
                      "Startup Cost": 0.0,
                      "Total Cost": 45479.1,
                      "Plan Rows": 5032,
                      "Plan Width": 4,
                      "Actual Startup Time": 0.442,
                      "Actual Total Time": 87.422,
                      "Actual Rows": 3471,
                      "Actual Loops": 5,
                      "Filter": "((kind_id < 7) AND (production_year = 2000))",
                      "Rows Removed by Filter": 502191
                    },
                    {
                      "Node Type": "Index Only Scan",
                      "Parent Relationship": "Inner",
                      "Parallel Aware": false,
                      "Scan Direction": "Forward",
                      "Index Name": "movie_id_movie_keyword",
                      "Relation Name": "movie_keyword",
                      "Alias": "mk",
                      "Startup Cost": 0.43,
                      "Total Cost": 6.77,
                      "Plan Rows": 45,
                      "Plan Width": 4,
                      "Actual Startup Time": 0.01,
                      "Actual Total Time": 0.011,
                      "Actual Rows": 6,
                      "Actual Loops": 17357,
                      "Index Cond": "(movie_id = t.id)",
                      "Rows Removed by Index Recheck": 0,
                      "Heap Fetches": 96120
                    }
                  ]
                }
              ]
            }
          ]
        }
      ]
    },
    "Planning Time": 0.55,
    "Triggers": [],
    "Execution Time": 158.08
  }
]