{
    "Plan": {
        "Node Type": "Aggregate",
        "Strategy": "Plain",
        "Partial Mode": "Simple",
        "Parallel Aware": false,
        "Startup Cost": 10000230014.6,
        "Total Cost": 10000230014.61,
        "Plan Rows": 1,
        "Plan Width": 8,
        "Actual Startup Time": 1661.479,
        "Actual Total Time": 1661.484,
        "Actual Rows": 1,
        "Actual Loops": 1,
        "Output": [
            "count(*)"
        ],
        "Plans": [
            {
                "Node Type": "Hash Join",
                "Parent Relationship": "Outer",
                "Parallel Aware": false,
                "Join Type": "Inner",
                "Startup Cost": 10000040680.48,
                "Total Cost": 10000229732.84,
                "Plan Rows": 112703,
                "Plan Width": 0,
                "Actual Startup Time": 420.472,
                "Actual Total Time": 1644.387,
                "Actual Rows": 256744,
                "Actual Loops": 1,
                "Inner Unique": true,
                "Hash Cond": "(mk.movie_id = t.id)",
                "Plans": [
                    {
                        "Node Type": "Index Scan",
                        "Parent Relationship": "Outer",
                        "Parallel Aware": false,
                        "Scan Direction": "Forward",
                        "Index Name": "movie_id_movie_keyword",
                        "Relation Name": "movie_keyword",
                        "Schema": "public",
                        "Alias": "mk",
                        "Startup Cost": 10000000000.43,
                        "Total Cost": 10000177177.46,
                        "Plan Rows": 4523930,
                        "Plan Width": 4,
                        "Actual Startup Time": 0.039,
                        "Actual Total Time": 875.314,
                        "Actual Rows": 4523930,
                        "Actual Loops": 1,
                        "Output": [
                            "mk.id",
                            "mk.movie_id",
                            "mk.keyword_id"
                        ]
                    },
                    {
                        "Node Type": "Hash",
                        "Parent Relationship": "Inner",
                        "Parallel Aware": false,
                        "Startup Cost": 39892.71,
                        "Total Cost": 39892.71,
                        "Plan Rows": 62987,
                        "Plan Width": 4,
                        "Actual Startup Time": 141.761,
                        "Actual Total Time": 141.763,
                        "Actual Rows": 53378,
                        "Actual Loops": 1,
                        "Output": [
                            "t.id"
                        ],
                        "Hash Buckets": 65536,
                        "Original Hash Buckets": 65536,
                        "Hash Batches": 1,
                        "Original Hash Batches": 1,
                        "Peak Memory Usage": 2389,
                        "Plans": [
                            {
                                "Node Type": "Bitmap Heap Scan",
                                "Parent Relationship": "Outer",
                                "Parallel Aware": false,
                                "Relation Name": "title",
                                "Schema": "public",
                                "Alias": "t",
                                "Startup Cost": 2122.35,
                                "Total Cost": 39892.71,
                                "Plan Rows": 62987,
                                "Plan Width": 4,
                                "Actual Startup Time": 19.441,
                                "Actual Total Time": 123.692,
                                "Actual Rows": 53378,
                                "Actual Loops": 1,
                                "Output": [
                                    "t.id"
                                ],
                                "Recheck Cond": "(t.kind_id = 4)",
                                "Rows Removed by Index Recheck": 0,
                                "Filter": "(t.production_year < 2005)",
                                "Rows Removed by Filter": 64856,
                                "Exact Heap Blocks": 12711,
                                "Lossy Heap Blocks": 0,
                                "Plans": [
                                    {
                                        "Node Type": "Bitmap Index Scan",
                                        "Parent Relationship": "Outer",
                                        "Parallel Aware": false,
                                        "Index Name": "kind_id_title",
                                        "Startup Cost": 0.0,
                                        "Total Cost": 2106.61,
                                        "Plan Rows": 118157,
                                        "Plan Width": 0,
                                        "Actual Startup Time": 16.297,
                                        "Actual Total Time": 16.297,
                                        "Actual Rows": 118234,
                                        "Actual Loops": 1,
                                        "Index Cond": "(t.kind_id = 4)"
                                    }
                                ]
                            }
                        ]
                    }
                ]
            }
        ]
    },
    "Planning Time": 2.73,
    "Triggers": [],
    "Execution Time": 1661.935
}