[
  {
    "Plan": {
      "Node Type": "Aggregate",
      "Strategy": "Plain",
      "Partial Mode": "Simple",
      "Parallel Aware": false,
      "Startup Cost": 9374.73,
      "Total Cost": 9374.74,
      "Plan Rows": 1,
      "Plan Width": 8,
      "Actual Startup Time": 4.298,
      "Actual Total Time": 4.299,
      "Actual Rows": 1,
      "Actual Loops": 1,
      "Plans": [
        {
          "Node Type": "Index Only Scan",
          "Parent Relationship": "Outer",
          "Parallel Aware": false,
          "Scan Direction": "Forward",
          "Index Name": "company_id_movie_companies",
          "Relation Name": "movie_companies",
          "Alias": "mc",
          "Startup Cost": 0.43,
          "Total Cost": 9364.94,
          "Plan Rows": 3914,
          "Plan Width": 0,
          "Actual Startup Time": 0.068,
          "Actual Total Time": 4.052,
          "Actual Rows": 4181,
          "Actual Loops": 1,
          "Index Cond": "(company_id = 11138)",
          "Rows Removed by Index Recheck": 0,
          "Heap Fetches": 4181
        }
      ]
    },
    "Planning Time": 0.09,
    "Triggers": [],
    "Execution Time": 4.322
  }
]