[
  {
    "Plan": {
      "Node Type": "Aggregate",
      "Strategy": "Plain",
      "Partial Mode": "Simple",
      "Parallel Aware": false,
      "Startup Cost": 10774.44,
      "Total Cost": 10774.45,
      "Plan Rows": 1,
      "Plan Width": 8,
      "Actual Startup Time": 14.119,
      "Actual Total Time": 14.121,
      "Actual Rows": 1,
      "Actual Loops": 1,
      "Plans": [
        {
          "Node Type": "Index Only Scan",
          "Parent Relationship": "Outer",
          "Parallel Aware": false,
          "Scan Direction": "Forward",
          "Index Name": "company_id_movie_companies",
          "Relation Name": "movie_companies",
          "Alias": "mc",
          "Startup Cost": 0.43,
          "Total Cost": 10762.92,
          "Plan Rows": 4609,
          "Plan Width": 0,
          "Actual Startup Time": 0.499,
          "Actual Total Time": 13.397,
          "Actual Rows": 4181,
          "Actual Loops": 1,
          "Index Cond": "(company_id = 11138)",
          "Rows Removed by Index Recheck": 0,
          "Heap Fetches": 4181
        }
      ]
    },
    "Planning Time": 0.15,
    "Triggers": [],
    "Execution Time": 14.166
  }
]