[
  {
    "Plan": {
      "Node Type": "Aggregate",
      "Strategy": "Plain",
      "Partial Mode": "Finalize",
      "Parallel Aware": false,
      "Startup Cost": 112066.82,
      "Total Cost": 112066.83,
      "Plan Rows": 1,
      "Plan Width": 8,
      "Actual Startup Time": 146.654,
      "Actual Total Time": 157.065,
      "Actual Rows": 1,
      "Actual Loops": 1,
      "Plans": [
        {
          "Node Type": "Gather",
          "Parent Relationship": "Outer",
          "Parallel Aware": false,
          "Startup Cost": 112066.3,
          "Total Cost": 112066.81,
          "Plan Rows": 5,
          "Plan Width": 8,
          "Actual Startup Time": 146.576,
          "Actual Total Time": 157.055,
          "Actual Rows": 6,
          "Actual Loops": 1,
          "Workers Planned": 5,
          "Workers Launched": 5,
          "Single Copy": false,
          "Plans": [
            {
              "Node Type": "Aggregate",
              "Strategy": "Plain",
              "Partial Mode": "Partial",
              "Parent Relationship": "Outer",
              "Parallel Aware": false,
              "Startup Cost": 111066.3,
              "Total Cost": 111066.31,
              "Plan Rows": 1,
              "Plan Width": 8,
              "Actual Startup Time": 138.177,
              "Actual Total Time": 138.178,
              "Actual Rows": 1,
              "Actual Loops": 6,
              "Plans": [
                {
                  "Node Type": "Index Scan",
                  "Parent Relationship": "Outer",
                  "Parallel Aware": true,
                  "Scan Direction": "Forward",
                  "Index Name": "role_id_cast_info",
                  "Relation Name": "cast_info",
                  "Alias": "ci",
                  "Startup Cost": 0.56,
                  "Total Cost": 110428.26,
                  "Plan Rows": 255217,
                  "Plan Width": 0,
                  "Actual Startup Time": 0.176,
                  "Actual Total Time": 130.643,
                  "Actual Rows": 146915,
                  "Actual Loops": 6,
                  "Index Cond": "(role_id = 3)",
                  "Rows Removed by Index Recheck": 0,
                  "Filter": "(person_id < 1122828)",
                  "Rows Removed by Filter": 521091
                }
              ]
            }
          ]
        }
      ]
    },
    "Planning Time": 0.232,
    "Triggers": [],
    "Execution Time": 157.136
  }
]