[
  {
    "Plan": {
      "Node Type": "Aggregate",
      "Strategy": "Plain",
      "Partial Mode": "Finalize",
      "Parallel Aware": false,
      "Startup Cost": 33276.14,
      "Total Cost": 33276.15,
      "Plan Rows": 1,
      "Plan Width": 8,
      "Actual Startup Time": 87.946,
      "Actual Total Time": 96.079,
      "Actual Rows": 1,
      "Actual Loops": 1,
      "Plans": [
        {
          "Node Type": "Gather",
          "Parent Relationship": "Outer",
          "Parallel Aware": false,
          "Startup Cost": 33275.82,
          "Total Cost": 33276.13,
          "Plan Rows": 3,
          "Plan Width": 8,
          "Actual Startup Time": 87.854,
          "Actual Total Time": 96.072,
          "Actual Rows": 4,
          "Actual Loops": 1,
          "Workers Planned": 3,
          "Workers Launched": 3,
          "Single Copy": false,
          "Plans": [
            {
              "Node Type": "Aggregate",
              "Strategy": "Plain",
              "Partial Mode": "Partial",
              "Parent Relationship": "Outer",
              "Parallel Aware": false,
              "Startup Cost": 32275.82,
              "Total Cost": 32275.83,
              "Plan Rows": 1,
              "Plan Width": 8,
              "Actual Startup Time": 84.016,
              "Actual Total Time": 84.016,
              "Actual Rows": 1,
              "Actual Loops": 4,
              "Plans": [
                {
                  "Node Type": "Seq Scan",
                  "Parent Relationship": "Outer",
                  "Parallel Aware": true,
                  "Relation Name": "movie_companies",
                  "Alias": "mc",
                  "Startup Cost": 0.0,
                  "Total Cost": 31414.82,
                  "Plan Rows": 344400,
                  "Plan Width": 0,
                  "Actual Startup Time": 0.055,
                  "Actual Total Time": 72.913,
                  "Actual Rows": 238285,
                  "Actual Loops": 4,
                  "Filter": "((company_id > 292) AND (company_type_id < 2))",
                  "Rows Removed by Filter": 413997
                }
              ]
            }
          ]
        }
      ]
    },
    "Planning Time": 0.102,
    "Triggers": [],
    "Execution Time": 96.108
  }
]