[
  {
    "Plan": {
      "Node Type": "Aggregate",
      "Strategy": "Plain",
      "Partial Mode": "Finalize",
      "Parallel Aware": false,
      "Startup Cost": 299777.43,
      "Total Cost": 299777.44,
      "Plan Rows": 1,
      "Plan Width": 8,
      "Actual Startup Time": 2866.627,
      "Actual Total Time": 2923.161,
      "Actual Rows": 1,
      "Actual Loops": 1,
      "Plans": [
        {
          "Node Type": "Gather",
          "Parent Relationship": "Outer",
          "Parallel Aware": false,
          "Startup Cost": 299777.11,
          "Total Cost": 299777.42,
          "Plan Rows": 3,
          "Plan Width": 8,
          "Actual Startup Time": 2863.216,
          "Actual Total Time": 2923.152,
          "Actual Rows": 4,
          "Actual Loops": 1,
          "Workers Planned": 3,
          "Workers Launched": 3,
          "Single Copy": false,
          "Plans": [
            {
              "Node Type": "Aggregate",
              "Strategy": "Plain",
              "Partial Mode": "Partial",
              "Parent Relationship": "Outer",
              "Parallel Aware": false,
              "Startup Cost": 298777.11,
              "Total Cost": 298777.12,
              "Plan Rows": 1,
              "Plan Width": 8,
              "Actual Startup Time": 2858.707,
              "Actual Total Time": 2858.711,
              "Actual Rows": 1,
              "Actual Loops": 4,
              "Plans": [
                {
                  "Node Type": "Nested Loop",
                  "Parent Relationship": "Outer",
                  "Parallel Aware": false,
                  "Join Type": "Inner",
                  "Startup Cost": 60954.91,
                  "Total Cost": 297628.56,
                  "Plan Rows": 459420,
                  "Plan Width": 0,
                  "Actual Startup Time": 228.821,
                  "Actual Total Time": 2579.61,
                  "Actual Rows": 6071652,
                  "Actual Loops": 4,
                  "Inner Unique": false,
                  "Plans": [
                    {
                      "Node Type": "Hash Join",
                      "Parent Relationship": "Outer",
                      "Parallel Aware": true,
                      "Join Type": "Inner",
                      "Startup Cost": 60954.47,
                      "Total Cost": 88621.64,
                      "Plan Rows": 82887,
                      "Plan Width": 8,
                      "Actual Startup Time": 228.672,
                      "Actual Total Time": 348.138,
                      "Actual Rows": 146861,
                      "Actual Loops": 4,
                      "Inner Unique": true,
                      "Hash Cond": "(mk.movie_id = t.id)",
                      "Plans": [
                        {
                          "Node Type": "Bitmap Heap Scan",
                          "Parent Relationship": "Outer",
                          "Parallel Aware": true,
                          "Relation Name": "movie_keyword",
                          "Alias": "mk",
                          "Startup Cost": 13972.33,
                          "Total Cost": 41081.84,
                          "Plan Rows": 212441,
                          "Plan Width": 4,
                          "Actual Startup Time": 62.005,
                          "Actual Total Time": 111.814,
                          "Actual Rows": 165548,
                          "Actual Loops": 4,
                          "Recheck Cond": "(keyword_id < 517)",
                          "Rows Removed by Index Recheck": 0,
                          "Exact Heap Blocks": 7254,
                          "Lossy Heap Blocks": 0,
                          "Plans": [
                            {
                              "Node Type": "Bitmap Index Scan",
                              "Parent Relationship": "Outer",
                              "Parallel Aware": false,
                              "Index Name": "keyword_id_movie_keyword",
                              "Startup Cost": 0.0,
                              "Total Cost": 13807.68,
                              "Plan Rows": 658567,
                              "Plan Width": 0,
                              "Actual Startup Time": 56.11,
                              "Actual Total Time": 56.11,
                              "Actual Rows": 662192,
                              "Actual Loops": 1,
                              "Index Cond": "(keyword_id < 517)"
                            }
                          ]
                        },
                        {
                          "Node Type": "Hash",
                          "Parent Relationship": "Inner",
                          "Parallel Aware": true,
                          "Startup Cost": 43899.32,
                          "Total Cost": 43899.32,
                          "Plan Rows": 246626,
                          "Plan Width": 4,
                          "Actual Startup Time": 163.694,
                          "Actual Total Time": 163.694,
                          "Actual Rows": 246262,
                          "Actual Loops": 4,
                          "Hash Buckets": 1048576,
                          "Original Hash Buckets": 1048576,
                          "Hash Batches": 1,
                          "Original Hash Batches": 1,
                          "Peak Memory Usage": 46816,
                          "Plans": [
                            {
                              "Node Type": "Seq Scan",
                              "Parent Relationship": "Outer",
                              "Parallel Aware": true,
                              "Relation Name": "title",
                              "Alias": "t",
                              "Startup Cost": 0.0,
                              "Total Cost": 43899.32,
                              "Plan Rows": 246626,
                              "Plan Width": 4,
                              "Actual Startup Time": 0.025,
                              "Actual Total Time": 92.899,
                              "Actual Rows": 246262,
                              "Actual Loops": 4,
                              "Filter": "(kind_id < 7)",
                              "Rows Removed by Filter": 385816
                            }
                          ]
                        }
                      ]
                    },
                    {
                      "Node Type": "Index Scan",
                      "Parent Relationship": "Inner",
                      "Parallel Aware": false,
                      "Scan Direction": "Forward",
                      "Index Name": "movie_id_movie_info",
                      "Relation Name": "movie_info",
                      "Alias": "mi",
                      "Startup Cost": 0.43,
                      "Total Cost": 2.13,
                      "Plan Rows": 39,
                      "Plan Width": 4,
                      "Actual Startup Time": 0.002,
                      "Actual Total Time": 0.012,
                      "Actual Rows": 41,
                      "Actual Loops": 587443,
                      "Index Cond": "(movie_id = t.id)",
                      "Rows Removed by Index Recheck": 0,
                      "Filter": "(info_type_id > 1)",
                      "Rows Removed by Filter": 1
                    }
                  ]
                }
              ]
            }
          ]
        }
      ]
    },
    "Planning Time": 0.525,
    "Triggers": [],
    "Execution Time": 2923.232
  }
]