{
  "Plan": {
    "Node Type": "Aggregate",
    "Strategy": "Plain",
    "Partial Mode": "Finalize",
    "Parallel Aware": false,
    "Startup Cost": 585099.48,
    "Total Cost": 585099.49,
    "Plan Rows": 1,
    "Plan Width": 68,
    "Actual Startup Time": 2622.528,
    "Actual Total Time": 2669.122,
    "Actual Rows": 1,
    "Actual Loops": 1,
    "Plans": [
      {
        "Node Type": "Gather",
        "Parent Relationship": "Outer",
        "Parallel Aware": false,
        "Startup Cost": 585099.36,
        "Total Cost": 585099.47,
        "Plan Rows": 1,
        "Plan Width": 68,
        "Actual Startup Time": 2621.834,
        "Actual Total Time": 2669.109,
        "Actual Rows": 2,
        "Actual Loops": 1,
        "Workers Planned": 1,
        "Workers Launched": 1,
        "Single Copy": false,
        "Plans": [
          {
            "Node Type": "Aggregate",
            "Strategy": "Plain",
            "Partial Mode": "Partial",
            "Parent Relationship": "Outer",
            "Parallel Aware": false,
            "Startup Cost": 584099.36,
            "Total Cost": 584099.37,
            "Plan Rows": 1,
            "Plan Width": 68,
            "Actual Startup Time": 2615.197,
            "Actual Total Time": 2615.201,
            "Actual Rows": 1,
            "Actual Loops": 2,
            "Plans": [
              {
                "Node Type": "Nested Loop",
                "Parent Relationship": "Outer",
                "Parallel Aware": false,
                "Join Type": "Inner",
                "Startup Cost": 39220.1,
                "Total Cost": 581925.93,
                "Plan Rows": 289791,
                "Plan Width": 37,
                "Actual Startup Time": 69.899,
                "Actual Total Time": 2574.875,
                "Actual Rows": 343048,
                "Actual Loops": 2,
                "Inner Unique": true,
                "Plans": [
                  {
                    "Node Type": "Hash Join",
                    "Parent Relationship": "Outer",
                    "Parallel Aware": true,
                    "Join Type": "Inner",
                    "Startup Cost": 39219.67,
                    "Total Cost": 447885.45,
                    "Plan Rows": 289791,
                    "Plan Width": 25,
                    "Actual Startup Time": 69.843,
                    "Actual Total Time": 1831.587,
                    "Actual Rows": 391382,
                    "Actual Loops": 2,
                    "Inner Unique": true,
                    "Hash Cond": "(ci.movie_id = t.id)",
                    "Plans": [
                      {
                        "Node Type": "Index Scan",
                        "Parent Relationship": "Outer",
                        "Parallel Aware": true,
                        "Scan Direction": "Forward",
                        "Index Name": "role_id_cast_info",
                        "Relation Name": "cast_info",
                        "Alias": "ci",
                        "Startup Cost": 0.56,
                        "Total Cost": 389077.37,
                        "Plan Rows": 7462453,
                        "Plan Width": 8,
                        "Actual Startup Time": 0.032,
                        "Actual Total Time": 820.155,
                        "Actual Rows": 6335344,
                        "Actual Loops": 2,
                        "Index Cond": "(role_id = 1)",
                        "Rows Removed by Index Recheck": 0
                      },
                      {
                        "Node Type": "Hash",
                        "Parent Relationship": "Inner",
                        "Parallel Aware": true,
                        "Startup Cost": 38497.21,
                        "Total Cost": 38497.21,
                        "Plan Rows": 57752,
                        "Plan Width": 25,
                        "Actual Startup Time": 67.35,
                        "Actual Total Time": 67.351,
                        "Actual Rows": 50268,
                        "Actual Loops": 2,
                        "Hash Buckets": 131072,
                        "Original Hash Buckets": 131072,
                        "Hash Batches": 1,
                        "Original Hash Batches": 1,
                        "Peak Memory Usage": 7712,
                        "Plans": [
                          {
                            "Node Type": "Bitmap Heap Scan",
                            "Parent Relationship": "Outer",
                            "Parallel Aware": true,
                            "Relation Name": "title",
                            "Alias": "t",
                            "Startup Cost": 1777.31,
                            "Total Cost": 38497.21,
                            "Plan Rows": 57752,
                            "Plan Width": 25,
                            "Actual Startup Time": 14.601,
                            "Actual Total Time": 49.637,
                            "Actual Rows": 50268,
                            "Actual Loops": 2,
                            "Recheck Cond": "(kind_id = 3)",
                            "Rows Removed by Index Recheck": 0,
                            "Exact Heap Blocks": 9706,
                            "Lossy Heap Blocks": 0,
                            "Plans": [
                              {
                                "Node Type": "Bitmap Index Scan",
                                "Parent Relationship": "Outer",
                                "Parallel Aware": false,
                                "Index Name": "kind_id_title",
                                "Startup Cost": 0.0,
                                "Total Cost": 1752.77,
                                "Plan Rows": 98178,
                                "Plan Width": 0,
                                "Actual Startup Time": 14.045,
                                "Actual Total Time": 14.045,
                                "Actual Rows": 100537,
                                "Actual Loops": 1,
                                "Index Cond": "(kind_id = 3)"
                              }
                            ]
                          }
                        ]
                      }
                    ]
                  },
                  {
                    "Node Type": "Index Scan",
                    "Parent Relationship": "Inner",
                    "Parallel Aware": false,
                    "Scan Direction": "Forward",
                    "Index Name": "char_name_pkey",
                    "Relation Name": "char_name",
                    "Alias": "cn",
                    "Startup Cost": 0.43,
                    "Total Cost": 0.46,
                    "Plan Rows": 1,
                    "Plan Width": 20,
                    "Actual Startup Time": 0.002,
                    "Actual Total Time": 0.002,
                    "Actual Rows": 1,
                    "Actual Loops": 782764,
                    "Index Cond": "(id = ci.person_role_id)",
                    "Rows Removed by Index Recheck": 0
                  }
                ]
              }
            ]
          }
        ]
      }
    ]
  },
  "Planning Time": 1.176,
  "Triggers": [],
  "Execution Time": 2669.288
}