[
  {
    "Plan": {
      "Node Type": "Aggregate",
      "Strategy": "Plain",
      "Partial Mode": "Finalize",
      "Parallel Aware": false,
      "Startup Cost": 424035.44,
      "Total Cost": 424035.45,
      "Plan Rows": 1,
      "Plan Width": 8,
      "Actual Startup Time": 2151.308,
      "Actual Total Time": 2223.403,
      "Actual Rows": 1,
      "Actual Loops": 1,
      "Plans": [
        {
          "Node Type": "Gather",
          "Parent Relationship": "Outer",
          "Parallel Aware": false,
          "Startup Cost": 424034.82,
          "Total Cost": 424035.43,
          "Plan Rows": 6,
          "Plan Width": 8,
          "Actual Startup Time": 2142.958,
          "Actual Total Time": 2223.393,
          "Actual Rows": 7,
          "Actual Loops": 1,
          "Workers Planned": 6,
          "Workers Launched": 6,
          "Single Copy": false,
          "Plans": [
            {
              "Node Type": "Aggregate",
              "Strategy": "Plain",
              "Partial Mode": "Partial",
              "Parent Relationship": "Outer",
              "Parallel Aware": false,
              "Startup Cost": 423034.82,
              "Total Cost": 423034.83,
              "Plan Rows": 1,
              "Plan Width": 8,
              "Actual Startup Time": 2131.846,
              "Actual Total Time": 2131.959,
              "Actual Rows": 1,
              "Actual Loops": 7,
              "Plans": [
                {
                  "Node Type": "Hash Join",
                  "Parent Relationship": "Outer",
                  "Parallel Aware": true,
                  "Join Type": "Inner",
                  "Startup Cost": 79805.17,
                  "Total Cost": 419274.76,
                  "Plan Rows": 1504024,
                  "Plan Width": 0,
                  "Actual Startup Time": 300.95,
                  "Actual Total Time": 2031.759,
                  "Actual Rows": 2375224,
                  "Actual Loops": 7,
                  "Inner Unique": false,
                  "Hash Cond": "(ci.movie_id = t.id)",
                  "Plans": [
                    {
                      "Node Type": "Seq Scan",
                      "Parent Relationship": "Outer",
                      "Parallel Aware": true,
                      "Relation Name": "cast_info",
                      "Alias": "ci",
                      "Startup Cost": 0.0,
                      "Total Cost": 313067.02,
                      "Plan Rows": 6038002,
                      "Plan Width": 4,
                      "Actual Startup Time": 0.023,
                      "Actual Total Time": 533.719,
                      "Actual Rows": 5177763,
                      "Actual Loops": 7
                    },
                    {
                      "Node Type": "Hash",
                      "Parent Relationship": "Inner",
                      "Parallel Aware": true,
                      "Startup Cost": 77837.11,
                      "Total Cost": 77837.11,
                      "Plan Rows": 157445,
                      "Plan Width": 8,
                      "Actual Startup Time": 297.575,
                      "Actual Total Time": 297.686,
                      "Actual Rows": 91701,
                      "Actual Loops": 7,
                      "Hash Buckets": 1048576,
                      "Original Hash Buckets": 1048576,
                      "Hash Batches": 1,
                      "Original Hash Batches": 1,
                      "Peak Memory Usage": 33408,
                      "Plans": [
                        {
                          "Node Type": "Hash Join",
                          "Parent Relationship": "Outer",
                          "Parallel Aware": true,
                          "Join Type": "Inner",
                          "Startup Cost": 31850.12,
                          "Total Cost": 77837.11,
                          "Plan Rows": 157445,
                          "Plan Width": 8,
                          "Actual Startup Time": 102.161,
                          "Actual Total Time": 255.668,
                          "Actual Rows": 91701,
                          "Actual Loops": 7,
                          "Inner Unique": false,
                          "Hash Cond": "(t.id = mc.movie_id)",
                          "Plans": [
                            {
                              "Node Type": "Seq Scan",
                              "Parent Relationship": "Outer",
                              "Parallel Aware": true,
                              "Relation Name": "title",
                              "Alias": "t",
                              "Startup Cost": 0.0,
                              "Total Cost": 42318.73,
                              "Plan Rows": 632073,
                              "Plan Width": 4,
                              "Actual Startup Time": 0.013,
                              "Actual Total Time": 55.943,
                              "Actual Rows": 361187,
                              "Actual Loops": 7
                            },
                            {
                              "Node Type": "Hash",
                              "Parent Relationship": "Inner",
                              "Parallel Aware": true,
                              "Startup Cost": 29310.68,
                              "Total Cost": 29310.68,
                              "Plan Rows": 203155,
                              "Plan Width": 4,
                              "Actual Startup Time": 100.643,
                              "Actual Total Time": 100.644,
                              "Actual Rows": 91701,
                              "Actual Loops": 7,
                              "Hash Buckets": 1048576,
                              "Original Hash Buckets": 1048576,
                              "Hash Batches": 1,
                              "Original Hash Batches": 1,
                              "Peak Memory Usage": 33440,
                              "Plans": [
                                {
                                  "Node Type": "Seq Scan",
                                  "Parent Relationship": "Outer",
                                  "Parallel Aware": true,
                                  "Relation Name": "movie_companies",
                                  "Alias": "mc",
                                  "Startup Cost": 0.0,
                                  "Total Cost": 29310.68,
                                  "Plan Rows": 203155,
                                  "Plan Width": 4,
                                  "Actual Startup Time": 30.455,
                                  "Actual Total Time": 60.963,
                                  "Actual Rows": 91701,
                                  "Actual Loops": 7,
                                  "Filter": "(company_id > 56642)",
                                  "Rows Removed by Filter": 281032
                                }
                              ]
                            }
                          ]
                        }
                      ]
                    }
                  ]
                }
              ]
            }
          ]
        }
      ]
    },
    "Planning Time": 1.417,
    "Triggers": [],
    "Execution Time": 2223.509
  }
]