[
  {
    "Plan": {
      "Node Type": "Aggregate",
      "Strategy": "Plain",
      "Partial Mode": "Finalize",
      "Parallel Aware": false,
      "Startup Cost": 54381.01,
      "Total Cost": 54381.02,
      "Plan Rows": 1,
      "Plan Width": 8,
      "Actual Startup Time": 90.42,
      "Actual Total Time": 104.531,
      "Actual Rows": 1,
      "Actual Loops": 1,
      "Plans": [
        {
          "Node Type": "Gather",
          "Parent Relationship": "Outer",
          "Parallel Aware": false,
          "Startup Cost": 54380.59,
          "Total Cost": 54381.0,
          "Plan Rows": 4,
          "Plan Width": 8,
          "Actual Startup Time": 90.226,
          "Actual Total Time": 104.522,
          "Actual Rows": 5,
          "Actual Loops": 1,
          "Workers Planned": 4,
          "Workers Launched": 4,
          "Single Copy": false,
          "Plans": [
            {
              "Node Type": "Aggregate",
              "Strategy": "Plain",
              "Partial Mode": "Partial",
              "Parent Relationship": "Outer",
              "Parallel Aware": false,
              "Startup Cost": 53380.59,
              "Total Cost": 53380.6,
              "Plan Rows": 1,
              "Plan Width": 8,
              "Actual Startup Time": 86.028,
              "Actual Total Time": 86.031,
              "Actual Rows": 1,
              "Actual Loops": 5,
              "Plans": [
                {
                  "Node Type": "Nested Loop",
                  "Parent Relationship": "Outer",
                  "Parallel Aware": false,
                  "Join Type": "Inner",
                  "Startup Cost": 0.43,
                  "Total Cost": 53379.48,
                  "Plan Rows": 444,
                  "Plan Width": 0,
                  "Actual Startup Time": 51.97,
                  "Actual Total Time": 85.945,
                  "Actual Rows": 873,
                  "Actual Loops": 5,
                  "Inner Unique": false,
                  "Plans": [
                    {
                      "Node Type": "Seq Scan",
                      "Parent Relationship": "Outer",
                      "Parallel Aware": true,
                      "Relation Name": "title",
                      "Alias": "t",
                      "Startup Cost": 0.0,
                      "Total Cost": 45479.59,
                      "Plan Rows": 1227,
                      "Plan Width": 4,
                      "Actual Startup Time": 50.758,
                      "Actual Total Time": 77.784,
                      "Actual Rows": 959,
                      "Actual Loops": 5,
                      "Filter": "((kind_id = 1) AND (production_year = 1985))",
                      "Rows Removed by Filter": 504704
                    },
                    {
                      "Node Type": "Index Scan",
                      "Parent Relationship": "Inner",
                      "Parallel Aware": false,
                      "Scan Direction": "Forward",
                      "Index Name": "movie_id_movie_info_idx",
                      "Relation Name": "movie_info_idx",
                      "Alias": "mi_idx",
                      "Startup Cost": 0.43,
                      "Total Cost": 6.42,
                      "Plan Rows": 2,
                      "Plan Width": 4,
                      "Actual Startup Time": 0.008,
                      "Actual Total Time": 0.008,
                      "Actual Rows": 1,
                      "Actual Loops": 4793,
                      "Index Cond": "(movie_id = t.id)",
                      "Rows Removed by Index Recheck": 0,
                      "Filter": "(info_type_id < 101)",
                      "Rows Removed by Filter": 0
                    }
                  ]
                }
              ]
            }
          ]
        }
      ]
    },
    "Planning Time": 0.494,
    "Triggers": [],
    "Execution Time": 104.577
  }
]