[
  {
    "Plan": {
      "Node Type": "Aggregate",
      "Strategy": "Plain",
      "Partial Mode": "Finalize",
      "Parallel Aware": false,
      "Startup Cost": 39659.08,
      "Total Cost": 39659.09,
      "Plan Rows": 1,
      "Plan Width": 8,
      "Actual Startup Time": 53.686,
      "Actual Total Time": 58.945,
      "Actual Rows": 1,
      "Actual Loops": 1,
      "Plans": [
        {
          "Node Type": "Gather",
          "Parent Relationship": "Outer",
          "Parallel Aware": false,
          "Startup Cost": 39658.66,
          "Total Cost": 39659.07,
          "Plan Rows": 4,
          "Plan Width": 8,
          "Actual Startup Time": 53.487,
          "Actual Total Time": 58.939,
          "Actual Rows": 5,
          "Actual Loops": 1,
          "Workers Planned": 4,
          "Workers Launched": 4,
          "Single Copy": false,
          "Plans": [
            {
              "Node Type": "Aggregate",
              "Strategy": "Plain",
              "Partial Mode": "Partial",
              "Parent Relationship": "Outer",
              "Parallel Aware": false,
              "Startup Cost": 38658.66,
              "Total Cost": 38658.67,
              "Plan Rows": 1,
              "Plan Width": 8,
              "Actual Startup Time": 47.577,
              "Actual Total Time": 47.578,
              "Actual Rows": 1,
              "Actual Loops": 5,
              "Plans": [
                {
                  "Node Type": "Bitmap Heap Scan",
                  "Parent Relationship": "Outer",
                  "Parallel Aware": true,
                  "Relation Name": "title",
                  "Alias": "t",
                  "Startup Cost": 2178.14,
                  "Total Cost": 38631.57,
                  "Plan Rows": 10838,
                  "Plan Width": 0,
                  "Actual Startup Time": 14.506,
                  "Actual Total Time": 46.713,
                  "Actual Rows": 9290,
                  "Actual Loops": 5,
                  "Recheck Cond": "(kind_id = 4)",
                  "Rows Removed by Index Recheck": 0,
                  "Filter": "(production_year > 2006)",
                  "Rows Removed by Filter": 14357,
                  "Exact Heap Blocks": 6404,
                  "Lossy Heap Blocks": 0,
                  "Plans": [
                    {
                      "Node Type": "Bitmap Index Scan",
                      "Parent Relationship": "Outer",
                      "Parallel Aware": false,
                      "Index Name": "kind_id_title",
                      "Startup Cost": 0.0,
                      "Total Cost": 2167.3,
                      "Plan Rows": 121449,
                      "Plan Width": 0,
                      "Actual Startup Time": 14.004,
                      "Actual Total Time": 14.005,
                      "Actual Rows": 118234,
                      "Actual Loops": 1,
                      "Index Cond": "(kind_id = 4)"
                    }
                  ]
                }
              ]
            }
          ]
        }
      ]
    },
    "Planning Time": 0.124,
    "Triggers": [],
    "Execution Time": 58.999
  }
]