[
  {
    "Plan": {
      "Node Type": "Aggregate",
      "Strategy": "Plain",
      "Partial Mode": "Finalize",
      "Parallel Aware": false,
      "Startup Cost": 325167.02,
      "Total Cost": 325167.03,
      "Plan Rows": 1,
      "Plan Width": 8,
      "Actual Startup Time": 304.894,
      "Actual Total Time": 316.292,
      "Actual Rows": 1,
      "Actual Loops": 1,
      "Plans": [
        {
          "Node Type": "Gather",
          "Parent Relationship": "Outer",
          "Parallel Aware": false,
          "Startup Cost": 325166.4,
          "Total Cost": 325167.01,
          "Plan Rows": 6,
          "Plan Width": 8,
          "Actual Startup Time": 303.93,
          "Actual Total Time": 316.28,
          "Actual Rows": 7,
          "Actual Loops": 1,
          "Workers Planned": 6,
          "Workers Launched": 6,
          "Single Copy": false,
          "Plans": [
            {
              "Node Type": "Aggregate",
              "Strategy": "Plain",
              "Partial Mode": "Partial",
              "Parent Relationship": "Outer",
              "Parallel Aware": false,
              "Startup Cost": 324166.4,
              "Total Cost": 324166.41,
              "Plan Rows": 1,
              "Plan Width": 8,
              "Actual Startup Time": 297.418,
              "Actual Total Time": 297.42,
              "Actual Rows": 1,
              "Actual Loops": 7,
              "Plans": [
                {
                  "Node Type": "Bitmap Heap Scan",
                  "Parent Relationship": "Outer",
                  "Parallel Aware": true,
                  "Relation Name": "cast_info",
                  "Alias": "ci",
                  "Startup Cost": 63480.84,
                  "Total Cost": 323384.98,
                  "Plan Rows": 312566,
                  "Plan Width": 0,
                  "Actual Startup Time": 122.784,
                  "Actual Total Time": 276.192,
                  "Actual Rows": 400096,
                  "Actual Loops": 7,
                  "Recheck Cond": "(person_id > 3531085)",
                  "Rows Removed by Index Recheck": 0,
                  "Filter": "(role_id > 1)",
                  "Rows Removed by Filter": 0,
                  "Exact Heap Blocks": 8485,
                  "Lossy Heap Blocks": 0,
                  "Plans": [
                    {
                      "Node Type": "Bitmap Index Scan",
                      "Parent Relationship": "Outer",
                      "Parallel Aware": false,
                      "Index Name": "person_id_cast_info",
                      "Startup Cost": 0.0,
                      "Total Cost": 63011.99,
                      "Plan Rows": 2886857,
                      "Plan Width": 0,
                      "Actual Startup Time": 121.567,
                      "Actual Total Time": 121.567,
                      "Actual Rows": 2800669,
                      "Actual Loops": 1,
                      "Index Cond": "(person_id > 3531085)"
                    }
                  ]
                }
              ]
            }
          ]
        }
      ]
    },
    "Planning Time": 0.239,
    "Triggers": [],
    "Execution Time": 316.374
  }
]