[
  {
    "Plan": {
      "Node Type": "Aggregate",
      "Strategy": "Plain",
      "Partial Mode": "Finalize",
      "Parallel Aware": false,
      "Startup Cost": 325877.82,
      "Total Cost": 325877.83,
      "Plan Rows": 1,
      "Plan Width": 8,
      "Actual Startup Time": 262.656,
      "Actual Total Time": 273.307,
      "Actual Rows": 1,
      "Actual Loops": 1,
      "Plans": [
        {
          "Node Type": "Gather",
          "Parent Relationship": "Outer",
          "Parallel Aware": false,
          "Startup Cost": 325877.19,
          "Total Cost": 325877.8,
          "Plan Rows": 6,
          "Plan Width": 8,
          "Actual Startup Time": 262.005,
          "Actual Total Time": 273.298,
          "Actual Rows": 7,
          "Actual Loops": 1,
          "Workers Planned": 6,
          "Workers Launched": 6,
          "Single Copy": false,
          "Plans": [
            {
              "Node Type": "Aggregate",
              "Strategy": "Plain",
              "Partial Mode": "Partial",
              "Parent Relationship": "Outer",
              "Parallel Aware": false,
              "Startup Cost": 324877.19,
              "Total Cost": 324877.2,
              "Plan Rows": 1,
              "Plan Width": 8,
              "Actual Startup Time": 252.973,
              "Actual Total Time": 252.974,
              "Actual Rows": 1,
              "Actual Loops": 7,
              "Plans": [
                {
                  "Node Type": "Bitmap Heap Scan",
                  "Parent Relationship": "Outer",
                  "Parallel Aware": true,
                  "Relation Name": "cast_info",
                  "Alias": "ci",
                  "Startup Cost": 64109.16,
                  "Total Cost": 324081.14,
                  "Plan Rows": 318419,
                  "Plan Width": 0,
                  "Actual Startup Time": 116.93,
                  "Actual Total Time": 234.207,
                  "Actual Rows": 400096,
                  "Actual Loops": 7,
                  "Recheck Cond": "(person_id > 3531085)",
                  "Rows Removed by Index Recheck": 0,
                  "Filter": "(role_id > 1)",
                  "Rows Removed by Filter": 0,
                  "Exact Heap Blocks": 8629,
                  "Lossy Heap Blocks": 0,
                  "Plans": [
                    {
                      "Node Type": "Bitmap Index Scan",
                      "Parent Relationship": "Outer",
                      "Parallel Aware": false,
                      "Index Name": "person_id_cast_info",
                      "Startup Cost": 0.0,
                      "Total Cost": 63631.53,
                      "Plan Rows": 2913995,
                      "Plan Width": 0,
                      "Actual Startup Time": 118.189,
                      "Actual Total Time": 118.19,
                      "Actual Rows": 2800669,
                      "Actual Loops": 1,
                      "Index Cond": "(person_id > 3531085)"
                    }
                  ]
                }
              ]
            }
          ]
        }
      ]
    },
    "Planning Time": 0.231,
    "Triggers": [],
    "Execution Time": 273.386
  }
]