[
  {
    "Plan": {
      "Node Type": "Aggregate",
      "Strategy": "Plain",
      "Partial Mode": "Finalize",
      "Parallel Aware": false,
      "Startup Cost": 218627.35,
      "Total Cost": 218627.36,
      "Plan Rows": 1,
      "Plan Width": 8,
      "Actual Startup Time": 933.978,
      "Actual Total Time": 976.172,
      "Actual Rows": 1,
      "Actual Loops": 1,
      "Plans": [
        {
          "Node Type": "Gather",
          "Parent Relationship": "Outer",
          "Parallel Aware": false,
          "Startup Cost": 218627.04,
          "Total Cost": 218627.35,
          "Plan Rows": 3,
          "Plan Width": 8,
          "Actual Startup Time": 924.047,
          "Actual Total Time": 976.162,
          "Actual Rows": 4,
          "Actual Loops": 1,
          "Workers Planned": 3,
          "Workers Launched": 3,
          "Single Copy": false,
          "Plans": [
            {
              "Node Type": "Aggregate",
              "Strategy": "Plain",
              "Partial Mode": "Partial",
              "Parent Relationship": "Outer",
              "Parallel Aware": false,
              "Startup Cost": 217627.04,
              "Total Cost": 217627.05,
              "Plan Rows": 1,
              "Plan Width": 8,
              "Actual Startup Time": 913.521,
              "Actual Total Time": 913.525,
              "Actual Rows": 1,
              "Actual Loops": 4,
              "Plans": [
                {
                  "Node Type": "Nested Loop",
                  "Parent Relationship": "Outer",
                  "Parallel Aware": false,
                  "Join Type": "Inner",
                  "Startup Cost": 56488.98,
                  "Total Cost": 217136.45,
                  "Plan Rows": 196234,
                  "Plan Width": 0,
                  "Actual Startup Time": 274.067,
                  "Actual Total Time": 887.936,
                  "Actual Rows": 533958,
                  "Actual Loops": 4,
                  "Inner Unique": false,
                  "Plans": [
                    {
                      "Node Type": "Hash Join",
                      "Parent Relationship": "Outer",
                      "Parallel Aware": true,
                      "Join Type": "Inner",
                      "Startup Cost": 56488.54,
                      "Total Cost": 77167.28,
                      "Plan Rows": 66389,
                      "Plan Width": 8,
                      "Actual Startup Time": 273.923,
                      "Actual Total Time": 343.697,
                      "Actual Rows": 56298,
                      "Actual Loops": 4,
                      "Inner Unique": true,
                      "Hash Cond": "(mc.movie_id = t.id)",
                      "Plans": [
                        {
                          "Node Type": "Bitmap Heap Scan",
                          "Parent Relationship": "Outer",
                          "Parallel Aware": true,
                          "Relation Name": "movie_companies",
                          "Alias": "mc",
                          "Startup Cost": 8388.55,
                          "Total Cost": 28739.48,
                          "Plan Rows": 124875,
                          "Plan Width": 4,
                          "Actual Startup Time": 29.175,
                          "Actual Total Time": 48.184,
                          "Actual Rows": 96316,
                          "Actual Loops": 4,
                          "Recheck Cond": "(company_id > 83645)",
                          "Rows Removed by Index Recheck": 0,
                          "Exact Heap Blocks": 1742,
                          "Lossy Heap Blocks": 0,
                          "Plans": [
                            {
                              "Node Type": "Bitmap Index Scan",
                              "Parent Relationship": "Outer",
                              "Parallel Aware": false,
                              "Index Name": "company_id_movie_companies",
                              "Startup Cost": 0.0,
                              "Total Cost": 8291.77,
                              "Plan Rows": 387112,
                              "Plan Width": 0,
                              "Actual Startup Time": 28.313,
                              "Actual Total Time": 28.313,
                              "Actual Rows": 385262,
                              "Actual Loops": 1,
                              "Index Cond": "(company_id > 83645)"
                            }
                          ]
                        },
                        {
                          "Node Type": "Hash",
                          "Parent Relationship": "Inner",
                          "Parallel Aware": true,
                          "Startup Cost": 43899.32,
                          "Total Cost": 43899.32,
                          "Plan Rows": 336054,
                          "Plan Width": 4,
                          "Actual Startup Time": 237.932,
                          "Actual Total Time": 237.933,
                          "Actual Rows": 337073,
                          "Actual Loops": 4,
                          "Hash Buckets": 2097152,
                          "Original Hash Buckets": 2097152,
                          "Hash Batches": 1,
                          "Original Hash Batches": 1,
                          "Peak Memory Usage": 69184,
                          "Plans": [
                            {
                              "Node Type": "Seq Scan",
                              "Parent Relationship": "Outer",
                              "Parallel Aware": true,
                              "Relation Name": "title",
                              "Alias": "t",
                              "Startup Cost": 0.0,
                              "Total Cost": 43899.32,
                              "Plan Rows": 336054,
                              "Plan Width": 4,
                              "Actual Startup Time": 0.039,
                              "Actual Total Time": 108.252,
                              "Actual Rows": 337073,
                              "Actual Loops": 4,
                              "Filter": "(production_year < 2005)",
                              "Rows Removed by Filter": 295005
                            }
                          ]
                        }
                      ]
                    },
                    {
                      "Node Type": "Index Scan",
                      "Parent Relationship": "Inner",
                      "Parallel Aware": false,
                      "Scan Direction": "Forward",
                      "Index Name": "movie_id_movie_info",
                      "Relation Name": "movie_info",
                      "Alias": "mi",
                      "Startup Cost": 0.43,
                      "Total Cost": 1.9,
                      "Plan Rows": 21,
                      "Plan Width": 4,
                      "Actual Startup Time": 0.004,
                      "Actual Total Time": 0.009,
                      "Actual Rows": 9,
                      "Actual Loops": 225190,
                      "Index Cond": "(movie_id = t.id)",
                      "Rows Removed by Index Recheck": 0,
                      "Filter": "(info_type_id > 7)",
                      "Rows Removed by Filter": 8
                    }
                  ]
                }
              ]
            }
          ]
        }
      ]
    },
    "Planning Time": 0.953,
    "Triggers": [],
    "Execution Time": 976.267
  }
]