{
    "Plan": {
        "Node Type": "Aggregate",
        "Strategy": "Plain",
        "Partial Mode": "Finalize",
        "Parallel Aware": false,
        "Startup Cost": 248043.33,
        "Total Cost": 248043.34,
        "Plan Rows": 1,
        "Plan Width": 8,
        "Actual Startup Time": 507.872,
        "Actual Total Time": 544.572,
        "Actual Rows": 1,
        "Actual Loops": 1,
        "Output": [
            "count(*)"
        ],
        "Plans": [
            {
                "Node Type": "Gather",
                "Parent Relationship": "Outer",
                "Parallel Aware": false,
                "Startup Cost": 248042.81,
                "Total Cost": 248043.32,
                "Plan Rows": 5,
                "Plan Width": 8,
                "Actual Startup Time": 501.735,
                "Actual Total Time": 544.56,
                "Actual Rows": 6,
                "Actual Loops": 1,
                "Output": [
                    "(PARTIAL count(*))"
                ],
                "Workers Planned": 5,
                "Workers Launched": 5,
                "Single Copy": false,
                "Plans": [
                    {
                        "Node Type": "Aggregate",
                        "Strategy": "Plain",
                        "Partial Mode": "Partial",
                        "Parent Relationship": "Outer",
                        "Parallel Aware": false,
                        "Startup Cost": 247042.81,
                        "Total Cost": 247042.82,
                        "Plan Rows": 1,
                        "Plan Width": 8,
                        "Actual Startup Time": 491.29,
                        "Actual Total Time": 491.294,
                        "Actual Rows": 1,
                        "Actual Loops": 6,
                        "Output": [
                            "PARTIAL count(*)"
                        ],
                        "Workers": [
                            {
                                "Worker Number": 0,
                                "Actual Startup Time": 489.026,
                                "Actual Total Time": 489.029,
                                "Actual Rows": 1,
                                "Actual Loops": 1
                            },
                            {
                                "Worker Number": 1,
                                "Actual Startup Time": 489.161,
                                "Actual Total Time": 489.164,
                                "Actual Rows": 1,
                                "Actual Loops": 1
                            },
                            {
                                "Worker Number": 2,
                                "Actual Startup Time": 489.613,
                                "Actual Total Time": 489.615,
                                "Actual Rows": 1,
                                "Actual Loops": 1
                            },
                            {
                                "Worker Number": 3,
                                "Actual Startup Time": 489.261,
                                "Actual Total Time": 489.264,
                                "Actual Rows": 1,
                                "Actual Loops": 1
                            },
                            {
                                "Worker Number": 4,
                                "Actual Startup Time": 489.784,
                                "Actual Total Time": 489.787,
                                "Actual Rows": 1,
                                "Actual Loops": 1
                            }
                        ],
                        "Plans": [
                            {
                                "Node Type": "Hash Join",
                                "Parent Relationship": "Outer",
                                "Parallel Aware": true,
                                "Join Type": "Inner",
                                "Startup Cost": 47190.28,
                                "Total Cost": 246876.65,
                                "Plan Rows": 66465,
                                "Plan Width": 0,
                                "Actual Startup Time": 403.997,
                                "Actual Total Time": 485.098,
                                "Actual Rows": 146204,
                                "Actual Loops": 6,
                                "Inner Unique": true,
                                "Hash Cond": "(mi.movie_id = t.id)",
                                "Workers": [
                                    {
                                        "Worker Number": 0,
                                        "Actual Startup Time": 401.822,
                                        "Actual Total Time": 482.391,
                                        "Actual Rows": 105444,
                                        "Actual Loops": 1
                                    },
                                    {
                                        "Worker Number": 1,
                                        "Actual Startup Time": 401.935,
                                        "Actual Total Time": 483.287,
                                        "Actual Rows": 149878,
                                        "Actual Loops": 1
                                    },
                                    {
                                        "Worker Number": 2,
                                        "Actual Startup Time": 402.02,
                                        "Actual Total Time": 483.638,
                                        "Actual Rows": 155416,
                                        "Actual Loops": 1
                                    },
                                    {
                                        "Worker Number": 3,
                                        "Actual Startup Time": 402.032,
                                        "Actual Total Time": 483.292,
                                        "Actual Rows": 154856,
                                        "Actual Loops": 1
                                    },
                                    {
                                        "Worker Number": 4,
                                        "Actual Startup Time": 402.528,
                                        "Actual Total Time": 483.926,
                                        "Actual Rows": 148859,
                                        "Actual Loops": 1
                                    }
                                ],
                                "Plans": [
                                    {
                                        "Node Type": "Seq Scan",
                                        "Parent Relationship": "Outer",
                                        "Parallel Aware": true,
                                        "Relation Name": "movie_info",
                                        "Schema": "public",
                                        "Alias": "mi",
                                        "Startup Cost": 0.0,
                                        "Total Cost": 198880.74,
                                        "Plan Rows": 306906,
                                        "Plan Width": 4,
                                        "Actual Startup Time": 266.261,
                                        "Actual Total Time": 300.552,
                                        "Actual Rows": 255652,
                                        "Actual Loops": 6,
                                        "Output": [
                                            "mi.id",
                                            "mi.movie_id",
                                            "mi.info_type_id",
                                            "mi.info",
                                            "mi.note"
                                        ],
                                        "Filter": "(mi.info_type_id = 3)",
                                        "Rows Removed by Filter": 2216968,
                                        "Workers": [
                                            {
                                                "Worker Number": 0,
                                                "Actual Startup Time": 266.259,
                                                "Actual Total Time": 302.996,
                                                "Actual Rows": 184194,
                                                "Actual Loops": 1
                                            },
                                            {
                                                "Worker Number": 1,
                                                "Actual Startup Time": 266.253,
                                                "Actual Total Time": 300.944,
                                                "Actual Rows": 261126,
                                                "Actual Loops": 1
                                            },
                                            {
                                                "Worker Number": 2,
                                                "Actual Startup Time": 266.267,
                                                "Actual Total Time": 300.591,
                                                "Actual Rows": 272904,
                                                "Actual Loops": 1
                                            },
                                            {
                                                "Worker Number": 3,
                                                "Actual Startup Time": 266.274,
                                                "Actual Total Time": 300.405,
                                                "Actual Rows": 270606,
                                                "Actual Loops": 1
                                            },
                                            {
                                                "Worker Number": 4,
                                                "Actual Startup Time": 266.259,
                                                "Actual Total Time": 301.075,
                                                "Actual Rows": 260501,
                                                "Actual Loops": 1
                                            }
                                        ]
                                    },
                                    {
                                        "Node Type": "Hash",
                                        "Parent Relationship": "Inner",
                                        "Parallel Aware": true,
                                        "Startup Cost": 45479.21,
                                        "Total Cost": 45479.21,
                                        "Plan Rows": 136886,
                                        "Plan Width": 4,
                                        "Actual Startup Time": 125.269,
                                        "Actual Total Time": 125.27,
                                        "Actual Rows": 92886,
                                        "Actual Loops": 6,
                                        "Output": [
                                            "t.id"
                                        ],
                                        "Hash Buckets": 1048576,
                                        "Original Hash Buckets": 1048576,
                                        "Hash Batches": 1,
                                        "Original Hash Batches": 1,
                                        "Peak Memory Usage": 30080,
                                        "Workers": [
                                            {
                                                "Worker Number": 0,
                                                "Actual Startup Time": 126.165,
                                                "Actual Total Time": 126.166,
                                                "Actual Rows": 69129,
                                                "Actual Loops": 1
                                            },
                                            {
                                                "Worker Number": 1,
                                                "Actual Startup Time": 126.313,
                                                "Actual Total Time": 126.315,
                                                "Actual Rows": 92309,
                                                "Actual Loops": 1
                                            },
                                            {
                                                "Worker Number": 2,
                                                "Actual Startup Time": 126.393,
                                                "Actual Total Time": 126.393,
                                                "Actual Rows": 98523,
                                                "Actual Loops": 1
                                            },
                                            {
                                                "Worker Number": 3,
                                                "Actual Startup Time": 126.339,
                                                "Actual Total Time": 126.34,
                                                "Actual Rows": 96997,
                                                "Actual Loops": 1
                                            },
                                            {
                                                "Worker Number": 4,
                                                "Actual Startup Time": 126.933,
                                                "Actual Total Time": 126.934,
                                                "Actual Rows": 93277,
                                                "Actual Loops": 1
                                            }
                                        ],
                                        "Plans": [
                                            {
                                                "Node Type": "Seq Scan",
                                                "Parent Relationship": "Outer",
                                                "Parallel Aware": true,
                                                "Relation Name": "title",
                                                "Schema": "public",
                                                "Alias": "t",
                                                "Startup Cost": 0.0,
                                                "Total Cost": 45479.21,
                                                "Plan Rows": 136886,
                                                "Plan Width": 4,
                                                "Actual Startup Time": 53.257,
                                                "Actual Total Time": 85.744,
                                                "Actual Rows": 92886,
                                                "Actual Loops": 6,
                                                "Output": [
                                                    "t.id"
                                                ],
                                                "Filter": "((t.production_year < 2011) AND (t.kind_id = 1))",
                                                "Rows Removed by Filter": 328499,
                                                "Workers": [
                                                    {
                                                        "Worker Number": 0,
                                                        "Actual Startup Time": 53.306,
                                                        "Actual Total Time": 86.927,
                                                        "Actual Rows": 69129,
                                                        "Actual Loops": 1
                                                    },
                                                    {
                                                        "Worker Number": 1,
                                                        "Actual Startup Time": 53.283,
                                                        "Actual Total Time": 86.358,
                                                        "Actual Rows": 92309,
                                                        "Actual Loops": 1
                                                    },
                                                    {
                                                        "Worker Number": 2,
                                                        "Actual Startup Time": 53.232,
                                                        "Actual Total Time": 85.809,
                                                        "Actual Rows": 98523,
                                                        "Actual Loops": 1
                                                    },
                                                    {
                                                        "Worker Number": 3,
                                                        "Actual Startup Time": 53.253,
                                                        "Actual Total Time": 85.246,
                                                        "Actual Rows": 96997,
                                                        "Actual Loops": 1
                                                    },
                                                    {
                                                        "Worker Number": 4,
                                                        "Actual Startup Time": 53.176,
                                                        "Actual Total Time": 86.462,
                                                        "Actual Rows": 93277,
                                                        "Actual Loops": 1
                                                    }
                                                ]
                                            }
                                        ]
                                    }
                                ]
                            }
                        ]
                    }
                ]
            }
        ]
    },
    "Planning Time": 0.698,
    "Triggers": [],
    "Execution Time": 544.653
}