{
  "Plan": {
    "Node Type": "Aggregate",
    "Strategy": "Plain",
    "Partial Mode": "Finalize",
    "Parallel Aware": false,
    "Startup Cost": 584077.87,
    "Total Cost": 584077.88,
    "Plan Rows": 1,
    "Plan Width": 8,
    "Actual Startup Time": 4045.492,
    "Actual Total Time": 4112.862,
    "Actual Rows": 1,
    "Actual Loops": 1,
    "Plans": [
      {
        "Node Type": "Gather",
        "Parent Relationship": "Outer",
        "Parallel Aware": false,
        "Startup Cost": 584077.75,
        "Total Cost": 584077.86,
        "Plan Rows": 1,
        "Plan Width": 8,
        "Actual Startup Time": 4044.725,
        "Actual Total Time": 4112.852,
        "Actual Rows": 2,
        "Actual Loops": 1,
        "Workers Planned": 1,
        "Workers Launched": 1,
        "Single Copy": false,
        "Plans": [
          {
            "Node Type": "Aggregate",
            "Strategy": "Plain",
            "Partial Mode": "Partial",
            "Parent Relationship": "Outer",
            "Parallel Aware": false,
            "Startup Cost": 583077.75,
            "Total Cost": 583077.76,
            "Plan Rows": 1,
            "Plan Width": 8,
            "Actual Startup Time": 4038.872,
            "Actual Total Time": 4038.876,
            "Actual Rows": 1,
            "Actual Loops": 2,
            "Plans": [
              {
                "Node Type": "Hash Join",
                "Parent Relationship": "Outer",
                "Parallel Aware": true,
                "Join Type": "Inner",
                "Startup Cost": 59092.32,
                "Total Cost": 580825.67,
                "Plan Rows": 900833,
                "Plan Width": 0,
                "Actual Startup Time": 168.344,
                "Actual Total Time": 3991.322,
                "Actual Rows": 1139238,
                "Actual Loops": 2,
                "Inner Unique": true,
                "Hash Cond": "(ci.movie_id = t.id)",
                "Plans": [
                  {
                    "Node Type": "Seq Scan",
                    "Parent Relationship": "Outer",
                    "Parallel Aware": true,
                    "Relation Name": "cast_info",
                    "Alias": "ci",
                    "Startup Cost": 0.0,
                    "Total Cost": 465792.95,
                    "Plan Rows": 21310595,
                    "Plan Width": 4,
                    "Actual Startup Time": 0.013,
                    "Actual Total Time": 1375.487,
                    "Actual Rows": 18122172,
                    "Actual Loops": 2
                  },
                  {
                    "Node Type": "Hash",
                    "Parent Relationship": "Inner",
                    "Parallel Aware": true,
                    "Startup Cost": 58306.47,
                    "Total Cost": 58306.47,
                    "Plan Rows": 62868,
                    "Plan Width": 4,
                    "Actual Startup Time": 165.768,
                    "Actual Total Time": 165.769,
                    "Actual Rows": 106208,
                    "Actual Loops": 2,
                    "Hash Buckets": 262144,
                    "Original Hash Buckets": 131072,
                    "Hash Batches": 1,
                    "Original Hash Batches": 1,
                    "Peak Memory Usage": 11392,
                    "Plans": [
                      {
                        "Node Type": "Seq Scan",
                        "Parent Relationship": "Outer",
                        "Parallel Aware": true,
                        "Relation Name": "title",
                        "Alias": "t",
                        "Startup Cost": 0.0,
                        "Total Cost": 58306.47,
                        "Plan Rows": 62868,
                        "Plan Width": 4,
                        "Actual Startup Time": 0.154,
                        "Actual Total Time": 140.307,
                        "Actual Rows": 106208,
                        "Actual Loops": 2,
                        "Filter": "((kind_id < 7) AND (production_year < 1964))",
                        "Rows Removed by Filter": 1157948
                      }
                    ]
                  }
                ]
              }
            ]
          }
        ]
      }
    ]
  },
  "Planning Time": 0.577,
  "Triggers": [],
  "Execution Time": 4112.978
}