{
  "Plan": {
    "Node Type": "Aggregate",
    "Strategy": "Plain",
    "Partial Mode": "Finalize",
    "Parallel Aware": false,
    "Startup Cost": 183399.38,
    "Total Cost": 183399.39,
    "Plan Rows": 1,
    "Plan Width": 8,
    "Actual Startup Time": 2574.107,
    "Actual Total Time": 2595.694,
    "Actual Rows": 1,
    "Actual Loops": 1,
    "Plans": [
      {
        "Node Type": "Gather",
        "Parent Relationship": "Outer",
        "Parallel Aware": false,
        "Startup Cost": 183399.27,
        "Total Cost": 183399.38,
        "Plan Rows": 1,
        "Plan Width": 8,
        "Actual Startup Time": 2569.034,
        "Actual Total Time": 2595.688,
        "Actual Rows": 2,
        "Actual Loops": 1,
        "Workers Planned": 1,
        "Workers Launched": 1,
        "Single Copy": false,
        "Plans": [
          {
            "Node Type": "Aggregate",
            "Strategy": "Plain",
            "Partial Mode": "Partial",
            "Parent Relationship": "Outer",
            "Parallel Aware": false,
            "Startup Cost": 182399.27,
            "Total Cost": 182399.28,
            "Plan Rows": 1,
            "Plan Width": 8,
            "Actual Startup Time": 2562.622,
            "Actual Total Time": 2562.628,
            "Actual Rows": 1,
            "Actual Loops": 2,
            "Plans": [
              {
                "Node Type": "Hash Join",
                "Parent Relationship": "Outer",
                "Parallel Aware": true,
                "Join Type": "Inner",
                "Startup Cost": 109955.19,
                "Total Cost": 180416.13,
                "Plan Rows": 793256,
                "Plan Width": 0,
                "Actual Startup Time": 866.168,
                "Actual Total Time": 2072.9,
                "Actual Rows": 12634992,
                "Actual Loops": 2,
                "Inner Unique": false,
                "Hash Cond": "(mk.movie_id = t.id)",
                "Plans": [
                  {
                    "Node Type": "Seq Scan",
                    "Parent Relationship": "Outer",
                    "Parallel Aware": true,
                    "Relation Name": "movie_keyword",
                    "Alias": "mk",
                    "Startup Cost": 0.0,
                    "Total Cost": 57718.19,
                    "Plan Rows": 2153745,
                    "Plan Width": 4,
                    "Actual Startup Time": 0.054,
                    "Actual Total Time": 195.457,
                    "Actual Rows": 1826652,
                    "Actual Loops": 2,
                    "Filter": "(keyword_id > 826)",
                    "Rows Removed by Filter": 435314
                  },
                  {
                    "Node Type": "Hash",
                    "Parent Relationship": "Inner",
                    "Parallel Aware": true,
                    "Startup Cost": 103108.07,
                    "Total Cost": 103108.07,
                    "Plan Rows": 547769,
                    "Plan Width": 8,
                    "Actual Startup Time": 857.102,
                    "Actual Total Time": 857.106,
                    "Actual Rows": 770669,
                    "Actual Loops": 2,
                    "Hash Buckets": 2097152,
                    "Original Hash Buckets": 1048576,
                    "Hash Batches": 1,
                    "Original Hash Batches": 1,
                    "Peak Memory Usage": 84896,
                    "Plans": [
                      {
                        "Node Type": "Hash Join",
                        "Parent Relationship": "Outer",
                        "Parallel Aware": true,
                        "Join Type": "Inner",
                        "Startup Cost": 64941.44,
                        "Total Cost": 103108.07,
                        "Plan Rows": 547769,
                        "Plan Width": 8,
                        "Actual Startup Time": 256.022,
                        "Actual Total Time": 668.49,
                        "Actual Rows": 770669,
                        "Actual Loops": 2,
                        "Inner Unique": true,
                        "Hash Cond": "(mc.movie_id = t.id)",
                        "Plans": [
                          {
                            "Node Type": "Seq Scan",
                            "Parent Relationship": "Outer",
                            "Parallel Aware": true,
                            "Relation Name": "movie_companies",
                            "Alias": "mc",
                            "Startup Cost": 0.0,
                            "Total Cost": 34137.82,
                            "Plan Rows": 1534782,
                            "Plan Width": 4,
                            "Actual Startup Time": 0.014,
                            "Actual Total Time": 100.24,
                            "Actual Rows": 1304564,
                            "Actual Loops": 2
                          },
                          {
                            "Node Type": "Hash",
                            "Parent Relationship": "Inner",
                            "Parallel Aware": true,
                            "Startup Cost": 58306.47,
                            "Total Cost": 58306.47,
                            "Plan Rows": 530798,
                            "Plan Width": 4,
                            "Actual Startup Time": 250.688,
                            "Actual Total Time": 250.689,
                            "Actual Rows": 409108,
                            "Actual Loops": 2,
                            "Hash Buckets": 1048576,
                            "Original Hash Buckets": 1048576,
                            "Hash Batches": 1,
                            "Original Hash Batches": 1,
                            "Peak Memory Usage": 40224,
                            "Plans": [
                              {
                                "Node Type": "Seq Scan",
                                "Parent Relationship": "Outer",
                                "Parallel Aware": true,
                                "Relation Name": "title",
                                "Alias": "t",
                                "Startup Cost": 0.0,
                                "Total Cost": 58306.47,
                                "Plan Rows": 530798,
                                "Plan Width": 4,
                                "Actual Startup Time": 0.038,
                                "Actual Total Time": 153.037,
                                "Actual Rows": 409108,
                                "Actual Loops": 2,
                                "Filter": "((kind_id < 7) AND (production_year > 1948))",
                                "Rows Removed by Filter": 855048
                              }
                            ]
                          }
                        ]
                      }
                    ]
                  }
                ]
              }
            ]
          }
        ]
      }
    ]
  },
  "Planning Time": 0.919,
  "Triggers": [],
  "Execution Time": 2595.774
}