[
    {
        "Bao": {
            "Bao prediction": 648.67,
            "Bao recommended hint": "SET enable_nestloop TO off; "
        }
    },
    {
        "Plan": {
            "Node Type": "Aggregate",
            "Strategy": "Plain",
            "Partial Mode": "Finalize",
            "Parallel Aware": false,
            "Startup Cost": 64615.67,
            "Total Cost": 64615.68,
            "Plan Rows": 1,
            "Plan Width": 8,
            "Actual Startup Time": 558.622,
            "Actual Total Time": 581.263,
            "Actual Rows": 1,
            "Actual Loops": 1,
            "Output": [
                "count(*)"
            ],
            "Plans": [
                {
                    "Node Type": "Gather",
                    "Parent Relationship": "Outer",
                    "Parallel Aware": false,
                    "Startup Cost": 64615.46,
                    "Total Cost": 64615.67,
                    "Plan Rows": 2,
                    "Plan Width": 8,
                    "Actual Startup Time": 547.063,
                    "Actual Total Time": 581.254,
                    "Actual Rows": 3,
                    "Actual Loops": 1,
                    "Output": [
                        "(PARTIAL count(*))"
                    ],
                    "Workers Planned": 2,
                    "Workers Launched": 2,
                    "Single Copy": false,
                    "Plans": [
                        {
                            "Node Type": "Aggregate",
                            "Strategy": "Plain",
                            "Partial Mode": "Partial",
                            "Parent Relationship": "Outer",
                            "Parallel Aware": false,
                            "Startup Cost": 63615.46,
                            "Total Cost": 63615.47,
                            "Plan Rows": 1,
                            "Plan Width": 8,
                            "Actual Startup Time": 531.645,
                            "Actual Total Time": 531.648,
                            "Actual Rows": 1,
                            "Actual Loops": 3,
                            "Output": [
                                "PARTIAL count(*)"
                            ],
                            "Workers": [
                                {
                                    "Worker Number": 0,
                                    "Actual Startup Time": 525.691,
                                    "Actual Total Time": 525.694,
                                    "Actual Rows": 1,
                                    "Actual Loops": 1
                                },
                                {
                                    "Worker Number": 1,
                                    "Actual Startup Time": 522.77,
                                    "Actual Total Time": 522.774,
                                    "Actual Rows": 1,
                                    "Actual Loops": 1
                                }
                            ],
                            "Plans": [
                                {
                                    "Node Type": "Hash Join",
                                    "Parent Relationship": "Outer",
                                    "Parallel Aware": true,
                                    "Join Type": "Inner",
                                    "Startup Cost": 50339.48,
                                    "Total Cost": 63609.65,
                                    "Plan Rows": 2325,
                                    "Plan Width": 0,
                                    "Actual Startup Time": 522.578,
                                    "Actual Total Time": 531.456,
                                    "Actual Rows": 1653,
                                    "Actual Loops": 3,
                                    "Inner Unique": true,
                                    "Hash Cond": "(mk.movie_id = t.id)",
                                    "Workers": [
                                        {
                                            "Worker Number": 0,
                                            "Actual Startup Time": 514.641,
                                            "Actual Total Time": 525.526,
                                            "Actual Rows": 1122,
                                            "Actual Loops": 1
                                        },
                                        {
                                            "Worker Number": 1,
                                            "Actual Startup Time": 514.777,
                                            "Actual Total Time": 522.611,
                                            "Actual Rows": 1094,
                                            "Actual Loops": 1
                                        }
                                    ],
                                    "Plans": [
                                        {
                                            "Node Type": "Bitmap Heap Scan",
                                            "Parent Relationship": "Outer",
                                            "Parallel Aware": true,
                                            "Relation Name": "movie_keyword",
                                            "Schema": "public",
                                            "Alias": "mk",
                                            "Startup Cost": 119.68,
                                            "Total Cost": 13383.74,
                                            "Plan Rows": 2325,
                                            "Plan Width": 4,
                                            "Actual Startup Time": 1.371,
                                            "Actual Total Time": 6.347,
                                            "Actual Rows": 1653,
                                            "Actual Loops": 3,
                                            "Output": [
                                                "mk.id",
                                                "mk.movie_id",
                                                "mk.keyword_id"
                                            ],
                                            "Recheck Cond": "(mk.keyword_id = 2632)",
                                            "Rows Removed by Index Recheck": 0,
                                            "Exact Heap Blocks": 1569,
                                            "Lossy Heap Blocks": 0,
                                            "Workers": [
                                                {
                                                    "Worker Number": 0,
                                                    "Actual Startup Time": 1.417,
                                                    "Actual Total Time": 6.786,
                                                    "Actual Rows": 1122,
                                                    "Actual Loops": 1
                                                },
                                                {
                                                    "Worker Number": 1,
                                                    "Actual Startup Time": 1.416,
                                                    "Actual Total Time": 6.789,
                                                    "Actual Rows": 1094,
                                                    "Actual Loops": 1
                                                }
                                            ],
                                            "Plans": [
                                                {
                                                    "Node Type": "Bitmap Index Scan",
                                                    "Parent Relationship": "Outer",
                                                    "Parallel Aware": false,
                                                    "Index Name": "keyword_id_movie_keyword",
                                                    "Startup Cost": 0.0,
                                                    "Total Cost": 118.28,
                                                    "Plan Rows": 5580,
                                                    "Plan Width": 0,
                                                    "Actual Startup Time": 0.742,
                                                    "Actual Total Time": 0.742,
                                                    "Actual Rows": 4958,
                                                    "Actual Loops": 1,
                                                    "Index Cond": "(mk.keyword_id = 2632)"
                                                }
                                            ]
                                        },
                                        {
                                            "Node Type": "Hash",
                                            "Parent Relationship": "Inner",
                                            "Parallel Aware": true,
                                            "Startup Cost": 42318.81,
                                            "Total Cost": 42318.81,
                                            "Plan Rows": 632080,
                                            "Plan Width": 4,
                                            "Actual Startup Time": 505.798,
                                            "Actual Total Time": 505.799,
                                            "Actual Rows": 842771,
                                            "Actual Loops": 3,
                                            "Output": [
                                                "t.id"
                                            ],
                                            "Hash Buckets": 4194304,
                                            "Original Hash Buckets": 4194304,
                                            "Hash Batches": 1,
                                            "Original Hash Batches": 1,
                                            "Peak Memory Usage": 131712,
                                            "Workers": [
                                                {
                                                    "Worker Number": 0,
                                                    "Actual Startup Time": 512.82,
                                                    "Actual Total Time": 512.821,
                                                    "Actual Rows": 831533,
                                                    "Actual Loops": 1
                                                },
                                                {
                                                    "Worker Number": 1,
                                                    "Actual Startup Time": 512.936,
                                                    "Actual Total Time": 512.937,
                                                    "Actual Rows": 831027,
                                                    "Actual Loops": 1
                                                }
                                            ],
                                            "Plans": [
                                                {
                                                    "Node Type": "Seq Scan",
                                                    "Parent Relationship": "Outer",
                                                    "Parallel Aware": true,
                                                    "Relation Name": "title",
                                                    "Schema": "public",
                                                    "Alias": "t",
                                                    "Startup Cost": 0.0,
                                                    "Total Cost": 42318.81,
                                                    "Plan Rows": 632080,
                                                    "Plan Width": 4,
                                                    "Actual Startup Time": 0.036,
                                                    "Actual Total Time": 150.223,
                                                    "Actual Rows": 842771,
                                                    "Actual Loops": 3,
                                                    "Output": [
                                                        "t.id"
                                                    ],
                                                    "Workers": [
                                                        {
                                                            "Worker Number": 0,
                                                            "Actual Startup Time": 0.035,
                                                            "Actual Total Time": 155.997,
                                                            "Actual Rows": 831533,
                                                            "Actual Loops": 1
                                                        },
                                                        {
                                                            "Worker Number": 1,
                                                            "Actual Startup Time": 0.059,
                                                            "Actual Total Time": 156.53,
                                                            "Actual Rows": 831027,
                                                            "Actual Loops": 1
                                                        }
                                                    ]
                                                }
                                            ]
                                        }
                                    ]
                                }
                            ]
                        }
                    ]
                }
            ]
        },
        "Planning Time": 3760.154,
        "Triggers": [],
        "Execution Time": 581.401
    }
]