[
  {
    "Plan": {
      "Node Type": "Aggregate",
      "Strategy": "Plain",
      "Partial Mode": "Finalize",
      "Parallel Aware": false,
      "Startup Cost": 33316.23,
      "Total Cost": 33316.24,
      "Plan Rows": 1,
      "Plan Width": 8,
      "Actual Startup Time": 94.137,
      "Actual Total Time": 102.286,
      "Actual Rows": 1,
      "Actual Loops": 1,
      "Plans": [
        {
          "Node Type": "Gather",
          "Parent Relationship": "Outer",
          "Parallel Aware": false,
          "Startup Cost": 33315.91,
          "Total Cost": 33316.22,
          "Plan Rows": 3,
          "Plan Width": 8,
          "Actual Startup Time": 94.02,
          "Actual Total Time": 102.279,
          "Actual Rows": 4,
          "Actual Loops": 1,
          "Workers Planned": 3,
          "Workers Launched": 3,
          "Single Copy": false,
          "Plans": [
            {
              "Node Type": "Aggregate",
              "Strategy": "Plain",
              "Partial Mode": "Partial",
              "Parent Relationship": "Outer",
              "Parallel Aware": false,
              "Startup Cost": 32315.91,
              "Total Cost": 32315.92,
              "Plan Rows": 1,
              "Plan Width": 8,
              "Actual Startup Time": 88.811,
              "Actual Total Time": 88.812,
              "Actual Rows": 1,
              "Actual Loops": 4,
              "Plans": [
                {
                  "Node Type": "Seq Scan",
                  "Parent Relationship": "Outer",
                  "Parallel Aware": true,
                  "Relation Name": "movie_companies",
                  "Alias": "mc",
                  "Startup Cost": 0.0,
                  "Total Cost": 31414.82,
                  "Plan Rows": 360436,
                  "Plan Width": 0,
                  "Actual Startup Time": 39.402,
                  "Actual Total Time": 78.153,
                  "Actual Rows": 228931,
                  "Actual Loops": 4,
                  "Filter": "((company_id < 80138) AND (company_type_id > 1))",
                  "Rows Removed by Filter": 423351
                }
              ]
            }
          ]
        }
      ]
    },
    "Planning Time": 0.125,
    "Triggers": [],
    "Execution Time": 102.321
  }
]