[
  {
    "Plan": {
      "Node Type": "Aggregate",
      "Strategy": "Plain",
      "Partial Mode": "Finalize",
      "Parallel Aware": false,
      "Startup Cost": 452703.5,
      "Total Cost": 452703.51,
      "Plan Rows": 1,
      "Plan Width": 8,
      "Actual Startup Time": 7945.477,
      "Actual Total Time": 8037.196,
      "Actual Rows": 1,
      "Actual Loops": 1,
      "Plans": [
        {
          "Node Type": "Gather",
          "Parent Relationship": "Outer",
          "Parallel Aware": false,
          "Startup Cost": 452702.97,
          "Total Cost": 452703.48,
          "Plan Rows": 5,
          "Plan Width": 8,
          "Actual Startup Time": 7941.269,
          "Actual Total Time": 8037.186,
          "Actual Rows": 6,
          "Actual Loops": 1,
          "Workers Planned": 5,
          "Workers Launched": 5,
          "Single Copy": false,
          "Plans": [
            {
              "Node Type": "Aggregate",
              "Strategy": "Plain",
              "Partial Mode": "Partial",
              "Parent Relationship": "Outer",
              "Parallel Aware": false,
              "Startup Cost": 451702.97,
              "Total Cost": 451702.98,
              "Plan Rows": 1,
              "Plan Width": 8,
              "Actual Startup Time": 7933.411,
              "Actual Total Time": 7933.415,
              "Actual Rows": 1,
              "Actual Loops": 6,
              "Plans": [
                {
                  "Node Type": "Nested Loop",
                  "Parent Relationship": "Outer",
                  "Parallel Aware": false,
                  "Join Type": "Inner",
                  "Startup Cost": 67398.1,
                  "Total Cost": 450886.54,
                  "Plan Rows": 326573,
                  "Plan Width": 0,
                  "Actual Startup Time": 190.605,
                  "Actual Total Time": 7739.303,
                  "Actual Rows": 3648331,
                  "Actual Loops": 6,
                  "Inner Unique": false,
                  "Join Filter": "(t.id = ci.movie_id)",
                  "Rows Removed by Join Filter": 0,
                  "Plans": [
                    {
                      "Node Type": "Hash Join",
                      "Parent Relationship": "Outer",
                      "Parallel Aware": true,
                      "Join Type": "Inner",
                      "Startup Cost": 67397.54,
                      "Total Cost": 232878.08,
                      "Plan Rows": 77706,
                      "Plan Width": 8,
                      "Actual Startup Time": 189.591,
                      "Actual Total Time": 359.802,
                      "Actual Rows": 158983,
                      "Actual Loops": 6,
                      "Inner Unique": true,
                      "Hash Cond": "(mi.movie_id = t.id)",
                      "Plans": [
                        {
                          "Node Type": "Bitmap Heap Scan",
                          "Parent Relationship": "Outer",
                          "Parallel Aware": true,
                          "Relation Name": "movie_info",
                          "Alias": "mi",
                          "Startup Cost": 20835.46,
                          "Total Cost": 185710.73,
                          "Plan Rows": 230581,
                          "Plan Width": 4,
                          "Actual Startup Time": 44.999,
                          "Actual Total Time": 109.764,
                          "Actual Rows": 190206,
                          "Actual Loops": 6,
                          "Recheck Cond": "(info_type_id > 54)",
                          "Rows Removed by Index Recheck": 0,
                          "Exact Heap Blocks": 6604,
                          "Lossy Heap Blocks": 0,
                          "Plans": [
                            {
                              "Node Type": "Bitmap Index Scan",
                              "Parent Relationship": "Outer",
                              "Parallel Aware": false,
                              "Index Name": "info_type_id_movie_info",
                              "Startup Cost": 0.0,
                              "Total Cost": 20547.24,
                              "Plan Rows": 1152907,
                              "Plan Width": 0,
                              "Actual Startup Time": 39.5,
                              "Actual Total Time": 39.502,
                              "Actual Rows": 1141235,
                              "Actual Loops": 1,
                              "Index Cond": "(info_type_id > 54)"
                            }
                          ]
                        },
                        {
                          "Node Type": "Hash",
                          "Parent Relationship": "Inner",
                          "Parallel Aware": true,
                          "Startup Cost": 43899.32,
                          "Total Cost": 43899.32,
                          "Plan Rows": 213020,
                          "Plan Width": 4,
                          "Actual Startup Time": 141.918,
                          "Actual Total Time": 141.919,
                          "Actual Rows": 142369,
                          "Actual Loops": 6,
                          "Hash Buckets": 1048576,
                          "Original Hash Buckets": 1048576,
                          "Hash Batches": 1,
                          "Original Hash Batches": 1,
                          "Peak Memory Usage": 41728,
                          "Plans": [
                            {
                              "Node Type": "Seq Scan",
                              "Parent Relationship": "Outer",
                              "Parallel Aware": true,
                              "Relation Name": "title",
                              "Alias": "t",
                              "Startup Cost": 0.0,
                              "Total Cost": 43899.32,
                              "Plan Rows": 213020,
                              "Plan Width": 4,
                              "Actual Startup Time": 0.033,
                              "Actual Total Time": 80.992,
                              "Actual Rows": 142369,
                              "Actual Loops": 6,
                              "Filter": "(kind_id < 4)",
                              "Rows Removed by Filter": 279016
                            }
                          ]
                        }
                      ]
                    },
                    {
                      "Node Type": "Index Scan",
                      "Parent Relationship": "Inner",
                      "Parallel Aware": false,
                      "Scan Direction": "Forward",
                      "Index Name": "movie_id_cast_info",
                      "Relation Name": "cast_info",
                      "Alias": "ci",
                      "Startup Cost": 0.56,
                      "Total Cost": 2.68,
                      "Plan Rows": 10,
                      "Plan Width": 4,
                      "Actual Startup Time": 0.024,
                      "Actual Total Time": 0.044,
                      "Actual Rows": 23,
                      "Actual Loops": 953899,
                      "Index Cond": "(movie_id = mi.movie_id)",
                      "Rows Removed by Index Recheck": 0,
                      "Filter": "((person_id > 2648170) AND (role_id < 11))",
                      "Rows Removed by Filter": 46
                    }
                  ]
                }
              ]
            }
          ]
        }
      ]
    },
    "Planning Time": 0.644,
    "Triggers": [],
    "Execution Time": 8037.285
  }
]