[
  {
    "Plan": {
      "Node Type": "Aggregate",
      "Strategy": "Plain",
      "Partial Mode": "Finalize",
      "Parallel Aware": false,
      "Startup Cost": 462497.43,
      "Total Cost": 462497.44,
      "Plan Rows": 1,
      "Plan Width": 8,
      "Actual Startup Time": 7332.621,
      "Actual Total Time": 7417.764,
      "Actual Rows": 1,
      "Actual Loops": 1,
      "Plans": [
        {
          "Node Type": "Gather",
          "Parent Relationship": "Outer",
          "Parallel Aware": false,
          "Startup Cost": 462496.9,
          "Total Cost": 462497.41,
          "Plan Rows": 5,
          "Plan Width": 8,
          "Actual Startup Time": 7324.136,
          "Actual Total Time": 7417.748,
          "Actual Rows": 6,
          "Actual Loops": 1,
          "Workers Planned": 5,
          "Workers Launched": 5,
          "Single Copy": false,
          "Plans": [
            {
              "Node Type": "Aggregate",
              "Strategy": "Plain",
              "Partial Mode": "Partial",
              "Parent Relationship": "Outer",
              "Parallel Aware": false,
              "Startup Cost": 461496.9,
              "Total Cost": 461496.91,
              "Plan Rows": 1,
              "Plan Width": 8,
              "Actual Startup Time": 7312.902,
              "Actual Total Time": 7312.906,
              "Actual Rows": 1,
              "Actual Loops": 6,
              "Plans": [
                {
                  "Node Type": "Nested Loop",
                  "Parent Relationship": "Outer",
                  "Parallel Aware": false,
                  "Join Type": "Inner",
                  "Startup Cost": 68064.04,
                  "Total Cost": 460652.97,
                  "Plan Rows": 337572,
                  "Plan Width": 0,
                  "Actual Startup Time": 202.142,
                  "Actual Total Time": 7146.468,
                  "Actual Rows": 3648331,
                  "Actual Loops": 6,
                  "Inner Unique": false,
                  "Join Filter": "(t.id = ci.movie_id)",
                  "Rows Removed by Join Filter": 0,
                  "Plans": [
                    {
                      "Node Type": "Hash Join",
                      "Parent Relationship": "Outer",
                      "Parallel Aware": true,
                      "Join Type": "Inner",
                      "Startup Cost": 68063.47,
                      "Total Cost": 233644.56,
                      "Plan Rows": 80333,
                      "Plan Width": 8,
                      "Actual Startup Time": 201.083,
                      "Actual Total Time": 356.908,
                      "Actual Rows": 158983,
                      "Actual Loops": 6,
                      "Inner Unique": true,
                      "Hash Cond": "(mi.movie_id = t.id)",
                      "Plans": [
                        {
                          "Node Type": "Bitmap Heap Scan",
                          "Parent Relationship": "Outer",
                          "Parallel Aware": true,
                          "Relation Name": "movie_info",
                          "Alias": "mi",
                          "Startup Cost": 21489.04,
                          "Total Cost": 186447.4,
                          "Plan Rows": 237229,
                          "Plan Width": 4,
                          "Actual Startup Time": 56.723,
                          "Actual Total Time": 116.975,
                          "Actual Rows": 190206,
                          "Actual Loops": 6,
                          "Recheck Cond": "(info_type_id > 54)",
                          "Rows Removed by Index Recheck": 0,
                          "Exact Heap Blocks": 6846,
                          "Lossy Heap Blocks": 0,
                          "Plans": [
                            {
                              "Node Type": "Bitmap Index Scan",
                              "Parent Relationship": "Outer",
                              "Parallel Aware": false,
                              "Index Name": "info_type_id_movie_info",
                              "Startup Cost": 0.0,
                              "Total Cost": 21192.51,
                              "Plan Rows": 1186143,
                              "Plan Width": 0,
                              "Actual Startup Time": 50.529,
                              "Actual Total Time": 50.53,
                              "Actual Rows": 1141235,
                              "Actual Loops": 1,
                              "Index Cond": "(info_type_id > 54)"
                            }
                          ]
                        },
                        {
                          "Node Type": "Hash",
                          "Parent Relationship": "Inner",
                          "Parallel Aware": true,
                          "Startup Cost": 43898.92,
                          "Total Cost": 43898.92,
                          "Plan Rows": 214041,
                          "Plan Width": 4,
                          "Actual Startup Time": 140.72,
                          "Actual Total Time": 140.721,
                          "Actual Rows": 142369,
                          "Actual Loops": 6,
                          "Hash Buckets": 1048576,
                          "Original Hash Buckets": 1048576,
                          "Hash Batches": 1,
                          "Original Hash Batches": 1,
                          "Peak Memory Usage": 41728,
                          "Plans": [
                            {
                              "Node Type": "Seq Scan",
                              "Parent Relationship": "Outer",
                              "Parallel Aware": true,
                              "Relation Name": "title",
                              "Alias": "t",
                              "Startup Cost": 0.0,
                              "Total Cost": 43898.92,
                              "Plan Rows": 214041,
                              "Plan Width": 4,
                              "Actual Startup Time": 0.057,
                              "Actual Total Time": 82.313,
                              "Actual Rows": 142369,
                              "Actual Loops": 6,
                              "Filter": "(kind_id < 4)",
                              "Rows Removed by Filter": 279016
                            }
                          ]
                        }
                      ]
                    },
                    {
                      "Node Type": "Index Scan",
                      "Parent Relationship": "Inner",
                      "Parallel Aware": false,
                      "Scan Direction": "Forward",
                      "Index Name": "movie_id_cast_info",
                      "Relation Name": "cast_info",
                      "Alias": "ci",
                      "Startup Cost": 0.56,
                      "Total Cost": 2.69,
                      "Plan Rows": 11,
                      "Plan Width": 4,
                      "Actual Startup Time": 0.022,
                      "Actual Total Time": 0.041,
                      "Actual Rows": 23,
                      "Actual Loops": 953899,
                      "Index Cond": "(movie_id = mi.movie_id)",
                      "Rows Removed by Index Recheck": 0,
                      "Filter": "((person_id > 2648170) AND (role_id < 11))",
                      "Rows Removed by Filter": 46
                    }
                  ]
                }
              ]
            }
          ]
        }
      ]
    },
    "Planning Time": 1.344,
    "Triggers": [],
    "Execution Time": 7417.902
  }
]