[
    {
        "Bao": {
            "Bao prediction": 1085.753,
            "Bao recommended hint": "SET enable_nestloop TO off; "
        }
    },
    {
        "Plan": {
            "Node Type": "Aggregate",
            "Strategy": "Plain",
            "Partial Mode": "Finalize",
            "Parallel Aware": false,
            "Startup Cost": 100395.81,
            "Total Cost": 100395.82,
            "Plan Rows": 1,
            "Plan Width": 8,
            "Actual Startup Time": 334.857,
            "Actual Total Time": 346.522,
            "Actual Rows": 1,
            "Actual Loops": 1,
            "Output": [
                "count(*)"
            ],
            "Plans": [
                {
                    "Node Type": "Gather",
                    "Parent Relationship": "Outer",
                    "Parallel Aware": false,
                    "Startup Cost": 100395.59,
                    "Total Cost": 100395.8,
                    "Plan Rows": 2,
                    "Plan Width": 8,
                    "Actual Startup Time": 334.558,
                    "Actual Total Time": 346.516,
                    "Actual Rows": 3,
                    "Actual Loops": 1,
                    "Output": [
                        "(PARTIAL count(*))"
                    ],
                    "Workers Planned": 2,
                    "Workers Launched": 2,
                    "Single Copy": false,
                    "Plans": [
                        {
                            "Node Type": "Aggregate",
                            "Strategy": "Plain",
                            "Partial Mode": "Partial",
                            "Parent Relationship": "Outer",
                            "Parallel Aware": false,
                            "Startup Cost": 99395.59,
                            "Total Cost": 99395.6,
                            "Plan Rows": 1,
                            "Plan Width": 8,
                            "Actual Startup Time": 326.579,
                            "Actual Total Time": 326.587,
                            "Actual Rows": 1,
                            "Actual Loops": 3,
                            "Output": [
                                "PARTIAL count(*)"
                            ],
                            "Workers": [
                                {
                                    "Worker Number": 0,
                                    "Actual Startup Time": 322.555,
                                    "Actual Total Time": 322.566,
                                    "Actual Rows": 1,
                                    "Actual Loops": 1
                                },
                                {
                                    "Worker Number": 1,
                                    "Actual Startup Time": 323.327,
                                    "Actual Total Time": 323.332,
                                    "Actual Rows": 1,
                                    "Actual Loops": 1
                                }
                            ],
                            "Plans": [
                                {
                                    "Node Type": "Hash Join",
                                    "Parent Relationship": "Outer",
                                    "Parallel Aware": true,
                                    "Join Type": "Inner",
                                    "Startup Cost": 83542.31,
                                    "Total Cost": 99392.12,
                                    "Plan Rows": 1389,
                                    "Plan Width": 0,
                                    "Actual Startup Time": 312.362,
                                    "Actual Total Time": 326.574,
                                    "Actual Rows": 19,
                                    "Actual Loops": 3,
                                    "Inner Unique": false,
                                    "Hash Cond": "(mi_idx.movie_id = t.id)",
                                    "Workers": [
                                        {
                                            "Worker Number": 0,
                                            "Actual Startup Time": 298.615,
                                            "Actual Total Time": 322.552,
                                            "Actual Rows": 2,
                                            "Actual Loops": 1
                                        },
                                        {
                                            "Worker Number": 1,
                                            "Actual Startup Time": 312.502,
                                            "Actual Total Time": 323.317,
                                            "Actual Rows": 5,
                                            "Actual Loops": 1
                                        }
                                    ],
                                    "Plans": [
                                        {
                                            "Node Type": "Seq Scan",
                                            "Parent Relationship": "Outer",
                                            "Parallel Aware": true,
                                            "Relation Name": "movie_info_idx",
                                            "Schema": "public",
                                            "Alias": "mi_idx",
                                            "Startup Cost": 0.0,
                                            "Total Cost": 15122.68,
                                            "Plan Rows": 192707,
                                            "Plan Width": 4,
                                            "Actual Startup Time": 0.019,
                                            "Actual Total Time": 44.411,
                                            "Actual Rows": 153308,
                                            "Actual Loops": 3,
                                            "Output": [
                                                "mi_idx.id",
                                                "mi_idx.movie_id",
                                                "mi_idx.info_type_id",
                                                "mi_idx.info",
                                                "mi_idx.note"
                                            ],
                                            "Filter": "(mi_idx.info_type_id = 100)",
                                            "Rows Removed by Filter": 306703,
                                            "Workers": [
                                                {
                                                    "Worker Number": 0,
                                                    "Actual Startup Time": 0.024,
                                                    "Actual Total Time": 44.237,
                                                    "Actual Rows": 119375,
                                                    "Actual Loops": 1
                                                },
                                                {
                                                    "Worker Number": 1,
                                                    "Actual Startup Time": 0.025,
                                                    "Actual Total Time": 44.402,
                                                    "Actual Rows": 119791,
                                                    "Actual Loops": 1
                                                }
                                            ]
                                        },
                                        {
                                            "Node Type": "Hash",
                                            "Parent Relationship": "Inner",
                                            "Parallel Aware": true,
                                            "Startup Cost": 83468.83,
                                            "Total Cost": 83468.83,
                                            "Plan Rows": 5878,
                                            "Plan Width": 8,
                                            "Actual Startup Time": 269.064,
                                            "Actual Total Time": 269.071,
                                            "Actual Rows": 20,
                                            "Actual Loops": 3,
                                            "Output": [
                                                "t.id",
                                                "mk.movie_id"
                                            ],
                                            "Hash Buckets": 32768,
                                            "Original Hash Buckets": 32768,
                                            "Hash Batches": 1,
                                            "Original Hash Batches": 1,
                                            "Peak Memory Usage": 352,
                                            "Workers": [
                                                {
                                                    "Worker Number": 0,
                                                    "Actual Startup Time": 265.572,
                                                    "Actual Total Time": 265.582,
                                                    "Actual Rows": 3,
                                                    "Actual Loops": 1
                                                },
                                                {
                                                    "Worker Number": 1,
                                                    "Actual Startup Time": 266.286,
                                                    "Actual Total Time": 266.289,
                                                    "Actual Rows": 51,
                                                    "Actual Loops": 1
                                                }
                                            ],
                                            "Plans": [
                                                {
                                                    "Node Type": "Hash Join",
                                                    "Parent Relationship": "Outer",
                                                    "Parallel Aware": true,
                                                    "Join Type": "Inner",
                                                    "Startup Cost": 38608.53,
                                                    "Total Cost": 83468.83,
                                                    "Plan Rows": 5878,
                                                    "Plan Width": 8,
                                                    "Actual Startup Time": 163.889,
                                                    "Actual Total Time": 268.938,
                                                    "Actual Rows": 20,
                                                    "Actual Loops": 3,
                                                    "Output": [
                                                        "t.id",
                                                        "mk.movie_id"
                                                    ],
                                                    "Inner Unique": true,
                                                    "Hash Cond": "(mk.movie_id = t.id)",
                                                    "Workers": [
                                                        {
                                                            "Worker Number": 0,
                                                            "Actual Startup Time": 133.224,
                                                            "Actual Total Time": 265.405,
                                                            "Actual Rows": 3,
                                                            "Actual Loops": 1
                                                        },
                                                        {
                                                            "Worker Number": 1,
                                                            "Actual Startup Time": 143.357,
                                                            "Actual Total Time": 266.184,
                                                            "Actual Rows": 51,
                                                            "Actual Loops": 1
                                                        }
                                                    ],
                                                    "Plans": [
                                                        {
                                                            "Node Type": "Seq Scan",
                                                            "Parent Relationship": "Outer",
                                                            "Parallel Aware": true,
                                                            "Relation Name": "movie_keyword",
                                                            "Schema": "public",
                                                            "Alias": "mk",
                                                            "Startup Cost": 0.0,
                                                            "Total Cost": 42695.65,
                                                            "Plan Rows": 824630,
                                                            "Plan Width": 4,
                                                            "Actual Startup Time": 0.267,
                                                            "Actual Total Time": 159.621,
                                                            "Actual Rows": 851696,
                                                            "Actual Loops": 3,
                                                            "Output": [
                                                                "mk.id",
                                                                "mk.movie_id",
                                                                "mk.keyword_id"
                                                            ],
                                                            "Filter": "(mk.keyword_id > 3434)",
                                                            "Rows Removed by Filter": 656281,
                                                            "Workers": [
                                                                {
                                                                    "Worker Number": 0,
                                                                    "Actual Startup Time": 0.274,
                                                                    "Actual Total Time": 159.785,
                                                                    "Actual Rows": 683120,
                                                                    "Actual Loops": 1
                                                                },
                                                                {
                                                                    "Worker Number": 1,
                                                                    "Actual Startup Time": 0.264,
                                                                    "Actual Total Time": 160.173,
                                                                    "Actual Rows": 681476,
                                                                    "Actual Loops": 1
                                                                }
                                                            ]
                                                        },
                                                        {
                                                            "Node Type": "Hash",
                                                            "Parent Relationship": "Inner",
                                                            "Parallel Aware": true,
                                                            "Startup Cost": 38552.2,
                                                            "Total Cost": 38552.2,
                                                            "Plan Rows": 4506,
                                                            "Plan Width": 4,
                                                            "Actual Startup Time": 50.913,
                                                            "Actual Total Time": 50.915,
                                                            "Actual Rows": 4,
                                                            "Actual Loops": 3,
                                                            "Output": [
                                                                "t.id"
                                                            ],
                                                            "Hash Buckets": 32768,
                                                            "Original Hash Buckets": 32768,
                                                            "Hash Batches": 1,
                                                            "Original Hash Batches": 1,
                                                            "Peak Memory Usage": 352,
                                                            "Workers": [
                                                                {
                                                                    "Worker Number": 0,
                                                                    "Actual Startup Time": 47.515,
                                                                    "Actual Total Time": 47.517,
                                                                    "Actual Rows": 1,
                                                                    "Actual Loops": 1
                                                                },
                                                                {
                                                                    "Worker Number": 1,
                                                                    "Actual Startup Time": 48.282,
                                                                    "Actual Total Time": 48.284,
                                                                    "Actual Rows": 1,
                                                                    "Actual Loops": 1
                                                                }
                                                            ],
                                                            "Plans": [
                                                                {
                                                                    "Node Type": "Bitmap Heap Scan",
                                                                    "Parent Relationship": "Outer",
                                                                    "Parallel Aware": true,
                                                                    "Relation Name": "title",
                                                                    "Schema": "public",
                                                                    "Alias": "t",
                                                                    "Startup Cost": 2111.11,
                                                                    "Total Cost": 38552.2,
                                                                    "Plan Rows": 4506,
                                                                    "Plan Width": 4,
                                                                    "Actual Startup Time": 28.966,
                                                                    "Actual Total Time": 50.845,
                                                                    "Actual Rows": 4,
                                                                    "Actual Loops": 3,
                                                                    "Output": [
                                                                        "t.id"
                                                                    ],
                                                                    "Recheck Cond": "(t.kind_id = 4)",
                                                                    "Rows Removed by Index Recheck": 0,
                                                                    "Filter": "(t.production_year < 1971)",
                                                                    "Rows Removed by Filter": 39407,
                                                                    "Exact Heap Blocks": 9900,
                                                                    "Lossy Heap Blocks": 0,
                                                                    "Workers": [
                                                                        {
                                                                            "Worker Number": 0,
                                                                            "Actual Startup Time": 29.413,
                                                                            "Actual Total Time": 47.452,
                                                                            "Actual Rows": 1,
                                                                            "Actual Loops": 1
                                                                        },
                                                                        {
                                                                            "Worker Number": 1,
                                                                            "Actual Startup Time": 30.18,
                                                                            "Actual Total Time": 48.182,
                                                                            "Actual Rows": 1,
                                                                            "Actual Loops": 1
                                                                        }
                                                                    ],
                                                                    "Plans": [
                                                                        {
                                                                            "Node Type": "Bitmap Index Scan",
                                                                            "Parent Relationship": "Outer",
                                                                            "Parallel Aware": false,
                                                                            "Index Name": "kind_id_title",
                                                                            "Startup Cost": 0.0,
                                                                            "Total Cost": 2106.61,
                                                                            "Plan Rows": 118157,
                                                                            "Plan Width": 0,
                                                                            "Actual Startup Time": 17.068,
                                                                            "Actual Total Time": 17.068,
                                                                            "Actual Rows": 118234,
                                                                            "Actual Loops": 1,
                                                                            "Index Cond": "(t.kind_id = 4)"
                                                                        }
                                                                    ]
                                                                }
                                                            ]
                                                        }
                                                    ]
                                                }
                                            ]
                                        }
                                    ]
                                }
                            ]
                        }
                    ]
                }
            ]
        },
        "Planning Time": 981.772,
        "Triggers": [],
        "Execution Time": 346.65
    }
]