[
  {
    "Plan": {
      "Node Type": "Aggregate",
      "Strategy": "Plain",
      "Partial Mode": "Finalize",
      "Parallel Aware": false,
      "Startup Cost": 125295.41,
      "Total Cost": 125295.42,
      "Plan Rows": 1,
      "Plan Width": 8,
      "Actual Startup Time": 369.216,
      "Actual Total Time": 421.264,
      "Actual Rows": 1,
      "Actual Loops": 1,
      "Plans": [
        {
          "Node Type": "Gather",
          "Parent Relationship": "Outer",
          "Parallel Aware": false,
          "Startup Cost": 125295.09,
          "Total Cost": 125295.4,
          "Plan Rows": 3,
          "Plan Width": 8,
          "Actual Startup Time": 367.77,
          "Actual Total Time": 421.252,
          "Actual Rows": 4,
          "Actual Loops": 1,
          "Workers Planned": 3,
          "Workers Launched": 3,
          "Single Copy": false,
          "Plans": [
            {
              "Node Type": "Aggregate",
              "Strategy": "Plain",
              "Partial Mode": "Partial",
              "Parent Relationship": "Outer",
              "Parallel Aware": false,
              "Startup Cost": 124295.09,
              "Total Cost": 124295.1,
              "Plan Rows": 1,
              "Plan Width": 8,
              "Actual Startup Time": 362.289,
              "Actual Total Time": 362.293,
              "Actual Rows": 1,
              "Actual Loops": 4,
              "Plans": [
                {
                  "Node Type": "Nested Loop",
                  "Parent Relationship": "Outer",
                  "Parallel Aware": false,
                  "Join Type": "Inner",
                  "Startup Cost": 54182.94,
                  "Total Cost": 123928.51,
                  "Plan Rows": 146633,
                  "Plan Width": 0,
                  "Actual Startup Time": 181.205,
                  "Actual Total Time": 358.26,
                  "Actual Rows": 55642,
                  "Actual Loops": 4,
                  "Inner Unique": false,
                  "Plans": [
                    {
                      "Node Type": "Hash Join",
                      "Parent Relationship": "Outer",
                      "Parallel Aware": true,
                      "Join Type": "Inner",
                      "Startup Cost": 54182.38,
                      "Total Cost": 74744.58,
                      "Plan Rows": 10227,
                      "Plan Width": 8,
                      "Actual Startup Time": 181.109,
                      "Actual Total Time": 198.555,
                      "Actual Rows": 2382,
                      "Actual Loops": 4,
                      "Inner Unique": true,
                      "Hash Cond": "(mc.movie_id = t.id)",
                      "Plans": [
                        {
                          "Node Type": "Bitmap Heap Scan",
                          "Parent Relationship": "Outer",
                          "Parallel Aware": true,
                          "Relation Name": "movie_companies",
                          "Alias": "mc",
                          "Startup Cost": 7244.79,
                          "Total Cost": 27661.51,
                          "Plan Rows": 55424,
                          "Plan Width": 4,
                          "Actual Startup Time": 42.652,
                          "Actual Total Time": 51.792,
                          "Actual Rows": 17331,
                          "Actual Loops": 4,
                          "Recheck Cond": "(company_id < 164)",
                          "Rows Removed by Index Recheck": 0,
                          "Filter": "(company_type_id = 2)",
                          "Rows Removed by Filter": 65149,
                          "Exact Heap Blocks": 7120,
                          "Lossy Heap Blocks": 0,
                          "Plans": [
                            {
                              "Node Type": "Bitmap Index Scan",
                              "Parent Relationship": "Outer",
                              "Parallel Aware": false,
                              "Index Name": "company_id_movie_companies",
                              "Startup Cost": 0.0,
                              "Total Cost": 7201.84,
                              "Plan Rows": 336188,
                              "Plan Width": 0,
                              "Actual Startup Time": 14.713,
                              "Actual Total Time": 14.714,
                              "Actual Rows": 329920,
                              "Actual Loops": 1,
                              "Index Cond": "(company_id < 164)"
                            }
                          ]
                        },
                        {
                          "Node Type": "Hash",
                          "Parent Relationship": "Inner",
                          "Parallel Aware": true,
                          "Startup Cost": 45479.59,
                          "Total Cost": 45479.59,
                          "Plan Rows": 116640,
                          "Plan Width": 4,
                          "Actual Startup Time": 135.355,
                          "Actual Total Time": 135.356,
                          "Actual Rows": 99090,
                          "Actual Loops": 4,
                          "Hash Buckets": 524288,
                          "Original Hash Buckets": 524288,
                          "Hash Batches": 1,
                          "Original Hash Batches": 1,
                          "Peak Memory Usage": 19648,
                          "Plans": [
                            {
                              "Node Type": "Seq Scan",
                              "Parent Relationship": "Outer",
                              "Parallel Aware": true,
                              "Relation Name": "title",
                              "Alias": "t",
                              "Startup Cost": 0.0,
                              "Total Cost": 45479.59,
                              "Plan Rows": 116640,
                              "Plan Width": 4,
                              "Actual Startup Time": 0.029,
                              "Actual Total Time": 97.607,
                              "Actual Rows": 99090,
                              "Actual Loops": 4,
                              "Filter": "((kind_id < 7) AND (production_year > 2003))",
                              "Rows Removed by Filter": 532988
                            }
                          ]
                        }
                      ]
                    },
                    {
                      "Node Type": "Index Only Scan",
                      "Parent Relationship": "Inner",
                      "Parallel Aware": false,
                      "Scan Direction": "Forward",
                      "Index Name": "movie_id_cast_info",
                      "Relation Name": "cast_info",
                      "Alias": "ci",
                      "Startup Cost": 0.56,
                      "Total Cost": 4.46,
                      "Plan Rows": 35,
                      "Plan Width": 4,
                      "Actual Startup Time": 0.01,
                      "Actual Total Time": 0.065,
                      "Actual Rows": 23,
                      "Actual Loops": 9526,
                      "Index Cond": "(movie_id = t.id)",
                      "Rows Removed by Index Recheck": 0,
                      "Heap Fetches": 222567
                    }
                  ]
                }
              ]
            }
          ]
        }
      ]
    },
    "Planning Time": 1.482,
    "Triggers": [],
    "Execution Time": 421.395
  }
]