[
  {
    "Plan": {
      "Node Type": "Aggregate",
      "Strategy": "Plain",
      "Partial Mode": "Finalize",
      "Parallel Aware": false,
      "Startup Cost": 113985.15,
      "Total Cost": 113985.16,
      "Plan Rows": 1,
      "Plan Width": 8,
      "Actual Startup Time": 330.325,
      "Actual Total Time": 375.575,
      "Actual Rows": 1,
      "Actual Loops": 1,
      "Plans": [
        {
          "Node Type": "Gather",
          "Parent Relationship": "Outer",
          "Parallel Aware": false,
          "Startup Cost": 113984.73,
          "Total Cost": 113985.14,
          "Plan Rows": 4,
          "Plan Width": 8,
          "Actual Startup Time": 329.782,
          "Actual Total Time": 375.566,
          "Actual Rows": 5,
          "Actual Loops": 1,
          "Workers Planned": 4,
          "Workers Launched": 4,
          "Single Copy": false,
          "Plans": [
            {
              "Node Type": "Aggregate",
              "Strategy": "Plain",
              "Partial Mode": "Partial",
              "Parent Relationship": "Outer",
              "Parallel Aware": false,
              "Startup Cost": 112984.73,
              "Total Cost": 112984.74,
              "Plan Rows": 1,
              "Plan Width": 8,
              "Actual Startup Time": 319.426,
              "Actual Total Time": 319.431,
              "Actual Rows": 1,
              "Actual Loops": 5,
              "Plans": [
                {
                  "Node Type": "Nested Loop",
                  "Parent Relationship": "Outer",
                  "Parallel Aware": false,
                  "Join Type": "Inner",
                  "Startup Cost": 28308.11,
                  "Total Cost": 112700.15,
                  "Plan Rows": 113834,
                  "Plan Width": 0,
                  "Actual Startup Time": 79.851,
                  "Actual Total Time": 315.254,
                  "Actual Rows": 44513,
                  "Actual Loops": 5,
                  "Inner Unique": false,
                  "Plans": [
                    {
                      "Node Type": "Hash Join",
                      "Parent Relationship": "Outer",
                      "Parallel Aware": true,
                      "Join Type": "Inner",
                      "Startup Cost": 28307.54,
                      "Total Cost": 74403.28,
                      "Plan Rows": 7944,
                      "Plan Width": 8,
                      "Actual Startup Time": 79.755,
                      "Actual Total Time": 158.983,
                      "Actual Rows": 1905,
                      "Actual Loops": 5,
                      "Inner Unique": false,
                      "Hash Cond": "(t.id = mc.movie_id)",
                      "Plans": [
                        {
                          "Node Type": "Seq Scan",
                          "Parent Relationship": "Outer",
                          "Parallel Aware": true,
                          "Relation Name": "title",
                          "Alias": "t",
                          "Startup Cost": 0.0,
                          "Total Cost": 45479.1,
                          "Plan Rows": 118202,
                          "Plan Width": 4,
                          "Actual Startup Time": 0.014,
                          "Actual Total Time": 62.631,
                          "Actual Rows": 79272,
                          "Actual Loops": 5,
                          "Filter": "((kind_id < 7) AND (production_year > 2003))",
                          "Rows Removed by Filter": 426391
                        },
                        {
                          "Node Type": "Hash",
                          "Parent Relationship": "Inner",
                          "Parallel Aware": true,
                          "Startup Cost": 27622.36,
                          "Total Cost": 27622.36,
                          "Plan Rows": 54815,
                          "Plan Width": 4,
                          "Actual Startup Time": 77.66,
                          "Actual Total Time": 77.662,
                          "Actual Rows": 13865,
                          "Actual Loops": 5,
                          "Hash Buckets": 262144,
                          "Original Hash Buckets": 262144,
                          "Hash Batches": 1,
                          "Original Hash Batches": 1,
                          "Peak Memory Usage": 4832,
                          "Plans": [
                            {
                              "Node Type": "Bitmap Heap Scan",
                              "Parent Relationship": "Outer",
                              "Parallel Aware": true,
                              "Relation Name": "movie_companies",
                              "Alias": "mc",
                              "Startup Cost": 7212.97,
                              "Total Cost": 27622.36,
                              "Plan Rows": 54815,
                              "Plan Width": 4,
                              "Actual Startup Time": 61.977,
                              "Actual Total Time": 73.387,
                              "Actual Rows": 13865,
                              "Actual Loops": 5,
                              "Recheck Cond": "(company_id < 164)",
                              "Rows Removed by Index Recheck": 0,
                              "Filter": "(company_type_id = 2)",
                              "Rows Removed by Filter": 52119,
                              "Exact Heap Blocks": 8464,
                              "Lossy Heap Blocks": 0,
                              "Plans": [
                                {
                                  "Node Type": "Bitmap Index Scan",
                                  "Parent Relationship": "Outer",
                                  "Parallel Aware": false,
                                  "Index Name": "company_id_movie_companies",
                                  "Startup Cost": 0.0,
                                  "Total Cost": 7170.49,
                                  "Plan Rows": 334674,
                                  "Plan Width": 0,
                                  "Actual Startup Time": 25.607,
                                  "Actual Total Time": 25.607,
                                  "Actual Rows": 329920,
                                  "Actual Loops": 1,
                                  "Index Cond": "(company_id < 164)"
                                }
                              ]
                            }
                          ]
                        }
                      ]
                    },
                    {
                      "Node Type": "Index Only Scan",
                      "Parent Relationship": "Inner",
                      "Parallel Aware": false,
                      "Scan Direction": "Forward",
                      "Index Name": "movie_id_cast_info",
                      "Relation Name": "cast_info",
                      "Alias": "ci",
                      "Startup Cost": 0.56,
                      "Total Cost": 4.45,
                      "Plan Rows": 37,
                      "Plan Width": 4,
                      "Actual Startup Time": 0.013,
                      "Actual Total Time": 0.079,
                      "Actual Rows": 23,
                      "Actual Loops": 9526,
                      "Index Cond": "(movie_id = t.id)",
                      "Rows Removed by Index Recheck": 0,
                      "Heap Fetches": 222567
                    }
                  ]
                }
              ]
            }
          ]
        }
      ]
    },
    "Planning Time": 1.481,
    "Triggers": [],
    "Execution Time": 375.71
  }
]