[
    {
        "Bao": {
            "Bao prediction": "NaN",
            "Bao recommended hint": "(no hint)"
        }
    },
    {
        "Plan": {
            "Node Type": "Aggregate",
            "Strategy": "Plain",
            "Partial Mode": "Finalize",
            "Parallel Aware": false,
            "Startup Cost": 85151.43,
            "Total Cost": 85151.44,
            "Plan Rows": 1,
            "Plan Width": 8,
            "Actual Startup Time": 219.698,
            "Actual Total Time": 230.856,
            "Actual Rows": 1,
            "Actual Loops": 1,
            "Output": [
                "count(*)"
            ],
            "Plans": [
                {
                    "Node Type": "Gather",
                    "Parent Relationship": "Outer",
                    "Parallel Aware": false,
                    "Startup Cost": 85151.11,
                    "Total Cost": 85151.42,
                    "Plan Rows": 3,
                    "Plan Width": 8,
                    "Actual Startup Time": 219.238,
                    "Actual Total Time": 230.846,
                    "Actual Rows": 4,
                    "Actual Loops": 1,
                    "Output": [
                        "(PARTIAL count(*))"
                    ],
                    "Workers Planned": 3,
                    "Workers Launched": 3,
                    "Single Copy": false,
                    "Plans": [
                        {
                            "Node Type": "Aggregate",
                            "Strategy": "Plain",
                            "Partial Mode": "Partial",
                            "Parent Relationship": "Outer",
                            "Parallel Aware": false,
                            "Startup Cost": 84151.11,
                            "Total Cost": 84151.12,
                            "Plan Rows": 1,
                            "Plan Width": 8,
                            "Actual Startup Time": 210.653,
                            "Actual Total Time": 210.657,
                            "Actual Rows": 1,
                            "Actual Loops": 4,
                            "Output": [
                                "PARTIAL count(*)"
                            ],
                            "Workers": [
                                {
                                    "Worker Number": 0,
                                    "Actual Startup Time": 207.882,
                                    "Actual Total Time": 207.884,
                                    "Actual Rows": 1,
                                    "Actual Loops": 1
                                },
                                {
                                    "Worker Number": 1,
                                    "Actual Startup Time": 207.894,
                                    "Actual Total Time": 207.897,
                                    "Actual Rows": 1,
                                    "Actual Loops": 1
                                },
                                {
                                    "Worker Number": 2,
                                    "Actual Startup Time": 208.049,
                                    "Actual Total Time": 208.052,
                                    "Actual Rows": 1,
                                    "Actual Loops": 1
                                }
                            ],
                            "Plans": [
                                {
                                    "Node Type": "Hash Join",
                                    "Parent Relationship": "Outer",
                                    "Parallel Aware": true,
                                    "Join Type": "Inner",
                                    "Startup Cost": 57059.24,
                                    "Total Cost": 84143.06,
                                    "Plan Rows": 3219,
                                    "Plan Width": 0,
                                    "Actual Startup Time": 132.31,
                                    "Actual Total Time": 210.596,
                                    "Actual Rows": 438,
                                    "Actual Loops": 4,
                                    "Inner Unique": true,
                                    "Hash Cond": "(mk.movie_id = t.id)",
                                    "Workers": [
                                        {
                                            "Worker Number": 0,
                                            "Actual Startup Time": 129.405,
                                            "Actual Total Time": 207.817,
                                            "Actual Rows": 349,
                                            "Actual Loops": 1
                                        },
                                        {
                                            "Worker Number": 1,
                                            "Actual Startup Time": 129.461,
                                            "Actual Total Time": 207.83,
                                            "Actual Rows": 341,
                                            "Actual Loops": 1
                                        },
                                        {
                                            "Worker Number": 2,
                                            "Actual Startup Time": 130.036,
                                            "Actual Total Time": 208.002,
                                            "Actual Rows": 233,
                                            "Actual Loops": 1
                                        }
                                    ],
                                    "Plans": [
                                        {
                                            "Node Type": "Bitmap Heap Scan",
                                            "Parent Relationship": "Outer",
                                            "Parallel Aware": true,
                                            "Relation Name": "movie_keyword",
                                            "Schema": "public",
                                            "Alias": "mk",
                                            "Startup Cost": 11433.73,
                                            "Total Cost": 38061.14,
                                            "Plan Rows": 173873,
                                            "Plan Width": 4,
                                            "Actual Startup Time": 33.356,
                                            "Actual Total Time": 93.824,
                                            "Actual Rows": 132828,
                                            "Actual Loops": 4,
                                            "Output": [
                                                "mk.id",
                                                "mk.movie_id",
                                                "mk.keyword_id"
                                            ],
                                            "Recheck Cond": "(mk.keyword_id > 34360)",
                                            "Rows Removed by Index Recheck": 0,
                                            "Exact Heap Blocks": 9812,
                                            "Lossy Heap Blocks": 0,
                                            "Workers": [
                                                {
                                                    "Worker Number": 0,
                                                    "Actual Startup Time": 33.324,
                                                    "Actual Total Time": 94.615,
                                                    "Actual Rows": 102851,
                                                    "Actual Loops": 1
                                                },
                                                {
                                                    "Worker Number": 1,
                                                    "Actual Startup Time": 33.484,
                                                    "Actual Total Time": 94.544,
                                                    "Actual Rows": 104255,
                                                    "Actual Loops": 1
                                                },
                                                {
                                                    "Worker Number": 2,
                                                    "Actual Startup Time": 33.38,
                                                    "Actual Total Time": 94.809,
                                                    "Actual Rows": 101777,
                                                    "Actual Loops": 1
                                                }
                                            ],
                                            "Plans": [
                                                {
                                                    "Node Type": "Bitmap Index Scan",
                                                    "Parent Relationship": "Outer",
                                                    "Parallel Aware": false,
                                                    "Index Name": "keyword_id_movie_keyword",
                                                    "Startup Cost": 0.0,
                                                    "Total Cost": 11298.98,
                                                    "Plan Rows": 539006,
                                                    "Plan Width": 0,
                                                    "Actual Startup Time": 29.869,
                                                    "Actual Total Time": 29.87,
                                                    "Actual Rows": 531314,
                                                    "Actual Loops": 1,
                                                    "Index Cond": "(mk.keyword_id > 34360)"
                                                }
                                            ]
                                        },
                                        {
                                            "Node Type": "Hash",
                                            "Parent Relationship": "Inner",
                                            "Parallel Aware": true,
                                            "Startup Cost": 45479.21,
                                            "Total Cost": 45479.21,
                                            "Plan Rows": 11704,
                                            "Plan Width": 4,
                                            "Actual Startup Time": 97.524,
                                            "Actual Total Time": 97.525,
                                            "Actual Rows": 10753,
                                            "Actual Loops": 4,
                                            "Output": [
                                                "t.id"
                                            ],
                                            "Hash Buckets": 65536,
                                            "Original Hash Buckets": 65536,
                                            "Hash Batches": 1,
                                            "Original Hash Batches": 1,
                                            "Peak Memory Usage": 2272,
                                            "Workers": [
                                                {
                                                    "Worker Number": 0,
                                                    "Actual Startup Time": 94.762,
                                                    "Actual Total Time": 94.762,
                                                    "Actual Rows": 7020,
                                                    "Actual Loops": 1
                                                },
                                                {
                                                    "Worker Number": 1,
                                                    "Actual Startup Time": 94.824,
                                                    "Actual Total Time": 94.825,
                                                    "Actual Rows": 7161,
                                                    "Actual Loops": 1
                                                },
                                                {
                                                    "Worker Number": 2,
                                                    "Actual Startup Time": 94.98,
                                                    "Actual Total Time": 94.982,
                                                    "Actual Rows": 7469,
                                                    "Actual Loops": 1
                                                }
                                            ],
                                            "Plans": [
                                                {
                                                    "Node Type": "Seq Scan",
                                                    "Parent Relationship": "Outer",
                                                    "Parallel Aware": true,
                                                    "Relation Name": "title",
                                                    "Schema": "public",
                                                    "Alias": "t",
                                                    "Startup Cost": 0.0,
                                                    "Total Cost": 45479.21,
                                                    "Plan Rows": 11704,
                                                    "Plan Width": 4,
                                                    "Actual Startup Time": 0.049,
                                                    "Actual Total Time": 93.098,
                                                    "Actual Rows": 10753,
                                                    "Actual Loops": 4,
                                                    "Output": [
                                                        "t.id"
                                                    ],
                                                    "Filter": "((t.kind_id > 2) AND (t.production_year > 2012))",
                                                    "Rows Removed by Filter": 621325,
                                                    "Workers": [
                                                        {
                                                            "Worker Number": 0,
                                                            "Actual Startup Time": 0.056,
                                                            "Actual Total Time": 90.058,
                                                            "Actual Rows": 7020,
                                                            "Actual Loops": 1
                                                        },
                                                        {
                                                            "Worker Number": 1,
                                                            "Actual Startup Time": 0.058,
                                                            "Actual Total Time": 90.652,
                                                            "Actual Rows": 7161,
                                                            "Actual Loops": 1
                                                        },
                                                        {
                                                            "Worker Number": 2,
                                                            "Actual Startup Time": 0.052,
                                                            "Actual Total Time": 90.771,
                                                            "Actual Rows": 7469,
                                                            "Actual Loops": 1
                                                        }
                                                    ]
                                                }
                                            ]
                                        }
                                    ]
                                }
                            ]
                        }
                    ]
                }
            ]
        },
        "Planning Time": 200.619,
        "Triggers": [],
        "Execution Time": 230.978
    }
]