{
  "Plan": {
    "Node Type": "Aggregate",
    "Strategy": "Plain",
    "Partial Mode": "Finalize",
    "Parallel Aware": false,
    "Startup Cost": 118531.43,
    "Total Cost": 118531.44,
    "Plan Rows": 1,
    "Plan Width": 8,
    "Actual Startup Time": 514.484,
    "Actual Total Time": 534.484,
    "Actual Rows": 1,
    "Actual Loops": 1,
    "Plans": [
      {
        "Node Type": "Gather",
        "Parent Relationship": "Outer",
        "Parallel Aware": false,
        "Startup Cost": 118531.32,
        "Total Cost": 118531.43,
        "Plan Rows": 1,
        "Plan Width": 8,
        "Actual Startup Time": 514.262,
        "Actual Total Time": 534.476,
        "Actual Rows": 2,
        "Actual Loops": 1,
        "Workers Planned": 1,
        "Workers Launched": 1,
        "Single Copy": false,
        "Plans": [
          {
            "Node Type": "Aggregate",
            "Strategy": "Plain",
            "Partial Mode": "Partial",
            "Parent Relationship": "Outer",
            "Parallel Aware": false,
            "Startup Cost": 117531.32,
            "Total Cost": 117531.33,
            "Plan Rows": 1,
            "Plan Width": 8,
            "Actual Startup Time": 508.301,
            "Actual Total Time": 508.304,
            "Actual Rows": 1,
            "Actual Loops": 2,
            "Plans": [
              {
                "Node Type": "Hash Join",
                "Parent Relationship": "Outer",
                "Parallel Aware": true,
                "Join Type": "Inner",
                "Startup Cost": 59171.07,
                "Total Cost": 117221.91,
                "Plan Rows": 123763,
                "Plan Width": 0,
                "Actual Startup Time": 160.014,
                "Actual Total Time": 508.22,
                "Actual Rows": 880,
                "Actual Loops": 2,
                "Inner Unique": true,
                "Hash Cond": "(mk.movie_id = t.id)",
                "Plans": [
                  {
                    "Node Type": "Seq Scan",
                    "Parent Relationship": "Outer",
                    "Parallel Aware": true,
                    "Relation Name": "movie_keyword",
                    "Alias": "mk",
                    "Startup Cost": 0.0,
                    "Total Cost": 51065.35,
                    "Plan Rows": 2661135,
                    "Plan Width": 4,
                    "Actual Startup Time": 0.012,
                    "Actual Total Time": 179.051,
                    "Actual Rows": 2261965,
                    "Actual Loops": 2
                  },
                  {
                    "Node Type": "Hash",
                    "Parent Relationship": "Inner",
                    "Parallel Aware": true,
                    "Startup Cost": 58306.47,
                    "Total Cost": 58306.47,
                    "Plan Rows": 69168,
                    "Plan Width": 4,
                    "Actual Startup Time": 156.859,
                    "Actual Total Time": 156.86,
                    "Actual Rows": 1409,
                    "Actual Loops": 2,
                    "Hash Buckets": 131072,
                    "Original Hash Buckets": 131072,
                    "Hash Batches": 1,
                    "Original Hash Batches": 1,
                    "Peak Memory Usage": 1184,
                    "Plans": [
                      {
                        "Node Type": "Seq Scan",
                        "Parent Relationship": "Outer",
                        "Parallel Aware": true,
                        "Relation Name": "title",
                        "Alias": "t",
                        "Startup Cost": 0.0,
                        "Total Cost": 58306.47,
                        "Plan Rows": 69168,
                        "Plan Width": 4,
                        "Actual Startup Time": 0.936,
                        "Actual Total Time": 155.85,
                        "Actual Rows": 1409,
                        "Actual Loops": 2,
                        "Filter": "((kind_id > 1) AND (production_year < 1950))",
                        "Rows Removed by Filter": 1262747
                      }
                    ]
                  }
                ]
              }
            ]
          }
        ]
      }
    ]
  },
  "Planning Time": 0.472,
  "Triggers": [],
  "Execution Time": 534.556
}