{
    "Plan": {
        "Node Type": "Aggregate",
        "Strategy": "Plain",
        "Partial Mode": "Simple",
        "Parallel Aware": false,
        "Startup Cost": 4869.83,
        "Total Cost": 4869.84,
        "Plan Rows": 1,
        "Plan Width": 8,
        "Actual Startup Time": 15.137,
        "Actual Total Time": 15.14,
        "Actual Rows": 1,
        "Actual Loops": 1,
        "Output": [
            "count(*)"
        ],
        "Plans": [
            {
                "Node Type": "Nested Loop",
                "Parent Relationship": "Outer",
                "Parallel Aware": false,
                "Join Type": "Inner",
                "Startup Cost": 1.42,
                "Total Cost": 4869.63,
                "Plan Rows": 80,
                "Plan Width": 0,
                "Actual Startup Time": 14.501,
                "Actual Total Time": 15.127,
                "Actual Rows": 8,
                "Actual Loops": 1,
                "Inner Unique": true,
                "Join Filter": "(ci.movie_id = t.id)",
                "Rows Removed by Join Filter": 0,
                "Plans": [
                    {
                        "Node Type": "Nested Loop",
                        "Parent Relationship": "Outer",
                        "Parallel Aware": false,
                        "Join Type": "Inner",
                        "Startup Cost": 0.99,
                        "Total Cost": 4687.22,
                        "Plan Rows": 214,
                        "Plan Width": 8,
                        "Actual Startup Time": 14.476,
                        "Actual Total Time": 15.008,
                        "Actual Rows": 8,
                        "Actual Loops": 1,
                        "Output": [
                            "ci.movie_id",
                            "mi_idx.movie_id"
                        ],
                        "Inner Unique": false,
                        "Plans": [
                            {
                                "Node Type": "Index Scan",
                                "Parent Relationship": "Outer",
                                "Parallel Aware": false,
                                "Scan Direction": "Forward",
                                "Index Name": "person_id_cast_info",
                                "Relation Name": "cast_info",
                                "Schema": "public",
                                "Alias": "ci",
                                "Startup Cost": 0.56,
                                "Total Cost": 1039.59,
                                "Plan Rows": 441,
                                "Plan Width": 4,
                                "Actual Startup Time": 14.402,
                                "Actual Total Time": 14.434,
                                "Actual Rows": 35,
                                "Actual Loops": 1,
                                "Output": [
                                    "ci.id",
                                    "ci.person_id",
                                    "ci.movie_id",
                                    "ci.person_role_id",
                                    "ci.note",
                                    "ci.nr_order",
                                    "ci.role_id"
                                ],
                                "Index Cond": "(ci.person_id = 2296621)",
                                "Rows Removed by Index Recheck": 0,
                                "Filter": "(ci.role_id < 10)",
                                "Rows Removed by Filter": 0
                            },
                            {
                                "Node Type": "Index Scan",
                                "Parent Relationship": "Inner",
                                "Parallel Aware": false,
                                "Scan Direction": "Forward",
                                "Index Name": "movie_id_movie_info_idx",
                                "Relation Name": "movie_info_idx",
                                "Schema": "public",
                                "Alias": "mi_idx",
                                "Startup Cost": 0.43,
                                "Total Cost": 8.26,
                                "Plan Rows": 1,
                                "Plan Width": 4,
                                "Actual Startup Time": 0.015,
                                "Actual Total Time": 0.015,
                                "Actual Rows": 0,
                                "Actual Loops": 35,
                                "Output": [
                                    "mi_idx.id",
                                    "mi_idx.movie_id",
                                    "mi_idx.info_type_id",
                                    "mi_idx.info",
                                    "mi_idx.note"
                                ],
                                "Index Cond": "(mi_idx.movie_id = ci.movie_id)",
                                "Rows Removed by Index Recheck": 0,
                                "Filter": "(mi_idx.info_type_id < 100)",
                                "Rows Removed by Filter": 0
                            }
                        ]
                    },
                    {
                        "Node Type": "Index Only Scan",
                        "Parent Relationship": "Inner",
                        "Parallel Aware": false,
                        "Scan Direction": "Forward",
                        "Index Name": "title_pkey",
                        "Relation Name": "title",
                        "Schema": "public",
                        "Alias": "t",
                        "Startup Cost": 0.43,
                        "Total Cost": 0.84,
                        "Plan Rows": 1,
                        "Plan Width": 4,
                        "Actual Startup Time": 0.013,
                        "Actual Total Time": 0.013,
                        "Actual Rows": 1,
                        "Actual Loops": 8,
                        "Output": [
                            "t.id"
                        ],
                        "Index Cond": "(t.id = mi_idx.movie_id)",
                        "Rows Removed by Index Recheck": 0,
                        "Heap Fetches": 8
                    }
                ]
            }
        ]
    },
    "Planning Time": 1.534,
    "Triggers": [],
    "Execution Time": 15.22
}