[
  {
    "Plan": {
      "Node Type": "Aggregate",
      "Strategy": "Plain",
      "Partial Mode": "Finalize",
      "Parallel Aware": false,
      "Startup Cost": 356646.21,
      "Total Cost": 356646.22,
      "Plan Rows": 1,
      "Plan Width": 8,
      "Actual Startup Time": 957.637,
      "Actual Total Time": 1018.312,
      "Actual Rows": 1,
      "Actual Loops": 1,
      "Plans": [
        {
          "Node Type": "Gather",
          "Parent Relationship": "Outer",
          "Parallel Aware": false,
          "Startup Cost": 356645.58,
          "Total Cost": 356646.19,
          "Plan Rows": 6,
          "Plan Width": 8,
          "Actual Startup Time": 957.514,
          "Actual Total Time": 1018.301,
          "Actual Rows": 7,
          "Actual Loops": 1,
          "Workers Planned": 6,
          "Workers Launched": 6,
          "Single Copy": false,
          "Plans": [
            {
              "Node Type": "Aggregate",
              "Strategy": "Plain",
              "Partial Mode": "Partial",
              "Parent Relationship": "Outer",
              "Parallel Aware": false,
              "Startup Cost": 355645.58,
              "Total Cost": 355645.59,
              "Plan Rows": 1,
              "Plan Width": 8,
              "Actual Startup Time": 946.861,
              "Actual Total Time": 946.862,
              "Actual Rows": 1,
              "Actual Loops": 7,
              "Plans": [
                {
                  "Node Type": "Seq Scan",
                  "Parent Relationship": "Outer",
                  "Parallel Aware": true,
                  "Relation Name": "cast_info",
                  "Alias": "ci",
                  "Startup Cost": 0.0,
                  "Total Cost": 343257.03,
                  "Plan Rows": 4955421,
                  "Plan Width": 0,
                  "Actual Startup Time": 42.028,
                  "Actual Total Time": 762.766,
                  "Actual Rows": 4229480,
                  "Actual Loops": 7,
                  "Filter": "((person_id > 204442) AND (role_id < 10))",
                  "Rows Removed by Filter": 948284
                }
              ]
            }
          ]
        }
      ]
    },
    "Planning Time": 0.198,
    "Triggers": [],
    "Execution Time": 1018.376
  }
]