[
  {
    "Plan": {
      "Node Type": "Aggregate",
      "Strategy": "Plain",
      "Partial Mode": "Finalize",
      "Parallel Aware": false,
      "Startup Cost": 301170.84,
      "Total Cost": 301170.85,
      "Plan Rows": 1,
      "Plan Width": 8,
      "Actual Startup Time": 2175.976,
      "Actual Total Time": 2227.456,
      "Actual Rows": 1,
      "Actual Loops": 1,
      "Plans": [
        {
          "Node Type": "Gather",
          "Parent Relationship": "Outer",
          "Parallel Aware": false,
          "Startup Cost": 301170.52,
          "Total Cost": 301170.83,
          "Plan Rows": 3,
          "Plan Width": 8,
          "Actual Startup Time": 2162.314,
          "Actual Total Time": 2227.444,
          "Actual Rows": 4,
          "Actual Loops": 1,
          "Workers Planned": 3,
          "Workers Launched": 3,
          "Single Copy": false,
          "Plans": [
            {
              "Node Type": "Aggregate",
              "Strategy": "Plain",
              "Partial Mode": "Partial",
              "Parent Relationship": "Outer",
              "Parallel Aware": false,
              "Startup Cost": 300170.52,
              "Total Cost": 300170.53,
              "Plan Rows": 1,
              "Plan Width": 8,
              "Actual Startup Time": 2155.341,
              "Actual Total Time": 2156.205,
              "Actual Rows": 1,
              "Actual Loops": 4,
              "Plans": [
                {
                  "Node Type": "Hash Join",
                  "Parent Relationship": "Outer",
                  "Parallel Aware": true,
                  "Join Type": "Inner",
                  "Startup Cost": 252376.46,
                  "Total Cost": 298351.5,
                  "Plan Rows": 727610,
                  "Plan Width": 0,
                  "Actual Startup Time": 1363.32,
                  "Actual Total Time": 1961.022,
                  "Actual Rows": 3413704,
                  "Actual Loops": 4,
                  "Inner Unique": false,
                  "Hash Cond": "(mk.movie_id = t.id)",
                  "Plans": [
                    {
                      "Node Type": "Seq Scan",
                      "Parent Relationship": "Outer",
                      "Parallel Aware": true,
                      "Relation Name": "movie_keyword",
                      "Alias": "mk",
                      "Startup Cost": 0.0,
                      "Total Cost": 39047.32,
                      "Plan Rows": 1459332,
                      "Plan Width": 4,
                      "Actual Startup Time": 0.04,
                      "Actual Total Time": 112.925,
                      "Actual Rows": 1130982,
                      "Actual Loops": 4
                    },
                    {
                      "Node Type": "Hash",
                      "Parent Relationship": "Inner",
                      "Parallel Aware": true,
                      "Startup Cost": 249224.84,
                      "Total Cost": 249224.84,
                      "Plan Rows": 252130,
                      "Plan Width": 8,
                      "Actual Startup Time": 1357.529,
                      "Actual Total Time": 1358.391,
                      "Actual Rows": 625076,
                      "Actual Loops": 4,
                      "Hash Buckets": 4194304,
                      "Original Hash Buckets": 2097152,
                      "Hash Batches": 1,
                      "Original Hash Batches": 1,
                      "Peak Memory Usage": 147040,
                      "Plans": [
                        {
                          "Node Type": "Hash Join",
                          "Parent Relationship": "Outer",
                          "Parallel Aware": true,
                          "Join Type": "Inner",
                          "Startup Cost": 48180.25,
                          "Total Cost": 249224.84,
                          "Plan Rows": 252130,
                          "Plan Width": 8,
                          "Actual Startup Time": 240.005,
                          "Actual Total Time": 1041.159,
                          "Actual Rows": 625076,
                          "Actual Loops": 4,
                          "Inner Unique": true,
                          "Hash Cond": "(mi.movie_id = t.id)",
                          "Plans": [
                            {
                              "Node Type": "Seq Scan",
                              "Parent Relationship": "Outer",
                              "Parallel Aware": true,
                              "Relation Name": "movie_info",
                              "Alias": "mi",
                              "Startup Cost": 0.0,
                              "Total Cost": 199108.24,
                              "Plan Rows": 737655,
                              "Plan Width": 4,
                              "Actual Startup Time": 44.232,
                              "Actual Total Time": 526.105,
                              "Actual Rows": 906244,
                              "Actual Loops": 4,
                              "Filter": "(info_type_id < 4)",
                              "Rows Removed by Filter": 2802686
                            },
                            {
                              "Node Type": "Hash",
                              "Parent Relationship": "Inner",
                              "Parallel Aware": true,
                              "Startup Cost": 45479.59,
                              "Total Cost": 45479.59,
                              "Plan Rows": 216053,
                              "Plan Width": 4,
                              "Actual Startup Time": 193.454,
                              "Actual Total Time": 193.456,
                              "Actual Rows": 194671,
                              "Actual Loops": 4,
                              "Hash Buckets": 1048576,
                              "Original Hash Buckets": 1048576,
                              "Hash Batches": 1,
                              "Original Hash Batches": 1,
                              "Peak Memory Usage": 38720,
                              "Plans": [
                                {
                                  "Node Type": "Seq Scan",
                                  "Parent Relationship": "Outer",
                                  "Parallel Aware": true,
                                  "Relation Name": "title",
                                  "Alias": "t",
                                  "Startup Cost": 0.0,
                                  "Total Cost": 45479.59,
                                  "Plan Rows": 216053,
                                  "Plan Width": 4,
                                  "Actual Startup Time": 0.04,
                                  "Actual Total Time": 116.824,
                                  "Actual Rows": 194671,
                                  "Actual Loops": 4,
                                  "Filter": "((kind_id < 7) AND (production_year > 1960))",
                                  "Rows Removed by Filter": 437407
                                }
                              ]
                            }
                          ]
                        }
                      ]
                    }
                  ]
                }
              ]
            }
          ]
        }
      ]
    },
    "Planning Time": 0.686,
    "Triggers": [],
    "Execution Time": 2227.516
  }
]