[
  {
    "Plan": {
      "Node Type": "Aggregate",
      "Strategy": "Plain",
      "Partial Mode": "Finalize",
      "Parallel Aware": false,
      "Startup Cost": 283415.65,
      "Total Cost": 283415.66,
      "Plan Rows": 1,
      "Plan Width": 8,
      "Actual Startup Time": 695.26,
      "Actual Total Time": 740.97,
      "Actual Rows": 1,
      "Actual Loops": 1,
      "Plans": [
        {
          "Node Type": "Gather",
          "Parent Relationship": "Outer",
          "Parallel Aware": false,
          "Startup Cost": 283415.34,
          "Total Cost": 283415.65,
          "Plan Rows": 3,
          "Plan Width": 8,
          "Actual Startup Time": 685.858,
          "Actual Total Time": 740.962,
          "Actual Rows": 4,
          "Actual Loops": 1,
          "Workers Planned": 3,
          "Workers Launched": 3,
          "Single Copy": false,
          "Plans": [
            {
              "Node Type": "Aggregate",
              "Strategy": "Plain",
              "Partial Mode": "Partial",
              "Parent Relationship": "Outer",
              "Parallel Aware": false,
              "Startup Cost": 282415.34,
              "Total Cost": 282415.35,
              "Plan Rows": 1,
              "Plan Width": 8,
              "Actual Startup Time": 675.65,
              "Actual Total Time": 675.654,
              "Actual Rows": 1,
              "Actual Loops": 4,
              "Plans": [
                {
                  "Node Type": "Nested Loop",
                  "Parent Relationship": "Outer",
                  "Parallel Aware": false,
                  "Join Type": "Inner",
                  "Startup Cost": 48408.08,
                  "Total Cost": 281515.08,
                  "Plan Rows": 360102,
                  "Plan Width": 0,
                  "Actual Startup Time": 277.253,
                  "Actual Total Time": 663.702,
                  "Actual Rows": 240662,
                  "Actual Loops": 4,
                  "Inner Unique": false,
                  "Plans": [
                    {
                      "Node Type": "Hash Join",
                      "Parent Relationship": "Outer",
                      "Parallel Aware": true,
                      "Join Type": "Inner",
                      "Startup Cost": 48407.65,
                      "Total Cost": 80258.3,
                      "Plan Rows": 94735,
                      "Plan Width": 8,
                      "Actual Startup Time": 277.144,
                      "Actual Total Time": 349.703,
                      "Actual Rows": 33250,
                      "Actual Loops": 4,
                      "Inner Unique": true,
                      "Hash Cond": "(mc.movie_id = t.id)",
                      "Plans": [
                        {
                          "Node Type": "Seq Scan",
                          "Parent Relationship": "Outer",
                          "Parallel Aware": true,
                          "Relation Name": "movie_companies",
                          "Alias": "mc",
                          "Startup Cost": 0.0,
                          "Total Cost": 31414.82,
                          "Plan Rows": 166033,
                          "Plan Width": 4,
                          "Actual Startup Time": 31.394,
                          "Actual Total Time": 62.543,
                          "Actual Rows": 76525,
                          "Actual Loops": 4,
                          "Filter": "((company_id < 5007) AND (company_type_id > 1))",
                          "Rows Removed by Filter": 575758
                        },
                        {
                          "Node Type": "Hash",
                          "Parent Relationship": "Inner",
                          "Parallel Aware": true,
                          "Startup Cost": 43899.32,
                          "Total Cost": 43899.32,
                          "Plan Rows": 360666,
                          "Plan Width": 4,
                          "Actual Startup Time": 240.141,
                          "Actual Total Time": 240.142,
                          "Actual Rows": 358616,
                          "Actual Loops": 4,
                          "Hash Buckets": 2097152,
                          "Original Hash Buckets": 2097152,
                          "Hash Batches": 1,
                          "Original Hash Batches": 1,
                          "Peak Memory Usage": 72576,
                          "Plans": [
                            {
                              "Node Type": "Seq Scan",
                              "Parent Relationship": "Outer",
                              "Parallel Aware": true,
                              "Relation Name": "title",
                              "Alias": "t",
                              "Startup Cost": 0.0,
                              "Total Cost": 43899.32,
                              "Plan Rows": 360666,
                              "Plan Width": 4,
                              "Actual Startup Time": 0.032,
                              "Actual Total Time": 106.731,
                              "Actual Rows": 358616,
                              "Actual Loops": 4,
                              "Filter": "(production_year > 1999)",
                              "Rows Removed by Filter": 273462
                            }
                          ]
                        }
                      ]
                    },
                    {
                      "Node Type": "Index Scan",
                      "Parent Relationship": "Inner",
                      "Parallel Aware": false,
                      "Scan Direction": "Forward",
                      "Index Name": "movie_id_movie_info",
                      "Relation Name": "movie_info",
                      "Alias": "mi",
                      "Startup Cost": 0.43,
                      "Total Cost": 1.85,
                      "Plan Rows": 27,
                      "Plan Width": 4,
                      "Actual Startup Time": 0.003,
                      "Actual Total Time": 0.009,
                      "Actual Rows": 7,
                      "Actual Loops": 132998,
                      "Index Cond": "(movie_id = t.id)",
                      "Rows Removed by Index Recheck": 0,
                      "Filter": "(info_type_id < 16)",
                      "Rows Removed by Filter": 6
                    }
                  ]
                }
              ]
            }
          ]
        }
      ]
    },
    "Planning Time": 1.026,
    "Triggers": [],
    "Execution Time": 741.052
  }
]