{
  "Plan": {
    "Node Type": "Aggregate",
    "Strategy": "Plain",
    "Partial Mode": "Finalize",
    "Parallel Aware": false,
    "Startup Cost": 115209.39,
    "Total Cost": 115209.4,
    "Plan Rows": 1,
    "Plan Width": 8,
    "Actual Startup Time": 319.528,
    "Actual Total Time": 332.253,
    "Actual Rows": 1,
    "Actual Loops": 1,
    "Plans": [
      {
        "Node Type": "Gather",
        "Parent Relationship": "Outer",
        "Parallel Aware": false,
        "Startup Cost": 115209.28,
        "Total Cost": 115209.39,
        "Plan Rows": 1,
        "Plan Width": 8,
        "Actual Startup Time": 319.298,
        "Actual Total Time": 332.247,
        "Actual Rows": 2,
        "Actual Loops": 1,
        "Workers Planned": 1,
        "Workers Launched": 1,
        "Single Copy": false,
        "Plans": [
          {
            "Node Type": "Aggregate",
            "Strategy": "Plain",
            "Partial Mode": "Partial",
            "Parent Relationship": "Outer",
            "Parallel Aware": false,
            "Startup Cost": 114209.28,
            "Total Cost": 114209.29,
            "Plan Rows": 1,
            "Plan Width": 8,
            "Actual Startup Time": 312.771,
            "Actual Total Time": 312.776,
            "Actual Rows": 1,
            "Actual Loops": 2,
            "Plans": [
              {
                "Node Type": "Merge Join",
                "Parent Relationship": "Outer",
                "Parallel Aware": false,
                "Join Type": "Inner",
                "Startup Cost": 114065.47,
                "Total Cost": 114209.11,
                "Plan Rows": 69,
                "Plan Width": 0,
                "Actual Startup Time": 306.366,
                "Actual Total Time": 312.653,
                "Actual Rows": 3036,
                "Actual Loops": 2,
                "Inner Unique": false,
                "Merge Cond": "(t.id = mi.movie_id)",
                "Plans": [
                  {
                    "Node Type": "Sort",
                    "Parent Relationship": "Outer",
                    "Parallel Aware": false,
                    "Startup Cost": 84655.64,
                    "Total Cost": 84704.98,
                    "Plan Rows": 19734,
                    "Plan Width": 8,
                    "Actual Startup Time": 301.77,
                    "Actual Total Time": 304.736,
                    "Actual Rows": 48600,
                    "Actual Loops": 2,
                    "Sort Key": [
                      "t.id"
                    ],
                    "Sort Method": "quicksort",
                    "Sort Space Used": 4004,
                    "Sort Space Type": "Memory",
                    "Workers": [
                      {
                        "Worker Number": 0,
                        "Sort Method": "quicksort",
                        "Sort Space Used": 3626,
                        "Sort Space Type": "Memory"
                      }
                    ],
                    "Plans": [
                      {
                        "Node Type": "Hash Join",
                        "Parent Relationship": "Outer",
                        "Parallel Aware": true,
                        "Join Type": "Inner",
                        "Startup Cost": 25166.05,
                        "Total Cost": 83247.78,
                        "Plan Rows": 19734,
                        "Plan Width": 8,
                        "Actual Startup Time": 86.497,
                        "Actual Total Time": 290.43,
                        "Actual Rows": 48600,
                        "Actual Loops": 2,
                        "Inner Unique": false,
                        "Hash Cond": "(t.id = mc.movie_id)",
                        "Plans": [
                          {
                            "Node Type": "Seq Scan",
                            "Parent Relationship": "Outer",
                            "Parallel Aware": true,
                            "Relation Name": "title",
                            "Alias": "t",
                            "Startup Cost": 0.0,
                            "Total Cost": 54588.39,
                            "Plan Rows": 540361,
                            "Plan Width": 4,
                            "Actual Startup Time": 0.014,
                            "Actual Total Time": 132.94,
                            "Actual Rows": 462302,
                            "Actual Loops": 2,
                            "Filter": "(production_year < 1998)",
                            "Rows Removed by Filter": 801854
                          },
                          {
                            "Node Type": "Hash",
                            "Parent Relationship": "Inner",
                            "Parallel Aware": true,
                            "Startup Cost": 24487.15,
                            "Total Cost": 24487.15,
                            "Plan Rows": 54312,
                            "Plan Width": 4,
                            "Actual Startup Time": 84.322,
                            "Actual Total Time": 84.324,
                            "Actual Rows": 73466,
                            "Actual Loops": 2,
                            "Hash Buckets": 262144,
                            "Original Hash Buckets": 131072,
                            "Hash Batches": 1,
                            "Original Hash Batches": 1,
                            "Peak Memory Usage": 8864,
                            "Plans": [
                              {
                                "Node Type": "Bitmap Heap Scan",
                                "Parent Relationship": "Outer",
                                "Parallel Aware": true,
                                "Relation Name": "movie_companies",
                                "Alias": "mc",
                                "Startup Cost": 4042.21,
                                "Total Cost": 24487.15,
                                "Plan Rows": 54312,
                                "Plan Width": 4,
                                "Actual Startup Time": 23.974,
                                "Actual Total Time": 63.108,
                                "Actual Rows": 73466,
                                "Actual Loops": 2,
                                "Recheck Cond": "(company_id < 49)",
                                "Rows Removed by Index Recheck": 0,
                                "Filter": "(company_type_id < 2)",
                                "Rows Removed by Filter": 19556,
                                "Exact Heap Blocks": 10346,
                                "Lossy Heap Blocks": 0,
                                "Plans": [
                                  {
                                    "Node Type": "Bitmap Index Scan",
                                    "Parent Relationship": "Outer",
                                    "Parallel Aware": false,
                                    "Index Name": "company_id_movie_companies",
                                    "Startup Cost": 0.0,
                                    "Total Cost": 4019.13,
                                    "Plan Rows": 187560,
                                    "Plan Width": 0,
                                    "Actual Startup Time": 23.621,
                                    "Actual Total Time": 23.621,
                                    "Actual Rows": 186044,
                                    "Actual Loops": 1,
                                    "Index Cond": "(company_id < 49)"
                                  }
                                ]
                              }
                            ]
                          }
                        ]
                      }
                    ]
                  },
                  {
                    "Node Type": "Sort",
                    "Parent Relationship": "Inner",
                    "Parallel Aware": false,
                    "Startup Cost": 29409.83,
                    "Total Cost": 29432.0,
                    "Plan Rows": 8870,
                    "Plan Width": 4,
                    "Actual Startup Time": 4.492,
                    "Actual Total Time": 4.786,
                    "Actual Rows": 8285,
                    "Actual Loops": 2,
                    "Sort Key": [
                      "mi.movie_id"
                    ],
                    "Sort Method": "quicksort",
                    "Sort Space Used": 503,
                    "Sort Space Type": "Memory",
                    "Workers": [
                      {
                        "Worker Number": 0,
                        "Sort Method": "quicksort",
                        "Sort Space Used": 503,
                        "Sort Space Type": "Memory"
                      }
                    ],
                    "Plans": [
                      {
                        "Node Type": "Bitmap Heap Scan",
                        "Parent Relationship": "Outer",
                        "Parallel Aware": false,
                        "Relation Name": "movie_info",
                        "Alias": "mi",
                        "Startup Cost": 161.18,
                        "Total Cost": 28828.19,
                        "Plan Rows": 8870,
                        "Plan Width": 4,
                        "Actual Startup Time": 0.526,
                        "Actual Total Time": 3.33,
                        "Actual Rows": 6621,
                        "Actual Loops": 2,
                        "Recheck Cond": "(info_type_id = 85)",
                        "Rows Removed by Index Recheck": 0,
                        "Exact Heap Blocks": 1314,
                        "Lossy Heap Blocks": 0,
                        "Plans": [
                          {
                            "Node Type": "Bitmap Index Scan",
                            "Parent Relationship": "Outer",
                            "Parallel Aware": false,
                            "Index Name": "info_type_id_movie_info",
                            "Startup Cost": 0.0,
                            "Total Cost": 158.96,
                            "Plan Rows": 8870,
                            "Plan Width": 0,
                            "Actual Startup Time": 0.397,
                            "Actual Total Time": 0.397,
                            "Actual Rows": 6621,
                            "Actual Loops": 2,
                            "Index Cond": "(info_type_id = 85)"
                          }
                        ]
                      }
                    ]
                  }
                ]
              }
            ]
          }
        ]
      }
    ]
  },
  "Planning Time": 1.204,
  "Triggers": [],
  "Execution Time": 332.378
}