[
  {
    "Plan": {
      "Node Type": "Aggregate",
      "Strategy": "Plain",
      "Partial Mode": "Finalize",
      "Parallel Aware": false,
      "Startup Cost": 249256.52,
      "Total Cost": 249256.53,
      "Plan Rows": 1,
      "Plan Width": 8,
      "Actual Startup Time": 615.396,
      "Actual Total Time": 657.824,
      "Actual Rows": 1,
      "Actual Loops": 1,
      "Plans": [
        {
          "Node Type": "Gather",
          "Parent Relationship": "Outer",
          "Parallel Aware": false,
          "Startup Cost": 249256.0,
          "Total Cost": 249256.51,
          "Plan Rows": 5,
          "Plan Width": 8,
          "Actual Startup Time": 609.913,
          "Actual Total Time": 657.812,
          "Actual Rows": 6,
          "Actual Loops": 1,
          "Workers Planned": 5,
          "Workers Launched": 5,
          "Single Copy": false,
          "Plans": [
            {
              "Node Type": "Aggregate",
              "Strategy": "Plain",
              "Partial Mode": "Partial",
              "Parent Relationship": "Outer",
              "Parallel Aware": false,
              "Startup Cost": 248256.0,
              "Total Cost": 248256.01,
              "Plan Rows": 1,
              "Plan Width": 8,
              "Actual Startup Time": 599.703,
              "Actual Total Time": 599.707,
              "Actual Rows": 1,
              "Actual Loops": 6,
              "Plans": [
                {
                  "Node Type": "Hash Join",
                  "Parent Relationship": "Outer",
                  "Parallel Aware": true,
                  "Join Type": "Inner",
                  "Startup Cost": 45572.84,
                  "Total Cost": 247629.57,
                  "Plan Rows": 250571,
                  "Plan Width": 0,
                  "Actual Startup Time": 143.439,
                  "Actual Total Time": 592.1,
                  "Actual Rows": 169202,
                  "Actual Loops": 6,
                  "Inner Unique": true,
                  "Hash Cond": "(mi.movie_id = t.id)",
                  "Plans": [
                    {
                      "Node Type": "Seq Scan",
                      "Parent Relationship": "Outer",
                      "Parallel Aware": true,
                      "Relation Name": "movie_info",
                      "Alias": "mi",
                      "Startup Cost": 0.0,
                      "Total Cost": 198952.16,
                      "Plan Rows": 1182693,
                      "Plan Width": 4,
                      "Actual Startup Time": 16.193,
                      "Actual Total Time": 309.076,
                      "Actual Rows": 978171,
                      "Actual Loops": 6,
                      "Filter": "(info_type_id > 13)",
                      "Rows Removed by Filter": 1494449
                    },
                    {
                      "Node Type": "Hash",
                      "Parent Relationship": "Inner",
                      "Parallel Aware": true,
                      "Startup Cost": 43898.92,
                      "Total Cost": 43898.92,
                      "Plan Rows": 133914,
                      "Plan Width": 4,
                      "Actual Startup Time": 123.484,
                      "Actual Total Time": 123.485,
                      "Actual Rows": 88895,
                      "Actual Loops": 6,
                      "Hash Buckets": 1048576,
                      "Original Hash Buckets": 1048576,
                      "Hash Batches": 1,
                      "Original Hash Batches": 1,
                      "Peak Memory Usage": 29152,
                      "Plans": [
                        {
                          "Node Type": "Seq Scan",
                          "Parent Relationship": "Outer",
                          "Parallel Aware": true,
                          "Relation Name": "title",
                          "Alias": "t",
                          "Startup Cost": 0.0,
                          "Total Cost": 43898.92,
                          "Plan Rows": 133914,
                          "Plan Width": 4,
                          "Actual Startup Time": 0.041,
                          "Actual Total Time": 80.278,
                          "Actual Rows": 88895,
                          "Actual Loops": 6,
                          "Filter": "(production_year > 2009)",
                          "Rows Removed by Filter": 332490
                        }
                      ]
                    }
                  ]
                }
              ]
            }
          ]
        }
      ]
    },
    "Planning Time": 0.624,
    "Triggers": [],
    "Execution Time": 657.976
  }
]