[
  {
    "Plan": {
      "Node Type": "Aggregate",
      "Strategy": "Plain",
      "Partial Mode": "Finalize",
      "Parallel Aware": false,
      "Startup Cost": 94345.75,
      "Total Cost": 94345.76,
      "Plan Rows": 1,
      "Plan Width": 8,
      "Actual Startup Time": 370.2,
      "Actual Total Time": 387.226,
      "Actual Rows": 1,
      "Actual Loops": 1,
      "Plans": [
        {
          "Node Type": "Gather",
          "Parent Relationship": "Outer",
          "Parallel Aware": false,
          "Startup Cost": 94345.43,
          "Total Cost": 94345.74,
          "Plan Rows": 3,
          "Plan Width": 8,
          "Actual Startup Time": 369.135,
          "Actual Total Time": 387.213,
          "Actual Rows": 4,
          "Actual Loops": 1,
          "Workers Planned": 3,
          "Workers Launched": 3,
          "Single Copy": false,
          "Plans": [
            {
              "Node Type": "Aggregate",
              "Strategy": "Plain",
              "Partial Mode": "Partial",
              "Parent Relationship": "Outer",
              "Parallel Aware": false,
              "Startup Cost": 93345.43,
              "Total Cost": 93345.44,
              "Plan Rows": 1,
              "Plan Width": 8,
              "Actual Startup Time": 360.86,
              "Actual Total Time": 360.864,
              "Actual Rows": 1,
              "Actual Loops": 4,
              "Plans": [
                {
                  "Node Type": "Hash Join",
                  "Parent Relationship": "Outer",
                  "Parallel Aware": true,
                  "Join Type": "Inner",
                  "Startup Cost": 46429.54,
                  "Total Cost": 92911.63,
                  "Plan Rows": 173518,
                  "Plan Width": 0,
                  "Actual Startup Time": 131.935,
                  "Actual Total Time": 359.158,
                  "Actual Rows": 31192,
                  "Actual Loops": 4,
                  "Inner Unique": true,
                  "Hash Cond": "(mk.movie_id = t.id)",
                  "Plans": [
                    {
                      "Node Type": "Seq Scan",
                      "Parent Relationship": "Outer",
                      "Parallel Aware": true,
                      "Relation Name": "movie_keyword",
                      "Alias": "mk",
                      "Startup Cost": 0.0,
                      "Total Cost": 42695.65,
                      "Plan Rows": 1442451,
                      "Plan Width": 4,
                      "Actual Startup Time": 0.026,
                      "Actual Total Time": 134.675,
                      "Actual Rows": 1118270,
                      "Actual Loops": 4,
                      "Filter": "(keyword_id < 99146)",
                      "Rows Removed by Filter": 12713
                    },
                    {
                      "Node Type": "Hash",
                      "Parent Relationship": "Inner",
                      "Parallel Aware": true,
                      "Startup Cost": 45479.1,
                      "Total Cost": 45479.1,
                      "Plan Rows": 76035,
                      "Plan Width": 4,
                      "Actual Startup Time": 128.36,
                      "Actual Total Time": 128.361,
                      "Actual Rows": 44934,
                      "Actual Loops": 4,
                      "Hash Buckets": 524288,
                      "Original Hash Buckets": 524288,
                      "Hash Batches": 1,
                      "Original Hash Batches": 1,
                      "Peak Memory Usage": 11200,
                      "Plans": [
                        {
                          "Node Type": "Seq Scan",
                          "Parent Relationship": "Outer",
                          "Parallel Aware": true,
                          "Relation Name": "title",
                          "Alias": "t",
                          "Startup Cost": 0.0,
                          "Total Cost": 45479.1,
                          "Plan Rows": 76035,
                          "Plan Width": 4,
                          "Actual Startup Time": 0.051,
                          "Actual Total Time": 108.139,
                          "Actual Rows": 44934,
                          "Actual Loops": 4,
                          "Filter": "((kind_id > 1) AND (production_year < 1974))",
                          "Rows Removed by Filter": 587144
                        }
                      ]
                    }
                  ]
                }
              ]
            }
          ]
        }
      ]
    },
    "Planning Time": 0.78,
    "Triggers": [],
    "Execution Time": 387.297
  }
]