[
    {
        "Bao": {
            "Bao prediction": "NaN",
            "Bao recommended hint": "(no hint)"
        }
    },
    {
        "Plan": {
            "Node Type": "Aggregate",
            "Strategy": "Plain",
            "Partial Mode": "Finalize",
            "Parallel Aware": false,
            "Startup Cost": 354030.01,
            "Total Cost": 354030.02,
            "Plan Rows": 1,
            "Plan Width": 8,
            "Actual Startup Time": 840.134,
            "Actual Total Time": 868.861,
            "Actual Rows": 1,
            "Actual Loops": 1,
            "Output": [
                "count(*)"
            ],
            "Plans": [
                {
                    "Node Type": "Gather",
                    "Parent Relationship": "Outer",
                    "Parallel Aware": false,
                    "Startup Cost": 354029.39,
                    "Total Cost": 354030.0,
                    "Plan Rows": 6,
                    "Plan Width": 8,
                    "Actual Startup Time": 840.025,
                    "Actual Total Time": 868.853,
                    "Actual Rows": 7,
                    "Actual Loops": 1,
                    "Output": [
                        "(PARTIAL count(*))"
                    ],
                    "Workers Planned": 6,
                    "Workers Launched": 6,
                    "Single Copy": false,
                    "Plans": [
                        {
                            "Node Type": "Aggregate",
                            "Strategy": "Plain",
                            "Partial Mode": "Partial",
                            "Parent Relationship": "Outer",
                            "Parallel Aware": false,
                            "Startup Cost": 353029.39,
                            "Total Cost": 353029.4,
                            "Plan Rows": 1,
                            "Plan Width": 8,
                            "Actual Startup Time": 830.277,
                            "Actual Total Time": 830.278,
                            "Actual Rows": 1,
                            "Actual Loops": 7,
                            "Output": [
                                "PARTIAL count(*)"
                            ],
                            "Workers": [
                                {
                                    "Worker Number": 0,
                                    "Actual Startup Time": 827.992,
                                    "Actual Total Time": 827.994,
                                    "Actual Rows": 1,
                                    "Actual Loops": 1
                                },
                                {
                                    "Worker Number": 1,
                                    "Actual Startup Time": 828.186,
                                    "Actual Total Time": 828.187,
                                    "Actual Rows": 1,
                                    "Actual Loops": 1
                                },
                                {
                                    "Worker Number": 2,
                                    "Actual Startup Time": 828.436,
                                    "Actual Total Time": 828.437,
                                    "Actual Rows": 1,
                                    "Actual Loops": 1
                                },
                                {
                                    "Worker Number": 3,
                                    "Actual Startup Time": 828.99,
                                    "Actual Total Time": 828.992,
                                    "Actual Rows": 1,
                                    "Actual Loops": 1
                                },
                                {
                                    "Worker Number": 4,
                                    "Actual Startup Time": 829.139,
                                    "Actual Total Time": 829.14,
                                    "Actual Rows": 1,
                                    "Actual Loops": 1
                                },
                                {
                                    "Worker Number": 5,
                                    "Actual Startup Time": 829.663,
                                    "Actual Total Time": 829.664,
                                    "Actual Rows": 1,
                                    "Actual Loops": 1
                                }
                            ],
                            "Plans": [
                                {
                                    "Node Type": "Seq Scan",
                                    "Parent Relationship": "Outer",
                                    "Parallel Aware": true,
                                    "Relation Name": "cast_info",
                                    "Schema": "public",
                                    "Alias": "ci",
                                    "Startup Cost": 0.0,
                                    "Total Cost": 343318.94,
                                    "Plan Rows": 3884179,
                                    "Plan Width": 0,
                                    "Actual Startup Time": 215.243,
                                    "Actual Total Time": 677.643,
                                    "Actual Rows": 3323832,
                                    "Actual Loops": 7,
                                    "Output": [
                                        "id",
                                        "person_id",
                                        "movie_id",
                                        "person_role_id",
                                        "note",
                                        "nr_order",
                                        "role_id"
                                    ],
                                    "Filter": "((ci.person_id < 4005964) AND (ci.role_id > 1))",
                                    "Rows Removed by Filter": 1853931,
                                    "Workers": [
                                        {
                                            "Worker Number": 0,
                                            "Actual Startup Time": 212.96,
                                            "Actual Total Time": 674.634,
                                            "Actual Rows": 2318851,
                                            "Actual Loops": 1
                                        },
                                        {
                                            "Worker Number": 1,
                                            "Actual Startup Time": 213.132,
                                            "Actual Total Time": 674.857,
                                            "Actual Rows": 2320204,
                                            "Actual Loops": 1
                                        },
                                        {
                                            "Worker Number": 2,
                                            "Actual Startup Time": 213.404,
                                            "Actual Total Time": 682.884,
                                            "Actual Rows": 3555019,
                                            "Actual Loops": 1
                                        },
                                        {
                                            "Worker Number": 3,
                                            "Actual Startup Time": 213.968,
                                            "Actual Total Time": 678.278,
                                            "Actual Rows": 3591124,
                                            "Actual Loops": 1
                                        },
                                        {
                                            "Worker Number": 4,
                                            "Actual Startup Time": 214.113,
                                            "Actual Total Time": 683.275,
                                            "Actual Rows": 3588074,
                                            "Actual Loops": 1
                                        },
                                        {
                                            "Worker Number": 5,
                                            "Actual Startup Time": 214.633,
                                            "Actual Total Time": 678.735,
                                            "Actual Rows": 3595429,
                                            "Actual Loops": 1
                                        }
                                    ]
                                }
                            ]
                        }
                    ]
                }
            ]
        },
        "Planning Time": 197.809,
        "Triggers": [],
        "Execution Time": 868.962
    }
]