{
  "Plan": {
    "Node Type": "Aggregate",
    "Strategy": "Plain",
    "Partial Mode": "Finalize",
    "Parallel Aware": false,
    "Startup Cost": 494928.28,
    "Total Cost": 494928.29,
    "Plan Rows": 1,
    "Plan Width": 8,
    "Actual Startup Time": 2197.667,
    "Actual Total Time": 2244.272,
    "Actual Rows": 1,
    "Actual Loops": 1,
    "Plans": [
      {
        "Node Type": "Gather",
        "Parent Relationship": "Outer",
        "Parallel Aware": false,
        "Startup Cost": 494928.17,
        "Total Cost": 494928.28,
        "Plan Rows": 1,
        "Plan Width": 8,
        "Actual Startup Time": 2196.367,
        "Actual Total Time": 2244.262,
        "Actual Rows": 2,
        "Actual Loops": 1,
        "Workers Planned": 1,
        "Workers Launched": 1,
        "Single Copy": false,
        "Plans": [
          {
            "Node Type": "Aggregate",
            "Strategy": "Plain",
            "Partial Mode": "Partial",
            "Parent Relationship": "Outer",
            "Parallel Aware": false,
            "Startup Cost": 493928.17,
            "Total Cost": 493928.18,
            "Plan Rows": 1,
            "Plan Width": 8,
            "Actual Startup Time": 2192.656,
            "Actual Total Time": 2192.661,
            "Actual Rows": 1,
            "Actual Loops": 2,
            "Plans": [
              {
                "Node Type": "Hash Join",
                "Parent Relationship": "Outer",
                "Parallel Aware": true,
                "Join Type": "Inner",
                "Startup Cost": 206356.77,
                "Total Cost": 492418.08,
                "Plan Rows": 604038,
                "Plan Width": 0,
                "Actual Startup Time": 1094.408,
                "Actual Total Time": 2161.638,
                "Actual Rows": 631452,
                "Actual Loops": 2,
                "Inner Unique": false,
                "Hash Cond": "(mi.movie_id = t.id)",
                "Plans": [
                  {
                    "Node Type": "Seq Scan",
                    "Parent Relationship": "Outer",
                    "Parallel Aware": true,
                    "Relation Name": "movie_info",
                    "Alias": "mi",
                    "Startup Cost": 0.0,
                    "Total Cost": 270696.42,
                    "Plan Rows": 3149790,
                    "Plan Width": 4,
                    "Actual Startup Time": 0.017,
                    "Actual Total Time": 701.553,
                    "Actual Rows": 2705260,
                    "Actual Loops": 2,
                    "Filter": "(info_type_id < 6)",
                    "Rows Removed by Filter": 4712600
                  },
                  {
                    "Node Type": "Hash",
                    "Parent Relationship": "Inner",
                    "Parallel Aware": true,
                    "Startup Cost": 202791.67,
                    "Total Cost": 202791.67,
                    "Plan Rows": 285208,
                    "Plan Width": 8,
                    "Actual Startup Time": 1058.174,
                    "Actual Total Time": 1058.177,
                    "Actual Rows": 90054,
                    "Actual Loops": 2,
                    "Hash Buckets": 524288,
                    "Original Hash Buckets": 524288,
                    "Hash Batches": 1,
                    "Original Hash Batches": 1,
                    "Peak Memory Usage": 11168,
                    "Plans": [
                      {
                        "Node Type": "Merge Join",
                        "Parent Relationship": "Outer",
                        "Parallel Aware": false,
                        "Join Type": "Inner",
                        "Startup Cost": 93975.24,
                        "Total Cost": 202791.67,
                        "Plan Rows": 285208,
                        "Plan Width": 8,
                        "Actual Startup Time": 736.746,
                        "Actual Total Time": 1029.397,
                        "Actual Rows": 90054,
                        "Actual Loops": 2,
                        "Inner Unique": false,
                        "Merge Cond": "(t.id = mc.movie_id)",
                        "Plans": [
                          {
                            "Node Type": "Index Only Scan",
                            "Parent Relationship": "Outer",
                            "Parallel Aware": true,
                            "Scan Direction": "Forward",
                            "Index Name": "title_pkey",
                            "Relation Name": "title",
                            "Alias": "t",
                            "Startup Cost": 0.43,
                            "Total Cost": 99929.35,
                            "Plan Rows": 1487231,
                            "Plan Width": 4,
                            "Actual Startup Time": 0.074,
                            "Actual Total Time": 655.12,
                            "Actual Rows": 1262836,
                            "Actual Loops": 2,
                            "Heap Fetches": 2525672
                          },
                          {
                            "Node Type": "Sort",
                            "Parent Relationship": "Inner",
                            "Parallel Aware": false,
                            "Startup Cost": 93972.72,
                            "Total Cost": 95184.85,
                            "Plan Rows": 484853,
                            "Plan Width": 4,
                            "Actual Startup Time": 265.203,
                            "Actual Total Time": 276.423,
                            "Actual Rows": 180108,
                            "Actual Loops": 2,
                            "Sort Key": [
                              "mc.movie_id"
                            ],
                            "Sort Method": "quicksort",
                            "Sort Space Used": 14587,
                            "Sort Space Type": "Memory",
                            "Workers": [
                              {
                                "Worker Number": 0,
                                "Sort Method": "quicksort",
                                "Sort Space Used": 14587,
                                "Sort Space Type": "Memory"
                              }
                            ],
                            "Plans": [
                              {
                                "Node Type": "Index Scan",
                                "Parent Relationship": "Outer",
                                "Parallel Aware": false,
                                "Scan Direction": "Forward",
                                "Index Name": "company_type_id_movie_companies",
                                "Relation Name": "movie_companies",
                                "Alias": "mc",
                                "Startup Cost": 0.43,
                                "Total Cost": 48185.17,
                                "Plan Rows": 484853,
                                "Plan Width": 4,
                                "Actual Startup Time": 76.125,
                                "Actual Total Time": 217.081,
                                "Actual Rows": 180108,
                                "Actual Loops": 2,
                                "Index Cond": "(company_type_id = 1)",
                                "Rows Removed by Index Recheck": 0,
                                "Filter": "(company_id > 16774)",
                                "Rows Removed by Filter": 1094138
                              }
                            ]
                          }
                        ]
                      }
                    ]
                  }
                ]
              }
            ]
          }
        ]
      }
    ]
  },
  "Planning Time": 1.114,
  "Triggers": [],
  "Execution Time": 2244.391
}