[
    {
        "Bao": {
            "Bao prediction": "NaN",
            "Bao recommended hint": "(no hint)"
        }
    },
    {
        "Plan": {
            "Node Type": "Aggregate",
            "Strategy": "Plain",
            "Partial Mode": "Finalize",
            "Parallel Aware": false,
            "Startup Cost": 25982.24,
            "Total Cost": 25982.25,
            "Plan Rows": 1,
            "Plan Width": 8,
            "Actual Startup Time": 61.171,
            "Actual Total Time": 66.191,
            "Actual Rows": 1,
            "Actual Loops": 1,
            "Output": [
                "count(*)"
            ],
            "Plans": [
                {
                    "Node Type": "Gather",
                    "Parent Relationship": "Outer",
                    "Parallel Aware": false,
                    "Startup Cost": 25981.92,
                    "Total Cost": 25982.23,
                    "Plan Rows": 3,
                    "Plan Width": 8,
                    "Actual Startup Time": 60.974,
                    "Actual Total Time": 66.184,
                    "Actual Rows": 4,
                    "Actual Loops": 1,
                    "Output": [
                        "(PARTIAL count(*))"
                    ],
                    "Workers Planned": 3,
                    "Workers Launched": 3,
                    "Single Copy": false,
                    "Plans": [
                        {
                            "Node Type": "Aggregate",
                            "Strategy": "Plain",
                            "Partial Mode": "Partial",
                            "Parent Relationship": "Outer",
                            "Parallel Aware": false,
                            "Startup Cost": 24981.92,
                            "Total Cost": 24981.93,
                            "Plan Rows": 1,
                            "Plan Width": 8,
                            "Actual Startup Time": 52.561,
                            "Actual Total Time": 52.562,
                            "Actual Rows": 1,
                            "Actual Loops": 4,
                            "Output": [
                                "PARTIAL count(*)"
                            ],
                            "Workers": [
                                {
                                    "Worker Number": 0,
                                    "Actual Startup Time": 49.407,
                                    "Actual Total Time": 49.407,
                                    "Actual Rows": 1,
                                    "Actual Loops": 1
                                },
                                {
                                    "Worker Number": 1,
                                    "Actual Startup Time": 49.949,
                                    "Actual Total Time": 49.95,
                                    "Actual Rows": 1,
                                    "Actual Loops": 1
                                },
                                {
                                    "Worker Number": 2,
                                    "Actual Startup Time": 50.183,
                                    "Actual Total Time": 50.184,
                                    "Actual Rows": 1,
                                    "Actual Loops": 1
                                }
                            ],
                            "Plans": [
                                {
                                    "Node Type": "Bitmap Heap Scan",
                                    "Parent Relationship": "Outer",
                                    "Parallel Aware": true,
                                    "Relation Name": "movie_companies",
                                    "Schema": "public",
                                    "Alias": "mc",
                                    "Startup Cost": 5062.07,
                                    "Total Cost": 24793.61,
                                    "Plan Rows": 75323,
                                    "Plan Width": 0,
                                    "Actual Startup Time": 8.957,
                                    "Actual Total Time": 48.49,
                                    "Actual Rows": 58166,
                                    "Actual Loops": 4,
                                    "Recheck Cond": "(mc.company_id < 93)",
                                    "Rows Removed by Index Recheck": 0,
                                    "Exact Heap Blocks": 10623,
                                    "Lossy Heap Blocks": 0,
                                    "Workers": [
                                        {
                                            "Worker Number": 0,
                                            "Actual Startup Time": 5.962,
                                            "Actual Total Time": 46.114,
                                            "Actual Rows": 23111,
                                            "Actual Loops": 1
                                        },
                                        {
                                            "Worker Number": 1,
                                            "Actual Startup Time": 6.371,
                                            "Actual Total Time": 46.426,
                                            "Actual Rows": 29237,
                                            "Actual Loops": 1
                                        },
                                        {
                                            "Worker Number": 2,
                                            "Actual Startup Time": 6.63,
                                            "Actual Total Time": 46.633,
                                            "Actual Rows": 29739,
                                            "Actual Loops": 1
                                        }
                                    ],
                                    "Plans": [
                                        {
                                            "Node Type": "Bitmap Index Scan",
                                            "Parent Relationship": "Outer",
                                            "Parallel Aware": false,
                                            "Index Name": "company_id_movie_companies",
                                            "Startup Cost": 0.0,
                                            "Total Cost": 5003.69,
                                            "Plan Rows": 233502,
                                            "Plan Width": 0,
                                            "Actual Startup Time": 13.665,
                                            "Actual Total Time": 13.665,
                                            "Actual Rows": 232665,
                                            "Actual Loops": 1,
                                            "Index Cond": "(mc.company_id < 93)"
                                        }
                                    ]
                                }
                            ]
                        }
                    ]
                }
            ]
        },
        "Planning Time": 199.737,
        "Triggers": [],
        "Execution Time": 66.244
    }
]