[
  {
    "Plan": {
      "Node Type": "Aggregate",
      "Strategy": "Plain",
      "Partial Mode": "Finalize",
      "Parallel Aware": false,
      "Startup Cost": 82621.34,
      "Total Cost": 82621.35,
      "Plan Rows": 1,
      "Plan Width": 8,
      "Actual Startup Time": 409.737,
      "Actual Total Time": 427.41,
      "Actual Rows": 1,
      "Actual Loops": 1,
      "Plans": [
        {
          "Node Type": "Gather",
          "Parent Relationship": "Outer",
          "Parallel Aware": false,
          "Startup Cost": 82621.02,
          "Total Cost": 82621.33,
          "Plan Rows": 3,
          "Plan Width": 8,
          "Actual Startup Time": 405.072,
          "Actual Total Time": 427.387,
          "Actual Rows": 4,
          "Actual Loops": 1,
          "Workers Planned": 3,
          "Workers Launched": 3,
          "Single Copy": false,
          "Plans": [
            {
              "Node Type": "Aggregate",
              "Strategy": "Plain",
              "Partial Mode": "Partial",
              "Parent Relationship": "Outer",
              "Parallel Aware": false,
              "Startup Cost": 81621.02,
              "Total Cost": 81621.03,
              "Plan Rows": 1,
              "Plan Width": 8,
              "Actual Startup Time": 392.059,
              "Actual Total Time": 392.065,
              "Actual Rows": 1,
              "Actual Loops": 4,
              "Plans": [
                {
                  "Node Type": "Hash Join",
                  "Parent Relationship": "Outer",
                  "Parallel Aware": true,
                  "Join Type": "Inner",
                  "Startup Cost": 55313.91,
                  "Total Cost": 81478.68,
                  "Plan Rows": 56936,
                  "Plan Width": 0,
                  "Actual Startup Time": 302.395,
                  "Actual Total Time": 389.503,
                  "Actual Rows": 32696,
                  "Actual Loops": 4,
                  "Inner Unique": true,
                  "Hash Cond": "(mk.movie_id = t.id)",
                  "Plans": [
                    {
                      "Node Type": "Bitmap Heap Scan",
                      "Parent Relationship": "Outer",
                      "Parallel Aware": true,
                      "Relation Name": "movie_keyword",
                      "Alias": "mk",
                      "Startup Cost": 7437.88,
                      "Total Cost": 33305.74,
                      "Plan Rows": 113109,
                      "Plan Width": 4,
                      "Actual Startup Time": 37.088,
                      "Actual Total Time": 93.299,
                      "Actual Rows": 85200,
                      "Actual Loops": 4,
                      "Recheck Cond": "(keyword_id > 48679)",
                      "Rows Removed by Index Recheck": 0,
                      "Exact Heap Blocks": 5866,
                      "Lossy Heap Blocks": 0,
                      "Plans": [
                        {
                          "Node Type": "Bitmap Index Scan",
                          "Parent Relationship": "Outer",
                          "Parallel Aware": false,
                          "Index Name": "keyword_id_movie_keyword",
                          "Startup Cost": 0.0,
                          "Total Cost": 7350.22,
                          "Plan Rows": 350638,
                          "Plan Width": 0,
                          "Actual Startup Time": 31.781,
                          "Actual Total Time": 31.782,
                          "Actual Rows": 340799,
                          "Actual Loops": 1,
                          "Index Cond": "(keyword_id > 48679)"
                        }
                      ]
                    },
                    {
                      "Node Type": "Hash",
                      "Parent Relationship": "Inner",
                      "Parallel Aware": true,
                      "Startup Cost": 43898.92,
                      "Total Cost": 43898.92,
                      "Plan Rows": 318169,
                      "Plan Width": 4,
                      "Actual Startup Time": 257.41,
                      "Actual Total Time": 257.411,
                      "Actual Rows": 315074,
                      "Actual Loops": 4,
                      "Hash Buckets": 2097152,
                      "Original Hash Buckets": 2097152,
                      "Hash Batches": 1,
                      "Original Hash Batches": 1,
                      "Peak Memory Usage": 65728,
                      "Plans": [
                        {
                          "Node Type": "Seq Scan",
                          "Parent Relationship": "Outer",
                          "Parallel Aware": true,
                          "Relation Name": "title",
                          "Alias": "t",
                          "Startup Cost": 0.0,
                          "Total Cost": 43898.92,
                          "Plan Rows": 318169,
                          "Plan Width": 4,
                          "Actual Startup Time": 0.048,
                          "Actual Total Time": 121.618,
                          "Actual Rows": 315074,
                          "Actual Loops": 4,
                          "Filter": "(production_year > 2002)",
                          "Rows Removed by Filter": 317004
                        }
                      ]
                    }
                  ]
                }
              ]
            }
          ]
        }
      ]
    },
    "Planning Time": 0.63,
    "Triggers": [],
    "Execution Time": 427.508
  }
]