[
  {
    "Plan": {
      "Node Type": "Aggregate",
      "Strategy": "Plain",
      "Partial Mode": "Finalize",
      "Parallel Aware": false,
      "Startup Cost": 46941.94,
      "Total Cost": 46941.95,
      "Plan Rows": 1,
      "Plan Width": 8,
      "Actual Startup Time": 185.032,
      "Actual Total Time": 195.339,
      "Actual Rows": 1,
      "Actual Loops": 1,
      "Plans": [
        {
          "Node Type": "Gather",
          "Parent Relationship": "Outer",
          "Parallel Aware": false,
          "Startup Cost": 46941.62,
          "Total Cost": 46941.93,
          "Plan Rows": 3,
          "Plan Width": 8,
          "Actual Startup Time": 184.948,
          "Actual Total Time": 195.332,
          "Actual Rows": 4,
          "Actual Loops": 1,
          "Workers Planned": 3,
          "Workers Launched": 3,
          "Single Copy": false,
          "Plans": [
            {
              "Node Type": "Aggregate",
              "Strategy": "Plain",
              "Partial Mode": "Partial",
              "Parent Relationship": "Outer",
              "Parallel Aware": false,
              "Startup Cost": 45941.62,
              "Total Cost": 45941.63,
              "Plan Rows": 1,
              "Plan Width": 8,
              "Actual Startup Time": 178.046,
              "Actual Total Time": 178.047,
              "Actual Rows": 1,
              "Actual Loops": 4,
              "Plans": [
                {
                  "Node Type": "Seq Scan",
                  "Parent Relationship": "Outer",
                  "Parallel Aware": true,
                  "Relation Name": "movie_keyword",
                  "Alias": "mk",
                  "Startup Cost": 0.0,
                  "Total Cost": 42695.65,
                  "Plan Rows": 1298388,
                  "Plan Width": 0,
                  "Actual Startup Time": 0.053,
                  "Actual Total Time": 131.151,
                  "Actual Rows": 1009532,
                  "Actual Loops": 4,
                  "Filter": "(keyword_id < 36947)",
                  "Rows Removed by Filter": 121450
                }
              ]
            }
          ]
        }
      ]
    },
    "Planning Time": 0.158,
    "Triggers": [],
    "Execution Time": 195.387
  }
]