{
  "Plan": {
    "Node Type": "Aggregate",
    "Strategy": "Plain",
    "Partial Mode": "Finalize",
    "Parallel Aware": false,
    "Startup Cost": 94273.77,
    "Total Cost": 94273.78,
    "Plan Rows": 1,
    "Plan Width": 8,
    "Actual Startup Time": 316.366,
    "Actual Total Time": 328.414,
    "Actual Rows": 1,
    "Actual Loops": 1,
    "Plans": [
      {
        "Node Type": "Gather",
        "Parent Relationship": "Outer",
        "Parallel Aware": false,
        "Startup Cost": 94273.66,
        "Total Cost": 94273.77,
        "Plan Rows": 1,
        "Plan Width": 8,
        "Actual Startup Time": 314.912,
        "Actual Total Time": 328.404,
        "Actual Rows": 2,
        "Actual Loops": 1,
        "Workers Planned": 1,
        "Workers Launched": 1,
        "Single Copy": false,
        "Plans": [
          {
            "Node Type": "Aggregate",
            "Strategy": "Plain",
            "Partial Mode": "Partial",
            "Parent Relationship": "Outer",
            "Parallel Aware": false,
            "Startup Cost": 93273.66,
            "Total Cost": 93273.67,
            "Plan Rows": 1,
            "Plan Width": 8,
            "Actual Startup Time": 308.976,
            "Actual Total Time": 308.982,
            "Actual Rows": 1,
            "Actual Loops": 2,
            "Plans": [
              {
                "Node Type": "Hash Join",
                "Parent Relationship": "Outer",
                "Parallel Aware": true,
                "Join Type": "Inner",
                "Startup Cost": 48975.31,
                "Total Cost": 93184.01,
                "Plan Rows": 35860,
                "Plan Width": 0,
                "Actual Startup Time": 178.246,
                "Actual Total Time": 307.431,
                "Actual Rows": 26900,
                "Actual Loops": 2,
                "Inner Unique": false,
                "Hash Cond": "(t.id = mc.movie_id)",
                "Plans": [
                  {
                    "Node Type": "Bitmap Heap Scan",
                    "Parent Relationship": "Outer",
                    "Parallel Aware": true,
                    "Relation Name": "title",
                    "Alias": "t",
                    "Startup Cost": 11968.88,
                    "Total Cost": 53819.14,
                    "Plan Rows": 343599,
                    "Plan Width": 4,
                    "Actual Startup Time": 21.608,
                    "Actual Total Time": 86.309,
                    "Actual Rows": 297365,
                    "Actual Loops": 2,
                    "Recheck Cond": "(kind_id = 1)",
                    "Rows Removed by Index Recheck": 0,
                    "Filter": "(production_year < 2012)",
                    "Rows Removed by Filter": 34048,
                    "Exact Heap Blocks": 8070,
                    "Lossy Heap Blocks": 0,
                    "Plans": [
                      {
                        "Node Type": "Bitmap Index Scan",
                        "Parent Relationship": "Outer",
                        "Parallel Aware": false,
                        "Index Name": "kind_id_title",
                        "Startup Cost": 0.0,
                        "Total Cost": 11822.85,
                        "Plan Rows": 663256,
                        "Plan Width": 0,
                        "Actual Startup Time": 19.684,
                        "Actual Total Time": 19.685,
                        "Actual Rows": 662825,
                        "Actual Loops": 1,
                        "Index Cond": "(kind_id = 1)"
                      }
                    ]
                  },
                  {
                    "Node Type": "Hash",
                    "Parent Relationship": "Inner",
                    "Parallel Aware": true,
                    "Startup Cost": 35066.23,
                    "Total Cost": 35066.23,
                    "Plan Rows": 155216,
                    "Plan Width": 4,
                    "Actual Startup Time": 150.667,
                    "Actual Total Time": 150.669,
                    "Actual Rows": 194830,
                    "Actual Loops": 2,
                    "Hash Buckets": 524288,
                    "Original Hash Buckets": 524288,
                    "Hash Batches": 1,
                    "Original Hash Batches": 1,
                    "Peak Memory Usage": 19360,
                    "Plans": [
                      {
                        "Node Type": "Bitmap Heap Scan",
                        "Parent Relationship": "Outer",
                        "Parallel Aware": true,
                        "Relation Name": "movie_companies",
                        "Alias": "mc",
                        "Startup Cost": 11546.59,
                        "Total Cost": 35066.23,
                        "Plan Rows": 155216,
                        "Plan Width": 4,
                        "Actual Startup Time": 36.402,
                        "Actual Total Time": 109.089,
                        "Actual Rows": 194830,
                        "Actual Loops": 2,
                        "Recheck Cond": "(company_id < 513)",
                        "Rows Removed by Index Recheck": 0,
                        "Filter": "(company_type_id < 2)",
                        "Rows Removed by Filter": 70359,
                        "Exact Heap Blocks": 13293,
                        "Lossy Heap Blocks": 0,
                        "Plans": [
                          {
                            "Node Type": "Bitmap Index Scan",
                            "Parent Relationship": "Outer",
                            "Parallel Aware": false,
                            "Index Name": "company_id_movie_companies",
                            "Startup Cost": 0.0,
                            "Total Cost": 11480.62,
                            "Plan Rows": 536026,
                            "Plan Width": 0,
                            "Actual Startup Time": 33.786,
                            "Actual Total Time": 33.786,
                            "Actual Rows": 530377,
                            "Actual Loops": 1,
                            "Index Cond": "(company_id < 513)"
                          }
                        ]
                      }
                    ]
                  }
                ]
              }
            ]
          }
        ]
      }
    ]
  },
  "Planning Time": 0.658,
  "Triggers": [],
  "Execution Time": 328.518
}