[
  {
    "Plan": {
      "Node Type": "Aggregate",
      "Strategy": "Plain",
      "Partial Mode": "Finalize",
      "Parallel Aware": false,
      "Startup Cost": 45703.28,
      "Total Cost": 45703.29,
      "Plan Rows": 1,
      "Plan Width": 8,
      "Actual Startup Time": 146.156,
      "Actual Total Time": 152.642,
      "Actual Rows": 1,
      "Actual Loops": 1,
      "Plans": [
        {
          "Node Type": "Gather",
          "Parent Relationship": "Outer",
          "Parallel Aware": false,
          "Startup Cost": 45702.97,
          "Total Cost": 45703.28,
          "Plan Rows": 3,
          "Plan Width": 8,
          "Actual Startup Time": 146.051,
          "Actual Total Time": 152.633,
          "Actual Rows": 4,
          "Actual Loops": 1,
          "Workers Planned": 3,
          "Workers Launched": 3,
          "Single Copy": false,
          "Plans": [
            {
              "Node Type": "Aggregate",
              "Strategy": "Plain",
              "Partial Mode": "Partial",
              "Parent Relationship": "Outer",
              "Parallel Aware": false,
              "Startup Cost": 44702.97,
              "Total Cost": 44702.98,
              "Plan Rows": 1,
              "Plan Width": 8,
              "Actual Startup Time": 139.239,
              "Actual Total Time": 139.24,
              "Actual Rows": 1,
              "Actual Loops": 4,
              "Plans": [
                {
                  "Node Type": "Seq Scan",
                  "Parent Relationship": "Outer",
                  "Parallel Aware": true,
                  "Relation Name": "movie_keyword",
                  "Alias": "mk",
                  "Startup Cost": 0.0,
                  "Total Cost": 42695.65,
                  "Plan Rows": 802925,
                  "Plan Width": 0,
                  "Actual Startup Time": 0.052,
                  "Actual Total Time": 110.815,
                  "Actual Rows": 622496,
                  "Actual Loops": 4,
                  "Filter": "(keyword_id < 6066)",
                  "Rows Removed by Filter": 508486
                }
              ]
            }
          ]
        }
      ]
    },
    "Planning Time": 0.179,
    "Triggers": [],
    "Execution Time": 152.702
  }
]