{
  "Plan": {
    "Node Type": "Aggregate",
    "Strategy": "Plain",
    "Partial Mode": "Simple",
    "Parallel Aware": false,
    "Startup Cost": 447096.46,
    "Total Cost": 447096.47,
    "Plan Rows": 1,
    "Plan Width": 128,
    "Actual Startup Time": 1358.594,
    "Actual Total Time": 1415.991,
    "Actual Rows": 1,
    "Actual Loops": 1,
    "Plans": [
      {
        "Node Type": "Nested Loop",
        "Parent Relationship": "Outer",
        "Parallel Aware": false,
        "Join Type": "Inner",
        "Startup Cost": 374635.71,
        "Total Cost": 447096.45,
        "Plan Rows": 1,
        "Plan Width": 81,
        "Actual Startup Time": 1358.587,
        "Actual Total Time": 1415.983,
        "Actual Rows": 0,
        "Actual Loops": 1,
        "Inner Unique": true,
        "Plans": [
          {
            "Node Type": "Nested Loop",
            "Parent Relationship": "Outer",
            "Parallel Aware": false,
            "Join Type": "Inner",
            "Startup Cost": 374635.57,
            "Total Cost": 447096.27,
            "Plan Rows": 1,
            "Plan Width": 85,
            "Actual Startup Time": 1358.585,
            "Actual Total Time": 1415.979,
            "Actual Rows": 0,
            "Actual Loops": 1,
            "Inner Unique": false,
            "Join Filter": "(cc.status_id = cct2.id)",
            "Rows Removed by Join Filter": 0,
            "Plans": [
              {
                "Node Type": "Seq Scan",
                "Parent Relationship": "Outer",
                "Parallel Aware": false,
                "Relation Name": "comp_cast_type",
                "Alias": "cct2",
                "Startup Cost": 0.0,
                "Total Cost": 1.05,
                "Plan Rows": 1,
                "Plan Width": 4,
                "Actual Startup Time": 0.013,
                "Actual Total Time": 0.017,
                "Actual Rows": 1,
                "Actual Loops": 1,
                "Filter": "((kind)::text = 'complete+verified'::text)",
                "Rows Removed by Filter": 3
              },
              {
                "Node Type": "Gather",
                "Parent Relationship": "Inner",
                "Parallel Aware": false,
                "Startup Cost": 374635.57,
                "Total Cost": 447095.2,
                "Plan Rows": 1,
                "Plan Width": 89,
                "Actual Startup Time": 1358.567,
                "Actual Total Time": 1415.957,
                "Actual Rows": 0,
                "Actual Loops": 1,
                "Workers Planned": 4,
                "Workers Launched": 4,
                "Single Copy": false,
                "Plans": [
                  {
                    "Node Type": "Hash Join",
                    "Parent Relationship": "Outer",
                    "Parallel Aware": false,
                    "Join Type": "Inner",
                    "Startup Cost": 373635.57,
                    "Total Cost": 446095.1,
                    "Plan Rows": 1,
                    "Plan Width": 89,
                    "Actual Startup Time": 1340.519,
                    "Actual Total Time": 1340.544,
                    "Actual Rows": 0,
                    "Actual Loops": 5,
                    "Inner Unique": false,
                    "Hash Cond": "(t.id = mi.movie_id)",
                    "Plans": [
                      {
                        "Node Type": "Hash Join",
                        "Parent Relationship": "Outer",
                        "Parallel Aware": true,
                        "Join Type": "Inner",
                        "Startup Cost": 181689.12,
                        "Total Cost": 254147.81,
                        "Plan Rows": 222,
                        "Plan Width": 40,
                        "Actual Startup Time": 285.148,
                        "Actual Total Time": 418.043,
                        "Actual Rows": 2,
                        "Actual Loops": 5,
                        "Inner Unique": false,
                        "Hash Cond": "(n.id = ci.person_id)",
                        "Plans": [
                          {
                            "Node Type": "Seq Scan",
                            "Parent Relationship": "Outer",
                            "Parallel Aware": true,
                            "Relation Name": "name",
                            "Alias": "n",
                            "Startup Cost": 0.0,
                            "Total Cost": 68636.05,
                            "Plan Rows": 436810,
                            "Plan Width": 19,
                            "Actual Startup Time": 0.029,
                            "Actual Total Time": 181.849,
                            "Actual Rows": 347916,
                            "Actual Loops": 5,
                            "Filter": "((gender)::text = 'm'::text)",
                            "Rows Removed by Filter": 485582
                          },
                          {
                            "Node Type": "Hash",
                            "Parent Relationship": "Inner",
                            "Parallel Aware": true,
                            "Startup Cost": 181682.51,
                            "Total Cost": 181682.51,
                            "Plan Rows": 529,
                            "Plan Width": 29,
                            "Actual Startup Time": 205.792,
                            "Actual Total Time": 205.795,
                            "Actual Rows": 9,
                            "Actual Loops": 5,
                            "Hash Buckets": 4096,
                            "Original Hash Buckets": 4096,
                            "Hash Batches": 1,
                            "Original Hash Batches": 1,
                            "Peak Memory Usage": 192,
                            "Plans": [
                              {
                                "Node Type": "Nested Loop",
                                "Parent Relationship": "Outer",
                                "Parallel Aware": false,
                                "Join Type": "Inner",
                                "Startup Cost": 0.56,
                                "Total Cost": 181682.51,
                                "Plan Rows": 529,
                                "Plan Width": 29,
                                "Actual Startup Time": 46.682,
                                "Actual Total Time": 205.639,
                                "Actual Rows": 9,
                                "Actual Loops": 5,
                                "Inner Unique": false,
                                "Plans": [
                                  {
                                    "Node Type": "Seq Scan",
                                    "Parent Relationship": "Outer",
                                    "Parallel Aware": true,
                                    "Relation Name": "title",
                                    "Alias": "t",
                                    "Startup Cost": 0.0,
                                    "Total Cost": 48640.54,
                                    "Plan Rows": 1145,
                                    "Plan Width": 21,
                                    "Actual Startup Time": 29.017,
                                    "Actual Total Time": 198.688,
                                    "Actual Rows": 19,
                                    "Actual Loops": 5,
                                    "Filter": "((production_year < 1978) AND ((title ~~ '%Freddy%'::text) OR (title ~~ '%Jason%'::text) OR (title ~~ 'Saw%'::text)))",
                                    "Rows Removed by Filter": 505644
                                  },
                                  {
                                    "Node Type": "Index Scan",
                                    "Parent Relationship": "Inner",
                                    "Parallel Aware": false,
                                    "Scan Direction": "Forward",
                                    "Index Name": "movie_id_cast_info",
                                    "Relation Name": "cast_info",
                                    "Alias": "ci",
                                    "Startup Cost": 0.56,
                                    "Total Cost": 116.18,
                                    "Plan Rows": 1,
                                    "Plan Width": 8,
                                    "Actual Startup Time": 0.313,
                                    "Actual Total Time": 0.366,
                                    "Actual Rows": 0,
                                    "Actual Loops": 94,
                                    "Index Cond": "(movie_id = t.id)",
                                    "Rows Removed by Index Recheck": 0,
                                    "Filter": "(note = ANY ('{(writer),\"(head writer)\",\"(written by)\",(story),\"(story editor)\"}'::text[]))",
                                    "Rows Removed by Filter": 11
                                  }
                                ]
                              }
                            ]
                          }
                        ]
                      },
                      {
                        "Node Type": "Hash",
                        "Parent Relationship": "Inner",
                        "Parallel Aware": false,
                        "Startup Cost": 191946.44,
                        "Total Cost": 191946.44,
                        "Plan Rows": 1,
                        "Plan Width": 73,
                        "Actual Startup Time": 922.425,
                        "Actual Total Time": 922.443,
                        "Actual Rows": 52570,
                        "Actual Loops": 5,
                        "Hash Buckets": 65536,
                        "Original Hash Buckets": 1024,
                        "Hash Batches": 1,
                        "Original Hash Batches": 1,
                        "Peak Memory Usage": 4322,
                        "Plans": [
                          {
                            "Node Type": "Merge Join",
                            "Parent Relationship": "Outer",
                            "Parallel Aware": false,
                            "Join Type": "Inner",
                            "Startup Cost": 191942.78,
                            "Total Cost": 191946.44,
                            "Plan Rows": 1,
                            "Plan Width": 73,
                            "Actual Startup Time": 867.387,
                            "Actual Total Time": 902.79,
                            "Actual Rows": 52570,
                            "Actual Loops": 5,
                            "Inner Unique": false,
                            "Merge Cond": "(mi.movie_id = mi_idx.movie_id)",
                            "Plans": [
                              {
                                "Node Type": "Sort",
                                "Parent Relationship": "Outer",
                                "Parallel Aware": false,
                                "Startup Cost": 177671.81,
                                "Total Cost": 177673.36,
                                "Plan Rows": 623,
                                "Plan Width": 47,
                                "Actual Startup Time": 362.711,
                                "Actual Total Time": 366.676,
                                "Actual Rows": 72231,
                                "Actual Loops": 5,
                                "Sort Key": [
                                  "mi.movie_id"
                                ],
                                "Sort Method": "quicksort",
                                "Sort Space Used": 6460,
                                "Sort Space Type": "Memory",
                                "Workers": [
                                  {
                                    "Worker Number": 0,
                                    "Sort Method": "quicksort",
                                    "Sort Space Used": 6460,
                                    "Sort Space Type": "Memory"
                                  },
                                  {
                                    "Worker Number": 1,
                                    "Sort Method": "quicksort",
                                    "Sort Space Used": 6460,
                                    "Sort Space Type": "Memory"
                                  },
                                  {
                                    "Worker Number": 2,
                                    "Sort Method": "quicksort",
                                    "Sort Space Used": 6460,
                                    "Sort Space Type": "Memory"
                                  },
                                  {
                                    "Worker Number": 3,
                                    "Sort Method": "quicksort",
                                    "Sort Space Used": 6460,
                                    "Sort Space Type": "Memory"
                                  }
                                ],
                                "Plans": [
                                  {
                                    "Node Type": "Nested Loop",
                                    "Parent Relationship": "Outer",
                                    "Parallel Aware": false,
                                    "Join Type": "Inner",
                                    "Startup Cost": 3785.74,
                                    "Total Cost": 177642.89,
                                    "Plan Rows": 623,
                                    "Plan Width": 47,
                                    "Actual Startup Time": 75.594,
                                    "Actual Total Time": 333.947,
                                    "Actual Rows": 72258,
                                    "Actual Loops": 5,
                                    "Inner Unique": false,
                                    "Plans": [
                                      {
                                        "Node Type": "Seq Scan",
                                        "Parent Relationship": "Outer",
                                        "Parallel Aware": false,
                                        "Relation Name": "info_type",
                                        "Alias": "it1",
                                        "Startup Cost": 0.0,
                                        "Total Cost": 2.41,
                                        "Plan Rows": 1,
                                        "Plan Width": 4,
                                        "Actual Startup Time": 0.089,
                                        "Actual Total Time": 0.1,
                                        "Actual Rows": 1,
                                        "Actual Loops": 5,
                                        "Filter": "((info)::text = 'genres'::text)",
                                        "Rows Removed by Filter": 112
                                      },
                                      {
                                        "Node Type": "Bitmap Heap Scan",
                                        "Parent Relationship": "Inner",
                                        "Parallel Aware": false,
                                        "Relation Name": "movie_info",
                                        "Alias": "mi",
                                        "Startup Cost": 3785.74,
                                        "Total Cost": 177630.43,
                                        "Plan Rows": 1005,
                                        "Plan Width": 51,
                                        "Actual Startup Time": 75.494,
                                        "Actual Total Time": 325.578,
                                        "Actual Rows": 72258,
                                        "Actual Loops": 5,
                                        "Recheck Cond": "(info_type_id = it1.id)",
                                        "Rows Removed by Index Recheck": 0,
                                        "Filter": "(info = ANY ('{Horror,Thriller}'::text[]))",
                                        "Rows Removed by Filter": 1461651,
                                        "Exact Heap Blocks": 9770,
                                        "Lossy Heap Blocks": 0,
                                        "Plans": [
                                          {
                                            "Node Type": "Bitmap Index Scan",
                                            "Parent Relationship": "Outer",
                                            "Parallel Aware": false,
                                            "Index Name": "info_type_id_movie_info",
                                            "Startup Cost": 0.0,
                                            "Total Cost": 3785.49,
                                            "Plan Rows": 212407,
                                            "Plan Width": 0,
                                            "Actual Startup Time": 73.616,
                                            "Actual Total Time": 73.616,
                                            "Actual Rows": 1533909,
                                            "Actual Loops": 5,
                                            "Index Cond": "(info_type_id = it1.id)"
                                          }
                                        ]
                                      }
                                    ]
                                  }
                                ]
                              },
                              {
                                "Node Type": "Sort",
                                "Parent Relationship": "Inner",
                                "Parallel Aware": false,
                                "Startup Cost": 14270.97,
                                "Total Cost": 14271.24,
                                "Plan Rows": 108,
                                "Plan Width": 26,
                                "Actual Startup Time": 504.633,
                                "Actual Total Time": 512.6,
                                "Actual Rows": 114674,
                                "Actual Loops": 5,
                                "Sort Key": [
                                  "cc.movie_id"
                                ],
                                "Sort Method": "quicksort",
                                "Sort Space Used": 11432,
                                "Sort Space Type": "Memory",
                                "Workers": [
                                  {
                                    "Worker Number": 0,
                                    "Sort Method": "quicksort",
                                    "Sort Space Used": 11432,
                                    "Sort Space Type": "Memory"
                                  },
                                  {
                                    "Worker Number": 1,
                                    "Sort Method": "quicksort",
                                    "Sort Space Used": 11432,
                                    "Sort Space Type": "Memory"
                                  },
                                  {
                                    "Worker Number": 2,
                                    "Sort Method": "quicksort",
                                    "Sort Space Used": 11432,
                                    "Sort Space Type": "Memory"
                                  },
                                  {
                                    "Worker Number": 3,
                                    "Sort Method": "quicksort",
                                    "Sort Space Used": 11432,
                                    "Sort Space Type": "Memory"
                                  }
                                ],
                                "Plans": [
                                  {
                                    "Node Type": "Nested Loop",
                                    "Parent Relationship": "Outer",
                                    "Parallel Aware": false,
                                    "Join Type": "Inner",
                                    "Startup Cost": 11072.62,
                                    "Total Cost": 14267.32,
                                    "Plan Rows": 108,
                                    "Plan Width": 26,
                                    "Actual Startup Time": 190.651,
                                    "Actual Total Time": 456.293,
                                    "Actual Rows": 107001,
                                    "Actual Loops": 5,
                                    "Inner Unique": false,
                                    "Plans": [
                                      {
                                        "Node Type": "Nested Loop",
                                        "Parent Relationship": "Outer",
                                        "Parallel Aware": false,
                                        "Join Type": "Inner",
                                        "Startup Cost": 11072.2,
                                        "Total Cost": 14182.15,
                                        "Plan Rows": 163,
                                        "Plan Width": 12,
                                        "Actual Startup Time": 190.554,
                                        "Actual Total Time": 271.212,
                                        "Actual Rows": 36010,
                                        "Actual Loops": 5,
                                        "Inner Unique": false,
                                        "Join Filter": "(cc.subject_id = cct1.id)",
                                        "Rows Removed by Join Filter": 36010,
                                        "Plans": [
                                          {
                                            "Node Type": "Seq Scan",
                                            "Parent Relationship": "Outer",
                                            "Parallel Aware": false,
                                            "Relation Name": "comp_cast_type",
                                            "Alias": "cct1",
                                            "Startup Cost": 0.0,
                                            "Total Cost": 1.05,
                                            "Plan Rows": 2,
                                            "Plan Width": 4,
                                            "Actual Startup Time": 0.046,
                                            "Actual Total Time": 0.053,
                                            "Actual Rows": 2,
                                            "Actual Loops": 5,
                                            "Filter": "((kind)::text = ANY ('{cast,crew}'::text[]))",
                                            "Rows Removed by Filter": 2
                                          },
                                          {
                                            "Node Type": "Materialize",
                                            "Parent Relationship": "Inner",
                                            "Parallel Aware": false,
                                            "Startup Cost": 11072.2,
                                            "Total Cost": 14172.11,
                                            "Plan Rows": 327,
                                            "Plan Width": 16,
                                            "Actual Startup Time": 95.252,
                                            "Actual Total Time": 130.511,
                                            "Actual Rows": 36010,
                                            "Actual Loops": 10,
                                            "Plans": [
                                              {
                                                "Node Type": "Hash Join",
                                                "Parent Relationship": "Outer",
                                                "Parallel Aware": false,
                                                "Join Type": "Inner",
                                                "Startup Cost": 11072.2,
                                                "Total Cost": 14170.47,
                                                "Plan Rows": 327,
                                                "Plan Width": 16,
                                                "Actual Startup Time": 190.497,
                                                "Actual Total Time": 246.176,
                                                "Actual Rows": 36010,
                                                "Actual Loops": 5,
                                                "Inner Unique": false,
                                                "Hash Cond": "(cc.movie_id = mk.movie_id)",
                                                "Plans": [
                                                  {
                                                    "Node Type": "Seq Scan",
                                                    "Parent Relationship": "Outer",
                                                    "Parallel Aware": false,
                                                    "Relation Name": "complete_cast",
                                                    "Alias": "cc",
                                                    "Startup Cost": 0.0,
                                                    "Total Cost": 2081.86,
                                                    "Plan Rows": 135086,
                                                    "Plan Width": 12,
                                                    "Actual Startup Time": 0.038,
                                                    "Actual Total Time": 15.347,
                                                    "Actual Rows": 135086,
                                                    "Actual Loops": 5
                                                  },
                                                  {
                                                    "Node Type": "Hash",
                                                    "Parent Relationship": "Inner",
                                                    "Parallel Aware": false,
                                                    "Startup Cost": 11069.25,
                                                    "Total Cost": 11069.25,
                                                    "Plan Rows": 236,
                                                    "Plan Width": 4,
                                                    "Actual Startup Time": 190.436,
                                                    "Actual Total Time": 190.442,
                                                    "Actual Rows": 76714,
                                                    "Actual Loops": 5,
                                                    "Hash Buckets": 131072,
                                                    "Original Hash Buckets": 1024,
                                                    "Hash Batches": 1,
                                                    "Original Hash Batches": 1,
                                                    "Peak Memory Usage": 3721,
                                                    "Plans": [
                                                      {
                                                        "Node Type": "Nested Loop",
                                                        "Parent Relationship": "Outer",
                                                        "Parallel Aware": false,
                                                        "Join Type": "Inner",
                                                        "Startup Cost": 10.78,
                                                        "Total Cost": 11069.25,
                                                        "Plan Rows": 236,
                                                        "Plan Width": 4,
                                                        "Actual Startup Time": 4.699,
                                                        "Actual Total Time": 173.78,
                                                        "Actual Rows": 76714,
                                                        "Actual Loops": 5,
                                                        "Inner Unique": false,
                                                        "Plans": [
                                                          {
                                                            "Node Type": "Seq Scan",
                                                            "Parent Relationship": "Outer",
                                                            "Parallel Aware": false,
                                                            "Relation Name": "keyword",
                                                            "Alias": "k",
                                                            "Startup Cost": 0.0,
                                                            "Total Cost": 3464.69,
                                                            "Plan Rows": 7,
                                                            "Plan Width": 4,
                                                            "Actual Startup Time": 0.837,
                                                            "Actual Total Time": 30.207,
                                                            "Actual Rows": 7,
                                                            "Actual Loops": 5,
                                                            "Filter": "(keyword = ANY ('{murder,violence,blood,gore,death,female-nudity,hospital}'::text[]))",
                                                            "Rows Removed by Filter": 134163
                                                          },
                                                          {
                                                            "Node Type": "Bitmap Heap Scan",
                                                            "Parent Relationship": "Inner",
                                                            "Parallel Aware": false,
                                                            "Relation Name": "movie_keyword",
                                                            "Alias": "mk",
                                                            "Startup Cost": 10.78,
                                                            "Total Cost": 1083.34,
                                                            "Plan Rows": 303,
                                                            "Plan Width": 8,
                                                            "Actual Startup Time": 3.153,
                                                            "Actual Total Time": 18.865,
                                                            "Actual Rows": 10959,
                                                            "Actual Loops": 35,
                                                            "Recheck Cond": "(keyword_id = k.id)",
                                                            "Rows Removed by Index Recheck": 0,
                                                            "Exact Heap Blocks": 53234,
                                                            "Lossy Heap Blocks": 0,
                                                            "Plans": [
                                                              {
                                                                "Node Type": "Bitmap Index Scan",
                                                                "Parent Relationship": "Outer",
                                                                "Parallel Aware": false,
                                                                "Index Name": "keyword_id_movie_keyword",
                                                                "Startup Cost": 0.0,
                                                                "Total Cost": 10.71,
                                                                "Plan Rows": 303,
                                                                "Plan Width": 0,
                                                                "Actual Startup Time": 1.814,
                                                                "Actual Total Time": 1.814,
                                                                "Actual Rows": 10959,
                                                                "Actual Loops": 35,
                                                                "Index Cond": "(keyword_id = k.id)"
                                                              }
                                                            ]
                                                          }
                                                        ]
                                                      }
                                                    ]
                                                  }
                                                ]
                                              }
                                            ]
                                          }
                                        ]
                                      },
                                      {
                                        "Node Type": "Index Scan",
                                        "Parent Relationship": "Inner",
                                        "Parallel Aware": false,
                                        "Scan Direction": "Forward",
                                        "Index Name": "movie_id_movie_info_idx",
                                        "Relation Name": "movie_info_idx",
                                        "Alias": "mi_idx",
                                        "Startup Cost": 0.43,
                                        "Total Cost": 0.49,
                                        "Plan Rows": 3,
                                        "Plan Width": 14,
                                        "Actual Startup Time": 0.004,
                                        "Actual Total Time": 0.004,
                                        "Actual Rows": 3,
                                        "Actual Loops": 180050,
                                        "Index Cond": "(movie_id = mk.movie_id)",
                                        "Rows Removed by Index Recheck": 0
                                      }
                                    ]
                                  }
                                ]
                              }
                            ]
                          }
                        ]
                      }
                    ]
                  }
                ]
              }
            ]
          },
          {
            "Node Type": "Index Scan",
            "Parent Relationship": "Inner",
            "Parallel Aware": false,
            "Scan Direction": "Forward",
            "Index Name": "info_type_pkey",
            "Relation Name": "info_type",
            "Alias": "it2",
            "Startup Cost": 0.14,
            "Total Cost": 0.16,
            "Plan Rows": 1,
            "Plan Width": 4,
            "Actual Startup Time": 0.0,
            "Actual Total Time": 0.0,
            "Actual Rows": 0,
            "Actual Loops": 0,
            "Index Cond": "(id = mi_idx.info_type_id)",
            "Rows Removed by Index Recheck": 0,
            "Filter": "((info)::text = 'votes'::text)",
            "Rows Removed by Filter": 0
          }
        ]
      }
    ]
  },
  "Planning Time": 99.742,
  "Triggers": [],
  "Execution Time": 1420.762
}