[
  {
    "Plan": {
      "Node Type": "Aggregate",
      "Strategy": "Plain",
      "Partial Mode": "Finalize",
      "Parallel Aware": false,
      "Startup Cost": 66480.28,
      "Total Cost": 66480.29,
      "Plan Rows": 1,
      "Plan Width": 8,
      "Actual Startup Time": 106.49,
      "Actual Total Time": 119.26,
      "Actual Rows": 1,
      "Actual Loops": 1,
      "Plans": [
        {
          "Node Type": "Gather",
          "Parent Relationship": "Outer",
          "Parallel Aware": false,
          "Startup Cost": 66479.86,
          "Total Cost": 66480.27,
          "Plan Rows": 4,
          "Plan Width": 8,
          "Actual Startup Time": 106.352,
          "Actual Total Time": 119.253,
          "Actual Rows": 5,
          "Actual Loops": 1,
          "Workers Planned": 4,
          "Workers Launched": 4,
          "Single Copy": false,
          "Plans": [
            {
              "Node Type": "Aggregate",
              "Strategy": "Plain",
              "Partial Mode": "Partial",
              "Parent Relationship": "Outer",
              "Parallel Aware": false,
              "Startup Cost": 65479.86,
              "Total Cost": 65479.87,
              "Plan Rows": 1,
              "Plan Width": 8,
              "Actual Startup Time": 96.529,
              "Actual Total Time": 96.531,
              "Actual Rows": 1,
              "Actual Loops": 5,
              "Plans": [
                {
                  "Node Type": "Nested Loop",
                  "Parent Relationship": "Outer",
                  "Parallel Aware": false,
                  "Join Type": "Inner",
                  "Startup Cost": 0.43,
                  "Total Cost": 65475.86,
                  "Plan Rows": 1599,
                  "Plan Width": 0,
                  "Actual Startup Time": 1.046,
                  "Actual Total Time": 96.34,
                  "Actual Rows": 1562,
                  "Actual Loops": 5,
                  "Inner Unique": false,
                  "Plans": [
                    {
                      "Node Type": "Seq Scan",
                      "Parent Relationship": "Outer",
                      "Parallel Aware": true,
                      "Relation Name": "title",
                      "Alias": "t",
                      "Startup Cost": 0.0,
                      "Total Cost": 45479.1,
                      "Plan Rows": 1550,
                      "Plan Width": 4,
                      "Actual Startup Time": 0.197,
                      "Actual Total Time": 84.749,
                      "Actual Rows": 1312,
                      "Actual Loops": 5,
                      "Filter": "((kind_id = 7) AND (production_year = 1963))",
                      "Rows Removed by Filter": 504350
                    },
                    {
                      "Node Type": "Index Only Scan",
                      "Parent Relationship": "Inner",
                      "Parallel Aware": false,
                      "Scan Direction": "Forward",
                      "Index Name": "movie_id_movie_companies",
                      "Relation Name": "movie_companies",
                      "Alias": "mc",
                      "Startup Cost": 0.43,
                      "Total Cost": 12.85,
                      "Plan Rows": 5,
                      "Plan Width": 4,
                      "Actual Startup Time": 0.007,
                      "Actual Total Time": 0.008,
                      "Actual Rows": 1,
                      "Actual Loops": 6560,
                      "Index Cond": "(movie_id = t.id)",
                      "Rows Removed by Index Recheck": 0,
                      "Heap Fetches": 7812
                    }
                  ]
                }
              ]
            }
          ]
        }
      ]
    },
    "Planning Time": 0.527,
    "Triggers": [],
    "Execution Time": 119.325
  }
]