{
  "Plan": {
    "Node Type": "Aggregate",
    "Strategy": "Plain",
    "Partial Mode": "Finalize",
    "Parallel Aware": false,
    "Startup Cost": 413792.18,
    "Total Cost": 413792.19,
    "Plan Rows": 1,
    "Plan Width": 8,
    "Actual Startup Time": 1634.782,
    "Actual Total Time": 1676.79,
    "Actual Rows": 1,
    "Actual Loops": 1,
    "Plans": [
      {
        "Node Type": "Gather",
        "Parent Relationship": "Outer",
        "Parallel Aware": false,
        "Startup Cost": 413792.07,
        "Total Cost": 413792.18,
        "Plan Rows": 1,
        "Plan Width": 8,
        "Actual Startup Time": 1634.218,
        "Actual Total Time": 1676.781,
        "Actual Rows": 2,
        "Actual Loops": 1,
        "Workers Planned": 1,
        "Workers Launched": 1,
        "Single Copy": false,
        "Plans": [
          {
            "Node Type": "Aggregate",
            "Strategy": "Plain",
            "Partial Mode": "Partial",
            "Parent Relationship": "Outer",
            "Parallel Aware": false,
            "Startup Cost": 412792.07,
            "Total Cost": 412792.08,
            "Plan Rows": 1,
            "Plan Width": 8,
            "Actual Startup Time": 1630.074,
            "Actual Total Time": 1630.236,
            "Actual Rows": 1,
            "Actual Loops": 2,
            "Plans": [
              {
                "Node Type": "Hash Join",
                "Parent Relationship": "Outer",
                "Parallel Aware": true,
                "Join Type": "Inner",
                "Startup Cost": 123932.59,
                "Total Cost": 410617.05,
                "Plan Rows": 870008,
                "Plan Width": 0,
                "Actual Startup Time": 437.016,
                "Actual Total Time": 1619.425,
                "Actual Rows": 261354,
                "Actual Loops": 2,
                "Inner Unique": false,
                "Hash Cond": "(mi.movie_id = t.id)",
                "Plans": [
                  {
                    "Node Type": "Seq Scan",
                    "Parent Relationship": "Outer",
                    "Parallel Aware": true,
                    "Relation Name": "movie_info",
                    "Alias": "mi",
                    "Startup Cost": 0.0,
                    "Total Cost": 248955.74,
                    "Plan Rows": 8696274,
                    "Plan Width": 4,
                    "Actual Startup Time": 0.013,
                    "Actual Total Time": 580.761,
                    "Actual Rows": 7417860,
                    "Actual Loops": 2
                  },
                  {
                    "Node Type": "Hash",
                    "Parent Relationship": "Inner",
                    "Parallel Aware": true,
                    "Startup Cost": 122072.74,
                    "Total Cost": 122072.74,
                    "Plan Rows": 148788,
                    "Plan Width": 8,
                    "Actual Startup Time": 432.873,
                    "Actual Total Time": 433.033,
                    "Actual Rows": 21468,
                    "Actual Loops": 2,
                    "Hash Buckets": 262144,
                    "Original Hash Buckets": 262144,
                    "Hash Batches": 1,
                    "Original Hash Batches": 1,
                    "Peak Memory Usage": 3776,
                    "Plans": [
                      {
                        "Node Type": "Hash Join",
                        "Parent Relationship": "Outer",
                        "Parallel Aware": true,
                        "Join Type": "Inner",
                        "Startup Cost": 59957.93,
                        "Total Cost": 122072.74,
                        "Plan Rows": 148788,
                        "Plan Width": 8,
                        "Actual Startup Time": 150.317,
                        "Actual Total Time": 429.056,
                        "Actual Rows": 21468,
                        "Actual Loops": 2,
                        "Inner Unique": true,
                        "Hash Cond": "(mk.movie_id = t.id)",
                        "Plans": [
                          {
                            "Node Type": "Seq Scan",
                            "Parent Relationship": "Outer",
                            "Parallel Aware": true,
                            "Relation Name": "movie_keyword",
                            "Alias": "mk",
                            "Startup Cost": 0.0,
                            "Total Cost": 57718.19,
                            "Plan Rows": 1674899,
                            "Plan Width": 4,
                            "Actual Startup Time": 0.016,
                            "Actual Total Time": 180.993,
                            "Actual Rows": 1420124,
                            "Actual Loops": 2,
                            "Filter": "(keyword_id < 8624)",
                            "Rows Removed by Filter": 841841
                          },
                          {
                            "Node Type": "Hash",
                            "Parent Relationship": "Inner",
                            "Parallel Aware": true,
                            "Startup Cost": 58306.47,
                            "Total Cost": 58306.47,
                            "Plan Rows": 132117,
                            "Plan Width": 4,
                            "Actual Startup Time": 148.255,
                            "Actual Total Time": 148.256,
                            "Actual Rows": 64778,
                            "Actual Loops": 2,
                            "Hash Buckets": 262144,
                            "Original Hash Buckets": 262144,
                            "Hash Batches": 1,
                            "Original Hash Batches": 1,
                            "Peak Memory Usage": 7136,
                            "Plans": [
                              {
                                "Node Type": "Seq Scan",
                                "Parent Relationship": "Outer",
                                "Parallel Aware": true,
                                "Relation Name": "title",
                                "Alias": "t",
                                "Startup Cost": 0.0,
                                "Total Cost": 58306.47,
                                "Plan Rows": 132117,
                                "Plan Width": 4,
                                "Actual Startup Time": 0.028,
                                "Actual Total Time": 131.114,
                                "Actual Rows": 64778,
                                "Actual Loops": 2,
                                "Filter": "((production_year < 1971) AND (kind_id = 7))",
                                "Rows Removed by Filter": 1199378
                              }
                            ]
                          }
                        ]
                      }
                    ]
                  }
                ]
              }
            ]
          }
        ]
      }
    ]
  },
  "Planning Time": 0.947,
  "Triggers": [],
  "Execution Time": 1676.879
}