[
  {
    "Plan": {
      "Node Type": "Aggregate",
      "Strategy": "Plain",
      "Partial Mode": "Finalize",
      "Parallel Aware": false,
      "Startup Cost": 53281.4,
      "Total Cost": 53281.41,
      "Plan Rows": 1,
      "Plan Width": 8,
      "Actual Startup Time": 104.568,
      "Actual Total Time": 119.469,
      "Actual Rows": 1,
      "Actual Loops": 1,
      "Plans": [
        {
          "Node Type": "Gather",
          "Parent Relationship": "Outer",
          "Parallel Aware": false,
          "Startup Cost": 53280.98,
          "Total Cost": 53281.39,
          "Plan Rows": 4,
          "Plan Width": 8,
          "Actual Startup Time": 104.451,
          "Actual Total Time": 119.461,
          "Actual Rows": 5,
          "Actual Loops": 1,
          "Workers Planned": 4,
          "Workers Launched": 4,
          "Single Copy": false,
          "Plans": [
            {
              "Node Type": "Aggregate",
              "Strategy": "Plain",
              "Partial Mode": "Partial",
              "Parent Relationship": "Outer",
              "Parallel Aware": false,
              "Startup Cost": 52280.98,
              "Total Cost": 52280.99,
              "Plan Rows": 1,
              "Plan Width": 8,
              "Actual Startup Time": 94.682,
              "Actual Total Time": 94.683,
              "Actual Rows": 1,
              "Actual Loops": 5,
              "Plans": [
                {
                  "Node Type": "Nested Loop",
                  "Parent Relationship": "Outer",
                  "Parallel Aware": false,
                  "Join Type": "Inner",
                  "Startup Cost": 0.43,
                  "Total Cost": 52280.06,
                  "Plan Rows": 370,
                  "Plan Width": 0,
                  "Actual Startup Time": 61.242,
                  "Actual Total Time": 94.605,
                  "Actual Rows": 738,
                  "Actual Loops": 5,
                  "Inner Unique": false,
                  "Plans": [
                    {
                      "Node Type": "Seq Scan",
                      "Parent Relationship": "Outer",
                      "Parallel Aware": true,
                      "Relation Name": "title",
                      "Alias": "t",
                      "Startup Cost": 0.0,
                      "Total Cost": 45479.1,
                      "Plan Rows": 1012,
                      "Plan Width": 4,
                      "Actual Startup Time": 60.986,
                      "Actual Total Time": 87.176,
                      "Actual Rows": 917,
                      "Actual Loops": 5,
                      "Filter": "((kind_id = 1) AND (production_year = 1971))",
                      "Rows Removed by Filter": 504745
                    },
                    {
                      "Node Type": "Index Scan",
                      "Parent Relationship": "Inner",
                      "Parallel Aware": false,
                      "Scan Direction": "Forward",
                      "Index Name": "movie_id_movie_info_idx",
                      "Relation Name": "movie_info_idx",
                      "Alias": "mi_idx",
                      "Startup Cost": 0.43,
                      "Total Cost": 6.7,
                      "Plan Rows": 2,
                      "Plan Width": 4,
                      "Actual Startup Time": 0.007,
                      "Actual Total Time": 0.008,
                      "Actual Rows": 1,
                      "Actual Loops": 4585,
                      "Index Cond": "(movie_id = t.id)",
                      "Rows Removed by Index Recheck": 0,
                      "Filter": "(info_type_id > 99)",
                      "Rows Removed by Filter": 0
                    }
                  ]
                }
              ]
            }
          ]
        }
      ]
    },
    "Planning Time": 0.628,
    "Triggers": [],
    "Execution Time": 119.54
  }
]