[
  {
    "Plan": {
      "Node Type": "Aggregate",
      "Strategy": "Plain",
      "Partial Mode": "Finalize",
      "Parallel Aware": false,
      "Startup Cost": 31147.9,
      "Total Cost": 31147.91,
      "Plan Rows": 1,
      "Plan Width": 8,
      "Actual Startup Time": 106.771,
      "Actual Total Time": 117.736,
      "Actual Rows": 1,
      "Actual Loops": 1,
      "Plans": [
        {
          "Node Type": "Gather",
          "Parent Relationship": "Outer",
          "Parallel Aware": false,
          "Startup Cost": 31147.58,
          "Total Cost": 31147.89,
          "Plan Rows": 3,
          "Plan Width": 8,
          "Actual Startup Time": 106.638,
          "Actual Total Time": 117.725,
          "Actual Rows": 4,
          "Actual Loops": 1,
          "Workers Planned": 3,
          "Workers Launched": 3,
          "Single Copy": false,
          "Plans": [
            {
              "Node Type": "Aggregate",
              "Strategy": "Plain",
              "Partial Mode": "Partial",
              "Parent Relationship": "Outer",
              "Parallel Aware": false,
              "Startup Cost": 30147.58,
              "Total Cost": 30147.59,
              "Plan Rows": 1,
              "Plan Width": 8,
              "Actual Startup Time": 102.451,
              "Actual Total Time": 102.453,
              "Actual Rows": 1,
              "Actual Loops": 4,
              "Plans": [
                {
                  "Node Type": "Seq Scan",
                  "Parent Relationship": "Outer",
                  "Parallel Aware": true,
                  "Relation Name": "movie_companies",
                  "Alias": "mc",
                  "Startup Cost": 0.0,
                  "Total Cost": 29310.68,
                  "Plan Rows": 334761,
                  "Plan Width": 0,
                  "Actual Startup Time": 15.684,
                  "Actual Total Time": 87.469,
                  "Actual Rows": 258108,
                  "Actual Loops": 4,
                  "Filter": "(company_id > 15524)",
                  "Rows Removed by Filter": 394174
                }
              ]
            }
          ]
        }
      ]
    },
    "Planning Time": 0.1,
    "Triggers": [],
    "Execution Time": 117.776
  }
]