{
    "Plan": {
        "Node Type": "Aggregate",
        "Strategy": "Plain",
        "Partial Mode": "Simple",
        "Parallel Aware": false,
        "Startup Cost": 40004815023.5,
        "Total Cost": 40004815023.51,
        "Plan Rows": 1,
        "Plan Width": 8,
        "Actual Startup Time": 32063.346,
        "Actual Total Time": 32063.708,
        "Actual Rows": 1,
        "Actual Loops": 1,
        "Output": [
            "count(*)"
        ],
        "Plans": [
            {
                "Node Type": "Merge Join",
                "Parent Relationship": "Outer",
                "Parallel Aware": false,
                "Join Type": "Inner",
                "Startup Cost": 40004815023.47,
                "Total Cost": 40004815023.5,
                "Plan Rows": 1,
                "Plan Width": 0,
                "Actual Startup Time": 32063.336,
                "Actual Total Time": 32063.697,
                "Actual Rows": 0,
                "Actual Loops": 1,
                "Inner Unique": false,
                "Merge Cond": "(mi.info_type_id = it.id)",
                "Plans": [
                    {
                        "Node Type": "Sort",
                        "Parent Relationship": "Outer",
                        "Parallel Aware": false,
                        "Startup Cost": 40004815021.05,
                        "Total Cost": 40004815021.05,
                        "Plan Rows": 1,
                        "Plan Width": 4,
                        "Actual Startup Time": 32063.335,
                        "Actual Total Time": 32063.695,
                        "Actual Rows": 0,
                        "Actual Loops": 1,
                        "Output": [
                            "mi.info_type_id"
                        ],
                        "Sort Key": [
                            "mi.info_type_id"
                        ],
                        "Sort Method": "quicksort",
                        "Sort Space Used": 25,
                        "Sort Space Type": "Memory",
                        "Plans": [
                            {
                                "Node Type": "Merge Join",
                                "Parent Relationship": "Outer",
                                "Parallel Aware": false,
                                "Join Type": "Inner",
                                "Startup Cost": 40004814939.39,
                                "Total Cost": 40004815021.04,
                                "Plan Rows": 1,
                                "Plan Width": 4,
                                "Actual Startup Time": 32063.326,
                                "Actual Total Time": 32063.686,
                                "Actual Rows": 0,
                                "Actual Loops": 1,
                                "Output": [
                                    "mi.info_type_id"
                                ],
                                "Inner Unique": false,
                                "Merge Cond": "(mc.movie_id = t.id)",
                                "Plans": [
                                    {
                                        "Node Type": "Sort",
                                        "Parent Relationship": "Outer",
                                        "Parallel Aware": false,
                                        "Startup Cost": 10000056606.89,
                                        "Total Cost": 10000056647.71,
                                        "Plan Rows": 16326,
                                        "Plan Width": 8,
                                        "Actual Startup Time": 426.048,
                                        "Actual Total Time": 426.192,
                                        "Actual Rows": 1,
                                        "Actual Loops": 1,
                                        "Output": [
                                            "cc.movie_id",
                                            "mc.movie_id"
                                        ],
                                        "Sort Key": [
                                            "cc.movie_id"
                                        ],
                                        "Sort Method": "quicksort",
                                        "Sort Space Used": 6516,
                                        "Sort Space Type": "Memory",
                                        "Plans": [
                                            {
                                                "Node Type": "Gather",
                                                "Parent Relationship": "Outer",
                                                "Parallel Aware": false,
                                                "Startup Cost": 10000052799.75,
                                                "Total Cost": 10000055464.49,
                                                "Plan Rows": 16326,
                                                "Plan Width": 8,
                                                "Actual Startup Time": 334.048,
                                                "Actual Total Time": 413.444,
                                                "Actual Rows": 73471,
                                                "Actual Loops": 1,
                                                "Output": [
                                                    "cc.movie_id",
                                                    "mc.movie_id"
                                                ],
                                                "Workers Planned": 3,
                                                "Workers Launched": 3,
                                                "Single Copy": false,
                                                "Plans": [
                                                    {
                                                        "Node Type": "Hash Join",
                                                        "Parent Relationship": "Outer",
                                                        "Parallel Aware": false,
                                                        "Join Type": "Inner",
                                                        "Startup Cost": 10000051799.75,
                                                        "Total Cost": 10000052831.89,
                                                        "Plan Rows": 5266,
                                                        "Plan Width": 8,
                                                        "Actual Startup Time": 346.782,
                                                        "Actual Total Time": 397.32,
                                                        "Actual Rows": 18368,
                                                        "Actual Loops": 4,
                                                        "Output": [
                                                            "cc.movie_id",
                                                            "mc.movie_id"
                                                        ],
                                                        "Inner Unique": true,
                                                        "Hash Cond": "(cc.status_id = cct2.id)",
                                                        "Workers": [
                                                            {
                                                                "Worker Number": 0,
                                                                "Actual Startup Time": 350.11,
                                                                "Actual Total Time": 397.796,
                                                                "Actual Rows": 14189,
                                                                "Actual Loops": 1
                                                            },
                                                            {
                                                                "Worker Number": 1,
                                                                "Actual Startup Time": 354.141,
                                                                "Actual Total Time": 402.809,
                                                                "Actual Rows": 13699,
                                                                "Actual Loops": 1
                                                            },
                                                            {
                                                                "Worker Number": 2,
                                                                "Actual Startup Time": 349.222,
                                                                "Actual Total Time": 394.919,
                                                                "Actual Rows": 14473,
                                                                "Actual Loops": 1
                                                            }
                                                        ],
                                                        "Plans": [
                                                            {
                                                                "Node Type": "Merge Join",
                                                                "Parent Relationship": "Outer",
                                                                "Parallel Aware": false,
                                                                "Join Type": "Inner",
                                                                "Startup Cost": 10000051787.54,
                                                                "Total Cost": 10000052705.79,
                                                                "Plan Rows": 21066,
                                                                "Plan Width": 12,
                                                                "Actual Startup Time": 346.286,
                                                                "Actual Total Time": 391.754,
                                                                "Actual Rows": 44280,
                                                                "Actual Loops": 4,
                                                                "Output": [
                                                                    "cc.movie_id",
                                                                    "cc.status_id",
                                                                    "mc.movie_id"
                                                                ],
                                                                "Inner Unique": false,
                                                                "Merge Cond": "(mc.company_id = cn.id)",
                                                                "Workers": [
                                                                    {
                                                                        "Worker Number": 0,
                                                                        "Actual Startup Time": 349.421,
                                                                        "Actual Total Time": 392.745,
                                                                        "Actual Rows": 31366,
                                                                        "Actual Loops": 1
                                                                    },
                                                                    {
                                                                        "Worker Number": 1,
                                                                        "Actual Startup Time": 353.654,
                                                                        "Actual Total Time": 397.976,
                                                                        "Actual Rows": 31535,
                                                                        "Actual Loops": 1
                                                                    },
                                                                    {
                                                                        "Worker Number": 2,
                                                                        "Actual Startup Time": 348.517,
                                                                        "Actual Total Time": 389.685,
                                                                        "Actual Rows": 32951,
                                                                        "Actual Loops": 1
                                                                    }
                                                                ],
                                                                "Plans": [
                                                                    {
                                                                        "Node Type": "Sort",
                                                                        "Parent Relationship": "Outer",
                                                                        "Parallel Aware": false,
                                                                        "Startup Cost": 38950.69,
                                                                        "Total Cost": 39097.5,
                                                                        "Plan Rows": 58723,
                                                                        "Plan Width": 16,
                                                                        "Actual Startup Time": 282.263,
                                                                        "Actual Total Time": 292.611,
                                                                        "Actual Rows": 100906,
                                                                        "Actual Loops": 4,
                                                                        "Output": [
                                                                            "cc.movie_id",
                                                                            "cc.status_id",
                                                                            "mc.movie_id",
                                                                            "mc.company_id"
                                                                        ],
                                                                        "Sort Key": [
                                                                            "mc.company_id"
                                                                        ],
                                                                        "Sort Method": "quicksort",
                                                                        "Sort Space Used": 14684,
                                                                        "Sort Space Type": "Memory",
                                                                        "Workers": [
                                                                            {
                                                                                "Worker Number": 0,
                                                                                "Actual Startup Time": 276.511,
                                                                                "Actual Total Time": 285.217,
                                                                                "Actual Rows": 71974,
                                                                                "Actual Loops": 1
                                                                            },
                                                                            {
                                                                                "Worker Number": 1,
                                                                                "Actual Startup Time": 280.97,
                                                                                "Actual Total Time": 289.972,
                                                                                "Actual Rows": 73651,
                                                                                "Actual Loops": 1
                                                                            },
                                                                            {
                                                                                "Worker Number": 2,
                                                                                "Actual Startup Time": 277.954,
                                                                                "Actual Total Time": 286.161,
                                                                                "Actual Rows": 75829,
                                                                                "Actual Loops": 1
                                                                            }
                                                                        ],
                                                                        "Plans": [
                                                                            {
                                                                                "Node Type": "Hash Join",
                                                                                "Parent Relationship": "Outer",
                                                                                "Parallel Aware": false,
                                                                                "Join Type": "Inner",
                                                                                "Startup Cost": 3349.37,
                                                                                "Total Cost": 34299.35,
                                                                                "Plan Rows": 58723,
                                                                                "Plan Width": 16,
                                                                                "Actual Startup Time": 64.067,
                                                                                "Actual Total Time": 253.371,
                                                                                "Actual Rows": 100906,
                                                                                "Actual Loops": 4,
                                                                                "Output": [
                                                                                    "cc.movie_id",
                                                                                    "cc.status_id",
                                                                                    "mc.movie_id",
                                                                                    "mc.company_id"
                                                                                ],
                                                                                "Inner Unique": false,
                                                                                "Hash Cond": "(mc.movie_id = cc.movie_id)",
                                                                                "Workers": [
                                                                                    {
                                                                                        "Worker Number": 0,
                                                                                        "Actual Startup Time": 73.865,
                                                                                        "Actual Total Time": 249.524,
                                                                                        "Actual Rows": 71974,
                                                                                        "Actual Loops": 1
                                                                                    },
                                                                                    {
                                                                                        "Worker Number": 1,
                                                                                        "Actual Startup Time": 73.434,
                                                                                        "Actual Total Time": 253.104,
                                                                                        "Actual Rows": 73651,
                                                                                        "Actual Loops": 1
                                                                                    },
                                                                                    {
                                                                                        "Worker Number": 2,
                                                                                        "Actual Startup Time": 73.754,
                                                                                        "Actual Total Time": 249.752,
                                                                                        "Actual Rows": 75829,
                                                                                        "Actual Loops": 1
                                                                                    }
                                                                                ],
                                                                                "Plans": [
                                                                                    {
                                                                                        "Node Type": "Seq Scan",
                                                                                        "Parent Relationship": "Outer",
                                                                                        "Parallel Aware": true,
                                                                                        "Relation Name": "movie_companies",
                                                                                        "Schema": "public",
                                                                                        "Alias": "mc",
                                                                                        "Startup Cost": 0.0,
                                                                                        "Total Cost": 27206.55,
                                                                                        "Plan Rows": 841655,
                                                                                        "Plan Width": 8,
                                                                                        "Actual Startup Time": 0.05,
                                                                                        "Actual Total Time": 86.55,
                                                                                        "Actual Rows": 652282,
                                                                                        "Actual Loops": 4,
                                                                                        "Output": [
                                                                                            "mc.id",
                                                                                            "mc.movie_id",
                                                                                            "mc.company_id",
                                                                                            "mc.company_type_id",
                                                                                            "mc.note"
                                                                                        ],
                                                                                        "Workers": [
                                                                                            {
                                                                                                "Worker Number": 0,
                                                                                                "Actual Startup Time": 0.076,
                                                                                                "Actual Total Time": 81.877,
                                                                                                "Actual Rows": 459539,
                                                                                                "Actual Loops": 1
                                                                                            },
                                                                                            {
                                                                                                "Worker Number": 1,
                                                                                                "Actual Startup Time": 0.048,
                                                                                                "Actual Total Time": 83.344,
                                                                                                "Actual Rows": 463588,
                                                                                                "Actual Loops": 1
                                                                                            },
                                                                                            {
                                                                                                "Worker Number": 2,
                                                                                                "Actual Startup Time": 0.069,
                                                                                                "Actual Total Time": 81.789,
                                                                                                "Actual Rows": 471149,
                                                                                                "Actual Loops": 1
                                                                                            }
                                                                                        ]
                                                                                    },
                                                                                    {
                                                                                        "Node Type": "Hash",
                                                                                        "Parent Relationship": "Inner",
                                                                                        "Parallel Aware": false,
                                                                                        "Startup Cost": 2927.22,
                                                                                        "Total Cost": 2927.22,
                                                                                        "Plan Rows": 33772,
                                                                                        "Plan Width": 8,
                                                                                        "Actual Startup Time": 63.374,
                                                                                        "Actual Total Time": 63.379,
                                                                                        "Actual Rows": 85941,
                                                                                        "Actual Loops": 4,
                                                                                        "Output": [
                                                                                            "cc.movie_id",
                                                                                            "cc.status_id"
                                                                                        ],
                                                                                        "Hash Buckets": 131072,
                                                                                        "Original Hash Buckets": 65536,
                                                                                        "Hash Batches": 1,
                                                                                        "Original Hash Batches": 1,
                                                                                        "Peak Memory Usage": 4382,
                                                                                        "Workers": [
                                                                                            {
                                                                                                "Worker Number": 0,
                                                                                                "Actual Startup Time": 72.802,
                                                                                                "Actual Total Time": 72.806,
                                                                                                "Actual Rows": 85941,
                                                                                                "Actual Loops": 1
                                                                                            },
                                                                                            {
                                                                                                "Worker Number": 1,
                                                                                                "Actual Startup Time": 72.806,
                                                                                                "Actual Total Time": 72.811,
                                                                                                "Actual Rows": 85941,
                                                                                                "Actual Loops": 1
                                                                                            },
                                                                                            {
                                                                                                "Worker Number": 2,
                                                                                                "Actual Startup Time": 72.825,
                                                                                                "Actual Total Time": 72.829,
                                                                                                "Actual Rows": 85941,
                                                                                                "Actual Loops": 1
                                                                                            }
                                                                                        ],
                                                                                        "Plans": [
                                                                                            {
                                                                                                "Node Type": "Hash Join",
                                                                                                "Parent Relationship": "Outer",
                                                                                                "Parallel Aware": false,
                                                                                                "Join Type": "Inner",
                                                                                                "Startup Cost": 1.06,
                                                                                                "Total Cost": 2927.22,
                                                                                                "Plan Rows": 33772,
                                                                                                "Plan Width": 8,
                                                                                                "Actual Startup Time": 0.131,
                                                                                                "Actual Total Time": 43.404,
                                                                                                "Actual Rows": 85941,
                                                                                                "Actual Loops": 4,
                                                                                                "Output": [
                                                                                                    "cc.movie_id",
                                                                                                    "cc.status_id"
                                                                                                ],
                                                                                                "Inner Unique": false,
                                                                                                "Hash Cond": "(cc.subject_id = cct1.id)",
                                                                                                "Workers": [
                                                                                                    {
                                                                                                        "Worker Number": 0,
                                                                                                        "Actual Startup Time": 0.18,
                                                                                                        "Actual Total Time": 49.222,
                                                                                                        "Actual Rows": 85941,
                                                                                                        "Actual Loops": 1
                                                                                                    },
                                                                                                    {
                                                                                                        "Worker Number": 1,
                                                                                                        "Actual Startup Time": 0.115,
                                                                                                        "Actual Total Time": 49.219,
                                                                                                        "Actual Rows": 85941,
                                                                                                        "Actual Loops": 1
                                                                                                    },
                                                                                                    {
                                                                                                        "Worker Number": 2,
                                                                                                        "Actual Startup Time": 0.198,
                                                                                                        "Actual Total Time": 49.576,
                                                                                                        "Actual Rows": 85941,
                                                                                                        "Actual Loops": 1
                                                                                                    }
                                                                                                ],
                                                                                                "Plans": [
                                                                                                    {
                                                                                                        "Node Type": "Seq Scan",
                                                                                                        "Parent Relationship": "Outer",
                                                                                                        "Parallel Aware": false,
                                                                                                        "Relation Name": "complete_cast",
                                                                                                        "Schema": "public",
                                                                                                        "Alias": "cc",
                                                                                                        "Startup Cost": 0.0,
                                                                                                        "Total Cost": 2081.86,
                                                                                                        "Plan Rows": 135086,
                                                                                                        "Plan Width": 12,
                                                                                                        "Actual Startup Time": 0.05,
                                                                                                        "Actual Total Time": 17.891,
                                                                                                        "Actual Rows": 135086,
                                                                                                        "Actual Loops": 4,
                                                                                                        "Output": [
                                                                                                            "cc.id",
                                                                                                            "cc.movie_id",
                                                                                                            "cc.subject_id",
                                                                                                            "cc.status_id"
                                                                                                        ],
                                                                                                        "Workers": [
                                                                                                            {
                                                                                                                "Worker Number": 0,
                                                                                                                "Actual Startup Time": 0.069,
                                                                                                                "Actual Total Time": 20.247,
                                                                                                                "Actual Rows": 135086,
                                                                                                                "Actual Loops": 1
                                                                                                            },
                                                                                                            {
                                                                                                                "Worker Number": 1,
                                                                                                                "Actual Startup Time": 0.047,
                                                                                                                "Actual Total Time": 20.614,
                                                                                                                "Actual Rows": 135086,
                                                                                                                "Actual Loops": 1
                                                                                                            },
                                                                                                            {
                                                                                                                "Worker Number": 2,
                                                                                                                "Actual Startup Time": 0.066,
                                                                                                                "Actual Total Time": 20.488,
                                                                                                                "Actual Rows": 135086,
                                                                                                                "Actual Loops": 1
                                                                                                            }
                                                                                                        ]
                                                                                                    },
                                                                                                    {
                                                                                                        "Node Type": "Hash",
                                                                                                        "Parent Relationship": "Inner",
                                                                                                        "Parallel Aware": false,
                                                                                                        "Startup Cost": 1.05,
                                                                                                        "Total Cost": 1.05,
                                                                                                        "Plan Rows": 1,
                                                                                                        "Plan Width": 4,
                                                                                                        "Actual Startup Time": 0.031,
                                                                                                        "Actual Total Time": 0.033,
                                                                                                        "Actual Rows": 1,
                                                                                                        "Actual Loops": 4,
                                                                                                        "Output": [
                                                                                                            "cct1.id"
                                                                                                        ],
                                                                                                        "Hash Buckets": 1024,
                                                                                                        "Original Hash Buckets": 1024,
                                                                                                        "Hash Batches": 1,
                                                                                                        "Original Hash Batches": 1,
                                                                                                        "Peak Memory Usage": 9,
                                                                                                        "Workers": [
                                                                                                            {
                                                                                                                "Worker Number": 0,
                                                                                                                "Actual Startup Time": 0.045,
                                                                                                                "Actual Total Time": 0.046,
                                                                                                                "Actual Rows": 1,
                                                                                                                "Actual Loops": 1
                                                                                                            },
                                                                                                            {
                                                                                                                "Worker Number": 1,
                                                                                                                "Actual Startup Time": 0.028,
                                                                                                                "Actual Total Time": 0.029,
                                                                                                                "Actual Rows": 1,
                                                                                                                "Actual Loops": 1
                                                                                                            },
                                                                                                            {
                                                                                                                "Worker Number": 2,
                                                                                                                "Actual Startup Time": 0.046,
                                                                                                                "Actual Total Time": 0.047,
                                                                                                                "Actual Rows": 1,
                                                                                                                "Actual Loops": 1
                                                                                                            }
                                                                                                        ],
                                                                                                        "Plans": [
                                                                                                            {
                                                                                                                "Node Type": "Seq Scan",
                                                                                                                "Parent Relationship": "Outer",
                                                                                                                "Parallel Aware": false,
                                                                                                                "Relation Name": "comp_cast_type",
                                                                                                                "Schema": "public",
                                                                                                                "Alias": "cct1",
                                                                                                                "Startup Cost": 0.0,
                                                                                                                "Total Cost": 1.05,
                                                                                                                "Plan Rows": 1,
                                                                                                                "Plan Width": 4,
                                                                                                                "Actual Startup Time": 0.019,
                                                                                                                "Actual Total Time": 0.023,
                                                                                                                "Actual Rows": 1,
                                                                                                                "Actual Loops": 4,
                                                                                                                "Output": [
                                                                                                                    "cct1.id"
                                                                                                                ],
                                                                                                                "Filter": "((cct1.kind)::text = 'cast'::text)",
                                                                                                                "Rows Removed by Filter": 3,
                                                                                                                "Workers": [
                                                                                                                    {
                                                                                                                        "Worker Number": 0,
                                                                                                                        "Actual Startup Time": 0.027,
                                                                                                                        "Actual Total Time": 0.032,
                                                                                                                        "Actual Rows": 1,
                                                                                                                        "Actual Loops": 1
                                                                                                                    },
                                                                                                                    {
                                                                                                                        "Worker Number": 1,
                                                                                                                        "Actual Startup Time": 0.018,
                                                                                                                        "Actual Total Time": 0.02,
                                                                                                                        "Actual Rows": 1,
                                                                                                                        "Actual Loops": 1
                                                                                                                    },
                                                                                                                    {
                                                                                                                        "Worker Number": 2,
                                                                                                                        "Actual Startup Time": 0.028,
                                                                                                                        "Actual Total Time": 0.033,
                                                                                                                        "Actual Rows": 1,
                                                                                                                        "Actual Loops": 1
                                                                                                                    }
                                                                                                                ]
                                                                                                            }
                                                                                                        ]
                                                                                                    }
                                                                                                ]
                                                                                            }
                                                                                        ]
                                                                                    }
                                                                                ]
                                                                            }
                                                                        ]
                                                                    },
                                                                    {
                                                                        "Node Type": "Sort",
                                                                        "Parent Relationship": "Inner",
                                                                        "Parallel Aware": false,
                                                                        "Startup Cost": 10000012829.66,
                                                                        "Total Cost": 10000013040.41,
                                                                        "Plan Rows": 84301,
                                                                        "Plan Width": 4,
                                                                        "Actual Startup Time": 64.013,
                                                                        "Actual Total Time": 76.371,
                                                                        "Actual Rows": 124240,
                                                                        "Actual Loops": 4,
                                                                        "Output": [
                                                                            "cn.id"
                                                                        ],
                                                                        "Sort Key": [
                                                                            "cn.id"
                                                                        ],
                                                                        "Sort Method": "quicksort",
                                                                        "Sort Space Used": 7050,
                                                                        "Sort Space Type": "Memory",
                                                                        "Workers": [
                                                                            {
                                                                                "Worker Number": 0,
                                                                                "Actual Startup Time": 72.898,
                                                                                "Actual Total Time": 86.036,
                                                                                "Actual Rows": 111939,
                                                                                "Actual Loops": 1
                                                                            },
                                                                            {
                                                                                "Worker Number": 1,
                                                                                "Actual Startup Time": 72.674,
                                                                                "Actual Total Time": 86.148,
                                                                                "Actual Rows": 112037,
                                                                                "Actual Loops": 1
                                                                            },
                                                                            {
                                                                                "Worker Number": 2,
                                                                                "Actual Startup Time": 70.553,
                                                                                "Actual Total Time": 82.181,
                                                                                "Actual Rows": 113406,
                                                                                "Actual Loops": 1
                                                                            }
                                                                        ],
                                                                        "Plans": [
                                                                            {
                                                                                "Node Type": "Seq Scan",
                                                                                "Parent Relationship": "Outer",
                                                                                "Parallel Aware": false,
                                                                                "Relation Name": "company_name",
                                                                                "Schema": "public",
                                                                                "Alias": "cn",
                                                                                "Startup Cost": 10000000000.0,
                                                                                "Total Cost": 10000005932.46,
                                                                                "Plan Rows": 84301,
                                                                                "Plan Width": 4,
                                                                                "Actual Startup Time": 0.051,
                                                                                "Actual Total Time": 36.127,
                                                                                "Actual Rows": 84843,
                                                                                "Actual Loops": 4,
                                                                                "Output": [
                                                                                    "cn.id"
                                                                                ],
                                                                                "Filter": "((cn.country_code)::text = '[us]'::text)",
                                                                                "Rows Removed by Filter": 150154,
                                                                                "Workers": [
                                                                                    {
                                                                                        "Worker Number": 0,
                                                                                        "Actual Startup Time": 0.074,
                                                                                        "Actual Total Time": 40.948,
                                                                                        "Actual Rows": 84843,
                                                                                        "Actual Loops": 1
                                                                                    },
                                                                                    {
                                                                                        "Worker Number": 1,
                                                                                        "Actual Startup Time": 0.056,
                                                                                        "Actual Total Time": 40.565,
                                                                                        "Actual Rows": 84843,
                                                                                        "Actual Loops": 1
                                                                                    },
                                                                                    {
                                                                                        "Worker Number": 2,
                                                                                        "Actual Startup Time": 0.061,
                                                                                        "Actual Total Time": 38.989,
                                                                                        "Actual Rows": 84843,
                                                                                        "Actual Loops": 1
                                                                                    }
                                                                                ]
                                                                            }
                                                                        ]
                                                                    }
                                                                ]
                                                            },
                                                            {
                                                                "Node Type": "Hash",
                                                                "Parent Relationship": "Inner",
                                                                "Parallel Aware": false,
                                                                "Startup Cost": 12.2,
                                                                "Total Cost": 12.2,
                                                                "Plan Rows": 1,
                                                                "Plan Width": 4,
                                                                "Actual Startup Time": 0.158,
                                                                "Actual Total Time": 0.159,
                                                                "Actual Rows": 1,
                                                                "Actual Loops": 4,
                                                                "Output": [
                                                                    "cct2.id"
                                                                ],
                                                                "Hash Buckets": 1024,
                                                                "Original Hash Buckets": 1024,
                                                                "Hash Batches": 1,
                                                                "Original Hash Batches": 1,
                                                                "Peak Memory Usage": 9,
                                                                "Workers": [
                                                                    {
                                                                        "Worker Number": 0,
                                                                        "Actual Startup Time": 0.216,
                                                                        "Actual Total Time": 0.217,
                                                                        "Actual Rows": 1,
                                                                        "Actual Loops": 1
                                                                    },
                                                                    {
                                                                        "Worker Number": 1,
                                                                        "Actual Startup Time": 0.163,
                                                                        "Actual Total Time": 0.164,
                                                                        "Actual Rows": 1,
                                                                        "Actual Loops": 1
                                                                    },
                                                                    {
                                                                        "Worker Number": 2,
                                                                        "Actual Startup Time": 0.231,
                                                                        "Actual Total Time": 0.232,
                                                                        "Actual Rows": 1,
                                                                        "Actual Loops": 1
                                                                    }
                                                                ],
                                                                "Plans": [
                                                                    {
                                                                        "Node Type": "Index Scan",
                                                                        "Parent Relationship": "Outer",
                                                                        "Parallel Aware": false,
                                                                        "Scan Direction": "Forward",
                                                                        "Index Name": "comp_cast_type_pkey",
                                                                        "Relation Name": "comp_cast_type",
                                                                        "Schema": "public",
                                                                        "Alias": "cct2",
                                                                        "Startup Cost": 0.13,
                                                                        "Total Cost": 12.2,
                                                                        "Plan Rows": 1,
                                                                        "Plan Width": 4,
                                                                        "Actual Startup Time": 0.13,
                                                                        "Actual Total Time": 0.132,
                                                                        "Actual Rows": 1,
                                                                        "Actual Loops": 4,
                                                                        "Output": [
                                                                            "cct2.id"
                                                                        ],
                                                                        "Filter": "((cct2.kind)::text = 'complete+verified'::text)",
                                                                        "Rows Removed by Filter": 3,
                                                                        "Workers": [
                                                                            {
                                                                                "Worker Number": 0,
                                                                                "Actual Startup Time": 0.189,
                                                                                "Actual Total Time": 0.192,
                                                                                "Actual Rows": 1,
                                                                                "Actual Loops": 1
                                                                            },
                                                                            {
                                                                                "Worker Number": 1,
                                                                                "Actual Startup Time": 0.147,
                                                                                "Actual Total Time": 0.149,
                                                                                "Actual Rows": 1,
                                                                                "Actual Loops": 1
                                                                            },
                                                                            {
                                                                                "Worker Number": 2,
                                                                                "Actual Startup Time": 0.165,
                                                                                "Actual Total Time": 0.168,
                                                                                "Actual Rows": 1,
                                                                                "Actual Loops": 1
                                                                            }
                                                                        ]
                                                                    }
                                                                ]
                                                            }
                                                        ]
                                                    }
                                                ]
                                            }
                                        ]
                                    },
                                    {
                                        "Node Type": "Sort",
                                        "Parent Relationship": "Inner",
                                        "Parallel Aware": false,
                                        "Startup Cost": 30004758332.5,
                                        "Total Cost": 30004758332.51,
                                        "Plan Rows": 1,
                                        "Plan Width": 20,
                                        "Actual Startup Time": 31637.275,
                                        "Actual Total Time": 31637.489,
                                        "Actual Rows": 0,
                                        "Actual Loops": 1,
                                        "Output": [
                                            "ci.movie_id",
                                            "mi.movie_id",
                                            "mi.info_type_id",
                                            "mk.movie_id",
                                            "t.id"
                                        ],
                                        "Sort Key": [
                                            "ci.movie_id"
                                        ],
                                        "Sort Method": "quicksort",
                                        "Sort Space Used": 25,
                                        "Sort Space Type": "Memory",
                                        "Plans": [
                                            {
                                                "Node Type": "Hash Join",
                                                "Parent Relationship": "Outer",
                                                "Parallel Aware": false,
                                                "Join Type": "Inner",
                                                "Startup Cost": 30004711272.64,
                                                "Total Cost": 30004758332.49,
                                                "Plan Rows": 1,
                                                "Plan Width": 20,
                                                "Actual Startup Time": 31637.263,
                                                "Actual Total Time": 31637.477,
                                                "Actual Rows": 0,
                                                "Actual Loops": 1,
                                                "Output": [
                                                    "ci.movie_id",
                                                    "mi.movie_id",
                                                    "mi.info_type_id",
                                                    "mk.movie_id",
                                                    "t.id"
                                                ],
                                                "Inner Unique": false,
                                                "Hash Cond": "(ci.person_role_id = chn.id)",
                                                "Plans": [
                                                    {
                                                        "Node Type": "Hash Join",
                                                        "Parent Relationship": "Outer",
                                                        "Parallel Aware": false,
                                                        "Join Type": "Inner",
                                                        "Startup Cost": 30004664011.32,
                                                        "Total Cost": 30004711071.15,
                                                        "Plan Rows": 1,
                                                        "Plan Width": 24,
                                                        "Actual Startup Time": 31536.6,
                                                        "Actual Total Time": 31536.752,
                                                        "Actual Rows": 0,
                                                        "Actual Loops": 1,
                                                        "Output": [
                                                            "ci.movie_id",
                                                            "ci.person_role_id",
                                                            "mi.movie_id",
                                                            "mi.info_type_id",
                                                            "mk.movie_id",
                                                            "t.id"
                                                        ],
                                                        "Inner Unique": true,
                                                        "Hash Cond": "(ci.role_id = rt.id)",
                                                        "Plans": [
                                                            {
                                                                "Node Type": "Hash Join",
                                                                "Parent Relationship": "Outer",
                                                                "Parallel Aware": false,
                                                                "Join Type": "Inner",
                                                                "Startup Cost": 30004663998.96,
                                                                "Total Cost": 30004711058.79,
                                                                "Plan Rows": 1,
                                                                "Plan Width": 28,
                                                                "Actual Startup Time": 31536.539,
                                                                "Actual Total Time": 31536.717,
                                                                "Actual Rows": 2,
                                                                "Actual Loops": 1,
                                                                "Output": [
                                                                    "ci.movie_id",
                                                                    "ci.role_id",
                                                                    "ci.person_role_id",
                                                                    "mi.movie_id",
                                                                    "mi.info_type_id",
                                                                    "mk.movie_id",
                                                                    "t.id"
                                                                ],
                                                                "Inner Unique": false,
                                                                "Hash Cond": "(t.id = mi.movie_id)",
                                                                "Plans": [
                                                                    {
                                                                        "Node Type": "Gather",
                                                                        "Parent Relationship": "Outer",
                                                                        "Parallel Aware": false,
                                                                        "Startup Cost": 1000.0,
                                                                        "Total Cost": 48059.81,
                                                                        "Plan Rows": 4,
                                                                        "Plan Width": 4,
                                                                        "Actual Startup Time": 113.555,
                                                                        "Actual Total Time": 113.63,
                                                                        "Actual Rows": 2,
                                                                        "Actual Loops": 1,
                                                                        "Output": [
                                                                            "t.id"
                                                                        ],
                                                                        "Workers Planned": 4,
                                                                        "Workers Launched": 3,
                                                                        "Single Copy": false,
                                                                        "Plans": [
                                                                            {
                                                                                "Node Type": "Seq Scan",
                                                                                "Parent Relationship": "Outer",
                                                                                "Parallel Aware": true,
                                                                                "Relation Name": "title",
                                                                                "Schema": "public",
                                                                                "Alias": "t",
                                                                                "Startup Cost": 0.0,
                                                                                "Total Cost": 47059.41,
                                                                                "Plan Rows": 1,
                                                                                "Plan Width": 4,
                                                                                "Actual Startup Time": 113.388,
                                                                                "Actual Total Time": 117.808,
                                                                                "Actual Rows": 0,
                                                                                "Actual Loops": 4,
                                                                                "Output": [
                                                                                    "t.id"
                                                                                ],
                                                                                "Filter": "((t.production_year >= 2001) AND (t.production_year <= 2007) AND (t.title = 'Shrek 2'::text))",
                                                                                "Rows Removed by Filter": 632078,
                                                                                "Workers": [
                                                                                    {
                                                                                        "Worker Number": 0,
                                                                                        "Actual Startup Time": 120.197,
                                                                                        "Actual Total Time": 120.198,
                                                                                        "Actual Rows": 0,
                                                                                        "Actual Loops": 1
                                                                                    },
                                                                                    {
                                                                                        "Worker Number": 1,
                                                                                        "Actual Startup Time": 99.163,
                                                                                        "Actual Total Time": 116.833,
                                                                                        "Actual Rows": 1,
                                                                                        "Actual Loops": 1
                                                                                    },
                                                                                    {
                                                                                        "Worker Number": 2,
                                                                                        "Actual Startup Time": 121.023,
                                                                                        "Actual Total Time": 121.024,
                                                                                        "Actual Rows": 0,
                                                                                        "Actual Loops": 1
                                                                                    }
                                                                                ]
                                                                            }
                                                                        ]
                                                                    },
                                                                    {
                                                                        "Node Type": "Hash",
                                                                        "Parent Relationship": "Inner",
                                                                        "Parallel Aware": false,
                                                                        "Startup Cost": 30004662998.95,
                                                                        "Total Cost": 30004662998.95,
                                                                        "Plan Rows": 1,
                                                                        "Plan Width": 24,
                                                                        "Actual Startup Time": 31422.96,
                                                                        "Actual Total Time": 31423.062,
                                                                        "Actual Rows": 97,
                                                                        "Actual Loops": 1,
                                                                        "Output": [
                                                                            "ci.movie_id",
                                                                            "ci.role_id",
                                                                            "ci.person_role_id",
                                                                            "mi.movie_id",
                                                                            "mi.info_type_id",
                                                                            "mk.movie_id"
                                                                        ],
                                                                        "Hash Buckets": 1024,
                                                                        "Original Hash Buckets": 1024,
                                                                        "Hash Batches": 1,
                                                                        "Original Hash Batches": 1,
                                                                        "Peak Memory Usage": 14,
                                                                        "Plans": [
                                                                            {
                                                                                "Node Type": "Hash Join",
                                                                                "Parent Relationship": "Outer",
                                                                                "Parallel Aware": false,
                                                                                "Join Type": "Inner",
                                                                                "Startup Cost": 30004559699.58,
                                                                                "Total Cost": 30004662998.95,
                                                                                "Plan Rows": 1,
                                                                                "Plan Width": 24,
                                                                                "Actual Startup Time": 29281.92,
                                                                                "Actual Total Time": 31423.022,
                                                                                "Actual Rows": 97,
                                                                                "Actual Loops": 1,
                                                                                "Output": [
                                                                                    "ci.movie_id",
                                                                                    "ci.role_id",
                                                                                    "ci.person_role_id",
                                                                                    "mi.movie_id",
                                                                                    "mi.info_type_id",
                                                                                    "mk.movie_id"
                                                                                ],
                                                                                "Inner Unique": true,
                                                                                "Hash Cond": "(pi.info_type_id = it3.id)",
                                                                                "Plans": [
                                                                                    {
                                                                                        "Node Type": "Nested Loop",
                                                                                        "Parent Relationship": "Outer",
                                                                                        "Parallel Aware": false,
                                                                                        "Join Type": "Inner",
                                                                                        "Startup Cost": 30004559685.45,
                                                                                        "Total Cost": 30004662984.81,
                                                                                        "Plan Rows": 1,
                                                                                        "Plan Width": 28,
                                                                                        "Actual Startup Time": 29279.765,
                                                                                        "Actual Total Time": 31421.963,
                                                                                        "Actual Rows": 4816,
                                                                                        "Actual Loops": 1,
                                                                                        "Output": [
                                                                                            "ci.movie_id",
                                                                                            "ci.role_id",
                                                                                            "ci.person_role_id",
                                                                                            "mi.movie_id",
                                                                                            "mi.info_type_id",
                                                                                            "mk.movie_id",
                                                                                            "pi.info_type_id"
                                                                                        ],
                                                                                        "Inner Unique": false,
                                                                                        "Join Filter": "(ci.movie_id = mi.movie_id)",
                                                                                        "Rows Removed by Join Filter": 0,
                                                                                        "Plans": [
                                                                                            {
                                                                                                "Node Type": "Nested Loop",
                                                                                                "Parent Relationship": "Outer",
                                                                                                "Parallel Aware": false,
                                                                                                "Join Type": "Inner",
                                                                                                "Startup Cost": 30004559685.01,
                                                                                                "Total Cost": 30004662983.39,
                                                                                                "Plan Rows": 1,
                                                                                                "Plan Width": 20,
                                                                                                "Actual Startup Time": 29279.695,
                                                                                                "Actual Total Time": 31289.66,
                                                                                                "Actual Rows": 3369,
                                                                                                "Actual Loops": 1,
                                                                                                "Output": [
                                                                                                    "ci.movie_id",
                                                                                                    "ci.role_id",
                                                                                                    "ci.person_role_id",
                                                                                                    "mk.movie_id",
                                                                                                    "pi.info_type_id"
                                                                                                ],
                                                                                                "Inner Unique": true,
                                                                                                "Join Filter": "(ci.person_id = n.id)",
                                                                                                "Rows Removed by Join Filter": 0,
                                                                                                "Plans": [
                                                                                                    {
                                                                                                        "Node Type": "Hash Join",
                                                                                                        "Parent Relationship": "Outer",
                                                                                                        "Parallel Aware": false,
                                                                                                        "Join Type": "Inner",
                                                                                                        "Startup Cost": 20004559684.56,
                                                                                                        "Total Cost": 20004655205.67,
                                                                                                        "Plan Rows": 1733,
                                                                                                        "Plan Width": 32,
                                                                                                        "Actual Startup Time": 29234.49,
                                                                                                        "Actual Total Time": 29788.131,
                                                                                                        "Actual Rows": 328870,
                                                                                                        "Actual Loops": 1,
                                                                                                        "Output": [
                                                                                                            "an.person_id",
                                                                                                            "ci.movie_id",
                                                                                                            "ci.person_id",
                                                                                                            "ci.role_id",
                                                                                                            "ci.person_role_id",
                                                                                                            "mk.movie_id",
                                                                                                            "pi.person_id",
                                                                                                            "pi.info_type_id"
                                                                                                        ],
                                                                                                        "Inner Unique": false,
                                                                                                        "Hash Cond": "(pi.person_id = ci.person_id)",
                                                                                                        "Plans": [
                                                                                                            {
                                                                                                                "Node Type": "Seq Scan",
                                                                                                                "Parent Relationship": "Outer",
                                                                                                                "Parallel Aware": false,
                                                                                                                "Relation Name": "person_info",
                                                                                                                "Schema": "public",
                                                                                                                "Alias": "pi",
                                                                                                                "Startup Cost": 10000000000.0,
                                                                                                                "Total Cost": 10000080686.19,
                                                                                                                "Plan Rows": 2963519,
                                                                                                                "Plan Width": 8,
                                                                                                                "Actual Startup Time": 0.012,
                                                                                                                "Actual Total Time": 291.686,
                                                                                                                "Actual Rows": 2963664,
                                                                                                                "Actual Loops": 1,
                                                                                                                "Output": [
                                                                                                                    "pi.id",
                                                                                                                    "pi.person_id",
                                                                                                                    "pi.info_type_id",
                                                                                                                    "pi.info",
                                                                                                                    "pi.note"
                                                                                                                ]
                                                                                                            },
                                                                                                            {
                                                                                                                "Node Type": "Hash",
                                                                                                                "Parent Relationship": "Inner",
                                                                                                                "Parallel Aware": false,
                                                                                                                "Startup Cost": 10004559683.69,
                                                                                                                "Total Cost": 10004559683.69,
                                                                                                                "Plan Rows": 69,
                                                                                                                "Plan Width": 24,
                                                                                                                "Actual Startup Time": 29233.849,
                                                                                                                "Actual Total Time": 29233.947,
                                                                                                                "Actual Rows": 8501,
                                                                                                                "Actual Loops": 1,
                                                                                                                "Output": [
                                                                                                                    "an.person_id",
                                                                                                                    "ci.movie_id",
                                                                                                                    "ci.person_id",
                                                                                                                    "ci.role_id",
                                                                                                                    "ci.person_role_id",
                                                                                                                    "mk.movie_id"
                                                                                                                ],
                                                                                                                "Hash Buckets": 16384,
                                                                                                                "Original Hash Buckets": 1024,
                                                                                                                "Hash Batches": 1,
                                                                                                                "Original Hash Batches": 1,
                                                                                                                "Peak Memory Usage": 590,
                                                                                                                "Plans": [
                                                                                                                    {
                                                                                                                        "Node Type": "Merge Join",
                                                                                                                        "Parent Relationship": "Outer",
                                                                                                                        "Parallel Aware": false,
                                                                                                                        "Join Type": "Inner",
                                                                                                                        "Startup Cost": 10004513504.56,
                                                                                                                        "Total Cost": 10004559683.69,
                                                                                                                        "Plan Rows": 69,
                                                                                                                        "Plan Width": 24,
                                                                                                                        "Actual Startup Time": 29229.559,
                                                                                                                        "Actual Total Time": 29232.747,
                                                                                                                        "Actual Rows": 8501,
                                                                                                                        "Actual Loops": 1,
                                                                                                                        "Output": [
                                                                                                                            "an.person_id",
                                                                                                                            "ci.movie_id",
                                                                                                                            "ci.person_id",
                                                                                                                            "ci.role_id",
                                                                                                                            "ci.person_role_id",
                                                                                                                            "mk.movie_id"
                                                                                                                        ],
                                                                                                                        "Inner Unique": false,
                                                                                                                        "Merge Cond": "(k.id = mk.keyword_id)",
                                                                                                                        "Plans": [
                                                                                                                            {
                                                                                                                                "Node Type": "Sort",
                                                                                                                                "Parent Relationship": "Outer",
                                                                                                                                "Parallel Aware": false,
                                                                                                                                "Startup Cost": 2626.14,
                                                                                                                                "Total Cost": 2626.14,
                                                                                                                                "Plan Rows": 1,
                                                                                                                                "Plan Width": 4,
                                                                                                                                "Actual Startup Time": 8.267,
                                                                                                                                "Actual Total Time": 8.269,
                                                                                                                                "Actual Rows": 1,
                                                                                                                                "Actual Loops": 1,
                                                                                                                                "Output": [
                                                                                                                                    "k.id"
                                                                                                                                ],
                                                                                                                                "Sort Key": [
                                                                                                                                    "k.id"
                                                                                                                                ],
                                                                                                                                "Sort Method": "quicksort",
                                                                                                                                "Sort Space Used": 25,
                                                                                                                                "Sort Space Type": "Memory",
                                                                                                                                "Plans": [
                                                                                                                                    {
                                                                                                                                        "Node Type": "Seq Scan",
                                                                                                                                        "Parent Relationship": "Outer",
                                                                                                                                        "Parallel Aware": false,
                                                                                                                                        "Relation Name": "keyword",
                                                                                                                                        "Schema": "public",
                                                                                                                                        "Alias": "k",
                                                                                                                                        "Startup Cost": 0.0,
                                                                                                                                        "Total Cost": 2626.12,
                                                                                                                                        "Plan Rows": 1,
                                                                                                                                        "Plan Width": 4,
                                                                                                                                        "Actual Startup Time": 0.038,
                                                                                                                                        "Actual Total Time": 8.261,
                                                                                                                                        "Actual Rows": 1,
                                                                                                                                        "Actual Loops": 1,
                                                                                                                                        "Output": [
                                                                                                                                            "k.id"
                                                                                                                                        ],
                                                                                                                                        "Filter": "(k.keyword = 'computer-animation'::text)",
                                                                                                                                        "Rows Removed by Filter": 134169
                                                                                                                                    }
                                                                                                                                ]
                                                                                                                            },
                                                                                                                            {
                                                                                                                                "Node Type": "Sort",
                                                                                                                                "Parent Relationship": "Inner",
                                                                                                                                "Parallel Aware": false,
                                                                                                                                "Startup Cost": 10004510878.42,
                                                                                                                                "Total Cost": 10004533967.64,
                                                                                                                                "Plan Rows": 9235688,
                                                                                                                                "Plan Width": 28,
                                                                                                                                "Actual Startup Time": 27835.147,
                                                                                                                                "Actual Total Time": 28677.771,
                                                                                                                                "Actual Rows": 4527119,
                                                                                                                                "Actual Loops": 1,
                                                                                                                                "Output": [
                                                                                                                                    "an.person_id",
                                                                                                                                    "ci.movie_id",
                                                                                                                                    "ci.person_id",
                                                                                                                                    "ci.role_id",
                                                                                                                                    "ci.person_role_id",
                                                                                                                                    "mk.movie_id",
                                                                                                                                    "mk.keyword_id"
                                                                                                                                ],
                                                                                                                                "Sort Key": [
                                                                                                                                    "mk.keyword_id"
                                                                                                                                ],
                                                                                                                                "Sort Method": "quicksort",
                                                                                                                                "Sort Space Used": 1124501,
                                                                                                                                "Sort Space Type": "Memory",
                                                                                                                                "Plans": [
                                                                                                                                    {
                                                                                                                                        "Node Type": "Gather Merge",
                                                                                                                                        "Parent Relationship": "Outer",
                                                                                                                                        "Parallel Aware": false,
                                                                                                                                        "Startup Cost": 10000348117.24,
                                                                                                                                        "Total Cost": 10003442365.29,
                                                                                                                                        "Plan Rows": 9235688,
                                                                                                                                        "Plan Width": 28,
                                                                                                                                        "Actual Startup Time": 1100.182,
                                                                                                                                        "Actual Total Time": 25800.907,
                                                                                                                                        "Actual Rows": 9360447,
                                                                                                                                        "Actual Loops": 1,
                                                                                                                                        "Output": [
                                                                                                                                            "an.person_id",
                                                                                                                                            "ci.movie_id",
                                                                                                                                            "ci.person_id",
                                                                                                                                            "ci.role_id",
                                                                                                                                            "ci.person_role_id",
                                                                                                                                            "mk.movie_id",
                                                                                                                                            "mk.keyword_id"
                                                                                                                                        ],
                                                                                                                                        "Workers Planned": 6,
                                                                                                                                        "Workers Launched": 4,
                                                                                                                                        "Plans": [
                                                                                                                                            {
                                                                                                                                                "Node Type": "Nested Loop",
                                                                                                                                                "Parent Relationship": "Outer",
                                                                                                                                                "Parallel Aware": false,
                                                                                                                                                "Join Type": "Inner",
                                                                                                                                                "Startup Cost": 10000347117.14,
                                                                                                                                                "Total Cost": 10002318889.46,
                                                                                                                                                "Plan Rows": 1539281,
                                                                                                                                                "Plan Width": 28,
                                                                                                                                                "Actual Startup Time": 1089.132,
                                                                                                                                                "Actual Total Time": 5931.96,
                                                                                                                                                "Actual Rows": 1872089,
                                                                                                                                                "Actual Loops": 5,
                                                                                                                                                "Output": [
                                                                                                                                                    "an.person_id",
                                                                                                                                                    "ci.movie_id",
                                                                                                                                                    "ci.person_id",
                                                                                                                                                    "ci.role_id",
                                                                                                                                                    "ci.person_role_id",
                                                                                                                                                    "mk.movie_id",
                                                                                                                                                    "mk.keyword_id"
                                                                                                                                                ],
                                                                                                                                                "Inner Unique": false,
                                                                                                                                                "Workers": [
                                                                                                                                                    {
                                                                                                                                                        "Worker Number": 0,
                                                                                                                                                        "Actual Startup Time": 1085.801,
                                                                                                                                                        "Actual Total Time": 5915.028,
                                                                                                                                                        "Actual Rows": 1517535,
                                                                                                                                                        "Actual Loops": 1
                                                                                                                                                    },
                                                                                                                                                    {
                                                                                                                                                        "Worker Number": 1,
                                                                                                                                                        "Actual Startup Time": 1086.464,
                                                                                                                                                        "Actual Total Time": 6155.282,
                                                                                                                                                        "Actual Rows": 1601106,
                                                                                                                                                        "Actual Loops": 1
                                                                                                                                                    },
                                                                                                                                                    {
                                                                                                                                                        "Worker Number": 2,
                                                                                                                                                        "Actual Startup Time": 1086.998,
                                                                                                                                                        "Actual Total Time": 6172.657,
                                                                                                                                                        "Actual Rows": 1471491,
                                                                                                                                                        "Actual Loops": 1
                                                                                                                                                    },
                                                                                                                                                    {
                                                                                                                                                        "Worker Number": 3,
                                                                                                                                                        "Actual Startup Time": 1086.676,
                                                                                                                                                        "Actual Total Time": 6286.954,
                                                                                                                                                        "Actual Rows": 1604944,
                                                                                                                                                        "Actual Loops": 1
                                                                                                                                                    }
                                                                                                                                                ],
                                                                                                                                                "Plans": [
                                                                                                                                                    {
                                                                                                                                                        "Node Type": "Merge Join",
                                                                                                                                                        "Parent Relationship": "Outer",
                                                                                                                                                        "Parallel Aware": false,
                                                                                                                                                        "Join Type": "Inner",
                                                                                                                                                        "Startup Cost": 347116.25,
                                                                                                                                                        "Total Cost": 414850.15,
                                                                                                                                                        "Plan Rows": 321086,
                                                                                                                                                        "Plan Width": 20,
                                                                                                                                                        "Actual Startup Time": 1088.971,
                                                                                                                                                        "Actual Total Time": 2130.657,
                                                                                                                                                        "Actual Rows": 354179,
                                                                                                                                                        "Actual Loops": 5,
                                                                                                                                                        "Output": [
                                                                                                                                                            "an.person_id",
                                                                                                                                                            "ci.movie_id",
                                                                                                                                                            "ci.person_id",
                                                                                                                                                            "ci.role_id",
                                                                                                                                                            "ci.person_role_id"
                                                                                                                                                        ],
                                                                                                                                                        "Inner Unique": false,
                                                                                                                                                        "Merge Cond": "(ci.person_id = an.person_id)",
                                                                                                                                                        "Workers": [
                                                                                                                                                            {
                                                                                                                                                                "Worker Number": 0,
                                                                                                                                                                "Actual Startup Time": 1085.482,
                                                                                                                                                                "Actual Total Time": 2187.822,
                                                                                                                                                                "Actual Rows": 281710,
                                                                                                                                                                "Actual Loops": 1
                                                                                                                                                            },
                                                                                                                                                            {
                                                                                                                                                                "Worker Number": 1,
                                                                                                                                                                "Actual Startup Time": 1086.344,
                                                                                                                                                                "Actual Total Time": 2193.621,
                                                                                                                                                                "Actual Rows": 299251,
                                                                                                                                                                "Actual Loops": 1
                                                                                                                                                            },
                                                                                                                                                            {
                                                                                                                                                                "Worker Number": 2,
                                                                                                                                                                "Actual Startup Time": 1086.769,
                                                                                                                                                                "Actual Total Time": 2224.89,
                                                                                                                                                                "Actual Rows": 292005,
                                                                                                                                                                "Actual Loops": 1
                                                                                                                                                            },
                                                                                                                                                            {
                                                                                                                                                                "Worker Number": 3,
                                                                                                                                                                "Actual Startup Time": 1086.565,
                                                                                                                                                                "Actual Total Time": 2230.195,
                                                                                                                                                                "Actual Rows": 295394,
                                                                                                                                                                "Actual Loops": 1
                                                                                                                                                            }
                                                                                                                                                        ],
                                                                                                                                                        "Plans": [
                                                                                                                                                            {
                                                                                                                                                                "Node Type": "Sort",
                                                                                                                                                                "Parent Relationship": "Outer",
                                                                                                                                                                "Parallel Aware": false,
                                                                                                                                                                "Startup Cost": 347115.76,
                                                                                                                                                                "Total Cost": 347449.08,
                                                                                                                                                                "Plan Rows": 133330,
                                                                                                                                                                "Plan Width": 16,
                                                                                                                                                                "Actual Startup Time": 1087.163,
                                                                                                                                                                "Actual Total Time": 1132.491,
                                                                                                                                                                "Actual Rows": 167340,
                                                                                                                                                                "Actual Loops": 5,
                                                                                                                                                                "Output": [
                                                                                                                                                                    "ci.movie_id",
                                                                                                                                                                    "ci.person_id",
                                                                                                                                                                    "ci.role_id",
                                                                                                                                                                    "ci.person_role_id"
                                                                                                                                                                ],
                                                                                                                                                                "Sort Key": [
                                                                                                                                                                    "ci.person_id"
                                                                                                                                                                ],
                                                                                                                                                                "Sort Method": "quicksort",
                                                                                                                                                                "Sort Space Used": 25603,
                                                                                                                                                                "Sort Space Type": "Memory",
                                                                                                                                                                "Workers": [
                                                                                                                                                                    {
                                                                                                                                                                        "Worker Number": 0,
                                                                                                                                                                        "Actual Startup Time": 1082.997,
                                                                                                                                                                        "Actual Total Time": 1126.746,
                                                                                                                                                                        "Actual Rows": 135520,
                                                                                                                                                                        "Actual Loops": 1
                                                                                                                                                                    },
                                                                                                                                                                    {
                                                                                                                                                                        "Worker Number": 1,
                                                                                                                                                                        "Actual Startup Time": 1084.148,
                                                                                                                                                                        "Actual Total Time": 1130.142,
                                                                                                                                                                        "Actual Rows": 140381,
                                                                                                                                                                        "Actual Loops": 1
                                                                                                                                                                    },
                                                                                                                                                                    {
                                                                                                                                                                        "Worker Number": 2,
                                                                                                                                                                        "Actual Startup Time": 1084.673,
                                                                                                                                                                        "Actual Total Time": 1131.393,
                                                                                                                                                                        "Actual Rows": 140013,
                                                                                                                                                                        "Actual Loops": 1
                                                                                                                                                                    },
                                                                                                                                                                    {
                                                                                                                                                                        "Worker Number": 3,
                                                                                                                                                                        "Actual Startup Time": 1084.324,
                                                                                                                                                                        "Actual Total Time": 1131.13,
                                                                                                                                                                        "Actual Rows": 136743,
                                                                                                                                                                        "Actual Loops": 1
                                                                                                                                                                    }
                                                                                                                                                                ],
                                                                                                                                                                "Plans": [
                                                                                                                                                                    {
                                                                                                                                                                        "Node Type": "Seq Scan",
                                                                                                                                                                        "Parent Relationship": "Outer",
                                                                                                                                                                        "Parallel Aware": true,
                                                                                                                                                                        "Relation Name": "cast_info",
                                                                                                                                                                        "Schema": "public",
                                                                                                                                                                        "Alias": "ci",
                                                                                                                                                                        "Startup Cost": 0.0,
                                                                                                                                                                        "Total Cost": 335766.28,
                                                                                                                                                                        "Plan Rows": 133330,
                                                                                                                                                                        "Plan Width": 16,
                                                                                                                                                                        "Actual Startup Time": 0.159,
                                                                                                                                                                        "Actual Total Time": 1039.704,
                                                                                                                                                                        "Actual Rows": 167340,
                                                                                                                                                                        "Actual Loops": 5,
                                                                                                                                                                        "Output": [
                                                                                                                                                                            "ci.movie_id",
                                                                                                                                                                            "ci.person_id",
                                                                                                                                                                            "ci.role_id",
                                                                                                                                                                            "ci.person_role_id"
                                                                                                                                                                        ],
                                                                                                                                                                        "Filter": "(ci.note = ANY ('{(voice),\"(voice) (uncredited)\",\"(voice: English version)\"}'::text[]))",
                                                                                                                                                                        "Rows Removed by Filter": 7081529,
                                                                                                                                                                        "Workers": [
                                                                                                                                                                            {
                                                                                                                                                                                "Worker Number": 0,
                                                                                                                                                                                "Actual Startup Time": 0.337,
                                                                                                                                                                                "Actual Total Time": 1034.608,
                                                                                                                                                                                "Actual Rows": 135520,
                                                                                                                                                                                "Actual Loops": 1
                                                                                                                                                                            },
                                                                                                                                                                            {
                                                                                                                                                                                "Worker Number": 1,
                                                                                                                                                                                "Actual Startup Time": 0.077,
                                                                                                                                                                                "Actual Total Time": 1035.886,
                                                                                                                                                                                "Actual Rows": 140381,
                                                                                                                                                                                "Actual Loops": 1
                                                                                                                                                                            },
                                                                                                                                                                            {
                                                                                                                                                                                "Worker Number": 2,
                                                                                                                                                                                "Actual Startup Time": 0.282,
                                                                                                                                                                                "Actual Total Time": 1036.285,
                                                                                                                                                                                "Actual Rows": 140013,
                                                                                                                                                                                "Actual Loops": 1
                                                                                                                                                                            },
                                                                                                                                                                            {
                                                                                                                                                                                "Worker Number": 3,
                                                                                                                                                                                "Actual Startup Time": 0.086,
                                                                                                                                                                                "Actual Total Time": 1037.419,
                                                                                                                                                                                "Actual Rows": 136743,
                                                                                                                                                                                "Actual Loops": 1
                                                                                                                                                                            }
                                                                                                                                                                        ]
                                                                                                                                                                    }
                                                                                                                                                                ]
                                                                                                                                                            },
                                                                                                                                                            {
                                                                                                                                                                "Node Type": "Index Scan",
                                                                                                                                                                "Parent Relationship": "Inner",
                                                                                                                                                                "Parallel Aware": false,
                                                                                                                                                                "Scan Direction": "Forward",
                                                                                                                                                                "Index Name": "person_id_aka_name",
                                                                                                                                                                "Relation Name": "aka_name",
                                                                                                                                                                "Schema": "public",
                                                                                                                                                                "Alias": "an",
                                                                                                                                                                "Startup Cost": 0.42,
                                                                                                                                                                "Total Cost": 72012.16,
                                                                                                                                                                "Plan Rows": 901343,
                                                                                                                                                                "Plan Width": 4,
                                                                                                                                                                "Actual Startup Time": 0.025,
                                                                                                                                                                "Actual Total Time": 695.177,
                                                                                                                                                                "Actual Rows": 1099799,
                                                                                                                                                                "Actual Loops": 5,
                                                                                                                                                                "Output": [
                                                                                                                                                                    "an.id",
                                                                                                                                                                    "an.person_id",
                                                                                                                                                                    "an.name",
                                                                                                                                                                    "an.imdb_index",
                                                                                                                                                                    "an.name_pcode_cf",
                                                                                                                                                                    "an.name_pcode_nf",
                                                                                                                                                                    "an.surname_pcode",
                                                                                                                                                                    "an.md5sum"
                                                                                                                                                                ],
                                                                                                                                                                "Workers": [
                                                                                                                                                                    {
                                                                                                                                                                        "Worker Number": 0,
                                                                                                                                                                        "Actual Startup Time": 0.029,
                                                                                                                                                                        "Actual Total Time": 743.483,
                                                                                                                                                                        "Actual Rows": 1030932,
                                                                                                                                                                        "Actual Loops": 1
                                                                                                                                                                    },
                                                                                                                                                                    {
                                                                                                                                                                        "Worker Number": 1,
                                                                                                                                                                        "Actual Startup Time": 0.024,
                                                                                                                                                                        "Actual Total Time": 741.487,
                                                                                                                                                                        "Actual Rows": 1052192,
                                                                                                                                                                        "Actual Loops": 1
                                                                                                                                                                    },
                                                                                                                                                                    {
                                                                                                                                                                        "Worker Number": 2,
                                                                                                                                                                        "Actual Startup Time": 0.029,
                                                                                                                                                                        "Actual Total Time": 761.227,
                                                                                                                                                                        "Actual Rows": 1035802,
                                                                                                                                                                        "Actual Loops": 1
                                                                                                                                                                    },
                                                                                                                                                                    {
                                                                                                                                                                        "Worker Number": 3,
                                                                                                                                                                        "Actual Startup Time": 0.03,
                                                                                                                                                                        "Actual Total Time": 769.09,
                                                                                                                                                                        "Actual Rows": 1039482,
                                                                                                                                                                        "Actual Loops": 1
                                                                                                                                                                    }
                                                                                                                                                                ]
                                                                                                                                                            }
                                                                                                                                                        ]
                                                                                                                                                    },
                                                                                                                                                    {
                                                                                                                                                        "Node Type": "Bitmap Heap Scan",
                                                                                                                                                        "Parent Relationship": "Inner",
                                                                                                                                                        "Parallel Aware": false,
                                                                                                                                                        "Relation Name": "movie_keyword",
                                                                                                                                                        "Schema": "public",
                                                                                                                                                        "Alias": "mk",
                                                                                                                                                        "Startup Cost": 0.89,
                                                                                                                                                        "Total Cost": 5.47,
                                                                                                                                                        "Plan Rows": 46,
                                                                                                                                                        "Plan Width": 8,
                                                                                                                                                        "Actual Startup Time": 0.006,
                                                                                                                                                        "Actual Total Time": 0.006,
                                                                                                                                                        "Actual Rows": 5,
                                                                                                                                                        "Actual Loops": 1770893,
                                                                                                                                                        "Output": [
                                                                                                                                                            "mk.id",
                                                                                                                                                            "mk.movie_id",
                                                                                                                                                            "mk.keyword_id"
                                                                                                                                                        ],
                                                                                                                                                        "Recheck Cond": "(mk.movie_id = ci.movie_id)",
                                                                                                                                                        "Rows Removed by Index Recheck": 0,
                                                                                                                                                        "Exact Heap Blocks": 253437,
                                                                                                                                                        "Lossy Heap Blocks": 0,
                                                                                                                                                        "Workers": [
                                                                                                                                                            {
                                                                                                                                                                "Worker Number": 0,
                                                                                                                                                                "Actual Startup Time": 0.007,
                                                                                                                                                                "Actual Total Time": 0.008,
                                                                                                                                                                "Actual Rows": 5,
                                                                                                                                                                "Actual Loops": 281710
                                                                                                                                                            },
                                                                                                                                                            {
                                                                                                                                                                "Worker Number": 1,
                                                                                                                                                                "Actual Startup Time": 0.007,
                                                                                                                                                                "Actual Total Time": 0.008,
                                                                                                                                                                "Actual Rows": 5,
                                                                                                                                                                "Actual Loops": 299251
                                                                                                                                                            },
                                                                                                                                                            {
                                                                                                                                                                "Worker Number": 2,
                                                                                                                                                                "Actual Startup Time": 0.007,
                                                                                                                                                                "Actual Total Time": 0.008,
                                                                                                                                                                "Actual Rows": 5,
                                                                                                                                                                "Actual Loops": 292005
                                                                                                                                                            },
                                                                                                                                                            {
                                                                                                                                                                "Worker Number": 3,
                                                                                                                                                                "Actual Startup Time": 0.007,
                                                                                                                                                                "Actual Total Time": 0.008,
                                                                                                                                                                "Actual Rows": 5,
                                                                                                                                                                "Actual Loops": 295394
                                                                                                                                                            }
                                                                                                                                                        ],
                                                                                                                                                        "Plans": [
                                                                                                                                                            {
                                                                                                                                                                "Node Type": "Bitmap Index Scan",
                                                                                                                                                                "Parent Relationship": "Outer",
                                                                                                                                                                "Parallel Aware": false,
                                                                                                                                                                "Index Name": "movie_id_movie_keyword",
                                                                                                                                                                "Startup Cost": 0.0,
                                                                                                                                                                "Total Cost": 0.88,
                                                                                                                                                                "Plan Rows": 46,
                                                                                                                                                                "Plan Width": 0,
                                                                                                                                                                "Actual Startup Time": 0.004,
                                                                                                                                                                "Actual Total Time": 0.004,
                                                                                                                                                                "Actual Rows": 5,
                                                                                                                                                                "Actual Loops": 1770893,
                                                                                                                                                                "Index Cond": "(mk.movie_id = ci.movie_id)",
                                                                                                                                                                "Workers": [
                                                                                                                                                                    {
                                                                                                                                                                        "Worker Number": 0,
                                                                                                                                                                        "Actual Startup Time": 0.005,
                                                                                                                                                                        "Actual Total Time": 0.005,
                                                                                                                                                                        "Actual Rows": 5,
                                                                                                                                                                        "Actual Loops": 281710
                                                                                                                                                                    },
                                                                                                                                                                    {
                                                                                                                                                                        "Worker Number": 1,
                                                                                                                                                                        "Actual Startup Time": 0.005,
                                                                                                                                                                        "Actual Total Time": 0.005,
                                                                                                                                                                        "Actual Rows": 5,
                                                                                                                                                                        "Actual Loops": 299251
                                                                                                                                                                    },
                                                                                                                                                                    {
                                                                                                                                                                        "Worker Number": 2,
                                                                                                                                                                        "Actual Startup Time": 0.005,
                                                                                                                                                                        "Actual Total Time": 0.005,
                                                                                                                                                                        "Actual Rows": 5,
                                                                                                                                                                        "Actual Loops": 292005
                                                                                                                                                                    },
                                                                                                                                                                    {
                                                                                                                                                                        "Worker Number": 3,
                                                                                                                                                                        "Actual Startup Time": 0.005,
                                                                                                                                                                        "Actual Total Time": 0.005,
                                                                                                                                                                        "Actual Rows": 5,
                                                                                                                                                                        "Actual Loops": 295394
                                                                                                                                                                    }
                                                                                                                                                                ]
                                                                                                                                                            }
                                                                                                                                                        ]
                                                                                                                                                    }
                                                                                                                                                ]
                                                                                                                                            }
                                                                                                                                        ]
                                                                                                                                    }
                                                                                                                                ]
                                                                                                                            }
                                                                                                                        ]
                                                                                                                    }
                                                                                                                ]
                                                                                                            }
                                                                                                        ]
                                                                                                    },
                                                                                                    {
                                                                                                        "Node Type": "Bitmap Heap Scan",
                                                                                                        "Parent Relationship": "Inner",
                                                                                                        "Parallel Aware": false,
                                                                                                        "Relation Name": "name",
                                                                                                        "Schema": "public",
                                                                                                        "Alias": "n",
                                                                                                        "Startup Cost": 0.46,
                                                                                                        "Total Cost": 4.48,
                                                                                                        "Plan Rows": 1,
                                                                                                        "Plan Width": 4,
                                                                                                        "Actual Startup Time": 0.003,
                                                                                                        "Actual Total Time": 0.003,
                                                                                                        "Actual Rows": 0,
                                                                                                        "Actual Loops": 328870,
                                                                                                        "Output": [
                                                                                                            "n.id",
                                                                                                            "n.name",
                                                                                                            "n.imdb_index",
                                                                                                            "n.imdb_id",
                                                                                                            "n.gender",
                                                                                                            "n.name_pcode_cf",
                                                                                                            "n.name_pcode_nf",
                                                                                                            "n.surname_pcode",
                                                                                                            "n.md5sum"
                                                                                                        ],
                                                                                                        "Recheck Cond": "(n.id = pi.person_id)",
                                                                                                        "Rows Removed by Index Recheck": 0,
                                                                                                        "Filter": "((n.name ~~ '%An%'::text) AND ((n.gender)::text = 'm'::text))",
                                                                                                        "Rows Removed by Filter": 1,
                                                                                                        "Exact Heap Blocks": 328870,
                                                                                                        "Lossy Heap Blocks": 0,
                                                                                                        "Plans": [
                                                                                                            {
                                                                                                                "Node Type": "Bitmap Index Scan",
                                                                                                                "Parent Relationship": "Outer",
                                                                                                                "Parallel Aware": false,
                                                                                                                "Index Name": "name_pkey",
                                                                                                                "Startup Cost": 0.0,
                                                                                                                "Total Cost": 0.46,
                                                                                                                "Plan Rows": 1,
                                                                                                                "Plan Width": 0,
                                                                                                                "Actual Startup Time": 0.002,
                                                                                                                "Actual Total Time": 0.002,
                                                                                                                "Actual Rows": 1,
                                                                                                                "Actual Loops": 328870,
                                                                                                                "Index Cond": "(n.id = pi.person_id)"
                                                                                                            }
                                                                                                        ]
                                                                                                    }
                                                                                                ]
                                                                                            },
                                                                                            {
                                                                                                "Node Type": "Index Scan",
                                                                                                "Parent Relationship": "Inner",
                                                                                                "Parallel Aware": false,
                                                                                                "Scan Direction": "Forward",
                                                                                                "Index Name": "movie_id_movie_info",
                                                                                                "Relation Name": "movie_info",
                                                                                                "Schema": "public",
                                                                                                "Alias": "mi",
                                                                                                "Startup Cost": 0.43,
                                                                                                "Total Cost": 1.41,
                                                                                                "Plan Rows": 1,
                                                                                                "Plan Width": 8,
                                                                                                "Actual Startup Time": 0.01,
                                                                                                "Actual Total Time": 0.039,
                                                                                                "Actual Rows": 1,
                                                                                                "Actual Loops": 3369,
                                                                                                "Output": [
                                                                                                    "mi.id",
                                                                                                    "mi.movie_id",
                                                                                                    "mi.info_type_id",
                                                                                                    "mi.info",
                                                                                                    "mi.note"
                                                                                                ],
                                                                                                "Index Cond": "(mi.movie_id = mk.movie_id)",
                                                                                                "Rows Removed by Index Recheck": 0,
                                                                                                "Filter": "(mi.info ~~ 'USA:%200%'::text)",
                                                                                                "Rows Removed by Filter": 251
                                                                                            }
                                                                                        ]
                                                                                    },
                                                                                    {
                                                                                        "Node Type": "Hash",
                                                                                        "Parent Relationship": "Inner",
                                                                                        "Parallel Aware": false,
                                                                                        "Startup Cost": 14.12,
                                                                                        "Total Cost": 14.12,
                                                                                        "Plan Rows": 1,
                                                                                        "Plan Width": 4,
                                                                                        "Actual Startup Time": 0.027,
                                                                                        "Actual Total Time": 0.028,
                                                                                        "Actual Rows": 1,
                                                                                        "Actual Loops": 1,
                                                                                        "Output": [
                                                                                            "it3.id"
                                                                                        ],
                                                                                        "Hash Buckets": 1024,
                                                                                        "Original Hash Buckets": 1024,
                                                                                        "Hash Batches": 1,
                                                                                        "Original Hash Batches": 1,
                                                                                        "Peak Memory Usage": 9,
                                                                                        "Plans": [
                                                                                            {
                                                                                                "Node Type": "Index Scan",
                                                                                                "Parent Relationship": "Outer",
                                                                                                "Parallel Aware": false,
                                                                                                "Scan Direction": "Forward",
                                                                                                "Index Name": "info_type_pkey",
                                                                                                "Relation Name": "info_type",
                                                                                                "Schema": "public",
                                                                                                "Alias": "it3",
                                                                                                "Startup Cost": 0.14,
                                                                                                "Total Cost": 14.12,
                                                                                                "Plan Rows": 1,
                                                                                                "Plan Width": 4,
                                                                                                "Actual Startup Time": 0.015,
                                                                                                "Actual Total Time": 0.024,
                                                                                                "Actual Rows": 1,
                                                                                                "Actual Loops": 1,
                                                                                                "Output": [
                                                                                                    "it3.id"
                                                                                                ],
                                                                                                "Filter": "((it3.info)::text = 'height'::text)",
                                                                                                "Rows Removed by Filter": 112
                                                                                            }
                                                                                        ]
                                                                                    }
                                                                                ]
                                                                            }
                                                                        ]
                                                                    }
                                                                ]
                                                            },
                                                            {
                                                                "Node Type": "Hash",
                                                                "Parent Relationship": "Inner",
                                                                "Parallel Aware": false,
                                                                "Startup Cost": 12.35,
                                                                "Total Cost": 12.35,
                                                                "Plan Rows": 1,
                                                                "Plan Width": 4,
                                                                "Actual Startup Time": 0.022,
                                                                "Actual Total Time": 0.023,
                                                                "Actual Rows": 1,
                                                                "Actual Loops": 1,
                                                                "Output": [
                                                                    "rt.id"
                                                                ],
                                                                "Hash Buckets": 1024,
                                                                "Original Hash Buckets": 1024,
                                                                "Hash Batches": 1,
                                                                "Original Hash Batches": 1,
                                                                "Peak Memory Usage": 9,
                                                                "Plans": [
                                                                    {
                                                                        "Node Type": "Index Scan",
                                                                        "Parent Relationship": "Outer",
                                                                        "Parallel Aware": false,
                                                                        "Scan Direction": "Forward",
                                                                        "Index Name": "role_type_pkey",
                                                                        "Relation Name": "role_type",
                                                                        "Schema": "public",
                                                                        "Alias": "rt",
                                                                        "Startup Cost": 0.14,
                                                                        "Total Cost": 12.35,
                                                                        "Plan Rows": 1,
                                                                        "Plan Width": 4,
                                                                        "Actual Startup Time": 0.017,
                                                                        "Actual Total Time": 0.021,
                                                                        "Actual Rows": 1,
                                                                        "Actual Loops": 1,
                                                                        "Output": [
                                                                            "rt.id"
                                                                        ],
                                                                        "Filter": "((rt.role)::text = 'actress'::text)",
                                                                        "Rows Removed by Filter": 11
                                                                    }
                                                                ]
                                                            }
                                                        ]
                                                    },
                                                    {
                                                        "Node Type": "Hash",
                                                        "Parent Relationship": "Inner",
                                                        "Parallel Aware": false,
                                                        "Startup Cost": 47261.31,
                                                        "Total Cost": 47261.31,
                                                        "Plan Rows": 1,
                                                        "Plan Width": 4,
                                                        "Actual Startup Time": 100.653,
                                                        "Actual Total Time": 100.714,
                                                        "Actual Rows": 1,
                                                        "Actual Loops": 1,
                                                        "Output": [
                                                            "chn.id"
                                                        ],
                                                        "Hash Buckets": 1024,
                                                        "Original Hash Buckets": 1024,
                                                        "Hash Batches": 1,
                                                        "Original Hash Batches": 1,
                                                        "Peak Memory Usage": 9,
                                                        "Plans": [
                                                            {
                                                                "Node Type": "Gather",
                                                                "Parent Relationship": "Outer",
                                                                "Parallel Aware": false,
                                                                "Startup Cost": 1000.0,
                                                                "Total Cost": 47261.31,
                                                                "Plan Rows": 1,
                                                                "Plan Width": 4,
                                                                "Actual Startup Time": 100.553,
                                                                "Actual Total Time": 100.704,
                                                                "Actual Rows": 1,
                                                                "Actual Loops": 1,
                                                                "Output": [
                                                                    "chn.id"
                                                                ],
                                                                "Workers Planned": 4,
                                                                "Workers Launched": 4,
                                                                "Single Copy": false,
                                                                "Plans": [
                                                                    {
                                                                        "Node Type": "Seq Scan",
                                                                        "Parent Relationship": "Outer",
                                                                        "Parallel Aware": true,
                                                                        "Relation Name": "char_name",
                                                                        "Schema": "public",
                                                                        "Alias": "chn",
                                                                        "Startup Cost": 0.0,
                                                                        "Total Cost": 46261.21,
                                                                        "Plan Rows": 1,
                                                                        "Plan Width": 4,
                                                                        "Actual Startup Time": 73.953,
                                                                        "Actual Total Time": 91.467,
                                                                        "Actual Rows": 0,
                                                                        "Actual Loops": 5,
                                                                        "Output": [
                                                                            "chn.id"
                                                                        ],
                                                                        "Filter": "(chn.name = 'Queen'::text)",
                                                                        "Rows Removed by Filter": 628068,
                                                                        "Workers": [
                                                                            {
                                                                                "Worker Number": 0,
                                                                                "Actual Startup Time": 89.007,
                                                                                "Actual Total Time": 89.007,
                                                                                "Actual Rows": 0,
                                                                                "Actual Loops": 1
                                                                            },
                                                                            {
                                                                                "Worker Number": 1,
                                                                                "Actual Startup Time": 89.038,
                                                                                "Actual Total Time": 89.039,
                                                                                "Actual Rows": 0,
                                                                                "Actual Loops": 1
                                                                            },
                                                                            {
                                                                                "Worker Number": 2,
                                                                                "Actual Startup Time": 1.467,
                                                                                "Actual Total Time": 89.035,
                                                                                "Actual Rows": 1,
                                                                                "Actual Loops": 1
                                                                            },
                                                                            {
                                                                                "Worker Number": 3,
                                                                                "Actual Startup Time": 90.04,
                                                                                "Actual Total Time": 90.041,
                                                                                "Actual Rows": 0,
                                                                                "Actual Loops": 1
                                                                            }
                                                                        ]
                                                                    }
                                                                ]
                                                            }
                                                        ]
                                                    }
                                                ]
                                            }
                                        ]
                                    }
                                ]
                            }
                        ]
                    },
                    {
                        "Node Type": "Sort",
                        "Parent Relationship": "Inner",
                        "Parallel Aware": false,
                        "Startup Cost": 2.42,
                        "Total Cost": 2.43,
                        "Plan Rows": 1,
                        "Plan Width": 4,
                        "Actual Startup Time": 0.0,
                        "Actual Total Time": 0.0,
                        "Actual Rows": 0,
                        "Actual Loops": 0,
                        "Output": [
                            "it.id"
                        ],
                        "Sort Key": [
                            "it.id"
                        ],
                        "Plans": [
                            {
                                "Node Type": "Seq Scan",
                                "Parent Relationship": "Outer",
                                "Parallel Aware": false,
                                "Relation Name": "info_type",
                                "Schema": "public",
                                "Alias": "it",
                                "Startup Cost": 0.0,
                                "Total Cost": 2.41,
                                "Plan Rows": 1,
                                "Plan Width": 4,
                                "Actual Startup Time": 0.0,
                                "Actual Total Time": 0.0,
                                "Actual Rows": 0,
                                "Actual Loops": 0,
                                "Output": [
                                    "it.id"
                                ],
                                "Filter": "((it.info)::text = 'release dates'::text)",
                                "Rows Removed by Filter": 0
                            }
                        ]
                    }
                ]
            }
        ]
    },
    "Planning Time": 1958.881,
    "Triggers": [],
    "Execution Time": 32064.047
}