{
    "Plan": {
        "Node Type": "Aggregate",
        "Strategy": "Plain",
        "Partial Mode": "Simple",
        "Parallel Aware": false,
        "Startup Cost": 60005424116.39,
        "Total Cost": 60005424116.4,
        "Plan Rows": 1,
        "Plan Width": 64,
        "Actual Startup Time": 8573.915,
        "Actual Total Time": 8609.076,
        "Actual Rows": 1,
        "Actual Loops": 1,
        "Output": [
            "min(mi_idx.info)",
            "min(t.title)"
        ],
        "Plans": [
            {
                "Node Type": "Nested Loop",
                "Parent Relationship": "Outer",
                "Parallel Aware": false,
                "Join Type": "Inner",
                "Startup Cost": 60005424103.77,
                "Total Cost": 60005424116.38,
                "Plan Rows": 1,
                "Plan Width": 22,
                "Actual Startup Time": 8573.779,
                "Actual Total Time": 8609.068,
                "Actual Rows": 1,
                "Actual Loops": 1,
                "Output": [
                    "mi_idx.info",
                    "t.title"
                ],
                "Inner Unique": true,
                "Plans": [
                    {
                        "Node Type": "Hash Join",
                        "Parent Relationship": "Outer",
                        "Parallel Aware": false,
                        "Join Type": "Inner",
                        "Startup Cost": 50005424103.34,
                        "Total Cost": 50005424109.26,
                        "Plan Rows": 1,
                        "Plan Width": 26,
                        "Actual Startup Time": 8571.488,
                        "Actual Total Time": 8607.371,
                        "Actual Rows": 273,
                        "Actual Loops": 1,
                        "Output": [
                            "mi_idx.info",
                            "mk.keyword_id",
                            "t.title"
                        ],
                        "Inner Unique": false,
                        "Hash Cond": "(t.kind_id = kt.id)",
                        "Plans": [
                            {
                                "Node Type": "Hash Join",
                                "Parent Relationship": "Outer",
                                "Parallel Aware": false,
                                "Join Type": "Inner",
                                "Startup Cost": 40005424102.24,
                                "Total Cost": 40005424108.15,
                                "Plan Rows": 1,
                                "Plan Width": 30,
                                "Actual Startup Time": 8571.444,
                                "Actual Total Time": 8607.235,
                                "Actual Rows": 635,
                                "Actual Loops": 1,
                                "Output": [
                                    "mi_idx.info",
                                    "mk.keyword_id",
                                    "t.title",
                                    "t.kind_id"
                                ],
                                "Inner Unique": true,
                                "Hash Cond": "(mi.info_type_id = it1.id)",
                                "Plans": [
                                    {
                                        "Node Type": "Merge Join",
                                        "Parent Relationship": "Outer",
                                        "Parallel Aware": false,
                                        "Join Type": "Inner",
                                        "Startup Cost": 30005424088.11,
                                        "Total Cost": 30005424093.99,
                                        "Plan Rows": 10,
                                        "Plan Width": 34,
                                        "Actual Startup Time": 8571.367,
                                        "Actual Total Time": 8606.996,
                                        "Actual Rows": 1719,
                                        "Actual Loops": 1,
                                        "Output": [
                                            "mi_idx.info",
                                            "mi.info_type_id",
                                            "mk.keyword_id",
                                            "t.title",
                                            "t.kind_id"
                                        ],
                                        "Inner Unique": false,
                                        "Merge Cond": "(mi_idx.info_type_id = it2.id)",
                                        "Plans": [
                                            {
                                                "Node Type": "Sort",
                                                "Parent Relationship": "Outer",
                                                "Parallel Aware": false,
                                                "Startup Cost": 20005424085.66,
                                                "Total Cost": 20005424088.55,
                                                "Plan Rows": 1156,
                                                "Plan Width": 38,
                                                "Actual Startup Time": 8571.288,
                                                "Actual Total Time": 8606.546,
                                                "Actual Rows": 1977,
                                                "Actual Loops": 1,
                                                "Output": [
                                                    "mi.info_type_id",
                                                    "mi_idx.info",
                                                    "mi_idx.info_type_id",
                                                    "mk.keyword_id",
                                                    "t.title",
                                                    "t.kind_id"
                                                ],
                                                "Sort Key": [
                                                    "mi_idx.info_type_id"
                                                ],
                                                "Sort Method": "quicksort",
                                                "Sort Space Used": 285,
                                                "Sort Space Type": "Memory",
                                                "Plans": [
                                                    {
                                                        "Node Type": "Merge Join",
                                                        "Parent Relationship": "Outer",
                                                        "Parallel Aware": false,
                                                        "Join Type": "Inner",
                                                        "Startup Cost": 20005247330.18,
                                                        "Total Cost": 20005424026.85,
                                                        "Plan Rows": 1156,
                                                        "Plan Width": 38,
                                                        "Actual Startup Time": 8068.632,
                                                        "Actual Total Time": 8606.074,
                                                        "Actual Rows": 1977,
                                                        "Actual Loops": 1,
                                                        "Output": [
                                                            "mi.info_type_id",
                                                            "mi_idx.info",
                                                            "mi_idx.info_type_id",
                                                            "mk.keyword_id",
                                                            "t.title",
                                                            "t.kind_id"
                                                        ],
                                                        "Inner Unique": false,
                                                        "Merge Cond": "(t.id = mi.movie_id)",
                                                        "Plans": [
                                                            {
                                                                "Node Type": "Gather Merge",
                                                                "Parent Relationship": "Outer",
                                                                "Parallel Aware": false,
                                                                "Startup Cost": 1000.49,
                                                                "Total Cost": 98722.58,
                                                                "Plan Rows": 185,
                                                                "Plan Width": 25,
                                                                "Actual Startup Time": 30.729,
                                                                "Actual Total Time": 31.683,
                                                                "Actual Rows": 784,
                                                                "Actual Loops": 1,
                                                                "Output": [
                                                                    "t.title",
                                                                    "t.kind_id",
                                                                    "t.id"
                                                                ],
                                                                "Workers Planned": 4,
                                                                "Workers Launched": 4,
                                                                "Plans": [
                                                                    {
                                                                        "Node Type": "Index Scan",
                                                                        "Parent Relationship": "Outer",
                                                                        "Parallel Aware": true,
                                                                        "Scan Direction": "Forward",
                                                                        "Index Name": "title_pkey",
                                                                        "Relation Name": "title",
                                                                        "Schema": "public",
                                                                        "Alias": "t",
                                                                        "Startup Cost": 0.43,
                                                                        "Total Cost": 97700.49,
                                                                        "Plan Rows": 46,
                                                                        "Plan Width": 25,
                                                                        "Actual Startup Time": 11.79,
                                                                        "Actual Total Time": 436.034,
                                                                        "Actual Rows": 157,
                                                                        "Actual Loops": 5,
                                                                        "Output": [
                                                                            "t.title",
                                                                            "t.kind_id",
                                                                            "t.id"
                                                                        ],
                                                                        "Filter": "((t.production_year > 2008) AND ((t.title ~~ '%murder%'::text) OR (t.title ~~ '%Murder%'::text) OR (t.title ~~ '%Mord%'::text)))",
                                                                        "Rows Removed by Filter": 505506,
                                                                        "Workers": [
                                                                            {
                                                                                "Worker Number": 0,
                                                                                "Actual Startup Time": 6.294,
                                                                                "Actual Total Time": 546.917,
                                                                                "Actual Rows": 165,
                                                                                "Actual Loops": 1
                                                                            },
                                                                            {
                                                                                "Worker Number": 1,
                                                                                "Actual Startup Time": 18.378,
                                                                                "Actual Total Time": 543.19,
                                                                                "Actual Rows": 244,
                                                                                "Actual Loops": 1
                                                                            },
                                                                            {
                                                                                "Worker Number": 2,
                                                                                "Actual Startup Time": 14.489,
                                                                                "Actual Total Time": 544.604,
                                                                                "Actual Rows": 177,
                                                                                "Actual Loops": 1
                                                                            },
                                                                            {
                                                                                "Worker Number": 3,
                                                                                "Actual Startup Time": 19.673,
                                                                                "Actual Total Time": 544.828,
                                                                                "Actual Rows": 197,
                                                                                "Actual Loops": 1
                                                                            }
                                                                        ]
                                                                    }
                                                                ]
                                                            },
                                                            {
                                                                "Node Type": "Sort",
                                                                "Parent Relationship": "Inner",
                                                                "Parallel Aware": false,
                                                                "Startup Cost": 20005246329.69,
                                                                "Total Cost": 20005285810.97,
                                                                "Plan Rows": 15792511,
                                                                "Plan Width": 29,
                                                                "Actual Startup Time": 8035.662,
                                                                "Actual Total Time": 8324.378,
                                                                "Actual Rows": 5076348,
                                                                "Actual Loops": 1,
                                                                "Output": [
                                                                    "mi.movie_id",
                                                                    "mi.info_type_id",
                                                                    "mi_idx.info",
                                                                    "mi_idx.movie_id",
                                                                    "mi_idx.info_type_id",
                                                                    "mk.movie_id",
                                                                    "mk.keyword_id"
                                                                ],
                                                                "Sort Key": [
                                                                    "mi.movie_id"
                                                                ],
                                                                "Sort Method": "quicksort",
                                                                "Sort Space Used": 593198,
                                                                "Sort Space Type": "Memory",
                                                                "Plans": [
                                                                    {
                                                                        "Node Type": "Gather",
                                                                        "Parent Relationship": "Outer",
                                                                        "Parallel Aware": false,
                                                                        "Startup Cost": 20001475397.31,
                                                                        "Total Cost": 20003358118.86,
                                                                        "Plan Rows": 15792511,
                                                                        "Plan Width": 29,
                                                                        "Actual Startup Time": 5461.415,
                                                                        "Actual Total Time": 7216.906,
                                                                        "Actual Rows": 5076348,
                                                                        "Actual Loops": 1,
                                                                        "Output": [
                                                                            "mi.movie_id",
                                                                            "mi.info_type_id",
                                                                            "mi_idx.info",
                                                                            "mi_idx.movie_id",
                                                                            "mi_idx.info_type_id",
                                                                            "mk.movie_id",
                                                                            "mk.keyword_id"
                                                                        ],
                                                                        "Workers Planned": 2,
                                                                        "Workers Launched": 2,
                                                                        "Single Copy": false,
                                                                        "Plans": [
                                                                            {
                                                                                "Node Type": "Hash Join",
                                                                                "Parent Relationship": "Outer",
                                                                                "Parallel Aware": true,
                                                                                "Join Type": "Inner",
                                                                                "Startup Cost": 20001474397.31,
                                                                                "Total Cost": 20001777867.76,
                                                                                "Plan Rows": 6580213,
                                                                                "Plan Width": 29,
                                                                                "Actual Startup Time": 5944.333,
                                                                                "Actual Total Time": 6352.046,
                                                                                "Actual Rows": 1692116,
                                                                                "Actual Loops": 3,
                                                                                "Output": [
                                                                                    "mi.movie_id",
                                                                                    "mi.info_type_id",
                                                                                    "mi_idx.info",
                                                                                    "mi_idx.movie_id",
                                                                                    "mi_idx.info_type_id",
                                                                                    "mk.movie_id",
                                                                                    "mk.keyword_id"
                                                                                ],
                                                                                "Inner Unique": false,
                                                                                "Hash Cond": "(mi.movie_id = mk.movie_id)",
                                                                                "Workers": [
                                                                                    {
                                                                                        "Worker Number": 0,
                                                                                        "Actual Startup Time": 6465.719,
                                                                                        "Actual Total Time": 6939.475,
                                                                                        "Actual Rows": 1294711,
                                                                                        "Actual Loops": 1
                                                                                    },
                                                                                    {
                                                                                        "Worker Number": 1,
                                                                                        "Actual Startup Time": 5906.649,
                                                                                        "Actual Total Time": 6197.937,
                                                                                        "Actual Rows": 1247494,
                                                                                        "Actual Loops": 1
                                                                                    }
                                                                                ],
                                                                                "Plans": [
                                                                                    {
                                                                                        "Node Type": "Merge Join",
                                                                                        "Parent Relationship": "Outer",
                                                                                        "Parallel Aware": false,
                                                                                        "Join Type": "Inner",
                                                                                        "Startup Cost": 10001417108.33,
                                                                                        "Total Cost": 10001432498.23,
                                                                                        "Plan Rows": 545993,
                                                                                        "Plan Width": 21,
                                                                                        "Actual Startup Time": 5314.73,
                                                                                        "Actual Total Time": 5493.231,
                                                                                        "Actual Rows": 122525,
                                                                                        "Actual Loops": 3,
                                                                                        "Output": [
                                                                                            "mi.movie_id",
                                                                                            "mi.info_type_id",
                                                                                            "mi_idx.info",
                                                                                            "mi_idx.movie_id",
                                                                                            "mi_idx.info_type_id"
                                                                                        ],
                                                                                        "Inner Unique": false,
                                                                                        "Merge Cond": "(mi_idx.movie_id = mi.movie_id)",
                                                                                        "Workers": [
                                                                                            {
                                                                                                "Worker Number": 0,
                                                                                                "Actual Startup Time": 5848.885,
                                                                                                "Actual Total Time": 6074.005,
                                                                                                "Actual Rows": 92607,
                                                                                                "Actual Loops": 1
                                                                                            },
                                                                                            {
                                                                                                "Worker Number": 1,
                                                                                                "Actual Startup Time": 5289.811,
                                                                                                "Actual Total Time": 5432.892,
                                                                                                "Actual Rows": 88671,
                                                                                                "Actual Loops": 1
                                                                                            }
                                                                                        ],
                                                                                        "Plans": [
                                                                                            {
                                                                                                "Node Type": "Sort",
                                                                                                "Parent Relationship": "Outer",
                                                                                                "Parallel Aware": false,
                                                                                                "Startup Cost": 10000027513.81,
                                                                                                "Total Cost": 10000027875.25,
                                                                                                "Plan Rows": 144575,
                                                                                                "Plan Width": 13,
                                                                                                "Actual Startup Time": 97.263,
                                                                                                "Actual Total Time": 103.665,
                                                                                                "Actual Rows": 116140,
                                                                                                "Actual Loops": 3,
                                                                                                "Output": [
                                                                                                    "mi_idx.info",
                                                                                                    "mi_idx.movie_id",
                                                                                                    "mi_idx.info_type_id"
                                                                                                ],
                                                                                                "Sort Key": [
                                                                                                    "mi_idx.movie_id"
                                                                                                ],
                                                                                                "Sort Method": "quicksort",
                                                                                                "Sort Space Used": 14554,
                                                                                                "Sort Space Type": "Memory",
                                                                                                "Workers": [
                                                                                                    {
                                                                                                        "Worker Number": 0,
                                                                                                        "Actual Startup Time": 96.448,
                                                                                                        "Actual Total Time": 102.848,
                                                                                                        "Actual Rows": 87526,
                                                                                                        "Actual Loops": 1
                                                                                                    },
                                                                                                    {
                                                                                                        "Worker Number": 1,
                                                                                                        "Actual Startup Time": 95.756,
                                                                                                        "Actual Total Time": 99.711,
                                                                                                        "Actual Rows": 82624,
                                                                                                        "Actual Loops": 1
                                                                                                    }
                                                                                                ],
                                                                                                "Plans": [
                                                                                                    {
                                                                                                        "Node Type": "Seq Scan",
                                                                                                        "Parent Relationship": "Outer",
                                                                                                        "Parallel Aware": true,
                                                                                                        "Relation Name": "movie_info_idx",
                                                                                                        "Schema": "public",
                                                                                                        "Alias": "mi_idx",
                                                                                                        "Startup Cost": 10000000000.0,
                                                                                                        "Total Cost": 10000015122.68,
                                                                                                        "Plan Rows": 144575,
                                                                                                        "Plan Width": 13,
                                                                                                        "Actual Startup Time": 0.032,
                                                                                                        "Actual Total Time": 66.55,
                                                                                                        "Actual Rows": 116140,
                                                                                                        "Actual Loops": 3,
                                                                                                        "Output": [
                                                                                                            "mi_idx.info",
                                                                                                            "mi_idx.movie_id",
                                                                                                            "mi_idx.info_type_id"
                                                                                                        ],
                                                                                                        "Filter": "(mi_idx.info > '6.2'::text)",
                                                                                                        "Rows Removed by Filter": 343872,
                                                                                                        "Workers": [
                                                                                                            {
                                                                                                                "Worker Number": 0,
                                                                                                                "Actual Startup Time": 0.04,
                                                                                                                "Actual Total Time": 65.392,
                                                                                                                "Actual Rows": 87526,
                                                                                                                "Actual Loops": 1
                                                                                                            },
                                                                                                            {
                                                                                                                "Worker Number": 1,
                                                                                                                "Actual Startup Time": 0.044,
                                                                                                                "Actual Total Time": 66.156,
                                                                                                                "Actual Rows": 82624,
                                                                                                                "Actual Loops": 1
                                                                                                            }
                                                                                                        ]
                                                                                                    }
                                                                                                ]
                                                                                            },
                                                                                            {
                                                                                                "Node Type": "Sort",
                                                                                                "Parent Relationship": "Inner",
                                                                                                "Parallel Aware": false,
                                                                                                "Startup Cost": 1389594.45,
                                                                                                "Total Cost": 1394200.3,
                                                                                                "Plan Rows": 1842342,
                                                                                                "Plan Width": 8,
                                                                                                "Actual Startup Time": 5217.424,
                                                                                                "Actual Total Time": 5281.807,
                                                                                                "Actual Rows": 1390792,
                                                                                                "Actual Loops": 3,
                                                                                                "Output": [
                                                                                                    "mi.movie_id",
                                                                                                    "mi.info_type_id"
                                                                                                ],
                                                                                                "Sort Key": [
                                                                                                    "mi.movie_id"
                                                                                                ],
                                                                                                "Sort Method": "quicksort",
                                                                                                "Sort Space Used": 113445,
                                                                                                "Sort Space Type": "Memory",
                                                                                                "Workers": [
                                                                                                    {
                                                                                                        "Worker Number": 0,
                                                                                                        "Actual Startup Time": 5752.376,
                                                                                                        "Actual Total Time": 5834.802,
                                                                                                        "Actual Rows": 1386152,
                                                                                                        "Actual Loops": 1
                                                                                                    },
                                                                                                    {
                                                                                                        "Worker Number": 1,
                                                                                                        "Actual Startup Time": 5193.998,
                                                                                                        "Actual Total Time": 5248.406,
                                                                                                        "Actual Rows": 1385513,
                                                                                                        "Actual Loops": 1
                                                                                                    }
                                                                                                ],
                                                                                                "Plans": [
                                                                                                    {
                                                                                                        "Node Type": "Index Scan",
                                                                                                        "Parent Relationship": "Outer",
                                                                                                        "Parallel Aware": false,
                                                                                                        "Scan Direction": "Forward",
                                                                                                        "Index Name": "info_type_id_movie_info",
                                                                                                        "Relation Name": "movie_info",
                                                                                                        "Schema": "public",
                                                                                                        "Alias": "mi",
                                                                                                        "Startup Cost": 0.43,
                                                                                                        "Total Cost": 1197870.12,
                                                                                                        "Plan Rows": 1842342,
                                                                                                        "Plan Width": 8,
                                                                                                        "Actual Startup Time": 1400.147,
                                                                                                        "Actual Total Time": 4889.155,
                                                                                                        "Actual Rows": 1371564,
                                                                                                        "Actual Loops": 3,
                                                                                                        "Output": [
                                                                                                            "mi.movie_id",
                                                                                                            "mi.info_type_id"
                                                                                                        ],
                                                                                                        "Filter": "(mi.info = ANY ('{English,Swedish,American,Bulgaria,USA,Denmark,Norway,America,Sweden,USA}'::text[]))",
                                                                                                        "Rows Removed by Filter": 13464156,
                                                                                                        "Workers": [
                                                                                                            {
                                                                                                                "Worker Number": 0,
                                                                                                                "Actual Startup Time": 1595.666,
                                                                                                                "Actual Total Time": 5362.499,
                                                                                                                "Actual Rows": 1371564,
                                                                                                                "Actual Loops": 1
                                                                                                            },
                                                                                                            {
                                                                                                                "Worker Number": 1,
                                                                                                                "Actual Startup Time": 1598.286,
                                                                                                                "Actual Total Time": 4860.87,
                                                                                                                "Actual Rows": 1371564,
                                                                                                                "Actual Loops": 1
                                                                                                            }
                                                                                                        ]
                                                                                                    }
                                                                                                ]
                                                                                            }
                                                                                        ]
                                                                                    },
                                                                                    {
                                                                                        "Node Type": "Hash",
                                                                                        "Parent Relationship": "Inner",
                                                                                        "Parallel Aware": true,
                                                                                        "Startup Cost": 10000039047.32,
                                                                                        "Total Cost": 10000039047.32,
                                                                                        "Plan Rows": 1459332,
                                                                                        "Plan Width": 8,
                                                                                        "Actual Startup Time": 604.825,
                                                                                        "Actual Total Time": 604.826,
                                                                                        "Actual Rows": 1507977,
                                                                                        "Actual Loops": 3,
                                                                                        "Output": [
                                                                                            "mk.movie_id",
                                                                                            "mk.keyword_id"
                                                                                        ],
                                                                                        "Hash Buckets": 8388608,
                                                                                        "Original Hash Buckets": 8388608,
                                                                                        "Hash Batches": 1,
                                                                                        "Original Hash Batches": 1,
                                                                                        "Peak Memory Usage": 242592,
                                                                                        "Workers": [
                                                                                            {
                                                                                                "Worker Number": 0,
                                                                                                "Actual Startup Time": 616.221,
                                                                                                "Actual Total Time": 616.222,
                                                                                                "Actual Rows": 1268915,
                                                                                                "Actual Loops": 1
                                                                                            },
                                                                                            {
                                                                                                "Worker Number": 1,
                                                                                                "Actual Startup Time": 616.286,
                                                                                                "Actual Total Time": 616.287,
                                                                                                "Actual Rows": 1196765,
                                                                                                "Actual Loops": 1
                                                                                            }
                                                                                        ],
                                                                                        "Plans": [
                                                                                            {
                                                                                                "Node Type": "Seq Scan",
                                                                                                "Parent Relationship": "Outer",
                                                                                                "Parallel Aware": true,
                                                                                                "Relation Name": "movie_keyword",
                                                                                                "Schema": "public",
                                                                                                "Alias": "mk",
                                                                                                "Startup Cost": 10000000000.0,
                                                                                                "Total Cost": 10000039047.32,
                                                                                                "Plan Rows": 1459332,
                                                                                                "Plan Width": 8,
                                                                                                "Actual Startup Time": 0.039,
                                                                                                "Actual Total Time": 203.474,
                                                                                                "Actual Rows": 1507977,
                                                                                                "Actual Loops": 3,
                                                                                                "Output": [
                                                                                                    "mk.movie_id",
                                                                                                    "mk.keyword_id"
                                                                                                ],
                                                                                                "Workers": [
                                                                                                    {
                                                                                                        "Worker Number": 0,
                                                                                                        "Actual Startup Time": 0.048,
                                                                                                        "Actual Total Time": 208.28,
                                                                                                        "Actual Rows": 1268915,
                                                                                                        "Actual Loops": 1
                                                                                                    },
                                                                                                    {
                                                                                                        "Worker Number": 1,
                                                                                                        "Actual Startup Time": 0.055,
                                                                                                        "Actual Total Time": 206.535,
                                                                                                        "Actual Rows": 1196765,
                                                                                                        "Actual Loops": 1
                                                                                                    }
                                                                                                ]
                                                                                            }
                                                                                        ]
                                                                                    }
                                                                                ]
                                                                            }
                                                                        ]
                                                                    }
                                                                ]
                                                            }
                                                        ]
                                                    }
                                                ]
                                            },
                                            {
                                                "Node Type": "Sort",
                                                "Parent Relationship": "Inner",
                                                "Parallel Aware": false,
                                                "Startup Cost": 10000000002.42,
                                                "Total Cost": 10000000002.43,
                                                "Plan Rows": 1,
                                                "Plan Width": 4,
                                                "Actual Startup Time": 0.043,
                                                "Actual Total Time": 0.108,
                                                "Actual Rows": 1,
                                                "Actual Loops": 1,
                                                "Output": [
                                                    "it2.id"
                                                ],
                                                "Sort Key": [
                                                    "it2.id"
                                                ],
                                                "Sort Method": "quicksort",
                                                "Sort Space Used": 25,
                                                "Sort Space Type": "Memory",
                                                "Plans": [
                                                    {
                                                        "Node Type": "Seq Scan",
                                                        "Parent Relationship": "Outer",
                                                        "Parallel Aware": false,
                                                        "Relation Name": "info_type",
                                                        "Schema": "public",
                                                        "Alias": "it2",
                                                        "Startup Cost": 10000000000.0,
                                                        "Total Cost": 10000000002.41,
                                                        "Plan Rows": 1,
                                                        "Plan Width": 4,
                                                        "Actual Startup Time": 0.029,
                                                        "Actual Total Time": 0.031,
                                                        "Actual Rows": 1,
                                                        "Actual Loops": 1,
                                                        "Output": [
                                                            "it2.id"
                                                        ],
                                                        "Filter": "((it2.info)::text = 'rating'::text)",
                                                        "Rows Removed by Filter": 112
                                                    }
                                                ]
                                            }
                                        ]
                                    },
                                    {
                                        "Node Type": "Hash",
                                        "Parent Relationship": "Inner",
                                        "Parallel Aware": false,
                                        "Startup Cost": 10000000014.12,
                                        "Total Cost": 10000000014.12,
                                        "Plan Rows": 1,
                                        "Plan Width": 4,
                                        "Actual Startup Time": 0.068,
                                        "Actual Total Time": 0.068,
                                        "Actual Rows": 1,
                                        "Actual Loops": 1,
                                        "Output": [
                                            "it1.id"
                                        ],
                                        "Hash Buckets": 1024,
                                        "Original Hash Buckets": 1024,
                                        "Hash Batches": 1,
                                        "Original Hash Batches": 1,
                                        "Peak Memory Usage": 9,
                                        "Plans": [
                                            {
                                                "Node Type": "Index Scan",
                                                "Parent Relationship": "Outer",
                                                "Parallel Aware": false,
                                                "Scan Direction": "Forward",
                                                "Index Name": "info_type_pkey",
                                                "Relation Name": "info_type",
                                                "Schema": "public",
                                                "Alias": "it1",
                                                "Startup Cost": 10000000000.14,
                                                "Total Cost": 10000000014.12,
                                                "Plan Rows": 1,
                                                "Plan Width": 4,
                                                "Actual Startup Time": 0.024,
                                                "Actual Total Time": 0.065,
                                                "Actual Rows": 1,
                                                "Actual Loops": 1,
                                                "Output": [
                                                    "it1.id"
                                                ],
                                                "Filter": "((it1.info)::text = 'countries'::text)",
                                                "Rows Removed by Filter": 112
                                            }
                                        ]
                                    }
                                ]
                            },
                            {
                                "Node Type": "Hash",
                                "Parent Relationship": "Inner",
                                "Parallel Aware": false,
                                "Startup Cost": 10000000001.09,
                                "Total Cost": 10000000001.09,
                                "Plan Rows": 1,
                                "Plan Width": 4,
                                "Actual Startup Time": 0.033,
                                "Actual Total Time": 0.033,
                                "Actual Rows": 1,
                                "Actual Loops": 1,
                                "Output": [
                                    "kt.id"
                                ],
                                "Hash Buckets": 1024,
                                "Original Hash Buckets": 1024,
                                "Hash Batches": 1,
                                "Original Hash Batches": 1,
                                "Peak Memory Usage": 9,
                                "Plans": [
                                    {
                                        "Node Type": "Seq Scan",
                                        "Parent Relationship": "Outer",
                                        "Parallel Aware": false,
                                        "Relation Name": "kind_type",
                                        "Schema": "public",
                                        "Alias": "kt",
                                        "Startup Cost": 10000000000.0,
                                        "Total Cost": 10000000001.09,
                                        "Plan Rows": 1,
                                        "Plan Width": 4,
                                        "Actual Startup Time": 0.025,
                                        "Actual Total Time": 0.026,
                                        "Actual Rows": 1,
                                        "Actual Loops": 1,
                                        "Output": [
                                            "kt.id"
                                        ],
                                        "Filter": "((kt.kind)::text = 'episode'::text)",
                                        "Rows Removed by Filter": 6
                                    }
                                ]
                            }
                        ]
                    },
                    {
                        "Node Type": "Bitmap Heap Scan",
                        "Parent Relationship": "Inner",
                        "Parallel Aware": false,
                        "Relation Name": "keyword",
                        "Schema": "public",
                        "Alias": "k",
                        "Startup Cost": 0.43,
                        "Total Cost": 4.44,
                        "Plan Rows": 1,
                        "Plan Width": 4,
                        "Actual Startup Time": 0.005,
                        "Actual Total Time": 0.005,
                        "Actual Rows": 0,
                        "Actual Loops": 273,
                        "Output": [
                            "k.id",
                            "k.keyword",
                            "k.phonetic_code"
                        ],
                        "Recheck Cond": "(k.id = mk.keyword_id)",
                        "Rows Removed by Index Recheck": 0,
                        "Filter": "(k.keyword = ANY ('{claw,present}'::text[]))",
                        "Rows Removed by Filter": 1,
                        "Exact Heap Blocks": 273,
                        "Lossy Heap Blocks": 0,
                        "Plans": [
                            {
                                "Node Type": "Bitmap Index Scan",
                                "Parent Relationship": "Outer",
                                "Parallel Aware": false,
                                "Index Name": "keyword_pkey",
                                "Startup Cost": 0.0,
                                "Total Cost": 0.43,
                                "Plan Rows": 1,
                                "Plan Width": 0,
                                "Actual Startup Time": 0.003,
                                "Actual Total Time": 0.003,
                                "Actual Rows": 1,
                                "Actual Loops": 273,
                                "Index Cond": "(k.id = mk.keyword_id)"
                            }
                        ]
                    }
                ]
            }
        ]
    },
    "Planning Time": 6.465,
    "Triggers": [],
    "Execution Time": 8609.345
}