[
  {
    "Plan": {
      "Node Type": "Aggregate",
      "Strategy": "Plain",
      "Partial Mode": "Finalize",
      "Parallel Aware": false,
      "Startup Cost": 33059.05,
      "Total Cost": 33059.06,
      "Plan Rows": 1,
      "Plan Width": 8,
      "Actual Startup Time": 97.246,
      "Actual Total Time": 104.56,
      "Actual Rows": 1,
      "Actual Loops": 1,
      "Plans": [
        {
          "Node Type": "Gather",
          "Parent Relationship": "Outer",
          "Parallel Aware": false,
          "Startup Cost": 33058.73,
          "Total Cost": 33059.04,
          "Plan Rows": 3,
          "Plan Width": 8,
          "Actual Startup Time": 97.115,
          "Actual Total Time": 104.55,
          "Actual Rows": 4,
          "Actual Loops": 1,
          "Workers Planned": 3,
          "Workers Launched": 3,
          "Single Copy": false,
          "Plans": [
            {
              "Node Type": "Aggregate",
              "Strategy": "Plain",
              "Partial Mode": "Partial",
              "Parent Relationship": "Outer",
              "Parallel Aware": false,
              "Startup Cost": 32058.73,
              "Total Cost": 32058.74,
              "Plan Rows": 1,
              "Plan Width": 8,
              "Actual Startup Time": 91.799,
              "Actual Total Time": 91.801,
              "Actual Rows": 1,
              "Actual Loops": 4,
              "Plans": [
                {
                  "Node Type": "Seq Scan",
                  "Parent Relationship": "Outer",
                  "Parallel Aware": true,
                  "Relation Name": "movie_companies",
                  "Alias": "mc",
                  "Startup Cost": 0.0,
                  "Total Cost": 31414.82,
                  "Plan Rows": 257564,
                  "Plan Width": 0,
                  "Actual Startup Time": 39.983,
                  "Actual Total Time": 79.577,
                  "Actual Rows": 252427,
                  "Actual Loops": 4,
                  "Filter": "((company_id > 6158) AND (company_type_id = 2))",
                  "Rows Removed by Filter": 399856
                }
              ]
            }
          ]
        }
      ]
    },
    "Planning Time": 0.089,
    "Triggers": [],
    "Execution Time": 104.594
  }
]