{
  "Plan": {
    "Node Type": "Aggregate",
    "Strategy": "Plain",
    "Partial Mode": "Finalize",
    "Parallel Aware": false,
    "Startup Cost": 101504.87,
    "Total Cost": 101504.88,
    "Plan Rows": 1,
    "Plan Width": 8,
    "Actual Startup Time": 387.153,
    "Actual Total Time": 397.508,
    "Actual Rows": 1,
    "Actual Loops": 1,
    "Plans": [
      {
        "Node Type": "Gather",
        "Parent Relationship": "Outer",
        "Parallel Aware": false,
        "Startup Cost": 101504.76,
        "Total Cost": 101504.87,
        "Plan Rows": 1,
        "Plan Width": 8,
        "Actual Startup Time": 385.796,
        "Actual Total Time": 397.498,
        "Actual Rows": 2,
        "Actual Loops": 1,
        "Workers Planned": 1,
        "Workers Launched": 1,
        "Single Copy": false,
        "Plans": [
          {
            "Node Type": "Aggregate",
            "Strategy": "Plain",
            "Partial Mode": "Partial",
            "Parent Relationship": "Outer",
            "Parallel Aware": false,
            "Startup Cost": 100504.76,
            "Total Cost": 100504.77,
            "Plan Rows": 1,
            "Plan Width": 8,
            "Actual Startup Time": 379.852,
            "Actual Total Time": 379.856,
            "Actual Rows": 1,
            "Actual Loops": 2,
            "Plans": [
              {
                "Node Type": "Hash Join",
                "Parent Relationship": "Outer",
                "Parallel Aware": true,
                "Join Type": "Inner",
                "Startup Cost": 57003.35,
                "Total Cost": 100265.45,
                "Plan Rows": 95723,
                "Plan Width": 0,
                "Actual Startup Time": 259.262,
                "Actual Total Time": 370.509,
                "Actual Rows": 223396,
                "Actual Loops": 2,
                "Inner Unique": true,
                "Hash Cond": "(mc.movie_id = t.id)",
                "Plans": [
                  {
                    "Node Type": "Seq Scan",
                    "Parent Relationship": "Outer",
                    "Parallel Aware": true,
                    "Relation Name": "movie_companies",
                    "Alias": "mc",
                    "Startup Cost": 0.0,
                    "Total Cost": 41811.73,
                    "Plan Rows": 552524,
                    "Plan Width": 4,
                    "Actual Startup Time": 48.676,
                    "Actual Total Time": 113.362,
                    "Actual Rows": 555584,
                    "Actual Loops": 2,
                    "Filter": "((company_id > 1475) AND (company_type_id > 1))",
                    "Rows Removed by Filter": 748980
                  },
                  {
                    "Node Type": "Hash",
                    "Parent Relationship": "Inner",
                    "Parallel Aware": true,
                    "Startup Cost": 53782.61,
                    "Total Cost": 53782.61,
                    "Plan Rows": 257659,
                    "Plan Width": 4,
                    "Actual Startup Time": 151.492,
                    "Actual Total Time": 151.493,
                    "Actual Rows": 236959,
                    "Actual Loops": 2,
                    "Hash Buckets": 524288,
                    "Original Hash Buckets": 524288,
                    "Hash Batches": 1,
                    "Original Hash Batches": 1,
                    "Peak Memory Usage": 22688,
                    "Plans": [
                      {
                        "Node Type": "Bitmap Heap Scan",
                        "Parent Relationship": "Outer",
                        "Parallel Aware": true,
                        "Relation Name": "title",
                        "Alias": "t",
                        "Startup Cost": 11932.35,
                        "Total Cost": 53782.61,
                        "Plan Rows": 257659,
                        "Plan Width": 4,
                        "Actual Startup Time": 35.94,
                        "Actual Total Time": 103.122,
                        "Actual Rows": 236959,
                        "Actual Loops": 2,
                        "Recheck Cond": "(kind_id = 1)",
                        "Rows Removed by Index Recheck": 0,
                        "Filter": "(production_year < 2008)",
                        "Rows Removed by Filter": 94454,
                        "Exact Heap Blocks": 7930,
                        "Lossy Heap Blocks": 0,
                        "Plans": [
                          {
                            "Node Type": "Bitmap Index Scan",
                            "Parent Relationship": "Outer",
                            "Parallel Aware": false,
                            "Index Name": "kind_id_title",
                            "Startup Cost": 0.0,
                            "Total Cost": 11822.85,
                            "Plan Rows": 663256,
                            "Plan Width": 0,
                            "Actual Startup Time": 34.521,
                            "Actual Total Time": 34.522,
                            "Actual Rows": 662825,
                            "Actual Loops": 1,
                            "Index Cond": "(kind_id = 1)"
                          }
                        ]
                      }
                    ]
                  }
                ]
              }
            ]
          }
        ]
      }
    ]
  },
  "Planning Time": 0.722,
  "Triggers": [],
  "Execution Time": 397.599
}