[
  {
    "Plan": {
      "Node Type": "Aggregate",
      "Strategy": "Plain",
      "Partial Mode": "Finalize",
      "Parallel Aware": false,
      "Startup Cost": 374750.33,
      "Total Cost": 374750.34,
      "Plan Rows": 1,
      "Plan Width": 8,
      "Actual Startup Time": 1376.363,
      "Actual Total Time": 1440.458,
      "Actual Rows": 1,
      "Actual Loops": 1,
      "Plans": [
        {
          "Node Type": "Gather",
          "Parent Relationship": "Outer",
          "Parallel Aware": false,
          "Startup Cost": 374749.71,
          "Total Cost": 374750.32,
          "Plan Rows": 6,
          "Plan Width": 8,
          "Actual Startup Time": 1375.336,
          "Actual Total Time": 1440.446,
          "Actual Rows": 7,
          "Actual Loops": 1,
          "Workers Planned": 6,
          "Workers Launched": 6,
          "Single Copy": false,
          "Plans": [
            {
              "Node Type": "Aggregate",
              "Strategy": "Plain",
              "Partial Mode": "Partial",
              "Parent Relationship": "Outer",
              "Parallel Aware": false,
              "Startup Cost": 373749.71,
              "Total Cost": 373749.72,
              "Plan Rows": 1,
              "Plan Width": 8,
              "Actual Startup Time": 1364.673,
              "Actual Total Time": 1364.675,
              "Actual Rows": 1,
              "Actual Loops": 7,
              "Plans": [
                {
                  "Node Type": "Hash Join",
                  "Parent Relationship": "Outer",
                  "Parallel Aware": true,
                  "Join Type": "Inner",
                  "Startup Cost": 44219.82,
                  "Total Cost": 373136.61,
                  "Plan Rows": 245237,
                  "Plan Width": 0,
                  "Actual Startup Time": 81.056,
                  "Actual Total Time": 1360.706,
                  "Actual Rows": 68409,
                  "Actual Loops": 7,
                  "Inner Unique": true,
                  "Hash Cond": "(ci.movie_id = t.id)",
                  "Plans": [
                    {
                      "Node Type": "Seq Scan",
                      "Parent Relationship": "Outer",
                      "Parallel Aware": true,
                      "Relation Name": "cast_info",
                      "Alias": "ci",
                      "Startup Cost": 0.0,
                      "Total Cost": 313067.02,
                      "Plan Rows": 6038002,
                      "Plan Width": 4,
                      "Actual Startup Time": 0.019,
                      "Actual Total Time": 542.842,
                      "Actual Rows": 5177763,
                      "Actual Loops": 7
                    },
                    {
                      "Node Type": "Hash",
                      "Parent Relationship": "Inner",
                      "Parallel Aware": true,
                      "Startup Cost": 43898.92,
                      "Total Cost": 43898.92,
                      "Plan Rows": 25672,
                      "Plan Width": 4,
                      "Actual Startup Time": 79.002,
                      "Actual Total Time": 79.003,
                      "Actual Rows": 14854,
                      "Actual Loops": 7,
                      "Hash Buckets": 131072,
                      "Original Hash Buckets": 131072,
                      "Hash Batches": 1,
                      "Original Hash Batches": 1,
                      "Peak Memory Usage": 5216,
                      "Plans": [
                        {
                          "Node Type": "Seq Scan",
                          "Parent Relationship": "Outer",
                          "Parallel Aware": true,
                          "Relation Name": "title",
                          "Alias": "t",
                          "Startup Cost": 0.0,
                          "Total Cost": 43898.92,
                          "Plan Rows": 25672,
                          "Plan Width": 4,
                          "Actual Startup Time": 47.763,
                          "Actual Total Time": 73.456,
                          "Actual Rows": 14854,
                          "Actual Loops": 7,
                          "Filter": "(production_year < 1926)",
                          "Rows Removed by Filter": 346333
                        }
                      ]
                    }
                  ]
                }
              ]
            }
          ]
        }
      ]
    },
    "Planning Time": 0.569,
    "Triggers": [],
    "Execution Time": 1440.54
  }
]