[
  {
    "Plan": {
      "Node Type": "Aggregate",
      "Strategy": "Plain",
      "Partial Mode": "Finalize",
      "Parallel Aware": false,
      "Startup Cost": 63922.23,
      "Total Cost": 63922.24,
      "Plan Rows": 1,
      "Plan Width": 8,
      "Actual Startup Time": 40.384,
      "Actual Total Time": 45.894,
      "Actual Rows": 1,
      "Actual Loops": 1,
      "Plans": [
        {
          "Node Type": "Gather",
          "Parent Relationship": "Outer",
          "Parallel Aware": false,
          "Startup Cost": 63921.91,
          "Total Cost": 63922.22,
          "Plan Rows": 3,
          "Plan Width": 8,
          "Actual Startup Time": 40.153,
          "Actual Total Time": 45.886,
          "Actual Rows": 4,
          "Actual Loops": 1,
          "Workers Planned": 3,
          "Workers Launched": 3,
          "Single Copy": false,
          "Plans": [
            {
              "Node Type": "Aggregate",
              "Strategy": "Plain",
              "Partial Mode": "Partial",
              "Parent Relationship": "Outer",
              "Parallel Aware": false,
              "Startup Cost": 62921.91,
              "Total Cost": 62921.92,
              "Plan Rows": 1,
              "Plan Width": 8,
              "Actual Startup Time": 31.197,
              "Actual Total Time": 31.198,
              "Actual Rows": 1,
              "Actual Loops": 4,
              "Plans": [
                {
                  "Node Type": "Nested Loop",
                  "Parent Relationship": "Outer",
                  "Parallel Aware": false,
                  "Join Type": "Inner",
                  "Startup Cost": 224.34,
                  "Total Cost": 62921.45,
                  "Plan Rows": 186,
                  "Plan Width": 0,
                  "Actual Startup Time": 2.087,
                  "Actual Total Time": 30.863,
                  "Actual Rows": 1780,
                  "Actual Loops": 4,
                  "Inner Unique": true,
                  "Plans": [
                    {
                      "Node Type": "Bitmap Heap Scan",
                      "Parent Relationship": "Outer",
                      "Parallel Aware": true,
                      "Relation Name": "movie_info",
                      "Alias": "mi",
                      "Startup Cost": 223.91,
                      "Total Cost": 38111.43,
                      "Plan Rows": 3974,
                      "Plan Width": 4,
                      "Actual Startup Time": 1.716,
                      "Actual Total Time": 6.457,
                      "Actual Rows": 2405,
                      "Actual Loops": 4,
                      "Recheck Cond": "(info_type_id = 96)",
                      "Rows Removed by Index Recheck": 0,
                      "Exact Heap Blocks": 1341,
                      "Lossy Heap Blocks": 0,
                      "Plans": [
                        {
                          "Node Type": "Bitmap Index Scan",
                          "Parent Relationship": "Outer",
                          "Parallel Aware": false,
                          "Index Name": "info_type_id_movie_info",
                          "Startup Cost": 0.0,
                          "Total Cost": 220.83,
                          "Plan Rows": 12320,
                          "Plan Width": 0,
                          "Actual Startup Time": 5.337,
                          "Actual Total Time": 5.338,
                          "Actual Rows": 9621,
                          "Actual Loops": 1,
                          "Index Cond": "(info_type_id = 96)"
                        }
                      ]
                    },
                    {
                      "Node Type": "Index Scan",
                      "Parent Relationship": "Inner",
                      "Parallel Aware": false,
                      "Scan Direction": "Forward",
                      "Index Name": "title_pkey",
                      "Relation Name": "title",
                      "Alias": "t",
                      "Startup Cost": 0.43,
                      "Total Cost": 6.24,
                      "Plan Rows": 1,
                      "Plan Width": 4,
                      "Actual Startup Time": 0.009,
                      "Actual Total Time": 0.009,
                      "Actual Rows": 1,
                      "Actual Loops": 9621,
                      "Index Cond": "(id = mi.movie_id)",
                      "Rows Removed by Index Recheck": 0,
                      "Filter": "((kind_id < 3) AND (production_year < 1973))",
                      "Rows Removed by Filter": 0
                    }
                  ]
                }
              ]
            }
          ]
        }
      ]
    },
    "Planning Time": 0.664,
    "Triggers": [],
    "Execution Time": 45.978
  }
]