{
  "Plan": {
    "Node Type": "Aggregate",
    "Strategy": "Plain",
    "Partial Mode": "Finalize",
    "Parallel Aware": false,
    "Startup Cost": 119423.28,
    "Total Cost": 119423.29,
    "Plan Rows": 1,
    "Plan Width": 8,
    "Actual Startup Time": 439.421,
    "Actual Total Time": 453.39,
    "Actual Rows": 1,
    "Actual Loops": 1,
    "Plans": [
      {
        "Node Type": "Gather",
        "Parent Relationship": "Outer",
        "Parallel Aware": false,
        "Startup Cost": 119423.17,
        "Total Cost": 119423.28,
        "Plan Rows": 1,
        "Plan Width": 8,
        "Actual Startup Time": 439.233,
        "Actual Total Time": 453.383,
        "Actual Rows": 2,
        "Actual Loops": 1,
        "Workers Planned": 1,
        "Workers Launched": 1,
        "Single Copy": false,
        "Plans": [
          {
            "Node Type": "Aggregate",
            "Strategy": "Plain",
            "Partial Mode": "Partial",
            "Parent Relationship": "Outer",
            "Parallel Aware": false,
            "Startup Cost": 118423.17,
            "Total Cost": 118423.18,
            "Plan Rows": 1,
            "Plan Width": 8,
            "Actual Startup Time": 433.71,
            "Actual Total Time": 433.713,
            "Actual Rows": 1,
            "Actual Loops": 2,
            "Plans": [
              {
                "Node Type": "Hash Join",
                "Parent Relationship": "Outer",
                "Parallel Aware": true,
                "Join Type": "Inner",
                "Startup Cost": 54730.29,
                "Total Cost": 118380.05,
                "Plan Rows": 17248,
                "Plan Width": 0,
                "Actual Startup Time": 133.883,
                "Actual Total Time": 432.807,
                "Actual Rows": 20782,
                "Actual Loops": 2,
                "Inner Unique": true,
                "Hash Cond": "(mk.movie_id = t.id)",
                "Plans": [
                  {
                    "Node Type": "Seq Scan",
                    "Parent Relationship": "Outer",
                    "Parallel Aware": true,
                    "Relation Name": "movie_keyword",
                    "Alias": "mk",
                    "Startup Cost": 0.0,
                    "Total Cost": 57718.19,
                    "Plan Rows": 2259640,
                    "Plan Width": 4,
                    "Actual Startup Time": 0.015,
                    "Actual Total Time": 189.299,
                    "Actual Rows": 1927653,
                    "Actual Loops": 2,
                    "Filter": "(keyword_id < 28022)",
                    "Rows Removed by Filter": 334312
                  },
                  {
                    "Node Type": "Hash",
                    "Parent Relationship": "Inner",
                    "Parallel Aware": true,
                    "Startup Cost": 54588.39,
                    "Total Cost": 54588.39,
                    "Plan Rows": 11352,
                    "Plan Width": 4,
                    "Actual Startup Time": 132.499,
                    "Actual Total Time": 132.5,
                    "Actual Rows": 9196,
                    "Actual Loops": 2,
                    "Hash Buckets": 32768,
                    "Original Hash Buckets": 32768,
                    "Hash Batches": 1,
                    "Original Hash Batches": 1,
                    "Peak Memory Usage": 1024,
                    "Plans": [
                      {
                        "Node Type": "Seq Scan",
                        "Parent Relationship": "Outer",
                        "Parallel Aware": true,
                        "Relation Name": "title",
                        "Alias": "t",
                        "Startup Cost": 0.0,
                        "Total Cost": 54588.39,
                        "Plan Rows": 11352,
                        "Plan Width": 4,
                        "Actual Startup Time": 0.177,
                        "Actual Total Time": 128.803,
                        "Actual Rows": 9196,
                        "Actual Loops": 2,
                        "Filter": "(production_year = 1985)",
                        "Rows Removed by Filter": 1254960
                      }
                    ]
                  }
                ]
              }
            ]
          }
        ]
      }
    ]
  },
  "Planning Time": 0.388,
  "Triggers": [],
  "Execution Time": 453.451
}