{
  "Plan": {
    "Node Type": "Aggregate",
    "Strategy": "Plain",
    "Partial Mode": "Finalize",
    "Parallel Aware": false,
    "Startup Cost": 318635.16,
    "Total Cost": 318635.17,
    "Plan Rows": 1,
    "Plan Width": 8,
    "Actual Startup Time": 1396.447,
    "Actual Total Time": 1426.739,
    "Actual Rows": 1,
    "Actual Loops": 1,
    "Plans": [
      {
        "Node Type": "Gather",
        "Parent Relationship": "Outer",
        "Parallel Aware": false,
        "Startup Cost": 318635.05,
        "Total Cost": 318635.16,
        "Plan Rows": 1,
        "Plan Width": 8,
        "Actual Startup Time": 1388.675,
        "Actual Total Time": 1426.731,
        "Actual Rows": 2,
        "Actual Loops": 1,
        "Workers Planned": 1,
        "Workers Launched": 1,
        "Single Copy": false,
        "Plans": [
          {
            "Node Type": "Aggregate",
            "Strategy": "Plain",
            "Partial Mode": "Partial",
            "Parent Relationship": "Outer",
            "Parallel Aware": false,
            "Startup Cost": 317635.05,
            "Total Cost": 317635.06,
            "Plan Rows": 1,
            "Plan Width": 8,
            "Actual Startup Time": 1379.746,
            "Actual Total Time": 1379.752,
            "Actual Rows": 1,
            "Actual Loops": 2,
            "Plans": [
              {
                "Node Type": "Hash Join",
                "Parent Relationship": "Outer",
                "Parallel Aware": true,
                "Join Type": "Inner",
                "Startup Cost": 273571.72,
                "Total Cost": 316690.7,
                "Plan Rows": 377739,
                "Plan Width": 0,
                "Actual Startup Time": 1045.146,
                "Actual Total Time": 1324.226,
                "Actual Rows": 1316978,
                "Actual Loops": 2,
                "Inner Unique": false,
                "Hash Cond": "(mc.movie_id = t.id)",
                "Plans": [
                  {
                    "Node Type": "Seq Scan",
                    "Parent Relationship": "Outer",
                    "Parallel Aware": true,
                    "Relation Name": "movie_companies",
                    "Alias": "mc",
                    "Startup Cost": 0.0,
                    "Total Cost": 37974.77,
                    "Plan Rows": 779260,
                    "Plan Width": 4,
                    "Actual Startup Time": 44.549,
                    "Actual Total Time": 109.15,
                    "Actual Rows": 667442,
                    "Actual Loops": 2,
                    "Filter": "(company_type_id = 2)",
                    "Rows Removed by Filter": 637123
                  },
                  {
                    "Node Type": "Hash",
                    "Parent Relationship": "Inner",
                    "Parallel Aware": true,
                    "Startup Cost": 264560.2,
                    "Total Cost": 264560.2,
                    "Plan Rows": 720921,
                    "Plan Width": 8,
                    "Actual Startup Time": 985.994,
                    "Actual Total Time": 985.998,
                    "Actual Rows": 590324,
                    "Actual Loops": 2,
                    "Hash Buckets": 2097152,
                    "Original Hash Buckets": 2097152,
                    "Hash Batches": 1,
                    "Original Hash Batches": 1,
                    "Peak Memory Usage": 62624,
                    "Plans": [
                      {
                        "Node Type": "Hash Join",
                        "Parent Relationship": "Outer",
                        "Parallel Aware": true,
                        "Join Type": "Inner",
                        "Startup Cost": 91663.27,
                        "Total Cost": 264560.2,
                        "Plan Rows": 720921,
                        "Plan Width": 8,
                        "Actual Startup Time": 565.158,
                        "Actual Total Time": 847.93,
                        "Actual Rows": 590324,
                        "Actual Loops": 2,
                        "Inner Unique": true,
                        "Hash Cond": "(mi.movie_id = t.id)",
                        "Plans": [
                          {
                            "Node Type": "Bitmap Heap Scan",
                            "Parent Relationship": "Outer",
                            "Parallel Aware": true,
                            "Relation Name": "movie_info",
                            "Alias": "mi",
                            "Startup Cost": 22202.57,
                            "Total Cost": 193207.09,
                            "Plan Rows": 720921,
                            "Plan Width": 4,
                            "Actual Startup Time": 41.862,
                            "Actual Total Time": 135.744,
                            "Actual Rows": 590324,
                            "Actual Loops": 2,
                            "Recheck Cond": "(info_type_id > 42)",
                            "Rows Removed by Index Recheck": 0,
                            "Exact Heap Blocks": 18553,
                            "Lossy Heap Blocks": 0,
                            "Plans": [
                              {
                                "Node Type": "Bitmap Index Scan",
                                "Parent Relationship": "Outer",
                                "Parallel Aware": false,
                                "Index Name": "info_type_id_movie_info",
                                "Startup Cost": 0.0,
                                "Total Cost": 21896.18,
                                "Plan Rows": 1225566,
                                "Plan Width": 0,
                                "Actual Startup Time": 36.284,
                                "Actual Total Time": 36.285,
                                "Actual Rows": 1180649,
                                "Actual Loops": 1,
                                "Index Cond": "(info_type_id > 42)"
                              }
                            ]
                          },
                          {
                            "Node Type": "Hash",
                            "Parent Relationship": "Inner",
                            "Parallel Aware": true,
                            "Startup Cost": 50870.31,
                            "Total Cost": 50870.31,
                            "Plan Rows": 1487231,
                            "Plan Width": 4,
                            "Actual Startup Time": 509.371,
                            "Actual Total Time": 509.372,
                            "Actual Rows": 1264156,
                            "Actual Loops": 2,
                            "Hash Buckets": 4194304,
                            "Original Hash Buckets": 4194304,
                            "Hash Batches": 1,
                            "Original Hash Batches": 1,
                            "Peak Memory Usage": 131712,
                            "Plans": [
                              {
                                "Node Type": "Seq Scan",
                                "Parent Relationship": "Outer",
                                "Parallel Aware": true,
                                "Relation Name": "title",
                                "Alias": "t",
                                "Startup Cost": 0.0,
                                "Total Cost": 50870.31,
                                "Plan Rows": 1487231,
                                "Plan Width": 4,
                                "Actual Startup Time": 0.028,
                                "Actual Total Time": 152.772,
                                "Actual Rows": 1264156,
                                "Actual Loops": 2
                              }
                            ]
                          }
                        ]
                      }
                    ]
                  }
                ]
              }
            ]
          }
        ]
      }
    ]
  },
  "Planning Time": 0.648,
  "Triggers": [],
  "Execution Time": 1426.844
}