[
  {
    "Plan": {
      "Node Type": "Aggregate",
      "Strategy": "Plain",
      "Partial Mode": "Finalize",
      "Parallel Aware": false,
      "Startup Cost": 35030.15,
      "Total Cost": 35030.16,
      "Plan Rows": 1,
      "Plan Width": 8,
      "Actual Startup Time": 96.705,
      "Actual Total Time": 104.17,
      "Actual Rows": 1,
      "Actual Loops": 1,
      "Plans": [
        {
          "Node Type": "Gather",
          "Parent Relationship": "Outer",
          "Parallel Aware": false,
          "Startup Cost": 35029.83,
          "Total Cost": 35030.14,
          "Plan Rows": 3,
          "Plan Width": 8,
          "Actual Startup Time": 96.372,
          "Actual Total Time": 104.164,
          "Actual Rows": 4,
          "Actual Loops": 1,
          "Workers Planned": 3,
          "Workers Launched": 3,
          "Single Copy": false,
          "Plans": [
            {
              "Node Type": "Aggregate",
              "Strategy": "Plain",
              "Partial Mode": "Partial",
              "Parent Relationship": "Outer",
              "Parallel Aware": false,
              "Startup Cost": 34029.83,
              "Total Cost": 34029.84,
              "Plan Rows": 1,
              "Plan Width": 8,
              "Actual Startup Time": 90.977,
              "Actual Total Time": 90.978,
              "Actual Rows": 1,
              "Actual Loops": 4,
              "Plans": [
                {
                  "Node Type": "Bitmap Heap Scan",
                  "Parent Relationship": "Outer",
                  "Parallel Aware": true,
                  "Relation Name": "movie_keyword",
                  "Alias": "mk",
                  "Startup Cost": 7797.2,
                  "Total Cost": 33733.39,
                  "Plan Rows": 118575,
                  "Plan Width": 0,
                  "Actual Startup Time": 23.961,
                  "Actual Total Time": 85.703,
                  "Actual Rows": 92007,
                  "Actual Loops": 4,
                  "Recheck Cond": "(keyword_id > 45822)",
                  "Rows Removed by Index Recheck": 0,
                  "Exact Heap Blocks": 9320,
                  "Lossy Heap Blocks": 0,
                  "Plans": [
                    {
                      "Node Type": "Bitmap Index Scan",
                      "Parent Relationship": "Outer",
                      "Parallel Aware": false,
                      "Index Name": "keyword_id_movie_keyword",
                      "Startup Cost": 0.0,
                      "Total Cost": 7705.3,
                      "Plan Rows": 367583,
                      "Plan Width": 0,
                      "Actual Startup Time": 25.701,
                      "Actual Total Time": 25.701,
                      "Actual Rows": 368028,
                      "Actual Loops": 1,
                      "Index Cond": "(keyword_id > 45822)"
                    }
                  ]
                }
              ]
            }
          ]
        }
      ]
    },
    "Planning Time": 0.078,
    "Triggers": [],
    "Execution Time": 104.205
  }
]