[
  {
    "Plan": {
      "Node Type": "Aggregate",
      "Strategy": "Plain",
      "Partial Mode": "Finalize",
      "Parallel Aware": false,
      "Startup Cost": 340885.26,
      "Total Cost": 340885.27,
      "Plan Rows": 1,
      "Plan Width": 8,
      "Actual Startup Time": 800.741,
      "Actual Total Time": 845.961,
      "Actual Rows": 1,
      "Actual Loops": 1,
      "Plans": [
        {
          "Node Type": "Gather",
          "Parent Relationship": "Outer",
          "Parallel Aware": false,
          "Startup Cost": 340884.64,
          "Total Cost": 340885.25,
          "Plan Rows": 6,
          "Plan Width": 8,
          "Actual Startup Time": 800.559,
          "Actual Total Time": 845.947,
          "Actual Rows": 7,
          "Actual Loops": 1,
          "Workers Planned": 6,
          "Workers Launched": 6,
          "Single Copy": false,
          "Plans": [
            {
              "Node Type": "Aggregate",
              "Strategy": "Plain",
              "Partial Mode": "Partial",
              "Parent Relationship": "Outer",
              "Parallel Aware": false,
              "Startup Cost": 339884.64,
              "Total Cost": 339884.65,
              "Plan Rows": 1,
              "Plan Width": 8,
              "Actual Startup Time": 794.442,
              "Actual Total Time": 794.443,
              "Actual Rows": 1,
              "Actual Loops": 7,
              "Plans": [
                {
                  "Node Type": "Seq Scan",
                  "Parent Relationship": "Outer",
                  "Parallel Aware": true,
                  "Relation Name": "cast_info",
                  "Alias": "ci",
                  "Startup Cost": 0.0,
                  "Total Cost": 328211.39,
                  "Plan Rows": 4669298,
                  "Plan Width": 0,
                  "Actual Startup Time": 0.037,
                  "Actual Total Time": 610.096,
                  "Actual Rows": 4007164,
                  "Actual Loops": 7,
                  "Filter": "(person_id < 2862741)",
                  "Rows Removed by Filter": 1170600
                }
              ]
            }
          ]
        }
      ]
    },
    "Planning Time": 0.206,
    "Triggers": [],
    "Execution Time": 846.032
  }
]