[
    {
        "Bao": {
            "Bao prediction": "NaN",
            "Bao recommended hint": "(no hint)"
        }
    },
    {
        "Plan": {
            "Node Type": "Aggregate",
            "Strategy": "Plain",
            "Partial Mode": "Finalize",
            "Parallel Aware": false,
            "Startup Cost": 33294.99,
            "Total Cost": 33295.0,
            "Plan Rows": 1,
            "Plan Width": 8,
            "Actual Startup Time": 109.125,
            "Actual Total Time": 115.18,
            "Actual Rows": 1,
            "Actual Loops": 1,
            "Output": [
                "count(*)"
            ],
            "Plans": [
                {
                    "Node Type": "Gather",
                    "Parent Relationship": "Outer",
                    "Parallel Aware": false,
                    "Startup Cost": 33294.67,
                    "Total Cost": 33294.98,
                    "Plan Rows": 3,
                    "Plan Width": 8,
                    "Actual Startup Time": 109.006,
                    "Actual Total Time": 115.174,
                    "Actual Rows": 4,
                    "Actual Loops": 1,
                    "Output": [
                        "(PARTIAL count(*))"
                    ],
                    "Workers Planned": 3,
                    "Workers Launched": 3,
                    "Single Copy": false,
                    "Plans": [
                        {
                            "Node Type": "Aggregate",
                            "Strategy": "Plain",
                            "Partial Mode": "Partial",
                            "Parent Relationship": "Outer",
                            "Parallel Aware": false,
                            "Startup Cost": 32294.67,
                            "Total Cost": 32294.68,
                            "Plan Rows": 1,
                            "Plan Width": 8,
                            "Actual Startup Time": 100.889,
                            "Actual Total Time": 100.89,
                            "Actual Rows": 1,
                            "Actual Loops": 4,
                            "Output": [
                                "PARTIAL count(*)"
                            ],
                            "Workers": [
                                {
                                    "Worker Number": 0,
                                    "Actual Startup Time": 98.001,
                                    "Actual Total Time": 98.003,
                                    "Actual Rows": 1,
                                    "Actual Loops": 1
                                },
                                {
                                    "Worker Number": 1,
                                    "Actual Startup Time": 98.266,
                                    "Actual Total Time": 98.267,
                                    "Actual Rows": 1,
                                    "Actual Loops": 1
                                },
                                {
                                    "Worker Number": 2,
                                    "Actual Startup Time": 98.57,
                                    "Actual Total Time": 98.571,
                                    "Actual Rows": 1,
                                    "Actual Loops": 1
                                }
                            ],
                            "Plans": [
                                {
                                    "Node Type": "Seq Scan",
                                    "Parent Relationship": "Outer",
                                    "Parallel Aware": true,
                                    "Relation Name": "movie_companies",
                                    "Schema": "public",
                                    "Alias": "mc",
                                    "Startup Cost": 0.0,
                                    "Total Cost": 31414.82,
                                    "Plan Rows": 351942,
                                    "Plan Width": 0,
                                    "Actual Startup Time": 44.553,
                                    "Actual Total Time": 88.817,
                                    "Actual Rows": 215586,
                                    "Actual Loops": 4,
                                    "Output": [
                                        "id",
                                        "movie_id",
                                        "company_id",
                                        "company_type_id",
                                        "note"
                                    ],
                                    "Filter": "((mc.company_id < 75810) AND (mc.company_type_id = 2))",
                                    "Rows Removed by Filter": 436697,
                                    "Workers": [
                                        {
                                            "Worker Number": 0,
                                            "Actual Startup Time": 41.678,
                                            "Actual Total Time": 86.331,
                                            "Actual Rows": 176427,
                                            "Actual Loops": 1
                                        },
                                        {
                                            "Worker Number": 1,
                                            "Actual Startup Time": 41.912,
                                            "Actual Total Time": 86.537,
                                            "Actual Rows": 176922,
                                            "Actual Loops": 1
                                        },
                                        {
                                            "Worker Number": 2,
                                            "Actual Startup Time": 42.235,
                                            "Actual Total Time": 86.862,
                                            "Actual Rows": 177385,
                                            "Actual Loops": 1
                                        }
                                    ]
                                }
                            ]
                        }
                    ]
                }
            ]
        },
        "Planning Time": 233.0,
        "Triggers": [],
        "Execution Time": 115.229
    }
]