[
  {
    "Plan": {
      "Node Type": "Aggregate",
      "Strategy": "Plain",
      "Partial Mode": "Finalize",
      "Parallel Aware": false,
      "Startup Cost": 471897.27,
      "Total Cost": 471897.28,
      "Plan Rows": 1,
      "Plan Width": 8,
      "Actual Startup Time": 2486.121,
      "Actual Total Time": 2556.728,
      "Actual Rows": 1,
      "Actual Loops": 1,
      "Plans": [
        {
          "Node Type": "Gather",
          "Parent Relationship": "Outer",
          "Parallel Aware": false,
          "Startup Cost": 471896.64,
          "Total Cost": 471897.25,
          "Plan Rows": 6,
          "Plan Width": 8,
          "Actual Startup Time": 2471.251,
          "Actual Total Time": 2556.709,
          "Actual Rows": 7,
          "Actual Loops": 1,
          "Workers Planned": 6,
          "Workers Launched": 6,
          "Single Copy": false,
          "Plans": [
            {
              "Node Type": "Aggregate",
              "Strategy": "Plain",
              "Partial Mode": "Partial",
              "Parent Relationship": "Outer",
              "Parallel Aware": false,
              "Startup Cost": 470896.64,
              "Total Cost": 470896.65,
              "Plan Rows": 1,
              "Plan Width": 8,
              "Actual Startup Time": 2447.254,
              "Actual Total Time": 2447.798,
              "Actual Rows": 1,
              "Actual Loops": 7,
              "Plans": [
                {
                  "Node Type": "Hash Join",
                  "Parent Relationship": "Outer",
                  "Parallel Aware": true,
                  "Join Type": "Inner",
                  "Startup Cost": 104895.56,
                  "Total Cost": 457694.46,
                  "Plan Rows": 5280873,
                  "Plan Width": 0,
                  "Actual Startup Time": 427.008,
                  "Actual Total Time": 2302.932,
                  "Actual Rows": 3006228,
                  "Actual Loops": 7,
                  "Inner Unique": false,
                  "Hash Cond": "(ci.movie_id = t.id)",
                  "Plans": [
                    {
                      "Node Type": "Seq Scan",
                      "Parent Relationship": "Outer",
                      "Parallel Aware": true,
                      "Relation Name": "cast_info",
                      "Alias": "ci",
                      "Startup Cost": 0.0,
                      "Total Cost": 313106.51,
                      "Plan Rows": 6041951,
                      "Plan Width": 4,
                      "Actual Startup Time": 0.037,
                      "Actual Total Time": 592.122,
                      "Actual Rows": 5177763,
                      "Actual Loops": 7
                    },
                    {
                      "Node Type": "Hash",
                      "Parent Relationship": "Inner",
                      "Parallel Aware": true,
                      "Startup Cost": 95984.56,
                      "Total Cost": 95984.56,
                      "Plan Rows": 712880,
                      "Plan Width": 8,
                      "Actual Startup Time": 419.133,
                      "Actual Total Time": 419.675,
                      "Actual Rows": 84212,
                      "Actual Loops": 7,
                      "Hash Buckets": 4194304,
                      "Original Hash Buckets": 4194304,
                      "Hash Batches": 1,
                      "Original Hash Batches": 1,
                      "Peak Memory Usage": 55904,
                      "Plans": [
                        {
                          "Node Type": "Hash Join",
                          "Parent Relationship": "Outer",
                          "Parallel Aware": true,
                          "Join Type": "Inner",
                          "Startup Cost": 50062.86,
                          "Total Cost": 95984.56,
                          "Plan Rows": 712880,
                          "Plan Width": 8,
                          "Actual Startup Time": 216.304,
                          "Actual Total Time": 372.589,
                          "Actual Rows": 84212,
                          "Actual Loops": 7,
                          "Inner Unique": true,
                          "Hash Cond": "(mk.movie_id = t.id)",
                          "Plans": [
                            {
                              "Node Type": "Seq Scan",
                              "Parent Relationship": "Outer",
                              "Parallel Aware": true,
                              "Relation Name": "movie_keyword",
                              "Alias": "mk",
                              "Startup Cost": 0.0,
                              "Total Cost": 42695.65,
                              "Plan Rows": 1228969,
                              "Plan Width": 4,
                              "Actual Startup Time": 0.048,
                              "Actual Total Time": 81.126,
                              "Actual Rows": 544562,
                              "Actual Loops": 7,
                              "Filter": "(keyword_id < 26533)",
                              "Rows Removed by Filter": 101713
                            },
                            {
                              "Node Type": "Hash",
                              "Parent Relationship": "Inner",
                              "Parallel Aware": true,
                              "Startup Cost": 45479.59,
                              "Total Cost": 45479.59,
                              "Plan Rows": 366662,
                              "Plan Width": 4,
                              "Actual Startup Time": 213.314,
                              "Actual Total Time": 213.315,
                              "Actual Rows": 212982,
                              "Actual Loops": 7,
                              "Hash Buckets": 2097152,
                              "Original Hash Buckets": 2097152,
                              "Hash Batches": 1,
                              "Original Hash Batches": 1,
                              "Peak Memory Usage": 74848,
                              "Plans": [
                                {
                                  "Node Type": "Seq Scan",
                                  "Parent Relationship": "Outer",
                                  "Parallel Aware": true,
                                  "Relation Name": "title",
                                  "Alias": "t",
                                  "Startup Cost": 0.0,
                                  "Total Cost": 45479.59,
                                  "Plan Rows": 366662,
                                  "Plan Width": 4,
                                  "Actual Startup Time": 0.075,
                                  "Actual Total Time": 90.116,
                                  "Actual Rows": 212982,
                                  "Actual Loops": 7,
                                  "Filter": "((kind_id > 4) AND (production_year > 1916))",
                                  "Rows Removed by Filter": 148206
                                }
                              ]
                            }
                          ]
                        }
                      ]
                    }
                  ]
                }
              ]
            }
          ]
        }
      ]
    },
    "Planning Time": 1.329,
    "Triggers": [],
    "Execution Time": 2556.824
  }
]