[
    {
        "Bao": {
            "Bao prediction": "NaN",
            "Bao recommended hint": "(no hint)"
        }
    },
    {
        "Plan": {
            "Node Type": "Aggregate",
            "Strategy": "Plain",
            "Partial Mode": "Finalize",
            "Parallel Aware": false,
            "Startup Cost": 32970.22,
            "Total Cost": 32970.23,
            "Plan Rows": 1,
            "Plan Width": 8,
            "Actual Startup Time": 91.374,
            "Actual Total Time": 97.195,
            "Actual Rows": 1,
            "Actual Loops": 1,
            "Output": [
                "count(*)"
            ],
            "Plans": [
                {
                    "Node Type": "Gather",
                    "Parent Relationship": "Outer",
                    "Parallel Aware": false,
                    "Startup Cost": 32969.9,
                    "Total Cost": 32970.21,
                    "Plan Rows": 3,
                    "Plan Width": 8,
                    "Actual Startup Time": 91.311,
                    "Actual Total Time": 97.187,
                    "Actual Rows": 4,
                    "Actual Loops": 1,
                    "Output": [
                        "(PARTIAL count(*))"
                    ],
                    "Workers Planned": 3,
                    "Workers Launched": 3,
                    "Single Copy": false,
                    "Plans": [
                        {
                            "Node Type": "Aggregate",
                            "Strategy": "Plain",
                            "Partial Mode": "Partial",
                            "Parent Relationship": "Outer",
                            "Parallel Aware": false,
                            "Startup Cost": 31969.9,
                            "Total Cost": 31969.91,
                            "Plan Rows": 1,
                            "Plan Width": 8,
                            "Actual Startup Time": 83.106,
                            "Actual Total Time": 83.107,
                            "Actual Rows": 1,
                            "Actual Loops": 4,
                            "Output": [
                                "PARTIAL count(*)"
                            ],
                            "Workers": [
                                {
                                    "Worker Number": 0,
                                    "Actual Startup Time": 80.094,
                                    "Actual Total Time": 80.094,
                                    "Actual Rows": 1,
                                    "Actual Loops": 1
                                },
                                {
                                    "Worker Number": 1,
                                    "Actual Startup Time": 80.701,
                                    "Actual Total Time": 80.702,
                                    "Actual Rows": 1,
                                    "Actual Loops": 1
                                },
                                {
                                    "Worker Number": 2,
                                    "Actual Startup Time": 80.932,
                                    "Actual Total Time": 80.933,
                                    "Actual Rows": 1,
                                    "Actual Loops": 1
                                }
                            ],
                            "Plans": [
                                {
                                    "Node Type": "Seq Scan",
                                    "Parent Relationship": "Outer",
                                    "Parallel Aware": true,
                                    "Relation Name": "movie_companies",
                                    "Schema": "public",
                                    "Alias": "mc",
                                    "Startup Cost": 0.0,
                                    "Total Cost": 31414.82,
                                    "Plan Rows": 222033,
                                    "Plan Width": 0,
                                    "Actual Startup Time": 40.87,
                                    "Actual Total Time": 73.681,
                                    "Actual Rows": 231944,
                                    "Actual Loops": 4,
                                    "Output": [
                                        "id",
                                        "movie_id",
                                        "company_id",
                                        "company_type_id",
                                        "note"
                                    ],
                                    "Filter": "((mc.company_id > 11149) AND (mc.company_type_id = 2))",
                                    "Rows Removed by Filter": 420338,
                                    "Workers": [
                                        {
                                            "Worker Number": 0,
                                            "Actual Startup Time": 37.86,
                                            "Actual Total Time": 70.923,
                                            "Actual Rows": 222293,
                                            "Actual Loops": 1
                                        },
                                        {
                                            "Worker Number": 1,
                                            "Actual Startup Time": 38.467,
                                            "Actual Total Time": 71.708,
                                            "Actual Rows": 221501,
                                            "Actual Loops": 1
                                        },
                                        {
                                            "Worker Number": 2,
                                            "Actual Startup Time": 38.698,
                                            "Actual Total Time": 71.942,
                                            "Actual Rows": 221947,
                                            "Actual Loops": 1
                                        }
                                    ]
                                }
                            ]
                        }
                    ]
                }
            ]
        },
        "Planning Time": 176.733,
        "Triggers": [],
        "Execution Time": 97.285
    }
]