[
  {
    "Plan": {
      "Node Type": "Aggregate",
      "Strategy": "Plain",
      "Partial Mode": "Finalize",
      "Parallel Aware": false,
      "Startup Cost": 80582.16,
      "Total Cost": 80582.17,
      "Plan Rows": 1,
      "Plan Width": 8,
      "Actual Startup Time": 322.741,
      "Actual Total Time": 340.147,
      "Actual Rows": 1,
      "Actual Loops": 1,
      "Plans": [
        {
          "Node Type": "Gather",
          "Parent Relationship": "Outer",
          "Parallel Aware": false,
          "Startup Cost": 80581.84,
          "Total Cost": 80582.15,
          "Plan Rows": 3,
          "Plan Width": 8,
          "Actual Startup Time": 319.44,
          "Actual Total Time": 340.138,
          "Actual Rows": 4,
          "Actual Loops": 1,
          "Workers Planned": 3,
          "Workers Launched": 3,
          "Single Copy": false,
          "Plans": [
            {
              "Node Type": "Aggregate",
              "Strategy": "Plain",
              "Partial Mode": "Partial",
              "Parent Relationship": "Outer",
              "Parallel Aware": false,
              "Startup Cost": 79581.84,
              "Total Cost": 79581.85,
              "Plan Rows": 1,
              "Plan Width": 8,
              "Actual Startup Time": 309.486,
              "Actual Total Time": 309.491,
              "Actual Rows": 1,
              "Actual Loops": 4,
              "Plans": [
                {
                  "Node Type": "Hash Join",
                  "Parent Relationship": "Outer",
                  "Parallel Aware": true,
                  "Join Type": "Inner",
                  "Startup Cost": 53354.73,
                  "Total Cost": 79508.48,
                  "Plan Rows": 29343,
                  "Plan Width": 0,
                  "Actual Startup Time": 235.205,
                  "Actual Total Time": 306.008,
                  "Actual Rows": 63022,
                  "Actual Loops": 4,
                  "Inner Unique": true,
                  "Hash Cond": "(mk.movie_id = t.id)",
                  "Plans": [
                    {
                      "Node Type": "Bitmap Heap Scan",
                      "Parent Relationship": "Outer",
                      "Parallel Aware": true,
                      "Relation Name": "movie_keyword",
                      "Alias": "mk",
                      "Startup Cost": 7392.37,
                      "Total Cost": 33251.12,
                      "Plan Rows": 112380,
                      "Plan Width": 4,
                      "Actual Startup Time": 38.426,
                      "Actual Total Time": 94.055,
                      "Actual Rows": 86882,
                      "Actual Loops": 4,
                      "Recheck Cond": "(keyword_id > 47885)",
                      "Rows Removed by Index Recheck": 0,
                      "Exact Heap Blocks": 8531,
                      "Lossy Heap Blocks": 0,
                      "Plans": [
                        {
                          "Node Type": "Bitmap Index Scan",
                          "Parent Relationship": "Outer",
                          "Parallel Aware": false,
                          "Index Name": "keyword_id_movie_keyword",
                          "Startup Cost": 0.0,
                          "Total Cost": 7305.27,
                          "Plan Rows": 348379,
                          "Plan Width": 0,
                          "Actual Startup Time": 35.154,
                          "Actual Total Time": 35.155,
                          "Actual Rows": 347526,
                          "Actual Loops": 1,
                          "Index Cond": "(keyword_id > 47885)"
                        }
                      ]
                    },
                    {
                      "Node Type": "Hash",
                      "Parent Relationship": "Inner",
                      "Parallel Aware": true,
                      "Startup Cost": 43899.32,
                      "Total Cost": 43899.32,
                      "Plan Rows": 165043,
                      "Plan Width": 4,
                      "Actual Startup Time": 178.206,
                      "Actual Total Time": 178.208,
                      "Actual Rows": 165706,
                      "Actual Loops": 4,
                      "Hash Buckets": 1048576,
                      "Original Hash Buckets": 1048576,
                      "Hash Batches": 1,
                      "Original Hash Batches": 1,
                      "Peak Memory Usage": 34176,
                      "Plans": [
                        {
                          "Node Type": "Seq Scan",
                          "Parent Relationship": "Outer",
                          "Parallel Aware": true,
                          "Relation Name": "title",
                          "Alias": "t",
                          "Startup Cost": 0.0,
                          "Total Cost": 43899.32,
                          "Plan Rows": 165043,
                          "Plan Width": 4,
                          "Actual Startup Time": 52.737,
                          "Actual Total Time": 115.593,
                          "Actual Rows": 165706,
                          "Actual Loops": 4,
                          "Filter": "(kind_id = 1)",
                          "Rows Removed by Filter": 466372
                        }
                      ]
                    }
                  ]
                }
              ]
            }
          ]
        }
      ]
    },
    "Planning Time": 0.557,
    "Triggers": [],
    "Execution Time": 340.239
  }
]