{
  "Plan": {
    "Node Type": "Aggregate",
    "Strategy": "Plain",
    "Partial Mode": "Finalize",
    "Parallel Aware": false,
    "Startup Cost": 434848.68,
    "Total Cost": 434848.69,
    "Plan Rows": 1,
    "Plan Width": 8,
    "Actual Startup Time": 6844.693,
    "Actual Total Time": 6900.618,
    "Actual Rows": 1,
    "Actual Loops": 1,
    "Plans": [
      {
        "Node Type": "Gather",
        "Parent Relationship": "Outer",
        "Parallel Aware": false,
        "Startup Cost": 434848.57,
        "Total Cost": 434848.68,
        "Plan Rows": 1,
        "Plan Width": 8,
        "Actual Startup Time": 6840.569,
        "Actual Total Time": 6900.611,
        "Actual Rows": 2,
        "Actual Loops": 1,
        "Workers Planned": 1,
        "Workers Launched": 1,
        "Single Copy": false,
        "Plans": [
          {
            "Node Type": "Aggregate",
            "Strategy": "Plain",
            "Partial Mode": "Partial",
            "Parent Relationship": "Outer",
            "Parallel Aware": false,
            "Startup Cost": 433848.57,
            "Total Cost": 433848.58,
            "Plan Rows": 1,
            "Plan Width": 8,
            "Actual Startup Time": 6834.34,
            "Actual Total Time": 6834.345,
            "Actual Rows": 1,
            "Actual Loops": 2,
            "Plans": [
              {
                "Node Type": "Hash Join",
                "Parent Relationship": "Outer",
                "Parallel Aware": true,
                "Join Type": "Inner",
                "Startup Cost": 130804.87,
                "Total Cost": 427443.17,
                "Plan Rows": 2562162,
                "Plan Width": 0,
                "Actual Startup Time": 738.074,
                "Actual Total Time": 5168.676,
                "Actual Rows": 41903928,
                "Actual Loops": 2,
                "Inner Unique": false,
                "Hash Cond": "(mi.movie_id = t.id)",
                "Plans": [
                  {
                    "Node Type": "Seq Scan",
                    "Parent Relationship": "Outer",
                    "Parallel Aware": true,
                    "Relation Name": "movie_info",
                    "Alias": "mi",
                    "Startup Cost": 0.0,
                    "Total Cost": 248955.74,
                    "Plan Rows": 8696274,
                    "Plan Width": 4,
                    "Actual Startup Time": 0.016,
                    "Actual Total Time": 619.026,
                    "Actual Rows": 7417860,
                    "Actual Loops": 2
                  },
                  {
                    "Node Type": "Hash",
                    "Parent Relationship": "Inner",
                    "Parallel Aware": true,
                    "Startup Cost": 125327.64,
                    "Total Cost": 125327.64,
                    "Plan Rows": 438179,
                    "Plan Width": 8,
                    "Actual Startup Time": 727.976,
                    "Actual Total Time": 727.98,
                    "Actual Rows": 617374,
                    "Actual Loops": 2,
                    "Hash Buckets": 2097152,
                    "Original Hash Buckets": 1048576,
                    "Hash Batches": 1,
                    "Original Hash Batches": 1,
                    "Peak Memory Usage": 72928,
                    "Plans": [
                      {
                        "Node Type": "Hash Join",
                        "Parent Relationship": "Outer",
                        "Parallel Aware": true,
                        "Join Type": "Inner",
                        "Startup Cost": 62454.72,
                        "Total Cost": 125327.64,
                        "Plan Rows": 438179,
                        "Plan Width": 8,
                        "Actual Startup Time": 217.425,
                        "Actual Total Time": 598.118,
                        "Actual Rows": 617374,
                        "Actual Loops": 2,
                        "Inner Unique": true,
                        "Hash Cond": "(mk.movie_id = t.id)",
                        "Plans": [
                          {
                            "Node Type": "Seq Scan",
                            "Parent Relationship": "Outer",
                            "Parallel Aware": true,
                            "Relation Name": "movie_keyword",
                            "Alias": "mk",
                            "Startup Cost": 0.0,
                            "Total Cost": 57718.19,
                            "Plan Rows": 1963701,
                            "Plan Width": 4,
                            "Actual Startup Time": 0.011,
                            "Actual Total Time": 198.767,
                            "Actual Rows": 1667230,
                            "Actual Loops": 2,
                            "Filter": "(keyword_id < 15565)",
                            "Rows Removed by Filter": 594735
                          },
                          {
                            "Node Type": "Hash",
                            "Parent Relationship": "Inner",
                            "Parallel Aware": true,
                            "Startup Cost": 58306.47,
                            "Total Cost": 58306.47,
                            "Plan Rows": 331860,
                            "Plan Width": 4,
                            "Actual Startup Time": 211.808,
                            "Actual Total Time": 211.809,
                            "Actual Rows": 238584,
                            "Actual Loops": 2,
                            "Hash Buckets": 1048576,
                            "Original Hash Buckets": 1048576,
                            "Hash Batches": 1,
                            "Original Hash Batches": 1,
                            "Peak Memory Usage": 26880,
                            "Plans": [
                              {
                                "Node Type": "Seq Scan",
                                "Parent Relationship": "Outer",
                                "Parallel Aware": true,
                                "Relation Name": "title",
                                "Alias": "t",
                                "Startup Cost": 0.0,
                                "Total Cost": 58306.47,
                                "Plan Rows": 331860,
                                "Plan Width": 4,
                                "Actual Startup Time": 0.032,
                                "Actual Total Time": 147.976,
                                "Actual Rows": 238584,
                                "Actual Loops": 2,
                                "Filter": "((kind_id < 7) AND (production_year > 1999))",
                                "Rows Removed by Filter": 1025572
                              }
                            ]
                          }
                        ]
                      }
                    ]
                  }
                ]
              }
            ]
          }
        ]
      }
    ]
  },
  "Planning Time": 0.931,
  "Triggers": [],
  "Execution Time": 6900.73
}