[
  {
    "Plan": {
      "Node Type": "Aggregate",
      "Strategy": "Plain",
      "Partial Mode": "Finalize",
      "Parallel Aware": false,
      "Startup Cost": 331617.55,
      "Total Cost": 331617.56,
      "Plan Rows": 1,
      "Plan Width": 8,
      "Actual Startup Time": 582.681,
      "Actual Total Time": 625.295,
      "Actual Rows": 1,
      "Actual Loops": 1,
      "Plans": [
        {
          "Node Type": "Gather",
          "Parent Relationship": "Outer",
          "Parallel Aware": false,
          "Startup Cost": 331616.93,
          "Total Cost": 331617.54,
          "Plan Rows": 6,
          "Plan Width": 8,
          "Actual Startup Time": 582.468,
          "Actual Total Time": 625.28,
          "Actual Rows": 7,
          "Actual Loops": 1,
          "Workers Planned": 6,
          "Workers Launched": 6,
          "Single Copy": false,
          "Plans": [
            {
              "Node Type": "Aggregate",
              "Strategy": "Plain",
              "Partial Mode": "Partial",
              "Parent Relationship": "Outer",
              "Parallel Aware": false,
              "Startup Cost": 330616.93,
              "Total Cost": 330616.94,
              "Plan Rows": 1,
              "Plan Width": 8,
              "Actual Startup Time": 574.667,
              "Actual Total Time": 574.669,
              "Actual Rows": 1,
              "Actual Loops": 7,
              "Plans": [
                {
                  "Node Type": "Seq Scan",
                  "Parent Relationship": "Outer",
                  "Parallel Aware": true,
                  "Relation Name": "cast_info",
                  "Alias": "ci",
                  "Startup Cost": 0.0,
                  "Total Cost": 328211.39,
                  "Plan Rows": 962214,
                  "Plan Width": 0,
                  "Actual Startup Time": 0.052,
                  "Actual Total Time": 532.78,
                  "Actual Rows": 852329,
                  "Actual Loops": 7,
                  "Filter": "(person_id < 577648)",
                  "Rows Removed by Filter": 4325435
                }
              ]
            }
          ]
        }
      ]
    },
    "Planning Time": 0.078,
    "Triggers": [],
    "Execution Time": 625.337
  }
]