[
  {
    "Plan": {
      "Node Type": "Aggregate",
      "Strategy": "Plain",
      "Partial Mode": "Finalize",
      "Parallel Aware": false,
      "Startup Cost": 331586.73,
      "Total Cost": 331586.74,
      "Plan Rows": 1,
      "Plan Width": 8,
      "Actual Startup Time": 562.695,
      "Actual Total Time": 622.937,
      "Actual Rows": 1,
      "Actual Loops": 1,
      "Plans": [
        {
          "Node Type": "Gather",
          "Parent Relationship": "Outer",
          "Parallel Aware": false,
          "Startup Cost": 331586.11,
          "Total Cost": 331586.72,
          "Plan Rows": 6,
          "Plan Width": 8,
          "Actual Startup Time": 562.55,
          "Actual Total Time": 622.927,
          "Actual Rows": 7,
          "Actual Loops": 1,
          "Workers Planned": 6,
          "Workers Launched": 6,
          "Single Copy": false,
          "Plans": [
            {
              "Node Type": "Aggregate",
              "Strategy": "Plain",
              "Partial Mode": "Partial",
              "Parent Relationship": "Outer",
              "Parallel Aware": false,
              "Startup Cost": 330586.11,
              "Total Cost": 330586.12,
              "Plan Rows": 1,
              "Plan Width": 8,
              "Actual Startup Time": 553.283,
              "Actual Total Time": 553.298,
              "Actual Rows": 1,
              "Actual Loops": 7,
              "Plans": [
                {
                  "Node Type": "Seq Scan",
                  "Parent Relationship": "Outer",
                  "Parallel Aware": true,
                  "Relation Name": "cast_info",
                  "Alias": "ci",
                  "Startup Cost": 0.0,
                  "Total Cost": 328162.03,
                  "Plan Rows": 969632,
                  "Plan Width": 0,
                  "Actual Startup Time": 0.055,
                  "Actual Total Time": 515.08,
                  "Actual Rows": 852329,
                  "Actual Loops": 7,
                  "Filter": "(person_id < 577648)",
                  "Rows Removed by Filter": 4325435
                }
              ]
            }
          ]
        }
      ]
    },
    "Planning Time": 0.194,
    "Triggers": [],
    "Execution Time": 623.008
  }
]