[
  {
    "Plan": {
      "Node Type": "Aggregate",
      "Strategy": "Plain",
      "Partial Mode": "Finalize",
      "Parallel Aware": false,
      "Startup Cost": 73414.38,
      "Total Cost": 73414.39,
      "Plan Rows": 1,
      "Plan Width": 8,
      "Actual Startup Time": 152.796,
      "Actual Total Time": 169.042,
      "Actual Rows": 1,
      "Actual Loops": 1,
      "Plans": [
        {
          "Node Type": "Gather",
          "Parent Relationship": "Outer",
          "Parallel Aware": false,
          "Startup Cost": 73414.06,
          "Total Cost": 73414.37,
          "Plan Rows": 3,
          "Plan Width": 8,
          "Actual Startup Time": 151.933,
          "Actual Total Time": 169.033,
          "Actual Rows": 4,
          "Actual Loops": 1,
          "Workers Planned": 3,
          "Workers Launched": 3,
          "Single Copy": false,
          "Plans": [
            {
              "Node Type": "Aggregate",
              "Strategy": "Plain",
              "Partial Mode": "Partial",
              "Parent Relationship": "Outer",
              "Parallel Aware": false,
              "Startup Cost": 72414.06,
              "Total Cost": 72414.07,
              "Plan Rows": 1,
              "Plan Width": 8,
              "Actual Startup Time": 144.303,
              "Actual Total Time": 144.322,
              "Actual Rows": 1,
              "Actual Loops": 4,
              "Plans": [
                {
                  "Node Type": "Hash Join",
                  "Parent Relationship": "Outer",
                  "Parallel Aware": true,
                  "Join Type": "Inner",
                  "Startup Cost": 47583.3,
                  "Total Cost": 72410.32,
                  "Plan Rows": 1496,
                  "Plan Width": 0,
                  "Actual Startup Time": 117.135,
                  "Actual Total Time": 144.232,
                  "Actual Rows": 902,
                  "Actual Loops": 4,
                  "Inner Unique": true,
                  "Hash Cond": "(mk.movie_id = t.id)",
                  "Plans": [
                    {
                      "Node Type": "Bitmap Heap Scan",
                      "Parent Relationship": "Outer",
                      "Parallel Aware": true,
                      "Relation Name": "movie_keyword",
                      "Alias": "mk",
                      "Startup Cost": 1624.95,
                      "Total Cost": 26387.23,
                      "Plan Rows": 24663,
                      "Plan Width": 4,
                      "Actual Startup Time": 7.994,
                      "Actual Total Time": 31.19,
                      "Actual Rows": 18124,
                      "Actual Loops": 4,
                      "Recheck Cond": "(keyword_id = 335)",
                      "Rows Removed by Index Recheck": 0,
                      "Exact Heap Blocks": 7209,
                      "Lossy Heap Blocks": 0,
                      "Plans": [
                        {
                          "Node Type": "Bitmap Index Scan",
                          "Parent Relationship": "Outer",
                          "Parallel Aware": false,
                          "Index Name": "keyword_id_movie_keyword",
                          "Startup Cost": 0.0,
                          "Total Cost": 1605.84,
                          "Plan Rows": 76454,
                          "Plan Width": 0,
                          "Actual Startup Time": 5.645,
                          "Actual Total Time": 5.645,
                          "Actual Rows": 72496,
                          "Actual Loops": 1,
                          "Index Cond": "(keyword_id = 335)"
                        }
                      ]
                    },
                    {
                      "Node Type": "Hash",
                      "Parent Relationship": "Inner",
                      "Parallel Aware": true,
                      "Startup Cost": 45479.1,
                      "Total Cost": 45479.1,
                      "Plan Rows": 38340,
                      "Plan Width": 4,
                      "Actual Startup Time": 105.866,
                      "Actual Total Time": 105.867,
                      "Actual Rows": 33690,
                      "Actual Loops": 4,
                      "Hash Buckets": 262144,
                      "Original Hash Buckets": 262144,
                      "Hash Batches": 1,
                      "Original Hash Batches": 1,
                      "Peak Memory Usage": 7392,
                      "Plans": [
                        {
                          "Node Type": "Seq Scan",
                          "Parent Relationship": "Outer",
                          "Parallel Aware": true,
                          "Relation Name": "title",
                          "Alias": "t",
                          "Startup Cost": 0.0,
                          "Total Cost": 45479.1,
                          "Plan Rows": 38340,
                          "Plan Width": 4,
                          "Actual Startup Time": 0.081,
                          "Actual Total Time": 95.027,
                          "Actual Rows": 33690,
                          "Actual Loops": 4,
                          "Filter": "((kind_id < 7) AND (production_year > 2010))",
                          "Rows Removed by Filter": 598388
                        }
                      ]
                    }
                  ]
                }
              ]
            }
          ]
        }
      ]
    },
    "Planning Time": 0.534,
    "Triggers": [],
    "Execution Time": 169.123
  }
]