[
  {
    "Plan": {
      "Node Type": "Aggregate",
      "Strategy": "Plain",
      "Partial Mode": "Finalize",
      "Parallel Aware": false,
      "Startup Cost": 33289.66,
      "Total Cost": 33289.67,
      "Plan Rows": 1,
      "Plan Width": 8,
      "Actual Startup Time": 114.246,
      "Actual Total Time": 122.684,
      "Actual Rows": 1,
      "Actual Loops": 1,
      "Plans": [
        {
          "Node Type": "Gather",
          "Parent Relationship": "Outer",
          "Parallel Aware": false,
          "Startup Cost": 33289.35,
          "Total Cost": 33289.66,
          "Plan Rows": 3,
          "Plan Width": 8,
          "Actual Startup Time": 114.092,
          "Actual Total Time": 122.67,
          "Actual Rows": 4,
          "Actual Loops": 1,
          "Workers Planned": 3,
          "Workers Launched": 3,
          "Single Copy": false,
          "Plans": [
            {
              "Node Type": "Aggregate",
              "Strategy": "Plain",
              "Partial Mode": "Partial",
              "Parent Relationship": "Outer",
              "Parallel Aware": false,
              "Startup Cost": 32289.35,
              "Total Cost": 32289.36,
              "Plan Rows": 1,
              "Plan Width": 8,
              "Actual Startup Time": 107.398,
              "Actual Total Time": 107.4,
              "Actual Rows": 1,
              "Actual Loops": 4,
              "Plans": [
                {
                  "Node Type": "Seq Scan",
                  "Parent Relationship": "Outer",
                  "Parallel Aware": true,
                  "Relation Name": "movie_companies",
                  "Alias": "mc",
                  "Startup Cost": 0.0,
                  "Total Cost": 31414.82,
                  "Plan Rows": 349811,
                  "Plan Width": 0,
                  "Actual Startup Time": 0.066,
                  "Actual Total Time": 92.142,
                  "Actual Rows": 245077,
                  "Actual Loops": 4,
                  "Filter": "((company_id > 225) AND (company_type_id < 2))",
                  "Rows Removed by Filter": 407205
                }
              ]
            }
          ]
        }
      ]
    },
    "Planning Time": 0.122,
    "Triggers": [],
    "Execution Time": 122.718
  }
]