[
  {
    "Plan": {
      "Node Type": "Aggregate",
      "Strategy": "Plain",
      "Partial Mode": "Finalize",
      "Parallel Aware": false,
      "Startup Cost": 403777.73,
      "Total Cost": 403777.74,
      "Plan Rows": 1,
      "Plan Width": 8,
      "Actual Startup Time": 1678.376,
      "Actual Total Time": 1746.536,
      "Actual Rows": 1,
      "Actual Loops": 1,
      "Plans": [
        {
          "Node Type": "Gather",
          "Parent Relationship": "Outer",
          "Parallel Aware": false,
          "Startup Cost": 403777.1,
          "Total Cost": 403777.71,
          "Plan Rows": 6,
          "Plan Width": 8,
          "Actual Startup Time": 1673.108,
          "Actual Total Time": 1746.527,
          "Actual Rows": 7,
          "Actual Loops": 1,
          "Workers Planned": 6,
          "Workers Launched": 6,
          "Single Copy": false,
          "Plans": [
            {
              "Node Type": "Aggregate",
              "Strategy": "Plain",
              "Partial Mode": "Partial",
              "Parent Relationship": "Outer",
              "Parallel Aware": false,
              "Startup Cost": 402777.1,
              "Total Cost": 402777.11,
              "Plan Rows": 1,
              "Plan Width": 8,
              "Actual Startup Time": 1661.601,
              "Actual Total Time": 1661.604,
              "Actual Rows": 1,
              "Actual Loops": 7,
              "Plans": [
                {
                  "Node Type": "Hash Join",
                  "Parent Relationship": "Outer",
                  "Parallel Aware": true,
                  "Join Type": "Inner",
                  "Startup Cost": 47664.75,
                  "Total Cost": 400305.01,
                  "Plan Rows": 988838,
                  "Plan Width": 0,
                  "Actual Startup Time": 347.315,
                  "Actual Total Time": 1620.207,
                  "Actual Rows": 953320,
                  "Actual Loops": 7,
                  "Inner Unique": true,
                  "Hash Cond": "(ci.movie_id = t.id)",
                  "Plans": [
                    {
                      "Node Type": "Seq Scan",
                      "Parent Relationship": "Outer",
                      "Parallel Aware": true,
                      "Relation Name": "cast_info",
                      "Alias": "ci",
                      "Startup Cost": 0.0,
                      "Total Cost": 343257.03,
                      "Plan Rows": 3574559,
                      "Plan Width": 4,
                      "Actual Startup Time": 212.131,
                      "Actual Total Time": 703.913,
                      "Actual Rows": 3222246,
                      "Actual Loops": 7,
                      "Filter": "((person_id > 348065) AND (role_id > 1))",
                      "Rows Removed by Filter": 1955517
                    },
                    {
                      "Node Type": "Hash",
                      "Parent Relationship": "Inner",
                      "Parallel Aware": true,
                      "Startup Cost": 45479.1,
                      "Total Cost": 45479.1,
                      "Plan Rows": 174852,
                      "Plan Width": 4,
                      "Actual Startup Time": 131.668,
                      "Actual Total Time": 131.669,
                      "Actual Rows": 103850,
                      "Actual Loops": 7,
                      "Hash Buckets": 1048576,
                      "Original Hash Buckets": 1048576,
                      "Hash Batches": 1,
                      "Original Hash Batches": 1,
                      "Peak Memory Usage": 36736,
                      "Plans": [
                        {
                          "Node Type": "Seq Scan",
                          "Parent Relationship": "Outer",
                          "Parallel Aware": true,
                          "Relation Name": "title",
                          "Alias": "t",
                          "Startup Cost": 0.0,
                          "Total Cost": 45479.1,
                          "Plan Rows": 174852,
                          "Plan Width": 4,
                          "Actual Startup Time": 0.048,
                          "Actual Total Time": 79.967,
                          "Actual Rows": 103850,
                          "Actual Loops": 7,
                          "Filter": "((kind_id < 4) AND (production_year < 2011))",
                          "Rows Removed by Filter": 257337
                        }
                      ]
                    }
                  ]
                }
              ]
            }
          ]
        }
      ]
    },
    "Planning Time": 0.586,
    "Triggers": [],
    "Execution Time": 1746.622
  }
]