{
  "Plan": {
    "Node Type": "Aggregate",
    "Strategy": "Plain",
    "Partial Mode": "Finalize",
    "Parallel Aware": false,
    "Startup Cost": 203778.94,
    "Total Cost": 203778.95,
    "Plan Rows": 1,
    "Plan Width": 8,
    "Actual Startup Time": 1420.651,
    "Actual Total Time": 1436.737,
    "Actual Rows": 1,
    "Actual Loops": 1,
    "Plans": [
      {
        "Node Type": "Gather",
        "Parent Relationship": "Outer",
        "Parallel Aware": false,
        "Startup Cost": 203778.83,
        "Total Cost": 203778.94,
        "Plan Rows": 1,
        "Plan Width": 8,
        "Actual Startup Time": 1419.298,
        "Actual Total Time": 1436.729,
        "Actual Rows": 2,
        "Actual Loops": 1,
        "Workers Planned": 1,
        "Workers Launched": 1,
        "Single Copy": false,
        "Plans": [
          {
            "Node Type": "Aggregate",
            "Strategy": "Plain",
            "Partial Mode": "Partial",
            "Parent Relationship": "Outer",
            "Parallel Aware": false,
            "Startup Cost": 202778.83,
            "Total Cost": 202778.84,
            "Plan Rows": 1,
            "Plan Width": 8,
            "Actual Startup Time": 1413.381,
            "Actual Total Time": 1413.385,
            "Actual Rows": 1,
            "Actual Loops": 2,
            "Plans": [
              {
                "Node Type": "Nested Loop",
                "Parent Relationship": "Outer",
                "Parallel Aware": false,
                "Join Type": "Inner",
                "Startup Cost": 57221.14,
                "Total Cost": 202452.25,
                "Plan Rows": 130632,
                "Plan Width": 0,
                "Actual Startup Time": 183.885,
                "Actual Total Time": 1315.178,
                "Actual Rows": 2415025,
                "Actual Loops": 2,
                "Inner Unique": false,
                "Join Filter": "(t.id = mc.movie_id)",
                "Rows Removed by Join Filter": 0,
                "Plans": [
                  {
                    "Node Type": "Hash Join",
                    "Parent Relationship": "Outer",
                    "Parallel Aware": true,
                    "Join Type": "Inner",
                    "Startup Cost": 57220.71,
                    "Total Cost": 116739.37,
                    "Plan Rows": 126585,
                    "Plan Width": 8,
                    "Actual Startup Time": 183.807,
                    "Actual Total Time": 398.221,
                    "Actual Rows": 183564,
                    "Actual Loops": 2,
                    "Inner Unique": true,
                    "Hash Cond": "(mk.movie_id = t.id)",
                    "Plans": [
                      {
                        "Node Type": "Seq Scan",
                        "Parent Relationship": "Outer",
                        "Parallel Aware": true,
                        "Relation Name": "movie_keyword",
                        "Alias": "mk",
                        "Startup Cost": 0.0,
                        "Total Cost": 57718.19,
                        "Plan Rows": 685891,
                        "Plan Width": 4,
                        "Actual Startup Time": 1.732,
                        "Actual Total Time": 165.584,
                        "Actual Rows": 585827,
                        "Actual Loops": 2,
                        "Filter": "(keyword_id > 15914)",
                        "Rows Removed by Filter": 1676138
                      },
                      {
                        "Node Type": "Hash",
                        "Parent Relationship": "Inner",
                        "Parallel Aware": true,
                        "Startup Cost": 53789.76,
                        "Total Cost": 53789.76,
                        "Plan Rows": 274476,
                        "Plan Width": 4,
                        "Actual Startup Time": 137.924,
                        "Actual Total Time": 137.926,
                        "Actual Rows": 170373,
                        "Actual Loops": 2,
                        "Hash Buckets": 524288,
                        "Original Hash Buckets": 524288,
                        "Hash Batches": 1,
                        "Original Hash Batches": 1,
                        "Peak Memory Usage": 17472,
                        "Plans": [
                          {
                            "Node Type": "Bitmap Heap Scan",
                            "Parent Relationship": "Outer",
                            "Parallel Aware": true,
                            "Relation Name": "title",
                            "Alias": "t",
                            "Startup Cost": 11939.5,
                            "Total Cost": 53789.76,
                            "Plan Rows": 274476,
                            "Plan Width": 4,
                            "Actual Startup Time": 34.774,
                            "Actual Total Time": 99.786,
                            "Actual Rows": 170373,
                            "Actual Loops": 2,
                            "Recheck Cond": "(kind_id = 1)",
                            "Rows Removed by Index Recheck": 0,
                            "Filter": "(production_year > 1989)",
                            "Rows Removed by Filter": 161040,
                            "Exact Heap Blocks": 8070,
                            "Lossy Heap Blocks": 0,
                            "Plans": [
                              {
                                "Node Type": "Bitmap Index Scan",
                                "Parent Relationship": "Outer",
                                "Parallel Aware": false,
                                "Index Name": "kind_id_title",
                                "Startup Cost": 0.0,
                                "Total Cost": 11822.85,
                                "Plan Rows": 663256,
                                "Plan Width": 0,
                                "Actual Startup Time": 33.479,
                                "Actual Total Time": 33.48,
                                "Actual Rows": 662825,
                                "Actual Loops": 1,
                                "Index Cond": "(kind_id = 1)"
                              }
                            ]
                          }
                        ]
                      }
                    ]
                  },
                  {
                    "Node Type": "Index Only Scan",
                    "Parent Relationship": "Inner",
                    "Parallel Aware": false,
                    "Scan Direction": "Forward",
                    "Index Name": "movie_id_movie_companies",
                    "Relation Name": "movie_companies",
                    "Alias": "mc",
                    "Startup Cost": 0.43,
                    "Total Cost": 0.61,
                    "Plan Rows": 5,
                    "Plan Width": 4,
                    "Actual Startup Time": 0.002,
                    "Actual Total Time": 0.004,
                    "Actual Rows": 13,
                    "Actual Loops": 367128,
                    "Index Cond": "(movie_id = mk.movie_id)",
                    "Rows Removed by Index Recheck": 0,
                    "Heap Fetches": 4830050
                  }
                ]
              }
            ]
          }
        ]
      }
    ]
  },
  "Planning Time": 1.081,
  "Triggers": [],
  "Execution Time": 1436.84
}