[
  {
    "Plan": {
      "Node Type": "Aggregate",
      "Strategy": "Plain",
      "Partial Mode": "Finalize",
      "Parallel Aware": false,
      "Startup Cost": 70934.08,
      "Total Cost": 70934.09,
      "Plan Rows": 1,
      "Plan Width": 8,
      "Actual Startup Time": 264.303,
      "Actual Total Time": 280.371,
      "Actual Rows": 1,
      "Actual Loops": 1,
      "Plans": [
        {
          "Node Type": "Gather",
          "Parent Relationship": "Outer",
          "Parallel Aware": false,
          "Startup Cost": 70933.76,
          "Total Cost": 70934.07,
          "Plan Rows": 3,
          "Plan Width": 8,
          "Actual Startup Time": 258.586,
          "Actual Total Time": 280.364,
          "Actual Rows": 4,
          "Actual Loops": 1,
          "Workers Planned": 3,
          "Workers Launched": 3,
          "Single Copy": false,
          "Plans": [
            {
              "Node Type": "Aggregate",
              "Strategy": "Plain",
              "Partial Mode": "Partial",
              "Parent Relationship": "Outer",
              "Parallel Aware": false,
              "Startup Cost": 69933.76,
              "Total Cost": 69933.77,
              "Plan Rows": 1,
              "Plan Width": 8,
              "Actual Startup Time": 250.313,
              "Actual Total Time": 250.318,
              "Actual Rows": 1,
              "Actual Loops": 4,
              "Plans": [
                {
                  "Node Type": "Nested Loop",
                  "Parent Relationship": "Outer",
                  "Parallel Aware": false,
                  "Join Type": "Inner",
                  "Startup Cost": 35501.15,
                  "Total Cost": 69909.93,
                  "Plan Rows": 9533,
                  "Plan Width": 0,
                  "Actual Startup Time": 217.798,
                  "Actual Total Time": 249.901,
                  "Actual Rows": 2998,
                  "Actual Loops": 4,
                  "Inner Unique": true,
                  "Join Filter": "(mc.movie_id = t.id)",
                  "Rows Removed by Join Filter": 0,
                  "Plans": [
                    {
                      "Node Type": "Hash Join",
                      "Parent Relationship": "Outer",
                      "Parallel Aware": true,
                      "Join Type": "Inner",
                      "Startup Cost": 35500.72,
                      "Total Cost": 55319.13,
                      "Plan Rows": 23229,
                      "Plan Width": 8,
                      "Actual Startup Time": 217.705,
                      "Actual Total Time": 228.515,
                      "Actual Rows": 2998,
                      "Actual Loops": 4,
                      "Inner Unique": false,
                      "Hash Cond": "(mc.movie_id = ci.movie_id)",
                      "Plans": [
                        {
                          "Node Type": "Bitmap Heap Scan",
                          "Parent Relationship": "Outer",
                          "Parallel Aware": true,
                          "Relation Name": "movie_companies",
                          "Alias": "mc",
                          "Startup Cost": 2946.09,
                          "Total Cost": 22396.86,
                          "Plan Rows": 22514,
                          "Plan Width": 4,
                          "Actual Startup Time": 28.117,
                          "Actual Total Time": 32.309,
                          "Actual Rows": 5885,
                          "Actual Loops": 4,
                          "Recheck Cond": "(company_id < 27)",
                          "Rows Removed by Index Recheck": 0,
                          "Filter": "(company_type_id = 2)",
                          "Rows Removed by Filter": 27816,
                          "Exact Heap Blocks": 5259,
                          "Lossy Heap Blocks": 0,
                          "Plans": [
                            {
                              "Node Type": "Bitmap Index Scan",
                              "Parent Relationship": "Outer",
                              "Parallel Aware": false,
                              "Index Name": "company_id_movie_companies",
                              "Startup Cost": 0.0,
                              "Total Cost": 2928.64,
                              "Plan Rows": 136561,
                              "Plan Width": 0,
                              "Actual Startup Time": 8.925,
                              "Actual Total Time": 8.926,
                              "Actual Rows": 134807,
                              "Actual Loops": 1,
                              "Index Cond": "(company_id < 27)"
                            }
                          ]
                        },
                        {
                          "Node Type": "Hash",
                          "Parent Relationship": "Inner",
                          "Parallel Aware": true,
                          "Startup Cost": 29208.9,
                          "Total Cost": 29208.9,
                          "Plan Rows": 267658,
                          "Plan Width": 4,
                          "Actual Startup Time": 185.367,
                          "Actual Total Time": 185.368,
                          "Actual Rows": 273390,
                          "Actual Loops": 4,
                          "Hash Buckets": 2097152,
                          "Original Hash Buckets": 2097152,
                          "Hash Batches": 1,
                          "Original Hash Batches": 1,
                          "Peak Memory Usage": 59232,
                          "Plans": [
                            {
                              "Node Type": "Index Scan",
                              "Parent Relationship": "Outer",
                              "Parallel Aware": true,
                              "Scan Direction": "Forward",
                              "Index Name": "role_id_cast_info",
                              "Relation Name": "cast_info",
                              "Alias": "ci",
                              "Startup Cost": 0.56,
                              "Total Cost": 29208.9,
                              "Plan Rows": 267658,
                              "Plan Width": 4,
                              "Actual Startup Time": 0.116,
                              "Actual Total Time": 79.376,
                              "Actual Rows": 273390,
                              "Actual Loops": 4,
                              "Index Cond": "(role_id = 9)",
                              "Rows Removed by Index Recheck": 0
                            }
                          ]
                        }
                      ]
                    },
                    {
                      "Node Type": "Index Only Scan",
                      "Parent Relationship": "Inner",
                      "Parallel Aware": false,
                      "Scan Direction": "Forward",
                      "Index Name": "title_pkey",
                      "Relation Name": "title",
                      "Alias": "t",
                      "Startup Cost": 0.43,
                      "Total Cost": 0.62,
                      "Plan Rows": 1,
                      "Plan Width": 4,
                      "Actual Startup Time": 0.006,
                      "Actual Total Time": 0.006,
                      "Actual Rows": 1,
                      "Actual Loops": 11991,
                      "Index Cond": "(id = ci.movie_id)",
                      "Rows Removed by Index Recheck": 0,
                      "Heap Fetches": 11991
                    }
                  ]
                }
              ]
            }
          ]
        }
      ]
    },
    "Planning Time": 0.543,
    "Triggers": [],
    "Execution Time": 280.426
  }
]