[
  {
    "Plan": {
      "Node Type": "Aggregate",
      "Strategy": "Plain",
      "Partial Mode": "Finalize",
      "Parallel Aware": false,
      "Startup Cost": 80998.36,
      "Total Cost": 80998.37,
      "Plan Rows": 1,
      "Plan Width": 8,
      "Actual Startup Time": 307.624,
      "Actual Total Time": 331.107,
      "Actual Rows": 1,
      "Actual Loops": 1,
      "Plans": [
        {
          "Node Type": "Gather",
          "Parent Relationship": "Outer",
          "Parallel Aware": false,
          "Startup Cost": 80998.04,
          "Total Cost": 80998.35,
          "Plan Rows": 3,
          "Plan Width": 8,
          "Actual Startup Time": 306.642,
          "Actual Total Time": 331.095,
          "Actual Rows": 4,
          "Actual Loops": 1,
          "Workers Planned": 3,
          "Workers Launched": 3,
          "Single Copy": false,
          "Plans": [
            {
              "Node Type": "Aggregate",
              "Strategy": "Plain",
              "Partial Mode": "Partial",
              "Parent Relationship": "Outer",
              "Parallel Aware": false,
              "Startup Cost": 79998.04,
              "Total Cost": 79998.05,
              "Plan Rows": 1,
              "Plan Width": 8,
              "Actual Startup Time": 296.26,
              "Actual Total Time": 296.267,
              "Actual Rows": 1,
              "Actual Loops": 4,
              "Plans": [
                {
                  "Node Type": "Nested Loop",
                  "Parent Relationship": "Outer",
                  "Parallel Aware": false,
                  "Join Type": "Inner",
                  "Startup Cost": 51734.95,
                  "Total Cost": 79991.67,
                  "Plan Rows": 2548,
                  "Plan Width": 0,
                  "Actual Startup Time": 204.152,
                  "Actual Total Time": 296.21,
                  "Actual Rows": 312,
                  "Actual Loops": 4,
                  "Inner Unique": false,
                  "Join Filter": "(t.id = mc.movie_id)",
                  "Rows Removed by Join Filter": 0,
                  "Plans": [
                    {
                      "Node Type": "Hash Join",
                      "Parent Relationship": "Outer",
                      "Parallel Aware": true,
                      "Join Type": "Inner",
                      "Startup Cost": 51734.52,
                      "Total Cost": 77577.66,
                      "Plan Rows": 2469,
                      "Plan Width": 8,
                      "Actual Startup Time": 203.54,
                      "Actual Total Time": 293.602,
                      "Actual Rows": 152,
                      "Actual Loops": 4,
                      "Inner Unique": true,
                      "Hash Cond": "(mk.movie_id = t.id)",
                      "Plans": [
                        {
                          "Node Type": "Bitmap Heap Scan",
                          "Parent Relationship": "Outer",
                          "Parallel Aware": true,
                          "Relation Name": "movie_keyword",
                          "Alias": "mk",
                          "Startup Cost": 6042.98,
                          "Total Cost": 31645.03,
                          "Plan Rows": 91844,
                          "Plan Width": 4,
                          "Actual Startup Time": 37.906,
                          "Actual Total Time": 110.349,
                          "Actual Rows": 70531,
                          "Actual Loops": 4,
                          "Recheck Cond": "(keyword_id > 56681)",
                          "Rows Removed by Index Recheck": 0,
                          "Exact Heap Blocks": 6939,
                          "Lossy Heap Blocks": 0,
                          "Plans": [
                            {
                              "Node Type": "Bitmap Index Scan",
                              "Parent Relationship": "Outer",
                              "Parallel Aware": false,
                              "Index Name": "keyword_id_movie_keyword",
                              "Startup Cost": 0.0,
                              "Total Cost": 5971.8,
                              "Plan Rows": 284716,
                              "Plan Width": 0,
                              "Actual Startup Time": 32.453,
                              "Actual Total Time": 32.454,
                              "Actual Rows": 282123,
                              "Actual Loops": 1,
                              "Index Cond": "(keyword_id > 56681)"
                            }
                          ]
                        },
                        {
                          "Node Type": "Hash",
                          "Parent Relationship": "Inner",
                          "Parallel Aware": true,
                          "Startup Cost": 45479.1,
                          "Total Cost": 45479.1,
                          "Plan Rows": 16995,
                          "Plan Width": 4,
                          "Actual Startup Time": 163.21,
                          "Actual Total Time": 163.211,
                          "Actual Rows": 18631,
                          "Actual Loops": 4,
                          "Hash Buckets": 131072,
                          "Original Hash Buckets": 131072,
                          "Hash Batches": 1,
                          "Original Hash Batches": 1,
                          "Peak Memory Usage": 4000,
                          "Plans": [
                            {
                              "Node Type": "Seq Scan",
                              "Parent Relationship": "Outer",
                              "Parallel Aware": true,
                              "Relation Name": "title",
                              "Alias": "t",
                              "Startup Cost": 0.0,
                              "Total Cost": 45479.1,
                              "Plan Rows": 16995,
                              "Plan Width": 4,
                              "Actual Startup Time": 0.048,
                              "Actual Total Time": 150.519,
                              "Actual Rows": 18631,
                              "Actual Loops": 4,
                              "Filter": "((kind_id = 7) AND (production_year = 2006))",
                              "Rows Removed by Filter": 613447
                            }
                          ]
                        }
                      ]
                    },
                    {
                      "Node Type": "Index Only Scan",
                      "Parent Relationship": "Inner",
                      "Parallel Aware": false,
                      "Scan Direction": "Forward",
                      "Index Name": "movie_id_movie_companies",
                      "Relation Name": "movie_companies",
                      "Alias": "mc",
                      "Startup Cost": 0.43,
                      "Total Cost": 0.92,
                      "Plan Rows": 5,
                      "Plan Width": 4,
                      "Actual Startup Time": 0.013,
                      "Actual Total Time": 0.016,
                      "Actual Rows": 2,
                      "Actual Loops": 609,
                      "Index Cond": "(movie_id = mk.movie_id)",
                      "Rows Removed by Index Recheck": 0,
                      "Heap Fetches": 1248
                    }
                  ]
                }
              ]
            }
          ]
        }
      ]
    },
    "Planning Time": 1.591,
    "Triggers": [],
    "Execution Time": 331.232
  }
]