[
    {
        "Bao": {
            "Bao prediction": "NaN",
            "Bao recommended hint": "(no hint)"
        }
    },
    {
        "Plan": {
            "Node Type": "Aggregate",
            "Strategy": "Plain",
            "Partial Mode": "Finalize",
            "Parallel Aware": false,
            "Startup Cost": 39969.59,
            "Total Cost": 39969.6,
            "Plan Rows": 1,
            "Plan Width": 8,
            "Actual Startup Time": 27.819,
            "Actual Total Time": 30.98,
            "Actual Rows": 1,
            "Actual Loops": 1,
            "Output": [
                "count(*)"
            ],
            "Plans": [
                {
                    "Node Type": "Gather",
                    "Parent Relationship": "Outer",
                    "Parallel Aware": false,
                    "Startup Cost": 39969.27,
                    "Total Cost": 39969.58,
                    "Plan Rows": 3,
                    "Plan Width": 8,
                    "Actual Startup Time": 26.362,
                    "Actual Total Time": 30.972,
                    "Actual Rows": 4,
                    "Actual Loops": 1,
                    "Output": [
                        "(PARTIAL count(*))"
                    ],
                    "Workers Planned": 3,
                    "Workers Launched": 3,
                    "Single Copy": false,
                    "Plans": [
                        {
                            "Node Type": "Aggregate",
                            "Strategy": "Plain",
                            "Partial Mode": "Partial",
                            "Parent Relationship": "Outer",
                            "Parallel Aware": false,
                            "Startup Cost": 38969.27,
                            "Total Cost": 38969.28,
                            "Plan Rows": 1,
                            "Plan Width": 8,
                            "Actual Startup Time": 18.011,
                            "Actual Total Time": 18.013,
                            "Actual Rows": 1,
                            "Actual Loops": 4,
                            "Output": [
                                "PARTIAL count(*)"
                            ],
                            "Workers": [
                                {
                                    "Worker Number": 0,
                                    "Actual Startup Time": 14.709,
                                    "Actual Total Time": 14.712,
                                    "Actual Rows": 1,
                                    "Actual Loops": 1
                                },
                                {
                                    "Worker Number": 1,
                                    "Actual Startup Time": 15.451,
                                    "Actual Total Time": 15.454,
                                    "Actual Rows": 1,
                                    "Actual Loops": 1
                                },
                                {
                                    "Worker Number": 2,
                                    "Actual Startup Time": 15.939,
                                    "Actual Total Time": 15.941,
                                    "Actual Rows": 1,
                                    "Actual Loops": 1
                                }
                            ],
                            "Plans": [
                                {
                                    "Node Type": "Nested Loop",
                                    "Parent Relationship": "Outer",
                                    "Parallel Aware": false,
                                    "Join Type": "Inner",
                                    "Startup Cost": 352.81,
                                    "Total Cost": 38968.68,
                                    "Plan Rows": 236,
                                    "Plan Width": 0,
                                    "Actual Startup Time": 6.77,
                                    "Actual Total Time": 17.992,
                                    "Actual Rows": 115,
                                    "Actual Loops": 4,
                                    "Inner Unique": false,
                                    "Workers": [
                                        {
                                            "Worker Number": 0,
                                            "Actual Startup Time": 4.478,
                                            "Actual Total Time": 14.697,
                                            "Actual Rows": 11,
                                            "Actual Loops": 1
                                        },
                                        {
                                            "Worker Number": 1,
                                            "Actual Startup Time": 0.954,
                                            "Actual Total Time": 15.427,
                                            "Actual Rows": 44,
                                            "Actual Loops": 1
                                        },
                                        {
                                            "Worker Number": 2,
                                            "Actual Startup Time": 15.934,
                                            "Actual Total Time": 15.935,
                                            "Actual Rows": 0,
                                            "Actual Loops": 1
                                        }
                                    ],
                                    "Plans": [
                                        {
                                            "Node Type": "Nested Loop",
                                            "Parent Relationship": "Outer",
                                            "Parallel Aware": false,
                                            "Join Type": "Inner",
                                            "Startup Cost": 352.25,
                                            "Total Cost": 37388.29,
                                            "Plan Rows": 127,
                                            "Plan Width": 8,
                                            "Actual Startup Time": 2.744,
                                            "Actual Total Time": 14.172,
                                            "Actual Rows": 37,
                                            "Actual Loops": 4,
                                            "Output": [
                                                "t.id",
                                                "mc.movie_id"
                                            ],
                                            "Inner Unique": true,
                                            "Workers": [
                                                {
                                                    "Worker Number": 0,
                                                    "Actual Startup Time": 4.229,
                                                    "Actual Total Time": 12.467,
                                                    "Actual Rows": 2,
                                                    "Actual Loops": 1
                                                },
                                                {
                                                    "Worker Number": 1,
                                                    "Actual Startup Time": 0.689,
                                                    "Actual Total Time": 7.745,
                                                    "Actual Rows": 24,
                                                    "Actual Loops": 1
                                                },
                                                {
                                                    "Worker Number": 2,
                                                    "Actual Startup Time": 0.361,
                                                    "Actual Total Time": 13.962,
                                                    "Actual Rows": 5,
                                                    "Actual Loops": 1
                                                }
                                            ],
                                            "Plans": [
                                                {
                                                    "Node Type": "Bitmap Heap Scan",
                                                    "Parent Relationship": "Outer",
                                                    "Parallel Aware": true,
                                                    "Relation Name": "movie_companies",
                                                    "Schema": "public",
                                                    "Alias": "mc",
                                                    "Startup Cost": 351.82,
                                                    "Total Cost": 19345.59,
                                                    "Plan Rows": 2660,
                                                    "Plan Width": 4,
                                                    "Actual Startup Time": 0.903,
                                                    "Actual Total Time": 1.683,
                                                    "Actual Rows": 2035,
                                                    "Actual Loops": 4,
                                                    "Output": [
                                                        "mc.id",
                                                        "mc.movie_id",
                                                        "mc.company_id",
                                                        "mc.company_type_id",
                                                        "mc.note"
                                                    ],
                                                    "Recheck Cond": "(mc.company_id = 166)",
                                                    "Rows Removed by Index Recheck": 0,
                                                    "Filter": "(mc.company_type_id = 2)",
                                                    "Rows Removed by Filter": 2020,
                                                    "Exact Heap Blocks": 501,
                                                    "Lossy Heap Blocks": 0,
                                                    "Workers": [
                                                        {
                                                            "Worker Number": 0,
                                                            "Actual Startup Time": 0.147,
                                                            "Actual Total Time": 0.801,
                                                            "Actual Rows": 456,
                                                            "Actual Loops": 1
                                                        },
                                                        {
                                                            "Worker Number": 1,
                                                            "Actual Startup Time": 0.119,
                                                            "Actual Total Time": 0.433,
                                                            "Actual Rows": 301,
                                                            "Actual Loops": 1
                                                        },
                                                        {
                                                            "Worker Number": 2,
                                                            "Actual Startup Time": 0.132,
                                                            "Actual Total Time": 0.825,
                                                            "Actual Rows": 544,
                                                            "Actual Loops": 1
                                                        }
                                                    ],
                                                    "Plans": [
                                                        {
                                                            "Node Type": "Bitmap Index Scan",
                                                            "Parent Relationship": "Outer",
                                                            "Parallel Aware": false,
                                                            "Index Name": "company_id_movie_companies",
                                                            "Startup Cost": 0.0,
                                                            "Total Cost": 349.76,
                                                            "Plan Rows": 16177,
                                                            "Plan Width": 0,
                                                            "Actual Startup Time": 1.747,
                                                            "Actual Total Time": 1.747,
                                                            "Actual Rows": 16220,
                                                            "Actual Loops": 1,
                                                            "Index Cond": "(mc.company_id = 166)"
                                                        }
                                                    ]
                                                },
                                                {
                                                    "Node Type": "Index Scan",
                                                    "Parent Relationship": "Inner",
                                                    "Parallel Aware": false,
                                                    "Scan Direction": "Forward",
                                                    "Index Name": "title_pkey",
                                                    "Relation Name": "title",
                                                    "Schema": "public",
                                                    "Alias": "t",
                                                    "Startup Cost": 0.43,
                                                    "Total Cost": 6.78,
                                                    "Plan Rows": 1,
                                                    "Plan Width": 4,
                                                    "Actual Startup Time": 0.006,
                                                    "Actual Total Time": 0.006,
                                                    "Actual Rows": 0,
                                                    "Actual Loops": 8139,
                                                    "Output": [
                                                        "t.id",
                                                        "t.title",
                                                        "t.imdb_index",
                                                        "t.kind_id",
                                                        "t.production_year",
                                                        "t.imdb_id",
                                                        "t.phonetic_code",
                                                        "t.episode_of_id",
                                                        "t.season_nr",
                                                        "t.episode_nr",
                                                        "t.series_years",
                                                        "t.md5sum"
                                                    ],
                                                    "Index Cond": "(t.id = mc.movie_id)",
                                                    "Rows Removed by Index Recheck": 0,
                                                    "Filter": "(t.production_year = 2008)",
                                                    "Rows Removed by Filter": 1,
                                                    "Workers": [
                                                        {
                                                            "Worker Number": 0,
                                                            "Actual Startup Time": 0.024,
                                                            "Actual Total Time": 0.024,
                                                            "Actual Rows": 0,
                                                            "Actual Loops": 456
                                                        },
                                                        {
                                                            "Worker Number": 1,
                                                            "Actual Startup Time": 0.023,
                                                            "Actual Total Time": 0.023,
                                                            "Actual Rows": 0,
                                                            "Actual Loops": 301
                                                        },
                                                        {
                                                            "Worker Number": 2,
                                                            "Actual Startup Time": 0.023,
                                                            "Actual Total Time": 0.023,
                                                            "Actual Rows": 0,
                                                            "Actual Loops": 544
                                                        }
                                                    ]
                                                }
                                            ]
                                        },
                                        {
                                            "Node Type": "Index Scan",
                                            "Parent Relationship": "Inner",
                                            "Parallel Aware": false,
                                            "Scan Direction": "Forward",
                                            "Index Name": "movie_id_cast_info",
                                            "Relation Name": "cast_info",
                                            "Schema": "public",
                                            "Alias": "ci",
                                            "Startup Cost": 0.56,
                                            "Total Cost": 12.39,
                                            "Plan Rows": 5,
                                            "Plan Width": 4,
                                            "Actual Startup Time": 0.031,
                                            "Actual Total Time": 0.101,
                                            "Actual Rows": 3,
                                            "Actual Loops": 149,
                                            "Output": [
                                                "ci.id",
                                                "ci.person_id",
                                                "ci.movie_id",
                                                "ci.person_role_id",
                                                "ci.note",
                                                "ci.nr_order",
                                                "ci.role_id"
                                            ],
                                            "Index Cond": "(ci.movie_id = t.id)",
                                            "Rows Removed by Index Recheck": 0,
                                            "Filter": "(ci.person_id < 464201)",
                                            "Rows Removed by Filter": 30,
                                            "Workers": [
                                                {
                                                    "Worker Number": 0,
                                                    "Actual Startup Time": 0.183,
                                                    "Actual Total Time": 1.108,
                                                    "Actual Rows": 6,
                                                    "Actual Loops": 2
                                                },
                                                {
                                                    "Worker Number": 1,
                                                    "Actual Startup Time": 0.067,
                                                    "Actual Total Time": 0.318,
                                                    "Actual Rows": 2,
                                                    "Actual Loops": 24
                                                },
                                                {
                                                    "Worker Number": 2,
                                                    "Actual Startup Time": 0.392,
                                                    "Actual Total Time": 0.392,
                                                    "Actual Rows": 0,
                                                    "Actual Loops": 5
                                                }
                                            ]
                                        }
                                    ]
                                }
                            ]
                        }
                    ]
                }
            ]
        },
        "Planning Time": 180.536,
        "Triggers": [],
        "Execution Time": 31.109
    }
]