{
  "Plan": {
    "Node Type": "Aggregate",
    "Strategy": "Plain",
    "Partial Mode": "Finalize",
    "Parallel Aware": false,
    "Startup Cost": 342746.79,
    "Total Cost": 342746.8,
    "Plan Rows": 1,
    "Plan Width": 8,
    "Actual Startup Time": 1156.023,
    "Actual Total Time": 1199.032,
    "Actual Rows": 1,
    "Actual Loops": 1,
    "Plans": [
      {
        "Node Type": "Gather",
        "Parent Relationship": "Outer",
        "Parallel Aware": false,
        "Startup Cost": 342746.68,
        "Total Cost": 342746.79,
        "Plan Rows": 1,
        "Plan Width": 8,
        "Actual Startup Time": 1155.821,
        "Actual Total Time": 1199.023,
        "Actual Rows": 2,
        "Actual Loops": 1,
        "Workers Planned": 1,
        "Workers Launched": 1,
        "Single Copy": false,
        "Plans": [
          {
            "Node Type": "Aggregate",
            "Strategy": "Plain",
            "Partial Mode": "Partial",
            "Parent Relationship": "Outer",
            "Parallel Aware": false,
            "Startup Cost": 341746.68,
            "Total Cost": 341746.69,
            "Plan Rows": 1,
            "Plan Width": 8,
            "Actual Startup Time": 1150.214,
            "Actual Total Time": 1150.218,
            "Actual Rows": 1,
            "Actual Loops": 2,
            "Plans": [
              {
                "Node Type": "Hash Join",
                "Parent Relationship": "Outer",
                "Parallel Aware": true,
                "Join Type": "Inner",
                "Startup Cost": 53724.71,
                "Total Cost": 341702.5,
                "Plan Rows": 17672,
                "Plan Width": 0,
                "Actual Startup Time": 106.02,
                "Actual Total Time": 1148.702,
                "Actual Rows": 28496,
                "Actual Loops": 2,
                "Inner Unique": true,
                "Hash Cond": "(mi.movie_id = t.id)",
                "Plans": [
                  {
                    "Node Type": "Seq Scan",
                    "Parent Relationship": "Outer",
                    "Parallel Aware": true,
                    "Relation Name": "movie_info",
                    "Alias": "mi",
                    "Startup Cost": 0.0,
                    "Total Cost": 270696.42,
                    "Plan Rows": 6583369,
                    "Plan Width": 4,
                    "Actual Startup Time": 0.011,
                    "Actual Total Time": 715.474,
                    "Actual Rows": 5605372,
                    "Actual Loops": 2,
                    "Filter": "(info_type_id > 3)",
                    "Rows Removed by Filter": 1812488
                  },
                  {
                    "Node Type": "Hash",
                    "Parent Relationship": "Inner",
                    "Parallel Aware": true,
                    "Startup Cost": 53674.81,
                    "Total Cost": 53674.81,
                    "Plan Rows": 3992,
                    "Plan Width": 4,
                    "Actual Startup Time": 89.499,
                    "Actual Total Time": 89.501,
                    "Actual Rows": 2534,
                    "Actual Loops": 2,
                    "Hash Buckets": 8192,
                    "Original Hash Buckets": 8192,
                    "Hash Batches": 1,
                    "Original Hash Batches": 1,
                    "Peak Memory Usage": 288,
                    "Plans": [
                      {
                        "Node Type": "Bitmap Heap Scan",
                        "Parent Relationship": "Outer",
                        "Parallel Aware": true,
                        "Relation Name": "title",
                        "Alias": "t",
                        "Startup Cost": 11824.55,
                        "Total Cost": 53674.81,
                        "Plan Rows": 3992,
                        "Plan Width": 4,
                        "Actual Startup Time": 33.316,
                        "Actual Total Time": 88.604,
                        "Actual Rows": 2534,
                        "Actual Loops": 2,
                        "Recheck Cond": "(kind_id = 1)",
                        "Rows Removed by Index Recheck": 0,
                        "Filter": "(production_year = 1993)",
                        "Rows Removed by Filter": 328878,
                        "Exact Heap Blocks": 9664,
                        "Lossy Heap Blocks": 0,
                        "Plans": [
                          {
                            "Node Type": "Bitmap Index Scan",
                            "Parent Relationship": "Outer",
                            "Parallel Aware": false,
                            "Index Name": "kind_id_title",
                            "Startup Cost": 0.0,
                            "Total Cost": 11822.85,
                            "Plan Rows": 663256,
                            "Plan Width": 0,
                            "Actual Startup Time": 36.362,
                            "Actual Total Time": 36.362,
                            "Actual Rows": 662825,
                            "Actual Loops": 1,
                            "Index Cond": "(kind_id = 1)"
                          }
                        ]
                      }
                    ]
                  }
                ]
              }
            ]
          }
        ]
      }
    ]
  },
  "Planning Time": 0.298,
  "Triggers": [],
  "Execution Time": 1199.101
}