[
    {
        "Bao": {
            "Bao prediction": 761.993,
            "Bao recommended hint": "(no hint)"
        }
    },
    {
        "Plan": {
            "Node Type": "Aggregate",
            "Strategy": "Plain",
            "Partial Mode": "Finalize",
            "Parallel Aware": false,
            "Startup Cost": 239245.91,
            "Total Cost": 239245.92,
            "Plan Rows": 1,
            "Plan Width": 8,
            "Actual Startup Time": 490.585,
            "Actual Total Time": 513.425,
            "Actual Rows": 1,
            "Actual Loops": 1,
            "Output": [
                "count(*)"
            ],
            "Plans": [
                {
                    "Node Type": "Gather",
                    "Parent Relationship": "Outer",
                    "Parallel Aware": false,
                    "Startup Cost": 239245.38,
                    "Total Cost": 239245.89,
                    "Plan Rows": 5,
                    "Plan Width": 8,
                    "Actual Startup Time": 489.683,
                    "Actual Total Time": 513.416,
                    "Actual Rows": 6,
                    "Actual Loops": 1,
                    "Output": [
                        "(PARTIAL count(*))"
                    ],
                    "Workers Planned": 5,
                    "Workers Launched": 5,
                    "Single Copy": false,
                    "Plans": [
                        {
                            "Node Type": "Aggregate",
                            "Strategy": "Plain",
                            "Partial Mode": "Partial",
                            "Parent Relationship": "Outer",
                            "Parallel Aware": false,
                            "Startup Cost": 238245.38,
                            "Total Cost": 238245.39,
                            "Plan Rows": 1,
                            "Plan Width": 8,
                            "Actual Startup Time": 479.904,
                            "Actual Total Time": 479.908,
                            "Actual Rows": 1,
                            "Actual Loops": 6,
                            "Output": [
                                "PARTIAL count(*)"
                            ],
                            "Workers": [
                                {
                                    "Worker Number": 0,
                                    "Actual Startup Time": 477.745,
                                    "Actual Total Time": 477.748,
                                    "Actual Rows": 1,
                                    "Actual Loops": 1
                                },
                                {
                                    "Worker Number": 1,
                                    "Actual Startup Time": 477.979,
                                    "Actual Total Time": 477.982,
                                    "Actual Rows": 1,
                                    "Actual Loops": 1
                                },
                                {
                                    "Worker Number": 2,
                                    "Actual Startup Time": 478.124,
                                    "Actual Total Time": 478.127,
                                    "Actual Rows": 1,
                                    "Actual Loops": 1
                                },
                                {
                                    "Worker Number": 3,
                                    "Actual Startup Time": 478.311,
                                    "Actual Total Time": 478.314,
                                    "Actual Rows": 1,
                                    "Actual Loops": 1
                                },
                                {
                                    "Worker Number": 4,
                                    "Actual Startup Time": 478.404,
                                    "Actual Total Time": 478.407,
                                    "Actual Rows": 1,
                                    "Actual Loops": 1
                                }
                            ],
                            "Plans": [
                                {
                                    "Node Type": "Hash Join",
                                    "Parent Relationship": "Outer",
                                    "Parallel Aware": true,
                                    "Join Type": "Inner",
                                    "Startup Cost": 38173.29,
                                    "Total Cost": 238223.95,
                                    "Plan Rows": 8573,
                                    "Plan Width": 0,
                                    "Actual Startup Time": 89.573,
                                    "Actual Total Time": 479.215,
                                    "Actual Rows": 9528,
                                    "Actual Loops": 6,
                                    "Inner Unique": true,
                                    "Hash Cond": "(mi.movie_id = t.id)",
                                    "Workers": [
                                        {
                                            "Worker Number": 0,
                                            "Actual Startup Time": 87.42,
                                            "Actual Total Time": 477.033,
                                            "Actual Rows": 8385,
                                            "Actual Loops": 1
                                        },
                                        {
                                            "Worker Number": 1,
                                            "Actual Startup Time": 87.586,
                                            "Actual Total Time": 477.291,
                                            "Actual Rows": 7953,
                                            "Actual Loops": 1
                                        },
                                        {
                                            "Worker Number": 2,
                                            "Actual Startup Time": 87.887,
                                            "Actual Total Time": 477.446,
                                            "Actual Rows": 7951,
                                            "Actual Loops": 1
                                        },
                                        {
                                            "Worker Number": 3,
                                            "Actual Startup Time": 87.96,
                                            "Actual Total Time": 477.646,
                                            "Actual Rows": 7751,
                                            "Actual Loops": 1
                                        },
                                        {
                                            "Worker Number": 4,
                                            "Actual Startup Time": 88.06,
                                            "Actual Total Time": 477.703,
                                            "Actual Rows": 8193,
                                            "Actual Loops": 1
                                        }
                                    ],
                                    "Plans": [
                                        {
                                            "Node Type": "Seq Scan",
                                            "Parent Relationship": "Outer",
                                            "Parallel Aware": true,
                                            "Relation Name": "movie_info",
                                            "Schema": "public",
                                            "Alias": "mi",
                                            "Startup Cost": 0.0,
                                            "Total Cost": 198880.74,
                                            "Plan Rows": 445687,
                                            "Plan Width": 4,
                                            "Actual Startup Time": 18.811,
                                            "Actual Total Time": 363.866,
                                            "Actual Rows": 372308,
                                            "Actual Loops": 6,
                                            "Output": [
                                                "mi.id",
                                                "mi.movie_id",
                                                "mi.info_type_id",
                                                "mi.info",
                                                "mi.note"
                                            ],
                                            "Filter": "(mi.info_type_id > 16)",
                                            "Rows Removed by Filter": 2100312,
                                            "Workers": [
                                                {
                                                    "Worker Number": 0,
                                                    "Actual Startup Time": 18.796,
                                                    "Actual Total Time": 365.286,
                                                    "Actual Rows": 309376,
                                                    "Actual Loops": 1
                                                },
                                                {
                                                    "Worker Number": 1,
                                                    "Actual Startup Time": 18.815,
                                                    "Actual Total Time": 365.997,
                                                    "Actual Rows": 300452,
                                                    "Actual Loops": 1
                                                },
                                                {
                                                    "Worker Number": 2,
                                                    "Actual Startup Time": 18.807,
                                                    "Actual Total Time": 365.532,
                                                    "Actual Rows": 311090,
                                                    "Actual Loops": 1
                                                },
                                                {
                                                    "Worker Number": 3,
                                                    "Actual Startup Time": 18.809,
                                                    "Actual Total Time": 365.981,
                                                    "Actual Rows": 307104,
                                                    "Actual Loops": 1
                                                },
                                                {
                                                    "Worker Number": 4,
                                                    "Actual Startup Time": 18.825,
                                                    "Actual Total Time": 365.392,
                                                    "Actual Rows": 309530,
                                                    "Actual Loops": 1
                                                }
                                            ]
                                        },
                                        {
                                            "Node Type": "Hash",
                                            "Parent Relationship": "Inner",
                                            "Parallel Aware": true,
                                            "Startup Cost": 38021.31,
                                            "Total Cost": 38021.31,
                                            "Plan Rows": 12158,
                                            "Plan Width": 4,
                                            "Actual Startup Time": 69.699,
                                            "Actual Total Time": 69.7,
                                            "Actual Rows": 7762,
                                            "Actual Loops": 6,
                                            "Output": [
                                                "t.id"
                                            ],
                                            "Hash Buckets": 65536,
                                            "Original Hash Buckets": 65536,
                                            "Hash Batches": 1,
                                            "Original Hash Batches": 1,
                                            "Peak Memory Usage": 2432,
                                            "Workers": [
                                                {
                                                    "Worker Number": 0,
                                                    "Actual Startup Time": 68.21,
                                                    "Actual Total Time": 68.211,
                                                    "Actual Rows": 4332,
                                                    "Actual Loops": 1
                                                },
                                                {
                                                    "Worker Number": 1,
                                                    "Actual Startup Time": 68.41,
                                                    "Actual Total Time": 68.411,
                                                    "Actual Rows": 4674,
                                                    "Actual Loops": 1
                                                },
                                                {
                                                    "Worker Number": 2,
                                                    "Actual Startup Time": 68.573,
                                                    "Actual Total Time": 68.574,
                                                    "Actual Rows": 4723,
                                                    "Actual Loops": 1
                                                },
                                                {
                                                    "Worker Number": 3,
                                                    "Actual Startup Time": 68.771,
                                                    "Actual Total Time": 68.772,
                                                    "Actual Rows": 5013,
                                                    "Actual Loops": 1
                                                },
                                                {
                                                    "Worker Number": 4,
                                                    "Actual Startup Time": 68.805,
                                                    "Actual Total Time": 68.806,
                                                    "Actual Rows": 4468,
                                                    "Actual Loops": 1
                                                }
                                            ],
                                            "Plans": [
                                                {
                                                    "Node Type": "Bitmap Heap Scan",
                                                    "Parent Relationship": "Outer",
                                                    "Parallel Aware": true,
                                                    "Relation Name": "title",
                                                    "Schema": "public",
                                                    "Alias": "t",
                                                    "Startup Cost": 1674.4,
                                                    "Total Cost": 38021.31,
                                                    "Plan Rows": 12158,
                                                    "Plan Width": 4,
                                                    "Actual Startup Time": 19.643,
                                                    "Actual Total Time": 65.885,
                                                    "Actual Rows": 7762,
                                                    "Actual Loops": 6,
                                                    "Output": [
                                                        "t.id"
                                                    ],
                                                    "Recheck Cond": "(t.kind_id = 2)",
                                                    "Rows Removed by Index Recheck": 0,
                                                    "Filter": "(t.production_year > 2001)",
                                                    "Rows Removed by Filter": 7380,
                                                    "Exact Heap Blocks": 11960,
                                                    "Lossy Heap Blocks": 0,
                                                    "Workers": [
                                                        {
                                                            "Worker Number": 0,
                                                            "Actual Startup Time": 18.116,
                                                            "Actual Total Time": 64.676,
                                                            "Actual Rows": 4332,
                                                            "Actual Loops": 1
                                                        },
                                                        {
                                                            "Worker Number": 1,
                                                            "Actual Startup Time": 18.607,
                                                            "Actual Total Time": 65.04,
                                                            "Actual Rows": 4674,
                                                            "Actual Loops": 1
                                                        },
                                                        {
                                                            "Worker Number": 2,
                                                            "Actual Startup Time": 18.551,
                                                            "Actual Total Time": 65.016,
                                                            "Actual Rows": 4723,
                                                            "Actual Loops": 1
                                                        },
                                                        {
                                                            "Worker Number": 3,
                                                            "Actual Startup Time": 18.684,
                                                            "Actual Total Time": 65.247,
                                                            "Actual Rows": 5013,
                                                            "Actual Loops": 1
                                                        },
                                                        {
                                                            "Worker Number": 4,
                                                            "Actual Startup Time": 18.718,
                                                            "Actual Total Time": 65.258,
                                                            "Actual Rows": 4468,
                                                            "Actual Loops": 1
                                                        }
                                                    ],
                                                    "Plans": [
                                                        {
                                                            "Node Type": "Bitmap Index Scan",
                                                            "Parent Relationship": "Outer",
                                                            "Parallel Aware": false,
                                                            "Index Name": "kind_id_title",
                                                            "Startup Cost": 0.0,
                                                            "Total Cost": 1662.25,
                                                            "Plan Rows": 93042,
                                                            "Plan Width": 0,
                                                            "Actual Startup Time": 17.448,
                                                            "Actual Total Time": 17.448,
                                                            "Actual Rows": 90852,
                                                            "Actual Loops": 1,
                                                            "Index Cond": "(t.kind_id = 2)"
                                                        }
                                                    ]
                                                }
                                            ]
                                        }
                                    ]
                                }
                            ]
                        }
                    ]
                }
            ]
        },
        "Planning Time": 455.382,
        "Triggers": [],
        "Execution Time": 513.55
    }
]