[
  {
    "Plan": {
      "Node Type": "Aggregate",
      "Strategy": "Plain",
      "Partial Mode": "Simple",
      "Parallel Aware": false,
      "Startup Cost": 16277.83,
      "Total Cost": 16277.84,
      "Plan Rows": 1,
      "Plan Width": 8,
      "Actual Startup Time": 26.219,
      "Actual Total Time": 26.221,
      "Actual Rows": 1,
      "Actual Loops": 1,
      "Plans": [
        {
          "Node Type": "Bitmap Heap Scan",
          "Parent Relationship": "Outer",
          "Parallel Aware": false,
          "Relation Name": "movie_keyword",
          "Alias": "mk",
          "Startup Cost": 162.87,
          "Total Cost": 16258.98,
          "Plan Rows": 7540,
          "Plan Width": 0,
          "Actual Startup Time": 5.906,
          "Actual Total Time": 25.012,
          "Actual Rows": 8337,
          "Actual Loops": 1,
          "Recheck Cond": "(keyword_id = 865)",
          "Rows Removed by Index Recheck": 0,
          "Exact Heap Blocks": 6751,
          "Lossy Heap Blocks": 0,
          "Plans": [
            {
              "Node Type": "Bitmap Index Scan",
              "Parent Relationship": "Outer",
              "Parallel Aware": false,
              "Index Name": "keyword_id_movie_keyword",
              "Startup Cost": 0.0,
              "Total Cost": 160.98,
              "Plan Rows": 7540,
              "Plan Width": 0,
              "Actual Startup Time": 2.942,
              "Actual Total Time": 2.943,
              "Actual Rows": 8337,
              "Actual Loops": 1,
              "Index Cond": "(keyword_id = 865)"
            }
          ]
        }
      ]
    },
    "Planning Time": 0.145,
    "Triggers": [],
    "Execution Time": 26.277
  }
]