[
  {
    "Plan": {
      "Node Type": "Aggregate",
      "Strategy": "Plain",
      "Partial Mode": "Finalize",
      "Parallel Aware": false,
      "Startup Cost": 79664.04,
      "Total Cost": 79664.05,
      "Plan Rows": 1,
      "Plan Width": 8,
      "Actual Startup Time": 118.796,
      "Actual Total Time": 126.89,
      "Actual Rows": 1,
      "Actual Loops": 1,
      "Plans": [
        {
          "Node Type": "Gather",
          "Parent Relationship": "Outer",
          "Parallel Aware": false,
          "Startup Cost": 79663.51,
          "Total Cost": 79664.02,
          "Plan Rows": 5,
          "Plan Width": 8,
          "Actual Startup Time": 118.724,
          "Actual Total Time": 126.883,
          "Actual Rows": 6,
          "Actual Loops": 1,
          "Workers Planned": 5,
          "Workers Launched": 5,
          "Single Copy": false,
          "Plans": [
            {
              "Node Type": "Aggregate",
              "Strategy": "Plain",
              "Partial Mode": "Partial",
              "Parent Relationship": "Outer",
              "Parallel Aware": false,
              "Startup Cost": 78663.51,
              "Total Cost": 78663.52,
              "Plan Rows": 1,
              "Plan Width": 8,
              "Actual Startup Time": 110.715,
              "Actual Total Time": 110.716,
              "Actual Rows": 1,
              "Actual Loops": 6,
              "Plans": [
                {
                  "Node Type": "Index Scan",
                  "Parent Relationship": "Outer",
                  "Parallel Aware": true,
                  "Scan Direction": "Forward",
                  "Index Name": "role_id_cast_info",
                  "Relation Name": "cast_info",
                  "Alias": "ci",
                  "Startup Cost": 0.56,
                  "Total Cost": 77740.85,
                  "Plan Rows": 369064,
                  "Plan Width": 0,
                  "Actual Startup Time": 0.135,
                  "Actual Total Time": 99.503,
                  "Actual Rows": 228797,
                  "Actual Loops": 6,
                  "Index Cond": "(role_id = 4)",
                  "Rows Removed by Index Recheck": 0,
                  "Filter": "(person_id < 2408757)",
                  "Rows Removed by Filter": 226026
                }
              ]
            }
          ]
        }
      ]
    },
    "Planning Time": 0.238,
    "Triggers": [],
    "Execution Time": 126.954
  }
]