{
  "Plan": {
    "Node Type": "Aggregate",
    "Strategy": "Plain",
    "Partial Mode": "Finalize",
    "Parallel Aware": false,
    "Startup Cost": 503450.25,
    "Total Cost": 503450.26,
    "Plan Rows": 1,
    "Plan Width": 8,
    "Actual Startup Time": 2091.746,
    "Actual Total Time": 2147.828,
    "Actual Rows": 1,
    "Actual Loops": 1,
    "Plans": [
      {
        "Node Type": "Gather",
        "Parent Relationship": "Outer",
        "Parallel Aware": false,
        "Startup Cost": 503450.14,
        "Total Cost": 503450.25,
        "Plan Rows": 1,
        "Plan Width": 8,
        "Actual Startup Time": 2088.289,
        "Actual Total Time": 2147.819,
        "Actual Rows": 2,
        "Actual Loops": 1,
        "Workers Planned": 1,
        "Workers Launched": 1,
        "Single Copy": false,
        "Plans": [
          {
            "Node Type": "Aggregate",
            "Strategy": "Plain",
            "Partial Mode": "Partial",
            "Parent Relationship": "Outer",
            "Parallel Aware": false,
            "Startup Cost": 502450.14,
            "Total Cost": 502450.15,
            "Plan Rows": 1,
            "Plan Width": 8,
            "Actual Startup Time": 2082.212,
            "Actual Total Time": 2082.219,
            "Actual Rows": 1,
            "Actual Loops": 2,
            "Plans": [
              {
                "Node Type": "Hash Join",
                "Parent Relationship": "Outer",
                "Parallel Aware": true,
                "Join Type": "Inner",
                "Startup Cost": 211049.15,
                "Total Cost": 501283.39,
                "Plan Rows": 466701,
                "Plan Width": 0,
                "Actual Startup Time": 951.019,
                "Actual Total Time": 2071.161,
                "Actual Rows": 224048,
                "Actual Loops": 2,
                "Inner Unique": false,
                "Hash Cond": "(mi.movie_id = t.id)",
                "Plans": [
                  {
                    "Node Type": "Seq Scan",
                    "Parent Relationship": "Outer",
                    "Parallel Aware": true,
                    "Relation Name": "movie_info",
                    "Alias": "mi",
                    "Startup Cost": 0.0,
                    "Total Cost": 270696.42,
                    "Plan Rows": 4478001,
                    "Plan Width": 4,
                    "Actual Startup Time": 41.757,
                    "Actual Total Time": 775.36,
                    "Actual Rows": 3774428,
                    "Actual Loops": 2,
                    "Filter": "(info_type_id > 7)",
                    "Rows Removed by Filter": 3643432
                  },
                  {
                    "Node Type": "Hash",
                    "Parent Relationship": "Inner",
                    "Parallel Aware": true,
                    "Startup Cost": 209111.64,
                    "Total Cost": 209111.64,
                    "Plan Rows": 155001,
                    "Plan Width": 8,
                    "Actual Startup Time": 903.173,
                    "Actual Total Time": 903.177,
                    "Actual Rows": 45652,
                    "Actual Loops": 2,
                    "Hash Buckets": 524288,
                    "Original Hash Buckets": 524288,
                    "Hash Batches": 1,
                    "Original Hash Batches": 1,
                    "Peak Memory Usage": 7712,
                    "Plans": [
                      {
                        "Node Type": "Hash Join",
                        "Parent Relationship": "Outer",
                        "Parallel Aware": true,
                        "Join Type": "Inner",
                        "Startup Cost": 67635.69,
                        "Total Cost": 209111.64,
                        "Plan Rows": 155001,
                        "Plan Width": 8,
                        "Actual Startup Time": 517.422,
                        "Actual Total Time": 886.703,
                        "Actual Rows": 45652,
                        "Actual Loops": 2,
                        "Inner Unique": true,
                        "Hash Cond": "(ci.movie_id = t.id)",
                        "Plans": [
                          {
                            "Node Type": "Index Scan",
                            "Parent Relationship": "Outer",
                            "Parallel Aware": true,
                            "Scan Direction": "Forward",
                            "Index Name": "role_id_cast_info",
                            "Relation Name": "cast_info",
                            "Alias": "ci",
                            "Startup Cost": 0.56,
                            "Total Cost": 140896.75,
                            "Plan Rows": 220861,
                            "Plan Width": 4,
                            "Actual Startup Time": 0.068,
                            "Actual Total Time": 328.295,
                            "Actual Rows": 62762,
                            "Actual Loops": 2,
                            "Index Cond": "(role_id = 10)",
                            "Rows Removed by Index Recheck": 0,
                            "Filter": "(person_id < 307228)",
                            "Rows Removed by Filter": 2098747
                          },
                          {
                            "Node Type": "Hash",
                            "Parent Relationship": "Inner",
                            "Parallel Aware": true,
                            "Startup Cost": 54588.39,
                            "Total Cost": 54588.39,
                            "Plan Rows": 1043739,
                            "Plan Width": 4,
                            "Actual Startup Time": 505.874,
                            "Actual Total Time": 505.875,
                            "Actual Rows": 887318,
                            "Actual Loops": 2,
                            "Hash Buckets": 2097152,
                            "Original Hash Buckets": 2097152,
                            "Hash Batches": 1,
                            "Original Hash Batches": 1,
                            "Peak Memory Usage": 85856,
                            "Plans": [
                              {
                                "Node Type": "Seq Scan",
                                "Parent Relationship": "Outer",
                                "Parallel Aware": true,
                                "Relation Name": "title",
                                "Alias": "t",
                                "Startup Cost": 0.0,
                                "Total Cost": 54588.39,
                                "Plan Rows": 1043739,
                                "Plan Width": 4,
                                "Actual Startup Time": 0.038,
                                "Actual Total Time": 198.781,
                                "Actual Rows": 887318,
                                "Actual Loops": 2,
                                "Filter": "(kind_id > 2)",
                                "Rows Removed by Filter": 376838
                              }
                            ]
                          }
                        ]
                      }
                    ]
                  }
                ]
              }
            ]
          }
        ]
      }
    ]
  },
  "Planning Time": 0.989,
  "Triggers": [],
  "Execution Time": 2147.926
}