{
    "Plan": {
        "Node Type": "Aggregate",
        "Strategy": "Plain",
        "Partial Mode": "Finalize",
        "Parallel Aware": false,
        "Startup Cost": 250780.76,
        "Total Cost": 250780.77,
        "Plan Rows": 1,
        "Plan Width": 8,
        "Actual Startup Time": 587.757,
        "Actual Total Time": 616.093,
        "Actual Rows": 1,
        "Actual Loops": 1,
        "Output": [
            "count(*)"
        ],
        "Plans": [
            {
                "Node Type": "Gather",
                "Parent Relationship": "Outer",
                "Parallel Aware": false,
                "Startup Cost": 250780.13,
                "Total Cost": 250780.74,
                "Plan Rows": 6,
                "Plan Width": 8,
                "Actual Startup Time": 582.487,
                "Actual Total Time": 616.081,
                "Actual Rows": 7,
                "Actual Loops": 1,
                "Output": [
                    "(PARTIAL count(*))"
                ],
                "Workers Planned": 6,
                "Workers Launched": 6,
                "Single Copy": false,
                "Plans": [
                    {
                        "Node Type": "Aggregate",
                        "Strategy": "Plain",
                        "Partial Mode": "Partial",
                        "Parent Relationship": "Outer",
                        "Parallel Aware": false,
                        "Startup Cost": 249780.13,
                        "Total Cost": 249780.14,
                        "Plan Rows": 1,
                        "Plan Width": 8,
                        "Actual Startup Time": 571.317,
                        "Actual Total Time": 571.32,
                        "Actual Rows": 1,
                        "Actual Loops": 7,
                        "Output": [
                            "PARTIAL count(*)"
                        ],
                        "Workers": [
                            {
                                "Worker Number": 0,
                                "Actual Startup Time": 569.471,
                                "Actual Total Time": 569.473,
                                "Actual Rows": 1,
                                "Actual Loops": 1
                            },
                            {
                                "Worker Number": 1,
                                "Actual Startup Time": 569.056,
                                "Actual Total Time": 569.059,
                                "Actual Rows": 1,
                                "Actual Loops": 1
                            },
                            {
                                "Worker Number": 2,
                                "Actual Startup Time": 569.285,
                                "Actual Total Time": 569.288,
                                "Actual Rows": 1,
                                "Actual Loops": 1
                            },
                            {
                                "Worker Number": 3,
                                "Actual Startup Time": 569.902,
                                "Actual Total Time": 569.905,
                                "Actual Rows": 1,
                                "Actual Loops": 1
                            },
                            {
                                "Worker Number": 4,
                                "Actual Startup Time": 569.937,
                                "Actual Total Time": 569.941,
                                "Actual Rows": 1,
                                "Actual Loops": 1
                            },
                            {
                                "Worker Number": 5,
                                "Actual Startup Time": 570.016,
                                "Actual Total Time": 570.019,
                                "Actual Rows": 1,
                                "Actual Loops": 1
                            }
                        ],
                        "Plans": [
                            {
                                "Node Type": "Hash Join",
                                "Parent Relationship": "Outer",
                                "Parallel Aware": true,
                                "Join Type": "Inner",
                                "Startup Cost": 47302.17,
                                "Total Cost": 249480.46,
                                "Plan Rows": 119870,
                                "Plan Width": 0,
                                "Actual Startup Time": 234.005,
                                "Actual Total Time": 564.172,
                                "Actual Rows": 128921,
                                "Actual Loops": 7,
                                "Inner Unique": true,
                                "Hash Cond": "(ci.movie_id = t.id)",
                                "Workers": [
                                    {
                                        "Worker Number": 0,
                                        "Actual Startup Time": 231.784,
                                        "Actual Total Time": 562.182,
                                        "Actual Rows": 104391,
                                        "Actual Loops": 1
                                    },
                                    {
                                        "Worker Number": 1,
                                        "Actual Startup Time": 231.764,
                                        "Actual Total Time": 561.794,
                                        "Actual Rows": 100443,
                                        "Actual Loops": 1
                                    },
                                    {
                                        "Worker Number": 2,
                                        "Actual Startup Time": 232.079,
                                        "Actual Total Time": 562.61,
                                        "Actual Rows": 155016,
                                        "Actual Loops": 1
                                    },
                                    {
                                        "Worker Number": 3,
                                        "Actual Startup Time": 232.608,
                                        "Actual Total Time": 562.554,
                                        "Actual Rows": 105125,
                                        "Actual Loops": 1
                                    },
                                    {
                                        "Worker Number": 4,
                                        "Actual Startup Time": 232.712,
                                        "Actual Total Time": 562.679,
                                        "Actual Rows": 104396,
                                        "Actual Loops": 1
                                    },
                                    {
                                        "Worker Number": 5,
                                        "Actual Startup Time": 232.853,
                                        "Actual Total Time": 563.374,
                                        "Actual Rows": 154954,
                                        "Actual Loops": 1
                                    }
                                ],
                                "Plans": [
                                    {
                                        "Node Type": "Index Scan",
                                        "Parent Relationship": "Outer",
                                        "Parallel Aware": true,
                                        "Scan Direction": "Forward",
                                        "Index Name": "role_id_cast_info",
                                        "Relation Name": "cast_info",
                                        "Schema": "public",
                                        "Alias": "ci",
                                        "Startup Cost": 0.56,
                                        "Total Cost": 200814.65,
                                        "Plan Rows": 519694,
                                        "Plan Width": 4,
                                        "Actual Startup Time": 114.028,
                                        "Actual Total Time": 288.548,
                                        "Actual Rows": 632803,
                                        "Actual Loops": 7,
                                        "Output": [
                                            "ci.id",
                                            "ci.person_id",
                                            "ci.movie_id",
                                            "ci.person_role_id",
                                            "ci.note",
                                            "ci.nr_order",
                                            "ci.role_id"
                                        ],
                                        "Index Cond": "(ci.role_id = 2)",
                                        "Rows Removed by Index Recheck": 0,
                                        "Filter": "(ci.person_id > 2122794)",
                                        "Rows Removed by Filter": 431765,
                                        "Workers": [
                                            {
                                                "Worker Number": 0,
                                                "Actual Startup Time": 114.031,
                                                "Actual Total Time": 292.041,
                                                "Actual Rows": 509110,
                                                "Actual Loops": 1
                                            },
                                            {
                                                "Worker Number": 1,
                                                "Actual Startup Time": 114.102,
                                                "Actual Total Time": 292.281,
                                                "Actual Rows": 505034,
                                                "Actual Loops": 1
                                            },
                                            {
                                                "Worker Number": 2,
                                                "Actual Startup Time": 114.073,
                                                "Actual Total Time": 288.208,
                                                "Actual Rows": 755623,
                                                "Actual Loops": 1
                                            },
                                            {
                                                "Worker Number": 3,
                                                "Actual Startup Time": 114.081,
                                                "Actual Total Time": 291.221,
                                                "Actual Rows": 513188,
                                                "Actual Loops": 1
                                            },
                                            {
                                                "Worker Number": 4,
                                                "Actual Startup Time": 113.922,
                                                "Actual Total Time": 292.17,
                                                "Actual Rows": 512298,
                                                "Actual Loops": 1
                                            },
                                            {
                                                "Worker Number": 5,
                                                "Actual Startup Time": 113.999,
                                                "Actual Total Time": 289.353,
                                                "Actual Rows": 765070,
                                                "Actual Loops": 1
                                            }
                                        ]
                                    },
                                    {
                                        "Node Type": "Hash",
                                        "Parent Relationship": "Inner",
                                        "Parallel Aware": true,
                                        "Startup Cost": 45479.21,
                                        "Total Cost": 45479.21,
                                        "Plan Rows": 145792,
                                        "Plan Width": 4,
                                        "Actual Startup Time": 116.82,
                                        "Actual Total Time": 116.821,
                                        "Actual Rows": 70423,
                                        "Actual Loops": 7,
                                        "Output": [
                                            "t.id"
                                        ],
                                        "Hash Buckets": 1048576,
                                        "Original Hash Buckets": 1048576,
                                        "Hash Batches": 1,
                                        "Original Hash Batches": 1,
                                        "Peak Memory Usage": 27584,
                                        "Workers": [
                                            {
                                                "Worker Number": 0,
                                                "Actual Startup Time": 117.154,
                                                "Actual Total Time": 117.155,
                                                "Actual Rows": 56360,
                                                "Actual Loops": 1
                                            },
                                            {
                                                "Worker Number": 1,
                                                "Actual Startup Time": 117.201,
                                                "Actual Total Time": 117.202,
                                                "Actual Rows": 55858,
                                                "Actual Loops": 1
                                            },
                                            {
                                                "Worker Number": 2,
                                                "Actual Startup Time": 117.461,
                                                "Actual Total Time": 117.462,
                                                "Actual Rows": 81074,
                                                "Actual Loops": 1
                                            },
                                            {
                                                "Worker Number": 3,
                                                "Actual Startup Time": 118.056,
                                                "Actual Total Time": 118.057,
                                                "Actual Rows": 56086,
                                                "Actual Loops": 1
                                            },
                                            {
                                                "Worker Number": 4,
                                                "Actual Startup Time": 118.166,
                                                "Actual Total Time": 118.168,
                                                "Actual Rows": 57173,
                                                "Actual Loops": 1
                                            },
                                            {
                                                "Worker Number": 5,
                                                "Actual Startup Time": 118.221,
                                                "Actual Total Time": 118.222,
                                                "Actual Rows": 81637,
                                                "Actual Loops": 1
                                            }
                                        ],
                                        "Plans": [
                                            {
                                                "Node Type": "Seq Scan",
                                                "Parent Relationship": "Outer",
                                                "Parallel Aware": true,
                                                "Relation Name": "title",
                                                "Schema": "public",
                                                "Alias": "t",
                                                "Startup Cost": 0.0,
                                                "Total Cost": 45479.21,
                                                "Plan Rows": 145792,
                                                "Plan Width": 4,
                                                "Actual Startup Time": 0.077,
                                                "Actual Total Time": 79.924,
                                                "Actual Rows": 70423,
                                                "Actual Loops": 7,
                                                "Output": [
                                                    "t.id"
                                                ],
                                                "Filter": "((t.kind_id < 7) AND (t.production_year > 1998))",
                                                "Rows Removed by Filter": 290765,
                                                "Workers": [
                                                    {
                                                        "Worker Number": 0,
                                                        "Actual Startup Time": 0.083,
                                                        "Actual Total Time": 79.998,
                                                        "Actual Rows": 56360,
                                                        "Actual Loops": 1
                                                    },
                                                    {
                                                        "Worker Number": 1,
                                                        "Actual Startup Time": 0.166,
                                                        "Actual Total Time": 80.762,
                                                        "Actual Rows": 55858,
                                                        "Actual Loops": 1
                                                    },
                                                    {
                                                        "Worker Number": 2,
                                                        "Actual Startup Time": 0.067,
                                                        "Actual Total Time": 79.925,
                                                        "Actual Rows": 81074,
                                                        "Actual Loops": 1
                                                    },
                                                    {
                                                        "Worker Number": 3,
                                                        "Actual Startup Time": 0.067,
                                                        "Actual Total Time": 80.541,
                                                        "Actual Rows": 56086,
                                                        "Actual Loops": 1
                                                    },
                                                    {
                                                        "Worker Number": 4,
                                                        "Actual Startup Time": 0.066,
                                                        "Actual Total Time": 81.048,
                                                        "Actual Rows": 57173,
                                                        "Actual Loops": 1
                                                    },
                                                    {
                                                        "Worker Number": 5,
                                                        "Actual Startup Time": 0.069,
                                                        "Actual Total Time": 79.868,
                                                        "Actual Rows": 81637,
                                                        "Actual Loops": 1
                                                    }
                                                ]
                                            }
                                        ]
                                    }
                                ]
                            }
                        ]
                    }
                ]
            }
        ]
    },
    "Planning Time": 0.774,
    "Triggers": [],
    "Execution Time": 616.178
}