[
  {
    "Plan": {
      "Node Type": "Aggregate",
      "Strategy": "Plain",
      "Partial Mode": "Finalize",
      "Parallel Aware": false,
      "Startup Cost": 91647.32,
      "Total Cost": 91647.33,
      "Plan Rows": 1,
      "Plan Width": 8,
      "Actual Startup Time": 259.911,
      "Actual Total Time": 279.519,
      "Actual Rows": 1,
      "Actual Loops": 1,
      "Plans": [
        {
          "Node Type": "Gather",
          "Parent Relationship": "Outer",
          "Parallel Aware": false,
          "Startup Cost": 91647.01,
          "Total Cost": 91647.32,
          "Plan Rows": 3,
          "Plan Width": 8,
          "Actual Startup Time": 259.521,
          "Actual Total Time": 279.512,
          "Actual Rows": 4,
          "Actual Loops": 1,
          "Workers Planned": 3,
          "Workers Launched": 3,
          "Single Copy": false,
          "Plans": [
            {
              "Node Type": "Aggregate",
              "Strategy": "Plain",
              "Partial Mode": "Partial",
              "Parent Relationship": "Outer",
              "Parallel Aware": false,
              "Startup Cost": 90647.01,
              "Total Cost": 90647.02,
              "Plan Rows": 1,
              "Plan Width": 8,
              "Actual Startup Time": 254.012,
              "Actual Total Time": 254.015,
              "Actual Rows": 1,
              "Actual Loops": 4,
              "Plans": [
                {
                  "Node Type": "Hash Join",
                  "Parent Relationship": "Outer",
                  "Parallel Aware": true,
                  "Join Type": "Inner",
                  "Startup Cost": 45676.35,
                  "Total Cost": 90594.17,
                  "Plan Rows": 21135,
                  "Plan Width": 0,
                  "Actual Startup Time": 102.379,
                  "Actual Total Time": 253.474,
                  "Actual Rows": 10410,
                  "Actual Loops": 4,
                  "Inner Unique": true,
                  "Hash Cond": "(mk.movie_id = t.id)",
                  "Plans": [
                    {
                      "Node Type": "Seq Scan",
                      "Parent Relationship": "Outer",
                      "Parallel Aware": true,
                      "Relation Name": "movie_keyword",
                      "Alias": "mk",
                      "Startup Cost": 0.0,
                      "Total Cost": 42695.65,
                      "Plan Rows": 846540,
                      "Plan Width": 4,
                      "Actual Startup Time": 0.024,
                      "Actual Total Time": 103.603,
                      "Actual Rows": 654978,
                      "Actual Loops": 4,
                      "Filter": "(keyword_id < 7105)",
                      "Rows Removed by Filter": 476004
                    },
                    {
                      "Node Type": "Hash",
                      "Parent Relationship": "Inner",
                      "Parallel Aware": true,
                      "Startup Cost": 45479.1,
                      "Total Cost": 45479.1,
                      "Plan Rows": 15780,
                      "Plan Width": 4,
                      "Actual Startup Time": 101.117,
                      "Actual Total Time": 101.118,
                      "Actual Rows": 13476,
                      "Actual Loops": 4,
                      "Hash Buckets": 65536,
                      "Original Hash Buckets": 65536,
                      "Hash Batches": 1,
                      "Original Hash Batches": 1,
                      "Peak Memory Usage": 2720,
                      "Plans": [
                        {
                          "Node Type": "Seq Scan",
                          "Parent Relationship": "Outer",
                          "Parallel Aware": true,
                          "Relation Name": "title",
                          "Alias": "t",
                          "Startup Cost": 0.0,
                          "Total Cost": 45479.1,
                          "Plan Rows": 15780,
                          "Plan Width": 4,
                          "Actual Startup Time": 0.17,
                          "Actual Total Time": 96.109,
                          "Actual Rows": 13476,
                          "Actual Loops": 4,
                          "Filter": "((kind_id < 7) AND (production_year = 2012))",
                          "Rows Removed by Filter": 618602
                        }
                      ]
                    }
                  ]
                }
              ]
            }
          ]
        }
      ]
    },
    "Planning Time": 0.428,
    "Triggers": [],
    "Execution Time": 279.573
  }
]