[
  {
    "Plan": {
      "Node Type": "Aggregate",
      "Strategy": "Plain",
      "Partial Mode": "Finalize",
      "Parallel Aware": false,
      "Startup Cost": 339197.31,
      "Total Cost": 339197.32,
      "Plan Rows": 1,
      "Plan Width": 8,
      "Actual Startup Time": 703.135,
      "Actual Total Time": 727.805,
      "Actual Rows": 1,
      "Actual Loops": 1,
      "Plans": [
        {
          "Node Type": "Gather",
          "Parent Relationship": "Outer",
          "Parallel Aware": false,
          "Startup Cost": 339196.69,
          "Total Cost": 339197.3,
          "Plan Rows": 6,
          "Plan Width": 8,
          "Actual Startup Time": 703.047,
          "Actual Total Time": 727.797,
          "Actual Rows": 7,
          "Actual Loops": 1,
          "Workers Planned": 6,
          "Workers Launched": 6,
          "Single Copy": false,
          "Plans": [
            {
              "Node Type": "Aggregate",
              "Strategy": "Plain",
              "Partial Mode": "Partial",
              "Parent Relationship": "Outer",
              "Parallel Aware": false,
              "Startup Cost": 338196.69,
              "Total Cost": 338196.7,
              "Plan Rows": 1,
              "Plan Width": 8,
              "Actual Startup Time": 694.05,
              "Actual Total Time": 694.051,
              "Actual Rows": 1,
              "Actual Loops": 7,
              "Plans": [
                {
                  "Node Type": "Seq Scan",
                  "Parent Relationship": "Outer",
                  "Parallel Aware": true,
                  "Relation Name": "cast_info",
                  "Alias": "ci",
                  "Startup Cost": 0.0,
                  "Total Cost": 328213.62,
                  "Plan Rows": 3993228,
                  "Plan Width": 0,
                  "Actual Startup Time": 132.731,
                  "Actual Total Time": 552.26,
                  "Actual Rows": 3416118,
                  "Actual Loops": 7,
                  "Filter": "(person_id > 1214709)",
                  "Rows Removed by Filter": 1761645
                }
              ]
            }
          ]
        }
      ]
    },
    "Planning Time": 0.181,
    "Triggers": [],
    "Execution Time": 727.86
  }
]