[
  {
    "Plan": {
      "Node Type": "Aggregate",
      "Strategy": "Plain",
      "Partial Mode": "Finalize",
      "Parallel Aware": false,
      "Startup Cost": 23497.42,
      "Total Cost": 23497.43,
      "Plan Rows": 1,
      "Plan Width": 8,
      "Actual Startup Time": 50.723,
      "Actual Total Time": 57.039,
      "Actual Rows": 1,
      "Actual Loops": 1,
      "Plans": [
        {
          "Node Type": "Gather",
          "Parent Relationship": "Outer",
          "Parallel Aware": false,
          "Startup Cost": 23497.0,
          "Total Cost": 23497.41,
          "Plan Rows": 4,
          "Plan Width": 8,
          "Actual Startup Time": 50.613,
          "Actual Total Time": 57.032,
          "Actual Rows": 5,
          "Actual Loops": 1,
          "Workers Planned": 4,
          "Workers Launched": 4,
          "Single Copy": false,
          "Plans": [
            {
              "Node Type": "Aggregate",
              "Strategy": "Plain",
              "Partial Mode": "Partial",
              "Parent Relationship": "Outer",
              "Parallel Aware": false,
              "Startup Cost": 22497.0,
              "Total Cost": 22497.01,
              "Plan Rows": 1,
              "Plan Width": 8,
              "Actual Startup Time": 43.785,
              "Actual Total Time": 43.786,
              "Actual Rows": 1,
              "Actual Loops": 5,
              "Plans": [
                {
                  "Node Type": "Index Scan",
                  "Parent Relationship": "Outer",
                  "Parallel Aware": true,
                  "Scan Direction": "Forward",
                  "Index Name": "role_id_cast_info",
                  "Relation Name": "cast_info",
                  "Alias": "ci",
                  "Startup Cost": 0.56,
                  "Total Cost": 22393.76,
                  "Plan Rows": 41299,
                  "Plan Width": 0,
                  "Actual Startup Time": 0.163,
                  "Actual Total Time": 41.761,
                  "Actual Rows": 24415,
                  "Actual Loops": 5,
                  "Index Cond": "(role_id = 6)",
                  "Rows Removed by Index Recheck": 0,
                  "Filter": "(person_id < 737223)",
                  "Rows Removed by Filter": 130320
                }
              ]
            }
          ]
        }
      ]
    },
    "Planning Time": 0.198,
    "Triggers": [],
    "Execution Time": 57.091
  }
]