[
  {
    "Plan": {
      "Node Type": "Aggregate",
      "Strategy": "Plain",
      "Partial Mode": "Finalize",
      "Parallel Aware": false,
      "Startup Cost": 23657.9,
      "Total Cost": 23657.91,
      "Plan Rows": 1,
      "Plan Width": 8,
      "Actual Startup Time": 56.308,
      "Actual Total Time": 60.619,
      "Actual Rows": 1,
      "Actual Loops": 1,
      "Plans": [
        {
          "Node Type": "Gather",
          "Parent Relationship": "Outer",
          "Parallel Aware": false,
          "Startup Cost": 23657.48,
          "Total Cost": 23657.89,
          "Plan Rows": 4,
          "Plan Width": 8,
          "Actual Startup Time": 56.222,
          "Actual Total Time": 60.61,
          "Actual Rows": 5,
          "Actual Loops": 1,
          "Workers Planned": 4,
          "Workers Launched": 4,
          "Single Copy": false,
          "Plans": [
            {
              "Node Type": "Aggregate",
              "Strategy": "Plain",
              "Partial Mode": "Partial",
              "Parent Relationship": "Outer",
              "Parallel Aware": false,
              "Startup Cost": 22657.48,
              "Total Cost": 22657.49,
              "Plan Rows": 1,
              "Plan Width": 8,
              "Actual Startup Time": 48.049,
              "Actual Total Time": 48.05,
              "Actual Rows": 1,
              "Actual Loops": 5,
              "Plans": [
                {
                  "Node Type": "Index Scan",
                  "Parent Relationship": "Outer",
                  "Parallel Aware": true,
                  "Scan Direction": "Forward",
                  "Index Name": "role_id_cast_info",
                  "Relation Name": "cast_info",
                  "Alias": "ci",
                  "Startup Cost": 0.56,
                  "Total Cost": 22554.34,
                  "Plan Rows": 41254,
                  "Plan Width": 0,
                  "Actual Startup Time": 0.231,
                  "Actual Total Time": 45.401,
                  "Actual Rows": 24415,
                  "Actual Loops": 5,
                  "Index Cond": "(role_id = 6)",
                  "Rows Removed by Index Recheck": 0,
                  "Filter": "(person_id < 737223)",
                  "Rows Removed by Filter": 130320
                }
              ]
            }
          ]
        }
      ]
    },
    "Planning Time": 0.239,
    "Triggers": [],
    "Execution Time": 60.682
  }
]