[
    {
        "Bao": {
            "Bao prediction": "NaN",
            "Bao recommended hint": "(no hint)"
        }
    },
    {
        "Plan": {
            "Node Type": "Aggregate",
            "Strategy": "Plain",
            "Partial Mode": "Finalize",
            "Parallel Aware": false,
            "Startup Cost": 276111.76,
            "Total Cost": 276111.77,
            "Plan Rows": 1,
            "Plan Width": 8,
            "Actual Startup Time": 85.992,
            "Actual Total Time": 90.11,
            "Actual Rows": 1,
            "Actual Loops": 1,
            "Output": [
                "count(*)"
            ],
            "Plans": [
                {
                    "Node Type": "Gather",
                    "Parent Relationship": "Outer",
                    "Parallel Aware": false,
                    "Startup Cost": 276111.13,
                    "Total Cost": 276111.74,
                    "Plan Rows": 6,
                    "Plan Width": 8,
                    "Actual Startup Time": 85.696,
                    "Actual Total Time": 90.103,
                    "Actual Rows": 7,
                    "Actual Loops": 1,
                    "Output": [
                        "(PARTIAL count(*))"
                    ],
                    "Workers Planned": 6,
                    "Workers Launched": 6,
                    "Single Copy": false,
                    "Plans": [
                        {
                            "Node Type": "Aggregate",
                            "Strategy": "Plain",
                            "Partial Mode": "Partial",
                            "Parent Relationship": "Outer",
                            "Parallel Aware": false,
                            "Startup Cost": 275111.13,
                            "Total Cost": 275111.14,
                            "Plan Rows": 1,
                            "Plan Width": 8,
                            "Actual Startup Time": 75.458,
                            "Actual Total Time": 75.459,
                            "Actual Rows": 1,
                            "Actual Loops": 7,
                            "Output": [
                                "PARTIAL count(*)"
                            ],
                            "Workers": [
                                {
                                    "Worker Number": 0,
                                    "Actual Startup Time": 73.014,
                                    "Actual Total Time": 73.015,
                                    "Actual Rows": 1,
                                    "Actual Loops": 1
                                },
                                {
                                    "Worker Number": 1,
                                    "Actual Startup Time": 73.481,
                                    "Actual Total Time": 73.482,
                                    "Actual Rows": 1,
                                    "Actual Loops": 1
                                },
                                {
                                    "Worker Number": 2,
                                    "Actual Startup Time": 73.419,
                                    "Actual Total Time": 73.421,
                                    "Actual Rows": 1,
                                    "Actual Loops": 1
                                },
                                {
                                    "Worker Number": 3,
                                    "Actual Startup Time": 74.045,
                                    "Actual Total Time": 74.046,
                                    "Actual Rows": 1,
                                    "Actual Loops": 1
                                },
                                {
                                    "Worker Number": 4,
                                    "Actual Startup Time": 74.337,
                                    "Actual Total Time": 74.338,
                                    "Actual Rows": 1,
                                    "Actual Loops": 1
                                },
                                {
                                    "Worker Number": 5,
                                    "Actual Startup Time": 74.599,
                                    "Actual Total Time": 74.6,
                                    "Actual Rows": 1,
                                    "Actual Loops": 1
                                }
                            ],
                            "Plans": [
                                {
                                    "Node Type": "Bitmap Heap Scan",
                                    "Parent Relationship": "Outer",
                                    "Parallel Aware": true,
                                    "Relation Name": "cast_info",
                                    "Schema": "public",
                                    "Alias": "ci",
                                    "Startup Cost": 20143.26,
                                    "Total Cost": 274730.99,
                                    "Plan Rows": 152058,
                                    "Plan Width": 0,
                                    "Actual Startup Time": 25.197,
                                    "Actual Total Time": 65.323,
                                    "Actual Rows": 133969,
                                    "Actual Loops": 7,
                                    "Recheck Cond": "(ci.person_id < 96847)",
                                    "Rows Removed by Index Recheck": 0,
                                    "Exact Heap Blocks": 3074,
                                    "Lossy Heap Blocks": 0,
                                    "Workers": [
                                        {
                                            "Worker Number": 0,
                                            "Actual Startup Time": 23.154,
                                            "Actual Total Time": 63.376,
                                            "Actual Rows": 103639,
                                            "Actual Loops": 1
                                        },
                                        {
                                            "Worker Number": 1,
                                            "Actual Startup Time": 23.495,
                                            "Actual Total Time": 63.432,
                                            "Actual Rows": 99906,
                                            "Actual Loops": 1
                                        },
                                        {
                                            "Worker Number": 2,
                                            "Actual Startup Time": 23.49,
                                            "Actual Total Time": 63.734,
                                            "Actual Rows": 90969,
                                            "Actual Loops": 1
                                        },
                                        {
                                            "Worker Number": 3,
                                            "Actual Startup Time": 23.797,
                                            "Actual Total Time": 64.169,
                                            "Actual Rows": 110864,
                                            "Actual Loops": 1
                                        },
                                        {
                                            "Worker Number": 4,
                                            "Actual Startup Time": 23.867,
                                            "Actual Total Time": 64.569,
                                            "Actual Rows": 101357,
                                            "Actual Loops": 1
                                        },
                                        {
                                            "Worker Number": 5,
                                            "Actual Startup Time": 24.083,
                                            "Actual Total Time": 64.747,
                                            "Actual Rows": 110046,
                                            "Actual Loops": 1
                                        }
                                    ],
                                    "Plans": [
                                        {
                                            "Node Type": "Bitmap Index Scan",
                                            "Parent Relationship": "Outer",
                                            "Parallel Aware": false,
                                            "Index Name": "person_id_cast_info",
                                            "Startup Cost": 0.0,
                                            "Total Cost": 19915.17,
                                            "Plan Rows": 912348,
                                            "Plan Width": 0,
                                            "Actual Startup Time": 33.127,
                                            "Actual Total Time": 33.127,
                                            "Actual Rows": 937781,
                                            "Actual Loops": 1,
                                            "Index Cond": "(ci.person_id < 96847)"
                                        }
                                    ]
                                }
                            ]
                        }
                    ]
                }
            ]
        },
        "Planning Time": 182.788,
        "Triggers": [],
        "Execution Time": 90.165
    }
]