{
  "Plan": {
    "Node Type": "Aggregate",
    "Strategy": "Plain",
    "Partial Mode": "Finalize",
    "Parallel Aware": false,
    "Startup Cost": 115480.51,
    "Total Cost": 115480.52,
    "Plan Rows": 1,
    "Plan Width": 8,
    "Actual Startup Time": 490.252,
    "Actual Total Time": 507.873,
    "Actual Rows": 1,
    "Actual Loops": 1,
    "Plans": [
      {
        "Node Type": "Gather",
        "Parent Relationship": "Outer",
        "Parallel Aware": false,
        "Startup Cost": 115480.39,
        "Total Cost": 115480.5,
        "Plan Rows": 1,
        "Plan Width": 8,
        "Actual Startup Time": 489.778,
        "Actual Total Time": 507.863,
        "Actual Rows": 2,
        "Actual Loops": 1,
        "Workers Planned": 1,
        "Workers Launched": 1,
        "Single Copy": false,
        "Plans": [
          {
            "Node Type": "Aggregate",
            "Strategy": "Plain",
            "Partial Mode": "Partial",
            "Parent Relationship": "Outer",
            "Parallel Aware": false,
            "Startup Cost": 114480.39,
            "Total Cost": 114480.4,
            "Plan Rows": 1,
            "Plan Width": 8,
            "Actual Startup Time": 483.722,
            "Actual Total Time": 483.725,
            "Actual Rows": 1,
            "Actual Loops": 2,
            "Plans": [
              {
                "Node Type": "Hash Join",
                "Parent Relationship": "Outer",
                "Parallel Aware": true,
                "Join Type": "Inner",
                "Startup Cost": 56342.08,
                "Total Cost": 114392.92,
                "Plan Rows": 34989,
                "Plan Width": 0,
                "Actual Startup Time": 225.747,
                "Actual Total Time": 481.716,
                "Actual Rows": 47114,
                "Actual Loops": 2,
                "Inner Unique": true,
                "Hash Cond": "(mk.movie_id = t.id)",
                "Plans": [
                  {
                    "Node Type": "Seq Scan",
                    "Parent Relationship": "Outer",
                    "Parallel Aware": true,
                    "Relation Name": "movie_keyword",
                    "Alias": "mk",
                    "Startup Cost": 0.0,
                    "Total Cost": 51065.35,
                    "Plan Rows": 2661135,
                    "Plan Width": 4,
                    "Actual Startup Time": 0.018,
                    "Actual Total Time": 155.109,
                    "Actual Rows": 2261965,
                    "Actual Loops": 2
                  },
                  {
                    "Node Type": "Hash",
                    "Parent Relationship": "Inner",
                    "Parallel Aware": true,
                    "Startup Cost": 56097.65,
                    "Total Cost": 56097.65,
                    "Plan Rows": 19554,
                    "Plan Width": 4,
                    "Actual Startup Time": 159.635,
                    "Actual Total Time": 159.636,
                    "Actual Rows": 56256,
                    "Actual Loops": 2,
                    "Hash Buckets": 131072,
                    "Original Hash Buckets": 65536,
                    "Hash Batches": 1,
                    "Original Hash Batches": 1,
                    "Peak Memory Usage": 5984,
                    "Plans": [
                      {
                        "Node Type": "Bitmap Heap Scan",
                        "Parent Relationship": "Outer",
                        "Parallel Aware": true,
                        "Relation Name": "title",
                        "Alias": "t",
                        "Startup Cost": 13447.27,
                        "Total Cost": 56097.65,
                        "Plan Rows": 19554,
                        "Plan Width": 4,
                        "Actual Startup Time": 96.722,
                        "Actual Total Time": 148.339,
                        "Actual Rows": 56256,
                        "Actual Loops": 2,
                        "Recheck Cond": "(kind_id < 3)",
                        "Rows Removed by Index Recheck": 0,
                        "Filter": "(production_year < 1929)",
                        "Rows Removed by Filter": 320583,
                        "Exact Heap Blocks": 27154,
                        "Lossy Heap Blocks": 0,
                        "Plans": [
                          {
                            "Node Type": "Bitmap Index Scan",
                            "Parent Relationship": "Outer",
                            "Parallel Aware": false,
                            "Index Name": "kind_id_title",
                            "Startup Cost": 0.0,
                            "Total Cost": 13438.96,
                            "Plan Rows": 753937,
                            "Plan Width": 0,
                            "Actual Startup Time": 55.334,
                            "Actual Total Time": 55.334,
                            "Actual Rows": 753677,
                            "Actual Loops": 1,
                            "Index Cond": "(kind_id < 3)"
                          }
                        ]
                      }
                    ]
                  }
                ]
              }
            ]
          }
        ]
      }
    ]
  },
  "Planning Time": 0.517,
  "Triggers": [],
  "Execution Time": 507.978
}