[
  {
    "Plan": {
      "Node Type": "Aggregate",
      "Strategy": "Plain",
      "Partial Mode": "Finalize",
      "Parallel Aware": false,
      "Startup Cost": 32976.19,
      "Total Cost": 32976.2,
      "Plan Rows": 1,
      "Plan Width": 8,
      "Actual Startup Time": 101.648,
      "Actual Total Time": 109.974,
      "Actual Rows": 1,
      "Actual Loops": 1,
      "Plans": [
        {
          "Node Type": "Gather",
          "Parent Relationship": "Outer",
          "Parallel Aware": false,
          "Startup Cost": 32975.88,
          "Total Cost": 32976.19,
          "Plan Rows": 3,
          "Plan Width": 8,
          "Actual Startup Time": 101.526,
          "Actual Total Time": 109.966,
          "Actual Rows": 4,
          "Actual Loops": 1,
          "Workers Planned": 3,
          "Workers Launched": 3,
          "Single Copy": false,
          "Plans": [
            {
              "Node Type": "Aggregate",
              "Strategy": "Plain",
              "Partial Mode": "Partial",
              "Parent Relationship": "Outer",
              "Parallel Aware": false,
              "Startup Cost": 31975.88,
              "Total Cost": 31975.89,
              "Plan Rows": 1,
              "Plan Width": 8,
              "Actual Startup Time": 93.993,
              "Actual Total Time": 93.994,
              "Actual Rows": 1,
              "Actual Loops": 4,
              "Plans": [
                {
                  "Node Type": "Seq Scan",
                  "Parent Relationship": "Outer",
                  "Parallel Aware": true,
                  "Relation Name": "movie_companies",
                  "Alias": "mc",
                  "Startup Cost": 0.0,
                  "Total Cost": 31414.82,
                  "Plan Rows": 224423,
                  "Plan Width": 0,
                  "Actual Startup Time": 0.047,
                  "Actual Total Time": 80.007,
                  "Actual Rows": 239579,
                  "Actual Loops": 4,
                  "Filter": "((company_id < 12357) AND (company_type_id < 2))",
                  "Rows Removed by Filter": 412704
                }
              ]
            }
          ]
        }
      ]
    },
    "Planning Time": 0.219,
    "Triggers": [],
    "Execution Time": 110.032
  }
]