{
  "Plan": {
    "Node Type": "Aggregate",
    "Strategy": "Plain",
    "Partial Mode": "Finalize",
    "Parallel Aware": false,
    "Startup Cost": 283517.44,
    "Total Cost": 283517.45,
    "Plan Rows": 1,
    "Plan Width": 8,
    "Actual Startup Time": 204.14,
    "Actual Total Time": 233.581,
    "Actual Rows": 1,
    "Actual Loops": 1,
    "Plans": [
      {
        "Node Type": "Gather",
        "Parent Relationship": "Outer",
        "Parallel Aware": false,
        "Startup Cost": 283517.33,
        "Total Cost": 283517.44,
        "Plan Rows": 1,
        "Plan Width": 8,
        "Actual Startup Time": 204.03,
        "Actual Total Time": 233.573,
        "Actual Rows": 2,
        "Actual Loops": 1,
        "Workers Planned": 1,
        "Workers Launched": 1,
        "Single Copy": false,
        "Plans": [
          {
            "Node Type": "Aggregate",
            "Strategy": "Plain",
            "Partial Mode": "Partial",
            "Parent Relationship": "Outer",
            "Parallel Aware": false,
            "Startup Cost": 282517.33,
            "Total Cost": 282517.34,
            "Plan Rows": 1,
            "Plan Width": 8,
            "Actual Startup Time": 200.995,
            "Actual Total Time": 200.997,
            "Actual Rows": 1,
            "Actual Loops": 2,
            "Plans": [
              {
                "Node Type": "Nested Loop",
                "Parent Relationship": "Outer",
                "Parallel Aware": false,
                "Join Type": "Inner",
                "Startup Cost": 0.56,
                "Total Cost": 282501.23,
                "Plan Rows": 6439,
                "Plan Width": 0,
                "Actual Startup Time": 3.641,
                "Actual Total Time": 200.479,
                "Actual Rows": 6946,
                "Actual Loops": 2,
                "Inner Unique": false,
                "Plans": [
                  {
                    "Node Type": "Seq Scan",
                    "Parent Relationship": "Outer",
                    "Parallel Aware": true,
                    "Relation Name": "title",
                    "Alias": "t",
                    "Startup Cost": 0.0,
                    "Total Cost": 58306.47,
                    "Plan Rows": 1769,
                    "Plan Width": 4,
                    "Actual Startup Time": 3.209,
                    "Actual Total Time": 123.018,
                    "Actual Rows": 1823,
                    "Actual Loops": 2,
                    "Filter": "((kind_id < 7) AND (production_year = 1957))",
                    "Rows Removed by Filter": 1262333
                  },
                  {
                    "Node Type": "Index Scan",
                    "Parent Relationship": "Inner",
                    "Parallel Aware": false,
                    "Scan Direction": "Forward",
                    "Index Name": "movie_id_cast_info",
                    "Relation Name": "cast_info",
                    "Alias": "ci",
                    "Startup Cost": 0.56,
                    "Total Cost": 126.65,
                    "Plan Rows": 9,
                    "Plan Width": 4,
                    "Actual Startup Time": 0.033,
                    "Actual Total Time": 0.042,
                    "Actual Rows": 4,
                    "Actual Loops": 3646,
                    "Index Cond": "(movie_id = t.id)",
                    "Rows Removed by Index Recheck": 0,
                    "Filter": "((person_id > 1567909) AND (role_id > 2))",
                    "Rows Removed by Filter": 12
                  }
                ]
              }
            ]
          }
        ]
      }
    ]
  },
  "Planning Time": 0.318,
  "Triggers": [],
  "Execution Time": 233.637
}