[
  {
    "Plan": {
      "Node Type": "Aggregate",
      "Strategy": "Plain",
      "Partial Mode": "Finalize",
      "Parallel Aware": false,
      "Startup Cost": 10281.38,
      "Total Cost": 10281.39,
      "Plan Rows": 1,
      "Plan Width": 8,
      "Actual Startup Time": 36.87,
      "Actual Total Time": 41.057,
      "Actual Rows": 1,
      "Actual Loops": 1,
      "Plans": [
        {
          "Node Type": "Gather",
          "Parent Relationship": "Outer",
          "Parallel Aware": false,
          "Startup Cost": 10281.06,
          "Total Cost": 10281.37,
          "Plan Rows": 3,
          "Plan Width": 8,
          "Actual Startup Time": 36.813,
          "Actual Total Time": 41.05,
          "Actual Rows": 4,
          "Actual Loops": 1,
          "Workers Planned": 3,
          "Workers Launched": 3,
          "Single Copy": false,
          "Plans": [
            {
              "Node Type": "Aggregate",
              "Strategy": "Plain",
              "Partial Mode": "Partial",
              "Parent Relationship": "Outer",
              "Parallel Aware": false,
              "Startup Cost": 9281.06,
              "Total Cost": 9281.07,
              "Plan Rows": 1,
              "Plan Width": 8,
              "Actual Startup Time": 31.182,
              "Actual Total Time": 31.183,
              "Actual Rows": 1,
              "Actual Loops": 4,
              "Plans": [
                {
                  "Node Type": "Index Scan",
                  "Parent Relationship": "Outer",
                  "Parallel Aware": true,
                  "Scan Direction": "Forward",
                  "Index Name": "role_id_cast_info",
                  "Relation Name": "cast_info",
                  "Alias": "ci",
                  "Startup Cost": 0.56,
                  "Total Cost": 9091.72,
                  "Plan Rows": 75736,
                  "Plan Width": 0,
                  "Actual Startup Time": 0.097,
                  "Actual Total Time": 25.914,
                  "Actual Rows": 69670,
                  "Actual Loops": 4,
                  "Index Cond": "(role_id = 11)",
                  "Rows Removed by Index Recheck": 0,
                  "Filter": "(person_id > 916625)",
                  "Rows Removed by Filter": 9360
                }
              ]
            }
          ]
        }
      ]
    },
    "Planning Time": 0.159,
    "Triggers": [],
    "Execution Time": 41.1
  }
]