[
    {
        "Bao": {
            "Bao prediction": "NaN",
            "Bao recommended hint": "(no hint)"
        }
    },
    {
        "Plan": {
            "Node Type": "Aggregate",
            "Strategy": "Plain",
            "Partial Mode": "Finalize",
            "Parallel Aware": false,
            "Startup Cost": 321082.43,
            "Total Cost": 321082.44,
            "Plan Rows": 1,
            "Plan Width": 8,
            "Actual Startup Time": 241.203,
            "Actual Total Time": 247.253,
            "Actual Rows": 1,
            "Actual Loops": 1,
            "Output": [
                "count(*)"
            ],
            "Plans": [
                {
                    "Node Type": "Gather",
                    "Parent Relationship": "Outer",
                    "Parallel Aware": false,
                    "Startup Cost": 321081.8,
                    "Total Cost": 321082.41,
                    "Plan Rows": 6,
                    "Plan Width": 8,
                    "Actual Startup Time": 240.332,
                    "Actual Total Time": 247.246,
                    "Actual Rows": 7,
                    "Actual Loops": 1,
                    "Output": [
                        "(PARTIAL count(*))"
                    ],
                    "Workers Planned": 6,
                    "Workers Launched": 6,
                    "Single Copy": false,
                    "Plans": [
                        {
                            "Node Type": "Aggregate",
                            "Strategy": "Plain",
                            "Partial Mode": "Partial",
                            "Parent Relationship": "Outer",
                            "Parallel Aware": false,
                            "Startup Cost": 320081.8,
                            "Total Cost": 320081.81,
                            "Plan Rows": 1,
                            "Plan Width": 8,
                            "Actual Startup Time": 230.3,
                            "Actual Total Time": 230.301,
                            "Actual Rows": 1,
                            "Actual Loops": 7,
                            "Output": [
                                "PARTIAL count(*)"
                            ],
                            "Workers": [
                                {
                                    "Worker Number": 0,
                                    "Actual Startup Time": 227.889,
                                    "Actual Total Time": 227.89,
                                    "Actual Rows": 1,
                                    "Actual Loops": 1
                                },
                                {
                                    "Worker Number": 1,
                                    "Actual Startup Time": 227.956,
                                    "Actual Total Time": 227.958,
                                    "Actual Rows": 1,
                                    "Actual Loops": 1
                                },
                                {
                                    "Worker Number": 2,
                                    "Actual Startup Time": 228.507,
                                    "Actual Total Time": 228.508,
                                    "Actual Rows": 1,
                                    "Actual Loops": 1
                                },
                                {
                                    "Worker Number": 3,
                                    "Actual Startup Time": 228.874,
                                    "Actual Total Time": 228.876,
                                    "Actual Rows": 1,
                                    "Actual Loops": 1
                                },
                                {
                                    "Worker Number": 4,
                                    "Actual Startup Time": 229.25,
                                    "Actual Total Time": 229.251,
                                    "Actual Rows": 1,
                                    "Actual Loops": 1
                                },
                                {
                                    "Worker Number": 5,
                                    "Actual Startup Time": 229.596,
                                    "Actual Total Time": 229.598,
                                    "Actual Rows": 1,
                                    "Actual Loops": 1
                                }
                            ],
                            "Plans": [
                                {
                                    "Node Type": "Bitmap Heap Scan",
                                    "Parent Relationship": "Outer",
                                    "Parallel Aware": true,
                                    "Relation Name": "cast_info",
                                    "Schema": "public",
                                    "Alias": "ci",
                                    "Startup Cost": 60539.62,
                                    "Total Cost": 318939.27,
                                    "Plan Rows": 457012,
                                    "Plan Width": 0,
                                    "Actual Startup Time": 109.4,
                                    "Actual Total Time": 206.041,
                                    "Actual Rows": 399939,
                                    "Actual Loops": 7,
                                    "Recheck Cond": "(ci.person_id < 269441)",
                                    "Rows Removed by Index Recheck": 0,
                                    "Exact Heap Blocks": 7256,
                                    "Lossy Heap Blocks": 0,
                                    "Workers": [
                                        {
                                            "Worker Number": 0,
                                            "Actual Startup Time": 107.085,
                                            "Actual Total Time": 203.74,
                                            "Actual Rows": 309010,
                                            "Actual Loops": 1
                                        },
                                        {
                                            "Worker Number": 1,
                                            "Actual Startup Time": 107.042,
                                            "Actual Total Time": 203.79,
                                            "Actual Rows": 314994,
                                            "Actual Loops": 1
                                        },
                                        {
                                            "Worker Number": 2,
                                            "Actual Startup Time": 107.693,
                                            "Actual Total Time": 205.771,
                                            "Actual Rows": 294529,
                                            "Actual Loops": 1
                                        },
                                        {
                                            "Worker Number": 3,
                                            "Actual Startup Time": 108.13,
                                            "Actual Total Time": 204.599,
                                            "Actual Rows": 315050,
                                            "Actual Loops": 1
                                        },
                                        {
                                            "Worker Number": 4,
                                            "Actual Startup Time": 108.404,
                                            "Actual Total Time": 206.916,
                                            "Actual Rows": 418352,
                                            "Actual Loops": 1
                                        },
                                        {
                                            "Worker Number": 5,
                                            "Actual Startup Time": 108.66,
                                            "Actual Total Time": 205.516,
                                            "Actual Rows": 444381,
                                            "Actual Loops": 1
                                        }
                                    ],
                                    "Plans": [
                                        {
                                            "Node Type": "Bitmap Index Scan",
                                            "Parent Relationship": "Outer",
                                            "Parallel Aware": false,
                                            "Index Name": "person_id_cast_info",
                                            "Startup Cost": 0.0,
                                            "Total Cost": 59854.11,
                                            "Plan Rows": 2742072,
                                            "Plan Width": 0,
                                            "Actual Startup Time": 114.172,
                                            "Actual Total Time": 114.172,
                                            "Actual Rows": 2799573,
                                            "Actual Loops": 1,
                                            "Index Cond": "(ci.person_id < 269441)"
                                        }
                                    ]
                                }
                            ]
                        }
                    ]
                }
            ]
        },
        "Planning Time": 185.595,
        "Triggers": [],
        "Execution Time": 247.3
    }
]