[
  {
    "Plan": {
      "Node Type": "Aggregate",
      "Strategy": "Plain",
      "Partial Mode": "Finalize",
      "Parallel Aware": false,
      "Startup Cost": 46428.53,
      "Total Cost": 46428.54,
      "Plan Rows": 1,
      "Plan Width": 8,
      "Actual Startup Time": 143.752,
      "Actual Total Time": 154.601,
      "Actual Rows": 1,
      "Actual Loops": 1,
      "Plans": [
        {
          "Node Type": "Gather",
          "Parent Relationship": "Outer",
          "Parallel Aware": false,
          "Startup Cost": 46428.11,
          "Total Cost": 46428.52,
          "Plan Rows": 4,
          "Plan Width": 8,
          "Actual Startup Time": 143.571,
          "Actual Total Time": 154.587,
          "Actual Rows": 5,
          "Actual Loops": 1,
          "Workers Planned": 4,
          "Workers Launched": 4,
          "Single Copy": false,
          "Plans": [
            {
              "Node Type": "Aggregate",
              "Strategy": "Plain",
              "Partial Mode": "Partial",
              "Parent Relationship": "Outer",
              "Parallel Aware": false,
              "Startup Cost": 45428.11,
              "Total Cost": 45428.12,
              "Plan Rows": 1,
              "Plan Width": 8,
              "Actual Startup Time": 133.829,
              "Actual Total Time": 133.83,
              "Actual Rows": 1,
              "Actual Loops": 5,
              "Plans": [
                {
                  "Node Type": "Seq Scan",
                  "Parent Relationship": "Outer",
                  "Parallel Aware": true,
                  "Relation Name": "title",
                  "Alias": "t",
                  "Startup Cost": 0.0,
                  "Total Cost": 43899.32,
                  "Plan Rows": 611514,
                  "Plan Width": 0,
                  "Actual Startup Time": 0.053,
                  "Actual Total Time": 107.828,
                  "Actual Rows": 489357,
                  "Actual Loops": 5,
                  "Filter": "(production_year > 1901)",
                  "Rows Removed by Filter": 16306
                }
              ]
            }
          ]
        }
      ]
    },
    "Planning Time": 0.126,
    "Triggers": [],
    "Execution Time": 154.655
  }
]