[
  {
    "Plan": {
      "Node Type": "Aggregate",
      "Strategy": "Plain",
      "Partial Mode": "Finalize",
      "Parallel Aware": false,
      "Startup Cost": 33288.3,
      "Total Cost": 33288.31,
      "Plan Rows": 1,
      "Plan Width": 8,
      "Actual Startup Time": 109.451,
      "Actual Total Time": 119.765,
      "Actual Rows": 1,
      "Actual Loops": 1,
      "Plans": [
        {
          "Node Type": "Gather",
          "Parent Relationship": "Outer",
          "Parallel Aware": false,
          "Startup Cost": 33287.98,
          "Total Cost": 33288.29,
          "Plan Rows": 3,
          "Plan Width": 8,
          "Actual Startup Time": 109.23,
          "Actual Total Time": 119.758,
          "Actual Rows": 4,
          "Actual Loops": 1,
          "Workers Planned": 3,
          "Workers Launched": 3,
          "Single Copy": false,
          "Plans": [
            {
              "Node Type": "Aggregate",
              "Strategy": "Plain",
              "Partial Mode": "Partial",
              "Parent Relationship": "Outer",
              "Parallel Aware": false,
              "Startup Cost": 32287.98,
              "Total Cost": 32287.99,
              "Plan Rows": 1,
              "Plan Width": 8,
              "Actual Startup Time": 101.393,
              "Actual Total Time": 101.394,
              "Actual Rows": 1,
              "Actual Loops": 4,
              "Plans": [
                {
                  "Node Type": "Seq Scan",
                  "Parent Relationship": "Outer",
                  "Parallel Aware": true,
                  "Relation Name": "movie_companies",
                  "Alias": "mc",
                  "Startup Cost": 0.0,
                  "Total Cost": 31414.82,
                  "Plan Rows": 349265,
                  "Plan Width": 0,
                  "Actual Startup Time": 51.679,
                  "Actual Total Time": 91.288,
                  "Actual Rows": 212940,
                  "Actual Loops": 4,
                  "Filter": "((company_id < 75065) AND (company_type_id > 1))",
                  "Rows Removed by Filter": 439343
                }
              ]
            }
          ]
        }
      ]
    },
    "Planning Time": 0.25,
    "Triggers": [],
    "Execution Time": 119.823
  }
]