[
  {
    "Plan": {
      "Node Type": "Aggregate",
      "Strategy": "Plain",
      "Partial Mode": "Finalize",
      "Parallel Aware": false,
      "Startup Cost": 96029.65,
      "Total Cost": 96029.66,
      "Plan Rows": 1,
      "Plan Width": 8,
      "Actual Startup Time": 523.151,
      "Actual Total Time": 541.345,
      "Actual Rows": 1,
      "Actual Loops": 1,
      "Plans": [
        {
          "Node Type": "Gather",
          "Parent Relationship": "Outer",
          "Parallel Aware": false,
          "Startup Cost": 96029.34,
          "Total Cost": 96029.65,
          "Plan Rows": 3,
          "Plan Width": 8,
          "Actual Startup Time": 512.614,
          "Actual Total Time": 541.328,
          "Actual Rows": 4,
          "Actual Loops": 1,
          "Workers Planned": 3,
          "Workers Launched": 3,
          "Single Copy": false,
          "Plans": [
            {
              "Node Type": "Aggregate",
              "Strategy": "Plain",
              "Partial Mode": "Partial",
              "Parent Relationship": "Outer",
              "Parallel Aware": false,
              "Startup Cost": 95029.34,
              "Total Cost": 95029.35,
              "Plan Rows": 1,
              "Plan Width": 8,
              "Actual Startup Time": 500.757,
              "Actual Total Time": 500.76,
              "Actual Rows": 1,
              "Actual Loops": 4,
              "Plans": [
                {
                  "Node Type": "Hash Join",
                  "Parent Relationship": "Outer",
                  "Parallel Aware": true,
                  "Join Type": "Inner",
                  "Startup Cost": 49827.08,
                  "Total Cost": 93984.66,
                  "Plan Rows": 417869,
                  "Plan Width": 0,
                  "Actual Startup Time": 298.43,
                  "Actual Total Time": 487.169,
                  "Actual Rows": 296713,
                  "Actual Loops": 4,
                  "Inner Unique": true,
                  "Hash Cond": "(mk.movie_id = t.id)",
                  "Plans": [
                    {
                      "Node Type": "Seq Scan",
                      "Parent Relationship": "Outer",
                      "Parallel Aware": true,
                      "Relation Name": "movie_keyword",
                      "Alias": "mk",
                      "Startup Cost": 0.0,
                      "Total Cost": 42695.65,
                      "Plan Rows": 556927,
                      "Plan Width": 4,
                      "Actual Startup Time": 0.553,
                      "Actual Total Time": 107.553,
                      "Actual Rows": 433703,
                      "Actual Loops": 4,
                      "Filter": "(keyword_id > 8131)",
                      "Rows Removed by Filter": 697280
                    },
                    {
                      "Node Type": "Hash",
                      "Parent Relationship": "Inner",
                      "Parallel Aware": true,
                      "Startup Cost": 43898.92,
                      "Total Cost": 43898.92,
                      "Plan Rows": 474253,
                      "Plan Width": 4,
                      "Actual Startup Time": 289.958,
                      "Actual Total Time": 289.958,
                      "Actual Rows": 471942,
                      "Actual Loops": 4,
                      "Hash Buckets": 2097152,
                      "Original Hash Buckets": 2097152,
                      "Hash Batches": 1,
                      "Original Hash Batches": 1,
                      "Peak Memory Usage": 90304,
                      "Plans": [
                        {
                          "Node Type": "Seq Scan",
                          "Parent Relationship": "Outer",
                          "Parallel Aware": true,
                          "Relation Name": "title",
                          "Alias": "t",
                          "Startup Cost": 0.0,
                          "Total Cost": 43898.92,
                          "Plan Rows": 474253,
                          "Plan Width": 4,
                          "Actual Startup Time": 0.039,
                          "Actual Total Time": 117.88,
                          "Actual Rows": 471942,
                          "Actual Loops": 4,
                          "Filter": "(production_year > 1983)",
                          "Rows Removed by Filter": 160136
                        }
                      ]
                    }
                  ]
                }
              ]
            }
          ]
        }
      ]
    },
    "Planning Time": 0.601,
    "Triggers": [],
    "Execution Time": 541.413
  }
]