[
  {
    "Plan": {
      "Node Type": "Aggregate",
      "Strategy": "Plain",
      "Partial Mode": "Finalize",
      "Parallel Aware": false,
      "Startup Cost": 118487.69,
      "Total Cost": 118487.7,
      "Plan Rows": 1,
      "Plan Width": 8,
      "Actual Startup Time": 1496.032,
      "Actual Total Time": 1548.485,
      "Actual Rows": 1,
      "Actual Loops": 1,
      "Plans": [
        {
          "Node Type": "Gather",
          "Parent Relationship": "Outer",
          "Parallel Aware": false,
          "Startup Cost": 118487.38,
          "Total Cost": 118487.69,
          "Plan Rows": 3,
          "Plan Width": 8,
          "Actual Startup Time": 1490.238,
          "Actual Total Time": 1548.477,
          "Actual Rows": 4,
          "Actual Loops": 1,
          "Workers Planned": 3,
          "Workers Launched": 3,
          "Single Copy": false,
          "Plans": [
            {
              "Node Type": "Aggregate",
              "Strategy": "Plain",
              "Partial Mode": "Partial",
              "Parent Relationship": "Outer",
              "Parallel Aware": false,
              "Startup Cost": 117487.38,
              "Total Cost": 117487.39,
              "Plan Rows": 1,
              "Plan Width": 8,
              "Actual Startup Time": 1481.1,
              "Actual Total Time": 1481.105,
              "Actual Rows": 1,
              "Actual Loops": 4,
              "Plans": [
                {
                  "Node Type": "Nested Loop",
                  "Parent Relationship": "Outer",
                  "Parallel Aware": false,
                  "Join Type": "Inner",
                  "Startup Cost": 49900.55,
                  "Total Cost": 117233.36,
                  "Plan Rows": 101606,
                  "Plan Width": 0,
                  "Actual Startup Time": 212.514,
                  "Actual Total Time": 1349.546,
                  "Actual Rows": 2308708,
                  "Actual Loops": 4,
                  "Inner Unique": false,
                  "Plans": [
                    {
                      "Node Type": "Hash Join",
                      "Parent Relationship": "Outer",
                      "Parallel Aware": true,
                      "Join Type": "Inner",
                      "Startup Cost": 49900.12,
                      "Total Cost": 75024.93,
                      "Plan Rows": 17305,
                      "Plan Width": 8,
                      "Actual Startup Time": 212.379,
                      "Actual Total Time": 262.875,
                      "Actual Rows": 33897,
                      "Actual Loops": 4,
                      "Inner Unique": true,
                      "Hash Cond": "(mk.movie_id = t.id)",
                      "Plans": [
                        {
                          "Node Type": "Bitmap Heap Scan",
                          "Parent Relationship": "Outer",
                          "Parallel Aware": true,
                          "Relation Name": "movie_keyword",
                          "Alias": "mk",
                          "Startup Cost": 2917.97,
                          "Total Cost": 27926.36,
                          "Plan Rows": 44351,
                          "Plan Width": 4,
                          "Actual Startup Time": 10.263,
                          "Actual Total Time": 40.144,
                          "Actual Rows": 33897,
                          "Actual Loops": 4,
                          "Recheck Cond": "(keyword_id > 75581)",
                          "Rows Removed by Index Recheck": 0,
                          "Exact Heap Blocks": 7368,
                          "Lossy Heap Blocks": 0,
                          "Plans": [
                            {
                              "Node Type": "Bitmap Index Scan",
                              "Parent Relationship": "Outer",
                              "Parallel Aware": false,
                              "Index Name": "keyword_id_movie_keyword",
                              "Startup Cost": 0.0,
                              "Total Cost": 2883.6,
                              "Plan Rows": 137489,
                              "Plan Width": 0,
                              "Actual Startup Time": 7.46,
                              "Actual Total Time": 7.46,
                              "Actual Rows": 135589,
                              "Actual Loops": 1,
                              "Index Cond": "(keyword_id > 75581)"
                            }
                          ]
                        },
                        {
                          "Node Type": "Hash",
                          "Parent Relationship": "Inner",
                          "Parallel Aware": true,
                          "Startup Cost": 43899.32,
                          "Total Cost": 43899.32,
                          "Plan Rows": 246626,
                          "Plan Width": 4,
                          "Actual Startup Time": 199.16,
                          "Actual Total Time": 199.161,
                          "Actual Rows": 246262,
                          "Actual Loops": 4,
                          "Hash Buckets": 1048576,
                          "Original Hash Buckets": 1048576,
                          "Hash Batches": 1,
                          "Original Hash Batches": 1,
                          "Peak Memory Usage": 46816,
                          "Plans": [
                            {
                              "Node Type": "Seq Scan",
                              "Parent Relationship": "Outer",
                              "Parallel Aware": true,
                              "Relation Name": "title",
                              "Alias": "t",
                              "Startup Cost": 0.0,
                              "Total Cost": 43899.32,
                              "Plan Rows": 246626,
                              "Plan Width": 4,
                              "Actual Startup Time": 0.06,
                              "Actual Total Time": 112.06,
                              "Actual Rows": 246262,
                              "Actual Loops": 4,
                              "Filter": "(kind_id < 7)",
                              "Rows Removed by Filter": 385816
                            }
                          ]
                        }
                      ]
                    },
                    {
                      "Node Type": "Index Only Scan",
                      "Parent Relationship": "Inner",
                      "Parallel Aware": false,
                      "Scan Direction": "Forward",
                      "Index Name": "movie_id_movie_info",
                      "Relation Name": "movie_info",
                      "Alias": "mi",
                      "Startup Cost": 0.43,
                      "Total Cost": 2.03,
                      "Plan Rows": 41,
                      "Plan Width": 4,
                      "Actual Startup Time": 0.006,
                      "Actual Total Time": 0.025,
                      "Actual Rows": 68,
                      "Actual Loops": 135589,
                      "Index Cond": "(movie_id = t.id)",
                      "Rows Removed by Index Recheck": 0,
                      "Heap Fetches": 9234832
                    }
                  ]
                }
              ]
            }
          ]
        }
      ]
    },
    "Planning Time": 0.406,
    "Triggers": [],
    "Execution Time": 1548.555
  }
]