[
  {
    "Plan": {
      "Node Type": "Aggregate",
      "Strategy": "Plain",
      "Partial Mode": "Finalize",
      "Parallel Aware": false,
      "Startup Cost": 119543.45,
      "Total Cost": 119543.46,
      "Plan Rows": 1,
      "Plan Width": 8,
      "Actual Startup Time": 1404.413,
      "Actual Total Time": 1456.268,
      "Actual Rows": 1,
      "Actual Loops": 1,
      "Plans": [
        {
          "Node Type": "Gather",
          "Parent Relationship": "Outer",
          "Parallel Aware": false,
          "Startup Cost": 119543.14,
          "Total Cost": 119543.45,
          "Plan Rows": 3,
          "Plan Width": 8,
          "Actual Startup Time": 1400.687,
          "Actual Total Time": 1456.256,
          "Actual Rows": 4,
          "Actual Loops": 1,
          "Workers Planned": 3,
          "Workers Launched": 3,
          "Single Copy": false,
          "Plans": [
            {
              "Node Type": "Aggregate",
              "Strategy": "Plain",
              "Partial Mode": "Partial",
              "Parent Relationship": "Outer",
              "Parallel Aware": false,
              "Startup Cost": 118543.14,
              "Total Cost": 118543.15,
              "Plan Rows": 1,
              "Plan Width": 8,
              "Actual Startup Time": 1391.163,
              "Actual Total Time": 1391.167,
              "Actual Rows": 1,
              "Actual Loops": 4,
              "Plans": [
                {
                  "Node Type": "Nested Loop",
                  "Parent Relationship": "Outer",
                  "Parallel Aware": false,
                  "Join Type": "Inner",
                  "Startup Cost": 49941.32,
                  "Total Cost": 118286.57,
                  "Plan Rows": 102627,
                  "Plan Width": 0,
                  "Actual Startup Time": 224.197,
                  "Actual Total Time": 1272.928,
                  "Actual Rows": 2308708,
                  "Actual Loops": 4,
                  "Inner Unique": false,
                  "Plans": [
                    {
                      "Node Type": "Hash Join",
                      "Parent Relationship": "Outer",
                      "Parallel Aware": true,
                      "Join Type": "Inner",
                      "Startup Cost": 49940.88,
                      "Total Cost": 75071.85,
                      "Plan Rows": 17551,
                      "Plan Width": 8,
                      "Actual Startup Time": 224.095,
                      "Actual Total Time": 274.696,
                      "Actual Rows": 33897,
                      "Actual Loops": 4,
                      "Inner Unique": true,
                      "Hash Cond": "(mk.movie_id = t.id)",
                      "Plans": [
                        {
                          "Node Type": "Bitmap Heap Scan",
                          "Parent Relationship": "Outer",
                          "Parallel Aware": true,
                          "Relation Name": "movie_keyword",
                          "Alias": "mk",
                          "Startup Cost": 2943.75,
                          "Total Cost": 27957.23,
                          "Plan Rows": 44758,
                          "Plan Width": 4,
                          "Actual Startup Time": 16.2,
                          "Actual Total Time": 44.925,
                          "Actual Rows": 33897,
                          "Actual Loops": 4,
                          "Recheck Cond": "(keyword_id > 75581)",
                          "Rows Removed by Index Recheck": 0,
                          "Exact Heap Blocks": 4184,
                          "Lossy Heap Blocks": 0,
                          "Plans": [
                            {
                              "Node Type": "Bitmap Index Scan",
                              "Parent Relationship": "Outer",
                              "Parallel Aware": false,
                              "Index Name": "keyword_id_movie_keyword",
                              "Startup Cost": 0.0,
                              "Total Cost": 2909.06,
                              "Plan Rows": 138751,
                              "Plan Width": 0,
                              "Actual Startup Time": 11.671,
                              "Actual Total Time": 11.672,
                              "Actual Rows": 135589,
                              "Actual Loops": 1,
                              "Index Cond": "(keyword_id > 75581)"
                            }
                          ]
                        },
                        {
                          "Node Type": "Hash",
                          "Parent Relationship": "Inner",
                          "Parallel Aware": true,
                          "Startup Cost": 43898.92,
                          "Total Cost": 43898.92,
                          "Plan Rows": 247857,
                          "Plan Width": 4,
                          "Actual Startup Time": 203.018,
                          "Actual Total Time": 203.019,
                          "Actual Rows": 246262,
                          "Actual Loops": 4,
                          "Hash Buckets": 1048576,
                          "Original Hash Buckets": 1048576,
                          "Hash Batches": 1,
                          "Original Hash Batches": 1,
                          "Peak Memory Usage": 46816,
                          "Plans": [
                            {
                              "Node Type": "Seq Scan",
                              "Parent Relationship": "Outer",
                              "Parallel Aware": true,
                              "Relation Name": "title",
                              "Alias": "t",
                              "Startup Cost": 0.0,
                              "Total Cost": 43898.92,
                              "Plan Rows": 247857,
                              "Plan Width": 4,
                              "Actual Startup Time": 0.043,
                              "Actual Total Time": 113.33,
                              "Actual Rows": 246262,
                              "Actual Loops": 4,
                              "Filter": "(kind_id < 7)",
                              "Rows Removed by Filter": 385816
                            }
                          ]
                        }
                      ]
                    },
                    {
                      "Node Type": "Index Only Scan",
                      "Parent Relationship": "Inner",
                      "Parallel Aware": false,
                      "Scan Direction": "Forward",
                      "Index Name": "movie_id_movie_info",
                      "Relation Name": "movie_info",
                      "Alias": "mi",
                      "Startup Cost": 0.43,
                      "Total Cost": 2.04,
                      "Plan Rows": 42,
                      "Plan Width": 4,
                      "Actual Startup Time": 0.005,
                      "Actual Total Time": 0.024,
                      "Actual Rows": 68,
                      "Actual Loops": 135589,
                      "Index Cond": "(movie_id = t.id)",
                      "Rows Removed by Index Recheck": 0,
                      "Heap Fetches": 9234832
                    }
                  ]
                }
              ]
            }
          ]
        }
      ]
    },
    "Planning Time": 1.445,
    "Triggers": [],
    "Execution Time": 1456.402
  }
]