[
    {
        "Bao": {
            "Bao prediction": 999.802,
            "Bao recommended hint": "SET enable_nestloop TO off; "
        }
    },
    {
        "Plan": {
            "Node Type": "Aggregate",
            "Strategy": "Plain",
            "Partial Mode": "Finalize",
            "Parallel Aware": false,
            "Startup Cost": 113245.33,
            "Total Cost": 113245.34,
            "Plan Rows": 1,
            "Plan Width": 8,
            "Actual Startup Time": 441.388,
            "Actual Total Time": 457.471,
            "Actual Rows": 1,
            "Actual Loops": 1,
            "Output": [
                "count(*)"
            ],
            "Plans": [
                {
                    "Node Type": "Gather",
                    "Parent Relationship": "Outer",
                    "Parallel Aware": false,
                    "Startup Cost": 113245.01,
                    "Total Cost": 113245.32,
                    "Plan Rows": 3,
                    "Plan Width": 8,
                    "Actual Startup Time": 440.877,
                    "Actual Total Time": 457.463,
                    "Actual Rows": 4,
                    "Actual Loops": 1,
                    "Output": [
                        "(PARTIAL count(*))"
                    ],
                    "Workers Planned": 3,
                    "Workers Launched": 3,
                    "Single Copy": false,
                    "Plans": [
                        {
                            "Node Type": "Aggregate",
                            "Strategy": "Plain",
                            "Partial Mode": "Partial",
                            "Parent Relationship": "Outer",
                            "Parallel Aware": false,
                            "Startup Cost": 112245.01,
                            "Total Cost": 112245.02,
                            "Plan Rows": 1,
                            "Plan Width": 8,
                            "Actual Startup Time": 431.615,
                            "Actual Total Time": 431.623,
                            "Actual Rows": 1,
                            "Actual Loops": 4,
                            "Output": [
                                "PARTIAL count(*)"
                            ],
                            "Workers": [
                                {
                                    "Worker Number": 0,
                                    "Actual Startup Time": 428.872,
                                    "Actual Total Time": 428.878,
                                    "Actual Rows": 1,
                                    "Actual Loops": 1
                                },
                                {
                                    "Worker Number": 1,
                                    "Actual Startup Time": 428.809,
                                    "Actual Total Time": 428.823,
                                    "Actual Rows": 1,
                                    "Actual Loops": 1
                                },
                                {
                                    "Worker Number": 2,
                                    "Actual Startup Time": 428.751,
                                    "Actual Total Time": 428.757,
                                    "Actual Rows": 1,
                                    "Actual Loops": 1
                                }
                            ],
                            "Plans": [
                                {
                                    "Node Type": "Hash Join",
                                    "Parent Relationship": "Outer",
                                    "Parallel Aware": true,
                                    "Join Type": "Inner",
                                    "Startup Cost": 66348.23,
                                    "Total Cost": 112222.79,
                                    "Plan Rows": 8890,
                                    "Plan Width": 0,
                                    "Actual Startup Time": 215.681,
                                    "Actual Total Time": 430.96,
                                    "Actual Rows": 9080,
                                    "Actual Loops": 4,
                                    "Inner Unique": false,
                                    "Hash Cond": "(mk.movie_id = t.id)",
                                    "Workers": [
                                        {
                                            "Worker Number": 0,
                                            "Actual Startup Time": 212.81,
                                            "Actual Total Time": 428.15,
                                            "Actual Rows": 9675,
                                            "Actual Loops": 1
                                        },
                                        {
                                            "Worker Number": 1,
                                            "Actual Startup Time": 212.895,
                                            "Actual Total Time": 428.167,
                                            "Actual Rows": 8497,
                                            "Actual Loops": 1
                                        },
                                        {
                                            "Worker Number": 2,
                                            "Actual Startup Time": 213.074,
                                            "Actual Total Time": 428.152,
                                            "Actual Rows": 7921,
                                            "Actual Loops": 1
                                        }
                                    ],
                                    "Plans": [
                                        {
                                            "Node Type": "Seq Scan",
                                            "Parent Relationship": "Outer",
                                            "Parallel Aware": true,
                                            "Relation Name": "movie_keyword",
                                            "Schema": "public",
                                            "Alias": "mk",
                                            "Startup Cost": 0.0,
                                            "Total Cost": 42695.65,
                                            "Plan Rows": 841784,
                                            "Plan Width": 4,
                                            "Actual Startup Time": 0.256,
                                            "Actual Total Time": 147.552,
                                            "Actual Rows": 652740,
                                            "Actual Loops": 4,
                                            "Output": [
                                                "mk.id",
                                                "mk.movie_id",
                                                "mk.keyword_id"
                                            ],
                                            "Filter": "(mk.keyword_id > 3289)",
                                            "Rows Removed by Filter": 478242,
                                            "Workers": [
                                                {
                                                    "Worker Number": 0,
                                                    "Actual Startup Time": 0.237,
                                                    "Actual Total Time": 148.469,
                                                    "Actual Rows": 640715,
                                                    "Actual Loops": 1
                                                },
                                                {
                                                    "Worker Number": 1,
                                                    "Actual Startup Time": 0.255,
                                                    "Actual Total Time": 148.52,
                                                    "Actual Rows": 635534,
                                                    "Actual Loops": 1
                                                },
                                                {
                                                    "Worker Number": 2,
                                                    "Actual Startup Time": 0.28,
                                                    "Actual Total Time": 148.804,
                                                    "Actual Rows": 632565,
                                                    "Actual Loops": 1
                                                }
                                            ]
                                        },
                                        {
                                            "Node Type": "Hash",
                                            "Parent Relationship": "Inner",
                                            "Parallel Aware": true,
                                            "Startup Cost": 66264.79,
                                            "Total Cost": 66264.79,
                                            "Plan Rows": 6675,
                                            "Plan Width": 8,
                                            "Actual Startup Time": 214.048,
                                            "Actual Total Time": 214.055,
                                            "Actual Rows": 8648,
                                            "Actual Loops": 4,
                                            "Output": [
                                                "t.id",
                                                "mc.movie_id"
                                            ],
                                            "Hash Buckets": 32768,
                                            "Original Hash Buckets": 32768,
                                            "Hash Batches": 1,
                                            "Original Hash Batches": 1,
                                            "Peak Memory Usage": 1664,
                                            "Workers": [
                                                {
                                                    "Worker Number": 0,
                                                    "Actual Startup Time": 212.044,
                                                    "Actual Total Time": 212.048,
                                                    "Actual Rows": 8306,
                                                    "Actual Loops": 1
                                                },
                                                {
                                                    "Worker Number": 1,
                                                    "Actual Startup Time": 211.957,
                                                    "Actual Total Time": 211.97,
                                                    "Actual Rows": 8046,
                                                    "Actual Loops": 1
                                                },
                                                {
                                                    "Worker Number": 2,
                                                    "Actual Startup Time": 211.972,
                                                    "Actual Total Time": 211.976,
                                                    "Actual Rows": 7968,
                                                    "Actual Loops": 1
                                                }
                                            ],
                                            "Plans": [
                                                {
                                                    "Node Type": "Hash Join",
                                                    "Parent Relationship": "Outer",
                                                    "Parallel Aware": true,
                                                    "Join Type": "Inner",
                                                    "Startup Cost": 20023.04,
                                                    "Total Cost": 66264.79,
                                                    "Plan Rows": 6675,
                                                    "Plan Width": 8,
                                                    "Actual Startup Time": 23.973,
                                                    "Actual Total Time": 209.727,
                                                    "Actual Rows": 8648,
                                                    "Actual Loops": 4,
                                                    "Output": [
                                                        "t.id",
                                                        "mc.movie_id"
                                                    ],
                                                    "Inner Unique": false,
                                                    "Hash Cond": "(t.id = mc.movie_id)",
                                                    "Workers": [
                                                        {
                                                            "Worker Number": 0,
                                                            "Actual Startup Time": 22.126,
                                                            "Actual Total Time": 207.86,
                                                            "Actual Rows": 8306,
                                                            "Actual Loops": 1
                                                        },
                                                        {
                                                            "Worker Number": 1,
                                                            "Actual Startup Time": 21.737,
                                                            "Actual Total Time": 207.644,
                                                            "Actual Rows": 8046,
                                                            "Actual Loops": 1
                                                        },
                                                        {
                                                            "Worker Number": 2,
                                                            "Actual Startup Time": 21.976,
                                                            "Actual Total Time": 207.718,
                                                            "Actual Rows": 7968,
                                                            "Actual Loops": 1
                                                        }
                                                    ],
                                                    "Plans": [
                                                        {
                                                            "Node Type": "Seq Scan",
                                                            "Parent Relationship": "Outer",
                                                            "Parallel Aware": true,
                                                            "Relation Name": "title",
                                                            "Schema": "public",
                                                            "Alias": "t",
                                                            "Startup Cost": 0.0,
                                                            "Total Cost": 43899.01,
                                                            "Plan Rows": 464242,
                                                            "Plan Width": 4,
                                                            "Actual Startup Time": 0.021,
                                                            "Actual Total Time": 115.199,
                                                            "Actual Rows": 466372,
                                                            "Actual Loops": 4,
                                                            "Output": [
                                                                "t.id",
                                                                "t.title",
                                                                "t.imdb_index",
                                                                "t.kind_id",
                                                                "t.production_year",
                                                                "t.imdb_id",
                                                                "t.phonetic_code",
                                                                "t.episode_of_id",
                                                                "t.season_nr",
                                                                "t.episode_nr",
                                                                "t.series_years",
                                                                "t.md5sum"
                                                            ],
                                                            "Filter": "(t.kind_id > 1)",
                                                            "Rows Removed by Filter": 165706,
                                                            "Workers": [
                                                                {
                                                                    "Worker Number": 0,
                                                                    "Actual Startup Time": 0.025,
                                                                    "Actual Total Time": 116.028,
                                                                    "Actual Rows": 440699,
                                                                    "Actual Loops": 1
                                                                },
                                                                {
                                                                    "Worker Number": 1,
                                                                    "Actual Startup Time": 0.025,
                                                                    "Actual Total Time": 116.511,
                                                                    "Actual Rows": 431015,
                                                                    "Actual Loops": 1
                                                                },
                                                                {
                                                                    "Worker Number": 2,
                                                                    "Actual Startup Time": 0.025,
                                                                    "Actual Total Time": 116.525,
                                                                    "Actual Rows": 430020,
                                                                    "Actual Loops": 1
                                                                }
                                                            ]
                                                        },
                                                        {
                                                            "Node Type": "Hash",
                                                            "Parent Relationship": "Inner",
                                                            "Parallel Aware": true,
                                                            "Startup Cost": 19876.46,
                                                            "Total Cost": 19876.46,
                                                            "Plan Rows": 11727,
                                                            "Plan Width": 4,
                                                            "Actual Startup Time": 23.479,
                                                            "Actual Total Time": 23.484,
                                                            "Actual Rows": 9034,
                                                            "Actual Loops": 4,
                                                            "Output": [
                                                                "mc.movie_id"
                                                            ],
                                                            "Hash Buckets": 65536,
                                                            "Original Hash Buckets": 65536,
                                                            "Hash Batches": 1,
                                                            "Original Hash Batches": 1,
                                                            "Peak Memory Usage": 1952,
                                                            "Workers": [
                                                                {
                                                                    "Worker Number": 0,
                                                                    "Actual Startup Time": 21.702,
                                                                    "Actual Total Time": 21.704,
                                                                    "Actual Rows": 6538,
                                                                    "Actual Loops": 1
                                                                },
                                                                {
                                                                    "Worker Number": 1,
                                                                    "Actual Startup Time": 21.6,
                                                                    "Actual Total Time": 21.611,
                                                                    "Actual Rows": 6153,
                                                                    "Actual Loops": 1
                                                                },
                                                                {
                                                                    "Worker Number": 2,
                                                                    "Actual Startup Time": 21.557,
                                                                    "Actual Total Time": 21.559,
                                                                    "Actual Rows": 6507,
                                                                    "Actual Loops": 1
                                                                }
                                                            ],
                                                            "Plans": [
                                                                {
                                                                    "Node Type": "Bitmap Heap Scan",
                                                                    "Parent Relationship": "Outer",
                                                                    "Parallel Aware": true,
                                                                    "Relation Name": "movie_companies",
                                                                    "Schema": "public",
                                                                    "Alias": "mc",
                                                                    "Startup Cost": 790.17,
                                                                    "Total Cost": 19876.46,
                                                                    "Plan Rows": 11727,
                                                                    "Plan Width": 4,
                                                                    "Actual Startup Time": 3.708,
                                                                    "Actual Total Time": 17.867,
                                                                    "Actual Rows": 9034,
                                                                    "Actual Loops": 4,
                                                                    "Output": [
                                                                        "mc.movie_id"
                                                                    ],
                                                                    "Recheck Cond": "(mc.company_id = 160)",
                                                                    "Rows Removed by Index Recheck": 0,
                                                                    "Exact Heap Blocks": 2710,
                                                                    "Lossy Heap Blocks": 0,
                                                                    "Workers": [
                                                                        {
                                                                            "Worker Number": 0,
                                                                            "Actual Startup Time": 2.029,
                                                                            "Actual Total Time": 16.77,
                                                                            "Actual Rows": 6538,
                                                                            "Actual Loops": 1
                                                                        },
                                                                        {
                                                                            "Worker Number": 1,
                                                                            "Actual Startup Time": 1.891,
                                                                            "Actual Total Time": 16.744,
                                                                            "Actual Rows": 6153,
                                                                            "Actual Loops": 1
                                                                        },
                                                                        {
                                                                            "Worker Number": 2,
                                                                            "Actual Startup Time": 1.79,
                                                                            "Actual Total Time": 16.69,
                                                                            "Actual Rows": 6507,
                                                                            "Actual Loops": 1
                                                                        }
                                                                    ],
                                                                    "Plans": [
                                                                        {
                                                                            "Node Type": "Bitmap Index Scan",
                                                                            "Parent Relationship": "Outer",
                                                                            "Parallel Aware": false,
                                                                            "Index Name": "company_id_movie_companies",
                                                                            "Startup Cost": 0.0,
                                                                            "Total Cost": 781.08,
                                                                            "Plan Rows": 36354,
                                                                            "Plan Width": 0,
                                                                            "Actual Startup Time": 6.74,
                                                                            "Actual Total Time": 6.74,
                                                                            "Actual Rows": 36136,
                                                                            "Actual Loops": 1,
                                                                            "Index Cond": "(mc.company_id = 160)"
                                                                        }
                                                                    ]
                                                                }
                                                            ]
                                                        }
                                                    ]
                                                }
                                            ]
                                        }
                                    ]
                                }
                            ]
                        }
                    ]
                }
            ]
        },
        "Planning Time": 2270.77,
        "Triggers": [],
        "Execution Time": 457.626
    }
]