{
  "Plan": {
    "Node Type": "Aggregate",
    "Strategy": "Plain",
    "Partial Mode": "Finalize",
    "Parallel Aware": false,
    "Startup Cost": 399838.22,
    "Total Cost": 399838.23,
    "Plan Rows": 1,
    "Plan Width": 8,
    "Actual Startup Time": 1859.848,
    "Actual Total Time": 1891.745,
    "Actual Rows": 1,
    "Actual Loops": 1,
    "Plans": [
      {
        "Node Type": "Gather",
        "Parent Relationship": "Outer",
        "Parallel Aware": false,
        "Startup Cost": 399838.1,
        "Total Cost": 399838.21,
        "Plan Rows": 1,
        "Plan Width": 8,
        "Actual Startup Time": 1852.869,
        "Actual Total Time": 1891.733,
        "Actual Rows": 2,
        "Actual Loops": 1,
        "Workers Planned": 1,
        "Workers Launched": 1,
        "Single Copy": false,
        "Plans": [
          {
            "Node Type": "Aggregate",
            "Strategy": "Plain",
            "Partial Mode": "Partial",
            "Parent Relationship": "Outer",
            "Parallel Aware": false,
            "Startup Cost": 398838.1,
            "Total Cost": 398838.11,
            "Plan Rows": 1,
            "Plan Width": 8,
            "Actual Startup Time": 1838.762,
            "Actual Total Time": 1838.769,
            "Actual Rows": 1,
            "Actual Loops": 2,
            "Plans": [
              {
                "Node Type": "Hash Join",
                "Parent Relationship": "Outer",
                "Parallel Aware": true,
                "Join Type": "Inner",
                "Startup Cost": 248116.1,
                "Total Cost": 398444.8,
                "Plan Rows": 157321,
                "Plan Width": 0,
                "Actual Startup Time": 693.016,
                "Actual Total Time": 1675.748,
                "Actual Rows": 3176224,
                "Actual Loops": 2,
                "Inner Unique": false,
                "Hash Cond": "(ci.movie_id = t.id)",
                "Plans": [
                  {
                    "Node Type": "Index Scan",
                    "Parent Relationship": "Outer",
                    "Parallel Aware": true,
                    "Scan Direction": "Forward",
                    "Index Name": "role_id_cast_info",
                    "Relation Name": "cast_info",
                    "Alias": "ci",
                    "Startup Cost": 0.56,
                    "Total Cost": 140896.75,
                    "Plan Rows": 2268559,
                    "Plan Width": 4,
                    "Actual Startup Time": 0.066,
                    "Actual Total Time": 431.715,
                    "Actual Rows": 2074349,
                    "Actual Loops": 2,
                    "Index Cond": "(role_id = 10)",
                    "Rows Removed by Index Recheck": 0,
                    "Filter": "(person_id > 430395)",
                    "Rows Removed by Filter": 87160
                  },
                  {
                    "Node Type": "Hash",
                    "Parent Relationship": "Inner",
                    "Parallel Aware": true,
                    "Startup Cost": 246826.32,
                    "Total Cost": 246826.32,
                    "Plan Rows": 103137,
                    "Plan Width": 8,
                    "Actual Startup Time": 689.466,
                    "Actual Total Time": 689.472,
                    "Actual Rows": 88000,
                    "Actual Loops": 2,
                    "Hash Buckets": 262144,
                    "Original Hash Buckets": 262144,
                    "Hash Batches": 1,
                    "Original Hash Batches": 1,
                    "Peak Memory Usage": 8960,
                    "Plans": [
                      {
                        "Node Type": "Hash Join",
                        "Parent Relationship": "Outer",
                        "Parallel Aware": true,
                        "Join Type": "Inner",
                        "Startup Cost": 74568.02,
                        "Total Cost": 246826.32,
                        "Plan Rows": 103137,
                        "Plan Width": 8,
                        "Actual Startup Time": 614.529,
                        "Actual Total Time": 667.738,
                        "Actual Rows": 88000,
                        "Actual Loops": 2,
                        "Inner Unique": true,
                        "Hash Cond": "(mi.movie_id = t.id)",
                        "Plans": [
                          {
                            "Node Type": "Bitmap Heap Scan",
                            "Parent Relationship": "Outer",
                            "Parallel Aware": true,
                            "Relation Name": "movie_info",
                            "Alias": "mi",
                            "Startup Cost": 3607.36,
                            "Total Cost": 175558.24,
                            "Plan Rows": 117110,
                            "Plan Width": 4,
                            "Actual Startup Time": 6.756,
                            "Actual Total Time": 28.508,
                            "Actual Rows": 90056,
                            "Actual Loops": 2,
                            "Recheck Cond": "(info_type_id = 13)",
                            "Rows Removed by Index Recheck": 0,
                            "Exact Heap Blocks": 3647,
                            "Lossy Heap Blocks": 0,
                            "Plans": [
                              {
                                "Node Type": "Bitmap Index Scan",
                                "Parent Relationship": "Outer",
                                "Parallel Aware": false,
                                "Index Name": "info_type_id_movie_info",
                                "Startup Cost": 0.0,
                                "Total Cost": 3557.59,
                                "Plan Rows": 199087,
                                "Plan Width": 0,
                                "Actual Startup Time": 5.942,
                                "Actual Total Time": 5.943,
                                "Actual Rows": 180112,
                                "Actual Loops": 1,
                                "Index Cond": "(info_type_id = 13)"
                              }
                            ]
                          },
                          {
                            "Node Type": "Hash",
                            "Parent Relationship": "Inner",
                            "Parallel Aware": true,
                            "Startup Cost": 54588.39,
                            "Total Cost": 54588.39,
                            "Plan Rows": 1309782,
                            "Plan Width": 4,
                            "Actual Startup Time": 588.529,
                            "Actual Total Time": 588.53,
                            "Actual Rows": 1112284,
                            "Actual Loops": 2,
                            "Hash Buckets": 4194304,
                            "Original Hash Buckets": 4194304,
                            "Hash Batches": 1,
                            "Original Hash Batches": 1,
                            "Peak Memory Usage": 119840,
                            "Plans": [
                              {
                                "Node Type": "Seq Scan",
                                "Parent Relationship": "Outer",
                                "Parallel Aware": true,
                                "Relation Name": "title",
                                "Alias": "t",
                                "Startup Cost": 0.0,
                                "Total Cost": 54588.39,
                                "Plan Rows": 1309782,
                                "Plan Width": 4,
                                "Actual Startup Time": 0.029,
                                "Actual Total Time": 215.123,
                                "Actual Rows": 1112284,
                                "Actual Loops": 2,
                                "Filter": "(production_year < 2012)",
                                "Rows Removed by Filter": 151872
                              }
                            ]
                          }
                        ]
                      }
                    ]
                  }
                ]
              }
            ]
          }
        ]
      }
    ]
  },
  "Planning Time": 0.998,
  "Triggers": [],
  "Execution Time": 1891.857
}