[
  {
    "Plan": {
      "Node Type": "Aggregate",
      "Strategy": "Plain",
      "Partial Mode": "Finalize",
      "Parallel Aware": false,
      "Startup Cost": 44488.85,
      "Total Cost": 44488.86,
      "Plan Rows": 1,
      "Plan Width": 8,
      "Actual Startup Time": 128.555,
      "Actual Total Time": 135.64,
      "Actual Rows": 1,
      "Actual Loops": 1,
      "Plans": [
        {
          "Node Type": "Gather",
          "Parent Relationship": "Outer",
          "Parallel Aware": false,
          "Startup Cost": 44488.54,
          "Total Cost": 44488.85,
          "Plan Rows": 3,
          "Plan Width": 8,
          "Actual Startup Time": 128.451,
          "Actual Total Time": 135.631,
          "Actual Rows": 4,
          "Actual Loops": 1,
          "Workers Planned": 3,
          "Workers Launched": 3,
          "Single Copy": false,
          "Plans": [
            {
              "Node Type": "Aggregate",
              "Strategy": "Plain",
              "Partial Mode": "Partial",
              "Parent Relationship": "Outer",
              "Parallel Aware": false,
              "Startup Cost": 43488.54,
              "Total Cost": 43488.55,
              "Plan Rows": 1,
              "Plan Width": 8,
              "Actual Startup Time": 121.18,
              "Actual Total Time": 121.181,
              "Actual Rows": 1,
              "Actual Loops": 4,
              "Plans": [
                {
                  "Node Type": "Seq Scan",
                  "Parent Relationship": "Outer",
                  "Parallel Aware": true,
                  "Relation Name": "movie_keyword",
                  "Alias": "mk",
                  "Startup Cost": 0.0,
                  "Total Cost": 42695.65,
                  "Plan Rows": 317153,
                  "Plan Width": 0,
                  "Actual Startup Time": 0.042,
                  "Actual Total Time": 107.562,
                  "Actual Rows": 248176,
                  "Actual Loops": 4,
                  "Filter": "(keyword_id < 934)",
                  "Rows Removed by Filter": 882806
                }
              ]
            }
          ]
        }
      ]
    },
    "Planning Time": 0.165,
    "Triggers": [],
    "Execution Time": 135.697
  }
]