{
    "Plan": {
        "Node Type": "Aggregate",
        "Strategy": "Plain",
        "Partial Mode": "Simple",
        "Parallel Aware": false,
        "Startup Cost": 80139942386.22,
        "Total Cost": 80139942386.23,
        "Plan Rows": 1,
        "Plan Width": 96,
        "Actual Startup Time": 5829.431,
        "Actual Total Time": 5947.443,
        "Actual Rows": 1,
        "Actual Loops": 1,
        "Output": [
            "min(chn.name)",
            "min(n.name)",
            "min(t.title)"
        ],
        "Plans": [
            {
                "Node Type": "Nested Loop",
                "Parent Relationship": "Outer",
                "Parallel Aware": false,
                "Join Type": "Inner",
                "Startup Cost": 80139942194.51,
                "Total Cost": 80139942386.21,
                "Plan Rows": 1,
                "Plan Width": 48,
                "Actual Startup Time": 5828.912,
                "Actual Total Time": 5947.429,
                "Actual Rows": 10,
                "Actual Loops": 1,
                "Output": [
                    "chn.name",
                    "n.name",
                    "t.title"
                ],
                "Inner Unique": true,
                "Plans": [
                    {
                        "Node Type": "Merge Join",
                        "Parent Relationship": "Outer",
                        "Parallel Aware": false,
                        "Join Type": "Inner",
                        "Startup Cost": 70139942194.37,
                        "Total Cost": 70139942378.04,
                        "Plan Rows": 1,
                        "Plan Width": 52,
                        "Actual Startup Time": 5828.879,
                        "Actual Total Time": 5947.352,
                        "Actual Rows": 10,
                        "Actual Loops": 1,
                        "Output": [
                            "ci.role_id",
                            "chn.name",
                            "n.name",
                            "t.title"
                        ],
                        "Inner Unique": false,
                        "Merge Cond": "(n.id = ci.person_id)",
                        "Plans": [
                            {
                                "Node Type": "Sort",
                                "Parent Relationship": "Outer",
                                "Parallel Aware": false,
                                "Startup Cost": 10000121000.85,
                                "Total Cost": 10000121095.37,
                                "Plan Rows": 37808,
                                "Plan Width": 19,
                                "Actual Startup Time": 760.335,
                                "Actual Total Time": 762.221,
                                "Actual Rows": 29736,
                                "Actual Loops": 1,
                                "Output": [
                                    "n.name",
                                    "n.id"
                                ],
                                "Sort Key": [
                                    "n.id"
                                ],
                                "Sort Method": "quicksort",
                                "Sort Space Used": 5246,
                                "Sort Space Type": "Memory",
                                "Plans": [
                                    {
                                        "Node Type": "Seq Scan",
                                        "Parent Relationship": "Outer",
                                        "Parallel Aware": false,
                                        "Relation Name": "name",
                                        "Schema": "public",
                                        "Alias": "n",
                                        "Startup Cost": 10000000000.0,
                                        "Total Cost": 10000118126.24,
                                        "Plan Rows": 37808,
                                        "Plan Width": 19,
                                        "Actual Startup Time": 308.103,
                                        "Actual Total Time": 742.981,
                                        "Actual Rows": 50011,
                                        "Actual Loops": 1,
                                        "Output": [
                                            "n.name",
                                            "n.id"
                                        ],
                                        "Filter": "((n.name ~~ '%An%'::text) AND ((n.gender)::text = 'f'::text))",
                                        "Rows Removed by Filter": 4117480
                                    }
                                ]
                            },
                            {
                                "Node Type": "Sort",
                                "Parent Relationship": "Inner",
                                "Parallel Aware": false,
                                "Startup Cost": 60139821193.49,
                                "Total Cost": 60139821193.5,
                                "Plan Rows": 1,
                                "Plan Width": 45,
                                "Actual Startup Time": 5065.432,
                                "Actual Total Time": 5183.444,
                                "Actual Rows": 110,
                                "Actual Loops": 1,
                                "Output": [
                                    "an.person_id",
                                    "ci.person_id",
                                    "ci.role_id",
                                    "chn.name",
                                    "t.title"
                                ],
                                "Sort Key": [
                                    "an.person_id"
                                ],
                                "Sort Method": "quicksort",
                                "Sort Space Used": 33,
                                "Sort Space Type": "Memory",
                                "Plans": [
                                    {
                                        "Node Type": "Nested Loop",
                                        "Parent Relationship": "Outer",
                                        "Parallel Aware": false,
                                        "Join Type": "Inner",
                                        "Startup Cost": 60139821193.39,
                                        "Total Cost": 60139821193.48,
                                        "Plan Rows": 1,
                                        "Plan Width": 45,
                                        "Actual Startup Time": 5062.14,
                                        "Actual Total Time": 5183.389,
                                        "Actual Rows": 110,
                                        "Actual Loops": 1,
                                        "Output": [
                                            "an.person_id",
                                            "ci.person_id",
                                            "ci.role_id",
                                            "chn.name",
                                            "t.title"
                                        ],
                                        "Inner Unique": true,
                                        "Plans": [
                                            {
                                                "Node Type": "Merge Join",
                                                "Parent Relationship": "Outer",
                                                "Parallel Aware": false,
                                                "Join Type": "Inner",
                                                "Startup Cost": 60139821192.97,
                                                "Total Cost": 60139821193.03,
                                                "Plan Rows": 1,
                                                "Plan Width": 49,
                                                "Actual Startup Time": 5062.069,
                                                "Actual Total Time": 5180.604,
                                                "Actual Rows": 1925,
                                                "Actual Loops": 1,
                                                "Output": [
                                                    "an.person_id",
                                                    "ci.person_id",
                                                    "ci.role_id",
                                                    "chn.name",
                                                    "mk.keyword_id",
                                                    "t.title"
                                                ],
                                                "Inner Unique": false,
                                                "Merge Cond": "(cn.id = mc.company_id)",
                                                "Plans": [
                                                    {
                                                        "Node Type": "Sort",
                                                        "Parent Relationship": "Outer",
                                                        "Parallel Aware": false,
                                                        "Startup Cost": 10000006519.97,
                                                        "Total Cost": 10000006519.97,
                                                        "Plan Rows": 1,
                                                        "Plan Width": 4,
                                                        "Actual Startup Time": 32.296,
                                                        "Actual Total Time": 32.297,
                                                        "Actual Rows": 1,
                                                        "Actual Loops": 1,
                                                        "Output": [
                                                            "cn.id"
                                                        ],
                                                        "Sort Key": [
                                                            "cn.id"
                                                        ],
                                                        "Sort Method": "quicksort",
                                                        "Sort Space Used": 25,
                                                        "Sort Space Type": "Memory",
                                                        "Plans": [
                                                            {
                                                                "Node Type": "Seq Scan",
                                                                "Parent Relationship": "Outer",
                                                                "Parallel Aware": false,
                                                                "Relation Name": "company_name",
                                                                "Schema": "public",
                                                                "Alias": "cn",
                                                                "Startup Cost": 10000000000.0,
                                                                "Total Cost": 10000006519.95,
                                                                "Plan Rows": 1,
                                                                "Plan Width": 4,
                                                                "Actual Startup Time": 5.259,
                                                                "Actual Total Time": 32.288,
                                                                "Actual Rows": 1,
                                                                "Actual Loops": 1,
                                                                "Output": [
                                                                    "cn.id"
                                                                ],
                                                                "Filter": "(((cn.country_code)::text = '[us]'::text) AND (cn.name = 'NBC Universal Television'::text))",
                                                                "Rows Removed by Filter": 234996
                                                            }
                                                        ]
                                                    },
                                                    {
                                                        "Node Type": "Sort",
                                                        "Parent Relationship": "Inner",
                                                        "Parallel Aware": false,
                                                        "Startup Cost": 50139814673.0,
                                                        "Total Cost": 50139814673.03,
                                                        "Plan Rows": 9,
                                                        "Plan Width": 53,
                                                        "Actual Startup Time": 5027.337,
                                                        "Actual Total Time": 5146.952,
                                                        "Actual Rows": 14466,
                                                        "Actual Loops": 1,
                                                        "Output": [
                                                            "an.person_id",
                                                            "ci.person_id",
                                                            "ci.role_id",
                                                            "chn.name",
                                                            "mc.company_id",
                                                            "mk.keyword_id",
                                                            "t.title"
                                                        ],
                                                        "Sort Key": [
                                                            "mc.company_id"
                                                        ],
                                                        "Sort Method": "quicksort",
                                                        "Sort Space Used": 40950,
                                                        "Sort Space Type": "Memory",
                                                        "Plans": [
                                                            {
                                                                "Node Type": "Gather",
                                                                "Parent Relationship": "Outer",
                                                                "Parallel Aware": false,
                                                                "Startup Cost": 50139770152.13,
                                                                "Total Cost": 50139814672.86,
                                                                "Plan Rows": 9,
                                                                "Plan Width": 53,
                                                                "Actual Startup Time": 4881.109,
                                                                "Actual Total Time": 5078.849,
                                                                "Actual Rows": 318790,
                                                                "Actual Loops": 1,
                                                                "Output": [
                                                                    "an.person_id",
                                                                    "ci.person_id",
                                                                    "ci.role_id",
                                                                    "chn.name",
                                                                    "mc.company_id",
                                                                    "mk.keyword_id",
                                                                    "t.title"
                                                                ],
                                                                "Workers Planned": 3,
                                                                "Workers Launched": 3,
                                                                "Single Copy": false,
                                                                "Plans": [
                                                                    {
                                                                        "Node Type": "Hash Join",
                                                                        "Parent Relationship": "Outer",
                                                                        "Parallel Aware": true,
                                                                        "Join Type": "Inner",
                                                                        "Startup Cost": 50139769152.13,
                                                                        "Total Cost": 50139813671.96,
                                                                        "Plan Rows": 3,
                                                                        "Plan Width": 53,
                                                                        "Actual Startup Time": 4922.778,
                                                                        "Actual Total Time": 4958.045,
                                                                        "Actual Rows": 79698,
                                                                        "Actual Loops": 4,
                                                                        "Output": [
                                                                            "an.person_id",
                                                                            "ci.person_id",
                                                                            "ci.role_id",
                                                                            "chn.name",
                                                                            "mc.company_id",
                                                                            "mk.keyword_id",
                                                                            "t.title"
                                                                        ],
                                                                        "Inner Unique": false,
                                                                        "Hash Cond": "(mk.movie_id = t.id)",
                                                                        "Workers": [
                                                                            {
                                                                                "Worker Number": 0,
                                                                                "Actual Startup Time": 4867.128,
                                                                                "Actual Total Time": 4971.632,
                                                                                "Actual Rows": 336,
                                                                                "Actual Loops": 1
                                                                            },
                                                                            {
                                                                                "Worker Number": 1,
                                                                                "Actual Startup Time": 4971.787,
                                                                                "Actual Total Time": 4971.805,
                                                                                "Actual Rows": 0,
                                                                                "Actual Loops": 1
                                                                            },
                                                                            {
                                                                                "Worker Number": 2,
                                                                                "Actual Startup Time": 4971.862,
                                                                                "Actual Total Time": 4971.88,
                                                                                "Actual Rows": 0,
                                                                                "Actual Loops": 1
                                                                            }
                                                                        ],
                                                                        "Plans": [
                                                                            {
                                                                                "Node Type": "Seq Scan",
                                                                                "Parent Relationship": "Outer",
                                                                                "Parallel Aware": true,
                                                                                "Relation Name": "movie_keyword",
                                                                                "Schema": "public",
                                                                                "Alias": "mk",
                                                                                "Startup Cost": 10000000000.0,
                                                                                "Total Cost": 10000039047.32,
                                                                                "Plan Rows": 1459332,
                                                                                "Plan Width": 8,
                                                                                "Actual Startup Time": 0.02,
                                                                                "Actual Total Time": 91.546,
                                                                                "Actual Rows": 1130982,
                                                                                "Actual Loops": 4,
                                                                                "Output": [
                                                                                    "mk.id",
                                                                                    "mk.movie_id",
                                                                                    "mk.keyword_id"
                                                                                ],
                                                                                "Workers": [
                                                                                    {
                                                                                        "Worker Number": 0,
                                                                                        "Actual Startup Time": 0.024,
                                                                                        "Actual Total Time": 105.45,
                                                                                        "Actual Rows": 1320715,
                                                                                        "Actual Loops": 1
                                                                                    },
                                                                                    {
                                                                                        "Worker Number": 1,
                                                                                        "Actual Startup Time": 0.015,
                                                                                        "Actual Total Time": 104.023,
                                                                                        "Actual Rows": 1297160,
                                                                                        "Actual Loops": 1
                                                                                    },
                                                                                    {
                                                                                        "Worker Number": 2,
                                                                                        "Actual Startup Time": 0.013,
                                                                                        "Actual Total Time": 109.18,
                                                                                        "Actual Rows": 1384540,
                                                                                        "Actual Loops": 1
                                                                                    }
                                                                                ]
                                                                            },
                                                                            {
                                                                                "Node Type": "Hash",
                                                                                "Parent Relationship": "Inner",
                                                                                "Parallel Aware": true,
                                                                                "Startup Cost": 40139769152.12,
                                                                                "Total Cost": 40139769152.12,
                                                                                "Plan Rows": 1,
                                                                                "Plan Width": 65,
                                                                                "Actual Startup Time": 4771.715,
                                                                                "Actual Total Time": 4771.733,
                                                                                "Actual Rows": 1852,
                                                                                "Actual Loops": 4,
                                                                                "Output": [
                                                                                    "an.person_id",
                                                                                    "ci.movie_id",
                                                                                    "ci.person_id",
                                                                                    "ci.role_id",
                                                                                    "chn.name",
                                                                                    "mc.movie_id",
                                                                                    "mc.company_id",
                                                                                    "mi.movie_id",
                                                                                    "t.title",
                                                                                    "t.id"
                                                                                ],
                                                                                "Hash Buckets": 8192,
                                                                                "Original Hash Buckets": 1024,
                                                                                "Hash Batches": 1,
                                                                                "Original Hash Batches": 1,
                                                                                "Peak Memory Usage": 856,
                                                                                "Workers": [
                                                                                    {
                                                                                        "Worker Number": 0,
                                                                                        "Actual Startup Time": 4768.288,
                                                                                        "Actual Total Time": 4768.306,
                                                                                        "Actual Rows": 1195,
                                                                                        "Actual Loops": 1
                                                                                    },
                                                                                    {
                                                                                        "Worker Number": 1,
                                                                                        "Actual Startup Time": 4768.318,
                                                                                        "Actual Total Time": 4768.335,
                                                                                        "Actual Rows": 2366,
                                                                                        "Actual Loops": 1
                                                                                    },
                                                                                    {
                                                                                        "Worker Number": 2,
                                                                                        "Actual Startup Time": 4768.504,
                                                                                        "Actual Total Time": 4768.52,
                                                                                        "Actual Rows": 2421,
                                                                                        "Actual Loops": 1
                                                                                    }
                                                                                ],
                                                                                "Plans": [
                                                                                    {
                                                                                        "Node Type": "Nested Loop",
                                                                                        "Parent Relationship": "Outer",
                                                                                        "Parallel Aware": false,
                                                                                        "Join Type": "Inner",
                                                                                        "Startup Cost": 40139765156.65,
                                                                                        "Total Cost": 40139769152.12,
                                                                                        "Plan Rows": 1,
                                                                                        "Plan Width": 65,
                                                                                        "Actual Startup Time": 4651.359,
                                                                                        "Actual Total Time": 4727.115,
                                                                                        "Actual Rows": 1852,
                                                                                        "Actual Loops": 4,
                                                                                        "Output": [
                                                                                            "an.person_id",
                                                                                            "ci.movie_id",
                                                                                            "ci.person_id",
                                                                                            "ci.role_id",
                                                                                            "chn.name",
                                                                                            "mc.movie_id",
                                                                                            "mc.company_id",
                                                                                            "mi.movie_id",
                                                                                            "t.title",
                                                                                            "t.id"
                                                                                        ],
                                                                                        "Inner Unique": true,
                                                                                        "Workers": [
                                                                                            {
                                                                                                "Worker Number": 0,
                                                                                                "Actual Startup Time": 4657.6,
                                                                                                "Actual Total Time": 4735.772,
                                                                                                "Actual Rows": 1195,
                                                                                                "Actual Loops": 1
                                                                                            },
                                                                                            {
                                                                                                "Worker Number": 1,
                                                                                                "Actual Startup Time": 4657.754,
                                                                                                "Actual Total Time": 4737.4,
                                                                                                "Actual Rows": 2366,
                                                                                                "Actual Loops": 1
                                                                                            },
                                                                                            {
                                                                                                "Worker Number": 2,
                                                                                                "Actual Startup Time": 4657.439,
                                                                                                "Actual Total Time": 4736.453,
                                                                                                "Actual Rows": 2421,
                                                                                                "Actual Loops": 1
                                                                                            }
                                                                                        ],
                                                                                        "Plans": [
                                                                                            {
                                                                                                "Node Type": "Merge Join",
                                                                                                "Parent Relationship": "Outer",
                                                                                                "Parallel Aware": false,
                                                                                                "Join Type": "Inner",
                                                                                                "Startup Cost": 30139765156.5,
                                                                                                "Total Cost": 30139769031.48,
                                                                                                "Plan Rows": 28,
                                                                                                "Plan Width": 69,
                                                                                                "Actual Startup Time": 4651.298,
                                                                                                "Actual Total Time": 4717.969,
                                                                                                "Actual Rows": 1852,
                                                                                                "Actual Loops": 4,
                                                                                                "Output": [
                                                                                                    "an.person_id",
                                                                                                    "ci.movie_id",
                                                                                                    "ci.person_id",
                                                                                                    "ci.role_id",
                                                                                                    "chn.name",
                                                                                                    "mc.movie_id",
                                                                                                    "mc.company_id",
                                                                                                    "mi.movie_id",
                                                                                                    "mi.info_type_id",
                                                                                                    "t.title",
                                                                                                    "t.id"
                                                                                                ],
                                                                                                "Inner Unique": false,
                                                                                                "Merge Cond": "(ci.person_id = an.person_id)",
                                                                                                "Workers": [
                                                                                                    {
                                                                                                        "Worker Number": 0,
                                                                                                        "Actual Startup Time": 4657.552,
                                                                                                        "Actual Total Time": 4729.113,
                                                                                                        "Actual Rows": 1195,
                                                                                                        "Actual Loops": 1
                                                                                                    },
                                                                                                    {
                                                                                                        "Worker Number": 1,
                                                                                                        "Actual Startup Time": 4657.691,
                                                                                                        "Actual Total Time": 4725.838,
                                                                                                        "Actual Rows": 2366,
                                                                                                        "Actual Loops": 1
                                                                                                    },
                                                                                                    {
                                                                                                        "Worker Number": 2,
                                                                                                        "Actual Startup Time": 4657.348,
                                                                                                        "Actual Total Time": 4724.307,
                                                                                                        "Actual Rows": 2421,
                                                                                                        "Actual Loops": 1
                                                                                                    }
                                                                                                ],
                                                                                                "Plans": [
                                                                                                    {
                                                                                                        "Node Type": "Sort",
                                                                                                        "Parent Relationship": "Outer",
                                                                                                        "Parallel Aware": false,
                                                                                                        "Startup Cost": 20139655596.06,
                                                                                                        "Total Cost": 20139655596.09,
                                                                                                        "Plan Rows": 12,
                                                                                                        "Plan Width": 65,
                                                                                                        "Actual Startup Time": 4336.758,
                                                                                                        "Actual Total Time": 4336.885,
                                                                                                        "Actual Rows": 662,
                                                                                                        "Actual Loops": 4,
                                                                                                        "Output": [
                                                                                                            "chn.name",
                                                                                                            "ci.movie_id",
                                                                                                            "ci.person_id",
                                                                                                            "ci.role_id",
                                                                                                            "mc.movie_id",
                                                                                                            "mc.company_id",
                                                                                                            "mi.movie_id",
                                                                                                            "mi.info_type_id",
                                                                                                            "t.title",
                                                                                                            "t.id"
                                                                                                        ],
                                                                                                        "Sort Key": [
                                                                                                            "ci.person_id"
                                                                                                        ],
                                                                                                        "Sort Method": "quicksort",
                                                                                                        "Sort Space Used": 96,
                                                                                                        "Sort Space Type": "Memory",
                                                                                                        "Workers": [
                                                                                                            {
                                                                                                                "Worker Number": 0,
                                                                                                                "Actual Startup Time": 4334.529,
                                                                                                                "Actual Total Time": 4334.623,
                                                                                                                "Actual Rows": 430,
                                                                                                                "Actual Loops": 1
                                                                                                            },
                                                                                                            {
                                                                                                                "Worker Number": 1,
                                                                                                                "Actual Startup Time": 4333.003,
                                                                                                                "Actual Total Time": 4333.165,
                                                                                                                "Actual Rows": 837,
                                                                                                                "Actual Loops": 1
                                                                                                            },
                                                                                                            {
                                                                                                                "Worker Number": 2,
                                                                                                                "Actual Startup Time": 4333.104,
                                                                                                                "Actual Total Time": 4333.256,
                                                                                                                "Actual Rows": 870,
                                                                                                                "Actual Loops": 1
                                                                                                            }
                                                                                                        ],
                                                                                                        "Plans": [
                                                                                                            {
                                                                                                                "Node Type": "Hash Join",
                                                                                                                "Parent Relationship": "Outer",
                                                                                                                "Parallel Aware": true,
                                                                                                                "Join Type": "Inner",
                                                                                                                "Startup Cost": 20139524917.16,
                                                                                                                "Total Cost": 20139655595.85,
                                                                                                                "Plan Rows": 12,
                                                                                                                "Plan Width": 65,
                                                                                                                "Actual Startup Time": 3823.79,
                                                                                                                "Actual Total Time": 4336.437,
                                                                                                                "Actual Rows": 662,
                                                                                                                "Actual Loops": 4,
                                                                                                                "Output": [
                                                                                                                    "chn.name",
                                                                                                                    "ci.movie_id",
                                                                                                                    "ci.person_id",
                                                                                                                    "ci.role_id",
                                                                                                                    "mc.movie_id",
                                                                                                                    "mc.company_id",
                                                                                                                    "mi.movie_id",
                                                                                                                    "mi.info_type_id",
                                                                                                                    "t.title",
                                                                                                                    "t.id"
                                                                                                                ],
                                                                                                                "Inner Unique": false,
                                                                                                                "Hash Cond": "(t.id = mi.movie_id)",
                                                                                                                "Workers": [
                                                                                                                    {
                                                                                                                        "Worker Number": 0,
                                                                                                                        "Actual Startup Time": 3799.691,
                                                                                                                        "Actual Total Time": 4334.277,
                                                                                                                        "Actual Rows": 430,
                                                                                                                        "Actual Loops": 1
                                                                                                                    },
                                                                                                                    {
                                                                                                                        "Worker Number": 1,
                                                                                                                        "Actual Startup Time": 3872.561,
                                                                                                                        "Actual Total Time": 4332.549,
                                                                                                                        "Actual Rows": 837,
                                                                                                                        "Actual Loops": 1
                                                                                                                    },
                                                                                                                    {
                                                                                                                        "Worker Number": 2,
                                                                                                                        "Actual Startup Time": 3786.619,
                                                                                                                        "Actual Total Time": 4332.666,
                                                                                                                        "Actual Rows": 870,
                                                                                                                        "Actual Loops": 1
                                                                                                                    }
                                                                                                                ],
                                                                                                                "Plans": [
                                                                                                                    {
                                                                                                                        "Node Type": "Hash Join",
                                                                                                                        "Parent Relationship": "Outer",
                                                                                                                        "Parallel Aware": true,
                                                                                                                        "Join Type": "Inner",
                                                                                                                        "Startup Cost": 20138614005.01,
                                                                                                                        "Total Cost": 20138744659.29,
                                                                                                                        "Plan Rows": 18,
                                                                                                                        "Plan Width": 57,
                                                                                                                        "Actual Startup Time": 2573.399,
                                                                                                                        "Actual Total Time": 3085.77,
                                                                                                                        "Actual Rows": 237,
                                                                                                                        "Actual Loops": 4,
                                                                                                                        "Output": [
                                                                                                                            "chn.name",
                                                                                                                            "ci.movie_id",
                                                                                                                            "ci.person_id",
                                                                                                                            "ci.role_id",
                                                                                                                            "mc.movie_id",
                                                                                                                            "mc.company_id",
                                                                                                                            "t.title",
                                                                                                                            "t.id"
                                                                                                                        ],
                                                                                                                        "Inner Unique": false,
                                                                                                                        "Hash Cond": "(mc.movie_id = t.id)",
                                                                                                                        "Workers": [
                                                                                                                            {
                                                                                                                                "Worker Number": 0,
                                                                                                                                "Actual Startup Time": 2552.616,
                                                                                                                                "Actual Total Time": 3086.508,
                                                                                                                                "Actual Rows": 158,
                                                                                                                                "Actual Loops": 1
                                                                                                                            },
                                                                                                                            {
                                                                                                                                "Worker Number": 1,
                                                                                                                                "Actual Startup Time": 2625.604,
                                                                                                                                "Actual Total Time": 3085.438,
                                                                                                                                "Actual Rows": 293,
                                                                                                                                "Actual Loops": 1
                                                                                                                            },
                                                                                                                            {
                                                                                                                                "Worker Number": 2,
                                                                                                                                "Actual Startup Time": 2539.45,
                                                                                                                                "Actual Total Time": 3085.329,
                                                                                                                                "Actual Rows": 326,
                                                                                                                                "Actual Loops": 1
                                                                                                                            }
                                                                                                                        ],
                                                                                                                        "Plans": [
                                                                                                                            {
                                                                                                                                "Node Type": "Hash Join",
                                                                                                                                "Parent Relationship": "Outer",
                                                                                                                                "Parallel Aware": true,
                                                                                                                                "Join Type": "Inner",
                                                                                                                                "Startup Cost": 10138568525.6,
                                                                                                                                "Total Cost": 10138696366.8,
                                                                                                                                "Plan Rows": 750142,
                                                                                                                                "Plan Width": 36,
                                                                                                                                "Actual Startup Time": 2341.832,
                                                                                                                                "Actual Total Time": 2970.699,
                                                                                                                                "Actual Rows": 351340,
                                                                                                                                "Actual Loops": 4,
                                                                                                                                "Output": [
                                                                                                                                    "chn.name",
                                                                                                                                    "ci.movie_id",
                                                                                                                                    "ci.person_id",
                                                                                                                                    "ci.role_id",
                                                                                                                                    "mc.movie_id",
                                                                                                                                    "mc.company_id"
                                                                                                                                ],
                                                                                                                                "Inner Unique": false,
                                                                                                                                "Hash Cond": "(mc.movie_id = ci.movie_id)",
                                                                                                                                "Workers": [
                                                                                                                                    {
                                                                                                                                        "Worker Number": 0,
                                                                                                                                        "Actual Startup Time": 2341.693,
                                                                                                                                        "Actual Total Time": 2969.741,
                                                                                                                                        "Actual Rows": 388682,
                                                                                                                                        "Actual Loops": 1
                                                                                                                                    },
                                                                                                                                    {
                                                                                                                                        "Worker Number": 1,
                                                                                                                                        "Actual Startup Time": 2341.827,
                                                                                                                                        "Actual Total Time": 2972.124,
                                                                                                                                        "Actual Rows": 312071,
                                                                                                                                        "Actual Loops": 1
                                                                                                                                    },
                                                                                                                                    {
                                                                                                                                        "Worker Number": 2,
                                                                                                                                        "Actual Startup Time": 2341.748,
                                                                                                                                        "Actual Total Time": 2969.817,
                                                                                                                                        "Actual Rows": 367108,
                                                                                                                                        "Actual Loops": 1
                                                                                                                                    }
                                                                                                                                ],
                                                                                                                                "Plans": [
                                                                                                                                    {
                                                                                                                                        "Node Type": "Index Scan",
                                                                                                                                        "Parent Relationship": "Outer",
                                                                                                                                        "Parallel Aware": true,
                                                                                                                                        "Scan Direction": "Forward",
                                                                                                                                        "Index Name": "company_id_movie_companies",
                                                                                                                                        "Relation Name": "movie_companies",
                                                                                                                                        "Schema": "public",
                                                                                                                                        "Alias": "mc",
                                                                                                                                        "Startup Cost": 10000000000.43,
                                                                                                                                        "Total Cost": 10000113341.46,
                                                                                                                                        "Plan Rows": 841655,
                                                                                                                                        "Plan Width": 8,
                                                                                                                                        "Actual Startup Time": 0.096,
                                                                                                                                        "Actual Total Time": 366.476,
                                                                                                                                        "Actual Rows": 652282,
                                                                                                                                        "Actual Loops": 4,
                                                                                                                                        "Output": [
                                                                                                                                            "mc.id",
                                                                                                                                            "mc.movie_id",
                                                                                                                                            "mc.company_id",
                                                                                                                                            "mc.company_type_id",
                                                                                                                                            "mc.note"
                                                                                                                                        ],
                                                                                                                                        "Workers": [
                                                                                                                                            {
                                                                                                                                                "Worker Number": 0,
                                                                                                                                                "Actual Startup Time": 0.063,
                                                                                                                                                "Actual Total Time": 362.086,
                                                                                                                                                "Actual Rows": 626158,
                                                                                                                                                "Actual Loops": 1
                                                                                                                                            },
                                                                                                                                            {
                                                                                                                                                "Worker Number": 1,
                                                                                                                                                "Actual Startup Time": 0.137,
                                                                                                                                                "Actual Total Time": 372.186,
                                                                                                                                                "Actual Rows": 644882,
                                                                                                                                                "Actual Loops": 1
                                                                                                                                            },
                                                                                                                                            {
                                                                                                                                                "Worker Number": 2,
                                                                                                                                                "Actual Startup Time": 0.101,
                                                                                                                                                "Actual Total Time": 368.83,
                                                                                                                                                "Actual Rows": 636585,
                                                                                                                                                "Actual Loops": 1
                                                                                                                                            }
                                                                                                                                        ]
                                                                                                                                    },
                                                                                                                                    {
                                                                                                                                        "Node Type": "Hash",
                                                                                                                                        "Parent Relationship": "Inner",
                                                                                                                                        "Parallel Aware": true,
                                                                                                                                        "Startup Cost": 138565896.84,
                                                                                                                                        "Total Cost": 138565896.84,
                                                                                                                                        "Plan Rows": 210266,
                                                                                                                                        "Plan Width": 28,
                                                                                                                                        "Actual Startup Time": 2339.927,
                                                                                                                                        "Actual Total Time": 2339.932,
                                                                                                                                        "Actual Rows": 200315,
                                                                                                                                        "Actual Loops": 4,
                                                                                                                                        "Output": [
                                                                                                                                            "chn.name",
                                                                                                                                            "ci.movie_id",
                                                                                                                                            "ci.person_id",
                                                                                                                                            "ci.role_id"
                                                                                                                                        ],
                                                                                                                                        "Hash Buckets": 1048576,
                                                                                                                                        "Original Hash Buckets": 1048576,
                                                                                                                                        "Hash Batches": 1,
                                                                                                                                        "Original Hash Batches": 1,
                                                                                                                                        "Peak Memory Usage": 55040,
                                                                                                                                        "Workers": [
                                                                                                                                            {
                                                                                                                                                "Worker Number": 0,
                                                                                                                                                "Actual Startup Time": 2341.583,
                                                                                                                                                "Actual Total Time": 2341.588,
                                                                                                                                                "Actual Rows": 188329,
                                                                                                                                                "Actual Loops": 1
                                                                                                                                            },
                                                                                                                                            {
                                                                                                                                                "Worker Number": 1,
                                                                                                                                                "Actual Startup Time": 2341.594,
                                                                                                                                                "Actual Total Time": 2341.598,
                                                                                                                                                "Actual Rows": 203023,
                                                                                                                                                "Actual Loops": 1
                                                                                                                                            },
                                                                                                                                            {
                                                                                                                                                "Worker Number": 2,
                                                                                                                                                "Actual Startup Time": 2341.527,
                                                                                                                                                "Actual Total Time": 2341.533,
                                                                                                                                                "Actual Rows": 210875,
                                                                                                                                                "Actual Loops": 1
                                                                                                                                            }
                                                                                                                                        ],
                                                                                                                                        "Plans": [
                                                                                                                                            {
                                                                                                                                                "Node Type": "Hash Join",
                                                                                                                                                "Parent Relationship": "Outer",
                                                                                                                                                "Parallel Aware": true,
                                                                                                                                                "Join Type": "Inner",
                                                                                                                                                "Startup Cost": 899931.03,
                                                                                                                                                "Total Cost": 138565896.84,
                                                                                                                                                "Plan Rows": 210266,
                                                                                                                                                "Plan Width": 28,
                                                                                                                                                "Actual Startup Time": 1643.98,
                                                                                                                                                "Actual Total Time": 2261.56,
                                                                                                                                                "Actual Rows": 200315,
                                                                                                                                                "Actual Loops": 4,
                                                                                                                                                "Output": [
                                                                                                                                                    "chn.name",
                                                                                                                                                    "ci.movie_id",
                                                                                                                                                    "ci.person_id",
                                                                                                                                                    "ci.role_id"
                                                                                                                                                ],
                                                                                                                                                "Inner Unique": false,
                                                                                                                                                "Hash Cond": "(chn.id = ci.person_role_id)",
                                                                                                                                                "Workers": [
                                                                                                                                                    {
                                                                                                                                                        "Worker Number": 0,
                                                                                                                                                        "Actual Startup Time": 1644.085,
                                                                                                                                                        "Actual Total Time": 2264.448,
                                                                                                                                                        "Actual Rows": 188329,
                                                                                                                                                        "Actual Loops": 1
                                                                                                                                                    },
                                                                                                                                                    {
                                                                                                                                                        "Worker Number": 1,
                                                                                                                                                        "Actual Startup Time": 1643.898,
                                                                                                                                                        "Actual Total Time": 2257.18,
                                                                                                                                                        "Actual Rows": 203023,
                                                                                                                                                        "Actual Loops": 1
                                                                                                                                                    },
                                                                                                                                                    {
                                                                                                                                                        "Worker Number": 2,
                                                                                                                                                        "Actual Startup Time": 1643.923,
                                                                                                                                                        "Actual Total Time": 2259.919,
                                                                                                                                                        "Actual Rows": 210875,
                                                                                                                                                        "Actual Loops": 1
                                                                                                                                                    }
                                                                                                                                                ],
                                                                                                                                                "Plans": [
                                                                                                                                                    {
                                                                                                                                                        "Node Type": "Index Scan",
                                                                                                                                                        "Parent Relationship": "Outer",
                                                                                                                                                        "Parallel Aware": true,
                                                                                                                                                        "Scan Direction": "Forward",
                                                                                                                                                        "Index Name": "char_name_pkey",
                                                                                                                                                        "Relation Name": "char_name",
                                                                                                                                                        "Schema": "public",
                                                                                                                                                        "Alias": "chn",
                                                                                                                                                        "Startup Cost": 0.43,
                                                                                                                                                        "Total Cost": 105163.93,
                                                                                                                                                        "Plan Rows": 785057,
                                                                                                                                                        "Plan Width": 20,
                                                                                                                                                        "Actual Startup Time": 0.093,
                                                                                                                                                        "Actual Total Time": 390.687,
                                                                                                                                                        "Actual Rows": 785085,
                                                                                                                                                        "Actual Loops": 4,
                                                                                                                                                        "Output": [
                                                                                                                                                            "chn.id",
                                                                                                                                                            "chn.name",
                                                                                                                                                            "chn.imdb_index",
                                                                                                                                                            "chn.imdb_id",
                                                                                                                                                            "chn.name_pcode_nf",
                                                                                                                                                            "chn.surname_pcode",
                                                                                                                                                            "chn.md5sum"
                                                                                                                                                        ],
                                                                                                                                                        "Workers": [
                                                                                                                                                            {
                                                                                                                                                                "Worker Number": 0,
                                                                                                                                                                "Actual Startup Time": 0.236,
                                                                                                                                                                "Actual Total Time": 396.78,
                                                                                                                                                                "Actual Rows": 771170,
                                                                                                                                                                "Actual Loops": 1
                                                                                                                                                            },
                                                                                                                                                            {
                                                                                                                                                                "Worker Number": 1,
                                                                                                                                                                "Actual Startup Time": 0.041,
                                                                                                                                                                "Actual Total Time": 387.228,
                                                                                                                                                                "Actual Rows": 755327,
                                                                                                                                                                "Actual Loops": 1
                                                                                                                                                            },
                                                                                                                                                            {
                                                                                                                                                                "Worker Number": 2,
                                                                                                                                                                "Actual Startup Time": 0.08,
                                                                                                                                                                "Actual Total Time": 391.175,
                                                                                                                                                                "Actual Rows": 776553,
                                                                                                                                                                "Actual Loops": 1
                                                                                                                                                            }
                                                                                                                                                        ]
                                                                                                                                                    },
                                                                                                                                                    {
                                                                                                                                                        "Node Type": "Hash",
                                                                                                                                                        "Parent Relationship": "Inner",
                                                                                                                                                        "Parallel Aware": true,
                                                                                                                                                        "Startup Cost": 898178.39,
                                                                                                                                                        "Total Cost": 898178.39,
                                                                                                                                                        "Plan Rows": 140177,
                                                                                                                                                        "Plan Width": 16,
                                                                                                                                                        "Actual Startup Time": 1642.246,
                                                                                                                                                        "Actual Total Time": 1642.247,
                                                                                                                                                        "Actual Rows": 216869,
                                                                                                                                                        "Actual Loops": 4,
                                                                                                                                                        "Output": [
                                                                                                                                                            "ci.movie_id",
                                                                                                                                                            "ci.person_id",
                                                                                                                                                            "ci.role_id",
                                                                                                                                                            "ci.person_role_id"
                                                                                                                                                        ],
                                                                                                                                                        "Hash Buckets": 1048576,
                                                                                                                                                        "Original Hash Buckets": 1048576,
                                                                                                                                                        "Hash Batches": 1,
                                                                                                                                                        "Original Hash Batches": 1,
                                                                                                                                                        "Peak Memory Usage": 45824,
                                                                                                                                                        "Workers": [
                                                                                                                                                            {
                                                                                                                                                                "Worker Number": 0,
                                                                                                                                                                "Actual Startup Time": 1643.773,
                                                                                                                                                                "Actual Total Time": 1643.775,
                                                                                                                                                                "Actual Rows": 199614,
                                                                                                                                                                "Actual Loops": 1
                                                                                                                                                            },
                                                                                                                                                            {
                                                                                                                                                                "Worker Number": 1,
                                                                                                                                                                "Actual Startup Time": 1643.796,
                                                                                                                                                                "Actual Total Time": 1643.797,
                                                                                                                                                                "Actual Rows": 214060,
                                                                                                                                                                "Actual Loops": 1
                                                                                                                                                            },
                                                                                                                                                            {
                                                                                                                                                                "Worker Number": 2,
                                                                                                                                                                "Actual Startup Time": 1643.782,
                                                                                                                                                                "Actual Total Time": 1643.784,
                                                                                                                                                                "Actual Rows": 193265,
                                                                                                                                                                "Actual Loops": 1
                                                                                                                                                            }
                                                                                                                                                        ],
                                                                                                                                                        "Plans": [
                                                                                                                                                            {
                                                                                                                                                                "Node Type": "Index Scan",
                                                                                                                                                                "Parent Relationship": "Outer",
                                                                                                                                                                "Parallel Aware": true,
                                                                                                                                                                "Scan Direction": "Forward",
                                                                                                                                                                "Index Name": "role_id_cast_info",
                                                                                                                                                                "Relation Name": "cast_info",
                                                                                                                                                                "Schema": "public",
                                                                                                                                                                "Alias": "ci",
                                                                                                                                                                "Startup Cost": 0.56,
                                                                                                                                                                "Total Cost": 898178.39,
                                                                                                                                                                "Plan Rows": 140177,
                                                                                                                                                                "Plan Width": 16,
                                                                                                                                                                "Actual Startup Time": 0.098,
                                                                                                                                                                "Actual Total Time": 1573.743,
                                                                                                                                                                "Actual Rows": 216869,
                                                                                                                                                                "Actual Loops": 4,
                                                                                                                                                                "Output": [
                                                                                                                                                                    "ci.movie_id",
                                                                                                                                                                    "ci.person_id",
                                                                                                                                                                    "ci.role_id",
                                                                                                                                                                    "ci.person_role_id"
                                                                                                                                                                ],
                                                                                                                                                                "Filter": "(ci.note = ANY ('{(voice),\"(voice: Japanese version)\",\"(voice) (uncredited)\",\"(voice: English version)\"}'::text[]))",
                                                                                                                                                                "Rows Removed by Filter": 8844217,
                                                                                                                                                                "Workers": [
                                                                                                                                                                    {
                                                                                                                                                                        "Worker Number": 0,
                                                                                                                                                                        "Actual Startup Time": 0.162,
                                                                                                                                                                        "Actual Total Time": 1573.495,
                                                                                                                                                                        "Actual Rows": 199614,
                                                                                                                                                                        "Actual Loops": 1
                                                                                                                                                                    },
                                                                                                                                                                    {
                                                                                                                                                                        "Worker Number": 1,
                                                                                                                                                                        "Actual Startup Time": 0.073,
                                                                                                                                                                        "Actual Total Time": 1573.383,
                                                                                                                                                                        "Actual Rows": 214060,
                                                                                                                                                                        "Actual Loops": 1
                                                                                                                                                                    },
                                                                                                                                                                    {
                                                                                                                                                                        "Worker Number": 2,
                                                                                                                                                                        "Actual Startup Time": 0.124,
                                                                                                                                                                        "Actual Total Time": 1573.477,
                                                                                                                                                                        "Actual Rows": 193265,
                                                                                                                                                                        "Actual Loops": 1
                                                                                                                                                                    }
                                                                                                                                                                ]
                                                                                                                                                            }
                                                                                                                                                        ]
                                                                                                                                                    }
                                                                                                                                                ]
                                                                                                                                            }
                                                                                                                                        ]
                                                                                                                                    }
                                                                                                                                ]
                                                                                                                            },
                                                                                                                            {
                                                                                                                                "Node Type": "Hash",
                                                                                                                                "Parent Relationship": "Inner",
                                                                                                                                "Parallel Aware": true,
                                                                                                                                "Startup Cost": 10000045479.21,
                                                                                                                                "Total Cost": 10000045479.21,
                                                                                                                                "Plan Rows": 16,
                                                                                                                                "Plan Width": 21,
                                                                                                                                "Actual Startup Time": 96.281,
                                                                                                                                "Actual Total Time": 96.282,
                                                                                                                                "Actual Rows": 2,
                                                                                                                                "Actual Loops": 4,
                                                                                                                                "Output": [
                                                                                                                                    "t.title",
                                                                                                                                    "t.id"
                                                                                                                                ],
                                                                                                                                "Hash Buckets": 1024,
                                                                                                                                "Original Hash Buckets": 1024,
                                                                                                                                "Hash Batches": 1,
                                                                                                                                "Original Hash Batches": 1,
                                                                                                                                "Peak Memory Usage": 136,
                                                                                                                                "Workers": [
                                                                                                                                    {
                                                                                                                                        "Worker Number": 0,
                                                                                                                                        "Actual Startup Time": 96.222,
                                                                                                                                        "Actual Total Time": 96.223,
                                                                                                                                        "Actual Rows": 3,
                                                                                                                                        "Actual Loops": 1
                                                                                                                                    },
                                                                                                                                    {
                                                                                                                                        "Worker Number": 1,
                                                                                                                                        "Actual Startup Time": 96.363,
                                                                                                                                        "Actual Total Time": 96.364,
                                                                                                                                        "Actual Rows": 3,
                                                                                                                                        "Actual Loops": 1
                                                                                                                                    },
                                                                                                                                    {
                                                                                                                                        "Worker Number": 2,
                                                                                                                                        "Actual Startup Time": 96.232,
                                                                                                                                        "Actual Total Time": 96.233,
                                                                                                                                        "Actual Rows": 1,
                                                                                                                                        "Actual Loops": 1
                                                                                                                                    }
                                                                                                                                ],
                                                                                                                                "Plans": [
                                                                                                                                    {
                                                                                                                                        "Node Type": "Seq Scan",
                                                                                                                                        "Parent Relationship": "Outer",
                                                                                                                                        "Parallel Aware": true,
                                                                                                                                        "Relation Name": "title",
                                                                                                                                        "Schema": "public",
                                                                                                                                        "Alias": "t",
                                                                                                                                        "Startup Cost": 10000000000.0,
                                                                                                                                        "Total Cost": 10000045479.21,
                                                                                                                                        "Plan Rows": 16,
                                                                                                                                        "Plan Width": 21,
                                                                                                                                        "Actual Startup Time": 37.982,
                                                                                                                                        "Actual Total Time": 96.201,
                                                                                                                                        "Actual Rows": 2,
                                                                                                                                        "Actual Loops": 4,
                                                                                                                                        "Output": [
                                                                                                                                            "t.title",
                                                                                                                                            "t.id"
                                                                                                                                        ],
                                                                                                                                        "Filter": "((t.title ~~ 'Kung Fu Panda%'::text) AND (t.production_year > 2008))",
                                                                                                                                        "Rows Removed by Filter": 632076,
                                                                                                                                        "Workers": [
                                                                                                                                            {
                                                                                                                                                "Worker Number": 0,
                                                                                                                                                "Actual Startup Time": 22.086,
                                                                                                                                                "Actual Total Time": 96.155,
                                                                                                                                                "Actual Rows": 3,
                                                                                                                                                "Actual Loops": 1
                                                                                                                                            },
                                                                                                                                            {
                                                                                                                                                "Worker Number": 1,
                                                                                                                                                "Actual Startup Time": 27.675,
                                                                                                                                                "Actual Total Time": 96.238,
                                                                                                                                                "Actual Rows": 3,
                                                                                                                                                "Actual Loops": 1
                                                                                                                                            },
                                                                                                                                            {
                                                                                                                                                "Worker Number": 2,
                                                                                                                                                "Actual Startup Time": 76.512,
                                                                                                                                                "Actual Total Time": 96.149,
                                                                                                                                                "Actual Rows": 1,
                                                                                                                                                "Actual Loops": 1
                                                                                                                                            }
                                                                                                                                        ]
                                                                                                                                    }
                                                                                                                                ]
                                                                                                                            }
                                                                                                                        ]
                                                                                                                    },
                                                                                                                    {
                                                                                                                        "Node Type": "Hash",
                                                                                                                        "Parent Relationship": "Inner",
                                                                                                                        "Parallel Aware": true,
                                                                                                                        "Startup Cost": 910145.77,
                                                                                                                        "Total Cost": 910145.77,
                                                                                                                        "Plan Rows": 61311,
                                                                                                                        "Plan Width": 8,
                                                                                                                        "Actual Startup Time": 1248.621,
                                                                                                                        "Actual Total Time": 1248.622,
                                                                                                                        "Actual Rows": 75312,
                                                                                                                        "Actual Loops": 4,
                                                                                                                        "Output": [
                                                                                                                            "mi.movie_id",
                                                                                                                            "mi.info_type_id"
                                                                                                                        ],
                                                                                                                        "Hash Buckets": 524288,
                                                                                                                        "Original Hash Buckets": 524288,
                                                                                                                        "Hash Batches": 1,
                                                                                                                        "Original Hash Batches": 1,
                                                                                                                        "Peak Memory Usage": 15968,
                                                                                                                        "Workers": [
                                                                                                                            {
                                                                                                                                "Worker Number": 0,
                                                                                                                                "Actual Startup Time": 1246.821,
                                                                                                                                "Actual Total Time": 1246.822,
                                                                                                                                "Actual Rows": 67192,
                                                                                                                                "Actual Loops": 1
                                                                                                                            },
                                                                                                                            {
                                                                                                                                "Worker Number": 1,
                                                                                                                                "Actual Startup Time": 1246.902,
                                                                                                                                "Actual Total Time": 1246.902,
                                                                                                                                "Actual Rows": 66806,
                                                                                                                                "Actual Loops": 1
                                                                                                                            },
                                                                                                                            {
                                                                                                                                "Worker Number": 2,
                                                                                                                                "Actual Startup Time": 1246.925,
                                                                                                                                "Actual Total Time": 1246.925,
                                                                                                                                "Actual Rows": 71439,
                                                                                                                                "Actual Loops": 1
                                                                                                                            }
                                                                                                                        ],
                                                                                                                        "Plans": [
                                                                                                                            {
                                                                                                                                "Node Type": "Index Scan",
                                                                                                                                "Parent Relationship": "Outer",
                                                                                                                                "Parallel Aware": true,
                                                                                                                                "Scan Direction": "Forward",
                                                                                                                                "Index Name": "info_type_id_movie_info",
                                                                                                                                "Relation Name": "movie_info",
                                                                                                                                "Schema": "public",
                                                                                                                                "Alias": "mi",
                                                                                                                                "Startup Cost": 0.43,
                                                                                                                                "Total Cost": 910145.77,
                                                                                                                                "Plan Rows": 61311,
                                                                                                                                "Plan Width": 8,
                                                                                                                                "Actual Startup Time": 394.306,
                                                                                                                                "Actual Total Time": 1218.852,
                                                                                                                                "Actual Rows": 75312,
                                                                                                                                "Actual Loops": 4,
                                                                                                                                "Output": [
                                                                                                                                    "mi.movie_id",
                                                                                                                                    "mi.info_type_id"
                                                                                                                                ],
                                                                                                                                "Filter": "((mi.info IS NOT NULL) AND ((mi.info ~~ 'Japan:%201%'::text) OR (mi.info ~~ 'USA:%201%'::text)))",
                                                                                                                                "Rows Removed by Filter": 3633618,
                                                                                                                                "Workers": [
                                                                                                                                    {
                                                                                                                                        "Worker Number": 0,
                                                                                                                                        "Actual Startup Time": 757.124,
                                                                                                                                        "Actual Total Time": 1219.441,
                                                                                                                                        "Actual Rows": 67192,
                                                                                                                                        "Actual Loops": 1
                                                                                                                                    },
                                                                                                                                    {
                                                                                                                                        "Worker Number": 1,
                                                                                                                                        "Actual Startup Time": 25.968,
                                                                                                                                        "Actual Total Time": 1217.994,
                                                                                                                                        "Actual Rows": 66806,
                                                                                                                                        "Actual Loops": 1
                                                                                                                                    },
                                                                                                                                    {
                                                                                                                                        "Worker Number": 2,
                                                                                                                                        "Actual Startup Time": 757.205,
                                                                                                                                        "Actual Total Time": 1216.5,
                                                                                                                                        "Actual Rows": 71439,
                                                                                                                                        "Actual Loops": 1
                                                                                                                                    }
                                                                                                                                ]
                                                                                                                            }
                                                                                                                        ]
                                                                                                                    }
                                                                                                                ]
                                                                                                            }
                                                                                                        ]
                                                                                                    },
                                                                                                    {
                                                                                                        "Node Type": "Sort",
                                                                                                        "Parent Relationship": "Inner",
                                                                                                        "Parallel Aware": false,
                                                                                                        "Startup Cost": 10000109559.99,
                                                                                                        "Total Cost": 10000111813.35,
                                                                                                        "Plan Rows": 901343,
                                                                                                        "Plan Width": 4,
                                                                                                        "Actual Startup Time": 311.213,
                                                                                                        "Actual Total Time": 344.952,
                                                                                                        "Actual Rows": 577904,
                                                                                                        "Actual Loops": 4,
                                                                                                        "Output": [
                                                                                                            "an.person_id"
                                                                                                        ],
                                                                                                        "Sort Key": [
                                                                                                            "an.person_id"
                                                                                                        ],
                                                                                                        "Sort Method": "quicksort",
                                                                                                        "Sort Space Used": 66827,
                                                                                                        "Sort Space Type": "Memory",
                                                                                                        "Workers": [
                                                                                                            {
                                                                                                                "Worker Number": 0,
                                                                                                                "Actual Startup Time": 319.519,
                                                                                                                "Actual Total Time": 355.256,
                                                                                                                "Actual Rows": 577261,
                                                                                                                "Actual Loops": 1
                                                                                                            },
                                                                                                            {
                                                                                                                "Worker Number": 1,
                                                                                                                "Actual Startup Time": 321.184,
                                                                                                                "Actual Total Time": 355.503,
                                                                                                                "Actual Rows": 578411,
                                                                                                                "Actual Loops": 1
                                                                                                            },
                                                                                                            {
                                                                                                                "Worker Number": 2,
                                                                                                                "Actual Startup Time": 320.816,
                                                                                                                "Actual Total Time": 354.533,
                                                                                                                "Actual Rows": 578447,
                                                                                                                "Actual Loops": 1
                                                                                                            }
                                                                                                        ],
                                                                                                        "Plans": [
                                                                                                            {
                                                                                                                "Node Type": "Seq Scan",
                                                                                                                "Parent Relationship": "Outer",
                                                                                                                "Parallel Aware": false,
                                                                                                                "Relation Name": "aka_name",
                                                                                                                "Schema": "public",
                                                                                                                "Alias": "an",
                                                                                                                "Startup Cost": 10000000000.0,
                                                                                                                "Total Cost": 10000020409.43,
                                                                                                                "Plan Rows": 901343,
                                                                                                                "Plan Width": 4,
                                                                                                                "Actual Startup Time": 0.028,
                                                                                                                "Actual Total Time": 98.633,
                                                                                                                "Actual Rows": 901343,
                                                                                                                "Actual Loops": 4,
                                                                                                                "Output": [
                                                                                                                    "an.person_id"
                                                                                                                ],
                                                                                                                "Workers": [
                                                                                                                    {
                                                                                                                        "Worker Number": 0,
                                                                                                                        "Actual Startup Time": 0.031,
                                                                                                                        "Actual Total Time": 96.894,
                                                                                                                        "Actual Rows": 901343,
                                                                                                                        "Actual Loops": 1
                                                                                                                    },
                                                                                                                    {
                                                                                                                        "Worker Number": 1,
                                                                                                                        "Actual Startup Time": 0.041,
                                                                                                                        "Actual Total Time": 98.131,
                                                                                                                        "Actual Rows": 901343,
                                                                                                                        "Actual Loops": 1
                                                                                                                    },
                                                                                                                    {
                                                                                                                        "Worker Number": 2,
                                                                                                                        "Actual Startup Time": 0.029,
                                                                                                                        "Actual Total Time": 99.721,
                                                                                                                        "Actual Rows": 901343,
                                                                                                                        "Actual Loops": 1
                                                                                                                    }
                                                                                                                ]
                                                                                                            }
                                                                                                        ]
                                                                                                    }
                                                                                                ]
                                                                                            },
                                                                                            {
                                                                                                "Node Type": "Bitmap Heap Scan",
                                                                                                "Parent Relationship": "Inner",
                                                                                                "Parallel Aware": false,
                                                                                                "Relation Name": "info_type",
                                                                                                "Schema": "public",
                                                                                                "Alias": "it",
                                                                                                "Startup Cost": 0.15,
                                                                                                "Total Cost": 4.17,
                                                                                                "Plan Rows": 1,
                                                                                                "Plan Width": 4,
                                                                                                "Actual Startup Time": 0.003,
                                                                                                "Actual Total Time": 0.003,
                                                                                                "Actual Rows": 1,
                                                                                                "Actual Loops": 7407,
                                                                                                "Output": [
                                                                                                    "it.id",
                                                                                                    "it.info"
                                                                                                ],
                                                                                                "Recheck Cond": "(it.id = mi.info_type_id)",
                                                                                                "Rows Removed by Index Recheck": 0,
                                                                                                "Filter": "((it.info)::text = 'release dates'::text)",
                                                                                                "Rows Removed by Filter": 0,
                                                                                                "Exact Heap Blocks": 1425,
                                                                                                "Lossy Heap Blocks": 0,
                                                                                                "Workers": [
                                                                                                    {
                                                                                                        "Worker Number": 0,
                                                                                                        "Actual Startup Time": 0.003,
                                                                                                        "Actual Total Time": 0.003,
                                                                                                        "Actual Rows": 1,
                                                                                                        "Actual Loops": 1195
                                                                                                    },
                                                                                                    {
                                                                                                        "Worker Number": 1,
                                                                                                        "Actual Startup Time": 0.003,
                                                                                                        "Actual Total Time": 0.003,
                                                                                                        "Actual Rows": 1,
                                                                                                        "Actual Loops": 2366
                                                                                                    },
                                                                                                    {
                                                                                                        "Worker Number": 2,
                                                                                                        "Actual Startup Time": 0.003,
                                                                                                        "Actual Total Time": 0.003,
                                                                                                        "Actual Rows": 1,
                                                                                                        "Actual Loops": 2421
                                                                                                    }
                                                                                                ],
                                                                                                "Plans": [
                                                                                                    {
                                                                                                        "Node Type": "Bitmap Index Scan",
                                                                                                        "Parent Relationship": "Outer",
                                                                                                        "Parallel Aware": false,
                                                                                                        "Index Name": "info_type_pkey",
                                                                                                        "Startup Cost": 0.0,
                                                                                                        "Total Cost": 0.15,
                                                                                                        "Plan Rows": 1,
                                                                                                        "Plan Width": 0,
                                                                                                        "Actual Startup Time": 0.001,
                                                                                                        "Actual Total Time": 0.001,
                                                                                                        "Actual Rows": 1,
                                                                                                        "Actual Loops": 7407,
                                                                                                        "Index Cond": "(it.id = mi.info_type_id)",
                                                                                                        "Workers": [
                                                                                                            {
                                                                                                                "Worker Number": 0,
                                                                                                                "Actual Startup Time": 0.002,
                                                                                                                "Actual Total Time": 0.002,
                                                                                                                "Actual Rows": 1,
                                                                                                                "Actual Loops": 1195
                                                                                                            },
                                                                                                            {
                                                                                                                "Worker Number": 1,
                                                                                                                "Actual Startup Time": 0.001,
                                                                                                                "Actual Total Time": 0.001,
                                                                                                                "Actual Rows": 1,
                                                                                                                "Actual Loops": 2366
                                                                                                            },
                                                                                                            {
                                                                                                                "Worker Number": 2,
                                                                                                                "Actual Startup Time": 0.001,
                                                                                                                "Actual Total Time": 0.001,
                                                                                                                "Actual Rows": 1,
                                                                                                                "Actual Loops": 2421
                                                                                                            }
                                                                                                        ]
                                                                                                    }
                                                                                                ]
                                                                                            }
                                                                                        ]
                                                                                    }
                                                                                ]
                                                                            }
                                                                        ]
                                                                    }
                                                                ]
                                                            }
                                                        ]
                                                    }
                                                ]
                                            },
                                            {
                                                "Node Type": "Index Scan",
                                                "Parent Relationship": "Inner",
                                                "Parallel Aware": false,
                                                "Scan Direction": "Forward",
                                                "Index Name": "keyword_pkey",
                                                "Relation Name": "keyword",
                                                "Schema": "public",
                                                "Alias": "k",
                                                "Startup Cost": 0.42,
                                                "Total Cost": 0.44,
                                                "Plan Rows": 1,
                                                "Plan Width": 4,
                                                "Actual Startup Time": 0.001,
                                                "Actual Total Time": 0.001,
                                                "Actual Rows": 0,
                                                "Actual Loops": 1925,
                                                "Output": [
                                                    "k.id",
                                                    "k.keyword",
                                                    "k.phonetic_code"
                                                ],
                                                "Index Cond": "(k.id = mk.keyword_id)",
                                                "Rows Removed by Index Recheck": 0,
                                                "Filter": "(k.keyword = ANY ('{gore,superhero,martial-arts,banquet}'::text[]))",
                                                "Rows Removed by Filter": 1
                                            }
                                        ]
                                    }
                                ]
                            }
                        ]
                    },
                    {
                        "Node Type": "Bitmap Heap Scan",
                        "Parent Relationship": "Inner",
                        "Parallel Aware": false,
                        "Relation Name": "role_type",
                        "Schema": "public",
                        "Alias": "rt",
                        "Startup Cost": 0.14,
                        "Total Cost": 4.16,
                        "Plan Rows": 1,
                        "Plan Width": 4,
                        "Actual Startup Time": 0.003,
                        "Actual Total Time": 0.003,
                        "Actual Rows": 1,
                        "Actual Loops": 10,
                        "Output": [
                            "rt.id",
                            "rt.role"
                        ],
                        "Recheck Cond": "(rt.id = ci.role_id)",
                        "Rows Removed by Index Recheck": 0,
                        "Filter": "((rt.role)::text = 'actress'::text)",
                        "Rows Removed by Filter": 0,
                        "Exact Heap Blocks": 10,
                        "Lossy Heap Blocks": 0,
                        "Plans": [
                            {
                                "Node Type": "Bitmap Index Scan",
                                "Parent Relationship": "Outer",
                                "Parallel Aware": false,
                                "Index Name": "role_type_pkey",
                                "Startup Cost": 0.0,
                                "Total Cost": 0.14,
                                "Plan Rows": 1,
                                "Plan Width": 0,
                                "Actual Startup Time": 0.001,
                                "Actual Total Time": 0.002,
                                "Actual Rows": 1,
                                "Actual Loops": 10,
                                "Index Cond": "(rt.id = ci.role_id)"
                            }
                        ]
                    }
                ]
            }
        ]
    },
    "Planning Time": 54.869,
    "Triggers": [],
    "Execution Time": 5947.712
}