[
  {
    "Plan": {
      "Node Type": "Aggregate",
      "Strategy": "Plain",
      "Partial Mode": "Finalize",
      "Parallel Aware": false,
      "Startup Cost": 464771.68,
      "Total Cost": 464771.69,
      "Plan Rows": 1,
      "Plan Width": 8,
      "Actual Startup Time": 1687.227,
      "Actual Total Time": 1744.045,
      "Actual Rows": 1,
      "Actual Loops": 1,
      "Plans": [
        {
          "Node Type": "Gather",
          "Parent Relationship": "Outer",
          "Parallel Aware": false,
          "Startup Cost": 464771.06,
          "Total Cost": 464771.67,
          "Plan Rows": 6,
          "Plan Width": 8,
          "Actual Startup Time": 1665.69,
          "Actual Total Time": 1744.024,
          "Actual Rows": 7,
          "Actual Loops": 1,
          "Workers Planned": 6,
          "Workers Launched": 6,
          "Single Copy": false,
          "Plans": [
            {
              "Node Type": "Aggregate",
              "Strategy": "Plain",
              "Partial Mode": "Partial",
              "Parent Relationship": "Outer",
              "Parallel Aware": false,
              "Startup Cost": 463771.06,
              "Total Cost": 463771.07,
              "Plan Rows": 1,
              "Plan Width": 8,
              "Actual Startup Time": 1650.086,
              "Actual Total Time": 1650.523,
              "Actual Rows": 1,
              "Actual Loops": 7,
              "Plans": [
                {
                  "Node Type": "Hash Join",
                  "Parent Relationship": "Outer",
                  "Parallel Aware": true,
                  "Join Type": "Inner",
                  "Startup Cost": 106303.08,
                  "Total Cost": 459917.72,
                  "Plan Rows": 1541335,
                  "Plan Width": 0,
                  "Actual Startup Time": 823.305,
                  "Actual Total Time": 1561.147,
                  "Actual Rows": 1937334,
                  "Actual Loops": 7,
                  "Inner Unique": false,
                  "Hash Cond": "(ci.movie_id = t.id)",
                  "Plans": [
                    {
                      "Node Type": "Seq Scan",
                      "Parent Relationship": "Outer",
                      "Parallel Aware": true,
                      "Relation Name": "cast_info",
                      "Alias": "ci",
                      "Startup Cost": 0.0,
                      "Total Cost": 343316.27,
                      "Plan Rows": 1420351,
                      "Plan Width": 4,
                      "Actual Startup Time": 220.124,
                      "Actual Total Time": 625.721,
                      "Actual Rows": 522728,
                      "Actual Loops": 7,
                      "Filter": "((person_id < 1303393) AND (role_id > 1))",
                      "Rows Removed by Filter": 4655035
                    },
                    {
                      "Node Type": "Hash",
                      "Parent Relationship": "Inner",
                      "Parallel Aware": true,
                      "Startup Cost": 95239.41,
                      "Total Cost": 95239.41,
                      "Plan Rows": 885094,
                      "Plan Width": 8,
                      "Actual Startup Time": 593.375,
                      "Actual Total Time": 593.809,
                      "Actual Rows": 394118,
                      "Actual Loops": 7,
                      "Hash Buckets": 4194304,
                      "Original Hash Buckets": 4194304,
                      "Hash Batches": 1,
                      "Original Hash Batches": 1,
                      "Peak Memory Usage": 140832,
                      "Plans": [
                        {
                          "Node Type": "Hash Join",
                          "Parent Relationship": "Outer",
                          "Parallel Aware": true,
                          "Join Type": "Inner",
                          "Startup Cost": 50220.38,
                          "Total Cost": 95239.41,
                          "Plan Rows": 885094,
                          "Plan Width": 8,
                          "Actual Startup Time": 283.439,
                          "Actual Total Time": 455.351,
                          "Actual Rows": 394118,
                          "Actual Loops": 7,
                          "Inner Unique": true,
                          "Hash Cond": "(mk.movie_id = t.id)",
                          "Plans": [
                            {
                              "Node Type": "Seq Scan",
                              "Parent Relationship": "Outer",
                              "Parallel Aware": true,
                              "Relation Name": "movie_keyword",
                              "Alias": "mk",
                              "Startup Cost": 0.0,
                              "Total Cost": 42695.65,
                              "Plan Rows": 885094,
                              "Plan Width": 4,
                              "Actual Startup Time": 0.042,
                              "Actual Total Time": 79.525,
                              "Actual Rows": 394118,
                              "Actual Loops": 7,
                              "Filter": "(keyword_id < 7861)",
                              "Rows Removed by Filter": 252158
                            },
                            {
                              "Node Type": "Hash",
                              "Parent Relationship": "Inner",
                              "Parallel Aware": true,
                              "Startup Cost": 42319.06,
                              "Total Cost": 42319.06,
                              "Plan Rows": 632106,
                              "Plan Width": 4,
                              "Actual Startup Time": 279.102,
                              "Actual Total Time": 279.104,
                              "Actual Rows": 361187,
                              "Actual Loops": 7,
                              "Hash Buckets": 4194304,
                              "Original Hash Buckets": 4194304,
                              "Hash Batches": 1,
                              "Original Hash Batches": 1,
                              "Peak Memory Usage": 131808,
                              "Plans": [
                                {
                                  "Node Type": "Seq Scan",
                                  "Parent Relationship": "Outer",
                                  "Parallel Aware": true,
                                  "Relation Name": "title",
                                  "Alias": "t",
                                  "Startup Cost": 0.0,
                                  "Total Cost": 42319.06,
                                  "Plan Rows": 632106,
                                  "Plan Width": 4,
                                  "Actual Startup Time": 0.058,
                                  "Actual Total Time": 79.607,
                                  "Actual Rows": 361187,
                                  "Actual Loops": 7
                                }
                              ]
                            }
                          ]
                        }
                      ]
                    }
                  ]
                }
              ]
            }
          ]
        }
      ]
    },
    "Planning Time": 0.937,
    "Triggers": [],
    "Execution Time": 1744.116
  }
]