{
  "Plan": {
    "Node Type": "Aggregate",
    "Strategy": "Plain",
    "Partial Mode": "Finalize",
    "Parallel Aware": false,
    "Startup Cost": 146191.77,
    "Total Cost": 146191.78,
    "Plan Rows": 1,
    "Plan Width": 8,
    "Actual Startup Time": 982.538,
    "Actual Total Time": 1006.345,
    "Actual Rows": 1,
    "Actual Loops": 1,
    "Plans": [
      {
        "Node Type": "Gather",
        "Parent Relationship": "Outer",
        "Parallel Aware": false,
        "Startup Cost": 146191.66,
        "Total Cost": 146191.77,
        "Plan Rows": 1,
        "Plan Width": 8,
        "Actual Startup Time": 976.099,
        "Actual Total Time": 1006.335,
        "Actual Rows": 2,
        "Actual Loops": 1,
        "Workers Planned": 1,
        "Workers Launched": 1,
        "Single Copy": false,
        "Plans": [
          {
            "Node Type": "Aggregate",
            "Strategy": "Plain",
            "Partial Mode": "Partial",
            "Parent Relationship": "Outer",
            "Parallel Aware": false,
            "Startup Cost": 145191.66,
            "Total Cost": 145191.67,
            "Plan Rows": 1,
            "Plan Width": 8,
            "Actual Startup Time": 961.91,
            "Actual Total Time": 962.241,
            "Actual Rows": 1,
            "Actual Loops": 2,
            "Plans": [
              {
                "Node Type": "Hash Join",
                "Parent Relationship": "Outer",
                "Parallel Aware": true,
                "Join Type": "Inner",
                "Startup Cost": 103727.75,
                "Total Cost": 144996.03,
                "Plan Rows": 78251,
                "Plan Width": 0,
                "Actual Startup Time": 711.643,
                "Actual Total Time": 937.217,
                "Actual Rows": 612802,
                "Actual Loops": 2,
                "Inner Unique": false,
                "Hash Cond": "(mc.movie_id = t.id)",
                "Plans": [
                  {
                    "Node Type": "Seq Scan",
                    "Parent Relationship": "Outer",
                    "Parallel Aware": true,
                    "Relation Name": "movie_companies",
                    "Alias": "mc",
                    "Startup Cost": 0.0,
                    "Total Cost": 37974.77,
                    "Plan Rows": 755522,
                    "Plan Width": 4,
                    "Actual Startup Time": 0.013,
                    "Actual Total Time": 114.847,
                    "Actual Rows": 637123,
                    "Actual Loops": 2,
                    "Filter": "(company_type_id < 2)",
                    "Rows Removed by Filter": 667442
                  },
                  {
                    "Node Type": "Hash",
                    "Parent Relationship": "Inner",
                    "Parallel Aware": true,
                    "Startup Cost": 101802.31,
                    "Total Cost": 101802.31,
                    "Plan Rows": 154035,
                    "Plan Width": 8,
                    "Actual Startup Time": 708.187,
                    "Actual Total Time": 708.516,
                    "Actual Rows": 136223,
                    "Actual Loops": 2,
                    "Hash Buckets": 524288,
                    "Original Hash Buckets": 262144,
                    "Hash Batches": 1,
                    "Original Hash Batches": 1,
                    "Peak Memory Usage": 16864,
                    "Plans": [
                      {
                        "Node Type": "Hash Join",
                        "Parent Relationship": "Outer",
                        "Parallel Aware": true,
                        "Join Type": "Inner",
                        "Startup Cost": 75018.54,
                        "Total Cost": 101802.31,
                        "Plan Rows": 154035,
                        "Plan Width": 8,
                        "Actual Startup Time": 564.936,
                        "Actual Total Time": 673.707,
                        "Actual Rows": 136223,
                        "Actual Loops": 2,
                        "Inner Unique": true,
                        "Hash Cond": "(mk.movie_id = t.id)",
                        "Plans": [
                          {
                            "Node Type": "Bitmap Heap Scan",
                            "Parent Relationship": "Outer",
                            "Parallel Aware": true,
                            "Relation Name": "movie_keyword",
                            "Alias": "mk",
                            "Startup Cost": 5557.84,
                            "Total Cost": 31937.27,
                            "Plan Rows": 154035,
                            "Plan Width": 4,
                            "Actual Startup Time": 16.942,
                            "Actual Total Time": 70.003,
                            "Actual Rows": 136223,
                            "Actual Loops": 2,
                            "Recheck Cond": "(keyword_id < 231)",
                            "Rows Removed by Index Recheck": 0,
                            "Exact Heap Blocks": 13244,
                            "Lossy Heap Blocks": 0,
                            "Plans": [
                              {
                                "Node Type": "Bitmap Index Scan",
                                "Parent Relationship": "Outer",
                                "Parallel Aware": false,
                                "Index Name": "keyword_id_movie_keyword",
                                "Startup Cost": 0.0,
                                "Total Cost": 5492.38,
                                "Plan Rows": 261859,
                                "Plan Width": 0,
                                "Actual Startup Time": 13.43,
                                "Actual Total Time": 13.43,
                                "Actual Rows": 272446,
                                "Actual Loops": 1,
                                "Index Cond": "(keyword_id < 231)"
                              }
                            ]
                          },
                          {
                            "Node Type": "Hash",
                            "Parent Relationship": "Inner",
                            "Parallel Aware": true,
                            "Startup Cost": 50870.31,
                            "Total Cost": 50870.31,
                            "Plan Rows": 1487231,
                            "Plan Width": 4,
                            "Actual Startup Time": 528.042,
                            "Actual Total Time": 528.042,
                            "Actual Rows": 1264156,
                            "Actual Loops": 2,
                            "Hash Buckets": 4194304,
                            "Original Hash Buckets": 4194304,
                            "Hash Batches": 1,
                            "Original Hash Batches": 1,
                            "Peak Memory Usage": 131712,
                            "Plans": [
                              {
                                "Node Type": "Seq Scan",
                                "Parent Relationship": "Outer",
                                "Parallel Aware": true,
                                "Relation Name": "title",
                                "Alias": "t",
                                "Startup Cost": 0.0,
                                "Total Cost": 50870.31,
                                "Plan Rows": 1487231,
                                "Plan Width": 4,
                                "Actual Startup Time": 0.026,
                                "Actual Total Time": 158.469,
                                "Actual Rows": 1264156,
                                "Actual Loops": 2
                              }
                            ]
                          }
                        ]
                      }
                    ]
                  }
                ]
              }
            ]
          }
        ]
      }
    ]
  },
  "Planning Time": 0.872,
  "Triggers": [],
  "Execution Time": 1006.442
}