[
  {
    "Plan": {
      "Node Type": "Aggregate",
      "Strategy": "Plain",
      "Partial Mode": "Finalize",
      "Parallel Aware": false,
      "Startup Cost": 89933.53,
      "Total Cost": 89933.54,
      "Plan Rows": 1,
      "Plan Width": 8,
      "Actual Startup Time": 213.724,
      "Actual Total Time": 230.002,
      "Actual Rows": 1,
      "Actual Loops": 1,
      "Plans": [
        {
          "Node Type": "Gather",
          "Parent Relationship": "Outer",
          "Parallel Aware": false,
          "Startup Cost": 89933.21,
          "Total Cost": 89933.52,
          "Plan Rows": 3,
          "Plan Width": 8,
          "Actual Startup Time": 213.477,
          "Actual Total Time": 229.996,
          "Actual Rows": 4,
          "Actual Loops": 1,
          "Workers Planned": 3,
          "Workers Launched": 3,
          "Single Copy": false,
          "Plans": [
            {
              "Node Type": "Aggregate",
              "Strategy": "Plain",
              "Partial Mode": "Partial",
              "Parent Relationship": "Outer",
              "Parallel Aware": false,
              "Startup Cost": 88933.21,
              "Total Cost": 88933.22,
              "Plan Rows": 1,
              "Plan Width": 8,
              "Actual Startup Time": 203.988,
              "Actual Total Time": 203.992,
              "Actual Rows": 1,
              "Actual Loops": 4,
              "Plans": [
                {
                  "Node Type": "Nested Loop",
                  "Parent Relationship": "Outer",
                  "Parallel Aware": false,
                  "Join Type": "Inner",
                  "Startup Cost": 45612.02,
                  "Total Cost": 88908.46,
                  "Plan Rows": 9900,
                  "Plan Width": 0,
                  "Actual Startup Time": 134.661,
                  "Actual Total Time": 203.876,
                  "Actual Rows": 1952,
                  "Actual Loops": 4,
                  "Inner Unique": false,
                  "Join Filter": "(t.id = mk.movie_id)",
                  "Rows Removed by Join Filter": 0,
                  "Plans": [
                    {
                      "Node Type": "Hash Join",
                      "Parent Relationship": "Outer",
                      "Parallel Aware": true,
                      "Join Type": "Inner",
                      "Startup Cost": 45611.59,
                      "Total Cost": 77895.85,
                      "Plan Rows": 5533,
                      "Plan Width": 8,
                      "Actual Startup Time": 133.641,
                      "Actual Total Time": 199.171,
                      "Actual Rows": 1748,
                      "Actual Loops": 4,
                      "Inner Unique": true,
                      "Hash Cond": "(mc.movie_id = t.id)",
                      "Plans": [
                        {
                          "Node Type": "Seq Scan",
                          "Parent Relationship": "Outer",
                          "Parallel Aware": true,
                          "Relation Name": "movie_companies",
                          "Alias": "mc",
                          "Startup Cost": 0.0,
                          "Total Cost": 31414.82,
                          "Plan Rows": 331217,
                          "Plan Width": 4,
                          "Actual Startup Time": 31.597,
                          "Actual Total Time": 69.325,
                          "Actual Rows": 292397,
                          "Actual Loops": 4,
                          "Filter": "((company_id > 685) AND (company_type_id > 1))",
                          "Rows Removed by Filter": 359886
                        },
                        {
                          "Node Type": "Hash",
                          "Parent Relationship": "Inner",
                          "Parallel Aware": true,
                          "Startup Cost": 45479.59,
                          "Total Cost": 45479.59,
                          "Plan Rows": 10560,
                          "Plan Width": 4,
                          "Actual Startup Time": 100.388,
                          "Actual Total Time": 100.389,
                          "Actual Rows": 10064,
                          "Actual Loops": 4,
                          "Hash Buckets": 65536,
                          "Original Hash Buckets": 65536,
                          "Hash Batches": 1,
                          "Original Hash Batches": 1,
                          "Peak Memory Usage": 2176,
                          "Plans": [
                            {
                              "Node Type": "Seq Scan",
                              "Parent Relationship": "Outer",
                              "Parallel Aware": true,
                              "Relation Name": "title",
                              "Alias": "t",
                              "Startup Cost": 0.0,
                              "Total Cost": 45479.59,
                              "Plan Rows": 10560,
                              "Plan Width": 4,
                              "Actual Startup Time": 0.061,
                              "Actual Total Time": 95.73,
                              "Actual Rows": 10064,
                              "Actual Loops": 4,
                              "Filter": "((production_year > 2012) AND (kind_id = 7))",
                              "Rows Removed by Filter": 622014
                            }
                          ]
                        }
                      ]
                    },
                    {
                      "Node Type": "Index Only Scan",
                      "Parent Relationship": "Inner",
                      "Parallel Aware": false,
                      "Scan Direction": "Forward",
                      "Index Name": "movie_id_movie_keyword",
                      "Relation Name": "movie_keyword",
                      "Alias": "mk",
                      "Startup Cost": 0.43,
                      "Total Cost": 1.42,
                      "Plan Rows": 46,
                      "Plan Width": 4,
                      "Actual Startup Time": 0.002,
                      "Actual Total Time": 0.002,
                      "Actual Rows": 1,
                      "Actual Loops": 6992,
                      "Index Cond": "(movie_id = mc.movie_id)",
                      "Rows Removed by Index Recheck": 0,
                      "Heap Fetches": 7807
                    }
                  ]
                }
              ]
            }
          ]
        }
      ]
    },
    "Planning Time": 1.522,
    "Triggers": [],
    "Execution Time": 230.09
  }
]