[
  {
    "Plan": {
      "Node Type": "Aggregate",
      "Strategy": "Plain",
      "Partial Mode": "Finalize",
      "Parallel Aware": false,
      "Startup Cost": 79345.04,
      "Total Cost": 79345.05,
      "Plan Rows": 1,
      "Plan Width": 8,
      "Actual Startup Time": 282.821,
      "Actual Total Time": 297.618,
      "Actual Rows": 1,
      "Actual Loops": 1,
      "Plans": [
        {
          "Node Type": "Gather",
          "Parent Relationship": "Outer",
          "Parallel Aware": false,
          "Startup Cost": 79344.62,
          "Total Cost": 79345.03,
          "Plan Rows": 4,
          "Plan Width": 8,
          "Actual Startup Time": 279.546,
          "Actual Total Time": 297.61,
          "Actual Rows": 5,
          "Actual Loops": 1,
          "Workers Planned": 4,
          "Workers Launched": 4,
          "Single Copy": false,
          "Plans": [
            {
              "Node Type": "Aggregate",
              "Strategy": "Plain",
              "Partial Mode": "Partial",
              "Parent Relationship": "Outer",
              "Parallel Aware": false,
              "Startup Cost": 78344.62,
              "Total Cost": 78344.63,
              "Plan Rows": 1,
              "Plan Width": 8,
              "Actual Startup Time": 269.573,
              "Actual Total Time": 269.576,
              "Actual Rows": 1,
              "Actual Loops": 5,
              "Plans": [
                {
                  "Node Type": "Hash Join",
                  "Parent Relationship": "Outer",
                  "Parallel Aware": true,
                  "Join Type": "Inner",
                  "Startup Cost": 32987.49,
                  "Total Cost": 78249.03,
                  "Plan Rows": 38235,
                  "Plan Width": 0,
                  "Actual Startup Time": 129.408,
                  "Actual Total Time": 265.111,
                  "Actual Rows": 106056,
                  "Actual Loops": 5,
                  "Inner Unique": false,
                  "Hash Cond": "(t.id = mc.movie_id)",
                  "Plans": [
                    {
                      "Node Type": "Seq Scan",
                      "Parent Relationship": "Outer",
                      "Parallel Aware": true,
                      "Relation Name": "title",
                      "Alias": "t",
                      "Startup Cost": 0.0,
                      "Total Cost": 43898.92,
                      "Plan Rows": 247857,
                      "Plan Width": 4,
                      "Actual Startup Time": 0.015,
                      "Actual Total Time": 69.743,
                      "Actual Rows": 197010,
                      "Actual Loops": 5,
                      "Filter": "(kind_id < 7)",
                      "Rows Removed by Filter": 308653
                    },
                    {
                      "Node Type": "Hash",
                      "Parent Relationship": "Inner",
                      "Parallel Aware": true,
                      "Startup Cost": 31414.82,
                      "Total Cost": 31414.82,
                      "Plan Rows": 125814,
                      "Plan Width": 4,
                      "Actual Startup Time": 126.348,
                      "Actual Total Time": 126.349,
                      "Actual Rows": 143456,
                      "Actual Loops": 5,
                      "Hash Buckets": 1048576,
                      "Original Hash Buckets": 524288,
                      "Hash Batches": 1,
                      "Original Hash Batches": 1,
                      "Peak Memory Usage": 40384,
                      "Plans": [
                        {
                          "Node Type": "Seq Scan",
                          "Parent Relationship": "Outer",
                          "Parallel Aware": true,
                          "Relation Name": "movie_companies",
                          "Alias": "mc",
                          "Startup Cost": 0.0,
                          "Total Cost": 31414.82,
                          "Plan Rows": 125814,
                          "Plan Width": 4,
                          "Actual Startup Time": 41.612,
                          "Actual Total Time": 73.125,
                          "Actual Rows": 143456,
                          "Actual Loops": 5,
                          "Filter": "((company_id > 32380) AND (company_type_id > 1))",
                          "Rows Removed by Filter": 378370
                        }
                      ]
                    }
                  ]
                }
              ]
            }
          ]
        }
      ]
    },
    "Planning Time": 0.648,
    "Triggers": [],
    "Execution Time": 297.687
  }
]