[
  {
    "Plan": {
      "Node Type": "Aggregate",
      "Strategy": "Plain",
      "Partial Mode": "Finalize",
      "Parallel Aware": false,
      "Startup Cost": 92825.06,
      "Total Cost": 92825.07,
      "Plan Rows": 1,
      "Plan Width": 8,
      "Actual Startup Time": 394.997,
      "Actual Total Time": 411.091,
      "Actual Rows": 1,
      "Actual Loops": 1,
      "Plans": [
        {
          "Node Type": "Gather",
          "Parent Relationship": "Outer",
          "Parallel Aware": false,
          "Startup Cost": 92824.74,
          "Total Cost": 92825.05,
          "Plan Rows": 3,
          "Plan Width": 8,
          "Actual Startup Time": 392.665,
          "Actual Total Time": 411.081,
          "Actual Rows": 4,
          "Actual Loops": 1,
          "Workers Planned": 3,
          "Workers Launched": 3,
          "Single Copy": false,
          "Plans": [
            {
              "Node Type": "Aggregate",
              "Strategy": "Plain",
              "Partial Mode": "Partial",
              "Parent Relationship": "Outer",
              "Parallel Aware": false,
              "Startup Cost": 91824.74,
              "Total Cost": 91824.75,
              "Plan Rows": 1,
              "Plan Width": 8,
              "Actual Startup Time": 387.258,
              "Actual Total Time": 387.261,
              "Actual Rows": 1,
              "Actual Loops": 4,
              "Plans": [
                {
                  "Node Type": "Hash Join",
                  "Parent Relationship": "Outer",
                  "Parallel Aware": true,
                  "Join Type": "Inner",
                  "Startup Cost": 46712.61,
                  "Total Cost": 91512.07,
                  "Plan Rows": 125068,
                  "Plan Width": 0,
                  "Actual Startup Time": 152.944,
                  "Actual Total Time": 372.142,
                  "Actual Rows": 295158,
                  "Actual Loops": 4,
                  "Inner Unique": true,
                  "Hash Cond": "(mk.movie_id = t.id)",
                  "Plans": [
                    {
                      "Node Type": "Seq Scan",
                      "Parent Relationship": "Outer",
                      "Parallel Aware": true,
                      "Relation Name": "movie_keyword",
                      "Alias": "mk",
                      "Startup Cost": 0.0,
                      "Total Cost": 42695.65,
                      "Plan Rows": 801451,
                      "Plan Width": 4,
                      "Actual Startup Time": 0.289,
                      "Actual Total Time": 127.226,
                      "Actual Rows": 620063,
                      "Actual Loops": 4,
                      "Filter": "(keyword_id > 3653)",
                      "Rows Removed by Filter": 510920
                    },
                    {
                      "Node Type": "Hash",
                      "Parent Relationship": "Inner",
                      "Parallel Aware": true,
                      "Startup Cost": 45479.59,
                      "Total Cost": 45479.59,
                      "Plan Rows": 98642,
                      "Plan Width": 4,
                      "Actual Startup Time": 149.271,
                      "Actual Total Time": 149.272,
                      "Actual Rows": 125153,
                      "Actual Loops": 4,
                      "Hash Buckets": 524288,
                      "Original Hash Buckets": 524288,
                      "Hash Batches": 1,
                      "Original Hash Batches": 1,
                      "Peak Memory Usage": 23744,
                      "Plans": [
                        {
                          "Node Type": "Seq Scan",
                          "Parent Relationship": "Outer",
                          "Parallel Aware": true,
                          "Relation Name": "title",
                          "Alias": "t",
                          "Startup Cost": 0.0,
                          "Total Cost": 45479.59,
                          "Plan Rows": 98642,
                          "Plan Width": 4,
                          "Actual Startup Time": 0.037,
                          "Actual Total Time": 108.441,
                          "Actual Rows": 125153,
                          "Actual Loops": 4,
                          "Filter": "((kind_id < 7) AND (production_year < 2000))",
                          "Rows Removed by Filter": 506925
                        }
                      ]
                    }
                  ]
                }
              ]
            }
          ]
        }
      ]
    },
    "Planning Time": 0.513,
    "Triggers": [],
    "Execution Time": 411.144
  }
]