[
  {
    "Plan": {
      "Node Type": "Aggregate",
      "Strategy": "Plain",
      "Partial Mode": "Finalize",
      "Parallel Aware": false,
      "Startup Cost": 97657.35,
      "Total Cost": 97657.36,
      "Plan Rows": 1,
      "Plan Width": 8,
      "Actual Startup Time": 656.951,
      "Actual Total Time": 673.677,
      "Actual Rows": 1,
      "Actual Loops": 1,
      "Plans": [
        {
          "Node Type": "Gather",
          "Parent Relationship": "Outer",
          "Parallel Aware": false,
          "Startup Cost": 97657.14,
          "Total Cost": 97657.35,
          "Plan Rows": 2,
          "Plan Width": 8,
          "Actual Startup Time": 650.29,
          "Actual Total Time": 673.66,
          "Actual Rows": 3,
          "Actual Loops": 1,
          "Workers Planned": 2,
          "Workers Launched": 2,
          "Single Copy": false,
          "Plans": [
            {
              "Node Type": "Aggregate",
              "Strategy": "Plain",
              "Partial Mode": "Partial",
              "Parent Relationship": "Outer",
              "Parallel Aware": false,
              "Startup Cost": 96657.14,
              "Total Cost": 96657.15,
              "Plan Rows": 1,
              "Plan Width": 8,
              "Actual Startup Time": 647.217,
              "Actual Total Time": 647.938,
              "Actual Rows": 1,
              "Actual Loops": 3,
              "Plans": [
                {
                  "Node Type": "Hash Join",
                  "Parent Relationship": "Outer",
                  "Parallel Aware": true,
                  "Join Type": "Inner",
                  "Startup Cost": 79941.29,
                  "Total Cost": 96592.32,
                  "Plan Rows": 25925,
                  "Plan Width": 0,
                  "Actual Startup Time": 541.292,
                  "Actual Total Time": 633.306,
                  "Actual Rows": 249168,
                  "Actual Loops": 3,
                  "Inner Unique": false,
                  "Hash Cond": "(mi_idx.movie_id = t.id)",
                  "Plans": [
                    {
                      "Node Type": "Seq Scan",
                      "Parent Relationship": "Outer",
                      "Parallel Aware": true,
                      "Relation Name": "movie_info_idx",
                      "Alias": "mi_idx",
                      "Startup Cost": 0.0,
                      "Total Cost": 15122.68,
                      "Plan Rows": 385260,
                      "Plan Width": 4,
                      "Actual Startup Time": 0.019,
                      "Actual Total Time": 58.822,
                      "Actual Rows": 306703,
                      "Actual Loops": 3,
                      "Filter": "(info_type_id > 99)",
                      "Rows Removed by Filter": 153308
                    },
                    {
                      "Node Type": "Hash",
                      "Parent Relationship": "Inner",
                      "Parallel Aware": true,
                      "Startup Cost": 79255.24,
                      "Total Cost": 79255.24,
                      "Plan Rows": 54884,
                      "Plan Width": 8,
                      "Actual Startup Time": 493.573,
                      "Actual Total Time": 494.292,
                      "Actual Rows": 169320,
                      "Actual Loops": 3,
                      "Hash Buckets": 524288,
                      "Original Hash Buckets": 262144,
                      "Hash Batches": 1,
                      "Original Hash Batches": 1,
                      "Peak Memory Usage": 26080,
                      "Plans": [
                        {
                          "Node Type": "Hash Join",
                          "Parent Relationship": "Outer",
                          "Parallel Aware": true,
                          "Join Type": "Inner",
                          "Startup Cost": 47165.01,
                          "Total Cost": 79255.24,
                          "Plan Rows": 54884,
                          "Plan Width": 8,
                          "Actual Startup Time": 279.585,
                          "Actual Total Time": 435.962,
                          "Actual Rows": 169320,
                          "Actual Loops": 3,
                          "Inner Unique": true,
                          "Hash Cond": "(mc.movie_id = t.id)",
                          "Plans": [
                            {
                              "Node Type": "Seq Scan",
                              "Parent Relationship": "Outer",
                              "Parallel Aware": true,
                              "Relation Name": "movie_companies",
                              "Alias": "mc",
                              "Startup Cost": 0.0,
                              "Total Cost": 31414.82,
                              "Plan Rows": 257298,
                              "Plan Width": 4,
                              "Actual Startup Time": 0.011,
                              "Actual Total Time": 111.454,
                              "Actual Rows": 370615,
                              "Actual Loops": 3,
                              "Filter": "((company_id < 17801) AND (company_type_id = 1))",
                              "Rows Removed by Filter": 499095
                            },
                            {
                              "Node Type": "Hash",
                              "Parent Relationship": "Inner",
                              "Parallel Aware": true,
                              "Startup Cost": 45479.59,
                              "Total Cost": 45479.59,
                              "Plan Rows": 134834,
                              "Plan Width": 4,
                              "Actual Startup Time": 223.28,
                              "Actual Total Time": 223.282,
                              "Actual Rows": 185773,
                              "Actual Loops": 3,
                              "Hash Buckets": 1048576,
                              "Original Hash Buckets": 1048576,
                              "Hash Batches": 1,
                              "Original Hash Batches": 1,
                              "Peak Memory Usage": 30048,
                              "Plans": [
                                {
                                  "Node Type": "Seq Scan",
                                  "Parent Relationship": "Outer",
                                  "Parallel Aware": true,
                                  "Relation Name": "title",
                                  "Alias": "t",
                                  "Startup Cost": 0.0,
                                  "Total Cost": 45479.59,
                                  "Plan Rows": 134834,
                                  "Plan Width": 4,
                                  "Actual Startup Time": 77.208,
                                  "Actual Total Time": 144.193,
                                  "Actual Rows": 185773,
                                  "Actual Loops": 3,
                                  "Filter": "((production_year < 2011) AND (kind_id = 1))",
                                  "Rows Removed by Filter": 656998
                                }
                              ]
                            }
                          ]
                        }
                      ]
                    }
                  ]
                }
              ]
            }
          ]
        }
      ]
    },
    "Planning Time": 1.233,
    "Triggers": [],
    "Execution Time": 673.754
  }
]