{
  "Plan": {
    "Node Type": "Aggregate",
    "Strategy": "Plain",
    "Partial Mode": "Finalize",
    "Parallel Aware": false,
    "Startup Cost": 98081.13,
    "Total Cost": 98081.14,
    "Plan Rows": 1,
    "Plan Width": 8,
    "Actual Startup Time": 308.504,
    "Actual Total Time": 324.871,
    "Actual Rows": 1,
    "Actual Loops": 1,
    "Plans": [
      {
        "Node Type": "Gather",
        "Parent Relationship": "Outer",
        "Parallel Aware": false,
        "Startup Cost": 98081.02,
        "Total Cost": 98081.13,
        "Plan Rows": 1,
        "Plan Width": 8,
        "Actual Startup Time": 308.008,
        "Actual Total Time": 324.858,
        "Actual Rows": 2,
        "Actual Loops": 1,
        "Workers Planned": 1,
        "Workers Launched": 1,
        "Single Copy": false,
        "Plans": [
          {
            "Node Type": "Aggregate",
            "Strategy": "Plain",
            "Partial Mode": "Partial",
            "Parent Relationship": "Outer",
            "Parallel Aware": false,
            "Startup Cost": 97081.02,
            "Total Cost": 97081.03,
            "Plan Rows": 1,
            "Plan Width": 8,
            "Actual Startup Time": 301.975,
            "Actual Total Time": 301.979,
            "Actual Rows": 1,
            "Actual Loops": 2,
            "Plans": [
              {
                "Node Type": "Hash Join",
                "Parent Relationship": "Outer",
                "Parallel Aware": true,
                "Join Type": "Inner",
                "Startup Cost": 67429.89,
                "Total Cost": 97057.73,
                "Plan Rows": 9315,
                "Plan Width": 0,
                "Actual Startup Time": 189.993,
                "Actual Total Time": 301.714,
                "Actual Rows": 3506,
                "Actual Loops": 2,
                "Inner Unique": true,
                "Hash Cond": "(mk.movie_id = t.id)",
                "Plans": [
                  {
                    "Node Type": "Bitmap Heap Scan",
                    "Parent Relationship": "Outer",
                    "Parallel Aware": true,
                    "Relation Name": "movie_keyword",
                    "Alias": "mk",
                    "Startup Cost": 12335.24,
                    "Total Cost": 41065.14,
                    "Plan Rows": 342072,
                    "Plan Width": 4,
                    "Actual Startup Time": 34.706,
                    "Actual Total Time": 114.972,
                    "Actual Rows": 285547,
                    "Actual Loops": 2,
                    "Recheck Cond": "(keyword_id > 32174)",
                    "Rows Removed by Index Recheck": 0,
                    "Exact Heap Blocks": 14929,
                    "Lossy Heap Blocks": 0,
                    "Plans": [
                      {
                        "Node Type": "Bitmap Index Scan",
                        "Parent Relationship": "Outer",
                        "Parallel Aware": false,
                        "Index Name": "keyword_id_movie_keyword",
                        "Startup Cost": 0.0,
                        "Total Cost": 12189.86,
                        "Plan Rows": 581523,
                        "Plan Width": 0,
                        "Actual Startup Time": 31.278,
                        "Actual Total Time": 31.279,
                        "Actual Rows": 571094,
                        "Actual Loops": 1,
                        "Index Cond": "(keyword_id > 32174)"
                      }
                    ]
                  },
                  {
                    "Node Type": "Hash",
                    "Parent Relationship": "Inner",
                    "Parallel Aware": true,
                    "Startup Cost": 54588.39,
                    "Total Cost": 54588.39,
                    "Plan Rows": 40501,
                    "Plan Width": 4,
                    "Actual Startup Time": 152.568,
                    "Actual Total Time": 152.569,
                    "Actual Rows": 33671,
                    "Actual Loops": 2,
                    "Hash Buckets": 131072,
                    "Original Hash Buckets": 131072,
                    "Hash Batches": 1,
                    "Original Hash Batches": 1,
                    "Peak Memory Usage": 3680,
                    "Plans": [
                      {
                        "Node Type": "Seq Scan",
                        "Parent Relationship": "Outer",
                        "Parallel Aware": true,
                        "Relation Name": "title",
                        "Alias": "t",
                        "Startup Cost": 0.0,
                        "Total Cost": 54588.39,
                        "Plan Rows": 40501,
                        "Plan Width": 4,
                        "Actual Startup Time": 0.056,
                        "Actual Total Time": 140.542,
                        "Actual Rows": 33671,
                        "Actual Loops": 2,
                        "Filter": "(production_year > 2012)",
                        "Rows Removed by Filter": 1230485
                      }
                    ]
                  }
                ]
              }
            ]
          }
        ]
      }
    ]
  },
  "Planning Time": 0.561,
  "Triggers": [],
  "Execution Time": 324.968
}