{
  "Plan": {
    "Node Type": "Aggregate",
    "Strategy": "Plain",
    "Partial Mode": "Finalize",
    "Parallel Aware": false,
    "Startup Cost": 88361.86,
    "Total Cost": 88361.87,
    "Plan Rows": 1,
    "Plan Width": 8,
    "Actual Startup Time": 393.134,
    "Actual Total Time": 408.79,
    "Actual Rows": 1,
    "Actual Loops": 1,
    "Plans": [
      {
        "Node Type": "Gather",
        "Parent Relationship": "Outer",
        "Parallel Aware": false,
        "Startup Cost": 88361.75,
        "Total Cost": 88361.86,
        "Plan Rows": 1,
        "Plan Width": 8,
        "Actual Startup Time": 392.42,
        "Actual Total Time": 408.78,
        "Actual Rows": 2,
        "Actual Loops": 1,
        "Workers Planned": 1,
        "Workers Launched": 1,
        "Single Copy": false,
        "Plans": [
          {
            "Node Type": "Aggregate",
            "Strategy": "Plain",
            "Partial Mode": "Partial",
            "Parent Relationship": "Outer",
            "Parallel Aware": false,
            "Startup Cost": 87361.75,
            "Total Cost": 87361.76,
            "Plan Rows": 1,
            "Plan Width": 8,
            "Actual Startup Time": 386.488,
            "Actual Total Time": 386.492,
            "Actual Rows": 1,
            "Actual Loops": 2,
            "Plans": [
              {
                "Node Type": "Hash Join",
                "Parent Relationship": "Outer",
                "Parallel Aware": true,
                "Join Type": "Inner",
                "Startup Cost": 26192.71,
                "Total Cost": 87062.45,
                "Plan Rows": 119719,
                "Plan Width": 0,
                "Actual Startup Time": 89.102,
                "Actual Total Time": 382.214,
                "Actual Rows": 101646,
                "Actual Loops": 2,
                "Inner Unique": false,
                "Hash Cond": "(t.id = mc.movie_id)",
                "Plans": [
                  {
                    "Node Type": "Seq Scan",
                    "Parent Relationship": "Outer",
                    "Parallel Aware": true,
                    "Relation Name": "title",
                    "Alias": "t",
                    "Startup Cost": 0.0,
                    "Total Cost": 50870.31,
                    "Plan Rows": 1487231,
                    "Plan Width": 4,
                    "Actual Startup Time": 0.009,
                    "Actual Total Time": 114.312,
                    "Actual Rows": 1264156,
                    "Actual Loops": 2
                  },
                  {
                    "Node Type": "Hash",
                    "Parent Relationship": "Inner",
                    "Parallel Aware": true,
                    "Startup Cost": 24696.23,
                    "Total Cost": 24696.23,
                    "Plan Rows": 119719,
                    "Plan Width": 4,
                    "Actual Startup Time": 85.61,
                    "Actual Total Time": 85.612,
                    "Actual Rows": 101646,
                    "Actual Loops": 2,
                    "Hash Buckets": 262144,
                    "Original Hash Buckets": 262144,
                    "Hash Batches": 1,
                    "Original Hash Batches": 1,
                    "Peak Memory Usage": 10048,
                    "Plans": [
                      {
                        "Node Type": "Bitmap Heap Scan",
                        "Parent Relationship": "Outer",
                        "Parallel Aware": true,
                        "Relation Name": "movie_companies",
                        "Alias": "mc",
                        "Startup Cost": 4409.73,
                        "Total Cost": 24696.23,
                        "Plan Rows": 119719,
                        "Plan Width": 4,
                        "Actual Startup Time": 23.327,
                        "Actual Total Time": 64.164,
                        "Actual Rows": 101646,
                        "Actual Loops": 2,
                        "Recheck Cond": "(company_id < 67)",
                        "Rows Removed by Index Recheck": 0,
                        "Exact Heap Blocks": 11687,
                        "Lossy Heap Blocks": 0,
                        "Plans": [
                          {
                            "Node Type": "Bitmap Index Scan",
                            "Parent Relationship": "Outer",
                            "Parallel Aware": false,
                            "Index Name": "company_id_movie_companies",
                            "Startup Cost": 0.0,
                            "Total Cost": 4358.85,
                            "Plan Rows": 203523,
                            "Plan Width": 0,
                            "Actual Startup Time": 22.082,
                            "Actual Total Time": 22.083,
                            "Actual Rows": 203291,
                            "Actual Loops": 1,
                            "Index Cond": "(company_id < 67)"
                          }
                        ]
                      }
                    ]
                  }
                ]
              }
            ]
          }
        ]
      }
    ]
  },
  "Planning Time": 0.598,
  "Triggers": [],
  "Execution Time": 408.878
}