[
  {
    "Plan": {
      "Node Type": "Aggregate",
      "Strategy": "Plain",
      "Partial Mode": "Finalize",
      "Parallel Aware": false,
      "Startup Cost": 124410.27,
      "Total Cost": 124410.28,
      "Plan Rows": 1,
      "Plan Width": 8,
      "Actual Startup Time": 254.654,
      "Actual Total Time": 270.96,
      "Actual Rows": 1,
      "Actual Loops": 1,
      "Plans": [
        {
          "Node Type": "Gather",
          "Parent Relationship": "Outer",
          "Parallel Aware": false,
          "Startup Cost": 124409.75,
          "Total Cost": 124410.26,
          "Plan Rows": 5,
          "Plan Width": 8,
          "Actual Startup Time": 253.655,
          "Actual Total Time": 270.951,
          "Actual Rows": 6,
          "Actual Loops": 1,
          "Workers Planned": 5,
          "Workers Launched": 5,
          "Single Copy": false,
          "Plans": [
            {
              "Node Type": "Aggregate",
              "Strategy": "Plain",
              "Partial Mode": "Partial",
              "Parent Relationship": "Outer",
              "Parallel Aware": false,
              "Startup Cost": 123409.75,
              "Total Cost": 123409.76,
              "Plan Rows": 1,
              "Plan Width": 8,
              "Actual Startup Time": 243.157,
              "Actual Total Time": 243.195,
              "Actual Rows": 1,
              "Actual Loops": 6,
              "Plans": [
                {
                  "Node Type": "Hash Join",
                  "Parent Relationship": "Outer",
                  "Parallel Aware": true,
                  "Join Type": "Inner",
                  "Startup Cost": 45580.13,
                  "Total Cost": 123391.64,
                  "Plan Rows": 7244,
                  "Plan Width": 0,
                  "Actual Startup Time": 89.327,
                  "Actual Total Time": 242.556,
                  "Actual Rows": 12404,
                  "Actual Loops": 6,
                  "Inner Unique": true,
                  "Hash Cond": "(ci.movie_id = t.id)",
                  "Plans": [
                    {
                      "Node Type": "Index Scan",
                      "Parent Relationship": "Outer",
                      "Parallel Aware": true,
                      "Scan Direction": "Forward",
                      "Index Name": "role_id_cast_info",
                      "Relation Name": "cast_info",
                      "Alias": "ci",
                      "Startup Cost": 0.56,
                      "Total Cost": 76316.49,
                      "Plan Rows": 569746,
                      "Plan Width": 4,
                      "Actual Startup Time": 0.281,
                      "Actual Total Time": 82.251,
                      "Actual Rows": 454824,
                      "Actual Loops": 6,
                      "Index Cond": "(role_id = 4)",
                      "Rows Removed by Index Recheck": 0
                    },
                    {
                      "Node Type": "Hash",
                      "Parent Relationship": "Inner",
                      "Parallel Aware": true,
                      "Startup Cost": 45479.1,
                      "Total Cost": 45479.1,
                      "Plan Rows": 8037,
                      "Plan Width": 4,
                      "Actual Startup Time": 87.688,
                      "Actual Total Time": 87.689,
                      "Actual Rows": 20487,
                      "Actual Loops": 6,
                      "Hash Buckets": 131072,
                      "Original Hash Buckets": 32768,
                      "Hash Batches": 1,
                      "Original Hash Batches": 1,
                      "Peak Memory Usage": 6624,
                      "Plans": [
                        {
                          "Node Type": "Seq Scan",
                          "Parent Relationship": "Outer",
                          "Parallel Aware": true,
                          "Relation Name": "title",
                          "Alias": "t",
                          "Startup Cost": 0.0,
                          "Total Cost": 45479.1,
                          "Plan Rows": 8037,
                          "Plan Width": 4,
                          "Actual Startup Time": 51.564,
                          "Actual Total Time": 77.747,
                          "Actual Rows": 20487,
                          "Actual Loops": 6,
                          "Filter": "((production_year < 1933) AND (kind_id = 1))",
                          "Rows Removed by Filter": 400898
                        }
                      ]
                    }
                  ]
                }
              ]
            }
          ]
        }
      ]
    },
    "Planning Time": 0.643,
    "Triggers": [],
    "Execution Time": 271.035
  }
]