[
  {
    "Plan": {
      "Node Type": "Aggregate",
      "Strategy": "Plain",
      "Partial Mode": "Finalize",
      "Parallel Aware": false,
      "Startup Cost": 68075.59,
      "Total Cost": 68075.6,
      "Plan Rows": 1,
      "Plan Width": 8,
      "Actual Startup Time": 658.6,
      "Actual Total Time": 674.856,
      "Actual Rows": 1,
      "Actual Loops": 1,
      "Plans": [
        {
          "Node Type": "Gather",
          "Parent Relationship": "Outer",
          "Parallel Aware": false,
          "Startup Cost": 68075.38,
          "Total Cost": 68075.59,
          "Plan Rows": 2,
          "Plan Width": 8,
          "Actual Startup Time": 646.28,
          "Actual Total Time": 674.846,
          "Actual Rows": 3,
          "Actual Loops": 1,
          "Workers Planned": 2,
          "Workers Launched": 2,
          "Single Copy": false,
          "Plans": [
            {
              "Node Type": "Aggregate",
              "Strategy": "Plain",
              "Partial Mode": "Partial",
              "Parent Relationship": "Outer",
              "Parallel Aware": false,
              "Startup Cost": 67075.38,
              "Total Cost": 67075.39,
              "Plan Rows": 1,
              "Plan Width": 8,
              "Actual Startup Time": 633.775,
              "Actual Total Time": 633.778,
              "Actual Rows": 1,
              "Actual Loops": 3,
              "Plans": [
                {
                  "Node Type": "Hash Join",
                  "Parent Relationship": "Outer",
                  "Parallel Aware": true,
                  "Join Type": "Inner",
                  "Startup Cost": 50652.22,
                  "Total Cost": 65846.78,
                  "Plan Rows": 491439,
                  "Plan Width": 0,
                  "Actual Startup Time": 449.132,
                  "Actual Total Time": 614.59,
                  "Actual Rows": 400129,
                  "Actual Loops": 3,
                  "Inner Unique": true,
                  "Hash Cond": "(mi_idx.movie_id = t.id)",
                  "Plans": [
                    {
                      "Node Type": "Seq Scan",
                      "Parent Relationship": "Outer",
                      "Parallel Aware": true,
                      "Relation Name": "movie_info_idx",
                      "Alias": "mi_idx",
                      "Startup Cost": 0.0,
                      "Total Cost": 13685.15,
                      "Plan Rows": 575015,
                      "Plan Width": 4,
                      "Actual Startup Time": 0.012,
                      "Actual Total Time": 43.395,
                      "Actual Rows": 460012,
                      "Actual Loops": 3
                    },
                    {
                      "Node Type": "Hash",
                      "Parent Relationship": "Inner",
                      "Parallel Aware": true,
                      "Startup Cost": 43899.32,
                      "Total Cost": 43899.32,
                      "Plan Rows": 540232,
                      "Plan Width": 4,
                      "Actual Startup Time": 436.524,
                      "Actual Total Time": 436.525,
                      "Actual Rows": 715561,
                      "Actual Loops": 3,
                      "Hash Buckets": 4194304,
                      "Original Hash Buckets": 4194304,
                      "Hash Batches": 1,
                      "Original Hash Batches": 1,
                      "Peak Memory Usage": 116768,
                      "Plans": [
                        {
                          "Node Type": "Seq Scan",
                          "Parent Relationship": "Outer",
                          "Parallel Aware": true,
                          "Relation Name": "title",
                          "Alias": "t",
                          "Startup Cost": 0.0,
                          "Total Cost": 43899.32,
                          "Plan Rows": 540232,
                          "Plan Width": 4,
                          "Actual Startup Time": 0.04,
                          "Actual Total Time": 155.667,
                          "Actual Rows": 715561,
                          "Actual Loops": 3,
                          "Filter": "(production_year > 1965)",
                          "Rows Removed by Filter": 127209
                        }
                      ]
                    }
                  ]
                }
              ]
            }
          ]
        }
      ]
    },
    "Planning Time": 0.313,
    "Triggers": [],
    "Execution Time": 674.902
  }
]