[
  {
    "Plan": {
      "Node Type": "Aggregate",
      "Strategy": "Plain",
      "Partial Mode": "Finalize",
      "Parallel Aware": false,
      "Startup Cost": 468553.29,
      "Total Cost": 468553.3,
      "Plan Rows": 1,
      "Plan Width": 8,
      "Actual Startup Time": 4897.861,
      "Actual Total Time": 4989.391,
      "Actual Rows": 1,
      "Actual Loops": 1,
      "Plans": [
        {
          "Node Type": "Gather",
          "Parent Relationship": "Outer",
          "Parallel Aware": false,
          "Startup Cost": 468552.66,
          "Total Cost": 468553.27,
          "Plan Rows": 6,
          "Plan Width": 8,
          "Actual Startup Time": 4882.422,
          "Actual Total Time": 4989.379,
          "Actual Rows": 7,
          "Actual Loops": 1,
          "Workers Planned": 6,
          "Workers Launched": 6,
          "Single Copy": false,
          "Plans": [
            {
              "Node Type": "Aggregate",
              "Strategy": "Plain",
              "Partial Mode": "Partial",
              "Parent Relationship": "Outer",
              "Parallel Aware": false,
              "Startup Cost": 467552.66,
              "Total Cost": 467552.67,
              "Plan Rows": 1,
              "Plan Width": 8,
              "Actual Startup Time": 4863.387,
              "Actual Total Time": 4863.395,
              "Actual Rows": 1,
              "Actual Loops": 7,
              "Plans": [
                {
                  "Node Type": "Hash Join",
                  "Parent Relationship": "Outer",
                  "Parallel Aware": true,
                  "Join Type": "Inner",
                  "Startup Cost": 89523.62,
                  "Total Cost": 454916.43,
                  "Plan Rows": 5054492,
                  "Plan Width": 0,
                  "Actual Startup Time": 864.989,
                  "Actual Total Time": 4369.905,
                  "Actual Rows": 9722789,
                  "Actual Loops": 7,
                  "Inner Unique": false,
                  "Hash Cond": "(ci.movie_id = t.id)",
                  "Plans": [
                    {
                      "Node Type": "Seq Scan",
                      "Parent Relationship": "Outer",
                      "Parallel Aware": true,
                      "Relation Name": "cast_info",
                      "Alias": "ci",
                      "Startup Cost": 0.0,
                      "Total Cost": 328211.39,
                      "Plan Rows": 5567092,
                      "Plan Width": 4,
                      "Actual Startup Time": 35.36,
                      "Actual Total Time": 773.817,
                      "Actual Rows": 4758008,
                      "Actual Loops": 7,
                      "Filter": "(person_id > 285986)",
                      "Rows Removed by Filter": 419756
                    },
                    {
                      "Node Type": "Hash",
                      "Parent Relationship": "Inner",
                      "Parallel Aware": true,
                      "Startup Cost": 80267.11,
                      "Total Cost": 80267.11,
                      "Plan Rows": 740521,
                      "Plan Width": 8,
                      "Actual Startup Time": 823.698,
                      "Actual Total Time": 823.705,
                      "Actual Rows": 345199,
                      "Actual Loops": 7,
                      "Hash Buckets": 4194304,
                      "Original Hash Buckets": 4194304,
                      "Hash Batches": 1,
                      "Original Hash Batches": 1,
                      "Peak Memory Usage": 127424,
                      "Plans": [
                        {
                          "Node Type": "Hash Join",
                          "Parent Relationship": "Outer",
                          "Parallel Aware": true,
                          "Join Type": "Inner",
                          "Startup Cost": 50851.22,
                          "Total Cost": 80267.11,
                          "Plan Rows": 740521,
                          "Plan Width": 8,
                          "Actual Startup Time": 323.363,
                          "Actual Total Time": 600.039,
                          "Actual Rows": 345199,
                          "Actual Loops": 7,
                          "Inner Unique": true,
                          "Hash Cond": "(mc.movie_id = t.id)",
                          "Plans": [
                            {
                              "Node Type": "Seq Scan",
                              "Parent Relationship": "Outer",
                              "Parallel Aware": true,
                              "Relation Name": "movie_companies",
                              "Alias": "mc",
                              "Startup Cost": 0.0,
                              "Total Cost": 27206.55,
                              "Plan Rows": 841655,
                              "Plan Width": 4,
                              "Actual Startup Time": 0.031,
                              "Actual Total Time": 68.049,
                              "Actual Rows": 372733,
                              "Actual Loops": 7
                            },
                            {
                              "Node Type": "Hash",
                              "Parent Relationship": "Inner",
                              "Parallel Aware": true,
                              "Startup Cost": 43899.32,
                              "Total Cost": 43899.32,
                              "Plan Rows": 556152,
                              "Plan Width": 4,
                              "Actual Startup Time": 318.03,
                              "Actual Total Time": 318.031,
                              "Actual Rows": 317796,
                              "Actual Loops": 7,
                              "Hash Buckets": 4194304,
                              "Original Hash Buckets": 4194304,
                              "Hash Batches": 1,
                              "Original Hash Batches": 1,
                              "Peak Memory Usage": 119904,
                              "Plans": [
                                {
                                  "Node Type": "Seq Scan",
                                  "Parent Relationship": "Outer",
                                  "Parallel Aware": true,
                                  "Relation Name": "title",
                                  "Alias": "t",
                                  "Startup Cost": 0.0,
                                  "Total Cost": 43899.32,
                                  "Plan Rows": 556152,
                                  "Plan Width": 4,
                                  "Actual Startup Time": 0.07,
                                  "Actual Total Time": 108.811,
                                  "Actual Rows": 317796,
                                  "Actual Loops": 7,
                                  "Filter": "(production_year < 2012)",
                                  "Rows Removed by Filter": 43392
                                }
                              ]
                            }
                          ]
                        }
                      ]
                    }
                  ]
                }
              ]
            }
          ]
        }
      ]
    },
    "Planning Time": 0.609,
    "Triggers": [],
    "Execution Time": 4989.458
  }
]