{
  "Plan": {
    "Node Type": "Aggregate",
    "Strategy": "Plain",
    "Partial Mode": "Finalize",
    "Parallel Aware": false,
    "Startup Cost": 51895.12,
    "Total Cost": 51895.13,
    "Plan Rows": 1,
    "Plan Width": 8,
    "Actual Startup Time": 51.218,
    "Actual Total Time": 59.72,
    "Actual Rows": 1,
    "Actual Loops": 1,
    "Plans": [
      {
        "Node Type": "Gather",
        "Parent Relationship": "Outer",
        "Parallel Aware": false,
        "Startup Cost": 51895.0,
        "Total Cost": 51895.11,
        "Plan Rows": 1,
        "Plan Width": 8,
        "Actual Startup Time": 51.02,
        "Actual Total Time": 59.715,
        "Actual Rows": 2,
        "Actual Loops": 1,
        "Workers Planned": 1,
        "Workers Launched": 1,
        "Single Copy": false,
        "Plans": [
          {
            "Node Type": "Aggregate",
            "Strategy": "Plain",
            "Partial Mode": "Partial",
            "Parent Relationship": "Outer",
            "Parallel Aware": false,
            "Startup Cost": 50895.0,
            "Total Cost": 50895.01,
            "Plan Rows": 1,
            "Plan Width": 8,
            "Actual Startup Time": 44.588,
            "Actual Total Time": 44.589,
            "Actual Rows": 1,
            "Actual Loops": 2,
            "Plans": [
              {
                "Node Type": "Nested Loop",
                "Parent Relationship": "Outer",
                "Parallel Aware": false,
                "Join Type": "Inner",
                "Startup Cost": 182.31,
                "Total Cost": 50889.81,
                "Plan Rows": 2078,
                "Plan Width": 0,
                "Actual Startup Time": 4.883,
                "Actual Total Time": 44.483,
                "Actual Rows": 528,
                "Actual Loops": 2,
                "Inner Unique": true,
                "Plans": [
                  {
                    "Node Type": "Bitmap Heap Scan",
                    "Parent Relationship": "Outer",
                    "Parallel Aware": true,
                    "Relation Name": "movie_keyword",
                    "Alias": "mk",
                    "Startup Cost": 181.88,
                    "Total Cost": 17326.62,
                    "Plan Rows": 4968,
                    "Plan Width": 4,
                    "Actual Startup Time": 4.379,
                    "Actual Total Time": 16.468,
                    "Actual Rows": 4168,
                    "Actual Loops": 2,
                    "Recheck Cond": "(keyword_id = 865)",
                    "Rows Removed by Index Recheck": 0,
                    "Exact Heap Blocks": 5862,
                    "Lossy Heap Blocks": 0,
                    "Plans": [
                      {
                        "Node Type": "Bitmap Index Scan",
                        "Parent Relationship": "Outer",
                        "Parallel Aware": false,
                        "Index Name": "keyword_id_movie_keyword",
                        "Startup Cost": 0.0,
                        "Total Cost": 179.77,
                        "Plan Rows": 8445,
                        "Plan Width": 0,
                        "Actual Startup Time": 5.009,
                        "Actual Total Time": 5.009,
                        "Actual Rows": 8337,
                        "Actual Loops": 1,
                        "Index Cond": "(keyword_id = 865)"
                      }
                    ]
                  },
                  {
                    "Node Type": "Index Scan",
                    "Parent Relationship": "Inner",
                    "Parallel Aware": false,
                    "Scan Direction": "Forward",
                    "Index Name": "title_pkey",
                    "Relation Name": "title",
                    "Alias": "t",
                    "Startup Cost": 0.43,
                    "Total Cost": 6.76,
                    "Plan Rows": 1,
                    "Plan Width": 4,
                    "Actual Startup Time": 0.006,
                    "Actual Total Time": 0.006,
                    "Actual Rows": 0,
                    "Actual Loops": 8337,
                    "Index Cond": "(id = mk.movie_id)",
                    "Rows Removed by Index Recheck": 0,
                    "Filter": "((kind_id > 1) AND (production_year < 2006))",
                    "Rows Removed by Filter": 1
                  }
                ]
              }
            ]
          }
        ]
      }
    ]
  },
  "Planning Time": 0.481,
  "Triggers": [],
  "Execution Time": 59.81
}