[
  {
    "Plan": {
      "Node Type": "Aggregate",
      "Strategy": "Plain",
      "Partial Mode": "Finalize",
      "Parallel Aware": false,
      "Startup Cost": 428632.44,
      "Total Cost": 428632.45,
      "Plan Rows": 1,
      "Plan Width": 8,
      "Actual Startup Time": 1582.951,
      "Actual Total Time": 1640.678,
      "Actual Rows": 1,
      "Actual Loops": 1,
      "Plans": [
        {
          "Node Type": "Gather",
          "Parent Relationship": "Outer",
          "Parallel Aware": false,
          "Startup Cost": 428631.81,
          "Total Cost": 428632.42,
          "Plan Rows": 6,
          "Plan Width": 8,
          "Actual Startup Time": 1573.208,
          "Actual Total Time": 1640.666,
          "Actual Rows": 7,
          "Actual Loops": 1,
          "Workers Planned": 6,
          "Workers Launched": 6,
          "Single Copy": false,
          "Plans": [
            {
              "Node Type": "Aggregate",
              "Strategy": "Plain",
              "Partial Mode": "Partial",
              "Parent Relationship": "Outer",
              "Parallel Aware": false,
              "Startup Cost": 427631.81,
              "Total Cost": 427631.82,
              "Plan Rows": 1,
              "Plan Width": 8,
              "Actual Startup Time": 1564.71,
              "Actual Total Time": 1565.039,
              "Actual Rows": 1,
              "Actual Loops": 7,
              "Plans": [
                {
                  "Node Type": "Hash Join",
                  "Parent Relationship": "Outer",
                  "Parallel Aware": true,
                  "Join Type": "Inner",
                  "Startup Cost": 83416.47,
                  "Total Cost": 425019.68,
                  "Plan Rows": 1044852,
                  "Plan Width": 0,
                  "Actual Startup Time": 682.987,
                  "Actual Total Time": 1502.6,
                  "Actual Rows": 1331864,
                  "Actual Loops": 7,
                  "Inner Unique": false,
                  "Hash Cond": "(ci.movie_id = t.id)",
                  "Plans": [
                    {
                      "Node Type": "Seq Scan",
                      "Parent Relationship": "Outer",
                      "Parallel Aware": true,
                      "Relation Name": "cast_info",
                      "Alias": "ci",
                      "Startup Cost": 0.0,
                      "Total Cost": 328211.39,
                      "Plan Rows": 2672355,
                      "Plan Width": 4,
                      "Actual Startup Time": 326.523,
                      "Actual Total Time": 658.396,
                      "Actual Rows": 2303098,
                      "Actual Loops": 7,
                      "Filter": "(role_id > 2)",
                      "Rows Removed by Filter": 2874666
                    },
                    {
                      "Node Type": "Hash",
                      "Parent Relationship": "Inner",
                      "Parallel Aware": true,
                      "Startup Cost": 79430.27,
                      "Total Cost": 79430.27,
                      "Plan Rows": 318896,
                      "Plan Width": 8,
                      "Actual Startup Time": 354.192,
                      "Actual Total Time": 354.519,
                      "Actual Rows": 75809,
                      "Actual Loops": 7,
                      "Hash Buckets": 1048576,
                      "Original Hash Buckets": 1048576,
                      "Hash Batches": 1,
                      "Original Hash Batches": 1,
                      "Peak Memory Usage": 29056,
                      "Plans": [
                        {
                          "Node Type": "Hash Join",
                          "Parent Relationship": "Outer",
                          "Parallel Aware": true,
                          "Join Type": "Inner",
                          "Startup Cost": 48758.37,
                          "Total Cost": 79430.27,
                          "Plan Rows": 318896,
                          "Plan Width": 8,
                          "Actual Startup Time": 200.283,
                          "Actual Total Time": 323.4,
                          "Actual Rows": 75809,
                          "Actual Loops": 7,
                          "Inner Unique": true,
                          "Hash Cond": "(mc.movie_id = t.id)",
                          "Plans": [
                            {
                              "Node Type": "Seq Scan",
                              "Parent Relationship": "Outer",
                              "Parallel Aware": true,
                              "Relation Name": "movie_companies",
                              "Alias": "mc",
                              "Startup Cost": 0.0,
                              "Total Cost": 29310.68,
                              "Plan Rows": 518558,
                              "Plan Width": 4,
                              "Actual Startup Time": 0.018,
                              "Actual Total Time": 48.658,
                              "Actual Rows": 230563,
                              "Actual Loops": 7,
                              "Filter": "(company_id < 16879)",
                              "Rows Removed by Filter": 142170
                            },
                            {
                              "Node Type": "Hash",
                              "Parent Relationship": "Inner",
                              "Parallel Aware": true,
                              "Startup Cost": 43899.32,
                              "Total Cost": 43899.32,
                              "Plan Rows": 388724,
                              "Plan Width": 4,
                              "Actual Startup Time": 198.247,
                              "Actual Total Time": 198.249,
                              "Actual Rows": 222266,
                              "Actual Loops": 7,
                              "Hash Buckets": 2097152,
                              "Original Hash Buckets": 2097152,
                              "Hash Batches": 1,
                              "Original Hash Batches": 1,
                              "Peak Memory Usage": 77344,
                              "Plans": [
                                {
                                  "Node Type": "Seq Scan",
                                  "Parent Relationship": "Outer",
                                  "Parallel Aware": true,
                                  "Relation Name": "title",
                                  "Alias": "t",
                                  "Startup Cost": 0.0,
                                  "Total Cost": 43899.32,
                                  "Plan Rows": 388724,
                                  "Plan Width": 4,
                                  "Actual Startup Time": 0.05,
                                  "Actual Total Time": 81.964,
                                  "Actual Rows": 222266,
                                  "Actual Loops": 7,
                                  "Filter": "(kind_id > 4)",
                                  "Rows Removed by Filter": 138921
                                }
                              ]
                            }
                          ]
                        }
                      ]
                    }
                  ]
                }
              ]
            }
          ]
        }
      ]
    },
    "Planning Time": 0.445,
    "Triggers": [],
    "Execution Time": 1640.733
  }
]