[
  {
    "Plan": {
      "Node Type": "Aggregate",
      "Strategy": "Plain",
      "Partial Mode": "Finalize",
      "Parallel Aware": false,
      "Startup Cost": 60512.9,
      "Total Cost": 60512.91,
      "Plan Rows": 1,
      "Plan Width": 8,
      "Actual Startup Time": 107.998,
      "Actual Total Time": 121.156,
      "Actual Rows": 1,
      "Actual Loops": 1,
      "Plans": [
        {
          "Node Type": "Gather",
          "Parent Relationship": "Outer",
          "Parallel Aware": false,
          "Startup Cost": 60512.48,
          "Total Cost": 60512.89,
          "Plan Rows": 4,
          "Plan Width": 8,
          "Actual Startup Time": 107.885,
          "Actual Total Time": 121.148,
          "Actual Rows": 5,
          "Actual Loops": 1,
          "Workers Planned": 4,
          "Workers Launched": 4,
          "Single Copy": false,
          "Plans": [
            {
              "Node Type": "Aggregate",
              "Strategy": "Plain",
              "Partial Mode": "Partial",
              "Parent Relationship": "Outer",
              "Parallel Aware": false,
              "Startup Cost": 59512.48,
              "Total Cost": 59512.49,
              "Plan Rows": 1,
              "Plan Width": 8,
              "Actual Startup Time": 98.032,
              "Actual Total Time": 98.033,
              "Actual Rows": 1,
              "Actual Loops": 5,
              "Plans": [
                {
                  "Node Type": "Nested Loop",
                  "Parent Relationship": "Outer",
                  "Parallel Aware": false,
                  "Join Type": "Inner",
                  "Startup Cost": 0.43,
                  "Total Cost": 59508.6,
                  "Plan Rows": 1552,
                  "Plan Width": 0,
                  "Actual Startup Time": 0.889,
                  "Actual Total Time": 97.946,
                  "Actual Rows": 686,
                  "Actual Loops": 5,
                  "Inner Unique": false,
                  "Plans": [
                    {
                      "Node Type": "Seq Scan",
                      "Parent Relationship": "Outer",
                      "Parallel Aware": true,
                      "Relation Name": "title",
                      "Alias": "t",
                      "Startup Cost": 0.0,
                      "Total Cost": 45479.1,
                      "Plan Rows": 2844,
                      "Plan Width": 4,
                      "Actual Startup Time": 0.095,
                      "Actual Total Time": 86.736,
                      "Actual Rows": 1971,
                      "Actual Loops": 5,
                      "Filter": "((kind_id > 1) AND (production_year = 1971))",
                      "Rows Removed by Filter": 503691
                    },
                    {
                      "Node Type": "Index Only Scan",
                      "Parent Relationship": "Inner",
                      "Parallel Aware": false,
                      "Scan Direction": "Forward",
                      "Index Name": "movie_id_movie_info_idx",
                      "Relation Name": "movie_info_idx",
                      "Alias": "mi_idx",
                      "Startup Cost": 0.43,
                      "Total Cost": 4.9,
                      "Plan Rows": 3,
                      "Plan Width": 4,
                      "Actual Startup Time": 0.005,
                      "Actual Total Time": 0.005,
                      "Actual Rows": 0,
                      "Actual Loops": 9857,
                      "Index Cond": "(movie_id = t.id)",
                      "Rows Removed by Index Recheck": 0,
                      "Heap Fetches": 3432
                    }
                  ]
                }
              ]
            }
          ]
        }
      ]
    },
    "Planning Time": 0.652,
    "Triggers": [],
    "Execution Time": 121.235
  }
]