[
  {
    "Plan": {
      "Node Type": "Aggregate",
      "Strategy": "Plain",
      "Partial Mode": "Finalize",
      "Parallel Aware": false,
      "Startup Cost": 44884.66,
      "Total Cost": 44884.67,
      "Plan Rows": 1,
      "Plan Width": 8,
      "Actual Startup Time": 165.73,
      "Actual Total Time": 175.734,
      "Actual Rows": 1,
      "Actual Loops": 1,
      "Plans": [
        {
          "Node Type": "Gather",
          "Parent Relationship": "Outer",
          "Parallel Aware": false,
          "Startup Cost": 44884.35,
          "Total Cost": 44884.66,
          "Plan Rows": 3,
          "Plan Width": 8,
          "Actual Startup Time": 165.576,
          "Actual Total Time": 175.723,
          "Actual Rows": 4,
          "Actual Loops": 1,
          "Workers Planned": 3,
          "Workers Launched": 3,
          "Single Copy": false,
          "Plans": [
            {
              "Node Type": "Aggregate",
              "Strategy": "Plain",
              "Partial Mode": "Partial",
              "Parent Relationship": "Outer",
              "Parallel Aware": false,
              "Startup Cost": 43884.35,
              "Total Cost": 43884.36,
              "Plan Rows": 1,
              "Plan Width": 8,
              "Actual Startup Time": 149.862,
              "Actual Total Time": 149.863,
              "Actual Rows": 1,
              "Actual Loops": 4,
              "Plans": [
                {
                  "Node Type": "Seq Scan",
                  "Parent Relationship": "Outer",
                  "Parallel Aware": true,
                  "Relation Name": "movie_keyword",
                  "Alias": "mk",
                  "Startup Cost": 0.0,
                  "Total Cost": 42695.65,
                  "Plan Rows": 475477,
                  "Plan Width": 0,
                  "Actual Startup Time": 0.064,
                  "Actual Total Time": 127.417,
                  "Actual Rows": 373127,
                  "Actual Loops": 4,
                  "Filter": "(keyword_id < 2134)",
                  "Rows Removed by Filter": 757856
                }
              ]
            }
          ]
        }
      ]
    },
    "Planning Time": 0.163,
    "Triggers": [],
    "Execution Time": 175.784
  }
]