{
  "Plan": {
    "Node Type": "Aggregate",
    "Strategy": "Plain",
    "Partial Mode": "Finalize",
    "Parallel Aware": false,
    "Startup Cost": 20378.31,
    "Total Cost": 20378.32,
    "Plan Rows": 1,
    "Plan Width": 8,
    "Actual Startup Time": 30.365,
    "Actual Total Time": 33.841,
    "Actual Rows": 1,
    "Actual Loops": 1,
    "Plans": [
      {
        "Node Type": "Gather",
        "Parent Relationship": "Outer",
        "Parallel Aware": false,
        "Startup Cost": 20378.19,
        "Total Cost": 20378.3,
        "Plan Rows": 1,
        "Plan Width": 8,
        "Actual Startup Time": 30.112,
        "Actual Total Time": 33.833,
        "Actual Rows": 2,
        "Actual Loops": 1,
        "Workers Planned": 1,
        "Workers Launched": 1,
        "Single Copy": false,
        "Plans": [
          {
            "Node Type": "Aggregate",
            "Strategy": "Plain",
            "Partial Mode": "Partial",
            "Parent Relationship": "Outer",
            "Parallel Aware": false,
            "Startup Cost": 19378.19,
            "Total Cost": 19378.2,
            "Plan Rows": 1,
            "Plan Width": 8,
            "Actual Startup Time": 24.201,
            "Actual Total Time": 24.203,
            "Actual Rows": 1,
            "Actual Loops": 2,
            "Plans": [
              {
                "Node Type": "Nested Loop",
                "Parent Relationship": "Outer",
                "Parallel Aware": false,
                "Join Type": "Inner",
                "Startup Cost": 92.02,
                "Total Cost": 19375.23,
                "Plan Rows": 1184,
                "Plan Width": 0,
                "Actual Startup Time": 2.282,
                "Actual Total Time": 23.868,
                "Actual Rows": 2067,
                "Actual Loops": 2,
                "Inner Unique": true,
                "Plans": [
                  {
                    "Node Type": "Bitmap Heap Scan",
                    "Parent Relationship": "Outer",
                    "Parallel Aware": true,
                    "Relation Name": "movie_companies",
                    "Alias": "mc",
                    "Startup Cost": 91.59,
                    "Total Cost": 9975.99,
                    "Plan Rows": 1184,
                    "Plan Width": 4,
                    "Actual Startup Time": 2.155,
                    "Actual Total Time": 7.444,
                    "Actual Rows": 2067,
                    "Actual Loops": 2,
                    "Recheck Cond": "(company_id = 258)",
                    "Rows Removed by Index Recheck": 0,
                    "Filter": "(company_type_id < 2)",
                    "Rows Removed by Filter": 76,
                    "Exact Heap Blocks": 1769,
                    "Lossy Heap Blocks": 0,
                    "Plans": [
                      {
                        "Node Type": "Bitmap Index Scan",
                        "Parent Relationship": "Outer",
                        "Parallel Aware": false,
                        "Index Name": "company_id_movie_companies",
                        "Startup Cost": 0.0,
                        "Total Cost": 91.09,
                        "Plan Rows": 4088,
                        "Plan Width": 0,
                        "Actual Startup Time": 3.136,
                        "Actual Total Time": 3.137,
                        "Actual Rows": 4285,
                        "Actual Loops": 1,
                        "Index Cond": "(company_id = 258)"
                      }
                    ]
                  },
                  {
                    "Node Type": "Index Only Scan",
                    "Parent Relationship": "Inner",
                    "Parallel Aware": false,
                    "Scan Direction": "Forward",
                    "Index Name": "title_pkey",
                    "Relation Name": "title",
                    "Alias": "t",
                    "Startup Cost": 0.43,
                    "Total Cost": 7.94,
                    "Plan Rows": 1,
                    "Plan Width": 4,
                    "Actual Startup Time": 0.007,
                    "Actual Total Time": 0.007,
                    "Actual Rows": 1,
                    "Actual Loops": 4134,
                    "Index Cond": "(id = mc.movie_id)",
                    "Rows Removed by Index Recheck": 0,
                    "Heap Fetches": 4134
                  }
                ]
              }
            ]
          }
        ]
      }
    ]
  },
  "Planning Time": 0.636,
  "Triggers": [],
  "Execution Time": 33.925
}