{
  "Plan": {
    "Node Type": "Aggregate",
    "Strategy": "Plain",
    "Partial Mode": "Finalize",
    "Parallel Aware": false,
    "Startup Cost": 1209519.02,
    "Total Cost": 1209519.03,
    "Plan Rows": 1,
    "Plan Width": 8,
    "Actual Startup Time": 28444.271,
    "Actual Total Time": 28776.559,
    "Actual Rows": 1,
    "Actual Loops": 1,
    "Plans": [
      {
        "Node Type": "Gather",
        "Parent Relationship": "Outer",
        "Parallel Aware": false,
        "Startup Cost": 1209518.91,
        "Total Cost": 1209519.02,
        "Plan Rows": 1,
        "Plan Width": 8,
        "Actual Startup Time": 28373.047,
        "Actual Total Time": 28776.543,
        "Actual Rows": 2,
        "Actual Loops": 1,
        "Workers Planned": 1,
        "Workers Launched": 1,
        "Single Copy": false,
        "Plans": [
          {
            "Node Type": "Aggregate",
            "Strategy": "Plain",
            "Partial Mode": "Partial",
            "Parent Relationship": "Outer",
            "Parallel Aware": false,
            "Startup Cost": 1208518.91,
            "Total Cost": 1208518.92,
            "Plan Rows": 1,
            "Plan Width": 8,
            "Actual Startup Time": 28305.523,
            "Actual Total Time": 28314.887,
            "Actual Rows": 1,
            "Actual Loops": 2,
            "Plans": [
              {
                "Node Type": "Hash Join",
                "Parent Relationship": "Outer",
                "Parallel Aware": true,
                "Join Type": "Inner",
                "Startup Cost": 852870.82,
                "Total Cost": 1137243.02,
                "Plan Rows": 28510356,
                "Plan Width": 0,
                "Actual Startup Time": 17681.199,
                "Actual Total Time": 24988.74,
                "Actual Rows": 85707702,
                "Actual Loops": 2,
                "Inner Unique": false,
                "Hash Cond": "(mk.movie_id = t.id)",
                "Plans": [
                  {
                    "Node Type": "Seq Scan",
                    "Parent Relationship": "Outer",
                    "Parallel Aware": true,
                    "Relation Name": "movie_keyword",
                    "Alias": "mk",
                    "Startup Cost": 0.0,
                    "Total Cost": 57718.19,
                    "Plan Rows": 2050297,
                    "Plan Width": 4,
                    "Actual Startup Time": 0.119,
                    "Actual Total Time": 215.669,
                    "Actual Rows": 1740576,
                    "Actual Loops": 2,
                    "Filter": "(keyword_id > 1037)",
                    "Rows Removed by Filter": 521388
                  },
                  {
                    "Node Type": "Hash",
                    "Parent Relationship": "Inner",
                    "Parallel Aware": true,
                    "Startup Cost": 594362.61,
                    "Total Cost": 594362.61,
                    "Plan Rows": 20680657,
                    "Plan Width": 8,
                    "Actual Startup Time": 17491.705,
                    "Actual Total Time": 17501.065,
                    "Actual Rows": 17896802,
                    "Actual Loops": 2,
                    "Hash Buckets": 67108864,
                    "Original Hash Buckets": 67108864,
                    "Hash Batches": 1,
                    "Original Hash Batches": 1,
                    "Peak Memory Usage": 1924576,
                    "Plans": [
                      {
                        "Node Type": "Hash Join",
                        "Parent Relationship": "Outer",
                        "Parallel Aware": true,
                        "Join Type": "Inner",
                        "Startup Cost": 72629.25,
                        "Total Cost": 594362.61,
                        "Plan Rows": 20680657,
                        "Plan Width": 8,
                        "Actual Startup Time": 544.292,
                        "Actual Total Time": 10765.212,
                        "Actual Rows": 17896802,
                        "Actual Loops": 2,
                        "Inner Unique": true,
                        "Hash Cond": "(ci.movie_id = t.id)",
                        "Plans": [
                          {
                            "Node Type": "Seq Scan",
                            "Parent Relationship": "Outer",
                            "Parallel Aware": true,
                            "Relation Name": "cast_info",
                            "Alias": "ci",
                            "Startup Cost": 0.0,
                            "Total Cost": 465792.95,
                            "Plan Rows": 21310595,
                            "Plan Width": 4,
                            "Actual Startup Time": 0.018,
                            "Actual Total Time": 1502.888,
                            "Actual Rows": 18122172,
                            "Actual Loops": 2
                          },
                          {
                            "Node Type": "Hash",
                            "Parent Relationship": "Inner",
                            "Parallel Aware": true,
                            "Startup Cost": 54588.39,
                            "Total Cost": 54588.39,
                            "Plan Rows": 1443269,
                            "Plan Width": 4,
                            "Actual Startup Time": 532.998,
                            "Actual Total Time": 533.0,
                            "Actual Rows": 1226352,
                            "Actual Loops": 2,
                            "Hash Buckets": 4194304,
                            "Original Hash Buckets": 4194304,
                            "Hash Batches": 1,
                            "Original Hash Batches": 1,
                            "Peak Memory Usage": 128736,
                            "Plans": [
                              {
                                "Node Type": "Seq Scan",
                                "Parent Relationship": "Outer",
                                "Parallel Aware": true,
                                "Relation Name": "title",
                                "Alias": "t",
                                "Startup Cost": 0.0,
                                "Total Cost": 54588.39,
                                "Plan Rows": 1443269,
                                "Plan Width": 4,
                                "Actual Startup Time": 0.059,
                                "Actual Total Time": 186.77,
                                "Actual Rows": 1226352,
                                "Actual Loops": 2,
                                "Filter": "(production_year < 2014)",
                                "Rows Removed by Filter": 37804
                              }
                            ]
                          }
                        ]
                      }
                    ]
                  }
                ]
              }
            ]
          }
        ]
      }
    ]
  },
  "Planning Time": 1.028,
  "Triggers": [],
  "Execution Time": 28776.697
}