[
  {
    "Plan": {
      "Node Type": "Aggregate",
      "Strategy": "Plain",
      "Partial Mode": "Finalize",
      "Parallel Aware": false,
      "Startup Cost": 342901.13,
      "Total Cost": 342901.14,
      "Plan Rows": 1,
      "Plan Width": 8,
      "Actual Startup Time": 880.886,
      "Actual Total Time": 930.33,
      "Actual Rows": 1,
      "Actual Loops": 1,
      "Plans": [
        {
          "Node Type": "Gather",
          "Parent Relationship": "Outer",
          "Parallel Aware": false,
          "Startup Cost": 342900.51,
          "Total Cost": 342901.12,
          "Plan Rows": 6,
          "Plan Width": 8,
          "Actual Startup Time": 880.723,
          "Actual Total Time": 930.31,
          "Actual Rows": 7,
          "Actual Loops": 1,
          "Workers Planned": 6,
          "Workers Launched": 6,
          "Single Copy": false,
          "Plans": [
            {
              "Node Type": "Aggregate",
              "Strategy": "Plain",
              "Partial Mode": "Partial",
              "Parent Relationship": "Outer",
              "Parallel Aware": false,
              "Startup Cost": 341900.51,
              "Total Cost": 341900.52,
              "Plan Rows": 1,
              "Plan Width": 8,
              "Actual Startup Time": 872.744,
              "Actual Total Time": 872.745,
              "Actual Rows": 1,
              "Actual Loops": 7,
              "Plans": [
                {
                  "Node Type": "Seq Scan",
                  "Parent Relationship": "Outer",
                  "Parallel Aware": true,
                  "Relation Name": "cast_info",
                  "Alias": "ci",
                  "Startup Cost": 0.0,
                  "Total Cost": 328211.39,
                  "Plan Rows": 5475647,
                  "Plan Width": 0,
                  "Actual Startup Time": 50.768,
                  "Actual Total Time": 651.087,
                  "Actual Rows": 4673461,
                  "Actual Loops": 7,
                  "Filter": "(person_id > 337877)",
                  "Rows Removed by Filter": 504302
                }
              ]
            }
          ]
        }
      ]
    },
    "Planning Time": 0.209,
    "Triggers": [],
    "Execution Time": 930.462
  }
]