[
  {
    "Plan": {
      "Node Type": "Aggregate",
      "Strategy": "Plain",
      "Partial Mode": "Finalize",
      "Parallel Aware": false,
      "Startup Cost": 91702.59,
      "Total Cost": 91702.6,
      "Plan Rows": 1,
      "Plan Width": 8,
      "Actual Startup Time": 258.916,
      "Actual Total Time": 276.509,
      "Actual Rows": 1,
      "Actual Loops": 1,
      "Plans": [
        {
          "Node Type": "Gather",
          "Parent Relationship": "Outer",
          "Parallel Aware": false,
          "Startup Cost": 91702.27,
          "Total Cost": 91702.58,
          "Plan Rows": 3,
          "Plan Width": 8,
          "Actual Startup Time": 257.936,
          "Actual Total Time": 276.501,
          "Actual Rows": 4,
          "Actual Loops": 1,
          "Workers Planned": 3,
          "Workers Launched": 3,
          "Single Copy": false,
          "Plans": [
            {
              "Node Type": "Aggregate",
              "Strategy": "Plain",
              "Partial Mode": "Partial",
              "Parent Relationship": "Outer",
              "Parallel Aware": false,
              "Startup Cost": 90702.27,
              "Total Cost": 90702.28,
              "Plan Rows": 1,
              "Plan Width": 8,
              "Actual Startup Time": 249.255,
              "Actual Total Time": 249.26,
              "Actual Rows": 1,
              "Actual Loops": 4,
              "Plans": [
                {
                  "Node Type": "Hash Join",
                  "Parent Relationship": "Outer",
                  "Parallel Aware": true,
                  "Join Type": "Inner",
                  "Startup Cost": 46420.4,
                  "Total Cost": 90540.63,
                  "Plan Rows": 64656,
                  "Plan Width": 0,
                  "Actual Startup Time": 115.473,
                  "Actual Total Time": 248.805,
                  "Actual Rows": 10300,
                  "Actual Loops": 4,
                  "Inner Unique": true,
                  "Hash Cond": "(mk.movie_id = t.id)",
                  "Plans": [
                    {
                      "Node Type": "Seq Scan",
                      "Parent Relationship": "Outer",
                      "Parallel Aware": true,
                      "Relation Name": "movie_keyword",
                      "Alias": "mk",
                      "Startup Cost": 0.0,
                      "Total Cost": 42695.65,
                      "Plan Rows": 542696,
                      "Plan Width": 4,
                      "Actual Startup Time": 0.515,
                      "Actual Total Time": 97.057,
                      "Actual Rows": 422238,
                      "Actual Loops": 4,
                      "Filter": "(keyword_id > 8574)",
                      "Rows Removed by Filter": 708745
                    },
                    {
                      "Node Type": "Hash",
                      "Parent Relationship": "Inner",
                      "Parallel Aware": true,
                      "Startup Cost": 45479.1,
                      "Total Cost": 45479.1,
                      "Plan Rows": 75304,
                      "Plan Width": 4,
                      "Actual Startup Time": 111.563,
                      "Actual Total Time": 111.566,
                      "Actual Rows": 44453,
                      "Actual Loops": 4,
                      "Hash Buckets": 524288,
                      "Original Hash Buckets": 524288,
                      "Hash Batches": 1,
                      "Original Hash Batches": 1,
                      "Peak Memory Usage": 11104,
                      "Plans": [
                        {
                          "Node Type": "Seq Scan",
                          "Parent Relationship": "Outer",
                          "Parallel Aware": true,
                          "Relation Name": "title",
                          "Alias": "t",
                          "Startup Cost": 0.0,
                          "Total Cost": 45479.1,
                          "Plan Rows": 75304,
                          "Plan Width": 4,
                          "Actual Startup Time": 0.042,
                          "Actual Total Time": 95.045,
                          "Actual Rows": 44453,
                          "Actual Loops": 4,
                          "Filter": "((kind_id > 3) AND (production_year < 1977))",
                          "Rows Removed by Filter": 587625
                        }
                      ]
                    }
                  ]
                }
              ]
            }
          ]
        }
      ]
    },
    "Planning Time": 0.631,
    "Triggers": [],
    "Execution Time": 276.588
  }
]