[
  {
    "Plan": {
      "Node Type": "Aggregate",
      "Strategy": "Plain",
      "Partial Mode": "Finalize",
      "Parallel Aware": false,
      "Startup Cost": 205080.49,
      "Total Cost": 205080.5,
      "Plan Rows": 1,
      "Plan Width": 8,
      "Actual Startup Time": 460.953,
      "Actual Total Time": 487.47,
      "Actual Rows": 1,
      "Actual Loops": 1,
      "Plans": [
        {
          "Node Type": "Gather",
          "Parent Relationship": "Outer",
          "Parallel Aware": false,
          "Startup Cost": 205079.97,
          "Total Cost": 205080.48,
          "Plan Rows": 5,
          "Plan Width": 8,
          "Actual Startup Time": 459.333,
          "Actual Total Time": 487.461,
          "Actual Rows": 6,
          "Actual Loops": 1,
          "Workers Planned": 5,
          "Workers Launched": 5,
          "Single Copy": false,
          "Plans": [
            {
              "Node Type": "Aggregate",
              "Strategy": "Plain",
              "Partial Mode": "Partial",
              "Parent Relationship": "Outer",
              "Parallel Aware": false,
              "Startup Cost": 204079.97,
              "Total Cost": 204079.98,
              "Plan Rows": 1,
              "Plan Width": 8,
              "Actual Startup Time": 452.947,
              "Actual Total Time": 452.95,
              "Actual Rows": 1,
              "Actual Loops": 6,
              "Plans": [
                {
                  "Node Type": "Hash Join",
                  "Parent Relationship": "Outer",
                  "Parallel Aware": true,
                  "Join Type": "Inner",
                  "Startup Cost": 45918.23,
                  "Total Cost": 203965.12,
                  "Plan Rows": 45940,
                  "Plan Width": 0,
                  "Actual Startup Time": 97.007,
                  "Actual Total Time": 451.084,
                  "Actual Rows": 33938,
                  "Actual Loops": 6,
                  "Inner Unique": true,
                  "Hash Cond": "(ci.movie_id = t.id)",
                  "Plans": [
                    {
                      "Node Type": "Index Scan",
                      "Parent Relationship": "Outer",
                      "Parallel Aware": true,
                      "Scan Direction": "Forward",
                      "Index Name": "role_id_cast_info",
                      "Relation Name": "cast_info",
                      "Alias": "ci",
                      "Startup Cost": 0.56,
                      "Total Cost": 155872.35,
                      "Plan Rows": 828615,
                      "Plan Width": 4,
                      "Actual Startup Time": 0.3,
                      "Actual Total Time": 210.872,
                      "Actual Rows": 862321,
                      "Actual Loops": 6,
                      "Index Cond": "(role_id > 8)",
                      "Rows Removed by Index Recheck": 0,
                      "Filter": "(person_id > 984448)",
                      "Rows Removed by Filter": 93128
                    },
                    {
                      "Node Type": "Hash",
                      "Parent Relationship": "Inner",
                      "Parallel Aware": true,
                      "Startup Cost": 45479.59,
                      "Total Cost": 45479.59,
                      "Plan Rows": 35046,
                      "Plan Width": 4,
                      "Actual Startup Time": 95.613,
                      "Actual Total Time": 95.614,
                      "Actual Rows": 47113,
                      "Actual Loops": 6,
                      "Hash Buckets": 524288,
                      "Original Hash Buckets": 262144,
                      "Hash Batches": 1,
                      "Original Hash Batches": 1,
                      "Peak Memory Usage": 17312,
                      "Plans": [
                        {
                          "Node Type": "Seq Scan",
                          "Parent Relationship": "Outer",
                          "Parallel Aware": true,
                          "Relation Name": "title",
                          "Alias": "t",
                          "Startup Cost": 0.0,
                          "Total Cost": 45479.59,
                          "Plan Rows": 35046,
                          "Plan Width": 4,
                          "Actual Startup Time": 41.525,
                          "Actual Total Time": 71.669,
                          "Actual Rows": 47113,
                          "Actual Loops": 6,
                          "Filter": "((production_year < 1983) AND (kind_id = 1))",
                          "Rows Removed by Filter": 374272
                        }
                      ]
                    }
                  ]
                }
              ]
            }
          ]
        }
      ]
    },
    "Planning Time": 0.49,
    "Triggers": [],
    "Execution Time": 487.519
  }
]