[
  {
    "Plan": {
      "Node Type": "Aggregate",
      "Strategy": "Plain",
      "Partial Mode": "Finalize",
      "Parallel Aware": false,
      "Startup Cost": 205886.53,
      "Total Cost": 205886.54,
      "Plan Rows": 1,
      "Plan Width": 8,
      "Actual Startup Time": 429.454,
      "Actual Total Time": 450.786,
      "Actual Rows": 1,
      "Actual Loops": 1,
      "Plans": [
        {
          "Node Type": "Gather",
          "Parent Relationship": "Outer",
          "Parallel Aware": false,
          "Startup Cost": 205886.01,
          "Total Cost": 205886.52,
          "Plan Rows": 5,
          "Plan Width": 8,
          "Actual Startup Time": 427.587,
          "Actual Total Time": 450.774,
          "Actual Rows": 6,
          "Actual Loops": 1,
          "Workers Planned": 5,
          "Workers Launched": 5,
          "Single Copy": false,
          "Plans": [
            {
              "Node Type": "Aggregate",
              "Strategy": "Plain",
              "Partial Mode": "Partial",
              "Parent Relationship": "Outer",
              "Parallel Aware": false,
              "Startup Cost": 204886.01,
              "Total Cost": 204886.02,
              "Plan Rows": 1,
              "Plan Width": 8,
              "Actual Startup Time": 417.381,
              "Actual Total Time": 417.384,
              "Actual Rows": 1,
              "Actual Loops": 6,
              "Plans": [
                {
                  "Node Type": "Hash Join",
                  "Parent Relationship": "Outer",
                  "Parallel Aware": true,
                  "Join Type": "Inner",
                  "Startup Cost": 45923.23,
                  "Total Cost": 204769.1,
                  "Plan Rows": 46764,
                  "Plan Width": 0,
                  "Actual Startup Time": 104.244,
                  "Actual Total Time": 415.756,
                  "Actual Rows": 33938,
                  "Actual Loops": 6,
                  "Inner Unique": true,
                  "Hash Cond": "(ci.movie_id = t.id)",
                  "Plans": [
                    {
                      "Node Type": "Index Scan",
                      "Parent Relationship": "Outer",
                      "Parallel Aware": true,
                      "Scan Direction": "Forward",
                      "Index Name": "role_id_cast_info",
                      "Relation Name": "cast_info",
                      "Alias": "ci",
                      "Startup Cost": 0.56,
                      "Total Cost": 156659.89,
                      "Plan Rows": 832973,
                      "Plan Width": 4,
                      "Actual Startup Time": 0.23,
                      "Actual Total Time": 180.416,
                      "Actual Rows": 862321,
                      "Actual Loops": 6,
                      "Index Cond": "(role_id > 8)",
                      "Rows Removed by Index Recheck": 0,
                      "Filter": "(person_id > 984448)",
                      "Rows Removed by Filter": 93128
                    },
                    {
                      "Node Type": "Hash",
                      "Parent Relationship": "Inner",
                      "Parallel Aware": true,
                      "Startup Cost": 45479.1,
                      "Total Cost": 45479.1,
                      "Plan Rows": 35485,
                      "Plan Width": 4,
                      "Actual Startup Time": 102.12,
                      "Actual Total Time": 102.121,
                      "Actual Rows": 47113,
                      "Actual Loops": 6,
                      "Hash Buckets": 524288,
                      "Original Hash Buckets": 262144,
                      "Hash Batches": 1,
                      "Original Hash Batches": 1,
                      "Peak Memory Usage": 17312,
                      "Plans": [
                        {
                          "Node Type": "Seq Scan",
                          "Parent Relationship": "Outer",
                          "Parallel Aware": true,
                          "Relation Name": "title",
                          "Alias": "t",
                          "Startup Cost": 0.0,
                          "Total Cost": 45479.1,
                          "Plan Rows": 35485,
                          "Plan Width": 4,
                          "Actual Startup Time": 51.198,
                          "Actual Total Time": 80.539,
                          "Actual Rows": 47113,
                          "Actual Loops": 6,
                          "Filter": "((production_year < 1983) AND (kind_id = 1))",
                          "Rows Removed by Filter": 374272
                        }
                      ]
                    }
                  ]
                }
              ]
            }
          ]
        }
      ]
    },
    "Planning Time": 0.723,
    "Triggers": [],
    "Execution Time": 450.88
  }
]