[
  {
    "Plan": {
      "Node Type": "Aggregate",
      "Strategy": "Plain",
      "Partial Mode": "Finalize",
      "Parallel Aware": false,
      "Startup Cost": 46354.51,
      "Total Cost": 46354.52,
      "Plan Rows": 1,
      "Plan Width": 8,
      "Actual Startup Time": 160.788,
      "Actual Total Time": 170.674,
      "Actual Rows": 1,
      "Actual Loops": 1,
      "Plans": [
        {
          "Node Type": "Gather",
          "Parent Relationship": "Outer",
          "Parallel Aware": false,
          "Startup Cost": 46354.19,
          "Total Cost": 46354.5,
          "Plan Rows": 3,
          "Plan Width": 8,
          "Actual Startup Time": 160.666,
          "Actual Total Time": 170.664,
          "Actual Rows": 4,
          "Actual Loops": 1,
          "Workers Planned": 3,
          "Workers Launched": 3,
          "Single Copy": false,
          "Plans": [
            {
              "Node Type": "Aggregate",
              "Strategy": "Plain",
              "Partial Mode": "Partial",
              "Parent Relationship": "Outer",
              "Parallel Aware": false,
              "Startup Cost": 45354.19,
              "Total Cost": 45354.2,
              "Plan Rows": 1,
              "Plan Width": 8,
              "Actual Startup Time": 155.641,
              "Actual Total Time": 155.643,
              "Actual Rows": 1,
              "Actual Loops": 4,
              "Plans": [
                {
                  "Node Type": "Seq Scan",
                  "Parent Relationship": "Outer",
                  "Parallel Aware": true,
                  "Relation Name": "movie_keyword",
                  "Alias": "mk",
                  "Startup Cost": 0.0,
                  "Total Cost": 42695.65,
                  "Plan Rows": 1063414,
                  "Plan Width": 0,
                  "Actual Startup Time": 0.049,
                  "Actual Total Time": 119.93,
                  "Actual Rows": 822750,
                  "Actual Loops": 4,
                  "Filter": "(keyword_id < 14697)",
                  "Rows Removed by Filter": 308232
                }
              ]
            }
          ]
        }
      ]
    },
    "Planning Time": 0.179,
    "Triggers": [],
    "Execution Time": 170.73
  }
]