{
  "Plan": {
    "Node Type": "Aggregate",
    "Strategy": "Plain",
    "Partial Mode": "Finalize",
    "Parallel Aware": false,
    "Startup Cost": 653698.7,
    "Total Cost": 653698.71,
    "Plan Rows": 1,
    "Plan Width": 8,
    "Actual Startup Time": 5402.531,
    "Actual Total Time": 5472.862,
    "Actual Rows": 1,
    "Actual Loops": 1,
    "Plans": [
      {
        "Node Type": "Gather",
        "Parent Relationship": "Outer",
        "Parallel Aware": false,
        "Startup Cost": 653698.58,
        "Total Cost": 653698.69,
        "Plan Rows": 1,
        "Plan Width": 8,
        "Actual Startup Time": 5400.268,
        "Actual Total Time": 5472.849,
        "Actual Rows": 2,
        "Actual Loops": 1,
        "Workers Planned": 1,
        "Workers Launched": 1,
        "Single Copy": false,
        "Plans": [
          {
            "Node Type": "Aggregate",
            "Strategy": "Plain",
            "Partial Mode": "Partial",
            "Parent Relationship": "Outer",
            "Parallel Aware": false,
            "Startup Cost": 652698.58,
            "Total Cost": 652698.59,
            "Plan Rows": 1,
            "Plan Width": 8,
            "Actual Startup Time": 5393.978,
            "Actual Total Time": 5394.286,
            "Actual Rows": 1,
            "Actual Loops": 2,
            "Plans": [
              {
                "Node Type": "Hash Join",
                "Parent Relationship": "Outer",
                "Parallel Aware": true,
                "Join Type": "Inner",
                "Startup Cost": 93665.06,
                "Total Cost": 648724.21,
                "Plan Rows": 1589748,
                "Plan Width": 0,
                "Actual Startup Time": 534.475,
                "Actual Total Time": 5202.583,
                "Actual Rows": 4735344,
                "Actual Loops": 2,
                "Inner Unique": false,
                "Hash Cond": "(ci.movie_id = t.id)",
                "Plans": [
                  {
                    "Node Type": "Seq Scan",
                    "Parent Relationship": "Outer",
                    "Parallel Aware": true,
                    "Relation Name": "cast_info",
                    "Alias": "ci",
                    "Startup Cost": 0.0,
                    "Total Cost": 465792.95,
                    "Plan Rows": 21310595,
                    "Plan Width": 4,
                    "Actual Startup Time": 0.015,
                    "Actual Total Time": 1358.537,
                    "Actual Rows": 18122172,
                    "Actual Loops": 2
                  },
                  {
                    "Node Type": "Hash",
                    "Parent Relationship": "Inner",
                    "Parallel Aware": true,
                    "Startup Cost": 92278.23,
                    "Total Cost": 92278.23,
                    "Plan Rows": 110946,
                    "Plan Width": 8,
                    "Actual Startup Time": 530.549,
                    "Actual Total Time": 530.855,
                    "Actual Rows": 187876,
                    "Actual Loops": 2,
                    "Hash Buckets": 524288,
                    "Original Hash Buckets": 262144,
                    "Hash Batches": 1,
                    "Original Hash Batches": 1,
                    "Peak Memory Usage": 20864,
                    "Plans": [
                      {
                        "Node Type": "Hash Join",
                        "Parent Relationship": "Outer",
                        "Parallel Aware": true,
                        "Join Type": "Inner",
                        "Startup Cost": 31460.11,
                        "Total Cost": 92278.23,
                        "Plan Rows": 110946,
                        "Plan Width": 8,
                        "Actual Startup Time": 128.108,
                        "Actual Total Time": 483.051,
                        "Actual Rows": 187876,
                        "Actual Loops": 2,
                        "Inner Unique": false,
                        "Hash Cond": "(t.id = mc.movie_id)",
                        "Plans": [
                          {
                            "Node Type": "Seq Scan",
                            "Parent Relationship": "Outer",
                            "Parallel Aware": true,
                            "Relation Name": "title",
                            "Alias": "t",
                            "Startup Cost": 0.0,
                            "Total Cost": 50870.31,
                            "Plan Rows": 1487231,
                            "Plan Width": 4,
                            "Actual Startup Time": 0.01,
                            "Actual Total Time": 114.805,
                            "Actual Rows": 1264156,
                            "Actual Loops": 2
                          },
                          {
                            "Node Type": "Hash",
                            "Parent Relationship": "Inner",
                            "Parallel Aware": true,
                            "Startup Cost": 30073.28,
                            "Total Cost": 30073.28,
                            "Plan Rows": 110946,
                            "Plan Width": 4,
                            "Actual Startup Time": 118.195,
                            "Actual Total Time": 118.197,
                            "Actual Rows": 187876,
                            "Actual Loops": 2,
                            "Hash Buckets": 524288,
                            "Original Hash Buckets": 262144,
                            "Hash Batches": 1,
                            "Original Hash Batches": 1,
                            "Peak Memory Usage": 20864,
                            "Plans": [
                              {
                                "Node Type": "Bitmap Heap Scan",
                                "Parent Relationship": "Outer",
                                "Parallel Aware": true,
                                "Relation Name": "movie_companies",
                                "Alias": "mc",
                                "Startup Cost": 8005.61,
                                "Total Cost": 30073.28,
                                "Plan Rows": 110946,
                                "Plan Width": 4,
                                "Actual Startup Time": 34.22,
                                "Actual Total Time": 75.997,
                                "Actual Rows": 187876,
                                "Actual Loops": 2,
                                "Recheck Cond": "(company_id > 84946)",
                                "Rows Removed by Index Recheck": 0,
                                "Filter": "(company_type_id = 2)",
                                "Rows Removed by Filter": 0,
                                "Exact Heap Blocks": 3862,
                                "Lossy Heap Blocks": 0,
                                "Plans": [
                                  {
                                    "Node Type": "Bitmap Index Scan",
                                    "Parent Relationship": "Outer",
                                    "Parallel Aware": false,
                                    "Index Name": "company_id_movie_companies",
                                    "Startup Cost": 0.0,
                                    "Total Cost": 7958.45,
                                    "Plan Rows": 371470,
                                    "Plan Width": 0,
                                    "Actual Startup Time": 33.701,
                                    "Actual Total Time": 33.701,
                                    "Actual Rows": 375753,
                                    "Actual Loops": 1,
                                    "Index Cond": "(company_id > 84946)"
                                  }
                                ]
                              }
                            ]
                          }
                        ]
                      }
                    ]
                  }
                ]
              }
            ]
          }
        ]
      }
    ]
  },
  "Planning Time": 0.921,
  "Triggers": [],
  "Execution Time": 5472.991
}