[
  {
    "Plan": {
      "Node Type": "Aggregate",
      "Strategy": "Plain",
      "Partial Mode": "Finalize",
      "Parallel Aware": false,
      "Startup Cost": 342508.79,
      "Total Cost": 342508.8,
      "Plan Rows": 1,
      "Plan Width": 8,
      "Actual Startup Time": 1090.835,
      "Actual Total Time": 1156.688,
      "Actual Rows": 1,
      "Actual Loops": 1,
      "Plans": [
        {
          "Node Type": "Gather",
          "Parent Relationship": "Outer",
          "Parallel Aware": false,
          "Startup Cost": 342508.16,
          "Total Cost": 342508.77,
          "Plan Rows": 6,
          "Plan Width": 8,
          "Actual Startup Time": 1090.654,
          "Actual Total Time": 1156.676,
          "Actual Rows": 7,
          "Actual Loops": 1,
          "Workers Planned": 6,
          "Workers Launched": 6,
          "Single Copy": false,
          "Plans": [
            {
              "Node Type": "Aggregate",
              "Strategy": "Plain",
              "Partial Mode": "Partial",
              "Parent Relationship": "Outer",
              "Parallel Aware": false,
              "Startup Cost": 341508.16,
              "Total Cost": 341508.17,
              "Plan Rows": 1,
              "Plan Width": 8,
              "Actual Startup Time": 1081.492,
              "Actual Total Time": 1081.494,
              "Actual Rows": 1,
              "Actual Loops": 7,
              "Plans": [
                {
                  "Node Type": "Seq Scan",
                  "Parent Relationship": "Outer",
                  "Parallel Aware": true,
                  "Relation Name": "cast_info",
                  "Alias": "ci",
                  "Startup Cost": 0.0,
                  "Total Cost": 328211.39,
                  "Plan Rows": 5318708,
                  "Plan Width": 0,
                  "Actual Startup Time": 68.69,
                  "Actual Total Time": 805.865,
                  "Actual Rows": 4533260,
                  "Actual Loops": 7,
                  "Filter": "(person_id > 435568)",
                  "Rows Removed by Filter": 644503
                }
              ]
            }
          ]
        }
      ]
    },
    "Planning Time": 0.204,
    "Triggers": [],
    "Execution Time": 1156.765
  }
]