[
  {
    "Plan": {
      "Node Type": "Aggregate",
      "Strategy": "Plain",
      "Partial Mode": "Finalize",
      "Parallel Aware": false,
      "Startup Cost": 39843.59,
      "Total Cost": 39843.6,
      "Plan Rows": 1,
      "Plan Width": 8,
      "Actual Startup Time": 25.083,
      "Actual Total Time": 26.654,
      "Actual Rows": 1,
      "Actual Loops": 1,
      "Plans": [
        {
          "Node Type": "Gather",
          "Parent Relationship": "Outer",
          "Parallel Aware": false,
          "Startup Cost": 39843.38,
          "Total Cost": 39843.59,
          "Plan Rows": 2,
          "Plan Width": 8,
          "Actual Startup Time": 24.745,
          "Actual Total Time": 26.644,
          "Actual Rows": 3,
          "Actual Loops": 1,
          "Workers Planned": 2,
          "Workers Launched": 2,
          "Single Copy": false,
          "Plans": [
            {
              "Node Type": "Aggregate",
              "Strategy": "Plain",
              "Partial Mode": "Partial",
              "Parent Relationship": "Outer",
              "Parallel Aware": false,
              "Startup Cost": 38843.38,
              "Total Cost": 38843.39,
              "Plan Rows": 1,
              "Plan Width": 8,
              "Actual Startup Time": 16.6,
              "Actual Total Time": 16.603,
              "Actual Rows": 1,
              "Actual Loops": 3,
              "Plans": [
                {
                  "Node Type": "Nested Loop",
                  "Parent Relationship": "Outer",
                  "Parallel Aware": false,
                  "Join Type": "Inner",
                  "Startup Cost": 160.96,
                  "Total Cost": 38842.64,
                  "Plan Rows": 295,
                  "Plan Width": 0,
                  "Actual Startup Time": 7.921,
                  "Actual Total Time": 16.591,
                  "Actual Rows": 14,
                  "Actual Loops": 3,
                  "Inner Unique": true,
                  "Join Filter": "(ci.movie_id = t.id)",
                  "Rows Removed by Join Filter": 0,
                  "Plans": [
                    {
                      "Node Type": "Nested Loop",
                      "Parent Relationship": "Outer",
                      "Parallel Aware": false,
                      "Join Type": "Inner",
                      "Startup Cost": 160.53,
                      "Total Cost": 38049.37,
                      "Plan Rows": 930,
                      "Plan Width": 8,
                      "Actual Startup Time": 7.861,
                      "Actual Total Time": 16.329,
                      "Actual Rows": 15,
                      "Actual Loops": 3,
                      "Inner Unique": false,
                      "Plans": [
                        {
                          "Node Type": "Bitmap Heap Scan",
                          "Parent Relationship": "Outer",
                          "Parallel Aware": true,
                          "Relation Name": "cast_info",
                          "Alias": "ci",
                          "Startup Cost": 160.1,
                          "Total Cost": 25177.75,
                          "Plan Rows": 1990,
                          "Plan Width": 4,
                          "Actual Startup Time": 0.983,
                          "Actual Total Time": 2.672,
                          "Actual Rows": 3416,
                          "Actual Loops": 3,
                          "Recheck Cond": "(person_id = 95397)",
                          "Rows Removed by Index Recheck": 0,
                          "Filter": "(role_id < 4)",
                          "Rows Removed by Filter": 0,
                          "Exact Heap Blocks": 37,
                          "Lossy Heap Blocks": 0,
                          "Plans": [
                            {
                              "Node Type": "Bitmap Index Scan",
                              "Parent Relationship": "Outer",
                              "Parallel Aware": false,
                              "Index Name": "person_id_cast_info",
                              "Startup Cost": 0.0,
                              "Total Cost": 158.91,
                              "Plan Rows": 7246,
                              "Plan Width": 0,
                              "Actual Startup Time": 2.589,
                              "Actual Total Time": 2.59,
                              "Actual Rows": 10249,
                              "Actual Loops": 1,
                              "Index Cond": "(person_id = 95397)"
                            }
                          ]
                        },
                        {
                          "Node Type": "Index Scan",
                          "Parent Relationship": "Inner",
                          "Parallel Aware": false,
                          "Scan Direction": "Forward",
                          "Index Name": "movie_id_movie_info_idx",
                          "Relation Name": "movie_info_idx",
                          "Alias": "mi_idx",
                          "Startup Cost": 0.43,
                          "Total Cost": 6.46,
                          "Plan Rows": 1,
                          "Plan Width": 4,
                          "Actual Startup Time": 0.004,
                          "Actual Total Time": 0.004,
                          "Actual Rows": 0,
                          "Actual Loops": 10249,
                          "Index Cond": "(movie_id = ci.movie_id)",
                          "Rows Removed by Index Recheck": 0,
                          "Filter": "(info_type_id > 100)",
                          "Rows Removed by Filter": 0
                        }
                      ]
                    },
                    {
                      "Node Type": "Index Scan",
                      "Parent Relationship": "Inner",
                      "Parallel Aware": false,
                      "Scan Direction": "Forward",
                      "Index Name": "title_pkey",
                      "Relation Name": "title",
                      "Alias": "t",
                      "Startup Cost": 0.43,
                      "Total Cost": 0.84,
                      "Plan Rows": 1,
                      "Plan Width": 4,
                      "Actual Startup Time": 0.016,
                      "Actual Total Time": 0.016,
                      "Actual Rows": 1,
                      "Actual Loops": 45,
                      "Index Cond": "(id = mi_idx.movie_id)",
                      "Rows Removed by Index Recheck": 0,
                      "Filter": "(production_year > 1972)",
                      "Rows Removed by Filter": 0
                    }
                  ]
                }
              ]
            }
          ]
        }
      ]
    },
    "Planning Time": 1.352,
    "Triggers": [],
    "Execution Time": 26.757
  }
]