[
  {
    "Plan": {
      "Node Type": "Aggregate",
      "Strategy": "Plain",
      "Partial Mode": "Finalize",
      "Parallel Aware": false,
      "Startup Cost": 47612.87,
      "Total Cost": 47612.88,
      "Plan Rows": 1,
      "Plan Width": 8,
      "Actual Startup Time": 136.556,
      "Actual Total Time": 151.796,
      "Actual Rows": 1,
      "Actual Loops": 1,
      "Plans": [
        {
          "Node Type": "Gather",
          "Parent Relationship": "Outer",
          "Parallel Aware": false,
          "Startup Cost": 47612.45,
          "Total Cost": 47612.86,
          "Plan Rows": 4,
          "Plan Width": 8,
          "Actual Startup Time": 136.441,
          "Actual Total Time": 151.788,
          "Actual Rows": 5,
          "Actual Loops": 1,
          "Workers Planned": 4,
          "Workers Launched": 4,
          "Single Copy": false,
          "Plans": [
            {
              "Node Type": "Aggregate",
              "Strategy": "Plain",
              "Partial Mode": "Partial",
              "Parent Relationship": "Outer",
              "Parallel Aware": false,
              "Startup Cost": 46612.45,
              "Total Cost": 46612.46,
              "Plan Rows": 1,
              "Plan Width": 8,
              "Actual Startup Time": 127.749,
              "Actual Total Time": 127.75,
              "Actual Rows": 1,
              "Actual Loops": 5,
              "Plans": [
                {
                  "Node Type": "Seq Scan",
                  "Parent Relationship": "Outer",
                  "Parallel Aware": true,
                  "Relation Name": "title",
                  "Alias": "t",
                  "Startup Cost": 0.0,
                  "Total Cost": 45479.1,
                  "Plan Rows": 453340,
                  "Plan Width": 0,
                  "Actual Startup Time": 0.04,
                  "Actual Total Time": 106.446,
                  "Actual Rows": 359981,
                  "Actual Loops": 5,
                  "Filter": "((kind_id > 1) AND (production_year > 0))",
                  "Rows Removed by Filter": 145681
                }
              ]
            }
          ]
        }
      ]
    },
    "Planning Time": 0.149,
    "Triggers": [],
    "Execution Time": 151.852
  }
]