[
  {
    "Plan": {
      "Node Type": "Aggregate",
      "Strategy": "Plain",
      "Partial Mode": "Finalize",
      "Parallel Aware": false,
      "Startup Cost": 45483.84,
      "Total Cost": 45483.85,
      "Plan Rows": 1,
      "Plan Width": 8,
      "Actual Startup Time": 48.275,
      "Actual Total Time": 52.831,
      "Actual Rows": 1,
      "Actual Loops": 1,
      "Plans": [
        {
          "Node Type": "Gather",
          "Parent Relationship": "Outer",
          "Parallel Aware": false,
          "Startup Cost": 45483.63,
          "Total Cost": 45483.84,
          "Plan Rows": 2,
          "Plan Width": 8,
          "Actual Startup Time": 48.149,
          "Actual Total Time": 52.825,
          "Actual Rows": 3,
          "Actual Loops": 1,
          "Workers Planned": 2,
          "Workers Launched": 2,
          "Single Copy": false,
          "Plans": [
            {
              "Node Type": "Aggregate",
              "Strategy": "Plain",
              "Partial Mode": "Partial",
              "Parent Relationship": "Outer",
              "Parallel Aware": false,
              "Startup Cost": 44483.63,
              "Total Cost": 44483.64,
              "Plan Rows": 1,
              "Plan Width": 8,
              "Actual Startup Time": 39.898,
              "Actual Total Time": 39.899,
              "Actual Rows": 1,
              "Actual Loops": 3,
              "Plans": [
                {
                  "Node Type": "Nested Loop",
                  "Parent Relationship": "Outer",
                  "Parallel Aware": false,
                  "Join Type": "Inner",
                  "Startup Cost": 224.4,
                  "Total Cost": 44474.0,
                  "Plan Rows": 3850,
                  "Plan Width": 0,
                  "Actual Startup Time": 2.978,
                  "Actual Total Time": 39.743,
                  "Actual Rows": 877,
                  "Actual Loops": 3,
                  "Inner Unique": true,
                  "Plans": [
                    {
                      "Node Type": "Bitmap Heap Scan",
                      "Parent Relationship": "Outer",
                      "Parallel Aware": true,
                      "Relation Name": "movie_companies",
                      "Alias": "mc",
                      "Startup Cost": 223.97,
                      "Total Cost": 16682.98,
                      "Plan Rows": 4276,
                      "Plan Width": 4,
                      "Actual Startup Time": 2.809,
                      "Actual Total Time": 12.473,
                      "Actual Rows": 3155,
                      "Actual Loops": 3,
                      "Recheck Cond": "(company_id = 1451)",
                      "Rows Removed by Index Recheck": 0,
                      "Exact Heap Blocks": 3804,
                      "Lossy Heap Blocks": 0,
                      "Plans": [
                        {
                          "Node Type": "Bitmap Index Scan",
                          "Parent Relationship": "Outer",
                          "Parallel Aware": false,
                          "Index Name": "company_id_movie_companies",
                          "Startup Cost": 0.0,
                          "Total Cost": 221.4,
                          "Plan Rows": 10263,
                          "Plan Width": 0,
                          "Actual Startup Time": 5.293,
                          "Actual Total Time": 5.293,
                          "Actual Rows": 9466,
                          "Actual Loops": 1,
                          "Index Cond": "(company_id = 1451)"
                        }
                      ]
                    },
                    {
                      "Node Type": "Index Scan",
                      "Parent Relationship": "Inner",
                      "Parallel Aware": false,
                      "Scan Direction": "Forward",
                      "Index Name": "title_pkey",
                      "Relation Name": "title",
                      "Alias": "t",
                      "Startup Cost": 0.43,
                      "Total Cost": 6.5,
                      "Plan Rows": 1,
                      "Plan Width": 4,
                      "Actual Startup Time": 0.008,
                      "Actual Total Time": 0.008,
                      "Actual Rows": 0,
                      "Actual Loops": 9466,
                      "Index Cond": "(id = mc.movie_id)",
                      "Rows Removed by Index Recheck": 0,
                      "Filter": "(production_year > 1953)",
                      "Rows Removed by Filter": 1
                    }
                  ]
                }
              ]
            }
          ]
        }
      ]
    },
    "Planning Time": 0.608,
    "Triggers": [],
    "Execution Time": 52.911
  }
]