{
  "Plan": {
    "Node Type": "Aggregate",
    "Strategy": "Plain",
    "Partial Mode": "Simple",
    "Parallel Aware": false,
    "Startup Cost": 726749.09,
    "Total Cost": 726749.1,
    "Plan Rows": 1,
    "Plan Width": 64,
    "Actual Startup Time": 4946.328,
    "Actual Total Time": 4961.017,
    "Actual Rows": 1,
    "Actual Loops": 1,
    "Plans": [
      {
        "Node Type": "Nested Loop",
        "Parent Relationship": "Outer",
        "Parallel Aware": false,
        "Join Type": "Inner",
        "Startup Cost": 714493.41,
        "Total Cost": 726728.2,
        "Plan Rows": 4178,
        "Plan Width": 38,
        "Actual Startup Time": 4898.81,
        "Actual Total Time": 4960.122,
        "Actual Rows": 11347,
        "Actual Loops": 1,
        "Inner Unique": false,
        "Join Filter": "(mc.company_type_id = ct.id)",
        "Rows Removed by Join Filter": 34041,
        "Plans": [
          {
            "Node Type": "Seq Scan",
            "Parent Relationship": "Outer",
            "Parallel Aware": false,
            "Relation Name": "company_type",
            "Alias": "ct",
            "Startup Cost": 0.0,
            "Total Cost": 1.04,
            "Plan Rows": 4,
            "Plan Width": 4,
            "Actual Startup Time": 0.009,
            "Actual Total Time": 0.013,
            "Actual Rows": 4,
            "Actual Loops": 1
          },
          {
            "Node Type": "Materialize",
            "Parent Relationship": "Inner",
            "Parallel Aware": false,
            "Startup Cost": 714493.41,
            "Total Cost": 726486.92,
            "Plan Rows": 4178,
            "Plan Width": 42,
            "Actual Startup Time": 1224.69,
            "Actual Total Time": 1239.286,
            "Actual Rows": 11347,
            "Actual Loops": 4,
            "Plans": [
              {
                "Node Type": "Gather",
                "Parent Relationship": "Outer",
                "Parallel Aware": false,
                "Startup Cost": 714493.41,
                "Total Cost": 726466.03,
                "Plan Rows": 4178,
                "Plan Width": 42,
                "Actual Startup Time": 4898.754,
                "Actual Total Time": 4952.271,
                "Actual Rows": 11347,
                "Actual Loops": 1,
                "Workers Planned": 1,
                "Workers Launched": 0,
                "Single Copy": false,
                "Plans": [
                  {
                    "Node Type": "Hash Join",
                    "Parent Relationship": "Outer",
                    "Parallel Aware": true,
                    "Join Type": "Inner",
                    "Startup Cost": 713493.41,
                    "Total Cost": 725048.23,
                    "Plan Rows": 2458,
                    "Plan Width": 42,
                    "Actual Startup Time": 4898.41,
                    "Actual Total Time": 4936.613,
                    "Actual Rows": 11347,
                    "Actual Loops": 1,
                    "Inner Unique": false,
                    "Hash Cond": "(cn.id = mc.company_id)",
                    "Plans": [
                      {
                        "Node Type": "Seq Scan",
                        "Parent Relationship": "Outer",
                        "Parallel Aware": true,
                        "Relation Name": "company_name",
                        "Alias": "cn",
                        "Startup Cost": 0.0,
                        "Total Cost": 4722.92,
                        "Plan Rows": 50548,
                        "Plan Width": 4,
                        "Actual Startup Time": 0.009,
                        "Actual Total Time": 26.081,
                        "Actual Rows": 84843,
                        "Actual Loops": 1,
                        "Filter": "((country_code)::text = '[us]'::text)",
                        "Rows Removed by Filter": 150154
                      },
                      {
                        "Node Type": "Hash",
                        "Parent Relationship": "Inner",
                        "Parallel Aware": true,
                        "Startup Cost": 713447.31,
                        "Total Cost": 713447.31,
                        "Plan Rows": 3688,
                        "Plan Width": 46,
                        "Actual Startup Time": 4898.073,
                        "Actual Total Time": 4898.09,
                        "Actual Rows": 39767,
                        "Actual Loops": 1,
                        "Hash Buckets": 65536,
                        "Original Hash Buckets": 16384,
                        "Hash Batches": 1,
                        "Original Hash Batches": 1,
                        "Peak Memory Usage": 4256,
                        "Plans": [
                          {
                            "Node Type": "Hash Join",
                            "Parent Relationship": "Outer",
                            "Parallel Aware": true,
                            "Join Type": "Inner",
                            "Startup Cost": 683081.37,
                            "Total Cost": 713447.31,
                            "Plan Rows": 3688,
                            "Plan Width": 46,
                            "Actual Startup Time": 4547.428,
                            "Actual Total Time": 4890.225,
                            "Actual Rows": 39767,
                            "Actual Loops": 1,
                            "Inner Unique": false,
                            "Hash Cond": "(mc.movie_id = t.id)",
                            "Plans": [
                              {
                                "Node Type": "Seq Scan",
                                "Parent Relationship": "Outer",
                                "Parallel Aware": true,
                                "Relation Name": "movie_companies",
                                "Alias": "mc",
                                "Startup Cost": 0.0,
                                "Total Cost": 27206.55,
                                "Plan Rows": 841655,
                                "Plan Width": 12,
                                "Actual Startup Time": 0.007,
                                "Actual Total Time": 170.55,
                                "Actual Rows": 2609129,
                                "Actual Loops": 1
                              },
                              {
                                "Node Type": "Hash",
                                "Parent Relationship": "Inner",
                                "Parallel Aware": true,
                                "Startup Cost": 683069.44,
                                "Total Cost": 683069.44,
                                "Plan Rows": 955,
                                "Plan Width": 54,
                                "Actual Startup Time": 4546.729,
                                "Actual Total Time": 4546.743,
                                "Actual Rows": 6320,
                                "Actual Loops": 1,
                                "Hash Buckets": 8192,
                                "Original Hash Buckets": 4096,
                                "Hash Batches": 1,
                                "Original Hash Batches": 1,
                                "Peak Memory Usage": 704,
                                "Plans": [
                                  {
                                    "Node Type": "Nested Loop",
                                    "Parent Relationship": "Outer",
                                    "Parallel Aware": false,
                                    "Join Type": "Inner",
                                    "Startup Cost": 398104.37,
                                    "Total Cost": 683069.44,
                                    "Plan Rows": 955,
                                    "Plan Width": 54,
                                    "Actual Startup Time": 2067.827,
                                    "Actual Total Time": 4543.829,
                                    "Actual Rows": 6320,
                                    "Actual Loops": 1,
                                    "Inner Unique": true,
                                    "Plans": [
                                      {
                                        "Node Type": "Hash Join",
                                        "Parent Relationship": "Outer",
                                        "Parallel Aware": false,
                                        "Join Type": "Inner",
                                        "Startup Cost": 398103.95,
                                        "Total Cost": 682650.4,
                                        "Plan Rows": 955,
                                        "Plan Width": 58,
                                        "Actual Startup Time": 2067.805,
                                        "Actual Total Time": 4525.566,
                                        "Actual Rows": 6320,
                                        "Actual Loops": 1,
                                        "Inner Unique": true,
                                        "Hash Cond": "(mi.info_type_id = it1.id)",
                                        "Plans": [
                                          {
                                            "Node Type": "Hash Join",
                                            "Parent Relationship": "Outer",
                                            "Parallel Aware": true,
                                            "Join Type": "Inner",
                                            "Startup Cost": 398101.53,
                                            "Total Cost": 682354.9,
                                            "Plan Rows": 107611,
                                            "Plan Width": 62,
                                            "Actual Startup Time": 2067.78,
                                            "Actual Total Time": 4524.21,
                                            "Actual Rows": 9933,
                                            "Actual Loops": 1,
                                            "Inner Unique": true,
                                            "Hash Cond": "(at.movie_id = t.id)",
                                            "Plans": [
                                              {
                                                "Node Type": "Merge Join",
                                                "Parent Relationship": "Outer",
                                                "Parallel Aware": false,
                                                "Join Type": "Inner",
                                                "Startup Cost": 348705.94,
                                                "Total Cost": 632553.19,
                                                "Plan Rows": 154712,
                                                "Plan Width": 41,
                                                "Actual Startup Time": 1154.902,
                                                "Actual Total Time": 3608.029,
                                                "Actual Rows": 12582,
                                                "Actual Loops": 1,
                                                "Inner Unique": false,
                                                "Merge Cond": "(at.movie_id = mi.movie_id)",
                                                "Plans": [
                                                  {
                                                    "Node Type": "Merge Join",
                                                    "Parent Relationship": "Outer",
                                                    "Parallel Aware": false,
                                                    "Join Type": "Inner",
                                                    "Startup Cost": 6.27,
                                                    "Total Cost": 269449.31,
                                                    "Plan Rows": 4863794,
                                                    "Plan Width": 33,
                                                    "Actual Startup Time": 0.228,
                                                    "Actual Total Time": 2178.581,
                                                    "Actual Rows": 6547234,
                                                    "Actual Loops": 1,
                                                    "Inner Unique": false,
                                                    "Merge Cond": "(at.movie_id = mk.movie_id)",
                                                    "Plans": [
                                                      {
                                                        "Node Type": "Index Scan",
                                                        "Parent Relationship": "Outer",
                                                        "Parallel Aware": true,
                                                        "Scan Direction": "Forward",
                                                        "Index Name": "movie_id_aka_title",
                                                        "Relation Name": "aka_title",
                                                        "Alias": "at",
                                                        "Startup Cost": 0.42,
                                                        "Total Cost": 19027.35,
                                                        "Plan Rows": 150613,
                                                        "Plan Width": 25,
                                                        "Actual Startup Time": 0.017,
                                                        "Actual Total Time": 210.268,
                                                        "Actual Rows": 361472,
                                                        "Actual Loops": 1
                                                      },
                                                      {
                                                        "Node Type": "Materialize",
                                                        "Parent Relationship": "Inner",
                                                        "Parallel Aware": false,
                                                        "Startup Cost": 0.43,
                                                        "Total Cost": 188458.3,
                                                        "Plan Rows": 4523930,
                                                        "Plan Width": 8,
                                                        "Actual Startup Time": 0.02,
                                                        "Actual Total Time": 1075.08,
                                                        "Actual Rows": 8782192,
                                                        "Actual Loops": 1,
                                                        "Plans": [
                                                          {
                                                            "Node Type": "Index Scan",
                                                            "Parent Relationship": "Outer",
                                                            "Parallel Aware": false,
                                                            "Scan Direction": "Forward",
                                                            "Index Name": "movie_id_movie_keyword",
                                                            "Relation Name": "movie_keyword",
                                                            "Alias": "mk",
                                                            "Startup Cost": 0.43,
                                                            "Total Cost": 177148.48,
                                                            "Plan Rows": 4523930,
                                                            "Plan Width": 8,
                                                            "Actual Startup Time": 0.016,
                                                            "Actual Total Time": 534.874,
                                                            "Actual Rows": 4523869,
                                                            "Actual Loops": 1
                                                          }
                                                        ]
                                                      }
                                                    ]
                                                  },
                                                  {
                                                    "Node Type": "Sort",
                                                    "Parent Relationship": "Inner",
                                                    "Parallel Aware": false,
                                                    "Startup Cost": 348623.77,
                                                    "Total Cost": 348652.48,
                                                    "Plan Rows": 11484,
                                                    "Plan Width": 8,
                                                    "Actual Startup Time": 1154.45,
                                                    "Actual Total Time": 1156.16,
                                                    "Actual Rows": 23041,
                                                    "Actual Loops": 1,
                                                    "Sort Key": [
                                                      "mi.movie_id"
                                                    ],
                                                    "Sort Method": "quicksort",
                                                    "Sort Space Used": 891,
                                                    "Sort Space Type": "Memory",
                                                    "Plans": [
                                                      {
                                                        "Node Type": "Seq Scan",
                                                        "Parent Relationship": "Outer",
                                                        "Parallel Aware": false,
                                                        "Relation Name": "movie_info",
                                                        "Alias": "mi",
                                                        "Startup Cost": 0.0,
                                                        "Total Cost": 347849.33,
                                                        "Plan Rows": 11484,
                                                        "Plan Width": 8,
                                                        "Actual Startup Time": 20.528,
                                                        "Actual Total Time": 1151.658,
                                                        "Actual Rows": 10810,
                                                        "Actual Loops": 1,
                                                        "Filter": "(note ~~ '%internet%'::text)",
                                                        "Rows Removed by Filter": 14824910
                                                      }
                                                    ]
                                                  }
                                                ]
                                              },
                                              {
                                                "Node Type": "Hash",
                                                "Parent Relationship": "Inner",
                                                "Parallel Aware": true,
                                                "Startup Cost": 43899.59,
                                                "Total Cost": 43899.59,
                                                "Plan Rows": 439680,
                                                "Plan Width": 21,
                                                "Actual Startup Time": 899.986,
                                                "Actual Total Time": 899.986,
                                                "Actual Rows": 1749032,
                                                "Actual Loops": 1,
                                                "Hash Buckets": 2097152,
                                                "Original Hash Buckets": 2097152,
                                                "Hash Batches": 1,
                                                "Original Hash Batches": 1,
                                                "Peak Memory Usage": 114368,
                                                "Plans": [
                                                  {
                                                    "Node Type": "Seq Scan",
                                                    "Parent Relationship": "Outer",
                                                    "Parallel Aware": true,
                                                    "Relation Name": "title",
                                                    "Alias": "t",
                                                    "Startup Cost": 0.0,
                                                    "Total Cost": 43899.59,
                                                    "Plan Rows": 439680,
                                                    "Plan Width": 21,
                                                    "Actual Startup Time": 0.01,
                                                    "Actual Total Time": 315.086,
                                                    "Actual Rows": 1749032,
                                                    "Actual Loops": 1,
                                                    "Filter": "(production_year > 1990)",
                                                    "Rows Removed by Filter": 779280
                                                  }
                                                ]
                                              }
                                            ]
                                          },
                                          {
                                            "Node Type": "Hash",
                                            "Parent Relationship": "Inner",
                                            "Parallel Aware": false,
                                            "Startup Cost": 2.41,
                                            "Total Cost": 2.41,
                                            "Plan Rows": 1,
                                            "Plan Width": 4,
                                            "Actual Startup Time": 0.019,
                                            "Actual Total Time": 0.02,
                                            "Actual Rows": 1,
                                            "Actual Loops": 1,
                                            "Hash Buckets": 1024,
                                            "Original Hash Buckets": 1024,
                                            "Hash Batches": 1,
                                            "Original Hash Batches": 1,
                                            "Peak Memory Usage": 9,
                                            "Plans": [
                                              {
                                                "Node Type": "Seq Scan",
                                                "Parent Relationship": "Outer",
                                                "Parallel Aware": false,
                                                "Relation Name": "info_type",
                                                "Alias": "it1",
                                                "Startup Cost": 0.0,
                                                "Total Cost": 2.41,
                                                "Plan Rows": 1,
                                                "Plan Width": 4,
                                                "Actual Startup Time": 0.012,
                                                "Actual Total Time": 0.017,
                                                "Actual Rows": 1,
                                                "Actual Loops": 1,
                                                "Filter": "((info)::text = 'release dates'::text)",
                                                "Rows Removed by Filter": 112
                                              }
                                            ]
                                          }
                                        ]
                                      },
                                      {
                                        "Node Type": "Index Only Scan",
                                        "Parent Relationship": "Inner",
                                        "Parallel Aware": false,
                                        "Scan Direction": "Forward",
                                        "Index Name": "keyword_pkey",
                                        "Relation Name": "keyword",
                                        "Alias": "k",
                                        "Startup Cost": 0.42,
                                        "Total Cost": 0.44,
                                        "Plan Rows": 1,
                                        "Plan Width": 4,
                                        "Actual Startup Time": 0.003,
                                        "Actual Total Time": 0.003,
                                        "Actual Rows": 1,
                                        "Actual Loops": 6320,
                                        "Index Cond": "(id = mk.keyword_id)",
                                        "Rows Removed by Index Recheck": 0,
                                        "Heap Fetches": 6320
                                      }
                                    ]
                                  }
                                ]
                              }
                            ]
                          }
                        ]
                      }
                    ]
                  }
                ]
              }
            ]
          }
        ]
      }
    ]
  },
  "Planning Time": 4.923,
  "Triggers": [],
  "Execution Time": 4961.346
}