[
  {
    "Plan": {
      "Node Type": "Aggregate",
      "Strategy": "Plain",
      "Partial Mode": "Finalize",
      "Parallel Aware": false,
      "Startup Cost": 297648.69,
      "Total Cost": 297648.7,
      "Plan Rows": 1,
      "Plan Width": 8,
      "Actual Startup Time": 1113.037,
      "Actual Total Time": 1141.512,
      "Actual Rows": 1,
      "Actual Loops": 1,
      "Plans": [
        {
          "Node Type": "Gather",
          "Parent Relationship": "Outer",
          "Parallel Aware": false,
          "Startup Cost": 297648.17,
          "Total Cost": 297648.68,
          "Plan Rows": 5,
          "Plan Width": 8,
          "Actual Startup Time": 1105.0,
          "Actual Total Time": 1141.504,
          "Actual Rows": 6,
          "Actual Loops": 1,
          "Workers Planned": 5,
          "Workers Launched": 5,
          "Single Copy": false,
          "Plans": [
            {
              "Node Type": "Aggregate",
              "Strategy": "Plain",
              "Partial Mode": "Partial",
              "Parent Relationship": "Outer",
              "Parallel Aware": false,
              "Startup Cost": 296648.17,
              "Total Cost": 296648.18,
              "Plan Rows": 1,
              "Plan Width": 8,
              "Actual Startup Time": 1097.828,
              "Actual Total Time": 1097.984,
              "Actual Rows": 1,
              "Actual Loops": 6,
              "Plans": [
                {
                  "Node Type": "Hash Join",
                  "Parent Relationship": "Outer",
                  "Parallel Aware": true,
                  "Join Type": "Inner",
                  "Startup Cost": 83858.54,
                  "Total Cost": 294453.15,
                  "Plan Rows": 878006,
                  "Plan Width": 0,
                  "Actual Startup Time": 295.814,
                  "Actual Total Time": 1043.291,
                  "Actual Rows": 1129510,
                  "Actual Loops": 6,
                  "Inner Unique": false,
                  "Hash Cond": "(mi.movie_id = t.id)",
                  "Plans": [
                    {
                      "Node Type": "Seq Scan",
                      "Parent Relationship": "Outer",
                      "Parallel Aware": true,
                      "Relation Name": "movie_info",
                      "Alias": "mi",
                      "Startup Cost": 0.0,
                      "Total Cost": 198880.74,
                      "Plan Rows": 2538363,
                      "Plan Width": 4,
                      "Actual Startup Time": 0.017,
                      "Actual Total Time": 343.52,
                      "Actual Rows": 2124109,
                      "Actual Loops": 6,
                      "Filter": "(info_type_id > 2)",
                      "Rows Removed by Filter": 348511
                    },
                    {
                      "Node Type": "Hash",
                      "Parent Relationship": "Inner",
                      "Parallel Aware": true,
                      "Startup Cost": 81125.63,
                      "Total Cost": 81125.63,
                      "Plan Rows": 218633,
                      "Plan Width": 8,
                      "Actual Startup Time": 293.151,
                      "Actual Total Time": 293.305,
                      "Actual Rows": 92940,
                      "Actual Loops": 6,
                      "Hash Buckets": 1048576,
                      "Original Hash Buckets": 1048576,
                      "Hash Batches": 1,
                      "Original Hash Batches": 1,
                      "Peak Memory Usage": 30112,
                      "Plans": [
                        {
                          "Node Type": "Hash Join",
                          "Parent Relationship": "Outer",
                          "Parallel Aware": true,
                          "Join Type": "Inner",
                          "Startup Cost": 34941.16,
                          "Total Cost": 81125.63,
                          "Plan Rows": 218633,
                          "Plan Width": 8,
                          "Actual Startup Time": 99.445,
                          "Actual Total Time": 257.94,
                          "Actual Rows": 92940,
                          "Actual Loops": 6,
                          "Inner Unique": false,
                          "Hash Cond": "(t.id = mc.movie_id)",
                          "Plans": [
                            {
                              "Node Type": "Seq Scan",
                              "Parent Relationship": "Outer",
                              "Parallel Aware": true,
                              "Relation Name": "title",
                              "Alias": "t",
                              "Startup Cost": 0.0,
                              "Total Cost": 42318.81,
                              "Plan Rows": 632080,
                              "Plan Width": 4,
                              "Actual Startup Time": 0.022,
                              "Actual Total Time": 56.23,
                              "Actual Rows": 421385,
                              "Actual Loops": 6
                            },
                            {
                              "Node Type": "Hash",
                              "Parent Relationship": "Inner",
                              "Parallel Aware": true,
                              "Startup Cost": 31414.82,
                              "Total Cost": 31414.82,
                              "Plan Rows": 282107,
                              "Plan Width": 4,
                              "Actual Startup Time": 98.437,
                              "Actual Total Time": 98.439,
                              "Actual Rows": 92940,
                              "Actual Loops": 6,
                              "Hash Buckets": 1048576,
                              "Original Hash Buckets": 1048576,
                              "Hash Batches": 1,
                              "Original Hash Batches": 1,
                              "Peak Memory Usage": 30112,
                              "Plans": [
                                {
                                  "Node Type": "Seq Scan",
                                  "Parent Relationship": "Outer",
                                  "Parallel Aware": true,
                                  "Relation Name": "movie_companies",
                                  "Alias": "mc",
                                  "Startup Cost": 0.0,
                                  "Total Cost": 31414.82,
                                  "Plan Rows": 282107,
                                  "Plan Width": 4,
                                  "Actual Startup Time": 37.229,
                                  "Actual Total Time": 64.337,
                                  "Actual Rows": 92940,
                                  "Actual Loops": 6,
                                  "Filter": "((company_id < 21641) AND (company_type_id > 1))",
                                  "Rows Removed by Filter": 341914
                                }
                              ]
                            }
                          ]
                        }
                      ]
                    }
                  ]
                }
              ]
            }
          ]
        }
      ]
    },
    "Planning Time": 0.45,
    "Triggers": [],
    "Execution Time": 1141.552
  }
]