[
    {
        "Bao": {
            "Bao prediction": "NaN",
            "Bao recommended hint": "(no hint)"
        }
    },
    {
        "Plan": {
            "Node Type": "Aggregate",
            "Strategy": "Plain",
            "Partial Mode": "Finalize",
            "Parallel Aware": false,
            "Startup Cost": 572849.87,
            "Total Cost": 572849.88,
            "Plan Rows": 1,
            "Plan Width": 8,
            "Actual Startup Time": 11313.274,
            "Actual Total Time": 11395.221,
            "Actual Rows": 1,
            "Actual Loops": 1,
            "Output": [
                "count(*)"
            ],
            "Plans": [
                {
                    "Node Type": "Gather",
                    "Parent Relationship": "Outer",
                    "Parallel Aware": false,
                    "Startup Cost": 572849.35,
                    "Total Cost": 572849.86,
                    "Plan Rows": 5,
                    "Plan Width": 8,
                    "Actual Startup Time": 11311.292,
                    "Actual Total Time": 11395.201,
                    "Actual Rows": 6,
                    "Actual Loops": 1,
                    "Output": [
                        "(PARTIAL count(*))"
                    ],
                    "Workers Planned": 5,
                    "Workers Launched": 5,
                    "Single Copy": false,
                    "Plans": [
                        {
                            "Node Type": "Aggregate",
                            "Strategy": "Plain",
                            "Partial Mode": "Partial",
                            "Parent Relationship": "Outer",
                            "Parallel Aware": false,
                            "Startup Cost": 571849.35,
                            "Total Cost": 571849.36,
                            "Plan Rows": 1,
                            "Plan Width": 8,
                            "Actual Startup Time": 11300.739,
                            "Actual Total Time": 11300.742,
                            "Actual Rows": 1,
                            "Actual Loops": 6,
                            "Output": [
                                "PARTIAL count(*)"
                            ],
                            "Workers": [
                                {
                                    "Worker Number": 0,
                                    "Actual Startup Time": 11297.291,
                                    "Actual Total Time": 11297.293,
                                    "Actual Rows": 1,
                                    "Actual Loops": 1
                                },
                                {
                                    "Worker Number": 1,
                                    "Actual Startup Time": 11298.514,
                                    "Actual Total Time": 11298.518,
                                    "Actual Rows": 1,
                                    "Actual Loops": 1
                                },
                                {
                                    "Worker Number": 2,
                                    "Actual Startup Time": 11298.841,
                                    "Actual Total Time": 11298.843,
                                    "Actual Rows": 1,
                                    "Actual Loops": 1
                                },
                                {
                                    "Worker Number": 3,
                                    "Actual Startup Time": 11299.278,
                                    "Actual Total Time": 11299.28,
                                    "Actual Rows": 1,
                                    "Actual Loops": 1
                                },
                                {
                                    "Worker Number": 4,
                                    "Actual Startup Time": 11299.537,
                                    "Actual Total Time": 11299.54,
                                    "Actual Rows": 1,
                                    "Actual Loops": 1
                                }
                            ],
                            "Plans": [
                                {
                                    "Node Type": "Nested Loop",
                                    "Parent Relationship": "Outer",
                                    "Parallel Aware": false,
                                    "Join Type": "Inner",
                                    "Startup Cost": 45953.89,
                                    "Total Cost": 565501.6,
                                    "Plan Rows": 2539101,
                                    "Plan Width": 0,
                                    "Actual Startup Time": 121.924,
                                    "Actual Total Time": 10749.212,
                                    "Actual Rows": 12661994,
                                    "Actual Loops": 6,
                                    "Inner Unique": false,
                                    "Join Filter": "(t.id = ci.movie_id)",
                                    "Rows Removed by Join Filter": 0,
                                    "Workers": [
                                        {
                                            "Worker Number": 0,
                                            "Actual Startup Time": 118.562,
                                            "Actual Total Time": 10742.641,
                                            "Actual Rows": 12793437,
                                            "Actual Loops": 1
                                        },
                                        {
                                            "Worker Number": 1,
                                            "Actual Startup Time": 119.785,
                                            "Actual Total Time": 10744.961,
                                            "Actual Rows": 12721738,
                                            "Actual Loops": 1
                                        },
                                        {
                                            "Worker Number": 2,
                                            "Actual Startup Time": 119.877,
                                            "Actual Total Time": 10744.777,
                                            "Actual Rows": 12839991,
                                            "Actual Loops": 1
                                        },
                                        {
                                            "Worker Number": 3,
                                            "Actual Startup Time": 120.483,
                                            "Actual Total Time": 10734.446,
                                            "Actual Rows": 12655533,
                                            "Actual Loops": 1
                                        },
                                        {
                                            "Worker Number": 4,
                                            "Actual Startup Time": 120.763,
                                            "Actual Total Time": 10788.93,
                                            "Actual Rows": 11391490,
                                            "Actual Loops": 1
                                        }
                                    ],
                                    "Plans": [
                                        {
                                            "Node Type": "Hash Join",
                                            "Parent Relationship": "Outer",
                                            "Parallel Aware": true,
                                            "Join Type": "Inner",
                                            "Startup Cost": 45953.32,
                                            "Total Cost": 245202.95,
                                            "Plan Rows": 177081,
                                            "Plan Width": 8,
                                            "Actual Startup Time": 121.788,
                                            "Actual Total Time": 1001.895,
                                            "Actual Rows": 566998,
                                            "Actual Loops": 6,
                                            "Output": [
                                                "t.id",
                                                "mi.movie_id"
                                            ],
                                            "Inner Unique": true,
                                            "Hash Cond": "(mi.movie_id = t.id)",
                                            "Workers": [
                                                {
                                                    "Worker Number": 0,
                                                    "Actual Startup Time": 118.378,
                                                    "Actual Total Time": 1004.291,
                                                    "Actual Rows": 572832,
                                                    "Actual Loops": 1
                                                },
                                                {
                                                    "Worker Number": 1,
                                                    "Actual Startup Time": 119.614,
                                                    "Actual Total Time": 1000.204,
                                                    "Actual Rows": 574386,
                                                    "Actual Loops": 1
                                                },
                                                {
                                                    "Worker Number": 2,
                                                    "Actual Startup Time": 119.738,
                                                    "Actual Total Time": 994.595,
                                                    "Actual Rows": 568737,
                                                    "Actual Loops": 1
                                                },
                                                {
                                                    "Worker Number": 3,
                                                    "Actual Startup Time": 120.349,
                                                    "Actual Total Time": 995.891,
                                                    "Actual Rows": 562784,
                                                    "Actual Loops": 1
                                                },
                                                {
                                                    "Worker Number": 4,
                                                    "Actual Startup Time": 120.606,
                                                    "Actual Total Time": 1011.259,
                                                    "Actual Rows": 505557,
                                                    "Actual Loops": 1
                                                }
                                            ],
                                            "Plans": [
                                                {
                                                    "Node Type": "Seq Scan",
                                                    "Parent Relationship": "Outer",
                                                    "Parallel Aware": true,
                                                    "Relation Name": "movie_info",
                                                    "Schema": "public",
                                                    "Alias": "mi",
                                                    "Startup Cost": 0.0,
                                                    "Total Cost": 191503.19,
                                                    "Plan Rows": 2951019,
                                                    "Plan Width": 4,
                                                    "Actual Startup Time": 0.031,
                                                    "Actual Total Time": 266.875,
                                                    "Actual Rows": 2472620,
                                                    "Actual Loops": 6,
                                                    "Output": [
                                                        "mi.id",
                                                        "mi.movie_id",
                                                        "mi.info_type_id",
                                                        "mi.info",
                                                        "mi.note"
                                                    ],
                                                    "Workers": [
                                                        {
                                                            "Worker Number": 0,
                                                            "Actual Startup Time": 0.044,
                                                            "Actual Total Time": 280.522,
                                                            "Actual Rows": 2502411,
                                                            "Actual Loops": 1
                                                        },
                                                        {
                                                            "Worker Number": 1,
                                                            "Actual Startup Time": 0.04,
                                                            "Actual Total Time": 278.858,
                                                            "Actual Rows": 2464847,
                                                            "Actual Loops": 1
                                                        },
                                                        {
                                                            "Worker Number": 2,
                                                            "Actual Startup Time": 0.032,
                                                            "Actual Total Time": 275.473,
                                                            "Actual Rows": 2457845,
                                                            "Actual Loops": 1
                                                        },
                                                        {
                                                            "Worker Number": 3,
                                                            "Actual Startup Time": 0.025,
                                                            "Actual Total Time": 279.099,
                                                            "Actual Rows": 2406008,
                                                            "Actual Loops": 1
                                                        },
                                                        {
                                                            "Worker Number": 4,
                                                            "Actual Startup Time": 0.035,
                                                            "Actual Total Time": 263.956,
                                                            "Actual Rows": 2128413,
                                                            "Actual Loops": 1
                                                        }
                                                    ]
                                                },
                                                {
                                                    "Node Type": "Hash",
                                                    "Parent Relationship": "Inner",
                                                    "Parallel Aware": true,
                                                    "Startup Cost": 45479.21,
                                                    "Total Cost": 45479.21,
                                                    "Plan Rows": 37929,
                                                    "Plan Width": 4,
                                                    "Actual Startup Time": 109.116,
                                                    "Actual Total Time": 109.116,
                                                    "Actual Rows": 47856,
                                                    "Actual Loops": 6,
                                                    "Output": [
                                                        "t.id"
                                                    ],
                                                    "Hash Buckets": 524288,
                                                    "Original Hash Buckets": 262144,
                                                    "Hash Batches": 1,
                                                    "Original Hash Batches": 1,
                                                    "Peak Memory Usage": 17504,
                                                    "Workers": [
                                                        {
                                                            "Worker Number": 0,
                                                            "Actual Startup Time": 105.833,
                                                            "Actual Total Time": 105.834,
                                                            "Actual Rows": 41127,
                                                            "Actual Loops": 1
                                                        },
                                                        {
                                                            "Worker Number": 1,
                                                            "Actual Startup Time": 107.165,
                                                            "Actual Total Time": 107.166,
                                                            "Actual Rows": 42044,
                                                            "Actual Loops": 1
                                                        },
                                                        {
                                                            "Worker Number": 2,
                                                            "Actual Startup Time": 107.314,
                                                            "Actual Total Time": 107.315,
                                                            "Actual Rows": 42111,
                                                            "Actual Loops": 1
                                                        },
                                                        {
                                                            "Worker Number": 3,
                                                            "Actual Startup Time": 107.887,
                                                            "Actual Total Time": 107.888,
                                                            "Actual Rows": 42268,
                                                            "Actual Loops": 1
                                                        },
                                                        {
                                                            "Worker Number": 4,
                                                            "Actual Startup Time": 108.141,
                                                            "Actual Total Time": 108.142,
                                                            "Actual Rows": 37774,
                                                            "Actual Loops": 1
                                                        }
                                                    ],
                                                    "Plans": [
                                                        {
                                                            "Node Type": "Seq Scan",
                                                            "Parent Relationship": "Outer",
                                                            "Parallel Aware": true,
                                                            "Relation Name": "title",
                                                            "Schema": "public",
                                                            "Alias": "t",
                                                            "Startup Cost": 0.0,
                                                            "Total Cost": 45479.21,
                                                            "Plan Rows": 37929,
                                                            "Plan Width": 4,
                                                            "Actual Startup Time": 45.459,
                                                            "Actual Total Time": 82.247,
                                                            "Actual Rows": 47856,
                                                            "Actual Loops": 6,
                                                            "Output": [
                                                                "t.id"
                                                            ],
                                                            "Filter": "((t.production_year < 1984) AND (t.kind_id = 1))",
                                                            "Rows Removed by Filter": 373530,
                                                            "Workers": [
                                                                {
                                                                    "Worker Number": 0,
                                                                    "Actual Startup Time": 42.454,
                                                                    "Actual Total Time": 79.89,
                                                                    "Actual Rows": 41127,
                                                                    "Actual Loops": 1
                                                                },
                                                                {
                                                                    "Worker Number": 1,
                                                                    "Actual Startup Time": 43.467,
                                                                    "Actual Total Time": 81.288,
                                                                    "Actual Rows": 42044,
                                                                    "Actual Loops": 1
                                                                },
                                                                {
                                                                    "Worker Number": 2,
                                                                    "Actual Startup Time": 43.541,
                                                                    "Actual Total Time": 81.21,
                                                                    "Actual Rows": 42111,
                                                                    "Actual Loops": 1
                                                                },
                                                                {
                                                                    "Worker Number": 3,
                                                                    "Actual Startup Time": 44.179,
                                                                    "Actual Total Time": 81.68,
                                                                    "Actual Rows": 42268,
                                                                    "Actual Loops": 1
                                                                },
                                                                {
                                                                    "Worker Number": 4,
                                                                    "Actual Startup Time": 44.502,
                                                                    "Actual Total Time": 80.916,
                                                                    "Actual Rows": 37774,
                                                                    "Actual Loops": 1
                                                                }
                                                            ]
                                                        }
                                                    ]
                                                }
                                            ]
                                        },
                                        {
                                            "Node Type": "Index Only Scan",
                                            "Parent Relationship": "Inner",
                                            "Parallel Aware": false,
                                            "Scan Direction": "Forward",
                                            "Index Name": "movie_id_cast_info",
                                            "Relation Name": "cast_info",
                                            "Schema": "public",
                                            "Alias": "ci",
                                            "Startup Cost": 0.56,
                                            "Total Cost": 1.33,
                                            "Plan Rows": 38,
                                            "Plan Width": 4,
                                            "Actual Startup Time": 0.003,
                                            "Actual Total Time": 0.015,
                                            "Actual Rows": 22,
                                            "Actual Loops": 3401988,
                                            "Output": [
                                                "ci.movie_id"
                                            ],
                                            "Index Cond": "(ci.movie_id = mi.movie_id)",
                                            "Rows Removed by Index Recheck": 0,
                                            "Heap Fetches": 75971966,
                                            "Workers": [
                                                {
                                                    "Worker Number": 0,
                                                    "Actual Startup Time": 0.003,
                                                    "Actual Total Time": 0.015,
                                                    "Actual Rows": 22,
                                                    "Actual Loops": 572832
                                                },
                                                {
                                                    "Worker Number": 1,
                                                    "Actual Startup Time": 0.003,
                                                    "Actual Total Time": 0.015,
                                                    "Actual Rows": 22,
                                                    "Actual Loops": 574386
                                                },
                                                {
                                                    "Worker Number": 2,
                                                    "Actual Startup Time": 0.003,
                                                    "Actual Total Time": 0.015,
                                                    "Actual Rows": 23,
                                                    "Actual Loops": 568737
                                                },
                                                {
                                                    "Worker Number": 3,
                                                    "Actual Startup Time": 0.003,
                                                    "Actual Total Time": 0.015,
                                                    "Actual Rows": 22,
                                                    "Actual Loops": 562784
                                                },
                                                {
                                                    "Worker Number": 4,
                                                    "Actual Startup Time": 0.004,
                                                    "Actual Total Time": 0.017,
                                                    "Actual Rows": 23,
                                                    "Actual Loops": 505557
                                                }
                                            ]
                                        }
                                    ]
                                }
                            ]
                        }
                    ]
                }
            ]
        },
        "Planning Time": 180.095,
        "Triggers": [],
        "Execution Time": 11395.31
    }
]