[
  {
    "Plan": {
      "Node Type": "Aggregate",
      "Strategy": "Plain",
      "Partial Mode": "Finalize",
      "Parallel Aware": false,
      "Startup Cost": 333726.18,
      "Total Cost": 333726.19,
      "Plan Rows": 1,
      "Plan Width": 8,
      "Actual Startup Time": 625.261,
      "Actual Total Time": 685.257,
      "Actual Rows": 1,
      "Actual Loops": 1,
      "Plans": [
        {
          "Node Type": "Gather",
          "Parent Relationship": "Outer",
          "Parallel Aware": false,
          "Startup Cost": 333725.56,
          "Total Cost": 333726.17,
          "Plan Rows": 6,
          "Plan Width": 8,
          "Actual Startup Time": 625.115,
          "Actual Total Time": 685.248,
          "Actual Rows": 7,
          "Actual Loops": 1,
          "Workers Planned": 6,
          "Workers Launched": 6,
          "Single Copy": false,
          "Plans": [
            {
              "Node Type": "Aggregate",
              "Strategy": "Plain",
              "Partial Mode": "Partial",
              "Parent Relationship": "Outer",
              "Parallel Aware": false,
              "Startup Cost": 332725.56,
              "Total Cost": 332725.57,
              "Plan Rows": 1,
              "Plan Width": 8,
              "Actual Startup Time": 615.565,
              "Actual Total Time": 615.566,
              "Actual Rows": 1,
              "Actual Loops": 7,
              "Plans": [
                {
                  "Node Type": "Seq Scan",
                  "Parent Relationship": "Outer",
                  "Parallel Aware": true,
                  "Relation Name": "cast_info",
                  "Alias": "ci",
                  "Startup Cost": 0.0,
                  "Total Cost": 328162.03,
                  "Plan Rows": 1825413,
                  "Plan Width": 0,
                  "Actual Startup Time": 0.053,
                  "Actual Total Time": 546.73,
                  "Actual Rows": 1565544,
                  "Actual Loops": 7,
                  "Filter": "(person_id < 1076890)",
                  "Rows Removed by Filter": 3612219
                }
              ]
            }
          ]
        }
      ]
    },
    "Planning Time": 0.176,
    "Triggers": [],
    "Execution Time": 685.327
  }
]