{
  "Plan": {
    "Node Type": "Aggregate",
    "Strategy": "Plain",
    "Partial Mode": "Finalize",
    "Parallel Aware": false,
    "Startup Cost": 347533.11,
    "Total Cost": 347533.12,
    "Plan Rows": 1,
    "Plan Width": 8,
    "Actual Startup Time": 1710.348,
    "Actual Total Time": 1731.148,
    "Actual Rows": 1,
    "Actual Loops": 1,
    "Plans": [
      {
        "Node Type": "Gather",
        "Parent Relationship": "Outer",
        "Parallel Aware": false,
        "Startup Cost": 347533.0,
        "Total Cost": 347533.11,
        "Plan Rows": 1,
        "Plan Width": 8,
        "Actual Startup Time": 1708.087,
        "Actual Total Time": 1731.141,
        "Actual Rows": 2,
        "Actual Loops": 1,
        "Workers Planned": 1,
        "Workers Launched": 1,
        "Single Copy": false,
        "Plans": [
          {
            "Node Type": "Aggregate",
            "Strategy": "Plain",
            "Partial Mode": "Partial",
            "Parent Relationship": "Outer",
            "Parallel Aware": false,
            "Startup Cost": 346533.0,
            "Total Cost": 346533.01,
            "Plan Rows": 1,
            "Plan Width": 8,
            "Actual Startup Time": 1701.105,
            "Actual Total Time": 1701.111,
            "Actual Rows": 1,
            "Actual Loops": 2,
            "Plans": [
              {
                "Node Type": "Hash Join",
                "Parent Relationship": "Outer",
                "Parallel Aware": true,
                "Join Type": "Inner",
                "Startup Cost": 155013.15,
                "Total Cost": 345440.12,
                "Plan Rows": 437150,
                "Plan Width": 0,
                "Actual Startup Time": 796.011,
                "Actual Total Time": 1672.352,
                "Actual Rows": 711522,
                "Actual Loops": 2,
                "Inner Unique": false,
                "Hash Cond": "(t.id = mc.movie_id)",
                "Plans": [
                  {
                    "Node Type": "Hash Join",
                    "Parent Relationship": "Outer",
                    "Parallel Aware": true,
                    "Join Type": "Inner",
                    "Startup Cost": 106722.12,
                    "Total Cost": 287015.49,
                    "Plan Rows": 1209942,
                    "Plan Width": 8,
                    "Actual Startup Time": 575.437,
                    "Actual Total Time": 1128.041,
                    "Actual Rows": 1045534,
                    "Actual Loops": 2,
                    "Inner Unique": true,
                    "Hash Cond": "(mi.movie_id = t.id)",
                    "Plans": [
                      {
                        "Node Type": "Bitmap Heap Scan",
                        "Parent Relationship": "Outer",
                        "Parallel Aware": true,
                        "Relation Name": "movie_info",
                        "Alias": "mi",
                        "Startup Cost": 37261.42,
                        "Total Cost": 214378.69,
                        "Plan Rows": 1209942,
                        "Plan Width": 4,
                        "Actual Startup Time": 59.571,
                        "Actual Total Time": 147.053,
                        "Actual Rows": 1045534,
                        "Actual Loops": 2,
                        "Recheck Cond": "(info_type_id < 3)",
                        "Rows Removed by Index Recheck": 0,
                        "Exact Heap Blocks": 6783,
                        "Lossy Heap Blocks": 0,
                        "Plans": [
                          {
                            "Node Type": "Bitmap Index Scan",
                            "Parent Relationship": "Outer",
                            "Parallel Aware": false,
                            "Index Name": "info_type_id_movie_info",
                            "Startup Cost": 0.0,
                            "Total Cost": 36747.19,
                            "Plan Rows": 2056901,
                            "Plan Width": 0,
                            "Actual Startup Time": 57.623,
                            "Actual Total Time": 57.624,
                            "Actual Rows": 2091068,
                            "Actual Loops": 1,
                            "Index Cond": "(info_type_id < 3)"
                          }
                        ]
                      },
                      {
                        "Node Type": "Hash",
                        "Parent Relationship": "Inner",
                        "Parallel Aware": true,
                        "Startup Cost": 50870.31,
                        "Total Cost": 50870.31,
                        "Plan Rows": 1487231,
                        "Plan Width": 4,
                        "Actual Startup Time": 504.468,
                        "Actual Total Time": 504.469,
                        "Actual Rows": 1264156,
                        "Actual Loops": 2,
                        "Hash Buckets": 4194304,
                        "Original Hash Buckets": 4194304,
                        "Hash Batches": 1,
                        "Original Hash Batches": 1,
                        "Peak Memory Usage": 131712,
                        "Plans": [
                          {
                            "Node Type": "Seq Scan",
                            "Parent Relationship": "Outer",
                            "Parallel Aware": true,
                            "Relation Name": "title",
                            "Alias": "t",
                            "Startup Cost": 0.0,
                            "Total Cost": 50870.31,
                            "Plan Rows": 1487231,
                            "Plan Width": 4,
                            "Actual Startup Time": 0.019,
                            "Actual Total Time": 141.735,
                            "Actual Rows": 1264156,
                            "Actual Loops": 2
                          }
                        ]
                      }
                    ]
                  },
                  {
                    "Node Type": "Hash",
                    "Parent Relationship": "Inner",
                    "Parallel Aware": true,
                    "Startup Cost": 41574.35,
                    "Total Cost": 41574.35,
                    "Plan Rows": 537334,
                    "Plan Width": 4,
                    "Actual Startup Time": 202.291,
                    "Actual Total Time": 202.292,
                    "Actual Rows": 374186,
                    "Actual Loops": 2,
                    "Hash Buckets": 1048576,
                    "Original Hash Buckets": 1048576,
                    "Hash Batches": 1,
                    "Original Hash Batches": 1,
                    "Peak Memory Usage": 37504,
                    "Plans": [
                      {
                        "Node Type": "Index Scan",
                        "Parent Relationship": "Outer",
                        "Parallel Aware": true,
                        "Scan Direction": "Forward",
                        "Index Name": "company_type_id_movie_companies",
                        "Relation Name": "movie_companies",
                        "Alias": "mc",
                        "Startup Cost": 0.43,
                        "Total Cost": 41574.35,
                        "Plan Rows": 537334,
                        "Plan Width": 4,
                        "Actual Startup Time": 3.321,
                        "Actual Total Time": 123.218,
                        "Actual Rows": 374186,
                        "Actual Loops": 2,
                        "Index Cond": "(company_type_id < 2)",
                        "Rows Removed by Index Recheck": 0,
                        "Filter": "(company_id > 1451)",
                        "Rows Removed by Filter": 262938
                      }
                    ]
                  }
                ]
              }
            ]
          }
        ]
      }
    ]
  },
  "Planning Time": 0.801,
  "Triggers": [],
  "Execution Time": 1731.249
}