[
  {
    "Plan": {
      "Node Type": "Aggregate",
      "Strategy": "Plain",
      "Partial Mode": "Finalize",
      "Parallel Aware": false,
      "Startup Cost": 83572.6,
      "Total Cost": 83572.61,
      "Plan Rows": 1,
      "Plan Width": 8,
      "Actual Startup Time": 192.357,
      "Actual Total Time": 212.002,
      "Actual Rows": 1,
      "Actual Loops": 1,
      "Plans": [
        {
          "Node Type": "Gather",
          "Parent Relationship": "Outer",
          "Parallel Aware": false,
          "Startup Cost": 83572.18,
          "Total Cost": 83572.59,
          "Plan Rows": 4,
          "Plan Width": 8,
          "Actual Startup Time": 188.264,
          "Actual Total Time": 211.993,
          "Actual Rows": 5,
          "Actual Loops": 1,
          "Workers Planned": 4,
          "Workers Launched": 4,
          "Single Copy": false,
          "Plans": [
            {
              "Node Type": "Aggregate",
              "Strategy": "Plain",
              "Partial Mode": "Partial",
              "Parent Relationship": "Outer",
              "Parallel Aware": false,
              "Startup Cost": 82572.18,
              "Total Cost": 82572.19,
              "Plan Rows": 1,
              "Plan Width": 8,
              "Actual Startup Time": 180.432,
              "Actual Total Time": 180.433,
              "Actual Rows": 1,
              "Actual Loops": 5,
              "Plans": [
                {
                  "Node Type": "Nested Loop",
                  "Parent Relationship": "Outer",
                  "Parallel Aware": false,
                  "Join Type": "Inner",
                  "Startup Cost": 0.87,
                  "Total Cost": 82505.19,
                  "Plan Rows": 26793,
                  "Plan Width": 0,
                  "Actual Startup Time": 2.031,
                  "Actual Total Time": 172.899,
                  "Actual Rows": 171063,
                  "Actual Loops": 5,
                  "Inner Unique": false,
                  "Join Filter": "(t.id = mi.movie_id)",
                  "Rows Removed by Join Filter": 0,
                  "Plans": [
                    {
                      "Node Type": "Nested Loop",
                      "Parent Relationship": "Outer",
                      "Parallel Aware": false,
                      "Join Type": "Inner",
                      "Startup Cost": 0.43,
                      "Total Cost": 73574.67,
                      "Plan Rows": 4563,
                      "Plan Width": 8,
                      "Actual Startup Time": 1.815,
                      "Actual Total Time": 94.154,
                      "Actual Rows": 3835,
                      "Actual Loops": 5,
                      "Inner Unique": false,
                      "Plans": [
                        {
                          "Node Type": "Seq Scan",
                          "Parent Relationship": "Outer",
                          "Parallel Aware": true,
                          "Relation Name": "title",
                          "Alias": "t",
                          "Startup Cost": 0.0,
                          "Total Cost": 43899.32,
                          "Plan Rows": 3898,
                          "Plan Width": 4,
                          "Actual Startup Time": 0.135,
                          "Actual Total Time": 71.276,
                          "Actual Rows": 3000,
                          "Actual Loops": 5,
                          "Filter": "(production_year = 1970)",
                          "Rows Removed by Filter": 502662
                        },
                        {
                          "Node Type": "Index Scan",
                          "Parent Relationship": "Inner",
                          "Parallel Aware": false,
                          "Scan Direction": "Forward",
                          "Index Name": "movie_id_movie_keyword",
                          "Relation Name": "movie_keyword",
                          "Alias": "mk",
                          "Startup Cost": 0.43,
                          "Total Cost": 7.31,
                          "Plan Rows": 30,
                          "Plan Width": 4,
                          "Actual Startup Time": 0.007,
                          "Actual Total Time": 0.007,
                          "Actual Rows": 1,
                          "Actual Loops": 15000,
                          "Index Cond": "(movie_id = t.id)",
                          "Rows Removed by Index Recheck": 0,
                          "Filter": "(keyword_id > 2330)",
                          "Rows Removed by Filter": 1
                        }
                      ]
                    },
                    {
                      "Node Type": "Index Only Scan",
                      "Parent Relationship": "Inner",
                      "Parallel Aware": false,
                      "Scan Direction": "Forward",
                      "Index Name": "movie_id_movie_info",
                      "Relation Name": "movie_info",
                      "Alias": "mi",
                      "Startup Cost": 0.43,
                      "Total Cost": 1.44,
                      "Plan Rows": 41,
                      "Plan Width": 4,
                      "Actual Startup Time": 0.004,
                      "Actual Total Time": 0.016,
                      "Actual Rows": 45,
                      "Actual Loops": 19173,
                      "Index Cond": "(movie_id = mk.movie_id)",
                      "Rows Removed by Index Recheck": 0,
                      "Heap Fetches": 855315
                    }
                  ]
                }
              ]
            }
          ]
        }
      ]
    },
    "Planning Time": 0.383,
    "Triggers": [],
    "Execution Time": 212.039
  }
]