[
  {
    "Plan": {
      "Node Type": "Aggregate",
      "Strategy": "Plain",
      "Partial Mode": "Finalize",
      "Parallel Aware": false,
      "Startup Cost": 350966.16,
      "Total Cost": 350966.17,
      "Plan Rows": 1,
      "Plan Width": 8,
      "Actual Startup Time": 443.37,
      "Actual Total Time": 459.87,
      "Actual Rows": 1,
      "Actual Loops": 1,
      "Plans": [
        {
          "Node Type": "Gather",
          "Parent Relationship": "Outer",
          "Parallel Aware": false,
          "Startup Cost": 350965.53,
          "Total Cost": 350966.14,
          "Plan Rows": 6,
          "Plan Width": 8,
          "Actual Startup Time": 432.487,
          "Actual Total Time": 459.849,
          "Actual Rows": 7,
          "Actual Loops": 1,
          "Workers Planned": 6,
          "Workers Launched": 6,
          "Single Copy": false,
          "Plans": [
            {
              "Node Type": "Aggregate",
              "Strategy": "Plain",
              "Partial Mode": "Partial",
              "Parent Relationship": "Outer",
              "Parallel Aware": false,
              "Startup Cost": 349965.53,
              "Total Cost": 349965.54,
              "Plan Rows": 1,
              "Plan Width": 8,
              "Actual Startup Time": 416.789,
              "Actual Total Time": 416.793,
              "Actual Rows": 1,
              "Actual Loops": 7,
              "Plans": [
                {
                  "Node Type": "Hash Join",
                  "Parent Relationship": "Outer",
                  "Parallel Aware": true,
                  "Join Type": "Inner",
                  "Startup Cost": 92006.52,
                  "Total Cost": 349615.03,
                  "Plan Rows": 140200,
                  "Plan Width": 0,
                  "Actual Startup Time": 249.572,
                  "Actual Total Time": 411.542,
                  "Actual Rows": 94792,
                  "Actual Loops": 7,
                  "Inner Unique": true,
                  "Hash Cond": "(ci.movie_id = t.id)",
                  "Plans": [
                    {
                      "Node Type": "Bitmap Heap Scan",
                      "Parent Relationship": "Outer",
                      "Parallel Aware": true,
                      "Relation Name": "cast_info",
                      "Alias": "ci",
                      "Startup Cost": 43123.17,
                      "Total Cost": 299877.54,
                      "Plan Rows": 325389,
                      "Plan Width": 4,
                      "Actual Startup Time": 85.817,
                      "Actual Total Time": 154.061,
                      "Actual Rows": 269146,
                      "Actual Loops": 7,
                      "Recheck Cond": "(person_id > 3690859)",
                      "Rows Removed by Index Recheck": 0,
                      "Exact Heap Blocks": 4732,
                      "Lossy Heap Blocks": 0,
                      "Plans": [
                        {
                          "Node Type": "Bitmap Index Scan",
                          "Parent Relationship": "Outer",
                          "Parallel Aware": false,
                          "Index Name": "person_id_cast_info",
                          "Startup Cost": 0.0,
                          "Total Cost": 42635.08,
                          "Plan Rows": 1952336,
                          "Plan Width": 0,
                          "Actual Startup Time": 81.098,
                          "Actual Total Time": 81.099,
                          "Actual Rows": 1884019,
                          "Actual Loops": 1,
                          "Index Cond": "(person_id > 3690859)"
                        }
                      ]
                    },
                    {
                      "Node Type": "Hash",
                      "Parent Relationship": "Inner",
                      "Parallel Aware": true,
                      "Startup Cost": 45479.1,
                      "Total Cost": 45479.1,
                      "Plan Rows": 272340,
                      "Plan Width": 4,
                      "Actual Startup Time": 158.982,
                      "Actual Total Time": 158.982,
                      "Actual Rows": 149175,
                      "Actual Loops": 7,
                      "Hash Buckets": 2097152,
                      "Original Hash Buckets": 2097152,
                      "Hash Batches": 1,
                      "Original Hash Batches": 1,
                      "Peak Memory Usage": 57312,
                      "Plans": [
                        {
                          "Node Type": "Seq Scan",
                          "Parent Relationship": "Outer",
                          "Parallel Aware": true,
                          "Relation Name": "title",
                          "Alias": "t",
                          "Startup Cost": 0.0,
                          "Total Cost": 45479.1,
                          "Plan Rows": 272340,
                          "Plan Width": 4,
                          "Actual Startup Time": 0.043,
                          "Actual Total Time": 79.802,
                          "Actual Rows": 149175,
                          "Actual Loops": 7,
                          "Filter": "((production_year < 2009) AND (kind_id = 7))",
                          "Rows Removed by Filter": 212013
                        }
                      ]
                    }
                  ]
                }
              ]
            }
          ]
        }
      ]
    },
    "Planning Time": 0.673,
    "Triggers": [],
    "Execution Time": 459.968
  }
]