[
  {
    "Plan": {
      "Node Type": "Aggregate",
      "Strategy": "Plain",
      "Partial Mode": "Finalize",
      "Parallel Aware": false,
      "Startup Cost": 190431.16,
      "Total Cost": 190431.17,
      "Plan Rows": 1,
      "Plan Width": 8,
      "Actual Startup Time": 129.203,
      "Actual Total Time": 146.723,
      "Actual Rows": 1,
      "Actual Loops": 1,
      "Plans": [
        {
          "Node Type": "Gather",
          "Parent Relationship": "Outer",
          "Parallel Aware": false,
          "Startup Cost": 190430.74,
          "Total Cost": 190431.15,
          "Plan Rows": 4,
          "Plan Width": 8,
          "Actual Startup Time": 128.901,
          "Actual Total Time": 146.711,
          "Actual Rows": 5,
          "Actual Loops": 1,
          "Workers Planned": 4,
          "Workers Launched": 4,
          "Single Copy": false,
          "Plans": [
            {
              "Node Type": "Aggregate",
              "Strategy": "Plain",
              "Partial Mode": "Partial",
              "Parent Relationship": "Outer",
              "Parallel Aware": false,
              "Startup Cost": 189430.74,
              "Total Cost": 189430.75,
              "Plan Rows": 1,
              "Plan Width": 8,
              "Actual Startup Time": 117.656,
              "Actual Total Time": 117.658,
              "Actual Rows": 1,
              "Actual Loops": 5,
              "Plans": [
                {
                  "Node Type": "Nested Loop",
                  "Parent Relationship": "Outer",
                  "Parallel Aware": false,
                  "Join Type": "Inner",
                  "Startup Cost": 0.43,
                  "Total Cost": 189430.19,
                  "Plan Rows": 219,
                  "Plan Width": 0,
                  "Actual Startup Time": 61.881,
                  "Actual Total Time": 117.603,
                  "Actual Rows": 337,
                  "Actual Loops": 5,
                  "Inner Unique": false,
                  "Plans": [
                    {
                      "Node Type": "Seq Scan",
                      "Parent Relationship": "Outer",
                      "Parallel Aware": true,
                      "Relation Name": "title",
                      "Alias": "t",
                      "Startup Cost": 0.0,
                      "Total Cost": 43899.32,
                      "Plan Rows": 1496,
                      "Plan Width": 4,
                      "Actual Startup Time": 61.561,
                      "Actual Total Time": 84.289,
                      "Actual Rows": 1189,
                      "Actual Loops": 5,
                      "Filter": "(production_year = 1911)",
                      "Rows Removed by Filter": 504473
                    },
                    {
                      "Node Type": "Index Scan",
                      "Parent Relationship": "Inner",
                      "Parallel Aware": false,
                      "Scan Direction": "Forward",
                      "Index Name": "movie_id_movie_info",
                      "Relation Name": "movie_info",
                      "Alias": "mi",
                      "Startup Cost": 0.43,
                      "Total Cost": 97.27,
                      "Plan Rows": 1,
                      "Plan Width": 4,
                      "Actual Startup Time": 0.025,
                      "Actual Total Time": 0.028,
                      "Actual Rows": 0,
                      "Actual Loops": 5945,
                      "Index Cond": "(movie_id = t.id)",
                      "Rows Removed by Index Recheck": 0,
                      "Filter": "(info_type_id = 17)",
                      "Rows Removed by Filter": 11
                    }
                  ]
                }
              ]
            }
          ]
        }
      ]
    },
    "Planning Time": 0.604,
    "Triggers": [],
    "Execution Time": 146.791
  }
]