[
  {
    "Plan": {
      "Node Type": "Aggregate",
      "Strategy": "Plain",
      "Partial Mode": "Finalize",
      "Parallel Aware": false,
      "Startup Cost": 44463.59,
      "Total Cost": 44463.6,
      "Plan Rows": 1,
      "Plan Width": 8,
      "Actual Startup Time": 131.832,
      "Actual Total Time": 142.039,
      "Actual Rows": 1,
      "Actual Loops": 1,
      "Plans": [
        {
          "Node Type": "Gather",
          "Parent Relationship": "Outer",
          "Parallel Aware": false,
          "Startup Cost": 44463.27,
          "Total Cost": 44463.58,
          "Plan Rows": 3,
          "Plan Width": 8,
          "Actual Startup Time": 131.692,
          "Actual Total Time": 142.027,
          "Actual Rows": 4,
          "Actual Loops": 1,
          "Workers Planned": 3,
          "Workers Launched": 3,
          "Single Copy": false,
          "Plans": [
            {
              "Node Type": "Aggregate",
              "Strategy": "Plain",
              "Partial Mode": "Partial",
              "Parent Relationship": "Outer",
              "Parallel Aware": false,
              "Startup Cost": 43463.27,
              "Total Cost": 43463.28,
              "Plan Rows": 1,
              "Plan Width": 8,
              "Actual Startup Time": 124.6,
              "Actual Total Time": 124.601,
              "Actual Rows": 1,
              "Actual Loops": 4,
              "Plans": [
                {
                  "Node Type": "Seq Scan",
                  "Parent Relationship": "Outer",
                  "Parallel Aware": true,
                  "Relation Name": "movie_keyword",
                  "Alias": "mk",
                  "Startup Cost": 0.0,
                  "Total Cost": 42695.65,
                  "Plan Rows": 307048,
                  "Plan Width": 0,
                  "Actual Startup Time": 0.399,
                  "Actual Total Time": 111.75,
                  "Actual Rows": 239492,
                  "Actual Loops": 4,
                  "Filter": "(keyword_id < 896)",
                  "Rows Removed by Filter": 891490
                }
              ]
            }
          ]
        }
      ]
    },
    "Planning Time": 0.094,
    "Triggers": [],
    "Execution Time": 142.076
  }
]