[
    {
        "Bao": {
            "Bao prediction": 1274.079,
            "Bao recommended hint": "(no hint)"
        }
    },
    {
        "Plan": {
            "Node Type": "Aggregate",
            "Strategy": "Plain",
            "Partial Mode": "Finalize",
            "Parallel Aware": false,
            "Startup Cost": 282614.98,
            "Total Cost": 282614.99,
            "Plan Rows": 1,
            "Plan Width": 8,
            "Actual Startup Time": 1501.454,
            "Actual Total Time": 1531.781,
            "Actual Rows": 1,
            "Actual Loops": 1,
            "Output": [
                "count(*)"
            ],
            "Plans": [
                {
                    "Node Type": "Gather",
                    "Parent Relationship": "Outer",
                    "Parallel Aware": false,
                    "Startup Cost": 282614.45,
                    "Total Cost": 282614.96,
                    "Plan Rows": 5,
                    "Plan Width": 8,
                    "Actual Startup Time": 1474.049,
                    "Actual Total Time": 1531.772,
                    "Actual Rows": 6,
                    "Actual Loops": 1,
                    "Output": [
                        "(PARTIAL count(*))"
                    ],
                    "Workers Planned": 5,
                    "Workers Launched": 5,
                    "Single Copy": false,
                    "Plans": [
                        {
                            "Node Type": "Aggregate",
                            "Strategy": "Plain",
                            "Partial Mode": "Partial",
                            "Parent Relationship": "Outer",
                            "Parallel Aware": false,
                            "Startup Cost": 281614.45,
                            "Total Cost": 281614.46,
                            "Plan Rows": 1,
                            "Plan Width": 8,
                            "Actual Startup Time": 1457.307,
                            "Actual Total Time": 1457.313,
                            "Actual Rows": 1,
                            "Actual Loops": 6,
                            "Output": [
                                "PARTIAL count(*)"
                            ],
                            "Workers": [
                                {
                                    "Worker Number": 0,
                                    "Actual Startup Time": 1453.983,
                                    "Actual Total Time": 1453.988,
                                    "Actual Rows": 1,
                                    "Actual Loops": 1
                                },
                                {
                                    "Worker Number": 1,
                                    "Actual Startup Time": 1454.071,
                                    "Actual Total Time": 1454.075,
                                    "Actual Rows": 1,
                                    "Actual Loops": 1
                                },
                                {
                                    "Worker Number": 2,
                                    "Actual Startup Time": 1454.064,
                                    "Actual Total Time": 1454.07,
                                    "Actual Rows": 1,
                                    "Actual Loops": 1
                                },
                                {
                                    "Worker Number": 3,
                                    "Actual Startup Time": 1454.269,
                                    "Actual Total Time": 1454.275,
                                    "Actual Rows": 1,
                                    "Actual Loops": 1
                                },
                                {
                                    "Worker Number": 4,
                                    "Actual Startup Time": 1454.289,
                                    "Actual Total Time": 1454.293,
                                    "Actual Rows": 1,
                                    "Actual Loops": 1
                                }
                            ],
                            "Plans": [
                                {
                                    "Node Type": "Hash Join",
                                    "Parent Relationship": "Outer",
                                    "Parallel Aware": true,
                                    "Join Type": "Inner",
                                    "Startup Cost": 73744.05,
                                    "Total Cost": 279979.07,
                                    "Plan Rows": 654154,
                                    "Plan Width": 0,
                                    "Actual Startup Time": 551.491,
                                    "Actual Total Time": 1342.922,
                                    "Actual Rows": 1808063,
                                    "Actual Loops": 6,
                                    "Inner Unique": false,
                                    "Hash Cond": "(mi.movie_id = t.id)",
                                    "Workers": [
                                        {
                                            "Worker Number": 0,
                                            "Actual Startup Time": 548.543,
                                            "Actual Total Time": 1339.764,
                                            "Actual Rows": 1793510,
                                            "Actual Loops": 1
                                        },
                                        {
                                            "Worker Number": 1,
                                            "Actual Startup Time": 548.7,
                                            "Actual Total Time": 1339.842,
                                            "Actual Rows": 1799244,
                                            "Actual Loops": 1
                                        },
                                        {
                                            "Worker Number": 2,
                                            "Actual Startup Time": 548.617,
                                            "Actual Total Time": 1342.715,
                                            "Actual Rows": 1731733,
                                            "Actual Loops": 1
                                        },
                                        {
                                            "Worker Number": 3,
                                            "Actual Startup Time": 548.81,
                                            "Actual Total Time": 1340.316,
                                            "Actual Rows": 1790325,
                                            "Actual Loops": 1
                                        },
                                        {
                                            "Worker Number": 4,
                                            "Actual Startup Time": 548.847,
                                            "Actual Total Time": 1340.269,
                                            "Actual Rows": 1797963,
                                            "Actual Loops": 1
                                        }
                                    ],
                                    "Plans": [
                                        {
                                            "Node Type": "Seq Scan",
                                            "Parent Relationship": "Outer",
                                            "Parallel Aware": true,
                                            "Relation Name": "movie_info",
                                            "Schema": "public",
                                            "Alias": "mi",
                                            "Startup Cost": 0.0,
                                            "Total Cost": 198880.74,
                                            "Plan Rows": 1234303,
                                            "Plan Width": 4,
                                            "Actual Startup Time": 20.384,
                                            "Actual Total Time": 393.429,
                                            "Actual Rows": 1037249,
                                            "Actual Loops": 6,
                                            "Output": [
                                                "mi.id",
                                                "mi.movie_id",
                                                "mi.info_type_id",
                                                "mi.info",
                                                "mi.note"
                                            ],
                                            "Filter": "(mi.info_type_id > 8)",
                                            "Rows Removed by Filter": 1435371,
                                            "Workers": [
                                                {
                                                    "Worker Number": 0,
                                                    "Actual Startup Time": 20.392,
                                                    "Actual Total Time": 400.468,
                                                    "Actual Rows": 1023551,
                                                    "Actual Loops": 1
                                                },
                                                {
                                                    "Worker Number": 1,
                                                    "Actual Startup Time": 20.398,
                                                    "Actual Total Time": 400.622,
                                                    "Actual Rows": 1036538,
                                                    "Actual Loops": 1
                                                },
                                                {
                                                    "Worker Number": 2,
                                                    "Actual Startup Time": 20.333,
                                                    "Actual Total Time": 405.876,
                                                    "Actual Rows": 989521,
                                                    "Actual Loops": 1
                                                },
                                                {
                                                    "Worker Number": 3,
                                                    "Actual Startup Time": 20.388,
                                                    "Actual Total Time": 400.805,
                                                    "Actual Rows": 1034650,
                                                    "Actual Loops": 1
                                                },
                                                {
                                                    "Worker Number": 4,
                                                    "Actual Startup Time": 20.401,
                                                    "Actual Total Time": 401.054,
                                                    "Actual Rows": 1031636,
                                                    "Actual Loops": 1
                                                }
                                            ]
                                        },
                                        {
                                            "Node Type": "Hash",
                                            "Parent Relationship": "Inner",
                                            "Parallel Aware": true,
                                            "Startup Cost": 66765.12,
                                            "Total Cost": 66765.12,
                                            "Plan Rows": 558315,
                                            "Plan Width": 8,
                                            "Actual Startup Time": 525.207,
                                            "Actual Total Time": 525.211,
                                            "Actual Rows": 229976,
                                            "Actual Loops": 6,
                                            "Output": [
                                                "t.id",
                                                "mi_idx.movie_id"
                                            ],
                                            "Hash Buckets": 2097152,
                                            "Original Hash Buckets": 2097152,
                                            "Hash Batches": 1,
                                            "Original Hash Batches": 1,
                                            "Peak Memory Usage": 70432,
                                            "Workers": [
                                                {
                                                    "Worker Number": 0,
                                                    "Actual Startup Time": 527.418,
                                                    "Actual Total Time": 527.421,
                                                    "Actual Rows": 232857,
                                                    "Actual Loops": 1
                                                },
                                                {
                                                    "Worker Number": 1,
                                                    "Actual Startup Time": 527.53,
                                                    "Actual Total Time": 527.533,
                                                    "Actual Rows": 234490,
                                                    "Actual Loops": 1
                                                },
                                                {
                                                    "Worker Number": 2,
                                                    "Actual Startup Time": 527.377,
                                                    "Actual Total Time": 527.381,
                                                    "Actual Rows": 222977,
                                                    "Actual Loops": 1
                                                },
                                                {
                                                    "Worker Number": 3,
                                                    "Actual Startup Time": 527.68,
                                                    "Actual Total Time": 527.684,
                                                    "Actual Rows": 213705,
                                                    "Actual Loops": 1
                                                },
                                                {
                                                    "Worker Number": 4,
                                                    "Actual Startup Time": 527.67,
                                                    "Actual Total Time": 527.674,
                                                    "Actual Rows": 234616,
                                                    "Actual Loops": 1
                                                }
                                            ],
                                            "Plans": [
                                                {
                                                    "Node Type": "Hash Join",
                                                    "Parent Relationship": "Outer",
                                                    "Parallel Aware": true,
                                                    "Join Type": "Inner",
                                                    "Startup Cost": 51570.56,
                                                    "Total Cost": 66765.12,
                                                    "Plan Rows": 558315,
                                                    "Plan Width": 8,
                                                    "Actual Startup Time": 321.988,
                                                    "Actual Total Time": 436.747,
                                                    "Actual Rows": 229976,
                                                    "Actual Loops": 6,
                                                    "Output": [
                                                        "t.id",
                                                        "mi_idx.movie_id"
                                                    ],
                                                    "Inner Unique": true,
                                                    "Hash Cond": "(mi_idx.movie_id = t.id)",
                                                    "Workers": [
                                                        {
                                                            "Worker Number": 0,
                                                            "Actual Startup Time": 322.053,
                                                            "Actual Total Time": 436.604,
                                                            "Actual Rows": 232857,
                                                            "Actual Loops": 1
                                                        },
                                                        {
                                                            "Worker Number": 1,
                                                            "Actual Startup Time": 322.043,
                                                            "Actual Total Time": 436.688,
                                                            "Actual Rows": 234490,
                                                            "Actual Loops": 1
                                                        },
                                                        {
                                                            "Worker Number": 2,
                                                            "Actual Startup Time": 321.922,
                                                            "Actual Total Time": 438.049,
                                                            "Actual Rows": 222977,
                                                            "Actual Loops": 1
                                                        },
                                                        {
                                                            "Worker Number": 3,
                                                            "Actual Startup Time": 321.982,
                                                            "Actual Total Time": 436.463,
                                                            "Actual Rows": 213705,
                                                            "Actual Loops": 1
                                                        },
                                                        {
                                                            "Worker Number": 4,
                                                            "Actual Startup Time": 322.016,
                                                            "Actual Total Time": 436.799,
                                                            "Actual Rows": 234616,
                                                            "Actual Loops": 1
                                                        }
                                                    ],
                                                    "Plans": [
                                                        {
                                                            "Node Type": "Seq Scan",
                                                            "Parent Relationship": "Outer",
                                                            "Parallel Aware": true,
                                                            "Relation Name": "movie_info_idx",
                                                            "Schema": "public",
                                                            "Alias": "mi_idx",
                                                            "Startup Cost": 0.0,
                                                            "Total Cost": 13685.15,
                                                            "Plan Rows": 575015,
                                                            "Plan Width": 4,
                                                            "Actual Startup Time": 0.033,
                                                            "Actual Total Time": 29.632,
                                                            "Actual Rows": 230006,
                                                            "Actual Loops": 6,
                                                            "Output": [
                                                                "mi_idx.id",
                                                                "mi_idx.movie_id",
                                                                "mi_idx.info_type_id",
                                                                "mi_idx.info",
                                                                "mi_idx.note"
                                                            ],
                                                            "Workers": [
                                                                {
                                                                    "Worker Number": 0,
                                                                    "Actual Startup Time": 0.038,
                                                                    "Actual Total Time": 30.279,
                                                                    "Actual Rows": 232884,
                                                                    "Actual Loops": 1
                                                                },
                                                                {
                                                                    "Worker Number": 1,
                                                                    "Actual Startup Time": 0.038,
                                                                    "Actual Total Time": 30.157,
                                                                    "Actual Rows": 234550,
                                                                    "Actual Loops": 1
                                                                },
                                                                {
                                                                    "Worker Number": 2,
                                                                    "Actual Startup Time": 0.037,
                                                                    "Actual Total Time": 30.479,
                                                                    "Actual Rows": 223001,
                                                                    "Actual Loops": 1
                                                                },
                                                                {
                                                                    "Worker Number": 3,
                                                                    "Actual Startup Time": 0.032,
                                                                    "Actual Total Time": 30.703,
                                                                    "Actual Rows": 213741,
                                                                    "Actual Loops": 1
                                                                },
                                                                {
                                                                    "Worker Number": 4,
                                                                    "Actual Startup Time": 0.039,
                                                                    "Actual Total Time": 30.522,
                                                                    "Actual Rows": 234628,
                                                                    "Actual Loops": 1
                                                                }
                                                            ]
                                                        },
                                                        {
                                                            "Node Type": "Hash",
                                                            "Parent Relationship": "Inner",
                                                            "Parallel Aware": true,
                                                            "Startup Cost": 43899.01,
                                                            "Total Cost": 43899.01,
                                                            "Plan Rows": 613724,
                                                            "Plan Width": 4,
                                                            "Actual Startup Time": 316.304,
                                                            "Actual Total Time": 316.305,
                                                            "Actual Rows": 409370,
                                                            "Actual Loops": 6,
                                                            "Output": [
                                                                "t.id"
                                                            ],
                                                            "Hash Buckets": 4194304,
                                                            "Original Hash Buckets": 4194304,
                                                            "Hash Batches": 1,
                                                            "Original Hash Batches": 1,
                                                            "Peak Memory Usage": 128960,
                                                            "Workers": [
                                                                {
                                                                    "Worker Number": 0,
                                                                    "Actual Startup Time": 321.713,
                                                                    "Actual Total Time": 321.714,
                                                                    "Actual Rows": 397404,
                                                                    "Actual Loops": 1
                                                                },
                                                                {
                                                                    "Worker Number": 1,
                                                                    "Actual Startup Time": 321.702,
                                                                    "Actual Total Time": 321.703,
                                                                    "Actual Rows": 401224,
                                                                    "Actual Loops": 1
                                                                },
                                                                {
                                                                    "Worker Number": 2,
                                                                    "Actual Startup Time": 321.661,
                                                                    "Actual Total Time": 321.662,
                                                                    "Actual Rows": 380816,
                                                                    "Actual Loops": 1
                                                                },
                                                                {
                                                                    "Worker Number": 3,
                                                                    "Actual Startup Time": 321.673,
                                                                    "Actual Total Time": 321.675,
                                                                    "Actual Rows": 396834,
                                                                    "Actual Loops": 1
                                                                },
                                                                {
                                                                    "Worker Number": 4,
                                                                    "Actual Startup Time": 321.66,
                                                                    "Actual Total Time": 321.661,
                                                                    "Actual Rows": 399609,
                                                                    "Actual Loops": 1
                                                                }
                                                            ],
                                                            "Plans": [
                                                                {
                                                                    "Node Type": "Seq Scan",
                                                                    "Parent Relationship": "Outer",
                                                                    "Parallel Aware": true,
                                                                    "Relation Name": "title",
                                                                    "Schema": "public",
                                                                    "Alias": "t",
                                                                    "Startup Cost": 0.0,
                                                                    "Total Cost": 43899.01,
                                                                    "Plan Rows": 613724,
                                                                    "Plan Width": 4,
                                                                    "Actual Startup Time": 0.041,
                                                                    "Actual Total Time": 105.851,
                                                                    "Actual Rows": 409370,
                                                                    "Actual Loops": 6,
                                                                    "Output": [
                                                                        "t.id"
                                                                    ],
                                                                    "Filter": "(t.production_year > 0)",
                                                                    "Rows Removed by Filter": 12016,
                                                                    "Workers": [
                                                                        {
                                                                            "Worker Number": 0,
                                                                            "Actual Startup Time": 0.062,
                                                                            "Actual Total Time": 108.373,
                                                                            "Actual Rows": 397404,
                                                                            "Actual Loops": 1
                                                                        },
                                                                        {
                                                                            "Worker Number": 1,
                                                                            "Actual Startup Time": 0.047,
                                                                            "Actual Total Time": 108.538,
                                                                            "Actual Rows": 401224,
                                                                            "Actual Loops": 1
                                                                        },
                                                                        {
                                                                            "Worker Number": 2,
                                                                            "Actual Startup Time": 0.031,
                                                                            "Actual Total Time": 108.204,
                                                                            "Actual Rows": 380816,
                                                                            "Actual Loops": 1
                                                                        },
                                                                        {
                                                                            "Worker Number": 3,
                                                                            "Actual Startup Time": 0.047,
                                                                            "Actual Total Time": 108.353,
                                                                            "Actual Rows": 396834,
                                                                            "Actual Loops": 1
                                                                        },
                                                                        {
                                                                            "Worker Number": 4,
                                                                            "Actual Startup Time": 0.046,
                                                                            "Actual Total Time": 108.226,
                                                                            "Actual Rows": 399609,
                                                                            "Actual Loops": 1
                                                                        }
                                                                    ]
                                                                }
                                                            ]
                                                        }
                                                    ]
                                                }
                                            ]
                                        }
                                    ]
                                }
                            ]
                        }
                    ]
                }
            ]
        },
        "Planning Time": 693.288,
        "Triggers": [],
        "Execution Time": 1531.889
    }
]