{
  "Plan": {
    "Node Type": "Aggregate",
    "Strategy": "Plain",
    "Partial Mode": "Simple",
    "Parallel Aware": false,
    "Startup Cost": 3164.51,
    "Total Cost": 3164.52,
    "Plan Rows": 1,
    "Plan Width": 8,
    "Actual Startup Time": 2.874,
    "Actual Total Time": 2.876,
    "Actual Rows": 1,
    "Actual Loops": 1,
    "Plans": [
      {
        "Node Type": "Nested Loop",
        "Parent Relationship": "Outer",
        "Parallel Aware": false,
        "Join Type": "Inner",
        "Startup Cost": 7.35,
        "Total Cost": 3164.05,
        "Plan Rows": 186,
        "Plan Width": 0,
        "Actual Startup Time": 0.347,
        "Actual Total Time": 2.849,
        "Actual Rows": 188,
        "Actual Loops": 1,
        "Inner Unique": false,
        "Plans": [
          {
            "Node Type": "Nested Loop",
            "Parent Relationship": "Outer",
            "Parallel Aware": false,
            "Join Type": "Inner",
            "Startup Cost": 6.78,
            "Total Cost": 3006.58,
            "Plan Rows": 13,
            "Plan Width": 8,
            "Actual Startup Time": 0.329,
            "Actual Total Time": 2.238,
            "Actual Rows": 6,
            "Actual Loops": 1,
            "Inner Unique": true,
            "Plans": [
              {
                "Node Type": "Bitmap Heap Scan",
                "Parent Relationship": "Outer",
                "Parallel Aware": false,
                "Relation Name": "movie_keyword",
                "Alias": "mk",
                "Startup Cost": 6.35,
                "Total Cost": 922.98,
                "Plan Rows": 248,
                "Plan Width": 4,
                "Actual Startup Time": 0.129,
                "Actual Total Time": 0.502,
                "Actual Rows": 162,
                "Actual Loops": 1,
                "Recheck Cond": "(keyword_id = 34504)",
                "Rows Removed by Index Recheck": 0,
                "Exact Heap Blocks": 145,
                "Lossy Heap Blocks": 0,
                "Plans": [
                  {
                    "Node Type": "Bitmap Index Scan",
                    "Parent Relationship": "Outer",
                    "Parallel Aware": false,
                    "Index Name": "keyword_id_movie_keyword",
                    "Startup Cost": 0.0,
                    "Total Cost": 6.29,
                    "Plan Rows": 248,
                    "Plan Width": 0,
                    "Actual Startup Time": 0.098,
                    "Actual Total Time": 0.099,
                    "Actual Rows": 162,
                    "Actual Loops": 1,
                    "Index Cond": "(keyword_id = 34504)"
                  }
                ]
              },
              {
                "Node Type": "Index Scan",
                "Parent Relationship": "Inner",
                "Parallel Aware": false,
                "Scan Direction": "Forward",
                "Index Name": "title_pkey",
                "Relation Name": "title",
                "Alias": "t",
                "Startup Cost": 0.43,
                "Total Cost": 8.4,
                "Plan Rows": 1,
                "Plan Width": 4,
                "Actual Startup Time": 0.01,
                "Actual Total Time": 0.01,
                "Actual Rows": 0,
                "Actual Loops": 162,
                "Index Cond": "(id = mk.movie_id)",
                "Rows Removed by Index Recheck": 0,
                "Filter": "(production_year = 2009)",
                "Rows Removed by Filter": 1
              }
            ]
          },
          {
            "Node Type": "Index Only Scan",
            "Parent Relationship": "Inner",
            "Parallel Aware": false,
            "Scan Direction": "Forward",
            "Index Name": "movie_id_cast_info",
            "Relation Name": "cast_info",
            "Alias": "ci",
            "Startup Cost": 0.56,
            "Total Cost": 11.74,
            "Plan Rows": 37,
            "Plan Width": 4,
            "Actual Startup Time": 0.02,
            "Actual Total Time": 0.096,
            "Actual Rows": 31,
            "Actual Loops": 6,
            "Index Cond": "(movie_id = t.id)",
            "Rows Removed by Index Recheck": 0,
            "Heap Fetches": 188
          }
        ]
      }
    ]
  },
  "Planning Time": 0.541,
  "Triggers": [],
  "Execution Time": 2.933
}