[
  {
    "Plan": {
      "Node Type": "Aggregate",
      "Strategy": "Plain",
      "Partial Mode": "Finalize",
      "Parallel Aware": false,
      "Startup Cost": 241750.09,
      "Total Cost": 241750.1,
      "Plan Rows": 1,
      "Plan Width": 8,
      "Actual Startup Time": 722.731,
      "Actual Total Time": 738.185,
      "Actual Rows": 1,
      "Actual Loops": 1,
      "Plans": [
        {
          "Node Type": "Gather",
          "Parent Relationship": "Outer",
          "Parallel Aware": false,
          "Startup Cost": 241749.88,
          "Total Cost": 241750.09,
          "Plan Rows": 2,
          "Plan Width": 8,
          "Actual Startup Time": 718.215,
          "Actual Total Time": 738.174,
          "Actual Rows": 3,
          "Actual Loops": 1,
          "Workers Planned": 2,
          "Workers Launched": 2,
          "Single Copy": false,
          "Plans": [
            {
              "Node Type": "Aggregate",
              "Strategy": "Plain",
              "Partial Mode": "Partial",
              "Parent Relationship": "Outer",
              "Parallel Aware": false,
              "Startup Cost": 240749.88,
              "Total Cost": 240749.89,
              "Plan Rows": 1,
              "Plan Width": 8,
              "Actual Startup Time": 708.661,
              "Actual Total Time": 708.668,
              "Actual Rows": 1,
              "Actual Loops": 3,
              "Plans": [
                {
                  "Node Type": "Hash Join",
                  "Parent Relationship": "Outer",
                  "Parallel Aware": true,
                  "Join Type": "Inner",
                  "Startup Cost": 224587.97,
                  "Total Cost": 240571.85,
                  "Plan Rows": 71212,
                  "Plan Width": 0,
                  "Actual Startup Time": 623.314,
                  "Actual Total Time": 707.174,
                  "Actual Rows": 32717,
                  "Actual Loops": 3,
                  "Inner Unique": false,
                  "Hash Cond": "(mi_idx.movie_id = t.id)",
                  "Plans": [
                    {
                      "Node Type": "Seq Scan",
                      "Parent Relationship": "Outer",
                      "Parallel Aware": true,
                      "Relation Name": "movie_info_idx",
                      "Alias": "mi_idx",
                      "Startup Cost": 0.0,
                      "Total Cost": 13685.15,
                      "Plan Rows": 575015,
                      "Plan Width": 4,
                      "Actual Startup Time": 0.035,
                      "Actual Total Time": 37.706,
                      "Actual Rows": 460012,
                      "Actual Loops": 3
                    },
                    {
                      "Node Type": "Hash",
                      "Parent Relationship": "Inner",
                      "Parallel Aware": true,
                      "Startup Cost": 223805.19,
                      "Total Cost": 223805.19,
                      "Plan Rows": 62623,
                      "Plan Width": 8,
                      "Actual Startup Time": 618.162,
                      "Actual Total Time": 618.166,
                      "Actual Rows": 21448,
                      "Actual Loops": 3,
                      "Hash Buckets": 524288,
                      "Original Hash Buckets": 524288,
                      "Hash Batches": 1,
                      "Original Hash Batches": 1,
                      "Peak Memory Usage": 6688,
                      "Plans": [
                        {
                          "Node Type": "Hash Join",
                          "Parent Relationship": "Outer",
                          "Parallel Aware": true,
                          "Join Type": "Inner",
                          "Startup Cost": 60100.88,
                          "Total Cost": 223805.19,
                          "Plan Rows": 62623,
                          "Plan Width": 8,
                          "Actual Startup Time": 547.615,
                          "Actual Total Time": 610.095,
                          "Actual Rows": 21448,
                          "Actual Loops": 3,
                          "Inner Unique": true,
                          "Hash Cond": "(mi.movie_id = t.id)",
                          "Plans": [
                            {
                              "Node Type": "Bitmap Heap Scan",
                              "Parent Relationship": "Outer",
                              "Parallel Aware": true,
                              "Relation Name": "movie_info",
                              "Alias": "mi",
                              "Startup Cost": 10248.78,
                              "Total Cost": 173656.09,
                              "Plan Rows": 113144,
                              "Plan Width": 4,
                              "Actual Startup Time": 23.805,
                              "Actual Total Time": 53.441,
                              "Actual Rows": 181122,
                              "Actual Loops": 3,
                              "Recheck Cond": "(info_type_id > 98)",
                              "Rows Removed by Index Recheck": 0,
                              "Exact Heap Blocks": 2052,
                              "Lossy Heap Blocks": 0,
                              "Plans": [
                                {
                                  "Node Type": "Bitmap Index Scan",
                                  "Parent Relationship": "Outer",
                                  "Parallel Aware": false,
                                  "Index Name": "info_type_id_movie_info",
                                  "Startup Cost": 0.0,
                                  "Total Cost": 10107.35,
                                  "Plan Rows": 565722,
                                  "Plan Width": 0,
                                  "Actual Startup Time": 22.917,
                                  "Actual Total Time": 22.917,
                                  "Actual Rows": 543367,
                                  "Actual Loops": 1,
                                  "Index Cond": "(info_type_id > 98)"
                                }
                              ]
                            },
                            {
                              "Node Type": "Hash",
                              "Parent Relationship": "Inner",
                              "Parallel Aware": true,
                              "Startup Cost": 45479.1,
                              "Total Cost": 45479.1,
                              "Plan Rows": 349840,
                              "Plan Width": 4,
                              "Actual Startup Time": 494.58,
                              "Actual Total Time": 494.581,
                              "Actual Rows": 506197,
                              "Actual Loops": 3,
                              "Hash Buckets": 2097152,
                              "Original Hash Buckets": 2097152,
                              "Hash Batches": 1,
                              "Original Hash Batches": 1,
                              "Peak Memory Usage": 75872,
                              "Plans": [
                                {
                                  "Node Type": "Seq Scan",
                                  "Parent Relationship": "Outer",
                                  "Parallel Aware": true,
                                  "Relation Name": "title",
                                  "Alias": "t",
                                  "Startup Cost": 0.0,
                                  "Total Cost": 45479.1,
                                  "Plan Rows": 349840,
                                  "Plan Width": 4,
                                  "Actual Startup Time": 0.057,
                                  "Actual Total Time": 156.854,
                                  "Actual Rows": 506197,
                                  "Actual Loops": 3,
                                  "Filter": "((kind_id > 1) AND (production_year > 1983))",
                                  "Rows Removed by Filter": 336573
                                }
                              ]
                            }
                          ]
                        }
                      ]
                    }
                  ]
                }
              ]
            }
          ]
        }
      ]
    },
    "Planning Time": 1.608,
    "Triggers": [],
    "Execution Time": 738.297
  }
]