[
    {
        "Bao": {
            "Bao prediction": "NaN",
            "Bao recommended hint": "(no hint)"
        }
    },
    {
        "Plan": {
            "Node Type": "Aggregate",
            "Strategy": "Plain",
            "Partial Mode": "Finalize",
            "Parallel Aware": false,
            "Startup Cost": 411857.46,
            "Total Cost": 411857.47,
            "Plan Rows": 1,
            "Plan Width": 8,
            "Actual Startup Time": 2102.917,
            "Actual Total Time": 2162.293,
            "Actual Rows": 1,
            "Actual Loops": 1,
            "Output": [
                "count(*)"
            ],
            "Plans": [
                {
                    "Node Type": "Gather",
                    "Parent Relationship": "Outer",
                    "Parallel Aware": false,
                    "Startup Cost": 411856.84,
                    "Total Cost": 411857.45,
                    "Plan Rows": 6,
                    "Plan Width": 8,
                    "Actual Startup Time": 2088.101,
                    "Actual Total Time": 2162.284,
                    "Actual Rows": 7,
                    "Actual Loops": 1,
                    "Output": [
                        "(PARTIAL count(*))"
                    ],
                    "Workers Planned": 6,
                    "Workers Launched": 6,
                    "Single Copy": false,
                    "Plans": [
                        {
                            "Node Type": "Aggregate",
                            "Strategy": "Plain",
                            "Partial Mode": "Partial",
                            "Parent Relationship": "Outer",
                            "Parallel Aware": false,
                            "Startup Cost": 410856.84,
                            "Total Cost": 410856.85,
                            "Plan Rows": 1,
                            "Plan Width": 8,
                            "Actual Startup Time": 2075.984,
                            "Actual Total Time": 2075.989,
                            "Actual Rows": 1,
                            "Actual Loops": 7,
                            "Output": [
                                "PARTIAL count(*)"
                            ],
                            "Workers": [
                                {
                                    "Worker Number": 0,
                                    "Actual Startup Time": 2073.905,
                                    "Actual Total Time": 2073.91,
                                    "Actual Rows": 1,
                                    "Actual Loops": 1
                                },
                                {
                                    "Worker Number": 1,
                                    "Actual Startup Time": 2074.143,
                                    "Actual Total Time": 2074.148,
                                    "Actual Rows": 1,
                                    "Actual Loops": 1
                                },
                                {
                                    "Worker Number": 2,
                                    "Actual Startup Time": 2074.059,
                                    "Actual Total Time": 2074.064,
                                    "Actual Rows": 1,
                                    "Actual Loops": 1
                                },
                                {
                                    "Worker Number": 3,
                                    "Actual Startup Time": 2074.087,
                                    "Actual Total Time": 2074.093,
                                    "Actual Rows": 1,
                                    "Actual Loops": 1
                                },
                                {
                                    "Worker Number": 4,
                                    "Actual Startup Time": 2074.193,
                                    "Actual Total Time": 2074.197,
                                    "Actual Rows": 1,
                                    "Actual Loops": 1
                                },
                                {
                                    "Worker Number": 5,
                                    "Actual Startup Time": 2074.241,
                                    "Actual Total Time": 2074.245,
                                    "Actual Rows": 1,
                                    "Actual Loops": 1
                                }
                            ],
                            "Plans": [
                                {
                                    "Node Type": "Hash Join",
                                    "Parent Relationship": "Outer",
                                    "Parallel Aware": true,
                                    "Join Type": "Inner",
                                    "Startup Cost": 63655.38,
                                    "Total Cost": 409241.72,
                                    "Plan Rows": 646047,
                                    "Plan Width": 0,
                                    "Actual Startup Time": 525.057,
                                    "Actual Total Time": 1975.957,
                                    "Actual Rows": 1749378,
                                    "Actual Loops": 7,
                                    "Inner Unique": false,
                                    "Hash Cond": "(ci.movie_id = t.id)",
                                    "Workers": [
                                        {
                                            "Worker Number": 0,
                                            "Actual Startup Time": 522.979,
                                            "Actual Total Time": 1974.235,
                                            "Actual Rows": 1807636,
                                            "Actual Loops": 1
                                        },
                                        {
                                            "Worker Number": 1,
                                            "Actual Startup Time": 523.294,
                                            "Actual Total Time": 1974.21,
                                            "Actual Rows": 1608386,
                                            "Actual Loops": 1
                                        },
                                        {
                                            "Worker Number": 2,
                                            "Actual Startup Time": 523.24,
                                            "Actual Total Time": 1972.105,
                                            "Actual Rows": 1579382,
                                            "Actual Loops": 1
                                        },
                                        {
                                            "Worker Number": 3,
                                            "Actual Startup Time": 523.416,
                                            "Actual Total Time": 1971.99,
                                            "Actual Rows": 1582110,
                                            "Actual Loops": 1
                                        },
                                        {
                                            "Worker Number": 4,
                                            "Actual Startup Time": 523.54,
                                            "Actual Total Time": 1972.402,
                                            "Actual Rows": 1574519,
                                            "Actual Loops": 1
                                        },
                                        {
                                            "Worker Number": 5,
                                            "Actual Startup Time": 523.37,
                                            "Actual Total Time": 1973.694,
                                            "Actual Rows": 1666255,
                                            "Actual Loops": 1
                                        }
                                    ],
                                    "Plans": [
                                        {
                                            "Node Type": "Seq Scan",
                                            "Parent Relationship": "Outer",
                                            "Parallel Aware": true,
                                            "Relation Name": "cast_info",
                                            "Schema": "public",
                                            "Alias": "ci",
                                            "Startup Cost": 0.0,
                                            "Total Cost": 328213.62,
                                            "Plan Rows": 3914897,
                                            "Plan Width": 4,
                                            "Actual Startup Time": 246.913,
                                            "Actual Total Time": 821.302,
                                            "Actual Rows": 3367665,
                                            "Actual Loops": 7,
                                            "Output": [
                                                "ci.id",
                                                "ci.person_id",
                                                "ci.movie_id",
                                                "ci.person_role_id",
                                                "ci.note",
                                                "ci.nr_order",
                                                "ci.role_id"
                                            ],
                                            "Filter": "(ci.role_id > 1)",
                                            "Rows Removed by Filter": 1810098,
                                            "Workers": [
                                                {
                                                    "Worker Number": 0,
                                                    "Actual Startup Time": 246.95,
                                                    "Actual Total Time": 826.703,
                                                    "Actual Rows": 3436118,
                                                    "Actual Loops": 1
                                                },
                                                {
                                                    "Worker Number": 1,
                                                    "Actual Startup Time": 246.928,
                                                    "Actual Total Time": 837.676,
                                                    "Actual Rows": 3092602,
                                                    "Actual Loops": 1
                                                },
                                                {
                                                    "Worker Number": 2,
                                                    "Actual Startup Time": 246.966,
                                                    "Actual Total Time": 842.578,
                                                    "Actual Rows": 3056890,
                                                    "Actual Loops": 1
                                                },
                                                {
                                                    "Worker Number": 3,
                                                    "Actual Startup Time": 246.834,
                                                    "Actual Total Time": 831.292,
                                                    "Actual Rows": 3026193,
                                                    "Actual Loops": 1
                                                },
                                                {
                                                    "Worker Number": 4,
                                                    "Actual Startup Time": 246.946,
                                                    "Actual Total Time": 841.256,
                                                    "Actual Rows": 3045662,
                                                    "Actual Loops": 1
                                                },
                                                {
                                                    "Worker Number": 5,
                                                    "Actual Startup Time": 246.938,
                                                    "Actual Total Time": 834.682,
                                                    "Actual Rows": 3161334,
                                                    "Actual Loops": 1
                                                }
                                            ]
                                        },
                                        {
                                            "Node Type": "Hash",
                                            "Parent Relationship": "Inner",
                                            "Parallel Aware": true,
                                            "Startup Cost": 61482.3,
                                            "Total Cost": 61482.3,
                                            "Plan Rows": 173846,
                                            "Plan Width": 8,
                                            "Actual Startup Time": 276.321,
                                            "Actual Total Time": 276.325,
                                            "Actual Rows": 106137,
                                            "Actual Loops": 7,
                                            "Output": [
                                                "t.id",
                                                "mi_idx.movie_id"
                                            ],
                                            "Hash Buckets": 1048576,
                                            "Original Hash Buckets": 524288,
                                            "Hash Batches": 1,
                                            "Original Hash Batches": 1,
                                            "Peak Memory Usage": 41472,
                                            "Workers": [
                                                {
                                                    "Worker Number": 0,
                                                    "Actual Startup Time": 275.137,
                                                    "Actual Total Time": 275.14,
                                                    "Actual Rows": 100536,
                                                    "Actual Loops": 1
                                                },
                                                {
                                                    "Worker Number": 1,
                                                    "Actual Startup Time": 275.611,
                                                    "Actual Total Time": 275.615,
                                                    "Actual Rows": 99457,
                                                    "Actual Loops": 1
                                                },
                                                {
                                                    "Worker Number": 2,
                                                    "Actual Startup Time": 275.318,
                                                    "Actual Total Time": 275.321,
                                                    "Actual Rows": 102288,
                                                    "Actual Loops": 1
                                                },
                                                {
                                                    "Worker Number": 3,
                                                    "Actual Startup Time": 275.491,
                                                    "Actual Total Time": 275.495,
                                                    "Actual Rows": 97406,
                                                    "Actual Loops": 1
                                                },
                                                {
                                                    "Worker Number": 4,
                                                    "Actual Startup Time": 275.621,
                                                    "Actual Total Time": 275.624,
                                                    "Actual Rows": 100154,
                                                    "Actual Loops": 1
                                                },
                                                {
                                                    "Worker Number": 5,
                                                    "Actual Startup Time": 275.6,
                                                    "Actual Total Time": 275.602,
                                                    "Actual Rows": 100814,
                                                    "Actual Loops": 1
                                                }
                                            ],
                                            "Plans": [
                                                {
                                                    "Node Type": "Hash Join",
                                                    "Parent Relationship": "Outer",
                                                    "Parallel Aware": true,
                                                    "Join Type": "Inner",
                                                    "Startup Cost": 46287.74,
                                                    "Total Cost": 61482.3,
                                                    "Plan Rows": 173846,
                                                    "Plan Width": 8,
                                                    "Actual Startup Time": 138.871,
                                                    "Actual Total Time": 220.28,
                                                    "Actual Rows": 106137,
                                                    "Actual Loops": 7,
                                                    "Output": [
                                                        "t.id",
                                                        "mi_idx.movie_id"
                                                    ],
                                                    "Inner Unique": true,
                                                    "Hash Cond": "(mi_idx.movie_id = t.id)",
                                                    "Workers": [
                                                        {
                                                            "Worker Number": 0,
                                                            "Actual Startup Time": 137.57,
                                                            "Actual Total Time": 220.768,
                                                            "Actual Rows": 100536,
                                                            "Actual Loops": 1
                                                        },
                                                        {
                                                            "Worker Number": 1,
                                                            "Actual Startup Time": 138.187,
                                                            "Actual Total Time": 219.344,
                                                            "Actual Rows": 99457,
                                                            "Actual Loops": 1
                                                        },
                                                        {
                                                            "Worker Number": 2,
                                                            "Actual Startup Time": 138.068,
                                                            "Actual Total Time": 219.383,
                                                            "Actual Rows": 102288,
                                                            "Actual Loops": 1
                                                        },
                                                        {
                                                            "Worker Number": 3,
                                                            "Actual Startup Time": 138.002,
                                                            "Actual Total Time": 220.188,
                                                            "Actual Rows": 97406,
                                                            "Actual Loops": 1
                                                        },
                                                        {
                                                            "Worker Number": 4,
                                                            "Actual Startup Time": 138.088,
                                                            "Actual Total Time": 218.631,
                                                            "Actual Rows": 100154,
                                                            "Actual Loops": 1
                                                        },
                                                        {
                                                            "Worker Number": 5,
                                                            "Actual Startup Time": 138.097,
                                                            "Actual Total Time": 218.999,
                                                            "Actual Rows": 100814,
                                                            "Actual Loops": 1
                                                        }
                                                    ],
                                                    "Plans": [
                                                        {
                                                            "Node Type": "Seq Scan",
                                                            "Parent Relationship": "Outer",
                                                            "Parallel Aware": true,
                                                            "Relation Name": "movie_info_idx",
                                                            "Schema": "public",
                                                            "Alias": "mi_idx",
                                                            "Startup Cost": 0.0,
                                                            "Total Cost": 13685.15,
                                                            "Plan Rows": 575015,
                                                            "Plan Width": 4,
                                                            "Actual Startup Time": 0.033,
                                                            "Actual Total Time": 25.861,
                                                            "Actual Rows": 197148,
                                                            "Actual Loops": 7,
                                                            "Output": [
                                                                "mi_idx.id",
                                                                "mi_idx.movie_id",
                                                                "mi_idx.info_type_id",
                                                                "mi_idx.info",
                                                                "mi_idx.note"
                                                            ],
                                                            "Workers": [
                                                                {
                                                                    "Worker Number": 0,
                                                                    "Actual Startup Time": 0.032,
                                                                    "Actual Total Time": 27.214,
                                                                    "Actual Rows": 185250,
                                                                    "Actual Loops": 1
                                                                },
                                                                {
                                                                    "Worker Number": 1,
                                                                    "Actual Startup Time": 0.046,
                                                                    "Actual Total Time": 26.601,
                                                                    "Actual Rows": 182964,
                                                                    "Actual Loops": 1
                                                                },
                                                                {
                                                                    "Worker Number": 2,
                                                                    "Actual Startup Time": 0.036,
                                                                    "Actual Total Time": 26.681,
                                                                    "Actual Rows": 187495,
                                                                    "Actual Loops": 1
                                                                },
                                                                {
                                                                    "Worker Number": 3,
                                                                    "Actual Startup Time": 0.035,
                                                                    "Actual Total Time": 27.044,
                                                                    "Actual Rows": 184203,
                                                                    "Actual Loops": 1
                                                                },
                                                                {
                                                                    "Worker Number": 4,
                                                                    "Actual Startup Time": 0.034,
                                                                    "Actual Total Time": 26.385,
                                                                    "Actual Rows": 184786,
                                                                    "Actual Loops": 1
                                                                },
                                                                {
                                                                    "Worker Number": 5,
                                                                    "Actual Startup Time": 0.034,
                                                                    "Actual Total Time": 26.434,
                                                                    "Actual Rows": 185046,
                                                                    "Actual Loops": 1
                                                                }
                                                            ]
                                                        },
                                                        {
                                                            "Node Type": "Hash",
                                                            "Parent Relationship": "Inner",
                                                            "Parallel Aware": true,
                                                            "Startup Cost": 43899.01,
                                                            "Total Cost": 43899.01,
                                                            "Plan Rows": 191099,
                                                            "Plan Width": 4,
                                                            "Actual Startup Time": 137.547,
                                                            "Actual Total Time": 137.548,
                                                            "Actual Rows": 107668,
                                                            "Actual Loops": 7,
                                                            "Output": [
                                                                "t.id"
                                                            ],
                                                            "Hash Buckets": 1048576,
                                                            "Original Hash Buckets": 1048576,
                                                            "Hash Batches": 1,
                                                            "Original Hash Batches": 1,
                                                            "Peak Memory Usage": 37792,
                                                            "Workers": [
                                                                {
                                                                    "Worker Number": 0,
                                                                    "Actual Startup Time": 137.343,
                                                                    "Actual Total Time": 137.345,
                                                                    "Actual Rows": 96586,
                                                                    "Actual Loops": 1
                                                                },
                                                                {
                                                                    "Worker Number": 1,
                                                                    "Actual Startup Time": 137.771,
                                                                    "Actual Total Time": 137.772,
                                                                    "Actual Rows": 94716,
                                                                    "Actual Loops": 1
                                                                },
                                                                {
                                                                    "Worker Number": 2,
                                                                    "Actual Startup Time": 137.571,
                                                                    "Actual Total Time": 137.573,
                                                                    "Actual Rows": 98474,
                                                                    "Actual Loops": 1
                                                                },
                                                                {
                                                                    "Worker Number": 3,
                                                                    "Actual Startup Time": 137.686,
                                                                    "Actual Total Time": 137.688,
                                                                    "Actual Rows": 95415,
                                                                    "Actual Loops": 1
                                                                },
                                                                {
                                                                    "Worker Number": 4,
                                                                    "Actual Startup Time": 137.778,
                                                                    "Actual Total Time": 137.78,
                                                                    "Actual Rows": 97163,
                                                                    "Actual Loops": 1
                                                                },
                                                                {
                                                                    "Worker Number": 5,
                                                                    "Actual Startup Time": 137.777,
                                                                    "Actual Total Time": 137.778,
                                                                    "Actual Rows": 96238,
                                                                    "Actual Loops": 1
                                                                }
                                                            ],
                                                            "Plans": [
                                                                {
                                                                    "Node Type": "Seq Scan",
                                                                    "Parent Relationship": "Outer",
                                                                    "Parallel Aware": true,
                                                                    "Relation Name": "title",
                                                                    "Schema": "public",
                                                                    "Alias": "t",
                                                                    "Startup Cost": 0.0,
                                                                    "Total Cost": 43899.01,
                                                                    "Plan Rows": 191099,
                                                                    "Plan Width": 4,
                                                                    "Actual Startup Time": 0.072,
                                                                    "Actual Total Time": 83.886,
                                                                    "Actual Rows": 107668,
                                                                    "Actual Loops": 7,
                                                                    "Output": [
                                                                        "t.id"
                                                                    ],
                                                                    "Filter": "(t.kind_id < 3)",
                                                                    "Rows Removed by Filter": 253519,
                                                                    "Workers": [
                                                                        {
                                                                            "Worker Number": 0,
                                                                            "Actual Startup Time": 0.066,
                                                                            "Actual Total Time": 85.76,
                                                                            "Actual Rows": 96586,
                                                                            "Actual Loops": 1
                                                                        },
                                                                        {
                                                                            "Worker Number": 1,
                                                                            "Actual Startup Time": 0.087,
                                                                            "Actual Total Time": 85.114,
                                                                            "Actual Rows": 94716,
                                                                            "Actual Loops": 1
                                                                        },
                                                                        {
                                                                            "Worker Number": 2,
                                                                            "Actual Startup Time": 0.054,
                                                                            "Actual Total Time": 84.86,
                                                                            "Actual Rows": 98474,
                                                                            "Actual Loops": 1
                                                                        },
                                                                        {
                                                                            "Worker Number": 3,
                                                                            "Actual Startup Time": 0.05,
                                                                            "Actual Total Time": 85.957,
                                                                            "Actual Rows": 95415,
                                                                            "Actual Loops": 1
                                                                        },
                                                                        {
                                                                            "Worker Number": 4,
                                                                            "Actual Startup Time": 0.151,
                                                                            "Actual Total Time": 85.269,
                                                                            "Actual Rows": 97163,
                                                                            "Actual Loops": 1
                                                                        },
                                                                        {
                                                                            "Worker Number": 5,
                                                                            "Actual Startup Time": 0.084,
                                                                            "Actual Total Time": 83.776,
                                                                            "Actual Rows": 96238,
                                                                            "Actual Loops": 1
                                                                        }
                                                                    ]
                                                                }
                                                            ]
                                                        }
                                                    ]
                                                }
                                            ]
                                        }
                                    ]
                                }
                            ]
                        }
                    ]
                }
            ]
        },
        "Planning Time": 180.947,
        "Triggers": [],
        "Execution Time": 2162.425
    }
]