[
  {
    "Plan": {
      "Node Type": "Aggregate",
      "Strategy": "Plain",
      "Partial Mode": "Finalize",
      "Parallel Aware": false,
      "Startup Cost": 116964.67,
      "Total Cost": 116964.68,
      "Plan Rows": 1,
      "Plan Width": 8,
      "Actual Startup Time": 905.665,
      "Actual Total Time": 930.016,
      "Actual Rows": 1,
      "Actual Loops": 1,
      "Plans": [
        {
          "Node Type": "Gather",
          "Parent Relationship": "Outer",
          "Parallel Aware": false,
          "Startup Cost": 116964.45,
          "Total Cost": 116964.66,
          "Plan Rows": 2,
          "Plan Width": 8,
          "Actual Startup Time": 894.784,
          "Actual Total Time": 930.006,
          "Actual Rows": 3,
          "Actual Loops": 1,
          "Workers Planned": 2,
          "Workers Launched": 2,
          "Single Copy": false,
          "Plans": [
            {
              "Node Type": "Aggregate",
              "Strategy": "Plain",
              "Partial Mode": "Partial",
              "Parent Relationship": "Outer",
              "Parallel Aware": false,
              "Startup Cost": 115964.45,
              "Total Cost": 115964.46,
              "Plan Rows": 1,
              "Plan Width": 8,
              "Actual Startup Time": 884.682,
              "Actual Total Time": 885.303,
              "Actual Rows": 1,
              "Actual Loops": 3,
              "Plans": [
                {
                  "Node Type": "Hash Join",
                  "Parent Relationship": "Outer",
                  "Parallel Aware": true,
                  "Join Type": "Inner",
                  "Startup Cost": 98703.62,
                  "Total Cost": 115344.72,
                  "Plan Rows": 247892,
                  "Plan Width": 0,
                  "Actual Startup Time": 708.157,
                  "Actual Total Time": 855.157,
                  "Actual Rows": 770240,
                  "Actual Loops": 3,
                  "Inner Unique": false,
                  "Hash Cond": "(mi_idx.movie_id = t.id)",
                  "Plans": [
                    {
                      "Node Type": "Seq Scan",
                      "Parent Relationship": "Outer",
                      "Parallel Aware": true,
                      "Relation Name": "movie_info_idx",
                      "Alias": "mi_idx",
                      "Startup Cost": 0.0,
                      "Total Cost": 13685.15,
                      "Plan Rows": 575015,
                      "Plan Width": 4,
                      "Actual Startup Time": 0.029,
                      "Actual Total Time": 34.622,
                      "Actual Rows": 460012,
                      "Actual Loops": 3
                    },
                    {
                      "Node Type": "Hash",
                      "Parent Relationship": "Inner",
                      "Parallel Aware": true,
                      "Startup Cost": 94308.62,
                      "Total Cost": 94308.62,
                      "Plan Rows": 351600,
                      "Plan Width": 8,
                      "Actual Startup Time": 695.234,
                      "Actual Total Time": 695.853,
                      "Actual Rows": 348911,
                      "Actual Loops": 3,
                      "Hash Buckets": 2097152,
                      "Original Hash Buckets": 2097152,
                      "Hash Batches": 1,
                      "Original Hash Batches": 1,
                      "Peak Memory Usage": 57376,
                      "Plans": [
                        {
                          "Node Type": "Hash Join",
                          "Parent Relationship": "Outer",
                          "Parallel Aware": true,
                          "Join Type": "Inner",
                          "Startup Cost": 50509.94,
                          "Total Cost": 94308.62,
                          "Plan Rows": 351600,
                          "Plan Width": 8,
                          "Actual Startup Time": 392.744,
                          "Actual Total Time": 605.197,
                          "Actual Rows": 348911,
                          "Actual Loops": 3,
                          "Inner Unique": true,
                          "Hash Cond": "(mk.movie_id = t.id)",
                          "Plans": [
                            {
                              "Node Type": "Seq Scan",
                              "Parent Relationship": "Outer",
                              "Parallel Aware": true,
                              "Relation Name": "movie_keyword",
                              "Alias": "mk",
                              "Startup Cost": 0.0,
                              "Total Cost": 42695.65,
                              "Plan Rows": 420201,
                              "Plan Width": 4,
                              "Actual Startup Time": 1.086,
                              "Actual Total Time": 122.616,
                              "Actual Rows": 438311,
                              "Actual Loops": 3,
                              "Filter": "(keyword_id > 13338)",
                              "Rows Removed by Filter": 1069665
                            },
                            {
                              "Node Type": "Hash",
                              "Parent Relationship": "Inner",
                              "Parallel Aware": true,
                              "Startup Cost": 43898.92,
                              "Total Cost": 43898.92,
                              "Plan Rows": 528882,
                              "Plan Width": 4,
                              "Actual Startup Time": 383.058,
                              "Actual Total Time": 383.059,
                              "Actual Rows": 701379,
                              "Actual Loops": 3,
                              "Hash Buckets": 4194304,
                              "Original Hash Buckets": 4194304,
                              "Hash Batches": 1,
                              "Original Hash Batches": 1,
                              "Peak Memory Usage": 115136,
                              "Plans": [
                                {
                                  "Node Type": "Seq Scan",
                                  "Parent Relationship": "Outer",
                                  "Parallel Aware": true,
                                  "Relation Name": "title",
                                  "Alias": "t",
                                  "Startup Cost": 0.0,
                                  "Total Cost": 43898.92,
                                  "Plan Rows": 528882,
                                  "Plan Width": 4,
                                  "Actual Startup Time": 0.049,
                                  "Actual Total Time": 134.382,
                                  "Actual Rows": 701379,
                                  "Actual Loops": 3,
                                  "Filter": "(production_year > 1968)",
                                  "Rows Removed by Filter": 141392
                                }
                              ]
                            }
                          ]
                        }
                      ]
                    }
                  ]
                }
              ]
            }
          ]
        }
      ]
    },
    "Planning Time": 1.308,
    "Triggers": [],
    "Execution Time": 930.095
  }
]