{
  "Plan": {
    "Node Type": "Aggregate",
    "Strategy": "Plain",
    "Partial Mode": "Finalize",
    "Parallel Aware": false,
    "Startup Cost": 308494.19,
    "Total Cost": 308494.2,
    "Plan Rows": 1,
    "Plan Width": 8,
    "Actual Startup Time": 1664.958,
    "Actual Total Time": 1684.932,
    "Actual Rows": 1,
    "Actual Loops": 1,
    "Plans": [
      {
        "Node Type": "Gather",
        "Parent Relationship": "Outer",
        "Parallel Aware": false,
        "Startup Cost": 308494.08,
        "Total Cost": 308494.19,
        "Plan Rows": 1,
        "Plan Width": 8,
        "Actual Startup Time": 1660.309,
        "Actual Total Time": 1684.925,
        "Actual Rows": 2,
        "Actual Loops": 1,
        "Workers Planned": 1,
        "Workers Launched": 1,
        "Single Copy": false,
        "Plans": [
          {
            "Node Type": "Aggregate",
            "Strategy": "Plain",
            "Partial Mode": "Partial",
            "Parent Relationship": "Outer",
            "Parallel Aware": false,
            "Startup Cost": 307494.08,
            "Total Cost": 307494.09,
            "Plan Rows": 1,
            "Plan Width": 8,
            "Actual Startup Time": 1653.766,
            "Actual Total Time": 1653.772,
            "Actual Rows": 1,
            "Actual Loops": 2,
            "Plans": [
              {
                "Node Type": "Hash Join",
                "Parent Relationship": "Outer",
                "Parallel Aware": true,
                "Join Type": "Inner",
                "Startup Cost": 243809.51,
                "Total Cost": 306706.72,
                "Plan Rows": 314943,
                "Plan Width": 0,
                "Actual Startup Time": 586.383,
                "Actual Total Time": 1375.982,
                "Actual Rows": 7091780,
                "Actual Loops": 2,
                "Inner Unique": false,
                "Hash Cond": "(mk.movie_id = t.id)",
                "Plans": [
                  {
                    "Node Type": "Seq Scan",
                    "Parent Relationship": "Outer",
                    "Parallel Aware": true,
                    "Relation Name": "movie_keyword",
                    "Alias": "mk",
                    "Startup Cost": 0.0,
                    "Total Cost": 51065.35,
                    "Plan Rows": 2661135,
                    "Plan Width": 4,
                    "Actual Startup Time": 0.016,
                    "Actual Total Time": 151.918,
                    "Actual Rows": 2261965,
                    "Actual Loops": 2
                  },
                  {
                    "Node Type": "Hash",
                    "Parent Relationship": "Inner",
                    "Parallel Aware": true,
                    "Startup Cost": 241609.36,
                    "Total Cost": 241609.36,
                    "Plan Rows": 176012,
                    "Plan Width": 8,
                    "Actual Startup Time": 581.118,
                    "Actual Total Time": 581.122,
                    "Actual Rows": 132467,
                    "Actual Loops": 2,
                    "Hash Buckets": 524288,
                    "Original Hash Buckets": 524288,
                    "Hash Batches": 1,
                    "Original Hash Batches": 1,
                    "Peak Memory Usage": 14496,
                    "Plans": [
                      {
                        "Node Type": "Hash Join",
                        "Parent Relationship": "Outer",
                        "Parallel Aware": true,
                        "Join Type": "Inner",
                        "Startup Cost": 76323.7,
                        "Total Cost": 241609.36,
                        "Plan Rows": 176012,
                        "Plan Width": 8,
                        "Actual Startup Time": 471.101,
                        "Actual Total Time": 553.181,
                        "Actual Rows": 132467,
                        "Actual Loops": 2,
                        "Inner Unique": true,
                        "Hash Cond": "(mi.movie_id = t.id)",
                        "Plans": [
                          {
                            "Node Type": "Bitmap Heap Scan",
                            "Parent Relationship": "Outer",
                            "Parallel Aware": true,
                            "Relation Name": "movie_info",
                            "Alias": "mi",
                            "Startup Cost": 6704.59,
                            "Total Cost": 171418.79,
                            "Plan Rows": 217696,
                            "Plan Width": 4,
                            "Actual Startup Time": 14.49,
                            "Actual Total Time": 45.496,
                            "Actual Rows": 184109,
                            "Actual Loops": 2,
                            "Recheck Cond": "(info_type_id = 17)",
                            "Rows Removed by Index Recheck": 0,
                            "Exact Heap Blocks": 5632,
                            "Lossy Heap Blocks": 0,
                            "Plans": [
                              {
                                "Node Type": "Bitmap Index Scan",
                                "Parent Relationship": "Outer",
                                "Parallel Aware": false,
                                "Index Name": "info_type_id_movie_info",
                                "Startup Cost": 0.0,
                                "Total Cost": 6612.07,
                                "Plan Rows": 370084,
                                "Plan Width": 0,
                                "Actual Startup Time": 12.941,
                                "Actual Total Time": 12.942,
                                "Actual Rows": 368218,
                                "Actual Loops": 1,
                                "Index Cond": "(info_type_id = 17)"
                              }
                            ]
                          },
                          {
                            "Node Type": "Hash",
                            "Parent Relationship": "Inner",
                            "Parallel Aware": true,
                            "Startup Cost": 54588.39,
                            "Total Cost": 54588.39,
                            "Plan Rows": 1202458,
                            "Plan Width": 4,
                            "Actual Startup Time": 445.507,
                            "Actual Total Time": 445.508,
                            "Actual Rows": 1016220,
                            "Actual Loops": 2,
                            "Hash Buckets": 2097152,
                            "Original Hash Buckets": 2097152,
                            "Hash Batches": 1,
                            "Original Hash Batches": 1,
                            "Peak Memory Usage": 95904,
                            "Plans": [
                              {
                                "Node Type": "Seq Scan",
                                "Parent Relationship": "Outer",
                                "Parallel Aware": true,
                                "Relation Name": "title",
                                "Alias": "t",
                                "Startup Cost": 0.0,
                                "Total Cost": 54588.39,
                                "Plan Rows": 1202458,
                                "Plan Width": 4,
                                "Actual Startup Time": 0.04,
                                "Actual Total Time": 180.428,
                                "Actual Rows": 1016220,
                                "Actual Loops": 2,
                                "Filter": "(production_year > 1973)",
                                "Rows Removed by Filter": 247936
                              }
                            ]
                          }
                        ]
                      }
                    ]
                  }
                ]
              }
            ]
          }
        ]
      }
    ]
  },
  "Planning Time": 0.87,
  "Triggers": [],
  "Execution Time": 1685.086
}