[
  {
    "Plan": {
      "Node Type": "Aggregate",
      "Strategy": "Plain",
      "Partial Mode": "Finalize",
      "Parallel Aware": false,
      "Startup Cost": 95496.0,
      "Total Cost": 95496.01,
      "Plan Rows": 1,
      "Plan Width": 8,
      "Actual Startup Time": 398.506,
      "Actual Total Time": 413.756,
      "Actual Rows": 1,
      "Actual Loops": 1,
      "Plans": [
        {
          "Node Type": "Gather",
          "Parent Relationship": "Outer",
          "Parallel Aware": false,
          "Startup Cost": 95495.68,
          "Total Cost": 95495.99,
          "Plan Rows": 3,
          "Plan Width": 8,
          "Actual Startup Time": 396.045,
          "Actual Total Time": 413.747,
          "Actual Rows": 4,
          "Actual Loops": 1,
          "Workers Planned": 3,
          "Workers Launched": 3,
          "Single Copy": false,
          "Plans": [
            {
              "Node Type": "Aggregate",
              "Strategy": "Plain",
              "Partial Mode": "Partial",
              "Parent Relationship": "Outer",
              "Parallel Aware": false,
              "Startup Cost": 94495.68,
              "Total Cost": 94495.69,
              "Plan Rows": 1,
              "Plan Width": 8,
              "Actual Startup Time": 388.415,
              "Actual Total Time": 388.418,
              "Actual Rows": 1,
              "Actual Loops": 4,
              "Plans": [
                {
                  "Node Type": "Hash Join",
                  "Parent Relationship": "Outer",
                  "Parallel Aware": true,
                  "Join Type": "Inner",
                  "Startup Cost": 47837.25,
                  "Total Cost": 93618.57,
                  "Plan Rows": 350845,
                  "Plan Width": 0,
                  "Actual Startup Time": 186.039,
                  "Actual Total Time": 383.587,
                  "Actual Rows": 114396,
                  "Actual Loops": 4,
                  "Inner Unique": true,
                  "Hash Cond": "(mk.movie_id = t.id)",
                  "Plans": [
                    {
                      "Node Type": "Seq Scan",
                      "Parent Relationship": "Outer",
                      "Parallel Aware": true,
                      "Relation Name": "movie_keyword",
                      "Alias": "mk",
                      "Startup Cost": 0.0,
                      "Total Cost": 42695.65,
                      "Plan Rows": 1175492,
                      "Plan Width": 4,
                      "Actual Startup Time": 0.061,
                      "Actual Total Time": 106.62,
                      "Actual Rows": 906978,
                      "Actual Loops": 4,
                      "Filter": "(keyword_id > 845)",
                      "Rows Removed by Filter": 224004
                    },
                    {
                      "Node Type": "Hash",
                      "Parent Relationship": "Inner",
                      "Parallel Aware": true,
                      "Startup Cost": 45479.1,
                      "Total Cost": 45479.1,
                      "Plan Rows": 188652,
                      "Plan Width": 4,
                      "Actual Startup Time": 181.182,
                      "Actual Total Time": 181.183,
                      "Actual Rows": 199160,
                      "Actual Loops": 4,
                      "Hash Buckets": 1048576,
                      "Original Hash Buckets": 1048576,
                      "Hash Batches": 1,
                      "Original Hash Batches": 1,
                      "Peak Memory Usage": 39424,
                      "Plans": [
                        {
                          "Node Type": "Seq Scan",
                          "Parent Relationship": "Outer",
                          "Parallel Aware": true,
                          "Relation Name": "title",
                          "Alias": "t",
                          "Startup Cost": 0.0,
                          "Total Cost": 45479.1,
                          "Plan Rows": 188652,
                          "Plan Width": 4,
                          "Actual Startup Time": 0.037,
                          "Actual Total Time": 102.776,
                          "Actual Rows": 199160,
                          "Actual Loops": 4,
                          "Filter": "((kind_id > 1) AND (production_year > 2005))",
                          "Rows Removed by Filter": 432918
                        }
                      ]
                    }
                  ]
                }
              ]
            }
          ]
        }
      ]
    },
    "Planning Time": 0.631,
    "Triggers": [],
    "Execution Time": 413.829
  }
]