[
  {
    "Plan": {
      "Node Type": "Aggregate",
      "Strategy": "Plain",
      "Partial Mode": "Finalize",
      "Parallel Aware": false,
      "Startup Cost": 32691.94,
      "Total Cost": 32691.95,
      "Plan Rows": 1,
      "Plan Width": 8,
      "Actual Startup Time": 74.017,
      "Actual Total Time": 81.654,
      "Actual Rows": 1,
      "Actual Loops": 1,
      "Plans": [
        {
          "Node Type": "Gather",
          "Parent Relationship": "Outer",
          "Parallel Aware": false,
          "Startup Cost": 32691.63,
          "Total Cost": 32691.94,
          "Plan Rows": 3,
          "Plan Width": 8,
          "Actual Startup Time": 73.887,
          "Actual Total Time": 81.645,
          "Actual Rows": 4,
          "Actual Loops": 1,
          "Workers Planned": 3,
          "Workers Launched": 3,
          "Single Copy": false,
          "Plans": [
            {
              "Node Type": "Aggregate",
              "Strategy": "Plain",
              "Partial Mode": "Partial",
              "Parent Relationship": "Outer",
              "Parallel Aware": false,
              "Startup Cost": 31691.63,
              "Total Cost": 31691.64,
              "Plan Rows": 1,
              "Plan Width": 8,
              "Actual Startup Time": 69.539,
              "Actual Total Time": 69.54,
              "Actual Rows": 1,
              "Actual Loops": 4,
              "Plans": [
                {
                  "Node Type": "Seq Scan",
                  "Parent Relationship": "Outer",
                  "Parallel Aware": true,
                  "Relation Name": "movie_companies",
                  "Alias": "mc",
                  "Startup Cost": 0.0,
                  "Total Cost": 31414.82,
                  "Plan Rows": 110723,
                  "Plan Width": 0,
                  "Actual Startup Time": 39.854,
                  "Actual Total Time": 67.436,
                  "Actual Rows": 47254,
                  "Actual Loops": 4,
                  "Filter": "((company_id < 1020) AND (company_type_id = 2))",
                  "Rows Removed by Filter": 605028
                }
              ]
            }
          ]
        }
      ]
    },
    "Planning Time": 0.234,
    "Triggers": [],
    "Execution Time": 81.712
  }
]