[
  {
    "Plan": {
      "Node Type": "Aggregate",
      "Strategy": "Plain",
      "Partial Mode": "Finalize",
      "Parallel Aware": false,
      "Startup Cost": 169330.43,
      "Total Cost": 169330.44,
      "Plan Rows": 1,
      "Plan Width": 8,
      "Actual Startup Time": 1131.781,
      "Actual Total Time": 1185.405,
      "Actual Rows": 1,
      "Actual Loops": 1,
      "Plans": [
        {
          "Node Type": "Gather",
          "Parent Relationship": "Outer",
          "Parallel Aware": false,
          "Startup Cost": 169330.11,
          "Total Cost": 169330.42,
          "Plan Rows": 3,
          "Plan Width": 8,
          "Actual Startup Time": 1130.056,
          "Actual Total Time": 1185.397,
          "Actual Rows": 4,
          "Actual Loops": 1,
          "Workers Planned": 3,
          "Workers Launched": 3,
          "Single Copy": false,
          "Plans": [
            {
              "Node Type": "Aggregate",
              "Strategy": "Plain",
              "Partial Mode": "Partial",
              "Parent Relationship": "Outer",
              "Parallel Aware": false,
              "Startup Cost": 168330.11,
              "Total Cost": 168330.12,
              "Plan Rows": 1,
              "Plan Width": 8,
              "Actual Startup Time": 1120.384,
              "Actual Total Time": 1120.388,
              "Actual Rows": 1,
              "Actual Loops": 4,
              "Plans": [
                {
                  "Node Type": "Nested Loop",
                  "Parent Relationship": "Outer",
                  "Parallel Aware": false,
                  "Join Type": "Inner",
                  "Startup Cost": 47364.06,
                  "Total Cost": 167900.85,
                  "Plan Rows": 171705,
                  "Plan Width": 0,
                  "Actual Startup Time": 186.017,
                  "Actual Total Time": 1057.057,
                  "Actual Rows": 1464122,
                  "Actual Loops": 4,
                  "Inner Unique": false,
                  "Plans": [
                    {
                      "Node Type": "Hash Join",
                      "Parent Relationship": "Outer",
                      "Parallel Aware": true,
                      "Join Type": "Inner",
                      "Startup Cost": 47363.62,
                      "Total Cost": 79101.61,
                      "Plan Rows": 29365,
                      "Plan Width": 8,
                      "Actual Startup Time": 185.938,
                      "Actual Total Time": 285.194,
                      "Actual Rows": 74778,
                      "Actual Loops": 4,
                      "Inner Unique": true,
                      "Hash Cond": "(mc.movie_id = t.id)",
                      "Plans": [
                        {
                          "Node Type": "Seq Scan",
                          "Parent Relationship": "Outer",
                          "Parallel Aware": true,
                          "Relation Name": "movie_companies",
                          "Alias": "mc",
                          "Startup Cost": 0.0,
                          "Total Cost": 31414.82,
                          "Plan Rows": 123113,
                          "Plan Width": 4,
                          "Actual Startup Time": 28.661,
                          "Actual Total Time": 65.391,
                          "Actual Rows": 176926,
                          "Actual Loops": 4,
                          "Filter": "((company_id > 34517) AND (company_type_id > 1))",
                          "Rows Removed by Filter": 475357
                        },
                        {
                          "Node Type": "Hash",
                          "Parent Relationship": "Inner",
                          "Parallel Aware": true,
                          "Startup Cost": 45479.1,
                          "Total Cost": 45479.1,
                          "Plan Rows": 150762,
                          "Plan Width": 4,
                          "Actual Startup Time": 152.248,
                          "Actual Total Time": 152.249,
                          "Actual Rows": 126852,
                          "Actual Loops": 4,
                          "Hash Buckets": 1048576,
                          "Original Hash Buckets": 1048576,
                          "Hash Batches": 1,
                          "Original Hash Batches": 1,
                          "Peak Memory Usage": 28096,
                          "Plans": [
                            {
                              "Node Type": "Seq Scan",
                              "Parent Relationship": "Outer",
                              "Parallel Aware": true,
                              "Relation Name": "title",
                              "Alias": "t",
                              "Startup Cost": 0.0,
                              "Total Cost": 45479.1,
                              "Plan Rows": 150762,
                              "Plan Width": 4,
                              "Actual Startup Time": 0.057,
                              "Actual Total Time": 103.685,
                              "Actual Rows": 126852,
                              "Actual Loops": 4,
                              "Filter": "((kind_id < 7) AND (production_year > 1997))",
                              "Rows Removed by Filter": 505226
                            }
                          ]
                        }
                      ]
                    },
                    {
                      "Node Type": "Index Only Scan",
                      "Parent Relationship": "Inner",
                      "Parallel Aware": false,
                      "Scan Direction": "Forward",
                      "Index Name": "movie_id_movie_info",
                      "Relation Name": "movie_info",
                      "Alias": "mi",
                      "Startup Cost": 0.43,
                      "Total Cost": 2.6,
                      "Plan Rows": 42,
                      "Plan Width": 4,
                      "Actual Startup Time": 0.003,
                      "Actual Total Time": 0.009,
                      "Actual Rows": 20,
                      "Actual Loops": 299113,
                      "Index Cond": "(movie_id = t.id)",
                      "Rows Removed by Index Recheck": 0,
                      "Heap Fetches": 5856489
                    }
                  ]
                }
              ]
            }
          ]
        }
      ]
    },
    "Planning Time": 1.497,
    "Triggers": [],
    "Execution Time": 1185.507
  }
]