[
  {
    "Plan": {
      "Node Type": "Aggregate",
      "Strategy": "Plain",
      "Partial Mode": "Finalize",
      "Parallel Aware": false,
      "Startup Cost": 358397.66,
      "Total Cost": 358397.67,
      "Plan Rows": 1,
      "Plan Width": 8,
      "Actual Startup Time": 855.716,
      "Actual Total Time": 890.68,
      "Actual Rows": 1,
      "Actual Loops": 1,
      "Plans": [
        {
          "Node Type": "Gather",
          "Parent Relationship": "Outer",
          "Parallel Aware": false,
          "Startup Cost": 358397.34,
          "Total Cost": 358397.65,
          "Plan Rows": 3,
          "Plan Width": 8,
          "Actual Startup Time": 821.858,
          "Actual Total Time": 890.667,
          "Actual Rows": 4,
          "Actual Loops": 1,
          "Workers Planned": 3,
          "Workers Launched": 3,
          "Single Copy": false,
          "Plans": [
            {
              "Node Type": "Aggregate",
              "Strategy": "Plain",
              "Partial Mode": "Partial",
              "Parent Relationship": "Outer",
              "Parallel Aware": false,
              "Startup Cost": 357397.34,
              "Total Cost": 357397.35,
              "Plan Rows": 1,
              "Plan Width": 8,
              "Actual Startup Time": 812.238,
              "Actual Total Time": 812.443,
              "Actual Rows": 1,
              "Actual Loops": 4,
              "Plans": [
                {
                  "Node Type": "Hash Join",
                  "Parent Relationship": "Outer",
                  "Parallel Aware": true,
                  "Join Type": "Inner",
                  "Startup Cost": 325863.83,
                  "Total Cost": 357031.47,
                  "Plan Rows": 146351,
                  "Plan Width": 0,
                  "Actual Startup Time": 667.348,
                  "Actual Total Time": 800.448,
                  "Actual Rows": 265338,
                  "Actual Loops": 4,
                  "Inner Unique": false,
                  "Hash Cond": "(mc.movie_id = t.id)",
                  "Plans": [
                    {
                      "Node Type": "Seq Scan",
                      "Parent Relationship": "Outer",
                      "Parallel Aware": true,
                      "Relation Name": "movie_companies",
                      "Alias": "mc",
                      "Startup Cost": 0.0,
                      "Total Cost": 29310.68,
                      "Plan Rows": 430142,
                      "Plan Width": 4,
                      "Actual Startup Time": 31.451,
                      "Actual Total Time": 70.195,
                      "Actual Rows": 333721,
                      "Actual Loops": 4,
                      "Filter": "(company_type_id = 2)",
                      "Rows Removed by Filter": 318562
                    },
                    {
                      "Node Type": "Hash",
                      "Parent Relationship": "Inner",
                      "Parallel Aware": true,
                      "Startup Cost": 324071.61,
                      "Total Cost": 324071.61,
                      "Plan Rows": 143378,
                      "Plan Width": 8,
                      "Actual Startup Time": 631.031,
                      "Actual Total Time": 631.234,
                      "Actual Rows": 203600,
                      "Actual Loops": 4,
                      "Hash Buckets": 1048576,
                      "Original Hash Buckets": 1048576,
                      "Hash Batches": 1,
                      "Original Hash Batches": 1,
                      "Peak Memory Usage": 40096,
                      "Plans": [
                        {
                          "Node Type": "Hash Join",
                          "Parent Relationship": "Outer",
                          "Parallel Aware": true,
                          "Join Type": "Inner",
                          "Startup Cost": 69216.02,
                          "Total Cost": 324071.61,
                          "Plan Rows": 143378,
                          "Plan Width": 8,
                          "Actual Startup Time": 399.181,
                          "Actual Total Time": 550.411,
                          "Actual Rows": 203600,
                          "Actual Loops": 4,
                          "Inner Unique": true,
                          "Hash Cond": "(ci.movie_id = t.id)",
                          "Plans": [
                            {
                              "Node Type": "Bitmap Heap Scan",
                              "Parent Relationship": "Outer",
                              "Parallel Aware": true,
                              "Relation Name": "cast_info",
                              "Alias": "ci",
                              "Startup Cost": 18995.63,
                              "Total Cost": 273474.86,
                              "Plan Rows": 143378,
                              "Plan Width": 4,
                              "Actual Startup Time": 29.122,
                              "Actual Total Time": 67.211,
                              "Actual Rows": 203600,
                              "Actual Loops": 4,
                              "Recheck Cond": "(person_id > 3905841)",
                              "Rows Removed by Index Recheck": 0,
                              "Exact Heap Blocks": 3334,
                              "Lossy Heap Blocks": 0,
                              "Plans": [
                                {
                                  "Node Type": "Bitmap Index Scan",
                                  "Parent Relationship": "Outer",
                                  "Parallel Aware": false,
                                  "Index Name": "person_id_cast_info",
                                  "Startup Cost": 0.0,
                                  "Total Cost": 18780.57,
                                  "Plan Rows": 860267,
                                  "Plan Width": 0,
                                  "Actual Startup Time": 27.454,
                                  "Actual Total Time": 27.455,
                                  "Actual Rows": 814401,
                                  "Actual Loops": 1,
                                  "Index Cond": "(person_id > 3905841)"
                                }
                              ]
                            },
                            {
                              "Node Type": "Hash",
                              "Parent Relationship": "Inner",
                              "Parallel Aware": true,
                              "Startup Cost": 42319.06,
                              "Total Cost": 42319.06,
                              "Plan Rows": 632106,
                              "Plan Width": 4,
                              "Actual Startup Time": 362.354,
                              "Actual Total Time": 362.355,
                              "Actual Rows": 632078,
                              "Actual Loops": 4,
                              "Hash Buckets": 4194304,
                              "Original Hash Buckets": 4194304,
                              "Hash Batches": 1,
                              "Original Hash Batches": 1,
                              "Peak Memory Usage": 131776,
                              "Plans": [
                                {
                                  "Node Type": "Seq Scan",
                                  "Parent Relationship": "Outer",
                                  "Parallel Aware": true,
                                  "Relation Name": "title",
                                  "Alias": "t",
                                  "Startup Cost": 0.0,
                                  "Total Cost": 42319.06,
                                  "Plan Rows": 632106,
                                  "Plan Width": 4,
                                  "Actual Startup Time": 0.058,
                                  "Actual Total Time": 107.27,
                                  "Actual Rows": 632078,
                                  "Actual Loops": 4
                                }
                              ]
                            }
                          ]
                        }
                      ]
                    }
                  ]
                }
              ]
            }
          ]
        }
      ]
    },
    "Planning Time": 1.114,
    "Triggers": [],
    "Execution Time": 890.774
  }
]