{
  "Plan": {
    "Node Type": "Aggregate",
    "Strategy": "Plain",
    "Partial Mode": "Finalize",
    "Parallel Aware": false,
    "Startup Cost": 117264.13,
    "Total Cost": 117264.14,
    "Plan Rows": 1,
    "Plan Width": 8,
    "Actual Startup Time": 439.383,
    "Actual Total Time": 451.086,
    "Actual Rows": 1,
    "Actual Loops": 1,
    "Plans": [
      {
        "Node Type": "Gather",
        "Parent Relationship": "Outer",
        "Parallel Aware": false,
        "Startup Cost": 117264.02,
        "Total Cost": 117264.13,
        "Plan Rows": 1,
        "Plan Width": 8,
        "Actual Startup Time": 438.377,
        "Actual Total Time": 451.08,
        "Actual Rows": 2,
        "Actual Loops": 1,
        "Workers Planned": 1,
        "Workers Launched": 1,
        "Single Copy": false,
        "Plans": [
          {
            "Node Type": "Aggregate",
            "Strategy": "Plain",
            "Partial Mode": "Partial",
            "Parent Relationship": "Outer",
            "Parallel Aware": false,
            "Startup Cost": 116264.02,
            "Total Cost": 116264.03,
            "Plan Rows": 1,
            "Plan Width": 8,
            "Actual Startup Time": 432.347,
            "Actual Total Time": 432.351,
            "Actual Rows": 1,
            "Actual Loops": 2,
            "Plans": [
              {
                "Node Type": "Hash Join",
                "Parent Relationship": "Outer",
                "Parallel Aware": true,
                "Join Type": "Inner",
                "Startup Cost": 55909.77,
                "Total Cost": 116001.05,
                "Plan Rows": 105190,
                "Plan Width": 0,
                "Actual Startup Time": 195.532,
                "Actual Total Time": 419.76,
                "Actual Rows": 307034,
                "Actual Loops": 2,
                "Inner Unique": true,
                "Hash Cond": "(mk.movie_id = t.id)",
                "Plans": [
                  {
                    "Node Type": "Seq Scan",
                    "Parent Relationship": "Outer",
                    "Parallel Aware": true,
                    "Relation Name": "movie_keyword",
                    "Alias": "mk",
                    "Startup Cost": 0.0,
                    "Total Cost": 57718.19,
                    "Plan Rows": 904034,
                    "Plan Width": 4,
                    "Actual Startup Time": 0.981,
                    "Actual Total Time": 170.696,
                    "Actual Rows": 770078,
                    "Actual Loops": 2,
                    "Filter": "(keyword_id > 10290)",
                    "Rows Removed by Filter": 1491887
                  },
                  {
                    "Node Type": "Hash",
                    "Parent Relationship": "Inner",
                    "Parallel Aware": true,
                    "Startup Cost": 53746.65,
                    "Total Cost": 53746.65,
                    "Plan Rows": 173049,
                    "Plan Width": 4,
                    "Actual Startup Time": 143.97,
                    "Actual Total Time": 143.972,
                    "Actual Rows": 195518,
                    "Actual Loops": 2,
                    "Hash Buckets": 524288,
                    "Original Hash Buckets": 524288,
                    "Hash Batches": 1,
                    "Original Hash Batches": 1,
                    "Peak Memory Usage": 19424,
                    "Plans": [
                      {
                        "Node Type": "Bitmap Heap Scan",
                        "Parent Relationship": "Outer",
                        "Parallel Aware": true,
                        "Relation Name": "title",
                        "Alias": "t",
                        "Startup Cost": 11896.4,
                        "Total Cost": 53746.65,
                        "Plan Rows": 173049,
                        "Plan Width": 4,
                        "Actual Startup Time": 35.376,
                        "Actual Total Time": 101.43,
                        "Actual Rows": 195518,
                        "Actual Loops": 2,
                        "Recheck Cond": "(kind_id < 2)",
                        "Rows Removed by Index Recheck": 0,
                        "Filter": "(production_year < 2002)",
                        "Rows Removed by Filter": 135894,
                        "Exact Heap Blocks": 8043,
                        "Lossy Heap Blocks": 0,
                        "Plans": [
                          {
                            "Node Type": "Bitmap Index Scan",
                            "Parent Relationship": "Outer",
                            "Parallel Aware": false,
                            "Index Name": "kind_id_title",
                            "Startup Cost": 0.0,
                            "Total Cost": 11822.85,
                            "Plan Rows": 663256,
                            "Plan Width": 0,
                            "Actual Startup Time": 33.75,
                            "Actual Total Time": 33.75,
                            "Actual Rows": 662825,
                            "Actual Loops": 1,
                            "Index Cond": "(kind_id < 2)"
                          }
                        ]
                      }
                    ]
                  }
                ]
              }
            ]
          }
        ]
      }
    ]
  },
  "Planning Time": 0.468,
  "Triggers": [],
  "Execution Time": 451.178
}