[
  {
    "Plan": {
      "Node Type": "Aggregate",
      "Strategy": "Plain",
      "Partial Mode": "Finalize",
      "Parallel Aware": false,
      "Startup Cost": 465988.86,
      "Total Cost": 465988.87,
      "Plan Rows": 1,
      "Plan Width": 8,
      "Actual Startup Time": 2259.87,
      "Actual Total Time": 2331.571,
      "Actual Rows": 1,
      "Actual Loops": 1,
      "Plans": [
        {
          "Node Type": "Gather",
          "Parent Relationship": "Outer",
          "Parallel Aware": false,
          "Startup Cost": 465988.24,
          "Total Cost": 465988.85,
          "Plan Rows": 6,
          "Plan Width": 8,
          "Actual Startup Time": 2244.463,
          "Actual Total Time": 2331.548,
          "Actual Rows": 7,
          "Actual Loops": 1,
          "Workers Planned": 6,
          "Workers Launched": 6,
          "Single Copy": false,
          "Plans": [
            {
              "Node Type": "Aggregate",
              "Strategy": "Plain",
              "Partial Mode": "Partial",
              "Parent Relationship": "Outer",
              "Parallel Aware": false,
              "Startup Cost": 464988.24,
              "Total Cost": 464988.25,
              "Plan Rows": 1,
              "Plan Width": 8,
              "Actual Startup Time": 2232.232,
              "Actual Total Time": 2232.51,
              "Actual Rows": 1,
              "Actual Loops": 7,
              "Plans": [
                {
                  "Node Type": "Hash Join",
                  "Parent Relationship": "Outer",
                  "Parallel Aware": true,
                  "Join Type": "Inner",
                  "Startup Cost": 102286.67,
                  "Total Cost": 453226.69,
                  "Plan Rows": 4704618,
                  "Plan Width": 0,
                  "Actual Startup Time": 430.719,
                  "Actual Total Time": 2092.38,
                  "Actual Rows": 3031675,
                  "Actual Loops": 7,
                  "Inner Unique": false,
                  "Hash Cond": "(ci.movie_id = t.id)",
                  "Plans": [
                    {
                      "Node Type": "Seq Scan",
                      "Parent Relationship": "Outer",
                      "Parallel Aware": true,
                      "Relation Name": "cast_info",
                      "Alias": "ci",
                      "Startup Cost": 0.0,
                      "Total Cost": 313106.51,
                      "Plan Rows": 6041951,
                      "Plan Width": 4,
                      "Actual Startup Time": 0.043,
                      "Actual Total Time": 559.875,
                      "Actual Rows": 5177763,
                      "Actual Loops": 7
                    },
                    {
                      "Node Type": "Hash",
                      "Parent Relationship": "Inner",
                      "Parallel Aware": true,
                      "Startup Cost": 94348.05,
                      "Total Cost": 94348.05,
                      "Plan Rows": 635090,
                      "Plan Width": 8,
                      "Actual Startup Time": 426.573,
                      "Actual Total Time": 426.848,
                      "Actual Rows": 105001,
                      "Actual Loops": 7,
                      "Hash Buckets": 2097152,
                      "Original Hash Buckets": 2097152,
                      "Hash Batches": 1,
                      "Original Hash Batches": 1,
                      "Peak Memory Usage": 45280,
                      "Plans": [
                        {
                          "Node Type": "Hash Join",
                          "Parent Relationship": "Outer",
                          "Parallel Aware": true,
                          "Join Type": "Inner",
                          "Startup Cost": 49137.9,
                          "Total Cost": 94348.05,
                          "Plan Rows": 635090,
                          "Plan Width": 8,
                          "Actual Startup Time": 211.518,
                          "Actual Total Time": 355.084,
                          "Actual Rows": 105001,
                          "Actual Loops": 7,
                          "Inner Unique": true,
                          "Hash Cond": "(mk.movie_id = t.id)",
                          "Plans": [
                            {
                              "Node Type": "Seq Scan",
                              "Parent Relationship": "Outer",
                              "Parallel Aware": true,
                              "Relation Name": "movie_keyword",
                              "Alias": "mk",
                              "Startup Cost": 0.0,
                              "Total Cost": 42695.65,
                              "Plan Rows": 957904,
                              "Plan Width": 4,
                              "Actual Startup Time": 0.037,
                              "Actual Total Time": 78.0,
                              "Actual Rows": 425837,
                              "Actual Loops": 7,
                              "Filter": "(keyword_id < 10260)",
                              "Rows Removed by Filter": 220439
                            },
                            {
                              "Node Type": "Hash",
                              "Parent Relationship": "Inner",
                              "Parallel Aware": true,
                              "Startup Cost": 43899.32,
                              "Total Cost": 43899.32,
                              "Plan Rows": 419086,
                              "Plan Width": 4,
                              "Actual Startup Time": 209.278,
                              "Actual Total Time": 209.281,
                              "Actual Rows": 239157,
                              "Actual Loops": 7,
                              "Hash Buckets": 2097152,
                              "Original Hash Buckets": 2097152,
                              "Hash Batches": 1,
                              "Original Hash Batches": 1,
                              "Peak Memory Usage": 81952,
                              "Plans": [
                                {
                                  "Node Type": "Seq Scan",
                                  "Parent Relationship": "Outer",
                                  "Parallel Aware": true,
                                  "Relation Name": "title",
                                  "Alias": "t",
                                  "Startup Cost": 0.0,
                                  "Total Cost": 43899.32,
                                  "Plan Rows": 419086,
                                  "Plan Width": 4,
                                  "Actual Startup Time": 0.05,
                                  "Actual Total Time": 85.328,
                                  "Actual Rows": 239157,
                                  "Actual Loops": 7,
                                  "Filter": "(kind_id > 3)",
                                  "Rows Removed by Filter": 122031
                                }
                              ]
                            }
                          ]
                        }
                      ]
                    }
                  ]
                }
              ]
            }
          ]
        }
      ]
    },
    "Planning Time": 0.66,
    "Triggers": [],
    "Execution Time": 2331.642
  }
]