{
  "Plan": {
    "Node Type": "Aggregate",
    "Strategy": "Plain",
    "Partial Mode": "Finalize",
    "Parallel Aware": false,
    "Startup Cost": 99817.9,
    "Total Cost": 99817.91,
    "Plan Rows": 1,
    "Plan Width": 8,
    "Actual Startup Time": 607.736,
    "Actual Total Time": 621.583,
    "Actual Rows": 1,
    "Actual Loops": 1,
    "Plans": [
      {
        "Node Type": "Gather",
        "Parent Relationship": "Outer",
        "Parallel Aware": false,
        "Startup Cost": 99817.79,
        "Total Cost": 99817.9,
        "Plan Rows": 1,
        "Plan Width": 8,
        "Actual Startup Time": 605.982,
        "Actual Total Time": 621.576,
        "Actual Rows": 2,
        "Actual Loops": 1,
        "Workers Planned": 1,
        "Workers Launched": 1,
        "Single Copy": false,
        "Plans": [
          {
            "Node Type": "Aggregate",
            "Strategy": "Plain",
            "Partial Mode": "Partial",
            "Parent Relationship": "Outer",
            "Parallel Aware": false,
            "Startup Cost": 98817.79,
            "Total Cost": 98817.8,
            "Plan Rows": 1,
            "Plan Width": 8,
            "Actual Startup Time": 599.535,
            "Actual Total Time": 599.539,
            "Actual Rows": 1,
            "Actual Loops": 2,
            "Plans": [
              {
                "Node Type": "Hash Join",
                "Parent Relationship": "Outer",
                "Parallel Aware": true,
                "Join Type": "Inner",
                "Startup Cost": 37293.9,
                "Total Cost": 98412.66,
                "Plan Rows": 162053,
                "Plan Width": 0,
                "Actual Startup Time": 169.107,
                "Actual Total Time": 587.704,
                "Actual Rows": 277676,
                "Actual Loops": 2,
                "Inner Unique": false,
                "Hash Cond": "(t.id = mc.movie_id)",
                "Plans": [
                  {
                    "Node Type": "Seq Scan",
                    "Parent Relationship": "Outer",
                    "Parallel Aware": true,
                    "Relation Name": "title",
                    "Alias": "t",
                    "Startup Cost": 0.0,
                    "Total Cost": 50870.31,
                    "Plan Rows": 1487231,
                    "Plan Width": 4,
                    "Actual Startup Time": 0.013,
                    "Actual Total Time": 124.202,
                    "Actual Rows": 1264156,
                    "Actual Loops": 2
                  },
                  {
                    "Node Type": "Hash",
                    "Parent Relationship": "Inner",
                    "Parallel Aware": true,
                    "Startup Cost": 35268.24,
                    "Total Cost": 35268.24,
                    "Plan Rows": 162053,
                    "Plan Width": 4,
                    "Actual Startup Time": 163.316,
                    "Actual Total Time": 163.317,
                    "Actual Rows": 277676,
                    "Actual Loops": 2,
                    "Hash Buckets": 1048576,
                    "Original Hash Buckets": 524288,
                    "Hash Batches": 1,
                    "Original Hash Batches": 1,
                    "Peak Memory Usage": 34048,
                    "Plans": [
                      {
                        "Node Type": "Bitmap Heap Scan",
                        "Parent Relationship": "Outer",
                        "Parallel Aware": true,
                        "Relation Name": "movie_companies",
                        "Alias": "mc",
                        "Startup Cost": 11690.7,
                        "Total Cost": 35268.24,
                        "Plan Rows": 162053,
                        "Plan Width": 4,
                        "Actual Startup Time": 35.849,
                        "Actual Total Time": 93.357,
                        "Actual Rows": 277676,
                        "Actual Loops": 2,
                        "Recheck Cond": "(company_id > 71742)",
                        "Rows Removed by Index Recheck": 0,
                        "Filter": "(company_type_id > 1)",
                        "Rows Removed by Filter": 0,
                        "Exact Heap Blocks": 4464,
                        "Lossy Heap Blocks": 0,
                        "Plans": [
                          {
                            "Node Type": "Bitmap Index Scan",
                            "Parent Relationship": "Outer",
                            "Parallel Aware": false,
                            "Index Name": "company_id_movie_companies",
                            "Startup Cost": 0.0,
                            "Total Cost": 11621.83,
                            "Plan Rows": 542587,
                            "Plan Width": 0,
                            "Actual Startup Time": 34.972,
                            "Actual Total Time": 34.972,
                            "Actual Rows": 555353,
                            "Actual Loops": 1,
                            "Index Cond": "(company_id > 71742)"
                          }
                        ]
                      }
                    ]
                  }
                ]
              }
            ]
          }
        ]
      }
    ]
  },
  "Planning Time": 0.725,
  "Triggers": [],
  "Execution Time": 621.676
}