[
  {
    "Plan": {
      "Node Type": "Aggregate",
      "Strategy": "Plain",
      "Partial Mode": "Finalize",
      "Parallel Aware": false,
      "Startup Cost": 71814.03,
      "Total Cost": 71814.04,
      "Plan Rows": 1,
      "Plan Width": 8,
      "Actual Startup Time": 236.072,
      "Actual Total Time": 248.65,
      "Actual Rows": 1,
      "Actual Loops": 1,
      "Plans": [
        {
          "Node Type": "Gather",
          "Parent Relationship": "Outer",
          "Parallel Aware": false,
          "Startup Cost": 71813.61,
          "Total Cost": 71814.02,
          "Plan Rows": 4,
          "Plan Width": 8,
          "Actual Startup Time": 234.17,
          "Actual Total Time": 248.639,
          "Actual Rows": 5,
          "Actual Loops": 1,
          "Workers Planned": 4,
          "Workers Launched": 4,
          "Single Copy": false,
          "Plans": [
            {
              "Node Type": "Aggregate",
              "Strategy": "Plain",
              "Partial Mode": "Partial",
              "Parent Relationship": "Outer",
              "Parallel Aware": false,
              "Startup Cost": 70813.61,
              "Total Cost": 70813.62,
              "Plan Rows": 1,
              "Plan Width": 8,
              "Actual Startup Time": 226.87,
              "Actual Total Time": 226.892,
              "Actual Rows": 1,
              "Actual Loops": 5,
              "Plans": [
                {
                  "Node Type": "Hash Join",
                  "Parent Relationship": "Outer",
                  "Parallel Aware": true,
                  "Join Type": "Inner",
                  "Startup Cost": 25034.04,
                  "Total Cost": 70682.42,
                  "Plan Rows": 52477,
                  "Plan Width": 0,
                  "Actual Startup Time": 167.868,
                  "Actual Total Time": 224.6,
                  "Actual Rows": 40971,
                  "Actual Loops": 5,
                  "Inner Unique": false,
                  "Hash Cond": "(t.id = mc.movie_id)",
                  "Plans": [
                    {
                      "Node Type": "Seq Scan",
                      "Parent Relationship": "Outer",
                      "Parallel Aware": true,
                      "Relation Name": "title",
                      "Alias": "t",
                      "Startup Cost": 0.0,
                      "Total Cost": 42318.73,
                      "Plan Rows": 632073,
                      "Plan Width": 4,
                      "Actual Startup Time": 0.012,
                      "Actual Total Time": 73.283,
                      "Actual Rows": 505662,
                      "Actual Loops": 5
                    },
                    {
                      "Node Type": "Hash",
                      "Parent Relationship": "Inner",
                      "Parallel Aware": true,
                      "Startup Cost": 24187.63,
                      "Total Cost": 24187.63,
                      "Plan Rows": 67713,
                      "Plan Width": 4,
                      "Actual Startup Time": 60.59,
                      "Actual Total Time": 60.592,
                      "Actual Rows": 40971,
                      "Actual Loops": 5,
                      "Hash Buckets": 262144,
                      "Original Hash Buckets": 262144,
                      "Hash Batches": 1,
                      "Original Hash Batches": 1,
                      "Peak Memory Usage": 10176,
                      "Plans": [
                        {
                          "Node Type": "Bitmap Heap Scan",
                          "Parent Relationship": "Outer",
                          "Parallel Aware": true,
                          "Relation Name": "movie_companies",
                          "Alias": "mc",
                          "Startup Cost": 4551.22,
                          "Total Cost": 24187.63,
                          "Plan Rows": 67713,
                          "Plan Width": 4,
                          "Actual Startup Time": 13.579,
                          "Actual Total Time": 40.131,
                          "Actual Rows": 40971,
                          "Actual Loops": 5,
                          "Recheck Cond": "(company_id > 112018)",
                          "Rows Removed by Index Recheck": 0,
                          "Exact Heap Blocks": 1579,
                          "Lossy Heap Blocks": 0,
                          "Plans": [
                            {
                              "Node Type": "Bitmap Index Scan",
                              "Parent Relationship": "Outer",
                              "Parallel Aware": false,
                              "Index Name": "company_id_movie_companies",
                              "Startup Cost": 0.0,
                              "Total Cost": 4498.75,
                              "Plan Rows": 209909,
                              "Plan Width": 0,
                              "Actual Startup Time": 15.948,
                              "Actual Total Time": 15.948,
                              "Actual Rows": 204853,
                              "Actual Loops": 1,
                              "Index Cond": "(company_id > 112018)"
                            }
                          ]
                        }
                      ]
                    }
                  ]
                }
              ]
            }
          ]
        }
      ]
    },
    "Planning Time": 0.504,
    "Triggers": [],
    "Execution Time": 248.709
  }
]