[
  {
    "Plan": {
      "Node Type": "Aggregate",
      "Strategy": "Plain",
      "Partial Mode": "Finalize",
      "Parallel Aware": false,
      "Startup Cost": 368651.08,
      "Total Cost": 368651.09,
      "Plan Rows": 1,
      "Plan Width": 8,
      "Actual Startup Time": 559.309,
      "Actual Total Time": 651.745,
      "Actual Rows": 1,
      "Actual Loops": 1,
      "Plans": [
        {
          "Node Type": "Gather",
          "Parent Relationship": "Outer",
          "Parallel Aware": false,
          "Startup Cost": 368650.66,
          "Total Cost": 368651.07,
          "Plan Rows": 4,
          "Plan Width": 8,
          "Actual Startup Time": 558.896,
          "Actual Total Time": 651.729,
          "Actual Rows": 5,
          "Actual Loops": 1,
          "Workers Planned": 4,
          "Workers Launched": 4,
          "Single Copy": false,
          "Plans": [
            {
              "Node Type": "Aggregate",
              "Strategy": "Plain",
              "Partial Mode": "Partial",
              "Parent Relationship": "Outer",
              "Parallel Aware": false,
              "Startup Cost": 367650.66,
              "Total Cost": 367650.67,
              "Plan Rows": 1,
              "Plan Width": 8,
              "Actual Startup Time": 552.227,
              "Actual Total Time": 552.229,
              "Actual Rows": 1,
              "Actual Loops": 5,
              "Plans": [
                {
                  "Node Type": "Nested Loop",
                  "Parent Relationship": "Outer",
                  "Parallel Aware": false,
                  "Join Type": "Inner",
                  "Startup Cost": 0.56,
                  "Total Cost": 367594.49,
                  "Plan Rows": 22468,
                  "Plan Width": 0,
                  "Actual Startup Time": 2.907,
                  "Actual Total Time": 551.484,
                  "Actual Rows": 7150,
                  "Actual Loops": 5,
                  "Inner Unique": false,
                  "Plans": [
                    {
                      "Node Type": "Seq Scan",
                      "Parent Relationship": "Outer",
                      "Parallel Aware": true,
                      "Relation Name": "title",
                      "Alias": "t",
                      "Startup Cost": 0.0,
                      "Total Cost": 43899.32,
                      "Plan Rows": 15339,
                      "Plan Width": 4,
                      "Actual Startup Time": 0.028,
                      "Actual Total Time": 86.219,
                      "Actual Rows": 11718,
                      "Actual Loops": 5,
                      "Filter": "(production_year = 2001)",
                      "Rows Removed by Filter": 493944
                    },
                    {
                      "Node Type": "Index Scan",
                      "Parent Relationship": "Inner",
                      "Parallel Aware": false,
                      "Scan Direction": "Forward",
                      "Index Name": "movie_id_cast_info",
                      "Relation Name": "cast_info",
                      "Alias": "ci",
                      "Startup Cost": 0.56,
                      "Total Cost": 21.06,
                      "Plan Rows": 4,
                      "Plan Width": 4,
                      "Actual Startup Time": 0.032,
                      "Actual Total Time": 0.039,
                      "Actual Rows": 1,
                      "Actual Loops": 58590,
                      "Index Cond": "(movie_id = t.id)",
                      "Rows Removed by Index Recheck": 0,
                      "Filter": "((person_id < 569717) AND (role_id > 1))",
                      "Rows Removed by Filter": 14
                    }
                  ]
                }
              ]
            }
          ]
        }
      ]
    },
    "Planning Time": 0.256,
    "Triggers": [],
    "Execution Time": 651.806
  }
]