[
  {
    "Plan": {
      "Node Type": "Aggregate",
      "Strategy": "Plain",
      "Partial Mode": "Finalize",
      "Parallel Aware": false,
      "Startup Cost": 47267.66,
      "Total Cost": 47267.67,
      "Plan Rows": 1,
      "Plan Width": 8,
      "Actual Startup Time": 193.733,
      "Actual Total Time": 202.758,
      "Actual Rows": 1,
      "Actual Loops": 1,
      "Plans": [
        {
          "Node Type": "Gather",
          "Parent Relationship": "Outer",
          "Parallel Aware": false,
          "Startup Cost": 47267.35,
          "Total Cost": 47267.66,
          "Plan Rows": 3,
          "Plan Width": 8,
          "Actual Startup Time": 193.602,
          "Actual Total Time": 202.749,
          "Actual Rows": 4,
          "Actual Loops": 1,
          "Workers Planned": 3,
          "Workers Launched": 3,
          "Single Copy": false,
          "Plans": [
            {
              "Node Type": "Aggregate",
              "Strategy": "Plain",
              "Partial Mode": "Partial",
              "Parent Relationship": "Outer",
              "Parallel Aware": false,
              "Startup Cost": 46267.35,
              "Total Cost": 46267.36,
              "Plan Rows": 1,
              "Plan Width": 8,
              "Actual Startup Time": 184.995,
              "Actual Total Time": 184.996,
              "Actual Rows": 1,
              "Actual Loops": 4,
              "Plans": [
                {
                  "Node Type": "Seq Scan",
                  "Parent Relationship": "Outer",
                  "Parallel Aware": true,
                  "Relation Name": "movie_keyword",
                  "Alias": "mk",
                  "Startup Cost": 0.0,
                  "Total Cost": 42695.65,
                  "Plan Rows": 1428677,
                  "Plan Width": 0,
                  "Actual Startup Time": 0.06,
                  "Actual Total Time": 132.675,
                  "Actual Rows": 1107684,
                  "Actual Loops": 4,
                  "Filter": "(keyword_id < 84150)",
                  "Rows Removed by Filter": 23299
                }
              ]
            }
          ]
        }
      ]
    },
    "Planning Time": 0.159,
    "Triggers": [],
    "Execution Time": 202.807
  }
]