[
  {
    "Plan": {
      "Node Type": "Aggregate",
      "Strategy": "Plain",
      "Partial Mode": "Finalize",
      "Parallel Aware": false,
      "Startup Cost": 166154.58,
      "Total Cost": 166154.59,
      "Plan Rows": 1,
      "Plan Width": 8,
      "Actual Startup Time": 342.826,
      "Actual Total Time": 363.622,
      "Actual Rows": 1,
      "Actual Loops": 1,
      "Plans": [
        {
          "Node Type": "Gather",
          "Parent Relationship": "Outer",
          "Parallel Aware": false,
          "Startup Cost": 166154.06,
          "Total Cost": 166154.57,
          "Plan Rows": 5,
          "Plan Width": 8,
          "Actual Startup Time": 342.147,
          "Actual Total Time": 363.609,
          "Actual Rows": 6,
          "Actual Loops": 1,
          "Workers Planned": 5,
          "Workers Launched": 5,
          "Single Copy": false,
          "Plans": [
            {
              "Node Type": "Aggregate",
              "Strategy": "Plain",
              "Partial Mode": "Partial",
              "Parent Relationship": "Outer",
              "Parallel Aware": false,
              "Startup Cost": 165154.06,
              "Total Cost": 165154.07,
              "Plan Rows": 1,
              "Plan Width": 8,
              "Actual Startup Time": 335.678,
              "Actual Total Time": 335.682,
              "Actual Rows": 1,
              "Actual Loops": 6,
              "Plans": [
                {
                  "Node Type": "Hash Join",
                  "Parent Relationship": "Outer",
                  "Parallel Aware": true,
                  "Join Type": "Inner",
                  "Startup Cost": 38299.36,
                  "Total Cost": 165086.89,
                  "Plan Rows": 26866,
                  "Plan Width": 0,
                  "Actual Startup Time": 69.611,
                  "Actual Total Time": 334.777,
                  "Actual Rows": 12966,
                  "Actual Loops": 6,
                  "Inner Unique": true,
                  "Hash Cond": "(ci.movie_id = t.id)",
                  "Plans": [
                    {
                      "Node Type": "Index Scan",
                      "Parent Relationship": "Outer",
                      "Parallel Aware": true,
                      "Scan Direction": "Forward",
                      "Index Name": "role_id_cast_info",
                      "Relation Name": "cast_info",
                      "Alias": "ci",
                      "Startup Cost": 0.56,
                      "Total Cost": 124350.08,
                      "Plan Rows": 928769,
                      "Plan Width": 4,
                      "Actual Startup Time": 0.318,
                      "Actual Total Time": 155.195,
                      "Actual Rows": 773189,
                      "Actual Loops": 6,
                      "Index Cond": "(role_id > 9)",
                      "Rows Removed by Index Recheck": 0
                    },
                    {
                      "Node Type": "Hash",
                      "Parent Relationship": "Inner",
                      "Parallel Aware": true,
                      "Startup Cost": 38070.24,
                      "Total Cost": 38070.24,
                      "Plan Rows": 18284,
                      "Plan Width": 4,
                      "Actual Startup Time": 67.93,
                      "Actual Total Time": 67.931,
                      "Actual Rows": 12594,
                      "Actual Loops": 6,
                      "Hash Buckets": 131072,
                      "Original Hash Buckets": 131072,
                      "Hash Batches": 1,
                      "Original Hash Batches": 1,
                      "Peak Memory Usage": 4096,
                      "Plans": [
                        {
                          "Node Type": "Bitmap Heap Scan",
                          "Parent Relationship": "Outer",
                          "Parallel Aware": true,
                          "Relation Name": "title",
                          "Alias": "t",
                          "Startup Cost": 1715.73,
                          "Total Cost": 38070.24,
                          "Plan Rows": 18284,
                          "Plan Width": 4,
                          "Actual Startup Time": 18.81,
                          "Actual Total Time": 61.844,
                          "Actual Rows": 12594,
                          "Actual Loops": 6,
                          "Recheck Cond": "(kind_id = 2)",
                          "Rows Removed by Index Recheck": 0,
                          "Filter": "(production_year > 1980)",
                          "Rows Removed by Filter": 2548,
                          "Exact Heap Blocks": 7859,
                          "Lossy Heap Blocks": 0,
                          "Plans": [
                            {
                              "Node Type": "Bitmap Index Scan",
                              "Parent Relationship": "Outer",
                              "Parallel Aware": false,
                              "Index Name": "kind_id_title",
                              "Startup Cost": 0.0,
                              "Total Cost": 1697.45,
                              "Plan Rows": 95069,
                              "Plan Width": 0,
                              "Actual Startup Time": 13.722,
                              "Actual Total Time": 13.723,
                              "Actual Rows": 90852,
                              "Actual Loops": 1,
                              "Index Cond": "(kind_id = 2)"
                            }
                          ]
                        }
                      ]
                    }
                  ]
                }
              ]
            }
          ]
        }
      ]
    },
    "Planning Time": 0.563,
    "Triggers": [],
    "Execution Time": 363.713
  }
]