{
    "Plan": {
        "Node Type": "Aggregate",
        "Strategy": "Plain",
        "Partial Mode": "Finalize",
        "Parallel Aware": false,
        "Startup Cost": 91370.26,
        "Total Cost": 91370.27,
        "Plan Rows": 1,
        "Plan Width": 8,
        "Actual Startup Time": 288.1,
        "Actual Total Time": 312.76,
        "Actual Rows": 1,
        "Actual Loops": 1,
        "Output": [
            "count(*)"
        ],
        "Plans": [
            {
                "Node Type": "Gather",
                "Parent Relationship": "Outer",
                "Parallel Aware": false,
                "Startup Cost": 91369.94,
                "Total Cost": 91370.25,
                "Plan Rows": 3,
                "Plan Width": 8,
                "Actual Startup Time": 287.222,
                "Actual Total Time": 312.748,
                "Actual Rows": 4,
                "Actual Loops": 1,
                "Output": [
                    "(PARTIAL count(*))"
                ],
                "Workers Planned": 3,
                "Workers Launched": 3,
                "Single Copy": false,
                "Plans": [
                    {
                        "Node Type": "Aggregate",
                        "Strategy": "Plain",
                        "Partial Mode": "Partial",
                        "Parent Relationship": "Outer",
                        "Parallel Aware": false,
                        "Startup Cost": 90369.94,
                        "Total Cost": 90369.95,
                        "Plan Rows": 1,
                        "Plan Width": 8,
                        "Actual Startup Time": 278.464,
                        "Actual Total Time": 278.467,
                        "Actual Rows": 1,
                        "Actual Loops": 4,
                        "Output": [
                            "PARTIAL count(*)"
                        ],
                        "Workers": [
                            {
                                "Worker Number": 0,
                                "Actual Startup Time": 275.298,
                                "Actual Total Time": 275.302,
                                "Actual Rows": 1,
                                "Actual Loops": 1
                            },
                            {
                                "Worker Number": 1,
                                "Actual Startup Time": 275.873,
                                "Actual Total Time": 275.876,
                                "Actual Rows": 1,
                                "Actual Loops": 1
                            },
                            {
                                "Worker Number": 2,
                                "Actual Startup Time": 276.169,
                                "Actual Total Time": 276.171,
                                "Actual Rows": 1,
                                "Actual Loops": 1
                            }
                        ],
                        "Plans": [
                            {
                                "Node Type": "Hash Join",
                                "Parent Relationship": "Outer",
                                "Parallel Aware": true,
                                "Join Type": "Inner",
                                "Startup Cost": 46396.25,
                                "Total Cost": 90242.73,
                                "Plan Rows": 50885,
                                "Plan Width": 0,
                                "Actual Startup Time": 155.074,
                                "Actual Total Time": 275.851,
                                "Actual Rows": 57224,
                                "Actual Loops": 4,
                                "Inner Unique": true,
                                "Hash Cond": "(mk.movie_id = t.id)",
                                "Workers": [
                                    {
                                        "Worker Number": 0,
                                        "Actual Startup Time": 151.792,
                                        "Actual Total Time": 272.78,
                                        "Actual Rows": 52556,
                                        "Actual Loops": 1
                                    },
                                    {
                                        "Worker Number": 1,
                                        "Actual Startup Time": 152.534,
                                        "Actual Total Time": 273.349,
                                        "Actual Rows": 55688,
                                        "Actual Loops": 1
                                    },
                                    {
                                        "Worker Number": 2,
                                        "Actual Startup Time": 152.842,
                                        "Actual Total Time": 273.602,
                                        "Actual Rows": 56981,
                                        "Actual Loops": 1
                                    }
                                ],
                                "Plans": [
                                    {
                                        "Node Type": "Seq Scan",
                                        "Parent Relationship": "Outer",
                                        "Parallel Aware": true,
                                        "Relation Name": "movie_keyword",
                                        "Schema": "public",
                                        "Alias": "mk",
                                        "Startup Cost": 0.0,
                                        "Total Cost": 42695.65,
                                        "Plan Rows": 438412,
                                        "Plan Width": 4,
                                        "Actual Startup Time": 0.741,
                                        "Actual Total Time": 107.427,
                                        "Actual Rows": 333942,
                                        "Actual Loops": 4,
                                        "Output": [
                                            "mk.id",
                                            "mk.movie_id",
                                            "mk.keyword_id"
                                        ],
                                        "Filter": "(mk.keyword_id > 12875)",
                                        "Rows Removed by Filter": 797040,
                                        "Workers": [
                                            {
                                                "Worker Number": 0,
                                                "Actual Startup Time": 0.752,
                                                "Actual Total Time": 109.358,
                                                "Actual Rows": 298927,
                                                "Actual Loops": 1
                                            },
                                            {
                                                "Worker Number": 1,
                                                "Actual Startup Time": 0.742,
                                                "Actual Total Time": 109.856,
                                                "Actual Rows": 330420,
                                                "Actual Loops": 1
                                            },
                                            {
                                                "Worker Number": 2,
                                                "Actual Startup Time": 0.735,
                                                "Actual Total Time": 109.435,
                                                "Actual Rows": 328327,
                                                "Actual Loops": 1
                                            }
                                        ]
                                    },
                                    {
                                        "Node Type": "Hash",
                                        "Parent Relationship": "Inner",
                                        "Parallel Aware": true,
                                        "Startup Cost": 45479.21,
                                        "Total Cost": 45479.21,
                                        "Plan Rows": 73363,
                                        "Plan Width": 4,
                                        "Actual Startup Time": 123.437,
                                        "Actual Total Time": 123.438,
                                        "Actual Rows": 57935,
                                        "Actual Loops": 4,
                                        "Output": [
                                            "t.id"
                                        ],
                                        "Hash Buckets": 524288,
                                        "Original Hash Buckets": 524288,
                                        "Hash Batches": 1,
                                        "Original Hash Batches": 1,
                                        "Peak Memory Usage": 13248,
                                        "Workers": [
                                            {
                                                "Worker Number": 0,
                                                "Actual Startup Time": 123.289,
                                                "Actual Total Time": 123.29,
                                                "Actual Rows": 51748,
                                                "Actual Loops": 1
                                            },
                                            {
                                                "Worker Number": 1,
                                                "Actual Startup Time": 123.954,
                                                "Actual Total Time": 123.955,
                                                "Actual Rows": 58973,
                                                "Actual Loops": 1
                                            },
                                            {
                                                "Worker Number": 2,
                                                "Actual Startup Time": 124.261,
                                                "Actual Total Time": 124.262,
                                                "Actual Rows": 60203,
                                                "Actual Loops": 1
                                            }
                                        ],
                                        "Plans": [
                                            {
                                                "Node Type": "Seq Scan",
                                                "Parent Relationship": "Outer",
                                                "Parallel Aware": true,
                                                "Relation Name": "title",
                                                "Schema": "public",
                                                "Alias": "t",
                                                "Startup Cost": 0.0,
                                                "Total Cost": 45479.21,
                                                "Plan Rows": 73363,
                                                "Plan Width": 4,
                                                "Actual Startup Time": 50.286,
                                                "Actual Total Time": 102.409,
                                                "Actual Rows": 57935,
                                                "Actual Loops": 4,
                                                "Output": [
                                                    "t.id"
                                                ],
                                                "Filter": "((t.production_year > 2004) AND (t.kind_id = 1))",
                                                "Rows Removed by Filter": 574143,
                                                "Workers": [
                                                    {
                                                        "Worker Number": 0,
                                                        "Actual Startup Time": 63.589,
                                                        "Actual Total Time": 103.208,
                                                        "Actual Rows": 51748,
                                                        "Actual Loops": 1
                                                    },
                                                    {
                                                        "Worker Number": 1,
                                                        "Actual Startup Time": 63.728,
                                                        "Actual Total Time": 102.322,
                                                        "Actual Rows": 58973,
                                                        "Actual Loops": 1
                                                    },
                                                    {
                                                        "Worker Number": 2,
                                                        "Actual Startup Time": 63.873,
                                                        "Actual Total Time": 102.65,
                                                        "Actual Rows": 60203,
                                                        "Actual Loops": 1
                                                    }
                                                ]
                                            }
                                        ]
                                    }
                                ]
                            }
                        ]
                    }
                ]
            }
        ]
    },
    "Planning Time": 0.741,
    "Triggers": [],
    "Execution Time": 312.842
}