[
  {
    "Plan": {
      "Node Type": "Aggregate",
      "Strategy": "Plain",
      "Partial Mode": "Finalize",
      "Parallel Aware": false,
      "Startup Cost": 524010.01,
      "Total Cost": 524010.02,
      "Plan Rows": 1,
      "Plan Width": 32,
      "Actual Startup Time": 2730.994,
      "Actual Total Time": 2837.385,
      "Actual Rows": 1,
      "Actual Loops": 1,
      "Plans": [
        {
          "Node Type": "Gather",
          "Parent Relationship": "Outer",
          "Parallel Aware": false,
          "Startup Cost": 524009.59,
          "Total Cost": 524010.0,
          "Plan Rows": 4,
          "Plan Width": 32,
          "Actual Startup Time": 2729.942,
          "Actual Total Time": 2837.376,
          "Actual Rows": 5,
          "Actual Loops": 1,
          "Workers Planned": 4,
          "Workers Launched": 4,
          "Single Copy": false,
          "Plans": [
            {
              "Node Type": "Aggregate",
              "Strategy": "Plain",
              "Partial Mode": "Partial",
              "Parent Relationship": "Outer",
              "Parallel Aware": false,
              "Startup Cost": 523009.59,
              "Total Cost": 523009.6,
              "Plan Rows": 1,
              "Plan Width": 32,
              "Actual Startup Time": 2718.415,
              "Actual Total Time": 2718.433,
              "Actual Rows": 1,
              "Actual Loops": 5,
              "Plans": [
                {
                  "Node Type": "Hash Join",
                  "Parent Relationship": "Outer",
                  "Parallel Aware": true,
                  "Join Type": "Inner",
                  "Startup Cost": 478320.9,
                  "Total Cost": 523009.59,
                  "Plan Rows": 1,
                  "Plan Width": 15,
                  "Actual Startup Time": 2591.666,
                  "Actual Total Time": 2717.859,
                  "Actual Rows": 7295,
                  "Actual Loops": 5,
                  "Inner Unique": false,
                  "Hash Cond": "(t.id = ci.movie_id)",
                  "Plans": [
                    {
                      "Node Type": "Seq Scan",
                      "Parent Relationship": "Outer",
                      "Parallel Aware": true,
                      "Relation Name": "title",
                      "Alias": "t",
                      "Startup Cost": 0.0,
                      "Total Cost": 42318.49,
                      "Plan Rows": 632049,
                      "Plan Width": 4,
                      "Actual Startup Time": 0.011,
                      "Actual Total Time": 70.074,
                      "Actual Rows": 505662,
                      "Actual Loops": 5
                    },
                    {
                      "Node Type": "Hash",
                      "Parent Relationship": "Inner",
                      "Parallel Aware": true,
                      "Startup Cost": 478320.89,
                      "Total Cost": 478320.89,
                      "Plan Rows": 1,
                      "Plan Width": 27,
                      "Actual Startup Time": 2589.716,
                      "Actual Total Time": 2589.732,
                      "Actual Rows": 7295,
                      "Actual Loops": 5,
                      "Hash Buckets": 65536,
                      "Original Hash Buckets": 1024,
                      "Hash Batches": 1,
                      "Original Hash Batches": 1,
                      "Peak Memory Usage": 3352,
                      "Plans": [
                        {
                          "Node Type": "Hash Join",
                          "Parent Relationship": "Outer",
                          "Parallel Aware": true,
                          "Join Type": "Inner",
                          "Startup Cost": 473425.17,
                          "Total Cost": 478320.89,
                          "Plan Rows": 1,
                          "Plan Width": 27,
                          "Actual Startup Time": 2565.121,
                          "Actual Total Time": 2579.759,
                          "Actual Rows": 7295,
                          "Actual Loops": 5,
                          "Inner Unique": false,
                          "Hash Cond": "(cn.id = mc.company_id)",
                          "Plans": [
                            {
                              "Node Type": "Seq Scan",
                              "Parent Relationship": "Outer",
                              "Parallel Aware": true,
                              "Relation Name": "company_name",
                              "Alias": "cn",
                              "Startup Cost": 0.0,
                              "Total Cost": 4377.34,
                              "Plan Rows": 138234,
                              "Plan Width": 4,
                              "Actual Startup Time": 0.012,
                              "Actual Total Time": 6.674,
                              "Actual Rows": 46999,
                              "Actual Loops": 5
                            },
                            {
                              "Node Type": "Hash",
                              "Parent Relationship": "Inner",
                              "Parallel Aware": true,
                              "Startup Cost": 473425.16,
                              "Total Cost": 473425.16,
                              "Plan Rows": 1,
                              "Plan Width": 31,
                              "Actual Startup Time": 2565.03,
                              "Actual Total Time": 2565.043,
                              "Actual Rows": 7295,
                              "Actual Loops": 5,
                              "Hash Buckets": 65536,
                              "Original Hash Buckets": 1024,
                              "Hash Batches": 1,
                              "Original Hash Batches": 1,
                              "Peak Memory Usage": 3448,
                              "Plans": [
                                {
                                  "Node Type": "Hash Join",
                                  "Parent Relationship": "Outer",
                                  "Parallel Aware": true,
                                  "Join Type": "Inner",
                                  "Startup Cost": 443062.39,
                                  "Total Cost": 473425.16,
                                  "Plan Rows": 1,
                                  "Plan Width": 31,
                                  "Actual Startup Time": 2431.996,
                                  "Actual Total Time": 2541.926,
                                  "Actual Rows": 7295,
                                  "Actual Loops": 5,
                                  "Inner Unique": false,
                                  "Hash Cond": "(mc.movie_id = ci.movie_id)",
                                  "Plans": [
                                    {
                                      "Node Type": "Seq Scan",
                                      "Parent Relationship": "Outer",
                                      "Parallel Aware": true,
                                      "Relation Name": "movie_companies",
                                      "Alias": "mc",
                                      "Startup Cost": 0.0,
                                      "Total Cost": 27206.55,
                                      "Plan Rows": 841655,
                                      "Plan Width": 8,
                                      "Actual Startup Time": 0.021,
                                      "Actual Total Time": 60.411,
                                      "Actual Rows": 521826,
                                      "Actual Loops": 5
                                    },
                                    {
                                      "Node Type": "Hash",
                                      "Parent Relationship": "Inner",
                                      "Parallel Aware": true,
                                      "Startup Cost": 443062.38,
                                      "Total Cost": 443062.38,
                                      "Plan Rows": 1,
                                      "Plan Width": 23,
                                      "Actual Startup Time": 2431.357,
                                      "Actual Total Time": 2431.366,
                                      "Actual Rows": 849,
                                      "Actual Loops": 5,
                                      "Hash Buckets": 4096,
                                      "Original Hash Buckets": 1024,
                                      "Hash Batches": 1,
                                      "Original Hash Batches": 1,
                                      "Peak Memory Usage": 440,
                                      "Plans": [
                                        {
                                          "Node Type": "Hash Join",
                                          "Parent Relationship": "Outer",
                                          "Parallel Aware": true,
                                          "Join Type": "Inner",
                                          "Startup Cost": 114141.35,
                                          "Total Cost": 443062.38,
                                          "Plan Rows": 1,
                                          "Plan Width": 23,
                                          "Actual Startup Time": 489.008,
                                          "Actual Total Time": 1825.944,
                                          "Actual Rows": 849,
                                          "Actual Loops": 5,
                                          "Inner Unique": false,
                                          "Hash Cond": "(ci.movie_id = mk.movie_id)",
                                          "Plans": [
                                            {
                                              "Node Type": "Hash Join",
                                              "Parent Relationship": "Outer",
                                              "Parallel Aware": true,
                                              "Join Type": "Inner",
                                              "Startup Cost": 68636.88,
                                              "Total Cost": 397555.64,
                                              "Plan Rows": 604,
                                              "Plan Width": 19,
                                              "Actual Startup Time": 190.799,
                                              "Actual Total Time": 1566.916,
                                              "Actual Rows": 27110,
                                              "Actual Loops": 5,
                                              "Inner Unique": true,
                                              "Hash Cond": "(ci.person_id = n.id)",
                                              "Plans": [
                                                {
                                                  "Node Type": "Seq Scan",
                                                  "Parent Relationship": "Outer",
                                                  "Parallel Aware": true,
                                                  "Relation Name": "cast_info",
                                                  "Alias": "ci",
                                                  "Startup Cost": 0.0,
                                                  "Total Cost": 313068.58,
                                                  "Plan Rows": 6038158,
                                                  "Plan Width": 8,
                                                  "Actual Startup Time": 0.014,
                                                  "Actual Total Time": 792.961,
                                                  "Actual Rows": 7248869,
                                                  "Actual Loops": 5
                                                },
                                                {
                                                  "Node Type": "Hash",
                                                  "Parent Relationship": "Inner",
                                                  "Parallel Aware": true,
                                                  "Startup Cost": 68635.58,
                                                  "Total Cost": 68635.58,
                                                  "Plan Rows": 104,
                                                  "Plan Width": 19,
                                                  "Actual Startup Time": 173.806,
                                                  "Actual Total Time": 173.807,
                                                  "Actual Rows": 3391,
                                                  "Actual Loops": 5,
                                                  "Hash Buckets": 16384,
                                                  "Original Hash Buckets": 1024,
                                                  "Hash Batches": 1,
                                                  "Original Hash Batches": 1,
                                                  "Peak Memory Usage": 1208,
                                                  "Plans": [
                                                    {
                                                      "Node Type": "Seq Scan",
                                                      "Parent Relationship": "Outer",
                                                      "Parallel Aware": true,
                                                      "Relation Name": "name",
                                                      "Alias": "n",
                                                      "Startup Cost": 0.0,
                                                      "Total Cost": 68635.58,
                                                      "Plan Rows": 104,
                                                      "Plan Width": 19,
                                                      "Actual Startup Time": 1.582,
                                                      "Actual Total Time": 151.928,
                                                      "Actual Rows": 3391,
                                                      "Actual Loops": 5,
                                                      "Filter": "(name ~~ '%Smith,%'::text)",
                                                      "Rows Removed by Filter": 830107
                                                    }
                                                  ]
                                                }
                                              ]
                                            },
                                            {
                                              "Node Type": "Hash",
                                              "Parent Relationship": "Inner",
                                              "Parallel Aware": true,
                                              "Startup Cost": 45504.33,
                                              "Total Cost": 45504.33,
                                              "Plan Rows": 11,
                                              "Plan Width": 4,
                                              "Actual Startup Time": 251.661,
                                              "Actual Total Time": 251.664,
                                              "Actual Rows": 8368,
                                              "Actual Loops": 5,
                                              "Hash Buckets": 65536,
                                              "Original Hash Buckets": 1024,
                                              "Hash Batches": 1,
                                              "Original Hash Batches": 1,
                                              "Peak Memory Usage": 2744,
                                              "Plans": [
                                                {
                                                  "Node Type": "Hash Join",
                                                  "Parent Relationship": "Outer",
                                                  "Parallel Aware": false,
                                                  "Join Type": "Inner",
                                                  "Startup Cost": 2626.14,
                                                  "Total Cost": 45504.33,
                                                  "Plan Rows": 11,
                                                  "Plan Width": 4,
                                                  "Actual Startup Time": 26.734,
                                                  "Actual Total Time": 205.248,
                                                  "Actual Rows": 8368,
                                                  "Actual Loops": 5,
                                                  "Inner Unique": true,
                                                  "Hash Cond": "(mk.keyword_id = k.id)",
                                                  "Plans": [
                                                    {
                                                      "Node Type": "Seq Scan",
                                                      "Parent Relationship": "Outer",
                                                      "Parallel Aware": true,
                                                      "Relation Name": "movie_keyword",
                                                      "Alias": "mk",
                                                      "Startup Cost": 0.0,
                                                      "Total Cost": 39047.32,
                                                      "Plan Rows": 1459332,
                                                      "Plan Width": 8,
                                                      "Actual Startup Time": 0.059,
                                                      "Actual Total Time": 106.111,
                                                      "Actual Rows": 904786,
                                                      "Actual Loops": 5
                                                    },
                                                    {
                                                      "Node Type": "Hash",
                                                      "Parent Relationship": "Inner",
                                                      "Parallel Aware": false,
                                                      "Startup Cost": 2626.12,
                                                      "Total Cost": 2626.12,
                                                      "Plan Rows": 1,
                                                      "Plan Width": 4,
                                                      "Actual Startup Time": 26.584,
                                                      "Actual Total Time": 26.585,
                                                      "Actual Rows": 1,
                                                      "Actual Loops": 5,
                                                      "Hash Buckets": 1024,
                                                      "Original Hash Buckets": 1024,
                                                      "Hash Batches": 1,
                                                      "Original Hash Batches": 1,
                                                      "Peak Memory Usage": 9,
                                                      "Plans": [
                                                        {
                                                          "Node Type": "Seq Scan",
                                                          "Parent Relationship": "Outer",
                                                          "Parallel Aware": false,
                                                          "Relation Name": "keyword",
                                                          "Alias": "k",
                                                          "Startup Cost": 0.0,
                                                          "Total Cost": 2626.12,
                                                          "Plan Rows": 1,
                                                          "Plan Width": 4,
                                                          "Actual Startup Time": 2.186,
                                                          "Actual Total Time": 26.559,
                                                          "Actual Rows": 1,
                                                          "Actual Loops": 5,
                                                          "Filter": "(keyword = 'character-name-in-title'::text)",
                                                          "Rows Removed by Filter": 134169
                                                        }
                                                      ]
                                                    }
                                                  ]
                                                }
                                              ]
                                            }
                                          ]
                                        }
                                      ]
                                    }
                                  ]
                                }
                              ]
                            }
                          ]
                        }
                      ]
                    }
                  ]
                }
              ]
            }
          ]
        }
      ]
    },
    "Planning Time": 14.675,
    "Triggers": [],
    "Execution Time": 2837.969
  }
]