{
  "Plan": {
    "Node Type": "Aggregate",
    "Strategy": "Plain",
    "Partial Mode": "Finalize",
    "Parallel Aware": false,
    "Startup Cost": 464369.87,
    "Total Cost": 464369.88,
    "Plan Rows": 1,
    "Plan Width": 8,
    "Actual Startup Time": 1445.835,
    "Actual Total Time": 1480.345,
    "Actual Rows": 1,
    "Actual Loops": 1,
    "Plans": [
      {
        "Node Type": "Gather",
        "Parent Relationship": "Outer",
        "Parallel Aware": false,
        "Startup Cost": 464369.76,
        "Total Cost": 464369.87,
        "Plan Rows": 1,
        "Plan Width": 8,
        "Actual Startup Time": 1445.705,
        "Actual Total Time": 1480.338,
        "Actual Rows": 2,
        "Actual Loops": 1,
        "Workers Planned": 1,
        "Workers Launched": 1,
        "Single Copy": false,
        "Plans": [
          {
            "Node Type": "Aggregate",
            "Strategy": "Plain",
            "Partial Mode": "Partial",
            "Parent Relationship": "Outer",
            "Parallel Aware": false,
            "Startup Cost": 463369.76,
            "Total Cost": 463369.77,
            "Plan Rows": 1,
            "Plan Width": 8,
            "Actual Startup Time": 1440.001,
            "Actual Total Time": 1440.004,
            "Actual Rows": 1,
            "Actual Loops": 2,
            "Plans": [
              {
                "Node Type": "Hash Join",
                "Parent Relationship": "Outer",
                "Parallel Aware": true,
                "Join Type": "Inner",
                "Startup Cost": 58480.31,
                "Total Cost": 463335.34,
                "Plan Rows": 13769,
                "Plan Width": 0,
                "Actual Startup Time": 137.558,
                "Actual Total Time": 1438.173,
                "Actual Rows": 27443,
                "Actual Loops": 2,
                "Inner Unique": true,
                "Hash Cond": "(ci.movie_id = t.id)",
                "Plans": [
                  {
                    "Node Type": "Index Scan",
                    "Parent Relationship": "Outer",
                    "Parallel Aware": true,
                    "Scan Direction": "Forward",
                    "Index Name": "role_id_cast_info",
                    "Relation Name": "cast_info",
                    "Alias": "ci",
                    "Startup Cost": 0.56,
                    "Total Cost": 400977.7,
                    "Plan Rows": 1477288,
                    "Plan Width": 4,
                    "Actual Startup Time": 0.095,
                    "Actual Total Time": 998.157,
                    "Actual Rows": 2703526,
                    "Actual Loops": 2,
                    "Index Cond": "(role_id < 2)",
                    "Rows Removed by Index Recheck": 0,
                    "Filter": "(person_id < 725559)",
                    "Rows Removed by Filter": 3631818
                  },
                  {
                    "Node Type": "Hash",
                    "Parent Relationship": "Inner",
                    "Parallel Aware": true,
                    "Startup Cost": 58306.47,
                    "Total Cost": 58306.47,
                    "Plan Rows": 13862,
                    "Plan Width": 4,
                    "Actual Startup Time": 136.004,
                    "Actual Total Time": 136.006,
                    "Actual Rows": 12993,
                    "Actual Loops": 2,
                    "Hash Buckets": 32768,
                    "Original Hash Buckets": 32768,
                    "Hash Batches": 1,
                    "Original Hash Batches": 1,
                    "Peak Memory Usage": 1312,
                    "Plans": [
                      {
                        "Node Type": "Seq Scan",
                        "Parent Relationship": "Outer",
                        "Parallel Aware": true,
                        "Relation Name": "title",
                        "Alias": "t",
                        "Startup Cost": 0.0,
                        "Total Cost": 58306.47,
                        "Plan Rows": 13862,
                        "Plan Width": 4,
                        "Actual Startup Time": 0.044,
                        "Actual Total Time": 131.816,
                        "Actual Rows": 12993,
                        "Actual Loops": 2,
                        "Filter": "((kind_id = 7) AND (production_year = 1997))",
                        "Rows Removed by Filter": 1251163
                      }
                    ]
                  }
                ]
              }
            ]
          }
        ]
      }
    ]
  },
  "Planning Time": 0.53,
  "Triggers": [],
  "Execution Time": 1480.429
}