[
  {
    "Plan": {
      "Node Type": "Aggregate",
      "Strategy": "Plain",
      "Partial Mode": "Finalize",
      "Parallel Aware": false,
      "Startup Cost": 769063.38,
      "Total Cost": 769063.39,
      "Plan Rows": 1,
      "Plan Width": 64,
      "Actual Startup Time": 2289.993,
      "Actual Total Time": 2452.32,
      "Actual Rows": 1,
      "Actual Loops": 1,
      "Plans": [
        {
          "Node Type": "Gather",
          "Parent Relationship": "Outer",
          "Parallel Aware": false,
          "Startup Cost": 769062.95,
          "Total Cost": 769063.36,
          "Plan Rows": 4,
          "Plan Width": 64,
          "Actual Startup Time": 2289.739,
          "Actual Total Time": 2452.297,
          "Actual Rows": 5,
          "Actual Loops": 1,
          "Workers Planned": 4,
          "Workers Launched": 4,
          "Single Copy": false,
          "Plans": [
            {
              "Node Type": "Aggregate",
              "Strategy": "Plain",
              "Partial Mode": "Partial",
              "Parent Relationship": "Outer",
              "Parallel Aware": false,
              "Startup Cost": 768062.95,
              "Total Cost": 768062.96,
              "Plan Rows": 1,
              "Plan Width": 64,
              "Actual Startup Time": 2277.831,
              "Actual Total Time": 2277.861,
              "Actual Rows": 1,
              "Actual Loops": 5,
              "Plans": [
                {
                  "Node Type": "Hash Join",
                  "Parent Relationship": "Outer",
                  "Parallel Aware": true,
                  "Join Type": "Inner",
                  "Startup Cost": 721974.71,
                  "Total Cost": 768062.95,
                  "Plan Rows": 1,
                  "Plan Width": 32,
                  "Actual Startup Time": 2184.98,
                  "Actual Total Time": 2277.795,
                  "Actual Rows": 208,
                  "Actual Loops": 5,
                  "Inner Unique": false,
                  "Hash Cond": "(t.id = mi.movie_id)",
                  "Plans": [
                    {
                      "Node Type": "Seq Scan",
                      "Parent Relationship": "Outer",
                      "Parallel Aware": true,
                      "Relation Name": "title",
                      "Alias": "t",
                      "Startup Cost": 0.0,
                      "Total Cost": 45478.74,
                      "Plan Rows": 162530,
                      "Plan Width": 21,
                      "Actual Startup Time": 0.022,
                      "Actual Total Time": 82.105,
                      "Actual Rows": 129908,
                      "Actual Loops": 5,
                      "Filter": "((production_year >= 2000) AND (production_year <= 2007))",
                      "Rows Removed by Filter": 375754
                    },
                    {
                      "Node Type": "Hash",
                      "Parent Relationship": "Inner",
                      "Parallel Aware": true,
                      "Startup Cost": 721974.7,
                      "Total Cost": 721974.7,
                      "Plan Rows": 1,
                      "Plan Width": 27,
                      "Actual Startup Time": 2184.014,
                      "Actual Total Time": 2184.042,
                      "Actual Rows": 294,
                      "Actual Loops": 5,
                      "Hash Buckets": 2048,
                      "Original Hash Buckets": 1024,
                      "Hash Batches": 1,
                      "Original Hash Batches": 1,
                      "Peak Memory Usage": 248,
                      "Plans": [
                        {
                          "Node Type": "Hash Join",
                          "Parent Relationship": "Outer",
                          "Parallel Aware": true,
                          "Join Type": "Inner",
                          "Startup Cost": 717063.76,
                          "Total Cost": 721974.7,
                          "Plan Rows": 1,
                          "Plan Width": 27,
                          "Actual Startup Time": 2174.121,
                          "Actual Total Time": 2181.927,
                          "Actual Rows": 294,
                          "Actual Loops": 5,
                          "Inner Unique": false,
                          "Hash Cond": "(cn.id = mc.company_id)",
                          "Plans": [
                            {
                              "Node Type": "Seq Scan",
                              "Parent Relationship": "Outer",
                              "Parallel Aware": true,
                              "Relation Name": "company_name",
                              "Alias": "cn",
                              "Startup Cost": 0.0,
                              "Total Cost": 4722.92,
                              "Plan Rows": 50137,
                              "Plan Width": 4,
                              "Actual Startup Time": 0.015,
                              "Actual Total Time": 7.598,
                              "Actual Rows": 16969,
                              "Actual Loops": 5,
                              "Filter": "((country_code)::text = '[us]'::text)",
                              "Rows Removed by Filter": 30031
                            },
                            {
                              "Node Type": "Hash",
                              "Parent Relationship": "Inner",
                              "Parallel Aware": true,
                              "Startup Cost": 717063.75,
                              "Total Cost": 717063.75,
                              "Plan Rows": 1,
                              "Plan Width": 31,
                              "Actual Startup Time": 2172.813,
                              "Actual Total Time": 2172.838,
                              "Actual Rows": 294,
                              "Actual Loops": 5,
                              "Hash Buckets": 1024,
                              "Original Hash Buckets": 1024,
                              "Hash Batches": 1,
                              "Original Hash Batches": 1,
                              "Peak Memory Usage": 168,
                              "Plans": [
                                {
                                  "Node Type": "Hash Join",
                                  "Parent Relationship": "Outer",
                                  "Parallel Aware": true,
                                  "Join Type": "Inner",
                                  "Startup Cost": 685293.95,
                                  "Total Cost": 717063.75,
                                  "Plan Rows": 1,
                                  "Plan Width": 31,
                                  "Actual Startup Time": 2065.799,
                                  "Actual Total Time": 2172.648,
                                  "Actual Rows": 294,
                                  "Actual Loops": 5,
                                  "Inner Unique": false,
                                  "Hash Cond": "(mc.movie_id = mi.movie_id)",
                                  "Plans": [
                                    {
                                      "Node Type": "Seq Scan",
                                      "Parent Relationship": "Outer",
                                      "Parallel Aware": true,
                                      "Relation Name": "movie_companies",
                                      "Alias": "mc",
                                      "Startup Cost": 0.0,
                                      "Total Cost": 31414.82,
                                      "Plan Rows": 94659,
                                      "Plan Width": 8,
                                      "Actual Startup Time": 0.041,
                                      "Actual Total Time": 97.865,
                                      "Actual Rows": 118199,
                                      "Actual Loops": 5,
                                      "Filter": "((note IS NOT NULL) AND ((note ~~ '%(USA)%'::text) OR (note ~~ '%(worldwide)%'::text)))",
                                      "Rows Removed by Filter": 403627
                                    },
                                    {
                                      "Node Type": "Hash",
                                      "Parent Relationship": "Inner",
                                      "Parallel Aware": true,
                                      "Startup Cost": 685293.93,
                                      "Total Cost": 685293.93,
                                      "Plan Rows": 1,
                                      "Plan Width": 23,
                                      "Actual Startup Time": 2063.687,
                                      "Actual Total Time": 2063.708,
                                      "Actual Rows": 412,
                                      "Actual Loops": 5,
                                      "Hash Buckets": 2048,
                                      "Original Hash Buckets": 1024,
                                      "Hash Batches": 1,
                                      "Original Hash Batches": 1,
                                      "Peak Memory Usage": 248,
                                      "Plans": [
                                        {
                                          "Node Type": "Hash Join",
                                          "Parent Relationship": "Outer",
                                          "Parallel Aware": true,
                                          "Join Type": "Inner",
                                          "Startup Cost": 638022.67,
                                          "Total Cost": 685293.93,
                                          "Plan Rows": 1,
                                          "Plan Width": 23,
                                          "Actual Startup Time": 1946.922,
                                          "Actual Total Time": 2055.63,
                                          "Actual Rows": 412,
                                          "Actual Loops": 5,
                                          "Inner Unique": false,
                                          "Hash Cond": "(chn.id = ci.person_role_id)",
                                          "Plans": [
                                            {
                                              "Node Type": "Seq Scan",
                                              "Parent Relationship": "Outer",
                                              "Parallel Aware": true,
                                              "Relation Name": "char_name",
                                              "Alias": "chn",
                                              "Startup Cost": 0.0,
                                              "Total Cost": 44325.46,
                                              "Plan Rows": 785546,
                                              "Plan Width": 4,
                                              "Actual Startup Time": 0.023,
                                              "Actual Total Time": 83.516,
                                              "Actual Rows": 628068,
                                              "Actual Loops": 5
                                            },
                                            {
                                              "Node Type": "Hash",
                                              "Parent Relationship": "Inner",
                                              "Parallel Aware": true,
                                              "Startup Cost": 638022.66,
                                              "Total Cost": 638022.66,
                                              "Plan Rows": 1,
                                              "Plan Width": 27,
                                              "Actual Startup Time": 1925.49,
                                              "Actual Total Time": 1925.507,
                                              "Actual Rows": 414,
                                              "Actual Loops": 5,
                                              "Hash Buckets": 2048,
                                              "Original Hash Buckets": 1024,
                                              "Hash Batches": 1,
                                              "Original Hash Batches": 1,
                                              "Peak Memory Usage": 216,
                                              "Plans": [
                                                {
                                                  "Node Type": "Hash Join",
                                                  "Parent Relationship": "Outer",
                                                  "Parallel Aware": true,
                                                  "Join Type": "Inner",
                                                  "Startup Cost": 622628.75,
                                                  "Total Cost": 638022.66,
                                                  "Plan Rows": 1,
                                                  "Plan Width": 27,
                                                  "Actual Startup Time": 1905.81,
                                                  "Actual Total Time": 1920.897,
                                                  "Actual Rows": 414,
                                                  "Actual Loops": 5,
                                                  "Inner Unique": false,
                                                  "Hash Cond": "(an.person_id = n.id)",
                                                  "Plans": [
                                                    {
                                                      "Node Type": "Seq Scan",
                                                      "Parent Relationship": "Outer",
                                                      "Parallel Aware": true,
                                                      "Relation Name": "aka_name",
                                                      "Alias": "an",
                                                      "Startup Cost": 0.0,
                                                      "Total Cost": 14303.56,
                                                      "Plan Rows": 290756,
                                                      "Plan Width": 4,
                                                      "Actual Startup Time": 0.027,
                                                      "Actual Total Time": 26.83,
                                                      "Actual Rows": 180269,
                                                      "Actual Loops": 5
                                                    },
                                                    {
                                                      "Node Type": "Hash",
                                                      "Parent Relationship": "Inner",
                                                      "Parallel Aware": true,
                                                      "Startup Cost": 622628.74,
                                                      "Total Cost": 622628.74,
                                                      "Plan Rows": 1,
                                                      "Plan Width": 35,
                                                      "Actual Startup Time": 1879.571,
                                                      "Actual Total Time": 1879.583,
                                                      "Actual Rows": 228,
                                                      "Actual Loops": 5,
                                                      "Hash Buckets": 1024,
                                                      "Original Hash Buckets": 1024,
                                                      "Hash Batches": 1,
                                                      "Original Hash Batches": 1,
                                                      "Peak Memory Usage": 168,
                                                      "Plans": [
                                                        {
                                                          "Node Type": "Hash Join",
                                                          "Parent Relationship": "Outer",
                                                          "Parallel Aware": true,
                                                          "Join Type": "Inner",
                                                          "Startup Cost": 415733.93,
                                                          "Total Cost": 622628.74,
                                                          "Plan Rows": 1,
                                                          "Plan Width": 35,
                                                          "Actual Startup Time": 1437.891,
                                                          "Actual Total Time": 1879.402,
                                                          "Actual Rows": 228,
                                                          "Actual Loops": 5,
                                                          "Inner Unique": false,
                                                          "Hash Cond": "(mi.movie_id = ci.movie_id)",
                                                          "Plans": [
                                                            {
                                                              "Node Type": "Hash Join",
                                                              "Parent Relationship": "Outer",
                                                              "Parallel Aware": false,
                                                              "Join Type": "Inner",
                                                              "Startup Cost": 2.43,
                                                              "Total Cost": 206892.59,
                                                              "Plan Rows": 1236,
                                                              "Plan Width": 4,
                                                              "Actual Startup Time": 147.255,
                                                              "Actual Total Time": 583.623,
                                                              "Actual Rows": 90208,
                                                              "Actual Loops": 5,
                                                              "Inner Unique": true,
                                                              "Hash Cond": "(mi.info_type_id = it.id)",
                                                              "Plans": [
                                                                {
                                                                  "Node Type": "Seq Scan",
                                                                  "Parent Relationship": "Outer",
                                                                  "Parallel Aware": true,
                                                                  "Relation Name": "movie_info",
                                                                  "Alias": "mi",
                                                                  "Startup Cost": 0.0,
                                                                  "Total Cost": 206509.76,
                                                                  "Plan Rows": 139676,
                                                                  "Plan Width": 8,
                                                                  "Actual Startup Time": 66.946,
                                                                  "Actual Total Time": 569.19,
                                                                  "Actual Rows": 90221,
                                                                  "Actual Loops": 5,
                                                                  "Filter": "((info IS NOT NULL) AND ((info ~~ 'Japan:%200%'::text) OR (info ~~ 'USA:%200%'::text)))",
                                                                  "Rows Removed by Filter": 2876923
                                                                },
                                                                {
                                                                  "Node Type": "Hash",
                                                                  "Parent Relationship": "Inner",
                                                                  "Parallel Aware": false,
                                                                  "Startup Cost": 2.41,
                                                                  "Total Cost": 2.41,
                                                                  "Plan Rows": 1,
                                                                  "Plan Width": 4,
                                                                  "Actual Startup Time": 0.052,
                                                                  "Actual Total Time": 0.053,
                                                                  "Actual Rows": 1,
                                                                  "Actual Loops": 5,
                                                                  "Hash Buckets": 1024,
                                                                  "Original Hash Buckets": 1024,
                                                                  "Hash Batches": 1,
                                                                  "Original Hash Batches": 1,
                                                                  "Peak Memory Usage": 9,
                                                                  "Plans": [
                                                                    {
                                                                      "Node Type": "Seq Scan",
                                                                      "Parent Relationship": "Outer",
                                                                      "Parallel Aware": false,
                                                                      "Relation Name": "info_type",
                                                                      "Alias": "it",
                                                                      "Startup Cost": 0.0,
                                                                      "Total Cost": 2.41,
                                                                      "Plan Rows": 1,
                                                                      "Plan Width": 4,
                                                                      "Actual Startup Time": 0.039,
                                                                      "Actual Total Time": 0.045,
                                                                      "Actual Rows": 1,
                                                                      "Actual Loops": 5,
                                                                      "Filter": "((info)::text = 'release dates'::text)",
                                                                      "Rows Removed by Filter": 112
                                                                    }
                                                                  ]
                                                                }
                                                              ]
                                                            },
                                                            {
                                                              "Node Type": "Hash",
                                                              "Parent Relationship": "Inner",
                                                              "Parallel Aware": true,
                                                              "Startup Cost": 415731.49,
                                                              "Total Cost": 415731.49,
                                                              "Plan Rows": 1,
                                                              "Plan Width": 31,
                                                              "Actual Startup Time": 1285.453,
                                                              "Actual Total Time": 1285.46,
                                                              "Actual Rows": 282,
                                                              "Actual Loops": 5,
                                                              "Hash Buckets": 1024,
                                                              "Original Hash Buckets": 1024,
                                                              "Hash Batches": 1,
                                                              "Original Hash Batches": 1,
                                                              "Peak Memory Usage": 168,
                                                              "Plans": [
                                                                {
                                                                  "Node Type": "Hash Join",
                                                                  "Parent Relationship": "Outer",
                                                                  "Parallel Aware": false,
                                                                  "Join Type": "Inner",
                                                                  "Startup Cost": 71241.56,
                                                                  "Total Cost": 415731.49,
                                                                  "Plan Rows": 1,
                                                                  "Plan Width": 31,
                                                                  "Actual Startup Time": 544.16,
                                                                  "Actual Total Time": 1285.225,
                                                                  "Actual Rows": 282,
                                                                  "Actual Loops": 5,
                                                                  "Inner Unique": true,
                                                                  "Hash Cond": "(ci.role_id = rt.id)",
                                                                  "Plans": [
                                                                    {
                                                                      "Node Type": "Hash Join",
                                                                      "Parent Relationship": "Outer",
                                                                      "Parallel Aware": true,
                                                                      "Join Type": "Inner",
                                                                      "Startup Cost": 71240.4,
                                                                      "Total Cost": 415730.29,
                                                                      "Plan Rows": 11,
                                                                      "Plan Width": 35,
                                                                      "Actual Startup Time": 544.0,
                                                                      "Actual Total Time": 1284.999,
                                                                      "Actual Rows": 306,
                                                                      "Actual Loops": 5,
                                                                      "Inner Unique": true,
                                                                      "Hash Cond": "(ci.person_id = n.id)",
                                                                      "Plans": [
                                                                        {
                                                                          "Node Type": "Seq Scan",
                                                                          "Parent Relationship": "Outer",
                                                                          "Parallel Aware": true,
                                                                          "Relation Name": "cast_info",
                                                                          "Alias": "ci",
                                                                          "Startup Cost": 0.0,
                                                                          "Total Cost": 343259.37,
                                                                          "Plan Rows": 468770,
                                                                          "Plan Width": 16,
                                                                          "Actual Startup Time": 0.035,
                                                                          "Actual Total Time": 1055.406,
                                                                          "Actual Rows": 560743,
                                                                          "Actual Loops": 5,
                                                                          "Filter": "(note = ANY ('{(voice),(producer),(writer),\"(as Terri Colombino)\"}'::text[]))",
                                                                          "Rows Removed by Filter": 6688126
                                                                        },
                                                                        {
                                                                          "Node Type": "Hash",
                                                                          "Parent Relationship": "Inner",
                                                                          "Parallel Aware": true,
                                                                          "Startup Cost": 71240.1,
                                                                          "Total Cost": 71240.1,
                                                                          "Plan Rows": 24,
                                                                          "Plan Width": 19,
                                                                          "Actual Startup Time": 182.533,
                                                                          "Actual Total Time": 182.534,
                                                                          "Actual Rows": 119,
                                                                          "Actual Loops": 5,
                                                                          "Hash Buckets": 1024,
                                                                          "Original Hash Buckets": 1024,
                                                                          "Hash Batches": 1,
                                                                          "Original Hash Batches": 1,
                                                                          "Peak Memory Usage": 168,
                                                                          "Plans": [
                                                                            {
                                                                              "Node Type": "Seq Scan",
                                                                              "Parent Relationship": "Outer",
                                                                              "Parallel Aware": true,
                                                                              "Relation Name": "name",
                                                                              "Alias": "n",
                                                                              "Startup Cost": 0.0,
                                                                              "Total Cost": 71240.1,
                                                                              "Plan Rows": 24,
                                                                              "Plan Width": 19,
                                                                              "Actual Startup Time": 84.209,
                                                                              "Actual Total Time": 182.38,
                                                                              "Actual Rows": 119,
                                                                              "Actual Loops": 5,
                                                                              "Filter": "((name ~~ '%Terri%'::text) AND ((gender)::text = 'f'::text))",
                                                                              "Rows Removed by Filter": 833379
                                                                            }
                                                                          ]
                                                                        }
                                                                      ]
                                                                    },
                                                                    {
                                                                      "Node Type": "Hash",
                                                                      "Parent Relationship": "Inner",
                                                                      "Parallel Aware": false,
                                                                      "Startup Cost": 1.15,
                                                                      "Total Cost": 1.15,
                                                                      "Plan Rows": 1,
                                                                      "Plan Width": 4,
                                                                      "Actual Startup Time": 0.109,
                                                                      "Actual Total Time": 0.11,
                                                                      "Actual Rows": 1,
                                                                      "Actual Loops": 5,
                                                                      "Hash Buckets": 1024,
                                                                      "Original Hash Buckets": 1024,
                                                                      "Hash Batches": 1,
                                                                      "Original Hash Batches": 1,
                                                                      "Peak Memory Usage": 9,
                                                                      "Plans": [
                                                                        {
                                                                          "Node Type": "Seq Scan",
                                                                          "Parent Relationship": "Outer",
                                                                          "Parallel Aware": false,
                                                                          "Relation Name": "role_type",
                                                                          "Alias": "rt",
                                                                          "Startup Cost": 0.0,
                                                                          "Total Cost": 1.15,
                                                                          "Plan Rows": 1,
                                                                          "Plan Width": 4,
                                                                          "Actual Startup Time": 0.069,
                                                                          "Actual Total Time": 0.074,
                                                                          "Actual Rows": 1,
                                                                          "Actual Loops": 5,
                                                                          "Filter": "((role)::text = 'actress'::text)",
                                                                          "Rows Removed by Filter": 11
                                                                        }
                                                                      ]
                                                                    }
                                                                  ]
                                                                }
                                                              ]
                                                            }
                                                          ]
                                                        }
                                                      ]
                                                    }
                                                  ]
                                                }
                                              ]
                                            }
                                          ]
                                        }
                                      ]
                                    }
                                  ]
                                }
                              ]
                            }
                          ]
                        }
                      ]
                    }
                  ]
                }
              ]
            }
          ]
        }
      ]
    },
    "Planning Time": 39.781,
    "Triggers": [],
    "Execution Time": 2452.723
  }
]