{
  "Plan": {
    "Node Type": "Aggregate",
    "Strategy": "Plain",
    "Partial Mode": "Simple",
    "Parallel Aware": false,
    "Startup Cost": 81297.29,
    "Total Cost": 81297.3,
    "Plan Rows": 1,
    "Plan Width": 64,
    "Actual Startup Time": 8541.78,
    "Actual Total Time": 8541.872,
    "Actual Rows": 1,
    "Actual Loops": 1,
    "Plans": [
      {
        "Node Type": "Gather",
        "Parent Relationship": "Outer",
        "Parallel Aware": false,
        "Startup Cost": 61350.33,
        "Total Cost": 81297.28,
        "Plan Rows": 1,
        "Plan Width": 27,
        "Actual Startup Time": 7047.036,
        "Actual Total Time": 8541.75,
        "Actual Rows": 612,
        "Actual Loops": 1,
        "Workers Planned": 1,
        "Workers Launched": 0,
        "Single Copy": false,
        "Plans": [
          {
            "Node Type": "Nested Loop",
            "Parent Relationship": "Outer",
            "Parallel Aware": false,
            "Join Type": "Inner",
            "Startup Cost": 60350.33,
            "Total Cost": 80297.18,
            "Plan Rows": 1,
            "Plan Width": 27,
            "Actual Startup Time": 7045.681,
            "Actual Total Time": 8540.264,
            "Actual Rows": 612,
            "Actual Loops": 1,
            "Inner Unique": true,
            "Plans": [
              {
                "Node Type": "Nested Loop",
                "Parent Relationship": "Outer",
                "Parallel Aware": false,
                "Join Type": "Inner",
                "Startup Cost": 60350.18,
                "Total Cost": 80296.95,
                "Plan Rows": 1,
                "Plan Width": 31,
                "Actual Startup Time": 7045.671,
                "Actual Total Time": 8539.778,
                "Actual Rows": 612,
                "Actual Loops": 1,
                "Inner Unique": true,
                "Plans": [
                  {
                    "Node Type": "Nested Loop",
                    "Parent Relationship": "Outer",
                    "Parallel Aware": false,
                    "Join Type": "Inner",
                    "Startup Cost": 60349.76,
                    "Total Cost": 80296.51,
                    "Plan Rows": 1,
                    "Plan Width": 35,
                    "Actual Startup Time": 7045.649,
                    "Actual Total Time": 8538.59,
                    "Actual Rows": 612,
                    "Actual Loops": 1,
                    "Inner Unique": false,
                    "Join Filter": "(t.id = mi.movie_id)",
                    "Rows Removed by Join Filter": 0,
                    "Plans": [
                      {
                        "Node Type": "Hash Join",
                        "Parent Relationship": "Outer",
                        "Parallel Aware": false,
                        "Join Type": "Inner",
                        "Startup Cost": 60349.33,
                        "Total Cost": 75904.15,
                        "Plan Rows": 2722,
                        "Plan Width": 47,
                        "Actual Startup Time": 349.385,
                        "Actual Total Time": 1656.483,
                        "Actual Rows": 195526,
                        "Actual Loops": 1,
                        "Inner Unique": true,
                        "Hash Cond": "(mc.company_type_id = ct.id)",
                        "Plans": [
                          {
                            "Node Type": "Nested Loop",
                            "Parent Relationship": "Outer",
                            "Parallel Aware": false,
                            "Join Type": "Inner",
                            "Startup Cost": 60348.24,
                            "Total Cost": 75888.35,
                            "Plan Rows": 2722,
                            "Plan Width": 51,
                            "Actual Startup Time": 349.34,
                            "Actual Total Time": 1618.52,
                            "Actual Rows": 195526,
                            "Actual Loops": 1,
                            "Inner Unique": true,
                            "Plans": [
                              {
                                "Node Type": "Nested Loop",
                                "Parent Relationship": "Outer",
                                "Parallel Aware": false,
                                "Join Type": "Inner",
                                "Startup Cost": 60347.82,
                                "Total Cost": 72541.53,
                                "Plan Rows": 7505,
                                "Plan Width": 55,
                                "Actual Startup Time": 349.324,
                                "Actual Total Time": 599.33,
                                "Actual Rows": 815103,
                                "Actual Loops": 1,
                                "Inner Unique": false,
                                "Join Filter": "(t.id = mc.movie_id)",
                                "Rows Removed by Join Filter": 0,
                                "Plans": [
                                  {
                                    "Node Type": "Nested Loop",
                                    "Parent Relationship": "Outer",
                                    "Parallel Aware": false,
                                    "Join Type": "Inner",
                                    "Startup Cost": 60347.39,
                                    "Total Cost": 68141.74,
                                    "Plan Rows": 7272,
                                    "Plan Width": 43,
                                    "Actual Startup Time": 349.309,
                                    "Actual Total Time": 358.785,
                                    "Actual Rows": 28612,
                                    "Actual Loops": 1,
                                    "Inner Unique": false,
                                    "Plans": [
                                      {
                                        "Node Type": "Merge Join",
                                        "Parent Relationship": "Outer",
                                        "Parallel Aware": false,
                                        "Join Type": "Inner",
                                        "Startup Cost": 60346.96,
                                        "Total Cost": 60423.18,
                                        "Plan Rows": 4064,
                                        "Plan Width": 35,
                                        "Actual Startup Time": 349.279,
                                        "Actual Total Time": 349.493,
                                        "Actual Rows": 250,
                                        "Actual Loops": 1,
                                        "Inner Unique": true,
                                        "Merge Cond": "(t.kind_id = kt.id)",
                                        "Plans": [
                                          {
                                            "Node Type": "Sort",
                                            "Parent Relationship": "Outer",
                                            "Parallel Aware": false,
                                            "Startup Cost": 60345.81,
                                            "Total Cost": 60363.59,
                                            "Plan Rows": 7112,
                                            "Plan Width": 29,
                                            "Actual Startup Time": 349.242,
                                            "Actual Total Time": 349.342,
                                            "Actual Rows": 252,
                                            "Actual Loops": 1,
                                            "Sort Key": [
                                              "t.kind_id"
                                            ],
                                            "Sort Method": "quicksort",
                                            "Sort Space Used": 92,
                                            "Sort Space Type": "Memory",
                                            "Plans": [
                                              {
                                                "Node Type": "Hash Join",
                                                "Parent Relationship": "Outer",
                                                "Parallel Aware": false,
                                                "Join Type": "Inner",
                                                "Startup Cost": 3235.39,
                                                "Total Cost": 59890.78,
                                                "Plan Rows": 7112,
                                                "Plan Width": 29,
                                                "Actual Startup Time": 42.931,
                                                "Actual Total Time": 348.957,
                                                "Actual Rows": 843,
                                                "Actual Loops": 1,
                                                "Inner Unique": false,
                                                "Hash Cond": "(t.id = cc.movie_id)",
                                                "Plans": [
                                                  {
                                                    "Node Type": "Seq Scan",
                                                    "Parent Relationship": "Outer",
                                                    "Parallel Aware": true,
                                                    "Relation Name": "title",
                                                    "Alias": "t",
                                                    "Startup Cost": 0.0,
                                                    "Total Cost": 54587.68,
                                                    "Plan Rows": 532425,
                                                    "Plan Width": 25,
                                                    "Actual Startup Time": 0.012,
                                                    "Actual Total Time": 229.207,
                                                    "Actual Rows": 904491,
                                                    "Actual Loops": 1,
                                                    "Filter": "(production_year > 2006)",
                                                    "Rows Removed by Filter": 1623821
                                                  },
                                                  {
                                                    "Node Type": "Hash",
                                                    "Parent Relationship": "Inner",
                                                    "Parallel Aware": false,
                                                    "Startup Cost": 2813.24,
                                                    "Total Cost": 2813.24,
                                                    "Plan Rows": 33772,
                                                    "Plan Width": 4,
                                                    "Actual Startup Time": 42.723,
                                                    "Actual Total Time": 42.726,
                                                    "Actual Rows": 24592,
                                                    "Actual Loops": 1,
                                                    "Hash Buckets": 65536,
                                                    "Original Hash Buckets": 65536,
                                                    "Hash Batches": 1,
                                                    "Original Hash Batches": 1,
                                                    "Peak Memory Usage": 1377,
                                                    "Plans": [
                                                      {
                                                        "Node Type": "Hash Join",
                                                        "Parent Relationship": "Outer",
                                                        "Parallel Aware": false,
                                                        "Join Type": "Inner",
                                                        "Startup Cost": 1.06,
                                                        "Total Cost": 2813.24,
                                                        "Plan Rows": 33772,
                                                        "Plan Width": 4,
                                                        "Actual Startup Time": 0.053,
                                                        "Actual Total Time": 37.622,
                                                        "Actual Rows": 24592,
                                                        "Actual Loops": 1,
                                                        "Inner Unique": true,
                                                        "Hash Cond": "(cc.status_id = cct1.id)",
                                                        "Plans": [
                                                          {
                                                            "Node Type": "Seq Scan",
                                                            "Parent Relationship": "Outer",
                                                            "Parallel Aware": false,
                                                            "Relation Name": "complete_cast",
                                                            "Alias": "cc",
                                                            "Startup Cost": 0.0,
                                                            "Total Cost": 2081.86,
                                                            "Plan Rows": 135086,
                                                            "Plan Width": 8,
                                                            "Actual Startup Time": 0.021,
                                                            "Actual Total Time": 16.711,
                                                            "Actual Rows": 135086,
                                                            "Actual Loops": 1
                                                          },
                                                          {
                                                            "Node Type": "Hash",
                                                            "Parent Relationship": "Inner",
                                                            "Parallel Aware": false,
                                                            "Startup Cost": 1.05,
                                                            "Total Cost": 1.05,
                                                            "Plan Rows": 1,
                                                            "Plan Width": 4,
                                                            "Actual Startup Time": 0.019,
                                                            "Actual Total Time": 0.02,
                                                            "Actual Rows": 1,
                                                            "Actual Loops": 1,
                                                            "Hash Buckets": 1024,
                                                            "Original Hash Buckets": 1024,
                                                            "Hash Batches": 1,
                                                            "Original Hash Batches": 1,
                                                            "Peak Memory Usage": 9,
                                                            "Plans": [
                                                              {
                                                                "Node Type": "Seq Scan",
                                                                "Parent Relationship": "Outer",
                                                                "Parallel Aware": false,
                                                                "Relation Name": "comp_cast_type",
                                                                "Alias": "cct1",
                                                                "Startup Cost": 0.0,
                                                                "Total Cost": 1.05,
                                                                "Plan Rows": 1,
                                                                "Plan Width": 4,
                                                                "Actual Startup Time": 0.015,
                                                                "Actual Total Time": 0.016,
                                                                "Actual Rows": 1,
                                                                "Actual Loops": 1,
                                                                "Filter": "((kind)::text = 'complete+verified'::text)",
                                                                "Rows Removed by Filter": 3
                                                              }
                                                            ]
                                                          }
                                                        ]
                                                      }
                                                    ]
                                                  }
                                                ]
                                              }
                                            ]
                                          },
                                          {
                                            "Node Type": "Sort",
                                            "Parent Relationship": "Inner",
                                            "Parallel Aware": false,
                                            "Startup Cost": 1.15,
                                            "Total Cost": 1.16,
                                            "Plan Rows": 4,
                                            "Plan Width": 14,
                                            "Actual Startup Time": 0.029,
                                            "Actual Total Time": 0.031,
                                            "Actual Rows": 4,
                                            "Actual Loops": 1,
                                            "Sort Key": [
                                              "kt.id"
                                            ],
                                            "Sort Method": "quicksort",
                                            "Sort Space Used": 25,
                                            "Sort Space Type": "Memory",
                                            "Plans": [
                                              {
                                                "Node Type": "Seq Scan",
                                                "Parent Relationship": "Outer",
                                                "Parallel Aware": false,
                                                "Relation Name": "kind_type",
                                                "Alias": "kt",
                                                "Startup Cost": 0.0,
                                                "Total Cost": 1.1,
                                                "Plan Rows": 4,
                                                "Plan Width": 14,
                                                "Actual Startup Time": 0.018,
                                                "Actual Total Time": 0.02,
                                                "Actual Rows": 4,
                                                "Actual Loops": 1,
                                                "Filter": "((kind)::text = ANY ('{movie,\"tv movie\",\"video movie\",\"video game\"}'::text[]))",
                                                "Rows Removed by Filter": 3
                                              }
                                            ]
                                          }
                                        ]
                                      },
                                      {
                                        "Node Type": "Index Scan",
                                        "Parent Relationship": "Inner",
                                        "Parallel Aware": false,
                                        "Scan Direction": "Forward",
                                        "Index Name": "movie_id_movie_keyword",
                                        "Relation Name": "movie_keyword",
                                        "Alias": "mk",
                                        "Startup Cost": 0.43,
                                        "Total Cost": 1.44,
                                        "Plan Rows": 46,
                                        "Plan Width": 8,
                                        "Actual Startup Time": 0.009,
                                        "Actual Total Time": 0.024,
                                        "Actual Rows": 114,
                                        "Actual Loops": 250,
                                        "Index Cond": "(movie_id = t.id)",
                                        "Rows Removed by Index Recheck": 0
                                      }
                                    ]
                                  },
                                  {
                                    "Node Type": "Index Scan",
                                    "Parent Relationship": "Inner",
                                    "Parallel Aware": false,
                                    "Scan Direction": "Forward",
                                    "Index Name": "movie_id_movie_companies",
                                    "Relation Name": "movie_companies",
                                    "Alias": "mc",
                                    "Startup Cost": 0.43,
                                    "Total Cost": 0.54,
                                    "Plan Rows": 5,
                                    "Plan Width": 12,
                                    "Actual Startup Time": 0.001,
                                    "Actual Total Time": 0.005,
                                    "Actual Rows": 28,
                                    "Actual Loops": 28612,
                                    "Index Cond": "(movie_id = mk.movie_id)",
                                    "Rows Removed by Index Recheck": 0
                                  }
                                ]
                              },
                              {
                                "Node Type": "Index Scan",
                                "Parent Relationship": "Inner",
                                "Parallel Aware": false,
                                "Scan Direction": "Forward",
                                "Index Name": "company_name_pkey",
                                "Relation Name": "company_name",
                                "Alias": "cn",
                                "Startup Cost": 0.42,
                                "Total Cost": 0.45,
                                "Plan Rows": 1,
                                "Plan Width": 4,
                                "Actual Startup Time": 0.001,
                                "Actual Total Time": 0.001,
                                "Actual Rows": 0,
                                "Actual Loops": 815103,
                                "Index Cond": "(id = mc.company_id)",
                                "Rows Removed by Index Recheck": 0,
                                "Filter": "((country_code)::text = '[us]'::text)",
                                "Rows Removed by Filter": 1
                              }
                            ]
                          },
                          {
                            "Node Type": "Hash",
                            "Parent Relationship": "Inner",
                            "Parallel Aware": false,
                            "Startup Cost": 1.04,
                            "Total Cost": 1.04,
                            "Plan Rows": 4,
                            "Plan Width": 4,
                            "Actual Startup Time": 0.029,
                            "Actual Total Time": 0.03,
                            "Actual Rows": 4,
                            "Actual Loops": 1,
                            "Hash Buckets": 1024,
                            "Original Hash Buckets": 1024,
                            "Hash Batches": 1,
                            "Original Hash Batches": 1,
                            "Peak Memory Usage": 9,
                            "Plans": [
                              {
                                "Node Type": "Seq Scan",
                                "Parent Relationship": "Outer",
                                "Parallel Aware": false,
                                "Relation Name": "company_type",
                                "Alias": "ct",
                                "Startup Cost": 0.0,
                                "Total Cost": 1.04,
                                "Plan Rows": 4,
                                "Plan Width": 4,
                                "Actual Startup Time": 0.018,
                                "Actual Total Time": 0.02,
                                "Actual Rows": 4,
                                "Actual Loops": 1
                              }
                            ]
                          }
                        ]
                      },
                      {
                        "Node Type": "Index Scan",
                        "Parent Relationship": "Inner",
                        "Parallel Aware": false,
                        "Scan Direction": "Forward",
                        "Index Name": "movie_id_movie_info",
                        "Relation Name": "movie_info",
                        "Alias": "mi",
                        "Startup Cost": 0.43,
                        "Total Cost": 1.6,
                        "Plan Rows": 1,
                        "Plan Width": 8,
                        "Actual Startup Time": 0.035,
                        "Actual Total Time": 0.035,
                        "Actual Rows": 0,
                        "Actual Loops": 195526,
                        "Index Cond": "(movie_id = mk.movie_id)",
                        "Rows Removed by Index Recheck": 0,
                        "Filter": "((info IS NOT NULL) AND (note ~~ '%internet%'::text) AND ((info ~~ 'USA:% 199%'::text) OR (info ~~ 'USA:% 200%'::text)))",
                        "Rows Removed by Filter": 279
                      }
                    ]
                  },
                  {
                    "Node Type": "Index Only Scan",
                    "Parent Relationship": "Inner",
                    "Parallel Aware": false,
                    "Scan Direction": "Forward",
                    "Index Name": "keyword_pkey",
                    "Relation Name": "keyword",
                    "Alias": "k",
                    "Startup Cost": 0.42,
                    "Total Cost": 0.44,
                    "Plan Rows": 1,
                    "Plan Width": 4,
                    "Actual Startup Time": 0.002,
                    "Actual Total Time": 0.002,
                    "Actual Rows": 1,
                    "Actual Loops": 612,
                    "Index Cond": "(id = mk.keyword_id)",
                    "Rows Removed by Index Recheck": 0,
                    "Heap Fetches": 612
                  }
                ]
              },
              {
                "Node Type": "Index Scan",
                "Parent Relationship": "Inner",
                "Parallel Aware": false,
                "Scan Direction": "Forward",
                "Index Name": "info_type_pkey",
                "Relation Name": "info_type",
                "Alias": "it1",
                "Startup Cost": 0.14,
                "Total Cost": 0.19,
                "Plan Rows": 1,
                "Plan Width": 4,
                "Actual Startup Time": 0.001,
                "Actual Total Time": 0.001,
                "Actual Rows": 1,
                "Actual Loops": 612,
                "Index Cond": "(id = mi.info_type_id)",
                "Rows Removed by Index Recheck": 0,
                "Filter": "((info)::text = 'release dates'::text)",
                "Rows Removed by Filter": 0
              }
            ]
          }
        ]
      }
    ]
  },
  "Planning Time": 3.435,
  "Triggers": [],
  "Execution Time": 8542.087
}