[
  {
    "Plan": {
      "Node Type": "Aggregate",
      "Strategy": "Plain",
      "Partial Mode": "Finalize",
      "Parallel Aware": false,
      "Startup Cost": 99486.68,
      "Total Cost": 99486.69,
      "Plan Rows": 1,
      "Plan Width": 8,
      "Actual Startup Time": 471.978,
      "Actual Total Time": 492.36,
      "Actual Rows": 1,
      "Actual Loops": 1,
      "Plans": [
        {
          "Node Type": "Gather",
          "Parent Relationship": "Outer",
          "Parallel Aware": false,
          "Startup Cost": 99486.37,
          "Total Cost": 99486.68,
          "Plan Rows": 3,
          "Plan Width": 8,
          "Actual Startup Time": 469.979,
          "Actual Total Time": 492.348,
          "Actual Rows": 4,
          "Actual Loops": 1,
          "Workers Planned": 3,
          "Workers Launched": 3,
          "Single Copy": false,
          "Plans": [
            {
              "Node Type": "Aggregate",
              "Strategy": "Plain",
              "Partial Mode": "Partial",
              "Parent Relationship": "Outer",
              "Parallel Aware": false,
              "Startup Cost": 98486.37,
              "Total Cost": 98486.38,
              "Plan Rows": 1,
              "Plan Width": 8,
              "Actual Startup Time": 459.985,
              "Actual Total Time": 459.989,
              "Actual Rows": 1,
              "Actual Loops": 4,
              "Plans": [
                {
                  "Node Type": "Nested Loop",
                  "Parent Relationship": "Outer",
                  "Parallel Aware": false,
                  "Join Type": "Inner",
                  "Startup Cost": 57391.88,
                  "Total Cost": 98455.71,
                  "Plan Rows": 12261,
                  "Plan Width": 0,
                  "Actual Startup Time": 180.288,
                  "Actual Total Time": 452.686,
                  "Actual Rows": 145344,
                  "Actual Loops": 4,
                  "Inner Unique": false,
                  "Join Filter": "(t.id = mi_idx.movie_id)",
                  "Rows Removed by Join Filter": 0,
                  "Plans": [
                    {
                      "Node Type": "Hash Join",
                      "Parent Relationship": "Outer",
                      "Parallel Aware": true,
                      "Join Type": "Inner",
                      "Startup Cost": 57391.45,
                      "Total Cost": 84337.78,
                      "Plan Rows": 22463,
                      "Plan Width": 8,
                      "Actual Startup Time": 180.101,
                      "Actual Total Time": 262.243,
                      "Actual Rows": 56290,
                      "Actual Loops": 4,
                      "Inner Unique": true,
                      "Hash Cond": "(mk.movie_id = t.id)",
                      "Plans": [
                        {
                          "Node Type": "Bitmap Heap Scan",
                          "Parent Relationship": "Outer",
                          "Parallel Aware": true,
                          "Relation Name": "movie_keyword",
                          "Alias": "mk",
                          "Startup Cost": 10835.32,
                          "Total Cost": 37349.09,
                          "Plan Rows": 164782,
                          "Plan Width": 4,
                          "Actual Startup Time": 30.818,
                          "Actual Total Time": 80.613,
                          "Actual Rows": 124414,
                          "Actual Loops": 4,
                          "Recheck Cond": "(keyword_id > 36234)",
                          "Rows Removed by Index Recheck": 0,
                          "Exact Heap Blocks": 4913,
                          "Lossy Heap Blocks": 0,
                          "Plans": [
                            {
                              "Node Type": "Bitmap Index Scan",
                              "Parent Relationship": "Outer",
                              "Parallel Aware": false,
                              "Index Name": "keyword_id_movie_keyword",
                              "Startup Cost": 0.0,
                              "Total Cost": 10707.61,
                              "Plan Rows": 510824,
                              "Plan Width": 0,
                              "Actual Startup Time": 27.257,
                              "Actual Total Time": 27.257,
                              "Actual Rows": 497658,
                              "Actual Loops": 1,
                              "Index Cond": "(keyword_id > 36234)"
                            }
                          ]
                        },
                        {
                          "Node Type": "Hash",
                          "Parent Relationship": "Inner",
                          "Parallel Aware": true,
                          "Startup Cost": 45479.1,
                          "Total Cost": 45479.1,
                          "Plan Rows": 86163,
                          "Plan Width": 4,
                          "Actual Startup Time": 146.194,
                          "Actual Total Time": 146.195,
                          "Actual Rows": 116805,
                          "Actual Loops": 4,
                          "Hash Buckets": 524288,
                          "Original Hash Buckets": 524288,
                          "Hash Batches": 1,
                          "Original Hash Batches": 1,
                          "Peak Memory Usage": 22400,
                          "Plans": [
                            {
                              "Node Type": "Seq Scan",
                              "Parent Relationship": "Outer",
                              "Parallel Aware": true,
                              "Relation Name": "title",
                              "Alias": "t",
                              "Startup Cost": 0.0,
                              "Total Cost": 45479.1,
                              "Plan Rows": 86163,
                              "Plan Width": 4,
                              "Actual Startup Time": 0.066,
                              "Actual Total Time": 104.826,
                              "Actual Rows": 116805,
                              "Actual Loops": 4,
                              "Filter": "((kind_id < 4) AND (production_year < 2000))",
                              "Rows Removed by Filter": 515273
                            }
                          ]
                        }
                      ]
                    },
                    {
                      "Node Type": "Index Only Scan",
                      "Parent Relationship": "Inner",
                      "Parallel Aware": false,
                      "Scan Direction": "Forward",
                      "Index Name": "movie_id_movie_info_idx",
                      "Relation Name": "movie_info_idx",
                      "Alias": "mi_idx",
                      "Startup Cost": 0.43,
                      "Total Cost": 0.59,
                      "Plan Rows": 3,
                      "Plan Width": 4,
                      "Actual Startup Time": 0.002,
                      "Actual Total Time": 0.003,
                      "Actual Rows": 3,
                      "Actual Loops": 225161,
                      "Index Cond": "(movie_id = mk.movie_id)",
                      "Rows Removed by Index Recheck": 0,
                      "Heap Fetches": 581374
                    }
                  ]
                }
              ]
            }
          ]
        }
      ]
    },
    "Planning Time": 1.316,
    "Triggers": [],
    "Execution Time": 492.47
  }
]