[
  {
    "Plan": {
      "Node Type": "Aggregate",
      "Strategy": "Plain",
      "Partial Mode": "Finalize",
      "Parallel Aware": false,
      "Startup Cost": 46270.18,
      "Total Cost": 46270.19,
      "Plan Rows": 1,
      "Plan Width": 8,
      "Actual Startup Time": 175.834,
      "Actual Total Time": 185.271,
      "Actual Rows": 1,
      "Actual Loops": 1,
      "Plans": [
        {
          "Node Type": "Gather",
          "Parent Relationship": "Outer",
          "Parallel Aware": false,
          "Startup Cost": 46269.86,
          "Total Cost": 46270.17,
          "Plan Rows": 3,
          "Plan Width": 8,
          "Actual Startup Time": 175.747,
          "Actual Total Time": 185.261,
          "Actual Rows": 4,
          "Actual Loops": 1,
          "Workers Planned": 3,
          "Workers Launched": 3,
          "Single Copy": false,
          "Plans": [
            {
              "Node Type": "Aggregate",
              "Strategy": "Plain",
              "Partial Mode": "Partial",
              "Parent Relationship": "Outer",
              "Parallel Aware": false,
              "Startup Cost": 45269.86,
              "Total Cost": 45269.87,
              "Plan Rows": 1,
              "Plan Width": 8,
              "Actual Startup Time": 167.685,
              "Actual Total Time": 167.686,
              "Actual Rows": 1,
              "Actual Loops": 4,
              "Plans": [
                {
                  "Node Type": "Seq Scan",
                  "Parent Relationship": "Outer",
                  "Parallel Aware": true,
                  "Relation Name": "movie_keyword",
                  "Alias": "mk",
                  "Startup Cost": 0.0,
                  "Total Cost": 42695.65,
                  "Plan Rows": 1029684,
                  "Plan Width": 0,
                  "Actual Startup Time": 0.06,
                  "Actual Total Time": 128.918,
                  "Actual Rows": 795912,
                  "Actual Loops": 4,
                  "Filter": "(keyword_id < 12803)",
                  "Rows Removed by Filter": 335071
                }
              ]
            }
          ]
        }
      ]
    },
    "Planning Time": 0.191,
    "Triggers": [],
    "Execution Time": 185.335
  }
]