[
    {
        "Bao": {
            "Bao prediction": 463.016,
            "Bao recommended hint": "(no hint)"
        }
    },
    {
        "Plan": {
            "Node Type": "Aggregate",
            "Strategy": "Plain",
            "Partial Mode": "Finalize",
            "Parallel Aware": false,
            "Startup Cost": 44695.76,
            "Total Cost": 44695.77,
            "Plan Rows": 1,
            "Plan Width": 8,
            "Actual Startup Time": 170.496,
            "Actual Total Time": 177.634,
            "Actual Rows": 1,
            "Actual Loops": 1,
            "Output": [
                "count(*)"
            ],
            "Plans": [
                {
                    "Node Type": "Gather",
                    "Parent Relationship": "Outer",
                    "Parallel Aware": false,
                    "Startup Cost": 44695.44,
                    "Total Cost": 44695.75,
                    "Plan Rows": 3,
                    "Plan Width": 8,
                    "Actual Startup Time": 170.389,
                    "Actual Total Time": 177.625,
                    "Actual Rows": 4,
                    "Actual Loops": 1,
                    "Output": [
                        "(PARTIAL count(*))"
                    ],
                    "Workers Planned": 3,
                    "Workers Launched": 3,
                    "Single Copy": false,
                    "Plans": [
                        {
                            "Node Type": "Aggregate",
                            "Strategy": "Plain",
                            "Partial Mode": "Partial",
                            "Parent Relationship": "Outer",
                            "Parallel Aware": false,
                            "Startup Cost": 43695.44,
                            "Total Cost": 43695.45,
                            "Plan Rows": 1,
                            "Plan Width": 8,
                            "Actual Startup Time": 162.705,
                            "Actual Total Time": 162.706,
                            "Actual Rows": 1,
                            "Actual Loops": 4,
                            "Output": [
                                "PARTIAL count(*)"
                            ],
                            "Workers": [
                                {
                                    "Worker Number": 0,
                                    "Actual Startup Time": 160.015,
                                    "Actual Total Time": 160.016,
                                    "Actual Rows": 1,
                                    "Actual Loops": 1
                                },
                                {
                                    "Worker Number": 1,
                                    "Actual Startup Time": 160.463,
                                    "Actual Total Time": 160.464,
                                    "Actual Rows": 1,
                                    "Actual Loops": 1
                                },
                                {
                                    "Worker Number": 2,
                                    "Actual Startup Time": 160.51,
                                    "Actual Total Time": 160.51,
                                    "Actual Rows": 1,
                                    "Actual Loops": 1
                                }
                            ],
                            "Plans": [
                                {
                                    "Node Type": "Seq Scan",
                                    "Parent Relationship": "Outer",
                                    "Parallel Aware": true,
                                    "Relation Name": "movie_keyword",
                                    "Schema": "public",
                                    "Alias": "mk",
                                    "Startup Cost": 0.0,
                                    "Total Cost": 42695.65,
                                    "Plan Rows": 399914,
                                    "Plan Width": 0,
                                    "Actual Startup Time": 2.694,
                                    "Actual Total Time": 139.439,
                                    "Actual Rows": 303533,
                                    "Actual Loops": 4,
                                    "Output": [
                                        "id",
                                        "movie_id",
                                        "keyword_id"
                                    ],
                                    "Filter": "(mk.keyword_id > 15057)",
                                    "Rows Removed by Filter": 827449,
                                    "Workers": [
                                        {
                                            "Worker Number": 0,
                                            "Actual Startup Time": 0.058,
                                            "Actual Total Time": 137.915,
                                            "Actual Rows": 285303,
                                            "Actual Loops": 1
                                        },
                                        {
                                            "Worker Number": 1,
                                            "Actual Startup Time": 0.466,
                                            "Actual Total Time": 138.153,
                                            "Actual Rows": 287596,
                                            "Actual Loops": 1
                                        },
                                        {
                                            "Worker Number": 2,
                                            "Actual Startup Time": 0.461,
                                            "Actual Total Time": 138.091,
                                            "Actual Rows": 288273,
                                            "Actual Loops": 1
                                        }
                                    ]
                                }
                            ]
                        }
                    ]
                }
            ]
        },
        "Planning Time": 1124.391,
        "Triggers": [],
        "Execution Time": 177.719
    }
]