{
  "Plan": {
    "Node Type": "Aggregate",
    "Strategy": "Plain",
    "Partial Mode": "Finalize",
    "Parallel Aware": false,
    "Startup Cost": 118586.87,
    "Total Cost": 118586.88,
    "Plan Rows": 1,
    "Plan Width": 8,
    "Actual Startup Time": 436.275,
    "Actual Total Time": 453.359,
    "Actual Rows": 1,
    "Actual Loops": 1,
    "Plans": [
      {
        "Node Type": "Gather",
        "Parent Relationship": "Outer",
        "Parallel Aware": false,
        "Startup Cost": 118586.76,
        "Total Cost": 118586.87,
        "Plan Rows": 1,
        "Plan Width": 8,
        "Actual Startup Time": 436.091,
        "Actual Total Time": 453.343,
        "Actual Rows": 2,
        "Actual Loops": 1,
        "Workers Planned": 1,
        "Workers Launched": 1,
        "Single Copy": false,
        "Plans": [
          {
            "Node Type": "Aggregate",
            "Strategy": "Plain",
            "Partial Mode": "Partial",
            "Parent Relationship": "Outer",
            "Parallel Aware": false,
            "Startup Cost": 117586.76,
            "Total Cost": 117586.77,
            "Plan Rows": 1,
            "Plan Width": 8,
            "Actual Startup Time": 432.369,
            "Actual Total Time": 432.372,
            "Actual Rows": 1,
            "Actual Loops": 2,
            "Plans": [
              {
                "Node Type": "Hash Join",
                "Parent Relationship": "Outer",
                "Parallel Aware": true,
                "Join Type": "Inner",
                "Startup Cost": 59211.89,
                "Total Cost": 117262.74,
                "Plan Rows": 129608,
                "Plan Width": 0,
                "Actual Startup Time": 139.847,
                "Actual Total Time": 432.002,
                "Actual Rows": 9126,
                "Actual Loops": 2,
                "Inner Unique": true,
                "Hash Cond": "(mk.movie_id = t.id)",
                "Plans": [
                  {
                    "Node Type": "Seq Scan",
                    "Parent Relationship": "Outer",
                    "Parallel Aware": true,
                    "Relation Name": "movie_keyword",
                    "Alias": "mk",
                    "Startup Cost": 0.0,
                    "Total Cost": 51065.35,
                    "Plan Rows": 2661135,
                    "Plan Width": 4,
                    "Actual Startup Time": 0.01,
                    "Actual Total Time": 149.517,
                    "Actual Rows": 2261965,
                    "Actual Loops": 2
                  },
                  {
                    "Node Type": "Hash",
                    "Parent Relationship": "Inner",
                    "Parallel Aware": true,
                    "Startup Cost": 58306.47,
                    "Total Cost": 58306.47,
                    "Plan Rows": 72434,
                    "Plan Width": 4,
                    "Actual Startup Time": 136.713,
                    "Actual Total Time": 136.714,
                    "Actual Rows": 13904,
                    "Actual Loops": 2,
                    "Hash Buckets": 131072,
                    "Original Hash Buckets": 131072,
                    "Hash Batches": 1,
                    "Original Hash Batches": 1,
                    "Peak Memory Usage": 2144,
                    "Plans": [
                      {
                        "Node Type": "Seq Scan",
                        "Parent Relationship": "Outer",
                        "Parallel Aware": true,
                        "Relation Name": "title",
                        "Alias": "t",
                        "Startup Cost": 0.0,
                        "Total Cost": 58306.47,
                        "Plan Rows": 72434,
                        "Plan Width": 4,
                        "Actual Startup Time": 0.029,
                        "Actual Total Time": 131.861,
                        "Actual Rows": 13904,
                        "Actual Loops": 2,
                        "Filter": "((production_year < 1957) AND (kind_id = 7))",
                        "Rows Removed by Filter": 1250252
                      }
                    ]
                  }
                ]
              }
            ]
          }
        ]
      }
    ]
  },
  "Planning Time": 0.317,
  "Triggers": [],
  "Execution Time": 453.409
}