{
  "Plan": {
    "Node Type": "Aggregate",
    "Strategy": "Plain",
    "Partial Mode": "Finalize",
    "Parallel Aware": false,
    "Startup Cost": 2774761.58,
    "Total Cost": 2774761.59,
    "Plan Rows": 1,
    "Plan Width": 8,
    "Actual Startup Time": 24439.928,
    "Actual Total Time": 24528.349,
    "Actual Rows": 1,
    "Actual Loops": 1,
    "Plans": [
      {
        "Node Type": "Gather",
        "Parent Relationship": "Outer",
        "Parallel Aware": false,
        "Startup Cost": 2774761.46,
        "Total Cost": 2774761.57,
        "Plan Rows": 1,
        "Plan Width": 8,
        "Actual Startup Time": 24418.195,
        "Actual Total Time": 24528.341,
        "Actual Rows": 2,
        "Actual Loops": 1,
        "Workers Planned": 1,
        "Workers Launched": 1,
        "Single Copy": false,
        "Plans": [
          {
            "Node Type": "Aggregate",
            "Strategy": "Plain",
            "Partial Mode": "Partial",
            "Parent Relationship": "Outer",
            "Parallel Aware": false,
            "Startup Cost": 2773761.46,
            "Total Cost": 2773761.47,
            "Plan Rows": 1,
            "Plan Width": 8,
            "Actual Startup Time": 24411.976,
            "Actual Total Time": 24411.988,
            "Actual Rows": 1,
            "Actual Loops": 2,
            "Plans": [
              {
                "Node Type": "Merge Join",
                "Parent Relationship": "Outer",
                "Parallel Aware": false,
                "Join Type": "Inner",
                "Startup Cost": 1415651.27,
                "Total Cost": 2728308.85,
                "Plan Rows": 18181044,
                "Plan Width": 0,
                "Actual Startup Time": 9143.706,
                "Actual Total Time": 21691.371,
                "Actual Rows": 72239759,
                "Actual Loops": 2,
                "Inner Unique": false,
                "Merge Cond": "(mi.movie_id = t.id)",
                "Plans": [
                  {
                    "Node Type": "Index Only Scan",
                    "Parent Relationship": "Outer",
                    "Parallel Aware": true,
                    "Scan Direction": "Forward",
                    "Index Name": "movie_id_movie_info",
                    "Relation Name": "movie_info",
                    "Alias": "mi",
                    "Startup Cost": 0.43,
                    "Total Cost": 1018223.42,
                    "Plan Rows": 8696274,
                    "Plan Width": 4,
                    "Actual Startup Time": 0.099,
                    "Actual Total Time": 2296.889,
                    "Actual Rows": 7417515,
                    "Actual Loops": 2,
                    "Heap Fetches": 14835030
                  },
                  {
                    "Node Type": "Sort",
                    "Parent Relationship": "Inner",
                    "Parallel Aware": false,
                    "Startup Cost": 1415649.65,
                    "Total Cost": 1428864.22,
                    "Plan Rows": 5285828,
                    "Plan Width": 8,
                    "Actual Startup Time": 9143.572,
                    "Actual Total Time": 12708.928,
                    "Actual Rows": 74954303,
                    "Actual Loops": 2,
                    "Sort Key": [
                      "t.id"
                    ],
                    "Sort Method": "quicksort",
                    "Sort Space Used": 452223,
                    "Sort Space Type": "Memory",
                    "Workers": [
                      {
                        "Worker Number": 0,
                        "Sort Method": "quicksort",
                        "Sort Space Used": 452223,
                        "Sort Space Type": "Memory"
                      }
                    ],
                    "Plans": [
                      {
                        "Node Type": "Hash Join",
                        "Parent Relationship": "Outer",
                        "Parallel Aware": false,
                        "Join Type": "Inner",
                        "Startup Cost": 79674.04,
                        "Total Cost": 825389.22,
                        "Plan Rows": 5285828,
                        "Plan Width": 8,
                        "Actual Startup Time": 1264.732,
                        "Actual Total Time": 7662.167,
                        "Actual Rows": 5453104,
                        "Actual Loops": 2,
                        "Inner Unique": true,
                        "Hash Cond": "(ci.movie_id = t.id)",
                        "Plans": [
                          {
                            "Node Type": "Seq Scan",
                            "Parent Relationship": "Outer",
                            "Parallel Aware": false,
                            "Relation Name": "cast_info",
                            "Alias": "ci",
                            "Startup Cost": 0.0,
                            "Total Cost": 705537.15,
                            "Plan Rows": 15305888,
                            "Plan Width": 4,
                            "Actual Startup Time": 876.379,
                            "Actual Total Time": 2636.017,
                            "Actual Rows": 15264556,
                            "Actual Loops": 2,
                            "Filter": "(person_id > 2115818)",
                            "Rows Removed by Filter": 20979788
                          },
                          {
                            "Node Type": "Hash",
                            "Parent Relationship": "Inner",
                            "Parallel Aware": false,
                            "Startup Cost": 68759.84,
                            "Total Cost": 68759.84,
                            "Plan Rows": 873136,
                            "Plan Width": 4,
                            "Actual Startup Time": 383.562,
                            "Actual Total Time": 383.57,
                            "Actual Rows": 896788,
                            "Actual Loops": 2,
                            "Hash Buckets": 1048576,
                            "Original Hash Buckets": 1048576,
                            "Hash Batches": 1,
                            "Original Hash Batches": 1,
                            "Peak Memory Usage": 39720,
                            "Plans": [
                              {
                                "Node Type": "Bitmap Heap Scan",
                                "Parent Relationship": "Outer",
                                "Parallel Aware": false,
                                "Relation Name": "title",
                                "Alias": "t",
                                "Startup Cost": 17890.42,
                                "Total Cost": 68759.84,
                                "Plan Rows": 873136,
                                "Plan Width": 4,
                                "Actual Startup Time": 38.066,
                                "Actual Total Time": 212.06,
                                "Actual Rows": 896788,
                                "Actual Loops": 2,
                                "Recheck Cond": "(kind_id < 7)",
                                "Rows Removed by Index Recheck": 0,
                                "Filter": "(production_year < 2012)",
                                "Rows Removed by Filter": 88260,
                                "Exact Heap Blocks": 35472,
                                "Lossy Heap Blocks": 0,
                                "Plans": [
                                  {
                                    "Node Type": "Bitmap Index Scan",
                                    "Parent Relationship": "Outer",
                                    "Parallel Aware": false,
                                    "Index Name": "kind_id_title",
                                    "Startup Cost": 0.0,
                                    "Total Cost": 17672.14,
                                    "Plan Rows": 991428,
                                    "Plan Width": 0,
                                    "Actual Startup Time": 33.206,
                                    "Actual Total Time": 33.206,
                                    "Actual Rows": 985048,
                                    "Actual Loops": 2,
                                    "Index Cond": "(kind_id < 7)"
                                  }
                                ]
                              }
                            ]
                          }
                        ]
                      }
                    ]
                  }
                ]
              }
            ]
          }
        ]
      }
    ]
  },
  "Planning Time": 1.032,
  "Triggers": [],
  "Execution Time": 24565.872
}