[
  {
    "Plan": {
      "Node Type": "Aggregate",
      "Strategy": "Plain",
      "Partial Mode": "Finalize",
      "Parallel Aware": false,
      "Startup Cost": 113289.43,
      "Total Cost": 113289.44,
      "Plan Rows": 1,
      "Plan Width": 8,
      "Actual Startup Time": 609.745,
      "Actual Total Time": 629.376,
      "Actual Rows": 1,
      "Actual Loops": 1,
      "Plans": [
        {
          "Node Type": "Gather",
          "Parent Relationship": "Outer",
          "Parallel Aware": false,
          "Startup Cost": 113289.11,
          "Total Cost": 113289.42,
          "Plan Rows": 3,
          "Plan Width": 8,
          "Actual Startup Time": 595.581,
          "Actual Total Time": 629.366,
          "Actual Rows": 4,
          "Actual Loops": 1,
          "Workers Planned": 3,
          "Workers Launched": 3,
          "Single Copy": false,
          "Plans": [
            {
              "Node Type": "Aggregate",
              "Strategy": "Plain",
              "Partial Mode": "Partial",
              "Parent Relationship": "Outer",
              "Parallel Aware": false,
              "Startup Cost": 112289.11,
              "Total Cost": 112289.12,
              "Plan Rows": 1,
              "Plan Width": 8,
              "Actual Startup Time": 591.335,
              "Actual Total Time": 591.341,
              "Actual Rows": 1,
              "Actual Loops": 4,
              "Plans": [
                {
                  "Node Type": "Hash Join",
                  "Parent Relationship": "Outer",
                  "Parallel Aware": true,
                  "Join Type": "Inner",
                  "Startup Cost": 64172.37,
                  "Total Cost": 112109.6,
                  "Plan Rows": 71805,
                  "Plan Width": 0,
                  "Actual Startup Time": 289.914,
                  "Actual Total Time": 558.47,
                  "Actual Rows": 661848,
                  "Actual Loops": 4,
                  "Inner Unique": false,
                  "Hash Cond": "(mk.movie_id = t.id)",
                  "Plans": [
                    {
                      "Node Type": "Seq Scan",
                      "Parent Relationship": "Outer",
                      "Parallel Aware": true,
                      "Relation Name": "movie_keyword",
                      "Alias": "mk",
                      "Startup Cost": 0.0,
                      "Total Cost": 42695.65,
                      "Plan Rows": 1317968,
                      "Plan Width": 4,
                      "Actual Startup Time": 0.046,
                      "Actual Total Time": 129.586,
                      "Actual Rows": 1020739,
                      "Actual Loops": 4,
                      "Filter": "(keyword_id > 341)",
                      "Rows Removed by Filter": 110243
                    },
                    {
                      "Node Type": "Hash",
                      "Parent Relationship": "Inner",
                      "Parallel Aware": true,
                      "Startup Cost": 63454.91,
                      "Total Cost": 63454.91,
                      "Plan Rows": 57397,
                      "Plan Width": 8,
                      "Actual Startup Time": 288.58,
                      "Actual Total Time": 288.584,
                      "Actual Rows": 69900,
                      "Actual Loops": 4,
                      "Hash Buckets": 524288,
                      "Original Hash Buckets": 262144,
                      "Hash Batches": 1,
                      "Original Hash Batches": 1,
                      "Peak Memory Usage": 17152,
                      "Plans": [
                        {
                          "Node Type": "Hash Join",
                          "Parent Relationship": "Outer",
                          "Parallel Aware": true,
                          "Join Type": "Inner",
                          "Startup Cost": 47824.56,
                          "Total Cost": 63454.91,
                          "Plan Rows": 57397,
                          "Plan Width": 8,
                          "Actual Startup Time": 177.905,
                          "Actual Total Time": 257.079,
                          "Actual Rows": 69900,
                          "Actual Loops": 4,
                          "Inner Unique": true,
                          "Hash Cond": "(mi_idx.movie_id = t.id)",
                          "Plans": [
                            {
                              "Node Type": "Seq Scan",
                              "Parent Relationship": "Outer",
                              "Parallel Aware": true,
                              "Relation Name": "movie_info_idx",
                              "Alias": "mi_idx",
                              "Startup Cost": 0.0,
                              "Total Cost": 15122.68,
                              "Plan Rows": 193397,
                              "Plan Width": 4,
                              "Actual Startup Time": 0.017,
                              "Actual Total Time": 36.444,
                              "Actual Rows": 115046,
                              "Actual Loops": 4,
                              "Filter": "(info_type_id > 100)",
                              "Rows Removed by Filter": 229962
                            },
                            {
                              "Node Type": "Hash",
                              "Parent Relationship": "Inner",
                              "Parallel Aware": true,
                              "Startup Cost": 45479.59,
                              "Total Cost": 45479.59,
                              "Plan Rows": 187598,
                              "Plan Width": 4,
                              "Actual Startup Time": 175.724,
                              "Actual Total Time": 175.726,
                              "Actual Rows": 198486,
                              "Actual Loops": 4,
                              "Hash Buckets": 1048576,
                              "Original Hash Buckets": 1048576,
                              "Hash Batches": 1,
                              "Original Hash Batches": 1,
                              "Peak Memory Usage": 39328,
                              "Plans": [
                                {
                                  "Node Type": "Seq Scan",
                                  "Parent Relationship": "Outer",
                                  "Parallel Aware": true,
                                  "Relation Name": "title",
                                  "Alias": "t",
                                  "Startup Cost": 0.0,
                                  "Total Cost": 45479.59,
                                  "Plan Rows": 187598,
                                  "Plan Width": 4,
                                  "Actual Startup Time": 0.014,
                                  "Actual Total Time": 106.221,
                                  "Actual Rows": 198486,
                                  "Actual Loops": 4,
                                  "Filter": "((kind_id < 7) AND (production_year < 2010))",
                                  "Rows Removed by Filter": 433592
                                }
                              ]
                            }
                          ]
                        }
                      ]
                    }
                  ]
                }
              ]
            }
          ]
        }
      ]
    },
    "Planning Time": 0.496,
    "Triggers": [],
    "Execution Time": 629.423
  }
]