[
  {
    "Plan": {
      "Node Type": "Aggregate",
      "Strategy": "Plain",
      "Partial Mode": "Finalize",
      "Parallel Aware": false,
      "Startup Cost": 65131.68,
      "Total Cost": 65131.69,
      "Plan Rows": 1,
      "Plan Width": 8,
      "Actual Startup Time": 103.675,
      "Actual Total Time": 119.022,
      "Actual Rows": 1,
      "Actual Loops": 1,
      "Plans": [
        {
          "Node Type": "Gather",
          "Parent Relationship": "Outer",
          "Parallel Aware": false,
          "Startup Cost": 65131.26,
          "Total Cost": 65131.67,
          "Plan Rows": 4,
          "Plan Width": 8,
          "Actual Startup Time": 103.512,
          "Actual Total Time": 119.006,
          "Actual Rows": 5,
          "Actual Loops": 1,
          "Workers Planned": 4,
          "Workers Launched": 4,
          "Single Copy": false,
          "Plans": [
            {
              "Node Type": "Aggregate",
              "Strategy": "Plain",
              "Partial Mode": "Partial",
              "Parent Relationship": "Outer",
              "Parallel Aware": false,
              "Startup Cost": 64131.26,
              "Total Cost": 64131.27,
              "Plan Rows": 1,
              "Plan Width": 8,
              "Actual Startup Time": 98.337,
              "Actual Total Time": 98.339,
              "Actual Rows": 1,
              "Actual Loops": 5,
              "Plans": [
                {
                  "Node Type": "Nested Loop",
                  "Parent Relationship": "Outer",
                  "Parallel Aware": false,
                  "Join Type": "Inner",
                  "Startup Cost": 0.43,
                  "Total Cost": 64121.33,
                  "Plan Rows": 3972,
                  "Plan Width": 0,
                  "Actual Startup Time": 1.467,
                  "Actual Total Time": 97.828,
                  "Actual Rows": 9281,
                  "Actual Loops": 5,
                  "Inner Unique": false,
                  "Plans": [
                    {
                      "Node Type": "Seq Scan",
                      "Parent Relationship": "Outer",
                      "Parallel Aware": true,
                      "Relation Name": "title",
                      "Alias": "t",
                      "Startup Cost": 0.0,
                      "Total Cost": 45479.59,
                      "Plan Rows": 2220,
                      "Plan Width": 4,
                      "Actual Startup Time": 0.23,
                      "Actual Total Time": 75.566,
                      "Actual Rows": 1882,
                      "Actual Loops": 5,
                      "Filter": "((kind_id < 7) AND (production_year = 1990))",
                      "Rows Removed by Filter": 503781
                    },
                    {
                      "Node Type": "Index Only Scan",
                      "Parent Relationship": "Inner",
                      "Parallel Aware": false,
                      "Scan Direction": "Forward",
                      "Index Name": "movie_id_movie_keyword",
                      "Relation Name": "movie_keyword",
                      "Alias": "mk",
                      "Startup Cost": 0.43,
                      "Total Cost": 7.94,
                      "Plan Rows": 46,
                      "Plan Width": 4,
                      "Actual Startup Time": 0.01,
                      "Actual Total Time": 0.011,
                      "Actual Rows": 5,
                      "Actual Loops": 9408,
                      "Index Cond": "(movie_id = t.id)",
                      "Rows Removed by Index Recheck": 0,
                      "Heap Fetches": 46406
                    }
                  ]
                }
              ]
            }
          ]
        }
      ]
    },
    "Planning Time": 0.238,
    "Triggers": [],
    "Execution Time": 119.06
  }
]