[
  {
    "Plan": {
      "Node Type": "Aggregate",
      "Strategy": "Plain",
      "Partial Mode": "Simple",
      "Parallel Aware": false,
      "Startup Cost": 57648.85,
      "Total Cost": 57648.86,
      "Plan Rows": 1,
      "Plan Width": 96,
      "Actual Startup Time": 16917.46,
      "Actual Total Time": 16917.464,
      "Actual Rows": 1,
      "Actual Loops": 1,
      "Output": [
        "min(mi.info)",
        "min(mi_idx.info)",
        "min(t.title)"
      ],
      "Plans": [
        {
          "Node Type": "Nested Loop",
          "Parent Relationship": "Outer",
          "Parallel Aware": false,
          "Join Type": "Inner",
          "Startup Cost": 6246.53,
          "Total Cost": 57647.45,
          "Plan Rows": 186,
          "Plan Width": 66,
          "Actual Startup Time": 46.594,
          "Actual Total Time": 16812.481,
          "Actual Rows": 581794,
          "Actual Loops": 1,
          "Output": [
            "mi.info",
            "mi_idx.info",
            "t.title"
          ],
          "Inner Unique": true,
          "Join Filter": "(mi.movie_id = t.id)",
          "Rows Removed by Join Filter": 0,
          "Plans": [
            {
              "Node Type": "Nested Loop",
              "Parent Relationship": "Outer",
              "Parallel Aware": false,
              "Join Type": "Inner",
              "Startup Cost": 6246.1,
              "Total Cost": 48364.71,
              "Plan Rows": 18600,
              "Plan Width": 61,
              "Actual Startup Time": 46.54,
              "Actual Total Time": 15898.293,
              "Actual Rows": 581794,
              "Actual Loops": 1,
              "Output": [
                "ci.movie_id",
                "mi.info",
                "mi.movie_id",
                "mi_idx.info",
                "mi_idx.movie_id"
              ],
              "Inner Unique": true,
              "Plans": [
                {
                  "Node Type": "Nested Loop",
                  "Parent Relationship": "Outer",
                  "Parallel Aware": false,
                  "Join Type": "Inner",
                  "Startup Cost": 6245.67,
                  "Total Cost": 48136.67,
                  "Plan Rows": 446,
                  "Plan Width": 65,
                  "Actual Startup Time": 46.416,
                  "Actual Total Time": 12446.811,
                  "Actual Rows": 931567,
                  "Actual Loops": 1,
                  "Output": [
                    "ci.movie_id",
                    "ci.person_id",
                    "mi.info",
                    "mi.movie_id",
                    "mi_idx.info",
                    "mi_idx.movie_id"
                  ],
                  "Inner Unique": false,
                  "Join Filter": "(mi.movie_id = ci.movie_id)",
                  "Rows Removed by Join Filter": 0,
                  "Plans": [
                    {
                      "Node Type": "Hash Join",
                      "Parent Relationship": "Outer",
                      "Parallel Aware": false,
                      "Join Type": "Inner",
                      "Startup Cost": 6245.11,
                      "Total Cost": 47885.56,
                      "Plan Rows": 96,
                      "Plan Width": 57,
                      "Actual Startup Time": 46.08,
                      "Actual Total Time": 4193.466,
                      "Actual Rows": 192840,
                      "Actual Loops": 1,
                      "Output": [
                        "mi.info",
                        "mi.movie_id",
                        "mi_idx.info",
                        "mi_idx.movie_id"
                      ],
                      "Inner Unique": true,
                      "Hash Cond": "(mi.info_type_id = it1.id)",
                      "Plans": [
                        {
                          "Node Type": "Nested Loop",
                          "Parent Relationship": "Outer",
                          "Parallel Aware": false,
                          "Join Type": "Inner",
                          "Startup Cost": 6242.68,
                          "Total Cost": 47853.73,
                          "Plan Rows": 10794,
                          "Plan Width": 61,
                          "Actual Startup Time": 45.952,
                          "Actual Total Time": 4142.004,
                          "Actual Rows": 195744,
                          "Actual Loops": 1,
                          "Output": [
                            "mi_idx.info",
                            "mi_idx.movie_id",
                            "mi.info",
                            "mi.movie_id",
                            "mi.info_type_id"
                          ],
                          "Inner Unique": false,
                          "Plans": [
                            {
                              "Node Type": "Nested Loop",
                              "Parent Relationship": "Outer",
                              "Parallel Aware": false,
                              "Join Type": "Inner",
                              "Startup Cost": 6242.25,
                              "Total Cost": 21942.36,
                              "Plan Rows": 12213,
                              "Plan Width": 9,
                              "Actual Startup Time": 45.645,
                              "Actual Total Time": 192.99,
                              "Actual Rows": 459925,
                              "Actual Loops": 1,
                              "Output": [
                                "mi_idx.info",
                                "mi_idx.movie_id"
                              ],
                              "Inner Unique": false,
                              "Plans": [
                                {
                                  "Node Type": "Seq Scan",
                                  "Parent Relationship": "Outer",
                                  "Parallel Aware": false,
                                  "Relation Name": "info_type",
                                  "Schema": "public",
                                  "Alias": "it2",
                                  "Startup Cost": 0.0,
                                  "Total Cost": 2.41,
                                  "Plan Rows": 1,
                                  "Plan Width": 4,
                                  "Actual Startup Time": 0.032,
                                  "Actual Total Time": 0.036,
                                  "Actual Rows": 1,
                                  "Actual Loops": 1,
                                  "Output": [
                                    "it2.id",
                                    "it2.info"
                                  ],
                                  "Filter": "((it2.info)::text = 'votes'::text)",
                                  "Rows Removed by Filter": 112
                                },
                                {
                                  "Node Type": "Bitmap Heap Scan",
                                  "Parent Relationship": "Inner",
                                  "Parallel Aware": false,
                                  "Relation Name": "movie_info_idx",
                                  "Schema": "public",
                                  "Alias": "mi_idx",
                                  "Startup Cost": 6242.25,
                                  "Total Cost": 18489.86,
                                  "Plan Rows": 345009,
                                  "Plan Width": 13,
                                  "Actual Startup Time": 45.599,
                                  "Actual Total Time": 129.639,
                                  "Actual Rows": 459925,
                                  "Actual Loops": 1,
                                  "Output": [
                                    "mi_idx.id",
                                    "mi_idx.movie_id",
                                    "mi_idx.info_type_id",
                                    "mi_idx.info",
                                    "mi_idx.note"
                                  ],
                                  "Recheck Cond": "(mi_idx.info_type_id = it2.id)",
                                  "Rows Removed by Index Recheck": 0,
                                  "Exact Heap Blocks": 7934,
                                  "Lossy Heap Blocks": 0,
                                  "Plans": [
                                    {
                                      "Node Type": "Bitmap Index Scan",
                                      "Parent Relationship": "Outer",
                                      "Parallel Aware": false,
                                      "Index Name": "info_type_id_movie_info_idx",
                                      "Startup Cost": 0.0,
                                      "Total Cost": 6155.99,
                                      "Plan Rows": 345009,
                                      "Plan Width": 0,
                                      "Actual Startup Time": 44.118,
                                      "Actual Total Time": 44.118,
                                      "Actual Rows": 459925,
                                      "Actual Loops": 1,
                                      "Index Cond": "(mi_idx.info_type_id = it2.id)"
                                    }
                                  ]
                                }
                              ]
                            },
                            {
                              "Node Type": "Index Scan",
                              "Parent Relationship": "Inner",
                              "Parallel Aware": false,
                              "Scan Direction": "Forward",
                              "Index Name": "movie_id_movie_info",
                              "Relation Name": "movie_info",
                              "Schema": "public",
                              "Alias": "mi",
                              "Startup Cost": 0.43,
                              "Total Cost": 2.11,
                              "Plan Rows": 1,
                              "Plan Width": 52,
                              "Actual Startup Time": 0.008,
                              "Actual Total Time": 0.008,
                              "Actual Rows": 0,
                              "Actual Loops": 459925,
                              "Output": [
                                "mi.id",
                                "mi.movie_id",
                                "mi.info_type_id",
                                "mi.info",
                                "mi.note"
                              ],
                              "Index Cond": "(mi.movie_id = mi_idx.movie_id)",
                              "Rows Removed by Index Recheck": 0,
                              "Filter": "(mi.info = ANY ('{Crime,Drama,Thriller,Action,Family,Western}'::text[]))",
                              "Rows Removed by Filter": 15
                            }
                          ]
                        },
                        {
                          "Node Type": "Hash",
                          "Parent Relationship": "Inner",
                          "Parallel Aware": false,
                          "Startup Cost": 2.41,
                          "Total Cost": 2.41,
                          "Plan Rows": 1,
                          "Plan Width": 4,
                          "Actual Startup Time": 0.064,
                          "Actual Total Time": 0.065,
                          "Actual Rows": 1,
                          "Actual Loops": 1,
                          "Output": [
                            "it1.id"
                          ],
                          "Hash Buckets": 1024,
                          "Original Hash Buckets": 1024,
                          "Hash Batches": 1,
                          "Original Hash Batches": 1,
                          "Peak Memory Usage": 9,
                          "Plans": [
                            {
                              "Node Type": "Seq Scan",
                              "Parent Relationship": "Outer",
                              "Parallel Aware": false,
                              "Relation Name": "info_type",
                              "Schema": "public",
                              "Alias": "it1",
                              "Startup Cost": 0.0,
                              "Total Cost": 2.41,
                              "Plan Rows": 1,
                              "Plan Width": 4,
                              "Actual Startup Time": 0.036,
                              "Actual Total Time": 0.057,
                              "Actual Rows": 1,
                              "Actual Loops": 1,
                              "Output": [
                                "it1.id"
                              ],
                              "Filter": "((it1.info)::text = 'genres'::text)",
                              "Rows Removed by Filter": 112
                            }
                          ]
                        }
                      ]
                    },
                    {
                      "Node Type": "Index Scan",
                      "Parent Relationship": "Inner",
                      "Parallel Aware": false,
                      "Scan Direction": "Forward",
                      "Index Name": "movie_id_cast_info",
                      "Relation Name": "cast_info",
                      "Schema": "public",
                      "Alias": "ci",
                      "Startup Cost": 0.56,
                      "Total Cost": 2.55,
                      "Plan Rows": 5,
                      "Plan Width": 8,
                      "Actual Startup Time": 0.019,
                      "Actual Total Time": 0.042,
                      "Actual Rows": 5,
                      "Actual Loops": 192840,
                      "Output": [
                        "ci.id",
                        "ci.person_id",
                        "ci.movie_id",
                        "ci.person_role_id",
                        "ci.note",
                        "ci.nr_order",
                        "ci.role_id"
                      ],
                      "Index Cond": "(ci.movie_id = mi_idx.movie_id)",
                      "Rows Removed by Index Recheck": 0,
                      "Filter": "(ci.note = ANY ('{(uncredited),\"(executive producer)\",(writer),(voice),(producer)}'::text[]))",
                      "Rows Removed by Filter": 32
                    }
                  ]
                },
                {
                  "Node Type": "Index Scan",
                  "Parent Relationship": "Inner",
                  "Parallel Aware": false,
                  "Scan Direction": "Forward",
                  "Index Name": "name_pkey",
                  "Relation Name": "name",
                  "Schema": "public",
                  "Alias": "n",
                  "Startup Cost": 0.43,
                  "Total Cost": 0.51,
                  "Plan Rows": 1,
                  "Plan Width": 4,
                  "Actual Startup Time": 0.003,
                  "Actual Total Time": 0.003,
                  "Actual Rows": 1,
                  "Actual Loops": 931567,
                  "Output": [
                    "n.id",
                    "n.name",
                    "n.imdb_index",
                    "n.imdb_id",
                    "n.gender",
                    "n.name_pcode_cf",
                    "n.name_pcode_nf",
                    "n.surname_pcode",
                    "n.md5sum"
                  ],
                  "Index Cond": "(n.id = ci.person_id)",
                  "Rows Removed by Index Recheck": 0,
                  "Filter": "((n.gender)::text = 'm'::text)",
                  "Rows Removed by Filter": 0
                }
              ]
            },
            {
              "Node Type": "Index Scan",
              "Parent Relationship": "Inner",
              "Parallel Aware": false,
              "Scan Direction": "Forward",
              "Index Name": "title_pkey",
              "Relation Name": "title",
              "Schema": "public",
              "Alias": "t",
              "Startup Cost": 0.43,
              "Total Cost": 0.49,
              "Plan Rows": 1,
              "Plan Width": 21,
              "Actual Startup Time": 0.001,
              "Actual Total Time": 0.001,
              "Actual Rows": 1,
              "Actual Loops": 581794,
              "Output": [
                "t.id",
                "t.title",
                "t.imdb_index",
                "t.kind_id",
                "t.production_year",
                "t.imdb_id",
                "t.phonetic_code",
                "t.episode_of_id",
                "t.season_nr",
                "t.episode_nr",
                "t.series_years",
                "t.md5sum"
              ],
              "Index Cond": "(t.id = ci.movie_id)",
              "Rows Removed by Index Recheck": 0
            }
          ]
        }
      ]
    },
    "Planning Time": 21049.476,
    "Triggers": [],
    "Execution Time": 16917.984
  }
]