[
  {
    "Plan": {
      "Node Type": "Aggregate",
      "Strategy": "Plain",
      "Partial Mode": "Finalize",
      "Parallel Aware": false,
      "Startup Cost": 346816.37,
      "Total Cost": 346816.38,
      "Plan Rows": 1,
      "Plan Width": 8,
      "Actual Startup Time": 781.817,
      "Actual Total Time": 841.182,
      "Actual Rows": 1,
      "Actual Loops": 1,
      "Plans": [
        {
          "Node Type": "Gather",
          "Parent Relationship": "Outer",
          "Parallel Aware": false,
          "Startup Cost": 346815.75,
          "Total Cost": 346816.36,
          "Plan Rows": 6,
          "Plan Width": 8,
          "Actual Startup Time": 781.718,
          "Actual Total Time": 841.174,
          "Actual Rows": 7,
          "Actual Loops": 1,
          "Workers Planned": 6,
          "Workers Launched": 6,
          "Single Copy": false,
          "Plans": [
            {
              "Node Type": "Aggregate",
              "Strategy": "Plain",
              "Partial Mode": "Partial",
              "Parent Relationship": "Outer",
              "Parallel Aware": false,
              "Startup Cost": 345815.75,
              "Total Cost": 345815.76,
              "Plan Rows": 1,
              "Plan Width": 8,
              "Actual Startup Time": 772.481,
              "Actual Total Time": 772.482,
              "Actual Rows": 1,
              "Actual Loops": 7,
              "Plans": [
                {
                  "Node Type": "Seq Scan",
                  "Parent Relationship": "Outer",
                  "Parallel Aware": true,
                  "Relation Name": "cast_info",
                  "Alias": "ci",
                  "Startup Cost": 0.0,
                  "Total Cost": 343257.03,
                  "Plan Rows": 1023488,
                  "Plan Width": 0,
                  "Actual Startup Time": 362.633,
                  "Actual Total Time": 699.839,
                  "Actual Rows": 1509552,
                  "Actual Loops": 7,
                  "Filter": "((person_id > 2316634) AND (role_id > 2))",
                  "Rows Removed by Filter": 3668211
                }
              ]
            }
          ]
        }
      ]
    },
    "Planning Time": 0.183,
    "Triggers": [],
    "Execution Time": 841.241
  }
]