[
  {
    "Plan": {
      "Node Type": "Aggregate",
      "Strategy": "Plain",
      "Partial Mode": "Finalize",
      "Parallel Aware": false,
      "Startup Cost": 54363.62,
      "Total Cost": 54363.63,
      "Plan Rows": 1,
      "Plan Width": 8,
      "Actual Startup Time": 103.686,
      "Actual Total Time": 117.86,
      "Actual Rows": 1,
      "Actual Loops": 1,
      "Plans": [
        {
          "Node Type": "Gather",
          "Parent Relationship": "Outer",
          "Parallel Aware": false,
          "Startup Cost": 54363.2,
          "Total Cost": 54363.61,
          "Plan Rows": 4,
          "Plan Width": 8,
          "Actual Startup Time": 103.561,
          "Actual Total Time": 117.852,
          "Actual Rows": 5,
          "Actual Loops": 1,
          "Workers Planned": 4,
          "Workers Launched": 4,
          "Single Copy": false,
          "Plans": [
            {
              "Node Type": "Aggregate",
              "Strategy": "Plain",
              "Partial Mode": "Partial",
              "Parent Relationship": "Outer",
              "Parallel Aware": false,
              "Startup Cost": 53363.2,
              "Total Cost": 53363.21,
              "Plan Rows": 1,
              "Plan Width": 8,
              "Actual Startup Time": 93.749,
              "Actual Total Time": 93.75,
              "Actual Rows": 1,
              "Actual Loops": 5,
              "Plans": [
                {
                  "Node Type": "Nested Loop",
                  "Parent Relationship": "Outer",
                  "Parallel Aware": false,
                  "Join Type": "Inner",
                  "Startup Cost": 0.43,
                  "Total Cost": 53359.34,
                  "Plan Rows": 1545,
                  "Plan Width": 0,
                  "Actual Startup Time": 4.483,
                  "Actual Total Time": 93.577,
                  "Actual Rows": 2836,
                  "Actual Loops": 5,
                  "Inner Unique": false,
                  "Plans": [
                    {
                      "Node Type": "Seq Scan",
                      "Parent Relationship": "Outer",
                      "Parallel Aware": true,
                      "Relation Name": "title",
                      "Alias": "t",
                      "Startup Cost": 0.0,
                      "Total Cost": 45479.1,
                      "Plan Rows": 863,
                      "Plan Width": 4,
                      "Actual Startup Time": 1.795,
                      "Actual Total Time": 84.098,
                      "Actual Rows": 735,
                      "Actual Loops": 5,
                      "Filter": "((kind_id < 4) AND (production_year = 1958))",
                      "Rows Removed by Filter": 504927
                    },
                    {
                      "Node Type": "Index Only Scan",
                      "Parent Relationship": "Inner",
                      "Parallel Aware": false,
                      "Scan Direction": "Forward",
                      "Index Name": "movie_id_movie_keyword",
                      "Relation Name": "movie_keyword",
                      "Alias": "mk",
                      "Startup Cost": 0.43,
                      "Total Cost": 8.68,
                      "Plan Rows": 45,
                      "Plan Width": 4,
                      "Actual Startup Time": 0.011,
                      "Actual Total Time": 0.012,
                      "Actual Rows": 4,
                      "Actual Loops": 3675,
                      "Index Cond": "(movie_id = t.id)",
                      "Rows Removed by Index Recheck": 0,
                      "Heap Fetches": 14179
                    }
                  ]
                }
              ]
            }
          ]
        }
      ]
    },
    "Planning Time": 0.585,
    "Triggers": [],
    "Execution Time": 117.942
  }
]