[
  {
    "Plan": {
      "Node Type": "Aggregate",
      "Strategy": "Plain",
      "Partial Mode": "Finalize",
      "Parallel Aware": false,
      "Startup Cost": 322670.78,
      "Total Cost": 322670.79,
      "Plan Rows": 1,
      "Plan Width": 8,
      "Actual Startup Time": 1057.638,
      "Actual Total Time": 1087.344,
      "Actual Rows": 1,
      "Actual Loops": 1,
      "Plans": [
        {
          "Node Type": "Gather",
          "Parent Relationship": "Outer",
          "Parallel Aware": false,
          "Startup Cost": 322670.56,
          "Total Cost": 322670.77,
          "Plan Rows": 2,
          "Plan Width": 8,
          "Actual Startup Time": 1050.935,
          "Actual Total Time": 1087.331,
          "Actual Rows": 3,
          "Actual Loops": 1,
          "Workers Planned": 2,
          "Workers Launched": 2,
          "Single Copy": false,
          "Plans": [
            {
              "Node Type": "Aggregate",
              "Strategy": "Plain",
              "Partial Mode": "Partial",
              "Parent Relationship": "Outer",
              "Parallel Aware": false,
              "Startup Cost": 321670.56,
              "Total Cost": 321670.57,
              "Plan Rows": 1,
              "Plan Width": 8,
              "Actual Startup Time": 1042.887,
              "Actual Total Time": 1043.299,
              "Actual Rows": 1,
              "Actual Loops": 3,
              "Plans": [
                {
                  "Node Type": "Hash Join",
                  "Parent Relationship": "Outer",
                  "Parallel Aware": true,
                  "Join Type": "Inner",
                  "Startup Cost": 305313.48,
                  "Total Cost": 321361.18,
                  "Plan Rows": 123752,
                  "Plan Width": 0,
                  "Actual Startup Time": 938.978,
                  "Actual Total Time": 1039.684,
                  "Actual Rows": 79068,
                  "Actual Loops": 3,
                  "Inner Unique": false,
                  "Hash Cond": "(mi_idx.movie_id = t.id)",
                  "Plans": [
                    {
                      "Node Type": "Seq Scan",
                      "Parent Relationship": "Outer",
                      "Parallel Aware": true,
                      "Relation Name": "movie_info_idx",
                      "Alias": "mi_idx",
                      "Startup Cost": 0.0,
                      "Total Cost": 13685.15,
                      "Plan Rows": 575015,
                      "Plan Width": 4,
                      "Actual Startup Time": 0.046,
                      "Actual Total Time": 38.567,
                      "Actual Rows": 460012,
                      "Actual Loops": 3
                    },
                    {
                      "Node Type": "Hash",
                      "Parent Relationship": "Inner",
                      "Parallel Aware": true,
                      "Startup Cost": 304179.88,
                      "Total Cost": 304179.88,
                      "Plan Rows": 90688,
                      "Plan Width": 8,
                      "Actual Startup Time": 932.413,
                      "Actual Total Time": 932.823,
                      "Actual Rows": 80416,
                      "Actual Loops": 3,
                      "Hash Buckets": 1048576,
                      "Original Hash Buckets": 1048576,
                      "Hash Batches": 1,
                      "Original Hash Batches": 1,
                      "Peak Memory Usage": 17696,
                      "Plans": [
                        {
                          "Node Type": "Hash Join",
                          "Parent Relationship": "Outer",
                          "Parallel Aware": true,
                          "Join Type": "Inner",
                          "Startup Cost": 48702.18,
                          "Total Cost": 304179.88,
                          "Plan Rows": 90688,
                          "Plan Width": 8,
                          "Actual Startup Time": 336.534,
                          "Actual Total Time": 899.373,
                          "Actual Rows": 80416,
                          "Actual Loops": 3,
                          "Inner Unique": true,
                          "Hash Cond": "(ci.movie_id = t.id)",
                          "Plans": [
                            {
                              "Node Type": "Index Scan",
                              "Parent Relationship": "Outer",
                              "Parallel Aware": true,
                              "Scan Direction": "Forward",
                              "Index Name": "role_id_cast_info",
                              "Relation Name": "cast_info",
                              "Alias": "ci",
                              "Startup Cost": 0.56,
                              "Total Cost": 255086.64,
                              "Plan Rows": 149191,
                              "Plan Width": 4,
                              "Actual Startup Time": 0.243,
                              "Actual Total Time": 476.861,
                              "Actual Rows": 156176,
                              "Actual Loops": 3,
                              "Index Cond": "(role_id > 4)",
                              "Rows Removed by Index Recheck": 0,
                              "Filter": "(person_id < 338701)",
                              "Rows Removed by Filter": 2972059
                            },
                            {
                              "Node Type": "Hash",
                              "Parent Relationship": "Inner",
                              "Parallel Aware": true,
                              "Startup Cost": 43898.92,
                              "Total Cost": 43898.92,
                              "Plan Rows": 384216,
                              "Plan Width": 4,
                              "Actual Startup Time": 329.398,
                              "Actual Total Time": 329.4,
                              "Actual Rows": 514421,
                              "Actual Loops": 3,
                              "Hash Buckets": 2097152,
                              "Original Hash Buckets": 2097152,
                              "Hash Batches": 1,
                              "Original Hash Batches": 1,
                              "Peak Memory Usage": 76800,
                              "Plans": [
                                {
                                  "Node Type": "Seq Scan",
                                  "Parent Relationship": "Outer",
                                  "Parallel Aware": true,
                                  "Relation Name": "title",
                                  "Alias": "t",
                                  "Startup Cost": 0.0,
                                  "Total Cost": 43898.92,
                                  "Plan Rows": 384216,
                                  "Plan Width": 4,
                                  "Actual Startup Time": 0.045,
                                  "Actual Total Time": 136.725,
                                  "Actual Rows": 514421,
                                  "Actual Loops": 3,
                                  "Filter": "(kind_id = 7)",
                                  "Rows Removed by Filter": 328349
                                }
                              ]
                            }
                          ]
                        }
                      ]
                    }
                  ]
                }
              ]
            }
          ]
        }
      ]
    },
    "Planning Time": 1.333,
    "Triggers": [],
    "Execution Time": 1087.452
  }
]