[
  {
    "Plan": {
      "Node Type": "Aggregate",
      "Strategy": "Plain",
      "Partial Mode": "Simple",
      "Parallel Aware": false,
      "Startup Cost": 16421.91,
      "Total Cost": 16421.92,
      "Plan Rows": 1,
      "Plan Width": 8,
      "Actual Startup Time": 22.293,
      "Actual Total Time": 22.295,
      "Actual Rows": 1,
      "Actual Loops": 1,
      "Plans": [
        {
          "Node Type": "Bitmap Heap Scan",
          "Parent Relationship": "Outer",
          "Parallel Aware": false,
          "Relation Name": "movie_companies",
          "Alias": "mc",
          "Startup Cost": 210.72,
          "Total Cost": 16409.54,
          "Plan Rows": 4946,
          "Plan Width": 0,
          "Actual Startup Time": 16.132,
          "Actual Total Time": 21.771,
          "Actual Rows": 4155,
          "Actual Loops": 1,
          "Recheck Cond": "(company_id = 846)",
          "Rows Removed by Index Recheck": 0,
          "Filter": "(company_type_id = 2)",
          "Rows Removed by Filter": 6008,
          "Exact Heap Blocks": 5689,
          "Lossy Heap Blocks": 0,
          "Plans": [
            {
              "Node Type": "Bitmap Index Scan",
              "Parent Relationship": "Outer",
              "Parallel Aware": false,
              "Index Name": "company_id_movie_companies",
              "Startup Cost": 0.0,
              "Total Cost": 209.49,
              "Plan Rows": 9741,
              "Plan Width": 0,
              "Actual Startup Time": 3.304,
              "Actual Total Time": 3.304,
              "Actual Rows": 10163,
              "Actual Loops": 1,
              "Index Cond": "(company_id = 846)"
            }
          ]
        }
      ]
    },
    "Planning Time": 0.205,
    "Triggers": [],
    "Execution Time": 22.36
  }
]