[
  {
    "Plan": {
      "Node Type": "Aggregate",
      "Strategy": "Plain",
      "Partial Mode": "Finalize",
      "Parallel Aware": false,
      "Startup Cost": 44875.14,
      "Total Cost": 44875.15,
      "Plan Rows": 1,
      "Plan Width": 8,
      "Actual Startup Time": 134.831,
      "Actual Total Time": 144.096,
      "Actual Rows": 1,
      "Actual Loops": 1,
      "Plans": [
        {
          "Node Type": "Gather",
          "Parent Relationship": "Outer",
          "Parallel Aware": false,
          "Startup Cost": 44874.82,
          "Total Cost": 44875.13,
          "Plan Rows": 3,
          "Plan Width": 8,
          "Actual Startup Time": 134.693,
          "Actual Total Time": 144.088,
          "Actual Rows": 4,
          "Actual Loops": 1,
          "Workers Planned": 3,
          "Workers Launched": 3,
          "Single Copy": false,
          "Plans": [
            {
              "Node Type": "Aggregate",
              "Strategy": "Plain",
              "Partial Mode": "Partial",
              "Parent Relationship": "Outer",
              "Parallel Aware": false,
              "Startup Cost": 43874.82,
              "Total Cost": 43874.83,
              "Plan Rows": 1,
              "Plan Width": 8,
              "Actual Startup Time": 127.401,
              "Actual Total Time": 127.402,
              "Actual Rows": 1,
              "Actual Loops": 4,
              "Plans": [
                {
                  "Node Type": "Seq Scan",
                  "Parent Relationship": "Outer",
                  "Parallel Aware": true,
                  "Relation Name": "movie_keyword",
                  "Alias": "mk",
                  "Startup Cost": 0.0,
                  "Total Cost": 42695.65,
                  "Plan Rows": 471667,
                  "Plan Width": 0,
                  "Actual Startup Time": 0.052,
                  "Actual Total Time": 108.936,
                  "Actual Rows": 368461,
                  "Actual Loops": 4,
                  "Filter": "(keyword_id < 2104)",
                  "Rows Removed by Filter": 762522
                }
              ]
            }
          ]
        }
      ]
    },
    "Planning Time": 0.182,
    "Triggers": [],
    "Execution Time": 144.15
  }
]