[
  {
    "Plan": {
      "Node Type": "Aggregate",
      "Strategy": "Plain",
      "Partial Mode": "Finalize",
      "Parallel Aware": false,
      "Startup Cost": 33391.56,
      "Total Cost": 33391.57,
      "Plan Rows": 1,
      "Plan Width": 8,
      "Actual Startup Time": 100.375,
      "Actual Total Time": 108.204,
      "Actual Rows": 1,
      "Actual Loops": 1,
      "Plans": [
        {
          "Node Type": "Gather",
          "Parent Relationship": "Outer",
          "Parallel Aware": false,
          "Startup Cost": 33391.24,
          "Total Cost": 33391.55,
          "Plan Rows": 3,
          "Plan Width": 8,
          "Actual Startup Time": 100.277,
          "Actual Total Time": 108.197,
          "Actual Rows": 4,
          "Actual Loops": 1,
          "Workers Planned": 3,
          "Workers Launched": 3,
          "Single Copy": false,
          "Plans": [
            {
              "Node Type": "Aggregate",
              "Strategy": "Plain",
              "Partial Mode": "Partial",
              "Parent Relationship": "Outer",
              "Parallel Aware": false,
              "Startup Cost": 32391.24,
              "Total Cost": 32391.25,
              "Plan Rows": 1,
              "Plan Width": 8,
              "Actual Startup Time": 92.312,
              "Actual Total Time": 92.313,
              "Actual Rows": 1,
              "Actual Loops": 4,
              "Plans": [
                {
                  "Node Type": "Seq Scan",
                  "Parent Relationship": "Outer",
                  "Parallel Aware": true,
                  "Relation Name": "movie_companies",
                  "Alias": "mc",
                  "Startup Cost": 0.0,
                  "Total Cost": 31414.82,
                  "Plan Rows": 390568,
                  "Plan Width": 0,
                  "Actual Startup Time": 47.178,
                  "Actual Total Time": 81.635,
                  "Actual Rows": 278308,
                  "Actual Loops": 4,
                  "Filter": "((company_id < 107523) AND (company_type_id > 1))",
                  "Rows Removed by Filter": 373974
                }
              ]
            }
          ]
        }
      ]
    },
    "Planning Time": 0.253,
    "Triggers": [],
    "Execution Time": 108.259
  }
]