[
  {
    "Plan": {
      "Node Type": "Aggregate",
      "Strategy": "Plain",
      "Partial Mode": "Finalize",
      "Parallel Aware": false,
      "Startup Cost": 298937.72,
      "Total Cost": 298937.73,
      "Plan Rows": 1,
      "Plan Width": 8,
      "Actual Startup Time": 3480.344,
      "Actual Total Time": 3525.471,
      "Actual Rows": 1,
      "Actual Loops": 1,
      "Plans": [
        {
          "Node Type": "Gather",
          "Parent Relationship": "Outer",
          "Parallel Aware": false,
          "Startup Cost": 298937.2,
          "Total Cost": 298937.71,
          "Plan Rows": 5,
          "Plan Width": 8,
          "Actual Startup Time": 3470.321,
          "Actual Total Time": 3525.444,
          "Actual Rows": 6,
          "Actual Loops": 1,
          "Workers Planned": 5,
          "Workers Launched": 5,
          "Single Copy": false,
          "Plans": [
            {
              "Node Type": "Aggregate",
              "Strategy": "Plain",
              "Partial Mode": "Partial",
              "Parent Relationship": "Outer",
              "Parallel Aware": false,
              "Startup Cost": 297937.2,
              "Total Cost": 297937.21,
              "Plan Rows": 1,
              "Plan Width": 8,
              "Actual Startup Time": 3460.037,
              "Actual Total Time": 3460.309,
              "Actual Rows": 1,
              "Actual Loops": 6,
              "Plans": [
                {
                  "Node Type": "Hash Join",
                  "Parent Relationship": "Outer",
                  "Parallel Aware": true,
                  "Join Type": "Inner",
                  "Startup Cost": 91568.28,
                  "Total Cost": 296312.61,
                  "Plan Rows": 649837,
                  "Plan Width": 0,
                  "Actual Startup Time": 415.497,
                  "Actual Total Time": 2600.341,
                  "Actual Rows": 21321859,
                  "Actual Loops": 6,
                  "Inner Unique": false,
                  "Hash Cond": "(mi.movie_id = t.id)",
                  "Plans": [
                    {
                      "Node Type": "Seq Scan",
                      "Parent Relationship": "Outer",
                      "Parallel Aware": true,
                      "Relation Name": "movie_info",
                      "Alias": "mi",
                      "Startup Cost": 0.0,
                      "Total Cost": 191560.33,
                      "Plan Rows": 2956733,
                      "Plan Width": 4,
                      "Actual Startup Time": 0.026,
                      "Actual Total Time": 291.248,
                      "Actual Rows": 2472620,
                      "Actual Loops": 6
                    },
                    {
                      "Node Type": "Hash",
                      "Parent Relationship": "Inner",
                      "Parallel Aware": true,
                      "Startup Cost": 89327.65,
                      "Total Cost": 89327.65,
                      "Plan Rows": 179250,
                      "Plan Width": 8,
                      "Actual Startup Time": 397.298,
                      "Actual Total Time": 397.569,
                      "Actual Rows": 326025,
                      "Actual Loops": 6,
                      "Hash Buckets": 2097152,
                      "Original Hash Buckets": 1048576,
                      "Hash Batches": 1,
                      "Original Hash Batches": 1,
                      "Peak Memory Usage": 101152,
                      "Plans": [
                        {
                          "Node Type": "Hash Join",
                          "Parent Relationship": "Outer",
                          "Parallel Aware": true,
                          "Join Type": "Inner",
                          "Startup Cost": 46449.57,
                          "Total Cost": 89327.65,
                          "Plan Rows": 179250,
                          "Plan Width": 8,
                          "Actual Startup Time": 144.31,
                          "Actual Total Time": 289.135,
                          "Actual Rows": 326025,
                          "Actual Loops": 6,
                          "Inner Unique": true,
                          "Hash Cond": "(mk.movie_id = t.id)",
                          "Plans": [
                            {
                              "Node Type": "Seq Scan",
                              "Parent Relationship": "Outer",
                              "Parallel Aware": true,
                              "Relation Name": "movie_keyword",
                              "Alias": "mk",
                              "Startup Cost": 0.0,
                              "Total Cost": 39047.32,
                              "Plan Rows": 1459332,
                              "Plan Width": 4,
                              "Actual Startup Time": 0.028,
                              "Actual Total Time": 69.759,
                              "Actual Rows": 753988,
                              "Actual Loops": 6
                            },
                            {
                              "Node Type": "Hash",
                              "Parent Relationship": "Inner",
                              "Parallel Aware": true,
                              "Startup Cost": 45479.1,
                              "Total Cost": 45479.1,
                              "Plan Rows": 77638,
                              "Plan Width": 4,
                              "Actual Startup Time": 115.523,
                              "Actual Total Time": 115.524,
                              "Actual Rows": 66790,
                              "Actual Loops": 6,
                              "Hash Buckets": 524288,
                              "Original Hash Buckets": 524288,
                              "Hash Batches": 1,
                              "Original Hash Batches": 1,
                              "Peak Memory Usage": 19872,
                              "Plans": [
                                {
                                  "Node Type": "Seq Scan",
                                  "Parent Relationship": "Outer",
                                  "Parallel Aware": true,
                                  "Relation Name": "title",
                                  "Alias": "t",
                                  "Startup Cost": 0.0,
                                  "Total Cost": 45479.1,
                                  "Plan Rows": 77638,
                                  "Plan Width": 4,
                                  "Actual Startup Time": 54.43,
                                  "Actual Total Time": 86.414,
                                  "Actual Rows": 66790,
                                  "Actual Loops": 6,
                                  "Filter": "((production_year < 2003) AND (kind_id = 1))",
                                  "Rows Removed by Filter": 354595
                                }
                              ]
                            }
                          ]
                        }
                      ]
                    }
                  ]
                }
              ]
            }
          ]
        }
      ]
    },
    "Planning Time": 1.376,
    "Triggers": [],
    "Execution Time": 3525.555
  }
]