[
  {
    "Plan": {
      "Node Type": "Aggregate",
      "Strategy": "Plain",
      "Partial Mode": "Finalize",
      "Parallel Aware": false,
      "Startup Cost": 337503.34,
      "Total Cost": 337503.35,
      "Plan Rows": 1,
      "Plan Width": 8,
      "Actual Startup Time": 747.761,
      "Actual Total Time": 794.186,
      "Actual Rows": 1,
      "Actual Loops": 1,
      "Plans": [
        {
          "Node Type": "Gather",
          "Parent Relationship": "Outer",
          "Parallel Aware": false,
          "Startup Cost": 337502.72,
          "Total Cost": 337503.33,
          "Plan Rows": 6,
          "Plan Width": 8,
          "Actual Startup Time": 747.599,
          "Actual Total Time": 794.169,
          "Actual Rows": 7,
          "Actual Loops": 1,
          "Workers Planned": 6,
          "Workers Launched": 6,
          "Single Copy": false,
          "Plans": [
            {
              "Node Type": "Aggregate",
              "Strategy": "Plain",
              "Partial Mode": "Partial",
              "Parent Relationship": "Outer",
              "Parallel Aware": false,
              "Startup Cost": 336502.72,
              "Total Cost": 336502.73,
              "Plan Rows": 1,
              "Plan Width": 8,
              "Actual Startup Time": 740.659,
              "Actual Total Time": 740.661,
              "Actual Rows": 1,
              "Actual Loops": 7,
              "Plans": [
                {
                  "Node Type": "Seq Scan",
                  "Parent Relationship": "Outer",
                  "Parallel Aware": true,
                  "Relation Name": "cast_info",
                  "Alias": "ci",
                  "Startup Cost": 0.0,
                  "Total Cost": 328211.39,
                  "Plan Rows": 3316530,
                  "Plan Width": 0,
                  "Actual Startup Time": 175.923,
                  "Actual Total Time": 604.801,
                  "Actual Rows": 2816008,
                  "Actual Loops": 7,
                  "Filter": "(person_id > 1636908)",
                  "Rows Removed by Filter": 2361755
                }
              ]
            }
          ]
        }
      ]
    },
    "Planning Time": 0.21,
    "Triggers": [],
    "Execution Time": 794.264
  }
]