[
  {
    "Plan": {
      "Node Type": "Aggregate",
      "Strategy": "Plain",
      "Partial Mode": "Finalize",
      "Parallel Aware": false,
      "Startup Cost": 32875.98,
      "Total Cost": 32875.99,
      "Plan Rows": 1,
      "Plan Width": 8,
      "Actual Startup Time": 79.798,
      "Actual Total Time": 87.743,
      "Actual Rows": 1,
      "Actual Loops": 1,
      "Plans": [
        {
          "Node Type": "Gather",
          "Parent Relationship": "Outer",
          "Parallel Aware": false,
          "Startup Cost": 32875.66,
          "Total Cost": 32875.97,
          "Plan Rows": 3,
          "Plan Width": 8,
          "Actual Startup Time": 79.708,
          "Actual Total Time": 87.736,
          "Actual Rows": 4,
          "Actual Loops": 1,
          "Workers Planned": 3,
          "Workers Launched": 3,
          "Single Copy": false,
          "Plans": [
            {
              "Node Type": "Aggregate",
              "Strategy": "Plain",
              "Partial Mode": "Partial",
              "Parent Relationship": "Outer",
              "Parallel Aware": false,
              "Startup Cost": 31875.66,
              "Total Cost": 31875.67,
              "Plan Rows": 1,
              "Plan Width": 8,
              "Actual Startup Time": 76.523,
              "Actual Total Time": 76.524,
              "Actual Rows": 1,
              "Actual Loops": 4,
              "Plans": [
                {
                  "Node Type": "Seq Scan",
                  "Parent Relationship": "Outer",
                  "Parallel Aware": true,
                  "Relation Name": "movie_companies",
                  "Alias": "mc",
                  "Startup Cost": 0.0,
                  "Total Cost": 31414.82,
                  "Plan Rows": 184336,
                  "Plan Width": 0,
                  "Actual Startup Time": 33.942,
                  "Actual Total Time": 67.639,
                  "Actual Rows": 214380,
                  "Actual Loops": 4,
                  "Filter": "((company_id > 13909) AND (company_type_id = 2))",
                  "Rows Removed by Filter": 437902
                }
              ]
            }
          ]
        }
      ]
    },
    "Planning Time": 0.102,
    "Triggers": [],
    "Execution Time": 87.774
  }
]