[
  {
    "Plan": {
      "Node Type": "Aggregate",
      "Strategy": "Plain",
      "Partial Mode": "Finalize",
      "Parallel Aware": false,
      "Startup Cost": 32867.98,
      "Total Cost": 32867.99,
      "Plan Rows": 1,
      "Plan Width": 8,
      "Actual Startup Time": 92.77,
      "Actual Total Time": 100.488,
      "Actual Rows": 1,
      "Actual Loops": 1,
      "Plans": [
        {
          "Node Type": "Gather",
          "Parent Relationship": "Outer",
          "Parallel Aware": false,
          "Startup Cost": 32867.67,
          "Total Cost": 32867.98,
          "Plan Rows": 3,
          "Plan Width": 8,
          "Actual Startup Time": 92.692,
          "Actual Total Time": 100.483,
          "Actual Rows": 4,
          "Actual Loops": 1,
          "Workers Planned": 3,
          "Workers Launched": 3,
          "Single Copy": false,
          "Plans": [
            {
              "Node Type": "Aggregate",
              "Strategy": "Plain",
              "Partial Mode": "Partial",
              "Parent Relationship": "Outer",
              "Parallel Aware": false,
              "Startup Cost": 31867.67,
              "Total Cost": 31867.68,
              "Plan Rows": 1,
              "Plan Width": 8,
              "Actual Startup Time": 85.924,
              "Actual Total Time": 85.925,
              "Actual Rows": 1,
              "Actual Loops": 4,
              "Plans": [
                {
                  "Node Type": "Seq Scan",
                  "Parent Relationship": "Outer",
                  "Parallel Aware": true,
                  "Relation Name": "movie_companies",
                  "Alias": "mc",
                  "Startup Cost": 0.0,
                  "Total Cost": 31414.82,
                  "Plan Rows": 181139,
                  "Plan Width": 0,
                  "Actual Startup Time": 45.025,
                  "Actual Total Time": 77.744,
                  "Actual Rows": 214380,
                  "Actual Loops": 4,
                  "Filter": "((company_id > 13909) AND (company_type_id = 2))",
                  "Rows Removed by Filter": 437902
                }
              ]
            }
          ]
        }
      ]
    },
    "Planning Time": 0.179,
    "Triggers": [],
    "Execution Time": 100.536
  }
]