[
  {
    "Plan": {
      "Node Type": "Aggregate",
      "Strategy": "Plain",
      "Partial Mode": "Finalize",
      "Parallel Aware": false,
      "Startup Cost": 32807.98,
      "Total Cost": 32807.99,
      "Plan Rows": 1,
      "Plan Width": 8,
      "Actual Startup Time": 97.144,
      "Actual Total Time": 105.109,
      "Actual Rows": 1,
      "Actual Loops": 1,
      "Plans": [
        {
          "Node Type": "Gather",
          "Parent Relationship": "Outer",
          "Parallel Aware": false,
          "Startup Cost": 32807.66,
          "Total Cost": 32807.97,
          "Plan Rows": 3,
          "Plan Width": 8,
          "Actual Startup Time": 97.008,
          "Actual Total Time": 105.099,
          "Actual Rows": 4,
          "Actual Loops": 1,
          "Workers Planned": 3,
          "Workers Launched": 3,
          "Single Copy": false,
          "Plans": [
            {
              "Node Type": "Aggregate",
              "Strategy": "Plain",
              "Partial Mode": "Partial",
              "Parent Relationship": "Outer",
              "Parallel Aware": false,
              "Startup Cost": 31807.66,
              "Total Cost": 31807.67,
              "Plan Rows": 1,
              "Plan Width": 8,
              "Actual Startup Time": 90.286,
              "Actual Total Time": 90.287,
              "Actual Rows": 1,
              "Actual Loops": 4,
              "Plans": [
                {
                  "Node Type": "Seq Scan",
                  "Parent Relationship": "Outer",
                  "Parallel Aware": true,
                  "Relation Name": "movie_companies",
                  "Alias": "mc",
                  "Startup Cost": 0.0,
                  "Total Cost": 31414.82,
                  "Plan Rows": 157137,
                  "Plan Width": 0,
                  "Actual Startup Time": 0.04,
                  "Actual Total Time": 78.377,
                  "Actual Rows": 172908,
                  "Actual Loops": 4,
                  "Filter": "((company_id < 4530) AND (company_type_id < 2))",
                  "Rows Removed by Filter": 479375
                }
              ]
            }
          ]
        }
      ]
    },
    "Planning Time": 0.22,
    "Triggers": [],
    "Execution Time": 105.174
  }
]