{
  "Plan": {
    "Node Type": "Aggregate",
    "Strategy": "Plain",
    "Partial Mode": "Finalize",
    "Parallel Aware": false,
    "Startup Cost": 152713.83,
    "Total Cost": 152713.84,
    "Plan Rows": 1,
    "Plan Width": 8,
    "Actual Startup Time": 944.818,
    "Actual Total Time": 968.539,
    "Actual Rows": 1,
    "Actual Loops": 1,
    "Plans": [
      {
        "Node Type": "Gather",
        "Parent Relationship": "Outer",
        "Parallel Aware": false,
        "Startup Cost": 152713.72,
        "Total Cost": 152713.83,
        "Plan Rows": 1,
        "Plan Width": 8,
        "Actual Startup Time": 938.37,
        "Actual Total Time": 968.53,
        "Actual Rows": 2,
        "Actual Loops": 1,
        "Workers Planned": 1,
        "Workers Launched": 1,
        "Single Copy": false,
        "Plans": [
          {
            "Node Type": "Aggregate",
            "Strategy": "Plain",
            "Partial Mode": "Partial",
            "Parent Relationship": "Outer",
            "Parallel Aware": false,
            "Startup Cost": 151713.72,
            "Total Cost": 151713.73,
            "Plan Rows": 1,
            "Plan Width": 8,
            "Actual Startup Time": 932.496,
            "Actual Total Time": 932.833,
            "Actual Rows": 1,
            "Actual Loops": 2,
            "Plans": [
              {
                "Node Type": "Hash Join",
                "Parent Relationship": "Outer",
                "Parallel Aware": true,
                "Join Type": "Inner",
                "Startup Cost": 106838.03,
                "Total Cost": 151500.15,
                "Plan Rows": 85425,
                "Plan Width": 0,
                "Actual Startup Time": 762.193,
                "Actual Total Time": 921.176,
                "Actual Rows": 299632,
                "Actual Loops": 2,
                "Inner Unique": false,
                "Hash Cond": "(mc.movie_id = t.id)",
                "Plans": [
                  {
                    "Node Type": "Seq Scan",
                    "Parent Relationship": "Outer",
                    "Parallel Aware": true,
                    "Relation Name": "movie_companies",
                    "Alias": "mc",
                    "Startup Cost": 0.0,
                    "Total Cost": 41811.73,
                    "Plan Rows": 626107,
                    "Plan Width": 4,
                    "Actual Startup Time": 48.377,
                    "Actual Total Time": 113.643,
                    "Actual Rows": 598964,
                    "Actual Loops": 2,
                    "Filter": "((company_id > 472) AND (company_type_id = 2))",
                    "Rows Removed by Filter": 705600
                  },
                  {
                    "Node Type": "Hash",
                    "Parent Relationship": "Inner",
                    "Parallel Aware": true,
                    "Startup Cost": 104301.6,
                    "Total Cost": 104301.6,
                    "Plan Rows": 202914,
                    "Plan Width": 8,
                    "Actual Startup Time": 708.21,
                    "Actual Total Time": 708.545,
                    "Actual Rows": 181846,
                    "Actual Loops": 2,
                    "Hash Buckets": 524288,
                    "Original Hash Buckets": 524288,
                    "Hash Batches": 1,
                    "Original Hash Batches": 1,
                    "Peak Memory Usage": 18336,
                    "Plans": [
                      {
                        "Node Type": "Hash Join",
                        "Parent Relationship": "Outer",
                        "Parallel Aware": true,
                        "Join Type": "Inner",
                        "Startup Cost": 76778.53,
                        "Total Cost": 104301.6,
                        "Plan Rows": 202914,
                        "Plan Width": 8,
                        "Actual Startup Time": 543.9,
                        "Actual Total Time": 669.533,
                        "Actual Rows": 181846,
                        "Actual Loops": 2,
                        "Inner Unique": true,
                        "Hash Cond": "(mk.movie_id = t.id)",
                        "Plans": [
                          {
                            "Node Type": "Bitmap Heap Scan",
                            "Parent Relationship": "Outer",
                            "Parallel Aware": true,
                            "Relation Name": "movie_keyword",
                            "Alias": "mk",
                            "Startup Cost": 7317.83,
                            "Total Cost": 34308.25,
                            "Plan Rows": 202914,
                            "Plan Width": 4,
                            "Actual Startup Time": 22.967,
                            "Actual Total Time": 84.108,
                            "Actual Rows": 181846,
                            "Actual Loops": 2,
                            "Recheck Cond": "(keyword_id < 335)",
                            "Rows Removed by Index Recheck": 0,
                            "Exact Heap Blocks": 13482,
                            "Lossy Heap Blocks": 0,
                            "Plans": [
                              {
                                "Node Type": "Bitmap Index Scan",
                                "Parent Relationship": "Outer",
                                "Parallel Aware": false,
                                "Index Name": "keyword_id_movie_keyword",
                                "Startup Cost": 0.0,
                                "Total Cost": 7231.59,
                                "Plan Rows": 344954,
                                "Plan Width": 0,
                                "Actual Startup Time": 19.403,
                                "Actual Total Time": 19.403,
                                "Actual Rows": 363692,
                                "Actual Loops": 1,
                                "Index Cond": "(keyword_id < 335)"
                              }
                            ]
                          },
                          {
                            "Node Type": "Hash",
                            "Parent Relationship": "Inner",
                            "Parallel Aware": true,
                            "Startup Cost": 50870.31,
                            "Total Cost": 50870.31,
                            "Plan Rows": 1487231,
                            "Plan Width": 4,
                            "Actual Startup Time": 502.362,
                            "Actual Total Time": 502.363,
                            "Actual Rows": 1264156,
                            "Actual Loops": 2,
                            "Hash Buckets": 4194304,
                            "Original Hash Buckets": 4194304,
                            "Hash Batches": 1,
                            "Original Hash Batches": 1,
                            "Peak Memory Usage": 131712,
                            "Plans": [
                              {
                                "Node Type": "Seq Scan",
                                "Parent Relationship": "Outer",
                                "Parallel Aware": true,
                                "Relation Name": "title",
                                "Alias": "t",
                                "Startup Cost": 0.0,
                                "Total Cost": 50870.31,
                                "Plan Rows": 1487231,
                                "Plan Width": 4,
                                "Actual Startup Time": 0.038,
                                "Actual Total Time": 148.557,
                                "Actual Rows": 1264156,
                                "Actual Loops": 2
                              }
                            ]
                          }
                        ]
                      }
                    ]
                  }
                ]
              }
            ]
          }
        ]
      }
    ]
  },
  "Planning Time": 0.979,
  "Triggers": [],
  "Execution Time": 968.641
}