{
    "Plan": {
        "Node Type": "Aggregate",
        "Strategy": "Plain",
        "Partial Mode": "Finalize",
        "Parallel Aware": false,
        "Startup Cost": 277395.1,
        "Total Cost": 277395.11,
        "Plan Rows": 1,
        "Plan Width": 8,
        "Actual Startup Time": 1683.116,
        "Actual Total Time": 1723.386,
        "Actual Rows": 1,
        "Actual Loops": 1,
        "Output": [
            "count(*)"
        ],
        "Plans": [
            {
                "Node Type": "Gather",
                "Parent Relationship": "Outer",
                "Parallel Aware": false,
                "Startup Cost": 277394.58,
                "Total Cost": 277395.09,
                "Plan Rows": 5,
                "Plan Width": 8,
                "Actual Startup Time": 1674.328,
                "Actual Total Time": 1723.372,
                "Actual Rows": 6,
                "Actual Loops": 1,
                "Output": [
                    "(PARTIAL count(*))"
                ],
                "Workers Planned": 5,
                "Workers Launched": 5,
                "Single Copy": false,
                "Plans": [
                    {
                        "Node Type": "Aggregate",
                        "Strategy": "Plain",
                        "Partial Mode": "Partial",
                        "Parent Relationship": "Outer",
                        "Parallel Aware": false,
                        "Startup Cost": 276394.58,
                        "Total Cost": 276394.59,
                        "Plan Rows": 1,
                        "Plan Width": 8,
                        "Actual Startup Time": 1662.653,
                        "Actual Total Time": 1662.842,
                        "Actual Rows": 1,
                        "Actual Loops": 6,
                        "Output": [
                            "PARTIAL count(*)"
                        ],
                        "Workers": [
                            {
                                "Worker Number": 0,
                                "Actual Startup Time": 1660.234,
                                "Actual Total Time": 1660.239,
                                "Actual Rows": 1,
                                "Actual Loops": 1
                            },
                            {
                                "Worker Number": 1,
                                "Actual Startup Time": 1661.39,
                                "Actual Total Time": 1661.397,
                                "Actual Rows": 1,
                                "Actual Loops": 1
                            },
                            {
                                "Worker Number": 2,
                                "Actual Startup Time": 1660.308,
                                "Actual Total Time": 1660.314,
                                "Actual Rows": 1,
                                "Actual Loops": 1
                            },
                            {
                                "Worker Number": 3,
                                "Actual Startup Time": 1660.336,
                                "Actual Total Time": 1660.341,
                                "Actual Rows": 1,
                                "Actual Loops": 1
                            },
                            {
                                "Worker Number": 4,
                                "Actual Startup Time": 1660.453,
                                "Actual Total Time": 1660.457,
                                "Actual Rows": 1,
                                "Actual Loops": 1
                            }
                        ],
                        "Plans": [
                            {
                                "Node Type": "Hash Join",
                                "Parent Relationship": "Outer",
                                "Parallel Aware": true,
                                "Join Type": "Inner",
                                "Startup Cost": 68448.64,
                                "Total Cost": 273706.36,
                                "Plan Rows": 1075287,
                                "Plan Width": 0,
                                "Actual Startup Time": 399.116,
                                "Actual Total Time": 1549.437,
                                "Actual Rows": 2325783,
                                "Actual Loops": 6,
                                "Inner Unique": false,
                                "Hash Cond": "(mi.movie_id = t.id)",
                                "Workers": [
                                    {
                                        "Worker Number": 0,
                                        "Actual Startup Time": 397.028,
                                        "Actual Total Time": 1541.503,
                                        "Actual Rows": 1878379,
                                        "Actual Loops": 1
                                    },
                                    {
                                        "Worker Number": 1,
                                        "Actual Startup Time": 396.773,
                                        "Actual Total Time": 1544.341,
                                        "Actual Rows": 1854533,
                                        "Actual Loops": 1
                                    },
                                    {
                                        "Worker Number": 2,
                                        "Actual Startup Time": 396.816,
                                        "Actual Total Time": 1551.798,
                                        "Actual Rows": 2515758,
                                        "Actual Loops": 1
                                    },
                                    {
                                        "Worker Number": 3,
                                        "Actual Startup Time": 397.166,
                                        "Actual Total Time": 1552.641,
                                        "Actual Rows": 2493781,
                                        "Actual Loops": 1
                                    },
                                    {
                                        "Worker Number": 4,
                                        "Actual Startup Time": 396.899,
                                        "Actual Total Time": 1552.659,
                                        "Actual Rows": 2498359,
                                        "Actual Loops": 1
                                    }
                                ],
                                "Plans": [
                                    {
                                        "Node Type": "Seq Scan",
                                        "Parent Relationship": "Outer",
                                        "Parallel Aware": true,
                                        "Relation Name": "movie_info",
                                        "Schema": "public",
                                        "Alias": "mi",
                                        "Startup Cost": 0.0,
                                        "Total Cost": 191503.19,
                                        "Plan Rows": 2951019,
                                        "Plan Width": 4,
                                        "Actual Startup Time": 0.036,
                                        "Actual Total Time": 311.147,
                                        "Actual Rows": 2472620,
                                        "Actual Loops": 6,
                                        "Output": [
                                            "mi.id",
                                            "mi.movie_id",
                                            "mi.info_type_id",
                                            "mi.info",
                                            "mi.note"
                                        ],
                                        "Workers": [
                                            {
                                                "Worker Number": 0,
                                                "Actual Startup Time": 0.039,
                                                "Actual Total Time": 335.88,
                                                "Actual Rows": 2017809,
                                                "Actual Loops": 1
                                            },
                                            {
                                                "Worker Number": 1,
                                                "Actual Startup Time": 0.042,
                                                "Actual Total Time": 336.427,
                                                "Actual Rows": 1999303,
                                                "Actual Loops": 1
                                            },
                                            {
                                                "Worker Number": 2,
                                                "Actual Startup Time": 0.035,
                                                "Actual Total Time": 314.36,
                                                "Actual Rows": 2664144,
                                                "Actual Loops": 1
                                            },
                                            {
                                                "Worker Number": 3,
                                                "Actual Startup Time": 0.039,
                                                "Actual Total Time": 314.904,
                                                "Actual Rows": 2652604,
                                                "Actual Loops": 1
                                            },
                                            {
                                                "Worker Number": 4,
                                                "Actual Startup Time": 0.045,
                                                "Actual Total Time": 313.975,
                                                "Actual Rows": 2647437,
                                                "Actual Loops": 1
                                            }
                                        ]
                                    },
                                    {
                                        "Node Type": "Hash",
                                        "Parent Relationship": "Inner",
                                        "Parallel Aware": true,
                                        "Startup Cost": 65569.69,
                                        "Total Cost": 65569.69,
                                        "Plan Rows": 230316,
                                        "Plan Width": 8,
                                        "Actual Startup Time": 393.836,
                                        "Actual Total Time": 394.023,
                                        "Actual Rows": 153352,
                                        "Actual Loops": 6,
                                        "Output": [
                                            "t.id",
                                            "mi_idx.movie_id"
                                        ],
                                        "Hash Buckets": 1048576,
                                        "Original Hash Buckets": 1048576,
                                        "Hash Batches": 1,
                                        "Original Hash Batches": 1,
                                        "Peak Memory Usage": 44288,
                                        "Workers": [
                                            {
                                                "Worker Number": 0,
                                                "Actual Startup Time": 394.882,
                                                "Actual Total Time": 394.886,
                                                "Actual Rows": 132061,
                                                "Actual Loops": 1
                                            },
                                            {
                                                "Worker Number": 1,
                                                "Actual Startup Time": 395.017,
                                                "Actual Total Time": 395.022,
                                                "Actual Rows": 129789,
                                                "Actual Loops": 1
                                            },
                                            {
                                                "Worker Number": 2,
                                                "Actual Startup Time": 395.094,
                                                "Actual Total Time": 395.098,
                                                "Actual Rows": 161212,
                                                "Actual Loops": 1
                                            },
                                            {
                                                "Worker Number": 3,
                                                "Actual Startup Time": 395.1,
                                                "Actual Total Time": 395.104,
                                                "Actual Rows": 161442,
                                                "Actual Loops": 1
                                            },
                                            {
                                                "Worker Number": 4,
                                                "Actual Startup Time": 395.26,
                                                "Actual Total Time": 395.263,
                                                "Actual Rows": 161116,
                                                "Actual Loops": 1
                                            }
                                        ],
                                        "Plans": [
                                            {
                                                "Node Type": "Hash Join",
                                                "Parent Relationship": "Outer",
                                                "Parallel Aware": true,
                                                "Join Type": "Inner",
                                                "Startup Cost": 19920.93,
                                                "Total Cost": 65569.69,
                                                "Plan Rows": 230316,
                                                "Plan Width": 8,
                                                "Actual Startup Time": 108.153,
                                                "Actual Total Time": 337.774,
                                                "Actual Rows": 153352,
                                                "Actual Loops": 6,
                                                "Output": [
                                                    "t.id",
                                                    "mi_idx.movie_id"
                                                ],
                                                "Inner Unique": false,
                                                "Hash Cond": "(t.id = mi_idx.movie_id)",
                                                "Workers": [
                                                    {
                                                        "Worker Number": 0,
                                                        "Actual Startup Time": 108.173,
                                                        "Actual Total Time": 337.397,
                                                        "Actual Rows": 132061,
                                                        "Actual Loops": 1
                                                    },
                                                    {
                                                        "Worker Number": 1,
                                                        "Actual Startup Time": 108.148,
                                                        "Actual Total Time": 338.204,
                                                        "Actual Rows": 129789,
                                                        "Actual Loops": 1
                                                    },
                                                    {
                                                        "Worker Number": 2,
                                                        "Actual Startup Time": 108.153,
                                                        "Actual Total Time": 337.648,
                                                        "Actual Rows": 161212,
                                                        "Actual Loops": 1
                                                    },
                                                    {
                                                        "Worker Number": 3,
                                                        "Actual Startup Time": 108.114,
                                                        "Actual Total Time": 337.512,
                                                        "Actual Rows": 161442,
                                                        "Actual Loops": 1
                                                    },
                                                    {
                                                        "Worker Number": 4,
                                                        "Actual Startup Time": 108.129,
                                                        "Actual Total Time": 337.555,
                                                        "Actual Rows": 161116,
                                                        "Actual Loops": 1
                                                    }
                                                ],
                                                "Plans": [
                                                    {
                                                        "Node Type": "Seq Scan",
                                                        "Parent Relationship": "Outer",
                                                        "Parallel Aware": true,
                                                        "Relation Name": "title",
                                                        "Schema": "public",
                                                        "Alias": "t",
                                                        "Startup Cost": 0.0,
                                                        "Total Cost": 42318.81,
                                                        "Plan Rows": 632080,
                                                        "Plan Width": 4,
                                                        "Actual Startup Time": 0.028,
                                                        "Actual Total Time": 67.611,
                                                        "Actual Rows": 421385,
                                                        "Actual Loops": 6,
                                                        "Output": [
                                                            "t.id",
                                                            "t.title",
                                                            "t.imdb_index",
                                                            "t.kind_id",
                                                            "t.production_year",
                                                            "t.imdb_id",
                                                            "t.phonetic_code",
                                                            "t.episode_of_id",
                                                            "t.season_nr",
                                                            "t.episode_nr",
                                                            "t.series_years",
                                                            "t.md5sum"
                                                        ],
                                                        "Workers": [
                                                            {
                                                                "Worker Number": 0,
                                                                "Actual Startup Time": 0.035,
                                                                "Actual Total Time": 73.087,
                                                                "Actual Rows": 358592,
                                                                "Actual Loops": 1
                                                            },
                                                            {
                                                                "Worker Number": 1,
                                                                "Actual Startup Time": 0.034,
                                                                "Actual Total Time": 73.227,
                                                                "Actual Rows": 355764,
                                                                "Actual Loops": 1
                                                            },
                                                            {
                                                                "Worker Number": 2,
                                                                "Actual Startup Time": 0.028,
                                                                "Actual Total Time": 68.972,
                                                                "Actual Rows": 445508,
                                                                "Actual Loops": 1
                                                            },
                                                            {
                                                                "Worker Number": 3,
                                                                "Actual Startup Time": 0.034,
                                                                "Actual Total Time": 68.586,
                                                                "Actual Rows": 441284,
                                                                "Actual Loops": 1
                                                            },
                                                            {
                                                                "Worker Number": 4,
                                                                "Actual Startup Time": 0.027,
                                                                "Actual Total Time": 68.744,
                                                                "Actual Rows": 440104,
                                                                "Actual Loops": 1
                                                            }
                                                        ]
                                                    },
                                                    {
                                                        "Node Type": "Hash",
                                                        "Parent Relationship": "Inner",
                                                        "Parallel Aware": true,
                                                        "Startup Cost": 15122.68,
                                                        "Total Cost": 15122.68,
                                                        "Plan Rows": 383860,
                                                        "Plan Width": 4,
                                                        "Actual Startup Time": 106.317,
                                                        "Actual Total Time": 106.318,
                                                        "Actual Rows": 153352,
                                                        "Actual Loops": 6,
                                                        "Output": [
                                                            "mi_idx.movie_id"
                                                        ],
                                                        "Hash Buckets": 1048576,
                                                        "Original Hash Buckets": 1048576,
                                                        "Hash Batches": 1,
                                                        "Original Hash Batches": 1,
                                                        "Peak Memory Usage": 44288,
                                                        "Workers": [
                                                            {
                                                                "Worker Number": 0,
                                                                "Actual Startup Time": 108.018,
                                                                "Actual Total Time": 108.019,
                                                                "Actual Rows": 123018,
                                                                "Actual Loops": 1
                                                            },
                                                            {
                                                                "Worker Number": 1,
                                                                "Actual Startup Time": 108.025,
                                                                "Actual Total Time": 108.026,
                                                                "Actual Rows": 120945,
                                                                "Actual Loops": 1
                                                            },
                                                            {
                                                                "Worker Number": 2,
                                                                "Actual Startup Time": 108.025,
                                                                "Actual Total Time": 108.026,
                                                                "Actual Rows": 144820,
                                                                "Actual Loops": 1
                                                            },
                                                            {
                                                                "Worker Number": 3,
                                                                "Actual Startup Time": 107.984,
                                                                "Actual Total Time": 107.985,
                                                                "Actual Rows": 154153,
                                                                "Actual Loops": 1
                                                            },
                                                            {
                                                                "Worker Number": 4,
                                                                "Actual Startup Time": 107.991,
                                                                "Actual Total Time": 107.991,
                                                                "Actual Rows": 144333,
                                                                "Actual Loops": 1
                                                            }
                                                        ],
                                                        "Plans": [
                                                            {
                                                                "Node Type": "Seq Scan",
                                                                "Parent Relationship": "Outer",
                                                                "Parallel Aware": true,
                                                                "Relation Name": "movie_info_idx",
                                                                "Schema": "public",
                                                                "Alias": "mi_idx",
                                                                "Startup Cost": 0.0,
                                                                "Total Cost": 15122.68,
                                                                "Plan Rows": 383860,
                                                                "Plan Width": 4,
                                                                "Actual Startup Time": 0.038,
                                                                "Actual Total Time": 42.266,
                                                                "Actual Rows": 153352,
                                                                "Actual Loops": 6,
                                                                "Output": [
                                                                    "mi_idx.movie_id"
                                                                ],
                                                                "Filter": "(mi_idx.info_type_id > 99)",
                                                                "Rows Removed by Filter": 76654,
                                                                "Workers": [
                                                                    {
                                                                        "Worker Number": 0,
                                                                        "Actual Startup Time": 0.035,
                                                                        "Actual Total Time": 42.796,
                                                                        "Actual Rows": 123018,
                                                                        "Actual Loops": 1
                                                                    },
                                                                    {
                                                                        "Worker Number": 1,
                                                                        "Actual Startup Time": 0.037,
                                                                        "Actual Total Time": 43.454,
                                                                        "Actual Rows": 120945,
                                                                        "Actual Loops": 1
                                                                    },
                                                                    {
                                                                        "Worker Number": 2,
                                                                        "Actual Startup Time": 0.036,
                                                                        "Actual Total Time": 42.98,
                                                                        "Actual Rows": 144820,
                                                                        "Actual Loops": 1
                                                                    },
                                                                    {
                                                                        "Worker Number": 3,
                                                                        "Actual Startup Time": 0.049,
                                                                        "Actual Total Time": 42.59,
                                                                        "Actual Rows": 154153,
                                                                        "Actual Loops": 1
                                                                    },
                                                                    {
                                                                        "Worker Number": 4,
                                                                        "Actual Startup Time": 0.048,
                                                                        "Actual Total Time": 42.938,
                                                                        "Actual Rows": 144333,
                                                                        "Actual Loops": 1
                                                                    }
                                                                ]
                                                            }
                                                        ]
                                                    }
                                                ]
                                            }
                                        ]
                                    }
                                ]
                            }
                        ]
                    }
                ]
            }
        ]
    },
    "Planning Time": 1.614,
    "Triggers": [],
    "Execution Time": 1723.495
}