[
  {
    "Plan": {
      "Node Type": "Aggregate",
      "Strategy": "Plain",
      "Partial Mode": "Finalize",
      "Parallel Aware": false,
      "Startup Cost": 46497.52,
      "Total Cost": 46497.53,
      "Plan Rows": 1,
      "Plan Width": 8,
      "Actual Startup Time": 162.138,
      "Actual Total Time": 171.602,
      "Actual Rows": 1,
      "Actual Loops": 1,
      "Plans": [
        {
          "Node Type": "Gather",
          "Parent Relationship": "Outer",
          "Parallel Aware": false,
          "Startup Cost": 46497.2,
          "Total Cost": 46497.51,
          "Plan Rows": 3,
          "Plan Width": 8,
          "Actual Startup Time": 162.028,
          "Actual Total Time": 171.595,
          "Actual Rows": 4,
          "Actual Loops": 1,
          "Workers Planned": 3,
          "Workers Launched": 3,
          "Single Copy": false,
          "Plans": [
            {
              "Node Type": "Aggregate",
              "Strategy": "Plain",
              "Partial Mode": "Partial",
              "Parent Relationship": "Outer",
              "Parallel Aware": false,
              "Startup Cost": 45497.2,
              "Total Cost": 45497.21,
              "Plan Rows": 1,
              "Plan Width": 8,
              "Actual Startup Time": 156.615,
              "Actual Total Time": 156.616,
              "Actual Rows": 1,
              "Actual Loops": 4,
              "Plans": [
                {
                  "Node Type": "Seq Scan",
                  "Parent Relationship": "Outer",
                  "Parallel Aware": true,
                  "Relation Name": "movie_keyword",
                  "Alias": "mk",
                  "Startup Cost": 0.0,
                  "Total Cost": 42695.65,
                  "Plan Rows": 1120618,
                  "Plan Width": 0,
                  "Actual Startup Time": 0.099,
                  "Actual Total Time": 119.233,
                  "Actual Rows": 865952,
                  "Actual Loops": 4,
                  "Filter": "(keyword_id > 1057)",
                  "Rows Removed by Filter": 265030
                }
              ]
            }
          ]
        }
      ]
    },
    "Planning Time": 0.12,
    "Triggers": [],
    "Execution Time": 171.64
  }
]