[
    {
        "Bao": {
            "Bao prediction": "NaN",
            "Bao recommended hint": "(no hint)"
        }
    },
    {
        "Plan": {
            "Node Type": "Aggregate",
            "Strategy": "Plain",
            "Partial Mode": "Finalize",
            "Parallel Aware": false,
            "Startup Cost": 248686.25,
            "Total Cost": 248686.26,
            "Plan Rows": 1,
            "Plan Width": 8,
            "Actual Startup Time": 512.557,
            "Actual Total Time": 534.533,
            "Actual Rows": 1,
            "Actual Loops": 1,
            "Output": [
                "count(*)"
            ],
            "Plans": [
                {
                    "Node Type": "Gather",
                    "Parent Relationship": "Outer",
                    "Parallel Aware": false,
                    "Startup Cost": 248685.72,
                    "Total Cost": 248686.23,
                    "Plan Rows": 5,
                    "Plan Width": 8,
                    "Actual Startup Time": 508.493,
                    "Actual Total Time": 534.525,
                    "Actual Rows": 6,
                    "Actual Loops": 1,
                    "Output": [
                        "(PARTIAL count(*))"
                    ],
                    "Workers Planned": 5,
                    "Workers Launched": 5,
                    "Single Copy": false,
                    "Plans": [
                        {
                            "Node Type": "Aggregate",
                            "Strategy": "Plain",
                            "Partial Mode": "Partial",
                            "Parent Relationship": "Outer",
                            "Parallel Aware": false,
                            "Startup Cost": 247685.72,
                            "Total Cost": 247685.73,
                            "Plan Rows": 1,
                            "Plan Width": 8,
                            "Actual Startup Time": 498.192,
                            "Actual Total Time": 498.195,
                            "Actual Rows": 1,
                            "Actual Loops": 6,
                            "Output": [
                                "PARTIAL count(*)"
                            ],
                            "Workers": [
                                {
                                    "Worker Number": 0,
                                    "Actual Startup Time": 496.189,
                                    "Actual Total Time": 496.192,
                                    "Actual Rows": 1,
                                    "Actual Loops": 1
                                },
                                {
                                    "Worker Number": 1,
                                    "Actual Startup Time": 496.902,
                                    "Actual Total Time": 496.905,
                                    "Actual Rows": 1,
                                    "Actual Loops": 1
                                },
                                {
                                    "Worker Number": 2,
                                    "Actual Startup Time": 496.052,
                                    "Actual Total Time": 496.056,
                                    "Actual Rows": 1,
                                    "Actual Loops": 1
                                },
                                {
                                    "Worker Number": 3,
                                    "Actual Startup Time": 496.214,
                                    "Actual Total Time": 496.217,
                                    "Actual Rows": 1,
                                    "Actual Loops": 1
                                },
                                {
                                    "Worker Number": 4,
                                    "Actual Startup Time": 496.148,
                                    "Actual Total Time": 496.151,
                                    "Actual Rows": 1,
                                    "Actual Loops": 1
                                }
                            ],
                            "Plans": [
                                {
                                    "Node Type": "Hash Join",
                                    "Parent Relationship": "Outer",
                                    "Parallel Aware": true,
                                    "Join Type": "Inner",
                                    "Startup Cost": 47465.9,
                                    "Total Cost": 247427.0,
                                    "Plan Rows": 103488,
                                    "Plan Width": 0,
                                    "Actual Startup Time": 166.077,
                                    "Actual Total Time": 490.324,
                                    "Actual Rows": 166996,
                                    "Actual Loops": 6,
                                    "Inner Unique": true,
                                    "Hash Cond": "(mi.movie_id = t.id)",
                                    "Workers": [
                                        {
                                            "Worker Number": 0,
                                            "Actual Startup Time": 166.164,
                                            "Actual Total Time": 488.061,
                                            "Actual Rows": 178714,
                                            "Actual Loops": 1
                                        },
                                        {
                                            "Worker Number": 1,
                                            "Actual Startup Time": 154.398,
                                            "Actual Total Time": 488.776,
                                            "Actual Rows": 114336,
                                            "Actual Loops": 1
                                        },
                                        {
                                            "Worker Number": 2,
                                            "Actual Startup Time": 166.005,
                                            "Actual Total Time": 488.042,
                                            "Actual Rows": 176592,
                                            "Actual Loops": 1
                                        },
                                        {
                                            "Worker Number": 3,
                                            "Actual Startup Time": 166.177,
                                            "Actual Total Time": 488.087,
                                            "Actual Rows": 179464,
                                            "Actual Loops": 1
                                        },
                                        {
                                            "Worker Number": 4,
                                            "Actual Startup Time": 166.095,
                                            "Actual Total Time": 488.073,
                                            "Actual Rows": 177226,
                                            "Actual Loops": 1
                                        }
                                    ],
                                    "Plans": [
                                        {
                                            "Node Type": "Seq Scan",
                                            "Parent Relationship": "Outer",
                                            "Parallel Aware": true,
                                            "Relation Name": "movie_info",
                                            "Schema": "public",
                                            "Alias": "mi",
                                            "Startup Cost": 0.0,
                                            "Total Cost": 198880.74,
                                            "Plan Rows": 411570,
                                            "Plan Width": 4,
                                            "Actual Startup Time": 25.434,
                                            "Actual Total Time": 273.471,
                                            "Actual Rows": 348511,
                                            "Actual Loops": 6,
                                            "Output": [
                                                "mi.id",
                                                "mi.movie_id",
                                                "mi.info_type_id",
                                                "mi.info",
                                                "mi.note"
                                            ],
                                            "Filter": "(mi.info_type_id < 3)",
                                            "Rows Removed by Filter": 2124109,
                                            "Workers": [
                                                {
                                                    "Worker Number": 0,
                                                    "Actual Startup Time": 25.42,
                                                    "Actual Total Time": 273.929,
                                                    "Actual Rows": 373178,
                                                    "Actual Loops": 1
                                                },
                                                {
                                                    "Worker Number": 1,
                                                    "Actual Startup Time": 25.454,
                                                    "Actual Total Time": 276.99,
                                                    "Actual Rows": 242893,
                                                    "Actual Loops": 1
                                                },
                                                {
                                                    "Worker Number": 2,
                                                    "Actual Startup Time": 25.444,
                                                    "Actual Total Time": 273.494,
                                                    "Actual Rows": 366769,
                                                    "Actual Loops": 1
                                                },
                                                {
                                                    "Worker Number": 3,
                                                    "Actual Startup Time": 25.445,
                                                    "Actual Total Time": 273.967,
                                                    "Actual Rows": 372274,
                                                    "Actual Loops": 1
                                                },
                                                {
                                                    "Worker Number": 4,
                                                    "Actual Startup Time": 25.422,
                                                    "Actual Total Time": 273.716,
                                                    "Actual Rows": 368235,
                                                    "Actual Loops": 1
                                                }
                                            ]
                                        },
                                        {
                                            "Node Type": "Hash",
                                            "Parent Relationship": "Inner",
                                            "Parallel Aware": true,
                                            "Startup Cost": 45479.21,
                                            "Total Cost": 45479.21,
                                            "Plan Rows": 158935,
                                            "Plan Width": 4,
                                            "Actual Startup Time": 124.172,
                                            "Actual Total Time": 124.173,
                                            "Actual Rows": 99411,
                                            "Actual Loops": 6,
                                            "Output": [
                                                "t.id"
                                            ],
                                            "Hash Buckets": 1048576,
                                            "Original Hash Buckets": 1048576,
                                            "Hash Batches": 1,
                                            "Original Hash Batches": 1,
                                            "Peak Memory Usage": 31648,
                                            "Workers": [
                                                {
                                                    "Worker Number": 0,
                                                    "Actual Startup Time": 125.508,
                                                    "Actual Total Time": 125.509,
                                                    "Actual Rows": 103313,
                                                    "Actual Loops": 1
                                                },
                                                {
                                                    "Worker Number": 1,
                                                    "Actual Startup Time": 125.552,
                                                    "Actual Total Time": 125.554,
                                                    "Actual Rows": 68198,
                                                    "Actual Loops": 1
                                                },
                                                {
                                                    "Worker Number": 2,
                                                    "Actual Startup Time": 125.441,
                                                    "Actual Total Time": 125.442,
                                                    "Actual Rows": 102819,
                                                    "Actual Loops": 1
                                                },
                                                {
                                                    "Worker Number": 3,
                                                    "Actual Startup Time": 125.501,
                                                    "Actual Total Time": 125.502,
                                                    "Actual Rows": 103913,
                                                    "Actual Loops": 1
                                                },
                                                {
                                                    "Worker Number": 4,
                                                    "Actual Startup Time": 125.503,
                                                    "Actual Total Time": 125.504,
                                                    "Actual Rows": 102645,
                                                    "Actual Loops": 1
                                                }
                                            ],
                                            "Plans": [
                                                {
                                                    "Node Type": "Seq Scan",
                                                    "Parent Relationship": "Outer",
                                                    "Parallel Aware": true,
                                                    "Relation Name": "title",
                                                    "Schema": "public",
                                                    "Alias": "t",
                                                    "Startup Cost": 0.0,
                                                    "Total Cost": 45479.21,
                                                    "Plan Rows": 158935,
                                                    "Plan Width": 4,
                                                    "Actual Startup Time": 44.211,
                                                    "Actual Total Time": 83.516,
                                                    "Actual Rows": 99411,
                                                    "Actual Loops": 6,
                                                    "Output": [
                                                        "t.id"
                                                    ],
                                                    "Filter": "((t.production_year > 1914) AND (t.kind_id = 1))",
                                                    "Rows Removed by Filter": 321974,
                                                    "Workers": [
                                                        {
                                                            "Worker Number": 0,
                                                            "Actual Startup Time": 51.677,
                                                            "Actual Total Time": 84.173,
                                                            "Actual Rows": 103313,
                                                            "Actual Loops": 1
                                                        },
                                                        {
                                                            "Worker Number": 1,
                                                            "Actual Startup Time": 51.777,
                                                            "Actual Total Time": 84.87,
                                                            "Actual Rows": 68198,
                                                            "Actual Loops": 1
                                                        },
                                                        {
                                                            "Worker Number": 2,
                                                            "Actual Startup Time": 51.717,
                                                            "Actual Total Time": 84.043,
                                                            "Actual Rows": 102819,
                                                            "Actual Loops": 1
                                                        },
                                                        {
                                                            "Worker Number": 3,
                                                            "Actual Startup Time": 6.695,
                                                            "Actual Total Time": 83.984,
                                                            "Actual Rows": 103913,
                                                            "Actual Loops": 1
                                                        },
                                                        {
                                                            "Worker Number": 4,
                                                            "Actual Startup Time": 51.553,
                                                            "Actual Total Time": 84.153,
                                                            "Actual Rows": 102645,
                                                            "Actual Loops": 1
                                                        }
                                                    ]
                                                }
                                            ]
                                        }
                                    ]
                                }
                            ]
                        }
                    ]
                }
            ]
        },
        "Planning Time": 211.925,
        "Triggers": [],
        "Execution Time": 534.638
    }
]