{
  "Plan": {
    "Node Type": "Aggregate",
    "Strategy": "Plain",
    "Partial Mode": "Finalize",
    "Parallel Aware": false,
    "Startup Cost": 100874.3,
    "Total Cost": 100874.31,
    "Plan Rows": 1,
    "Plan Width": 8,
    "Actual Startup Time": 428.295,
    "Actual Total Time": 446.744,
    "Actual Rows": 1,
    "Actual Loops": 1,
    "Plans": [
      {
        "Node Type": "Gather",
        "Parent Relationship": "Outer",
        "Parallel Aware": false,
        "Startup Cost": 100874.19,
        "Total Cost": 100874.3,
        "Plan Rows": 1,
        "Plan Width": 8,
        "Actual Startup Time": 427.189,
        "Actual Total Time": 446.735,
        "Actual Rows": 2,
        "Actual Loops": 1,
        "Workers Planned": 1,
        "Workers Launched": 1,
        "Single Copy": false,
        "Plans": [
          {
            "Node Type": "Aggregate",
            "Strategy": "Plain",
            "Partial Mode": "Partial",
            "Parent Relationship": "Outer",
            "Parallel Aware": false,
            "Startup Cost": 99874.19,
            "Total Cost": 99874.2,
            "Plan Rows": 1,
            "Plan Width": 8,
            "Actual Startup Time": 421.918,
            "Actual Total Time": 421.921,
            "Actual Rows": 1,
            "Actual Loops": 2,
            "Plans": [
              {
                "Node Type": "Hash Join",
                "Parent Relationship": "Outer",
                "Parallel Aware": true,
                "Join Type": "Inner",
                "Startup Cost": 56517.23,
                "Total Cost": 99735.23,
                "Plan Rows": 55584,
                "Plan Width": 0,
                "Actual Startup Time": 251.808,
                "Actual Total Time": 416.608,
                "Actual Rows": 106740,
                "Actual Loops": 2,
                "Inner Unique": true,
                "Hash Cond": "(mc.movie_id = t.id)",
                "Plans": [
                  {
                    "Node Type": "Seq Scan",
                    "Parent Relationship": "Outer",
                    "Parallel Aware": true,
                    "Relation Name": "movie_companies",
                    "Alias": "mc",
                    "Startup Cost": 0.0,
                    "Total Cost": 41811.73,
                    "Plan Rows": 535725,
                    "Plan Width": 4,
                    "Actual Startup Time": 56.757,
                    "Actual Total Time": 133.912,
                    "Actual Rows": 550476,
                    "Actual Loops": 2,
                    "Filter": "((company_id > 1841) AND (company_type_id > 1))",
                    "Rows Removed by Filter": 754089
                  },
                  {
                    "Node Type": "Hash",
                    "Parent Relationship": "Inner",
                    "Parallel Aware": true,
                    "Startup Cost": 54588.39,
                    "Total Cost": 54588.39,
                    "Plan Rows": 154307,
                    "Plan Width": 4,
                    "Actual Startup Time": 191.217,
                    "Actual Total Time": 191.218,
                    "Actual Rows": 136951,
                    "Actual Loops": 2,
                    "Hash Buckets": 524288,
                    "Original Hash Buckets": 524288,
                    "Hash Batches": 1,
                    "Original Hash Batches": 1,
                    "Peak Memory Usage": 14848,
                    "Plans": [
                      {
                        "Node Type": "Seq Scan",
                        "Parent Relationship": "Outer",
                        "Parallel Aware": true,
                        "Relation Name": "title",
                        "Alias": "t",
                        "Startup Cost": 0.0,
                        "Total Cost": 54588.39,
                        "Plan Rows": 154307,
                        "Plan Width": 4,
                        "Actual Startup Time": 0.036,
                        "Actual Total Time": 151.689,
                        "Actual Rows": 136951,
                        "Actual Loops": 2,
                        "Filter": "(production_year < 1963)",
                        "Rows Removed by Filter": 1127205
                      }
                    ]
                  }
                ]
              }
            ]
          }
        ]
      }
    ]
  },
  "Planning Time": 0.232,
  "Triggers": [],
  "Execution Time": 446.785
}