[
  {
    "Plan": {
      "Node Type": "Aggregate",
      "Strategy": "Plain",
      "Partial Mode": "Finalize",
      "Parallel Aware": false,
      "Startup Cost": 337854.45,
      "Total Cost": 337854.46,
      "Plan Rows": 1,
      "Plan Width": 8,
      "Actual Startup Time": 730.077,
      "Actual Total Time": 774.456,
      "Actual Rows": 1,
      "Actual Loops": 1,
      "Plans": [
        {
          "Node Type": "Gather",
          "Parent Relationship": "Outer",
          "Parallel Aware": false,
          "Startup Cost": 337853.83,
          "Total Cost": 337854.44,
          "Plan Rows": 6,
          "Plan Width": 8,
          "Actual Startup Time": 729.892,
          "Actual Total Time": 774.44,
          "Actual Rows": 7,
          "Actual Loops": 1,
          "Workers Planned": 6,
          "Workers Launched": 6,
          "Single Copy": false,
          "Plans": [
            {
              "Node Type": "Aggregate",
              "Strategy": "Plain",
              "Partial Mode": "Partial",
              "Parent Relationship": "Outer",
              "Parallel Aware": false,
              "Startup Cost": 336853.83,
              "Total Cost": 336853.84,
              "Plan Rows": 1,
              "Plan Width": 8,
              "Actual Startup Time": 722.892,
              "Actual Total Time": 722.894,
              "Actual Rows": 1,
              "Actual Loops": 7,
              "Plans": [
                {
                  "Node Type": "Seq Scan",
                  "Parent Relationship": "Outer",
                  "Parallel Aware": true,
                  "Relation Name": "cast_info",
                  "Alias": "ci",
                  "Startup Cost": 0.0,
                  "Total Cost": 328211.39,
                  "Plan Rows": 3456974,
                  "Plan Width": 0,
                  "Actual Startup Time": 168.493,
                  "Actual Total Time": 587.716,
                  "Actual Rows": 2941008,
                  "Actual Loops": 7,
                  "Filter": "(person_id > 1546151)",
                  "Rows Removed by Filter": 2236756
                }
              ]
            }
          ]
        }
      ]
    },
    "Planning Time": 0.085,
    "Triggers": [],
    "Execution Time": 774.497
  }
]