{
  "Plan": {
    "Node Type": "Aggregate",
    "Strategy": "Plain",
    "Partial Mode": "Finalize",
    "Parallel Aware": false,
    "Startup Cost": 326789.07,
    "Total Cost": 326789.08,
    "Plan Rows": 1,
    "Plan Width": 8,
    "Actual Startup Time": 1503.0,
    "Actual Total Time": 1547.366,
    "Actual Rows": 1,
    "Actual Loops": 1,
    "Plans": [
      {
        "Node Type": "Gather",
        "Parent Relationship": "Outer",
        "Parallel Aware": false,
        "Startup Cost": 326788.96,
        "Total Cost": 326789.07,
        "Plan Rows": 1,
        "Plan Width": 8,
        "Actual Startup Time": 1502.593,
        "Actual Total Time": 1547.358,
        "Actual Rows": 2,
        "Actual Loops": 1,
        "Workers Planned": 1,
        "Workers Launched": 1,
        "Single Copy": false,
        "Plans": [
          {
            "Node Type": "Aggregate",
            "Strategy": "Plain",
            "Partial Mode": "Partial",
            "Parent Relationship": "Outer",
            "Parallel Aware": false,
            "Startup Cost": 325788.96,
            "Total Cost": 325788.97,
            "Plan Rows": 1,
            "Plan Width": 8,
            "Actual Startup Time": 1496.441,
            "Actual Total Time": 1496.445,
            "Actual Rows": 1,
            "Actual Loops": 2,
            "Plans": [
              {
                "Node Type": "Hash Join",
                "Parent Relationship": "Outer",
                "Parallel Aware": true,
                "Join Type": "Inner",
                "Startup Cost": 53829.07,
                "Total Cost": 325612.56,
                "Plan Rows": 70559,
                "Plan Width": 0,
                "Actual Startup Time": 130.292,
                "Actual Total Time": 1477.881,
                "Actual Rows": 446798,
                "Actual Loops": 2,
                "Inner Unique": true,
                "Hash Cond": "(mi.movie_id = t.id)",
                "Plans": [
                  {
                    "Node Type": "Seq Scan",
                    "Parent Relationship": "Outer",
                    "Parallel Aware": true,
                    "Relation Name": "movie_info",
                    "Alias": "mi",
                    "Startup Cost": 0.0,
                    "Total Cost": 248955.74,
                    "Plan Rows": 8696274,
                    "Plan Width": 4,
                    "Actual Startup Time": 0.012,
                    "Actual Total Time": 627.335,
                    "Actual Rows": 7417860,
                    "Actual Loops": 2
                  },
                  {
                    "Node Type": "Hash",
                    "Parent Relationship": "Inner",
                    "Parallel Aware": true,
                    "Startup Cost": 53678.24,
                    "Total Cost": 53678.24,
                    "Plan Rows": 12067,
                    "Plan Width": 4,
                    "Actual Startup Time": 109.923,
                    "Actual Total Time": 109.924,
                    "Actual Rows": 40822,
                    "Actual Loops": 2,
                    "Hash Buckets": 131072,
                    "Original Hash Buckets": 32768,
                    "Hash Batches": 1,
                    "Original Hash Batches": 1,
                    "Peak Memory Usage": 4992,
                    "Plans": [
                      {
                        "Node Type": "Bitmap Heap Scan",
                        "Parent Relationship": "Outer",
                        "Parallel Aware": true,
                        "Relation Name": "title",
                        "Alias": "t",
                        "Startup Cost": 11827.98,
                        "Total Cost": 53678.24,
                        "Plan Rows": 12067,
                        "Plan Width": 4,
                        "Actual Startup Time": 39.277,
                        "Actual Total Time": 97.862,
                        "Actual Rows": 40822,
                        "Actual Loops": 2,
                        "Recheck Cond": "(kind_id = 1)",
                        "Rows Removed by Index Recheck": 0,
                        "Filter": "(production_year < 1919)",
                        "Rows Removed by Filter": 290590,
                        "Exact Heap Blocks": 9093,
                        "Lossy Heap Blocks": 0,
                        "Plans": [
                          {
                            "Node Type": "Bitmap Index Scan",
                            "Parent Relationship": "Outer",
                            "Parallel Aware": false,
                            "Index Name": "kind_id_title",
                            "Startup Cost": 0.0,
                            "Total Cost": 11822.85,
                            "Plan Rows": 663256,
                            "Plan Width": 0,
                            "Actual Startup Time": 41.664,
                            "Actual Total Time": 41.664,
                            "Actual Rows": 662825,
                            "Actual Loops": 1,
                            "Index Cond": "(kind_id = 1)"
                          }
                        ]
                      }
                    ]
                  }
                ]
              }
            ]
          }
        ]
      }
    ]
  },
  "Planning Time": 0.452,
  "Triggers": [],
  "Execution Time": 1547.473
}