[
  {
    "Plan": {
      "Node Type": "Aggregate",
      "Strategy": "Plain",
      "Partial Mode": "Finalize",
      "Parallel Aware": false,
      "Startup Cost": 31166.89,
      "Total Cost": 31166.9,
      "Plan Rows": 1,
      "Plan Width": 8,
      "Actual Startup Time": 93.367,
      "Actual Total Time": 98.472,
      "Actual Rows": 1,
      "Actual Loops": 1,
      "Plans": [
        {
          "Node Type": "Gather",
          "Parent Relationship": "Outer",
          "Parallel Aware": false,
          "Startup Cost": 31166.57,
          "Total Cost": 31166.88,
          "Plan Rows": 3,
          "Plan Width": 8,
          "Actual Startup Time": 93.153,
          "Actual Total Time": 98.465,
          "Actual Rows": 4,
          "Actual Loops": 1,
          "Workers Planned": 3,
          "Workers Launched": 3,
          "Single Copy": false,
          "Plans": [
            {
              "Node Type": "Aggregate",
              "Strategy": "Plain",
              "Partial Mode": "Partial",
              "Parent Relationship": "Outer",
              "Parallel Aware": false,
              "Startup Cost": 30166.57,
              "Total Cost": 30166.58,
              "Plan Rows": 1,
              "Plan Width": 8,
              "Actual Startup Time": 87.96,
              "Actual Total Time": 87.961,
              "Actual Rows": 1,
              "Actual Loops": 4,
              "Plans": [
                {
                  "Node Type": "Seq Scan",
                  "Parent Relationship": "Outer",
                  "Parallel Aware": true,
                  "Relation Name": "movie_companies",
                  "Alias": "mc",
                  "Startup Cost": 0.0,
                  "Total Cost": 29310.68,
                  "Plan Rows": 342356,
                  "Plan Width": 0,
                  "Actual Startup Time": 21.217,
                  "Actual Total Time": 76.514,
                  "Actual Rows": 267483,
                  "Actual Loops": 4,
                  "Filter": "(company_id > 14502)",
                  "Rows Removed by Filter": 384799
                }
              ]
            }
          ]
        }
      ]
    },
    "Planning Time": 0.187,
    "Triggers": [],
    "Execution Time": 98.52
  }
]