[
  {
    "Plan": {
      "Node Type": "Aggregate",
      "Strategy": "Plain",
      "Partial Mode": "Finalize",
      "Parallel Aware": false,
      "Startup Cost": 43312.02,
      "Total Cost": 43312.03,
      "Plan Rows": 1,
      "Plan Width": 8,
      "Actual Startup Time": 146.167,
      "Actual Total Time": 156.82,
      "Actual Rows": 1,
      "Actual Loops": 1,
      "Plans": [
        {
          "Node Type": "Gather",
          "Parent Relationship": "Outer",
          "Parallel Aware": false,
          "Startup Cost": 43311.7,
          "Total Cost": 43312.01,
          "Plan Rows": 3,
          "Plan Width": 8,
          "Actual Startup Time": 145.574,
          "Actual Total Time": 156.809,
          "Actual Rows": 4,
          "Actual Loops": 1,
          "Workers Planned": 3,
          "Workers Launched": 3,
          "Single Copy": false,
          "Plans": [
            {
              "Node Type": "Aggregate",
              "Strategy": "Plain",
              "Partial Mode": "Partial",
              "Parent Relationship": "Outer",
              "Parallel Aware": false,
              "Startup Cost": 42311.7,
              "Total Cost": 42311.71,
              "Plan Rows": 1,
              "Plan Width": 8,
              "Actual Startup Time": 139.866,
              "Actual Total Time": 139.868,
              "Actual Rows": 1,
              "Actual Loops": 4,
              "Plans": [
                {
                  "Node Type": "Bitmap Heap Scan",
                  "Parent Relationship": "Outer",
                  "Parallel Aware": true,
                  "Relation Name": "movie_keyword",
                  "Alias": "mk",
                  "Startup Cost": 14540.88,
                  "Total Cost": 41758.9,
                  "Plan Rows": 221122,
                  "Plan Width": 0,
                  "Actual Startup Time": 45.444,
                  "Actual Total Time": 130.139,
                  "Actual Rows": 172290,
                  "Actual Loops": 4,
                  "Recheck Cond": "(keyword_id < 571)",
                  "Rows Removed by Index Recheck": 0,
                  "Exact Heap Blocks": 9822,
                  "Lossy Heap Blocks": 0,
                  "Plans": [
                    {
                      "Node Type": "Bitmap Index Scan",
                      "Parent Relationship": "Outer",
                      "Parallel Aware": false,
                      "Index Name": "keyword_id_movie_keyword",
                      "Startup Cost": 0.0,
                      "Total Cost": 14369.51,
                      "Plan Rows": 685477,
                      "Plan Width": 0,
                      "Actual Startup Time": 46.666,
                      "Actual Total Time": 46.667,
                      "Actual Rows": 689160,
                      "Actual Loops": 1,
                      "Index Cond": "(keyword_id < 571)"
                    }
                  ]
                }
              ]
            }
          ]
        }
      ]
    },
    "Planning Time": 0.091,
    "Triggers": [],
    "Execution Time": 156.86
  }
]