[
  {
    "Plan": {
      "Node Type": "Aggregate",
      "Strategy": "Plain",
      "Partial Mode": "Finalize",
      "Parallel Aware": false,
      "Startup Cost": 337599.35,
      "Total Cost": 337599.36,
      "Plan Rows": 1,
      "Plan Width": 8,
      "Actual Startup Time": 727.211,
      "Actual Total Time": 781.604,
      "Actual Rows": 1,
      "Actual Loops": 1,
      "Plans": [
        {
          "Node Type": "Gather",
          "Parent Relationship": "Outer",
          "Parallel Aware": false,
          "Startup Cost": 337598.73,
          "Total Cost": 337599.34,
          "Plan Rows": 6,
          "Plan Width": 8,
          "Actual Startup Time": 726.974,
          "Actual Total Time": 781.595,
          "Actual Rows": 7,
          "Actual Loops": 1,
          "Workers Planned": 6,
          "Workers Launched": 6,
          "Single Copy": false,
          "Plans": [
            {
              "Node Type": "Aggregate",
              "Strategy": "Plain",
              "Partial Mode": "Partial",
              "Parent Relationship": "Outer",
              "Parallel Aware": false,
              "Startup Cost": 336598.73,
              "Total Cost": 336598.74,
              "Plan Rows": 1,
              "Plan Width": 8,
              "Actual Startup Time": 717.766,
              "Actual Total Time": 717.767,
              "Actual Rows": 1,
              "Actual Loops": 7,
              "Plans": [
                {
                  "Node Type": "Seq Scan",
                  "Parent Relationship": "Outer",
                  "Parallel Aware": true,
                  "Relation Name": "cast_info",
                  "Alias": "ci",
                  "Startup Cost": 0.0,
                  "Total Cost": 328162.03,
                  "Plan Rows": 3374680,
                  "Plan Width": 0,
                  "Actual Startup Time": 175.166,
                  "Actual Total Time": 596.851,
                  "Actual Rows": 2894842,
                  "Actual Loops": 7,
                  "Filter": "(person_id > 1579762)",
                  "Rows Removed by Filter": 2282921
                }
              ]
            }
          ]
        }
      ]
    },
    "Planning Time": 0.188,
    "Triggers": [],
    "Execution Time": 781.679
  }
]