[
  {
    "Plan": {
      "Node Type": "Aggregate",
      "Strategy": "Plain",
      "Partial Mode": "Finalize",
      "Parallel Aware": false,
      "Startup Cost": 45901.8,
      "Total Cost": 45901.81,
      "Plan Rows": 1,
      "Plan Width": 8,
      "Actual Startup Time": 141.848,
      "Actual Total Time": 149.475,
      "Actual Rows": 1,
      "Actual Loops": 1,
      "Plans": [
        {
          "Node Type": "Gather",
          "Parent Relationship": "Outer",
          "Parallel Aware": false,
          "Startup Cost": 45901.49,
          "Total Cost": 45901.8,
          "Plan Rows": 3,
          "Plan Width": 8,
          "Actual Startup Time": 141.741,
          "Actual Total Time": 149.467,
          "Actual Rows": 4,
          "Actual Loops": 1,
          "Workers Planned": 3,
          "Workers Launched": 3,
          "Single Copy": false,
          "Plans": [
            {
              "Node Type": "Aggregate",
              "Strategy": "Plain",
              "Partial Mode": "Partial",
              "Parent Relationship": "Outer",
              "Parallel Aware": false,
              "Startup Cost": 44901.49,
              "Total Cost": 44901.5,
              "Plan Rows": 1,
              "Plan Width": 8,
              "Actual Startup Time": 136.83,
              "Actual Total Time": 136.831,
              "Actual Rows": 1,
              "Actual Loops": 4,
              "Plans": [
                {
                  "Node Type": "Seq Scan",
                  "Parent Relationship": "Outer",
                  "Parallel Aware": true,
                  "Relation Name": "movie_keyword",
                  "Alias": "mk",
                  "Startup Cost": 0.0,
                  "Total Cost": 42695.65,
                  "Plan Rows": 882333,
                  "Plan Width": 0,
                  "Actual Startup Time": 0.037,
                  "Actual Total Time": 108.149,
                  "Actual Rows": 680708,
                  "Actual Loops": 4,
                  "Filter": "(keyword_id < 7723)",
                  "Rows Removed by Filter": 450275
                }
              ]
            }
          ]
        }
      ]
    },
    "Planning Time": 0.204,
    "Triggers": [],
    "Execution Time": 149.528
  }
]