[
    {
        "Bao": {
            "Bao prediction": "NaN",
            "Bao recommended hint": "(no hint)"
        }
    },
    {
        "Plan": {
            "Node Type": "Aggregate",
            "Strategy": "Plain",
            "Partial Mode": "Finalize",
            "Parallel Aware": false,
            "Startup Cost": 31030.21,
            "Total Cost": 31030.22,
            "Plan Rows": 1,
            "Plan Width": 8,
            "Actual Startup Time": 102.24,
            "Actual Total Time": 107.698,
            "Actual Rows": 1,
            "Actual Loops": 1,
            "Output": [
                "count(*)"
            ],
            "Plans": [
                {
                    "Node Type": "Gather",
                    "Parent Relationship": "Outer",
                    "Parallel Aware": false,
                    "Startup Cost": 31029.89,
                    "Total Cost": 31030.2,
                    "Plan Rows": 3,
                    "Plan Width": 8,
                    "Actual Startup Time": 102.122,
                    "Actual Total Time": 107.691,
                    "Actual Rows": 4,
                    "Actual Loops": 1,
                    "Output": [
                        "(PARTIAL count(*))"
                    ],
                    "Workers Planned": 3,
                    "Workers Launched": 3,
                    "Single Copy": false,
                    "Plans": [
                        {
                            "Node Type": "Aggregate",
                            "Strategy": "Plain",
                            "Partial Mode": "Partial",
                            "Parent Relationship": "Outer",
                            "Parallel Aware": false,
                            "Startup Cost": 30029.89,
                            "Total Cost": 30029.9,
                            "Plan Rows": 1,
                            "Plan Width": 8,
                            "Actual Startup Time": 93.951,
                            "Actual Total Time": 93.952,
                            "Actual Rows": 1,
                            "Actual Loops": 4,
                            "Output": [
                                "PARTIAL count(*)"
                            ],
                            "Workers": [
                                {
                                    "Worker Number": 0,
                                    "Actual Startup Time": 90.93,
                                    "Actual Total Time": 90.931,
                                    "Actual Rows": 1,
                                    "Actual Loops": 1
                                },
                                {
                                    "Worker Number": 1,
                                    "Actual Startup Time": 91.484,
                                    "Actual Total Time": 91.485,
                                    "Actual Rows": 1,
                                    "Actual Loops": 1
                                },
                                {
                                    "Worker Number": 2,
                                    "Actual Startup Time": 91.667,
                                    "Actual Total Time": 91.669,
                                    "Actual Rows": 1,
                                    "Actual Loops": 1
                                }
                            ],
                            "Plans": [
                                {
                                    "Node Type": "Seq Scan",
                                    "Parent Relationship": "Outer",
                                    "Parallel Aware": true,
                                    "Relation Name": "movie_companies",
                                    "Schema": "public",
                                    "Alias": "mc",
                                    "Startup Cost": 0.0,
                                    "Total Cost": 29310.68,
                                    "Plan Rows": 287684,
                                    "Plan Width": 0,
                                    "Actual Startup Time": 22.338,
                                    "Actual Total Time": 82.447,
                                    "Actual Rows": 223519,
                                    "Actual Loops": 4,
                                    "Output": [
                                        "id",
                                        "movie_id",
                                        "company_id",
                                        "company_type_id",
                                        "note"
                                    ],
                                    "Filter": "(mc.company_id > 21765)",
                                    "Rows Removed by Filter": 428763,
                                    "Workers": [
                                        {
                                            "Worker Number": 0,
                                            "Actual Startup Time": 19.32,
                                            "Actual Total Time": 79.964,
                                            "Actual Rows": 157471,
                                            "Actual Loops": 1
                                        },
                                        {
                                            "Worker Number": 1,
                                            "Actual Startup Time": 19.866,
                                            "Actual Total Time": 80.116,
                                            "Actual Rows": 162899,
                                            "Actual Loops": 1
                                        },
                                        {
                                            "Worker Number": 2,
                                            "Actual Startup Time": 20.066,
                                            "Actual Total Time": 80.335,
                                            "Actual Rows": 256284,
                                            "Actual Loops": 1
                                        }
                                    ]
                                }
                            ]
                        }
                    ]
                }
            ]
        },
        "Planning Time": 199.19,
        "Triggers": [],
        "Execution Time": 107.755
    }
]