[
  {
    "Plan": {
      "Node Type": "Aggregate",
      "Strategy": "Plain",
      "Partial Mode": "Finalize",
      "Parallel Aware": false,
      "Startup Cost": 78891.21,
      "Total Cost": 78891.22,
      "Plan Rows": 1,
      "Plan Width": 8,
      "Actual Startup Time": 112.566,
      "Actual Total Time": 120.608,
      "Actual Rows": 1,
      "Actual Loops": 1,
      "Plans": [
        {
          "Node Type": "Gather",
          "Parent Relationship": "Outer",
          "Parallel Aware": false,
          "Startup Cost": 78890.69,
          "Total Cost": 78891.2,
          "Plan Rows": 5,
          "Plan Width": 8,
          "Actual Startup Time": 112.452,
          "Actual Total Time": 120.594,
          "Actual Rows": 6,
          "Actual Loops": 1,
          "Workers Planned": 5,
          "Workers Launched": 5,
          "Single Copy": false,
          "Plans": [
            {
              "Node Type": "Aggregate",
              "Strategy": "Plain",
              "Partial Mode": "Partial",
              "Parent Relationship": "Outer",
              "Parallel Aware": false,
              "Startup Cost": 77890.69,
              "Total Cost": 77890.7,
              "Plan Rows": 1,
              "Plan Width": 8,
              "Actual Startup Time": 102.598,
              "Actual Total Time": 102.599,
              "Actual Rows": 1,
              "Actual Loops": 6,
              "Plans": [
                {
                  "Node Type": "Index Scan",
                  "Parent Relationship": "Outer",
                  "Parallel Aware": true,
                  "Scan Direction": "Forward",
                  "Index Name": "role_id_cast_info",
                  "Relation Name": "cast_info",
                  "Alias": "ci",
                  "Startup Cost": 0.56,
                  "Total Cost": 77740.85,
                  "Plan Rows": 59935,
                  "Plan Width": 0,
                  "Actual Startup Time": 0.316,
                  "Actual Total Time": 99.079,
                  "Actual Rows": 46052,
                  "Actual Loops": 6,
                  "Index Cond": "(role_id = 4)",
                  "Rows Removed by Index Recheck": 0,
                  "Filter": "(person_id < 377806)",
                  "Rows Removed by Filter": 408772
                }
              ]
            }
          ]
        }
      ]
    },
    "Planning Time": 0.233,
    "Triggers": [],
    "Execution Time": 120.669
  }
]