[
  {
    "Plan": {
      "Node Type": "Aggregate",
      "Strategy": "Plain",
      "Partial Mode": "Finalize",
      "Parallel Aware": false,
      "Startup Cost": 64064.38,
      "Total Cost": 64064.39,
      "Plan Rows": 1,
      "Plan Width": 8,
      "Actual Startup Time": 253.047,
      "Actual Total Time": 266.698,
      "Actual Rows": 1,
      "Actual Loops": 1,
      "Plans": [
        {
          "Node Type": "Gather",
          "Parent Relationship": "Outer",
          "Parallel Aware": false,
          "Startup Cost": 64064.16,
          "Total Cost": 64064.37,
          "Plan Rows": 2,
          "Plan Width": 8,
          "Actual Startup Time": 251.973,
          "Actual Total Time": 266.687,
          "Actual Rows": 3,
          "Actual Loops": 1,
          "Workers Planned": 2,
          "Workers Launched": 2,
          "Single Copy": false,
          "Plans": [
            {
              "Node Type": "Aggregate",
              "Strategy": "Plain",
              "Partial Mode": "Partial",
              "Parent Relationship": "Outer",
              "Parallel Aware": false,
              "Startup Cost": 63064.16,
              "Total Cost": 63064.17,
              "Plan Rows": 1,
              "Plan Width": 8,
              "Actual Startup Time": 244.493,
              "Actual Total Time": 244.496,
              "Actual Rows": 1,
              "Actual Loops": 3,
              "Plans": [
                {
                  "Node Type": "Hash Join",
                  "Parent Relationship": "Outer",
                  "Parallel Aware": true,
                  "Join Type": "Inner",
                  "Startup Cost": 46771.62,
                  "Total Cost": 62906.47,
                  "Plan Rows": 63079,
                  "Plan Width": 0,
                  "Actual Startup Time": 186.327,
                  "Actual Total Time": 241.403,
                  "Actual Rows": 67296,
                  "Actual Loops": 3,
                  "Inner Unique": true,
                  "Hash Cond": "(mi_idx.movie_id = t.id)",
                  "Plans": [
                    {
                      "Node Type": "Seq Scan",
                      "Parent Relationship": "Outer",
                      "Parallel Aware": true,
                      "Relation Name": "movie_info_idx",
                      "Alias": "mi_idx",
                      "Startup Cost": 0.0,
                      "Total Cost": 15122.68,
                      "Plan Rows": 385585,
                      "Plan Width": 4,
                      "Actual Startup Time": 0.022,
                      "Actual Total Time": 45.055,
                      "Actual Rows": 306703,
                      "Actual Loops": 3,
                      "Filter": "(info_type_id > 99)",
                      "Rows Removed by Filter": 153308
                    },
                    {
                      "Node Type": "Hash",
                      "Parent Relationship": "Inner",
                      "Parallel Aware": true,
                      "Startup Cost": 45479.1,
                      "Total Cost": 45479.1,
                      "Plan Rows": 103402,
                      "Plan Width": 4,
                      "Actual Startup Time": 150.339,
                      "Actual Total Time": 150.34,
                      "Actual Rows": 101079,
                      "Actual Loops": 3,
                      "Hash Buckets": 524288,
                      "Original Hash Buckets": 524288,
                      "Hash Batches": 1,
                      "Original Hash Batches": 1,
                      "Peak Memory Usage": 15968,
                      "Plans": [
                        {
                          "Node Type": "Seq Scan",
                          "Parent Relationship": "Outer",
                          "Parallel Aware": true,
                          "Relation Name": "title",
                          "Alias": "t",
                          "Startup Cost": 0.0,
                          "Total Cost": 45479.1,
                          "Plan Rows": 103402,
                          "Plan Width": 4,
                          "Actual Startup Time": 51.879,
                          "Actual Total Time": 124.621,
                          "Actual Rows": 101079,
                          "Actual Loops": 3,
                          "Filter": "((production_year > 1996) AND (kind_id = 1))",
                          "Rows Removed by Filter": 741692
                        }
                      ]
                    }
                  ]
                }
              ]
            }
          ]
        }
      ]
    },
    "Planning Time": 0.607,
    "Triggers": [],
    "Execution Time": 266.767
  }
]