[
  {
    "Plan": {
      "Node Type": "Aggregate",
      "Strategy": "Plain",
      "Partial Mode": "Finalize",
      "Parallel Aware": false,
      "Startup Cost": 29686.14,
      "Total Cost": 29686.15,
      "Plan Rows": 1,
      "Plan Width": 8,
      "Actual Startup Time": 103.072,
      "Actual Total Time": 107.978,
      "Actual Rows": 1,
      "Actual Loops": 1,
      "Plans": [
        {
          "Node Type": "Gather",
          "Parent Relationship": "Outer",
          "Parallel Aware": false,
          "Startup Cost": 29685.82,
          "Total Cost": 29686.13,
          "Plan Rows": 3,
          "Plan Width": 8,
          "Actual Startup Time": 102.841,
          "Actual Total Time": 107.968,
          "Actual Rows": 4,
          "Actual Loops": 1,
          "Workers Planned": 3,
          "Workers Launched": 3,
          "Single Copy": false,
          "Plans": [
            {
              "Node Type": "Aggregate",
              "Strategy": "Plain",
              "Partial Mode": "Partial",
              "Parent Relationship": "Outer",
              "Parallel Aware": false,
              "Startup Cost": 28685.82,
              "Total Cost": 28685.83,
              "Plan Rows": 1,
              "Plan Width": 8,
              "Actual Startup Time": 96.976,
              "Actual Total Time": 96.977,
              "Actual Rows": 1,
              "Actual Loops": 4,
              "Plans": [
                {
                  "Node Type": "Bitmap Heap Scan",
                  "Parent Relationship": "Outer",
                  "Parallel Aware": true,
                  "Relation Name": "movie_companies",
                  "Alias": "mc",
                  "Startup Cost": 8089.52,
                  "Total Cost": 28384.77,
                  "Plan Rows": 120420,
                  "Plan Width": 0,
                  "Actual Startup Time": 38.46,
                  "Actual Total Time": 88.796,
                  "Actual Rows": 92908,
                  "Actual Loops": 4,
                  "Recheck Cond": "(company_id < 203)",
                  "Rows Removed by Index Recheck": 0,
                  "Exact Heap Blocks": 7513,
                  "Lossy Heap Blocks": 0,
                  "Plans": [
                    {
                      "Node Type": "Bitmap Index Scan",
                      "Parent Relationship": "Outer",
                      "Parallel Aware": false,
                      "Index Name": "company_id_movie_companies",
                      "Startup Cost": 0.0,
                      "Total Cost": 7996.19,
                      "Plan Rows": 373302,
                      "Plan Width": 0,
                      "Actual Startup Time": 39.163,
                      "Actual Total Time": 39.163,
                      "Actual Rows": 371634,
                      "Actual Loops": 1,
                      "Index Cond": "(company_id < 203)"
                    }
                  ]
                }
              ]
            }
          ]
        }
      ]
    },
    "Planning Time": 0.198,
    "Triggers": [],
    "Execution Time": 108.058
  }
]