[
  {
    "Plan": {
      "Node Type": "Aggregate",
      "Strategy": "Plain",
      "Partial Mode": "Finalize",
      "Parallel Aware": false,
      "Startup Cost": 458563.7,
      "Total Cost": 458563.71,
      "Plan Rows": 1,
      "Plan Width": 8,
      "Actual Startup Time": 3380.998,
      "Actual Total Time": 3441.063,
      "Actual Rows": 1,
      "Actual Loops": 1,
      "Plans": [
        {
          "Node Type": "Gather",
          "Parent Relationship": "Outer",
          "Parallel Aware": false,
          "Startup Cost": 458563.07,
          "Total Cost": 458563.68,
          "Plan Rows": 6,
          "Plan Width": 8,
          "Actual Startup Time": 3374.041,
          "Actual Total Time": 3441.053,
          "Actual Rows": 7,
          "Actual Loops": 1,
          "Workers Planned": 6,
          "Workers Launched": 6,
          "Single Copy": false,
          "Plans": [
            {
              "Node Type": "Aggregate",
              "Strategy": "Plain",
              "Partial Mode": "Partial",
              "Parent Relationship": "Outer",
              "Parallel Aware": false,
              "Startup Cost": 457563.07,
              "Total Cost": 457563.08,
              "Plan Rows": 1,
              "Plan Width": 8,
              "Actual Startup Time": 3357.34,
              "Actual Total Time": 3357.346,
              "Actual Rows": 1,
              "Actual Loops": 7,
              "Plans": [
                {
                  "Node Type": "Hash Join",
                  "Parent Relationship": "Outer",
                  "Parallel Aware": true,
                  "Join Type": "Inner",
                  "Startup Cost": 99997.56,
                  "Total Cost": 448020.32,
                  "Plan Rows": 3817100,
                  "Plan Width": 0,
                  "Actual Startup Time": 414.258,
                  "Actual Total Time": 2879.001,
                  "Actual Rows": 10923363,
                  "Actual Loops": 7,
                  "Inner Unique": false,
                  "Hash Cond": "(ci.movie_id = t.id)",
                  "Plans": [
                    {
                      "Node Type": "Seq Scan",
                      "Parent Relationship": "Outer",
                      "Parallel Aware": true,
                      "Relation Name": "cast_info",
                      "Alias": "ci",
                      "Startup Cost": 0.0,
                      "Total Cost": 313067.02,
                      "Plan Rows": 6038002,
                      "Plan Width": 4,
                      "Actual Startup Time": 0.03,
                      "Actual Total Time": 542.704,
                      "Actual Rows": 5177763,
                      "Actual Loops": 7
                    },
                    {
                      "Node Type": "Hash",
                      "Parent Relationship": "Inner",
                      "Parallel Aware": true,
                      "Startup Cost": 93552.66,
                      "Total Cost": 93552.66,
                      "Plan Rows": 515592,
                      "Plan Width": 8,
                      "Actual Startup Time": 409.267,
                      "Actual Total Time": 409.271,
                      "Actual Rows": 184943,
                      "Actual Loops": 7,
                      "Hash Buckets": 2097152,
                      "Original Hash Buckets": 2097152,
                      "Hash Batches": 1,
                      "Original Hash Batches": 1,
                      "Peak Memory Usage": 67136,
                      "Plans": [
                        {
                          "Node Type": "Hash Join",
                          "Parent Relationship": "Outer",
                          "Parallel Aware": true,
                          "Join Type": "Inner",
                          "Startup Cost": 48565.59,
                          "Total Cost": 93552.66,
                          "Plan Rows": 515592,
                          "Plan Width": 8,
                          "Actual Startup Time": 192.334,
                          "Actual Total Time": 343.758,
                          "Actual Rows": 184943,
                          "Actual Loops": 7,
                          "Inner Unique": true,
                          "Hash Cond": "(mk.movie_id = t.id)",
                          "Plans": [
                            {
                              "Node Type": "Seq Scan",
                              "Parent Relationship": "Outer",
                              "Parallel Aware": true,
                              "Relation Name": "movie_keyword",
                              "Alias": "mk",
                              "Startup Cost": 0.0,
                              "Total Cost": 42695.65,
                              "Plan Rows": 872922,
                              "Plan Width": 4,
                              "Actual Startup Time": 0.16,
                              "Actual Total Time": 83.482,
                              "Actual Rows": 384690,
                              "Actual Loops": 7,
                              "Filter": "(keyword_id > 3009)",
                              "Rows Removed by Filter": 261586
                            },
                            {
                              "Node Type": "Hash",
                              "Parent Relationship": "Inner",
                              "Parallel Aware": true,
                              "Startup Cost": 43898.92,
                              "Total Cost": 43898.92,
                              "Plan Rows": 373334,
                              "Plan Width": 4,
                              "Actual Startup Time": 190.06,
                              "Actual Total Time": 190.061,
                              "Actual Rows": 212147,
                              "Actual Loops": 7,
                              "Hash Buckets": 2097152,
                              "Original Hash Buckets": 2097152,
                              "Hash Batches": 1,
                              "Original Hash Batches": 1,
                              "Peak Memory Usage": 74592,
                              "Plans": [
                                {
                                  "Node Type": "Seq Scan",
                                  "Parent Relationship": "Outer",
                                  "Parallel Aware": true,
                                  "Relation Name": "title",
                                  "Alias": "t",
                                  "Startup Cost": 0.0,
                                  "Total Cost": 43898.92,
                                  "Plan Rows": 373334,
                                  "Plan Width": 4,
                                  "Actual Startup Time": 0.042,
                                  "Actual Total Time": 84.998,
                                  "Actual Rows": 212147,
                                  "Actual Loops": 7,
                                  "Filter": "(production_year > 1998)",
                                  "Rows Removed by Filter": 149040
                                }
                              ]
                            }
                          ]
                        }
                      ]
                    }
                  ]
                }
              ]
            }
          ]
        }
      ]
    },
    "Planning Time": 1.325,
    "Triggers": [],
    "Execution Time": 3441.16
  }
]