[
  {
    "Plan": {
      "Node Type": "Aggregate",
      "Strategy": "Plain",
      "Partial Mode": "Finalize",
      "Parallel Aware": false,
      "Startup Cost": 44381.97,
      "Total Cost": 44381.98,
      "Plan Rows": 1,
      "Plan Width": 8,
      "Actual Startup Time": 122.77,
      "Actual Total Time": 133.02,
      "Actual Rows": 1,
      "Actual Loops": 1,
      "Plans": [
        {
          "Node Type": "Gather",
          "Parent Relationship": "Outer",
          "Parallel Aware": false,
          "Startup Cost": 44381.65,
          "Total Cost": 44381.96,
          "Plan Rows": 3,
          "Plan Width": 8,
          "Actual Startup Time": 122.668,
          "Actual Total Time": 133.012,
          "Actual Rows": 4,
          "Actual Loops": 1,
          "Workers Planned": 3,
          "Workers Launched": 3,
          "Single Copy": false,
          "Plans": [
            {
              "Node Type": "Aggregate",
              "Strategy": "Plain",
              "Partial Mode": "Partial",
              "Parent Relationship": "Outer",
              "Parallel Aware": false,
              "Startup Cost": 43381.65,
              "Total Cost": 43381.66,
              "Plan Rows": 1,
              "Plan Width": 8,
              "Actual Startup Time": 115.576,
              "Actual Total Time": 115.578,
              "Actual Rows": 1,
              "Actual Loops": 4,
              "Plans": [
                {
                  "Node Type": "Seq Scan",
                  "Parent Relationship": "Outer",
                  "Parallel Aware": true,
                  "Relation Name": "movie_keyword",
                  "Alias": "mk",
                  "Startup Cost": 0.0,
                  "Total Cost": 42695.65,
                  "Plan Rows": 274399,
                  "Plan Width": 0,
                  "Actual Startup Time": 4.754,
                  "Actual Total Time": 104.809,
                  "Actual Rows": 210305,
                  "Actual Loops": 4,
                  "Filter": "(keyword_id > 21806)",
                  "Rows Removed by Filter": 920678
                }
              ]
            }
          ]
        }
      ]
    },
    "Planning Time": 0.145,
    "Triggers": [],
    "Execution Time": 133.068
  }
]