{
  "Plan": {
    "Node Type": "Aggregate",
    "Strategy": "Plain",
    "Partial Mode": "Finalize",
    "Parallel Aware": false,
    "Startup Cost": 142778.29,
    "Total Cost": 142778.3,
    "Plan Rows": 1,
    "Plan Width": 8,
    "Actual Startup Time": 622.904,
    "Actual Total Time": 644.946,
    "Actual Rows": 1,
    "Actual Loops": 1,
    "Plans": [
      {
        "Node Type": "Gather",
        "Parent Relationship": "Outer",
        "Parallel Aware": false,
        "Startup Cost": 142778.18,
        "Total Cost": 142778.29,
        "Plan Rows": 1,
        "Plan Width": 8,
        "Actual Startup Time": 621.664,
        "Actual Total Time": 644.937,
        "Actual Rows": 2,
        "Actual Loops": 1,
        "Workers Planned": 1,
        "Workers Launched": 1,
        "Single Copy": false,
        "Plans": [
          {
            "Node Type": "Aggregate",
            "Strategy": "Plain",
            "Partial Mode": "Partial",
            "Parent Relationship": "Outer",
            "Parallel Aware": false,
            "Startup Cost": 141778.18,
            "Total Cost": 141778.19,
            "Plan Rows": 1,
            "Plan Width": 8,
            "Actual Startup Time": 615.598,
            "Actual Total Time": 615.604,
            "Actual Rows": 1,
            "Actual Loops": 2,
            "Plans": [
              {
                "Node Type": "Hash Join",
                "Parent Relationship": "Outer",
                "Parallel Aware": true,
                "Join Type": "Inner",
                "Startup Cost": 80613.51,
                "Total Cost": 141625.05,
                "Plan Rows": 61254,
                "Plan Width": 0,
                "Actual Startup Time": 355.556,
                "Actual Total Time": 614.407,
                "Actual Rows": 23754,
                "Actual Loops": 2,
                "Inner Unique": false,
                "Hash Cond": "(mk.movie_id = t.id)",
                "Plans": [
                  {
                    "Node Type": "Seq Scan",
                    "Parent Relationship": "Outer",
                    "Parallel Aware": true,
                    "Relation Name": "movie_keyword",
                    "Alias": "mk",
                    "Startup Cost": 0.0,
                    "Total Cost": 57718.19,
                    "Plan Rows": 782141,
                    "Plan Width": 4,
                    "Actual Startup Time": 0.024,
                    "Actual Total Time": 197.609,
                    "Actual Rows": 672791,
                    "Actual Loops": 2,
                    "Filter": "(keyword_id < 1753)",
                    "Rows Removed by Filter": 1589174
                  },
                  {
                    "Node Type": "Hash",
                    "Parent Relationship": "Inner",
                    "Parallel Aware": true,
                    "Startup Cost": 79157.58,
                    "Total Cost": 79157.58,
                    "Plan Rows": 116474,
                    "Plan Width": 8,
                    "Actual Startup Time": 351.559,
                    "Actual Total Time": 351.563,
                    "Actual Rows": 46155,
                    "Actual Loops": 2,
                    "Hash Buckets": 262144,
                    "Original Hash Buckets": 262144,
                    "Hash Batches": 1,
                    "Original Hash Batches": 1,
                    "Peak Memory Usage": 5696,
                    "Plans": [
                      {
                        "Node Type": "Hash Join",
                        "Parent Relationship": "Outer",
                        "Parallel Aware": true,
                        "Join Type": "Inner",
                        "Startup Cost": 60973.79,
                        "Total Cost": 79157.58,
                        "Plan Rows": 116474,
                        "Plan Width": 8,
                        "Actual Startup Time": 200.544,
                        "Actual Total Time": 341.203,
                        "Actual Rows": 46155,
                        "Actual Loops": 2,
                        "Inner Unique": true,
                        "Hash Cond": "(mi_idx.movie_id = t.id)",
                        "Plans": [
                          {
                            "Node Type": "Seq Scan",
                            "Parent Relationship": "Outer",
                            "Parallel Aware": true,
                            "Relation Name": "movie_info_idx",
                            "Alias": "mi_idx",
                            "Startup Cost": 0.0,
                            "Total Cost": 16052.85,
                            "Plan Rows": 811785,
                            "Plan Width": 4,
                            "Actual Startup Time": 0.022,
                            "Actual Total Time": 56.25,
                            "Actual Rows": 690018,
                            "Actual Loops": 2
                          },
                          {
                            "Node Type": "Hash",
                            "Parent Relationship": "Inner",
                            "Parallel Aware": true,
                            "Startup Cost": 58306.47,
                            "Total Cost": 58306.47,
                            "Plan Rows": 213386,
                            "Plan Width": 4,
                            "Actual Startup Time": 196.7,
                            "Actual Total Time": 196.701,
                            "Actual Rows": 126883,
                            "Actual Loops": 2,
                            "Hash Buckets": 524288,
                            "Original Hash Buckets": 524288,
                            "Hash Batches": 1,
                            "Original Hash Batches": 1,
                            "Peak Memory Usage": 14048,
                            "Plans": [
                              {
                                "Node Type": "Seq Scan",
                                "Parent Relationship": "Outer",
                                "Parallel Aware": true,
                                "Relation Name": "title",
                                "Alias": "t",
                                "Startup Cost": 0.0,
                                "Total Cost": 58306.47,
                                "Plan Rows": 213386,
                                "Plan Width": 4,
                                "Actual Startup Time": 0.031,
                                "Actual Total Time": 159.926,
                                "Actual Rows": 126883,
                                "Actual Loops": 2,
                                "Filter": "((production_year < 1986) AND (kind_id = 7))",
                                "Rows Removed by Filter": 1137273
                              }
                            ]
                          }
                        ]
                      }
                    ]
                  }
                ]
              }
            ]
          }
        ]
      }
    ]
  },
  "Planning Time": 1.021,
  "Triggers": [],
  "Execution Time": 645.026
}