{
    "Plan": {
        "Node Type": "Aggregate",
        "Strategy": "Plain",
        "Partial Mode": "Finalize",
        "Parallel Aware": false,
        "Startup Cost": 246787.39,
        "Total Cost": 246787.4,
        "Plan Rows": 1,
        "Plan Width": 8,
        "Actual Startup Time": 532.347,
        "Actual Total Time": 583.88,
        "Actual Rows": 1,
        "Actual Loops": 1,
        "Output": [
            "count(*)"
        ],
        "Plans": [
            {
                "Node Type": "Gather",
                "Parent Relationship": "Outer",
                "Parallel Aware": false,
                "Startup Cost": 246786.87,
                "Total Cost": 246787.38,
                "Plan Rows": 5,
                "Plan Width": 8,
                "Actual Startup Time": 531.21,
                "Actual Total Time": 583.856,
                "Actual Rows": 6,
                "Actual Loops": 1,
                "Output": [
                    "(PARTIAL count(*))"
                ],
                "Workers Planned": 5,
                "Workers Launched": 5,
                "Single Copy": false,
                "Plans": [
                    {
                        "Node Type": "Aggregate",
                        "Strategy": "Plain",
                        "Partial Mode": "Partial",
                        "Parent Relationship": "Outer",
                        "Parallel Aware": false,
                        "Startup Cost": 245786.87,
                        "Total Cost": 245786.88,
                        "Plan Rows": 1,
                        "Plan Width": 8,
                        "Actual Startup Time": 519.735,
                        "Actual Total Time": 519.741,
                        "Actual Rows": 1,
                        "Actual Loops": 6,
                        "Output": [
                            "PARTIAL count(*)"
                        ],
                        "Workers": [
                            {
                                "Worker Number": 0,
                                "Actual Startup Time": 515.843,
                                "Actual Total Time": 515.848,
                                "Actual Rows": 1,
                                "Actual Loops": 1
                            },
                            {
                                "Worker Number": 1,
                                "Actual Startup Time": 518.158,
                                "Actual Total Time": 518.162,
                                "Actual Rows": 1,
                                "Actual Loops": 1
                            },
                            {
                                "Worker Number": 2,
                                "Actual Startup Time": 518.76,
                                "Actual Total Time": 518.763,
                                "Actual Rows": 1,
                                "Actual Loops": 1
                            },
                            {
                                "Worker Number": 3,
                                "Actual Startup Time": 516.683,
                                "Actual Total Time": 516.688,
                                "Actual Rows": 1,
                                "Actual Loops": 1
                            },
                            {
                                "Worker Number": 4,
                                "Actual Startup Time": 518.769,
                                "Actual Total Time": 518.774,
                                "Actual Rows": 1,
                                "Actual Loops": 1
                            }
                        ],
                        "Plans": [
                            {
                                "Node Type": "Hash Join",
                                "Parent Relationship": "Outer",
                                "Parallel Aware": true,
                                "Join Type": "Inner",
                                "Startup Cost": 46595.96,
                                "Total Cost": 245750.07,
                                "Plan Rows": 14720,
                                "Plan Width": 0,
                                "Actual Startup Time": 353.77,
                                "Actual Total Time": 519.661,
                                "Actual Rows": 1004,
                                "Actual Loops": 6,
                                "Inner Unique": true,
                                "Hash Cond": "(mi.movie_id = t.id)",
                                "Workers": [
                                    {
                                        "Worker Number": 0,
                                        "Actual Startup Time": 351.42,
                                        "Actual Total Time": 515.762,
                                        "Actual Rows": 633,
                                        "Actual Loops": 1
                                    },
                                    {
                                        "Worker Number": 1,
                                        "Actual Startup Time": 353.726,
                                        "Actual Total Time": 518.092,
                                        "Actual Rows": 967,
                                        "Actual Loops": 1
                                    },
                                    {
                                        "Worker Number": 2,
                                        "Actual Startup Time": 353.68,
                                        "Actual Total Time": 518.692,
                                        "Actual Rows": 940,
                                        "Actual Loops": 1
                                    },
                                    {
                                        "Worker Number": 3,
                                        "Actual Startup Time": 352.605,
                                        "Actual Total Time": 516.61,
                                        "Actual Rows": 874,
                                        "Actual Loops": 1
                                    },
                                    {
                                        "Worker Number": 4,
                                        "Actual Startup Time": 349.923,
                                        "Actual Total Time": 518.69,
                                        "Actual Rows": 1280,
                                        "Actual Loops": 1
                                    }
                                ],
                                "Plans": [
                                    {
                                        "Node Type": "Seq Scan",
                                        "Parent Relationship": "Outer",
                                        "Parallel Aware": true,
                                        "Relation Name": "movie_info",
                                        "Schema": "public",
                                        "Alias": "mi",
                                        "Startup Cost": 0.0,
                                        "Total Cost": 198880.74,
                                        "Plan Rows": 104142,
                                        "Plan Width": 4,
                                        "Actual Startup Time": 220.685,
                                        "Actual Total Time": 376.847,
                                        "Actual Rows": 90561,
                                        "Actual Loops": 6,
                                        "Output": [
                                            "mi.id",
                                            "mi.movie_id",
                                            "mi.info_type_id",
                                            "mi.info",
                                            "mi.note"
                                        ],
                                        "Filter": "(mi.info_type_id > 98)",
                                        "Rows Removed by Filter": 2382059,
                                        "Workers": [
                                            {
                                                "Worker Number": 0,
                                                "Actual Startup Time": 220.66,
                                                "Actual Total Time": 377.791,
                                                "Actual Rows": 62027,
                                                "Actual Loops": 1
                                            },
                                            {
                                                "Worker Number": 1,
                                                "Actual Startup Time": 220.725,
                                                "Actual Total Time": 376.992,
                                                "Actual Rows": 100148,
                                                "Actual Loops": 1
                                            },
                                            {
                                                "Worker Number": 2,
                                                "Actual Startup Time": 220.819,
                                                "Actual Total Time": 377.153,
                                                "Actual Rows": 99690,
                                                "Actual Loops": 1
                                            },
                                            {
                                                "Worker Number": 3,
                                                "Actual Startup Time": 220.67,
                                                "Actual Total Time": 377.036,
                                                "Actual Rows": 80983,
                                                "Actual Loops": 1
                                            },
                                            {
                                                "Worker Number": 4,
                                                "Actual Startup Time": 220.625,
                                                "Actual Total Time": 377.08,
                                                "Actual Rows": 100353,
                                                "Actual Loops": 1
                                            }
                                        ]
                                    },
                                    {
                                        "Node Type": "Hash",
                                        "Parent Relationship": "Inner",
                                        "Parallel Aware": true,
                                        "Startup Cost": 45479.21,
                                        "Total Cost": 45479.21,
                                        "Plan Rows": 89340,
                                        "Plan Width": 4,
                                        "Actual Startup Time": 122.687,
                                        "Actual Total Time": 122.688,
                                        "Actual Rows": 36421,
                                        "Actual Loops": 6,
                                        "Output": [
                                            "t.id"
                                        ],
                                        "Hash Buckets": 524288,
                                        "Original Hash Buckets": 524288,
                                        "Hash Batches": 1,
                                        "Original Hash Batches": 1,
                                        "Peak Memory Usage": 12736,
                                        "Workers": [
                                            {
                                                "Worker Number": 0,
                                                "Actual Startup Time": 121.071,
                                                "Actual Total Time": 121.073,
                                                "Actual Rows": 27901,
                                                "Actual Loops": 1
                                            },
                                            {
                                                "Worker Number": 1,
                                                "Actual Startup Time": 123.713,
                                                "Actual Total Time": 123.714,
                                                "Actual Rows": 37170,
                                                "Actual Loops": 1
                                            },
                                            {
                                                "Worker Number": 2,
                                                "Actual Startup Time": 123.907,
                                                "Actual Total Time": 123.909,
                                                "Actual Rows": 37010,
                                                "Actual Loops": 1
                                            },
                                            {
                                                "Worker Number": 3,
                                                "Actual Startup Time": 121.944,
                                                "Actual Total Time": 121.946,
                                                "Actual Rows": 30828,
                                                "Actual Loops": 1
                                            },
                                            {
                                                "Worker Number": 4,
                                                "Actual Startup Time": 124.155,
                                                "Actual Total Time": 124.156,
                                                "Actual Rows": 37451,
                                                "Actual Loops": 1
                                            }
                                        ],
                                        "Plans": [
                                            {
                                                "Node Type": "Seq Scan",
                                                "Parent Relationship": "Outer",
                                                "Parallel Aware": true,
                                                "Relation Name": "title",
                                                "Schema": "public",
                                                "Alias": "t",
                                                "Startup Cost": 0.0,
                                                "Total Cost": 45479.21,
                                                "Plan Rows": 89340,
                                                "Plan Width": 4,
                                                "Actual Startup Time": 0.085,
                                                "Actual Total Time": 97.928,
                                                "Actual Rows": 36421,
                                                "Actual Loops": 6,
                                                "Output": [
                                                    "t.id"
                                                ],
                                                "Filter": "((t.kind_id > 1) AND (t.production_year < 1978))",
                                                "Rows Removed by Filter": 384964,
                                                "Workers": [
                                                    {
                                                        "Worker Number": 0,
                                                        "Actual Startup Time": 0.088,
                                                        "Actual Total Time": 100.076,
                                                        "Actual Rows": 27901,
                                                        "Actual Loops": 1
                                                    },
                                                    {
                                                        "Worker Number": 1,
                                                        "Actual Startup Time": 0.105,
                                                        "Actual Total Time": 98.066,
                                                        "Actual Rows": 37170,
                                                        "Actual Loops": 1
                                                    },
                                                    {
                                                        "Worker Number": 2,
                                                        "Actual Startup Time": 0.09,
                                                        "Actual Total Time": 99.499,
                                                        "Actual Rows": 37010,
                                                        "Actual Loops": 1
                                                    },
                                                    {
                                                        "Worker Number": 3,
                                                        "Actual Startup Time": 0.093,
                                                        "Actual Total Time": 97.286,
                                                        "Actual Rows": 30828,
                                                        "Actual Loops": 1
                                                    },
                                                    {
                                                        "Worker Number": 4,
                                                        "Actual Startup Time": 0.097,
                                                        "Actual Total Time": 99.505,
                                                        "Actual Rows": 37451,
                                                        "Actual Loops": 1
                                                    }
                                                ]
                                            }
                                        ]
                                    }
                                ]
                            }
                        ]
                    }
                ]
            }
        ]
    },
    "Planning Time": 0.914,
    "Triggers": [],
    "Execution Time": 583.997
}