[
  {
    "Plan": {
      "Node Type": "Aggregate",
      "Strategy": "Plain",
      "Partial Mode": "Finalize",
      "Parallel Aware": false,
      "Startup Cost": 47252.56,
      "Total Cost": 47252.57,
      "Plan Rows": 1,
      "Plan Width": 8,
      "Actual Startup Time": 224.142,
      "Actual Total Time": 236.059,
      "Actual Rows": 1,
      "Actual Loops": 1,
      "Plans": [
        {
          "Node Type": "Gather",
          "Parent Relationship": "Outer",
          "Parallel Aware": false,
          "Startup Cost": 47252.24,
          "Total Cost": 47252.55,
          "Plan Rows": 3,
          "Plan Width": 8,
          "Actual Startup Time": 223.979,
          "Actual Total Time": 236.048,
          "Actual Rows": 4,
          "Actual Loops": 1,
          "Workers Planned": 3,
          "Workers Launched": 3,
          "Single Copy": false,
          "Plans": [
            {
              "Node Type": "Aggregate",
              "Strategy": "Plain",
              "Partial Mode": "Partial",
              "Parent Relationship": "Outer",
              "Parallel Aware": false,
              "Startup Cost": 46252.24,
              "Total Cost": 46252.25,
              "Plan Rows": 1,
              "Plan Width": 8,
              "Actual Startup Time": 218.46,
              "Actual Total Time": 218.461,
              "Actual Rows": 1,
              "Actual Loops": 4,
              "Plans": [
                {
                  "Node Type": "Seq Scan",
                  "Parent Relationship": "Outer",
                  "Parallel Aware": true,
                  "Relation Name": "movie_keyword",
                  "Alias": "mk",
                  "Startup Cost": 0.0,
                  "Total Cost": 42695.65,
                  "Plan Rows": 1422636,
                  "Plan Width": 0,
                  "Actual Startup Time": 0.039,
                  "Actual Total Time": 155.367,
                  "Actual Rows": 1102576,
                  "Actual Loops": 4,
                  "Filter": "(keyword_id < 79414)",
                  "Rows Removed by Filter": 28407
                }
              ]
            }
          ]
        }
      ]
    },
    "Planning Time": 0.187,
    "Triggers": [],
    "Execution Time": 236.122
  }
]