{
    "Plan": {
        "Node Type": "Aggregate",
        "Strategy": "Plain",
        "Partial Mode": "Finalize",
        "Parallel Aware": false,
        "Startup Cost": 386801.89,
        "Total Cost": 386801.9,
        "Plan Rows": 1,
        "Plan Width": 8,
        "Actual Startup Time": 1650.244,
        "Actual Total Time": 1701.81,
        "Actual Rows": 1,
        "Actual Loops": 1,
        "Output": [
            "count(*)"
        ],
        "Plans": [
            {
                "Node Type": "Gather",
                "Parent Relationship": "Outer",
                "Parallel Aware": false,
                "Startup Cost": 386801.27,
                "Total Cost": 386801.88,
                "Plan Rows": 6,
                "Plan Width": 8,
                "Actual Startup Time": 1637.843,
                "Actual Total Time": 1701.795,
                "Actual Rows": 7,
                "Actual Loops": 1,
                "Output": [
                    "(PARTIAL count(*))"
                ],
                "Workers Planned": 6,
                "Workers Launched": 6,
                "Single Copy": false,
                "Plans": [
                    {
                        "Node Type": "Aggregate",
                        "Strategy": "Plain",
                        "Partial Mode": "Partial",
                        "Parent Relationship": "Outer",
                        "Parallel Aware": false,
                        "Startup Cost": 385801.27,
                        "Total Cost": 385801.28,
                        "Plan Rows": 1,
                        "Plan Width": 8,
                        "Actual Startup Time": 1623.442,
                        "Actual Total Time": 1623.445,
                        "Actual Rows": 1,
                        "Actual Loops": 7,
                        "Output": [
                            "PARTIAL count(*)"
                        ],
                        "Workers": [
                            {
                                "Worker Number": 0,
                                "Actual Startup Time": 1620.663,
                                "Actual Total Time": 1620.667,
                                "Actual Rows": 1,
                                "Actual Loops": 1
                            },
                            {
                                "Worker Number": 1,
                                "Actual Startup Time": 1621.815,
                                "Actual Total Time": 1621.818,
                                "Actual Rows": 1,
                                "Actual Loops": 1
                            },
                            {
                                "Worker Number": 2,
                                "Actual Startup Time": 1620.693,
                                "Actual Total Time": 1620.697,
                                "Actual Rows": 1,
                                "Actual Loops": 1
                            },
                            {
                                "Worker Number": 3,
                                "Actual Startup Time": 1620.79,
                                "Actual Total Time": 1620.793,
                                "Actual Rows": 1,
                                "Actual Loops": 1
                            },
                            {
                                "Worker Number": 4,
                                "Actual Startup Time": 1622.257,
                                "Actual Total Time": 1622.261,
                                "Actual Rows": 1,
                                "Actual Loops": 1
                            },
                            {
                                "Worker Number": 5,
                                "Actual Startup Time": 1620.892,
                                "Actual Total Time": 1620.895,
                                "Actual Rows": 1,
                                "Actual Loops": 1
                            }
                        ],
                        "Plans": [
                            {
                                "Node Type": "Hash Join",
                                "Parent Relationship": "Outer",
                                "Parallel Aware": true,
                                "Join Type": "Inner",
                                "Startup Cost": 48743.13,
                                "Total Cost": 382540.74,
                                "Plan Rows": 1304210,
                                "Plan Width": 0,
                                "Actual Startup Time": 197.902,
                                "Actual Total Time": 1561.032,
                                "Actual Rows": 1175729,
                                "Actual Loops": 7,
                                "Inner Unique": true,
                                "Hash Cond": "(ci.movie_id = t.id)",
                                "Workers": [
                                    {
                                        "Worker Number": 0,
                                        "Actual Startup Time": 195.248,
                                        "Actual Total Time": 1568.01,
                                        "Actual Rows": 1296939,
                                        "Actual Loops": 1
                                    },
                                    {
                                        "Worker Number": 1,
                                        "Actual Startup Time": 195.096,
                                        "Actual Total Time": 1555.92,
                                        "Actual Rows": 1036107,
                                        "Actual Loops": 1
                                    },
                                    {
                                        "Worker Number": 2,
                                        "Actual Startup Time": 195.397,
                                        "Actual Total Time": 1554.392,
                                        "Actual Rows": 1040399,
                                        "Actual Loops": 1
                                    },
                                    {
                                        "Worker Number": 3,
                                        "Actual Startup Time": 195.471,
                                        "Actual Total Time": 1554.787,
                                        "Actual Rows": 1036921,
                                        "Actual Loops": 1
                                    },
                                    {
                                        "Worker Number": 4,
                                        "Actual Startup Time": 196.837,
                                        "Actual Total Time": 1569.706,
                                        "Actual Rows": 1294046,
                                        "Actual Loops": 1
                                    },
                                    {
                                        "Worker Number": 5,
                                        "Actual Startup Time": 195.581,
                                        "Actual Total Time": 1565.405,
                                        "Actual Rows": 1393353,
                                        "Actual Loops": 1
                                    }
                                ],
                                "Plans": [
                                    {
                                        "Node Type": "Seq Scan",
                                        "Parent Relationship": "Outer",
                                        "Parallel Aware": true,
                                        "Relation Name": "cast_info",
                                        "Schema": "public",
                                        "Alias": "ci",
                                        "Startup Cost": 0.0,
                                        "Total Cost": 328213.62,
                                        "Plan Rows": 2127232,
                                        "Plan Width": 4,
                                        "Actual Startup Time": 0.038,
                                        "Actual Total Time": 713.286,
                                        "Actual Rows": 1810098,
                                        "Actual Loops": 7,
                                        "Output": [
                                            "ci.id",
                                            "ci.person_id",
                                            "ci.movie_id",
                                            "ci.person_role_id",
                                            "ci.note",
                                            "ci.nr_order",
                                            "ci.role_id"
                                        ],
                                        "Filter": "(ci.role_id = 1)",
                                        "Rows Removed by Filter": 3367665,
                                        "Workers": [
                                            {
                                                "Worker Number": 0,
                                                "Actual Startup Time": 0.031,
                                                "Actual Total Time": 698.874,
                                                "Actual Rows": 1996483,
                                                "Actual Loops": 1
                                            },
                                            {
                                                "Worker Number": 1,
                                                "Actual Startup Time": 0.049,
                                                "Actual Total Time": 734.694,
                                                "Actual Rows": 1593063,
                                                "Actual Loops": 1
                                            },
                                            {
                                                "Worker Number": 2,
                                                "Actual Startup Time": 0.045,
                                                "Actual Total Time": 734.381,
                                                "Actual Rows": 1604554,
                                                "Actual Loops": 1
                                            },
                                            {
                                                "Worker Number": 3,
                                                "Actual Startup Time": 0.049,
                                                "Actual Total Time": 733.657,
                                                "Actual Rows": 1587328,
                                                "Actual Loops": 1
                                            },
                                            {
                                                "Worker Number": 4,
                                                "Actual Startup Time": 0.036,
                                                "Actual Total Time": 697.971,
                                                "Actual Rows": 1990950,
                                                "Actual Loops": 1
                                            },
                                            {
                                                "Worker Number": 5,
                                                "Actual Startup Time": 0.039,
                                                "Actual Total Time": 706.792,
                                                "Actual Rows": 2154755,
                                                "Actual Loops": 1
                                            }
                                        ]
                                    },
                                    {
                                        "Node Type": "Hash",
                                        "Parent Relationship": "Inner",
                                        "Parallel Aware": true,
                                        "Startup Cost": 43899.01,
                                        "Total Cost": 43899.01,
                                        "Plan Rows": 387530,
                                        "Plan Width": 4,
                                        "Actual Startup Time": 193.043,
                                        "Actual Total Time": 193.044,
                                        "Actual Rows": 221675,
                                        "Actual Loops": 7,
                                        "Output": [
                                            "t.id"
                                        ],
                                        "Hash Buckets": 2097152,
                                        "Original Hash Buckets": 2097152,
                                        "Hash Batches": 1,
                                        "Original Hash Batches": 1,
                                        "Peak Memory Usage": 77184,
                                        "Workers": [
                                            {
                                                "Worker Number": 0,
                                                "Actual Startup Time": 194.508,
                                                "Actual Total Time": 194.509,
                                                "Actual Rows": 232204,
                                                "Actual Loops": 1
                                            },
                                            {
                                                "Worker Number": 1,
                                                "Actual Startup Time": 194.44,
                                                "Actual Total Time": 194.441,
                                                "Actual Rows": 178285,
                                                "Actual Loops": 1
                                            },
                                            {
                                                "Worker Number": 2,
                                                "Actual Startup Time": 194.519,
                                                "Actual Total Time": 194.52,
                                                "Actual Rows": 185790,
                                                "Actual Loops": 1
                                            },
                                            {
                                                "Worker Number": 3,
                                                "Actual Startup Time": 194.576,
                                                "Actual Total Time": 194.577,
                                                "Actual Rows": 183583,
                                                "Actual Loops": 1
                                            },
                                            {
                                                "Worker Number": 4,
                                                "Actual Startup Time": 196.411,
                                                "Actual Total Time": 196.412,
                                                "Actual Rows": 264096,
                                                "Actual Loops": 1
                                            },
                                            {
                                                "Worker Number": 5,
                                                "Actual Startup Time": 194.677,
                                                "Actual Total Time": 194.678,
                                                "Actual Rows": 246658,
                                                "Actual Loops": 1
                                            }
                                        ],
                                        "Plans": [
                                            {
                                                "Node Type": "Seq Scan",
                                                "Parent Relationship": "Outer",
                                                "Parallel Aware": true,
                                                "Relation Name": "title",
                                                "Schema": "public",
                                                "Alias": "t",
                                                "Startup Cost": 0.0,
                                                "Total Cost": 43899.01,
                                                "Plan Rows": 387530,
                                                "Plan Width": 4,
                                                "Actual Startup Time": 0.061,
                                                "Actual Total Time": 85.518,
                                                "Actual Rows": 221675,
                                                "Actual Loops": 7,
                                                "Output": [
                                                    "t.id"
                                                ],
                                                "Filter": "(t.production_year < 2007)",
                                                "Rows Removed by Filter": 139512,
                                                "Workers": [
                                                    {
                                                        "Worker Number": 0,
                                                        "Actual Startup Time": 0.075,
                                                        "Actual Total Time": 85.174,
                                                        "Actual Rows": 232204,
                                                        "Actual Loops": 1
                                                    },
                                                    {
                                                        "Worker Number": 1,
                                                        "Actual Startup Time": 0.075,
                                                        "Actual Total Time": 88.043,
                                                        "Actual Rows": 178285,
                                                        "Actual Loops": 1
                                                    },
                                                    {
                                                        "Worker Number": 2,
                                                        "Actual Startup Time": 0.084,
                                                        "Actual Total Time": 88.827,
                                                        "Actual Rows": 185790,
                                                        "Actual Loops": 1
                                                    },
                                                    {
                                                        "Worker Number": 3,
                                                        "Actual Startup Time": 0.067,
                                                        "Actual Total Time": 88.581,
                                                        "Actual Rows": 183583,
                                                        "Actual Loops": 1
                                                    },
                                                    {
                                                        "Worker Number": 4,
                                                        "Actual Startup Time": 0.029,
                                                        "Actual Total Time": 84.648,
                                                        "Actual Rows": 264096,
                                                        "Actual Loops": 1
                                                    },
                                                    {
                                                        "Worker Number": 5,
                                                        "Actual Startup Time": 0.085,
                                                        "Actual Total Time": 85.692,
                                                        "Actual Rows": 246658,
                                                        "Actual Loops": 1
                                                    }
                                                ]
                                            }
                                        ]
                                    }
                                ]
                            }
                        ]
                    }
                ]
            }
        ]
    },
    "Planning Time": 0.7,
    "Triggers": [],
    "Execution Time": 1701.898
}