{
  "Plan": {
    "Node Type": "Aggregate",
    "Strategy": "Plain",
    "Partial Mode": "Finalize",
    "Parallel Aware": false,
    "Startup Cost": 96395.17,
    "Total Cost": 96395.18,
    "Plan Rows": 1,
    "Plan Width": 8,
    "Actual Startup Time": 330.632,
    "Actual Total Time": 343.046,
    "Actual Rows": 1,
    "Actual Loops": 1,
    "Plans": [
      {
        "Node Type": "Gather",
        "Parent Relationship": "Outer",
        "Parallel Aware": false,
        "Startup Cost": 96395.05,
        "Total Cost": 96395.16,
        "Plan Rows": 1,
        "Plan Width": 8,
        "Actual Startup Time": 330.447,
        "Actual Total Time": 343.039,
        "Actual Rows": 2,
        "Actual Loops": 1,
        "Workers Planned": 1,
        "Workers Launched": 1,
        "Single Copy": false,
        "Plans": [
          {
            "Node Type": "Aggregate",
            "Strategy": "Plain",
            "Partial Mode": "Partial",
            "Parent Relationship": "Outer",
            "Parallel Aware": false,
            "Startup Cost": 95395.05,
            "Total Cost": 95395.06,
            "Plan Rows": 1,
            "Plan Width": 8,
            "Actual Startup Time": 324.772,
            "Actual Total Time": 324.775,
            "Actual Rows": 1,
            "Actual Loops": 2,
            "Plans": [
              {
                "Node Type": "Hash Join",
                "Parent Relationship": "Outer",
                "Parallel Aware": true,
                "Join Type": "Inner",
                "Startup Cost": 55080.41,
                "Total Cost": 95337.52,
                "Plan Rows": 23012,
                "Plan Width": 0,
                "Actual Startup Time": 147.218,
                "Actual Total Time": 323.878,
                "Actual Rows": 18675,
                "Actual Loops": 2,
                "Inner Unique": true,
                "Hash Cond": "(mc.movie_id = t.id)",
                "Plans": [
                  {
                    "Node Type": "Seq Scan",
                    "Parent Relationship": "Outer",
                    "Parallel Aware": true,
                    "Relation Name": "movie_companies",
                    "Alias": "mc",
                    "Startup Cost": 0.0,
                    "Total Cost": 37974.77,
                    "Plan Rows": 869462,
                    "Plan Width": 4,
                    "Actual Startup Time": 0.012,
                    "Actual Total Time": 109.023,
                    "Actual Rows": 736824,
                    "Actual Loops": 2,
                    "Filter": "(company_id < 13456)",
                    "Rows Removed by Filter": 567741
                  },
                  {
                    "Node Type": "Hash",
                    "Parent Relationship": "Inner",
                    "Parallel Aware": true,
                    "Startup Cost": 54588.39,
                    "Total Cost": 54588.39,
                    "Plan Rows": 39362,
                    "Plan Width": 4,
                    "Actual Startup Time": 144.52,
                    "Actual Total Time": 144.521,
                    "Actual Rows": 33888,
                    "Actual Loops": 2,
                    "Hash Buckets": 131072,
                    "Original Hash Buckets": 131072,
                    "Hash Batches": 1,
                    "Original Hash Batches": 1,
                    "Peak Memory Usage": 3712,
                    "Plans": [
                      {
                        "Node Type": "Seq Scan",
                        "Parent Relationship": "Outer",
                        "Parallel Aware": true,
                        "Relation Name": "title",
                        "Alias": "t",
                        "Startup Cost": 0.0,
                        "Total Cost": 54588.39,
                        "Plan Rows": 39362,
                        "Plan Width": 4,
                        "Actual Startup Time": 0.054,
                        "Actual Total Time": 133.186,
                        "Actual Rows": 33888,
                        "Actual Loops": 2,
                        "Filter": "(production_year = 2003)",
                        "Rows Removed by Filter": 1230268
                      }
                    ]
                  }
                ]
              }
            ]
          }
        ]
      }
    ]
  },
  "Planning Time": 0.447,
  "Triggers": [],
  "Execution Time": 343.168
}