[
  {
    "Plan": {
      "Node Type": "Aggregate",
      "Strategy": "Plain",
      "Partial Mode": "Finalize",
      "Parallel Aware": false,
      "Startup Cost": 252669.84,
      "Total Cost": 252669.85,
      "Plan Rows": 1,
      "Plan Width": 8,
      "Actual Startup Time": 838.83,
      "Actual Total Time": 888.063,
      "Actual Rows": 1,
      "Actual Loops": 1,
      "Plans": [
        {
          "Node Type": "Gather",
          "Parent Relationship": "Outer",
          "Parallel Aware": false,
          "Startup Cost": 252669.32,
          "Total Cost": 252669.83,
          "Plan Rows": 5,
          "Plan Width": 8,
          "Actual Startup Time": 834.519,
          "Actual Total Time": 888.048,
          "Actual Rows": 6,
          "Actual Loops": 1,
          "Workers Planned": 5,
          "Workers Launched": 5,
          "Single Copy": false,
          "Plans": [
            {
              "Node Type": "Aggregate",
              "Strategy": "Plain",
              "Partial Mode": "Partial",
              "Parent Relationship": "Outer",
              "Parallel Aware": false,
              "Startup Cost": 251669.32,
              "Total Cost": 251669.33,
              "Plan Rows": 1,
              "Plan Width": 8,
              "Actual Startup Time": 828.075,
              "Actual Total Time": 828.078,
              "Actual Rows": 1,
              "Actual Loops": 6,
              "Plans": [
                {
                  "Node Type": "Hash Join",
                  "Parent Relationship": "Outer",
                  "Parallel Aware": true,
                  "Join Type": "Inner",
                  "Startup Cost": 46745.45,
                  "Total Cost": 250899.44,
                  "Plan Rows": 307952,
                  "Plan Width": 0,
                  "Actual Startup Time": 121.867,
                  "Actual Total Time": 798.47,
                  "Actual Rows": 683037,
                  "Actual Loops": 6,
                  "Inner Unique": true,
                  "Hash Cond": "(mi.movie_id = t.id)",
                  "Plans": [
                    {
                      "Node Type": "Seq Scan",
                      "Parent Relationship": "Outer",
                      "Parallel Aware": true,
                      "Relation Name": "movie_info",
                      "Alias": "mi",
                      "Startup Cost": 0.0,
                      "Total Cost": 199108.24,
                      "Plan Rows": 1922185,
                      "Plan Width": 4,
                      "Actual Startup Time": 0.032,
                      "Actual Total Time": 377.473,
                      "Actual Rows": 1594192,
                      "Actual Loops": 6,
                      "Filter": "(info_type_id < 16)",
                      "Rows Removed by Filter": 878428
                    },
                    {
                      "Node Type": "Hash",
                      "Parent Relationship": "Inner",
                      "Parallel Aware": true,
                      "Startup Cost": 45479.59,
                      "Total Cost": 45479.59,
                      "Plan Rows": 101269,
                      "Plan Width": 4,
                      "Actual Startup Time": 106.563,
                      "Actual Total Time": 106.564,
                      "Actual Rows": 76024,
                      "Actual Loops": 6,
                      "Hash Buckets": 524288,
                      "Original Hash Buckets": 524288,
                      "Hash Batches": 1,
                      "Original Hash Batches": 1,
                      "Peak Memory Usage": 22048,
                      "Plans": [
                        {
                          "Node Type": "Seq Scan",
                          "Parent Relationship": "Outer",
                          "Parallel Aware": true,
                          "Relation Name": "title",
                          "Alias": "t",
                          "Startup Cost": 0.0,
                          "Total Cost": 45479.59,
                          "Plan Rows": 101269,
                          "Plan Width": 4,
                          "Actual Startup Time": 45.244,
                          "Actual Total Time": 77.911,
                          "Actual Rows": 76024,
                          "Actual Loops": 6,
                          "Filter": "((production_year < 2007) AND (kind_id = 1))",
                          "Rows Removed by Filter": 345361
                        }
                      ]
                    }
                  ]
                }
              ]
            }
          ]
        }
      ]
    },
    "Planning Time": 0.361,
    "Triggers": [],
    "Execution Time": 888.128
  }
]