[
  {
    "Plan": {
      "Node Type": "Aggregate",
      "Strategy": "Plain",
      "Partial Mode": "Finalize",
      "Parallel Aware": false,
      "Startup Cost": 293345.64,
      "Total Cost": 293345.65,
      "Plan Rows": 1,
      "Plan Width": 8,
      "Actual Startup Time": 159.229,
      "Actual Total Time": 167.85,
      "Actual Rows": 1,
      "Actual Loops": 1,
      "Plans": [
        {
          "Node Type": "Gather",
          "Parent Relationship": "Outer",
          "Parallel Aware": false,
          "Startup Cost": 293345.01,
          "Total Cost": 293345.62,
          "Plan Rows": 6,
          "Plan Width": 8,
          "Actual Startup Time": 158.549,
          "Actual Total Time": 167.842,
          "Actual Rows": 7,
          "Actual Loops": 1,
          "Workers Planned": 6,
          "Workers Launched": 6,
          "Single Copy": false,
          "Plans": [
            {
              "Node Type": "Aggregate",
              "Strategy": "Plain",
              "Partial Mode": "Partial",
              "Parent Relationship": "Outer",
              "Parallel Aware": false,
              "Startup Cost": 292345.01,
              "Total Cost": 292345.02,
              "Plan Rows": 1,
              "Plan Width": 8,
              "Actual Startup Time": 150.831,
              "Actual Total Time": 150.834,
              "Actual Rows": 1,
              "Actual Loops": 7,
              "Plans": [
                {
                  "Node Type": "Bitmap Heap Scan",
                  "Parent Relationship": "Outer",
                  "Parallel Aware": true,
                  "Relation Name": "cast_info",
                  "Alias": "ci",
                  "Startup Cost": 35334.55,
                  "Total Cost": 292048.18,
                  "Plan Rows": 118732,
                  "Plan Width": 0,
                  "Actual Startup Time": 124.249,
                  "Actual Total Time": 147.921,
                  "Actual Rows": 66820,
                  "Actual Loops": 7,
                  "Recheck Cond": "(person_id < 165380)",
                  "Rows Removed by Index Recheck": 0,
                  "Filter": "(role_id > 2)",
                  "Rows Removed by Filter": 170039,
                  "Exact Heap Blocks": 4855,
                  "Lossy Heap Blocks": 0,
                  "Plans": [
                    {
                      "Node Type": "Bitmap Index Scan",
                      "Parent Relationship": "Outer",
                      "Parallel Aware": false,
                      "Index Name": "person_id_cast_info",
                      "Startup Cost": 0.0,
                      "Total Cost": 35156.46,
                      "Plan Rows": 1610652,
                      "Plan Width": 0,
                      "Actual Startup Time": 80.92,
                      "Actual Total Time": 80.921,
                      "Actual Rows": 1658014,
                      "Actual Loops": 1,
                      "Index Cond": "(person_id < 165380)"
                    }
                  ]
                }
              ]
            }
          ]
        }
      ]
    },
    "Planning Time": 0.179,
    "Triggers": [],
    "Execution Time": 167.913
  }
]