[
  {
    "Plan": {
      "Node Type": "Aggregate",
      "Strategy": "Plain",
      "Partial Mode": "Finalize",
      "Parallel Aware": false,
      "Startup Cost": 341043.68,
      "Total Cost": 341043.69,
      "Plan Rows": 1,
      "Plan Width": 8,
      "Actual Startup Time": 862.541,
      "Actual Total Time": 916.421,
      "Actual Rows": 1,
      "Actual Loops": 1,
      "Plans": [
        {
          "Node Type": "Gather",
          "Parent Relationship": "Outer",
          "Parallel Aware": false,
          "Startup Cost": 341043.05,
          "Total Cost": 341043.66,
          "Plan Rows": 6,
          "Plan Width": 8,
          "Actual Startup Time": 862.406,
          "Actual Total Time": 916.411,
          "Actual Rows": 7,
          "Actual Loops": 1,
          "Workers Planned": 6,
          "Workers Launched": 6,
          "Single Copy": false,
          "Plans": [
            {
              "Node Type": "Aggregate",
              "Strategy": "Plain",
              "Partial Mode": "Partial",
              "Parent Relationship": "Outer",
              "Parallel Aware": false,
              "Startup Cost": 340043.05,
              "Total Cost": 340043.06,
              "Plan Rows": 1,
              "Plan Width": 8,
              "Actual Startup Time": 853.083,
              "Actual Total Time": 853.084,
              "Actual Rows": 1,
              "Actual Loops": 7,
              "Plans": [
                {
                  "Node Type": "Seq Scan",
                  "Parent Relationship": "Outer",
                  "Parallel Aware": true,
                  "Relation Name": "cast_info",
                  "Alias": "ci",
                  "Startup Cost": 0.0,
                  "Total Cost": 328162.03,
                  "Plan Rows": 4752411,
                  "Plan Width": 0,
                  "Actual Startup Time": 97.533,
                  "Actual Total Time": 666.62,
                  "Actual Rows": 4049198,
                  "Actual Loops": 7,
                  "Filter": "(person_id > 770027)",
                  "Rows Removed by Filter": 1128565
                }
              ]
            }
          ]
        }
      ]
    },
    "Planning Time": 0.196,
    "Triggers": [],
    "Execution Time": 916.492
  }
]