[
  {
    "Plan": {
      "Node Type": "Aggregate",
      "Strategy": "Plain",
      "Partial Mode": "Finalize",
      "Parallel Aware": false,
      "Startup Cost": 30780.71,
      "Total Cost": 30780.72,
      "Plan Rows": 1,
      "Plan Width": 8,
      "Actual Startup Time": 79.108,
      "Actual Total Time": 87.151,
      "Actual Rows": 1,
      "Actual Loops": 1,
      "Plans": [
        {
          "Node Type": "Gather",
          "Parent Relationship": "Outer",
          "Parallel Aware": false,
          "Startup Cost": 30780.39,
          "Total Cost": 30780.7,
          "Plan Rows": 3,
          "Plan Width": 8,
          "Actual Startup Time": 78.856,
          "Actual Total Time": 87.142,
          "Actual Rows": 4,
          "Actual Loops": 1,
          "Workers Planned": 3,
          "Workers Launched": 3,
          "Single Copy": false,
          "Plans": [
            {
              "Node Type": "Aggregate",
              "Strategy": "Plain",
              "Partial Mode": "Partial",
              "Parent Relationship": "Outer",
              "Parallel Aware": false,
              "Startup Cost": 29780.39,
              "Total Cost": 29780.4,
              "Plan Rows": 1,
              "Plan Width": 8,
              "Actual Startup Time": 74.926,
              "Actual Total Time": 74.927,
              "Actual Rows": 1,
              "Actual Loops": 4,
              "Plans": [
                {
                  "Node Type": "Seq Scan",
                  "Parent Relationship": "Outer",
                  "Parallel Aware": true,
                  "Relation Name": "movie_companies",
                  "Alias": "mc",
                  "Startup Cost": 0.0,
                  "Total Cost": 29310.68,
                  "Plan Rows": 187884,
                  "Plan Width": 0,
                  "Actual Startup Time": 0.026,
                  "Actual Total Time": 67.385,
                  "Actual Rows": 143682,
                  "Actual Loops": 4,
                  "Filter": "(company_id < 624)",
                  "Rows Removed by Filter": 508600
                }
              ]
            }
          ]
        }
      ]
    },
    "Planning Time": 0.197,
    "Triggers": [],
    "Execution Time": 87.205
  }
]