[
    {
        "Bao": {
            "Bao prediction": "NaN",
            "Bao recommended hint": "(no hint)"
        }
    },
    {
        "Plan": {
            "Node Type": "Aggregate",
            "Strategy": "Plain",
            "Partial Mode": "Finalize",
            "Parallel Aware": false,
            "Startup Cost": 185825.6,
            "Total Cost": 185825.61,
            "Plan Rows": 1,
            "Plan Width": 8,
            "Actual Startup Time": 176.209,
            "Actual Total Time": 180.846,
            "Actual Rows": 1,
            "Actual Loops": 1,
            "Output": [
                "count(*)"
            ],
            "Plans": [
                {
                    "Node Type": "Gather",
                    "Parent Relationship": "Outer",
                    "Parallel Aware": false,
                    "Startup Cost": 185825.08,
                    "Total Cost": 185825.59,
                    "Plan Rows": 5,
                    "Plan Width": 8,
                    "Actual Startup Time": 175.791,
                    "Actual Total Time": 180.837,
                    "Actual Rows": 6,
                    "Actual Loops": 1,
                    "Output": [
                        "(PARTIAL count(*))"
                    ],
                    "Workers Planned": 5,
                    "Workers Launched": 5,
                    "Single Copy": false,
                    "Plans": [
                        {
                            "Node Type": "Aggregate",
                            "Strategy": "Plain",
                            "Partial Mode": "Partial",
                            "Parent Relationship": "Outer",
                            "Parallel Aware": false,
                            "Startup Cost": 184825.08,
                            "Total Cost": 184825.09,
                            "Plan Rows": 1,
                            "Plan Width": 8,
                            "Actual Startup Time": 165.599,
                            "Actual Total Time": 165.601,
                            "Actual Rows": 1,
                            "Actual Loops": 6,
                            "Output": [
                                "PARTIAL count(*)"
                            ],
                            "Workers": [
                                {
                                    "Worker Number": 0,
                                    "Actual Startup Time": 163.316,
                                    "Actual Total Time": 163.318,
                                    "Actual Rows": 1,
                                    "Actual Loops": 1
                                },
                                {
                                    "Worker Number": 1,
                                    "Actual Startup Time": 163.626,
                                    "Actual Total Time": 163.627,
                                    "Actual Rows": 1,
                                    "Actual Loops": 1
                                },
                                {
                                    "Worker Number": 2,
                                    "Actual Startup Time": 163.641,
                                    "Actual Total Time": 163.642,
                                    "Actual Rows": 1,
                                    "Actual Loops": 1
                                },
                                {
                                    "Worker Number": 3,
                                    "Actual Startup Time": 163.817,
                                    "Actual Total Time": 163.819,
                                    "Actual Rows": 1,
                                    "Actual Loops": 1
                                },
                                {
                                    "Worker Number": 4,
                                    "Actual Startup Time": 164.01,
                                    "Actual Total Time": 164.011,
                                    "Actual Rows": 1,
                                    "Actual Loops": 1
                                }
                            ],
                            "Plans": [
                                {
                                    "Node Type": "Bitmap Heap Scan",
                                    "Parent Relationship": "Outer",
                                    "Parallel Aware": true,
                                    "Relation Name": "movie_info",
                                    "Schema": "public",
                                    "Alias": "mi",
                                    "Startup Cost": 19591.62,
                                    "Total Cost": 184285.0,
                                    "Plan Rows": 216031,
                                    "Plan Width": 0,
                                    "Actual Startup Time": 73.074,
                                    "Actual Total Time": 152.891,
                                    "Actual Rows": 182631,
                                    "Actual Loops": 6,
                                    "Recheck Cond": "(mi.info_type_id > 66)",
                                    "Rows Removed by Index Recheck": 0,
                                    "Exact Heap Blocks": 6848,
                                    "Lossy Heap Blocks": 0,
                                    "Workers": [
                                        {
                                            "Worker Number": 0,
                                            "Actual Startup Time": 70.747,
                                            "Actual Total Time": 151.15,
                                            "Actual Rows": 166915,
                                            "Actual Loops": 1
                                        },
                                        {
                                            "Worker Number": 1,
                                            "Actual Startup Time": 71.585,
                                            "Actual Total Time": 151.629,
                                            "Actual Rows": 163542,
                                            "Actual Loops": 1
                                        },
                                        {
                                            "Worker Number": 2,
                                            "Actual Startup Time": 70.912,
                                            "Actual Total Time": 151.589,
                                            "Actual Rows": 163923,
                                            "Actual Loops": 1
                                        },
                                        {
                                            "Worker Number": 3,
                                            "Actual Startup Time": 71.609,
                                            "Actual Total Time": 151.56,
                                            "Actual Rows": 171047,
                                            "Actual Loops": 1
                                        },
                                        {
                                            "Worker Number": 4,
                                            "Actual Startup Time": 71.405,
                                            "Actual Total Time": 151.752,
                                            "Actual Rows": 176288,
                                            "Actual Loops": 1
                                        }
                                    ],
                                    "Plans": [
                                        {
                                            "Node Type": "Bitmap Index Scan",
                                            "Parent Relationship": "Outer",
                                            "Parallel Aware": false,
                                            "Index Name": "info_type_id_movie_info",
                                            "Startup Cost": 0.0,
                                            "Total Cost": 19321.58,
                                            "Plan Rows": 1080153,
                                            "Plan Width": 0,
                                            "Actual Startup Time": 73.519,
                                            "Actual Total Time": 73.52,
                                            "Actual Rows": 1095784,
                                            "Actual Loops": 1,
                                            "Index Cond": "(mi.info_type_id > 66)"
                                        }
                                    ]
                                }
                            ]
                        }
                    ]
                }
            ]
        },
        "Planning Time": 282.269,
        "Triggers": [],
        "Execution Time": 180.942
    }
]