[
  {
    "Plan": {
      "Node Type": "Aggregate",
      "Strategy": "Plain",
      "Partial Mode": "Finalize",
      "Parallel Aware": false,
      "Startup Cost": 85764.29,
      "Total Cost": 85764.3,
      "Plan Rows": 1,
      "Plan Width": 8,
      "Actual Startup Time": 579.019,
      "Actual Total Time": 601.456,
      "Actual Rows": 1,
      "Actual Loops": 1,
      "Plans": [
        {
          "Node Type": "Gather",
          "Parent Relationship": "Outer",
          "Parallel Aware": false,
          "Startup Cost": 85763.97,
          "Total Cost": 85764.28,
          "Plan Rows": 3,
          "Plan Width": 8,
          "Actual Startup Time": 567.922,
          "Actual Total Time": 601.444,
          "Actual Rows": 4,
          "Actual Loops": 1,
          "Workers Planned": 3,
          "Workers Launched": 3,
          "Single Copy": false,
          "Plans": [
            {
              "Node Type": "Aggregate",
              "Strategy": "Plain",
              "Partial Mode": "Partial",
              "Parent Relationship": "Outer",
              "Parallel Aware": false,
              "Startup Cost": 84763.97,
              "Total Cost": 84763.98,
              "Plan Rows": 1,
              "Plan Width": 8,
              "Actual Startup Time": 554.377,
              "Actual Total Time": 554.382,
              "Actual Rows": 1,
              "Actual Loops": 4,
              "Plans": [
                {
                  "Node Type": "Hash Join",
                  "Parent Relationship": "Outer",
                  "Parallel Aware": true,
                  "Join Type": "Inner",
                  "Startup Cost": 58338.13,
                  "Total Cost": 84513.62,
                  "Plan Rows": 100141,
                  "Plan Width": 0,
                  "Actual Startup Time": 449.926,
                  "Actual Total Time": 548.599,
                  "Actual Rows": 83562,
                  "Actual Loops": 4,
                  "Inner Unique": true,
                  "Hash Cond": "(mk.movie_id = t.id)",
                  "Plans": [
                    {
                      "Node Type": "Bitmap Heap Scan",
                      "Parent Relationship": "Outer",
                      "Parallel Aware": true,
                      "Relation Name": "movie_keyword",
                      "Alias": "mk",
                      "Startup Cost": 7486.9,
                      "Total Cost": 33363.63,
                      "Plan Rows": 113818,
                      "Plan Width": 4,
                      "Actual Startup Time": 35.818,
                      "Actual Total Time": 93.96,
                      "Actual Rows": 87808,
                      "Actual Loops": 4,
                      "Recheck Cond": "(keyword_id > 47402)",
                      "Rows Removed by Index Recheck": 0,
                      "Exact Heap Blocks": 7271,
                      "Lossy Heap Blocks": 0,
                      "Plans": [
                        {
                          "Node Type": "Bitmap Index Scan",
                          "Parent Relationship": "Outer",
                          "Parallel Aware": false,
                          "Index Name": "keyword_id_movie_keyword",
                          "Startup Cost": 0.0,
                          "Total Cost": 7398.69,
                          "Plan Rows": 352835,
                          "Plan Width": 0,
                          "Actual Startup Time": 30.482,
                          "Actual Total Time": 30.483,
                          "Actual Rows": 351230,
                          "Actual Loops": 1,
                          "Index Cond": "(keyword_id > 47402)"
                        }
                      ]
                    },
                    {
                      "Node Type": "Hash",
                      "Parent Relationship": "Inner",
                      "Parallel Aware": true,
                      "Startup Cost": 43899.32,
                      "Total Cost": 43899.32,
                      "Plan Rows": 556152,
                      "Plan Width": 4,
                      "Actual Startup Time": 404.768,
                      "Actual Total Time": 404.769,
                      "Actual Rows": 556142,
                      "Actual Loops": 4,
                      "Hash Buckets": 4194304,
                      "Original Hash Buckets": 4194304,
                      "Hash Batches": 1,
                      "Original Hash Batches": 1,
                      "Peak Memory Usage": 119840,
                      "Plans": [
                        {
                          "Node Type": "Seq Scan",
                          "Parent Relationship": "Outer",
                          "Parallel Aware": true,
                          "Relation Name": "title",
                          "Alias": "t",
                          "Startup Cost": 0.0,
                          "Total Cost": 43899.32,
                          "Plan Rows": 556152,
                          "Plan Width": 4,
                          "Actual Startup Time": 0.052,
                          "Actual Total Time": 145.963,
                          "Actual Rows": 556142,
                          "Actual Loops": 4,
                          "Filter": "(production_year < 2012)",
                          "Rows Removed by Filter": 75936
                        }
                      ]
                    }
                  ]
                }
              ]
            }
          ]
        }
      ]
    },
    "Planning Time": 0.33,
    "Triggers": [],
    "Execution Time": 601.512
  }
]