[
  {
    "Plan": {
      "Node Type": "Aggregate",
      "Strategy": "Plain",
      "Partial Mode": "Finalize",
      "Parallel Aware": false,
      "Startup Cost": 45649.37,
      "Total Cost": 45649.38,
      "Plan Rows": 1,
      "Plan Width": 8,
      "Actual Startup Time": 155.889,
      "Actual Total Time": 165.351,
      "Actual Rows": 1,
      "Actual Loops": 1,
      "Plans": [
        {
          "Node Type": "Gather",
          "Parent Relationship": "Outer",
          "Parallel Aware": false,
          "Startup Cost": 45649.05,
          "Total Cost": 45649.36,
          "Plan Rows": 3,
          "Plan Width": 8,
          "Actual Startup Time": 155.753,
          "Actual Total Time": 165.343,
          "Actual Rows": 4,
          "Actual Loops": 1,
          "Workers Planned": 3,
          "Workers Launched": 3,
          "Single Copy": false,
          "Plans": [
            {
              "Node Type": "Aggregate",
              "Strategy": "Plain",
              "Partial Mode": "Partial",
              "Parent Relationship": "Outer",
              "Parallel Aware": false,
              "Startup Cost": 44649.05,
              "Total Cost": 44649.06,
              "Plan Rows": 1,
              "Plan Width": 8,
              "Actual Startup Time": 147.669,
              "Actual Total Time": 147.67,
              "Actual Rows": 1,
              "Actual Loops": 4,
              "Plans": [
                {
                  "Node Type": "Seq Scan",
                  "Parent Relationship": "Outer",
                  "Parallel Aware": true,
                  "Relation Name": "movie_keyword",
                  "Alias": "mk",
                  "Startup Cost": 0.0,
                  "Total Cost": 42695.65,
                  "Plan Rows": 781360,
                  "Plan Width": 0,
                  "Actual Startup Time": 0.064,
                  "Actual Total Time": 119.228,
                  "Actual Rows": 605934,
                  "Actual Loops": 4,
                  "Filter": "(keyword_id < 5729)",
                  "Rows Removed by Filter": 525049
                }
              ]
            }
          ]
        }
      ]
    },
    "Planning Time": 0.19,
    "Triggers": [],
    "Execution Time": 165.407
  }
]