[
  {
    "Plan": {
      "Node Type": "Aggregate",
      "Strategy": "Plain",
      "Partial Mode": "Finalize",
      "Parallel Aware": false,
      "Startup Cost": 71219.65,
      "Total Cost": 71219.66,
      "Plan Rows": 1,
      "Plan Width": 8,
      "Actual Startup Time": 180.794,
      "Actual Total Time": 194.907,
      "Actual Rows": 1,
      "Actual Loops": 1,
      "Plans": [
        {
          "Node Type": "Gather",
          "Parent Relationship": "Outer",
          "Parallel Aware": false,
          "Startup Cost": 71219.33,
          "Total Cost": 71219.64,
          "Plan Rows": 3,
          "Plan Width": 8,
          "Actual Startup Time": 179.804,
          "Actual Total Time": 194.899,
          "Actual Rows": 4,
          "Actual Loops": 1,
          "Workers Planned": 3,
          "Workers Launched": 3,
          "Single Copy": false,
          "Plans": [
            {
              "Node Type": "Aggregate",
              "Strategy": "Plain",
              "Partial Mode": "Partial",
              "Parent Relationship": "Outer",
              "Parallel Aware": false,
              "Startup Cost": 70219.33,
              "Total Cost": 70219.34,
              "Plan Rows": 1,
              "Plan Width": 8,
              "Actual Startup Time": 174.384,
              "Actual Total Time": 174.388,
              "Actual Rows": 1,
              "Actual Loops": 4,
              "Plans": [
                {
                  "Node Type": "Hash Join",
                  "Parent Relationship": "Outer",
                  "Parallel Aware": true,
                  "Join Type": "Inner",
                  "Startup Cost": 45488.64,
                  "Total Cost": 70217.08,
                  "Plan Rows": 902,
                  "Plan Width": 0,
                  "Actual Startup Time": 145.764,
                  "Actual Total Time": 174.29,
                  "Actual Rows": 642,
                  "Actual Loops": 4,
                  "Inner Unique": true,
                  "Hash Cond": "(mk.movie_id = t.id)",
                  "Plans": [
                    {
                      "Node Type": "Bitmap Heap Scan",
                      "Parent Relationship": "Outer",
                      "Parallel Aware": true,
                      "Relation Name": "movie_keyword",
                      "Alias": "mk",
                      "Startup Cost": 1196.35,
                      "Total Cost": 25877.16,
                      "Plan Rows": 18145,
                      "Plan Width": 4,
                      "Actual Startup Time": 34.457,
                      "Actual Total Time": 57.07,
                      "Actual Rows": 14612,
                      "Actual Loops": 4,
                      "Recheck Cond": "(keyword_id = 16264)",
                      "Rows Removed by Index Recheck": 0,
                      "Exact Heap Blocks": 6570,
                      "Lossy Heap Blocks": 0,
                      "Plans": [
                        {
                          "Node Type": "Bitmap Index Scan",
                          "Parent Relationship": "Outer",
                          "Parallel Aware": false,
                          "Index Name": "keyword_id_movie_keyword",
                          "Startup Cost": 0.0,
                          "Total Cost": 1182.29,
                          "Plan Rows": 56248,
                          "Plan Width": 0,
                          "Actual Startup Time": 32.697,
                          "Actual Total Time": 32.697,
                          "Actual Rows": 58448,
                          "Actual Loops": 1,
                          "Index Cond": "(keyword_id = 16264)"
                        }
                      ]
                    },
                    {
                      "Node Type": "Hash",
                      "Parent Relationship": "Inner",
                      "Parallel Aware": true,
                      "Startup Cost": 43899.32,
                      "Total Cost": 43899.32,
                      "Plan Rows": 31437,
                      "Plan Width": 4,
                      "Actual Startup Time": 109.262,
                      "Actual Total Time": 109.263,
                      "Actual Rows": 32174,
                      "Actual Loops": 4,
                      "Hash Buckets": 131072,
                      "Original Hash Buckets": 131072,
                      "Hash Batches": 1,
                      "Original Hash Batches": 1,
                      "Peak Memory Usage": 6112,
                      "Plans": [
                        {
                          "Node Type": "Seq Scan",
                          "Parent Relationship": "Outer",
                          "Parallel Aware": true,
                          "Relation Name": "title",
                          "Alias": "t",
                          "Startup Cost": 0.0,
                          "Total Cost": 43899.32,
                          "Plan Rows": 31437,
                          "Plan Width": 4,
                          "Actual Startup Time": 0.032,
                          "Actual Total Time": 96.957,
                          "Actual Rows": 32174,
                          "Actual Loops": 4,
                          "Filter": "(production_year = 2009)",
                          "Rows Removed by Filter": 599904
                        }
                      ]
                    }
                  ]
                }
              ]
            }
          ]
        }
      ]
    },
    "Planning Time": 0.624,
    "Triggers": [],
    "Execution Time": 195.004
  }
]