[
    {
        "Bao": {
            "Bao prediction": 486.878,
            "Bao recommended hint": "(no hint)"
        }
    },
    {
        "Plan": {
            "Node Type": "Aggregate",
            "Strategy": "Plain",
            "Partial Mode": "Finalize",
            "Parallel Aware": false,
            "Startup Cost": 349073.19,
            "Total Cost": 349073.2,
            "Plan Rows": 1,
            "Plan Width": 8,
            "Actual Startup Time": 821.44,
            "Actual Total Time": 853.817,
            "Actual Rows": 1,
            "Actual Loops": 1,
            "Output": [
                "count(*)"
            ],
            "Plans": [
                {
                    "Node Type": "Gather",
                    "Parent Relationship": "Outer",
                    "Parallel Aware": false,
                    "Startup Cost": 349072.57,
                    "Total Cost": 349073.18,
                    "Plan Rows": 6,
                    "Plan Width": 8,
                    "Actual Startup Time": 821.339,
                    "Actual Total Time": 853.808,
                    "Actual Rows": 7,
                    "Actual Loops": 1,
                    "Output": [
                        "(PARTIAL count(*))"
                    ],
                    "Workers Planned": 6,
                    "Workers Launched": 6,
                    "Single Copy": false,
                    "Plans": [
                        {
                            "Node Type": "Aggregate",
                            "Strategy": "Plain",
                            "Partial Mode": "Partial",
                            "Parent Relationship": "Outer",
                            "Parallel Aware": false,
                            "Startup Cost": 348072.57,
                            "Total Cost": 348072.58,
                            "Plan Rows": 1,
                            "Plan Width": 8,
                            "Actual Startup Time": 812.78,
                            "Actual Total Time": 812.781,
                            "Actual Rows": 1,
                            "Actual Loops": 7,
                            "Output": [
                                "PARTIAL count(*)"
                            ],
                            "Workers": [
                                {
                                    "Worker Number": 0,
                                    "Actual Startup Time": 813.523,
                                    "Actual Total Time": 813.524,
                                    "Actual Rows": 1,
                                    "Actual Loops": 1
                                },
                                {
                                    "Worker Number": 1,
                                    "Actual Startup Time": 810.524,
                                    "Actual Total Time": 810.525,
                                    "Actual Rows": 1,
                                    "Actual Loops": 1
                                },
                                {
                                    "Worker Number": 2,
                                    "Actual Startup Time": 810.803,
                                    "Actual Total Time": 810.805,
                                    "Actual Rows": 1,
                                    "Actual Loops": 1
                                },
                                {
                                    "Worker Number": 3,
                                    "Actual Startup Time": 810.964,
                                    "Actual Total Time": 810.965,
                                    "Actual Rows": 1,
                                    "Actual Loops": 1
                                },
                                {
                                    "Worker Number": 4,
                                    "Actual Startup Time": 811.076,
                                    "Actual Total Time": 811.077,
                                    "Actual Rows": 1,
                                    "Actual Loops": 1
                                },
                                {
                                    "Worker Number": 5,
                                    "Actual Startup Time": 811.698,
                                    "Actual Total Time": 811.699,
                                    "Actual Rows": 1,
                                    "Actual Loops": 1
                                }
                            ],
                            "Plans": [
                                {
                                    "Node Type": "Seq Scan",
                                    "Parent Relationship": "Outer",
                                    "Parallel Aware": true,
                                    "Relation Name": "cast_info",
                                    "Schema": "public",
                                    "Alias": "ci",
                                    "Startup Cost": 0.0,
                                    "Total Cost": 343318.94,
                                    "Plan Rows": 1901451,
                                    "Plan Width": 0,
                                    "Actual Startup Time": 278.643,
                                    "Actual Total Time": 768.195,
                                    "Actual Rows": 698387,
                                    "Actual Loops": 7,
                                    "Output": [
                                        "id",
                                        "person_id",
                                        "movie_id",
                                        "person_role_id",
                                        "note",
                                        "nr_order",
                                        "role_id"
                                    ],
                                    "Filter": "((ci.person_id < 1731979) AND (ci.role_id > 1))",
                                    "Rows Removed by Filter": 4479376,
                                    "Workers": [
                                        {
                                            "Worker Number": 0,
                                            "Actual Startup Time": 284.597,
                                            "Actual Total Time": 769.883,
                                            "Actual Rows": 613657,
                                            "Actual Loops": 1
                                        },
                                        {
                                            "Worker Number": 1,
                                            "Actual Startup Time": 273.705,
                                            "Actual Total Time": 767.406,
                                            "Actual Rows": 624398,
                                            "Actual Loops": 1
                                        },
                                        {
                                            "Worker Number": 2,
                                            "Actual Startup Time": 274.291,
                                            "Actual Total Time": 767.761,
                                            "Actual Rows": 629851,
                                            "Actual Loops": 1
                                        },
                                        {
                                            "Worker Number": 3,
                                            "Actual Startup Time": 273.93,
                                            "Actual Total Time": 766.732,
                                            "Actual Rows": 646500,
                                            "Actual Loops": 1
                                        },
                                        {
                                            "Worker Number": 4,
                                            "Actual Startup Time": 281.783,
                                            "Actual Total Time": 768.197,
                                            "Actual Rows": 627512,
                                            "Actual Loops": 1
                                        },
                                        {
                                            "Worker Number": 5,
                                            "Actual Startup Time": 276.56,
                                            "Actual Total Time": 768.075,
                                            "Actual Rows": 639132,
                                            "Actual Loops": 1
                                        }
                                    ]
                                }
                            ]
                        }
                    ]
                }
            ]
        },
        "Planning Time": 702.418,
        "Triggers": [],
        "Execution Time": 853.894
    }
]