[
  {
    "Plan": {
      "Node Type": "Aggregate",
      "Strategy": "Plain",
      "Partial Mode": "Finalize",
      "Parallel Aware": false,
      "Startup Cost": 44736.76,
      "Total Cost": 44736.77,
      "Plan Rows": 1,
      "Plan Width": 8,
      "Actual Startup Time": 113.602,
      "Actual Total Time": 120.796,
      "Actual Rows": 1,
      "Actual Loops": 1,
      "Plans": [
        {
          "Node Type": "Gather",
          "Parent Relationship": "Outer",
          "Parallel Aware": false,
          "Startup Cost": 44736.45,
          "Total Cost": 44736.76,
          "Plan Rows": 3,
          "Plan Width": 8,
          "Actual Startup Time": 113.342,
          "Actual Total Time": 120.787,
          "Actual Rows": 4,
          "Actual Loops": 1,
          "Workers Planned": 3,
          "Workers Launched": 3,
          "Single Copy": false,
          "Plans": [
            {
              "Node Type": "Aggregate",
              "Strategy": "Plain",
              "Partial Mode": "Partial",
              "Parent Relationship": "Outer",
              "Parallel Aware": false,
              "Startup Cost": 43736.45,
              "Total Cost": 43736.46,
              "Plan Rows": 1,
              "Plan Width": 8,
              "Actual Startup Time": 110.137,
              "Actual Total Time": 110.138,
              "Actual Rows": 1,
              "Actual Loops": 4,
              "Plans": [
                {
                  "Node Type": "Seq Scan",
                  "Parent Relationship": "Outer",
                  "Parallel Aware": true,
                  "Relation Name": "movie_keyword",
                  "Alias": "mk",
                  "Startup Cost": 0.0,
                  "Total Cost": 42695.65,
                  "Plan Rows": 416317,
                  "Plan Width": 0,
                  "Actual Startup Time": 0.024,
                  "Actual Total Time": 94.478,
                  "Actual Rows": 323557,
                  "Actual Loops": 4,
                  "Filter": "(keyword_id < 1681)",
                  "Rows Removed by Filter": 807426
                }
              ]
            }
          ]
        }
      ]
    },
    "Planning Time": 0.162,
    "Triggers": [],
    "Execution Time": 120.842
  }
]