[
  {
    "Plan": {
      "Node Type": "Aggregate",
      "Strategy": "Plain",
      "Partial Mode": "Finalize",
      "Parallel Aware": false,
      "Startup Cost": 30918.08,
      "Total Cost": 30918.09,
      "Plan Rows": 1,
      "Plan Width": 8,
      "Actual Startup Time": 98.391,
      "Actual Total Time": 103.943,
      "Actual Rows": 1,
      "Actual Loops": 1,
      "Plans": [
        {
          "Node Type": "Gather",
          "Parent Relationship": "Outer",
          "Parallel Aware": false,
          "Startup Cost": 30917.76,
          "Total Cost": 30918.07,
          "Plan Rows": 3,
          "Plan Width": 8,
          "Actual Startup Time": 98.242,
          "Actual Total Time": 103.932,
          "Actual Rows": 4,
          "Actual Loops": 1,
          "Workers Planned": 3,
          "Workers Launched": 3,
          "Single Copy": false,
          "Plans": [
            {
              "Node Type": "Aggregate",
              "Strategy": "Plain",
              "Partial Mode": "Partial",
              "Parent Relationship": "Outer",
              "Parallel Aware": false,
              "Startup Cost": 29917.76,
              "Total Cost": 29917.77,
              "Plan Rows": 1,
              "Plan Width": 8,
              "Actual Startup Time": 92.945,
              "Actual Total Time": 92.947,
              "Actual Rows": 1,
              "Actual Loops": 4,
              "Plans": [
                {
                  "Node Type": "Seq Scan",
                  "Parent Relationship": "Outer",
                  "Parallel Aware": true,
                  "Relation Name": "movie_companies",
                  "Alias": "mc",
                  "Startup Cost": 0.0,
                  "Total Cost": 29310.68,
                  "Plan Rows": 242832,
                  "Plan Width": 0,
                  "Actual Startup Time": 23.799,
                  "Actual Total Time": 82.808,
                  "Actual Rows": 186661,
                  "Actual Loops": 4,
                  "Filter": "(company_id > 37602)",
                  "Rows Removed by Filter": 465621
                }
              ]
            }
          ]
        }
      ]
    },
    "Planning Time": 0.111,
    "Triggers": [],
    "Execution Time": 103.979
  }
]