[
  {
    "Plan": {
      "Node Type": "Aggregate",
      "Strategy": "Plain",
      "Partial Mode": "Finalize",
      "Parallel Aware": false,
      "Startup Cost": 26761.24,
      "Total Cost": 26761.25,
      "Plan Rows": 1,
      "Plan Width": 8,
      "Actual Startup Time": 73.158,
      "Actual Total Time": 78.517,
      "Actual Rows": 1,
      "Actual Loops": 1,
      "Plans": [
        {
          "Node Type": "Gather",
          "Parent Relationship": "Outer",
          "Parallel Aware": false,
          "Startup Cost": 26760.82,
          "Total Cost": 26761.23,
          "Plan Rows": 4,
          "Plan Width": 8,
          "Actual Startup Time": 73.01,
          "Actual Total Time": 78.509,
          "Actual Rows": 5,
          "Actual Loops": 1,
          "Workers Planned": 4,
          "Workers Launched": 4,
          "Single Copy": false,
          "Plans": [
            {
              "Node Type": "Aggregate",
              "Strategy": "Plain",
              "Partial Mode": "Partial",
              "Parent Relationship": "Outer",
              "Parallel Aware": false,
              "Startup Cost": 25760.82,
              "Total Cost": 25760.83,
              "Plan Rows": 1,
              "Plan Width": 8,
              "Actual Startup Time": 63.356,
              "Actual Total Time": 63.357,
              "Actual Rows": 1,
              "Actual Loops": 5,
              "Plans": [
                {
                  "Node Type": "Index Scan",
                  "Parent Relationship": "Outer",
                  "Parallel Aware": true,
                  "Scan Direction": "Forward",
                  "Index Name": "role_id_cast_info",
                  "Relation Name": "cast_info",
                  "Alias": "ci",
                  "Startup Cost": 0.56,
                  "Total Cost": 25284.63,
                  "Plan Rows": 190478,
                  "Plan Width": 0,
                  "Actual Startup Time": 0.209,
                  "Actual Total Time": 52.861,
                  "Actual Rows": 164457,
                  "Actual Loops": 5,
                  "Index Cond": "(role_id = 5)",
                  "Rows Removed by Index Recheck": 0,
                  "Filter": "(person_id > 570828)",
                  "Rows Removed by Filter": 15220
                }
              ]
            }
          ]
        }
      ]
    },
    "Planning Time": 0.206,
    "Triggers": [],
    "Execution Time": 78.574
  }
]