[
  {
    "Plan": {
      "Node Type": "Aggregate",
      "Strategy": "Plain",
      "Partial Mode": "Finalize",
      "Parallel Aware": false,
      "Startup Cost": 29182.23,
      "Total Cost": 29182.24,
      "Plan Rows": 1,
      "Plan Width": 8,
      "Actual Startup Time": 82.785,
      "Actual Total Time": 89.771,
      "Actual Rows": 1,
      "Actual Loops": 1,
      "Plans": [
        {
          "Node Type": "Gather",
          "Parent Relationship": "Outer",
          "Parallel Aware": false,
          "Startup Cost": 29181.91,
          "Total Cost": 29182.22,
          "Plan Rows": 3,
          "Plan Width": 8,
          "Actual Startup Time": 82.5,
          "Actual Total Time": 89.764,
          "Actual Rows": 4,
          "Actual Loops": 1,
          "Workers Planned": 3,
          "Workers Launched": 3,
          "Single Copy": false,
          "Plans": [
            {
              "Node Type": "Aggregate",
              "Strategy": "Plain",
              "Partial Mode": "Partial",
              "Parent Relationship": "Outer",
              "Parallel Aware": false,
              "Startup Cost": 28181.91,
              "Total Cost": 28181.92,
              "Plan Rows": 1,
              "Plan Width": 8,
              "Actual Startup Time": 75.402,
              "Actual Total Time": 75.403,
              "Actual Rows": 1,
              "Actual Loops": 4,
              "Plans": [
                {
                  "Node Type": "Bitmap Heap Scan",
                  "Parent Relationship": "Outer",
                  "Parallel Aware": true,
                  "Relation Name": "movie_keyword",
                  "Alias": "mk",
                  "Startup Cost": 3036.25,
                  "Total Cost": 28066.64,
                  "Plan Rows": 46111,
                  "Plan Width": 0,
                  "Actual Startup Time": 25.617,
                  "Actual Total Time": 72.655,
                  "Actual Rows": 35200,
                  "Actual Loops": 4,
                  "Recheck Cond": "(keyword_id > 74924)",
                  "Rows Removed by Index Recheck": 0,
                  "Exact Heap Blocks": 11436,
                  "Lossy Heap Blocks": 0,
                  "Plans": [
                    {
                      "Node Type": "Bitmap Index Scan",
                      "Parent Relationship": "Outer",
                      "Parallel Aware": false,
                      "Index Name": "keyword_id_movie_keyword",
                      "Startup Cost": 0.0,
                      "Total Cost": 3000.51,
                      "Plan Rows": 142944,
                      "Plan Width": 0,
                      "Actual Startup Time": 26.809,
                      "Actual Total Time": 26.81,
                      "Actual Rows": 140798,
                      "Actual Loops": 1,
                      "Index Cond": "(keyword_id > 74924)"
                    }
                  ]
                }
              ]
            }
          ]
        }
      ]
    },
    "Planning Time": 0.177,
    "Triggers": [],
    "Execution Time": 89.842
  }
]