[
  {
    "Plan": {
      "Node Type": "Aggregate",
      "Strategy": "Plain",
      "Partial Mode": "Finalize",
      "Parallel Aware": false,
      "Startup Cost": 78888.99,
      "Total Cost": 78889.0,
      "Plan Rows": 1,
      "Plan Width": 8,
      "Actual Startup Time": 371.223,
      "Actual Total Time": 385.834,
      "Actual Rows": 1,
      "Actual Loops": 1,
      "Plans": [
        {
          "Node Type": "Gather",
          "Parent Relationship": "Outer",
          "Parallel Aware": false,
          "Startup Cost": 78888.67,
          "Total Cost": 78888.98,
          "Plan Rows": 3,
          "Plan Width": 8,
          "Actual Startup Time": 360.936,
          "Actual Total Time": 385.82,
          "Actual Rows": 4,
          "Actual Loops": 1,
          "Workers Planned": 3,
          "Workers Launched": 3,
          "Single Copy": false,
          "Plans": [
            {
              "Node Type": "Aggregate",
              "Strategy": "Plain",
              "Partial Mode": "Partial",
              "Parent Relationship": "Outer",
              "Parallel Aware": false,
              "Startup Cost": 77888.67,
              "Total Cost": 77888.68,
              "Plan Rows": 1,
              "Plan Width": 8,
              "Actual Startup Time": 353.193,
              "Actual Total Time": 353.197,
              "Actual Rows": 1,
              "Actual Loops": 4,
              "Plans": [
                {
                  "Node Type": "Hash Join",
                  "Parent Relationship": "Outer",
                  "Parallel Aware": true,
                  "Join Type": "Inner",
                  "Startup Cost": 57442.37,
                  "Total Cost": 77806.34,
                  "Plan Rows": 32935,
                  "Plan Width": 0,
                  "Actual Startup Time": 284.633,
                  "Actual Total Time": 350.749,
                  "Actual Rows": 49948,
                  "Actual Loops": 4,
                  "Inner Unique": true,
                  "Hash Cond": "(mc.movie_id = t.id)",
                  "Plans": [
                    {
                      "Node Type": "Bitmap Heap Scan",
                      "Parent Relationship": "Outer",
                      "Parallel Aware": true,
                      "Relation Name": "movie_companies",
                      "Alias": "mc",
                      "Startup Cost": 6456.41,
                      "Total Cost": 26696.31,
                      "Plan Rows": 47261,
                      "Plan Width": 4,
                      "Actual Startup Time": 15.335,
                      "Actual Total Time": 50.043,
                      "Actual Rows": 56096,
                      "Actual Loops": 4,
                      "Recheck Cond": "(company_id < 160)",
                      "Rows Removed by Index Recheck": 0,
                      "Filter": "(company_type_id < 2)",
                      "Rows Removed by Filter": 17123,
                      "Exact Heap Blocks": 6427,
                      "Lossy Heap Blocks": 0,
                      "Plans": [
                        {
                          "Node Type": "Bitmap Index Scan",
                          "Parent Relationship": "Outer",
                          "Parallel Aware": false,
                          "Index Name": "company_id_movie_companies",
                          "Startup Cost": 0.0,
                          "Total Cost": 6419.78,
                          "Plan Rows": 299647,
                          "Plan Width": 0,
                          "Actual Startup Time": 12.618,
                          "Actual Total Time": 12.619,
                          "Actual Rows": 292877,
                          "Actual Loops": 1,
                          "Index Cond": "(company_id < 160)"
                        }
                      ]
                    },
                    {
                      "Node Type": "Hash",
                      "Parent Relationship": "Inner",
                      "Parallel Aware": true,
                      "Startup Cost": 45479.59,
                      "Total Cost": 45479.59,
                      "Plan Rows": 440510,
                      "Plan Width": 4,
                      "Actual Startup Time": 264.309,
                      "Actual Total Time": 264.311,
                      "Actual Rows": 438646,
                      "Actual Loops": 4,
                      "Hash Buckets": 2097152,
                      "Original Hash Buckets": 2097152,
                      "Hash Batches": 1,
                      "Original Hash Batches": 1,
                      "Peak Memory Usage": 85088,
                      "Plans": [
                        {
                          "Node Type": "Seq Scan",
                          "Parent Relationship": "Outer",
                          "Parallel Aware": true,
                          "Relation Name": "title",
                          "Alias": "t",
                          "Startup Cost": 0.0,
                          "Total Cost": 45479.59,
                          "Plan Rows": 440510,
                          "Plan Width": 4,
                          "Actual Startup Time": 0.024,
                          "Actual Total Time": 111.338,
                          "Actual Rows": 438646,
                          "Actual Loops": 4,
                          "Filter": "((kind_id > 1) AND (production_year < 2013))",
                          "Rows Removed by Filter": 193432
                        }
                      ]
                    }
                  ]
                }
              ]
            }
          ]
        }
      ]
    },
    "Planning Time": 0.281,
    "Triggers": [],
    "Execution Time": 385.879
  }
]