[
    {
        "Bao": {
            "Bao prediction": "NaN",
            "Bao recommended hint": "(no hint)"
        }
    },
    {
        "Plan": {
            "Node Type": "Aggregate",
            "Strategy": "Plain",
            "Partial Mode": "Finalize",
            "Parallel Aware": false,
            "Startup Cost": 331886.07,
            "Total Cost": 331886.08,
            "Plan Rows": 1,
            "Plan Width": 8,
            "Actual Startup Time": 573.8,
            "Actual Total Time": 601.537,
            "Actual Rows": 1,
            "Actual Loops": 1,
            "Output": [
                "count(*)"
            ],
            "Plans": [
                {
                    "Node Type": "Gather",
                    "Parent Relationship": "Outer",
                    "Parallel Aware": false,
                    "Startup Cost": 331885.45,
                    "Total Cost": 331886.06,
                    "Plan Rows": 6,
                    "Plan Width": 8,
                    "Actual Startup Time": 573.706,
                    "Actual Total Time": 601.528,
                    "Actual Rows": 7,
                    "Actual Loops": 1,
                    "Output": [
                        "(PARTIAL count(*))"
                    ],
                    "Workers Planned": 6,
                    "Workers Launched": 6,
                    "Single Copy": false,
                    "Plans": [
                        {
                            "Node Type": "Aggregate",
                            "Strategy": "Plain",
                            "Partial Mode": "Partial",
                            "Parent Relationship": "Outer",
                            "Parallel Aware": false,
                            "Startup Cost": 330885.45,
                            "Total Cost": 330885.46,
                            "Plan Rows": 1,
                            "Plan Width": 8,
                            "Actual Startup Time": 563.754,
                            "Actual Total Time": 563.755,
                            "Actual Rows": 1,
                            "Actual Loops": 7,
                            "Output": [
                                "PARTIAL count(*)"
                            ],
                            "Workers": [
                                {
                                    "Worker Number": 0,
                                    "Actual Startup Time": 561.675,
                                    "Actual Total Time": 561.677,
                                    "Actual Rows": 1,
                                    "Actual Loops": 1
                                },
                                {
                                    "Worker Number": 1,
                                    "Actual Startup Time": 561.755,
                                    "Actual Total Time": 561.756,
                                    "Actual Rows": 1,
                                    "Actual Loops": 1
                                },
                                {
                                    "Worker Number": 2,
                                    "Actual Startup Time": 562.25,
                                    "Actual Total Time": 562.251,
                                    "Actual Rows": 1,
                                    "Actual Loops": 1
                                },
                                {
                                    "Worker Number": 3,
                                    "Actual Startup Time": 562.111,
                                    "Actual Total Time": 562.112,
                                    "Actual Rows": 1,
                                    "Actual Loops": 1
                                },
                                {
                                    "Worker Number": 4,
                                    "Actual Startup Time": 562.095,
                                    "Actual Total Time": 562.095,
                                    "Actual Rows": 1,
                                    "Actual Loops": 1
                                },
                                {
                                    "Worker Number": 5,
                                    "Actual Startup Time": 563.253,
                                    "Actual Total Time": 563.254,
                                    "Actual Rows": 1,
                                    "Actual Loops": 1
                                }
                            ],
                            "Plans": [
                                {
                                    "Node Type": "Seq Scan",
                                    "Parent Relationship": "Outer",
                                    "Parallel Aware": true,
                                    "Relation Name": "cast_info",
                                    "Schema": "public",
                                    "Alias": "ci",
                                    "Startup Cost": 0.0,
                                    "Total Cost": 328213.62,
                                    "Plan Rows": 1068733,
                                    "Plan Width": 0,
                                    "Actual Startup Time": 328.846,
                                    "Actual Total Time": 521.639,
                                    "Actual Rows": 910635,
                                    "Actual Loops": 7,
                                    "Output": [
                                        "id",
                                        "person_id",
                                        "movie_id",
                                        "person_role_id",
                                        "note",
                                        "nr_order",
                                        "role_id"
                                    ],
                                    "Filter": "(ci.person_id > 3016607)",
                                    "Rows Removed by Filter": 4267128,
                                    "Workers": [
                                        {
                                            "Worker Number": 0,
                                            "Actual Startup Time": 326.778,
                                            "Actual Total Time": 518.691,
                                            "Actual Rows": 642283,
                                            "Actual Loops": 1
                                        },
                                        {
                                            "Worker Number": 1,
                                            "Actual Startup Time": 326.844,
                                            "Actual Total Time": 520.511,
                                            "Actual Rows": 943546,
                                            "Actual Loops": 1
                                        },
                                        {
                                            "Worker Number": 2,
                                            "Actual Startup Time": 327.334,
                                            "Actual Total Time": 522.968,
                                            "Actual Rows": 958300,
                                            "Actual Loops": 1
                                        },
                                        {
                                            "Worker Number": 3,
                                            "Actual Startup Time": 327.211,
                                            "Actual Total Time": 519.378,
                                            "Actual Rows": 638087,
                                            "Actual Loops": 1
                                        },
                                        {
                                            "Worker Number": 4,
                                            "Actual Startup Time": 327.189,
                                            "Actual Total Time": 520.954,
                                            "Actual Rows": 944745,
                                            "Actual Loops": 1
                                        },
                                        {
                                            "Worker Number": 5,
                                            "Actual Startup Time": 328.348,
                                            "Actual Total Time": 523.955,
                                            "Actual Rows": 958481,
                                            "Actual Loops": 1
                                        }
                                    ]
                                }
                            ]
                        }
                    ]
                }
            ]
        },
        "Planning Time": 186.608,
        "Triggers": [],
        "Execution Time": 601.624
    }
]