{
  "Plan": {
    "Node Type": "Aggregate",
    "Strategy": "Plain",
    "Partial Mode": "Finalize",
    "Parallel Aware": false,
    "Startup Cost": 331385.06,
    "Total Cost": 331385.07,
    "Plan Rows": 1,
    "Plan Width": 8,
    "Actual Startup Time": 1347.519,
    "Actual Total Time": 1388.789,
    "Actual Rows": 1,
    "Actual Loops": 1,
    "Plans": [
      {
        "Node Type": "Gather",
        "Parent Relationship": "Outer",
        "Parallel Aware": false,
        "Startup Cost": 331384.95,
        "Total Cost": 331385.06,
        "Plan Rows": 1,
        "Plan Width": 8,
        "Actual Startup Time": 1347.261,
        "Actual Total Time": 1388.778,
        "Actual Rows": 2,
        "Actual Loops": 1,
        "Workers Planned": 1,
        "Workers Launched": 1,
        "Single Copy": false,
        "Plans": [
          {
            "Node Type": "Aggregate",
            "Strategy": "Plain",
            "Partial Mode": "Partial",
            "Parent Relationship": "Outer",
            "Parallel Aware": false,
            "Startup Cost": 330384.95,
            "Total Cost": 330384.96,
            "Plan Rows": 1,
            "Plan Width": 8,
            "Actual Startup Time": 1341.508,
            "Actual Total Time": 1341.512,
            "Actual Rows": 1,
            "Actual Loops": 2,
            "Plans": [
              {
                "Node Type": "Hash Join",
                "Parent Relationship": "Outer",
                "Parallel Aware": true,
                "Join Type": "Inner",
                "Startup Cost": 58442.44,
                "Total Cost": 330225.93,
                "Plan Rows": 63608,
                "Plan Width": 0,
                "Actual Startup Time": 145.683,
                "Actual Total Time": 1337.642,
                "Actual Rows": 79582,
                "Actual Loops": 2,
                "Inner Unique": true,
                "Hash Cond": "(mi.movie_id = t.id)",
                "Plans": [
                  {
                    "Node Type": "Seq Scan",
                    "Parent Relationship": "Outer",
                    "Parallel Aware": true,
                    "Relation Name": "movie_info",
                    "Alias": "mi",
                    "Startup Cost": 0.0,
                    "Total Cost": 248955.74,
                    "Plan Rows": 8696274,
                    "Plan Width": 4,
                    "Actual Startup Time": 0.009,
                    "Actual Total Time": 638.516,
                    "Actual Rows": 7417860,
                    "Actual Loops": 2
                  },
                  {
                    "Node Type": "Hash",
                    "Parent Relationship": "Inner",
                    "Parallel Aware": true,
                    "Startup Cost": 58306.47,
                    "Total Cost": 58306.47,
                    "Plan Rows": 10878,
                    "Plan Width": 4,
                    "Actual Startup Time": 143.659,
                    "Actual Total Time": 143.66,
                    "Actual Rows": 6140,
                    "Actual Loops": 2,
                    "Hash Buckets": 32768,
                    "Original Hash Buckets": 32768,
                    "Hash Batches": 1,
                    "Original Hash Batches": 1,
                    "Peak Memory Usage": 768,
                    "Plans": [
                      {
                        "Node Type": "Seq Scan",
                        "Parent Relationship": "Outer",
                        "Parallel Aware": true,
                        "Relation Name": "title",
                        "Alias": "t",
                        "Startup Cost": 0.0,
                        "Total Cost": 58306.47,
                        "Plan Rows": 10878,
                        "Plan Width": 4,
                        "Actual Startup Time": 0.175,
                        "Actual Total Time": 141.238,
                        "Actual Rows": 6140,
                        "Actual Loops": 2,
                        "Filter": "((kind_id < 4) AND (production_year = 1999))",
                        "Rows Removed by Filter": 1258016
                      }
                    ]
                  }
                ]
              }
            ]
          }
        ]
      }
    ]
  },
  "Planning Time": 0.446,
  "Triggers": [],
  "Execution Time": 1388.866
}