[
  {
    "Plan": {
      "Node Type": "Aggregate",
      "Strategy": "Plain",
      "Partial Mode": "Finalize",
      "Parallel Aware": false,
      "Startup Cost": 594909.58,
      "Total Cost": 594909.59,
      "Plan Rows": 1,
      "Plan Width": 8,
      "Actual Startup Time": 2830.034,
      "Actual Total Time": 2881.095,
      "Actual Rows": 1,
      "Actual Loops": 1,
      "Plans": [
        {
          "Node Type": "Gather",
          "Parent Relationship": "Outer",
          "Parallel Aware": false,
          "Startup Cost": 594909.06,
          "Total Cost": 594909.57,
          "Plan Rows": 5,
          "Plan Width": 8,
          "Actual Startup Time": 2814.93,
          "Actual Total Time": 2881.085,
          "Actual Rows": 6,
          "Actual Loops": 1,
          "Workers Planned": 5,
          "Workers Launched": 5,
          "Single Copy": false,
          "Plans": [
            {
              "Node Type": "Aggregate",
              "Strategy": "Plain",
              "Partial Mode": "Partial",
              "Parent Relationship": "Outer",
              "Parallel Aware": false,
              "Startup Cost": 593909.06,
              "Total Cost": 593909.07,
              "Plan Rows": 1,
              "Plan Width": 8,
              "Actual Startup Time": 2807.292,
              "Actual Total Time": 2807.344,
              "Actual Rows": 1,
              "Actual Loops": 6,
              "Plans": [
                {
                  "Node Type": "Hash Join",
                  "Parent Relationship": "Outer",
                  "Parallel Aware": true,
                  "Join Type": "Inner",
                  "Startup Cost": 383585.51,
                  "Total Cost": 589256.64,
                  "Plan Rows": 1860969,
                  "Plan Width": 0,
                  "Actual Startup Time": 1158.789,
                  "Actual Total Time": 2531.349,
                  "Actual Rows": 6481846,
                  "Actual Loops": 6,
                  "Inner Unique": false,
                  "Hash Cond": "(mi.movie_id = t.id)",
                  "Plans": [
                    {
                      "Node Type": "Seq Scan",
                      "Parent Relationship": "Outer",
                      "Parallel Aware": true,
                      "Relation Name": "movie_info",
                      "Alias": "mi",
                      "Startup Cost": 0.0,
                      "Total Cost": 191503.19,
                      "Plan Rows": 2951019,
                      "Plan Width": 4,
                      "Actual Startup Time": 0.025,
                      "Actual Total Time": 268.442,
                      "Actual Rows": 2472620,
                      "Actual Loops": 6
                    },
                    {
                      "Node Type": "Hash",
                      "Parent Relationship": "Inner",
                      "Parallel Aware": true,
                      "Startup Cost": 380263.82,
                      "Total Cost": 380263.82,
                      "Plan Rows": 265735,
                      "Plan Width": 8,
                      "Actual Startup Time": 1139.509,
                      "Actual Total Time": 1139.56,
                      "Actual Rows": 219525,
                      "Actual Loops": 6,
                      "Hash Buckets": 2097152,
                      "Original Hash Buckets": 2097152,
                      "Hash Batches": 1,
                      "Original Hash Batches": 1,
                      "Peak Memory Usage": 68000,
                      "Plans": [
                        {
                          "Node Type": "Hash Join",
                          "Parent Relationship": "Outer",
                          "Parallel Aware": true,
                          "Join Type": "Inner",
                          "Startup Cost": 46466.21,
                          "Total Cost": 380263.82,
                          "Plan Rows": 265735,
                          "Plan Width": 8,
                          "Actual Startup Time": 92.435,
                          "Actual Total Time": 1056.178,
                          "Actual Rows": 219525,
                          "Actual Loops": 6,
                          "Inner Unique": true,
                          "Hash Cond": "(ci.movie_id = t.id)",
                          "Plans": [
                            {
                              "Node Type": "Seq Scan",
                              "Parent Relationship": "Outer",
                              "Parallel Aware": true,
                              "Relation Name": "cast_info",
                              "Alias": "ci",
                              "Startup Cost": 0.0,
                              "Total Cost": 328213.62,
                              "Plan Rows": 2127232,
                              "Plan Width": 4,
                              "Actual Startup Time": 0.021,
                              "Actual Total Time": 672.977,
                              "Actual Rows": 2111781,
                              "Actual Loops": 6,
                              "Filter": "(role_id = 1)",
                              "Rows Removed by Filter": 3928943
                            },
                            {
                              "Node Type": "Hash",
                              "Parent Relationship": "Inner",
                              "Parallel Aware": true,
                              "Startup Cost": 45479.21,
                              "Total Cost": 45479.21,
                              "Plan Rows": 78960,
                              "Plan Width": 4,
                              "Actual Startup Time": 91.819,
                              "Actual Total Time": 91.82,
                              "Actual Rows": 40798,
                              "Actual Loops": 6,
                              "Hash Buckets": 524288,
                              "Original Hash Buckets": 524288,
                              "Hash Batches": 1,
                              "Original Hash Batches": 1,
                              "Peak Memory Usage": 13792,
                              "Plans": [
                                {
                                  "Node Type": "Seq Scan",
                                  "Parent Relationship": "Outer",
                                  "Parallel Aware": true,
                                  "Relation Name": "title",
                                  "Alias": "t",
                                  "Startup Cost": 0.0,
                                  "Total Cost": 45479.21,
                                  "Plan Rows": 78960,
                                  "Plan Width": 4,
                                  "Actual Startup Time": 38.097,
                                  "Actual Total Time": 74.567,
                                  "Actual Rows": 40798,
                                  "Actual Loops": 6,
                                  "Filter": "((production_year > 2003) AND (kind_id = 1))",
                                  "Rows Removed by Filter": 380587
                                }
                              ]
                            }
                          ]
                        }
                      ]
                    }
                  ]
                }
              ]
            }
          ]
        }
      ]
    },
    "Planning Time": 0.427,
    "Triggers": [],
    "Execution Time": 2881.142
  }
]