{
  "Plan": {
    "Node Type": "Aggregate",
    "Strategy": "Plain",
    "Partial Mode": "Finalize",
    "Parallel Aware": false,
    "Startup Cost": 389402.26,
    "Total Cost": 389402.27,
    "Plan Rows": 1,
    "Plan Width": 8,
    "Actual Startup Time": 1504.467,
    "Actual Total Time": 1528.45,
    "Actual Rows": 1,
    "Actual Loops": 1,
    "Plans": [
      {
        "Node Type": "Gather",
        "Parent Relationship": "Outer",
        "Parallel Aware": false,
        "Startup Cost": 389402.15,
        "Total Cost": 389402.26,
        "Plan Rows": 1,
        "Plan Width": 8,
        "Actual Startup Time": 1498.295,
        "Actual Total Time": 1528.443,
        "Actual Rows": 2,
        "Actual Loops": 1,
        "Workers Planned": 1,
        "Workers Launched": 1,
        "Single Copy": false,
        "Plans": [
          {
            "Node Type": "Aggregate",
            "Strategy": "Plain",
            "Partial Mode": "Partial",
            "Parent Relationship": "Outer",
            "Parallel Aware": false,
            "Startup Cost": 388402.15,
            "Total Cost": 388402.16,
            "Plan Rows": 1,
            "Plan Width": 8,
            "Actual Startup Time": 1491.993,
            "Actual Total Time": 1491.999,
            "Actual Rows": 1,
            "Actual Loops": 2,
            "Plans": [
              {
                "Node Type": "Hash Join",
                "Parent Relationship": "Outer",
                "Parallel Aware": true,
                "Join Type": "Inner",
                "Startup Cost": 250896.03,
                "Total Cost": 387070.57,
                "Plan Rows": 532629,
                "Plan Width": 0,
                "Actual Startup Time": 722.976,
                "Actual Total Time": 1432.348,
                "Actual Rows": 1397344,
                "Actual Loops": 2,
                "Inner Unique": false,
                "Hash Cond": "(ci.movie_id = t.id)",
                "Plans": [
                  {
                    "Node Type": "Index Scan",
                    "Parent Relationship": "Outer",
                    "Parallel Aware": true,
                    "Scan Direction": "Forward",
                    "Index Name": "role_id_cast_info",
                    "Relation Name": "cast_info",
                    "Alias": "ci",
                    "Startup Cost": 0.56,
                    "Total Cost": 124115.52,
                    "Plan Rows": 2380394,
                    "Plan Width": 4,
                    "Actual Startup Time": 0.068,
                    "Actual Total Time": 268.69,
                    "Actual Rows": 2004018,
                    "Actual Loops": 2,
                    "Index Cond": "(role_id = 3)",
                    "Rows Removed by Index Recheck": 0
                  },
                  {
                    "Node Type": "Hash",
                    "Parent Relationship": "Inner",
                    "Parallel Aware": true,
                    "Startup Cost": 246735.74,
                    "Total Cost": 246735.74,
                    "Plan Rows": 332778,
                    "Plan Width": 8,
                    "Actual Startup Time": 714.033,
                    "Actual Total Time": 714.037,
                    "Actual Rows": 271684,
                    "Actual Loops": 2,
                    "Hash Buckets": 1048576,
                    "Original Hash Buckets": 1048576,
                    "Hash Batches": 1,
                    "Original Hash Batches": 1,
                    "Peak Memory Usage": 29504,
                    "Plans": [
                      {
                        "Node Type": "Hash Join",
                        "Parent Relationship": "Outer",
                        "Parallel Aware": true,
                        "Join Type": "Inner",
                        "Startup Cost": 79709.48,
                        "Total Cost": 246735.74,
                        "Plan Rows": 332778,
                        "Plan Width": 8,
                        "Actual Startup Time": 548.463,
                        "Actual Total Time": 658.343,
                        "Actual Rows": 271684,
                        "Actual Loops": 2,
                        "Inner Unique": true,
                        "Hash Cond": "(mi.movie_id = t.id)",
                        "Plans": [
                          {
                            "Node Type": "Bitmap Heap Scan",
                            "Parent Relationship": "Outer",
                            "Parallel Aware": true,
                            "Relation Name": "movie_info",
                            "Alias": "mi",
                            "Startup Cost": 10248.78,
                            "Total Cost": 176401.5,
                            "Plan Rows": 332778,
                            "Plan Width": 4,
                            "Actual Startup Time": 16.27,
                            "Actual Total Time": 45.119,
                            "Actual Rows": 271684,
                            "Actual Loops": 2,
                            "Recheck Cond": "(info_type_id > 98)",
                            "Rows Removed by Index Recheck": 0,
                            "Exact Heap Blocks": 3252,
                            "Lossy Heap Blocks": 0,
                            "Plans": [
                              {
                                "Node Type": "Bitmap Index Scan",
                                "Parent Relationship": "Outer",
                                "Parallel Aware": false,
                                "Index Name": "info_type_id_movie_info",
                                "Startup Cost": 0.0,
                                "Total Cost": 10107.35,
                                "Plan Rows": 565722,
                                "Plan Width": 0,
                                "Actual Startup Time": 15.427,
                                "Actual Total Time": 15.427,
                                "Actual Rows": 543367,
                                "Actual Loops": 1,
                                "Index Cond": "(info_type_id > 98)"
                              }
                            ]
                          },
                          {
                            "Node Type": "Hash",
                            "Parent Relationship": "Inner",
                            "Parallel Aware": true,
                            "Startup Cost": 50870.31,
                            "Total Cost": 50870.31,
                            "Plan Rows": 1487231,
                            "Plan Width": 4,
                            "Actual Startup Time": 516.77,
                            "Actual Total Time": 516.771,
                            "Actual Rows": 1264156,
                            "Actual Loops": 2,
                            "Hash Buckets": 4194304,
                            "Original Hash Buckets": 4194304,
                            "Hash Batches": 1,
                            "Original Hash Batches": 1,
                            "Peak Memory Usage": 131712,
                            "Plans": [
                              {
                                "Node Type": "Seq Scan",
                                "Parent Relationship": "Outer",
                                "Parallel Aware": true,
                                "Relation Name": "title",
                                "Alias": "t",
                                "Startup Cost": 0.0,
                                "Total Cost": 50870.31,
                                "Plan Rows": 1487231,
                                "Plan Width": 4,
                                "Actual Startup Time": 0.028,
                                "Actual Total Time": 151.061,
                                "Actual Rows": 1264156,
                                "Actual Loops": 2
                              }
                            ]
                          }
                        ]
                      }
                    ]
                  }
                ]
              }
            ]
          }
        ]
      }
    ]
  },
  "Planning Time": 1.103,
  "Triggers": [],
  "Execution Time": 1528.556
}