[
  {
    "Plan": {
      "Node Type": "Aggregate",
      "Strategy": "Plain",
      "Partial Mode": "Finalize",
      "Parallel Aware": false,
      "Startup Cost": 125691.71,
      "Total Cost": 125691.72,
      "Plan Rows": 1,
      "Plan Width": 8,
      "Actual Startup Time": 269.049,
      "Actual Total Time": 278.039,
      "Actual Rows": 1,
      "Actual Loops": 1,
      "Plans": [
        {
          "Node Type": "Gather",
          "Parent Relationship": "Outer",
          "Parallel Aware": false,
          "Startup Cost": 125691.39,
          "Total Cost": 125691.7,
          "Plan Rows": 3,
          "Plan Width": 8,
          "Actual Startup Time": 268.825,
          "Actual Total Time": 278.033,
          "Actual Rows": 4,
          "Actual Loops": 1,
          "Workers Planned": 3,
          "Workers Launched": 3,
          "Single Copy": false,
          "Plans": [
            {
              "Node Type": "Aggregate",
              "Strategy": "Plain",
              "Partial Mode": "Partial",
              "Parent Relationship": "Outer",
              "Parallel Aware": false,
              "Startup Cost": 124691.39,
              "Total Cost": 124691.4,
              "Plan Rows": 1,
              "Plan Width": 8,
              "Actual Startup Time": 266.358,
              "Actual Total Time": 266.361,
              "Actual Rows": 1,
              "Actual Loops": 4,
              "Plans": [
                {
                  "Node Type": "Nested Loop",
                  "Parent Relationship": "Outer",
                  "Parallel Aware": false,
                  "Join Type": "Inner",
                  "Startup Cost": 45603.39,
                  "Total Cost": 124643.05,
                  "Plan Rows": 19335,
                  "Plan Width": 0,
                  "Actual Startup Time": 71.436,
                  "Actual Total Time": 265.927,
                  "Actual Rows": 8151,
                  "Actual Loops": 4,
                  "Inner Unique": false,
                  "Join Filter": "(t.id = mi.movie_id)",
                  "Rows Removed by Join Filter": 0,
                  "Plans": [
                    {
                      "Node Type": "Hash Join",
                      "Parent Relationship": "Outer",
                      "Parallel Aware": true,
                      "Join Type": "Inner",
                      "Startup Cost": 45602.96,
                      "Total Cost": 91975.34,
                      "Plan Rows": 21937,
                      "Plan Width": 8,
                      "Actual Startup Time": 71.244,
                      "Actual Total Time": 238.695,
                      "Actual Rows": 5186,
                      "Actual Loops": 4,
                      "Inner Unique": true,
                      "Hash Cond": "(mk.movie_id = t.id)",
                      "Plans": [
                        {
                          "Node Type": "Seq Scan",
                          "Parent Relationship": "Outer",
                          "Parallel Aware": true,
                          "Relation Name": "movie_keyword",
                          "Alias": "mk",
                          "Startup Cost": 0.0,
                          "Total Cost": 42695.65,
                          "Plan Rows": 1400655,
                          "Plan Width": 4,
                          "Actual Startup Time": 0.01,
                          "Actual Total Time": 102.494,
                          "Actual Rows": 1086343,
                          "Actual Loops": 4,
                          "Filter": "(keyword_id < 71710)",
                          "Rows Removed by Filter": 44639
                        },
                        {
                          "Node Type": "Hash",
                          "Parent Relationship": "Inner",
                          "Parallel Aware": true,
                          "Startup Cost": 45479.21,
                          "Total Cost": 45479.21,
                          "Plan Rows": 9900,
                          "Plan Width": 4,
                          "Actual Startup Time": 70.731,
                          "Actual Total Time": 70.732,
                          "Actual Rows": 10963,
                          "Actual Loops": 4,
                          "Hash Buckets": 65536,
                          "Original Hash Buckets": 65536,
                          "Hash Batches": 1,
                          "Original Hash Batches": 1,
                          "Peak Memory Usage": 2304,
                          "Plans": [
                            {
                              "Node Type": "Seq Scan",
                              "Parent Relationship": "Outer",
                              "Parallel Aware": true,
                              "Relation Name": "title",
                              "Alias": "t",
                              "Startup Cost": 0.0,
                              "Total Cost": 45479.21,
                              "Plan Rows": 9900,
                              "Plan Width": 4,
                              "Actual Startup Time": 0.013,
                              "Actual Total Time": 67.122,
                              "Actual Rows": 10963,
                              "Actual Loops": 4,
                              "Filter": "((kind_id = 7) AND (production_year = 2003))",
                              "Rows Removed by Filter": 621115
                            }
                          ]
                        }
                      ]
                    },
                    {
                      "Node Type": "Index Scan",
                      "Parent Relationship": "Inner",
                      "Parallel Aware": false,
                      "Scan Direction": "Forward",
                      "Index Name": "movie_id_movie_info",
                      "Relation Name": "movie_info",
                      "Alias": "mi",
                      "Startup Cost": 0.43,
                      "Total Cost": 1.41,
                      "Plan Rows": 6,
                      "Plan Width": 4,
                      "Actual Startup Time": 0.003,
                      "Actual Total Time": 0.005,
                      "Actual Rows": 2,
                      "Actual Loops": 20743,
                      "Index Cond": "(movie_id = mk.movie_id)",
                      "Rows Removed by Index Recheck": 0,
                      "Filter": "(info_type_id > 16)",
                      "Rows Removed by Filter": 8
                    }
                  ]
                }
              ]
            }
          ]
        }
      ]
    },
    "Planning Time": 0.444,
    "Triggers": [],
    "Execution Time": 278.079
  }
]