[
  {
    "Plan": {
      "Node Type": "Aggregate",
      "Strategy": "Plain",
      "Partial Mode": "Finalize",
      "Parallel Aware": false,
      "Startup Cost": 406571.93,
      "Total Cost": 406571.94,
      "Plan Rows": 1,
      "Plan Width": 8,
      "Actual Startup Time": 1502.559,
      "Actual Total Time": 1533.517,
      "Actual Rows": 1,
      "Actual Loops": 1,
      "Plans": [
        {
          "Node Type": "Gather",
          "Parent Relationship": "Outer",
          "Parallel Aware": false,
          "Startup Cost": 406571.3,
          "Total Cost": 406571.91,
          "Plan Rows": 6,
          "Plan Width": 8,
          "Actual Startup Time": 1497.045,
          "Actual Total Time": 1533.481,
          "Actual Rows": 7,
          "Actual Loops": 1,
          "Workers Planned": 6,
          "Workers Launched": 6,
          "Single Copy": false,
          "Plans": [
            {
              "Node Type": "Aggregate",
              "Strategy": "Plain",
              "Partial Mode": "Partial",
              "Parent Relationship": "Outer",
              "Parallel Aware": false,
              "Startup Cost": 405571.3,
              "Total Cost": 405571.31,
              "Plan Rows": 1,
              "Plan Width": 8,
              "Actual Startup Time": 1491.088,
              "Actual Total Time": 1491.292,
              "Actual Rows": 1,
              "Actual Loops": 7,
              "Plans": [
                {
                  "Node Type": "Hash Join",
                  "Parent Relationship": "Outer",
                  "Parallel Aware": true,
                  "Join Type": "Inner",
                  "Startup Cost": 64563.98,
                  "Total Cost": 403605.91,
                  "Plan Rows": 786157,
                  "Plan Width": 0,
                  "Actual Startup Time": 189.416,
                  "Actual Total Time": 1435.756,
                  "Actual Rows": 1173080,
                  "Actual Loops": 7,
                  "Inner Unique": false,
                  "Hash Cond": "(ci.movie_id = t.id)",
                  "Plans": [
                    {
                      "Node Type": "Seq Scan",
                      "Parent Relationship": "Outer",
                      "Parallel Aware": true,
                      "Relation Name": "cast_info",
                      "Alias": "ci",
                      "Startup Cost": 0.0,
                      "Total Cost": 313108.29,
                      "Plan Rows": 6042129,
                      "Plan Width": 4,
                      "Actual Startup Time": 0.022,
                      "Actual Total Time": 499.942,
                      "Actual Rows": 5177763,
                      "Actual Loops": 7
                    },
                    {
                      "Node Type": "Hash",
                      "Parent Relationship": "Inner",
                      "Parallel Aware": true,
                      "Startup Cost": 62850.62,
                      "Total Cost": 62850.62,
                      "Plan Rows": 137069,
                      "Plan Width": 8,
                      "Actual Startup Time": 188.233,
                      "Actual Total Time": 188.436,
                      "Actual Rows": 35161,
                      "Actual Loops": 7,
                      "Hash Buckets": 524288,
                      "Original Hash Buckets": 524288,
                      "Hash Batches": 1,
                      "Original Hash Batches": 1,
                      "Peak Memory Usage": 13856,
                      "Plans": [
                        {
                          "Node Type": "Hash Join",
                          "Parent Relationship": "Outer",
                          "Parallel Aware": true,
                          "Join Type": "Inner",
                          "Startup Cost": 46720.31,
                          "Total Cost": 62850.62,
                          "Plan Rows": 137069,
                          "Plan Width": 8,
                          "Actual Startup Time": 123.146,
                          "Actual Total Time": 176.838,
                          "Actual Rows": 35161,
                          "Actual Loops": 7,
                          "Inner Unique": true,
                          "Hash Cond": "(mi_idx.movie_id = t.id)",
                          "Plans": [
                            {
                              "Node Type": "Seq Scan",
                              "Parent Relationship": "Outer",
                              "Parallel Aware": true,
                              "Relation Name": "movie_info_idx",
                              "Alias": "mi_idx",
                              "Startup Cost": 0.0,
                              "Total Cost": 15122.68,
                              "Plan Rows": 383860,
                              "Plan Width": 4,
                              "Actual Startup Time": 0.02,
                              "Actual Total Time": 23.987,
                              "Actual Rows": 131444,
                              "Actual Loops": 7,
                              "Filter": "(info_type_id > 99)",
                              "Rows Removed by Filter": 65704
                            },
                            {
                              "Node Type": "Hash",
                              "Parent Relationship": "Inner",
                              "Parallel Aware": true,
                              "Startup Cost": 43899.01,
                              "Total Cost": 43899.01,
                              "Plan Rows": 225704,
                              "Plan Width": 4,
                              "Actual Startup Time": 122.162,
                              "Actual Total Time": 122.163,
                              "Actual Rows": 129213,
                              "Actual Loops": 7,
                              "Hash Buckets": 1048576,
                              "Original Hash Buckets": 1048576,
                              "Hash Batches": 1,
                              "Original Hash Batches": 1,
                              "Peak Memory Usage": 43712,
                              "Plans": [
                                {
                                  "Node Type": "Seq Scan",
                                  "Parent Relationship": "Outer",
                                  "Parallel Aware": true,
                                  "Relation Name": "title",
                                  "Alias": "t",
                                  "Startup Cost": 0.0,
                                  "Total Cost": 43899.01,
                                  "Plan Rows": 225704,
                                  "Plan Width": 4,
                                  "Actual Startup Time": 0.031,
                                  "Actual Total Time": 69.053,
                                  "Actual Rows": 129213,
                                  "Actual Loops": 7,
                                  "Filter": "(production_year > 2006)",
                                  "Rows Removed by Filter": 231974
                                }
                              ]
                            }
                          ]
                        }
                      ]
                    }
                  ]
                }
              ]
            }
          ]
        }
      ]
    },
    "Planning Time": 0.305,
    "Triggers": [],
    "Execution Time": 1533.549
  }
]