[
  {
    "Plan": {
      "Node Type": "Aggregate",
      "Strategy": "Plain",
      "Partial Mode": "Finalize",
      "Parallel Aware": false,
      "Startup Cost": 45436.63,
      "Total Cost": 45436.64,
      "Plan Rows": 1,
      "Plan Width": 8,
      "Actual Startup Time": 179.738,
      "Actual Total Time": 190.639,
      "Actual Rows": 1,
      "Actual Loops": 1,
      "Plans": [
        {
          "Node Type": "Gather",
          "Parent Relationship": "Outer",
          "Parallel Aware": false,
          "Startup Cost": 45436.31,
          "Total Cost": 45436.62,
          "Plan Rows": 3,
          "Plan Width": 8,
          "Actual Startup Time": 179.618,
          "Actual Total Time": 190.628,
          "Actual Rows": 4,
          "Actual Loops": 1,
          "Workers Planned": 3,
          "Workers Launched": 3,
          "Single Copy": false,
          "Plans": [
            {
              "Node Type": "Aggregate",
              "Strategy": "Plain",
              "Partial Mode": "Partial",
              "Parent Relationship": "Outer",
              "Parallel Aware": false,
              "Startup Cost": 44436.31,
              "Total Cost": 44436.32,
              "Plan Rows": 1,
              "Plan Width": 8,
              "Actual Startup Time": 171.043,
              "Actual Total Time": 171.045,
              "Actual Rows": 1,
              "Actual Loops": 4,
              "Plans": [
                {
                  "Node Type": "Seq Scan",
                  "Parent Relationship": "Outer",
                  "Parallel Aware": true,
                  "Relation Name": "movie_keyword",
                  "Alias": "mk",
                  "Startup Cost": 0.0,
                  "Total Cost": 42695.65,
                  "Plan Rows": 696263,
                  "Plan Width": 0,
                  "Actual Startup Time": 0.057,
                  "Actual Total Time": 138.938,
                  "Actual Rows": 543269,
                  "Actual Loops": 4,
                  "Filter": "(keyword_id < 4228)",
                  "Rows Removed by Filter": 587714
                }
              ]
            }
          ]
        }
      ]
    },
    "Planning Time": 0.166,
    "Triggers": [],
    "Execution Time": 190.692
  }
]