[
  {
    "Plan": {
      "Node Type": "Aggregate",
      "Strategy": "Plain",
      "Partial Mode": "Finalize",
      "Parallel Aware": false,
      "Startup Cost": 400527.05,
      "Total Cost": 400527.06,
      "Plan Rows": 1,
      "Plan Width": 8,
      "Actual Startup Time": 1663.777,
      "Actual Total Time": 1731.443,
      "Actual Rows": 1,
      "Actual Loops": 1,
      "Plans": [
        {
          "Node Type": "Gather",
          "Parent Relationship": "Outer",
          "Parallel Aware": false,
          "Startup Cost": 400526.43,
          "Total Cost": 400527.04,
          "Plan Rows": 6,
          "Plan Width": 8,
          "Actual Startup Time": 1658.399,
          "Actual Total Time": 1731.421,
          "Actual Rows": 7,
          "Actual Loops": 1,
          "Workers Planned": 6,
          "Workers Launched": 6,
          "Single Copy": false,
          "Plans": [
            {
              "Node Type": "Aggregate",
              "Strategy": "Plain",
              "Partial Mode": "Partial",
              "Parent Relationship": "Outer",
              "Parallel Aware": false,
              "Startup Cost": 399526.43,
              "Total Cost": 399526.44,
              "Plan Rows": 1,
              "Plan Width": 8,
              "Actual Startup Time": 1641.75,
              "Actual Total Time": 1641.753,
              "Actual Rows": 1,
              "Actual Loops": 7,
              "Plans": [
                {
                  "Node Type": "Hash Join",
                  "Parent Relationship": "Outer",
                  "Parallel Aware": true,
                  "Join Type": "Inner",
                  "Startup Cost": 49884.58,
                  "Total Cost": 396850.45,
                  "Plan Rows": 1070390,
                  "Plan Width": 0,
                  "Actual Startup Time": 221.719,
                  "Actual Total Time": 1583.231,
                  "Actual Rows": 1196746,
                  "Actual Loops": 7,
                  "Inner Unique": true,
                  "Hash Cond": "(ci.movie_id = t.id)",
                  "Plans": [
                    {
                      "Node Type": "Seq Scan",
                      "Parent Relationship": "Outer",
                      "Parallel Aware": true,
                      "Relation Name": "cast_info",
                      "Alias": "ci",
                      "Startup Cost": 0.0,
                      "Total Cost": 343257.03,
                      "Plan Rows": 1412888,
                      "Plan Width": 4,
                      "Actual Startup Time": 0.028,
                      "Actual Total Time": 701.392,
                      "Actual Rows": 1588350,
                      "Actual Loops": 7,
                      "Filter": "((person_id < 1522122) AND (role_id < 3))",
                      "Rows Removed by Filter": 3589414
                    },
                    {
                      "Node Type": "Hash",
                      "Parent Relationship": "Inner",
                      "Parallel Aware": true,
                      "Startup Cost": 43898.92,
                      "Total Cost": 43898.92,
                      "Plan Rows": 478853,
                      "Plan Width": 4,
                      "Actual Startup Time": 216.72,
                      "Actual Total Time": 216.721,
                      "Actual Rows": 271894,
                      "Actual Loops": 7,
                      "Hash Buckets": 2097152,
                      "Original Hash Buckets": 2097152,
                      "Hash Batches": 1,
                      "Original Hash Batches": 1,
                      "Peak Memory Usage": 90944,
                      "Plans": [
                        {
                          "Node Type": "Seq Scan",
                          "Parent Relationship": "Outer",
                          "Parallel Aware": true,
                          "Relation Name": "title",
                          "Alias": "t",
                          "Startup Cost": 0.0,
                          "Total Cost": 43898.92,
                          "Plan Rows": 478853,
                          "Plan Width": 4,
                          "Actual Startup Time": 0.045,
                          "Actual Total Time": 87.733,
                          "Actual Rows": 271894,
                          "Actual Loops": 7,
                          "Filter": "(production_year > 1982)",
                          "Rows Removed by Filter": 89293
                        }
                      ]
                    }
                  ]
                }
              ]
            }
          ]
        }
      ]
    },
    "Planning Time": 0.599,
    "Triggers": [],
    "Execution Time": 1731.529
  }
]