[
  {
    "Plan": {
      "Node Type": "Aggregate",
      "Strategy": "Plain",
      "Partial Mode": "Finalize",
      "Parallel Aware": false,
      "Startup Cost": 45819.58,
      "Total Cost": 45819.59,
      "Plan Rows": 1,
      "Plan Width": 8,
      "Actual Startup Time": 50.32,
      "Actual Total Time": 57.266,
      "Actual Rows": 1,
      "Actual Loops": 1,
      "Plans": [
        {
          "Node Type": "Gather",
          "Parent Relationship": "Outer",
          "Parallel Aware": false,
          "Startup Cost": 45819.26,
          "Total Cost": 45819.57,
          "Plan Rows": 3,
          "Plan Width": 8,
          "Actual Startup Time": 50.088,
          "Actual Total Time": 57.258,
          "Actual Rows": 4,
          "Actual Loops": 1,
          "Workers Planned": 3,
          "Workers Launched": 3,
          "Single Copy": false,
          "Plans": [
            {
              "Node Type": "Aggregate",
              "Strategy": "Plain",
              "Partial Mode": "Partial",
              "Parent Relationship": "Outer",
              "Parallel Aware": false,
              "Startup Cost": 44819.26,
              "Total Cost": 44819.27,
              "Plan Rows": 1,
              "Plan Width": 8,
              "Actual Startup Time": 40.962,
              "Actual Total Time": 40.963,
              "Actual Rows": 1,
              "Actual Loops": 4,
              "Plans": [
                {
                  "Node Type": "Nested Loop",
                  "Parent Relationship": "Outer",
                  "Parallel Aware": false,
                  "Join Type": "Inner",
                  "Startup Cost": 257.19,
                  "Total Cost": 44817.12,
                  "Plan Rows": 855,
                  "Plan Width": 0,
                  "Actual Startup Time": 2.735,
                  "Actual Total Time": 40.56,
                  "Actual Rows": 2204,
                  "Actual Loops": 4,
                  "Inner Unique": true,
                  "Plans": [
                    {
                      "Node Type": "Bitmap Heap Scan",
                      "Parent Relationship": "Outer",
                      "Parallel Aware": true,
                      "Relation Name": "movie_keyword",
                      "Alias": "mk",
                      "Startup Cost": 256.76,
                      "Total Cost": 20636.31,
                      "Plan Rows": 3843,
                      "Plan Width": 4,
                      "Actual Startup Time": 2.428,
                      "Actual Total Time": 12.816,
                      "Actual Rows": 2636,
                      "Actual Loops": 4,
                      "Recheck Cond": "(keyword_id = 398)",
                      "Rows Removed by Index Recheck": 0,
                      "Exact Heap Blocks": 3473,
                      "Lossy Heap Blocks": 0,
                      "Plans": [
                        {
                          "Node Type": "Bitmap Index Scan",
                          "Parent Relationship": "Outer",
                          "Parallel Aware": false,
                          "Index Name": "keyword_id_movie_keyword",
                          "Startup Cost": 0.0,
                          "Total Cost": 253.78,
                          "Plan Rows": 11913,
                          "Plan Width": 0,
                          "Actual Startup Time": 6.076,
                          "Actual Total Time": 6.077,
                          "Actual Rows": 10544,
                          "Actual Loops": 1,
                          "Index Cond": "(keyword_id = 398)"
                        }
                      ]
                    },
                    {
                      "Node Type": "Index Scan",
                      "Parent Relationship": "Inner",
                      "Parallel Aware": false,
                      "Scan Direction": "Forward",
                      "Index Name": "title_pkey",
                      "Relation Name": "title",
                      "Alias": "t",
                      "Startup Cost": 0.43,
                      "Total Cost": 6.29,
                      "Plan Rows": 1,
                      "Plan Width": 4,
                      "Actual Startup Time": 0.01,
                      "Actual Total Time": 0.01,
                      "Actual Rows": 1,
                      "Actual Loops": 10544,
                      "Index Cond": "(id = mk.movie_id)",
                      "Rows Removed by Index Recheck": 0,
                      "Filter": "((kind_id < 7) AND (production_year < 2006))",
                      "Rows Removed by Filter": 0
                    }
                  ]
                }
              ]
            }
          ]
        }
      ]
    },
    "Planning Time": 0.646,
    "Triggers": [],
    "Execution Time": 57.355
  }
]