{
  "Plan": {
    "Node Type": "Aggregate",
    "Strategy": "Plain",
    "Partial Mode": "Finalize",
    "Parallel Aware": false,
    "Startup Cost": 74655.25,
    "Total Cost": 74655.26,
    "Plan Rows": 1,
    "Plan Width": 8,
    "Actual Startup Time": 105.24,
    "Actual Total Time": 112.573,
    "Actual Rows": 1,
    "Actual Loops": 1,
    "Plans": [
      {
        "Node Type": "Gather",
        "Parent Relationship": "Outer",
        "Parallel Aware": false,
        "Startup Cost": 74655.14,
        "Total Cost": 74655.25,
        "Plan Rows": 1,
        "Plan Width": 8,
        "Actual Startup Time": 105.103,
        "Actual Total Time": 112.567,
        "Actual Rows": 2,
        "Actual Loops": 1,
        "Workers Planned": 1,
        "Workers Launched": 1,
        "Single Copy": false,
        "Plans": [
          {
            "Node Type": "Aggregate",
            "Strategy": "Plain",
            "Partial Mode": "Partial",
            "Parent Relationship": "Outer",
            "Parallel Aware": false,
            "Startup Cost": 73655.14,
            "Total Cost": 73655.15,
            "Plan Rows": 1,
            "Plan Width": 8,
            "Actual Startup Time": 99.496,
            "Actual Total Time": 99.498,
            "Actual Rows": 1,
            "Actual Loops": 2,
            "Plans": [
              {
                "Node Type": "Nested Loop",
                "Parent Relationship": "Outer",
                "Parallel Aware": false,
                "Join Type": "Inner",
                "Startup Cost": 11824.22,
                "Total Cost": 73645.31,
                "Plan Rows": 3932,
                "Plan Width": 0,
                "Actual Startup Time": 28.849,
                "Actual Total Time": 98.756,
                "Actual Rows": 13584,
                "Actual Loops": 2,
                "Inner Unique": false,
                "Plans": [
                  {
                    "Node Type": "Bitmap Heap Scan",
                    "Parent Relationship": "Outer",
                    "Parallel Aware": true,
                    "Relation Name": "title",
                    "Alias": "t",
                    "Startup Cost": 11823.78,
                    "Total Cost": 53674.04,
                    "Plan Rows": 2198,
                    "Plan Width": 4,
                    "Actual Startup Time": 28.598,
                    "Actual Total Time": 80.144,
                    "Actual Rows": 2094,
                    "Actual Loops": 2,
                    "Recheck Cond": "(kind_id = 1)",
                    "Rows Removed by Index Recheck": 0,
                    "Filter": "(production_year = 1981)",
                    "Rows Removed by Filter": 329318,
                    "Exact Heap Blocks": 9449,
                    "Lossy Heap Blocks": 0,
                    "Plans": [
                      {
                        "Node Type": "Bitmap Index Scan",
                        "Parent Relationship": "Outer",
                        "Parallel Aware": false,
                        "Index Name": "kind_id_title",
                        "Startup Cost": 0.0,
                        "Total Cost": 11822.85,
                        "Plan Rows": 663256,
                        "Plan Width": 0,
                        "Actual Startup Time": 31.437,
                        "Actual Total Time": 31.437,
                        "Actual Rows": 662825,
                        "Actual Loops": 1,
                        "Index Cond": "(kind_id = 1)"
                      }
                    ]
                  },
                  {
                    "Node Type": "Index Only Scan",
                    "Parent Relationship": "Inner",
                    "Parallel Aware": false,
                    "Scan Direction": "Forward",
                    "Index Name": "movie_id_movie_keyword",
                    "Relation Name": "movie_keyword",
                    "Alias": "mk",
                    "Startup Cost": 0.43,
                    "Total Cost": 8.64,
                    "Plan Rows": 45,
                    "Plan Width": 4,
                    "Actual Startup Time": 0.007,
                    "Actual Total Time": 0.008,
                    "Actual Rows": 6,
                    "Actual Loops": 4189,
                    "Index Cond": "(movie_id = t.id)",
                    "Rows Removed by Index Recheck": 0,
                    "Heap Fetches": 27168
                  }
                ]
              }
            ]
          }
        ]
      }
    ]
  },
  "Planning Time": 0.227,
  "Triggers": [],
  "Execution Time": 112.625
}