{
  "Plan": {
    "Node Type": "Aggregate",
    "Strategy": "Plain",
    "Partial Mode": "Finalize",
    "Parallel Aware": false,
    "Startup Cost": 229489.05,
    "Total Cost": 229489.06,
    "Plan Rows": 1,
    "Plan Width": 8,
    "Actual Startup Time": 1115.319,
    "Actual Total Time": 1136.71,
    "Actual Rows": 1,
    "Actual Loops": 1,
    "Plans": [
      {
        "Node Type": "Gather",
        "Parent Relationship": "Outer",
        "Parallel Aware": false,
        "Startup Cost": 229488.94,
        "Total Cost": 229489.05,
        "Plan Rows": 1,
        "Plan Width": 8,
        "Actual Startup Time": 1113.456,
        "Actual Total Time": 1136.699,
        "Actual Rows": 2,
        "Actual Loops": 1,
        "Workers Planned": 1,
        "Workers Launched": 1,
        "Single Copy": false,
        "Plans": [
          {
            "Node Type": "Aggregate",
            "Strategy": "Plain",
            "Partial Mode": "Partial",
            "Parent Relationship": "Outer",
            "Parallel Aware": false,
            "Startup Cost": 228488.94,
            "Total Cost": 228488.95,
            "Plan Rows": 1,
            "Plan Width": 8,
            "Actual Startup Time": 1107.712,
            "Actual Total Time": 1108.242,
            "Actual Rows": 1,
            "Actual Loops": 2,
            "Plans": [
              {
                "Node Type": "Hash Join",
                "Parent Relationship": "Outer",
                "Parallel Aware": true,
                "Join Type": "Inner",
                "Startup Cost": 207404.64,
                "Total Cost": 228202.43,
                "Plan Rows": 114604,
                "Plan Width": 0,
                "Actual Startup Time": 987.662,
                "Actual Total Time": 1105.026,
                "Actual Rows": 77874,
                "Actual Loops": 2,
                "Inner Unique": false,
                "Hash Cond": "(mi_idx.movie_id = t.id)",
                "Plans": [
                  {
                    "Node Type": "Seq Scan",
                    "Parent Relationship": "Outer",
                    "Parallel Aware": true,
                    "Relation Name": "movie_info_idx",
                    "Alias": "mi_idx",
                    "Startup Cost": 0.0,
                    "Total Cost": 18082.32,
                    "Plan Rows": 544356,
                    "Plan Width": 4,
                    "Actual Startup Time": 0.021,
                    "Actual Total Time": 57.657,
                    "Actual Rows": 460055,
                    "Actual Loops": 2,
                    "Filter": "(info_type_id > 99)",
                    "Rows Removed by Filter": 229962
                  },
                  {
                    "Node Type": "Hash",
                    "Parent Relationship": "Inner",
                    "Parallel Aware": true,
                    "Startup Cost": 203490.79,
                    "Total Cost": 203490.79,
                    "Plan Rows": 313108,
                    "Plan Width": 8,
                    "Actual Startup Time": 980.341,
                    "Actual Total Time": 980.868,
                    "Actual Rows": 62532,
                    "Actual Loops": 2,
                    "Hash Buckets": 1048576,
                    "Original Hash Buckets": 1048576,
                    "Hash Batches": 1,
                    "Original Hash Batches": 1,
                    "Peak Memory Usage": 13120,
                    "Plans": [
                      {
                        "Node Type": "Hash Join",
                        "Parent Relationship": "Outer",
                        "Parallel Aware": true,
                        "Join Type": "Inner",
                        "Startup Cost": 57729.82,
                        "Total Cost": 203490.79,
                        "Plan Rows": 313108,
                        "Plan Width": 8,
                        "Actual Startup Time": 221.654,
                        "Actual Total Time": 956.043,
                        "Actual Rows": 62532,
                        "Actual Loops": 2,
                        "Inner Unique": true,
                        "Hash Cond": "(ci.movie_id = t.id)",
                        "Plans": [
                          {
                            "Node Type": "Index Scan",
                            "Parent Relationship": "Outer",
                            "Parallel Aware": true,
                            "Scan Direction": "Forward",
                            "Index Name": "role_id_cast_info",
                            "Relation Name": "cast_info",
                            "Alias": "ci",
                            "Startup Cost": 0.56,
                            "Total Cost": 140896.75,
                            "Plan Rows": 1853246,
                            "Plan Width": 4,
                            "Actual Startup Time": 0.115,
                            "Actual Total Time": 358.972,
                            "Actual Rows": 1962014,
                            "Actual Loops": 2,
                            "Index Cond": "(role_id = 10)",
                            "Rows Removed by Index Recheck": 0,
                            "Filter": "(person_id > 1007542)",
                            "Rows Removed by Filter": 199494
                          },
                          {
                            "Node Type": "Hash",
                            "Parent Relationship": "Inner",
                            "Parallel Aware": true,
                            "Startup Cost": 54588.39,
                            "Total Cost": 54588.39,
                            "Plan Rows": 251269,
                            "Plan Width": 4,
                            "Actual Startup Time": 218.933,
                            "Actual Total Time": 218.935,
                            "Actual Rows": 218758,
                            "Actual Loops": 2,
                            "Hash Buckets": 524288,
                            "Original Hash Buckets": 524288,
                            "Hash Batches": 1,
                            "Original Hash Batches": 1,
                            "Peak Memory Usage": 21248,
                            "Plans": [
                              {
                                "Node Type": "Seq Scan",
                                "Parent Relationship": "Outer",
                                "Parallel Aware": true,
                                "Relation Name": "title",
                                "Alias": "t",
                                "Startup Cost": 0.0,
                                "Total Cost": 54588.39,
                                "Plan Rows": 251269,
                                "Plan Width": 4,
                                "Actual Startup Time": 0.034,
                                "Actual Total Time": 150.215,
                                "Actual Rows": 218758,
                                "Actual Loops": 2,
                                "Filter": "(production_year < 1975)",
                                "Rows Removed by Filter": 1045398
                              }
                            ]
                          }
                        ]
                      }
                    ]
                  }
                ]
              }
            ]
          }
        ]
      }
    ]
  },
  "Planning Time": 0.573,
  "Triggers": [],
  "Execution Time": 1136.794
}