[
  {
    "Plan": {
      "Node Type": "Aggregate",
      "Strategy": "Plain",
      "Partial Mode": "Finalize",
      "Parallel Aware": false,
      "Startup Cost": 32755.08,
      "Total Cost": 32755.09,
      "Plan Rows": 1,
      "Plan Width": 8,
      "Actual Startup Time": 88.34,
      "Actual Total Time": 93.633,
      "Actual Rows": 1,
      "Actual Loops": 1,
      "Plans": [
        {
          "Node Type": "Gather",
          "Parent Relationship": "Outer",
          "Parallel Aware": false,
          "Startup Cost": 32754.77,
          "Total Cost": 32755.08,
          "Plan Rows": 3,
          "Plan Width": 8,
          "Actual Startup Time": 88.231,
          "Actual Total Time": 93.624,
          "Actual Rows": 4,
          "Actual Loops": 1,
          "Workers Planned": 3,
          "Workers Launched": 3,
          "Single Copy": false,
          "Plans": [
            {
              "Node Type": "Aggregate",
              "Strategy": "Plain",
              "Partial Mode": "Partial",
              "Parent Relationship": "Outer",
              "Parallel Aware": false,
              "Startup Cost": 31754.77,
              "Total Cost": 31754.78,
              "Plan Rows": 1,
              "Plan Width": 8,
              "Actual Startup Time": 82.02,
              "Actual Total Time": 82.021,
              "Actual Rows": 1,
              "Actual Loops": 4,
              "Plans": [
                {
                  "Node Type": "Seq Scan",
                  "Parent Relationship": "Outer",
                  "Parallel Aware": true,
                  "Relation Name": "movie_companies",
                  "Alias": "mc",
                  "Startup Cost": 0.0,
                  "Total Cost": 31414.82,
                  "Plan Rows": 135979,
                  "Plan Width": 0,
                  "Actual Startup Time": 37.609,
                  "Actual Total Time": 73.475,
                  "Actual Rows": 183955,
                  "Actual Loops": 4,
                  "Filter": "((company_id > 28795) AND (company_type_id > 1))",
                  "Rows Removed by Filter": 468327
                }
              ]
            }
          ]
        }
      ]
    },
    "Planning Time": 0.092,
    "Triggers": [],
    "Execution Time": 93.663
  }
]