[
  {
    "Plan": {
      "Node Type": "Aggregate",
      "Strategy": "Plain",
      "Partial Mode": "Finalize",
      "Parallel Aware": false,
      "Startup Cost": 333798.66,
      "Total Cost": 333798.67,
      "Plan Rows": 1,
      "Plan Width": 8,
      "Actual Startup Time": 403.52,
      "Actual Total Time": 420.105,
      "Actual Rows": 1,
      "Actual Loops": 1,
      "Plans": [
        {
          "Node Type": "Gather",
          "Parent Relationship": "Outer",
          "Parallel Aware": false,
          "Startup Cost": 333798.04,
          "Total Cost": 333798.65,
          "Plan Rows": 6,
          "Plan Width": 8,
          "Actual Startup Time": 387.68,
          "Actual Total Time": 420.094,
          "Actual Rows": 7,
          "Actual Loops": 1,
          "Workers Planned": 6,
          "Workers Launched": 6,
          "Single Copy": false,
          "Plans": [
            {
              "Node Type": "Aggregate",
              "Strategy": "Plain",
              "Partial Mode": "Partial",
              "Parent Relationship": "Outer",
              "Parallel Aware": false,
              "Startup Cost": 332798.04,
              "Total Cost": 332798.05,
              "Plan Rows": 1,
              "Plan Width": 8,
              "Actual Startup Time": 371.952,
              "Actual Total Time": 371.956,
              "Actual Rows": 1,
              "Actual Loops": 7,
              "Plans": [
                {
                  "Node Type": "Hash Join",
                  "Parent Relationship": "Outer",
                  "Parallel Aware": true,
                  "Join Type": "Inner",
                  "Startup Cost": 76662.26,
                  "Total Cost": 332423.23,
                  "Plan Rows": 149922,
                  "Plan Width": 0,
                  "Actual Startup Time": 244.392,
                  "Actual Total Time": 365.721,
                  "Actual Rows": 129068,
                  "Actual Loops": 7,
                  "Inner Unique": true,
                  "Hash Cond": "(ci.movie_id = t.id)",
                  "Plans": [
                    {
                      "Node Type": "Bitmap Heap Scan",
                      "Parent Relationship": "Outer",
                      "Parallel Aware": true,
                      "Relation Name": "cast_info",
                      "Alias": "ci",
                      "Startup Cost": 26935.11,
                      "Total Cost": 282162.58,
                      "Plan Rows": 203238,
                      "Plan Width": 4,
                      "Actual Startup Time": 48.708,
                      "Actual Total Time": 87.052,
                      "Actual Rows": 170436,
                      "Actual Loops": 7,
                      "Recheck Cond": "(person_id > 3830350)",
                      "Rows Removed by Index Recheck": 0,
                      "Exact Heap Blocks": 2794,
                      "Lossy Heap Blocks": 0,
                      "Plans": [
                        {
                          "Node Type": "Bitmap Index Scan",
                          "Parent Relationship": "Outer",
                          "Parallel Aware": false,
                          "Index Name": "person_id_cast_info",
                          "Startup Cost": 0.0,
                          "Total Cost": 26630.25,
                          "Plan Rows": 1219425,
                          "Plan Width": 0,
                          "Actual Startup Time": 45.944,
                          "Actual Total Time": 45.944,
                          "Actual Rows": 1193049,
                          "Actual Loops": 1,
                          "Index Cond": "(person_id > 3830350)"
                        }
                      ]
                    },
                    {
                      "Node Type": "Hash",
                      "Parent Relationship": "Inner",
                      "Parallel Aware": true,
                      "Startup Cost": 43898.92,
                      "Total Cost": 43898.92,
                      "Plan Rows": 466259,
                      "Plan Width": 4,
                      "Actual Startup Time": 190.882,
                      "Actual Total Time": 190.883,
                      "Actual Rows": 266498,
                      "Actual Loops": 7,
                      "Hash Buckets": 2097152,
                      "Original Hash Buckets": 2097152,
                      "Hash Batches": 1,
                      "Original Hash Batches": 1,
                      "Peak Memory Usage": 89440,
                      "Plans": [
                        {
                          "Node Type": "Seq Scan",
                          "Parent Relationship": "Outer",
                          "Parallel Aware": true,
                          "Relation Name": "title",
                          "Alias": "t",
                          "Startup Cost": 0.0,
                          "Total Cost": 43898.92,
                          "Plan Rows": 466259,
                          "Plan Width": 4,
                          "Actual Startup Time": 0.039,
                          "Actual Total Time": 75.475,
                          "Actual Rows": 266498,
                          "Actual Loops": 7,
                          "Filter": "(kind_id > 1)",
                          "Rows Removed by Filter": 94689
                        }
                      ]
                    }
                  ]
                }
              ]
            }
          ]
        }
      ]
    },
    "Planning Time": 0.646,
    "Triggers": [],
    "Execution Time": 420.198
  }
]