[
  {
    "Plan": {
      "Node Type": "Aggregate",
      "Strategy": "Plain",
      "Partial Mode": "Finalize",
      "Parallel Aware": false,
      "Startup Cost": 47084.8,
      "Total Cost": 47084.81,
      "Plan Rows": 1,
      "Plan Width": 8,
      "Actual Startup Time": 100.469,
      "Actual Total Time": 111.476,
      "Actual Rows": 1,
      "Actual Loops": 1,
      "Plans": [
        {
          "Node Type": "Gather",
          "Parent Relationship": "Outer",
          "Parallel Aware": false,
          "Startup Cost": 47084.38,
          "Total Cost": 47084.79,
          "Plan Rows": 4,
          "Plan Width": 8,
          "Actual Startup Time": 100.285,
          "Actual Total Time": 111.46,
          "Actual Rows": 5,
          "Actual Loops": 1,
          "Workers Planned": 4,
          "Workers Launched": 4,
          "Single Copy": false,
          "Plans": [
            {
              "Node Type": "Aggregate",
              "Strategy": "Plain",
              "Partial Mode": "Partial",
              "Parent Relationship": "Outer",
              "Parallel Aware": false,
              "Startup Cost": 46084.38,
              "Total Cost": 46084.39,
              "Plan Rows": 1,
              "Plan Width": 8,
              "Actual Startup Time": 93.886,
              "Actual Total Time": 93.887,
              "Actual Rows": 1,
              "Actual Loops": 5,
              "Plans": [
                {
                  "Node Type": "Seq Scan",
                  "Parent Relationship": "Outer",
                  "Parallel Aware": true,
                  "Relation Name": "title",
                  "Alias": "t",
                  "Startup Cost": 0.0,
                  "Total Cost": 45479.59,
                  "Plan Rows": 241916,
                  "Plan Width": 0,
                  "Actual Startup Time": 0.034,
                  "Actual Total Time": 83.529,
                  "Actual Rows": 210038,
                  "Actual Loops": 5,
                  "Filter": "((kind_id > 6) AND (production_year > 1996))",
                  "Rows Removed by Filter": 295624
                }
              ]
            }
          ]
        }
      ]
    },
    "Planning Time": 0.085,
    "Triggers": [],
    "Execution Time": 111.505
  }
]