[
  {
    "Plan": {
      "Node Type": "Aggregate",
      "Strategy": "Plain",
      "Partial Mode": "Finalize",
      "Parallel Aware": false,
      "Startup Cost": 33371.73,
      "Total Cost": 33371.74,
      "Plan Rows": 1,
      "Plan Width": 8,
      "Actual Startup Time": 107.296,
      "Actual Total Time": 116.163,
      "Actual Rows": 1,
      "Actual Loops": 1,
      "Plans": [
        {
          "Node Type": "Gather",
          "Parent Relationship": "Outer",
          "Parallel Aware": false,
          "Startup Cost": 33371.42,
          "Total Cost": 33371.73,
          "Plan Rows": 3,
          "Plan Width": 8,
          "Actual Startup Time": 107.149,
          "Actual Total Time": 116.153,
          "Actual Rows": 4,
          "Actual Loops": 1,
          "Workers Planned": 3,
          "Workers Launched": 3,
          "Single Copy": false,
          "Plans": [
            {
              "Node Type": "Aggregate",
              "Strategy": "Plain",
              "Partial Mode": "Partial",
              "Parent Relationship": "Outer",
              "Parallel Aware": false,
              "Startup Cost": 32371.42,
              "Total Cost": 32371.43,
              "Plan Rows": 1,
              "Plan Width": 8,
              "Actual Startup Time": 98.702,
              "Actual Total Time": 98.703,
              "Actual Rows": 1,
              "Actual Loops": 4,
              "Plans": [
                {
                  "Node Type": "Seq Scan",
                  "Parent Relationship": "Outer",
                  "Parallel Aware": true,
                  "Relation Name": "movie_companies",
                  "Alias": "mc",
                  "Startup Cost": 0.0,
                  "Total Cost": 31414.82,
                  "Plan Rows": 382639,
                  "Plan Width": 0,
                  "Actual Startup Time": 0.053,
                  "Actual Total Time": 83.286,
                  "Actual Rows": 279148,
                  "Actual Loops": 4,
                  "Filter": "((company_id > 54) AND (company_type_id = 1))",
                  "Rows Removed by Filter": 373135
                }
              ]
            }
          ]
        }
      ]
    },
    "Planning Time": 0.154,
    "Triggers": [],
    "Execution Time": 116.212
  }
]