[
  {
    "Plan": {
      "Node Type": "Aggregate",
      "Strategy": "Plain",
      "Partial Mode": "Finalize",
      "Parallel Aware": false,
      "Startup Cost": 342490.44,
      "Total Cost": 342490.45,
      "Plan Rows": 1,
      "Plan Width": 8,
      "Actual Startup Time": 1572.121,
      "Actual Total Time": 1621.337,
      "Actual Rows": 1,
      "Actual Loops": 1,
      "Plans": [
        {
          "Node Type": "Gather",
          "Parent Relationship": "Outer",
          "Parallel Aware": false,
          "Startup Cost": 342489.92,
          "Total Cost": 342490.43,
          "Plan Rows": 5,
          "Plan Width": 8,
          "Actual Startup Time": 1542.209,
          "Actual Total Time": 1621.321,
          "Actual Rows": 6,
          "Actual Loops": 1,
          "Workers Planned": 5,
          "Workers Launched": 5,
          "Single Copy": false,
          "Plans": [
            {
              "Node Type": "Aggregate",
              "Strategy": "Plain",
              "Partial Mode": "Partial",
              "Parent Relationship": "Outer",
              "Parallel Aware": false,
              "Startup Cost": 341489.92,
              "Total Cost": 341489.93,
              "Plan Rows": 1,
              "Plan Width": 8,
              "Actual Startup Time": 1526.911,
              "Actual Total Time": 1527.43,
              "Actual Rows": 1,
              "Actual Loops": 6,
              "Plans": [
                {
                  "Node Type": "Hash Join",
                  "Parent Relationship": "Outer",
                  "Parallel Aware": true,
                  "Join Type": "Inner",
                  "Startup Cost": 132638.04,
                  "Total Cost": 339161.99,
                  "Plan Rows": 931169,
                  "Plan Width": 0,
                  "Actual Startup Time": 694.059,
                  "Actual Total Time": 1473.243,
                  "Actual Rows": 1122939,
                  "Actual Loops": 6,
                  "Inner Unique": false,
                  "Hash Cond": "(mi.movie_id = t.id)",
                  "Plans": [
                    {
                      "Node Type": "Seq Scan",
                      "Parent Relationship": "Outer",
                      "Parallel Aware": true,
                      "Relation Name": "movie_info",
                      "Alias": "mi",
                      "Startup Cost": 0.0,
                      "Total Cost": 198952.16,
                      "Plan Rows": 1522520,
                      "Plan Width": 4,
                      "Actual Startup Time": 17.472,
                      "Actual Total Time": 343.462,
                      "Actual Rows": 1258142,
                      "Actual Loops": 6,
                      "Filter": "(info_type_id > 7)",
                      "Rows Removed by Filter": 1214478
                    },
                    {
                      "Node Type": "Hash",
                      "Parent Relationship": "Inner",
                      "Parallel Aware": true,
                      "Startup Cost": 128772.3,
                      "Total Cost": 128772.3,
                      "Plan Rows": 309259,
                      "Plan Width": 8,
                      "Actual Startup Time": 671.029,
                      "Actual Total Time": 671.546,
                      "Actual Rows": 262775,
                      "Actual Loops": 6,
                      "Hash Buckets": 2097152,
                      "Original Hash Buckets": 2097152,
                      "Hash Batches": 1,
                      "Original Hash Batches": 1,
                      "Peak Memory Usage": 78176,
                      "Plans": [
                        {
                          "Node Type": "Hash Join",
                          "Parent Relationship": "Outer",
                          "Parallel Aware": true,
                          "Join Type": "Inner",
                          "Startup Cost": 50220.21,
                          "Total Cost": 128772.3,
                          "Plan Rows": 309259,
                          "Plan Width": 8,
                          "Actual Startup Time": 297.041,
                          "Actual Total Time": 548.962,
                          "Actual Rows": 262775,
                          "Actual Loops": 6,
                          "Inner Unique": true,
                          "Hash Cond": "(ci.movie_id = t.id)",
                          "Plans": [
                            {
                              "Node Type": "Index Scan",
                              "Parent Relationship": "Outer",
                              "Parallel Aware": true,
                              "Scan Direction": "Forward",
                              "Index Name": "role_id_cast_info",
                              "Relation Name": "cast_info",
                              "Alias": "ci",
                              "Startup Cost": 0.56,
                              "Total Cost": 77740.85,
                              "Plan Rows": 309259,
                              "Plan Width": 4,
                              "Actual Startup Time": 0.164,
                              "Actual Total Time": 99.867,
                              "Actual Rows": 262775,
                              "Actual Loops": 6,
                              "Index Cond": "(role_id = 4)",
                              "Rows Removed by Index Recheck": 0,
                              "Filter": "(person_id > 1640187)",
                              "Rows Removed by Filter": 192049
                            },
                            {
                              "Node Type": "Hash",
                              "Parent Relationship": "Inner",
                              "Parallel Aware": true,
                              "Startup Cost": 42318.73,
                              "Total Cost": 42318.73,
                              "Plan Rows": 632073,
                              "Plan Width": 4,
                              "Actual Startup Time": 290.857,
                              "Actual Total Time": 290.859,
                              "Actual Rows": 421385,
                              "Actual Loops": 6,
                              "Hash Buckets": 4194304,
                              "Original Hash Buckets": 4194304,
                              "Hash Batches": 1,
                              "Original Hash Batches": 1,
                              "Peak Memory Usage": 131776,
                              "Plans": [
                                {
                                  "Node Type": "Seq Scan",
                                  "Parent Relationship": "Outer",
                                  "Parallel Aware": true,
                                  "Relation Name": "title",
                                  "Alias": "t",
                                  "Startup Cost": 0.0,
                                  "Total Cost": 42318.73,
                                  "Plan Rows": 632073,
                                  "Plan Width": 4,
                                  "Actual Startup Time": 0.047,
                                  "Actual Total Time": 83.143,
                                  "Actual Rows": 421385,
                                  "Actual Loops": 6
                                }
                              ]
                            }
                          ]
                        }
                      ]
                    }
                  ]
                }
              ]
            }
          ]
        }
      ]
    },
    "Planning Time": 1.401,
    "Triggers": [],
    "Execution Time": 1621.454
  }
]