{
  "Plan": {
    "Node Type": "Aggregate",
    "Strategy": "Plain",
    "Partial Mode": "Finalize",
    "Parallel Aware": false,
    "Startup Cost": 181362.36,
    "Total Cost": 181362.37,
    "Plan Rows": 1,
    "Plan Width": 8,
    "Actual Startup Time": 373.839,
    "Actual Total Time": 397.137,
    "Actual Rows": 1,
    "Actual Loops": 1,
    "Plans": [
      {
        "Node Type": "Gather",
        "Parent Relationship": "Outer",
        "Parallel Aware": false,
        "Startup Cost": 181362.25,
        "Total Cost": 181362.36,
        "Plan Rows": 1,
        "Plan Width": 8,
        "Actual Startup Time": 372.598,
        "Actual Total Time": 397.126,
        "Actual Rows": 2,
        "Actual Loops": 1,
        "Workers Planned": 1,
        "Workers Launched": 1,
        "Single Copy": false,
        "Plans": [
          {
            "Node Type": "Aggregate",
            "Strategy": "Plain",
            "Partial Mode": "Partial",
            "Parent Relationship": "Outer",
            "Parallel Aware": false,
            "Startup Cost": 180362.25,
            "Total Cost": 180362.26,
            "Plan Rows": 1,
            "Plan Width": 8,
            "Actual Startup Time": 366.17,
            "Actual Total Time": 366.175,
            "Actual Rows": 1,
            "Actual Loops": 2,
            "Plans": [
              {
                "Node Type": "Nested Loop",
                "Parent Relationship": "Outer",
                "Parallel Aware": false,
                "Join Type": "Inner",
                "Startup Cost": 66424.55,
                "Total Cost": 180063.45,
                "Plan Rows": 119519,
                "Plan Width": 0,
                "Actual Startup Time": 244.815,
                "Actual Total Time": 364.645,
                "Actual Rows": 24328,
                "Actual Loops": 2,
                "Inner Unique": false,
                "Plans": [
                  {
                    "Node Type": "Hash Join",
                    "Parent Relationship": "Outer",
                    "Parallel Aware": true,
                    "Join Type": "Inner",
                    "Startup Cost": 66424.12,
                    "Total Cost": 93278.65,
                    "Plan Rows": 20440,
                    "Plan Width": 8,
                    "Actual Startup Time": 244.754,
                    "Actual Total Time": 334.847,
                    "Actual Rows": 2936,
                    "Actual Loops": 2,
                    "Inner Unique": true,
                    "Hash Cond": "(mk.movie_id = t.id)",
                    "Plans": [
                      {
                        "Node Type": "Bitmap Heap Scan",
                        "Parent Relationship": "Outer",
                        "Parallel Aware": true,
                        "Relation Name": "movie_keyword",
                        "Alias": "mk",
                        "Startup Cost": 5723.48,
                        "Total Cost": 32161.39,
                        "Plan Rows": 158713,
                        "Plan Width": 4,
                        "Actual Startup Time": 20.598,
                        "Actual Total Time": 77.45,
                        "Actual Rows": 141924,
                        "Actual Loops": 2,
                        "Recheck Cond": "(keyword_id < 236)",
                        "Rows Removed by Index Recheck": 0,
                        "Exact Heap Blocks": 11868,
                        "Lossy Heap Blocks": 0,
                        "Plans": [
                          {
                            "Node Type": "Bitmap Index Scan",
                            "Parent Relationship": "Outer",
                            "Parallel Aware": false,
                            "Index Name": "keyword_id_movie_keyword",
                            "Startup Cost": 0.0,
                            "Total Cost": 5656.02,
                            "Plan Rows": 269812,
                            "Plan Width": 0,
                            "Actual Startup Time": 17.066,
                            "Actual Total Time": 17.067,
                            "Actual Rows": 283847,
                            "Actual Loops": 1,
                            "Index Cond": "(keyword_id < 236)"
                          }
                        ]
                      },
                      {
                        "Node Type": "Hash",
                        "Parent Relationship": "Inner",
                        "Parallel Aware": true,
                        "Startup Cost": 58306.47,
                        "Total Cost": 58306.47,
                        "Plan Rows": 191534,
                        "Plan Width": 4,
                        "Actual Startup Time": 218.106,
                        "Actual Total Time": 218.107,
                        "Actual Rows": 174767,
                        "Actual Loops": 2,
                        "Hash Buckets": 524288,
                        "Original Hash Buckets": 524288,
                        "Hash Batches": 1,
                        "Original Hash Batches": 1,
                        "Peak Memory Usage": 17792,
                        "Plans": [
                          {
                            "Node Type": "Seq Scan",
                            "Parent Relationship": "Outer",
                            "Parallel Aware": true,
                            "Relation Name": "title",
                            "Alias": "t",
                            "Startup Cost": 0.0,
                            "Total Cost": 58306.47,
                            "Plan Rows": 191534,
                            "Plan Width": 4,
                            "Actual Startup Time": 0.032,
                            "Actual Total Time": 168.274,
                            "Actual Rows": 174767,
                            "Actual Loops": 2,
                            "Filter": "((production_year > 2009) AND (kind_id = 7))",
                            "Rows Removed by Filter": 1089389
                          }
                        ]
                      }
                    ]
                  },
                  {
                    "Node Type": "Index Only Scan",
                    "Parent Relationship": "Inner",
                    "Parallel Aware": false,
                    "Scan Direction": "Forward",
                    "Index Name": "movie_id_movie_info",
                    "Relation Name": "movie_info",
                    "Alias": "mi",
                    "Startup Cost": 0.43,
                    "Total Cost": 3.83,
                    "Plan Rows": 42,
                    "Plan Width": 4,
                    "Actual Startup Time": 0.004,
                    "Actual Total Time": 0.009,
                    "Actual Rows": 8,
                    "Actual Loops": 5873,
                    "Index Cond": "(movie_id = t.id)",
                    "Rows Removed by Index Recheck": 0,
                    "Heap Fetches": 48657
                  }
                ]
              }
            ]
          }
        ]
      }
    ]
  },
  "Planning Time": 1.043,
  "Triggers": [],
  "Execution Time": 397.253
}