[
  {
    "Plan": {
      "Node Type": "Aggregate",
      "Strategy": "Plain",
      "Partial Mode": "Finalize",
      "Parallel Aware": false,
      "Startup Cost": 297884.62,
      "Total Cost": 297884.63,
      "Plan Rows": 1,
      "Plan Width": 8,
      "Actual Startup Time": 1709.989,
      "Actual Total Time": 1753.652,
      "Actual Rows": 1,
      "Actual Loops": 1,
      "Plans": [
        {
          "Node Type": "Gather",
          "Parent Relationship": "Outer",
          "Parallel Aware": false,
          "Startup Cost": 297884.09,
          "Total Cost": 297884.6,
          "Plan Rows": 5,
          "Plan Width": 8,
          "Actual Startup Time": 1691.176,
          "Actual Total Time": 1753.631,
          "Actual Rows": 6,
          "Actual Loops": 1,
          "Workers Planned": 5,
          "Workers Launched": 5,
          "Single Copy": false,
          "Plans": [
            {
              "Node Type": "Aggregate",
              "Strategy": "Plain",
              "Partial Mode": "Partial",
              "Parent Relationship": "Outer",
              "Parallel Aware": false,
              "Startup Cost": 296884.09,
              "Total Cost": 296884.1,
              "Plan Rows": 1,
              "Plan Width": 8,
              "Actual Startup Time": 1683.52,
              "Actual Total Time": 1683.53,
              "Actual Rows": 1,
              "Actual Loops": 6,
              "Plans": [
                {
                  "Node Type": "Hash Join",
                  "Parent Relationship": "Outer",
                  "Parallel Aware": true,
                  "Join Type": "Inner",
                  "Startup Cost": 90526.1,
                  "Total Cost": 295339.23,
                  "Plan Rows": 617944,
                  "Plan Width": 0,
                  "Actual Startup Time": 404.691,
                  "Actual Total Time": 1454.807,
                  "Actual Rows": 4884477,
                  "Actual Loops": 6,
                  "Inner Unique": false,
                  "Hash Cond": "(mi.movie_id = t.id)",
                  "Plans": [
                    {
                      "Node Type": "Seq Scan",
                      "Parent Relationship": "Outer",
                      "Parallel Aware": true,
                      "Relation Name": "movie_info",
                      "Alias": "mi",
                      "Startup Cost": 0.0,
                      "Total Cost": 191685.19,
                      "Plan Rows": 2969219,
                      "Plan Width": 4,
                      "Actual Startup Time": 0.032,
                      "Actual Total Time": 292.396,
                      "Actual Rows": 2472620,
                      "Actual Loops": 6
                    },
                    {
                      "Node Type": "Hash",
                      "Parent Relationship": "Inner",
                      "Parallel Aware": true,
                      "Startup Cost": 88404.3,
                      "Total Cost": 88404.3,
                      "Plan Rows": 169744,
                      "Plan Width": 8,
                      "Actual Startup Time": 401.715,
                      "Actual Total Time": 401.722,
                      "Actual Rows": 87247,
                      "Actual Loops": 6,
                      "Hash Buckets": 1048576,
                      "Original Hash Buckets": 1048576,
                      "Hash Batches": 1,
                      "Original Hash Batches": 1,
                      "Peak Memory Usage": 28800,
                      "Plans": [
                        {
                          "Node Type": "Hash Join",
                          "Parent Relationship": "Outer",
                          "Parallel Aware": true,
                          "Join Type": "Inner",
                          "Startup Cost": 61382.92,
                          "Total Cost": 88404.3,
                          "Plan Rows": 169744,
                          "Plan Width": 8,
                          "Actual Startup Time": 298.961,
                          "Actual Total Time": 372.151,
                          "Actual Rows": 87247,
                          "Actual Loops": 6,
                          "Inner Unique": true,
                          "Hash Cond": "(mk.movie_id = t.id)",
                          "Plans": [
                            {
                              "Node Type": "Bitmap Heap Scan",
                              "Parent Relationship": "Outer",
                              "Parallel Aware": true,
                              "Relation Name": "movie_keyword",
                              "Alias": "mk",
                              "Startup Cost": 11162.54,
                              "Total Cost": 37738.34,
                              "Plan Rows": 169744,
                              "Plan Width": 4,
                              "Actual Startup Time": 34.003,
                              "Actual Total Time": 74.429,
                              "Actual Rows": 87247,
                              "Actual Loops": 6,
                              "Recheck Cond": "(keyword_id > 34639)",
                              "Rows Removed by Index Recheck": 0,
                              "Exact Heap Blocks": 4605,
                              "Lossy Heap Blocks": 0,
                              "Plans": [
                                {
                                  "Node Type": "Bitmap Index Scan",
                                  "Parent Relationship": "Outer",
                                  "Parallel Aware": false,
                                  "Index Name": "keyword_id_movie_keyword",
                                  "Startup Cost": 0.0,
                                  "Total Cost": 11030.99,
                                  "Plan Rows": 526207,
                                  "Plan Width": 0,
                                  "Actual Startup Time": 30.511,
                                  "Actual Total Time": 30.513,
                                  "Actual Rows": 523482,
                                  "Actual Loops": 1,
                                  "Index Cond": "(keyword_id > 34639)"
                                }
                              ]
                            },
                            {
                              "Node Type": "Hash",
                              "Parent Relationship": "Inner",
                              "Parallel Aware": true,
                              "Startup Cost": 42319.06,
                              "Total Cost": 42319.06,
                              "Plan Rows": 632106,
                              "Plan Width": 4,
                              "Actual Startup Time": 260.253,
                              "Actual Total Time": 260.255,
                              "Actual Rows": 421385,
                              "Actual Loops": 6,
                              "Hash Buckets": 4194304,
                              "Original Hash Buckets": 4194304,
                              "Hash Batches": 1,
                              "Original Hash Batches": 1,
                              "Peak Memory Usage": 131744,
                              "Plans": [
                                {
                                  "Node Type": "Seq Scan",
                                  "Parent Relationship": "Outer",
                                  "Parallel Aware": true,
                                  "Relation Name": "title",
                                  "Alias": "t",
                                  "Startup Cost": 0.0,
                                  "Total Cost": 42319.06,
                                  "Plan Rows": 632106,
                                  "Plan Width": 4,
                                  "Actual Startup Time": 0.041,
                                  "Actual Total Time": 74.398,
                                  "Actual Rows": 421385,
                                  "Actual Loops": 6
                                }
                              ]
                            }
                          ]
                        }
                      ]
                    }
                  ]
                }
              ]
            }
          ]
        }
      ]
    },
    "Planning Time": 0.599,
    "Triggers": [],
    "Execution Time": 1753.721
  }
]