[
  {
    "Plan": {
      "Node Type": "Aggregate",
      "Strategy": "Plain",
      "Partial Mode": "Finalize",
      "Parallel Aware": false,
      "Startup Cost": 33163.67,
      "Total Cost": 33163.68,
      "Plan Rows": 1,
      "Plan Width": 8,
      "Actual Startup Time": 99.045,
      "Actual Total Time": 107.31,
      "Actual Rows": 1,
      "Actual Loops": 1,
      "Plans": [
        {
          "Node Type": "Gather",
          "Parent Relationship": "Outer",
          "Parallel Aware": false,
          "Startup Cost": 33163.35,
          "Total Cost": 33163.66,
          "Plan Rows": 3,
          "Plan Width": 8,
          "Actual Startup Time": 98.904,
          "Actual Total Time": 107.302,
          "Actual Rows": 4,
          "Actual Loops": 1,
          "Workers Planned": 3,
          "Workers Launched": 3,
          "Single Copy": false,
          "Plans": [
            {
              "Node Type": "Aggregate",
              "Strategy": "Plain",
              "Partial Mode": "Partial",
              "Parent Relationship": "Outer",
              "Parallel Aware": false,
              "Startup Cost": 32163.35,
              "Total Cost": 32163.36,
              "Plan Rows": 1,
              "Plan Width": 8,
              "Actual Startup Time": 91.977,
              "Actual Total Time": 91.978,
              "Actual Rows": 1,
              "Actual Loops": 4,
              "Plans": [
                {
                  "Node Type": "Seq Scan",
                  "Parent Relationship": "Outer",
                  "Parallel Aware": true,
                  "Relation Name": "movie_companies",
                  "Alias": "mc",
                  "Startup Cost": 0.0,
                  "Total Cost": 31414.82,
                  "Plan Rows": 299412,
                  "Plan Width": 0,
                  "Actual Startup Time": 0.86,
                  "Actual Total Time": 81.397,
                  "Actual Rows": 193618,
                  "Actual Loops": 4,
                  "Filter": "((company_id > 1344) AND (company_type_id < 2))",
                  "Rows Removed by Filter": 458664
                }
              ]
            }
          ]
        }
      ]
    },
    "Planning Time": 0.244,
    "Triggers": [],
    "Execution Time": 107.38
  }
]