[
  {
    "Plan": {
      "Node Type": "Aggregate",
      "Strategy": "Plain",
      "Partial Mode": "Finalize",
      "Parallel Aware": false,
      "Startup Cost": 45683.85,
      "Total Cost": 45683.86,
      "Plan Rows": 1,
      "Plan Width": 8,
      "Actual Startup Time": 190.07,
      "Actual Total Time": 204.101,
      "Actual Rows": 1,
      "Actual Loops": 1,
      "Plans": [
        {
          "Node Type": "Gather",
          "Parent Relationship": "Outer",
          "Parallel Aware": false,
          "Startup Cost": 45683.53,
          "Total Cost": 45683.84,
          "Plan Rows": 3,
          "Plan Width": 8,
          "Actual Startup Time": 189.916,
          "Actual Total Time": 204.09,
          "Actual Rows": 4,
          "Actual Loops": 1,
          "Workers Planned": 3,
          "Workers Launched": 3,
          "Single Copy": false,
          "Plans": [
            {
              "Node Type": "Aggregate",
              "Strategy": "Plain",
              "Partial Mode": "Partial",
              "Parent Relationship": "Outer",
              "Parallel Aware": false,
              "Startup Cost": 44683.53,
              "Total Cost": 44683.54,
              "Plan Rows": 1,
              "Plan Width": 8,
              "Actual Startup Time": 184.902,
              "Actual Total Time": 184.903,
              "Actual Rows": 1,
              "Actual Loops": 4,
              "Plans": [
                {
                  "Node Type": "Seq Scan",
                  "Parent Relationship": "Outer",
                  "Parallel Aware": true,
                  "Relation Name": "movie_keyword",
                  "Alias": "mk",
                  "Startup Cost": 0.0,
                  "Total Cost": 42695.65,
                  "Plan Rows": 795152,
                  "Plan Width": 0,
                  "Actual Startup Time": 0.032,
                  "Actual Total Time": 146.675,
                  "Actual Rows": 620088,
                  "Actual Loops": 4,
                  "Filter": "(keyword_id < 6014)",
                  "Rows Removed by Filter": 510894
                }
              ]
            }
          ]
        }
      ]
    },
    "Planning Time": 0.197,
    "Triggers": [],
    "Execution Time": 204.159
  }
]