[
  {
    "Plan": {
      "Node Type": "Aggregate",
      "Strategy": "Plain",
      "Partial Mode": "Finalize",
      "Parallel Aware": false,
      "Startup Cost": 45696.48,
      "Total Cost": 45696.49,
      "Plan Rows": 1,
      "Plan Width": 8,
      "Actual Startup Time": 178.537,
      "Actual Total Time": 188.632,
      "Actual Rows": 1,
      "Actual Loops": 1,
      "Plans": [
        {
          "Node Type": "Gather",
          "Parent Relationship": "Outer",
          "Parallel Aware": false,
          "Startup Cost": 45696.16,
          "Total Cost": 45696.47,
          "Plan Rows": 3,
          "Plan Width": 8,
          "Actual Startup Time": 178.425,
          "Actual Total Time": 188.622,
          "Actual Rows": 4,
          "Actual Loops": 1,
          "Workers Planned": 3,
          "Workers Launched": 3,
          "Single Copy": false,
          "Plans": [
            {
              "Node Type": "Aggregate",
              "Strategy": "Plain",
              "Partial Mode": "Partial",
              "Parent Relationship": "Outer",
              "Parallel Aware": false,
              "Startup Cost": 44696.16,
              "Total Cost": 44696.17,
              "Plan Rows": 1,
              "Plan Width": 8,
              "Actual Startup Time": 170.112,
              "Actual Total Time": 170.115,
              "Actual Rows": 1,
              "Actual Loops": 4,
              "Plans": [
                {
                  "Node Type": "Seq Scan",
                  "Parent Relationship": "Outer",
                  "Parallel Aware": true,
                  "Relation Name": "movie_keyword",
                  "Alias": "mk",
                  "Startup Cost": 0.0,
                  "Total Cost": 42695.65,
                  "Plan Rows": 800203,
                  "Plan Width": 0,
                  "Actual Startup Time": 0.062,
                  "Actual Total Time": 135.684,
                  "Actual Rows": 620088,
                  "Actual Loops": 4,
                  "Filter": "(keyword_id < 6014)",
                  "Rows Removed by Filter": 510894
                }
              ]
            }
          ]
        }
      ]
    },
    "Planning Time": 0.182,
    "Triggers": [],
    "Execution Time": 188.694
  }
]