[
  {
    "Plan": {
      "Node Type": "Aggregate",
      "Strategy": "Plain",
      "Partial Mode": "Finalize",
      "Parallel Aware": false,
      "Startup Cost": 60071.4,
      "Total Cost": 60071.41,
      "Plan Rows": 1,
      "Plan Width": 8,
      "Actual Startup Time": 103.096,
      "Actual Total Time": 114.421,
      "Actual Rows": 1,
      "Actual Loops": 1,
      "Plans": [
        {
          "Node Type": "Gather",
          "Parent Relationship": "Outer",
          "Parallel Aware": false,
          "Startup Cost": 60070.98,
          "Total Cost": 60071.39,
          "Plan Rows": 4,
          "Plan Width": 8,
          "Actual Startup Time": 102.838,
          "Actual Total Time": 114.41,
          "Actual Rows": 5,
          "Actual Loops": 1,
          "Workers Planned": 4,
          "Workers Launched": 4,
          "Single Copy": false,
          "Plans": [
            {
              "Node Type": "Aggregate",
              "Strategy": "Plain",
              "Partial Mode": "Partial",
              "Parent Relationship": "Outer",
              "Parallel Aware": false,
              "Startup Cost": 59070.98,
              "Total Cost": 59070.99,
              "Plan Rows": 1,
              "Plan Width": 8,
              "Actual Startup Time": 93.009,
              "Actual Total Time": 93.011,
              "Actual Rows": 1,
              "Actual Loops": 5,
              "Plans": [
                {
                  "Node Type": "Nested Loop",
                  "Parent Relationship": "Outer",
                  "Parallel Aware": false,
                  "Join Type": "Inner",
                  "Startup Cost": 0.43,
                  "Total Cost": 59069.74,
                  "Plan Rows": 497,
                  "Plan Width": 0,
                  "Actual Startup Time": 1.27,
                  "Actual Total Time": 92.951,
                  "Actual Rows": 316,
                  "Actual Loops": 5,
                  "Inner Unique": false,
                  "Plans": [
                    {
                      "Node Type": "Seq Scan",
                      "Parent Relationship": "Outer",
                      "Parallel Aware": true,
                      "Relation Name": "title",
                      "Alias": "t",
                      "Startup Cost": 0.0,
                      "Total Cost": 45479.59,
                      "Plan Rows": 2709,
                      "Plan Width": 4,
                      "Actual Startup Time": 0.135,
                      "Actual Total Time": 81.433,
                      "Actual Rows": 1925,
                      "Actual Loops": 5,
                      "Filter": "((kind_id > 1) AND (production_year = 1976))",
                      "Rows Removed by Filter": 503737
                    },
                    {
                      "Node Type": "Index Scan",
                      "Parent Relationship": "Inner",
                      "Parallel Aware": false,
                      "Scan Direction": "Forward",
                      "Index Name": "movie_id_movie_info_idx",
                      "Relation Name": "movie_info_idx",
                      "Alias": "mi_idx",
                      "Startup Cost": 0.43,
                      "Total Cost": 5.01,
                      "Plan Rows": 1,
                      "Plan Width": 4,
                      "Actual Startup Time": 0.005,
                      "Actual Total Time": 0.005,
                      "Actual Rows": 0,
                      "Actual Loops": 9627,
                      "Index Cond": "(movie_id = t.id)",
                      "Rows Removed by Index Recheck": 0,
                      "Filter": "(info_type_id > 100)",
                      "Rows Removed by Filter": 0
                    }
                  ]
                }
              ]
            }
          ]
        }
      ]
    },
    "Planning Time": 0.63,
    "Triggers": [],
    "Execution Time": 114.509
  }
]