{
  "Plan": {
    "Node Type": "Aggregate",
    "Strategy": "Plain",
    "Partial Mode": "Finalize",
    "Parallel Aware": false,
    "Startup Cost": 134338.74,
    "Total Cost": 134338.75,
    "Plan Rows": 1,
    "Plan Width": 8,
    "Actual Startup Time": 507.54,
    "Actual Total Time": 519.692,
    "Actual Rows": 1,
    "Actual Loops": 1,
    "Plans": [
      {
        "Node Type": "Gather",
        "Parent Relationship": "Outer",
        "Parallel Aware": false,
        "Startup Cost": 134338.63,
        "Total Cost": 134338.74,
        "Plan Rows": 1,
        "Plan Width": 8,
        "Actual Startup Time": 506.853,
        "Actual Total Time": 519.685,
        "Actual Rows": 2,
        "Actual Loops": 1,
        "Workers Planned": 1,
        "Workers Launched": 1,
        "Single Copy": false,
        "Plans": [
          {
            "Node Type": "Aggregate",
            "Strategy": "Plain",
            "Partial Mode": "Partial",
            "Parent Relationship": "Outer",
            "Parallel Aware": false,
            "Startup Cost": 133338.63,
            "Total Cost": 133338.64,
            "Plan Rows": 1,
            "Plan Width": 8,
            "Actual Startup Time": 500.404,
            "Actual Total Time": 500.409,
            "Actual Rows": 1,
            "Actual Loops": 2,
            "Plans": [
              {
                "Node Type": "Nested Loop",
                "Parent Relationship": "Outer",
                "Parallel Aware": false,
                "Join Type": "Inner",
                "Startup Cost": 56543.03,
                "Total Cost": 133128.98,
                "Plan Rows": 83859,
                "Plan Width": 0,
                "Actual Startup Time": 172.24,
                "Actual Total Time": 486.213,
                "Actual Rows": 338001,
                "Actual Loops": 2,
                "Inner Unique": false,
                "Join Filter": "(t.id = mc.movie_id)",
                "Rows Removed by Join Filter": 0,
                "Plans": [
                  {
                    "Node Type": "Hash Join",
                    "Parent Relationship": "Outer",
                    "Parallel Aware": true,
                    "Join Type": "Inner",
                    "Startup Cost": 56542.6,
                    "Total Cost": 76053.85,
                    "Plan Rows": 81261,
                    "Plan Width": 8,
                    "Actual Startup Time": 172.158,
                    "Actual Total Time": 253.661,
                    "Actual Rows": 90812,
                    "Actual Loops": 2,
                    "Inner Unique": true,
                    "Hash Cond": "(mi_idx.movie_id = t.id)",
                    "Plans": [
                      {
                        "Node Type": "Seq Scan",
                        "Parent Relationship": "Outer",
                        "Parallel Aware": true,
                        "Relation Name": "movie_info_idx",
                        "Alias": "mi_idx",
                        "Startup Cost": 0.0,
                        "Total Cost": 18082.32,
                        "Plan Rows": 544356,
                        "Plan Width": 4,
                        "Actual Startup Time": 0.023,
                        "Actual Total Time": 59.014,
                        "Actual Rows": 460055,
                        "Actual Loops": 2,
                        "Filter": "(info_type_id > 99)",
                        "Rows Removed by Filter": 229962
                      },
                      {
                        "Node Type": "Hash",
                        "Parent Relationship": "Inner",
                        "Parallel Aware": true,
                        "Startup Cost": 53767.46,
                        "Total Cost": 53767.46,
                        "Plan Rows": 222011,
                        "Plan Width": 4,
                        "Actual Startup Time": 127.003,
                        "Actual Total Time": 127.004,
                        "Actual Rows": 141058,
                        "Actual Loops": 2,
                        "Hash Buckets": 524288,
                        "Original Hash Buckets": 524288,
                        "Hash Batches": 1,
                        "Original Hash Batches": 1,
                        "Peak Memory Usage": 15136,
                        "Plans": [
                          {
                            "Node Type": "Bitmap Heap Scan",
                            "Parent Relationship": "Outer",
                            "Parallel Aware": true,
                            "Relation Name": "title",
                            "Alias": "t",
                            "Startup Cost": 11917.2,
                            "Total Cost": 53767.46,
                            "Plan Rows": 222011,
                            "Plan Width": 4,
                            "Actual Startup Time": 33.991,
                            "Actual Total Time": 97.001,
                            "Actual Rows": 141058,
                            "Actual Loops": 2,
                            "Recheck Cond": "(kind_id < 2)",
                            "Rows Removed by Index Recheck": 0,
                            "Filter": "(production_year > 1999)",
                            "Rows Removed by Filter": 190355,
                            "Exact Heap Blocks": 8304,
                            "Lossy Heap Blocks": 0,
                            "Plans": [
                              {
                                "Node Type": "Bitmap Index Scan",
                                "Parent Relationship": "Outer",
                                "Parallel Aware": false,
                                "Index Name": "kind_id_title",
                                "Startup Cost": 0.0,
                                "Total Cost": 11822.85,
                                "Plan Rows": 663256,
                                "Plan Width": 0,
                                "Actual Startup Time": 32.787,
                                "Actual Total Time": 32.787,
                                "Actual Rows": 662825,
                                "Actual Loops": 1,
                                "Index Cond": "(kind_id < 2)"
                              }
                            ]
                          }
                        ]
                      }
                    ]
                  },
                  {
                    "Node Type": "Index Only Scan",
                    "Parent Relationship": "Inner",
                    "Parallel Aware": false,
                    "Scan Direction": "Forward",
                    "Index Name": "movie_id_movie_companies",
                    "Relation Name": "movie_companies",
                    "Alias": "mc",
                    "Startup Cost": 0.43,
                    "Total Cost": 0.64,
                    "Plan Rows": 5,
                    "Plan Width": 4,
                    "Actual Startup Time": 0.001,
                    "Actual Total Time": 0.002,
                    "Actual Rows": 4,
                    "Actual Loops": 181623,
                    "Index Cond": "(movie_id = mi_idx.movie_id)",
                    "Rows Removed by Index Recheck": 0,
                    "Heap Fetches": 676002
                  }
                ]
              }
            ]
          }
        ]
      }
    ]
  },
  "Planning Time": 1.026,
  "Triggers": [],
  "Execution Time": 519.791
}