[
    {
        "Bao": {
            "Bao prediction": "NaN",
            "Bao recommended hint": "(no hint)"
        }
    },
    {
        "Plan": {
            "Node Type": "Aggregate",
            "Strategy": "Plain",
            "Partial Mode": "Finalize",
            "Parallel Aware": false,
            "Startup Cost": 346006.11,
            "Total Cost": 346006.12,
            "Plan Rows": 1,
            "Plan Width": 8,
            "Actual Startup Time": 633.833,
            "Actual Total Time": 660.697,
            "Actual Rows": 1,
            "Actual Loops": 1,
            "Output": [
                "count(*)"
            ],
            "Plans": [
                {
                    "Node Type": "Gather",
                    "Parent Relationship": "Outer",
                    "Parallel Aware": false,
                    "Startup Cost": 346005.48,
                    "Total Cost": 346006.09,
                    "Plan Rows": 6,
                    "Plan Width": 8,
                    "Actual Startup Time": 633.684,
                    "Actual Total Time": 660.687,
                    "Actual Rows": 7,
                    "Actual Loops": 1,
                    "Output": [
                        "(PARTIAL count(*))"
                    ],
                    "Workers Planned": 6,
                    "Workers Launched": 6,
                    "Single Copy": false,
                    "Plans": [
                        {
                            "Node Type": "Aggregate",
                            "Strategy": "Plain",
                            "Partial Mode": "Partial",
                            "Parent Relationship": "Outer",
                            "Parallel Aware": false,
                            "Startup Cost": 345005.48,
                            "Total Cost": 345005.49,
                            "Plan Rows": 1,
                            "Plan Width": 8,
                            "Actual Startup Time": 623.527,
                            "Actual Total Time": 623.528,
                            "Actual Rows": 1,
                            "Actual Loops": 7,
                            "Output": [
                                "PARTIAL count(*)"
                            ],
                            "Workers": [
                                {
                                    "Worker Number": 0,
                                    "Actual Startup Time": 620.664,
                                    "Actual Total Time": 620.664,
                                    "Actual Rows": 1,
                                    "Actual Loops": 1
                                },
                                {
                                    "Worker Number": 1,
                                    "Actual Startup Time": 621.623,
                                    "Actual Total Time": 621.624,
                                    "Actual Rows": 1,
                                    "Actual Loops": 1
                                },
                                {
                                    "Worker Number": 2,
                                    "Actual Startup Time": 621.631,
                                    "Actual Total Time": 621.632,
                                    "Actual Rows": 1,
                                    "Actual Loops": 1
                                },
                                {
                                    "Worker Number": 3,
                                    "Actual Startup Time": 621.595,
                                    "Actual Total Time": 621.596,
                                    "Actual Rows": 1,
                                    "Actual Loops": 1
                                },
                                {
                                    "Worker Number": 4,
                                    "Actual Startup Time": 622.934,
                                    "Actual Total Time": 622.934,
                                    "Actual Rows": 1,
                                    "Actual Loops": 1
                                },
                                {
                                    "Worker Number": 5,
                                    "Actual Startup Time": 622.954,
                                    "Actual Total Time": 622.955,
                                    "Actual Rows": 1,
                                    "Actual Loops": 1
                                }
                            ],
                            "Plans": [
                                {
                                    "Node Type": "Seq Scan",
                                    "Parent Relationship": "Outer",
                                    "Parallel Aware": true,
                                    "Relation Name": "cast_info",
                                    "Schema": "public",
                                    "Alias": "ci",
                                    "Startup Cost": 0.0,
                                    "Total Cost": 343318.94,
                                    "Plan Rows": 674617,
                                    "Plan Width": 0,
                                    "Actual Startup Time": 316.497,
                                    "Actual Total Time": 569.104,
                                    "Actual Rows": 1308987,
                                    "Actual Loops": 7,
                                    "Output": [
                                        "id",
                                        "person_id",
                                        "movie_id",
                                        "person_role_id",
                                        "note",
                                        "nr_order",
                                        "role_id"
                                    ],
                                    "Filter": "((ci.person_id > 2783151) AND (ci.role_id > 2))",
                                    "Rows Removed by Filter": 3868777,
                                    "Workers": [
                                        {
                                            "Worker Number": 0,
                                            "Actual Startup Time": 313.646,
                                            "Actual Total Time": 569.045,
                                            "Actual Rows": 1237627,
                                            "Actual Loops": 1
                                        },
                                        {
                                            "Worker Number": 1,
                                            "Actual Startup Time": 314.588,
                                            "Actual Total Time": 567.966,
                                            "Actual Rows": 1270493,
                                            "Actual Loops": 1
                                        },
                                        {
                                            "Worker Number": 2,
                                            "Actual Startup Time": 314.59,
                                            "Actual Total Time": 568.432,
                                            "Actual Rows": 1261408,
                                            "Actual Loops": 1
                                        },
                                        {
                                            "Worker Number": 3,
                                            "Actual Startup Time": 314.569,
                                            "Actual Total Time": 568.342,
                                            "Actual Rows": 1262869,
                                            "Actual Loops": 1
                                        },
                                        {
                                            "Worker Number": 4,
                                            "Actual Startup Time": 315.893,
                                            "Actual Total Time": 571.302,
                                            "Actual Rows": 1244362,
                                            "Actual Loops": 1
                                        },
                                        {
                                            "Worker Number": 5,
                                            "Actual Startup Time": 315.945,
                                            "Actual Total Time": 571.629,
                                            "Actual Rows": 1246625,
                                            "Actual Loops": 1
                                        }
                                    ]
                                }
                            ]
                        }
                    ]
                }
            ]
        },
        "Planning Time": 196.787,
        "Triggers": [],
        "Execution Time": 660.86
    }
]