[
  {
    "Plan": {
      "Node Type": "Aggregate",
      "Strategy": "Plain",
      "Partial Mode": "Finalize",
      "Parallel Aware": false,
      "Startup Cost": 434226.34,
      "Total Cost": 434226.35,
      "Plan Rows": 1,
      "Plan Width": 8,
      "Actual Startup Time": 2138.869,
      "Actual Total Time": 2214.112,
      "Actual Rows": 1,
      "Actual Loops": 1,
      "Plans": [
        {
          "Node Type": "Gather",
          "Parent Relationship": "Outer",
          "Parallel Aware": false,
          "Startup Cost": 434226.02,
          "Total Cost": 434226.33,
          "Plan Rows": 3,
          "Plan Width": 8,
          "Actual Startup Time": 2113.702,
          "Actual Total Time": 2214.099,
          "Actual Rows": 4,
          "Actual Loops": 1,
          "Workers Planned": 3,
          "Workers Launched": 3,
          "Single Copy": false,
          "Plans": [
            {
              "Node Type": "Aggregate",
              "Strategy": "Plain",
              "Partial Mode": "Partial",
              "Parent Relationship": "Outer",
              "Parallel Aware": false,
              "Startup Cost": 433226.02,
              "Total Cost": 433226.03,
              "Plan Rows": 1,
              "Plan Width": 8,
              "Actual Startup Time": 2100.807,
              "Actual Total Time": 2101.615,
              "Actual Rows": 1,
              "Actual Loops": 4,
              "Plans": [
                {
                  "Node Type": "Hash Join",
                  "Parent Relationship": "Outer",
                  "Parallel Aware": true,
                  "Join Type": "Inner",
                  "Startup Cost": 383091.23,
                  "Total Cost": 431031.9,
                  "Plan Rows": 877651,
                  "Plan Width": 0,
                  "Actual Startup Time": 1821.709,
                  "Actual Total Time": 2076.584,
                  "Actual Rows": 538169,
                  "Actual Loops": 4,
                  "Inner Unique": false,
                  "Hash Cond": "(mk.movie_id = t.id)",
                  "Plans": [
                    {
                      "Node Type": "Seq Scan",
                      "Parent Relationship": "Outer",
                      "Parallel Aware": true,
                      "Relation Name": "movie_keyword",
                      "Alias": "mk",
                      "Startup Cost": 0.0,
                      "Total Cost": 42695.65,
                      "Plan Rows": 1008605,
                      "Plan Width": 4,
                      "Actual Startup Time": 0.023,
                      "Actual Total Time": 117.679,
                      "Actual Rows": 782362,
                      "Actual Loops": 4,
                      "Filter": "(keyword_id < 12015)",
                      "Rows Removed by Filter": 348621
                    },
                    {
                      "Node Type": "Hash",
                      "Parent Relationship": "Inner",
                      "Parallel Aware": true,
                      "Startup Cost": 378507.6,
                      "Total Cost": 378507.6,
                      "Plan Rows": 366690,
                      "Plan Width": 8,
                      "Actual Startup Time": 1811.569,
                      "Actual Total Time": 1812.374,
                      "Actual Rows": 570844,
                      "Actual Loops": 4,
                      "Hash Buckets": 4194304,
                      "Original Hash Buckets": 4194304,
                      "Hash Batches": 1,
                      "Original Hash Batches": 1,
                      "Peak Memory Usage": 122176,
                      "Plans": [
                        {
                          "Node Type": "Hash Join",
                          "Parent Relationship": "Outer",
                          "Parallel Aware": true,
                          "Join Type": "Inner",
                          "Startup Cost": 48717.81,
                          "Total Cost": 378507.6,
                          "Plan Rows": 366690,
                          "Plan Width": 8,
                          "Actual Startup Time": 957.846,
                          "Actual Total Time": 1568.263,
                          "Actual Rows": 570844,
                          "Actual Loops": 4,
                          "Inner Unique": true,
                          "Hash Cond": "(ci.movie_id = t.id)",
                          "Plans": [
                            {
                              "Node Type": "Seq Scan",
                              "Parent Relationship": "Outer",
                              "Parallel Aware": true,
                              "Relation Name": "cast_info",
                              "Alias": "ci",
                              "Startup Cost": 0.0,
                              "Total Cost": 328211.39,
                              "Plan Rows": 601295,
                              "Plan Width": 4,
                              "Actual Startup Time": 668.149,
                              "Actual Total Time": 888.49,
                              "Actual Rows": 898532,
                              "Actual Loops": 4,
                              "Filter": "(person_id > 3410968)",
                              "Rows Removed by Filter": 8162554
                            },
                            {
                              "Node Type": "Hash",
                              "Parent Relationship": "Inner",
                              "Parallel Aware": true,
                              "Startup Cost": 43899.32,
                              "Total Cost": 43899.32,
                              "Plan Rows": 385479,
                              "Plan Width": 4,
                              "Actual Startup Time": 284.733,
                              "Actual Total Time": 284.734,
                              "Actual Rows": 385816,
                              "Actual Loops": 4,
                              "Hash Buckets": 2097152,
                              "Original Hash Buckets": 2097152,
                              "Hash Batches": 1,
                              "Original Hash Batches": 1,
                              "Peak Memory Usage": 76832,
                              "Plans": [
                                {
                                  "Node Type": "Seq Scan",
                                  "Parent Relationship": "Outer",
                                  "Parallel Aware": true,
                                  "Relation Name": "title",
                                  "Alias": "t",
                                  "Startup Cost": 0.0,
                                  "Total Cost": 43899.32,
                                  "Plan Rows": 385479,
                                  "Plan Width": 4,
                                  "Actual Startup Time": 0.062,
                                  "Actual Total Time": 117.674,
                                  "Actual Rows": 385816,
                                  "Actual Loops": 4,
                                  "Filter": "(kind_id = 7)",
                                  "Rows Removed by Filter": 246262
                                }
                              ]
                            }
                          ]
                        }
                      ]
                    }
                  ]
                }
              ]
            }
          ]
        }
      ]
    },
    "Planning Time": 0.591,
    "Triggers": [],
    "Execution Time": 2214.182
  }
]