{
  "Plan": {
    "Node Type": "Aggregate",
    "Strategy": "Plain",
    "Partial Mode": "Finalize",
    "Parallel Aware": false,
    "Startup Cost": 308584.79,
    "Total Cost": 308584.8,
    "Plan Rows": 1,
    "Plan Width": 8,
    "Actual Startup Time": 1549.92,
    "Actual Total Time": 1575.457,
    "Actual Rows": 1,
    "Actual Loops": 1,
    "Plans": [
      {
        "Node Type": "Gather",
        "Parent Relationship": "Outer",
        "Parallel Aware": false,
        "Startup Cost": 308584.68,
        "Total Cost": 308584.79,
        "Plan Rows": 1,
        "Plan Width": 8,
        "Actual Startup Time": 1541.711,
        "Actual Total Time": 1575.45,
        "Actual Rows": 2,
        "Actual Loops": 1,
        "Workers Planned": 1,
        "Workers Launched": 1,
        "Single Copy": false,
        "Plans": [
          {
            "Node Type": "Aggregate",
            "Strategy": "Plain",
            "Partial Mode": "Partial",
            "Parent Relationship": "Outer",
            "Parallel Aware": false,
            "Startup Cost": 307584.68,
            "Total Cost": 307584.69,
            "Plan Rows": 1,
            "Plan Width": 8,
            "Actual Startup Time": 1532.48,
            "Actual Total Time": 1532.487,
            "Actual Rows": 1,
            "Actual Loops": 2,
            "Plans": [
              {
                "Node Type": "Hash Join",
                "Parent Relationship": "Outer",
                "Parallel Aware": true,
                "Join Type": "Inner",
                "Startup Cost": 137248.08,
                "Total Cost": 307099.6,
                "Plan Rows": 194032,
                "Plan Width": 0,
                "Actual Startup Time": 1014.639,
                "Actual Total Time": 1353.73,
                "Actual Rows": 4277390,
                "Actual Loops": 2,
                "Inner Unique": false,
                "Hash Cond": "(mi.movie_id = t.id)",
                "Plans": [
                  {
                    "Node Type": "Bitmap Heap Scan",
                    "Parent Relationship": "Outer",
                    "Parallel Aware": true,
                    "Relation Name": "movie_info",
                    "Alias": "mi",
                    "Startup Cost": 12730.49,
                    "Total Cost": 179890.53,
                    "Plan Rows": 413363,
                    "Plan Width": 4,
                    "Actual Startup Time": 20.344,
                    "Actual Total Time": 55.308,
                    "Actual Rows": 330462,
                    "Actual Loops": 2,
                    "Recheck Cond": "(info_type_id = 18)",
                    "Rows Removed by Index Recheck": 0,
                    "Exact Heap Blocks": 3766,
                    "Lossy Heap Blocks": 0,
                    "Plans": [
                      {
                        "Node Type": "Bitmap Index Scan",
                        "Parent Relationship": "Outer",
                        "Parallel Aware": false,
                        "Index Name": "info_type_id_movie_info",
                        "Startup Cost": 0.0,
                        "Total Cost": 12554.81,
                        "Plan Rows": 702717,
                        "Plan Width": 0,
                        "Actual Startup Time": 19.449,
                        "Actual Total Time": 19.45,
                        "Actual Rows": 660923,
                        "Actual Loops": 1,
                        "Index Cond": "(info_type_id = 18)"
                      }
                    ]
                  },
                  {
                    "Node Type": "Hash",
                    "Parent Relationship": "Inner",
                    "Parallel Aware": true,
                    "Startup Cost": 115791.28,
                    "Total Cost": 115791.28,
                    "Plan Rows": 698105,
                    "Plan Width": 8,
                    "Actual Startup Time": 945.964,
                    "Actual Total Time": 945.969,
                    "Actual Rows": 1443338,
                    "Actual Loops": 2,
                    "Hash Buckets": 4194304,
                    "Original Hash Buckets": 2097152,
                    "Hash Batches": 1,
                    "Original Hash Batches": 1,
                    "Peak Memory Usage": 162112,
                    "Plans": [
                      {
                        "Node Type": "Hash Join",
                        "Parent Relationship": "Outer",
                        "Parallel Aware": true,
                        "Join Type": "Inner",
                        "Startup Cost": 57740.43,
                        "Total Cost": 115791.28,
                        "Plan Rows": 698105,
                        "Plan Width": 8,
                        "Actual Startup Time": 232.281,
                        "Actual Total Time": 652.397,
                        "Actual Rows": 1443338,
                        "Actual Loops": 2,
                        "Inner Unique": true,
                        "Hash Cond": "(mk.movie_id = t.id)",
                        "Plans": [
                          {
                            "Node Type": "Seq Scan",
                            "Parent Relationship": "Outer",
                            "Parallel Aware": true,
                            "Relation Name": "movie_keyword",
                            "Alias": "mk",
                            "Startup Cost": 0.0,
                            "Total Cost": 51065.35,
                            "Plan Rows": 2661135,
                            "Plan Width": 4,
                            "Actual Startup Time": 0.014,
                            "Actual Total Time": 157.272,
                            "Actual Rows": 2261965,
                            "Actual Loops": 2
                          },
                          {
                            "Node Type": "Hash",
                            "Parent Relationship": "Inner",
                            "Parallel Aware": true,
                            "Startup Cost": 52863.55,
                            "Total Cost": 52863.55,
                            "Plan Rows": 390151,
                            "Plan Width": 4,
                            "Actual Startup Time": 162.267,
                            "Actual Total Time": 162.269,
                            "Actual Rows": 331412,
                            "Actual Loops": 2,
                            "Hash Buckets": 1048576,
                            "Original Hash Buckets": 1048576,
                            "Hash Batches": 1,
                            "Original Hash Batches": 1,
                            "Peak Memory Usage": 34144,
                            "Plans": [
                              {
                                "Node Type": "Bitmap Heap Scan",
                                "Parent Relationship": "Outer",
                                "Parallel Aware": true,
                                "Relation Name": "title",
                                "Alias": "t",
                                "Startup Cost": 11988.66,
                                "Total Cost": 52863.55,
                                "Plan Rows": 390151,
                                "Plan Width": 4,
                                "Actual Startup Time": 22.849,
                                "Actual Total Time": 84.436,
                                "Actual Rows": 331412,
                                "Actual Loops": 2,
                                "Recheck Cond": "(kind_id < 2)",
                                "Rows Removed by Index Recheck": 0,
                                "Exact Heap Blocks": 7755,
                                "Lossy Heap Blocks": 0,
                                "Plans": [
                                  {
                                    "Node Type": "Bitmap Index Scan",
                                    "Parent Relationship": "Outer",
                                    "Parallel Aware": false,
                                    "Index Name": "kind_id_title",
                                    "Startup Cost": 0.0,
                                    "Total Cost": 11822.85,
                                    "Plan Rows": 663256,
                                    "Plan Width": 0,
                                    "Actual Startup Time": 21.019,
                                    "Actual Total Time": 21.019,
                                    "Actual Rows": 662825,
                                    "Actual Loops": 1,
                                    "Index Cond": "(kind_id < 2)"
                                  }
                                ]
                              }
                            ]
                          }
                        ]
                      }
                    ]
                  }
                ]
              }
            ]
          }
        ]
      }
    ]
  },
  "Planning Time": 0.99,
  "Triggers": [],
  "Execution Time": 1575.568
}