[
  {
    "Plan": {
      "Node Type": "Aggregate",
      "Strategy": "Plain",
      "Partial Mode": "Finalize",
      "Parallel Aware": false,
      "Startup Cost": 343770.79,
      "Total Cost": 343770.8,
      "Plan Rows": 1,
      "Plan Width": 8,
      "Actual Startup Time": 854.773,
      "Actual Total Time": 912.43,
      "Actual Rows": 1,
      "Actual Loops": 1,
      "Plans": [
        {
          "Node Type": "Gather",
          "Parent Relationship": "Outer",
          "Parallel Aware": false,
          "Startup Cost": 343770.17,
          "Total Cost": 343770.78,
          "Plan Rows": 6,
          "Plan Width": 8,
          "Actual Startup Time": 854.608,
          "Actual Total Time": 912.419,
          "Actual Rows": 7,
          "Actual Loops": 1,
          "Workers Planned": 6,
          "Workers Launched": 6,
          "Single Copy": false,
          "Plans": [
            {
              "Node Type": "Aggregate",
              "Strategy": "Plain",
              "Partial Mode": "Partial",
              "Parent Relationship": "Outer",
              "Parallel Aware": false,
              "Startup Cost": 342770.17,
              "Total Cost": 342770.18,
              "Plan Rows": 1,
              "Plan Width": 8,
              "Actual Startup Time": 845.674,
              "Actual Total Time": 845.675,
              "Actual Rows": 1,
              "Actual Loops": 7,
              "Plans": [
                {
                  "Node Type": "Seq Scan",
                  "Parent Relationship": "Outer",
                  "Parallel Aware": true,
                  "Relation Name": "cast_info",
                  "Alias": "ci",
                  "Startup Cost": 0.0,
                  "Total Cost": 328162.03,
                  "Plan Rows": 5843257,
                  "Plan Width": 0,
                  "Actual Startup Time": 23.281,
                  "Actual Total Time": 640.117,
                  "Actual Rows": 5008294,
                  "Actual Loops": 7,
                  "Filter": "(person_id > 119892)",
                  "Rows Removed by Filter": 169470
                }
              ]
            }
          ]
        }
      ]
    },
    "Planning Time": 0.125,
    "Triggers": [],
    "Execution Time": 912.484
  }
]