[
  {
    "Plan": {
      "Node Type": "Aggregate",
      "Strategy": "Plain",
      "Partial Mode": "Finalize",
      "Parallel Aware": false,
      "Startup Cost": 385391.21,
      "Total Cost": 385391.22,
      "Plan Rows": 1,
      "Plan Width": 8,
      "Actual Startup Time": 1195.878,
      "Actual Total Time": 1263.239,
      "Actual Rows": 1,
      "Actual Loops": 1,
      "Plans": [
        {
          "Node Type": "Gather",
          "Parent Relationship": "Outer",
          "Parallel Aware": false,
          "Startup Cost": 385390.58,
          "Total Cost": 385391.19,
          "Plan Rows": 6,
          "Plan Width": 8,
          "Actual Startup Time": 1193.945,
          "Actual Total Time": 1263.226,
          "Actual Rows": 7,
          "Actual Loops": 1,
          "Workers Planned": 6,
          "Workers Launched": 6,
          "Single Copy": false,
          "Plans": [
            {
              "Node Type": "Aggregate",
              "Strategy": "Plain",
              "Partial Mode": "Partial",
              "Parent Relationship": "Outer",
              "Parallel Aware": false,
              "Startup Cost": 384390.58,
              "Total Cost": 384390.59,
              "Plan Rows": 1,
              "Plan Width": 8,
              "Actual Startup Time": 1183.408,
              "Actual Total Time": 1183.411,
              "Actual Rows": 1,
              "Actual Loops": 7,
              "Plans": [
                {
                  "Node Type": "Hash Join",
                  "Parent Relationship": "Outer",
                  "Parallel Aware": true,
                  "Join Type": "Inner",
                  "Startup Cost": 44402.73,
                  "Total Cost": 383713.52,
                  "Plan Rows": 270826,
                  "Plan Width": 0,
                  "Actual Startup Time": 187.451,
                  "Actual Total Time": 1169.971,
                  "Actual Rows": 262099,
                  "Actual Loops": 7,
                  "Inner Unique": true,
                  "Hash Cond": "(ci.movie_id = t.id)",
                  "Plans": [
                    {
                      "Node Type": "Seq Scan",
                      "Parent Relationship": "Outer",
                      "Parallel Aware": true,
                      "Relation Name": "cast_info",
                      "Alias": "ci",
                      "Startup Cost": 0.0,
                      "Total Cost": 328162.03,
                      "Plan Rows": 4247139,
                      "Plan Width": 4,
                      "Actual Startup Time": 104.152,
                      "Actual Total Time": 595.174,
                      "Actual Rows": 3638809,
                      "Actual Loops": 7,
                      "Filter": "(person_id > 1057432)",
                      "Rows Removed by Filter": 1538955
                    },
                    {
                      "Node Type": "Hash",
                      "Parent Relationship": "Inner",
                      "Parallel Aware": true,
                      "Startup Cost": 43898.92,
                      "Total Cost": 43898.92,
                      "Plan Rows": 40305,
                      "Plan Width": 4,
                      "Actual Startup Time": 81.38,
                      "Actual Total Time": 81.381,
                      "Actual Rows": 22860,
                      "Actual Loops": 7,
                      "Hash Buckets": 262144,
                      "Original Hash Buckets": 262144,
                      "Hash Batches": 1,
                      "Original Hash Batches": 1,
                      "Peak Memory Usage": 8448,
                      "Plans": [
                        {
                          "Node Type": "Seq Scan",
                          "Parent Relationship": "Outer",
                          "Parallel Aware": true,
                          "Relation Name": "title",
                          "Alias": "t",
                          "Startup Cost": 0.0,
                          "Total Cost": 43898.92,
                          "Plan Rows": 40305,
                          "Plan Width": 4,
                          "Actual Startup Time": 0.048,
                          "Actual Total Time": 70.814,
                          "Actual Rows": 22860,
                          "Actual Loops": 7,
                          "Filter": "(production_year = 2011)",
                          "Rows Removed by Filter": 338328
                        }
                      ]
                    }
                  ]
                }
              ]
            }
          ]
        }
      ]
    },
    "Planning Time": 0.57,
    "Triggers": [],
    "Execution Time": 1263.323
  }
]