[
  {
    "Plan": {
      "Node Type": "Aggregate",
      "Strategy": "Plain",
      "Partial Mode": "Finalize",
      "Parallel Aware": false,
      "Startup Cost": 33154.66,
      "Total Cost": 33154.67,
      "Plan Rows": 1,
      "Plan Width": 8,
      "Actual Startup Time": 107.591,
      "Actual Total Time": 115.664,
      "Actual Rows": 1,
      "Actual Loops": 1,
      "Plans": [
        {
          "Node Type": "Gather",
          "Parent Relationship": "Outer",
          "Parallel Aware": false,
          "Startup Cost": 33154.35,
          "Total Cost": 33154.66,
          "Plan Rows": 3,
          "Plan Width": 8,
          "Actual Startup Time": 107.33,
          "Actual Total Time": 115.656,
          "Actual Rows": 4,
          "Actual Loops": 1,
          "Workers Planned": 3,
          "Workers Launched": 3,
          "Single Copy": false,
          "Plans": [
            {
              "Node Type": "Aggregate",
              "Strategy": "Plain",
              "Partial Mode": "Partial",
              "Parent Relationship": "Outer",
              "Parallel Aware": false,
              "Startup Cost": 32154.35,
              "Total Cost": 32154.36,
              "Plan Rows": 1,
              "Plan Width": 8,
              "Actual Startup Time": 99.275,
              "Actual Total Time": 99.277,
              "Actual Rows": 1,
              "Actual Loops": 4,
              "Plans": [
                {
                  "Node Type": "Bitmap Heap Scan",
                  "Parent Relationship": "Outer",
                  "Parallel Aware": true,
                  "Relation Name": "movie_keyword",
                  "Alias": "mk",
                  "Startup Cost": 6270.53,
                  "Total Cost": 31916.04,
                  "Plan Rows": 95321,
                  "Plan Width": 0,
                  "Actual Startup Time": 36.132,
                  "Actual Total Time": 94.673,
                  "Actual Rows": 73193,
                  "Actual Loops": 4,
                  "Recheck Cond": "(keyword_id > 55121)",
                  "Rows Removed by Index Recheck": 0,
                  "Exact Heap Blocks": 10786,
                  "Lossy Heap Blocks": 0,
                  "Plans": [
                    {
                      "Node Type": "Bitmap Index Scan",
                      "Parent Relationship": "Outer",
                      "Parallel Aware": false,
                      "Index Name": "keyword_id_movie_keyword",
                      "Startup Cost": 0.0,
                      "Total Cost": 6196.65,
                      "Plan Rows": 295496,
                      "Plan Width": 0,
                      "Actual Startup Time": 39.33,
                      "Actual Total Time": 39.331,
                      "Actual Rows": 292772,
                      "Actual Loops": 1,
                      "Index Cond": "(keyword_id > 55121)"
                    }
                  ]
                }
              ]
            }
          ]
        }
      ]
    },
    "Planning Time": 0.192,
    "Triggers": [],
    "Execution Time": 115.743
  }
]