[
  {
    "Plan": {
      "Node Type": "Aggregate",
      "Strategy": "Plain",
      "Partial Mode": "Finalize",
      "Parallel Aware": false,
      "Startup Cost": 47252.34,
      "Total Cost": 47252.35,
      "Plan Rows": 1,
      "Plan Width": 8,
      "Actual Startup Time": 122.797,
      "Actual Total Time": 136.552,
      "Actual Rows": 1,
      "Actual Loops": 1,
      "Plans": [
        {
          "Node Type": "Gather",
          "Parent Relationship": "Outer",
          "Parallel Aware": false,
          "Startup Cost": 47251.92,
          "Total Cost": 47252.33,
          "Plan Rows": 4,
          "Plan Width": 8,
          "Actual Startup Time": 122.602,
          "Actual Total Time": 136.538,
          "Actual Rows": 5,
          "Actual Loops": 1,
          "Workers Planned": 4,
          "Workers Launched": 4,
          "Single Copy": false,
          "Plans": [
            {
              "Node Type": "Aggregate",
              "Strategy": "Plain",
              "Partial Mode": "Partial",
              "Parent Relationship": "Outer",
              "Parallel Aware": false,
              "Startup Cost": 46251.92,
              "Total Cost": 46251.93,
              "Plan Rows": 1,
              "Plan Width": 8,
              "Actual Startup Time": 113.614,
              "Actual Total Time": 113.616,
              "Actual Rows": 1,
              "Actual Loops": 5,
              "Plans": [
                {
                  "Node Type": "Seq Scan",
                  "Parent Relationship": "Outer",
                  "Parallel Aware": true,
                  "Relation Name": "title",
                  "Alias": "t",
                  "Startup Cost": 0.0,
                  "Total Cost": 45479.59,
                  "Plan Rows": 308932,
                  "Plan Width": 0,
                  "Actual Startup Time": 0.053,
                  "Actual Total Time": 99.979,
                  "Actual Rows": 239475,
                  "Actual Loops": 5,
                  "Filter": "((kind_id > 1) AND (production_year < 2008))",
                  "Rows Removed by Filter": 266188
                }
              ]
            }
          ]
        }
      ]
    },
    "Planning Time": 0.169,
    "Triggers": [],
    "Execution Time": 136.609
  }
]