{
  "Plan": {
    "Node Type": "Aggregate",
    "Strategy": "Plain",
    "Partial Mode": "Finalize",
    "Parallel Aware": false,
    "Startup Cost": 599011.36,
    "Total Cost": 599011.37,
    "Plan Rows": 1,
    "Plan Width": 8,
    "Actual Startup Time": 3892.093,
    "Actual Total Time": 3929.422,
    "Actual Rows": 1,
    "Actual Loops": 1,
    "Plans": [
      {
        "Node Type": "Gather",
        "Parent Relationship": "Outer",
        "Parallel Aware": false,
        "Startup Cost": 599011.25,
        "Total Cost": 599011.36,
        "Plan Rows": 1,
        "Plan Width": 8,
        "Actual Startup Time": 3886.159,
        "Actual Total Time": 3929.413,
        "Actual Rows": 2,
        "Actual Loops": 1,
        "Workers Planned": 1,
        "Workers Launched": 1,
        "Single Copy": false,
        "Plans": [
          {
            "Node Type": "Aggregate",
            "Strategy": "Plain",
            "Partial Mode": "Partial",
            "Parent Relationship": "Outer",
            "Parallel Aware": false,
            "Startup Cost": 598011.25,
            "Total Cost": 598011.26,
            "Plan Rows": 1,
            "Plan Width": 8,
            "Actual Startup Time": 3874.283,
            "Actual Total Time": 3874.288,
            "Actual Rows": 1,
            "Actual Loops": 2,
            "Plans": [
              {
                "Node Type": "Hash Join",
                "Parent Relationship": "Outer",
                "Parallel Aware": true,
                "Join Type": "Inner",
                "Startup Cost": 252529.28,
                "Total Cost": 597545.02,
                "Plan Rows": 186491,
                "Plan Width": 0,
                "Actual Startup Time": 993.604,
                "Actual Total Time": 3858.563,
                "Actual Rows": 281922,
                "Actual Loops": 2,
                "Inner Unique": false,
                "Hash Cond": "(t.id = mc.movie_id)",
                "Plans": [
                  {
                    "Node Type": "Hash Join",
                    "Parent Relationship": "Outer",
                    "Parallel Aware": true,
                    "Join Type": "Inner",
                    "Startup Cost": 229718.15,
                    "Total Cost": 546960.95,
                    "Plan Rows": 4268151,
                    "Plan Width": 8,
                    "Actual Startup Time": 946.194,
                    "Actual Total Time": 3236.431,
                    "Actual Rows": 3726299,
                    "Actual Loops": 2,
                    "Inner Unique": true,
                    "Hash Cond": "(ci.movie_id = t.id)",
                    "Plans": [
                      {
                        "Node Type": "Bitmap Heap Scan",
                        "Parent Relationship": "Outer",
                        "Parallel Aware": true,
                        "Relation Name": "cast_info",
                        "Alias": "ci",
                        "Startup Cost": 160257.45,
                        "Total Cost": 466296.33,
                        "Plan Rows": 4268151,
                        "Plan Width": 4,
                        "Actual Startup Time": 345.073,
                        "Actual Total Time": 771.127,
                        "Actual Rows": 3726299,
                        "Actual Loops": 2,
                        "Recheck Cond": "(person_id < 721479)",
                        "Rows Removed by Index Recheck": 0,
                        "Exact Heap Blocks": 35466,
                        "Lossy Heap Blocks": 0,
                        "Plans": [
                          {
                            "Node Type": "Bitmap Index Scan",
                            "Parent Relationship": "Outer",
                            "Parallel Aware": false,
                            "Index Name": "person_id_cast_info",
                            "Startup Cost": 0.0,
                            "Total Cost": 158443.48,
                            "Plan Rows": 7255856,
                            "Plan Width": 0,
                            "Actual Startup Time": 331.338,
                            "Actual Total Time": 331.339,
                            "Actual Rows": 7452598,
                            "Actual Loops": 1,
                            "Index Cond": "(person_id < 721479)"
                          }
                        ]
                      },
                      {
                        "Node Type": "Hash",
                        "Parent Relationship": "Inner",
                        "Parallel Aware": true,
                        "Startup Cost": 50870.31,
                        "Total Cost": 50870.31,
                        "Plan Rows": 1487231,
                        "Plan Width": 4,
                        "Actual Startup Time": 589.353,
                        "Actual Total Time": 589.354,
                        "Actual Rows": 1264156,
                        "Actual Loops": 2,
                        "Hash Buckets": 4194304,
                        "Original Hash Buckets": 4194304,
                        "Hash Batches": 1,
                        "Original Hash Batches": 1,
                        "Peak Memory Usage": 131712,
                        "Plans": [
                          {
                            "Node Type": "Seq Scan",
                            "Parent Relationship": "Outer",
                            "Parallel Aware": true,
                            "Relation Name": "title",
                            "Alias": "t",
                            "Startup Cost": 0.0,
                            "Total Cost": 50870.31,
                            "Plan Rows": 1487231,
                            "Plan Width": 4,
                            "Actual Startup Time": 0.016,
                            "Actual Total Time": 175.422,
                            "Actual Rows": 1264156,
                            "Actual Loops": 2
                          }
                        ]
                      }
                    ]
                  },
                  {
                    "Node Type": "Hash",
                    "Parent Relationship": "Inner",
                    "Parallel Aware": true,
                    "Startup Cost": 21998.85,
                    "Total Cost": 21998.85,
                    "Plan Rows": 64982,
                    "Plan Width": 4,
                    "Actual Startup Time": 45.413,
                    "Actual Total Time": 45.415,
                    "Actual Rows": 52553,
                    "Actual Loops": 2,
                    "Hash Buckets": 131072,
                    "Original Hash Buckets": 131072,
                    "Hash Batches": 1,
                    "Original Hash Batches": 1,
                    "Peak Memory Usage": 5152,
                    "Plans": [
                      {
                        "Node Type": "Bitmap Heap Scan",
                        "Parent Relationship": "Outer",
                        "Parallel Aware": true,
                        "Relation Name": "movie_companies",
                        "Alias": "mc",
                        "Startup Cost": 2396.57,
                        "Total Cost": 21998.85,
                        "Plan Rows": 64982,
                        "Plan Width": 4,
                        "Actual Startup Time": 8.571,
                        "Actual Total Time": 29.919,
                        "Actual Rows": 52553,
                        "Actual Loops": 2,
                        "Recheck Cond": "(company_id > 154575)",
                        "Rows Removed by Index Recheck": 0,
                        "Exact Heap Blocks": 2109,
                        "Lossy Heap Blocks": 0,
                        "Plans": [
                          {
                            "Node Type": "Bitmap Index Scan",
                            "Parent Relationship": "Outer",
                            "Parallel Aware": false,
                            "Index Name": "company_id_movie_companies",
                            "Startup Cost": 0.0,
                            "Total Cost": 2368.95,
                            "Plan Rows": 110470,
                            "Plan Width": 0,
                            "Actual Startup Time": 15.882,
                            "Actual Total Time": 15.882,
                            "Actual Rows": 105106,
                            "Actual Loops": 1,
                            "Index Cond": "(company_id > 154575)"
                          }
                        ]
                      }
                    ]
                  }
                ]
              }
            ]
          }
        ]
      }
    ]
  },
  "Planning Time": 1.056,
  "Triggers": [],
  "Execution Time": 3929.54
}