[
  {
    "Plan": {
      "Node Type": "Aggregate",
      "Strategy": "Plain",
      "Partial Mode": "Finalize",
      "Parallel Aware": false,
      "Startup Cost": 40685.82,
      "Total Cost": 40685.83,
      "Plan Rows": 1,
      "Plan Width": 8,
      "Actual Startup Time": 156.426,
      "Actual Total Time": 163.48,
      "Actual Rows": 1,
      "Actual Loops": 1,
      "Plans": [
        {
          "Node Type": "Gather",
          "Parent Relationship": "Outer",
          "Parallel Aware": false,
          "Startup Cost": 40685.5,
          "Total Cost": 40685.81,
          "Plan Rows": 3,
          "Plan Width": 8,
          "Actual Startup Time": 156.234,
          "Actual Total Time": 163.47,
          "Actual Rows": 4,
          "Actual Loops": 1,
          "Workers Planned": 3,
          "Workers Launched": 3,
          "Single Copy": false,
          "Plans": [
            {
              "Node Type": "Aggregate",
              "Strategy": "Plain",
              "Partial Mode": "Partial",
              "Parent Relationship": "Outer",
              "Parallel Aware": false,
              "Startup Cost": 39685.5,
              "Total Cost": 39685.51,
              "Plan Rows": 1,
              "Plan Width": 8,
              "Actual Startup Time": 149.175,
              "Actual Total Time": 149.177,
              "Actual Rows": 1,
              "Actual Loops": 4,
              "Plans": [
                {
                  "Node Type": "Bitmap Heap Scan",
                  "Parent Relationship": "Outer",
                  "Parallel Aware": true,
                  "Relation Name": "movie_keyword",
                  "Alias": "mk",
                  "Startup Cost": 12402.9,
                  "Total Cost": 39214.07,
                  "Plan Rows": 188573,
                  "Plan Width": 0,
                  "Actual Startup Time": 58.56,
                  "Actual Total Time": 139.588,
                  "Actual Rows": 149261,
                  "Actual Loops": 4,
                  "Recheck Cond": "(keyword_id < 438)",
                  "Rows Removed by Index Recheck": 0,
                  "Exact Heap Blocks": 7315,
                  "Lossy Heap Blocks": 0,
                  "Plans": [
                    {
                      "Node Type": "Bitmap Index Scan",
                      "Parent Relationship": "Outer",
                      "Parallel Aware": false,
                      "Index Name": "keyword_id_movie_keyword",
                      "Startup Cost": 0.0,
                      "Total Cost": 12256.76,
                      "Plan Rows": 584577,
                      "Plan Width": 0,
                      "Actual Startup Time": 58.843,
                      "Actual Total Time": 58.844,
                      "Actual Rows": 597043,
                      "Actual Loops": 1,
                      "Index Cond": "(keyword_id < 438)"
                    }
                  ]
                }
              ]
            }
          ]
        }
      ]
    },
    "Planning Time": 0.193,
    "Triggers": [],
    "Execution Time": 163.562
  }
]