[
  {
    "Plan": {
      "Node Type": "Aggregate",
      "Strategy": "Plain",
      "Partial Mode": "Finalize",
      "Parallel Aware": false,
      "Startup Cost": 92640.27,
      "Total Cost": 92640.28,
      "Plan Rows": 1,
      "Plan Width": 8,
      "Actual Startup Time": 323.424,
      "Actual Total Time": 360.939,
      "Actual Rows": 1,
      "Actual Loops": 1,
      "Plans": [
        {
          "Node Type": "Gather",
          "Parent Relationship": "Outer",
          "Parallel Aware": false,
          "Startup Cost": 92639.95,
          "Total Cost": 92640.26,
          "Plan Rows": 3,
          "Plan Width": 8,
          "Actual Startup Time": 323.028,
          "Actual Total Time": 360.932,
          "Actual Rows": 4,
          "Actual Loops": 1,
          "Workers Planned": 3,
          "Workers Launched": 3,
          "Single Copy": false,
          "Plans": [
            {
              "Node Type": "Aggregate",
              "Strategy": "Plain",
              "Partial Mode": "Partial",
              "Parent Relationship": "Outer",
              "Parallel Aware": false,
              "Startup Cost": 91639.95,
              "Total Cost": 91639.96,
              "Plan Rows": 1,
              "Plan Width": 8,
              "Actual Startup Time": 313.349,
              "Actual Total Time": 313.352,
              "Actual Rows": 1,
              "Actual Loops": 4,
              "Plans": [
                {
                  "Node Type": "Nested Loop",
                  "Parent Relationship": "Outer",
                  "Parallel Aware": false,
                  "Join Type": "Inner",
                  "Startup Cost": 45677.1,
                  "Total Cost": 91561.99,
                  "Plan Rows": 31183,
                  "Plan Width": 0,
                  "Actual Startup Time": 114.506,
                  "Actual Total Time": 307.614,
                  "Actual Rows": 119035,
                  "Actual Loops": 4,
                  "Inner Unique": false,
                  "Join Filter": "(t.id = mi.movie_id)",
                  "Rows Removed by Join Filter": 0,
                  "Plans": [
                    {
                      "Node Type": "Hash Join",
                      "Parent Relationship": "Outer",
                      "Parallel Aware": true,
                      "Join Type": "Inner",
                      "Startup Cost": 45676.66,
                      "Total Cost": 75547.19,
                      "Plan Rows": 5333,
                      "Plan Width": 8,
                      "Actual Startup Time": 114.419,
                      "Actual Total Time": 174.667,
                      "Actual Rows": 7027,
                      "Actual Loops": 4,
                      "Inner Unique": true,
                      "Hash Cond": "(mc.movie_id = t.id)",
                      "Plans": [
                        {
                          "Node Type": "Seq Scan",
                          "Parent Relationship": "Outer",
                          "Parallel Aware": true,
                          "Relation Name": "movie_companies",
                          "Alias": "mc",
                          "Startup Cost": 0.0,
                          "Total Cost": 29310.68,
                          "Plan Rows": 213274,
                          "Plan Width": 4,
                          "Actual Startup Time": 17.307,
                          "Actual Total Time": 56.379,
                          "Actual Rows": 168348,
                          "Actual Loops": 4,
                          "Filter": "(company_id > 49864)",
                          "Rows Removed by Filter": 483934
                        },
                        {
                          "Node Type": "Hash",
                          "Parent Relationship": "Inner",
                          "Parallel Aware": true,
                          "Startup Cost": 45479.1,
                          "Total Cost": 45479.1,
                          "Plan Rows": 15805,
                          "Plan Width": 4,
                          "Actual Startup Time": 96.349,
                          "Actual Total Time": 96.35,
                          "Actual Rows": 13442,
                          "Actual Loops": 4,
                          "Hash Buckets": 65536,
                          "Original Hash Buckets": 65536,
                          "Hash Batches": 1,
                          "Original Hash Batches": 1,
                          "Peak Memory Usage": 2720,
                          "Plans": [
                            {
                              "Node Type": "Seq Scan",
                              "Parent Relationship": "Outer",
                              "Parallel Aware": true,
                              "Relation Name": "title",
                              "Alias": "t",
                              "Startup Cost": 0.0,
                              "Total Cost": 45479.1,
                              "Plan Rows": 15805,
                              "Plan Width": 4,
                              "Actual Startup Time": 0.239,
                              "Actual Total Time": 91.683,
                              "Actual Rows": 13442,
                              "Actual Loops": 4,
                              "Filter": "((kind_id < 7) AND (production_year = 2011))",
                              "Rows Removed by Filter": 618636
                            }
                          ]
                        }
                      ]
                    },
                    {
                      "Node Type": "Index Only Scan",
                      "Parent Relationship": "Inner",
                      "Parallel Aware": false,
                      "Scan Direction": "Forward",
                      "Index Name": "movie_id_movie_info",
                      "Relation Name": "movie_info",
                      "Alias": "mi",
                      "Startup Cost": 0.43,
                      "Total Cost": 2.48,
                      "Plan Rows": 42,
                      "Plan Width": 4,
                      "Actual Startup Time": 0.006,
                      "Actual Total Time": 0.017,
                      "Actual Rows": 17,
                      "Actual Loops": 28107,
                      "Index Cond": "(movie_id = mc.movie_id)",
                      "Rows Removed by Index Recheck": 0,
                      "Heap Fetches": 476141
                    }
                  ]
                }
              ]
            }
          ]
        }
      ]
    },
    "Planning Time": 1.498,
    "Triggers": [],
    "Execution Time": 361.031
  }
]