[
  {
    "Plan": {
      "Node Type": "Aggregate",
      "Strategy": "Plain",
      "Partial Mode": "Finalize",
      "Parallel Aware": false,
      "Startup Cost": 45666.13,
      "Total Cost": 45666.14,
      "Plan Rows": 1,
      "Plan Width": 8,
      "Actual Startup Time": 180.058,
      "Actual Total Time": 191.669,
      "Actual Rows": 1,
      "Actual Loops": 1,
      "Plans": [
        {
          "Node Type": "Gather",
          "Parent Relationship": "Outer",
          "Parallel Aware": false,
          "Startup Cost": 45665.81,
          "Total Cost": 45666.12,
          "Plan Rows": 3,
          "Plan Width": 8,
          "Actual Startup Time": 179.854,
          "Actual Total Time": 191.656,
          "Actual Rows": 4,
          "Actual Loops": 1,
          "Workers Planned": 3,
          "Workers Launched": 3,
          "Single Copy": false,
          "Plans": [
            {
              "Node Type": "Aggregate",
              "Strategy": "Plain",
              "Partial Mode": "Partial",
              "Parent Relationship": "Outer",
              "Parallel Aware": false,
              "Startup Cost": 44665.81,
              "Total Cost": 44665.82,
              "Plan Rows": 1,
              "Plan Width": 8,
              "Actual Startup Time": 174.399,
              "Actual Total Time": 174.401,
              "Actual Rows": 1,
              "Actual Loops": 4,
              "Plans": [
                {
                  "Node Type": "Seq Scan",
                  "Parent Relationship": "Outer",
                  "Parallel Aware": true,
                  "Relation Name": "movie_keyword",
                  "Alias": "mk",
                  "Startup Cost": 0.0,
                  "Total Cost": 42695.65,
                  "Plan Rows": 788063,
                  "Plan Width": 0,
                  "Actual Startup Time": 0.039,
                  "Actual Total Time": 138.827,
                  "Actual Rows": 615808,
                  "Actual Loops": 4,
                  "Filter": "(keyword_id < 5911)",
                  "Rows Removed by Filter": 515174
                }
              ]
            }
          ]
        }
      ]
    },
    "Planning Time": 0.183,
    "Triggers": [],
    "Execution Time": 191.734
  }
]