{
    "Plan": {
        "Node Type": "Aggregate",
        "Strategy": "Plain",
        "Partial Mode": "Simple",
        "Parallel Aware": false,
        "Startup Cost": 10001444953.32,
        "Total Cost": 10001444953.33,
        "Plan Rows": 1,
        "Plan Width": 8,
        "Actual Startup Time": 9317.767,
        "Actual Total Time": 9317.771,
        "Actual Rows": 1,
        "Actual Loops": 1,
        "Output": [
            "count(*)"
        ],
        "Plans": [
            {
                "Node Type": "Hash Join",
                "Parent Relationship": "Outer",
                "Parallel Aware": false,
                "Join Type": "Inner",
                "Startup Cost": 10000181497.04,
                "Total Cost": 10001432679.41,
                "Plan Rows": 4909564,
                "Plan Width": 0,
                "Actual Startup Time": 1704.364,
                "Actual Total Time": 9140.138,
                "Actual Rows": 4302522,
                "Actual Loops": 1,
                "Inner Unique": false,
                "Hash Cond": "(t.id = mc.movie_id)",
                "Plans": [
                    {
                        "Node Type": "Hash Join",
                        "Parent Relationship": "Outer",
                        "Parallel Aware": false,
                        "Join Type": "Inner",
                        "Startup Cost": 10000107634.37,
                        "Total Cost": 10001224794.5,
                        "Plan Rows": 9705900,
                        "Plan Width": 8,
                        "Actual Startup Time": 1046.14,
                        "Actual Total Time": 7474.087,
                        "Actual Rows": 4961386,
                        "Actual Loops": 1,
                        "Output": [
                            "t.id",
                            "mi.movie_id"
                        ],
                        "Inner Unique": true,
                        "Hash Cond": "(mi.movie_id = t.id)",
                        "Plans": [
                            {
                                "Node Type": "Index Scan",
                                "Parent Relationship": "Outer",
                                "Parallel Aware": false,
                                "Scan Direction": "Forward",
                                "Index Name": "movie_id_movie_info",
                                "Relation Name": "movie_info",
                                "Schema": "public",
                                "Alias": "mi",
                                "Startup Cost": 10000000000.43,
                                "Total Cost": 10001078428.37,
                                "Plan Rows": 14755095,
                                "Plan Width": 4,
                                "Actual Startup Time": 0.04,
                                "Actual Total Time": 4148.959,
                                "Actual Rows": 14835720,
                                "Actual Loops": 1,
                                "Output": [
                                    "mi.id",
                                    "mi.movie_id",
                                    "mi.info_type_id",
                                    "mi.info",
                                    "mi.note"
                                ]
                            },
                            {
                                "Node Type": "Hash",
                                "Parent Relationship": "Inner",
                                "Parallel Aware": false,
                                "Startup Cost": 86844.81,
                                "Total Cost": 86844.81,
                                "Plan Rows": 1663130,
                                "Plan Width": 4,
                                "Actual Startup Time": 1035.558,
                                "Actual Total Time": 1035.559,
                                "Actual Rows": 1674098,
                                "Actual Loops": 1,
                                "Output": [
                                    "t.id"
                                ],
                                "Hash Buckets": 2097152,
                                "Original Hash Buckets": 2097152,
                                "Hash Batches": 1,
                                "Original Hash Batches": 1,
                                "Peak Memory Usage": 75240,
                                "Plans": [
                                    {
                                        "Node Type": "Bitmap Heap Scan",
                                        "Parent Relationship": "Outer",
                                        "Parallel Aware": false,
                                        "Relation Name": "title",
                                        "Schema": "public",
                                        "Alias": "t",
                                        "Startup Cost": 30057.69,
                                        "Total Cost": 86844.81,
                                        "Plan Rows": 1663130,
                                        "Plan Width": 4,
                                        "Actual Startup Time": 91.247,
                                        "Actual Total Time": 540.17,
                                        "Actual Rows": 1674098,
                                        "Actual Loops": 1,
                                        "Output": [
                                            "t.id"
                                        ],
                                        "Recheck Cond": "(t.kind_id > 3)",
                                        "Rows Removed by Index Recheck": 0,
                                        "Exact Heap Blocks": 35994,
                                        "Lossy Heap Blocks": 0,
                                        "Plans": [
                                            {
                                                "Node Type": "Bitmap Index Scan",
                                                "Parent Relationship": "Outer",
                                                "Parallel Aware": false,
                                                "Index Name": "kind_id_title",
                                                "Startup Cost": 0.0,
                                                "Total Cost": 29641.9,
                                                "Plan Rows": 1663130,
                                                "Plan Width": 0,
                                                "Actual Startup Time": 83.356,
                                                "Actual Total Time": 83.356,
                                                "Actual Rows": 1674098,
                                                "Actual Loops": 1,
                                                "Index Cond": "(t.kind_id > 3)"
                                            }
                                        ]
                                    }
                                ]
                            }
                        ]
                    },
                    {
                        "Node Type": "Hash",
                        "Parent Relationship": "Inner",
                        "Parallel Aware": false,
                        "Startup Cost": 57876.32,
                        "Total Cost": 57876.32,
                        "Plan Rows": 1278908,
                        "Plan Width": 4,
                        "Actual Startup Time": 640.845,
                        "Actual Total Time": 640.846,
                        "Actual Rows": 1274246,
                        "Actual Loops": 1,
                        "Output": [
                            "mc.movie_id"
                        ],
                        "Hash Buckets": 2097152,
                        "Original Hash Buckets": 2097152,
                        "Hash Batches": 1,
                        "Original Hash Batches": 1,
                        "Peak Memory Usage": 61182,
                        "Plans": [
                            {
                                "Node Type": "Bitmap Heap Scan",
                                "Parent Relationship": "Outer",
                                "Parallel Aware": false,
                                "Relation Name": "movie_companies",
                                "Schema": "public",
                                "Alias": "mc",
                                "Startup Cost": 23099.97,
                                "Total Cost": 57876.32,
                                "Plan Rows": 1278908,
                                "Plan Width": 4,
                                "Actual Startup Time": 70.95,
                                "Actual Total Time": 314.804,
                                "Actual Rows": 1274246,
                                "Actual Loops": 1,
                                "Output": [
                                    "mc.movie_id"
                                ],
                                "Recheck Cond": "(mc.company_type_id = 1)",
                                "Rows Removed by Index Recheck": 0,
                                "Exact Heap Blocks": 11177,
                                "Lossy Heap Blocks": 0,
                                "Plans": [
                                    {
                                        "Node Type": "Bitmap Index Scan",
                                        "Parent Relationship": "Outer",
                                        "Parallel Aware": false,
                                        "Index Name": "company_type_id_movie_companies",
                                        "Startup Cost": 0.0,
                                        "Total Cost": 22780.24,
                                        "Plan Rows": 1278908,
                                        "Plan Width": 0,
                                        "Actual Startup Time": 68.866,
                                        "Actual Total Time": 68.866,
                                        "Actual Rows": 1274246,
                                        "Actual Loops": 1,
                                        "Index Cond": "(mc.company_type_id = 1)"
                                    }
                                ]
                            }
                        ]
                    }
                ]
            }
        ]
    },
    "Planning Time": 2.939,
    "Triggers": [],
    "Execution Time": 9321.088
}