{
  "Plan": {
    "Node Type": "Aggregate",
    "Strategy": "Plain",
    "Partial Mode": "Finalize",
    "Parallel Aware": false,
    "Startup Cost": 23057.52,
    "Total Cost": 23057.53,
    "Plan Rows": 1,
    "Plan Width": 8,
    "Actual Startup Time": 44.781,
    "Actual Total Time": 50.073,
    "Actual Rows": 1,
    "Actual Loops": 1,
    "Plans": [
      {
        "Node Type": "Gather",
        "Parent Relationship": "Outer",
        "Parallel Aware": false,
        "Startup Cost": 23057.41,
        "Total Cost": 23057.52,
        "Plan Rows": 1,
        "Plan Width": 8,
        "Actual Startup Time": 44.697,
        "Actual Total Time": 50.069,
        "Actual Rows": 2,
        "Actual Loops": 1,
        "Workers Planned": 1,
        "Workers Launched": 1,
        "Single Copy": false,
        "Plans": [
          {
            "Node Type": "Aggregate",
            "Strategy": "Plain",
            "Partial Mode": "Partial",
            "Parent Relationship": "Outer",
            "Parallel Aware": false,
            "Startup Cost": 22057.41,
            "Total Cost": 22057.42,
            "Plan Rows": 1,
            "Plan Width": 8,
            "Actual Startup Time": 38.654,
            "Actual Total Time": 38.656,
            "Actual Rows": 1,
            "Actual Loops": 2,
            "Plans": [
              {
                "Node Type": "Nested Loop",
                "Parent Relationship": "Outer",
                "Parallel Aware": false,
                "Join Type": "Inner",
                "Startup Cost": 93.12,
                "Total Cost": 22039.74,
                "Plan Rows": 7068,
                "Plan Width": 0,
                "Actual Startup Time": 2.071,
                "Actual Total Time": 37.353,
                "Actual Rows": 12428,
                "Actual Loops": 2,
                "Inner Unique": false,
                "Plans": [
                  {
                    "Node Type": "Nested Loop",
                    "Parent Relationship": "Outer",
                    "Parallel Aware": false,
                    "Join Type": "Inner",
                    "Startup Cost": 92.69,
                    "Total Cost": 19703.91,
                    "Plan Rows": 1209,
                    "Plan Width": 8,
                    "Actual Startup Time": 1.934,
                    "Actual Total Time": 13.458,
                    "Actual Rows": 920,
                    "Actual Loops": 2,
                    "Inner Unique": true,
                    "Plans": [
                      {
                        "Node Type": "Bitmap Heap Scan",
                        "Parent Relationship": "Outer",
                        "Parallel Aware": true,
                        "Relation Name": "movie_companies",
                        "Alias": "mc",
                        "Startup Cost": 92.26,
                        "Total Cost": 10119.21,
                        "Plan Rows": 1209,
                        "Plan Width": 4,
                        "Actual Startup Time": 1.761,
                        "Actual Total Time": 5.092,
                        "Actual Rows": 920,
                        "Actual Loops": 2,
                        "Recheck Cond": "(company_id = 11244)",
                        "Rows Removed by Index Recheck": 0,
                        "Filter": "(company_type_id = 1)",
                        "Rows Removed by Filter": 978,
                        "Exact Heap Blocks": 1375,
                        "Lossy Heap Blocks": 0,
                        "Plans": [
                          {
                            "Node Type": "Bitmap Index Scan",
                            "Parent Relationship": "Outer",
                            "Parallel Aware": false,
                            "Index Name": "company_id_movie_companies",
                            "Startup Cost": 0.0,
                            "Total Cost": 91.74,
                            "Plan Rows": 4175,
                            "Plan Width": 0,
                            "Actual Startup Time": 2.609,
                            "Actual Total Time": 2.609,
                            "Actual Rows": 3796,
                            "Actual Loops": 1,
                            "Index Cond": "(company_id = 11244)"
                          }
                        ]
                      },
                      {
                        "Node Type": "Index Only Scan",
                        "Parent Relationship": "Inner",
                        "Parallel Aware": false,
                        "Scan Direction": "Forward",
                        "Index Name": "title_pkey",
                        "Relation Name": "title",
                        "Alias": "t",
                        "Startup Cost": 0.43,
                        "Total Cost": 7.93,
                        "Plan Rows": 1,
                        "Plan Width": 4,
                        "Actual Startup Time": 0.008,
                        "Actual Total Time": 0.008,
                        "Actual Rows": 1,
                        "Actual Loops": 1840,
                        "Index Cond": "(id = mc.movie_id)",
                        "Rows Removed by Index Recheck": 0,
                        "Heap Fetches": 1840
                      }
                    ]
                  },
                  {
                    "Node Type": "Index Only Scan",
                    "Parent Relationship": "Inner",
                    "Parallel Aware": false,
                    "Scan Direction": "Forward",
                    "Index Name": "movie_id_movie_info",
                    "Relation Name": "movie_info",
                    "Alias": "mi",
                    "Startup Cost": 0.43,
                    "Total Cost": 1.51,
                    "Plan Rows": 42,
                    "Plan Width": 4,
                    "Actual Startup Time": 0.009,
                    "Actual Total Time": 0.023,
                    "Actual Rows": 14,
                    "Actual Loops": 1840,
                    "Index Cond": "(movie_id = t.id)",
                    "Rows Removed by Index Recheck": 0,
                    "Heap Fetches": 24855
                  }
                ]
              }
            ]
          }
        ]
      }
    ]
  },
  "Planning Time": 0.977,
  "Triggers": [],
  "Execution Time": 50.163
}