[
  {
    "Plan": {
      "Node Type": "Aggregate",
      "Strategy": "Plain",
      "Partial Mode": "Finalize",
      "Parallel Aware": false,
      "Startup Cost": 286843.6,
      "Total Cost": 286843.61,
      "Plan Rows": 1,
      "Plan Width": 8,
      "Actual Startup Time": 1039.296,
      "Actual Total Time": 1093.609,
      "Actual Rows": 1,
      "Actual Loops": 1,
      "Plans": [
        {
          "Node Type": "Gather",
          "Parent Relationship": "Outer",
          "Parallel Aware": false,
          "Startup Cost": 286843.07,
          "Total Cost": 286843.58,
          "Plan Rows": 5,
          "Plan Width": 8,
          "Actual Startup Time": 1030.154,
          "Actual Total Time": 1093.598,
          "Actual Rows": 6,
          "Actual Loops": 1,
          "Workers Planned": 5,
          "Workers Launched": 5,
          "Single Copy": false,
          "Plans": [
            {
              "Node Type": "Aggregate",
              "Strategy": "Plain",
              "Partial Mode": "Partial",
              "Parent Relationship": "Outer",
              "Parallel Aware": false,
              "Startup Cost": 285843.07,
              "Total Cost": 285843.08,
              "Plan Rows": 1,
              "Plan Width": 8,
              "Actual Startup Time": 1018.413,
              "Actual Total Time": 1018.421,
              "Actual Rows": 1,
              "Actual Loops": 6,
              "Plans": [
                {
                  "Node Type": "Hash Join",
                  "Parent Relationship": "Outer",
                  "Parallel Aware": true,
                  "Join Type": "Inner",
                  "Startup Cost": 81398.33,
                  "Total Cost": 285144.6,
                  "Plan Rows": 279389,
                  "Plan Width": 0,
                  "Actual Startup Time": 410.077,
                  "Actual Total Time": 994.448,
                  "Actual Rows": 506548,
                  "Actual Loops": 6,
                  "Inner Unique": false,
                  "Hash Cond": "(mi.movie_id = t.id)",
                  "Plans": [
                    {
                      "Node Type": "Seq Scan",
                      "Parent Relationship": "Outer",
                      "Parallel Aware": true,
                      "Relation Name": "movie_info",
                      "Alias": "mi",
                      "Startup Cost": 0.0,
                      "Total Cost": 199108.24,
                      "Plan Rows": 996473,
                      "Plan Width": 4,
                      "Actual Startup Time": 0.022,
                      "Actual Total Time": 353.424,
                      "Actual Rows": 820661,
                      "Actual Loops": 6,
                      "Filter": "(info_type_id < 5)",
                      "Rows Removed by Filter": 1651959
                    },
                    {
                      "Node Type": "Hash",
                      "Parent Relationship": "Inner",
                      "Parallel Aware": true,
                      "Startup Cost": 78539.8,
                      "Total Cost": 78539.8,
                      "Plan Rows": 228682,
                      "Plan Width": 8,
                      "Actual Startup Time": 405.114,
                      "Actual Total Time": 405.119,
                      "Actual Rows": 136817,
                      "Actual Loops": 6,
                      "Hash Buckets": 1048576,
                      "Original Hash Buckets": 1048576,
                      "Hash Batches": 1,
                      "Original Hash Batches": 1,
                      "Peak Memory Usage": 40384,
                      "Plans": [
                        {
                          "Node Type": "Hash Join",
                          "Parent Relationship": "Outer",
                          "Parallel Aware": true,
                          "Join Type": "Inner",
                          "Startup Cost": 48100.0,
                          "Total Cost": 78539.8,
                          "Plan Rows": 228682,
                          "Plan Width": 8,
                          "Actual Startup Time": 237.909,
                          "Actual Total Time": 346.66,
                          "Actual Rows": 136817,
                          "Actual Loops": 6,
                          "Inner Unique": true,
                          "Hash Cond": "(mc.movie_id = t.id)",
                          "Plans": [
                            {
                              "Node Type": "Seq Scan",
                              "Parent Relationship": "Outer",
                              "Parallel Aware": true,
                              "Relation Name": "movie_companies",
                              "Alias": "mc",
                              "Startup Cost": 0.0,
                              "Total Cost": 29310.68,
                              "Plan Rows": 430142,
                              "Plan Width": 4,
                              "Actual Startup Time": 25.661,
                              "Actual Total Time": 56.996,
                              "Actual Rows": 222480,
                              "Actual Loops": 6,
                              "Filter": "(company_type_id > 1)",
                              "Rows Removed by Filter": 212374
                            },
                            {
                              "Node Type": "Hash",
                              "Parent Relationship": "Inner",
                              "Parallel Aware": true,
                              "Startup Cost": 43899.32,
                              "Total Cost": 43899.32,
                              "Plan Rows": 336054,
                              "Plan Width": 4,
                              "Actual Startup Time": 208.806,
                              "Actual Total Time": 208.808,
                              "Actual Rows": 224716,
                              "Actual Loops": 6,
                              "Hash Buckets": 2097152,
                              "Original Hash Buckets": 2097152,
                              "Hash Batches": 1,
                              "Original Hash Batches": 1,
                              "Peak Memory Usage": 69248,
                              "Plans": [
                                {
                                  "Node Type": "Seq Scan",
                                  "Parent Relationship": "Outer",
                                  "Parallel Aware": true,
                                  "Relation Name": "title",
                                  "Alias": "t",
                                  "Startup Cost": 0.0,
                                  "Total Cost": 43899.32,
                                  "Plan Rows": 336054,
                                  "Plan Width": 4,
                                  "Actual Startup Time": 0.095,
                                  "Actual Total Time": 92.833,
                                  "Actual Rows": 224716,
                                  "Actual Loops": 6,
                                  "Filter": "(production_year < 2005)",
                                  "Rows Removed by Filter": 196670
                                }
                              ]
                            }
                          ]
                        }
                      ]
                    }
                  ]
                }
              ]
            }
          ]
        }
      ]
    },
    "Planning Time": 1.592,
    "Triggers": [],
    "Execution Time": 1093.708
  }
]