[
  {
    "Plan": {
      "Node Type": "Aggregate",
      "Strategy": "Plain",
      "Partial Mode": "Finalize",
      "Parallel Aware": false,
      "Startup Cost": 349704.93,
      "Total Cost": 349704.94,
      "Plan Rows": 1,
      "Plan Width": 8,
      "Actual Startup Time": 719.033,
      "Actual Total Time": 778.002,
      "Actual Rows": 1,
      "Actual Loops": 1,
      "Plans": [
        {
          "Node Type": "Gather",
          "Parent Relationship": "Outer",
          "Parallel Aware": false,
          "Startup Cost": 349704.3,
          "Total Cost": 349704.91,
          "Plan Rows": 6,
          "Plan Width": 8,
          "Actual Startup Time": 718.887,
          "Actual Total Time": 777.993,
          "Actual Rows": 7,
          "Actual Loops": 1,
          "Workers Planned": 6,
          "Workers Launched": 6,
          "Single Copy": false,
          "Plans": [
            {
              "Node Type": "Aggregate",
              "Strategy": "Plain",
              "Partial Mode": "Partial",
              "Parent Relationship": "Outer",
              "Parallel Aware": false,
              "Startup Cost": 348704.3,
              "Total Cost": 348704.32,
              "Plan Rows": 1,
              "Plan Width": 8,
              "Actual Startup Time": 709.751,
              "Actual Total Time": 709.752,
              "Actual Rows": 1,
              "Actual Loops": 7,
              "Plans": [
                {
                  "Node Type": "Seq Scan",
                  "Parent Relationship": "Outer",
                  "Parallel Aware": true,
                  "Relation Name": "cast_info",
                  "Alias": "ci",
                  "Startup Cost": 0.0,
                  "Total Cost": 343257.03,
                  "Plan Rows": 2178910,
                  "Plan Width": 0,
                  "Actual Startup Time": 237.241,
                  "Actual Total Time": 661.777,
                  "Actual Rows": 1044080,
                  "Actual Loops": 7,
                  "Filter": "((person_id < 2006720) AND (role_id > 1))",
                  "Rows Removed by Filter": 4133683
                }
              ]
            }
          ]
        }
      ]
    },
    "Planning Time": 0.223,
    "Triggers": [],
    "Execution Time": 778.102
  }
]