[
    {
        "Bao": {
            "Bao prediction": "NaN",
            "Bao recommended hint": "(no hint)"
        }
    },
    {
        "Plan": {
            "Node Type": "Aggregate",
            "Strategy": "Plain",
            "Partial Mode": "Finalize",
            "Parallel Aware": false,
            "Startup Cost": 348785.23,
            "Total Cost": 348785.24,
            "Plan Rows": 1,
            "Plan Width": 8,
            "Actual Startup Time": 794.947,
            "Actual Total Time": 830.007,
            "Actual Rows": 1,
            "Actual Loops": 1,
            "Output": [
                "count(*)"
            ],
            "Plans": [
                {
                    "Node Type": "Gather",
                    "Parent Relationship": "Outer",
                    "Parallel Aware": false,
                    "Startup Cost": 348784.61,
                    "Total Cost": 348785.22,
                    "Plan Rows": 6,
                    "Plan Width": 8,
                    "Actual Startup Time": 794.799,
                    "Actual Total Time": 829.996,
                    "Actual Rows": 7,
                    "Actual Loops": 1,
                    "Output": [
                        "(PARTIAL count(*))"
                    ],
                    "Workers Planned": 6,
                    "Workers Launched": 6,
                    "Single Copy": false,
                    "Plans": [
                        {
                            "Node Type": "Aggregate",
                            "Strategy": "Plain",
                            "Partial Mode": "Partial",
                            "Parent Relationship": "Outer",
                            "Parallel Aware": false,
                            "Startup Cost": 347784.61,
                            "Total Cost": 347784.62,
                            "Plan Rows": 1,
                            "Plan Width": 8,
                            "Actual Startup Time": 784.695,
                            "Actual Total Time": 784.696,
                            "Actual Rows": 1,
                            "Actual Loops": 7,
                            "Output": [
                                "PARTIAL count(*)"
                            ],
                            "Workers": [
                                {
                                    "Worker Number": 0,
                                    "Actual Startup Time": 781.906,
                                    "Actual Total Time": 781.907,
                                    "Actual Rows": 1,
                                    "Actual Loops": 1
                                },
                                {
                                    "Worker Number": 1,
                                    "Actual Startup Time": 782.049,
                                    "Actual Total Time": 782.05,
                                    "Actual Rows": 1,
                                    "Actual Loops": 1
                                },
                                {
                                    "Worker Number": 2,
                                    "Actual Startup Time": 782.874,
                                    "Actual Total Time": 782.876,
                                    "Actual Rows": 1,
                                    "Actual Loops": 1
                                },
                                {
                                    "Worker Number": 3,
                                    "Actual Startup Time": 783.322,
                                    "Actual Total Time": 783.323,
                                    "Actual Rows": 1,
                                    "Actual Loops": 1
                                },
                                {
                                    "Worker Number": 4,
                                    "Actual Startup Time": 784.035,
                                    "Actual Total Time": 784.036,
                                    "Actual Rows": 1,
                                    "Actual Loops": 1
                                },
                                {
                                    "Worker Number": 5,
                                    "Actual Startup Time": 784.21,
                                    "Actual Total Time": 784.211,
                                    "Actual Rows": 1,
                                    "Actual Loops": 1
                                }
                            ],
                            "Plans": [
                                {
                                    "Node Type": "Seq Scan",
                                    "Parent Relationship": "Outer",
                                    "Parallel Aware": true,
                                    "Relation Name": "cast_info",
                                    "Schema": "public",
                                    "Alias": "ci",
                                    "Startup Cost": 0.0,
                                    "Total Cost": 343318.94,
                                    "Plan Rows": 1786268,
                                    "Plan Width": 0,
                                    "Actual Startup Time": 352.605,
                                    "Actual Total Time": 689.376,
                                    "Actual Rows": 1825661,
                                    "Actual Loops": 7,
                                    "Output": [
                                        "id",
                                        "person_id",
                                        "movie_id",
                                        "person_role_id",
                                        "note",
                                        "nr_order",
                                        "role_id"
                                    ],
                                    "Filter": "((ci.person_id > 1185241) AND (ci.role_id > 2))",
                                    "Rows Removed by Filter": 3352102,
                                    "Workers": [
                                        {
                                            "Worker Number": 0,
                                            "Actual Startup Time": 349.828,
                                            "Actual Total Time": 689.277,
                                            "Actual Rows": 1392935,
                                            "Actual Loops": 1
                                        },
                                        {
                                            "Worker Number": 1,
                                            "Actual Startup Time": 349.968,
                                            "Actual Total Time": 689.064,
                                            "Actual Rows": 1398043,
                                            "Actual Loops": 1
                                        },
                                        {
                                            "Worker Number": 2,
                                            "Actual Startup Time": 350.788,
                                            "Actual Total Time": 688.581,
                                            "Actual Rows": 1415280,
                                            "Actual Loops": 1
                                        },
                                        {
                                            "Worker Number": 3,
                                            "Actual Startup Time": 351.224,
                                            "Actual Total Time": 692.32,
                                            "Actual Rows": 2230913,
                                            "Actual Loops": 1
                                        },
                                        {
                                            "Worker Number": 4,
                                            "Actual Startup Time": 351.924,
                                            "Actual Total Time": 690.003,
                                            "Actual Rows": 1412913,
                                            "Actual Loops": 1
                                        },
                                        {
                                            "Worker Number": 5,
                                            "Actual Startup Time": 352.119,
                                            "Actual Total Time": 690.123,
                                            "Actual Rows": 2236363,
                                            "Actual Loops": 1
                                        }
                                    ]
                                }
                            ]
                        }
                    ]
                }
            ]
        },
        "Planning Time": 182.507,
        "Triggers": [],
        "Execution Time": 830.062
    }
]