[
    {
        "Bao": {
            "Bao prediction": "NaN",
            "Bao recommended hint": "(no hint)"
        }
    },
    {
        "Plan": {
            "Node Type": "Aggregate",
            "Strategy": "Plain",
            "Partial Mode": "Finalize",
            "Parallel Aware": false,
            "Startup Cost": 47597.28,
            "Total Cost": 47597.29,
            "Plan Rows": 1,
            "Plan Width": 8,
            "Actual Startup Time": 96.064,
            "Actual Total Time": 101.502,
            "Actual Rows": 1,
            "Actual Loops": 1,
            "Output": [
                "count(*)"
            ],
            "Plans": [
                {
                    "Node Type": "Gather",
                    "Parent Relationship": "Outer",
                    "Parallel Aware": false,
                    "Startup Cost": 47596.86,
                    "Total Cost": 47597.27,
                    "Plan Rows": 4,
                    "Plan Width": 8,
                    "Actual Startup Time": 96.021,
                    "Actual Total Time": 101.491,
                    "Actual Rows": 5,
                    "Actual Loops": 1,
                    "Output": [
                        "(PARTIAL count(*))"
                    ],
                    "Workers Planned": 4,
                    "Workers Launched": 4,
                    "Single Copy": false,
                    "Plans": [
                        {
                            "Node Type": "Aggregate",
                            "Strategy": "Plain",
                            "Partial Mode": "Partial",
                            "Parent Relationship": "Outer",
                            "Parallel Aware": false,
                            "Startup Cost": 46596.86,
                            "Total Cost": 46596.87,
                            "Plan Rows": 1,
                            "Plan Width": 8,
                            "Actual Startup Time": 87.047,
                            "Actual Total Time": 87.048,
                            "Actual Rows": 1,
                            "Actual Loops": 5,
                            "Output": [
                                "PARTIAL count(*)"
                            ],
                            "Workers": [
                                {
                                    "Worker Number": 0,
                                    "Actual Startup Time": 84.346,
                                    "Actual Total Time": 84.347,
                                    "Actual Rows": 1,
                                    "Actual Loops": 1
                                },
                                {
                                    "Worker Number": 1,
                                    "Actual Startup Time": 84.768,
                                    "Actual Total Time": 84.769,
                                    "Actual Rows": 1,
                                    "Actual Loops": 1
                                },
                                {
                                    "Worker Number": 2,
                                    "Actual Startup Time": 85.024,
                                    "Actual Total Time": 85.025,
                                    "Actual Rows": 1,
                                    "Actual Loops": 1
                                },
                                {
                                    "Worker Number": 3,
                                    "Actual Startup Time": 85.422,
                                    "Actual Total Time": 85.422,
                                    "Actual Rows": 1,
                                    "Actual Loops": 1
                                }
                            ],
                            "Plans": [
                                {
                                    "Node Type": "Index Scan",
                                    "Parent Relationship": "Outer",
                                    "Parallel Aware": true,
                                    "Scan Direction": "Forward",
                                    "Index Name": "role_id_cast_info",
                                    "Relation Name": "cast_info",
                                    "Schema": "public",
                                    "Alias": "ci",
                                    "Startup Cost": 0.56,
                                    "Total Cost": 45790.64,
                                    "Plan Rows": 322490,
                                    "Plan Width": 0,
                                    "Actual Startup Time": 0.139,
                                    "Actual Total Time": 73.507,
                                    "Actual Rows": 268542,
                                    "Actual Loops": 5,
                                    "Output": [
                                        "id",
                                        "person_id",
                                        "movie_id",
                                        "person_role_id",
                                        "note",
                                        "nr_order",
                                        "role_id"
                                    ],
                                    "Index Cond": "(ci.role_id = 8)",
                                    "Rows Removed by Index Recheck": 0,
                                    "Filter": "(ci.person_id > 776765)",
                                    "Rows Removed by Filter": 72166,
                                    "Workers": [
                                        {
                                            "Worker Number": 0,
                                            "Actual Startup Time": 0.157,
                                            "Actual Total Time": 71.463,
                                            "Actual Rows": 248135,
                                            "Actual Loops": 1
                                        },
                                        {
                                            "Worker Number": 1,
                                            "Actual Startup Time": 0.157,
                                            "Actual Total Time": 71.844,
                                            "Actual Rows": 250173,
                                            "Actual Loops": 1
                                        },
                                        {
                                            "Worker Number": 2,
                                            "Actual Startup Time": 0.208,
                                            "Actual Total Time": 72.236,
                                            "Actual Rows": 250215,
                                            "Actual Loops": 1
                                        },
                                        {
                                            "Worker Number": 3,
                                            "Actual Startup Time": 0.138,
                                            "Actual Total Time": 72.252,
                                            "Actual Rows": 249997,
                                            "Actual Loops": 1
                                        }
                                    ]
                                }
                            ]
                        }
                    ]
                }
            ]
        },
        "Planning Time": 201.804,
        "Triggers": [],
        "Execution Time": 101.558
    }
]