{
  "Plan": {
    "Node Type": "Aggregate",
    "Strategy": "Plain",
    "Partial Mode": "Simple",
    "Parallel Aware": false,
    "Startup Cost": 363952.76,
    "Total Cost": 363952.77,
    "Plan Rows": 1,
    "Plan Width": 64,
    "Actual Startup Time": 3206.418,
    "Actual Total Time": 3206.512,
    "Actual Rows": 1,
    "Actual Loops": 1,
    "Plans": [
      {
        "Node Type": "Gather",
        "Parent Relationship": "Outer",
        "Parallel Aware": false,
        "Startup Cost": 179344.94,
        "Total Cost": 363952.76,
        "Plan Rows": 1,
        "Plan Width": 32,
        "Actual Startup Time": 3206.413,
        "Actual Total Time": 3206.507,
        "Actual Rows": 0,
        "Actual Loops": 1,
        "Workers Planned": 1,
        "Workers Launched": 1,
        "Single Copy": false,
        "Plans": [
          {
            "Node Type": "Nested Loop",
            "Parent Relationship": "Outer",
            "Parallel Aware": false,
            "Join Type": "Inner",
            "Startup Cost": 178344.94,
            "Total Cost": 362952.66,
            "Plan Rows": 1,
            "Plan Width": 32,
            "Actual Startup Time": 3021.225,
            "Actual Total Time": 3021.232,
            "Actual Rows": 0,
            "Actual Loops": 2,
            "Inner Unique": true,
            "Plans": [
              {
                "Node Type": "Nested Loop",
                "Parent Relationship": "Outer",
                "Parallel Aware": false,
                "Join Type": "Inner",
                "Startup Cost": 178344.8,
                "Total Cost": 362952.48,
                "Plan Rows": 1,
                "Plan Width": 36,
                "Actual Startup Time": 3021.224,
                "Actual Total Time": 3021.23,
                "Actual Rows": 0,
                "Actual Loops": 2,
                "Inner Unique": true,
                "Plans": [
                  {
                    "Node Type": "Nested Loop",
                    "Parent Relationship": "Outer",
                    "Parallel Aware": false,
                    "Join Type": "Inner",
                    "Startup Cost": 178344.37,
                    "Total Cost": 362469.35,
                    "Plan Rows": 853,
                    "Plan Width": 29,
                    "Actual Startup Time": 708.936,
                    "Actual Total Time": 2968.53,
                    "Actual Rows": 30846,
                    "Actual Loops": 2,
                    "Inner Unique": false,
                    "Join Filter": "(t.id = mi.movie_id)",
                    "Rows Removed by Join Filter": 0,
                    "Plans": [
                      {
                        "Node Type": "Nested Loop",
                        "Parent Relationship": "Outer",
                        "Parallel Aware": false,
                        "Join Type": "Inner",
                        "Startup Cost": 178343.93,
                        "Total Cost": 357264.29,
                        "Plan Rows": 3087,
                        "Plan Width": 37,
                        "Actual Startup Time": 708.894,
                        "Actual Total Time": 2682.597,
                        "Actual Rows": 20198,
                        "Actual Loops": 2,
                        "Inner Unique": true,
                        "Plans": [
                          {
                            "Node Type": "Nested Loop",
                            "Parent Relationship": "Outer",
                            "Parallel Aware": false,
                            "Join Type": "Inner",
                            "Startup Cost": 178343.51,
                            "Total Cost": 353069.55,
                            "Plan Rows": 8511,
                            "Plan Width": 41,
                            "Actual Startup Time": 708.875,
                            "Actual Total Time": 2651.56,
                            "Actual Rows": 20718,
                            "Actual Loops": 2,
                            "Inner Unique": true,
                            "Plans": [
                              {
                                "Node Type": "Nested Loop",
                                "Parent Relationship": "Outer",
                                "Parallel Aware": false,
                                "Join Type": "Inner",
                                "Startup Cost": 178343.08,
                                "Total Cost": 348606.13,
                                "Plan Rows": 8511,
                                "Plan Width": 45,
                                "Actual Startup Time": 708.825,
                                "Actual Total Time": 2603.271,
                                "Actual Rows": 21774,
                                "Actual Loops": 2,
                                "Inner Unique": false,
                                "Plans": [
                                  {
                                    "Node Type": "Hash Join",
                                    "Parent Relationship": "Outer",
                                    "Parallel Aware": false,
                                    "Join Type": "Inner",
                                    "Startup Cost": 178342.66,
                                    "Total Cost": 346778.57,
                                    "Plan Rows": 3629,
                                    "Plan Width": 41,
                                    "Actual Startup Time": 708.378,
                                    "Actual Total Time": 2567.146,
                                    "Actual Rows": 9588,
                                    "Actual Loops": 2,
                                    "Inner Unique": true,
                                    "Hash Cond": "(ci.role_id = rt.id)",
                                    "Plans": [
                                      {
                                        "Node Type": "Nested Loop",
                                        "Parent Relationship": "Outer",
                                        "Parallel Aware": false,
                                        "Join Type": "Inner",
                                        "Startup Cost": 178341.5,
                                        "Total Cost": 346622.71,
                                        "Plan Rows": 43550,
                                        "Plan Width": 45,
                                        "Actual Startup Time": 706.779,
                                        "Actual Total Time": 2556.137,
                                        "Actual Rows": 112762,
                                        "Actual Loops": 2,
                                        "Inner Unique": false,
                                        "Plans": [
                                          {
                                            "Node Type": "Merge Join",
                                            "Parent Relationship": "Outer",
                                            "Parallel Aware": false,
                                            "Join Type": "Inner",
                                            "Startup Cost": 178340.93,
                                            "Total Cost": 182162.32,
                                            "Plan Rows": 44387,
                                            "Plan Width": 29,
                                            "Actual Startup Time": 706.508,
                                            "Actual Total Time": 873.358,
                                            "Actual Rows": 57176,
                                            "Actual Loops": 2,
                                            "Inner Unique": false,
                                            "Merge Cond": "(t.id = mc.movie_id)",
                                            "Plans": [
                                              {
                                                "Node Type": "Sort",
                                                "Parent Relationship": "Outer",
                                                "Parallel Aware": false,
                                                "Startup Cost": 93765.33,
                                                "Total Cost": 94721.38,
                                                "Plan Rows": 382422,
                                                "Plan Width": 21,
                                                "Actual Startup Time": 252.956,
                                                "Actual Total Time": 309.637,
                                                "Actual Rows": 324698,
                                                "Actual Loops": 2,
                                                "Sort Key": [
                                                  "t.id"
                                                ],
                                                "Sort Method": "quicksort",
                                                "Sort Space Used": 39113,
                                                "Sort Space Type": "Memory",
                                                "Workers": [
                                                  {
                                                    "Worker Number": 0,
                                                    "Sort Method": "quicksort",
                                                    "Sort Space Used": 30812,
                                                    "Sort Space Type": "Memory"
                                                  }
                                                ],
                                                "Plans": [
                                                  {
                                                    "Node Type": "Seq Scan",
                                                    "Parent Relationship": "Outer",
                                                    "Parallel Aware": true,
                                                    "Relation Name": "title",
                                                    "Alias": "t",
                                                    "Startup Cost": 0.0,
                                                    "Total Cost": 58305.62,
                                                    "Plan Rows": 382422,
                                                    "Plan Width": 21,
                                                    "Actual Startup Time": 0.027,
                                                    "Actual Total Time": 158.291,
                                                    "Actual Rows": 324770,
                                                    "Actual Loops": 2,
                                                    "Filter": "((production_year >= 2000) AND (production_year <= 2007))",
                                                    "Rows Removed by Filter": 939386
                                                  }
                                                ]
                                              },
                                              {
                                                "Node Type": "Sort",
                                                "Parent Relationship": "Inner",
                                                "Parallel Aware": false,
                                                "Startup Cost": 84575.55,
                                                "Total Cost": 85309.16,
                                                "Plan Rows": 293443,
                                                "Plan Width": 8,
                                                "Actual Startup Time": 453.521,
                                                "Actual Total Time": 484.975,
                                                "Actual Rows": 590994,
                                                "Actual Loops": 2,
                                                "Sort Key": [
                                                  "mc.movie_id"
                                                ],
                                                "Sort Method": "quicksort",
                                                "Sort Space Used": 52279,
                                                "Sort Space Type": "Memory",
                                                "Workers": [
                                                  {
                                                    "Worker Number": 0,
                                                    "Sort Method": "quicksort",
                                                    "Sort Space Used": 52279,
                                                    "Sort Space Type": "Memory"
                                                  }
                                                ],
                                                "Plans": [
                                                  {
                                                    "Node Type": "Seq Scan",
                                                    "Parent Relationship": "Outer",
                                                    "Parallel Aware": false,
                                                    "Relation Name": "movie_companies",
                                                    "Alias": "mc",
                                                    "Startup Cost": 0.0,
                                                    "Total Cost": 57926.93,
                                                    "Plan Rows": 293443,
                                                    "Plan Width": 8,
                                                    "Actual Startup Time": 0.036,
                                                    "Actual Total Time": 340.147,
                                                    "Actual Rows": 590994,
                                                    "Actual Loops": 2,
                                                    "Filter": "((note IS NOT NULL) AND ((note ~~ '%(USA)%'::text) OR (note ~~ '%(worldwide)%'::text)))",
                                                    "Rows Removed by Filter": 2018135
                                                  }
                                                ]
                                              }
                                            ]
                                          },
                                          {
                                            "Node Type": "Index Scan",
                                            "Parent Relationship": "Inner",
                                            "Parallel Aware": false,
                                            "Scan Direction": "Forward",
                                            "Index Name": "movie_id_cast_info",
                                            "Relation Name": "cast_info",
                                            "Alias": "ci",
                                            "Startup Cost": 0.56,
                                            "Total Cost": 3.69,
                                            "Plan Rows": 2,
                                            "Plan Width": 16,
                                            "Actual Startup Time": 0.019,
                                            "Actual Total Time": 0.029,
                                            "Actual Rows": 2,
                                            "Actual Loops": 114351,
                                            "Index Cond": "(movie_id = t.id)",
                                            "Rows Removed by Index Recheck": 0,
                                            "Filter": "(note = ANY ('{(voice),(writer),\"(executive producer)\",\"(as Janel Maloney)\"}'::text[]))",
                                            "Rows Removed by Filter": 30
                                          }
                                        ]
                                      },
                                      {
                                        "Node Type": "Hash",
                                        "Parent Relationship": "Inner",
                                        "Parallel Aware": false,
                                        "Startup Cost": 1.15,
                                        "Total Cost": 1.15,
                                        "Plan Rows": 1,
                                        "Plan Width": 4,
                                        "Actual Startup Time": 0.058,
                                        "Actual Total Time": 0.059,
                                        "Actual Rows": 1,
                                        "Actual Loops": 2,
                                        "Hash Buckets": 1024,
                                        "Original Hash Buckets": 1024,
                                        "Hash Batches": 1,
                                        "Original Hash Batches": 1,
                                        "Peak Memory Usage": 9,
                                        "Plans": [
                                          {
                                            "Node Type": "Seq Scan",
                                            "Parent Relationship": "Outer",
                                            "Parallel Aware": false,
                                            "Relation Name": "role_type",
                                            "Alias": "rt",
                                            "Startup Cost": 0.0,
                                            "Total Cost": 1.15,
                                            "Plan Rows": 1,
                                            "Plan Width": 4,
                                            "Actual Startup Time": 0.039,
                                            "Actual Total Time": 0.043,
                                            "Actual Rows": 1,
                                            "Actual Loops": 2,
                                            "Filter": "((role)::text = 'actress'::text)",
                                            "Rows Removed by Filter": 11
                                          }
                                        ]
                                      }
                                    ]
                                  },
                                  {
                                    "Node Type": "Index Only Scan",
                                    "Parent Relationship": "Inner",
                                    "Parallel Aware": false,
                                    "Scan Direction": "Forward",
                                    "Index Name": "person_id_aka_name",
                                    "Relation Name": "aka_name",
                                    "Alias": "an",
                                    "Startup Cost": 0.42,
                                    "Total Cost": 0.48,
                                    "Plan Rows": 2,
                                    "Plan Width": 4,
                                    "Actual Startup Time": 0.003,
                                    "Actual Total Time": 0.003,
                                    "Actual Rows": 2,
                                    "Actual Loops": 19175,
                                    "Index Cond": "(person_id = ci.person_id)",
                                    "Rows Removed by Index Recheck": 0,
                                    "Heap Fetches": 43548
                                  }
                                ]
                              },
                              {
                                "Node Type": "Index Only Scan",
                                "Parent Relationship": "Inner",
                                "Parallel Aware": false,
                                "Scan Direction": "Forward",
                                "Index Name": "char_name_pkey",
                                "Relation Name": "char_name",
                                "Alias": "chn",
                                "Startup Cost": 0.43,
                                "Total Cost": 0.52,
                                "Plan Rows": 1,
                                "Plan Width": 4,
                                "Actual Startup Time": 0.002,
                                "Actual Total Time": 0.002,
                                "Actual Rows": 1,
                                "Actual Loops": 43548,
                                "Index Cond": "(id = ci.person_role_id)",
                                "Rows Removed by Index Recheck": 0,
                                "Heap Fetches": 41435
                              }
                            ]
                          },
                          {
                            "Node Type": "Index Scan",
                            "Parent Relationship": "Inner",
                            "Parallel Aware": false,
                            "Scan Direction": "Forward",
                            "Index Name": "company_name_pkey",
                            "Relation Name": "company_name",
                            "Alias": "cn",
                            "Startup Cost": 0.42,
                            "Total Cost": 0.49,
                            "Plan Rows": 1,
                            "Plan Width": 4,
                            "Actual Startup Time": 0.001,
                            "Actual Total Time": 0.001,
                            "Actual Rows": 1,
                            "Actual Loops": 41435,
                            "Index Cond": "(id = mc.company_id)",
                            "Rows Removed by Index Recheck": 0,
                            "Filter": "((country_code)::text = '[us]'::text)",
                            "Rows Removed by Filter": 0
                          }
                        ]
                      },
                      {
                        "Node Type": "Index Scan",
                        "Parent Relationship": "Inner",
                        "Parallel Aware": false,
                        "Scan Direction": "Forward",
                        "Index Name": "movie_id_movie_info",
                        "Relation Name": "movie_info",
                        "Alias": "mi",
                        "Startup Cost": 0.43,
                        "Total Cost": 1.66,
                        "Plan Rows": 2,
                        "Plan Width": 8,
                        "Actual Startup Time": 0.004,
                        "Actual Total Time": 0.014,
                        "Actual Rows": 2,
                        "Actual Loops": 40395,
                        "Index Cond": "(movie_id = ci.movie_id)",
                        "Rows Removed by Index Recheck": 0,
                        "Filter": "((info IS NOT NULL) AND ((info ~~ 'Japan:%200%'::text) OR (info ~~ 'USA:%200%'::text)))",
                        "Rows Removed by Filter": 60
                      }
                    ]
                  },
                  {
                    "Node Type": "Index Scan",
                    "Parent Relationship": "Inner",
                    "Parallel Aware": false,
                    "Scan Direction": "Forward",
                    "Index Name": "name_pkey",
                    "Relation Name": "name",
                    "Alias": "n",
                    "Startup Cost": 0.43,
                    "Total Cost": 0.57,
                    "Plan Rows": 1,
                    "Plan Width": 19,
                    "Actual Startup Time": 0.002,
                    "Actual Total Time": 0.002,
                    "Actual Rows": 0,
                    "Actual Loops": 61693,
                    "Index Cond": "(id = ci.person_id)",
                    "Rows Removed by Index Recheck": 0,
                    "Filter": "((name ~~ '%Moloney,%'::text) AND ((gender)::text = 'f'::text))",
                    "Rows Removed by Filter": 1
                  }
                ]
              },
              {
                "Node Type": "Index Scan",
                "Parent Relationship": "Inner",
                "Parallel Aware": false,
                "Scan Direction": "Forward",
                "Index Name": "info_type_pkey",
                "Relation Name": "info_type",
                "Alias": "it",
                "Startup Cost": 0.14,
                "Total Cost": 0.16,
                "Plan Rows": 1,
                "Plan Width": 4,
                "Actual Startup Time": 0.0,
                "Actual Total Time": 0.0,
                "Actual Rows": 0,
                "Actual Loops": 0,
                "Index Cond": "(id = mi.info_type_id)",
                "Rows Removed by Index Recheck": 0,
                "Filter": "((info)::text = 'release dates'::text)",
                "Rows Removed by Filter": 0
              }
            ]
          }
        ]
      }
    ]
  },
  "Planning Time": 3.473,
  "Triggers": [],
  "Execution Time": 3206.702
}