[
  {
    "Plan": {
      "Node Type": "Aggregate",
      "Strategy": "Plain",
      "Partial Mode": "Finalize",
      "Parallel Aware": false,
      "Startup Cost": 32851.31,
      "Total Cost": 32851.32,
      "Plan Rows": 1,
      "Plan Width": 8,
      "Actual Startup Time": 70.409,
      "Actual Total Time": 74.915,
      "Actual Rows": 1,
      "Actual Loops": 1,
      "Plans": [
        {
          "Node Type": "Gather",
          "Parent Relationship": "Outer",
          "Parallel Aware": false,
          "Startup Cost": 32850.99,
          "Total Cost": 32851.3,
          "Plan Rows": 3,
          "Plan Width": 8,
          "Actual Startup Time": 70.294,
          "Actual Total Time": 74.907,
          "Actual Rows": 4,
          "Actual Loops": 1,
          "Workers Planned": 3,
          "Workers Launched": 3,
          "Single Copy": false,
          "Plans": [
            {
              "Node Type": "Aggregate",
              "Strategy": "Plain",
              "Partial Mode": "Partial",
              "Parent Relationship": "Outer",
              "Parallel Aware": false,
              "Startup Cost": 31850.99,
              "Total Cost": 31851.0,
              "Plan Rows": 1,
              "Plan Width": 8,
              "Actual Startup Time": 65.612,
              "Actual Total Time": 65.613,
              "Actual Rows": 1,
              "Actual Loops": 4,
              "Plans": [
                {
                  "Node Type": "Seq Scan",
                  "Parent Relationship": "Outer",
                  "Parallel Aware": true,
                  "Relation Name": "movie_companies",
                  "Alias": "mc",
                  "Startup Cost": 0.0,
                  "Total Cost": 31414.82,
                  "Plan Rows": 174468,
                  "Plan Width": 0,
                  "Actual Startup Time": 10.902,
                  "Actual Total Time": 62.581,
                  "Actual Rows": 62155,
                  "Actual Loops": 4,
                  "Filter": "((company_id > 14060) AND (company_type_id = 1))",
                  "Rows Removed by Filter": 590127
                }
              ]
            }
          ]
        }
      ]
    },
    "Planning Time": 0.227,
    "Triggers": [],
    "Execution Time": 74.968
  }
]