{
  "Plan": {
    "Node Type": "Aggregate",
    "Strategy": "Plain",
    "Partial Mode": "Finalize",
    "Parallel Aware": false,
    "Startup Cost": 477194.17,
    "Total Cost": 477194.18,
    "Plan Rows": 1,
    "Plan Width": 8,
    "Actual Startup Time": 1336.87,
    "Actual Total Time": 1422.748,
    "Actual Rows": 1,
    "Actual Loops": 1,
    "Plans": [
      {
        "Node Type": "Gather",
        "Parent Relationship": "Outer",
        "Parallel Aware": false,
        "Startup Cost": 477194.06,
        "Total Cost": 477194.17,
        "Plan Rows": 1,
        "Plan Width": 8,
        "Actual Startup Time": 1335.153,
        "Actual Total Time": 1422.739,
        "Actual Rows": 2,
        "Actual Loops": 1,
        "Workers Planned": 1,
        "Workers Launched": 1,
        "Single Copy": false,
        "Plans": [
          {
            "Node Type": "Aggregate",
            "Strategy": "Plain",
            "Partial Mode": "Partial",
            "Parent Relationship": "Outer",
            "Parallel Aware": false,
            "Startup Cost": 476194.06,
            "Total Cost": 476194.07,
            "Plan Rows": 1,
            "Plan Width": 8,
            "Actual Startup Time": 1327.876,
            "Actual Total Time": 1327.879,
            "Actual Rows": 1,
            "Actual Loops": 2,
            "Plans": [
              {
                "Node Type": "Nested Loop",
                "Parent Relationship": "Outer",
                "Parallel Aware": false,
                "Join Type": "Inner",
                "Startup Cost": 78655.97,
                "Total Cost": 474921.4,
                "Plan Rows": 509064,
                "Plan Width": 0,
                "Actual Startup Time": 297.53,
                "Actual Total Time": 1312.374,
                "Actual Rows": 281640,
                "Actual Loops": 2,
                "Inner Unique": false,
                "Join Filter": "(t.id = ci.movie_id)",
                "Rows Removed by Join Filter": 0,
                "Plans": [
                  {
                    "Node Type": "Hash Join",
                    "Parent Relationship": "Outer",
                    "Parallel Aware": true,
                    "Join Type": "Inner",
                    "Startup Cost": 78655.41,
                    "Total Cost": 109808.2,
                    "Plan Rows": 104286,
                    "Plan Width": 8,
                    "Actual Startup Time": 297.37,
                    "Actual Total Time": 457.39,
                    "Actual Rows": 45356,
                    "Actual Loops": 2,
                    "Inner Unique": true,
                    "Hash Cond": "(mk.movie_id = t.id)",
                    "Plans": [
                      {
                        "Node Type": "Bitmap Heap Scan",
                        "Parent Relationship": "Outer",
                        "Parallel Aware": true,
                        "Relation Name": "movie_keyword",
                        "Alias": "mk",
                        "Startup Cost": 15971.58,
                        "Total Cost": 45961.77,
                        "Plan Rows": 442895,
                        "Plan Width": 4,
                        "Actual Startup Time": 44.934,
                        "Actual Total Time": 125.123,
                        "Actual Rows": 380124,
                        "Actual Loops": 2,
                        "Recheck Cond": "(keyword_id < 712)",
                        "Rows Removed by Index Recheck": 0,
                        "Exact Heap Blocks": 13654,
                        "Lossy Heap Blocks": 0,
                        "Plans": [
                          {
                            "Node Type": "Bitmap Index Scan",
                            "Parent Relationship": "Outer",
                            "Parallel Aware": false,
                            "Index Name": "keyword_id_movie_keyword",
                            "Startup Cost": 0.0,
                            "Total Cost": 15783.35,
                            "Plan Rows": 752922,
                            "Plan Width": 0,
                            "Actual Startup Time": 41.22,
                            "Actual Total Time": 41.22,
                            "Actual Rows": 760248,
                            "Actual Loops": 1,
                            "Index Cond": "(keyword_id < 712)"
                          }
                        ]
                      },
                      {
                        "Node Type": "Hash",
                        "Parent Relationship": "Inner",
                        "Parallel Aware": true,
                        "Startup Cost": 58306.47,
                        "Total Cost": 58306.47,
                        "Plan Rows": 350189,
                        "Plan Width": 4,
                        "Actual Startup Time": 241.381,
                        "Actual Total Time": 241.382,
                        "Actual Rows": 235539,
                        "Actual Loops": 2,
                        "Hash Buckets": 1048576,
                        "Original Hash Buckets": 1048576,
                        "Hash Batches": 1,
                        "Original Hash Batches": 1,
                        "Peak Memory Usage": 26656,
                        "Plans": [
                          {
                            "Node Type": "Seq Scan",
                            "Parent Relationship": "Outer",
                            "Parallel Aware": true,
                            "Relation Name": "title",
                            "Alias": "t",
                            "Startup Cost": 0.0,
                            "Total Cost": 58306.47,
                            "Plan Rows": 350189,
                            "Plan Width": 4,
                            "Actual Startup Time": 0.034,
                            "Actual Total Time": 165.801,
                            "Actual Rows": 235539,
                            "Actual Loops": 2,
                            "Filter": "((kind_id > 1) AND (production_year < 1995))",
                            "Rows Removed by Filter": 1028617
                          }
                        ]
                      }
                    ]
                  },
                  {
                    "Node Type": "Index Scan",
                    "Parent Relationship": "Inner",
                    "Parallel Aware": false,
                    "Scan Direction": "Forward",
                    "Index Name": "movie_id_cast_info",
                    "Relation Name": "cast_info",
                    "Alias": "ci",
                    "Startup Cost": 0.56,
                    "Total Cost": 3.34,
                    "Plan Rows": 13,
                    "Plan Width": 4,
                    "Actual Startup Time": 0.014,
                    "Actual Total Time": 0.018,
                    "Actual Rows": 6,
                    "Actual Loops": 90712,
                    "Index Cond": "(movie_id = mk.movie_id)",
                    "Rows Removed by Index Recheck": 0,
                    "Filter": "(role_id > 3)",
                    "Rows Removed by Filter": 13
                  }
                ]
              }
            ]
          }
        ]
      }
    ]
  },
  "Planning Time": 1.264,
  "Triggers": [],
  "Execution Time": 1422.902
}