[
  {
    "Plan": {
      "Node Type": "Aggregate",
      "Strategy": "Plain",
      "Partial Mode": "Finalize",
      "Parallel Aware": false,
      "Startup Cost": 311668.14,
      "Total Cost": 311668.15,
      "Plan Rows": 1,
      "Plan Width": 8,
      "Actual Startup Time": 242.849,
      "Actual Total Time": 287.137,
      "Actual Rows": 1,
      "Actual Loops": 1,
      "Plans": [
        {
          "Node Type": "Gather",
          "Parent Relationship": "Outer",
          "Parallel Aware": false,
          "Startup Cost": 311667.72,
          "Total Cost": 311668.13,
          "Plan Rows": 4,
          "Plan Width": 8,
          "Actual Startup Time": 242.541,
          "Actual Total Time": 287.129,
          "Actual Rows": 5,
          "Actual Loops": 1,
          "Workers Planned": 4,
          "Workers Launched": 4,
          "Single Copy": false,
          "Plans": [
            {
              "Node Type": "Aggregate",
              "Strategy": "Plain",
              "Partial Mode": "Partial",
              "Parent Relationship": "Outer",
              "Parallel Aware": false,
              "Startup Cost": 310667.72,
              "Total Cost": 310667.73,
              "Plan Rows": 1,
              "Plan Width": 8,
              "Actual Startup Time": 232.446,
              "Actual Total Time": 232.447,
              "Actual Rows": 1,
              "Actual Loops": 5,
              "Plans": [
                {
                  "Node Type": "Nested Loop",
                  "Parent Relationship": "Outer",
                  "Parallel Aware": false,
                  "Join Type": "Inner",
                  "Startup Cost": 0.56,
                  "Total Cost": 310630.65,
                  "Plan Rows": 14827,
                  "Plan Width": 0,
                  "Actual Startup Time": 0.793,
                  "Actual Total Time": 231.008,
                  "Actual Rows": 15261,
                  "Actual Loops": 5,
                  "Inner Unique": false,
                  "Plans": [
                    {
                      "Node Type": "Seq Scan",
                      "Parent Relationship": "Outer",
                      "Parallel Aware": true,
                      "Relation Name": "title",
                      "Alias": "t",
                      "Startup Cost": 0.0,
                      "Total Cost": 45479.1,
                      "Plan Rows": 3282,
                      "Plan Width": 4,
                      "Actual Startup Time": 0.339,
                      "Actual Total Time": 68.118,
                      "Actual Rows": 2077,
                      "Actual Loops": 5,
                      "Filter": "((kind_id < 4) AND (production_year = 1997))",
                      "Rows Removed by Filter": 503585
                    },
                    {
                      "Node Type": "Index Scan",
                      "Parent Relationship": "Inner",
                      "Parallel Aware": false,
                      "Scan Direction": "Forward",
                      "Index Name": "movie_id_cast_info",
                      "Relation Name": "cast_info",
                      "Alias": "ci",
                      "Startup Cost": 0.56,
                      "Total Cost": 80.67,
                      "Plan Rows": 12,
                      "Plan Width": 4,
                      "Actual Startup Time": 0.05,
                      "Actual Total Time": 0.077,
                      "Actual Rows": 7,
                      "Actual Loops": 10385,
                      "Index Cond": "(movie_id = t.id)",
                      "Rows Removed by Index Recheck": 0,
                      "Filter": "((person_id > 1079462) AND (role_id > 2))",
                      "Rows Removed by Filter": 12
                    }
                  ]
                }
              ]
            }
          ]
        }
      ]
    },
    "Planning Time": 0.631,
    "Triggers": [],
    "Execution Time": 287.221
  }
]