[
  {
    "Plan": {
      "Node Type": "Aggregate",
      "Strategy": "Plain",
      "Partial Mode": "Finalize",
      "Parallel Aware": false,
      "Startup Cost": 295816.37,
      "Total Cost": 295816.38,
      "Plan Rows": 1,
      "Plan Width": 8,
      "Actual Startup Time": 873.708,
      "Actual Total Time": 926.007,
      "Actual Rows": 1,
      "Actual Loops": 1,
      "Plans": [
        {
          "Node Type": "Gather",
          "Parent Relationship": "Outer",
          "Parallel Aware": false,
          "Startup Cost": 295816.05,
          "Total Cost": 295816.36,
          "Plan Rows": 3,
          "Plan Width": 8,
          "Actual Startup Time": 871.409,
          "Actual Total Time": 925.996,
          "Actual Rows": 4,
          "Actual Loops": 1,
          "Workers Planned": 3,
          "Workers Launched": 3,
          "Single Copy": false,
          "Plans": [
            {
              "Node Type": "Aggregate",
              "Strategy": "Plain",
              "Partial Mode": "Partial",
              "Parent Relationship": "Outer",
              "Parallel Aware": false,
              "Startup Cost": 294816.05,
              "Total Cost": 294816.06,
              "Plan Rows": 1,
              "Plan Width": 8,
              "Actual Startup Time": 867.533,
              "Actual Total Time": 867.539,
              "Actual Rows": 1,
              "Actual Loops": 4,
              "Plans": [
                {
                  "Node Type": "Hash Join",
                  "Parent Relationship": "Outer",
                  "Parallel Aware": true,
                  "Join Type": "Inner",
                  "Startup Cost": 248941.37,
                  "Total Cost": 294063.35,
                  "Plan Rows": 301081,
                  "Plan Width": 0,
                  "Actual Startup Time": 685.226,
                  "Actual Total Time": 864.624,
                  "Actual Rows": 65470,
                  "Actual Loops": 4,
                  "Inner Unique": false,
                  "Hash Cond": "(mk.movie_id = t.id)",
                  "Plans": [
                    {
                      "Node Type": "Seq Scan",
                      "Parent Relationship": "Outer",
                      "Parallel Aware": true,
                      "Relation Name": "movie_keyword",
                      "Alias": "mk",
                      "Startup Cost": 0.0,
                      "Total Cost": 39047.32,
                      "Plan Rows": 1459332,
                      "Plan Width": 4,
                      "Actual Startup Time": 0.029,
                      "Actual Total Time": 84.448,
                      "Actual Rows": 1130982,
                      "Actual Loops": 4
                    },
                    {
                      "Node Type": "Hash",
                      "Parent Relationship": "Inner",
                      "Parallel Aware": true,
                      "Startup Cost": 247637.25,
                      "Total Cost": 247637.25,
                      "Plan Rows": 104330,
                      "Plan Width": 8,
                      "Actual Startup Time": 683.416,
                      "Actual Total Time": 683.42,
                      "Actual Rows": 36811,
                      "Actual Loops": 4,
                      "Hash Buckets": 524288,
                      "Original Hash Buckets": 524288,
                      "Hash Batches": 1,
                      "Original Hash Batches": 1,
                      "Peak Memory Usage": 9952,
                      "Plans": [
                        {
                          "Node Type": "Hash Join",
                          "Parent Relationship": "Outer",
                          "Parallel Aware": true,
                          "Join Type": "Inner",
                          "Startup Cost": 47405.34,
                          "Total Cost": 247637.25,
                          "Plan Rows": 104330,
                          "Plan Width": 8,
                          "Actual Startup Time": 206.554,
                          "Actual Total Time": 670.986,
                          "Actual Rows": 36811,
                          "Actual Loops": 4,
                          "Inner Unique": true,
                          "Hash Cond": "(mi.movie_id = t.id)",
                          "Plans": [
                            {
                              "Node Type": "Seq Scan",
                              "Parent Relationship": "Outer",
                              "Parallel Aware": true,
                              "Relation Name": "movie_info",
                              "Alias": "mi",
                              "Startup Cost": 0.0,
                              "Total Cost": 199108.24,
                              "Plan Rows": 428064,
                              "Plan Width": 4,
                              "Actual Startup Time": 39.026,
                              "Actual Total Time": 384.851,
                              "Actual Rows": 522767,
                              "Actual Loops": 4,
                              "Filter": "(info_type_id < 3)",
                              "Rows Removed by Filter": 3186163
                            },
                            {
                              "Node Type": "Hash",
                              "Parent Relationship": "Inner",
                              "Parallel Aware": true,
                              "Startup Cost": 45479.59,
                              "Total Cost": 45479.59,
                              "Plan Rows": 154060,
                              "Plan Width": 4,
                              "Actual Startup Time": 165.228,
                              "Actual Total Time": 165.229,
                              "Actual Rows": 169232,
                              "Actual Loops": 4,
                              "Hash Buckets": 1048576,
                              "Original Hash Buckets": 1048576,
                              "Hash Batches": 1,
                              "Original Hash Batches": 1,
                              "Peak Memory Usage": 34752,
                              "Plans": [
                                {
                                  "Node Type": "Seq Scan",
                                  "Parent Relationship": "Outer",
                                  "Parallel Aware": true,
                                  "Relation Name": "title",
                                  "Alias": "t",
                                  "Startup Cost": 0.0,
                                  "Total Cost": 45479.59,
                                  "Plan Rows": 154060,
                                  "Plan Width": 4,
                                  "Actual Startup Time": 0.031,
                                  "Actual Total Time": 103.061,
                                  "Actual Rows": 169232,
                                  "Actual Loops": 4,
                                  "Filter": "((production_year > 2005) AND (kind_id = 7))",
                                  "Rows Removed by Filter": 462846
                                }
                              ]
                            }
                          ]
                        }
                      ]
                    }
                  ]
                }
              ]
            }
          ]
        }
      ]
    },
    "Planning Time": 0.628,
    "Triggers": [],
    "Execution Time": 926.073
  }
]