[
  {
    "Plan": {
      "Node Type": "Aggregate",
      "Strategy": "Plain",
      "Partial Mode": "Finalize",
      "Parallel Aware": false,
      "Startup Cost": 237783.07,
      "Total Cost": 237783.08,
      "Plan Rows": 1,
      "Plan Width": 8,
      "Actual Startup Time": 517.217,
      "Actual Total Time": 538.511,
      "Actual Rows": 1,
      "Actual Loops": 1,
      "Plans": [
        {
          "Node Type": "Gather",
          "Parent Relationship": "Outer",
          "Parallel Aware": false,
          "Startup Cost": 237782.55,
          "Total Cost": 237783.06,
          "Plan Rows": 5,
          "Plan Width": 8,
          "Actual Startup Time": 501.346,
          "Actual Total Time": 538.5,
          "Actual Rows": 6,
          "Actual Loops": 1,
          "Workers Planned": 5,
          "Workers Launched": 5,
          "Single Copy": false,
          "Plans": [
            {
              "Node Type": "Aggregate",
              "Strategy": "Plain",
              "Partial Mode": "Partial",
              "Parent Relationship": "Outer",
              "Parallel Aware": false,
              "Startup Cost": 236782.55,
              "Total Cost": 236782.56,
              "Plan Rows": 1,
              "Plan Width": 8,
              "Actual Startup Time": 478.855,
              "Actual Total Time": 478.859,
              "Actual Rows": 1,
              "Actual Loops": 6,
              "Plans": [
                {
                  "Node Type": "Hash Join",
                  "Parent Relationship": "Outer",
                  "Parallel Aware": true,
                  "Join Type": "Inner",
                  "Startup Cost": 70787.31,
                  "Total Cost": 236214.85,
                  "Plan Rows": 227077,
                  "Plan Width": 0,
                  "Actual Startup Time": 322.912,
                  "Actual Total Time": 468.967,
                  "Actual Rows": 181585,
                  "Actual Loops": 6,
                  "Inner Unique": true,
                  "Hash Cond": "(mi.movie_id = t.id)",
                  "Plans": [
                    {
                      "Node Type": "Bitmap Heap Scan",
                      "Parent Relationship": "Outer",
                      "Parallel Aware": true,
                      "Relation Name": "movie_info",
                      "Alias": "mi",
                      "Startup Cost": 20567.67,
                      "Total Cost": 185399.13,
                      "Plan Rows": 227077,
                      "Plan Width": 4,
                      "Actual Startup Time": 48.782,
                      "Actual Total Time": 116.872,
                      "Actual Rows": 181585,
                      "Actual Loops": 6,
                      "Recheck Cond": "(info_type_id > 67)",
                      "Rows Removed by Index Recheck": 0,
                      "Exact Heap Blocks": 6695,
                      "Lossy Heap Blocks": 0,
                      "Plans": [
                        {
                          "Node Type": "Bitmap Index Scan",
                          "Parent Relationship": "Outer",
                          "Parallel Aware": false,
                          "Index Name": "info_type_id_movie_info",
                          "Startup Cost": 0.0,
                          "Total Cost": 20283.82,
                          "Plan Rows": 1135385,
                          "Plan Width": 0,
                          "Actual Startup Time": 43.018,
                          "Actual Total Time": 43.019,
                          "Actual Rows": 1089512,
                          "Actual Loops": 1,
                          "Index Cond": "(info_type_id > 67)"
                        }
                      ]
                    },
                    {
                      "Node Type": "Hash",
                      "Parent Relationship": "Inner",
                      "Parallel Aware": true,
                      "Startup Cost": 42318.73,
                      "Total Cost": 42318.73,
                      "Plan Rows": 632073,
                      "Plan Width": 4,
                      "Actual Startup Time": 266.096,
                      "Actual Total Time": 266.097,
                      "Actual Rows": 421385,
                      "Actual Loops": 6,
                      "Hash Buckets": 4194304,
                      "Original Hash Buckets": 4194304,
                      "Hash Batches": 1,
                      "Original Hash Batches": 1,
                      "Peak Memory Usage": 131744,
                      "Plans": [
                        {
                          "Node Type": "Seq Scan",
                          "Parent Relationship": "Outer",
                          "Parallel Aware": true,
                          "Relation Name": "title",
                          "Alias": "t",
                          "Startup Cost": 0.0,
                          "Total Cost": 42318.73,
                          "Plan Rows": 632073,
                          "Plan Width": 4,
                          "Actual Startup Time": 0.035,
                          "Actual Total Time": 77.988,
                          "Actual Rows": 421385,
                          "Actual Loops": 6
                        }
                      ]
                    }
                  ]
                }
              ]
            }
          ]
        }
      ]
    },
    "Planning Time": 0.602,
    "Triggers": [],
    "Execution Time": 538.606
  }
]