[
  {
    "Plan": {
      "Node Type": "Aggregate",
      "Strategy": "Plain",
      "Partial Mode": "Finalize",
      "Parallel Aware": false,
      "Startup Cost": 350953.43,
      "Total Cost": 350953.44,
      "Plan Rows": 1,
      "Plan Width": 8,
      "Actual Startup Time": 718.024,
      "Actual Total Time": 758.852,
      "Actual Rows": 1,
      "Actual Loops": 1,
      "Plans": [
        {
          "Node Type": "Gather",
          "Parent Relationship": "Outer",
          "Parallel Aware": false,
          "Startup Cost": 350952.8,
          "Total Cost": 350953.41,
          "Plan Rows": 6,
          "Plan Width": 8,
          "Actual Startup Time": 717.615,
          "Actual Total Time": 758.837,
          "Actual Rows": 7,
          "Actual Loops": 1,
          "Workers Planned": 6,
          "Workers Launched": 6,
          "Single Copy": false,
          "Plans": [
            {
              "Node Type": "Aggregate",
              "Strategy": "Plain",
              "Partial Mode": "Partial",
              "Parent Relationship": "Outer",
              "Parallel Aware": false,
              "Startup Cost": 349952.8,
              "Total Cost": 349952.82,
              "Plan Rows": 1,
              "Plan Width": 8,
              "Actual Startup Time": 708.846,
              "Actual Total Time": 708.848,
              "Actual Rows": 1,
              "Actual Loops": 7,
              "Plans": [
                {
                  "Node Type": "Seq Scan",
                  "Parent Relationship": "Outer",
                  "Parallel Aware": true,
                  "Relation Name": "cast_info",
                  "Alias": "ci",
                  "Startup Cost": 0.0,
                  "Total Cost": 343316.27,
                  "Plan Rows": 2654614,
                  "Plan Width": 0,
                  "Actual Startup Time": 225.998,
                  "Actual Total Time": 632.077,
                  "Actual Rows": 1710091,
                  "Actual Loops": 7,
                  "Filter": "((person_id < 2535180) AND (role_id > 1))",
                  "Rows Removed by Filter": 3467672
                }
              ]
            }
          ]
        }
      ]
    },
    "Planning Time": 0.085,
    "Triggers": [],
    "Execution Time": 758.892
  }
]