{
  "Plan": {
    "Node Type": "Aggregate",
    "Strategy": "Plain",
    "Partial Mode": "Finalize",
    "Parallel Aware": false,
    "Startup Cost": 99614.43,
    "Total Cost": 99614.44,
    "Plan Rows": 1,
    "Plan Width": 8,
    "Actual Startup Time": 407.112,
    "Actual Total Time": 423.127,
    "Actual Rows": 1,
    "Actual Loops": 1,
    "Plans": [
      {
        "Node Type": "Gather",
        "Parent Relationship": "Outer",
        "Parallel Aware": false,
        "Startup Cost": 99614.31,
        "Total Cost": 99614.42,
        "Plan Rows": 1,
        "Plan Width": 8,
        "Actual Startup Time": 406.572,
        "Actual Total Time": 423.118,
        "Actual Rows": 2,
        "Actual Loops": 1,
        "Workers Planned": 1,
        "Workers Launched": 1,
        "Single Copy": false,
        "Plans": [
          {
            "Node Type": "Aggregate",
            "Strategy": "Plain",
            "Partial Mode": "Partial",
            "Parent Relationship": "Outer",
            "Parallel Aware": false,
            "Startup Cost": 98614.31,
            "Total Cost": 98614.32,
            "Plan Rows": 1,
            "Plan Width": 8,
            "Actual Startup Time": 400.875,
            "Actual Total Time": 400.878,
            "Actual Rows": 1,
            "Actual Loops": 2,
            "Plans": [
              {
                "Node Type": "Hash Join",
                "Parent Relationship": "Outer",
                "Parallel Aware": true,
                "Join Type": "Inner",
                "Startup Cost": 60081.36,
                "Total Cost": 98247.99,
                "Plan Rows": 146531,
                "Plan Width": 0,
                "Actual Startup Time": 161.531,
                "Actual Total Time": 397.631,
                "Actual Rows": 81348,
                "Actual Loops": 2,
                "Inner Unique": true,
                "Hash Cond": "(mc.movie_id = t.id)",
                "Plans": [
                  {
                    "Node Type": "Seq Scan",
                    "Parent Relationship": "Outer",
                    "Parallel Aware": true,
                    "Relation Name": "movie_companies",
                    "Alias": "mc",
                    "Startup Cost": 0.0,
                    "Total Cost": 34137.82,
                    "Plan Rows": 1534782,
                    "Plan Width": 4,
                    "Actual Startup Time": 0.019,
                    "Actual Total Time": 96.382,
                    "Actual Rows": 1304564,
                    "Actual Loops": 2
                  },
                  {
                    "Node Type": "Hash",
                    "Parent Relationship": "Inner",
                    "Parallel Aware": true,
                    "Startup Cost": 58306.47,
                    "Total Cost": 58306.47,
                    "Plan Rows": 141991,
                    "Plan Width": 4,
                    "Actual Startup Time": 157.726,
                    "Actual Total Time": 157.727,
                    "Actual Rows": 72729,
                    "Actual Loops": 2,
                    "Hash Buckets": 262144,
                    "Original Hash Buckets": 262144,
                    "Hash Batches": 1,
                    "Original Hash Batches": 1,
                    "Peak Memory Usage": 7776,
                    "Plans": [
                      {
                        "Node Type": "Seq Scan",
                        "Parent Relationship": "Outer",
                        "Parallel Aware": true,
                        "Relation Name": "title",
                        "Alias": "t",
                        "Startup Cost": 0.0,
                        "Total Cost": 58306.47,
                        "Plan Rows": 141991,
                        "Plan Width": 4,
                        "Actual Startup Time": 0.034,
                        "Actual Total Time": 139.072,
                        "Actual Rows": 72729,
                        "Actual Loops": 2,
                        "Filter": "((production_year < 1973) AND (kind_id = 7))",
                        "Rows Removed by Filter": 1191427
                      }
                    ]
                  }
                ]
              }
            ]
          }
        ]
      }
    ]
  },
  "Planning Time": 0.451,
  "Triggers": [],
  "Execution Time": 423.205
}