[
  {
    "Plan": {
      "Node Type": "Aggregate",
      "Strategy": "Plain",
      "Partial Mode": "Finalize",
      "Parallel Aware": false,
      "Startup Cost": 25178.25,
      "Total Cost": 25178.26,
      "Plan Rows": 1,
      "Plan Width": 8,
      "Actual Startup Time": 41.248,
      "Actual Total Time": 47.254,
      "Actual Rows": 1,
      "Actual Loops": 1,
      "Plans": [
        {
          "Node Type": "Gather",
          "Parent Relationship": "Outer",
          "Parallel Aware": false,
          "Startup Cost": 25178.04,
          "Total Cost": 25178.25,
          "Plan Rows": 2,
          "Plan Width": 8,
          "Actual Startup Time": 41.098,
          "Actual Total Time": 47.246,
          "Actual Rows": 3,
          "Actual Loops": 1,
          "Workers Planned": 2,
          "Workers Launched": 2,
          "Single Copy": false,
          "Plans": [
            {
              "Node Type": "Aggregate",
              "Strategy": "Plain",
              "Partial Mode": "Partial",
              "Parent Relationship": "Outer",
              "Parallel Aware": false,
              "Startup Cost": 24178.04,
              "Total Cost": 24178.05,
              "Plan Rows": 1,
              "Plan Width": 8,
              "Actual Startup Time": 32.615,
              "Actual Total Time": 32.617,
              "Actual Rows": 1,
              "Actual Loops": 3,
              "Plans": [
                {
                  "Node Type": "Nested Loop",
                  "Parent Relationship": "Outer",
                  "Parallel Aware": false,
                  "Join Type": "Inner",
                  "Startup Cost": 94.01,
                  "Total Cost": 24177.94,
                  "Plan Rows": 37,
                  "Plan Width": 0,
                  "Actual Startup Time": 3.395,
                  "Actual Total Time": 32.545,
                  "Actual Rows": 246,
                  "Actual Loops": 3,
                  "Inner Unique": true,
                  "Plans": [
                    {
                      "Node Type": "Nested Loop",
                      "Parent Relationship": "Outer",
                      "Parallel Aware": false,
                      "Join Type": "Inner",
                      "Startup Cost": 93.58,
                      "Total Cost": 22710.32,
                      "Plan Rows": 1747,
                      "Plan Width": 8,
                      "Actual Startup Time": 2.685,
                      "Actual Total Time": 22.071,
                      "Actual Rows": 748,
                      "Actual Loops": 3,
                      "Inner Unique": false,
                      "Plans": [
                        {
                          "Node Type": "Bitmap Heap Scan",
                          "Parent Relationship": "Outer",
                          "Parallel Aware": true,
                          "Relation Name": "movie_keyword",
                          "Alias": "mk",
                          "Startup Cost": 93.15,
                          "Total Cost": 11014.05,
                          "Plan Rows": 1759,
                          "Plan Width": 4,
                          "Actual Startup Time": 2.465,
                          "Actual Total Time": 8.97,
                          "Actual Rows": 1214,
                          "Actual Loops": 3,
                          "Recheck Cond": "(keyword_id = 1450)",
                          "Rows Removed by Index Recheck": 0,
                          "Exact Heap Blocks": 2212,
                          "Lossy Heap Blocks": 0,
                          "Plans": [
                            {
                              "Node Type": "Bitmap Index Scan",
                              "Parent Relationship": "Outer",
                              "Parallel Aware": false,
                              "Index Name": "keyword_id_movie_keyword",
                              "Startup Cost": 0.0,
                              "Total Cost": 92.1,
                              "Plan Rows": 4222,
                              "Plan Width": 0,
                              "Actual Startup Time": 5.582,
                              "Actual Total Time": 5.582,
                              "Actual Rows": 3642,
                              "Actual Loops": 1,
                              "Index Cond": "(keyword_id = 1450)"
                            }
                          ]
                        },
                        {
                          "Node Type": "Index Scan",
                          "Parent Relationship": "Inner",
                          "Parallel Aware": false,
                          "Scan Direction": "Forward",
                          "Index Name": "movie_id_movie_info_idx",
                          "Relation Name": "movie_info_idx",
                          "Alias": "mi_idx",
                          "Startup Cost": 0.43,
                          "Total Cost": 6.64,
                          "Plan Rows": 1,
                          "Plan Width": 4,
                          "Actual Startup Time": 0.01,
                          "Actual Total Time": 0.01,
                          "Actual Rows": 1,
                          "Actual Loops": 3642,
                          "Index Cond": "(movie_id = mk.movie_id)",
                          "Rows Removed by Index Recheck": 0,
                          "Filter": "(info_type_id = 100)",
                          "Rows Removed by Filter": 1
                        }
                      ]
                    },
                    {
                      "Node Type": "Index Scan",
                      "Parent Relationship": "Inner",
                      "Parallel Aware": false,
                      "Scan Direction": "Forward",
                      "Index Name": "title_pkey",
                      "Relation Name": "title",
                      "Alias": "t",
                      "Startup Cost": 0.43,
                      "Total Cost": 0.84,
                      "Plan Rows": 1,
                      "Plan Width": 4,
                      "Actual Startup Time": 0.013,
                      "Actual Total Time": 0.013,
                      "Actual Rows": 0,
                      "Actual Loops": 2244,
                      "Index Cond": "(id = mi_idx.movie_id)",
                      "Rows Removed by Index Recheck": 0,
                      "Filter": "((kind_id < 3) AND (production_year < 1999))",
                      "Rows Removed by Filter": 1
                    }
                  ]
                }
              ]
            }
          ]
        }
      ]
    },
    "Planning Time": 1.402,
    "Triggers": [],
    "Execution Time": 47.362
  }
]