{
  "Plan": {
    "Node Type": "Aggregate",
    "Strategy": "Plain",
    "Partial Mode": "Finalize",
    "Parallel Aware": false,
    "Startup Cost": 73905.64,
    "Total Cost": 73905.65,
    "Plan Rows": 1,
    "Plan Width": 8,
    "Actual Startup Time": 262.651,
    "Actual Total Time": 275.87,
    "Actual Rows": 1,
    "Actual Loops": 1,
    "Plans": [
      {
        "Node Type": "Gather",
        "Parent Relationship": "Outer",
        "Parallel Aware": false,
        "Startup Cost": 73905.53,
        "Total Cost": 73905.64,
        "Plan Rows": 1,
        "Plan Width": 8,
        "Actual Startup Time": 262.508,
        "Actual Total Time": 275.861,
        "Actual Rows": 2,
        "Actual Loops": 1,
        "Workers Planned": 1,
        "Workers Launched": 1,
        "Single Copy": false,
        "Plans": [
          {
            "Node Type": "Aggregate",
            "Strategy": "Plain",
            "Partial Mode": "Partial",
            "Parent Relationship": "Outer",
            "Parallel Aware": false,
            "Startup Cost": 72905.53,
            "Total Cost": 72905.54,
            "Plan Rows": 1,
            "Plan Width": 8,
            "Actual Startup Time": 256.801,
            "Actual Total Time": 256.804,
            "Actual Rows": 1,
            "Actual Loops": 2,
            "Plans": [
              {
                "Node Type": "Hash Join",
                "Parent Relationship": "Outer",
                "Parallel Aware": true,
                "Join Type": "Inner",
                "Startup Cost": 54708.61,
                "Total Cost": 72892.4,
                "Plan Rows": 5249,
                "Plan Width": 0,
                "Actual Startup Time": 153.338,
                "Actual Total Time": 256.571,
                "Actual Rows": 4620,
                "Actual Loops": 2,
                "Inner Unique": true,
                "Hash Cond": "(mi_idx.movie_id = t.id)",
                "Plans": [
                  {
                    "Node Type": "Seq Scan",
                    "Parent Relationship": "Outer",
                    "Parallel Aware": true,
                    "Relation Name": "movie_info_idx",
                    "Alias": "mi_idx",
                    "Startup Cost": 0.0,
                    "Total Cost": 16052.85,
                    "Plan Rows": 811785,
                    "Plan Width": 4,
                    "Actual Startup Time": 0.019,
                    "Actual Total Time": 52.224,
                    "Actual Rows": 690018,
                    "Actual Loops": 2
                  },
                  {
                    "Node Type": "Hash",
                    "Parent Relationship": "Inner",
                    "Parallel Aware": true,
                    "Startup Cost": 54588.39,
                    "Total Cost": 54588.39,
                    "Plan Rows": 9618,
                    "Plan Width": 4,
                    "Actual Startup Time": 151.17,
                    "Actual Total Time": 151.17,
                    "Actual Rows": 7118,
                    "Actual Loops": 2,
                    "Hash Buckets": 16384,
                    "Original Hash Buckets": 16384,
                    "Hash Batches": 1,
                    "Original Hash Batches": 1,
                    "Peak Memory Usage": 704,
                    "Plans": [
                      {
                        "Node Type": "Seq Scan",
                        "Parent Relationship": "Outer",
                        "Parallel Aware": true,
                        "Relation Name": "title",
                        "Alias": "t",
                        "Startup Cost": 0.0,
                        "Total Cost": 54588.39,
                        "Plan Rows": 9618,
                        "Plan Width": 4,
                        "Actual Startup Time": 0.094,
                        "Actual Total Time": 148.07,
                        "Actual Rows": 7118,
                        "Actual Loops": 2,
                        "Filter": "(production_year = 1968)",
                        "Rows Removed by Filter": 1257038
                      }
                    ]
                  }
                ]
              }
            ]
          }
        ]
      }
    ]
  },
  "Planning Time": 0.423,
  "Triggers": [],
  "Execution Time": 275.955
}