[
  {
    "Plan": {
      "Node Type": "Aggregate",
      "Strategy": "Plain",
      "Partial Mode": "Finalize",
      "Parallel Aware": false,
      "Startup Cost": 32032.08,
      "Total Cost": 32032.09,
      "Plan Rows": 1,
      "Plan Width": 8,
      "Actual Startup Time": 118.668,
      "Actual Total Time": 126.127,
      "Actual Rows": 1,
      "Actual Loops": 1,
      "Plans": [
        {
          "Node Type": "Gather",
          "Parent Relationship": "Outer",
          "Parallel Aware": false,
          "Startup Cost": 32031.76,
          "Total Cost": 32032.07,
          "Plan Rows": 3,
          "Plan Width": 8,
          "Actual Startup Time": 118.543,
          "Actual Total Time": 126.117,
          "Actual Rows": 4,
          "Actual Loops": 1,
          "Workers Planned": 3,
          "Workers Launched": 3,
          "Single Copy": false,
          "Plans": [
            {
              "Node Type": "Aggregate",
              "Strategy": "Plain",
              "Partial Mode": "Partial",
              "Parent Relationship": "Outer",
              "Parallel Aware": false,
              "Startup Cost": 31031.76,
              "Total Cost": 31031.77,
              "Plan Rows": 1,
              "Plan Width": 8,
              "Actual Startup Time": 112.234,
              "Actual Total Time": 112.235,
              "Actual Rows": 1,
              "Actual Loops": 4,
              "Plans": [
                {
                  "Node Type": "Seq Scan",
                  "Parent Relationship": "Outer",
                  "Parallel Aware": true,
                  "Relation Name": "movie_companies",
                  "Alias": "mc",
                  "Startup Cost": 0.0,
                  "Total Cost": 29310.68,
                  "Plan Rows": 688431,
                  "Plan Width": 0,
                  "Actual Startup Time": 0.035,
                  "Actual Total Time": 85.419,
                  "Actual Rows": 531960,
                  "Actual Loops": 4,
                  "Filter": "(company_id < 75175)",
                  "Rows Removed by Filter": 120323
                }
              ]
            }
          ]
        }
      ]
    },
    "Planning Time": 0.154,
    "Triggers": [],
    "Execution Time": 126.173
  }
]