[
  {
    "Plan": {
      "Node Type": "Aggregate",
      "Strategy": "Plain",
      "Partial Mode": "Finalize",
      "Parallel Aware": false,
      "Startup Cost": 231495.32,
      "Total Cost": 231495.33,
      "Plan Rows": 1,
      "Plan Width": 8,
      "Actual Startup Time": 258.086,
      "Actual Total Time": 278.621,
      "Actual Rows": 1,
      "Actual Loops": 1,
      "Plans": [
        {
          "Node Type": "Gather",
          "Parent Relationship": "Outer",
          "Parallel Aware": false,
          "Startup Cost": 231494.7,
          "Total Cost": 231495.31,
          "Plan Rows": 6,
          "Plan Width": 8,
          "Actual Startup Time": 257.978,
          "Actual Total Time": 278.611,
          "Actual Rows": 7,
          "Actual Loops": 1,
          "Workers Planned": 6,
          "Workers Launched": 6,
          "Single Copy": false,
          "Plans": [
            {
              "Node Type": "Aggregate",
              "Strategy": "Plain",
              "Partial Mode": "Partial",
              "Parent Relationship": "Outer",
              "Parallel Aware": false,
              "Startup Cost": 230494.7,
              "Total Cost": 230494.71,
              "Plan Rows": 1,
              "Plan Width": 8,
              "Actual Startup Time": 251.99,
              "Actual Total Time": 251.991,
              "Actual Rows": 1,
              "Actual Loops": 7,
              "Plans": [
                {
                  "Node Type": "Index Scan",
                  "Parent Relationship": "Outer",
                  "Parallel Aware": true,
                  "Scan Direction": "Forward",
                  "Index Name": "role_id_cast_info",
                  "Relation Name": "cast_info",
                  "Alias": "ci",
                  "Startup Cost": 0.56,
                  "Total Cost": 228010.93,
                  "Plan Rows": 993509,
                  "Plan Width": 0,
                  "Actual Startup Time": 0.101,
                  "Actual Total Time": 233.981,
                  "Actual Rows": 367304,
                  "Actual Loops": 7,
                  "Index Cond": "(role_id > 5)",
                  "Rows Removed by Index Recheck": 0,
                  "Filter": "(person_id < 2639174)",
                  "Rows Removed by Filter": 845026
                }
              ]
            }
          ]
        }
      ]
    },
    "Planning Time": 0.195,
    "Triggers": [],
    "Execution Time": 278.68
  }
]