[
  {
    "Plan": {
      "Node Type": "Aggregate",
      "Strategy": "Plain",
      "Partial Mode": "Finalize",
      "Parallel Aware": false,
      "Startup Cost": 234261.19,
      "Total Cost": 234261.2,
      "Plan Rows": 1,
      "Plan Width": 8,
      "Actual Startup Time": 270.712,
      "Actual Total Time": 286.166,
      "Actual Rows": 1,
      "Actual Loops": 1,
      "Plans": [
        {
          "Node Type": "Gather",
          "Parent Relationship": "Outer",
          "Parallel Aware": false,
          "Startup Cost": 234260.56,
          "Total Cost": 234261.17,
          "Plan Rows": 6,
          "Plan Width": 8,
          "Actual Startup Time": 270.634,
          "Actual Total Time": 286.158,
          "Actual Rows": 7,
          "Actual Loops": 1,
          "Workers Planned": 6,
          "Workers Launched": 6,
          "Single Copy": false,
          "Plans": [
            {
              "Node Type": "Aggregate",
              "Strategy": "Plain",
              "Partial Mode": "Partial",
              "Parent Relationship": "Outer",
              "Parallel Aware": false,
              "Startup Cost": 233260.56,
              "Total Cost": 233260.57,
              "Plan Rows": 1,
              "Plan Width": 8,
              "Actual Startup Time": 260.698,
              "Actual Total Time": 260.699,
              "Actual Rows": 1,
              "Actual Loops": 7,
              "Plans": [
                {
                  "Node Type": "Index Scan",
                  "Parent Relationship": "Outer",
                  "Parallel Aware": true,
                  "Scan Direction": "Forward",
                  "Index Name": "role_id_cast_info",
                  "Relation Name": "cast_info",
                  "Alias": "ci",
                  "Startup Cost": 0.56,
                  "Total Cost": 230750.01,
                  "Plan Rows": 1004222,
                  "Plan Width": 0,
                  "Actual Startup Time": 0.149,
                  "Actual Total Time": 243.74,
                  "Actual Rows": 367304,
                  "Actual Loops": 7,
                  "Index Cond": "(role_id > 5)",
                  "Rows Removed by Index Recheck": 0,
                  "Filter": "(person_id < 2639174)",
                  "Rows Removed by Filter": 845026
                }
              ]
            }
          ]
        }
      ]
    },
    "Planning Time": 0.209,
    "Triggers": [],
    "Execution Time": 286.23
  }
]