{
    "Plan": {
        "Node Type": "Aggregate",
        "Strategy": "Plain",
        "Partial Mode": "Finalize",
        "Parallel Aware": false,
        "Startup Cost": 131276.93,
        "Total Cost": 131276.94,
        "Plan Rows": 1,
        "Plan Width": 8,
        "Actual Startup Time": 194.914,
        "Actual Total Time": 225.6,
        "Actual Rows": 1,
        "Actual Loops": 1,
        "Output": [
            "count(*)"
        ],
        "Plans": [
            {
                "Node Type": "Gather",
                "Parent Relationship": "Outer",
                "Parallel Aware": false,
                "Startup Cost": 131276.51,
                "Total Cost": 131276.92,
                "Plan Rows": 4,
                "Plan Width": 8,
                "Actual Startup Time": 194.743,
                "Actual Total Time": 225.586,
                "Actual Rows": 5,
                "Actual Loops": 1,
                "Output": [
                    "(PARTIAL count(*))"
                ],
                "Workers Planned": 4,
                "Workers Launched": 4,
                "Single Copy": false,
                "Plans": [
                    {
                        "Node Type": "Aggregate",
                        "Strategy": "Plain",
                        "Partial Mode": "Partial",
                        "Parent Relationship": "Outer",
                        "Parallel Aware": false,
                        "Startup Cost": 130276.51,
                        "Total Cost": 130276.52,
                        "Plan Rows": 1,
                        "Plan Width": 8,
                        "Actual Startup Time": 184.44,
                        "Actual Total Time": 184.442,
                        "Actual Rows": 1,
                        "Actual Loops": 5,
                        "Output": [
                            "PARTIAL count(*)"
                        ],
                        "Workers": [
                            {
                                "Worker Number": 0,
                                "Actual Startup Time": 179.647,
                                "Actual Total Time": 179.649,
                                "Actual Rows": 1,
                                "Actual Loops": 1
                            },
                            {
                                "Worker Number": 1,
                                "Actual Startup Time": 181.846,
                                "Actual Total Time": 181.847,
                                "Actual Rows": 1,
                                "Actual Loops": 1
                            },
                            {
                                "Worker Number": 2,
                                "Actual Startup Time": 184.573,
                                "Actual Total Time": 184.576,
                                "Actual Rows": 1,
                                "Actual Loops": 1
                            },
                            {
                                "Worker Number": 3,
                                "Actual Startup Time": 182.332,
                                "Actual Total Time": 182.335,
                                "Actual Rows": 1,
                                "Actual Loops": 1
                            }
                        ],
                        "Plans": [
                            {
                                "Node Type": "Nested Loop",
                                "Parent Relationship": "Outer",
                                "Parallel Aware": false,
                                "Join Type": "Inner",
                                "Startup Cost": 0.56,
                                "Total Cost": 130271.79,
                                "Plan Rows": 1886,
                                "Plan Width": 0,
                                "Actual Startup Time": 72.483,
                                "Actual Total Time": 184.137,
                                "Actual Rows": 2105,
                                "Actual Loops": 5,
                                "Inner Unique": false,
                                "Workers": [
                                    {
                                        "Worker Number": 0,
                                        "Actual Startup Time": 67.857,
                                        "Actual Total Time": 179.356,
                                        "Actual Rows": 1570,
                                        "Actual Loops": 1
                                    },
                                    {
                                        "Worker Number": 1,
                                        "Actual Startup Time": 69.707,
                                        "Actual Total Time": 181.527,
                                        "Actual Rows": 1457,
                                        "Actual Loops": 1
                                    },
                                    {
                                        "Worker Number": 2,
                                        "Actual Startup Time": 72.24,
                                        "Actual Total Time": 184.284,
                                        "Actual Rows": 1883,
                                        "Actual Loops": 1
                                    },
                                    {
                                        "Worker Number": 3,
                                        "Actual Startup Time": 71.122,
                                        "Actual Total Time": 182.044,
                                        "Actual Rows": 1844,
                                        "Actual Loops": 1
                                    }
                                ],
                                "Plans": [
                                    {
                                        "Node Type": "Seq Scan",
                                        "Parent Relationship": "Outer",
                                        "Parallel Aware": true,
                                        "Relation Name": "title",
                                        "Schema": "public",
                                        "Alias": "t",
                                        "Startup Cost": 0.0,
                                        "Total Cost": 45479.21,
                                        "Plan Rows": 638,
                                        "Plan Width": 4,
                                        "Actual Startup Time": 71.957,
                                        "Actual Total Time": 105.142,
                                        "Actual Rows": 610,
                                        "Actual Loops": 5,
                                        "Output": [
                                            "t.id",
                                            "t.title",
                                            "t.imdb_index",
                                            "t.kind_id",
                                            "t.production_year",
                                            "t.imdb_id",
                                            "t.phonetic_code",
                                            "t.episode_of_id",
                                            "t.season_nr",
                                            "t.episode_nr",
                                            "t.series_years",
                                            "t.md5sum"
                                        ],
                                        "Filter": "((t.kind_id = 1) AND (t.production_year = 1957))",
                                        "Rows Removed by Filter": 505052,
                                        "Workers": [
                                            {
                                                "Worker Number": 0,
                                                "Actual Startup Time": 67.131,
                                                "Actual Total Time": 95.877,
                                                "Actual Rows": 506,
                                                "Actual Loops": 1
                                            },
                                            {
                                                "Worker Number": 1,
                                                "Actual Startup Time": 69.283,
                                                "Actual Total Time": 101.139,
                                                "Actual Rows": 434,
                                                "Actual Loops": 1
                                            },
                                            {
                                                "Worker Number": 2,
                                                "Actual Startup Time": 72.071,
                                                "Actual Total Time": 100.873,
                                                "Actual Rows": 499,
                                                "Actual Loops": 1
                                            },
                                            {
                                                "Worker Number": 3,
                                                "Actual Startup Time": 69.972,
                                                "Actual Total Time": 99.465,
                                                "Actual Rows": 504,
                                                "Actual Loops": 1
                                            }
                                        ]
                                    },
                                    {
                                        "Node Type": "Index Scan",
                                        "Parent Relationship": "Inner",
                                        "Parallel Aware": false,
                                        "Scan Direction": "Forward",
                                        "Index Name": "movie_id_cast_info",
                                        "Relation Name": "cast_info",
                                        "Schema": "public",
                                        "Alias": "ci",
                                        "Startup Cost": 0.56,
                                        "Total Cost": 132.82,
                                        "Plan Rows": 8,
                                        "Plan Width": 4,
                                        "Actual Startup Time": 0.078,
                                        "Actual Total Time": 0.128,
                                        "Actual Rows": 3,
                                        "Actual Loops": 3050,
                                        "Output": [
                                            "ci.id",
                                            "ci.person_id",
                                            "ci.movie_id",
                                            "ci.person_role_id",
                                            "ci.note",
                                            "ci.nr_order",
                                            "ci.role_id"
                                        ],
                                        "Index Cond": "(ci.movie_id = t.id)",
                                        "Rows Removed by Index Recheck": 0,
                                        "Filter": "(ci.role_id = 2)",
                                        "Rows Removed by Filter": 14,
                                        "Workers": [
                                            {
                                                "Worker Number": 0,
                                                "Actual Startup Time": 0.101,
                                                "Actual Total Time": 0.163,
                                                "Actual Rows": 3,
                                                "Actual Loops": 506
                                            },
                                            {
                                                "Worker Number": 1,
                                                "Actual Startup Time": 0.11,
                                                "Actual Total Time": 0.183,
                                                "Actual Rows": 3,
                                                "Actual Loops": 434
                                            },
                                            {
                                                "Worker Number": 2,
                                                "Actual Startup Time": 0.1,
                                                "Actual Total Time": 0.166,
                                                "Actual Rows": 4,
                                                "Actual Loops": 499
                                            },
                                            {
                                                "Worker Number": 3,
                                                "Actual Startup Time": 0.095,
                                                "Actual Total Time": 0.162,
                                                "Actual Rows": 4,
                                                "Actual Loops": 504
                                            }
                                        ]
                                    }
                                ]
                            }
                        ]
                    }
                ]
            }
        ]
    },
    "Planning Time": 0.935,
    "Triggers": [],
    "Execution Time": 225.71
}