[
  {
    "Plan": {
      "Node Type": "Aggregate",
      "Strategy": "Plain",
      "Partial Mode": "Finalize",
      "Parallel Aware": false,
      "Startup Cost": 55102.39,
      "Total Cost": 55102.4,
      "Plan Rows": 1,
      "Plan Width": 8,
      "Actual Startup Time": 101.943,
      "Actual Total Time": 115.629,
      "Actual Rows": 1,
      "Actual Loops": 1,
      "Plans": [
        {
          "Node Type": "Gather",
          "Parent Relationship": "Outer",
          "Parallel Aware": false,
          "Startup Cost": 55101.97,
          "Total Cost": 55102.38,
          "Plan Rows": 4,
          "Plan Width": 8,
          "Actual Startup Time": 101.847,
          "Actual Total Time": 115.62,
          "Actual Rows": 5,
          "Actual Loops": 1,
          "Workers Planned": 4,
          "Workers Launched": 4,
          "Single Copy": false,
          "Plans": [
            {
              "Node Type": "Aggregate",
              "Strategy": "Plain",
              "Partial Mode": "Partial",
              "Parent Relationship": "Outer",
              "Parallel Aware": false,
              "Startup Cost": 54101.97,
              "Total Cost": 54101.98,
              "Plan Rows": 1,
              "Plan Width": 8,
              "Actual Startup Time": 91.024,
              "Actual Total Time": 91.025,
              "Actual Rows": 1,
              "Actual Loops": 5,
              "Plans": [
                {
                  "Node Type": "Nested Loop",
                  "Parent Relationship": "Outer",
                  "Parallel Aware": false,
                  "Join Type": "Inner",
                  "Startup Cost": 0.43,
                  "Total Cost": 54101.42,
                  "Plan Rows": 220,
                  "Plan Width": 0,
                  "Actual Startup Time": 17.123,
                  "Actual Total Time": 90.954,
                  "Actual Rows": 715,
                  "Actual Loops": 5,
                  "Inner Unique": false,
                  "Plans": [
                    {
                      "Node Type": "Seq Scan",
                      "Parent Relationship": "Outer",
                      "Parallel Aware": true,
                      "Relation Name": "title",
                      "Alias": "t",
                      "Startup Cost": 0.0,
                      "Total Cost": 45479.1,
                      "Plan Rows": 496,
                      "Plan Width": 4,
                      "Actual Startup Time": 5.861,
                      "Actual Total Time": 82.092,
                      "Actual Rows": 550,
                      "Actual Loops": 5,
                      "Filter": "((kind_id < 7) AND (production_year = 1951))",
                      "Rows Removed by Filter": 505113
                    },
                    {
                      "Node Type": "Index Scan",
                      "Parent Relationship": "Inner",
                      "Parallel Aware": false,
                      "Scan Direction": "Forward",
                      "Index Name": "movie_id_movie_companies",
                      "Relation Name": "movie_companies",
                      "Alias": "mc",
                      "Startup Cost": 0.43,
                      "Total Cost": 17.36,
                      "Plan Rows": 2,
                      "Plan Width": 4,
                      "Actual Startup Time": 0.013,
                      "Actual Total Time": 0.015,
                      "Actual Rows": 1,
                      "Actual Loops": 2748,
                      "Index Cond": "(movie_id = t.id)",
                      "Rows Removed by Index Recheck": 0,
                      "Filter": "((company_id > 160) AND (company_type_id < 2))",
                      "Rows Removed by Filter": 1
                    }
                  ]
                }
              ]
            }
          ]
        }
      ]
    },
    "Planning Time": 0.663,
    "Triggers": [],
    "Execution Time": 115.7
  }
]