[
  {
    "Plan": {
      "Node Type": "Aggregate",
      "Strategy": "Plain",
      "Partial Mode": "Finalize",
      "Parallel Aware": false,
      "Startup Cost": 64788.74,
      "Total Cost": 64788.75,
      "Plan Rows": 1,
      "Plan Width": 8,
      "Actual Startup Time": 355.585,
      "Actual Total Time": 367.774,
      "Actual Rows": 1,
      "Actual Loops": 1,
      "Plans": [
        {
          "Node Type": "Gather",
          "Parent Relationship": "Outer",
          "Parallel Aware": false,
          "Startup Cost": 64788.53,
          "Total Cost": 64788.74,
          "Plan Rows": 2,
          "Plan Width": 8,
          "Actual Startup Time": 352.681,
          "Actual Total Time": 367.767,
          "Actual Rows": 3,
          "Actual Loops": 1,
          "Workers Planned": 2,
          "Workers Launched": 2,
          "Single Copy": false,
          "Plans": [
            {
              "Node Type": "Aggregate",
              "Strategy": "Plain",
              "Partial Mode": "Partial",
              "Parent Relationship": "Outer",
              "Parallel Aware": false,
              "Startup Cost": 63788.53,
              "Total Cost": 63788.54,
              "Plan Rows": 1,
              "Plan Width": 8,
              "Actual Startup Time": 344.76,
              "Actual Total Time": 344.763,
              "Actual Rows": 1,
              "Actual Loops": 3,
              "Plans": [
                {
                  "Node Type": "Hash Join",
                  "Parent Relationship": "Outer",
                  "Parallel Aware": true,
                  "Join Type": "Inner",
                  "Startup Cost": 48114.47,
                  "Total Cost": 63309.03,
                  "Plan Rows": 191798,
                  "Plan Width": 0,
                  "Actual Startup Time": 231.49,
                  "Actual Total Time": 341.716,
                  "Actual Rows": 75681,
                  "Actual Loops": 3,
                  "Inner Unique": true,
                  "Hash Cond": "(mi_idx.movie_id = t.id)",
                  "Plans": [
                    {
                      "Node Type": "Seq Scan",
                      "Parent Relationship": "Outer",
                      "Parallel Aware": true,
                      "Relation Name": "movie_info_idx",
                      "Alias": "mi_idx",
                      "Startup Cost": 0.0,
                      "Total Cost": 13685.15,
                      "Plan Rows": 575015,
                      "Plan Width": 4,
                      "Actual Startup Time": 0.025,
                      "Actual Total Time": 34.521,
                      "Actual Rows": 460012,
                      "Actual Loops": 3
                    },
                    {
                      "Node Type": "Hash",
                      "Parent Relationship": "Inner",
                      "Parallel Aware": true,
                      "Startup Cost": 45479.1,
                      "Total Cost": 45479.1,
                      "Plan Rows": 210830,
                      "Plan Width": 4,
                      "Actual Startup Time": 225.018,
                      "Actual Total Time": 225.019,
                      "Actual Rows": 307214,
                      "Actual Loops": 3,
                      "Hash Buckets": 1048576,
                      "Original Hash Buckets": 1048576,
                      "Hash Batches": 1,
                      "Original Hash Batches": 1,
                      "Peak Memory Usage": 44288,
                      "Plans": [
                        {
                          "Node Type": "Seq Scan",
                          "Parent Relationship": "Outer",
                          "Parallel Aware": true,
                          "Relation Name": "title",
                          "Alias": "t",
                          "Startup Cost": 0.0,
                          "Total Cost": 45479.1,
                          "Plan Rows": 210830,
                          "Plan Width": 4,
                          "Actual Startup Time": 0.037,
                          "Actual Total Time": 125.628,
                          "Actual Rows": 307214,
                          "Actual Loops": 3,
                          "Filter": "((production_year > 2000) AND (kind_id = 7))",
                          "Rows Removed by Filter": 535556
                        }
                      ]
                    }
                  ]
                }
              ]
            }
          ]
        }
      ]
    },
    "Planning Time": 0.59,
    "Triggers": [],
    "Execution Time": 367.842
  }
]