{
    "Plan": {
        "Node Type": "Aggregate",
        "Strategy": "Plain",
        "Partial Mode": "Simple",
        "Parallel Aware": false,
        "Startup Cost": 20002339392.67,
        "Total Cost": 20002339392.68,
        "Plan Rows": 1,
        "Plan Width": 96,
        "Actual Startup Time": 3882.723,
        "Actual Total Time": 3882.731,
        "Actual Rows": 1,
        "Actual Loops": 1,
        "Output": [
            "min((lt.link)::text)",
            "min(t1.title)",
            "min(t2.title)"
        ],
        "Plans": [
            {
                "Node Type": "Hash Join",
                "Parent Relationship": "Outer",
                "Parallel Aware": false,
                "Join Type": "Inner",
                "Startup Cost": 20000352527.6,
                "Total Cost": 20002339392.59,
                "Plan Rows": 10,
                "Plan Width": 46,
                "Actual Startup Time": 2567.501,
                "Actual Total Time": 3882.701,
                "Actual Rows": 73,
                "Actual Loops": 1,
                "Output": [
                    "lt.link",
                    "t1.title",
                    "t2.title"
                ],
                "Inner Unique": true,
                "Hash Cond": "(ml.link_type_id = lt.id)",
                "Plans": [
                    {
                        "Node Type": "Nested Loop",
                        "Parent Relationship": "Outer",
                        "Parallel Aware": false,
                        "Join Type": "Inner",
                        "Startup Cost": 10000352514.97,
                        "Total Cost": 10002339379.92,
                        "Plan Rows": 10,
                        "Plan Width": 38,
                        "Actual Startup Time": 2567.444,
                        "Actual Total Time": 3882.629,
                        "Actual Rows": 73,
                        "Actual Loops": 1,
                        "Output": [
                            "ml.link_type_id",
                            "t1.title",
                            "t2.title"
                        ],
                        "Inner Unique": true,
                        "Join Filter": "(mk.keyword_id = k.id)",
                        "Rows Removed by Join Filter": 288119,
                        "Plans": [
                            {
                                "Node Type": "Hash Join",
                                "Parent Relationship": "Outer",
                                "Parallel Aware": false,
                                "Join Type": "Inner",
                                "Startup Cost": 10000352514.55,
                                "Total Cost": 10002313578.23,
                                "Plan Rows": 1363918,
                                "Plan Width": 42,
                                "Actual Startup Time": 2471.67,
                                "Actual Total Time": 3796.538,
                                "Actual Rows": 288192,
                                "Actual Loops": 1,
                                "Output": [
                                    "mk.keyword_id",
                                    "ml.link_type_id",
                                    "t1.title",
                                    "t2.title"
                                ],
                                "Inner Unique": false,
                                "Hash Cond": "(t1.id = mk.movie_id)",
                                "Plans": [
                                    {
                                        "Node Type": "Hash Join",
                                        "Parent Relationship": "Outer",
                                        "Parallel Aware": false,
                                        "Join Type": "Inner",
                                        "Startup Cost": 10000118787.97,
                                        "Total Cost": 10002034019.43,
                                        "Plan Rows": 29997,
                                        "Plan Width": 46,
                                        "Actual Startup Time": 1232.136,
                                        "Actual Total Time": 2531.68,
                                        "Actual Rows": 29997,
                                        "Actual Loops": 1,
                                        "Output": [
                                            "ml.movie_id",
                                            "ml.link_type_id",
                                            "t1.title",
                                            "t1.id",
                                            "t2.title"
                                        ],
                                        "Inner Unique": false,
                                        "Hash Cond": "(t1.id = ml.movie_id)",
                                        "Plans": [
                                            {
                                                "Node Type": "Index Scan",
                                                "Parent Relationship": "Outer",
                                                "Parallel Aware": false,
                                                "Scan Direction": "Forward",
                                                "Index Name": "title_pkey",
                                                "Relation Name": "title",
                                                "Schema": "public",
                                                "Alias": "t1",
                                                "Startup Cost": 0.43,
                                                "Total Cost": 110342.1,
                                                "Plan Rows": 2528322,
                                                "Plan Width": 21,
                                                "Actual Startup Time": 0.016,
                                                "Actual Total Time": 1011.624,
                                                "Actual Rows": 2528312,
                                                "Actual Loops": 1,
                                                "Output": [
                                                    "t1.id",
                                                    "t1.title",
                                                    "t1.imdb_index",
                                                    "t1.kind_id",
                                                    "t1.production_year",
                                                    "t1.imdb_id",
                                                    "t1.phonetic_code",
                                                    "t1.episode_of_id",
                                                    "t1.season_nr",
                                                    "t1.episode_nr",
                                                    "t1.series_years",
                                                    "t1.md5sum"
                                                ]
                                            },
                                            {
                                                "Node Type": "Hash",
                                                "Parent Relationship": "Inner",
                                                "Parallel Aware": false,
                                                "Startup Cost": 10000118412.58,
                                                "Total Cost": 10000118412.58,
                                                "Plan Rows": 29997,
                                                "Plan Width": 25,
                                                "Actual Startup Time": 1232.047,
                                                "Actual Total Time": 1232.049,
                                                "Actual Rows": 29997,
                                                "Actual Loops": 1,
                                                "Output": [
                                                    "ml.movie_id",
                                                    "ml.link_type_id",
                                                    "t2.title"
                                                ],
                                                "Hash Buckets": 32768,
                                                "Original Hash Buckets": 32768,
                                                "Hash Batches": 1,
                                                "Original Hash Batches": 1,
                                                "Peak Memory Usage": 1982,
                                                "Plans": [
                                                    {
                                                        "Node Type": "Merge Join",
                                                        "Parent Relationship": "Outer",
                                                        "Parallel Aware": false,
                                                        "Join Type": "Inner",
                                                        "Startup Cost": 10000000013.27,
                                                        "Total Cost": 10000118412.58,
                                                        "Plan Rows": 29997,
                                                        "Plan Width": 25,
                                                        "Actual Startup Time": 0.534,
                                                        "Actual Total Time": 1224.494,
                                                        "Actual Rows": 29997,
                                                        "Actual Loops": 1,
                                                        "Output": [
                                                            "ml.movie_id",
                                                            "ml.link_type_id",
                                                            "t2.title"
                                                        ],
                                                        "Inner Unique": false,
                                                        "Merge Cond": "(t2.id = ml.linked_movie_id)",
                                                        "Plans": [
                                                            {
                                                                "Node Type": "Index Scan",
                                                                "Parent Relationship": "Outer",
                                                                "Parallel Aware": false,
                                                                "Scan Direction": "Forward",
                                                                "Index Name": "title_pkey",
                                                                "Relation Name": "title",
                                                                "Schema": "public",
                                                                "Alias": "t2",
                                                                "Startup Cost": 0.43,
                                                                "Total Cost": 110342.1,
                                                                "Plan Rows": 2528322,
                                                                "Plan Width": 21,
                                                                "Actual Startup Time": 0.005,
                                                                "Actual Total Time": 1002.485,
                                                                "Actual Rows": 2524995,
                                                                "Actual Loops": 1,
                                                                "Output": [
                                                                    "t2.id",
                                                                    "t2.title",
                                                                    "t2.imdb_index",
                                                                    "t2.kind_id",
                                                                    "t2.production_year",
                                                                    "t2.imdb_id",
                                                                    "t2.phonetic_code",
                                                                    "t2.episode_of_id",
                                                                    "t2.season_nr",
                                                                    "t2.episode_nr",
                                                                    "t2.series_years",
                                                                    "t2.md5sum"
                                                                ]
                                                            },
                                                            {
                                                                "Node Type": "Index Scan",
                                                                "Parent Relationship": "Inner",
                                                                "Parallel Aware": false,
                                                                "Scan Direction": "Forward",
                                                                "Index Name": "linked_movie_id_movie_link",
                                                                "Relation Name": "movie_link",
                                                                "Schema": "public",
                                                                "Alias": "ml",
                                                                "Startup Cost": 10000000000.29,
                                                                "Total Cost": 10000001525.74,
                                                                "Plan Rows": 29997,
                                                                "Plan Width": 12,
                                                                "Actual Startup Time": 0.014,
                                                                "Actual Total Time": 62.476,
                                                                "Actual Rows": 29997,
                                                                "Actual Loops": 1,
                                                                "Output": [
                                                                    "ml.id",
                                                                    "ml.movie_id",
                                                                    "ml.linked_movie_id",
                                                                    "ml.link_type_id"
                                                                ]
                                                            }
                                                        ]
                                                    }
                                                ]
                                            }
                                        ]
                                    },
                                    {
                                        "Node Type": "Hash",
                                        "Parent Relationship": "Inner",
                                        "Parallel Aware": false,
                                        "Startup Cost": 177177.46,
                                        "Total Cost": 177177.46,
                                        "Plan Rows": 4523930,
                                        "Plan Width": 8,
                                        "Actual Startup Time": 1221.095,
                                        "Actual Total Time": 1221.095,
                                        "Actual Rows": 4523930,
                                        "Actual Loops": 1,
                                        "Output": [
                                            "mk.keyword_id",
                                            "mk.movie_id"
                                        ],
                                        "Hash Buckets": 8388608,
                                        "Original Hash Buckets": 8388608,
                                        "Hash Batches": 1,
                                        "Original Hash Batches": 1,
                                        "Peak Memory Usage": 242253,
                                        "Plans": [
                                            {
                                                "Node Type": "Index Scan",
                                                "Parent Relationship": "Outer",
                                                "Parallel Aware": false,
                                                "Scan Direction": "Forward",
                                                "Index Name": "movie_id_movie_keyword",
                                                "Relation Name": "movie_keyword",
                                                "Schema": "public",
                                                "Alias": "mk",
                                                "Startup Cost": 0.43,
                                                "Total Cost": 177177.46,
                                                "Plan Rows": 4523930,
                                                "Plan Width": 8,
                                                "Actual Startup Time": 0.033,
                                                "Actual Total Time": 681.109,
                                                "Actual Rows": 4523930,
                                                "Actual Loops": 1,
                                                "Output": [
                                                    "mk.keyword_id",
                                                    "mk.movie_id"
                                                ]
                                            }
                                        ]
                                    }
                                ]
                            },
                            {
                                "Node Type": "Materialize",
                                "Parent Relationship": "Inner",
                                "Parallel Aware": false,
                                "Startup Cost": 0.42,
                                "Total Cost": 5342.93,
                                "Plan Rows": 1,
                                "Plan Width": 4,
                                "Actual Startup Time": 0.0,
                                "Actual Total Time": 0.0,
                                "Actual Rows": 1,
                                "Actual Loops": 288192,
                                "Output": [
                                    "k.id"
                                ],
                                "Plans": [
                                    {
                                        "Node Type": "Index Scan",
                                        "Parent Relationship": "Outer",
                                        "Parallel Aware": false,
                                        "Scan Direction": "Forward",
                                        "Index Name": "keyword_pkey",
                                        "Relation Name": "keyword",
                                        "Schema": "public",
                                        "Alias": "k",
                                        "Startup Cost": 0.42,
                                        "Total Cost": 5342.92,
                                        "Plan Rows": 1,
                                        "Plan Width": 4,
                                        "Actual Startup Time": 0.592,
                                        "Actual Total Time": 35.128,
                                        "Actual Rows": 1,
                                        "Actual Loops": 1,
                                        "Output": [
                                            "k.id"
                                        ],
                                        "Filter": "(k.keyword = 'tv-special'::text)",
                                        "Rows Removed by Filter": 134169
                                    }
                                ]
                            }
                        ]
                    },
                    {
                        "Node Type": "Hash",
                        "Parent Relationship": "Inner",
                        "Parallel Aware": false,
                        "Startup Cost": 10000000012.41,
                        "Total Cost": 10000000012.41,
                        "Plan Rows": 18,
                        "Plan Width": 16,
                        "Actual Startup Time": 0.046,
                        "Actual Total Time": 0.047,
                        "Actual Rows": 18,
                        "Actual Loops": 1,
                        "Output": [
                            "lt.link",
                            "lt.id"
                        ],
                        "Hash Buckets": 1024,
                        "Original Hash Buckets": 1024,
                        "Hash Batches": 1,
                        "Original Hash Batches": 1,
                        "Peak Memory Usage": 9,
                        "Plans": [
                            {
                                "Node Type": "Index Scan",
                                "Parent Relationship": "Outer",
                                "Parallel Aware": false,
                                "Scan Direction": "Forward",
                                "Index Name": "link_type_pkey",
                                "Relation Name": "link_type",
                                "Schema": "public",
                                "Alias": "lt",
                                "Startup Cost": 10000000000.14,
                                "Total Cost": 10000000012.41,
                                "Plan Rows": 18,
                                "Plan Width": 16,
                                "Actual Startup Time": 0.017,
                                "Actual Total Time": 0.029,
                                "Actual Rows": 18,
                                "Actual Loops": 1,
                                "Output": [
                                    "lt.link",
                                    "lt.id"
                                ]
                            }
                        ]
                    }
                ]
            }
        ]
    },
    "Planning Time": 7.193,
    "Triggers": [],
    "Execution Time": 3884.604
}