[
  {
    "Plan": {
      "Node Type": "Aggregate",
      "Strategy": "Plain",
      "Partial Mode": "Finalize",
      "Parallel Aware": false,
      "Startup Cost": 31858.55,
      "Total Cost": 31858.56,
      "Plan Rows": 1,
      "Plan Width": 8,
      "Actual Startup Time": 86.044,
      "Actual Total Time": 92.011,
      "Actual Rows": 1,
      "Actual Loops": 1,
      "Plans": [
        {
          "Node Type": "Gather",
          "Parent Relationship": "Outer",
          "Parallel Aware": false,
          "Startup Cost": 31858.23,
          "Total Cost": 31858.54,
          "Plan Rows": 3,
          "Plan Width": 8,
          "Actual Startup Time": 85.99,
          "Actual Total Time": 92.006,
          "Actual Rows": 4,
          "Actual Loops": 1,
          "Workers Planned": 3,
          "Workers Launched": 3,
          "Single Copy": false,
          "Plans": [
            {
              "Node Type": "Aggregate",
              "Strategy": "Plain",
              "Partial Mode": "Partial",
              "Parent Relationship": "Outer",
              "Parallel Aware": false,
              "Startup Cost": 30858.23,
              "Total Cost": 30858.24,
              "Plan Rows": 1,
              "Plan Width": 8,
              "Actual Startup Time": 83.456,
              "Actual Total Time": 83.457,
              "Actual Rows": 1,
              "Actual Loops": 4,
              "Plans": [
                {
                  "Node Type": "Seq Scan",
                  "Parent Relationship": "Outer",
                  "Parallel Aware": true,
                  "Relation Name": "movie_companies",
                  "Alias": "mc",
                  "Startup Cost": 0.0,
                  "Total Cost": 29310.68,
                  "Plan Rows": 619021,
                  "Plan Width": 0,
                  "Actual Startup Time": 0.016,
                  "Actual Total Time": 63.497,
                  "Actual Rows": 480478,
                  "Actual Loops": 4,
                  "Filter": "(company_id < 47506)",
                  "Rows Removed by Filter": 171804
                }
              ]
            }
          ]
        }
      ]
    },
    "Planning Time": 0.072,
    "Triggers": [],
    "Execution Time": 92.035
  }
]