{
  "Plan": {
    "Node Type": "Aggregate",
    "Strategy": "Plain",
    "Partial Mode": "Finalize",
    "Parallel Aware": false,
    "Startup Cost": 402898.8,
    "Total Cost": 402898.81,
    "Plan Rows": 1,
    "Plan Width": 8,
    "Actual Startup Time": 1942.434,
    "Actual Total Time": 1988.358,
    "Actual Rows": 1,
    "Actual Loops": 1,
    "Plans": [
      {
        "Node Type": "Gather",
        "Parent Relationship": "Outer",
        "Parallel Aware": false,
        "Startup Cost": 402898.69,
        "Total Cost": 402898.8,
        "Plan Rows": 1,
        "Plan Width": 8,
        "Actual Startup Time": 1939.07,
        "Actual Total Time": 1988.35,
        "Actual Rows": 2,
        "Actual Loops": 1,
        "Workers Planned": 1,
        "Workers Launched": 1,
        "Single Copy": false,
        "Plans": [
          {
            "Node Type": "Aggregate",
            "Strategy": "Plain",
            "Partial Mode": "Partial",
            "Parent Relationship": "Outer",
            "Parallel Aware": false,
            "Startup Cost": 401898.69,
            "Total Cost": 401898.7,
            "Plan Rows": 1,
            "Plan Width": 8,
            "Actual Startup Time": 1934.88,
            "Actual Total Time": 1934.886,
            "Actual Rows": 1,
            "Actual Loops": 2,
            "Plans": [
              {
                "Node Type": "Hash Join",
                "Parent Relationship": "Outer",
                "Parallel Aware": true,
                "Join Type": "Inner",
                "Startup Cost": 110244.94,
                "Total Cost": 398890.29,
                "Plan Rows": 1203359,
                "Plan Width": 0,
                "Actual Startup Time": 613.539,
                "Actual Total Time": 1918.344,
                "Actual Rows": 394899,
                "Actual Loops": 2,
                "Inner Unique": false,
                "Hash Cond": "(mi.movie_id = t.id)",
                "Plans": [
                  {
                    "Node Type": "Seq Scan",
                    "Parent Relationship": "Outer",
                    "Parallel Aware": true,
                    "Relation Name": "movie_info",
                    "Alias": "mi",
                    "Startup Cost": 0.0,
                    "Total Cost": 248955.74,
                    "Plan Rows": 8696274,
                    "Plan Width": 4,
                    "Actual Startup Time": 0.017,
                    "Actual Total Time": 637.779,
                    "Actual Rows": 7417860,
                    "Actual Loops": 2
                  },
                  {
                    "Node Type": "Hash",
                    "Parent Relationship": "Inner",
                    "Parallel Aware": true,
                    "Startup Cost": 107672.46,
                    "Total Cost": 107672.46,
                    "Plan Rows": 205798,
                    "Plan Width": 8,
                    "Actual Startup Time": 607.237,
                    "Actual Total Time": 607.242,
                    "Actual Rows": 37528,
                    "Actual Loops": 2,
                    "Hash Buckets": 524288,
                    "Original Hash Buckets": 524288,
                    "Hash Batches": 1,
                    "Original Hash Batches": 1,
                    "Peak Memory Usage": 7072,
                    "Plans": [
                      {
                        "Node Type": "Hash Join",
                        "Parent Relationship": "Outer",
                        "Parallel Aware": true,
                        "Join Type": "Inner",
                        "Startup Cost": 78097.79,
                        "Total Cost": 107672.46,
                        "Plan Rows": 205798,
                        "Plan Width": 8,
                        "Actual Startup Time": 460.336,
                        "Actual Total Time": 596.094,
                        "Actual Rows": 37528,
                        "Actual Loops": 2,
                        "Inner Unique": true,
                        "Hash Cond": "(mk.movie_id = t.id)",
                        "Plans": [
                          {
                            "Node Type": "Bitmap Heap Scan",
                            "Parent Relationship": "Outer",
                            "Parallel Aware": true,
                            "Relation Name": "movie_keyword",
                            "Alias": "mk",
                            "Startup Cost": 12208.92,
                            "Total Cost": 40894.88,
                            "Plan Rows": 338557,
                            "Plan Width": 4,
                            "Actual Startup Time": 40.692,
                            "Actual Total Time": 118.536,
                            "Actual Rows": 282369,
                            "Actual Loops": 2,
                            "Recheck Cond": "(keyword_id > 32550)",
                            "Rows Removed by Index Recheck": 0,
                            "Exact Heap Blocks": 14125,
                            "Lossy Heap Blocks": 0,
                            "Plans": [
                              {
                                "Node Type": "Bitmap Index Scan",
                                "Parent Relationship": "Outer",
                                "Parallel Aware": false,
                                "Index Name": "keyword_id_movie_keyword",
                                "Startup Cost": 0.0,
                                "Total Cost": 12065.04,
                                "Plan Rows": 575547,
                                "Plan Width": 0,
                                "Actual Startup Time": 37.271,
                                "Actual Total Time": 37.272,
                                "Actual Rows": 564738,
                                "Actual Loops": 1,
                                "Index Cond": "(keyword_id > 32550)"
                              }
                            ]
                          },
                          {
                            "Node Type": "Hash",
                            "Parent Relationship": "Inner",
                            "Parallel Aware": true,
                            "Startup Cost": 54588.39,
                            "Total Cost": 54588.39,
                            "Plan Rows": 904038,
                            "Plan Width": 4,
                            "Actual Startup Time": 407.949,
                            "Actual Total Time": 407.95,
                            "Actual Rows": 771632,
                            "Actual Loops": 2,
                            "Hash Buckets": 2097152,
                            "Original Hash Buckets": 2097152,
                            "Hash Batches": 1,
                            "Original Hash Batches": 1,
                            "Peak Memory Usage": 76800,
                            "Plans": [
                              {
                                "Node Type": "Seq Scan",
                                "Parent Relationship": "Outer",
                                "Parallel Aware": true,
                                "Relation Name": "title",
                                "Alias": "t",
                                "Startup Cost": 0.0,
                                "Total Cost": 54588.39,
                                "Plan Rows": 904038,
                                "Plan Width": 4,
                                "Actual Startup Time": 0.031,
                                "Actual Total Time": 162.543,
                                "Actual Rows": 771632,
                                "Actual Loops": 2,
                                "Filter": "(kind_id = 7)",
                                "Rows Removed by Filter": 492524
                              }
                            ]
                          }
                        ]
                      }
                    ]
                  }
                ]
              }
            ]
          }
        ]
      }
    ]
  },
  "Planning Time": 0.942,
  "Triggers": [],
  "Execution Time": 1988.467
}