[
  {
    "Plan": {
      "Node Type": "Aggregate",
      "Strategy": "Plain",
      "Partial Mode": "Finalize",
      "Parallel Aware": false,
      "Startup Cost": 343786.45,
      "Total Cost": 343786.46,
      "Plan Rows": 1,
      "Plan Width": 8,
      "Actual Startup Time": 530.465,
      "Actual Total Time": 568.087,
      "Actual Rows": 1,
      "Actual Loops": 1,
      "Plans": [
        {
          "Node Type": "Gather",
          "Parent Relationship": "Outer",
          "Parallel Aware": false,
          "Startup Cost": 343785.82,
          "Total Cost": 343786.43,
          "Plan Rows": 6,
          "Plan Width": 8,
          "Actual Startup Time": 530.335,
          "Actual Total Time": 568.069,
          "Actual Rows": 7,
          "Actual Loops": 1,
          "Workers Planned": 6,
          "Workers Launched": 6,
          "Single Copy": false,
          "Plans": [
            {
              "Node Type": "Aggregate",
              "Strategy": "Plain",
              "Partial Mode": "Partial",
              "Parent Relationship": "Outer",
              "Parallel Aware": false,
              "Startup Cost": 342785.82,
              "Total Cost": 342785.83,
              "Plan Rows": 1,
              "Plan Width": 8,
              "Actual Startup Time": 520.551,
              "Actual Total Time": 520.553,
              "Actual Rows": 1,
              "Actual Loops": 7,
              "Plans": [
                {
                  "Node Type": "Index Scan",
                  "Parent Relationship": "Outer",
                  "Parallel Aware": true,
                  "Scan Direction": "Forward",
                  "Index Name": "role_id_cast_info",
                  "Relation Name": "cast_info",
                  "Alias": "ci",
                  "Startup Cost": 0.56,
                  "Total Cost": 341155.22,
                  "Plan Rows": 652241,
                  "Plan Width": 0,
                  "Actual Startup Time": 0.251,
                  "Actual Total Time": 453.069,
                  "Actual Rows": 1159056,
                  "Actual Loops": 7,
                  "Index Cond": "(role_id = 1)",
                  "Rows Removed by Index Recheck": 0,
                  "Filter": "(person_id < 1105680)",
                  "Rows Removed by Filter": 651043
                }
              ]
            }
          ]
        }
      ]
    },
    "Planning Time": 0.239,
    "Triggers": [],
    "Execution Time": 568.161
  }
]