{
    "Plan": {
        "Node Type": "Aggregate",
        "Strategy": "Plain",
        "Partial Mode": "Finalize",
        "Parallel Aware": false,
        "Startup Cost": 423833.98,
        "Total Cost": 423833.99,
        "Plan Rows": 1,
        "Plan Width": 8,
        "Actual Startup Time": 1206.721,
        "Actual Total Time": 1260.206,
        "Actual Rows": 1,
        "Actual Loops": 1,
        "Output": [
            "count(*)"
        ],
        "Plans": [
            {
                "Node Type": "Gather",
                "Parent Relationship": "Outer",
                "Parallel Aware": false,
                "Startup Cost": 423833.35,
                "Total Cost": 423833.96,
                "Plan Rows": 6,
                "Plan Width": 8,
                "Actual Startup Time": 1195.82,
                "Actual Total Time": 1260.192,
                "Actual Rows": 7,
                "Actual Loops": 1,
                "Output": [
                    "(PARTIAL count(*))"
                ],
                "Workers Planned": 6,
                "Workers Launched": 6,
                "Single Copy": false,
                "Plans": [
                    {
                        "Node Type": "Aggregate",
                        "Strategy": "Plain",
                        "Partial Mode": "Partial",
                        "Parent Relationship": "Outer",
                        "Parallel Aware": false,
                        "Startup Cost": 422833.35,
                        "Total Cost": 422833.36,
                        "Plan Rows": 1,
                        "Plan Width": 8,
                        "Actual Startup Time": 1183.677,
                        "Actual Total Time": 1183.836,
                        "Actual Rows": 1,
                        "Actual Loops": 7,
                        "Output": [
                            "PARTIAL count(*)"
                        ],
                        "Workers": [
                            {
                                "Worker Number": 0,
                                "Actual Startup Time": 1181.828,
                                "Actual Total Time": 1181.833,
                                "Actual Rows": 1,
                                "Actual Loops": 1
                            },
                            {
                                "Worker Number": 1,
                                "Actual Startup Time": 1182.217,
                                "Actual Total Time": 1182.221,
                                "Actual Rows": 1,
                                "Actual Loops": 1
                            },
                            {
                                "Worker Number": 2,
                                "Actual Startup Time": 1181.623,
                                "Actual Total Time": 1181.629,
                                "Actual Rows": 1,
                                "Actual Loops": 1
                            },
                            {
                                "Worker Number": 3,
                                "Actual Startup Time": 1181.812,
                                "Actual Total Time": 1181.818,
                                "Actual Rows": 1,
                                "Actual Loops": 1
                            },
                            {
                                "Worker Number": 4,
                                "Actual Startup Time": 1181.701,
                                "Actual Total Time": 1181.706,
                                "Actual Rows": 1,
                                "Actual Loops": 1
                            },
                            {
                                "Worker Number": 5,
                                "Actual Startup Time": 1181.803,
                                "Actual Total Time": 1181.809,
                                "Actual Rows": 1,
                                "Actual Loops": 1
                            }
                        ],
                        "Plans": [
                            {
                                "Node Type": "Hash Join",
                                "Parent Relationship": "Outer",
                                "Parallel Aware": true,
                                "Join Type": "Inner",
                                "Startup Cost": 83883.56,
                                "Total Cost": 421628.69,
                                "Plan Rows": 481864,
                                "Plan Width": 0,
                                "Actual Startup Time": 302.997,
                                "Actual Total Time": 1170.286,
                                "Actual Rows": 305789,
                                "Actual Loops": 7,
                                "Inner Unique": false,
                                "Hash Cond": "(ci.movie_id = t.id)",
                                "Workers": [
                                    {
                                        "Worker Number": 0,
                                        "Actual Startup Time": 301.274,
                                        "Actual Total Time": 1167.176,
                                        "Actual Rows": 215336,
                                        "Actual Loops": 1
                                    },
                                    {
                                        "Worker Number": 1,
                                        "Actual Startup Time": 301.072,
                                        "Actual Total Time": 1168.947,
                                        "Actual Rows": 318949,
                                        "Actual Loops": 1
                                    },
                                    {
                                        "Worker Number": 2,
                                        "Actual Startup Time": 301.012,
                                        "Actual Total Time": 1168.678,
                                        "Actual Rows": 305372,
                                        "Actual Loops": 1
                                    },
                                    {
                                        "Worker Number": 3,
                                        "Actual Startup Time": 301.278,
                                        "Actual Total Time": 1168.31,
                                        "Actual Rows": 324243,
                                        "Actual Loops": 1
                                    },
                                    {
                                        "Worker Number": 4,
                                        "Actual Startup Time": 301.081,
                                        "Actual Total Time": 1168.417,
                                        "Actual Rows": 314122,
                                        "Actual Loops": 1
                                    },
                                    {
                                        "Worker Number": 5,
                                        "Actual Startup Time": 301.174,
                                        "Actual Total Time": 1168.854,
                                        "Actual Rows": 305198,
                                        "Actual Loops": 1
                                    }
                                ],
                                "Plans": [
                                    {
                                        "Node Type": "Seq Scan",
                                        "Parent Relationship": "Outer",
                                        "Parallel Aware": true,
                                        "Relation Name": "cast_info",
                                        "Schema": "public",
                                        "Alias": "ci",
                                        "Startup Cost": 0.0,
                                        "Total Cost": 328213.62,
                                        "Plan Rows": 2127232,
                                        "Plan Width": 4,
                                        "Actual Startup Time": 0.035,
                                        "Actual Total Time": 603.671,
                                        "Actual Rows": 1810098,
                                        "Actual Loops": 7,
                                        "Output": [
                                            "ci.id",
                                            "ci.person_id",
                                            "ci.movie_id",
                                            "ci.person_role_id",
                                            "ci.note",
                                            "ci.nr_order",
                                            "ci.role_id"
                                        ],
                                        "Filter": "(ci.role_id < 2)",
                                        "Rows Removed by Filter": 3367665,
                                        "Workers": [
                                            {
                                                "Worker Number": 0,
                                                "Actual Startup Time": 0.048,
                                                "Actual Total Time": 609.218,
                                                "Actual Rows": 1276178,
                                                "Actual Loops": 1
                                            },
                                            {
                                                "Worker Number": 1,
                                                "Actual Startup Time": 0.038,
                                                "Actual Total Time": 604.321,
                                                "Actual Rows": 1882116,
                                                "Actual Loops": 1
                                            },
                                            {
                                                "Worker Number": 2,
                                                "Actual Startup Time": 0.034,
                                                "Actual Total Time": 607.704,
                                                "Actual Rows": 1802127,
                                                "Actual Loops": 1
                                            },
                                            {
                                                "Worker Number": 3,
                                                "Actual Startup Time": 0.035,
                                                "Actual Total Time": 604.553,
                                                "Actual Rows": 1892812,
                                                "Actual Loops": 1
                                            },
                                            {
                                                "Worker Number": 4,
                                                "Actual Startup Time": 0.04,
                                                "Actual Total Time": 604.435,
                                                "Actual Rows": 1866504,
                                                "Actual Loops": 1
                                            },
                                            {
                                                "Worker Number": 5,
                                                "Actual Startup Time": 0.039,
                                                "Actual Total Time": 607.306,
                                                "Actual Rows": 1788868,
                                                "Actual Loops": 1
                                            }
                                        ]
                                    },
                                    {
                                        "Node Type": "Hash",
                                        "Parent Relationship": "Inner",
                                        "Parallel Aware": true,
                                        "Startup Cost": 81574.21,
                                        "Total Cost": 81574.21,
                                        "Plan Rows": 184748,
                                        "Plan Width": 8,
                                        "Actual Startup Time": 299.397,
                                        "Actual Total Time": 299.553,
                                        "Actual Rows": 37090,
                                        "Actual Loops": 7,
                                        "Output": [
                                            "t.id",
                                            "mc.movie_id"
                                        ],
                                        "Hash Buckets": 1048576,
                                        "Original Hash Buckets": 1048576,
                                        "Hash Batches": 1,
                                        "Original Hash Batches": 1,
                                        "Peak Memory Usage": 18464,
                                        "Workers": [
                                            {
                                                "Worker Number": 0,
                                                "Actual Startup Time": 300.397,
                                                "Actual Total Time": 300.4,
                                                "Actual Rows": 27612,
                                                "Actual Loops": 1
                                            },
                                            {
                                                "Worker Number": 1,
                                                "Actual Startup Time": 300.356,
                                                "Actual Total Time": 300.359,
                                                "Actual Rows": 40149,
                                                "Actual Loops": 1
                                            },
                                            {
                                                "Worker Number": 2,
                                                "Actual Startup Time": 300.293,
                                                "Actual Total Time": 300.297,
                                                "Actual Rows": 36928,
                                                "Actual Loops": 1
                                            },
                                            {
                                                "Worker Number": 3,
                                                "Actual Startup Time": 300.533,
                                                "Actual Total Time": 300.537,
                                                "Actual Rows": 42229,
                                                "Actual Loops": 1
                                            },
                                            {
                                                "Worker Number": 4,
                                                "Actual Startup Time": 300.441,
                                                "Actual Total Time": 300.444,
                                                "Actual Rows": 39722,
                                                "Actual Loops": 1
                                            },
                                            {
                                                "Worker Number": 5,
                                                "Actual Startup Time": 300.504,
                                                "Actual Total Time": 300.509,
                                                "Actual Rows": 36216,
                                                "Actual Loops": 1
                                            }
                                        ],
                                        "Plans": [
                                            {
                                                "Node Type": "Hash Join",
                                                "Parent Relationship": "Outer",
                                                "Parallel Aware": true,
                                                "Join Type": "Inner",
                                                "Startup Cost": 49101.61,
                                                "Total Cost": 81574.21,
                                                "Plan Rows": 184748,
                                                "Plan Width": 8,
                                                "Actual Startup Time": 197.623,
                                                "Actual Total Time": 274.652,
                                                "Actual Rows": 37090,
                                                "Actual Loops": 7,
                                                "Output": [
                                                    "t.id",
                                                    "mc.movie_id"
                                                ],
                                                "Inner Unique": true,
                                                "Hash Cond": "(mc.movie_id = t.id)",
                                                "Workers": [
                                                    {
                                                        "Worker Number": 0,
                                                        "Actual Startup Time": 197.588,
                                                        "Actual Total Time": 275.722,
                                                        "Actual Rows": 27612,
                                                        "Actual Loops": 1
                                                    },
                                                    {
                                                        "Worker Number": 1,
                                                        "Actual Startup Time": 197.648,
                                                        "Actual Total Time": 273.792,
                                                        "Actual Rows": 40149,
                                                        "Actual Loops": 1
                                                    },
                                                    {
                                                        "Worker Number": 2,
                                                        "Actual Startup Time": 197.622,
                                                        "Actual Total Time": 274.185,
                                                        "Actual Rows": 36928,
                                                        "Actual Loops": 1
                                                    },
                                                    {
                                                        "Worker Number": 3,
                                                        "Actual Startup Time": 197.649,
                                                        "Actual Total Time": 274.752,
                                                        "Actual Rows": 42229,
                                                        "Actual Loops": 1
                                                    },
                                                    {
                                                        "Worker Number": 4,
                                                        "Actual Startup Time": 197.575,
                                                        "Actual Total Time": 274.237,
                                                        "Actual Rows": 39722,
                                                        "Actual Loops": 1
                                                    },
                                                    {
                                                        "Worker Number": 5,
                                                        "Actual Startup Time": 197.58,
                                                        "Actual Total Time": 274.492,
                                                        "Actual Rows": 36216,
                                                        "Actual Loops": 1
                                                    }
                                                ],
                                                "Plans": [
                                                    {
                                                        "Node Type": "Seq Scan",
                                                        "Parent Relationship": "Outer",
                                                        "Parallel Aware": true,
                                                        "Relation Name": "movie_companies",
                                                        "Schema": "public",
                                                        "Alias": "mc",
                                                        "Startup Cost": 0.0,
                                                        "Total Cost": 31414.82,
                                                        "Plan Rows": 402964,
                                                        "Plan Width": 4,
                                                        "Actual Startup Time": 21.622,
                                                        "Actual Total Time": 46.494,
                                                        "Actual Rows": 185267,
                                                        "Actual Loops": 7,
                                                        "Output": [
                                                            "mc.id",
                                                            "mc.movie_id",
                                                            "mc.company_id",
                                                            "mc.company_type_id",
                                                            "mc.note"
                                                        ],
                                                        "Filter": "((mc.company_id > 27) AND (mc.company_type_id = 2))",
                                                        "Rows Removed by Filter": 187465,
                                                        "Workers": [
                                                            {
                                                                "Worker Number": 0,
                                                                "Actual Startup Time": 21.699,
                                                                "Actual Total Time": 50.2,
                                                                "Actual Rows": 145050,
                                                                "Actual Loops": 1
                                                            },
                                                            {
                                                                "Worker Number": 1,
                                                                "Actual Startup Time": 21.578,
                                                                "Actual Total Time": 46.496,
                                                                "Actual Rows": 199829,
                                                                "Actual Loops": 1
                                                            },
                                                            {
                                                                "Worker Number": 2,
                                                                "Actual Startup Time": 21.581,
                                                                "Actual Total Time": 45.823,
                                                                "Actual Rows": 177153,
                                                                "Actual Loops": 1
                                                            },
                                                            {
                                                                "Worker Number": 3,
                                                                "Actual Startup Time": 21.642,
                                                                "Actual Total Time": 46.865,
                                                                "Actual Rows": 204356,
                                                                "Actual Loops": 1
                                                            },
                                                            {
                                                                "Worker Number": 4,
                                                                "Actual Startup Time": 21.56,
                                                                "Actual Total Time": 46.722,
                                                                "Actual Rows": 200324,
                                                                "Actual Loops": 1
                                                            },
                                                            {
                                                                "Worker Number": 5,
                                                                "Actual Startup Time": 21.601,
                                                                "Actual Total Time": 46.07,
                                                                "Actual Rows": 176279,
                                                                "Actual Loops": 1
                                                            }
                                                        ]
                                                    },
                                                    {
                                                        "Node Type": "Hash",
                                                        "Parent Relationship": "Inner",
                                                        "Parallel Aware": true,
                                                        "Startup Cost": 45479.21,
                                                        "Total Cost": 45479.21,
                                                        "Plan Rows": 289792,
                                                        "Plan Width": 4,
                                                        "Actual Startup Time": 173.114,
                                                        "Actual Total Time": 173.115,
                                                        "Actual Rows": 180118,
                                                        "Actual Loops": 7,
                                                        "Output": [
                                                            "t.id"
                                                        ],
                                                        "Hash Buckets": 2097152,
                                                        "Original Hash Buckets": 2097152,
                                                        "Hash Batches": 1,
                                                        "Original Hash Batches": 1,
                                                        "Peak Memory Usage": 65856,
                                                        "Workers": [
                                                            {
                                                                "Worker Number": 0,
                                                                "Actual Startup Time": 175.766,
                                                                "Actual Total Time": 175.767,
                                                                "Actual Rows": 138228,
                                                                "Actual Loops": 1
                                                            },
                                                            {
                                                                "Worker Number": 1,
                                                                "Actual Startup Time": 175.807,
                                                                "Actual Total Time": 175.808,
                                                                "Actual Rows": 175397,
                                                                "Actual Loops": 1
                                                            },
                                                            {
                                                                "Worker Number": 2,
                                                                "Actual Startup Time": 175.748,
                                                                "Actual Total Time": 175.75,
                                                                "Actual Rows": 171079,
                                                                "Actual Loops": 1
                                                            },
                                                            {
                                                                "Worker Number": 3,
                                                                "Actual Startup Time": 175.747,
                                                                "Actual Total Time": 175.748,
                                                                "Actual Rows": 178329,
                                                                "Actual Loops": 1
                                                            },
                                                            {
                                                                "Worker Number": 4,
                                                                "Actual Startup Time": 175.73,
                                                                "Actual Total Time": 175.731,
                                                                "Actual Rows": 172935,
                                                                "Actual Loops": 1
                                                            },
                                                            {
                                                                "Worker Number": 5,
                                                                "Actual Startup Time": 175.717,
                                                                "Actual Total Time": 175.719,
                                                                "Actual Rows": 169533,
                                                                "Actual Loops": 1
                                                            }
                                                        ],
                                                        "Plans": [
                                                            {
                                                                "Node Type": "Seq Scan",
                                                                "Parent Relationship": "Outer",
                                                                "Parallel Aware": true,
                                                                "Relation Name": "title",
                                                                "Schema": "public",
                                                                "Alias": "t",
                                                                "Startup Cost": 0.0,
                                                                "Total Cost": 45479.21,
                                                                "Plan Rows": 289792,
                                                                "Plan Width": 4,
                                                                "Actual Startup Time": 0.066,
                                                                "Actual Total Time": 76.088,
                                                                "Actual Rows": 180118,
                                                                "Actual Loops": 7,
                                                                "Output": [
                                                                    "t.id"
                                                                ],
                                                                "Filter": "((t.production_year > 1981) AND (t.kind_id = 7))",
                                                                "Rows Removed by Filter": 181069,
                                                                "Workers": [
                                                                    {
                                                                        "Worker Number": 0,
                                                                        "Actual Startup Time": 0.078,
                                                                        "Actual Total Time": 78.958,
                                                                        "Actual Rows": 138228,
                                                                        "Actual Loops": 1
                                                                    },
                                                                    {
                                                                        "Worker Number": 1,
                                                                        "Actual Startup Time": 0.074,
                                                                        "Actual Total Time": 76.674,
                                                                        "Actual Rows": 175397,
                                                                        "Actual Loops": 1
                                                                    },
                                                                    {
                                                                        "Worker Number": 2,
                                                                        "Actual Startup Time": 0.069,
                                                                        "Actual Total Time": 77.638,
                                                                        "Actual Rows": 171079,
                                                                        "Actual Loops": 1
                                                                    },
                                                                    {
                                                                        "Worker Number": 3,
                                                                        "Actual Startup Time": 0.072,
                                                                        "Actual Total Time": 76.991,
                                                                        "Actual Rows": 178329,
                                                                        "Actual Loops": 1
                                                                    },
                                                                    {
                                                                        "Worker Number": 4,
                                                                        "Actual Startup Time": 0.074,
                                                                        "Actual Total Time": 76.51,
                                                                        "Actual Rows": 172935,
                                                                        "Actual Loops": 1
                                                                    },
                                                                    {
                                                                        "Worker Number": 5,
                                                                        "Actual Startup Time": 0.078,
                                                                        "Actual Total Time": 78.148,
                                                                        "Actual Rows": 169533,
                                                                        "Actual Loops": 1
                                                                    }
                                                                ]
                                                            }
                                                        ]
                                                    }
                                                ]
                                            }
                                        ]
                                    }
                                ]
                            }
                        ]
                    }
                ]
            }
        ]
    },
    "Planning Time": 1.69,
    "Triggers": [],
    "Execution Time": 1260.322
}