[
  {
    "Plan": {
      "Node Type": "Aggregate",
      "Strategy": "Plain",
      "Partial Mode": "Finalize",
      "Parallel Aware": false,
      "Startup Cost": 49035.12,
      "Total Cost": 49035.13,
      "Plan Rows": 1,
      "Plan Width": 8,
      "Actual Startup Time": 108.183,
      "Actual Total Time": 121.694,
      "Actual Rows": 1,
      "Actual Loops": 1,
      "Plans": [
        {
          "Node Type": "Gather",
          "Parent Relationship": "Outer",
          "Parallel Aware": false,
          "Startup Cost": 49034.7,
          "Total Cost": 49035.11,
          "Plan Rows": 4,
          "Plan Width": 8,
          "Actual Startup Time": 108.085,
          "Actual Total Time": 121.685,
          "Actual Rows": 5,
          "Actual Loops": 1,
          "Workers Planned": 4,
          "Workers Launched": 4,
          "Single Copy": false,
          "Plans": [
            {
              "Node Type": "Aggregate",
              "Strategy": "Plain",
              "Partial Mode": "Partial",
              "Parent Relationship": "Outer",
              "Parallel Aware": false,
              "Startup Cost": 48034.7,
              "Total Cost": 48034.71,
              "Plan Rows": 1,
              "Plan Width": 8,
              "Actual Startup Time": 98.146,
              "Actual Total Time": 98.148,
              "Actual Rows": 1,
              "Actual Loops": 5,
              "Plans": [
                {
                  "Node Type": "Nested Loop",
                  "Parent Relationship": "Outer",
                  "Parallel Aware": false,
                  "Join Type": "Inner",
                  "Startup Cost": 0.43,
                  "Total Cost": 48034.4,
                  "Plan Rows": 121,
                  "Plan Width": 0,
                  "Actual Startup Time": 69.739,
                  "Actual Total Time": 98.136,
                  "Actual Rows": 10,
                  "Actual Loops": 5,
                  "Inner Unique": false,
                  "Plans": [
                    {
                      "Node Type": "Seq Scan",
                      "Parent Relationship": "Outer",
                      "Parallel Aware": true,
                      "Relation Name": "title",
                      "Alias": "t",
                      "Startup Cost": 0.0,
                      "Total Cost": 43898.92,
                      "Plan Rows": 452,
                      "Plan Width": 4,
                      "Actual Startup Time": 66.699,
                      "Actual Total Time": 95.372,
                      "Actual Rows": 158,
                      "Actual Loops": 5,
                      "Filter": "(production_year = 1896)",
                      "Rows Removed by Filter": 505504
                    },
                    {
                      "Node Type": "Index Scan",
                      "Parent Relationship": "Inner",
                      "Parallel Aware": false,
                      "Scan Direction": "Forward",
                      "Index Name": "movie_id_movie_keyword",
                      "Relation Name": "movie_keyword",
                      "Alias": "mk",
                      "Startup Cost": 0.43,
                      "Total Cost": 9.08,
                      "Plan Rows": 7,
                      "Plan Width": 4,
                      "Actual Startup Time": 0.017,
                      "Actual Total Time": 0.017,
                      "Actual Rows": 0,
                      "Actual Loops": 791,
                      "Index Cond": "(movie_id = t.id)",
                      "Rows Removed by Index Recheck": 0,
                      "Filter": "(keyword_id < 562)",
                      "Rows Removed by Filter": 0
                    }
                  ]
                }
              ]
            }
          ]
        }
      ]
    },
    "Planning Time": 0.708,
    "Triggers": [],
    "Execution Time": 121.768
  }
]