[
  {
    "Plan": {
      "Node Type": "Aggregate",
      "Strategy": "Plain",
      "Partial Mode": "Finalize",
      "Parallel Aware": false,
      "Startup Cost": 719651.31,
      "Total Cost": 719651.32,
      "Plan Rows": 1,
      "Plan Width": 8,
      "Actual Startup Time": 11644.345,
      "Actual Total Time": 11756.471,
      "Actual Rows": 1,
      "Actual Loops": 1,
      "Plans": [
        {
          "Node Type": "Gather",
          "Parent Relationship": "Outer",
          "Parallel Aware": false,
          "Startup Cost": 719650.78,
          "Total Cost": 719651.29,
          "Plan Rows": 5,
          "Plan Width": 8,
          "Actual Startup Time": 11496.724,
          "Actual Total Time": 11756.441,
          "Actual Rows": 6,
          "Actual Loops": 1,
          "Workers Planned": 5,
          "Workers Launched": 5,
          "Single Copy": false,
          "Plans": [
            {
              "Node Type": "Aggregate",
              "Strategy": "Plain",
              "Partial Mode": "Partial",
              "Parent Relationship": "Outer",
              "Parallel Aware": false,
              "Startup Cost": 718650.78,
              "Total Cost": 718650.79,
              "Plan Rows": 1,
              "Plan Width": 8,
              "Actual Startup Time": 11446.269,
              "Actual Total Time": 11447.813,
              "Actual Rows": 1,
              "Actual Loops": 6,
              "Plans": [
                {
                  "Node Type": "Hash Join",
                  "Parent Relationship": "Outer",
                  "Parallel Aware": true,
                  "Join Type": "Inner",
                  "Startup Cost": 420183.82,
                  "Total Cost": 670143.1,
                  "Plan Rows": 19403075,
                  "Plan Width": 0,
                  "Actual Startup Time": 4294.471,
                  "Actual Total Time": 9975.7,
                  "Actual Rows": 33927735,
                  "Actual Loops": 6,
                  "Inner Unique": false,
                  "Hash Cond": "(mi.movie_id = t.id)",
                  "Plans": [
                    {
                      "Node Type": "Seq Scan",
                      "Parent Relationship": "Outer",
                      "Parallel Aware": true,
                      "Relation Name": "movie_info",
                      "Alias": "mi",
                      "Startup Cost": 0.0,
                      "Total Cost": 199108.24,
                      "Plan Rows": 2962012,
                      "Plan Width": 4,
                      "Actual Startup Time": 0.046,
                      "Actual Total Time": 384.166,
                      "Actual Rows": 2467590,
                      "Actual Loops": 6,
                      "Filter": "(info_type_id < 110)",
                      "Rows Removed by Filter": 5030
                    },
                    {
                      "Node Type": "Hash",
                      "Parent Relationship": "Inner",
                      "Parallel Aware": true,
                      "Startup Cost": 385678.01,
                      "Total Cost": 385678.01,
                      "Plan Rows": 2760465,
                      "Plan Width": 8,
                      "Actual Startup Time": 4268.326,
                      "Actual Total Time": 4269.867,
                      "Actual Rows": 2720212,
                      "Actual Loops": 6,
                      "Hash Buckets": 16777216,
                      "Original Hash Buckets": 16777216,
                      "Hash Batches": 1,
                      "Original Hash Batches": 1,
                      "Peak Memory Usage": 769632,
                      "Plans": [
                        {
                          "Node Type": "Hash Join",
                          "Parent Relationship": "Outer",
                          "Parallel Aware": true,
                          "Join Type": "Inner",
                          "Startup Cost": 50220.38,
                          "Total Cost": 385678.01,
                          "Plan Rows": 2760465,
                          "Plan Width": 8,
                          "Actual Startup Time": 573.287,
                          "Actual Total Time": 2532.147,
                          "Actual Rows": 2720212,
                          "Actual Loops": 6,
                          "Inner Unique": true,
                          "Hash Cond": "(ci.movie_id = t.id)",
                          "Plans": [
                            {
                              "Node Type": "Seq Scan",
                              "Parent Relationship": "Outer",
                              "Parallel Aware": true,
                              "Relation Name": "cast_info",
                              "Alias": "ci",
                              "Startup Cost": 0.0,
                              "Total Cost": 328211.39,
                              "Plan Rows": 2760465,
                              "Plan Width": 4,
                              "Actual Startup Time": 258.283,
                              "Actual Total Time": 781.284,
                              "Actual Rows": 2720212,
                              "Actual Loops": 6,
                              "Filter": "(person_id > 2000871)",
                              "Rows Removed by Filter": 3320512
                            },
                            {
                              "Node Type": "Hash",
                              "Parent Relationship": "Inner",
                              "Parallel Aware": true,
                              "Startup Cost": 42319.06,
                              "Total Cost": 42319.06,
                              "Plan Rows": 632106,
                              "Plan Width": 4,
                              "Actual Startup Time": 308.976,
                              "Actual Total Time": 308.978,
                              "Actual Rows": 421385,
                              "Actual Loops": 6,
                              "Hash Buckets": 4194304,
                              "Original Hash Buckets": 4194304,
                              "Hash Batches": 1,
                              "Original Hash Batches": 1,
                              "Peak Memory Usage": 131776,
                              "Plans": [
                                {
                                  "Node Type": "Seq Scan",
                                  "Parent Relationship": "Outer",
                                  "Parallel Aware": true,
                                  "Relation Name": "title",
                                  "Alias": "t",
                                  "Startup Cost": 0.0,
                                  "Total Cost": 42319.06,
                                  "Plan Rows": 632106,
                                  "Plan Width": 4,
                                  "Actual Startup Time": 0.076,
                                  "Actual Total Time": 90.562,
                                  "Actual Rows": 421385,
                                  "Actual Loops": 6
                                }
                              ]
                            }
                          ]
                        }
                      ]
                    }
                  ]
                }
              ]
            }
          ]
        }
      ]
    },
    "Planning Time": 1.356,
    "Triggers": [],
    "Execution Time": 11756.563
  }
]