[
  {
    "Plan": {
      "Node Type": "Aggregate",
      "Strategy": "Plain",
      "Partial Mode": "Finalize",
      "Parallel Aware": false,
      "Startup Cost": 451414.64,
      "Total Cost": 451414.65,
      "Plan Rows": 1,
      "Plan Width": 8,
      "Actual Startup Time": 2398.072,
      "Actual Total Time": 2449.893,
      "Actual Rows": 1,
      "Actual Loops": 1,
      "Plans": [
        {
          "Node Type": "Gather",
          "Parent Relationship": "Outer",
          "Parallel Aware": false,
          "Startup Cost": 451414.02,
          "Total Cost": 451414.63,
          "Plan Rows": 6,
          "Plan Width": 8,
          "Actual Startup Time": 2374.492,
          "Actual Total Time": 2449.88,
          "Actual Rows": 7,
          "Actual Loops": 1,
          "Workers Planned": 6,
          "Workers Launched": 6,
          "Single Copy": false,
          "Plans": [
            {
              "Node Type": "Aggregate",
              "Strategy": "Plain",
              "Partial Mode": "Partial",
              "Parent Relationship": "Outer",
              "Parallel Aware": false,
              "Startup Cost": 450414.02,
              "Total Cost": 450414.03,
              "Plan Rows": 1,
              "Plan Width": 8,
              "Actual Startup Time": 2364.157,
              "Actual Total Time": 2364.65,
              "Actual Rows": 1,
              "Actual Loops": 7,
              "Plans": [
                {
                  "Node Type": "Hash Join",
                  "Parent Relationship": "Outer",
                  "Parallel Aware": true,
                  "Join Type": "Inner",
                  "Startup Cost": 100135.09,
                  "Total Cost": 445867.38,
                  "Plan Rows": 1818656,
                  "Plan Width": 0,
                  "Actual Startup Time": 473.306,
                  "Actual Total Time": 2123.916,
                  "Actual Rows": 5330998,
                  "Actual Loops": 7,
                  "Inner Unique": false,
                  "Hash Cond": "(ci.movie_id = t.id)",
                  "Plans": [
                    {
                      "Node Type": "Seq Scan",
                      "Parent Relationship": "Outer",
                      "Parallel Aware": true,
                      "Relation Name": "cast_info",
                      "Alias": "ci",
                      "Startup Cost": 0.0,
                      "Total Cost": 328211.39,
                      "Plan Rows": 3107804,
                      "Plan Width": 4,
                      "Actual Startup Time": 0.041,
                      "Actual Total Time": 586.317,
                      "Actual Rows": 2693142,
                      "Actual Loops": 7,
                      "Filter": "(person_id < 1877936)",
                      "Rows Removed by Filter": 2484622
                    },
                    {
                      "Node Type": "Hash",
                      "Parent Relationship": "Inner",
                      "Parallel Aware": true,
                      "Startup Cost": 94168.93,
                      "Total Cost": 94168.93,
                      "Plan Rows": 477293,
                      "Plan Width": 8,
                      "Actual Startup Time": 469.645,
                      "Actual Total Time": 470.137,
                      "Actual Rows": 209915,
                      "Actual Loops": 7,
                      "Hash Buckets": 2097152,
                      "Original Hash Buckets": 2097152,
                      "Hash Batches": 1,
                      "Original Hash Batches": 1,
                      "Peak Memory Usage": 73952,
                      "Plans": [
                        {
                          "Node Type": "Hash Join",
                          "Parent Relationship": "Outer",
                          "Parallel Aware": true,
                          "Join Type": "Inner",
                          "Startup Cost": 50220.38,
                          "Total Cost": 94168.93,
                          "Plan Rows": 477293,
                          "Plan Width": 8,
                          "Actual Startup Time": 265.336,
                          "Actual Total Time": 388.543,
                          "Actual Rows": 209915,
                          "Actual Loops": 7,
                          "Inner Unique": true,
                          "Hash Cond": "(mk.movie_id = t.id)",
                          "Plans": [
                            {
                              "Node Type": "Seq Scan",
                              "Parent Relationship": "Outer",
                              "Parallel Aware": true,
                              "Relation Name": "movie_keyword",
                              "Alias": "mk",
                              "Startup Cost": 0.0,
                              "Total Cost": 42695.65,
                              "Plan Rows": 477293,
                              "Plan Width": 4,
                              "Actual Startup Time": 0.527,
                              "Actual Total Time": 67.37,
                              "Actual Rows": 209915,
                              "Actual Loops": 7,
                              "Filter": "(keyword_id > 11221)",
                              "Rows Removed by Filter": 436361
                            },
                            {
                              "Node Type": "Hash",
                              "Parent Relationship": "Inner",
                              "Parallel Aware": true,
                              "Startup Cost": 42319.06,
                              "Total Cost": 42319.06,
                              "Plan Rows": 632106,
                              "Plan Width": 4,
                              "Actual Startup Time": 260.465,
                              "Actual Total Time": 260.466,
                              "Actual Rows": 361187,
                              "Actual Loops": 7,
                              "Hash Buckets": 4194304,
                              "Original Hash Buckets": 4194304,
                              "Hash Batches": 1,
                              "Original Hash Batches": 1,
                              "Peak Memory Usage": 131776,
                              "Plans": [
                                {
                                  "Node Type": "Seq Scan",
                                  "Parent Relationship": "Outer",
                                  "Parallel Aware": true,
                                  "Relation Name": "title",
                                  "Alias": "t",
                                  "Startup Cost": 0.0,
                                  "Total Cost": 42319.06,
                                  "Plan Rows": 632106,
                                  "Plan Width": 4,
                                  "Actual Startup Time": 0.063,
                                  "Actual Total Time": 73.597,
                                  "Actual Rows": 361187,
                                  "Actual Loops": 7
                                }
                              ]
                            }
                          ]
                        }
                      ]
                    }
                  ]
                }
              ]
            }
          ]
        }
      ]
    },
    "Planning Time": 0.471,
    "Triggers": [],
    "Execution Time": 2449.94
  }
]