[
  {
    "Plan": {
      "Node Type": "Aggregate",
      "Strategy": "Plain",
      "Partial Mode": "Finalize",
      "Parallel Aware": false,
      "Startup Cost": 381459.92,
      "Total Cost": 381459.93,
      "Plan Rows": 1,
      "Plan Width": 8,
      "Actual Startup Time": 1256.327,
      "Actual Total Time": 1320.482,
      "Actual Rows": 1,
      "Actual Loops": 1,
      "Plans": [
        {
          "Node Type": "Gather",
          "Parent Relationship": "Outer",
          "Parallel Aware": false,
          "Startup Cost": 381459.3,
          "Total Cost": 381459.91,
          "Plan Rows": 6,
          "Plan Width": 8,
          "Actual Startup Time": 1252.077,
          "Actual Total Time": 1320.466,
          "Actual Rows": 7,
          "Actual Loops": 1,
          "Workers Planned": 6,
          "Workers Launched": 6,
          "Single Copy": false,
          "Plans": [
            {
              "Node Type": "Aggregate",
              "Strategy": "Plain",
              "Partial Mode": "Partial",
              "Parent Relationship": "Outer",
              "Parallel Aware": false,
              "Startup Cost": 380459.3,
              "Total Cost": 380459.31,
              "Plan Rows": 1,
              "Plan Width": 8,
              "Actual Startup Time": 1243.93,
              "Actual Total Time": 1243.933,
              "Actual Rows": 1,
              "Actual Loops": 7,
              "Plans": [
                {
                  "Node Type": "Hash Join",
                  "Parent Relationship": "Outer",
                  "Parallel Aware": true,
                  "Join Type": "Inner",
                  "Startup Cost": 45041.06,
                  "Total Cost": 379587.48,
                  "Plan Rows": 348728,
                  "Plan Width": 0,
                  "Actual Startup Time": 111.218,
                  "Actual Total Time": 1225.661,
                  "Actual Rows": 302600,
                  "Actual Loops": 7,
                  "Inner Unique": true,
                  "Hash Cond": "(ci.movie_id = t.id)",
                  "Plans": [
                    {
                      "Node Type": "Seq Scan",
                      "Parent Relationship": "Outer",
                      "Parallel Aware": true,
                      "Relation Name": "cast_info",
                      "Alias": "ci",
                      "Startup Cost": 0.0,
                      "Total Cost": 328211.39,
                      "Plan Rows": 2413340,
                      "Plan Width": 4,
                      "Actual Startup Time": 0.037,
                      "Actual Total Time": 659.121,
                      "Actual Rows": 2087393,
                      "Actual Loops": 7,
                      "Filter": "(person_id < 1440193)",
                      "Rows Removed by Filter": 3090370
                    },
                    {
                      "Node Type": "Hash",
                      "Parent Relationship": "Inner",
                      "Parallel Aware": true,
                      "Startup Cost": 43899.32,
                      "Total Cost": 43899.32,
                      "Plan Rows": 91339,
                      "Plan Width": 4,
                      "Actual Startup Time": 109.354,
                      "Actual Total Time": 109.355,
                      "Actual Rows": 54490,
                      "Actual Loops": 7,
                      "Hash Buckets": 524288,
                      "Original Hash Buckets": 524288,
                      "Hash Batches": 1,
                      "Original Hash Batches": 1,
                      "Peak Memory Usage": 19136,
                      "Plans": [
                        {
                          "Node Type": "Seq Scan",
                          "Parent Relationship": "Outer",
                          "Parallel Aware": true,
                          "Relation Name": "title",
                          "Alias": "t",
                          "Startup Cost": 0.0,
                          "Total Cost": 43899.32,
                          "Plan Rows": 91339,
                          "Plan Width": 4,
                          "Actual Startup Time": 0.044,
                          "Actual Total Time": 81.032,
                          "Actual Rows": 54490,
                          "Actual Loops": 7,
                          "Filter": "(production_year < 1971)",
                          "Rows Removed by Filter": 306697
                        }
                      ]
                    }
                  ]
                }
              ]
            }
          ]
        }
      ]
    },
    "Planning Time": 0.3,
    "Triggers": [],
    "Execution Time": 1320.549
  }
]