{
  "Plan": {
    "Node Type": "Aggregate",
    "Strategy": "Plain",
    "Partial Mode": "Finalize",
    "Parallel Aware": false,
    "Startup Cost": 122751.58,
    "Total Cost": 122751.59,
    "Plan Rows": 1,
    "Plan Width": 8,
    "Actual Startup Time": 504.58,
    "Actual Total Time": 520.915,
    "Actual Rows": 1,
    "Actual Loops": 1,
    "Plans": [
      {
        "Node Type": "Gather",
        "Parent Relationship": "Outer",
        "Parallel Aware": false,
        "Startup Cost": 122751.47,
        "Total Cost": 122751.58,
        "Plan Rows": 1,
        "Plan Width": 8,
        "Actual Startup Time": 503.49,
        "Actual Total Time": 520.902,
        "Actual Rows": 2,
        "Actual Loops": 1,
        "Workers Planned": 1,
        "Workers Launched": 1,
        "Single Copy": false,
        "Plans": [
          {
            "Node Type": "Aggregate",
            "Strategy": "Plain",
            "Partial Mode": "Partial",
            "Parent Relationship": "Outer",
            "Parallel Aware": false,
            "Startup Cost": 121751.47,
            "Total Cost": 121751.48,
            "Plan Rows": 1,
            "Plan Width": 8,
            "Actual Startup Time": 497.793,
            "Actual Total Time": 497.799,
            "Actual Rows": 1,
            "Actual Loops": 2,
            "Plans": [
              {
                "Node Type": "Hash Join",
                "Parent Relationship": "Outer",
                "Parallel Aware": true,
                "Join Type": "Inner",
                "Startup Cost": 61275.96,
                "Total Cost": 121387.39,
                "Plan Rows": 145631,
                "Plan Width": 0,
                "Actual Startup Time": 228.16,
                "Actual Total Time": 496.702,
                "Actual Rows": 26964,
                "Actual Loops": 2,
                "Inner Unique": true,
                "Hash Cond": "(mk.movie_id = t.id)",
                "Plans": [
                  {
                    "Node Type": "Seq Scan",
                    "Parent Relationship": "Outer",
                    "Parallel Aware": true,
                    "Relation Name": "movie_keyword",
                    "Alias": "mk",
                    "Startup Cost": 0.0,
                    "Total Cost": 57718.19,
                    "Plan Rows": 911713,
                    "Plan Width": 4,
                    "Actual Startup Time": 0.017,
                    "Actual Total Time": 171.977,
                    "Actual Rows": 782091,
                    "Actual Loops": 2,
                    "Filter": "(keyword_id < 2349)",
                    "Rows Removed by Filter": 1479874
                  },
                  {
                    "Node Type": "Hash",
                    "Parent Relationship": "Inner",
                    "Parallel Aware": true,
                    "Startup Cost": 58306.47,
                    "Total Cost": 58306.47,
                    "Plan Rows": 237559,
                    "Plan Width": 4,
                    "Actual Startup Time": 222.406,
                    "Actual Total Time": 222.407,
                    "Actual Rows": 217109,
                    "Actual Loops": 2,
                    "Hash Buckets": 524288,
                    "Original Hash Buckets": 524288,
                    "Hash Batches": 1,
                    "Original Hash Batches": 1,
                    "Peak Memory Usage": 21088,
                    "Plans": [
                      {
                        "Node Type": "Seq Scan",
                        "Parent Relationship": "Outer",
                        "Parallel Aware": true,
                        "Relation Name": "title",
                        "Alias": "t",
                        "Startup Cost": 0.0,
                        "Total Cost": 58306.47,
                        "Plan Rows": 237559,
                        "Plan Width": 4,
                        "Actual Startup Time": 0.028,
                        "Actual Total Time": 156.308,
                        "Actual Rows": 217109,
                        "Actual Loops": 2,
                        "Filter": "((production_year > 2008) AND (kind_id = 7))",
                        "Rows Removed by Filter": 1047047
                      }
                    ]
                  }
                ]
              }
            ]
          }
        ]
      }
    ]
  },
  "Planning Time": 0.687,
  "Triggers": [],
  "Execution Time": 520.991
}