[
  {
    "Plan": {
      "Node Type": "Aggregate",
      "Strategy": "Plain",
      "Partial Mode": "Finalize",
      "Parallel Aware": false,
      "Startup Cost": 46863.33,
      "Total Cost": 46863.34,
      "Plan Rows": 1,
      "Plan Width": 8,
      "Actual Startup Time": 94.08,
      "Actual Total Time": 105.982,
      "Actual Rows": 1,
      "Actual Loops": 1,
      "Plans": [
        {
          "Node Type": "Gather",
          "Parent Relationship": "Outer",
          "Parallel Aware": false,
          "Startup Cost": 46862.91,
          "Total Cost": 46863.32,
          "Plan Rows": 4,
          "Plan Width": 8,
          "Actual Startup Time": 93.933,
          "Actual Total Time": 105.972,
          "Actual Rows": 5,
          "Actual Loops": 1,
          "Workers Planned": 4,
          "Workers Launched": 4,
          "Single Copy": false,
          "Plans": [
            {
              "Node Type": "Aggregate",
              "Strategy": "Plain",
              "Partial Mode": "Partial",
              "Parent Relationship": "Outer",
              "Parallel Aware": false,
              "Startup Cost": 45862.91,
              "Total Cost": 45862.92,
              "Plan Rows": 1,
              "Plan Width": 8,
              "Actual Startup Time": 88.958,
              "Actual Total Time": 88.959,
              "Actual Rows": 1,
              "Actual Loops": 5,
              "Plans": [
                {
                  "Node Type": "Seq Scan",
                  "Parent Relationship": "Outer",
                  "Parallel Aware": true,
                  "Relation Name": "title",
                  "Alias": "t",
                  "Startup Cost": 0.0,
                  "Total Cost": 45479.1,
                  "Plan Rows": 153526,
                  "Plan Width": 0,
                  "Actual Startup Time": 0.024,
                  "Actual Total Time": 83.94,
                  "Actual Rows": 99494,
                  "Actual Loops": 5,
                  "Filter": "((kind_id < 3) AND (production_year > 1972))",
                  "Rows Removed by Filter": 406168
                }
              ]
            }
          ]
        }
      ]
    },
    "Planning Time": 0.128,
    "Triggers": [],
    "Execution Time": 106.023
  }
]