{
  "Plan": {
    "Node Type": "Aggregate",
    "Strategy": "Plain",
    "Partial Mode": "Finalize",
    "Parallel Aware": false,
    "Startup Cost": 128937.39,
    "Total Cost": 128937.4,
    "Plan Rows": 1,
    "Plan Width": 8,
    "Actual Startup Time": 690.369,
    "Actual Total Time": 705.64,
    "Actual Rows": 1,
    "Actual Loops": 1,
    "Plans": [
      {
        "Node Type": "Gather",
        "Parent Relationship": "Outer",
        "Parallel Aware": false,
        "Startup Cost": 128937.28,
        "Total Cost": 128937.39,
        "Plan Rows": 1,
        "Plan Width": 8,
        "Actual Startup Time": 687.752,
        "Actual Total Time": 705.63,
        "Actual Rows": 2,
        "Actual Loops": 1,
        "Workers Planned": 1,
        "Workers Launched": 1,
        "Single Copy": false,
        "Plans": [
          {
            "Node Type": "Aggregate",
            "Strategy": "Plain",
            "Partial Mode": "Partial",
            "Parent Relationship": "Outer",
            "Parallel Aware": false,
            "Startup Cost": 127937.28,
            "Total Cost": 127937.29,
            "Plan Rows": 1,
            "Plan Width": 8,
            "Actual Startup Time": 681.234,
            "Actual Total Time": 681.537,
            "Actual Rows": 1,
            "Actual Loops": 2,
            "Plans": [
              {
                "Node Type": "Hash Join",
                "Parent Relationship": "Outer",
                "Parallel Aware": true,
                "Join Type": "Inner",
                "Startup Cost": 107448.3,
                "Total Cost": 127828.32,
                "Plan Rows": 43582,
                "Plan Width": 0,
                "Actual Startup Time": 561.329,
                "Actual Total Time": 677.114,
                "Actual Rows": 110621,
                "Actual Loops": 2,
                "Inner Unique": false,
                "Hash Cond": "(mi_idx.movie_id = t.id)",
                "Plans": [
                  {
                    "Node Type": "Seq Scan",
                    "Parent Relationship": "Outer",
                    "Parallel Aware": true,
                    "Relation Name": "movie_info_idx",
                    "Alias": "mi_idx",
                    "Startup Cost": 0.0,
                    "Total Cost": 18082.32,
                    "Plan Rows": 544356,
                    "Plan Width": 4,
                    "Actual Startup Time": 0.027,
                    "Actual Total Time": 56.022,
                    "Actual Rows": 460055,
                    "Actual Loops": 2,
                    "Filter": "(info_type_id > 99)",
                    "Rows Removed by Filter": 229962
                  },
                  {
                    "Node Type": "Hash",
                    "Parent Relationship": "Inner",
                    "Parallel Aware": true,
                    "Startup Cost": 105959.91,
                    "Total Cost": 105959.91,
                    "Plan Rows": 119071,
                    "Plan Width": 8,
                    "Actual Startup Time": 557.75,
                    "Actual Total Time": 558.051,
                    "Actual Rows": 121509,
                    "Actual Loops": 2,
                    "Hash Buckets": 262144,
                    "Original Hash Buckets": 262144,
                    "Hash Batches": 1,
                    "Original Hash Batches": 1,
                    "Peak Memory Usage": 11584,
                    "Plans": [
                      {
                        "Node Type": "Hash Join",
                        "Parent Relationship": "Outer",
                        "Parallel Aware": true,
                        "Join Type": "Inner",
                        "Startup Cost": 41351.69,
                        "Total Cost": 105959.91,
                        "Plan Rows": 119071,
                        "Plan Width": 8,
                        "Actual Startup Time": 192.08,
                        "Actual Total Time": 526.653,
                        "Actual Rows": 121509,
                        "Actual Loops": 2,
                        "Inner Unique": false,
                        "Hash Cond": "(t.id = mc.movie_id)",
                        "Plans": [
                          {
                            "Node Type": "Seq Scan",
                            "Parent Relationship": "Outer",
                            "Parallel Aware": true,
                            "Relation Name": "title",
                            "Alias": "t",
                            "Startup Cost": 0.0,
                            "Total Cost": 58306.47,
                            "Plan Rows": 896214,
                            "Plan Width": 4,
                            "Actual Startup Time": 0.013,
                            "Actual Total Time": 151.257,
                            "Actual Rows": 753616,
                            "Actual Loops": 2,
                            "Filter": "((kind_id > 1) AND (production_year < 2011))",
                            "Rows Removed by Filter": 510540
                          },
                          {
                            "Node Type": "Hash",
                            "Parent Relationship": "Inner",
                            "Parallel Aware": true,
                            "Startup Cost": 38881.78,
                            "Total Cost": 38881.78,
                            "Plan Rows": 197593,
                            "Plan Width": 4,
                            "Actual Startup Time": 187.943,
                            "Actual Total Time": 187.945,
                            "Actual Rows": 323418,
                            "Actual Loops": 2,
                            "Hash Buckets": 1048576,
                            "Original Hash Buckets": 524288,
                            "Hash Batches": 1,
                            "Original Hash Batches": 1,
                            "Peak Memory Usage": 37632,
                            "Plans": [
                              {
                                "Node Type": "Bitmap Heap Scan",
                                "Parent Relationship": "Outer",
                                "Parallel Aware": true,
                                "Relation Name": "movie_companies",
                                "Alias": "mc",
                                "Startup Cost": 14254.28,
                                "Total Cost": 38881.78,
                                "Plan Rows": 197593,
                                "Plan Width": 4,
                                "Actual Startup Time": 54.447,
                                "Actual Total Time": 111.286,
                                "Actual Rows": 323418,
                                "Actual Loops": 2,
                                "Recheck Cond": "(company_id > 49785)",
                                "Rows Removed by Index Recheck": 0,
                                "Filter": "(company_type_id = 2)",
                                "Rows Removed by Filter": 13422,
                                "Exact Heap Blocks": 8155,
                                "Lossy Heap Blocks": 0,
                                "Plans": [
                                  {
                                    "Node Type": "Bitmap Index Scan",
                                    "Parent Relationship": "Outer",
                                    "Parallel Aware": false,
                                    "Index Name": "company_id_movie_companies",
                                    "Startup Cost": 0.0,
                                    "Total Cost": 14170.3,
                                    "Plan Rows": 661583,
                                    "Plan Width": 0,
                                    "Actual Startup Time": 42.833,
                                    "Actual Total Time": 42.834,
                                    "Actual Rows": 673679,
                                    "Actual Loops": 1,
                                    "Index Cond": "(company_id > 49785)"
                                  }
                                ]
                              }
                            ]
                          }
                        ]
                      }
                    ]
                  }
                ]
              }
            ]
          }
        ]
      }
    ]
  },
  "Planning Time": 1.073,
  "Triggers": [],
  "Execution Time": 705.749
}