{
  "Plan": {
    "Node Type": "Aggregate",
    "Strategy": "Plain",
    "Partial Mode": "Simple",
    "Parallel Aware": false,
    "Startup Cost": 1966434.2,
    "Total Cost": 1966434.21,
    "Plan Rows": 1,
    "Plan Width": 96,
    "Actual Startup Time": 6732.017,
    "Actual Total Time": 6732.361,
    "Actual Rows": 1,
    "Actual Loops": 1,
    "Plans": [
      {
        "Node Type": "Merge Join",
        "Parent Relationship": "Outer",
        "Parallel Aware": false,
        "Join Type": "Inner",
        "Startup Cost": 1966434.16,
        "Total Cost": 1966434.2,
        "Plan Rows": 1,
        "Plan Width": 48,
        "Actual Startup Time": 6731.992,
        "Actual Total Time": 6732.343,
        "Actual Rows": 45,
        "Actual Loops": 1,
        "Inner Unique": false,
        "Merge Cond": "(k.id = mk.keyword_id)",
        "Plans": [
          {
            "Node Type": "Sort",
            "Parent Relationship": "Outer",
            "Parallel Aware": false,
            "Startup Cost": 2961.59,
            "Total Cost": 2961.6,
            "Plan Rows": 4,
            "Plan Width": 4,
            "Actual Startup Time": 29.639,
            "Actual Total Time": 29.642,
            "Actual Rows": 3,
            "Actual Loops": 1,
            "Sort Key": [
              "k.id"
            ],
            "Sort Method": "quicksort",
            "Sort Space Used": 25,
            "Sort Space Type": "Memory",
            "Plans": [
              {
                "Node Type": "Seq Scan",
                "Parent Relationship": "Outer",
                "Parallel Aware": false,
                "Relation Name": "keyword",
                "Alias": "k",
                "Startup Cost": 0.0,
                "Total Cost": 2961.55,
                "Plan Rows": 4,
                "Plan Width": 4,
                "Actual Startup Time": 0.062,
                "Actual Total Time": 29.584,
                "Actual Rows": 3,
                "Actual Loops": 1,
                "Filter": "(keyword = ANY ('{hero,martial-arts,hand-to-hand-combat,computer-animated-movie}'::text[]))",
                "Rows Removed by Filter": 134167
              }
            ]
          },
          {
            "Node Type": "Sort",
            "Parent Relationship": "Inner",
            "Parallel Aware": false,
            "Startup Cost": 1963472.57,
            "Total Cost": 1963472.57,
            "Plan Rows": 1,
            "Plan Width": 52,
            "Actual Startup Time": 6702.31,
            "Actual Total Time": 6702.665,
            "Actual Rows": 416,
            "Actual Loops": 1,
            "Sort Key": [
              "mk.keyword_id"
            ],
            "Sort Method": "quicksort",
            "Sort Space Used": 92,
            "Sort Space Type": "Memory",
            "Plans": [
              {
                "Node Type": "Merge Join",
                "Parent Relationship": "Outer",
                "Parallel Aware": false,
                "Join Type": "Inner",
                "Startup Cost": 1963472.53,
                "Total Cost": 1963472.56,
                "Plan Rows": 1,
                "Plan Width": 52,
                "Actual Startup Time": 6701.953,
                "Actual Total Time": 6702.44,
                "Actual Rows": 810,
                "Actual Loops": 1,
                "Inner Unique": false,
                "Merge Cond": "(cn.id = mc.company_id)",
                "Plans": [
                  {
                    "Node Type": "Sort",
                    "Parent Relationship": "Outer",
                    "Parallel Aware": false,
                    "Startup Cost": 6068.61,
                    "Total Cost": 6068.62,
                    "Plan Rows": 1,
                    "Plan Width": 4,
                    "Actual Startup Time": 38.312,
                    "Actual Total Time": 38.388,
                    "Actual Rows": 1,
                    "Actual Loops": 1,
                    "Sort Key": [
                      "cn.id"
                    ],
                    "Sort Method": "quicksort",
                    "Sort Space Used": 25,
                    "Sort Space Type": "Memory",
                    "Plans": [
                      {
                        "Node Type": "Gather",
                        "Parent Relationship": "Outer",
                        "Parallel Aware": false,
                        "Startup Cost": 1000.0,
                        "Total Cost": 6068.6,
                        "Plan Rows": 1,
                        "Plan Width": 4,
                        "Actual Startup Time": 14.226,
                        "Actual Total Time": 38.359,
                        "Actual Rows": 1,
                        "Actual Loops": 1,
                        "Workers Planned": 1,
                        "Workers Launched": 1,
                        "Single Copy": false,
                        "Plans": [
                          {
                            "Node Type": "Seq Scan",
                            "Parent Relationship": "Outer",
                            "Parallel Aware": true,
                            "Relation Name": "company_name",
                            "Alias": "cn",
                            "Startup Cost": 0.0,
                            "Total Cost": 5068.5,
                            "Plan Rows": 1,
                            "Plan Width": 4,
                            "Actual Startup Time": 19.756,
                            "Actual Total Time": 31.656,
                            "Actual Rows": 0,
                            "Actual Loops": 2,
                            "Filter": "(((country_code)::text = '[us]'::text) AND (name = 'DreamWorks Animation'::text))",
                            "Rows Removed by Filter": 117498
                          }
                        ]
                      }
                    ]
                  },
                  {
                    "Node Type": "Sort",
                    "Parent Relationship": "Inner",
                    "Parallel Aware": false,
                    "Startup Cost": 1957403.92,
                    "Total Cost": 1957403.93,
                    "Plan Rows": 1,
                    "Plan Width": 56,
                    "Actual Startup Time": 6662.045,
                    "Actual Total Time": 6663.056,
                    "Actual Rows": 16726,
                    "Actual Loops": 1,
                    "Sort Key": [
                      "mc.company_id"
                    ],
                    "Sort Method": "quicksort",
                    "Sort Space Used": 2086,
                    "Sort Space Type": "Memory",
                    "Plans": [
                      {
                        "Node Type": "Merge Join",
                        "Parent Relationship": "Outer",
                        "Parallel Aware": false,
                        "Join Type": "Inner",
                        "Startup Cost": 1957403.89,
                        "Total Cost": 1957403.91,
                        "Plan Rows": 1,
                        "Plan Width": 56,
                        "Actual Startup Time": 6654.793,
                        "Actual Total Time": 6657.719,
                        "Actual Rows": 16800,
                        "Actual Loops": 1,
                        "Inner Unique": false,
                        "Merge Cond": "(it.id = mi.info_type_id)",
                        "Plans": [
                          {
                            "Node Type": "Sort",
                            "Parent Relationship": "Outer",
                            "Parallel Aware": false,
                            "Startup Cost": 2.42,
                            "Total Cost": 2.43,
                            "Plan Rows": 1,
                            "Plan Width": 4,
                            "Actual Startup Time": 0.056,
                            "Actual Total Time": 0.057,
                            "Actual Rows": 1,
                            "Actual Loops": 1,
                            "Sort Key": [
                              "it.id"
                            ],
                            "Sort Method": "quicksort",
                            "Sort Space Used": 25,
                            "Sort Space Type": "Memory",
                            "Plans": [
                              {
                                "Node Type": "Seq Scan",
                                "Parent Relationship": "Outer",
                                "Parallel Aware": false,
                                "Relation Name": "info_type",
                                "Alias": "it",
                                "Startup Cost": 0.0,
                                "Total Cost": 2.41,
                                "Plan Rows": 1,
                                "Plan Width": 4,
                                "Actual Startup Time": 0.024,
                                "Actual Total Time": 0.031,
                                "Actual Rows": 1,
                                "Actual Loops": 1,
                                "Filter": "((info)::text = 'release dates'::text)",
                                "Rows Removed by Filter": 112
                              }
                            ]
                          },
                          {
                            "Node Type": "Sort",
                            "Parent Relationship": "Inner",
                            "Parallel Aware": false,
                            "Startup Cost": 1957401.46,
                            "Total Cost": 1957401.47,
                            "Plan Rows": 1,
                            "Plan Width": 60,
                            "Actual Startup Time": 6654.73,
                            "Actual Total Time": 6655.624,
                            "Actual Rows": 16800,
                            "Actual Loops": 1,
                            "Sort Key": [
                              "mi.info_type_id"
                            ],
                            "Sort Method": "quicksort",
                            "Sort Space Used": 3131,
                            "Sort Space Type": "Memory",
                            "Plans": [
                              {
                                "Node Type": "Merge Join",
                                "Parent Relationship": "Outer",
                                "Parallel Aware": false,
                                "Join Type": "Inner",
                                "Startup Cost": 1942400.59,
                                "Total Cost": 1957401.45,
                                "Plan Rows": 1,
                                "Plan Width": 60,
                                "Actual Startup Time": 6645.75,
                                "Actual Total Time": 6649.841,
                                "Actual Rows": 16800,
                                "Actual Loops": 1,
                                "Inner Unique": false,
                                "Merge Cond": "(t.id = mi.movie_id)",
                                "Plans": [
                                  {
                                    "Node Type": "Merge Join",
                                    "Parent Relationship": "Outer",
                                    "Parallel Aware": false,
                                    "Join Type": "Inner",
                                    "Startup Cost": 1659376.81,
                                    "Total Cost": 1672422.47,
                                    "Plan Rows": 1,
                                    "Plan Width": 72,
                                    "Actual Startup Time": 5957.403,
                                    "Actual Total Time": 5958.63,
                                    "Actual Rows": 5800,
                                    "Actual Loops": 1,
                                    "Inner Unique": false,
                                    "Merge Cond": "(t.id = mc.movie_id)",
                                    "Plans": [
                                      {
                                        "Node Type": "Sort",
                                        "Parent Relationship": "Outer",
                                        "Parallel Aware": false,
                                        "Startup Cost": 1336425.81,
                                        "Total Cost": 1336425.81,
                                        "Plan Rows": 1,
                                        "Plan Width": 64,
                                        "Actual Startup Time": 4943.869,
                                        "Actual Total Time": 4944.098,
                                        "Actual Rows": 370,
                                        "Actual Loops": 1,
                                        "Sort Key": [
                                          "ci.movie_id"
                                        ],
                                        "Sort Method": "quicksort",
                                        "Sort Space Used": 77,
                                        "Sort Space Type": "Memory",
                                        "Plans": [
                                          {
                                            "Node Type": "Merge Join",
                                            "Parent Relationship": "Outer",
                                            "Parallel Aware": false,
                                            "Join Type": "Inner",
                                            "Startup Cost": 1320724.52,
                                            "Total Cost": 1336425.8,
                                            "Plan Rows": 1,
                                            "Plan Width": 64,
                                            "Actual Startup Time": 4943.666,
                                            "Actual Total Time": 4943.935,
                                            "Actual Rows": 370,
                                            "Actual Loops": 1,
                                            "Inner Unique": true,
                                            "Merge Cond": "(ci.person_role_id = chn.id)",
                                            "Plans": [
                                              {
                                                "Node Type": "Sort",
                                                "Parent Relationship": "Outer",
                                                "Parallel Aware": false,
                                                "Startup Cost": 914002.36,
                                                "Total Cost": 914002.36,
                                                "Plan Rows": 1,
                                                "Plan Width": 52,
                                                "Actual Startup Time": 2664.325,
                                                "Actual Total Time": 2664.537,
                                                "Actual Rows": 370,
                                                "Actual Loops": 1,
                                                "Sort Key": [
                                                  "ci.person_role_id"
                                                ],
                                                "Sort Method": "quicksort",
                                                "Sort Space Used": 77,
                                                "Sort Space Type": "Memory",
                                                "Plans": [
                                                  {
                                                    "Node Type": "Merge Join",
                                                    "Parent Relationship": "Outer",
                                                    "Parallel Aware": false,
                                                    "Join Type": "Inner",
                                                    "Startup Cost": 914002.32,
                                                    "Total Cost": 914002.35,
                                                    "Plan Rows": 1,
                                                    "Plan Width": 52,
                                                    "Actual Startup Time": 2664.131,
                                                    "Actual Total Time": 2664.388,
                                                    "Actual Rows": 370,
                                                    "Actual Loops": 1,
                                                    "Inner Unique": true,
                                                    "Merge Cond": "(ci.role_id = rt.id)",
                                                    "Plans": [
                                                      {
                                                        "Node Type": "Sort",
                                                        "Parent Relationship": "Outer",
                                                        "Parallel Aware": false,
                                                        "Startup Cost": 914001.16,
                                                        "Total Cost": 914001.17,
                                                        "Plan Rows": 1,
                                                        "Plan Width": 56,
                                                        "Actual Startup Time": 2664.098,
                                                        "Actual Total Time": 2664.302,
                                                        "Actual Rows": 370,
                                                        "Actual Loops": 1,
                                                        "Sort Key": [
                                                          "ci.role_id"
                                                        ],
                                                        "Sort Method": "quicksort",
                                                        "Sort Space Used": 77,
                                                        "Sort Space Type": "Memory",
                                                        "Plans": [
                                                          {
                                                            "Node Type": "Merge Join",
                                                            "Parent Relationship": "Outer",
                                                            "Parallel Aware": false,
                                                            "Join Type": "Inner",
                                                            "Startup Cost": 839720.27,
                                                            "Total Cost": 914001.15,
                                                            "Plan Rows": 1,
                                                            "Plan Width": 56,
                                                            "Actual Startup Time": 2663.923,
                                                            "Actual Total Time": 2664.181,
                                                            "Actual Rows": 370,
                                                            "Actual Loops": 1,
                                                            "Inner Unique": false,
                                                            "Merge Cond": "(an.person_id = n.id)",
                                                            "Plans": [
                                                              {
                                                                "Node Type": "Index Only Scan",
                                                                "Parent Relationship": "Outer",
                                                                "Parallel Aware": false,
                                                                "Scan Direction": "Forward",
                                                                "Index Name": "person_id_aka_name",
                                                                "Relation Name": "aka_name",
                                                                "Alias": "an",
                                                                "Startup Cost": 0.42,
                                                                "Total Cost": 72027.93,
                                                                "Plan Rows": 901343,
                                                                "Plan Width": 4,
                                                                "Actual Startup Time": 0.053,
                                                                "Actual Total Time": 282.552,
                                                                "Actual Rows": 469059,
                                                                "Actual Loops": 1,
                                                                "Heap Fetches": 469059
                                                              },
                                                              {
                                                                "Node Type": "Sort",
                                                                "Parent Relationship": "Inner",
                                                                "Parallel Aware": false,
                                                                "Startup Cost": 839719.85,
                                                                "Total Cost": 839719.85,
                                                                "Plan Rows": 1,
                                                                "Plan Width": 64,
                                                                "Actual Startup Time": 2359.985,
                                                                "Actual Total Time": 2360.189,
                                                                "Actual Rows": 366,
                                                                "Actual Loops": 1,
                                                                "Sort Key": [
                                                                  "ci.person_id"
                                                                ],
                                                                "Sort Method": "quicksort",
                                                                "Sort Space Used": 35,
                                                                "Sort Space Type": "Memory",
                                                                "Plans": [
                                                                  {
                                                                    "Node Type": "Merge Join",
                                                                    "Parent Relationship": "Outer",
                                                                    "Parallel Aware": false,
                                                                    "Join Type": "Inner",
                                                                    "Startup Cost": 651251.14,
                                                                    "Total Cost": 839719.84,
                                                                    "Plan Rows": 1,
                                                                    "Plan Width": 64,
                                                                    "Actual Startup Time": 2359.863,
                                                                    "Actual Total Time": 2360.116,
                                                                    "Actual Rows": 74,
                                                                    "Actual Loops": 1,
                                                                    "Inner Unique": false,
                                                                    "Merge Cond": "(mk.movie_id = t.id)",
                                                                    "Plans": [
                                                                      {
                                                                        "Node Type": "Index Scan",
                                                                        "Parent Relationship": "Outer",
                                                                        "Parallel Aware": false,
                                                                        "Scan Direction": "Forward",
                                                                        "Index Name": "movie_id_movie_keyword",
                                                                        "Relation Name": "movie_keyword",
                                                                        "Alias": "mk",
                                                                        "Startup Cost": 0.43,
                                                                        "Total Cost": 177148.48,
                                                                        "Plan Rows": 4523930,
                                                                        "Plan Width": 8,
                                                                        "Actual Startup Time": 0.027,
                                                                        "Actual Total Time": 317.017,
                                                                        "Actual Rows": 2394181,
                                                                        "Actual Loops": 1
                                                                      },
                                                                      {
                                                                        "Node Type": "Materialize",
                                                                        "Parent Relationship": "Inner",
                                                                        "Parallel Aware": false,
                                                                        "Startup Cost": 651250.7,
                                                                        "Total Cost": 651261.51,
                                                                        "Plan Rows": 1,
                                                                        "Plan Width": 56,
                                                                        "Actual Startup Time": 1896.693,
                                                                        "Actual Total Time": 1896.895,
                                                                        "Actual Rows": 60,
                                                                        "Actual Loops": 1,
                                                                        "Plans": [
                                                                          {
                                                                            "Node Type": "Merge Join",
                                                                            "Parent Relationship": "Outer",
                                                                            "Parallel Aware": false,
                                                                            "Join Type": "Inner",
                                                                            "Startup Cost": 651250.7,
                                                                            "Total Cost": 651261.5,
                                                                            "Plan Rows": 1,
                                                                            "Plan Width": 56,
                                                                            "Actual Startup Time": 1896.683,
                                                                            "Actual Total Time": 1896.877,
                                                                            "Actual Rows": 3,
                                                                            "Actual Loops": 1,
                                                                            "Inner Unique": false,
                                                                            "Merge Cond": "(t.id = ci.movie_id)",
                                                                            "Plans": [
                                                                              {
                                                                                "Node Type": "Sort",
                                                                                "Parent Relationship": "Outer",
                                                                                "Parallel Aware": false,
                                                                                "Startup Cost": 46484.57,
                                                                                "Total Cost": 46484.66,
                                                                                "Plan Rows": 37,
                                                                                "Plan Width": 21,
                                                                                "Actual Startup Time": 163.598,
                                                                                "Actual Total Time": 163.649,
                                                                                "Actual Rows": 8,
                                                                                "Actual Loops": 1,
                                                                                "Sort Key": [
                                                                                  "t.id"
                                                                                ],
                                                                                "Sort Method": "quicksort",
                                                                                "Sort Space Used": 25,
                                                                                "Sort Space Type": "Memory",
                                                                                "Plans": [
                                                                                  {
                                                                                    "Node Type": "Gather",
                                                                                    "Parent Relationship": "Outer",
                                                                                    "Parallel Aware": false,
                                                                                    "Startup Cost": 1000.0,
                                                                                    "Total Cost": 46483.61,
                                                                                    "Plan Rows": 37,
                                                                                    "Plan Width": 21,
                                                                                    "Actual Startup Time": 60.584,
                                                                                    "Actual Total Time": 163.585,
                                                                                    "Actual Rows": 8,
                                                                                    "Actual Loops": 1,
                                                                                    "Workers Planned": 4,
                                                                                    "Workers Launched": 4,
                                                                                    "Single Copy": false,
                                                                                    "Plans": [
                                                                                      {
                                                                                        "Node Type": "Seq Scan",
                                                                                        "Parent Relationship": "Outer",
                                                                                        "Parallel Aware": true,
                                                                                        "Relation Name": "title",
                                                                                        "Alias": "t",
                                                                                        "Startup Cost": 0.0,
                                                                                        "Total Cost": 45479.91,
                                                                                        "Plan Rows": 9,
                                                                                        "Plan Width": 21,
                                                                                        "Actual Startup Time": 80.107,
                                                                                        "Actual Total Time": 153.861,
                                                                                        "Actual Rows": 2,
                                                                                        "Actual Loops": 5,
                                                                                        "Filter": "((production_year > 2010) AND (title ~~ 'Kung Fu Panda%'::text))",
                                                                                        "Rows Removed by Filter": 505661
                                                                                      }
                                                                                    ]
                                                                                  }
                                                                                ]
                                                                              },
                                                                              {
                                                                                "Node Type": "Sort",
                                                                                "Parent Relationship": "Inner",
                                                                                "Parallel Aware": false,
                                                                                "Startup Cost": 604766.13,
                                                                                "Total Cost": 604771.43,
                                                                                "Plan Rows": 2121,
                                                                                "Plan Width": 35,
                                                                                "Actual Startup Time": 1732.462,
                                                                                "Actual Total Time": 1732.919,
                                                                                "Actual Rows": 5466,
                                                                                "Actual Loops": 1,
                                                                                "Sort Key": [
                                                                                  "ci.movie_id"
                                                                                ],
                                                                                "Sort Method": "quicksort",
                                                                                "Sort Space Used": 705,
                                                                                "Sort Space Type": "Memory",
                                                                                "Plans": [
                                                                                  {
                                                                                    "Node Type": "Merge Join",
                                                                                    "Parent Relationship": "Outer",
                                                                                    "Parallel Aware": false,
                                                                                    "Join Type": "Inner",
                                                                                    "Startup Cost": 600012.2,
                                                                                    "Total Cost": 604648.94,
                                                                                    "Plan Rows": 2121,
                                                                                    "Plan Width": 35,
                                                                                    "Actual Startup Time": 1698.556,
                                                                                    "Actual Total Time": 1730.592,
                                                                                    "Actual Rows": 6554,
                                                                                    "Actual Loops": 1,
                                                                                    "Inner Unique": false,
                                                                                    "Merge Cond": "(n.id = ci.person_id)",
                                                                                    "Plans": [
                                                                                      {
                                                                                        "Node Type": "Sort",
                                                                                        "Parent Relationship": "Outer",
                                                                                        "Parallel Aware": false,
                                                                                        "Startup Cost": 73848.65,
                                                                                        "Total Cost": 73872.84,
                                                                                        "Plan Rows": 9675,
                                                                                        "Plan Width": 19,
                                                                                        "Actual Startup Time": 303.268,
                                                                                        "Actual Total Time": 306.774,
                                                                                        "Actual Rows": 50011,
                                                                                        "Actual Loops": 1,
                                                                                        "Sort Key": [
                                                                                          "n.id"
                                                                                        ],
                                                                                        "Sort Method": "quicksort",
                                                                                        "Sort Space Used": 5246,
                                                                                        "Sort Space Type": "Memory",
                                                                                        "Plans": [
                                                                                          {
                                                                                            "Node Type": "Gather",
                                                                                            "Parent Relationship": "Outer",
                                                                                            "Parallel Aware": false,
                                                                                            "Startup Cost": 1000.0,
                                                                                            "Total Cost": 73208.16,
                                                                                            "Plan Rows": 9675,
                                                                                            "Plan Width": 19,
                                                                                            "Actual Startup Time": 135.862,
                                                                                            "Actual Total Time": 284.534,
                                                                                            "Actual Rows": 50011,
                                                                                            "Actual Loops": 1,
                                                                                            "Workers Planned": 4,
                                                                                            "Workers Launched": 3,
                                                                                            "Single Copy": false,
                                                                                            "Plans": [
                                                                                              {
                                                                                                "Node Type": "Seq Scan",
                                                                                                "Parent Relationship": "Outer",
                                                                                                "Parallel Aware": true,
                                                                                                "Relation Name": "name",
                                                                                                "Alias": "n",
                                                                                                "Startup Cost": 0.0,
                                                                                                "Total Cost": 71240.66,
                                                                                                "Plan Rows": 2419,
                                                                                                "Plan Width": 19,
                                                                                                "Actual Startup Time": 126.069,
                                                                                                "Actual Total Time": 274.949,
                                                                                                "Actual Rows": 12503,
                                                                                                "Actual Loops": 4,
                                                                                                "Filter": "((name ~~ '%An%'::text) AND ((gender)::text = 'f'::text))",
                                                                                                "Rows Removed by Filter": 1029370
                                                                                              }
                                                                                            ]
                                                                                          }
                                                                                        ]
                                                                                      },
                                                                                      {
                                                                                        "Node Type": "Sort",
                                                                                        "Parent Relationship": "Inner",
                                                                                        "Parallel Aware": false,
                                                                                        "Startup Cost": 526163.46,
                                                                                        "Total Cost": 528447.7,
                                                                                        "Plan Rows": 913697,
                                                                                        "Plan Width": 16,
                                                                                        "Actual Startup Time": 1342.879,
                                                                                        "Actual Total Time": 1375.523,
                                                                                        "Actual Rows": 867373,
                                                                                        "Actual Loops": 1,
                                                                                        "Sort Key": [
                                                                                          "ci.person_id"
                                                                                        ],
                                                                                        "Sort Method": "quicksort",
                                                                                        "Sort Space Used": 65239,
                                                                                        "Sort Space Type": "Memory",
                                                                                        "Plans": [
                                                                                          {
                                                                                            "Node Type": "Gather",
                                                                                            "Parent Relationship": "Outer",
                                                                                            "Parallel Aware": false,
                                                                                            "Startup Cost": 1000.0,
                                                                                            "Total Cost": 435701.26,
                                                                                            "Plan Rows": 913697,
                                                                                            "Plan Width": 16,
                                                                                            "Actual Startup Time": 0.605,
                                                                                            "Actual Total Time": 1152.13,
                                                                                            "Actual Rows": 867477,
                                                                                            "Actual Loops": 1,
                                                                                            "Workers Planned": 6,
                                                                                            "Workers Launched": 4,
                                                                                            "Single Copy": false,
                                                                                            "Plans": [
                                                                                              {
                                                                                                "Node Type": "Seq Scan",
                                                                                                "Parent Relationship": "Outer",
                                                                                                "Parallel Aware": true,
                                                                                                "Relation Name": "cast_info",
                                                                                                "Alias": "ci",
                                                                                                "Startup Cost": 0.0,
                                                                                                "Total Cost": 343331.56,
                                                                                                "Plan Rows": 152283,
                                                                                                "Plan Width": 16,
                                                                                                "Actual Startup Time": 0.18,
                                                                                                "Actual Total Time": 1177.051,
                                                                                                "Actual Rows": 173495,
                                                                                                "Actual Loops": 5,
                                                                                                "Filter": "(note = ANY ('{(voice),\"(voice: Japanese version)\",\"(voice) (uncredited)\",\"(voice: English version)\"}'::text[]))",
                                                                                                "Rows Removed by Filter": 7075373
                                                                                              }
                                                                                            ]
                                                                                          }
                                                                                        ]
                                                                                      }
                                                                                    ]
                                                                                  }
                                                                                ]
                                                                              }
                                                                            ]
                                                                          }
                                                                        ]
                                                                      }
                                                                    ]
                                                                  }
                                                                ]
                                                              }
                                                            ]
                                                          }
                                                        ]
                                                      },
                                                      {
                                                        "Node Type": "Sort",
                                                        "Parent Relationship": "Inner",
                                                        "Parallel Aware": false,
                                                        "Startup Cost": 1.16,
                                                        "Total Cost": 1.16,
                                                        "Plan Rows": 1,
                                                        "Plan Width": 4,
                                                        "Actual Startup Time": 0.028,
                                                        "Actual Total Time": 0.029,
                                                        "Actual Rows": 1,
                                                        "Actual Loops": 1,
                                                        "Sort Key": [
                                                          "rt.id"
                                                        ],
                                                        "Sort Method": "quicksort",
                                                        "Sort Space Used": 25,
                                                        "Sort Space Type": "Memory",
                                                        "Plans": [
                                                          {
                                                            "Node Type": "Seq Scan",
                                                            "Parent Relationship": "Outer",
                                                            "Parallel Aware": false,
                                                            "Relation Name": "role_type",
                                                            "Alias": "rt",
                                                            "Startup Cost": 0.0,
                                                            "Total Cost": 1.15,
                                                            "Plan Rows": 1,
                                                            "Plan Width": 4,
                                                            "Actual Startup Time": 0.018,
                                                            "Actual Total Time": 0.019,
                                                            "Actual Rows": 1,
                                                            "Actual Loops": 1,
                                                            "Filter": "((role)::text = 'actress'::text)",
                                                            "Rows Removed by Filter": 11
                                                          }
                                                        ]
                                                      }
                                                    ]
                                                  }
                                                ]
                                              },
                                              {
                                                "Node Type": "Sort",
                                                "Parent Relationship": "Inner",
                                                "Parallel Aware": false,
                                                "Startup Cost": 406722.16,
                                                "Total Cost": 414572.79,
                                                "Plan Rows": 3140252,
                                                "Plan Width": 20,
                                                "Actual Startup Time": 1742.302,
                                                "Actual Total Time": 2053.699,
                                                "Actual Rows": 2184244,
                                                "Actual Loops": 1,
                                                "Sort Key": [
                                                  "chn.id"
                                                ],
                                                "Sort Method": "quicksort",
                                                "Sort Space Used": 318840,
                                                "Sort Space Type": "Memory",
                                                "Plans": [
                                                  {
                                                    "Node Type": "Seq Scan",
                                                    "Parent Relationship": "Outer",
                                                    "Parallel Aware": false,
                                                    "Relation Name": "char_name",
                                                    "Alias": "chn",
                                                    "Startup Cost": 0.0,
                                                    "Total Cost": 67850.52,
                                                    "Plan Rows": 3140252,
                                                    "Plan Width": 20,
                                                    "Actual Startup Time": 0.025,
                                                    "Actual Total Time": 719.112,
                                                    "Actual Rows": 3140339,
                                                    "Actual Loops": 1
                                                  }
                                                ]
                                              }
                                            ]
                                          }
                                        ]
                                      },
                                      {
                                        "Node Type": "Sort",
                                        "Parent Relationship": "Inner",
                                        "Parallel Aware": false,
                                        "Startup Cost": 322951.0,
                                        "Total Cost": 329473.82,
                                        "Plan Rows": 2609129,
                                        "Plan Width": 8,
                                        "Actual Startup Time": 878.806,
                                        "Actual Total Time": 934.704,
                                        "Actual Rows": 1650467,
                                        "Actual Loops": 1,
                                        "Sort Key": [
                                          "mc.movie_id"
                                        ],
                                        "Sort Method": "quicksort",
                                        "Sort Space Used": 220607,
                                        "Sort Space Type": "Memory",
                                        "Plans": [
                                          {
                                            "Node Type": "Seq Scan",
                                            "Parent Relationship": "Outer",
                                            "Parallel Aware": false,
                                            "Relation Name": "movie_companies",
                                            "Alias": "mc",
                                            "Startup Cost": 0.0,
                                            "Total Cost": 44881.29,
                                            "Plan Rows": 2609129,
                                            "Plan Width": 8,
                                            "Actual Startup Time": 0.024,
                                            "Actual Total Time": 286.32,
                                            "Actual Rows": 2609129,
                                            "Actual Loops": 1
                                          }
                                        ]
                                      }
                                    ]
                                  },
                                  {
                                    "Node Type": "Sort",
                                    "Parent Relationship": "Inner",
                                    "Parallel Aware": false,
                                    "Startup Cost": 283023.78,
                                    "Total Cost": 284001.38,
                                    "Plan Rows": 391038,
                                    "Plan Width": 8,
                                    "Actual Startup Time": 667.152,
                                    "Actual Total Time": 676.962,
                                    "Actual Rows": 268776,
                                    "Actual Loops": 1,
                                    "Sort Key": [
                                      "mi.movie_id"
                                    ],
                                    "Sort Method": "quicksort",
                                    "Sort Space Used": 26409,
                                    "Sort Space Type": "Memory",
                                    "Plans": [
                                      {
                                        "Node Type": "Gather",
                                        "Parent Relationship": "Outer",
                                        "Parallel Aware": false,
                                        "Startup Cost": 1000.0,
                                        "Total Cost": 246702.32,
                                        "Plan Rows": 391038,
                                        "Plan Width": 8,
                                        "Actual Startup Time": 160.902,
                                        "Actual Total Time": 610.256,
                                        "Actual Rows": 301247,
                                        "Actual Loops": 1,
                                        "Workers Planned": 5,
                                        "Workers Launched": 5,
                                        "Single Copy": false,
                                        "Plans": [
                                          {
                                            "Node Type": "Seq Scan",
                                            "Parent Relationship": "Outer",
                                            "Parallel Aware": true,
                                            "Relation Name": "movie_info",
                                            "Alias": "mi",
                                            "Startup Cost": 0.0,
                                            "Total Cost": 206598.52,
                                            "Plan Rows": 78208,
                                            "Plan Width": 8,
                                            "Actual Startup Time": 103.295,
                                            "Actual Total Time": 601.451,
                                            "Actual Rows": 50208,
                                            "Actual Loops": 6,
                                            "Filter": "((info IS NOT NULL) AND ((info ~~ 'Japan:%201%'::text) OR (info ~~ 'USA:%201%'::text)))",
                                            "Rows Removed by Filter": 2422412
                                          }
                                        ]
                                      }
                                    ]
                                  }
                                ]
                              }
                            ]
                          }
                        ]
                      }
                    ]
                  }
                ]
              }
            ]
          }
        ]
      }
    ]
  },
  "Planning Time": 111.695,
  "Triggers": [],
  "Execution Time": 6774.108
}