{
  "Plan": {
    "Node Type": "Aggregate",
    "Strategy": "Plain",
    "Partial Mode": "Finalize",
    "Parallel Aware": false,
    "Startup Cost": 84869.59,
    "Total Cost": 84869.6,
    "Plan Rows": 1,
    "Plan Width": 8,
    "Actual Startup Time": 363.613,
    "Actual Total Time": 374.832,
    "Actual Rows": 1,
    "Actual Loops": 1,
    "Plans": [
      {
        "Node Type": "Gather",
        "Parent Relationship": "Outer",
        "Parallel Aware": false,
        "Startup Cost": 84869.48,
        "Total Cost": 84869.59,
        "Plan Rows": 1,
        "Plan Width": 8,
        "Actual Startup Time": 363.361,
        "Actual Total Time": 374.823,
        "Actual Rows": 2,
        "Actual Loops": 1,
        "Workers Planned": 1,
        "Workers Launched": 1,
        "Single Copy": false,
        "Plans": [
          {
            "Node Type": "Aggregate",
            "Strategy": "Plain",
            "Partial Mode": "Partial",
            "Parent Relationship": "Outer",
            "Parallel Aware": false,
            "Startup Cost": 83869.48,
            "Total Cost": 83869.49,
            "Plan Rows": 1,
            "Plan Width": 8,
            "Actual Startup Time": 357.254,
            "Actual Total Time": 357.258,
            "Actual Rows": 1,
            "Actual Loops": 2,
            "Plans": [
              {
                "Node Type": "Hash Join",
                "Parent Relationship": "Outer",
                "Parallel Aware": true,
                "Join Type": "Inner",
                "Startup Cost": 23367.9,
                "Total Cost": 83769.25,
                "Plan Rows": 40093,
                "Plan Width": 0,
                "Actual Startup Time": 250.474,
                "Actual Total Time": 354.684,
                "Actual Rows": 65305,
                "Actual Loops": 2,
                "Inner Unique": false,
                "Hash Cond": "(t.id = mc.movie_id)",
                "Plans": [
                  {
                    "Node Type": "Seq Scan",
                    "Parent Relationship": "Outer",
                    "Parallel Aware": true,
                    "Relation Name": "title",
                    "Alias": "t",
                    "Startup Cost": 0.0,
                    "Total Cost": 50870.31,
                    "Plan Rows": 1487231,
                    "Plan Width": 4,
                    "Actual Startup Time": 0.014,
                    "Actual Total Time": 120.687,
                    "Actual Rows": 1264156,
                    "Actual Loops": 2
                  },
                  {
                    "Node Type": "Hash",
                    "Parent Relationship": "Inner",
                    "Parallel Aware": true,
                    "Startup Cost": 22866.74,
                    "Total Cost": 22866.74,
                    "Plan Rows": 40093,
                    "Plan Width": 4,
                    "Actual Startup Time": 59.068,
                    "Actual Total Time": 59.069,
                    "Actual Rows": 65305,
                    "Actual Loops": 2,
                    "Hash Buckets": 131072,
                    "Original Hash Buckets": 131072,
                    "Hash Batches": 1,
                    "Original Hash Batches": 1,
                    "Peak Memory Usage": 6176,
                    "Plans": [
                      {
                        "Node Type": "Bitmap Heap Scan",
                        "Parent Relationship": "Outer",
                        "Parallel Aware": true,
                        "Relation Name": "movie_companies",
                        "Alias": "mc",
                        "Startup Cost": 2892.27,
                        "Total Cost": 22866.74,
                        "Plan Rows": 40093,
                        "Plan Width": 4,
                        "Actual Startup Time": 11.778,
                        "Actual Total Time": 39.398,
                        "Actual Rows": 65305,
                        "Actual Loops": 2,
                        "Recheck Cond": "(company_id > 140975)",
                        "Rows Removed by Index Recheck": 0,
                        "Filter": "(company_type_id = 2)",
                        "Rows Removed by Filter": 0,
                        "Exact Heap Blocks": 2718,
                        "Lossy Heap Blocks": 0,
                        "Plans": [
                          {
                            "Node Type": "Bitmap Index Scan",
                            "Parent Relationship": "Outer",
                            "Parallel Aware": false,
                            "Index Name": "company_id_movie_companies",
                            "Startup Cost": 0.0,
                            "Total Cost": 2875.23,
                            "Plan Rows": 134240,
                            "Plan Width": 0,
                            "Actual Startup Time": 14.745,
                            "Actual Total Time": 14.745,
                            "Actual Rows": 130610,
                            "Actual Loops": 1,
                            "Index Cond": "(company_id > 140975)"
                          }
                        ]
                      }
                    ]
                  }
                ]
              }
            ]
          }
        ]
      }
    ]
  },
  "Planning Time": 0.51,
  "Triggers": [],
  "Execution Time": 374.927
}