{
    "Plan": {
        "Node Type": "Aggregate",
        "Strategy": "Plain",
        "Partial Mode": "Finalize",
        "Parallel Aware": false,
        "Startup Cost": 388467.78,
        "Total Cost": 388467.79,
        "Plan Rows": 1,
        "Plan Width": 8,
        "Actual Startup Time": 2180.992,
        "Actual Total Time": 2247.828,
        "Actual Rows": 1,
        "Actual Loops": 1,
        "Output": [
            "count(*)"
        ],
        "Plans": [
            {
                "Node Type": "Gather",
                "Parent Relationship": "Outer",
                "Parallel Aware": false,
                "Startup Cost": 388467.26,
                "Total Cost": 388467.77,
                "Plan Rows": 5,
                "Plan Width": 8,
                "Actual Startup Time": 2157.634,
                "Actual Total Time": 2247.808,
                "Actual Rows": 6,
                "Actual Loops": 1,
                "Output": [
                    "(PARTIAL count(*))"
                ],
                "Workers Planned": 5,
                "Workers Launched": 5,
                "Single Copy": false,
                "Plans": [
                    {
                        "Node Type": "Aggregate",
                        "Strategy": "Plain",
                        "Partial Mode": "Partial",
                        "Parent Relationship": "Outer",
                        "Parallel Aware": false,
                        "Startup Cost": 387467.26,
                        "Total Cost": 387467.27,
                        "Plan Rows": 1,
                        "Plan Width": 8,
                        "Actual Startup Time": 2136.827,
                        "Actual Total Time": 2136.838,
                        "Actual Rows": 1,
                        "Actual Loops": 6,
                        "Output": [
                            "PARTIAL count(*)"
                        ],
                        "Workers": [
                            {
                                "Worker Number": 0,
                                "Actual Startup Time": 2132.562,
                                "Actual Total Time": 2132.57,
                                "Actual Rows": 1,
                                "Actual Loops": 1
                            },
                            {
                                "Worker Number": 1,
                                "Actual Startup Time": 2133.111,
                                "Actual Total Time": 2133.121,
                                "Actual Rows": 1,
                                "Actual Loops": 1
                            },
                            {
                                "Worker Number": 2,
                                "Actual Startup Time": 2133.117,
                                "Actual Total Time": 2133.127,
                                "Actual Rows": 1,
                                "Actual Loops": 1
                            },
                            {
                                "Worker Number": 3,
                                "Actual Startup Time": 2132.572,
                                "Actual Total Time": 2132.581,
                                "Actual Rows": 1,
                                "Actual Loops": 1
                            },
                            {
                                "Worker Number": 4,
                                "Actual Startup Time": 2133.104,
                                "Actual Total Time": 2133.112,
                                "Actual Rows": 1,
                                "Actual Loops": 1
                            }
                        ],
                        "Plans": [
                            {
                                "Node Type": "Hash Join",
                                "Parent Relationship": "Outer",
                                "Parallel Aware": true,
                                "Join Type": "Inner",
                                "Startup Cost": 178081.12,
                                "Total Cost": 383680.24,
                                "Plan Rows": 1514810,
                                "Plan Width": 0,
                                "Actual Startup Time": 744.375,
                                "Actual Total Time": 2035.118,
                                "Actual Rows": 2216769,
                                "Actual Loops": 6,
                                "Inner Unique": false,
                                "Hash Cond": "(mi.movie_id = t.id)",
                                "Workers": [
                                    {
                                        "Worker Number": 0,
                                        "Actual Startup Time": 740.381,
                                        "Actual Total Time": 2027.868,
                                        "Actual Rows": 1571761,
                                        "Actual Loops": 1
                                    },
                                    {
                                        "Worker Number": 1,
                                        "Actual Startup Time": 740.266,
                                        "Actual Total Time": 2027.893,
                                        "Actual Rows": 2439048,
                                        "Actual Loops": 1
                                    },
                                    {
                                        "Worker Number": 2,
                                        "Actual Startup Time": 740.38,
                                        "Actual Total Time": 2029.088,
                                        "Actual Rows": 2411223,
                                        "Actual Loops": 1
                                    },
                                    {
                                        "Worker Number": 3,
                                        "Actual Startup Time": 740.846,
                                        "Actual Total Time": 2043.006,
                                        "Actual Rows": 2059686,
                                        "Actual Loops": 1
                                    },
                                    {
                                        "Worker Number": 4,
                                        "Actual Startup Time": 740.922,
                                        "Actual Total Time": 2027.681,
                                        "Actual Rows": 2445788,
                                        "Actual Loops": 1
                                    }
                                ],
                                "Plans": [
                                    {
                                        "Node Type": "Seq Scan",
                                        "Parent Relationship": "Outer",
                                        "Parallel Aware": true,
                                        "Relation Name": "movie_info",
                                        "Schema": "public",
                                        "Alias": "mi",
                                        "Startup Cost": 0.0,
                                        "Total Cost": 191503.19,
                                        "Plan Rows": 2951019,
                                        "Plan Width": 4,
                                        "Actual Startup Time": 0.051,
                                        "Actual Total Time": 379.447,
                                        "Actual Rows": 2472620,
                                        "Actual Loops": 6,
                                        "Output": [
                                            "mi.id",
                                            "mi.movie_id",
                                            "mi.info_type_id",
                                            "mi.info",
                                            "mi.note"
                                        ],
                                        "Workers": [
                                            {
                                                "Worker Number": 0,
                                                "Actual Startup Time": 0.044,
                                                "Actual Total Time": 414.093,
                                                "Actual Rows": 1775639,
                                                "Actual Loops": 1
                                            },
                                            {
                                                "Worker Number": 1,
                                                "Actual Startup Time": 0.061,
                                                "Actual Total Time": 387.537,
                                                "Actual Rows": 2739230,
                                                "Actual Loops": 1
                                            },
                                            {
                                                "Worker Number": 2,
                                                "Actual Startup Time": 0.054,
                                                "Actual Total Time": 387.999,
                                                "Actual Rows": 2736902,
                                                "Actual Loops": 1
                                            },
                                            {
                                                "Worker Number": 3,
                                                "Actual Startup Time": 0.059,
                                                "Actual Total Time": 401.428,
                                                "Actual Rows": 2246505,
                                                "Actual Loops": 1
                                            },
                                            {
                                                "Worker Number": 4,
                                                "Actual Startup Time": 0.065,
                                                "Actual Total Time": 388.106,
                                                "Actual Rows": 2748712,
                                                "Actual Loops": 1
                                            }
                                        ]
                                    },
                                    {
                                        "Node Type": "Hash",
                                        "Parent Relationship": "Inner",
                                        "Parallel Aware": true,
                                        "Startup Cost": 174836.54,
                                        "Total Cost": 174836.54,
                                        "Plan Rows": 259566,
                                        "Plan Width": 8,
                                        "Actual Startup Time": 737.262,
                                        "Actual Total Time": 737.269,
                                        "Actual Rows": 74039,
                                        "Actual Loops": 6,
                                        "Output": [
                                            "t.id",
                                            "ci.movie_id"
                                        ],
                                        "Hash Buckets": 2097152,
                                        "Original Hash Buckets": 2097152,
                                        "Hash Batches": 1,
                                        "Original Hash Batches": 1,
                                        "Peak Memory Usage": 33856,
                                        "Workers": [
                                            {
                                                "Worker Number": 0,
                                                "Actual Startup Time": 738.969,
                                                "Actual Total Time": 738.974,
                                                "Actual Rows": 54468,
                                                "Actual Loops": 1
                                            },
                                            {
                                                "Worker Number": 1,
                                                "Actual Startup Time": 739.722,
                                                "Actual Total Time": 739.728,
                                                "Actual Rows": 83308,
                                                "Actual Loops": 1
                                            },
                                            {
                                                "Worker Number": 2,
                                                "Actual Startup Time": 739.743,
                                                "Actual Total Time": 739.75,
                                                "Actual Rows": 80760,
                                                "Actual Loops": 1
                                            },
                                            {
                                                "Worker Number": 3,
                                                "Actual Startup Time": 739.115,
                                                "Actual Total Time": 739.12,
                                                "Actual Rows": 64852,
                                                "Actual Loops": 1
                                            },
                                            {
                                                "Worker Number": 4,
                                                "Actual Startup Time": 739.744,
                                                "Actual Total Time": 739.75,
                                                "Actual Rows": 81977,
                                                "Actual Loops": 1
                                            }
                                        ],
                                        "Plans": [
                                            {
                                                "Node Type": "Hash Join",
                                                "Parent Relationship": "Outer",
                                                "Parallel Aware": true,
                                                "Join Type": "Inner",
                                                "Startup Cost": 50220.37,
                                                "Total Cost": 174836.54,
                                                "Plan Rows": 259566,
                                                "Plan Width": 8,
                                                "Actual Startup Time": 387.837,
                                                "Actual Total Time": 679.179,
                                                "Actual Rows": 74039,
                                                "Actual Loops": 6,
                                                "Output": [
                                                    "t.id",
                                                    "ci.movie_id"
                                                ],
                                                "Inner Unique": true,
                                                "Hash Cond": "(ci.movie_id = t.id)",
                                                "Workers": [
                                                    {
                                                        "Worker Number": 0,
                                                        "Actual Startup Time": 387.755,
                                                        "Actual Total Time": 681.927,
                                                        "Actual Rows": 54468,
                                                        "Actual Loops": 1
                                                    },
                                                    {
                                                        "Worker Number": 1,
                                                        "Actual Startup Time": 387.901,
                                                        "Actual Total Time": 680.317,
                                                        "Actual Rows": 83308,
                                                        "Actual Loops": 1
                                                    },
                                                    {
                                                        "Worker Number": 2,
                                                        "Actual Startup Time": 387.982,
                                                        "Actual Total Time": 680.951,
                                                        "Actual Rows": 80760,
                                                        "Actual Loops": 1
                                                    },
                                                    {
                                                        "Worker Number": 3,
                                                        "Actual Startup Time": 387.798,
                                                        "Actual Total Time": 677.868,
                                                        "Actual Rows": 64852,
                                                        "Actual Loops": 1
                                                    },
                                                    {
                                                        "Worker Number": 4,
                                                        "Actual Startup Time": 387.725,
                                                        "Actual Total Time": 680.495,
                                                        "Actual Rows": 81977,
                                                        "Actual Loops": 1
                                                    }
                                                ],
                                                "Plans": [
                                                    {
                                                        "Node Type": "Index Scan",
                                                        "Parent Relationship": "Outer",
                                                        "Parallel Aware": true,
                                                        "Scan Direction": "Forward",
                                                        "Index Name": "role_id_cast_info",
                                                        "Relation Name": "cast_info",
                                                        "Schema": "public",
                                                        "Alias": "ci",
                                                        "Startup Cost": 0.56,
                                                        "Total Cost": 123935.38,
                                                        "Plan Rows": 259566,
                                                        "Plan Width": 4,
                                                        "Actual Startup Time": 0.281,
                                                        "Actual Total Time": 206.498,
                                                        "Actual Rows": 74039,
                                                        "Actual Loops": 6,
                                                        "Output": [
                                                            "ci.id",
                                                            "ci.person_id",
                                                            "ci.movie_id",
                                                            "ci.person_role_id",
                                                            "ci.note",
                                                            "ci.nr_order",
                                                            "ci.role_id"
                                                        ],
                                                        "Index Cond": "(ci.role_id > 9)",
                                                        "Rows Removed by Index Recheck": 0,
                                                        "Filter": "(ci.person_id < 1016151)",
                                                        "Rows Removed by Filter": 699150,
                                                        "Workers": [
                                                            {
                                                                "Worker Number": 0,
                                                                "Actual Startup Time": 0.236,
                                                                "Actual Total Time": 211.252,
                                                                "Actual Rows": 54468,
                                                                "Actual Loops": 1
                                                            },
                                                            {
                                                                "Worker Number": 1,
                                                                "Actual Startup Time": 0.437,
                                                                "Actual Total Time": 210.586,
                                                                "Actual Rows": 83308,
                                                                "Actual Loops": 1
                                                            },
                                                            {
                                                                "Worker Number": 2,
                                                                "Actual Startup Time": 0.422,
                                                                "Actual Total Time": 212.316,
                                                                "Actual Rows": 80760,
                                                                "Actual Loops": 1
                                                            },
                                                            {
                                                                "Worker Number": 3,
                                                                "Actual Startup Time": 0.277,
                                                                "Actual Total Time": 205.684,
                                                                "Actual Rows": 64852,
                                                                "Actual Loops": 1
                                                            },
                                                            {
                                                                "Worker Number": 4,
                                                                "Actual Startup Time": 0.253,
                                                                "Actual Total Time": 211.499,
                                                                "Actual Rows": 81977,
                                                                "Actual Loops": 1
                                                            }
                                                        ]
                                                    },
                                                    {
                                                        "Node Type": "Hash",
                                                        "Parent Relationship": "Inner",
                                                        "Parallel Aware": true,
                                                        "Startup Cost": 42318.81,
                                                        "Total Cost": 42318.81,
                                                        "Plan Rows": 632080,
                                                        "Plan Width": 4,
                                                        "Actual Startup Time": 380.613,
                                                        "Actual Total Time": 380.615,
                                                        "Actual Rows": 421385,
                                                        "Actual Loops": 6,
                                                        "Output": [
                                                            "t.id"
                                                        ],
                                                        "Hash Buckets": 4194304,
                                                        "Original Hash Buckets": 4194304,
                                                        "Hash Batches": 1,
                                                        "Original Hash Batches": 1,
                                                        "Peak Memory Usage": 131744,
                                                        "Workers": [
                                                            {
                                                                "Worker Number": 0,
                                                                "Actual Startup Time": 387.181,
                                                                "Actual Total Time": 387.182,
                                                                "Actual Rows": 310817,
                                                                "Actual Loops": 1
                                                            },
                                                            {
                                                                "Worker Number": 1,
                                                                "Actual Startup Time": 387.383,
                                                                "Actual Total Time": 387.384,
                                                                "Actual Rows": 459269,
                                                                "Actual Loops": 1
                                                            },
                                                            {
                                                                "Worker Number": 2,
                                                                "Actual Startup Time": 387.267,
                                                                "Actual Total Time": 387.269,
                                                                "Actual Rows": 458887,
                                                                "Actual Loops": 1
                                                            },
                                                            {
                                                                "Worker Number": 3,
                                                                "Actual Startup Time": 387.254,
                                                                "Actual Total Time": 387.255,
                                                                "Actual Rows": 372578,
                                                                "Actual Loops": 1
                                                            },
                                                            {
                                                                "Worker Number": 4,
                                                                "Actual Startup Time": 387.381,
                                                                "Actual Total Time": 387.383,
                                                                "Actual Rows": 463293,
                                                                "Actual Loops": 1
                                                            }
                                                        ],
                                                        "Plans": [
                                                            {
                                                                "Node Type": "Seq Scan",
                                                                "Parent Relationship": "Outer",
                                                                "Parallel Aware": true,
                                                                "Relation Name": "title",
                                                                "Schema": "public",
                                                                "Alias": "t",
                                                                "Startup Cost": 0.0,
                                                                "Total Cost": 42318.81,
                                                                "Plan Rows": 632080,
                                                                "Plan Width": 4,
                                                                "Actual Startup Time": 0.092,
                                                                "Actual Total Time": 100.248,
                                                                "Actual Rows": 421385,
                                                                "Actual Loops": 6,
                                                                "Output": [
                                                                    "t.id"
                                                                ],
                                                                "Workers": [
                                                                    {
                                                                        "Worker Number": 0,
                                                                        "Actual Startup Time": 0.102,
                                                                        "Actual Total Time": 107.484,
                                                                        "Actual Rows": 310817,
                                                                        "Actual Loops": 1
                                                                    },
                                                                    {
                                                                        "Worker Number": 1,
                                                                        "Actual Startup Time": 0.11,
                                                                        "Actual Total Time": 104.069,
                                                                        "Actual Rows": 459269,
                                                                        "Actual Loops": 1
                                                                    },
                                                                    {
                                                                        "Worker Number": 2,
                                                                        "Actual Startup Time": 0.107,
                                                                        "Actual Total Time": 105.603,
                                                                        "Actual Rows": 458887,
                                                                        "Actual Loops": 1
                                                                    },
                                                                    {
                                                                        "Worker Number": 3,
                                                                        "Actual Startup Time": 0.089,
                                                                        "Actual Total Time": 101.713,
                                                                        "Actual Rows": 372578,
                                                                        "Actual Loops": 1
                                                                    },
                                                                    {
                                                                        "Worker Number": 4,
                                                                        "Actual Startup Time": 0.107,
                                                                        "Actual Total Time": 103.549,
                                                                        "Actual Rows": 463293,
                                                                        "Actual Loops": 1
                                                                    }
                                                                ]
                                                            }
                                                        ]
                                                    }
                                                ]
                                            }
                                        ]
                                    }
                                ]
                            }
                        ]
                    }
                ]
            }
        ]
    },
    "Planning Time": 1.71,
    "Triggers": [],
    "Execution Time": 2247.971
}