[
    {
        "Bao": {
            "Bao prediction": "NaN",
            "Bao recommended hint": "(no hint)"
        }
    },
    {
        "Plan": {
            "Node Type": "Aggregate",
            "Strategy": "Plain",
            "Partial Mode": "Finalize",
            "Parallel Aware": false,
            "Startup Cost": 23843.71,
            "Total Cost": 23843.72,
            "Plan Rows": 1,
            "Plan Width": 8,
            "Actual Startup Time": 34.927,
            "Actual Total Time": 38.738,
            "Actual Rows": 1,
            "Actual Loops": 1,
            "Output": [
                "count(*)"
            ],
            "Plans": [
                {
                    "Node Type": "Gather",
                    "Parent Relationship": "Outer",
                    "Parallel Aware": false,
                    "Startup Cost": 23843.39,
                    "Total Cost": 23843.7,
                    "Plan Rows": 3,
                    "Plan Width": 8,
                    "Actual Startup Time": 34.765,
                    "Actual Total Time": 38.731,
                    "Actual Rows": 4,
                    "Actual Loops": 1,
                    "Output": [
                        "(PARTIAL count(*))"
                    ],
                    "Workers Planned": 3,
                    "Workers Launched": 3,
                    "Single Copy": false,
                    "Plans": [
                        {
                            "Node Type": "Aggregate",
                            "Strategy": "Plain",
                            "Partial Mode": "Partial",
                            "Parent Relationship": "Outer",
                            "Parallel Aware": false,
                            "Startup Cost": 22843.39,
                            "Total Cost": 22843.4,
                            "Plan Rows": 1,
                            "Plan Width": 8,
                            "Actual Startup Time": 26.31,
                            "Actual Total Time": 26.311,
                            "Actual Rows": 1,
                            "Actual Loops": 4,
                            "Output": [
                                "PARTIAL count(*)"
                            ],
                            "Workers": [
                                {
                                    "Worker Number": 0,
                                    "Actual Startup Time": 23.289,
                                    "Actual Total Time": 23.291,
                                    "Actual Rows": 1,
                                    "Actual Loops": 1
                                },
                                {
                                    "Worker Number": 1,
                                    "Actual Startup Time": 23.561,
                                    "Actual Total Time": 23.562,
                                    "Actual Rows": 1,
                                    "Actual Loops": 1
                                },
                                {
                                    "Worker Number": 2,
                                    "Actual Startup Time": 23.902,
                                    "Actual Total Time": 23.904,
                                    "Actual Rows": 1,
                                    "Actual Loops": 1
                                }
                            ],
                            "Plans": [
                                {
                                    "Node Type": "Bitmap Heap Scan",
                                    "Parent Relationship": "Outer",
                                    "Parallel Aware": true,
                                    "Relation Name": "movie_companies",
                                    "Schema": "public",
                                    "Alias": "mc",
                                    "Startup Cost": 3313.5,
                                    "Total Cost": 22720.08,
                                    "Plan Rows": 49326,
                                    "Plan Width": 0,
                                    "Actual Startup Time": 2.715,
                                    "Actual Total Time": 23.555,
                                    "Actual Rows": 38872,
                                    "Actual Loops": 4,
                                    "Recheck Cond": "(mc.company_id > 129723)",
                                    "Rows Removed by Index Recheck": 0,
                                    "Exact Heap Blocks": 2585,
                                    "Lossy Heap Blocks": 0,
                                    "Workers": [
                                        {
                                            "Worker Number": 0,
                                            "Actual Startup Time": 0.316,
                                            "Actual Total Time": 20.978,
                                            "Actual Rows": 18402,
                                            "Actual Loops": 1
                                        },
                                        {
                                            "Worker Number": 1,
                                            "Actual Startup Time": 0.201,
                                            "Actual Total Time": 21.266,
                                            "Actual Rows": 17928,
                                            "Actual Loops": 1
                                        },
                                        {
                                            "Worker Number": 2,
                                            "Actual Startup Time": 0.195,
                                            "Actual Total Time": 21.599,
                                            "Actual Rows": 18839,
                                            "Actual Loops": 1
                                        }
                                    ],
                                    "Plans": [
                                        {
                                            "Node Type": "Bitmap Index Scan",
                                            "Parent Relationship": "Outer",
                                            "Parallel Aware": false,
                                            "Index Name": "company_id_movie_companies",
                                            "Startup Cost": 0.0,
                                            "Total Cost": 3275.27,
                                            "Plan Rows": 152912,
                                            "Plan Width": 0,
                                            "Actual Startup Time": 9.505,
                                            "Actual Total Time": 9.506,
                                            "Actual Rows": 155489,
                                            "Actual Loops": 1,
                                            "Index Cond": "(mc.company_id > 129723)"
                                        }
                                    ]
                                }
                            ]
                        }
                    ]
                }
            ]
        },
        "Planning Time": 176.123,
        "Triggers": [],
        "Execution Time": 38.794
    }
]