[
  {
    "Plan": {
      "Node Type": "Aggregate",
      "Strategy": "Plain",
      "Partial Mode": "Finalize",
      "Parallel Aware": false,
      "Startup Cost": 71480.38,
      "Total Cost": 71480.39,
      "Plan Rows": 1,
      "Plan Width": 8,
      "Actual Startup Time": 194.846,
      "Actual Total Time": 207.409,
      "Actual Rows": 1,
      "Actual Loops": 1,
      "Plans": [
        {
          "Node Type": "Gather",
          "Parent Relationship": "Outer",
          "Parallel Aware": false,
          "Startup Cost": 71480.06,
          "Total Cost": 71480.37,
          "Plan Rows": 3,
          "Plan Width": 8,
          "Actual Startup Time": 194.346,
          "Actual Total Time": 207.4,
          "Actual Rows": 4,
          "Actual Loops": 1,
          "Workers Planned": 3,
          "Workers Launched": 3,
          "Single Copy": false,
          "Plans": [
            {
              "Node Type": "Aggregate",
              "Strategy": "Plain",
              "Partial Mode": "Partial",
              "Parent Relationship": "Outer",
              "Parallel Aware": false,
              "Startup Cost": 70480.06,
              "Total Cost": 70480.07,
              "Plan Rows": 1,
              "Plan Width": 8,
              "Actual Startup Time": 185.008,
              "Actual Total Time": 185.012,
              "Actual Rows": 1,
              "Actual Loops": 4,
              "Plans": [
                {
                  "Node Type": "Hash Join",
                  "Parent Relationship": "Outer",
                  "Parallel Aware": true,
                  "Join Type": "Inner",
                  "Startup Cost": 38156.71,
                  "Total Cost": 70460.02,
                  "Plan Rows": 8017,
                  "Plan Width": 0,
                  "Actual Startup Time": 109.739,
                  "Actual Total Time": 184.399,
                  "Actual Rows": 12930,
                  "Actual Loops": 4,
                  "Inner Unique": true,
                  "Hash Cond": "(mc.movie_id = t.id)",
                  "Plans": [
                    {
                      "Node Type": "Seq Scan",
                      "Parent Relationship": "Outer",
                      "Parallel Aware": true,
                      "Relation Name": "movie_companies",
                      "Alias": "mc",
                      "Startup Cost": 0.0,
                      "Total Cost": 31414.82,
                      "Plan Rows": 338472,
                      "Plan Width": 4,
                      "Actual Startup Time": 32.466,
                      "Actual Total Time": 72.077,
                      "Actual Rows": 298458,
                      "Actual Loops": 4,
                      "Filter": "((company_id > 525) AND (company_type_id = 2))",
                      "Rows Removed by Filter": 353824
                    },
                    {
                      "Node Type": "Hash",
                      "Parent Relationship": "Inner",
                      "Parallel Aware": true,
                      "Startup Cost": 37969.56,
                      "Total Cost": 37969.56,
                      "Plan Rows": 14972,
                      "Plan Width": 4,
                      "Actual Startup Time": 76.24,
                      "Actual Total Time": 76.241,
                      "Actual Rows": 16222,
                      "Actual Loops": 4,
                      "Hash Buckets": 65536,
                      "Original Hash Buckets": 65536,
                      "Hash Batches": 1,
                      "Original Hash Batches": 1,
                      "Peak Memory Usage": 3104,
                      "Plans": [
                        {
                          "Node Type": "Bitmap Heap Scan",
                          "Parent Relationship": "Outer",
                          "Parallel Aware": true,
                          "Relation Name": "title",
                          "Alias": "t",
                          "Startup Cost": 1631.51,
                          "Total Cost": 37969.56,
                          "Plan Rows": 14972,
                          "Plan Width": 4,
                          "Actual Startup Time": 20.575,
                          "Actual Total Time": 69.87,
                          "Actual Rows": 16222,
                          "Actual Loops": 4,
                          "Recheck Cond": "(kind_id = 2)",
                          "Rows Removed by Index Recheck": 0,
                          "Filter": "(production_year < 2008)",
                          "Rows Removed by Filter": 6492,
                          "Exact Heap Blocks": 14392,
                          "Lossy Heap Blocks": 0,
                          "Plans": [
                            {
                              "Node Type": "Bitmap Index Scan",
                              "Parent Relationship": "Outer",
                              "Parallel Aware": false,
                              "Index Name": "kind_id_title",
                              "Startup Cost": 0.0,
                              "Total Cost": 1616.54,
                              "Plan Rows": 90681,
                              "Plan Width": 0,
                              "Actual Startup Time": 19.201,
                              "Actual Total Time": 19.201,
                              "Actual Rows": 90852,
                              "Actual Loops": 1,
                              "Index Cond": "(kind_id = 2)"
                            }
                          ]
                        }
                      ]
                    }
                  ]
                }
              ]
            }
          ]
        }
      ]
    },
    "Planning Time": 0.661,
    "Triggers": [],
    "Execution Time": 207.497
  }
]