[
  {
    "Plan": {
      "Node Type": "Aggregate",
      "Strategy": "Plain",
      "Partial Mode": "Finalize",
      "Parallel Aware": false,
      "Startup Cost": 332080.9,
      "Total Cost": 332080.91,
      "Plan Rows": 1,
      "Plan Width": 8,
      "Actual Startup Time": 633.009,
      "Actual Total Time": 664.304,
      "Actual Rows": 1,
      "Actual Loops": 1,
      "Plans": [
        {
          "Node Type": "Gather",
          "Parent Relationship": "Outer",
          "Parallel Aware": false,
          "Startup Cost": 332080.27,
          "Total Cost": 332080.88,
          "Plan Rows": 6,
          "Plan Width": 8,
          "Actual Startup Time": 632.934,
          "Actual Total Time": 664.296,
          "Actual Rows": 7,
          "Actual Loops": 1,
          "Workers Planned": 6,
          "Workers Launched": 6,
          "Single Copy": false,
          "Plans": [
            {
              "Node Type": "Aggregate",
              "Strategy": "Plain",
              "Partial Mode": "Partial",
              "Parent Relationship": "Outer",
              "Parallel Aware": false,
              "Startup Cost": 331080.27,
              "Total Cost": 331080.28,
              "Plan Rows": 1,
              "Plan Width": 8,
              "Actual Startup Time": 627.402,
              "Actual Total Time": 627.403,
              "Actual Rows": 1,
              "Actual Loops": 7,
              "Plans": [
                {
                  "Node Type": "Seq Scan",
                  "Parent Relationship": "Outer",
                  "Parallel Aware": true,
                  "Relation Name": "cast_info",
                  "Alias": "ci",
                  "Startup Cost": 0.0,
                  "Total Cost": 328213.62,
                  "Plan Rows": 1146662,
                  "Plan Width": 0,
                  "Actual Startup Time": 0.037,
                  "Actual Total Time": 571.904,
                  "Actual Rows": 1016152,
                  "Actual Loops": 7,
                  "Filter": "(person_id < 687109)",
                  "Rows Removed by Filter": 4161612
                }
              ]
            }
          ]
        }
      ]
    },
    "Planning Time": 0.091,
    "Triggers": [],
    "Execution Time": 664.331
  }
]