[
  {
    "Plan": {
      "Node Type": "Aggregate",
      "Strategy": "Plain",
      "Partial Mode": "Finalize",
      "Parallel Aware": false,
      "Startup Cost": 332052.54,
      "Total Cost": 332052.55,
      "Plan Rows": 1,
      "Plan Width": 8,
      "Actual Startup Time": 578.251,
      "Actual Total Time": 651.115,
      "Actual Rows": 1,
      "Actual Loops": 1,
      "Plans": [
        {
          "Node Type": "Gather",
          "Parent Relationship": "Outer",
          "Parallel Aware": false,
          "Startup Cost": 332051.92,
          "Total Cost": 332052.53,
          "Plan Rows": 6,
          "Plan Width": 8,
          "Actual Startup Time": 578.145,
          "Actual Total Time": 651.106,
          "Actual Rows": 7,
          "Actual Loops": 1,
          "Workers Planned": 6,
          "Workers Launched": 6,
          "Single Copy": false,
          "Plans": [
            {
              "Node Type": "Aggregate",
              "Strategy": "Plain",
              "Partial Mode": "Partial",
              "Parent Relationship": "Outer",
              "Parallel Aware": false,
              "Startup Cost": 331051.92,
              "Total Cost": 331051.93,
              "Plan Rows": 1,
              "Plan Width": 8,
              "Actual Startup Time": 568.856,
              "Actual Total Time": 568.857,
              "Actual Rows": 1,
              "Actual Loops": 7,
              "Plans": [
                {
                  "Node Type": "Seq Scan",
                  "Parent Relationship": "Outer",
                  "Parallel Aware": true,
                  "Relation Name": "cast_info",
                  "Alias": "ci",
                  "Startup Cost": 0.0,
                  "Total Cost": 328162.03,
                  "Plan Rows": 1155956,
                  "Plan Width": 0,
                  "Actual Startup Time": 0.051,
                  "Actual Total Time": 523.824,
                  "Actual Rows": 1016152,
                  "Actual Loops": 7,
                  "Filter": "(person_id < 687109)",
                  "Rows Removed by Filter": 4161612
                }
              ]
            }
          ]
        }
      ]
    },
    "Planning Time": 0.195,
    "Triggers": [],
    "Execution Time": 651.186
  }
]