[
  {
    "Plan": {
      "Node Type": "Aggregate",
      "Strategy": "Plain",
      "Partial Mode": "Finalize",
      "Parallel Aware": false,
      "Startup Cost": 204061.01,
      "Total Cost": 204061.02,
      "Plan Rows": 1,
      "Plan Width": 8,
      "Actual Startup Time": 331.322,
      "Actual Total Time": 367.059,
      "Actual Rows": 1,
      "Actual Loops": 1,
      "Plans": [
        {
          "Node Type": "Gather",
          "Parent Relationship": "Outer",
          "Parallel Aware": false,
          "Startup Cost": 204060.39,
          "Total Cost": 204061.0,
          "Plan Rows": 6,
          "Plan Width": 8,
          "Actual Startup Time": 331.134,
          "Actual Total Time": 367.043,
          "Actual Rows": 7,
          "Actual Loops": 1,
          "Workers Planned": 6,
          "Workers Launched": 6,
          "Single Copy": false,
          "Plans": [
            {
              "Node Type": "Aggregate",
              "Strategy": "Plain",
              "Partial Mode": "Partial",
              "Parent Relationship": "Outer",
              "Parallel Aware": false,
              "Startup Cost": 203060.39,
              "Total Cost": 203060.4,
              "Plan Rows": 1,
              "Plan Width": 8,
              "Actual Startup Time": 323.541,
              "Actual Total Time": 323.545,
              "Actual Rows": 1,
              "Actual Loops": 7,
              "Plans": [
                {
                  "Node Type": "Index Scan",
                  "Parent Relationship": "Outer",
                  "Parallel Aware": true,
                  "Scan Direction": "Forward",
                  "Index Name": "role_id_cast_info",
                  "Relation Name": "cast_info",
                  "Alias": "ci",
                  "Startup Cost": 0.56,
                  "Total Cost": 201884.69,
                  "Plan Rows": 470279,
                  "Plan Width": 0,
                  "Actual Startup Time": 10.537,
                  "Actual Total Time": 323.493,
                  "Actual Rows": 322,
                  "Actual Loops": 7,
                  "Index Cond": "(role_id = 2)",
                  "Rows Removed by Index Recheck": 0,
                  "Filter": "(person_id < 1355255)",
                  "Rows Removed by Filter": 1064245
                }
              ]
            }
          ]
        }
      ]
    },
    "Planning Time": 0.169,
    "Triggers": [],
    "Execution Time": 367.129
  }
]