[
  {
    "Plan": {
      "Node Type": "Aggregate",
      "Strategy": "Plain",
      "Partial Mode": "Finalize",
      "Parallel Aware": false,
      "Startup Cost": 248990.58,
      "Total Cost": 248990.59,
      "Plan Rows": 1,
      "Plan Width": 8,
      "Actual Startup Time": 1190.608,
      "Actual Total Time": 1270.879,
      "Actual Rows": 1,
      "Actual Loops": 1,
      "Plans": [
        {
          "Node Type": "Gather",
          "Parent Relationship": "Outer",
          "Parallel Aware": false,
          "Startup Cost": 248990.27,
          "Total Cost": 248990.58,
          "Plan Rows": 3,
          "Plan Width": 8,
          "Actual Startup Time": 1187.408,
          "Actual Total Time": 1270.867,
          "Actual Rows": 4,
          "Actual Loops": 1,
          "Workers Planned": 3,
          "Workers Launched": 3,
          "Single Copy": false,
          "Plans": [
            {
              "Node Type": "Aggregate",
              "Strategy": "Plain",
              "Partial Mode": "Partial",
              "Parent Relationship": "Outer",
              "Parallel Aware": false,
              "Startup Cost": 247990.27,
              "Total Cost": 247990.28,
              "Plan Rows": 1,
              "Plan Width": 8,
              "Actual Startup Time": 1178.549,
              "Actual Total Time": 1178.556,
              "Actual Rows": 1,
              "Actual Loops": 4,
              "Plans": [
                {
                  "Node Type": "Nested Loop",
                  "Parent Relationship": "Outer",
                  "Parallel Aware": false,
                  "Join Type": "Inner",
                  "Startup Cost": 46731.18,
                  "Total Cost": 247484.13,
                  "Plan Rows": 202454,
                  "Plan Width": 0,
                  "Actual Startup Time": 177.858,
                  "Actual Total Time": 1169.574,
                  "Actual Rows": 137754,
                  "Actual Loops": 4,
                  "Inner Unique": false,
                  "Join Filter": "(t.id = ci.movie_id)",
                  "Rows Removed by Join Filter": 0,
                  "Plans": [
                    {
                      "Node Type": "Hash Join",
                      "Parent Relationship": "Outer",
                      "Parallel Aware": true,
                      "Join Type": "Inner",
                      "Startup Cost": 46730.61,
                      "Total Cost": 77170.42,
                      "Plan Rows": 68105,
                      "Plan Width": 8,
                      "Actual Startup Time": 177.641,
                      "Actual Total Time": 298.346,
                      "Actual Rows": 26340,
                      "Actual Loops": 4,
                      "Inner Unique": true,
                      "Hash Cond": "(mc.movie_id = t.id)",
                      "Plans": [
                        {
                          "Node Type": "Seq Scan",
                          "Parent Relationship": "Outer",
                          "Parallel Aware": true,
                          "Relation Name": "movie_companies",
                          "Alias": "mc",
                          "Startup Cost": 0.0,
                          "Total Cost": 29310.68,
                          "Plan Rows": 430142,
                          "Plan Width": 4,
                          "Actual Startup Time": 31.984,
                          "Actual Total Time": 71.577,
                          "Actual Rows": 333721,
                          "Actual Loops": 4,
                          "Filter": "(company_type_id > 1)",
                          "Rows Removed by Filter": 318562
                        },
                        {
                          "Node Type": "Hash",
                          "Parent Relationship": "Inner",
                          "Parallel Aware": true,
                          "Startup Cost": 45479.59,
                          "Total Cost": 45479.59,
                          "Plan Rows": 100082,
                          "Plan Width": 4,
                          "Actual Startup Time": 143.543,
                          "Actual Total Time": 143.547,
                          "Actual Rows": 108554,
                          "Actual Loops": 4,
                          "Hash Buckets": 524288,
                          "Original Hash Buckets": 524288,
                          "Hash Batches": 1,
                          "Original Hash Batches": 1,
                          "Peak Memory Usage": 21152,
                          "Plans": [
                            {
                              "Node Type": "Seq Scan",
                              "Parent Relationship": "Outer",
                              "Parallel Aware": true,
                              "Relation Name": "title",
                              "Alias": "t",
                              "Startup Cost": 0.0,
                              "Total Cost": 45479.59,
                              "Plan Rows": 100082,
                              "Plan Width": 4,
                              "Actual Startup Time": 0.046,
                              "Actual Total Time": 103.243,
                              "Actual Rows": 108554,
                              "Actual Loops": 4,
                              "Filter": "((production_year > 2008) AND (kind_id = 7))",
                              "Rows Removed by Filter": 523524
                            }
                          ]
                        }
                      ]
                    },
                    {
                      "Node Type": "Index Scan",
                      "Parent Relationship": "Inner",
                      "Parallel Aware": false,
                      "Scan Direction": "Forward",
                      "Index Name": "movie_id_cast_info",
                      "Relation Name": "cast_info",
                      "Alias": "ci",
                      "Startup Cost": 0.56,
                      "Total Cost": 2.41,
                      "Plan Rows": 7,
                      "Plan Width": 4,
                      "Actual Startup Time": 0.016,
                      "Actual Total Time": 0.032,
                      "Actual Rows": 5,
                      "Actual Loops": 105361,
                      "Index Cond": "(movie_id = mc.movie_id)",
                      "Rows Removed by Index Recheck": 0,
                      "Filter": "(role_id = 2)",
                      "Rows Removed by Filter": 31
                    }
                  ]
                }
              ]
            }
          ]
        }
      ]
    },
    "Planning Time": 0.55,
    "Triggers": [],
    "Execution Time": 1270.955
  }
]