[
  {
    "Plan": {
      "Node Type": "Aggregate",
      "Strategy": "Plain",
      "Partial Mode": "Finalize",
      "Parallel Aware": false,
      "Startup Cost": 339967.18,
      "Total Cost": 339967.19,
      "Plan Rows": 1,
      "Plan Width": 8,
      "Actual Startup Time": 771.952,
      "Actual Total Time": 829.222,
      "Actual Rows": 1,
      "Actual Loops": 1,
      "Plans": [
        {
          "Node Type": "Gather",
          "Parent Relationship": "Outer",
          "Parallel Aware": false,
          "Startup Cost": 339966.55,
          "Total Cost": 339967.16,
          "Plan Rows": 6,
          "Plan Width": 8,
          "Actual Startup Time": 771.833,
          "Actual Total Time": 829.212,
          "Actual Rows": 7,
          "Actual Loops": 1,
          "Workers Planned": 6,
          "Workers Launched": 6,
          "Single Copy": false,
          "Plans": [
            {
              "Node Type": "Aggregate",
              "Strategy": "Plain",
              "Partial Mode": "Partial",
              "Parent Relationship": "Outer",
              "Parallel Aware": false,
              "Startup Cost": 338966.55,
              "Total Cost": 338966.56,
              "Plan Rows": 1,
              "Plan Width": 8,
              "Actual Startup Time": 761.752,
              "Actual Total Time": 761.753,
              "Actual Rows": 1,
              "Actual Loops": 7,
              "Plans": [
                {
                  "Node Type": "Seq Scan",
                  "Parent Relationship": "Outer",
                  "Parallel Aware": true,
                  "Relation Name": "cast_info",
                  "Alias": "ci",
                  "Startup Cost": 0.0,
                  "Total Cost": 328162.03,
                  "Plan Rows": 4321810,
                  "Plan Width": 0,
                  "Actual Startup Time": 118.852,
                  "Actual Total Time": 610.245,
                  "Actual Rows": 3698456,
                  "Actual Loops": 7,
                  "Filter": "(person_id > 1017162)",
                  "Rows Removed by Filter": 1479307
                }
              ]
            }
          ]
        }
      ]
    },
    "Planning Time": 0.17,
    "Triggers": [],
    "Execution Time": 829.288
  }
]