[
  {
    "Plan": {
      "Node Type": "Aggregate",
      "Strategy": "Plain",
      "Partial Mode": "Finalize",
      "Parallel Aware": false,
      "Startup Cost": 51454.61,
      "Total Cost": 51454.62,
      "Plan Rows": 1,
      "Plan Width": 8,
      "Actual Startup Time": 95.372,
      "Actual Total Time": 107.045,
      "Actual Rows": 1,
      "Actual Loops": 1,
      "Plans": [
        {
          "Node Type": "Gather",
          "Parent Relationship": "Outer",
          "Parallel Aware": false,
          "Startup Cost": 51454.19,
          "Total Cost": 51454.6,
          "Plan Rows": 4,
          "Plan Width": 8,
          "Actual Startup Time": 95.215,
          "Actual Total Time": 107.036,
          "Actual Rows": 5,
          "Actual Loops": 1,
          "Workers Planned": 4,
          "Workers Launched": 4,
          "Single Copy": false,
          "Plans": [
            {
              "Node Type": "Aggregate",
              "Strategy": "Plain",
              "Partial Mode": "Partial",
              "Parent Relationship": "Outer",
              "Parallel Aware": false,
              "Startup Cost": 50454.19,
              "Total Cost": 50454.2,
              "Plan Rows": 1,
              "Plan Width": 8,
              "Actual Startup Time": 85.459,
              "Actual Total Time": 85.46,
              "Actual Rows": 1,
              "Actual Loops": 5,
              "Plans": [
                {
                  "Node Type": "Nested Loop",
                  "Parent Relationship": "Outer",
                  "Parallel Aware": false,
                  "Join Type": "Inner",
                  "Startup Cost": 0.43,
                  "Total Cost": 50452.98,
                  "Plan Rows": 484,
                  "Plan Width": 0,
                  "Actual Startup Time": 25.441,
                  "Actual Total Time": 85.449,
                  "Actual Rows": 14,
                  "Actual Loops": 5,
                  "Inner Unique": false,
                  "Plans": [
                    {
                      "Node Type": "Seq Scan",
                      "Parent Relationship": "Outer",
                      "Parallel Aware": true,
                      "Relation Name": "title",
                      "Alias": "t",
                      "Startup Cost": 0.0,
                      "Total Cost": 45479.1,
                      "Plan Rows": 538,
                      "Plan Width": 4,
                      "Actual Startup Time": 3.637,
                      "Actual Total Time": 84.395,
                      "Actual Rows": 60,
                      "Actual Loops": 5,
                      "Filter": "((kind_id > 1) AND (production_year > 2013))",
                      "Rows Removed by Filter": 505603
                    },
                    {
                      "Node Type": "Index Scan",
                      "Parent Relationship": "Inner",
                      "Parallel Aware": false,
                      "Scan Direction": "Forward",
                      "Index Name": "movie_id_movie_keyword",
                      "Relation Name": "movie_keyword",
                      "Alias": "mk",
                      "Startup Cost": 0.43,
                      "Total Cost": 9.02,
                      "Plan Rows": 23,
                      "Plan Width": 4,
                      "Actual Startup Time": 0.016,
                      "Actual Total Time": 0.016,
                      "Actual Rows": 0,
                      "Actual Loops": 298,
                      "Index Cond": "(movie_id = t.id)",
                      "Rows Removed by Index Recheck": 0,
                      "Filter": "(keyword_id > 4680)",
                      "Rows Removed by Filter": 0
                    }
                  ]
                }
              ]
            }
          ]
        }
      ]
    },
    "Planning Time": 0.559,
    "Triggers": [],
    "Execution Time": 107.108
  }
]