[
  {
    "Plan": {
      "Node Type": "Aggregate",
      "Strategy": "Plain",
      "Partial Mode": "Simple",
      "Parallel Aware": false,
      "Startup Cost": 11339.3,
      "Total Cost": 11339.31,
      "Plan Rows": 1,
      "Plan Width": 8,
      "Actual Startup Time": 10.332,
      "Actual Total Time": 10.333,
      "Actual Rows": 1,
      "Actual Loops": 1,
      "Plans": [
        {
          "Node Type": "Bitmap Heap Scan",
          "Parent Relationship": "Outer",
          "Parallel Aware": false,
          "Relation Name": "movie_keyword",
          "Alias": "mk",
          "Startup Cost": 94.32,
          "Total Cost": 11328.37,
          "Plan Rows": 4373,
          "Plan Width": 0,
          "Actual Startup Time": 1.862,
          "Actual Total Time": 9.826,
          "Actual Rows": 5252,
          "Actual Loops": 1,
          "Recheck Cond": "(keyword_id = 3311)",
          "Rows Removed by Index Recheck": 0,
          "Exact Heap Blocks": 3702,
          "Lossy Heap Blocks": 0,
          "Plans": [
            {
              "Node Type": "Bitmap Index Scan",
              "Parent Relationship": "Outer",
              "Parallel Aware": false,
              "Index Name": "keyword_id_movie_keyword",
              "Startup Cost": 0.0,
              "Total Cost": 93.23,
              "Plan Rows": 4373,
              "Plan Width": 0,
              "Actual Startup Time": 1.063,
              "Actual Total Time": 1.064,
              "Actual Rows": 5252,
              "Actual Loops": 1,
              "Index Cond": "(keyword_id = 3311)"
            }
          ]
        }
      ]
    },
    "Planning Time": 0.099,
    "Triggers": [],
    "Execution Time": 10.368
  }
]