[
  {
    "Plan": {
      "Node Type": "Aggregate",
      "Strategy": "Plain",
      "Partial Mode": "Finalize",
      "Parallel Aware": false,
      "Startup Cost": 337239.62,
      "Total Cost": 337239.64,
      "Plan Rows": 1,
      "Plan Width": 8,
      "Actual Startup Time": 727.18,
      "Actual Total Time": 782.037,
      "Actual Rows": 1,
      "Actual Loops": 1,
      "Plans": [
        {
          "Node Type": "Gather",
          "Parent Relationship": "Outer",
          "Parallel Aware": false,
          "Startup Cost": 337239.0,
          "Total Cost": 337239.61,
          "Plan Rows": 6,
          "Plan Width": 8,
          "Actual Startup Time": 727.043,
          "Actual Total Time": 782.028,
          "Actual Rows": 7,
          "Actual Loops": 1,
          "Workers Planned": 6,
          "Workers Launched": 6,
          "Single Copy": false,
          "Plans": [
            {
              "Node Type": "Aggregate",
              "Strategy": "Plain",
              "Partial Mode": "Partial",
              "Parent Relationship": "Outer",
              "Parallel Aware": false,
              "Startup Cost": 336239.0,
              "Total Cost": 336239.01,
              "Plan Rows": 1,
              "Plan Width": 8,
              "Actual Startup Time": 719.187,
              "Actual Total Time": 719.189,
              "Actual Rows": 1,
              "Actual Loops": 7,
              "Plans": [
                {
                  "Node Type": "Seq Scan",
                  "Parent Relationship": "Outer",
                  "Parallel Aware": true,
                  "Relation Name": "cast_info",
                  "Alias": "ci",
                  "Startup Cost": 0.0,
                  "Total Cost": 328162.03,
                  "Plan Rows": 3230790,
                  "Plan Width": 0,
                  "Actual Startup Time": 0.044,
                  "Actual Total Time": 595.922,
                  "Actual Rows": 2781537,
                  "Actual Loops": 7,
                  "Filter": "(person_id < 1949084)",
                  "Rows Removed by Filter": 2396227
                }
              ]
            }
          ]
        }
      ]
    },
    "Planning Time": 0.166,
    "Triggers": [],
    "Execution Time": 782.101
  }
]