{
    "Plan": {
        "Node Type": "Aggregate",
        "Strategy": "Plain",
        "Partial Mode": "Finalize",
        "Parallel Aware": false,
        "Startup Cost": 248633.3,
        "Total Cost": 248633.31,
        "Plan Rows": 1,
        "Plan Width": 8,
        "Actual Startup Time": 544.443,
        "Actual Total Time": 588.58,
        "Actual Rows": 1,
        "Actual Loops": 1,
        "Output": [
            "count(*)"
        ],
        "Plans": [
            {
                "Node Type": "Gather",
                "Parent Relationship": "Outer",
                "Parallel Aware": false,
                "Startup Cost": 248632.78,
                "Total Cost": 248633.29,
                "Plan Rows": 5,
                "Plan Width": 8,
                "Actual Startup Time": 542.282,
                "Actual Total Time": 588.571,
                "Actual Rows": 6,
                "Actual Loops": 1,
                "Output": [
                    "(PARTIAL count(*))"
                ],
                "Workers Planned": 5,
                "Workers Launched": 5,
                "Single Copy": false,
                "Plans": [
                    {
                        "Node Type": "Aggregate",
                        "Strategy": "Plain",
                        "Partial Mode": "Partial",
                        "Parent Relationship": "Outer",
                        "Parallel Aware": false,
                        "Startup Cost": 247632.78,
                        "Total Cost": 247632.79,
                        "Plan Rows": 1,
                        "Plan Width": 8,
                        "Actual Startup Time": 532.012,
                        "Actual Total Time": 532.017,
                        "Actual Rows": 1,
                        "Actual Loops": 6,
                        "Output": [
                            "PARTIAL count(*)"
                        ],
                        "Workers": [
                            {
                                "Worker Number": 0,
                                "Actual Startup Time": 529.811,
                                "Actual Total Time": 529.814,
                                "Actual Rows": 1,
                                "Actual Loops": 1
                            },
                            {
                                "Worker Number": 1,
                                "Actual Startup Time": 529.911,
                                "Actual Total Time": 529.913,
                                "Actual Rows": 1,
                                "Actual Loops": 1
                            },
                            {
                                "Worker Number": 2,
                                "Actual Startup Time": 530.138,
                                "Actual Total Time": 530.141,
                                "Actual Rows": 1,
                                "Actual Loops": 1
                            },
                            {
                                "Worker Number": 3,
                                "Actual Startup Time": 530.059,
                                "Actual Total Time": 530.064,
                                "Actual Rows": 1,
                                "Actual Loops": 1
                            },
                            {
                                "Worker Number": 4,
                                "Actual Startup Time": 530.692,
                                "Actual Total Time": 530.695,
                                "Actual Rows": 1,
                                "Actual Loops": 1
                            }
                        ],
                        "Plans": [
                            {
                                "Node Type": "Hash Join",
                                "Parent Relationship": "Outer",
                                "Parallel Aware": true,
                                "Join Type": "Inner",
                                "Startup Cost": 46905.27,
                                "Total Cost": 247361.89,
                                "Plan Rows": 108356,
                                "Plan Width": 0,
                                "Actual Startup Time": 276.292,
                                "Actual Total Time": 526.582,
                                "Actual Rows": 108888,
                                "Actual Loops": 6,
                                "Inner Unique": true,
                                "Hash Cond": "(mi.movie_id = t.id)",
                                "Workers": [
                                    {
                                        "Worker Number": 0,
                                        "Actual Startup Time": 273.779,
                                        "Actual Total Time": 524.522,
                                        "Actual Rows": 82498,
                                        "Actual Loops": 1
                                    },
                                    {
                                        "Worker Number": 1,
                                        "Actual Startup Time": 274.259,
                                        "Actual Total Time": 524.744,
                                        "Actual Rows": 132748,
                                        "Actual Loops": 1
                                    },
                                    {
                                        "Worker Number": 2,
                                        "Actual Startup Time": 274.458,
                                        "Actual Total Time": 524.933,
                                        "Actual Rows": 134594,
                                        "Actual Loops": 1
                                    },
                                    {
                                        "Worker Number": 3,
                                        "Actual Startup Time": 274.419,
                                        "Actual Total Time": 524.817,
                                        "Actual Rows": 80213,
                                        "Actual Loops": 1
                                    },
                                    {
                                        "Worker Number": 4,
                                        "Actual Startup Time": 275.034,
                                        "Actual Total Time": 525.382,
                                        "Actual Rows": 82890,
                                        "Actual Loops": 1
                                    }
                                ],
                                "Plans": [
                                    {
                                        "Node Type": "Seq Scan",
                                        "Parent Relationship": "Outer",
                                        "Parallel Aware": true,
                                        "Relation Name": "movie_info",
                                        "Schema": "public",
                                        "Alias": "mi",
                                        "Startup Cost": 0.0,
                                        "Total Cost": 198880.74,
                                        "Plan Rows": 600336,
                                        "Plan Width": 4,
                                        "Actual Startup Time": 77.892,
                                        "Actual Total Time": 333.639,
                                        "Actual Rows": 506120,
                                        "Actual Loops": 6,
                                        "Output": [
                                            "mi.id",
                                            "mi.movie_id",
                                            "mi.info_type_id",
                                            "mi.info",
                                            "mi.note"
                                        ],
                                        "Filter": "(mi.info_type_id = 16)",
                                        "Rows Removed by Filter": 1966500,
                                        "Workers": [
                                            {
                                                "Worker Number": 0,
                                                "Actual Startup Time": 77.829,
                                                "Actual Total Time": 336.301,
                                                "Actual Rows": 383260,
                                                "Actual Loops": 1
                                            },
                                            {
                                                "Worker Number": 1,
                                                "Actual Startup Time": 77.945,
                                                "Actual Total Time": 333.411,
                                                "Actual Rows": 615207,
                                                "Actual Loops": 1
                                            },
                                            {
                                                "Worker Number": 2,
                                                "Actual Startup Time": 77.934,
                                                "Actual Total Time": 332.952,
                                                "Actual Rows": 614616,
                                                "Actual Loops": 1
                                            },
                                            {
                                                "Worker Number": 3,
                                                "Actual Startup Time": 77.875,
                                                "Actual Total Time": 336.253,
                                                "Actual Rows": 371163,
                                                "Actual Loops": 1
                                            },
                                            {
                                                "Worker Number": 4,
                                                "Actual Startup Time": 77.832,
                                                "Actual Total Time": 336.437,
                                                "Actual Rows": 382058,
                                                "Actual Loops": 1
                                            }
                                        ]
                                    },
                                    {
                                        "Node Type": "Hash",
                                        "Parent Relationship": "Inner",
                                        "Parallel Aware": true,
                                        "Startup Cost": 45479.21,
                                        "Total Cost": 45479.21,
                                        "Plan Rows": 114085,
                                        "Plan Width": 4,
                                        "Actual Startup Time": 104.999,
                                        "Actual Total Time": 105.001,
                                        "Actual Rows": 55046,
                                        "Actual Loops": 6,
                                        "Output": [
                                            "t.id"
                                        ],
                                        "Hash Buckets": 524288,
                                        "Original Hash Buckets": 524288,
                                        "Hash Batches": 1,
                                        "Original Hash Batches": 1,
                                        "Peak Memory Usage": 17088,
                                        "Workers": [
                                            {
                                                "Worker Number": 0,
                                                "Actual Startup Time": 104.29,
                                                "Actual Total Time": 104.291,
                                                "Actual Rows": 43256,
                                                "Actual Loops": 1
                                            },
                                            {
                                                "Worker Number": 1,
                                                "Actual Startup Time": 104.9,
                                                "Actual Total Time": 104.901,
                                                "Actual Rows": 62812,
                                                "Actual Loops": 1
                                            },
                                            {
                                                "Worker Number": 2,
                                                "Actual Startup Time": 105.007,
                                                "Actual Total Time": 105.008,
                                                "Actual Rows": 62293,
                                                "Actual Loops": 1
                                            },
                                            {
                                                "Worker Number": 3,
                                                "Actual Startup Time": 104.863,
                                                "Actual Total Time": 104.864,
                                                "Actual Rows": 43186,
                                                "Actual Loops": 1
                                            },
                                            {
                                                "Worker Number": 4,
                                                "Actual Startup Time": 105.582,
                                                "Actual Total Time": 105.583,
                                                "Actual Rows": 43176,
                                                "Actual Loops": 1
                                            }
                                        ],
                                        "Plans": [
                                            {
                                                "Node Type": "Seq Scan",
                                                "Parent Relationship": "Outer",
                                                "Parallel Aware": true,
                                                "Relation Name": "title",
                                                "Schema": "public",
                                                "Alias": "t",
                                                "Startup Cost": 0.0,
                                                "Total Cost": 45479.21,
                                                "Plan Rows": 114085,
                                                "Plan Width": 4,
                                                "Actual Startup Time": 43.924,
                                                "Actual Total Time": 85.028,
                                                "Actual Rows": 55046,
                                                "Actual Loops": 6,
                                                "Output": [
                                                    "t.id"
                                                ],
                                                "Filter": "((t.production_year > 1991) AND (t.kind_id = 1))",
                                                "Rows Removed by Filter": 366339,
                                                "Workers": [
                                                    {
                                                        "Worker Number": 0,
                                                        "Actual Startup Time": 50.659,
                                                        "Actual Total Time": 84.883,
                                                        "Actual Rows": 43256,
                                                        "Actual Loops": 1
                                                    },
                                                    {
                                                        "Worker Number": 1,
                                                        "Actual Startup Time": 6.778,
                                                        "Actual Total Time": 84.979,
                                                        "Actual Rows": 62812,
                                                        "Actual Loops": 1
                                                    },
                                                    {
                                                        "Worker Number": 2,
                                                        "Actual Startup Time": 51.292,
                                                        "Actual Total Time": 85.201,
                                                        "Actual Rows": 62293,
                                                        "Actual Loops": 1
                                                    },
                                                    {
                                                        "Worker Number": 3,
                                                        "Actual Startup Time": 51.407,
                                                        "Actual Total Time": 85.815,
                                                        "Actual Rows": 43186,
                                                        "Actual Loops": 1
                                                    },
                                                    {
                                                        "Worker Number": 4,
                                                        "Actual Startup Time": 51.613,
                                                        "Actual Total Time": 85.932,
                                                        "Actual Rows": 43176,
                                                        "Actual Loops": 1
                                                    }
                                                ]
                                            }
                                        ]
                                    }
                                ]
                            }
                        ]
                    }
                ]
            }
        ]
    },
    "Planning Time": 0.758,
    "Triggers": [],
    "Execution Time": 588.662
}