[
  {
    "Plan": {
      "Node Type": "Aggregate",
      "Strategy": "Plain",
      "Partial Mode": "Finalize",
      "Parallel Aware": false,
      "Startup Cost": 380731.99,
      "Total Cost": 380732.0,
      "Plan Rows": 1,
      "Plan Width": 8,
      "Actual Startup Time": 2001.85,
      "Actual Total Time": 2051.267,
      "Actual Rows": 1,
      "Actual Loops": 1,
      "Plans": [
        {
          "Node Type": "Gather",
          "Parent Relationship": "Outer",
          "Parallel Aware": false,
          "Startup Cost": 380731.37,
          "Total Cost": 380731.98,
          "Plan Rows": 6,
          "Plan Width": 8,
          "Actual Startup Time": 1997.632,
          "Actual Total Time": 2051.258,
          "Actual Rows": 7,
          "Actual Loops": 1,
          "Workers Planned": 6,
          "Workers Launched": 6,
          "Single Copy": false,
          "Plans": [
            {
              "Node Type": "Aggregate",
              "Strategy": "Plain",
              "Partial Mode": "Partial",
              "Parent Relationship": "Outer",
              "Parallel Aware": false,
              "Startup Cost": 379731.37,
              "Total Cost": 379731.38,
              "Plan Rows": 1,
              "Plan Width": 8,
              "Actual Startup Time": 1988.766,
              "Actual Total Time": 1988.77,
              "Actual Rows": 1,
              "Actual Loops": 7,
              "Plans": [
                {
                  "Node Type": "Hash Join",
                  "Parent Relationship": "Outer",
                  "Parallel Aware": true,
                  "Join Type": "Inner",
                  "Startup Cost": 47294.72,
                  "Total Cost": 376261.38,
                  "Plan Rows": 1387994,
                  "Plan Width": 0,
                  "Actual Startup Time": 121.686,
                  "Actual Total Time": 1916.929,
                  "Actual Rows": 1329127,
                  "Actual Loops": 7,
                  "Inner Unique": true,
                  "Hash Cond": "(ci.movie_id = t.id)",
                  "Plans": [
                    {
                      "Node Type": "Seq Scan",
                      "Parent Relationship": "Outer",
                      "Parallel Aware": true,
                      "Relation Name": "cast_info",
                      "Alias": "ci",
                      "Startup Cost": 0.0,
                      "Total Cost": 313106.51,
                      "Plan Rows": 6041951,
                      "Plan Width": 4,
                      "Actual Startup Time": 0.037,
                      "Actual Total Time": 587.518,
                      "Actual Rows": 5177763,
                      "Actual Loops": 7
                    },
                    {
                      "Node Type": "Hash",
                      "Parent Relationship": "Inner",
                      "Parallel Aware": true,
                      "Startup Cost": 45479.59,
                      "Total Cost": 45479.59,
                      "Plan Rows": 145211,
                      "Plan Width": 4,
                      "Actual Startup Time": 119.301,
                      "Actual Total Time": 119.303,
                      "Actual Rows": 84961,
                      "Actual Loops": 7,
                      "Hash Buckets": 1048576,
                      "Original Hash Buckets": 1048576,
                      "Hash Batches": 1,
                      "Original Hash Batches": 1,
                      "Peak Memory Usage": 31584,
                      "Plans": [
                        {
                          "Node Type": "Seq Scan",
                          "Parent Relationship": "Outer",
                          "Parallel Aware": true,
                          "Relation Name": "title",
                          "Alias": "t",
                          "Startup Cost": 0.0,
                          "Total Cost": 45479.59,
                          "Plan Rows": 145211,
                          "Plan Width": 4,
                          "Actual Startup Time": 47.326,
                          "Actual Total Time": 82.028,
                          "Actual Rows": 84961,
                          "Actual Loops": 7,
                          "Filter": "((production_year < 2012) AND (kind_id = 1))",
                          "Rows Removed by Filter": 276226
                        }
                      ]
                    }
                  ]
                }
              ]
            }
          ]
        }
      ]
    },
    "Planning Time": 0.438,
    "Triggers": [],
    "Execution Time": 2051.321
  }
]