{
    "Plan": {
        "Node Type": "Aggregate",
        "Strategy": "Plain",
        "Partial Mode": "Simple",
        "Parallel Aware": false,
        "Startup Cost": 120000876139.18,
        "Total Cost": 120000876139.19,
        "Plan Rows": 1,
        "Plan Width": 96,
        "Actual Startup Time": 18915.807,
        "Actual Total Time": 18915.815,
        "Actual Rows": 1,
        "Actual Loops": 1,
        "Output": [
            "min(chn.name)",
            "min(mi_idx.info)",
            "min(t.title)"
        ],
        "Plans": [
            {
                "Node Type": "Nested Loop",
                "Parent Relationship": "Outer",
                "Parallel Aware": false,
                "Join Type": "Inner",
                "Startup Cost": 120000000005.43,
                "Total Cost": 120000876139.17,
                "Plan Rows": 1,
                "Plan Width": 38,
                "Actual Startup Time": 35.121,
                "Actual Total Time": 18908.88,
                "Actual Rows": 20345,
                "Actual Loops": 1,
                "Output": [
                    "chn.name",
                    "mi_idx.info",
                    "t.title"
                ],
                "Inner Unique": true,
                "Plans": [
                    {
                        "Node Type": "Nested Loop",
                        "Parent Relationship": "Outer",
                        "Parallel Aware": false,
                        "Join Type": "Inner",
                        "Startup Cost": 110000000005.29,
                        "Total Cost": 110000876131.01,
                        "Plan Rows": 1,
                        "Plan Width": 42,
                        "Actual Startup Time": 35.108,
                        "Actual Total Time": 18808.099,
                        "Actual Rows": 25863,
                        "Actual Loops": 1,
                        "Output": [
                            "cc.subject_id",
                            "chn.name",
                            "mi_idx.info",
                            "t.title"
                        ],
                        "Inner Unique": true,
                        "Plans": [
                            {
                                "Node Type": "Nested Loop",
                                "Parent Relationship": "Outer",
                                "Parallel Aware": false,
                                "Join Type": "Inner",
                                "Startup Cost": 100000000004.85,
                                "Total Cost": 100000876126.55,
                                "Plan Rows": 1,
                                "Plan Width": 46,
                                "Actual Startup Time": 35.06,
                                "Actual Total Time": 18604.469,
                                "Actual Rows": 25863,
                                "Actual Loops": 1,
                                "Output": [
                                    "cc.subject_id",
                                    "ci.person_id",
                                    "chn.name",
                                    "mi_idx.info",
                                    "t.title"
                                ],
                                "Inner Unique": true,
                                "Plans": [
                                    {
                                        "Node Type": "Nested Loop",
                                        "Parent Relationship": "Outer",
                                        "Parallel Aware": false,
                                        "Join Type": "Inner",
                                        "Startup Cost": 90000000004.43,
                                        "Total Cost": 90000874794.32,
                                        "Plan Rows": 299,
                                        "Plan Width": 50,
                                        "Actual Startup Time": 11.249,
                                        "Actual Total Time": 8174.175,
                                        "Actual Rows": 2143947,
                                        "Actual Loops": 1,
                                        "Output": [
                                            "cc.subject_id",
                                            "ci.person_id",
                                            "chn.name",
                                            "mi_idx.info",
                                            "mk.keyword_id",
                                            "t.title"
                                        ],
                                        "Inner Unique": false,
                                        "Join Filter": "(t.id = mk.movie_id)",
                                        "Rows Removed by Join Filter": 0,
                                        "Plans": [
                                            {
                                                "Node Type": "Nested Loop",
                                                "Parent Relationship": "Outer",
                                                "Parallel Aware": false,
                                                "Join Type": "Inner",
                                                "Startup Cost": 80000000003.63,
                                                "Total Cost": 80000874425.95,
                                                "Plan Rows": 62,
                                                "Plan Width": 62,
                                                "Actual Startup Time": 11.174,
                                                "Actual Total Time": 7285.027,
                                                "Actual Rows": 23854,
                                                "Actual Loops": 1,
                                                "Output": [
                                                    "cc.movie_id",
                                                    "cc.subject_id",
                                                    "ci.movie_id",
                                                    "ci.person_id",
                                                    "chn.name",
                                                    "mi_idx.info",
                                                    "mi_idx.movie_id",
                                                    "t.title",
                                                    "t.id"
                                                ],
                                                "Inner Unique": true,
                                                "Plans": [
                                                    {
                                                        "Node Type": "Nested Loop",
                                                        "Parent Relationship": "Outer",
                                                        "Parallel Aware": false,
                                                        "Join Type": "Inner",
                                                        "Startup Cost": 70000000003.2,
                                                        "Total Cost": 70000867491.66,
                                                        "Plan Rows": 1556,
                                                        "Plan Width": 50,
                                                        "Actual Startup Time": 0.689,
                                                        "Actual Total Time": 3744.99,
                                                        "Actual Rows": 833537,
                                                        "Actual Loops": 1,
                                                        "Output": [
                                                            "cc.movie_id",
                                                            "cc.subject_id",
                                                            "ci.movie_id",
                                                            "ci.person_role_id",
                                                            "ci.person_id",
                                                            "mi_idx.info",
                                                            "mi_idx.movie_id",
                                                            "t.title",
                                                            "t.id"
                                                        ],
                                                        "Inner Unique": false,
                                                        "Plans": [
                                                            {
                                                                "Node Type": "Nested Loop",
                                                                "Parent Relationship": "Outer",
                                                                "Parallel Aware": false,
                                                                "Join Type": "Inner",
                                                                "Startup Cost": 60000000002.02,
                                                                "Total Cost": 60000867021.18,
                                                                "Plan Rows": 78,
                                                                "Plan Width": 38,
                                                                "Actual Startup Time": 0.532,
                                                                "Actual Total Time": 1753.127,
                                                                "Actual Rows": 9892,
                                                                "Actual Loops": 1,
                                                                "Output": [
                                                                    "cc.movie_id",
                                                                    "cc.subject_id",
                                                                    "mi_idx.info",
                                                                    "mi_idx.movie_id",
                                                                    "t.title",
                                                                    "t.id"
                                                                ],
                                                                "Inner Unique": true,
                                                                "Plans": [
                                                                    {
                                                                        "Node Type": "Nested Loop",
                                                                        "Parent Relationship": "Outer",
                                                                        "Parallel Aware": false,
                                                                        "Join Type": "Inner",
                                                                        "Startup Cost": 50000000001.87,
                                                                        "Total Cost": 50000830137.06,
                                                                        "Plan Rows": 8855,
                                                                        "Plan Width": 42,
                                                                        "Actual Startup Time": 0.499,
                                                                        "Actual Total Time": 1638.2,
                                                                        "Actual Rows": 29793,
                                                                        "Actual Loops": 1,
                                                                        "Output": [
                                                                            "cc.movie_id",
                                                                            "cc.subject_id",
                                                                            "mi_idx.info",
                                                                            "mi_idx.movie_id",
                                                                            "mi_idx.info_type_id",
                                                                            "t.title",
                                                                            "t.id"
                                                                        ],
                                                                        "Inner Unique": false,
                                                                        "Plans": [
                                                                            {
                                                                                "Node Type": "Nested Loop",
                                                                                "Parent Relationship": "Outer",
                                                                                "Parallel Aware": false,
                                                                                "Join Type": "Inner",
                                                                                "Startup Cost": 40000000001.4,
                                                                                "Total Cost": 40000815947.31,
                                                                                "Plan Rows": 3130,
                                                                                "Plan Width": 29,
                                                                                "Actual Startup Time": 0.402,
                                                                                "Actual Total Time": 1540.411,
                                                                                "Actual Rows": 11429,
                                                                                "Actual Loops": 1,
                                                                                "Output": [
                                                                                    "cc.movie_id",
                                                                                    "cc.subject_id",
                                                                                    "t.title",
                                                                                    "t.id"
                                                                                ],
                                                                                "Inner Unique": true,
                                                                                "Plans": [
                                                                                    {
                                                                                        "Node Type": "Nested Loop",
                                                                                        "Parent Relationship": "Outer",
                                                                                        "Parallel Aware": false,
                                                                                        "Join Type": "Inner",
                                                                                        "Startup Cost": 30000000001.26,
                                                                                        "Total Cost": 30000724870.22,
                                                                                        "Plan Rows": 21911,
                                                                                        "Plan Width": 33,
                                                                                        "Actual Startup Time": 0.374,
                                                                                        "Actual Total Time": 1343.441,
                                                                                        "Actual Rows": 53033,
                                                                                        "Actual Loops": 1,
                                                                                        "Output": [
                                                                                            "cc.movie_id",
                                                                                            "cc.subject_id",
                                                                                            "t.title",
                                                                                            "t.kind_id",
                                                                                            "t.id"
                                                                                        ],
                                                                                        "Inner Unique": true,
                                                                                        "Plans": [
                                                                                            {
                                                                                                "Node Type": "Nested Loop",
                                                                                                "Parent Relationship": "Outer",
                                                                                                "Parallel Aware": false,
                                                                                                "Join Type": "Inner",
                                                                                                "Startup Cost": 20000000000.56,
                                                                                                "Total Cost": 20000565488.82,
                                                                                                "Plan Rows": 33772,
                                                                                                "Plan Width": 8,
                                                                                                "Actual Startup Time": 0.09,
                                                                                                "Actual Total Time": 559.724,
                                                                                                "Actual Rows": 135086,
                                                                                                "Actual Loops": 1,
                                                                                                "Output": [
                                                                                                    "cc.movie_id",
                                                                                                    "cc.subject_id"
                                                                                                ],
                                                                                                "Inner Unique": true,
                                                                                                "Plans": [
                                                                                                    {
                                                                                                        "Node Type": "Index Scan",
                                                                                                        "Parent Relationship": "Outer",
                                                                                                        "Parallel Aware": false,
                                                                                                        "Scan Direction": "Forward",
                                                                                                        "Index Name": "subject_id_complete_cast",
                                                                                                        "Relation Name": "complete_cast",
                                                                                                        "Schema": "public",
                                                                                                        "Alias": "cc",
                                                                                                        "Startup Cost": 10000000000.42,
                                                                                                        "Total Cost": 10000004164.71,
                                                                                                        "Plan Rows": 135086,
                                                                                                        "Plan Width": 12,
                                                                                                        "Actual Startup Time": 0.066,
                                                                                                        "Actual Total Time": 44.892,
                                                                                                        "Actual Rows": 135086,
                                                                                                        "Actual Loops": 1,
                                                                                                        "Output": [
                                                                                                            "cc.id",
                                                                                                            "cc.movie_id",
                                                                                                            "cc.subject_id",
                                                                                                            "cc.status_id"
                                                                                                        ]
                                                                                                    },
                                                                                                    {
                                                                                                        "Node Type": "Bitmap Heap Scan",
                                                                                                        "Parent Relationship": "Inner",
                                                                                                        "Parallel Aware": false,
                                                                                                        "Relation Name": "comp_cast_type",
                                                                                                        "Schema": "public",
                                                                                                        "Alias": "cct2",
                                                                                                        "Startup Cost": 0.14,
                                                                                                        "Total Cost": 4.15,
                                                                                                        "Plan Rows": 1,
                                                                                                        "Plan Width": 4,
                                                                                                        "Actual Startup Time": 0.002,
                                                                                                        "Actual Total Time": 0.002,
                                                                                                        "Actual Rows": 1,
                                                                                                        "Actual Loops": 135086,
                                                                                                        "Output": [
                                                                                                            "cct2.id",
                                                                                                            "cct2.kind"
                                                                                                        ],
                                                                                                        "Recheck Cond": "(cct2.id = cc.status_id)",
                                                                                                        "Rows Removed by Index Recheck": 0,
                                                                                                        "Filter": "((cct2.kind)::text ~~ '%complete%'::text)",
                                                                                                        "Rows Removed by Filter": 0,
                                                                                                        "Exact Heap Blocks": 135086,
                                                                                                        "Lossy Heap Blocks": 0,
                                                                                                        "Plans": [
                                                                                                            {
                                                                                                                "Node Type": "Bitmap Index Scan",
                                                                                                                "Parent Relationship": "Outer",
                                                                                                                "Parallel Aware": false,
                                                                                                                "Index Name": "comp_cast_type_pkey",
                                                                                                                "Startup Cost": 0.0,
                                                                                                                "Total Cost": 0.14,
                                                                                                                "Plan Rows": 1,
                                                                                                                "Plan Width": 0,
                                                                                                                "Actual Startup Time": 0.001,
                                                                                                                "Actual Total Time": 0.001,
                                                                                                                "Actual Rows": 1,
                                                                                                                "Actual Loops": 135086,
                                                                                                                "Index Cond": "(cct2.id = cc.status_id)"
                                                                                                            }
                                                                                                        ]
                                                                                                    }
                                                                                                ]
                                                                                            },
                                                                                            {
                                                                                                "Node Type": "Bitmap Heap Scan",
                                                                                                "Parent Relationship": "Inner",
                                                                                                "Parallel Aware": false,
                                                                                                "Relation Name": "title",
                                                                                                "Schema": "public",
                                                                                                "Alias": "t",
                                                                                                "Startup Cost": 0.7,
                                                                                                "Total Cost": 4.72,
                                                                                                "Plan Rows": 1,
                                                                                                "Plan Width": 25,
                                                                                                "Actual Startup Time": 0.004,
                                                                                                "Actual Total Time": 0.004,
                                                                                                "Actual Rows": 0,
                                                                                                "Actual Loops": 135086,
                                                                                                "Output": [
                                                                                                    "t.id",
                                                                                                    "t.title",
                                                                                                    "t.imdb_index",
                                                                                                    "t.kind_id",
                                                                                                    "t.production_year",
                                                                                                    "t.imdb_id",
                                                                                                    "t.phonetic_code",
                                                                                                    "t.episode_of_id",
                                                                                                    "t.season_nr",
                                                                                                    "t.episode_nr",
                                                                                                    "t.series_years",
                                                                                                    "t.md5sum"
                                                                                                ],
                                                                                                "Recheck Cond": "(t.id = cc.movie_id)",
                                                                                                "Rows Removed by Index Recheck": 0,
                                                                                                "Filter": "(t.production_year > 1994)",
                                                                                                "Rows Removed by Filter": 1,
                                                                                                "Exact Heap Blocks": 135086,
                                                                                                "Lossy Heap Blocks": 0,
                                                                                                "Plans": [
                                                                                                    {
                                                                                                        "Node Type": "Bitmap Index Scan",
                                                                                                        "Parent Relationship": "Outer",
                                                                                                        "Parallel Aware": false,
                                                                                                        "Index Name": "title_pkey",
                                                                                                        "Startup Cost": 0.0,
                                                                                                        "Total Cost": 0.7,
                                                                                                        "Plan Rows": 1,
                                                                                                        "Plan Width": 0,
                                                                                                        "Actual Startup Time": 0.002,
                                                                                                        "Actual Total Time": 0.002,
                                                                                                        "Actual Rows": 1,
                                                                                                        "Actual Loops": 135086,
                                                                                                        "Index Cond": "(t.id = cc.movie_id)"
                                                                                                    }
                                                                                                ]
                                                                                            }
                                                                                        ]
                                                                                    },
                                                                                    {
                                                                                        "Node Type": "Bitmap Heap Scan",
                                                                                        "Parent Relationship": "Inner",
                                                                                        "Parallel Aware": false,
                                                                                        "Relation Name": "kind_type",
                                                                                        "Schema": "public",
                                                                                        "Alias": "kt",
                                                                                        "Startup Cost": 0.14,
                                                                                        "Total Cost": 4.16,
                                                                                        "Plan Rows": 1,
                                                                                        "Plan Width": 4,
                                                                                        "Actual Startup Time": 0.002,
                                                                                        "Actual Total Time": 0.002,
                                                                                        "Actual Rows": 0,
                                                                                        "Actual Loops": 53033,
                                                                                        "Output": [
                                                                                            "kt.id",
                                                                                            "kt.kind"
                                                                                        ],
                                                                                        "Recheck Cond": "(kt.id = t.kind_id)",
                                                                                        "Rows Removed by Index Recheck": 0,
                                                                                        "Filter": "((kt.kind)::text = 'movie'::text)",
                                                                                        "Rows Removed by Filter": 1,
                                                                                        "Exact Heap Blocks": 53033,
                                                                                        "Lossy Heap Blocks": 0,
                                                                                        "Plans": [
                                                                                            {
                                                                                                "Node Type": "Bitmap Index Scan",
                                                                                                "Parent Relationship": "Outer",
                                                                                                "Parallel Aware": false,
                                                                                                "Index Name": "kind_type_pkey",
                                                                                                "Startup Cost": 0.0,
                                                                                                "Total Cost": 0.14,
                                                                                                "Plan Rows": 1,
                                                                                                "Plan Width": 0,
                                                                                                "Actual Startup Time": 0.001,
                                                                                                "Actual Total Time": 0.001,
                                                                                                "Actual Rows": 1,
                                                                                                "Actual Loops": 53033,
                                                                                                "Index Cond": "(kt.id = t.kind_id)"
                                                                                            }
                                                                                        ]
                                                                                    }
                                                                                ]
                                                                            },
                                                                            {
                                                                                "Node Type": "Bitmap Heap Scan",
                                                                                "Parent Relationship": "Inner",
                                                                                "Parallel Aware": false,
                                                                                "Relation Name": "movie_info_idx",
                                                                                "Schema": "public",
                                                                                "Alias": "mi_idx",
                                                                                "Startup Cost": 0.47,
                                                                                "Total Cost": 4.5,
                                                                                "Plan Rows": 3,
                                                                                "Plan Width": 13,
                                                                                "Actual Startup Time": 0.006,
                                                                                "Actual Total Time": 0.006,
                                                                                "Actual Rows": 3,
                                                                                "Actual Loops": 11429,
                                                                                "Output": [
                                                                                    "mi_idx.id",
                                                                                    "mi_idx.movie_id",
                                                                                    "mi_idx.info_type_id",
                                                                                    "mi_idx.info",
                                                                                    "mi_idx.note"
                                                                                ],
                                                                                "Recheck Cond": "(mi_idx.movie_id = t.id)",
                                                                                "Rows Removed by Index Recheck": 0,
                                                                                "Exact Heap Blocks": 10111,
                                                                                "Lossy Heap Blocks": 0,
                                                                                "Plans": [
                                                                                    {
                                                                                        "Node Type": "Bitmap Index Scan",
                                                                                        "Parent Relationship": "Outer",
                                                                                        "Parallel Aware": false,
                                                                                        "Index Name": "movie_id_movie_info_idx",
                                                                                        "Startup Cost": 0.0,
                                                                                        "Total Cost": 0.47,
                                                                                        "Plan Rows": 3,
                                                                                        "Plan Width": 0,
                                                                                        "Actual Startup Time": 0.004,
                                                                                        "Actual Total Time": 0.004,
                                                                                        "Actual Rows": 3,
                                                                                        "Actual Loops": 11429,
                                                                                        "Index Cond": "(mi_idx.movie_id = t.id)"
                                                                                    }
                                                                                ]
                                                                            }
                                                                        ]
                                                                    },
                                                                    {
                                                                        "Node Type": "Bitmap Heap Scan",
                                                                        "Parent Relationship": "Inner",
                                                                        "Parallel Aware": false,
                                                                        "Relation Name": "info_type",
                                                                        "Schema": "public",
                                                                        "Alias": "it2",
                                                                        "Startup Cost": 0.15,
                                                                        "Total Cost": 4.17,
                                                                        "Plan Rows": 1,
                                                                        "Plan Width": 4,
                                                                        "Actual Startup Time": 0.002,
                                                                        "Actual Total Time": 0.002,
                                                                        "Actual Rows": 0,
                                                                        "Actual Loops": 29793,
                                                                        "Output": [
                                                                            "it2.id",
                                                                            "it2.info"
                                                                        ],
                                                                        "Recheck Cond": "(it2.id = mi_idx.info_type_id)",
                                                                        "Rows Removed by Index Recheck": 0,
                                                                        "Filter": "((it2.info)::text = 'rating'::text)",
                                                                        "Rows Removed by Filter": 1,
                                                                        "Exact Heap Blocks": 29793,
                                                                        "Lossy Heap Blocks": 0,
                                                                        "Plans": [
                                                                            {
                                                                                "Node Type": "Bitmap Index Scan",
                                                                                "Parent Relationship": "Outer",
                                                                                "Parallel Aware": false,
                                                                                "Index Name": "info_type_pkey",
                                                                                "Startup Cost": 0.0,
                                                                                "Total Cost": 0.15,
                                                                                "Plan Rows": 1,
                                                                                "Plan Width": 0,
                                                                                "Actual Startup Time": 0.001,
                                                                                "Actual Total Time": 0.001,
                                                                                "Actual Rows": 1,
                                                                                "Actual Loops": 29793,
                                                                                "Index Cond": "(it2.id = mi_idx.info_type_id)"
                                                                            }
                                                                        ]
                                                                    }
                                                                ]
                                                            },
                                                            {
                                                                "Node Type": "Bitmap Heap Scan",
                                                                "Parent Relationship": "Inner",
                                                                "Parallel Aware": false,
                                                                "Relation Name": "cast_info",
                                                                "Schema": "public",
                                                                "Alias": "ci",
                                                                "Startup Cost": 1.18,
                                                                "Total Cost": 5.65,
                                                                "Plan Rows": 38,
                                                                "Plan Width": 12,
                                                                "Actual Startup Time": 0.022,
                                                                "Actual Total Time": 0.185,
                                                                "Actual Rows": 84,
                                                                "Actual Loops": 9892,
                                                                "Output": [
                                                                    "ci.id",
                                                                    "ci.person_id",
                                                                    "ci.movie_id",
                                                                    "ci.person_role_id",
                                                                    "ci.note",
                                                                    "ci.nr_order",
                                                                    "ci.role_id"
                                                                ],
                                                                "Recheck Cond": "(ci.movie_id = t.id)",
                                                                "Rows Removed by Index Recheck": 0,
                                                                "Exact Heap Blocks": 810706,
                                                                "Lossy Heap Blocks": 0,
                                                                "Plans": [
                                                                    {
                                                                        "Node Type": "Bitmap Index Scan",
                                                                        "Parent Relationship": "Outer",
                                                                        "Parallel Aware": false,
                                                                        "Index Name": "movie_id_cast_info",
                                                                        "Startup Cost": 0.0,
                                                                        "Total Cost": 1.17,
                                                                        "Plan Rows": 38,
                                                                        "Plan Width": 0,
                                                                        "Actual Startup Time": 0.014,
                                                                        "Actual Total Time": 0.014,
                                                                        "Actual Rows": 84,
                                                                        "Actual Loops": 9892,
                                                                        "Index Cond": "(ci.movie_id = t.id)"
                                                                    }
                                                                ]
                                                            }
                                                        ]
                                                    },
                                                    {
                                                        "Node Type": "Bitmap Heap Scan",
                                                        "Parent Relationship": "Inner",
                                                        "Parallel Aware": false,
                                                        "Relation Name": "char_name",
                                                        "Schema": "public",
                                                        "Alias": "chn",
                                                        "Startup Cost": 0.44,
                                                        "Total Cost": 4.46,
                                                        "Plan Rows": 1,
                                                        "Plan Width": 20,
                                                        "Actual Startup Time": 0.003,
                                                        "Actual Total Time": 0.003,
                                                        "Actual Rows": 0,
                                                        "Actual Loops": 833537,
                                                        "Output": [
                                                            "chn.id",
                                                            "chn.name",
                                                            "chn.imdb_index",
                                                            "chn.imdb_id",
                                                            "chn.name_pcode_nf",
                                                            "chn.surname_pcode",
                                                            "chn.md5sum"
                                                        ],
                                                        "Recheck Cond": "(chn.id = ci.person_role_id)",
                                                        "Rows Removed by Index Recheck": 0,
                                                        "Filter": "((chn.name IS NOT NULL) AND ((chn.name ~~ '%man%'::text) OR (chn.name ~~ '%Man%'::text)))",
                                                        "Rows Removed by Filter": 0,
                                                        "Exact Heap Blocks": 365576,
                                                        "Lossy Heap Blocks": 0,
                                                        "Plans": [
                                                            {
                                                                "Node Type": "Bitmap Index Scan",
                                                                "Parent Relationship": "Outer",
                                                                "Parallel Aware": false,
                                                                "Index Name": "char_name_pkey",
                                                                "Startup Cost": 0.0,
                                                                "Total Cost": 0.44,
                                                                "Plan Rows": 1,
                                                                "Plan Width": 0,
                                                                "Actual Startup Time": 0.002,
                                                                "Actual Total Time": 0.002,
                                                                "Actual Rows": 0,
                                                                "Actual Loops": 833537,
                                                                "Index Cond": "(chn.id = ci.person_role_id)"
                                                            }
                                                        ]
                                                    }
                                                ]
                                            },
                                            {
                                                "Node Type": "Bitmap Heap Scan",
                                                "Parent Relationship": "Inner",
                                                "Parallel Aware": false,
                                                "Relation Name": "movie_keyword",
                                                "Schema": "public",
                                                "Alias": "mk",
                                                "Startup Cost": 0.79,
                                                "Total Cost": 5.37,
                                                "Plan Rows": 46,
                                                "Plan Width": 8,
                                                "Actual Startup Time": 0.008,
                                                "Actual Total Time": 0.019,
                                                "Actual Rows": 90,
                                                "Actual Loops": 23854,
                                                "Output": [
                                                    "mk.id",
                                                    "mk.movie_id",
                                                    "mk.keyword_id"
                                                ],
                                                "Recheck Cond": "(mk.movie_id = ci.movie_id)",
                                                "Rows Removed by Index Recheck": 0,
                                                "Exact Heap Blocks": 34185,
                                                "Lossy Heap Blocks": 0,
                                                "Plans": [
                                                    {
                                                        "Node Type": "Bitmap Index Scan",
                                                        "Parent Relationship": "Outer",
                                                        "Parallel Aware": false,
                                                        "Index Name": "movie_id_movie_keyword",
                                                        "Startup Cost": 0.0,
                                                        "Total Cost": 0.78,
                                                        "Plan Rows": 46,
                                                        "Plan Width": 0,
                                                        "Actual Startup Time": 0.005,
                                                        "Actual Total Time": 0.005,
                                                        "Actual Rows": 90,
                                                        "Actual Loops": 23854,
                                                        "Index Cond": "(mk.movie_id = ci.movie_id)"
                                                    }
                                                ]
                                            }
                                        ]
                                    },
                                    {
                                        "Node Type": "Bitmap Heap Scan",
                                        "Parent Relationship": "Inner",
                                        "Parallel Aware": false,
                                        "Relation Name": "keyword",
                                        "Schema": "public",
                                        "Alias": "k",
                                        "Startup Cost": 0.43,
                                        "Total Cost": 4.45,
                                        "Plan Rows": 1,
                                        "Plan Width": 4,
                                        "Actual Startup Time": 0.003,
                                        "Actual Total Time": 0.003,
                                        "Actual Rows": 0,
                                        "Actual Loops": 2143947,
                                        "Output": [
                                            "k.id",
                                            "k.keyword",
                                            "k.phonetic_code"
                                        ],
                                        "Recheck Cond": "(k.id = mk.keyword_id)",
                                        "Rows Removed by Index Recheck": 0,
                                        "Filter": "(k.keyword = ANY ('{magnet,murder,sequel,violence,violence,second-part,sequel,revenge,fight,blood}'::text[]))",
                                        "Rows Removed by Filter": 1,
                                        "Exact Heap Blocks": 2143947,
                                        "Lossy Heap Blocks": 0,
                                        "Plans": [
                                            {
                                                "Node Type": "Bitmap Index Scan",
                                                "Parent Relationship": "Outer",
                                                "Parallel Aware": false,
                                                "Index Name": "keyword_pkey",
                                                "Startup Cost": 0.0,
                                                "Total Cost": 0.43,
                                                "Plan Rows": 1,
                                                "Plan Width": 0,
                                                "Actual Startup Time": 0.002,
                                                "Actual Total Time": 0.002,
                                                "Actual Rows": 1,
                                                "Actual Loops": 2143947,
                                                "Index Cond": "(k.id = mk.keyword_id)"
                                            }
                                        ]
                                    }
                                ]
                            },
                            {
                                "Node Type": "Bitmap Heap Scan",
                                "Parent Relationship": "Inner",
                                "Parallel Aware": false,
                                "Relation Name": "name",
                                "Schema": "public",
                                "Alias": "n",
                                "Startup Cost": 0.44,
                                "Total Cost": 4.45,
                                "Plan Rows": 1,
                                "Plan Width": 4,
                                "Actual Startup Time": 0.006,
                                "Actual Total Time": 0.006,
                                "Actual Rows": 1,
                                "Actual Loops": 25863,
                                "Output": [
                                    "n.id",
                                    "n.name",
                                    "n.imdb_index",
                                    "n.imdb_id",
                                    "n.gender",
                                    "n.name_pcode_cf",
                                    "n.name_pcode_nf",
                                    "n.surname_pcode",
                                    "n.md5sum"
                                ],
                                "Recheck Cond": "(n.id = ci.person_id)",
                                "Rows Removed by Index Recheck": 0,
                                "Exact Heap Blocks": 25863,
                                "Lossy Heap Blocks": 0,
                                "Plans": [
                                    {
                                        "Node Type": "Bitmap Index Scan",
                                        "Parent Relationship": "Outer",
                                        "Parallel Aware": false,
                                        "Index Name": "name_pkey",
                                        "Startup Cost": 0.0,
                                        "Total Cost": 0.44,
                                        "Plan Rows": 1,
                                        "Plan Width": 0,
                                        "Actual Startup Time": 0.004,
                                        "Actual Total Time": 0.004,
                                        "Actual Rows": 1,
                                        "Actual Loops": 25863,
                                        "Index Cond": "(n.id = ci.person_id)"
                                    }
                                ]
                            }
                        ]
                    },
                    {
                        "Node Type": "Bitmap Heap Scan",
                        "Parent Relationship": "Inner",
                        "Parallel Aware": false,
                        "Relation Name": "comp_cast_type",
                        "Schema": "public",
                        "Alias": "cct1",
                        "Startup Cost": 0.14,
                        "Total Cost": 4.15,
                        "Plan Rows": 1,
                        "Plan Width": 4,
                        "Actual Startup Time": 0.002,
                        "Actual Total Time": 0.002,
                        "Actual Rows": 1,
                        "Actual Loops": 25863,
                        "Output": [
                            "cct1.id",
                            "cct1.kind"
                        ],
                        "Recheck Cond": "(cct1.id = cc.subject_id)",
                        "Rows Removed by Index Recheck": 0,
                        "Filter": "((cct1.kind)::text = 'cast'::text)",
                        "Rows Removed by Filter": 0,
                        "Exact Heap Blocks": 25863,
                        "Lossy Heap Blocks": 0,
                        "Plans": [
                            {
                                "Node Type": "Bitmap Index Scan",
                                "Parent Relationship": "Outer",
                                "Parallel Aware": false,
                                "Index Name": "comp_cast_type_pkey",
                                "Startup Cost": 0.0,
                                "Total Cost": 0.14,
                                "Plan Rows": 1,
                                "Plan Width": 0,
                                "Actual Startup Time": 0.001,
                                "Actual Total Time": 0.001,
                                "Actual Rows": 1,
                                "Actual Loops": 25863,
                                "Index Cond": "(cct1.id = cc.subject_id)"
                            }
                        ]
                    }
                ]
            }
        ]
    },
    "Planning Time": 60.093,
    "Triggers": [],
    "Execution Time": 18916.424
}