[
  {
    "Plan": {
      "Node Type": "Aggregate",
      "Strategy": "Plain",
      "Partial Mode": "Finalize",
      "Parallel Aware": false,
      "Startup Cost": 166801.38,
      "Total Cost": 166801.39,
      "Plan Rows": 1,
      "Plan Width": 8,
      "Actual Startup Time": 290.617,
      "Actual Total Time": 323.16,
      "Actual Rows": 1,
      "Actual Loops": 1,
      "Plans": [
        {
          "Node Type": "Gather",
          "Parent Relationship": "Outer",
          "Parallel Aware": false,
          "Startup Cost": 166800.86,
          "Total Cost": 166801.37,
          "Plan Rows": 5,
          "Plan Width": 8,
          "Actual Startup Time": 290.258,
          "Actual Total Time": 323.149,
          "Actual Rows": 6,
          "Actual Loops": 1,
          "Workers Planned": 5,
          "Workers Launched": 5,
          "Single Copy": false,
          "Plans": [
            {
              "Node Type": "Aggregate",
              "Strategy": "Plain",
              "Partial Mode": "Partial",
              "Parent Relationship": "Outer",
              "Parallel Aware": false,
              "Startup Cost": 165800.86,
              "Total Cost": 165800.87,
              "Plan Rows": 1,
              "Plan Width": 8,
              "Actual Startup Time": 278.865,
              "Actual Total Time": 278.871,
              "Actual Rows": 1,
              "Actual Loops": 6,
              "Plans": [
                {
                  "Node Type": "Nested Loop",
                  "Parent Relationship": "Outer",
                  "Parallel Aware": false,
                  "Join Type": "Inner",
                  "Startup Cost": 45547.59,
                  "Total Cost": 165795.54,
                  "Plan Rows": 2129,
                  "Plan Width": 0,
                  "Actual Startup Time": 95.178,
                  "Actual Total Time": 278.137,
                  "Actual Rows": 10272,
                  "Actual Loops": 6,
                  "Inner Unique": false,
                  "Join Filter": "(t.id = mi.movie_id)",
                  "Rows Removed by Join Filter": 0,
                  "Plans": [
                    {
                      "Node Type": "Hash Join",
                      "Parent Relationship": "Outer",
                      "Parallel Aware": true,
                      "Join Type": "Inner",
                      "Startup Cost": 45547.15,
                      "Total Cost": 163725.96,
                      "Plan Rows": 363,
                      "Plan Width": 8,
                      "Actual Startup Time": 95.044,
                      "Actual Total Time": 261.908,
                      "Actual Rows": 123,
                      "Actual Loops": 6,
                      "Inner Unique": true,
                      "Hash Cond": "(ci.movie_id = t.id)",
                      "Plans": [
                        {
                          "Node Type": "Index Scan",
                          "Parent Relationship": "Outer",
                          "Parallel Aware": true,
                          "Scan Direction": "Forward",
                          "Index Name": "role_id_cast_info",
                          "Relation Name": "cast_info",
                          "Alias": "ci",
                          "Startup Cost": 0.56,
                          "Total Cost": 118067.1,
                          "Plan Rows": 42768,
                          "Plan Width": 4,
                          "Actual Startup Time": 0.188,
                          "Actual Total Time": 164.989,
                          "Actual Rows": 11456,
                          "Actual Loops": 6,
                          "Index Cond": "(role_id = 10)",
                          "Rows Removed by Index Recheck": 0,
                          "Filter": "(person_id < 182023)",
                          "Rows Removed by Filter": 709048
                        },
                        {
                          "Node Type": "Hash",
                          "Parent Relationship": "Inner",
                          "Parallel Aware": true,
                          "Startup Cost": 45479.59,
                          "Total Cost": 45479.59,
                          "Plan Rows": 5360,
                          "Plan Width": 4,
                          "Actual Startup Time": 93.023,
                          "Actual Total Time": 93.024,
                          "Actual Rows": 2893,
                          "Actual Loops": 6,
                          "Hash Buckets": 32768,
                          "Original Hash Buckets": 32768,
                          "Hash Batches": 1,
                          "Original Hash Batches": 1,
                          "Peak Memory Usage": 992,
                          "Plans": [
                            {
                              "Node Type": "Seq Scan",
                              "Parent Relationship": "Outer",
                              "Parallel Aware": true,
                              "Relation Name": "title",
                              "Alias": "t",
                              "Startup Cost": 0.0,
                              "Total Cost": 45479.59,
                              "Plan Rows": 5360,
                              "Plan Width": 4,
                              "Actual Startup Time": 0.474,
                              "Actual Total Time": 91.035,
                              "Actual Rows": 2893,
                              "Actual Loops": 6,
                              "Filter": "((kind_id < 7) AND (production_year = 2000))",
                              "Rows Removed by Filter": 418492
                            }
                          ]
                        }
                      ]
                    },
                    {
                      "Node Type": "Index Only Scan",
                      "Parent Relationship": "Inner",
                      "Parallel Aware": false,
                      "Scan Direction": "Forward",
                      "Index Name": "movie_id_movie_info",
                      "Relation Name": "movie_info",
                      "Alias": "mi",
                      "Startup Cost": 0.43,
                      "Total Cost": 5.19,
                      "Plan Rows": 41,
                      "Plan Width": 4,
                      "Actual Startup Time": 0.027,
                      "Actual Total Time": 0.12,
                      "Actual Rows": 83,
                      "Actual Loops": 739,
                      "Index Cond": "(movie_id = ci.movie_id)",
                      "Rows Removed by Index Recheck": 0,
                      "Heap Fetches": 61632
                    }
                  ]
                }
              ]
            }
          ]
        }
      ]
    },
    "Planning Time": 1.247,
    "Triggers": [],
    "Execution Time": 323.254
  }
]