[
  {
    "Plan": {
      "Node Type": "Aggregate",
      "Strategy": "Plain",
      "Partial Mode": "Finalize",
      "Parallel Aware": false,
      "Startup Cost": 297006.73,
      "Total Cost": 297006.74,
      "Plan Rows": 1,
      "Plan Width": 8,
      "Actual Startup Time": 168.897,
      "Actual Total Time": 177.086,
      "Actual Rows": 1,
      "Actual Loops": 1,
      "Plans": [
        {
          "Node Type": "Gather",
          "Parent Relationship": "Outer",
          "Parallel Aware": false,
          "Startup Cost": 297006.11,
          "Total Cost": 297006.72,
          "Plan Rows": 6,
          "Plan Width": 8,
          "Actual Startup Time": 168.604,
          "Actual Total Time": 177.078,
          "Actual Rows": 7,
          "Actual Loops": 1,
          "Workers Planned": 6,
          "Workers Launched": 6,
          "Single Copy": false,
          "Plans": [
            {
              "Node Type": "Aggregate",
              "Strategy": "Plain",
              "Partial Mode": "Partial",
              "Parent Relationship": "Outer",
              "Parallel Aware": false,
              "Startup Cost": 296006.11,
              "Total Cost": 296006.12,
              "Plan Rows": 1,
              "Plan Width": 8,
              "Actual Startup Time": 159.784,
              "Actual Total Time": 159.785,
              "Actual Rows": 1,
              "Actual Loops": 7,
              "Plans": [
                {
                  "Node Type": "Bitmap Heap Scan",
                  "Parent Relationship": "Outer",
                  "Parallel Aware": true,
                  "Relation Name": "cast_info",
                  "Alias": "ci",
                  "Startup Cost": 38914.58,
                  "Total Cost": 295272.02,
                  "Plan Rows": 293635,
                  "Plan Width": 0,
                  "Actual Startup Time": 80.223,
                  "Actual Total Time": 144.868,
                  "Actual Rows": 254268,
                  "Actual Loops": 7,
                  "Recheck Cond": "(person_id < 176984)",
                  "Rows Removed by Index Recheck": 0,
                  "Exact Heap Blocks": 4508,
                  "Lossy Heap Blocks": 0,
                  "Plans": [
                    {
                      "Node Type": "Bitmap Index Scan",
                      "Parent Relationship": "Outer",
                      "Parallel Aware": false,
                      "Index Name": "person_id_cast_info",
                      "Startup Cost": 0.0,
                      "Total Cost": 38474.13,
                      "Plan Rows": 1761809,
                      "Plan Width": 0,
                      "Actual Startup Time": 85.087,
                      "Actual Total Time": 85.088,
                      "Actual Rows": 1779878,
                      "Actual Loops": 1,
                      "Index Cond": "(person_id < 176984)"
                    }
                  ]
                }
              ]
            }
          ]
        }
      ]
    },
    "Planning Time": 0.167,
    "Triggers": [],
    "Execution Time": 177.151
  }
]