[
  {
    "Plan": {
      "Node Type": "Aggregate",
      "Strategy": "Plain",
      "Partial Mode": "Simple",
      "Parallel Aware": false,
      "Startup Cost": 15320.35,
      "Total Cost": 15320.36,
      "Plan Rows": 1,
      "Plan Width": 96,
      "Actual Startup Time": 5735.606,
      "Actual Total Time": 5735.61,
      "Actual Rows": 1,
      "Actual Loops": 1,
      "Plans": [
        {
          "Node Type": "Nested Loop",
          "Parent Relationship": "Outer",
          "Parallel Aware": false,
          "Join Type": "Inner",
          "Startup Cost": 12.22,
          "Total Cost": 15320.34,
          "Plan Rows": 1,
          "Plan Width": 48,
          "Actual Startup Time": 28.328,
          "Actual Total Time": 5734.049,
          "Actual Rows": 2912,
          "Actual Loops": 1,
          "Inner Unique": true,
          "Plans": [
            {
              "Node Type": "Nested Loop",
              "Parent Relationship": "Outer",
              "Parallel Aware": false,
              "Join Type": "Inner",
              "Startup Cost": 11.79,
              "Total Cost": 12768.6,
              "Plan Rows": 5574,
              "Plan Width": 37,
              "Actual Startup Time": 1.716,
              "Actual Total Time": 2117.757,
              "Actual Rows": 945596,
              "Actual Loops": 1,
              "Inner Unique": false,
              "Join Filter": "(t.id = ci.movie_id)",
              "Rows Removed by Join Filter": 0,
              "Plans": [
                {
                  "Node Type": "Nested Loop",
                  "Parent Relationship": "Outer",
                  "Parallel Aware": false,
                  "Join Type": "Inner",
                  "Startup Cost": 11.23,
                  "Total Cost": 12456.05,
                  "Plan Rows": 160,
                  "Plan Width": 41,
                  "Actual Startup Time": 1.613,
                  "Actual Total Time": 365.229,
                  "Actual Rows": 22054,
                  "Actual Loops": 1,
                  "Inner Unique": true,
                  "Plans": [
                    {
                      "Node Type": "Nested Loop",
                      "Parent Relationship": "Outer",
                      "Parallel Aware": false,
                      "Join Type": "Inner",
                      "Startup Cost": 10.8,
                      "Total Cost": 12323.81,
                      "Plan Rows": 270,
                      "Plan Width": 20,
                      "Actual Startup Time": 1.545,
                      "Actual Total Time": 117.358,
                      "Actual Rows": 65597,
                      "Actual Loops": 1,
                      "Inner Unique": false,
                      "Plans": [
                        {
                          "Node Type": "Seq Scan",
                          "Parent Relationship": "Outer",
                          "Parallel Aware": false,
                          "Relation Name": "keyword",
                          "Alias": "k",
                          "Startup Cost": 0.0,
                          "Total Cost": 3632.4,
                          "Plan Rows": 8,
                          "Plan Width": 20,
                          "Actual Startup Time": 0.256,
                          "Actual Total Time": 20.904,
                          "Actual Rows": 7,
                          "Actual Loops": 1,
                          "Filter": "(keyword = ANY ('{character-name-in-title,sequel,superhero,violence,marvel-cinematic-universe,violence,marvel-comics,based-on-comic}'::text[]))",
                          "Rows Removed by Filter": 134163
                        },
                        {
                          "Node Type": "Bitmap Heap Scan",
                          "Parent Relationship": "Inner",
                          "Parallel Aware": false,
                          "Relation Name": "movie_keyword",
                          "Alias": "mk",
                          "Startup Cost": 10.8,
                          "Total Cost": 1083.38,
                          "Plan Rows": 305,
                          "Plan Width": 8,
                          "Actual Startup Time": 1.674,
                          "Actual Total Time": 12.404,
                          "Actual Rows": 9371,
                          "Actual Loops": 7,
                          "Recheck Cond": "(keyword_id = k.id)",
                          "Rows Removed by Index Recheck": 0,
                          "Exact Heap Blocks": 27068,
                          "Lossy Heap Blocks": 0,
                          "Plans": [
                            {
                              "Node Type": "Bitmap Index Scan",
                              "Parent Relationship": "Outer",
                              "Parallel Aware": false,
                              "Index Name": "keyword_id_movie_keyword",
                              "Startup Cost": 0.0,
                              "Total Cost": 10.72,
                              "Plan Rows": 305,
                              "Plan Width": 0,
                              "Actual Startup Time": 1.097,
                              "Actual Total Time": 1.097,
                              "Actual Rows": 9371,
                              "Actual Loops": 7,
                              "Index Cond": "(keyword_id = k.id)"
                            }
                          ]
                        }
                      ]
                    },
                    {
                      "Node Type": "Index Scan",
                      "Parent Relationship": "Inner",
                      "Parallel Aware": false,
                      "Scan Direction": "Forward",
                      "Index Name": "title_pkey",
                      "Relation Name": "title",
                      "Alias": "t",
                      "Startup Cost": 0.43,
                      "Total Cost": 0.49,
                      "Plan Rows": 1,
                      "Plan Width": 21,
                      "Actual Startup Time": 0.003,
                      "Actual Total Time": 0.003,
                      "Actual Rows": 0,
                      "Actual Loops": 65597,
                      "Index Cond": "(id = mk.movie_id)",
                      "Rows Removed by Index Recheck": 0,
                      "Filter": "(production_year > 1998)",
                      "Rows Removed by Filter": 1
                    }
                  ]
                },
                {
                  "Node Type": "Index Scan",
                  "Parent Relationship": "Inner",
                  "Parallel Aware": false,
                  "Scan Direction": "Forward",
                  "Index Name": "movie_id_cast_info",
                  "Relation Name": "cast_info",
                  "Alias": "ci",
                  "Startup Cost": 0.56,
                  "Total Cost": 1.52,
                  "Plan Rows": 35,
                  "Plan Width": 8,
                  "Actual Startup Time": 0.009,
                  "Actual Total Time": 0.073,
                  "Actual Rows": 43,
                  "Actual Loops": 22054,
                  "Index Cond": "(movie_id = mk.movie_id)",
                  "Rows Removed by Index Recheck": 0
                }
              ]
            },
            {
              "Node Type": "Index Scan",
              "Parent Relationship": "Inner",
              "Parallel Aware": false,
              "Scan Direction": "Forward",
              "Index Name": "name_pkey",
              "Relation Name": "name",
              "Alias": "n",
              "Startup Cost": 0.43,
              "Total Cost": 0.46,
              "Plan Rows": 1,
              "Plan Width": 19,
              "Actual Startup Time": 0.004,
              "Actual Total Time": 0.004,
              "Actual Rows": 0,
              "Actual Loops": 945596,
              "Index Cond": "(id = ci.person_id)",
              "Rows Removed by Index Recheck": 0,
              "Filter": "(name ~~ '%Jones,%'::text)",
              "Rows Removed by Filter": 1
            }
          ]
        }
      ]
    },
    "Planning Time": 7.638,
    "Triggers": [],
    "Execution Time": 5736.003
  }
]