{
  "Plan": {
    "Node Type": "Aggregate",
    "Strategy": "Plain",
    "Partial Mode": "Finalize",
    "Parallel Aware": false,
    "Startup Cost": 102120.91,
    "Total Cost": 102120.92,
    "Plan Rows": 1,
    "Plan Width": 8,
    "Actual Startup Time": 338.348,
    "Actual Total Time": 355.423,
    "Actual Rows": 1,
    "Actual Loops": 1,
    "Plans": [
      {
        "Node Type": "Gather",
        "Parent Relationship": "Outer",
        "Parallel Aware": false,
        "Startup Cost": 102120.8,
        "Total Cost": 102120.91,
        "Plan Rows": 1,
        "Plan Width": 8,
        "Actual Startup Time": 337.58,
        "Actual Total Time": 355.409,
        "Actual Rows": 2,
        "Actual Loops": 1,
        "Workers Planned": 1,
        "Workers Launched": 1,
        "Single Copy": false,
        "Plans": [
          {
            "Node Type": "Aggregate",
            "Strategy": "Plain",
            "Partial Mode": "Partial",
            "Parent Relationship": "Outer",
            "Parallel Aware": false,
            "Startup Cost": 101120.8,
            "Total Cost": 101120.81,
            "Plan Rows": 1,
            "Plan Width": 8,
            "Actual Startup Time": 331.318,
            "Actual Total Time": 331.325,
            "Actual Rows": 1,
            "Actual Loops": 2,
            "Plans": [
              {
                "Node Type": "Nested Loop",
                "Parent Relationship": "Outer",
                "Parallel Aware": false,
                "Join Type": "Inner",
                "Startup Cost": 63583.84,
                "Total Cost": 101092.37,
                "Plan Rows": 11371,
                "Plan Width": 0,
                "Actual Startup Time": 193.138,
                "Actual Total Time": 328.381,
                "Actual Rows": 62452,
                "Actual Loops": 2,
                "Inner Unique": false,
                "Join Filter": "(t.id = mc.movie_id)",
                "Rows Removed by Join Filter": 0,
                "Plans": [
                  {
                    "Node Type": "Hash Join",
                    "Parent Relationship": "Outer",
                    "Parallel Aware": true,
                    "Join Type": "Inner",
                    "Startup Cost": 63583.41,
                    "Total Cost": 91426.98,
                    "Plan Rows": 11018,
                    "Plan Width": 8,
                    "Actual Startup Time": 192.884,
                    "Actual Total Time": 283.112,
                    "Actual Rows": 6898,
                    "Actual Loops": 2,
                    "Inner Unique": true,
                    "Hash Cond": "(mk.movie_id = t.id)",
                    "Plans": [
                      {
                        "Node Type": "Bitmap Heap Scan",
                        "Parent Relationship": "Outer",
                        "Parallel Aware": true,
                        "Relation Name": "movie_keyword",
                        "Alias": "mk",
                        "Startup Cost": 8081.0,
                        "Total Cost": 35336.29,
                        "Plan Rows": 224104,
                        "Plan Width": 4,
                        "Actual Startup Time": 31.938,
                        "Actual Total Time": 93.902,
                        "Actual Rows": 183686,
                        "Actual Loops": 2,
                        "Recheck Cond": "(keyword_id > 45850)",
                        "Rows Removed by Index Recheck": 0,
                        "Exact Heap Blocks": 12575,
                        "Lossy Heap Blocks": 0,
                        "Plans": [
                          {
                            "Node Type": "Bitmap Index Scan",
                            "Parent Relationship": "Outer",
                            "Parallel Aware": false,
                            "Index Name": "keyword_id_movie_keyword",
                            "Startup Cost": 0.0,
                            "Total Cost": 7985.75,
                            "Plan Rows": 380976,
                            "Plan Width": 0,
                            "Actual Startup Time": 28.506,
                            "Actual Total Time": 28.506,
                            "Actual Rows": 367372,
                            "Actual Loops": 1,
                            "Index Cond": "(keyword_id > 45850)"
                          }
                        ]
                      },
                      {
                        "Node Type": "Hash",
                        "Parent Relationship": "Inner",
                        "Parallel Aware": true,
                        "Startup Cost": 54588.39,
                        "Total Cost": 54588.39,
                        "Plan Rows": 73122,
                        "Plan Width": 4,
                        "Actual Startup Time": 158.297,
                        "Actual Total Time": 158.299,
                        "Actual Rows": 59782,
                        "Actual Loops": 2,
                        "Hash Buckets": 131072,
                        "Original Hash Buckets": 131072,
                        "Hash Batches": 1,
                        "Original Hash Batches": 1,
                        "Peak Memory Usage": 5728,
                        "Plans": [
                          {
                            "Node Type": "Seq Scan",
                            "Parent Relationship": "Outer",
                            "Parallel Aware": true,
                            "Relation Name": "title",
                            "Alias": "t",
                            "Startup Cost": 0.0,
                            "Total Cost": 54588.39,
                            "Plan Rows": 73122,
                            "Plan Width": 4,
                            "Actual Startup Time": 0.043,
                            "Actual Total Time": 138.955,
                            "Actual Rows": 59782,
                            "Actual Loops": 2,
                            "Filter": "(production_year = 2007)",
                            "Rows Removed by Filter": 1204374
                          }
                        ]
                      }
                    ]
                  },
                  {
                    "Node Type": "Index Only Scan",
                    "Parent Relationship": "Inner",
                    "Parallel Aware": false,
                    "Scan Direction": "Forward",
                    "Index Name": "movie_id_movie_companies",
                    "Relation Name": "movie_companies",
                    "Alias": "mc",
                    "Startup Cost": 0.43,
                    "Total Cost": 0.81,
                    "Plan Rows": 5,
                    "Plan Width": 4,
                    "Actual Startup Time": 0.003,
                    "Actual Total Time": 0.006,
                    "Actual Rows": 9,
                    "Actual Loops": 13795,
                    "Index Cond": "(movie_id = mk.movie_id)",
                    "Rows Removed by Index Recheck": 0,
                    "Heap Fetches": 124903
                  }
                ]
              }
            ]
          }
        ]
      }
    ]
  },
  "Planning Time": 0.99,
  "Triggers": [],
  "Execution Time": 355.533
}