[
  {
    "Plan": {
      "Node Type": "Aggregate",
      "Strategy": "Plain",
      "Partial Mode": "Finalize",
      "Parallel Aware": false,
      "Startup Cost": 82595.17,
      "Total Cost": 82595.18,
      "Plan Rows": 1,
      "Plan Width": 8,
      "Actual Startup Time": 341.352,
      "Actual Total Time": 355.58,
      "Actual Rows": 1,
      "Actual Loops": 1,
      "Plans": [
        {
          "Node Type": "Gather",
          "Parent Relationship": "Outer",
          "Parallel Aware": false,
          "Startup Cost": 82594.75,
          "Total Cost": 82595.16,
          "Plan Rows": 4,
          "Plan Width": 8,
          "Actual Startup Time": 337.21,
          "Actual Total Time": 355.568,
          "Actual Rows": 5,
          "Actual Loops": 1,
          "Workers Planned": 4,
          "Workers Launched": 4,
          "Single Copy": false,
          "Plans": [
            {
              "Node Type": "Aggregate",
              "Strategy": "Plain",
              "Partial Mode": "Partial",
              "Parent Relationship": "Outer",
              "Parallel Aware": false,
              "Startup Cost": 81594.75,
              "Total Cost": 81594.76,
              "Plan Rows": 1,
              "Plan Width": 8,
              "Actual Startup Time": 327.593,
              "Actual Total Time": 327.597,
              "Actual Rows": 1,
              "Actual Loops": 5,
              "Plans": [
                {
                  "Node Type": "Hash Join",
                  "Parent Relationship": "Outer",
                  "Parallel Aware": true,
                  "Join Type": "Inner",
                  "Startup Cost": 34884.07,
                  "Total Cost": 81057.02,
                  "Plan Rows": 215094,
                  "Plan Width": 0,
                  "Actual Startup Time": 126.502,
                  "Actual Total Time": 321.235,
                  "Actual Rows": 133746,
                  "Actual Loops": 5,
                  "Inner Unique": false,
                  "Hash Cond": "(t.id = mc.movie_id)",
                  "Plans": [
                    {
                      "Node Type": "Seq Scan",
                      "Parent Relationship": "Outer",
                      "Parallel Aware": true,
                      "Relation Name": "title",
                      "Alias": "t",
                      "Startup Cost": 0.0,
                      "Total Cost": 42318.73,
                      "Plan Rows": 632073,
                      "Plan Width": 4,
                      "Actual Startup Time": 0.013,
                      "Actual Total Time": 66.334,
                      "Actual Rows": 505662,
                      "Actual Loops": 5
                    },
                    {
                      "Node Type": "Hash",
                      "Parent Relationship": "Inner",
                      "Parallel Aware": true,
                      "Startup Cost": 31414.82,
                      "Total Cost": 31414.82,
                      "Plan Rows": 277540,
                      "Plan Width": 4,
                      "Actual Startup Time": 121.93,
                      "Actual Total Time": 121.931,
                      "Actual Rows": 133746,
                      "Actual Loops": 5,
                      "Hash Buckets": 1048576,
                      "Original Hash Buckets": 1048576,
                      "Hash Batches": 1,
                      "Original Hash Batches": 1,
                      "Peak Memory Usage": 34400,
                      "Plans": [
                        {
                          "Node Type": "Seq Scan",
                          "Parent Relationship": "Outer",
                          "Parallel Aware": true,
                          "Relation Name": "movie_companies",
                          "Alias": "mc",
                          "Startup Cost": 0.0,
                          "Total Cost": 31414.82,
                          "Plan Rows": 277540,
                          "Plan Width": 4,
                          "Actual Startup Time": 2.034,
                          "Actual Total Time": 74.769,
                          "Actual Rows": 133746,
                          "Actual Loops": 5,
                          "Filter": "((company_id > 2440) AND (company_type_id < 2))",
                          "Rows Removed by Filter": 388079
                        }
                      ]
                    }
                  ]
                }
              ]
            }
          ]
        }
      ]
    },
    "Planning Time": 0.652,
    "Triggers": [],
    "Execution Time": 355.661
  }
]