[
  {
    "Plan": {
      "Node Type": "Aggregate",
      "Strategy": "Plain",
      "Partial Mode": "Finalize",
      "Parallel Aware": false,
      "Startup Cost": 44735.54,
      "Total Cost": 44735.55,
      "Plan Rows": 1,
      "Plan Width": 8,
      "Actual Startup Time": 128.932,
      "Actual Total Time": 140.059,
      "Actual Rows": 1,
      "Actual Loops": 1,
      "Plans": [
        {
          "Node Type": "Gather",
          "Parent Relationship": "Outer",
          "Parallel Aware": false,
          "Startup Cost": 44735.23,
          "Total Cost": 44735.54,
          "Plan Rows": 3,
          "Plan Width": 8,
          "Actual Startup Time": 128.262,
          "Actual Total Time": 140.045,
          "Actual Rows": 4,
          "Actual Loops": 1,
          "Workers Planned": 3,
          "Workers Launched": 3,
          "Single Copy": false,
          "Plans": [
            {
              "Node Type": "Aggregate",
              "Strategy": "Plain",
              "Partial Mode": "Partial",
              "Parent Relationship": "Outer",
              "Parallel Aware": false,
              "Startup Cost": 43735.23,
              "Total Cost": 43735.24,
              "Plan Rows": 1,
              "Plan Width": 8,
              "Actual Startup Time": 122.883,
              "Actual Total Time": 122.885,
              "Actual Rows": 1,
              "Actual Loops": 4,
              "Plans": [
                {
                  "Node Type": "Seq Scan",
                  "Parent Relationship": "Outer",
                  "Parallel Aware": true,
                  "Relation Name": "movie_keyword",
                  "Alias": "mk",
                  "Startup Cost": 0.0,
                  "Total Cost": 42695.65,
                  "Plan Rows": 415829,
                  "Plan Width": 0,
                  "Actual Startup Time": 0.039,
                  "Actual Total Time": 106.272,
                  "Actual Rows": 322852,
                  "Actual Loops": 4,
                  "Filter": "(keyword_id < 1677)",
                  "Rows Removed by Filter": 808130
                }
              ]
            }
          ]
        }
      ]
    },
    "Planning Time": 0.114,
    "Triggers": [],
    "Execution Time": 140.089
  }
]