[
  {
    "Plan": {
      "Node Type": "Aggregate",
      "Strategy": "Plain",
      "Partial Mode": "Finalize",
      "Parallel Aware": false,
      "Startup Cost": 44730.62,
      "Total Cost": 44730.63,
      "Plan Rows": 1,
      "Plan Width": 8,
      "Actual Startup Time": 135.313,
      "Actual Total Time": 145.997,
      "Actual Rows": 1,
      "Actual Loops": 1,
      "Plans": [
        {
          "Node Type": "Gather",
          "Parent Relationship": "Outer",
          "Parallel Aware": false,
          "Startup Cost": 44730.3,
          "Total Cost": 44730.61,
          "Plan Rows": 3,
          "Plan Width": 8,
          "Actual Startup Time": 135.203,
          "Actual Total Time": 145.988,
          "Actual Rows": 4,
          "Actual Loops": 1,
          "Workers Planned": 3,
          "Workers Launched": 3,
          "Single Copy": false,
          "Plans": [
            {
              "Node Type": "Aggregate",
              "Strategy": "Plain",
              "Partial Mode": "Partial",
              "Parent Relationship": "Outer",
              "Parallel Aware": false,
              "Startup Cost": 43730.3,
              "Total Cost": 43730.31,
              "Plan Rows": 1,
              "Plan Width": 8,
              "Actual Startup Time": 128.081,
              "Actual Total Time": 128.082,
              "Actual Rows": 1,
              "Actual Loops": 4,
              "Plans": [
                {
                  "Node Type": "Seq Scan",
                  "Parent Relationship": "Outer",
                  "Parallel Aware": true,
                  "Relation Name": "movie_keyword",
                  "Alias": "mk",
                  "Startup Cost": 0.0,
                  "Total Cost": 42695.65,
                  "Plan Rows": 413858,
                  "Plan Width": 0,
                  "Actual Startup Time": 0.052,
                  "Actual Total Time": 111.108,
                  "Actual Rows": 322852,
                  "Actual Loops": 4,
                  "Filter": "(keyword_id < 1677)",
                  "Rows Removed by Filter": 808130
                }
              ]
            }
          ]
        }
      ]
    },
    "Planning Time": 0.178,
    "Triggers": [],
    "Execution Time": 146.059
  }
]