{
  "Plan": {
    "Node Type": "Aggregate",
    "Strategy": "Plain",
    "Partial Mode": "Finalize",
    "Parallel Aware": false,
    "Startup Cost": 845727.71,
    "Total Cost": 845727.72,
    "Plan Rows": 1,
    "Plan Width": 8,
    "Actual Startup Time": 5797.179,
    "Actual Total Time": 5853.364,
    "Actual Rows": 1,
    "Actual Loops": 1,
    "Plans": [
      {
        "Node Type": "Gather",
        "Parent Relationship": "Outer",
        "Parallel Aware": false,
        "Startup Cost": 845727.6,
        "Total Cost": 845727.71,
        "Plan Rows": 1,
        "Plan Width": 8,
        "Actual Startup Time": 5792.057,
        "Actual Total Time": 5853.356,
        "Actual Rows": 2,
        "Actual Loops": 1,
        "Workers Planned": 1,
        "Workers Launched": 1,
        "Single Copy": false,
        "Plans": [
          {
            "Node Type": "Aggregate",
            "Strategy": "Plain",
            "Partial Mode": "Partial",
            "Parent Relationship": "Outer",
            "Parallel Aware": false,
            "Startup Cost": 844727.6,
            "Total Cost": 844727.61,
            "Plan Rows": 1,
            "Plan Width": 8,
            "Actual Startup Time": 5778.605,
            "Actual Total Time": 5778.611,
            "Actual Rows": 1,
            "Actual Loops": 2,
            "Plans": [
              {
                "Node Type": "Hash Join",
                "Parent Relationship": "Outer",
                "Parallel Aware": true,
                "Join Type": "Inner",
                "Startup Cost": 143448.87,
                "Total Cost": 807973.33,
                "Plan Rows": 14701705,
                "Plan Width": 0,
                "Actual Startup Time": 880.294,
                "Actual Total Time": 5496.725,
                "Actual Rows": 6977571,
                "Actual Loops": 2,
                "Inner Unique": false,
                "Hash Cond": "(ci.movie_id = t.id)",
                "Plans": [
                  {
                    "Node Type": "Seq Scan",
                    "Parent Relationship": "Outer",
                    "Parallel Aware": true,
                    "Relation Name": "cast_info",
                    "Alias": "ci",
                    "Startup Cost": 0.0,
                    "Total Cost": 519069.44,
                    "Plan Rows": 15726509,
                    "Plan Width": 4,
                    "Actual Startup Time": 0.017,
                    "Actual Total Time": 1920.881,
                    "Actual Rows": 13429820,
                    "Actual Loops": 2,
                    "Filter": "(role_id < 5)",
                    "Rows Removed by Filter": 4692352
                  },
                  {
                    "Node Type": "Hash",
                    "Parent Relationship": "Inner",
                    "Parallel Aware": true,
                    "Startup Cost": 126069.91,
                    "Total Cost": 126069.91,
                    "Plan Rows": 1390317,
                    "Plan Width": 8,
                    "Actual Startup Time": 857.511,
                    "Actual Total Time": 857.515,
                    "Actual Rows": 293520,
                    "Actual Loops": 2,
                    "Hash Buckets": 4194304,
                    "Original Hash Buckets": 4194304,
                    "Hash Batches": 1,
                    "Original Hash Batches": 1,
                    "Peak Memory Usage": 55776,
                    "Plans": [
                      {
                        "Node Type": "Hash Join",
                        "Parent Relationship": "Outer",
                        "Parallel Aware": true,
                        "Join Type": "Inner",
                        "Startup Cost": 68019.07,
                        "Total Cost": 126069.91,
                        "Plan Rows": 1390317,
                        "Plan Width": 8,
                        "Actual Startup Time": 389.813,
                        "Actual Total Time": 789.476,
                        "Actual Rows": 293520,
                        "Actual Loops": 2,
                        "Inner Unique": true,
                        "Hash Cond": "(mk.movie_id = t.id)",
                        "Plans": [
                          {
                            "Node Type": "Seq Scan",
                            "Parent Relationship": "Outer",
                            "Parallel Aware": true,
                            "Relation Name": "movie_keyword",
                            "Alias": "mk",
                            "Startup Cost": 0.0,
                            "Total Cost": 51065.35,
                            "Plan Rows": 2661135,
                            "Plan Width": 4,
                            "Actual Startup Time": 0.015,
                            "Actual Total Time": 156.513,
                            "Actual Rows": 2261965,
                            "Actual Loops": 2
                          },
                          {
                            "Node Type": "Hash",
                            "Parent Relationship": "Inner",
                            "Parallel Aware": true,
                            "Startup Cost": 58306.47,
                            "Total Cost": 58306.47,
                            "Plan Rows": 777008,
                            "Plan Width": 4,
                            "Actual Startup Time": 383.387,
                            "Actual Total Time": 383.388,
                            "Actual Rows": 699674,
                            "Actual Loops": 2,
                            "Hash Buckets": 2097152,
                            "Original Hash Buckets": 2097152,
                            "Hash Batches": 1,
                            "Original Hash Batches": 1,
                            "Peak Memory Usage": 71136,
                            "Plans": [
                              {
                                "Node Type": "Seq Scan",
                                "Parent Relationship": "Outer",
                                "Parallel Aware": true,
                                "Relation Name": "title",
                                "Alias": "t",
                                "Startup Cost": 0.0,
                                "Total Cost": 58306.47,
                                "Plan Rows": 777008,
                                "Plan Width": 4,
                                "Actual Startup Time": 0.035,
                                "Actual Total Time": 172.186,
                                "Actual Rows": 699674,
                                "Actual Loops": 2,
                                "Filter": "((production_year > 1964) AND (kind_id = 7))",
                                "Rows Removed by Filter": 564482
                              }
                            ]
                          }
                        ]
                      }
                    ]
                  }
                ]
              }
            ]
          }
        ]
      }
    ]
  },
  "Planning Time": 0.972,
  "Triggers": [],
  "Execution Time": 5853.454
}