[
  {
    "Plan": {
      "Node Type": "Aggregate",
      "Strategy": "Plain",
      "Partial Mode": "Finalize",
      "Parallel Aware": false,
      "Startup Cost": 60992.78,
      "Total Cost": 60992.79,
      "Plan Rows": 1,
      "Plan Width": 8,
      "Actual Startup Time": 235.319,
      "Actual Total Time": 250.892,
      "Actual Rows": 1,
      "Actual Loops": 1,
      "Plans": [
        {
          "Node Type": "Gather",
          "Parent Relationship": "Outer",
          "Parallel Aware": false,
          "Startup Cost": 60992.56,
          "Total Cost": 60992.77,
          "Plan Rows": 2,
          "Plan Width": 8,
          "Actual Startup Time": 234.291,
          "Actual Total Time": 250.881,
          "Actual Rows": 3,
          "Actual Loops": 1,
          "Workers Planned": 2,
          "Workers Launched": 2,
          "Single Copy": false,
          "Plans": [
            {
              "Node Type": "Aggregate",
              "Strategy": "Plain",
              "Partial Mode": "Partial",
              "Parent Relationship": "Outer",
              "Parallel Aware": false,
              "Startup Cost": 59992.56,
              "Total Cost": 59992.57,
              "Plan Rows": 1,
              "Plan Width": 8,
              "Actual Startup Time": 226.496,
              "Actual Total Time": 226.499,
              "Actual Rows": 1,
              "Actual Loops": 3,
              "Plans": [
                {
                  "Node Type": "Hash Join",
                  "Parent Relationship": "Outer",
                  "Parallel Aware": true,
                  "Join Type": "Inner",
                  "Startup Cost": 44345.84,
                  "Total Cost": 59965.77,
                  "Plan Rows": 10715,
                  "Plan Width": 0,
                  "Actual Startup Time": 159.119,
                  "Actual Total Time": 226.066,
                  "Actual Rows": 6754,
                  "Actual Loops": 3,
                  "Inner Unique": true,
                  "Hash Cond": "(mi_idx.movie_id = t.id)",
                  "Plans": [
                    {
                      "Node Type": "Seq Scan",
                      "Parent Relationship": "Outer",
                      "Parallel Aware": true,
                      "Relation Name": "movie_info_idx",
                      "Alias": "mi_idx",
                      "Startup Cost": 0.0,
                      "Total Cost": 15122.68,
                      "Plan Rows": 189429,
                      "Plan Width": 4,
                      "Actual Startup Time": 0.028,
                      "Actual Total Time": 47.93,
                      "Actual Rows": 153308,
                      "Actual Loops": 3,
                      "Filter": "(info_type_id < 100)",
                      "Rows Removed by Filter": 306703
                    },
                    {
                      "Node Type": "Hash",
                      "Parent Relationship": "Inner",
                      "Parallel Aware": true,
                      "Startup Cost": 43898.92,
                      "Total Cost": 43898.92,
                      "Plan Rows": 35754,
                      "Plan Width": 4,
                      "Actual Startup Time": 144.229,
                      "Actual Total Time": 144.23,
                      "Actual Rows": 48513,
                      "Actual Loops": 3,
                      "Hash Buckets": 262144,
                      "Original Hash Buckets": 262144,
                      "Hash Batches": 1,
                      "Original Hash Batches": 1,
                      "Peak Memory Usage": 7776,
                      "Plans": [
                        {
                          "Node Type": "Seq Scan",
                          "Parent Relationship": "Outer",
                          "Parallel Aware": true,
                          "Relation Name": "title",
                          "Alias": "t",
                          "Startup Cost": 0.0,
                          "Total Cost": 43898.92,
                          "Plan Rows": 35754,
                          "Plan Width": 4,
                          "Actual Startup Time": 5.711,
                          "Actual Total Time": 128.297,
                          "Actual Rows": 48513,
                          "Actual Loops": 3,
                          "Filter": "(production_year < 1942)",
                          "Rows Removed by Filter": 794258
                        }
                      ]
                    }
                  ]
                }
              ]
            }
          ]
        }
      ]
    },
    "Planning Time": 0.52,
    "Triggers": [],
    "Execution Time": 250.958
  }
]