[
  {
    "Plan": {
      "Node Type": "Aggregate",
      "Strategy": "Plain",
      "Partial Mode": "Simple",
      "Parallel Aware": false,
      "Startup Cost": 23182.02,
      "Total Cost": 23182.03,
      "Plan Rows": 1,
      "Plan Width": 8,
      "Actual Startup Time": 10.86,
      "Actual Total Time": 10.861,
      "Actual Rows": 1,
      "Actual Loops": 1,
      "Plans": [
        {
          "Node Type": "Bitmap Heap Scan",
          "Parent Relationship": "Outer",
          "Parallel Aware": false,
          "Relation Name": "movie_keyword",
          "Alias": "mk",
          "Startup Cost": 333.05,
          "Total Cost": 23143.11,
          "Plan Rows": 15564,
          "Plan Width": 0,
          "Actual Startup Time": 1.795,
          "Actual Total Time": 9.991,
          "Actual Rows": 14171,
          "Actual Loops": 1,
          "Recheck Cond": "(keyword_id > 121787)",
          "Rows Removed by Index Recheck": 0,
          "Exact Heap Blocks": 4398,
          "Lossy Heap Blocks": 0,
          "Plans": [
            {
              "Node Type": "Bitmap Index Scan",
              "Parent Relationship": "Outer",
              "Parallel Aware": false,
              "Index Name": "keyword_id_movie_keyword",
              "Startup Cost": 0.0,
              "Total Cost": 329.16,
              "Plan Rows": 15564,
              "Plan Width": 0,
              "Actual Startup Time": 1.169,
              "Actual Total Time": 1.169,
              "Actual Rows": 14171,
              "Actual Loops": 1,
              "Index Cond": "(keyword_id > 121787)"
            }
          ]
        }
      ]
    },
    "Planning Time": 0.15,
    "Triggers": [],
    "Execution Time": 10.887
  }
]