[
  {
    "Plan": {
      "Node Type": "Aggregate",
      "Strategy": "Plain",
      "Partial Mode": "Simple",
      "Parallel Aware": false,
      "Startup Cost": 23411.89,
      "Total Cost": 23411.9,
      "Plan Rows": 1,
      "Plan Width": 8,
      "Actual Startup Time": 21.872,
      "Actual Total Time": 21.874,
      "Actual Rows": 1,
      "Actual Loops": 1,
      "Plans": [
        {
          "Node Type": "Bitmap Heap Scan",
          "Parent Relationship": "Outer",
          "Parallel Aware": false,
          "Relation Name": "movie_keyword",
          "Alias": "mk",
          "Startup Cost": 340.47,
          "Total Cost": 23371.88,
          "Plan Rows": 16005,
          "Plan Width": 0,
          "Actual Startup Time": 4.912,
          "Actual Total Time": 19.752,
          "Actual Rows": 14171,
          "Actual Loops": 1,
          "Recheck Cond": "(keyword_id > 121787)",
          "Rows Removed by Index Recheck": 0,
          "Exact Heap Blocks": 4398,
          "Lossy Heap Blocks": 0,
          "Plans": [
            {
              "Node Type": "Bitmap Index Scan",
              "Parent Relationship": "Outer",
              "Parallel Aware": false,
              "Index Name": "keyword_id_movie_keyword",
              "Startup Cost": 0.0,
              "Total Cost": 336.47,
              "Plan Rows": 16005,
              "Plan Width": 0,
              "Actual Startup Time": 2.938,
              "Actual Total Time": 2.938,
              "Actual Rows": 14171,
              "Actual Loops": 1,
              "Index Cond": "(keyword_id > 121787)"
            }
          ]
        }
      ]
    },
    "Planning Time": 0.246,
    "Triggers": [],
    "Execution Time": 21.934
  }
]