{
    "Plan": {
        "Node Type": "Aggregate",
        "Strategy": "Plain",
        "Partial Mode": "Finalize",
        "Parallel Aware": false,
        "Startup Cost": 86859.68,
        "Total Cost": 86859.69,
        "Plan Rows": 1,
        "Plan Width": 8,
        "Actual Startup Time": 265.304,
        "Actual Total Time": 283.067,
        "Actual Rows": 1,
        "Actual Loops": 1,
        "Output": [
            "count(*)"
        ],
        "Plans": [
            {
                "Node Type": "Gather",
                "Parent Relationship": "Outer",
                "Parallel Aware": false,
                "Startup Cost": 86859.36,
                "Total Cost": 86859.67,
                "Plan Rows": 3,
                "Plan Width": 8,
                "Actual Startup Time": 265.058,
                "Actual Total Time": 283.06,
                "Actual Rows": 4,
                "Actual Loops": 1,
                "Output": [
                    "(PARTIAL count(*))"
                ],
                "Workers Planned": 3,
                "Workers Launched": 3,
                "Single Copy": false,
                "Plans": [
                    {
                        "Node Type": "Aggregate",
                        "Strategy": "Plain",
                        "Partial Mode": "Partial",
                        "Parent Relationship": "Outer",
                        "Parallel Aware": false,
                        "Startup Cost": 85859.36,
                        "Total Cost": 85859.37,
                        "Plan Rows": 1,
                        "Plan Width": 8,
                        "Actual Startup Time": 255.751,
                        "Actual Total Time": 255.755,
                        "Actual Rows": 1,
                        "Actual Loops": 4,
                        "Output": [
                            "PARTIAL count(*)"
                        ],
                        "Workers": [
                            {
                                "Worker Number": 0,
                                "Actual Startup Time": 252.814,
                                "Actual Total Time": 252.818,
                                "Actual Rows": 1,
                                "Actual Loops": 1
                            },
                            {
                                "Worker Number": 1,
                                "Actual Startup Time": 252.952,
                                "Actual Total Time": 252.956,
                                "Actual Rows": 1,
                                "Actual Loops": 1
                            },
                            {
                                "Worker Number": 2,
                                "Actual Startup Time": 252.988,
                                "Actual Total Time": 252.99,
                                "Actual Rows": 1,
                                "Actual Loops": 1
                            }
                        ],
                        "Plans": [
                            {
                                "Node Type": "Nested Loop",
                                "Parent Relationship": "Outer",
                                "Parallel Aware": false,
                                "Join Type": "Inner",
                                "Startup Cost": 44011.36,
                                "Total Cost": 85833.21,
                                "Plan Rows": 10458,
                                "Plan Width": 0,
                                "Actual Startup Time": 99.831,
                                "Actual Total Time": 250.39,
                                "Actual Rows": 123098,
                                "Actual Loops": 4,
                                "Inner Unique": false,
                                "Join Filter": "(t.id = mk.movie_id)",
                                "Rows Removed by Join Filter": 0,
                                "Workers": [
                                    {
                                        "Worker Number": 0,
                                        "Actual Startup Time": 97.196,
                                        "Actual Total Time": 247.368,
                                        "Actual Rows": 86732,
                                        "Actual Loops": 1
                                    },
                                    {
                                        "Worker Number": 1,
                                        "Actual Startup Time": 96.928,
                                        "Actual Total Time": 248.307,
                                        "Actual Rows": 119418,
                                        "Actual Loops": 1
                                    },
                                    {
                                        "Worker Number": 2,
                                        "Actual Startup Time": 96.974,
                                        "Actual Total Time": 247.813,
                                        "Actual Rows": 130779,
                                        "Actual Loops": 1
                                    }
                                ],
                                "Plans": [
                                    {
                                        "Node Type": "Hash Join",
                                        "Parent Relationship": "Outer",
                                        "Parallel Aware": true,
                                        "Join Type": "Inner",
                                        "Startup Cost": 44010.93,
                                        "Total Cost": 74404.56,
                                        "Plan Rows": 5845,
                                        "Plan Width": 8,
                                        "Actual Startup Time": 99.632,
                                        "Actual Total Time": 193.198,
                                        "Actual Rows": 4512,
                                        "Actual Loops": 4,
                                        "Output": [
                                            "t.id",
                                            "mc.movie_id"
                                        ],
                                        "Inner Unique": true,
                                        "Hash Cond": "(mc.movie_id = t.id)",
                                        "Workers": [
                                            {
                                                "Worker Number": 0,
                                                "Actual Startup Time": 96.613,
                                                "Actual Total Time": 188.748,
                                                "Actual Rows": 3092,
                                                "Actual Loops": 1
                                            },
                                            {
                                                "Worker Number": 1,
                                                "Actual Startup Time": 96.8,
                                                "Actual Total Time": 191.062,
                                                "Actual Rows": 4457,
                                                "Actual Loops": 1
                                            },
                                            {
                                                "Worker Number": 2,
                                                "Actual Startup Time": 96.907,
                                                "Actual Total Time": 188.219,
                                                "Actual Rows": 4576,
                                                "Actual Loops": 1
                                            }
                                        ],
                                        "Plans": [
                                            {
                                                "Node Type": "Seq Scan",
                                                "Parent Relationship": "Outer",
                                                "Parallel Aware": true,
                                                "Relation Name": "movie_companies",
                                                "Schema": "public",
                                                "Alias": "mc",
                                                "Startup Cost": 0.0,
                                                "Total Cost": 29310.68,
                                                "Plan Rows": 412551,
                                                "Plan Width": 4,
                                                "Actual Startup Time": 0.019,
                                                "Actual Total Time": 63.518,
                                                "Actual Rows": 318562,
                                                "Actual Loops": 4,
                                                "Output": [
                                                    "mc.id",
                                                    "mc.movie_id",
                                                    "mc.company_id",
                                                    "mc.company_type_id",
                                                    "mc.note"
                                                ],
                                                "Filter": "(mc.company_type_id < 2)",
                                                "Rows Removed by Filter": 333721,
                                                "Workers": [
                                                    {
                                                        "Worker Number": 0,
                                                        "Actual Startup Time": 0.024,
                                                        "Actual Total Time": 62.86,
                                                        "Actual Rows": 211603,
                                                        "Actual Loops": 1
                                                    },
                                                    {
                                                        "Worker Number": 1,
                                                        "Actual Startup Time": 0.02,
                                                        "Actual Total Time": 64.011,
                                                        "Actual Rows": 334929,
                                                        "Actual Loops": 1
                                                    },
                                                    {
                                                        "Worker Number": 2,
                                                        "Actual Startup Time": 0.026,
                                                        "Actual Total Time": 62.167,
                                                        "Actual Rows": 322375,
                                                        "Actual Loops": 1
                                                    }
                                                ]
                                            },
                                            {
                                                "Node Type": "Hash",
                                                "Parent Relationship": "Inner",
                                                "Parallel Aware": true,
                                                "Startup Cost": 43899.01,
                                                "Total Cost": 43899.01,
                                                "Plan Rows": 8954,
                                                "Plan Width": 4,
                                                "Actual Startup Time": 98.056,
                                                "Actual Total Time": 98.057,
                                                "Actual Rows": 9739,
                                                "Actual Loops": 4,
                                                "Output": [
                                                    "t.id"
                                                ],
                                                "Hash Buckets": 65536,
                                                "Original Hash Buckets": 65536,
                                                "Hash Batches": 1,
                                                "Original Hash Batches": 1,
                                                "Peak Memory Usage": 2144,
                                                "Workers": [
                                                    {
                                                        "Worker Number": 0,
                                                        "Actual Startup Time": 96.126,
                                                        "Actual Total Time": 96.127,
                                                        "Actual Rows": 6565,
                                                        "Actual Loops": 1
                                                    },
                                                    {
                                                        "Worker Number": 1,
                                                        "Actual Startup Time": 96.188,
                                                        "Actual Total Time": 96.189,
                                                        "Actual Rows": 9048,
                                                        "Actual Loops": 1
                                                    },
                                                    {
                                                        "Worker Number": 2,
                                                        "Actual Startup Time": 96.183,
                                                        "Actual Total Time": 96.184,
                                                        "Actual Rows": 8498,
                                                        "Actual Loops": 1
                                                    }
                                                ],
                                                "Plans": [
                                                    {
                                                        "Node Type": "Seq Scan",
                                                        "Parent Relationship": "Outer",
                                                        "Parallel Aware": true,
                                                        "Relation Name": "title",
                                                        "Schema": "public",
                                                        "Alias": "t",
                                                        "Startup Cost": 0.0,
                                                        "Total Cost": 43899.01,
                                                        "Plan Rows": 8954,
                                                        "Plan Width": 4,
                                                        "Actual Startup Time": 0.098,
                                                        "Actual Total Time": 93.4,
                                                        "Actual Rows": 9739,
                                                        "Actual Loops": 4,
                                                        "Output": [
                                                            "t.id"
                                                        ],
                                                        "Filter": "(t.production_year = 1997)",
                                                        "Rows Removed by Filter": 622339,
                                                        "Workers": [
                                                            {
                                                                "Worker Number": 0,
                                                                "Actual Startup Time": 0.135,
                                                                "Actual Total Time": 91.468,
                                                                "Actual Rows": 6565,
                                                                "Actual Loops": 1
                                                            },
                                                            {
                                                                "Worker Number": 1,
                                                                "Actual Startup Time": 0.085,
                                                                "Actual Total Time": 91.72,
                                                                "Actual Rows": 9048,
                                                                "Actual Loops": 1
                                                            },
                                                            {
                                                                "Worker Number": 2,
                                                                "Actual Startup Time": 0.15,
                                                                "Actual Total Time": 90.979,
                                                                "Actual Rows": 8498,
                                                                "Actual Loops": 1
                                                            }
                                                        ]
                                                    }
                                                ]
                                            }
                                        ]
                                    },
                                    {
                                        "Node Type": "Index Only Scan",
                                        "Parent Relationship": "Inner",
                                        "Parallel Aware": false,
                                        "Scan Direction": "Forward",
                                        "Index Name": "movie_id_movie_keyword",
                                        "Relation Name": "movie_keyword",
                                        "Schema": "public",
                                        "Alias": "mk",
                                        "Startup Cost": 0.43,
                                        "Total Cost": 1.38,
                                        "Plan Rows": 46,
                                        "Plan Width": 4,
                                        "Actual Startup Time": 0.006,
                                        "Actual Total Time": 0.01,
                                        "Actual Rows": 27,
                                        "Actual Loops": 18050,
                                        "Output": [
                                            "mk.movie_id"
                                        ],
                                        "Index Cond": "(mk.movie_id = mc.movie_id)",
                                        "Rows Removed by Index Recheck": 0,
                                        "Heap Fetches": 492392,
                                        "Workers": [
                                            {
                                                "Worker Number": 0,
                                                "Actual Startup Time": 0.009,
                                                "Actual Total Time": 0.015,
                                                "Actual Rows": 28,
                                                "Actual Loops": 3092
                                            },
                                            {
                                                "Worker Number": 1,
                                                "Actual Startup Time": 0.007,
                                                "Actual Total Time": 0.01,
                                                "Actual Rows": 27,
                                                "Actual Loops": 4457
                                            },
                                            {
                                                "Worker Number": 2,
                                                "Actual Startup Time": 0.006,
                                                "Actual Total Time": 0.01,
                                                "Actual Rows": 29,
                                                "Actual Loops": 4576
                                            }
                                        ]
                                    }
                                ]
                            }
                        ]
                    }
                ]
            }
        ]
    },
    "Planning Time": 1.525,
    "Triggers": [],
    "Execution Time": 283.161
}