[
  {
    "Plan": {
      "Node Type": "Aggregate",
      "Strategy": "Plain",
      "Partial Mode": "Finalize",
      "Parallel Aware": false,
      "Startup Cost": 78326.33,
      "Total Cost": 78326.34,
      "Plan Rows": 1,
      "Plan Width": 8,
      "Actual Startup Time": 269.828,
      "Actual Total Time": 285.956,
      "Actual Rows": 1,
      "Actual Loops": 1,
      "Plans": [
        {
          "Node Type": "Gather",
          "Parent Relationship": "Outer",
          "Parallel Aware": false,
          "Startup Cost": 78326.02,
          "Total Cost": 78326.33,
          "Plan Rows": 3,
          "Plan Width": 8,
          "Actual Startup Time": 268.044,
          "Actual Total Time": 285.945,
          "Actual Rows": 4,
          "Actual Loops": 1,
          "Workers Planned": 3,
          "Workers Launched": 3,
          "Single Copy": false,
          "Plans": [
            {
              "Node Type": "Aggregate",
              "Strategy": "Plain",
              "Partial Mode": "Partial",
              "Parent Relationship": "Outer",
              "Parallel Aware": false,
              "Startup Cost": 77326.02,
              "Total Cost": 77326.03,
              "Plan Rows": 1,
              "Plan Width": 8,
              "Actual Startup Time": 261.562,
              "Actual Total Time": 261.565,
              "Actual Rows": 1,
              "Actual Loops": 4,
              "Plans": [
                {
                  "Node Type": "Hash Join",
                  "Parent Relationship": "Outer",
                  "Parallel Aware": true,
                  "Join Type": "Inner",
                  "Startup Cost": 46799.12,
                  "Total Cost": 77159.12,
                  "Plan Rows": 66757,
                  "Plan Width": 0,
                  "Actual Startup Time": 137.118,
                  "Actual Total Time": 259.236,
                  "Actual Rows": 51104,
                  "Actual Loops": 4,
                  "Inner Unique": true,
                  "Hash Cond": "(mc.movie_id = t.id)",
                  "Plans": [
                    {
                      "Node Type": "Seq Scan",
                      "Parent Relationship": "Outer",
                      "Parallel Aware": true,
                      "Relation Name": "movie_companies",
                      "Alias": "mc",
                      "Startup Cost": 0.0,
                      "Total Cost": 29310.68,
                      "Plan Rows": 399740,
                      "Plan Width": 4,
                      "Actual Startup Time": 0.012,
                      "Actual Total Time": 69.244,
                      "Actual Rows": 312836,
                      "Actual Loops": 4,
                      "Filter": "(company_id < 11153)",
                      "Rows Removed by Filter": 339446
                    },
                    {
                      "Node Type": "Hash",
                      "Parent Relationship": "Inner",
                      "Parallel Aware": true,
                      "Startup Cost": 45479.59,
                      "Total Cost": 45479.59,
                      "Plan Rows": 105563,
                      "Plan Width": 4,
                      "Actual Startup Time": 133.361,
                      "Actual Total Time": 133.362,
                      "Actual Rows": 78792,
                      "Actual Loops": 4,
                      "Hash Buckets": 524288,
                      "Original Hash Buckets": 524288,
                      "Hash Batches": 1,
                      "Original Hash Batches": 1,
                      "Peak Memory Usage": 16512,
                      "Plans": [
                        {
                          "Node Type": "Seq Scan",
                          "Parent Relationship": "Outer",
                          "Parallel Aware": true,
                          "Relation Name": "title",
                          "Alias": "t",
                          "Startup Cost": 0.0,
                          "Total Cost": 45479.59,
                          "Plan Rows": 105563,
                          "Plan Width": 4,
                          "Actual Startup Time": 0.037,
                          "Actual Total Time": 102.071,
                          "Actual Rows": 78792,
                          "Actual Loops": 4,
                          "Filter": "((production_year < 1991) AND (kind_id = 7))",
                          "Rows Removed by Filter": 553286
                        }
                      ]
                    }
                  ]
                }
              ]
            }
          ]
        }
      ]
    },
    "Planning Time": 0.661,
    "Triggers": [],
    "Execution Time": 286.026
  }
]