{
  "Plan": {
    "Node Type": "Aggregate",
    "Strategy": "Plain",
    "Partial Mode": "Finalize",
    "Parallel Aware": false,
    "Startup Cost": 234282.59,
    "Total Cost": 234282.6,
    "Plan Rows": 1,
    "Plan Width": 8,
    "Actual Startup Time": 2019.341,
    "Actual Total Time": 2044.328,
    "Actual Rows": 1,
    "Actual Loops": 1,
    "Plans": [
      {
        "Node Type": "Gather",
        "Parent Relationship": "Outer",
        "Parallel Aware": false,
        "Startup Cost": 234282.48,
        "Total Cost": 234282.59,
        "Plan Rows": 1,
        "Plan Width": 8,
        "Actual Startup Time": 2017.889,
        "Actual Total Time": 2044.318,
        "Actual Rows": 2,
        "Actual Loops": 1,
        "Workers Planned": 1,
        "Workers Launched": 1,
        "Single Copy": false,
        "Plans": [
          {
            "Node Type": "Aggregate",
            "Strategy": "Plain",
            "Partial Mode": "Partial",
            "Parent Relationship": "Outer",
            "Parallel Aware": false,
            "Startup Cost": 233282.48,
            "Total Cost": 233282.49,
            "Plan Rows": 1,
            "Plan Width": 8,
            "Actual Startup Time": 2011.674,
            "Actual Total Time": 2011.68,
            "Actual Rows": 1,
            "Actual Loops": 2,
            "Plans": [
              {
                "Node Type": "Hash Join",
                "Parent Relationship": "Outer",
                "Parallel Aware": true,
                "Join Type": "Inner",
                "Startup Cost": 169417.8,
                "Total Cost": 232441.4,
                "Plan Rows": 336429,
                "Plan Width": 0,
                "Actual Startup Time": 1347.324,
                "Actual Total Time": 1909.885,
                "Actual Rows": 2018372,
                "Actual Loops": 2,
                "Inner Unique": false,
                "Hash Cond": "(mk.movie_id = t.id)",
                "Plans": [
                  {
                    "Node Type": "Seq Scan",
                    "Parent Relationship": "Outer",
                    "Parallel Aware": true,
                    "Relation Name": "movie_keyword",
                    "Alias": "mk",
                    "Startup Cost": 0.0,
                    "Total Cost": 51065.35,
                    "Plan Rows": 2661135,
                    "Plan Width": 4,
                    "Actual Startup Time": 0.014,
                    "Actual Total Time": 179.399,
                    "Actual Rows": 2261965,
                    "Actual Loops": 2
                  },
                  {
                    "Node Type": "Hash",
                    "Parent Relationship": "Inner",
                    "Parallel Aware": true,
                    "Startup Cost": 167067.53,
                    "Total Cost": 167067.53,
                    "Plan Rows": 188021,
                    "Plan Width": 8,
                    "Actual Startup Time": 1341.81,
                    "Actual Total Time": 1341.813,
                    "Actual Rows": 240822,
                    "Actual Loops": 2,
                    "Hash Buckets": 524288,
                    "Original Hash Buckets": 524288,
                    "Hash Batches": 1,
                    "Original Hash Batches": 1,
                    "Peak Memory Usage": 22944,
                    "Plans": [
                      {
                        "Node Type": "Merge Join",
                        "Parent Relationship": "Outer",
                        "Parallel Aware": false,
                        "Join Type": "Inner",
                        "Startup Cost": 3.06,
                        "Total Cost": 167067.53,
                        "Plan Rows": 188021,
                        "Plan Width": 8,
                        "Actual Startup Time": 0.592,
                        "Actual Total Time": 1278.924,
                        "Actual Rows": 240822,
                        "Actual Loops": 2,
                        "Inner Unique": false,
                        "Merge Cond": "(t.id = mi_idx.movie_id)",
                        "Plans": [
                          {
                            "Node Type": "Index Scan",
                            "Parent Relationship": "Outer",
                            "Parallel Aware": true,
                            "Scan Direction": "Forward",
                            "Index Name": "title_pkey",
                            "Relation Name": "title",
                            "Alias": "t",
                            "Startup Cost": 0.43,
                            "Total Cost": 107365.5,
                            "Plan Rows": 344464,
                            "Plan Width": 4,
                            "Actual Startup Time": 0.118,
                            "Actual Total Time": 828.155,
                            "Actual Rows": 246294,
                            "Actual Loops": 2,
                            "Filter": "((kind_id < 7) AND (production_year > 1998))",
                            "Rows Removed by Filter": 1016658
                          },
                          {
                            "Node Type": "Index Only Scan",
                            "Parent Relationship": "Inner",
                            "Parallel Aware": false,
                            "Scan Direction": "Forward",
                            "Index Name": "movie_id_movie_info_idx",
                            "Relation Name": "movie_info_idx",
                            "Alias": "mi_idx",
                            "Startup Cost": 0.43,
                            "Total Cost": 53620.22,
                            "Plan Rows": 1380035,
                            "Plan Width": 4,
                            "Actual Startup Time": 0.149,
                            "Actual Total Time": 325.303,
                            "Actual Rows": 1380035,
                            "Actual Loops": 2,
                            "Heap Fetches": 2760070
                          }
                        ]
                      }
                    ]
                  }
                ]
              }
            ]
          }
        ]
      }
    ]
  },
  "Planning Time": 1.014,
  "Triggers": [],
  "Execution Time": 2044.426
}