{
  "Plan": {
    "Node Type": "Aggregate",
    "Strategy": "Plain",
    "Partial Mode": "Finalize",
    "Parallel Aware": false,
    "Startup Cost": 605419.86,
    "Total Cost": 605419.87,
    "Plan Rows": 1,
    "Plan Width": 8,
    "Actual Startup Time": 1390.612,
    "Actual Total Time": 1421.08,
    "Actual Rows": 1,
    "Actual Loops": 1,
    "Plans": [
      {
        "Node Type": "Gather",
        "Parent Relationship": "Outer",
        "Parallel Aware": false,
        "Startup Cost": 605419.75,
        "Total Cost": 605419.86,
        "Plan Rows": 1,
        "Plan Width": 8,
        "Actual Startup Time": 1387.922,
        "Actual Total Time": 1421.07,
        "Actual Rows": 2,
        "Actual Loops": 1,
        "Workers Planned": 1,
        "Workers Launched": 1,
        "Single Copy": false,
        "Plans": [
          {
            "Node Type": "Aggregate",
            "Strategy": "Plain",
            "Partial Mode": "Partial",
            "Parent Relationship": "Outer",
            "Parallel Aware": false,
            "Startup Cost": 604419.75,
            "Total Cost": 604419.76,
            "Plan Rows": 1,
            "Plan Width": 8,
            "Actual Startup Time": 1380.493,
            "Actual Total Time": 1381.04,
            "Actual Rows": 1,
            "Actual Loops": 2,
            "Plans": [
              {
                "Node Type": "Hash Join",
                "Parent Relationship": "Outer",
                "Parallel Aware": true,
                "Join Type": "Inner",
                "Startup Cost": 271870.64,
                "Total Cost": 600953.39,
                "Plan Rows": 1386544,
                "Plan Width": 0,
                "Actual Startup Time": 837.726,
                "Actual Total Time": 1373.14,
                "Actual Rows": 178064,
                "Actual Loops": 2,
                "Inner Unique": false,
                "Hash Cond": "(ci.movie_id = t.id)",
                "Plans": [
                  {
                    "Node Type": "Bitmap Heap Scan",
                    "Parent Relationship": "Outer",
                    "Parallel Aware": true,
                    "Relation Name": "cast_info",
                    "Alias": "ci",
                    "Startup Cost": 142184.31,
                    "Total Cost": 451806.04,
                    "Plan Rows": 3014631,
                    "Plan Width": 4,
                    "Actual Startup Time": 228.772,
                    "Actual Total Time": 594.798,
                    "Actual Rows": 1134104,
                    "Actual Loops": 2,
                    "Recheck Cond": "(person_id > 3024438)",
                    "Rows Removed by Index Recheck": 0,
                    "Filter": "(role_id < 8)",
                    "Rows Removed by Filter": 2004368,
                    "Exact Heap Blocks": 43470,
                    "Lossy Heap Blocks": 0,
                    "Plans": [
                      {
                        "Node Type": "Bitmap Index Scan",
                        "Parent Relationship": "Outer",
                        "Parallel Aware": false,
                        "Index Name": "person_id_cast_info",
                        "Startup Cost": 0.0,
                        "Total Cost": 140903.09,
                        "Plan Rows": 6452603,
                        "Plan Width": 0,
                        "Actual Startup Time": 214.561,
                        "Actual Total Time": 214.562,
                        "Actual Rows": 6276946,
                        "Actual Loops": 1,
                        "Index Cond": "(person_id > 3024438)"
                      }
                    ]
                  },
                  {
                    "Node Type": "Hash",
                    "Parent Relationship": "Inner",
                    "Parallel Aware": true,
                    "Startup Cost": 121135.9,
                    "Total Cost": 121135.9,
                    "Plan Rows": 684035,
                    "Plan Width": 8,
                    "Actual Startup Time": 595.148,
                    "Actual Total Time": 595.694,
                    "Actual Rows": 128808,
                    "Actual Loops": 2,
                    "Hash Buckets": 2097152,
                    "Original Hash Buckets": 2097152,
                    "Hash Batches": 1,
                    "Original Hash Batches": 1,
                    "Peak Memory Usage": 26496,
                    "Plans": [
                      {
                        "Node Type": "Hash Join",
                        "Parent Relationship": "Outer",
                        "Parallel Aware": true,
                        "Join Type": "Inner",
                        "Startup Cost": 63085.06,
                        "Total Cost": 121135.9,
                        "Plan Rows": 684035,
                        "Plan Width": 8,
                        "Actual Startup Time": 217.82,
                        "Actual Total Time": 566.246,
                        "Actual Rows": 128808,
                        "Actual Loops": 2,
                        "Inner Unique": true,
                        "Hash Cond": "(mk.movie_id = t.id)",
                        "Plans": [
                          {
                            "Node Type": "Seq Scan",
                            "Parent Relationship": "Outer",
                            "Parallel Aware": true,
                            "Relation Name": "movie_keyword",
                            "Alias": "mk",
                            "Startup Cost": 0.0,
                            "Total Cost": 51065.35,
                            "Plan Rows": 2661135,
                            "Plan Width": 4,
                            "Actual Startup Time": 0.016,
                            "Actual Total Time": 148.289,
                            "Actual Rows": 2261965,
                            "Actual Loops": 2
                          },
                          {
                            "Node Type": "Hash",
                            "Parent Relationship": "Inner",
                            "Parallel Aware": true,
                            "Startup Cost": 58306.47,
                            "Total Cost": 58306.47,
                            "Plan Rows": 382287,
                            "Plan Width": 4,
                            "Actual Startup Time": 214.02,
                            "Actual Total Time": 214.021,
                            "Actual Rows": 278398,
                            "Actual Loops": 2,
                            "Hash Buckets": 1048576,
                            "Original Hash Buckets": 1048576,
                            "Hash Batches": 1,
                            "Original Hash Batches": 1,
                            "Peak Memory Usage": 29984,
                            "Plans": [
                              {
                                "Node Type": "Seq Scan",
                                "Parent Relationship": "Outer",
                                "Parallel Aware": true,
                                "Relation Name": "title",
                                "Alias": "t",
                                "Startup Cost": 0.0,
                                "Total Cost": 58306.47,
                                "Plan Rows": 382287,
                                "Plan Width": 4,
                                "Actual Startup Time": 0.028,
                                "Actual Total Time": 143.471,
                                "Actual Rows": 278398,
                                "Actual Loops": 2,
                                "Filter": "((production_year < 2001) AND (kind_id = 7))",
                                "Rows Removed by Filter": 985758
                              }
                            ]
                          }
                        ]
                      }
                    ]
                  }
                ]
              }
            ]
          }
        ]
      }
    ]
  },
  "Planning Time": 1.04,
  "Triggers": [],
  "Execution Time": 1421.184
}