[
  {
    "Plan": {
      "Node Type": "Aggregate",
      "Strategy": "Plain",
      "Partial Mode": "Finalize",
      "Parallel Aware": false,
      "Startup Cost": 32651.22,
      "Total Cost": 32651.23,
      "Plan Rows": 1,
      "Plan Width": 8,
      "Actual Startup Time": 106.726,
      "Actual Total Time": 114.513,
      "Actual Rows": 1,
      "Actual Loops": 1,
      "Plans": [
        {
          "Node Type": "Gather",
          "Parent Relationship": "Outer",
          "Parallel Aware": false,
          "Startup Cost": 32650.9,
          "Total Cost": 32651.21,
          "Plan Rows": 3,
          "Plan Width": 8,
          "Actual Startup Time": 106.572,
          "Actual Total Time": 114.503,
          "Actual Rows": 4,
          "Actual Loops": 1,
          "Workers Planned": 3,
          "Workers Launched": 3,
          "Single Copy": false,
          "Plans": [
            {
              "Node Type": "Aggregate",
              "Strategy": "Plain",
              "Partial Mode": "Partial",
              "Parent Relationship": "Outer",
              "Parallel Aware": false,
              "Startup Cost": 31650.9,
              "Total Cost": 31650.91,
              "Plan Rows": 1,
              "Plan Width": 8,
              "Actual Startup Time": 87.917,
              "Actual Total Time": 87.918,
              "Actual Rows": 1,
              "Actual Loops": 4,
              "Plans": [
                {
                  "Node Type": "Seq Scan",
                  "Parent Relationship": "Outer",
                  "Parallel Aware": true,
                  "Relation Name": "movie_companies",
                  "Alias": "mc",
                  "Startup Cost": 0.0,
                  "Total Cost": 31414.82,
                  "Plan Rows": 94432,
                  "Plan Width": 0,
                  "Actual Startup Time": 0.052,
                  "Actual Total Time": 78.708,
                  "Actual Rows": 106476,
                  "Actual Loops": 4,
                  "Filter": "((company_id < 677) AND (company_type_id = 1))",
                  "Rows Removed by Filter": 545806
                }
              ]
            }
          ]
        }
      ]
    },
    "Planning Time": 0.22,
    "Triggers": [],
    "Execution Time": 114.57
  }
]