[
  {
    "Plan": {
      "Node Type": "Aggregate",
      "Strategy": "Plain",
      "Partial Mode": "Finalize",
      "Parallel Aware": false,
      "Startup Cost": 316199.38,
      "Total Cost": 316199.39,
      "Plan Rows": 1,
      "Plan Width": 8,
      "Actual Startup Time": 432.345,
      "Actual Total Time": 450.206,
      "Actual Rows": 1,
      "Actual Loops": 1,
      "Plans": [
        {
          "Node Type": "Gather",
          "Parent Relationship": "Outer",
          "Parallel Aware": false,
          "Startup Cost": 316198.96,
          "Total Cost": 316199.37,
          "Plan Rows": 4,
          "Plan Width": 8,
          "Actual Startup Time": 427.481,
          "Actual Total Time": 450.195,
          "Actual Rows": 5,
          "Actual Loops": 1,
          "Workers Planned": 4,
          "Workers Launched": 4,
          "Single Copy": false,
          "Plans": [
            {
              "Node Type": "Aggregate",
              "Strategy": "Plain",
              "Partial Mode": "Partial",
              "Parent Relationship": "Outer",
              "Parallel Aware": false,
              "Startup Cost": 315198.96,
              "Total Cost": 315198.97,
              "Plan Rows": 1,
              "Plan Width": 8,
              "Actual Startup Time": 416.555,
              "Actual Total Time": 416.56,
              "Actual Rows": 1,
              "Actual Loops": 5,
              "Plans": [
                {
                  "Node Type": "Hash Join",
                  "Parent Relationship": "Outer",
                  "Parallel Aware": true,
                  "Join Type": "Inner",
                  "Startup Cost": 266029.32,
                  "Total Cost": 314881.25,
                  "Plan Rows": 127086,
                  "Plan Width": 0,
                  "Actual Startup Time": 147.477,
                  "Actual Total Time": 409.446,
                  "Actual Rows": 106330,
                  "Actual Loops": 5,
                  "Inner Unique": false,
                  "Hash Cond": "(t.id = ci.movie_id)",
                  "Plans": [
                    {
                      "Node Type": "Seq Scan",
                      "Parent Relationship": "Outer",
                      "Parallel Aware": true,
                      "Relation Name": "title",
                      "Alias": "t",
                      "Startup Cost": 0.0,
                      "Total Cost": 42319.06,
                      "Plan Rows": 632106,
                      "Plan Width": 4,
                      "Actual Startup Time": 0.026,
                      "Actual Total Time": 90.735,
                      "Actual Rows": 505662,
                      "Actual Loops": 5
                    },
                    {
                      "Node Type": "Hash",
                      "Parent Relationship": "Inner",
                      "Parallel Aware": true,
                      "Startup Cost": 264970.27,
                      "Total Cost": 264970.27,
                      "Plan Rows": 84724,
                      "Plan Width": 4,
                      "Actual Startup Time": 143.863,
                      "Actual Total Time": 143.864,
                      "Actual Rows": 106330,
                      "Actual Loops": 5,
                      "Hash Buckets": 1048576,
                      "Original Hash Buckets": 524288,
                      "Hash Batches": 1,
                      "Original Hash Batches": 1,
                      "Peak Memory Usage": 33152,
                      "Plans": [
                        {
                          "Node Type": "Bitmap Heap Scan",
                          "Parent Relationship": "Outer",
                          "Parallel Aware": true,
                          "Relation Name": "cast_info",
                          "Alias": "ci",
                          "Startup Cost": 11224.22,
                          "Total Cost": 264970.27,
                          "Plan Rows": 84724,
                          "Plan Width": 4,
                          "Actual Startup Time": 27.612,
                          "Actual Total Time": 70.851,
                          "Actual Rows": 106330,
                          "Actual Loops": 5,
                          "Recheck Cond": "(person_id < 58497)",
                          "Rows Removed by Index Recheck": 0,
                          "Exact Heap Blocks": 1493,
                          "Lossy Heap Blocks": 0,
                          "Plans": [
                            {
                              "Node Type": "Bitmap Index Scan",
                              "Parent Relationship": "Outer",
                              "Parallel Aware": false,
                              "Index Name": "person_id_cast_info",
                              "Startup Cost": 0.0,
                              "Total Cost": 11097.14,
                              "Plan Rows": 508343,
                              "Plan Width": 0,
                              "Actual Startup Time": 26.574,
                              "Actual Total Time": 26.574,
                              "Actual Rows": 531648,
                              "Actual Loops": 1,
                              "Index Cond": "(person_id < 58497)"
                            }
                          ]
                        }
                      ]
                    }
                  ]
                }
              ]
            }
          ]
        }
      ]
    },
    "Planning Time": 0.648,
    "Triggers": [],
    "Execution Time": 450.325
  }
]