{
  "Plan": {
    "Node Type": "Aggregate",
    "Strategy": "Plain",
    "Partial Mode": "Finalize",
    "Parallel Aware": false,
    "Startup Cost": 412704.18,
    "Total Cost": 412704.19,
    "Plan Rows": 1,
    "Plan Width": 8,
    "Actual Startup Time": 4308.714,
    "Actual Total Time": 4363.115,
    "Actual Rows": 1,
    "Actual Loops": 1,
    "Plans": [
      {
        "Node Type": "Gather",
        "Parent Relationship": "Outer",
        "Parallel Aware": false,
        "Startup Cost": 412704.06,
        "Total Cost": 412704.17,
        "Plan Rows": 1,
        "Plan Width": 8,
        "Actual Startup Time": 4301.93,
        "Actual Total Time": 4363.105,
        "Actual Rows": 2,
        "Actual Loops": 1,
        "Workers Planned": 1,
        "Workers Launched": 1,
        "Single Copy": false,
        "Plans": [
          {
            "Node Type": "Aggregate",
            "Strategy": "Plain",
            "Partial Mode": "Partial",
            "Parent Relationship": "Outer",
            "Parallel Aware": false,
            "Startup Cost": 411704.06,
            "Total Cost": 411704.07,
            "Plan Rows": 1,
            "Plan Width": 8,
            "Actual Startup Time": 4296.046,
            "Actual Total Time": 4296.325,
            "Actual Rows": 1,
            "Actual Loops": 2,
            "Plans": [
              {
                "Node Type": "Hash Join",
                "Parent Relationship": "Outer",
                "Parallel Aware": true,
                "Join Type": "Inner",
                "Startup Cost": 114384.22,
                "Total Cost": 407005.77,
                "Plan Rows": 1879316,
                "Plan Width": 0,
                "Actual Startup Time": 881.934,
                "Actual Total Time": 3645.163,
                "Actual Rows": 14818658,
                "Actual Loops": 2,
                "Inner Unique": false,
                "Hash Cond": "(mi.movie_id = t.id)",
                "Plans": [
                  {
                    "Node Type": "Seq Scan",
                    "Parent Relationship": "Outer",
                    "Parallel Aware": true,
                    "Relation Name": "movie_info",
                    "Alias": "mi",
                    "Startup Cost": 0.0,
                    "Total Cost": 248955.74,
                    "Plan Rows": 8696274,
                    "Plan Width": 4,
                    "Actual Startup Time": 0.018,
                    "Actual Total Time": 670.347,
                    "Actual Rows": 7417860,
                    "Actual Loops": 2
                  },
                  {
                    "Node Type": "Hash",
                    "Parent Relationship": "Inner",
                    "Parallel Aware": true,
                    "Startup Cost": 110366.73,
                    "Total Cost": 110366.73,
                    "Plan Rows": 321399,
                    "Plan Width": 8,
                    "Actual Startup Time": 871.638,
                    "Actual Total Time": 871.915,
                    "Actual Rows": 265238,
                    "Actual Loops": 2,
                    "Hash Buckets": 1048576,
                    "Original Hash Buckets": 1048576,
                    "Hash Batches": 1,
                    "Original Hash Batches": 1,
                    "Peak Memory Usage": 28992,
                    "Plans": [
                      {
                        "Node Type": "Hash Join",
                        "Parent Relationship": "Outer",
                        "Parallel Aware": true,
                        "Join Type": "Inner",
                        "Startup Cost": 81051.57,
                        "Total Cost": 110366.73,
                        "Plan Rows": 321399,
                        "Plan Width": 8,
                        "Actual Startup Time": 641.722,
                        "Actual Total Time": 805.637,
                        "Actual Rows": 265238,
                        "Actual Loops": 2,
                        "Inner Unique": true,
                        "Hash Cond": "(mk.movie_id = t.id)",
                        "Plans": [
                          {
                            "Node Type": "Bitmap Heap Scan",
                            "Parent Relationship": "Outer",
                            "Parallel Aware": true,
                            "Relation Name": "movie_keyword",
                            "Alias": "mk",
                            "Startup Cost": 11590.87,
                            "Total Cost": 40062.36,
                            "Plan Rows": 321399,
                            "Plan Width": 4,
                            "Actual Startup Time": 45.93,
                            "Actual Total Time": 122.929,
                            "Actual Rows": 265238,
                            "Actual Loops": 2,
                            "Recheck Cond": "(keyword_id > 34372)",
                            "Rows Removed by Index Recheck": 0,
                            "Exact Heap Blocks": 10289,
                            "Lossy Heap Blocks": 0,
                            "Plans": [
                              {
                                "Node Type": "Bitmap Index Scan",
                                "Parent Relationship": "Outer",
                                "Parallel Aware": false,
                                "Index Name": "keyword_id_movie_keyword",
                                "Startup Cost": 0.0,
                                "Total Cost": 11454.27,
                                "Plan Rows": 546379,
                                "Plan Width": 0,
                                "Actual Startup Time": 40.4,
                                "Actual Total Time": 40.4,
                                "Actual Rows": 530475,
                                "Actual Loops": 1,
                                "Index Cond": "(keyword_id > 34372)"
                              }
                            ]
                          },
                          {
                            "Node Type": "Hash",
                            "Parent Relationship": "Inner",
                            "Parallel Aware": true,
                            "Startup Cost": 50870.31,
                            "Total Cost": 50870.31,
                            "Plan Rows": 1487231,
                            "Plan Width": 4,
                            "Actual Startup Time": 577.795,
                            "Actual Total Time": 577.796,
                            "Actual Rows": 1264156,
                            "Actual Loops": 2,
                            "Hash Buckets": 4194304,
                            "Original Hash Buckets": 4194304,
                            "Hash Batches": 1,
                            "Original Hash Batches": 1,
                            "Peak Memory Usage": 131712,
                            "Plans": [
                              {
                                "Node Type": "Seq Scan",
                                "Parent Relationship": "Outer",
                                "Parallel Aware": true,
                                "Relation Name": "title",
                                "Alias": "t",
                                "Startup Cost": 0.0,
                                "Total Cost": 50870.31,
                                "Plan Rows": 1487231,
                                "Plan Width": 4,
                                "Actual Startup Time": 0.035,
                                "Actual Total Time": 179.906,
                                "Actual Rows": 1264156,
                                "Actual Loops": 2
                              }
                            ]
                          }
                        ]
                      }
                    ]
                  }
                ]
              }
            ]
          }
        ]
      }
    ]
  },
  "Planning Time": 0.902,
  "Triggers": [],
  "Execution Time": 4363.228
}