{
  "Plan": {
    "Node Type": "Aggregate",
    "Strategy": "Plain",
    "Partial Mode": "Finalize",
    "Parallel Aware": false,
    "Startup Cost": 355487.59,
    "Total Cost": 355487.6,
    "Plan Rows": 1,
    "Plan Width": 8,
    "Actual Startup Time": 1144.383,
    "Actual Total Time": 1165.731,
    "Actual Rows": 1,
    "Actual Loops": 1,
    "Plans": [
      {
        "Node Type": "Gather",
        "Parent Relationship": "Outer",
        "Parallel Aware": false,
        "Startup Cost": 355487.48,
        "Total Cost": 355487.59,
        "Plan Rows": 1,
        "Plan Width": 8,
        "Actual Startup Time": 1139.443,
        "Actual Total Time": 1165.725,
        "Actual Rows": 2,
        "Actual Loops": 1,
        "Workers Planned": 1,
        "Workers Launched": 1,
        "Single Copy": false,
        "Plans": [
          {
            "Node Type": "Aggregate",
            "Strategy": "Plain",
            "Partial Mode": "Partial",
            "Parent Relationship": "Outer",
            "Parallel Aware": false,
            "Startup Cost": 354487.48,
            "Total Cost": 354487.49,
            "Plan Rows": 1,
            "Plan Width": 8,
            "Actual Startup Time": 1130.438,
            "Actual Total Time": 1130.446,
            "Actual Rows": 1,
            "Actual Loops": 2,
            "Plans": [
              {
                "Node Type": "Merge Join",
                "Parent Relationship": "Outer",
                "Parallel Aware": false,
                "Join Type": "Inner",
                "Startup Cost": 343425.13,
                "Total Cost": 354006.85,
                "Plan Rows": 192251,
                "Plan Width": 0,
                "Actual Startup Time": 1064.372,
                "Actual Total Time": 1124.612,
                "Actual Rows": 152204,
                "Actual Loops": 2,
                "Inner Unique": false,
                "Merge Cond": "(t.id = mc.movie_id)",
                "Plans": [
                  {
                    "Node Type": "Sort",
                    "Parent Relationship": "Outer",
                    "Parallel Aware": false,
                    "Startup Cost": 266894.88,
                    "Total Cost": 270348.38,
                    "Plan Rows": 1381403,
                    "Plan Width": 8,
                    "Actual Startup Time": 790.296,
                    "Actual Total Time": 800.465,
                    "Actual Rows": 291684,
                    "Actual Loops": 2,
                    "Sort Key": [
                      "mk.movie_id"
                    ],
                    "Sort Method": "quicksort",
                    "Sort Space Used": 25815,
                    "Sort Space Type": "Memory",
                    "Workers": [
                      {
                        "Worker Number": 0,
                        "Sort Method": "quicksort",
                        "Sort Space Used": 26107,
                        "Sort Space Type": "Memory"
                      }
                    ],
                    "Plans": [
                      {
                        "Node Type": "Hash Join",
                        "Parent Relationship": "Outer",
                        "Parallel Aware": true,
                        "Join Type": "Inner",
                        "Startup Cost": 67956.79,
                        "Total Cost": 126007.64,
                        "Plan Rows": 1381403,
                        "Plan Width": 8,
                        "Actual Startup Time": 357.063,
                        "Actual Total Time": 734.96,
                        "Actual Rows": 291684,
                        "Actual Loops": 2,
                        "Inner Unique": true,
                        "Hash Cond": "(mk.movie_id = t.id)",
                        "Plans": [
                          {
                            "Node Type": "Seq Scan",
                            "Parent Relationship": "Outer",
                            "Parallel Aware": true,
                            "Relation Name": "movie_keyword",
                            "Alias": "mk",
                            "Startup Cost": 0.0,
                            "Total Cost": 51065.35,
                            "Plan Rows": 2661135,
                            "Plan Width": 4,
                            "Actual Startup Time": 0.014,
                            "Actual Total Time": 151.258,
                            "Actual Rows": 2261965,
                            "Actual Loops": 2
                          },
                          {
                            "Node Type": "Hash",
                            "Parent Relationship": "Inner",
                            "Parallel Aware": true,
                            "Startup Cost": 58306.47,
                            "Total Cost": 58306.47,
                            "Plan Rows": 772026,
                            "Plan Width": 4,
                            "Actual Startup Time": 342.797,
                            "Actual Total Time": 342.798,
                            "Actual Rows": 695762,
                            "Actual Loops": 2,
                            "Hash Buckets": 2097152,
                            "Original Hash Buckets": 2097152,
                            "Hash Batches": 1,
                            "Original Hash Batches": 1,
                            "Peak Memory Usage": 70880,
                            "Plans": [
                              {
                                "Node Type": "Seq Scan",
                                "Parent Relationship": "Outer",
                                "Parallel Aware": true,
                                "Relation Name": "title",
                                "Alias": "t",
                                "Startup Cost": 0.0,
                                "Total Cost": 58306.47,
                                "Plan Rows": 772026,
                                "Plan Width": 4,
                                "Actual Startup Time": 0.029,
                                "Actual Total Time": 165.375,
                                "Actual Rows": 695762,
                                "Actual Loops": 2,
                                "Filter": "((production_year > 1965) AND (kind_id = 7))",
                                "Rows Removed by Filter": 568394
                              }
                            ]
                          }
                        ]
                      }
                    ]
                  },
                  {
                    "Node Type": "Sort",
                    "Parent Relationship": "Inner",
                    "Parallel Aware": false,
                    "Startup Cost": 76530.11,
                    "Total Cost": 77409.78,
                    "Plan Rows": 351865,
                    "Plan Width": 4,
                    "Actual Startup Time": 274.058,
                    "Actual Total Time": 285.549,
                    "Actual Rows": 354859,
                    "Actual Loops": 2,
                    "Sort Key": [
                      "mc.movie_id"
                    ],
                    "Sort Method": "quicksort",
                    "Sort Space Used": 56022,
                    "Sort Space Type": "Memory",
                    "Workers": [
                      {
                        "Worker Number": 0,
                        "Sort Method": "quicksort",
                        "Sort Space Used": 56022,
                        "Sort Space Type": "Memory"
                      }
                    ],
                    "Plans": [
                      {
                        "Node Type": "Bitmap Heap Scan",
                        "Parent Relationship": "Outer",
                        "Parallel Aware": false,
                        "Relation Name": "movie_companies",
                        "Alias": "mc",
                        "Startup Cost": 14929.98,
                        "Total Cost": 44115.14,
                        "Plan Rows": 351865,
                        "Plan Width": 4,
                        "Actual Startup Time": 44.102,
                        "Actual Total Time": 138.713,
                        "Actual Rows": 670829,
                        "Actual Loops": 2,
                        "Recheck Cond": "(company_id > 44130)",
                        "Rows Removed by Index Recheck": 0,
                        "Filter": "(company_type_id = 2)",
                        "Rows Removed by Filter": 36538,
                        "Exact Heap Blocks": 12216,
                        "Lossy Heap Blocks": 0,
                        "Plans": [
                          {
                            "Node Type": "Bitmap Index Scan",
                            "Parent Relationship": "Outer",
                            "Parallel Aware": false,
                            "Index Name": "company_id_movie_companies",
                            "Startup Cost": 0.0,
                            "Total Cost": 14842.01,
                            "Plan Rows": 693011,
                            "Plan Width": 0,
                            "Actual Startup Time": 31.767,
                            "Actual Total Time": 31.767,
                            "Actual Rows": 707367,
                            "Actual Loops": 2,
                            "Index Cond": "(company_id > 44130)"
                          }
                        ]
                      }
                    ]
                  }
                ]
              }
            ]
          }
        ]
      }
    ]
  },
  "Planning Time": 0.938,
  "Triggers": [],
  "Execution Time": 1169.75
}