{
  "Plan": {
    "Node Type": "Aggregate",
    "Strategy": "Plain",
    "Partial Mode": "Finalize",
    "Parallel Aware": false,
    "Startup Cost": 336689.76,
    "Total Cost": 336689.77,
    "Plan Rows": 1,
    "Plan Width": 8,
    "Actual Startup Time": 2321.255,
    "Actual Total Time": 2365.225,
    "Actual Rows": 1,
    "Actual Loops": 1,
    "Plans": [
      {
        "Node Type": "Gather",
        "Parent Relationship": "Outer",
        "Parallel Aware": false,
        "Startup Cost": 336689.65,
        "Total Cost": 336689.76,
        "Plan Rows": 1,
        "Plan Width": 8,
        "Actual Startup Time": 2319.809,
        "Actual Total Time": 2365.218,
        "Actual Rows": 2,
        "Actual Loops": 1,
        "Workers Planned": 1,
        "Workers Launched": 1,
        "Single Copy": false,
        "Plans": [
          {
            "Node Type": "Aggregate",
            "Strategy": "Plain",
            "Partial Mode": "Partial",
            "Parent Relationship": "Outer",
            "Parallel Aware": false,
            "Startup Cost": 335689.65,
            "Total Cost": 335689.66,
            "Plan Rows": 1,
            "Plan Width": 8,
            "Actual Startup Time": 2313.628,
            "Actual Total Time": 2313.632,
            "Actual Rows": 1,
            "Actual Loops": 2,
            "Plans": [
              {
                "Node Type": "Hash Join",
                "Parent Relationship": "Outer",
                "Parallel Aware": true,
                "Join Type": "Inner",
                "Startup Cost": 58475.1,
                "Total Cost": 330258.58,
                "Plan Rows": 2172427,
                "Plan Width": 0,
                "Actual Startup Time": 203.435,
                "Actual Total Time": 2159.031,
                "Actual Rows": 3856820,
                "Actual Loops": 2,
                "Inner Unique": true,
                "Hash Cond": "(mi.movie_id = t.id)",
                "Plans": [
                  {
                    "Node Type": "Seq Scan",
                    "Parent Relationship": "Outer",
                    "Parallel Aware": true,
                    "Relation Name": "movie_info",
                    "Alias": "mi",
                    "Startup Cost": 0.0,
                    "Total Cost": 248955.74,
                    "Plan Rows": 8696274,
                    "Plan Width": 4,
                    "Actual Startup Time": 0.011,
                    "Actual Total Time": 618.299,
                    "Actual Rows": 7417860,
                    "Actual Loops": 2
                  },
                  {
                    "Node Type": "Hash",
                    "Parent Relationship": "Inner",
                    "Parallel Aware": true,
                    "Startup Cost": 53831.01,
                    "Total Cost": 53831.01,
                    "Plan Rows": 371527,
                    "Plan Width": 4,
                    "Actual Startup Time": 167.695,
                    "Actual Total Time": 167.696,
                    "Actual Rows": 302295,
                    "Actual Loops": 2,
                    "Hash Buckets": 1048576,
                    "Original Hash Buckets": 1048576,
                    "Hash Batches": 1,
                    "Original Hash Batches": 1,
                    "Peak Memory Usage": 31872,
                    "Plans": [
                      {
                        "Node Type": "Bitmap Heap Scan",
                        "Parent Relationship": "Outer",
                        "Parallel Aware": true,
                        "Relation Name": "title",
                        "Alias": "t",
                        "Startup Cost": 11980.75,
                        "Total Cost": 53831.01,
                        "Plan Rows": 371527,
                        "Plan Width": 4,
                        "Actual Startup Time": 28.479,
                        "Actual Total Time": 98.188,
                        "Actual Rows": 302295,
                        "Actual Loops": 2,
                        "Recheck Cond": "(kind_id = 1)",
                        "Rows Removed by Index Recheck": 0,
                        "Filter": "(production_year > 1913)",
                        "Rows Removed by Filter": 29118,
                        "Exact Heap Blocks": 7666,
                        "Lossy Heap Blocks": 0,
                        "Plans": [
                          {
                            "Node Type": "Bitmap Index Scan",
                            "Parent Relationship": "Outer",
                            "Parallel Aware": false,
                            "Index Name": "kind_id_title",
                            "Startup Cost": 0.0,
                            "Total Cost": 11822.85,
                            "Plan Rows": 663256,
                            "Plan Width": 0,
                            "Actual Startup Time": 26.608,
                            "Actual Total Time": 26.608,
                            "Actual Rows": 662825,
                            "Actual Loops": 1,
                            "Index Cond": "(kind_id = 1)"
                          }
                        ]
                      }
                    ]
                  }
                ]
              }
            ]
          }
        ]
      }
    ]
  },
  "Planning Time": 0.588,
  "Triggers": [],
  "Execution Time": 2365.305
}