[
    {
        "Bao": {
            "Bao prediction": "NaN",
            "Bao recommended hint": "(no hint)"
        }
    },
    {
        "Plan": {
            "Node Type": "Aggregate",
            "Strategy": "Plain",
            "Partial Mode": "Finalize",
            "Parallel Aware": false,
            "Startup Cost": 399258.88,
            "Total Cost": 399258.89,
            "Plan Rows": 1,
            "Plan Width": 8,
            "Actual Startup Time": 2649.67,
            "Actual Total Time": 2682.18,
            "Actual Rows": 1,
            "Actual Loops": 1,
            "Output": [
                "count(*)"
            ],
            "Plans": [
                {
                    "Node Type": "Gather",
                    "Parent Relationship": "Outer",
                    "Parallel Aware": false,
                    "Startup Cost": 399258.25,
                    "Total Cost": 399258.86,
                    "Plan Rows": 6,
                    "Plan Width": 8,
                    "Actual Startup Time": 2628.693,
                    "Actual Total Time": 2682.169,
                    "Actual Rows": 7,
                    "Actual Loops": 1,
                    "Output": [
                        "(PARTIAL count(*))"
                    ],
                    "Workers Planned": 6,
                    "Workers Launched": 6,
                    "Single Copy": false,
                    "Plans": [
                        {
                            "Node Type": "Aggregate",
                            "Strategy": "Plain",
                            "Partial Mode": "Partial",
                            "Parent Relationship": "Outer",
                            "Parallel Aware": false,
                            "Startup Cost": 398258.25,
                            "Total Cost": 398258.26,
                            "Plan Rows": 1,
                            "Plan Width": 8,
                            "Actual Startup Time": 2612.432,
                            "Actual Total Time": 2612.436,
                            "Actual Rows": 1,
                            "Actual Loops": 7,
                            "Output": [
                                "PARTIAL count(*)"
                            ],
                            "Workers": [
                                {
                                    "Worker Number": 0,
                                    "Actual Startup Time": 2609.402,
                                    "Actual Total Time": 2609.404,
                                    "Actual Rows": 1,
                                    "Actual Loops": 1
                                },
                                {
                                    "Worker Number": 1,
                                    "Actual Startup Time": 2610.882,
                                    "Actual Total Time": 2610.885,
                                    "Actual Rows": 1,
                                    "Actual Loops": 1
                                },
                                {
                                    "Worker Number": 2,
                                    "Actual Startup Time": 2609.466,
                                    "Actual Total Time": 2609.469,
                                    "Actual Rows": 1,
                                    "Actual Loops": 1
                                },
                                {
                                    "Worker Number": 3,
                                    "Actual Startup Time": 2609.63,
                                    "Actual Total Time": 2609.633,
                                    "Actual Rows": 1,
                                    "Actual Loops": 1
                                },
                                {
                                    "Worker Number": 4,
                                    "Actual Startup Time": 2609.676,
                                    "Actual Total Time": 2609.68,
                                    "Actual Rows": 1,
                                    "Actual Loops": 1
                                },
                                {
                                    "Worker Number": 5,
                                    "Actual Startup Time": 2609.684,
                                    "Actual Total Time": 2609.686,
                                    "Actual Rows": 1,
                                    "Actual Loops": 1
                                }
                            ],
                            "Plans": [
                                {
                                    "Node Type": "Hash Join",
                                    "Parent Relationship": "Outer",
                                    "Parallel Aware": true,
                                    "Join Type": "Inner",
                                    "Startup Cost": 50977.53,
                                    "Total Cost": 389479.68,
                                    "Plan Rows": 3511429,
                                    "Plan Width": 0,
                                    "Actual Startup Time": 418.801,
                                    "Actual Total Time": 2425.573,
                                    "Actual Rows": 3178513,
                                    "Actual Loops": 7,
                                    "Inner Unique": true,
                                    "Hash Cond": "(ci.movie_id = t.id)",
                                    "Workers": [
                                        {
                                            "Worker Number": 0,
                                            "Actual Startup Time": 415.959,
                                            "Actual Total Time": 2422.436,
                                            "Actual Rows": 3090090,
                                            "Actual Loops": 1
                                        },
                                        {
                                            "Worker Number": 1,
                                            "Actual Startup Time": 416.048,
                                            "Actual Total Time": 2422.506,
                                            "Actual Rows": 3189373,
                                            "Actual Loops": 1
                                        },
                                        {
                                            "Worker Number": 2,
                                            "Actual Startup Time": 416.064,
                                            "Actual Total Time": 2420.55,
                                            "Actual Rows": 3030033,
                                            "Actual Loops": 1
                                        },
                                        {
                                            "Worker Number": 3,
                                            "Actual Startup Time": 416.201,
                                            "Actual Total Time": 2412.04,
                                            "Actual Rows": 2781073,
                                            "Actual Loops": 1
                                        },
                                        {
                                            "Worker Number": 4,
                                            "Actual Startup Time": 416.274,
                                            "Actual Total Time": 2419.46,
                                            "Actual Rows": 2999869,
                                            "Actual Loops": 1
                                        },
                                        {
                                            "Worker Number": 5,
                                            "Actual Startup Time": 416.237,
                                            "Actual Total Time": 2421.424,
                                            "Actual Rows": 3109314,
                                            "Actual Loops": 1
                                        }
                                    ],
                                    "Plans": [
                                        {
                                            "Node Type": "Seq Scan",
                                            "Parent Relationship": "Outer",
                                            "Parallel Aware": true,
                                            "Relation Name": "cast_info",
                                            "Schema": "public",
                                            "Alias": "ci",
                                            "Startup Cost": 0.0,
                                            "Total Cost": 328213.62,
                                            "Plan Rows": 3919432,
                                            "Plan Width": 4,
                                            "Actual Startup Time": 157.525,
                                            "Actual Total Time": 685.935,
                                            "Actual Rows": 3358101,
                                            "Actual Loops": 7,
                                            "Output": [
                                                "ci.id",
                                                "ci.person_id",
                                                "ci.movie_id",
                                                "ci.person_role_id",
                                                "ci.note",
                                                "ci.nr_order",
                                                "ci.role_id"
                                            ],
                                            "Filter": "(ci.person_id > 1256209)",
                                            "Rows Removed by Filter": 1819663,
                                            "Workers": [
                                                {
                                                    "Worker Number": 0,
                                                    "Actual Startup Time": 157.511,
                                                    "Actual Total Time": 689.836,
                                                    "Actual Rows": 3268120,
                                                    "Actual Loops": 1
                                                },
                                                {
                                                    "Worker Number": 1,
                                                    "Actual Startup Time": 157.48,
                                                    "Actual Total Time": 701.53,
                                                    "Actual Rows": 3370147,
                                                    "Actual Loops": 1
                                                },
                                                {
                                                    "Worker Number": 2,
                                                    "Actual Startup Time": 157.616,
                                                    "Actual Total Time": 704.157,
                                                    "Actual Rows": 3195433,
                                                    "Actual Loops": 1
                                                },
                                                {
                                                    "Worker Number": 3,
                                                    "Actual Startup Time": 157.5,
                                                    "Actual Total Time": 720.529,
                                                    "Actual Rows": 2941012,
                                                    "Actual Loops": 1
                                                },
                                                {
                                                    "Worker Number": 4,
                                                    "Actual Startup Time": 157.523,
                                                    "Actual Total Time": 696.754,
                                                    "Actual Rows": 3164656,
                                                    "Actual Loops": 1
                                                },
                                                {
                                                    "Worker Number": 5,
                                                    "Actual Startup Time": 157.551,
                                                    "Actual Total Time": 690.426,
                                                    "Actual Rows": 3287505,
                                                    "Actual Loops": 1
                                                }
                                            ]
                                        },
                                        {
                                            "Node Type": "Hash",
                                            "Parent Relationship": "Inner",
                                            "Parallel Aware": true,
                                            "Startup Cost": 43899.01,
                                            "Total Cost": 43899.01,
                                            "Plan Rows": 566282,
                                            "Plan Width": 4,
                                            "Actual Startup Time": 255.869,
                                            "Actual Total Time": 255.869,
                                            "Actual Rows": 324061,
                                            "Actual Loops": 7,
                                            "Output": [
                                                "t.id"
                                            ],
                                            "Hash Buckets": 4194304,
                                            "Original Hash Buckets": 4194304,
                                            "Hash Batches": 1,
                                            "Original Hash Batches": 1,
                                            "Peak Memory Usage": 121632,
                                            "Workers": [
                                                {
                                                    "Worker Number": 0,
                                                    "Actual Startup Time": 257.466,
                                                    "Actual Total Time": 257.467,
                                                    "Actual Rows": 286429,
                                                    "Actual Loops": 1
                                                },
                                                {
                                                    "Worker Number": 1,
                                                    "Actual Startup Time": 257.527,
                                                    "Actual Total Time": 257.528,
                                                    "Actual Rows": 296646,
                                                    "Actual Loops": 1
                                                },
                                                {
                                                    "Worker Number": 2,
                                                    "Actual Startup Time": 257.655,
                                                    "Actual Total Time": 257.656,
                                                    "Actual Rows": 289661,
                                                    "Actual Loops": 1
                                                },
                                                {
                                                    "Worker Number": 3,
                                                    "Actual Startup Time": 257.689,
                                                    "Actual Total Time": 257.69,
                                                    "Actual Rows": 291698,
                                                    "Actual Loops": 1
                                                },
                                                {
                                                    "Worker Number": 4,
                                                    "Actual Startup Time": 257.743,
                                                    "Actual Total Time": 257.744,
                                                    "Actual Rows": 282720,
                                                    "Actual Loops": 1
                                                },
                                                {
                                                    "Worker Number": 5,
                                                    "Actual Startup Time": 257.707,
                                                    "Actual Total Time": 257.708,
                                                    "Actual Rows": 285557,
                                                    "Actual Loops": 1
                                                }
                                            ],
                                            "Plans": [
                                                {
                                                    "Node Type": "Seq Scan",
                                                    "Parent Relationship": "Outer",
                                                    "Parallel Aware": true,
                                                    "Relation Name": "title",
                                                    "Schema": "public",
                                                    "Alias": "t",
                                                    "Startup Cost": 0.0,
                                                    "Total Cost": 43899.01,
                                                    "Plan Rows": 566282,
                                                    "Plan Width": 4,
                                                    "Actual Startup Time": 0.057,
                                                    "Actual Total Time": 92.854,
                                                    "Actual Rows": 324061,
                                                    "Actual Loops": 7,
                                                    "Output": [
                                                        "t.id"
                                                    ],
                                                    "Filter": "(t.production_year > 1953)",
                                                    "Rows Removed by Filter": 37126,
                                                    "Workers": [
                                                        {
                                                            "Worker Number": 0,
                                                            "Actual Startup Time": 0.049,
                                                            "Actual Total Time": 95.673,
                                                            "Actual Rows": 286429,
                                                            "Actual Loops": 1
                                                        },
                                                        {
                                                            "Worker Number": 1,
                                                            "Actual Startup Time": 0.077,
                                                            "Actual Total Time": 96.422,
                                                            "Actual Rows": 296646,
                                                            "Actual Loops": 1
                                                        },
                                                        {
                                                            "Worker Number": 2,
                                                            "Actual Startup Time": 0.078,
                                                            "Actual Total Time": 95.831,
                                                            "Actual Rows": 289661,
                                                            "Actual Loops": 1
                                                        },
                                                        {
                                                            "Worker Number": 3,
                                                            "Actual Startup Time": 0.074,
                                                            "Actual Total Time": 95.939,
                                                            "Actual Rows": 291698,
                                                            "Actual Loops": 1
                                                        },
                                                        {
                                                            "Worker Number": 4,
                                                            "Actual Startup Time": 0.059,
                                                            "Actual Total Time": 94.683,
                                                            "Actual Rows": 282720,
                                                            "Actual Loops": 1
                                                        },
                                                        {
                                                            "Worker Number": 5,
                                                            "Actual Startup Time": 0.05,
                                                            "Actual Total Time": 95.525,
                                                            "Actual Rows": 285557,
                                                            "Actual Loops": 1
                                                        }
                                                    ]
                                                }
                                            ]
                                        }
                                    ]
                                }
                            ]
                        }
                    ]
                }
            ]
        },
        "Planning Time": 195.042,
        "Triggers": [],
        "Execution Time": 2682.241
    }
]