{
  "Plan": {
    "Node Type": "Aggregate",
    "Strategy": "Plain",
    "Partial Mode": "Finalize",
    "Parallel Aware": false,
    "Startup Cost": 42413.19,
    "Total Cost": 42413.2,
    "Plan Rows": 1,
    "Plan Width": 8,
    "Actual Startup Time": 48.865,
    "Actual Total Time": 56.211,
    "Actual Rows": 1,
    "Actual Loops": 1,
    "Plans": [
      {
        "Node Type": "Gather",
        "Parent Relationship": "Outer",
        "Parallel Aware": false,
        "Startup Cost": 42413.08,
        "Total Cost": 42413.19,
        "Plan Rows": 1,
        "Plan Width": 8,
        "Actual Startup Time": 48.736,
        "Actual Total Time": 56.205,
        "Actual Rows": 2,
        "Actual Loops": 1,
        "Workers Planned": 1,
        "Workers Launched": 1,
        "Single Copy": false,
        "Plans": [
          {
            "Node Type": "Aggregate",
            "Strategy": "Plain",
            "Partial Mode": "Partial",
            "Parent Relationship": "Outer",
            "Parallel Aware": false,
            "Startup Cost": 41413.08,
            "Total Cost": 41413.09,
            "Plan Rows": 1,
            "Plan Width": 8,
            "Actual Startup Time": 43.329,
            "Actual Total Time": 43.332,
            "Actual Rows": 1,
            "Actual Loops": 2,
            "Plans": [
              {
                "Node Type": "Nested Loop",
                "Parent Relationship": "Outer",
                "Parallel Aware": false,
                "Join Type": "Inner",
                "Startup Cost": 133.21,
                "Total Cost": 41410.06,
                "Plan Rows": 1206,
                "Plan Width": 0,
                "Actual Startup Time": 3.366,
                "Actual Total Time": 43.244,
                "Actual Rows": 426,
                "Actual Loops": 2,
                "Inner Unique": false,
                "Plans": [
                  {
                    "Node Type": "Nested Loop",
                    "Parent Relationship": "Outer",
                    "Parallel Aware": false,
                    "Join Type": "Inner",
                    "Startup Cost": 132.78,
                    "Total Cost": 40200.88,
                    "Plan Rows": 2211,
                    "Plan Width": 8,
                    "Actual Startup Time": 3.19,
                    "Actual Total Time": 40.358,
                    "Actual Rows": 195,
                    "Actual Loops": 2,
                    "Inner Unique": true,
                    "Plans": [
                      {
                        "Node Type": "Bitmap Heap Scan",
                        "Parent Relationship": "Outer",
                        "Parallel Aware": true,
                        "Relation Name": "movie_keyword",
                        "Alias": "mk",
                        "Startup Cost": 132.35,
                        "Total Cost": 14334.04,
                        "Plan Rows": 3637,
                        "Plan Width": 4,
                        "Actual Startup Time": 2.997,
                        "Actual Total Time": 13.461,
                        "Actual Rows": 3152,
                        "Actual Loops": 2,
                        "Recheck Cond": "(keyword_id = 135)",
                        "Rows Removed by Index Recheck": 0,
                        "Exact Heap Blocks": 4441,
                        "Lossy Heap Blocks": 0,
                        "Plans": [
                          {
                            "Node Type": "Bitmap Index Scan",
                            "Parent Relationship": "Outer",
                            "Parallel Aware": false,
                            "Index Name": "keyword_id_movie_keyword",
                            "Startup Cost": 0.0,
                            "Total Cost": 130.81,
                            "Plan Rows": 6183,
                            "Plan Width": 0,
                            "Actual Startup Time": 3.571,
                            "Actual Total Time": 3.572,
                            "Actual Rows": 6303,
                            "Actual Loops": 1,
                            "Index Cond": "(keyword_id = 135)"
                          }
                        ]
                      },
                      {
                        "Node Type": "Index Scan",
                        "Parent Relationship": "Inner",
                        "Parallel Aware": false,
                        "Scan Direction": "Forward",
                        "Index Name": "title_pkey",
                        "Relation Name": "title",
                        "Alias": "t",
                        "Startup Cost": 0.43,
                        "Total Cost": 7.11,
                        "Plan Rows": 1,
                        "Plan Width": 4,
                        "Actual Startup Time": 0.008,
                        "Actual Total Time": 0.008,
                        "Actual Rows": 0,
                        "Actual Loops": 6303,
                        "Index Cond": "(id = mk.movie_id)",
                        "Rows Removed by Index Recheck": 0,
                        "Filter": "(kind_id = 7)",
                        "Rows Removed by Filter": 1
                      }
                    ]
                  },
                  {
                    "Node Type": "Index Only Scan",
                    "Parent Relationship": "Inner",
                    "Parallel Aware": false,
                    "Scan Direction": "Forward",
                    "Index Name": "movie_id_movie_info_idx",
                    "Relation Name": "movie_info_idx",
                    "Alias": "mi_idx",
                    "Startup Cost": 0.43,
                    "Total Cost": 0.52,
                    "Plan Rows": 3,
                    "Plan Width": 4,
                    "Actual Startup Time": 0.013,
                    "Actual Total Time": 0.014,
                    "Actual Rows": 2,
                    "Actual Loops": 390,
                    "Index Cond": "(movie_id = t.id)",
                    "Rows Removed by Index Recheck": 0,
                    "Heap Fetches": 852
                  }
                ]
              }
            ]
          }
        ]
      }
    ]
  },
  "Planning Time": 0.894,
  "Triggers": [],
  "Execution Time": 56.301
}