{
  "Plan": {
    "Node Type": "Aggregate",
    "Strategy": "Plain",
    "Partial Mode": "Finalize",
    "Parallel Aware": false,
    "Startup Cost": 462264.87,
    "Total Cost": 462264.88,
    "Plan Rows": 1,
    "Plan Width": 8,
    "Actual Startup Time": 2318.5,
    "Actual Total Time": 2336.896,
    "Actual Rows": 1,
    "Actual Loops": 1,
    "Plans": [
      {
        "Node Type": "Gather",
        "Parent Relationship": "Outer",
        "Parallel Aware": false,
        "Startup Cost": 462264.76,
        "Total Cost": 462264.87,
        "Plan Rows": 1,
        "Plan Width": 8,
        "Actual Startup Time": 2318.486,
        "Actual Total Time": 2336.887,
        "Actual Rows": 2,
        "Actual Loops": 1,
        "Workers Planned": 1,
        "Workers Launched": 1,
        "Single Copy": false,
        "Plans": [
          {
            "Node Type": "Aggregate",
            "Strategy": "Plain",
            "Partial Mode": "Partial",
            "Parent Relationship": "Outer",
            "Parallel Aware": false,
            "Startup Cost": 461264.76,
            "Total Cost": 461264.77,
            "Plan Rows": 1,
            "Plan Width": 8,
            "Actual Startup Time": 2301.644,
            "Actual Total Time": 2301.651,
            "Actual Rows": 1,
            "Actual Loops": 2,
            "Plans": [
              {
                "Node Type": "Merge Join",
                "Parent Relationship": "Outer",
                "Parallel Aware": false,
                "Join Type": "Inner",
                "Startup Cost": 453274.08,
                "Total Cost": 460903.74,
                "Plan Rows": 144408,
                "Plan Width": 0,
                "Actual Startup Time": 2088.835,
                "Actual Total Time": 2281.15,
                "Actual Rows": 313792,
                "Actual Loops": 2,
                "Inner Unique": false,
                "Merge Cond": "(mi.movie_id = t.id)",
                "Plans": [
                  {
                    "Node Type": "Sort",
                    "Parent Relationship": "Outer",
                    "Parallel Aware": false,
                    "Startup Cost": 267941.54,
                    "Total Cost": 269821.38,
                    "Plan Rows": 751938,
                    "Plan Width": 4,
                    "Actual Startup Time": 404.19,
                    "Actual Total Time": 439.454,
                    "Actual Rows": 649494,
                    "Actual Loops": 2,
                    "Sort Key": [
                      "mi.movie_id"
                    ],
                    "Sort Method": "quicksort",
                    "Sort Space Used": 56014,
                    "Sort Space Type": "Memory",
                    "Workers": [
                      {
                        "Worker Number": 0,
                        "Sort Method": "quicksort",
                        "Sort Space Used": 54029,
                        "Sort Space Type": "Memory"
                      }
                    ],
                    "Plans": [
                      {
                        "Node Type": "Bitmap Heap Scan",
                        "Parent Relationship": "Outer",
                        "Parallel Aware": true,
                        "Relation Name": "movie_info",
                        "Alias": "mi",
                        "Startup Cost": 23159.21,
                        "Total Cost": 194551.43,
                        "Plan Rows": 751938,
                        "Plan Width": 4,
                        "Actual Startup Time": 73.412,
                        "Actual Total Time": 190.623,
                        "Actual Rows": 649494,
                        "Actual Loops": 2,
                        "Recheck Cond": "(info_type_id = 4)",
                        "Rows Removed by Index Recheck": 0,
                        "Exact Heap Blocks": 4324,
                        "Lossy Heap Blocks": 0,
                        "Plans": [
                          {
                            "Node Type": "Bitmap Index Scan",
                            "Parent Relationship": "Outer",
                            "Parallel Aware": false,
                            "Index Name": "info_type_id_movie_info",
                            "Startup Cost": 0.0,
                            "Total Cost": 22839.64,
                            "Plan Rows": 1278294,
                            "Plan Width": 0,
                            "Actual Startup Time": 77.127,
                            "Actual Total Time": 77.128,
                            "Actual Rows": 1298989,
                            "Actual Loops": 1,
                            "Index Cond": "(info_type_id = 4)"
                          }
                        ]
                      }
                    ]
                  },
                  {
                    "Node Type": "Sort",
                    "Parent Relationship": "Inner",
                    "Parallel Aware": false,
                    "Startup Cost": 185332.5,
                    "Total Cost": 186546.38,
                    "Plan Rows": 485553,
                    "Plan Width": 8,
                    "Actual Startup Time": 1679.183,
                    "Actual Total Time": 1713.308,
                    "Actual Rows": 599378,
                    "Actual Loops": 2,
                    "Sort Key": [
                      "mk.movie_id"
                    ],
                    "Sort Method": "quicksort",
                    "Sort Space Used": 49531,
                    "Sort Space Type": "Memory",
                    "Workers": [
                      {
                        "Worker Number": 0,
                        "Sort Method": "quicksort",
                        "Sort Space Used": 49531,
                        "Sort Space Type": "Memory"
                      }
                    ],
                    "Plans": [
                      {
                        "Node Type": "Hash Join",
                        "Parent Relationship": "Outer",
                        "Parallel Aware": false,
                        "Join Type": "Inner",
                        "Startup Cost": 106029.81,
                        "Total Cost": 139473.79,
                        "Plan Rows": 485553,
                        "Plan Width": 8,
                        "Actual Startup Time": 1145.393,
                        "Actual Total Time": 1504.555,
                        "Actual Rows": 532363,
                        "Actual Loops": 2,
                        "Inner Unique": true,
                        "Hash Cond": "(mk.movie_id = t.id)",
                        "Plans": [
                          {
                            "Node Type": "Bitmap Heap Scan",
                            "Parent Relationship": "Outer",
                            "Parallel Aware": false,
                            "Relation Name": "movie_keyword",
                            "Alias": "mk",
                            "Startup Cost": 12610.87,
                            "Total Cost": 44494.61,
                            "Plan Rows": 594379,
                            "Plan Width": 4,
                            "Actual Startup Time": 53.427,
                            "Actual Total Time": 216.871,
                            "Actual Rows": 581746,
                            "Actual Loops": 2,
                            "Recheck Cond": "(keyword_id > 31503)",
                            "Rows Removed by Index Recheck": 0,
                            "Exact Heap Blocks": 23283,
                            "Lossy Heap Blocks": 0,
                            "Plans": [
                              {
                                "Node Type": "Bitmap Index Scan",
                                "Parent Relationship": "Outer",
                                "Parallel Aware": false,
                                "Index Name": "keyword_id_movie_keyword",
                                "Startup Cost": 0.0,
                                "Total Cost": 12462.27,
                                "Plan Rows": 594379,
                                "Plan Width": 0,
                                "Actual Startup Time": 48.845,
                                "Actual Total Time": 48.845,
                                "Actual Rows": 581746,
                                "Actual Loops": 2,
                                "Index Cond": "(keyword_id > 31503)"
                              }
                            ]
                          },
                          {
                            "Node Type": "Hash",
                            "Parent Relationship": "Inner",
                            "Parallel Aware": false,
                            "Startup Cost": 67601.66,
                            "Total Cost": 67601.66,
                            "Plan Rows": 2065382,
                            "Plan Width": 4,
                            "Actual Startup Time": 1080.375,
                            "Actual Total Time": 1080.376,
                            "Actual Rows": 2064552,
                            "Actual Loops": 2,
                            "Hash Buckets": 2097152,
                            "Original Hash Buckets": 2097152,
                            "Hash Batches": 1,
                            "Original Hash Batches": 1,
                            "Peak Memory Usage": 88966,
                            "Plans": [
                              {
                                "Node Type": "Seq Scan",
                                "Parent Relationship": "Outer",
                                "Parallel Aware": false,
                                "Relation Name": "title",
                                "Alias": "t",
                                "Startup Cost": 0.0,
                                "Total Cost": 67601.66,
                                "Plan Rows": 2065382,
                                "Plan Width": 4,
                                "Actual Startup Time": 0.037,
                                "Actual Total Time": 475.378,
                                "Actual Rows": 2064552,
                                "Actual Loops": 2,
                                "Filter": "(production_year < 2011)",
                                "Rows Removed by Filter": 463760
                              }
                            ]
                          }
                        ]
                      }
                    ]
                  }
                ]
              }
            ]
          }
        ]
      }
    ]
  },
  "Planning Time": 0.949,
  "Triggers": [],
  "Execution Time": 2351.673
}