[
  {
    "Plan": {
      "Node Type": "Aggregate",
      "Strategy": "Plain",
      "Partial Mode": "Finalize",
      "Parallel Aware": false,
      "Startup Cost": 121394.8,
      "Total Cost": 121394.81,
      "Plan Rows": 1,
      "Plan Width": 8,
      "Actual Startup Time": 266.739,
      "Actual Total Time": 291.314,
      "Actual Rows": 1,
      "Actual Loops": 1,
      "Plans": [
        {
          "Node Type": "Gather",
          "Parent Relationship": "Outer",
          "Parallel Aware": false,
          "Startup Cost": 121394.48,
          "Total Cost": 121394.79,
          "Plan Rows": 3,
          "Plan Width": 8,
          "Actual Startup Time": 265.427,
          "Actual Total Time": 291.303,
          "Actual Rows": 4,
          "Actual Loops": 1,
          "Workers Planned": 3,
          "Workers Launched": 3,
          "Single Copy": false,
          "Plans": [
            {
              "Node Type": "Aggregate",
              "Strategy": "Plain",
              "Partial Mode": "Partial",
              "Parent Relationship": "Outer",
              "Parallel Aware": false,
              "Startup Cost": 120394.48,
              "Total Cost": 120394.49,
              "Plan Rows": 1,
              "Plan Width": 8,
              "Actual Startup Time": 255.378,
              "Actual Total Time": 255.383,
              "Actual Rows": 1,
              "Actual Loops": 4,
              "Plans": [
                {
                  "Node Type": "Nested Loop",
                  "Parent Relationship": "Outer",
                  "Parallel Aware": false,
                  "Join Type": "Inner",
                  "Startup Cost": 56616.44,
                  "Total Cost": 120282.35,
                  "Plan Rows": 44853,
                  "Plan Width": 0,
                  "Actual Startup Time": 198.009,
                  "Actual Total Time": 253.552,
                  "Actual Rows": 28603,
                  "Actual Loops": 4,
                  "Inner Unique": false,
                  "Plans": [
                    {
                      "Node Type": "Hash Join",
                      "Parent Relationship": "Outer",
                      "Parallel Aware": true,
                      "Join Type": "Inner",
                      "Startup Cost": 56616.0,
                      "Total Cost": 77874.32,
                      "Plan Rows": 10133,
                      "Plan Width": 8,
                      "Actual Startup Time": 197.946,
                      "Actual Total Time": 208.069,
                      "Actual Rows": 1120,
                      "Actual Loops": 4,
                      "Inner Unique": true,
                      "Hash Cond": "(mc.movie_id = t.id)",
                      "Plans": [
                        {
                          "Node Type": "Bitmap Heap Scan",
                          "Parent Relationship": "Outer",
                          "Parallel Aware": true,
                          "Relation Name": "movie_companies",
                          "Alias": "mc",
                          "Startup Cost": 10093.58,
                          "Total Cost": 31150.47,
                          "Plan Rows": 76732,
                          "Plan Width": 4,
                          "Actual Startup Time": 55.366,
                          "Actual Total Time": 68.361,
                          "Actual Rows": 29614,
                          "Actual Loops": 4,
                          "Recheck Cond": "(company_id < 400)",
                          "Rows Removed by Index Recheck": 0,
                          "Filter": "(company_type_id = 2)",
                          "Rows Removed by Filter": 86632,
                          "Exact Heap Blocks": 5502,
                          "Lossy Heap Blocks": 0,
                          "Plans": [
                            {
                              "Node Type": "Bitmap Index Scan",
                              "Parent Relationship": "Outer",
                              "Parallel Aware": false,
                              "Index Name": "company_id_movie_companies",
                              "Startup Cost": 0.0,
                              "Total Cost": 10034.11,
                              "Plan Rows": 468491,
                              "Plan Width": 0,
                              "Actual Startup Time": 21.485,
                              "Actual Total Time": 21.486,
                              "Actual Rows": 464981,
                              "Actual Loops": 1,
                              "Index Cond": "(company_id < 400)"
                            }
                          ]
                        },
                        {
                          "Node Type": "Hash",
                          "Parent Relationship": "Inner",
                          "Parallel Aware": true,
                          "Startup Cost": 45479.1,
                          "Total Cost": 45479.1,
                          "Plan Rows": 83466,
                          "Plan Width": 4,
                          "Actual Startup Time": 127.392,
                          "Actual Total Time": 127.393,
                          "Actual Rows": 63893,
                          "Actual Loops": 4,
                          "Hash Buckets": 524288,
                          "Original Hash Buckets": 524288,
                          "Hash Batches": 1,
                          "Original Hash Batches": 1,
                          "Peak Memory Usage": 14208,
                          "Plans": [
                            {
                              "Node Type": "Seq Scan",
                              "Parent Relationship": "Outer",
                              "Parallel Aware": true,
                              "Relation Name": "title",
                              "Alias": "t",
                              "Startup Cost": 0.0,
                              "Total Cost": 45479.1,
                              "Plan Rows": 83466,
                              "Plan Width": 4,
                              "Actual Startup Time": 49.539,
                              "Actual Total Time": 105.025,
                              "Actual Rows": 63893,
                              "Actual Loops": 4,
                              "Filter": "((production_year > 2002) AND (kind_id = 1))",
                              "Rows Removed by Filter": 568185
                            }
                          ]
                        }
                      ]
                    },
                    {
                      "Node Type": "Index Scan",
                      "Parent Relationship": "Inner",
                      "Parallel Aware": false,
                      "Scan Direction": "Forward",
                      "Index Name": "movie_id_movie_info",
                      "Relation Name": "movie_info",
                      "Alias": "mi",
                      "Startup Cost": 0.43,
                      "Total Cost": 3.87,
                      "Plan Rows": 32,
                      "Plan Width": 4,
                      "Actual Startup Time": 0.01,
                      "Actual Total Time": 0.038,
                      "Actual Rows": 26,
                      "Actual Loops": 4481,
                      "Index Cond": "(movie_id = t.id)",
                      "Rows Removed by Index Recheck": 0,
                      "Filter": "(info_type_id > 3)",
                      "Rows Removed by Filter": 4
                    }
                  ]
                }
              ]
            }
          ]
        }
      ]
    },
    "Planning Time": 1.561,
    "Triggers": [],
    "Execution Time": 291.429
  }
]