[
  {
    "Plan": {
      "Node Type": "Aggregate",
      "Strategy": "Plain",
      "Partial Mode": "Finalize",
      "Parallel Aware": false,
      "Startup Cost": 252837.03,
      "Total Cost": 252837.04,
      "Plan Rows": 1,
      "Plan Width": 8,
      "Actual Startup Time": 744.536,
      "Actual Total Time": 790.159,
      "Actual Rows": 1,
      "Actual Loops": 1,
      "Plans": [
        {
          "Node Type": "Gather",
          "Parent Relationship": "Outer",
          "Parallel Aware": false,
          "Startup Cost": 252836.51,
          "Total Cost": 252837.02,
          "Plan Rows": 5,
          "Plan Width": 8,
          "Actual Startup Time": 739.157,
          "Actual Total Time": 790.14,
          "Actual Rows": 6,
          "Actual Loops": 1,
          "Workers Planned": 5,
          "Workers Launched": 5,
          "Single Copy": false,
          "Plans": [
            {
              "Node Type": "Aggregate",
              "Strategy": "Plain",
              "Partial Mode": "Partial",
              "Parent Relationship": "Outer",
              "Parallel Aware": false,
              "Startup Cost": 251836.51,
              "Total Cost": 251836.52,
              "Plan Rows": 1,
              "Plan Width": 8,
              "Actual Startup Time": 728.526,
              "Actual Total Time": 728.531,
              "Actual Rows": 1,
              "Actual Loops": 6,
              "Plans": [
                {
                  "Node Type": "Hash Join",
                  "Parent Relationship": "Outer",
                  "Parallel Aware": true,
                  "Join Type": "Inner",
                  "Startup Cost": 48414.66,
                  "Total Cost": 250668.28,
                  "Plan Rows": 467293,
                  "Plan Width": 0,
                  "Actual Startup Time": 172.961,
                  "Actual Total Time": 717.314,
                  "Actual Rows": 234011,
                  "Actual Loops": 6,
                  "Inner Unique": true,
                  "Hash Cond": "(mi.movie_id = t.id)",
                  "Plans": [
                    {
                      "Node Type": "Seq Scan",
                      "Parent Relationship": "Outer",
                      "Parallel Aware": true,
                      "Relation Name": "movie_info",
                      "Alias": "mi",
                      "Startup Cost": 0.0,
                      "Total Cost": 198952.16,
                      "Plan Rows": 1257696,
                      "Plan Width": 4,
                      "Actual Startup Time": 17.719,
                      "Actual Total Time": 332.846,
                      "Actual Rows": 1037249,
                      "Actual Loops": 6,
                      "Filter": "(info_type_id > 8)",
                      "Rows Removed by Filter": 1435371
                    },
                    {
                      "Node Type": "Hash",
                      "Parent Relationship": "Inner",
                      "Parallel Aware": true,
                      "Startup Cost": 45479.1,
                      "Total Cost": 45479.1,
                      "Plan Rows": 234845,
                      "Plan Width": 4,
                      "Actual Startup Time": 151.49,
                      "Actual Total Time": 151.491,
                      "Actual Rows": 146006,
                      "Actual Loops": 6,
                      "Hash Buckets": 1048576,
                      "Original Hash Buckets": 1048576,
                      "Hash Batches": 1,
                      "Original Hash Batches": 1,
                      "Peak Memory Usage": 42592,
                      "Plans": [
                        {
                          "Node Type": "Seq Scan",
                          "Parent Relationship": "Outer",
                          "Parallel Aware": true,
                          "Relation Name": "title",
                          "Alias": "t",
                          "Startup Cost": 0.0,
                          "Total Cost": 45479.1,
                          "Plan Rows": 234845,
                          "Plan Width": 4,
                          "Actual Startup Time": 0.039,
                          "Actual Total Time": 87.174,
                          "Actual Rows": 146006,
                          "Actual Loops": 6,
                          "Filter": "((production_year < 2007) AND (kind_id = 7))",
                          "Rows Removed by Filter": 275379
                        }
                      ]
                    }
                  ]
                }
              ]
            }
          ]
        }
      ]
    },
    "Planning Time": 0.523,
    "Triggers": [],
    "Execution Time": 790.234
  }
]