[
  {
    "Plan": {
      "Node Type": "Aggregate",
      "Strategy": "Plain",
      "Partial Mode": "Finalize",
      "Parallel Aware": false,
      "Startup Cost": 45857.09,
      "Total Cost": 45857.1,
      "Plan Rows": 1,
      "Plan Width": 8,
      "Actual Startup Time": 141.098,
      "Actual Total Time": 150.723,
      "Actual Rows": 1,
      "Actual Loops": 1,
      "Plans": [
        {
          "Node Type": "Gather",
          "Parent Relationship": "Outer",
          "Parallel Aware": false,
          "Startup Cost": 45856.78,
          "Total Cost": 45857.09,
          "Plan Rows": 3,
          "Plan Width": 8,
          "Actual Startup Time": 140.931,
          "Actual Total Time": 150.712,
          "Actual Rows": 4,
          "Actual Loops": 1,
          "Workers Planned": 3,
          "Workers Launched": 3,
          "Single Copy": false,
          "Plans": [
            {
              "Node Type": "Aggregate",
              "Strategy": "Plain",
              "Partial Mode": "Partial",
              "Parent Relationship": "Outer",
              "Parallel Aware": false,
              "Startup Cost": 44856.78,
              "Total Cost": 44856.79,
              "Plan Rows": 1,
              "Plan Width": 8,
              "Actual Startup Time": 137.507,
              "Actual Total Time": 137.509,
              "Actual Rows": 1,
              "Actual Loops": 4,
              "Plans": [
                {
                  "Node Type": "Seq Scan",
                  "Parent Relationship": "Outer",
                  "Parallel Aware": true,
                  "Relation Name": "movie_keyword",
                  "Alias": "mk",
                  "Startup Cost": 0.0,
                  "Total Cost": 42695.65,
                  "Plan Rows": 864449,
                  "Plan Width": 0,
                  "Actual Startup Time": 0.181,
                  "Actual Total Time": 109.139,
                  "Actual Rows": 669784,
                  "Actual Loops": 4,
                  "Filter": "(keyword_id > 3060)",
                  "Rows Removed by Filter": 461199
                }
              ]
            }
          ]
        }
      ]
    },
    "Planning Time": 0.096,
    "Triggers": [],
    "Execution Time": 150.756
  }
]