[
  {
    "Plan": {
      "Node Type": "Aggregate",
      "Strategy": "Plain",
      "Partial Mode": "Finalize",
      "Parallel Aware": false,
      "Startup Cost": 46573.06,
      "Total Cost": 46573.07,
      "Plan Rows": 1,
      "Plan Width": 8,
      "Actual Startup Time": 156.636,
      "Actual Total Time": 164.925,
      "Actual Rows": 1,
      "Actual Loops": 1,
      "Plans": [
        {
          "Node Type": "Gather",
          "Parent Relationship": "Outer",
          "Parallel Aware": false,
          "Startup Cost": 46572.74,
          "Total Cost": 46573.05,
          "Plan Rows": 3,
          "Plan Width": 8,
          "Actual Startup Time": 156.505,
          "Actual Total Time": 164.917,
          "Actual Rows": 4,
          "Actual Loops": 1,
          "Workers Planned": 3,
          "Workers Launched": 3,
          "Single Copy": false,
          "Plans": [
            {
              "Node Type": "Aggregate",
              "Strategy": "Plain",
              "Partial Mode": "Partial",
              "Parent Relationship": "Outer",
              "Parallel Aware": false,
              "Startup Cost": 45572.74,
              "Total Cost": 45572.75,
              "Plan Rows": 1,
              "Plan Width": 8,
              "Actual Startup Time": 149.798,
              "Actual Total Time": 149.8,
              "Actual Rows": 1,
              "Actual Loops": 4,
              "Plans": [
                {
                  "Node Type": "Seq Scan",
                  "Parent Relationship": "Outer",
                  "Parallel Aware": true,
                  "Relation Name": "movie_keyword",
                  "Alias": "mk",
                  "Startup Cost": 0.0,
                  "Total Cost": 42695.65,
                  "Plan Rows": 1150835,
                  "Plan Width": 0,
                  "Actual Startup Time": 0.048,
                  "Actual Total Time": 113.361,
                  "Actual Rows": 892427,
                  "Actual Loops": 4,
                  "Filter": "(keyword_id < 19877)",
                  "Rows Removed by Filter": 238555
                }
              ]
            }
          ]
        }
      ]
    },
    "Planning Time": 0.085,
    "Triggers": [],
    "Execution Time": 164.951
  }
]