{
  "Plan": {
    "Node Type": "Aggregate",
    "Strategy": "Plain",
    "Partial Mode": "Finalize",
    "Parallel Aware": false,
    "Startup Cost": 107470.71,
    "Total Cost": 107470.72,
    "Plan Rows": 1,
    "Plan Width": 8,
    "Actual Startup Time": 350.78,
    "Actual Total Time": 368.656,
    "Actual Rows": 1,
    "Actual Loops": 1,
    "Plans": [
      {
        "Node Type": "Gather",
        "Parent Relationship": "Outer",
        "Parallel Aware": false,
        "Startup Cost": 107470.6,
        "Total Cost": 107470.71,
        "Plan Rows": 1,
        "Plan Width": 8,
        "Actual Startup Time": 350.394,
        "Actual Total Time": 368.648,
        "Actual Rows": 2,
        "Actual Loops": 1,
        "Workers Planned": 1,
        "Workers Launched": 1,
        "Single Copy": false,
        "Plans": [
          {
            "Node Type": "Aggregate",
            "Strategy": "Plain",
            "Partial Mode": "Partial",
            "Parent Relationship": "Outer",
            "Parallel Aware": false,
            "Startup Cost": 106470.6,
            "Total Cost": 106470.61,
            "Plan Rows": 1,
            "Plan Width": 8,
            "Actual Startup Time": 344.179,
            "Actual Total Time": 344.183,
            "Actual Rows": 1,
            "Actual Loops": 2,
            "Plans": [
              {
                "Node Type": "Nested Loop",
                "Parent Relationship": "Outer",
                "Parallel Aware": false,
                "Join Type": "Inner",
                "Startup Cost": 67607.77,
                "Total Cost": 106438.89,
                "Plan Rows": 12682,
                "Plan Width": 0,
                "Actual Startup Time": 191.574,
                "Actual Total Time": 340.843,
                "Actual Rows": 78567,
                "Actual Loops": 2,
                "Inner Unique": false,
                "Join Filter": "(t.id = mk.movie_id)",
                "Rows Removed by Join Filter": 0,
                "Plans": [
                  {
                    "Node Type": "Hash Join",
                    "Parent Relationship": "Outer",
                    "Parallel Aware": true,
                    "Join Type": "Inner",
                    "Startup Cost": 67607.34,
                    "Total Cost": 91584.4,
                    "Plan Rows": 7088,
                    "Plan Width": 8,
                    "Actual Startup Time": 191.319,
                    "Actual Total Time": 292.369,
                    "Actual Rows": 6002,
                    "Actual Loops": 2,
                    "Inner Unique": true,
                    "Hash Cond": "(mc.movie_id = t.id)",
                    "Plans": [
                      {
                        "Node Type": "Bitmap Heap Scan",
                        "Parent Relationship": "Outer",
                        "Parallel Aware": true,
                        "Relation Name": "movie_companies",
                        "Alias": "mc",
                        "Startup Cost": 12634.75,
                        "Total Cost": 35711.58,
                        "Plan Rows": 342946,
                        "Plan Width": 4,
                        "Actual Startup Time": 40.151,
                        "Actual Total Time": 100.102,
                        "Actual Rows": 288480,
                        "Actual Loops": 2,
                        "Recheck Cond": "(company_id < 634)",
                        "Rows Removed by Index Recheck": 0,
                        "Exact Heap Blocks": 11301,
                        "Lossy Heap Blocks": 0,
                        "Plans": [
                          {
                            "Node Type": "Bitmap Index Scan",
                            "Parent Relationship": "Outer",
                            "Parallel Aware": false,
                            "Index Name": "company_id_movie_companies",
                            "Startup Cost": 0.0,
                            "Total Cost": 12489.0,
                            "Plan Rows": 583009,
                            "Plan Width": 0,
                            "Actual Startup Time": 37.29,
                            "Actual Total Time": 37.29,
                            "Actual Rows": 576960,
                            "Actual Loops": 1,
                            "Index Cond": "(company_id < 634)"
                          }
                        ]
                      },
                      {
                        "Node Type": "Hash",
                        "Parent Relationship": "Inner",
                        "Parallel Aware": true,
                        "Startup Cost": 54588.39,
                        "Total Cost": 54588.39,
                        "Plan Rows": 30736,
                        "Plan Width": 4,
                        "Actual Startup Time": 149.65,
                        "Actual Total Time": 149.651,
                        "Actual Rows": 29295,
                        "Actual Loops": 2,
                        "Hash Buckets": 65536,
                        "Original Hash Buckets": 65536,
                        "Hash Batches": 1,
                        "Original Hash Batches": 1,
                        "Peak Memory Usage": 2816,
                        "Plans": [
                          {
                            "Node Type": "Seq Scan",
                            "Parent Relationship": "Outer",
                            "Parallel Aware": true,
                            "Relation Name": "title",
                            "Alias": "t",
                            "Startup Cost": 0.0,
                            "Total Cost": 54588.39,
                            "Plan Rows": 30736,
                            "Plan Width": 4,
                            "Actual Startup Time": 0.039,
                            "Actual Total Time": 138.948,
                            "Actual Rows": 29295,
                            "Actual Loops": 2,
                            "Filter": "(production_year = 2001)",
                            "Rows Removed by Filter": 1234861
                          }
                        ]
                      }
                    ]
                  },
                  {
                    "Node Type": "Index Only Scan",
                    "Parent Relationship": "Inner",
                    "Parallel Aware": false,
                    "Scan Direction": "Forward",
                    "Index Name": "movie_id_movie_keyword",
                    "Relation Name": "movie_keyword",
                    "Alias": "mk",
                    "Startup Cost": 0.43,
                    "Total Cost": 1.53,
                    "Plan Rows": 45,
                    "Plan Width": 4,
                    "Actual Startup Time": 0.005,
                    "Actual Total Time": 0.007,
                    "Actual Rows": 13,
                    "Actual Loops": 12004,
                    "Index Cond": "(movie_id = mc.movie_id)",
                    "Rows Removed by Index Recheck": 0,
                    "Heap Fetches": 157134
                  }
                ]
              }
            ]
          }
        ]
      }
    ]
  },
  "Planning Time": 0.971,
  "Triggers": [],
  "Execution Time": 368.766
}