[
  {
    "Plan": {
      "Node Type": "Aggregate",
      "Strategy": "Plain",
      "Partial Mode": "Finalize",
      "Parallel Aware": false,
      "Startup Cost": 337321.24,
      "Total Cost": 337321.25,
      "Plan Rows": 1,
      "Plan Width": 8,
      "Actual Startup Time": 658.818,
      "Actual Total Time": 711.868,
      "Actual Rows": 1,
      "Actual Loops": 1,
      "Plans": [
        {
          "Node Type": "Gather",
          "Parent Relationship": "Outer",
          "Parallel Aware": false,
          "Startup Cost": 337320.62,
          "Total Cost": 337321.23,
          "Plan Rows": 6,
          "Plan Width": 8,
          "Actual Startup Time": 658.682,
          "Actual Total Time": 711.858,
          "Actual Rows": 7,
          "Actual Loops": 1,
          "Workers Planned": 6,
          "Workers Launched": 6,
          "Single Copy": false,
          "Plans": [
            {
              "Node Type": "Aggregate",
              "Strategy": "Plain",
              "Partial Mode": "Partial",
              "Parent Relationship": "Outer",
              "Parallel Aware": false,
              "Startup Cost": 336320.62,
              "Total Cost": 336320.63,
              "Plan Rows": 1,
              "Plan Width": 8,
              "Actual Startup Time": 651.639,
              "Actual Total Time": 651.64,
              "Actual Rows": 1,
              "Actual Loops": 7,
              "Plans": [
                {
                  "Node Type": "Seq Scan",
                  "Parent Relationship": "Outer",
                  "Parallel Aware": true,
                  "Relation Name": "cast_info",
                  "Alias": "ci",
                  "Startup Cost": 0.0,
                  "Total Cost": 328162.03,
                  "Plan Rows": 3263437,
                  "Plan Width": 0,
                  "Actual Startup Time": 163.921,
                  "Actual Total Time": 543.199,
                  "Actual Rows": 2799738,
                  "Actual Loops": 7,
                  "Filter": "(person_id > 1648295)",
                  "Rows Removed by Filter": 2378026
                }
              ]
            }
          ]
        }
      ]
    },
    "Planning Time": 0.09,
    "Triggers": [],
    "Execution Time": 711.913
  }
]