{
  "Plan": {
    "Node Type": "Aggregate",
    "Strategy": "Plain",
    "Partial Mode": "Finalize",
    "Parallel Aware": false,
    "Startup Cost": 695697.5,
    "Total Cost": 695697.51,
    "Plan Rows": 1,
    "Plan Width": 8,
    "Actual Startup Time": 4343.547,
    "Actual Total Time": 4404.687,
    "Actual Rows": 1,
    "Actual Loops": 1,
    "Plans": [
      {
        "Node Type": "Gather",
        "Parent Relationship": "Outer",
        "Parallel Aware": false,
        "Startup Cost": 695697.39,
        "Total Cost": 695697.5,
        "Plan Rows": 1,
        "Plan Width": 8,
        "Actual Startup Time": 4338.08,
        "Actual Total Time": 4404.676,
        "Actual Rows": 2,
        "Actual Loops": 1,
        "Workers Planned": 1,
        "Workers Launched": 1,
        "Single Copy": false,
        "Plans": [
          {
            "Node Type": "Aggregate",
            "Strategy": "Plain",
            "Partial Mode": "Partial",
            "Parent Relationship": "Outer",
            "Parallel Aware": false,
            "Startup Cost": 694697.39,
            "Total Cost": 694697.4,
            "Plan Rows": 1,
            "Plan Width": 8,
            "Actual Startup Time": 4332.061,
            "Actual Total Time": 4332.325,
            "Actual Rows": 1,
            "Actual Loops": 2,
            "Plans": [
              {
                "Node Type": "Hash Join",
                "Parent Relationship": "Outer",
                "Parallel Aware": true,
                "Join Type": "Inner",
                "Startup Cost": 115308.31,
                "Total Cost": 688661.88,
                "Plan Rows": 2414205,
                "Plan Width": 0,
                "Actual Startup Time": 766.477,
                "Actual Total Time": 4053.404,
                "Actual Rows": 7097144,
                "Actual Loops": 2,
                "Inner Unique": false,
                "Hash Cond": "(ci.movie_id = t.id)",
                "Plans": [
                  {
                    "Node Type": "Seq Scan",
                    "Parent Relationship": "Outer",
                    "Parallel Aware": true,
                    "Relation Name": "cast_info",
                    "Alias": "ci",
                    "Startup Cost": 0.0,
                    "Total Cost": 519069.44,
                    "Plan Rows": 10688781,
                    "Plan Width": 4,
                    "Actual Startup Time": 0.016,
                    "Actual Total Time": 1391.345,
                    "Actual Rows": 9088860,
                    "Actual Loops": 2,
                    "Filter": "(person_id < 1804752)",
                    "Rows Removed by Filter": 9033312
                  },
                  {
                    "Node Type": "Hash",
                    "Parent Relationship": "Inner",
                    "Parallel Aware": true,
                    "Startup Cost": 111109.42,
                    "Total Cost": 111109.42,
                    "Plan Rows": 335911,
                    "Plan Width": 8,
                    "Actual Startup Time": 757.789,
                    "Actual Total Time": 758.052,
                    "Actual Rows": 280150,
                    "Actual Loops": 2,
                    "Hash Buckets": 1048576,
                    "Original Hash Buckets": 1048576,
                    "Hash Batches": 1,
                    "Original Hash Batches": 1,
                    "Peak Memory Usage": 30144,
                    "Plans": [
                      {
                        "Node Type": "Hash Join",
                        "Parent Relationship": "Outer",
                        "Parallel Aware": true,
                        "Join Type": "Inner",
                        "Startup Cost": 81574.76,
                        "Total Cost": 111109.42,
                        "Plan Rows": 335911,
                        "Plan Width": 8,
                        "Actual Startup Time": 556.275,
                        "Actual Total Time": 701.512,
                        "Actual Rows": 280150,
                        "Actual Loops": 2,
                        "Inner Unique": true,
                        "Hash Cond": "(mk.movie_id = t.id)",
                        "Plans": [
                          {
                            "Node Type": "Bitmap Heap Scan",
                            "Parent Relationship": "Outer",
                            "Parallel Aware": true,
                            "Relation Name": "movie_keyword",
                            "Alias": "mk",
                            "Startup Cost": 12114.06,
                            "Total Cost": 40766.95,
                            "Plan Rows": 335911,
                            "Plan Width": 4,
                            "Actual Startup Time": 31.99,
                            "Actual Total Time": 101.322,
                            "Actual Rows": 280150,
                            "Actual Loops": 2,
                            "Recheck Cond": "(keyword_id > 32833)",
                            "Rows Removed by Index Recheck": 0,
                            "Exact Heap Blocks": 12567,
                            "Lossy Heap Blocks": 0,
                            "Plans": [
                              {
                                "Node Type": "Bitmap Index Scan",
                                "Parent Relationship": "Outer",
                                "Parallel Aware": false,
                                "Index Name": "keyword_id_movie_keyword",
                                "Startup Cost": 0.0,
                                "Total Cost": 11971.3,
                                "Plan Rows": 571049,
                                "Plan Width": 0,
                                "Actual Startup Time": 28.544,
                                "Actual Total Time": 28.544,
                                "Actual Rows": 560299,
                                "Actual Loops": 1,
                                "Index Cond": "(keyword_id > 32833)"
                              }
                            ]
                          },
                          {
                            "Node Type": "Hash",
                            "Parent Relationship": "Inner",
                            "Parallel Aware": true,
                            "Startup Cost": 50870.31,
                            "Total Cost": 50870.31,
                            "Plan Rows": 1487231,
                            "Plan Width": 4,
                            "Actual Startup Time": 508.739,
                            "Actual Total Time": 508.74,
                            "Actual Rows": 1264156,
                            "Actual Loops": 2,
                            "Hash Buckets": 4194304,
                            "Original Hash Buckets": 4194304,
                            "Hash Batches": 1,
                            "Original Hash Batches": 1,
                            "Peak Memory Usage": 131712,
                            "Plans": [
                              {
                                "Node Type": "Seq Scan",
                                "Parent Relationship": "Outer",
                                "Parallel Aware": true,
                                "Relation Name": "title",
                                "Alias": "t",
                                "Startup Cost": 0.0,
                                "Total Cost": 50870.31,
                                "Plan Rows": 1487231,
                                "Plan Width": 4,
                                "Actual Startup Time": 0.032,
                                "Actual Total Time": 143.444,
                                "Actual Rows": 1264156,
                                "Actual Loops": 2
                              }
                            ]
                          }
                        ]
                      }
                    ]
                  }
                ]
              }
            ]
          }
        ]
      }
    ]
  },
  "Planning Time": 1.026,
  "Triggers": [],
  "Execution Time": 4404.821
}