[
  {
    "Plan": {
      "Node Type": "Aggregate",
      "Strategy": "Plain",
      "Partial Mode": "Finalize",
      "Parallel Aware": false,
      "Startup Cost": 46475.07,
      "Total Cost": 46475.08,
      "Plan Rows": 1,
      "Plan Width": 8,
      "Actual Startup Time": 177.646,
      "Actual Total Time": 187.213,
      "Actual Rows": 1,
      "Actual Loops": 1,
      "Plans": [
        {
          "Node Type": "Gather",
          "Parent Relationship": "Outer",
          "Parallel Aware": false,
          "Startup Cost": 46474.76,
          "Total Cost": 46475.07,
          "Plan Rows": 3,
          "Plan Width": 8,
          "Actual Startup Time": 177.489,
          "Actual Total Time": 187.203,
          "Actual Rows": 4,
          "Actual Loops": 1,
          "Workers Planned": 3,
          "Workers Launched": 3,
          "Single Copy": false,
          "Plans": [
            {
              "Node Type": "Aggregate",
              "Strategy": "Plain",
              "Partial Mode": "Partial",
              "Parent Relationship": "Outer",
              "Parallel Aware": false,
              "Startup Cost": 45474.76,
              "Total Cost": 45474.77,
              "Plan Rows": 1,
              "Plan Width": 8,
              "Actual Startup Time": 172.231,
              "Actual Total Time": 172.233,
              "Actual Rows": 1,
              "Actual Loops": 4,
              "Plans": [
                {
                  "Node Type": "Seq Scan",
                  "Parent Relationship": "Outer",
                  "Parallel Aware": true,
                  "Relation Name": "movie_keyword",
                  "Alias": "mk",
                  "Startup Cost": 0.0,
                  "Total Cost": 42695.65,
                  "Plan Rows": 1111641,
                  "Plan Width": 0,
                  "Actual Startup Time": 0.078,
                  "Actual Total Time": 129.549,
                  "Actual Rows": 859618,
                  "Actual Loops": 4,
                  "Filter": "(keyword_id > 1102)",
                  "Rows Removed by Filter": 271365
                }
              ]
            }
          ]
        }
      ]
    },
    "Planning Time": 0.094,
    "Triggers": [],
    "Execution Time": 187.245
  }
]