[
  {
    "Plan": {
      "Node Type": "Aggregate",
      "Strategy": "Plain",
      "Partial Mode": "Finalize",
      "Parallel Aware": false,
      "Startup Cost": 33020.72,
      "Total Cost": 33020.73,
      "Plan Rows": 1,
      "Plan Width": 8,
      "Actual Startup Time": 94.849,
      "Actual Total Time": 102.646,
      "Actual Rows": 1,
      "Actual Loops": 1,
      "Plans": [
        {
          "Node Type": "Gather",
          "Parent Relationship": "Outer",
          "Parallel Aware": false,
          "Startup Cost": 33020.4,
          "Total Cost": 33020.71,
          "Plan Rows": 3,
          "Plan Width": 8,
          "Actual Startup Time": 94.717,
          "Actual Total Time": 102.638,
          "Actual Rows": 4,
          "Actual Loops": 1,
          "Workers Planned": 3,
          "Workers Launched": 3,
          "Single Copy": false,
          "Plans": [
            {
              "Node Type": "Aggregate",
              "Strategy": "Plain",
              "Partial Mode": "Partial",
              "Parent Relationship": "Outer",
              "Parallel Aware": false,
              "Startup Cost": 32020.4,
              "Total Cost": 32020.41,
              "Plan Rows": 1,
              "Plan Width": 8,
              "Actual Startup Time": 86.026,
              "Actual Total Time": 86.027,
              "Actual Rows": 1,
              "Actual Loops": 4,
              "Plans": [
                {
                  "Node Type": "Seq Scan",
                  "Parent Relationship": "Outer",
                  "Parallel Aware": true,
                  "Relation Name": "movie_companies",
                  "Alias": "mc",
                  "Startup Cost": 0.0,
                  "Total Cost": 31414.82,
                  "Plan Rows": 242233,
                  "Plan Width": 0,
                  "Actual Startup Time": 11.947,
                  "Actual Total Time": 79.741,
                  "Actual Rows": 132667,
                  "Actual Loops": 4,
                  "Filter": "((company_id > 7010) AND (company_type_id < 2))",
                  "Rows Removed by Filter": 519615
                }
              ]
            }
          ]
        }
      ]
    },
    "Planning Time": 0.234,
    "Triggers": [],
    "Execution Time": 102.698
  }
]