[
  {
    "Plan": {
      "Node Type": "Aggregate",
      "Strategy": "Plain",
      "Partial Mode": "Finalize",
      "Parallel Aware": false,
      "Startup Cost": 32865.65,
      "Total Cost": 32865.66,
      "Plan Rows": 1,
      "Plan Width": 8,
      "Actual Startup Time": 88.728,
      "Actual Total Time": 94.289,
      "Actual Rows": 1,
      "Actual Loops": 1,
      "Plans": [
        {
          "Node Type": "Gather",
          "Parent Relationship": "Outer",
          "Parallel Aware": false,
          "Startup Cost": 32865.33,
          "Total Cost": 32865.64,
          "Plan Rows": 3,
          "Plan Width": 8,
          "Actual Startup Time": 88.484,
          "Actual Total Time": 94.281,
          "Actual Rows": 4,
          "Actual Loops": 1,
          "Workers Planned": 3,
          "Workers Launched": 3,
          "Single Copy": false,
          "Plans": [
            {
              "Node Type": "Aggregate",
              "Strategy": "Plain",
              "Partial Mode": "Partial",
              "Parent Relationship": "Outer",
              "Parallel Aware": false,
              "Startup Cost": 31865.33,
              "Total Cost": 31865.34,
              "Plan Rows": 1,
              "Plan Width": 8,
              "Actual Startup Time": 81.87,
              "Actual Total Time": 81.871,
              "Actual Rows": 1,
              "Actual Loops": 4,
              "Plans": [
                {
                  "Node Type": "Seq Scan",
                  "Parent Relationship": "Outer",
                  "Parallel Aware": true,
                  "Relation Name": "movie_companies",
                  "Alias": "mc",
                  "Startup Cost": 0.0,
                  "Total Cost": 31414.82,
                  "Plan Rows": 180204,
                  "Plan Width": 0,
                  "Actual Startup Time": 15.832,
                  "Actual Total Time": 77.873,
                  "Actual Rows": 67800,
                  "Actual Loops": 4,
                  "Filter": "((company_id > 13449) AND (company_type_id < 2))",
                  "Rows Removed by Filter": 584482
                }
              ]
            }
          ]
        }
      ]
    },
    "Planning Time": 0.104,
    "Triggers": [],
    "Execution Time": 94.32
  }
]