{
    "Plan": {
        "Node Type": "Aggregate",
        "Strategy": "Plain",
        "Partial Mode": "Finalize",
        "Parallel Aware": false,
        "Startup Cost": 388373.65,
        "Total Cost": 388373.66,
        "Plan Rows": 1,
        "Plan Width": 8,
        "Actual Startup Time": 1308.685,
        "Actual Total Time": 1355.949,
        "Actual Rows": 1,
        "Actual Loops": 1,
        "Output": [
            "count(*)"
        ],
        "Plans": [
            {
                "Node Type": "Gather",
                "Parent Relationship": "Outer",
                "Parallel Aware": false,
                "Startup Cost": 388373.02,
                "Total Cost": 388373.63,
                "Plan Rows": 6,
                "Plan Width": 8,
                "Actual Startup Time": 1305.36,
                "Actual Total Time": 1355.939,
                "Actual Rows": 7,
                "Actual Loops": 1,
                "Output": [
                    "(PARTIAL count(*))"
                ],
                "Workers Planned": 6,
                "Workers Launched": 6,
                "Single Copy": false,
                "Plans": [
                    {
                        "Node Type": "Aggregate",
                        "Strategy": "Plain",
                        "Partial Mode": "Partial",
                        "Parent Relationship": "Outer",
                        "Parallel Aware": false,
                        "Startup Cost": 387373.02,
                        "Total Cost": 387373.03,
                        "Plan Rows": 1,
                        "Plan Width": 8,
                        "Actual Startup Time": 1296.541,
                        "Actual Total Time": 1296.577,
                        "Actual Rows": 1,
                        "Actual Loops": 7,
                        "Output": [
                            "PARTIAL count(*)"
                        ],
                        "Workers": [
                            {
                                "Worker Number": 0,
                                "Actual Startup Time": 1292.56,
                                "Actual Total Time": 1292.563,
                                "Actual Rows": 1,
                                "Actual Loops": 1
                            },
                            {
                                "Worker Number": 1,
                                "Actual Startup Time": 1292.654,
                                "Actual Total Time": 1292.656,
                                "Actual Rows": 1,
                                "Actual Loops": 1
                            },
                            {
                                "Worker Number": 2,
                                "Actual Startup Time": 1293.566,
                                "Actual Total Time": 1293.568,
                                "Actual Rows": 1,
                                "Actual Loops": 1
                            },
                            {
                                "Worker Number": 3,
                                "Actual Startup Time": 1297.484,
                                "Actual Total Time": 1297.486,
                                "Actual Rows": 1,
                                "Actual Loops": 1
                            },
                            {
                                "Worker Number": 4,
                                "Actual Startup Time": 1297.486,
                                "Actual Total Time": 1297.489,
                                "Actual Rows": 1,
                                "Actual Loops": 1
                            },
                            {
                                "Worker Number": 5,
                                "Actual Startup Time": 1297.556,
                                "Actual Total Time": 1297.559,
                                "Actual Rows": 1,
                                "Actual Loops": 1
                            }
                        ],
                        "Plans": [
                            {
                                "Node Type": "Hash Join",
                                "Parent Relationship": "Outer",
                                "Parallel Aware": true,
                                "Join Type": "Inner",
                                "Startup Cost": 46224.81,
                                "Total Cost": 386306.39,
                                "Plan Rows": 426652,
                                "Plan Width": 0,
                                "Actual Startup Time": 184.6,
                                "Actual Total Time": 1277.66,
                                "Actual Rows": 435300,
                                "Actual Loops": 7,
                                "Inner Unique": true,
                                "Hash Cond": "(ci.movie_id = t.id)",
                                "Workers": [
                                    {
                                        "Worker Number": 0,
                                        "Actual Startup Time": 180.735,
                                        "Actual Total Time": 1274.538,
                                        "Actual Rows": 418252,
                                        "Actual Loops": 1
                                    },
                                    {
                                        "Worker Number": 1,
                                        "Actual Startup Time": 180.891,
                                        "Actual Total Time": 1274.233,
                                        "Actual Rows": 428000,
                                        "Actual Loops": 1
                                    },
                                    {
                                        "Worker Number": 2,
                                        "Actual Startup Time": 181.293,
                                        "Actual Total Time": 1274.943,
                                        "Actual Rows": 424397,
                                        "Actual Loops": 1
                                    },
                                    {
                                        "Worker Number": 3,
                                        "Actual Startup Time": 185.622,
                                        "Actual Total Time": 1278.64,
                                        "Actual Rows": 431158,
                                        "Actual Loops": 1
                                    },
                                    {
                                        "Worker Number": 4,
                                        "Actual Startup Time": 185.505,
                                        "Actual Total Time": 1278.863,
                                        "Actual Rows": 424345,
                                        "Actual Loops": 1
                                    },
                                    {
                                        "Worker Number": 5,
                                        "Actual Startup Time": 185.61,
                                        "Actual Total Time": 1279.584,
                                        "Actual Rows": 414681,
                                        "Actual Loops": 1
                                    }
                                ],
                                "Plans": [
                                    {
                                        "Node Type": "Seq Scan",
                                        "Parent Relationship": "Outer",
                                        "Parallel Aware": true,
                                        "Relation Name": "cast_info",
                                        "Schema": "public",
                                        "Alias": "ci",
                                        "Startup Cost": 0.0,
                                        "Total Cost": 328213.62,
                                        "Plan Rows": 4521123,
                                        "Plan Width": 4,
                                        "Actual Startup Time": 89.236,
                                        "Actual Total Time": 576.155,
                                        "Actual Rows": 3864682,
                                        "Actual Loops": 7,
                                        "Output": [
                                            "ci.id",
                                            "ci.person_id",
                                            "ci.movie_id",
                                            "ci.person_role_id",
                                            "ci.note",
                                            "ci.nr_order",
                                            "ci.role_id"
                                        ],
                                        "Filter": "(ci.person_id > 903621)",
                                        "Rows Removed by Filter": 1313081,
                                        "Workers": [
                                            {
                                                "Worker Number": 0,
                                                "Actual Startup Time": 89.232,
                                                "Actual Total Time": 581.92,
                                                "Actual Rows": 3711741,
                                                "Actual Loops": 1
                                            },
                                            {
                                                "Worker Number": 1,
                                                "Actual Startup Time": 89.228,
                                                "Actual Total Time": 586.457,
                                                "Actual Rows": 3785245,
                                                "Actual Loops": 1
                                            },
                                            {
                                                "Worker Number": 2,
                                                "Actual Startup Time": 89.245,
                                                "Actual Total Time": 579.925,
                                                "Actual Rows": 3778598,
                                                "Actual Loops": 1
                                            },
                                            {
                                                "Worker Number": 3,
                                                "Actual Startup Time": 89.252,
                                                "Actual Total Time": 579.421,
                                                "Actual Rows": 3787452,
                                                "Actual Loops": 1
                                            },
                                            {
                                                "Worker Number": 4,
                                                "Actual Startup Time": 89.226,
                                                "Actual Total Time": 582.762,
                                                "Actual Rows": 3818244,
                                                "Actual Loops": 1
                                            },
                                            {
                                                "Worker Number": 5,
                                                "Actual Startup Time": 89.234,
                                                "Actual Total Time": 581.78,
                                                "Actual Rows": 3687267,
                                                "Actual Loops": 1
                                            }
                                        ]
                                    },
                                    {
                                        "Node Type": "Hash",
                                        "Parent Relationship": "Inner",
                                        "Parallel Aware": true,
                                        "Startup Cost": 45479.21,
                                        "Total Cost": 45479.21,
                                        "Plan Rows": 59648,
                                        "Plan Width": 4,
                                        "Actual Startup Time": 93.601,
                                        "Actual Total Time": 93.601,
                                        "Actual Rows": 49949,
                                        "Actual Loops": 7,
                                        "Output": [
                                            "t.id"
                                        ],
                                        "Hash Buckets": 524288,
                                        "Original Hash Buckets": 262144,
                                        "Hash Batches": 1,
                                        "Original Hash Batches": 1,
                                        "Peak Memory Usage": 19936,
                                        "Workers": [
                                            {
                                                "Worker Number": 0,
                                                "Actual Startup Time": 90.769,
                                                "Actual Total Time": 90.77,
                                                "Actual Rows": 46196,
                                                "Actual Loops": 1
                                            },
                                            {
                                                "Worker Number": 1,
                                                "Actual Startup Time": 90.817,
                                                "Actual Total Time": 90.818,
                                                "Actual Rows": 46963,
                                                "Actual Loops": 1
                                            },
                                            {
                                                "Worker Number": 2,
                                                "Actual Startup Time": 91.425,
                                                "Actual Total Time": 91.426,
                                                "Actual Rows": 48218,
                                                "Actual Loops": 1
                                            },
                                            {
                                                "Worker Number": 3,
                                                "Actual Startup Time": 95.812,
                                                "Actual Total Time": 95.813,
                                                "Actual Rows": 49100,
                                                "Actual Loops": 1
                                            },
                                            {
                                                "Worker Number": 4,
                                                "Actual Startup Time": 95.828,
                                                "Actual Total Time": 95.829,
                                                "Actual Rows": 48763,
                                                "Actual Loops": 1
                                            },
                                            {
                                                "Worker Number": 5,
                                                "Actual Startup Time": 95.99,
                                                "Actual Total Time": 95.991,
                                                "Actual Rows": 47075,
                                                "Actual Loops": 1
                                            }
                                        ],
                                        "Plans": [
                                            {
                                                "Node Type": "Seq Scan",
                                                "Parent Relationship": "Outer",
                                                "Parallel Aware": true,
                                                "Relation Name": "title",
                                                "Schema": "public",
                                                "Alias": "t",
                                                "Startup Cost": 0.0,
                                                "Total Cost": 45479.21,
                                                "Plan Rows": 59648,
                                                "Plan Width": 4,
                                                "Actual Startup Time": 0.144,
                                                "Actual Total Time": 69.256,
                                                "Actual Rows": 49949,
                                                "Actual Loops": 7,
                                                "Output": [
                                                    "t.id"
                                                ],
                                                "Filter": "((t.kind_id < 7) AND (t.production_year < 1986))",
                                                "Rows Removed by Filter": 311238,
                                                "Workers": [
                                                    {
                                                        "Worker Number": 0,
                                                        "Actual Startup Time": 0.27,
                                                        "Actual Total Time": 67.243,
                                                        "Actual Rows": 46196,
                                                        "Actual Loops": 1
                                                    },
                                                    {
                                                        "Worker Number": 1,
                                                        "Actual Startup Time": 0.142,
                                                        "Actual Total Time": 67.335,
                                                        "Actual Rows": 46963,
                                                        "Actual Loops": 1
                                                    },
                                                    {
                                                        "Worker Number": 2,
                                                        "Actual Startup Time": 0.17,
                                                        "Actual Total Time": 68.373,
                                                        "Actual Rows": 48218,
                                                        "Actual Loops": 1
                                                    },
                                                    {
                                                        "Worker Number": 3,
                                                        "Actual Startup Time": 0.103,
                                                        "Actual Total Time": 71.336,
                                                        "Actual Rows": 49100,
                                                        "Actual Loops": 1
                                                    },
                                                    {
                                                        "Worker Number": 4,
                                                        "Actual Startup Time": 0.117,
                                                        "Actual Total Time": 70.727,
                                                        "Actual Rows": 48763,
                                                        "Actual Loops": 1
                                                    },
                                                    {
                                                        "Worker Number": 5,
                                                        "Actual Startup Time": 0.13,
                                                        "Actual Total Time": 70.529,
                                                        "Actual Rows": 47075,
                                                        "Actual Loops": 1
                                                    }
                                                ]
                                            }
                                        ]
                                    }
                                ]
                            }
                        ]
                    }
                ]
            }
        ]
    },
    "Planning Time": 0.74,
    "Triggers": [],
    "Execution Time": 1356.033
}