[
    {
        "Bao": {
            "Bao prediction": 484.531,
            "Bao recommended hint": "SET enable_mergejoin TO off; SET enable_indexscan TO off; "
        }
    },
    {
        "Plan": {
            "Node Type": "Aggregate",
            "Strategy": "Plain",
            "Partial Mode": "Finalize",
            "Parallel Aware": false,
            "Startup Cost": 348739.66,
            "Total Cost": 348739.67,
            "Plan Rows": 1,
            "Plan Width": 8,
            "Actual Startup Time": 650.084,
            "Actual Total Time": 670.735,
            "Actual Rows": 1,
            "Actual Loops": 1,
            "Output": [
                "count(*)"
            ],
            "Plans": [
                {
                    "Node Type": "Gather",
                    "Parent Relationship": "Outer",
                    "Parallel Aware": false,
                    "Startup Cost": 348739.04,
                    "Total Cost": 348739.65,
                    "Plan Rows": 6,
                    "Plan Width": 8,
                    "Actual Startup Time": 649.979,
                    "Actual Total Time": 670.727,
                    "Actual Rows": 7,
                    "Actual Loops": 1,
                    "Output": [
                        "(PARTIAL count(*))"
                    ],
                    "Workers Planned": 6,
                    "Workers Launched": 6,
                    "Single Copy": false,
                    "Plans": [
                        {
                            "Node Type": "Aggregate",
                            "Strategy": "Plain",
                            "Partial Mode": "Partial",
                            "Parent Relationship": "Outer",
                            "Parallel Aware": false,
                            "Startup Cost": 347739.04,
                            "Total Cost": 347739.05,
                            "Plan Rows": 1,
                            "Plan Width": 8,
                            "Actual Startup Time": 640.481,
                            "Actual Total Time": 640.481,
                            "Actual Rows": 1,
                            "Actual Loops": 7,
                            "Output": [
                                "PARTIAL count(*)"
                            ],
                            "Workers": [
                                {
                                    "Worker Number": 0,
                                    "Actual Startup Time": 638.535,
                                    "Actual Total Time": 638.535,
                                    "Actual Rows": 1,
                                    "Actual Loops": 1
                                },
                                {
                                    "Worker Number": 1,
                                    "Actual Startup Time": 638.537,
                                    "Actual Total Time": 638.538,
                                    "Actual Rows": 1,
                                    "Actual Loops": 1
                                },
                                {
                                    "Worker Number": 2,
                                    "Actual Startup Time": 638.551,
                                    "Actual Total Time": 638.551,
                                    "Actual Rows": 1,
                                    "Actual Loops": 1
                                },
                                {
                                    "Worker Number": 3,
                                    "Actual Startup Time": 639.336,
                                    "Actual Total Time": 639.337,
                                    "Actual Rows": 1,
                                    "Actual Loops": 1
                                },
                                {
                                    "Worker Number": 4,
                                    "Actual Startup Time": 639.357,
                                    "Actual Total Time": 639.358,
                                    "Actual Rows": 1,
                                    "Actual Loops": 1
                                },
                                {
                                    "Worker Number": 5,
                                    "Actual Startup Time": 639.932,
                                    "Actual Total Time": 639.933,
                                    "Actual Rows": 1,
                                    "Actual Loops": 1
                                }
                            ],
                            "Plans": [
                                {
                                    "Node Type": "Seq Scan",
                                    "Parent Relationship": "Outer",
                                    "Parallel Aware": true,
                                    "Relation Name": "cast_info",
                                    "Schema": "public",
                                    "Alias": "ci",
                                    "Startup Cost": 0.0,
                                    "Total Cost": 343318.94,
                                    "Plan Rows": 1768039,
                                    "Plan Width": 0,
                                    "Actual Startup Time": 84.046,
                                    "Actual Total Time": 592.181,
                                    "Actual Rows": 1159014,
                                    "Actual Loops": 7,
                                    "Output": [
                                        "id",
                                        "person_id",
                                        "movie_id",
                                        "person_role_id",
                                        "note",
                                        "nr_order",
                                        "role_id"
                                    ],
                                    "Filter": "((ci.person_id > 610638) AND (ci.role_id = 1))",
                                    "Rows Removed by Filter": 4018750,
                                    "Workers": [
                                        {
                                            "Worker Number": 0,
                                            "Actual Startup Time": 82.108,
                                            "Actual Total Time": 591.446,
                                            "Actual Rows": 1155660,
                                            "Actual Loops": 1
                                        },
                                        {
                                            "Worker Number": 1,
                                            "Actual Startup Time": 82.108,
                                            "Actual Total Time": 589.873,
                                            "Actual Rows": 1079886,
                                            "Actual Loops": 1
                                        },
                                        {
                                            "Worker Number": 2,
                                            "Actual Startup Time": 82.107,
                                            "Actual Total Time": 591.26,
                                            "Actual Rows": 1084648,
                                            "Actual Loops": 1
                                        },
                                        {
                                            "Worker Number": 3,
                                            "Actual Startup Time": 82.912,
                                            "Actual Total Time": 592.268,
                                            "Actual Rows": 1157017,
                                            "Actual Loops": 1
                                        },
                                        {
                                            "Worker Number": 4,
                                            "Actual Startup Time": 82.916,
                                            "Actual Total Time": 592.298,
                                            "Actual Rows": 1156799,
                                            "Actual Loops": 1
                                        },
                                        {
                                            "Worker Number": 5,
                                            "Actual Startup Time": 83.489,
                                            "Actual Total Time": 592.532,
                                            "Actual Rows": 1087914,
                                            "Actual Loops": 1
                                        }
                                    ]
                                }
                            ]
                        }
                    ]
                }
            ]
        },
        "Planning Time": 2010.363,
        "Triggers": [],
        "Execution Time": 670.83
    }
]