[
  {
    "Plan": {
      "Node Type": "Aggregate",
      "Strategy": "Plain",
      "Partial Mode": "Finalize",
      "Parallel Aware": false,
      "Startup Cost": 348355.49,
      "Total Cost": 348355.5,
      "Plan Rows": 1,
      "Plan Width": 8,
      "Actual Startup Time": 701.287,
      "Actual Total Time": 748.972,
      "Actual Rows": 1,
      "Actual Loops": 1,
      "Plans": [
        {
          "Node Type": "Gather",
          "Parent Relationship": "Outer",
          "Parallel Aware": false,
          "Startup Cost": 348354.87,
          "Total Cost": 348355.48,
          "Plan Rows": 6,
          "Plan Width": 8,
          "Actual Startup Time": 701.112,
          "Actual Total Time": 748.957,
          "Actual Rows": 7,
          "Actual Loops": 1,
          "Workers Planned": 6,
          "Workers Launched": 6,
          "Single Copy": false,
          "Plans": [
            {
              "Node Type": "Aggregate",
              "Strategy": "Plain",
              "Partial Mode": "Partial",
              "Parent Relationship": "Outer",
              "Parallel Aware": false,
              "Startup Cost": 347354.87,
              "Total Cost": 347354.88,
              "Plan Rows": 1,
              "Plan Width": 8,
              "Actual Startup Time": 692.019,
              "Actual Total Time": 692.02,
              "Actual Rows": 1,
              "Actual Loops": 7,
              "Plans": [
                {
                  "Node Type": "Seq Scan",
                  "Parent Relationship": "Outer",
                  "Parallel Aware": true,
                  "Relation Name": "cast_info",
                  "Alias": "ci",
                  "Startup Cost": 0.0,
                  "Total Cost": 343316.27,
                  "Plan Rows": 1615439,
                  "Plan Width": 0,
                  "Actual Startup Time": 308.839,
                  "Actual Total Time": 644.517,
                  "Actual Rows": 925718,
                  "Actual Loops": 7,
                  "Filter": "((person_id > 2432624) AND (role_id < 6))",
                  "Rows Removed by Filter": 4252045
                }
              ]
            }
          ]
        }
      ]
    },
    "Planning Time": 0.228,
    "Triggers": [],
    "Execution Time": 749.043
  }
]