[
  {
    "Plan": {
      "Node Type": "Aggregate",
      "Strategy": "Plain",
      "Partial Mode": "Finalize",
      "Parallel Aware": false,
      "Startup Cost": 128664.1,
      "Total Cost": 128664.11,
      "Plan Rows": 1,
      "Plan Width": 8,
      "Actual Startup Time": 734.316,
      "Actual Total Time": 756.161,
      "Actual Rows": 1,
      "Actual Loops": 1,
      "Plans": [
        {
          "Node Type": "Gather",
          "Parent Relationship": "Outer",
          "Parallel Aware": false,
          "Startup Cost": 128663.79,
          "Total Cost": 128664.1,
          "Plan Rows": 3,
          "Plan Width": 8,
          "Actual Startup Time": 728.614,
          "Actual Total Time": 756.153,
          "Actual Rows": 4,
          "Actual Loops": 1,
          "Workers Planned": 3,
          "Workers Launched": 3,
          "Single Copy": false,
          "Plans": [
            {
              "Node Type": "Aggregate",
              "Strategy": "Plain",
              "Partial Mode": "Partial",
              "Parent Relationship": "Outer",
              "Parallel Aware": false,
              "Startup Cost": 127663.79,
              "Total Cost": 127663.8,
              "Plan Rows": 1,
              "Plan Width": 8,
              "Actual Startup Time": 724.543,
              "Actual Total Time": 724.549,
              "Actual Rows": 1,
              "Actual Loops": 4,
              "Plans": [
                {
                  "Node Type": "Hash Join",
                  "Parent Relationship": "Outer",
                  "Parallel Aware": true,
                  "Join Type": "Inner",
                  "Startup Cost": 79436.46,
                  "Total Cost": 127312.35,
                  "Plan Rows": 140573,
                  "Plan Width": 0,
                  "Actual Startup Time": 380.654,
                  "Actual Total Time": 673.712,
                  "Actual Rows": 1095455,
                  "Actual Loops": 4,
                  "Inner Unique": false,
                  "Hash Cond": "(mk.movie_id = t.id)",
                  "Plans": [
                    {
                      "Node Type": "Seq Scan",
                      "Parent Relationship": "Outer",
                      "Parallel Aware": true,
                      "Relation Name": "movie_keyword",
                      "Alias": "mk",
                      "Startup Cost": 0.0,
                      "Total Cost": 42695.65,
                      "Plan Rows": 1260474,
                      "Plan Width": 4,
                      "Actual Startup Time": 0.077,
                      "Actual Total Time": 120.886,
                      "Actual Rows": 974790,
                      "Actual Loops": 4,
                      "Filter": "(keyword_id > 482)",
                      "Rows Removed by Filter": 156192
                    },
                    {
                      "Node Type": "Hash",
                      "Parent Relationship": "Inner",
                      "Parallel Aware": true,
                      "Startup Cost": 78299.45,
                      "Total Cost": 78299.45,
                      "Plan Rows": 90961,
                      "Plan Width": 8,
                      "Actual Startup Time": 378.719,
                      "Actual Total Time": 378.723,
                      "Actual Rows": 132342,
                      "Actual Loops": 4,
                      "Hash Buckets": 1048576,
                      "Original Hash Buckets": 524288,
                      "Hash Batches": 1,
                      "Original Hash Batches": 1,
                      "Peak Memory Usage": 33024,
                      "Plans": [
                        {
                          "Node Type": "Hash Join",
                          "Parent Relationship": "Outer",
                          "Parallel Aware": true,
                          "Join Type": "Inner",
                          "Startup Cost": 48325.95,
                          "Total Cost": 78299.45,
                          "Plan Rows": 90961,
                          "Plan Width": 8,
                          "Actual Startup Time": 195.787,
                          "Actual Total Time": 318.901,
                          "Actual Rows": 132342,
                          "Actual Loops": 4,
                          "Inner Unique": true,
                          "Hash Cond": "(mc.movie_id = t.id)",
                          "Plans": [
                            {
                              "Node Type": "Seq Scan",
                              "Parent Relationship": "Outer",
                              "Parallel Aware": true,
                              "Relation Name": "movie_companies",
                              "Alias": "mc",
                              "Startup Cost": 0.0,
                              "Total Cost": 29310.68,
                              "Plan Rows": 252503,
                              "Plan Width": 4,
                              "Actual Startup Time": 14.136,
                              "Actual Total Time": 68.547,
                              "Actual Rows": 193520,
                              "Actual Loops": 4,
                              "Filter": "(company_id > 33464)",
                              "Rows Removed by Filter": 458762
                            },
                            {
                              "Node Type": "Hash",
                              "Parent Relationship": "Inner",
                              "Parallel Aware": true,
                              "Startup Cost": 45479.59,
                              "Total Cost": 45479.59,
                              "Plan Rows": 227709,
                              "Plan Width": 4,
                              "Actual Startup Time": 179.254,
                              "Actual Total Time": 179.255,
                              "Actual Rows": 211864,
                              "Actual Loops": 4,
                              "Hash Buckets": 1048576,
                              "Original Hash Buckets": 1048576,
                              "Hash Batches": 1,
                              "Original Hash Batches": 1,
                              "Peak Memory Usage": 41408,
                              "Plans": [
                                {
                                  "Node Type": "Seq Scan",
                                  "Parent Relationship": "Outer",
                                  "Parallel Aware": true,
                                  "Relation Name": "title",
                                  "Alias": "t",
                                  "Startup Cost": 0.0,
                                  "Total Cost": 45479.59,
                                  "Plan Rows": 227709,
                                  "Plan Width": 4,
                                  "Actual Startup Time": 0.038,
                                  "Actual Total Time": 103.64,
                                  "Actual Rows": 211864,
                                  "Actual Loops": 4,
                                  "Filter": "((kind_id < 7) AND (production_year > 1935))",
                                  "Rows Removed by Filter": 420214
                                }
                              ]
                            }
                          ]
                        }
                      ]
                    }
                  ]
                }
              ]
            }
          ]
        }
      ]
    },
    "Planning Time": 0.821,
    "Triggers": [],
    "Execution Time": 756.213
  }
]