[
  {
    "Plan": {
      "Node Type": "Aggregate",
      "Strategy": "Plain",
      "Partial Mode": "Finalize",
      "Parallel Aware": false,
      "Startup Cost": 128597.09,
      "Total Cost": 128597.1,
      "Plan Rows": 1,
      "Plan Width": 8,
      "Actual Startup Time": 742.263,
      "Actual Total Time": 761.195,
      "Actual Rows": 1,
      "Actual Loops": 1,
      "Plans": [
        {
          "Node Type": "Gather",
          "Parent Relationship": "Outer",
          "Parallel Aware": false,
          "Startup Cost": 128596.77,
          "Total Cost": 128597.08,
          "Plan Rows": 3,
          "Plan Width": 8,
          "Actual Startup Time": 734.64,
          "Actual Total Time": 761.186,
          "Actual Rows": 4,
          "Actual Loops": 1,
          "Workers Planned": 3,
          "Workers Launched": 3,
          "Single Copy": false,
          "Plans": [
            {
              "Node Type": "Aggregate",
              "Strategy": "Plain",
              "Partial Mode": "Partial",
              "Parent Relationship": "Outer",
              "Parallel Aware": false,
              "Startup Cost": 127596.77,
              "Total Cost": 127596.78,
              "Plan Rows": 1,
              "Plan Width": 8,
              "Actual Startup Time": 725.702,
              "Actual Total Time": 725.881,
              "Actual Rows": 1,
              "Actual Loops": 4,
              "Plans": [
                {
                  "Node Type": "Hash Join",
                  "Parent Relationship": "Outer",
                  "Parallel Aware": true,
                  "Join Type": "Inner",
                  "Startup Cost": 79391.02,
                  "Total Cost": 127255.07,
                  "Plan Rows": 136680,
                  "Plan Width": 0,
                  "Actual Startup Time": 395.404,
                  "Actual Total Time": 678.957,
                  "Actual Rows": 1095455,
                  "Actual Loops": 4,
                  "Inner Unique": false,
                  "Hash Cond": "(mk.movie_id = t.id)",
                  "Plans": [
                    {
                      "Node Type": "Seq Scan",
                      "Parent Relationship": "Outer",
                      "Parallel Aware": true,
                      "Relation Name": "movie_keyword",
                      "Alias": "mk",
                      "Startup Cost": 0.0,
                      "Total Cost": 42695.65,
                      "Plan Rows": 1260663,
                      "Plan Width": 4,
                      "Actual Startup Time": 0.052,
                      "Actual Total Time": 118.738,
                      "Actual Rows": 974790,
                      "Actual Loops": 4,
                      "Filter": "(keyword_id > 482)",
                      "Rows Removed by Filter": 156192
                    },
                    {
                      "Node Type": "Hash",
                      "Parent Relationship": "Inner",
                      "Parallel Aware": true,
                      "Startup Cost": 78285.71,
                      "Total Cost": 78285.71,
                      "Plan Rows": 88425,
                      "Plan Width": 8,
                      "Actual Startup Time": 392.318,
                      "Actual Total Time": 392.495,
                      "Actual Rows": 132342,
                      "Actual Loops": 4,
                      "Hash Buckets": 1048576,
                      "Original Hash Buckets": 524288,
                      "Hash Batches": 1,
                      "Original Hash Batches": 1,
                      "Peak Memory Usage": 33024,
                      "Plans": [
                        {
                          "Node Type": "Hash Join",
                          "Parent Relationship": "Outer",
                          "Parallel Aware": true,
                          "Join Type": "Inner",
                          "Startup Cost": 48332.26,
                          "Total Cost": 78285.71,
                          "Plan Rows": 88425,
                          "Plan Width": 8,
                          "Actual Startup Time": 216.396,
                          "Actual Total Time": 336.344,
                          "Actual Rows": 132342,
                          "Actual Loops": 4,
                          "Inner Unique": true,
                          "Hash Cond": "(mc.movie_id = t.id)",
                          "Plans": [
                            {
                              "Node Type": "Seq Scan",
                              "Parent Relationship": "Outer",
                              "Parallel Aware": true,
                              "Relation Name": "movie_companies",
                              "Alias": "mc",
                              "Startup Cost": 0.0,
                              "Total Cost": 29310.68,
                              "Plan Rows": 244863,
                              "Plan Width": 4,
                              "Actual Startup Time": 14.034,
                              "Actual Total Time": 67.611,
                              "Actual Rows": 193520,
                              "Actual Loops": 4,
                              "Filter": "(company_id > 33464)",
                              "Rows Removed by Filter": 458762
                            },
                            {
                              "Node Type": "Hash",
                              "Parent Relationship": "Inner",
                              "Parallel Aware": true,
                              "Startup Cost": 45479.1,
                              "Total Cost": 45479.1,
                              "Plan Rows": 228253,
                              "Plan Width": 4,
                              "Actual Startup Time": 199.283,
                              "Actual Total Time": 199.284,
                              "Actual Rows": 211864,
                              "Actual Loops": 4,
                              "Hash Buckets": 1048576,
                              "Original Hash Buckets": 1048576,
                              "Hash Batches": 1,
                              "Original Hash Batches": 1,
                              "Peak Memory Usage": 41376,
                              "Plans": [
                                {
                                  "Node Type": "Seq Scan",
                                  "Parent Relationship": "Outer",
                                  "Parallel Aware": true,
                                  "Relation Name": "title",
                                  "Alias": "t",
                                  "Startup Cost": 0.0,
                                  "Total Cost": 45479.1,
                                  "Plan Rows": 228253,
                                  "Plan Width": 4,
                                  "Actual Startup Time": 0.051,
                                  "Actual Total Time": 115.233,
                                  "Actual Rows": 211864,
                                  "Actual Loops": 4,
                                  "Filter": "((kind_id < 7) AND (production_year > 1935))",
                                  "Rows Removed by Filter": 420214
                                }
                              ]
                            }
                          ]
                        }
                      ]
                    }
                  ]
                }
              ]
            }
          ]
        }
      ]
    },
    "Planning Time": 1.513,
    "Triggers": [],
    "Execution Time": 761.304
  }
]