[
  {
    "Plan": {
      "Node Type": "Aggregate",
      "Strategy": "Plain",
      "Partial Mode": "Finalize",
      "Parallel Aware": false,
      "Startup Cost": 283027.16,
      "Total Cost": 283027.17,
      "Plan Rows": 1,
      "Plan Width": 8,
      "Actual Startup Time": 132.928,
      "Actual Total Time": 142.754,
      "Actual Rows": 1,
      "Actual Loops": 1,
      "Plans": [
        {
          "Node Type": "Gather",
          "Parent Relationship": "Outer",
          "Parallel Aware": false,
          "Startup Cost": 283026.54,
          "Total Cost": 283027.15,
          "Plan Rows": 6,
          "Plan Width": 8,
          "Actual Startup Time": 132.514,
          "Actual Total Time": 142.735,
          "Actual Rows": 7,
          "Actual Loops": 1,
          "Workers Planned": 6,
          "Workers Launched": 6,
          "Single Copy": false,
          "Plans": [
            {
              "Node Type": "Aggregate",
              "Strategy": "Plain",
              "Partial Mode": "Partial",
              "Parent Relationship": "Outer",
              "Parallel Aware": false,
              "Startup Cost": 282026.54,
              "Total Cost": 282026.55,
              "Plan Rows": 1,
              "Plan Width": 8,
              "Actual Startup Time": 123.968,
              "Actual Total Time": 123.971,
              "Actual Rows": 1,
              "Actual Loops": 7,
              "Plans": [
                {
                  "Node Type": "Bitmap Heap Scan",
                  "Parent Relationship": "Outer",
                  "Parallel Aware": true,
                  "Relation Name": "cast_info",
                  "Alias": "ci",
                  "Startup Cost": 26355.4,
                  "Total Cost": 281529.18,
                  "Plan Rows": 198943,
                  "Plan Width": 0,
                  "Actual Startup Time": 53.129,
                  "Actual Total Time": 110.842,
                  "Actual Rows": 176081,
                  "Actual Loops": 7,
                  "Recheck Cond": "(person_id < 124497)",
                  "Rows Removed by Index Recheck": 0,
                  "Exact Heap Blocks": 2784,
                  "Lossy Heap Blocks": 0,
                  "Plans": [
                    {
                      "Node Type": "Bitmap Index Scan",
                      "Parent Relationship": "Outer",
                      "Parallel Aware": false,
                      "Index Name": "person_id_cast_info",
                      "Startup Cost": 0.0,
                      "Total Cost": 26056.98,
                      "Plan Rows": 1193656,
                      "Plan Width": 0,
                      "Actual Startup Time": 57.964,
                      "Actual Total Time": 57.964,
                      "Actual Rows": 1232570,
                      "Actual Loops": 1,
                      "Index Cond": "(person_id < 124497)"
                    }
                  ]
                }
              ]
            }
          ]
        }
      ]
    },
    "Planning Time": 0.108,
    "Triggers": [],
    "Execution Time": 142.795
  }
]