[
  {
    "Plan": {
      "Node Type": "Aggregate",
      "Strategy": "Plain",
      "Partial Mode": "Finalize",
      "Parallel Aware": false,
      "Startup Cost": 392222.96,
      "Total Cost": 392222.97,
      "Plan Rows": 1,
      "Plan Width": 8,
      "Actual Startup Time": 1425.759,
      "Actual Total Time": 1482.633,
      "Actual Rows": 1,
      "Actual Loops": 1,
      "Plans": [
        {
          "Node Type": "Gather",
          "Parent Relationship": "Outer",
          "Parallel Aware": false,
          "Startup Cost": 392222.33,
          "Total Cost": 392222.94,
          "Plan Rows": 6,
          "Plan Width": 8,
          "Actual Startup Time": 1424.815,
          "Actual Total Time": 1482.61,
          "Actual Rows": 7,
          "Actual Loops": 1,
          "Workers Planned": 6,
          "Workers Launched": 6,
          "Single Copy": false,
          "Plans": [
            {
              "Node Type": "Aggregate",
              "Strategy": "Plain",
              "Partial Mode": "Partial",
              "Parent Relationship": "Outer",
              "Parallel Aware": false,
              "Startup Cost": 391222.33,
              "Total Cost": 391222.34,
              "Plan Rows": 1,
              "Plan Width": 8,
              "Actual Startup Time": 1415.822,
              "Actual Total Time": 1415.826,
              "Actual Rows": 1,
              "Actual Loops": 7,
              "Plans": [
                {
                  "Node Type": "Hash Join",
                  "Parent Relationship": "Outer",
                  "Parallel Aware": true,
                  "Join Type": "Inner",
                  "Startup Cost": 46287.16,
                  "Total Cost": 389738.83,
                  "Plan Rows": 593400,
                  "Plan Width": 0,
                  "Actual Startup Time": 84.316,
                  "Actual Total Time": 1405.417,
                  "Actual Rows": 200737,
                  "Actual Loops": 7,
                  "Inner Unique": true,
                  "Hash Cond": "(ci.movie_id = t.id)",
                  "Plans": [
                    {
                      "Node Type": "Seq Scan",
                      "Parent Relationship": "Outer",
                      "Parallel Aware": true,
                      "Relation Name": "cast_info",
                      "Alias": "ci",
                      "Startup Cost": 0.0,
                      "Total Cost": 328211.39,
                      "Plan Rows": 5805813,
                      "Plan Width": 4,
                      "Actual Startup Time": 0.038,
                      "Actual Total Time": 663.656,
                      "Actual Rows": 4986347,
                      "Actual Loops": 7,
                      "Filter": "(person_id < 3802242)",
                      "Rows Removed by Filter": 191416
                    },
                    {
                      "Node Type": "Hash",
                      "Parent Relationship": "Inner",
                      "Parallel Aware": true,
                      "Startup Cost": 45479.59,
                      "Total Cost": 45479.59,
                      "Plan Rows": 64606,
                      "Plan Width": 4,
                      "Actual Startup Time": 82.537,
                      "Actual Total Time": 82.538,
                      "Actual Rows": 19996,
                      "Actual Loops": 7,
                      "Hash Buckets": 262144,
                      "Original Hash Buckets": 262144,
                      "Hash Batches": 1,
                      "Original Hash Batches": 1,
                      "Peak Memory Usage": 7648,
                      "Plans": [
                        {
                          "Node Type": "Seq Scan",
                          "Parent Relationship": "Outer",
                          "Parallel Aware": true,
                          "Relation Name": "title",
                          "Alias": "t",
                          "Startup Cost": 0.0,
                          "Total Cost": 45479.59,
                          "Plan Rows": 64606,
                          "Plan Width": 4,
                          "Actual Startup Time": 0.047,
                          "Actual Total Time": 72.757,
                          "Actual Rows": 19996,
                          "Actual Loops": 7,
                          "Filter": "((kind_id > 1) AND (production_year < 1970))",
                          "Rows Removed by Filter": 341191
                        }
                      ]
                    }
                  ]
                }
              ]
            }
          ]
        }
      ]
    },
    "Planning Time": 0.289,
    "Triggers": [],
    "Execution Time": 1482.689
  }
]