[
  {
    "Plan": {
      "Node Type": "Aggregate",
      "Strategy": "Plain",
      "Partial Mode": "Finalize",
      "Parallel Aware": false,
      "Startup Cost": 500674.36,
      "Total Cost": 500674.37,
      "Plan Rows": 1,
      "Plan Width": 8,
      "Actual Startup Time": 4716.527,
      "Actual Total Time": 4772.653,
      "Actual Rows": 1,
      "Actual Loops": 1,
      "Plans": [
        {
          "Node Type": "Gather",
          "Parent Relationship": "Outer",
          "Parallel Aware": false,
          "Startup Cost": 500673.74,
          "Total Cost": 500674.35,
          "Plan Rows": 6,
          "Plan Width": 8,
          "Actual Startup Time": 4668.706,
          "Actual Total Time": 4772.641,
          "Actual Rows": 7,
          "Actual Loops": 1,
          "Workers Planned": 6,
          "Workers Launched": 6,
          "Single Copy": false,
          "Plans": [
            {
              "Node Type": "Aggregate",
              "Strategy": "Plain",
              "Partial Mode": "Partial",
              "Parent Relationship": "Outer",
              "Parallel Aware": false,
              "Startup Cost": 499673.74,
              "Total Cost": 499673.75,
              "Plan Rows": 1,
              "Plan Width": 8,
              "Actual Startup Time": 4657.495,
              "Actual Total Time": 4658.805,
              "Actual Rows": 1,
              "Actual Loops": 7,
              "Plans": [
                {
                  "Node Type": "Hash Join",
                  "Parent Relationship": "Outer",
                  "Parallel Aware": true,
                  "Join Type": "Inner",
                  "Startup Cost": 111742.66,
                  "Total Cost": 481429.02,
                  "Plan Rows": 7297887,
                  "Plan Width": 0,
                  "Actual Startup Time": 622.729,
                  "Actual Total Time": 3747.267,
                  "Actual Rows": 20941411,
                  "Actual Loops": 7,
                  "Inner Unique": false,
                  "Hash Cond": "(ci.movie_id = t.id)",
                  "Plans": [
                    {
                      "Node Type": "Seq Scan",
                      "Parent Relationship": "Outer",
                      "Parallel Aware": true,
                      "Relation Name": "cast_info",
                      "Alias": "ci",
                      "Startup Cost": 0.0,
                      "Total Cost": 328213.62,
                      "Plan Rows": 4781645,
                      "Plan Width": 4,
                      "Actual Startup Time": 71.557,
                      "Actual Total Time": 566.016,
                      "Actual Rows": 4067546,
                      "Actual Loops": 7,
                      "Filter": "(person_id > 756535)",
                      "Rows Removed by Filter": 1110217
                    },
                    {
                      "Node Type": "Hash",
                      "Parent Relationship": "Inner",
                      "Parallel Aware": true,
                      "Startup Cost": 96182.99,
                      "Total Cost": 96182.99,
                      "Plan Rows": 1244774,
                      "Plan Width": 8,
                      "Actual Startup Time": 546.994,
                      "Actual Total Time": 548.302,
                      "Actual Rows": 550452,
                      "Actual Loops": 7,
                      "Hash Buckets": 4194304,
                      "Original Hash Buckets": 4194304,
                      "Hash Batches": 1,
                      "Original Hash Batches": 1,
                      "Peak Memory Usage": 183584,
                      "Plans": [
                        {
                          "Node Type": "Hash Join",
                          "Parent Relationship": "Outer",
                          "Parallel Aware": true,
                          "Join Type": "Inner",
                          "Startup Cost": 50219.81,
                          "Total Cost": 96182.99,
                          "Plan Rows": 1244774,
                          "Plan Width": 8,
                          "Actual Startup Time": 224.867,
                          "Actual Total Time": 405.637,
                          "Actual Rows": 550452,
                          "Actual Loops": 7,
                          "Inner Unique": true,
                          "Hash Cond": "(mk.movie_id = t.id)",
                          "Plans": [
                            {
                              "Node Type": "Seq Scan",
                              "Parent Relationship": "Outer",
                              "Parallel Aware": true,
                              "Relation Name": "movie_keyword",
                              "Alias": "mk",
                              "Startup Cost": 0.0,
                              "Total Cost": 42695.65,
                              "Plan Rows": 1244774,
                              "Plan Width": 4,
                              "Actual Startup Time": 0.027,
                              "Actual Total Time": 76.266,
                              "Actual Rows": 550452,
                              "Actual Loops": 7,
                              "Filter": "(keyword_id > 527)",
                              "Rows Removed by Filter": 95823
                            },
                            {
                              "Node Type": "Hash",
                              "Parent Relationship": "Inner",
                              "Parallel Aware": true,
                              "Startup Cost": 42318.81,
                              "Total Cost": 42318.81,
                              "Plan Rows": 632080,
                              "Plan Width": 4,
                              "Actual Startup Time": 221.433,
                              "Actual Total Time": 221.434,
                              "Actual Rows": 361187,
                              "Actual Loops": 7,
                              "Hash Buckets": 4194304,
                              "Original Hash Buckets": 4194304,
                              "Hash Batches": 1,
                              "Original Hash Batches": 1,
                              "Peak Memory Usage": 131776,
                              "Plans": [
                                {
                                  "Node Type": "Seq Scan",
                                  "Parent Relationship": "Outer",
                                  "Parallel Aware": true,
                                  "Relation Name": "title",
                                  "Alias": "t",
                                  "Startup Cost": 0.0,
                                  "Total Cost": 42318.81,
                                  "Plan Rows": 632080,
                                  "Plan Width": 4,
                                  "Actual Startup Time": 0.037,
                                  "Actual Total Time": 62.346,
                                  "Actual Rows": 361187,
                                  "Actual Loops": 7
                                }
                              ]
                            }
                          ]
                        }
                      ]
                    }
                  ]
                }
              ]
            }
          ]
        }
      ]
    },
    "Planning Time": 0.465,
    "Triggers": [],
    "Execution Time": 4772.695
  }
]