[
  {
    "Plan": {
      "Node Type": "Aggregate",
      "Strategy": "Plain",
      "Partial Mode": "Finalize",
      "Parallel Aware": false,
      "Startup Cost": 44982.98,
      "Total Cost": 44982.99,
      "Plan Rows": 1,
      "Plan Width": 8,
      "Actual Startup Time": 119.698,
      "Actual Total Time": 128.101,
      "Actual Rows": 1,
      "Actual Loops": 1,
      "Plans": [
        {
          "Node Type": "Gather",
          "Parent Relationship": "Outer",
          "Parallel Aware": false,
          "Startup Cost": 44982.66,
          "Total Cost": 44982.97,
          "Plan Rows": 3,
          "Plan Width": 8,
          "Actual Startup Time": 119.57,
          "Actual Total Time": 128.093,
          "Actual Rows": 4,
          "Actual Loops": 1,
          "Workers Planned": 3,
          "Workers Launched": 3,
          "Single Copy": false,
          "Plans": [
            {
              "Node Type": "Aggregate",
              "Strategy": "Plain",
              "Partial Mode": "Partial",
              "Parent Relationship": "Outer",
              "Parallel Aware": false,
              "Startup Cost": 43982.66,
              "Total Cost": 43982.67,
              "Plan Rows": 1,
              "Plan Width": 8,
              "Actual Startup Time": 114.745,
              "Actual Total Time": 114.746,
              "Actual Rows": 1,
              "Actual Loops": 4,
              "Plans": [
                {
                  "Node Type": "Seq Scan",
                  "Parent Relationship": "Outer",
                  "Parallel Aware": true,
                  "Relation Name": "movie_keyword",
                  "Alias": "mk",
                  "Startup Cost": 0.0,
                  "Total Cost": 42695.65,
                  "Plan Rows": 514803,
                  "Plan Width": 0,
                  "Actual Startup Time": 0.041,
                  "Actual Total Time": 97.422,
                  "Actual Rows": 398831,
                  "Actual Loops": 4,
                  "Filter": "(keyword_id < 2444)",
                  "Rows Removed by Filter": 732151
                }
              ]
            }
          ]
        }
      ]
    },
    "Planning Time": 0.081,
    "Triggers": [],
    "Execution Time": 128.129
  }
]