[
  {
    "Plan": {
      "Node Type": "Aggregate",
      "Strategy": "Plain",
      "Partial Mode": "Finalize",
      "Parallel Aware": false,
      "Startup Cost": 44967.75,
      "Total Cost": 44967.76,
      "Plan Rows": 1,
      "Plan Width": 8,
      "Actual Startup Time": 150.731,
      "Actual Total Time": 158.076,
      "Actual Rows": 1,
      "Actual Loops": 1,
      "Plans": [
        {
          "Node Type": "Gather",
          "Parent Relationship": "Outer",
          "Parallel Aware": false,
          "Startup Cost": 44967.43,
          "Total Cost": 44967.74,
          "Plan Rows": 3,
          "Plan Width": 8,
          "Actual Startup Time": 150.616,
          "Actual Total Time": 158.065,
          "Actual Rows": 4,
          "Actual Loops": 1,
          "Workers Planned": 3,
          "Workers Launched": 3,
          "Single Copy": false,
          "Plans": [
            {
              "Node Type": "Aggregate",
              "Strategy": "Plain",
              "Partial Mode": "Partial",
              "Parent Relationship": "Outer",
              "Parallel Aware": false,
              "Startup Cost": 43967.43,
              "Total Cost": 43967.44,
              "Plan Rows": 1,
              "Plan Width": 8,
              "Actual Startup Time": 144.184,
              "Actual Total Time": 144.185,
              "Actual Rows": 1,
              "Actual Loops": 4,
              "Plans": [
                {
                  "Node Type": "Seq Scan",
                  "Parent Relationship": "Outer",
                  "Parallel Aware": true,
                  "Relation Name": "movie_keyword",
                  "Alias": "mk",
                  "Startup Cost": 0.0,
                  "Total Cost": 42695.65,
                  "Plan Rows": 508712,
                  "Plan Width": 0,
                  "Actual Startup Time": 0.049,
                  "Actual Total Time": 121.337,
                  "Actual Rows": 398831,
                  "Actual Loops": 4,
                  "Filter": "(keyword_id < 2444)",
                  "Rows Removed by Filter": 732151
                }
              ]
            }
          ]
        }
      ]
    },
    "Planning Time": 0.234,
    "Triggers": [],
    "Execution Time": 158.14
  }
]