[
  {
    "Plan": {
      "Node Type": "Aggregate",
      "Strategy": "Plain",
      "Partial Mode": "Finalize",
      "Parallel Aware": false,
      "Startup Cost": 213979.74,
      "Total Cost": 213979.75,
      "Plan Rows": 1,
      "Plan Width": 8,
      "Actual Startup Time": 170.548,
      "Actual Total Time": 183.244,
      "Actual Rows": 1,
      "Actual Loops": 1,
      "Plans": [
        {
          "Node Type": "Gather",
          "Parent Relationship": "Outer",
          "Parallel Aware": false,
          "Startup Cost": 213979.21,
          "Total Cost": 213979.72,
          "Plan Rows": 5,
          "Plan Width": 8,
          "Actual Startup Time": 169.055,
          "Actual Total Time": 183.224,
          "Actual Rows": 6,
          "Actual Loops": 1,
          "Workers Planned": 5,
          "Workers Launched": 5,
          "Single Copy": false,
          "Plans": [
            {
              "Node Type": "Aggregate",
              "Strategy": "Plain",
              "Partial Mode": "Partial",
              "Parent Relationship": "Outer",
              "Parallel Aware": false,
              "Startup Cost": 212979.21,
              "Total Cost": 212979.22,
              "Plan Rows": 1,
              "Plan Width": 8,
              "Actual Startup Time": 158.517,
              "Actual Total Time": 158.522,
              "Actual Rows": 1,
              "Actual Loops": 6,
              "Plans": [
                {
                  "Node Type": "Hash Join",
                  "Parent Relationship": "Outer",
                  "Parallel Aware": true,
                  "Join Type": "Inner",
                  "Startup Cost": 49249.51,
                  "Total Cost": 212965.53,
                  "Plan Rows": 5472,
                  "Plan Width": 0,
                  "Actual Startup Time": 123.918,
                  "Actual Total Time": 158.36,
                  "Actual Rows": 1971,
                  "Actual Loops": 6,
                  "Inner Unique": true,
                  "Hash Cond": "(mi.movie_id = t.id)",
                  "Plans": [
                    {
                      "Node Type": "Bitmap Heap Scan",
                      "Parent Relationship": "Outer",
                      "Parallel Aware": true,
                      "Relation Name": "movie_info",
                      "Alias": "mi",
                      "Startup Cost": 10294.8,
                      "Total Cost": 173711.78,
                      "Plan Rows": 113919,
                      "Plan Width": 4,
                      "Actual Startup Time": 28.016,
                      "Actual Total Time": 78.945,
                      "Actual Rows": 99743,
                      "Actual Loops": 6,
                      "Recheck Cond": "(info_type_id = 15)",
                      "Rows Removed by Index Recheck": 0,
                      "Exact Heap Blocks": 5584,
                      "Lossy Heap Blocks": 0,
                      "Plans": [
                        {
                          "Node Type": "Bitmap Index Scan",
                          "Parent Relationship": "Outer",
                          "Parallel Aware": false,
                          "Index Name": "info_type_id_movie_info",
                          "Startup Cost": 0.0,
                          "Total Cost": 10152.4,
                          "Plan Rows": 569595,
                          "Plan Width": 0,
                          "Actual Startup Time": 24.782,
                          "Actual Total Time": 24.783,
                          "Actual Rows": 598457,
                          "Actual Loops": 1,
                          "Index Cond": "(info_type_id = 15)"
                        }
                      ]
                    },
                    {
                      "Node Type": "Hash",
                      "Parent Relationship": "Inner",
                      "Parallel Aware": true,
                      "Startup Cost": 38575.19,
                      "Total Cost": 38575.19,
                      "Plan Rows": 30362,
                      "Plan Width": 4,
                      "Actual Startup Time": 60.855,
                      "Actual Total Time": 60.857,
                      "Actual Rows": 19706,
                      "Actual Loops": 6,
                      "Hash Buckets": 131072,
                      "Original Hash Buckets": 131072,
                      "Hash Batches": 1,
                      "Original Hash Batches": 1,
                      "Peak Memory Usage": 5760,
                      "Plans": [
                        {
                          "Node Type": "Bitmap Heap Scan",
                          "Parent Relationship": "Outer",
                          "Parallel Aware": true,
                          "Relation Name": "title",
                          "Alias": "t",
                          "Startup Cost": 2197.66,
                          "Total Cost": 38575.19,
                          "Plan Rows": 30362,
                          "Plan Width": 4,
                          "Actual Startup Time": 13.818,
                          "Actual Total Time": 50.901,
                          "Actual Rows": 19706,
                          "Actual Loops": 6,
                          "Recheck Cond": "(kind_id = 4)",
                          "Rows Removed by Index Recheck": 0,
                          "Exact Heap Blocks": 5645,
                          "Lossy Heap Blocks": 0,
                          "Plans": [
                            {
                              "Node Type": "Bitmap Index Scan",
                              "Parent Relationship": "Outer",
                              "Parallel Aware": false,
                              "Index Name": "kind_id_title",
                              "Startup Cost": 0.0,
                              "Total Cost": 2167.3,
                              "Plan Rows": 121449,
                              "Plan Width": 0,
                              "Actual Startup Time": 14.529,
                              "Actual Total Time": 14.529,
                              "Actual Rows": 118234,
                              "Actual Loops": 1,
                              "Index Cond": "(kind_id = 4)"
                            }
                          ]
                        }
                      ]
                    }
                  ]
                }
              ]
            }
          ]
        }
      ]
    },
    "Planning Time": 0.642,
    "Triggers": [],
    "Execution Time": 183.354
  }
]