{
  "Plan": {
    "Node Type": "Aggregate",
    "Strategy": "Plain",
    "Partial Mode": "Finalize",
    "Parallel Aware": false,
    "Startup Cost": 313384.13,
    "Total Cost": 313384.14,
    "Plan Rows": 1,
    "Plan Width": 8,
    "Actual Startup Time": 1427.058,
    "Actual Total Time": 1448.331,
    "Actual Rows": 1,
    "Actual Loops": 1,
    "Plans": [
      {
        "Node Type": "Gather",
        "Parent Relationship": "Outer",
        "Parallel Aware": false,
        "Startup Cost": 313384.02,
        "Total Cost": 313384.13,
        "Plan Rows": 1,
        "Plan Width": 8,
        "Actual Startup Time": 1423.937,
        "Actual Total Time": 1448.322,
        "Actual Rows": 2,
        "Actual Loops": 1,
        "Workers Planned": 1,
        "Workers Launched": 1,
        "Single Copy": false,
        "Plans": [
          {
            "Node Type": "Aggregate",
            "Strategy": "Plain",
            "Partial Mode": "Partial",
            "Parent Relationship": "Outer",
            "Parallel Aware": false,
            "Startup Cost": 312384.02,
            "Total Cost": 312384.03,
            "Plan Rows": 1,
            "Plan Width": 8,
            "Actual Startup Time": 1416.568,
            "Actual Total Time": 1416.572,
            "Actual Rows": 1,
            "Actual Loops": 2,
            "Plans": [
              {
                "Node Type": "Hash Join",
                "Parent Relationship": "Outer",
                "Parallel Aware": true,
                "Join Type": "Inner",
                "Startup Cost": 69127.2,
                "Total Cost": 310039.35,
                "Plan Rows": 937870,
                "Plan Width": 0,
                "Actual Startup Time": 635.424,
                "Actual Total Time": 1379.22,
                "Actual Rows": 884002,
                "Actual Loops": 2,
                "Inner Unique": true,
                "Hash Cond": "(ci.movie_id = t.id)",
                "Plans": [
                  {
                    "Node Type": "Index Scan",
                    "Parent Relationship": "Outer",
                    "Parallel Aware": true,
                    "Scan Direction": "Forward",
                    "Index Name": "role_id_cast_info",
                    "Relation Name": "cast_info",
                    "Alias": "ci",
                    "Startup Cost": 0.56,
                    "Total Cost": 236682.84,
                    "Plan Rows": 1611378,
                    "Plan Width": 4,
                    "Actual Startup Time": 264.852,
                    "Actual Total Time": 493.363,
                    "Actual Rows": 1446328,
                    "Actual Loops": 2,
                    "Index Cond": "(role_id = 2)",
                    "Rows Removed by Index Recheck": 0,
                    "Filter": "(person_id > 2327393)",
                    "Rows Removed by Filter": 2279659
                  },
                  {
                    "Node Type": "Hash",
                    "Parent Relationship": "Inner",
                    "Parallel Aware": true,
                    "Startup Cost": 58306.47,
                    "Total Cost": 58306.47,
                    "Plan Rows": 865613,
                    "Plan Width": 4,
                    "Actual Startup Time": 356.453,
                    "Actual Total Time": 356.454,
                    "Actual Rows": 745436,
                    "Actual Loops": 2,
                    "Hash Buckets": 2097152,
                    "Original Hash Buckets": 2097152,
                    "Hash Batches": 1,
                    "Original Hash Batches": 1,
                    "Peak Memory Usage": 74752,
                    "Plans": [
                      {
                        "Node Type": "Seq Scan",
                        "Parent Relationship": "Outer",
                        "Parallel Aware": true,
                        "Relation Name": "title",
                        "Alias": "t",
                        "Startup Cost": 0.0,
                        "Total Cost": 58306.47,
                        "Plan Rows": 865613,
                        "Plan Width": 4,
                        "Actual Startup Time": 0.028,
                        "Actual Total Time": 165.556,
                        "Actual Rows": 745436,
                        "Actual Loops": 2,
                        "Filter": "((kind_id > 4) AND (production_year > 1914))",
                        "Rows Removed by Filter": 518720
                      }
                    ]
                  }
                ]
              }
            ]
          }
        ]
      }
    ]
  },
  "Planning Time": 0.741,
  "Triggers": [],
  "Execution Time": 1448.408
}