[
  {
    "Plan": {
      "Node Type": "Aggregate",
      "Strategy": "Plain",
      "Partial Mode": "Finalize",
      "Parallel Aware": false,
      "Startup Cost": 113301.99,
      "Total Cost": 113301.99,
      "Plan Rows": 1,
      "Plan Width": 8,
      "Actual Startup Time": 212.127,
      "Actual Total Time": 224.086,
      "Actual Rows": 1,
      "Actual Loops": 1,
      "Plans": [
        {
          "Node Type": "Gather",
          "Parent Relationship": "Outer",
          "Parallel Aware": false,
          "Startup Cost": 113301.46,
          "Total Cost": 113301.97,
          "Plan Rows": 5,
          "Plan Width": 8,
          "Actual Startup Time": 212.015,
          "Actual Total Time": 224.077,
          "Actual Rows": 6,
          "Actual Loops": 1,
          "Workers Planned": 5,
          "Workers Launched": 5,
          "Single Copy": false,
          "Plans": [
            {
              "Node Type": "Aggregate",
              "Strategy": "Plain",
              "Partial Mode": "Partial",
              "Parent Relationship": "Outer",
              "Parallel Aware": false,
              "Startup Cost": 112301.46,
              "Total Cost": 112301.47,
              "Plan Rows": 1,
              "Plan Width": 8,
              "Actual Startup Time": 202.288,
              "Actual Total Time": 202.29,
              "Actual Rows": 1,
              "Actual Loops": 6,
              "Plans": [
                {
                  "Node Type": "Index Scan",
                  "Parent Relationship": "Outer",
                  "Parallel Aware": true,
                  "Scan Direction": "Forward",
                  "Index Name": "role_id_cast_info",
                  "Relation Name": "cast_info",
                  "Alias": "ci",
                  "Startup Cost": 0.56,
                  "Total Cost": 110428.26,
                  "Plan Rows": 749283,
                  "Plan Width": 0,
                  "Actual Startup Time": 0.224,
                  "Actual Total Time": 168.274,
                  "Actual Rows": 632946,
                  "Actual Loops": 6,
                  "Index Cond": "(role_id = 3)",
                  "Rows Removed by Index Recheck": 0,
                  "Filter": "(person_id > 264502)",
                  "Rows Removed by Filter": 35060
                }
              ]
            }
          ]
        }
      ]
    },
    "Planning Time": 0.201,
    "Triggers": [],
    "Execution Time": 224.151
  }
]