{
  "Plan": {
    "Node Type": "Aggregate",
    "Strategy": "Plain",
    "Partial Mode": "Finalize",
    "Parallel Aware": false,
    "Startup Cost": 942828.38,
    "Total Cost": 942828.39,
    "Plan Rows": 1,
    "Plan Width": 8,
    "Actual Startup Time": 3851.018,
    "Actual Total Time": 3955.614,
    "Actual Rows": 1,
    "Actual Loops": 1,
    "Plans": [
      {
        "Node Type": "Gather",
        "Parent Relationship": "Outer",
        "Parallel Aware": false,
        "Startup Cost": 942828.27,
        "Total Cost": 942828.38,
        "Plan Rows": 1,
        "Plan Width": 8,
        "Actual Startup Time": 3849.988,
        "Actual Total Time": 3955.604,
        "Actual Rows": 2,
        "Actual Loops": 1,
        "Workers Planned": 1,
        "Workers Launched": 1,
        "Single Copy": false,
        "Plans": [
          {
            "Node Type": "Aggregate",
            "Strategy": "Plain",
            "Partial Mode": "Partial",
            "Parent Relationship": "Outer",
            "Parallel Aware": false,
            "Startup Cost": 941828.27,
            "Total Cost": 941828.28,
            "Plan Rows": 1,
            "Plan Width": 8,
            "Actual Startup Time": 3844.16,
            "Actual Total Time": 3844.308,
            "Actual Rows": 1,
            "Actual Loops": 2,
            "Plans": [
              {
                "Node Type": "Hash Join",
                "Parent Relationship": "Outer",
                "Parallel Aware": true,
                "Join Type": "Inner",
                "Startup Cost": 648481.26,
                "Total Cost": 940589.04,
                "Plan Rows": 495691,
                "Plan Width": 0,
                "Actual Startup Time": 2639.534,
                "Actual Total Time": 3787.75,
                "Actual Rows": 1470606,
                "Actual Loops": 2,
                "Inner Unique": false,
                "Hash Cond": "(mi.movie_id = t.id)",
                "Plans": [
                  {
                    "Node Type": "Seq Scan",
                    "Parent Relationship": "Outer",
                    "Parallel Aware": true,
                    "Relation Name": "movie_info",
                    "Alias": "mi",
                    "Startup Cost": 0.0,
                    "Total Cost": 270696.42,
                    "Plan Rows": 3699105,
                    "Plan Width": 4,
                    "Actual Startup Time": 36.506,
                    "Actual Total Time": 670.37,
                    "Actual Rows": 3111747,
                    "Actual Loops": 2,
                    "Filter": "(info_type_id > 8)",
                    "Rows Removed by Filter": 4306113
                  },
                  {
                    "Node Type": "Hash",
                    "Parent Relationship": "Inner",
                    "Parallel Aware": true,
                    "Startup Cost": 645990.08,
                    "Total Cost": 645990.08,
                    "Plan Rows": 199294,
                    "Plan Width": 8,
                    "Actual Startup Time": 2597.266,
                    "Actual Total Time": 2597.412,
                    "Actual Rows": 177522,
                    "Actual Loops": 2,
                    "Hash Buckets": 524288,
                    "Original Hash Buckets": 524288,
                    "Hash Batches": 1,
                    "Original Hash Batches": 1,
                    "Peak Memory Usage": 18016,
                    "Plans": [
                      {
                        "Node Type": "Hash Join",
                        "Parent Relationship": "Outer",
                        "Parallel Aware": true,
                        "Join Type": "Inner",
                        "Startup Cost": 58969.19,
                        "Total Cost": 645990.08,
                        "Plan Rows": 199294,
                        "Plan Width": 8,
                        "Actual Startup Time": 167.147,
                        "Actual Total Time": 2541.386,
                        "Actual Rows": 177522,
                        "Actual Loops": 2,
                        "Inner Unique": true,
                        "Hash Cond": "(ci.movie_id = t.id)",
                        "Plans": [
                          {
                            "Node Type": "Seq Scan",
                            "Parent Relationship": "Outer",
                            "Parallel Aware": true,
                            "Relation Name": "cast_info",
                            "Alias": "ci",
                            "Startup Cost": 0.0,
                            "Total Cost": 572345.93,
                            "Plan Rows": 5590453,
                            "Plan Width": 4,
                            "Actual Startup Time": 0.013,
                            "Actual Total Time": 1735.426,
                            "Actual Rows": 5378282,
                            "Actual Loops": 2,
                            "Filter": "((person_id < 1175996) AND (role_id < 8))",
                            "Rows Removed by Filter": 12743890
                          },
                          {
                            "Node Type": "Hash",
                            "Parent Relationship": "Inner",
                            "Parallel Aware": true,
                            "Startup Cost": 58306.47,
                            "Total Cost": 58306.47,
                            "Plan Rows": 53018,
                            "Plan Width": 4,
                            "Actual Startup Time": 165.95,
                            "Actual Total Time": 165.952,
                            "Actual Rows": 40495,
                            "Actual Loops": 2,
                            "Hash Buckets": 131072,
                            "Original Hash Buckets": 131072,
                            "Hash Batches": 1,
                            "Original Hash Batches": 1,
                            "Peak Memory Usage": 4224,
                            "Plans": [
                              {
                                "Node Type": "Seq Scan",
                                "Parent Relationship": "Outer",
                                "Parallel Aware": true,
                                "Relation Name": "title",
                                "Alias": "t",
                                "Startup Cost": 0.0,
                                "Total Cost": 58306.47,
                                "Plan Rows": 53018,
                                "Plan Width": 4,
                                "Actual Startup Time": 0.11,
                                "Actual Total Time": 153.558,
                                "Actual Rows": 40495,
                                "Actual Loops": 2,
                                "Filter": "((kind_id < 7) AND (production_year > 2011))",
                                "Rows Removed by Filter": 1223661
                              }
                            ]
                          }
                        ]
                      }
                    ]
                  }
                ]
              }
            ]
          }
        ]
      }
    ]
  },
  "Planning Time": 1.092,
  "Triggers": [],
  "Execution Time": 3955.718
}