{
  "Plan": {
    "Node Type": "Aggregate",
    "Strategy": "Plain",
    "Partial Mode": "Finalize",
    "Parallel Aware": false,
    "Startup Cost": 104286.28,
    "Total Cost": 104286.29,
    "Plan Rows": 1,
    "Plan Width": 8,
    "Actual Startup Time": 740.505,
    "Actual Total Time": 761.063,
    "Actual Rows": 1,
    "Actual Loops": 1,
    "Plans": [
      {
        "Node Type": "Gather",
        "Parent Relationship": "Outer",
        "Parallel Aware": false,
        "Startup Cost": 104286.17,
        "Total Cost": 104286.28,
        "Plan Rows": 1,
        "Plan Width": 8,
        "Actual Startup Time": 733.783,
        "Actual Total Time": 761.05,
        "Actual Rows": 2,
        "Actual Loops": 1,
        "Workers Planned": 1,
        "Workers Launched": 1,
        "Single Copy": false,
        "Plans": [
          {
            "Node Type": "Aggregate",
            "Strategy": "Plain",
            "Partial Mode": "Partial",
            "Parent Relationship": "Outer",
            "Parallel Aware": false,
            "Startup Cost": 103286.17,
            "Total Cost": 103286.18,
            "Plan Rows": 1,
            "Plan Width": 8,
            "Actual Startup Time": 726.73,
            "Actual Total Time": 726.737,
            "Actual Rows": 1,
            "Actual Loops": 2,
            "Plans": [
              {
                "Node Type": "Hash Join",
                "Parent Relationship": "Outer",
                "Parallel Aware": true,
                "Join Type": "Inner",
                "Startup Cost": 75756.36,
                "Total Cost": 102849.88,
                "Plan Rows": 174514,
                "Plan Width": 0,
                "Actual Startup Time": 595.182,
                "Actual Total Time": 719.685,
                "Actual Rows": 155743,
                "Actual Loops": 2,
                "Inner Unique": true,
                "Hash Cond": "(mk.movie_id = t.id)",
                "Plans": [
                  {
                    "Node Type": "Bitmap Heap Scan",
                    "Parent Relationship": "Outer",
                    "Parallel Aware": true,
                    "Relation Name": "movie_keyword",
                    "Alias": "mk",
                    "Startup Cost": 6295.66,
                    "Total Cost": 32931.08,
                    "Plan Rows": 174514,
                    "Plan Width": 4,
                    "Actual Startup Time": 24.473,
                    "Actual Total Time": 88.799,
                    "Actual Rows": 155743,
                    "Actual Loops": 2,
                    "Recheck Cond": "(keyword_id < 249)",
                    "Rows Removed by Index Recheck": 0,
                    "Exact Heap Blocks": 11983,
                    "Lossy Heap Blocks": 0,
                    "Plans": [
                      {
                        "Node Type": "Bitmap Index Scan",
                        "Parent Relationship": "Outer",
                        "Parallel Aware": false,
                        "Index Name": "keyword_id_movie_keyword",
                        "Startup Cost": 0.0,
                        "Total Cost": 6221.49,
                        "Plan Rows": 296674,
                        "Plan Width": 0,
                        "Actual Startup Time": 20.944,
                        "Actual Total Time": 20.945,
                        "Actual Rows": 311486,
                        "Actual Loops": 1,
                        "Index Cond": "(keyword_id < 249)"
                      }
                    ]
                  },
                  {
                    "Node Type": "Hash",
                    "Parent Relationship": "Inner",
                    "Parallel Aware": true,
                    "Startup Cost": 50870.31,
                    "Total Cost": 50870.31,
                    "Plan Rows": 1487231,
                    "Plan Width": 4,
                    "Actual Startup Time": 555.502,
                    "Actual Total Time": 555.503,
                    "Actual Rows": 1264156,
                    "Actual Loops": 2,
                    "Hash Buckets": 4194304,
                    "Original Hash Buckets": 4194304,
                    "Hash Batches": 1,
                    "Original Hash Batches": 1,
                    "Peak Memory Usage": 131680,
                    "Plans": [
                      {
                        "Node Type": "Seq Scan",
                        "Parent Relationship": "Outer",
                        "Parallel Aware": true,
                        "Relation Name": "title",
                        "Alias": "t",
                        "Startup Cost": 0.0,
                        "Total Cost": 50870.31,
                        "Plan Rows": 1487231,
                        "Plan Width": 4,
                        "Actual Startup Time": 0.031,
                        "Actual Total Time": 158.732,
                        "Actual Rows": 1264156,
                        "Actual Loops": 2
                      }
                    ]
                  }
                ]
              }
            ]
          }
        ]
      }
    ]
  },
  "Planning Time": 0.317,
  "Triggers": [],
  "Execution Time": 761.129
}