[
  {
    "Plan": {
      "Node Type": "Aggregate",
      "Strategy": "Plain",
      "Partial Mode": "Finalize",
      "Parallel Aware": false,
      "Startup Cost": 121587.67,
      "Total Cost": 121587.68,
      "Plan Rows": 1,
      "Plan Width": 8,
      "Actual Startup Time": 697.399,
      "Actual Total Time": 719.793,
      "Actual Rows": 1,
      "Actual Loops": 1,
      "Plans": [
        {
          "Node Type": "Gather",
          "Parent Relationship": "Outer",
          "Parallel Aware": false,
          "Startup Cost": 121587.35,
          "Total Cost": 121587.66,
          "Plan Rows": 3,
          "Plan Width": 8,
          "Actual Startup Time": 684.735,
          "Actual Total Time": 719.787,
          "Actual Rows": 4,
          "Actual Loops": 1,
          "Workers Planned": 3,
          "Workers Launched": 3,
          "Single Copy": false,
          "Plans": [
            {
              "Node Type": "Aggregate",
              "Strategy": "Plain",
              "Partial Mode": "Partial",
              "Parent Relationship": "Outer",
              "Parallel Aware": false,
              "Startup Cost": 120587.35,
              "Total Cost": 120587.36,
              "Plan Rows": 1,
              "Plan Width": 8,
              "Actual Startup Time": 676.149,
              "Actual Total Time": 676.155,
              "Actual Rows": 1,
              "Actual Loops": 4,
              "Plans": [
                {
                  "Node Type": "Hash Join",
                  "Parent Relationship": "Outer",
                  "Parallel Aware": true,
                  "Join Type": "Inner",
                  "Startup Cost": 89700.43,
                  "Total Cost": 120428.05,
                  "Plan Rows": 63720,
                  "Plan Width": 0,
                  "Actual Startup Time": 542.194,
                  "Actual Total Time": 664.781,
                  "Actual Rows": 255312,
                  "Actual Loops": 4,
                  "Inner Unique": false,
                  "Hash Cond": "(mc.movie_id = t.id)",
                  "Plans": [
                    {
                      "Node Type": "Seq Scan",
                      "Parent Relationship": "Outer",
                      "Parallel Aware": true,
                      "Relation Name": "movie_companies",
                      "Alias": "mc",
                      "Startup Cost": 0.0,
                      "Total Cost": 29310.68,
                      "Plan Rows": 323037,
                      "Plan Width": 4,
                      "Actual Startup Time": 10.296,
                      "Actual Total Time": 67.061,
                      "Actual Rows": 248672,
                      "Actual Loops": 4,
                      "Filter": "(company_id > 16882)",
                      "Rows Removed by Filter": 403610
                    },
                    {
                      "Node Type": "Hash",
                      "Parent Relationship": "Inner",
                      "Parallel Aware": true,
                      "Startup Cost": 87689.39,
                      "Total Cost": 87689.39,
                      "Plan Rows": 160883,
                      "Plan Width": 8,
                      "Actual Startup Time": 529.822,
                      "Actual Total Time": 529.827,
                      "Actual Rows": 124376,
                      "Actual Loops": 4,
                      "Hash Buckets": 524288,
                      "Original Hash Buckets": 524288,
                      "Hash Batches": 1,
                      "Original Hash Batches": 1,
                      "Peak Memory Usage": 23616,
                      "Plans": [
                        {
                          "Node Type": "Hash Join",
                          "Parent Relationship": "Outer",
                          "Parallel Aware": true,
                          "Join Type": "Inner",
                          "Startup Cost": 60802.03,
                          "Total Cost": 87689.39,
                          "Plan Rows": 160883,
                          "Plan Width": 8,
                          "Actual Startup Time": 395.627,
                          "Actual Total Time": 493.658,
                          "Actual Rows": 124376,
                          "Actual Loops": 4,
                          "Inner Unique": true,
                          "Hash Cond": "(mk.movie_id = t.id)",
                          "Plans": [
                            {
                              "Node Type": "Bitmap Heap Scan",
                              "Parent Relationship": "Outer",
                              "Parallel Aware": true,
                              "Relation Name": "movie_keyword",
                              "Alias": "mk",
                              "Startup Cost": 10581.65,
                              "Total Cost": 37046.69,
                              "Plan Rows": 160883,
                              "Plan Width": 4,
                              "Actual Startup Time": 28.342,
                              "Actual Total Time": 81.245,
                              "Actual Rows": 124376,
                              "Actual Loops": 4,
                              "Recheck Cond": "(keyword_id > 36238)",
                              "Rows Removed by Index Recheck": 0,
                              "Exact Heap Blocks": 7268,
                              "Lossy Heap Blocks": 0,
                              "Plans": [
                                {
                                  "Node Type": "Bitmap Index Scan",
                                  "Parent Relationship": "Outer",
                                  "Parallel Aware": false,
                                  "Index Name": "keyword_id_movie_keyword",
                                  "Startup Cost": 0.0,
                                  "Total Cost": 10456.97,
                                  "Plan Rows": 498738,
                                  "Plan Width": 0,
                                  "Actual Startup Time": 24.984,
                                  "Actual Total Time": 24.984,
                                  "Actual Rows": 497506,
                                  "Actual Loops": 1,
                                  "Index Cond": "(keyword_id > 36238)"
                                }
                              ]
                            },
                            {
                              "Node Type": "Hash",
                              "Parent Relationship": "Inner",
                              "Parallel Aware": true,
                              "Startup Cost": 42319.06,
                              "Total Cost": 42319.06,
                              "Plan Rows": 632106,
                              "Plan Width": 4,
                              "Actual Startup Time": 360.011,
                              "Actual Total Time": 360.012,
                              "Actual Rows": 632078,
                              "Actual Loops": 4,
                              "Hash Buckets": 4194304,
                              "Original Hash Buckets": 4194304,
                              "Hash Batches": 1,
                              "Original Hash Batches": 1,
                              "Peak Memory Usage": 131712,
                              "Plans": [
                                {
                                  "Node Type": "Seq Scan",
                                  "Parent Relationship": "Outer",
                                  "Parallel Aware": true,
                                  "Relation Name": "title",
                                  "Alias": "t",
                                  "Startup Cost": 0.0,
                                  "Total Cost": 42319.06,
                                  "Plan Rows": 632106,
                                  "Plan Width": 4,
                                  "Actual Startup Time": 0.044,
                                  "Actual Total Time": 102.424,
                                  "Actual Rows": 632078,
                                  "Actual Loops": 4
                                }
                              ]
                            }
                          ]
                        }
                      ]
                    }
                  ]
                }
              ]
            }
          ]
        }
      ]
    },
    "Planning Time": 0.493,
    "Triggers": [],
    "Execution Time": 719.845
  }
]