[
  {
    "Plan": {
      "Node Type": "Aggregate",
      "Strategy": "Plain",
      "Partial Mode": "Finalize",
      "Parallel Aware": false,
      "Startup Cost": 428492.61,
      "Total Cost": 428492.62,
      "Plan Rows": 1,
      "Plan Width": 8,
      "Actual Startup Time": 2929.982,
      "Actual Total Time": 2980.257,
      "Actual Rows": 1,
      "Actual Loops": 1,
      "Plans": [
        {
          "Node Type": "Gather",
          "Parent Relationship": "Outer",
          "Parallel Aware": false,
          "Startup Cost": 428492.29,
          "Total Cost": 428492.6,
          "Plan Rows": 3,
          "Plan Width": 8,
          "Actual Startup Time": 2888.245,
          "Actual Total Time": 2980.248,
          "Actual Rows": 4,
          "Actual Loops": 1,
          "Workers Planned": 3,
          "Workers Launched": 3,
          "Single Copy": false,
          "Plans": [
            {
              "Node Type": "Aggregate",
              "Strategy": "Plain",
              "Partial Mode": "Partial",
              "Parent Relationship": "Outer",
              "Parallel Aware": false,
              "Startup Cost": 427492.29,
              "Total Cost": 427492.3,
              "Plan Rows": 1,
              "Plan Width": 8,
              "Actual Startup Time": 2880.372,
              "Actual Total Time": 2880.38,
              "Actual Rows": 1,
              "Actual Loops": 4,
              "Plans": [
                {
                  "Node Type": "Hash Join",
                  "Parent Relationship": "Outer",
                  "Parallel Aware": true,
                  "Join Type": "Inner",
                  "Startup Cost": 378455.19,
                  "Total Cost": 424781.91,
                  "Plan Rows": 1084150,
                  "Plan Width": 0,
                  "Actual Startup Time": 1521.282,
                  "Actual Total Time": 2471.81,
                  "Actual Rows": 8583618,
                  "Actual Loops": 4,
                  "Inner Unique": false,
                  "Hash Cond": "(mk.movie_id = t.id)",
                  "Plans": [
                    {
                      "Node Type": "Seq Scan",
                      "Parent Relationship": "Outer",
                      "Parallel Aware": true,
                      "Relation Name": "movie_keyword",
                      "Alias": "mk",
                      "Startup Cost": 0.0,
                      "Total Cost": 39047.32,
                      "Plan Rows": 1459332,
                      "Plan Width": 4,
                      "Actual Startup Time": 0.033,
                      "Actual Total Time": 99.969,
                      "Actual Rows": 1130982,
                      "Actual Loops": 4
                    },
                    {
                      "Node Type": "Hash",
                      "Parent Relationship": "Inner",
                      "Parallel Aware": true,
                      "Startup Cost": 374541.89,
                      "Total Cost": 374541.89,
                      "Plan Rows": 313064,
                      "Plan Width": 8,
                      "Actual Startup Time": 1517.039,
                      "Actual Total Time": 1517.044,
                      "Actual Rows": 701198,
                      "Actual Loops": 4,
                      "Hash Buckets": 4194304,
                      "Original Hash Buckets": 2097152,
                      "Hash Batches": 1,
                      "Original Hash Batches": 1,
                      "Peak Memory Usage": 158944,
                      "Plans": [
                        {
                          "Node Type": "Hash Join",
                          "Parent Relationship": "Outer",
                          "Parallel Aware": true,
                          "Join Type": "Inner",
                          "Startup Cost": 113804.46,
                          "Total Cost": 374541.89,
                          "Plan Rows": 313064,
                          "Plan Width": 8,
                          "Actual Startup Time": 594.264,
                          "Actual Total Time": 1159.851,
                          "Actual Rows": 701198,
                          "Actual Loops": 4,
                          "Inner Unique": true,
                          "Hash Cond": "(ci.movie_id = t.id)",
                          "Plans": [
                            {
                              "Node Type": "Bitmap Heap Scan",
                              "Parent Relationship": "Outer",
                              "Parallel Aware": true,
                              "Relation Name": "cast_info",
                              "Alias": "ci",
                              "Startup Cost": 63584.07,
                              "Total Cost": 323499.71,
                              "Plan Rows": 313064,
                              "Plan Width": 4,
                              "Actual Startup Time": 213.095,
                              "Actual Total Time": 404.196,
                              "Actual Rows": 701198,
                              "Actual Loops": 4,
                              "Recheck Cond": "(person_id > 3530400)",
                              "Rows Removed by Index Recheck": 0,
                              "Filter": "(role_id > 1)",
                              "Rows Removed by Filter": 0,
                              "Exact Heap Blocks": 12397,
                              "Lossy Heap Blocks": 0,
                              "Plans": [
                                {
                                  "Node Type": "Bitmap Index Scan",
                                  "Parent Relationship": "Outer",
                                  "Parallel Aware": false,
                                  "Index Name": "person_id_cast_info",
                                  "Startup Cost": 0.0,
                                  "Total Cost": 63114.48,
                                  "Plan Rows": 2891455,
                                  "Plan Width": 0,
                                  "Actual Startup Time": 202.639,
                                  "Actual Total Time": 202.639,
                                  "Actual Rows": 2804794,
                                  "Actual Loops": 1,
                                  "Index Cond": "(person_id > 3530400)"
                                }
                              ]
                            },
                            {
                              "Node Type": "Hash",
                              "Parent Relationship": "Inner",
                              "Parallel Aware": true,
                              "Startup Cost": 42319.06,
                              "Total Cost": 42319.06,
                              "Plan Rows": 632106,
                              "Plan Width": 4,
                              "Actual Startup Time": 374.085,
                              "Actual Total Time": 374.086,
                              "Actual Rows": 632078,
                              "Actual Loops": 4,
                              "Hash Buckets": 4194304,
                              "Original Hash Buckets": 4194304,
                              "Hash Batches": 1,
                              "Original Hash Batches": 1,
                              "Peak Memory Usage": 131744,
                              "Plans": [
                                {
                                  "Node Type": "Seq Scan",
                                  "Parent Relationship": "Outer",
                                  "Parallel Aware": true,
                                  "Relation Name": "title",
                                  "Alias": "t",
                                  "Startup Cost": 0.0,
                                  "Total Cost": 42319.06,
                                  "Plan Rows": 632106,
                                  "Plan Width": 4,
                                  "Actual Startup Time": 0.056,
                                  "Actual Total Time": 107.526,
                                  "Actual Rows": 632078,
                                  "Actual Loops": 4
                                }
                              ]
                            }
                          ]
                        }
                      ]
                    }
                  ]
                }
              ]
            }
          ]
        }
      ]
    },
    "Planning Time": 0.58,
    "Triggers": [],
    "Execution Time": 2980.305
  }
]