[
  {
    "Plan": {
      "Node Type": "Aggregate",
      "Strategy": "Plain",
      "Partial Mode": "Finalize",
      "Parallel Aware": false,
      "Startup Cost": 45943.36,
      "Total Cost": 45943.37,
      "Plan Rows": 1,
      "Plan Width": 8,
      "Actual Startup Time": 159.023,
      "Actual Total Time": 168.933,
      "Actual Rows": 1,
      "Actual Loops": 1,
      "Plans": [
        {
          "Node Type": "Gather",
          "Parent Relationship": "Outer",
          "Parallel Aware": false,
          "Startup Cost": 45943.04,
          "Total Cost": 45943.35,
          "Plan Rows": 3,
          "Plan Width": 8,
          "Actual Startup Time": 158.891,
          "Actual Total Time": 168.925,
          "Actual Rows": 4,
          "Actual Loops": 1,
          "Workers Planned": 3,
          "Workers Launched": 3,
          "Single Copy": false,
          "Plans": [
            {
              "Node Type": "Aggregate",
              "Strategy": "Plain",
              "Partial Mode": "Partial",
              "Parent Relationship": "Outer",
              "Parallel Aware": false,
              "Startup Cost": 44943.04,
              "Total Cost": 44943.05,
              "Plan Rows": 1,
              "Plan Width": 8,
              "Actual Startup Time": 150.289,
              "Actual Total Time": 150.29,
              "Actual Rows": 1,
              "Actual Loops": 4,
              "Plans": [
                {
                  "Node Type": "Seq Scan",
                  "Parent Relationship": "Outer",
                  "Parallel Aware": true,
                  "Relation Name": "movie_keyword",
                  "Alias": "mk",
                  "Startup Cost": 0.0,
                  "Total Cost": 42695.65,
                  "Plan Rows": 898955,
                  "Plan Width": 0,
                  "Actual Startup Time": 0.444,
                  "Actual Total Time": 118.369,
                  "Actual Rows": 697160,
                  "Actual Loops": 4,
                  "Filter": "(keyword_id > 2830)",
                  "Rows Removed by Filter": 433822
                }
              ]
            }
          ]
        }
      ]
    },
    "Planning Time": 0.141,
    "Triggers": [],
    "Execution Time": 168.98
  }
]