[
  {
    "Plan": {
      "Node Type": "Aggregate",
      "Strategy": "Plain",
      "Partial Mode": "Finalize",
      "Parallel Aware": false,
      "Startup Cost": 364749.07,
      "Total Cost": 364749.08,
      "Plan Rows": 1,
      "Plan Width": 8,
      "Actual Startup Time": 341.694,
      "Actual Total Time": 359.058,
      "Actual Rows": 1,
      "Actual Loops": 1,
      "Plans": [
        {
          "Node Type": "Gather",
          "Parent Relationship": "Outer",
          "Parallel Aware": false,
          "Startup Cost": 364748.45,
          "Total Cost": 364749.06,
          "Plan Rows": 6,
          "Plan Width": 8,
          "Actual Startup Time": 340.058,
          "Actual Total Time": 359.049,
          "Actual Rows": 7,
          "Actual Loops": 1,
          "Workers Planned": 6,
          "Workers Launched": 6,
          "Single Copy": false,
          "Plans": [
            {
              "Node Type": "Aggregate",
              "Strategy": "Plain",
              "Partial Mode": "Partial",
              "Parent Relationship": "Outer",
              "Parallel Aware": false,
              "Startup Cost": 363748.45,
              "Total Cost": 363748.46,
              "Plan Rows": 1,
              "Plan Width": 8,
              "Actual Startup Time": 328.975,
              "Actual Total Time": 328.992,
              "Actual Rows": 1,
              "Actual Loops": 7,
              "Plans": [
                {
                  "Node Type": "Hash Join",
                  "Parent Relationship": "Outer",
                  "Parallel Aware": true,
                  "Join Type": "Inner",
                  "Startup Cost": 104001.12,
                  "Total Cost": 363738.19,
                  "Plan Rows": 4104,
                  "Plan Width": 0,
                  "Actual Startup Time": 192.048,
                  "Actual Total Time": 328.451,
                  "Actual Rows": 7845,
                  "Actual Loops": 7,
                  "Inner Unique": true,
                  "Hash Cond": "(ci.movie_id = t.id)",
                  "Plans": [
                    {
                      "Node Type": "Bitmap Heap Scan",
                      "Parent Relationship": "Outer",
                      "Parallel Aware": true,
                      "Relation Name": "cast_info",
                      "Alias": "ci",
                      "Startup Cost": 58309.59,
                      "Total Cost": 317645.94,
                      "Plan Rows": 152654,
                      "Plan Width": 4,
                      "Actual Startup Time": 111.497,
                      "Actual Total Time": 207.501,
                      "Actual Rows": 280029,
                      "Actual Loops": 7,
                      "Recheck Cond": "(person_id < 261380)",
                      "Rows Removed by Index Recheck": 0,
                      "Filter": "(role_id = 1)",
                      "Rows Removed by Filter": 109427,
                      "Exact Heap Blocks": 6519,
                      "Lossy Heap Blocks": 0,
                      "Plans": [
                        {
                          "Node Type": "Bitmap Index Scan",
                          "Parent Relationship": "Outer",
                          "Parallel Aware": false,
                          "Index Name": "person_id_cast_info",
                          "Startup Cost": 0.0,
                          "Total Cost": 58080.61,
                          "Plan Rows": 2659739,
                          "Plan Width": 0,
                          "Actual Startup Time": 106.624,
                          "Actual Total Time": 106.625,
                          "Actual Rows": 2726191,
                          "Actual Loops": 1,
                          "Index Cond": "(person_id < 261380)"
                        }
                      ]
                    },
                    {
                      "Node Type": "Hash",
                      "Parent Relationship": "Inner",
                      "Parallel Aware": true,
                      "Startup Cost": 45479.1,
                      "Total Cost": 45479.1,
                      "Plan Rows": 16995,
                      "Plan Width": 4,
                      "Actual Startup Time": 79.019,
                      "Actual Total Time": 79.02,
                      "Actual Rows": 10646,
                      "Actual Loops": 7,
                      "Hash Buckets": 131072,
                      "Original Hash Buckets": 131072,
                      "Hash Batches": 1,
                      "Original Hash Batches": 1,
                      "Peak Memory Usage": 4064,
                      "Plans": [
                        {
                          "Node Type": "Seq Scan",
                          "Parent Relationship": "Outer",
                          "Parallel Aware": true,
                          "Relation Name": "title",
                          "Alias": "t",
                          "Startup Cost": 0.0,
                          "Total Cost": 45479.1,
                          "Plan Rows": 16995,
                          "Plan Width": 4,
                          "Actual Startup Time": 0.051,
                          "Actual Total Time": 73.158,
                          "Actual Rows": 10646,
                          "Actual Loops": 7,
                          "Filter": "((kind_id = 7) AND (production_year = 2006))",
                          "Rows Removed by Filter": 350541
                        }
                      ]
                    }
                  ]
                }
              ]
            }
          ]
        }
      ]
    },
    "Planning Time": 0.674,
    "Triggers": [],
    "Execution Time": 359.168
  }
]