{
  "Plan": {
    "Node Type": "Aggregate",
    "Strategy": "Plain",
    "Partial Mode": "Finalize",
    "Parallel Aware": false,
    "Startup Cost": 118821.9,
    "Total Cost": 118821.91,
    "Plan Rows": 1,
    "Plan Width": 8,
    "Actual Startup Time": 880.125,
    "Actual Total Time": 902.246,
    "Actual Rows": 1,
    "Actual Loops": 1,
    "Plans": [
      {
        "Node Type": "Gather",
        "Parent Relationship": "Outer",
        "Parallel Aware": false,
        "Startup Cost": 118821.79,
        "Total Cost": 118821.9,
        "Plan Rows": 1,
        "Plan Width": 8,
        "Actual Startup Time": 874.439,
        "Actual Total Time": 902.237,
        "Actual Rows": 2,
        "Actual Loops": 1,
        "Workers Planned": 1,
        "Workers Launched": 1,
        "Single Copy": false,
        "Plans": [
          {
            "Node Type": "Aggregate",
            "Strategy": "Plain",
            "Partial Mode": "Partial",
            "Parent Relationship": "Outer",
            "Parallel Aware": false,
            "Startup Cost": 117821.79,
            "Total Cost": 117821.8,
            "Plan Rows": 1,
            "Plan Width": 8,
            "Actual Startup Time": 862.747,
            "Actual Total Time": 862.751,
            "Actual Rows": 1,
            "Actual Loops": 2,
            "Plans": [
              {
                "Node Type": "Hash Join",
                "Parent Relationship": "Outer",
                "Parallel Aware": true,
                "Join Type": "Inner",
                "Startup Cost": 85519.71,
                "Total Cost": 116708.59,
                "Plan Rows": 445281,
                "Plan Width": 0,
                "Actual Startup Time": 638.194,
                "Actual Total Time": 845.827,
                "Actual Rows": 381371,
                "Actual Loops": 2,
                "Inner Unique": true,
                "Hash Cond": "(mk.movie_id = t.id)",
                "Plans": [
                  {
                    "Node Type": "Bitmap Heap Scan",
                    "Parent Relationship": "Outer",
                    "Parallel Aware": true,
                    "Relation Name": "movie_keyword",
                    "Alias": "mk",
                    "Startup Cost": 16059.01,
                    "Total Cost": 46079.03,
                    "Plan Rows": 445281,
                    "Plan Width": 4,
                    "Actual Startup Time": 45.718,
                    "Actual Total Time": 136.087,
                    "Actual Rows": 381371,
                    "Actual Loops": 2,
                    "Recheck Cond": "(keyword_id < 720)",
                    "Rows Removed by Index Recheck": 0,
                    "Exact Heap Blocks": 13978,
                    "Lossy Heap Blocks": 0,
                    "Plans": [
                      {
                        "Node Type": "Bitmap Index Scan",
                        "Parent Relationship": "Outer",
                        "Parallel Aware": false,
                        "Index Name": "keyword_id_movie_keyword",
                        "Startup Cost": 0.0,
                        "Total Cost": 15869.77,
                        "Plan Rows": 756978,
                        "Plan Width": 0,
                        "Actual Startup Time": 42.104,
                        "Actual Total Time": 42.105,
                        "Actual Rows": 762742,
                        "Actual Loops": 1,
                        "Index Cond": "(keyword_id < 720)"
                      }
                    ]
                  },
                  {
                    "Node Type": "Hash",
                    "Parent Relationship": "Inner",
                    "Parallel Aware": true,
                    "Startup Cost": 50870.31,
                    "Total Cost": 50870.31,
                    "Plan Rows": 1487231,
                    "Plan Width": 4,
                    "Actual Startup Time": 570.664,
                    "Actual Total Time": 570.664,
                    "Actual Rows": 1264156,
                    "Actual Loops": 2,
                    "Hash Buckets": 4194304,
                    "Original Hash Buckets": 4194304,
                    "Hash Batches": 1,
                    "Original Hash Batches": 1,
                    "Peak Memory Usage": 131680,
                    "Plans": [
                      {
                        "Node Type": "Seq Scan",
                        "Parent Relationship": "Outer",
                        "Parallel Aware": true,
                        "Relation Name": "title",
                        "Alias": "t",
                        "Startup Cost": 0.0,
                        "Total Cost": 50870.31,
                        "Plan Rows": 1487231,
                        "Plan Width": 4,
                        "Actual Startup Time": 0.042,
                        "Actual Total Time": 160.568,
                        "Actual Rows": 1264156,
                        "Actual Loops": 2
                      }
                    ]
                  }
                ]
              }
            ]
          }
        ]
      }
    ]
  },
  "Planning Time": 0.675,
  "Triggers": [],
  "Execution Time": 902.334
}