[
  {
    "Plan": {
      "Node Type": "Aggregate",
      "Strategy": "Plain",
      "Partial Mode": "Finalize",
      "Parallel Aware": false,
      "Startup Cost": 85958.57,
      "Total Cost": 85958.58,
      "Plan Rows": 1,
      "Plan Width": 8,
      "Actual Startup Time": 531.181,
      "Actual Total Time": 573.753,
      "Actual Rows": 1,
      "Actual Loops": 1,
      "Plans": [
        {
          "Node Type": "Gather",
          "Parent Relationship": "Outer",
          "Parallel Aware": false,
          "Startup Cost": 85958.15,
          "Total Cost": 85958.56,
          "Plan Rows": 4,
          "Plan Width": 8,
          "Actual Startup Time": 528.55,
          "Actual Total Time": 573.743,
          "Actual Rows": 5,
          "Actual Loops": 1,
          "Workers Planned": 4,
          "Workers Launched": 4,
          "Single Copy": false,
          "Plans": [
            {
              "Node Type": "Aggregate",
              "Strategy": "Plain",
              "Partial Mode": "Partial",
              "Parent Relationship": "Outer",
              "Parallel Aware": false,
              "Startup Cost": 84958.15,
              "Total Cost": 84958.16,
              "Plan Rows": 1,
              "Plan Width": 8,
              "Actual Startup Time": 519.119,
              "Actual Total Time": 519.121,
              "Actual Rows": 1,
              "Actual Loops": 5,
              "Plans": [
                {
                  "Node Type": "Nested Loop",
                  "Parent Relationship": "Outer",
                  "Parallel Aware": false,
                  "Join Type": "Inner",
                  "Startup Cost": 1.0,
                  "Total Cost": 84879.0,
                  "Plan Rows": 31660,
                  "Plan Width": 0,
                  "Actual Startup Time": 2.65,
                  "Actual Total Time": 506.771,
                  "Actual Rows": 255407,
                  "Actual Loops": 5,
                  "Inner Unique": false,
                  "Join Filter": "(t.id = ci.movie_id)",
                  "Rows Removed by Join Filter": 0,
                  "Plans": [
                    {
                      "Node Type": "Nested Loop",
                      "Parent Relationship": "Outer",
                      "Parallel Aware": false,
                      "Join Type": "Inner",
                      "Startup Cost": 0.43,
                      "Total Cost": 73292.03,
                      "Plan Rows": 6416,
                      "Plan Width": 8,
                      "Actual Startup Time": 1.292,
                      "Actual Total Time": 95.304,
                      "Actual Rows": 13205,
                      "Actual Loops": 5,
                      "Inner Unique": false,
                      "Plans": [
                        {
                          "Node Type": "Seq Scan",
                          "Parent Relationship": "Outer",
                          "Parallel Aware": true,
                          "Relation Name": "title",
                          "Alias": "t",
                          "Startup Cost": 0.0,
                          "Total Cost": 45479.1,
                          "Plan Rows": 3586,
                          "Plan Width": 4,
                          "Actual Startup Time": 0.357,
                          "Actual Total Time": 67.246,
                          "Actual Rows": 2442,
                          "Actual Loops": 5,
                          "Filter": "((kind_id < 7) AND (production_year = 1996))",
                          "Rows Removed by Filter": 503221
                        },
                        {
                          "Node Type": "Index Only Scan",
                          "Parent Relationship": "Inner",
                          "Parallel Aware": false,
                          "Scan Direction": "Forward",
                          "Index Name": "movie_id_movie_keyword",
                          "Relation Name": "movie_keyword",
                          "Alias": "mk",
                          "Startup Cost": 0.43,
                          "Total Cost": 7.31,
                          "Plan Rows": 45,
                          "Plan Width": 4,
                          "Actual Startup Time": 0.009,
                          "Actual Total Time": 0.011,
                          "Actual Rows": 5,
                          "Actual Loops": 12208,
                          "Index Cond": "(movie_id = t.id)",
                          "Rows Removed by Index Recheck": 0,
                          "Heap Fetches": 66025
                        }
                      ]
                    },
                    {
                      "Node Type": "Index Scan",
                      "Parent Relationship": "Inner",
                      "Parallel Aware": false,
                      "Scan Direction": "Forward",
                      "Index Name": "movie_id_cast_info",
                      "Relation Name": "cast_info",
                      "Alias": "ci",
                      "Startup Cost": 0.56,
                      "Total Cost": 1.64,
                      "Plan Rows": 13,
                      "Plan Width": 4,
                      "Actual Startup Time": 0.004,
                      "Actual Total Time": 0.029,
                      "Actual Rows": 19,
                      "Actual Loops": 66025,
                      "Index Cond": "(movie_id = mk.movie_id)",
                      "Rows Removed by Index Recheck": 0,
                      "Filter": "(role_id < 2)",
                      "Rows Removed by Filter": 36
                    }
                  ]
                }
              ]
            }
          ]
        }
      ]
    },
    "Planning Time": 1.281,
    "Triggers": [],
    "Execution Time": 573.86
  }
]