[
  {
    "Plan": {
      "Node Type": "Aggregate",
      "Strategy": "Plain",
      "Partial Mode": "Finalize",
      "Parallel Aware": false,
      "Startup Cost": 80347.78,
      "Total Cost": 80347.79,
      "Plan Rows": 1,
      "Plan Width": 8,
      "Actual Startup Time": 286.589,
      "Actual Total Time": 304.092,
      "Actual Rows": 1,
      "Actual Loops": 1,
      "Plans": [
        {
          "Node Type": "Gather",
          "Parent Relationship": "Outer",
          "Parallel Aware": false,
          "Startup Cost": 80347.36,
          "Total Cost": 80347.77,
          "Plan Rows": 4,
          "Plan Width": 8,
          "Actual Startup Time": 284.641,
          "Actual Total Time": 304.083,
          "Actual Rows": 5,
          "Actual Loops": 1,
          "Workers Planned": 4,
          "Workers Launched": 4,
          "Single Copy": false,
          "Plans": [
            {
              "Node Type": "Aggregate",
              "Strategy": "Plain",
              "Partial Mode": "Partial",
              "Parent Relationship": "Outer",
              "Parallel Aware": false,
              "Startup Cost": 79347.36,
              "Total Cost": 79347.37,
              "Plan Rows": 1,
              "Plan Width": 8,
              "Actual Startup Time": 274.979,
              "Actual Total Time": 274.982,
              "Actual Rows": 1,
              "Actual Loops": 5,
              "Plans": [
                {
                  "Node Type": "Hash Join",
                  "Parent Relationship": "Outer",
                  "Parallel Aware": true,
                  "Join Type": "Inner",
                  "Startup Cost": 32763.87,
                  "Total Cost": 79193.11,
                  "Plan Rows": 61699,
                  "Plan Width": 0,
                  "Actual Startup Time": 102.557,
                  "Actual Total Time": 271.442,
                  "Actual Rows": 79447,
                  "Actual Loops": 5,
                  "Inner Unique": false,
                  "Hash Cond": "(t.id = mc.movie_id)",
                  "Plans": [
                    {
                      "Node Type": "Seq Scan",
                      "Parent Relationship": "Outer",
                      "Parallel Aware": true,
                      "Relation Name": "title",
                      "Alias": "t",
                      "Startup Cost": 0.0,
                      "Total Cost": 43898.92,
                      "Plan Rows": 466259,
                      "Plan Width": 4,
                      "Actual Startup Time": 0.015,
                      "Actual Total Time": 77.848,
                      "Actual Rows": 373097,
                      "Actual Loops": 5,
                      "Filter": "(kind_id > 1)",
                      "Rows Removed by Filter": 132565
                    },
                    {
                      "Node Type": "Hash",
                      "Parent Relationship": "Inner",
                      "Parallel Aware": true,
                      "Startup Cost": 31414.82,
                      "Total Cost": 31414.82,
                      "Plan Rows": 107924,
                      "Plan Width": 4,
                      "Actual Startup Time": 99.457,
                      "Actual Total Time": 99.458,
                      "Actual Rows": 96461,
                      "Actual Loops": 5,
                      "Hash Buckets": 524288,
                      "Original Hash Buckets": 524288,
                      "Hash Batches": 1,
                      "Original Hash Batches": 1,
                      "Peak Memory Usage": 23072,
                      "Plans": [
                        {
                          "Node Type": "Seq Scan",
                          "Parent Relationship": "Outer",
                          "Parallel Aware": true,
                          "Relation Name": "movie_companies",
                          "Alias": "mc",
                          "Startup Cost": 0.0,
                          "Total Cost": 31414.82,
                          "Plan Rows": 107924,
                          "Plan Width": 4,
                          "Actual Startup Time": 0.05,
                          "Actual Total Time": 62.932,
                          "Actual Rows": 96461,
                          "Actual Loops": 5,
                          "Filter": "((company_id < 1095) AND (company_type_id < 2))",
                          "Rows Removed by Filter": 425365
                        }
                      ]
                    }
                  ]
                }
              ]
            }
          ]
        }
      ]
    },
    "Planning Time": 0.616,
    "Triggers": [],
    "Execution Time": 304.155
  }
]