{
  "Plan": {
    "Node Type": "Aggregate",
    "Strategy": "Plain",
    "Partial Mode": "Finalize",
    "Parallel Aware": false,
    "Startup Cost": 112336.87,
    "Total Cost": 112336.88,
    "Plan Rows": 1,
    "Plan Width": 8,
    "Actual Startup Time": 639.737,
    "Actual Total Time": 653.614,
    "Actual Rows": 1,
    "Actual Loops": 1,
    "Plans": [
      {
        "Node Type": "Gather",
        "Parent Relationship": "Outer",
        "Parallel Aware": false,
        "Startup Cost": 112336.76,
        "Total Cost": 112336.87,
        "Plan Rows": 1,
        "Plan Width": 8,
        "Actual Startup Time": 638.116,
        "Actual Total Time": 653.604,
        "Actual Rows": 2,
        "Actual Loops": 1,
        "Workers Planned": 1,
        "Workers Launched": 1,
        "Single Copy": false,
        "Plans": [
          {
            "Node Type": "Aggregate",
            "Strategy": "Plain",
            "Partial Mode": "Partial",
            "Parent Relationship": "Outer",
            "Parallel Aware": false,
            "Startup Cost": 111336.76,
            "Total Cost": 111336.77,
            "Plan Rows": 1,
            "Plan Width": 8,
            "Actual Startup Time": 633.016,
            "Actual Total Time": 633.207,
            "Actual Rows": 1,
            "Actual Loops": 2,
            "Plans": [
              {
                "Node Type": "Hash Join",
                "Parent Relationship": "Outer",
                "Parallel Aware": true,
                "Join Type": "Inner",
                "Startup Cost": 91989.88,
                "Total Cost": 111262.73,
                "Plan Rows": 29611,
                "Plan Width": 0,
                "Actual Startup Time": 559.745,
                "Actual Total Time": 630.433,
                "Actual Rows": 65830,
                "Actual Loops": 2,
                "Inner Unique": false,
                "Hash Cond": "(mi_idx.movie_id = t.id)",
                "Plans": [
                  {
                    "Node Type": "Seq Scan",
                    "Parent Relationship": "Outer",
                    "Parallel Aware": true,
                    "Relation Name": "movie_info_idx",
                    "Alias": "mi_idx",
                    "Startup Cost": 0.0,
                    "Total Cost": 18082.32,
                    "Plan Rows": 271028,
                    "Plan Width": 4,
                    "Actual Startup Time": 0.034,
                    "Actual Total Time": 53.785,
                    "Actual Rows": 229962,
                    "Actual Loops": 2,
                    "Filter": "(info_type_id = 101)",
                    "Rows Removed by Filter": 460055
                  },
                  {
                    "Node Type": "Hash",
                    "Parent Relationship": "Inner",
                    "Parallel Aware": true,
                    "Startup Cost": 89958.77,
                    "Total Cost": 89958.77,
                    "Plan Rows": 162489,
                    "Plan Width": 8,
                    "Actual Startup Time": 511.534,
                    "Actual Total Time": 511.723,
                    "Actual Rows": 136935,
                    "Actual Loops": 2,
                    "Hash Buckets": 524288,
                    "Original Hash Buckets": 524288,
                    "Hash Batches": 1,
                    "Original Hash Batches": 1,
                    "Peak Memory Usage": 14848,
                    "Plans": [
                      {
                        "Node Type": "Hash Join",
                        "Parent Relationship": "Outer",
                        "Parallel Aware": true,
                        "Join Type": "Inner",
                        "Startup Cost": 28837.44,
                        "Total Cost": 89958.77,
                        "Plan Rows": 162489,
                        "Plan Width": 8,
                        "Actual Startup Time": 296.207,
                        "Actual Total Time": 470.749,
                        "Actual Rows": 136935,
                        "Actual Loops": 2,
                        "Inner Unique": false,
                        "Hash Cond": "(t.id = mc.movie_id)",
                        "Plans": [
                          {
                            "Node Type": "Seq Scan",
                            "Parent Relationship": "Outer",
                            "Parallel Aware": true,
                            "Relation Name": "title",
                            "Alias": "t",
                            "Startup Cost": 0.0,
                            "Total Cost": 50870.31,
                            "Plan Rows": 1487231,
                            "Plan Width": 4,
                            "Actual Startup Time": 0.011,
                            "Actual Total Time": 131.831,
                            "Actual Rows": 1264156,
                            "Actual Loops": 2
                          },
                          {
                            "Node Type": "Hash",
                            "Parent Relationship": "Inner",
                            "Parallel Aware": true,
                            "Startup Cost": 26806.33,
                            "Total Cost": 26806.33,
                            "Plan Rows": 162489,
                            "Plan Width": 4,
                            "Actual Startup Time": 100.175,
                            "Actual Total Time": 100.177,
                            "Actual Rows": 136935,
                            "Actual Loops": 2,
                            "Hash Buckets": 524288,
                            "Original Hash Buckets": 524288,
                            "Hash Batches": 1,
                            "Original Hash Batches": 1,
                            "Peak Memory Usage": 14848,
                            "Plans": [
                              {
                                "Node Type": "Bitmap Heap Scan",
                                "Parent Relationship": "Outer",
                                "Parallel Aware": true,
                                "Relation Name": "movie_companies",
                                "Alias": "mc",
                                "Startup Cost": 5985.22,
                                "Total Cost": 26806.33,
                                "Plan Rows": 162489,
                                "Plan Width": 4,
                                "Actual Startup Time": 26.359,
                                "Actual Total Time": 61.207,
                                "Actual Rows": 136935,
                                "Actual Loops": 2,
                                "Recheck Cond": "(company_id > 96802)",
                                "Rows Removed by Index Recheck": 0,
                                "Exact Heap Blocks": 3147,
                                "Lossy Heap Blocks": 0,
                                "Plans": [
                                  {
                                    "Node Type": "Bitmap Index Scan",
                                    "Parent Relationship": "Outer",
                                    "Parallel Aware": false,
                                    "Index Name": "company_id_movie_companies",
                                    "Startup Cost": 0.0,
                                    "Total Cost": 5916.16,
                                    "Plan Rows": 276231,
                                    "Plan Width": 0,
                                    "Actual Startup Time": 25.598,
                                    "Actual Total Time": 25.598,
                                    "Actual Rows": 273870,
                                    "Actual Loops": 1,
                                    "Index Cond": "(company_id > 96802)"
                                  }
                                ]
                              }
                            ]
                          }
                        ]
                      }
                    ]
                  }
                ]
              }
            ]
          }
        ]
      }
    ]
  },
  "Planning Time": 0.948,
  "Triggers": [],
  "Execution Time": 653.724
}