{
  "Plan": {
    "Node Type": "Aggregate",
    "Strategy": "Plain",
    "Partial Mode": "Finalize",
    "Parallel Aware": false,
    "Startup Cost": 130994.87,
    "Total Cost": 130994.88,
    "Plan Rows": 1,
    "Plan Width": 8,
    "Actual Startup Time": 714.389,
    "Actual Total Time": 728.566,
    "Actual Rows": 1,
    "Actual Loops": 1,
    "Plans": [
      {
        "Node Type": "Gather",
        "Parent Relationship": "Outer",
        "Parallel Aware": false,
        "Startup Cost": 130994.76,
        "Total Cost": 130994.87,
        "Plan Rows": 1,
        "Plan Width": 8,
        "Actual Startup Time": 711.368,
        "Actual Total Time": 728.559,
        "Actual Rows": 2,
        "Actual Loops": 1,
        "Workers Planned": 1,
        "Workers Launched": 1,
        "Single Copy": false,
        "Plans": [
          {
            "Node Type": "Aggregate",
            "Strategy": "Plain",
            "Partial Mode": "Partial",
            "Parent Relationship": "Outer",
            "Parallel Aware": false,
            "Startup Cost": 129994.76,
            "Total Cost": 129994.77,
            "Plan Rows": 1,
            "Plan Width": 8,
            "Actual Startup Time": 706.81,
            "Actual Total Time": 706.816,
            "Actual Rows": 1,
            "Actual Loops": 2,
            "Plans": [
              {
                "Node Type": "Hash Join",
                "Parent Relationship": "Outer",
                "Parallel Aware": true,
                "Join Type": "Inner",
                "Startup Cost": 109060.51,
                "Total Cost": 129748.82,
                "Plan Rows": 98375,
                "Plan Width": 0,
                "Actual Startup Time": 584.03,
                "Actual Total Time": 700.85,
                "Actual Rows": 138020,
                "Actual Loops": 2,
                "Inner Unique": false,
                "Hash Cond": "(mi_idx.movie_id = t.id)",
                "Plans": [
                  {
                    "Node Type": "Seq Scan",
                    "Parent Relationship": "Outer",
                    "Parallel Aware": true,
                    "Relation Name": "movie_info_idx",
                    "Alias": "mi_idx",
                    "Startup Cost": 0.0,
                    "Total Cost": 18082.32,
                    "Plan Rows": 540622,
                    "Plan Width": 4,
                    "Actual Startup Time": 0.025,
                    "Actual Total Time": 56.176,
                    "Actual Rows": 459925,
                    "Actual Loops": 2,
                    "Filter": "(info_type_id < 101)",
                    "Rows Removed by Filter": 230092
                  },
                  {
                    "Node Type": "Hash",
                    "Parent Relationship": "Inner",
                    "Parallel Aware": true,
                    "Startup Cost": 105677.69,
                    "Total Cost": 105677.69,
                    "Plan Rows": 270625,
                    "Plan Width": 8,
                    "Actual Startup Time": 579.301,
                    "Actual Total Time": 579.305,
                    "Actual Rows": 157570,
                    "Actual Loops": 2,
                    "Hash Buckets": 524288,
                    "Original Hash Buckets": 524288,
                    "Hash Batches": 1,
                    "Original Hash Batches": 1,
                    "Peak Memory Usage": 16480,
                    "Plans": [
                      {
                        "Node Type": "Hash Join",
                        "Parent Relationship": "Outer",
                        "Parallel Aware": true,
                        "Join Type": "Inner",
                        "Startup Cost": 62110.21,
                        "Total Cost": 105677.69,
                        "Plan Rows": 270625,
                        "Plan Width": 8,
                        "Actual Startup Time": 341.383,
                        "Actual Total Time": 542.17,
                        "Actual Rows": 157570,
                        "Actual Loops": 2,
                        "Inner Unique": true,
                        "Hash Cond": "(mc.movie_id = t.id)",
                        "Plans": [
                          {
                            "Node Type": "Seq Scan",
                            "Parent Relationship": "Outer",
                            "Parallel Aware": true,
                            "Relation Name": "movie_companies",
                            "Alias": "mc",
                            "Startup Cost": 0.0,
                            "Total Cost": 41811.73,
                            "Plan Rows": 668858,
                            "Plan Width": 4,
                            "Actual Startup Time": 52.109,
                            "Actual Total Time": 119.585,
                            "Actual Rows": 481561,
                            "Actual Loops": 2,
                            "Filter": "((company_id < 85258) AND (company_type_id > 1))",
                            "Rows Removed by Filter": 823004
                          },
                          {
                            "Node Type": "Hash",
                            "Parent Relationship": "Inner",
                            "Parallel Aware": true,
                            "Startup Cost": 54588.39,
                            "Total Cost": 54588.39,
                            "Plan Rows": 601746,
                            "Plan Width": 4,
                            "Actual Startup Time": 283.683,
                            "Actual Total Time": 283.684,
                            "Actual Rows": 506460,
                            "Actual Loops": 2,
                            "Hash Buckets": 1048576,
                            "Original Hash Buckets": 1048576,
                            "Hash Batches": 1,
                            "Original Hash Batches": 1,
                            "Peak Memory Usage": 47840,
                            "Plans": [
                              {
                                "Node Type": "Seq Scan",
                                "Parent Relationship": "Outer",
                                "Parallel Aware": true,
                                "Relation Name": "title",
                                "Alias": "t",
                                "Startup Cost": 0.0,
                                "Total Cost": 54588.39,
                                "Plan Rows": 601746,
                                "Plan Width": 4,
                                "Actual Startup Time": 0.027,
                                "Actual Total Time": 157.216,
                                "Actual Rows": 506460,
                                "Actual Loops": 2,
                                "Filter": "(production_year > 2005)",
                                "Rows Removed by Filter": 757696
                              }
                            ]
                          }
                        ]
                      }
                    ]
                  }
                ]
              }
            ]
          }
        ]
      }
    ]
  },
  "Planning Time": 0.81,
  "Triggers": [],
  "Execution Time": 728.635
}