[
    {
        "Bao": {
            "Bao prediction": 404.281,
            "Bao recommended hint": "(no hint)"
        }
    },
    {
        "Plan": {
            "Node Type": "Aggregate",
            "Strategy": "Plain",
            "Partial Mode": "Finalize",
            "Parallel Aware": false,
            "Startup Cost": 46485.09,
            "Total Cost": 46485.1,
            "Plan Rows": 1,
            "Plan Width": 8,
            "Actual Startup Time": 110.614,
            "Actual Total Time": 121.497,
            "Actual Rows": 1,
            "Actual Loops": 1,
            "Output": [
                "count(*)"
            ],
            "Plans": [
                {
                    "Node Type": "Gather",
                    "Parent Relationship": "Outer",
                    "Parallel Aware": false,
                    "Startup Cost": 46484.67,
                    "Total Cost": 46485.08,
                    "Plan Rows": 4,
                    "Plan Width": 8,
                    "Actual Startup Time": 110.451,
                    "Actual Total Time": 121.488,
                    "Actual Rows": 5,
                    "Actual Loops": 1,
                    "Output": [
                        "(PARTIAL count(*))"
                    ],
                    "Workers Planned": 4,
                    "Workers Launched": 4,
                    "Single Copy": false,
                    "Plans": [
                        {
                            "Node Type": "Aggregate",
                            "Strategy": "Plain",
                            "Partial Mode": "Partial",
                            "Parent Relationship": "Outer",
                            "Parallel Aware": false,
                            "Startup Cost": 45484.67,
                            "Total Cost": 45484.68,
                            "Plan Rows": 1,
                            "Plan Width": 8,
                            "Actual Startup Time": 101.854,
                            "Actual Total Time": 101.856,
                            "Actual Rows": 1,
                            "Actual Loops": 5,
                            "Output": [
                                "PARTIAL count(*)"
                            ],
                            "Workers": [
                                {
                                    "Worker Number": 0,
                                    "Actual Startup Time": 99.541,
                                    "Actual Total Time": 99.542,
                                    "Actual Rows": 1,
                                    "Actual Loops": 1
                                },
                                {
                                    "Worker Number": 1,
                                    "Actual Startup Time": 99.774,
                                    "Actual Total Time": 99.775,
                                    "Actual Rows": 1,
                                    "Actual Loops": 1
                                },
                                {
                                    "Worker Number": 2,
                                    "Actual Startup Time": 99.772,
                                    "Actual Total Time": 99.773,
                                    "Actual Rows": 1,
                                    "Actual Loops": 1
                                },
                                {
                                    "Worker Number": 3,
                                    "Actual Startup Time": 100.371,
                                    "Actual Total Time": 100.372,
                                    "Actual Rows": 1,
                                    "Actual Loops": 1
                                }
                            ],
                            "Plans": [
                                {
                                    "Node Type": "Seq Scan",
                                    "Parent Relationship": "Outer",
                                    "Parallel Aware": true,
                                    "Relation Name": "title",
                                    "Schema": "public",
                                    "Alias": "t",
                                    "Startup Cost": 0.0,
                                    "Total Cost": 45479.21,
                                    "Plan Rows": 2184,
                                    "Plan Width": 0,
                                    "Actual Startup Time": 0.238,
                                    "Actual Total Time": 101.579,
                                    "Actual Rows": 1629,
                                    "Actual Loops": 5,
                                    "Output": [
                                        "id",
                                        "title",
                                        "imdb_index",
                                        "kind_id",
                                        "production_year",
                                        "imdb_id",
                                        "phonetic_code",
                                        "episode_of_id",
                                        "season_nr",
                                        "episode_nr",
                                        "series_years",
                                        "md5sum"
                                    ],
                                    "Filter": "((t.kind_id = 7) AND (t.production_year = 1968))",
                                    "Rows Removed by Filter": 504033,
                                    "Workers": [
                                        {
                                            "Worker Number": 0,
                                            "Actual Startup Time": 0.137,
                                            "Actual Total Time": 99.257,
                                            "Actual Rows": 1432,
                                            "Actual Loops": 1
                                        },
                                        {
                                            "Worker Number": 1,
                                            "Actual Startup Time": 0.161,
                                            "Actual Total Time": 99.479,
                                            "Actual Rows": 1432,
                                            "Actual Loops": 1
                                        },
                                        {
                                            "Worker Number": 2,
                                            "Actual Startup Time": 0.54,
                                            "Actual Total Time": 99.498,
                                            "Actual Rows": 1404,
                                            "Actual Loops": 1
                                        },
                                        {
                                            "Worker Number": 3,
                                            "Actual Startup Time": 0.28,
                                            "Actual Total Time": 100.09,
                                            "Actual Rows": 1390,
                                            "Actual Loops": 1
                                        }
                                    ]
                                }
                            ]
                        }
                    ]
                }
            ]
        },
        "Planning Time": 2099.812,
        "Triggers": [],
        "Execution Time": 121.585
    }
]