[
  {
    "Plan": {
      "Node Type": "Aggregate",
      "Strategy": "Plain",
      "Partial Mode": "Finalize",
      "Parallel Aware": false,
      "Startup Cost": 335491.41,
      "Total Cost": 335491.42,
      "Plan Rows": 1,
      "Plan Width": 8,
      "Actual Startup Time": 622.825,
      "Actual Total Time": 649.346,
      "Actual Rows": 1,
      "Actual Loops": 1,
      "Plans": [
        {
          "Node Type": "Gather",
          "Parent Relationship": "Outer",
          "Parallel Aware": false,
          "Startup Cost": 335490.78,
          "Total Cost": 335491.39,
          "Plan Rows": 6,
          "Plan Width": 8,
          "Actual Startup Time": 622.748,
          "Actual Total Time": 649.341,
          "Actual Rows": 7,
          "Actual Loops": 1,
          "Workers Planned": 6,
          "Workers Launched": 6,
          "Single Copy": false,
          "Plans": [
            {
              "Node Type": "Aggregate",
              "Strategy": "Plain",
              "Partial Mode": "Partial",
              "Parent Relationship": "Outer",
              "Parallel Aware": false,
              "Startup Cost": 334490.78,
              "Total Cost": 334490.79,
              "Plan Rows": 1,
              "Plan Width": 8,
              "Actual Startup Time": 617.788,
              "Actual Total Time": 617.788,
              "Actual Rows": 1,
              "Actual Loops": 7,
              "Plans": [
                {
                  "Node Type": "Seq Scan",
                  "Parent Relationship": "Outer",
                  "Parallel Aware": true,
                  "Relation Name": "cast_info",
                  "Alias": "ci",
                  "Startup Cost": 0.0,
                  "Total Cost": 328213.62,
                  "Plan Rows": 2510866,
                  "Plan Width": 0,
                  "Actual Startup Time": 205.93,
                  "Actual Total Time": 523.095,
                  "Actual Rows": 2164578,
                  "Actual Loops": 7,
                  "Filter": "(person_id > 2129515)",
                  "Rows Removed by Filter": 3013185
                }
              ]
            }
          ]
        }
      ]
    },
    "Planning Time": 0.073,
    "Triggers": [],
    "Execution Time": 649.372
  }
]