[
  {
    "Plan": {
      "Node Type": "Aggregate",
      "Strategy": "Plain",
      "Partial Mode": "Finalize",
      "Parallel Aware": false,
      "Startup Cost": 335494.68,
      "Total Cost": 335494.69,
      "Plan Rows": 1,
      "Plan Width": 8,
      "Actual Startup Time": 730.61,
      "Actual Total Time": 790.835,
      "Actual Rows": 1,
      "Actual Loops": 1,
      "Plans": [
        {
          "Node Type": "Gather",
          "Parent Relationship": "Outer",
          "Parallel Aware": false,
          "Startup Cost": 335494.06,
          "Total Cost": 335494.67,
          "Plan Rows": 6,
          "Plan Width": 8,
          "Actual Startup Time": 730.513,
          "Actual Total Time": 790.825,
          "Actual Rows": 7,
          "Actual Loops": 1,
          "Workers Planned": 6,
          "Workers Launched": 6,
          "Single Copy": false,
          "Plans": [
            {
              "Node Type": "Aggregate",
              "Strategy": "Plain",
              "Partial Mode": "Partial",
              "Parent Relationship": "Outer",
              "Parallel Aware": false,
              "Startup Cost": 334494.06,
              "Total Cost": 334494.07,
              "Plan Rows": 1,
              "Plan Width": 8,
              "Actual Startup Time": 721.228,
              "Actual Total Time": 721.229,
              "Actual Rows": 1,
              "Actual Loops": 7,
              "Plans": [
                {
                  "Node Type": "Seq Scan",
                  "Parent Relationship": "Outer",
                  "Parallel Aware": true,
                  "Relation Name": "cast_info",
                  "Alias": "ci",
                  "Startup Cost": 0.0,
                  "Total Cost": 328162.03,
                  "Plan Rows": 2532812,
                  "Plan Width": 0,
                  "Actual Startup Time": 247.725,
                  "Actual Total Time": 620.956,
                  "Actual Rows": 2164578,
                  "Actual Loops": 7,
                  "Filter": "(person_id > 2129515)",
                  "Rows Removed by Filter": 3013185
                }
              ]
            }
          ]
        }
      ]
    },
    "Planning Time": 0.205,
    "Triggers": [],
    "Execution Time": 790.908
  }
]