[
    {
        "Bao": {
            "Bao prediction": "NaN",
            "Bao recommended hint": "(no hint)"
        }
    },
    {
        "Plan": {
            "Node Type": "Aggregate",
            "Strategy": "Plain",
            "Partial Mode": "Finalize",
            "Parallel Aware": false,
            "Startup Cost": 32819.45,
            "Total Cost": 32819.46,
            "Plan Rows": 1,
            "Plan Width": 8,
            "Actual Startup Time": 88.729,
            "Actual Total Time": 92.628,
            "Actual Rows": 1,
            "Actual Loops": 1,
            "Output": [
                "count(*)"
            ],
            "Plans": [
                {
                    "Node Type": "Gather",
                    "Parent Relationship": "Outer",
                    "Parallel Aware": false,
                    "Startup Cost": 32819.14,
                    "Total Cost": 32819.45,
                    "Plan Rows": 3,
                    "Plan Width": 8,
                    "Actual Startup Time": 88.601,
                    "Actual Total Time": 92.621,
                    "Actual Rows": 4,
                    "Actual Loops": 1,
                    "Output": [
                        "(PARTIAL count(*))"
                    ],
                    "Workers Planned": 3,
                    "Workers Launched": 3,
                    "Single Copy": false,
                    "Plans": [
                        {
                            "Node Type": "Aggregate",
                            "Strategy": "Plain",
                            "Partial Mode": "Partial",
                            "Parent Relationship": "Outer",
                            "Parallel Aware": false,
                            "Startup Cost": 31819.14,
                            "Total Cost": 31819.15,
                            "Plan Rows": 1,
                            "Plan Width": 8,
                            "Actual Startup Time": 80.436,
                            "Actual Total Time": 80.437,
                            "Actual Rows": 1,
                            "Actual Loops": 4,
                            "Output": [
                                "PARTIAL count(*)"
                            ],
                            "Workers": [
                                {
                                    "Worker Number": 0,
                                    "Actual Startup Time": 77.796,
                                    "Actual Total Time": 77.797,
                                    "Actual Rows": 1,
                                    "Actual Loops": 1
                                },
                                {
                                    "Worker Number": 1,
                                    "Actual Startup Time": 77.822,
                                    "Actual Total Time": 77.823,
                                    "Actual Rows": 1,
                                    "Actual Loops": 1
                                },
                                {
                                    "Worker Number": 2,
                                    "Actual Startup Time": 77.834,
                                    "Actual Total Time": 77.834,
                                    "Actual Rows": 1,
                                    "Actual Loops": 1
                                }
                            ],
                            "Plans": [
                                {
                                    "Node Type": "Seq Scan",
                                    "Parent Relationship": "Outer",
                                    "Parallel Aware": true,
                                    "Relation Name": "movie_companies",
                                    "Schema": "public",
                                    "Alias": "mc",
                                    "Startup Cost": 0.0,
                                    "Total Cost": 31414.82,
                                    "Plan Rows": 161727,
                                    "Plan Width": 0,
                                    "Actual Startup Time": 40.036,
                                    "Actual Total Time": 72.057,
                                    "Actual Rows": 203167,
                                    "Actual Loops": 4,
                                    "Output": [
                                        "id",
                                        "movie_id",
                                        "company_id",
                                        "company_type_id",
                                        "note"
                                    ],
                                    "Filter": "((mc.company_id > 17187) AND (mc.company_type_id > 1))",
                                    "Rows Removed by Filter": 449116,
                                    "Workers": [
                                        {
                                            "Worker Number": 0,
                                            "Actual Startup Time": 37.406,
                                            "Actual Total Time": 69.747,
                                            "Actual Rows": 194961,
                                            "Actual Loops": 1
                                        },
                                        {
                                            "Worker Number": 1,
                                            "Actual Startup Time": 37.428,
                                            "Actual Total Time": 69.679,
                                            "Actual Rows": 197743,
                                            "Actual Loops": 1
                                        },
                                        {
                                            "Worker Number": 2,
                                            "Actual Startup Time": 37.421,
                                            "Actual Total Time": 69.827,
                                            "Actual Rows": 195798,
                                            "Actual Loops": 1
                                        }
                                    ]
                                }
                            ]
                        }
                    ]
                }
            ]
        },
        "Planning Time": 216.972,
        "Triggers": [],
        "Execution Time": 92.678
    }
]