[
  {
    "Plan": {
      "Node Type": "Aggregate",
      "Strategy": "Plain",
      "Partial Mode": "Finalize",
      "Parallel Aware": false,
      "Startup Cost": 237707.08,
      "Total Cost": 237707.09,
      "Plan Rows": 1,
      "Plan Width": 8,
      "Actual Startup Time": 558.633,
      "Actual Total Time": 576.767,
      "Actual Rows": 1,
      "Actual Loops": 1,
      "Plans": [
        {
          "Node Type": "Gather",
          "Parent Relationship": "Outer",
          "Parallel Aware": false,
          "Startup Cost": 237706.87,
          "Total Cost": 237707.08,
          "Plan Rows": 2,
          "Plan Width": 8,
          "Actual Startup Time": 551.389,
          "Actual Total Time": 576.756,
          "Actual Rows": 3,
          "Actual Loops": 1,
          "Workers Planned": 2,
          "Workers Launched": 2,
          "Single Copy": false,
          "Plans": [
            {
              "Node Type": "Aggregate",
              "Strategy": "Plain",
              "Partial Mode": "Partial",
              "Parent Relationship": "Outer",
              "Parallel Aware": false,
              "Startup Cost": 236706.87,
              "Total Cost": 236706.88,
              "Plan Rows": 1,
              "Plan Width": 8,
              "Actual Startup Time": 542.824,
              "Actual Total Time": 542.831,
              "Actual Rows": 1,
              "Actual Loops": 3,
              "Plans": [
                {
                  "Node Type": "Hash Join",
                  "Parent Relationship": "Outer",
                  "Parallel Aware": true,
                  "Join Type": "Inner",
                  "Startup Cost": 220680.62,
                  "Total Cost": 236604.21,
                  "Plan Rows": 41065,
                  "Plan Width": 0,
                  "Actual Startup Time": 434.969,
                  "Actual Total Time": 542.8,
                  "Actual Rows": 301,
                  "Actual Loops": 3,
                  "Inner Unique": false,
                  "Hash Cond": "(mi_idx.movie_id = t.id)",
                  "Plans": [
                    {
                      "Node Type": "Seq Scan",
                      "Parent Relationship": "Outer",
                      "Parallel Aware": true,
                      "Relation Name": "movie_info_idx",
                      "Alias": "mi_idx",
                      "Startup Cost": 0.0,
                      "Total Cost": 13685.15,
                      "Plan Rows": 575015,
                      "Plan Width": 4,
                      "Actual Startup Time": 0.023,
                      "Actual Total Time": 57.271,
                      "Actual Rows": 460012,
                      "Actual Loops": 3
                    },
                    {
                      "Node Type": "Hash",
                      "Parent Relationship": "Inner",
                      "Parallel Aware": true,
                      "Startup Cost": 220229.2,
                      "Total Cost": 220229.2,
                      "Plan Rows": 36114,
                      "Plan Width": 8,
                      "Actual Startup Time": 431.442,
                      "Actual Total Time": 431.447,
                      "Actual Rows": 101,
                      "Actual Loops": 3,
                      "Hash Buckets": 262144,
                      "Original Hash Buckets": 262144,
                      "Hash Batches": 1,
                      "Original Hash Batches": 1,
                      "Peak Memory Usage": 2144,
                      "Plans": [
                        {
                          "Node Type": "Hash Join",
                          "Parent Relationship": "Outer",
                          "Parallel Aware": true,
                          "Join Type": "Inner",
                          "Startup Cost": 54068.99,
                          "Total Cost": 220229.2,
                          "Plan Rows": 36114,
                          "Plan Width": 8,
                          "Actual Startup Time": 396.448,
                          "Actual Total Time": 430.479,
                          "Actual Rows": 101,
                          "Actual Loops": 3,
                          "Inner Unique": true,
                          "Hash Cond": "(mi.movie_id = t.id)",
                          "Plans": [
                            {
                              "Node Type": "Bitmap Heap Scan",
                              "Parent Relationship": "Outer",
                              "Parallel Aware": true,
                              "Relation Name": "movie_info",
                              "Alias": "mi",
                              "Startup Cost": 5351.18,
                              "Total Cost": 171355.94,
                              "Plan Rows": 59219,
                              "Plan Width": 4,
                              "Actual Startup Time": 15.833,
                              "Actual Total Time": 37.544,
                              "Actual Rows": 102263,
                              "Actual Loops": 3,
                              "Recheck Cond": "(info_type_id > 105)",
                              "Rows Removed by Index Recheck": 0,
                              "Exact Heap Blocks": 1992,
                              "Lossy Heap Blocks": 0,
                              "Plans": [
                                {
                                  "Node Type": "Bitmap Index Scan",
                                  "Parent Relationship": "Outer",
                                  "Parallel Aware": false,
                                  "Index Name": "info_type_id_movie_info",
                                  "Startup Cost": 0.0,
                                  "Total Cost": 5277.15,
                                  "Plan Rows": 296096,
                                  "Plan Width": 0,
                                  "Actual Startup Time": 14.624,
                                  "Actual Total Time": 14.624,
                                  "Actual Rows": 306788,
                                  "Actual Loops": 1,
                                  "Index Cond": "(info_type_id > 105)"
                                }
                              ]
                            },
                            {
                              "Node Type": "Hash",
                              "Parent Relationship": "Inner",
                              "Parallel Aware": true,
                              "Startup Cost": 43899.32,
                              "Total Cost": 43899.32,
                              "Plan Rows": 385479,
                              "Plan Width": 4,
                              "Actual Startup Time": 366.667,
                              "Actual Total Time": 366.668,
                              "Actual Rows": 514421,
                              "Actual Loops": 3,
                              "Hash Buckets": 2097152,
                              "Original Hash Buckets": 2097152,
                              "Hash Batches": 1,
                              "Original Hash Batches": 1,
                              "Peak Memory Usage": 76832,
                              "Plans": [
                                {
                                  "Node Type": "Seq Scan",
                                  "Parent Relationship": "Outer",
                                  "Parallel Aware": true,
                                  "Relation Name": "title",
                                  "Alias": "t",
                                  "Startup Cost": 0.0,
                                  "Total Cost": 43899.32,
                                  "Plan Rows": 385479,
                                  "Plan Width": 4,
                                  "Actual Startup Time": 0.055,
                                  "Actual Total Time": 166.194,
                                  "Actual Rows": 514421,
                                  "Actual Loops": 3,
                                  "Filter": "(kind_id = 7)",
                                  "Rows Removed by Filter": 328349
                                }
                              ]
                            }
                          ]
                        }
                      ]
                    }
                  ]
                }
              ]
            }
          ]
        }
      ]
    },
    "Planning Time": 0.578,
    "Triggers": [],
    "Execution Time": 576.839
  }
]