[
  {
    "Plan": {
      "Node Type": "Aggregate",
      "Strategy": "Plain",
      "Partial Mode": "Finalize",
      "Parallel Aware": false,
      "Startup Cost": 401949.46,
      "Total Cost": 401949.47,
      "Plan Rows": 1,
      "Plan Width": 8,
      "Actual Startup Time": 2232.004,
      "Actual Total Time": 2280.45,
      "Actual Rows": 1,
      "Actual Loops": 1,
      "Plans": [
        {
          "Node Type": "Gather",
          "Parent Relationship": "Outer",
          "Parallel Aware": false,
          "Startup Cost": 401948.84,
          "Total Cost": 401949.45,
          "Plan Rows": 6,
          "Plan Width": 8,
          "Actual Startup Time": 2216.285,
          "Actual Total Time": 2280.441,
          "Actual Rows": 7,
          "Actual Loops": 1,
          "Workers Planned": 6,
          "Workers Launched": 6,
          "Single Copy": false,
          "Plans": [
            {
              "Node Type": "Aggregate",
              "Strategy": "Plain",
              "Partial Mode": "Partial",
              "Parent Relationship": "Outer",
              "Parallel Aware": false,
              "Startup Cost": 400948.84,
              "Total Cost": 400948.85,
              "Plan Rows": 1,
              "Plan Width": 8,
              "Actual Startup Time": 2199.493,
              "Actual Total Time": 2199.497,
              "Actual Rows": 1,
              "Actual Loops": 7,
              "Plans": [
                {
                  "Node Type": "Hash Join",
                  "Parent Relationship": "Outer",
                  "Parallel Aware": true,
                  "Join Type": "Inner",
                  "Startup Cost": 50220.38,
                  "Total Cost": 397333.14,
                  "Plan Rows": 1446278,
                  "Plan Width": 0,
                  "Actual Startup Time": 640.841,
                  "Actual Total Time": 2087.224,
                  "Actual Rows": 1881591,
                  "Actual Loops": 7,
                  "Inner Unique": true,
                  "Hash Cond": "(ci.movie_id = t.id)",
                  "Plans": [
                    {
                      "Node Type": "Seq Scan",
                      "Parent Relationship": "Outer",
                      "Parallel Aware": true,
                      "Relation Name": "cast_info",
                      "Alias": "ci",
                      "Startup Cost": 0.0,
                      "Total Cost": 343316.27,
                      "Plan Rows": 1446278,
                      "Plan Width": 4,
                      "Actual Startup Time": 342.631,
                      "Actual Total Time": 807.228,
                      "Actual Rows": 1881591,
                      "Actual Loops": 7,
                      "Filter": "((person_id > 2358765) AND (role_id > 1))",
                      "Rows Removed by Filter": 3296172
                    },
                    {
                      "Node Type": "Hash",
                      "Parent Relationship": "Inner",
                      "Parallel Aware": true,
                      "Startup Cost": 42319.06,
                      "Total Cost": 42319.06,
                      "Plan Rows": 632106,
                      "Plan Width": 4,
                      "Actual Startup Time": 292.914,
                      "Actual Total Time": 292.915,
                      "Actual Rows": 361187,
                      "Actual Loops": 7,
                      "Hash Buckets": 4194304,
                      "Original Hash Buckets": 4194304,
                      "Hash Batches": 1,
                      "Original Hash Batches": 1,
                      "Peak Memory Usage": 131808,
                      "Plans": [
                        {
                          "Node Type": "Seq Scan",
                          "Parent Relationship": "Outer",
                          "Parallel Aware": true,
                          "Relation Name": "title",
                          "Alias": "t",
                          "Startup Cost": 0.0,
                          "Total Cost": 42319.06,
                          "Plan Rows": 632106,
                          "Plan Width": 4,
                          "Actual Startup Time": 0.045,
                          "Actual Total Time": 90.928,
                          "Actual Rows": 361187,
                          "Actual Loops": 7
                        }
                      ]
                    }
                  ]
                }
              ]
            }
          ]
        }
      ]
    },
    "Planning Time": 0.281,
    "Triggers": [],
    "Execution Time": 2280.496
  }
]