[
  {
    "Plan": {
      "Node Type": "Aggregate",
      "Strategy": "Plain",
      "Partial Mode": "Finalize",
      "Parallel Aware": false,
      "Startup Cost": 219928.77,
      "Total Cost": 219928.78,
      "Plan Rows": 1,
      "Plan Width": 8,
      "Actual Startup Time": 127.184,
      "Actual Total Time": 148.772,
      "Actual Rows": 1,
      "Actual Loops": 1,
      "Plans": [
        {
          "Node Type": "Gather",
          "Parent Relationship": "Outer",
          "Parallel Aware": false,
          "Startup Cost": 219928.35,
          "Total Cost": 219928.76,
          "Plan Rows": 4,
          "Plan Width": 8,
          "Actual Startup Time": 126.816,
          "Actual Total Time": 148.763,
          "Actual Rows": 5,
          "Actual Loops": 1,
          "Workers Planned": 4,
          "Workers Launched": 4,
          "Single Copy": false,
          "Plans": [
            {
              "Node Type": "Aggregate",
              "Strategy": "Plain",
              "Partial Mode": "Partial",
              "Parent Relationship": "Outer",
              "Parallel Aware": false,
              "Startup Cost": 218928.35,
              "Total Cost": 218928.36,
              "Plan Rows": 1,
              "Plan Width": 8,
              "Actual Startup Time": 116.75,
              "Actual Total Time": 116.752,
              "Actual Rows": 1,
              "Actual Loops": 5,
              "Plans": [
                {
                  "Node Type": "Nested Loop",
                  "Parent Relationship": "Outer",
                  "Parallel Aware": false,
                  "Join Type": "Inner",
                  "Startup Cost": 2183.25,
                  "Total Cost": 218907.04,
                  "Plan Rows": 8526,
                  "Plan Width": 0,
                  "Actual Startup Time": 15.369,
                  "Actual Total Time": 116.108,
                  "Actual Rows": 5723,
                  "Actual Loops": 5,
                  "Inner Unique": false,
                  "Plans": [
                    {
                      "Node Type": "Bitmap Heap Scan",
                      "Parent Relationship": "Outer",
                      "Parallel Aware": true,
                      "Relation Name": "title",
                      "Alias": "t",
                      "Startup Cost": 2182.68,
                      "Total Cost": 38638.94,
                      "Plan Rows": 1746,
                      "Plan Width": 4,
                      "Actual Startup Time": 14.717,
                      "Actual Total Time": 30.07,
                      "Actual Rows": 1547,
                      "Actual Loops": 5,
                      "Recheck Cond": "(kind_id = 4)",
                      "Rows Removed by Index Recheck": 0,
                      "Filter": "(production_year = 2010)",
                      "Rows Removed by Filter": 22100,
                      "Exact Heap Blocks": 6705,
                      "Lossy Heap Blocks": 0,
                      "Plans": [
                        {
                          "Node Type": "Bitmap Index Scan",
                          "Parent Relationship": "Outer",
                          "Parallel Aware": false,
                          "Index Name": "kind_id_title",
                          "Startup Cost": 0.0,
                          "Total Cost": 2180.94,
                          "Plan Rows": 122201,
                          "Plan Width": 0,
                          "Actual Startup Time": 19.253,
                          "Actual Total Time": 19.254,
                          "Actual Rows": 118234,
                          "Actual Loops": 1,
                          "Index Cond": "(kind_id = 4)"
                        }
                      ]
                    },
                    {
                      "Node Type": "Index Scan",
                      "Parent Relationship": "Inner",
                      "Parallel Aware": false,
                      "Scan Direction": "Forward",
                      "Index Name": "movie_id_cast_info",
                      "Relation Name": "cast_info",
                      "Alias": "ci",
                      "Startup Cost": 0.56,
                      "Total Cost": 103.12,
                      "Plan Rows": 13,
                      "Plan Width": 4,
                      "Actual Startup Time": 0.043,
                      "Actual Total Time": 0.055,
                      "Actual Rows": 4,
                      "Actual Loops": 7736,
                      "Index Cond": "(movie_id = t.id)",
                      "Rows Removed by Index Recheck": 0,
                      "Filter": "(role_id > 3)",
                      "Rows Removed by Filter": 8
                    }
                  ]
                }
              ]
            }
          ]
        }
      ]
    },
    "Planning Time": 0.529,
    "Triggers": [],
    "Execution Time": 148.862
  }
]