[
  {
    "Plan": {
      "Node Type": "Aggregate",
      "Strategy": "Plain",
      "Partial Mode": "Finalize",
      "Parallel Aware": false,
      "Startup Cost": 333083.23,
      "Total Cost": 333083.24,
      "Plan Rows": 1,
      "Plan Width": 8,
      "Actual Startup Time": 728.225,
      "Actual Total Time": 789.746,
      "Actual Rows": 1,
      "Actual Loops": 1,
      "Plans": [
        {
          "Node Type": "Gather",
          "Parent Relationship": "Outer",
          "Parallel Aware": false,
          "Startup Cost": 333082.6,
          "Total Cost": 333083.21,
          "Plan Rows": 6,
          "Plan Width": 8,
          "Actual Startup Time": 728.038,
          "Actual Total Time": 789.729,
          "Actual Rows": 7,
          "Actual Loops": 1,
          "Workers Planned": 6,
          "Workers Launched": 6,
          "Single Copy": false,
          "Plans": [
            {
              "Node Type": "Aggregate",
              "Strategy": "Plain",
              "Partial Mode": "Partial",
              "Parent Relationship": "Outer",
              "Parallel Aware": false,
              "Startup Cost": 332082.6,
              "Total Cost": 332082.61,
              "Plan Rows": 1,
              "Plan Width": 8,
              "Actual Startup Time": 716.827,
              "Actual Total Time": 716.828,
              "Actual Rows": 1,
              "Actual Loops": 7,
              "Plans": [
                {
                  "Node Type": "Seq Scan",
                  "Parent Relationship": "Outer",
                  "Parallel Aware": true,
                  "Relation Name": "cast_info",
                  "Alias": "ci",
                  "Startup Cost": 0.0,
                  "Total Cost": 328211.39,
                  "Plan Rows": 1548484,
                  "Plan Width": 0,
                  "Actual Startup Time": 350.129,
                  "Actual Total Time": 648.673,
                  "Actual Rows": 1312617,
                  "Actual Loops": 7,
                  "Filter": "(person_id > 2781442)",
                  "Rows Removed by Filter": 3865146
                }
              ]
            }
          ]
        }
      ]
    },
    "Planning Time": 0.217,
    "Triggers": [],
    "Execution Time": 789.825
  }
]