[
  {
    "Plan": {
      "Node Type": "Aggregate",
      "Strategy": "Plain",
      "Partial Mode": "Finalize",
      "Parallel Aware": false,
      "Startup Cost": 28138.04,
      "Total Cost": 28138.05,
      "Plan Rows": 1,
      "Plan Width": 8,
      "Actual Startup Time": 53.636,
      "Actual Total Time": 56.018,
      "Actual Rows": 1,
      "Actual Loops": 1,
      "Plans": [
        {
          "Node Type": "Gather",
          "Parent Relationship": "Outer",
          "Parallel Aware": false,
          "Startup Cost": 28137.72,
          "Total Cost": 28138.03,
          "Plan Rows": 3,
          "Plan Width": 8,
          "Actual Startup Time": 53.509,
          "Actual Total Time": 56.011,
          "Actual Rows": 4,
          "Actual Loops": 1,
          "Workers Planned": 3,
          "Workers Launched": 3,
          "Single Copy": false,
          "Plans": [
            {
              "Node Type": "Aggregate",
              "Strategy": "Plain",
              "Partial Mode": "Partial",
              "Parent Relationship": "Outer",
              "Parallel Aware": false,
              "Startup Cost": 27137.72,
              "Total Cost": 27137.73,
              "Plan Rows": 1,
              "Plan Width": 8,
              "Actual Startup Time": 46.395,
              "Actual Total Time": 46.396,
              "Actual Rows": 1,
              "Actual Loops": 4,
              "Plans": [
                {
                  "Node Type": "Bitmap Heap Scan",
                  "Parent Relationship": "Outer",
                  "Parallel Aware": true,
                  "Relation Name": "movie_companies",
                  "Alias": "mc",
                  "Startup Cost": 6824.35,
                  "Total Cost": 26883.83,
                  "Plan Rows": 101558,
                  "Plan Width": 0,
                  "Actual Startup Time": 13.513,
                  "Actual Total Time": 41.213,
                  "Actual Rows": 78191,
                  "Actual Loops": 4,
                  "Recheck Cond": "(company_id > 92334)",
                  "Rows Removed by Index Recheck": 0,
                  "Exact Heap Blocks": 2439,
                  "Lossy Heap Blocks": 0,
                  "Plans": [
                    {
                      "Node Type": "Bitmap Index Scan",
                      "Parent Relationship": "Outer",
                      "Parallel Aware": false,
                      "Index Name": "company_id_movie_companies",
                      "Startup Cost": 0.0,
                      "Total Cost": 6745.65,
                      "Plan Rows": 314829,
                      "Plan Width": 0,
                      "Actual Startup Time": 19.294,
                      "Actual Total Time": 19.295,
                      "Actual Rows": 312764,
                      "Actual Loops": 1,
                      "Index Cond": "(company_id > 92334)"
                    }
                  ]
                }
              ]
            }
          ]
        }
      ]
    },
    "Planning Time": 0.199,
    "Triggers": [],
    "Execution Time": 56.059
  }
]