[
    {
        "Bao": {
            "Bao prediction": 667.644,
            "Bao recommended hint": "(no hint)"
        }
    },
    {
        "Plan": {
            "Node Type": "Aggregate",
            "Strategy": "Plain",
            "Partial Mode": "Finalize",
            "Parallel Aware": false,
            "Startup Cost": 292297.17,
            "Total Cost": 292297.18,
            "Plan Rows": 1,
            "Plan Width": 8,
            "Actual Startup Time": 154.274,
            "Actual Total Time": 158.86,
            "Actual Rows": 1,
            "Actual Loops": 1,
            "Output": [
                "count(*)"
            ],
            "Plans": [
                {
                    "Node Type": "Gather",
                    "Parent Relationship": "Outer",
                    "Parallel Aware": false,
                    "Startup Cost": 292296.54,
                    "Total Cost": 292297.15,
                    "Plan Rows": 6,
                    "Plan Width": 8,
                    "Actual Startup Time": 153.655,
                    "Actual Total Time": 158.851,
                    "Actual Rows": 7,
                    "Actual Loops": 1,
                    "Output": [
                        "(PARTIAL count(*))"
                    ],
                    "Workers Planned": 6,
                    "Workers Launched": 6,
                    "Single Copy": false,
                    "Plans": [
                        {
                            "Node Type": "Aggregate",
                            "Strategy": "Plain",
                            "Partial Mode": "Partial",
                            "Parent Relationship": "Outer",
                            "Parallel Aware": false,
                            "Startup Cost": 291296.54,
                            "Total Cost": 291296.55,
                            "Plan Rows": 1,
                            "Plan Width": 8,
                            "Actual Startup Time": 143.667,
                            "Actual Total Time": 143.668,
                            "Actual Rows": 1,
                            "Actual Loops": 7,
                            "Output": [
                                "PARTIAL count(*)"
                            ],
                            "Workers": [
                                {
                                    "Worker Number": 0,
                                    "Actual Startup Time": 141.893,
                                    "Actual Total Time": 141.894,
                                    "Actual Rows": 1,
                                    "Actual Loops": 1
                                },
                                {
                                    "Worker Number": 1,
                                    "Actual Startup Time": 141.903,
                                    "Actual Total Time": 141.905,
                                    "Actual Rows": 1,
                                    "Actual Loops": 1
                                },
                                {
                                    "Worker Number": 2,
                                    "Actual Startup Time": 142.252,
                                    "Actual Total Time": 142.253,
                                    "Actual Rows": 1,
                                    "Actual Loops": 1
                                },
                                {
                                    "Worker Number": 3,
                                    "Actual Startup Time": 142.163,
                                    "Actual Total Time": 142.164,
                                    "Actual Rows": 1,
                                    "Actual Loops": 1
                                },
                                {
                                    "Worker Number": 4,
                                    "Actual Startup Time": 142.307,
                                    "Actual Total Time": 142.309,
                                    "Actual Rows": 1,
                                    "Actual Loops": 1
                                },
                                {
                                    "Worker Number": 5,
                                    "Actual Startup Time": 142.312,
                                    "Actual Total Time": 142.313,
                                    "Actual Rows": 1,
                                    "Actual Loops": 1
                                }
                            ],
                            "Plans": [
                                {
                                    "Node Type": "Bitmap Heap Scan",
                                    "Parent Relationship": "Outer",
                                    "Parallel Aware": true,
                                    "Relation Name": "cast_info",
                                    "Schema": "public",
                                    "Alias": "ci",
                                    "Startup Cost": 34682.47,
                                    "Total Cost": 290642.03,
                                    "Plan Rows": 261804,
                                    "Plan Width": 0,
                                    "Actual Startup Time": 67.82,
                                    "Actual Total Time": 128.706,
                                    "Actual Rows": 227097,
                                    "Actual Loops": 7,
                                    "Recheck Cond": "(ci.person_id < 158079)",
                                    "Rows Removed by Index Recheck": 0,
                                    "Exact Heap Blocks": 4348,
                                    "Lossy Heap Blocks": 0,
                                    "Workers": [
                                        {
                                            "Worker Number": 0,
                                            "Actual Startup Time": 66.009,
                                            "Actual Total Time": 127.582,
                                            "Actual Rows": 204366,
                                            "Actual Loops": 1
                                        },
                                        {
                                            "Worker Number": 1,
                                            "Actual Startup Time": 66.129,
                                            "Actual Total Time": 127.534,
                                            "Actual Rows": 205317,
                                            "Actual Loops": 1
                                        },
                                        {
                                            "Worker Number": 2,
                                            "Actual Startup Time": 66.709,
                                            "Actual Total Time": 127.547,
                                            "Actual Rows": 205294,
                                            "Actual Loops": 1
                                        },
                                        {
                                            "Worker Number": 3,
                                            "Actual Startup Time": 66.597,
                                            "Actual Total Time": 127.793,
                                            "Actual Rows": 161497,
                                            "Actual Loops": 1
                                        },
                                        {
                                            "Worker Number": 4,
                                            "Actual Startup Time": 66.389,
                                            "Actual Total Time": 127.421,
                                            "Actual Rows": 165183,
                                            "Actual Loops": 1
                                        },
                                        {
                                            "Worker Number": 5,
                                            "Actual Startup Time": 66.373,
                                            "Actual Total Time": 127.901,
                                            "Actual Rows": 203462,
                                            "Actual Loops": 1
                                        }
                                    ],
                                    "Plans": [
                                        {
                                            "Node Type": "Bitmap Index Scan",
                                            "Parent Relationship": "Outer",
                                            "Parallel Aware": false,
                                            "Index Name": "person_id_cast_info",
                                            "Startup Cost": 0.0,
                                            "Total Cost": 34289.77,
                                            "Plan Rows": 1570827,
                                            "Plan Width": 0,
                                            "Actual Startup Time": 74.075,
                                            "Actual Total Time": 74.075,
                                            "Actual Rows": 1589680,
                                            "Actual Loops": 1,
                                            "Index Cond": "(ci.person_id < 158079)"
                                        }
                                    ]
                                }
                            ]
                        }
                    ]
                }
            ]
        },
        "Planning Time": 358.605,
        "Triggers": [],
        "Execution Time": 158.955
    }
]