[
  {
    "Plan": {
      "Node Type": "Aggregate",
      "Strategy": "Plain",
      "Partial Mode": "Finalize",
      "Parallel Aware": false,
      "Startup Cost": 46119.16,
      "Total Cost": 46119.17,
      "Plan Rows": 1,
      "Plan Width": 8,
      "Actual Startup Time": 177.547,
      "Actual Total Time": 188.785,
      "Actual Rows": 1,
      "Actual Loops": 1,
      "Plans": [
        {
          "Node Type": "Gather",
          "Parent Relationship": "Outer",
          "Parallel Aware": false,
          "Startup Cost": 46118.85,
          "Total Cost": 46119.16,
          "Plan Rows": 3,
          "Plan Width": 8,
          "Actual Startup Time": 177.352,
          "Actual Total Time": 188.775,
          "Actual Rows": 4,
          "Actual Loops": 1,
          "Workers Planned": 3,
          "Workers Launched": 3,
          "Single Copy": false,
          "Plans": [
            {
              "Node Type": "Aggregate",
              "Strategy": "Plain",
              "Partial Mode": "Partial",
              "Parent Relationship": "Outer",
              "Parallel Aware": false,
              "Startup Cost": 45118.85,
              "Total Cost": 45118.86,
              "Plan Rows": 1,
              "Plan Width": 8,
              "Actual Startup Time": 171.461,
              "Actual Total Time": 171.462,
              "Actual Rows": 1,
              "Actual Loops": 4,
              "Plans": [
                {
                  "Node Type": "Seq Scan",
                  "Parent Relationship": "Outer",
                  "Parallel Aware": true,
                  "Relation Name": "movie_keyword",
                  "Alias": "mk",
                  "Startup Cost": 0.0,
                  "Total Cost": 42695.65,
                  "Plan Rows": 969277,
                  "Plan Width": 0,
                  "Actual Startup Time": 0.268,
                  "Actual Total Time": 132.624,
                  "Actual Rows": 753291,
                  "Actual Loops": 4,
                  "Filter": "(keyword_id > 2188)",
                  "Rows Removed by Filter": 377691
                }
              ]
            }
          ]
        }
      ]
    },
    "Planning Time": 0.167,
    "Triggers": [],
    "Execution Time": 188.833
  }
]