[
    {
        "Bao": {
            "Bao prediction": "NaN",
            "Bao recommended hint": "(no hint)"
        }
    },
    {
        "Plan": {
            "Node Type": "Aggregate",
            "Strategy": "Plain",
            "Partial Mode": "Simple",
            "Parallel Aware": false,
            "Startup Cost": 20702.34,
            "Total Cost": 20702.35,
            "Plan Rows": 1,
            "Plan Width": 8,
            "Actual Startup Time": 24.539,
            "Actual Total Time": 24.541,
            "Actual Rows": 1,
            "Actual Loops": 1,
            "Output": [
                "count(*)"
            ],
            "Plans": [
                {
                    "Node Type": "Bitmap Heap Scan",
                    "Parent Relationship": "Outer",
                    "Parallel Aware": false,
                    "Relation Name": "movie_companies",
                    "Schema": "public",
                    "Alias": "mc",
                    "Startup Cost": 1131.74,
                    "Total Cost": 20572.24,
                    "Plan Rows": 52040,
                    "Plan Width": 0,
                    "Actual Startup Time": 4.632,
                    "Actual Total Time": 19.96,
                    "Actual Rows": 53722,
                    "Actual Loops": 1,
                    "Recheck Cond": "(mc.company_id > 188569)",
                    "Rows Removed by Index Recheck": 0,
                    "Exact Heap Blocks": 1973,
                    "Lossy Heap Blocks": 0,
                    "Plans": [
                        {
                            "Node Type": "Bitmap Index Scan",
                            "Parent Relationship": "Outer",
                            "Parallel Aware": false,
                            "Index Name": "company_id_movie_companies",
                            "Startup Cost": 0.0,
                            "Total Cost": 1118.73,
                            "Plan Rows": 52040,
                            "Plan Width": 0,
                            "Actual Startup Time": 4.143,
                            "Actual Total Time": 4.143,
                            "Actual Rows": 53722,
                            "Actual Loops": 1,
                            "Index Cond": "(mc.company_id > 188569)"
                        }
                    ]
                }
            ]
        },
        "Planning Time": 218.151,
        "Triggers": [],
        "Execution Time": 24.624
    }
]