{
  "Plan": {
    "Node Type": "Aggregate",
    "Strategy": "Plain",
    "Partial Mode": "Finalize",
    "Parallel Aware": false,
    "Startup Cost": 123483.64,
    "Total Cost": 123483.65,
    "Plan Rows": 1,
    "Plan Width": 8,
    "Actual Startup Time": 750.414,
    "Actual Total Time": 776.602,
    "Actual Rows": 1,
    "Actual Loops": 1,
    "Plans": [
      {
        "Node Type": "Gather",
        "Parent Relationship": "Outer",
        "Parallel Aware": false,
        "Startup Cost": 123483.53,
        "Total Cost": 123483.64,
        "Plan Rows": 1,
        "Plan Width": 8,
        "Actual Startup Time": 750.038,
        "Actual Total Time": 776.594,
        "Actual Rows": 2,
        "Actual Loops": 1,
        "Workers Planned": 1,
        "Workers Launched": 1,
        "Single Copy": false,
        "Plans": [
          {
            "Node Type": "Aggregate",
            "Strategy": "Plain",
            "Partial Mode": "Partial",
            "Parent Relationship": "Outer",
            "Parallel Aware": false,
            "Startup Cost": 122483.53,
            "Total Cost": 122483.54,
            "Plan Rows": 1,
            "Plan Width": 8,
            "Actual Startup Time": 743.977,
            "Actual Total Time": 743.981,
            "Actual Rows": 1,
            "Actual Loops": 2,
            "Plans": [
              {
                "Node Type": "Nested Loop",
                "Parent Relationship": "Outer",
                "Parallel Aware": false,
                "Join Type": "Inner",
                "Startup Cost": 21198.1,
                "Total Cost": 122175.67,
                "Plan Rows": 123144,
                "Plan Width": 0,
                "Actual Startup Time": 197.244,
                "Actual Total Time": 718.939,
                "Actual Rows": 593787,
                "Actual Loops": 2,
                "Inner Unique": false,
                "Plans": [
                  {
                    "Node Type": "Hash Join",
                    "Parent Relationship": "Outer",
                    "Parallel Aware": true,
                    "Join Type": "Inner",
                    "Startup Cost": 21197.67,
                    "Total Cost": 81487.05,
                    "Plan Rows": 21060,
                    "Plan Width": 8,
                    "Actual Startup Time": 197.174,
                    "Actual Total Time": 299.028,
                    "Actual Rows": 33688,
                    "Actual Loops": 2,
                    "Inner Unique": false,
                    "Hash Cond": "(t.id = mc.movie_id)",
                    "Plans": [
                      {
                        "Node Type": "Seq Scan",
                        "Parent Relationship": "Outer",
                        "Parallel Aware": true,
                        "Relation Name": "title",
                        "Alias": "t",
                        "Startup Cost": 0.0,
                        "Total Cost": 50870.31,
                        "Plan Rows": 1487231,
                        "Plan Width": 4,
                        "Actual Startup Time": 0.009,
                        "Actual Total Time": 111.469,
                        "Actual Rows": 1264156,
                        "Actual Loops": 2
                      },
                      {
                        "Node Type": "Hash",
                        "Parent Relationship": "Inner",
                        "Parallel Aware": true,
                        "Startup Cost": 20934.42,
                        "Total Cost": 20934.42,
                        "Plan Rows": 21060,
                        "Plan Width": 4,
                        "Actual Startup Time": 34.671,
                        "Actual Total Time": 34.672,
                        "Actual Rows": 33688,
                        "Actual Loops": 2,
                        "Hash Buckets": 131072,
                        "Original Hash Buckets": 65536,
                        "Hash Batches": 1,
                        "Original Hash Batches": 1,
                        "Peak Memory Usage": 4224,
                        "Plans": [
                          {
                            "Node Type": "Bitmap Heap Scan",
                            "Parent Relationship": "Outer",
                            "Parallel Aware": true,
                            "Relation Name": "movie_companies",
                            "Alias": "mc",
                            "Startup Cost": 1522.24,
                            "Total Cost": 20934.42,
                            "Plan Rows": 21060,
                            "Plan Width": 4,
                            "Actual Startup Time": 4.623,
                            "Actual Total Time": 22.291,
                            "Actual Rows": 33688,
                            "Actual Loops": 2,
                            "Recheck Cond": "(company_id > 178429)",
                            "Rows Removed by Index Recheck": 0,
                            "Filter": "(company_type_id > 1)",
                            "Rows Removed by Filter": 0,
                            "Exact Heap Blocks": 1595,
                            "Lossy Heap Blocks": 0,
                            "Plans": [
                              {
                                "Node Type": "Bitmap Index Scan",
                                "Parent Relationship": "Outer",
                                "Parallel Aware": false,
                                "Index Name": "company_id_movie_companies",
                                "Startup Cost": 0.0,
                                "Total Cost": 1513.29,
                                "Plan Rows": 70514,
                                "Plan Width": 0,
                                "Actual Startup Time": 8.278,
                                "Actual Total Time": 8.278,
                                "Actual Rows": 67377,
                                "Actual Loops": 1,
                                "Index Cond": "(company_id > 178429)"
                              }
                            ]
                          }
                        ]
                      }
                    ]
                  },
                  {
                    "Node Type": "Index Only Scan",
                    "Parent Relationship": "Inner",
                    "Parallel Aware": false,
                    "Scan Direction": "Forward",
                    "Index Name": "movie_id_movie_info",
                    "Relation Name": "movie_info",
                    "Alias": "mi",
                    "Startup Cost": 0.43,
                    "Total Cost": 1.51,
                    "Plan Rows": 42,
                    "Plan Width": 4,
                    "Actual Startup Time": 0.004,
                    "Actual Total Time": 0.011,
                    "Actual Rows": 18,
                    "Actual Loops": 67377,
                    "Index Cond": "(movie_id = t.id)",
                    "Rows Removed by Index Recheck": 0,
                    "Heap Fetches": 1187574
                  }
                ]
              }
            ]
          }
        ]
      }
    ]
  },
  "Planning Time": 0.834,
  "Triggers": [],
  "Execution Time": 776.702
}