[
    {
        "Bao": {
            "Bao prediction": 452.316,
            "Bao recommended hint": "(no hint)"
        }
    },
    {
        "Plan": {
            "Node Type": "Aggregate",
            "Strategy": "Plain",
            "Partial Mode": "Simple",
            "Parallel Aware": false,
            "Startup Cost": 72614.87,
            "Total Cost": 72614.88,
            "Plan Rows": 1,
            "Plan Width": 64,
            "Actual Startup Time": 236.423,
            "Actual Total Time": 271.439,
            "Actual Rows": 1,
            "Actual Loops": 1,
            "Output": [
                "min(n.name)",
                "min(t.title)"
            ],
            "Plans": [
                {
                    "Node Type": "Nested Loop",
                    "Parent Relationship": "Outer",
                    "Parallel Aware": false,
                    "Join Type": "Inner",
                    "Startup Cost": 1004.44,
                    "Total Cost": 72614.86,
                    "Plan Rows": 1,
                    "Plan Width": 32,
                    "Actual Startup Time": 121.224,
                    "Actual Total Time": 270.83,
                    "Actual Rows": 1452,
                    "Actual Loops": 1,
                    "Output": [
                        "n.name",
                        "t.title"
                    ],
                    "Inner Unique": true,
                    "Join Filter": "(mi.movie_id = t.id)",
                    "Rows Removed by Join Filter": 0,
                    "Plans": [
                        {
                            "Node Type": "Nested Loop",
                            "Parent Relationship": "Outer",
                            "Parallel Aware": false,
                            "Join Type": "Inner",
                            "Startup Cost": 1004.01,
                            "Total Cost": 72614.34,
                            "Plan Rows": 1,
                            "Plan Width": 27,
                            "Actual Startup Time": 121.17,
                            "Actual Total Time": 263.617,
                            "Actual Rows": 1452,
                            "Actual Loops": 1,
                            "Output": [
                                "ci.movie_id",
                                "mc.movie_id",
                                "mi.movie_id",
                                "n.name"
                            ],
                            "Inner Unique": true,
                            "Plans": [
                                {
                                    "Node Type": "Nested Loop",
                                    "Parent Relationship": "Outer",
                                    "Parallel Aware": false,
                                    "Join Type": "Inner",
                                    "Startup Cost": 1003.87,
                                    "Total Cost": 72614.15,
                                    "Plan Rows": 1,
                                    "Plan Width": 31,
                                    "Actual Startup Time": 121.149,
                                    "Actual Total Time": 261.304,
                                    "Actual Rows": 1452,
                                    "Actual Loops": 1,
                                    "Output": [
                                        "ci.movie_id",
                                        "mc.movie_id",
                                        "mi.movie_id",
                                        "mi.info_type_id",
                                        "n.name"
                                    ],
                                    "Inner Unique": true,
                                    "Plans": [
                                        {
                                            "Node Type": "Gather",
                                            "Parent Relationship": "Outer",
                                            "Parallel Aware": false,
                                            "Startup Cost": 1003.44,
                                            "Total Cost": 72613.64,
                                            "Plan Rows": 1,
                                            "Plan Width": 35,
                                            "Actual Startup Time": 121.022,
                                            "Actual Total Time": 257.29,
                                            "Actual Rows": 1452,
                                            "Actual Loops": 1,
                                            "Output": [
                                                "ci.movie_id",
                                                "ci.person_role_id",
                                                "mc.movie_id",
                                                "mi.movie_id",
                                                "mi.info_type_id",
                                                "n.name"
                                            ],
                                            "Workers Planned": 4,
                                            "Workers Launched": 4,
                                            "Single Copy": false,
                                            "Plans": [
                                                {
                                                    "Node Type": "Nested Loop",
                                                    "Parent Relationship": "Outer",
                                                    "Parallel Aware": false,
                                                    "Join Type": "Inner",
                                                    "Startup Cost": 3.44,
                                                    "Total Cost": 71613.54,
                                                    "Plan Rows": 1,
                                                    "Plan Width": 35,
                                                    "Actual Startup Time": 201.095,
                                                    "Actual Total Time": 221.21,
                                                    "Actual Rows": 290,
                                                    "Actual Loops": 5,
                                                    "Output": [
                                                        "ci.movie_id",
                                                        "ci.person_role_id",
                                                        "mc.movie_id",
                                                        "mi.movie_id",
                                                        "mi.info_type_id",
                                                        "n.name"
                                                    ],
                                                    "Inner Unique": false,
                                                    "Join Filter": "(mc.movie_id = mi.movie_id)",
                                                    "Rows Removed by Join Filter": 0,
                                                    "Workers": [
                                                        {
                                                            "Worker Number": 0,
                                                            "Actual Startup Time": 221.147,
                                                            "Actual Total Time": 221.153,
                                                            "Actual Rows": 0,
                                                            "Actual Loops": 1
                                                        },
                                                        {
                                                            "Worker Number": 1,
                                                            "Actual Startup Time": 221.325,
                                                            "Actual Total Time": 221.333,
                                                            "Actual Rows": 0,
                                                            "Actual Loops": 1
                                                        },
                                                        {
                                                            "Worker Number": 2,
                                                            "Actual Startup Time": 221.73,
                                                            "Actual Total Time": 221.737,
                                                            "Actual Rows": 0,
                                                            "Actual Loops": 1
                                                        },
                                                        {
                                                            "Worker Number": 3,
                                                            "Actual Startup Time": 222.138,
                                                            "Actual Total Time": 222.147,
                                                            "Actual Rows": 0,
                                                            "Actual Loops": 1
                                                        }
                                                    ],
                                                    "Plans": [
                                                        {
                                                            "Node Type": "Nested Loop",
                                                            "Parent Relationship": "Outer",
                                                            "Parallel Aware": false,
                                                            "Join Type": "Inner",
                                                            "Startup Cost": 3.0,
                                                            "Total Cost": 71611.88,
                                                            "Plan Rows": 1,
                                                            "Plan Width": 27,
                                                            "Actual Startup Time": 178.102,
                                                            "Actual Total Time": 219.874,
                                                            "Actual Rows": 275,
                                                            "Actual Loops": 5,
                                                            "Output": [
                                                                "ci.movie_id",
                                                                "ci.person_role_id",
                                                                "mc.movie_id",
                                                                "n.name"
                                                            ],
                                                            "Inner Unique": true,
                                                            "Workers": [
                                                                {
                                                                    "Worker Number": 0,
                                                                    "Actual Startup Time": 221.146,
                                                                    "Actual Total Time": 221.151,
                                                                    "Actual Rows": 0,
                                                                    "Actual Loops": 1
                                                                },
                                                                {
                                                                    "Worker Number": 1,
                                                                    "Actual Startup Time": 221.324,
                                                                    "Actual Total Time": 221.331,
                                                                    "Actual Rows": 0,
                                                                    "Actual Loops": 1
                                                                },
                                                                {
                                                                    "Worker Number": 2,
                                                                    "Actual Startup Time": 221.729,
                                                                    "Actual Total Time": 221.735,
                                                                    "Actual Rows": 0,
                                                                    "Actual Loops": 1
                                                                },
                                                                {
                                                                    "Worker Number": 3,
                                                                    "Actual Startup Time": 107.275,
                                                                    "Actual Total Time": 221.229,
                                                                    "Actual Rows": 10,
                                                                    "Actual Loops": 1
                                                                }
                                                            ],
                                                            "Plans": [
                                                                {
                                                                    "Node Type": "Nested Loop",
                                                                    "Parent Relationship": "Outer",
                                                                    "Parallel Aware": false,
                                                                    "Join Type": "Inner",
                                                                    "Startup Cost": 2.58,
                                                                    "Total Cost": 71611.39,
                                                                    "Plan Rows": 1,
                                                                    "Plan Width": 31,
                                                                    "Actual Startup Time": 178.072,
                                                                    "Actual Total Time": 219.175,
                                                                    "Actual Rows": 275,
                                                                    "Actual Loops": 5,
                                                                    "Output": [
                                                                        "ci.movie_id",
                                                                        "ci.person_role_id",
                                                                        "mc.movie_id",
                                                                        "mc.company_id",
                                                                        "n.name"
                                                                    ],
                                                                    "Inner Unique": false,
                                                                    "Workers": [
                                                                        {
                                                                            "Worker Number": 0,
                                                                            "Actual Startup Time": 221.145,
                                                                            "Actual Total Time": 221.15,
                                                                            "Actual Rows": 0,
                                                                            "Actual Loops": 1
                                                                        },
                                                                        {
                                                                            "Worker Number": 1,
                                                                            "Actual Startup Time": 221.323,
                                                                            "Actual Total Time": 221.329,
                                                                            "Actual Rows": 0,
                                                                            "Actual Loops": 1
                                                                        },
                                                                        {
                                                                            "Worker Number": 2,
                                                                            "Actual Startup Time": 221.728,
                                                                            "Actual Total Time": 221.734,
                                                                            "Actual Rows": 0,
                                                                            "Actual Loops": 1
                                                                        },
                                                                        {
                                                                            "Worker Number": 3,
                                                                            "Actual Startup Time": 107.171,
                                                                            "Actual Total Time": 221.037,
                                                                            "Actual Rows": 10,
                                                                            "Actual Loops": 1
                                                                        }
                                                                    ],
                                                                    "Plans": [
                                                                        {
                                                                            "Node Type": "Hash Join",
                                                                            "Parent Relationship": "Outer",
                                                                            "Parallel Aware": false,
                                                                            "Join Type": "Inner",
                                                                            "Startup Cost": 2.15,
                                                                            "Total Cost": 71609.03,
                                                                            "Plan Rows": 4,
                                                                            "Plan Width": 23,
                                                                            "Actual Startup Time": 178.032,
                                                                            "Actual Total Time": 217.885,
                                                                            "Actual Rows": 395,
                                                                            "Actual Loops": 5,
                                                                            "Output": [
                                                                                "ci.movie_id",
                                                                                "ci.person_role_id",
                                                                                "n.name"
                                                                            ],
                                                                            "Inner Unique": true,
                                                                            "Hash Cond": "(ci.role_id = rt.id)",
                                                                            "Workers": [
                                                                                {
                                                                                    "Worker Number": 0,
                                                                                    "Actual Startup Time": 221.144,
                                                                                    "Actual Total Time": 221.148,
                                                                                    "Actual Rows": 0,
                                                                                    "Actual Loops": 1
                                                                                },
                                                                                {
                                                                                    "Worker Number": 1,
                                                                                    "Actual Startup Time": 221.323,
                                                                                    "Actual Total Time": 221.328,
                                                                                    "Actual Rows": 0,
                                                                                    "Actual Loops": 1
                                                                                },
                                                                                {
                                                                                    "Worker Number": 2,
                                                                                    "Actual Startup Time": 221.727,
                                                                                    "Actual Total Time": 221.732,
                                                                                    "Actual Rows": 0,
                                                                                    "Actual Loops": 1
                                                                                },
                                                                                {
                                                                                    "Worker Number": 3,
                                                                                    "Actual Startup Time": 107.044,
                                                                                    "Actual Total Time": 220.364,
                                                                                    "Actual Rows": 18,
                                                                                    "Actual Loops": 1
                                                                                }
                                                                            ],
                                                                            "Plans": [
                                                                                {
                                                                                    "Node Type": "Nested Loop",
                                                                                    "Parent Relationship": "Outer",
                                                                                    "Parallel Aware": false,
                                                                                    "Join Type": "Inner",
                                                                                    "Startup Cost": 0.99,
                                                                                    "Total Cost": 71607.71,
                                                                                    "Plan Rows": 42,
                                                                                    "Plan Width": 27,
                                                                                    "Actual Startup Time": 177.954,
                                                                                    "Actual Total Time": 217.686,
                                                                                    "Actual Rows": 395,
                                                                                    "Actual Loops": 5,
                                                                                    "Output": [
                                                                                        "ci.movie_id",
                                                                                        "ci.role_id",
                                                                                        "ci.person_role_id",
                                                                                        "n.name"
                                                                                    ],
                                                                                    "Inner Unique": false,
                                                                                    "Join Filter": "(n.id = ci.person_id)",
                                                                                    "Rows Removed by Join Filter": 0,
                                                                                    "Workers": [
                                                                                        {
                                                                                            "Worker Number": 0,
                                                                                            "Actual Startup Time": 221.142,
                                                                                            "Actual Total Time": 221.144,
                                                                                            "Actual Rows": 0,
                                                                                            "Actual Loops": 1
                                                                                        },
                                                                                        {
                                                                                            "Worker Number": 1,
                                                                                            "Actual Startup Time": 221.32,
                                                                                            "Actual Total Time": 221.323,
                                                                                            "Actual Rows": 0,
                                                                                            "Actual Loops": 1
                                                                                        },
                                                                                        {
                                                                                            "Worker Number": 2,
                                                                                            "Actual Startup Time": 221.725,
                                                                                            "Actual Total Time": 221.729,
                                                                                            "Actual Rows": 0,
                                                                                            "Actual Loops": 1
                                                                                        },
                                                                                        {
                                                                                            "Worker Number": 3,
                                                                                            "Actual Startup Time": 106.77,
                                                                                            "Actual Total Time": 220.076,
                                                                                            "Actual Rows": 20,
                                                                                            "Actual Loops": 1
                                                                                        }
                                                                                    ],
                                                                                    "Plans": [
                                                                                        {
                                                                                            "Node Type": "Nested Loop",
                                                                                            "Parent Relationship": "Outer",
                                                                                            "Parallel Aware": false,
                                                                                            "Join Type": "Inner",
                                                                                            "Startup Cost": 0.42,
                                                                                            "Total Cost": 71538.77,
                                                                                            "Plan Rows": 5,
                                                                                            "Plan Width": 23,
                                                                                            "Actual Startup Time": 154.771,
                                                                                            "Actual Total Time": 217.187,
                                                                                            "Actual Rows": 2,
                                                                                            "Actual Loops": 5,
                                                                                            "Output": [
                                                                                                "an.person_id",
                                                                                                "n.name",
                                                                                                "n.id"
                                                                                            ],
                                                                                            "Inner Unique": false,
                                                                                            "Workers": [
                                                                                                {
                                                                                                    "Worker Number": 0,
                                                                                                    "Actual Startup Time": 221.141,
                                                                                                    "Actual Total Time": 221.143,
                                                                                                    "Actual Rows": 0,
                                                                                                    "Actual Loops": 1
                                                                                                },
                                                                                                {
                                                                                                    "Worker Number": 1,
                                                                                                    "Actual Startup Time": 105.731,
                                                                                                    "Actual Total Time": 221.038,
                                                                                                    "Actual Rows": 4,
                                                                                                    "Actual Loops": 1
                                                                                                },
                                                                                                {
                                                                                                    "Worker Number": 2,
                                                                                                    "Actual Startup Time": 221.725,
                                                                                                    "Actual Total Time": 221.727,
                                                                                                    "Actual Rows": 0,
                                                                                                    "Actual Loops": 1
                                                                                                },
                                                                                                {
                                                                                                    "Worker Number": 3,
                                                                                                    "Actual Startup Time": 106.56,
                                                                                                    "Actual Total Time": 219.683,
                                                                                                    "Actual Rows": 2,
                                                                                                    "Actual Loops": 1
                                                                                                }
                                                                                            ],
                                                                                            "Plans": [
                                                                                                {
                                                                                                    "Node Type": "Seq Scan",
                                                                                                    "Parent Relationship": "Outer",
                                                                                                    "Parallel Aware": true,
                                                                                                    "Relation Name": "name",
                                                                                                    "Schema": "public",
                                                                                                    "Alias": "n",
                                                                                                    "Startup Cost": 0.0,
                                                                                                    "Total Cost": 71241.41,
                                                                                                    "Plan Rows": 24,
                                                                                                    "Plan Width": 19,
                                                                                                    "Actual Startup Time": 107.102,
                                                                                                    "Actual Total Time": 216.989,
                                                                                                    "Actual Rows": 7,
                                                                                                    "Actual Loops": 5,
                                                                                                    "Output": [
                                                                                                        "n.id",
                                                                                                        "n.name",
                                                                                                        "n.imdb_index",
                                                                                                        "n.imdb_id",
                                                                                                        "n.gender",
                                                                                                        "n.name_pcode_cf",
                                                                                                        "n.name_pcode_nf",
                                                                                                        "n.surname_pcode",
                                                                                                        "n.md5sum"
                                                                                                    ],
                                                                                                    "Filter": "((n.name ~~ '%Conn,%'::text) AND ((n.gender)::text = 'f'::text))",
                                                                                                    "Rows Removed by Filter": 833491,
                                                                                                    "Workers": [
                                                                                                        {
                                                                                                            "Worker Number": 0,
                                                                                                            "Actual Startup Time": 105.356,
                                                                                                            "Actual Total Time": 220.958,
                                                                                                            "Actual Rows": 8,
                                                                                                            "Actual Loops": 1
                                                                                                        },
                                                                                                        {
                                                                                                            "Worker Number": 1,
                                                                                                            "Actual Startup Time": 105.553,
                                                                                                            "Actual Total Time": 220.798,
                                                                                                            "Actual Rows": 3,
                                                                                                            "Actual Loops": 1
                                                                                                        },
                                                                                                        {
                                                                                                            "Worker Number": 2,
                                                                                                            "Actual Startup Time": 105.98,
                                                                                                            "Actual Total Time": 221.592,
                                                                                                            "Actual Rows": 7,
                                                                                                            "Actual Loops": 1
                                                                                                        },
                                                                                                        {
                                                                                                            "Worker Number": 3,
                                                                                                            "Actual Startup Time": 106.373,
                                                                                                            "Actual Total Time": 219.434,
                                                                                                            "Actual Rows": 4,
                                                                                                            "Actual Loops": 1
                                                                                                        }
                                                                                                    ]
                                                                                                },
                                                                                                {
                                                                                                    "Node Type": "Index Only Scan",
                                                                                                    "Parent Relationship": "Inner",
                                                                                                    "Parallel Aware": false,
                                                                                                    "Scan Direction": "Forward",
                                                                                                    "Index Name": "person_id_aka_name",
                                                                                                    "Relation Name": "aka_name",
                                                                                                    "Schema": "public",
                                                                                                    "Alias": "an",
                                                                                                    "Startup Cost": 0.42,
                                                                                                    "Total Cost": 12.37,
                                                                                                    "Plan Rows": 2,
                                                                                                    "Plan Width": 4,
                                                                                                    "Actual Startup Time": 0.024,
                                                                                                    "Actual Total Time": 0.025,
                                                                                                    "Actual Rows": 0,
                                                                                                    "Actual Loops": 36,
                                                                                                    "Output": [
                                                                                                        "an.person_id"
                                                                                                    ],
                                                                                                    "Index Cond": "(an.person_id = n.id)",
                                                                                                    "Rows Removed by Index Recheck": 0,
                                                                                                    "Heap Fetches": 8,
                                                                                                    "Workers": [
                                                                                                        {
                                                                                                            "Worker Number": 0,
                                                                                                            "Actual Startup Time": 0.021,
                                                                                                            "Actual Total Time": 0.021,
                                                                                                            "Actual Rows": 0,
                                                                                                            "Actual Loops": 8
                                                                                                        },
                                                                                                        {
                                                                                                            "Worker Number": 1,
                                                                                                            "Actual Startup Time": 0.068,
                                                                                                            "Actual Total Time": 0.075,
                                                                                                            "Actual Rows": 1,
                                                                                                            "Actual Loops": 3
                                                                                                        },
                                                                                                        {
                                                                                                            "Worker Number": 2,
                                                                                                            "Actual Startup Time": 0.018,
                                                                                                            "Actual Total Time": 0.018,
                                                                                                            "Actual Rows": 0,
                                                                                                            "Actual Loops": 7
                                                                                                        },
                                                                                                        {
                                                                                                            "Worker Number": 3,
                                                                                                            "Actual Startup Time": 0.054,
                                                                                                            "Actual Total Time": 0.058,
                                                                                                            "Actual Rows": 0,
                                                                                                            "Actual Loops": 4
                                                                                                        }
                                                                                                    ]
                                                                                                }
                                                                                            ]
                                                                                        },
                                                                                        {
                                                                                            "Node Type": "Index Scan",
                                                                                            "Parent Relationship": "Inner",
                                                                                            "Parallel Aware": false,
                                                                                            "Scan Direction": "Forward",
                                                                                            "Index Name": "person_id_cast_info",
                                                                                            "Relation Name": "cast_info",
                                                                                            "Schema": "public",
                                                                                            "Alias": "ci",
                                                                                            "Startup Cost": 0.56,
                                                                                            "Total Cost": 13.29,
                                                                                            "Plan Rows": 40,
                                                                                            "Plan Width": 16,
                                                                                            "Actual Startup Time": 0.079,
                                                                                            "Actual Total Time": 0.258,
                                                                                            "Actual Rows": 247,
                                                                                            "Actual Loops": 8,
                                                                                            "Output": [
                                                                                                "ci.id",
                                                                                                "ci.person_id",
                                                                                                "ci.movie_id",
                                                                                                "ci.person_role_id",
                                                                                                "ci.note",
                                                                                                "ci.nr_order",
                                                                                                "ci.role_id"
                                                                                            ],
                                                                                            "Index Cond": "(ci.person_id = an.person_id)",
                                                                                            "Rows Removed by Index Recheck": 0,
                                                                                            "Filter": "(ci.note = ANY ('{\"(executive producer)\",(voice),(producer),\"(as Terri Colombino)\"}'::text[]))",
                                                                                            "Rows Removed by Filter": 244,
                                                                                            "Workers": [
                                                                                                {
                                                                                                    "Worker Number": 1,
                                                                                                    "Actual Startup Time": 0.07,
                                                                                                    "Actual Total Time": 0.07,
                                                                                                    "Actual Rows": 0,
                                                                                                    "Actual Loops": 4
                                                                                                },
                                                                                                {
                                                                                                    "Worker Number": 3,
                                                                                                    "Actual Startup Time": 0.111,
                                                                                                    "Actual Total Time": 0.19,
                                                                                                    "Actual Rows": 10,
                                                                                                    "Actual Loops": 2
                                                                                                }
                                                                                            ]
                                                                                        }
                                                                                    ]
                                                                                },
                                                                                {
                                                                                    "Node Type": "Hash",
                                                                                    "Parent Relationship": "Inner",
                                                                                    "Parallel Aware": false,
                                                                                    "Startup Cost": 1.15,
                                                                                    "Total Cost": 1.15,
                                                                                    "Plan Rows": 1,
                                                                                    "Plan Width": 4,
                                                                                    "Actual Startup Time": 0.042,
                                                                                    "Actual Total Time": 0.043,
                                                                                    "Actual Rows": 1,
                                                                                    "Actual Loops": 2,
                                                                                    "Output": [
                                                                                        "rt.id"
                                                                                    ],
                                                                                    "Hash Buckets": 1024,
                                                                                    "Original Hash Buckets": 1024,
                                                                                    "Hash Batches": 1,
                                                                                    "Original Hash Batches": 1,
                                                                                    "Peak Memory Usage": 9,
                                                                                    "Workers": [
                                                                                        {
                                                                                            "Worker Number": 3,
                                                                                            "Actual Startup Time": 0.054,
                                                                                            "Actual Total Time": 0.055,
                                                                                            "Actual Rows": 1,
                                                                                            "Actual Loops": 1
                                                                                        }
                                                                                    ],
                                                                                    "Plans": [
                                                                                        {
                                                                                            "Node Type": "Seq Scan",
                                                                                            "Parent Relationship": "Outer",
                                                                                            "Parallel Aware": false,
                                                                                            "Relation Name": "role_type",
                                                                                            "Schema": "public",
                                                                                            "Alias": "rt",
                                                                                            "Startup Cost": 0.0,
                                                                                            "Total Cost": 1.15,
                                                                                            "Plan Rows": 1,
                                                                                            "Plan Width": 4,
                                                                                            "Actual Startup Time": 0.028,
                                                                                            "Actual Total Time": 0.03,
                                                                                            "Actual Rows": 1,
                                                                                            "Actual Loops": 2,
                                                                                            "Output": [
                                                                                                "rt.id"
                                                                                            ],
                                                                                            "Filter": "((rt.role)::text = 'actress'::text)",
                                                                                            "Rows Removed by Filter": 11,
                                                                                            "Workers": [
                                                                                                {
                                                                                                    "Worker Number": 3,
                                                                                                    "Actual Startup Time": 0.037,
                                                                                                    "Actual Total Time": 0.04,
                                                                                                    "Actual Rows": 1,
                                                                                                    "Actual Loops": 1
                                                                                                }
                                                                                            ]
                                                                                        }
                                                                                    ]
                                                                                }
                                                                            ]
                                                                        },
                                                                        {
                                                                            "Node Type": "Index Scan",
                                                                            "Parent Relationship": "Inner",
                                                                            "Parallel Aware": false,
                                                                            "Scan Direction": "Forward",
                                                                            "Index Name": "movie_id_movie_companies",
                                                                            "Relation Name": "movie_companies",
                                                                            "Schema": "public",
                                                                            "Alias": "mc",
                                                                            "Startup Cost": 0.43,
                                                                            "Total Cost": 0.58,
                                                                            "Plan Rows": 1,
                                                                            "Plan Width": 8,
                                                                            "Actual Startup Time": 0.003,
                                                                            "Actual Total Time": 0.003,
                                                                            "Actual Rows": 1,
                                                                            "Actual Loops": 1974,
                                                                            "Output": [
                                                                                "mc.id",
                                                                                "mc.movie_id",
                                                                                "mc.company_id",
                                                                                "mc.company_type_id",
                                                                                "mc.note"
                                                                            ],
                                                                            "Index Cond": "(mc.movie_id = ci.movie_id)",
                                                                            "Rows Removed by Index Recheck": 0,
                                                                            "Filter": "((mc.note IS NOT NULL) AND ((mc.note ~~ '%(USA)%'::text) OR (mc.note ~~ '%(worldwide)%'::text)))",
                                                                            "Rows Removed by Filter": 0,
                                                                            "Workers": [
                                                                                {
                                                                                    "Worker Number": 3,
                                                                                    "Actual Startup Time": 0.033,
                                                                                    "Actual Total Time": 0.036,
                                                                                    "Actual Rows": 1,
                                                                                    "Actual Loops": 18
                                                                                }
                                                                            ]
                                                                        }
                                                                    ]
                                                                },
                                                                {
                                                                    "Node Type": "Index Scan",
                                                                    "Parent Relationship": "Inner",
                                                                    "Parallel Aware": false,
                                                                    "Scan Direction": "Forward",
                                                                    "Index Name": "company_name_pkey",
                                                                    "Relation Name": "company_name",
                                                                    "Schema": "public",
                                                                    "Alias": "cn",
                                                                    "Startup Cost": 0.42,
                                                                    "Total Cost": 0.49,
                                                                    "Plan Rows": 1,
                                                                    "Plan Width": 4,
                                                                    "Actual Startup Time": 0.002,
                                                                    "Actual Total Time": 0.002,
                                                                    "Actual Rows": 1,
                                                                    "Actual Loops": 1376,
                                                                    "Output": [
                                                                        "cn.id",
                                                                        "cn.name",
                                                                        "cn.country_code",
                                                                        "cn.imdb_id",
                                                                        "cn.name_pcode_nf",
                                                                        "cn.name_pcode_sf",
                                                                        "cn.md5sum"
                                                                    ],
                                                                    "Index Cond": "(cn.id = mc.company_id)",
                                                                    "Rows Removed by Index Recheck": 0,
                                                                    "Filter": "((cn.country_code)::text = '[us]'::text)",
                                                                    "Rows Removed by Filter": 0,
                                                                    "Workers": [
                                                                        {
                                                                            "Worker Number": 3,
                                                                            "Actual Startup Time": 0.018,
                                                                            "Actual Total Time": 0.018,
                                                                            "Actual Rows": 1,
                                                                            "Actual Loops": 10
                                                                        }
                                                                    ]
                                                                }
                                                            ]
                                                        },
                                                        {
                                                            "Node Type": "Index Scan",
                                                            "Parent Relationship": "Inner",
                                                            "Parallel Aware": false,
                                                            "Scan Direction": "Forward",
                                                            "Index Name": "movie_id_movie_info",
                                                            "Relation Name": "movie_info",
                                                            "Schema": "public",
                                                            "Alias": "mi",
                                                            "Startup Cost": 0.43,
                                                            "Total Cost": 1.65,
                                                            "Plan Rows": 1,
                                                            "Plan Width": 8,
                                                            "Actual Startup Time": 0.004,
                                                            "Actual Total Time": 0.004,
                                                            "Actual Rows": 1,
                                                            "Actual Loops": 1376,
                                                            "Output": [
                                                                "mi.id",
                                                                "mi.movie_id",
                                                                "mi.info_type_id",
                                                                "mi.info",
                                                                "mi.note"
                                                            ],
                                                            "Index Cond": "(mi.movie_id = ci.movie_id)",
                                                            "Rows Removed by Index Recheck": 0,
                                                            "Filter": "((mi.info IS NOT NULL) AND ((mi.info ~~ 'Japan:%200%'::text) OR (mi.info ~~ 'USA:%200%'::text)))",
                                                            "Rows Removed by Filter": 1,
                                                            "Workers": [
                                                                {
                                                                    "Worker Number": 3,
                                                                    "Actual Startup Time": 0.091,
                                                                    "Actual Total Time": 0.091,
                                                                    "Actual Rows": 0,
                                                                    "Actual Loops": 10
                                                                }
                                                            ]
                                                        }
                                                    ]
                                                }
                                            ]
                                        },
                                        {
                                            "Node Type": "Index Only Scan",
                                            "Parent Relationship": "Inner",
                                            "Parallel Aware": false,
                                            "Scan Direction": "Forward",
                                            "Index Name": "char_name_pkey",
                                            "Relation Name": "char_name",
                                            "Schema": "public",
                                            "Alias": "chn",
                                            "Startup Cost": 0.43,
                                            "Total Cost": 0.51,
                                            "Plan Rows": 1,
                                            "Plan Width": 4,
                                            "Actual Startup Time": 0.002,
                                            "Actual Total Time": 0.002,
                                            "Actual Rows": 1,
                                            "Actual Loops": 1452,
                                            "Output": [
                                                "chn.id"
                                            ],
                                            "Index Cond": "(chn.id = ci.person_role_id)",
                                            "Rows Removed by Index Recheck": 0,
                                            "Heap Fetches": 1452
                                        }
                                    ]
                                },
                                {
                                    "Node Type": "Index Scan",
                                    "Parent Relationship": "Inner",
                                    "Parallel Aware": false,
                                    "Scan Direction": "Forward",
                                    "Index Name": "info_type_pkey",
                                    "Relation Name": "info_type",
                                    "Schema": "public",
                                    "Alias": "it",
                                    "Startup Cost": 0.14,
                                    "Total Cost": 0.16,
                                    "Plan Rows": 1,
                                    "Plan Width": 4,
                                    "Actual Startup Time": 0.001,
                                    "Actual Total Time": 0.001,
                                    "Actual Rows": 1,
                                    "Actual Loops": 1452,
                                    "Output": [
                                        "it.id",
                                        "it.info"
                                    ],
                                    "Index Cond": "(it.id = mi.info_type_id)",
                                    "Rows Removed by Index Recheck": 0,
                                    "Filter": "((it.info)::text = 'release dates'::text)",
                                    "Rows Removed by Filter": 0
                                }
                            ]
                        },
                        {
                            "Node Type": "Index Scan",
                            "Parent Relationship": "Inner",
                            "Parallel Aware": false,
                            "Scan Direction": "Forward",
                            "Index Name": "title_pkey",
                            "Relation Name": "title",
                            "Schema": "public",
                            "Alias": "t",
                            "Startup Cost": 0.43,
                            "Total Cost": 0.51,
                            "Plan Rows": 1,
                            "Plan Width": 21,
                            "Actual Startup Time": 0.004,
                            "Actual Total Time": 0.004,
                            "Actual Rows": 1,
                            "Actual Loops": 1452,
                            "Output": [
                                "t.id",
                                "t.title",
                                "t.imdb_index",
                                "t.kind_id",
                                "t.production_year",
                                "t.imdb_id",
                                "t.phonetic_code",
                                "t.episode_of_id",
                                "t.season_nr",
                                "t.episode_nr",
                                "t.series_years",
                                "t.md5sum"
                            ],
                            "Index Cond": "(t.id = ci.movie_id)",
                            "Rows Removed by Index Recheck": 0,
                            "Filter": "((t.production_year >= 1997) AND (t.production_year <= 2011))",
                            "Rows Removed by Filter": 0
                        }
                    ]
                }
            ]
        },
        "Planning Time": 2257.624,
        "Triggers": [],
        "Execution Time": 272.35
    }
]