{
  "Plan": {
    "Node Type": "Aggregate",
    "Strategy": "Plain",
    "Partial Mode": "Finalize",
    "Parallel Aware": false,
    "Startup Cost": 1780467.23,
    "Total Cost": 1780467.24,
    "Plan Rows": 1,
    "Plan Width": 8,
    "Actual Startup Time": 18927.693,
    "Actual Total Time": 18987.779,
    "Actual Rows": 1,
    "Actual Loops": 1,
    "Plans": [
      {
        "Node Type": "Gather",
        "Parent Relationship": "Outer",
        "Parallel Aware": false,
        "Startup Cost": 1780467.12,
        "Total Cost": 1780467.23,
        "Plan Rows": 1,
        "Plan Width": 8,
        "Actual Startup Time": 18911.112,
        "Actual Total Time": 18987.771,
        "Actual Rows": 2,
        "Actual Loops": 1,
        "Workers Planned": 1,
        "Workers Launched": 1,
        "Single Copy": false,
        "Plans": [
          {
            "Node Type": "Aggregate",
            "Strategy": "Plain",
            "Partial Mode": "Partial",
            "Parent Relationship": "Outer",
            "Parallel Aware": false,
            "Startup Cost": 1779467.12,
            "Total Cost": 1779467.13,
            "Plan Rows": 1,
            "Plan Width": 8,
            "Actual Startup Time": 18905.258,
            "Actual Total Time": 18905.263,
            "Actual Rows": 1,
            "Actual Loops": 2,
            "Plans": [
              {
                "Node Type": "Merge Join",
                "Parent Relationship": "Outer",
                "Parallel Aware": false,
                "Join Type": "Inner",
                "Startup Cost": 537137.68,
                "Total Cost": 1750555.74,
                "Plan Rows": 11564549,
                "Plan Width": 0,
                "Actual Startup Time": 2320.895,
                "Actual Total Time": 15576.604,
                "Actual Rows": 86867314,
                "Actual Loops": 2,
                "Inner Unique": false,
                "Merge Cond": "(mi.movie_id = t.id)",
                "Plans": [
                  {
                    "Node Type": "Index Only Scan",
                    "Parent Relationship": "Outer",
                    "Parallel Aware": true,
                    "Scan Direction": "Forward",
                    "Index Name": "movie_id_movie_info",
                    "Relation Name": "movie_info",
                    "Alias": "mi",
                    "Startup Cost": 0.43,
                    "Total Cost": 1018223.42,
                    "Plan Rows": 8696274,
                    "Plan Width": 4,
                    "Actual Startup Time": 0.091,
                    "Actual Total Time": 2570.128,
                    "Actual Rows": 7417283,
                    "Actual Loops": 2,
                    "Heap Fetches": 14834566
                  },
                  {
                    "Node Type": "Sort",
                    "Parent Relationship": "Inner",
                    "Parallel Aware": false,
                    "Startup Cost": 537136.49,
                    "Total Cost": 545541.98,
                    "Plan Rows": 3362195,
                    "Plan Width": 8,
                    "Actual Startup Time": 2320.75,
                    "Actual Total Time": 5203.87,
                    "Actual Rows": 88367155,
                    "Actual Loops": 2,
                    "Sort Key": [
                      "mk.movie_id"
                    ],
                    "Sort Method": "quicksort",
                    "Sort Space Used": 240867,
                    "Sort Space Type": "Memory",
                    "Workers": [
                      {
                        "Worker Number": 0,
                        "Sort Method": "quicksort",
                        "Sort Space Used": 240867,
                        "Sort Space Type": "Memory"
                      }
                    ],
                    "Plans": [
                      {
                        "Node Type": "Hash Join",
                        "Parent Relationship": "Outer",
                        "Parallel Aware": false,
                        "Join Type": "Inner",
                        "Startup Cost": 91089.58,
                        "Total Cost": 172658.21,
                        "Plan Rows": 3362195,
                        "Plan Width": 8,
                        "Actual Startup Time": 755.36,
                        "Actual Total Time": 1744.776,
                        "Actual Rows": 3041326,
                        "Actual Loops": 2,
                        "Inner Unique": true,
                        "Hash Cond": "(mk.movie_id = t.id)",
                        "Plans": [
                          {
                            "Node Type": "Seq Scan",
                            "Parent Relationship": "Outer",
                            "Parallel Aware": false,
                            "Relation Name": "movie_keyword",
                            "Alias": "mk",
                            "Startup Cost": 0.0,
                            "Total Cost": 69693.3,
                            "Plan Rows": 4523930,
                            "Plan Width": 4,
                            "Actual Startup Time": 0.038,
                            "Actual Total Time": 305.521,
                            "Actual Rows": 4523930,
                            "Actual Loops": 2
                          },
                          {
                            "Node Type": "Hash",
                            "Parent Relationship": "Inner",
                            "Parallel Aware": false,
                            "Startup Cost": 67601.66,
                            "Total Cost": 67601.66,
                            "Plan Rows": 1879033,
                            "Plan Width": 4,
                            "Actual Startup Time": 743.673,
                            "Actual Total Time": 743.675,
                            "Actual Rows": 1871198,
                            "Actual Loops": 2,
                            "Hash Buckets": 2097152,
                            "Original Hash Buckets": 2097152,
                            "Hash Batches": 1,
                            "Original Hash Batches": 1,
                            "Peak Memory Usage": 82169,
                            "Plans": [
                              {
                                "Node Type": "Seq Scan",
                                "Parent Relationship": "Outer",
                                "Parallel Aware": false,
                                "Relation Name": "title",
                                "Alias": "t",
                                "Startup Cost": 0.0,
                                "Total Cost": 67601.66,
                                "Plan Rows": 1879033,
                                "Plan Width": 4,
                                "Actual Startup Time": 0.037,
                                "Actual Total Time": 326.435,
                                "Actual Rows": 1871198,
                                "Actual Loops": 2,
                                "Filter": "(production_year > 1984)",
                                "Rows Removed by Filter": 657114
                              }
                            ]
                          }
                        ]
                      }
                    ]
                  }
                ]
              }
            ]
          }
        ]
      }
    ]
  },
  "Planning Time": 0.826,
  "Triggers": [],
  "Execution Time": 19013.581
}