[
  {
    "Plan": {
      "Node Type": "Aggregate",
      "Strategy": "Plain",
      "Partial Mode": "Finalize",
      "Parallel Aware": false,
      "Startup Cost": 46171.46,
      "Total Cost": 46171.47,
      "Plan Rows": 1,
      "Plan Width": 8,
      "Actual Startup Time": 174.148,
      "Actual Total Time": 184.846,
      "Actual Rows": 1,
      "Actual Loops": 1,
      "Plans": [
        {
          "Node Type": "Gather",
          "Parent Relationship": "Outer",
          "Parallel Aware": false,
          "Startup Cost": 46171.14,
          "Total Cost": 46171.45,
          "Plan Rows": 3,
          "Plan Width": 8,
          "Actual Startup Time": 173.896,
          "Actual Total Time": 184.835,
          "Actual Rows": 4,
          "Actual Loops": 1,
          "Workers Planned": 3,
          "Workers Launched": 3,
          "Single Copy": false,
          "Plans": [
            {
              "Node Type": "Aggregate",
              "Strategy": "Plain",
              "Partial Mode": "Partial",
              "Parent Relationship": "Outer",
              "Parallel Aware": false,
              "Startup Cost": 45171.14,
              "Total Cost": 45171.15,
              "Plan Rows": 1,
              "Plan Width": 8,
              "Actual Startup Time": 168.25,
              "Actual Total Time": 168.252,
              "Actual Rows": 1,
              "Actual Loops": 4,
              "Plans": [
                {
                  "Node Type": "Seq Scan",
                  "Parent Relationship": "Outer",
                  "Parallel Aware": true,
                  "Relation Name": "movie_keyword",
                  "Alias": "mk",
                  "Startup Cost": 0.0,
                  "Total Cost": 42695.65,
                  "Plan Rows": 990195,
                  "Plan Width": 0,
                  "Actual Startup Time": 0.042,
                  "Actual Total Time": 129.322,
                  "Actual Rows": 769036,
                  "Actual Loops": 4,
                  "Filter": "(keyword_id < 11540)",
                  "Rows Removed by Filter": 361946
                }
              ]
            }
          ]
        }
      ]
    },
    "Planning Time": 0.078,
    "Triggers": [],
    "Execution Time": 184.874
  }
]