[
  {
    "Plan": {
      "Node Type": "Aggregate",
      "Strategy": "Plain",
      "Partial Mode": "Finalize",
      "Parallel Aware": false,
      "Startup Cost": 382886.52,
      "Total Cost": 382886.53,
      "Plan Rows": 1,
      "Plan Width": 8,
      "Actual Startup Time": 1089.833,
      "Actual Total Time": 1150.381,
      "Actual Rows": 1,
      "Actual Loops": 1,
      "Plans": [
        {
          "Node Type": "Gather",
          "Parent Relationship": "Outer",
          "Parallel Aware": false,
          "Startup Cost": 382885.9,
          "Total Cost": 382886.51,
          "Plan Rows": 6,
          "Plan Width": 8,
          "Actual Startup Time": 1086.776,
          "Actual Total Time": 1150.371,
          "Actual Rows": 7,
          "Actual Loops": 1,
          "Workers Planned": 6,
          "Workers Launched": 6,
          "Single Copy": false,
          "Plans": [
            {
              "Node Type": "Aggregate",
              "Strategy": "Plain",
              "Partial Mode": "Partial",
              "Parent Relationship": "Outer",
              "Parallel Aware": false,
              "Startup Cost": 381885.9,
              "Total Cost": 381885.91,
              "Plan Rows": 1,
              "Plan Width": 8,
              "Actual Startup Time": 1075.902,
              "Actual Total Time": 1075.905,
              "Actual Rows": 1,
              "Actual Loops": 7,
              "Plans": [
                {
                  "Node Type": "Hash Join",
                  "Parent Relationship": "Outer",
                  "Parallel Aware": true,
                  "Join Type": "Inner",
                  "Startup Cost": 45975.09,
                  "Total Cost": 380334.84,
                  "Plan Rows": 620422,
                  "Plan Width": 0,
                  "Actual Startup Time": 118.254,
                  "Actual Total Time": 1053.655,
                  "Actual Rows": 519300,
                  "Actual Loops": 7,
                  "Inner Unique": true,
                  "Hash Cond": "(ci.movie_id = t.id)",
                  "Plans": [
                    {
                      "Node Type": "Seq Scan",
                      "Parent Relationship": "Outer",
                      "Parallel Aware": true,
                      "Relation Name": "cast_info",
                      "Alias": "ci",
                      "Startup Cost": 0.0,
                      "Total Cost": 328162.03,
                      "Plan Rows": 2361034,
                      "Plan Width": 4,
                      "Actual Startup Time": 0.023,
                      "Actual Total Time": 507.264,
                      "Actual Rows": 2023224,
                      "Actual Loops": 7,
                      "Filter": "(person_id < 1394493)",
                      "Rows Removed by Filter": 3154540
                    },
                    {
                      "Node Type": "Hash",
                      "Parent Relationship": "Inner",
                      "Parallel Aware": true,
                      "Startup Cost": 43898.92,
                      "Total Cost": 43898.92,
                      "Plan Rows": 166094,
                      "Plan Width": 4,
                      "Actual Startup Time": 114.771,
                      "Actual Total Time": 114.772,
                      "Actual Rows": 94581,
                      "Actual Loops": 7,
                      "Hash Buckets": 1048576,
                      "Original Hash Buckets": 1048576,
                      "Hash Batches": 1,
                      "Original Hash Batches": 1,
                      "Peak Memory Usage": 34208,
                      "Plans": [
                        {
                          "Node Type": "Seq Scan",
                          "Parent Relationship": "Outer",
                          "Parallel Aware": true,
                          "Relation Name": "title",
                          "Alias": "t",
                          "Startup Cost": 0.0,
                          "Total Cost": 43898.92,
                          "Plan Rows": 166094,
                          "Plan Width": 4,
                          "Actual Startup Time": 0.041,
                          "Actual Total Time": 71.5,
                          "Actual Rows": 94581,
                          "Actual Loops": 7,
                          "Filter": "(production_year > 2008)",
                          "Rows Removed by Filter": 266607
                        }
                      ]
                    }
                  ]
                }
              ]
            }
          ]
        }
      ]
    },
    "Planning Time": 0.55,
    "Triggers": [],
    "Execution Time": 1150.465
  }
]