[
  {
    "Plan": {
      "Node Type": "Aggregate",
      "Strategy": "Plain",
      "Partial Mode": "Finalize",
      "Parallel Aware": false,
      "Startup Cost": 323703.51,
      "Total Cost": 323703.52,
      "Plan Rows": 1,
      "Plan Width": 8,
      "Actual Startup Time": 286.111,
      "Actual Total Time": 342.277,
      "Actual Rows": 1,
      "Actual Loops": 1,
      "Plans": [
        {
          "Node Type": "Gather",
          "Parent Relationship": "Outer",
          "Parallel Aware": false,
          "Startup Cost": 323703.09,
          "Total Cost": 323703.5,
          "Plan Rows": 4,
          "Plan Width": 8,
          "Actual Startup Time": 285.707,
          "Actual Total Time": 342.264,
          "Actual Rows": 5,
          "Actual Loops": 1,
          "Workers Planned": 4,
          "Workers Launched": 4,
          "Single Copy": false,
          "Plans": [
            {
              "Node Type": "Aggregate",
              "Strategy": "Plain",
              "Partial Mode": "Partial",
              "Parent Relationship": "Outer",
              "Parallel Aware": false,
              "Startup Cost": 322703.09,
              "Total Cost": 322703.1,
              "Plan Rows": 1,
              "Plan Width": 8,
              "Actual Startup Time": 278.847,
              "Actual Total Time": 278.848,
              "Actual Rows": 1,
              "Actual Loops": 5,
              "Plans": [
                {
                  "Node Type": "Nested Loop",
                  "Parent Relationship": "Outer",
                  "Parallel Aware": false,
                  "Join Type": "Inner",
                  "Startup Cost": 0.56,
                  "Total Cost": 322576.75,
                  "Plan Rows": 50538,
                  "Plan Width": 0,
                  "Actual Startup Time": 0.245,
                  "Actual Total Time": 275.811,
                  "Actual Rows": 36427,
                  "Actual Loops": 5,
                  "Inner Unique": false,
                  "Plans": [
                    {
                      "Node Type": "Seq Scan",
                      "Parent Relationship": "Outer",
                      "Parallel Aware": true,
                      "Relation Name": "title",
                      "Alias": "t",
                      "Startup Cost": 0.0,
                      "Total Cost": 45479.59,
                      "Plan Rows": 4630,
                      "Plan Width": 4,
                      "Actual Startup Time": 0.069,
                      "Actual Total Time": 73.172,
                      "Actual Rows": 2623,
                      "Actual Loops": 5,
                      "Filter": "((kind_id < 4) AND (production_year = 2000))",
                      "Rows Removed by Filter": 503039
                    },
                    {
                      "Node Type": "Index Scan",
                      "Parent Relationship": "Inner",
                      "Parallel Aware": false,
                      "Scan Direction": "Forward",
                      "Index Name": "movie_id_cast_info",
                      "Relation Name": "cast_info",
                      "Alias": "ci",
                      "Startup Cost": 0.56,
                      "Total Cost": 59.58,
                      "Plan Rows": 27,
                      "Plan Width": 4,
                      "Actual Startup Time": 0.013,
                      "Actual Total Time": 0.075,
                      "Actual Rows": 14,
                      "Actual Loops": 13117,
                      "Index Cond": "(movie_id = t.id)",
                      "Rows Removed by Index Recheck": 0,
                      "Filter": "(person_id < 2831956)",
                      "Rows Removed by Filter": 5
                    }
                  ]
                }
              ]
            }
          ]
        }
      ]
    },
    "Planning Time": 0.296,
    "Triggers": [],
    "Execution Time": 342.33
  }
]