{
  "Plan": {
    "Node Type": "Aggregate",
    "Strategy": "Plain",
    "Partial Mode": "Simple",
    "Parallel Aware": false,
    "Startup Cost": 96802.76,
    "Total Cost": 96802.77,
    "Plan Rows": 1,
    "Plan Width": 64,
    "Actual Startup Time": 1015.001,
    "Actual Total Time": 1104.099,
    "Actual Rows": 1,
    "Actual Loops": 1,
    "Plans": [
      {
        "Node Type": "Gather",
        "Parent Relationship": "Outer",
        "Parallel Aware": false,
        "Startup Cost": 9619.75,
        "Total Cost": 96802.76,
        "Plan Rows": 1,
        "Plan Width": 15,
        "Actual Startup Time": 788.815,
        "Actual Total Time": 1102.49,
        "Actual Rows": 23291,
        "Actual Loops": 1,
        "Workers Planned": 1,
        "Workers Launched": 1,
        "Single Copy": false,
        "Plans": [
          {
            "Node Type": "Hash Join",
            "Parent Relationship": "Outer",
            "Parallel Aware": true,
            "Join Type": "Inner",
            "Startup Cost": 8619.75,
            "Total Cost": 95802.66,
            "Plan Rows": 1,
            "Plan Width": 15,
            "Actual Startup Time": 782.9,
            "Actual Total Time": 1004.388,
            "Actual Rows": 11646,
            "Actual Loops": 2,
            "Inner Unique": false,
            "Hash Cond": "(n.id = ci.person_id)",
            "Plans": [
              {
                "Node Type": "Seq Scan",
                "Parent Relationship": "Outer",
                "Parallel Aware": true,
                "Relation Name": "name",
                "Alias": "n",
                "Startup Cost": 0.0,
                "Total Cost": 86254.38,
                "Plan Rows": 247607,
                "Plan Width": 19,
                "Actual Startup Time": 82.59,
                "Actual Total Time": 251.522,
                "Actual Rows": 202634,
                "Actual Loops": 2,
                "Filter": "(name ~~ 'S%'::text)",
                "Rows Removed by Filter": 1881112
              },
              {
                "Node Type": "Hash",
                "Parent Relationship": "Inner",
                "Parallel Aware": true,
                "Startup Cost": 8619.65,
                "Total Cost": 8619.65,
                "Plan Rows": 8,
                "Plan Width": 4,
                "Actual Startup Time": 699.265,
                "Actual Total Time": 699.274,
                "Actual Rows": 114866,
                "Actual Loops": 2,
                "Hash Buckets": 262144,
                "Original Hash Buckets": 1024,
                "Hash Batches": 1,
                "Original Hash Batches": 1,
                "Peak Memory Usage": 13112,
                "Plans": [
                  {
                    "Node Type": "Nested Loop",
                    "Parent Relationship": "Outer",
                    "Parallel Aware": false,
                    "Join Type": "Inner",
                    "Startup Cost": 3806.82,
                    "Total Cost": 8619.65,
                    "Plan Rows": 8,
                    "Plan Width": 4,
                    "Actual Startup Time": 352.63,
                    "Actual Total Time": 587.687,
                    "Actual Rows": 114866,
                    "Actual Loops": 2,
                    "Inner Unique": false,
                    "Join Filter": "(t.id = ci.movie_id)",
                    "Rows Removed by Join Filter": 0,
                    "Plans": [
                      {
                        "Node Type": "Hash Join",
                        "Parent Relationship": "Outer",
                        "Parallel Aware": false,
                        "Join Type": "Inner",
                        "Startup Cost": 3806.26,
                        "Total Cost": 8617.72,
                        "Plan Rows": 1,
                        "Plan Width": 12,
                        "Actual Startup Time": 352.564,
                        "Actual Total Time": 366.706,
                        "Actual Rows": 2242,
                        "Actual Loops": 2,
                        "Inner Unique": false,
                        "Hash Cond": "(cn.id = mc.company_id)",
                        "Plans": [
                          {
                            "Node Type": "Seq Scan",
                            "Parent Relationship": "Outer",
                            "Parallel Aware": true,
                            "Relation Name": "company_name",
                            "Alias": "cn",
                            "Startup Cost": 0.0,
                            "Total Cost": 4722.92,
                            "Plan Rows": 3935,
                            "Plan Width": 4,
                            "Actual Startup Time": 0.027,
                            "Actual Total Time": 12.047,
                            "Actual Rows": 3376,
                            "Actual Loops": 2,
                            "Filter": "((country_code)::text = '[jp]'::text)",
                            "Rows Removed by Filter": 114122
                          },
                          {
                            "Node Type": "Hash",
                            "Parent Relationship": "Inner",
                            "Parallel Aware": false,
                            "Startup Cost": 3805.82,
                            "Total Cost": 3805.82,
                            "Plan Rows": 35,
                            "Plan Width": 16,
                            "Actual Startup Time": 352.505,
                            "Actual Total Time": 352.511,
                            "Actual Rows": 148552,
                            "Actual Loops": 2,
                            "Hash Buckets": 262144,
                            "Original Hash Buckets": 1024,
                            "Hash Batches": 1,
                            "Original Hash Batches": 1,
                            "Peak Memory Usage": 9012,
                            "Plans": [
                              {
                                "Node Type": "Nested Loop",
                                "Parent Relationship": "Outer",
                                "Parallel Aware": false,
                                "Join Type": "Inner",
                                "Startup Cost": 11.68,
                                "Total Cost": 3805.82,
                                "Plan Rows": 35,
                                "Plan Width": 16,
                                "Actual Startup Time": 13.114,
                                "Actual Total Time": 325.757,
                                "Actual Rows": 148552,
                                "Actual Loops": 2,
                                "Inner Unique": false,
                                "Join Filter": "(t.id = mc.movie_id)",
                                "Rows Removed by Join Filter": 0,
                                "Plans": [
                                  {
                                    "Node Type": "Nested Loop",
                                    "Parent Relationship": "Outer",
                                    "Parallel Aware": false,
                                    "Join Type": "Inner",
                                    "Startup Cost": 11.25,
                                    "Total Cost": 3785.25,
                                    "Plan Rows": 34,
                                    "Plan Width": 8,
                                    "Actual Startup Time": 12.991,
                                    "Actual Total Time": 172.85,
                                    "Actual Rows": 41840,
                                    "Actual Loops": 2,
                                    "Inner Unique": true,
                                    "Plans": [
                                      {
                                        "Node Type": "Nested Loop",
                                        "Parent Relationship": "Outer",
                                        "Parallel Aware": false,
                                        "Join Type": "Inner",
                                        "Startup Cost": 10.82,
                                        "Total Cost": 3768.68,
                                        "Plan Rows": 34,
                                        "Plan Width": 4,
                                        "Actual Startup Time": 12.912,
                                        "Actual Total Time": 49.399,
                                        "Actual Rows": 41840,
                                        "Actual Loops": 2,
                                        "Inner Unique": false,
                                        "Plans": [
                                          {
                                            "Node Type": "Seq Scan",
                                            "Parent Relationship": "Outer",
                                            "Parallel Aware": false,
                                            "Relation Name": "keyword",
                                            "Alias": "k",
                                            "Startup Cost": 0.0,
                                            "Total Cost": 2626.12,
                                            "Plan Rows": 1,
                                            "Plan Width": 4,
                                            "Actual Startup Time": 1.471,
                                            "Actual Total Time": 9.799,
                                            "Actual Rows": 1,
                                            "Actual Loops": 2,
                                            "Filter": "(keyword = 'character-name-in-title'::text)",
                                            "Rows Removed by Filter": 134169
                                          },
                                          {
                                            "Node Type": "Bitmap Heap Scan",
                                            "Parent Relationship": "Inner",
                                            "Parallel Aware": false,
                                            "Relation Name": "movie_keyword",
                                            "Alias": "mk",
                                            "Startup Cost": 10.82,
                                            "Total Cost": 1139.48,
                                            "Plan Rows": 308,
                                            "Plan Width": 8,
                                            "Actual Startup Time": 11.428,
                                            "Actual Total Time": 35.618,
                                            "Actual Rows": 41840,
                                            "Actual Loops": 2,
                                            "Recheck Cond": "(keyword_id = k.id)",
                                            "Rows Removed by Index Recheck": 0,
                                            "Exact Heap Blocks": 11541,
                                            "Lossy Heap Blocks": 0,
                                            "Plans": [
                                              {
                                                "Node Type": "Bitmap Index Scan",
                                                "Parent Relationship": "Outer",
                                                "Parallel Aware": false,
                                                "Index Name": "keyword_id_movie_keyword",
                                                "Startup Cost": 0.0,
                                                "Total Cost": 10.74,
                                                "Plan Rows": 308,
                                                "Plan Width": 0,
                                                "Actual Startup Time": 8.049,
                                                "Actual Total Time": 8.049,
                                                "Actual Rows": 41840,
                                                "Actual Loops": 2,
                                                "Index Cond": "(keyword_id = k.id)"
                                              }
                                            ]
                                          }
                                        ]
                                      },
                                      {
                                        "Node Type": "Index Only Scan",
                                        "Parent Relationship": "Inner",
                                        "Parallel Aware": false,
                                        "Scan Direction": "Forward",
                                        "Index Name": "title_pkey",
                                        "Relation Name": "title",
                                        "Alias": "t",
                                        "Startup Cost": 0.43,
                                        "Total Cost": 0.49,
                                        "Plan Rows": 1,
                                        "Plan Width": 4,
                                        "Actual Startup Time": 0.003,
                                        "Actual Total Time": 0.003,
                                        "Actual Rows": 1,
                                        "Actual Loops": 83680,
                                        "Index Cond": "(id = mk.movie_id)",
                                        "Rows Removed by Index Recheck": 0,
                                        "Heap Fetches": 83680
                                      }
                                    ]
                                  },
                                  {
                                    "Node Type": "Index Scan",
                                    "Parent Relationship": "Inner",
                                    "Parallel Aware": false,
                                    "Scan Direction": "Forward",
                                    "Index Name": "movie_id_movie_companies",
                                    "Relation Name": "movie_companies",
                                    "Alias": "mc",
                                    "Startup Cost": 0.43,
                                    "Total Cost": 0.54,
                                    "Plan Rows": 5,
                                    "Plan Width": 8,
                                    "Actual Startup Time": 0.002,
                                    "Actual Total Time": 0.003,
                                    "Actual Rows": 4,
                                    "Actual Loops": 83680,
                                    "Index Cond": "(movie_id = mk.movie_id)",
                                    "Rows Removed by Index Recheck": 0
                                  }
                                ]
                              }
                            ]
                          }
                        ]
                      },
                      {
                        "Node Type": "Index Scan",
                        "Parent Relationship": "Inner",
                        "Parallel Aware": false,
                        "Scan Direction": "Forward",
                        "Index Name": "movie_id_cast_info",
                        "Relation Name": "cast_info",
                        "Alias": "ci",
                        "Startup Cost": 0.56,
                        "Total Cost": 1.5,
                        "Plan Rows": 34,
                        "Plan Width": 8,
                        "Actual Startup Time": 0.008,
                        "Actual Total Time": 0.091,
                        "Actual Rows": 51,
                        "Actual Loops": 4485,
                        "Index Cond": "(movie_id = mk.movie_id)",
                        "Rows Removed by Index Recheck": 0
                      }
                    ]
                  }
                ]
              }
            ]
          }
        ]
      }
    ]
  },
  "Planning Time": 1.773,
  "Triggers": [],
  "Execution Time": 1104.385
}