{
  "Plan": {
    "Node Type": "Aggregate",
    "Strategy": "Plain",
    "Partial Mode": "Finalize",
    "Parallel Aware": false,
    "Startup Cost": 473148.53,
    "Total Cost": 473148.54,
    "Plan Rows": 1,
    "Plan Width": 8,
    "Actual Startup Time": 1774.104,
    "Actual Total Time": 1801.665,
    "Actual Rows": 1,
    "Actual Loops": 1,
    "Plans": [
      {
        "Node Type": "Gather",
        "Parent Relationship": "Outer",
        "Parallel Aware": false,
        "Startup Cost": 473148.41,
        "Total Cost": 473148.52,
        "Plan Rows": 1,
        "Plan Width": 8,
        "Actual Startup Time": 1773.838,
        "Actual Total Time": 1801.658,
        "Actual Rows": 2,
        "Actual Loops": 1,
        "Workers Planned": 1,
        "Workers Launched": 1,
        "Single Copy": false,
        "Plans": [
          {
            "Node Type": "Aggregate",
            "Strategy": "Plain",
            "Partial Mode": "Partial",
            "Parent Relationship": "Outer",
            "Parallel Aware": false,
            "Startup Cost": 472148.41,
            "Total Cost": 472148.42,
            "Plan Rows": 1,
            "Plan Width": 8,
            "Actual Startup Time": 1768.019,
            "Actual Total Time": 1768.022,
            "Actual Rows": 1,
            "Actual Loops": 2,
            "Plans": [
              {
                "Node Type": "Hash Join",
                "Parent Relationship": "Outer",
                "Parallel Aware": true,
                "Join Type": "Inner",
                "Startup Cost": 59026.5,
                "Total Cost": 471563.52,
                "Plan Rows": 233956,
                "Plan Width": 0,
                "Actual Startup Time": 151.373,
                "Actual Total Time": 1755.144,
                "Actual Rows": 280242,
                "Actual Loops": 2,
                "Inner Unique": true,
                "Hash Cond": "(ci.movie_id = t.id)",
                "Plans": [
                  {
                    "Node Type": "Index Scan",
                    "Parent Relationship": "Outer",
                    "Parallel Aware": true,
                    "Scan Direction": "Forward",
                    "Index Name": "role_id_cast_info",
                    "Relation Name": "cast_info",
                    "Alias": "ci",
                    "Startup Cost": 0.56,
                    "Total Cost": 396668.75,
                    "Plan Rows": 6045264,
                    "Plan Width": 4,
                    "Actual Startup Time": 0.078,
                    "Actual Total Time": 912.224,
                    "Actual Rows": 5424448,
                    "Actual Loops": 2,
                    "Index Cond": "(role_id > 3)",
                    "Rows Removed by Index Recheck": 0,
                    "Filter": "(person_id > 602204)",
                    "Rows Removed by Filter": 632374
                  },
                  {
                    "Node Type": "Hash",
                    "Parent Relationship": "Inner",
                    "Parallel Aware": true,
                    "Startup Cost": 58306.47,
                    "Total Cost": 58306.47,
                    "Plan Rows": 57557,
                    "Plan Width": 4,
                    "Actual Startup Time": 148.962,
                    "Actual Total Time": 148.963,
                    "Actual Rows": 55201,
                    "Actual Loops": 2,
                    "Hash Buckets": 131072,
                    "Original Hash Buckets": 131072,
                    "Hash Batches": 1,
                    "Original Hash Batches": 1,
                    "Peak Memory Usage": 5376,
                    "Plans": [
                      {
                        "Node Type": "Seq Scan",
                        "Parent Relationship": "Outer",
                        "Parallel Aware": true,
                        "Relation Name": "title",
                        "Alias": "t",
                        "Startup Cost": 0.0,
                        "Total Cost": 58306.47,
                        "Plan Rows": 57557,
                        "Plan Width": 4,
                        "Actual Startup Time": 0.039,
                        "Actual Total Time": 133.922,
                        "Actual Rows": 55201,
                        "Actual Loops": 2,
                        "Filter": "((kind_id = 7) AND (production_year = 2012))",
                        "Rows Removed by Filter": 1208955
                      }
                    ]
                  }
                ]
              }
            ]
          }
        ]
      }
    ]
  },
  "Planning Time": 0.502,
  "Triggers": [],
  "Execution Time": 1801.749
}