[
  {
    "Plan": {
      "Node Type": "Aggregate",
      "Strategy": "Plain",
      "Partial Mode": "Finalize",
      "Parallel Aware": false,
      "Startup Cost": 628098.19,
      "Total Cost": 628098.2,
      "Plan Rows": 1,
      "Plan Width": 8,
      "Actual Startup Time": 9884.562,
      "Actual Total Time": 9965.63,
      "Actual Rows": 1,
      "Actual Loops": 1,
      "Plans": [
        {
          "Node Type": "Gather",
          "Parent Relationship": "Outer",
          "Parallel Aware": false,
          "Startup Cost": 628097.57,
          "Total Cost": 628098.18,
          "Plan Rows": 6,
          "Plan Width": 8,
          "Actual Startup Time": 9830.662,
          "Actual Total Time": 9965.615,
          "Actual Rows": 7,
          "Actual Loops": 1,
          "Workers Planned": 6,
          "Workers Launched": 6,
          "Single Copy": false,
          "Plans": [
            {
              "Node Type": "Aggregate",
              "Strategy": "Plain",
              "Partial Mode": "Partial",
              "Parent Relationship": "Outer",
              "Parallel Aware": false,
              "Startup Cost": 627097.57,
              "Total Cost": 627097.58,
              "Plan Rows": 1,
              "Plan Width": 8,
              "Actual Startup Time": 9808.094,
              "Actual Total Time": 9808.889,
              "Actual Rows": 1,
              "Actual Loops": 7,
              "Plans": [
                {
                  "Node Type": "Hash Join",
                  "Parent Relationship": "Outer",
                  "Parallel Aware": true,
                  "Join Type": "Inner",
                  "Startup Cost": 255058.73,
                  "Total Cost": 606914.62,
                  "Plan Rows": 8073178,
                  "Plan Width": 0,
                  "Actual Startup Time": 1284.092,
                  "Actual Total Time": 8245.254,
                  "Actual Rows": 39712556,
                  "Actual Loops": 7,
                  "Inner Unique": false,
                  "Hash Cond": "(ci.movie_id = t.id)",
                  "Plans": [
                    {
                      "Node Type": "Seq Scan",
                      "Parent Relationship": "Outer",
                      "Parallel Aware": true,
                      "Relation Name": "cast_info",
                      "Alias": "ci",
                      "Startup Cost": 0.0,
                      "Total Cost": 313067.02,
                      "Plan Rows": 6038002,
                      "Plan Width": 4,
                      "Actual Startup Time": 0.021,
                      "Actual Total Time": 511.288,
                      "Actual Rows": 5177763,
                      "Actual Loops": 7
                    },
                    {
                      "Node Type": "Hash",
                      "Parent Relationship": "Inner",
                      "Parallel Aware": true,
                      "Startup Cost": 246607.51,
                      "Total Cost": 246607.51,
                      "Plan Rows": 676097,
                      "Plan Width": 8,
                      "Actual Startup Time": 1277.059,
                      "Actual Total Time": 1277.852,
                      "Actual Rows": 847154,
                      "Actual Loops": 7,
                      "Hash Buckets": 8388608,
                      "Original Hash Buckets": 4194304,
                      "Hash Batches": 1,
                      "Original Hash Batches": 1,
                      "Peak Memory Usage": 330400,
                      "Plans": [
                        {
                          "Node Type": "Hash Join",
                          "Parent Relationship": "Outer",
                          "Parallel Aware": true,
                          "Join Type": "Inner",
                          "Startup Cost": 47285.75,
                          "Total Cost": 246607.51,
                          "Plan Rows": 676097,
                          "Plan Width": 8,
                          "Actual Startup Time": 122.62,
                          "Actual Total Time": 859.734,
                          "Actual Rows": 847154,
                          "Actual Loops": 7,
                          "Inner Unique": true,
                          "Hash Cond": "(mi.movie_id = t.id)",
                          "Plans": [
                            {
                              "Node Type": "Seq Scan",
                              "Parent Relationship": "Outer",
                              "Parallel Aware": true,
                              "Relation Name": "movie_info",
                              "Alias": "mi",
                              "Startup Cost": 0.0,
                              "Total Cost": 191560.33,
                              "Plan Rows": 2956733,
                              "Plan Width": 4,
                              "Actual Startup Time": 0.03,
                              "Actual Total Time": 289.596,
                              "Actual Rows": 2119389,
                              "Actual Loops": 7
                            },
                            {
                              "Node Type": "Hash",
                              "Parent Relationship": "Inner",
                              "Parallel Aware": true,
                              "Startup Cost": 45479.1,
                              "Total Cost": 45479.1,
                              "Plan Rows": 144532,
                              "Plan Width": 4,
                              "Actual Startup Time": 111.04,
                              "Actual Total Time": 111.041,
                              "Actual Rows": 65815,
                              "Actual Loops": 7,
                              "Hash Buckets": 1048576,
                              "Original Hash Buckets": 1048576,
                              "Hash Batches": 1,
                              "Original Hash Batches": 1,
                              "Peak Memory Usage": 26336,
                              "Plans": [
                                {
                                  "Node Type": "Seq Scan",
                                  "Parent Relationship": "Outer",
                                  "Parallel Aware": true,
                                  "Relation Name": "title",
                                  "Alias": "t",
                                  "Startup Cost": 0.0,
                                  "Total Cost": 45479.1,
                                  "Plan Rows": 144532,
                                  "Plan Width": 4,
                                  "Actual Startup Time": 43.966,
                                  "Actual Total Time": 80.46,
                                  "Actual Rows": 65815,
                                  "Actual Loops": 7,
                                  "Filter": "((production_year > 1961) AND (kind_id = 1))",
                                  "Rows Removed by Filter": 295373
                                }
                              ]
                            }
                          ]
                        }
                      ]
                    }
                  ]
                }
              ]
            }
          ]
        }
      ]
    },
    "Planning Time": 1.287,
    "Triggers": [],
    "Execution Time": 9965.721
  }
]