{
  "Plan": {
    "Node Type": "Aggregate",
    "Strategy": "Plain",
    "Partial Mode": "Finalize",
    "Parallel Aware": false,
    "Startup Cost": 21815.7,
    "Total Cost": 21815.71,
    "Plan Rows": 1,
    "Plan Width": 8,
    "Actual Startup Time": 25.556,
    "Actual Total Time": 29.089,
    "Actual Rows": 1,
    "Actual Loops": 1,
    "Plans": [
      {
        "Node Type": "Gather",
        "Parent Relationship": "Outer",
        "Parallel Aware": false,
        "Startup Cost": 21815.59,
        "Total Cost": 21815.7,
        "Plan Rows": 1,
        "Plan Width": 8,
        "Actual Startup Time": 25.259,
        "Actual Total Time": 29.079,
        "Actual Rows": 2,
        "Actual Loops": 1,
        "Workers Planned": 1,
        "Workers Launched": 1,
        "Single Copy": false,
        "Plans": [
          {
            "Node Type": "Aggregate",
            "Strategy": "Plain",
            "Partial Mode": "Partial",
            "Parent Relationship": "Outer",
            "Parallel Aware": false,
            "Startup Cost": 20815.59,
            "Total Cost": 20815.6,
            "Plan Rows": 1,
            "Plan Width": 8,
            "Actual Startup Time": 19.22,
            "Actual Total Time": 19.222,
            "Actual Rows": 1,
            "Actual Loops": 2,
            "Plans": [
              {
                "Node Type": "Nested Loop",
                "Parent Relationship": "Outer",
                "Parallel Aware": false,
                "Join Type": "Inner",
                "Startup Cost": 63.1,
                "Total Cost": 20815.32,
                "Plan Rows": 108,
                "Plan Width": 0,
                "Actual Startup Time": 2.811,
                "Actual Total Time": 19.188,
                "Actual Rows": 78,
                "Actual Loops": 2,
                "Inner Unique": true,
                "Plans": [
                  {
                    "Node Type": "Bitmap Heap Scan",
                    "Parent Relationship": "Outer",
                    "Parallel Aware": true,
                    "Relation Name": "movie_companies",
                    "Alias": "mc",
                    "Startup Cost": 62.67,
                    "Total Cost": 7737.43,
                    "Plan Rows": 1688,
                    "Plan Width": 4,
                    "Actual Startup Time": 1.634,
                    "Actual Total Time": 5.371,
                    "Actual Rows": 1206,
                    "Actual Loops": 2,
                    "Recheck Cond": "(company_id = 708)",
                    "Rows Removed by Index Recheck": 0,
                    "Exact Heap Blocks": 1234,
                    "Lossy Heap Blocks": 0,
                    "Plans": [
                      {
                        "Node Type": "Bitmap Index Scan",
                        "Parent Relationship": "Outer",
                        "Parallel Aware": false,
                        "Index Name": "company_id_movie_companies",
                        "Startup Cost": 0.0,
                        "Total Cost": 61.95,
                        "Plan Rows": 2870,
                        "Plan Width": 0,
                        "Actual Startup Time": 2.429,
                        "Actual Total Time": 2.43,
                        "Actual Rows": 2411,
                        "Actual Loops": 1,
                        "Index Cond": "(company_id = 708)"
                      }
                    ]
                  },
                  {
                    "Node Type": "Index Scan",
                    "Parent Relationship": "Inner",
                    "Parallel Aware": false,
                    "Scan Direction": "Forward",
                    "Index Name": "title_pkey",
                    "Relation Name": "title",
                    "Alias": "t",
                    "Startup Cost": 0.43,
                    "Total Cost": 7.75,
                    "Plan Rows": 1,
                    "Plan Width": 4,
                    "Actual Startup Time": 0.011,
                    "Actual Total Time": 0.011,
                    "Actual Rows": 0,
                    "Actual Loops": 2411,
                    "Index Cond": "(id = mc.movie_id)",
                    "Rows Removed by Index Recheck": 0,
                    "Filter": "(production_year = 2011)",
                    "Rows Removed by Filter": 1
                  }
                ]
              }
            ]
          }
        ]
      }
    ]
  },
  "Planning Time": 0.474,
  "Triggers": [],
  "Execution Time": 29.191
}