[
  {
    "Plan": {
      "Node Type": "Aggregate",
      "Strategy": "Plain",
      "Partial Mode": "Finalize",
      "Parallel Aware": false,
      "Startup Cost": 47578.94,
      "Total Cost": 47578.95,
      "Plan Rows": 1,
      "Plan Width": 8,
      "Actual Startup Time": 106.945,
      "Actual Total Time": 121.063,
      "Actual Rows": 1,
      "Actual Loops": 1,
      "Plans": [
        {
          "Node Type": "Gather",
          "Parent Relationship": "Outer",
          "Parallel Aware": false,
          "Startup Cost": 47578.52,
          "Total Cost": 47578.93,
          "Plan Rows": 4,
          "Plan Width": 8,
          "Actual Startup Time": 106.819,
          "Actual Total Time": 121.054,
          "Actual Rows": 5,
          "Actual Loops": 1,
          "Workers Planned": 4,
          "Workers Launched": 4,
          "Single Copy": false,
          "Plans": [
            {
              "Node Type": "Aggregate",
              "Strategy": "Plain",
              "Partial Mode": "Partial",
              "Parent Relationship": "Outer",
              "Parallel Aware": false,
              "Startup Cost": 46578.52,
              "Total Cost": 46578.53,
              "Plan Rows": 1,
              "Plan Width": 8,
              "Actual Startup Time": 96.966,
              "Actual Total Time": 96.968,
              "Actual Rows": 1,
              "Actual Loops": 5,
              "Plans": [
                {
                  "Node Type": "Nested Loop",
                  "Parent Relationship": "Outer",
                  "Parallel Aware": false,
                  "Join Type": "Inner",
                  "Startup Cost": 0.86,
                  "Total Cost": 46577.88,
                  "Plan Rows": 254,
                  "Plan Width": 0,
                  "Actual Startup Time": 60.651,
                  "Actual Total Time": 96.713,
                  "Actual Rows": 4130,
                  "Actual Loops": 5,
                  "Inner Unique": false,
                  "Join Filter": "(t.id = mi.movie_id)",
                  "Rows Removed by Join Filter": 0,
                  "Plans": [
                    {
                      "Node Type": "Nested Loop",
                      "Parent Relationship": "Outer",
                      "Parallel Aware": false,
                      "Join Type": "Inner",
                      "Startup Cost": 0.43,
                      "Total Cost": 46462.19,
                      "Plan Rows": 44,
                      "Plan Width": 8,
                      "Actual Startup Time": 60.552,
                      "Actual Total Time": 87.381,
                      "Actual Rows": 215,
                      "Actual Loops": 5,
                      "Inner Unique": false,
                      "Plans": [
                        {
                          "Node Type": "Seq Scan",
                          "Parent Relationship": "Outer",
                          "Parallel Aware": true,
                          "Relation Name": "title",
                          "Alias": "t",
                          "Startup Cost": 0.0,
                          "Total Cost": 45479.1,
                          "Plan Rows": 119,
                          "Plan Width": 4,
                          "Actual Startup Time": 58.741,
                          "Actual Total Time": 82.946,
                          "Actual Rows": 560,
                          "Actual Loops": 5,
                          "Filter": "((kind_id = 1) AND (production_year = 1929))",
                          "Rows Removed by Filter": 505102
                        },
                        {
                          "Node Type": "Index Scan",
                          "Parent Relationship": "Inner",
                          "Parallel Aware": false,
                          "Scan Direction": "Forward",
                          "Index Name": "movie_id_movie_info_idx",
                          "Relation Name": "movie_info_idx",
                          "Alias": "mi_idx",
                          "Startup Cost": 0.43,
                          "Total Cost": 8.24,
                          "Plan Rows": 2,
                          "Plan Width": 4,
                          "Actual Startup Time": 0.007,
                          "Actual Total Time": 0.007,
                          "Actual Rows": 0,
                          "Actual Loops": 2800,
                          "Index Cond": "(movie_id = t.id)",
                          "Rows Removed by Index Recheck": 0,
                          "Filter": "(info_type_id > 99)",
                          "Rows Removed by Filter": 0
                        }
                      ]
                    },
                    {
                      "Node Type": "Index Only Scan",
                      "Parent Relationship": "Inner",
                      "Parallel Aware": false,
                      "Scan Direction": "Forward",
                      "Index Name": "movie_id_movie_info",
                      "Relation Name": "movie_info",
                      "Alias": "mi",
                      "Startup Cost": 0.43,
                      "Total Cost": 2.1,
                      "Plan Rows": 42,
                      "Plan Width": 4,
                      "Actual Startup Time": 0.013,
                      "Actual Total Time": 0.041,
                      "Actual Rows": 19,
                      "Actual Loops": 1074,
                      "Index Cond": "(movie_id = mi_idx.movie_id)",
                      "Rows Removed by Index Recheck": 0,
                      "Heap Fetches": 20648
                    }
                  ]
                }
              ]
            }
          ]
        }
      ]
    },
    "Planning Time": 1.331,
    "Triggers": [],
    "Execution Time": 121.162
  }
]