[
  {
    "Plan": {
      "Node Type": "Aggregate",
      "Strategy": "Plain",
      "Partial Mode": "Finalize",
      "Parallel Aware": false,
      "Startup Cost": 32334.18,
      "Total Cost": 32334.19,
      "Plan Rows": 1,
      "Plan Width": 8,
      "Actual Startup Time": 137.435,
      "Actual Total Time": 146.348,
      "Actual Rows": 1,
      "Actual Loops": 1,
      "Plans": [
        {
          "Node Type": "Gather",
          "Parent Relationship": "Outer",
          "Parallel Aware": false,
          "Startup Cost": 32333.87,
          "Total Cost": 32334.18,
          "Plan Rows": 3,
          "Plan Width": 8,
          "Actual Startup Time": 137.337,
          "Actual Total Time": 146.338,
          "Actual Rows": 4,
          "Actual Loops": 1,
          "Workers Planned": 3,
          "Workers Launched": 3,
          "Single Copy": false,
          "Plans": [
            {
              "Node Type": "Aggregate",
              "Strategy": "Plain",
              "Partial Mode": "Partial",
              "Parent Relationship": "Outer",
              "Parallel Aware": false,
              "Startup Cost": 31333.87,
              "Total Cost": 31333.88,
              "Plan Rows": 1,
              "Plan Width": 8,
              "Actual Startup Time": 129.783,
              "Actual Total Time": 129.784,
              "Actual Rows": 1,
              "Actual Loops": 4,
              "Plans": [
                {
                  "Node Type": "Seq Scan",
                  "Parent Relationship": "Outer",
                  "Parallel Aware": true,
                  "Relation Name": "movie_companies",
                  "Alias": "mc",
                  "Startup Cost": 0.0,
                  "Total Cost": 29310.68,
                  "Plan Rows": 809274,
                  "Plan Width": 0,
                  "Actual Startup Time": 0.043,
                  "Actual Total Time": 94.978,
                  "Actual Rows": 628560,
                  "Actual Loops": 4,
                  "Filter": "(company_id < 160665)",
                  "Rows Removed by Filter": 23722
                }
              ]
            }
          ]
        }
      ]
    },
    "Planning Time": 0.191,
    "Triggers": [],
    "Execution Time": 146.413
  }
]