[
  {
    "Plan": {
      "Node Type": "Aggregate",
      "Strategy": "Plain",
      "Partial Mode": "Finalize",
      "Parallel Aware": false,
      "Startup Cost": 33141.88,
      "Total Cost": 33141.89,
      "Plan Rows": 1,
      "Plan Width": 8,
      "Actual Startup Time": 95.374,
      "Actual Total Time": 102.843,
      "Actual Rows": 1,
      "Actual Loops": 1,
      "Plans": [
        {
          "Node Type": "Gather",
          "Parent Relationship": "Outer",
          "Parallel Aware": false,
          "Startup Cost": 33141.57,
          "Total Cost": 33141.88,
          "Plan Rows": 3,
          "Plan Width": 8,
          "Actual Startup Time": 95.246,
          "Actual Total Time": 102.835,
          "Actual Rows": 4,
          "Actual Loops": 1,
          "Workers Planned": 3,
          "Workers Launched": 3,
          "Single Copy": false,
          "Plans": [
            {
              "Node Type": "Aggregate",
              "Strategy": "Plain",
              "Partial Mode": "Partial",
              "Parent Relationship": "Outer",
              "Parallel Aware": false,
              "Startup Cost": 32141.57,
              "Total Cost": 32141.58,
              "Plan Rows": 1,
              "Plan Width": 8,
              "Actual Startup Time": 87.516,
              "Actual Total Time": 87.517,
              "Actual Rows": 1,
              "Actual Loops": 4,
              "Plans": [
                {
                  "Node Type": "Seq Scan",
                  "Parent Relationship": "Outer",
                  "Parallel Aware": true,
                  "Relation Name": "movie_companies",
                  "Alias": "mc",
                  "Startup Cost": 0.0,
                  "Total Cost": 31414.82,
                  "Plan Rows": 290699,
                  "Plan Width": 0,
                  "Actual Startup Time": 1.23,
                  "Actual Total Time": 78.648,
                  "Actual Rows": 183518,
                  "Actual Loops": 4,
                  "Filter": "((company_id > 1625) AND (company_type_id = 1))",
                  "Rows Removed by Filter": 468765
                }
              ]
            }
          ]
        }
      ]
    },
    "Planning Time": 0.197,
    "Triggers": [],
    "Execution Time": 102.968
  }
]