{
  "Plan": {
    "Node Type": "Aggregate",
    "Strategy": "Plain",
    "Partial Mode": "Simple",
    "Parallel Aware": false,
    "Startup Cost": 1729.27,
    "Total Cost": 1729.28,
    "Plan Rows": 1,
    "Plan Width": 8,
    "Actual Startup Time": 1.726,
    "Actual Total Time": 1.728,
    "Actual Rows": 1,
    "Actual Loops": 1,
    "Plans": [
      {
        "Node Type": "Nested Loop",
        "Parent Relationship": "Outer",
        "Parallel Aware": false,
        "Join Type": "Inner",
        "Startup Cost": 1.42,
        "Total Cost": 1729.27,
        "Plan Rows": 1,
        "Plan Width": 0,
        "Actual Startup Time": 0.457,
        "Actual Total Time": 1.72,
        "Actual Rows": 4,
        "Actual Loops": 1,
        "Inner Unique": false,
        "Plans": [
          {
            "Node Type": "Nested Loop",
            "Parent Relationship": "Outer",
            "Parallel Aware": false,
            "Join Type": "Inner",
            "Startup Cost": 0.99,
            "Total Cost": 1727.42,
            "Plan Rows": 1,
            "Plan Width": 8,
            "Actual Startup Time": 0.41,
            "Actual Total Time": 1.623,
            "Actual Rows": 2,
            "Actual Loops": 1,
            "Inner Unique": true,
            "Plans": [
              {
                "Node Type": "Index Scan",
                "Parent Relationship": "Outer",
                "Parallel Aware": false,
                "Scan Direction": "Forward",
                "Index Name": "person_id_cast_info",
                "Relation Name": "cast_info",
                "Alias": "ci",
                "Startup Cost": 0.56,
                "Total Cost": 1059.67,
                "Plan Rows": 79,
                "Plan Width": 4,
                "Actual Startup Time": 0.086,
                "Actual Total Time": 0.178,
                "Actual Rows": 132,
                "Actual Loops": 1,
                "Index Cond": "(person_id = 140182)",
                "Rows Removed by Index Recheck": 0,
                "Filter": "(role_id > 8)",
                "Rows Removed by Filter": 3
              },
              {
                "Node Type": "Index Scan",
                "Parent Relationship": "Inner",
                "Parallel Aware": false,
                "Scan Direction": "Forward",
                "Index Name": "title_pkey",
                "Relation Name": "title",
                "Alias": "t",
                "Startup Cost": 0.43,
                "Total Cost": 8.45,
                "Plan Rows": 1,
                "Plan Width": 4,
                "Actual Startup Time": 0.01,
                "Actual Total Time": 0.01,
                "Actual Rows": 0,
                "Actual Loops": 132,
                "Index Cond": "(id = ci.movie_id)",
                "Rows Removed by Index Recheck": 0,
                "Filter": "((kind_id = 1) AND (production_year = 2012))",
                "Rows Removed by Filter": 1
              }
            ]
          },
          {
            "Node Type": "Index Scan",
            "Parent Relationship": "Inner",
            "Parallel Aware": false,
            "Scan Direction": "Forward",
            "Index Name": "movie_id_movie_info_idx",
            "Relation Name": "movie_info_idx",
            "Alias": "mi_idx",
            "Startup Cost": 0.43,
            "Total Cost": 1.83,
            "Plan Rows": 2,
            "Plan Width": 4,
            "Actual Startup Time": 0.042,
            "Actual Total Time": 0.046,
            "Actual Rows": 2,
            "Actual Loops": 2,
            "Index Cond": "(movie_id = t.id)",
            "Rows Removed by Index Recheck": 0,
            "Filter": "(info_type_id < 101)",
            "Rows Removed by Filter": 2
          }
        ]
      }
    ]
  },
  "Planning Time": 0.968,
  "Triggers": [],
  "Execution Time": 1.798
}