{
  "Plan": {
    "Node Type": "Aggregate",
    "Strategy": "Plain",
    "Partial Mode": "Finalize",
    "Parallel Aware": false,
    "Startup Cost": 921905.56,
    "Total Cost": 921905.57,
    "Plan Rows": 1,
    "Plan Width": 8,
    "Actual Startup Time": 2715.636,
    "Actual Total Time": 2781.012,
    "Actual Rows": 1,
    "Actual Loops": 1,
    "Plans": [
      {
        "Node Type": "Gather",
        "Parent Relationship": "Outer",
        "Parallel Aware": false,
        "Startup Cost": 921905.44,
        "Total Cost": 921905.55,
        "Plan Rows": 1,
        "Plan Width": 8,
        "Actual Startup Time": 2692.134,
        "Actual Total Time": 2781.0,
        "Actual Rows": 2,
        "Actual Loops": 1,
        "Workers Planned": 1,
        "Workers Launched": 1,
        "Single Copy": false,
        "Plans": [
          {
            "Node Type": "Aggregate",
            "Strategy": "Plain",
            "Partial Mode": "Partial",
            "Parent Relationship": "Outer",
            "Parallel Aware": false,
            "Startup Cost": 920905.44,
            "Total Cost": 920905.45,
            "Plan Rows": 1,
            "Plan Width": 8,
            "Actual Startup Time": 2694.903,
            "Actual Total Time": 2694.912,
            "Actual Rows": 1,
            "Actual Loops": 2,
            "Plans": [
              {
                "Node Type": "Merge Join",
                "Parent Relationship": "Outer",
                "Parallel Aware": false,
                "Join Type": "Inner",
                "Startup Cost": 914407.77,
                "Total Cost": 920656.3,
                "Plan Rows": 99658,
                "Plan Width": 0,
                "Actual Startup Time": 2517.111,
                "Actual Total Time": 2668.73,
                "Actual Rows": 673504,
                "Actual Loops": 2,
                "Inner Unique": false,
                "Merge Cond": "(t.id = mi.movie_id)",
                "Plans": [
                  {
                    "Node Type": "Sort",
                    "Parent Relationship": "Outer",
                    "Parallel Aware": false,
                    "Startup Cost": 706855.94,
                    "Total Cost": 708558.02,
                    "Plan Rows": 680832,
                    "Plan Width": 8,
                    "Actual Startup Time": 2370.677,
                    "Actual Total Time": 2405.511,
                    "Actual Rows": 310208,
                    "Actual Loops": 2,
                    "Sort Key": [
                      "t.id"
                    ],
                    "Sort Method": "quicksort",
                    "Sort Space Used": 25417,
                    "Sort Space Type": "Memory",
                    "Workers": [
                      {
                        "Worker Number": 0,
                        "Sort Method": "quicksort",
                        "Sort Space Used": 28242,
                        "Sort Space Type": "Memory"
                      }
                    ],
                    "Plans": [
                      {
                        "Node Type": "Hash Join",
                        "Parent Relationship": "Outer",
                        "Parallel Aware": true,
                        "Join Type": "Inner",
                        "Startup Cost": 56532.25,
                        "Total Cost": 640893.74,
                        "Plan Rows": 680832,
                        "Plan Width": 8,
                        "Actual Startup Time": 797.965,
                        "Actual Total Time": 2288.523,
                        "Actual Rows": 310208,
                        "Actual Loops": 2,
                        "Inner Unique": true,
                        "Hash Cond": "(ci.movie_id = t.id)",
                        "Plans": [
                          {
                            "Node Type": "Seq Scan",
                            "Parent Relationship": "Outer",
                            "Parallel Aware": true,
                            "Relation Name": "cast_info",
                            "Alias": "ci",
                            "Startup Cost": 0.0,
                            "Total Cost": 572345.93,
                            "Plan Rows": 4577347,
                            "Plan Width": 4,
                            "Actual Startup Time": 614.474,
                            "Actual Total Time": 1710.694,
                            "Actual Rows": 1652210,
                            "Actual Loops": 2,
                            "Filter": "((person_id < 1166737) AND (role_id > 1))",
                            "Rows Removed by Filter": 16469962
                          },
                          {
                            "Node Type": "Hash",
                            "Parent Relationship": "Inner",
                            "Parallel Aware": true,
                            "Startup Cost": 53767.12,
                            "Total Cost": 53767.12,
                            "Plan Rows": 221210,
                            "Plan Width": 4,
                            "Actual Startup Time": 172.165,
                            "Actual Total Time": 172.167,
                            "Actual Rows": 220014,
                            "Actual Loops": 2,
                            "Hash Buckets": 524288,
                            "Original Hash Buckets": 524288,
                            "Hash Batches": 1,
                            "Original Hash Batches": 1,
                            "Peak Memory Usage": 21344,
                            "Plans": [
                              {
                                "Node Type": "Bitmap Heap Scan",
                                "Parent Relationship": "Outer",
                                "Parallel Aware": true,
                                "Relation Name": "title",
                                "Alias": "t",
                                "Startup Cost": 11916.86,
                                "Total Cost": 53767.12,
                                "Plan Rows": 221210,
                                "Plan Width": 4,
                                "Actual Startup Time": 40.035,
                                "Actual Total Time": 118.704,
                                "Actual Rows": 220014,
                                "Actual Loops": 2,
                                "Recheck Cond": "(kind_id = 1)",
                                "Rows Removed by Index Recheck": 0,
                                "Filter": "(production_year < 2006)",
                                "Rows Removed by Filter": 111398,
                                "Exact Heap Blocks": 6511,
                                "Lossy Heap Blocks": 0,
                                "Plans": [
                                  {
                                    "Node Type": "Bitmap Index Scan",
                                    "Parent Relationship": "Outer",
                                    "Parallel Aware": false,
                                    "Index Name": "kind_id_title",
                                    "Startup Cost": 0.0,
                                    "Total Cost": 11822.85,
                                    "Plan Rows": 663256,
                                    "Plan Width": 0,
                                    "Actual Startup Time": 37.223,
                                    "Actual Total Time": 37.224,
                                    "Actual Rows": 662825,
                                    "Actual Loops": 1,
                                    "Index Cond": "(kind_id = 1)"
                                  }
                                ]
                              }
                            ]
                          }
                        ]
                      }
                    ]
                  },
                  {
                    "Node Type": "Sort",
                    "Parent Relationship": "Inner",
                    "Parallel Aware": false,
                    "Startup Cost": 207551.77,
                    "Total Cost": 208476.98,
                    "Plan Rows": 370084,
                    "Plan Width": 4,
                    "Actual Startup Time": 139.005,
                    "Actual Total Time": 170.625,
                    "Actual Rows": 893966,
                    "Actual Loops": 2,
                    "Sort Key": [
                      "mi.movie_id"
                    ],
                    "Sort Method": "quicksort",
                    "Sort Space Used": 29549,
                    "Sort Space Type": "Memory",
                    "Workers": [
                      {
                        "Worker Number": 0,
                        "Sort Method": "quicksort",
                        "Sort Space Used": 29549,
                        "Sort Space Type": "Memory"
                      }
                    ],
                    "Plans": [
                      {
                        "Node Type": "Bitmap Heap Scan",
                        "Parent Relationship": "Outer",
                        "Parallel Aware": false,
                        "Relation Name": "movie_info",
                        "Alias": "mi",
                        "Startup Cost": 6704.59,
                        "Total Cost": 173323.64,
                        "Plan Rows": 370084,
                        "Plan Width": 4,
                        "Actual Startup Time": 14.296,
                        "Actual Total Time": 70.293,
                        "Actual Rows": 368218,
                        "Actual Loops": 2,
                        "Recheck Cond": "(info_type_id = 17)",
                        "Rows Removed by Index Recheck": 0,
                        "Exact Heap Blocks": 10810,
                        "Lossy Heap Blocks": 0,
                        "Plans": [
                          {
                            "Node Type": "Bitmap Index Scan",
                            "Parent Relationship": "Outer",
                            "Parallel Aware": false,
                            "Index Name": "info_type_id_movie_info",
                            "Startup Cost": 0.0,
                            "Total Cost": 6612.07,
                            "Plan Rows": 370084,
                            "Plan Width": 0,
                            "Actual Startup Time": 13.041,
                            "Actual Total Time": 13.041,
                            "Actual Rows": 368218,
                            "Actual Loops": 2,
                            "Index Cond": "(info_type_id = 17)"
                          }
                        ]
                      }
                    ]
                  }
                ]
              }
            ]
          }
        ]
      }
    ]
  },
  "Planning Time": 1.093,
  "Triggers": [],
  "Execution Time": 2791.206
}