{
    "Plan": {
        "Node Type": "Aggregate",
        "Strategy": "Plain",
        "Partial Mode": "Finalize",
        "Parallel Aware": false,
        "Startup Cost": 45472.88,
        "Total Cost": 45472.89,
        "Plan Rows": 1,
        "Plan Width": 8,
        "Actual Startup Time": 156.184,
        "Actual Total Time": 177.186,
        "Actual Rows": 1,
        "Actual Loops": 1,
        "Output": [
            "count(*)"
        ],
        "Plans": [
            {
                "Node Type": "Gather",
                "Parent Relationship": "Outer",
                "Parallel Aware": false,
                "Startup Cost": 45472.56,
                "Total Cost": 45472.87,
                "Plan Rows": 3,
                "Plan Width": 8,
                "Actual Startup Time": 155.895,
                "Actual Total Time": 177.177,
                "Actual Rows": 4,
                "Actual Loops": 1,
                "Output": [
                    "(PARTIAL count(*))"
                ],
                "Workers Planned": 3,
                "Workers Launched": 3,
                "Single Copy": false,
                "Plans": [
                    {
                        "Node Type": "Aggregate",
                        "Strategy": "Plain",
                        "Partial Mode": "Partial",
                        "Parent Relationship": "Outer",
                        "Parallel Aware": false,
                        "Startup Cost": 44472.56,
                        "Total Cost": 44472.57,
                        "Plan Rows": 1,
                        "Plan Width": 8,
                        "Actual Startup Time": 146.721,
                        "Actual Total Time": 146.723,
                        "Actual Rows": 1,
                        "Actual Loops": 4,
                        "Output": [
                            "PARTIAL count(*)"
                        ],
                        "Workers": [
                            {
                                "Worker Number": 0,
                                "Actual Startup Time": 143.795,
                                "Actual Total Time": 143.797,
                                "Actual Rows": 1,
                                "Actual Loops": 1
                            },
                            {
                                "Worker Number": 1,
                                "Actual Startup Time": 143.912,
                                "Actual Total Time": 143.914,
                                "Actual Rows": 1,
                                "Actual Loops": 1
                            },
                            {
                                "Worker Number": 2,
                                "Actual Startup Time": 143.974,
                                "Actual Total Time": 143.976,
                                "Actual Rows": 1,
                                "Actual Loops": 1
                            }
                        ],
                        "Plans": [
                            {
                                "Node Type": "Nested Loop",
                                "Parent Relationship": "Outer",
                                "Parallel Aware": false,
                                "Join Type": "Inner",
                                "Startup Cost": 0.86,
                                "Total Cost": 44452.1,
                                "Plan Rows": 8185,
                                "Plan Width": 0,
                                "Actual Startup Time": 1.864,
                                "Actual Total Time": 142.93,
                                "Actual Rows": 71711,
                                "Actual Loops": 4,
                                "Inner Unique": false,
                                "Workers": [
                                    {
                                        "Worker Number": 0,
                                        "Actual Startup Time": 1.379,
                                        "Actual Total Time": 140.361,
                                        "Actual Rows": 56950,
                                        "Actual Loops": 1
                                    },
                                    {
                                        "Worker Number": 1,
                                        "Actual Startup Time": 1.861,
                                        "Actual Total Time": 140.419,
                                        "Actual Rows": 57419,
                                        "Actual Loops": 1
                                    },
                                    {
                                        "Worker Number": 2,
                                        "Actual Startup Time": 2.273,
                                        "Actual Total Time": 140.646,
                                        "Actual Rows": 54764,
                                        "Actual Loops": 1
                                    }
                                ],
                                "Plans": [
                                    {
                                        "Node Type": "Nested Loop",
                                        "Parent Relationship": "Outer",
                                        "Parallel Aware": false,
                                        "Join Type": "Inner",
                                        "Startup Cost": 0.43,
                                        "Total Cost": 41857.21,
                                        "Plan Rows": 1403,
                                        "Plan Width": 8,
                                        "Actual Startup Time": 1.653,
                                        "Actual Total Time": 73.81,
                                        "Actual Rows": 1502,
                                        "Actual Loops": 4,
                                        "Output": [
                                            "t.id",
                                            "mc.movie_id"
                                        ],
                                        "Inner Unique": true,
                                        "Workers": [
                                            {
                                                "Worker Number": 0,
                                                "Actual Startup Time": 1.08,
                                                "Actual Total Time": 69.697,
                                                "Actual Rows": 1185,
                                                "Actual Loops": 1
                                            },
                                            {
                                                "Worker Number": 1,
                                                "Actual Startup Time": 1.556,
                                                "Actual Total Time": 68.517,
                                                "Actual Rows": 1258,
                                                "Actual Loops": 1
                                            },
                                            {
                                                "Worker Number": 2,
                                                "Actual Startup Time": 2.058,
                                                "Actual Total Time": 70.259,
                                                "Actual Rows": 1180,
                                                "Actual Loops": 1
                                            }
                                        ],
                                        "Plans": [
                                            {
                                                "Node Type": "Seq Scan",
                                                "Parent Relationship": "Outer",
                                                "Parallel Aware": true,
                                                "Relation Name": "movie_companies",
                                                "Schema": "public",
                                                "Alias": "mc",
                                                "Startup Cost": 0.0,
                                                "Total Cost": 31414.82,
                                                "Plan Rows": 1403,
                                                "Plan Width": 4,
                                                "Actual Startup Time": 1.479,
                                                "Actual Total Time": 60.598,
                                                "Actual Rows": 1502,
                                                "Actual Loops": 4,
                                                "Output": [
                                                    "mc.id",
                                                    "mc.movie_id",
                                                    "mc.company_id",
                                                    "mc.company_type_id",
                                                    "mc.note"
                                                ],
                                                "Filter": "((mc.company_id = 846) AND (mc.company_type_id = 1))",
                                                "Rows Removed by Filter": 650780,
                                                "Workers": [
                                                    {
                                                        "Worker Number": 0,
                                                        "Actual Startup Time": 0.853,
                                                        "Actual Total Time": 55.415,
                                                        "Actual Rows": 1185,
                                                        "Actual Loops": 1
                                                    },
                                                    {
                                                        "Worker Number": 1,
                                                        "Actual Startup Time": 1.341,
                                                        "Actual Total Time": 53.651,
                                                        "Actual Rows": 1258,
                                                        "Actual Loops": 1
                                                    },
                                                    {
                                                        "Worker Number": 2,
                                                        "Actual Startup Time": 1.839,
                                                        "Actual Total Time": 55.833,
                                                        "Actual Rows": 1180,
                                                        "Actual Loops": 1
                                                    }
                                                ]
                                            },
                                            {
                                                "Node Type": "Index Only Scan",
                                                "Parent Relationship": "Inner",
                                                "Parallel Aware": false,
                                                "Scan Direction": "Forward",
                                                "Index Name": "title_pkey",
                                                "Relation Name": "title",
                                                "Schema": "public",
                                                "Alias": "t",
                                                "Startup Cost": 0.43,
                                                "Total Cost": 7.44,
                                                "Plan Rows": 1,
                                                "Plan Width": 4,
                                                "Actual Startup Time": 0.008,
                                                "Actual Total Time": 0.008,
                                                "Actual Rows": 1,
                                                "Actual Loops": 6008,
                                                "Output": [
                                                    "t.id"
                                                ],
                                                "Index Cond": "(t.id = mc.movie_id)",
                                                "Rows Removed by Index Recheck": 0,
                                                "Heap Fetches": 6008,
                                                "Workers": [
                                                    {
                                                        "Worker Number": 0,
                                                        "Actual Startup Time": 0.011,
                                                        "Actual Total Time": 0.011,
                                                        "Actual Rows": 1,
                                                        "Actual Loops": 1185
                                                    },
                                                    {
                                                        "Worker Number": 1,
                                                        "Actual Startup Time": 0.011,
                                                        "Actual Total Time": 0.011,
                                                        "Actual Rows": 1,
                                                        "Actual Loops": 1258
                                                    },
                                                    {
                                                        "Worker Number": 2,
                                                        "Actual Startup Time": 0.011,
                                                        "Actual Total Time": 0.011,
                                                        "Actual Rows": 1,
                                                        "Actual Loops": 1180
                                                    }
                                                ]
                                            }
                                        ]
                                    },
                                    {
                                        "Node Type": "Index Only Scan",
                                        "Parent Relationship": "Inner",
                                        "Parallel Aware": false,
                                        "Scan Direction": "Forward",
                                        "Index Name": "movie_id_movie_info",
                                        "Relation Name": "movie_info",
                                        "Schema": "public",
                                        "Alias": "mi",
                                        "Startup Cost": 0.43,
                                        "Total Cost": 1.46,
                                        "Plan Rows": 39,
                                        "Plan Width": 4,
                                        "Actual Startup Time": 0.009,
                                        "Actual Total Time": 0.042,
                                        "Actual Rows": 48,
                                        "Actual Loops": 6008,
                                        "Output": [
                                            "mi.movie_id"
                                        ],
                                        "Index Cond": "(mi.movie_id = t.id)",
                                        "Rows Removed by Index Recheck": 0,
                                        "Heap Fetches": 286844,
                                        "Workers": [
                                            {
                                                "Worker Number": 0,
                                                "Actual Startup Time": 0.012,
                                                "Actual Total Time": 0.055,
                                                "Actual Rows": 48,
                                                "Actual Loops": 1185
                                            },
                                            {
                                                "Worker Number": 1,
                                                "Actual Startup Time": 0.012,
                                                "Actual Total Time": 0.053,
                                                "Actual Rows": 46,
                                                "Actual Loops": 1258
                                            },
                                            {
                                                "Worker Number": 2,
                                                "Actual Startup Time": 0.012,
                                                "Actual Total Time": 0.055,
                                                "Actual Rows": 46,
                                                "Actual Loops": 1180
                                            }
                                        ]
                                    }
                                ]
                            }
                        ]
                    }
                ]
            }
        ]
    },
    "Planning Time": 1.631,
    "Triggers": [],
    "Execution Time": 177.273
}