[
  {
    "Plan": {
      "Node Type": "Aggregate",
      "Strategy": "Plain",
      "Partial Mode": "Finalize",
      "Parallel Aware": false,
      "Startup Cost": 85486.65,
      "Total Cost": 85486.66,
      "Plan Rows": 1,
      "Plan Width": 8,
      "Actual Startup Time": 312.555,
      "Actual Total Time": 333.11,
      "Actual Rows": 1,
      "Actual Loops": 1,
      "Plans": [
        {
          "Node Type": "Gather",
          "Parent Relationship": "Outer",
          "Parallel Aware": false,
          "Startup Cost": 85486.23,
          "Total Cost": 85486.64,
          "Plan Rows": 4,
          "Plan Width": 8,
          "Actual Startup Time": 311.092,
          "Actual Total Time": 333.1,
          "Actual Rows": 5,
          "Actual Loops": 1,
          "Workers Planned": 4,
          "Workers Launched": 4,
          "Single Copy": false,
          "Plans": [
            {
              "Node Type": "Aggregate",
              "Strategy": "Plain",
              "Partial Mode": "Partial",
              "Parent Relationship": "Outer",
              "Parallel Aware": false,
              "Startup Cost": 84486.23,
              "Total Cost": 84486.24,
              "Plan Rows": 1,
              "Plan Width": 8,
              "Actual Startup Time": 300.668,
              "Actual Total Time": 300.672,
              "Actual Rows": 1,
              "Actual Loops": 5,
              "Plans": [
                {
                  "Node Type": "Nested Loop",
                  "Parent Relationship": "Outer",
                  "Parallel Aware": false,
                  "Join Type": "Inner",
                  "Startup Cost": 26544.22,
                  "Total Cost": 84476.05,
                  "Plan Rows": 4072,
                  "Plan Width": 0,
                  "Actual Startup Time": 88.79,
                  "Actual Total Time": 299.52,
                  "Actual Rows": 12052,
                  "Actual Loops": 5,
                  "Inner Unique": false,
                  "Plans": [
                    {
                      "Node Type": "Hash Join",
                      "Parent Relationship": "Outer",
                      "Parallel Aware": true,
                      "Join Type": "Inner",
                      "Startup Cost": 26543.79,
                      "Total Cost": 72612.39,
                      "Plan Rows": 22330,
                      "Plan Width": 8,
                      "Actual Startup Time": 88.633,
                      "Actual Total Time": 231.327,
                      "Actual Rows": 20268,
                      "Actual Loops": 5,
                      "Inner Unique": false,
                      "Hash Cond": "(t.id = mc.movie_id)",
                      "Plans": [
                        {
                          "Node Type": "Seq Scan",
                          "Parent Relationship": "Outer",
                          "Parallel Aware": true,
                          "Relation Name": "title",
                          "Alias": "t",
                          "Startup Cost": 0.0,
                          "Total Cost": 43898.92,
                          "Plan Rows": 419531,
                          "Plan Width": 4,
                          "Actual Startup Time": 0.012,
                          "Actual Total Time": 82.442,
                          "Actual Rows": 334708,
                          "Actual Loops": 5,
                          "Filter": "(production_year > 1993)",
                          "Rows Removed by Filter": 170954
                        },
                        {
                          "Node Type": "Hash",
                          "Parent Relationship": "Inner",
                          "Parallel Aware": true,
                          "Startup Cost": 26001.16,
                          "Total Cost": 26001.16,
                          "Plan Rows": 43411,
                          "Plan Width": 4,
                          "Actual Startup Time": 86.671,
                          "Actual Total Time": 86.673,
                          "Actual Rows": 41484,
                          "Actual Loops": 5,
                          "Hash Buckets": 262144,
                          "Original Hash Buckets": 262144,
                          "Hash Batches": 1,
                          "Original Hash Batches": 1,
                          "Peak Memory Usage": 10240,
                          "Plans": [
                            {
                              "Node Type": "Bitmap Heap Scan",
                              "Parent Relationship": "Outer",
                              "Parallel Aware": true,
                              "Relation Name": "movie_companies",
                              "Alias": "mc",
                              "Startup Cost": 5888.38,
                              "Total Cost": 26001.16,
                              "Plan Rows": 43411,
                              "Plan Width": 4,
                              "Actual Startup Time": 25.93,
                              "Actual Total Time": 70.327,
                              "Actual Rows": 41484,
                              "Actual Loops": 5,
                              "Recheck Cond": "(company_id < 145)",
                              "Rows Removed by Index Recheck": 0,
                              "Filter": "(company_type_id < 2)",
                              "Rows Removed by Filter": 12802,
                              "Exact Heap Blocks": 7371,
                              "Lossy Heap Blocks": 0,
                              "Plans": [
                                {
                                  "Node Type": "Bitmap Index Scan",
                                  "Parent Relationship": "Outer",
                                  "Parallel Aware": false,
                                  "Index Name": "company_id_movie_companies",
                                  "Startup Cost": 0.0,
                                  "Total Cost": 5854.74,
                                  "Plan Rows": 273374,
                                  "Plan Width": 0,
                                  "Actual Startup Time": 26.088,
                                  "Actual Total Time": 26.088,
                                  "Actual Rows": 271432,
                                  "Actual Loops": 1,
                                  "Index Cond": "(company_id < 145)"
                                }
                              ]
                            }
                          ]
                        }
                      ]
                    },
                    {
                      "Node Type": "Index Scan",
                      "Parent Relationship": "Inner",
                      "Parallel Aware": false,
                      "Scan Direction": "Forward",
                      "Index Name": "movie_id_movie_info_idx",
                      "Relation Name": "movie_info_idx",
                      "Alias": "mi_idx",
                      "Startup Cost": 0.43,
                      "Total Cost": 0.52,
                      "Plan Rows": 1,
                      "Plan Width": 4,
                      "Actual Startup Time": 0.003,
                      "Actual Total Time": 0.003,
                      "Actual Rows": 1,
                      "Actual Loops": 101340,
                      "Index Cond": "(movie_id = t.id)",
                      "Rows Removed by Index Recheck": 0,
                      "Filter": "(info_type_id > 100)",
                      "Rows Removed by Filter": 1
                    }
                  ]
                }
              ]
            }
          ]
        }
      ]
    },
    "Planning Time": 1.479,
    "Triggers": [],
    "Execution Time": 333.22
  }
]