{
  "Plan": {
    "Node Type": "Aggregate",
    "Strategy": "Plain",
    "Partial Mode": "Finalize",
    "Parallel Aware": false,
    "Startup Cost": 91246.38,
    "Total Cost": 91246.39,
    "Plan Rows": 1,
    "Plan Width": 8,
    "Actual Startup Time": 365.47,
    "Actual Total Time": 377.285,
    "Actual Rows": 1,
    "Actual Loops": 1,
    "Plans": [
      {
        "Node Type": "Gather",
        "Parent Relationship": "Outer",
        "Parallel Aware": false,
        "Startup Cost": 91246.26,
        "Total Cost": 91246.37,
        "Plan Rows": 1,
        "Plan Width": 8,
        "Actual Startup Time": 364.862,
        "Actual Total Time": 377.277,
        "Actual Rows": 2,
        "Actual Loops": 1,
        "Workers Planned": 1,
        "Workers Launched": 1,
        "Single Copy": false,
        "Plans": [
          {
            "Node Type": "Aggregate",
            "Strategy": "Plain",
            "Partial Mode": "Partial",
            "Parent Relationship": "Outer",
            "Parallel Aware": false,
            "Startup Cost": 90246.26,
            "Total Cost": 90246.27,
            "Plan Rows": 1,
            "Plan Width": 8,
            "Actual Startup Time": 361.854,
            "Actual Total Time": 361.859,
            "Actual Rows": 1,
            "Actual Loops": 2,
            "Plans": [
              {
                "Node Type": "Hash Join",
                "Parent Relationship": "Outer",
                "Parallel Aware": false,
                "Join Type": "Inner",
                "Startup Cost": 26988.08,
                "Total Cost": 90246.25,
                "Plan Rows": 4,
                "Plan Width": 0,
                "Actual Startup Time": 261.732,
                "Actual Total Time": 361.843,
                "Actual Rows": 29,
                "Actual Loops": 2,
                "Inner Unique": false,
                "Hash Cond": "(t.id = ci.movie_id)",
                "Plans": [
                  {
                    "Node Type": "Hash Join",
                    "Parent Relationship": "Outer",
                    "Parallel Aware": true,
                    "Join Type": "Inner",
                    "Startup Cost": 25926.27,
                    "Total Cost": 86449.31,
                    "Plan Rows": 60780,
                    "Plan Width": 8,
                    "Actual Startup Time": 85.12,
                    "Actual Total Time": 355.918,
                    "Actual Rows": 82238,
                    "Actual Loops": 2,
                    "Inner Unique": false,
                    "Hash Cond": "(t.id = mc.movie_id)",
                    "Plans": [
                      {
                        "Node Type": "Seq Scan",
                        "Parent Relationship": "Outer",
                        "Parallel Aware": true,
                        "Relation Name": "title",
                        "Alias": "t",
                        "Startup Cost": 0.0,
                        "Total Cost": 50870.31,
                        "Plan Rows": 1487231,
                        "Plan Width": 4,
                        "Actual Startup Time": 0.008,
                        "Actual Total Time": 107.446,
                        "Actual Rows": 1264156,
                        "Actual Loops": 2
                      },
                      {
                        "Node Type": "Hash",
                        "Parent Relationship": "Inner",
                        "Parallel Aware": true,
                        "Startup Cost": 25166.52,
                        "Total Cost": 25166.52,
                        "Plan Rows": 60780,
                        "Plan Width": 4,
                        "Actual Startup Time": 84.022,
                        "Actual Total Time": 84.024,
                        "Actual Rows": 82238,
                        "Actual Loops": 2,
                        "Hash Buckets": 262144,
                        "Original Hash Buckets": 131072,
                        "Hash Batches": 1,
                        "Original Hash Batches": 1,
                        "Peak Memory Usage": 9536,
                        "Plans": [
                          {
                            "Node Type": "Bitmap Heap Scan",
                            "Parent Relationship": "Outer",
                            "Parallel Aware": true,
                            "Relation Name": "movie_companies",
                            "Alias": "mc",
                            "Startup Cost": 4524.49,
                            "Total Cost": 25166.52,
                            "Plan Rows": 60780,
                            "Plan Width": 4,
                            "Actual Startup Time": 21.37,
                            "Actual Total Time": 62.42,
                            "Actual Rows": 82238,
                            "Actual Loops": 2,
                            "Recheck Cond": "(company_id < 69)",
                            "Rows Removed by Index Recheck": 0,
                            "Filter": "(company_type_id = 1)",
                            "Rows Removed by Filter": 22796,
                            "Exact Heap Blocks": 11531,
                            "Lossy Heap Blocks": 0,
                            "Plans": [
                              {
                                "Node Type": "Bitmap Index Scan",
                                "Parent Relationship": "Outer",
                                "Parallel Aware": false,
                                "Index Name": "company_id_movie_companies",
                                "Startup Cost": 0.0,
                                "Total Cost": 4498.66,
                                "Plan Rows": 209897,
                                "Plan Width": 0,
                                "Actual Startup Time": 19.803,
                                "Actual Total Time": 19.804,
                                "Actual Rows": 210066,
                                "Actual Loops": 1,
                                "Index Cond": "(company_id < 69)"
                              }
                            ]
                          }
                        ]
                      }
                    ]
                  },
                  {
                    "Node Type": "Hash",
                    "Parent Relationship": "Inner",
                    "Parallel Aware": false,
                    "Startup Cost": 1059.67,
                    "Total Cost": 1059.67,
                    "Plan Rows": 171,
                    "Plan Width": 4,
                    "Actual Startup Time": 0.343,
                    "Actual Total Time": 0.343,
                    "Actual Rows": 328,
                    "Actual Loops": 2,
                    "Hash Buckets": 1024,
                    "Original Hash Buckets": 1024,
                    "Hash Batches": 1,
                    "Original Hash Batches": 1,
                    "Peak Memory Usage": 20,
                    "Plans": [
                      {
                        "Node Type": "Index Scan",
                        "Parent Relationship": "Outer",
                        "Parallel Aware": false,
                        "Scan Direction": "Forward",
                        "Index Name": "person_id_cast_info",
                        "Relation Name": "cast_info",
                        "Alias": "ci",
                        "Startup Cost": 0.56,
                        "Total Cost": 1059.67,
                        "Plan Rows": 171,
                        "Plan Width": 4,
                        "Actual Startup Time": 0.117,
                        "Actual Total Time": 0.27,
                        "Actual Rows": 328,
                        "Actual Loops": 2,
                        "Index Cond": "(person_id = 479191)",
                        "Rows Removed by Index Recheck": 0,
                        "Filter": "(role_id = 1)",
                        "Rows Removed by Filter": 4
                      }
                    ]
                  }
                ]
              }
            ]
          }
        ]
      }
    ]
  },
  "Planning Time": 0.452,
  "Triggers": [],
  "Execution Time": 377.361
}