[
  {
    "Plan": {
      "Node Type": "Aggregate",
      "Strategy": "Plain",
      "Partial Mode": "Finalize",
      "Parallel Aware": false,
      "Startup Cost": 32621.07,
      "Total Cost": 32621.08,
      "Plan Rows": 1,
      "Plan Width": 8,
      "Actual Startup Time": 342.459,
      "Actual Total Time": 360.439,
      "Actual Rows": 1,
      "Actual Loops": 1,
      "Plans": [
        {
          "Node Type": "Gather",
          "Parent Relationship": "Outer",
          "Parallel Aware": false,
          "Startup Cost": 32620.76,
          "Total Cost": 32621.07,
          "Plan Rows": 3,
          "Plan Width": 8,
          "Actual Startup Time": 342.32,
          "Actual Total Time": 360.426,
          "Actual Rows": 4,
          "Actual Loops": 1,
          "Workers Planned": 3,
          "Workers Launched": 3,
          "Single Copy": false,
          "Plans": [
            {
              "Node Type": "Aggregate",
              "Strategy": "Plain",
              "Partial Mode": "Partial",
              "Parent Relationship": "Outer",
              "Parallel Aware": false,
              "Startup Cost": 31620.76,
              "Total Cost": 31620.77,
              "Plan Rows": 1,
              "Plan Width": 8,
              "Actual Startup Time": 329.734,
              "Actual Total Time": 329.736,
              "Actual Rows": 1,
              "Actual Loops": 4,
              "Plans": [
                {
                  "Node Type": "Seq Scan",
                  "Parent Relationship": "Outer",
                  "Parallel Aware": true,
                  "Relation Name": "movie_companies",
                  "Alias": "mc",
                  "Startup Cost": 0.0,
                  "Total Cost": 31414.82,
                  "Plan Rows": 82375,
                  "Plan Width": 0,
                  "Actual Startup Time": 198.93,
                  "Actual Total Time": 321.134,
                  "Actual Rows": 124293,
                  "Actual Loops": 4,
                  "Filter": "((company_id > 74344) AND (company_type_id > 1))",
                  "Rows Removed by Filter": 527989
                }
              ]
            }
          ]
        }
      ]
    },
    "Planning Time": 5.911,
    "Triggers": [],
    "Execution Time": 360.892
  }
]