[
  {
    "Plan": {
      "Node Type": "Aggregate",
      "Strategy": "Plain",
      "Partial Mode": "Finalize",
      "Parallel Aware": false,
      "Startup Cost": 354078.34,
      "Total Cost": 354078.35,
      "Plan Rows": 1,
      "Plan Width": 8,
      "Actual Startup Time": 1039.402,
      "Actual Total Time": 1102.267,
      "Actual Rows": 1,
      "Actual Loops": 1,
      "Plans": [
        {
          "Node Type": "Gather",
          "Parent Relationship": "Outer",
          "Parallel Aware": false,
          "Startup Cost": 354077.71,
          "Total Cost": 354078.32,
          "Plan Rows": 6,
          "Plan Width": 8,
          "Actual Startup Time": 1039.254,
          "Actual Total Time": 1102.256,
          "Actual Rows": 7,
          "Actual Loops": 1,
          "Workers Planned": 6,
          "Workers Launched": 6,
          "Single Copy": false,
          "Plans": [
            {
              "Node Type": "Aggregate",
              "Strategy": "Plain",
              "Partial Mode": "Partial",
              "Parent Relationship": "Outer",
              "Parallel Aware": false,
              "Startup Cost": 353077.71,
              "Total Cost": 353077.72,
              "Plan Rows": 1,
              "Plan Width": 8,
              "Actual Startup Time": 1031.959,
              "Actual Total Time": 1031.96,
              "Actual Rows": 1,
              "Actual Loops": 7,
              "Plans": [
                {
                  "Node Type": "Seq Scan",
                  "Parent Relationship": "Outer",
                  "Parallel Aware": true,
                  "Relation Name": "cast_info",
                  "Alias": "ci",
                  "Startup Cost": 0.0,
                  "Total Cost": 343316.27,
                  "Plan Rows": 3904577,
                  "Plan Width": 0,
                  "Actual Startup Time": 247.144,
                  "Actual Total Time": 840.18,
                  "Actual Rows": 3360678,
                  "Actual Loops": 7,
                  "Filter": "((person_id > 23026) AND (role_id > 1))",
                  "Rows Removed by Filter": 1817085
                }
              ]
            }
          ]
        }
      ]
    },
    "Planning Time": 0.152,
    "Triggers": [],
    "Execution Time": 1102.315
  }
]