[
    {
        "Bao": {
            "Bao prediction": "NaN",
            "Bao recommended hint": "(no hint)"
        }
    },
    {
        "Plan": {
            "Node Type": "Aggregate",
            "Strategy": "Plain",
            "Partial Mode": "Finalize",
            "Parallel Aware": false,
            "Startup Cost": 72292.98,
            "Total Cost": 72292.99,
            "Plan Rows": 1,
            "Plan Width": 8,
            "Actual Startup Time": 182.966,
            "Actual Total Time": 190.448,
            "Actual Rows": 1,
            "Actual Loops": 1,
            "Output": [
                "count(*)"
            ],
            "Plans": [
                {
                    "Node Type": "Gather",
                    "Parent Relationship": "Outer",
                    "Parallel Aware": false,
                    "Startup Cost": 72292.56,
                    "Total Cost": 72292.97,
                    "Plan Rows": 4,
                    "Plan Width": 8,
                    "Actual Startup Time": 180.835,
                    "Actual Total Time": 190.437,
                    "Actual Rows": 5,
                    "Actual Loops": 1,
                    "Output": [
                        "(PARTIAL count(*))"
                    ],
                    "Workers Planned": 4,
                    "Workers Launched": 4,
                    "Single Copy": false,
                    "Plans": [
                        {
                            "Node Type": "Aggregate",
                            "Strategy": "Plain",
                            "Partial Mode": "Partial",
                            "Parent Relationship": "Outer",
                            "Parallel Aware": false,
                            "Startup Cost": 71292.56,
                            "Total Cost": 71292.57,
                            "Plan Rows": 1,
                            "Plan Width": 8,
                            "Actual Startup Time": 171.157,
                            "Actual Total Time": 171.161,
                            "Actual Rows": 1,
                            "Actual Loops": 5,
                            "Output": [
                                "PARTIAL count(*)"
                            ],
                            "Workers": [
                                {
                                    "Worker Number": 0,
                                    "Actual Startup Time": 168.517,
                                    "Actual Total Time": 168.519,
                                    "Actual Rows": 1,
                                    "Actual Loops": 1
                                },
                                {
                                    "Worker Number": 1,
                                    "Actual Startup Time": 168.731,
                                    "Actual Total Time": 168.735,
                                    "Actual Rows": 1,
                                    "Actual Loops": 1
                                },
                                {
                                    "Worker Number": 2,
                                    "Actual Startup Time": 168.952,
                                    "Actual Total Time": 168.955,
                                    "Actual Rows": 1,
                                    "Actual Loops": 1
                                },
                                {
                                    "Worker Number": 3,
                                    "Actual Startup Time": 169.15,
                                    "Actual Total Time": 169.154,
                                    "Actual Rows": 1,
                                    "Actual Loops": 1
                                }
                            ],
                            "Plans": [
                                {
                                    "Node Type": "Hash Join",
                                    "Parent Relationship": "Outer",
                                    "Parallel Aware": true,
                                    "Join Type": "Inner",
                                    "Startup Cost": 25205.97,
                                    "Total Cost": 71268.96,
                                    "Plan Rows": 9442,
                                    "Plan Width": 0,
                                    "Actual Startup Time": 112.656,
                                    "Actual Total Time": 169.765,
                                    "Actual Rows": 24192,
                                    "Actual Loops": 5,
                                    "Inner Unique": false,
                                    "Hash Cond": "(t.id = mc.movie_id)",
                                    "Workers": [
                                        {
                                            "Worker Number": 0,
                                            "Actual Startup Time": 112.517,
                                            "Actual Total Time": 167.15,
                                            "Actual Rows": 27712,
                                            "Actual Loops": 1
                                        },
                                        {
                                            "Worker Number": 1,
                                            "Actual Startup Time": 112.566,
                                            "Actual Total Time": 167.381,
                                            "Actual Rows": 27483,
                                            "Actual Loops": 1
                                        },
                                        {
                                            "Worker Number": 2,
                                            "Actual Startup Time": 108.168,
                                            "Actual Total Time": 167.552,
                                            "Actual Rows": 16854,
                                            "Actual Loops": 1
                                        },
                                        {
                                            "Worker Number": 3,
                                            "Actual Startup Time": 108.868,
                                            "Actual Total Time": 167.931,
                                            "Actual Rows": 24369,
                                            "Actual Loops": 1
                                        }
                                    ],
                                    "Plans": [
                                        {
                                            "Node Type": "Seq Scan",
                                            "Parent Relationship": "Outer",
                                            "Parallel Aware": true,
                                            "Relation Name": "title",
                                            "Schema": "public",
                                            "Alias": "t",
                                            "Startup Cost": 0.0,
                                            "Total Cost": 45479.21,
                                            "Plan Rows": 110664,
                                            "Plan Width": 4,
                                            "Actual Startup Time": 41.273,
                                            "Actual Total Time": 77.076,
                                            "Actual Rows": 94784,
                                            "Actual Loops": 5,
                                            "Output": [
                                                "t.id",
                                                "t.title",
                                                "t.imdb_index",
                                                "t.kind_id",
                                                "t.production_year",
                                                "t.imdb_id",
                                                "t.phonetic_code",
                                                "t.episode_of_id",
                                                "t.season_nr",
                                                "t.episode_nr",
                                                "t.series_years",
                                                "t.md5sum"
                                            ],
                                            "Filter": "((t.production_year < 2008) AND (t.kind_id = 1))",
                                            "Rows Removed by Filter": 410879,
                                            "Workers": [
                                                {
                                                    "Worker Number": 0,
                                                    "Actual Startup Time": 41.159,
                                                    "Actual Total Time": 77.499,
                                                    "Actual Rows": 108810,
                                                    "Actual Loops": 1
                                                },
                                                {
                                                    "Worker Number": 1,
                                                    "Actual Startup Time": 41.364,
                                                    "Actual Total Time": 77.329,
                                                    "Actual Rows": 108108,
                                                    "Actual Loops": 1
                                                },
                                                {
                                                    "Worker Number": 2,
                                                    "Actual Startup Time": 41.131,
                                                    "Actual Total Time": 78.291,
                                                    "Actual Rows": 66026,
                                                    "Actual Loops": 1
                                                },
                                                {
                                                    "Worker Number": 3,
                                                    "Actual Startup Time": 41.599,
                                                    "Actual Total Time": 76.623,
                                                    "Actual Rows": 95426,
                                                    "Actual Loops": 1
                                                }
                                            ]
                                        },
                                        {
                                            "Node Type": "Hash",
                                            "Parent Relationship": "Inner",
                                            "Parallel Aware": true,
                                            "Startup Cost": 24336.12,
                                            "Total Cost": 24336.12,
                                            "Plan Rows": 69588,
                                            "Plan Width": 4,
                                            "Actual Startup Time": 66.787,
                                            "Actual Total Time": 66.789,
                                            "Actual Rows": 44068,
                                            "Actual Loops": 5,
                                            "Output": [
                                                "mc.movie_id"
                                            ],
                                            "Hash Buckets": 262144,
                                            "Original Hash Buckets": 262144,
                                            "Hash Batches": 1,
                                            "Original Hash Batches": 1,
                                            "Peak Memory Usage": 10752,
                                            "Workers": [
                                                {
                                                    "Worker Number": 0,
                                                    "Actual Startup Time": 65.07,
                                                    "Actual Total Time": 65.071,
                                                    "Actual Rows": 35010,
                                                    "Actual Loops": 1
                                                },
                                                {
                                                    "Worker Number": 1,
                                                    "Actual Startup Time": 65.246,
                                                    "Actual Total Time": 65.248,
                                                    "Actual Rows": 36892,
                                                    "Actual Loops": 1
                                                },
                                                {
                                                    "Worker Number": 2,
                                                    "Actual Startup Time": 65.489,
                                                    "Actual Total Time": 65.491,
                                                    "Actual Rows": 32589,
                                                    "Actual Loops": 1
                                                },
                                                {
                                                    "Worker Number": 3,
                                                    "Actual Startup Time": 65.549,
                                                    "Actual Total Time": 65.551,
                                                    "Actual Rows": 36464,
                                                    "Actual Loops": 1
                                                }
                                            ],
                                            "Plans": [
                                                {
                                                    "Node Type": "Bitmap Heap Scan",
                                                    "Parent Relationship": "Outer",
                                                    "Parallel Aware": true,
                                                    "Relation Name": "movie_companies",
                                                    "Schema": "public",
                                                    "Alias": "mc",
                                                    "Startup Cost": 4676.28,
                                                    "Total Cost": 24336.12,
                                                    "Plan Rows": 69588,
                                                    "Plan Width": 4,
                                                    "Actual Startup Time": 18.295,
                                                    "Actual Total Time": 45.789,
                                                    "Actual Rows": 44068,
                                                    "Actual Loops": 5,
                                                    "Output": [
                                                        "mc.movie_id"
                                                    ],
                                                    "Recheck Cond": "(mc.company_id > 107879)",
                                                    "Rows Removed by Index Recheck": 0,
                                                    "Exact Heap Blocks": 1623,
                                                    "Lossy Heap Blocks": 0,
                                                    "Workers": [
                                                        {
                                                            "Worker Number": 0,
                                                            "Actual Startup Time": 16.686,
                                                            "Actual Total Time": 45.392,
                                                            "Actual Rows": 35010,
                                                            "Actual Loops": 1
                                                        },
                                                        {
                                                            "Worker Number": 1,
                                                            "Actual Startup Time": 16.735,
                                                            "Actual Total Time": 45.049,
                                                            "Actual Rows": 36892,
                                                            "Actual Loops": 1
                                                        },
                                                        {
                                                            "Worker Number": 2,
                                                            "Actual Startup Time": 16.944,
                                                            "Actual Total Time": 45.562,
                                                            "Actual Rows": 32589,
                                                            "Actual Loops": 1
                                                        },
                                                        {
                                                            "Worker Number": 3,
                                                            "Actual Startup Time": 17.16,
                                                            "Actual Total Time": 45.557,
                                                            "Actual Rows": 36464,
                                                            "Actual Loops": 1
                                                        }
                                                    ],
                                                    "Plans": [
                                                        {
                                                            "Node Type": "Bitmap Index Scan",
                                                            "Parent Relationship": "Outer",
                                                            "Parallel Aware": false,
                                                            "Index Name": "company_id_movie_companies",
                                                            "Startup Cost": 0.0,
                                                            "Total Cost": 4622.35,
                                                            "Plan Rows": 215722,
                                                            "Plan Width": 0,
                                                            "Actual Startup Time": 22.997,
                                                            "Actual Total Time": 22.997,
                                                            "Actual Rows": 220341,
                                                            "Actual Loops": 1,
                                                            "Index Cond": "(mc.company_id > 107879)"
                                                        }
                                                    ]
                                                }
                                            ]
                                        }
                                    ]
                                }
                            ]
                        }
                    ]
                }
            ]
        },
        "Planning Time": 280.762,
        "Triggers": [],
        "Execution Time": 190.636
    }
]