[
  {
    "Plan": {
      "Node Type": "Aggregate",
      "Strategy": "Plain",
      "Partial Mode": "Finalize",
      "Parallel Aware": false,
      "Startup Cost": 47228.48,
      "Total Cost": 47228.49,
      "Plan Rows": 1,
      "Plan Width": 8,
      "Actual Startup Time": 205.646,
      "Actual Total Time": 213.108,
      "Actual Rows": 1,
      "Actual Loops": 1,
      "Plans": [
        {
          "Node Type": "Gather",
          "Parent Relationship": "Outer",
          "Parallel Aware": false,
          "Startup Cost": 47228.17,
          "Total Cost": 47228.48,
          "Plan Rows": 3,
          "Plan Width": 8,
          "Actual Startup Time": 205.505,
          "Actual Total Time": 213.099,
          "Actual Rows": 4,
          "Actual Loops": 1,
          "Workers Planned": 3,
          "Workers Launched": 3,
          "Single Copy": false,
          "Plans": [
            {
              "Node Type": "Aggregate",
              "Strategy": "Plain",
              "Partial Mode": "Partial",
              "Parent Relationship": "Outer",
              "Parallel Aware": false,
              "Startup Cost": 46228.17,
              "Total Cost": 46228.18,
              "Plan Rows": 1,
              "Plan Width": 8,
              "Actual Startup Time": 200.235,
              "Actual Total Time": 200.237,
              "Actual Rows": 1,
              "Actual Loops": 4,
              "Plans": [
                {
                  "Node Type": "Seq Scan",
                  "Parent Relationship": "Outer",
                  "Parallel Aware": true,
                  "Relation Name": "movie_keyword",
                  "Alias": "mk",
                  "Startup Cost": 0.0,
                  "Total Cost": 42695.65,
                  "Plan Rows": 1413005,
                  "Plan Width": 0,
                  "Actual Startup Time": 0.04,
                  "Actual Total Time": 140.41,
                  "Actual Rows": 1095308,
                  "Actual Loops": 4,
                  "Filter": "(keyword_id < 74642)",
                  "Rows Removed by Filter": 35675
                }
              ]
            }
          ]
        }
      ]
    },
    "Planning Time": 0.094,
    "Triggers": [],
    "Execution Time": 213.138
  }
]