[
  {
    "Plan": {
      "Node Type": "Aggregate",
      "Strategy": "Plain",
      "Partial Mode": "Finalize",
      "Parallel Aware": false,
      "Startup Cost": 80167.03,
      "Total Cost": 80167.04,
      "Plan Rows": 1,
      "Plan Width": 8,
      "Actual Startup Time": 373.954,
      "Actual Total Time": 390.393,
      "Actual Rows": 1,
      "Actual Loops": 1,
      "Plans": [
        {
          "Node Type": "Gather",
          "Parent Relationship": "Outer",
          "Parallel Aware": false,
          "Startup Cost": 80166.72,
          "Total Cost": 80167.03,
          "Plan Rows": 3,
          "Plan Width": 8,
          "Actual Startup Time": 369.884,
          "Actual Total Time": 390.383,
          "Actual Rows": 4,
          "Actual Loops": 1,
          "Workers Planned": 3,
          "Workers Launched": 3,
          "Single Copy": false,
          "Plans": [
            {
              "Node Type": "Aggregate",
              "Strategy": "Plain",
              "Partial Mode": "Partial",
              "Parent Relationship": "Outer",
              "Parallel Aware": false,
              "Startup Cost": 79166.72,
              "Total Cost": 79166.73,
              "Plan Rows": 1,
              "Plan Width": 8,
              "Actual Startup Time": 363.022,
              "Actual Total Time": 363.026,
              "Actual Rows": 1,
              "Actual Loops": 4,
              "Plans": [
                {
                  "Node Type": "Hash Join",
                  "Parent Relationship": "Outer",
                  "Parallel Aware": true,
                  "Join Type": "Inner",
                  "Startup Cost": 46562.07,
                  "Total Cost": 78877.62,
                  "Plan Rows": 115637,
                  "Plan Width": 0,
                  "Actual Startup Time": 223.653,
                  "Actual Total Time": 353.806,
                  "Actual Rows": 195934,
                  "Actual Loops": 4,
                  "Inner Unique": true,
                  "Hash Cond": "(mc.movie_id = t.id)",
                  "Plans": [
                    {
                      "Node Type": "Seq Scan",
                      "Parent Relationship": "Outer",
                      "Parallel Aware": true,
                      "Relation Name": "movie_companies",
                      "Alias": "mc",
                      "Startup Cost": 0.0,
                      "Total Cost": 31414.82,
                      "Plan Rows": 343137,
                      "Plan Width": 4,
                      "Actual Startup Time": 32.667,
                      "Actual Total Time": 75.255,
                      "Actual Rows": 298637,
                      "Actual Loops": 4,
                      "Filter": "((company_id > 475) AND (company_type_id > 1))",
                      "Rows Removed by Filter": 353645
                    },
                    {
                      "Node Type": "Hash",
                      "Parent Relationship": "Inner",
                      "Parallel Aware": true,
                      "Startup Cost": 43899.32,
                      "Total Cost": 43899.32,
                      "Plan Rows": 213020,
                      "Plan Width": 4,
                      "Actual Startup Time": 186.332,
                      "Actual Total Time": 186.333,
                      "Actual Rows": 213554,
                      "Actual Loops": 4,
                      "Hash Buckets": 1048576,
                      "Original Hash Buckets": 1048576,
                      "Hash Batches": 1,
                      "Original Hash Batches": 1,
                      "Peak Memory Usage": 41696,
                      "Plans": [
                        {
                          "Node Type": "Seq Scan",
                          "Parent Relationship": "Outer",
                          "Parallel Aware": true,
                          "Relation Name": "title",
                          "Alias": "t",
                          "Startup Cost": 0.0,
                          "Total Cost": 43899.32,
                          "Plan Rows": 213020,
                          "Plan Width": 4,
                          "Actual Startup Time": 0.052,
                          "Actual Total Time": 105.66,
                          "Actual Rows": 213554,
                          "Actual Loops": 4,
                          "Filter": "(kind_id < 4)",
                          "Rows Removed by Filter": 418524
                        }
                      ]
                    }
                  ]
                }
              ]
            }
          ]
        }
      ]
    },
    "Planning Time": 0.411,
    "Triggers": [],
    "Execution Time": 390.442
  }
]