{
  "Plan": {
    "Node Type": "Aggregate",
    "Strategy": "Plain",
    "Partial Mode": "Finalize",
    "Parallel Aware": false,
    "Startup Cost": 117869.05,
    "Total Cost": 117869.06,
    "Plan Rows": 1,
    "Plan Width": 8,
    "Actual Startup Time": 398.137,
    "Actual Total Time": 409.343,
    "Actual Rows": 1,
    "Actual Loops": 1,
    "Plans": [
      {
        "Node Type": "Gather",
        "Parent Relationship": "Outer",
        "Parallel Aware": false,
        "Startup Cost": 117868.94,
        "Total Cost": 117869.05,
        "Plan Rows": 1,
        "Plan Width": 8,
        "Actual Startup Time": 397.816,
        "Actual Total Time": 409.335,
        "Actual Rows": 2,
        "Actual Loops": 1,
        "Workers Planned": 1,
        "Workers Launched": 1,
        "Single Copy": false,
        "Plans": [
          {
            "Node Type": "Aggregate",
            "Strategy": "Plain",
            "Partial Mode": "Partial",
            "Parent Relationship": "Outer",
            "Parallel Aware": false,
            "Startup Cost": 116868.94,
            "Total Cost": 116868.95,
            "Plan Rows": 1,
            "Plan Width": 8,
            "Actual Startup Time": 391.873,
            "Actual Total Time": 391.88,
            "Actual Rows": 1,
            "Actual Loops": 2,
            "Plans": [
              {
                "Node Type": "Hash Join",
                "Parent Relationship": "Outer",
                "Parallel Aware": true,
                "Join Type": "Inner",
                "Startup Cost": 53994.67,
                "Total Cost": 116788.08,
                "Plan Rows": 32343,
                "Plan Width": 0,
                "Actual Startup Time": 154.278,
                "Actual Total Time": 390.635,
                "Actual Rows": 27317,
                "Actual Loops": 2,
                "Inner Unique": true,
                "Hash Cond": "(mk.movie_id = t.id)",
                "Plans": [
                  {
                    "Node Type": "Seq Scan",
                    "Parent Relationship": "Outer",
                    "Parallel Aware": true,
                    "Relation Name": "movie_keyword",
                    "Alias": "mk",
                    "Startup Cost": 0.0,
                    "Total Cost": 57718.19,
                    "Plan Rows": 1933412,
                    "Plan Width": 4,
                    "Actual Startup Time": 0.016,
                    "Actual Total Time": 189.395,
                    "Actual Rows": 1639356,
                    "Actual Loops": 2,
                    "Filter": "(keyword_id < 14518)",
                    "Rows Removed by Filter": 622609
                  },
                  {
                    "Node Type": "Hash",
                    "Parent Relationship": "Inner",
                    "Parallel Aware": true,
                    "Startup Cost": 53683.68,
                    "Total Cost": 53683.68,
                    "Plan Rows": 24879,
                    "Plan Width": 4,
                    "Actual Startup Time": 99.063,
                    "Actual Total Time": 99.065,
                    "Actual Rows": 18706,
                    "Actual Loops": 2,
                    "Hash Buckets": 65536,
                    "Original Hash Buckets": 65536,
                    "Hash Batches": 1,
                    "Original Hash Batches": 1,
                    "Peak Memory Usage": 1984,
                    "Plans": [
                      {
                        "Node Type": "Bitmap Heap Scan",
                        "Parent Relationship": "Outer",
                        "Parallel Aware": true,
                        "Relation Name": "title",
                        "Alias": "t",
                        "Startup Cost": 11833.42,
                        "Total Cost": 53683.68,
                        "Plan Rows": 24879,
                        "Plan Width": 4,
                        "Actual Startup Time": 37.161,
                        "Actual Total Time": 94.472,
                        "Actual Rows": 18706,
                        "Actual Loops": 2,
                        "Recheck Cond": "(kind_id = 1)",
                        "Rows Removed by Index Recheck": 0,
                        "Filter": "(production_year = 2011)",
                        "Rows Removed by Filter": 312707,
                        "Exact Heap Blocks": 9422,
                        "Lossy Heap Blocks": 0,
                        "Plans": [
                          {
                            "Node Type": "Bitmap Index Scan",
                            "Parent Relationship": "Outer",
                            "Parallel Aware": false,
                            "Index Name": "kind_id_title",
                            "Startup Cost": 0.0,
                            "Total Cost": 11822.85,
                            "Plan Rows": 663256,
                            "Plan Width": 0,
                            "Actual Startup Time": 39.758,
                            "Actual Total Time": 39.758,
                            "Actual Rows": 662825,
                            "Actual Loops": 1,
                            "Index Cond": "(kind_id = 1)"
                          }
                        ]
                      }
                    ]
                  }
                ]
              }
            ]
          }
        ]
      }
    ]
  },
  "Planning Time": 0.474,
  "Triggers": [],
  "Execution Time": 409.436
}