[
  {
    "Plan": {
      "Node Type": "Aggregate",
      "Strategy": "Plain",
      "Partial Mode": "Finalize",
      "Parallel Aware": false,
      "Startup Cost": 46499.54,
      "Total Cost": 46499.55,
      "Plan Rows": 1,
      "Plan Width": 8,
      "Actual Startup Time": 91.922,
      "Actual Total Time": 103.719,
      "Actual Rows": 1,
      "Actual Loops": 1,
      "Plans": [
        {
          "Node Type": "Gather",
          "Parent Relationship": "Outer",
          "Parallel Aware": false,
          "Startup Cost": 46499.12,
          "Total Cost": 46499.53,
          "Plan Rows": 4,
          "Plan Width": 8,
          "Actual Startup Time": 91.774,
          "Actual Total Time": 103.71,
          "Actual Rows": 5,
          "Actual Loops": 1,
          "Workers Planned": 4,
          "Workers Launched": 4,
          "Single Copy": false,
          "Plans": [
            {
              "Node Type": "Aggregate",
              "Strategy": "Plain",
              "Partial Mode": "Partial",
              "Parent Relationship": "Outer",
              "Parallel Aware": false,
              "Startup Cost": 45499.12,
              "Total Cost": 45499.13,
              "Plan Rows": 1,
              "Plan Width": 8,
              "Actual Startup Time": 84.383,
              "Actual Total Time": 84.384,
              "Actual Rows": 1,
              "Actual Loops": 5,
              "Plans": [
                {
                  "Node Type": "Seq Scan",
                  "Parent Relationship": "Outer",
                  "Parallel Aware": true,
                  "Relation Name": "title",
                  "Alias": "t",
                  "Startup Cost": 0.0,
                  "Total Cost": 45479.1,
                  "Plan Rows": 8008,
                  "Plan Width": 0,
                  "Actual Startup Time": 0.058,
                  "Actual Total Time": 83.512,
                  "Actual Rows": 8028,
                  "Actual Loops": 5,
                  "Filter": "((kind_id > 4) AND (production_year = 2001))",
                  "Rows Removed by Filter": 497635
                }
              ]
            }
          ]
        }
      ]
    },
    "Planning Time": 0.189,
    "Triggers": [],
    "Execution Time": 103.78
  }
]