{
    "Plan": {
        "Node Type": "Aggregate",
        "Strategy": "Plain",
        "Partial Mode": "Finalize",
        "Parallel Aware": false,
        "Startup Cost": 252387.07,
        "Total Cost": 252387.08,
        "Plan Rows": 1,
        "Plan Width": 8,
        "Actual Startup Time": 1054.919,
        "Actual Total Time": 1100.568,
        "Actual Rows": 1,
        "Actual Loops": 1,
        "Output": [
            "count(*)"
        ],
        "Plans": [
            {
                "Node Type": "Gather",
                "Parent Relationship": "Outer",
                "Parallel Aware": false,
                "Startup Cost": 252386.75,
                "Total Cost": 252387.06,
                "Plan Rows": 3,
                "Plan Width": 8,
                "Actual Startup Time": 1047.449,
                "Actual Total Time": 1100.538,
                "Actual Rows": 4,
                "Actual Loops": 1,
                "Output": [
                    "(PARTIAL count(*))"
                ],
                "Workers Planned": 3,
                "Workers Launched": 3,
                "Single Copy": false,
                "Plans": [
                    {
                        "Node Type": "Aggregate",
                        "Strategy": "Plain",
                        "Partial Mode": "Partial",
                        "Parent Relationship": "Outer",
                        "Parallel Aware": false,
                        "Startup Cost": 251386.75,
                        "Total Cost": 251386.76,
                        "Plan Rows": 1,
                        "Plan Width": 8,
                        "Actual Startup Time": 1035.74,
                        "Actual Total Time": 1035.998,
                        "Actual Rows": 1,
                        "Actual Loops": 4,
                        "Output": [
                            "PARTIAL count(*)"
                        ],
                        "Workers": [
                            {
                                "Worker Number": 0,
                                "Actual Startup Time": 1032.075,
                                "Actual Total Time": 1032.084,
                                "Actual Rows": 1,
                                "Actual Loops": 1
                            },
                            {
                                "Worker Number": 1,
                                "Actual Startup Time": 1032.192,
                                "Actual Total Time": 1032.2,
                                "Actual Rows": 1,
                                "Actual Loops": 1
                            },
                            {
                                "Worker Number": 2,
                                "Actual Startup Time": 1032.234,
                                "Actual Total Time": 1032.242,
                                "Actual Rows": 1,
                                "Actual Loops": 1
                            }
                        ],
                        "Plans": [
                            {
                                "Node Type": "Hash Join",
                                "Parent Relationship": "Outer",
                                "Parallel Aware": true,
                                "Join Type": "Inner",
                                "Startup Cost": 206703.59,
                                "Total Cost": 251031.89,
                                "Plan Rows": 141944,
                                "Plan Width": 0,
                                "Actual Startup Time": 871.696,
                                "Actual Total Time": 1034.028,
                                "Actual Rows": 44016,
                                "Actual Loops": 4,
                                "Inner Unique": false,
                                "Hash Cond": "(mk.movie_id = t.id)",
                                "Workers": [
                                    {
                                        "Worker Number": 0,
                                        "Actual Startup Time": 867.535,
                                        "Actual Total Time": 1030.267,
                                        "Actual Rows": 37801,
                                        "Actual Loops": 1
                                    },
                                    {
                                        "Worker Number": 1,
                                        "Actual Startup Time": 868.372,
                                        "Actual Total Time": 1030.258,
                                        "Actual Rows": 44460,
                                        "Actual Loops": 1
                                    },
                                    {
                                        "Worker Number": 2,
                                        "Actual Startup Time": 868.334,
                                        "Actual Total Time": 1030.084,
                                        "Actual Rows": 49044,
                                        "Actual Loops": 1
                                    }
                                ],
                                "Plans": [
                                    {
                                        "Node Type": "Seq Scan",
                                        "Parent Relationship": "Outer",
                                        "Parallel Aware": true,
                                        "Relation Name": "movie_keyword",
                                        "Schema": "public",
                                        "Alias": "mk",
                                        "Startup Cost": 0.0,
                                        "Total Cost": 42695.65,
                                        "Plan Rows": 359669,
                                        "Plan Width": 4,
                                        "Actual Startup Time": 1.409,
                                        "Actual Total Time": 118.925,
                                        "Actual Rows": 272059,
                                        "Actual Loops": 4,
                                        "Output": [
                                            "mk.id",
                                            "mk.movie_id",
                                            "mk.keyword_id"
                                        ],
                                        "Filter": "(mk.keyword_id > 16264)",
                                        "Rows Removed by Filter": 858923,
                                        "Workers": [
                                            {
                                                "Worker Number": 0,
                                                "Actual Startup Time": 1.344,
                                                "Actual Total Time": 118.688,
                                                "Actual Rows": 242808,
                                                "Actual Loops": 1
                                            },
                                            {
                                                "Worker Number": 1,
                                                "Actual Startup Time": 1.433,
                                                "Actual Total Time": 122.545,
                                                "Actual Rows": 272732,
                                                "Actual Loops": 1
                                            },
                                            {
                                                "Worker Number": 2,
                                                "Actual Startup Time": 1.429,
                                                "Actual Total Time": 122.462,
                                                "Actual Rows": 271461,
                                                "Actual Loops": 1
                                            }
                                        ]
                                    },
                                    {
                                        "Node Type": "Hash",
                                        "Parent Relationship": "Inner",
                                        "Parallel Aware": true,
                                        "Startup Cost": 204209.08,
                                        "Total Cost": 204209.08,
                                        "Plan Rows": 199561,
                                        "Plan Width": 8,
                                        "Actual Startup Time": 864.17,
                                        "Actual Total Time": 864.424,
                                        "Actual Rows": 83390,
                                        "Actual Loops": 4,
                                        "Output": [
                                            "t.id",
                                            "ci.movie_id"
                                        ],
                                        "Hash Buckets": 1048576,
                                        "Original Hash Buckets": 1048576,
                                        "Hash Batches": 1,
                                        "Original Hash Batches": 1,
                                        "Peak Memory Usage": 21312,
                                        "Workers": [
                                            {
                                                "Worker Number": 0,
                                                "Actual Startup Time": 865.474,
                                                "Actual Total Time": 865.48,
                                                "Actual Rows": 69420,
                                                "Actual Loops": 1
                                            },
                                            {
                                                "Worker Number": 1,
                                                "Actual Startup Time": 866.351,
                                                "Actual Total Time": 866.356,
                                                "Actual Rows": 86963,
                                                "Actual Loops": 1
                                            },
                                            {
                                                "Worker Number": 2,
                                                "Actual Startup Time": 866.418,
                                                "Actual Total Time": 866.424,
                                                "Actual Rows": 91073,
                                                "Actual Loops": 1
                                            }
                                        ],
                                        "Plans": [
                                            {
                                                "Node Type": "Hash Join",
                                                "Parent Relationship": "Outer",
                                                "Parallel Aware": true,
                                                "Join Type": "Inner",
                                                "Startup Cost": 48689.68,
                                                "Total Cost": 204209.08,
                                                "Plan Rows": 199561,
                                                "Plan Width": 8,
                                                "Actual Startup Time": 368.902,
                                                "Actual Total Time": 816.045,
                                                "Actual Rows": 83390,
                                                "Actual Loops": 4,
                                                "Output": [
                                                    "t.id",
                                                    "ci.movie_id"
                                                ],
                                                "Inner Unique": true,
                                                "Hash Cond": "(ci.movie_id = t.id)",
                                                "Workers": [
                                                    {
                                                        "Worker Number": 0,
                                                        "Actual Startup Time": 369.101,
                                                        "Actual Total Time": 816.61,
                                                        "Actual Rows": 69420,
                                                        "Actual Loops": 1
                                                    },
                                                    {
                                                        "Worker Number": 1,
                                                        "Actual Startup Time": 368.977,
                                                        "Actual Total Time": 819.957,
                                                        "Actual Rows": 86963,
                                                        "Actual Loops": 1
                                                    },
                                                    {
                                                        "Worker Number": 2,
                                                        "Actual Startup Time": 368.624,
                                                        "Actual Total Time": 818.271,
                                                        "Actual Rows": 91073,
                                                        "Actual Loops": 1
                                                    }
                                                ],
                                                "Plans": [
                                                    {
                                                        "Node Type": "Index Scan",
                                                        "Parent Relationship": "Outer",
                                                        "Parallel Aware": true,
                                                        "Scan Direction": "Forward",
                                                        "Index Name": "role_id_cast_info",
                                                        "Relation Name": "cast_info",
                                                        "Schema": "public",
                                                        "Alias": "ci",
                                                        "Startup Cost": 0.56,
                                                        "Total Cost": 154655.9,
                                                        "Plan Rows": 329164,
                                                        "Plan Width": 4,
                                                        "Actual Startup Time": 0.25,
                                                        "Actual Total Time": 320.135,
                                                        "Actual Rows": 146933,
                                                        "Actual Loops": 4,
                                                        "Output": [
                                                            "ci.id",
                                                            "ci.person_id",
                                                            "ci.movie_id",
                                                            "ci.person_role_id",
                                                            "ci.note",
                                                            "ci.nr_order",
                                                            "ci.role_id"
                                                        ],
                                                        "Index Cond": "(ci.role_id > 8)",
                                                        "Rows Removed by Index Recheck": 0,
                                                        "Filter": "(ci.person_id < 1033156)",
                                                        "Rows Removed by Filter": 1286240,
                                                        "Workers": [
                                                            {
                                                                "Worker Number": 0,
                                                                "Actual Startup Time": 0.359,
                                                                "Actual Total Time": 320.979,
                                                                "Actual Rows": 123125,
                                                                "Actual Loops": 1
                                                            },
                                                            {
                                                                "Worker Number": 1,
                                                                "Actual Startup Time": 0.199,
                                                                "Actual Total Time": 334.889,
                                                                "Actual Rows": 155238,
                                                                "Actual Loops": 1
                                                            },
                                                            {
                                                                "Worker Number": 2,
                                                                "Actual Startup Time": 0.229,
                                                                "Actual Total Time": 331.767,
                                                                "Actual Rows": 157751,
                                                                "Actual Loops": 1
                                                            }
                                                        ]
                                                    },
                                                    {
                                                        "Node Type": "Hash",
                                                        "Parent Relationship": "Inner",
                                                        "Parallel Aware": true,
                                                        "Startup Cost": 43899.01,
                                                        "Total Cost": 43899.01,
                                                        "Plan Rows": 383209,
                                                        "Plan Width": 4,
                                                        "Actual Startup Time": 362.252,
                                                        "Actual Total Time": 362.254,
                                                        "Actual Rows": 385816,
                                                        "Actual Loops": 4,
                                                        "Output": [
                                                            "t.id"
                                                        ],
                                                        "Hash Buckets": 2097152,
                                                        "Original Hash Buckets": 2097152,
                                                        "Hash Batches": 1,
                                                        "Original Hash Batches": 1,
                                                        "Peak Memory Usage": 76800,
                                                        "Workers": [
                                                            {
                                                                "Worker Number": 0,
                                                                "Actual Startup Time": 368.087,
                                                                "Actual Total Time": 368.089,
                                                                "Actual Rows": 331332,
                                                                "Actual Loops": 1
                                                            },
                                                            {
                                                                "Worker Number": 1,
                                                                "Actual Startup Time": 368.218,
                                                                "Actual Total Time": 368.22,
                                                                "Actual Rows": 402447,
                                                                "Actual Loops": 1
                                                            },
                                                            {
                                                                "Worker Number": 2,
                                                                "Actual Startup Time": 368.079,
                                                                "Actual Total Time": 368.081,
                                                                "Actual Rows": 404771,
                                                                "Actual Loops": 1
                                                            }
                                                        ],
                                                        "Plans": [
                                                            {
                                                                "Node Type": "Seq Scan",
                                                                "Parent Relationship": "Outer",
                                                                "Parallel Aware": true,
                                                                "Relation Name": "title",
                                                                "Schema": "public",
                                                                "Alias": "t",
                                                                "Startup Cost": 0.0,
                                                                "Total Cost": 43899.01,
                                                                "Plan Rows": 383209,
                                                                "Plan Width": 4,
                                                                "Actual Startup Time": 0.093,
                                                                "Actual Total Time": 139.327,
                                                                "Actual Rows": 385816,
                                                                "Actual Loops": 4,
                                                                "Output": [
                                                                    "t.id"
                                                                ],
                                                                "Filter": "(t.kind_id = 7)",
                                                                "Rows Removed by Filter": 246262,
                                                                "Workers": [
                                                                    {
                                                                        "Worker Number": 0,
                                                                        "Actual Startup Time": 0.13,
                                                                        "Actual Total Time": 142.068,
                                                                        "Actual Rows": 331332,
                                                                        "Actual Loops": 1
                                                                    },
                                                                    {
                                                                        "Worker Number": 1,
                                                                        "Actual Startup Time": 0.105,
                                                                        "Actual Total Time": 146.845,
                                                                        "Actual Rows": 402447,
                                                                        "Actual Loops": 1
                                                                    },
                                                                    {
                                                                        "Worker Number": 2,
                                                                        "Actual Startup Time": 0.105,
                                                                        "Actual Total Time": 147.009,
                                                                        "Actual Rows": 404771,
                                                                        "Actual Loops": 1
                                                                    }
                                                                ]
                                                            }
                                                        ]
                                                    }
                                                ]
                                            }
                                        ]
                                    }
                                ]
                            }
                        ]
                    }
                ]
            }
        ]
    },
    "Planning Time": 1.722,
    "Triggers": [],
    "Execution Time": 1100.759
}