[
  {
    "Plan": {
      "Node Type": "Aggregate",
      "Strategy": "Plain",
      "Partial Mode": "Finalize",
      "Parallel Aware": false,
      "Startup Cost": 38178.87,
      "Total Cost": 38178.88,
      "Plan Rows": 1,
      "Plan Width": 8,
      "Actual Startup Time": 22.562,
      "Actual Total Time": 25.717,
      "Actual Rows": 1,
      "Actual Loops": 1,
      "Plans": [
        {
          "Node Type": "Gather",
          "Parent Relationship": "Outer",
          "Parallel Aware": false,
          "Startup Cost": 38178.55,
          "Total Cost": 38178.86,
          "Plan Rows": 3,
          "Plan Width": 8,
          "Actual Startup Time": 21.791,
          "Actual Total Time": 25.711,
          "Actual Rows": 4,
          "Actual Loops": 1,
          "Workers Planned": 3,
          "Workers Launched": 3,
          "Single Copy": false,
          "Plans": [
            {
              "Node Type": "Aggregate",
              "Strategy": "Plain",
              "Partial Mode": "Partial",
              "Parent Relationship": "Outer",
              "Parallel Aware": false,
              "Startup Cost": 37178.55,
              "Total Cost": 37178.56,
              "Plan Rows": 1,
              "Plan Width": 8,
              "Actual Startup Time": 16.414,
              "Actual Total Time": 16.415,
              "Actual Rows": 1,
              "Actual Loops": 4,
              "Plans": [
                {
                  "Node Type": "Nested Loop",
                  "Parent Relationship": "Outer",
                  "Parallel Aware": false,
                  "Join Type": "Inner",
                  "Startup Cost": 358.81,
                  "Total Cost": 37172.04,
                  "Plan Rows": 2606,
                  "Plan Width": 0,
                  "Actual Startup Time": 0.648,
                  "Actual Total Time": 16.139,
                  "Actual Rows": 2020,
                  "Actual Loops": 4,
                  "Inner Unique": true,
                  "Plans": [
                    {
                      "Node Type": "Bitmap Heap Scan",
                      "Parent Relationship": "Outer",
                      "Parallel Aware": true,
                      "Relation Name": "movie_companies",
                      "Alias": "mc",
                      "Startup Cost": 358.38,
                      "Total Cost": 19437.64,
                      "Plan Rows": 2606,
                      "Plan Width": 4,
                      "Actual Startup Time": 0.517,
                      "Actual Total Time": 1.991,
                      "Actual Rows": 2020,
                      "Actual Loops": 4,
                      "Recheck Cond": "(company_id = 166)",
                      "Rows Removed by Index Recheck": 0,
                      "Filter": "(company_type_id = 1)",
                      "Rows Removed by Filter": 2035,
                      "Exact Heap Blocks": 344,
                      "Lossy Heap Blocks": 0,
                      "Plans": [
                        {
                          "Node Type": "Bitmap Index Scan",
                          "Parent Relationship": "Outer",
                          "Parallel Aware": false,
                          "Index Name": "company_id_movie_companies",
                          "Startup Cost": 0.0,
                          "Total Cost": 356.36,
                          "Plan Rows": 16524,
                          "Plan Width": 0,
                          "Actual Startup Time": 1.73,
                          "Actual Total Time": 1.73,
                          "Actual Rows": 16220,
                          "Actual Loops": 1,
                          "Index Cond": "(company_id = 166)"
                        }
                      ]
                    },
                    {
                      "Node Type": "Index Only Scan",
                      "Parent Relationship": "Inner",
                      "Parallel Aware": false,
                      "Scan Direction": "Forward",
                      "Index Name": "title_pkey",
                      "Relation Name": "title",
                      "Alias": "t",
                      "Startup Cost": 0.43,
                      "Total Cost": 6.81,
                      "Plan Rows": 1,
                      "Plan Width": 4,
                      "Actual Startup Time": 0.006,
                      "Actual Total Time": 0.006,
                      "Actual Rows": 1,
                      "Actual Loops": 8081,
                      "Index Cond": "(id = mc.movie_id)",
                      "Rows Removed by Index Recheck": 0,
                      "Heap Fetches": 8081
                    }
                  ]
                }
              ]
            }
          ]
        }
      ]
    },
    "Planning Time": 0.299,
    "Triggers": [],
    "Execution Time": 25.756
  }
]