[
  {
    "Plan": {
      "Node Type": "Aggregate",
      "Strategy": "Plain",
      "Partial Mode": "Finalize",
      "Parallel Aware": false,
      "Startup Cost": 32118.81,
      "Total Cost": 32118.82,
      "Plan Rows": 1,
      "Plan Width": 8,
      "Actual Startup Time": 138.508,
      "Actual Total Time": 147.249,
      "Actual Rows": 1,
      "Actual Loops": 1,
      "Plans": [
        {
          "Node Type": "Gather",
          "Parent Relationship": "Outer",
          "Parallel Aware": false,
          "Startup Cost": 32118.5,
          "Total Cost": 32118.81,
          "Plan Rows": 3,
          "Plan Width": 8,
          "Actual Startup Time": 138.356,
          "Actual Total Time": 147.239,
          "Actual Rows": 4,
          "Actual Loops": 1,
          "Workers Planned": 3,
          "Workers Launched": 3,
          "Single Copy": false,
          "Plans": [
            {
              "Node Type": "Aggregate",
              "Strategy": "Plain",
              "Partial Mode": "Partial",
              "Parent Relationship": "Outer",
              "Parallel Aware": false,
              "Startup Cost": 31118.5,
              "Total Cost": 31118.51,
              "Plan Rows": 1,
              "Plan Width": 8,
              "Actual Startup Time": 132.909,
              "Actual Total Time": 132.911,
              "Actual Rows": 1,
              "Actual Loops": 4,
              "Plans": [
                {
                  "Node Type": "Seq Scan",
                  "Parent Relationship": "Outer",
                  "Parallel Aware": true,
                  "Relation Name": "movie_companies",
                  "Alias": "mc",
                  "Startup Cost": 0.0,
                  "Total Cost": 29310.68,
                  "Plan Rows": 723126,
                  "Plan Width": 0,
                  "Actual Startup Time": 0.104,
                  "Actual Total Time": 100.27,
                  "Actual Rows": 561921,
                  "Actual Loops": 4,
                  "Filter": "(company_id > 181)",
                  "Rows Removed by Filter": 90361
                }
              ]
            }
          ]
        }
      ]
    },
    "Planning Time": 0.198,
    "Triggers": [],
    "Execution Time": 147.308
  }
]