{
  "Plan": {
    "Node Type": "Aggregate",
    "Strategy": "Plain",
    "Partial Mode": "Finalize",
    "Parallel Aware": false,
    "Startup Cost": 1050894.9,
    "Total Cost": 1050894.91,
    "Plan Rows": 1,
    "Plan Width": 96,
    "Actual Startup Time": 9397.127,
    "Actual Total Time": 9578.101,
    "Actual Rows": 1,
    "Actual Loops": 1,
    "Plans": [
      {
        "Node Type": "Gather",
        "Parent Relationship": "Outer",
        "Parallel Aware": false,
        "Startup Cost": 1050894.79,
        "Total Cost": 1050894.9,
        "Plan Rows": 1,
        "Plan Width": 96,
        "Actual Startup Time": 9360.506,
        "Actual Total Time": 9578.085,
        "Actual Rows": 2,
        "Actual Loops": 1,
        "Workers Planned": 1,
        "Workers Launched": 1,
        "Single Copy": false,
        "Plans": [
          {
            "Node Type": "Aggregate",
            "Strategy": "Plain",
            "Partial Mode": "Partial",
            "Parent Relationship": "Outer",
            "Parallel Aware": false,
            "Startup Cost": 1049894.79,
            "Total Cost": 1049894.8,
            "Plan Rows": 1,
            "Plan Width": 96,
            "Actual Startup Time": 9352.806,
            "Actual Total Time": 9355.397,
            "Actual Rows": 1,
            "Actual Loops": 2,
            "Plans": [
              {
                "Node Type": "Hash Join",
                "Parent Relationship": "Outer",
                "Parallel Aware": false,
                "Join Type": "Inner",
                "Startup Cost": 733459.45,
                "Total Cost": 1049894.77,
                "Plan Rows": 2,
                "Plan Width": 66,
                "Actual Startup Time": 7352.892,
                "Actual Total Time": 9348.415,
                "Actual Rows": 38008,
                "Actual Loops": 2,
                "Inner Unique": true,
                "Hash Cond": "(mi_idx.info_type_id = it2.id)",
                "Plans": [
                  {
                    "Node Type": "Nested Loop",
                    "Parent Relationship": "Outer",
                    "Parallel Aware": false,
                    "Join Type": "Inner",
                    "Startup Cost": 733457.03,
                    "Total Cost": 1049891.8,
                    "Plan Rows": 201,
                    "Plan Width": 70,
                    "Actual Startup Time": 7352.597,
                    "Actual Total Time": 9335.931,
                    "Actual Rows": 114528,
                    "Actual Loops": 2,
                    "Inner Unique": true,
                    "Plans": [
                      {
                        "Node Type": "Hash Join",
                        "Parent Relationship": "Outer",
                        "Parallel Aware": false,
                        "Join Type": "Inner",
                        "Startup Cost": 733456.6,
                        "Total Cost": 1049440.83,
                        "Plan Rows": 880,
                        "Plan Width": 74,
                        "Actual Startup Time": 7352.082,
                        "Actual Total Time": 7828.367,
                        "Actual Rows": 745593,
                        "Actual Loops": 2,
                        "Inner Unique": true,
                        "Hash Cond": "(mi.info_type_id = it1.id)",
                        "Plans": [
                          {
                            "Node Type": "Hash Join",
                            "Parent Relationship": "Outer",
                            "Parallel Aware": true,
                            "Join Type": "Inner",
                            "Startup Cost": 733454.17,
                            "Total Cost": 1049167.59,
                            "Plan Rows": 99439,
                            "Plan Width": 78,
                            "Actual Startup Time": 6942.13,
                            "Actual Total Time": 7722.423,
                            "Actual Rows": 775870,
                            "Actual Loops": 2,
                            "Inner Unique": false,
                            "Hash Cond": "(mi.movie_id = t.id)",
                            "Plans": [
                              {
                                "Node Type": "Seq Scan",
                                "Parent Relationship": "Outer",
                                "Parallel Aware": true,
                                "Relation Name": "movie_info",
                                "Alias": "mi",
                                "Startup Cost": 0.0,
                                "Total Cost": 314746.6,
                                "Plan Rows": 101836,
                                "Plan Width": 51,
                                "Actual Startup Time": 626.012,
                                "Actual Total Time": 1169.327,
                                "Actual Rows": 84296,
                                "Actual Loops": 2,
                                "Filter": "(info = ANY ('{Crime,War,Western,Family,Action,Sci-Fi}'::text[]))",
                                "Rows Removed by Filter": 7333564
                              },
                              {
                                "Node Type": "Hash",
                                "Parent Relationship": "Inner",
                                "Parallel Aware": true,
                                "Startup Cost": 715302.08,
                                "Total Cost": 715302.08,
                                "Plan Rows": 1452167,
                                "Plan Width": 43,
                                "Actual Startup Time": 6296.608,
                                "Actual Total Time": 6299.19,
                                "Actual Rows": 2826912,
                                "Actual Loops": 2,
                                "Hash Buckets": 8388608,
                                "Original Hash Buckets": 4194304,
                                "Hash Batches": 1,
                                "Original Hash Batches": 1,
                                "Peak Memory Usage": 549344,
                                "Plans": [
                                  {
                                    "Node Type": "Hash Join",
                                    "Parent Relationship": "Outer",
                                    "Parallel Aware": true,
                                    "Join Type": "Inner",
                                    "Startup Cost": 97790.54,
                                    "Total Cost": 715302.08,
                                    "Plan Rows": 1452167,
                                    "Plan Width": 43,
                                    "Actual Startup Time": 1371.508,
                                    "Actual Total Time": 4825.386,
                                    "Actual Rows": 2826912,
                                    "Actual Loops": 2,
                                    "Inner Unique": false,
                                    "Hash Cond": "(ci.movie_id = t.id)",
                                    "Plans": [
                                      {
                                        "Node Type": "Seq Scan",
                                        "Parent Relationship": "Outer",
                                        "Parallel Aware": true,
                                        "Relation Name": "cast_info",
                                        "Alias": "ci",
                                        "Startup Cost": 0.0,
                                        "Total Cost": 598993.12,
                                        "Plan Rows": 2660341,
                                        "Plan Width": 8,
                                        "Actual Startup Time": 0.072,
                                        "Actual Total Time": 2140.789,
                                        "Actual Rows": 2242188,
                                        "Actual Loops": 2,
                                        "Filter": "(note = ANY ('{\"(executive producer)\",(producer),(uncredited),(writer),(voice)}'::text[]))",
                                        "Rows Removed by Filter": 15879984
                                      },
                                      {
                                        "Node Type": "Hash",
                                        "Parent Relationship": "Inner",
                                        "Parallel Aware": true,
                                        "Startup Cost": 87643.22,
                                        "Total Cost": 87643.22,
                                        "Plan Rows": 811785,
                                        "Plan Width": 35,
                                        "Actual Startup Time": 1364.894,
                                        "Actual Total Time": 1367.473,
                                        "Actual Rows": 690018,
                                        "Actual Loops": 2,
                                        "Hash Buckets": 2097152,
                                        "Original Hash Buckets": 2097152,
                                        "Hash Batches": 1,
                                        "Original Hash Batches": 1,
                                        "Peak Memory Usage": 115200,
                                        "Plans": [
                                          {
                                            "Node Type": "Hash Join",
                                            "Parent Relationship": "Outer",
                                            "Parallel Aware": true,
                                            "Join Type": "Inner",
                                            "Startup Cost": 69459.43,
                                            "Total Cost": 87643.22,
                                            "Plan Rows": 811785,
                                            "Plan Width": 35,
                                            "Actual Startup Time": 773.001,
                                            "Actual Total Time": 1086.466,
                                            "Actual Rows": 690018,
                                            "Actual Loops": 2,
                                            "Inner Unique": true,
                                            "Hash Cond": "(mi_idx.movie_id = t.id)",
                                            "Plans": [
                                              {
                                                "Node Type": "Seq Scan",
                                                "Parent Relationship": "Outer",
                                                "Parallel Aware": true,
                                                "Relation Name": "movie_info_idx",
                                                "Alias": "mi_idx",
                                                "Startup Cost": 0.0,
                                                "Total Cost": 16052.85,
                                                "Plan Rows": 811785,
                                                "Plan Width": 14,
                                                "Actual Startup Time": 0.015,
                                                "Actual Total Time": 66.499,
                                                "Actual Rows": 690018,
                                                "Actual Loops": 2
                                              },
                                              {
                                                "Node Type": "Hash",
                                                "Parent Relationship": "Inner",
                                                "Parallel Aware": true,
                                                "Startup Cost": 50869.75,
                                                "Total Cost": 50869.75,
                                                "Plan Rows": 1487175,
                                                "Plan Width": 21,
                                                "Actual Startup Time": 760.659,
                                                "Actual Total Time": 760.66,
                                                "Actual Rows": 1264156,
                                                "Actual Loops": 2,
                                                "Hash Buckets": 4194304,
                                                "Original Hash Buckets": 4194304,
                                                "Hash Batches": 1,
                                                "Original Hash Batches": 1,
                                                "Peak Memory Usage": 174752,
                                                "Plans": [
                                                  {
                                                    "Node Type": "Seq Scan",
                                                    "Parent Relationship": "Outer",
                                                    "Parallel Aware": true,
                                                    "Relation Name": "title",
                                                    "Alias": "t",
                                                    "Startup Cost": 0.0,
                                                    "Total Cost": 50869.75,
                                                    "Plan Rows": 1487175,
                                                    "Plan Width": 21,
                                                    "Actual Startup Time": 0.05,
                                                    "Actual Total Time": 202.773,
                                                    "Actual Rows": 1264156,
                                                    "Actual Loops": 2
                                                  }
                                                ]
                                              }
                                            ]
                                          }
                                        ]
                                      }
                                    ]
                                  }
                                ]
                              }
                            ]
                          },
                          {
                            "Node Type": "Hash",
                            "Parent Relationship": "Inner",
                            "Parallel Aware": false,
                            "Startup Cost": 2.41,
                            "Total Cost": 2.41,
                            "Plan Rows": 1,
                            "Plan Width": 4,
                            "Actual Startup Time": 0.041,
                            "Actual Total Time": 0.043,
                            "Actual Rows": 1,
                            "Actual Loops": 2,
                            "Hash Buckets": 1024,
                            "Original Hash Buckets": 1024,
                            "Hash Batches": 1,
                            "Original Hash Batches": 1,
                            "Peak Memory Usage": 9,
                            "Plans": [
                              {
                                "Node Type": "Seq Scan",
                                "Parent Relationship": "Outer",
                                "Parallel Aware": false,
                                "Relation Name": "info_type",
                                "Alias": "it1",
                                "Startup Cost": 0.0,
                                "Total Cost": 2.41,
                                "Plan Rows": 1,
                                "Plan Width": 4,
                                "Actual Startup Time": 0.014,
                                "Actual Total Time": 0.031,
                                "Actual Rows": 1,
                                "Actual Loops": 2,
                                "Filter": "((info)::text = 'genres'::text)",
                                "Rows Removed by Filter": 112
                              }
                            ]
                          }
                        ]
                      },
                      {
                        "Node Type": "Index Scan",
                        "Parent Relationship": "Inner",
                        "Parallel Aware": false,
                        "Scan Direction": "Forward",
                        "Index Name": "name_pkey",
                        "Relation Name": "name",
                        "Alias": "n",
                        "Startup Cost": 0.43,
                        "Total Cost": 0.51,
                        "Plan Rows": 1,
                        "Plan Width": 4,
                        "Actual Startup Time": 0.002,
                        "Actual Total Time": 0.002,
                        "Actual Rows": 0,
                        "Actual Loops": 1491186,
                        "Index Cond": "(id = ci.person_id)",
                        "Rows Removed by Index Recheck": 0,
                        "Filter": "((gender)::text = 'f'::text)",
                        "Rows Removed by Filter": 1
                      }
                    ]
                  },
                  {
                    "Node Type": "Hash",
                    "Parent Relationship": "Inner",
                    "Parallel Aware": false,
                    "Startup Cost": 2.41,
                    "Total Cost": 2.41,
                    "Plan Rows": 1,
                    "Plan Width": 4,
                    "Actual Startup Time": 0.07,
                    "Actual Total Time": 0.071,
                    "Actual Rows": 1,
                    "Actual Loops": 2,
                    "Hash Buckets": 1024,
                    "Original Hash Buckets": 1024,
                    "Hash Batches": 1,
                    "Original Hash Batches": 1,
                    "Peak Memory Usage": 9,
                    "Plans": [
                      {
                        "Node Type": "Seq Scan",
                        "Parent Relationship": "Outer",
                        "Parallel Aware": false,
                        "Relation Name": "info_type",
                        "Alias": "it2",
                        "Startup Cost": 0.0,
                        "Total Cost": 2.41,
                        "Plan Rows": 1,
                        "Plan Width": 4,
                        "Actual Startup Time": 0.049,
                        "Actual Total Time": 0.054,
                        "Actual Rows": 1,
                        "Actual Loops": 2,
                        "Filter": "((info)::text = 'votes'::text)",
                        "Rows Removed by Filter": 112
                      }
                    ]
                  }
                ]
              }
            ]
          }
        ]
      }
    ]
  },
  "Planning Time": 1.138,
  "Triggers": [],
  "Execution Time": 9578.235
}