[
  {
    "Plan": {
      "Node Type": "Aggregate",
      "Strategy": "Plain",
      "Partial Mode": "Finalize",
      "Parallel Aware": false,
      "Startup Cost": 31996.73,
      "Total Cost": 31996.74,
      "Plan Rows": 1,
      "Plan Width": 8,
      "Actual Startup Time": 110.01,
      "Actual Total Time": 118.627,
      "Actual Rows": 1,
      "Actual Loops": 1,
      "Plans": [
        {
          "Node Type": "Gather",
          "Parent Relationship": "Outer",
          "Parallel Aware": false,
          "Startup Cost": 31996.41,
          "Total Cost": 31996.72,
          "Plan Rows": 3,
          "Plan Width": 8,
          "Actual Startup Time": 109.881,
          "Actual Total Time": 118.617,
          "Actual Rows": 4,
          "Actual Loops": 1,
          "Workers Planned": 3,
          "Workers Launched": 3,
          "Single Copy": false,
          "Plans": [
            {
              "Node Type": "Aggregate",
              "Strategy": "Plain",
              "Partial Mode": "Partial",
              "Parent Relationship": "Outer",
              "Parallel Aware": false,
              "Startup Cost": 30996.41,
              "Total Cost": 30996.42,
              "Plan Rows": 1,
              "Plan Width": 8,
              "Actual Startup Time": 104.683,
              "Actual Total Time": 104.684,
              "Actual Rows": 1,
              "Actual Loops": 4,
              "Plans": [
                {
                  "Node Type": "Seq Scan",
                  "Parent Relationship": "Outer",
                  "Parallel Aware": true,
                  "Relation Name": "movie_companies",
                  "Alias": "mc",
                  "Startup Cost": 0.0,
                  "Total Cost": 29310.68,
                  "Plan Rows": 674293,
                  "Plan Width": 0,
                  "Actual Startup Time": 0.039,
                  "Actual Total Time": 80.088,
                  "Actual Rows": 523106,
                  "Actual Loops": 4,
                  "Filter": "(company_id < 73517)",
                  "Rows Removed by Filter": 129176
                }
              ]
            }
          ]
        }
      ]
    },
    "Planning Time": 0.098,
    "Triggers": [],
    "Execution Time": 118.668
  }
]