[
  {
    "Plan": {
      "Node Type": "Aggregate",
      "Strategy": "Plain",
      "Partial Mode": "Finalize",
      "Parallel Aware": false,
      "Startup Cost": 44294.29,
      "Total Cost": 44294.3,
      "Plan Rows": 1,
      "Plan Width": 8,
      "Actual Startup Time": 120.754,
      "Actual Total Time": 130.439,
      "Actual Rows": 1,
      "Actual Loops": 1,
      "Plans": [
        {
          "Node Type": "Gather",
          "Parent Relationship": "Outer",
          "Parallel Aware": false,
          "Startup Cost": 44293.97,
          "Total Cost": 44294.28,
          "Plan Rows": 3,
          "Plan Width": 8,
          "Actual Startup Time": 120.645,
          "Actual Total Time": 130.43,
          "Actual Rows": 4,
          "Actual Loops": 1,
          "Workers Planned": 3,
          "Workers Launched": 3,
          "Single Copy": false,
          "Plans": [
            {
              "Node Type": "Aggregate",
              "Strategy": "Plain",
              "Partial Mode": "Partial",
              "Parent Relationship": "Outer",
              "Parallel Aware": false,
              "Startup Cost": 43293.97,
              "Total Cost": 43293.98,
              "Plan Rows": 1,
              "Plan Width": 8,
              "Actual Startup Time": 112.419,
              "Actual Total Time": 112.42,
              "Actual Rows": 1,
              "Actual Loops": 4,
              "Plans": [
                {
                  "Node Type": "Seq Scan",
                  "Parent Relationship": "Outer",
                  "Parallel Aware": true,
                  "Relation Name": "movie_keyword",
                  "Alias": "mk",
                  "Startup Cost": 0.0,
                  "Total Cost": 42695.65,
                  "Plan Rows": 239328,
                  "Plan Width": 0,
                  "Actual Startup Time": 6.392,
                  "Actual Total Time": 102.968,
                  "Actual Rows": 183611,
                  "Actual Loops": 4,
                  "Filter": "(keyword_id > 25623)",
                  "Rows Removed by Filter": 947372
                }
              ]
            }
          ]
        }
      ]
    },
    "Planning Time": 0.177,
    "Triggers": [],
    "Execution Time": 130.492
  }
]