{
  "Plan": {
    "Node Type": "Aggregate",
    "Strategy": "Plain",
    "Partial Mode": "Finalize",
    "Parallel Aware": false,
    "Startup Cost": 696691.59,
    "Total Cost": 696691.6,
    "Plan Rows": 1,
    "Plan Width": 8,
    "Actual Startup Time": 6407.529,
    "Actual Total Time": 6462.096,
    "Actual Rows": 1,
    "Actual Loops": 1,
    "Plans": [
      {
        "Node Type": "Gather",
        "Parent Relationship": "Outer",
        "Parallel Aware": false,
        "Startup Cost": 696691.48,
        "Total Cost": 696691.59,
        "Plan Rows": 1,
        "Plan Width": 8,
        "Actual Startup Time": 6403.81,
        "Actual Total Time": 6462.088,
        "Actual Rows": 2,
        "Actual Loops": 1,
        "Workers Planned": 1,
        "Workers Launched": 1,
        "Single Copy": false,
        "Plans": [
          {
            "Node Type": "Aggregate",
            "Strategy": "Plain",
            "Partial Mode": "Partial",
            "Parent Relationship": "Outer",
            "Parallel Aware": false,
            "Startup Cost": 695691.48,
            "Total Cost": 695691.49,
            "Plan Rows": 1,
            "Plan Width": 8,
            "Actual Startup Time": 6397.274,
            "Actual Total Time": 6397.28,
            "Actual Rows": 1,
            "Actual Loops": 2,
            "Plans": [
              {
                "Node Type": "Hash Join",
                "Parent Relationship": "Outer",
                "Parallel Aware": true,
                "Join Type": "Inner",
                "Startup Cost": 373669.67,
                "Total Cost": 686867.97,
                "Plan Rows": 3529404,
                "Plan Width": 0,
                "Actual Startup Time": 1994.158,
                "Actual Total Time": 5703.86,
                "Actual Rows": 16125074,
                "Actual Loops": 2,
                "Inner Unique": false,
                "Hash Cond": "(mi.movie_id = t.id)",
                "Plans": [
                  {
                    "Node Type": "Seq Scan",
                    "Parent Relationship": "Outer",
                    "Parallel Aware": true,
                    "Relation Name": "movie_info",
                    "Alias": "mi",
                    "Startup Cost": 0.0,
                    "Total Cost": 248955.74,
                    "Plan Rows": 8696274,
                    "Plan Width": 4,
                    "Actual Startup Time": 0.016,
                    "Actual Total Time": 616.048,
                    "Actual Rows": 7417860,
                    "Actual Loops": 2
                  },
                  {
                    "Node Type": "Hash",
                    "Parent Relationship": "Inner",
                    "Parallel Aware": true,
                    "Startup Cost": 366124.72,
                    "Total Cost": 366124.72,
                    "Plan Rows": 603596,
                    "Plan Width": 8,
                    "Actual Startup Time": 1983.136,
                    "Actual Total Time": 1983.141,
                    "Actual Rows": 643946,
                    "Actual Loops": 2,
                    "Hash Buckets": 2097152,
                    "Original Hash Buckets": 1048576,
                    "Hash Batches": 1,
                    "Original Hash Batches": 1,
                    "Peak Memory Usage": 74976,
                    "Plans": [
                      {
                        "Node Type": "Hash Join",
                        "Parent Relationship": "Outer",
                        "Parallel Aware": true,
                        "Join Type": "Inner",
                        "Startup Cost": 60316.51,
                        "Total Cost": 366124.72,
                        "Plan Rows": 603596,
                        "Plan Width": 8,
                        "Actual Startup Time": 194.095,
                        "Actual Total Time": 1766.385,
                        "Actual Rows": 643946,
                        "Actual Loops": 2,
                        "Inner Unique": true,
                        "Hash Cond": "(ci.movie_id = t.id)",
                        "Plans": [
                          {
                            "Node Type": "Index Scan",
                            "Parent Relationship": "Outer",
                            "Parallel Aware": true,
                            "Scan Direction": "Forward",
                            "Index Name": "role_id_cast_info",
                            "Relation Name": "cast_info",
                            "Alias": "ci",
                            "Startup Cost": 0.56,
                            "Total Cost": 291150.53,
                            "Plan Rows": 5584086,
                            "Plan Width": 4,
                            "Actual Startup Time": 0.184,
                            "Actual Total Time": 624.829,
                            "Actual Rows": 4692352,
                            "Actual Loops": 2,
                            "Index Cond": "(role_id > 4)",
                            "Rows Removed by Index Recheck": 0
                          },
                          {
                            "Node Type": "Hash",
                            "Parent Relationship": "Inner",
                            "Parallel Aware": true,
                            "Startup Cost": 58306.47,
                            "Total Cost": 58306.47,
                            "Plan Rows": 160758,
                            "Plan Width": 4,
                            "Actual Startup Time": 190.998,
                            "Actual Total Time": 190.999,
                            "Actual Rows": 207194,
                            "Actual Loops": 2,
                            "Hash Buckets": 524288,
                            "Original Hash Buckets": 524288,
                            "Hash Batches": 1,
                            "Original Hash Batches": 1,
                            "Peak Memory Usage": 20320,
                            "Plans": [
                              {
                                "Node Type": "Seq Scan",
                                "Parent Relationship": "Outer",
                                "Parallel Aware": true,
                                "Relation Name": "title",
                                "Alias": "t",
                                "Startup Cost": 0.0,
                                "Total Cost": 58306.47,
                                "Plan Rows": 160758,
                                "Plan Width": 4,
                                "Actual Startup Time": 0.104,
                                "Actual Total Time": 142.61,
                                "Actual Rows": 207194,
                                "Actual Loops": 2,
                                "Filter": "((kind_id < 4) AND (production_year < 1995))",
                                "Rows Removed by Filter": 1056962
                              }
                            ]
                          }
                        ]
                      }
                    ]
                  }
                ]
              }
            ]
          }
        ]
      }
    ]
  },
  "Planning Time": 0.989,
  "Triggers": [],
  "Execution Time": 6462.192
}