[
  {
    "Plan": {
      "Node Type": "Aggregate",
      "Strategy": "Plain",
      "Partial Mode": "Finalize",
      "Parallel Aware": false,
      "Startup Cost": 32650.72,
      "Total Cost": 32650.73,
      "Plan Rows": 1,
      "Plan Width": 8,
      "Actual Startup Time": 85.133,
      "Actual Total Time": 93.062,
      "Actual Rows": 1,
      "Actual Loops": 1,
      "Plans": [
        {
          "Node Type": "Gather",
          "Parent Relationship": "Outer",
          "Parallel Aware": false,
          "Startup Cost": 32650.4,
          "Total Cost": 32650.71,
          "Plan Rows": 3,
          "Plan Width": 8,
          "Actual Startup Time": 85.037,
          "Actual Total Time": 93.056,
          "Actual Rows": 4,
          "Actual Loops": 1,
          "Workers Planned": 3,
          "Workers Launched": 3,
          "Single Copy": false,
          "Plans": [
            {
              "Node Type": "Aggregate",
              "Strategy": "Plain",
              "Partial Mode": "Partial",
              "Parent Relationship": "Outer",
              "Parallel Aware": false,
              "Startup Cost": 31650.4,
              "Total Cost": 31650.41,
              "Plan Rows": 1,
              "Plan Width": 8,
              "Actual Startup Time": 76.603,
              "Actual Total Time": 76.604,
              "Actual Rows": 1,
              "Actual Loops": 4,
              "Plans": [
                {
                  "Node Type": "Seq Scan",
                  "Parent Relationship": "Outer",
                  "Parallel Aware": true,
                  "Relation Name": "movie_companies",
                  "Alias": "mc",
                  "Startup Cost": 0.0,
                  "Total Cost": 31414.82,
                  "Plan Rows": 94234,
                  "Plan Width": 0,
                  "Actual Startup Time": 47.983,
                  "Actual Total Time": 74.978,
                  "Actual Rows": 38669,
                  "Actual Loops": 4,
                  "Filter": "((company_id < 598) AND (company_type_id > 1))",
                  "Rows Removed by Filter": 613614
                }
              ]
            }
          ]
        }
      ]
    },
    "Planning Time": 0.189,
    "Triggers": [],
    "Execution Time": 93.111
  }
]