{
  "Plan": {
    "Node Type": "Aggregate",
    "Strategy": "Plain",
    "Partial Mode": "Finalize",
    "Parallel Aware": false,
    "Startup Cost": 2547614.76,
    "Total Cost": 2547614.77,
    "Plan Rows": 1,
    "Plan Width": 8,
    "Actual Startup Time": 10820.119,
    "Actual Total Time": 10820.202,
    "Actual Rows": 1,
    "Actual Loops": 1,
    "Plans": [
      {
        "Node Type": "Gather",
        "Parent Relationship": "Outer",
        "Parallel Aware": false,
        "Startup Cost": 2547614.65,
        "Total Cost": 2547614.76,
        "Plan Rows": 1,
        "Plan Width": 8,
        "Actual Startup Time": 10820.108,
        "Actual Total Time": 10820.196,
        "Actual Rows": 2,
        "Actual Loops": 1,
        "Workers Planned": 1,
        "Workers Launched": 1,
        "Single Copy": false,
        "Plans": [
          {
            "Node Type": "Aggregate",
            "Strategy": "Plain",
            "Partial Mode": "Partial",
            "Parent Relationship": "Outer",
            "Parallel Aware": false,
            "Startup Cost": 2546614.65,
            "Total Cost": 2546614.66,
            "Plan Rows": 1,
            "Plan Width": 8,
            "Actual Startup Time": 10450.271,
            "Actual Total Time": 10450.274,
            "Actual Rows": 1,
            "Actual Loops": 2,
            "Plans": [
              {
                "Node Type": "Merge Join",
                "Parent Relationship": "Outer",
                "Parallel Aware": false,
                "Join Type": "Inner",
                "Startup Cost": 46.18,
                "Total Cost": 2519027.63,
                "Plan Rows": 11034808,
                "Plan Width": 0,
                "Actual Startup Time": 2.346,
                "Actual Total Time": 10070.978,
                "Actual Rows": 9622071,
                "Actual Loops": 2,
                "Inner Unique": false,
                "Merge Cond": "(t.id = mc.movie_id)",
                "Plans": [
                  {
                    "Node Type": "Nested Loop",
                    "Parent Relationship": "Outer",
                    "Parallel Aware": false,
                    "Join Type": "Inner",
                    "Startup Cost": 0.99,
                    "Total Cost": 2188954.93,
                    "Plan Rows": 10692928,
                    "Plan Width": 8,
                    "Actual Startup Time": 0.223,
                    "Actual Total Time": 7616.1,
                    "Actual Rows": 9867536,
                    "Actual Loops": 2,
                    "Inner Unique": false,
                    "Plans": [
                      {
                        "Node Type": "Index Scan",
                        "Parent Relationship": "Outer",
                        "Parallel Aware": true,
                        "Scan Direction": "Forward",
                        "Index Name": "title_pkey",
                        "Relation Name": "title",
                        "Alias": "t",
                        "Startup Cost": 0.43,
                        "Total Cost": 107365.5,
                        "Plan Rows": 746242,
                        "Plan Width": 4,
                        "Actual Startup Time": 0.076,
                        "Actual Total Time": 735.244,
                        "Actual Rows": 674438,
                        "Actual Loops": 2,
                        "Filter": "((production_year > 1970) AND (kind_id = 7))",
                        "Rows Removed by Filter": 589546
                      },
                      {
                        "Node Type": "Index Only Scan",
                        "Parent Relationship": "Inner",
                        "Parallel Aware": false,
                        "Scan Direction": "Forward",
                        "Index Name": "movie_id_cast_info",
                        "Relation Name": "cast_info",
                        "Alias": "ci",
                        "Startup Cost": 0.56,
                        "Total Cost": 2.42,
                        "Plan Rows": 37,
                        "Plan Width": 4,
                        "Actual Startup Time": 0.002,
                        "Actual Total Time": 0.009,
                        "Actual Rows": 15,
                        "Actual Loops": 1348876,
                        "Index Cond": "(movie_id = t.id)",
                        "Rows Removed by Index Recheck": 0,
                        "Heap Fetches": 19735072
                      }
                    ]
                  },
                  {
                    "Node Type": "Materialize",
                    "Parent Relationship": "Inner",
                    "Parallel Aware": false,
                    "Startup Cost": 0.43,
                    "Total Cost": 146582.27,
                    "Plan Rows": 2609129,
                    "Plan Width": 4,
                    "Actual Startup Time": 0.131,
                    "Actual Total Time": 967.006,
                    "Actual Rows": 11109331,
                    "Actual Loops": 2,
                    "Plans": [
                      {
                        "Node Type": "Index Only Scan",
                        "Parent Relationship": "Outer",
                        "Parallel Aware": false,
                        "Scan Direction": "Forward",
                        "Index Name": "movie_id_movie_companies",
                        "Relation Name": "movie_companies",
                        "Alias": "mc",
                        "Startup Cost": 0.43,
                        "Total Cost": 140059.44,
                        "Plan Rows": 2609129,
                        "Plan Width": 4,
                        "Actual Startup Time": 0.122,
                        "Actual Total Time": 425.396,
                        "Actual Rows": 1760272,
                        "Actual Loops": 2,
                        "Heap Fetches": 3520545
                      }
                    ]
                  }
                ]
              }
            ]
          }
        ]
      }
    ]
  },
  "Planning Time": 1.016,
  "Triggers": [],
  "Execution Time": 10820.294
}