[
  {
    "Plan": {
      "Node Type": "Aggregate",
      "Strategy": "Plain",
      "Partial Mode": "Finalize",
      "Parallel Aware": false,
      "Startup Cost": 69639.82,
      "Total Cost": 69639.83,
      "Plan Rows": 1,
      "Plan Width": 8,
      "Actual Startup Time": 105.391,
      "Actual Total Time": 118.308,
      "Actual Rows": 1,
      "Actual Loops": 1,
      "Plans": [
        {
          "Node Type": "Gather",
          "Parent Relationship": "Outer",
          "Parallel Aware": false,
          "Startup Cost": 69639.4,
          "Total Cost": 69639.81,
          "Plan Rows": 4,
          "Plan Width": 8,
          "Actual Startup Time": 105.268,
          "Actual Total Time": 118.301,
          "Actual Rows": 5,
          "Actual Loops": 1,
          "Workers Planned": 4,
          "Workers Launched": 4,
          "Single Copy": false,
          "Plans": [
            {
              "Node Type": "Aggregate",
              "Strategy": "Plain",
              "Partial Mode": "Partial",
              "Parent Relationship": "Outer",
              "Parallel Aware": false,
              "Startup Cost": 68639.4,
              "Total Cost": 68639.41,
              "Plan Rows": 1,
              "Plan Width": 8,
              "Actual Startup Time": 95.487,
              "Actual Total Time": 95.488,
              "Actual Rows": 1,
              "Actual Loops": 5,
              "Plans": [
                {
                  "Node Type": "Nested Loop",
                  "Parent Relationship": "Outer",
                  "Parallel Aware": false,
                  "Join Type": "Inner",
                  "Startup Cost": 0.43,
                  "Total Cost": 68634.03,
                  "Plan Rows": 2149,
                  "Plan Width": 0,
                  "Actual Startup Time": 0.43,
                  "Actual Total Time": 95.238,
                  "Actual Rows": 2243,
                  "Actual Loops": 5,
                  "Inner Unique": false,
                  "Plans": [
                    {
                      "Node Type": "Seq Scan",
                      "Parent Relationship": "Outer",
                      "Parallel Aware": true,
                      "Relation Name": "title",
                      "Alias": "t",
                      "Startup Cost": 0.0,
                      "Total Cost": 45479.1,
                      "Plan Rows": 2083,
                      "Plan Width": 4,
                      "Actual Startup Time": 0.098,
                      "Actual Total Time": 80.937,
                      "Actual Rows": 1602,
                      "Actual Loops": 5,
                      "Filter": "((kind_id > 1) AND (production_year = 1960))",
                      "Rows Removed by Filter": 504060
                    },
                    {
                      "Node Type": "Index Only Scan",
                      "Parent Relationship": "Inner",
                      "Parallel Aware": false,
                      "Scan Direction": "Forward",
                      "Index Name": "movie_id_movie_companies",
                      "Relation Name": "movie_companies",
                      "Alias": "mc",
                      "Startup Cost": 0.43,
                      "Total Cost": 11.07,
                      "Plan Rows": 5,
                      "Plan Width": 4,
                      "Actual Startup Time": 0.007,
                      "Actual Total Time": 0.008,
                      "Actual Rows": 1,
                      "Actual Loops": 8012,
                      "Index Cond": "(movie_id = t.id)",
                      "Rows Removed by Index Recheck": 0,
                      "Heap Fetches": 11215
                    }
                  ]
                }
              ]
            }
          ]
        }
      ]
    },
    "Planning Time": 0.422,
    "Triggers": [],
    "Execution Time": 118.36
  }
]