{
  "Plan": {
    "Node Type": "Aggregate",
    "Strategy": "Plain",
    "Partial Mode": "Finalize",
    "Parallel Aware": false,
    "Startup Cost": 115618.31,
    "Total Cost": 115618.32,
    "Plan Rows": 1,
    "Plan Width": 8,
    "Actual Startup Time": 397.396,
    "Actual Total Time": 443.791,
    "Actual Rows": 1,
    "Actual Loops": 1,
    "Plans": [
      {
        "Node Type": "Gather",
        "Parent Relationship": "Outer",
        "Parallel Aware": false,
        "Startup Cost": 115618.2,
        "Total Cost": 115618.31,
        "Plan Rows": 1,
        "Plan Width": 8,
        "Actual Startup Time": 397.324,
        "Actual Total Time": 443.784,
        "Actual Rows": 2,
        "Actual Loops": 1,
        "Workers Planned": 1,
        "Workers Launched": 1,
        "Single Copy": false,
        "Plans": [
          {
            "Node Type": "Aggregate",
            "Strategy": "Plain",
            "Partial Mode": "Partial",
            "Parent Relationship": "Outer",
            "Parallel Aware": false,
            "Startup Cost": 114618.2,
            "Total Cost": 114618.21,
            "Plan Rows": 1,
            "Plan Width": 8,
            "Actual Startup Time": 391.315,
            "Actual Total Time": 391.319,
            "Actual Rows": 1,
            "Actual Loops": 2,
            "Plans": [
              {
                "Node Type": "Nested Loop",
                "Parent Relationship": "Outer",
                "Parallel Aware": false,
                "Join Type": "Inner",
                "Startup Cost": 55411.14,
                "Total Cost": 114549.1,
                "Plan Rows": 27638,
                "Plan Width": 0,
                "Actual Startup Time": 151.563,
                "Actual Total Time": 388.503,
                "Actual Rows": 48318,
                "Actual Loops": 2,
                "Inner Unique": false,
                "Join Filter": "(t.id = mi.movie_id)",
                "Rows Removed by Join Filter": 0,
                "Plans": [
                  {
                    "Node Type": "Hash Join",
                    "Parent Relationship": "Outer",
                    "Parallel Aware": true,
                    "Join Type": "Inner",
                    "Startup Cost": 55410.7,
                    "Total Cost": 74204.82,
                    "Plan Rows": 11995,
                    "Plan Width": 8,
                    "Actual Startup Time": 151.498,
                    "Actual Total Time": 236.662,
                    "Actual Rows": 10264,
                    "Actual Loops": 2,
                    "Inner Unique": true,
                    "Hash Cond": "(mi_idx.movie_id = t.id)",
                    "Plans": [
                      {
                        "Node Type": "Seq Scan",
                        "Parent Relationship": "Outer",
                        "Parallel Aware": true,
                        "Relation Name": "movie_info_idx",
                        "Alias": "mi_idx",
                        "Startup Cost": 0.0,
                        "Total Cost": 18082.32,
                        "Plan Rows": 271164,
                        "Plan Width": 4,
                        "Actual Startup Time": 0.02,
                        "Actual Total Time": 48.798,
                        "Actual Rows": 230092,
                        "Actual Loops": 2,
                        "Filter": "(info_type_id > 100)",
                        "Rows Removed by Filter": 459925
                      },
                      {
                        "Node Type": "Hash",
                        "Parent Relationship": "Inner",
                        "Parallel Aware": true,
                        "Startup Cost": 54588.39,
                        "Total Cost": 54588.39,
                        "Plan Rows": 65785,
                        "Plan Width": 4,
                        "Actual Startup Time": 149.214,
                        "Actual Total Time": 149.215,
                        "Actual Rows": 54214,
                        "Actual Loops": 2,
                        "Hash Buckets": 131072,
                        "Original Hash Buckets": 131072,
                        "Hash Batches": 1,
                        "Original Hash Batches": 1,
                        "Peak Memory Usage": 5312,
                        "Plans": [
                          {
                            "Node Type": "Seq Scan",
                            "Parent Relationship": "Outer",
                            "Parallel Aware": true,
                            "Relation Name": "title",
                            "Alias": "t",
                            "Startup Cost": 0.0,
                            "Total Cost": 54588.39,
                            "Plan Rows": 65785,
                            "Plan Width": 4,
                            "Actual Startup Time": 0.036,
                            "Actual Total Time": 134.42,
                            "Actual Rows": 54214,
                            "Actual Loops": 2,
                            "Filter": "(production_year = 2006)",
                            "Rows Removed by Filter": 1209942
                          }
                        ]
                      }
                    ]
                  },
                  {
                    "Node Type": "Index Scan",
                    "Parent Relationship": "Inner",
                    "Parallel Aware": false,
                    "Scan Direction": "Forward",
                    "Index Name": "movie_id_movie_info",
                    "Relation Name": "movie_info",
                    "Alias": "mi",
                    "Startup Cost": 0.43,
                    "Total Cost": 3.15,
                    "Plan Rows": 17,
                    "Plan Width": 4,
                    "Actual Startup Time": 0.005,
                    "Actual Total Time": 0.014,
                    "Actual Rows": 5,
                    "Actual Loops": 20528,
                    "Index Cond": "(movie_id = mi_idx.movie_id)",
                    "Rows Removed by Index Recheck": 0,
                    "Filter": "(info_type_id < 7)",
                    "Rows Removed by Filter": 10
                  }
                ]
              }
            ]
          }
        ]
      }
    ]
  },
  "Planning Time": 0.991,
  "Triggers": [],
  "Execution Time": 443.89
}