[
  {
    "Plan": {
      "Node Type": "Aggregate",
      "Strategy": "Plain",
      "Partial Mode": "Finalize",
      "Parallel Aware": false,
      "Startup Cost": 62676.2,
      "Total Cost": 62676.21,
      "Plan Rows": 1,
      "Plan Width": 8,
      "Actual Startup Time": 184.252,
      "Actual Total Time": 197.791,
      "Actual Rows": 1,
      "Actual Loops": 1,
      "Plans": [
        {
          "Node Type": "Gather",
          "Parent Relationship": "Outer",
          "Parallel Aware": false,
          "Startup Cost": 62675.99,
          "Total Cost": 62676.2,
          "Plan Rows": 2,
          "Plan Width": 8,
          "Actual Startup Time": 184.017,
          "Actual Total Time": 197.784,
          "Actual Rows": 3,
          "Actual Loops": 1,
          "Workers Planned": 2,
          "Workers Launched": 2,
          "Single Copy": false,
          "Plans": [
            {
              "Node Type": "Aggregate",
              "Strategy": "Plain",
              "Partial Mode": "Partial",
              "Parent Relationship": "Outer",
              "Parallel Aware": false,
              "Startup Cost": 61675.99,
              "Total Cost": 61676.0,
              "Plan Rows": 1,
              "Plan Width": 8,
              "Actual Startup Time": 176.425,
              "Actual Total Time": 176.428,
              "Actual Rows": 1,
              "Actual Loops": 3,
              "Plans": [
                {
                  "Node Type": "Hash Join",
                  "Parent Relationship": "Outer",
                  "Parallel Aware": true,
                  "Join Type": "Inner",
                  "Startup Cost": 45534.4,
                  "Total Cost": 61669.24,
                  "Plan Rows": 2698,
                  "Plan Width": 0,
                  "Actual Startup Time": 113.689,
                  "Actual Total Time": 176.181,
                  "Actual Rows": 4648,
                  "Actual Loops": 3,
                  "Inner Unique": true,
                  "Hash Cond": "(mi_idx.movie_id = t.id)",
                  "Plans": [
                    {
                      "Node Type": "Seq Scan",
                      "Parent Relationship": "Outer",
                      "Parallel Aware": true,
                      "Relation Name": "movie_info_idx",
                      "Alias": "mi_idx",
                      "Startup Cost": 0.0,
                      "Total Cost": 15122.68,
                      "Plan Rows": 385585,
                      "Plan Width": 4,
                      "Actual Startup Time": 0.025,
                      "Actual Total Time": 41.18,
                      "Actual Rows": 306703,
                      "Actual Loops": 3,
                      "Filter": "(info_type_id > 99)",
                      "Rows Removed by Filter": 153308
                    },
                    {
                      "Node Type": "Hash",
                      "Parent Relationship": "Inner",
                      "Parallel Aware": true,
                      "Startup Cost": 45479.1,
                      "Total Cost": 45479.1,
                      "Plan Rows": 4424,
                      "Plan Width": 4,
                      "Actual Startup Time": 112.486,
                      "Actual Total Time": 112.487,
                      "Actual Rows": 4786,
                      "Actual Loops": 3,
                      "Hash Buckets": 32768,
                      "Original Hash Buckets": 32768,
                      "Hash Batches": 1,
                      "Original Hash Batches": 1,
                      "Peak Memory Usage": 864,
                      "Plans": [
                        {
                          "Node Type": "Seq Scan",
                          "Parent Relationship": "Outer",
                          "Parallel Aware": true,
                          "Relation Name": "title",
                          "Alias": "t",
                          "Startup Cost": 0.0,
                          "Total Cost": 45479.1,
                          "Plan Rows": 4424,
                          "Plan Width": 4,
                          "Actual Startup Time": 0.55,
                          "Actual Total Time": 110.371,
                          "Actual Rows": 4786,
                          "Actual Loops": 3,
                          "Filter": "((kind_id < 4) AND (production_year = 2001))",
                          "Rows Removed by Filter": 837985
                        }
                      ]
                    }
                  ]
                }
              ]
            }
          ]
        }
      ]
    },
    "Planning Time": 0.617,
    "Triggers": [],
    "Execution Time": 197.858
  }
]