{
  "Plan": {
    "Node Type": "Aggregate",
    "Strategy": "Plain",
    "Partial Mode": "Finalize",
    "Parallel Aware": false,
    "Startup Cost": 92797.6,
    "Total Cost": 92797.61,
    "Plan Rows": 1,
    "Plan Width": 8,
    "Actual Startup Time": 238.502,
    "Actual Total Time": 251.519,
    "Actual Rows": 1,
    "Actual Loops": 1,
    "Plans": [
      {
        "Node Type": "Gather",
        "Parent Relationship": "Outer",
        "Parallel Aware": false,
        "Startup Cost": 92797.49,
        "Total Cost": 92797.6,
        "Plan Rows": 1,
        "Plan Width": 8,
        "Actual Startup Time": 238.178,
        "Actual Total Time": 251.513,
        "Actual Rows": 2,
        "Actual Loops": 1,
        "Workers Planned": 1,
        "Workers Launched": 1,
        "Single Copy": false,
        "Plans": [
          {
            "Node Type": "Aggregate",
            "Strategy": "Plain",
            "Partial Mode": "Partial",
            "Parent Relationship": "Outer",
            "Parallel Aware": false,
            "Startup Cost": 91797.49,
            "Total Cost": 91797.5,
            "Plan Rows": 1,
            "Plan Width": 8,
            "Actual Startup Time": 235.13,
            "Actual Total Time": 235.134,
            "Actual Rows": 1,
            "Actual Loops": 2,
            "Plans": [
              {
                "Node Type": "Hash Join",
                "Parent Relationship": "Outer",
                "Parallel Aware": true,
                "Join Type": "Inner",
                "Startup Cost": 68766.02,
                "Total Cost": 91792.17,
                "Plan Rows": 2126,
                "Plan Width": 0,
                "Actual Startup Time": 195.869,
                "Actual Total Time": 235.124,
                "Actual Rows": 11,
                "Actual Loops": 2,
                "Inner Unique": true,
                "Hash Cond": "(mc.movie_id = t.id)",
                "Plans": [
                  {
                    "Node Type": "Bitmap Heap Scan",
                    "Parent Relationship": "Outer",
                    "Parallel Aware": true,
                    "Relation Name": "movie_companies",
                    "Alias": "mc",
                    "Startup Cost": 10318.44,
                    "Total Cost": 32609.39,
                    "Plan Rows": 280076,
                    "Plan Width": 4,
                    "Actual Startup Time": 21.65,
                    "Actual Total Time": 69.732,
                    "Actual Rows": 235764,
                    "Actual Loops": 2,
                    "Recheck Cond": "(company_id < 419)",
                    "Rows Removed by Index Recheck": 0,
                    "Exact Heap Blocks": 10810,
                    "Lossy Heap Blocks": 0,
                    "Plans": [
                      {
                        "Node Type": "Bitmap Index Scan",
                        "Parent Relationship": "Outer",
                        "Parallel Aware": false,
                        "Index Name": "company_id_movie_companies",
                        "Startup Cost": 0.0,
                        "Total Cost": 10199.41,
                        "Plan Rows": 476130,
                        "Plan Width": 0,
                        "Actual Startup Time": 18.909,
                        "Actual Total Time": 18.91,
                        "Actual Rows": 471529,
                        "Actual Loops": 1,
                        "Index Cond": "(company_id < 419)"
                      }
                    ]
                  },
                  {
                    "Node Type": "Hash",
                    "Parent Relationship": "Inner",
                    "Parallel Aware": true,
                    "Startup Cost": 58306.47,
                    "Total Cost": 58306.47,
                    "Plan Rows": 11289,
                    "Plan Width": 4,
                    "Actual Startup Time": 134.893,
                    "Actual Total Time": 134.893,
                    "Actual Rows": 25860,
                    "Actual Loops": 2,
                    "Hash Buckets": 65536,
                    "Original Hash Buckets": 32768,
                    "Hash Batches": 1,
                    "Original Hash Batches": 1,
                    "Peak Memory Usage": 2816,
                    "Plans": [
                      {
                        "Node Type": "Seq Scan",
                        "Parent Relationship": "Outer",
                        "Parallel Aware": true,
                        "Relation Name": "title",
                        "Alias": "t",
                        "Startup Cost": 0.0,
                        "Total Cost": 58306.47,
                        "Plan Rows": 11289,
                        "Plan Width": 4,
                        "Actual Startup Time": 83.225,
                        "Actual Total Time": 128.171,
                        "Actual Rows": 25860,
                        "Actual Loops": 2,
                        "Filter": "((kind_id < 7) AND (production_year < 1914))",
                        "Rows Removed by Filter": 1238296
                      }
                    ]
                  }
                ]
              }
            ]
          }
        ]
      }
    ]
  },
  "Planning Time": 0.389,
  "Triggers": [],
  "Execution Time": 251.598
}