{
    "Plan": {
        "Node Type": "Aggregate",
        "Strategy": "Plain",
        "Partial Mode": "Finalize",
        "Parallel Aware": false,
        "Startup Cost": 401678.82,
        "Total Cost": 401678.83,
        "Plan Rows": 1,
        "Plan Width": 8,
        "Actual Startup Time": 2772.107,
        "Actual Total Time": 2817.84,
        "Actual Rows": 1,
        "Actual Loops": 1,
        "Output": [
            "count(*)"
        ],
        "Plans": [
            {
                "Node Type": "Gather",
                "Parent Relationship": "Outer",
                "Parallel Aware": false,
                "Startup Cost": 401678.19,
                "Total Cost": 401678.8,
                "Plan Rows": 6,
                "Plan Width": 8,
                "Actual Startup Time": 2763.679,
                "Actual Total Time": 2817.827,
                "Actual Rows": 7,
                "Actual Loops": 1,
                "Output": [
                    "(PARTIAL count(*))"
                ],
                "Workers Planned": 6,
                "Workers Launched": 6,
                "Single Copy": false,
                "Plans": [
                    {
                        "Node Type": "Aggregate",
                        "Strategy": "Plain",
                        "Partial Mode": "Partial",
                        "Parent Relationship": "Outer",
                        "Parallel Aware": false,
                        "Startup Cost": 400678.19,
                        "Total Cost": 400678.2,
                        "Plan Rows": 1,
                        "Plan Width": 8,
                        "Actual Startup Time": 2748.565,
                        "Actual Total Time": 2748.568,
                        "Actual Rows": 1,
                        "Actual Loops": 7,
                        "Output": [
                            "PARTIAL count(*)"
                        ],
                        "Workers": [
                            {
                                "Worker Number": 0,
                                "Actual Startup Time": 2745.685,
                                "Actual Total Time": 2745.688,
                                "Actual Rows": 1,
                                "Actual Loops": 1
                            },
                            {
                                "Worker Number": 1,
                                "Actual Startup Time": 2746.026,
                                "Actual Total Time": 2746.028,
                                "Actual Rows": 1,
                                "Actual Loops": 1
                            },
                            {
                                "Worker Number": 2,
                                "Actual Startup Time": 2747.085,
                                "Actual Total Time": 2747.088,
                                "Actual Rows": 1,
                                "Actual Loops": 1
                            },
                            {
                                "Worker Number": 3,
                                "Actual Startup Time": 2745.739,
                                "Actual Total Time": 2745.741,
                                "Actual Rows": 1,
                                "Actual Loops": 1
                            },
                            {
                                "Worker Number": 4,
                                "Actual Startup Time": 2746.098,
                                "Actual Total Time": 2746.101,
                                "Actual Rows": 1,
                                "Actual Loops": 1
                            },
                            {
                                "Worker Number": 5,
                                "Actual Startup Time": 2746.735,
                                "Actual Total Time": 2746.739,
                                "Actual Rows": 1,
                                "Actual Loops": 1
                            }
                        ],
                        "Plans": [
                            {
                                "Node Type": "Hash Join",
                                "Parent Relationship": "Outer",
                                "Parallel Aware": true,
                                "Join Type": "Inner",
                                "Startup Cost": 48689.12,
                                "Total Cost": 391975.34,
                                "Plan Rows": 3481143,
                                "Plan Width": 0,
                                "Actual Startup Time": 212.392,
                                "Actual Total Time": 2610.092,
                                "Actual Rows": 2909927,
                                "Actual Loops": 7,
                                "Inner Unique": true,
                                "Hash Cond": "(ci.movie_id = t.id)",
                                "Workers": [
                                    {
                                        "Worker Number": 0,
                                        "Actual Startup Time": 209.701,
                                        "Actual Total Time": 2593.447,
                                        "Actual Rows": 2751030,
                                        "Actual Loops": 1
                                    },
                                    {
                                        "Worker Number": 1,
                                        "Actual Startup Time": 209.973,
                                        "Actual Total Time": 2596.439,
                                        "Actual Rows": 2839929,
                                        "Actual Loops": 1
                                    },
                                    {
                                        "Worker Number": 2,
                                        "Actual Startup Time": 209.841,
                                        "Actual Total Time": 2613.694,
                                        "Actual Rows": 2313110,
                                        "Actual Loops": 1
                                    },
                                    {
                                        "Worker Number": 3,
                                        "Actual Startup Time": 209.678,
                                        "Actual Total Time": 2610.27,
                                        "Actual Rows": 3333618,
                                        "Actual Loops": 1
                                    },
                                    {
                                        "Worker Number": 4,
                                        "Actual Startup Time": 210.044,
                                        "Actual Total Time": 2625.67,
                                        "Actual Rows": 2736646,
                                        "Actual Loops": 1
                                    },
                                    {
                                        "Worker Number": 5,
                                        "Actual Startup Time": 210.91,
                                        "Actual Total Time": 2627.912,
                                        "Actual Rows": 2709280,
                                        "Actual Loops": 1
                                    }
                                ],
                                "Plans": [
                                    {
                                        "Node Type": "Seq Scan",
                                        "Parent Relationship": "Outer",
                                        "Parallel Aware": true,
                                        "Relation Name": "cast_info",
                                        "Schema": "public",
                                        "Alias": "ci",
                                        "Startup Cost": 0.0,
                                        "Total Cost": 328213.62,
                                        "Plan Rows": 5741935,
                                        "Plan Width": 4,
                                        "Actual Startup Time": 22.366,
                                        "Actual Total Time": 704.979,
                                        "Actual Rows": 4917413,
                                        "Actual Loops": 7,
                                        "Output": [
                                            "ci.id",
                                            "ci.person_id",
                                            "ci.movie_id",
                                            "ci.person_role_id",
                                            "ci.note",
                                            "ci.nr_order",
                                            "ci.role_id"
                                        ],
                                        "Filter": "(ci.person_id > 180279)",
                                        "Rows Removed by Filter": 260350,
                                        "Workers": [
                                            {
                                                "Worker Number": 0,
                                                "Actual Startup Time": 22.384,
                                                "Actual Total Time": 766.407,
                                                "Actual Rows": 4653032,
                                                "Actual Loops": 1
                                            },
                                            {
                                                "Worker Number": 1,
                                                "Actual Startup Time": 22.344,
                                                "Actual Total Time": 763.551,
                                                "Actual Rows": 4800380,
                                                "Actual Loops": 1
                                            },
                                            {
                                                "Worker Number": 2,
                                                "Actual Startup Time": 22.322,
                                                "Actual Total Time": 712.671,
                                                "Actual Rows": 3893718,
                                                "Actual Loops": 1
                                            },
                                            {
                                                "Worker Number": 3,
                                                "Actual Startup Time": 22.352,
                                                "Actual Total Time": 728.653,
                                                "Actual Rows": 5643613,
                                                "Actual Loops": 1
                                            },
                                            {
                                                "Worker Number": 4,
                                                "Actual Startup Time": 22.343,
                                                "Actual Total Time": 673.657,
                                                "Actual Rows": 4618725,
                                                "Actual Loops": 1
                                            },
                                            {
                                                "Worker Number": 5,
                                                "Actual Startup Time": 22.368,
                                                "Actual Total Time": 671.24,
                                                "Actual Rows": 4576305,
                                                "Actual Loops": 1
                                            }
                                        ]
                                    },
                                    {
                                        "Node Type": "Hash",
                                        "Parent Relationship": "Inner",
                                        "Parallel Aware": true,
                                        "Startup Cost": 43899.01,
                                        "Total Cost": 43899.01,
                                        "Plan Rows": 383209,
                                        "Plan Width": 4,
                                        "Actual Startup Time": 184.981,
                                        "Actual Total Time": 184.982,
                                        "Actual Rows": 220466,
                                        "Actual Loops": 7,
                                        "Output": [
                                            "t.id"
                                        ],
                                        "Hash Buckets": 2097152,
                                        "Original Hash Buckets": 2097152,
                                        "Hash Batches": 1,
                                        "Original Hash Batches": 1,
                                        "Peak Memory Usage": 76864,
                                        "Workers": [
                                            {
                                                "Worker Number": 0,
                                                "Actual Startup Time": 186.38,
                                                "Actual Total Time": 186.381,
                                                "Actual Rows": 183568,
                                                "Actual Loops": 1
                                            },
                                            {
                                                "Worker Number": 1,
                                                "Actual Startup Time": 186.809,
                                                "Actual Total Time": 186.809,
                                                "Actual Rows": 181248,
                                                "Actual Loops": 1
                                            },
                                            {
                                                "Worker Number": 2,
                                                "Actual Startup Time": 186.673,
                                                "Actual Total Time": 186.674,
                                                "Actual Rows": 165559,
                                                "Actual Loops": 1
                                            },
                                            {
                                                "Worker Number": 3,
                                                "Actual Startup Time": 186.38,
                                                "Actual Total Time": 186.381,
                                                "Actual Rows": 237861,
                                                "Actual Loops": 1
                                            },
                                            {
                                                "Worker Number": 4,
                                                "Actual Startup Time": 186.858,
                                                "Actual Total Time": 186.859,
                                                "Actual Rows": 210950,
                                                "Actual Loops": 1
                                            },
                                            {
                                                "Worker Number": 5,
                                                "Actual Startup Time": 187.754,
                                                "Actual Total Time": 187.756,
                                                "Actual Rows": 216259,
                                                "Actual Loops": 1
                                            }
                                        ],
                                        "Plans": [
                                            {
                                                "Node Type": "Seq Scan",
                                                "Parent Relationship": "Outer",
                                                "Parallel Aware": true,
                                                "Relation Name": "title",
                                                "Schema": "public",
                                                "Alias": "t",
                                                "Startup Cost": 0.0,
                                                "Total Cost": 43899.01,
                                                "Plan Rows": 383209,
                                                "Plan Width": 4,
                                                "Actual Startup Time": 0.073,
                                                "Actual Total Time": 78.06,
                                                "Actual Rows": 220466,
                                                "Actual Loops": 7,
                                                "Output": [
                                                    "t.id"
                                                ],
                                                "Filter": "(t.kind_id = 7)",
                                                "Rows Removed by Filter": 140721,
                                                "Workers": [
                                                    {
                                                        "Worker Number": 0,
                                                        "Actual Startup Time": 0.073,
                                                        "Actual Total Time": 81.789,
                                                        "Actual Rows": 183568,
                                                        "Actual Loops": 1
                                                    },
                                                    {
                                                        "Worker Number": 1,
                                                        "Actual Startup Time": 0.063,
                                                        "Actual Total Time": 81.837,
                                                        "Actual Rows": 181248,
                                                        "Actual Loops": 1
                                                    },
                                                    {
                                                        "Worker Number": 2,
                                                        "Actual Startup Time": 0.112,
                                                        "Actual Total Time": 80.381,
                                                        "Actual Rows": 165559,
                                                        "Actual Loops": 1
                                                    },
                                                    {
                                                        "Worker Number": 3,
                                                        "Actual Startup Time": 0.091,
                                                        "Actual Total Time": 79.441,
                                                        "Actual Rows": 237861,
                                                        "Actual Loops": 1
                                                    },
                                                    {
                                                        "Worker Number": 4,
                                                        "Actual Startup Time": 0.104,
                                                        "Actual Total Time": 77.598,
                                                        "Actual Rows": 210950,
                                                        "Actual Loops": 1
                                                    },
                                                    {
                                                        "Worker Number": 5,
                                                        "Actual Startup Time": 0.05,
                                                        "Actual Total Time": 78.1,
                                                        "Actual Rows": 216259,
                                                        "Actual Loops": 1
                                                    }
                                                ]
                                            }
                                        ]
                                    }
                                ]
                            }
                        ]
                    }
                ]
            }
        ]
    },
    "Planning Time": 0.706,
    "Triggers": [],
    "Execution Time": 2817.921
}