{
  "Plan": {
    "Node Type": "Aggregate",
    "Strategy": "Plain",
    "Partial Mode": "Finalize",
    "Parallel Aware": false,
    "Startup Cost": 115581.57,
    "Total Cost": 115581.58,
    "Plan Rows": 1,
    "Plan Width": 8,
    "Actual Startup Time": 998.454,
    "Actual Total Time": 1021.639,
    "Actual Rows": 1,
    "Actual Loops": 1,
    "Plans": [
      {
        "Node Type": "Gather",
        "Parent Relationship": "Outer",
        "Parallel Aware": false,
        "Startup Cost": 115581.46,
        "Total Cost": 115581.57,
        "Plan Rows": 1,
        "Plan Width": 8,
        "Actual Startup Time": 990.114,
        "Actual Total Time": 1021.631,
        "Actual Rows": 2,
        "Actual Loops": 1,
        "Workers Planned": 1,
        "Workers Launched": 1,
        "Single Copy": false,
        "Plans": [
          {
            "Node Type": "Aggregate",
            "Strategy": "Plain",
            "Partial Mode": "Partial",
            "Parent Relationship": "Outer",
            "Parallel Aware": false,
            "Startup Cost": 114581.46,
            "Total Cost": 114581.47,
            "Plan Rows": 1,
            "Plan Width": 8,
            "Actual Startup Time": 981.673,
            "Actual Total Time": 981.677,
            "Actual Rows": 1,
            "Actual Loops": 2,
            "Plans": [
              {
                "Node Type": "Hash Join",
                "Parent Relationship": "Outer",
                "Parallel Aware": true,
                "Join Type": "Inner",
                "Startup Cost": 69461.13,
                "Total Cost": 112851.51,
                "Plan Rows": 691982,
                "Plan Width": 0,
                "Actual Startup Time": 602.851,
                "Actual Total Time": 948.634,
                "Actual Rows": 637123,
                "Actual Loops": 2,
                "Inner Unique": true,
                "Hash Cond": "(mc.movie_id = t.id)",
                "Plans": [
                  {
                    "Node Type": "Index Scan",
                    "Parent Relationship": "Outer",
                    "Parallel Aware": true,
                    "Scan Direction": "Forward",
                    "Index Name": "company_type_id_movie_companies",
                    "Relation Name": "movie_companies",
                    "Alias": "mc",
                    "Startup Cost": 0.43,
                    "Total Cost": 41574.35,
                    "Plan Rows": 691982,
                    "Plan Width": 4,
                    "Actual Startup Time": 0.047,
                    "Actual Total Time": 133.068,
                    "Actual Rows": 637123,
                    "Actual Loops": 2,
                    "Index Cond": "(company_type_id = 1)",
                    "Rows Removed by Index Recheck": 0,
                    "Filter": "(company_id < 108908)",
                    "Rows Removed by Filter": 0
                  },
                  {
                    "Node Type": "Hash",
                    "Parent Relationship": "Inner",
                    "Parallel Aware": true,
                    "Startup Cost": 50870.31,
                    "Total Cost": 50870.31,
                    "Plan Rows": 1487231,
                    "Plan Width": 4,
                    "Actual Startup Time": 585.934,
                    "Actual Total Time": 585.935,
                    "Actual Rows": 1264156,
                    "Actual Loops": 2,
                    "Hash Buckets": 4194304,
                    "Original Hash Buckets": 4194304,
                    "Hash Batches": 1,
                    "Original Hash Batches": 1,
                    "Peak Memory Usage": 131712,
                    "Plans": [
                      {
                        "Node Type": "Seq Scan",
                        "Parent Relationship": "Outer",
                        "Parallel Aware": true,
                        "Relation Name": "title",
                        "Alias": "t",
                        "Startup Cost": 0.0,
                        "Total Cost": 50870.31,
                        "Plan Rows": 1487231,
                        "Plan Width": 4,
                        "Actual Startup Time": 0.023,
                        "Actual Total Time": 174.019,
                        "Actual Rows": 1264156,
                        "Actual Loops": 2
                      }
                    ]
                  }
                ]
              }
            ]
          }
        ]
      }
    ]
  },
  "Planning Time": 0.435,
  "Triggers": [],
  "Execution Time": 1021.693
}