[
  {
    "Plan": {
      "Node Type": "Aggregate",
      "Strategy": "Plain",
      "Partial Mode": "Finalize",
      "Parallel Aware": false,
      "Startup Cost": 44445.9,
      "Total Cost": 44445.91,
      "Plan Rows": 1,
      "Plan Width": 8,
      "Actual Startup Time": 130.962,
      "Actual Total Time": 140.224,
      "Actual Rows": 1,
      "Actual Loops": 1,
      "Plans": [
        {
          "Node Type": "Gather",
          "Parent Relationship": "Outer",
          "Parallel Aware": false,
          "Startup Cost": 44445.58,
          "Total Cost": 44445.89,
          "Plan Rows": 3,
          "Plan Width": 8,
          "Actual Startup Time": 130.789,
          "Actual Total Time": 140.215,
          "Actual Rows": 4,
          "Actual Loops": 1,
          "Workers Planned": 3,
          "Workers Launched": 3,
          "Single Copy": false,
          "Plans": [
            {
              "Node Type": "Aggregate",
              "Strategy": "Plain",
              "Partial Mode": "Partial",
              "Parent Relationship": "Outer",
              "Parallel Aware": false,
              "Startup Cost": 43445.58,
              "Total Cost": 43445.59,
              "Plan Rows": 1,
              "Plan Width": 8,
              "Actual Startup Time": 122.125,
              "Actual Total Time": 122.127,
              "Actual Rows": 1,
              "Actual Loops": 4,
              "Plans": [
                {
                  "Node Type": "Seq Scan",
                  "Parent Relationship": "Outer",
                  "Parallel Aware": true,
                  "Relation Name": "movie_keyword",
                  "Alias": "mk",
                  "Startup Cost": 0.0,
                  "Total Cost": 42695.65,
                  "Plan Rows": 299971,
                  "Plan Width": 0,
                  "Actual Startup Time": 2.002,
                  "Actual Total Time": 109.611,
                  "Actual Rows": 230812,
                  "Actual Loops": 4,
                  "Filter": "(keyword_id > 20324)",
                  "Rows Removed by Filter": 900170
                }
              ]
            }
          ]
        }
      ]
    },
    "Planning Time": 0.087,
    "Triggers": [],
    "Execution Time": 140.258
  }
]