[
  {
    "Plan": {
      "Node Type": "Aggregate",
      "Strategy": "Plain",
      "Partial Mode": "Finalize",
      "Parallel Aware": false,
      "Startup Cost": 334821.13,
      "Total Cost": 334821.14,
      "Plan Rows": 1,
      "Plan Width": 8,
      "Actual Startup Time": 627.44,
      "Actual Total Time": 681.535,
      "Actual Rows": 1,
      "Actual Loops": 1,
      "Plans": [
        {
          "Node Type": "Gather",
          "Parent Relationship": "Outer",
          "Parallel Aware": false,
          "Startup Cost": 334820.5,
          "Total Cost": 334821.11,
          "Plan Rows": 6,
          "Plan Width": 8,
          "Actual Startup Time": 627.296,
          "Actual Total Time": 681.526,
          "Actual Rows": 7,
          "Actual Loops": 1,
          "Workers Planned": 6,
          "Workers Launched": 6,
          "Single Copy": false,
          "Plans": [
            {
              "Node Type": "Aggregate",
              "Strategy": "Plain",
              "Partial Mode": "Partial",
              "Parent Relationship": "Outer",
              "Parallel Aware": false,
              "Startup Cost": 333820.5,
              "Total Cost": 333820.51,
              "Plan Rows": 1,
              "Plan Width": 8,
              "Actual Startup Time": 616.988,
              "Actual Total Time": 616.989,
              "Actual Rows": 1,
              "Actual Loops": 7,
              "Plans": [
                {
                  "Node Type": "Seq Scan",
                  "Parent Relationship": "Outer",
                  "Parallel Aware": true,
                  "Relation Name": "cast_info",
                  "Alias": "ci",
                  "Startup Cost": 0.0,
                  "Total Cost": 328162.03,
                  "Plan Rows": 2263391,
                  "Plan Width": 0,
                  "Actual Startup Time": 0.052,
                  "Actual Total Time": 536.321,
                  "Actual Rows": 1943007,
                  "Actual Loops": 7,
                  "Filter": "(person_id < 1339130)",
                  "Rows Removed by Filter": 3234757
                }
              ]
            }
          ]
        }
      ]
    },
    "Planning Time": 0.175,
    "Triggers": [],
    "Execution Time": 681.603
  }
]