{
  "Plan": {
    "Node Type": "Aggregate",
    "Strategy": "Plain",
    "Partial Mode": "Finalize",
    "Parallel Aware": false,
    "Startup Cost": 136229.92,
    "Total Cost": 136229.93,
    "Plan Rows": 1,
    "Plan Width": 8,
    "Actual Startup Time": 1091.326,
    "Actual Total Time": 1111.572,
    "Actual Rows": 1,
    "Actual Loops": 1,
    "Plans": [
      {
        "Node Type": "Gather",
        "Parent Relationship": "Outer",
        "Parallel Aware": false,
        "Startup Cost": 136229.8,
        "Total Cost": 136229.91,
        "Plan Rows": 1,
        "Plan Width": 8,
        "Actual Startup Time": 1085.309,
        "Actual Total Time": 1111.562,
        "Actual Rows": 2,
        "Actual Loops": 1,
        "Workers Planned": 1,
        "Workers Launched": 1,
        "Single Copy": false,
        "Plans": [
          {
            "Node Type": "Aggregate",
            "Strategy": "Plain",
            "Partial Mode": "Partial",
            "Parent Relationship": "Outer",
            "Parallel Aware": false,
            "Startup Cost": 135229.8,
            "Total Cost": 135229.81,
            "Plan Rows": 1,
            "Plan Width": 8,
            "Actual Startup Time": 1073.305,
            "Actual Total Time": 1073.309,
            "Actual Rows": 1,
            "Actual Loops": 2,
            "Plans": [
              {
                "Node Type": "Hash Join",
                "Parent Relationship": "Outer",
                "Parallel Aware": true,
                "Join Type": "Inner",
                "Startup Cost": 71225.23,
                "Total Cost": 129276.07,
                "Plan Rows": 2381493,
                "Plan Width": 0,
                "Actual Startup Time": 515.357,
                "Actual Total Time": 997.798,
                "Actual Rows": 1927402,
                "Actual Loops": 2,
                "Inner Unique": true,
                "Hash Cond": "(mk.movie_id = t.id)",
                "Plans": [
                  {
                    "Node Type": "Seq Scan",
                    "Parent Relationship": "Outer",
                    "Parallel Aware": true,
                    "Relation Name": "movie_keyword",
                    "Alias": "mk",
                    "Startup Cost": 0.0,
                    "Total Cost": 51065.35,
                    "Plan Rows": 2661135,
                    "Plan Width": 4,
                    "Actual Startup Time": 0.01,
                    "Actual Total Time": 151.016,
                    "Actual Rows": 2261965,
                    "Actual Loops": 2
                  },
                  {
                    "Node Type": "Hash",
                    "Parent Relationship": "Inner",
                    "Parallel Aware": true,
                    "Startup Cost": 54588.39,
                    "Total Cost": 54588.39,
                    "Plan Rows": 1330947,
                    "Plan Width": 4,
                    "Actual Startup Time": 493.187,
                    "Actual Total Time": 493.187,
                    "Actual Rows": 1126611,
                    "Actual Loops": 2,
                    "Hash Buckets": 4194304,
                    "Original Hash Buckets": 4194304,
                    "Hash Batches": 1,
                    "Original Hash Batches": 1,
                    "Peak Memory Usage": 120928,
                    "Plans": [
                      {
                        "Node Type": "Seq Scan",
                        "Parent Relationship": "Outer",
                        "Parallel Aware": true,
                        "Relation Name": "title",
                        "Alias": "t",
                        "Startup Cost": 0.0,
                        "Total Cost": 54588.39,
                        "Plan Rows": 1330947,
                        "Plan Width": 4,
                        "Actual Startup Time": 0.031,
                        "Actual Total Time": 177.604,
                        "Actual Rows": 1126611,
                        "Actual Loops": 2,
                        "Filter": "(production_year > 1955)",
                        "Rows Removed by Filter": 137545
                      }
                    ]
                  }
                ]
              }
            ]
          }
        ]
      }
    ]
  },
  "Planning Time": 0.413,
  "Triggers": [],
  "Execution Time": 1111.692
}