[
    {
        "Bao": {
            "Bao prediction": 421.86,
            "Bao recommended hint": "(no hint)"
        }
    },
    {
        "Plan": {
            "Node Type": "Aggregate",
            "Strategy": "Plain",
            "Partial Mode": "Simple",
            "Parallel Aware": false,
            "Startup Cost": 72613.96,
            "Total Cost": 72613.97,
            "Plan Rows": 1,
            "Plan Width": 64,
            "Actual Startup Time": 233.706,
            "Actual Total Time": 260.137,
            "Actual Rows": 1,
            "Actual Loops": 1,
            "Output": [
                "min(n.name)",
                "min(t.title)"
            ],
            "Plans": [
                {
                    "Node Type": "Nested Loop",
                    "Parent Relationship": "Outer",
                    "Parallel Aware": false,
                    "Join Type": "Inner",
                    "Startup Cost": 1004.44,
                    "Total Cost": 72613.96,
                    "Plan Rows": 1,
                    "Plan Width": 32,
                    "Actual Startup Time": 233.698,
                    "Actual Total Time": 260.129,
                    "Actual Rows": 0,
                    "Actual Loops": 1,
                    "Output": [
                        "n.name",
                        "t.title"
                    ],
                    "Inner Unique": true,
                    "Plans": [
                        {
                            "Node Type": "Nested Loop",
                            "Parent Relationship": "Outer",
                            "Parallel Aware": false,
                            "Join Type": "Inner",
                            "Startup Cost": 1004.3,
                            "Total Cost": 72613.77,
                            "Plan Rows": 1,
                            "Plan Width": 36,
                            "Actual Startup Time": 233.697,
                            "Actual Total Time": 260.127,
                            "Actual Rows": 0,
                            "Actual Loops": 1,
                            "Output": [
                                "mi.info_type_id",
                                "n.name",
                                "t.title"
                            ],
                            "Inner Unique": false,
                            "Join Filter": "(t.id = mi.movie_id)",
                            "Rows Removed by Join Filter": 0,
                            "Plans": [
                                {
                                    "Node Type": "Nested Loop",
                                    "Parent Relationship": "Outer",
                                    "Parallel Aware": false,
                                    "Join Type": "Inner",
                                    "Startup Cost": 1003.86,
                                    "Total Cost": 72612.08,
                                    "Plan Rows": 1,
                                    "Plan Width": 44,
                                    "Actual Startup Time": 233.697,
                                    "Actual Total Time": 260.126,
                                    "Actual Rows": 0,
                                    "Actual Loops": 1,
                                    "Output": [
                                        "ci.movie_id",
                                        "mc.movie_id",
                                        "n.name",
                                        "t.title",
                                        "t.id"
                                    ],
                                    "Inner Unique": true,
                                    "Plans": [
                                        {
                                            "Node Type": "Nested Loop",
                                            "Parent Relationship": "Outer",
                                            "Parallel Aware": false,
                                            "Join Type": "Inner",
                                            "Startup Cost": 1003.44,
                                            "Total Cost": 72611.59,
                                            "Plan Rows": 1,
                                            "Plan Width": 48,
                                            "Actual Startup Time": 233.696,
                                            "Actual Total Time": 260.125,
                                            "Actual Rows": 0,
                                            "Actual Loops": 1,
                                            "Output": [
                                                "ci.movie_id",
                                                "mc.movie_id",
                                                "mc.company_id",
                                                "n.name",
                                                "t.title",
                                                "t.id"
                                            ],
                                            "Inner Unique": true,
                                            "Plans": [
                                                {
                                                    "Node Type": "Gather",
                                                    "Parent Relationship": "Outer",
                                                    "Parallel Aware": false,
                                                    "Startup Cost": 1003.01,
                                                    "Total Cost": 72611.07,
                                                    "Plan Rows": 1,
                                                    "Plan Width": 52,
                                                    "Actual Startup Time": 233.695,
                                                    "Actual Total Time": 260.123,
                                                    "Actual Rows": 0,
                                                    "Actual Loops": 1,
                                                    "Output": [
                                                        "ci.movie_id",
                                                        "ci.person_role_id",
                                                        "mc.movie_id",
                                                        "mc.company_id",
                                                        "n.name",
                                                        "t.title",
                                                        "t.id"
                                                    ],
                                                    "Workers Planned": 4,
                                                    "Workers Launched": 4,
                                                    "Single Copy": false,
                                                    "Plans": [
                                                        {
                                                            "Node Type": "Nested Loop",
                                                            "Parent Relationship": "Outer",
                                                            "Parallel Aware": false,
                                                            "Join Type": "Inner",
                                                            "Startup Cost": 3.01,
                                                            "Total Cost": 71610.97,
                                                            "Plan Rows": 1,
                                                            "Plan Width": 52,
                                                            "Actual Startup Time": 221.351,
                                                            "Actual Total Time": 221.358,
                                                            "Actual Rows": 0,
                                                            "Actual Loops": 5,
                                                            "Output": [
                                                                "ci.movie_id",
                                                                "ci.person_role_id",
                                                                "mc.movie_id",
                                                                "mc.company_id",
                                                                "n.name",
                                                                "t.title",
                                                                "t.id"
                                                            ],
                                                            "Inner Unique": false,
                                                            "Join Filter": "(t.id = mc.movie_id)",
                                                            "Rows Removed by Join Filter": 0,
                                                            "Workers": [
                                                                {
                                                                    "Worker Number": 0,
                                                                    "Actual Startup Time": 218.525,
                                                                    "Actual Total Time": 218.533,
                                                                    "Actual Rows": 0,
                                                                    "Actual Loops": 1
                                                                },
                                                                {
                                                                    "Worker Number": 1,
                                                                    "Actual Startup Time": 218.555,
                                                                    "Actual Total Time": 218.56,
                                                                    "Actual Rows": 0,
                                                                    "Actual Loops": 1
                                                                },
                                                                {
                                                                    "Worker Number": 2,
                                                                    "Actual Startup Time": 218.786,
                                                                    "Actual Total Time": 218.792,
                                                                    "Actual Rows": 0,
                                                                    "Actual Loops": 1
                                                                },
                                                                {
                                                                    "Worker Number": 3,
                                                                    "Actual Startup Time": 219.174,
                                                                    "Actual Total Time": 219.179,
                                                                    "Actual Rows": 0,
                                                                    "Actual Loops": 1
                                                                }
                                                            ],
                                                            "Plans": [
                                                                {
                                                                    "Node Type": "Nested Loop",
                                                                    "Parent Relationship": "Outer",
                                                                    "Parallel Aware": false,
                                                                    "Join Type": "Inner",
                                                                    "Startup Cost": 2.58,
                                                                    "Total Cost": 71610.38,
                                                                    "Plan Rows": 1,
                                                                    "Plan Width": 44,
                                                                    "Actual Startup Time": 221.35,
                                                                    "Actual Total Time": 221.355,
                                                                    "Actual Rows": 0,
                                                                    "Actual Loops": 5,
                                                                    "Output": [
                                                                        "ci.movie_id",
                                                                        "ci.person_role_id",
                                                                        "n.name",
                                                                        "t.title",
                                                                        "t.id"
                                                                    ],
                                                                    "Inner Unique": true,
                                                                    "Workers": [
                                                                        {
                                                                            "Worker Number": 0,
                                                                            "Actual Startup Time": 218.524,
                                                                            "Actual Total Time": 218.531,
                                                                            "Actual Rows": 0,
                                                                            "Actual Loops": 1
                                                                        },
                                                                        {
                                                                            "Worker Number": 1,
                                                                            "Actual Startup Time": 218.553,
                                                                            "Actual Total Time": 218.557,
                                                                            "Actual Rows": 0,
                                                                            "Actual Loops": 1
                                                                        },
                                                                        {
                                                                            "Worker Number": 2,
                                                                            "Actual Startup Time": 218.785,
                                                                            "Actual Total Time": 218.789,
                                                                            "Actual Rows": 0,
                                                                            "Actual Loops": 1
                                                                        },
                                                                        {
                                                                            "Worker Number": 3,
                                                                            "Actual Startup Time": 219.172,
                                                                            "Actual Total Time": 219.177,
                                                                            "Actual Rows": 0,
                                                                            "Actual Loops": 1
                                                                        }
                                                                    ],
                                                                    "Plans": [
                                                                        {
                                                                            "Node Type": "Hash Join",
                                                                            "Parent Relationship": "Outer",
                                                                            "Parallel Aware": false,
                                                                            "Join Type": "Inner",
                                                                            "Startup Cost": 2.15,
                                                                            "Total Cost": 71608.82,
                                                                            "Plan Rows": 3,
                                                                            "Plan Width": 23,
                                                                            "Actual Startup Time": 202.272,
                                                                            "Actual Total Time": 221.271,
                                                                            "Actual Rows": 5,
                                                                            "Actual Loops": 5,
                                                                            "Output": [
                                                                                "ci.movie_id",
                                                                                "ci.person_role_id",
                                                                                "n.name"
                                                                            ],
                                                                            "Inner Unique": true,
                                                                            "Hash Cond": "(ci.role_id = rt.id)",
                                                                            "Workers": [
                                                                                {
                                                                                    "Worker Number": 0,
                                                                                    "Actual Startup Time": 123.14,
                                                                                    "Actual Total Time": 218.117,
                                                                                    "Actual Rows": 26,
                                                                                    "Actual Loops": 1
                                                                                },
                                                                                {
                                                                                    "Worker Number": 1,
                                                                                    "Actual Startup Time": 218.553,
                                                                                    "Actual Total Time": 218.556,
                                                                                    "Actual Rows": 0,
                                                                                    "Actual Loops": 1
                                                                                },
                                                                                {
                                                                                    "Worker Number": 2,
                                                                                    "Actual Startup Time": 218.784,
                                                                                    "Actual Total Time": 218.788,
                                                                                    "Actual Rows": 0,
                                                                                    "Actual Loops": 1
                                                                                },
                                                                                {
                                                                                    "Worker Number": 3,
                                                                                    "Actual Startup Time": 219.172,
                                                                                    "Actual Total Time": 219.176,
                                                                                    "Actual Rows": 0,
                                                                                    "Actual Loops": 1
                                                                                }
                                                                            ],
                                                                            "Plans": [
                                                                                {
                                                                                    "Node Type": "Nested Loop",
                                                                                    "Parent Relationship": "Outer",
                                                                                    "Parallel Aware": false,
                                                                                    "Join Type": "Inner",
                                                                                    "Startup Cost": 0.99,
                                                                                    "Total Cost": 71607.53,
                                                                                    "Plan Rows": 38,
                                                                                    "Plan Width": 27,
                                                                                    "Actual Startup Time": 202.213,
                                                                                    "Actual Total Time": 221.208,
                                                                                    "Actual Rows": 5,
                                                                                    "Actual Loops": 5,
                                                                                    "Output": [
                                                                                        "ci.movie_id",
                                                                                        "ci.role_id",
                                                                                        "ci.person_role_id",
                                                                                        "n.name"
                                                                                    ],
                                                                                    "Inner Unique": false,
                                                                                    "Join Filter": "(n.id = ci.person_id)",
                                                                                    "Rows Removed by Join Filter": 0,
                                                                                    "Workers": [
                                                                                        {
                                                                                            "Worker Number": 0,
                                                                                            "Actual Startup Time": 122.853,
                                                                                            "Actual Total Time": 217.814,
                                                                                            "Actual Rows": 26,
                                                                                            "Actual Loops": 1
                                                                                        },
                                                                                        {
                                                                                            "Worker Number": 1,
                                                                                            "Actual Startup Time": 218.55,
                                                                                            "Actual Total Time": 218.553,
                                                                                            "Actual Rows": 0,
                                                                                            "Actual Loops": 1
                                                                                        },
                                                                                        {
                                                                                            "Worker Number": 2,
                                                                                            "Actual Startup Time": 218.782,
                                                                                            "Actual Total Time": 218.785,
                                                                                            "Actual Rows": 0,
                                                                                            "Actual Loops": 1
                                                                                        },
                                                                                        {
                                                                                            "Worker Number": 3,
                                                                                            "Actual Startup Time": 219.169,
                                                                                            "Actual Total Time": 219.172,
                                                                                            "Actual Rows": 0,
                                                                                            "Actual Loops": 1
                                                                                        }
                                                                                    ],
                                                                                    "Plans": [
                                                                                        {
                                                                                            "Node Type": "Nested Loop",
                                                                                            "Parent Relationship": "Outer",
                                                                                            "Parallel Aware": false,
                                                                                            "Join Type": "Inner",
                                                                                            "Startup Cost": 0.42,
                                                                                            "Total Cost": 71538.77,
                                                                                            "Plan Rows": 5,
                                                                                            "Plan Width": 23,
                                                                                            "Actual Startup Time": 182.984,
                                                                                            "Actual Total Time": 221.14,
                                                                                            "Actual Rows": 1,
                                                                                            "Actual Loops": 5,
                                                                                            "Output": [
                                                                                                "an.person_id",
                                                                                                "n.name",
                                                                                                "n.id"
                                                                                            ],
                                                                                            "Inner Unique": false,
                                                                                            "Workers": [
                                                                                                {
                                                                                                    "Worker Number": 0,
                                                                                                    "Actual Startup Time": 122.695,
                                                                                                    "Actual Total Time": 217.624,
                                                                                                    "Actual Rows": 2,
                                                                                                    "Actual Loops": 1
                                                                                                },
                                                                                                {
                                                                                                    "Worker Number": 1,
                                                                                                    "Actual Startup Time": 218.55,
                                                                                                    "Actual Total Time": 218.551,
                                                                                                    "Actual Rows": 0,
                                                                                                    "Actual Loops": 1
                                                                                                },
                                                                                                {
                                                                                                    "Worker Number": 2,
                                                                                                    "Actual Startup Time": 218.782,
                                                                                                    "Actual Total Time": 218.783,
                                                                                                    "Actual Rows": 0,
                                                                                                    "Actual Loops": 1
                                                                                                },
                                                                                                {
                                                                                                    "Worker Number": 3,
                                                                                                    "Actual Startup Time": 219.168,
                                                                                                    "Actual Total Time": 219.17,
                                                                                                    "Actual Rows": 0,
                                                                                                    "Actual Loops": 1
                                                                                                }
                                                                                            ],
                                                                                            "Plans": [
                                                                                                {
                                                                                                    "Node Type": "Seq Scan",
                                                                                                    "Parent Relationship": "Outer",
                                                                                                    "Parallel Aware": true,
                                                                                                    "Relation Name": "name",
                                                                                                    "Schema": "public",
                                                                                                    "Alias": "n",
                                                                                                    "Startup Cost": 0.0,
                                                                                                    "Total Cost": 71241.41,
                                                                                                    "Plan Rows": 24,
                                                                                                    "Plan Width": 19,
                                                                                                    "Actual Startup Time": 182.924,
                                                                                                    "Actual Total Time": 221.077,
                                                                                                    "Actual Rows": 0,
                                                                                                    "Actual Loops": 5,
                                                                                                    "Output": [
                                                                                                        "n.id",
                                                                                                        "n.name",
                                                                                                        "n.imdb_index",
                                                                                                        "n.imdb_id",
                                                                                                        "n.gender",
                                                                                                        "n.name_pcode_cf",
                                                                                                        "n.name_pcode_nf",
                                                                                                        "n.surname_pcode",
                                                                                                        "n.md5sum"
                                                                                                    ],
                                                                                                    "Filter": "((n.name ~~ '%Kop,%'::text) AND ((n.gender)::text = 'f'::text))",
                                                                                                    "Rows Removed by Filter": 833498,
                                                                                                    "Workers": [
                                                                                                        {
                                                                                                            "Worker Number": 0,
                                                                                                            "Actual Startup Time": 122.497,
                                                                                                            "Actual Total Time": 217.42,
                                                                                                            "Actual Rows": 1,
                                                                                                            "Actual Loops": 1
                                                                                                        },
                                                                                                        {
                                                                                                            "Worker Number": 1,
                                                                                                            "Actual Startup Time": 218.548,
                                                                                                            "Actual Total Time": 218.549,
                                                                                                            "Actual Rows": 0,
                                                                                                            "Actual Loops": 1
                                                                                                        },
                                                                                                        {
                                                                                                            "Worker Number": 2,
                                                                                                            "Actual Startup Time": 218.78,
                                                                                                            "Actual Total Time": 218.78,
                                                                                                            "Actual Rows": 0,
                                                                                                            "Actual Loops": 1
                                                                                                        },
                                                                                                        {
                                                                                                            "Worker Number": 3,
                                                                                                            "Actual Startup Time": 219.167,
                                                                                                            "Actual Total Time": 219.167,
                                                                                                            "Actual Rows": 0,
                                                                                                            "Actual Loops": 1
                                                                                                        }
                                                                                                    ]
                                                                                                },
                                                                                                {
                                                                                                    "Node Type": "Index Only Scan",
                                                                                                    "Parent Relationship": "Inner",
                                                                                                    "Parallel Aware": false,
                                                                                                    "Scan Direction": "Forward",
                                                                                                    "Index Name": "person_id_aka_name",
                                                                                                    "Relation Name": "aka_name",
                                                                                                    "Schema": "public",
                                                                                                    "Alias": "an",
                                                                                                    "Startup Cost": 0.42,
                                                                                                    "Total Cost": 12.37,
                                                                                                    "Plan Rows": 2,
                                                                                                    "Plan Width": 4,
                                                                                                    "Actual Startup Time": 0.138,
                                                                                                    "Actual Total Time": 0.14,
                                                                                                    "Actual Rows": 2,
                                                                                                    "Actual Loops": 2,
                                                                                                    "Output": [
                                                                                                        "an.person_id"
                                                                                                    ],
                                                                                                    "Index Cond": "(an.person_id = n.id)",
                                                                                                    "Rows Removed by Index Recheck": 0,
                                                                                                    "Heap Fetches": 3,
                                                                                                    "Workers": [
                                                                                                        {
                                                                                                            "Worker Number": 0,
                                                                                                            "Actual Startup Time": 0.188,
                                                                                                            "Actual Total Time": 0.19,
                                                                                                            "Actual Rows": 2,
                                                                                                            "Actual Loops": 1
                                                                                                        }
                                                                                                    ]
                                                                                                }
                                                                                            ]
                                                                                        },
                                                                                        {
                                                                                            "Node Type": "Index Scan",
                                                                                            "Parent Relationship": "Inner",
                                                                                            "Parallel Aware": false,
                                                                                            "Scan Direction": "Forward",
                                                                                            "Index Name": "person_id_cast_info",
                                                                                            "Relation Name": "cast_info",
                                                                                            "Schema": "public",
                                                                                            "Alias": "ci",
                                                                                            "Startup Cost": 0.56,
                                                                                            "Total Cost": 13.29,
                                                                                            "Plan Rows": 37,
                                                                                            "Plan Width": 16,
                                                                                            "Actual Startup Time": 0.099,
                                                                                            "Actual Total Time": 0.105,
                                                                                            "Actual Rows": 9,
                                                                                            "Actual Loops": 3,
                                                                                            "Output": [
                                                                                                "ci.id",
                                                                                                "ci.person_id",
                                                                                                "ci.movie_id",
                                                                                                "ci.person_role_id",
                                                                                                "ci.note",
                                                                                                "ci.nr_order",
                                                                                                "ci.role_id"
                                                                                            ],
                                                                                            "Index Cond": "(ci.person_id = an.person_id)",
                                                                                            "Rows Removed by Index Recheck": 0,
                                                                                            "Filter": "(ci.note = ANY ('{(writer),(producer),(uncredited),\"(as Anya)\"}'::text[]))",
                                                                                            "Rows Removed by Filter": 3,
                                                                                            "Workers": [
                                                                                                {
                                                                                                    "Worker Number": 0,
                                                                                                    "Actual Startup Time": 0.079,
                                                                                                    "Actual Total Time": 0.088,
                                                                                                    "Actual Rows": 13,
                                                                                                    "Actual Loops": 2
                                                                                                }
                                                                                            ]
                                                                                        }
                                                                                    ]
                                                                                },
                                                                                {
                                                                                    "Node Type": "Hash",
                                                                                    "Parent Relationship": "Inner",
                                                                                    "Parallel Aware": false,
                                                                                    "Startup Cost": 1.15,
                                                                                    "Total Cost": 1.15,
                                                                                    "Plan Rows": 1,
                                                                                    "Plan Width": 4,
                                                                                    "Actual Startup Time": 0.065,
                                                                                    "Actual Total Time": 0.066,
                                                                                    "Actual Rows": 1,
                                                                                    "Actual Loops": 1,
                                                                                    "Output": [
                                                                                        "rt.id"
                                                                                    ],
                                                                                    "Hash Buckets": 1024,
                                                                                    "Original Hash Buckets": 1024,
                                                                                    "Hash Batches": 1,
                                                                                    "Original Hash Batches": 1,
                                                                                    "Peak Memory Usage": 9,
                                                                                    "Workers": [
                                                                                        {
                                                                                            "Worker Number": 0,
                                                                                            "Actual Startup Time": 0.065,
                                                                                            "Actual Total Time": 0.066,
                                                                                            "Actual Rows": 1,
                                                                                            "Actual Loops": 1
                                                                                        }
                                                                                    ],
                                                                                    "Plans": [
                                                                                        {
                                                                                            "Node Type": "Seq Scan",
                                                                                            "Parent Relationship": "Outer",
                                                                                            "Parallel Aware": false,
                                                                                            "Relation Name": "role_type",
                                                                                            "Schema": "public",
                                                                                            "Alias": "rt",
                                                                                            "Startup Cost": 0.0,
                                                                                            "Total Cost": 1.15,
                                                                                            "Plan Rows": 1,
                                                                                            "Plan Width": 4,
                                                                                            "Actual Startup Time": 0.048,
                                                                                            "Actual Total Time": 0.051,
                                                                                            "Actual Rows": 1,
                                                                                            "Actual Loops": 1,
                                                                                            "Output": [
                                                                                                "rt.id"
                                                                                            ],
                                                                                            "Filter": "((rt.role)::text = 'actress'::text)",
                                                                                            "Rows Removed by Filter": 11,
                                                                                            "Workers": [
                                                                                                {
                                                                                                    "Worker Number": 0,
                                                                                                    "Actual Startup Time": 0.048,
                                                                                                    "Actual Total Time": 0.051,
                                                                                                    "Actual Rows": 1,
                                                                                                    "Actual Loops": 1
                                                                                                }
                                                                                            ]
                                                                                        }
                                                                                    ]
                                                                                }
                                                                            ]
                                                                        },
                                                                        {
                                                                            "Node Type": "Index Scan",
                                                                            "Parent Relationship": "Inner",
                                                                            "Parallel Aware": false,
                                                                            "Scan Direction": "Forward",
                                                                            "Index Name": "title_pkey",
                                                                            "Relation Name": "title",
                                                                            "Schema": "public",
                                                                            "Alias": "t",
                                                                            "Startup Cost": 0.43,
                                                                            "Total Cost": 0.52,
                                                                            "Plan Rows": 1,
                                                                            "Plan Width": 21,
                                                                            "Actual Startup Time": 0.015,
                                                                            "Actual Total Time": 0.015,
                                                                            "Actual Rows": 0,
                                                                            "Actual Loops": 26,
                                                                            "Output": [
                                                                                "t.id",
                                                                                "t.title",
                                                                                "t.imdb_index",
                                                                                "t.kind_id",
                                                                                "t.production_year",
                                                                                "t.imdb_id",
                                                                                "t.phonetic_code",
                                                                                "t.episode_of_id",
                                                                                "t.season_nr",
                                                                                "t.episode_nr",
                                                                                "t.series_years",
                                                                                "t.md5sum"
                                                                            ],
                                                                            "Index Cond": "(t.id = ci.movie_id)",
                                                                            "Rows Removed by Index Recheck": 0,
                                                                            "Filter": "((t.production_year >= 2000) AND (t.production_year <= 2006))",
                                                                            "Rows Removed by Filter": 1,
                                                                            "Workers": [
                                                                                {
                                                                                    "Worker Number": 0,
                                                                                    "Actual Startup Time": 0.015,
                                                                                    "Actual Total Time": 0.015,
                                                                                    "Actual Rows": 0,
                                                                                    "Actual Loops": 26
                                                                                }
                                                                            ]
                                                                        }
                                                                    ]
                                                                },
                                                                {
                                                                    "Node Type": "Index Scan",
                                                                    "Parent Relationship": "Inner",
                                                                    "Parallel Aware": false,
                                                                    "Scan Direction": "Forward",
                                                                    "Index Name": "movie_id_movie_companies",
                                                                    "Relation Name": "movie_companies",
                                                                    "Schema": "public",
                                                                    "Alias": "mc",
                                                                    "Startup Cost": 0.43,
                                                                    "Total Cost": 0.58,
                                                                    "Plan Rows": 1,
                                                                    "Plan Width": 8,
                                                                    "Actual Startup Time": 0.0,
                                                                    "Actual Total Time": 0.0,
                                                                    "Actual Rows": 0,
                                                                    "Actual Loops": 0,
                                                                    "Output": [
                                                                        "mc.id",
                                                                        "mc.movie_id",
                                                                        "mc.company_id",
                                                                        "mc.company_type_id",
                                                                        "mc.note"
                                                                    ],
                                                                    "Index Cond": "(mc.movie_id = ci.movie_id)",
                                                                    "Rows Removed by Index Recheck": 0,
                                                                    "Filter": "((mc.note IS NOT NULL) AND ((mc.note ~~ '%(USA)%'::text) OR (mc.note ~~ '%(worldwide)%'::text)))",
                                                                    "Rows Removed by Filter": 0
                                                                }
                                                            ]
                                                        }
                                                    ]
                                                },
                                                {
                                                    "Node Type": "Index Only Scan",
                                                    "Parent Relationship": "Inner",
                                                    "Parallel Aware": false,
                                                    "Scan Direction": "Forward",
                                                    "Index Name": "char_name_pkey",
                                                    "Relation Name": "char_name",
                                                    "Schema": "public",
                                                    "Alias": "chn",
                                                    "Startup Cost": 0.43,
                                                    "Total Cost": 0.52,
                                                    "Plan Rows": 1,
                                                    "Plan Width": 4,
                                                    "Actual Startup Time": 0.0,
                                                    "Actual Total Time": 0.0,
                                                    "Actual Rows": 0,
                                                    "Actual Loops": 0,
                                                    "Output": [
                                                        "chn.id"
                                                    ],
                                                    "Index Cond": "(chn.id = ci.person_role_id)",
                                                    "Rows Removed by Index Recheck": 0,
                                                    "Heap Fetches": 0
                                                }
                                            ]
                                        },
                                        {
                                            "Node Type": "Index Scan",
                                            "Parent Relationship": "Inner",
                                            "Parallel Aware": false,
                                            "Scan Direction": "Forward",
                                            "Index Name": "company_name_pkey",
                                            "Relation Name": "company_name",
                                            "Schema": "public",
                                            "Alias": "cn",
                                            "Startup Cost": 0.42,
                                            "Total Cost": 0.49,
                                            "Plan Rows": 1,
                                            "Plan Width": 4,
                                            "Actual Startup Time": 0.0,
                                            "Actual Total Time": 0.0,
                                            "Actual Rows": 0,
                                            "Actual Loops": 0,
                                            "Output": [
                                                "cn.id",
                                                "cn.name",
                                                "cn.country_code",
                                                "cn.imdb_id",
                                                "cn.name_pcode_nf",
                                                "cn.name_pcode_sf",
                                                "cn.md5sum"
                                            ],
                                            "Index Cond": "(cn.id = mc.company_id)",
                                            "Rows Removed by Index Recheck": 0,
                                            "Filter": "((cn.country_code)::text = '[us]'::text)",
                                            "Rows Removed by Filter": 0
                                        }
                                    ]
                                },
                                {
                                    "Node Type": "Index Scan",
                                    "Parent Relationship": "Inner",
                                    "Parallel Aware": false,
                                    "Scan Direction": "Forward",
                                    "Index Name": "movie_id_movie_info",
                                    "Relation Name": "movie_info",
                                    "Schema": "public",
                                    "Alias": "mi",
                                    "Startup Cost": 0.43,
                                    "Total Cost": 1.68,
                                    "Plan Rows": 1,
                                    "Plan Width": 8,
                                    "Actual Startup Time": 0.0,
                                    "Actual Total Time": 0.0,
                                    "Actual Rows": 0,
                                    "Actual Loops": 0,
                                    "Output": [
                                        "mi.id",
                                        "mi.movie_id",
                                        "mi.info_type_id",
                                        "mi.info",
                                        "mi.note"
                                    ],
                                    "Index Cond": "(mi.movie_id = ci.movie_id)",
                                    "Rows Removed by Index Recheck": 0,
                                    "Filter": "((mi.info IS NOT NULL) AND ((mi.info ~~ 'Japan:%200%'::text) OR (mi.info ~~ 'USA:%200%'::text)))",
                                    "Rows Removed by Filter": 0
                                }
                            ]
                        },
                        {
                            "Node Type": "Index Scan",
                            "Parent Relationship": "Inner",
                            "Parallel Aware": false,
                            "Scan Direction": "Forward",
                            "Index Name": "info_type_pkey",
                            "Relation Name": "info_type",
                            "Schema": "public",
                            "Alias": "it",
                            "Startup Cost": 0.14,
                            "Total Cost": 0.16,
                            "Plan Rows": 1,
                            "Plan Width": 4,
                            "Actual Startup Time": 0.0,
                            "Actual Total Time": 0.0,
                            "Actual Rows": 0,
                            "Actual Loops": 0,
                            "Output": [
                                "it.id",
                                "it.info"
                            ],
                            "Index Cond": "(it.id = mi.info_type_id)",
                            "Rows Removed by Index Recheck": 0,
                            "Filter": "((it.info)::text = 'release dates'::text)",
                            "Rows Removed by Filter": 0
                        }
                    ]
                }
            ]
        },
        "Planning Time": 2125.64,
        "Triggers": [],
        "Execution Time": 261.117
    }
]