[
  {
    "Plan": {
      "Node Type": "Aggregate",
      "Strategy": "Plain",
      "Partial Mode": "Finalize",
      "Parallel Aware": false,
      "Startup Cost": 83266.02,
      "Total Cost": 83266.03,
      "Plan Rows": 1,
      "Plan Width": 8,
      "Actual Startup Time": 488.122,
      "Actual Total Time": 506.711,
      "Actual Rows": 1,
      "Actual Loops": 1,
      "Plans": [
        {
          "Node Type": "Gather",
          "Parent Relationship": "Outer",
          "Parallel Aware": false,
          "Startup Cost": 83265.7,
          "Total Cost": 83266.01,
          "Plan Rows": 3,
          "Plan Width": 8,
          "Actual Startup Time": 482.426,
          "Actual Total Time": 506.702,
          "Actual Rows": 4,
          "Actual Loops": 1,
          "Workers Planned": 3,
          "Workers Launched": 3,
          "Single Copy": false,
          "Plans": [
            {
              "Node Type": "Aggregate",
              "Strategy": "Plain",
              "Partial Mode": "Partial",
              "Parent Relationship": "Outer",
              "Parallel Aware": false,
              "Startup Cost": 82265.7,
              "Total Cost": 82265.71,
              "Plan Rows": 1,
              "Plan Width": 8,
              "Actual Startup Time": 461.75,
              "Actual Total Time": 461.754,
              "Actual Rows": 1,
              "Actual Loops": 4,
              "Plans": [
                {
                  "Node Type": "Hash Join",
                  "Parent Relationship": "Outer",
                  "Parallel Aware": true,
                  "Join Type": "Inner",
                  "Startup Cost": 56207.2,
                  "Total Cost": 82038.12,
                  "Plan Rows": 91035,
                  "Plan Width": 0,
                  "Actual Startup Time": 378.343,
                  "Actual Total Time": 457.349,
                  "Actual Rows": 69676,
                  "Actual Loops": 4,
                  "Inner Unique": true,
                  "Hash Cond": "(mk.movie_id = t.id)",
                  "Plans": [
                    {
                      "Node Type": "Bitmap Heap Scan",
                      "Parent Relationship": "Outer",
                      "Parallel Aware": true,
                      "Relation Name": "movie_keyword",
                      "Alias": "mk",
                      "Startup Cost": 5987.56,
                      "Total Cost": 31579.5,
                      "Plan Rows": 91035,
                      "Plan Width": 4,
                      "Actual Startup Time": 28.001,
                      "Actual Total Time": 78.742,
                      "Actual Rows": 69676,
                      "Actual Loops": 4,
                      "Recheck Cond": "(keyword_id > 57065)",
                      "Rows Removed by Index Recheck": 0,
                      "Exact Heap Blocks": 6110,
                      "Lossy Heap Blocks": 0,
                      "Plans": [
                        {
                          "Node Type": "Bitmap Index Scan",
                          "Parent Relationship": "Outer",
                          "Parallel Aware": false,
                          "Index Name": "keyword_id_movie_keyword",
                          "Startup Cost": 0.0,
                          "Total Cost": 5917.01,
                          "Plan Rows": 282210,
                          "Plan Width": 0,
                          "Actual Startup Time": 22.777,
                          "Actual Total Time": 22.778,
                          "Actual Rows": 278705,
                          "Actual Loops": 1,
                          "Index Cond": "(keyword_id > 57065)"
                        }
                      ]
                    },
                    {
                      "Node Type": "Hash",
                      "Parent Relationship": "Inner",
                      "Parallel Aware": true,
                      "Startup Cost": 42318.73,
                      "Total Cost": 42318.73,
                      "Plan Rows": 632073,
                      "Plan Width": 4,
                      "Actual Startup Time": 339.378,
                      "Actual Total Time": 339.379,
                      "Actual Rows": 632078,
                      "Actual Loops": 4,
                      "Hash Buckets": 4194304,
                      "Original Hash Buckets": 4194304,
                      "Hash Batches": 1,
                      "Original Hash Batches": 1,
                      "Peak Memory Usage": 131712,
                      "Plans": [
                        {
                          "Node Type": "Seq Scan",
                          "Parent Relationship": "Outer",
                          "Parallel Aware": true,
                          "Relation Name": "title",
                          "Alias": "t",
                          "Startup Cost": 0.0,
                          "Total Cost": 42318.73,
                          "Plan Rows": 632073,
                          "Plan Width": 4,
                          "Actual Startup Time": 0.045,
                          "Actual Total Time": 104.88,
                          "Actual Rows": 632078,
                          "Actual Loops": 4
                        }
                      ]
                    }
                  ]
                }
              ]
            }
          ]
        }
      ]
    },
    "Planning Time": 0.613,
    "Triggers": [],
    "Execution Time": 506.897
  }
]