[
  {
    "Plan": {
      "Node Type": "Aggregate",
      "Strategy": "Plain",
      "Partial Mode": "Simple",
      "Parallel Aware": false,
      "Startup Cost": 2959.36,
      "Total Cost": 2959.37,
      "Plan Rows": 1,
      "Plan Width": 8,
      "Actual Startup Time": 12.233,
      "Actual Total Time": 12.234,
      "Actual Rows": 1,
      "Actual Loops": 1,
      "Plans": [
        {
          "Node Type": "Nested Loop",
          "Parent Relationship": "Outer",
          "Parallel Aware": false,
          "Join Type": "Inner",
          "Startup Cost": 6.75,
          "Total Cost": 2959.11,
          "Plan Rows": 98,
          "Plan Width": 0,
          "Actual Startup Time": 0.555,
          "Actual Total Time": 12.217,
          "Actual Rows": 212,
          "Actual Loops": 1,
          "Inner Unique": true,
          "Plans": [
            {
              "Node Type": "Bitmap Heap Scan",
              "Parent Relationship": "Outer",
              "Parallel Aware": false,
              "Relation Name": "movie_keyword",
              "Alias": "mk",
              "Startup Cost": 6.32,
              "Total Cost": 908.7,
              "Plan Rows": 244,
              "Plan Width": 4,
              "Actual Startup Time": 0.547,
              "Actual Total Time": 3.323,
              "Actual Rows": 2713,
              "Actual Loops": 1,
              "Recheck Cond": "(keyword_id = 2197)",
              "Rows Removed by Index Recheck": 0,
              "Exact Heap Blocks": 2244,
              "Lossy Heap Blocks": 0,
              "Plans": [
                {
                  "Node Type": "Bitmap Index Scan",
                  "Parent Relationship": "Outer",
                  "Parallel Aware": false,
                  "Index Name": "keyword_id_movie_keyword",
                  "Startup Cost": 0.0,
                  "Total Cost": 6.26,
                  "Plan Rows": 244,
                  "Plan Width": 0,
                  "Actual Startup Time": 0.272,
                  "Actual Total Time": 0.272,
                  "Actual Rows": 2713,
                  "Actual Loops": 1,
                  "Index Cond": "(keyword_id = 2197)"
                }
              ]
            },
            {
              "Node Type": "Index Scan",
              "Parent Relationship": "Inner",
              "Parallel Aware": false,
              "Scan Direction": "Forward",
              "Index Name": "title_pkey",
              "Relation Name": "title",
              "Alias": "t",
              "Startup Cost": 0.43,
              "Total Cost": 8.4,
              "Plan Rows": 1,
              "Plan Width": 4,
              "Actual Startup Time": 0.003,
              "Actual Total Time": 0.003,
              "Actual Rows": 0,
              "Actual Loops": 2713,
              "Index Cond": "(id = mk.movie_id)",
              "Rows Removed by Index Recheck": 0,
              "Filter": "((production_year < 2008) AND (kind_id = 7))",
              "Rows Removed by Filter": 1
            }
          ]
        }
      ]
    },
    "Planning Time": 0.166,
    "Triggers": [],
    "Execution Time": 12.257
  }
]