[
  {
    "Plan": {
      "Node Type": "Aggregate",
      "Strategy": "Plain",
      "Partial Mode": "Finalize",
      "Parallel Aware": false,
      "Startup Cost": 220853.95,
      "Total Cost": 220853.96,
      "Plan Rows": 1,
      "Plan Width": 8,
      "Actual Startup Time": 156.982,
      "Actual Total Time": 181.526,
      "Actual Rows": 1,
      "Actual Loops": 1,
      "Plans": [
        {
          "Node Type": "Gather",
          "Parent Relationship": "Outer",
          "Parallel Aware": false,
          "Startup Cost": 220853.53,
          "Total Cost": 220853.94,
          "Plan Rows": 4,
          "Plan Width": 8,
          "Actual Startup Time": 156.851,
          "Actual Total Time": 181.517,
          "Actual Rows": 5,
          "Actual Loops": 1,
          "Workers Planned": 4,
          "Workers Launched": 4,
          "Single Copy": false,
          "Plans": [
            {
              "Node Type": "Aggregate",
              "Strategy": "Plain",
              "Partial Mode": "Partial",
              "Parent Relationship": "Outer",
              "Parallel Aware": false,
              "Startup Cost": 219853.53,
              "Total Cost": 219853.54,
              "Plan Rows": 1,
              "Plan Width": 8,
              "Actual Startup Time": 146.886,
              "Actual Total Time": 146.888,
              "Actual Rows": 1,
              "Actual Loops": 5,
              "Plans": [
                {
                  "Node Type": "Nested Loop",
                  "Parent Relationship": "Outer",
                  "Parallel Aware": false,
                  "Join Type": "Inner",
                  "Startup Cost": 0.43,
                  "Total Cost": 219812.47,
                  "Plan Rows": 16425,
                  "Plan Width": 0,
                  "Actual Startup Time": 0.609,
                  "Actual Total Time": 145.023,
                  "Actual Rows": 24548,
                  "Actual Loops": 5,
                  "Inner Unique": false,
                  "Plans": [
                    {
                      "Node Type": "Seq Scan",
                      "Parent Relationship": "Outer",
                      "Parallel Aware": true,
                      "Relation Name": "title",
                      "Alias": "t",
                      "Startup Cost": 0.0,
                      "Total Cost": 45479.1,
                      "Plan Rows": 2809,
                      "Plan Width": 4,
                      "Actual Startup Time": 0.403,
                      "Actual Total Time": 75.487,
                      "Actual Rows": 2228,
                      "Actual Loops": 5,
                      "Filter": "((kind_id < 7) AND (production_year = 1994))",
                      "Rows Removed by Filter": 503434
                    },
                    {
                      "Node Type": "Index Only Scan",
                      "Parent Relationship": "Inner",
                      "Parallel Aware": false,
                      "Scan Direction": "Forward",
                      "Index Name": "movie_id_movie_info",
                      "Relation Name": "movie_info",
                      "Alias": "mi",
                      "Startup Cost": 0.43,
                      "Total Cost": 61.64,
                      "Plan Rows": 42,
                      "Plan Width": 4,
                      "Actual Startup Time": 0.011,
                      "Actual Total Time": 0.03,
                      "Actual Rows": 11,
                      "Actual Loops": 11141,
                      "Index Cond": "(movie_id = t.id)",
                      "Rows Removed by Index Recheck": 0,
                      "Heap Fetches": 122740
                    }
                  ]
                }
              ]
            }
          ]
        }
      ]
    },
    "Planning Time": 0.619,
    "Triggers": [],
    "Execution Time": 181.607
  }
]