[
    {
        "Bao": {
            "Bao prediction": "NaN",
            "Bao recommended hint": "(no hint)"
        }
    },
    {
        "Plan": {
            "Node Type": "Aggregate",
            "Strategy": "Plain",
            "Partial Mode": "Finalize",
            "Parallel Aware": false,
            "Startup Cost": 350307.26,
            "Total Cost": 350307.27,
            "Plan Rows": 1,
            "Plan Width": 8,
            "Actual Startup Time": 739.761,
            "Actual Total Time": 769.996,
            "Actual Rows": 1,
            "Actual Loops": 1,
            "Output": [
                "count(*)"
            ],
            "Plans": [
                {
                    "Node Type": "Gather",
                    "Parent Relationship": "Outer",
                    "Parallel Aware": false,
                    "Startup Cost": 350306.64,
                    "Total Cost": 350307.24,
                    "Plan Rows": 6,
                    "Plan Width": 8,
                    "Actual Startup Time": 739.644,
                    "Actual Total Time": 769.985,
                    "Actual Rows": 7,
                    "Actual Loops": 1,
                    "Output": [
                        "(PARTIAL count(*))"
                    ],
                    "Workers Planned": 6,
                    "Workers Launched": 6,
                    "Single Copy": false,
                    "Plans": [
                        {
                            "Node Type": "Aggregate",
                            "Strategy": "Plain",
                            "Partial Mode": "Partial",
                            "Parent Relationship": "Outer",
                            "Parallel Aware": false,
                            "Startup Cost": 349306.64,
                            "Total Cost": 349306.65,
                            "Plan Rows": 1,
                            "Plan Width": 8,
                            "Actual Startup Time": 729.586,
                            "Actual Total Time": 729.587,
                            "Actual Rows": 1,
                            "Actual Loops": 7,
                            "Output": [
                                "PARTIAL count(*)"
                            ],
                            "Workers": [
                                {
                                    "Worker Number": 0,
                                    "Actual Startup Time": 727.245,
                                    "Actual Total Time": 727.247,
                                    "Actual Rows": 1,
                                    "Actual Loops": 1
                                },
                                {
                                    "Worker Number": 1,
                                    "Actual Startup Time": 727.574,
                                    "Actual Total Time": 727.575,
                                    "Actual Rows": 1,
                                    "Actual Loops": 1
                                },
                                {
                                    "Worker Number": 2,
                                    "Actual Startup Time": 727.772,
                                    "Actual Total Time": 727.773,
                                    "Actual Rows": 1,
                                    "Actual Loops": 1
                                },
                                {
                                    "Worker Number": 3,
                                    "Actual Startup Time": 728.002,
                                    "Actual Total Time": 728.003,
                                    "Actual Rows": 1,
                                    "Actual Loops": 1
                                },
                                {
                                    "Worker Number": 4,
                                    "Actual Startup Time": 728.573,
                                    "Actual Total Time": 728.574,
                                    "Actual Rows": 1,
                                    "Actual Loops": 1
                                },
                                {
                                    "Worker Number": 5,
                                    "Actual Startup Time": 728.832,
                                    "Actual Total Time": 728.832,
                                    "Actual Rows": 1,
                                    "Actual Loops": 1
                                }
                            ],
                            "Plans": [
                                {
                                    "Node Type": "Seq Scan",
                                    "Parent Relationship": "Outer",
                                    "Parallel Aware": true,
                                    "Relation Name": "cast_info",
                                    "Schema": "public",
                                    "Alias": "ci",
                                    "Startup Cost": 0.0,
                                    "Total Cost": 343318.94,
                                    "Plan Rows": 2395078,
                                    "Plan Width": 0,
                                    "Actual Startup Time": 333.618,
                                    "Actual Total Time": 635.822,
                                    "Actual Rows": 2152819,
                                    "Actual Loops": 7,
                                    "Output": [
                                        "id",
                                        "person_id",
                                        "movie_id",
                                        "person_role_id",
                                        "note",
                                        "nr_order",
                                        "role_id"
                                    ],
                                    "Filter": "((ci.person_id > 361468) AND (ci.role_id > 2))",
                                    "Rows Removed by Filter": 3024944,
                                    "Workers": [
                                        {
                                            "Worker Number": 0,
                                            "Actual Startup Time": 331.286,
                                            "Actual Total Time": 637.187,
                                            "Actual Rows": 2203704,
                                            "Actual Loops": 1
                                        },
                                        {
                                            "Worker Number": 1,
                                            "Actual Startup Time": 331.616,
                                            "Actual Total Time": 637.845,
                                            "Actual Rows": 2195333,
                                            "Actual Loops": 1
                                        },
                                        {
                                            "Worker Number": 2,
                                            "Actual Startup Time": 331.8,
                                            "Actual Total Time": 635.68,
                                            "Actual Rows": 2180000,
                                            "Actual Loops": 1
                                        },
                                        {
                                            "Worker Number": 3,
                                            "Actual Startup Time": 332.014,
                                            "Actual Total Time": 633.421,
                                            "Actual Rows": 1426980,
                                            "Actual Loops": 1
                                        },
                                        {
                                            "Worker Number": 4,
                                            "Actual Startup Time": 332.612,
                                            "Actual Total Time": 638.539,
                                            "Actual Rows": 2207500,
                                            "Actual Loops": 1
                                        },
                                        {
                                            "Worker Number": 5,
                                            "Actual Startup Time": 332.861,
                                            "Actual Total Time": 638.834,
                                            "Actual Rows": 2199982,
                                            "Actual Loops": 1
                                        }
                                    ]
                                }
                            ]
                        }
                    ]
                }
            ]
        },
        "Planning Time": 230.697,
        "Triggers": [],
        "Execution Time": 770.101
    }
]