[
  {
    "Plan": {
      "Node Type": "Aggregate",
      "Strategy": "Plain",
      "Partial Mode": "Finalize",
      "Parallel Aware": false,
      "Startup Cost": 55121.5,
      "Total Cost": 55121.51,
      "Plan Rows": 1,
      "Plan Width": 8,
      "Actual Startup Time": 129.57,
      "Actual Total Time": 141.569,
      "Actual Rows": 1,
      "Actual Loops": 1,
      "Plans": [
        {
          "Node Type": "Gather",
          "Parent Relationship": "Outer",
          "Parallel Aware": false,
          "Startup Cost": 55121.19,
          "Total Cost": 55121.5,
          "Plan Rows": 3,
          "Plan Width": 8,
          "Actual Startup Time": 129.428,
          "Actual Total Time": 141.563,
          "Actual Rows": 4,
          "Actual Loops": 1,
          "Workers Planned": 3,
          "Workers Launched": 3,
          "Single Copy": false,
          "Plans": [
            {
              "Node Type": "Aggregate",
              "Strategy": "Plain",
              "Partial Mode": "Partial",
              "Parent Relationship": "Outer",
              "Parallel Aware": false,
              "Startup Cost": 54121.19,
              "Total Cost": 54121.2,
              "Plan Rows": 1,
              "Plan Width": 8,
              "Actual Startup Time": 119.376,
              "Actual Total Time": 119.379,
              "Actual Rows": 1,
              "Actual Loops": 4,
              "Plans": [
                {
                  "Node Type": "Hash Join",
                  "Parent Relationship": "Outer",
                  "Parallel Aware": true,
                  "Join Type": "Inner",
                  "Startup Cost": 45508.48,
                  "Total Cost": 54120.31,
                  "Plan Rows": 351,
                  "Plan Width": 0,
                  "Actual Startup Time": 98.843,
                  "Actual Total Time": 119.339,
                  "Actual Rows": 526,
                  "Actual Loops": 4,
                  "Inner Unique": true,
                  "Hash Cond": "(ci.movie_id = t.id)",
                  "Plans": [
                    {
                      "Node Type": "Index Scan",
                      "Parent Relationship": "Outer",
                      "Parallel Aware": true,
                      "Scan Direction": "Forward",
                      "Index Name": "role_id_cast_info",
                      "Relation Name": "cast_info",
                      "Alias": "ci",
                      "Startup Cost": 0.56,
                      "Total Cost": 8359.83,
                      "Plan Rows": 96218,
                      "Plan Width": 4,
                      "Actual Startup Time": 0.306,
                      "Actual Total Time": 13.032,
                      "Actual Rows": 79030,
                      "Actual Loops": 4,
                      "Index Cond": "(role_id > 10)",
                      "Rows Removed by Index Recheck": 0
                    },
                    {
                      "Node Type": "Hash",
                      "Parent Relationship": "Inner",
                      "Parallel Aware": true,
                      "Startup Cost": 45479.1,
                      "Total Cost": 45479.1,
                      "Plan Rows": 2305,
                      "Plan Width": 4,
                      "Actual Startup Time": 96.886,
                      "Actual Total Time": 96.886,
                      "Actual Rows": 2102,
                      "Actual Loops": 4,
                      "Hash Buckets": 16384,
                      "Original Hash Buckets": 16384,
                      "Hash Batches": 1,
                      "Original Hash Batches": 1,
                      "Peak Memory Usage": 512,
                      "Plans": [
                        {
                          "Node Type": "Seq Scan",
                          "Parent Relationship": "Outer",
                          "Parallel Aware": true,
                          "Relation Name": "title",
                          "Alias": "t",
                          "Startup Cost": 0.0,
                          "Total Cost": 45479.1,
                          "Plan Rows": 2305,
                          "Plan Width": 4,
                          "Actual Startup Time": 0.117,
                          "Actual Total Time": 95.563,
                          "Actual Rows": 2102,
                          "Actual Loops": 4,
                          "Filter": "((kind_id = 7) AND (production_year = 1973))",
                          "Rows Removed by Filter": 629976
                        }
                      ]
                    }
                  ]
                }
              ]
            }
          ]
        }
      ]
    },
    "Planning Time": 0.566,
    "Triggers": [],
    "Execution Time": 141.637
  }
]