[
  {
    "Plan": {
      "Node Type": "Aggregate",
      "Strategy": "Plain",
      "Partial Mode": "Finalize",
      "Parallel Aware": false,
      "Startup Cost": 93854.35,
      "Total Cost": 93854.36,
      "Plan Rows": 1,
      "Plan Width": 8,
      "Actual Startup Time": 625.721,
      "Actual Total Time": 643.378,
      "Actual Rows": 1,
      "Actual Loops": 1,
      "Plans": [
        {
          "Node Type": "Gather",
          "Parent Relationship": "Outer",
          "Parallel Aware": false,
          "Startup Cost": 93854.03,
          "Total Cost": 93854.34,
          "Plan Rows": 3,
          "Plan Width": 8,
          "Actual Startup Time": 614.816,
          "Actual Total Time": 643.367,
          "Actual Rows": 4,
          "Actual Loops": 1,
          "Workers Planned": 3,
          "Workers Launched": 3,
          "Single Copy": false,
          "Plans": [
            {
              "Node Type": "Aggregate",
              "Strategy": "Plain",
              "Partial Mode": "Partial",
              "Parent Relationship": "Outer",
              "Parallel Aware": false,
              "Startup Cost": 92854.03,
              "Total Cost": 92854.04,
              "Plan Rows": 1,
              "Plan Width": 8,
              "Actual Startup Time": 596.116,
              "Actual Total Time": 596.12,
              "Actual Rows": 1,
              "Actual Loops": 4,
              "Plans": [
                {
                  "Node Type": "Hash Join",
                  "Parent Relationship": "Outer",
                  "Parallel Aware": true,
                  "Join Type": "Inner",
                  "Startup Cost": 64557.67,
                  "Total Cost": 92309.02,
                  "Plan Rows": 218006,
                  "Plan Width": 0,
                  "Actual Startup Time": 442.265,
                  "Actual Total Time": 585.234,
                  "Actual Rows": 170413,
                  "Actual Loops": 4,
                  "Inner Unique": true,
                  "Hash Cond": "(mk.movie_id = t.id)",
                  "Plans": [
                    {
                      "Node Type": "Bitmap Heap Scan",
                      "Parent Relationship": "Outer",
                      "Parallel Aware": true,
                      "Relation Name": "movie_keyword",
                      "Alias": "mk",
                      "Startup Cost": 14338.03,
                      "Total Cost": 41517.11,
                      "Plan Rows": 218006,
                      "Plan Width": 4,
                      "Actual Startup Time": 59.945,
                      "Actual Total Time": 127.203,
                      "Actual Rows": 170413,
                      "Actual Loops": 4,
                      "Recheck Cond": "(keyword_id < 562)",
                      "Rows Removed by Index Recheck": 0,
                      "Exact Heap Blocks": 8348,
                      "Lossy Heap Blocks": 0,
                      "Plans": [
                        {
                          "Node Type": "Bitmap Index Scan",
                          "Parent Relationship": "Outer",
                          "Parallel Aware": false,
                          "Index Name": "keyword_id_movie_keyword",
                          "Startup Cost": 0.0,
                          "Total Cost": 14169.08,
                          "Plan Rows": 675819,
                          "Plan Width": 0,
                          "Actual Startup Time": 54.019,
                          "Actual Total Time": 54.02,
                          "Actual Rows": 681653,
                          "Actual Loops": 1,
                          "Index Cond": "(keyword_id < 562)"
                        }
                      ]
                    },
                    {
                      "Node Type": "Hash",
                      "Parent Relationship": "Inner",
                      "Parallel Aware": true,
                      "Startup Cost": 42318.73,
                      "Total Cost": 42318.73,
                      "Plan Rows": 632073,
                      "Plan Width": 4,
                      "Actual Startup Time": 371.031,
                      "Actual Total Time": 371.031,
                      "Actual Rows": 632078,
                      "Actual Loops": 4,
                      "Hash Buckets": 4194304,
                      "Original Hash Buckets": 4194304,
                      "Hash Batches": 1,
                      "Original Hash Batches": 1,
                      "Peak Memory Usage": 131744,
                      "Plans": [
                        {
                          "Node Type": "Seq Scan",
                          "Parent Relationship": "Outer",
                          "Parallel Aware": true,
                          "Relation Name": "title",
                          "Alias": "t",
                          "Startup Cost": 0.0,
                          "Total Cost": 42318.73,
                          "Plan Rows": 632073,
                          "Plan Width": 4,
                          "Actual Startup Time": 0.034,
                          "Actual Total Time": 116.482,
                          "Actual Rows": 632078,
                          "Actual Loops": 4
                        }
                      ]
                    }
                  ]
                }
              ]
            }
          ]
        }
      ]
    },
    "Planning Time": 0.536,
    "Triggers": [],
    "Execution Time": 643.45
  }
]