[
  {
    "Plan": {
      "Node Type": "Aggregate",
      "Strategy": "Plain",
      "Partial Mode": "Finalize",
      "Parallel Aware": false,
      "Startup Cost": 33102.76,
      "Total Cost": 33102.77,
      "Plan Rows": 1,
      "Plan Width": 8,
      "Actual Startup Time": 103.216,
      "Actual Total Time": 111.212,
      "Actual Rows": 1,
      "Actual Loops": 1,
      "Plans": [
        {
          "Node Type": "Gather",
          "Parent Relationship": "Outer",
          "Parallel Aware": false,
          "Startup Cost": 33102.44,
          "Total Cost": 33102.75,
          "Plan Rows": 3,
          "Plan Width": 8,
          "Actual Startup Time": 103.105,
          "Actual Total Time": 111.202,
          "Actual Rows": 4,
          "Actual Loops": 1,
          "Workers Planned": 3,
          "Workers Launched": 3,
          "Single Copy": false,
          "Plans": [
            {
              "Node Type": "Aggregate",
              "Strategy": "Plain",
              "Partial Mode": "Partial",
              "Parent Relationship": "Outer",
              "Parallel Aware": false,
              "Startup Cost": 32102.44,
              "Total Cost": 32102.45,
              "Plan Rows": 1,
              "Plan Width": 8,
              "Actual Startup Time": 95.413,
              "Actual Total Time": 95.415,
              "Actual Rows": 1,
              "Actual Loops": 4,
              "Plans": [
                {
                  "Node Type": "Seq Scan",
                  "Parent Relationship": "Outer",
                  "Parallel Aware": true,
                  "Relation Name": "movie_companies",
                  "Alias": "mc",
                  "Startup Cost": 0.0,
                  "Total Cost": 31414.82,
                  "Plan Rows": 275049,
                  "Plan Width": 0,
                  "Actual Startup Time": 51.811,
                  "Actual Total Time": 88.73,
                  "Actual Rows": 134668,
                  "Actual Loops": 4,
                  "Filter": "((company_id < 18961) AND (company_type_id = 2))",
                  "Rows Removed by Filter": 517614
                }
              ]
            }
          ]
        }
      ]
    },
    "Planning Time": 0.224,
    "Triggers": [],
    "Execution Time": 111.271
  }
]