[
    {
        "Bao": {
            "Bao prediction": 1628.048,
            "Bao recommended hint": "SET enable_mergejoin TO off; SET enable_indexscan TO off; "
        }
    },
    {
        "Plan": {
            "Node Type": "Aggregate",
            "Strategy": "Plain",
            "Partial Mode": "Finalize",
            "Parallel Aware": false,
            "Startup Cost": 568151.16,
            "Total Cost": 568151.17,
            "Plan Rows": 1,
            "Plan Width": 128,
            "Actual Startup Time": 3124.609,
            "Actual Total Time": 3236.766,
            "Actual Rows": 1,
            "Actual Loops": 1,
            "Output": [
                "min(an.name)",
                "min(chn.name)",
                "min(n.name)",
                "min(t.title)"
            ],
            "Plans": [
                {
                    "Node Type": "Gather",
                    "Parent Relationship": "Outer",
                    "Parallel Aware": false,
                    "Startup Cost": 568150.82,
                    "Total Cost": 568151.13,
                    "Plan Rows": 3,
                    "Plan Width": 128,
                    "Actual Startup Time": 3117.747,
                    "Actual Total Time": 3236.75,
                    "Actual Rows": 4,
                    "Actual Loops": 1,
                    "Output": [
                        "(PARTIAL min(an.name))",
                        "(PARTIAL min(chn.name))",
                        "(PARTIAL min(n.name))",
                        "(PARTIAL min(t.title))"
                    ],
                    "Workers Planned": 3,
                    "Workers Launched": 3,
                    "Single Copy": false,
                    "Plans": [
                        {
                            "Node Type": "Aggregate",
                            "Strategy": "Plain",
                            "Partial Mode": "Partial",
                            "Parent Relationship": "Outer",
                            "Parallel Aware": false,
                            "Startup Cost": 567150.82,
                            "Total Cost": 567150.83,
                            "Plan Rows": 1,
                            "Plan Width": 128,
                            "Actual Startup Time": 3102.861,
                            "Actual Total Time": 3102.887,
                            "Actual Rows": 1,
                            "Actual Loops": 4,
                            "Output": [
                                "PARTIAL min(an.name)",
                                "PARTIAL min(chn.name)",
                                "PARTIAL min(n.name)",
                                "PARTIAL min(t.title)"
                            ],
                            "Workers": [
                                {
                                    "Worker Number": 0,
                                    "Actual Startup Time": 3096.486,
                                    "Actual Total Time": 3096.503,
                                    "Actual Rows": 1,
                                    "Actual Loops": 1
                                },
                                {
                                    "Worker Number": 1,
                                    "Actual Startup Time": 3097.1,
                                    "Actual Total Time": 3097.118,
                                    "Actual Rows": 1,
                                    "Actual Loops": 1
                                },
                                {
                                    "Worker Number": 2,
                                    "Actual Startup Time": 3102.223,
                                    "Actual Total Time": 3102.248,
                                    "Actual Rows": 1,
                                    "Actual Loops": 1
                                }
                            ],
                            "Plans": [
                                {
                                    "Node Type": "Hash Join",
                                    "Parent Relationship": "Outer",
                                    "Parallel Aware": true,
                                    "Join Type": "Inner",
                                    "Startup Cost": 551239.78,
                                    "Total Cost": 566648.29,
                                    "Plan Rows": 50253,
                                    "Plan Width": 64,
                                    "Actual Startup Time": 3015.587,
                                    "Actual Total Time": 3088.937,
                                    "Actual Rows": 105872,
                                    "Actual Loops": 4,
                                    "Output": [
                                        "an.name",
                                        "chn.name",
                                        "n.name",
                                        "t.title"
                                    ],
                                    "Inner Unique": false,
                                    "Hash Cond": "(an.person_id = n.id)",
                                    "Workers": [
                                        {
                                            "Worker Number": 0,
                                            "Actual Startup Time": 3010.236,
                                            "Actual Total Time": 3085.45,
                                            "Actual Rows": 95313,
                                            "Actual Loops": 1
                                        },
                                        {
                                            "Worker Number": 1,
                                            "Actual Startup Time": 3008.905,
                                            "Actual Total Time": 3084.639,
                                            "Actual Rows": 64694,
                                            "Actual Loops": 1
                                        },
                                        {
                                            "Worker Number": 2,
                                            "Actual Startup Time": 3014.777,
                                            "Actual Total Time": 3078.918,
                                            "Actual Rows": 187389,
                                            "Actual Loops": 1
                                        }
                                    ],
                                    "Plans": [
                                        {
                                            "Node Type": "Seq Scan",
                                            "Parent Relationship": "Outer",
                                            "Parallel Aware": true,
                                            "Relation Name": "aka_name",
                                            "Schema": "public",
                                            "Alias": "an",
                                            "Startup Cost": 0.0,
                                            "Total Cost": 14303.56,
                                            "Plan Rows": 290756,
                                            "Plan Width": 20,
                                            "Actual Startup Time": 0.02,
                                            "Actual Total Time": 27.36,
                                            "Actual Rows": 225336,
                                            "Actual Loops": 4,
                                            "Output": [
                                                "an.id",
                                                "an.person_id",
                                                "an.name",
                                                "an.imdb_index",
                                                "an.name_pcode_cf",
                                                "an.name_pcode_nf",
                                                "an.surname_pcode",
                                                "an.md5sum"
                                            ],
                                            "Workers": [
                                                {
                                                    "Worker Number": 0,
                                                    "Actual Startup Time": 0.015,
                                                    "Actual Total Time": 28.669,
                                                    "Actual Rows": 249753,
                                                    "Actual Loops": 1
                                                },
                                                {
                                                    "Worker Number": 1,
                                                    "Actual Startup Time": 0.03,
                                                    "Actual Total Time": 30.151,
                                                    "Actual Rows": 185720,
                                                    "Actual Loops": 1
                                                },
                                                {
                                                    "Worker Number": 2,
                                                    "Actual Startup Time": 0.021,
                                                    "Actual Total Time": 19.961,
                                                    "Actual Rows": 173017,
                                                    "Actual Loops": 1
                                                }
                                            ]
                                        },
                                        {
                                            "Node Type": "Hash",
                                            "Parent Relationship": "Inner",
                                            "Parallel Aware": true,
                                            "Startup Cost": 550977.98,
                                            "Total Cost": 550977.98,
                                            "Plan Rows": 20944,
                                            "Plan Width": 56,
                                            "Actual Startup Time": 3012.951,
                                            "Actual Total Time": 3012.975,
                                            "Actual Rows": 35711,
                                            "Actual Loops": 4,
                                            "Output": [
                                                "chn.name",
                                                "ci.person_id",
                                                "n.name",
                                                "n.id",
                                                "t.title"
                                            ],
                                            "Hash Buckets": 262144,
                                            "Original Hash Buckets": 65536,
                                            "Hash Batches": 1,
                                            "Original Hash Batches": 1,
                                            "Peak Memory Usage": 17312,
                                            "Workers": [
                                                {
                                                    "Worker Number": 0,
                                                    "Actual Startup Time": 3007.781,
                                                    "Actual Total Time": 3007.797,
                                                    "Actual Rows": 38361,
                                                    "Actual Loops": 1
                                                },
                                                {
                                                    "Worker Number": 1,
                                                    "Actual Startup Time": 3008.065,
                                                    "Actual Total Time": 3008.08,
                                                    "Actual Rows": 27000,
                                                    "Actual Loops": 1
                                                },
                                                {
                                                    "Worker Number": 2,
                                                    "Actual Startup Time": 3013.53,
                                                    "Actual Total Time": 3013.554,
                                                    "Actual Rows": 35599,
                                                    "Actual Loops": 1
                                                }
                                            ],
                                            "Plans": [
                                                {
                                                    "Node Type": "Hash Join",
                                                    "Parent Relationship": "Outer",
                                                    "Parallel Aware": true,
                                                    "Join Type": "Inner",
                                                    "Startup Cost": 520362.41,
                                                    "Total Cost": 550977.98,
                                                    "Plan Rows": 20944,
                                                    "Plan Width": 56,
                                                    "Actual Startup Time": 2755.345,
                                                    "Actual Total Time": 2978.827,
                                                    "Actual Rows": 35711,
                                                    "Actual Loops": 4,
                                                    "Output": [
                                                        "chn.name",
                                                        "ci.person_id",
                                                        "n.name",
                                                        "n.id",
                                                        "t.title"
                                                    ],
                                                    "Inner Unique": false,
                                                    "Hash Cond": "(mc.movie_id = ci.movie_id)",
                                                    "Workers": [
                                                        {
                                                            "Worker Number": 0,
                                                            "Actual Startup Time": 2750.082,
                                                            "Actual Total Time": 2973.044,
                                                            "Actual Rows": 38361,
                                                            "Actual Loops": 1
                                                        },
                                                        {
                                                            "Worker Number": 1,
                                                            "Actual Startup Time": 2750.441,
                                                            "Actual Total Time": 2974.769,
                                                            "Actual Rows": 27000,
                                                            "Actual Loops": 1
                                                        },
                                                        {
                                                            "Worker Number": 2,
                                                            "Actual Startup Time": 2756.022,
                                                            "Actual Total Time": 2979.484,
                                                            "Actual Rows": 35599,
                                                            "Actual Loops": 1
                                                        }
                                                    ],
                                                    "Plans": [
                                                        {
                                                            "Node Type": "Hash Join",
                                                            "Parent Relationship": "Outer",
                                                            "Parallel Aware": true,
                                                            "Join Type": "Inner",
                                                            "Startup Cost": 5351.02,
                                                            "Total Cost": 34766.95,
                                                            "Plan Rows": 305940,
                                                            "Plan Width": 4,
                                                            "Actual Startup Time": 16.829,
                                                            "Actual Total Time": 184.448,
                                                            "Actual Rows": 288450,
                                                            "Actual Loops": 4,
                                                            "Output": [
                                                                "mc.movie_id"
                                                            ],
                                                            "Inner Unique": true,
                                                            "Hash Cond": "(mc.company_id = cn.id)",
                                                            "Workers": [
                                                                {
                                                                    "Worker Number": 0,
                                                                    "Actual Startup Time": 17.729,
                                                                    "Actual Total Time": 184.019,
                                                                    "Actual Rows": 309127,
                                                                    "Actual Loops": 1
                                                                },
                                                                {
                                                                    "Worker Number": 1,
                                                                    "Actual Startup Time": 16.09,
                                                                    "Actual Total Time": 187.154,
                                                                    "Actual Rows": 213293,
                                                                    "Actual Loops": 1
                                                                },
                                                                {
                                                                    "Worker Number": 2,
                                                                    "Actual Startup Time": 17.411,
                                                                    "Actual Total Time": 184.021,
                                                                    "Actual Rows": 315186,
                                                                    "Actual Loops": 1
                                                                }
                                                            ],
                                                            "Plans": [
                                                                {
                                                                    "Node Type": "Seq Scan",
                                                                    "Parent Relationship": "Outer",
                                                                    "Parallel Aware": true,
                                                                    "Relation Name": "movie_companies",
                                                                    "Schema": "public",
                                                                    "Alias": "mc",
                                                                    "Startup Cost": 0.0,
                                                                    "Total Cost": 27206.55,
                                                                    "Plan Rows": 841655,
                                                                    "Plan Width": 8,
                                                                    "Actual Startup Time": 0.027,
                                                                    "Actual Total Time": 63.095,
                                                                    "Actual Rows": 652282,
                                                                    "Actual Loops": 4,
                                                                    "Output": [
                                                                        "mc.id",
                                                                        "mc.movie_id",
                                                                        "mc.company_id",
                                                                        "mc.company_type_id",
                                                                        "mc.note"
                                                                    ],
                                                                    "Workers": [
                                                                        {
                                                                            "Worker Number": 0,
                                                                            "Actual Startup Time": 0.029,
                                                                            "Actual Total Time": 62.874,
                                                                            "Actual Rows": 704783,
                                                                            "Actual Loops": 1
                                                                        },
                                                                        {
                                                                            "Worker Number": 1,
                                                                            "Actual Startup Time": 0.034,
                                                                            "Actual Total Time": 63.662,
                                                                            "Actual Rows": 472023,
                                                                            "Actual Loops": 1
                                                                        },
                                                                        {
                                                                            "Worker Number": 2,
                                                                            "Actual Startup Time": 0.031,
                                                                            "Actual Total Time": 62.793,
                                                                            "Actual Rows": 709604,
                                                                            "Actual Loops": 1
                                                                        }
                                                                    ]
                                                                },
                                                                {
                                                                    "Node Type": "Hash",
                                                                    "Parent Relationship": "Inner",
                                                                    "Parallel Aware": true,
                                                                    "Startup Cost": 4722.92,
                                                                    "Total Cost": 4722.92,
                                                                    "Plan Rows": 50248,
                                                                    "Plan Width": 4,
                                                                    "Actual Startup Time": 16.163,
                                                                    "Actual Total Time": 16.164,
                                                                    "Actual Rows": 21211,
                                                                    "Actual Loops": 4,
                                                                    "Output": [
                                                                        "cn.id"
                                                                    ],
                                                                    "Hash Buckets": 131072,
                                                                    "Original Hash Buckets": 131072,
                                                                    "Hash Batches": 1,
                                                                    "Original Hash Batches": 1,
                                                                    "Peak Memory Usage": 4384,
                                                                    "Workers": [
                                                                        {
                                                                            "Worker Number": 0,
                                                                            "Actual Startup Time": 15.417,
                                                                            "Actual Total Time": 15.419,
                                                                            "Actual Rows": 23484,
                                                                            "Actual Loops": 1
                                                                        },
                                                                        {
                                                                            "Worker Number": 1,
                                                                            "Actual Startup Time": 15.994,
                                                                            "Actual Total Time": 15.995,
                                                                            "Actual Rows": 15381,
                                                                            "Actual Loops": 1
                                                                        },
                                                                        {
                                                                            "Worker Number": 2,
                                                                            "Actual Startup Time": 17.293,
                                                                            "Actual Total Time": 17.294,
                                                                            "Actual Rows": 23094,
                                                                            "Actual Loops": 1
                                                                        }
                                                                    ],
                                                                    "Plans": [
                                                                        {
                                                                            "Node Type": "Seq Scan",
                                                                            "Parent Relationship": "Outer",
                                                                            "Parallel Aware": true,
                                                                            "Relation Name": "company_name",
                                                                            "Schema": "public",
                                                                            "Alias": "cn",
                                                                            "Startup Cost": 0.0,
                                                                            "Total Cost": 4722.92,
                                                                            "Plan Rows": 50248,
                                                                            "Plan Width": 4,
                                                                            "Actual Startup Time": 0.024,
                                                                            "Actual Total Time": 9.529,
                                                                            "Actual Rows": 21211,
                                                                            "Actual Loops": 4,
                                                                            "Output": [
                                                                                "cn.id"
                                                                            ],
                                                                            "Filter": "((cn.country_code)::text = '[us]'::text)",
                                                                            "Rows Removed by Filter": 37538,
                                                                            "Workers": [
                                                                                {
                                                                                    "Worker Number": 0,
                                                                                    "Actual Startup Time": 0.027,
                                                                                    "Actual Total Time": 9.621,
                                                                                    "Actual Rows": 23484,
                                                                                    "Actual Loops": 1
                                                                                },
                                                                                {
                                                                                    "Worker Number": 1,
                                                                                    "Actual Startup Time": 0.029,
                                                                                    "Actual Total Time": 9.722,
                                                                                    "Actual Rows": 15381,
                                                                                    "Actual Loops": 1
                                                                                },
                                                                                {
                                                                                    "Worker Number": 2,
                                                                                    "Actual Startup Time": 0.027,
                                                                                    "Actual Total Time": 9.51,
                                                                                    "Actual Rows": 23094,
                                                                                    "Actual Loops": 1
                                                                                }
                                                                            ]
                                                                        }
                                                                    ]
                                                                }
                                                            ]
                                                        },
                                                        {
                                                            "Node Type": "Hash",
                                                            "Parent Relationship": "Inner",
                                                            "Parallel Aware": true,
                                                            "Startup Cost": 514789.42,
                                                            "Total Cost": 514789.42,
                                                            "Plan Rows": 17758,
                                                            "Plan Width": 64,
                                                            "Actual Startup Time": 2736.125,
                                                            "Actual Total Time": 2736.144,
                                                            "Actual Rows": 50772,
                                                            "Actual Loops": 4,
                                                            "Output": [
                                                                "chn.name",
                                                                "ci.movie_id",
                                                                "ci.person_id",
                                                                "n.name",
                                                                "n.id",
                                                                "t.title",
                                                                "t.id"
                                                            ],
                                                            "Hash Buckets": 262144,
                                                            "Original Hash Buckets": 131072,
                                                            "Hash Batches": 1,
                                                            "Original Hash Batches": 1,
                                                            "Peak Memory Usage": 24032,
                                                            "Workers": [
                                                                {
                                                                    "Worker Number": 0,
                                                                    "Actual Startup Time": 2731.571,
                                                                    "Actual Total Time": 2731.582,
                                                                    "Actual Rows": 52995,
                                                                    "Actual Loops": 1
                                                                },
                                                                {
                                                                    "Worker Number": 1,
                                                                    "Actual Startup Time": 2731.898,
                                                                    "Actual Total Time": 2731.908,
                                                                    "Actual Rows": 39646,
                                                                    "Actual Loops": 1
                                                                },
                                                                {
                                                                    "Worker Number": 2,
                                                                    "Actual Startup Time": 2737.311,
                                                                    "Actual Total Time": 2737.329,
                                                                    "Actual Rows": 52404,
                                                                    "Actual Loops": 1
                                                                }
                                                            ],
                                                            "Plans": [
                                                                {
                                                                    "Node Type": "Hash Join",
                                                                    "Parent Relationship": "Outer",
                                                                    "Parallel Aware": true,
                                                                    "Join Type": "Inner",
                                                                    "Startup Cost": 470070.37,
                                                                    "Total Cost": 514789.42,
                                                                    "Plan Rows": 17758,
                                                                    "Plan Width": 64,
                                                                    "Actual Startup Time": 2472.459,
                                                                    "Actual Total Time": 2694.98,
                                                                    "Actual Rows": 50772,
                                                                    "Actual Loops": 4,
                                                                    "Output": [
                                                                        "chn.name",
                                                                        "ci.movie_id",
                                                                        "ci.person_id",
                                                                        "n.name",
                                                                        "n.id",
                                                                        "t.title",
                                                                        "t.id"
                                                                    ],
                                                                    "Inner Unique": false,
                                                                    "Hash Cond": "(t.id = ci.movie_id)",
                                                                    "Workers": [
                                                                        {
                                                                            "Worker Number": 0,
                                                                            "Actual Startup Time": 2467.875,
                                                                            "Actual Total Time": 2689.521,
                                                                            "Actual Rows": 52995,
                                                                            "Actual Loops": 1
                                                                        },
                                                                        {
                                                                            "Worker Number": 1,
                                                                            "Actual Startup Time": 2468.294,
                                                                            "Actual Total Time": 2691.934,
                                                                            "Actual Rows": 39646,
                                                                            "Actual Loops": 1
                                                                        },
                                                                        {
                                                                            "Worker Number": 2,
                                                                            "Actual Startup Time": 2473.551,
                                                                            "Actual Total Time": 2694.841,
                                                                            "Actual Rows": 52404,
                                                                            "Actual Loops": 1
                                                                        }
                                                                    ],
                                                                    "Plans": [
                                                                        {
                                                                            "Node Type": "Seq Scan",
                                                                            "Parent Relationship": "Outer",
                                                                            "Parallel Aware": true,
                                                                            "Relation Name": "title",
                                                                            "Schema": "public",
                                                                            "Alias": "t",
                                                                            "Startup Cost": 0.0,
                                                                            "Total Cost": 42319.06,
                                                                            "Plan Rows": 632106,
                                                                            "Plan Width": 21,
                                                                            "Actual Startup Time": 0.043,
                                                                            "Actual Total Time": 87.18,
                                                                            "Actual Rows": 632078,
                                                                            "Actual Loops": 4,
                                                                            "Output": [
                                                                                "t.id",
                                                                                "t.title",
                                                                                "t.imdb_index",
                                                                                "t.kind_id",
                                                                                "t.production_year",
                                                                                "t.imdb_id",
                                                                                "t.phonetic_code",
                                                                                "t.episode_of_id",
                                                                                "t.season_nr",
                                                                                "t.episode_nr",
                                                                                "t.series_years",
                                                                                "t.md5sum"
                                                                            ],
                                                                            "Workers": [
                                                                                {
                                                                                    "Worker Number": 0,
                                                                                    "Actual Startup Time": 0.058,
                                                                                    "Actual Total Time": 85.829,
                                                                                    "Actual Rows": 649713,
                                                                                    "Actual Loops": 1
                                                                                },
                                                                                {
                                                                                    "Worker Number": 1,
                                                                                    "Actual Startup Time": 0.046,
                                                                                    "Actual Total Time": 90.136,
                                                                                    "Actual Rows": 492770,
                                                                                    "Actual Loops": 1
                                                                                },
                                                                                {
                                                                                    "Worker Number": 2,
                                                                                    "Actual Startup Time": 0.046,
                                                                                    "Actual Total Time": 86.082,
                                                                                    "Actual Rows": 657626,
                                                                                    "Actual Loops": 1
                                                                                }
                                                                            ]
                                                                        },
                                                                        {
                                                                            "Node Type": "Hash",
                                                                            "Parent Relationship": "Inner",
                                                                            "Parallel Aware": true,
                                                                            "Startup Cost": 469922.38,
                                                                            "Total Cost": 469922.38,
                                                                            "Plan Rows": 11839,
                                                                            "Plan Width": 43,
                                                                            "Actual Startup Time": 2471.629,
                                                                            "Actual Total Time": 2471.637,
                                                                            "Actual Rows": 50772,
                                                                            "Actual Loops": 4,
                                                                            "Output": [
                                                                                "chn.name",
                                                                                "ci.movie_id",
                                                                                "ci.person_id",
                                                                                "n.name",
                                                                                "n.id"
                                                                            ],
                                                                            "Hash Buckets": 262144,
                                                                            "Original Hash Buckets": 131072,
                                                                            "Hash Batches": 1,
                                                                            "Original Hash Batches": 1,
                                                                            "Peak Memory Usage": 18240,
                                                                            "Workers": [
                                                                                {
                                                                                    "Worker Number": 0,
                                                                                    "Actual Startup Time": 2467.666,
                                                                                    "Actual Total Time": 2467.673,
                                                                                    "Actual Rows": 48346,
                                                                                    "Actual Loops": 1
                                                                                },
                                                                                {
                                                                                    "Worker Number": 1,
                                                                                    "Actual Startup Time": 2467.965,
                                                                                    "Actual Total Time": 2467.973,
                                                                                    "Actual Rows": 51354,
                                                                                    "Actual Loops": 1
                                                                                },
                                                                                {
                                                                                    "Worker Number": 2,
                                                                                    "Actual Startup Time": 2473.384,
                                                                                    "Actual Total Time": 2473.391,
                                                                                    "Actual Rows": 51682,
                                                                                    "Actual Loops": 1
                                                                                }
                                                                            ],
                                                                            "Plans": [
                                                                                {
                                                                                    "Node Type": "Nested Loop",
                                                                                    "Parent Relationship": "Outer",
                                                                                    "Parallel Aware": false,
                                                                                    "Join Type": "Inner",
                                                                                    "Startup Cost": 71666.29,
                                                                                    "Total Cost": 469922.38,
                                                                                    "Plan Rows": 11839,
                                                                                    "Plan Width": 43,
                                                                                    "Actual Startup Time": 846.193,
                                                                                    "Actual Total Time": 2408.621,
                                                                                    "Actual Rows": 50772,
                                                                                    "Actual Loops": 4,
                                                                                    "Output": [
                                                                                        "chn.name",
                                                                                        "ci.movie_id",
                                                                                        "ci.person_id",
                                                                                        "n.name",
                                                                                        "n.id"
                                                                                    ],
                                                                                    "Inner Unique": true,
                                                                                    "Workers": [
                                                                                        {
                                                                                            "Worker Number": 0,
                                                                                            "Actual Startup Time": 842.189,
                                                                                            "Actual Total Time": 2402.046,
                                                                                            "Actual Rows": 48346,
                                                                                            "Actual Loops": 1
                                                                                        },
                                                                                        {
                                                                                            "Worker Number": 1,
                                                                                            "Actual Startup Time": 842.62,
                                                                                            "Actual Total Time": 2406.014,
                                                                                            "Actual Rows": 51354,
                                                                                            "Actual Loops": 1
                                                                                        },
                                                                                        {
                                                                                            "Worker Number": 2,
                                                                                            "Actual Startup Time": 847.927,
                                                                                            "Actual Total Time": 2408.896,
                                                                                            "Actual Rows": 51682,
                                                                                            "Actual Loops": 1
                                                                                        }
                                                                                    ],
                                                                                    "Plans": [
                                                                                        {
                                                                                            "Node Type": "Hash Join",
                                                                                            "Parent Relationship": "Outer",
                                                                                            "Parallel Aware": false,
                                                                                            "Join Type": "Inner",
                                                                                            "Startup Cost": 71665.84,
                                                                                            "Total Cost": 417090.74,
                                                                                            "Plan Rows": 11839,
                                                                                            "Plan Width": 31,
                                                                                            "Actual Startup Time": 846.044,
                                                                                            "Actual Total Time": 1918.947,
                                                                                            "Actual Rows": 55636,
                                                                                            "Actual Loops": 4,
                                                                                            "Output": [
                                                                                                "ci.movie_id",
                                                                                                "ci.person_id",
                                                                                                "ci.person_role_id",
                                                                                                "n.name",
                                                                                                "n.id"
                                                                                            ],
                                                                                            "Inner Unique": true,
                                                                                            "Hash Cond": "(ci.role_id = rt.id)",
                                                                                            "Workers": [
                                                                                                {
                                                                                                    "Worker Number": 0,
                                                                                                    "Actual Startup Time": 842.022,
                                                                                                    "Actual Total Time": 1916.759,
                                                                                                    "Actual Rows": 53175,
                                                                                                    "Actual Loops": 1
                                                                                                },
                                                                                                {
                                                                                                    "Worker Number": 1,
                                                                                                    "Actual Startup Time": 842.464,
                                                                                                    "Actual Total Time": 1914.8,
                                                                                                    "Actual Rows": 56286,
                                                                                                    "Actual Loops": 1
                                                                                                },
                                                                                                {
                                                                                                    "Worker Number": 2,
                                                                                                    "Actual Startup Time": 847.783,
                                                                                                    "Actual Total Time": 1914.574,
                                                                                                    "Actual Rows": 56769,
                                                                                                    "Actual Loops": 1
                                                                                                }
                                                                                            ],
                                                                                            "Plans": [
                                                                                                {
                                                                                                    "Node Type": "Hash Join",
                                                                                                    "Parent Relationship": "Outer",
                                                                                                    "Parallel Aware": true,
                                                                                                    "Join Type": "Inner",
                                                                                                    "Startup Cost": 71664.68,
                                                                                                    "Total Cost": 416584.94,
                                                                                                    "Plan Rows": 142068,
                                                                                                    "Plan Width": 35,
                                                                                                    "Actual Startup Time": 845.888,
                                                                                                    "Actual Total Time": 1893.261,
                                                                                                    "Actual Rows": 116411,
                                                                                                    "Actual Loops": 4,
                                                                                                    "Output": [
                                                                                                        "ci.movie_id",
                                                                                                        "ci.role_id",
                                                                                                        "ci.person_id",
                                                                                                        "ci.person_role_id",
                                                                                                        "n.name",
                                                                                                        "n.id"
                                                                                                    ],
                                                                                                    "Inner Unique": true,
                                                                                                    "Hash Cond": "(ci.person_id = n.id)",
                                                                                                    "Workers": [
                                                                                                        {
                                                                                                            "Worker Number": 0,
                                                                                                            "Actual Startup Time": 841.85,
                                                                                                            "Actual Total Time": 1891.213,
                                                                                                            "Actual Rows": 119306,
                                                                                                            "Actual Loops": 1
                                                                                                        },
                                                                                                        {
                                                                                                            "Worker Number": 1,
                                                                                                            "Actual Startup Time": 842.309,
                                                                                                            "Actual Total Time": 1889.073,
                                                                                                            "Actual Rows": 112049,
                                                                                                            "Actual Loops": 1
                                                                                                        },
                                                                                                        {
                                                                                                            "Worker Number": 2,
                                                                                                            "Actual Startup Time": 847.609,
                                                                                                            "Actual Total Time": 1888.882,
                                                                                                            "Actual Rows": 118316,
                                                                                                            "Actual Loops": 1
                                                                                                        }
                                                                                                    ],
                                                                                                    "Plans": [
                                                                                                        {
                                                                                                            "Node Type": "Seq Scan",
                                                                                                            "Parent Relationship": "Outer",
                                                                                                            "Parallel Aware": true,
                                                                                                            "Relation Name": "cast_info",
                                                                                                            "Schema": "public",
                                                                                                            "Alias": "ci",
                                                                                                            "Startup Cost": 0.0,
                                                                                                            "Total Cost": 343316.27,
                                                                                                            "Plan Rows": 611043,
                                                                                                            "Plan Width": 16,
                                                                                                            "Actual Startup Time": 0.036,
                                                                                                            "Actual Total Time": 1339.12,
                                                                                                            "Actual Rows": 953164,
                                                                                                            "Actual Loops": 4,
                                                                                                            "Output": [
                                                                                                                "ci.id",
                                                                                                                "ci.person_id",
                                                                                                                "ci.movie_id",
                                                                                                                "ci.person_role_id",
                                                                                                                "ci.note",
                                                                                                                "ci.nr_order",
                                                                                                                "ci.role_id"
                                                                                                            ],
                                                                                                            "Filter": "(ci.note = ANY ('{(writer),(producer),\"(executive producer)\",(voice)}'::text[]))",
                                                                                                            "Rows Removed by Filter": 8107922,
                                                                                                            "Workers": [
                                                                                                                {
                                                                                                                    "Worker Number": 0,
                                                                                                                    "Actual Startup Time": 0.019,
                                                                                                                    "Actual Total Time": 1338.866,
                                                                                                                    "Actual Rows": 1029969,
                                                                                                                    "Actual Loops": 1
                                                                                                                },
                                                                                                                {
                                                                                                                    "Worker Number": 1,
                                                                                                                    "Actual Startup Time": 0.054,
                                                                                                                    "Actual Total Time": 1341.571,
                                                                                                                    "Actual Rows": 888443,
                                                                                                                    "Actual Loops": 1
                                                                                                                },
                                                                                                                {
                                                                                                                    "Worker Number": 2,
                                                                                                                    "Actual Startup Time": 0.035,
                                                                                                                    "Actual Total Time": 1332.559,
                                                                                                                    "Actual Rows": 950670,
                                                                                                                    "Actual Loops": 1
                                                                                                                }
                                                                                                            ]
                                                                                                        },
                                                                                                        {
                                                                                                            "Node Type": "Hash",
                                                                                                            "Parent Relationship": "Inner",
                                                                                                            "Parallel Aware": true,
                                                                                                            "Startup Cost": 68636.68,
                                                                                                            "Total Cost": 68636.68,
                                                                                                            "Plan Rows": 242240,
                                                                                                            "Plan Width": 19,
                                                                                                            "Actual Startup Time": 361.731,
                                                                                                            "Actual Total Time": 361.732,
                                                                                                            "Actual Rows": 240389,
                                                                                                            "Actual Loops": 4,
                                                                                                            "Output": [
                                                                                                                "n.name",
                                                                                                                "n.id"
                                                                                                            ],
                                                                                                            "Hash Buckets": 1048576,
                                                                                                            "Original Hash Buckets": 1048576,
                                                                                                            "Hash Batches": 1,
                                                                                                            "Original Hash Batches": 1,
                                                                                                            "Peak Memory Usage": 60544,
                                                                                                            "Workers": [
                                                                                                                {
                                                                                                                    "Worker Number": 0,
                                                                                                                    "Actual Startup Time": 361.359,
                                                                                                                    "Actual Total Time": 361.36,
                                                                                                                    "Actual Rows": 236930,
                                                                                                                    "Actual Loops": 1
                                                                                                                },
                                                                                                                {
                                                                                                                    "Worker Number": 1,
                                                                                                                    "Actual Startup Time": 361.773,
                                                                                                                    "Actual Total Time": 361.774,
                                                                                                                    "Actual Rows": 240274,
                                                                                                                    "Actual Loops": 1
                                                                                                                },
                                                                                                                {
                                                                                                                    "Worker Number": 2,
                                                                                                                    "Actual Startup Time": 367.052,
                                                                                                                    "Actual Total Time": 367.053,
                                                                                                                    "Actual Rows": 236383,
                                                                                                                    "Actual Loops": 1
                                                                                                                }
                                                                                                            ],
                                                                                                            "Plans": [
                                                                                                                {
                                                                                                                    "Node Type": "Seq Scan",
                                                                                                                    "Parent Relationship": "Outer",
                                                                                                                    "Parallel Aware": true,
                                                                                                                    "Relation Name": "name",
                                                                                                                    "Schema": "public",
                                                                                                                    "Alias": "n",
                                                                                                                    "Startup Cost": 0.0,
                                                                                                                    "Total Cost": 68636.68,
                                                                                                                    "Plan Rows": 242240,
                                                                                                                    "Plan Width": 19,
                                                                                                                    "Actual Startup Time": 98.975,
                                                                                                                    "Actual Total Time": 228.509,
                                                                                                                    "Actual Rows": 240389,
                                                                                                                    "Actual Loops": 4,
                                                                                                                    "Output": [
                                                                                                                        "n.name",
                                                                                                                        "n.id"
                                                                                                                    ],
                                                                                                                    "Filter": "((n.gender)::text = 'f'::text)",
                                                                                                                    "Rows Removed by Filter": 801484,
                                                                                                                    "Workers": [
                                                                                                                        {
                                                                                                                            "Worker Number": 0,
                                                                                                                            "Actual Startup Time": 98.916,
                                                                                                                            "Actual Total Time": 228.266,
                                                                                                                            "Actual Rows": 236930,
                                                                                                                            "Actual Loops": 1
                                                                                                                        },
                                                                                                                        {
                                                                                                                            "Worker Number": 1,
                                                                                                                            "Actual Startup Time": 98.991,
                                                                                                                            "Actual Total Time": 228.505,
                                                                                                                            "Actual Rows": 240274,
                                                                                                                            "Actual Loops": 1
                                                                                                                        },
                                                                                                                        {
                                                                                                                            "Worker Number": 2,
                                                                                                                            "Actual Startup Time": 98.98,
                                                                                                                            "Actual Total Time": 228.13,
                                                                                                                            "Actual Rows": 236383,
                                                                                                                            "Actual Loops": 1
                                                                                                                        }
                                                                                                                    ]
                                                                                                                }
                                                                                                            ]
                                                                                                        }
                                                                                                    ]
                                                                                                },
                                                                                                {
                                                                                                    "Node Type": "Hash",
                                                                                                    "Parent Relationship": "Inner",
                                                                                                    "Parallel Aware": false,
                                                                                                    "Startup Cost": 1.15,
                                                                                                    "Total Cost": 1.15,
                                                                                                    "Plan Rows": 1,
                                                                                                    "Plan Width": 4,
                                                                                                    "Actual Startup Time": 0.096,
                                                                                                    "Actual Total Time": 0.096,
                                                                                                    "Actual Rows": 1,
                                                                                                    "Actual Loops": 4,
                                                                                                    "Output": [
                                                                                                        "rt.id"
                                                                                                    ],
                                                                                                    "Hash Buckets": 1024,
                                                                                                    "Original Hash Buckets": 1024,
                                                                                                    "Hash Batches": 1,
                                                                                                    "Original Hash Batches": 1,
                                                                                                    "Peak Memory Usage": 9,
                                                                                                    "Workers": [
                                                                                                        {
                                                                                                            "Worker Number": 0,
                                                                                                            "Actual Startup Time": 0.111,
                                                                                                            "Actual Total Time": 0.112,
                                                                                                            "Actual Rows": 1,
                                                                                                            "Actual Loops": 1
                                                                                                        },
                                                                                                        {
                                                                                                            "Worker Number": 1,
                                                                                                            "Actual Startup Time": 0.1,
                                                                                                            "Actual Total Time": 0.101,
                                                                                                            "Actual Rows": 1,
                                                                                                            "Actual Loops": 1
                                                                                                        },
                                                                                                        {
                                                                                                            "Worker Number": 2,
                                                                                                            "Actual Startup Time": 0.115,
                                                                                                            "Actual Total Time": 0.115,
                                                                                                            "Actual Rows": 1,
                                                                                                            "Actual Loops": 1
                                                                                                        }
                                                                                                    ],
                                                                                                    "Plans": [
                                                                                                        {
                                                                                                            "Node Type": "Seq Scan",
                                                                                                            "Parent Relationship": "Outer",
                                                                                                            "Parallel Aware": false,
                                                                                                            "Relation Name": "role_type",
                                                                                                            "Schema": "public",
                                                                                                            "Alias": "rt",
                                                                                                            "Startup Cost": 0.0,
                                                                                                            "Total Cost": 1.15,
                                                                                                            "Plan Rows": 1,
                                                                                                            "Plan Width": 4,
                                                                                                            "Actual Startup Time": 0.068,
                                                                                                            "Actual Total Time": 0.073,
                                                                                                            "Actual Rows": 1,
                                                                                                            "Actual Loops": 4,
                                                                                                            "Output": [
                                                                                                                "rt.id"
                                                                                                            ],
                                                                                                            "Filter": "((rt.role)::text = 'actress'::text)",
                                                                                                            "Rows Removed by Filter": 11,
                                                                                                            "Workers": [
                                                                                                                {
                                                                                                                    "Worker Number": 0,
                                                                                                                    "Actual Startup Time": 0.084,
                                                                                                                    "Actual Total Time": 0.089,
                                                                                                                    "Actual Rows": 1,
                                                                                                                    "Actual Loops": 1
                                                                                                                },
                                                                                                                {
                                                                                                                    "Worker Number": 1,
                                                                                                                    "Actual Startup Time": 0.076,
                                                                                                                    "Actual Total Time": 0.081,
                                                                                                                    "Actual Rows": 1,
                                                                                                                    "Actual Loops": 1
                                                                                                                },
                                                                                                                {
                                                                                                                    "Worker Number": 2,
                                                                                                                    "Actual Startup Time": 0.086,
                                                                                                                    "Actual Total Time": 0.091,
                                                                                                                    "Actual Rows": 1,
                                                                                                                    "Actual Loops": 1
                                                                                                                }
                                                                                                            ]
                                                                                                        }
                                                                                                    ]
                                                                                                }
                                                                                            ]
                                                                                        },
                                                                                        {
                                                                                            "Node Type": "Bitmap Heap Scan",
                                                                                            "Parent Relationship": "Inner",
                                                                                            "Parallel Aware": false,
                                                                                            "Relation Name": "char_name",
                                                                                            "Schema": "public",
                                                                                            "Alias": "chn",
                                                                                            "Startup Cost": 0.45,
                                                                                            "Total Cost": 4.46,
                                                                                            "Plan Rows": 1,
                                                                                            "Plan Width": 20,
                                                                                            "Actual Startup Time": 0.006,
                                                                                            "Actual Total Time": 0.006,
                                                                                            "Actual Rows": 1,
                                                                                            "Actual Loops": 222543,
                                                                                            "Output": [
                                                                                                "chn.id",
                                                                                                "chn.name",
                                                                                                "chn.imdb_index",
                                                                                                "chn.imdb_id",
                                                                                                "chn.name_pcode_nf",
                                                                                                "chn.surname_pcode",
                                                                                                "chn.md5sum"
                                                                                            ],
                                                                                            "Recheck Cond": "(chn.id = ci.person_role_id)",
                                                                                            "Rows Removed by Index Recheck": 0,
                                                                                            "Exact Heap Blocks": 51707,
                                                                                            "Lossy Heap Blocks": 0,
                                                                                            "Workers": [
                                                                                                {
                                                                                                    "Worker Number": 0,
                                                                                                    "Actual Startup Time": 0.006,
                                                                                                    "Actual Total Time": 0.006,
                                                                                                    "Actual Rows": 1,
                                                                                                    "Actual Loops": 53175
                                                                                                },
                                                                                                {
                                                                                                    "Worker Number": 1,
                                                                                                    "Actual Startup Time": 0.006,
                                                                                                    "Actual Total Time": 0.006,
                                                                                                    "Actual Rows": 1,
                                                                                                    "Actual Loops": 56286
                                                                                                },
                                                                                                {
                                                                                                    "Worker Number": 2,
                                                                                                    "Actual Startup Time": 0.006,
                                                                                                    "Actual Total Time": 0.006,
                                                                                                    "Actual Rows": 1,
                                                                                                    "Actual Loops": 56769
                                                                                                }
                                                                                            ],
                                                                                            "Plans": [
                                                                                                {
                                                                                                    "Node Type": "Bitmap Index Scan",
                                                                                                    "Parent Relationship": "Outer",
                                                                                                    "Parallel Aware": false,
                                                                                                    "Index Name": "char_name_pkey",
                                                                                                    "Startup Cost": 0.0,
                                                                                                    "Total Cost": 0.45,
                                                                                                    "Plan Rows": 1,
                                                                                                    "Plan Width": 0,
                                                                                                    "Actual Startup Time": 0.004,
                                                                                                    "Actual Total Time": 0.004,
                                                                                                    "Actual Rows": 1,
                                                                                                    "Actual Loops": 222543,
                                                                                                    "Index Cond": "(chn.id = ci.person_role_id)",
                                                                                                    "Workers": [
                                                                                                        {
                                                                                                            "Worker Number": 0,
                                                                                                            "Actual Startup Time": 0.004,
                                                                                                            "Actual Total Time": 0.004,
                                                                                                            "Actual Rows": 1,
                                                                                                            "Actual Loops": 53175
                                                                                                        },
                                                                                                        {
                                                                                                            "Worker Number": 1,
                                                                                                            "Actual Startup Time": 0.004,
                                                                                                            "Actual Total Time": 0.004,
                                                                                                            "Actual Rows": 1,
                                                                                                            "Actual Loops": 56286
                                                                                                        },
                                                                                                        {
                                                                                                            "Worker Number": 2,
                                                                                                            "Actual Startup Time": 0.004,
                                                                                                            "Actual Total Time": 0.004,
                                                                                                            "Actual Rows": 1,
                                                                                                            "Actual Loops": 56769
                                                                                                        }
                                                                                                    ]
                                                                                                }
                                                                                            ]
                                                                                        }
                                                                                    ]
                                                                                }
                                                                            ]
                                                                        }
                                                                    ]
                                                                }
                                                            ]
                                                        }
                                                    ]
                                                }
                                            ]
                                        }
                                    ]
                                }
                            ]
                        }
                    ]
                }
            ]
        },
        "Planning Time": 1670.084,
        "Triggers": [],
        "Execution Time": 3237.86
    }
]