[
  {
    "Plan": {
      "Node Type": "Aggregate",
      "Strategy": "Plain",
      "Partial Mode": "Finalize",
      "Parallel Aware": false,
      "Startup Cost": 29676.39,
      "Total Cost": 29676.4,
      "Plan Rows": 1,
      "Plan Width": 8,
      "Actual Startup Time": 96.061,
      "Actual Total Time": 103.045,
      "Actual Rows": 1,
      "Actual Loops": 1,
      "Plans": [
        {
          "Node Type": "Gather",
          "Parent Relationship": "Outer",
          "Parallel Aware": false,
          "Startup Cost": 29676.07,
          "Total Cost": 29676.38,
          "Plan Rows": 3,
          "Plan Width": 8,
          "Actual Startup Time": 95.834,
          "Actual Total Time": 103.036,
          "Actual Rows": 4,
          "Actual Loops": 1,
          "Workers Planned": 3,
          "Workers Launched": 3,
          "Single Copy": false,
          "Plans": [
            {
              "Node Type": "Aggregate",
              "Strategy": "Plain",
              "Partial Mode": "Partial",
              "Parent Relationship": "Outer",
              "Parallel Aware": false,
              "Startup Cost": 28676.07,
              "Total Cost": 28676.08,
              "Plan Rows": 1,
              "Plan Width": 8,
              "Actual Startup Time": 90.1,
              "Actual Total Time": 90.102,
              "Actual Rows": 1,
              "Actual Loops": 4,
              "Plans": [
                {
                  "Node Type": "Bitmap Heap Scan",
                  "Parent Relationship": "Outer",
                  "Parallel Aware": true,
                  "Relation Name": "movie_companies",
                  "Alias": "mc",
                  "Startup Cost": 7954.25,
                  "Total Cost": 28530.51,
                  "Plan Rows": 58224,
                  "Plan Width": 0,
                  "Actual Startup Time": 33.779,
                  "Actual Total Time": 84.749,
                  "Actual Rows": 70162,
                  "Actual Loops": 4,
                  "Recheck Cond": "(company_id < 189)",
                  "Rows Removed by Index Recheck": 0,
                  "Filter": "(company_type_id < 2)",
                  "Rows Removed by Filter": 20869,
                  "Exact Heap Blocks": 9611,
                  "Lossy Heap Blocks": 0,
                  "Plans": [
                    {
                      "Node Type": "Bitmap Index Scan",
                      "Parent Relationship": "Outer",
                      "Parallel Aware": false,
                      "Index Name": "company_id_movie_companies",
                      "Startup Cost": 0.0,
                      "Total Cost": 7909.13,
                      "Plan Rows": 369160,
                      "Plan Width": 0,
                      "Actual Startup Time": 34.943,
                      "Actual Total Time": 34.943,
                      "Actual Rows": 364123,
                      "Actual Loops": 1,
                      "Index Cond": "(company_id < 189)"
                    }
                  ]
                }
              ]
            }
          ]
        }
      ]
    },
    "Planning Time": 0.203,
    "Triggers": [],
    "Execution Time": 103.126
  }
]