{
  "Plan": {
    "Node Type": "Aggregate",
    "Strategy": "Plain",
    "Partial Mode": "Finalize",
    "Parallel Aware": false,
    "Startup Cost": 163376.95,
    "Total Cost": 163376.96,
    "Plan Rows": 1,
    "Plan Width": 8,
    "Actual Startup Time": 1374.733,
    "Actual Total Time": 1416.765,
    "Actual Rows": 1,
    "Actual Loops": 1,
    "Plans": [
      {
        "Node Type": "Gather",
        "Parent Relationship": "Outer",
        "Parallel Aware": false,
        "Startup Cost": 163376.83,
        "Total Cost": 163376.94,
        "Plan Rows": 1,
        "Plan Width": 8,
        "Actual Startup Time": 1370.715,
        "Actual Total Time": 1416.758,
        "Actual Rows": 2,
        "Actual Loops": 1,
        "Workers Planned": 1,
        "Workers Launched": 1,
        "Single Copy": false,
        "Plans": [
          {
            "Node Type": "Aggregate",
            "Strategy": "Plain",
            "Partial Mode": "Partial",
            "Parent Relationship": "Outer",
            "Parallel Aware": false,
            "Startup Cost": 162376.83,
            "Total Cost": 162376.84,
            "Plan Rows": 1,
            "Plan Width": 8,
            "Actual Startup Time": 1357.877,
            "Actual Total Time": 1357.882,
            "Actual Rows": 1,
            "Actual Loops": 2,
            "Plans": [
              {
                "Node Type": "Nested Loop",
                "Parent Relationship": "Outer",
                "Parallel Aware": false,
                "Join Type": "Inner",
                "Startup Cost": 70701.03,
                "Total Cost": 161875.92,
                "Plan Rows": 200366,
                "Plan Width": 0,
                "Actual Startup Time": 524.209,
                "Actual Total Time": 1268.122,
                "Actual Rows": 2105196,
                "Actual Loops": 2,
                "Inner Unique": false,
                "Plans": [
                  {
                    "Node Type": "Hash Join",
                    "Parent Relationship": "Outer",
                    "Parallel Aware": true,
                    "Join Type": "Inner",
                    "Startup Cost": 70700.59,
                    "Total Cost": 95672.87,
                    "Plan Rows": 34266,
                    "Plan Width": 8,
                    "Actual Startup Time": 524.136,
                    "Actual Total Time": 559.874,
                    "Actual Rows": 28432,
                    "Actual Loops": 2,
                    "Inner Unique": true,
                    "Hash Cond": "(mk.movie_id = t.id)",
                    "Plans": [
                      {
                        "Node Type": "Bitmap Heap Scan",
                        "Parent Relationship": "Outer",
                        "Parallel Aware": true,
                        "Relation Name": "movie_keyword",
                        "Alias": "mk",
                        "Startup Cost": 1239.89,
                        "Total Cost": 26122.22,
                        "Plan Rows": 34266,
                        "Plan Width": 4,
                        "Actual Startup Time": 5.315,
                        "Actual Total Time": 26.133,
                        "Actual Rows": 28432,
                        "Actual Loops": 2,
                        "Recheck Cond": "(keyword_id > 96462)",
                        "Rows Removed by Index Recheck": 0,
                        "Exact Heap Blocks": 7354,
                        "Lossy Heap Blocks": 0,
                        "Plans": [
                          {
                            "Node Type": "Bitmap Index Scan",
                            "Parent Relationship": "Outer",
                            "Parallel Aware": false,
                            "Index Name": "keyword_id_movie_keyword",
                            "Startup Cost": 0.0,
                            "Total Cost": 1225.33,
                            "Plan Rows": 58253,
                            "Plan Width": 0,
                            "Actual Startup Time": 3.48,
                            "Actual Total Time": 3.481,
                            "Actual Rows": 56864,
                            "Actual Loops": 1,
                            "Index Cond": "(keyword_id > 96462)"
                          }
                        ]
                      },
                      {
                        "Node Type": "Hash",
                        "Parent Relationship": "Inner",
                        "Parallel Aware": true,
                        "Startup Cost": 50870.31,
                        "Total Cost": 50870.31,
                        "Plan Rows": 1487231,
                        "Plan Width": 4,
                        "Actual Startup Time": 496.78,
                        "Actual Total Time": 496.781,
                        "Actual Rows": 1264156,
                        "Actual Loops": 2,
                        "Hash Buckets": 4194304,
                        "Original Hash Buckets": 4194304,
                        "Hash Batches": 1,
                        "Original Hash Batches": 1,
                        "Peak Memory Usage": 131680,
                        "Plans": [
                          {
                            "Node Type": "Seq Scan",
                            "Parent Relationship": "Outer",
                            "Parallel Aware": true,
                            "Relation Name": "title",
                            "Alias": "t",
                            "Startup Cost": 0.0,
                            "Total Cost": 50870.31,
                            "Plan Rows": 1487231,
                            "Plan Width": 4,
                            "Actual Startup Time": 0.024,
                            "Actual Total Time": 155.702,
                            "Actual Rows": 1264156,
                            "Actual Loops": 2
                          }
                        ]
                      }
                    ]
                  },
                  {
                    "Node Type": "Index Only Scan",
                    "Parent Relationship": "Inner",
                    "Parallel Aware": false,
                    "Scan Direction": "Forward",
                    "Index Name": "movie_id_movie_info",
                    "Relation Name": "movie_info",
                    "Alias": "mi",
                    "Startup Cost": 0.43,
                    "Total Cost": 1.51,
                    "Plan Rows": 42,
                    "Plan Width": 4,
                    "Actual Startup Time": 0.004,
                    "Actual Total Time": 0.019,
                    "Actual Rows": 74,
                    "Actual Loops": 56864,
                    "Index Cond": "(movie_id = t.id)",
                    "Rows Removed by Index Recheck": 0,
                    "Heap Fetches": 4210392
                  }
                ]
              }
            ]
          }
        ]
      }
    ]
  },
  "Planning Time": 0.992,
  "Triggers": [],
  "Execution Time": 1416.869
}