{
  "Plan": {
    "Node Type": "Aggregate",
    "Strategy": "Plain",
    "Partial Mode": "Finalize",
    "Parallel Aware": false,
    "Startup Cost": 117558.37,
    "Total Cost": 117558.38,
    "Plan Rows": 1,
    "Plan Width": 8,
    "Actual Startup Time": 429.287,
    "Actual Total Time": 443.27,
    "Actual Rows": 1,
    "Actual Loops": 1,
    "Plans": [
      {
        "Node Type": "Gather",
        "Parent Relationship": "Outer",
        "Parallel Aware": false,
        "Startup Cost": 117558.26,
        "Total Cost": 117558.37,
        "Plan Rows": 1,
        "Plan Width": 8,
        "Actual Startup Time": 429.16,
        "Actual Total Time": 443.263,
        "Actual Rows": 2,
        "Actual Loops": 1,
        "Workers Planned": 1,
        "Workers Launched": 1,
        "Single Copy": false,
        "Plans": [
          {
            "Node Type": "Aggregate",
            "Strategy": "Plain",
            "Partial Mode": "Partial",
            "Parent Relationship": "Outer",
            "Parallel Aware": false,
            "Startup Cost": 116558.26,
            "Total Cost": 116558.27,
            "Plan Rows": 1,
            "Plan Width": 8,
            "Actual Startup Time": 426.8,
            "Actual Total Time": 426.803,
            "Actual Rows": 1,
            "Actual Loops": 2,
            "Plans": [
              {
                "Node Type": "Hash Join",
                "Parent Relationship": "Outer",
                "Parallel Aware": true,
                "Join Type": "Inner",
                "Startup Cost": 58454.46,
                "Total Cost": 116505.3,
                "Plan Rows": 21184,
                "Plan Width": 0,
                "Actual Startup Time": 126.933,
                "Actual Total Time": 424.788,
                "Actual Rows": 48060,
                "Actual Loops": 2,
                "Inner Unique": true,
                "Hash Cond": "(mk.movie_id = t.id)",
                "Plans": [
                  {
                    "Node Type": "Seq Scan",
                    "Parent Relationship": "Outer",
                    "Parallel Aware": true,
                    "Relation Name": "movie_keyword",
                    "Alias": "mk",
                    "Startup Cost": 0.0,
                    "Total Cost": 51065.35,
                    "Plan Rows": 2661135,
                    "Plan Width": 4,
                    "Actual Startup Time": 0.012,
                    "Actual Total Time": 147.508,
                    "Actual Rows": 2261965,
                    "Actual Loops": 2
                  },
                  {
                    "Node Type": "Hash",
                    "Parent Relationship": "Inner",
                    "Parallel Aware": true,
                    "Startup Cost": 58306.47,
                    "Total Cost": 58306.47,
                    "Plan Rows": 11839,
                    "Plan Width": 4,
                    "Actual Startup Time": 126.337,
                    "Actual Total Time": 126.338,
                    "Actual Rows": 8678,
                    "Actual Loops": 2,
                    "Hash Buckets": 32768,
                    "Original Hash Buckets": 32768,
                    "Hash Batches": 1,
                    "Original Hash Batches": 1,
                    "Peak Memory Usage": 960,
                    "Plans": [
                      {
                        "Node Type": "Seq Scan",
                        "Parent Relationship": "Outer",
                        "Parallel Aware": true,
                        "Relation Name": "title",
                        "Alias": "t",
                        "Startup Cost": 0.0,
                        "Total Cost": 58306.47,
                        "Plan Rows": 11839,
                        "Plan Width": 4,
                        "Actual Startup Time": 0.09,
                        "Actual Total Time": 123.638,
                        "Actual Rows": 8678,
                        "Actual Loops": 2,
                        "Filter": "((kind_id < 7) AND (production_year = 2000))",
                        "Rows Removed by Filter": 1255478
                      }
                    ]
                  }
                ]
              }
            ]
          }
        ]
      }
    ]
  },
  "Planning Time": 0.246,
  "Triggers": [],
  "Execution Time": 443.31
}