{
  "Plan": {
    "Node Type": "Aggregate",
    "Strategy": "Plain",
    "Partial Mode": "Finalize",
    "Parallel Aware": false,
    "Startup Cost": 115236.41,
    "Total Cost": 115236.42,
    "Plan Rows": 1,
    "Plan Width": 8,
    "Actual Startup Time": 354.8,
    "Actual Total Time": 369.631,
    "Actual Rows": 1,
    "Actual Loops": 1,
    "Plans": [
      {
        "Node Type": "Gather",
        "Parent Relationship": "Outer",
        "Parallel Aware": false,
        "Startup Cost": 115236.3,
        "Total Cost": 115236.41,
        "Plan Rows": 1,
        "Plan Width": 8,
        "Actual Startup Time": 354.392,
        "Actual Total Time": 369.62,
        "Actual Rows": 2,
        "Actual Loops": 1,
        "Workers Planned": 1,
        "Workers Launched": 1,
        "Single Copy": false,
        "Plans": [
          {
            "Node Type": "Aggregate",
            "Strategy": "Plain",
            "Partial Mode": "Partial",
            "Parent Relationship": "Outer",
            "Parallel Aware": false,
            "Startup Cost": 114236.3,
            "Total Cost": 114236.31,
            "Plan Rows": 1,
            "Plan Width": 8,
            "Actual Startup Time": 348.251,
            "Actual Total Time": 348.256,
            "Actual Rows": 1,
            "Actual Loops": 2,
            "Plans": [
              {
                "Node Type": "Hash Join",
                "Parent Relationship": "Outer",
                "Parallel Aware": true,
                "Join Type": "Inner",
                "Startup Cost": 58448.15,
                "Total Cost": 114231.21,
                "Plan Rows": 2034,
                "Plan Width": 0,
                "Actual Startup Time": 178.166,
                "Actual Total Time": 347.996,
                "Actual Rows": 4532,
                "Actual Loops": 2,
                "Inner Unique": true,
                "Hash Cond": "(ci.movie_id = t.id)",
                "Plans": [
                  {
                    "Node Type": "Index Scan",
                    "Parent Relationship": "Outer",
                    "Parallel Aware": true,
                    "Scan Direction": "Forward",
                    "Index Name": "role_id_cast_info",
                    "Relation Name": "cast_info",
                    "Alias": "ci",
                    "Startup Cost": 0.56,
                    "Total Cost": 55080.34,
                    "Plan Rows": 267921,
                    "Plan Width": 4,
                    "Actual Startup Time": 0.061,
                    "Actual Total Time": 135.239,
                    "Actual Rows": 219766,
                    "Actual Loops": 2,
                    "Index Cond": "(role_id = 8)",
                    "Rows Removed by Index Recheck": 0,
                    "Filter": "(person_id < 954548)",
                    "Rows Removed by Filter": 632006
                  },
                  {
                    "Node Type": "Hash",
                    "Parent Relationship": "Inner",
                    "Parallel Aware": true,
                    "Startup Cost": 58306.47,
                    "Total Cost": 58306.47,
                    "Plan Rows": 11289,
                    "Plan Width": 4,
                    "Actual Startup Time": 176.227,
                    "Actual Total Time": 176.228,
                    "Actual Rows": 25860,
                    "Actual Loops": 2,
                    "Hash Buckets": 65536,
                    "Original Hash Buckets": 32768,
                    "Hash Batches": 1,
                    "Original Hash Batches": 1,
                    "Peak Memory Usage": 2848,
                    "Plans": [
                      {
                        "Node Type": "Seq Scan",
                        "Parent Relationship": "Outer",
                        "Parallel Aware": true,
                        "Relation Name": "title",
                        "Alias": "t",
                        "Startup Cost": 0.0,
                        "Total Cost": 58306.47,
                        "Plan Rows": 11289,
                        "Plan Width": 4,
                        "Actual Startup Time": 106.962,
                        "Actual Total Time": 166.676,
                        "Actual Rows": 25860,
                        "Actual Loops": 2,
                        "Filter": "((kind_id < 7) AND (production_year < 1914))",
                        "Rows Removed by Filter": 1238296
                      }
                    ]
                  }
                ]
              }
            ]
          }
        ]
      }
    ]
  },
  "Planning Time": 0.455,
  "Triggers": [],
  "Execution Time": 369.707
}