[
  {
    "Plan": {
      "Node Type": "Aggregate",
      "Strategy": "Plain",
      "Partial Mode": "Finalize",
      "Parallel Aware": false,
      "Startup Cost": 339322.9,
      "Total Cost": 339322.91,
      "Plan Rows": 1,
      "Plan Width": 8,
      "Actual Startup Time": 822.704,
      "Actual Total Time": 876.516,
      "Actual Rows": 1,
      "Actual Loops": 1,
      "Plans": [
        {
          "Node Type": "Gather",
          "Parent Relationship": "Outer",
          "Parallel Aware": false,
          "Startup Cost": 339322.27,
          "Total Cost": 339322.88,
          "Plan Rows": 6,
          "Plan Width": 8,
          "Actual Startup Time": 822.544,
          "Actual Total Time": 876.505,
          "Actual Rows": 7,
          "Actual Loops": 1,
          "Workers Planned": 6,
          "Workers Launched": 6,
          "Single Copy": false,
          "Plans": [
            {
              "Node Type": "Aggregate",
              "Strategy": "Plain",
              "Partial Mode": "Partial",
              "Parent Relationship": "Outer",
              "Parallel Aware": false,
              "Startup Cost": 338322.27,
              "Total Cost": 338322.28,
              "Plan Rows": 1,
              "Plan Width": 8,
              "Actual Startup Time": 811.939,
              "Actual Total Time": 811.94,
              "Actual Rows": 1,
              "Actual Loops": 7,
              "Plans": [
                {
                  "Node Type": "Seq Scan",
                  "Parent Relationship": "Outer",
                  "Parallel Aware": true,
                  "Relation Name": "cast_info",
                  "Alias": "ci",
                  "Startup Cost": 0.0,
                  "Total Cost": 328162.03,
                  "Plan Rows": 4064098,
                  "Plan Width": 0,
                  "Actual Startup Time": 140.385,
                  "Actual Total Time": 653.466,
                  "Actual Rows": 3484687,
                  "Actual Loops": 7,
                  "Filter": "(person_id > 1164288)",
                  "Rows Removed by Filter": 1693077
                }
              ]
            }
          ]
        }
      ]
    },
    "Planning Time": 0.172,
    "Triggers": [],
    "Execution Time": 876.588
  }
]