[
  {
    "Plan": {
      "Node Type": "Aggregate",
      "Strategy": "Plain",
      "Partial Mode": "Finalize",
      "Parallel Aware": false,
      "Startup Cost": 346501.92,
      "Total Cost": 346501.93,
      "Plan Rows": 1,
      "Plan Width": 8,
      "Actual Startup Time": 684.231,
      "Actual Total Time": 744.756,
      "Actual Rows": 1,
      "Actual Loops": 1,
      "Plans": [
        {
          "Node Type": "Gather",
          "Parent Relationship": "Outer",
          "Parallel Aware": false,
          "Startup Cost": 346501.3,
          "Total Cost": 346501.91,
          "Plan Rows": 6,
          "Plan Width": 8,
          "Actual Startup Time": 684.061,
          "Actual Total Time": 744.743,
          "Actual Rows": 7,
          "Actual Loops": 1,
          "Workers Planned": 6,
          "Workers Launched": 6,
          "Single Copy": false,
          "Plans": [
            {
              "Node Type": "Aggregate",
              "Strategy": "Plain",
              "Partial Mode": "Partial",
              "Parent Relationship": "Outer",
              "Parallel Aware": false,
              "Startup Cost": 345501.3,
              "Total Cost": 345501.31,
              "Plan Rows": 1,
              "Plan Width": 8,
              "Actual Startup Time": 674.052,
              "Actual Total Time": 674.053,
              "Actual Rows": 1,
              "Actual Loops": 7,
              "Plans": [
                {
                  "Node Type": "Seq Scan",
                  "Parent Relationship": "Outer",
                  "Parallel Aware": true,
                  "Relation Name": "cast_info",
                  "Alias": "ci",
                  "Startup Cost": 0.0,
                  "Total Cost": 343257.03,
                  "Plan Rows": 897708,
                  "Plan Width": 0,
                  "Actual Startup Time": 363.494,
                  "Actual Total Time": 622.891,
                  "Actual Rows": 1161016,
                  "Actual Loops": 7,
                  "Filter": "((person_id > 2868441) AND (role_id > 1))",
                  "Rows Removed by Filter": 4016748
                }
              ]
            }
          ]
        }
      ]
    },
    "Planning Time": 0.217,
    "Triggers": [],
    "Execution Time": 744.821
  }
]