[
  {
    "Plan": {
      "Node Type": "Aggregate",
      "Strategy": "Plain",
      "Partial Mode": "Finalize",
      "Parallel Aware": false,
      "Startup Cost": 67237.68,
      "Total Cost": 67237.69,
      "Plan Rows": 1,
      "Plan Width": 8,
      "Actual Startup Time": 35.514,
      "Actual Total Time": 39.902,
      "Actual Rows": 1,
      "Actual Loops": 1,
      "Plans": [
        {
          "Node Type": "Gather",
          "Parent Relationship": "Outer",
          "Parallel Aware": false,
          "Startup Cost": 67237.36,
          "Total Cost": 67237.67,
          "Plan Rows": 3,
          "Plan Width": 8,
          "Actual Startup Time": 35.506,
          "Actual Total Time": 39.897,
          "Actual Rows": 4,
          "Actual Loops": 1,
          "Workers Planned": 3,
          "Workers Launched": 3,
          "Single Copy": false,
          "Plans": [
            {
              "Node Type": "Aggregate",
              "Strategy": "Plain",
              "Partial Mode": "Partial",
              "Parent Relationship": "Outer",
              "Parallel Aware": false,
              "Startup Cost": 66237.36,
              "Total Cost": 66237.37,
              "Plan Rows": 1,
              "Plan Width": 8,
              "Actual Startup Time": 30.633,
              "Actual Total Time": 30.634,
              "Actual Rows": 1,
              "Actual Loops": 4,
              "Plans": [
                {
                  "Node Type": "Nested Loop",
                  "Parent Relationship": "Outer",
                  "Parallel Aware": false,
                  "Join Type": "Inner",
                  "Startup Cost": 1399.75,
                  "Total Cost": 66226.93,
                  "Plan Rows": 4173,
                  "Plan Width": 0,
                  "Actual Startup Time": 17.986,
                  "Actual Total Time": 30.606,
                  "Actual Rows": 151,
                  "Actual Loops": 4,
                  "Inner Unique": true,
                  "Plans": [
                    {
                      "Node Type": "Bitmap Heap Scan",
                      "Parent Relationship": "Outer",
                      "Parallel Aware": true,
                      "Relation Name": "movie_companies",
                      "Alias": "mc",
                      "Startup Cost": 1399.32,
                      "Total Cost": 20503.25,
                      "Plan Rows": 10696,
                      "Plan Width": 4,
                      "Actual Startup Time": 17.871,
                      "Actual Total Time": 19.067,
                      "Actual Rows": 1644,
                      "Actual Loops": 4,
                      "Recheck Cond": "(company_id = 6)",
                      "Rows Removed by Index Recheck": 0,
                      "Filter": "(company_type_id > 1)",
                      "Rows Removed by Filter": 13874,
                      "Exact Heap Blocks": 3031,
                      "Lossy Heap Blocks": 0,
                      "Plans": [
                        {
                          "Node Type": "Bitmap Index Scan",
                          "Parent Relationship": "Outer",
                          "Parallel Aware": false,
                          "Index Name": "company_id_movie_companies",
                          "Startup Cost": 0.0,
                          "Total Cost": 1391.03,
                          "Plan Rows": 64880,
                          "Plan Width": 0,
                          "Actual Startup Time": 7.621,
                          "Actual Total Time": 7.621,
                          "Actual Rows": 62075,
                          "Actual Loops": 1,
                          "Index Cond": "(company_id = 6)"
                        }
                      ]
                    },
                    {
                      "Node Type": "Index Scan",
                      "Parent Relationship": "Inner",
                      "Parallel Aware": false,
                      "Scan Direction": "Forward",
                      "Index Name": "title_pkey",
                      "Relation Name": "title",
                      "Alias": "t",
                      "Startup Cost": 0.43,
                      "Total Cost": 4.27,
                      "Plan Rows": 1,
                      "Plan Width": 4,
                      "Actual Startup Time": 0.007,
                      "Actual Total Time": 0.007,
                      "Actual Rows": 0,
                      "Actual Loops": 6578,
                      "Index Cond": "(id = mc.movie_id)",
                      "Rows Removed by Index Recheck": 0,
                      "Filter": "(kind_id < 7)",
                      "Rows Removed by Filter": 1
                    }
                  ]
                }
              ]
            }
          ]
        }
      ]
    },
    "Planning Time": 0.612,
    "Triggers": [],
    "Execution Time": 39.961
  }
]