{
  "Plan": {
    "Node Type": "Aggregate",
    "Strategy": "Plain",
    "Partial Mode": "Finalize",
    "Parallel Aware": false,
    "Startup Cost": 101971.98,
    "Total Cost": 101971.99,
    "Plan Rows": 1,
    "Plan Width": 8,
    "Actual Startup Time": 382.257,
    "Actual Total Time": 395.185,
    "Actual Rows": 1,
    "Actual Loops": 1,
    "Plans": [
      {
        "Node Type": "Gather",
        "Parent Relationship": "Outer",
        "Parallel Aware": false,
        "Startup Cost": 101971.87,
        "Total Cost": 101971.98,
        "Plan Rows": 1,
        "Plan Width": 8,
        "Actual Startup Time": 381.563,
        "Actual Total Time": 395.179,
        "Actual Rows": 2,
        "Actual Loops": 1,
        "Workers Planned": 1,
        "Workers Launched": 1,
        "Single Copy": false,
        "Plans": [
          {
            "Node Type": "Aggregate",
            "Strategy": "Plain",
            "Partial Mode": "Partial",
            "Parent Relationship": "Outer",
            "Parallel Aware": false,
            "Startup Cost": 100971.87,
            "Total Cost": 100971.88,
            "Plan Rows": 1,
            "Plan Width": 8,
            "Actual Startup Time": 378.416,
            "Actual Total Time": 378.419,
            "Actual Rows": 1,
            "Actual Loops": 2,
            "Plans": [
              {
                "Node Type": "Hash Join",
                "Parent Relationship": "Outer",
                "Parallel Aware": true,
                "Join Type": "Inner",
                "Startup Cost": 60700.64,
                "Total Cost": 100720.97,
                "Plan Rows": 100358,
                "Plan Width": 0,
                "Actual Startup Time": 225.247,
                "Actual Total Time": 376.651,
                "Actual Rows": 43224,
                "Actual Loops": 2,
                "Inner Unique": true,
                "Hash Cond": "(mc.movie_id = t.id)",
                "Plans": [
                  {
                    "Node Type": "Seq Scan",
                    "Parent Relationship": "Outer",
                    "Parallel Aware": true,
                    "Relation Name": "movie_companies",
                    "Alias": "mc",
                    "Startup Cost": 0.0,
                    "Total Cost": 37974.77,
                    "Plan Rows": 779260,
                    "Plan Width": 4,
                    "Actual Startup Time": 45.225,
                    "Actual Total Time": 107.727,
                    "Actual Rows": 667442,
                    "Actual Loops": 2,
                    "Filter": "(company_type_id > 1)",
                    "Rows Removed by Filter": 637123
                  },
                  {
                    "Node Type": "Hash",
                    "Parent Relationship": "Inner",
                    "Parallel Aware": true,
                    "Startup Cost": 58306.47,
                    "Total Cost": 58306.47,
                    "Plan Rows": 191534,
                    "Plan Width": 4,
                    "Actual Startup Time": 175.957,
                    "Actual Total Time": 175.957,
                    "Actual Rows": 174767,
                    "Actual Loops": 2,
                    "Hash Buckets": 524288,
                    "Original Hash Buckets": 524288,
                    "Hash Batches": 1,
                    "Original Hash Batches": 1,
                    "Peak Memory Usage": 17824,
                    "Plans": [
                      {
                        "Node Type": "Seq Scan",
                        "Parent Relationship": "Outer",
                        "Parallel Aware": true,
                        "Relation Name": "title",
                        "Alias": "t",
                        "Startup Cost": 0.0,
                        "Total Cost": 58306.47,
                        "Plan Rows": 191534,
                        "Plan Width": 4,
                        "Actual Startup Time": 0.022,
                        "Actual Total Time": 135.344,
                        "Actual Rows": 174767,
                        "Actual Loops": 2,
                        "Filter": "((production_year > 2009) AND (kind_id = 7))",
                        "Rows Removed by Filter": 1089389
                      }
                    ]
                  }
                ]
              }
            ]
          }
        ]
      }
    ]
  },
  "Planning Time": 0.438,
  "Triggers": [],
  "Execution Time": 395.235
}