[
  {
    "Plan": {
      "Node Type": "Aggregate",
      "Strategy": "Plain",
      "Partial Mode": "Finalize",
      "Parallel Aware": false,
      "Startup Cost": 267895.01,
      "Total Cost": 267895.02,
      "Plan Rows": 1,
      "Plan Width": 8,
      "Actual Startup Time": 181.129,
      "Actual Total Time": 215.626,
      "Actual Rows": 1,
      "Actual Loops": 1,
      "Plans": [
        {
          "Node Type": "Gather",
          "Parent Relationship": "Outer",
          "Parallel Aware": false,
          "Startup Cost": 267894.59,
          "Total Cost": 267895.0,
          "Plan Rows": 4,
          "Plan Width": 8,
          "Actual Startup Time": 181.0,
          "Actual Total Time": 215.618,
          "Actual Rows": 5,
          "Actual Loops": 1,
          "Workers Planned": 4,
          "Workers Launched": 4,
          "Single Copy": false,
          "Plans": [
            {
              "Node Type": "Aggregate",
              "Strategy": "Plain",
              "Partial Mode": "Partial",
              "Parent Relationship": "Outer",
              "Parallel Aware": false,
              "Startup Cost": 266894.59,
              "Total Cost": 266894.6,
              "Plan Rows": 1,
              "Plan Width": 8,
              "Actual Startup Time": 171.351,
              "Actual Total Time": 171.353,
              "Actual Rows": 1,
              "Actual Loops": 5,
              "Plans": [
                {
                  "Node Type": "Nested Loop",
                  "Parent Relationship": "Outer",
                  "Parallel Aware": false,
                  "Join Type": "Inner",
                  "Startup Cost": 0.56,
                  "Total Cost": 266870.62,
                  "Plan Rows": 9590,
                  "Plan Width": 0,
                  "Actual Startup Time": 57.991,
                  "Actual Total Time": 170.995,
                  "Actual Rows": 4009,
                  "Actual Loops": 5,
                  "Inner Unique": false,
                  "Plans": [
                    {
                      "Node Type": "Seq Scan",
                      "Parent Relationship": "Outer",
                      "Parallel Aware": true,
                      "Relation Name": "title",
                      "Alias": "t",
                      "Startup Cost": 0.0,
                      "Total Cost": 45479.1,
                      "Plan Rows": 2399,
                      "Plan Width": 4,
                      "Actual Startup Time": 56.529,
                      "Actual Total Time": 78.77,
                      "Actual Rows": 1172,
                      "Actual Loops": 5,
                      "Filter": "((kind_id = 1) AND (production_year = 1996))",
                      "Rows Removed by Filter": 504490
                    },
                    {
                      "Node Type": "Index Scan",
                      "Parent Relationship": "Inner",
                      "Parallel Aware": false,
                      "Scan Direction": "Forward",
                      "Index Name": "movie_id_cast_info",
                      "Relation Name": "cast_info",
                      "Alias": "ci",
                      "Startup Cost": 0.56,
                      "Total Cost": 92.18,
                      "Plan Rows": 10,
                      "Plan Width": 4,
                      "Actual Startup Time": 0.04,
                      "Actual Total Time": 0.078,
                      "Actual Rows": 3,
                      "Actual Loops": 5862,
                      "Index Cond": "(movie_id = t.id)",
                      "Rows Removed by Index Recheck": 0,
                      "Filter": "((person_id > 1764921) AND (role_id < 3))",
                      "Rows Removed by Filter": 17
                    }
                  ]
                }
              ]
            }
          ]
        }
      ]
    },
    "Planning Time": 0.654,
    "Triggers": [],
    "Execution Time": 215.707
  }
]