[
  {
    "Plan": {
      "Node Type": "Aggregate",
      "Strategy": "Plain",
      "Partial Mode": "Finalize",
      "Parallel Aware": false,
      "Startup Cost": 40292.13,
      "Total Cost": 40292.14,
      "Plan Rows": 1,
      "Plan Width": 8,
      "Actual Startup Time": 128.123,
      "Actual Total Time": 135.012,
      "Actual Rows": 1,
      "Actual Loops": 1,
      "Plans": [
        {
          "Node Type": "Gather",
          "Parent Relationship": "Outer",
          "Parallel Aware": false,
          "Startup Cost": 40291.82,
          "Total Cost": 40292.13,
          "Plan Rows": 3,
          "Plan Width": 8,
          "Actual Startup Time": 127.846,
          "Actual Total Time": 134.998,
          "Actual Rows": 4,
          "Actual Loops": 1,
          "Workers Planned": 3,
          "Workers Launched": 3,
          "Single Copy": false,
          "Plans": [
            {
              "Node Type": "Aggregate",
              "Strategy": "Plain",
              "Partial Mode": "Partial",
              "Parent Relationship": "Outer",
              "Parallel Aware": false,
              "Startup Cost": 39291.82,
              "Total Cost": 39291.83,
              "Plan Rows": 1,
              "Plan Width": 8,
              "Actual Startup Time": 121.148,
              "Actual Total Time": 121.149,
              "Actual Rows": 1,
              "Actual Loops": 4,
              "Plans": [
                {
                  "Node Type": "Bitmap Heap Scan",
                  "Parent Relationship": "Outer",
                  "Parallel Aware": true,
                  "Relation Name": "movie_keyword",
                  "Alias": "mk",
                  "Startup Cost": 12082.13,
                  "Total Cost": 38832.53,
                  "Plan Rows": 183713,
                  "Plan Width": 0,
                  "Actual Startup Time": 32.115,
                  "Actual Total Time": 112.108,
                  "Actual Rows": 144039,
                  "Actual Loops": 4,
                  "Recheck Cond": "(keyword_id < 406)",
                  "Rows Removed by Index Recheck": 0,
                  "Exact Heap Blocks": 10069,
                  "Lossy Heap Blocks": 0,
                  "Plans": [
                    {
                      "Node Type": "Bitmap Index Scan",
                      "Parent Relationship": "Outer",
                      "Parallel Aware": false,
                      "Index Name": "keyword_id_movie_keyword",
                      "Startup Cost": 0.0,
                      "Total Cost": 11939.75,
                      "Plan Rows": 569509,
                      "Plan Width": 0,
                      "Actual Startup Time": 34.823,
                      "Actual Total Time": 34.824,
                      "Actual Rows": 576155,
                      "Actual Loops": 1,
                      "Index Cond": "(keyword_id < 406)"
                    }
                  ]
                }
              ]
            }
          ]
        }
      ]
    },
    "Planning Time": 0.074,
    "Triggers": [],
    "Execution Time": 135.045
  }
]