[
  {
    "Plan": {
      "Node Type": "Aggregate",
      "Strategy": "Plain",
      "Partial Mode": "Finalize",
      "Parallel Aware": false,
      "Startup Cost": 283678.95,
      "Total Cost": 283678.96,
      "Plan Rows": 1,
      "Plan Width": 8,
      "Actual Startup Time": 357.201,
      "Actual Total Time": 399.285,
      "Actual Rows": 1,
      "Actual Loops": 1,
      "Plans": [
        {
          "Node Type": "Gather",
          "Parent Relationship": "Outer",
          "Parallel Aware": false,
          "Startup Cost": 283678.42,
          "Total Cost": 283678.93,
          "Plan Rows": 5,
          "Plan Width": 8,
          "Actual Startup Time": 355.371,
          "Actual Total Time": 399.275,
          "Actual Rows": 6,
          "Actual Loops": 1,
          "Workers Planned": 5,
          "Workers Launched": 5,
          "Single Copy": false,
          "Plans": [
            {
              "Node Type": "Aggregate",
              "Strategy": "Plain",
              "Partial Mode": "Partial",
              "Parent Relationship": "Outer",
              "Parallel Aware": false,
              "Startup Cost": 282678.42,
              "Total Cost": 282678.43,
              "Plan Rows": 1,
              "Plan Width": 8,
              "Actual Startup Time": 344.348,
              "Actual Total Time": 344.354,
              "Actual Rows": 1,
              "Actual Loops": 6,
              "Plans": [
                {
                  "Node Type": "Nested Loop",
                  "Parent Relationship": "Outer",
                  "Parallel Aware": false,
                  "Join Type": "Inner",
                  "Startup Cost": 53717.27,
                  "Total Cost": 282587.32,
                  "Plan Rows": 36442,
                  "Plan Width": 0,
                  "Actual Startup Time": 131.834,
                  "Actual Total Time": 342.499,
                  "Actual Rows": 28229,
                  "Actual Loops": 6,
                  "Inner Unique": false,
                  "Plans": [
                    {
                      "Node Type": "Hash Join",
                      "Parent Relationship": "Outer",
                      "Parallel Aware": true,
                      "Join Type": "Inner",
                      "Startup Cost": 53716.71,
                      "Total Cost": 216829.21,
                      "Plan Rows": 14362,
                      "Plan Width": 8,
                      "Actual Startup Time": 131.482,
                      "Actual Total Time": 163.662,
                      "Actual Rows": 4646,
                      "Actual Loops": 6,
                      "Inner Unique": true,
                      "Hash Cond": "(mi.movie_id = t.id)",
                      "Plans": [
                        {
                          "Node Type": "Bitmap Heap Scan",
                          "Parent Relationship": "Outer",
                          "Parallel Aware": true,
                          "Relation Name": "movie_info",
                          "Alias": "mi",
                          "Startup Cost": 6704.59,
                          "Total Cost": 169622.8,
                          "Plan Rows": 74017,
                          "Plan Width": 4,
                          "Actual Startup Time": 23.939,
                          "Actual Total Time": 42.6,
                          "Actual Rows": 61370,
                          "Actual Loops": 6,
                          "Recheck Cond": "(info_type_id = 17)",
                          "Rows Removed by Index Recheck": 0,
                          "Exact Heap Blocks": 2762,
                          "Lossy Heap Blocks": 0,
                          "Plans": [
                            {
                              "Node Type": "Bitmap Index Scan",
                              "Parent Relationship": "Outer",
                              "Parallel Aware": false,
                              "Index Name": "info_type_id_movie_info",
                              "Startup Cost": 0.0,
                              "Total Cost": 6612.07,
                              "Plan Rows": 370084,
                              "Plan Width": 0,
                              "Actual Startup Time": 22.338,
                              "Actual Total Time": 22.338,
                              "Actual Rows": 368218,
                              "Actual Loops": 1,
                              "Index Cond": "(info_type_id = 17)"
                            }
                          ]
                        },
                        {
                          "Node Type": "Hash",
                          "Parent Relationship": "Inner",
                          "Parallel Aware": true,
                          "Startup Cost": 45479.1,
                          "Total Cost": 45479.1,
                          "Plan Rows": 122642,
                          "Plan Width": 4,
                          "Actual Startup Time": 104.931,
                          "Actual Total Time": 104.933,
                          "Actual Rows": 63224,
                          "Actual Loops": 6,
                          "Hash Buckets": 524288,
                          "Original Hash Buckets": 524288,
                          "Hash Batches": 1,
                          "Original Hash Batches": 1,
                          "Peak Memory Usage": 19008,
                          "Plans": [
                            {
                              "Node Type": "Seq Scan",
                              "Parent Relationship": "Outer",
                              "Parallel Aware": true,
                              "Relation Name": "title",
                              "Alias": "t",
                              "Startup Cost": 0.0,
                              "Total Cost": 45479.1,
                              "Plan Rows": 122642,
                              "Plan Width": 4,
                              "Actual Startup Time": 0.035,
                              "Actual Total Time": 78.336,
                              "Actual Rows": 63224,
                              "Actual Loops": 6,
                              "Filter": "((production_year < 1995) AND (kind_id = 7))",
                              "Rows Removed by Filter": 358161
                            }
                          ]
                        }
                      ]
                    },
                    {
                      "Node Type": "Index Scan",
                      "Parent Relationship": "Inner",
                      "Parallel Aware": false,
                      "Scan Direction": "Forward",
                      "Index Name": "movie_id_cast_info",
                      "Relation Name": "cast_info",
                      "Alias": "ci",
                      "Startup Cost": 0.56,
                      "Total Cost": 4.52,
                      "Plan Rows": 6,
                      "Plan Width": 4,
                      "Actual Startup Time": 0.026,
                      "Actual Total Time": 0.038,
                      "Actual Rows": 6,
                      "Actual Loops": 27876,
                      "Index Cond": "(movie_id = t.id)",
                      "Rows Removed by Index Recheck": 0,
                      "Filter": "((person_id > 2739777) AND (role_id > 1))",
                      "Rows Removed by Filter": 21
                    }
                  ]
                }
              ]
            }
          ]
        }
      ]
    },
    "Planning Time": 1.522,
    "Triggers": [],
    "Execution Time": 399.406
  }
]