[
  {
    "Plan": {
      "Node Type": "Aggregate",
      "Strategy": "Plain",
      "Partial Mode": "Finalize",
      "Parallel Aware": false,
      "Startup Cost": 45297.22,
      "Total Cost": 45297.23,
      "Plan Rows": 1,
      "Plan Width": 8,
      "Actual Startup Time": 149.628,
      "Actual Total Time": 157.092,
      "Actual Rows": 1,
      "Actual Loops": 1,
      "Plans": [
        {
          "Node Type": "Gather",
          "Parent Relationship": "Outer",
          "Parallel Aware": false,
          "Startup Cost": 45296.9,
          "Total Cost": 45297.21,
          "Plan Rows": 3,
          "Plan Width": 8,
          "Actual Startup Time": 149.524,
          "Actual Total Time": 157.083,
          "Actual Rows": 4,
          "Actual Loops": 1,
          "Workers Planned": 3,
          "Workers Launched": 3,
          "Single Copy": false,
          "Plans": [
            {
              "Node Type": "Aggregate",
              "Strategy": "Plain",
              "Partial Mode": "Partial",
              "Parent Relationship": "Outer",
              "Parallel Aware": false,
              "Startup Cost": 44296.9,
              "Total Cost": 44296.91,
              "Plan Rows": 1,
              "Plan Width": 8,
              "Actual Startup Time": 144.896,
              "Actual Total Time": 144.897,
              "Actual Rows": 1,
              "Actual Loops": 4,
              "Plans": [
                {
                  "Node Type": "Seq Scan",
                  "Parent Relationship": "Outer",
                  "Parallel Aware": true,
                  "Relation Name": "movie_keyword",
                  "Alias": "mk",
                  "Startup Cost": 0.0,
                  "Total Cost": 42695.65,
                  "Plan Rows": 640500,
                  "Plan Width": 0,
                  "Actual Startup Time": 0.039,
                  "Actual Total Time": 119.308,
                  "Actual Rows": 498992,
                  "Actual Loops": 4,
                  "Filter": "(keyword_id < 3529)",
                  "Rows Removed by Filter": 631990
                }
              ]
            }
          ]
        }
      ]
    },
    "Planning Time": 0.18,
    "Triggers": [],
    "Execution Time": 157.148
  }
]