[
  {
    "Plan": {
      "Node Type": "Aggregate",
      "Strategy": "Plain",
      "Partial Mode": "Simple",
      "Parallel Aware": false,
      "Startup Cost": 1874.87,
      "Total Cost": 1874.88,
      "Plan Rows": 1,
      "Plan Width": 8,
      "Actual Startup Time": 1.18,
      "Actual Total Time": 1.183,
      "Actual Rows": 1,
      "Actual Loops": 1,
      "Plans": [
        {
          "Node Type": "Nested Loop",
          "Parent Relationship": "Outer",
          "Parallel Aware": false,
          "Join Type": "Inner",
          "Startup Cost": 805.77,
          "Total Cost": 1874.87,
          "Plan Rows": 1,
          "Plan Width": 0,
          "Actual Startup Time": 0.964,
          "Actual Total Time": 1.176,
          "Actual Rows": 1,
          "Actual Loops": 1,
          "Inner Unique": true,
          "Plans": [
            {
              "Node Type": "Hash Join",
              "Parent Relationship": "Outer",
              "Parallel Aware": false,
              "Join Type": "Inner",
              "Startup Cost": 805.34,
              "Total Cost": 1866.5,
              "Plan Rows": 1,
              "Plan Width": 8,
              "Actual Startup Time": 0.94,
              "Actual Total Time": 1.137,
              "Actual Rows": 2,
              "Actual Loops": 1,
              "Inner Unique": false,
              "Hash Cond": "(ci.movie_id = mi_idx.movie_id)",
              "Plans": [
                {
                  "Node Type": "Index Scan",
                  "Parent Relationship": "Outer",
                  "Parallel Aware": false,
                  "Scan Direction": "Forward",
                  "Index Name": "person_id_cast_info",
                  "Relation Name": "cast_info",
                  "Alias": "ci",
                  "Startup Cost": 0.56,
                  "Total Cost": 1059.67,
                  "Plan Rows": 326,
                  "Plan Width": 4,
                  "Actual Startup Time": 0.635,
                  "Actual Total Time": 0.819,
                  "Actual Rows": 335,
                  "Actual Loops": 1,
                  "Index Cond": "(person_id = 2396199)",
                  "Rows Removed by Index Recheck": 0,
                  "Filter": "(role_id > 1)",
                  "Rows Removed by Filter": 0
                },
                {
                  "Node Type": "Hash",
                  "Parent Relationship": "Inner",
                  "Parallel Aware": false,
                  "Startup Cost": 801.9,
                  "Total Cost": 801.9,
                  "Plan Rows": 230,
                  "Plan Width": 4,
                  "Actual Startup Time": 0.22,
                  "Actual Total Time": 0.221,
                  "Actual Rows": 260,
                  "Actual Loops": 1,
                  "Hash Buckets": 1024,
                  "Original Hash Buckets": 1024,
                  "Hash Batches": 1,
                  "Original Hash Batches": 1,
                  "Peak Memory Usage": 18,
                  "Plans": [
                    {
                      "Node Type": "Bitmap Heap Scan",
                      "Parent Relationship": "Outer",
                      "Parallel Aware": false,
                      "Relation Name": "movie_info_idx",
                      "Alias": "mi_idx",
                      "Startup Cost": 6.21,
                      "Total Cost": 801.9,
                      "Plan Rows": 230,
                      "Plan Width": 4,
                      "Actual Startup Time": 0.073,
                      "Actual Total Time": 0.14,
                      "Actual Rows": 260,
                      "Actual Loops": 1,
                      "Recheck Cond": "(info_type_id > 101)",
                      "Rows Removed by Index Recheck": 0,
                      "Exact Heap Blocks": 2,
                      "Lossy Heap Blocks": 0,
                      "Plans": [
                        {
                          "Node Type": "Bitmap Index Scan",
                          "Parent Relationship": "Outer",
                          "Parallel Aware": false,
                          "Index Name": "info_type_id_movie_info_idx",
                          "Startup Cost": 0.0,
                          "Total Cost": 6.15,
                          "Plan Rows": 230,
                          "Plan Width": 0,
                          "Actual Startup Time": 0.052,
                          "Actual Total Time": 0.052,
                          "Actual Rows": 260,
                          "Actual Loops": 1,
                          "Index Cond": "(info_type_id > 101)"
                        }
                      ]
                    }
                  ]
                }
              ]
            },
            {
              "Node Type": "Index Scan",
              "Parent Relationship": "Inner",
              "Parallel Aware": false,
              "Scan Direction": "Forward",
              "Index Name": "title_pkey",
              "Relation Name": "title",
              "Alias": "t",
              "Startup Cost": 0.43,
              "Total Cost": 8.38,
              "Plan Rows": 1,
              "Plan Width": 4,
              "Actual Startup Time": 0.016,
              "Actual Total Time": 0.017,
              "Actual Rows": 0,
              "Actual Loops": 2,
              "Index Cond": "(id = ci.movie_id)",
              "Rows Removed by Index Recheck": 0,
              "Filter": "(production_year < 2012)",
              "Rows Removed by Filter": 0
            }
          ]
        }
      ]
    },
    "Planning Time": 1.096,
    "Triggers": [],
    "Execution Time": 1.288
  }
]