{
  "Plan": {
    "Node Type": "Aggregate",
    "Strategy": "Plain",
    "Partial Mode": "Finalize",
    "Parallel Aware": false,
    "Startup Cost": 120280.03,
    "Total Cost": 120280.04,
    "Plan Rows": 1,
    "Plan Width": 8,
    "Actual Startup Time": 546.621,
    "Actual Total Time": 558.449,
    "Actual Rows": 1,
    "Actual Loops": 1,
    "Plans": [
      {
        "Node Type": "Gather",
        "Parent Relationship": "Outer",
        "Parallel Aware": false,
        "Startup Cost": 120279.92,
        "Total Cost": 120280.03,
        "Plan Rows": 1,
        "Plan Width": 8,
        "Actual Startup Time": 545.531,
        "Actual Total Time": 558.442,
        "Actual Rows": 2,
        "Actual Loops": 1,
        "Workers Planned": 1,
        "Workers Launched": 1,
        "Single Copy": false,
        "Plans": [
          {
            "Node Type": "Aggregate",
            "Strategy": "Plain",
            "Partial Mode": "Partial",
            "Parent Relationship": "Outer",
            "Parallel Aware": false,
            "Startup Cost": 119279.92,
            "Total Cost": 119279.93,
            "Plan Rows": 1,
            "Plan Width": 8,
            "Actual Startup Time": 539.414,
            "Actual Total Time": 539.418,
            "Actual Rows": 1,
            "Actual Loops": 2,
            "Plans": [
              {
                "Node Type": "Hash Join",
                "Parent Relationship": "Outer",
                "Parallel Aware": true,
                "Join Type": "Inner",
                "Startup Cost": 55505.29,
                "Total Cost": 118775.9,
                "Plan Rows": 201609,
                "Plan Width": 0,
                "Actual Startup Time": 209.0,
                "Actual Total Time": 512.492,
                "Actual Rows": 658884,
                "Actual Loops": 2,
                "Inner Unique": true,
                "Hash Cond": "(mk.movie_id = t.id)",
                "Plans": [
                  {
                    "Node Type": "Seq Scan",
                    "Parent Relationship": "Outer",
                    "Parallel Aware": true,
                    "Relation Name": "movie_keyword",
                    "Alias": "mk",
                    "Startup Cost": 0.0,
                    "Total Cost": 57718.19,
                    "Plan Rows": 2115201,
                    "Plan Width": 4,
                    "Actual Startup Time": 0.013,
                    "Actual Total Time": 190.588,
                    "Actual Rows": 1802834,
                    "Actual Loops": 2,
                    "Filter": "(keyword_id < 20330)",
                    "Rows Removed by Filter": 459131
                  },
                  {
                    "Node Type": "Hash",
                    "Parent Relationship": "Inner",
                    "Parallel Aware": true,
                    "Startup Cost": 53733.35,
                    "Total Cost": 53733.35,
                    "Plan Rows": 141755,
                    "Plan Width": 4,
                    "Actual Startup Time": 145.072,
                    "Actual Total Time": 145.073,
                    "Actual Rows": 179772,
                    "Actual Loops": 2,
                    "Hash Buckets": 524288,
                    "Original Hash Buckets": 262144,
                    "Hash Batches": 1,
                    "Original Hash Batches": 1,
                    "Peak Memory Usage": 20224,
                    "Plans": [
                      {
                        "Node Type": "Bitmap Heap Scan",
                        "Parent Relationship": "Outer",
                        "Parallel Aware": true,
                        "Relation Name": "title",
                        "Alias": "t",
                        "Startup Cost": 11883.1,
                        "Total Cost": 53733.35,
                        "Plan Rows": 141755,
                        "Plan Width": 4,
                        "Actual Startup Time": 37.489,
                        "Actual Total Time": 102.947,
                        "Actual Rows": 179772,
                        "Actual Loops": 2,
                        "Recheck Cond": "(kind_id = 1)",
                        "Rows Removed by Index Recheck": 0,
                        "Filter": "(production_year < 1998)",
                        "Rows Removed by Filter": 151641,
                        "Exact Heap Blocks": 8192,
                        "Lossy Heap Blocks": 0,
                        "Plans": [
                          {
                            "Node Type": "Bitmap Index Scan",
                            "Parent Relationship": "Outer",
                            "Parallel Aware": false,
                            "Index Name": "kind_id_title",
                            "Startup Cost": 0.0,
                            "Total Cost": 11822.85,
                            "Plan Rows": 663256,
                            "Plan Width": 0,
                            "Actual Startup Time": 37.634,
                            "Actual Total Time": 37.634,
                            "Actual Rows": 662825,
                            "Actual Loops": 1,
                            "Index Cond": "(kind_id = 1)"
                          }
                        ]
                      }
                    ]
                  }
                ]
              }
            ]
          }
        ]
      }
    ]
  },
  "Planning Time": 0.613,
  "Triggers": [],
  "Execution Time": 558.537
}