[
  {
    "Plan": {
      "Node Type": "Aggregate",
      "Strategy": "Plain",
      "Partial Mode": "Finalize",
      "Parallel Aware": false,
      "Startup Cost": 31232.52,
      "Total Cost": 31232.53,
      "Plan Rows": 1,
      "Plan Width": 8,
      "Actual Startup Time": 90.986,
      "Actual Total Time": 99.273,
      "Actual Rows": 1,
      "Actual Loops": 1,
      "Plans": [
        {
          "Node Type": "Gather",
          "Parent Relationship": "Outer",
          "Parallel Aware": false,
          "Startup Cost": 31232.2,
          "Total Cost": 31232.51,
          "Plan Rows": 3,
          "Plan Width": 8,
          "Actual Startup Time": 90.611,
          "Actual Total Time": 99.265,
          "Actual Rows": 4,
          "Actual Loops": 1,
          "Workers Planned": 3,
          "Workers Launched": 3,
          "Single Copy": false,
          "Plans": [
            {
              "Node Type": "Aggregate",
              "Strategy": "Plain",
              "Partial Mode": "Partial",
              "Parent Relationship": "Outer",
              "Parallel Aware": false,
              "Startup Cost": 30232.2,
              "Total Cost": 30232.21,
              "Plan Rows": 1,
              "Plan Width": 8,
              "Actual Startup Time": 85.72,
              "Actual Total Time": 85.721,
              "Actual Rows": 1,
              "Actual Loops": 4,
              "Plans": [
                {
                  "Node Type": "Seq Scan",
                  "Parent Relationship": "Outer",
                  "Parallel Aware": true,
                  "Relation Name": "movie_companies",
                  "Alias": "mc",
                  "Startup Cost": 0.0,
                  "Total Cost": 29310.68,
                  "Plan Rows": 368607,
                  "Plan Width": 0,
                  "Actual Startup Time": 0.026,
                  "Actual Total Time": 71.675,
                  "Actual Rows": 288120,
                  "Actual Loops": 4,
                  "Filter": "(company_id < 9078)",
                  "Rows Removed by Filter": 364162
                }
              ]
            }
          ]
        }
      ]
    },
    "Planning Time": 0.102,
    "Triggers": [],
    "Execution Time": 99.307
  }
]