[
  {
    "Plan": {
      "Node Type": "Aggregate",
      "Strategy": "Plain",
      "Partial Mode": "Finalize",
      "Parallel Aware": false,
      "Startup Cost": 31241.79,
      "Total Cost": 31241.8,
      "Plan Rows": 1,
      "Plan Width": 8,
      "Actual Startup Time": 102.29,
      "Actual Total Time": 111.081,
      "Actual Rows": 1,
      "Actual Loops": 1,
      "Plans": [
        {
          "Node Type": "Gather",
          "Parent Relationship": "Outer",
          "Parallel Aware": false,
          "Startup Cost": 31241.48,
          "Total Cost": 31241.79,
          "Plan Rows": 3,
          "Plan Width": 8,
          "Actual Startup Time": 102.187,
          "Actual Total Time": 111.071,
          "Actual Rows": 4,
          "Actual Loops": 1,
          "Workers Planned": 3,
          "Workers Launched": 3,
          "Single Copy": false,
          "Plans": [
            {
              "Node Type": "Aggregate",
              "Strategy": "Plain",
              "Partial Mode": "Partial",
              "Parent Relationship": "Outer",
              "Parallel Aware": false,
              "Startup Cost": 30241.48,
              "Total Cost": 30241.49,
              "Plan Rows": 1,
              "Plan Width": 8,
              "Actual Startup Time": 96.214,
              "Actual Total Time": 96.215,
              "Actual Rows": 1,
              "Actual Loops": 4,
              "Plans": [
                {
                  "Node Type": "Seq Scan",
                  "Parent Relationship": "Outer",
                  "Parallel Aware": true,
                  "Relation Name": "movie_companies",
                  "Alias": "mc",
                  "Startup Cost": 0.0,
                  "Total Cost": 29310.68,
                  "Plan Rows": 372318,
                  "Plan Width": 0,
                  "Actual Startup Time": 0.041,
                  "Actual Total Time": 79.575,
                  "Actual Rows": 288120,
                  "Actual Loops": 4,
                  "Filter": "(company_id < 9078)",
                  "Rows Removed by Filter": 364162
                }
              ]
            }
          ]
        }
      ]
    },
    "Planning Time": 0.155,
    "Triggers": [],
    "Execution Time": 111.128
  }
]