{
  "Plan": {
    "Node Type": "Aggregate",
    "Strategy": "Plain",
    "Partial Mode": "Finalize",
    "Parallel Aware": false,
    "Startup Cost": 593963.2,
    "Total Cost": 593963.21,
    "Plan Rows": 1,
    "Plan Width": 8,
    "Actual Startup Time": 5646.586,
    "Actual Total Time": 5698.435,
    "Actual Rows": 1,
    "Actual Loops": 1,
    "Plans": [
      {
        "Node Type": "Gather",
        "Parent Relationship": "Outer",
        "Parallel Aware": false,
        "Startup Cost": 593963.09,
        "Total Cost": 593963.2,
        "Plan Rows": 1,
        "Plan Width": 8,
        "Actual Startup Time": 5645.516,
        "Actual Total Time": 5698.427,
        "Actual Rows": 2,
        "Actual Loops": 1,
        "Workers Planned": 1,
        "Workers Launched": 1,
        "Single Copy": false,
        "Plans": [
          {
            "Node Type": "Aggregate",
            "Strategy": "Plain",
            "Partial Mode": "Partial",
            "Parent Relationship": "Outer",
            "Parallel Aware": false,
            "Startup Cost": 592963.09,
            "Total Cost": 592963.1,
            "Plan Rows": 1,
            "Plan Width": 8,
            "Actual Startup Time": 5639.141,
            "Actual Total Time": 5639.145,
            "Actual Rows": 1,
            "Actual Loops": 2,
            "Plans": [
              {
                "Node Type": "Hash Join",
                "Parent Relationship": "Outer",
                "Parallel Aware": true,
                "Join Type": "Inner",
                "Startup Cost": 58328.1,
                "Total Cost": 580061.45,
                "Plan Rows": 5160654,
                "Plan Width": 0,
                "Actual Startup Time": 208.163,
                "Actual Total Time": 5426.646,
                "Actual Rows": 4817548,
                "Actual Loops": 2,
                "Inner Unique": true,
                "Hash Cond": "(ci.movie_id = t.id)",
                "Plans": [
                  {
                    "Node Type": "Seq Scan",
                    "Parent Relationship": "Outer",
                    "Parallel Aware": true,
                    "Relation Name": "cast_info",
                    "Alias": "ci",
                    "Startup Cost": 0.0,
                    "Total Cost": 465792.95,
                    "Plan Rows": 21310595,
                    "Plan Width": 4,
                    "Actual Startup Time": 0.016,
                    "Actual Total Time": 1473.936,
                    "Actual Rows": 18122172,
                    "Actual Loops": 2
                  },
                  {
                    "Node Type": "Hash",
                    "Parent Relationship": "Inner",
                    "Parallel Aware": true,
                    "Startup Cost": 53826.17,
                    "Total Cost": 53826.17,
                    "Plan Rows": 360154,
                    "Plan Width": 4,
                    "Actual Startup Time": 198.837,
                    "Actual Total Time": 198.838,
                    "Actual Rows": 265478,
                    "Actual Loops": 2,
                    "Hash Buckets": 1048576,
                    "Original Hash Buckets": 1048576,
                    "Hash Batches": 1,
                    "Original Hash Batches": 1,
                    "Peak Memory Usage": 28992,
                    "Plans": [
                      {
                        "Node Type": "Bitmap Heap Scan",
                        "Parent Relationship": "Outer",
                        "Parallel Aware": true,
                        "Relation Name": "title",
                        "Alias": "t",
                        "Startup Cost": 11975.92,
                        "Total Cost": 53826.17,
                        "Plan Rows": 360154,
                        "Plan Width": 4,
                        "Actual Startup Time": 34.532,
                        "Actual Total Time": 114.681,
                        "Actual Rows": 265478,
                        "Actual Loops": 2,
                        "Recheck Cond": "(kind_id = 1)",
                        "Rows Removed by Index Recheck": 0,
                        "Filter": "(production_year > 1933)",
                        "Rows Removed by Filter": 65934,
                        "Exact Heap Blocks": 8765,
                        "Lossy Heap Blocks": 0,
                        "Plans": [
                          {
                            "Node Type": "Bitmap Index Scan",
                            "Parent Relationship": "Outer",
                            "Parallel Aware": false,
                            "Index Name": "kind_id_title",
                            "Startup Cost": 0.0,
                            "Total Cost": 11822.85,
                            "Plan Rows": 663256,
                            "Plan Width": 0,
                            "Actual Startup Time": 32.728,
                            "Actual Total Time": 32.728,
                            "Actual Rows": 662825,
                            "Actual Loops": 1,
                            "Index Cond": "(kind_id = 1)"
                          }
                        ]
                      }
                    ]
                  }
                ]
              }
            ]
          }
        ]
      }
    ]
  },
  "Planning Time": 0.457,
  "Triggers": [],
  "Execution Time": 5698.537
}