[
  {
    "Plan": {
      "Node Type": "Aggregate",
      "Strategy": "Plain",
      "Partial Mode": "Finalize",
      "Parallel Aware": false,
      "Startup Cost": 185008.78,
      "Total Cost": 185008.79,
      "Plan Rows": 1,
      "Plan Width": 8,
      "Actual Startup Time": 990.174,
      "Actual Total Time": 1050.361,
      "Actual Rows": 1,
      "Actual Loops": 1,
      "Plans": [
        {
          "Node Type": "Gather",
          "Parent Relationship": "Outer",
          "Parallel Aware": false,
          "Startup Cost": 185008.36,
          "Total Cost": 185008.77,
          "Plan Rows": 4,
          "Plan Width": 8,
          "Actual Startup Time": 987.036,
          "Actual Total Time": 1050.35,
          "Actual Rows": 5,
          "Actual Loops": 1,
          "Workers Planned": 4,
          "Workers Launched": 4,
          "Single Copy": false,
          "Plans": [
            {
              "Node Type": "Aggregate",
              "Strategy": "Plain",
              "Partial Mode": "Partial",
              "Parent Relationship": "Outer",
              "Parallel Aware": false,
              "Startup Cost": 184008.36,
              "Total Cost": 184008.37,
              "Plan Rows": 1,
              "Plan Width": 8,
              "Actual Startup Time": 978.954,
              "Actual Total Time": 978.958,
              "Actual Rows": 1,
              "Actual Loops": 5,
              "Plans": [
                {
                  "Node Type": "Nested Loop",
                  "Parent Relationship": "Outer",
                  "Parallel Aware": false,
                  "Join Type": "Inner",
                  "Startup Cost": 26652.21,
                  "Total Cost": 183856.98,
                  "Plan Rows": 60552,
                  "Plan Width": 0,
                  "Actual Startup Time": 99.213,
                  "Actual Total Time": 964.48,
                  "Actual Rows": 259907,
                  "Actual Loops": 5,
                  "Inner Unique": false,
                  "Plans": [
                    {
                      "Node Type": "Hash Join",
                      "Parent Relationship": "Outer",
                      "Parallel Aware": true,
                      "Join Type": "Inner",
                      "Startup Cost": 26651.77,
                      "Total Cost": 72344.09,
                      "Plan Rows": 66100,
                      "Plan Width": 8,
                      "Actual Startup Time": 99.033,
                      "Actual Total Time": 324.738,
                      "Actual Rows": 52567,
                      "Actual Loops": 5,
                      "Inner Unique": false,
                      "Hash Cond": "(t.id = mc.movie_id)",
                      "Plans": [
                        {
                          "Node Type": "Seq Scan",
                          "Parent Relationship": "Outer",
                          "Parallel Aware": true,
                          "Relation Name": "title",
                          "Alias": "t",
                          "Startup Cost": 0.0,
                          "Total Cost": 42318.73,
                          "Plan Rows": 632073,
                          "Plan Width": 4,
                          "Actual Startup Time": 0.012,
                          "Actual Total Time": 69.404,
                          "Actual Rows": 505662,
                          "Actual Loops": 5
                        },
                        {
                          "Node Type": "Hash",
                          "Parent Relationship": "Inner",
                          "Parallel Aware": true,
                          "Startup Cost": 25585.65,
                          "Total Cost": 25585.65,
                          "Plan Rows": 85290,
                          "Plan Width": 4,
                          "Actual Startup Time": 96.196,
                          "Actual Total Time": 96.198,
                          "Actual Rows": 52567,
                          "Actual Loops": 5,
                          "Hash Buckets": 524288,
                          "Original Hash Buckets": 524288,
                          "Hash Batches": 1,
                          "Original Hash Batches": 1,
                          "Peak Memory Usage": 14464,
                          "Plans": [
                            {
                              "Node Type": "Bitmap Heap Scan",
                              "Parent Relationship": "Outer",
                              "Parallel Aware": true,
                              "Relation Name": "movie_companies",
                              "Alias": "mc",
                              "Startup Cost": 5729.52,
                              "Total Cost": 25585.65,
                              "Plan Rows": 85290,
                              "Plan Width": 4,
                              "Actual Startup Time": 26.358,
                              "Actual Total Time": 69.742,
                              "Actual Rows": 52567,
                              "Actual Loops": 5,
                              "Recheck Cond": "(company_id < 137)",
                              "Rows Removed by Index Recheck": 0,
                              "Exact Heap Blocks": 7285,
                              "Lossy Heap Blocks": 0,
                              "Plans": [
                                {
                                  "Node Type": "Bitmap Index Scan",
                                  "Parent Relationship": "Outer",
                                  "Parallel Aware": false,
                                  "Index Name": "company_id_movie_companies",
                                  "Startup Cost": 0.0,
                                  "Total Cost": 5663.42,
                                  "Plan Rows": 264399,
                                  "Plan Width": 0,
                                  "Actual Startup Time": 22.888,
                                  "Actual Total Time": 22.889,
                                  "Actual Rows": 262833,
                                  "Actual Loops": 1,
                                  "Index Cond": "(company_id < 137)"
                                }
                              ]
                            }
                          ]
                        }
                      ]
                    },
                    {
                      "Node Type": "Index Scan",
                      "Parent Relationship": "Inner",
                      "Parallel Aware": false,
                      "Scan Direction": "Forward",
                      "Index Name": "movie_id_movie_info",
                      "Relation Name": "movie_info",
                      "Alias": "mi",
                      "Startup Cost": 0.43,
                      "Total Cost": 1.62,
                      "Plan Rows": 7,
                      "Plan Width": 4,
                      "Actual Startup Time": 0.006,
                      "Actual Total Time": 0.012,
                      "Actual Rows": 5,
                      "Actual Loops": 262833,
                      "Index Cond": "(movie_id = t.id)",
                      "Rows Removed by Index Recheck": 0,
                      "Filter": "(info_type_id > 16)",
                      "Rows Removed by Filter": 13
                    }
                  ]
                }
              ]
            }
          ]
        }
      ]
    },
    "Planning Time": 1.188,
    "Triggers": [],
    "Execution Time": 1050.495
  }
]