[
  {
    "Plan": {
      "Node Type": "Aggregate",
      "Strategy": "Plain",
      "Partial Mode": "Finalize",
      "Parallel Aware": false,
      "Startup Cost": 29392.79,
      "Total Cost": 29392.8,
      "Plan Rows": 1,
      "Plan Width": 8,
      "Actual Startup Time": 85.314,
      "Actual Total Time": 91.202,
      "Actual Rows": 1,
      "Actual Loops": 1,
      "Plans": [
        {
          "Node Type": "Gather",
          "Parent Relationship": "Outer",
          "Parallel Aware": false,
          "Startup Cost": 29392.47,
          "Total Cost": 29392.78,
          "Plan Rows": 3,
          "Plan Width": 8,
          "Actual Startup Time": 85.051,
          "Actual Total Time": 91.195,
          "Actual Rows": 4,
          "Actual Loops": 1,
          "Workers Planned": 3,
          "Workers Launched": 3,
          "Single Copy": false,
          "Plans": [
            {
              "Node Type": "Aggregate",
              "Strategy": "Plain",
              "Partial Mode": "Partial",
              "Parent Relationship": "Outer",
              "Parallel Aware": false,
              "Startup Cost": 28392.47,
              "Total Cost": 28392.48,
              "Plan Rows": 1,
              "Plan Width": 8,
              "Actual Startup Time": 77.895,
              "Actual Total Time": 77.896,
              "Actual Rows": 1,
              "Actual Loops": 4,
              "Plans": [
                {
                  "Node Type": "Bitmap Heap Scan",
                  "Parent Relationship": "Outer",
                  "Parallel Aware": true,
                  "Relation Name": "movie_keyword",
                  "Alias": "mk",
                  "Startup Cost": 3207.39,
                  "Total Cost": 28270.63,
                  "Plan Rows": 48739,
                  "Plan Width": 0,
                  "Actual Startup Time": 27.108,
                  "Actual Total Time": 75.147,
                  "Actual Rows": 37064,
                  "Actual Loops": 4,
                  "Recheck Cond": "(keyword_id > 74075)",
                  "Rows Removed by Index Recheck": 0,
                  "Exact Heap Blocks": 11294,
                  "Lossy Heap Blocks": 0,
                  "Plans": [
                    {
                      "Node Type": "Bitmap Index Scan",
                      "Parent Relationship": "Outer",
                      "Parallel Aware": false,
                      "Index Name": "keyword_id_movie_keyword",
                      "Startup Cost": 0.0,
                      "Total Cost": 3169.61,
                      "Plan Rows": 151091,
                      "Plan Width": 0,
                      "Actual Startup Time": 27.815,
                      "Actual Total Time": 27.815,
                      "Actual Rows": 148255,
                      "Actual Loops": 1,
                      "Index Cond": "(keyword_id > 74075)"
                    }
                  ]
                }
              ]
            }
          ]
        }
      ]
    },
    "Planning Time": 0.185,
    "Triggers": [],
    "Execution Time": 91.322
  }
]