[
  {
    "Plan": {
      "Node Type": "Aggregate",
      "Strategy": "Plain",
      "Partial Mode": "Finalize",
      "Parallel Aware": false,
      "Startup Cost": 91086.89,
      "Total Cost": 91086.9,
      "Plan Rows": 1,
      "Plan Width": 8,
      "Actual Startup Time": 272.06,
      "Actual Total Time": 279.697,
      "Actual Rows": 1,
      "Actual Loops": 1,
      "Plans": [
        {
          "Node Type": "Gather",
          "Parent Relationship": "Outer",
          "Parallel Aware": false,
          "Startup Cost": 91086.57,
          "Total Cost": 91086.88,
          "Plan Rows": 3,
          "Plan Width": 8,
          "Actual Startup Time": 270.665,
          "Actual Total Time": 279.69,
          "Actual Rows": 4,
          "Actual Loops": 1,
          "Workers Planned": 3,
          "Workers Launched": 3,
          "Single Copy": false,
          "Plans": [
            {
              "Node Type": "Aggregate",
              "Strategy": "Plain",
              "Partial Mode": "Partial",
              "Parent Relationship": "Outer",
              "Parallel Aware": false,
              "Startup Cost": 90086.57,
              "Total Cost": 90086.58,
              "Plan Rows": 1,
              "Plan Width": 8,
              "Actual Startup Time": 267.922,
              "Actual Total Time": 267.926,
              "Actual Rows": 1,
              "Actual Loops": 4,
              "Plans": [
                {
                  "Node Type": "Hash Join",
                  "Parent Relationship": "Outer",
                  "Parallel Aware": true,
                  "Join Type": "Inner",
                  "Startup Cost": 44876.33,
                  "Total Cost": 89821.56,
                  "Plan Rows": 106005,
                  "Plan Width": 0,
                  "Actual Startup Time": 100.333,
                  "Actual Total Time": 262.479,
                  "Actual Rows": 122552,
                  "Actual Loops": 4,
                  "Inner Unique": true,
                  "Hash Cond": "(mk.movie_id = t.id)",
                  "Plans": [
                    {
                      "Node Type": "Seq Scan",
                      "Parent Relationship": "Outer",
                      "Parallel Aware": true,
                      "Relation Name": "movie_keyword",
                      "Alias": "mk",
                      "Startup Cost": 0.0,
                      "Total Cost": 42695.65,
                      "Plan Rows": 856981,
                      "Plan Width": 4,
                      "Actual Startup Time": 0.011,
                      "Actual Total Time": 99.262,
                      "Actual Rows": 668868,
                      "Actual Loops": 4,
                      "Filter": "(keyword_id < 7491)",
                      "Rows Removed by Filter": 462115
                    },
                    {
                      "Node Type": "Hash",
                      "Parent Relationship": "Inner",
                      "Parallel Aware": true,
                      "Startup Cost": 43899.01,
                      "Total Cost": 43899.01,
                      "Plan Rows": 78186,
                      "Plan Width": 4,
                      "Actual Startup Time": 98.812,
                      "Actual Total Time": 98.813,
                      "Actual Rows": 77384,
                      "Actual Loops": 4,
                      "Hash Buckets": 524288,
                      "Original Hash Buckets": 524288,
                      "Hash Batches": 1,
                      "Original Hash Batches": 1,
                      "Peak Memory Usage": 16224,
                      "Plans": [
                        {
                          "Node Type": "Seq Scan",
                          "Parent Relationship": "Outer",
                          "Parallel Aware": true,
                          "Relation Name": "title",
                          "Alias": "t",
                          "Startup Cost": 0.0,
                          "Total Cost": 43899.01,
                          "Plan Rows": 78186,
                          "Plan Width": 4,
                          "Actual Startup Time": 0.017,
                          "Actual Total Time": 74.648,
                          "Actual Rows": 77384,
                          "Actual Loops": 4,
                          "Filter": "(production_year < 1966)",
                          "Rows Removed by Filter": 554694
                        }
                      ]
                    }
                  ]
                }
              ]
            }
          ]
        }
      ]
    },
    "Planning Time": 0.216,
    "Triggers": [],
    "Execution Time": 279.728
  }
]