[
  {
    "Plan": {
      "Node Type": "Aggregate",
      "Strategy": "Plain",
      "Partial Mode": "Finalize",
      "Parallel Aware": false,
      "Startup Cost": 441720.05,
      "Total Cost": 441720.06,
      "Plan Rows": 1,
      "Plan Width": 8,
      "Actual Startup Time": 2805.946,
      "Actual Total Time": 2853.788,
      "Actual Rows": 1,
      "Actual Loops": 1,
      "Plans": [
        {
          "Node Type": "Gather",
          "Parent Relationship": "Outer",
          "Parallel Aware": false,
          "Startup Cost": 441719.43,
          "Total Cost": 441720.04,
          "Plan Rows": 6,
          "Plan Width": 8,
          "Actual Startup Time": 2803.726,
          "Actual Total Time": 2853.779,
          "Actual Rows": 7,
          "Actual Loops": 1,
          "Workers Planned": 6,
          "Workers Launched": 6,
          "Single Copy": false,
          "Plans": [
            {
              "Node Type": "Aggregate",
              "Strategy": "Plain",
              "Partial Mode": "Partial",
              "Parent Relationship": "Outer",
              "Parallel Aware": false,
              "Startup Cost": 440719.43,
              "Total Cost": 440719.44,
              "Plan Rows": 1,
              "Plan Width": 8,
              "Actual Startup Time": 2792.686,
              "Actual Total Time": 2792.718,
              "Actual Rows": 1,
              "Actual Loops": 7,
              "Plans": [
                {
                  "Node Type": "Nested Loop",
                  "Parent Relationship": "Outer",
                  "Parallel Aware": false,
                  "Join Type": "Inner",
                  "Startup Cost": 46141.7,
                  "Total Cost": 439767.16,
                  "Plan Rows": 380905,
                  "Plan Width": 0,
                  "Actual Startup Time": 97.797,
                  "Actual Total Time": 2727.321,
                  "Actual Rows": 1516899,
                  "Actual Loops": 7,
                  "Inner Unique": false,
                  "Join Filter": "(t.id = mi.movie_id)",
                  "Rows Removed by Join Filter": 0,
                  "Plans": [
                    {
                      "Node Type": "Hash Join",
                      "Parent Relationship": "Outer",
                      "Parallel Aware": true,
                      "Join Type": "Inner",
                      "Startup Cost": 46141.26,
                      "Total Cost": 255343.56,
                      "Plan Rows": 108570,
                      "Plan Width": 8,
                      "Actual Startup Time": 97.719,
                      "Actual Total Time": 613.884,
                      "Actual Rows": 107710,
                      "Actual Loops": 7,
                      "Inner Unique": true,
                      "Hash Cond": "(ci.movie_id = t.id)",
                      "Plans": [
                        {
                          "Node Type": "Index Scan",
                          "Parent Relationship": "Outer",
                          "Parallel Aware": true,
                          "Scan Direction": "Forward",
                          "Index Name": "role_id_cast_info",
                          "Relation Name": "cast_info",
                          "Alias": "ci",
                          "Startup Cost": 0.56,
                          "Total Cost": 205799.38,
                          "Plan Rows": 1296560,
                          "Plan Width": 4,
                          "Actual Startup Time": 0.252,
                          "Actual Total Time": 173.128,
                          "Actual Rows": 1101806,
                          "Actual Loops": 7,
                          "Index Cond": "(role_id > 6)",
                          "Rows Removed by Index Recheck": 0
                        },
                        {
                          "Node Type": "Hash",
                          "Parent Relationship": "Inner",
                          "Parallel Aware": true,
                          "Startup Cost": 45479.1,
                          "Total Cost": 45479.1,
                          "Plan Rows": 52928,
                          "Plan Width": 4,
                          "Actual Startup Time": 95.829,
                          "Actual Total Time": 95.829,
                          "Actual Rows": 48804,
                          "Actual Loops": 7,
                          "Hash Buckets": 524288,
                          "Original Hash Buckets": 262144,
                          "Hash Batches": 1,
                          "Original Hash Batches": 1,
                          "Peak Memory Usage": 19616,
                          "Plans": [
                            {
                              "Node Type": "Seq Scan",
                              "Parent Relationship": "Outer",
                              "Parallel Aware": true,
                              "Relation Name": "title",
                              "Alias": "t",
                              "Startup Cost": 0.0,
                              "Total Cost": 45479.1,
                              "Plan Rows": 52928,
                              "Plan Width": 4,
                              "Actual Startup Time": 47.385,
                              "Actual Total Time": 74.326,
                              "Actual Rows": 48804,
                              "Actual Loops": 7,
                              "Filter": "((production_year < 1995) AND (kind_id = 1))",
                              "Rows Removed by Filter": 312384
                            }
                          ]
                        }
                      ]
                    },
                    {
                      "Node Type": "Index Scan",
                      "Parent Relationship": "Inner",
                      "Parallel Aware": false,
                      "Scan Direction": "Forward",
                      "Index Name": "movie_id_movie_info",
                      "Relation Name": "movie_info",
                      "Alias": "mi",
                      "Startup Cost": 0.43,
                      "Total Cost": 1.39,
                      "Plan Rows": 25,
                      "Plan Width": 4,
                      "Actual Startup Time": 0.005,
                      "Actual Total Time": 0.018,
                      "Actual Rows": 14,
                      "Actual Loops": 753969,
                      "Index Cond": "(movie_id = ci.movie_id)",
                      "Rows Removed by Index Recheck": 0,
                      "Filter": "(info_type_id < 15)",
                      "Rows Removed by Filter": 18
                    }
                  ]
                }
              ]
            }
          ]
        }
      ]
    },
    "Planning Time": 1.342,
    "Triggers": [],
    "Execution Time": 2853.898
  }
]