[
  {
    "Plan": {
      "Node Type": "Aggregate",
      "Strategy": "Plain",
      "Partial Mode": "Finalize",
      "Parallel Aware": false,
      "Startup Cost": 96821.32,
      "Total Cost": 96821.33,
      "Plan Rows": 1,
      "Plan Width": 8,
      "Actual Startup Time": 555.696,
      "Actual Total Time": 572.056,
      "Actual Rows": 1,
      "Actual Loops": 1,
      "Plans": [
        {
          "Node Type": "Gather",
          "Parent Relationship": "Outer",
          "Parallel Aware": false,
          "Startup Cost": 96821.0,
          "Total Cost": 96821.31,
          "Plan Rows": 3,
          "Plan Width": 8,
          "Actual Startup Time": 550.189,
          "Actual Total Time": 572.026,
          "Actual Rows": 4,
          "Actual Loops": 1,
          "Workers Planned": 3,
          "Workers Launched": 3,
          "Single Copy": false,
          "Plans": [
            {
              "Node Type": "Aggregate",
              "Strategy": "Plain",
              "Partial Mode": "Partial",
              "Parent Relationship": "Outer",
              "Parallel Aware": false,
              "Startup Cost": 95821.0,
              "Total Cost": 95821.01,
              "Plan Rows": 1,
              "Plan Width": 8,
              "Actual Startup Time": 541.777,
              "Actual Total Time": 541.782,
              "Actual Rows": 1,
              "Actual Loops": 4,
              "Plans": [
                {
                  "Node Type": "Hash Join",
                  "Parent Relationship": "Outer",
                  "Parallel Aware": true,
                  "Join Type": "Inner",
                  "Startup Cost": 48767.17,
                  "Total Cost": 94584.13,
                  "Plan Rows": 494748,
                  "Plan Width": 0,
                  "Actual Startup Time": 274.441,
                  "Actual Total Time": 531.937,
                  "Actual Rows": 170776,
                  "Actual Loops": 4,
                  "Inner Unique": true,
                  "Hash Cond": "(mk.movie_id = t.id)",
                  "Plans": [
                    {
                      "Node Type": "Seq Scan",
                      "Parent Relationship": "Outer",
                      "Parallel Aware": true,
                      "Relation Name": "movie_keyword",
                      "Alias": "mk",
                      "Startup Cost": 0.0,
                      "Total Cost": 42695.65,
                      "Plan Rows": 1189067,
                      "Plan Width": 4,
                      "Actual Startup Time": 0.07,
                      "Actual Total Time": 137.797,
                      "Actual Rows": 921496,
                      "Actual Loops": 4,
                      "Filter": "(keyword_id > 797)",
                      "Rows Removed by Filter": 209486
                    },
                    {
                      "Node Type": "Hash",
                      "Parent Relationship": "Inner",
                      "Parallel Aware": true,
                      "Startup Cost": 45479.59,
                      "Total Cost": 45479.59,
                      "Plan Rows": 263007,
                      "Plan Width": 4,
                      "Actual Startup Time": 268.651,
                      "Actual Total Time": 268.653,
                      "Actual Rows": 289078,
                      "Actual Loops": 4,
                      "Hash Buckets": 2097152,
                      "Original Hash Buckets": 2097152,
                      "Hash Batches": 1,
                      "Original Hash Batches": 1,
                      "Peak Memory Usage": 61696,
                      "Plans": [
                        {
                          "Node Type": "Seq Scan",
                          "Parent Relationship": "Outer",
                          "Parallel Aware": true,
                          "Relation Name": "title",
                          "Alias": "t",
                          "Startup Cost": 0.0,
                          "Total Cost": 45479.59,
                          "Plan Rows": 263007,
                          "Plan Width": 4,
                          "Actual Startup Time": 0.056,
                          "Actual Total Time": 132.451,
                          "Actual Rows": 289078,
                          "Actual Loops": 4,
                          "Filter": "((kind_id > 3) AND (production_year > 1996))",
                          "Rows Removed by Filter": 343000
                        }
                      ]
                    }
                  ]
                }
              ]
            }
          ]
        }
      ]
    },
    "Planning Time": 0.316,
    "Triggers": [],
    "Execution Time": 572.103
  }
]