[
    {
        "Bao": {
            "Bao prediction": "NaN",
            "Bao recommended hint": "(no hint)"
        }
    },
    {
        "Plan": {
            "Node Type": "Aggregate",
            "Strategy": "Plain",
            "Partial Mode": "Finalize",
            "Parallel Aware": false,
            "Startup Cost": 169332.84,
            "Total Cost": 169332.85,
            "Plan Rows": 1,
            "Plan Width": 8,
            "Actual Startup Time": 120.724,
            "Actual Total Time": 127.76,
            "Actual Rows": 1,
            "Actual Loops": 1,
            "Output": [
                "count(*)"
            ],
            "Plans": [
                {
                    "Node Type": "Gather",
                    "Parent Relationship": "Outer",
                    "Parallel Aware": false,
                    "Startup Cost": 169332.42,
                    "Total Cost": 169332.83,
                    "Plan Rows": 4,
                    "Plan Width": 8,
                    "Actual Startup Time": 119.833,
                    "Actual Total Time": 127.754,
                    "Actual Rows": 5,
                    "Actual Loops": 1,
                    "Output": [
                        "(PARTIAL count(*))"
                    ],
                    "Workers Planned": 4,
                    "Workers Launched": 4,
                    "Single Copy": false,
                    "Plans": [
                        {
                            "Node Type": "Aggregate",
                            "Strategy": "Plain",
                            "Partial Mode": "Partial",
                            "Parent Relationship": "Outer",
                            "Parallel Aware": false,
                            "Startup Cost": 168332.42,
                            "Total Cost": 168332.43,
                            "Plan Rows": 1,
                            "Plan Width": 8,
                            "Actual Startup Time": 110.011,
                            "Actual Total Time": 110.014,
                            "Actual Rows": 1,
                            "Actual Loops": 5,
                            "Output": [
                                "PARTIAL count(*)"
                            ],
                            "Workers": [
                                {
                                    "Worker Number": 0,
                                    "Actual Startup Time": 107.519,
                                    "Actual Total Time": 107.521,
                                    "Actual Rows": 1,
                                    "Actual Loops": 1
                                },
                                {
                                    "Worker Number": 1,
                                    "Actual Startup Time": 107.565,
                                    "Actual Total Time": 107.568,
                                    "Actual Rows": 1,
                                    "Actual Loops": 1
                                },
                                {
                                    "Worker Number": 2,
                                    "Actual Startup Time": 107.13,
                                    "Actual Total Time": 107.133,
                                    "Actual Rows": 1,
                                    "Actual Loops": 1
                                },
                                {
                                    "Worker Number": 3,
                                    "Actual Startup Time": 108.392,
                                    "Actual Total Time": 108.394,
                                    "Actual Rows": 1,
                                    "Actual Loops": 1
                                }
                            ],
                            "Plans": [
                                {
                                    "Node Type": "Hash Join",
                                    "Parent Relationship": "Outer",
                                    "Parallel Aware": true,
                                    "Join Type": "Inner",
                                    "Startup Cost": 46956.33,
                                    "Total Cost": 168330.79,
                                    "Plan Rows": 652,
                                    "Plan Width": 0,
                                    "Actual Startup Time": 105.893,
                                    "Actual Total Time": 109.978,
                                    "Actual Rows": 378,
                                    "Actual Loops": 5,
                                    "Inner Unique": true,
                                    "Hash Cond": "(mi.movie_id = t.id)",
                                    "Workers": [
                                        {
                                            "Worker Number": 0,
                                            "Actual Startup Time": 104.301,
                                            "Actual Total Time": 107.485,
                                            "Actual Rows": 296,
                                            "Actual Loops": 1
                                        },
                                        {
                                            "Worker Number": 1,
                                            "Actual Startup Time": 104.739,
                                            "Actual Total Time": 107.533,
                                            "Actual Rows": 285,
                                            "Actual Loops": 1
                                        },
                                        {
                                            "Worker Number": 2,
                                            "Actual Startup Time": 104.266,
                                            "Actual Total Time": 107.1,
                                            "Actual Rows": 345,
                                            "Actual Loops": 1
                                        },
                                        {
                                            "Worker Number": 3,
                                            "Actual Startup Time": 99.949,
                                            "Actual Total Time": 108.356,
                                            "Actual Rows": 480,
                                            "Actual Loops": 1
                                        }
                                    ],
                                    "Plans": [
                                        {
                                            "Node Type": "Bitmap Heap Scan",
                                            "Parent Relationship": "Outer",
                                            "Parallel Aware": true,
                                            "Relation Name": "movie_info",
                                            "Schema": "public",
                                            "Alias": "mi",
                                            "Startup Cost": 1152.15,
                                            "Total Cost": 122484.97,
                                            "Plan Rows": 15862,
                                            "Plan Width": 4,
                                            "Actual Startup Time": 3.251,
                                            "Actual Total Time": 11.754,
                                            "Actual Rows": 12226,
                                            "Actual Loops": 5,
                                            "Output": [
                                                "mi.id",
                                                "mi.movie_id",
                                                "mi.info_type_id",
                                                "mi.info",
                                                "mi.note"
                                            ],
                                            "Recheck Cond": "(mi.info_type_id = 103)",
                                            "Rows Removed by Index Recheck": 0,
                                            "Exact Heap Blocks": 1522,
                                            "Lossy Heap Blocks": 0,
                                            "Workers": [
                                                {
                                                    "Worker Number": 0,
                                                    "Actual Startup Time": 3.327,
                                                    "Actual Total Time": 12.216,
                                                    "Actual Rows": 9116,
                                                    "Actual Loops": 1
                                                },
                                                {
                                                    "Worker Number": 1,
                                                    "Actual Startup Time": 3.312,
                                                    "Actual Total Time": 12.15,
                                                    "Actual Rows": 9388,
                                                    "Actual Loops": 1
                                                },
                                                {
                                                    "Worker Number": 2,
                                                    "Actual Startup Time": 3.279,
                                                    "Actual Total Time": 11.897,
                                                    "Actual Rows": 11903,
                                                    "Actual Loops": 1
                                                },
                                                {
                                                    "Worker Number": 3,
                                                    "Actual Startup Time": 3.155,
                                                    "Actual Total Time": 11.719,
                                                    "Actual Rows": 13671,
                                                    "Actual Loops": 1
                                                }
                                            ],
                                            "Plans": [
                                                {
                                                    "Node Type": "Bitmap Index Scan",
                                                    "Parent Relationship": "Outer",
                                                    "Parallel Aware": false,
                                                    "Index Name": "info_type_id_movie_info",
                                                    "Startup Cost": 0.0,
                                                    "Total Cost": 1136.29,
                                                    "Plan Rows": 63447,
                                                    "Plan Width": 0,
                                                    "Actual Startup Time": 2.477,
                                                    "Actual Total Time": 2.477,
                                                    "Actual Rows": 61128,
                                                    "Actual Loops": 1,
                                                    "Index Cond": "(mi.info_type_id = 103)"
                                                }
                                            ]
                                        },
                                        {
                                            "Node Type": "Hash",
                                            "Parent Relationship": "Inner",
                                            "Parallel Aware": true,
                                            "Startup Cost": 45479.21,
                                            "Total Cost": 45479.21,
                                            "Plan Rows": 25998,
                                            "Plan Width": 4,
                                            "Actual Startup Time": 93.607,
                                            "Actual Total Time": 93.608,
                                            "Actual Rows": 21703,
                                            "Actual Loops": 5,
                                            "Output": [
                                                "t.id"
                                            ],
                                            "Hash Buckets": 131072,
                                            "Original Hash Buckets": 131072,
                                            "Hash Batches": 1,
                                            "Original Hash Batches": 1,
                                            "Peak Memory Usage": 5344,
                                            "Workers": [
                                                {
                                                    "Worker Number": 0,
                                                    "Actual Startup Time": 91.352,
                                                    "Actual Total Time": 91.352,
                                                    "Actual Rows": 14740,
                                                    "Actual Loops": 1
                                                },
                                                {
                                                    "Worker Number": 1,
                                                    "Actual Startup Time": 91.405,
                                                    "Actual Total Time": 91.406,
                                                    "Actual Rows": 14264,
                                                    "Actual Loops": 1
                                                },
                                                {
                                                    "Worker Number": 2,
                                                    "Actual Startup Time": 90.946,
                                                    "Actual Total Time": 90.947,
                                                    "Actual Rows": 18626,
                                                    "Actual Loops": 1
                                                },
                                                {
                                                    "Worker Number": 3,
                                                    "Actual Startup Time": 92.248,
                                                    "Actual Total Time": 92.249,
                                                    "Actual Rows": 19629,
                                                    "Actual Loops": 1
                                                }
                                            ],
                                            "Plans": [
                                                {
                                                    "Node Type": "Seq Scan",
                                                    "Parent Relationship": "Outer",
                                                    "Parallel Aware": true,
                                                    "Relation Name": "title",
                                                    "Schema": "public",
                                                    "Alias": "t",
                                                    "Startup Cost": 0.0,
                                                    "Total Cost": 45479.21,
                                                    "Plan Rows": 25998,
                                                    "Plan Width": 4,
                                                    "Actual Startup Time": 0.05,
                                                    "Actual Total Time": 84.2,
                                                    "Actual Rows": 21703,
                                                    "Actual Loops": 5,
                                                    "Output": [
                                                        "t.id"
                                                    ],
                                                    "Filter": "((t.kind_id > 1) AND (t.production_year = 2010))",
                                                    "Rows Removed by Filter": 483960,
                                                    "Workers": [
                                                        {
                                                            "Worker Number": 0,
                                                            "Actual Startup Time": 0.053,
                                                            "Actual Total Time": 82.924,
                                                            "Actual Rows": 14740,
                                                            "Actual Loops": 1
                                                        },
                                                        {
                                                            "Worker Number": 1,
                                                            "Actual Startup Time": 0.069,
                                                            "Actual Total Time": 82.369,
                                                            "Actual Rows": 14264,
                                                            "Actual Loops": 1
                                                        },
                                                        {
                                                            "Worker Number": 2,
                                                            "Actual Startup Time": 0.063,
                                                            "Actual Total Time": 82.74,
                                                            "Actual Rows": 18626,
                                                            "Actual Loops": 1
                                                        },
                                                        {
                                                            "Worker Number": 3,
                                                            "Actual Startup Time": 0.052,
                                                            "Actual Total Time": 83.373,
                                                            "Actual Rows": 19629,
                                                            "Actual Loops": 1
                                                        }
                                                    ]
                                                }
                                            ]
                                        }
                                    ]
                                }
                            ]
                        }
                    ]
                }
            ]
        },
        "Planning Time": 216.84,
        "Triggers": [],
        "Execution Time": 127.824
    }
]