[
  {
    "Plan": {
      "Node Type": "Aggregate",
      "Strategy": "Plain",
      "Partial Mode": "Finalize",
      "Parallel Aware": false,
      "Startup Cost": 44463.0,
      "Total Cost": 44463.01,
      "Plan Rows": 1,
      "Plan Width": 8,
      "Actual Startup Time": 132.474,
      "Actual Total Time": 140.55,
      "Actual Rows": 1,
      "Actual Loops": 1,
      "Plans": [
        {
          "Node Type": "Gather",
          "Parent Relationship": "Outer",
          "Parallel Aware": false,
          "Startup Cost": 44462.68,
          "Total Cost": 44462.99,
          "Plan Rows": 3,
          "Plan Width": 8,
          "Actual Startup Time": 132.382,
          "Actual Total Time": 140.541,
          "Actual Rows": 4,
          "Actual Loops": 1,
          "Workers Planned": 3,
          "Workers Launched": 3,
          "Single Copy": false,
          "Plans": [
            {
              "Node Type": "Aggregate",
              "Strategy": "Plain",
              "Partial Mode": "Partial",
              "Parent Relationship": "Outer",
              "Parallel Aware": false,
              "Startup Cost": 43462.68,
              "Total Cost": 43462.69,
              "Plan Rows": 1,
              "Plan Width": 8,
              "Actual Startup Time": 125.301,
              "Actual Total Time": 125.302,
              "Actual Rows": 1,
              "Actual Loops": 4,
              "Plans": [
                {
                  "Node Type": "Seq Scan",
                  "Parent Relationship": "Outer",
                  "Parallel Aware": true,
                  "Relation Name": "movie_keyword",
                  "Alias": "mk",
                  "Startup Cost": 0.0,
                  "Total Cost": 42695.65,
                  "Plan Rows": 306812,
                  "Plan Width": 0,
                  "Actual Startup Time": 0.064,
                  "Actual Total Time": 111.59,
                  "Actual Rows": 238455,
                  "Actual Loops": 4,
                  "Filter": "(keyword_id < 890)",
                  "Rows Removed by Filter": 892528
                }
              ]
            }
          ]
        }
      ]
    },
    "Planning Time": 0.179,
    "Triggers": [],
    "Execution Time": 140.604
  }
]