[
  {
    "Plan": {
      "Node Type": "Aggregate",
      "Strategy": "Plain",
      "Partial Mode": "Finalize",
      "Parallel Aware": false,
      "Startup Cost": 48358.39,
      "Total Cost": 48358.4,
      "Plan Rows": 1,
      "Plan Width": 8,
      "Actual Startup Time": 71.061,
      "Actual Total Time": 80.329,
      "Actual Rows": 1,
      "Actual Loops": 1,
      "Plans": [
        {
          "Node Type": "Gather",
          "Parent Relationship": "Outer",
          "Parallel Aware": false,
          "Startup Cost": 48358.07,
          "Total Cost": 48358.38,
          "Plan Rows": 3,
          "Plan Width": 8,
          "Actual Startup Time": 70.82,
          "Actual Total Time": 80.322,
          "Actual Rows": 4,
          "Actual Loops": 1,
          "Workers Planned": 3,
          "Workers Launched": 3,
          "Single Copy": false,
          "Plans": [
            {
              "Node Type": "Aggregate",
              "Strategy": "Plain",
              "Partial Mode": "Partial",
              "Parent Relationship": "Outer",
              "Parallel Aware": false,
              "Startup Cost": 47358.07,
              "Total Cost": 47358.08,
              "Plan Rows": 1,
              "Plan Width": 8,
              "Actual Startup Time": 61.768,
              "Actual Total Time": 61.77,
              "Actual Rows": 1,
              "Actual Loops": 4,
              "Plans": [
                {
                  "Node Type": "Nested Loop",
                  "Parent Relationship": "Outer",
                  "Parallel Aware": false,
                  "Join Type": "Inner",
                  "Startup Cost": 295.64,
                  "Total Cost": 47354.02,
                  "Plan Rows": 1620,
                  "Plan Width": 0,
                  "Actual Startup Time": 5.52,
                  "Actual Total Time": 61.319,
                  "Actual Rows": 3431,
                  "Actual Loops": 4,
                  "Inner Unique": true,
                  "Plans": [
                    {
                      "Node Type": "Nested Loop",
                      "Parent Relationship": "Outer",
                      "Parallel Aware": false,
                      "Join Type": "Inner",
                      "Startup Cost": 295.21,
                      "Total Cost": 41730.63,
                      "Plan Rows": 8759,
                      "Plan Width": 8,
                      "Actual Startup Time": 5.369,
                      "Actual Total Time": 38.139,
                      "Actual Rows": 3431,
                      "Actual Loops": 4,
                      "Inner Unique": false,
                      "Plans": [
                        {
                          "Node Type": "Bitmap Heap Scan",
                          "Parent Relationship": "Outer",
                          "Parallel Aware": true,
                          "Relation Name": "movie_keyword",
                          "Alias": "mk",
                          "Startup Cost": 294.79,
                          "Total Cost": 21933.98,
                          "Plan Rows": 4427,
                          "Plan Width": 4,
                          "Actual Startup Time": 5.111,
                          "Actual Total Time": 16.321,
                          "Actual Rows": 3438,
                          "Actual Loops": 4,
                          "Recheck Cond": "(keyword_id = 121)",
                          "Rows Removed by Index Recheck": 0,
                          "Exact Heap Blocks": 3613,
                          "Lossy Heap Blocks": 0,
                          "Plans": [
                            {
                              "Node Type": "Bitmap Index Scan",
                              "Parent Relationship": "Outer",
                              "Parallel Aware": false,
                              "Index Name": "keyword_id_movie_keyword",
                              "Startup Cost": 0.0,
                              "Total Cost": 291.36,
                              "Plan Rows": 13723,
                              "Plan Width": 0,
                              "Actual Startup Time": 9.216,
                              "Actual Total Time": 9.217,
                              "Actual Rows": 13753,
                              "Actual Loops": 1,
                              "Index Cond": "(keyword_id = 121)"
                            }
                          ]
                        },
                        {
                          "Node Type": "Index Scan",
                          "Parent Relationship": "Inner",
                          "Parallel Aware": false,
                          "Scan Direction": "Forward",
                          "Index Name": "movie_id_movie_info_idx",
                          "Relation Name": "movie_info_idx",
                          "Alias": "mi_idx",
                          "Startup Cost": 0.43,
                          "Total Cost": 4.45,
                          "Plan Rows": 2,
                          "Plan Width": 4,
                          "Actual Startup Time": 0.005,
                          "Actual Total Time": 0.006,
                          "Actual Rows": 1,
                          "Actual Loops": 13753,
                          "Index Cond": "(movie_id = mk.movie_id)",
                          "Rows Removed by Index Recheck": 0,
                          "Filter": "(info_type_id > 99)",
                          "Rows Removed by Filter": 0
                        }
                      ]
                    },
                    {
                      "Node Type": "Index Only Scan",
                      "Parent Relationship": "Inner",
                      "Parallel Aware": false,
                      "Scan Direction": "Forward",
                      "Index Name": "title_pkey",
                      "Relation Name": "title",
                      "Alias": "t",
                      "Startup Cost": 0.43,
                      "Total Cost": 0.64,
                      "Plan Rows": 1,
                      "Plan Width": 4,
                      "Actual Startup Time": 0.006,
                      "Actual Total Time": 0.006,
                      "Actual Rows": 1,
                      "Actual Loops": 13724,
                      "Index Cond": "(id = mi_idx.movie_id)",
                      "Rows Removed by Index Recheck": 0,
                      "Heap Fetches": 13724
                    }
                  ]
                }
              ]
            }
          ]
        }
      ]
    },
    "Planning Time": 1.314,
    "Triggers": [],
    "Execution Time": 80.424
  }
]