{
  "Plan": {
    "Node Type": "Aggregate",
    "Strategy": "Plain",
    "Partial Mode": "Finalize",
    "Parallel Aware": false,
    "Startup Cost": 91454.8,
    "Total Cost": 91454.81,
    "Plan Rows": 1,
    "Plan Width": 8,
    "Actual Startup Time": 336.691,
    "Actual Total Time": 352.903,
    "Actual Rows": 1,
    "Actual Loops": 1,
    "Plans": [
      {
        "Node Type": "Gather",
        "Parent Relationship": "Outer",
        "Parallel Aware": false,
        "Startup Cost": 91454.69,
        "Total Cost": 91454.8,
        "Plan Rows": 1,
        "Plan Width": 8,
        "Actual Startup Time": 335.478,
        "Actual Total Time": 352.891,
        "Actual Rows": 2,
        "Actual Loops": 1,
        "Workers Planned": 1,
        "Workers Launched": 1,
        "Single Copy": false,
        "Plans": [
          {
            "Node Type": "Aggregate",
            "Strategy": "Plain",
            "Partial Mode": "Partial",
            "Parent Relationship": "Outer",
            "Parallel Aware": false,
            "Startup Cost": 90454.69,
            "Total Cost": 90454.7,
            "Plan Rows": 1,
            "Plan Width": 8,
            "Actual Startup Time": 329.406,
            "Actual Total Time": 329.42,
            "Actual Rows": 1,
            "Actual Loops": 2,
            "Plans": [
              {
                "Node Type": "Hash Join",
                "Parent Relationship": "Outer",
                "Parallel Aware": true,
                "Join Type": "Inner",
                "Startup Cost": 64324.26,
                "Total Cost": 90424.08,
                "Plan Rows": 12244,
                "Plan Width": 0,
                "Actual Startup Time": 249.152,
                "Actual Total Time": 327.258,
                "Actual Rows": 41767,
                "Actual Loops": 2,
                "Inner Unique": true,
                "Hash Cond": "(mk.movie_id = t.id)",
                "Plans": [
                  {
                    "Node Type": "Bitmap Heap Scan",
                    "Parent Relationship": "Outer",
                    "Parallel Aware": true,
                    "Relation Name": "movie_keyword",
                    "Alias": "mk",
                    "Startup Cost": 3926.06,
                    "Total Cost": 29740.23,
                    "Plan Rows": 108814,
                    "Plan Width": 4,
                    "Actual Startup Time": 17.504,
                    "Actual Total Time": 70.704,
                    "Actual Rows": 93412,
                    "Actual Loops": 2,
                    "Recheck Cond": "(keyword_id > 71441)",
                    "Rows Removed by Index Recheck": 0,
                    "Exact Heap Blocks": 10641,
                    "Lossy Heap Blocks": 0,
                    "Plans": [
                      {
                        "Node Type": "Bitmap Index Scan",
                        "Parent Relationship": "Outer",
                        "Parallel Aware": false,
                        "Index Name": "keyword_id_movie_keyword",
                        "Startup Cost": 0.0,
                        "Total Cost": 3879.81,
                        "Plan Rows": 184984,
                        "Plan Width": 0,
                        "Actual Startup Time": 14.37,
                        "Actual Total Time": 14.371,
                        "Actual Rows": 186824,
                        "Actual Loops": 1,
                        "Index Cond": "(keyword_id > 71441)"
                      }
                    ]
                  },
                  {
                    "Node Type": "Hash",
                    "Parent Relationship": "Inner",
                    "Parallel Aware": true,
                    "Startup Cost": 58306.47,
                    "Total Cost": 58306.47,
                    "Plan Rows": 167339,
                    "Plan Width": 4,
                    "Actual Startup Time": 225.796,
                    "Actual Total Time": 225.797,
                    "Actual Rows": 200746,
                    "Actual Loops": 2,
                    "Hash Buckets": 524288,
                    "Original Hash Buckets": 524288,
                    "Hash Batches": 1,
                    "Original Hash Batches": 1,
                    "Peak Memory Usage": 19840,
                    "Plans": [
                      {
                        "Node Type": "Seq Scan",
                        "Parent Relationship": "Outer",
                        "Parallel Aware": true,
                        "Relation Name": "title",
                        "Alias": "t",
                        "Startup Cost": 0.0,
                        "Total Cost": 58306.47,
                        "Plan Rows": 167339,
                        "Plan Width": 4,
                        "Actual Startup Time": 0.051,
                        "Actual Total Time": 165.278,
                        "Actual Rows": 200746,
                        "Actual Loops": 2,
                        "Filter": "((kind_id < 7) AND (production_year < 1992))",
                        "Rows Removed by Filter": 1063410
                      }
                    ]
                  }
                ]
              }
            ]
          }
        ]
      }
    ]
  },
  "Planning Time": 0.487,
  "Triggers": [],
  "Execution Time": 353.019
}