[
    {
        "Bao": {
            "Bao prediction": "NaN",
            "Bao recommended hint": "(no hint)"
        }
    },
    {
        "Plan": {
            "Node Type": "Aggregate",
            "Strategy": "Plain",
            "Partial Mode": "Finalize",
            "Parallel Aware": false,
            "Startup Cost": 248223.54,
            "Total Cost": 248223.55,
            "Plan Rows": 1,
            "Plan Width": 8,
            "Actual Startup Time": 493.301,
            "Actual Total Time": 516.955,
            "Actual Rows": 1,
            "Actual Loops": 1,
            "Output": [
                "count(*)"
            ],
            "Plans": [
                {
                    "Node Type": "Gather",
                    "Parent Relationship": "Outer",
                    "Parallel Aware": false,
                    "Startup Cost": 248223.02,
                    "Total Cost": 248223.53,
                    "Plan Rows": 5,
                    "Plan Width": 8,
                    "Actual Startup Time": 491.39,
                    "Actual Total Time": 516.945,
                    "Actual Rows": 6,
                    "Actual Loops": 1,
                    "Output": [
                        "(PARTIAL count(*))"
                    ],
                    "Workers Planned": 5,
                    "Workers Launched": 5,
                    "Single Copy": false,
                    "Plans": [
                        {
                            "Node Type": "Aggregate",
                            "Strategy": "Plain",
                            "Partial Mode": "Partial",
                            "Parent Relationship": "Outer",
                            "Parallel Aware": false,
                            "Startup Cost": 247223.02,
                            "Total Cost": 247223.03,
                            "Plan Rows": 1,
                            "Plan Width": 8,
                            "Actual Startup Time": 481.619,
                            "Actual Total Time": 481.622,
                            "Actual Rows": 1,
                            "Actual Loops": 6,
                            "Output": [
                                "PARTIAL count(*)"
                            ],
                            "Workers": [
                                {
                                    "Worker Number": 0,
                                    "Actual Startup Time": 479.114,
                                    "Actual Total Time": 479.117,
                                    "Actual Rows": 1,
                                    "Actual Loops": 1
                                },
                                {
                                    "Worker Number": 1,
                                    "Actual Startup Time": 479.429,
                                    "Actual Total Time": 479.432,
                                    "Actual Rows": 1,
                                    "Actual Loops": 1
                                },
                                {
                                    "Worker Number": 2,
                                    "Actual Startup Time": 479.535,
                                    "Actual Total Time": 479.537,
                                    "Actual Rows": 1,
                                    "Actual Loops": 1
                                },
                                {
                                    "Worker Number": 3,
                                    "Actual Startup Time": 480.128,
                                    "Actual Total Time": 480.131,
                                    "Actual Rows": 1,
                                    "Actual Loops": 1
                                },
                                {
                                    "Worker Number": 4,
                                    "Actual Startup Time": 480.758,
                                    "Actual Total Time": 480.761,
                                    "Actual Rows": 1,
                                    "Actual Loops": 1
                                }
                            ],
                            "Plans": [
                                {
                                    "Node Type": "Hash Join",
                                    "Parent Relationship": "Outer",
                                    "Parallel Aware": true,
                                    "Join Type": "Inner",
                                    "Startup Cost": 46963.1,
                                    "Total Cost": 247013.76,
                                    "Plan Rows": 83704,
                                    "Plan Width": 0,
                                    "Actual Startup Time": 140.947,
                                    "Actual Total Time": 471.949,
                                    "Actual Rows": 204214,
                                    "Actual Loops": 6,
                                    "Inner Unique": true,
                                    "Hash Cond": "(mi.movie_id = t.id)",
                                    "Workers": [
                                        {
                                            "Worker Number": 0,
                                            "Actual Startup Time": 138.53,
                                            "Actual Total Time": 469.806,
                                            "Actual Rows": 203645,
                                            "Actual Loops": 1
                                        },
                                        {
                                            "Worker Number": 1,
                                            "Actual Startup Time": 138.862,
                                            "Actual Total Time": 470.003,
                                            "Actual Rows": 210165,
                                            "Actual Loops": 1
                                        },
                                        {
                                            "Worker Number": 2,
                                            "Actual Startup Time": 138.943,
                                            "Actual Total Time": 470.244,
                                            "Actual Rows": 201569,
                                            "Actual Loops": 1
                                        },
                                        {
                                            "Worker Number": 3,
                                            "Actual Startup Time": 139.529,
                                            "Actual Total Time": 470.646,
                                            "Actual Rows": 212341,
                                            "Actual Loops": 1
                                        },
                                        {
                                            "Worker Number": 4,
                                            "Actual Startup Time": 139.636,
                                            "Actual Total Time": 470.559,
                                            "Actual Rows": 138315,
                                            "Actual Loops": 1
                                        }
                                    ],
                                    "Plans": [
                                        {
                                            "Node Type": "Seq Scan",
                                            "Parent Relationship": "Outer",
                                            "Parallel Aware": true,
                                            "Relation Name": "movie_info",
                                            "Schema": "public",
                                            "Alias": "mi",
                                            "Startup Cost": 0.0,
                                            "Total Cost": 198880.74,
                                            "Plan Rows": 445687,
                                            "Plan Width": 4,
                                            "Actual Startup Time": 14.753,
                                            "Actual Total Time": 281.455,
                                            "Actual Rows": 372308,
                                            "Actual Loops": 6,
                                            "Output": [
                                                "mi.id",
                                                "mi.movie_id",
                                                "mi.info_type_id",
                                                "mi.info",
                                                "mi.note"
                                            ],
                                            "Filter": "(mi.info_type_id > 16)",
                                            "Rows Removed by Filter": 2100312,
                                            "Workers": [
                                                {
                                                    "Worker Number": 0,
                                                    "Actual Startup Time": 14.753,
                                                    "Actual Total Time": 281.816,
                                                    "Actual Rows": 366248,
                                                    "Actual Loops": 1
                                                },
                                                {
                                                    "Worker Number": 1,
                                                    "Actual Startup Time": 14.766,
                                                    "Actual Total Time": 285.846,
                                                    "Actual Rows": 380393,
                                                    "Actual Loops": 1
                                                },
                                                {
                                                    "Worker Number": 2,
                                                    "Actual Startup Time": 14.731,
                                                    "Actual Total Time": 281.786,
                                                    "Actual Rows": 363543,
                                                    "Actual Loops": 1
                                                },
                                                {
                                                    "Worker Number": 3,
                                                    "Actual Startup Time": 14.748,
                                                    "Actual Total Time": 285.8,
                                                    "Actual Rows": 383566,
                                                    "Actual Loops": 1
                                                },
                                                {
                                                    "Worker Number": 4,
                                                    "Actual Startup Time": 14.751,
                                                    "Actual Total Time": 284.604,
                                                    "Actual Rows": 251472,
                                                    "Actual Loops": 1
                                                }
                                            ]
                                        },
                                        {
                                            "Node Type": "Hash",
                                            "Parent Relationship": "Inner",
                                            "Parallel Aware": true,
                                            "Startup Cost": 45479.21,
                                            "Total Cost": 45479.21,
                                            "Plan Rows": 118711,
                                            "Plan Width": 4,
                                            "Actual Startup Time": 109.889,
                                            "Actual Total Time": 109.89,
                                            "Actual Rows": 82671,
                                            "Actual Loops": 6,
                                            "Output": [
                                                "t.id"
                                            ],
                                            "Hash Buckets": 524288,
                                            "Original Hash Buckets": 524288,
                                            "Hash Batches": 1,
                                            "Original Hash Batches": 1,
                                            "Peak Memory Usage": 23616,
                                            "Workers": [
                                                {
                                                    "Worker Number": 0,
                                                    "Actual Startup Time": 108.937,
                                                    "Actual Total Time": 108.938,
                                                    "Actual Rows": 84579,
                                                    "Actual Loops": 1
                                                },
                                                {
                                                    "Worker Number": 1,
                                                    "Actual Startup Time": 109.286,
                                                    "Actual Total Time": 109.287,
                                                    "Actual Rows": 83290,
                                                    "Actual Loops": 1
                                                },
                                                {
                                                    "Worker Number": 2,
                                                    "Actual Startup Time": 109.323,
                                                    "Actual Total Time": 109.324,
                                                    "Actual Rows": 81990,
                                                    "Actual Loops": 1
                                                },
                                                {
                                                    "Worker Number": 3,
                                                    "Actual Startup Time": 110.015,
                                                    "Actual Total Time": 110.016,
                                                    "Actual Rows": 85341,
                                                    "Actual Loops": 1
                                                },
                                                {
                                                    "Worker Number": 4,
                                                    "Actual Startup Time": 110.103,
                                                    "Actual Total Time": 110.104,
                                                    "Actual Rows": 58179,
                                                    "Actual Loops": 1
                                                }
                                            ],
                                            "Plans": [
                                                {
                                                    "Node Type": "Seq Scan",
                                                    "Parent Relationship": "Outer",
                                                    "Parallel Aware": true,
                                                    "Relation Name": "title",
                                                    "Schema": "public",
                                                    "Alias": "t",
                                                    "Startup Cost": 0.0,
                                                    "Total Cost": 45479.21,
                                                    "Plan Rows": 118711,
                                                    "Plan Width": 4,
                                                    "Actual Startup Time": 50.463,
                                                    "Actual Total Time": 81.632,
                                                    "Actual Rows": 82671,
                                                    "Actual Loops": 6,
                                                    "Output": [
                                                        "t.id"
                                                    ],
                                                    "Filter": "((t.production_year < 2009) AND (t.kind_id = 1))",
                                                    "Rows Removed by Filter": 338714,
                                                    "Workers": [
                                                        {
                                                            "Worker Number": 0,
                                                            "Actual Startup Time": 49.49,
                                                            "Actual Total Time": 80.767,
                                                            "Actual Rows": 84579,
                                                            "Actual Loops": 1
                                                        },
                                                        {
                                                            "Worker Number": 1,
                                                            "Actual Startup Time": 49.868,
                                                            "Actual Total Time": 81.213,
                                                            "Actual Rows": 83290,
                                                            "Actual Loops": 1
                                                        },
                                                        {
                                                            "Worker Number": 2,
                                                            "Actual Startup Time": 49.82,
                                                            "Actual Total Time": 81.371,
                                                            "Actual Rows": 81990,
                                                            "Actual Loops": 1
                                                        },
                                                        {
                                                            "Worker Number": 3,
                                                            "Actual Startup Time": 50.727,
                                                            "Actual Total Time": 82.313,
                                                            "Actual Rows": 85341,
                                                            "Actual Loops": 1
                                                        },
                                                        {
                                                            "Worker Number": 4,
                                                            "Actual Startup Time": 50.606,
                                                            "Actual Total Time": 83.392,
                                                            "Actual Rows": 58179,
                                                            "Actual Loops": 1
                                                        }
                                                    ]
                                                }
                                            ]
                                        }
                                    ]
                                }
                            ]
                        }
                    ]
                }
            ]
        },
        "Planning Time": 178.751,
        "Triggers": [],
        "Execution Time": 517.053
    }
]