[
  {
    "Plan": {
      "Node Type": "Aggregate",
      "Strategy": "Plain",
      "Partial Mode": "Finalize",
      "Parallel Aware": false,
      "Startup Cost": 606728.74,
      "Total Cost": 606728.75,
      "Plan Rows": 1,
      "Plan Width": 8,
      "Actual Startup Time": 2159.812,
      "Actual Total Time": 2230.538,
      "Actual Rows": 1,
      "Actual Loops": 1,
      "Plans": [
        {
          "Node Type": "Gather",
          "Parent Relationship": "Outer",
          "Parallel Aware": false,
          "Startup Cost": 606728.12,
          "Total Cost": 606728.73,
          "Plan Rows": 6,
          "Plan Width": 8,
          "Actual Startup Time": 2135.363,
          "Actual Total Time": 2230.517,
          "Actual Rows": 7,
          "Actual Loops": 1,
          "Workers Planned": 6,
          "Workers Launched": 6,
          "Single Copy": false,
          "Plans": [
            {
              "Node Type": "Aggregate",
              "Strategy": "Plain",
              "Partial Mode": "Partial",
              "Parent Relationship": "Outer",
              "Parallel Aware": false,
              "Startup Cost": 605728.12,
              "Total Cost": 605728.13,
              "Plan Rows": 1,
              "Plan Width": 8,
              "Actual Startup Time": 2119.0,
              "Actual Total Time": 2119.102,
              "Actual Rows": 1,
              "Actual Loops": 7,
              "Plans": [
                {
                  "Node Type": "Hash Join",
                  "Parent Relationship": "Outer",
                  "Parallel Aware": true,
                  "Join Type": "Inner",
                  "Startup Cost": 243707.86,
                  "Total Cost": 601982.37,
                  "Plan Rows": 1498297,
                  "Plan Width": 0,
                  "Actual Startup Time": 693.593,
                  "Actual Total Time": 2049.996,
                  "Actual Rows": 1431026,
                  "Actual Loops": 7,
                  "Inner Unique": false,
                  "Hash Cond": "(ci.movie_id = t.id)",
                  "Plans": [
                    {
                      "Node Type": "Seq Scan",
                      "Parent Relationship": "Outer",
                      "Parallel Aware": true,
                      "Relation Name": "cast_info",
                      "Alias": "ci",
                      "Startup Cost": 0.0,
                      "Total Cost": 343316.27,
                      "Plan Rows": 3189772,
                      "Plan Width": 4,
                      "Actual Startup Time": 130.243,
                      "Actual Total Time": 721.106,
                      "Actual Rows": 2547455,
                      "Actual Loops": 7,
                      "Filter": "((person_id > 1021089) AND (role_id < 5))",
                      "Rows Removed by Filter": 2630309
                    },
                    {
                      "Node Type": "Hash",
                      "Parent Relationship": "Inner",
                      "Parallel Aware": true,
                      "Startup Cost": 240738.73,
                      "Total Cost": 240738.73,
                      "Plan Rows": 237530,
                      "Plan Width": 8,
                      "Actual Startup Time": 558.563,
                      "Actual Total Time": 558.662,
                      "Actual Rows": 163067,
                      "Actual Loops": 7,
                      "Hash Buckets": 2097152,
                      "Original Hash Buckets": 2097152,
                      "Hash Batches": 1,
                      "Original Hash Batches": 1,
                      "Peak Memory Usage": 61120,
                      "Plans": [
                        {
                          "Node Type": "Hash Join",
                          "Parent Relationship": "Outer",
                          "Parallel Aware": true,
                          "Join Type": "Inner",
                          "Startup Cost": 74774.24,
                          "Total Cost": 240738.73,
                          "Plan Rows": 237530,
                          "Plan Width": 8,
                          "Actual Startup Time": 346.68,
                          "Actual Total Time": 472.272,
                          "Actual Rows": 163067,
                          "Actual Loops": 7,
                          "Inner Unique": true,
                          "Hash Cond": "(mi.movie_id = t.id)",
                          "Plans": [
                            {
                              "Node Type": "Bitmap Heap Scan",
                              "Parent Relationship": "Outer",
                              "Parallel Aware": true,
                              "Relation Name": "movie_info",
                              "Alias": "mi",
                              "Startup Cost": 23727.33,
                              "Total Cost": 189002.56,
                              "Plan Rows": 262578,
                              "Plan Width": 4,
                              "Actual Startup Time": 70.084,
                              "Actual Total Time": 98.671,
                              "Actual Rows": 189337,
                              "Actual Loops": 7,
                              "Recheck Cond": "(info_type_id = 8)",
                              "Rows Removed by Index Recheck": 0,
                              "Exact Heap Blocks": 935,
                              "Lossy Heap Blocks": 0,
                              "Plans": [
                                {
                                  "Node Type": "Bitmap Index Scan",
                                  "Parent Relationship": "Outer",
                                  "Parallel Aware": false,
                                  "Index Name": "info_type_id_movie_info",
                                  "Startup Cost": 0.0,
                                  "Total Cost": 23399.11,
                                  "Plan Rows": 1312890,
                                  "Plan Width": 0,
                                  "Actual Startup Time": 67.868,
                                  "Actual Total Time": 67.869,
                                  "Actual Rows": 1325361,
                                  "Actual Loops": 1,
                                  "Index Cond": "(info_type_id = 8)"
                                }
                              ]
                            },
                            {
                              "Node Type": "Hash",
                              "Parent Relationship": "Inner",
                              "Parallel Aware": true,
                              "Startup Cost": 43899.32,
                              "Total Cost": 43899.32,
                              "Plan Rows": 571807,
                              "Plan Width": 4,
                              "Actual Startup Time": 271.146,
                              "Actual Total Time": 271.147,
                              "Actual Rows": 325037,
                              "Actual Loops": 7,
                              "Hash Buckets": 4194304,
                              "Original Hash Buckets": 4194304,
                              "Hash Batches": 1,
                              "Original Hash Batches": 1,
                              "Peak Memory Usage": 121920,
                              "Plans": [
                                {
                                  "Node Type": "Seq Scan",
                                  "Parent Relationship": "Outer",
                                  "Parallel Aware": true,
                                  "Relation Name": "title",
                                  "Alias": "t",
                                  "Startup Cost": 0.0,
                                  "Total Cost": 43899.32,
                                  "Plan Rows": 571807,
                                  "Plan Width": 4,
                                  "Actual Startup Time": 0.048,
                                  "Actual Total Time": 89.443,
                                  "Actual Rows": 325037,
                                  "Actual Loops": 7,
                                  "Filter": "(production_year > 1952)",
                                  "Rows Removed by Filter": 36150
                                }
                              ]
                            }
                          ]
                        }
                      ]
                    }
                  ]
                }
              ]
            }
          ]
        }
      ]
    },
    "Planning Time": 1.297,
    "Triggers": [],
    "Execution Time": 2230.666
  }
]