{
    "Plan": {
        "Node Type": "Aggregate",
        "Strategy": "Plain",
        "Partial Mode": "Finalize",
        "Parallel Aware": false,
        "Startup Cost": 9900.17,
        "Total Cost": 9900.18,
        "Plan Rows": 1,
        "Plan Width": 64,
        "Actual Startup Time": 1009.526,
        "Actual Total Time": 1106.833,
        "Actual Rows": 1,
        "Actual Loops": 1,
        "Plans": [
            {
                "Node Type": "Gather",
                "Parent Relationship": "Outer",
                "Parallel Aware": false,
                "Startup Cost": 9900.06,
                "Total Cost": 9900.17,
                "Plan Rows": 1,
                "Plan Width": 64,
                "Actual Startup Time": 1009.269,
                "Actual Total Time": 1106.821,
                "Actual Rows": 2,
                "Actual Loops": 1,
                "Workers Planned": 1,
                "Workers Launched": 1,
                "Single Copy": false,
                "Plans": [
                    {
                        "Node Type": "Aggregate",
                        "Strategy": "Plain",
                        "Partial Mode": "Partial",
                        "Parent Relationship": "Outer",
                        "Parallel Aware": false,
                        "Startup Cost": 8900.06,
                        "Total Cost": 8900.07,
                        "Plan Rows": 1,
                        "Plan Width": 64,
                        "Actual Startup Time": 1001.364,
                        "Actual Total Time": 1001.373,
                        "Actual Rows": 1,
                        "Actual Loops": 2,
                        "Plans": [
                            {
                                "Node Type": "Nested Loop",
                                "Parent Relationship": "Outer",
                                "Parallel Aware": false,
                                "Join Type": "Inner",
                                "Startup Cost": 3781.26,
                                "Total Cost": 8900.03,
                                "Plan Rows": 5,
                                "Plan Width": 33,
                                "Actual Startup Time": 299.475,
                                "Actual Total Time": 985.221,
                                "Actual Rows": 124728,
                                "Actual Loops": 2,
                                "Inner Unique": false,
                                "Join Filter": "(n.id = an.person_id)",
                                "Rows Removed by Join Filter": 0,
                                "Plans": [
                                    {
                                        "Node Type": "Nested Loop",
                                        "Parent Relationship": "Outer",
                                        "Parallel Aware": false,
                                        "Join Type": "Inner",
                                        "Startup Cost": 3780.84,
                                        "Total Cost": 8887.87,
                                        "Plan Rows": 25,
                                        "Plan Width": 25,
                                        "Actual Startup Time": 299.433,
                                        "Actual Total Time": 743.872,
                                        "Actual Rows": 84636,
                                        "Actual Loops": 2,
                                        "Inner Unique": true,
                                        "Plans": [
                                            {
                                                "Node Type": "Nested Loop",
                                                "Parent Relationship": "Outer",
                                                "Parallel Aware": false,
                                                "Join Type": "Inner",
                                                "Startup Cost": 3780.41,
                                                "Total Cost": 8876.5,
                                                "Plan Rows": 25,
                                                "Plan Width": 21,
                                                "Actual Startup Time": 299.393,
                                                "Actual Total Time": 457.315,
                                                "Actual Rows": 84636,
                                                "Actual Loops": 2,
                                                "Inner Unique": false,
                                                "Join Filter": "(t.id = ci.movie_id)",
                                                "Rows Removed by Join Filter": 0,
                                                "Plans": [
                                                    {
                                                        "Node Type": "Hash Join",
                                                        "Parent Relationship": "Outer",
                                                        "Parallel Aware": false,
                                                        "Join Type": "Inner",
                                                        "Startup Cost": 3779.84,
                                                        "Total Cost": 8872.52,
                                                        "Plan Rows": 2,
                                                        "Plan Width": 29,
                                                        "Actual Startup Time": 299.358,
                                                        "Actual Total Time": 321.713,
                                                        "Actual Rows": 3383,
                                                        "Actual Loops": 2,
                                                        "Inner Unique": false,
                                                        "Hash Cond": "(cn.id = mc.company_id)",
                                                        "Plans": [
                                                            {
                                                                "Node Type": "Seq Scan",
                                                                "Parent Relationship": "Outer",
                                                                "Parallel Aware": true,
                                                                "Relation Name": "company_name",
                                                                "Alias": "cn",
                                                                "Startup Cost": 0.0,
                                                                "Total Cost": 4722.92,
                                                                "Plan Rows": 49299,
                                                                "Plan Width": 4,
                                                                "Actual Startup Time": 0.024,
                                                                "Actual Total Time": 15.418,
                                                                "Actual Rows": 42422,
                                                                "Actual Loops": 2,
                                                                "Filter": "((country_code)::text = '[us]'::text)",
                                                                "Rows Removed by Filter": 75077
                                                            },
                                                            {
                                                                "Node Type": "Hash",
                                                                "Parent Relationship": "Inner",
                                                                "Parallel Aware": false,
                                                                "Startup Cost": 3779.73,
                                                                "Total Cost": 3779.73,
                                                                "Plan Rows": 9,
                                                                "Plan Width": 33,
                                                                "Actual Startup Time": 299.057,
                                                                "Actual Total Time": 299.063,
                                                                "Actual Rows": 8661,
                                                                "Actual Loops": 2,
                                                                "Hash Buckets": 16384,
                                                                "Original Hash Buckets": 1024,
                                                                "Hash Batches": 1,
                                                                "Original Hash Batches": 1,
                                                                "Peak Memory Usage": 746,
                                                                "Plans": [
                                                                    {
                                                                        "Node Type": "Nested Loop",
                                                                        "Parent Relationship": "Outer",
                                                                        "Parallel Aware": false,
                                                                        "Join Type": "Inner",
                                                                        "Startup Cost": 7.66,
                                                                        "Total Cost": 3779.73,
                                                                        "Plan Rows": 9,
                                                                        "Plan Width": 33,
                                                                        "Actual Startup Time": 12.868,
                                                                        "Actual Total Time": 294.642,
                                                                        "Actual Rows": 8661,
                                                                        "Actual Loops": 2,
                                                                        "Inner Unique": false,
                                                                        "Join Filter": "(t.id = mc.movie_id)",
                                                                        "Rows Removed by Join Filter": 0,
                                                                        "Plans": [
                                                                            {
                                                                                "Node Type": "Nested Loop",
                                                                                "Parent Relationship": "Outer",
                                                                                "Parallel Aware": false,
                                                                                "Join Type": "Inner",
                                                                                "Startup Cost": 7.23,
                                                                                "Total Cost": 3774.3,
                                                                                "Plan Rows": 9,
                                                                                "Plan Width": 25,
                                                                                "Actual Startup Time": 12.651,
                                                                                "Actual Total Time": 267.234,
                                                                                "Actual Rows": 5385,
                                                                                "Actual Loops": 2,
                                                                                "Inner Unique": true,
                                                                                "Plans": [
                                                                                    {
                                                                                        "Node Type": "Nested Loop",
                                                                                        "Parent Relationship": "Outer",
                                                                                        "Parallel Aware": false,
                                                                                        "Join Type": "Inner",
                                                                                        "Startup Cost": 6.8,
                                                                                        "Total Cost": 3757.63,
                                                                                        "Plan Rows": 34,
                                                                                        "Plan Width": 4,
                                                                                        "Actual Startup Time": 12.576,
                                                                                        "Actual Total Time": 66.026,
                                                                                        "Actual Rows": 41840,
                                                                                        "Actual Loops": 2,
                                                                                        "Inner Unique": false,
                                                                                        "Plans": [
                                                                                            {
                                                                                                "Node Type": "Seq Scan",
                                                                                                "Parent Relationship": "Outer",
                                                                                                "Parallel Aware": false,
                                                                                                "Relation Name": "keyword",
                                                                                                "Alias": "k",
                                                                                                "Startup Cost": 0.0,
                                                                                                "Total Cost": 2626.12,
                                                                                                "Plan Rows": 1,
                                                                                                "Plan Width": 4,
                                                                                                "Actual Startup Time": 1.494,
                                                                                                "Actual Total Time": 12.512,
                                                                                                "Actual Rows": 1,
                                                                                                "Actual Loops": 2,
                                                                                                "Filter": "(keyword = 'character-name-in-title'::text)",
                                                                                                "Rows Removed by Filter": 134169
                                                                                            },
                                                                                            {
                                                                                                "Node Type": "Bitmap Heap Scan",
                                                                                                "Parent Relationship": "Inner",
                                                                                                "Parallel Aware": false,
                                                                                                "Relation Name": "movie_keyword",
                                                                                                "Alias": "mk",
                                                                                                "Startup Cost": 6.8,
                                                                                                "Total Cost": 1128.44,
                                                                                                "Plan Rows": 306,
                                                                                                "Plan Width": 8,
                                                                                                "Actual Startup Time": 11.065,
                                                                                                "Actual Total Time": 47.612,
                                                                                                "Actual Rows": 41840,
                                                                                                "Actual Loops": 2,
                                                                                                "Recheck Cond": "(keyword_id = k.id)",
                                                                                                "Rows Removed by Index Recheck": 0,
                                                                                                "Exact Heap Blocks": 11541,
                                                                                                "Lossy Heap Blocks": 0,
                                                                                                "Plans": [
                                                                                                    {
                                                                                                        "Node Type": "Bitmap Index Scan",
                                                                                                        "Parent Relationship": "Outer",
                                                                                                        "Parallel Aware": false,
                                                                                                        "Index Name": "keyword_id_movie_keyword",
                                                                                                        "Startup Cost": 0.0,
                                                                                                        "Total Cost": 6.73,
                                                                                                        "Plan Rows": 306,
                                                                                                        "Plan Width": 0,
                                                                                                        "Actual Startup Time": 7.453,
                                                                                                        "Actual Total Time": 7.454,
                                                                                                        "Actual Rows": 41840,
                                                                                                        "Actual Loops": 2,
                                                                                                        "Index Cond": "(keyword_id = k.id)"
                                                                                                    }
                                                                                                ]
                                                                                            }
                                                                                        ]
                                                                                    },
                                                                                    {
                                                                                        "Node Type": "Index Scan",
                                                                                        "Parent Relationship": "Inner",
                                                                                        "Parallel Aware": false,
                                                                                        "Scan Direction": "Forward",
                                                                                        "Index Name": "title_pkey",
                                                                                        "Relation Name": "title",
                                                                                        "Alias": "t",
                                                                                        "Startup Cost": 0.43,
                                                                                        "Total Cost": 0.49,
                                                                                        "Plan Rows": 1,
                                                                                        "Plan Width": 21,
                                                                                        "Actual Startup Time": 0.004,
                                                                                        "Actual Total Time": 0.004,
                                                                                        "Actual Rows": 0,
                                                                                        "Actual Loops": 83680,
                                                                                        "Index Cond": "(id = mk.movie_id)",
                                                                                        "Rows Removed by Index Recheck": 0,
                                                                                        "Filter": "((episode_nr >= 5) AND (episode_nr < 100))",
                                                                                        "Rows Removed by Filter": 1
                                                                                    }
                                                                                ]
                                                                            },
                                                                            {
                                                                                "Node Type": "Index Scan",
                                                                                "Parent Relationship": "Inner",
                                                                                "Parallel Aware": false,
                                                                                "Scan Direction": "Forward",
                                                                                "Index Name": "movie_id_movie_companies",
                                                                                "Relation Name": "movie_companies",
                                                                                "Alias": "mc",
                                                                                "Startup Cost": 0.43,
                                                                                "Total Cost": 0.54,
                                                                                "Plan Rows": 5,
                                                                                "Plan Width": 8,
                                                                                "Actual Startup Time": 0.003,
                                                                                "Actual Total Time": 0.004,
                                                                                "Actual Rows": 2,
                                                                                "Actual Loops": 10770,
                                                                                "Index Cond": "(movie_id = mk.movie_id)",
                                                                                "Rows Removed by Index Recheck": 0
                                                                            }
                                                                        ]
                                                                    }
                                                                ]
                                                            }
                                                        ]
                                                    },
                                                    {
                                                        "Node Type": "Index Scan",
                                                        "Parent Relationship": "Inner",
                                                        "Parallel Aware": false,
                                                        "Scan Direction": "Forward",
                                                        "Index Name": "movie_id_cast_info",
                                                        "Relation Name": "cast_info",
                                                        "Alias": "ci",
                                                        "Startup Cost": 0.56,
                                                        "Total Cost": 1.52,
                                                        "Plan Rows": 37,
                                                        "Plan Width": 8,
                                                        "Actual Startup Time": 0.005,
                                                        "Actual Total Time": 0.036,
                                                        "Actual Rows": 25,
                                                        "Actual Loops": 6766,
                                                        "Index Cond": "(movie_id = mk.movie_id)",
                                                        "Rows Removed by Index Recheck": 0
                                                    }
                                                ]
                                            },
                                            {
                                                "Node Type": "Index Only Scan",
                                                "Parent Relationship": "Inner",
                                                "Parallel Aware": false,
                                                "Scan Direction": "Forward",
                                                "Index Name": "name_pkey",
                                                "Relation Name": "name",
                                                "Alias": "n",
                                                "Startup Cost": 0.43,
                                                "Total Cost": 0.45,
                                                "Plan Rows": 1,
                                                "Plan Width": 4,
                                                "Actual Startup Time": 0.003,
                                                "Actual Total Time": 0.003,
                                                "Actual Rows": 1,
                                                "Actual Loops": 169273,
                                                "Index Cond": "(id = ci.person_id)",
                                                "Rows Removed by Index Recheck": 0,
                                                "Heap Fetches": 169273
                                            }
                                        ]
                                    },
                                    {
                                        "Node Type": "Index Scan",
                                        "Parent Relationship": "Inner",
                                        "Parallel Aware": false,
                                        "Scan Direction": "Forward",
                                        "Index Name": "person_id_aka_name",
                                        "Relation Name": "aka_name",
                                        "Alias": "an",
                                        "Startup Cost": 0.42,
                                        "Total Cost": 0.46,
                                        "Plan Rows": 2,
                                        "Plan Width": 20,
                                        "Actual Startup Time": 0.002,
                                        "Actual Total Time": 0.002,
                                        "Actual Rows": 1,
                                        "Actual Loops": 169273,
                                        "Index Cond": "(person_id = ci.person_id)",
                                        "Rows Removed by Index Recheck": 0
                                    }
                                ]
                            }
                        ]
                    }
                ]
            }
        ]
    },
    "Planning Time": 2.566,
    "Triggers": [],
    "Execution Time": 1107.075
}