[
  {
    "Plan": {
      "Node Type": "Aggregate",
      "Strategy": "Plain",
      "Partial Mode": "Finalize",
      "Parallel Aware": false,
      "Startup Cost": 349918.83,
      "Total Cost": 349918.84,
      "Plan Rows": 1,
      "Plan Width": 8,
      "Actual Startup Time": 750.2,
      "Actual Total Time": 805.157,
      "Actual Rows": 1,
      "Actual Loops": 1,
      "Plans": [
        {
          "Node Type": "Gather",
          "Parent Relationship": "Outer",
          "Parallel Aware": false,
          "Startup Cost": 349918.2,
          "Total Cost": 349918.81,
          "Plan Rows": 6,
          "Plan Width": 8,
          "Actual Startup Time": 750.057,
          "Actual Total Time": 805.145,
          "Actual Rows": 7,
          "Actual Loops": 1,
          "Workers Planned": 6,
          "Workers Launched": 6,
          "Single Copy": false,
          "Plans": [
            {
              "Node Type": "Aggregate",
              "Strategy": "Plain",
              "Partial Mode": "Partial",
              "Parent Relationship": "Outer",
              "Parallel Aware": false,
              "Startup Cost": 348918.2,
              "Total Cost": 348918.21,
              "Plan Rows": 1,
              "Plan Width": 8,
              "Actual Startup Time": 741.59,
              "Actual Total Time": 741.591,
              "Actual Rows": 1,
              "Actual Loops": 7,
              "Plans": [
                {
                  "Node Type": "Seq Scan",
                  "Parent Relationship": "Outer",
                  "Parallel Aware": true,
                  "Relation Name": "cast_info",
                  "Alias": "ci",
                  "Startup Cost": 0.0,
                  "Total Cost": 343257.03,
                  "Plan Rows": 2264470,
                  "Plan Width": 0,
                  "Actual Startup Time": 0.049,
                  "Actual Total Time": 649.464,
                  "Actual Rows": 2175490,
                  "Actual Loops": 7,
                  "Filter": "((person_id < 1597706) AND (role_id < 9))",
                  "Rows Removed by Filter": 3002273
                }
              ]
            }
          ]
        }
      ]
    },
    "Planning Time": 0.149,
    "Triggers": [],
    "Execution Time": 805.214
  }
]