{
  "Plan": {
    "Node Type": "Aggregate",
    "Strategy": "Plain",
    "Partial Mode": "Finalize",
    "Parallel Aware": false,
    "Startup Cost": 99149.16,
    "Total Cost": 99149.17,
    "Plan Rows": 1,
    "Plan Width": 8,
    "Actual Startup Time": 262.879,
    "Actual Total Time": 284.567,
    "Actual Rows": 1,
    "Actual Loops": 1,
    "Plans": [
      {
        "Node Type": "Gather",
        "Parent Relationship": "Outer",
        "Parallel Aware": false,
        "Startup Cost": 99149.05,
        "Total Cost": 99149.16,
        "Plan Rows": 1,
        "Plan Width": 8,
        "Actual Startup Time": 262.503,
        "Actual Total Time": 284.559,
        "Actual Rows": 2,
        "Actual Loops": 1,
        "Workers Planned": 1,
        "Workers Launched": 1,
        "Single Copy": false,
        "Plans": [
          {
            "Node Type": "Aggregate",
            "Strategy": "Plain",
            "Partial Mode": "Partial",
            "Parent Relationship": "Outer",
            "Parallel Aware": false,
            "Startup Cost": 98149.05,
            "Total Cost": 98149.06,
            "Plan Rows": 1,
            "Plan Width": 8,
            "Actual Startup Time": 256.109,
            "Actual Total Time": 256.114,
            "Actual Rows": 1,
            "Actual Loops": 2,
            "Plans": [
              {
                "Node Type": "Nested Loop",
                "Parent Relationship": "Outer",
                "Parallel Aware": false,
                "Join Type": "Inner",
                "Startup Cost": 20910.28,
                "Total Cost": 98015.11,
                "Plan Rows": 53574,
                "Plan Width": 0,
                "Actual Startup Time": 45.166,
                "Actual Total Time": 255.112,
                "Actual Rows": 12828,
                "Actual Loops": 2,
                "Inner Unique": false,
                "Plans": [
                  {
                    "Node Type": "Hash Join",
                    "Parent Relationship": "Outer",
                    "Parallel Aware": true,
                    "Join Type": "Inner",
                    "Startup Cost": 20909.72,
                    "Total Cost": 81162.9,
                    "Plan Rows": 3739,
                    "Plan Width": 8,
                    "Actual Startup Time": 45.081,
                    "Actual Total Time": 211.793,
                    "Actual Rows": 286,
                    "Actual Loops": 2,
                    "Inner Unique": false,
                    "Hash Cond": "(t.id = mc.movie_id)",
                    "Plans": [
                      {
                        "Node Type": "Seq Scan",
                        "Parent Relationship": "Outer",
                        "Parallel Aware": true,
                        "Relation Name": "title",
                        "Alias": "t",
                        "Startup Cost": 0.0,
                        "Total Cost": 58306.47,
                        "Plan Rows": 307956,
                        "Plan Width": 4,
                        "Actual Startup Time": 0.015,
                        "Actual Total Time": 134.407,
                        "Actual Rows": 220459,
                        "Actual Loops": 2,
                        "Filter": "((kind_id < 7) AND (production_year > 2001))",
                        "Rows Removed by Filter": 1043697
                      },
                      {
                        "Node Type": "Hash",
                        "Parent Relationship": "Inner",
                        "Parallel Aware": true,
                        "Startup Cost": 20684.01,
                        "Total Cost": 20684.01,
                        "Plan Rows": 18057,
                        "Plan Width": 4,
                        "Actual Startup Time": 42.676,
                        "Actual Total Time": 42.678,
                        "Actual Rows": 27748,
                        "Actual Loops": 2,
                        "Hash Buckets": 65536,
                        "Original Hash Buckets": 32768,
                        "Hash Batches": 1,
                        "Original Hash Batches": 1,
                        "Peak Memory Usage": 2944,
                        "Plans": [
                          {
                            "Node Type": "Bitmap Heap Scan",
                            "Parent Relationship": "Outer",
                            "Parallel Aware": true,
                            "Relation Name": "movie_companies",
                            "Alias": "mc",
                            "Startup Cost": 1343.79,
                            "Total Cost": 20684.01,
                            "Plan Rows": 18057,
                            "Plan Width": 4,
                            "Actual Startup Time": 7.903,
                            "Actual Total Time": 30.333,
                            "Actual Rows": 27748,
                            "Actual Loops": 2,
                            "Recheck Cond": "(company_id = 6)",
                            "Rows Removed by Index Recheck": 0,
                            "Filter": "(company_type_id < 2)",
                            "Rows Removed by Filter": 3289,
                            "Exact Heap Blocks": 4080,
                            "Lossy Heap Blocks": 0,
                            "Plans": [
                              {
                                "Node Type": "Bitmap Index Scan",
                                "Parent Relationship": "Outer",
                                "Parallel Aware": false,
                                "Index Name": "company_id_movie_companies",
                                "Startup Cost": 0.0,
                                "Total Cost": 1336.12,
                                "Plan Rows": 62358,
                                "Plan Width": 0,
                                "Actual Startup Time": 11.004,
                                "Actual Total Time": 11.005,
                                "Actual Rows": 62075,
                                "Actual Loops": 1,
                                "Index Cond": "(company_id = 6)"
                              }
                            ]
                          }
                        ]
                      }
                    ]
                  },
                  {
                    "Node Type": "Index Only Scan",
                    "Parent Relationship": "Inner",
                    "Parallel Aware": false,
                    "Scan Direction": "Forward",
                    "Index Name": "movie_id_cast_info",
                    "Relation Name": "cast_info",
                    "Alias": "ci",
                    "Startup Cost": 0.56,
                    "Total Cost": 4.14,
                    "Plan Rows": 37,
                    "Plan Width": 4,
                    "Actual Startup Time": 0.024,
                    "Actual Total Time": 0.146,
                    "Actual Rows": 45,
                    "Actual Loops": 573,
                    "Index Cond": "(movie_id = t.id)",
                    "Rows Removed by Index Recheck": 0,
                    "Heap Fetches": 25655
                  }
                ]
              }
            ]
          }
        ]
      }
    ]
  },
  "Planning Time": 1.001,
  "Triggers": [],
  "Execution Time": 284.673
}