{
  "Plan": {
    "Node Type": "Aggregate",
    "Strategy": "Plain",
    "Partial Mode": "Finalize",
    "Parallel Aware": false,
    "Startup Cost": 323290.1,
    "Total Cost": 323290.11,
    "Plan Rows": 1,
    "Plan Width": 8,
    "Actual Startup Time": 693.67,
    "Actual Total Time": 713.456,
    "Actual Rows": 1,
    "Actual Loops": 1,
    "Plans": [
      {
        "Node Type": "Gather",
        "Parent Relationship": "Outer",
        "Parallel Aware": false,
        "Startup Cost": 323289.99,
        "Total Cost": 323290.1,
        "Plan Rows": 1,
        "Plan Width": 8,
        "Actual Startup Time": 691.743,
        "Actual Total Time": 713.449,
        "Actual Rows": 2,
        "Actual Loops": 1,
        "Workers Planned": 1,
        "Workers Launched": 1,
        "Single Copy": false,
        "Plans": [
          {
            "Node Type": "Aggregate",
            "Strategy": "Plain",
            "Partial Mode": "Partial",
            "Parent Relationship": "Outer",
            "Parallel Aware": false,
            "Startup Cost": 322289.99,
            "Total Cost": 322290.0,
            "Plan Rows": 1,
            "Plan Width": 8,
            "Actual Startup Time": 685.456,
            "Actual Total Time": 685.46,
            "Actual Rows": 1,
            "Actual Loops": 2,
            "Plans": [
              {
                "Node Type": "Nested Loop",
                "Parent Relationship": "Outer",
                "Parallel Aware": false,
                "Join Type": "Inner",
                "Startup Cost": 64507.8,
                "Total Cost": 321512.9,
                "Plan Rows": 310834,
                "Plan Width": 0,
                "Actual Startup Time": 277.391,
                "Actual Total Time": 677.935,
                "Actual Rows": 164417,
                "Actual Loops": 2,
                "Inner Unique": false,
                "Join Filter": "(t.id = mc.movie_id)",
                "Rows Removed by Join Filter": 0,
                "Plans": [
                  {
                    "Node Type": "Hash Join",
                    "Parent Relationship": "Outer",
                    "Parallel Aware": true,
                    "Join Type": "Inner",
                    "Startup Cost": 64507.37,
                    "Total Cost": 124595.97,
                    "Plan Rows": 301204,
                    "Plan Width": 8,
                    "Actual Startup Time": 277.313,
                    "Actual Total Time": 550.365,
                    "Actual Rows": 60424,
                    "Actual Loops": 2,
                    "Inner Unique": true,
                    "Hash Cond": "(mk.movie_id = t.id)",
                    "Plans": [
                      {
                        "Node Type": "Seq Scan",
                        "Parent Relationship": "Outer",
                        "Parallel Aware": true,
                        "Relation Name": "movie_keyword",
                        "Alias": "mk",
                        "Startup Cost": 0.0,
                        "Total Cost": 57718.19,
                        "Plan Rows": 903015,
                        "Plan Width": 4,
                        "Actual Startup Time": 0.015,
                        "Actual Total Time": 166.523,
                        "Actual Rows": 776424,
                        "Actual Loops": 2,
                        "Filter": "(keyword_id < 2294)",
                        "Rows Removed by Filter": 1485540
                      },
                      {
                        "Node Type": "Hash",
                        "Parent Relationship": "Inner",
                        "Parallel Aware": true,
                        "Startup Cost": 58306.47,
                        "Total Cost": 58306.47,
                        "Plan Rows": 496072,
                        "Plan Width": 4,
                        "Actual Startup Time": 268.049,
                        "Actual Total Time": 268.05,
                        "Actual Rows": 460822,
                        "Actual Loops": 2,
                        "Hash Buckets": 1048576,
                        "Original Hash Buckets": 1048576,
                        "Hash Batches": 1,
                        "Original Hash Batches": 1,
                        "Peak Memory Usage": 44288,
                        "Plans": [
                          {
                            "Node Type": "Seq Scan",
                            "Parent Relationship": "Outer",
                            "Parallel Aware": true,
                            "Relation Name": "title",
                            "Alias": "t",
                            "Startup Cost": 0.0,
                            "Total Cost": 58306.47,
                            "Plan Rows": 496072,
                            "Plan Width": 4,
                            "Actual Startup Time": 0.036,
                            "Actual Total Time": 160.001,
                            "Actual Rows": 460822,
                            "Actual Loops": 2,
                            "Filter": "((production_year > 2000) AND (kind_id = 7))",
                            "Rows Removed by Filter": 803334
                          }
                        ]
                      }
                    ]
                  },
                  {
                    "Node Type": "Index Only Scan",
                    "Parent Relationship": "Inner",
                    "Parallel Aware": false,
                    "Scan Direction": "Forward",
                    "Index Name": "movie_id_movie_companies",
                    "Relation Name": "movie_companies",
                    "Alias": "mc",
                    "Startup Cost": 0.43,
                    "Total Cost": 0.59,
                    "Plan Rows": 5,
                    "Plan Width": 4,
                    "Actual Startup Time": 0.001,
                    "Actual Total Time": 0.002,
                    "Actual Rows": 3,
                    "Actual Loops": 120849,
                    "Index Cond": "(movie_id = mk.movie_id)",
                    "Rows Removed by Index Recheck": 0,
                    "Heap Fetches": 328834
                  }
                ]
              }
            ]
          }
        ]
      }
    ]
  },
  "Planning Time": 1.13,
  "Triggers": [],
  "Execution Time": 713.543
}