[
  {
    "Plan": {
      "Node Type": "Aggregate",
      "Strategy": "Plain",
      "Partial Mode": "Finalize",
      "Parallel Aware": false,
      "Startup Cost": 331156.68,
      "Total Cost": 331156.69,
      "Plan Rows": 1,
      "Plan Width": 8,
      "Actual Startup Time": 471.464,
      "Actual Total Time": 483.498,
      "Actual Rows": 1,
      "Actual Loops": 1,
      "Plans": [
        {
          "Node Type": "Gather",
          "Parent Relationship": "Outer",
          "Parallel Aware": false,
          "Startup Cost": 331156.26,
          "Total Cost": 331156.67,
          "Plan Rows": 4,
          "Plan Width": 8,
          "Actual Startup Time": 466.507,
          "Actual Total Time": 483.488,
          "Actual Rows": 5,
          "Actual Loops": 1,
          "Workers Planned": 4,
          "Workers Launched": 4,
          "Single Copy": false,
          "Plans": [
            {
              "Node Type": "Aggregate",
              "Strategy": "Plain",
              "Partial Mode": "Partial",
              "Parent Relationship": "Outer",
              "Parallel Aware": false,
              "Startup Cost": 330156.26,
              "Total Cost": 330156.27,
              "Plan Rows": 1,
              "Plan Width": 8,
              "Actual Startup Time": 456.747,
              "Actual Total Time": 456.915,
              "Actual Rows": 1,
              "Actual Loops": 5,
              "Plans": [
                {
                  "Node Type": "Hash Join",
                  "Parent Relationship": "Outer",
                  "Parallel Aware": true,
                  "Join Type": "Inner",
                  "Startup Cost": 280536.11,
                  "Total Cost": 329896.81,
                  "Plan Rows": 103779,
                  "Plan Width": 0,
                  "Actual Startup Time": 227.164,
                  "Actual Total Time": 448.335,
                  "Actual Rows": 202967,
                  "Actual Loops": 5,
                  "Inner Unique": false,
                  "Hash Cond": "(t.id = ci.movie_id)",
                  "Plans": [
                    {
                      "Node Type": "Seq Scan",
                      "Parent Relationship": "Outer",
                      "Parallel Aware": true,
                      "Relation Name": "title",
                      "Alias": "t",
                      "Startup Cost": 0.0,
                      "Total Cost": 43898.92,
                      "Plan Rows": 528882,
                      "Plan Width": 4,
                      "Actual Startup Time": 0.016,
                      "Actual Total Time": 75.67,
                      "Actual Rows": 420827,
                      "Actual Loops": 5,
                      "Filter": "(production_year > 1968)",
                      "Rows Removed by Filter": 84835
                    },
                    {
                      "Node Type": "Hash",
                      "Parent Relationship": "Inner",
                      "Parallel Aware": true,
                      "Startup Cost": 279502.55,
                      "Total Cost": 279502.55,
                      "Plan Rows": 82685,
                      "Plan Width": 4,
                      "Actual Startup Time": 224.376,
                      "Actual Total Time": 224.378,
                      "Actual Rows": 212365,
                      "Actual Loops": 5,
                      "Hash Buckets": 2097152,
                      "Original Hash Buckets": 524288,
                      "Hash Batches": 1,
                      "Original Hash Batches": 1,
                      "Peak Memory Usage": 70336,
                      "Plans": [
                        {
                          "Node Type": "Bitmap Heap Scan",
                          "Parent Relationship": "Outer",
                          "Parallel Aware": true,
                          "Relation Name": "cast_info",
                          "Alias": "ci",
                          "Startup Cost": 24073.81,
                          "Total Cost": 279502.55,
                          "Plan Rows": 82685,
                          "Plan Width": 4,
                          "Actual Startup Time": 58.469,
                          "Actual Total Time": 118.148,
                          "Actual Rows": 212365,
                          "Actual Loops": 5,
                          "Recheck Cond": "(person_id > 3856170)",
                          "Rows Removed by Index Recheck": 0,
                          "Filter": "(role_id > 2)",
                          "Rows Removed by Filter": 0,
                          "Exact Heap Blocks": 3720,
                          "Lossy Heap Blocks": 0,
                          "Plans": [
                            {
                              "Node Type": "Bitmap Index Scan",
                              "Parent Relationship": "Outer",
                              "Parallel Aware": false,
                              "Index Name": "person_id_cast_info",
                              "Startup Cost": 0.0,
                              "Total Cost": 23949.78,
                              "Plan Rows": 1096696,
                              "Plan Width": 0,
                              "Actual Startup Time": 56.083,
                              "Actual Total Time": 56.084,
                              "Actual Rows": 1061824,
                              "Actual Loops": 1,
                              "Index Cond": "(person_id > 3856170)"
                            }
                          ]
                        }
                      ]
                    }
                  ]
                }
              ]
            }
          ]
        }
      ]
    },
    "Planning Time": 0.656,
    "Triggers": [],
    "Execution Time": 483.598
  }
]