[
  {
    "Plan": {
      "Node Type": "Aggregate",
      "Strategy": "Plain",
      "Partial Mode": "Finalize",
      "Parallel Aware": false,
      "Startup Cost": 246320.42,
      "Total Cost": 246320.43,
      "Plan Rows": 1,
      "Plan Width": 8,
      "Actual Startup Time": 779.657,
      "Actual Total Time": 820.672,
      "Actual Rows": 1,
      "Actual Loops": 1,
      "Plans": [
        {
          "Node Type": "Gather",
          "Parent Relationship": "Outer",
          "Parallel Aware": false,
          "Startup Cost": 246319.9,
          "Total Cost": 246320.41,
          "Plan Rows": 5,
          "Plan Width": 8,
          "Actual Startup Time": 778.632,
          "Actual Total Time": 820.663,
          "Actual Rows": 6,
          "Actual Loops": 1,
          "Workers Planned": 5,
          "Workers Launched": 5,
          "Single Copy": false,
          "Plans": [
            {
              "Node Type": "Aggregate",
              "Strategy": "Plain",
              "Partial Mode": "Partial",
              "Parent Relationship": "Outer",
              "Parallel Aware": false,
              "Startup Cost": 245319.9,
              "Total Cost": 245319.91,
              "Plan Rows": 1,
              "Plan Width": 8,
              "Actual Startup Time": 772.907,
              "Actual Total Time": 772.91,
              "Actual Rows": 1,
              "Actual Loops": 6,
              "Plans": [
                {
                  "Node Type": "Hash Join",
                  "Parent Relationship": "Outer",
                  "Parallel Aware": true,
                  "Join Type": "Inner",
                  "Startup Cost": 45665.67,
                  "Total Cost": 245145.08,
                  "Plan Rows": 69928,
                  "Plan Width": 0,
                  "Actual Startup Time": 109.609,
                  "Actual Total Time": 754.274,
                  "Actual Rows": 378450,
                  "Actual Loops": 6,
                  "Inner Unique": true,
                  "Hash Cond": "(mi.movie_id = t.id)",
                  "Plans": [
                    {
                      "Node Type": "Seq Scan",
                      "Parent Relationship": "Outer",
                      "Parallel Aware": true,
                      "Relation Name": "movie_info",
                      "Alias": "mi",
                      "Startup Cost": 0.0,
                      "Total Cost": 191685.19,
                      "Plan Rows": 2969219,
                      "Plan Width": 4,
                      "Actual Startup Time": 0.066,
                      "Actual Total Time": 305.604,
                      "Actual Rows": 2472620,
                      "Actual Loops": 6
                    },
                    {
                      "Node Type": "Hash",
                      "Parent Relationship": "Inner",
                      "Parallel Aware": true,
                      "Startup Cost": 45479.59,
                      "Total Cost": 45479.59,
                      "Plan Rows": 14887,
                      "Plan Width": 4,
                      "Actual Startup Time": 97.239,
                      "Actual Total Time": 97.24,
                      "Actual Rows": 31528,
                      "Actual Loops": 6,
                      "Hash Buckets": 262144,
                      "Original Hash Buckets": 65536,
                      "Hash Batches": 1,
                      "Original Hash Batches": 1,
                      "Peak Memory Usage": 11072,
                      "Plans": [
                        {
                          "Node Type": "Seq Scan",
                          "Parent Relationship": "Outer",
                          "Parallel Aware": true,
                          "Relation Name": "title",
                          "Alias": "t",
                          "Startup Cost": 0.0,
                          "Total Cost": 45479.59,
                          "Plan Rows": 14887,
                          "Plan Width": 4,
                          "Actual Startup Time": 46.726,
                          "Actual Total Time": 77.325,
                          "Actual Rows": 31528,
                          "Actual Loops": 6,
                          "Filter": "((production_year < 1960) AND (kind_id = 1))",
                          "Rows Removed by Filter": 389857
                        }
                      ]
                    }
                  ]
                }
              ]
            }
          ]
        }
      ]
    },
    "Planning Time": 0.631,
    "Triggers": [],
    "Execution Time": 820.752
  }
]