[
  {
    "Plan": {
      "Node Type": "Aggregate",
      "Strategy": "Plain",
      "Partial Mode": "Finalize",
      "Parallel Aware": false,
      "Startup Cost": 285346.59,
      "Total Cost": 285346.6,
      "Plan Rows": 1,
      "Plan Width": 8,
      "Actual Startup Time": 915.673,
      "Actual Total Time": 935.626,
      "Actual Rows": 1,
      "Actual Loops": 1,
      "Plans": [
        {
          "Node Type": "Gather",
          "Parent Relationship": "Outer",
          "Parallel Aware": false,
          "Startup Cost": 285346.07,
          "Total Cost": 285346.58,
          "Plan Rows": 5,
          "Plan Width": 8,
          "Actual Startup Time": 907.917,
          "Actual Total Time": 935.617,
          "Actual Rows": 6,
          "Actual Loops": 1,
          "Workers Planned": 5,
          "Workers Launched": 5,
          "Single Copy": false,
          "Plans": [
            {
              "Node Type": "Aggregate",
              "Strategy": "Plain",
              "Partial Mode": "Partial",
              "Parent Relationship": "Outer",
              "Parallel Aware": false,
              "Startup Cost": 284346.07,
              "Total Cost": 284346.08,
              "Plan Rows": 1,
              "Plan Width": 8,
              "Actual Startup Time": 901.309,
              "Actual Total Time": 901.544,
              "Actual Rows": 1,
              "Actual Loops": 6,
              "Plans": [
                {
                  "Node Type": "Hash Join",
                  "Parent Relationship": "Outer",
                  "Parallel Aware": true,
                  "Join Type": "Inner",
                  "Startup Cost": 68313.75,
                  "Total Cost": 281951.9,
                  "Plan Rows": 957668,
                  "Plan Width": 0,
                  "Actual Startup Time": 267.373,
                  "Actual Total Time": 875.403,
                  "Actual Rows": 643099,
                  "Actual Loops": 6,
                  "Inner Unique": false,
                  "Hash Cond": "(mi.movie_id = t.id)",
                  "Plans": [
                    {
                      "Node Type": "Seq Scan",
                      "Parent Relationship": "Outer",
                      "Parallel Aware": true,
                      "Relation Name": "movie_info",
                      "Alias": "mi",
                      "Startup Cost": 0.0,
                      "Total Cost": 198880.74,
                      "Plan Rows": 2871234,
                      "Plan Width": 4,
                      "Actual Startup Time": 0.024,
                      "Actual Total Time": 323.318,
                      "Actual Rows": 2401178,
                      "Actual Loops": 6,
                      "Filter": "(info_type_id < 105)",
                      "Rows Removed by Filter": 71442
                    },
                    {
                      "Node Type": "Hash",
                      "Parent Relationship": "Inner",
                      "Parallel Aware": true,
                      "Startup Cost": 63921.6,
                      "Total Cost": 63921.6,
                      "Plan Rows": 351372,
                      "Plan Width": 8,
                      "Actual Startup Time": 264.539,
                      "Actual Total Time": 264.773,
                      "Actual Rows": 73730,
                      "Actual Loops": 6,
                      "Hash Buckets": 1048576,
                      "Original Hash Buckets": 1048576,
                      "Hash Batches": 1,
                      "Original Hash Batches": 1,
                      "Peak Memory Usage": 25536,
                      "Plans": [
                        {
                          "Node Type": "Hash Join",
                          "Parent Relationship": "Outer",
                          "Parallel Aware": true,
                          "Join Type": "Inner",
                          "Startup Cost": 48727.04,
                          "Total Cost": 63921.6,
                          "Plan Rows": 351372,
                          "Plan Width": 8,
                          "Actual Startup Time": 179.139,
                          "Actual Total Time": 243.154,
                          "Actual Rows": 73730,
                          "Actual Loops": 6,
                          "Inner Unique": true,
                          "Hash Cond": "(mi_idx.movie_id = t.id)",
                          "Plans": [
                            {
                              "Node Type": "Seq Scan",
                              "Parent Relationship": "Outer",
                              "Parallel Aware": true,
                              "Relation Name": "movie_info_idx",
                              "Alias": "mi_idx",
                              "Startup Cost": 0.0,
                              "Total Cost": 13685.15,
                              "Plan Rows": 575015,
                              "Plan Width": 4,
                              "Actual Startup Time": 0.02,
                              "Actual Total Time": 19.627,
                              "Actual Rows": 230006,
                              "Actual Loops": 6
                            },
                            {
                              "Node Type": "Hash",
                              "Parent Relationship": "Inner",
                              "Parallel Aware": true,
                              "Startup Cost": 43899.01,
                              "Total Cost": 43899.01,
                              "Plan Rows": 386243,
                              "Plan Width": 4,
                              "Actual Startup Time": 176.73,
                              "Actual Total Time": 176.731,
                              "Actual Rows": 259311,
                              "Actual Loops": 6,
                              "Hash Buckets": 2097152,
                              "Original Hash Buckets": 2097152,
                              "Hash Batches": 1,
                              "Original Hash Batches": 1,
                              "Peak Memory Usage": 77344,
                              "Plans": [
                                {
                                  "Node Type": "Seq Scan",
                                  "Parent Relationship": "Outer",
                                  "Parallel Aware": true,
                                  "Relation Name": "title",
                                  "Alias": "t",
                                  "Startup Cost": 0.0,
                                  "Total Cost": 43899.01,
                                  "Plan Rows": 386243,
                                  "Plan Width": 4,
                                  "Actual Startup Time": 0.031,
                                  "Actual Total Time": 72.034,
                                  "Actual Rows": 259311,
                                  "Actual Loops": 6,
                                  "Filter": "(kind_id > 4)",
                                  "Rows Removed by Filter": 162075
                                }
                              ]
                            }
                          ]
                        }
                      ]
                    }
                  ]
                }
              ]
            }
          ]
        }
      ]
    },
    "Planning Time": 0.537,
    "Triggers": [],
    "Execution Time": 935.672
  }
]