[
  {
    "Plan": {
      "Node Type": "Aggregate",
      "Strategy": "Plain",
      "Partial Mode": "Finalize",
      "Parallel Aware": false,
      "Startup Cost": 75996.67,
      "Total Cost": 75996.68,
      "Plan Rows": 1,
      "Plan Width": 8,
      "Actual Startup Time": 411.303,
      "Actual Total Time": 442.546,
      "Actual Rows": 1,
      "Actual Loops": 1,
      "Plans": [
        {
          "Node Type": "Gather",
          "Parent Relationship": "Outer",
          "Parallel Aware": false,
          "Startup Cost": 75996.35,
          "Total Cost": 75996.66,
          "Plan Rows": 3,
          "Plan Width": 8,
          "Actual Startup Time": 409.494,
          "Actual Total Time": 442.529,
          "Actual Rows": 4,
          "Actual Loops": 1,
          "Workers Planned": 3,
          "Workers Launched": 3,
          "Single Copy": false,
          "Plans": [
            {
              "Node Type": "Aggregate",
              "Strategy": "Plain",
              "Partial Mode": "Partial",
              "Parent Relationship": "Outer",
              "Parallel Aware": false,
              "Startup Cost": 74996.35,
              "Total Cost": 74996.36,
              "Plan Rows": 1,
              "Plan Width": 8,
              "Actual Startup Time": 402.782,
              "Actual Total Time": 402.79,
              "Actual Rows": 1,
              "Actual Loops": 4,
              "Plans": [
                {
                  "Node Type": "Hash Join",
                  "Parent Relationship": "Outer",
                  "Parallel Aware": true,
                  "Join Type": "Inner",
                  "Startup Cost": 45559.25,
                  "Total Cost": 74975.14,
                  "Plan Rows": 8485,
                  "Plan Width": 0,
                  "Actual Startup Time": 208.689,
                  "Actual Total Time": 399.285,
                  "Actual Rows": 49228,
                  "Actual Loops": 4,
                  "Inner Unique": true,
                  "Hash Cond": "(mc.movie_id = t.id)",
                  "Plans": [
                    {
                      "Node Type": "Seq Scan",
                      "Parent Relationship": "Outer",
                      "Parallel Aware": true,
                      "Relation Name": "movie_companies",
                      "Alias": "mc",
                      "Startup Cost": 0.0,
                      "Total Cost": 27206.55,
                      "Plan Rows": 841655,
                      "Plan Width": 4,
                      "Actual Startup Time": 0.02,
                      "Actual Total Time": 96.796,
                      "Actual Rows": 652282,
                      "Actual Loops": 4
                    },
                    {
                      "Node Type": "Hash",
                      "Parent Relationship": "Inner",
                      "Parallel Aware": true,
                      "Startup Cost": 45479.59,
                      "Total Cost": 45479.59,
                      "Plan Rows": 6373,
                      "Plan Width": 4,
                      "Actual Startup Time": 165.817,
                      "Actual Total Time": 165.82,
                      "Actual Rows": 25994,
                      "Actual Loops": 4,
                      "Hash Buckets": 131072,
                      "Original Hash Buckets": 32768,
                      "Hash Batches": 1,
                      "Original Hash Batches": 1,
                      "Peak Memory Usage": 5952,
                      "Plans": [
                        {
                          "Node Type": "Seq Scan",
                          "Parent Relationship": "Outer",
                          "Parallel Aware": true,
                          "Relation Name": "title",
                          "Alias": "t",
                          "Startup Cost": 0.0,
                          "Total Cost": 45479.59,
                          "Plan Rows": 6373,
                          "Plan Width": 4,
                          "Actual Startup Time": 84.242,
                          "Actual Total Time": 145.977,
                          "Actual Rows": 25994,
                          "Actual Loops": 4,
                          "Filter": "((kind_id < 2) AND (production_year < 1926))",
                          "Rows Removed by Filter": 606084
                        }
                      ]
                    }
                  ]
                }
              ]
            }
          ]
        }
      ]
    },
    "Planning Time": 0.714,
    "Triggers": [],
    "Execution Time": 442.619
  }
]