[
  {
    "Plan": {
      "Node Type": "Aggregate",
      "Strategy": "Plain",
      "Partial Mode": "Finalize",
      "Parallel Aware": false,
      "Startup Cost": 128265.14,
      "Total Cost": 128265.15,
      "Plan Rows": 1,
      "Plan Width": 8,
      "Actual Startup Time": 881.138,
      "Actual Total Time": 909.685,
      "Actual Rows": 1,
      "Actual Loops": 1,
      "Plans": [
        {
          "Node Type": "Gather",
          "Parent Relationship": "Outer",
          "Parallel Aware": false,
          "Startup Cost": 128264.82,
          "Total Cost": 128265.13,
          "Plan Rows": 3,
          "Plan Width": 8,
          "Actual Startup Time": 873.293,
          "Actual Total Time": 909.675,
          "Actual Rows": 4,
          "Actual Loops": 1,
          "Workers Planned": 3,
          "Workers Launched": 3,
          "Single Copy": false,
          "Plans": [
            {
              "Node Type": "Aggregate",
              "Strategy": "Plain",
              "Partial Mode": "Partial",
              "Parent Relationship": "Outer",
              "Parallel Aware": false,
              "Startup Cost": 127264.82,
              "Total Cost": 127264.83,
              "Plan Rows": 1,
              "Plan Width": 8,
              "Actual Startup Time": 864.473,
              "Actual Total Time": 864.62,
              "Actual Rows": 1,
              "Actual Loops": 4,
              "Plans": [
                {
                  "Node Type": "Hash Join",
                  "Parent Relationship": "Outer",
                  "Parallel Aware": true,
                  "Join Type": "Inner",
                  "Startup Cost": 81499.43,
                  "Total Cost": 126792.64,
                  "Plan Rows": 188870,
                  "Plan Width": 0,
                  "Actual Startup Time": 553.934,
                  "Actual Total Time": 816.341,
                  "Actual Rows": 1029276,
                  "Actual Loops": 4,
                  "Inner Unique": false,
                  "Hash Cond": "(mk.movie_id = t.id)",
                  "Plans": [
                    {
                      "Node Type": "Seq Scan",
                      "Parent Relationship": "Outer",
                      "Parallel Aware": true,
                      "Relation Name": "movie_keyword",
                      "Alias": "mk",
                      "Startup Cost": 0.0,
                      "Total Cost": 42695.65,
                      "Plan Rows": 566769,
                      "Plan Width": 4,
                      "Actual Startup Time": 0.539,
                      "Actual Total Time": 115.545,
                      "Actual Rows": 439378,
                      "Actual Loops": 4,
                      "Filter": "(keyword_id > 7882)",
                      "Rows Removed by Filter": 691605
                    },
                    {
                      "Node Type": "Hash",
                      "Parent Relationship": "Inner",
                      "Parallel Aware": true,
                      "Startup Cost": 78866.53,
                      "Total Cost": 78866.53,
                      "Plan Rows": 210632,
                      "Plan Width": 8,
                      "Actual Startup Time": 548.098,
                      "Actual Total Time": 548.243,
                      "Actual Rows": 208988,
                      "Actual Loops": 4,
                      "Hash Buckets": 1048576,
                      "Original Hash Buckets": 1048576,
                      "Hash Batches": 1,
                      "Original Hash Batches": 1,
                      "Peak Memory Usage": 40960,
                      "Plans": [
                        {
                          "Node Type": "Hash Join",
                          "Parent Relationship": "Outer",
                          "Parallel Aware": true,
                          "Join Type": "Inner",
                          "Startup Cost": 32707.97,
                          "Total Cost": 78866.53,
                          "Plan Rows": 210632,
                          "Plan Width": 8,
                          "Actual Startup Time": 162.088,
                          "Actual Total Time": 470.62,
                          "Actual Rows": 208988,
                          "Actual Loops": 4,
                          "Inner Unique": false,
                          "Hash Cond": "(t.id = mc.movie_id)",
                          "Plans": [
                            {
                              "Node Type": "Seq Scan",
                              "Parent Relationship": "Outer",
                              "Parallel Aware": true,
                              "Relation Name": "title",
                              "Alias": "t",
                              "Startup Cost": 0.0,
                              "Total Cost": 42318.73,
                              "Plan Rows": 632073,
                              "Plan Width": 4,
                              "Actual Startup Time": 0.019,
                              "Actual Total Time": 90.171,
                              "Actual Rows": 632078,
                              "Actual Loops": 4
                            },
                            {
                              "Node Type": "Hash",
                              "Parent Relationship": "Inner",
                              "Parallel Aware": true,
                              "Startup Cost": 29310.68,
                              "Total Cost": 29310.68,
                              "Plan Rows": 271783,
                              "Plan Width": 4,
                              "Actual Startup Time": 159.13,
                              "Actual Total Time": 159.132,
                              "Actual Rows": 208988,
                              "Actual Loops": 4,
                              "Hash Buckets": 1048576,
                              "Original Hash Buckets": 1048576,
                              "Hash Batches": 1,
                              "Original Hash Batches": 1,
                              "Peak Memory Usage": 40960,
                              "Plans": [
                                {
                                  "Node Type": "Seq Scan",
                                  "Parent Relationship": "Outer",
                                  "Parallel Aware": true,
                                  "Relation Name": "movie_companies",
                                  "Alias": "mc",
                                  "Startup Cost": 0.0,
                                  "Total Cost": 29310.68,
                                  "Plan Rows": 271783,
                                  "Plan Width": 4,
                                  "Actual Startup Time": 0.055,
                                  "Actual Total Time": 81.306,
                                  "Actual Rows": 208988,
                                  "Actual Loops": 4,
                                  "Filter": "(company_id < 2164)",
                                  "Rows Removed by Filter": 443294
                                }
                              ]
                            }
                          ]
                        }
                      ]
                    }
                  ]
                }
              ]
            }
          ]
        }
      ]
    },
    "Planning Time": 1.48,
    "Triggers": [],
    "Execution Time": 909.769
  }
]