[
  {
    "Plan": {
      "Node Type": "Aggregate",
      "Strategy": "Plain",
      "Partial Mode": "Finalize",
      "Parallel Aware": false,
      "Startup Cost": 95385.43,
      "Total Cost": 95385.44,
      "Plan Rows": 1,
      "Plan Width": 8,
      "Actual Startup Time": 501.608,
      "Actual Total Time": 517.165,
      "Actual Rows": 1,
      "Actual Loops": 1,
      "Plans": [
        {
          "Node Type": "Gather",
          "Parent Relationship": "Outer",
          "Parallel Aware": false,
          "Startup Cost": 95385.11,
          "Total Cost": 95385.42,
          "Plan Rows": 3,
          "Plan Width": 8,
          "Actual Startup Time": 496.218,
          "Actual Total Time": 517.157,
          "Actual Rows": 4,
          "Actual Loops": 1,
          "Workers Planned": 3,
          "Workers Launched": 3,
          "Single Copy": false,
          "Plans": [
            {
              "Node Type": "Aggregate",
              "Strategy": "Plain",
              "Partial Mode": "Partial",
              "Parent Relationship": "Outer",
              "Parallel Aware": false,
              "Startup Cost": 94385.11,
              "Total Cost": 94385.12,
              "Plan Rows": 1,
              "Plan Width": 8,
              "Actual Startup Time": 488.52,
              "Actual Total Time": 488.524,
              "Actual Rows": 1,
              "Actual Loops": 4,
              "Plans": [
                {
                  "Node Type": "Hash Join",
                  "Parent Relationship": "Outer",
                  "Parallel Aware": true,
                  "Join Type": "Inner",
                  "Startup Cost": 48191.99,
                  "Total Cost": 93523.39,
                  "Plan Rows": 344690,
                  "Plan Width": 0,
                  "Actual Startup Time": 200.458,
                  "Actual Total Time": 457.895,
                  "Actual Rows": 638845,
                  "Actual Loops": 4,
                  "Inner Unique": true,
                  "Hash Cond": "(mk.movie_id = t.id)",
                  "Plans": [
                    {
                      "Node Type": "Seq Scan",
                      "Parent Relationship": "Outer",
                      "Parallel Aware": true,
                      "Relation Name": "movie_keyword",
                      "Alias": "mk",
                      "Startup Cost": 0.0,
                      "Total Cost": 42695.65,
                      "Plan Rows": 1004095,
                      "Plan Width": 4,
                      "Actual Startup Time": 0.146,
                      "Actual Total Time": 122.895,
                      "Actual Rows": 777526,
                      "Actual Loops": 4,
                      "Filter": "(keyword_id > 1936)",
                      "Rows Removed by Filter": 353456
                    },
                    {
                      "Node Type": "Hash",
                      "Parent Relationship": "Inner",
                      "Parallel Aware": true,
                      "Startup Cost": 45479.59,
                      "Total Cost": 45479.59,
                      "Plan Rows": 216992,
                      "Plan Width": 4,
                      "Actual Startup Time": 197.19,
                      "Actual Total Time": 197.191,
                      "Actual Rows": 224197,
                      "Actual Loops": 4,
                      "Hash Buckets": 1048576,
                      "Original Hash Buckets": 1048576,
                      "Hash Batches": 1,
                      "Original Hash Batches": 1,
                      "Peak Memory Usage": 43328,
                      "Plans": [
                        {
                          "Node Type": "Seq Scan",
                          "Parent Relationship": "Outer",
                          "Parallel Aware": true,
                          "Relation Name": "title",
                          "Alias": "t",
                          "Startup Cost": 0.0,
                          "Total Cost": 45479.59,
                          "Plan Rows": 216992,
                          "Plan Width": 4,
                          "Actual Startup Time": 0.037,
                          "Actual Total Time": 112.338,
                          "Actual Rows": 224197,
                          "Actual Loops": 4,
                          "Filter": "((kind_id < 7) AND (production_year < 2012))",
                          "Rows Removed by Filter": 407881
                        }
                      ]
                    }
                  ]
                }
              ]
            }
          ]
        }
      ]
    },
    "Planning Time": 0.283,
    "Triggers": [],
    "Execution Time": 517.204
  }
]