[
  {
    "Plan": {
      "Node Type": "Aggregate",
      "Strategy": "Plain",
      "Partial Mode": "Finalize",
      "Parallel Aware": false,
      "Startup Cost": 33253.29,
      "Total Cost": 33253.3,
      "Plan Rows": 1,
      "Plan Width": 8,
      "Actual Startup Time": 97.321,
      "Actual Total Time": 105.429,
      "Actual Rows": 1,
      "Actual Loops": 1,
      "Plans": [
        {
          "Node Type": "Gather",
          "Parent Relationship": "Outer",
          "Parallel Aware": false,
          "Startup Cost": 33252.98,
          "Total Cost": 33253.29,
          "Plan Rows": 3,
          "Plan Width": 8,
          "Actual Startup Time": 97.195,
          "Actual Total Time": 105.421,
          "Actual Rows": 4,
          "Actual Loops": 1,
          "Workers Planned": 3,
          "Workers Launched": 3,
          "Single Copy": false,
          "Plans": [
            {
              "Node Type": "Aggregate",
              "Strategy": "Plain",
              "Partial Mode": "Partial",
              "Parent Relationship": "Outer",
              "Parallel Aware": false,
              "Startup Cost": 32252.98,
              "Total Cost": 32252.99,
              "Plan Rows": 1,
              "Plan Width": 8,
              "Actual Startup Time": 88.704,
              "Actual Total Time": 88.705,
              "Actual Rows": 1,
              "Actual Loops": 4,
              "Plans": [
                {
                  "Node Type": "Seq Scan",
                  "Parent Relationship": "Outer",
                  "Parallel Aware": true,
                  "Relation Name": "movie_companies",
                  "Alias": "mc",
                  "Startup Cost": 0.0,
                  "Total Cost": 31414.82,
                  "Plan Rows": 335263,
                  "Plan Width": 0,
                  "Actual Startup Time": 48.92,
                  "Actual Total Time": 81.347,
                  "Actual Rows": 188821,
                  "Actual Loops": 4,
                  "Filter": "((company_id < 71080) AND (company_type_id > 1))",
                  "Rows Removed by Filter": 463461
                }
              ]
            }
          ]
        }
      ]
    },
    "Planning Time": 0.216,
    "Triggers": [],
    "Execution Time": 105.485
  }
]