[
  {
    "Plan": {
      "Node Type": "Aggregate",
      "Strategy": "Plain",
      "Partial Mode": "Finalize",
      "Parallel Aware": false,
      "Startup Cost": 45153.73,
      "Total Cost": 45153.74,
      "Plan Rows": 1,
      "Plan Width": 8,
      "Actual Startup Time": 88.578,
      "Actual Total Time": 99.923,
      "Actual Rows": 1,
      "Actual Loops": 1,
      "Plans": [
        {
          "Node Type": "Gather",
          "Parent Relationship": "Outer",
          "Parallel Aware": false,
          "Startup Cost": 45153.31,
          "Total Cost": 45153.72,
          "Plan Rows": 4,
          "Plan Width": 8,
          "Actual Startup Time": 88.391,
          "Actual Total Time": 99.905,
          "Actual Rows": 5,
          "Actual Loops": 1,
          "Workers Planned": 4,
          "Workers Launched": 4,
          "Single Copy": false,
          "Plans": [
            {
              "Node Type": "Aggregate",
              "Strategy": "Plain",
              "Partial Mode": "Partial",
              "Parent Relationship": "Outer",
              "Parallel Aware": false,
              "Startup Cost": 44153.31,
              "Total Cost": 44153.32,
              "Plan Rows": 1,
              "Plan Width": 8,
              "Actual Startup Time": 83.312,
              "Actual Total Time": 83.314,
              "Actual Rows": 1,
              "Actual Loops": 5,
              "Plans": [
                {
                  "Node Type": "Seq Scan",
                  "Parent Relationship": "Outer",
                  "Parallel Aware": true,
                  "Relation Name": "title",
                  "Alias": "t",
                  "Startup Cost": 0.0,
                  "Total Cost": 43899.32,
                  "Plan Rows": 101597,
                  "Plan Width": 0,
                  "Actual Startup Time": 0.028,
                  "Actual Total Time": 79.006,
                  "Actual Rows": 84756,
                  "Actual Loops": 5,
                  "Filter": "(production_year < 1974)",
                  "Rows Removed by Filter": 420907
                }
              ]
            }
          ]
        }
      ]
    },
    "Planning Time": 0.114,
    "Triggers": [],
    "Execution Time": 99.961
  }
]