[
  {
    "Plan": {
      "Node Type": "Aggregate",
      "Strategy": "Plain",
      "Partial Mode": "Finalize",
      "Parallel Aware": false,
      "Startup Cost": 45157.02,
      "Total Cost": 45157.03,
      "Plan Rows": 1,
      "Plan Width": 8,
      "Actual Startup Time": 89.4,
      "Actual Total Time": 100.968,
      "Actual Rows": 1,
      "Actual Loops": 1,
      "Plans": [
        {
          "Node Type": "Gather",
          "Parent Relationship": "Outer",
          "Parallel Aware": false,
          "Startup Cost": 45156.6,
          "Total Cost": 45157.01,
          "Plan Rows": 4,
          "Plan Width": 8,
          "Actual Startup Time": 89.147,
          "Actual Total Time": 100.961,
          "Actual Rows": 5,
          "Actual Loops": 1,
          "Workers Planned": 4,
          "Workers Launched": 4,
          "Single Copy": false,
          "Plans": [
            {
              "Node Type": "Aggregate",
              "Strategy": "Plain",
              "Partial Mode": "Partial",
              "Parent Relationship": "Outer",
              "Parallel Aware": false,
              "Startup Cost": 44156.6,
              "Total Cost": 44156.61,
              "Plan Rows": 1,
              "Plan Width": 8,
              "Actual Startup Time": 84.11,
              "Actual Total Time": 84.111,
              "Actual Rows": 1,
              "Actual Loops": 5,
              "Plans": [
                {
                  "Node Type": "Seq Scan",
                  "Parent Relationship": "Outer",
                  "Parallel Aware": true,
                  "Relation Name": "title",
                  "Alias": "t",
                  "Startup Cost": 0.0,
                  "Total Cost": 43898.92,
                  "Plan Rows": 103074,
                  "Plan Width": 0,
                  "Actual Startup Time": 0.034,
                  "Actual Total Time": 79.757,
                  "Actual Rows": 84756,
                  "Actual Loops": 5,
                  "Filter": "(production_year < 1974)",
                  "Rows Removed by Filter": 420907
                }
              ]
            }
          ]
        }
      ]
    },
    "Planning Time": 0.126,
    "Triggers": [],
    "Execution Time": 101.016
  }
]