[
  {
    "Plan": {
      "Node Type": "Aggregate",
      "Strategy": "Plain",
      "Partial Mode": "Finalize",
      "Parallel Aware": false,
      "Startup Cost": 350923.05,
      "Total Cost": 350923.06,
      "Plan Rows": 1,
      "Plan Width": 8,
      "Actual Startup Time": 757.576,
      "Actual Total Time": 824.389,
      "Actual Rows": 1,
      "Actual Loops": 1,
      "Plans": [
        {
          "Node Type": "Gather",
          "Parent Relationship": "Outer",
          "Parallel Aware": false,
          "Startup Cost": 350922.42,
          "Total Cost": 350923.03,
          "Plan Rows": 6,
          "Plan Width": 8,
          "Actual Startup Time": 757.467,
          "Actual Total Time": 824.377,
          "Actual Rows": 7,
          "Actual Loops": 1,
          "Workers Planned": 6,
          "Workers Launched": 6,
          "Single Copy": false,
          "Plans": [
            {
              "Node Type": "Aggregate",
              "Strategy": "Plain",
              "Partial Mode": "Partial",
              "Parent Relationship": "Outer",
              "Parallel Aware": false,
              "Startup Cost": 349922.42,
              "Total Cost": 349922.43,
              "Plan Rows": 1,
              "Plan Width": 8,
              "Actual Startup Time": 747.279,
              "Actual Total Time": 747.28,
              "Actual Rows": 1,
              "Actual Loops": 7,
              "Plans": [
                {
                  "Node Type": "Seq Scan",
                  "Parent Relationship": "Outer",
                  "Parallel Aware": true,
                  "Relation Name": "cast_info",
                  "Alias": "ci",
                  "Startup Cost": 0.0,
                  "Total Cost": 343257.03,
                  "Plan Rows": 2666158,
                  "Plan Width": 0,
                  "Actual Startup Time": 341.422,
                  "Actual Total Time": 658.52,
                  "Actual Rows": 2184133,
                  "Actual Loops": 7,
                  "Filter": "((person_id < 3901868) AND (role_id > 2))",
                  "Rows Removed by Filter": 2993630
                }
              ]
            }
          ]
        }
      ]
    },
    "Planning Time": 0.202,
    "Triggers": [],
    "Execution Time": 824.458
  }
]