[
  {
    "Plan": {
      "Node Type": "Aggregate",
      "Strategy": "Plain",
      "Partial Mode": "Finalize",
      "Parallel Aware": false,
      "Startup Cost": 33456.65,
      "Total Cost": 33456.66,
      "Plan Rows": 1,
      "Plan Width": 8,
      "Actual Startup Time": 100.387,
      "Actual Total Time": 108.161,
      "Actual Rows": 1,
      "Actual Loops": 1,
      "Plans": [
        {
          "Node Type": "Gather",
          "Parent Relationship": "Outer",
          "Parallel Aware": false,
          "Startup Cost": 33456.33,
          "Total Cost": 33456.64,
          "Plan Rows": 3,
          "Plan Width": 8,
          "Actual Startup Time": 100.222,
          "Actual Total Time": 108.153,
          "Actual Rows": 4,
          "Actual Loops": 1,
          "Workers Planned": 3,
          "Workers Launched": 3,
          "Single Copy": false,
          "Plans": [
            {
              "Node Type": "Aggregate",
              "Strategy": "Plain",
              "Partial Mode": "Partial",
              "Parent Relationship": "Outer",
              "Parallel Aware": false,
              "Startup Cost": 32456.33,
              "Total Cost": 32456.34,
              "Plan Rows": 1,
              "Plan Width": 8,
              "Actual Startup Time": 96.333,
              "Actual Total Time": 96.335,
              "Actual Rows": 1,
              "Actual Loops": 4,
              "Plans": [
                {
                  "Node Type": "Seq Scan",
                  "Parent Relationship": "Outer",
                  "Parallel Aware": true,
                  "Relation Name": "movie_companies",
                  "Alias": "mc",
                  "Startup Cost": 0.0,
                  "Total Cost": 31414.82,
                  "Plan Rows": 416605,
                  "Plan Width": 0,
                  "Actual Startup Time": 42.151,
                  "Actual Total Time": 82.032,
                  "Actual Rows": 313268,
                  "Actual Loops": 4,
                  "Filter": "((company_id < 168873) AND (company_type_id = 2))",
                  "Rows Removed by Filter": 339014
                }
              ]
            }
          ]
        }
      ]
    },
    "Planning Time": 0.198,
    "Triggers": [],
    "Execution Time": 108.212
  }
]