[
  {
    "Plan": {
      "Node Type": "Aggregate",
      "Strategy": "Plain",
      "Partial Mode": "Finalize",
      "Parallel Aware": false,
      "Startup Cost": 190994.2,
      "Total Cost": 190994.21,
      "Plan Rows": 1,
      "Plan Width": 8,
      "Actual Startup Time": 260.457,
      "Actual Total Time": 280.171,
      "Actual Rows": 1,
      "Actual Loops": 1,
      "Plans": [
        {
          "Node Type": "Gather",
          "Parent Relationship": "Outer",
          "Parallel Aware": false,
          "Startup Cost": 190993.88,
          "Total Cost": 190994.19,
          "Plan Rows": 3,
          "Plan Width": 8,
          "Actual Startup Time": 260.162,
          "Actual Total Time": 280.162,
          "Actual Rows": 4,
          "Actual Loops": 1,
          "Workers Planned": 3,
          "Workers Launched": 3,
          "Single Copy": false,
          "Plans": [
            {
              "Node Type": "Aggregate",
              "Strategy": "Plain",
              "Partial Mode": "Partial",
              "Parent Relationship": "Outer",
              "Parallel Aware": false,
              "Startup Cost": 189993.88,
              "Total Cost": 189993.89,
              "Plan Rows": 1,
              "Plan Width": 8,
              "Actual Startup Time": 251.195,
              "Actual Total Time": 251.199,
              "Actual Rows": 1,
              "Actual Loops": 4,
              "Plans": [
                {
                  "Node Type": "Nested Loop",
                  "Parent Relationship": "Outer",
                  "Parallel Aware": false,
                  "Join Type": "Inner",
                  "Startup Cost": 45790.51,
                  "Total Cost": 189487.65,
                  "Plan Rows": 202492,
                  "Plan Width": 0,
                  "Actual Startup Time": 97.674,
                  "Actual Total Time": 251.115,
                  "Actual Rows": 1284,
                  "Actual Loops": 4,
                  "Inner Unique": false,
                  "Join Filter": "(t.id = ci.movie_id)",
                  "Rows Removed by Join Filter": 0,
                  "Plans": [
                    {
                      "Node Type": "Hash Join",
                      "Parent Relationship": "Outer",
                      "Parallel Aware": true,
                      "Join Type": "Inner",
                      "Startup Cost": 45789.95,
                      "Total Cost": 88668.03,
                      "Plan Rows": 57416,
                      "Plan Width": 8,
                      "Actual Startup Time": 97.587,
                      "Actual Total Time": 244.989,
                      "Actual Rows": 295,
                      "Actual Loops": 4,
                      "Inner Unique": true,
                      "Hash Cond": "(mk.movie_id = t.id)",
                      "Plans": [
                        {
                          "Node Type": "Seq Scan",
                          "Parent Relationship": "Outer",
                          "Parallel Aware": true,
                          "Relation Name": "movie_keyword",
                          "Alias": "mk",
                          "Startup Cost": 0.0,
                          "Total Cost": 39047.32,
                          "Plan Rows": 1459332,
                          "Plan Width": 4,
                          "Actual Startup Time": 0.028,
                          "Actual Total Time": 84.039,
                          "Actual Rows": 1130982,
                          "Actual Loops": 4
                        },
                        {
                          "Node Type": "Hash",
                          "Parent Relationship": "Inner",
                          "Parallel Aware": true,
                          "Startup Cost": 45479.1,
                          "Total Cost": 45479.1,
                          "Plan Rows": 24868,
                          "Plan Width": 4,
                          "Actual Startup Time": 88.824,
                          "Actual Total Time": 88.825,
                          "Actual Rows": 1004,
                          "Actual Loops": 4,
                          "Hash Buckets": 131072,
                          "Original Hash Buckets": 131072,
                          "Hash Batches": 1,
                          "Original Hash Batches": 1,
                          "Peak Memory Usage": 1248,
                          "Plans": [
                            {
                              "Node Type": "Seq Scan",
                              "Parent Relationship": "Outer",
                              "Parallel Aware": true,
                              "Relation Name": "title",
                              "Alias": "t",
                              "Startup Cost": 0.0,
                              "Total Cost": 45479.1,
                              "Plan Rows": 24868,
                              "Plan Width": 4,
                              "Actual Startup Time": 0.516,
                              "Actual Total Time": 87.976,
                              "Actual Rows": 1004,
                              "Actual Loops": 4,
                              "Filter": "((production_year < 1951) AND (kind_id = 7))",
                              "Rows Removed by Filter": 631074
                            }
                          ]
                        }
                      ]
                    },
                    {
                      "Node Type": "Index Scan",
                      "Parent Relationship": "Inner",
                      "Parallel Aware": false,
                      "Scan Direction": "Forward",
                      "Index Name": "movie_id_cast_info",
                      "Relation Name": "cast_info",
                      "Alias": "ci",
                      "Startup Cost": 0.56,
                      "Total Cost": 1.64,
                      "Plan Rows": 9,
                      "Plan Width": 4,
                      "Actual Startup Time": 0.005,
                      "Actual Total Time": 0.02,
                      "Actual Rows": 4,
                      "Actual Loops": 1179,
                      "Index Cond": "(movie_id = mk.movie_id)",
                      "Rows Removed by Index Recheck": 0,
                      "Filter": "(person_id < 891747)",
                      "Rows Removed by Filter": 12
                    }
                  ]
                }
              ]
            }
          ]
        }
      ]
    },
    "Planning Time": 1.419,
    "Triggers": [],
    "Execution Time": 280.261
  }
]