[
  {
    "Plan": {
      "Node Type": "Aggregate",
      "Strategy": "Plain",
      "Partial Mode": "Finalize",
      "Parallel Aware": false,
      "Startup Cost": 47045.66,
      "Total Cost": 47045.67,
      "Plan Rows": 1,
      "Plan Width": 8,
      "Actual Startup Time": 183.549,
      "Actual Total Time": 195.667,
      "Actual Rows": 1,
      "Actual Loops": 1,
      "Plans": [
        {
          "Node Type": "Gather",
          "Parent Relationship": "Outer",
          "Parallel Aware": false,
          "Startup Cost": 47045.34,
          "Total Cost": 47045.65,
          "Plan Rows": 3,
          "Plan Width": 8,
          "Actual Startup Time": 183.419,
          "Actual Total Time": 195.657,
          "Actual Rows": 4,
          "Actual Loops": 1,
          "Workers Planned": 3,
          "Workers Launched": 3,
          "Single Copy": false,
          "Plans": [
            {
              "Node Type": "Aggregate",
              "Strategy": "Plain",
              "Partial Mode": "Partial",
              "Parent Relationship": "Outer",
              "Parallel Aware": false,
              "Startup Cost": 46045.34,
              "Total Cost": 46045.35,
              "Plan Rows": 1,
              "Plan Width": 8,
              "Actual Startup Time": 178.42,
              "Actual Total Time": 178.421,
              "Actual Rows": 1,
              "Actual Loops": 4,
              "Plans": [
                {
                  "Node Type": "Seq Scan",
                  "Parent Relationship": "Outer",
                  "Parallel Aware": true,
                  "Relation Name": "movie_keyword",
                  "Alias": "mk",
                  "Startup Cost": 0.0,
                  "Total Cost": 42695.65,
                  "Plan Rows": 1339874,
                  "Plan Width": 0,
                  "Actual Startup Time": 0.044,
                  "Actual Total Time": 127.257,
                  "Actual Rows": 1038415,
                  "Actual Loops": 4,
                  "Filter": "(keyword_id < 45631)",
                  "Rows Removed by Filter": 92568
                }
              ]
            }
          ]
        }
      ]
    },
    "Planning Time": 0.151,
    "Triggers": [],
    "Execution Time": 195.713
  }
]