[
  {
    "Plan": {
      "Node Type": "Aggregate",
      "Strategy": "Plain",
      "Partial Mode": "Finalize",
      "Parallel Aware": false,
      "Startup Cost": 45081.92,
      "Total Cost": 45081.93,
      "Plan Rows": 1,
      "Plan Width": 8,
      "Actual Startup Time": 141.275,
      "Actual Total Time": 150.757,
      "Actual Rows": 1,
      "Actual Loops": 1,
      "Plans": [
        {
          "Node Type": "Gather",
          "Parent Relationship": "Outer",
          "Parallel Aware": false,
          "Startup Cost": 45081.6,
          "Total Cost": 45081.91,
          "Plan Rows": 3,
          "Plan Width": 8,
          "Actual Startup Time": 141.141,
          "Actual Total Time": 150.747,
          "Actual Rows": 4,
          "Actual Loops": 1,
          "Workers Planned": 3,
          "Workers Launched": 3,
          "Single Copy": false,
          "Plans": [
            {
              "Node Type": "Aggregate",
              "Strategy": "Plain",
              "Partial Mode": "Partial",
              "Parent Relationship": "Outer",
              "Parallel Aware": false,
              "Startup Cost": 44081.6,
              "Total Cost": 44081.61,
              "Plan Rows": 1,
              "Plan Width": 8,
              "Actual Startup Time": 132.942,
              "Actual Total Time": 132.943,
              "Actual Rows": 1,
              "Actual Loops": 4,
              "Plans": [
                {
                  "Node Type": "Seq Scan",
                  "Parent Relationship": "Outer",
                  "Parallel Aware": true,
                  "Relation Name": "movie_keyword",
                  "Alias": "mk",
                  "Startup Cost": 0.0,
                  "Total Cost": 42695.65,
                  "Plan Rows": 554379,
                  "Plan Width": 0,
                  "Actual Startup Time": 1.266,
                  "Actual Total Time": 112.083,
                  "Actual Rows": 431134,
                  "Actual Loops": 4,
                  "Filter": "(keyword_id > 8221)",
                  "Rows Removed by Filter": 699848
                }
              ]
            }
          ]
        }
      ]
    },
    "Planning Time": 0.156,
    "Triggers": [],
    "Execution Time": 150.806
  }
]