[
  {
    "Plan": {
      "Node Type": "Aggregate",
      "Strategy": "Plain",
      "Partial Mode": "Finalize",
      "Parallel Aware": false,
      "Startup Cost": 631753.09,
      "Total Cost": 631753.1,
      "Plan Rows": 1,
      "Plan Width": 8,
      "Actual Startup Time": 4860.813,
      "Actual Total Time": 4943.109,
      "Actual Rows": 1,
      "Actual Loops": 1,
      "Plans": [
        {
          "Node Type": "Gather",
          "Parent Relationship": "Outer",
          "Parallel Aware": false,
          "Startup Cost": 631752.57,
          "Total Cost": 631753.08,
          "Plan Rows": 5,
          "Plan Width": 8,
          "Actual Startup Time": 4824.851,
          "Actual Total Time": 4943.092,
          "Actual Rows": 6,
          "Actual Loops": 1,
          "Workers Planned": 5,
          "Workers Launched": 5,
          "Single Copy": false,
          "Plans": [
            {
              "Node Type": "Aggregate",
              "Strategy": "Plain",
              "Partial Mode": "Partial",
              "Parent Relationship": "Outer",
              "Parallel Aware": false,
              "Startup Cost": 630752.57,
              "Total Cost": 630752.58,
              "Plan Rows": 1,
              "Plan Width": 8,
              "Actual Startup Time": 4793.031,
              "Actual Total Time": 4793.04,
              "Actual Rows": 1,
              "Actual Loops": 6,
              "Plans": [
                {
                  "Node Type": "Hash Join",
                  "Parent Relationship": "Outer",
                  "Parallel Aware": true,
                  "Join Type": "Inner",
                  "Startup Cost": 405444.23,
                  "Total Cost": 617259.43,
                  "Plan Rows": 5397258,
                  "Plan Width": 0,
                  "Actual Startup Time": 1893.926,
                  "Actual Total Time": 4288.039,
                  "Actual Rows": 12661014,
                  "Actual Loops": 6,
                  "Inner Unique": false,
                  "Hash Cond": "(mi.movie_id = t.id)",
                  "Plans": [
                    {
                      "Node Type": "Seq Scan",
                      "Parent Relationship": "Outer",
                      "Parallel Aware": true,
                      "Relation Name": "movie_info",
                      "Alias": "mi",
                      "Startup Cost": 0.0,
                      "Total Cost": 191685.19,
                      "Plan Rows": 2969219,
                      "Plan Width": 4,
                      "Actual Startup Time": 0.033,
                      "Actual Total Time": 282.284,
                      "Actual Rows": 2472620,
                      "Actual Loops": 6
                    },
                    {
                      "Node Type": "Hash",
                      "Parent Relationship": "Inner",
                      "Parallel Aware": true,
                      "Startup Cost": 395869.22,
                      "Total Cost": 395869.22,
                      "Plan Rows": 766001,
                      "Plan Width": 8,
                      "Actual Startup Time": 1882.499,
                      "Actual Total Time": 1882.506,
                      "Actual Rows": 921414,
                      "Actual Loops": 6,
                      "Hash Buckets": 8388608,
                      "Original Hash Buckets": 8388608,
                      "Hash Batches": 1,
                      "Original Hash Batches": 1,
                      "Peak Memory Usage": 281888,
                      "Plans": [
                        {
                          "Node Type": "Hash Join",
                          "Parent Relationship": "Outer",
                          "Parallel Aware": true,
                          "Join Type": "Inner",
                          "Startup Cost": 49909.5,
                          "Total Cost": 395869.22,
                          "Plan Rows": 766001,
                          "Plan Width": 8,
                          "Actual Startup Time": 235.695,
                          "Actual Total Time": 1460.5,
                          "Actual Rows": 921414,
                          "Actual Loops": 6,
                          "Inner Unique": true,
                          "Hash Cond": "(ci.movie_id = t.id)",
                          "Plans": [
                            {
                              "Node Type": "Seq Scan",
                              "Parent Relationship": "Outer",
                              "Parallel Aware": true,
                              "Relation Name": "cast_info",
                              "Alias": "ci",
                              "Startup Cost": 0.0,
                              "Total Cost": 343316.27,
                              "Plan Rows": 1007029,
                              "Plan Width": 4,
                              "Actual Startup Time": 0.038,
                              "Actual Total Time": 712.072,
                              "Actual Rows": 1159548,
                              "Actual Loops": 6,
                              "Filter": "((person_id < 753072) AND (role_id < 8))",
                              "Rows Removed by Filter": 4881176
                            },
                            {
                              "Node Type": "Hash",
                              "Parent Relationship": "Inner",
                              "Parallel Aware": true,
                              "Startup Cost": 43899.32,
                              "Total Cost": 43899.32,
                              "Plan Rows": 480814,
                              "Plan Width": 4,
                              "Actual Startup Time": 233.088,
                              "Actual Total Time": 233.089,
                              "Actual Rows": 320475,
                              "Actual Loops": 6,
                              "Hash Buckets": 2097152,
                              "Original Hash Buckets": 2097152,
                              "Hash Batches": 1,
                              "Original Hash Batches": 1,
                              "Peak Memory Usage": 91712,
                              "Plans": [
                                {
                                  "Node Type": "Seq Scan",
                                  "Parent Relationship": "Outer",
                                  "Parallel Aware": true,
                                  "Relation Name": "title",
                                  "Alias": "t",
                                  "Startup Cost": 0.0,
                                  "Total Cost": 43899.32,
                                  "Plan Rows": 480814,
                                  "Plan Width": 4,
                                  "Actual Startup Time": 0.065,
                                  "Actual Total Time": 89.466,
                                  "Actual Rows": 320475,
                                  "Actual Loops": 6,
                                  "Filter": "(production_year < 2010)",
                                  "Rows Removed by Filter": 100910
                                }
                              ]
                            }
                          ]
                        }
                      ]
                    }
                  ]
                }
              ]
            }
          ]
        }
      ]
    },
    "Planning Time": 0.423,
    "Triggers": [],
    "Execution Time": 4943.165
  }
]