[
  {
    "Plan": {
      "Node Type": "Aggregate",
      "Strategy": "Plain",
      "Partial Mode": "Finalize",
      "Parallel Aware": false,
      "Startup Cost": 86584.87,
      "Total Cost": 86584.88,
      "Plan Rows": 1,
      "Plan Width": 8,
      "Actual Startup Time": 236.221,
      "Actual Total Time": 248.255,
      "Actual Rows": 1,
      "Actual Loops": 1,
      "Plans": [
        {
          "Node Type": "Gather",
          "Parent Relationship": "Outer",
          "Parallel Aware": false,
          "Startup Cost": 86584.55,
          "Total Cost": 86584.86,
          "Plan Rows": 3,
          "Plan Width": 8,
          "Actual Startup Time": 235.38,
          "Actual Total Time": 248.25,
          "Actual Rows": 4,
          "Actual Loops": 1,
          "Workers Planned": 3,
          "Workers Launched": 3,
          "Single Copy": false,
          "Plans": [
            {
              "Node Type": "Aggregate",
              "Strategy": "Plain",
              "Partial Mode": "Partial",
              "Parent Relationship": "Outer",
              "Parallel Aware": false,
              "Startup Cost": 85584.55,
              "Total Cost": 85584.56,
              "Plan Rows": 1,
              "Plan Width": 8,
              "Actual Startup Time": 232.262,
              "Actual Total Time": 232.267,
              "Actual Rows": 1,
              "Actual Loops": 4,
              "Plans": [
                {
                  "Node Type": "Hash Join",
                  "Parent Relationship": "Outer",
                  "Parallel Aware": true,
                  "Join Type": "Inner",
                  "Startup Cost": 58006.21,
                  "Total Cost": 85537.79,
                  "Plan Rows": 18703,
                  "Plan Width": 0,
                  "Actual Startup Time": 137.435,
                  "Actual Total Time": 231.865,
                  "Actual Rows": 4605,
                  "Actual Loops": 4,
                  "Inner Unique": true,
                  "Hash Cond": "(mk.movie_id = t.id)",
                  "Plans": [
                    {
                      "Node Type": "Bitmap Heap Scan",
                      "Parent Relationship": "Outer",
                      "Parallel Aware": true,
                      "Relation Name": "movie_keyword",
                      "Alias": "mk",
                      "Startup Cost": 13380.95,
                      "Total Cost": 40378.41,
                      "Plan Rows": 203476,
                      "Plan Width": 4,
                      "Actual Startup Time": 36.336,
                      "Actual Total Time": 99.516,
                      "Actual Rows": 157947,
                      "Actual Loops": 4,
                      "Recheck Cond": "(keyword_id < 494)",
                      "Rows Removed by Index Recheck": 0,
                      "Exact Heap Blocks": 8776,
                      "Lossy Heap Blocks": 0,
                      "Plans": [
                        {
                          "Node Type": "Bitmap Index Scan",
                          "Parent Relationship": "Outer",
                          "Parallel Aware": false,
                          "Index Name": "keyword_id_movie_keyword",
                          "Startup Cost": 0.0,
                          "Total Cost": 13223.26,
                          "Plan Rows": 630777,
                          "Plan Width": 0,
                          "Actual Startup Time": 32.685,
                          "Actual Total Time": 32.685,
                          "Actual Rows": 631788,
                          "Actual Loops": 1,
                          "Index Cond": "(keyword_id < 494)"
                        }
                      ]
                    },
                    {
                      "Node Type": "Hash",
                      "Parent Relationship": "Inner",
                      "Parallel Aware": true,
                      "Startup Cost": 43899.01,
                      "Total Cost": 43899.01,
                      "Plan Rows": 58100,
                      "Plan Width": 4,
                      "Actual Startup Time": 100.12,
                      "Actual Total Time": 100.121,
                      "Actual Rows": 57912,
                      "Actual Loops": 4,
                      "Hash Buckets": 262144,
                      "Original Hash Buckets": 262144,
                      "Hash Batches": 1,
                      "Original Hash Batches": 1,
                      "Peak Memory Usage": 11200,
                      "Plans": [
                        {
                          "Node Type": "Seq Scan",
                          "Parent Relationship": "Outer",
                          "Parallel Aware": true,
                          "Relation Name": "title",
                          "Alias": "t",
                          "Startup Cost": 0.0,
                          "Total Cost": 43899.01,
                          "Plan Rows": 58100,
                          "Plan Width": 4,
                          "Actual Startup Time": 0.017,
                          "Actual Total Time": 81.382,
                          "Actual Rows": 57912,
                          "Actual Loops": 4,
                          "Filter": "(production_year > 2011)",
                          "Rows Removed by Filter": 574166
                        }
                      ]
                    }
                  ]
                }
              ]
            }
          ]
        }
      ]
    },
    "Planning Time": 0.205,
    "Triggers": [],
    "Execution Time": 248.292
  }
]