{
  "Plan": {
    "Node Type": "Aggregate",
    "Strategy": "Plain",
    "Partial Mode": "Simple",
    "Parallel Aware": false,
    "Startup Cost": 1397779.87,
    "Total Cost": 1397779.88,
    "Plan Rows": 1,
    "Plan Width": 96,
    "Actual Startup Time": 4366.55,
    "Actual Total Time": 4366.679,
    "Actual Rows": 1,
    "Actual Loops": 1,
    "Plans": [
      {
        "Node Type": "Merge Join",
        "Parent Relationship": "Outer",
        "Parallel Aware": false,
        "Join Type": "Inner",
        "Startup Cost": 1385103.98,
        "Total Cost": 1397779.86,
        "Plan Rows": 1,
        "Plan Width": 42,
        "Actual Startup Time": 4290.974,
        "Actual Total Time": 4366.656,
        "Actual Rows": 53,
        "Actual Loops": 1,
        "Inner Unique": false,
        "Merge Cond": "(cn.id = mc.company_id)",
        "Plans": [
          {
            "Node Type": "Index Scan",
            "Parent Relationship": "Outer",
            "Parallel Aware": false,
            "Scan Direction": "Forward",
            "Index Name": "company_name_pkey",
            "Relation Name": "company_name",
            "Alias": "cn",
            "Startup Cost": 0.42,
            "Total Cost": 12469.43,
            "Plan Rows": 85931,
            "Plan Width": 23,
            "Actual Startup Time": 0.021,
            "Actual Total Time": 75.714,
            "Actual Rows": 62689,
            "Actual Loops": 1,
            "Filter": "((country_code)::text = '[us]'::text)",
            "Rows Removed by Filter": 116153
          },
          {
            "Node Type": "Sort",
            "Parent Relationship": "Inner",
            "Parallel Aware": false,
            "Startup Cost": 1385103.56,
            "Total Cost": 1385103.56,
            "Plan Rows": 1,
            "Plan Width": 27,
            "Actual Startup Time": 4287.79,
            "Actual Total Time": 4287.934,
            "Actual Rows": 162,
            "Actual Loops": 1,
            "Sort Key": [
              "mc.company_id"
            ],
            "Sort Method": "quicksort",
            "Sort Space Used": 36,
            "Sort Space Type": "Memory",
            "Plans": [
              {
                "Node Type": "Merge Join",
                "Parent Relationship": "Outer",
                "Parallel Aware": false,
                "Join Type": "Inner",
                "Startup Cost": 1385103.52,
                "Total Cost": 1385103.55,
                "Plan Rows": 1,
                "Plan Width": 27,
                "Actual Startup Time": 4287.733,
                "Actual Total Time": 4287.886,
                "Actual Rows": 162,
                "Actual Loops": 1,
                "Inner Unique": true,
                "Merge Cond": "(mc.company_type_id = ct.id)",
                "Plans": [
                  {
                    "Node Type": "Sort",
                    "Parent Relationship": "Outer",
                    "Parallel Aware": false,
                    "Startup Cost": 1385102.46,
                    "Total Cost": 1385102.47,
                    "Plan Rows": 1,
                    "Plan Width": 31,
                    "Actual Startup Time": 4287.663,
                    "Actual Total Time": 4287.812,
                    "Actual Rows": 615,
                    "Actual Loops": 1,
                    "Sort Key": [
                      "mc.company_type_id"
                    ],
                    "Sort Method": "quicksort",
                    "Sort Space Used": 73,
                    "Sort Space Type": "Memory",
                    "Plans": [
                      {
                        "Node Type": "Merge Join",
                        "Parent Relationship": "Outer",
                        "Parallel Aware": false,
                        "Join Type": "Inner",
                        "Startup Cost": 1238178.43,
                        "Total Cost": 1385102.45,
                        "Plan Rows": 1,
                        "Plan Width": 31,
                        "Actual Startup Time": 4139.554,
                        "Actual Total Time": 4287.688,
                        "Actual Rows": 615,
                        "Actual Loops": 1,
                        "Inner Unique": false,
                        "Merge Cond": "(mc.movie_id = miidx.movie_id)",
                        "Plans": [
                          {
                            "Node Type": "Index Scan",
                            "Parent Relationship": "Outer",
                            "Parallel Aware": false,
                            "Scan Direction": "Forward",
                            "Index Name": "movie_id_movie_companies",
                            "Relation Name": "movie_companies",
                            "Alias": "mc",
                            "Startup Cost": 0.43,
                            "Total Cost": 140404.76,
                            "Plan Rows": 2609129,
                            "Plan Width": 12,
                            "Actual Startup Time": 0.013,
                            "Actual Total Time": 324.523,
                            "Actual Rows": 1758827,
                            "Actual Loops": 1
                          },
                          {
                            "Node Type": "Materialize",
                            "Parent Relationship": "Inner",
                            "Parallel Aware": false,
                            "Startup Cost": 1238174.79,
                            "Total Cost": 1238174.79,
                            "Plan Rows": 1,
                            "Plan Width": 35,
                            "Actual Startup Time": 3858.337,
                            "Actual Total Time": 3858.513,
                            "Actual Rows": 615,
                            "Actual Loops": 1,
                            "Plans": [
                              {
                                "Node Type": "Sort",
                                "Parent Relationship": "Outer",
                                "Parallel Aware": false,
                                "Startup Cost": 1238174.79,
                                "Total Cost": 1238174.79,
                                "Plan Rows": 1,
                                "Plan Width": 35,
                                "Actual Startup Time": 3858.334,
                                "Actual Total Time": 3858.472,
                                "Actual Rows": 90,
                                "Actual Loops": 1,
                                "Sort Key": [
                                  "t.id"
                                ],
                                "Sort Method": "quicksort",
                                "Sort Space Used": 32,
                                "Sort Space Type": "Memory",
                                "Plans": [
                                  {
                                    "Node Type": "Merge Join",
                                    "Parent Relationship": "Outer",
                                    "Parallel Aware": false,
                                    "Join Type": "Inner",
                                    "Startup Cost": 1238174.73,
                                    "Total Cost": 1238174.78,
                                    "Plan Rows": 1,
                                    "Plan Width": 35,
                                    "Actual Startup Time": 3858.299,
                                    "Actual Total Time": 3858.44,
                                    "Actual Rows": 90,
                                    "Actual Loops": 1,
                                    "Inner Unique": true,
                                    "Merge Cond": "(mi.info_type_id = it2.id)",
                                    "Plans": [
                                      {
                                        "Node Type": "Sort",
                                        "Parent Relationship": "Outer",
                                        "Parallel Aware": false,
                                        "Startup Cost": 1238172.31,
                                        "Total Cost": 1238172.32,
                                        "Plan Rows": 6,
                                        "Plan Width": 39,
                                        "Actual Startup Time": 3858.223,
                                        "Actual Total Time": 3858.368,
                                        "Actual Rows": 400,
                                        "Actual Loops": 1,
                                        "Sort Key": [
                                          "mi.info_type_id"
                                        ],
                                        "Sort Method": "quicksort",
                                        "Sort Space Used": 65,
                                        "Sort Space Type": "Memory",
                                        "Plans": [
                                          {
                                            "Node Type": "Merge Join",
                                            "Parent Relationship": "Outer",
                                            "Parallel Aware": false,
                                            "Join Type": "Inner",
                                            "Startup Cost": 120203.02,
                                            "Total Cost": 1238172.23,
                                            "Plan Rows": 6,
                                            "Plan Width": 39,
                                            "Actual Startup Time": 2527.931,
                                            "Actual Total Time": 3858.193,
                                            "Actual Rows": 499,
                                            "Actual Loops": 1,
                                            "Inner Unique": false,
                                            "Merge Cond": "(mi.movie_id = miidx.movie_id)",
                                            "Plans": [
                                              {
                                                "Node Type": "Index Scan",
                                                "Parent Relationship": "Outer",
                                                "Parallel Aware": false,
                                                "Scan Direction": "Forward",
                                                "Index Name": "movie_id_movie_info",
                                                "Relation Name": "movie_info",
                                                "Alias": "mi",
                                                "Startup Cost": 0.43,
                                                "Total Cost": 1081422.08,
                                                "Plan Rows": 14868506,
                                                "Plan Width": 8,
                                                "Actual Startup Time": 0.015,
                                                "Actual Total Time": 2792.651,
                                                "Actual Rows": 9698520,
                                                "Actual Loops": 1
                                              },
                                              {
                                                "Node Type": "Materialize",
                                                "Parent Relationship": "Inner",
                                                "Parallel Aware": false,
                                                "Startup Cost": 120177.91,
                                                "Total Cost": 120177.92,
                                                "Plan Rows": 1,
                                                "Plan Width": 31,
                                                "Actual Startup Time": 370.139,
                                                "Actual Total Time": 370.315,
                                                "Actual Rows": 495,
                                                "Actual Loops": 1,
                                                "Plans": [
                                                  {
                                                    "Node Type": "Sort",
                                                    "Parent Relationship": "Outer",
                                                    "Parallel Aware": false,
                                                    "Startup Cost": 120177.91,
                                                    "Total Cost": 120177.92,
                                                    "Plan Rows": 1,
                                                    "Plan Width": 31,
                                                    "Actual Startup Time": 370.135,
                                                    "Actual Total Time": 370.265,
                                                    "Actual Rows": 29,
                                                    "Actual Loops": 1,
                                                    "Sort Key": [
                                                      "t.id"
                                                    ],
                                                    "Sort Method": "quicksort",
                                                    "Sort Space Used": 27,
                                                    "Sort Space Type": "Memory",
                                                    "Plans": [
                                                      {
                                                        "Node Type": "Merge Join",
                                                        "Parent Relationship": "Outer",
                                                        "Parallel Aware": false,
                                                        "Join Type": "Inner",
                                                        "Startup Cost": 120177.71,
                                                        "Total Cost": 120177.9,
                                                        "Plan Rows": 1,
                                                        "Plan Width": 31,
                                                        "Actual Startup Time": 370.12,
                                                        "Actual Total Time": 370.245,
                                                        "Actual Rows": 29,
                                                        "Actual Loops": 1,
                                                        "Inner Unique": true,
                                                        "Merge Cond": "(miidx.info_type_id = it.id)",
                                                        "Plans": [
                                                          {
                                                            "Node Type": "Sort",
                                                            "Parent Relationship": "Outer",
                                                            "Parallel Aware": false,
                                                            "Startup Cost": 120175.28,
                                                            "Total Cost": 120175.37,
                                                            "Plan Rows": 37,
                                                            "Plan Width": 35,
                                                            "Actual Startup Time": 370.078,
                                                            "Actual Total Time": 370.202,
                                                            "Actual Rows": 87,
                                                            "Actual Loops": 1,
                                                            "Sort Key": [
                                                              "miidx.info_type_id"
                                                            ],
                                                            "Sort Method": "quicksort",
                                                            "Sort Space Used": 32,
                                                            "Sort Space Type": "Memory",
                                                            "Plans": [
                                                              {
                                                                "Node Type": "Merge Join",
                                                                "Parent Relationship": "Outer",
                                                                "Parallel Aware": false,
                                                                "Join Type": "Inner",
                                                                "Startup Cost": 63101.21,
                                                                "Total Cost": 120174.31,
                                                                "Plan Rows": 37,
                                                                "Plan Width": 35,
                                                                "Actual Startup Time": 318.118,
                                                                "Actual Total Time": 370.172,
                                                                "Actual Rows": 87,
                                                                "Actual Loops": 1,
                                                                "Inner Unique": false,
                                                                "Merge Cond": "(miidx.movie_id = t.id)",
                                                                "Plans": [
                                                                  {
                                                                    "Node Type": "Index Scan",
                                                                    "Parent Relationship": "Outer",
                                                                    "Parallel Aware": false,
                                                                    "Scan Direction": "Forward",
                                                                    "Index Name": "movie_id_movie_info_idx",
                                                                    "Relation Name": "movie_info_idx",
                                                                    "Alias": "miidx",
                                                                    "Startup Cost": 0.43,
                                                                    "Total Cost": 53622.74,
                                                                    "Plan Rows": 1380035,
                                                                    "Plan Width": 14,
                                                                    "Actual Startup Time": 0.014,
                                                                    "Actual Total Time": 109.287,
                                                                    "Actual Rows": 960952,
                                                                    "Actual Loops": 1
                                                                  },
                                                                  {
                                                                    "Node Type": "Sort",
                                                                    "Parent Relationship": "Inner",
                                                                    "Parallel Aware": false,
                                                                    "Startup Cost": 63100.79,
                                                                    "Total Cost": 63100.95,
                                                                    "Plan Rows": 67,
                                                                    "Plan Width": 21,
                                                                    "Actual Startup Time": 205.751,
                                                                    "Actual Total Time": 205.882,
                                                                    "Actual Rows": 147,
                                                                    "Actual Loops": 1,
                                                                    "Sort Key": [
                                                                      "t.id"
                                                                    ],
                                                                    "Sort Method": "quicksort",
                                                                    "Sort Space Used": 30,
                                                                    "Sort Space Type": "Memory",
                                                                    "Plans": [
                                                                      {
                                                                        "Node Type": "Merge Join",
                                                                        "Parent Relationship": "Outer",
                                                                        "Parallel Aware": false,
                                                                        "Join Type": "Inner",
                                                                        "Startup Cost": 63095.73,
                                                                        "Total Cost": 63098.75,
                                                                        "Plan Rows": 67,
                                                                        "Plan Width": 21,
                                                                        "Actual Startup Time": 205.709,
                                                                        "Actual Total Time": 205.843,
                                                                        "Actual Rows": 89,
                                                                        "Actual Loops": 1,
                                                                        "Inner Unique": true,
                                                                        "Merge Cond": "(t.kind_id = kt.id)",
                                                                        "Plans": [
                                                                          {
                                                                            "Node Type": "Sort",
                                                                            "Parent Relationship": "Outer",
                                                                            "Parallel Aware": false,
                                                                            "Startup Cost": 63094.63,
                                                                            "Total Cost": 63095.8,
                                                                            "Plan Rows": 470,
                                                                            "Plan Width": 25,
                                                                            "Actual Startup Time": 205.681,
                                                                            "Actual Total Time": 205.801,
                                                                            "Actual Rows": 90,
                                                                            "Actual Loops": 1,
                                                                            "Sort Key": [
                                                                              "t.kind_id"
                                                                            ],
                                                                            "Sort Method": "quicksort",
                                                                            "Sort Space Used": 49,
                                                                            "Sort Space Type": "Memory",
                                                                            "Plans": [
                                                                              {
                                                                                "Node Type": "Gather",
                                                                                "Parent Relationship": "Outer",
                                                                                "Parallel Aware": false,
                                                                                "Startup Cost": 1000.0,
                                                                                "Total Cost": 63073.77,
                                                                                "Plan Rows": 470,
                                                                                "Plan Width": 25,
                                                                                "Actual Startup Time": 7.868,
                                                                                "Actual Total Time": 205.674,
                                                                                "Actual Rows": 294,
                                                                                "Actual Loops": 1,
                                                                                "Workers Planned": 1,
                                                                                "Workers Launched": 1,
                                                                                "Single Copy": false,
                                                                                "Plans": [
                                                                                  {
                                                                                    "Node Type": "Seq Scan",
                                                                                    "Parent Relationship": "Outer",
                                                                                    "Parallel Aware": true,
                                                                                    "Relation Name": "title",
                                                                                    "Alias": "t",
                                                                                    "Startup Cost": 0.0,
                                                                                    "Total Cost": 62026.77,
                                                                                    "Plan Rows": 276,
                                                                                    "Plan Width": 25,
                                                                                    "Actual Startup Time": 6.887,
                                                                                    "Actual Total Time": 199.451,
                                                                                    "Actual Rows": 147,
                                                                                    "Actual Loops": 2,
                                                                                    "Filter": "((title <> ''::text) AND ((title ~~ 'Champion%'::text) OR (title ~~ 'Loser%'::text)))",
                                                                                    "Rows Removed by Filter": 1264009
                                                                                  }
                                                                                ]
                                                                              }
                                                                            ]
                                                                          },
                                                                          {
                                                                            "Node Type": "Sort",
                                                                            "Parent Relationship": "Inner",
                                                                            "Parallel Aware": false,
                                                                            "Startup Cost": 1.1,
                                                                            "Total Cost": 1.1,
                                                                            "Plan Rows": 1,
                                                                            "Plan Width": 4,
                                                                            "Actual Startup Time": 0.023,
                                                                            "Actual Total Time": 0.025,
                                                                            "Actual Rows": 1,
                                                                            "Actual Loops": 1,
                                                                            "Sort Key": [
                                                                              "kt.id"
                                                                            ],
                                                                            "Sort Method": "quicksort",
                                                                            "Sort Space Used": 25,
                                                                            "Sort Space Type": "Memory",
                                                                            "Plans": [
                                                                              {
                                                                                "Node Type": "Seq Scan",
                                                                                "Parent Relationship": "Outer",
                                                                                "Parallel Aware": false,
                                                                                "Relation Name": "kind_type",
                                                                                "Alias": "kt",
                                                                                "Startup Cost": 0.0,
                                                                                "Total Cost": 1.09,
                                                                                "Plan Rows": 1,
                                                                                "Plan Width": 4,
                                                                                "Actual Startup Time": 0.012,
                                                                                "Actual Total Time": 0.013,
                                                                                "Actual Rows": 1,
                                                                                "Actual Loops": 1,
                                                                                "Filter": "((kind)::text = 'movie'::text)",
                                                                                "Rows Removed by Filter": 6
                                                                              }
                                                                            ]
                                                                          }
                                                                        ]
                                                                      }
                                                                    ]
                                                                  }
                                                                ]
                                                              }
                                                            ]
                                                          },
                                                          {
                                                            "Node Type": "Sort",
                                                            "Parent Relationship": "Inner",
                                                            "Parallel Aware": false,
                                                            "Startup Cost": 2.42,
                                                            "Total Cost": 2.43,
                                                            "Plan Rows": 1,
                                                            "Plan Width": 4,
                                                            "Actual Startup Time": 0.031,
                                                            "Actual Total Time": 0.032,
                                                            "Actual Rows": 1,
                                                            "Actual Loops": 1,
                                                            "Sort Key": [
                                                              "it.id"
                                                            ],
                                                            "Sort Method": "quicksort",
                                                            "Sort Space Used": 25,
                                                            "Sort Space Type": "Memory",
                                                            "Plans": [
                                                              {
                                                                "Node Type": "Seq Scan",
                                                                "Parent Relationship": "Outer",
                                                                "Parallel Aware": false,
                                                                "Relation Name": "info_type",
                                                                "Alias": "it",
                                                                "Startup Cost": 0.0,
                                                                "Total Cost": 2.41,
                                                                "Plan Rows": 1,
                                                                "Plan Width": 4,
                                                                "Actual Startup Time": 0.022,
                                                                "Actual Total Time": 0.023,
                                                                "Actual Rows": 1,
                                                                "Actual Loops": 1,
                                                                "Filter": "((info)::text = 'rating'::text)",
                                                                "Rows Removed by Filter": 112
                                                              }
                                                            ]
                                                          }
                                                        ]
                                                      }
                                                    ]
                                                  }
                                                ]
                                              }
                                            ]
                                          }
                                        ]
                                      },
                                      {
                                        "Node Type": "Sort",
                                        "Parent Relationship": "Inner",
                                        "Parallel Aware": false,
                                        "Startup Cost": 2.42,
                                        "Total Cost": 2.43,
                                        "Plan Rows": 1,
                                        "Plan Width": 4,
                                        "Actual Startup Time": 0.034,
                                        "Actual Total Time": 0.035,
                                        "Actual Rows": 1,
                                        "Actual Loops": 1,
                                        "Sort Key": [
                                          "it2.id"
                                        ],
                                        "Sort Method": "quicksort",
                                        "Sort Space Used": 25,
                                        "Sort Space Type": "Memory",
                                        "Plans": [
                                          {
                                            "Node Type": "Seq Scan",
                                            "Parent Relationship": "Outer",
                                            "Parallel Aware": false,
                                            "Relation Name": "info_type",
                                            "Alias": "it2",
                                            "Startup Cost": 0.0,
                                            "Total Cost": 2.41,
                                            "Plan Rows": 1,
                                            "Plan Width": 4,
                                            "Actual Startup Time": 0.021,
                                            "Actual Total Time": 0.026,
                                            "Actual Rows": 1,
                                            "Actual Loops": 1,
                                            "Filter": "((info)::text = 'release dates'::text)",
                                            "Rows Removed by Filter": 112
                                          }
                                        ]
                                      }
                                    ]
                                  }
                                ]
                              }
                            ]
                          }
                        ]
                      }
                    ]
                  },
                  {
                    "Node Type": "Sort",
                    "Parent Relationship": "Inner",
                    "Parallel Aware": false,
                    "Startup Cost": 1.06,
                    "Total Cost": 1.06,
                    "Plan Rows": 1,
                    "Plan Width": 4,
                    "Actual Startup Time": 0.026,
                    "Actual Total Time": 0.026,
                    "Actual Rows": 1,
                    "Actual Loops": 1,
                    "Sort Key": [
                      "ct.id"
                    ],
                    "Sort Method": "quicksort",
                    "Sort Space Used": 25,
                    "Sort Space Type": "Memory",
                    "Plans": [
                      {
                        "Node Type": "Seq Scan",
                        "Parent Relationship": "Outer",
                        "Parallel Aware": false,
                        "Relation Name": "company_type",
                        "Alias": "ct",
                        "Startup Cost": 0.0,
                        "Total Cost": 1.05,
                        "Plan Rows": 1,
                        "Plan Width": 4,
                        "Actual Startup Time": 0.017,
                        "Actual Total Time": 0.017,
                        "Actual Rows": 1,
                        "Actual Loops": 1,
                        "Filter": "((kind)::text = 'production companies'::text)",
                        "Rows Removed by Filter": 3
                      }
                    ]
                  }
                ]
              }
            ]
          }
        ]
      }
    ]
  },
  "Planning Time": 2.778,
  "Triggers": [],
  "Execution Time": 4366.874
}