[
    {
        "Bao": {
            "Bao prediction": "NaN",
            "Bao recommended hint": "(no hint)"
        }
    },
    {
        "Plan": {
            "Node Type": "Aggregate",
            "Strategy": "Plain",
            "Partial Mode": "Finalize",
            "Parallel Aware": false,
            "Startup Cost": 25146.39,
            "Total Cost": 25146.4,
            "Plan Rows": 1,
            "Plan Width": 8,
            "Actual Startup Time": 65.037,
            "Actual Total Time": 69.178,
            "Actual Rows": 1,
            "Actual Loops": 1,
            "Output": [
                "count(*)"
            ],
            "Plans": [
                {
                    "Node Type": "Gather",
                    "Parent Relationship": "Outer",
                    "Parallel Aware": false,
                    "Startup Cost": 25146.07,
                    "Total Cost": 25146.38,
                    "Plan Rows": 3,
                    "Plan Width": 8,
                    "Actual Startup Time": 64.803,
                    "Actual Total Time": 69.169,
                    "Actual Rows": 4,
                    "Actual Loops": 1,
                    "Output": [
                        "(PARTIAL count(*))"
                    ],
                    "Workers Planned": 3,
                    "Workers Launched": 3,
                    "Single Copy": false,
                    "Plans": [
                        {
                            "Node Type": "Aggregate",
                            "Strategy": "Plain",
                            "Partial Mode": "Partial",
                            "Parent Relationship": "Outer",
                            "Parallel Aware": false,
                            "Startup Cost": 24146.07,
                            "Total Cost": 24146.08,
                            "Plan Rows": 1,
                            "Plan Width": 8,
                            "Actual Startup Time": 56.407,
                            "Actual Total Time": 56.409,
                            "Actual Rows": 1,
                            "Actual Loops": 4,
                            "Output": [
                                "PARTIAL count(*)"
                            ],
                            "Workers": [
                                {
                                    "Worker Number": 0,
                                    "Actual Startup Time": 53.622,
                                    "Actual Total Time": 53.624,
                                    "Actual Rows": 1,
                                    "Actual Loops": 1
                                },
                                {
                                    "Worker Number": 1,
                                    "Actual Startup Time": 53.652,
                                    "Actual Total Time": 53.653,
                                    "Actual Rows": 1,
                                    "Actual Loops": 1
                                },
                                {
                                    "Worker Number": 2,
                                    "Actual Startup Time": 53.88,
                                    "Actual Total Time": 53.881,
                                    "Actual Rows": 1,
                                    "Actual Loops": 1
                                }
                            ],
                            "Plans": [
                                {
                                    "Node Type": "Bitmap Heap Scan",
                                    "Parent Relationship": "Outer",
                                    "Parallel Aware": true,
                                    "Relation Name": "movie_companies",
                                    "Schema": "public",
                                    "Alias": "mc",
                                    "Startup Cost": 4378.37,
                                    "Total Cost": 23983.12,
                                    "Plan Rows": 65180,
                                    "Plan Width": 0,
                                    "Actual Startup Time": 9.806,
                                    "Actual Total Time": 51.529,
                                    "Actual Rows": 50823,
                                    "Actual Loops": 4,
                                    "Recheck Cond": "(mc.company_id < 67)",
                                    "Rows Removed by Index Recheck": 0,
                                    "Exact Heap Blocks": 7666,
                                    "Lossy Heap Blocks": 0,
                                    "Workers": [
                                        {
                                            "Worker Number": 0,
                                            "Actual Startup Time": 7.028,
                                            "Actual Total Time": 49.361,
                                            "Actual Rows": 33567,
                                            "Actual Loops": 1
                                        },
                                        {
                                            "Worker Number": 1,
                                            "Actual Startup Time": 7.368,
                                            "Actual Total Time": 49.582,
                                            "Actual Rows": 29949,
                                            "Actual Loops": 1
                                        },
                                        {
                                            "Worker Number": 2,
                                            "Actual Startup Time": 7.307,
                                            "Actual Total Time": 49.641,
                                            "Actual Rows": 32885,
                                            "Actual Loops": 1
                                        }
                                    ],
                                    "Plans": [
                                        {
                                            "Node Type": "Bitmap Index Scan",
                                            "Parent Relationship": "Outer",
                                            "Parallel Aware": false,
                                            "Index Name": "company_id_movie_companies",
                                            "Startup Cost": 0.0,
                                            "Total Cost": 4327.86,
                                            "Plan Rows": 202057,
                                            "Plan Width": 0,
                                            "Actual Startup Time": 13.92,
                                            "Actual Total Time": 13.92,
                                            "Actual Rows": 203291,
                                            "Actual Loops": 1,
                                            "Index Cond": "(mc.company_id < 67)"
                                        }
                                    ]
                                }
                            ]
                        }
                    ]
                }
            ]
        },
        "Planning Time": 300.072,
        "Triggers": [],
        "Execution Time": 69.246
    }
]