[
  {
    "Plan": {
      "Node Type": "Aggregate",
      "Strategy": "Plain",
      "Partial Mode": "Finalize",
      "Parallel Aware": false,
      "Startup Cost": 101345.07,
      "Total Cost": 101345.08,
      "Plan Rows": 1,
      "Plan Width": 8,
      "Actual Startup Time": 231.382,
      "Actual Total Time": 248.26,
      "Actual Rows": 1,
      "Actual Loops": 1,
      "Plans": [
        {
          "Node Type": "Gather",
          "Parent Relationship": "Outer",
          "Parallel Aware": false,
          "Startup Cost": 101344.75,
          "Total Cost": 101345.06,
          "Plan Rows": 3,
          "Plan Width": 8,
          "Actual Startup Time": 230.937,
          "Actual Total Time": 248.251,
          "Actual Rows": 4,
          "Actual Loops": 1,
          "Workers Planned": 3,
          "Workers Launched": 3,
          "Single Copy": false,
          "Plans": [
            {
              "Node Type": "Aggregate",
              "Strategy": "Plain",
              "Partial Mode": "Partial",
              "Parent Relationship": "Outer",
              "Parallel Aware": false,
              "Startup Cost": 100344.75,
              "Total Cost": 100344.76,
              "Plan Rows": 1,
              "Plan Width": 8,
              "Actual Startup Time": 221.654,
              "Actual Total Time": 221.657,
              "Actual Rows": 1,
              "Actual Loops": 4,
              "Plans": [
                {
                  "Node Type": "Nested Loop",
                  "Parent Relationship": "Outer",
                  "Parallel Aware": false,
                  "Join Type": "Inner",
                  "Startup Cost": 45711.98,
                  "Total Cost": 100288.51,
                  "Plan Rows": 22496,
                  "Plan Width": 0,
                  "Actual Startup Time": 137.497,
                  "Actual Total Time": 221.174,
                  "Actual Rows": 10172,
                  "Actual Loops": 4,
                  "Inner Unique": false,
                  "Join Filter": "(t.id = mk.movie_id)",
                  "Rows Removed by Join Filter": 0,
                  "Plans": [
                    {
                      "Node Type": "Hash Join",
                      "Parent Relationship": "Outer",
                      "Parallel Aware": true,
                      "Join Type": "Inner",
                      "Startup Cost": 45711.55,
                      "Total Cost": 76143.99,
                      "Plan Rows": 12573,
                      "Plan Width": 8,
                      "Actual Startup Time": 137.064,
                      "Actual Total Time": 209.534,
                      "Actual Rows": 3769,
                      "Actual Loops": 4,
                      "Inner Unique": true,
                      "Hash Cond": "(mc.movie_id = t.id)",
                      "Plans": [
                        {
                          "Node Type": "Seq Scan",
                          "Parent Relationship": "Outer",
                          "Parallel Aware": true,
                          "Relation Name": "movie_companies",
                          "Alias": "mc",
                          "Startup Cost": 0.0,
                          "Total Cost": 29310.68,
                          "Plan Rows": 427336,
                          "Plan Width": 4,
                          "Actual Startup Time": 29.6,
                          "Actual Total Time": 67.089,
                          "Actual Rows": 333721,
                          "Actual Loops": 4,
                          "Filter": "(company_type_id = 2)",
                          "Rows Removed by Filter": 318562
                        },
                        {
                          "Node Type": "Hash",
                          "Parent Relationship": "Inner",
                          "Parallel Aware": true,
                          "Startup Cost": 45479.1,
                          "Total Cost": 45479.1,
                          "Plan Rows": 18596,
                          "Plan Width": 4,
                          "Actual Startup Time": 105.453,
                          "Actual Total Time": 105.454,
                          "Actual Rows": 21027,
                          "Actual Loops": 4,
                          "Hash Buckets": 131072,
                          "Original Hash Buckets": 131072,
                          "Hash Batches": 1,
                          "Original Hash Batches": 1,
                          "Peak Memory Usage": 4384,
                          "Plans": [
                            {
                              "Node Type": "Seq Scan",
                              "Parent Relationship": "Outer",
                              "Parallel Aware": true,
                              "Relation Name": "title",
                              "Alias": "t",
                              "Startup Cost": 0.0,
                              "Total Cost": 45479.1,
                              "Plan Rows": 18596,
                              "Plan Width": 4,
                              "Actual Startup Time": 0.039,
                              "Actual Total Time": 96.698,
                              "Actual Rows": 21027,
                              "Actual Loops": 4,
                              "Filter": "((kind_id = 7) AND (production_year = 2008))",
                              "Rows Removed by Filter": 611051
                            }
                          ]
                        }
                      ]
                    },
                    {
                      "Node Type": "Index Only Scan",
                      "Parent Relationship": "Inner",
                      "Parallel Aware": false,
                      "Scan Direction": "Forward",
                      "Index Name": "movie_id_movie_keyword",
                      "Relation Name": "movie_keyword",
                      "Alias": "mk",
                      "Startup Cost": 0.43,
                      "Total Cost": 1.36,
                      "Plan Rows": 45,
                      "Plan Width": 4,
                      "Actual Startup Time": 0.002,
                      "Actual Total Time": 0.003,
                      "Actual Rows": 3,
                      "Actual Loops": 15075,
                      "Index Cond": "(movie_id = mc.movie_id)",
                      "Rows Removed by Index Recheck": 0,
                      "Heap Fetches": 40689
                    }
                  ]
                }
              ]
            }
          ]
        }
      ]
    },
    "Planning Time": 1.502,
    "Triggers": [],
    "Execution Time": 248.35
  }
]