[
  {
    "Plan": {
      "Node Type": "Aggregate",
      "Strategy": "Plain",
      "Partial Mode": "Finalize",
      "Parallel Aware": false,
      "Startup Cost": 392806.74,
      "Total Cost": 392806.75,
      "Plan Rows": 1,
      "Plan Width": 8,
      "Actual Startup Time": 900.218,
      "Actual Total Time": 966.798,
      "Actual Rows": 1,
      "Actual Loops": 1,
      "Plans": [
        {
          "Node Type": "Gather",
          "Parent Relationship": "Outer",
          "Parallel Aware": false,
          "Startup Cost": 392806.12,
          "Total Cost": 392806.73,
          "Plan Rows": 6,
          "Plan Width": 8,
          "Actual Startup Time": 899.488,
          "Actual Total Time": 966.775,
          "Actual Rows": 7,
          "Actual Loops": 1,
          "Workers Planned": 6,
          "Workers Launched": 6,
          "Single Copy": false,
          "Plans": [
            {
              "Node Type": "Aggregate",
              "Strategy": "Plain",
              "Partial Mode": "Partial",
              "Parent Relationship": "Outer",
              "Parallel Aware": false,
              "Startup Cost": 391806.12,
              "Total Cost": 391806.13,
              "Plan Rows": 1,
              "Plan Width": 8,
              "Actual Startup Time": 890.888,
              "Actual Total Time": 890.891,
              "Actual Rows": 1,
              "Actual Loops": 7,
              "Plans": [
                {
                  "Node Type": "Hash Join",
                  "Parent Relationship": "Outer",
                  "Parallel Aware": true,
                  "Join Type": "Inner",
                  "Startup Cost": 45760.76,
                  "Total Cost": 391714.56,
                  "Plan Rows": 36624,
                  "Plan Width": 0,
                  "Actual Startup Time": 417.285,
                  "Actual Total Time": 887.589,
                  "Actual Rows": 55587,
                  "Actual Loops": 7,
                  "Inner Unique": true,
                  "Hash Cond": "(ci.movie_id = t.id)",
                  "Plans": [
                    {
                      "Node Type": "Seq Scan",
                      "Parent Relationship": "Outer",
                      "Parallel Aware": true,
                      "Relation Name": "cast_info",
                      "Alias": "ci",
                      "Startup Cost": 0.0,
                      "Total Cost": 343257.03,
                      "Plan Rows": 1027340,
                      "Plan Width": 4,
                      "Actual Startup Time": 336.877,
                      "Actual Total Time": 633.887,
                      "Actual Rows": 1329500,
                      "Actual Loops": 7,
                      "Filter": "((person_id > 2770962) AND (role_id > 1))",
                      "Rows Removed by Filter": 3848264
                    },
                    {
                      "Node Type": "Hash",
                      "Parent Relationship": "Inner",
                      "Parallel Aware": true,
                      "Startup Cost": 45479.1,
                      "Total Cost": 45479.1,
                      "Plan Rows": 22533,
                      "Plan Width": 4,
                      "Actual Startup Time": 78.986,
                      "Actual Total Time": 78.987,
                      "Actual Rows": 11570,
                      "Actual Loops": 7,
                      "Hash Buckets": 131072,
                      "Original Hash Buckets": 131072,
                      "Hash Batches": 1,
                      "Original Hash Batches": 1,
                      "Peak Memory Usage": 4320,
                      "Plans": [
                        {
                          "Node Type": "Seq Scan",
                          "Parent Relationship": "Outer",
                          "Parallel Aware": true,
                          "Relation Name": "title",
                          "Alias": "t",
                          "Startup Cost": 0.0,
                          "Total Cost": 45479.1,
                          "Plan Rows": 22533,
                          "Plan Width": 4,
                          "Actual Startup Time": 0.125,
                          "Actual Total Time": 73.949,
                          "Actual Rows": 11570,
                          "Actual Loops": 7,
                          "Filter": "((kind_id < 7) AND (production_year > 2011))",
                          "Rows Removed by Filter": 349617
                        }
                      ]
                    }
                  ]
                }
              ]
            }
          ]
        }
      ]
    },
    "Planning Time": 0.53,
    "Triggers": [],
    "Execution Time": 966.874
  }
]