[
  {
    "Plan": {
      "Node Type": "Aggregate",
      "Strategy": "Plain",
      "Partial Mode": "Finalize",
      "Parallel Aware": false,
      "Startup Cost": 184522.44,
      "Total Cost": 184522.45,
      "Plan Rows": 1,
      "Plan Width": 8,
      "Actual Startup Time": 145.337,
      "Actual Total Time": 155.588,
      "Actual Rows": 1,
      "Actual Loops": 1,
      "Plans": [
        {
          "Node Type": "Gather",
          "Parent Relationship": "Outer",
          "Parallel Aware": false,
          "Startup Cost": 184521.92,
          "Total Cost": 184522.43,
          "Plan Rows": 5,
          "Plan Width": 8,
          "Actual Startup Time": 144.624,
          "Actual Total Time": 155.581,
          "Actual Rows": 6,
          "Actual Loops": 1,
          "Workers Planned": 5,
          "Workers Launched": 5,
          "Single Copy": false,
          "Plans": [
            {
              "Node Type": "Aggregate",
              "Strategy": "Plain",
              "Partial Mode": "Partial",
              "Parent Relationship": "Outer",
              "Parallel Aware": false,
              "Startup Cost": 183521.92,
              "Total Cost": 183521.93,
              "Plan Rows": 1,
              "Plan Width": 8,
              "Actual Startup Time": 137.257,
              "Actual Total Time": 137.259,
              "Actual Rows": 1,
              "Actual Loops": 6,
              "Plans": [
                {
                  "Node Type": "Bitmap Heap Scan",
                  "Parent Relationship": "Outer",
                  "Parallel Aware": true,
                  "Relation Name": "movie_info",
                  "Alias": "mi",
                  "Startup Cost": 18470.18,
                  "Total Cost": 183012.13,
                  "Plan Rows": 203916,
                  "Plan Width": 0,
                  "Actual Startup Time": 51.937,
                  "Actual Total Time": 126.338,
                  "Actual Rows": 161746,
                  "Actual Loops": 6,
                  "Recheck Cond": "(info_type_id > 92)",
                  "Rows Removed by Index Recheck": 0,
                  "Exact Heap Blocks": 10752,
                  "Lossy Heap Blocks": 0,
                  "Plans": [
                    {
                      "Node Type": "Bitmap Index Scan",
                      "Parent Relationship": "Outer",
                      "Parallel Aware": false,
                      "Index Name": "info_type_id_movie_info",
                      "Startup Cost": 0.0,
                      "Total Cost": 18215.28,
                      "Plan Rows": 1019580,
                      "Plan Width": 0,
                      "Actual Startup Time": 53.186,
                      "Actual Total Time": 53.186,
                      "Actual Rows": 970477,
                      "Actual Loops": 1,
                      "Index Cond": "(info_type_id > 92)"
                    }
                  ]
                }
              ]
            }
          ]
        }
      ]
    },
    "Planning Time": 0.115,
    "Triggers": [],
    "Execution Time": 155.642
  }
]