{
  "Plan": {
    "Node Type": "Aggregate",
    "Strategy": "Plain",
    "Partial Mode": "Finalize",
    "Parallel Aware": false,
    "Startup Cost": 461631.45,
    "Total Cost": 461631.46,
    "Plan Rows": 1,
    "Plan Width": 8,
    "Actual Startup Time": 1344.422,
    "Actual Total Time": 1376.701,
    "Actual Rows": 1,
    "Actual Loops": 1,
    "Plans": [
      {
        "Node Type": "Gather",
        "Parent Relationship": "Outer",
        "Parallel Aware": false,
        "Startup Cost": 461631.34,
        "Total Cost": 461631.45,
        "Plan Rows": 1,
        "Plan Width": 8,
        "Actual Startup Time": 1343.659,
        "Actual Total Time": 1376.692,
        "Actual Rows": 2,
        "Actual Loops": 1,
        "Workers Planned": 1,
        "Workers Launched": 1,
        "Single Copy": false,
        "Plans": [
          {
            "Node Type": "Aggregate",
            "Strategy": "Plain",
            "Partial Mode": "Partial",
            "Parent Relationship": "Outer",
            "Parallel Aware": false,
            "Startup Cost": 460631.34,
            "Total Cost": 460631.35,
            "Plan Rows": 1,
            "Plan Width": 8,
            "Actual Startup Time": 1337.631,
            "Actual Total Time": 1337.635,
            "Actual Rows": 1,
            "Actual Loops": 2,
            "Plans": [
              {
                "Node Type": "Hash Join",
                "Parent Relationship": "Outer",
                "Parallel Aware": true,
                "Join Type": "Inner",
                "Startup Cost": 55490.88,
                "Total Cost": 460287.46,
                "Plan Rows": 137551,
                "Plan Width": 0,
                "Actual Startup Time": 120.593,
                "Actual Total Time": 1327.948,
                "Actual Rows": 216711,
                "Actual Loops": 2,
                "Inner Unique": true,
                "Hash Cond": "(ci.movie_id = t.id)",
                "Plans": [
                  {
                    "Node Type": "Index Scan",
                    "Parent Relationship": "Outer",
                    "Parallel Aware": true,
                    "Scan Direction": "Forward",
                    "Index Name": "role_id_cast_info",
                    "Relation Name": "cast_info",
                    "Alias": "ci",
                    "Startup Cost": 0.56,
                    "Total Cost": 400977.7,
                    "Plan Rows": 1455024,
                    "Plan Width": 4,
                    "Actual Startup Time": 0.167,
                    "Actual Total Time": 844.868,
                    "Actual Rows": 2658154,
                    "Actual Loops": 2,
                    "Index Cond": "(role_id = 1)",
                    "Rows Removed by Index Recheck": 0,
                    "Filter": "(person_id < 713413)",
                    "Rows Removed by Filter": 3677190
                  },
                  {
                    "Node Type": "Hash",
                    "Parent Relationship": "Inner",
                    "Parallel Aware": true,
                    "Startup Cost": 53732.86,
                    "Total Cost": 53732.86,
                    "Plan Rows": 140596,
                    "Plan Width": 4,
                    "Actual Startup Time": 117.042,
                    "Actual Total Time": 117.044,
                    "Actual Rows": 100082,
                    "Actual Loops": 2,
                    "Hash Buckets": 262144,
                    "Original Hash Buckets": 262144,
                    "Hash Batches": 1,
                    "Original Hash Batches": 1,
                    "Peak Memory Usage": 9920,
                    "Plans": [
                      {
                        "Node Type": "Bitmap Heap Scan",
                        "Parent Relationship": "Outer",
                        "Parallel Aware": true,
                        "Relation Name": "title",
                        "Alias": "t",
                        "Startup Cost": 11882.6,
                        "Total Cost": 53732.86,
                        "Plan Rows": 140596,
                        "Plan Width": 4,
                        "Actual Startup Time": 35.57,
                        "Actual Total Time": 95.884,
                        "Actual Rows": 100082,
                        "Actual Loops": 2,
                        "Recheck Cond": "(kind_id = 1)",
                        "Rows Removed by Index Recheck": 0,
                        "Filter": "(production_year > 2006)",
                        "Rows Removed by Filter": 231330,
                        "Exact Heap Blocks": 8686,
                        "Lossy Heap Blocks": 0,
                        "Plans": [
                          {
                            "Node Type": "Bitmap Index Scan",
                            "Parent Relationship": "Outer",
                            "Parallel Aware": false,
                            "Index Name": "kind_id_title",
                            "Startup Cost": 0.0,
                            "Total Cost": 11822.85,
                            "Plan Rows": 663256,
                            "Plan Width": 0,
                            "Actual Startup Time": 36.267,
                            "Actual Total Time": 36.267,
                            "Actual Rows": 662825,
                            "Actual Loops": 1,
                            "Index Cond": "(kind_id = 1)"
                          }
                        ]
                      }
                    ]
                  }
                ]
              }
            ]
          }
        ]
      }
    ]
  },
  "Planning Time": 0.605,
  "Triggers": [],
  "Execution Time": 1376.794
}