{
  "Plan": {
    "Node Type": "Aggregate",
    "Strategy": "Plain",
    "Partial Mode": "Finalize",
    "Parallel Aware": false,
    "Startup Cost": 307632.05,
    "Total Cost": 307632.06,
    "Plan Rows": 1,
    "Plan Width": 8,
    "Actual Startup Time": 224.309,
    "Actual Total Time": 259.037,
    "Actual Rows": 1,
    "Actual Loops": 1,
    "Plans": [
      {
        "Node Type": "Gather",
        "Parent Relationship": "Outer",
        "Parallel Aware": false,
        "Startup Cost": 307631.94,
        "Total Cost": 307632.05,
        "Plan Rows": 1,
        "Plan Width": 8,
        "Actual Startup Time": 224.214,
        "Actual Total Time": 259.03,
        "Actual Rows": 2,
        "Actual Loops": 1,
        "Workers Planned": 1,
        "Workers Launched": 1,
        "Single Copy": false,
        "Plans": [
          {
            "Node Type": "Aggregate",
            "Strategy": "Plain",
            "Partial Mode": "Partial",
            "Parent Relationship": "Outer",
            "Parallel Aware": false,
            "Startup Cost": 306631.94,
            "Total Cost": 306631.95,
            "Plan Rows": 1,
            "Plan Width": 8,
            "Actual Startup Time": 218.304,
            "Actual Total Time": 218.306,
            "Actual Rows": 1,
            "Actual Loops": 2,
            "Plans": [
              {
                "Node Type": "Nested Loop",
                "Parent Relationship": "Outer",
                "Parallel Aware": false,
                "Join Type": "Inner",
                "Startup Cost": 0.56,
                "Total Cost": 306560.21,
                "Plan Rows": 28692,
                "Plan Width": 0,
                "Actual Startup Time": 2.3,
                "Actual Total Time": 216.31,
                "Actual Rows": 29711,
                "Actual Loops": 2,
                "Inner Unique": false,
                "Plans": [
                  {
                    "Node Type": "Seq Scan",
                    "Parent Relationship": "Outer",
                    "Parallel Aware": true,
                    "Relation Name": "title",
                    "Alias": "t",
                    "Startup Cost": 0.0,
                    "Total Cost": 58306.47,
                    "Plan Rows": 2002,
                    "Plan Width": 4,
                    "Actual Startup Time": 1.028,
                    "Actual Total Time": 129.564,
                    "Actual Rows": 1714,
                    "Actual Loops": 2,
                    "Filter": "((kind_id < 7) AND (production_year = 1956))",
                    "Rows Removed by Filter": 1262442
                  },
                  {
                    "Node Type": "Index Only Scan",
                    "Parent Relationship": "Inner",
                    "Parallel Aware": false,
                    "Scan Direction": "Forward",
                    "Index Name": "movie_id_cast_info",
                    "Relation Name": "cast_info",
                    "Alias": "ci",
                    "Startup Cost": 0.56,
                    "Total Cost": 123.63,
                    "Plan Rows": 37,
                    "Plan Width": 4,
                    "Actual Startup Time": 0.01,
                    "Actual Total Time": 0.049,
                    "Actual Rows": 17,
                    "Actual Loops": 3427,
                    "Index Cond": "(movie_id = t.id)",
                    "Rows Removed by Index Recheck": 0,
                    "Heap Fetches": 59422
                  }
                ]
              }
            ]
          }
        ]
      }
    ]
  },
  "Planning Time": 0.498,
  "Triggers": [],
  "Execution Time": 259.121
}