[
  {
    "Plan": {
      "Node Type": "Aggregate",
      "Strategy": "Plain",
      "Partial Mode": "Simple",
      "Parallel Aware": false,
      "Startup Cost": 39312.41,
      "Total Cost": 39312.42,
      "Plan Rows": 1,
      "Plan Width": 8,
      "Actual Startup Time": 57.927,
      "Actual Total Time": 57.928,
      "Actual Rows": 1,
      "Actual Loops": 1,
      "Plans": [
        {
          "Node Type": "Bitmap Heap Scan",
          "Parent Relationship": "Outer",
          "Parallel Aware": false,
          "Relation Name": "title",
          "Alias": "t",
          "Startup Cost": 1714.8,
          "Total Cost": 39138.84,
          "Plan Rows": 69428,
          "Plan Width": 0,
          "Actual Startup Time": 11.814,
          "Actual Total Time": 54.685,
          "Actual Rows": 70398,
          "Actual Loops": 1,
          "Recheck Cond": "(kind_id = 2)",
          "Rows Removed by Index Recheck": 0,
          "Filter": "(production_year > 1986)",
          "Rows Removed by Filter": 20454,
          "Exact Heap Blocks": 23872,
          "Lossy Heap Blocks": 0,
          "Plans": [
            {
              "Node Type": "Bitmap Index Scan",
              "Parent Relationship": "Outer",
              "Parallel Aware": false,
              "Index Name": "kind_id_title",
              "Startup Cost": 0.0,
              "Total Cost": 1697.45,
              "Plan Rows": 95069,
              "Plan Width": 0,
              "Actual Startup Time": 6.722,
              "Actual Total Time": 6.722,
              "Actual Rows": 90852,
              "Actual Loops": 1,
              "Index Cond": "(kind_id = 2)"
            }
          ]
        }
      ]
    },
    "Planning Time": 0.091,
    "Triggers": [],
    "Execution Time": 57.959
  }
]