[
  {
    "Plan": {
      "Node Type": "Aggregate",
      "Strategy": "Plain",
      "Partial Mode": "Finalize",
      "Parallel Aware": false,
      "Startup Cost": 455489.03,
      "Total Cost": 455489.04,
      "Plan Rows": 1,
      "Plan Width": 8,
      "Actual Startup Time": 1728.184,
      "Actual Total Time": 1807.973,
      "Actual Rows": 1,
      "Actual Loops": 1,
      "Plans": [
        {
          "Node Type": "Gather",
          "Parent Relationship": "Outer",
          "Parallel Aware": false,
          "Startup Cost": 455488.41,
          "Total Cost": 455489.02,
          "Plan Rows": 6,
          "Plan Width": 8,
          "Actual Startup Time": 1715.788,
          "Actual Total Time": 1807.942,
          "Actual Rows": 7,
          "Actual Loops": 1,
          "Workers Planned": 6,
          "Workers Launched": 6,
          "Single Copy": false,
          "Plans": [
            {
              "Node Type": "Aggregate",
              "Strategy": "Plain",
              "Partial Mode": "Partial",
              "Parent Relationship": "Outer",
              "Parallel Aware": false,
              "Startup Cost": 454488.41,
              "Total Cost": 454488.42,
              "Plan Rows": 1,
              "Plan Width": 8,
              "Actual Startup Time": 1706.701,
              "Actual Total Time": 1706.947,
              "Actual Rows": 1,
              "Actual Loops": 7,
              "Plans": [
                {
                  "Node Type": "Hash Join",
                  "Parent Relationship": "Outer",
                  "Parallel Aware": true,
                  "Join Type": "Inner",
                  "Startup Cost": 97032.43,
                  "Total Cost": 452414.39,
                  "Plan Rows": 829608,
                  "Plan Width": 0,
                  "Actual Startup Time": 376.738,
                  "Actual Total Time": 1681.363,
                  "Actual Rows": 393682,
                  "Actual Loops": 7,
                  "Inner Unique": false,
                  "Hash Cond": "(ci.movie_id = t.id)",
                  "Plans": [
                    {
                      "Node Type": "Seq Scan",
                      "Parent Relationship": "Outer",
                      "Parallel Aware": true,
                      "Relation Name": "cast_info",
                      "Alias": "ci",
                      "Startup Cost": 0.0,
                      "Total Cost": 343316.27,
                      "Plan Rows": 2503876,
                      "Plan Width": 4,
                      "Actual Startup Time": 0.022,
                      "Actual Total Time": 879.209,
                      "Actual Rows": 2375875,
                      "Actual Loops": 7,
                      "Filter": "((person_id < 1717716) AND (role_id < 10))",
                      "Rows Removed by Filter": 2801888
                    },
                    {
                      "Node Type": "Hash",
                      "Parent Relationship": "Inner",
                      "Parallel Aware": true,
                      "Startup Cost": 93654.44,
                      "Total Cost": 93654.44,
                      "Plan Rows": 270239,
                      "Plan Width": 8,
                      "Actual Startup Time": 374.204,
                      "Actual Total Time": 374.448,
                      "Actual Rows": 26282,
                      "Actual Loops": 7,
                      "Hash Buckets": 1048576,
                      "Original Hash Buckets": 1048576,
                      "Hash Batches": 1,
                      "Original Hash Batches": 1,
                      "Peak Memory Usage": 15520,
                      "Plans": [
                        {
                          "Node Type": "Hash Join",
                          "Parent Relationship": "Outer",
                          "Parallel Aware": true,
                          "Join Type": "Inner",
                          "Startup Cost": 49597.74,
                          "Total Cost": 93654.44,
                          "Plan Rows": 270239,
                          "Plan Width": 8,
                          "Actual Startup Time": 223.08,
                          "Actual Total Time": 356.806,
                          "Actual Rows": 26282,
                          "Actual Loops": 7,
                          "Inner Unique": true,
                          "Hash Cond": "(mk.movie_id = t.id)",
                          "Plans": [
                            {
                              "Node Type": "Seq Scan",
                              "Parent Relationship": "Outer",
                              "Parallel Aware": true,
                              "Relation Name": "movie_keyword",
                              "Alias": "mk",
                              "Startup Cost": 0.0,
                              "Total Cost": 42695.65,
                              "Plan Rows": 518497,
                              "Plan Width": 4,
                              "Actual Startup Time": 0.039,
                              "Actual Total Time": 85.209,
                              "Actual Rows": 229456,
                              "Actual Loops": 7,
                              "Filter": "(keyword_id < 2488)",
                              "Rows Removed by Filter": 416820
                            },
                            {
                              "Node Type": "Hash",
                              "Parent Relationship": "Inner",
                              "Parallel Aware": true,
                              "Startup Cost": 45479.59,
                              "Total Cost": 45479.59,
                              "Plan Rows": 329452,
                              "Plan Width": 4,
                              "Actual Startup Time": 220.274,
                              "Actual Total Time": 220.276,
                              "Actual Rows": 198789,
                              "Actual Loops": 7,
                              "Hash Buckets": 2097152,
                              "Original Hash Buckets": 2097152,
                              "Hash Batches": 1,
                              "Original Hash Batches": 1,
                              "Peak Memory Usage": 70912,
                              "Plans": [
                                {
                                  "Node Type": "Seq Scan",
                                  "Parent Relationship": "Outer",
                                  "Parallel Aware": true,
                                  "Relation Name": "title",
                                  "Alias": "t",
                                  "Startup Cost": 0.0,
                                  "Total Cost": 45479.59,
                                  "Plan Rows": 329452,
                                  "Plan Width": 4,
                                  "Actual Startup Time": 0.072,
                                  "Actual Total Time": 99.842,
                                  "Actual Rows": 198789,
                                  "Actual Loops": 7,
                                  "Filter": "((production_year > 1965) AND (kind_id = 7))",
                                  "Rows Removed by Filter": 162398
                                }
                              ]
                            }
                          ]
                        }
                      ]
                    }
                  ]
                }
              ]
            }
          ]
        }
      ]
    },
    "Planning Time": 0.606,
    "Triggers": [],
    "Execution Time": 1808.045
  }
]