{
  "Plan": {
    "Node Type": "Aggregate",
    "Strategy": "Plain",
    "Partial Mode": "Finalize",
    "Parallel Aware": false,
    "Startup Cost": 484886.1,
    "Total Cost": 484886.11,
    "Plan Rows": 1,
    "Plan Width": 8,
    "Actual Startup Time": 1835.285,
    "Actual Total Time": 1872.985,
    "Actual Rows": 1,
    "Actual Loops": 1,
    "Plans": [
      {
        "Node Type": "Gather",
        "Parent Relationship": "Outer",
        "Parallel Aware": false,
        "Startup Cost": 484885.99,
        "Total Cost": 484886.1,
        "Plan Rows": 1,
        "Plan Width": 8,
        "Actual Startup Time": 1833.832,
        "Actual Total Time": 1872.975,
        "Actual Rows": 2,
        "Actual Loops": 1,
        "Workers Planned": 1,
        "Workers Launched": 1,
        "Single Copy": false,
        "Plans": [
          {
            "Node Type": "Aggregate",
            "Strategy": "Plain",
            "Partial Mode": "Partial",
            "Parent Relationship": "Outer",
            "Parallel Aware": false,
            "Startup Cost": 483885.99,
            "Total Cost": 483886.0,
            "Plan Rows": 1,
            "Plan Width": 8,
            "Actual Startup Time": 1828.062,
            "Actual Total Time": 1828.065,
            "Actual Rows": 1,
            "Actual Loops": 2,
            "Plans": [
              {
                "Node Type": "Hash Join",
                "Parent Relationship": "Outer",
                "Parallel Aware": true,
                "Join Type": "Inner",
                "Startup Cost": 64279.97,
                "Total Cost": 479521.27,
                "Plan Rows": 1745887,
                "Plan Width": 0,
                "Actual Startup Time": 651.778,
                "Actual Total Time": 1789.246,
                "Actual Rows": 942982,
                "Actual Loops": 2,
                "Inner Unique": true,
                "Hash Cond": "(ci.movie_id = t.id)",
                "Plans": [
                  {
                    "Node Type": "Index Scan",
                    "Parent Relationship": "Outer",
                    "Parallel Aware": true,
                    "Scan Direction": "Forward",
                    "Index Name": "role_id_cast_info",
                    "Relation Name": "cast_info",
                    "Alias": "ci",
                    "Startup Cost": 0.56,
                    "Total Cost": 400977.7,
                    "Plan Rows": 5433959,
                    "Plan Width": 4,
                    "Actual Startup Time": 401.428,
                    "Actual Total Time": 860.094,
                    "Actual Rows": 2922972,
                    "Actual Loops": 2,
                    "Index Cond": "(role_id = 1)",
                    "Rows Removed by Index Recheck": 0,
                    "Filter": "(person_id > 934383)",
                    "Rows Removed by Filter": 3412372
                  },
                  {
                    "Node Type": "Hash",
                    "Parent Relationship": "Inner",
                    "Parallel Aware": true,
                    "Startup Cost": 58306.47,
                    "Total Cost": 58306.47,
                    "Plan Rows": 477835,
                    "Plan Width": 4,
                    "Actual Startup Time": 241.358,
                    "Actual Total Time": 241.359,
                    "Actual Rows": 359865,
                    "Actual Loops": 2,
                    "Hash Buckets": 1048576,
                    "Original Hash Buckets": 1048576,
                    "Hash Batches": 1,
                    "Original Hash Batches": 1,
                    "Peak Memory Usage": 36384,
                    "Plans": [
                      {
                        "Node Type": "Seq Scan",
                        "Parent Relationship": "Outer",
                        "Parallel Aware": true,
                        "Relation Name": "title",
                        "Alias": "t",
                        "Startup Cost": 0.0,
                        "Total Cost": 58306.47,
                        "Plan Rows": 477835,
                        "Plan Width": 4,
                        "Actual Startup Time": 0.045,
                        "Actual Total Time": 155.884,
                        "Actual Rows": 359865,
                        "Actual Loops": 2,
                        "Filter": "((kind_id < 7) AND (production_year > 1971))",
                        "Rows Removed by Filter": 904291
                      }
                    ]
                  }
                ]
              }
            ]
          }
        ]
      }
    ]
  },
  "Planning Time": 0.671,
  "Triggers": [],
  "Execution Time": 1873.069
}