[
  {
    "Plan": {
      "Node Type": "Aggregate",
      "Strategy": "Plain",
      "Partial Mode": "Finalize",
      "Parallel Aware": false,
      "Startup Cost": 349117.89,
      "Total Cost": 349117.9,
      "Plan Rows": 1,
      "Plan Width": 8,
      "Actual Startup Time": 771.138,
      "Actual Total Time": 832.268,
      "Actual Rows": 1,
      "Actual Loops": 1,
      "Plans": [
        {
          "Node Type": "Gather",
          "Parent Relationship": "Outer",
          "Parallel Aware": false,
          "Startup Cost": 349117.27,
          "Total Cost": 349117.88,
          "Plan Rows": 6,
          "Plan Width": 8,
          "Actual Startup Time": 771.017,
          "Actual Total Time": 832.257,
          "Actual Rows": 7,
          "Actual Loops": 1,
          "Workers Planned": 6,
          "Workers Launched": 6,
          "Single Copy": false,
          "Plans": [
            {
              "Node Type": "Aggregate",
              "Strategy": "Plain",
              "Partial Mode": "Partial",
              "Parent Relationship": "Outer",
              "Parallel Aware": false,
              "Startup Cost": 348117.27,
              "Total Cost": 348117.28,
              "Plan Rows": 1,
              "Plan Width": 8,
              "Actual Startup Time": 761.148,
              "Actual Total Time": 761.149,
              "Actual Rows": 1,
              "Actual Loops": 7,
              "Plans": [
                {
                  "Node Type": "Seq Scan",
                  "Parent Relationship": "Outer",
                  "Parallel Aware": true,
                  "Relation Name": "cast_info",
                  "Alias": "ci",
                  "Startup Cost": 0.0,
                  "Total Cost": 343257.03,
                  "Plan Rows": 1944095,
                  "Plan Width": 0,
                  "Actual Startup Time": 402.373,
                  "Actual Total Time": 718.404,
                  "Actual Rows": 850042,
                  "Actual Loops": 7,
                  "Filter": "((person_id < 2679135) AND (role_id > 2))",
                  "Rows Removed by Filter": 4327721
                }
              ]
            }
          ]
        }
      ]
    },
    "Planning Time": 0.15,
    "Triggers": [],
    "Execution Time": 832.326
  }
]