[
  {
    "Plan": {
      "Node Type": "Aggregate",
      "Strategy": "Plain",
      "Partial Mode": "Finalize",
      "Parallel Aware": false,
      "Startup Cost": 476731.65,
      "Total Cost": 476731.66,
      "Plan Rows": 1,
      "Plan Width": 8,
      "Actual Startup Time": 2948.685,
      "Actual Total Time": 3011.978,
      "Actual Rows": 1,
      "Actual Loops": 1,
      "Plans": [
        {
          "Node Type": "Gather",
          "Parent Relationship": "Outer",
          "Parallel Aware": false,
          "Startup Cost": 476731.02,
          "Total Cost": 476731.63,
          "Plan Rows": 6,
          "Plan Width": 8,
          "Actual Startup Time": 2912.769,
          "Actual Total Time": 3011.961,
          "Actual Rows": 7,
          "Actual Loops": 1,
          "Workers Planned": 6,
          "Workers Launched": 6,
          "Single Copy": false,
          "Plans": [
            {
              "Node Type": "Aggregate",
              "Strategy": "Plain",
              "Partial Mode": "Partial",
              "Parent Relationship": "Outer",
              "Parallel Aware": false,
              "Startup Cost": 475731.02,
              "Total Cost": 475731.03,
              "Plan Rows": 1,
              "Plan Width": 8,
              "Actual Startup Time": 2897.548,
              "Actual Total Time": 2898.279,
              "Actual Rows": 1,
              "Actual Loops": 7,
              "Plans": [
                {
                  "Node Type": "Hash Join",
                  "Parent Relationship": "Outer",
                  "Parallel Aware": true,
                  "Join Type": "Inner",
                  "Startup Cost": 106426.82,
                  "Total Cost": 468630.35,
                  "Plan Rows": 2840271,
                  "Plan Width": 0,
                  "Actual Startup Time": 937.455,
                  "Actual Total Time": 2568.422,
                  "Actual Rows": 5663012,
                  "Actual Loops": 7,
                  "Inner Unique": false,
                  "Hash Cond": "(ci.movie_id = t.id)",
                  "Plans": [
                    {
                      "Node Type": "Seq Scan",
                      "Parent Relationship": "Outer",
                      "Parallel Aware": true,
                      "Relation Name": "cast_info",
                      "Alias": "ci",
                      "Startup Cost": 0.0,
                      "Total Cost": 343316.27,
                      "Plan Rows": 2593359,
                      "Plan Width": 4,
                      "Actual Startup Time": 263.795,
                      "Actual Total Time": 804.502,
                      "Actual Rows": 1635472,
                      "Actual Loops": 7,
                      "Filter": "((person_id < 2473939) AND (role_id > 1))",
                      "Rows Removed by Filter": 3542291
                    },
                    {
                      "Node Type": "Hash",
                      "Parent Relationship": "Inner",
                      "Parallel Aware": true,
                      "Startup Cost": 95260.88,
                      "Total Cost": 95260.88,
                      "Plan Rows": 893275,
                      "Plan Width": 8,
                      "Actual Startup Time": 668.423,
                      "Actual Total Time": 669.151,
                      "Actual Rows": 395180,
                      "Actual Loops": 7,
                      "Hash Buckets": 4194304,
                      "Original Hash Buckets": 4194304,
                      "Hash Batches": 1,
                      "Original Hash Batches": 1,
                      "Peak Memory Usage": 141088,
                      "Plans": [
                        {
                          "Node Type": "Hash Join",
                          "Parent Relationship": "Outer",
                          "Parallel Aware": true,
                          "Join Type": "Inner",
                          "Startup Cost": 50220.38,
                          "Total Cost": 95260.88,
                          "Plan Rows": 893275,
                          "Plan Width": 8,
                          "Actual Startup Time": 301.833,
                          "Actual Total Time": 510.337,
                          "Actual Rows": 395180,
                          "Actual Loops": 7,
                          "Inner Unique": true,
                          "Hash Cond": "(mk.movie_id = t.id)",
                          "Plans": [
                            {
                              "Node Type": "Seq Scan",
                              "Parent Relationship": "Outer",
                              "Parallel Aware": true,
                              "Relation Name": "movie_keyword",
                              "Alias": "mk",
                              "Startup Cost": 0.0,
                              "Total Cost": 42695.65,
                              "Plan Rows": 893275,
                              "Plan Width": 4,
                              "Actual Startup Time": 0.183,
                              "Actual Total Time": 99.571,
                              "Actual Rows": 395180,
                              "Actual Loops": 7,
                              "Filter": "(keyword_id > 2860)",
                              "Rows Removed by Filter": 251096
                            },
                            {
                              "Node Type": "Hash",
                              "Parent Relationship": "Inner",
                              "Parallel Aware": true,
                              "Startup Cost": 42319.06,
                              "Total Cost": 42319.06,
                              "Plan Rows": 632106,
                              "Plan Width": 4,
                              "Actual Startup Time": 297.346,
                              "Actual Total Time": 297.348,
                              "Actual Rows": 361187,
                              "Actual Loops": 7,
                              "Hash Buckets": 4194304,
                              "Original Hash Buckets": 4194304,
                              "Hash Batches": 1,
                              "Original Hash Batches": 1,
                              "Peak Memory Usage": 131808,
                              "Plans": [
                                {
                                  "Node Type": "Seq Scan",
                                  "Parent Relationship": "Outer",
                                  "Parallel Aware": true,
                                  "Relation Name": "title",
                                  "Alias": "t",
                                  "Startup Cost": 0.0,
                                  "Total Cost": 42319.06,
                                  "Plan Rows": 632106,
                                  "Plan Width": 4,
                                  "Actual Startup Time": 0.05,
                                  "Actual Total Time": 90.581,
                                  "Actual Rows": 361187,
                                  "Actual Loops": 7
                                }
                              ]
                            }
                          ]
                        }
                      ]
                    }
                  ]
                }
              ]
            }
          ]
        }
      ]
    },
    "Planning Time": 0.508,
    "Triggers": [],
    "Execution Time": 3012.038
  }
]