[
  {
    "Plan": {
      "Node Type": "Aggregate",
      "Strategy": "Plain",
      "Partial Mode": "Finalize",
      "Parallel Aware": false,
      "Startup Cost": 477133.75,
      "Total Cost": 477133.76,
      "Plan Rows": 1,
      "Plan Width": 8,
      "Actual Startup Time": 2740.043,
      "Actual Total Time": 2808.766,
      "Actual Rows": 1,
      "Actual Loops": 1,
      "Plans": [
        {
          "Node Type": "Gather",
          "Parent Relationship": "Outer",
          "Parallel Aware": false,
          "Startup Cost": 477133.13,
          "Total Cost": 477133.74,
          "Plan Rows": 6,
          "Plan Width": 8,
          "Actual Startup Time": 2723.171,
          "Actual Total Time": 2808.754,
          "Actual Rows": 7,
          "Actual Loops": 1,
          "Workers Planned": 6,
          "Workers Launched": 6,
          "Single Copy": false,
          "Plans": [
            {
              "Node Type": "Aggregate",
              "Strategy": "Plain",
              "Partial Mode": "Partial",
              "Parent Relationship": "Outer",
              "Parallel Aware": false,
              "Startup Cost": 476133.13,
              "Total Cost": 476133.14,
              "Plan Rows": 1,
              "Plan Width": 8,
              "Actual Startup Time": 2702.565,
              "Actual Total Time": 2702.974,
              "Actual Rows": 1,
              "Actual Loops": 7,
              "Plans": [
                {
                  "Node Type": "Hash Join",
                  "Parent Relationship": "Outer",
                  "Parallel Aware": true,
                  "Join Type": "Inner",
                  "Startup Cost": 106468.21,
                  "Total Cost": 468909.16,
                  "Plan Rows": 2889586,
                  "Plan Width": 0,
                  "Actual Startup Time": 909.546,
                  "Actual Total Time": 2412.346,
                  "Actual Rows": 5663012,
                  "Actual Loops": 7,
                  "Inner Unique": false,
                  "Hash Cond": "(ci.movie_id = t.id)",
                  "Plans": [
                    {
                      "Node Type": "Seq Scan",
                      "Parent Relationship": "Outer",
                      "Parallel Aware": true,
                      "Relation Name": "cast_info",
                      "Alias": "ci",
                      "Startup Cost": 0.0,
                      "Total Cost": 343257.03,
                      "Plan Rows": 2630050,
                      "Plan Width": 4,
                      "Actual Startup Time": 251.749,
                      "Actual Total Time": 742.43,
                      "Actual Rows": 1635472,
                      "Actual Loops": 7,
                      "Filter": "((person_id < 2473939) AND (role_id > 1))",
                      "Rows Removed by Filter": 3542291
                    },
                    {
                      "Node Type": "Hash",
                      "Parent Relationship": "Inner",
                      "Parallel Aware": true,
                      "Startup Cost": 95267.46,
                      "Total Cost": 95267.46,
                      "Plan Rows": 896060,
                      "Plan Width": 8,
                      "Actual Startup Time": 651.027,
                      "Actual Total Time": 651.435,
                      "Actual Rows": 395180,
                      "Actual Loops": 7,
                      "Hash Buckets": 4194304,
                      "Original Hash Buckets": 4194304,
                      "Hash Batches": 1,
                      "Original Hash Batches": 1,
                      "Peak Memory Usage": 141120,
                      "Plans": [
                        {
                          "Node Type": "Hash Join",
                          "Parent Relationship": "Outer",
                          "Parallel Aware": true,
                          "Join Type": "Inner",
                          "Startup Cost": 50219.64,
                          "Total Cost": 95267.46,
                          "Plan Rows": 896060,
                          "Plan Width": 8,
                          "Actual Startup Time": 293.75,
                          "Actual Total Time": 504.797,
                          "Actual Rows": 395180,
                          "Actual Loops": 7,
                          "Inner Unique": true,
                          "Hash Cond": "(mk.movie_id = t.id)",
                          "Plans": [
                            {
                              "Node Type": "Seq Scan",
                              "Parent Relationship": "Outer",
                              "Parallel Aware": true,
                              "Relation Name": "movie_keyword",
                              "Alias": "mk",
                              "Startup Cost": 0.0,
                              "Total Cost": 42695.65,
                              "Plan Rows": 896060,
                              "Plan Width": 4,
                              "Actual Startup Time": 0.169,
                              "Actual Total Time": 101.707,
                              "Actual Rows": 395180,
                              "Actual Loops": 7,
                              "Filter": "(keyword_id > 2860)",
                              "Rows Removed by Filter": 251096
                            },
                            {
                              "Node Type": "Hash",
                              "Parent Relationship": "Inner",
                              "Parallel Aware": true,
                              "Startup Cost": 42318.73,
                              "Total Cost": 42318.73,
                              "Plan Rows": 632073,
                              "Plan Width": 4,
                              "Actual Startup Time": 290.099,
                              "Actual Total Time": 290.1,
                              "Actual Rows": 361187,
                              "Actual Loops": 7,
                              "Hash Buckets": 4194304,
                              "Original Hash Buckets": 4194304,
                              "Hash Batches": 1,
                              "Original Hash Batches": 1,
                              "Peak Memory Usage": 131808,
                              "Plans": [
                                {
                                  "Node Type": "Seq Scan",
                                  "Parent Relationship": "Outer",
                                  "Parallel Aware": true,
                                  "Relation Name": "title",
                                  "Alias": "t",
                                  "Startup Cost": 0.0,
                                  "Total Cost": 42318.73,
                                  "Plan Rows": 632073,
                                  "Plan Width": 4,
                                  "Actual Startup Time": 0.053,
                                  "Actual Total Time": 91.293,
                                  "Actual Rows": 361187,
                                  "Actual Loops": 7
                                }
                              ]
                            }
                          ]
                        }
                      ]
                    }
                  ]
                }
              ]
            }
          ]
        }
      ]
    },
    "Planning Time": 1.255,
    "Triggers": [],
    "Execution Time": 2808.855
  }
]