[
  {
    "Plan": {
      "Node Type": "Aggregate",
      "Strategy": "Plain",
      "Partial Mode": "Finalize",
      "Parallel Aware": false,
      "Startup Cost": 234722.25,
      "Total Cost": 234722.26,
      "Plan Rows": 1,
      "Plan Width": 8,
      "Actual Startup Time": 208.919,
      "Actual Total Time": 247.358,
      "Actual Rows": 1,
      "Actual Loops": 1,
      "Plans": [
        {
          "Node Type": "Gather",
          "Parent Relationship": "Outer",
          "Parallel Aware": false,
          "Startup Cost": 234721.83,
          "Total Cost": 234722.24,
          "Plan Rows": 4,
          "Plan Width": 8,
          "Actual Startup Time": 208.686,
          "Actual Total Time": 247.343,
          "Actual Rows": 5,
          "Actual Loops": 1,
          "Workers Planned": 4,
          "Workers Launched": 4,
          "Single Copy": false,
          "Plans": [
            {
              "Node Type": "Aggregate",
              "Strategy": "Plain",
              "Partial Mode": "Partial",
              "Parent Relationship": "Outer",
              "Parallel Aware": false,
              "Startup Cost": 233721.83,
              "Total Cost": 233721.84,
              "Plan Rows": 1,
              "Plan Width": 8,
              "Actual Startup Time": 203.396,
              "Actual Total Time": 203.399,
              "Actual Rows": 1,
              "Actual Loops": 5,
              "Plans": [
                {
                  "Node Type": "Nested Loop",
                  "Parent Relationship": "Outer",
                  "Parallel Aware": false,
                  "Join Type": "Inner",
                  "Startup Cost": 0.56,
                  "Total Cost": 233651.7,
                  "Plan Rows": 28052,
                  "Plan Width": 0,
                  "Actual Startup Time": 1.02,
                  "Actual Total Time": 200.651,
                  "Actual Rows": 30616,
                  "Actual Loops": 5,
                  "Inner Unique": false,
                  "Plans": [
                    {
                      "Node Type": "Seq Scan",
                      "Parent Relationship": "Outer",
                      "Parallel Aware": true,
                      "Relation Name": "title",
                      "Alias": "t",
                      "Startup Cost": 0.0,
                      "Total Cost": 45479.59,
                      "Plan Rows": 1956,
                      "Plan Width": 4,
                      "Actual Startup Time": 0.841,
                      "Actual Total Time": 64.97,
                      "Actual Rows": 1734,
                      "Actual Loops": 5,
                      "Filter": "((kind_id < 7) AND (production_year = 1989))",
                      "Rows Removed by Filter": 503929
                    },
                    {
                      "Node Type": "Index Only Scan",
                      "Parent Relationship": "Inner",
                      "Parallel Aware": false,
                      "Scan Direction": "Forward",
                      "Index Name": "movie_id_cast_info",
                      "Relation Name": "cast_info",
                      "Alias": "ci",
                      "Startup Cost": 0.56,
                      "Total Cost": 95.85,
                      "Plan Rows": 35,
                      "Plan Width": 4,
                      "Actual Startup Time": 0.014,
                      "Actual Total Time": 0.076,
                      "Actual Rows": 18,
                      "Actual Loops": 8669,
                      "Index Cond": "(movie_id = t.id)",
                      "Rows Removed by Index Recheck": 0,
                      "Heap Fetches": 153079
                    }
                  ]
                }
              ]
            }
          ]
        }
      ]
    },
    "Planning Time": 0.262,
    "Triggers": [],
    "Execution Time": 247.409
  }
]