[
  {
    "Plan": {
      "Node Type": "Aggregate",
      "Strategy": "Plain",
      "Partial Mode": "Finalize",
      "Parallel Aware": false,
      "Startup Cost": 173746.5,
      "Total Cost": 173746.51,
      "Plan Rows": 1,
      "Plan Width": 8,
      "Actual Startup Time": 349.443,
      "Actual Total Time": 376.197,
      "Actual Rows": 1,
      "Actual Loops": 1,
      "Plans": [
        {
          "Node Type": "Gather",
          "Parent Relationship": "Outer",
          "Parallel Aware": false,
          "Startup Cost": 173745.97,
          "Total Cost": 173746.48,
          "Plan Rows": 5,
          "Plan Width": 8,
          "Actual Startup Time": 349.226,
          "Actual Total Time": 376.19,
          "Actual Rows": 6,
          "Actual Loops": 1,
          "Workers Planned": 5,
          "Workers Launched": 5,
          "Single Copy": false,
          "Plans": [
            {
              "Node Type": "Aggregate",
              "Strategy": "Plain",
              "Partial Mode": "Partial",
              "Parent Relationship": "Outer",
              "Parallel Aware": false,
              "Startup Cost": 172745.97,
              "Total Cost": 172745.98,
              "Plan Rows": 1,
              "Plan Width": 8,
              "Actual Startup Time": 343.553,
              "Actual Total Time": 343.556,
              "Actual Rows": 1,
              "Actual Loops": 6,
              "Plans": [
                {
                  "Node Type": "Hash Join",
                  "Parent Relationship": "Outer",
                  "Parallel Aware": true,
                  "Join Type": "Inner",
                  "Startup Cost": 43964.94,
                  "Total Cost": 172729.56,
                  "Plan Rows": 6565,
                  "Plan Width": 0,
                  "Actual Startup Time": 75.845,
                  "Actual Total Time": 343.096,
                  "Actual Rows": 6225,
                  "Actual Loops": 6,
                  "Inner Unique": true,
                  "Hash Cond": "(ci.movie_id = t.id)",
                  "Plans": [
                    {
                      "Node Type": "Index Scan",
                      "Parent Relationship": "Outer",
                      "Parallel Aware": true,
                      "Scan Direction": "Forward",
                      "Index Name": "role_id_cast_info",
                      "Relation Name": "cast_info",
                      "Alias": "ci",
                      "Startup Cost": 0.56,
                      "Total Cost": 126672.01,
                      "Plan Rows": 797404,
                      "Plan Width": 4,
                      "Actual Startup Time": 0.118,
                      "Actual Total Time": 182.738,
                      "Actual Rows": 734985,
                      "Actual Loops": 6,
                      "Index Cond": "(role_id > 9)",
                      "Rows Removed by Index Recheck": 0,
                      "Filter": "(person_id > 511577)",
                      "Rows Removed by Filter": 38204
                    },
                    {
                      "Node Type": "Hash",
                      "Parent Relationship": "Inner",
                      "Parallel Aware": true,
                      "Startup Cost": 43899.32,
                      "Total Cost": 43899.32,
                      "Plan Rows": 5204,
                      "Plan Width": 4,
                      "Actual Startup Time": 74.84,
                      "Actual Total Time": 74.841,
                      "Actual Rows": 3354,
                      "Actual Loops": 6,
                      "Hash Buckets": 32768,
                      "Original Hash Buckets": 32768,
                      "Hash Batches": 1,
                      "Original Hash Batches": 1,
                      "Peak Memory Usage": 1152,
                      "Plans": [
                        {
                          "Node Type": "Seq Scan",
                          "Parent Relationship": "Outer",
                          "Parallel Aware": true,
                          "Relation Name": "title",
                          "Alias": "t",
                          "Startup Cost": 0.0,
                          "Total Cost": 43899.32,
                          "Plan Rows": 5204,
                          "Plan Width": 4,
                          "Actual Startup Time": 0.045,
                          "Actual Total Time": 72.801,
                          "Actual Rows": 3354,
                          "Actual Loops": 6,
                          "Filter": "(production_year = 1987)",
                          "Rows Removed by Filter": 418032
                        }
                      ]
                    }
                  ]
                }
              ]
            }
          ]
        }
      ]
    },
    "Planning Time": 0.586,
    "Triggers": [],
    "Execution Time": 376.274
  }
]