[
  {
    "Plan": {
      "Node Type": "Aggregate",
      "Strategy": "Plain",
      "Partial Mode": "Finalize",
      "Parallel Aware": false,
      "Startup Cost": 220137.11,
      "Total Cost": 220137.12,
      "Plan Rows": 1,
      "Plan Width": 8,
      "Actual Startup Time": 163.755,
      "Actual Total Time": 178.311,
      "Actual Rows": 1,
      "Actual Loops": 1,
      "Plans": [
        {
          "Node Type": "Gather",
          "Parent Relationship": "Outer",
          "Parallel Aware": false,
          "Startup Cost": 220136.58,
          "Total Cost": 220137.09,
          "Plan Rows": 5,
          "Plan Width": 8,
          "Actual Startup Time": 163.122,
          "Actual Total Time": 178.304,
          "Actual Rows": 6,
          "Actual Loops": 1,
          "Workers Planned": 5,
          "Workers Launched": 5,
          "Single Copy": false,
          "Plans": [
            {
              "Node Type": "Aggregate",
              "Strategy": "Plain",
              "Partial Mode": "Partial",
              "Parent Relationship": "Outer",
              "Parallel Aware": false,
              "Startup Cost": 219136.58,
              "Total Cost": 219136.59,
              "Plan Rows": 1,
              "Plan Width": 8,
              "Actual Startup Time": 157.007,
              "Actual Total Time": 157.01,
              "Actual Rows": 1,
              "Actual Loops": 6,
              "Plans": [
                {
                  "Node Type": "Hash Join",
                  "Parent Relationship": "Outer",
                  "Parallel Aware": true,
                  "Join Type": "Inner",
                  "Startup Cost": 55262.88,
                  "Total Cost": 219130.1,
                  "Plan Rows": 2594,
                  "Plan Width": 0,
                  "Actual Startup Time": 113.85,
                  "Actual Total Time": 156.813,
                  "Actual Rows": 1881,
                  "Actual Loops": 6,
                  "Inner Unique": true,
                  "Hash Cond": "(mi.movie_id = t.id)",
                  "Plans": [
                    {
                      "Node Type": "Bitmap Heap Scan",
                      "Parent Relationship": "Outer",
                      "Parallel Aware": true,
                      "Relation Name": "movie_info",
                      "Alias": "mi",
                      "Startup Cost": 11198.16,
                      "Total Cost": 174740.1,
                      "Plan Rows": 123915,
                      "Plan Width": 4,
                      "Actual Startup Time": 29.282,
                      "Actual Total Time": 54.957,
                      "Actual Rows": 110154,
                      "Actual Loops": 6,
                      "Recheck Cond": "(info_type_id = 18)",
                      "Rows Removed by Index Recheck": 0,
                      "Exact Heap Blocks": 1937,
                      "Lossy Heap Blocks": 0,
                      "Plans": [
                        {
                          "Node Type": "Bitmap Index Scan",
                          "Parent Relationship": "Outer",
                          "Parallel Aware": false,
                          "Index Name": "info_type_id_movie_info",
                          "Startup Cost": 0.0,
                          "Total Cost": 11043.26,
                          "Plan Rows": 619577,
                          "Plan Width": 0,
                          "Actual Startup Time": 28.305,
                          "Actual Total Time": 28.306,
                          "Actual Rows": 660923,
                          "Actual Loops": 1,
                          "Index Cond": "(info_type_id = 18)"
                        }
                      ]
                    },
                    {
                      "Node Type": "Hash",
                      "Parent Relationship": "Inner",
                      "Parallel Aware": true,
                      "Startup Cost": 43899.32,
                      "Total Cost": 43899.32,
                      "Plan Rows": 13232,
                      "Plan Width": 4,
                      "Actual Startup Time": 83.792,
                      "Actual Total Time": 83.793,
                      "Actual Rows": 8427,
                      "Actual Loops": 6,
                      "Hash Buckets": 65536,
                      "Original Hash Buckets": 65536,
                      "Hash Batches": 1,
                      "Original Hash Batches": 1,
                      "Peak Memory Usage": 2560,
                      "Plans": [
                        {
                          "Node Type": "Seq Scan",
                          "Parent Relationship": "Outer",
                          "Parallel Aware": true,
                          "Relation Name": "title",
                          "Alias": "t",
                          "Startup Cost": 0.0,
                          "Total Cost": 43899.32,
                          "Plan Rows": 13232,
                          "Plan Width": 4,
                          "Actual Startup Time": 0.047,
                          "Actual Total Time": 79.239,
                          "Actual Rows": 8427,
                          "Actual Loops": 6,
                          "Filter": "(production_year = 1999)",
                          "Rows Removed by Filter": 412958
                        }
                      ]
                    }
                  ]
                }
              ]
            }
          ]
        }
      ]
    },
    "Planning Time": 0.403,
    "Triggers": [],
    "Execution Time": 178.358
  }
]