[
  {
    "Plan": {
      "Node Type": "Aggregate",
      "Strategy": "Plain",
      "Partial Mode": "Finalize",
      "Parallel Aware": false,
      "Startup Cost": 80189.28,
      "Total Cost": 80189.29,
      "Plan Rows": 1,
      "Plan Width": 8,
      "Actual Startup Time": 228.613,
      "Actual Total Time": 249.756,
      "Actual Rows": 1,
      "Actual Loops": 1,
      "Plans": [
        {
          "Node Type": "Gather",
          "Parent Relationship": "Outer",
          "Parallel Aware": false,
          "Startup Cost": 80188.86,
          "Total Cost": 80189.27,
          "Plan Rows": 4,
          "Plan Width": 8,
          "Actual Startup Time": 227.502,
          "Actual Total Time": 249.748,
          "Actual Rows": 5,
          "Actual Loops": 1,
          "Workers Planned": 4,
          "Workers Launched": 4,
          "Single Copy": false,
          "Plans": [
            {
              "Node Type": "Aggregate",
              "Strategy": "Plain",
              "Partial Mode": "Partial",
              "Parent Relationship": "Outer",
              "Parallel Aware": false,
              "Startup Cost": 79188.86,
              "Total Cost": 79188.87,
              "Plan Rows": 1,
              "Plan Width": 8,
              "Actual Startup Time": 217.982,
              "Actual Total Time": 217.985,
              "Actual Rows": 1,
              "Actual Loops": 5,
              "Plans": [
                {
                  "Node Type": "Hash Join",
                  "Parent Relationship": "Outer",
                  "Parallel Aware": true,
                  "Join Type": "Inner",
                  "Startup Cost": 33108.51,
                  "Total Cost": 78926.34,
                  "Plan Rows": 105008,
                  "Plan Width": 0,
                  "Actual Startup Time": 169.618,
                  "Actual Total Time": 216.848,
                  "Actual Rows": 20550,
                  "Actual Loops": 5,
                  "Inner Unique": false,
                  "Hash Cond": "(t.id = mc.movie_id)",
                  "Plans": [
                    {
                      "Node Type": "Seq Scan",
                      "Parent Relationship": "Outer",
                      "Parallel Aware": true,
                      "Relation Name": "title",
                      "Alias": "t",
                      "Startup Cost": 0.0,
                      "Total Cost": 42318.73,
                      "Plan Rows": 632073,
                      "Plan Width": 4,
                      "Actual Startup Time": 0.015,
                      "Actual Total Time": 69.475,
                      "Actual Rows": 505662,
                      "Actual Loops": 5
                    },
                    {
                      "Node Type": "Hash",
                      "Parent Relationship": "Inner",
                      "Parallel Aware": true,
                      "Startup Cost": 31414.82,
                      "Total Cost": 31414.82,
                      "Plan Rows": 135495,
                      "Plan Width": 4,
                      "Actual Startup Time": 76.263,
                      "Actual Total Time": 76.264,
                      "Actual Rows": 20550,
                      "Actual Loops": 5,
                      "Hash Buckets": 524288,
                      "Original Hash Buckets": 524288,
                      "Hash Batches": 1,
                      "Original Hash Batches": 1,
                      "Peak Memory Usage": 8224,
                      "Plans": [
                        {
                          "Node Type": "Seq Scan",
                          "Parent Relationship": "Outer",
                          "Parallel Aware": true,
                          "Relation Name": "movie_companies",
                          "Alias": "mc",
                          "Startup Cost": 0.0,
                          "Total Cost": 31414.82,
                          "Plan Rows": 135495,
                          "Plan Width": 4,
                          "Actual Startup Time": 21.856,
                          "Actual Total Time": 68.622,
                          "Actual Rows": 20550,
                          "Actual Loops": 5,
                          "Filter": "((company_id > 23831) AND (company_type_id = 1))",
                          "Rows Removed by Filter": 501276
                        }
                      ]
                    }
                  ]
                }
              ]
            }
          ]
        }
      ]
    },
    "Planning Time": 0.61,
    "Triggers": [],
    "Execution Time": 249.827
  }
]