{
    "Plan": {
        "Node Type": "Aggregate",
        "Strategy": "Plain",
        "Partial Mode": "Finalize",
        "Parallel Aware": false,
        "Startup Cost": 49214.73,
        "Total Cost": 49214.74,
        "Plan Rows": 1,
        "Plan Width": 8,
        "Actual Startup Time": 101.68,
        "Actual Total Time": 114.267,
        "Actual Rows": 1,
        "Actual Loops": 1,
        "Output": [
            "count(*)"
        ],
        "Plans": [
            {
                "Node Type": "Gather",
                "Parent Relationship": "Outer",
                "Parallel Aware": false,
                "Startup Cost": 49214.31,
                "Total Cost": 49214.72,
                "Plan Rows": 4,
                "Plan Width": 8,
                "Actual Startup Time": 101.523,
                "Actual Total Time": 114.259,
                "Actual Rows": 5,
                "Actual Loops": 1,
                "Output": [
                    "(PARTIAL count(*))"
                ],
                "Workers Planned": 4,
                "Workers Launched": 4,
                "Single Copy": false,
                "Plans": [
                    {
                        "Node Type": "Aggregate",
                        "Strategy": "Plain",
                        "Partial Mode": "Partial",
                        "Parent Relationship": "Outer",
                        "Parallel Aware": false,
                        "Startup Cost": 48214.31,
                        "Total Cost": 48214.32,
                        "Plan Rows": 1,
                        "Plan Width": 8,
                        "Actual Startup Time": 91.307,
                        "Actual Total Time": 91.309,
                        "Actual Rows": 1,
                        "Actual Loops": 5,
                        "Output": [
                            "PARTIAL count(*)"
                        ],
                        "Workers": [
                            {
                                "Worker Number": 0,
                                "Actual Startup Time": 88.293,
                                "Actual Total Time": 88.296,
                                "Actual Rows": 1,
                                "Actual Loops": 1
                            },
                            {
                                "Worker Number": 1,
                                "Actual Startup Time": 88.791,
                                "Actual Total Time": 88.792,
                                "Actual Rows": 1,
                                "Actual Loops": 1
                            },
                            {
                                "Worker Number": 2,
                                "Actual Startup Time": 89.088,
                                "Actual Total Time": 89.09,
                                "Actual Rows": 1,
                                "Actual Loops": 1
                            },
                            {
                                "Worker Number": 3,
                                "Actual Startup Time": 89.651,
                                "Actual Total Time": 89.652,
                                "Actual Rows": 1,
                                "Actual Loops": 1
                            }
                        ],
                        "Plans": [
                            {
                                "Node Type": "Nested Loop",
                                "Parent Relationship": "Outer",
                                "Parallel Aware": false,
                                "Join Type": "Inner",
                                "Startup Cost": 0.86,
                                "Total Cost": 48213.08,
                                "Plan Rows": 492,
                                "Plan Width": 0,
                                "Actual Startup Time": 57.663,
                                "Actual Total Time": 90.881,
                                "Actual Rows": 10045,
                                "Actual Loops": 5,
                                "Inner Unique": false,
                                "Join Filter": "(t.id = mk.movie_id)",
                                "Rows Removed by Join Filter": 0,
                                "Workers": [
                                    {
                                        "Worker Number": 0,
                                        "Actual Startup Time": 55.58,
                                        "Actual Total Time": 87.883,
                                        "Actual Rows": 9396,
                                        "Actual Loops": 1
                                    },
                                    {
                                        "Worker Number": 1,
                                        "Actual Startup Time": 51.217,
                                        "Actual Total Time": 88.4,
                                        "Actual Rows": 9381,
                                        "Actual Loops": 1
                                    },
                                    {
                                        "Worker Number": 2,
                                        "Actual Startup Time": 56.48,
                                        "Actual Total Time": 88.771,
                                        "Actual Rows": 7482,
                                        "Actual Loops": 1
                                    },
                                    {
                                        "Worker Number": 3,
                                        "Actual Startup Time": 57.279,
                                        "Actual Total Time": 89.244,
                                        "Actual Rows": 9981,
                                        "Actual Loops": 1
                                    }
                                ],
                                "Plans": [
                                    {
                                        "Node Type": "Nested Loop",
                                        "Parent Relationship": "Outer",
                                        "Parallel Aware": false,
                                        "Join Type": "Inner",
                                        "Startup Cost": 0.43,
                                        "Total Cost": 47678.25,
                                        "Plan Rows": 275,
                                        "Plan Width": 8,
                                        "Actual Startup Time": 55.835,
                                        "Actual Total Time": 84.087,
                                        "Actual Rows": 573,
                                        "Actual Loops": 5,
                                        "Output": [
                                            "t.id",
                                            "mi_idx.movie_id"
                                        ],
                                        "Inner Unique": false,
                                        "Workers": [
                                            {
                                                "Worker Number": 0,
                                                "Actual Startup Time": 50.938,
                                                "Actual Total Time": 80.82,
                                                "Actual Rows": 471,
                                                "Actual Loops": 1
                                            },
                                            {
                                                "Worker Number": 1,
                                                "Actual Startup Time": 51.131,
                                                "Actual Total Time": 80.913,
                                                "Actual Rows": 558,
                                                "Actual Loops": 1
                                            },
                                            {
                                                "Worker Number": 2,
                                                "Actual Startup Time": 56.4,
                                                "Actual Total Time": 82.164,
                                                "Actual Rows": 468,
                                                "Actual Loops": 1
                                            },
                                            {
                                                "Worker Number": 3,
                                                "Actual Startup Time": 52.965,
                                                "Actual Total Time": 82.018,
                                                "Actual Rows": 525,
                                                "Actual Loops": 1
                                            }
                                        ],
                                        "Plans": [
                                            {
                                                "Node Type": "Seq Scan",
                                                "Parent Relationship": "Outer",
                                                "Parallel Aware": true,
                                                "Relation Name": "title",
                                                "Schema": "public",
                                                "Alias": "t",
                                                "Startup Cost": 0.0,
                                                "Total Cost": 43899.01,
                                                "Plan Rows": 503,
                                                "Plan Width": 4,
                                                "Actual Startup Time": 55.733,
                                                "Actual Total Time": 79.948,
                                                "Actual Rows": 392,
                                                "Actual Loops": 5,
                                                "Output": [
                                                    "t.id",
                                                    "t.title",
                                                    "t.imdb_index",
                                                    "t.kind_id",
                                                    "t.production_year",
                                                    "t.imdb_id",
                                                    "t.phonetic_code",
                                                    "t.episode_of_id",
                                                    "t.season_nr",
                                                    "t.episode_nr",
                                                    "t.series_years",
                                                    "t.md5sum"
                                                ],
                                                "Filter": "(t.production_year = 1943)",
                                                "Rows Removed by Filter": 505270,
                                                "Workers": [
                                                    {
                                                        "Worker Number": 0,
                                                        "Actual Startup Time": 50.798,
                                                        "Actual Total Time": 76.201,
                                                        "Actual Rows": 323,
                                                        "Actual Loops": 1
                                                    },
                                                    {
                                                        "Worker Number": 1,
                                                        "Actual Startup Time": 51.006,
                                                        "Actual Total Time": 76.29,
                                                        "Actual Rows": 361,
                                                        "Actual Loops": 1
                                                    },
                                                    {
                                                        "Worker Number": 2,
                                                        "Actual Startup Time": 56.29,
                                                        "Actual Total Time": 77.831,
                                                        "Actual Rows": 328,
                                                        "Actual Loops": 1
                                                    },
                                                    {
                                                        "Worker Number": 3,
                                                        "Actual Startup Time": 52.849,
                                                        "Actual Total Time": 77.455,
                                                        "Actual Rows": 341,
                                                        "Actual Loops": 1
                                                    }
                                                ]
                                            },
                                            {
                                                "Node Type": "Index Only Scan",
                                                "Parent Relationship": "Inner",
                                                "Parallel Aware": false,
                                                "Scan Direction": "Forward",
                                                "Index Name": "movie_id_movie_info_idx",
                                                "Relation Name": "movie_info_idx",
                                                "Schema": "public",
                                                "Alias": "mi_idx",
                                                "Startup Cost": 0.43,
                                                "Total Cost": 7.48,
                                                "Plan Rows": 3,
                                                "Plan Width": 4,
                                                "Actual Startup Time": 0.01,
                                                "Actual Total Time": 0.01,
                                                "Actual Rows": 1,
                                                "Actual Loops": 1960,
                                                "Output": [
                                                    "mi_idx.movie_id"
                                                ],
                                                "Index Cond": "(mi_idx.movie_id = t.id)",
                                                "Rows Removed by Index Recheck": 0,
                                                "Heap Fetches": 2865,
                                                "Workers": [
                                                    {
                                                        "Worker Number": 0,
                                                        "Actual Startup Time": 0.013,
                                                        "Actual Total Time": 0.013,
                                                        "Actual Rows": 1,
                                                        "Actual Loops": 323
                                                    },
                                                    {
                                                        "Worker Number": 1,
                                                        "Actual Startup Time": 0.012,
                                                        "Actual Total Time": 0.012,
                                                        "Actual Rows": 2,
                                                        "Actual Loops": 361
                                                    },
                                                    {
                                                        "Worker Number": 2,
                                                        "Actual Startup Time": 0.012,
                                                        "Actual Total Time": 0.012,
                                                        "Actual Rows": 1,
                                                        "Actual Loops": 328
                                                    },
                                                    {
                                                        "Worker Number": 3,
                                                        "Actual Startup Time": 0.012,
                                                        "Actual Total Time": 0.013,
                                                        "Actual Rows": 2,
                                                        "Actual Loops": 341
                                                    }
                                                ]
                                            }
                                        ]
                                    },
                                    {
                                        "Node Type": "Index Only Scan",
                                        "Parent Relationship": "Inner",
                                        "Parallel Aware": false,
                                        "Scan Direction": "Forward",
                                        "Index Name": "movie_id_movie_keyword",
                                        "Relation Name": "movie_keyword",
                                        "Schema": "public",
                                        "Alias": "mk",
                                        "Startup Cost": 0.43,
                                        "Total Cost": 1.37,
                                        "Plan Rows": 46,
                                        "Plan Width": 4,
                                        "Actual Startup Time": 0.008,
                                        "Actual Total Time": 0.01,
                                        "Actual Rows": 18,
                                        "Actual Loops": 2865,
                                        "Output": [
                                            "mk.movie_id"
                                        ],
                                        "Index Cond": "(mk.movie_id = mi_idx.movie_id)",
                                        "Rows Removed by Index Recheck": 0,
                                        "Heap Fetches": 50223,
                                        "Workers": [
                                            {
                                                "Worker Number": 0,
                                                "Actual Startup Time": 0.01,
                                                "Actual Total Time": 0.013,
                                                "Actual Rows": 20,
                                                "Actual Loops": 471
                                            },
                                            {
                                                "Worker Number": 1,
                                                "Actual Startup Time": 0.009,
                                                "Actual Total Time": 0.012,
                                                "Actual Rows": 17,
                                                "Actual Loops": 558
                                            },
                                            {
                                                "Worker Number": 2,
                                                "Actual Startup Time": 0.01,
                                                "Actual Total Time": 0.012,
                                                "Actual Rows": 16,
                                                "Actual Loops": 468
                                            },
                                            {
                                                "Worker Number": 3,
                                                "Actual Startup Time": 0.009,
                                                "Actual Total Time": 0.012,
                                                "Actual Rows": 19,
                                                "Actual Loops": 525
                                            }
                                        ]
                                    }
                                ]
                            }
                        ]
                    }
                ]
            }
        ]
    },
    "Planning Time": 1.42,
    "Triggers": [],
    "Execution Time": 114.351
}