[
  {
    "Plan": {
      "Node Type": "Aggregate",
      "Strategy": "Plain",
      "Partial Mode": "Simple",
      "Parallel Aware": false,
      "Startup Cost": 741.12,
      "Total Cost": 741.13,
      "Plan Rows": 1,
      "Plan Width": 8,
      "Actual Startup Time": 8.982,
      "Actual Total Time": 8.984,
      "Actual Rows": 1,
      "Actual Loops": 1,
      "Plans": [
        {
          "Node Type": "Nested Loop",
          "Parent Relationship": "Outer",
          "Parallel Aware": false,
          "Join Type": "Inner",
          "Startup Cost": 1.29,
          "Total Cost": 741.05,
          "Plan Rows": 28,
          "Plan Width": 0,
          "Actual Startup Time": 0.05,
          "Actual Total Time": 8.685,
          "Actual Rows": 4167,
          "Actual Loops": 1,
          "Inner Unique": false,
          "Plans": [
            {
              "Node Type": "Nested Loop",
              "Parent Relationship": "Outer",
              "Parallel Aware": false,
              "Join Type": "Inner",
              "Startup Cost": 0.86,
              "Total Cost": 713.37,
              "Plan Rows": 52,
              "Plan Width": 8,
              "Actual Startup Time": 0.044,
              "Actual Total Time": 4.508,
              "Actual Rows": 1405,
              "Actual Loops": 1,
              "Inner Unique": true,
              "Plans": [
                {
                  "Node Type": "Index Scan",
                  "Parent Relationship": "Outer",
                  "Parallel Aware": false,
                  "Scan Direction": "Forward",
                  "Index Name": "company_id_movie_companies",
                  "Relation Name": "movie_companies",
                  "Alias": "mc",
                  "Startup Cost": 0.43,
                  "Total Cost": 274.1,
                  "Plan Rows": 52,
                  "Plan Width": 4,
                  "Actual Startup Time": 0.034,
                  "Actual Total Time": 0.498,
                  "Actual Rows": 1405,
                  "Actual Loops": 1,
                  "Index Cond": "(company_id = 3232)",
                  "Rows Removed by Index Recheck": 0,
                  "Filter": "(company_type_id > 1)",
                  "Rows Removed by Filter": 11
                },
                {
                  "Node Type": "Index Only Scan",
                  "Parent Relationship": "Inner",
                  "Parallel Aware": false,
                  "Scan Direction": "Forward",
                  "Index Name": "title_pkey",
                  "Relation Name": "title",
                  "Alias": "t",
                  "Startup Cost": 0.43,
                  "Total Cost": 8.45,
                  "Plan Rows": 1,
                  "Plan Width": 4,
                  "Actual Startup Time": 0.003,
                  "Actual Total Time": 0.003,
                  "Actual Rows": 1,
                  "Actual Loops": 1405,
                  "Index Cond": "(id = mc.movie_id)",
                  "Rows Removed by Index Recheck": 0,
                  "Heap Fetches": 1405
                }
              ]
            },
            {
              "Node Type": "Index Only Scan",
              "Parent Relationship": "Inner",
              "Parallel Aware": false,
              "Scan Direction": "Forward",
              "Index Name": "movie_id_movie_info_idx",
              "Relation Name": "movie_info_idx",
              "Alias": "mi_idx",
              "Startup Cost": 0.43,
              "Total Cost": 0.5,
              "Plan Rows": 3,
              "Plan Width": 4,
              "Actual Startup Time": 0.002,
              "Actual Total Time": 0.002,
              "Actual Rows": 3,
              "Actual Loops": 1405,
              "Index Cond": "(movie_id = t.id)",
              "Rows Removed by Index Recheck": 0,
              "Heap Fetches": 4167
            }
          ]
        }
      ]
    },
    "Planning Time": 0.521,
    "Triggers": [],
    "Execution Time": 9.013
  }
]