[
  {
    "Plan": {
      "Node Type": "Aggregate",
      "Strategy": "Plain",
      "Partial Mode": "Finalize",
      "Parallel Aware": false,
      "Startup Cost": 242421.86,
      "Total Cost": 242421.87,
      "Plan Rows": 1,
      "Plan Width": 8,
      "Actual Startup Time": 275.392,
      "Actual Total Time": 289.586,
      "Actual Rows": 1,
      "Actual Loops": 1,
      "Plans": [
        {
          "Node Type": "Gather",
          "Parent Relationship": "Outer",
          "Parallel Aware": false,
          "Startup Cost": 242421.33,
          "Total Cost": 242421.84,
          "Plan Rows": 5,
          "Plan Width": 8,
          "Actual Startup Time": 272.25,
          "Actual Total Time": 289.576,
          "Actual Rows": 6,
          "Actual Loops": 1,
          "Workers Planned": 5,
          "Workers Launched": 5,
          "Single Copy": false,
          "Plans": [
            {
              "Node Type": "Aggregate",
              "Strategy": "Plain",
              "Partial Mode": "Partial",
              "Parent Relationship": "Outer",
              "Parallel Aware": false,
              "Startup Cost": 241421.33,
              "Total Cost": 241421.34,
              "Plan Rows": 1,
              "Plan Width": 8,
              "Actual Startup Time": 264.146,
              "Actual Total Time": 264.151,
              "Actual Rows": 1,
              "Actual Loops": 6,
              "Plans": [
                {
                  "Node Type": "Hash Join",
                  "Parent Relationship": "Outer",
                  "Parallel Aware": true,
                  "Join Type": "Inner",
                  "Startup Cost": 74630.41,
                  "Total Cost": 241305.97,
                  "Plan Rows": 46147,
                  "Plan Width": 0,
                  "Actual Startup Time": 171.265,
                  "Actual Total Time": 258.477,
                  "Actual Rows": 106873,
                  "Actual Loops": 6,
                  "Inner Unique": true,
                  "Hash Cond": "(mi.movie_id = t.id)",
                  "Plans": [
                    {
                      "Node Type": "Bitmap Heap Scan",
                      "Parent Relationship": "Outer",
                      "Parallel Aware": true,
                      "Relation Name": "movie_info",
                      "Alias": "mi",
                      "Startup Cost": 27973.07,
                      "Total Cost": 193835.95,
                      "Plan Rows": 309591,
                      "Plan Width": 4,
                      "Actual Startup Time": 45.346,
                      "Actual Total Time": 85.804,
                      "Actual Rows": 255652,
                      "Actual Loops": 6,
                      "Recheck Cond": "(info_type_id = 3)",
                      "Rows Removed by Index Recheck": 0,
                      "Exact Heap Blocks": 2316,
                      "Lossy Heap Blocks": 0,
                      "Plans": [
                        {
                          "Node Type": "Bitmap Index Scan",
                          "Parent Relationship": "Outer",
                          "Parallel Aware": false,
                          "Index Name": "info_type_id_movie_info",
                          "Startup Cost": 0.0,
                          "Total Cost": 27586.08,
                          "Plan Rows": 1547953,
                          "Plan Width": 0,
                          "Actual Startup Time": 43.591,
                          "Actual Total Time": 43.592,
                          "Actual Rows": 1533909,
                          "Actual Loops": 1,
                          "Index Cond": "(info_type_id = 3)"
                        }
                      ]
                    },
                    {
                      "Node Type": "Hash",
                      "Parent Relationship": "Inner",
                      "Parallel Aware": true,
                      "Startup Cost": 45479.59,
                      "Total Cost": 45479.59,
                      "Plan Rows": 94220,
                      "Plan Width": 4,
                      "Actual Startup Time": 107.84,
                      "Actual Total Time": 107.84,
                      "Actual Rows": 73338,
                      "Actual Loops": 6,
                      "Hash Buckets": 524288,
                      "Original Hash Buckets": 524288,
                      "Hash Batches": 1,
                      "Original Hash Batches": 1,
                      "Peak Memory Usage": 21408,
                      "Plans": [
                        {
                          "Node Type": "Seq Scan",
                          "Parent Relationship": "Outer",
                          "Parallel Aware": true,
                          "Relation Name": "title",
                          "Alias": "t",
                          "Startup Cost": 0.0,
                          "Total Cost": 45479.59,
                          "Plan Rows": 94220,
                          "Plan Width": 4,
                          "Actual Startup Time": 43.947,
                          "Actual Total Time": 79.08,
                          "Actual Rows": 73338,
                          "Actual Loops": 6,
                          "Filter": "((production_year < 2006) AND (kind_id = 1))",
                          "Rows Removed by Filter": 348047
                        }
                      ]
                    }
                  ]
                }
              ]
            }
          ]
        }
      ]
    },
    "Planning Time": 0.509,
    "Triggers": [],
    "Execution Time": 289.634
  }
]