[
  {
    "Plan": {
      "Node Type": "Aggregate",
      "Strategy": "Plain",
      "Partial Mode": "Simple",
      "Parallel Aware": false,
      "Startup Cost": 22818.9,
      "Total Cost": 22818.91,
      "Plan Rows": 1,
      "Plan Width": 8,
      "Actual Startup Time": 39.56,
      "Actual Total Time": 39.561,
      "Actual Rows": 1,
      "Actual Loops": 1,
      "Plans": [
        {
          "Node Type": "Bitmap Heap Scan",
          "Parent Relationship": "Outer",
          "Parallel Aware": false,
          "Relation Name": "movie_companies",
          "Alias": "mc",
          "Startup Cost": 2296.55,
          "Total Cost": 22683.75,
          "Plan Rows": 54063,
          "Plan Width": 0,
          "Actual Startup Time": 8.944,
          "Actual Total Time": 33.763,
          "Actual Rows": 100912,
          "Actual Loops": 1,
          "Recheck Cond": "(company_id > 156959)",
          "Rows Removed by Index Recheck": 0,
          "Filter": "(company_type_id > 1)",
          "Rows Removed by Filter": 0,
          "Exact Heap Blocks": 3176,
          "Lossy Heap Blocks": 0,
          "Plans": [
            {
              "Node Type": "Bitmap Index Scan",
              "Parent Relationship": "Outer",
              "Parallel Aware": false,
              "Index Name": "company_id_movie_companies",
              "Startup Cost": 0.0,
              "Total Cost": 2283.03,
              "Plan Rows": 106480,
              "Plan Width": 0,
              "Actual Startup Time": 8.205,
              "Actual Total Time": 8.206,
              "Actual Rows": 100912,
              "Actual Loops": 1,
              "Index Cond": "(company_id > 156959)"
            }
          ]
        }
      ]
    },
    "Planning Time": 0.203,
    "Triggers": [],
    "Execution Time": 39.62
  }
]