[
  {
    "Plan": {
      "Node Type": "Aggregate",
      "Strategy": "Plain",
      "Partial Mode": "Finalize",
      "Parallel Aware": false,
      "Startup Cost": 32910.75,
      "Total Cost": 32910.76,
      "Plan Rows": 1,
      "Plan Width": 8,
      "Actual Startup Time": 93.057,
      "Actual Total Time": 98.938,
      "Actual Rows": 1,
      "Actual Loops": 1,
      "Plans": [
        {
          "Node Type": "Gather",
          "Parent Relationship": "Outer",
          "Parallel Aware": false,
          "Startup Cost": 32910.43,
          "Total Cost": 32910.74,
          "Plan Rows": 3,
          "Plan Width": 8,
          "Actual Startup Time": 92.917,
          "Actual Total Time": 98.928,
          "Actual Rows": 4,
          "Actual Loops": 1,
          "Workers Planned": 3,
          "Workers Launched": 3,
          "Single Copy": false,
          "Plans": [
            {
              "Node Type": "Aggregate",
              "Strategy": "Plain",
              "Partial Mode": "Partial",
              "Parent Relationship": "Outer",
              "Parallel Aware": false,
              "Startup Cost": 31910.43,
              "Total Cost": 31910.44,
              "Plan Rows": 1,
              "Plan Width": 8,
              "Actual Startup Time": 87.594,
              "Actual Total Time": 87.596,
              "Actual Rows": 1,
              "Actual Loops": 4,
              "Plans": [
                {
                  "Node Type": "Seq Scan",
                  "Parent Relationship": "Outer",
                  "Parallel Aware": true,
                  "Relation Name": "movie_companies",
                  "Alias": "mc",
                  "Startup Cost": 0.0,
                  "Total Cost": 31414.82,
                  "Plan Rows": 198244,
                  "Plan Width": 0,
                  "Actual Startup Time": 16.049,
                  "Actual Total Time": 82.203,
                  "Actual Rows": 88973,
                  "Actual Loops": 4,
                  "Filter": "((company_id > 11684) AND (company_type_id = 1))",
                  "Rows Removed by Filter": 563309
                }
              ]
            }
          ]
        }
      ]
    },
    "Planning Time": 0.219,
    "Triggers": [],
    "Execution Time": 98.972
  }
]