[
    {
        "Bao": {
            "Bao prediction": "NaN",
            "Bao recommended hint": "(no hint)"
        }
    },
    {
        "Plan": {
            "Node Type": "Aggregate",
            "Strategy": "Plain",
            "Partial Mode": "Simple",
            "Parallel Aware": false,
            "Startup Cost": 20431.54,
            "Total Cost": 20431.55,
            "Plan Rows": 1,
            "Plan Width": 8,
            "Actual Startup Time": 25.7,
            "Actual Total Time": 25.702,
            "Actual Rows": 1,
            "Actual Loops": 1,
            "Output": [
                "count(*)"
            ],
            "Plans": [
                {
                    "Node Type": "Bitmap Heap Scan",
                    "Parent Relationship": "Outer",
                    "Parallel Aware": false,
                    "Relation Name": "movie_companies",
                    "Schema": "public",
                    "Alias": "mc",
                    "Startup Cost": 970.92,
                    "Total Cost": 20319.77,
                    "Plan Rows": 44708,
                    "Plan Width": 0,
                    "Actual Startup Time": 4.223,
                    "Actual Total Time": 20.786,
                    "Actual Rows": 46275,
                    "Actual Loops": 1,
                    "Recheck Cond": "(mc.company_id > 194397)",
                    "Rows Removed by Index Recheck": 0,
                    "Exact Heap Blocks": 1749,
                    "Lossy Heap Blocks": 0,
                    "Plans": [
                        {
                            "Node Type": "Bitmap Index Scan",
                            "Parent Relationship": "Outer",
                            "Parallel Aware": false,
                            "Index Name": "company_id_movie_companies",
                            "Startup Cost": 0.0,
                            "Total Cost": 959.74,
                            "Plan Rows": 44708,
                            "Plan Width": 0,
                            "Actual Startup Time": 3.837,
                            "Actual Total Time": 3.838,
                            "Actual Rows": 46275,
                            "Actual Loops": 1,
                            "Index Cond": "(mc.company_id > 194397)"
                        }
                    ]
                }
            ]
        },
        "Planning Time": 276.724,
        "Triggers": [],
        "Execution Time": 25.766
    }
]