[
    {
        "Bao": {
            "Bao prediction": "NaN",
            "Bao recommended hint": "(no hint)"
        }
    },
    {
        "Plan": {
            "Node Type": "Aggregate",
            "Strategy": "Plain",
            "Partial Mode": "Finalize",
            "Parallel Aware": false,
            "Startup Cost": 402014.18,
            "Total Cost": 402014.19,
            "Plan Rows": 1,
            "Plan Width": 8,
            "Actual Startup Time": 2598.513,
            "Actual Total Time": 2633.381,
            "Actual Rows": 1,
            "Actual Loops": 1,
            "Output": [
                "count(*)"
            ],
            "Plans": [
                {
                    "Node Type": "Gather",
                    "Parent Relationship": "Outer",
                    "Parallel Aware": false,
                    "Startup Cost": 402013.56,
                    "Total Cost": 402014.17,
                    "Plan Rows": 6,
                    "Plan Width": 8,
                    "Actual Startup Time": 2583.232,
                    "Actual Total Time": 2633.368,
                    "Actual Rows": 7,
                    "Actual Loops": 1,
                    "Output": [
                        "(PARTIAL count(*))"
                    ],
                    "Workers Planned": 6,
                    "Workers Launched": 6,
                    "Single Copy": false,
                    "Plans": [
                        {
                            "Node Type": "Aggregate",
                            "Strategy": "Plain",
                            "Partial Mode": "Partial",
                            "Parent Relationship": "Outer",
                            "Parallel Aware": false,
                            "Startup Cost": 401013.56,
                            "Total Cost": 401013.57,
                            "Plan Rows": 1,
                            "Plan Width": 8,
                            "Actual Startup Time": 2573.255,
                            "Actual Total Time": 2573.258,
                            "Actual Rows": 1,
                            "Actual Loops": 7,
                            "Output": [
                                "PARTIAL count(*)"
                            ],
                            "Workers": [
                                {
                                    "Worker Number": 0,
                                    "Actual Startup Time": 2571.852,
                                    "Actual Total Time": 2571.854,
                                    "Actual Rows": 1,
                                    "Actual Loops": 1
                                },
                                {
                                    "Worker Number": 1,
                                    "Actual Startup Time": 2571.144,
                                    "Actual Total Time": 2571.146,
                                    "Actual Rows": 1,
                                    "Actual Loops": 1
                                },
                                {
                                    "Worker Number": 2,
                                    "Actual Startup Time": 2571.418,
                                    "Actual Total Time": 2571.42,
                                    "Actual Rows": 1,
                                    "Actual Loops": 1
                                },
                                {
                                    "Worker Number": 3,
                                    "Actual Startup Time": 2571.738,
                                    "Actual Total Time": 2571.741,
                                    "Actual Rows": 1,
                                    "Actual Loops": 1
                                },
                                {
                                    "Worker Number": 4,
                                    "Actual Startup Time": 2571.855,
                                    "Actual Total Time": 2571.858,
                                    "Actual Rows": 1,
                                    "Actual Loops": 1
                                },
                                {
                                    "Worker Number": 5,
                                    "Actual Startup Time": 2571.899,
                                    "Actual Total Time": 2571.903,
                                    "Actual Rows": 1,
                                    "Actual Loops": 1
                                }
                            ],
                            "Plans": [
                                {
                                    "Node Type": "Hash Join",
                                    "Parent Relationship": "Outer",
                                    "Parallel Aware": true,
                                    "Join Type": "Inner",
                                    "Startup Cost": 49096.28,
                                    "Total Cost": 391883.54,
                                    "Plan Rows": 3652009,
                                    "Plan Width": 0,
                                    "Actual Startup Time": 209.9,
                                    "Actual Total Time": 2427.389,
                                    "Actual Rows": 3021424,
                                    "Actual Loops": 7,
                                    "Inner Unique": true,
                                    "Hash Cond": "(ci.movie_id = t.id)",
                                    "Workers": [
                                        {
                                            "Worker Number": 0,
                                            "Actual Startup Time": 207.607,
                                            "Actual Total Time": 2430.896,
                                            "Actual Rows": 3188880,
                                            "Actual Loops": 1
                                        },
                                        {
                                            "Worker Number": 1,
                                            "Actual Startup Time": 207.927,
                                            "Actual Total Time": 2411.224,
                                            "Actual Rows": 2551796,
                                            "Actual Loops": 1
                                        },
                                        {
                                            "Worker Number": 2,
                                            "Actual Startup Time": 208.163,
                                            "Actual Total Time": 2411.111,
                                            "Actual Rows": 2545339,
                                            "Actual Loops": 1
                                        },
                                        {
                                            "Worker Number": 3,
                                            "Actual Startup Time": 208.544,
                                            "Actual Total Time": 2432.207,
                                            "Actual Rows": 3124241,
                                            "Actual Loops": 1
                                        },
                                        {
                                            "Worker Number": 4,
                                            "Actual Startup Time": 208.651,
                                            "Actual Total Time": 2431.404,
                                            "Actual Rows": 3175637,
                                            "Actual Loops": 1
                                        },
                                        {
                                            "Worker Number": 5,
                                            "Actual Startup Time": 208.666,
                                            "Actual Total Time": 2430.966,
                                            "Actual Rows": 3159452,
                                            "Actual Loops": 1
                                        }
                                    ],
                                    "Plans": [
                                        {
                                            "Node Type": "Seq Scan",
                                            "Parent Relationship": "Outer",
                                            "Parallel Aware": true,
                                            "Relation Name": "cast_info",
                                            "Schema": "public",
                                            "Alias": "ci",
                                            "Startup Cost": 0.0,
                                            "Total Cost": 328213.62,
                                            "Plan Rows": 5551854,
                                            "Plan Width": 4,
                                            "Actual Startup Time": 28.656,
                                            "Actual Total Time": 604.618,
                                            "Actual Rows": 4750171,
                                            "Actual Loops": 7,
                                            "Output": [
                                                "ci.id",
                                                "ci.person_id",
                                                "ci.movie_id",
                                                "ci.person_role_id",
                                                "ci.note",
                                                "ci.nr_order",
                                                "ci.role_id"
                                            ],
                                            "Filter": "(ci.person_id > 290958)",
                                            "Rows Removed by Filter": 427592,
                                            "Workers": [
                                                {
                                                    "Worker Number": 0,
                                                    "Actual Startup Time": 28.675,
                                                    "Actual Total Time": 606.543,
                                                    "Actual Rows": 5010903,
                                                    "Actual Loops": 1
                                                },
                                                {
                                                    "Worker Number": 1,
                                                    "Actual Startup Time": 28.628,
                                                    "Actual Total Time": 646.573,
                                                    "Actual Rows": 4019897,
                                                    "Actual Loops": 1
                                                },
                                                {
                                                    "Worker Number": 2,
                                                    "Actual Startup Time": 28.757,
                                                    "Actual Total Time": 664.077,
                                                    "Actual Rows": 4026229,
                                                    "Actual Loops": 1
                                                },
                                                {
                                                    "Worker Number": 3,
                                                    "Actual Startup Time": 28.658,
                                                    "Actual Total Time": 587.175,
                                                    "Actual Rows": 4901170,
                                                    "Actual Loops": 1
                                                },
                                                {
                                                    "Worker Number": 4,
                                                    "Actual Startup Time": 28.626,
                                                    "Actual Total Time": 606.684,
                                                    "Actual Rows": 4985400,
                                                    "Actual Loops": 1
                                                },
                                                {
                                                    "Worker Number": 5,
                                                    "Actual Startup Time": 28.616,
                                                    "Actual Total Time": 592.49,
                                                    "Actual Rows": 4975696,
                                                    "Actual Loops": 1
                                                }
                                            ]
                                        },
                                        {
                                            "Node Type": "Hash",
                                            "Parent Relationship": "Inner",
                                            "Parallel Aware": true,
                                            "Startup Cost": 43899.01,
                                            "Total Cost": 43899.01,
                                            "Plan Rows": 415782,
                                            "Plan Width": 4,
                                            "Actual Startup Time": 177.964,
                                            "Actual Total Time": 177.965,
                                            "Actual Rows": 239157,
                                            "Actual Loops": 7,
                                            "Output": [
                                                "t.id"
                                            ],
                                            "Hash Buckets": 2097152,
                                            "Original Hash Buckets": 2097152,
                                            "Hash Batches": 1,
                                            "Original Hash Batches": 1,
                                            "Peak Memory Usage": 82016,
                                            "Workers": [
                                                {
                                                    "Worker Number": 0,
                                                    "Actual Startup Time": 177.978,
                                                    "Actual Total Time": 177.979,
                                                    "Actual Rows": 249932,
                                                    "Actual Loops": 1
                                                },
                                                {
                                                    "Worker Number": 1,
                                                    "Actual Startup Time": 178.361,
                                                    "Actual Total Time": 178.361,
                                                    "Actual Rows": 177749,
                                                    "Actual Loops": 1
                                                },
                                                {
                                                    "Worker Number": 2,
                                                    "Actual Startup Time": 178.681,
                                                    "Actual Total Time": 178.682,
                                                    "Actual Rows": 186810,
                                                    "Actual Loops": 1
                                                },
                                                {
                                                    "Worker Number": 3,
                                                    "Actual Startup Time": 178.987,
                                                    "Actual Total Time": 178.988,
                                                    "Actual Rows": 225905,
                                                    "Actual Loops": 1
                                                },
                                                {
                                                    "Worker Number": 4,
                                                    "Actual Startup Time": 179.119,
                                                    "Actual Total Time": 179.12,
                                                    "Actual Rows": 244295,
                                                    "Actual Loops": 1
                                                },
                                                {
                                                    "Worker Number": 5,
                                                    "Actual Startup Time": 179.137,
                                                    "Actual Total Time": 179.138,
                                                    "Actual Rows": 227443,
                                                    "Actual Loops": 1
                                                }
                                            ],
                                            "Plans": [
                                                {
                                                    "Node Type": "Seq Scan",
                                                    "Parent Relationship": "Outer",
                                                    "Parallel Aware": true,
                                                    "Relation Name": "title",
                                                    "Schema": "public",
                                                    "Alias": "t",
                                                    "Startup Cost": 0.0,
                                                    "Total Cost": 43899.01,
                                                    "Plan Rows": 415782,
                                                    "Plan Width": 4,
                                                    "Actual Startup Time": 0.049,
                                                    "Actual Total Time": 73.558,
                                                    "Actual Rows": 239157,
                                                    "Actual Loops": 7,
                                                    "Output": [
                                                        "t.id"
                                                    ],
                                                    "Filter": "(t.kind_id > 3)",
                                                    "Rows Removed by Filter": 122031,
                                                    "Workers": [
                                                        {
                                                            "Worker Number": 0,
                                                            "Actual Startup Time": 0.065,
                                                            "Actual Total Time": 75.203,
                                                            "Actual Rows": 249932,
                                                            "Actual Loops": 1
                                                        },
                                                        {
                                                            "Worker Number": 1,
                                                            "Actual Startup Time": 0.064,
                                                            "Actual Total Time": 76.46,
                                                            "Actual Rows": 177749,
                                                            "Actual Loops": 1
                                                        },
                                                        {
                                                            "Worker Number": 2,
                                                            "Actual Startup Time": 0.066,
                                                            "Actual Total Time": 78.42,
                                                            "Actual Rows": 186810,
                                                            "Actual Loops": 1
                                                        },
                                                        {
                                                            "Worker Number": 3,
                                                            "Actual Startup Time": 0.076,
                                                            "Actual Total Time": 73.853,
                                                            "Actual Rows": 225905,
                                                            "Actual Loops": 1
                                                        },
                                                        {
                                                            "Worker Number": 4,
                                                            "Actual Startup Time": 0.039,
                                                            "Actual Total Time": 74.861,
                                                            "Actual Rows": 244295,
                                                            "Actual Loops": 1
                                                        },
                                                        {
                                                            "Worker Number": 5,
                                                            "Actual Startup Time": 0.022,
                                                            "Actual Total Time": 73.585,
                                                            "Actual Rows": 227443,
                                                            "Actual Loops": 1
                                                        }
                                                    ]
                                                }
                                            ]
                                        }
                                    ]
                                }
                            ]
                        }
                    ]
                }
            ]
        },
        "Planning Time": 192.98,
        "Triggers": [],
        "Execution Time": 2633.44
    }
]