[
  {
    "Plan": {
      "Node Type": "Aggregate",
      "Strategy": "Plain",
      "Partial Mode": "Finalize",
      "Parallel Aware": false,
      "Startup Cost": 55280.62,
      "Total Cost": 55280.63,
      "Plan Rows": 1,
      "Plan Width": 8,
      "Actual Startup Time": 146.377,
      "Actual Total Time": 156.235,
      "Actual Rows": 1,
      "Actual Loops": 1,
      "Plans": [
        {
          "Node Type": "Gather",
          "Parent Relationship": "Outer",
          "Parallel Aware": false,
          "Startup Cost": 55280.41,
          "Total Cost": 55280.62,
          "Plan Rows": 2,
          "Plan Width": 8,
          "Actual Startup Time": 145.36,
          "Actual Total Time": 156.228,
          "Actual Rows": 3,
          "Actual Loops": 1,
          "Workers Planned": 2,
          "Workers Launched": 2,
          "Single Copy": false,
          "Plans": [
            {
              "Node Type": "Aggregate",
              "Strategy": "Plain",
              "Partial Mode": "Partial",
              "Parent Relationship": "Outer",
              "Parallel Aware": false,
              "Startup Cost": 54280.41,
              "Total Cost": 54280.42,
              "Plan Rows": 1,
              "Plan Width": 8,
              "Actual Startup Time": 139.841,
              "Actual Total Time": 139.844,
              "Actual Rows": 1,
              "Actual Loops": 3,
              "Plans": [
                {
                  "Node Type": "Hash Join",
                  "Parent Relationship": "Outer",
                  "Parallel Aware": true,
                  "Join Type": "Inner",
                  "Startup Cost": 39018.79,
                  "Total Cost": 54213.35,
                  "Plan Rows": 26822,
                  "Plan Width": 0,
                  "Actual Startup Time": 81.359,
                  "Actual Total Time": 138.492,
                  "Actual Rows": 27847,
                  "Actual Loops": 3,
                  "Inner Unique": true,
                  "Hash Cond": "(mi_idx.movie_id = t.id)",
                  "Plans": [
                    {
                      "Node Type": "Seq Scan",
                      "Parent Relationship": "Outer",
                      "Parallel Aware": true,
                      "Relation Name": "movie_info_idx",
                      "Alias": "mi_idx",
                      "Startup Cost": 0.0,
                      "Total Cost": 13685.15,
                      "Plan Rows": 575015,
                      "Plan Width": 4,
                      "Actual Startup Time": 0.011,
                      "Actual Total Time": 41.374,
                      "Actual Rows": 460012,
                      "Actual Loops": 3
                    },
                    {
                      "Node Type": "Hash",
                      "Parent Relationship": "Inner",
                      "Parallel Aware": true,
                      "Startup Cost": 38650.22,
                      "Total Cost": 38650.22,
                      "Plan Rows": 29486,
                      "Plan Width": 4,
                      "Actual Startup Time": 44.713,
                      "Actual Total Time": 44.714,
                      "Actual Rows": 39307,
                      "Actual Loops": 3,
                      "Hash Buckets": 131072,
                      "Original Hash Buckets": 131072,
                      "Hash Batches": 1,
                      "Original Hash Batches": 1,
                      "Peak Memory Usage": 5696,
                      "Plans": [
                        {
                          "Node Type": "Bitmap Heap Scan",
                          "Parent Relationship": "Outer",
                          "Parallel Aware": true,
                          "Relation Name": "title",
                          "Alias": "t",
                          "Startup Cost": 2196.78,
                          "Total Cost": 38650.22,
                          "Plan Rows": 29486,
                          "Plan Width": 4,
                          "Actual Startup Time": 4.402,
                          "Actual Total Time": 34.414,
                          "Actual Rows": 39307,
                          "Actual Loops": 3,
                          "Recheck Cond": "(kind_id = 4)",
                          "Rows Removed by Index Recheck": 0,
                          "Filter": "(production_year > 0)",
                          "Rows Removed by Filter": 105,
                          "Exact Heap Blocks": 7310,
                          "Lossy Heap Blocks": 0,
                          "Plans": [
                            {
                              "Node Type": "Bitmap Index Scan",
                              "Parent Relationship": "Outer",
                              "Parallel Aware": false,
                              "Index Name": "kind_id_title",
                              "Startup Cost": 0.0,
                              "Total Cost": 2167.3,
                              "Plan Rows": 121449,
                              "Plan Width": 0,
                              "Actual Startup Time": 6.243,
                              "Actual Total Time": 6.243,
                              "Actual Rows": 118234,
                              "Actual Loops": 1,
                              "Index Cond": "(kind_id = 4)"
                            }
                          ]
                        }
                      ]
                    }
                  ]
                }
              ]
            }
          ]
        }
      ]
    },
    "Planning Time": 0.203,
    "Triggers": [],
    "Execution Time": 156.279
  }
]