{
  "Plan": {
    "Node Type": "Aggregate",
    "Strategy": "Plain",
    "Partial Mode": "Finalize",
    "Parallel Aware": false,
    "Startup Cost": 927756.6,
    "Total Cost": 927756.61,
    "Plan Rows": 1,
    "Plan Width": 8,
    "Actual Startup Time": 4032.838,
    "Actual Total Time": 4034.659,
    "Actual Rows": 1,
    "Actual Loops": 1,
    "Plans": [
      {
        "Node Type": "Gather",
        "Parent Relationship": "Outer",
        "Parallel Aware": false,
        "Startup Cost": 927756.49,
        "Total Cost": 927756.6,
        "Plan Rows": 1,
        "Plan Width": 8,
        "Actual Startup Time": 4032.827,
        "Actual Total Time": 4034.653,
        "Actual Rows": 2,
        "Actual Loops": 1,
        "Workers Planned": 1,
        "Workers Launched": 1,
        "Single Copy": false,
        "Plans": [
          {
            "Node Type": "Aggregate",
            "Strategy": "Plain",
            "Partial Mode": "Partial",
            "Parent Relationship": "Outer",
            "Parallel Aware": false,
            "Startup Cost": 926756.49,
            "Total Cost": 926756.5,
            "Plan Rows": 1,
            "Plan Width": 8,
            "Actual Startup Time": 3962.207,
            "Actual Total Time": 3962.213,
            "Actual Rows": 1,
            "Actual Loops": 2,
            "Plans": [
              {
                "Node Type": "Merge Join",
                "Parent Relationship": "Outer",
                "Parallel Aware": false,
                "Join Type": "Inner",
                "Startup Cost": 896200.87,
                "Total Cost": 924354.56,
                "Plan Rows": 960771,
                "Plan Width": 0,
                "Actual Startup Time": 2715.098,
                "Actual Total Time": 3783.416,
                "Actual Rows": 4820106,
                "Actual Loops": 2,
                "Inner Unique": false,
                "Merge Cond": "(ci.movie_id = t.id)",
                "Plans": [
                  {
                    "Node Type": "Sort",
                    "Parent Relationship": "Outer",
                    "Parallel Aware": false,
                    "Startup Cost": 684330.18,
                    "Total Cost": 691203.43,
                    "Plan Rows": 2749300,
                    "Plan Width": 4,
                    "Actual Startup Time": 1095.931,
                    "Actual Total Time": 1349.781,
                    "Actual Rows": 2237514,
                    "Actual Loops": 2,
                    "Sort Key": [
                      "ci.movie_id"
                    ],
                    "Sort Method": "quicksort",
                    "Sort Space Used": 209055,
                    "Sort Space Type": "Memory",
                    "Workers": [
                      {
                        "Worker Number": 0,
                        "Sort Method": "quicksort",
                        "Sort Space Used": 197334,
                        "Sort Space Type": "Memory"
                      }
                    ],
                    "Plans": [
                      {
                        "Node Type": "Bitmap Heap Scan",
                        "Parent Relationship": "Outer",
                        "Parallel Aware": true,
                        "Relation Name": "cast_info",
                        "Alias": "ci",
                        "Startup Cost": 103230.59,
                        "Total Cost": 390283.84,
                        "Plan Rows": 2749300,
                        "Plan Width": 4,
                        "Actual Startup Time": 237.402,
                        "Actual Total Time": 549.429,
                        "Actual Rows": 2237654,
                        "Actual Loops": 2,
                        "Recheck Cond": "(person_id > 3244660)",
                        "Rows Removed by Index Recheck": 0,
                        "Exact Heap Blocks": 33017,
                        "Lossy Heap Blocks": 0,
                        "Plans": [
                          {
                            "Node Type": "Bitmap Index Scan",
                            "Parent Relationship": "Outer",
                            "Parallel Aware": false,
                            "Index Name": "person_id_cast_info",
                            "Startup Cost": 0.0,
                            "Total Cost": 102062.14,
                            "Plan Rows": 4673810,
                            "Plan Width": 0,
                            "Actual Startup Time": 232.286,
                            "Actual Total Time": 232.287,
                            "Actual Rows": 4475309,
                            "Actual Loops": 1,
                            "Index Cond": "(person_id > 3244660)"
                          }
                        ]
                      }
                    ]
                  },
                  {
                    "Node Type": "Sort",
                    "Parent Relationship": "Inner",
                    "Parallel Aware": false,
                    "Startup Cost": 211870.4,
                    "Total Cost": 214079.24,
                    "Plan Rows": 883538,
                    "Plan Width": 8,
                    "Actual Startup Time": 1619.143,
                    "Actual Total Time": 1819.189,
                    "Actual Rows": 5570903,
                    "Actual Loops": 2,
                    "Sort Key": [
                      "t.id"
                    ],
                    "Sort Method": "quicksort",
                    "Sort Space Used": 128949,
                    "Sort Space Type": "Memory",
                    "Workers": [
                      {
                        "Worker Number": 0,
                        "Sort Method": "quicksort",
                        "Sort Space Used": 128949,
                        "Sort Space Type": "Memory"
                      }
                    ],
                    "Plans": [
                      {
                        "Node Type": "Hash Join",
                        "Parent Relationship": "Outer",
                        "Parallel Aware": false,
                        "Join Type": "Inner",
                        "Startup Cost": 72877.8,
                        "Total Cost": 124608.07,
                        "Plan Rows": 883538,
                        "Plan Width": 8,
                        "Actual Startup Time": 352.569,
                        "Actual Total Time": 1239.88,
                        "Actual Rows": 1702315,
                        "Actual Loops": 2,
                        "Inner Unique": true,
                        "Hash Cond": "(mc.movie_id = t.id)",
                        "Plans": [
                          {
                            "Node Type": "Seq Scan",
                            "Parent Relationship": "Outer",
                            "Parallel Aware": false,
                            "Relation Name": "movie_companies",
                            "Alias": "mc",
                            "Startup Cost": 0.0,
                            "Total Cost": 44881.29,
                            "Plan Rows": 2609129,
                            "Plan Width": 4,
                            "Actual Startup Time": 0.036,
                            "Actual Total Time": 182.264,
                            "Actual Rows": 2609129,
                            "Actual Loops": 2
                          },
                          {
                            "Node Type": "Hash",
                            "Parent Relationship": "Inner",
                            "Parallel Aware": false,
                            "Startup Cost": 62175.75,
                            "Total Cost": 62175.75,
                            "Plan Rows": 856164,
                            "Plan Width": 4,
                            "Actual Startup Time": 348.402,
                            "Actual Total Time": 348.404,
                            "Actual Rows": 854214,
                            "Actual Loops": 2,
                            "Hash Buckets": 1048576,
                            "Original Hash Buckets": 1048576,
                            "Hash Batches": 1,
                            "Original Hash Batches": 1,
                            "Peak Memory Usage": 38223,
                            "Plans": [
                              {
                                "Node Type": "Bitmap Heap Scan",
                                "Parent Relationship": "Outer",
                                "Parallel Aware": false,
                                "Relation Name": "title",
                                "Alias": "t",
                                "Startup Cost": 15475.7,
                                "Total Cost": 62175.75,
                                "Plan Rows": 856164,
                                "Plan Width": 4,
                                "Actual Startup Time": 33.123,
                                "Actual Total Time": 175.308,
                                "Actual Rows": 854214,
                                "Actual Loops": 2,
                                "Recheck Cond": "(kind_id < 4)",
                                "Rows Removed by Index Recheck": 0,
                                "Exact Heap Blocks": 35470,
                                "Lossy Heap Blocks": 0,
                                "Plans": [
                                  {
                                    "Node Type": "Bitmap Index Scan",
                                    "Parent Relationship": "Outer",
                                    "Parallel Aware": false,
                                    "Index Name": "kind_id_title",
                                    "Startup Cost": 0.0,
                                    "Total Cost": 15261.66,
                                    "Plan Rows": 856164,
                                    "Plan Width": 0,
                                    "Actual Startup Time": 28.279,
                                    "Actual Total Time": 28.279,
                                    "Actual Rows": 854214,
                                    "Actual Loops": 2,
                                    "Index Cond": "(kind_id < 4)"
                                  }
                                ]
                              }
                            ]
                          }
                        ]
                      }
                    ]
                  }
                ]
              }
            ]
          }
        ]
      }
    ]
  },
  "Planning Time": 1.064,
  "Triggers": [],
  "Execution Time": 4050.104
}