[
  {
    "Plan": {
      "Node Type": "Aggregate",
      "Strategy": "Plain",
      "Partial Mode": "Finalize",
      "Parallel Aware": false,
      "Startup Cost": 44412.52,
      "Total Cost": 44412.53,
      "Plan Rows": 1,
      "Plan Width": 8,
      "Actual Startup Time": 136.87,
      "Actual Total Time": 147.568,
      "Actual Rows": 1,
      "Actual Loops": 1,
      "Plans": [
        {
          "Node Type": "Gather",
          "Parent Relationship": "Outer",
          "Parallel Aware": false,
          "Startup Cost": 44412.2,
          "Total Cost": 44412.51,
          "Plan Rows": 3,
          "Plan Width": 8,
          "Actual Startup Time": 136.757,
          "Actual Total Time": 147.558,
          "Actual Rows": 4,
          "Actual Loops": 1,
          "Workers Planned": 3,
          "Workers Launched": 3,
          "Single Copy": false,
          "Plans": [
            {
              "Node Type": "Aggregate",
              "Strategy": "Plain",
              "Partial Mode": "Partial",
              "Parent Relationship": "Outer",
              "Parallel Aware": false,
              "Startup Cost": 43412.2,
              "Total Cost": 43412.21,
              "Plan Rows": 1,
              "Plan Width": 8,
              "Actual Startup Time": 127.632,
              "Actual Total Time": 127.633,
              "Actual Rows": 1,
              "Actual Loops": 4,
              "Plans": [
                {
                  "Node Type": "Seq Scan",
                  "Parent Relationship": "Outer",
                  "Parallel Aware": true,
                  "Relation Name": "movie_keyword",
                  "Alias": "mk",
                  "Startup Cost": 0.0,
                  "Total Cost": 42695.65,
                  "Plan Rows": 286620,
                  "Plan Width": 0,
                  "Actual Startup Time": 0.052,
                  "Actual Total Time": 114.458,
                  "Actual Rows": 223207,
                  "Actual Loops": 4,
                  "Filter": "(keyword_id < 845)",
                  "Rows Removed by Filter": 907776
                }
              ]
            }
          ]
        }
      ]
    },
    "Planning Time": 0.19,
    "Triggers": [],
    "Execution Time": 147.629
  }
]