[
  {
    "Plan": {
      "Node Type": "Aggregate",
      "Strategy": "Plain",
      "Partial Mode": "Finalize",
      "Parallel Aware": false,
      "Startup Cost": 93993.02,
      "Total Cost": 93993.03,
      "Plan Rows": 1,
      "Plan Width": 8,
      "Actual Startup Time": 429.288,
      "Actual Total Time": 447.169,
      "Actual Rows": 1,
      "Actual Loops": 1,
      "Plans": [
        {
          "Node Type": "Gather",
          "Parent Relationship": "Outer",
          "Parallel Aware": false,
          "Startup Cost": 93992.7,
          "Total Cost": 93993.01,
          "Plan Rows": 3,
          "Plan Width": 8,
          "Actual Startup Time": 425.309,
          "Actual Total Time": 447.157,
          "Actual Rows": 4,
          "Actual Loops": 1,
          "Workers Planned": 3,
          "Workers Launched": 3,
          "Single Copy": false,
          "Plans": [
            {
              "Node Type": "Aggregate",
              "Strategy": "Plain",
              "Partial Mode": "Partial",
              "Parent Relationship": "Outer",
              "Parallel Aware": false,
              "Startup Cost": 92992.7,
              "Total Cost": 92992.71,
              "Plan Rows": 1,
              "Plan Width": 8,
              "Actual Startup Time": 416.775,
              "Actual Total Time": 417.006,
              "Actual Rows": 1,
              "Actual Loops": 4,
              "Plans": [
                {
                  "Node Type": "Hash Join",
                  "Parent Relationship": "Outer",
                  "Parallel Aware": true,
                  "Join Type": "Inner",
                  "Startup Cost": 48683.85,
                  "Total Cost": 92543.24,
                  "Plan Rows": 179785,
                  "Plan Width": 0,
                  "Actual Startup Time": 264.788,
                  "Actual Total Time": 413.508,
                  "Actual Rows": 74026,
                  "Actual Loops": 4,
                  "Inner Unique": true,
                  "Hash Cond": "(mk.movie_id = t.id)",
                  "Plans": [
                    {
                      "Node Type": "Seq Scan",
                      "Parent Relationship": "Outer",
                      "Parallel Aware": true,
                      "Relation Name": "movie_keyword",
                      "Alias": "mk",
                      "Startup Cost": 0.0,
                      "Total Cost": 42695.65,
                      "Plan Rows": 443328,
                      "Plan Width": 4,
                      "Actual Startup Time": 0.827,
                      "Actual Total Time": 98.255,
                      "Actual Rows": 343577,
                      "Actual Loops": 4,
                      "Filter": "(keyword_id > 12154)",
                      "Rows Removed by Filter": 787406
                    },
                    {
                      "Node Type": "Hash",
                      "Parent Relationship": "Inner",
                      "Parallel Aware": true,
                      "Startup Cost": 45479.59,
                      "Total Cost": 45479.59,
                      "Plan Rows": 256341,
                      "Plan Width": 4,
                      "Actual Startup Time": 258.528,
                      "Actual Total Time": 258.53,
                      "Actual Rows": 276860,
                      "Actual Loops": 4,
                      "Hash Buckets": 2097152,
                      "Original Hash Buckets": 1048576,
                      "Hash Batches": 1,
                      "Original Hash Batches": 1,
                      "Peak Memory Usage": 67968,
                      "Plans": [
                        {
                          "Node Type": "Seq Scan",
                          "Parent Relationship": "Outer",
                          "Parallel Aware": true,
                          "Relation Name": "title",
                          "Alias": "t",
                          "Startup Cost": 0.0,
                          "Total Cost": 45479.59,
                          "Plan Rows": 256341,
                          "Plan Width": 4,
                          "Actual Startup Time": 0.048,
                          "Actual Total Time": 118.315,
                          "Actual Rows": 276860,
                          "Actual Loops": 4,
                          "Filter": "((kind_id > 1) AND (production_year > 2000))",
                          "Rows Removed by Filter": 355218
                        }
                      ]
                    }
                  ]
                }
              ]
            }
          ]
        }
      ]
    },
    "Planning Time": 0.567,
    "Triggers": [],
    "Execution Time": 447.234
  }
]