{
  "Plan": {
    "Node Type": "Aggregate",
    "Strategy": "Plain",
    "Partial Mode": "Finalize",
    "Parallel Aware": false,
    "Startup Cost": 160766.77,
    "Total Cost": 160766.78,
    "Plan Rows": 1,
    "Plan Width": 8,
    "Actual Startup Time": 1216.015,
    "Actual Total Time": 1238.458,
    "Actual Rows": 1,
    "Actual Loops": 1,
    "Plans": [
      {
        "Node Type": "Gather",
        "Parent Relationship": "Outer",
        "Parallel Aware": false,
        "Startup Cost": 160766.66,
        "Total Cost": 160766.77,
        "Plan Rows": 1,
        "Plan Width": 8,
        "Actual Startup Time": 1208.846,
        "Actual Total Time": 1238.451,
        "Actual Rows": 2,
        "Actual Loops": 1,
        "Workers Planned": 1,
        "Workers Launched": 1,
        "Single Copy": false,
        "Plans": [
          {
            "Node Type": "Aggregate",
            "Strategy": "Plain",
            "Partial Mode": "Partial",
            "Parent Relationship": "Outer",
            "Parallel Aware": false,
            "Startup Cost": 159766.66,
            "Total Cost": 159766.67,
            "Plan Rows": 1,
            "Plan Width": 8,
            "Actual Startup Time": 1194.796,
            "Actual Total Time": 1194.803,
            "Actual Rows": 1,
            "Actual Loops": 2,
            "Plans": [
              {
                "Node Type": "Hash Join",
                "Parent Relationship": "Outer",
                "Parallel Aware": true,
                "Join Type": "Inner",
                "Startup Cost": 97083.29,
                "Total Cost": 159277.91,
                "Plan Rows": 195501,
                "Plan Width": 0,
                "Actual Startup Time": 754.804,
                "Actual Total Time": 1161.73,
                "Actual Rows": 783158,
                "Actual Loops": 2,
                "Inner Unique": false,
                "Hash Cond": "(mk.movie_id = t.id)",
                "Plans": [
                  {
                    "Node Type": "Seq Scan",
                    "Parent Relationship": "Outer",
                    "Parallel Aware": true,
                    "Relation Name": "movie_keyword",
                    "Alias": "mk",
                    "Startup Cost": 0.0,
                    "Total Cost": 51065.35,
                    "Plan Rows": 2661135,
                    "Plan Width": 4,
                    "Actual Startup Time": 0.024,
                    "Actual Total Time": 153.413,
                    "Actual Rows": 2261965,
                    "Actual Loops": 2
                  },
                  {
                    "Node Type": "Hash",
                    "Parent Relationship": "Inner",
                    "Parallel Aware": true,
                    "Startup Cost": 95717.54,
                    "Total Cost": 95717.54,
                    "Plan Rows": 109260,
                    "Plan Width": 8,
                    "Actual Startup Time": 751.247,
                    "Actual Total Time": 751.252,
                    "Actual Rows": 225092,
                    "Actual Loops": 2,
                    "Hash Buckets": 524288,
                    "Original Hash Buckets": 262144,
                    "Hash Batches": 1,
                    "Original Hash Batches": 1,
                    "Peak Memory Usage": 23776,
                    "Plans": [
                      {
                        "Node Type": "Hash Join",
                        "Parent Relationship": "Outer",
                        "Parallel Aware": true,
                        "Join Type": "Inner",
                        "Startup Cost": 69461.26,
                        "Total Cost": 95717.54,
                        "Plan Rows": 109260,
                        "Plan Width": 8,
                        "Actual Startup Time": 524.513,
                        "Actual Total Time": 698.457,
                        "Actual Rows": 225092,
                        "Actual Loops": 2,
                        "Inner Unique": true,
                        "Hash Cond": "(ci.movie_id = t.id)",
                        "Plans": [
                          {
                            "Node Type": "Index Scan",
                            "Parent Relationship": "Outer",
                            "Parallel Aware": true,
                            "Scan Direction": "Forward",
                            "Index Name": "role_id_cast_info",
                            "Relation Name": "cast_info",
                            "Alias": "ci",
                            "Startup Cost": 0.56,
                            "Total Cost": 25970.03,
                            "Plan Rows": 109260,
                            "Plan Width": 4,
                            "Actual Startup Time": 0.046,
                            "Actual Total Time": 60.494,
                            "Actual Rows": 225092,
                            "Actual Loops": 2,
                            "Index Cond": "(role_id = 6)",
                            "Rows Removed by Index Recheck": 0,
                            "Filter": "(person_id > 2858635)",
                            "Rows Removed by Filter": 161746
                          },
                          {
                            "Node Type": "Hash",
                            "Parent Relationship": "Inner",
                            "Parallel Aware": true,
                            "Startup Cost": 50870.31,
                            "Total Cost": 50870.31,
                            "Plan Rows": 1487231,
                            "Plan Width": 4,
                            "Actual Startup Time": 505.908,
                            "Actual Total Time": 505.909,
                            "Actual Rows": 1264156,
                            "Actual Loops": 2,
                            "Hash Buckets": 4194304,
                            "Original Hash Buckets": 4194304,
                            "Hash Batches": 1,
                            "Original Hash Batches": 1,
                            "Peak Memory Usage": 131712,
                            "Plans": [
                              {
                                "Node Type": "Seq Scan",
                                "Parent Relationship": "Outer",
                                "Parallel Aware": true,
                                "Relation Name": "title",
                                "Alias": "t",
                                "Startup Cost": 0.0,
                                "Total Cost": 50870.31,
                                "Plan Rows": 1487231,
                                "Plan Width": 4,
                                "Actual Startup Time": 0.025,
                                "Actual Total Time": 148.023,
                                "Actual Rows": 1264156,
                                "Actual Loops": 2
                              }
                            ]
                          }
                        ]
                      }
                    ]
                  }
                ]
              }
            ]
          }
        ]
      }
    ]
  },
  "Planning Time": 1.152,
  "Triggers": [],
  "Execution Time": 1238.548
}