[
  {
    "Plan": {
      "Node Type": "Aggregate",
      "Strategy": "Plain",
      "Partial Mode": "Finalize",
      "Parallel Aware": false,
      "Startup Cost": 349352.18,
      "Total Cost": 349352.19,
      "Plan Rows": 1,
      "Plan Width": 8,
      "Actual Startup Time": 3106.118,
      "Actual Total Time": 3191.296,
      "Actual Rows": 1,
      "Actual Loops": 1,
      "Plans": [
        {
          "Node Type": "Gather",
          "Parent Relationship": "Outer",
          "Parallel Aware": false,
          "Startup Cost": 349351.65,
          "Total Cost": 349352.16,
          "Plan Rows": 5,
          "Plan Width": 8,
          "Actual Startup Time": 3101.381,
          "Actual Total Time": 3191.283,
          "Actual Rows": 6,
          "Actual Loops": 1,
          "Workers Planned": 5,
          "Workers Launched": 5,
          "Single Copy": false,
          "Plans": [
            {
              "Node Type": "Aggregate",
              "Strategy": "Plain",
              "Partial Mode": "Partial",
              "Parent Relationship": "Outer",
              "Parallel Aware": false,
              "Startup Cost": 348351.65,
              "Total Cost": 348351.66,
              "Plan Rows": 1,
              "Plan Width": 8,
              "Actual Startup Time": 3090.809,
              "Actual Total Time": 3090.812,
              "Actual Rows": 1,
              "Actual Loops": 6,
              "Plans": [
                {
                  "Node Type": "Nested Loop",
                  "Parent Relationship": "Outer",
                  "Parallel Aware": false,
                  "Join Type": "Inner",
                  "Startup Cost": 75273.15,
                  "Total Cost": 346740.0,
                  "Plan Rows": 644661,
                  "Plan Width": 0,
                  "Actual Startup Time": 329.735,
                  "Actual Total Time": 2993.072,
                  "Actual Rows": 1858524,
                  "Actual Loops": 6,
                  "Inner Unique": false,
                  "Plans": [
                    {
                      "Node Type": "Merge Join",
                      "Parent Relationship": "Outer",
                      "Parallel Aware": false,
                      "Join Type": "Inner",
                      "Startup Cost": 75272.58,
                      "Total Cost": 169353.72,
                      "Plan Rows": 80153,
                      "Plan Width": 8,
                      "Actual Startup Time": 329.646,
                      "Actual Total Time": 667.93,
                      "Actual Rows": 64885,
                      "Actual Loops": 6,
                      "Inner Unique": false,
                      "Merge Cond": "(t.id = mk.movie_id)",
                      "Plans": [
                        {
                          "Node Type": "Index Only Scan",
                          "Parent Relationship": "Outer",
                          "Parallel Aware": true,
                          "Scan Direction": "Forward",
                          "Index Name": "title_pkey",
                          "Relation Name": "title",
                          "Alias": "t",
                          "Startup Cost": 0.43,
                          "Total Cost": 90113.62,
                          "Plan Rows": 505659,
                          "Plan Width": 4,
                          "Actual Startup Time": 0.176,
                          "Actual Total Time": 330.577,
                          "Actual Rows": 420996,
                          "Actual Loops": 6,
                          "Heap Fetches": 2525977
                        },
                        {
                          "Node Type": "Sort",
                          "Parent Relationship": "Inner",
                          "Parallel Aware": false,
                          "Startup Cost": 75262.03,
                          "Total Cost": 76263.95,
                          "Plan Rows": 400766,
                          "Plan Width": 4,
                          "Actual Startup Time": 258.559,
                          "Actual Total Time": 281.429,
                          "Actual Rows": 389312,
                          "Actual Loops": 6,
                          "Sort Key": [
                            "mk.movie_id"
                          ],
                          "Sort Method": "quicksort",
                          "Sort Space Used": 30538,
                          "Sort Space Type": "Memory",
                          "Workers": [
                            {
                              "Worker Number": 0,
                              "Sort Method": "quicksort",
                              "Sort Space Used": 30538,
                              "Sort Space Type": "Memory"
                            },
                            {
                              "Worker Number": 1,
                              "Sort Method": "quicksort",
                              "Sort Space Used": 30538,
                              "Sort Space Type": "Memory"
                            },
                            {
                              "Worker Number": 2,
                              "Sort Method": "quicksort",
                              "Sort Space Used": 30538,
                              "Sort Space Type": "Memory"
                            },
                            {
                              "Worker Number": 3,
                              "Sort Method": "quicksort",
                              "Sort Space Used": 30538,
                              "Sort Space Type": "Memory"
                            },
                            {
                              "Worker Number": 4,
                              "Sort Method": "quicksort",
                              "Sort Space Used": 30538,
                              "Sort Space Type": "Memory"
                            }
                          ],
                          "Plans": [
                            {
                              "Node Type": "Bitmap Heap Scan",
                              "Parent Relationship": "Outer",
                              "Parallel Aware": false,
                              "Relation Name": "movie_keyword",
                              "Alias": "mk",
                              "Startup Cost": 8502.37,
                              "Total Cost": 37965.94,
                              "Plan Rows": 400766,
                              "Plan Width": 4,
                              "Actual Startup Time": 45.266,
                              "Actual Total Time": 169.354,
                              "Actual Rows": 389312,
                              "Actual Loops": 6,
                              "Recheck Cond": "(keyword_id > 44168)",
                              "Rows Removed by Index Recheck": 0,
                              "Exact Heap Blocks": 22454,
                              "Lossy Heap Blocks": 0,
                              "Plans": [
                                {
                                  "Node Type": "Bitmap Index Scan",
                                  "Parent Relationship": "Outer",
                                  "Parallel Aware": false,
                                  "Index Name": "keyword_id_movie_keyword",
                                  "Startup Cost": 0.0,
                                  "Total Cost": 8402.18,
                                  "Plan Rows": 400766,
                                  "Plan Width": 0,
                                  "Actual Startup Time": 41.895,
                                  "Actual Total Time": 41.895,
                                  "Actual Rows": 389312,
                                  "Actual Loops": 6,
                                  "Index Cond": "(keyword_id > 44168)"
                                }
                              ]
                            }
                          ]
                        }
                      ]
                    },
                    {
                      "Node Type": "Index Scan",
                      "Parent Relationship": "Inner",
                      "Parallel Aware": false,
                      "Scan Direction": "Forward",
                      "Index Name": "movie_id_cast_info",
                      "Relation Name": "cast_info",
                      "Alias": "ci",
                      "Startup Cost": 0.56,
                      "Total Cost": 2.0,
                      "Plan Rows": 21,
                      "Plan Width": 4,
                      "Actual Startup Time": 0.015,
                      "Actual Total Time": 0.033,
                      "Actual Rows": 29,
                      "Actual Loops": 389312,
                      "Index Cond": "(movie_id = t.id)",
                      "Rows Removed by Index Recheck": 0,
                      "Filter": "((person_id > 519828) AND (role_id > 1))",
                      "Rows Removed by Filter": 20
                    }
                  ]
                }
              ]
            }
          ]
        }
      ]
    },
    "Planning Time": 1.387,
    "Triggers": [],
    "Execution Time": 3196.746
  }
]