{
  "Plan": {
    "Node Type": "Aggregate",
    "Strategy": "Plain",
    "Partial Mode": "Finalize",
    "Parallel Aware": false,
    "Startup Cost": 255239.46,
    "Total Cost": 255239.47,
    "Plan Rows": 1,
    "Plan Width": 8,
    "Actual Startup Time": 1387.433,
    "Actual Total Time": 1405.888,
    "Actual Rows": 1,
    "Actual Loops": 1,
    "Plans": [
      {
        "Node Type": "Gather",
        "Parent Relationship": "Outer",
        "Parallel Aware": false,
        "Startup Cost": 255239.35,
        "Total Cost": 255239.46,
        "Plan Rows": 1,
        "Plan Width": 8,
        "Actual Startup Time": 1382.76,
        "Actual Total Time": 1405.881,
        "Actual Rows": 2,
        "Actual Loops": 1,
        "Workers Planned": 1,
        "Workers Launched": 1,
        "Single Copy": false,
        "Plans": [
          {
            "Node Type": "Aggregate",
            "Strategy": "Plain",
            "Partial Mode": "Partial",
            "Parent Relationship": "Outer",
            "Parallel Aware": false,
            "Startup Cost": 254239.35,
            "Total Cost": 254239.36,
            "Plan Rows": 1,
            "Plan Width": 8,
            "Actual Startup Time": 1376.62,
            "Actual Total Time": 1376.624,
            "Actual Rows": 1,
            "Actual Loops": 2,
            "Plans": [
              {
                "Node Type": "Hash Join",
                "Parent Relationship": "Outer",
                "Parallel Aware": false,
                "Join Type": "Inner",
                "Startup Cost": 122222.36,
                "Total Cost": 254239.14,
                "Plan Rows": 85,
                "Plan Width": 0,
                "Actual Startup Time": 562.93,
                "Actual Total Time": 1376.594,
                "Actual Rows": 28,
                "Actual Loops": 2,
                "Inner Unique": false,
                "Hash Cond": "(t.id = ci.movie_id)",
                "Plans": [
                  {
                    "Node Type": "Merge Join",
                    "Parent Relationship": "Outer",
                    "Parallel Aware": false,
                    "Join Type": "Inner",
                    "Startup Cost": 121157.72,
                    "Total Cost": 232679.68,
                    "Plan Rows": 431452,
                    "Plan Width": 8,
                    "Actual Startup Time": 450.668,
                    "Actual Total Time": 1346.152,
                    "Actual Rows": 478161,
                    "Actual Loops": 2,
                    "Inner Unique": false,
                    "Merge Cond": "(t.id = mc.movie_id)",
                    "Plans": [
                      {
                        "Node Type": "Index Only Scan",
                        "Parent Relationship": "Outer",
                        "Parallel Aware": true,
                        "Scan Direction": "Forward",
                        "Index Name": "title_pkey",
                        "Relation Name": "title",
                        "Alias": "t",
                        "Startup Cost": 0.43,
                        "Total Cost": 99929.35,
                        "Plan Rows": 1487231,
                        "Plan Width": 4,
                        "Actual Startup Time": 0.101,
                        "Actual Total Time": 681.074,
                        "Actual Rows": 1262874,
                        "Actual Loops": 2,
                        "Heap Fetches": 2525747
                      },
                      {
                        "Node Type": "Sort",
                        "Parent Relationship": "Inner",
                        "Parallel Aware": false,
                        "Startup Cost": 121155.2,
                        "Total Cost": 122988.87,
                        "Plan Rows": 733469,
                        "Plan Width": 4,
                        "Actual Startup Time": 450.454,
                        "Actual Total Time": 500.789,
                        "Actual Rows": 956322,
                        "Actual Loops": 2,
                        "Sort Key": [
                          "mc.movie_id"
                        ],
                        "Sort Method": "quicksort",
                        "Sort Space Used": 69404,
                        "Sort Space Type": "Memory",
                        "Workers": [
                          {
                            "Worker Number": 0,
                            "Sort Method": "quicksort",
                            "Sort Space Used": 69404,
                            "Sort Space Type": "Memory"
                          }
                        ],
                        "Plans": [
                          {
                            "Node Type": "Index Scan",
                            "Parent Relationship": "Outer",
                            "Parallel Aware": false,
                            "Scan Direction": "Forward",
                            "Index Name": "company_type_id_movie_companies",
                            "Relation Name": "movie_companies",
                            "Alias": "mc",
                            "Startup Cost": 0.43,
                            "Total Cost": 49699.27,
                            "Plan Rows": 733469,
                            "Plan Width": 4,
                            "Actual Startup Time": 0.179,
                            "Actual Total Time": 238.622,
                            "Actual Rows": 956322,
                            "Actual Loops": 2,
                            "Index Cond": "(company_type_id = 2)",
                            "Rows Removed by Index Recheck": 0,
                            "Filter": "(company_id > 9491)",
                            "Rows Removed by Filter": 378561
                          }
                        ]
                      }
                    ]
                  },
                  {
                    "Node Type": "Hash",
                    "Parent Relationship": "Inner",
                    "Parallel Aware": false,
                    "Startup Cost": 1058.43,
                    "Total Cost": 1058.43,
                    "Plan Rows": 497,
                    "Plan Width": 4,
                    "Actual Startup Time": 0.732,
                    "Actual Total Time": 0.733,
                    "Actual Rows": 133,
                    "Actual Loops": 2,
                    "Hash Buckets": 1024,
                    "Original Hash Buckets": 1024,
                    "Hash Batches": 1,
                    "Original Hash Batches": 1,
                    "Peak Memory Usage": 13,
                    "Plans": [
                      {
                        "Node Type": "Index Scan",
                        "Parent Relationship": "Outer",
                        "Parallel Aware": false,
                        "Scan Direction": "Forward",
                        "Index Name": "person_id_cast_info",
                        "Relation Name": "cast_info",
                        "Alias": "ci",
                        "Startup Cost": 0.56,
                        "Total Cost": 1058.43,
                        "Plan Rows": 497,
                        "Plan Width": 4,
                        "Actual Startup Time": 0.573,
                        "Actual Total Time": 0.664,
                        "Actual Rows": 133,
                        "Actual Loops": 2,
                        "Index Cond": "(person_id = 1778582)",
                        "Rows Removed by Index Recheck": 0
                      }
                    ]
                  }
                ]
              }
            ]
          }
        ]
      }
    ]
  },
  "Planning Time": 1.047,
  "Triggers": [],
  "Execution Time": 1412.059
}