[
  {
    "Plan": {
      "Node Type": "Aggregate",
      "Strategy": "Plain",
      "Partial Mode": "Finalize",
      "Parallel Aware": false,
      "Startup Cost": 619820.74,
      "Total Cost": 619820.75,
      "Plan Rows": 1,
      "Plan Width": 8,
      "Actual Startup Time": 6849.351,
      "Actual Total Time": 6942.449,
      "Actual Rows": 1,
      "Actual Loops": 1,
      "Plans": [
        {
          "Node Type": "Gather",
          "Parent Relationship": "Outer",
          "Parallel Aware": false,
          "Startup Cost": 619820.22,
          "Total Cost": 619820.73,
          "Plan Rows": 5,
          "Plan Width": 8,
          "Actual Startup Time": 6822.203,
          "Actual Total Time": 6942.436,
          "Actual Rows": 6,
          "Actual Loops": 1,
          "Workers Planned": 5,
          "Workers Launched": 5,
          "Single Copy": false,
          "Plans": [
            {
              "Node Type": "Aggregate",
              "Strategy": "Plain",
              "Partial Mode": "Partial",
              "Parent Relationship": "Outer",
              "Parallel Aware": false,
              "Startup Cost": 618820.22,
              "Total Cost": 618820.23,
              "Plan Rows": 1,
              "Plan Width": 8,
              "Actual Startup Time": 6784.349,
              "Actual Total Time": 6785.093,
              "Actual Rows": 1,
              "Actual Loops": 6,
              "Plans": [
                {
                  "Node Type": "Hash Join",
                  "Parent Relationship": "Outer",
                  "Parallel Aware": true,
                  "Join Type": "Inner",
                  "Startup Cost": 391692.93,
                  "Total Cost": 604132.7,
                  "Plan Rows": 5875010,
                  "Plan Width": 0,
                  "Actual Startup Time": 1964.842,
                  "Actual Total Time": 5795.352,
                  "Actual Rows": 24892252,
                  "Actual Loops": 6,
                  "Inner Unique": false,
                  "Hash Cond": "(mi.movie_id = t.id)",
                  "Plans": [
                    {
                      "Node Type": "Seq Scan",
                      "Parent Relationship": "Outer",
                      "Parallel Aware": true,
                      "Relation Name": "movie_info",
                      "Alias": "mi",
                      "Startup Cost": 0.0,
                      "Total Cost": 191560.33,
                      "Plan Rows": 2956733,
                      "Plan Width": 4,
                      "Actual Startup Time": 0.029,
                      "Actual Total Time": 299.516,
                      "Actual Rows": 2472620,
                      "Actual Loops": 6
                    },
                    {
                      "Node Type": "Hash",
                      "Parent Relationship": "Inner",
                      "Parallel Aware": true,
                      "Startup Cost": 381226.88,
                      "Total Cost": 381226.88,
                      "Plan Rows": 837284,
                      "Plan Width": 8,
                      "Actual Startup Time": 1950.484,
                      "Actual Total Time": 1951.226,
                      "Actual Rows": 947319,
                      "Actual Loops": 6,
                      "Hash Buckets": 8388608,
                      "Original Hash Buckets": 8388608,
                      "Hash Batches": 1,
                      "Original Hash Batches": 1,
                      "Peak Memory Usage": 288000,
                      "Plans": [
                        {
                          "Node Type": "Hash Join",
                          "Parent Relationship": "Outer",
                          "Parallel Aware": true,
                          "Join Type": "Inner",
                          "Startup Cost": 46574.43,
                          "Total Cost": 381226.88,
                          "Plan Rows": 837284,
                          "Plan Width": 8,
                          "Actual Startup Time": 142.637,
                          "Actual Total Time": 1471.747,
                          "Actual Rows": 947319,
                          "Actual Loops": 6,
                          "Inner Unique": true,
                          "Hash Cond": "(ci.movie_id = t.id)",
                          "Plans": [
                            {
                              "Node Type": "Seq Scan",
                              "Parent Relationship": "Outer",
                              "Parallel Aware": true,
                              "Relation Name": "cast_info",
                              "Alias": "ci",
                              "Startup Cost": 0.0,
                              "Total Cost": 328162.03,
                              "Plan Rows": 2472538,
                              "Plan Width": 4,
                              "Actual Startup Time": 0.023,
                              "Actual Total Time": 649.282,
                              "Actual Rows": 2470607,
                              "Actual Loops": 6,
                              "Filter": "(person_id < 1462315)",
                              "Rows Removed by Filter": 3570117
                            },
                            {
                              "Node Type": "Hash",
                              "Parent Relationship": "Inner",
                              "Parallel Aware": true,
                              "Startup Cost": 43898.92,
                              "Total Cost": 43898.92,
                              "Plan Rows": 214041,
                              "Plan Width": 4,
                              "Actual Startup Time": 141.582,
                              "Actual Total Time": 141.583,
                              "Actual Rows": 142369,
                              "Actual Loops": 6,
                              "Hash Buckets": 1048576,
                              "Original Hash Buckets": 1048576,
                              "Hash Batches": 1,
                              "Original Hash Batches": 1,
                              "Peak Memory Usage": 41792,
                              "Plans": [
                                {
                                  "Node Type": "Seq Scan",
                                  "Parent Relationship": "Outer",
                                  "Parallel Aware": true,
                                  "Relation Name": "title",
                                  "Alias": "t",
                                  "Startup Cost": 0.0,
                                  "Total Cost": 43898.92,
                                  "Plan Rows": 214041,
                                  "Plan Width": 4,
                                  "Actual Startup Time": 0.043,
                                  "Actual Total Time": 82.047,
                                  "Actual Rows": 142369,
                                  "Actual Loops": 6,
                                  "Filter": "(kind_id < 4)",
                                  "Rows Removed by Filter": 279016
                                }
                              ]
                            }
                          ]
                        }
                      ]
                    }
                  ]
                }
              ]
            }
          ]
        }
      ]
    },
    "Planning Time": 1.326,
    "Triggers": [],
    "Execution Time": 6942.553
  }
]