{
  "Plan": {
    "Node Type": "Aggregate",
    "Strategy": "Plain",
    "Partial Mode": "Finalize",
    "Parallel Aware": false,
    "Startup Cost": 543689.33,
    "Total Cost": 543689.34,
    "Plan Rows": 1,
    "Plan Width": 8,
    "Actual Startup Time": 4845.661,
    "Actual Total Time": 4921.167,
    "Actual Rows": 1,
    "Actual Loops": 1,
    "Plans": [
      {
        "Node Type": "Gather",
        "Parent Relationship": "Outer",
        "Parallel Aware": false,
        "Startup Cost": 543689.22,
        "Total Cost": 543689.33,
        "Plan Rows": 1,
        "Plan Width": 8,
        "Actual Startup Time": 4828.198,
        "Actual Total Time": 4921.158,
        "Actual Rows": 2,
        "Actual Loops": 1,
        "Workers Planned": 1,
        "Workers Launched": 1,
        "Single Copy": false,
        "Plans": [
          {
            "Node Type": "Aggregate",
            "Strategy": "Plain",
            "Partial Mode": "Partial",
            "Parent Relationship": "Outer",
            "Parallel Aware": false,
            "Startup Cost": 542689.22,
            "Total Cost": 542689.23,
            "Plan Rows": 1,
            "Plan Width": 8,
            "Actual Startup Time": 4811.087,
            "Actual Total Time": 4813.502,
            "Actual Rows": 1,
            "Actual Loops": 2,
            "Plans": [
              {
                "Node Type": "Hash Join",
                "Parent Relationship": "Outer",
                "Parallel Aware": true,
                "Join Type": "Inner",
                "Startup Cost": 368967.35,
                "Total Cost": 540766.33,
                "Plan Rows": 769155,
                "Plan Width": 0,
                "Actual Startup Time": 4403.21,
                "Actual Total Time": 4704.315,
                "Actual Rows": 2597426,
                "Actual Loops": 2,
                "Inner Unique": false,
                "Hash Cond": "(mi.movie_id = t.id)",
                "Plans": [
                  {
                    "Node Type": "Bitmap Heap Scan",
                    "Parent Relationship": "Outer",
                    "Parallel Aware": true,
                    "Relation Name": "movie_info",
                    "Alias": "mi",
                    "Startup Cost": 8135.65,
                    "Total Cost": 173429.61,
                    "Plan Rows": 264077,
                    "Plan Width": 4,
                    "Actual Startup Time": 14.531,
                    "Actual Total Time": 39.885,
                    "Actual Rows": 214326,
                    "Actual Loops": 2,
                    "Recheck Cond": "(info_type_id > 104)",
                    "Rows Removed by Index Recheck": 0,
                    "Exact Heap Blocks": 2842,
                    "Lossy Heap Blocks": 0,
                    "Plans": [
                      {
                        "Node Type": "Bitmap Index Scan",
                        "Parent Relationship": "Outer",
                        "Parallel Aware": false,
                        "Index Name": "info_type_id_movie_info",
                        "Startup Cost": 0.0,
                        "Total Cost": 8023.42,
                        "Plan Rows": 448931,
                        "Plan Width": 0,
                        "Actual Startup Time": 13.823,
                        "Actual Total Time": 13.824,
                        "Actual Rows": 428651,
                        "Actual Loops": 1,
                        "Index Cond": "(info_type_id > 104)"
                      }
                    ]
                  },
                  {
                    "Node Type": "Hash",
                    "Parent Relationship": "Inner",
                    "Parallel Aware": true,
                    "Startup Cost": 306685.03,
                    "Total Cost": 306685.03,
                    "Plan Rows": 4331734,
                    "Plan Width": 8,
                    "Actual Startup Time": 4355.67,
                    "Actual Total Time": 4358.082,
                    "Actual Rows": 3725986,
                    "Actual Loops": 2,
                    "Hash Buckets": 8388608,
                    "Original Hash Buckets": 8388608,
                    "Hash Batches": 1,
                    "Original Hash Batches": 1,
                    "Peak Memory Usage": 357088,
                    "Plans": [
                      {
                        "Node Type": "Hash Join",
                        "Parent Relationship": "Outer",
                        "Parallel Aware": true,
                        "Join Type": "Inner",
                        "Startup Cost": 69461.26,
                        "Total Cost": 306685.03,
                        "Plan Rows": 4331734,
                        "Plan Width": 8,
                        "Actual Startup Time": 573.372,
                        "Actual Total Time": 3094.576,
                        "Actual Rows": 3725986,
                        "Actual Loops": 2,
                        "Inner Unique": true,
                        "Hash Cond": "(ci.movie_id = t.id)",
                        "Plans": [
                          {
                            "Node Type": "Index Scan",
                            "Parent Relationship": "Outer",
                            "Parallel Aware": true,
                            "Scan Direction": "Forward",
                            "Index Name": "role_id_cast_info",
                            "Relation Name": "cast_info",
                            "Alias": "ci",
                            "Startup Cost": 0.56,
                            "Total Cost": 225853.5,
                            "Plan Rows": 4331734,
                            "Plan Width": 4,
                            "Actual Startup Time": 0.068,
                            "Actual Total Time": 640.542,
                            "Actual Rows": 3725986,
                            "Actual Loops": 2,
                            "Index Cond": "(role_id = 2)",
                            "Rows Removed by Index Recheck": 0
                          },
                          {
                            "Node Type": "Hash",
                            "Parent Relationship": "Inner",
                            "Parallel Aware": true,
                            "Startup Cost": 50870.31,
                            "Total Cost": 50870.31,
                            "Plan Rows": 1487231,
                            "Plan Width": 4,
                            "Actual Startup Time": 562.193,
                            "Actual Total Time": 562.194,
                            "Actual Rows": 1264156,
                            "Actual Loops": 2,
                            "Hash Buckets": 4194304,
                            "Original Hash Buckets": 4194304,
                            "Hash Batches": 1,
                            "Original Hash Batches": 1,
                            "Peak Memory Usage": 131712,
                            "Plans": [
                              {
                                "Node Type": "Seq Scan",
                                "Parent Relationship": "Outer",
                                "Parallel Aware": true,
                                "Relation Name": "title",
                                "Alias": "t",
                                "Startup Cost": 0.0,
                                "Total Cost": 50870.31,
                                "Plan Rows": 1487231,
                                "Plan Width": 4,
                                "Actual Startup Time": 0.038,
                                "Actual Total Time": 182.377,
                                "Actual Rows": 1264156,
                                "Actual Loops": 2
                              }
                            ]
                          }
                        ]
                      }
                    ]
                  }
                ]
              }
            ]
          }
        ]
      }
    ]
  },
  "Planning Time": 1.096,
  "Triggers": [],
  "Execution Time": 4921.283
}