[
  {
    "Plan": {
      "Node Type": "Aggregate",
      "Strategy": "Plain",
      "Partial Mode": "Finalize",
      "Parallel Aware": false,
      "Startup Cost": 31251.64,
      "Total Cost": 31251.65,
      "Plan Rows": 1,
      "Plan Width": 8,
      "Actual Startup Time": 94.785,
      "Actual Total Time": 103.46,
      "Actual Rows": 1,
      "Actual Loops": 1,
      "Plans": [
        {
          "Node Type": "Gather",
          "Parent Relationship": "Outer",
          "Parallel Aware": false,
          "Startup Cost": 31251.32,
          "Total Cost": 31251.63,
          "Plan Rows": 3,
          "Plan Width": 8,
          "Actual Startup Time": 94.697,
          "Actual Total Time": 103.451,
          "Actual Rows": 4,
          "Actual Loops": 1,
          "Workers Planned": 3,
          "Workers Launched": 3,
          "Single Copy": false,
          "Plans": [
            {
              "Node Type": "Aggregate",
              "Strategy": "Plain",
              "Partial Mode": "Partial",
              "Parent Relationship": "Outer",
              "Parallel Aware": false,
              "Startup Cost": 30251.32,
              "Total Cost": 30251.33,
              "Plan Rows": 1,
              "Plan Width": 8,
              "Actual Startup Time": 89.313,
              "Actual Total Time": 89.315,
              "Actual Rows": 1,
              "Actual Loops": 4,
              "Plans": [
                {
                  "Node Type": "Seq Scan",
                  "Parent Relationship": "Outer",
                  "Parallel Aware": true,
                  "Relation Name": "movie_companies",
                  "Alias": "mc",
                  "Startup Cost": 0.0,
                  "Total Cost": 29310.68,
                  "Plan Rows": 376255,
                  "Plan Width": 0,
                  "Actual Startup Time": 0.032,
                  "Actual Total Time": 73.637,
                  "Actual Rows": 290522,
                  "Actual Loops": 4,
                  "Filter": "(company_id < 9570)",
                  "Rows Removed by Filter": 361760
                }
              ]
            }
          ]
        }
      ]
    },
    "Planning Time": 0.157,
    "Triggers": [],
    "Execution Time": 103.507
  }
]