[
  {
    "Plan": {
      "Node Type": "Aggregate",
      "Strategy": "Plain",
      "Partial Mode": "Finalize",
      "Parallel Aware": false,
      "Startup Cost": 44881.46,
      "Total Cost": 44881.47,
      "Plan Rows": 1,
      "Plan Width": 8,
      "Actual Startup Time": 184.473,
      "Actual Total Time": 200.025,
      "Actual Rows": 1,
      "Actual Loops": 1,
      "Plans": [
        {
          "Node Type": "Gather",
          "Parent Relationship": "Outer",
          "Parallel Aware": false,
          "Startup Cost": 44881.15,
          "Total Cost": 44881.46,
          "Plan Rows": 3,
          "Plan Width": 8,
          "Actual Startup Time": 184.13,
          "Actual Total Time": 200.009,
          "Actual Rows": 4,
          "Actual Loops": 1,
          "Workers Planned": 3,
          "Workers Launched": 3,
          "Single Copy": false,
          "Plans": [
            {
              "Node Type": "Aggregate",
              "Strategy": "Plain",
              "Partial Mode": "Partial",
              "Parent Relationship": "Outer",
              "Parallel Aware": false,
              "Startup Cost": 43881.15,
              "Total Cost": 43881.16,
              "Plan Rows": 1,
              "Plan Width": 8,
              "Actual Startup Time": 178.407,
              "Actual Total Time": 178.41,
              "Actual Rows": 1,
              "Actual Loops": 4,
              "Plans": [
                {
                  "Node Type": "Seq Scan",
                  "Parent Relationship": "Outer",
                  "Parallel Aware": true,
                  "Relation Name": "movie_keyword",
                  "Alias": "mk",
                  "Startup Cost": 0.0,
                  "Total Cost": 42695.65,
                  "Plan Rows": 474197,
                  "Plan Width": 0,
                  "Actual Startup Time": 0.044,
                  "Actual Total Time": 152.521,
                  "Actual Rows": 366138,
                  "Actual Loops": 4,
                  "Filter": "(keyword_id < 2084)",
                  "Rows Removed by Filter": 764845
                }
              ]
            }
          ]
        }
      ]
    },
    "Planning Time": 0.198,
    "Triggers": [],
    "Execution Time": 200.088
  }
]