[
    {
        "Bao": {
            "Bao prediction": 656.275,
            "Bao recommended hint": "(no hint)"
        }
    },
    {
        "Plan": {
            "Node Type": "Aggregate",
            "Strategy": "Plain",
            "Partial Mode": "Finalize",
            "Parallel Aware": false,
            "Startup Cost": 28089.76,
            "Total Cost": 28089.77,
            "Plan Rows": 1,
            "Plan Width": 8,
            "Actual Startup Time": 74.722,
            "Actual Total Time": 77.59,
            "Actual Rows": 1,
            "Actual Loops": 1,
            "Output": [
                "count(*)"
            ],
            "Plans": [
                {
                    "Node Type": "Gather",
                    "Parent Relationship": "Outer",
                    "Parallel Aware": false,
                    "Startup Cost": 28089.44,
                    "Total Cost": 28089.75,
                    "Plan Rows": 3,
                    "Plan Width": 8,
                    "Actual Startup Time": 74.591,
                    "Actual Total Time": 77.583,
                    "Actual Rows": 4,
                    "Actual Loops": 1,
                    "Output": [
                        "(PARTIAL count(*))"
                    ],
                    "Workers Planned": 3,
                    "Workers Launched": 3,
                    "Single Copy": false,
                    "Plans": [
                        {
                            "Node Type": "Aggregate",
                            "Strategy": "Plain",
                            "Partial Mode": "Partial",
                            "Parent Relationship": "Outer",
                            "Parallel Aware": false,
                            "Startup Cost": 27089.44,
                            "Total Cost": 27089.45,
                            "Plan Rows": 1,
                            "Plan Width": 8,
                            "Actual Startup Time": 66.455,
                            "Actual Total Time": 66.456,
                            "Actual Rows": 1,
                            "Actual Loops": 4,
                            "Output": [
                                "PARTIAL count(*)"
                            ],
                            "Workers": [
                                {
                                    "Worker Number": 0,
                                    "Actual Startup Time": 63.752,
                                    "Actual Total Time": 63.754,
                                    "Actual Rows": 1,
                                    "Actual Loops": 1
                                },
                                {
                                    "Worker Number": 1,
                                    "Actual Startup Time": 63.97,
                                    "Actual Total Time": 63.972,
                                    "Actual Rows": 1,
                                    "Actual Loops": 1
                                },
                                {
                                    "Worker Number": 2,
                                    "Actual Startup Time": 64.056,
                                    "Actual Total Time": 64.058,
                                    "Actual Rows": 1,
                                    "Actual Loops": 1
                                }
                            ],
                            "Plans": [
                                {
                                    "Node Type": "Bitmap Heap Scan",
                                    "Parent Relationship": "Outer",
                                    "Parallel Aware": true,
                                    "Relation Name": "movie_companies",
                                    "Schema": "public",
                                    "Alias": "mc",
                                    "Startup Cost": 6674.01,
                                    "Total Cost": 26962.14,
                                    "Plan Rows": 50920,
                                    "Plan Width": 0,
                                    "Actual Startup Time": 26.809,
                                    "Actual Total Time": 60.331,
                                    "Actual Rows": 77646,
                                    "Actual Loops": 4,
                                    "Recheck Cond": "(mc.company_id > 92557)",
                                    "Rows Removed by Index Recheck": 0,
                                    "Filter": "(mc.company_type_id > 1)",
                                    "Rows Removed by Filter": 0,
                                    "Exact Heap Blocks": 2661,
                                    "Lossy Heap Blocks": 0,
                                    "Workers": [
                                        {
                                            "Worker Number": 0,
                                            "Actual Startup Time": 24.219,
                                            "Actual Total Time": 58.192,
                                            "Actual Rows": 44980,
                                            "Actual Loops": 1
                                        },
                                        {
                                            "Worker Number": 1,
                                            "Actual Startup Time": 24.382,
                                            "Actual Total Time": 58.343,
                                            "Actual Rows": 47092,
                                            "Actual Loops": 1
                                        },
                                        {
                                            "Worker Number": 2,
                                            "Actual Startup Time": 24.416,
                                            "Actual Total Time": 58.479,
                                            "Actual Rows": 46116,
                                            "Actual Loops": 1
                                        }
                                    ],
                                    "Plans": [
                                        {
                                            "Node Type": "Bitmap Index Scan",
                                            "Parent Relationship": "Outer",
                                            "Parallel Aware": false,
                                            "Index Name": "company_id_movie_companies",
                                            "Startup Cost": 0.0,
                                            "Total Cost": 6634.54,
                                            "Plan Rows": 309615,
                                            "Plan Width": 0,
                                            "Actual Startup Time": 33.34,
                                            "Actual Total Time": 33.34,
                                            "Actual Rows": 310582,
                                            "Actual Loops": 1,
                                            "Index Cond": "(mc.company_id > 92557)"
                                        }
                                    ]
                                }
                            ]
                        }
                    ]
                }
            ]
        },
        "Planning Time": 246.491,
        "Triggers": [],
        "Execution Time": 77.694
    }
]