[
  {
    "Plan": {
      "Node Type": "Aggregate",
      "Strategy": "Plain",
      "Partial Mode": "Finalize",
      "Parallel Aware": false,
      "Startup Cost": 44544.15,
      "Total Cost": 44544.16,
      "Plan Rows": 1,
      "Plan Width": 8,
      "Actual Startup Time": 99.496,
      "Actual Total Time": 106.89,
      "Actual Rows": 1,
      "Actual Loops": 1,
      "Plans": [
        {
          "Node Type": "Gather",
          "Parent Relationship": "Outer",
          "Parallel Aware": false,
          "Startup Cost": 44543.83,
          "Total Cost": 44544.14,
          "Plan Rows": 3,
          "Plan Width": 8,
          "Actual Startup Time": 99.414,
          "Actual Total Time": 106.883,
          "Actual Rows": 4,
          "Actual Loops": 1,
          "Workers Planned": 3,
          "Workers Launched": 3,
          "Single Copy": false,
          "Plans": [
            {
              "Node Type": "Aggregate",
              "Strategy": "Plain",
              "Partial Mode": "Partial",
              "Parent Relationship": "Outer",
              "Parallel Aware": false,
              "Startup Cost": 43543.83,
              "Total Cost": 43543.84,
              "Plan Rows": 1,
              "Plan Width": 8,
              "Actual Startup Time": 96.687,
              "Actual Total Time": 96.688,
              "Actual Rows": 1,
              "Actual Loops": 4,
              "Plans": [
                {
                  "Node Type": "Seq Scan",
                  "Parent Relationship": "Outer",
                  "Parallel Aware": true,
                  "Relation Name": "movie_keyword",
                  "Alias": "mk",
                  "Startup Cost": 0.0,
                  "Total Cost": 42695.65,
                  "Plan Rows": 339270,
                  "Plan Width": 0,
                  "Actual Startup Time": 0.923,
                  "Actual Total Time": 85.036,
                  "Actual Rows": 256318,
                  "Actual Loops": 4,
                  "Filter": "(keyword_id > 17491)",
                  "Rows Removed by Filter": 874664
                }
              ]
            }
          ]
        }
      ]
    },
    "Planning Time": 0.062,
    "Triggers": [],
    "Execution Time": 106.912
  }
]