[
  {
    "Plan": {
      "Node Type": "Aggregate",
      "Strategy": "Plain",
      "Partial Mode": "Simple",
      "Parallel Aware": false,
      "Startup Cost": 875435.05,
      "Total Cost": 875435.06,
      "Plan Rows": 1,
      "Plan Width": 96,
      "Actual Startup Time": 4600.803,
      "Actual Total Time": 4601.106,
      "Actual Rows": 1,
      "Actual Loops": 1,
      "Plans": [
        {
          "Node Type": "Merge Join",
          "Parent Relationship": "Outer",
          "Parallel Aware": false,
          "Join Type": "Inner",
          "Startup Cost": 874462.2,
          "Total Cost": 875435.04,
          "Plan Rows": 1,
          "Plan Width": 66,
          "Actual Startup Time": 4592.085,
          "Actual Total Time": 4601.083,
          "Actual Rows": 11,
          "Actual Loops": 1,
          "Inner Unique": false,
          "Merge Cond": "(t.id = ci.movie_id)",
          "Plans": [
            {
              "Node Type": "Merge Join",
              "Parent Relationship": "Outer",
              "Parallel Aware": false,
              "Join Type": "Inner",
              "Startup Cost": 295418.95,
              "Total Cost": 295422.99,
              "Plan Rows": 1,
              "Plan Width": 78,
              "Actual Startup Time": 1496.212,
              "Actual Total Time": 1504.004,
              "Actual Rows": 358,
              "Actual Loops": 1,
              "Inner Unique": false,
              "Merge Cond": "(mi.movie_id = t.id)",
              "Plans": [
                {
                  "Node Type": "Sort",
                  "Parent Relationship": "Outer",
                  "Parallel Aware": false,
                  "Startup Cost": 201329.16,
                  "Total Cost": 201330.84,
                  "Plan Rows": 672,
                  "Plan Width": 47,
                  "Actual Startup Time": 734.599,
                  "Actual Total Time": 737.328,
                  "Actual Rows": 72231,
                  "Actual Loops": 1,
                  "Sort Key": [
                    "mi.movie_id"
                  ],
                  "Sort Method": "quicksort",
                  "Sort Space Used": 6460,
                  "Sort Space Type": "Memory",
                  "Plans": [
                    {
                      "Node Type": "Gather",
                      "Parent Relationship": "Outer",
                      "Parallel Aware": false,
                      "Startup Cost": 201153.09,
                      "Total Cost": 201297.6,
                      "Plan Rows": 672,
                      "Plan Width": 47,
                      "Actual Startup Time": 693.322,
                      "Actual Total Time": 710.914,
                      "Actual Rows": 72258,
                      "Actual Loops": 1,
                      "Workers Planned": 5,
                      "Workers Launched": 5,
                      "Single Copy": false,
                      "Plans": [
                        {
                          "Node Type": "Merge Join",
                          "Parent Relationship": "Outer",
                          "Parallel Aware": false,
                          "Join Type": "Inner",
                          "Startup Cost": 200153.09,
                          "Total Cost": 200230.4,
                          "Plan Rows": 134,
                          "Plan Width": 47,
                          "Actual Startup Time": 682.226,
                          "Actual Total Time": 684.81,
                          "Actual Rows": 12043,
                          "Actual Loops": 6,
                          "Inner Unique": true,
                          "Merge Cond": "(mi.info_type_id = it1.id)",
                          "Plans": [
                            {
                              "Node Type": "Sort",
                              "Parent Relationship": "Outer",
                              "Parallel Aware": false,
                              "Startup Cost": 200150.67,
                              "Total Cost": 200188.65,
                              "Plan Rows": 15193,
                              "Plan Width": 51,
                              "Actual Startup Time": 682.114,
                              "Actual Total Time": 682.708,
                              "Actual Rows": 12044,
                              "Actual Loops": 6,
                              "Sort Key": [
                                "mi.info_type_id"
                              ],
                              "Sort Method": "quicksort",
                              "Sort Space Used": 1088,
                              "Sort Space Type": "Memory",
                              "Workers": [
                                {
                                  "Worker Number": 0,
                                  "Sort Method": "quicksort",
                                  "Sort Space Used": 1075,
                                  "Sort Space Type": "Memory"
                                },
                                {
                                  "Worker Number": 1,
                                  "Sort Method": "quicksort",
                                  "Sort Space Used": 1422,
                                  "Sort Space Type": "Memory"
                                },
                                {
                                  "Worker Number": 2,
                                  "Sort Method": "quicksort",
                                  "Sort Space Used": 1039,
                                  "Sort Space Type": "Memory"
                                },
                                {
                                  "Worker Number": 3,
                                  "Sort Method": "quicksort",
                                  "Sort Space Used": 1367,
                                  "Sort Space Type": "Memory"
                                },
                                {
                                  "Worker Number": 4,
                                  "Sort Method": "quicksort",
                                  "Sort Space Used": 1060,
                                  "Sort Space Type": "Memory"
                                }
                              ],
                              "Plans": [
                                {
                                  "Node Type": "Seq Scan",
                                  "Parent Relationship": "Outer",
                                  "Parallel Aware": true,
                                  "Relation Name": "movie_info",
                                  "Alias": "mi",
                                  "Startup Cost": 0.0,
                                  "Total Cost": 199095.43,
                                  "Plan Rows": 15193,
                                  "Plan Width": 51,
                                  "Actual Startup Time": 447.229,
                                  "Actual Total Time": 677.687,
                                  "Actual Rows": 12174,
                                  "Actual Loops": 6,
                                  "Filter": "((note IS NULL) AND (info = ANY ('{Horror,Thriller}'::text[])))",
                                  "Rows Removed by Filter": 2460446
                                }
                              ]
                            },
                            {
                              "Node Type": "Sort",
                              "Parent Relationship": "Inner",
                              "Parallel Aware": false,
                              "Startup Cost": 2.42,
                              "Total Cost": 2.43,
                              "Plan Rows": 1,
                              "Plan Width": 4,
                              "Actual Startup Time": 0.1,
                              "Actual Total Time": 0.101,
                              "Actual Rows": 1,
                              "Actual Loops": 6,
                              "Sort Key": [
                                "it1.id"
                              ],
                              "Sort Method": "quicksort",
                              "Sort Space Used": 25,
                              "Sort Space Type": "Memory",
                              "Workers": [
                                {
                                  "Worker Number": 0,
                                  "Sort Method": "quicksort",
                                  "Sort Space Used": 25,
                                  "Sort Space Type": "Memory"
                                },
                                {
                                  "Worker Number": 1,
                                  "Sort Method": "quicksort",
                                  "Sort Space Used": 25,
                                  "Sort Space Type": "Memory"
                                },
                                {
                                  "Worker Number": 2,
                                  "Sort Method": "quicksort",
                                  "Sort Space Used": 25,
                                  "Sort Space Type": "Memory"
                                },
                                {
                                  "Worker Number": 3,
                                  "Sort Method": "quicksort",
                                  "Sort Space Used": 25,
                                  "Sort Space Type": "Memory"
                                },
                                {
                                  "Worker Number": 4,
                                  "Sort Method": "quicksort",
                                  "Sort Space Used": 25,
                                  "Sort Space Type": "Memory"
                                }
                              ],
                              "Plans": [
                                {
                                  "Node Type": "Seq Scan",
                                  "Parent Relationship": "Outer",
                                  "Parallel Aware": false,
                                  "Relation Name": "info_type",
                                  "Alias": "it1",
                                  "Startup Cost": 0.0,
                                  "Total Cost": 2.41,
                                  "Plan Rows": 1,
                                  "Plan Width": 4,
                                  "Actual Startup Time": 0.071,
                                  "Actual Total Time": 0.078,
                                  "Actual Rows": 1,
                                  "Actual Loops": 6,
                                  "Filter": "((info)::text = 'genres'::text)",
                                  "Rows Removed by Filter": 112
                                }
                              ]
                            }
                          ]
                        }
                      ]
                    }
                  ]
                },
                {
                  "Node Type": "Sort",
                  "Parent Relationship": "Inner",
                  "Parallel Aware": false,
                  "Startup Cost": 94089.79,
                  "Total Cost": 94090.12,
                  "Plan Rows": 134,
                  "Plan Width": 31,
                  "Actual Startup Time": 761.556,
                  "Actual Total Time": 762.126,
                  "Actual Rows": 6199,
                  "Actual Loops": 1,
                  "Sort Key": [
                    "mi_idx.movie_id"
                  ],
                  "Sort Method": "quicksort",
                  "Sort Space Used": 680,
                  "Sort Space Type": "Memory",
                  "Plans": [
                    {
                      "Node Type": "Gather",
                      "Parent Relationship": "Outer",
                      "Parallel Aware": false,
                      "Startup Cost": 94052.37,
                      "Total Cost": 94085.06,
                      "Plan Rows": 134,
                      "Plan Width": 31,
                      "Actual Startup Time": 754.498,
                      "Actual Total Time": 759.317,
                      "Actual Rows": 6152,
                      "Actual Loops": 1,
                      "Workers Planned": 4,
                      "Workers Launched": 2,
                      "Single Copy": false,
                      "Plans": [
                        {
                          "Node Type": "Merge Join",
                          "Parent Relationship": "Outer",
                          "Parallel Aware": false,
                          "Join Type": "Inner",
                          "Startup Cost": 93052.37,
                          "Total Cost": 93071.66,
                          "Plan Rows": 34,
                          "Plan Width": 31,
                          "Actual Startup Time": 740.432,
                          "Actual Total Time": 741.041,
                          "Actual Rows": 2051,
                          "Actual Loops": 3,
                          "Inner Unique": true,
                          "Merge Cond": "(mi_idx.info_type_id = it2.id)",
                          "Plans": [
                            {
                              "Node Type": "Sort",
                              "Parent Relationship": "Outer",
                              "Parallel Aware": false,
                              "Startup Cost": 93049.94,
                              "Total Cost": 93059.41,
                              "Plan Rows": 3790,
                              "Plan Width": 35,
                              "Actual Startup Time": 739.895,
                              "Actual Total Time": 740.238,
                              "Actual Rows": 4899,
                              "Actual Loops": 3,
                              "Sort Key": [
                                "mi_idx.info_type_id"
                              ],
                              "Sort Method": "quicksort",
                              "Sort Space Used": 623,
                              "Sort Space Type": "Memory",
                              "Workers": [
                                {
                                  "Worker Number": 0,
                                  "Sort Method": "quicksort",
                                  "Sort Space Used": 599,
                                  "Sort Space Type": "Memory"
                                },
                                {
                                  "Worker Number": 1,
                                  "Sort Method": "quicksort",
                                  "Sort Space Used": 567,
                                  "Sort Space Type": "Memory"
                                }
                              ],
                              "Plans": [
                                {
                                  "Node Type": "Merge Join",
                                  "Parent Relationship": "Outer",
                                  "Parallel Aware": false,
                                  "Join Type": "Inner",
                                  "Startup Cost": 91569.96,
                                  "Total Cost": 92824.66,
                                  "Plan Rows": 3790,
                                  "Plan Width": 35,
                                  "Actual Startup Time": 659.0,
                                  "Actual Total Time": 737.929,
                                  "Actual Rows": 4899,
                                  "Actual Loops": 3,
                                  "Inner Unique": false,
                                  "Merge Cond": "(t.id = mi_idx.movie_id)",
                                  "Plans": [
                                    {
                                      "Node Type": "Sort",
                                      "Parent Relationship": "Outer",
                                      "Parallel Aware": false,
                                      "Startup Cost": 62538.01,
                                      "Total Cost": 63023.55,
                                      "Plan Rows": 194214,
                                      "Plan Width": 21,
                                      "Actual Startup Time": 416.518,
                                      "Actual Total Time": 453.019,
                                      "Actual Rows": 261413,
                                      "Actual Loops": 3,
                                      "Sort Key": [
                                        "t.id"
                                      ],
                                      "Sort Method": "quicksort",
                                      "Sort Space Used": 31611,
                                      "Sort Space Type": "Memory",
                                      "Workers": [
                                        {
                                          "Worker Number": 0,
                                          "Sort Method": "quicksort",
                                          "Sort Space Used": 24046,
                                          "Sort Space Type": "Memory"
                                        },
                                        {
                                          "Worker Number": 1,
                                          "Sort Method": "quicksort",
                                          "Sort Space Used": 23383,
                                          "Sort Space Type": "Memory"
                                        }
                                      ],
                                      "Plans": [
                                        {
                                          "Node Type": "Seq Scan",
                                          "Parent Relationship": "Outer",
                                          "Parallel Aware": true,
                                          "Relation Name": "title",
                                          "Alias": "t",
                                          "Startup Cost": 0.0,
                                          "Total Cost": 45478.94,
                                          "Plan Rows": 194214,
                                          "Plan Width": 21,
                                          "Actual Startup Time": 0.078,
                                          "Actual Total Time": 279.261,
                                          "Actual Rows": 261496,
                                          "Actual Loops": 3,
                                          "Filter": "((production_year >= 2008) AND (production_year <= 2014))",
                                          "Rows Removed by Filter": 581275
                                        }
                                      ]
                                    },
                                    {
                                      "Node Type": "Sort",
                                      "Parent Relationship": "Inner",
                                      "Parallel Aware": false,
                                      "Startup Cost": 29031.95,
                                      "Total Cost": 29155.31,
                                      "Plan Rows": 49344,
                                      "Plan Width": 14,
                                      "Actual Startup Time": 242.358,
                                      "Actual Total Time": 245.698,
                                      "Actual Rows": 52629,
                                      "Actual Loops": 3,
                                      "Sort Key": [
                                        "mi_idx.movie_id"
                                      ],
                                      "Sort Method": "quicksort",
                                      "Sort Space Used": 4022,
                                      "Sort Space Type": "Memory",
                                      "Workers": [
                                        {
                                          "Worker Number": 0,
                                          "Sort Method": "quicksort",
                                          "Sort Space Used": 4022,
                                          "Sort Space Type": "Memory"
                                        },
                                        {
                                          "Worker Number": 1,
                                          "Sort Method": "quicksort",
                                          "Sort Space Used": 4022,
                                          "Sort Space Type": "Memory"
                                        }
                                      ],
                                      "Plans": [
                                        {
                                          "Node Type": "Seq Scan",
                                          "Parent Relationship": "Outer",
                                          "Parallel Aware": false,
                                          "Relation Name": "movie_info_idx",
                                          "Alias": "mi_idx",
                                          "Startup Cost": 0.0,
                                          "Total Cost": 25185.44,
                                          "Plan Rows": 49344,
                                          "Plan Width": 14,
                                          "Actual Startup Time": 0.07,
                                          "Actual Total Time": 219.435,
                                          "Actual Rows": 52629,
                                          "Actual Loops": 3,
                                          "Filter": "(info > '8.0'::text)",
                                          "Rows Removed by Filter": 1327406
                                        }
                                      ]
                                    }
                                  ]
                                }
                              ]
                            },
                            {
                              "Node Type": "Sort",
                              "Parent Relationship": "Inner",
                              "Parallel Aware": false,
                              "Startup Cost": 2.42,
                              "Total Cost": 2.43,
                              "Plan Rows": 1,
                              "Plan Width": 4,
                              "Actual Startup Time": 0.071,
                              "Actual Total Time": 0.071,
                              "Actual Rows": 1,
                              "Actual Loops": 3,
                              "Sort Key": [
                                "it2.id"
                              ],
                              "Sort Method": "quicksort",
                              "Sort Space Used": 25,
                              "Sort Space Type": "Memory",
                              "Workers": [
                                {
                                  "Worker Number": 0,
                                  "Sort Method": "quicksort",
                                  "Sort Space Used": 25,
                                  "Sort Space Type": "Memory"
                                },
                                {
                                  "Worker Number": 1,
                                  "Sort Method": "quicksort",
                                  "Sort Space Used": 25,
                                  "Sort Space Type": "Memory"
                                }
                              ],
                              "Plans": [
                                {
                                  "Node Type": "Seq Scan",
                                  "Parent Relationship": "Outer",
                                  "Parallel Aware": false,
                                  "Relation Name": "info_type",
                                  "Alias": "it2",
                                  "Startup Cost": 0.0,
                                  "Total Cost": 2.41,
                                  "Plan Rows": 1,
                                  "Plan Width": 4,
                                  "Actual Startup Time": 0.059,
                                  "Actual Total Time": 0.061,
                                  "Actual Rows": 1,
                                  "Actual Loops": 3,
                                  "Filter": "((info)::text = 'rating'::text)",
                                  "Rows Removed by Filter": 112
                                }
                              ]
                            }
                          ]
                        }
                      ]
                    }
                  ]
                }
              ]
            },
            {
              "Node Type": "Sort",
              "Parent Relationship": "Inner",
              "Parallel Aware": false,
              "Startup Cost": 579043.24,
              "Total Cost": 579527.64,
              "Plan Rows": 193758,
              "Plan Width": 4,
              "Actual Startup Time": 3081.322,
              "Actual Total Time": 3089.884,
              "Actual Rows": 98455,
              "Actual Loops": 1,
              "Sort Key": [
                "ci.movie_id"
              ],
              "Sort Method": "quicksort",
              "Sort Space Used": 7690,
              "Sort Space Type": "Memory",
              "Plans": [
                {
                  "Node Type": "Gather",
                  "Parent Relationship": "Outer",
                  "Parallel Aware": false,
                  "Startup Cost": 538232.29,
                  "Total Cost": 562027.52,
                  "Plan Rows": 193758,
                  "Plan Width": 4,
                  "Actual Startup Time": 2528.208,
                  "Actual Total Time": 3036.132,
                  "Actual Rows": 98503,
                  "Actual Loops": 1,
                  "Workers Planned": 6,
                  "Workers Launched": 5,
                  "Single Copy": false,
                  "Plans": [
                    {
                      "Node Type": "Merge Join",
                      "Parent Relationship": "Outer",
                      "Parallel Aware": false,
                      "Join Type": "Inner",
                      "Startup Cost": 537232.29,
                      "Total Cost": 541651.72,
                      "Plan Rows": 32293,
                      "Plan Width": 4,
                      "Actual Startup Time": 2605.863,
                      "Actual Total Time": 2749.774,
                      "Actual Rows": 16417,
                      "Actual Loops": 6,
                      "Inner Unique": true,
                      "Merge Cond": "(ci.person_id = n.id)",
                      "Plans": [
                        {
                          "Node Type": "Sort",
                          "Parent Relationship": "Outer",
                          "Parallel Aware": false,
                          "Startup Cost": 370261.84,
                          "Total Cost": 370807.78,
                          "Plan Rows": 218376,
                          "Plan Width": 8,
                          "Actual Startup Time": 1293.213,
                          "Actual Total Time": 1301.861,
                          "Actual Rows": 109504,
                          "Actual Loops": 6,
                          "Sort Key": [
                            "ci.person_id"
                          ],
                          "Sort Method": "quicksort",
                          "Sort Space Used": 14571,
                          "Sort Space Type": "Memory",
                          "Workers": [
                            {
                              "Worker Number": 0,
                              "Sort Method": "quicksort",
                              "Sort Space Used": 14576,
                              "Sort Space Type": "Memory"
                            },
                            {
                              "Worker Number": 1,
                              "Sort Method": "quicksort",
                              "Sort Space Used": 14712,
                              "Sort Space Type": "Memory"
                            },
                            {
                              "Worker Number": 2,
                              "Sort Method": "quicksort",
                              "Sort Space Used": 14630,
                              "Sort Space Type": "Memory"
                            },
                            {
                              "Worker Number": 3,
                              "Sort Method": "quicksort",
                              "Sort Space Used": 24843,
                              "Sort Space Type": "Memory"
                            },
                            {
                              "Worker Number": 4,
                              "Sort Method": "quicksort",
                              "Sort Space Used": 18024,
                              "Sort Space Type": "Memory"
                            }
                          ],
                          "Plans": [
                            {
                              "Node Type": "Seq Scan",
                              "Parent Relationship": "Outer",
                              "Parallel Aware": true,
                              "Relation Name": "cast_info",
                              "Alias": "ci",
                              "Startup Cost": 0.0,
                              "Total Cost": 350895.76,
                              "Plan Rows": 218376,
                              "Plan Width": 8,
                              "Actual Startup Time": 161.122,
                              "Actual Total Time": 1231.759,
                              "Actual Rows": 207453,
                              "Actual Loops": 6,
                              "Filter": "(note = ANY ('{(writer),\"(head writer)\",\"(written by)\",(story),\"(story editor)\"}'::text[]))",
                              "Rows Removed by Filter": 5833271
                            }
                          ]
                        },
                        {
                          "Node Type": "Sort",
                          "Parent Relationship": "Inner",
                          "Parallel Aware": false,
                          "Startup Cost": 166970.07,
                          "Total Cost": 168510.75,
                          "Plan Rows": 616271,
                          "Plan Width": 4,
                          "Actual Startup Time": 1299.967,
                          "Actual Total Time": 1380.263,
                          "Actual Rows": 961555,
                          "Actual Loops": 6,
                          "Sort Key": [
                            "n.id"
                          ],
                          "Sort Method": "quicksort",
                          "Sort Space Used": 69649,
                          "Sort Space Type": "Memory",
                          "Workers": [
                            {
                              "Worker Number": 0,
                              "Sort Method": "quicksort",
                              "Sort Space Used": 69649,
                              "Sort Space Type": "Memory"
                            },
                            {
                              "Worker Number": 1,
                              "Sort Method": "quicksort",
                              "Sort Space Used": 69649,
                              "Sort Space Type": "Memory"
                            },
                            {
                              "Worker Number": 2,
                              "Sort Method": "quicksort",
                              "Sort Space Used": 69649,
                              "Sort Space Type": "Memory"
                            },
                            {
                              "Worker Number": 3,
                              "Sort Method": "quicksort",
                              "Sort Space Used": 69649,
                              "Sort Space Type": "Memory"
                            },
                            {
                              "Worker Number": 4,
                              "Sort Method": "quicksort",
                              "Sort Space Used": 69649,
                              "Sort Space Type": "Memory"
                            }
                          ],
                          "Plans": [
                            {
                              "Node Type": "Seq Scan",
                              "Parent Relationship": "Outer",
                              "Parallel Aware": false,
                              "Relation Name": "name",
                              "Alias": "n",
                              "Startup Cost": 0.0,
                              "Total Cost": 107705.74,
                              "Plan Rows": 616271,
                              "Plan Width": 4,
                              "Actual Startup Time": 429.092,
                              "Actual Total Time": 974.814,
                              "Actual Rows": 961555,
                              "Actual Loops": 6,
                              "Filter": "((gender IS NOT NULL) AND ((gender)::text = 'f'::text))",
                              "Rows Removed by Filter": 3205936
                            }
                          ]
                        }
                      ]
                    }
                  ]
                }
              ]
            }
          ]
        }
      ]
    },
    "Planning Time": 12.616,
    "Triggers": [],
    "Execution Time": 4611.712
  }
]