[
  {
    "Plan": {
      "Node Type": "Aggregate",
      "Strategy": "Plain",
      "Partial Mode": "Simple",
      "Parallel Aware": false,
      "Startup Cost": 12946.45,
      "Total Cost": 12946.46,
      "Plan Rows": 1,
      "Plan Width": 192,
      "Actual Startup Time": 23.976,
      "Actual Total Time": 23.983,
      "Actual Rows": 1,
      "Actual Loops": 1,
      "Plans": [
        {
          "Node Type": "Nested Loop",
          "Parent Relationship": "Outer",
          "Parallel Aware": false,
          "Join Type": "Inner",
          "Startup Cost": 41.03,
          "Total Cost": 12946.41,
          "Plan Rows": 3,
          "Plan Width": 84,
          "Actual Startup Time": 1.161,
          "Actual Total Time": 23.741,
          "Actual Rows": 419,
          "Actual Loops": 1,
          "Inner Unique": true,
          "Plans": [
            {
              "Node Type": "Nested Loop",
              "Parent Relationship": "Outer",
              "Parallel Aware": false,
              "Join Type": "Inner",
              "Startup Cost": 40.61,
              "Total Cost": 12945.07,
              "Plan Rows": 3,
              "Plan Width": 69,
              "Actual Startup Time": 1.12,
              "Actual Total Time": 20.407,
              "Actual Rows": 419,
              "Actual Loops": 1,
              "Inner Unique": false,
              "Plans": [
                {
                  "Node Type": "Nested Loop",
                  "Parent Relationship": "Outer",
                  "Parallel Aware": false,
                  "Join Type": "Inner",
                  "Startup Cost": 40.18,
                  "Total Cost": 12944.44,
                  "Plan Rows": 1,
                  "Plan Width": 77,
                  "Actual Startup Time": 1.106,
                  "Actual Total Time": 18.316,
                  "Actual Rows": 155,
                  "Actual Loops": 1,
                  "Inner Unique": true,
                  "Plans": [
                    {
                      "Node Type": "Nested Loop",
                      "Parent Relationship": "Outer",
                      "Parallel Aware": false,
                      "Join Type": "Inner",
                      "Startup Cost": 39.76,
                      "Total Cost": 12943.99,
                      "Plan Rows": 1,
                      "Plan Width": 62,
                      "Actual Startup Time": 1.038,
                      "Actual Total Time": 15.645,
                      "Actual Rows": 220,
                      "Actual Loops": 1,
                      "Inner Unique": false,
                      "Plans": [
                        {
                          "Node Type": "Nested Loop",
                          "Parent Relationship": "Outer",
                          "Parallel Aware": false,
                          "Join Type": "Inner",
                          "Startup Cost": 39.33,
                          "Total Cost": 12943.38,
                          "Plan Rows": 1,
                          "Plan Width": 70,
                          "Actual Startup Time": 0.927,
                          "Actual Total Time": 13.974,
                          "Actual Rows": 66,
                          "Actual Loops": 1,
                          "Inner Unique": true,
                          "Plans": [
                            {
                              "Node Type": "Nested Loop",
                              "Parent Relationship": "Outer",
                              "Parallel Aware": false,
                              "Join Type": "Inner",
                              "Startup Cost": 39.2,
                              "Total Cost": 12943.22,
                              "Plan Rows": 1,
                              "Plan Width": 74,
                              "Actual Startup Time": 0.897,
                              "Actual Total Time": 13.766,
                              "Actual Rows": 66,
                              "Actual Loops": 1,
                              "Inner Unique": true,
                              "Join Filter": "(ml.movie_id = t1.id)",
                              "Rows Removed by Join Filter": 0,
                              "Plans": [
                                {
                                  "Node Type": "Nested Loop",
                                  "Parent Relationship": "Outer",
                                  "Parallel Aware": false,
                                  "Join Type": "Inner",
                                  "Startup Cost": 38.77,
                                  "Total Cost": 12942.63,
                                  "Plan Rows": 1,
                                  "Plan Width": 49,
                                  "Actual Startup Time": 0.858,
                                  "Actual Total Time": 12.587,
                                  "Actual Rows": 66,
                                  "Actual Loops": 1,
                                  "Inner Unique": false,
                                  "Join Filter": "(mi_idx1.info_type_id = it1.id)",
                                  "Rows Removed by Join Filter": 132,
                                  "Plans": [
                                    {
                                      "Node Type": "Seq Scan",
                                      "Parent Relationship": "Outer",
                                      "Parallel Aware": false,
                                      "Relation Name": "info_type",
                                      "Alias": "it1",
                                      "Startup Cost": 0.0,
                                      "Total Cost": 2.41,
                                      "Plan Rows": 1,
                                      "Plan Width": 4,
                                      "Actual Startup Time": 0.056,
                                      "Actual Total Time": 0.057,
                                      "Actual Rows": 1,
                                      "Actual Loops": 1,
                                      "Filter": "((info)::text = 'rating'::text COLLATE \"C\")",
                                      "Rows Removed by Filter": 112
                                    },
                                    {
                                      "Node Type": "Nested Loop",
                                      "Parent Relationship": "Inner",
                                      "Parallel Aware": false,
                                      "Join Type": "Inner",
                                      "Startup Cost": 38.77,
                                      "Total Cost": 12939.39,
                                      "Plan Rows": 66,
                                      "Plan Width": 53,
                                      "Actual Startup Time": 0.799,
                                      "Actual Total Time": 12.496,
                                      "Actual Rows": 198,
                                      "Actual Loops": 1,
                                      "Inner Unique": false,
                                      "Plans": [
                                        {
                                          "Node Type": "Nested Loop",
                                          "Parent Relationship": "Outer",
                                          "Parallel Aware": false,
                                          "Join Type": "Inner",
                                          "Startup Cost": 38.34,
                                          "Total Cost": 12888.98,
                                          "Plan Rows": 21,
                                          "Plan Width": 39,
                                          "Actual Startup Time": 0.785,
                                          "Actual Total Time": 11.677,
                                          "Actual Rows": 76,
                                          "Actual Loops": 1,
                                          "Inner Unique": true,
                                          "Join Filter": "(t2.kind_id = kt2.id)",
                                          "Rows Removed by Join Filter": 54,
                                          "Plans": [
                                            {
                                              "Node Type": "Nested Loop",
                                              "Parent Relationship": "Outer",
                                              "Parallel Aware": false,
                                              "Join Type": "Inner",
                                              "Startup Cost": 38.34,
                                              "Total Cost": 12885.75,
                                              "Plan Rows": 75,
                                              "Plan Width": 43,
                                              "Actual Startup Time": 0.644,
                                              "Actual Total Time": 11.574,
                                              "Actual Rows": 103,
                                              "Actual Loops": 1,
                                              "Inner Unique": true,
                                              "Join Filter": "(ml.linked_movie_id = t2.id)",
                                              "Rows Removed by Join Filter": 0,
                                              "Plans": [
                                                {
                                                  "Node Type": "Nested Loop",
                                                  "Parent Relationship": "Outer",
                                                  "Parallel Aware": false,
                                                  "Join Type": "Inner",
                                                  "Startup Cost": 37.91,
                                                  "Total Cost": 12815.25,
                                                  "Plan Rows": 114,
                                                  "Plan Width": 18,
                                                  "Actual Startup Time": 0.329,
                                                  "Actual Total Time": 7.404,
                                                  "Actual Rows": 119,
                                                  "Actual Loops": 1,
                                                  "Inner Unique": false,
                                                  "Join Filter": "(mi_idx2.info_type_id = it2.id)",
                                                  "Rows Removed by Join Filter": 322,
                                                  "Plans": [
                                                    {
                                                      "Node Type": "Seq Scan",
                                                      "Parent Relationship": "Outer",
                                                      "Parallel Aware": false,
                                                      "Relation Name": "info_type",
                                                      "Alias": "it2",
                                                      "Startup Cost": 0.0,
                                                      "Total Cost": 2.41,
                                                      "Plan Rows": 1,
                                                      "Plan Width": 4,
                                                      "Actual Startup Time": 0.013,
                                                      "Actual Total Time": 0.015,
                                                      "Actual Rows": 1,
                                                      "Actual Loops": 1,
                                                      "Filter": "((info)::text = 'rating'::text COLLATE \"C\")",
                                                      "Rows Removed by Filter": 112
                                                    },
                                                    {
                                                      "Node Type": "Nested Loop",
                                                      "Parent Relationship": "Inner",
                                                      "Parallel Aware": false,
                                                      "Join Type": "Inner",
                                                      "Startup Cost": 37.91,
                                                      "Total Cost": 12651.18,
                                                      "Plan Rows": 12933,
                                                      "Plan Width": 22,
                                                      "Actual Startup Time": 0.234,
                                                      "Actual Total Time": 7.321,
                                                      "Actual Rows": 441,
                                                      "Actual Loops": 1,
                                                      "Inner Unique": false,
                                                      "Plans": [
                                                        {
                                                          "Node Type": "Nested Loop",
                                                          "Parent Relationship": "Outer",
                                                          "Parallel Aware": false,
                                                          "Join Type": "Inner",
                                                          "Startup Cost": 37.49,
                                                          "Total Cost": 612.73,
                                                          "Plan Rows": 5000,
                                                          "Plan Width": 8,
                                                          "Actual Startup Time": 0.126,
                                                          "Actual Total Time": 1.184,
                                                          "Actual Rows": 283,
                                                          "Actual Loops": 1,
                                                          "Inner Unique": false,
                                                          "Plans": [
                                                            {
                                                              "Node Type": "Seq Scan",
                                                              "Parent Relationship": "Outer",
                                                              "Parallel Aware": false,
                                                              "Relation Name": "link_type",
                                                              "Alias": "lt",
                                                              "Startup Cost": 0.0,
                                                              "Total Cost": 1.25,
                                                              "Plan Rows": 3,
                                                              "Plan Width": 4,
                                                              "Actual Startup Time": 0.021,
                                                              "Actual Total Time": 0.027,
                                                              "Actual Rows": 3,
                                                              "Actual Loops": 1,
                                                              "Filter": "((link)::text = ANY ('{\"alternate language version of\",\"similar to\",\"remade as\"}'::text[]))",
                                                              "Rows Removed by Filter": 15
                                                            },
                                                            {
                                                              "Node Type": "Bitmap Heap Scan",
                                                              "Parent Relationship": "Inner",
                                                              "Parallel Aware": false,
                                                              "Relation Name": "movie_link",
                                                              "Alias": "ml",
                                                              "Startup Cost": 37.49,
                                                              "Total Cost": 185.08,
                                                              "Plan Rows": 1875,
                                                              "Plan Width": 12,
                                                              "Actual Startup Time": 0.049,
                                                              "Actual Total Time": 0.354,
                                                              "Actual Rows": 94,
                                                              "Actual Loops": 3,
                                                              "Recheck Cond": "(link_type_id = lt.id)",
                                                              "Rows Removed by Index Recheck": 0,
                                                              "Exact Heap Blocks": 74,
                                                              "Lossy Heap Blocks": 0,
                                                              "Plans": [
                                                                {
                                                                  "Node Type": "Bitmap Index Scan",
                                                                  "Parent Relationship": "Outer",
                                                                  "Parallel Aware": false,
                                                                  "Index Name": "link_type_id_movie_link",
                                                                  "Startup Cost": 0.0,
                                                                  "Total Cost": 37.02,
                                                                  "Plan Rows": 1875,
                                                                  "Plan Width": 0,
                                                                  "Actual Startup Time": 0.039,
                                                                  "Actual Total Time": 0.039,
                                                                  "Actual Rows": 94,
                                                                  "Actual Loops": 3,
                                                                  "Index Cond": "(link_type_id = lt.id)"
                                                                }
                                                              ]
                                                            }
                                                          ]
                                                        },
                                                        {
                                                          "Node Type": "Index Scan",
                                                          "Parent Relationship": "Inner",
                                                          "Parallel Aware": false,
                                                          "Scan Direction": "Forward",
                                                          "Index Name": "movie_id_movie_info_idx",
                                                          "Relation Name": "movie_info_idx",
                                                          "Alias": "mi_idx2",
                                                          "Startup Cost": 0.43,
                                                          "Total Cost": 2.38,
                                                          "Plan Rows": 3,
                                                          "Plan Width": 14,
                                                          "Actual Startup Time": 0.02,
                                                          "Actual Total Time": 0.021,
                                                          "Actual Rows": 2,
                                                          "Actual Loops": 283,
                                                          "Index Cond": "(movie_id = ml.linked_movie_id)",
                                                          "Rows Removed by Index Recheck": 0,
                                                          "Filter": "(info < '7.0'::text)",
                                                          "Rows Removed by Filter": 0
                                                        }
                                                      ]
                                                    }
                                                  ]
                                                },
                                                {
                                                  "Node Type": "Index Scan",
                                                  "Parent Relationship": "Inner",
                                                  "Parallel Aware": false,
                                                  "Scan Direction": "Forward",
                                                  "Index Name": "title_pkey",
                                                  "Relation Name": "title",
                                                  "Alias": "t2",
                                                  "Startup Cost": 0.43,
                                                  "Total Cost": 0.61,
                                                  "Plan Rows": 1,
                                                  "Plan Width": 25,
                                                  "Actual Startup Time": 0.034,
                                                  "Actual Total Time": 0.034,
                                                  "Actual Rows": 1,
                                                  "Actual Loops": 119,
                                                  "Index Cond": "(id = mi_idx2.movie_id)",
                                                  "Rows Removed by Index Recheck": 0,
                                                  "Filter": "((production_year >= 1972) AND (production_year <= 2010))",
                                                  "Rows Removed by Filter": 0
                                                }
                                              ]
                                            },
                                            {
                                              "Node Type": "Materialize",
                                              "Parent Relationship": "Inner",
                                              "Parallel Aware": false,
                                              "Startup Cost": 0.0,
                                              "Total Cost": 1.1,
                                              "Plan Rows": 2,
                                              "Plan Width": 4,
                                              "Actual Startup Time": 0.0,
                                              "Actual Total Time": 0.0,
                                              "Actual Rows": 1,
                                              "Actual Loops": 103,
                                              "Plans": [
                                                {
                                                  "Node Type": "Seq Scan",
                                                  "Parent Relationship": "Outer",
                                                  "Parallel Aware": false,
                                                  "Relation Name": "kind_type",
                                                  "Alias": "kt2",
                                                  "Startup Cost": 0.0,
                                                  "Total Cost": 1.09,
                                                  "Plan Rows": 2,
                                                  "Plan Width": 4,
                                                  "Actual Startup Time": 0.029,
                                                  "Actual Total Time": 0.03,
                                                  "Actual Rows": 2,
                                                  "Actual Loops": 1,
                                                  "Filter": "((kind)::text = ANY ('{\"tv series\",episode}'::text[]))",
                                                  "Rows Removed by Filter": 5
                                                }
                                              ]
                                            }
                                          ]
                                        },
                                        {
                                          "Node Type": "Index Scan",
                                          "Parent Relationship": "Inner",
                                          "Parallel Aware": false,
                                          "Scan Direction": "Forward",
                                          "Index Name": "movie_id_movie_info_idx",
                                          "Relation Name": "movie_info_idx",
                                          "Alias": "mi_idx1",
                                          "Startup Cost": 0.43,
                                          "Total Cost": 2.37,
                                          "Plan Rows": 3,
                                          "Plan Width": 14,
                                          "Actual Startup Time": 0.009,
                                          "Actual Total Time": 0.01,
                                          "Actual Rows": 3,
                                          "Actual Loops": 76,
                                          "Index Cond": "(movie_id = ml.movie_id)",
                                          "Rows Removed by Index Recheck": 0
                                        }
                                      ]
                                    }
                                  ]
                                },
                                {
                                  "Node Type": "Index Scan",
                                  "Parent Relationship": "Inner",
                                  "Parallel Aware": false,
                                  "Scan Direction": "Forward",
                                  "Index Name": "title_pkey",
                                  "Relation Name": "title",
                                  "Alias": "t1",
                                  "Startup Cost": 0.43,
                                  "Total Cost": 0.58,
                                  "Plan Rows": 1,
                                  "Plan Width": 25,
                                  "Actual Startup Time": 0.017,
                                  "Actual Total Time": 0.017,
                                  "Actual Rows": 1,
                                  "Actual Loops": 66,
                                  "Index Cond": "(id = mi_idx1.movie_id)",
                                  "Rows Removed by Index Recheck": 0
                                }
                              ]
                            },
                            {
                              "Node Type": "Index Scan",
                              "Parent Relationship": "Inner",
                              "Parallel Aware": false,
                              "Scan Direction": "Forward",
                              "Index Name": "kind_type_pkey",
                              "Relation Name": "kind_type",
                              "Alias": "kt1",
                              "Startup Cost": 0.13,
                              "Total Cost": 0.15,
                              "Plan Rows": 1,
                              "Plan Width": 4,
                              "Actual Startup Time": 0.002,
                              "Actual Total Time": 0.002,
                              "Actual Rows": 1,
                              "Actual Loops": 66,
                              "Index Cond": "(id = t1.kind_id)",
                              "Rows Removed by Index Recheck": 0,
                              "Filter": "((kind)::text = ANY ('{\"tv series\",episode}'::text[]))",
                              "Rows Removed by Filter": 0
                            }
                          ]
                        },
                        {
                          "Node Type": "Index Scan",
                          "Parent Relationship": "Inner",
                          "Parallel Aware": false,
                          "Scan Direction": "Forward",
                          "Index Name": "movie_id_movie_companies",
                          "Relation Name": "movie_companies",
                          "Alias": "mc1",
                          "Startup Cost": 0.43,
                          "Total Cost": 0.56,
                          "Plan Rows": 5,
                          "Plan Width": 8,
                          "Actual Startup Time": 0.019,
                          "Actual Total Time": 0.024,
                          "Actual Rows": 3,
                          "Actual Loops": 66,
                          "Index Cond": "(movie_id = t1.id)",
                          "Rows Removed by Index Recheck": 0
                        }
                      ]
                    },
                    {
                      "Node Type": "Index Scan",
                      "Parent Relationship": "Inner",
                      "Parallel Aware": false,
                      "Scan Direction": "Forward",
                      "Index Name": "company_name_pkey",
                      "Relation Name": "company_name",
                      "Alias": "cn1",
                      "Startup Cost": 0.42,
                      "Total Cost": 0.45,
                      "Plan Rows": 1,
                      "Plan Width": 23,
                      "Actual Startup Time": 0.011,
                      "Actual Total Time": 0.011,
                      "Actual Rows": 1,
                      "Actual Loops": 220,
                      "Index Cond": "(id = mc1.company_id)",
                      "Rows Removed by Index Recheck": 0,
                      "Filter": "((country_code)::text <> '[us]'::text)",
                      "Rows Removed by Filter": 0
                    }
                  ]
                },
                {
                  "Node Type": "Index Scan",
                  "Parent Relationship": "Inner",
                  "Parallel Aware": false,
                  "Scan Direction": "Forward",
                  "Index Name": "movie_id_movie_companies",
                  "Relation Name": "movie_companies",
                  "Alias": "mc2",
                  "Startup Cost": 0.43,
                  "Total Cost": 0.59,
                  "Plan Rows": 5,
                  "Plan Width": 8,
                  "Actual Startup Time": 0.009,
                  "Actual Total Time": 0.012,
                  "Actual Rows": 3,
                  "Actual Loops": 155,
                  "Index Cond": "(movie_id = t2.id)",
                  "Rows Removed by Index Recheck": 0
                }
              ]
            },
            {
              "Node Type": "Index Scan",
              "Parent Relationship": "Inner",
              "Parallel Aware": false,
              "Scan Direction": "Forward",
              "Index Name": "company_name_pkey",
              "Relation Name": "company_name",
              "Alias": "cn2",
              "Startup Cost": 0.42,
              "Total Cost": 0.44,
              "Plan Rows": 1,
              "Plan Width": 23,
              "Actual Startup Time": 0.007,
              "Actual Total Time": 0.007,
              "Actual Rows": 1,
              "Actual Loops": 419,
              "Index Cond": "(id = mc2.company_id)",
              "Rows Removed by Index Recheck": 0
            }
          ]
        }
      ]
    },
    "Planning Time": 176.223,
    "Triggers": [],
    "Execution Time": 24.472
  }
]