[
  {
    "Plan": {
      "Node Type": "Aggregate",
      "Strategy": "Plain",
      "Partial Mode": "Finalize",
      "Parallel Aware": false,
      "Startup Cost": 46343.39,
      "Total Cost": 46343.4,
      "Plan Rows": 1,
      "Plan Width": 8,
      "Actual Startup Time": 143.558,
      "Actual Total Time": 156.074,
      "Actual Rows": 1,
      "Actual Loops": 1,
      "Plans": [
        {
          "Node Type": "Gather",
          "Parent Relationship": "Outer",
          "Parallel Aware": false,
          "Startup Cost": 46342.97,
          "Total Cost": 46343.38,
          "Plan Rows": 4,
          "Plan Width": 8,
          "Actual Startup Time": 143.403,
          "Actual Total Time": 156.063,
          "Actual Rows": 5,
          "Actual Loops": 1,
          "Workers Planned": 4,
          "Workers Launched": 4,
          "Single Copy": false,
          "Plans": [
            {
              "Node Type": "Aggregate",
              "Strategy": "Plain",
              "Partial Mode": "Partial",
              "Parent Relationship": "Outer",
              "Parallel Aware": false,
              "Startup Cost": 45342.97,
              "Total Cost": 45342.98,
              "Plan Rows": 1,
              "Plan Width": 8,
              "Actual Startup Time": 137.118,
              "Actual Total Time": 137.12,
              "Actual Rows": 1,
              "Actual Loops": 5,
              "Plans": [
                {
                  "Node Type": "Seq Scan",
                  "Parent Relationship": "Outer",
                  "Parallel Aware": true,
                  "Relation Name": "title",
                  "Alias": "t",
                  "Startup Cost": 0.0,
                  "Total Cost": 43899.32,
                  "Plan Rows": 577461,
                  "Plan Width": 0,
                  "Actual Startup Time": 0.032,
                  "Actual Total Time": 108.433,
                  "Actual Rows": 459744,
                  "Actual Loops": 5,
                  "Filter": "(production_year > 1947)",
                  "Rows Removed by Filter": 45918
                }
              ]
            }
          ]
        }
      ]
    },
    "Planning Time": 0.154,
    "Triggers": [],
    "Execution Time": 156.142
  }
]