{
    "Plan": {
        "Node Type": "Aggregate",
        "Strategy": "Plain",
        "Partial Mode": "Finalize",
        "Parallel Aware": false,
        "Startup Cost": 355528.8,
        "Total Cost": 355528.81,
        "Plan Rows": 1,
        "Plan Width": 8,
        "Actual Startup Time": 1768.826,
        "Actual Total Time": 1816.999,
        "Actual Rows": 1,
        "Actual Loops": 1,
        "Output": [
            "count(*)"
        ],
        "Plans": [
            {
                "Node Type": "Gather",
                "Parent Relationship": "Outer",
                "Parallel Aware": false,
                "Startup Cost": 355528.27,
                "Total Cost": 355528.78,
                "Plan Rows": 5,
                "Plan Width": 8,
                "Actual Startup Time": 1761.679,
                "Actual Total Time": 1816.985,
                "Actual Rows": 6,
                "Actual Loops": 1,
                "Output": [
                    "(PARTIAL count(*))"
                ],
                "Workers Planned": 5,
                "Workers Launched": 5,
                "Single Copy": false,
                "Plans": [
                    {
                        "Node Type": "Aggregate",
                        "Strategy": "Plain",
                        "Partial Mode": "Partial",
                        "Parent Relationship": "Outer",
                        "Parallel Aware": false,
                        "Startup Cost": 354528.27,
                        "Total Cost": 354528.28,
                        "Plan Rows": 1,
                        "Plan Width": 8,
                        "Actual Startup Time": 1750.616,
                        "Actual Total Time": 1750.62,
                        "Actual Rows": 1,
                        "Actual Loops": 6,
                        "Output": [
                            "PARTIAL count(*)"
                        ],
                        "Workers": [
                            {
                                "Worker Number": 0,
                                "Actual Startup Time": 1748.319,
                                "Actual Total Time": 1748.323,
                                "Actual Rows": 1,
                                "Actual Loops": 1
                            },
                            {
                                "Worker Number": 1,
                                "Actual Startup Time": 1748.347,
                                "Actual Total Time": 1748.352,
                                "Actual Rows": 1,
                                "Actual Loops": 1
                            },
                            {
                                "Worker Number": 2,
                                "Actual Startup Time": 1748.334,
                                "Actual Total Time": 1748.338,
                                "Actual Rows": 1,
                                "Actual Loops": 1
                            },
                            {
                                "Worker Number": 3,
                                "Actual Startup Time": 1748.343,
                                "Actual Total Time": 1748.347,
                                "Actual Rows": 1,
                                "Actual Loops": 1
                            },
                            {
                                "Worker Number": 4,
                                "Actual Startup Time": 1749.532,
                                "Actual Total Time": 1749.535,
                                "Actual Rows": 1,
                                "Actual Loops": 1
                            }
                        ],
                        "Plans": [
                            {
                                "Node Type": "Nested Loop",
                                "Parent Relationship": "Outer",
                                "Parallel Aware": false,
                                "Join Type": "Inner",
                                "Startup Cost": 45997.98,
                                "Total Cost": 353212.89,
                                "Plan Rows": 526153,
                                "Plan Width": 0,
                                "Actual Startup Time": 131.852,
                                "Actual Total Time": 1640.979,
                                "Actual Rows": 2282646,
                                "Actual Loops": 6,
                                "Inner Unique": false,
                                "Join Filter": "(t.id = mi.movie_id)",
                                "Rows Removed by Join Filter": 0,
                                "Workers": [
                                    {
                                        "Worker Number": 0,
                                        "Actual Startup Time": 129.297,
                                        "Actual Total Time": 1625.293,
                                        "Actual Rows": 1814626,
                                        "Actual Loops": 1
                                    },
                                    {
                                        "Worker Number": 1,
                                        "Actual Startup Time": 130.116,
                                        "Actual Total Time": 1631.368,
                                        "Actual Rows": 1719511,
                                        "Actual Loops": 1
                                    },
                                    {
                                        "Worker Number": 2,
                                        "Actual Startup Time": 129.686,
                                        "Actual Total Time": 1648.555,
                                        "Actual Rows": 2330485,
                                        "Actual Loops": 1
                                    },
                                    {
                                        "Worker Number": 3,
                                        "Actual Startup Time": 130.357,
                                        "Actual Total Time": 1649.294,
                                        "Actual Rows": 2340751,
                                        "Actual Loops": 1
                                    },
                                    {
                                        "Worker Number": 4,
                                        "Actual Startup Time": 129.989,
                                        "Actual Total Time": 1640.538,
                                        "Actual Rows": 2621013,
                                        "Actual Loops": 1
                                    }
                                ],
                                "Plans": [
                                    {
                                        "Node Type": "Hash Join",
                                        "Parent Relationship": "Outer",
                                        "Parallel Aware": true,
                                        "Join Type": "Inner",
                                        "Startup Cost": 45997.55,
                                        "Total Cost": 162584.57,
                                        "Plan Rows": 90158,
                                        "Plan Width": 8,
                                        "Actual Startup Time": 131.747,
                                        "Actual Total Time": 339.636,
                                        "Actual Rows": 24977,
                                        "Actual Loops": 6,
                                        "Output": [
                                            "t.id",
                                            "ci.movie_id"
                                        ],
                                        "Inner Unique": true,
                                        "Hash Cond": "(ci.movie_id = t.id)",
                                        "Workers": [
                                            {
                                                "Worker Number": 0,
                                                "Actual Startup Time": 129.168,
                                                "Actual Total Time": 343.863,
                                                "Actual Rows": 20641,
                                                "Actual Loops": 1
                                            },
                                            {
                                                "Worker Number": 1,
                                                "Actual Startup Time": 129.974,
                                                "Actual Total Time": 333.15,
                                                "Actual Rows": 17847,
                                                "Actual Loops": 1
                                            },
                                            {
                                                "Worker Number": 2,
                                                "Actual Startup Time": 129.569,
                                                "Actual Total Time": 342.488,
                                                "Actual Rows": 25326,
                                                "Actual Loops": 1
                                            },
                                            {
                                                "Worker Number": 3,
                                                "Actual Startup Time": 130.247,
                                                "Actual Total Time": 340.455,
                                                "Actual Rows": 25713,
                                                "Actual Loops": 1
                                            },
                                            {
                                                "Worker Number": 4,
                                                "Actual Startup Time": 129.874,
                                                "Actual Total Time": 344.506,
                                                "Actual Rows": 28696,
                                                "Actual Loops": 1
                                            }
                                        ],
                                        "Plans": [
                                            {
                                                "Node Type": "Index Scan",
                                                "Parent Relationship": "Outer",
                                                "Parallel Aware": true,
                                                "Scan Direction": "Forward",
                                                "Index Name": "role_id_cast_info",
                                                "Relation Name": "cast_info",
                                                "Schema": "public",
                                                "Alias": "ci",
                                                "Startup Cost": 0.56,
                                                "Total Cost": 115696.32,
                                                "Plan Rows": 339534,
                                                "Plan Width": 4,
                                                "Actual Startup Time": 0.294,
                                                "Actual Total Time": 154.928,
                                                "Actual Rows": 93954,
                                                "Actual Loops": 6,
                                                "Output": [
                                                    "ci.id",
                                                    "ci.person_id",
                                                    "ci.movie_id",
                                                    "ci.person_role_id",
                                                    "ci.note",
                                                    "ci.nr_order",
                                                    "ci.role_id"
                                                ],
                                                "Index Cond": "(ci.role_id = 10)",
                                                "Rows Removed by Index Recheck": 0,
                                                "Filter": "(ci.person_id < 1426908)",
                                                "Rows Removed by Filter": 626549,
                                                "Workers": [
                                                    {
                                                        "Worker Number": 0,
                                                        "Actual Startup Time": 0.118,
                                                        "Actual Total Time": 165.446,
                                                        "Actual Rows": 79642,
                                                        "Actual Loops": 1
                                                    },
                                                    {
                                                        "Worker Number": 1,
                                                        "Actual Startup Time": 0.459,
                                                        "Actual Total Time": 154.525,
                                                        "Actual Rows": 67091,
                                                        "Actual Loops": 1
                                                    },
                                                    {
                                                        "Worker Number": 2,
                                                        "Actual Startup Time": 0.552,
                                                        "Actual Total Time": 158.925,
                                                        "Actual Rows": 94020,
                                                        "Actual Loops": 1
                                                    },
                                                    {
                                                        "Worker Number": 3,
                                                        "Actual Startup Time": 0.324,
                                                        "Actual Total Time": 155.305,
                                                        "Actual Rows": 95732,
                                                        "Actual Loops": 1
                                                    },
                                                    {
                                                        "Worker Number": 4,
                                                        "Actual Startup Time": 0.129,
                                                        "Actual Total Time": 161.902,
                                                        "Actual Rows": 105291,
                                                        "Actual Loops": 1
                                                    }
                                                ]
                                            },
                                            {
                                                "Node Type": "Hash",
                                                "Parent Relationship": "Inner",
                                                "Parallel Aware": true,
                                                "Startup Cost": 43899.01,
                                                "Total Cost": 43899.01,
                                                "Plan Rows": 167838,
                                                "Plan Width": 4,
                                                "Actual Startup Time": 127.685,
                                                "Actual Total Time": 127.687,
                                                "Actual Rows": 110471,
                                                "Actual Loops": 6,
                                                "Output": [
                                                    "t.id"
                                                ],
                                                "Hash Buckets": 1048576,
                                                "Original Hash Buckets": 1048576,
                                                "Hash Batches": 1,
                                                "Original Hash Batches": 1,
                                                "Peak Memory Usage": 34176,
                                                "Workers": [
                                                    {
                                                        "Worker Number": 0,
                                                        "Actual Startup Time": 128.461,
                                                        "Actual Total Time": 128.462,
                                                        "Actual Rows": 86511,
                                                        "Actual Loops": 1
                                                    },
                                                    {
                                                        "Worker Number": 1,
                                                        "Actual Startup Time": 128.508,
                                                        "Actual Total Time": 128.509,
                                                        "Actual Rows": 84706,
                                                        "Actual Loops": 1
                                                    },
                                                    {
                                                        "Worker Number": 2,
                                                        "Actual Startup Time": 128.506,
                                                        "Actual Total Time": 128.508,
                                                        "Actual Rows": 116118,
                                                        "Actual Loops": 1
                                                    },
                                                    {
                                                        "Worker Number": 3,
                                                        "Actual Startup Time": 128.536,
                                                        "Actual Total Time": 128.537,
                                                        "Actual Rows": 114330,
                                                        "Actual Loops": 1
                                                    },
                                                    {
                                                        "Worker Number": 4,
                                                        "Actual Startup Time": 129.36,
                                                        "Actual Total Time": 129.361,
                                                        "Actual Rows": 121392,
                                                        "Actual Loops": 1
                                                    }
                                                ],
                                                "Plans": [
                                                    {
                                                        "Node Type": "Seq Scan",
                                                        "Parent Relationship": "Outer",
                                                        "Parallel Aware": true,
                                                        "Relation Name": "title",
                                                        "Schema": "public",
                                                        "Alias": "t",
                                                        "Startup Cost": 0.0,
                                                        "Total Cost": 43899.01,
                                                        "Plan Rows": 167838,
                                                        "Plan Width": 4,
                                                        "Actual Startup Time": 41.889,
                                                        "Actual Total Time": 81.374,
                                                        "Actual Rows": 110471,
                                                        "Actual Loops": 6,
                                                        "Output": [
                                                            "t.id"
                                                        ],
                                                        "Filter": "(t.kind_id = 1)",
                                                        "Rows Removed by Filter": 310914,
                                                        "Workers": [
                                                            {
                                                                "Worker Number": 0,
                                                                "Actual Startup Time": 49.048,
                                                                "Actual Total Time": 82.888,
                                                                "Actual Rows": 86511,
                                                                "Actual Loops": 1
                                                            },
                                                            {
                                                                "Worker Number": 1,
                                                                "Actual Startup Time": 49.117,
                                                                "Actual Total Time": 83.038,
                                                                "Actual Rows": 84706,
                                                                "Actual Loops": 1
                                                            },
                                                            {
                                                                "Worker Number": 2,
                                                                "Actual Startup Time": 48.949,
                                                                "Actual Total Time": 81.286,
                                                                "Actual Rows": 116118,
                                                                "Actual Loops": 1
                                                            },
                                                            {
                                                                "Worker Number": 3,
                                                                "Actual Startup Time": 6.256,
                                                                "Actual Total Time": 80.914,
                                                                "Actual Rows": 114330,
                                                                "Actual Loops": 1
                                                            },
                                                            {
                                                                "Worker Number": 4,
                                                                "Actual Startup Time": 48.899,
                                                                "Actual Total Time": 81.817,
                                                                "Actual Rows": 121392,
                                                                "Actual Loops": 1
                                                            }
                                                        ]
                                                    }
                                                ]
                                            }
                                        ]
                                    },
                                    {
                                        "Node Type": "Index Only Scan",
                                        "Parent Relationship": "Inner",
                                        "Parallel Aware": false,
                                        "Scan Direction": "Forward",
                                        "Index Name": "movie_id_movie_info",
                                        "Relation Name": "movie_info",
                                        "Schema": "public",
                                        "Alias": "mi",
                                        "Startup Cost": 0.43,
                                        "Total Cost": 1.63,
                                        "Plan Rows": 39,
                                        "Plan Width": 4,
                                        "Actual Startup Time": 0.009,
                                        "Actual Total Time": 0.043,
                                        "Actual Rows": 91,
                                        "Actual Loops": 149861,
                                        "Output": [
                                            "mi.movie_id"
                                        ],
                                        "Index Cond": "(mi.movie_id = ci.movie_id)",
                                        "Rows Removed by Index Recheck": 0,
                                        "Heap Fetches": 13695877,
                                        "Workers": [
                                            {
                                                "Worker Number": 0,
                                                "Actual Startup Time": 0.011,
                                                "Actual Total Time": 0.05,
                                                "Actual Rows": 88,
                                                "Actual Loops": 20641
                                            },
                                            {
                                                "Worker Number": 1,
                                                "Actual Startup Time": 0.013,
                                                "Actual Total Time": 0.06,
                                                "Actual Rows": 96,
                                                "Actual Loops": 17847
                                            },
                                            {
                                                "Worker Number": 2,
                                                "Actual Startup Time": 0.009,
                                                "Actual Total Time": 0.044,
                                                "Actual Rows": 92,
                                                "Actual Loops": 25326
                                            },
                                            {
                                                "Worker Number": 3,
                                                "Actual Startup Time": 0.009,
                                                "Actual Total Time": 0.043,
                                                "Actual Rows": 91,
                                                "Actual Loops": 25713
                                            },
                                            {
                                                "Worker Number": 4,
                                                "Actual Startup Time": 0.008,
                                                "Actual Total Time": 0.038,
                                                "Actual Rows": 91,
                                                "Actual Loops": 28696
                                            }
                                        ]
                                    }
                                ]
                            }
                        ]
                    }
                ]
            }
        ]
    },
    "Planning Time": 1.481,
    "Triggers": [],
    "Execution Time": 1817.111
}