{
  "Plan": {
    "Node Type": "Aggregate",
    "Strategy": "Plain",
    "Partial Mode": "Simple",
    "Parallel Aware": false,
    "Startup Cost": 176748.97,
    "Total Cost": 176748.98,
    "Plan Rows": 1,
    "Plan Width": 64,
    "Actual Startup Time": 4278.908,
    "Actual Total Time": 4336.788,
    "Actual Rows": 1,
    "Actual Loops": 1,
    "Plans": [
      {
        "Node Type": "Gather",
        "Parent Relationship": "Outer",
        "Parallel Aware": false,
        "Startup Cost": 132094.42,
        "Total Cost": 176748.97,
        "Plan Rows": 1,
        "Plan Width": 32,
        "Actual Startup Time": 2330.001,
        "Actual Total Time": 4335.808,
        "Actual Rows": 5406,
        "Actual Loops": 1,
        "Workers Planned": 3,
        "Workers Launched": 3,
        "Single Copy": false,
        "Plans": [
          {
            "Node Type": "Nested Loop",
            "Parent Relationship": "Outer",
            "Parallel Aware": false,
            "Join Type": "Inner",
            "Startup Cost": 131094.42,
            "Total Cost": 175748.87,
            "Plan Rows": 1,
            "Plan Width": 32,
            "Actual Startup Time": 2316.296,
            "Actual Total Time": 4254.501,
            "Actual Rows": 1352,
            "Actual Loops": 4,
            "Inner Unique": true,
            "Plans": [
              {
                "Node Type": "Hash Join",
                "Parent Relationship": "Outer",
                "Parallel Aware": false,
                "Join Type": "Inner",
                "Startup Cost": 131093.99,
                "Total Cost": 175747.5,
                "Plan Rows": 3,
                "Plan Width": 36,
                "Actual Startup Time": 2315.521,
                "Actual Total Time": 4065.578,
                "Actual Rows": 47461,
                "Actual Loops": 4,
                "Inner Unique": true,
                "Hash Cond": "(mk.keyword_id = k.id)",
                "Plans": [
                  {
                    "Node Type": "Hash Join",
                    "Parent Relationship": "Outer",
                    "Parallel Aware": true,
                    "Join Type": "Inner",
                    "Startup Cost": 127126.04,
                    "Total Cost": 171681.63,
                    "Plan Rows": 37301,
                    "Plan Width": 40,
                    "Actual Startup Time": 2261.957,
                    "Actual Total Time": 3499.765,
                    "Actual Rows": 10286385,
                    "Actual Loops": 4,
                    "Inner Unique": false,
                    "Hash Cond": "(mk.movie_id = t.id)",
                    "Plans": [
                      {
                        "Node Type": "Seq Scan",
                        "Parent Relationship": "Outer",
                        "Parallel Aware": true,
                        "Relation Name": "movie_keyword",
                        "Alias": "mk",
                        "Startup Cost": 0.0,
                        "Total Cost": 39047.32,
                        "Plan Rows": 1459332,
                        "Plan Width": 8,
                        "Actual Startup Time": 0.025,
                        "Actual Total Time": 114.716,
                        "Actual Rows": 1130982,
                        "Actual Loops": 4
                      },
                      {
                        "Node Type": "Hash",
                        "Parent Relationship": "Inner",
                        "Parallel Aware": true,
                        "Startup Cost": 127048.58,
                        "Total Cost": 127048.58,
                        "Plan Rows": 6197,
                        "Plan Width": 48,
                        "Actual Startup Time": 2210.909,
                        "Actual Total Time": 2210.923,
                        "Actual Rows": 98834,
                        "Actual Loops": 4,
                        "Hash Buckets": 524288,
                        "Original Hash Buckets": 32768,
                        "Hash Batches": 1,
                        "Original Hash Batches": 1,
                        "Peak Memory Usage": 39424,
                        "Plans": [
                          {
                            "Node Type": "Hash Join",
                            "Parent Relationship": "Outer",
                            "Parallel Aware": true,
                            "Join Type": "Inner",
                            "Startup Cost": 51885.51,
                            "Total Cost": 127048.58,
                            "Plan Rows": 6197,
                            "Plan Width": 48,
                            "Actual Startup Time": 1622.699,
                            "Actual Total Time": 2125.161,
                            "Actual Rows": 98834,
                            "Actual Loops": 4,
                            "Inner Unique": false,
                            "Hash Cond": "(n.id = ci.person_id)",
                            "Plans": [
                              {
                                "Node Type": "Seq Scan",
                                "Parent Relationship": "Outer",
                                "Parallel Aware": true,
                                "Relation Name": "name",
                                "Alias": "n",
                                "Startup Cost": 0.0,
                                "Total Cost": 66031.44,
                                "Plan Rows": 1041844,
                                "Plan Width": 19,
                                "Actual Startup Time": 0.023,
                                "Actual Total Time": 212.78,
                                "Actual Rows": 1041873,
                                "Actual Loops": 4
                              },
                              {
                                "Node Type": "Hash",
                                "Parent Relationship": "Inner",
                                "Parallel Aware": true,
                                "Startup Cost": 51808.05,
                                "Total Cost": 51808.05,
                                "Plan Rows": 6197,
                                "Plan Width": 37,
                                "Actual Startup Time": 1622.458,
                                "Actual Total Time": 1622.47,
                                "Actual Rows": 98834,
                                "Actual Loops": 4,
                                "Hash Buckets": 524288,
                                "Original Hash Buckets": 32768,
                                "Hash Batches": 1,
                                "Original Hash Batches": 1,
                                "Peak Memory Usage": 34976,
                                "Plans": [
                                  {
                                    "Node Type": "Hash Join",
                                    "Parent Relationship": "Outer",
                                    "Parallel Aware": false,
                                    "Join Type": "Inner",
                                    "Startup Cost": 3238.11,
                                    "Total Cost": 51808.05,
                                    "Plan Rows": 6197,
                                    "Plan Width": 37,
                                    "Actual Startup Time": 839.194,
                                    "Actual Total Time": 1527.891,
                                    "Actual Rows": 98834,
                                    "Actual Loops": 4,
                                    "Inner Unique": true,
                                    "Hash Cond": "(t.kind_id = kt.id)",
                                    "Plans": [
                                      {
                                        "Node Type": "Nested Loop",
                                        "Parent Relationship": "Outer",
                                        "Parallel Aware": false,
                                        "Join Type": "Inner",
                                        "Startup Cost": 3237.01,
                                        "Total Cost": 51624.14,
                                        "Plan Rows": 43380,
                                        "Plan Width": 41,
                                        "Actual Startup Time": 70.943,
                                        "Actual Total Time": 1457.101,
                                        "Actual Rows": 278481,
                                        "Actual Loops": 4,
                                        "Inner Unique": false,
                                        "Plans": [
                                          {
                                            "Node Type": "Hash Join",
                                            "Parent Relationship": "Outer",
                                            "Parallel Aware": false,
                                            "Join Type": "Inner",
                                            "Startup Cost": 3236.45,
                                            "Total Cost": 48510.65,
                                            "Plan Rows": 1160,
                                            "Plan Width": 29,
                                            "Actual Startup Time": 70.811,
                                            "Actual Total Time": 337.141,
                                            "Actual Rows": 5889,
                                            "Actual Loops": 4,
                                            "Inner Unique": true,
                                            "Hash Cond": "(cc.subject_id = cct1.id)",
                                            "Plans": [
                                              {
                                                "Node Type": "Hash Join",
                                                "Parent Relationship": "Outer",
                                                "Parallel Aware": false,
                                                "Join Type": "Inner",
                                                "Startup Cost": 3235.39,
                                                "Total Cost": 48484.5,
                                                "Plan Rows": 4641,
                                                "Plan Width": 33,
                                                "Actual Startup Time": 70.708,
                                                "Actual Total Time": 334.749,
                                                "Actual Rows": 9680,
                                                "Actual Loops": 4,
                                                "Inner Unique": false,
                                                "Hash Cond": "(t.id = cc.movie_id)",
                                                "Plans": [
                                                  {
                                                    "Node Type": "Seq Scan",
                                                    "Parent Relationship": "Outer",
                                                    "Parallel Aware": true,
                                                    "Relation Name": "title",
                                                    "Alias": "t",
                                                    "Startup Cost": 0.0,
                                                    "Total Cost": 43899.59,
                                                    "Plan Rows": 347497,
                                                    "Plan Width": 25,
                                                    "Actual Startup Time": 0.027,
                                                    "Actual Total Time": 152.493,
                                                    "Actual Rows": 345363,
                                                    "Actual Loops": 4,
                                                    "Filter": "(production_year > 2000)",
                                                    "Rows Removed by Filter": 286715
                                                  },
                                                  {
                                                    "Node Type": "Hash",
                                                    "Parent Relationship": "Inner",
                                                    "Parallel Aware": false,
                                                    "Startup Cost": 2813.24,
                                                    "Total Cost": 2813.24,
                                                    "Plan Rows": 33772,
                                                    "Plan Width": 8,
                                                    "Actual Startup Time": 70.284,
                                                    "Actual Total Time": 70.288,
                                                    "Actual Rows": 135086,
                                                    "Actual Loops": 4,
                                                    "Hash Buckets": 262144,
                                                    "Original Hash Buckets": 65536,
                                                    "Hash Batches": 1,
                                                    "Original Hash Batches": 1,
                                                    "Peak Memory Usage": 7325,
                                                    "Plans": [
                                                      {
                                                        "Node Type": "Hash Join",
                                                        "Parent Relationship": "Outer",
                                                        "Parallel Aware": false,
                                                        "Join Type": "Inner",
                                                        "Startup Cost": 1.06,
                                                        "Total Cost": 2813.24,
                                                        "Plan Rows": 33772,
                                                        "Plan Width": 8,
                                                        "Actual Startup Time": 0.08,
                                                        "Actual Total Time": 42.279,
                                                        "Actual Rows": 135086,
                                                        "Actual Loops": 4,
                                                        "Inner Unique": true,
                                                        "Hash Cond": "(cc.status_id = cct2.id)",
                                                        "Plans": [
                                                          {
                                                            "Node Type": "Seq Scan",
                                                            "Parent Relationship": "Outer",
                                                            "Parallel Aware": false,
                                                            "Relation Name": "complete_cast",
                                                            "Alias": "cc",
                                                            "Startup Cost": 0.0,
                                                            "Total Cost": 2081.86,
                                                            "Plan Rows": 135086,
                                                            "Plan Width": 12,
                                                            "Actual Startup Time": 0.039,
                                                            "Actual Total Time": 17.415,
                                                            "Actual Rows": 135086,
                                                            "Actual Loops": 4
                                                          },
                                                          {
                                                            "Node Type": "Hash",
                                                            "Parent Relationship": "Inner",
                                                            "Parallel Aware": false,
                                                            "Startup Cost": 1.05,
                                                            "Total Cost": 1.05,
                                                            "Plan Rows": 1,
                                                            "Plan Width": 4,
                                                            "Actual Startup Time": 0.012,
                                                            "Actual Total Time": 0.014,
                                                            "Actual Rows": 2,
                                                            "Actual Loops": 4,
                                                            "Hash Buckets": 1024,
                                                            "Original Hash Buckets": 1024,
                                                            "Hash Batches": 1,
                                                            "Original Hash Batches": 1,
                                                            "Peak Memory Usage": 9,
                                                            "Plans": [
                                                              {
                                                                "Node Type": "Seq Scan",
                                                                "Parent Relationship": "Outer",
                                                                "Parallel Aware": false,
                                                                "Relation Name": "comp_cast_type",
                                                                "Alias": "cct2",
                                                                "Startup Cost": 0.0,
                                                                "Total Cost": 1.05,
                                                                "Plan Rows": 1,
                                                                "Plan Width": 4,
                                                                "Actual Startup Time": 0.006,
                                                                "Actual Total Time": 0.007,
                                                                "Actual Rows": 2,
                                                                "Actual Loops": 4,
                                                                "Filter": "((kind)::text ~~ '%complete%'::text)",
                                                                "Rows Removed by Filter": 2
                                                              }
                                                            ]
                                                          }
                                                        ]
                                                      }
                                                    ]
                                                  }
                                                ]
                                              },
                                              {
                                                "Node Type": "Hash",
                                                "Parent Relationship": "Inner",
                                                "Parallel Aware": false,
                                                "Startup Cost": 1.05,
                                                "Total Cost": 1.05,
                                                "Plan Rows": 1,
                                                "Plan Width": 4,
                                                "Actual Startup Time": 0.022,
                                                "Actual Total Time": 0.023,
                                                "Actual Rows": 1,
                                                "Actual Loops": 4,
                                                "Hash Buckets": 1024,
                                                "Original Hash Buckets": 1024,
                                                "Hash Batches": 1,
                                                "Original Hash Batches": 1,
                                                "Peak Memory Usage": 9,
                                                "Plans": [
                                                  {
                                                    "Node Type": "Seq Scan",
                                                    "Parent Relationship": "Outer",
                                                    "Parallel Aware": false,
                                                    "Relation Name": "comp_cast_type",
                                                    "Alias": "cct1",
                                                    "Startup Cost": 0.0,
                                                    "Total Cost": 1.05,
                                                    "Plan Rows": 1,
                                                    "Plan Width": 4,
                                                    "Actual Startup Time": 0.016,
                                                    "Actual Total Time": 0.018,
                                                    "Actual Rows": 1,
                                                    "Actual Loops": 4,
                                                    "Filter": "((kind)::text = 'cast'::text)",
                                                    "Rows Removed by Filter": 3
                                                  }
                                                ]
                                              }
                                            ]
                                          },
                                          {
                                            "Node Type": "Index Scan",
                                            "Parent Relationship": "Inner",
                                            "Parallel Aware": false,
                                            "Scan Direction": "Forward",
                                            "Index Name": "movie_id_cast_info",
                                            "Relation Name": "cast_info",
                                            "Alias": "ci",
                                            "Startup Cost": 0.56,
                                            "Total Cost": 2.31,
                                            "Plan Rows": 37,
                                            "Plan Width": 12,
                                            "Actual Startup Time": 0.02,
                                            "Actual Total Time": 0.178,
                                            "Actual Rows": 47,
                                            "Actual Loops": 23557,
                                            "Index Cond": "(movie_id = t.id)",
                                            "Rows Removed by Index Recheck": 0
                                          }
                                        ]
                                      },
                                      {
                                        "Node Type": "Hash",
                                        "Parent Relationship": "Inner",
                                        "Parallel Aware": false,
                                        "Startup Cost": 1.09,
                                        "Total Cost": 1.09,
                                        "Plan Rows": 1,
                                        "Plan Width": 4,
                                        "Actual Startup Time": 0.037,
                                        "Actual Total Time": 0.038,
                                        "Actual Rows": 1,
                                        "Actual Loops": 4,
                                        "Hash Buckets": 1024,
                                        "Original Hash Buckets": 1024,
                                        "Hash Batches": 1,
                                        "Original Hash Batches": 1,
                                        "Peak Memory Usage": 9,
                                        "Plans": [
                                          {
                                            "Node Type": "Seq Scan",
                                            "Parent Relationship": "Outer",
                                            "Parallel Aware": false,
                                            "Relation Name": "kind_type",
                                            "Alias": "kt",
                                            "Startup Cost": 0.0,
                                            "Total Cost": 1.09,
                                            "Plan Rows": 1,
                                            "Plan Width": 4,
                                            "Actual Startup Time": 0.026,
                                            "Actual Total Time": 0.028,
                                            "Actual Rows": 1,
                                            "Actual Loops": 4,
                                            "Filter": "((kind)::text = 'movie'::text)",
                                            "Rows Removed by Filter": 6
                                          }
                                        ]
                                      }
                                    ]
                                  }
                                ]
                              }
                            ]
                          }
                        ]
                      }
                    ]
                  },
                  {
                    "Node Type": "Hash",
                    "Parent Relationship": "Inner",
                    "Parallel Aware": false,
                    "Startup Cost": 3967.82,
                    "Total Cost": 3967.82,
                    "Plan Rows": 10,
                    "Plan Width": 4,
                    "Actual Startup Time": 49.001,
                    "Actual Total Time": 49.002,
                    "Actual Rows": 10,
                    "Actual Loops": 4,
                    "Hash Buckets": 1024,
                    "Original Hash Buckets": 1024,
                    "Hash Batches": 1,
                    "Original Hash Batches": 1,
                    "Peak Memory Usage": 9,
                    "Plans": [
                      {
                        "Node Type": "Seq Scan",
                        "Parent Relationship": "Outer",
                        "Parallel Aware": false,
                        "Relation Name": "keyword",
                        "Alias": "k",
                        "Startup Cost": 0.0,
                        "Total Cost": 3967.82,
                        "Plan Rows": 10,
                        "Plan Width": 4,
                        "Actual Startup Time": 0.429,
                        "Actual Total Time": 48.956,
                        "Actual Rows": 10,
                        "Actual Loops": 4,
                        "Filter": "(keyword = ANY ('{superhero,marvel-comics,based-on-comic,tv-special,fight,violence,magnet,web,claw,laser}'::text[]))",
                        "Rows Removed by Filter": 134160
                      }
                    ]
                  }
                ]
              },
              {
                "Node Type": "Index Scan",
                "Parent Relationship": "Inner",
                "Parallel Aware": false,
                "Scan Direction": "Forward",
                "Index Name": "char_name_pkey",
                "Relation Name": "char_name",
                "Alias": "chn",
                "Startup Cost": 0.43,
                "Total Cost": 0.46,
                "Plan Rows": 1,
                "Plan Width": 4,
                "Actual Startup Time": 0.004,
                "Actual Total Time": 0.004,
                "Actual Rows": 0,
                "Actual Loops": 189844,
                "Index Cond": "(id = ci.person_role_id)",
                "Rows Removed by Index Recheck": 0,
                "Filter": "((name IS NOT NULL) AND ((name ~~ '%man%'::text) OR (name ~~ '%Man%'::text)))",
                "Rows Removed by Filter": 0
              }
            ]
          }
        ]
      }
    ]
  },
  "Planning Time": 27.181,
  "Triggers": [],
  "Execution Time": 4337.819
}