[
  {
    "Plan": {
      "Node Type": "Aggregate",
      "Strategy": "Plain",
      "Partial Mode": "Finalize",
      "Parallel Aware": false,
      "Startup Cost": 44953.52,
      "Total Cost": 44953.53,
      "Plan Rows": 1,
      "Plan Width": 8,
      "Actual Startup Time": 88.004,
      "Actual Total Time": 102.009,
      "Actual Rows": 1,
      "Actual Loops": 1,
      "Plans": [
        {
          "Node Type": "Gather",
          "Parent Relationship": "Outer",
          "Parallel Aware": false,
          "Startup Cost": 44953.1,
          "Total Cost": 44953.51,
          "Plan Rows": 4,
          "Plan Width": 8,
          "Actual Startup Time": 87.713,
          "Actual Total Time": 101.998,
          "Actual Rows": 5,
          "Actual Loops": 1,
          "Workers Planned": 4,
          "Workers Launched": 4,
          "Single Copy": false,
          "Plans": [
            {
              "Node Type": "Aggregate",
              "Strategy": "Plain",
              "Partial Mode": "Partial",
              "Parent Relationship": "Outer",
              "Parallel Aware": false,
              "Startup Cost": 43953.1,
              "Total Cost": 43953.11,
              "Plan Rows": 1,
              "Plan Width": 8,
              "Actual Startup Time": 83.361,
              "Actual Total Time": 83.362,
              "Actual Rows": 1,
              "Actual Loops": 5,
              "Plans": [
                {
                  "Node Type": "Seq Scan",
                  "Parent Relationship": "Outer",
                  "Parallel Aware": true,
                  "Relation Name": "title",
                  "Alias": "t",
                  "Startup Cost": 0.0,
                  "Total Cost": 43899.32,
                  "Plan Rows": 21513,
                  "Plan Width": 0,
                  "Actual Startup Time": 0.034,
                  "Actual Total Time": 82.079,
                  "Actual Rows": 16919,
                  "Actual Loops": 5,
                  "Filter": "(production_year = 2004)",
                  "Rows Removed by Filter": 488744
                }
              ]
            }
          ]
        }
      ]
    },
    "Planning Time": 0.134,
    "Triggers": [],
    "Execution Time": 102.06
  }
]