[
    {
        "Bao": {
            "Bao prediction": 409.407,
            "Bao recommended hint": "(no hint)"
        }
    },
    {
        "Plan": {
            "Node Type": "Aggregate",
            "Strategy": "Plain",
            "Partial Mode": "Finalize",
            "Parallel Aware": false,
            "Startup Cost": 44908.59,
            "Total Cost": 44908.6,
            "Plan Rows": 1,
            "Plan Width": 8,
            "Actual Startup Time": 106.891,
            "Actual Total Time": 118.022,
            "Actual Rows": 1,
            "Actual Loops": 1,
            "Output": [
                "count(*)"
            ],
            "Plans": [
                {
                    "Node Type": "Gather",
                    "Parent Relationship": "Outer",
                    "Parallel Aware": false,
                    "Startup Cost": 44908.17,
                    "Total Cost": 44908.58,
                    "Plan Rows": 4,
                    "Plan Width": 8,
                    "Actual Startup Time": 106.769,
                    "Actual Total Time": 118.014,
                    "Actual Rows": 5,
                    "Actual Loops": 1,
                    "Output": [
                        "(PARTIAL count(*))"
                    ],
                    "Workers Planned": 4,
                    "Workers Launched": 4,
                    "Single Copy": false,
                    "Plans": [
                        {
                            "Node Type": "Aggregate",
                            "Strategy": "Plain",
                            "Partial Mode": "Partial",
                            "Parent Relationship": "Outer",
                            "Parallel Aware": false,
                            "Startup Cost": 43908.17,
                            "Total Cost": 43908.18,
                            "Plan Rows": 1,
                            "Plan Width": 8,
                            "Actual Startup Time": 98.271,
                            "Actual Total Time": 98.272,
                            "Actual Rows": 1,
                            "Actual Loops": 5,
                            "Output": [
                                "PARTIAL count(*)"
                            ],
                            "Workers": [
                                {
                                    "Worker Number": 0,
                                    "Actual Startup Time": 95.965,
                                    "Actual Total Time": 95.966,
                                    "Actual Rows": 1,
                                    "Actual Loops": 1
                                },
                                {
                                    "Worker Number": 1,
                                    "Actual Startup Time": 96.231,
                                    "Actual Total Time": 96.232,
                                    "Actual Rows": 1,
                                    "Actual Loops": 1
                                },
                                {
                                    "Worker Number": 2,
                                    "Actual Startup Time": 96.418,
                                    "Actual Total Time": 96.42,
                                    "Actual Rows": 1,
                                    "Actual Loops": 1
                                },
                                {
                                    "Worker Number": 3,
                                    "Actual Startup Time": 96.628,
                                    "Actual Total Time": 96.629,
                                    "Actual Rows": 1,
                                    "Actual Loops": 1
                                }
                            ],
                            "Plans": [
                                {
                                    "Node Type": "Seq Scan",
                                    "Parent Relationship": "Outer",
                                    "Parallel Aware": true,
                                    "Relation Name": "title",
                                    "Schema": "public",
                                    "Alias": "t",
                                    "Startup Cost": 0.0,
                                    "Total Cost": 43899.01,
                                    "Plan Rows": 3666,
                                    "Plan Width": 0,
                                    "Actual Startup Time": 0.258,
                                    "Actual Total Time": 97.811,
                                    "Actual Rows": 2808,
                                    "Actual Loops": 5,
                                    "Output": [
                                        "id",
                                        "title",
                                        "imdb_index",
                                        "kind_id",
                                        "production_year",
                                        "imdb_id",
                                        "phonetic_code",
                                        "episode_of_id",
                                        "season_nr",
                                        "episode_nr",
                                        "series_years",
                                        "md5sum"
                                    ],
                                    "Filter": "(t.production_year = 1977)",
                                    "Rows Removed by Filter": 502855,
                                    "Workers": [
                                        {
                                            "Worker Number": 0,
                                            "Actual Startup Time": 0.424,
                                            "Actual Total Time": 95.493,
                                            "Actual Rows": 2396,
                                            "Actual Loops": 1
                                        },
                                        {
                                            "Worker Number": 1,
                                            "Actual Startup Time": 0.145,
                                            "Actual Total Time": 95.749,
                                            "Actual Rows": 2373,
                                            "Actual Loops": 1
                                        },
                                        {
                                            "Worker Number": 2,
                                            "Actual Startup Time": 0.267,
                                            "Actual Total Time": 95.965,
                                            "Actual Rows": 2310,
                                            "Actual Loops": 1
                                        },
                                        {
                                            "Worker Number": 3,
                                            "Actual Startup Time": 0.426,
                                            "Actual Total Time": 96.152,
                                            "Actual Rows": 2399,
                                            "Actual Loops": 1
                                        }
                                    ]
                                }
                            ]
                        }
                    ]
                }
            ]
        },
        "Planning Time": 3392.001,
        "Triggers": [],
        "Execution Time": 118.143
    }
]