[
  {
    "Plan": {
      "Node Type": "Aggregate",
      "Strategy": "Plain",
      "Partial Mode": "Finalize",
      "Parallel Aware": false,
      "Startup Cost": 341970.22,
      "Total Cost": 341970.23,
      "Plan Rows": 1,
      "Plan Width": 8,
      "Actual Startup Time": 867.185,
      "Actual Total Time": 910.247,
      "Actual Rows": 1,
      "Actual Loops": 1,
      "Plans": [
        {
          "Node Type": "Gather",
          "Parent Relationship": "Outer",
          "Parallel Aware": false,
          "Startup Cost": 341969.59,
          "Total Cost": 341970.2,
          "Plan Rows": 6,
          "Plan Width": 8,
          "Actual Startup Time": 866.991,
          "Actual Total Time": 910.229,
          "Actual Rows": 7,
          "Actual Loops": 1,
          "Workers Planned": 6,
          "Workers Launched": 6,
          "Single Copy": false,
          "Plans": [
            {
              "Node Type": "Aggregate",
              "Strategy": "Plain",
              "Partial Mode": "Partial",
              "Parent Relationship": "Outer",
              "Parallel Aware": false,
              "Startup Cost": 340969.59,
              "Total Cost": 340969.6,
              "Plan Rows": 1,
              "Plan Width": 8,
              "Actual Startup Time": 859.315,
              "Actual Total Time": 859.316,
              "Actual Rows": 1,
              "Actual Loops": 7,
              "Plans": [
                {
                  "Node Type": "Seq Scan",
                  "Parent Relationship": "Outer",
                  "Parallel Aware": true,
                  "Relation Name": "cast_info",
                  "Alias": "ci",
                  "Startup Cost": 0.0,
                  "Total Cost": 328211.39,
                  "Plan Rows": 5103280,
                  "Plan Width": 0,
                  "Actual Startup Time": 76.6,
                  "Actual Total Time": 649.53,
                  "Actual Rows": 4348712,
                  "Actual Loops": 7,
                  "Filter": "(person_id > 562076)",
                  "Rows Removed by Filter": 829052
                }
              ]
            }
          ]
        }
      ]
    },
    "Planning Time": 0.119,
    "Triggers": [],
    "Execution Time": 910.3
  }
]