{
  "Plan": {
    "Node Type": "Aggregate",
    "Strategy": "Plain",
    "Partial Mode": "Finalize",
    "Parallel Aware": false,
    "Startup Cost": 22001.62,
    "Total Cost": 22001.63,
    "Plan Rows": 1,
    "Plan Width": 8,
    "Actual Startup Time": 56.597,
    "Actual Total Time": 66.297,
    "Actual Rows": 1,
    "Actual Loops": 1,
    "Plans": [
      {
        "Node Type": "Gather",
        "Parent Relationship": "Outer",
        "Parallel Aware": false,
        "Startup Cost": 22001.5,
        "Total Cost": 22001.61,
        "Plan Rows": 1,
        "Plan Width": 8,
        "Actual Startup Time": 56.507,
        "Actual Total Time": 66.291,
        "Actual Rows": 2,
        "Actual Loops": 1,
        "Workers Planned": 1,
        "Workers Launched": 1,
        "Single Copy": false,
        "Plans": [
          {
            "Node Type": "Aggregate",
            "Strategy": "Plain",
            "Partial Mode": "Partial",
            "Parent Relationship": "Outer",
            "Parallel Aware": false,
            "Startup Cost": 21001.5,
            "Total Cost": 21001.51,
            "Plan Rows": 1,
            "Plan Width": 8,
            "Actual Startup Time": 50.311,
            "Actual Total Time": 50.312,
            "Actual Rows": 1,
            "Actual Loops": 2,
            "Plans": [
              {
                "Node Type": "Nested Loop",
                "Parent Relationship": "Outer",
                "Parallel Aware": false,
                "Join Type": "Inner",
                "Startup Cost": 87.79,
                "Total Cost": 20998.09,
                "Plan Rows": 1366,
                "Plan Width": 0,
                "Actual Startup Time": 2.629,
                "Actual Total Time": 50.071,
                "Actual Rows": 1698,
                "Actual Loops": 2,
                "Inner Unique": false,
                "Plans": [
                  {
                    "Node Type": "Nested Loop",
                    "Parent Relationship": "Outer",
                    "Parallel Aware": false,
                    "Join Type": "Inner",
                    "Startup Cost": 87.36,
                    "Total Cost": 19032.92,
                    "Plan Rows": 1158,
                    "Plan Width": 8,
                    "Actual Startup Time": 2.411,
                    "Actual Total Time": 16.655,
                    "Actual Rows": 1083,
                    "Actual Loops": 2,
                    "Inner Unique": true,
                    "Plans": [
                      {
                        "Node Type": "Bitmap Heap Scan",
                        "Parent Relationship": "Outer",
                        "Parallel Aware": true,
                        "Relation Name": "movie_companies",
                        "Alias": "mc",
                        "Startup Cost": 86.93,
                        "Total Cost": 9829.43,
                        "Plan Rows": 1158,
                        "Plan Width": 4,
                        "Actual Startup Time": 2.256,
                        "Actual Total Time": 7.449,
                        "Actual Rows": 1083,
                        "Actual Loops": 2,
                        "Recheck Cond": "(company_id = 474)",
                        "Rows Removed by Index Recheck": 0,
                        "Filter": "(company_type_id < 2)",
                        "Rows Removed by Filter": 878,
                        "Exact Heap Blocks": 2372,
                        "Lossy Heap Blocks": 0,
                        "Plans": [
                          {
                            "Node Type": "Bitmap Index Scan",
                            "Parent Relationship": "Outer",
                            "Parallel Aware": false,
                            "Index Name": "company_id_movie_companies",
                            "Startup Cost": 0.0,
                            "Total Cost": 86.44,
                            "Plan Rows": 4001,
                            "Plan Width": 0,
                            "Actual Startup Time": 2.911,
                            "Actual Total Time": 2.912,
                            "Actual Rows": 3921,
                            "Actual Loops": 1,
                            "Index Cond": "(company_id = 474)"
                          }
                        ]
                      },
                      {
                        "Node Type": "Index Only Scan",
                        "Parent Relationship": "Inner",
                        "Parallel Aware": false,
                        "Scan Direction": "Forward",
                        "Index Name": "title_pkey",
                        "Relation Name": "title",
                        "Alias": "t",
                        "Startup Cost": 0.43,
                        "Total Cost": 7.95,
                        "Plan Rows": 1,
                        "Plan Width": 4,
                        "Actual Startup Time": 0.008,
                        "Actual Total Time": 0.008,
                        "Actual Rows": 1,
                        "Actual Loops": 2166,
                        "Index Cond": "(id = mc.movie_id)",
                        "Rows Removed by Index Recheck": 0,
                        "Heap Fetches": 2166
                      }
                    ]
                  },
                  {
                    "Node Type": "Index Scan",
                    "Parent Relationship": "Inner",
                    "Parallel Aware": false,
                    "Scan Direction": "Forward",
                    "Index Name": "movie_id_movie_info",
                    "Relation Name": "movie_info",
                    "Alias": "mi",
                    "Startup Cost": 0.43,
                    "Total Cost": 1.62,
                    "Plan Rows": 8,
                    "Plan Width": 4,
                    "Actual Startup Time": 0.019,
                    "Actual Total Time": 0.03,
                    "Actual Rows": 2,
                    "Actual Loops": 2166,
                    "Index Cond": "(movie_id = t.id)",
                    "Rows Removed by Index Recheck": 0,
                    "Filter": "(info_type_id = 16)",
                    "Rows Removed by Filter": 13
                  }
                ]
              }
            ]
          }
        ]
      }
    ]
  },
  "Planning Time": 1.122,
  "Triggers": [],
  "Execution Time": 66.393
}