[
  {
    "Plan": {
      "Node Type": "Aggregate",
      "Strategy": "Plain",
      "Partial Mode": "Finalize",
      "Parallel Aware": false,
      "Startup Cost": 44605.12,
      "Total Cost": 44605.13,
      "Plan Rows": 1,
      "Plan Width": 8,
      "Actual Startup Time": 117.052,
      "Actual Total Time": 126.722,
      "Actual Rows": 1,
      "Actual Loops": 1,
      "Plans": [
        {
          "Node Type": "Gather",
          "Parent Relationship": "Outer",
          "Parallel Aware": false,
          "Startup Cost": 44604.8,
          "Total Cost": 44605.11,
          "Plan Rows": 3,
          "Plan Width": 8,
          "Actual Startup Time": 116.94,
          "Actual Total Time": 126.715,
          "Actual Rows": 4,
          "Actual Loops": 1,
          "Workers Planned": 3,
          "Workers Launched": 3,
          "Single Copy": false,
          "Plans": [
            {
              "Node Type": "Aggregate",
              "Strategy": "Plain",
              "Partial Mode": "Partial",
              "Parent Relationship": "Outer",
              "Parallel Aware": false,
              "Startup Cost": 43604.8,
              "Total Cost": 43604.81,
              "Plan Rows": 1,
              "Plan Width": 8,
              "Actual Startup Time": 112.563,
              "Actual Total Time": 112.564,
              "Actual Rows": 1,
              "Actual Loops": 4,
              "Plans": [
                {
                  "Node Type": "Seq Scan",
                  "Parent Relationship": "Outer",
                  "Parallel Aware": true,
                  "Relation Name": "movie_keyword",
                  "Alias": "mk",
                  "Startup Cost": 0.0,
                  "Total Cost": 42695.65,
                  "Plan Rows": 363659,
                  "Plan Width": 0,
                  "Actual Startup Time": 0.039,
                  "Actual Total Time": 99.357,
                  "Actual Rows": 284201,
                  "Actual Loops": 4,
                  "Filter": "(keyword_id < 1267)",
                  "Rows Removed by Filter": 846781
                }
              ]
            }
          ]
        }
      ]
    },
    "Planning Time": 0.096,
    "Triggers": [],
    "Execution Time": 126.753
  }
]