[
  {
    "Plan": {
      "Node Type": "Aggregate",
      "Strategy": "Plain",
      "Partial Mode": "Finalize",
      "Parallel Aware": false,
      "Startup Cost": 32119.55,
      "Total Cost": 32119.56,
      "Plan Rows": 1,
      "Plan Width": 8,
      "Actual Startup Time": 109.737,
      "Actual Total Time": 116.306,
      "Actual Rows": 1,
      "Actual Loops": 1,
      "Plans": [
        {
          "Node Type": "Gather",
          "Parent Relationship": "Outer",
          "Parallel Aware": false,
          "Startup Cost": 32119.24,
          "Total Cost": 32119.55,
          "Plan Rows": 3,
          "Plan Width": 8,
          "Actual Startup Time": 109.628,
          "Actual Total Time": 116.298,
          "Actual Rows": 4,
          "Actual Loops": 1,
          "Workers Planned": 3,
          "Workers Launched": 3,
          "Single Copy": false,
          "Plans": [
            {
              "Node Type": "Aggregate",
              "Strategy": "Plain",
              "Partial Mode": "Partial",
              "Parent Relationship": "Outer",
              "Parallel Aware": false,
              "Startup Cost": 31119.24,
              "Total Cost": 31119.25,
              "Plan Rows": 1,
              "Plan Width": 8,
              "Actual Startup Time": 106.124,
              "Actual Total Time": 106.125,
              "Actual Rows": 1,
              "Actual Loops": 4,
              "Plans": [
                {
                  "Node Type": "Seq Scan",
                  "Parent Relationship": "Outer",
                  "Parallel Aware": true,
                  "Relation Name": "movie_companies",
                  "Alias": "mc",
                  "Startup Cost": 0.0,
                  "Total Cost": 29310.68,
                  "Plan Rows": 723422,
                  "Plan Width": 0,
                  "Actual Startup Time": 0.016,
                  "Actual Total Time": 78.254,
                  "Actual Rows": 561343,
                  "Actual Loops": 4,
                  "Filter": "(company_id < 86318)",
                  "Rows Removed by Filter": 90940
                }
              ]
            }
          ]
        }
      ]
    },
    "Planning Time": 0.193,
    "Triggers": [],
    "Execution Time": 116.36
  }
]