[
  {
    "Plan": {
      "Node Type": "Aggregate",
      "Strategy": "Plain",
      "Partial Mode": "Finalize",
      "Parallel Aware": false,
      "Startup Cost": 334311.84,
      "Total Cost": 334311.85,
      "Plan Rows": 1,
      "Plan Width": 8,
      "Actual Startup Time": 642.492,
      "Actual Total Time": 700.313,
      "Actual Rows": 1,
      "Actual Loops": 1,
      "Plans": [
        {
          "Node Type": "Gather",
          "Parent Relationship": "Outer",
          "Parallel Aware": false,
          "Startup Cost": 334311.22,
          "Total Cost": 334311.83,
          "Plan Rows": 6,
          "Plan Width": 8,
          "Actual Startup Time": 642.387,
          "Actual Total Time": 700.303,
          "Actual Rows": 7,
          "Actual Loops": 1,
          "Workers Planned": 6,
          "Workers Launched": 6,
          "Single Copy": false,
          "Plans": [
            {
              "Node Type": "Aggregate",
              "Strategy": "Plain",
              "Partial Mode": "Partial",
              "Parent Relationship": "Outer",
              "Parallel Aware": false,
              "Startup Cost": 333311.22,
              "Total Cost": 333311.23,
              "Plan Rows": 1,
              "Plan Width": 8,
              "Actual Startup Time": 634.501,
              "Actual Total Time": 634.502,
              "Actual Rows": 1,
              "Actual Loops": 7,
              "Plans": [
                {
                  "Node Type": "Seq Scan",
                  "Parent Relationship": "Outer",
                  "Parallel Aware": true,
                  "Relation Name": "cast_info",
                  "Alias": "ci",
                  "Startup Cost": 0.0,
                  "Total Cost": 328162.03,
                  "Plan Rows": 2059676,
                  "Plan Width": 0,
                  "Actual Startup Time": 262.951,
                  "Actual Total Time": 561.686,
                  "Actual Rows": 1762506,
                  "Actual Loops": 7,
                  "Filter": "(person_id > 2451896)",
                  "Rows Removed by Filter": 3415258
                }
              ]
            }
          ]
        }
      ]
    },
    "Planning Time": 0.197,
    "Triggers": [],
    "Execution Time": 700.386
  }
]