[
  {
    "Plan": {
      "Node Type": "Aggregate",
      "Strategy": "Plain",
      "Partial Mode": "Finalize",
      "Parallel Aware": false,
      "Startup Cost": 105989.77,
      "Total Cost": 105989.78,
      "Plan Rows": 1,
      "Plan Width": 8,
      "Actual Startup Time": 451.363,
      "Actual Total Time": 471.432,
      "Actual Rows": 1,
      "Actual Loops": 1,
      "Plans": [
        {
          "Node Type": "Gather",
          "Parent Relationship": "Outer",
          "Parallel Aware": false,
          "Startup Cost": 105989.55,
          "Total Cost": 105989.76,
          "Plan Rows": 2,
          "Plan Width": 8,
          "Actual Startup Time": 450.37,
          "Actual Total Time": 471.424,
          "Actual Rows": 3,
          "Actual Loops": 1,
          "Workers Planned": 2,
          "Workers Launched": 2,
          "Single Copy": false,
          "Plans": [
            {
              "Node Type": "Aggregate",
              "Strategy": "Plain",
              "Partial Mode": "Partial",
              "Parent Relationship": "Outer",
              "Parallel Aware": false,
              "Startup Cost": 104989.55,
              "Total Cost": 104989.56,
              "Plan Rows": 1,
              "Plan Width": 8,
              "Actual Startup Time": 445.114,
              "Actual Total Time": 445.121,
              "Actual Rows": 1,
              "Actual Loops": 3,
              "Plans": [
                {
                  "Node Type": "Hash Join",
                  "Parent Relationship": "Outer",
                  "Parallel Aware": true,
                  "Join Type": "Inner",
                  "Startup Cost": 89022.31,
                  "Total Cost": 104934.63,
                  "Plan Rows": 21970,
                  "Plan Width": 0,
                  "Actual Startup Time": 351.445,
                  "Actual Total Time": 442.109,
                  "Actual Rows": 58169,
                  "Actual Loops": 3,
                  "Inner Unique": false,
                  "Hash Cond": "(mi_idx.movie_id = t.id)",
                  "Plans": [
                    {
                      "Node Type": "Seq Scan",
                      "Parent Relationship": "Outer",
                      "Parallel Aware": true,
                      "Relation Name": "movie_info_idx",
                      "Alias": "mi_idx",
                      "Startup Cost": 0.0,
                      "Total Cost": 13685.15,
                      "Plan Rows": 575015,
                      "Plan Width": 4,
                      "Actual Startup Time": 0.017,
                      "Actual Total Time": 42.355,
                      "Actual Rows": 460012,
                      "Actual Loops": 3
                    },
                    {
                      "Node Type": "Hash",
                      "Parent Relationship": "Inner",
                      "Parallel Aware": true,
                      "Startup Cost": 88632.77,
                      "Total Cost": 88632.77,
                      "Plan Rows": 31163,
                      "Plan Width": 8,
                      "Actual Startup Time": 349.653,
                      "Actual Total Time": 349.657,
                      "Actual Rows": 29748,
                      "Actual Loops": 3,
                      "Hash Buckets": 131072,
                      "Original Hash Buckets": 131072,
                      "Hash Batches": 1,
                      "Original Hash Batches": 1,
                      "Peak Memory Usage": 4576,
                      "Plans": [
                        {
                          "Node Type": "Hash Join",
                          "Parent Relationship": "Outer",
                          "Parallel Aware": true,
                          "Join Type": "Inner",
                          "Startup Cost": 44292.28,
                          "Total Cost": 88632.77,
                          "Plan Rows": 31163,
                          "Plan Width": 8,
                          "Actual Startup Time": 133.583,
                          "Actual Total Time": 342.444,
                          "Actual Rows": 29748,
                          "Actual Loops": 3,
                          "Inner Unique": true,
                          "Hash Cond": "(mk.movie_id = t.id)",
                          "Plans": [
                            {
                              "Node Type": "Seq Scan",
                              "Parent Relationship": "Outer",
                              "Parallel Aware": true,
                              "Relation Name": "movie_keyword",
                              "Alias": "mk",
                              "Startup Cost": 0.0,
                              "Total Cost": 42695.65,
                              "Plan Rows": 626602,
                              "Plan Width": 4,
                              "Actual Startup Time": 0.026,
                              "Actual Total Time": 141.88,
                              "Actual Rows": 649630,
                              "Actual Loops": 3,
                              "Filter": "(keyword_id < 3375)",
                              "Rows Removed by Filter": 858346
                            },
                            {
                              "Node Type": "Hash",
                              "Parent Relationship": "Inner",
                              "Parallel Aware": true,
                              "Startup Cost": 43899.32,
                              "Total Cost": 43899.32,
                              "Plan Rows": 31437,
                              "Plan Width": 4,
                              "Actual Startup Time": 132.777,
                              "Actual Total Time": 132.779,
                              "Actual Rows": 42899,
                              "Actual Loops": 3,
                              "Hash Buckets": 131072,
                              "Original Hash Buckets": 131072,
                              "Hash Batches": 1,
                              "Original Hash Batches": 1,
                              "Peak Memory Usage": 6080,
                              "Plans": [
                                {
                                  "Node Type": "Seq Scan",
                                  "Parent Relationship": "Outer",
                                  "Parallel Aware": true,
                                  "Relation Name": "title",
                                  "Alias": "t",
                                  "Startup Cost": 0.0,
                                  "Total Cost": 43899.32,
                                  "Plan Rows": 31437,
                                  "Plan Width": 4,
                                  "Actual Startup Time": 0.03,
                                  "Actual Total Time": 115.886,
                                  "Actual Rows": 42899,
                                  "Actual Loops": 3,
                                  "Filter": "(production_year = 2009)",
                                  "Rows Removed by Filter": 799872
                                }
                              ]
                            }
                          ]
                        }
                      ]
                    }
                  ]
                }
              ]
            }
          ]
        }
      ]
    },
    "Planning Time": 1.219,
    "Triggers": [],
    "Execution Time": 471.49
  }
]