[
  {
    "Plan": {
      "Node Type": "Aggregate",
      "Strategy": "Plain",
      "Partial Mode": "Finalize",
      "Parallel Aware": false,
      "Startup Cost": 401408.08,
      "Total Cost": 401408.09,
      "Plan Rows": 1,
      "Plan Width": 8,
      "Actual Startup Time": 1444.303,
      "Actual Total Time": 1513.412,
      "Actual Rows": 1,
      "Actual Loops": 1,
      "Plans": [
        {
          "Node Type": "Gather",
          "Parent Relationship": "Outer",
          "Parallel Aware": false,
          "Startup Cost": 401407.45,
          "Total Cost": 401408.06,
          "Plan Rows": 6,
          "Plan Width": 8,
          "Actual Startup Time": 1442.935,
          "Actual Total Time": 1513.392,
          "Actual Rows": 7,
          "Actual Loops": 1,
          "Workers Planned": 6,
          "Workers Launched": 6,
          "Single Copy": false,
          "Plans": [
            {
              "Node Type": "Aggregate",
              "Strategy": "Plain",
              "Partial Mode": "Partial",
              "Parent Relationship": "Outer",
              "Parallel Aware": false,
              "Startup Cost": 400407.45,
              "Total Cost": 400407.46,
              "Plan Rows": 1,
              "Plan Width": 8,
              "Actual Startup Time": 1431.977,
              "Actual Total Time": 1431.979,
              "Actual Rows": 1,
              "Actual Loops": 7,
              "Plans": [
                {
                  "Node Type": "Hash Join",
                  "Parent Relationship": "Outer",
                  "Parallel Aware": true,
                  "Join Type": "Inner",
                  "Startup Cost": 45322.19,
                  "Total Cost": 398675.35,
                  "Plan Rows": 692842,
                  "Plan Width": 0,
                  "Actual Startup Time": 318.066,
                  "Actual Total Time": 1412.756,
                  "Actual Rows": 402064,
                  "Actual Loops": 7,
                  "Inner Unique": true,
                  "Hash Cond": "(ci.movie_id = t.id)",
                  "Plans": [
                    {
                      "Node Type": "Seq Scan",
                      "Parent Relationship": "Outer",
                      "Parallel Aware": true,
                      "Relation Name": "cast_info",
                      "Alias": "ci",
                      "Startup Cost": 0.0,
                      "Total Cost": 343257.03,
                      "Plan Rows": 3846136,
                      "Plan Width": 4,
                      "Actual Startup Time": 210.226,
                      "Actual Total Time": 703.616,
                      "Actual Rows": 3327845,
                      "Actual Loops": 7,
                      "Filter": "((person_id > 105456) AND (role_id > 1))",
                      "Rows Removed by Filter": 1849919
                    },
                    {
                      "Node Type": "Hash",
                      "Parent Relationship": "Inner",
                      "Parallel Aware": true,
                      "Startup Cost": 43898.92,
                      "Total Cost": 43898.92,
                      "Plan Rows": 113862,
                      "Plan Width": 4,
                      "Actual Startup Time": 105.219,
                      "Actual Total Time": 105.22,
                      "Actual Rows": 66509,
                      "Actual Loops": 7,
                      "Hash Buckets": 524288,
                      "Original Hash Buckets": 524288,
                      "Hash Batches": 1,
                      "Original Hash Batches": 1,
                      "Peak Memory Usage": 22464,
                      "Plans": [
                        {
                          "Node Type": "Seq Scan",
                          "Parent Relationship": "Outer",
                          "Parallel Aware": true,
                          "Relation Name": "title",
                          "Alias": "t",
                          "Startup Cost": 0.0,
                          "Total Cost": 43898.92,
                          "Plan Rows": 113862,
                          "Plan Width": 4,
                          "Actual Startup Time": 0.05,
                          "Actual Total Time": 74.666,
                          "Actual Rows": 66509,
                          "Actual Loops": 7,
                          "Filter": "(production_year < 1977)",
                          "Rows Removed by Filter": 294678
                        }
                      ]
                    }
                  ]
                }
              ]
            }
          ]
        }
      ]
    },
    "Planning Time": 0.63,
    "Triggers": [],
    "Execution Time": 1513.505
  }
]