[
  {
    "Plan": {
      "Node Type": "Aggregate",
      "Strategy": "Plain",
      "Partial Mode": "Finalize",
      "Parallel Aware": false,
      "Startup Cost": 80405.36,
      "Total Cost": 80405.37,
      "Plan Rows": 1,
      "Plan Width": 8,
      "Actual Startup Time": 180.32,
      "Actual Total Time": 198.969,
      "Actual Rows": 1,
      "Actual Loops": 1,
      "Plans": [
        {
          "Node Type": "Gather",
          "Parent Relationship": "Outer",
          "Parallel Aware": false,
          "Startup Cost": 80404.94,
          "Total Cost": 80405.35,
          "Plan Rows": 4,
          "Plan Width": 8,
          "Actual Startup Time": 179.768,
          "Actual Total Time": 198.963,
          "Actual Rows": 5,
          "Actual Loops": 1,
          "Workers Planned": 4,
          "Workers Launched": 4,
          "Single Copy": false,
          "Plans": [
            {
              "Node Type": "Aggregate",
              "Strategy": "Plain",
              "Partial Mode": "Partial",
              "Parent Relationship": "Outer",
              "Parallel Aware": false,
              "Startup Cost": 79404.94,
              "Total Cost": 79404.95,
              "Plan Rows": 1,
              "Plan Width": 8,
              "Actual Startup Time": 170.444,
              "Actual Total Time": 170.447,
              "Actual Rows": 1,
              "Actual Loops": 5,
              "Plans": [
                {
                  "Node Type": "Hash Join",
                  "Parent Relationship": "Outer",
                  "Parallel Aware": true,
                  "Join Type": "Inner",
                  "Startup Cost": 32834.21,
                  "Total Cost": 79339.39,
                  "Plan Rows": 26217,
                  "Plan Width": 0,
                  "Actual Startup Time": 129.651,
                  "Actual Total Time": 170.088,
                  "Actual Rows": 6801,
                  "Actual Loops": 5,
                  "Inner Unique": false,
                  "Hash Cond": "(t.id = mc.movie_id)",
                  "Plans": [
                    {
                      "Node Type": "Seq Scan",
                      "Parent Relationship": "Outer",
                      "Parallel Aware": true,
                      "Relation Name": "title",
                      "Alias": "t",
                      "Startup Cost": 0.0,
                      "Total Cost": 45479.1,
                      "Plan Rows": 188304,
                      "Plan Width": 4,
                      "Actual Startup Time": 0.014,
                      "Actual Total Time": 72.949,
                      "Actual Rows": 158789,
                      "Actual Loops": 5,
                      "Filter": "((kind_id < 7) AND (production_year < 2010))",
                      "Rows Removed by Filter": 346874
                    },
                    {
                      "Node Type": "Hash",
                      "Parent Relationship": "Inner",
                      "Parallel Aware": true,
                      "Startup Cost": 31414.82,
                      "Total Cost": 31414.82,
                      "Plan Rows": 113551,
                      "Plan Width": 4,
                      "Actual Startup Time": 71.429,
                      "Actual Total Time": 71.43,
                      "Actual Rows": 8731,
                      "Actual Loops": 5,
                      "Hash Buckets": 524288,
                      "Original Hash Buckets": 524288,
                      "Hash Batches": 1,
                      "Original Hash Batches": 1,
                      "Peak Memory Usage": 5888,
                      "Plans": [
                        {
                          "Node Type": "Seq Scan",
                          "Parent Relationship": "Outer",
                          "Parallel Aware": true,
                          "Relation Name": "movie_companies",
                          "Alias": "mc",
                          "Startup Cost": 0.0,
                          "Total Cost": 31414.82,
                          "Plan Rows": 113551,
                          "Plan Width": 4,
                          "Actual Startup Time": 28.336,
                          "Actual Total Time": 66.136,
                          "Actual Rows": 8731,
                          "Actual Loops": 5,
                          "Filter": "((company_id > 40635) AND (company_type_id = 1))",
                          "Rows Removed by Filter": 513095
                        }
                      ]
                    }
                  ]
                }
              ]
            }
          ]
        }
      ]
    },
    "Planning Time": 0.7,
    "Triggers": [],
    "Execution Time": 199.043
  }
]