[
  {
    "Plan": {
      "Node Type": "Aggregate",
      "Strategy": "Plain",
      "Partial Mode": "Finalize",
      "Parallel Aware": false,
      "Startup Cost": 62679.0,
      "Total Cost": 62679.01,
      "Plan Rows": 1,
      "Plan Width": 8,
      "Actual Startup Time": 183.342,
      "Actual Total Time": 196.242,
      "Actual Rows": 1,
      "Actual Loops": 1,
      "Plans": [
        {
          "Node Type": "Gather",
          "Parent Relationship": "Outer",
          "Parallel Aware": false,
          "Startup Cost": 62678.78,
          "Total Cost": 62678.99,
          "Plan Rows": 2,
          "Plan Width": 8,
          "Actual Startup Time": 183.037,
          "Actual Total Time": 196.234,
          "Actual Rows": 3,
          "Actual Loops": 1,
          "Workers Planned": 2,
          "Workers Launched": 2,
          "Single Copy": false,
          "Plans": [
            {
              "Node Type": "Aggregate",
              "Strategy": "Plain",
              "Partial Mode": "Partial",
              "Parent Relationship": "Outer",
              "Parallel Aware": false,
              "Startup Cost": 61678.78,
              "Total Cost": 61678.79,
              "Plan Rows": 1,
              "Plan Width": 8,
              "Actual Startup Time": 175.556,
              "Actual Total Time": 175.559,
              "Actual Rows": 1,
              "Actual Loops": 3,
              "Plans": [
                {
                  "Node Type": "Hash Join",
                  "Parent Relationship": "Outer",
                  "Parallel Aware": true,
                  "Join Type": "Inner",
                  "Startup Cost": 45543.12,
                  "Total Cost": 61671.02,
                  "Plan Rows": 3103,
                  "Plan Width": 0,
                  "Actual Startup Time": 112.575,
                  "Actual Total Time": 175.276,
                  "Actual Rows": 5685,
                  "Actual Loops": 3,
                  "Inner Unique": true,
                  "Hash Cond": "(mi_idx.movie_id = t.id)",
                  "Plans": [
                    {
                      "Node Type": "Seq Scan",
                      "Parent Relationship": "Outer",
                      "Parallel Aware": true,
                      "Relation Name": "movie_info_idx",
                      "Alias": "mi_idx",
                      "Startup Cost": 0.0,
                      "Total Cost": 15122.68,
                      "Plan Rows": 382940,
                      "Plan Width": 4,
                      "Actual Startup Time": 0.024,
                      "Actual Total Time": 40.453,
                      "Actual Rows": 306617,
                      "Actual Loops": 3,
                      "Filter": "(info_type_id < 101)",
                      "Rows Removed by Filter": 153395
                    },
                    {
                      "Node Type": "Hash",
                      "Parent Relationship": "Inner",
                      "Parallel Aware": true,
                      "Startup Cost": 45479.1,
                      "Total Cost": 45479.1,
                      "Plan Rows": 5122,
                      "Plan Width": 4,
                      "Actual Startup Time": 111.399,
                      "Actual Total Time": 111.4,
                      "Actual Rows": 6297,
                      "Actual Loops": 3,
                      "Hash Buckets": 32768,
                      "Original Hash Buckets": 32768,
                      "Hash Batches": 1,
                      "Original Hash Batches": 1,
                      "Peak Memory Usage": 1024,
                      "Plans": [
                        {
                          "Node Type": "Seq Scan",
                          "Parent Relationship": "Outer",
                          "Parallel Aware": true,
                          "Relation Name": "title",
                          "Alias": "t",
                          "Startup Cost": 0.0,
                          "Total Cost": 45479.1,
                          "Plan Rows": 5122,
                          "Plan Width": 4,
                          "Actual Startup Time": 0.124,
                          "Actual Total Time": 108.824,
                          "Actual Rows": 6297,
                          "Actual Loops": 3,
                          "Filter": "((kind_id < 7) AND (production_year = 2001))",
                          "Rows Removed by Filter": 836473
                        }
                      ]
                    }
                  ]
                }
              ]
            }
          ]
        }
      ]
    },
    "Planning Time": 0.624,
    "Triggers": [],
    "Execution Time": 196.308
  }
]