[
  {
    "Plan": {
      "Node Type": "Aggregate",
      "Strategy": "Plain",
      "Partial Mode": "Finalize",
      "Parallel Aware": false,
      "Startup Cost": 45136.57,
      "Total Cost": 45136.58,
      "Plan Rows": 1,
      "Plan Width": 8,
      "Actual Startup Time": 143.716,
      "Actual Total Time": 153.775,
      "Actual Rows": 1,
      "Actual Loops": 1,
      "Plans": [
        {
          "Node Type": "Gather",
          "Parent Relationship": "Outer",
          "Parallel Aware": false,
          "Startup Cost": 45136.26,
          "Total Cost": 45136.57,
          "Plan Rows": 3,
          "Plan Width": 8,
          "Actual Startup Time": 143.58,
          "Actual Total Time": 153.766,
          "Actual Rows": 4,
          "Actual Loops": 1,
          "Workers Planned": 3,
          "Workers Launched": 3,
          "Single Copy": false,
          "Plans": [
            {
              "Node Type": "Aggregate",
              "Strategy": "Plain",
              "Partial Mode": "Partial",
              "Parent Relationship": "Outer",
              "Parallel Aware": false,
              "Startup Cost": 44136.26,
              "Total Cost": 44136.27,
              "Plan Rows": 1,
              "Plan Width": 8,
              "Actual Startup Time": 138.204,
              "Actual Total Time": 138.206,
              "Actual Rows": 1,
              "Actual Loops": 4,
              "Plans": [
                {
                  "Node Type": "Seq Scan",
                  "Parent Relationship": "Outer",
                  "Parallel Aware": true,
                  "Relation Name": "movie_keyword",
                  "Alias": "mk",
                  "Startup Cost": 0.0,
                  "Total Cost": 42695.65,
                  "Plan Rows": 576241,
                  "Plan Width": 0,
                  "Actual Startup Time": 0.041,
                  "Actual Total Time": 115.437,
                  "Actual Rows": 450455,
                  "Actual Loops": 4,
                  "Filter": "(keyword_id < 2919)",
                  "Rows Removed by Filter": 680527
                }
              ]
            }
          ]
        }
      ]
    },
    "Planning Time": 0.115,
    "Triggers": [],
    "Execution Time": 153.811
  }
]