[
  {
    "Plan": {
      "Node Type": "Aggregate",
      "Strategy": "Plain",
      "Partial Mode": "Finalize",
      "Parallel Aware": false,
      "Startup Cost": 325166.89,
      "Total Cost": 325166.9,
      "Plan Rows": 1,
      "Plan Width": 8,
      "Actual Startup Time": 319.775,
      "Actual Total Time": 332.402,
      "Actual Rows": 1,
      "Actual Loops": 1,
      "Plans": [
        {
          "Node Type": "Gather",
          "Parent Relationship": "Outer",
          "Parallel Aware": false,
          "Startup Cost": 325166.27,
          "Total Cost": 325166.88,
          "Plan Rows": 6,
          "Plan Width": 8,
          "Actual Startup Time": 318.212,
          "Actual Total Time": 332.377,
          "Actual Rows": 7,
          "Actual Loops": 1,
          "Workers Planned": 6,
          "Workers Launched": 6,
          "Single Copy": false,
          "Plans": [
            {
              "Node Type": "Aggregate",
              "Strategy": "Plain",
              "Partial Mode": "Partial",
              "Parent Relationship": "Outer",
              "Parallel Aware": false,
              "Startup Cost": 324166.27,
              "Total Cost": 324166.28,
              "Plan Rows": 1,
              "Plan Width": 8,
              "Actual Startup Time": 309.374,
              "Actual Total Time": 309.376,
              "Actual Rows": 1,
              "Actual Loops": 7,
              "Plans": [
                {
                  "Node Type": "Bitmap Heap Scan",
                  "Parent Relationship": "Outer",
                  "Parallel Aware": true,
                  "Relation Name": "cast_info",
                  "Alias": "ci",
                  "Startup Cost": 63572.11,
                  "Total Cost": 323493.8,
                  "Plan Rows": 268986,
                  "Plan Width": 0,
                  "Actual Startup Time": 151.526,
                  "Actual Total Time": 289.503,
                  "Actual Rows": 308011,
                  "Actual Loops": 7,
                  "Recheck Cond": "(person_id < 290946)",
                  "Rows Removed by Index Recheck": 0,
                  "Filter": "(role_id < 3)",
                  "Rows Removed by Filter": 119576,
                  "Exact Heap Blocks": 5464,
                  "Lossy Heap Blocks": 0,
                  "Plans": [
                    {
                      "Node Type": "Bitmap Index Scan",
                      "Parent Relationship": "Outer",
                      "Parallel Aware": false,
                      "Index Name": "person_id_cast_info",
                      "Startup Cost": 0.0,
                      "Total Cost": 63168.64,
                      "Plan Rows": 2893876,
                      "Plan Width": 0,
                      "Actual Startup Time": 151.618,
                      "Actual Total Time": 151.618,
                      "Actual Rows": 2993108,
                      "Actual Loops": 1,
                      "Index Cond": "(person_id < 290946)"
                    }
                  ]
                }
              ]
            }
          ]
        }
      ]
    },
    "Planning Time": 0.09,
    "Triggers": [],
    "Execution Time": 332.446
  }
]