{
  "Plan": {
    "Node Type": "Aggregate",
    "Strategy": "Plain",
    "Partial Mode": "Finalize",
    "Parallel Aware": false,
    "Startup Cost": 470551.06,
    "Total Cost": 470551.07,
    "Plan Rows": 1,
    "Plan Width": 8,
    "Actual Startup Time": 6862.701,
    "Actual Total Time": 6907.614,
    "Actual Rows": 1,
    "Actual Loops": 1,
    "Plans": [
      {
        "Node Type": "Gather",
        "Parent Relationship": "Outer",
        "Parallel Aware": false,
        "Startup Cost": 470550.95,
        "Total Cost": 470551.06,
        "Plan Rows": 1,
        "Plan Width": 8,
        "Actual Startup Time": 6855.925,
        "Actual Total Time": 6907.604,
        "Actual Rows": 2,
        "Actual Loops": 1,
        "Workers Planned": 1,
        "Workers Launched": 1,
        "Single Copy": false,
        "Plans": [
          {
            "Node Type": "Aggregate",
            "Strategy": "Plain",
            "Partial Mode": "Partial",
            "Parent Relationship": "Outer",
            "Parallel Aware": false,
            "Startup Cost": 469550.95,
            "Total Cost": 469550.96,
            "Plan Rows": 1,
            "Plan Width": 8,
            "Actual Startup Time": 6850.689,
            "Actual Total Time": 6850.694,
            "Actual Rows": 1,
            "Actual Loops": 2,
            "Plans": [
              {
                "Node Type": "Hash Join",
                "Parent Relationship": "Outer",
                "Parallel Aware": true,
                "Join Type": "Inner",
                "Startup Cost": 117614.99,
                "Total Cost": 461855.98,
                "Plan Rows": 3077986,
                "Plan Width": 0,
                "Actual Startup Time": 719.045,
                "Actual Total Time": 6195.277,
                "Actual Rows": 15875198,
                "Actual Loops": 2,
                "Inner Unique": false,
                "Hash Cond": "(t.id = mc.movie_id)",
                "Plans": [
                  {
                    "Node Type": "Hash Join",
                    "Parent Relationship": "Outer",
                    "Parallel Aware": true,
                    "Join Type": "Inner",
                    "Startup Cost": 69460.7,
                    "Total Cost": 341244.19,
                    "Plan Rows": 8696274,
                    "Plan Width": 8,
                    "Actual Startup Time": 513.019,
                    "Actual Total Time": 3521.164,
                    "Actual Rows": 7417860,
                    "Actual Loops": 2,
                    "Inner Unique": true,
                    "Hash Cond": "(mi.movie_id = t.id)",
                    "Plans": [
                      {
                        "Node Type": "Seq Scan",
                        "Parent Relationship": "Outer",
                        "Parallel Aware": true,
                        "Relation Name": "movie_info",
                        "Alias": "mi",
                        "Startup Cost": 0.0,
                        "Total Cost": 248955.74,
                        "Plan Rows": 8696274,
                        "Plan Width": 4,
                        "Actual Startup Time": 0.009,
                        "Actual Total Time": 598.417,
                        "Actual Rows": 7417860,
                        "Actual Loops": 2
                      },
                      {
                        "Node Type": "Hash",
                        "Parent Relationship": "Inner",
                        "Parallel Aware": true,
                        "Startup Cost": 50870.31,
                        "Total Cost": 50870.31,
                        "Plan Rows": 1487231,
                        "Plan Width": 4,
                        "Actual Startup Time": 500.957,
                        "Actual Total Time": 500.957,
                        "Actual Rows": 1264156,
                        "Actual Loops": 2,
                        "Hash Buckets": 4194304,
                        "Original Hash Buckets": 4194304,
                        "Hash Batches": 1,
                        "Original Hash Batches": 1,
                        "Peak Memory Usage": 131712,
                        "Plans": [
                          {
                            "Node Type": "Seq Scan",
                            "Parent Relationship": "Outer",
                            "Parallel Aware": true,
                            "Relation Name": "title",
                            "Alias": "t",
                            "Startup Cost": 0.0,
                            "Total Cost": 50870.31,
                            "Plan Rows": 1487231,
                            "Plan Width": 4,
                            "Actual Startup Time": 0.02,
                            "Actual Total Time": 140.606,
                            "Actual Rows": 1264156,
                            "Actual Loops": 2
                          }
                        ]
                      }
                    ]
                  },
                  {
                    "Node Type": "Hash",
                    "Parent Relationship": "Inner",
                    "Parallel Aware": true,
                    "Startup Cost": 41574.35,
                    "Total Cost": 41574.35,
                    "Plan Rows": 526395,
                    "Plan Width": 4,
                    "Actual Startup Time": 194.919,
                    "Actual Total Time": 194.92,
                    "Actual Rows": 362446,
                    "Actual Loops": 2,
                    "Hash Buckets": 1048576,
                    "Original Hash Buckets": 1048576,
                    "Hash Batches": 1,
                    "Original Hash Batches": 1,
                    "Peak Memory Usage": 36576,
                    "Plans": [
                      {
                        "Node Type": "Index Scan",
                        "Parent Relationship": "Outer",
                        "Parallel Aware": true,
                        "Scan Direction": "Forward",
                        "Index Name": "company_type_id_movie_companies",
                        "Relation Name": "movie_companies",
                        "Alias": "mc",
                        "Startup Cost": 0.43,
                        "Total Cost": 41574.35,
                        "Plan Rows": 526395,
                        "Plan Width": 4,
                        "Actual Startup Time": 3.96,
                        "Actual Total Time": 117.879,
                        "Actual Rows": 362446,
                        "Actual Loops": 2,
                        "Index Cond": "(company_type_id < 2)",
                        "Rows Removed by Index Recheck": 0,
                        "Filter": "(company_id > 1684)",
                        "Rows Removed by Filter": 274677
                      }
                    ]
                  }
                ]
              }
            ]
          }
        ]
      }
    ]
  },
  "Planning Time": 0.716,
  "Triggers": [],
  "Execution Time": 6907.692
}