[
  {
    "Plan": {
      "Node Type": "Aggregate",
      "Strategy": "Plain",
      "Partial Mode": "Finalize",
      "Parallel Aware": false,
      "Startup Cost": 33072.08,
      "Total Cost": 33072.09,
      "Plan Rows": 1,
      "Plan Width": 8,
      "Actual Startup Time": 32.7,
      "Actual Total Time": 36.328,
      "Actual Rows": 1,
      "Actual Loops": 1,
      "Plans": [
        {
          "Node Type": "Gather",
          "Parent Relationship": "Outer",
          "Parallel Aware": false,
          "Startup Cost": 33071.86,
          "Total Cost": 33072.07,
          "Plan Rows": 2,
          "Plan Width": 8,
          "Actual Startup Time": 31.889,
          "Actual Total Time": 36.318,
          "Actual Rows": 3,
          "Actual Loops": 1,
          "Workers Planned": 2,
          "Workers Launched": 2,
          "Single Copy": false,
          "Plans": [
            {
              "Node Type": "Aggregate",
              "Strategy": "Plain",
              "Partial Mode": "Partial",
              "Parent Relationship": "Outer",
              "Parallel Aware": false,
              "Startup Cost": 32071.86,
              "Total Cost": 32071.87,
              "Plan Rows": 1,
              "Plan Width": 8,
              "Actual Startup Time": 23.843,
              "Actual Total Time": 23.845,
              "Actual Rows": 1,
              "Actual Loops": 3,
              "Plans": [
                {
                  "Node Type": "Nested Loop",
                  "Parent Relationship": "Outer",
                  "Parallel Aware": false,
                  "Join Type": "Inner",
                  "Startup Cost": 148.9,
                  "Total Cost": 32070.61,
                  "Plan Rows": 500,
                  "Plan Width": 0,
                  "Actual Startup Time": 1.344,
                  "Actual Total Time": 23.526,
                  "Actual Rows": 956,
                  "Actual Loops": 3,
                  "Inner Unique": true,
                  "Join Filter": "(mc.movie_id = t.id)",
                  "Rows Removed by Join Filter": 0,
                  "Plans": [
                    {
                      "Node Type": "Nested Loop",
                      "Parent Relationship": "Outer",
                      "Parallel Aware": false,
                      "Join Type": "Inner",
                      "Startup Cost": 148.47,
                      "Total Cost": 29944.45,
                      "Plan Rows": 2486,
                      "Plan Width": 8,
                      "Actual Startup Time": 1.147,
                      "Actual Total Time": 14.308,
                      "Actual Rows": 956,
                      "Actual Loops": 3,
                      "Inner Unique": false,
                      "Plans": [
                        {
                          "Node Type": "Bitmap Heap Scan",
                          "Parent Relationship": "Outer",
                          "Parallel Aware": true,
                          "Relation Name": "movie_companies",
                          "Alias": "mc",
                          "Startup Cost": 148.04,
                          "Total Cost": 13500.39,
                          "Plan Rows": 2775,
                          "Plan Width": 4,
                          "Actual Startup Time": 0.964,
                          "Actual Total Time": 2.53,
                          "Actual Rows": 2044,
                          "Actual Loops": 3,
                          "Recheck Cond": "(company_id > 229072)",
                          "Rows Removed by Index Recheck": 0,
                          "Exact Heap Blocks": 178,
                          "Lossy Heap Blocks": 0,
                          "Plans": [
                            {
                              "Node Type": "Bitmap Index Scan",
                              "Parent Relationship": "Outer",
                              "Parallel Aware": false,
                              "Index Name": "company_id_movie_companies",
                              "Startup Cost": 0.0,
                              "Total Cost": 146.38,
                              "Plan Rows": 6660,
                              "Plan Width": 0,
                              "Actual Startup Time": 2.435,
                              "Actual Total Time": 2.436,
                              "Actual Rows": 6132,
                              "Actual Loops": 1,
                              "Index Cond": "(company_id > 229072)"
                            }
                          ]
                        },
                        {
                          "Node Type": "Index Scan",
                          "Parent Relationship": "Inner",
                          "Parallel Aware": false,
                          "Scan Direction": "Forward",
                          "Index Name": "movie_id_movie_info_idx",
                          "Relation Name": "movie_info_idx",
                          "Alias": "mi_idx",
                          "Startup Cost": 0.43,
                          "Total Cost": 5.92,
                          "Plan Rows": 1,
                          "Plan Width": 4,
                          "Actual Startup Time": 0.005,
                          "Actual Total Time": 0.005,
                          "Actual Rows": 0,
                          "Actual Loops": 6132,
                          "Index Cond": "(movie_id = mc.movie_id)",
                          "Rows Removed by Index Recheck": 0,
                          "Filter": "(info_type_id = 99)",
                          "Rows Removed by Filter": 1
                        }
                      ]
                    },
                    {
                      "Node Type": "Index Only Scan",
                      "Parent Relationship": "Inner",
                      "Parallel Aware": false,
                      "Scan Direction": "Forward",
                      "Index Name": "title_pkey",
                      "Relation Name": "title",
                      "Alias": "t",
                      "Startup Cost": 0.43,
                      "Total Cost": 0.84,
                      "Plan Rows": 1,
                      "Plan Width": 4,
                      "Actual Startup Time": 0.009,
                      "Actual Total Time": 0.009,
                      "Actual Rows": 1,
                      "Actual Loops": 2868,
                      "Index Cond": "(id = mi_idx.movie_id)",
                      "Rows Removed by Index Recheck": 0,
                      "Heap Fetches": 2868
                    }
                  ]
                }
              ]
            }
          ]
        }
      ]
    },
    "Planning Time": 1.444,
    "Triggers": [],
    "Execution Time": 36.439
  }
]