{
    "Plan": {
        "Node Type": "Aggregate",
        "Strategy": "Plain",
        "Partial Mode": "Finalize",
        "Parallel Aware": false,
        "Startup Cost": 110290.65,
        "Total Cost": 110290.66,
        "Plan Rows": 1,
        "Plan Width": 8,
        "Actual Startup Time": 475.887,
        "Actual Total Time": 499.212,
        "Actual Rows": 1,
        "Actual Loops": 1,
        "Output": [
            "count(*)"
        ],
        "Plans": [
            {
                "Node Type": "Gather",
                "Parent Relationship": "Outer",
                "Parallel Aware": false,
                "Startup Cost": 110290.34,
                "Total Cost": 110290.65,
                "Plan Rows": 3,
                "Plan Width": 8,
                "Actual Startup Time": 472.208,
                "Actual Total Time": 499.201,
                "Actual Rows": 4,
                "Actual Loops": 1,
                "Output": [
                    "(PARTIAL count(*))"
                ],
                "Workers Planned": 3,
                "Workers Launched": 3,
                "Single Copy": false,
                "Plans": [
                    {
                        "Node Type": "Aggregate",
                        "Strategy": "Plain",
                        "Partial Mode": "Partial",
                        "Parent Relationship": "Outer",
                        "Parallel Aware": false,
                        "Startup Cost": 109290.34,
                        "Total Cost": 109290.35,
                        "Plan Rows": 1,
                        "Plan Width": 8,
                        "Actual Startup Time": 459.864,
                        "Actual Total Time": 459.982,
                        "Actual Rows": 1,
                        "Actual Loops": 4,
                        "Output": [
                            "PARTIAL count(*)"
                        ],
                        "Workers": [
                            {
                                "Worker Number": 0,
                                "Actual Startup Time": 456.185,
                                "Actual Total Time": 456.191,
                                "Actual Rows": 1,
                                "Actual Loops": 1
                            },
                            {
                                "Worker Number": 1,
                                "Actual Startup Time": 456.011,
                                "Actual Total Time": 456.016,
                                "Actual Rows": 1,
                                "Actual Loops": 1
                            },
                            {
                                "Worker Number": 2,
                                "Actual Startup Time": 455.844,
                                "Actual Total Time": 455.851,
                                "Actual Rows": 1,
                                "Actual Loops": 1
                            }
                        ],
                        "Plans": [
                            {
                                "Node Type": "Hash Join",
                                "Parent Relationship": "Outer",
                                "Parallel Aware": true,
                                "Join Type": "Inner",
                                "Startup Cost": 64231.33,
                                "Total Cost": 109088.14,
                                "Plan Rows": 80878,
                                "Plan Width": 0,
                                "Actual Startup Time": 258.377,
                                "Actual Total Time": 458.046,
                                "Actual Rows": 45084,
                                "Actual Loops": 4,
                                "Inner Unique": false,
                                "Hash Cond": "(mk.movie_id = t.id)",
                                "Workers": [
                                    {
                                        "Worker Number": 0,
                                        "Actual Startup Time": 254.557,
                                        "Actual Total Time": 454.164,
                                        "Actual Rows": 32006,
                                        "Actual Loops": 1
                                    },
                                    {
                                        "Worker Number": 1,
                                        "Actual Startup Time": 254.539,
                                        "Actual Total Time": 454.133,
                                        "Actual Rows": 48347,
                                        "Actual Loops": 1
                                    },
                                    {
                                        "Worker Number": 2,
                                        "Actual Startup Time": 254.397,
                                        "Actual Total Time": 454.104,
                                        "Actual Rows": 44573,
                                        "Actual Loops": 1
                                    }
                                ],
                                "Plans": [
                                    {
                                        "Node Type": "Seq Scan",
                                        "Parent Relationship": "Outer",
                                        "Parallel Aware": true,
                                        "Relation Name": "movie_keyword",
                                        "Schema": "public",
                                        "Alias": "mk",
                                        "Startup Cost": 0.0,
                                        "Total Cost": 39047.32,
                                        "Plan Rows": 1459332,
                                        "Plan Width": 4,
                                        "Actual Startup Time": 0.02,
                                        "Actual Total Time": 105.975,
                                        "Actual Rows": 1130982,
                                        "Actual Loops": 4,
                                        "Output": [
                                            "mk.id",
                                            "mk.movie_id",
                                            "mk.keyword_id"
                                        ],
                                        "Workers": [
                                            {
                                                "Worker Number": 0,
                                                "Actual Startup Time": 0.034,
                                                "Actual Total Time": 108.193,
                                                "Actual Rows": 780145,
                                                "Actual Loops": 1
                                            },
                                            {
                                                "Worker Number": 1,
                                                "Actual Startup Time": 0.012,
                                                "Actual Total Time": 110.11,
                                                "Actual Rows": 1179500,
                                                "Actual Loops": 1
                                            },
                                            {
                                                "Worker Number": 2,
                                                "Actual Startup Time": 0.023,
                                                "Actual Total Time": 111.563,
                                                "Actual Rows": 1132385,
                                                "Actual Loops": 1
                                            }
                                        ]
                                    },
                                    {
                                        "Node Type": "Hash",
                                        "Parent Relationship": "Inner",
                                        "Parallel Aware": true,
                                        "Startup Cost": 63501.52,
                                        "Total Cost": 63501.52,
                                        "Plan Rows": 58385,
                                        "Plan Width": 8,
                                        "Actual Startup Time": 255.734,
                                        "Actual Total Time": 255.85,
                                        "Actual Rows": 19717,
                                        "Actual Loops": 4,
                                        "Output": [
                                            "t.id",
                                            "mi_idx.movie_id"
                                        ],
                                        "Hash Buckets": 262144,
                                        "Original Hash Buckets": 262144,
                                        "Hash Batches": 1,
                                        "Original Hash Batches": 1,
                                        "Peak Memory Usage": 5184,
                                        "Workers": [
                                            {
                                                "Worker Number": 0,
                                                "Actual Startup Time": 253.672,
                                                "Actual Total Time": 253.676,
                                                "Actual Rows": 15351,
                                                "Actual Loops": 1
                                            },
                                            {
                                                "Worker Number": 1,
                                                "Actual Startup Time": 253.92,
                                                "Actual Total Time": 253.923,
                                                "Actual Rows": 21696,
                                                "Actual Loops": 1
                                            },
                                            {
                                                "Worker Number": 2,
                                                "Actual Startup Time": 253.701,
                                                "Actual Total Time": 253.706,
                                                "Actual Rows": 18977,
                                                "Actual Loops": 1
                                            }
                                        ],
                                        "Plans": [
                                            {
                                                "Node Type": "Hash Join",
                                                "Parent Relationship": "Outer",
                                                "Parallel Aware": true,
                                                "Join Type": "Inner",
                                                "Startup Cost": 47872.98,
                                                "Total Cost": 63501.52,
                                                "Plan Rows": 58385,
                                                "Plan Width": 8,
                                                "Actual Startup Time": 178.845,
                                                "Actual Total Time": 249.432,
                                                "Actual Rows": 19717,
                                                "Actual Loops": 4,
                                                "Output": [
                                                    "t.id",
                                                    "mi_idx.movie_id"
                                                ],
                                                "Inner Unique": true,
                                                "Hash Cond": "(mi_idx.movie_id = t.id)",
                                                "Workers": [
                                                    {
                                                        "Worker Number": 0,
                                                        "Actual Startup Time": 177.067,
                                                        "Actual Total Time": 247.791,
                                                        "Actual Rows": 15351,
                                                        "Actual Loops": 1
                                                    },
                                                    {
                                                        "Worker Number": 1,
                                                        "Actual Startup Time": 176.964,
                                                        "Actual Total Time": 247.447,
                                                        "Actual Rows": 21696,
                                                        "Actual Loops": 1
                                                    },
                                                    {
                                                        "Worker Number": 2,
                                                        "Actual Startup Time": 176.662,
                                                        "Actual Total Time": 246.822,
                                                        "Actual Rows": 18977,
                                                        "Actual Loops": 1
                                                    }
                                                ],
                                                "Plans": [
                                                    {
                                                        "Node Type": "Seq Scan",
                                                        "Parent Relationship": "Outer",
                                                        "Parallel Aware": true,
                                                        "Relation Name": "movie_info_idx",
                                                        "Schema": "public",
                                                        "Alias": "mi_idx",
                                                        "Startup Cost": 0.0,
                                                        "Total Cost": 15122.68,
                                                        "Plan Rows": 192707,
                                                        "Plan Width": 4,
                                                        "Actual Startup Time": 0.014,
                                                        "Actual Total Time": 31.828,
                                                        "Actual Rows": 114981,
                                                        "Actual Loops": 4,
                                                        "Output": [
                                                            "mi_idx.id",
                                                            "mi_idx.movie_id",
                                                            "mi_idx.info_type_id",
                                                            "mi_idx.info",
                                                            "mi_idx.note"
                                                        ],
                                                        "Filter": "(mi_idx.info_type_id = 100)",
                                                        "Rows Removed by Filter": 230028,
                                                        "Workers": [
                                                            {
                                                                "Worker Number": 0,
                                                                "Actual Startup Time": 0.016,
                                                                "Actual Total Time": 35.08,
                                                                "Actual Rows": 87829,
                                                                "Actual Loops": 1
                                                            },
                                                            {
                                                                "Worker Number": 1,
                                                                "Actual Startup Time": 0.019,
                                                                "Actual Total Time": 31.911,
                                                                "Actual Rows": 125637,
                                                                "Actual Loops": 1
                                                            },
                                                            {
                                                                "Worker Number": 2,
                                                                "Actual Startup Time": 0.011,
                                                                "Actual Total Time": 30.617,
                                                                "Actual Rows": 108822,
                                                                "Actual Loops": 1
                                                            }
                                                        ]
                                                    },
                                                    {
                                                        "Node Type": "Hash",
                                                        "Parent Relationship": "Inner",
                                                        "Parallel Aware": true,
                                                        "Startup Cost": 45479.21,
                                                        "Total Cost": 45479.21,
                                                        "Plan Rows": 191502,
                                                        "Plan Width": 4,
                                                        "Actual Startup Time": 175.171,
                                                        "Actual Total Time": 175.172,
                                                        "Actual Rows": 170570,
                                                        "Actual Loops": 4,
                                                        "Output": [
                                                            "t.id"
                                                        ],
                                                        "Hash Buckets": 1048576,
                                                        "Original Hash Buckets": 1048576,
                                                        "Hash Batches": 1,
                                                        "Original Hash Batches": 1,
                                                        "Peak Memory Usage": 34976,
                                                        "Workers": [
                                                            {
                                                                "Worker Number": 0,
                                                                "Actual Startup Time": 176.599,
                                                                "Actual Total Time": 176.6,
                                                                "Actual Rows": 122734,
                                                                "Actual Loops": 1
                                                            },
                                                            {
                                                                "Worker Number": 1,
                                                                "Actual Startup Time": 176.796,
                                                                "Actual Total Time": 176.796,
                                                                "Actual Rows": 169395,
                                                                "Actual Loops": 1
                                                            },
                                                            {
                                                                "Worker Number": 2,
                                                                "Actual Startup Time": 176.579,
                                                                "Actual Total Time": 176.58,
                                                                "Actual Rows": 151528,
                                                                "Actual Loops": 1
                                                            }
                                                        ],
                                                        "Plans": [
                                                            {
                                                                "Node Type": "Seq Scan",
                                                                "Parent Relationship": "Outer",
                                                                "Parallel Aware": true,
                                                                "Relation Name": "title",
                                                                "Schema": "public",
                                                                "Alias": "t",
                                                                "Startup Cost": 0.0,
                                                                "Total Cost": 45479.21,
                                                                "Plan Rows": 191502,
                                                                "Plan Width": 4,
                                                                "Actual Startup Time": 0.063,
                                                                "Actual Total Time": 107.818,
                                                                "Actual Rows": 170570,
                                                                "Actual Loops": 4,
                                                                "Output": [
                                                                    "t.id"
                                                                ],
                                                                "Filter": "((t.production_year < 2004) AND (t.kind_id = 7))",
                                                                "Rows Removed by Filter": 461508,
                                                                "Workers": [
                                                                    {
                                                                        "Worker Number": 0,
                                                                        "Actual Startup Time": 0.102,
                                                                        "Actual Total Time": 112.071,
                                                                        "Actual Rows": 122734,
                                                                        "Actual Loops": 1
                                                                    },
                                                                    {
                                                                        "Worker Number": 1,
                                                                        "Actual Startup Time": 0.065,
                                                                        "Actual Total Time": 110.172,
                                                                        "Actual Rows": 169395,
                                                                        "Actual Loops": 1
                                                                    },
                                                                    {
                                                                        "Worker Number": 2,
                                                                        "Actual Startup Time": 0.066,
                                                                        "Actual Total Time": 108.016,
                                                                        "Actual Rows": 151528,
                                                                        "Actual Loops": 1
                                                                    }
                                                                ]
                                                            }
                                                        ]
                                                    }
                                                ]
                                            }
                                        ]
                                    }
                                ]
                            }
                        ]
                    }
                ]
            }
        ]
    },
    "Planning Time": 1.528,
    "Triggers": [],
    "Execution Time": 499.299
}