[
  {
    "Plan": {
      "Node Type": "Aggregate",
      "Strategy": "Plain",
      "Partial Mode": "Finalize",
      "Parallel Aware": false,
      "Startup Cost": 46062.73,
      "Total Cost": 46062.74,
      "Plan Rows": 1,
      "Plan Width": 8,
      "Actual Startup Time": 149.307,
      "Actual Total Time": 156.457,
      "Actual Rows": 1,
      "Actual Loops": 1,
      "Plans": [
        {
          "Node Type": "Gather",
          "Parent Relationship": "Outer",
          "Parallel Aware": false,
          "Startup Cost": 46062.41,
          "Total Cost": 46062.72,
          "Plan Rows": 3,
          "Plan Width": 8,
          "Actual Startup Time": 149.208,
          "Actual Total Time": 156.448,
          "Actual Rows": 4,
          "Actual Loops": 1,
          "Workers Planned": 3,
          "Workers Launched": 3,
          "Single Copy": false,
          "Plans": [
            {
              "Node Type": "Aggregate",
              "Strategy": "Plain",
              "Partial Mode": "Partial",
              "Parent Relationship": "Outer",
              "Parallel Aware": false,
              "Startup Cost": 45062.41,
              "Total Cost": 45062.42,
              "Plan Rows": 1,
              "Plan Width": 8,
              "Actual Startup Time": 143.777,
              "Actual Total Time": 143.778,
              "Actual Rows": 1,
              "Actual Loops": 4,
              "Plans": [
                {
                  "Node Type": "Seq Scan",
                  "Parent Relationship": "Outer",
                  "Parallel Aware": true,
                  "Relation Name": "movie_keyword",
                  "Alias": "mk",
                  "Startup Cost": 0.0,
                  "Total Cost": 42695.65,
                  "Plan Rows": 946703,
                  "Plan Width": 0,
                  "Actual Startup Time": 0.043,
                  "Actual Total Time": 110.957,
                  "Actual Rows": 735141,
                  "Actual Loops": 4,
                  "Filter": "(keyword_id < 9837)",
                  "Rows Removed by Filter": 395842
                }
              ]
            }
          ]
        }
      ]
    },
    "Planning Time": 0.191,
    "Triggers": [],
    "Execution Time": 156.515
  }
]