[
  {
    "Plan": {
      "Node Type": "Aggregate",
      "Strategy": "Plain",
      "Partial Mode": "Finalize",
      "Parallel Aware": false,
      "Startup Cost": 399425.9,
      "Total Cost": 399425.91,
      "Plan Rows": 1,
      "Plan Width": 8,
      "Actual Startup Time": 1069.239,
      "Actual Total Time": 1132.407,
      "Actual Rows": 1,
      "Actual Loops": 1,
      "Plans": [
        {
          "Node Type": "Gather",
          "Parent Relationship": "Outer",
          "Parallel Aware": false,
          "Startup Cost": 399425.27,
          "Total Cost": 399425.88,
          "Plan Rows": 6,
          "Plan Width": 8,
          "Actual Startup Time": 1066.62,
          "Actual Total Time": 1132.396,
          "Actual Rows": 7,
          "Actual Loops": 1,
          "Workers Planned": 6,
          "Workers Launched": 6,
          "Single Copy": false,
          "Plans": [
            {
              "Node Type": "Aggregate",
              "Strategy": "Plain",
              "Partial Mode": "Partial",
              "Parent Relationship": "Outer",
              "Parallel Aware": false,
              "Startup Cost": 398425.27,
              "Total Cost": 398425.28,
              "Plan Rows": 1,
              "Plan Width": 8,
              "Actual Startup Time": 1056.124,
              "Actual Total Time": 1056.127,
              "Actual Rows": 1,
              "Actual Loops": 7,
              "Plans": [
                {
                  "Node Type": "Hash Join",
                  "Parent Relationship": "Outer",
                  "Parallel Aware": true,
                  "Join Type": "Inner",
                  "Startup Cost": 47012.12,
                  "Total Cost": 397153.16,
                  "Plan Rows": 508844,
                  "Plan Width": 0,
                  "Actual Startup Time": 313.906,
                  "Actual Total Time": 1045.931,
                  "Actual Rows": 220700,
                  "Actual Loops": 7,
                  "Inner Unique": true,
                  "Hash Cond": "(ci.movie_id = t.id)",
                  "Plans": [
                    {
                      "Node Type": "Seq Scan",
                      "Parent Relationship": "Outer",
                      "Parallel Aware": true,
                      "Relation Name": "cast_info",
                      "Alias": "ci",
                      "Startup Cost": 0.0,
                      "Total Cost": 343257.03,
                      "Plan Rows": 2622476,
                      "Plan Width": 4,
                      "Actual Startup Time": 209.87,
                      "Actual Total Time": 644.551,
                      "Actual Rows": 1625571,
                      "Actual Loops": 7,
                      "Filter": "((person_id < 2466999) AND (role_id > 1))",
                      "Rows Removed by Filter": 3552192
                    },
                    {
                      "Node Type": "Hash",
                      "Parent Relationship": "Inner",
                      "Parallel Aware": true,
                      "Startup Cost": 45479.1,
                      "Total Cost": 45479.1,
                      "Plan Rows": 122642,
                      "Plan Width": 4,
                      "Actual Startup Time": 101.205,
                      "Actual Total Time": 101.206,
                      "Actual Rows": 54192,
                      "Actual Loops": 7,
                      "Hash Buckets": 524288,
                      "Original Hash Buckets": 524288,
                      "Hash Batches": 1,
                      "Original Hash Batches": 1,
                      "Peak Memory Usage": 19072,
                      "Plans": [
                        {
                          "Node Type": "Seq Scan",
                          "Parent Relationship": "Outer",
                          "Parallel Aware": true,
                          "Relation Name": "title",
                          "Alias": "t",
                          "Startup Cost": 0.0,
                          "Total Cost": 45479.1,
                          "Plan Rows": 122642,
                          "Plan Width": 4,
                          "Actual Startup Time": 0.044,
                          "Actual Total Time": 76.336,
                          "Actual Rows": 54192,
                          "Actual Loops": 7,
                          "Filter": "((production_year < 1995) AND (kind_id = 7))",
                          "Rows Removed by Filter": 306995
                        }
                      ]
                    }
                  ]
                }
              ]
            }
          ]
        }
      ]
    },
    "Planning Time": 0.667,
    "Triggers": [],
    "Execution Time": 1132.498
  }
]