{
  "Plan": {
    "Node Type": "Aggregate",
    "Strategy": "Plain",
    "Partial Mode": "Finalize",
    "Parallel Aware": false,
    "Startup Cost": 93111.78,
    "Total Cost": 93111.79,
    "Plan Rows": 1,
    "Plan Width": 8,
    "Actual Startup Time": 417.583,
    "Actual Total Time": 466.407,
    "Actual Rows": 1,
    "Actual Loops": 1,
    "Plans": [
      {
        "Node Type": "Gather",
        "Parent Relationship": "Outer",
        "Parallel Aware": false,
        "Startup Cost": 93111.67,
        "Total Cost": 93111.78,
        "Plan Rows": 1,
        "Plan Width": 8,
        "Actual Startup Time": 417.315,
        "Actual Total Time": 466.399,
        "Actual Rows": 2,
        "Actual Loops": 1,
        "Workers Planned": 1,
        "Workers Launched": 1,
        "Single Copy": false,
        "Plans": [
          {
            "Node Type": "Aggregate",
            "Strategy": "Plain",
            "Partial Mode": "Partial",
            "Parent Relationship": "Outer",
            "Parallel Aware": false,
            "Startup Cost": 92111.67,
            "Total Cost": 92111.68,
            "Plan Rows": 1,
            "Plan Width": 8,
            "Actual Startup Time": 411.253,
            "Actual Total Time": 411.257,
            "Actual Rows": 1,
            "Actual Loops": 2,
            "Plans": [
              {
                "Node Type": "Nested Loop",
                "Parent Relationship": "Outer",
                "Parallel Aware": false,
                "Join Type": "Inner",
                "Startup Cost": 53961.95,
                "Total Cost": 92075.29,
                "Plan Rows": 14552,
                "Plan Width": 0,
                "Actual Startup Time": 118.77,
                "Actual Total Time": 409.196,
                "Actual Rows": 32768,
                "Actual Loops": 2,
                "Inner Unique": false,
                "Join Filter": "(t.id = ci.movie_id)",
                "Rows Removed by Join Filter": 0,
                "Plans": [
                  {
                    "Node Type": "Hash Join",
                    "Parent Relationship": "Outer",
                    "Parallel Aware": true,
                    "Join Type": "Inner",
                    "Startup Cost": 53961.39,
                    "Total Cost": 72760.84,
                    "Plan Rows": 4097,
                    "Plan Width": 8,
                    "Actual Startup Time": 118.707,
                    "Actual Total Time": 164.805,
                    "Actual Rows": 4420,
                    "Actual Loops": 2,
                    "Inner Unique": true,
                    "Hash Cond": "(mi_idx.movie_id = t.id)",
                    "Plans": [
                      {
                        "Node Type": "Seq Scan",
                        "Parent Relationship": "Outer",
                        "Parallel Aware": true,
                        "Relation Name": "movie_info_idx",
                        "Alias": "mi_idx",
                        "Startup Cost": 0.0,
                        "Total Cost": 18082.32,
                        "Plan Rows": 273193,
                        "Plan Width": 4,
                        "Actual Startup Time": 0.019,
                        "Actual Total Time": 47.634,
                        "Actual Rows": 229962,
                        "Actual Loops": 2,
                        "Filter": "(info_type_id = 100)",
                        "Rows Removed by Filter": 460055
                      },
                      {
                        "Node Type": "Hash",
                        "Parent Relationship": "Inner",
                        "Parallel Aware": true,
                        "Startup Cost": 53682.59,
                        "Total Cost": 53682.59,
                        "Plan Rows": 22304,
                        "Plan Width": 4,
                        "Actual Startup Time": 89.918,
                        "Actual Total Time": 89.919,
                        "Actual Rows": 16595,
                        "Actual Loops": 2,
                        "Hash Buckets": 65536,
                        "Original Hash Buckets": 65536,
                        "Hash Batches": 1,
                        "Original Hash Batches": 1,
                        "Peak Memory Usage": 1824,
                        "Plans": [
                          {
                            "Node Type": "Bitmap Heap Scan",
                            "Parent Relationship": "Outer",
                            "Parallel Aware": true,
                            "Relation Name": "title",
                            "Alias": "t",
                            "Startup Cost": 11832.33,
                            "Total Cost": 53682.59,
                            "Plan Rows": 22304,
                            "Plan Width": 4,
                            "Actual Startup Time": 30.744,
                            "Actual Total Time": 85.423,
                            "Actual Rows": 16595,
                            "Actual Loops": 2,
                            "Recheck Cond": "(kind_id = 1)",
                            "Rows Removed by Index Recheck": 0,
                            "Filter": "(production_year = 2010)",
                            "Rows Removed by Filter": 314818,
                            "Exact Heap Blocks": 9348,
                            "Lossy Heap Blocks": 0,
                            "Plans": [
                              {
                                "Node Type": "Bitmap Index Scan",
                                "Parent Relationship": "Outer",
                                "Parallel Aware": false,
                                "Index Name": "kind_id_title",
                                "Startup Cost": 0.0,
                                "Total Cost": 11822.85,
                                "Plan Rows": 663256,
                                "Plan Width": 0,
                                "Actual Startup Time": 33.496,
                                "Actual Total Time": 33.497,
                                "Actual Rows": 662825,
                                "Actual Loops": 1,
                                "Index Cond": "(kind_id = 1)"
                              }
                            ]
                          }
                        ]
                      }
                    ]
                  },
                  {
                    "Node Type": "Index Scan",
                    "Parent Relationship": "Inner",
                    "Parallel Aware": false,
                    "Scan Direction": "Forward",
                    "Index Name": "movie_id_cast_info",
                    "Relation Name": "cast_info",
                    "Alias": "ci",
                    "Startup Cost": 0.56,
                    "Total Cost": 4.6,
                    "Plan Rows": 9,
                    "Plan Width": 4,
                    "Actual Startup Time": 0.01,
                    "Actual Total Time": 0.054,
                    "Actual Rows": 7,
                    "Actual Loops": 8841,
                    "Index Cond": "(movie_id = mi_idx.movie_id)",
                    "Rows Removed by Index Recheck": 0,
                    "Filter": "(person_id < 897324)",
                    "Rows Removed by Filter": 23
                  }
                ]
              }
            ]
          }
        ]
      }
    ]
  },
  "Planning Time": 0.74,
  "Triggers": [],
  "Execution Time": 466.511
}