[
  {
    "Plan": {
      "Node Type": "Aggregate",
      "Strategy": "Plain",
      "Partial Mode": "Simple",
      "Parallel Aware": false,
      "Startup Cost": 26319.03,
      "Total Cost": 26319.04,
      "Plan Rows": 1,
      "Plan Width": 8,
      "Actual Startup Time": 15.904,
      "Actual Total Time": 15.905,
      "Actual Rows": 1,
      "Actual Loops": 1,
      "Plans": [
        {
          "Node Type": "Bitmap Heap Scan",
          "Parent Relationship": "Outer",
          "Parallel Aware": false,
          "Relation Name": "movie_keyword",
          "Alias": "mk",
          "Startup Cost": 540.94,
          "Total Cost": 26255.64,
          "Plan Rows": 25356,
          "Plan Width": 0,
          "Actual Startup Time": 3.274,
          "Actual Total Time": 14.67,
          "Actual Rows": 24620,
          "Actual Loops": 1,
          "Recheck Cond": "(keyword_id > 113996)",
          "Rows Removed by Index Recheck": 0,
          "Exact Heap Blocks": 7262,
          "Lossy Heap Blocks": 0,
          "Plans": [
            {
              "Node Type": "Bitmap Index Scan",
              "Parent Relationship": "Outer",
              "Parallel Aware": false,
              "Index Name": "keyword_id_movie_keyword",
              "Startup Cost": 0.0,
              "Total Cost": 534.6,
              "Plan Rows": 25356,
              "Plan Width": 0,
              "Actual Startup Time": 2.154,
              "Actual Total Time": 2.154,
              "Actual Rows": 24620,
              "Actual Loops": 1,
              "Index Cond": "(keyword_id > 113996)"
            }
          ]
        }
      ]
    },
    "Planning Time": 0.117,
    "Triggers": [],
    "Execution Time": 15.929
  }
]