[
  {
    "Plan": {
      "Node Type": "Aggregate",
      "Strategy": "Plain",
      "Partial Mode": "Simple",
      "Parallel Aware": false,
      "Startup Cost": 26425.01,
      "Total Cost": 26425.02,
      "Plan Rows": 1,
      "Plan Width": 8,
      "Actual Startup Time": 32.753,
      "Actual Total Time": 32.754,
      "Actual Rows": 1,
      "Actual Loops": 1,
      "Plans": [
        {
          "Node Type": "Bitmap Heap Scan",
          "Parent Relationship": "Outer",
          "Parallel Aware": false,
          "Relation Name": "movie_keyword",
          "Alias": "mk",
          "Startup Cost": 554.51,
          "Total Cost": 26359.82,
          "Plan Rows": 26074,
          "Plan Width": 0,
          "Actual Startup Time": 9.124,
          "Actual Total Time": 30.191,
          "Actual Rows": 24620,
          "Actual Loops": 1,
          "Recheck Cond": "(keyword_id > 113996)",
          "Rows Removed by Index Recheck": 0,
          "Exact Heap Blocks": 7262,
          "Lossy Heap Blocks": 0,
          "Plans": [
            {
              "Node Type": "Bitmap Index Scan",
              "Parent Relationship": "Outer",
              "Parallel Aware": false,
              "Index Name": "keyword_id_movie_keyword",
              "Startup Cost": 0.0,
              "Total Cost": 547.99,
              "Plan Rows": 26074,
              "Plan Width": 0,
              "Actual Startup Time": 5.558,
              "Actual Total Time": 5.558,
              "Actual Rows": 24620,
              "Actual Loops": 1,
              "Index Cond": "(keyword_id > 113996)"
            }
          ]
        }
      ]
    },
    "Planning Time": 0.215,
    "Triggers": [],
    "Execution Time": 32.803
  }
]