{
  "Plan": {
    "Node Type": "Aggregate",
    "Strategy": "Plain",
    "Partial Mode": "Finalize",
    "Parallel Aware": false,
    "Startup Cost": 76965.21,
    "Total Cost": 76965.22,
    "Plan Rows": 1,
    "Plan Width": 8,
    "Actual Startup Time": 315.277,
    "Actual Total Time": 351.02,
    "Actual Rows": 1,
    "Actual Loops": 1,
    "Plans": [
      {
        "Node Type": "Gather",
        "Parent Relationship": "Outer",
        "Parallel Aware": false,
        "Startup Cost": 76965.1,
        "Total Cost": 76965.21,
        "Plan Rows": 1,
        "Plan Width": 8,
        "Actual Startup Time": 314.827,
        "Actual Total Time": 351.009,
        "Actual Rows": 2,
        "Actual Loops": 1,
        "Workers Planned": 1,
        "Workers Launched": 1,
        "Single Copy": false,
        "Plans": [
          {
            "Node Type": "Aggregate",
            "Strategy": "Plain",
            "Partial Mode": "Partial",
            "Parent Relationship": "Outer",
            "Parallel Aware": false,
            "Startup Cost": 75965.1,
            "Total Cost": 75965.11,
            "Plan Rows": 1,
            "Plan Width": 8,
            "Actual Startup Time": 308.297,
            "Actual Total Time": 308.301,
            "Actual Rows": 1,
            "Actual Loops": 2,
            "Plans": [
              {
                "Node Type": "Nested Loop",
                "Parent Relationship": "Outer",
                "Parallel Aware": false,
                "Join Type": "Inner",
                "Startup Cost": 53710.32,
                "Total Cost": 75940.76,
                "Plan Rows": 9735,
                "Plan Width": 0,
                "Actual Startup Time": 134.022,
                "Actual Total Time": 306.224,
                "Actual Rows": 39413,
                "Actual Loops": 2,
                "Inner Unique": false,
                "Join Filter": "(t.id = ci.movie_id)",
                "Rows Removed by Join Filter": 0,
                "Plans": [
                  {
                    "Node Type": "Hash Join",
                    "Parent Relationship": "Outer",
                    "Parallel Aware": true,
                    "Join Type": "Inner",
                    "Startup Cost": 53709.75,
                    "Total Cost": 71893.54,
                    "Plan Rows": 1548,
                    "Plan Width": 8,
                    "Actual Startup Time": 133.596,
                    "Actual Total Time": 190.416,
                    "Actual Rows": 3398,
                    "Actual Loops": 2,
                    "Inner Unique": true,
                    "Hash Cond": "(mi_idx.movie_id = t.id)",
                    "Plans": [
                      {
                        "Node Type": "Seq Scan",
                        "Parent Relationship": "Outer",
                        "Parallel Aware": true,
                        "Relation Name": "movie_info_idx",
                        "Alias": "mi_idx",
                        "Startup Cost": 0.0,
                        "Total Cost": 16052.85,
                        "Plan Rows": 811785,
                        "Plan Width": 4,
                        "Actual Startup Time": 0.019,
                        "Actual Total Time": 45.783,
                        "Actual Rows": 690018,
                        "Actual Loops": 2
                      },
                      {
                        "Node Type": "Hash",
                        "Parent Relationship": "Inner",
                        "Parallel Aware": true,
                        "Startup Cost": 53674.31,
                        "Total Cost": 53674.31,
                        "Plan Rows": 2835,
                        "Plan Width": 4,
                        "Actual Startup Time": 96.039,
                        "Actual Total Time": 96.04,
                        "Actual Rows": 2341,
                        "Actual Loops": 2,
                        "Hash Buckets": 8192,
                        "Original Hash Buckets": 8192,
                        "Hash Batches": 1,
                        "Original Hash Batches": 1,
                        "Peak Memory Usage": 288,
                        "Plans": [
                          {
                            "Node Type": "Bitmap Heap Scan",
                            "Parent Relationship": "Outer",
                            "Parallel Aware": true,
                            "Relation Name": "title",
                            "Alias": "t",
                            "Startup Cost": 11824.06,
                            "Total Cost": 53674.31,
                            "Plan Rows": 2835,
                            "Plan Width": 4,
                            "Actual Startup Time": 39.353,
                            "Actual Total Time": 95.192,
                            "Actual Rows": 2341,
                            "Actual Loops": 2,
                            "Recheck Cond": "(kind_id = 1)",
                            "Rows Removed by Index Recheck": 0,
                            "Filter": "(production_year = 1987)",
                            "Rows Removed by Filter": 329072,
                            "Exact Heap Blocks": 9557,
                            "Lossy Heap Blocks": 0,
                            "Plans": [
                              {
                                "Node Type": "Bitmap Index Scan",
                                "Parent Relationship": "Outer",
                                "Parallel Aware": false,
                                "Index Name": "kind_id_title",
                                "Startup Cost": 0.0,
                                "Total Cost": 11822.85,
                                "Plan Rows": 663256,
                                "Plan Width": 0,
                                "Actual Startup Time": 42.369,
                                "Actual Total Time": 42.369,
                                "Actual Rows": 662825,
                                "Actual Loops": 1,
                                "Index Cond": "(kind_id = 1)"
                              }
                            ]
                          }
                        ]
                      }
                    ]
                  },
                  {
                    "Node Type": "Index Scan",
                    "Parent Relationship": "Inner",
                    "Parallel Aware": false,
                    "Scan Direction": "Forward",
                    "Index Name": "movie_id_cast_info",
                    "Relation Name": "cast_info",
                    "Alias": "ci",
                    "Startup Cost": 0.56,
                    "Total Cost": 2.41,
                    "Plan Rows": 16,
                    "Plan Width": 4,
                    "Actual Startup Time": 0.018,
                    "Actual Total Time": 0.033,
                    "Actual Rows": 12,
                    "Actual Loops": 6795,
                    "Index Cond": "(movie_id = mi_idx.movie_id)",
                    "Rows Removed by Index Recheck": 0,
                    "Filter": "(person_id > 2046426)",
                    "Rows Removed by Filter": 20
                  }
                ]
              }
            ]
          }
        ]
      }
    ]
  },
  "Planning Time": 0.765,
  "Triggers": [],
  "Execution Time": 351.11
}