{
  "Plan": {
    "Node Type": "Aggregate",
    "Strategy": "Plain",
    "Partial Mode": "Finalize",
    "Parallel Aware": false,
    "Startup Cost": 223610.21,
    "Total Cost": 223610.22,
    "Plan Rows": 1,
    "Plan Width": 8,
    "Actual Startup Time": 1282.011,
    "Actual Total Time": 1299.347,
    "Actual Rows": 1,
    "Actual Loops": 1,
    "Plans": [
      {
        "Node Type": "Gather",
        "Parent Relationship": "Outer",
        "Parallel Aware": false,
        "Startup Cost": 223610.1,
        "Total Cost": 223610.21,
        "Plan Rows": 1,
        "Plan Width": 8,
        "Actual Startup Time": 1149.92,
        "Actual Total Time": 1299.329,
        "Actual Rows": 2,
        "Actual Loops": 1,
        "Workers Planned": 1,
        "Workers Launched": 1,
        "Single Copy": false,
        "Plans": [
          {
            "Node Type": "Aggregate",
            "Strategy": "Plain",
            "Partial Mode": "Partial",
            "Parent Relationship": "Outer",
            "Parallel Aware": false,
            "Startup Cost": 222610.1,
            "Total Cost": 222610.11,
            "Plan Rows": 1,
            "Plan Width": 8,
            "Actual Startup Time": 1206.039,
            "Actual Total Time": 1206.052,
            "Actual Rows": 1,
            "Actual Loops": 2,
            "Plans": [
              {
                "Node Type": "Merge Join",
                "Parent Relationship": "Outer",
                "Parallel Aware": false,
                "Join Type": "Inner",
                "Startup Cost": 217391.62,
                "Total Cost": 222427.67,
                "Plan Rows": 72972,
                "Plan Width": 0,
                "Actual Startup Time": 1015.641,
                "Actual Total Time": 1183.91,
                "Actual Rows": 476629,
                "Actual Loops": 2,
                "Inner Unique": false,
                "Merge Cond": "(t.id = mi_idx.movie_id)",
                "Plans": [
                  {
                    "Node Type": "Sort",
                    "Parent Relationship": "Outer",
                    "Parallel Aware": false,
                    "Startup Cost": 151536.97,
                    "Total Cost": 152530.1,
                    "Plan Rows": 397249,
                    "Plan Width": 8,
                    "Actual Startup Time": 780.976,
                    "Actual Total Time": 809.304,
                    "Actual Rows": 555777,
                    "Actual Loops": 2,
                    "Sort Key": [
                      "mk.movie_id"
                    ],
                    "Sort Method": "quicksort",
                    "Sort Space Used": 55001,
                    "Sort Space Type": "Memory",
                    "Workers": [
                      {
                        "Worker Number": 0,
                        "Sort Method": "quicksort",
                        "Sort Space Used": 33968,
                        "Sort Space Type": "Memory"
                      }
                    ],
                    "Plans": [
                      {
                        "Node Type": "Hash Join",
                        "Parent Relationship": "Outer",
                        "Parallel Aware": true,
                        "Join Type": "Inner",
                        "Startup Cost": 56542.6,
                        "Total Cost": 114593.44,
                        "Plan Rows": 397249,
                        "Plan Width": 8,
                        "Actual Startup Time": 243.086,
                        "Actual Total Time": 647.857,
                        "Actual Rows": 555777,
                        "Actual Loops": 2,
                        "Inner Unique": true,
                        "Hash Cond": "(mk.movie_id = t.id)",
                        "Plans": [
                          {
                            "Node Type": "Seq Scan",
                            "Parent Relationship": "Outer",
                            "Parallel Aware": true,
                            "Relation Name": "movie_keyword",
                            "Alias": "mk",
                            "Startup Cost": 0.0,
                            "Total Cost": 51065.35,
                            "Plan Rows": 2661135,
                            "Plan Width": 4,
                            "Actual Startup Time": 0.019,
                            "Actual Total Time": 195.618,
                            "Actual Rows": 2261965,
                            "Actual Loops": 2
                          },
                          {
                            "Node Type": "Hash",
                            "Parent Relationship": "Inner",
                            "Parallel Aware": true,
                            "Startup Cost": 53767.46,
                            "Total Cost": 53767.46,
                            "Plan Rows": 222011,
                            "Plan Width": 4,
                            "Actual Startup Time": 158.119,
                            "Actual Total Time": 158.122,
                            "Actual Rows": 141058,
                            "Actual Loops": 2,
                            "Hash Buckets": 524288,
                            "Original Hash Buckets": 524288,
                            "Hash Batches": 1,
                            "Original Hash Batches": 1,
                            "Peak Memory Usage": 15168,
                            "Plans": [
                              {
                                "Node Type": "Bitmap Heap Scan",
                                "Parent Relationship": "Outer",
                                "Parallel Aware": true,
                                "Relation Name": "title",
                                "Alias": "t",
                                "Startup Cost": 11917.2,
                                "Total Cost": 53767.46,
                                "Plan Rows": 222011,
                                "Plan Width": 4,
                                "Actual Startup Time": 36.517,
                                "Actual Total Time": 113.224,
                                "Actual Rows": 141058,
                                "Actual Loops": 2,
                                "Recheck Cond": "(kind_id = 1)",
                                "Rows Removed by Index Recheck": 0,
                                "Filter": "(production_year > 1999)",
                                "Rows Removed by Filter": 190355,
                                "Exact Heap Blocks": 8783,
                                "Lossy Heap Blocks": 0,
                                "Plans": [
                                  {
                                    "Node Type": "Bitmap Index Scan",
                                    "Parent Relationship": "Outer",
                                    "Parallel Aware": false,
                                    "Index Name": "kind_id_title",
                                    "Startup Cost": 0.0,
                                    "Total Cost": 11822.85,
                                    "Plan Rows": 663256,
                                    "Plan Width": 0,
                                    "Actual Startup Time": 34.84,
                                    "Actual Total Time": 34.84,
                                    "Actual Rows": 662825,
                                    "Actual Loops": 1,
                                    "Index Cond": "(kind_id = 1)"
                                  }
                                ]
                              }
                            ]
                          }
                        ]
                      }
                    ]
                  },
                  {
                    "Node Type": "Sort",
                    "Parent Relationship": "Inner",
                    "Parallel Aware": false,
                    "Startup Cost": 65854.6,
                    "Total Cost": 67015.67,
                    "Plan Rows": 464428,
                    "Plan Width": 4,
                    "Actual Startup Time": 215.716,
                    "Actual Total Time": 254.394,
                    "Actual Rows": 912744,
                    "Actual Loops": 2,
                    "Sort Key": [
                      "mi_idx.movie_id"
                    ],
                    "Sort Method": "quicksort",
                    "Sort Space Used": 33847,
                    "Sort Space Type": "Memory",
                    "Workers": [
                      {
                        "Worker Number": 0,
                        "Sort Method": "quicksort",
                        "Sort Space Used": 33847,
                        "Sort Space Type": "Memory"
                      }
                    ],
                    "Plans": [
                      {
                        "Node Type": "Bitmap Heap Scan",
                        "Parent Relationship": "Outer",
                        "Parallel Aware": false,
                        "Relation Name": "movie_info_idx",
                        "Alias": "mi_idx",
                        "Startup Cost": 8399.74,
                        "Total Cost": 22140.09,
                        "Plan Rows": 464428,
                        "Plan Width": 4,
                        "Actual Startup Time": 24.465,
                        "Actual Total Time": 100.464,
                        "Actual Rows": 459925,
                        "Actual Loops": 2,
                        "Recheck Cond": "(info_type_id = 100)",
                        "Rows Removed by Index Recheck": 0,
                        "Exact Heap Blocks": 7934,
                        "Lossy Heap Blocks": 0,
                        "Plans": [
                          {
                            "Node Type": "Bitmap Index Scan",
                            "Parent Relationship": "Outer",
                            "Parallel Aware": false,
                            "Index Name": "info_type_id_movie_info_idx",
                            "Startup Cost": 0.0,
                            "Total Cost": 8283.64,
                            "Plan Rows": 464428,
                            "Plan Width": 0,
                            "Actual Startup Time": 23.262,
                            "Actual Total Time": 23.262,
                            "Actual Rows": 459925,
                            "Actual Loops": 2,
                            "Index Cond": "(info_type_id = 100)"
                          }
                        ]
                      }
                    ]
                  }
                ]
              }
            ]
          }
        ]
      }
    ]
  },
  "Planning Time": 1.085,
  "Triggers": [],
  "Execution Time": 1313.942
}