[
  {
    "Plan": {
      "Node Type": "Aggregate",
      "Strategy": "Plain",
      "Partial Mode": "Finalize",
      "Parallel Aware": false,
      "Startup Cost": 30534.9,
      "Total Cost": 30534.91,
      "Plan Rows": 1,
      "Plan Width": 8,
      "Actual Startup Time": 39.176,
      "Actual Total Time": 45.606,
      "Actual Rows": 1,
      "Actual Loops": 1,
      "Plans": [
        {
          "Node Type": "Gather",
          "Parent Relationship": "Outer",
          "Parallel Aware": false,
          "Startup Cost": 30534.69,
          "Total Cost": 30534.9,
          "Plan Rows": 2,
          "Plan Width": 8,
          "Actual Startup Time": 38.812,
          "Actual Total Time": 45.592,
          "Actual Rows": 3,
          "Actual Loops": 1,
          "Workers Planned": 2,
          "Workers Launched": 2,
          "Single Copy": false,
          "Plans": [
            {
              "Node Type": "Aggregate",
              "Strategy": "Plain",
              "Partial Mode": "Partial",
              "Parent Relationship": "Outer",
              "Parallel Aware": false,
              "Startup Cost": 29534.69,
              "Total Cost": 29534.7,
              "Plan Rows": 1,
              "Plan Width": 8,
              "Actual Startup Time": 34.824,
              "Actual Total Time": 34.826,
              "Actual Rows": 1,
              "Actual Loops": 3,
              "Plans": [
                {
                  "Node Type": "Nested Loop",
                  "Parent Relationship": "Outer",
                  "Parallel Aware": false,
                  "Join Type": "Inner",
                  "Startup Cost": 118.94,
                  "Total Cost": 29532.05,
                  "Plan Rows": 1054,
                  "Plan Width": 0,
                  "Actual Startup Time": 4.918,
                  "Actual Total Time": 34.782,
                  "Actual Rows": 116,
                  "Actual Loops": 3,
                  "Inner Unique": true,
                  "Plans": [
                    {
                      "Node Type": "Bitmap Heap Scan",
                      "Parent Relationship": "Outer",
                      "Parallel Aware": true,
                      "Relation Name": "movie_keyword",
                      "Alias": "mk",
                      "Startup Cost": 118.51,
                      "Total Cost": 13140.73,
                      "Plan Rows": 2262,
                      "Plan Width": 4,
                      "Actual Startup Time": 4.791,
                      "Actual Total Time": 14.192,
                      "Actual Rows": 1816,
                      "Actual Loops": 3,
                      "Recheck Cond": "(keyword_id = 1559)",
                      "Rows Removed by Index Recheck": 0,
                      "Exact Heap Blocks": 2906,
                      "Lossy Heap Blocks": 0,
                      "Plans": [
                        {
                          "Node Type": "Bitmap Index Scan",
                          "Parent Relationship": "Outer",
                          "Parallel Aware": false,
                          "Index Name": "keyword_id_movie_keyword",
                          "Startup Cost": 0.0,
                          "Total Cost": 117.15,
                          "Plan Rows": 5429,
                          "Plan Width": 0,
                          "Actual Startup Time": 5.462,
                          "Actual Total Time": 5.462,
                          "Actual Rows": 5449,
                          "Actual Loops": 1,
                          "Index Cond": "(keyword_id = 1559)"
                        }
                      ]
                    },
                    {
                      "Node Type": "Index Scan",
                      "Parent Relationship": "Inner",
                      "Parallel Aware": false,
                      "Scan Direction": "Forward",
                      "Index Name": "title_pkey",
                      "Relation Name": "title",
                      "Alias": "t",
                      "Startup Cost": 0.43,
                      "Total Cost": 7.25,
                      "Plan Rows": 1,
                      "Plan Width": 4,
                      "Actual Startup Time": 0.011,
                      "Actual Total Time": 0.011,
                      "Actual Rows": 0,
                      "Actual Loops": 5449,
                      "Index Cond": "(id = mk.movie_id)",
                      "Rows Removed by Index Recheck": 0,
                      "Filter": "((production_year > 1981) AND (kind_id = 7))",
                      "Rows Removed by Filter": 1
                    }
                  ]
                }
              ]
            }
          ]
        }
      ]
    },
    "Planning Time": 0.654,
    "Triggers": [],
    "Execution Time": 45.696
  }
]