[
  {
    "Plan": {
      "Node Type": "Aggregate",
      "Strategy": "Plain",
      "Partial Mode": "Finalize",
      "Parallel Aware": false,
      "Startup Cost": 246680.09,
      "Total Cost": 246680.1,
      "Plan Rows": 1,
      "Plan Width": 8,
      "Actual Startup Time": 967.492,
      "Actual Total Time": 1014.236,
      "Actual Rows": 1,
      "Actual Loops": 1,
      "Plans": [
        {
          "Node Type": "Gather",
          "Parent Relationship": "Outer",
          "Parallel Aware": false,
          "Startup Cost": 246679.57,
          "Total Cost": 246680.08,
          "Plan Rows": 5,
          "Plan Width": 8,
          "Actual Startup Time": 964.324,
          "Actual Total Time": 1014.21,
          "Actual Rows": 6,
          "Actual Loops": 1,
          "Workers Planned": 5,
          "Workers Launched": 5,
          "Single Copy": false,
          "Plans": [
            {
              "Node Type": "Aggregate",
              "Strategy": "Plain",
              "Partial Mode": "Partial",
              "Parent Relationship": "Outer",
              "Parallel Aware": false,
              "Startup Cost": 245679.57,
              "Total Cost": 245679.58,
              "Plan Rows": 1,
              "Plan Width": 8,
              "Actual Startup Time": 956.333,
              "Actual Total Time": 956.337,
              "Actual Rows": 1,
              "Actual Loops": 6,
              "Plans": [
                {
                  "Node Type": "Hash Join",
                  "Parent Relationship": "Outer",
                  "Parallel Aware": true,
                  "Join Type": "Inner",
                  "Startup Cost": 45085.65,
                  "Total Cost": 244565.05,
                  "Plan Rows": 445806,
                  "Plan Width": 0,
                  "Actual Startup Time": 118.39,
                  "Actual Total Time": 923.417,
                  "Actual Rows": 609403,
                  "Actual Loops": 6,
                  "Inner Unique": true,
                  "Hash Cond": "(mi.movie_id = t.id)",
                  "Plans": [
                    {
                      "Node Type": "Seq Scan",
                      "Parent Relationship": "Outer",
                      "Parallel Aware": true,
                      "Relation Name": "movie_info",
                      "Alias": "mi",
                      "Startup Cost": 0.0,
                      "Total Cost": 191685.19,
                      "Plan Rows": 2969219,
                      "Plan Width": 4,
                      "Actual Startup Time": 0.029,
                      "Actual Total Time": 335.451,
                      "Actual Rows": 2472620,
                      "Actual Loops": 6
                    },
                    {
                      "Node Type": "Hash",
                      "Parent Relationship": "Inner",
                      "Parallel Aware": true,
                      "Startup Cost": 43899.32,
                      "Total Cost": 43899.32,
                      "Plan Rows": 94906,
                      "Plan Width": 4,
                      "Actual Startup Time": 115.207,
                      "Actual Total Time": 115.209,
                      "Actual Rows": 65979,
                      "Actual Loops": 6,
                      "Hash Buckets": 524288,
                      "Original Hash Buckets": 524288,
                      "Hash Batches": 1,
                      "Original Hash Batches": 1,
                      "Peak Memory Usage": 19680,
                      "Plans": [
                        {
                          "Node Type": "Seq Scan",
                          "Parent Relationship": "Outer",
                          "Parallel Aware": true,
                          "Relation Name": "title",
                          "Alias": "t",
                          "Startup Cost": 0.0,
                          "Total Cost": 43899.32,
                          "Plan Rows": 94906,
                          "Plan Width": 4,
                          "Actual Startup Time": 0.045,
                          "Actual Total Time": 83.727,
                          "Actual Rows": 65979,
                          "Actual Loops": 6,
                          "Filter": "(production_year < 1972)",
                          "Rows Removed by Filter": 355407
                        }
                      ]
                    }
                  ]
                }
              ]
            }
          ]
        }
      ]
    },
    "Planning Time": 0.261,
    "Triggers": [],
    "Execution Time": 1014.297
  }
]