[
  {
    "Plan": {
      "Node Type": "Aggregate",
      "Strategy": "Plain",
      "Partial Mode": "Finalize",
      "Parallel Aware": false,
      "Startup Cost": 57814.5,
      "Total Cost": 57814.51,
      "Plan Rows": 1,
      "Plan Width": 8,
      "Actual Startup Time": 259.837,
      "Actual Total Time": 274.261,
      "Actual Rows": 1,
      "Actual Loops": 1,
      "Plans": [
        {
          "Node Type": "Gather",
          "Parent Relationship": "Outer",
          "Parallel Aware": false,
          "Startup Cost": 57814.18,
          "Total Cost": 57814.49,
          "Plan Rows": 3,
          "Plan Width": 8,
          "Actual Startup Time": 253.091,
          "Actual Total Time": 274.254,
          "Actual Rows": 4,
          "Actual Loops": 1,
          "Workers Planned": 3,
          "Workers Launched": 3,
          "Single Copy": false,
          "Plans": [
            {
              "Node Type": "Aggregate",
              "Strategy": "Plain",
              "Partial Mode": "Partial",
              "Parent Relationship": "Outer",
              "Parallel Aware": false,
              "Startup Cost": 56814.18,
              "Total Cost": 56814.19,
              "Plan Rows": 1,
              "Plan Width": 8,
              "Actual Startup Time": 245.733,
              "Actual Total Time": 245.736,
              "Actual Rows": 1,
              "Actual Loops": 4,
              "Plans": [
                {
                  "Node Type": "Hash Join",
                  "Parent Relationship": "Outer",
                  "Parallel Aware": true,
                  "Join Type": "Inner",
                  "Startup Cost": 47636.76,
                  "Total Cost": 56787.4,
                  "Plan Rows": 10715,
                  "Plan Width": 0,
                  "Actual Startup Time": 223.795,
                  "Actual Total Time": 245.523,
                  "Actual Rows": 3850,
                  "Actual Loops": 4,
                  "Inner Unique": true,
                  "Hash Cond": "(ci.movie_id = t.id)",
                  "Plans": [
                    {
                      "Node Type": "Index Scan",
                      "Parent Relationship": "Outer",
                      "Parallel Aware": true,
                      "Scan Direction": "Forward",
                      "Index Name": "role_id_cast_info",
                      "Relation Name": "cast_info",
                      "Alias": "ci",
                      "Startup Cost": 0.56,
                      "Total Cost": 9091.72,
                      "Plan Rows": 22657,
                      "Plan Width": 4,
                      "Actual Startup Time": 0.19,
                      "Actual Total Time": 15.077,
                      "Actual Rows": 8275,
                      "Actual Loops": 4,
                      "Index Cond": "(role_id > 10)",
                      "Rows Removed by Index Recheck": 0,
                      "Filter": "(person_id < 801103)",
                      "Rows Removed by Filter": 70755
                    },
                    {
                      "Node Type": "Hash",
                      "Parent Relationship": "Inner",
                      "Parallel Aware": true,
                      "Startup Cost": 43899.32,
                      "Total Cost": 43899.32,
                      "Plan Rows": 298950,
                      "Plan Width": 4,
                      "Actual Startup Time": 219.398,
                      "Actual Total Time": 219.4,
                      "Actual Rows": 298130,
                      "Actual Loops": 4,
                      "Hash Buckets": 2097152,
                      "Original Hash Buckets": 2097152,
                      "Hash Batches": 1,
                      "Original Hash Batches": 1,
                      "Peak Memory Usage": 63072,
                      "Plans": [
                        {
                          "Node Type": "Seq Scan",
                          "Parent Relationship": "Outer",
                          "Parallel Aware": true,
                          "Relation Name": "title",
                          "Alias": "t",
                          "Startup Cost": 0.0,
                          "Total Cost": 43899.32,
                          "Plan Rows": 298950,
                          "Plan Width": 4,
                          "Actual Startup Time": 0.032,
                          "Actual Total Time": 108.727,
                          "Actual Rows": 298130,
                          "Actual Loops": 4,
                          "Filter": "(production_year > 2003)",
                          "Rows Removed by Filter": 333948
                        }
                      ]
                    }
                  ]
                }
              ]
            }
          ]
        }
      ]
    },
    "Planning Time": 0.448,
    "Triggers": [],
    "Execution Time": 274.295
  }
]