[
  {
    "Plan": {
      "Node Type": "Aggregate",
      "Strategy": "Plain",
      "Partial Mode": "Finalize",
      "Parallel Aware": false,
      "Startup Cost": 120237.78,
      "Total Cost": 120237.79,
      "Plan Rows": 1,
      "Plan Width": 8,
      "Actual Startup Time": 1265.298,
      "Actual Total Time": 1312.921,
      "Actual Rows": 1,
      "Actual Loops": 1,
      "Plans": [
        {
          "Node Type": "Gather",
          "Parent Relationship": "Outer",
          "Parallel Aware": false,
          "Startup Cost": 120237.47,
          "Total Cost": 120237.78,
          "Plan Rows": 3,
          "Plan Width": 8,
          "Actual Startup Time": 1252.979,
          "Actual Total Time": 1312.91,
          "Actual Rows": 4,
          "Actual Loops": 1,
          "Workers Planned": 3,
          "Workers Launched": 3,
          "Single Copy": false,
          "Plans": [
            {
              "Node Type": "Aggregate",
              "Strategy": "Plain",
              "Partial Mode": "Partial",
              "Parent Relationship": "Outer",
              "Parallel Aware": false,
              "Startup Cost": 119237.47,
              "Total Cost": 119237.48,
              "Plan Rows": 1,
              "Plan Width": 8,
              "Actual Startup Time": 1249.71,
              "Actual Total Time": 1249.714,
              "Actual Rows": 1,
              "Actual Loops": 4,
              "Plans": [
                {
                  "Node Type": "Nested Loop",
                  "Parent Relationship": "Outer",
                  "Parallel Aware": false,
                  "Join Type": "Inner",
                  "Startup Cost": 45571.34,
                  "Total Cost": 119030.81,
                  "Plan Rows": 82662,
                  "Plan Width": 0,
                  "Actual Startup Time": 128.863,
                  "Actual Total Time": 1207.291,
                  "Actual Rows": 934352,
                  "Actual Loops": 4,
                  "Inner Unique": false,
                  "Join Filter": "(t.id = ci.movie_id)",
                  "Rows Removed by Join Filter": 0,
                  "Plans": [
                    {
                      "Node Type": "Hash Join",
                      "Parent Relationship": "Outer",
                      "Parallel Aware": true,
                      "Join Type": "Inner",
                      "Startup Cost": 45570.77,
                      "Total Cost": 88448.85,
                      "Plan Rows": 16934,
                      "Plan Width": 8,
                      "Actual Startup Time": 128.708,
                      "Actual Total Time": 263.292,
                      "Actual Rows": 22880,
                      "Actual Loops": 4,
                      "Inner Unique": true,
                      "Hash Cond": "(mk.movie_id = t.id)",
                      "Plans": [
                        {
                          "Node Type": "Seq Scan",
                          "Parent Relationship": "Outer",
                          "Parallel Aware": true,
                          "Relation Name": "movie_keyword",
                          "Alias": "mk",
                          "Startup Cost": 0.0,
                          "Total Cost": 39047.32,
                          "Plan Rows": 1459332,
                          "Plan Width": 4,
                          "Actual Startup Time": 0.025,
                          "Actual Total Time": 83.705,
                          "Actual Rows": 1130982,
                          "Actual Loops": 4
                        },
                        {
                          "Node Type": "Hash",
                          "Parent Relationship": "Inner",
                          "Parallel Aware": true,
                          "Startup Cost": 45479.1,
                          "Total Cost": 45479.1,
                          "Plan Rows": 7334,
                          "Plan Width": 4,
                          "Actual Startup Time": 95.534,
                          "Actual Total Time": 95.535,
                          "Actual Rows": 4029,
                          "Actual Loops": 4,
                          "Hash Buckets": 32768,
                          "Original Hash Buckets": 32768,
                          "Hash Batches": 1,
                          "Original Hash Batches": 1,
                          "Peak Memory Usage": 960,
                          "Plans": [
                            {
                              "Node Type": "Seq Scan",
                              "Parent Relationship": "Outer",
                              "Parallel Aware": true,
                              "Relation Name": "title",
                              "Alias": "t",
                              "Startup Cost": 0.0,
                              "Total Cost": 45479.1,
                              "Plan Rows": 7334,
                              "Plan Width": 4,
                              "Actual Startup Time": 60.62,
                              "Actual Total Time": 93.848,
                              "Actual Rows": 4029,
                              "Actual Loops": 4,
                              "Filter": "((kind_id = 1) AND (production_year = 2006))",
                              "Rows Removed by Filter": 628049
                            }
                          ]
                        }
                      ]
                    },
                    {
                      "Node Type": "Index Scan",
                      "Parent Relationship": "Inner",
                      "Parallel Aware": false,
                      "Scan Direction": "Forward",
                      "Index Name": "movie_id_cast_info",
                      "Relation Name": "cast_info",
                      "Alias": "ci",
                      "Startup Cost": 0.56,
                      "Total Cost": 1.64,
                      "Plan Rows": 13,
                      "Plan Width": 4,
                      "Actual Startup Time": 0.021,
                      "Actual Total Time": 0.038,
                      "Actual Rows": 41,
                      "Actual Loops": 91520,
                      "Index Cond": "(movie_id = mk.movie_id)",
                      "Rows Removed by Index Recheck": 0,
                      "Filter": "(role_id > 3)",
                      "Rows Removed by Filter": 44
                    }
                  ]
                }
              ]
            }
          ]
        }
      ]
    },
    "Planning Time": 1.359,
    "Triggers": [],
    "Execution Time": 1313.019
  }
]