{
    "Plan": {
        "Node Type": "Aggregate",
        "Strategy": "Plain",
        "Partial Mode": "Finalize",
        "Parallel Aware": false,
        "Startup Cost": 402965.06,
        "Total Cost": 402965.07,
        "Plan Rows": 1,
        "Plan Width": 8,
        "Actual Startup Time": 1431.93,
        "Actual Total Time": 1486.402,
        "Actual Rows": 1,
        "Actual Loops": 1,
        "Output": [
            "count(*)"
        ],
        "Plans": [
            {
                "Node Type": "Gather",
                "Parent Relationship": "Outer",
                "Parallel Aware": false,
                "Startup Cost": 402964.44,
                "Total Cost": 402965.05,
                "Plan Rows": 6,
                "Plan Width": 8,
                "Actual Startup Time": 1427.97,
                "Actual Total Time": 1486.391,
                "Actual Rows": 7,
                "Actual Loops": 1,
                "Output": [
                    "(PARTIAL count(*))"
                ],
                "Workers Planned": 6,
                "Workers Launched": 6,
                "Single Copy": false,
                "Plans": [
                    {
                        "Node Type": "Aggregate",
                        "Strategy": "Plain",
                        "Partial Mode": "Partial",
                        "Parent Relationship": "Outer",
                        "Parallel Aware": false,
                        "Startup Cost": 401964.44,
                        "Total Cost": 401964.45,
                        "Plan Rows": 1,
                        "Plan Width": 8,
                        "Actual Startup Time": 1418.088,
                        "Actual Total Time": 1418.092,
                        "Actual Rows": 1,
                        "Actual Loops": 7,
                        "Output": [
                            "PARTIAL count(*)"
                        ],
                        "Workers": [
                            {
                                "Worker Number": 0,
                                "Actual Startup Time": 1415.432,
                                "Actual Total Time": 1415.435,
                                "Actual Rows": 1,
                                "Actual Loops": 1
                            },
                            {
                                "Worker Number": 1,
                                "Actual Startup Time": 1417.289,
                                "Actual Total Time": 1417.293,
                                "Actual Rows": 1,
                                "Actual Loops": 1
                            },
                            {
                                "Worker Number": 2,
                                "Actual Startup Time": 1416.734,
                                "Actual Total Time": 1416.737,
                                "Actual Rows": 1,
                                "Actual Loops": 1
                            },
                            {
                                "Worker Number": 3,
                                "Actual Startup Time": 1416.723,
                                "Actual Total Time": 1416.726,
                                "Actual Rows": 1,
                                "Actual Loops": 1
                            },
                            {
                                "Worker Number": 4,
                                "Actual Startup Time": 1416.714,
                                "Actual Total Time": 1416.717,
                                "Actual Rows": 1,
                                "Actual Loops": 1
                            },
                            {
                                "Worker Number": 5,
                                "Actual Startup Time": 1416.717,
                                "Actual Total Time": 1416.721,
                                "Actual Rows": 1,
                                "Actual Loops": 1
                            }
                        ],
                        "Plans": [
                            {
                                "Node Type": "Hash Join",
                                "Parent Relationship": "Outer",
                                "Parallel Aware": true,
                                "Join Type": "Inner",
                                "Startup Cost": 47321.78,
                                "Total Cost": 399906.48,
                                "Plan Rows": 823182,
                                "Plan Width": 0,
                                "Actual Startup Time": 170.788,
                                "Actual Total Time": 1386.408,
                                "Actual Rows": 704702,
                                "Actual Loops": 7,
                                "Inner Unique": true,
                                "Hash Cond": "(ci.movie_id = t.id)",
                                "Workers": [
                                    {
                                        "Worker Number": 0,
                                        "Actual Startup Time": 168.253,
                                        "Actual Total Time": 1384.934,
                                        "Actual Rows": 719893,
                                        "Actual Loops": 1
                                    },
                                    {
                                        "Worker Number": 1,
                                        "Actual Startup Time": 169.493,
                                        "Actual Total Time": 1382.625,
                                        "Actual Rows": 510532,
                                        "Actual Loops": 1
                                    },
                                    {
                                        "Worker Number": 2,
                                        "Actual Startup Time": 169.517,
                                        "Actual Total Time": 1386.263,
                                        "Actual Rows": 700170,
                                        "Actual Loops": 1
                                    },
                                    {
                                        "Worker Number": 3,
                                        "Actual Startup Time": 169.492,
                                        "Actual Total Time": 1385.391,
                                        "Actual Rows": 738167,
                                        "Actual Loops": 1
                                    },
                                    {
                                        "Worker Number": 4,
                                        "Actual Startup Time": 169.5,
                                        "Actual Total Time": 1385.923,
                                        "Actual Rows": 720643,
                                        "Actual Loops": 1
                                    },
                                    {
                                        "Worker Number": 5,
                                        "Actual Startup Time": 169.487,
                                        "Actual Total Time": 1386.061,
                                        "Actual Rows": 722023,
                                        "Actual Loops": 1
                                    }
                                ],
                                "Plans": [
                                    {
                                        "Node Type": "Seq Scan",
                                        "Parent Relationship": "Outer",
                                        "Parallel Aware": true,
                                        "Relation Name": "cast_info",
                                        "Schema": "public",
                                        "Alias": "ci",
                                        "Startup Cost": 0.0,
                                        "Total Cost": 343318.94,
                                        "Plan Rows": 3529810,
                                        "Plan Width": 4,
                                        "Actual Startup Time": 55.687,
                                        "Actual Total Time": 669.025,
                                        "Actual Rows": 2914860,
                                        "Actual Loops": 7,
                                        "Output": [
                                            "ci.id",
                                            "ci.person_id",
                                            "ci.movie_id",
                                            "ci.person_role_id",
                                            "ci.note",
                                            "ci.nr_order",
                                            "ci.role_id"
                                        ],
                                        "Filter": "((ci.person_id > 451853) AND (ci.role_id < 4))",
                                        "Rows Removed by Filter": 2262903,
                                        "Workers": [
                                            {
                                                "Worker Number": 0,
                                                "Actual Startup Time": 55.703,
                                                "Actual Total Time": 671.067,
                                                "Actual Rows": 2982967,
                                                "Actual Loops": 1
                                            },
                                            {
                                                "Worker Number": 1,
                                                "Actual Startup Time": 55.659,
                                                "Actual Total Time": 694.11,
                                                "Actual Rows": 2107827,
                                                "Actual Loops": 1
                                            },
                                            {
                                                "Worker Number": 2,
                                                "Actual Startup Time": 55.694,
                                                "Actual Total Time": 665.914,
                                                "Actual Rows": 2870853,
                                                "Actual Loops": 1
                                            },
                                            {
                                                "Worker Number": 3,
                                                "Actual Startup Time": 55.679,
                                                "Actual Total Time": 675.347,
                                                "Actual Rows": 3046600,
                                                "Actual Loops": 1
                                            },
                                            {
                                                "Worker Number": 4,
                                                "Actual Startup Time": 55.687,
                                                "Actual Total Time": 671.583,
                                                "Actual Rows": 2992400,
                                                "Actual Loops": 1
                                            },
                                            {
                                                "Worker Number": 5,
                                                "Actual Startup Time": 55.697,
                                                "Actual Total Time": 671.511,
                                                "Actual Rows": 2999347,
                                                "Actual Loops": 1
                                            }
                                        ]
                                    },
                                    {
                                        "Node Type": "Hash",
                                        "Parent Relationship": "Inner",
                                        "Parallel Aware": true,
                                        "Startup Cost": 45479.21,
                                        "Total Cost": 45479.21,
                                        "Plan Rows": 147406,
                                        "Plan Width": 4,
                                        "Actual Startup Time": 111.848,
                                        "Actual Total Time": 111.849,
                                        "Actual Rows": 84961,
                                        "Actual Loops": 7,
                                        "Output": [
                                            "t.id"
                                        ],
                                        "Hash Buckets": 1048576,
                                        "Original Hash Buckets": 1048576,
                                        "Hash Batches": 1,
                                        "Original Hash Batches": 1,
                                        "Peak Memory Usage": 31552,
                                        "Workers": [
                                            {
                                                "Worker Number": 0,
                                                "Actual Startup Time": 111.869,
                                                "Actual Total Time": 111.87,
                                                "Actual Rows": 85475,
                                                "Actual Loops": 1
                                            },
                                            {
                                                "Worker Number": 1,
                                                "Actual Startup Time": 113.242,
                                                "Actual Total Time": 113.243,
                                                "Actual Rows": 60455,
                                                "Actual Loops": 1
                                            },
                                            {
                                                "Worker Number": 2,
                                                "Actual Startup Time": 113.232,
                                                "Actual Total Time": 113.233,
                                                "Actual Rows": 85067,
                                                "Actual Loops": 1
                                            },
                                            {
                                                "Worker Number": 3,
                                                "Actual Startup Time": 113.245,
                                                "Actual Total Time": 113.246,
                                                "Actual Rows": 87647,
                                                "Actual Loops": 1
                                            },
                                            {
                                                "Worker Number": 4,
                                                "Actual Startup Time": 113.246,
                                                "Actual Total Time": 113.247,
                                                "Actual Rows": 85481,
                                                "Actual Loops": 1
                                            },
                                            {
                                                "Worker Number": 5,
                                                "Actual Startup Time": 113.238,
                                                "Actual Total Time": 113.239,
                                                "Actual Rows": 86495,
                                                "Actual Loops": 1
                                            }
                                        ],
                                        "Plans": [
                                            {
                                                "Node Type": "Seq Scan",
                                                "Parent Relationship": "Outer",
                                                "Parallel Aware": true,
                                                "Relation Name": "title",
                                                "Schema": "public",
                                                "Alias": "t",
                                                "Startup Cost": 0.0,
                                                "Total Cost": 45479.21,
                                                "Plan Rows": 147406,
                                                "Plan Width": 4,
                                                "Actual Startup Time": 49.234,
                                                "Actual Total Time": 76.809,
                                                "Actual Rows": 84961,
                                                "Actual Loops": 7,
                                                "Output": [
                                                    "t.id"
                                                ],
                                                "Filter": "((t.production_year < 2012) AND (t.kind_id = 1))",
                                                "Rows Removed by Filter": 276226,
                                                "Workers": [
                                                    {
                                                        "Worker Number": 0,
                                                        "Actual Startup Time": 49.217,
                                                        "Actual Total Time": 76.81,
                                                        "Actual Rows": 85475,
                                                        "Actual Loops": 1
                                                    },
                                                    {
                                                        "Worker Number": 1,
                                                        "Actual Startup Time": 49.351,
                                                        "Actual Total Time": 77.897,
                                                        "Actual Rows": 60455,
                                                        "Actual Loops": 1
                                                    },
                                                    {
                                                        "Worker Number": 2,
                                                        "Actual Startup Time": 49.064,
                                                        "Actual Total Time": 76.921,
                                                        "Actual Rows": 85067,
                                                        "Actual Loops": 1
                                                    },
                                                    {
                                                        "Worker Number": 3,
                                                        "Actual Startup Time": 49.36,
                                                        "Actual Total Time": 77.17,
                                                        "Actual Rows": 87647,
                                                        "Actual Loops": 1
                                                    },
                                                    {
                                                        "Worker Number": 4,
                                                        "Actual Startup Time": 49.055,
                                                        "Actual Total Time": 76.845,
                                                        "Actual Rows": 85481,
                                                        "Actual Loops": 1
                                                    },
                                                    {
                                                        "Worker Number": 5,
                                                        "Actual Startup Time": 49.4,
                                                        "Actual Total Time": 77.148,
                                                        "Actual Rows": 86495,
                                                        "Actual Loops": 1
                                                    }
                                                ]
                                            }
                                        ]
                                    }
                                ]
                            }
                        ]
                    }
                ]
            }
        ]
    },
    "Planning Time": 0.811,
    "Triggers": [],
    "Execution Time": 1486.492
}