[
  {
    "Plan": {
      "Node Type": "Aggregate",
      "Strategy": "Plain",
      "Partial Mode": "Finalize",
      "Parallel Aware": false,
      "Startup Cost": 343905.65,
      "Total Cost": 343905.66,
      "Plan Rows": 1,
      "Plan Width": 8,
      "Actual Startup Time": 811.31,
      "Actual Total Time": 847.941,
      "Actual Rows": 1,
      "Actual Loops": 1,
      "Plans": [
        {
          "Node Type": "Gather",
          "Parent Relationship": "Outer",
          "Parallel Aware": false,
          "Startup Cost": 343905.02,
          "Total Cost": 343905.63,
          "Plan Rows": 6,
          "Plan Width": 8,
          "Actual Startup Time": 811.229,
          "Actual Total Time": 847.934,
          "Actual Rows": 7,
          "Actual Loops": 1,
          "Workers Planned": 6,
          "Workers Launched": 6,
          "Single Copy": false,
          "Plans": [
            {
              "Node Type": "Aggregate",
              "Strategy": "Plain",
              "Partial Mode": "Partial",
              "Parent Relationship": "Outer",
              "Parallel Aware": false,
              "Startup Cost": 342905.02,
              "Total Cost": 342905.03,
              "Plan Rows": 1,
              "Plan Width": 8,
              "Actual Startup Time": 805.925,
              "Actual Total Time": 805.926,
              "Actual Rows": 1,
              "Actual Loops": 7,
              "Plans": [
                {
                  "Node Type": "Seq Scan",
                  "Parent Relationship": "Outer",
                  "Parallel Aware": true,
                  "Relation Name": "cast_info",
                  "Alias": "ci",
                  "Startup Cost": 0.0,
                  "Total Cost": 328213.62,
                  "Plan Rows": 5876562,
                  "Plan Width": 0,
                  "Actual Startup Time": 11.243,
                  "Actual Total Time": 588.17,
                  "Actual Rows": 5030984,
                  "Actual Loops": 7,
                  "Filter": "(person_id > 104922)",
                  "Rows Removed by Filter": 146779
                }
              ]
            }
          ]
        }
      ]
    },
    "Planning Time": 0.096,
    "Triggers": [],
    "Execution Time": 847.977
  }
]