{
  "Plan": {
    "Node Type": "Aggregate",
    "Strategy": "Plain",
    "Partial Mode": "Finalize",
    "Parallel Aware": false,
    "Startup Cost": 286948.66,
    "Total Cost": 286948.67,
    "Plan Rows": 1,
    "Plan Width": 8,
    "Actual Startup Time": 1413.477,
    "Actual Total Time": 1439.047,
    "Actual Rows": 1,
    "Actual Loops": 1,
    "Plans": [
      {
        "Node Type": "Gather",
        "Parent Relationship": "Outer",
        "Parallel Aware": false,
        "Startup Cost": 286948.55,
        "Total Cost": 286948.66,
        "Plan Rows": 1,
        "Plan Width": 8,
        "Actual Startup Time": 1405.14,
        "Actual Total Time": 1439.038,
        "Actual Rows": 2,
        "Actual Loops": 1,
        "Workers Planned": 1,
        "Workers Launched": 1,
        "Single Copy": false,
        "Plans": [
          {
            "Node Type": "Aggregate",
            "Strategy": "Plain",
            "Partial Mode": "Partial",
            "Parent Relationship": "Outer",
            "Parallel Aware": false,
            "Startup Cost": 285948.55,
            "Total Cost": 285948.56,
            "Plan Rows": 1,
            "Plan Width": 8,
            "Actual Startup Time": 1398.868,
            "Actual Total Time": 1399.183,
            "Actual Rows": 1,
            "Actual Loops": 2,
            "Plans": [
              {
                "Node Type": "Hash Join",
                "Parent Relationship": "Outer",
                "Parallel Aware": true,
                "Join Type": "Inner",
                "Startup Cost": 244172.14,
                "Total Cost": 285386.9,
                "Plan Rows": 224657,
                "Plan Width": 0,
                "Actual Startup Time": 810.924,
                "Actual Total Time": 1292.881,
                "Actual Rows": 2043681,
                "Actual Loops": 2,
                "Inner Unique": false,
                "Hash Cond": "(mc.movie_id = t.id)",
                "Plans": [
                  {
                    "Node Type": "Seq Scan",
                    "Parent Relationship": "Outer",
                    "Parallel Aware": true,
                    "Relation Name": "movie_companies",
                    "Alias": "mc",
                    "Startup Cost": 0.0,
                    "Total Cost": 34137.82,
                    "Plan Rows": 1534782,
                    "Plan Width": 4,
                    "Actual Startup Time": 0.022,
                    "Actual Total Time": 118.401,
                    "Actual Rows": 1304564,
                    "Actual Loops": 2
                  },
                  {
                    "Node Type": "Hash",
                    "Parent Relationship": "Inner",
                    "Parallel Aware": true,
                    "Startup Cost": 241450.94,
                    "Total Cost": 241450.94,
                    "Plan Rows": 217696,
                    "Plan Width": 8,
                    "Actual Startup Time": 804.771,
                    "Actual Total Time": 805.084,
                    "Actual Rows": 184109,
                    "Actual Loops": 2,
                    "Hash Buckets": 524288,
                    "Original Hash Buckets": 524288,
                    "Hash Batches": 1,
                    "Original Hash Batches": 1,
                    "Peak Memory Usage": 18528,
                    "Plans": [
                      {
                        "Node Type": "Hash Join",
                        "Parent Relationship": "Outer",
                        "Parallel Aware": true,
                        "Join Type": "Inner",
                        "Startup Cost": 76165.29,
                        "Total Cost": 241450.94,
                        "Plan Rows": 217696,
                        "Plan Width": 8,
                        "Actual Startup Time": 656.0,
                        "Actual Total Time": 760.842,
                        "Actual Rows": 184109,
                        "Actual Loops": 2,
                        "Inner Unique": true,
                        "Hash Cond": "(mi.movie_id = t.id)",
                        "Plans": [
                          {
                            "Node Type": "Bitmap Heap Scan",
                            "Parent Relationship": "Outer",
                            "Parallel Aware": true,
                            "Relation Name": "movie_info",
                            "Alias": "mi",
                            "Startup Cost": 6704.59,
                            "Total Cost": 171418.79,
                            "Plan Rows": 217696,
                            "Plan Width": 4,
                            "Actual Startup Time": 13.755,
                            "Actual Total Time": 51.094,
                            "Actual Rows": 184109,
                            "Actual Loops": 2,
                            "Recheck Cond": "(info_type_id = 17)",
                            "Rows Removed by Index Recheck": 0,
                            "Exact Heap Blocks": 6520,
                            "Lossy Heap Blocks": 0,
                            "Plans": [
                              {
                                "Node Type": "Bitmap Index Scan",
                                "Parent Relationship": "Outer",
                                "Parallel Aware": false,
                                "Index Name": "info_type_id_movie_info",
                                "Startup Cost": 0.0,
                                "Total Cost": 6612.07,
                                "Plan Rows": 370084,
                                "Plan Width": 0,
                                "Actual Startup Time": 12.106,
                                "Actual Total Time": 12.107,
                                "Actual Rows": 368218,
                                "Actual Loops": 1,
                                "Index Cond": "(info_type_id = 17)"
                              }
                            ]
                          },
                          {
                            "Node Type": "Hash",
                            "Parent Relationship": "Inner",
                            "Parallel Aware": true,
                            "Startup Cost": 50870.31,
                            "Total Cost": 50870.31,
                            "Plan Rows": 1487231,
                            "Plan Width": 4,
                            "Actual Startup Time": 622.177,
                            "Actual Total Time": 622.178,
                            "Actual Rows": 1264156,
                            "Actual Loops": 2,
                            "Hash Buckets": 4194304,
                            "Original Hash Buckets": 4194304,
                            "Hash Batches": 1,
                            "Original Hash Batches": 1,
                            "Peak Memory Usage": 131712,
                            "Plans": [
                              {
                                "Node Type": "Seq Scan",
                                "Parent Relationship": "Outer",
                                "Parallel Aware": true,
                                "Relation Name": "title",
                                "Alias": "t",
                                "Startup Cost": 0.0,
                                "Total Cost": 50870.31,
                                "Plan Rows": 1487231,
                                "Plan Width": 4,
                                "Actual Startup Time": 0.048,
                                "Actual Total Time": 187.515,
                                "Actual Rows": 1264156,
                                "Actual Loops": 2
                              }
                            ]
                          }
                        ]
                      }
                    ]
                  }
                ]
              }
            ]
          }
        ]
      }
    ]
  },
  "Planning Time": 0.786,
  "Triggers": [],
  "Execution Time": 1439.14
}