[
    {
        "Bao": {
            "Bao prediction": "NaN",
            "Bao recommended hint": "(no hint)"
        }
    },
    {
        "Plan": {
            "Node Type": "Aggregate",
            "Strategy": "Plain",
            "Partial Mode": "Finalize",
            "Parallel Aware": false,
            "Startup Cost": 337997.95,
            "Total Cost": 337997.96,
            "Plan Rows": 1,
            "Plan Width": 8,
            "Actual Startup Time": 678.702,
            "Actual Total Time": 713.057,
            "Actual Rows": 1,
            "Actual Loops": 1,
            "Output": [
                "count(*)"
            ],
            "Plans": [
                {
                    "Node Type": "Gather",
                    "Parent Relationship": "Outer",
                    "Parallel Aware": false,
                    "Startup Cost": 337997.32,
                    "Total Cost": 337997.93,
                    "Plan Rows": 6,
                    "Plan Width": 8,
                    "Actual Startup Time": 678.619,
                    "Actual Total Time": 713.049,
                    "Actual Rows": 7,
                    "Actual Loops": 1,
                    "Output": [
                        "(PARTIAL count(*))"
                    ],
                    "Workers Planned": 6,
                    "Workers Launched": 6,
                    "Single Copy": false,
                    "Plans": [
                        {
                            "Node Type": "Aggregate",
                            "Strategy": "Plain",
                            "Partial Mode": "Partial",
                            "Parent Relationship": "Outer",
                            "Parallel Aware": false,
                            "Startup Cost": 336997.32,
                            "Total Cost": 336997.33,
                            "Plan Rows": 1,
                            "Plan Width": 8,
                            "Actual Startup Time": 668.868,
                            "Actual Total Time": 668.869,
                            "Actual Rows": 1,
                            "Actual Loops": 7,
                            "Output": [
                                "PARTIAL count(*)"
                            ],
                            "Workers": [
                                {
                                    "Worker Number": 0,
                                    "Actual Startup Time": 666.536,
                                    "Actual Total Time": 666.537,
                                    "Actual Rows": 1,
                                    "Actual Loops": 1
                                },
                                {
                                    "Worker Number": 1,
                                    "Actual Startup Time": 666.728,
                                    "Actual Total Time": 666.729,
                                    "Actual Rows": 1,
                                    "Actual Loops": 1
                                },
                                {
                                    "Worker Number": 2,
                                    "Actual Startup Time": 667.193,
                                    "Actual Total Time": 667.194,
                                    "Actual Rows": 1,
                                    "Actual Loops": 1
                                },
                                {
                                    "Worker Number": 3,
                                    "Actual Startup Time": 667.475,
                                    "Actual Total Time": 667.476,
                                    "Actual Rows": 1,
                                    "Actual Loops": 1
                                },
                                {
                                    "Worker Number": 4,
                                    "Actual Startup Time": 667.83,
                                    "Actual Total Time": 667.831,
                                    "Actual Rows": 1,
                                    "Actual Loops": 1
                                },
                                {
                                    "Worker Number": 5,
                                    "Actual Startup Time": 668.055,
                                    "Actual Total Time": 668.056,
                                    "Actual Rows": 1,
                                    "Actual Loops": 1
                                }
                            ],
                            "Plans": [
                                {
                                    "Node Type": "Seq Scan",
                                    "Parent Relationship": "Outer",
                                    "Parallel Aware": true,
                                    "Relation Name": "cast_info",
                                    "Schema": "public",
                                    "Alias": "ci",
                                    "Startup Cost": 0.0,
                                    "Total Cost": 328213.62,
                                    "Plan Rows": 3513482,
                                    "Plan Width": 0,
                                    "Actual Startup Time": 153.578,
                                    "Actual Total Time": 545.337,
                                    "Actual Rows": 3016649,
                                    "Actual Loops": 7,
                                    "Output": [
                                        "id",
                                        "person_id",
                                        "movie_id",
                                        "person_role_id",
                                        "note",
                                        "nr_order",
                                        "role_id"
                                    ],
                                    "Filter": "(ci.person_id > 1492343)",
                                    "Rows Removed by Filter": 2161114,
                                    "Workers": [
                                        {
                                            "Worker Number": 0,
                                            "Actual Startup Time": 151.228,
                                            "Actual Total Time": 547.792,
                                            "Actual Rows": 2923329,
                                            "Actual Loops": 1
                                        },
                                        {
                                            "Worker Number": 1,
                                            "Actual Startup Time": 151.445,
                                            "Actual Total Time": 546.962,
                                            "Actual Rows": 2867634,
                                            "Actual Loops": 1
                                        },
                                        {
                                            "Worker Number": 2,
                                            "Actual Startup Time": 151.896,
                                            "Actual Total Time": 548.528,
                                            "Actual Rows": 2920449,
                                            "Actual Loops": 1
                                        },
                                        {
                                            "Worker Number": 3,
                                            "Actual Startup Time": 152.205,
                                            "Actual Total Time": 548.876,
                                            "Actual Rows": 2917287,
                                            "Actual Loops": 1
                                        },
                                        {
                                            "Worker Number": 4,
                                            "Actual Startup Time": 152.544,
                                            "Actual Total Time": 548.389,
                                            "Actual Rows": 2860012,
                                            "Actual Loops": 1
                                        },
                                        {
                                            "Worker Number": 5,
                                            "Actual Startup Time": 152.775,
                                            "Actual Total Time": 548.24,
                                            "Actual Rows": 2866188,
                                            "Actual Loops": 1
                                        }
                                    ]
                                }
                            ]
                        }
                    ]
                }
            ]
        },
        "Planning Time": 241.872,
        "Triggers": [],
        "Execution Time": 713.107
    }
]