[
  {
    "Plan": {
      "Node Type": "Aggregate",
      "Strategy": "Plain",
      "Partial Mode": "Finalize",
      "Parallel Aware": false,
      "Startup Cost": 278342.18,
      "Total Cost": 278342.19,
      "Plan Rows": 1,
      "Plan Width": 8,
      "Actual Startup Time": 1310.006,
      "Actual Total Time": 1358.601,
      "Actual Rows": 1,
      "Actual Loops": 1,
      "Plans": [
        {
          "Node Type": "Gather",
          "Parent Relationship": "Outer",
          "Parallel Aware": false,
          "Startup Cost": 278341.66,
          "Total Cost": 278342.17,
          "Plan Rows": 5,
          "Plan Width": 8,
          "Actual Startup Time": 1298.987,
          "Actual Total Time": 1358.593,
          "Actual Rows": 6,
          "Actual Loops": 1,
          "Workers Planned": 5,
          "Workers Launched": 5,
          "Single Copy": false,
          "Plans": [
            {
              "Node Type": "Aggregate",
              "Strategy": "Plain",
              "Partial Mode": "Partial",
              "Parent Relationship": "Outer",
              "Parallel Aware": false,
              "Startup Cost": 277341.66,
              "Total Cost": 277341.67,
              "Plan Rows": 1,
              "Plan Width": 8,
              "Actual Startup Time": 1288.666,
              "Actual Total Time": 1288.673,
              "Actual Rows": 1,
              "Actual Loops": 6,
              "Plans": [
                {
                  "Node Type": "Hash Join",
                  "Parent Relationship": "Outer",
                  "Parallel Aware": true,
                  "Join Type": "Inner",
                  "Startup Cost": 66385.08,
                  "Total Cost": 276470.39,
                  "Plan Rows": 348510,
                  "Plan Width": 0,
                  "Actual Startup Time": 321.386,
                  "Actual Total Time": 1201.43,
                  "Actual Rows": 1716108,
                  "Actual Loops": 6,
                  "Inner Unique": false,
                  "Hash Cond": "(mi.movie_id = t.id)",
                  "Plans": [
                    {
                      "Node Type": "Seq Scan",
                      "Parent Relationship": "Outer",
                      "Parallel Aware": true,
                      "Relation Name": "movie_info",
                      "Alias": "mi",
                      "Startup Cost": 0.0,
                      "Total Cost": 199108.24,
                      "Plan Rows": 2539986,
                      "Plan Width": 4,
                      "Actual Startup Time": 0.04,
                      "Actual Total Time": 394.96,
                      "Actual Rows": 2124109,
                      "Actual Loops": 6,
                      "Filter": "(info_type_id > 2)",
                      "Rows Removed by Filter": 348511
                    },
                    {
                      "Node Type": "Hash",
                      "Parent Relationship": "Inner",
                      "Parallel Aware": true,
                      "Startup Cost": 64578.19,
                      "Total Cost": 64578.19,
                      "Plan Rows": 144551,
                      "Plan Width": 8,
                      "Actual Startup Time": 317.559,
                      "Actual Total Time": 317.564,
                      "Actual Rows": 105027,
                      "Actual Loops": 6,
                      "Hash Buckets": 1048576,
                      "Original Hash Buckets": 524288,
                      "Hash Batches": 1,
                      "Original Hash Batches": 1,
                      "Peak Memory Usage": 37024,
                      "Plans": [
                        {
                          "Node Type": "Hash Join",
                          "Parent Relationship": "Outer",
                          "Parallel Aware": true,
                          "Join Type": "Inner",
                          "Startup Cost": 48444.2,
                          "Total Cost": 64578.19,
                          "Plan Rows": 144551,
                          "Plan Width": 8,
                          "Actual Startup Time": 177.932,
                          "Actual Total Time": 261.078,
                          "Actual Rows": 105027,
                          "Actual Loops": 6,
                          "Inner Unique": true,
                          "Hash Cond": "(mi_idx.movie_id = t.id)",
                          "Plans": [
                            {
                              "Node Type": "Seq Scan",
                              "Parent Relationship": "Outer",
                              "Parallel Aware": true,
                              "Relation Name": "movie_info_idx",
                              "Alias": "mi_idx",
                              "Startup Cost": 0.0,
                              "Total Cost": 15122.68,
                              "Plan Rows": 385260,
                              "Plan Width": 4,
                              "Actual Startup Time": 0.015,
                              "Actual Total Time": 33.335,
                              "Actual Rows": 153352,
                              "Actual Loops": 6,
                              "Filter": "(info_type_id > 99)",
                              "Rows Removed by Filter": 76654
                            },
                            {
                              "Node Type": "Hash",
                              "Parent Relationship": "Inner",
                              "Parallel Aware": true,
                              "Startup Cost": 45479.59,
                              "Total Cost": 45479.59,
                              "Plan Rows": 237169,
                              "Plan Width": 4,
                              "Actual Startup Time": 175.657,
                              "Actual Total Time": 175.658,
                              "Actual Rows": 158878,
                              "Actual Loops": 6,
                              "Hash Buckets": 1048576,
                              "Original Hash Buckets": 1048576,
                              "Hash Batches": 1,
                              "Original Hash Batches": 1,
                              "Peak Memory Usage": 45568,
                              "Plans": [
                                {
                                  "Node Type": "Seq Scan",
                                  "Parent Relationship": "Outer",
                                  "Parallel Aware": true,
                                  "Relation Name": "title",
                                  "Alias": "t",
                                  "Startup Cost": 0.0,
                                  "Total Cost": 45479.59,
                                  "Plan Rows": 237169,
                                  "Plan Width": 4,
                                  "Actual Startup Time": 0.058,
                                  "Actual Total Time": 97.462,
                                  "Actual Rows": 158878,
                                  "Actual Loops": 6,
                                  "Filter": "((kind_id < 7) AND (production_year > 1909))",
                                  "Rows Removed by Filter": 262507
                                }
                              ]
                            }
                          ]
                        }
                      ]
                    }
                  ]
                }
              ]
            }
          ]
        }
      ]
    },
    "Planning Time": 1.463,
    "Triggers": [],
    "Execution Time": 1358.703
  }
]