[
  {
    "Plan": {
      "Node Type": "Aggregate",
      "Strategy": "Plain",
      "Partial Mode": "Finalize",
      "Parallel Aware": false,
      "Startup Cost": 341234.59,
      "Total Cost": 341234.6,
      "Plan Rows": 1,
      "Plan Width": 8,
      "Actual Startup Time": 770.344,
      "Actual Total Time": 838.139,
      "Actual Rows": 1,
      "Actual Loops": 1,
      "Plans": [
        {
          "Node Type": "Gather",
          "Parent Relationship": "Outer",
          "Parallel Aware": false,
          "Startup Cost": 341233.96,
          "Total Cost": 341234.57,
          "Plan Rows": 6,
          "Plan Width": 8,
          "Actual Startup Time": 770.229,
          "Actual Total Time": 838.129,
          "Actual Rows": 7,
          "Actual Loops": 1,
          "Workers Planned": 6,
          "Workers Launched": 6,
          "Single Copy": false,
          "Plans": [
            {
              "Node Type": "Aggregate",
              "Strategy": "Plain",
              "Partial Mode": "Partial",
              "Parent Relationship": "Outer",
              "Parallel Aware": false,
              "Startup Cost": 340233.96,
              "Total Cost": 340233.97,
              "Plan Rows": 1,
              "Plan Width": 8,
              "Actual Startup Time": 761.815,
              "Actual Total Time": 761.816,
              "Actual Rows": 1,
              "Actual Loops": 7,
              "Plans": [
                {
                  "Node Type": "Seq Scan",
                  "Parent Relationship": "Outer",
                  "Parallel Aware": true,
                  "Relation Name": "cast_info",
                  "Alias": "ci",
                  "Startup Cost": 0.0,
                  "Total Cost": 328162.03,
                  "Plan Rows": 4828774,
                  "Plan Width": 0,
                  "Actual Startup Time": 0.048,
                  "Actual Total Time": 595.116,
                  "Actual Rows": 4158617,
                  "Actual Loops": 7,
                  "Filter": "(person_id < 2953832)",
                  "Rows Removed by Filter": 1019146
                }
              ]
            }
          ]
        }
      ]
    },
    "Planning Time": 0.201,
    "Triggers": [],
    "Execution Time": 838.213
  }
]