[
  {
    "Plan": {
      "Node Type": "Aggregate",
      "Strategy": "Plain",
      "Partial Mode": "Finalize",
      "Parallel Aware": false,
      "Startup Cost": 95569.13,
      "Total Cost": 95569.14,
      "Plan Rows": 1,
      "Plan Width": 8,
      "Actual Startup Time": 496.759,
      "Actual Total Time": 515.225,
      "Actual Rows": 1,
      "Actual Loops": 1,
      "Plans": [
        {
          "Node Type": "Gather",
          "Parent Relationship": "Outer",
          "Parallel Aware": false,
          "Startup Cost": 95568.91,
          "Total Cost": 95569.12,
          "Plan Rows": 2,
          "Plan Width": 8,
          "Actual Startup Time": 491.536,
          "Actual Total Time": 515.214,
          "Actual Rows": 3,
          "Actual Loops": 1,
          "Workers Planned": 2,
          "Workers Launched": 2,
          "Single Copy": false,
          "Plans": [
            {
              "Node Type": "Aggregate",
              "Strategy": "Plain",
              "Partial Mode": "Partial",
              "Parent Relationship": "Outer",
              "Parallel Aware": false,
              "Startup Cost": 94568.91,
              "Total Cost": 94568.92,
              "Plan Rows": 1,
              "Plan Width": 8,
              "Actual Startup Time": 487.415,
              "Actual Total Time": 487.892,
              "Actual Rows": 1,
              "Actual Loops": 3,
              "Plans": [
                {
                  "Node Type": "Hash Join",
                  "Parent Relationship": "Outer",
                  "Parallel Aware": true,
                  "Join Type": "Inner",
                  "Startup Cost": 78595.99,
                  "Total Cost": 94511.51,
                  "Plan Rows": 22963,
                  "Plan Width": 0,
                  "Actual Startup Time": 393.518,
                  "Actual Total Time": 478.946,
                  "Actual Rows": 195745,
                  "Actual Loops": 3,
                  "Inner Unique": false,
                  "Hash Cond": "(mi_idx.movie_id = t.id)",
                  "Plans": [
                    {
                      "Node Type": "Seq Scan",
                      "Parent Relationship": "Outer",
                      "Parallel Aware": true,
                      "Relation Name": "movie_info_idx",
                      "Alias": "mi_idx",
                      "Startup Cost": 0.0,
                      "Total Cost": 13685.15,
                      "Plan Rows": 575015,
                      "Plan Width": 4,
                      "Actual Startup Time": 0.034,
                      "Actual Total Time": 41.72,
                      "Actual Rows": 460012,
                      "Actual Loops": 3
                    },
                    {
                      "Node Type": "Hash",
                      "Parent Relationship": "Inner",
                      "Parallel Aware": true,
                      "Startup Cost": 78188.85,
                      "Total Cost": 78188.85,
                      "Plan Rows": 32571,
                      "Plan Width": 8,
                      "Actual Startup Time": 367.131,
                      "Actual Total Time": 367.606,
                      "Actual Rows": 83461,
                      "Actual Loops": 3,
                      "Hash Buckets": 262144,
                      "Original Hash Buckets": 131072,
                      "Hash Batches": 1,
                      "Original Hash Batches": 1,
                      "Peak Memory Usage": 12928,
                      "Plans": [
                        {
                          "Node Type": "Hash Join",
                          "Parent Relationship": "Outer",
                          "Parallel Aware": true,
                          "Join Type": "Inner",
                          "Startup Cost": 52472.2,
                          "Total Cost": 78188.85,
                          "Plan Rows": 32571,
                          "Plan Width": 8,
                          "Actual Startup Time": 260.832,
                          "Actual Total Time": 342.655,
                          "Actual Rows": 83461,
                          "Actual Loops": 3,
                          "Inner Unique": true,
                          "Hash Cond": "(mk.movie_id = t.id)",
                          "Plans": [
                            {
                              "Node Type": "Bitmap Heap Scan",
                              "Parent Relationship": "Outer",
                              "Parallel Aware": true,
                              "Relation Name": "movie_keyword",
                              "Alias": "mk",
                              "Startup Cost": 5490.06,
                              "Total Cost": 30987.56,
                              "Plan Rows": 83481,
                              "Plan Width": 4,
                              "Actual Startup Time": 26.297,
                              "Actual Total Time": 75.207,
                              "Actual Rows": 88493,
                              "Actual Loops": 3,
                              "Recheck Cond": "(keyword_id > 59003)",
                              "Rows Removed by Index Recheck": 0,
                              "Exact Heap Blocks": 6472,
                              "Lossy Heap Blocks": 0,
                              "Plans": [
                                {
                                  "Node Type": "Bitmap Index Scan",
                                  "Parent Relationship": "Outer",
                                  "Parallel Aware": false,
                                  "Index Name": "keyword_id_movie_keyword",
                                  "Startup Cost": 0.0,
                                  "Total Cost": 5425.36,
                                  "Plan Rows": 258790,
                                  "Plan Width": 0,
                                  "Actual Startup Time": 23.101,
                                  "Actual Total Time": 23.102,
                                  "Actual Rows": 265479,
                                  "Actual Loops": 1,
                                  "Index Cond": "(keyword_id > 59003)"
                                }
                              ]
                            },
                            {
                              "Node Type": "Hash",
                              "Parent Relationship": "Inner",
                              "Parallel Aware": true,
                              "Startup Cost": 43899.32,
                              "Total Cost": 43899.32,
                              "Plan Rows": 246626,
                              "Plan Width": 4,
                              "Actual Startup Time": 231.542,
                              "Actual Total Time": 231.543,
                              "Actual Rows": 328349,
                              "Actual Loops": 3,
                              "Hash Buckets": 1048576,
                              "Original Hash Buckets": 1048576,
                              "Hash Batches": 1,
                              "Original Hash Batches": 1,
                              "Peak Memory Usage": 46784,
                              "Plans": [
                                {
                                  "Node Type": "Seq Scan",
                                  "Parent Relationship": "Outer",
                                  "Parallel Aware": true,
                                  "Relation Name": "title",
                                  "Alias": "t",
                                  "Startup Cost": 0.0,
                                  "Total Cost": 43899.32,
                                  "Plan Rows": 246626,
                                  "Plan Width": 4,
                                  "Actual Startup Time": 0.034,
                                  "Actual Total Time": 122.93,
                                  "Actual Rows": 328349,
                                  "Actual Loops": 3,
                                  "Filter": "(kind_id < 7)",
                                  "Rows Removed by Filter": 514421
                                }
                              ]
                            }
                          ]
                        }
                      ]
                    }
                  ]
                }
              ]
            }
          ]
        }
      ]
    },
    "Planning Time": 0.583,
    "Triggers": [],
    "Execution Time": 515.288
  }
]