[
  {
    "Plan": {
      "Node Type": "Aggregate",
      "Strategy": "Plain",
      "Partial Mode": "Finalize",
      "Parallel Aware": false,
      "Startup Cost": 685352.65,
      "Total Cost": 685352.66,
      "Plan Rows": 1,
      "Plan Width": 96,
      "Actual Startup Time": 2693.423,
      "Actual Total Time": 2846.075,
      "Actual Rows": 1,
      "Actual Loops": 1,
      "Plans": [
        {
          "Node Type": "Gather",
          "Parent Relationship": "Outer",
          "Parallel Aware": false,
          "Startup Cost": 685352.21,
          "Total Cost": 685352.62,
          "Plan Rows": 4,
          "Plan Width": 96,
          "Actual Startup Time": 2692.561,
          "Actual Total Time": 2846.04,
          "Actual Rows": 5,
          "Actual Loops": 1,
          "Workers Planned": 4,
          "Workers Launched": 4,
          "Single Copy": false,
          "Plans": [
            {
              "Node Type": "Aggregate",
              "Strategy": "Plain",
              "Partial Mode": "Partial",
              "Parent Relationship": "Outer",
              "Parallel Aware": false,
              "Startup Cost": 684352.21,
              "Total Cost": 684352.22,
              "Plan Rows": 1,
              "Plan Width": 96,
              "Actual Startup Time": 2681.816,
              "Actual Total Time": 2681.842,
              "Actual Rows": 1,
              "Actual Loops": 5,
              "Plans": [
                {
                  "Node Type": "Hash Join",
                  "Parent Relationship": "Outer",
                  "Parallel Aware": true,
                  "Join Type": "Inner",
                  "Startup Cost": 615133.79,
                  "Total Cost": 684352.2,
                  "Plan Rows": 1,
                  "Plan Width": 66,
                  "Actual Startup Time": 2551.273,
                  "Actual Total Time": 2681.485,
                  "Actual Rows": 1017,
                  "Actual Loops": 5,
                  "Inner Unique": false,
                  "Hash Cond": "(n.id = ci.person_id)",
                  "Plans": [
                    {
                      "Node Type": "Seq Scan",
                      "Parent Relationship": "Outer",
                      "Parallel Aware": true,
                      "Relation Name": "name",
                      "Alias": "n",
                      "Startup Cost": 0.0,
                      "Total Cost": 68635.58,
                      "Plan Rows": 155418,
                      "Plan Width": 4,
                      "Actual Startup Time": 74.056,
                      "Actual Total Time": 176.754,
                      "Actual Rows": 192311,
                      "Actual Loops": 5,
                      "Filter": "((gender IS NOT NULL) AND ((gender)::text = 'f'::text))",
                      "Rows Removed by Filter": 641187
                    },
                    {
                      "Node Type": "Hash",
                      "Parent Relationship": "Inner",
                      "Parallel Aware": true,
                      "Startup Cost": 615133.77,
                      "Total Cost": 615133.77,
                      "Plan Rows": 1,
                      "Plan Width": 70,
                      "Actual Startup Time": 2475.706,
                      "Actual Total Time": 2475.729,
                      "Actual Rows": 4936,
                      "Actual Loops": 5,
                      "Hash Buckets": 32768,
                      "Original Hash Buckets": 1024,
                      "Hash Batches": 1,
                      "Original Hash Batches": 1,
                      "Peak Memory Usage": 2328,
                      "Plans": [
                        {
                          "Node Type": "Hash Join",
                          "Parent Relationship": "Outer",
                          "Parallel Aware": true,
                          "Join Type": "Inner",
                          "Startup Cost": 261500.08,
                          "Total Cost": 615133.77,
                          "Plan Rows": 1,
                          "Plan Width": 70,
                          "Actual Startup Time": 877.045,
                          "Actual Total Time": 2305.228,
                          "Actual Rows": 4936,
                          "Actual Loops": 5,
                          "Inner Unique": false,
                          "Hash Cond": "(ci.movie_id = t.id)",
                          "Plans": [
                            {
                              "Node Type": "Seq Scan",
                              "Parent Relationship": "Outer",
                              "Parallel Aware": true,
                              "Relation Name": "cast_info",
                              "Alias": "ci",
                              "Startup Cost": 0.0,
                              "Total Cost": 350807.07,
                              "Plan Rows": 753763,
                              "Plan Width": 8,
                              "Actual Startup Time": 0.027,
                              "Actual Total Time": 1290.827,
                              "Actual Rows": 896875,
                              "Actual Loops": 5,
                              "Filter": "(note = ANY ('{(producer),(writer),\"(executive producer)\",(uncredited),(voice)}'::text[]))",
                              "Rows Removed by Filter": 6351994
                            },
                            {
                              "Node Type": "Hash",
                              "Parent Relationship": "Inner",
                              "Parallel Aware": true,
                              "Startup Cost": 261500.07,
                              "Total Cost": 261500.07,
                              "Plan Rows": 1,
                              "Plan Width": 78,
                              "Actual Startup Time": 876.622,
                              "Actual Total Time": 876.642,
                              "Actual Rows": 405,
                              "Actual Loops": 5,
                              "Hash Buckets": 1024,
                              "Original Hash Buckets": 1024,
                              "Hash Batches": 1,
                              "Original Hash Batches": 1,
                              "Peak Memory Usage": 200,
                              "Plans": [
                                {
                                  "Node Type": "Hash Join",
                                  "Parent Relationship": "Outer",
                                  "Parallel Aware": true,
                                  "Join Type": "Inner",
                                  "Startup Cost": 214540.06,
                                  "Total Cost": 261500.07,
                                  "Plan Rows": 1,
                                  "Plan Width": 78,
                                  "Actual Startup Time": 715.462,
                                  "Actual Total Time": 876.181,
                                  "Actual Rows": 405,
                                  "Actual Loops": 5,
                                  "Inner Unique": false,
                                  "Hash Cond": "(t.id = mi.movie_id)",
                                  "Plans": [
                                    {
                                      "Node Type": "Seq Scan",
                                      "Parent Relationship": "Outer",
                                      "Parallel Aware": true,
                                      "Relation Name": "title",
                                      "Alias": "t",
                                      "Startup Cost": 0.0,
                                      "Total Cost": 45478.74,
                                      "Plan Rows": 395004,
                                      "Plan Width": 21,
                                      "Actual Startup Time": 0.032,
                                      "Actual Total Time": 120.338,
                                      "Actual Rows": 315234,
                                      "Actual Loops": 5,
                                      "Filter": "((production_year >= 1995) AND (production_year <= 2012))",
                                      "Rows Removed by Filter": 190428
                                    },
                                    {
                                      "Node Type": "Hash",
                                      "Parent Relationship": "Inner",
                                      "Parallel Aware": true,
                                      "Startup Cost": 214540.05,
                                      "Total Cost": 214540.05,
                                      "Plan Rows": 1,
                                      "Plan Width": 57,
                                      "Actual Startup Time": 713.928,
                                      "Actual Total Time": 713.943,
                                      "Actual Rows": 868,
                                      "Actual Loops": 5,
                                      "Hash Buckets": 4096,
                                      "Original Hash Buckets": 1024,
                                      "Hash Batches": 1,
                                      "Original Hash Batches": 1,
                                      "Peak Memory Usage": 440,
                                      "Plans": [
                                        {
                                          "Node Type": "Hash Join",
                                          "Parent Relationship": "Outer",
                                          "Parallel Aware": true,
                                          "Join Type": "Inner",
                                          "Startup Cost": 199126.77,
                                          "Total Cost": 214540.05,
                                          "Plan Rows": 1,
                                          "Plan Width": 57,
                                          "Actual Startup Time": 641.315,
                                          "Actual Total Time": 693.93,
                                          "Actual Rows": 868,
                                          "Actual Loops": 5,
                                          "Inner Unique": false,
                                          "Hash Cond": "(mi_idx.movie_id = mi.movie_id)",
                                          "Plans": [
                                            {
                                              "Node Type": "Hash Join",
                                              "Parent Relationship": "Outer",
                                              "Parallel Aware": false,
                                              "Join Type": "Inner",
                                              "Startup Cost": 2.43,
                                              "Total Cost": 15405.44,
                                              "Plan Rows": 911,
                                              "Plan Width": 10,
                                              "Actual Startup Time": 0.098,
                                              "Actual Total Time": 46.131,
                                              "Actual Rows": 27162,
                                              "Actual Loops": 5,
                                              "Inner Unique": true,
                                              "Hash Cond": "(mi_idx.info_type_id = it2.id)",
                                              "Plans": [
                                                {
                                                  "Node Type": "Seq Scan",
                                                  "Parent Relationship": "Outer",
                                                  "Parallel Aware": true,
                                                  "Relation Name": "movie_info_idx",
                                                  "Alias": "mi_idx",
                                                  "Startup Cost": 0.0,
                                                  "Total Cost": 15122.68,
                                                  "Plan Rows": 102932,
                                                  "Plan Width": 14,
                                                  "Actual Startup Time": 0.021,
                                                  "Actual Total Time": 39.332,
                                                  "Actual Rows": 49832,
                                                  "Actual Loops": 5,
                                                  "Filter": "(info > '6.9'::text)",
                                                  "Rows Removed by Filter": 226175
                                                },
                                                {
                                                  "Node Type": "Hash",
                                                  "Parent Relationship": "Inner",
                                                  "Parallel Aware": false,
                                                  "Startup Cost": 2.41,
                                                  "Total Cost": 2.41,
                                                  "Plan Rows": 1,
                                                  "Plan Width": 4,
                                                  "Actual Startup Time": 0.03,
                                                  "Actual Total Time": 0.031,
                                                  "Actual Rows": 1,
                                                  "Actual Loops": 5,
                                                  "Hash Buckets": 1024,
                                                  "Original Hash Buckets": 1024,
                                                  "Hash Batches": 1,
                                                  "Original Hash Batches": 1,
                                                  "Peak Memory Usage": 9,
                                                  "Plans": [
                                                    {
                                                      "Node Type": "Seq Scan",
                                                      "Parent Relationship": "Outer",
                                                      "Parallel Aware": false,
                                                      "Relation Name": "info_type",
                                                      "Alias": "it2",
                                                      "Startup Cost": 0.0,
                                                      "Total Cost": 2.41,
                                                      "Plan Rows": 1,
                                                      "Plan Width": 4,
                                                      "Actual Startup Time": 0.019,
                                                      "Actual Total Time": 0.022,
                                                      "Actual Rows": 1,
                                                      "Actual Loops": 5,
                                                      "Filter": "((info)::text = 'rating'::text)",
                                                      "Rows Removed by Filter": 112
                                                    }
                                                  ]
                                                }
                                              ]
                                            },
                                            {
                                              "Node Type": "Hash",
                                              "Parent Relationship": "Inner",
                                              "Parallel Aware": true,
                                              "Startup Cost": 199123.11,
                                              "Total Cost": 199123.11,
                                              "Plan Rows": 99,
                                              "Plan Width": 47,
                                              "Actual Startup Time": 640.745,
                                              "Actual Total Time": 640.75,
                                              "Actual Rows": 12049,
                                              "Actual Loops": 5,
                                              "Hash Buckets": 65536,
                                              "Original Hash Buckets": 1024,
                                              "Hash Batches": 1,
                                              "Original Hash Batches": 1,
                                              "Peak Memory Usage": 3928,
                                              "Plans": [
                                                {
                                                  "Node Type": "Hash Join",
                                                  "Parent Relationship": "Outer",
                                                  "Parallel Aware": false,
                                                  "Join Type": "Inner",
                                                  "Startup Cost": 2.43,
                                                  "Total Cost": 199123.11,
                                                  "Plan Rows": 99,
                                                  "Plan Width": 47,
                                                  "Actual Startup Time": 556.849,
                                                  "Actual Total Time": 619.46,
                                                  "Actual Rows": 12049,
                                                  "Actual Loops": 5,
                                                  "Inner Unique": true,
                                                  "Hash Cond": "(mi.info_type_id = it1.id)",
                                                  "Plans": [
                                                    {
                                                      "Node Type": "Seq Scan",
                                                      "Parent Relationship": "Outer",
                                                      "Parallel Aware": true,
                                                      "Relation Name": "movie_info",
                                                      "Alias": "mi",
                                                      "Startup Cost": 0.0,
                                                      "Total Cost": 199090.3,
                                                      "Plan Rows": 11155,
                                                      "Plan Width": 51,
                                                      "Actual Startup Time": 406.306,
                                                      "Actual Total Time": 616.574,
                                                      "Actual Rows": 12235,
                                                      "Actual Loops": 5,
                                                      "Filter": "((note IS NULL) AND (info = ANY ('{Western,Action}'::text[])))",
                                                      "Rows Removed by Filter": 2954909
                                                    },
                                                    {
                                                      "Node Type": "Hash",
                                                      "Parent Relationship": "Inner",
                                                      "Parallel Aware": false,
                                                      "Startup Cost": 2.41,
                                                      "Total Cost": 2.41,
                                                      "Plan Rows": 1,
                                                      "Plan Width": 4,
                                                      "Actual Startup Time": 0.062,
                                                      "Actual Total Time": 0.063,
                                                      "Actual Rows": 1,
                                                      "Actual Loops": 5,
                                                      "Hash Buckets": 1024,
                                                      "Original Hash Buckets": 1024,
                                                      "Hash Batches": 1,
                                                      "Original Hash Batches": 1,
                                                      "Peak Memory Usage": 9,
                                                      "Plans": [
                                                        {
                                                          "Node Type": "Seq Scan",
                                                          "Parent Relationship": "Outer",
                                                          "Parallel Aware": false,
                                                          "Relation Name": "info_type",
                                                          "Alias": "it1",
                                                          "Startup Cost": 0.0,
                                                          "Total Cost": 2.41,
                                                          "Plan Rows": 1,
                                                          "Plan Width": 4,
                                                          "Actual Startup Time": 0.041,
                                                          "Actual Total Time": 0.049,
                                                          "Actual Rows": 1,
                                                          "Actual Loops": 5,
                                                          "Filter": "((info)::text = 'genres'::text)",
                                                          "Rows Removed by Filter": 112
                                                        }
                                                      ]
                                                    }
                                                  ]
                                                }
                                              ]
                                            }
                                          ]
                                        }
                                      ]
                                    }
                                  ]
                                }
                              ]
                            }
                          ]
                        }
                      ]
                    }
                  ]
                }
              ]
            }
          ]
        }
      ]
    },
    "Planning Time": 10.072,
    "Triggers": [],
    "Execution Time": 2846.754
  }
]