[
  {
    "Plan": {
      "Node Type": "Aggregate",
      "Strategy": "Plain",
      "Partial Mode": "Finalize",
      "Parallel Aware": false,
      "Startup Cost": 32929.67,
      "Total Cost": 32929.68,
      "Plan Rows": 1,
      "Plan Width": 8,
      "Actual Startup Time": 95.748,
      "Actual Total Time": 103.431,
      "Actual Rows": 1,
      "Actual Loops": 1,
      "Plans": [
        {
          "Node Type": "Gather",
          "Parent Relationship": "Outer",
          "Parallel Aware": false,
          "Startup Cost": 32929.36,
          "Total Cost": 32929.67,
          "Plan Rows": 3,
          "Plan Width": 8,
          "Actual Startup Time": 95.617,
          "Actual Total Time": 103.422,
          "Actual Rows": 4,
          "Actual Loops": 1,
          "Workers Planned": 3,
          "Workers Launched": 3,
          "Single Copy": false,
          "Plans": [
            {
              "Node Type": "Aggregate",
              "Strategy": "Plain",
              "Partial Mode": "Partial",
              "Parent Relationship": "Outer",
              "Parallel Aware": false,
              "Startup Cost": 31929.36,
              "Total Cost": 31929.37,
              "Plan Rows": 1,
              "Plan Width": 8,
              "Actual Startup Time": 89.421,
              "Actual Total Time": 89.422,
              "Actual Rows": 1,
              "Actual Loops": 4,
              "Plans": [
                {
                  "Node Type": "Seq Scan",
                  "Parent Relationship": "Outer",
                  "Parallel Aware": true,
                  "Relation Name": "movie_companies",
                  "Alias": "mc",
                  "Startup Cost": 0.0,
                  "Total Cost": 31414.82,
                  "Plan Rows": 205815,
                  "Plan Width": 0,
                  "Actual Startup Time": 0.037,
                  "Actual Total Time": 76.658,
                  "Actual Rows": 216902,
                  "Actual Loops": 4,
                  "Filter": "((company_id < 11245) AND (company_type_id = 1))",
                  "Rows Removed by Filter": 435380
                }
              ]
            }
          ]
        }
      ]
    },
    "Planning Time": 0.215,
    "Triggers": [],
    "Execution Time": 103.488
  }
]