[
    {
        "Bao": {
            "Bao prediction": "NaN",
            "Bao recommended hint": "(no hint)"
        }
    },
    {
        "Plan": {
            "Node Type": "Aggregate",
            "Strategy": "Plain",
            "Partial Mode": "Finalize",
            "Parallel Aware": false,
            "Startup Cost": 70831.44,
            "Total Cost": 70831.45,
            "Plan Rows": 1,
            "Plan Width": 8,
            "Actual Startup Time": 230.024,
            "Actual Total Time": 239.098,
            "Actual Rows": 1,
            "Actual Loops": 1,
            "Output": [
                "count(*)"
            ],
            "Plans": [
                {
                    "Node Type": "Gather",
                    "Parent Relationship": "Outer",
                    "Parallel Aware": false,
                    "Startup Cost": 70831.02,
                    "Total Cost": 70831.43,
                    "Plan Rows": 4,
                    "Plan Width": 8,
                    "Actual Startup Time": 228.11,
                    "Actual Total Time": 239.089,
                    "Actual Rows": 5,
                    "Actual Loops": 1,
                    "Output": [
                        "(PARTIAL count(*))"
                    ],
                    "Workers Planned": 4,
                    "Workers Launched": 4,
                    "Single Copy": false,
                    "Plans": [
                        {
                            "Node Type": "Aggregate",
                            "Strategy": "Plain",
                            "Partial Mode": "Partial",
                            "Parent Relationship": "Outer",
                            "Parallel Aware": false,
                            "Startup Cost": 69831.02,
                            "Total Cost": 69831.03,
                            "Plan Rows": 1,
                            "Plan Width": 8,
                            "Actual Startup Time": 218.276,
                            "Actual Total Time": 218.281,
                            "Actual Rows": 1,
                            "Actual Loops": 5,
                            "Output": [
                                "PARTIAL count(*)"
                            ],
                            "Workers": [
                                {
                                    "Worker Number": 0,
                                    "Actual Startup Time": 215.539,
                                    "Actual Total Time": 215.543,
                                    "Actual Rows": 1,
                                    "Actual Loops": 1
                                },
                                {
                                    "Worker Number": 1,
                                    "Actual Startup Time": 215.71,
                                    "Actual Total Time": 215.714,
                                    "Actual Rows": 1,
                                    "Actual Loops": 1
                                },
                                {
                                    "Worker Number": 2,
                                    "Actual Startup Time": 216.129,
                                    "Actual Total Time": 216.132,
                                    "Actual Rows": 1,
                                    "Actual Loops": 1
                                },
                                {
                                    "Worker Number": 3,
                                    "Actual Startup Time": 216.393,
                                    "Actual Total Time": 216.397,
                                    "Actual Rows": 1,
                                    "Actual Loops": 1
                                }
                            ],
                            "Plans": [
                                {
                                    "Node Type": "Hash Join",
                                    "Parent Relationship": "Outer",
                                    "Parallel Aware": true,
                                    "Join Type": "Inner",
                                    "Startup Cost": 24096.39,
                                    "Total Cost": 69719.5,
                                    "Plan Rows": 44610,
                                    "Plan Width": 0,
                                    "Actual Startup Time": 67.339,
                                    "Actual Total Time": 216.092,
                                    "Actual Rows": 36225,
                                    "Actual Loops": 5,
                                    "Inner Unique": false,
                                    "Hash Cond": "(t.id = mc.movie_id)",
                                    "Workers": [
                                        {
                                            "Worker Number": 0,
                                            "Actual Startup Time": 64.473,
                                            "Actual Total Time": 213.248,
                                            "Actual Rows": 25980,
                                            "Actual Loops": 1
                                        },
                                        {
                                            "Worker Number": 1,
                                            "Actual Startup Time": 64.79,
                                            "Actual Total Time": 213.652,
                                            "Actual Rows": 36785,
                                            "Actual Loops": 1
                                        },
                                        {
                                            "Worker Number": 2,
                                            "Actual Startup Time": 65.249,
                                            "Actual Total Time": 214.04,
                                            "Actual Rows": 40285,
                                            "Actual Loops": 1
                                        },
                                        {
                                            "Worker Number": 3,
                                            "Actual Startup Time": 65.51,
                                            "Actual Total Time": 214.103,
                                            "Actual Rows": 25703,
                                            "Actual Loops": 1
                                        }
                                    ],
                                    "Plans": [
                                        {
                                            "Node Type": "Seq Scan",
                                            "Parent Relationship": "Outer",
                                            "Parallel Aware": true,
                                            "Relation Name": "title",
                                            "Schema": "public",
                                            "Alias": "t",
                                            "Startup Cost": 0.0,
                                            "Total Cost": 42318.81,
                                            "Plan Rows": 632080,
                                            "Plan Width": 4,
                                            "Actual Startup Time": 0.007,
                                            "Actual Total Time": 65.25,
                                            "Actual Rows": 505662,
                                            "Actual Loops": 5,
                                            "Output": [
                                                "t.id",
                                                "t.title",
                                                "t.imdb_index",
                                                "t.kind_id",
                                                "t.production_year",
                                                "t.imdb_id",
                                                "t.phonetic_code",
                                                "t.episode_of_id",
                                                "t.season_nr",
                                                "t.episode_nr",
                                                "t.series_years",
                                                "t.md5sum"
                                            ],
                                            "Workers": [
                                                {
                                                    "Worker Number": 0,
                                                    "Actual Startup Time": 0.007,
                                                    "Actual Total Time": 68.482,
                                                    "Actual Rows": 362040,
                                                    "Actual Loops": 1
                                                },
                                                {
                                                    "Worker Number": 1,
                                                    "Actual Startup Time": 0.005,
                                                    "Actual Total Time": 65.69,
                                                    "Actual Rows": 528067,
                                                    "Actual Loops": 1
                                                },
                                                {
                                                    "Worker Number": 2,
                                                    "Actual Startup Time": 0.006,
                                                    "Actual Total Time": 66.223,
                                                    "Actual Rows": 555251,
                                                    "Actual Loops": 1
                                                },
                                                {
                                                    "Worker Number": 3,
                                                    "Actual Startup Time": 0.008,
                                                    "Actual Total Time": 67.46,
                                                    "Actual Rows": 353896,
                                                    "Actual Loops": 1
                                                }
                                            ]
                                        },
                                        {
                                            "Node Type": "Hash",
                                            "Parent Relationship": "Inner",
                                            "Parallel Aware": true,
                                            "Startup Cost": 23376.87,
                                            "Total Cost": 23376.87,
                                            "Plan Rows": 57562,
                                            "Plan Width": 4,
                                            "Actual Startup Time": 65.773,
                                            "Actual Total Time": 65.775,
                                            "Actual Rows": 36225,
                                            "Actual Loops": 5,
                                            "Output": [
                                                "mc.movie_id"
                                            ],
                                            "Hash Buckets": 262144,
                                            "Original Hash Buckets": 262144,
                                            "Hash Batches": 1,
                                            "Original Hash Batches": 1,
                                            "Peak Memory Usage": 9216,
                                            "Workers": [
                                                {
                                                    "Worker Number": 0,
                                                    "Actual Startup Time": 64.025,
                                                    "Actual Total Time": 64.027,
                                                    "Actual Rows": 24444,
                                                    "Actual Loops": 1
                                                },
                                                {
                                                    "Worker Number": 1,
                                                    "Actual Startup Time": 64.367,
                                                    "Actual Total Time": 64.369,
                                                    "Actual Rows": 23347,
                                                    "Actual Loops": 1
                                                },
                                                {
                                                    "Worker Number": 2,
                                                    "Actual Startup Time": 64.775,
                                                    "Actual Total Time": 64.776,
                                                    "Actual Rows": 23777,
                                                    "Actual Loops": 1
                                                },
                                                {
                                                    "Worker Number": 3,
                                                    "Actual Startup Time": 65.029,
                                                    "Actual Total Time": 65.03,
                                                    "Actual Rows": 23529,
                                                    "Actual Loops": 1
                                                }
                                            ],
                                            "Plans": [
                                                {
                                                    "Node Type": "Bitmap Heap Scan",
                                                    "Parent Relationship": "Outer",
                                                    "Parallel Aware": true,
                                                    "Relation Name": "movie_companies",
                                                    "Schema": "public",
                                                    "Alias": "mc",
                                                    "Startup Cost": 3867.35,
                                                    "Total Cost": 23376.87,
                                                    "Plan Rows": 57562,
                                                    "Plan Width": 4,
                                                    "Actual Startup Time": 16.58,
                                                    "Actual Total Time": 50.246,
                                                    "Actual Rows": 36225,
                                                    "Actual Loops": 5,
                                                    "Output": [
                                                        "mc.movie_id"
                                                    ],
                                                    "Recheck Cond": "(mc.company_id < 37)",
                                                    "Rows Removed by Index Recheck": 0,
                                                    "Exact Heap Blocks": 7203,
                                                    "Lossy Heap Blocks": 0,
                                                    "Workers": [
                                                        {
                                                            "Worker Number": 0,
                                                            "Actual Startup Time": 14.813,
                                                            "Actual Total Time": 50.525,
                                                            "Actual Rows": 24444,
                                                            "Actual Loops": 1
                                                        },
                                                        {
                                                            "Worker Number": 1,
                                                            "Actual Startup Time": 15.183,
                                                            "Actual Total Time": 49.673,
                                                            "Actual Rows": 23347,
                                                            "Actual Loops": 1
                                                        },
                                                        {
                                                            "Worker Number": 2,
                                                            "Actual Startup Time": 15.796,
                                                            "Actual Total Time": 50.393,
                                                            "Actual Rows": 23777,
                                                            "Actual Loops": 1
                                                        },
                                                        {
                                                            "Worker Number": 3,
                                                            "Actual Startup Time": 15.854,
                                                            "Actual Total Time": 50.281,
                                                            "Actual Rows": 23529,
                                                            "Actual Loops": 1
                                                        }
                                                    ],
                                                    "Plans": [
                                                        {
                                                            "Node Type": "Bitmap Index Scan",
                                                            "Parent Relationship": "Outer",
                                                            "Parallel Aware": false,
                                                            "Index Name": "company_id_movie_companies",
                                                            "Startup Cost": 0.0,
                                                            "Total Cost": 3822.74,
                                                            "Plan Rows": 178441,
                                                            "Plan Width": 0,
                                                            "Actual Startup Time": 17.727,
                                                            "Actual Total Time": 17.727,
                                                            "Actual Rows": 181123,
                                                            "Actual Loops": 1,
                                                            "Index Cond": "(mc.company_id < 37)"
                                                        }
                                                    ]
                                                }
                                            ]
                                        }
                                    ]
                                }
                            ]
                        }
                    ]
                }
            ]
        },
        "Planning Time": 239.57,
        "Triggers": [],
        "Execution Time": 239.182
    }
]