[
  {
    "Plan": {
      "Node Type": "Aggregate",
      "Strategy": "Plain",
      "Partial Mode": "Finalize",
      "Parallel Aware": false,
      "Startup Cost": 375017.26,
      "Total Cost": 375017.27,
      "Plan Rows": 1,
      "Plan Width": 8,
      "Actual Startup Time": 1419.7,
      "Actual Total Time": 1470.32,
      "Actual Rows": 1,
      "Actual Loops": 1,
      "Plans": [
        {
          "Node Type": "Gather",
          "Parent Relationship": "Outer",
          "Parallel Aware": false,
          "Startup Cost": 375016.64,
          "Total Cost": 375017.25,
          "Plan Rows": 6,
          "Plan Width": 8,
          "Actual Startup Time": 1418.136,
          "Actual Total Time": 1470.283,
          "Actual Rows": 7,
          "Actual Loops": 1,
          "Workers Planned": 6,
          "Workers Launched": 6,
          "Single Copy": false,
          "Plans": [
            {
              "Node Type": "Aggregate",
              "Strategy": "Plain",
              "Partial Mode": "Partial",
              "Parent Relationship": "Outer",
              "Parallel Aware": false,
              "Startup Cost": 374016.64,
              "Total Cost": 374016.65,
              "Plan Rows": 1,
              "Plan Width": 8,
              "Actual Startup Time": 1410.974,
              "Actual Total Time": 1410.977,
              "Actual Rows": 1,
              "Actual Loops": 7,
              "Plans": [
                {
                  "Node Type": "Hash Join",
                  "Parent Relationship": "Outer",
                  "Parallel Aware": true,
                  "Join Type": "Inner",
                  "Startup Cost": 44294.51,
                  "Total Cost": 373261.17,
                  "Plan Rows": 302188,
                  "Plan Width": 0,
                  "Actual Startup Time": 82.14,
                  "Actual Total Time": 1403.18,
                  "Actual Rows": 131874,
                  "Actual Loops": 7,
                  "Inner Unique": true,
                  "Hash Cond": "(ci.movie_id = t.id)",
                  "Plans": [
                    {
                      "Node Type": "Seq Scan",
                      "Parent Relationship": "Outer",
                      "Parallel Aware": true,
                      "Relation Name": "cast_info",
                      "Alias": "ci",
                      "Startup Cost": 0.0,
                      "Total Cost": 313106.51,
                      "Plan Rows": 6041951,
                      "Plan Width": 4,
                      "Actual Startup Time": 0.032,
                      "Actual Total Time": 570.553,
                      "Actual Rows": 5177763,
                      "Actual Loops": 7
                    },
                    {
                      "Node Type": "Hash",
                      "Parent Relationship": "Inner",
                      "Parallel Aware": true,
                      "Startup Cost": 43899.32,
                      "Total Cost": 43899.32,
                      "Plan Rows": 31615,
                      "Plan Width": 4,
                      "Actual Startup Time": 80.57,
                      "Actual Total Time": 80.571,
                      "Actual Rows": 19417,
                      "Actual Loops": 7,
                      "Hash Buckets": 262144,
                      "Original Hash Buckets": 131072,
                      "Hash Batches": 1,
                      "Original Hash Batches": 1,
                      "Peak Memory Usage": 8512,
                      "Plans": [
                        {
                          "Node Type": "Seq Scan",
                          "Parent Relationship": "Outer",
                          "Parallel Aware": true,
                          "Relation Name": "title",
                          "Alias": "t",
                          "Startup Cost": 0.0,
                          "Total Cost": 43899.32,
                          "Plan Rows": 31615,
                          "Plan Width": 4,
                          "Actual Startup Time": 19.603,
                          "Actual Total Time": 69.379,
                          "Actual Rows": 19417,
                          "Actual Loops": 7,
                          "Filter": "(production_year < 1938)",
                          "Rows Removed by Filter": 341771
                        }
                      ]
                    }
                  ]
                }
              ]
            }
          ]
        }
      ]
    },
    "Planning Time": 0.503,
    "Triggers": [],
    "Execution Time": 1470.391
  }
]