[
    {
        "Bao": {
            "Bao prediction": 831.689,
            "Bao recommended hint": "(no hint)"
        }
    },
    {
        "Plan": {
            "Node Type": "Aggregate",
            "Strategy": "Plain",
            "Partial Mode": "Finalize",
            "Parallel Aware": false,
            "Startup Cost": 71241.87,
            "Total Cost": 71241.88,
            "Plan Rows": 1,
            "Plan Width": 8,
            "Actual Startup Time": 227.511,
            "Actual Total Time": 237.914,
            "Actual Rows": 1,
            "Actual Loops": 1,
            "Output": [
                "count(*)"
            ],
            "Plans": [
                {
                    "Node Type": "Gather",
                    "Parent Relationship": "Outer",
                    "Parallel Aware": false,
                    "Startup Cost": 71241.45,
                    "Total Cost": 71241.86,
                    "Plan Rows": 4,
                    "Plan Width": 8,
                    "Actual Startup Time": 225.62,
                    "Actual Total Time": 237.904,
                    "Actual Rows": 5,
                    "Actual Loops": 1,
                    "Output": [
                        "(PARTIAL count(*))"
                    ],
                    "Workers Planned": 4,
                    "Workers Launched": 4,
                    "Single Copy": false,
                    "Plans": [
                        {
                            "Node Type": "Aggregate",
                            "Strategy": "Plain",
                            "Partial Mode": "Partial",
                            "Parent Relationship": "Outer",
                            "Parallel Aware": false,
                            "Startup Cost": 70241.45,
                            "Total Cost": 70241.46,
                            "Plan Rows": 1,
                            "Plan Width": 8,
                            "Actual Startup Time": 216.141,
                            "Actual Total Time": 216.145,
                            "Actual Rows": 1,
                            "Actual Loops": 5,
                            "Output": [
                                "PARTIAL count(*)"
                            ],
                            "Workers": [
                                {
                                    "Worker Number": 0,
                                    "Actual Startup Time": 213.542,
                                    "Actual Total Time": 213.546,
                                    "Actual Rows": 1,
                                    "Actual Loops": 1
                                },
                                {
                                    "Worker Number": 1,
                                    "Actual Startup Time": 213.735,
                                    "Actual Total Time": 213.739,
                                    "Actual Rows": 1,
                                    "Actual Loops": 1
                                },
                                {
                                    "Worker Number": 2,
                                    "Actual Startup Time": 214.267,
                                    "Actual Total Time": 214.272,
                                    "Actual Rows": 1,
                                    "Actual Loops": 1
                                },
                                {
                                    "Worker Number": 3,
                                    "Actual Startup Time": 214.321,
                                    "Actual Total Time": 214.325,
                                    "Actual Rows": 1,
                                    "Actual Loops": 1
                                }
                            ],
                            "Plans": [
                                {
                                    "Node Type": "Hash Join",
                                    "Parent Relationship": "Outer",
                                    "Parallel Aware": true,
                                    "Join Type": "Inner",
                                    "Startup Cost": 25418.55,
                                    "Total Cost": 70204.47,
                                    "Plan Rows": 14793,
                                    "Plan Width": 0,
                                    "Actual Startup Time": 147.128,
                                    "Actual Total Time": 215.709,
                                    "Actual Rows": 3890,
                                    "Actual Loops": 5,
                                    "Inner Unique": false,
                                    "Hash Cond": "(t.id = mc.movie_id)",
                                    "Workers": [
                                        {
                                            "Worker Number": 0,
                                            "Actual Startup Time": 144.555,
                                            "Actual Total Time": 213.09,
                                            "Actual Rows": 3662,
                                            "Actual Loops": 1
                                        },
                                        {
                                            "Worker Number": 1,
                                            "Actual Startup Time": 144.773,
                                            "Actual Total Time": 213.293,
                                            "Actual Rows": 3575,
                                            "Actual Loops": 1
                                        },
                                        {
                                            "Worker Number": 2,
                                            "Actual Startup Time": 145.076,
                                            "Actual Total Time": 213.798,
                                            "Actual Rows": 3819,
                                            "Actual Loops": 1
                                        },
                                        {
                                            "Worker Number": 3,
                                            "Actual Startup Time": 145.521,
                                            "Actual Total Time": 213.87,
                                            "Actual Rows": 3684,
                                            "Actual Loops": 1
                                        }
                                    ],
                                    "Plans": [
                                        {
                                            "Node Type": "Seq Scan",
                                            "Parent Relationship": "Outer",
                                            "Parallel Aware": true,
                                            "Relation Name": "title",
                                            "Schema": "public",
                                            "Alias": "t",
                                            "Startup Cost": 0.0,
                                            "Total Cost": 43899.01,
                                            "Plan Rows": 167838,
                                            "Plan Width": 4,
                                            "Actual Startup Time": 38.882,
                                            "Actual Total Time": 91.074,
                                            "Actual Rows": 132565,
                                            "Actual Loops": 5,
                                            "Output": [
                                                "t.id",
                                                "t.title",
                                                "t.imdb_index",
                                                "t.kind_id",
                                                "t.production_year",
                                                "t.imdb_id",
                                                "t.phonetic_code",
                                                "t.episode_of_id",
                                                "t.season_nr",
                                                "t.episode_nr",
                                                "t.series_years",
                                                "t.md5sum"
                                            ],
                                            "Filter": "(t.kind_id = 1)",
                                            "Rows Removed by Filter": 373097,
                                            "Workers": [
                                                {
                                                    "Worker Number": 0,
                                                    "Actual Startup Time": 48.126,
                                                    "Actual Total Time": 91.047,
                                                    "Actual Rows": 123785,
                                                    "Actual Loops": 1
                                                },
                                                {
                                                    "Worker Number": 1,
                                                    "Actual Startup Time": 2.868,
                                                    "Actual Total Time": 91.034,
                                                    "Actual Rows": 123074,
                                                    "Actual Loops": 1
                                                },
                                                {
                                                    "Worker Number": 2,
                                                    "Actual Startup Time": 47.999,
                                                    "Actual Total Time": 92.216,
                                                    "Actual Rows": 126951,
                                                    "Actual Loops": 1
                                                },
                                                {
                                                    "Worker Number": 3,
                                                    "Actual Startup Time": 47.73,
                                                    "Actual Total Time": 92.28,
                                                    "Actual Rows": 126206,
                                                    "Actual Loops": 1
                                                }
                                            ]
                                        },
                                        {
                                            "Node Type": "Hash",
                                            "Parent Relationship": "Inner",
                                            "Parallel Aware": true,
                                            "Startup Cost": 24520.0,
                                            "Total Cost": 24520.0,
                                            "Plan Rows": 71884,
                                            "Plan Width": 4,
                                            "Actual Startup Time": 90.648,
                                            "Actual Total Time": 90.65,
                                            "Actual Rows": 44777,
                                            "Actual Loops": 5,
                                            "Output": [
                                                "mc.movie_id"
                                            ],
                                            "Hash Buckets": 262144,
                                            "Original Hash Buckets": 262144,
                                            "Hash Batches": 1,
                                            "Original Hash Batches": 1,
                                            "Peak Memory Usage": 10912,
                                            "Workers": [
                                                {
                                                    "Worker Number": 0,
                                                    "Actual Startup Time": 89.469,
                                                    "Actual Total Time": 89.471,
                                                    "Actual Rows": 34369,
                                                    "Actual Loops": 1
                                                },
                                                {
                                                    "Worker Number": 1,
                                                    "Actual Startup Time": 89.51,
                                                    "Actual Total Time": 89.512,
                                                    "Actual Rows": 35215,
                                                    "Actual Loops": 1
                                                },
                                                {
                                                    "Worker Number": 2,
                                                    "Actual Startup Time": 90.245,
                                                    "Actual Total Time": 90.247,
                                                    "Actual Rows": 34218,
                                                    "Actual Loops": 1
                                                },
                                                {
                                                    "Worker Number": 3,
                                                    "Actual Startup Time": 90.309,
                                                    "Actual Total Time": 90.31,
                                                    "Actual Rows": 36030,
                                                    "Actual Loops": 1
                                                }
                                            ],
                                            "Plans": [
                                                {
                                                    "Node Type": "Bitmap Heap Scan",
                                                    "Parent Relationship": "Outer",
                                                    "Parallel Aware": true,
                                                    "Relation Name": "movie_companies",
                                                    "Schema": "public",
                                                    "Alias": "mc",
                                                    "Startup Cost": 4831.45,
                                                    "Total Cost": 24520.0,
                                                    "Plan Rows": 71884,
                                                    "Plan Width": 4,
                                                    "Actual Startup Time": 26.737,
                                                    "Actual Total Time": 69.175,
                                                    "Actual Rows": 44777,
                                                    "Actual Loops": 5,
                                                    "Output": [
                                                        "mc.movie_id"
                                                    ],
                                                    "Recheck Cond": "(mc.company_id < 82)",
                                                    "Rows Removed by Index Recheck": 0,
                                                    "Exact Heap Blocks": 6231,
                                                    "Lossy Heap Blocks": 0,
                                                    "Workers": [
                                                        {
                                                            "Worker Number": 0,
                                                            "Actual Startup Time": 25.794,
                                                            "Actual Total Time": 68.365,
                                                            "Actual Rows": 34369,
                                                            "Actual Loops": 1
                                                        },
                                                        {
                                                            "Worker Number": 1,
                                                            "Actual Startup Time": 25.56,
                                                            "Actual Total Time": 69.349,
                                                            "Actual Rows": 35215,
                                                            "Actual Loops": 1
                                                        },
                                                        {
                                                            "Worker Number": 2,
                                                            "Actual Startup Time": 26.413,
                                                            "Actual Total Time": 70.989,
                                                            "Actual Rows": 34218,
                                                            "Actual Loops": 1
                                                        },
                                                        {
                                                            "Worker Number": 3,
                                                            "Actual Startup Time": 26.341,
                                                            "Actual Total Time": 70.623,
                                                            "Actual Rows": 36030,
                                                            "Actual Loops": 1
                                                        }
                                                    ],
                                                    "Plans": [
                                                        {
                                                            "Node Type": "Bitmap Index Scan",
                                                            "Parent Relationship": "Outer",
                                                            "Parallel Aware": false,
                                                            "Index Name": "company_id_movie_companies",
                                                            "Startup Cost": 0.0,
                                                            "Total Cost": 4775.74,
                                                            "Plan Rows": 222841,
                                                            "Plan Width": 0,
                                                            "Actual Startup Time": 25.477,
                                                            "Actual Total Time": 25.478,
                                                            "Actual Rows": 223883,
                                                            "Actual Loops": 1,
                                                            "Index Cond": "(mc.company_id < 82)"
                                                        }
                                                    ]
                                                }
                                            ]
                                        }
                                    ]
                                }
                            ]
                        }
                    ]
                }
            ]
        },
        "Planning Time": 2800.54,
        "Triggers": [],
        "Execution Time": 238.058
    }
]