{
  "Plan": {
    "Node Type": "Aggregate",
    "Strategy": "Plain",
    "Partial Mode": "Finalize",
    "Parallel Aware": false,
    "Startup Cost": 822028.37,
    "Total Cost": 822028.38,
    "Plan Rows": 1,
    "Plan Width": 8,
    "Actual Startup Time": 11426.612,
    "Actual Total Time": 11499.783,
    "Actual Rows": 1,
    "Actual Loops": 1,
    "Plans": [
      {
        "Node Type": "Gather",
        "Parent Relationship": "Outer",
        "Parallel Aware": false,
        "Startup Cost": 822028.25,
        "Total Cost": 822028.36,
        "Plan Rows": 1,
        "Plan Width": 8,
        "Actual Startup Time": 11422.79,
        "Actual Total Time": 11499.773,
        "Actual Rows": 2,
        "Actual Loops": 1,
        "Workers Planned": 1,
        "Workers Launched": 1,
        "Single Copy": false,
        "Plans": [
          {
            "Node Type": "Aggregate",
            "Strategy": "Plain",
            "Partial Mode": "Partial",
            "Parent Relationship": "Outer",
            "Parallel Aware": false,
            "Startup Cost": 821028.25,
            "Total Cost": 821028.26,
            "Plan Rows": 1,
            "Plan Width": 8,
            "Actual Startup Time": 11417.146,
            "Actual Total Time": 11417.153,
            "Actual Rows": 1,
            "Actual Loops": 2,
            "Plans": [
              {
                "Node Type": "Hash Join",
                "Parent Relationship": "Outer",
                "Parallel Aware": true,
                "Join Type": "Inner",
                "Startup Cost": 111916.49,
                "Total Cost": 816397.77,
                "Plan Rows": 1852192,
                "Plan Width": 0,
                "Actual Startup Time": 995.378,
                "Actual Total Time": 11236.989,
                "Actual Rows": 4291502,
                "Actual Loops": 2,
                "Inner Unique": false,
                "Hash Cond": "(t.id = mc.movie_id)",
                "Plans": [
                  {
                    "Node Type": "Hash Join",
                    "Parent Relationship": "Outer",
                    "Parallel Aware": true,
                    "Join Type": "Inner",
                    "Startup Cost": 69460.7,
                    "Total Cost": 677666.41,
                    "Plan Rows": 13660849,
                    "Plan Width": 8,
                    "Actual Startup Time": 806.05,
                    "Actual Total Time": 7925.98,
                    "Actual Rows": 11193922,
                    "Actual Loops": 2,
                    "Inner Unique": true,
                    "Hash Cond": "(ci.movie_id = t.id)",
                    "Plans": [
                      {
                        "Node Type": "Seq Scan",
                        "Parent Relationship": "Outer",
                        "Parallel Aware": true,
                        "Relation Name": "cast_info",
                        "Alias": "ci",
                        "Startup Cost": 0.0,
                        "Total Cost": 572345.93,
                        "Plan Rows": 13660849,
                        "Plan Width": 4,
                        "Actual Startup Time": 282.623,
                        "Actual Total Time": 1959.204,
                        "Actual Rows": 11193922,
                        "Actual Loops": 2,
                        "Filter": "((person_id > 947456) AND (role_id < 10))",
                        "Rows Removed by Filter": 6928250
                      },
                      {
                        "Node Type": "Hash",
                        "Parent Relationship": "Inner",
                        "Parallel Aware": true,
                        "Startup Cost": 50870.31,
                        "Total Cost": 50870.31,
                        "Plan Rows": 1487231,
                        "Plan Width": 4,
                        "Actual Startup Time": 511.461,
                        "Actual Total Time": 511.462,
                        "Actual Rows": 1264156,
                        "Actual Loops": 2,
                        "Hash Buckets": 4194304,
                        "Original Hash Buckets": 4194304,
                        "Hash Batches": 1,
                        "Original Hash Batches": 1,
                        "Peak Memory Usage": 131680,
                        "Plans": [
                          {
                            "Node Type": "Seq Scan",
                            "Parent Relationship": "Outer",
                            "Parallel Aware": true,
                            "Relation Name": "title",
                            "Alias": "t",
                            "Startup Cost": 0.0,
                            "Total Cost": 50870.31,
                            "Plan Rows": 1487231,
                            "Plan Width": 4,
                            "Actual Startup Time": 0.027,
                            "Actual Total Time": 153.868,
                            "Actual Rows": 1264156,
                            "Actual Loops": 2
                          }
                        ]
                      }
                    ]
                  },
                  {
                    "Node Type": "Hash",
                    "Parent Relationship": "Inner",
                    "Parallel Aware": true,
                    "Startup Cost": 39935.23,
                    "Total Cost": 39935.23,
                    "Plan Rows": 201645,
                    "Plan Width": 4,
                    "Actual Startup Time": 184.178,
                    "Actual Total Time": 184.179,
                    "Actual Rows": 247118,
                    "Actual Loops": 2,
                    "Hash Buckets": 524288,
                    "Original Hash Buckets": 524288,
                    "Hash Batches": 1,
                    "Original Hash Batches": 1,
                    "Peak Memory Usage": 23456,
                    "Plans": [
                      {
                        "Node Type": "Bitmap Heap Scan",
                        "Parent Relationship": "Outer",
                        "Parallel Aware": true,
                        "Relation Name": "movie_companies",
                        "Alias": "mc",
                        "Startup Cost": 15000.85,
                        "Total Cost": 39935.23,
                        "Plan Rows": 201645,
                        "Plan Width": 4,
                        "Actual Startup Time": 45.626,
                        "Actual Total Time": 135.608,
                        "Actual Rows": 247118,
                        "Actual Loops": 2,
                        "Recheck Cond": "(company_id < 1284)",
                        "Rows Removed by Index Recheck": 0,
                        "Filter": "(company_type_id < 2)",
                        "Rows Removed by Filter": 99244,
                        "Exact Heap Blocks": 10621,
                        "Lossy Heap Blocks": 0,
                        "Plans": [
                          {
                            "Node Type": "Bitmap Index Scan",
                            "Parent Relationship": "Outer",
                            "Parallel Aware": false,
                            "Index Name": "company_id_movie_companies",
                            "Startup Cost": 0.0,
                            "Total Cost": 14915.15,
                            "Plan Rows": 696363,
                            "Plan Width": 0,
                            "Actual Startup Time": 42.716,
                            "Actual Total Time": 42.716,
                            "Actual Rows": 692726,
                            "Actual Loops": 1,
                            "Index Cond": "(company_id < 1284)"
                          }
                        ]
                      }
                    ]
                  }
                ]
              }
            ]
          }
        ]
      }
    ]
  },
  "Planning Time": 1.231,
  "Triggers": [],
  "Execution Time": 11499.913
}