[
  {
    "Plan": {
      "Node Type": "Aggregate",
      "Strategy": "Plain",
      "Partial Mode": "Finalize",
      "Parallel Aware": false,
      "Startup Cost": 459283.87,
      "Total Cost": 459283.88,
      "Plan Rows": 1,
      "Plan Width": 8,
      "Actual Startup Time": 2080.55,
      "Actual Total Time": 2150.403,
      "Actual Rows": 1,
      "Actual Loops": 1,
      "Plans": [
        {
          "Node Type": "Gather",
          "Parent Relationship": "Outer",
          "Parallel Aware": false,
          "Startup Cost": 459283.25,
          "Total Cost": 459283.86,
          "Plan Rows": 6,
          "Plan Width": 8,
          "Actual Startup Time": 2046.737,
          "Actual Total Time": 2150.392,
          "Actual Rows": 7,
          "Actual Loops": 1,
          "Workers Planned": 6,
          "Workers Launched": 6,
          "Single Copy": false,
          "Plans": [
            {
              "Node Type": "Aggregate",
              "Strategy": "Plain",
              "Partial Mode": "Partial",
              "Parent Relationship": "Outer",
              "Parallel Aware": false,
              "Startup Cost": 458283.25,
              "Total Cost": 458283.26,
              "Plan Rows": 1,
              "Plan Width": 8,
              "Actual Startup Time": 2034.751,
              "Actual Total Time": 2036.115,
              "Actual Rows": 1,
              "Actual Loops": 7,
              "Plans": [
                {
                  "Node Type": "Hash Join",
                  "Parent Relationship": "Outer",
                  "Parallel Aware": true,
                  "Join Type": "Inner",
                  "Startup Cost": 251624.9,
                  "Total Cost": 456500.83,
                  "Plan Rows": 712968,
                  "Plan Width": 0,
                  "Actual Startup Time": 1006.318,
                  "Actual Total Time": 1963.995,
                  "Actual Rows": 1363503,
                  "Actual Loops": 7,
                  "Inner Unique": false,
                  "Hash Cond": "(ci.movie_id = t.id)",
                  "Plans": [
                    {
                      "Node Type": "Index Scan",
                      "Parent Relationship": "Outer",
                      "Parallel Aware": true,
                      "Scan Direction": "Forward",
                      "Index Name": "role_id_cast_info",
                      "Relation Name": "cast_info",
                      "Alias": "ci",
                      "Startup Cost": 0.56,
                      "Total Cost": 198752.95,
                      "Plan Rows": 1252698,
                      "Plan Width": 4,
                      "Actual Startup Time": 0.34,
                      "Actual Total Time": 223.283,
                      "Actual Rows": 1064568,
                      "Actual Loops": 7,
                      "Index Cond": "(role_id = 2)",
                      "Rows Removed by Index Recheck": 0
                    },
                    {
                      "Node Type": "Hash",
                      "Parent Relationship": "Inner",
                      "Parallel Aware": true,
                      "Startup Cost": 248026.73,
                      "Total Cost": 248026.73,
                      "Plan Rows": 287808,
                      "Plan Width": 8,
                      "Actual Startup Time": 1002.064,
                      "Actual Total Time": 1003.425,
                      "Actual Rows": 441371,
                      "Actual Loops": 7,
                      "Hash Buckets": 4194304,
                      "Original Hash Buckets": 2097152,
                      "Hash Batches": 1,
                      "Original Hash Batches": 1,
                      "Peak Memory Usage": 170112,
                      "Plans": [
                        {
                          "Node Type": "Hash Join",
                          "Parent Relationship": "Outer",
                          "Parallel Aware": true,
                          "Join Type": "Inner",
                          "Startup Cost": 46982.15,
                          "Total Cost": 248026.73,
                          "Plan Rows": 287808,
                          "Plan Width": 8,
                          "Actual Startup Time": 190.805,
                          "Actual Total Time": 708.485,
                          "Actual Rows": 441371,
                          "Actual Loops": 7,
                          "Inner Unique": true,
                          "Hash Cond": "(mi.movie_id = t.id)",
                          "Plans": [
                            {
                              "Node Type": "Seq Scan",
                              "Parent Relationship": "Outer",
                              "Parallel Aware": true,
                              "Relation Name": "movie_info",
                              "Alias": "mi",
                              "Startup Cost": 0.0,
                              "Total Cost": 199108.24,
                              "Plan Rows": 737655,
                              "Plan Width": 4,
                              "Actual Startup Time": 30.676,
                              "Actual Total Time": 339.389,
                              "Actual Rows": 517854,
                              "Actual Loops": 7,
                              "Filter": "(info_type_id < 4)",
                              "Rows Removed by Filter": 1601535
                            },
                            {
                              "Node Type": "Hash",
                              "Parent Relationship": "Inner",
                              "Parallel Aware": true,
                              "Startup Cost": 43899.32,
                              "Total Cost": 43899.32,
                              "Plan Rows": 246626,
                              "Plan Width": 4,
                              "Actual Startup Time": 158.841,
                              "Actual Total Time": 158.843,
                              "Actual Rows": 140721,
                              "Actual Loops": 7,
                              "Hash Buckets": 1048576,
                              "Original Hash Buckets": 1048576,
                              "Hash Batches": 1,
                              "Original Hash Batches": 1,
                              "Peak Memory Usage": 46816,
                              "Plans": [
                                {
                                  "Node Type": "Seq Scan",
                                  "Parent Relationship": "Outer",
                                  "Parallel Aware": true,
                                  "Relation Name": "title",
                                  "Alias": "t",
                                  "Startup Cost": 0.0,
                                  "Total Cost": 43899.32,
                                  "Plan Rows": 246626,
                                  "Plan Width": 4,
                                  "Actual Startup Time": 0.07,
                                  "Actual Total Time": 87.551,
                                  "Actual Rows": 140721,
                                  "Actual Loops": 7,
                                  "Filter": "(kind_id < 7)",
                                  "Rows Removed by Filter": 220466
                                }
                              ]
                            }
                          ]
                        }
                      ]
                    }
                  ]
                }
              ]
            }
          ]
        }
      ]
    },
    "Planning Time": 0.902,
    "Triggers": [],
    "Execution Time": 2150.492
  }
]