[
  {
    "Plan": {
      "Node Type": "Aggregate",
      "Strategy": "Plain",
      "Partial Mode": "Finalize",
      "Parallel Aware": false,
      "Startup Cost": 77941.74,
      "Total Cost": 77941.75,
      "Plan Rows": 1,
      "Plan Width": 8,
      "Actual Startup Time": 270.479,
      "Actual Total Time": 287.387,
      "Actual Rows": 1,
      "Actual Loops": 1,
      "Plans": [
        {
          "Node Type": "Gather",
          "Parent Relationship": "Outer",
          "Parallel Aware": false,
          "Startup Cost": 77941.42,
          "Total Cost": 77941.73,
          "Plan Rows": 3,
          "Plan Width": 8,
          "Actual Startup Time": 270.2,
          "Actual Total Time": 287.376,
          "Actual Rows": 4,
          "Actual Loops": 1,
          "Workers Planned": 3,
          "Workers Launched": 3,
          "Single Copy": false,
          "Plans": [
            {
              "Node Type": "Aggregate",
              "Strategy": "Plain",
              "Partial Mode": "Partial",
              "Parent Relationship": "Outer",
              "Parallel Aware": false,
              "Startup Cost": 76941.42,
              "Total Cost": 76941.43,
              "Plan Rows": 1,
              "Plan Width": 8,
              "Actual Startup Time": 261.568,
              "Actual Total Time": 261.571,
              "Actual Rows": 1,
              "Actual Loops": 4,
              "Plans": [
                {
                  "Node Type": "Hash Join",
                  "Parent Relationship": "Outer",
                  "Parallel Aware": true,
                  "Join Type": "Inner",
                  "Startup Cost": 45581.67,
                  "Total Cost": 76916.4,
                  "Plan Rows": 10011,
                  "Plan Width": 0,
                  "Actual Startup Time": 113.867,
                  "Actual Total Time": 261.124,
                  "Actual Rows": 5681,
                  "Actual Loops": 4,
                  "Inner Unique": true,
                  "Hash Cond": "(mc.movie_id = t.id)",
                  "Plans": [
                    {
                      "Node Type": "Seq Scan",
                      "Parent Relationship": "Outer",
                      "Parallel Aware": true,
                      "Relation Name": "movie_companies",
                      "Alias": "mc",
                      "Startup Cost": 0.0,
                      "Total Cost": 29310.68,
                      "Plan Rows": 771063,
                      "Plan Width": 4,
                      "Actual Startup Time": 0.019,
                      "Actual Total Time": 86.293,
                      "Actual Rows": 598402,
                      "Actual Loops": 4,
                      "Filter": "(company_id < 109105)",
                      "Rows Removed by Filter": 53880
                    },
                    {
                      "Node Type": "Hash",
                      "Parent Relationship": "Inner",
                      "Parallel Aware": true,
                      "Startup Cost": 45479.1,
                      "Total Cost": 45479.1,
                      "Plan Rows": 8206,
                      "Plan Width": 4,
                      "Actual Startup Time": 112.124,
                      "Actual Total Time": 112.125,
                      "Actual Rows": 9877,
                      "Actual Loops": 4,
                      "Hash Buckets": 65536,
                      "Original Hash Buckets": 65536,
                      "Hash Batches": 1,
                      "Original Hash Batches": 1,
                      "Peak Memory Usage": 2112,
                      "Plans": [
                        {
                          "Node Type": "Seq Scan",
                          "Parent Relationship": "Outer",
                          "Parallel Aware": true,
                          "Relation Name": "title",
                          "Alias": "t",
                          "Startup Cost": 0.0,
                          "Total Cost": 45479.1,
                          "Plan Rows": 8206,
                          "Plan Width": 4,
                          "Actual Startup Time": 0.051,
                          "Actual Total Time": 106.741,
                          "Actual Rows": 9877,
                          "Actual Loops": 4,
                          "Filter": "((kind_id > 1) AND (production_year = 1998))",
                          "Rows Removed by Filter": 622201
                        }
                      ]
                    }
                  ]
                }
              ]
            }
          ]
        }
      ]
    },
    "Planning Time": 0.663,
    "Triggers": [],
    "Execution Time": 287.461
  }
]