[
  {
    "Plan": {
      "Node Type": "Aggregate",
      "Strategy": "Plain",
      "Partial Mode": "Finalize",
      "Parallel Aware": false,
      "Startup Cost": 102458.11,
      "Total Cost": 102458.12,
      "Plan Rows": 1,
      "Plan Width": 8,
      "Actual Startup Time": 801.472,
      "Actual Total Time": 821.403,
      "Actual Rows": 1,
      "Actual Loops": 1,
      "Plans": [
        {
          "Node Type": "Gather",
          "Parent Relationship": "Outer",
          "Parallel Aware": false,
          "Startup Cost": 102457.89,
          "Total Cost": 102458.1,
          "Plan Rows": 2,
          "Plan Width": 8,
          "Actual Startup Time": 793.377,
          "Actual Total Time": 821.394,
          "Actual Rows": 3,
          "Actual Loops": 1,
          "Workers Planned": 2,
          "Workers Launched": 2,
          "Single Copy": false,
          "Plans": [
            {
              "Node Type": "Aggregate",
              "Strategy": "Plain",
              "Partial Mode": "Partial",
              "Parent Relationship": "Outer",
              "Parallel Aware": false,
              "Startup Cost": 101457.89,
              "Total Cost": 101457.9,
              "Plan Rows": 1,
              "Plan Width": 8,
              "Actual Startup Time": 789.446,
              "Actual Total Time": 790.335,
              "Actual Rows": 1,
              "Actual Loops": 3,
              "Plans": [
                {
                  "Node Type": "Hash Join",
                  "Parent Relationship": "Outer",
                  "Parallel Aware": true,
                  "Join Type": "Inner",
                  "Startup Cost": 84370.25,
                  "Total Cost": 100913.78,
                  "Plan Rows": 217645,
                  "Plan Width": 0,
                  "Actual Startup Time": 627.485,
                  "Actual Total Time": 769.092,
                  "Actual Rows": 459932,
                  "Actual Loops": 3,
                  "Inner Unique": false,
                  "Hash Cond": "(mi_idx.movie_id = t.id)",
                  "Plans": [
                    {
                      "Node Type": "Seq Scan",
                      "Parent Relationship": "Outer",
                      "Parallel Aware": true,
                      "Relation Name": "movie_info_idx",
                      "Alias": "mi_idx",
                      "Startup Cost": 0.0,
                      "Total Cost": 13685.15,
                      "Plan Rows": 575015,
                      "Plan Width": 4,
                      "Actual Startup Time": 0.02,
                      "Actual Total Time": 37.302,
                      "Actual Rows": 460012,
                      "Actual Loops": 3
                    },
                    {
                      "Node Type": "Hash",
                      "Parent Relationship": "Inner",
                      "Parallel Aware": true,
                      "Startup Cost": 80511.46,
                      "Total Cost": 80511.46,
                      "Plan Rows": 308703,
                      "Plan Width": 8,
                      "Actual Startup Time": 623.202,
                      "Actual Total Time": 624.089,
                      "Actual Rows": 287722,
                      "Actual Loops": 3,
                      "Hash Buckets": 1048576,
                      "Original Hash Buckets": 1048576,
                      "Hash Batches": 1,
                      "Original Hash Batches": 1,
                      "Peak Memory Usage": 42016,
                      "Plans": [
                        {
                          "Node Type": "Hash Join",
                          "Parent Relationship": "Outer",
                          "Parallel Aware": true,
                          "Join Type": "Inner",
                          "Startup Cost": 50181.71,
                          "Total Cost": 80511.46,
                          "Plan Rows": 308703,
                          "Plan Width": 8,
                          "Actual Startup Time": 340.274,
                          "Actual Total Time": 547.87,
                          "Actual Rows": 287722,
                          "Actual Loops": 3,
                          "Inner Unique": true,
                          "Hash Cond": "(mc.movie_id = t.id)",
                          "Plans": [
                            {
                              "Node Type": "Seq Scan",
                              "Parent Relationship": "Outer",
                              "Parallel Aware": true,
                              "Relation Name": "movie_companies",
                              "Alias": "mc",
                              "Startup Cost": 0.0,
                              "Total Cost": 29310.68,
                              "Plan Rows": 388219,
                              "Plan Width": 4,
                              "Actual Startup Time": 9.867,
                              "Actual Total Time": 85.569,
                              "Actual Rows": 403456,
                              "Actual Loops": 3,
                              "Filter": "(company_id > 12173)",
                              "Rows Removed by Filter": 466254
                            },
                            {
                              "Node Type": "Hash",
                              "Parent Relationship": "Inner",
                              "Parallel Aware": true,
                              "Startup Cost": 43899.01,
                              "Total Cost": 43899.01,
                              "Plan Rows": 502616,
                              "Plan Width": 4,
                              "Actual Startup Time": 324.865,
                              "Actual Total Time": 324.866,
                              "Actual Rows": 672901,
                              "Actual Loops": 3,
                              "Hash Buckets": 2097152,
                              "Original Hash Buckets": 2097152,
                              "Hash Batches": 1,
                              "Original Hash Batches": 1,
                              "Peak Memory Usage": 95424,
                              "Plans": [
                                {
                                  "Node Type": "Seq Scan",
                                  "Parent Relationship": "Outer",
                                  "Parallel Aware": true,
                                  "Relation Name": "title",
                                  "Alias": "t",
                                  "Startup Cost": 0.0,
                                  "Total Cost": 43899.01,
                                  "Plan Rows": 502616,
                                  "Plan Width": 4,
                                  "Actual Startup Time": 0.029,
                                  "Actual Total Time": 132.111,
                                  "Actual Rows": 672901,
                                  "Actual Loops": 3,
                                  "Filter": "(production_year > 1974)",
                                  "Rows Removed by Filter": 169870
                                }
                              ]
                            }
                          ]
                        }
                      ]
                    }
                  ]
                }
              ]
            }
          ]
        }
      ]
    },
    "Planning Time": 0.8,
    "Triggers": [],
    "Execution Time": 821.454
  }
]