[
  {
    "Plan": {
      "Node Type": "Aggregate",
      "Strategy": "Plain",
      "Partial Mode": "Finalize",
      "Parallel Aware": false,
      "Startup Cost": 24294.64,
      "Total Cost": 24294.65,
      "Plan Rows": 1,
      "Plan Width": 8,
      "Actual Startup Time": 55.194,
      "Actual Total Time": 58.236,
      "Actual Rows": 1,
      "Actual Loops": 1,
      "Plans": [
        {
          "Node Type": "Gather",
          "Parent Relationship": "Outer",
          "Parallel Aware": false,
          "Startup Cost": 24294.32,
          "Total Cost": 24294.63,
          "Plan Rows": 3,
          "Plan Width": 8,
          "Actual Startup Time": 55.021,
          "Actual Total Time": 58.229,
          "Actual Rows": 4,
          "Actual Loops": 1,
          "Workers Planned": 3,
          "Workers Launched": 3,
          "Single Copy": false,
          "Plans": [
            {
              "Node Type": "Aggregate",
              "Strategy": "Plain",
              "Partial Mode": "Partial",
              "Parent Relationship": "Outer",
              "Parallel Aware": false,
              "Startup Cost": 23294.32,
              "Total Cost": 23294.33,
              "Plan Rows": 1,
              "Plan Width": 8,
              "Actual Startup Time": 48.964,
              "Actual Total Time": 48.965,
              "Actual Rows": 1,
              "Actual Loops": 4,
              "Plans": [
                {
                  "Node Type": "Bitmap Heap Scan",
                  "Parent Relationship": "Outer",
                  "Parallel Aware": true,
                  "Relation Name": "movie_companies",
                  "Alias": "mc",
                  "Startup Cost": 3622.06,
                  "Total Cost": 23225.07,
                  "Plan Rows": 27700,
                  "Plan Width": 0,
                  "Actual Startup Time": 16.933,
                  "Actual Total Time": 45.342,
                  "Actual Rows": 40963,
                  "Actual Loops": 4,
                  "Recheck Cond": "(company_id > 126274)",
                  "Rows Removed by Index Recheck": 0,
                  "Filter": "(company_type_id > 1)",
                  "Rows Removed by Filter": 0,
                  "Exact Heap Blocks": 2145,
                  "Lossy Heap Blocks": 0,
                  "Plans": [
                    {
                      "Node Type": "Bitmap Index Scan",
                      "Parent Relationship": "Outer",
                      "Parallel Aware": false,
                      "Index Name": "company_id_movie_companies",
                      "Startup Cost": 0.0,
                      "Total Cost": 3600.59,
                      "Plan Rows": 168022,
                      "Plan Width": 0,
                      "Actual Startup Time": 20.634,
                      "Actual Total Time": 20.634,
                      "Actual Rows": 163852,
                      "Actual Loops": 1,
                      "Index Cond": "(company_id > 126274)"
                    }
                  ]
                }
              ]
            }
          ]
        }
      ]
    },
    "Planning Time": 0.19,
    "Triggers": [],
    "Execution Time": 58.303
  }
]