[
    {
        "Bao": {
            "Bao prediction": "NaN",
            "Bao recommended hint": "(no hint)"
        }
    },
    {
        "Plan": {
            "Node Type": "Aggregate",
            "Strategy": "Plain",
            "Partial Mode": "Simple",
            "Parallel Aware": false,
            "Startup Cost": 713.5,
            "Total Cost": 713.51,
            "Plan Rows": 1,
            "Plan Width": 8,
            "Actual Startup Time": 0.551,
            "Actual Total Time": 0.552,
            "Actual Rows": 1,
            "Actual Loops": 1,
            "Output": [
                "count(*)"
            ],
            "Plans": [
                {
                    "Node Type": "Nested Loop",
                    "Parent Relationship": "Outer",
                    "Parallel Aware": false,
                    "Join Type": "Inner",
                    "Startup Cost": 0.86,
                    "Total Cost": 713.37,
                    "Plan Rows": 52,
                    "Plan Width": 0,
                    "Actual Startup Time": 0.164,
                    "Actual Total Time": 0.545,
                    "Actual Rows": 43,
                    "Actual Loops": 1,
                    "Inner Unique": true,
                    "Plans": [
                        {
                            "Node Type": "Index Scan",
                            "Parent Relationship": "Outer",
                            "Parallel Aware": false,
                            "Scan Direction": "Forward",
                            "Index Name": "company_id_movie_companies",
                            "Relation Name": "movie_companies",
                            "Schema": "public",
                            "Alias": "mc",
                            "Startup Cost": 0.43,
                            "Total Cost": 274.1,
                            "Plan Rows": 52,
                            "Plan Width": 4,
                            "Actual Startup Time": 0.15,
                            "Actual Total Time": 0.231,
                            "Actual Rows": 43,
                            "Actual Loops": 1,
                            "Output": [
                                "mc.id",
                                "mc.movie_id",
                                "mc.company_id",
                                "mc.company_type_id",
                                "mc.note"
                            ],
                            "Index Cond": "(mc.company_id = 1596)",
                            "Rows Removed by Index Recheck": 0,
                            "Filter": "(mc.company_type_id = 2)",
                            "Rows Removed by Filter": 45
                        },
                        {
                            "Node Type": "Index Only Scan",
                            "Parent Relationship": "Inner",
                            "Parallel Aware": false,
                            "Scan Direction": "Forward",
                            "Index Name": "title_pkey",
                            "Relation Name": "title",
                            "Schema": "public",
                            "Alias": "t",
                            "Startup Cost": 0.43,
                            "Total Cost": 8.45,
                            "Plan Rows": 1,
                            "Plan Width": 4,
                            "Actual Startup Time": 0.007,
                            "Actual Total Time": 0.007,
                            "Actual Rows": 1,
                            "Actual Loops": 43,
                            "Output": [
                                "t.id"
                            ],
                            "Index Cond": "(t.id = mc.movie_id)",
                            "Rows Removed by Index Recheck": 0,
                            "Heap Fetches": 43
                        }
                    ]
                }
            ]
        },
        "Planning Time": 207.497,
        "Triggers": [],
        "Execution Time": 0.599
    }
]