{
  "Plan": {
    "Node Type": "Aggregate",
    "Strategy": "Plain",
    "Partial Mode": "Finalize",
    "Parallel Aware": false,
    "Startup Cost": 36476.25,
    "Total Cost": 36476.26,
    "Plan Rows": 1,
    "Plan Width": 8,
    "Actual Startup Time": 29.936,
    "Actual Total Time": 33.85,
    "Actual Rows": 1,
    "Actual Loops": 1,
    "Plans": [
      {
        "Node Type": "Gather",
        "Parent Relationship": "Outer",
        "Parallel Aware": false,
        "Startup Cost": 36476.14,
        "Total Cost": 36476.25,
        "Plan Rows": 1,
        "Plan Width": 8,
        "Actual Startup Time": 29.717,
        "Actual Total Time": 33.845,
        "Actual Rows": 2,
        "Actual Loops": 1,
        "Workers Planned": 1,
        "Workers Launched": 1,
        "Single Copy": false,
        "Plans": [
          {
            "Node Type": "Aggregate",
            "Strategy": "Plain",
            "Partial Mode": "Partial",
            "Parent Relationship": "Outer",
            "Parallel Aware": false,
            "Startup Cost": 35476.14,
            "Total Cost": 35476.15,
            "Plan Rows": 1,
            "Plan Width": 8,
            "Actual Startup Time": 25.093,
            "Actual Total Time": 25.095,
            "Actual Rows": 1,
            "Actual Loops": 2,
            "Plans": [
              {
                "Node Type": "Nested Loop",
                "Parent Relationship": "Outer",
                "Parallel Aware": false,
                "Join Type": "Inner",
                "Startup Cost": 113.77,
                "Total Cost": 35475.69,
                "Plan Rows": 178,
                "Plan Width": 0,
                "Actual Startup Time": 2.146,
                "Actual Total Time": 25.071,
                "Actual Rows": 86,
                "Actual Loops": 2,
                "Inner Unique": true,
                "Plans": [
                  {
                    "Node Type": "Bitmap Heap Scan",
                    "Parent Relationship": "Outer",
                    "Parallel Aware": true,
                    "Relation Name": "movie_keyword",
                    "Alias": "mk",
                    "Startup Cost": 113.34,
                    "Total Cost": 12899.97,
                    "Plan Rows": 3105,
                    "Plan Width": 4,
                    "Actual Startup Time": 1.376,
                    "Actual Total Time": 6.835,
                    "Actual Rows": 2479,
                    "Actual Loops": 2,
                    "Recheck Cond": "(keyword_id = 2632)",
                    "Rows Removed by Index Recheck": 0,
                    "Exact Heap Blocks": 2458,
                    "Lossy Heap Blocks": 0,
                    "Plans": [
                      {
                        "Node Type": "Bitmap Index Scan",
                        "Parent Relationship": "Outer",
                        "Parallel Aware": false,
                        "Index Name": "keyword_id_movie_keyword",
                        "Startup Cost": 0.0,
                        "Total Cost": 112.02,
                        "Plan Rows": 5278,
                        "Plan Width": 0,
                        "Actual Startup Time": 1.731,
                        "Actual Total Time": 1.731,
                        "Actual Rows": 4958,
                        "Actual Loops": 1,
                        "Index Cond": "(keyword_id = 2632)"
                      }
                    ]
                  },
                  {
                    "Node Type": "Index Scan",
                    "Parent Relationship": "Inner",
                    "Parallel Aware": false,
                    "Scan Direction": "Forward",
                    "Index Name": "title_pkey",
                    "Relation Name": "title",
                    "Alias": "t",
                    "Startup Cost": 0.43,
                    "Total Cost": 7.27,
                    "Plan Rows": 1,
                    "Plan Width": 4,
                    "Actual Startup Time": 0.007,
                    "Actual Total Time": 0.007,
                    "Actual Rows": 0,
                    "Actual Loops": 4958,
                    "Index Cond": "(id = mk.movie_id)",
                    "Rows Removed by Index Recheck": 0,
                    "Filter": "(production_year = 2010)",
                    "Rows Removed by Filter": 1
                  }
                ]
              }
            ]
          }
        ]
      }
    ]
  },
  "Planning Time": 0.247,
  "Triggers": [],
  "Execution Time": 33.9
}