[
  {
    "Plan": {
      "Node Type": "Aggregate",
      "Strategy": "Plain",
      "Partial Mode": "Finalize",
      "Parallel Aware": false,
      "Startup Cost": 61407.83,
      "Total Cost": 61407.84,
      "Plan Rows": 1,
      "Plan Width": 8,
      "Actual Startup Time": 60.951,
      "Actual Total Time": 66.012,
      "Actual Rows": 1,
      "Actual Loops": 1,
      "Plans": [
        {
          "Node Type": "Gather",
          "Parent Relationship": "Outer",
          "Parallel Aware": false,
          "Startup Cost": 61407.51,
          "Total Cost": 61407.82,
          "Plan Rows": 3,
          "Plan Width": 8,
          "Actual Startup Time": 60.612,
          "Actual Total Time": 66.004,
          "Actual Rows": 4,
          "Actual Loops": 1,
          "Workers Planned": 3,
          "Workers Launched": 3,
          "Single Copy": false,
          "Plans": [
            {
              "Node Type": "Aggregate",
              "Strategy": "Plain",
              "Partial Mode": "Partial",
              "Parent Relationship": "Outer",
              "Parallel Aware": false,
              "Startup Cost": 60407.51,
              "Total Cost": 60407.52,
              "Plan Rows": 1,
              "Plan Width": 8,
              "Actual Startup Time": 56.609,
              "Actual Total Time": 56.613,
              "Actual Rows": 1,
              "Actual Loops": 4,
              "Plans": [
                {
                  "Node Type": "Nested Loop",
                  "Parent Relationship": "Outer",
                  "Parallel Aware": false,
                  "Join Type": "Inner",
                  "Startup Cost": 39974.65,
                  "Total Cost": 60406.3,
                  "Plan Rows": 485,
                  "Plan Width": 0,
                  "Actual Startup Time": 45.694,
                  "Actual Total Time": 56.526,
                  "Actual Rows": 1318,
                  "Actual Loops": 4,
                  "Inner Unique": false,
                  "Join Filter": "(t.id = mk.movie_id)",
                  "Rows Removed by Join Filter": 0,
                  "Plans": [
                    {
                      "Node Type": "Hash Join",
                      "Parent Relationship": "Outer",
                      "Parallel Aware": true,
                      "Join Type": "Inner",
                      "Startup Cost": 39974.22,
                      "Total Cost": 59040.19,
                      "Plan Rows": 271,
                      "Plan Width": 8,
                      "Actual Startup Time": 45.315,
                      "Actual Total Time": 52.585,
                      "Actual Rows": 354,
                      "Actual Loops": 4,
                      "Inner Unique": true,
                      "Hash Cond": "(mc.movie_id = t.id)",
                      "Plans": [
                        {
                          "Node Type": "Bitmap Heap Scan",
                          "Parent Relationship": "Outer",
                          "Parallel Aware": true,
                          "Relation Name": "movie_companies",
                          "Alias": "mc",
                          "Startup Cost": 1226.79,
                          "Total Cost": 20244.87,
                          "Plan Rows": 18246,
                          "Plan Width": 4,
                          "Actual Startup Time": 4.377,
                          "Actual Total Time": 9.154,
                          "Actual Rows": 13942,
                          "Actual Loops": 4,
                          "Recheck Cond": "(company_id > 186965)",
                          "Rows Removed by Index Recheck": 0,
                          "Exact Heap Blocks": 625,
                          "Lossy Heap Blocks": 0,
                          "Plans": [
                            {
                              "Node Type": "Bitmap Index Scan",
                              "Parent Relationship": "Outer",
                              "Parallel Aware": false,
                              "Index Name": "company_id_movie_companies",
                              "Startup Cost": 0.0,
                              "Total Cost": 1212.65,
                              "Plan Rows": 56563,
                              "Plan Width": 0,
                              "Actual Startup Time": 3.741,
                              "Actual Total Time": 3.742,
                              "Actual Rows": 55769,
                              "Actual Loops": 1,
                              "Index Cond": "(company_id > 186965)"
                            }
                          ]
                        },
                        {
                          "Node Type": "Hash",
                          "Parent Relationship": "Inner",
                          "Parallel Aware": true,
                          "Startup Cost": 38630.12,
                          "Total Cost": 38630.12,
                          "Plan Rows": 9385,
                          "Plan Width": 4,
                          "Actual Startup Time": 40.548,
                          "Actual Total Time": 40.549,
                          "Actual Rows": 9339,
                          "Actual Loops": 4,
                          "Hash Buckets": 65536,
                          "Original Hash Buckets": 65536,
                          "Hash Batches": 1,
                          "Original Hash Batches": 1,
                          "Peak Memory Usage": 2016,
                          "Plans": [
                            {
                              "Node Type": "Bitmap Heap Scan",
                              "Parent Relationship": "Outer",
                              "Parallel Aware": true,
                              "Relation Name": "title",
                              "Alias": "t",
                              "Startup Cost": 2176.68,
                              "Total Cost": 38630.12,
                              "Plan Rows": 9385,
                              "Plan Width": 4,
                              "Actual Startup Time": 8.066,
                              "Actual Total Time": 37.029,
                              "Actual Rows": 9339,
                              "Actual Loops": 4,
                              "Recheck Cond": "(kind_id = 4)",
                              "Rows Removed by Index Recheck": 0,
                              "Filter": "(production_year > 2007)",
                              "Rows Removed by Filter": 20219,
                              "Exact Heap Blocks": 5701,
                              "Lossy Heap Blocks": 0,
                              "Plans": [
                                {
                                  "Node Type": "Bitmap Index Scan",
                                  "Parent Relationship": "Outer",
                                  "Parallel Aware": false,
                                  "Index Name": "kind_id_title",
                                  "Startup Cost": 0.0,
                                  "Total Cost": 2167.3,
                                  "Plan Rows": 121449,
                                  "Plan Width": 0,
                                  "Actual Startup Time": 8.384,
                                  "Actual Total Time": 8.385,
                                  "Actual Rows": 118234,
                                  "Actual Loops": 1,
                                  "Index Cond": "(kind_id = 4)"
                                }
                              ]
                            }
                          ]
                        }
                      ]
                    },
                    {
                      "Node Type": "Index Only Scan",
                      "Parent Relationship": "Inner",
                      "Parallel Aware": false,
                      "Scan Direction": "Forward",
                      "Index Name": "movie_id_movie_keyword",
                      "Relation Name": "movie_keyword",
                      "Alias": "mk",
                      "Startup Cost": 0.43,
                      "Total Cost": 4.47,
                      "Plan Rows": 46,
                      "Plan Width": 4,
                      "Actual Startup Time": 0.01,
                      "Actual Total Time": 0.01,
                      "Actual Rows": 4,
                      "Actual Loops": 1415,
                      "Index Cond": "(movie_id = mc.movie_id)",
                      "Rows Removed by Index Recheck": 0,
                      "Heap Fetches": 5270
                    }
                  ]
                }
              ]
            }
          ]
        }
      ]
    },
    "Planning Time": 0.636,
    "Triggers": [],
    "Execution Time": 66.079
  }
]