[
  {
    "Plan": {
      "Node Type": "Aggregate",
      "Strategy": "Plain",
      "Partial Mode": "Finalize",
      "Parallel Aware": false,
      "Startup Cost": 384782.76,
      "Total Cost": 384782.77,
      "Plan Rows": 1,
      "Plan Width": 8,
      "Actual Startup Time": 2419.569,
      "Actual Total Time": 2464.738,
      "Actual Rows": 1,
      "Actual Loops": 1,
      "Plans": [
        {
          "Node Type": "Gather",
          "Parent Relationship": "Outer",
          "Parallel Aware": false,
          "Startup Cost": 384782.23,
          "Total Cost": 384782.74,
          "Plan Rows": 5,
          "Plan Width": 8,
          "Actual Startup Time": 2417.784,
          "Actual Total Time": 2464.731,
          "Actual Rows": 6,
          "Actual Loops": 1,
          "Workers Planned": 5,
          "Workers Launched": 5,
          "Single Copy": false,
          "Plans": [
            {
              "Node Type": "Aggregate",
              "Strategy": "Plain",
              "Partial Mode": "Partial",
              "Parent Relationship": "Outer",
              "Parallel Aware": false,
              "Startup Cost": 383782.23,
              "Total Cost": 383782.24,
              "Plan Rows": 1,
              "Plan Width": 8,
              "Actual Startup Time": 2408.419,
              "Actual Total Time": 2408.422,
              "Actual Rows": 1,
              "Actual Loops": 6,
              "Plans": [
                {
                  "Node Type": "Nested Loop",
                  "Parent Relationship": "Outer",
                  "Parallel Aware": false,
                  "Join Type": "Inner",
                  "Startup Cost": 61001.18,
                  "Total Cost": 383297.98,
                  "Plan Rows": 193700,
                  "Plan Width": 0,
                  "Actual Startup Time": 158.838,
                  "Actual Total Time": 2354.84,
                  "Actual Rows": 1047717,
                  "Actual Loops": 6,
                  "Inner Unique": false,
                  "Plans": [
                    {
                      "Node Type": "Hash Join",
                      "Parent Relationship": "Outer",
                      "Parallel Aware": true,
                      "Join Type": "Inner",
                      "Startup Cost": 61000.61,
                      "Total Cost": 225083.98,
                      "Plan Rows": 52293,
                      "Plan Width": 8,
                      "Actual Startup Time": 158.616,
                      "Actual Total Time": 224.596,
                      "Actual Rows": 80982,
                      "Actual Loops": 6,
                      "Inner Unique": true,
                      "Hash Cond": "(mi.movie_id = t.id)",
                      "Plans": [
                        {
                          "Node Type": "Bitmap Heap Scan",
                          "Parent Relationship": "Outer",
                          "Parallel Aware": true,
                          "Relation Name": "movie_info",
                          "Alias": "mi",
                          "Startup Cost": 12531.92,
                          "Total Cost": 176252.49,
                          "Plan Rows": 138206,
                          "Plan Width": 4,
                          "Actual Startup Time": 29.156,
                          "Actual Total Time": 44.916,
                          "Actual Rows": 110154,
                          "Actual Loops": 6,
                          "Recheck Cond": "(info_type_id = 18)",
                          "Rows Removed by Index Recheck": 0,
                          "Exact Heap Blocks": 1475,
                          "Lossy Heap Blocks": 0,
                          "Plans": [
                            {
                              "Node Type": "Bitmap Index Scan",
                              "Parent Relationship": "Outer",
                              "Parallel Aware": false,
                              "Index Name": "info_type_id_movie_info",
                              "Startup Cost": 0.0,
                              "Total Cost": 12359.16,
                              "Plan Rows": 691030,
                              "Plan Width": 0,
                              "Actual Startup Time": 28.118,
                              "Actual Total Time": 28.118,
                              "Actual Rows": 660923,
                              "Actual Loops": 1,
                              "Index Cond": "(info_type_id = 18)"
                            }
                          ]
                        },
                        {
                          "Node Type": "Hash",
                          "Parent Relationship": "Inner",
                          "Parallel Aware": true,
                          "Startup Cost": 45479.21,
                          "Total Cost": 45479.21,
                          "Plan Rows": 239159,
                          "Plan Width": 4,
                          "Actual Startup Time": 127.778,
                          "Actual Total Time": 127.779,
                          "Actual Rows": 158878,
                          "Actual Loops": 6,
                          "Hash Buckets": 1048576,
                          "Original Hash Buckets": 1048576,
                          "Hash Batches": 1,
                          "Original Hash Batches": 1,
                          "Peak Memory Usage": 45568,
                          "Plans": [
                            {
                              "Node Type": "Seq Scan",
                              "Parent Relationship": "Outer",
                              "Parallel Aware": true,
                              "Relation Name": "title",
                              "Alias": "t",
                              "Startup Cost": 0.0,
                              "Total Cost": 45479.21,
                              "Plan Rows": 239159,
                              "Plan Width": 4,
                              "Actual Startup Time": 0.034,
                              "Actual Total Time": 73.029,
                              "Actual Rows": 158878,
                              "Actual Loops": 6,
                              "Filter": "((kind_id < 7) AND (production_year > 1909))",
                              "Rows Removed by Filter": 262507
                            }
                          ]
                        }
                      ]
                    },
                    {
                      "Node Type": "Index Scan",
                      "Parent Relationship": "Inner",
                      "Parallel Aware": false,
                      "Scan Direction": "Forward",
                      "Index Name": "movie_id_cast_info",
                      "Relation Name": "cast_info",
                      "Alias": "ci",
                      "Startup Cost": 0.56,
                      "Total Cost": 2.93,
                      "Plan Rows": 10,
                      "Plan Width": 4,
                      "Actual Startup Time": 0.018,
                      "Actual Total Time": 0.025,
                      "Actual Rows": 13,
                      "Actual Loops": 485889,
                      "Index Cond": "(movie_id = t.id)",
                      "Rows Removed by Index Recheck": 0,
                      "Filter": "(role_id > 4)",
                      "Rows Removed by Filter": 25
                    }
                  ]
                }
              ]
            }
          ]
        }
      ]
    },
    "Planning Time": 0.435,
    "Triggers": [],
    "Execution Time": 2464.799
  }
]