[
  {
    "Plan": {
      "Node Type": "Aggregate",
      "Strategy": "Plain",
      "Partial Mode": "Finalize",
      "Parallel Aware": false,
      "Startup Cost": 94392.19,
      "Total Cost": 94392.2,
      "Plan Rows": 1,
      "Plan Width": 8,
      "Actual Startup Time": 530.237,
      "Actual Total Time": 547.711,
      "Actual Rows": 1,
      "Actual Loops": 1,
      "Plans": [
        {
          "Node Type": "Gather",
          "Parent Relationship": "Outer",
          "Parallel Aware": false,
          "Startup Cost": 94391.87,
          "Total Cost": 94392.18,
          "Plan Rows": 3,
          "Plan Width": 8,
          "Actual Startup Time": 522.226,
          "Actual Total Time": 547.702,
          "Actual Rows": 4,
          "Actual Loops": 1,
          "Workers Planned": 3,
          "Workers Launched": 3,
          "Single Copy": false,
          "Plans": [
            {
              "Node Type": "Aggregate",
              "Strategy": "Plain",
              "Partial Mode": "Partial",
              "Parent Relationship": "Outer",
              "Parallel Aware": false,
              "Startup Cost": 93391.87,
              "Total Cost": 93391.88,
              "Plan Rows": 1,
              "Plan Width": 8,
              "Actual Startup Time": 506.569,
              "Actual Total Time": 506.573,
              "Actual Rows": 1,
              "Actual Loops": 4,
              "Plans": [
                {
                  "Node Type": "Hash Join",
                  "Parent Relationship": "Outer",
                  "Parallel Aware": true,
                  "Join Type": "Inner",
                  "Startup Cost": 64981.33,
                  "Total Cost": 92830.66,
                  "Plan Rows": 224485,
                  "Plan Width": 0,
                  "Actual Startup Time": 372.586,
                  "Actual Total Time": 497.797,
                  "Actual Rows": 176798,
                  "Actual Loops": 4,
                  "Inner Unique": true,
                  "Hash Cond": "(mk.movie_id = t.id)",
                  "Plans": [
                    {
                      "Node Type": "Bitmap Heap Scan",
                      "Parent Relationship": "Outer",
                      "Parallel Aware": true,
                      "Relation Name": "movie_keyword",
                      "Alias": "mk",
                      "Startup Cost": 14761.68,
                      "Total Cost": 42021.74,
                      "Plan Rows": 224485,
                      "Plan Width": 4,
                      "Actual Startup Time": 38.04,
                      "Actual Total Time": 99.535,
                      "Actual Rows": 176798,
                      "Actual Loops": 4,
                      "Recheck Cond": "(keyword_id < 593)",
                      "Rows Removed by Index Recheck": 0,
                      "Exact Heap Blocks": 8427,
                      "Lossy Heap Blocks": 0,
                      "Plans": [
                        {
                          "Node Type": "Bitmap Index Scan",
                          "Parent Relationship": "Outer",
                          "Parallel Aware": false,
                          "Index Name": "keyword_id_movie_keyword",
                          "Startup Cost": 0.0,
                          "Total Cost": 14587.7,
                          "Plan Rows": 695903,
                          "Plan Width": 0,
                          "Actual Startup Time": 34.383,
                          "Actual Total Time": 34.383,
                          "Actual Rows": 707194,
                          "Actual Loops": 1,
                          "Index Cond": "(keyword_id < 593)"
                        }
                      ]
                    },
                    {
                      "Node Type": "Hash",
                      "Parent Relationship": "Inner",
                      "Parallel Aware": true,
                      "Startup Cost": 42318.73,
                      "Total Cost": 42318.73,
                      "Plan Rows": 632073,
                      "Plan Width": 4,
                      "Actual Startup Time": 324.69,
                      "Actual Total Time": 324.69,
                      "Actual Rows": 632078,
                      "Actual Loops": 4,
                      "Hash Buckets": 4194304,
                      "Original Hash Buckets": 4194304,
                      "Hash Batches": 1,
                      "Original Hash Batches": 1,
                      "Peak Memory Usage": 131712,
                      "Plans": [
                        {
                          "Node Type": "Seq Scan",
                          "Parent Relationship": "Outer",
                          "Parallel Aware": true,
                          "Relation Name": "title",
                          "Alias": "t",
                          "Startup Cost": 0.0,
                          "Total Cost": 42318.73,
                          "Plan Rows": 632073,
                          "Plan Width": 4,
                          "Actual Startup Time": 0.032,
                          "Actual Total Time": 98.975,
                          "Actual Rows": 632078,
                          "Actual Loops": 4
                        }
                      ]
                    }
                  ]
                }
              ]
            }
          ]
        }
      ]
    },
    "Planning Time": 0.521,
    "Triggers": [],
    "Execution Time": 547.783
  }
]