[
  {
    "Plan": {
      "Node Type": "Aggregate",
      "Strategy": "Plain",
      "Partial Mode": "Finalize",
      "Parallel Aware": false,
      "Startup Cost": 30222.35,
      "Total Cost": 30222.36,
      "Plan Rows": 1,
      "Plan Width": 8,
      "Actual Startup Time": 91.863,
      "Actual Total Time": 98.561,
      "Actual Rows": 1,
      "Actual Loops": 1,
      "Plans": [
        {
          "Node Type": "Gather",
          "Parent Relationship": "Outer",
          "Parallel Aware": false,
          "Startup Cost": 30222.03,
          "Total Cost": 30222.34,
          "Plan Rows": 3,
          "Plan Width": 8,
          "Actual Startup Time": 91.594,
          "Actual Total Time": 98.553,
          "Actual Rows": 4,
          "Actual Loops": 1,
          "Workers Planned": 3,
          "Workers Launched": 3,
          "Single Copy": false,
          "Plans": [
            {
              "Node Type": "Aggregate",
              "Strategy": "Plain",
              "Partial Mode": "Partial",
              "Parent Relationship": "Outer",
              "Parallel Aware": false,
              "Startup Cost": 29222.03,
              "Total Cost": 29222.04,
              "Plan Rows": 1,
              "Plan Width": 8,
              "Actual Startup Time": 85.487,
              "Actual Total Time": 85.488,
              "Actual Rows": 1,
              "Actual Loops": 4,
              "Plans": [
                {
                  "Node Type": "Bitmap Heap Scan",
                  "Parent Relationship": "Outer",
                  "Parallel Aware": true,
                  "Relation Name": "movie_keyword",
                  "Alias": "mk",
                  "Startup Cost": 3882.6,
                  "Total Cost": 29074.46,
                  "Plan Rows": 59029,
                  "Plan Width": 0,
                  "Actual Startup Time": 31.106,
                  "Actual Total Time": 82.499,
                  "Actual Rows": 44388,
                  "Actual Loops": 4,
                  "Recheck Cond": "(keyword_id > 71739)",
                  "Rows Removed by Index Recheck": 0,
                  "Exact Heap Blocks": 10936,
                  "Lossy Heap Blocks": 0,
                  "Plans": [
                    {
                      "Node Type": "Bitmap Index Scan",
                      "Parent Relationship": "Outer",
                      "Parallel Aware": false,
                      "Index Name": "keyword_id_movie_keyword",
                      "Startup Cost": 0.0,
                      "Total Cost": 3836.85,
                      "Plan Rows": 182989,
                      "Plan Width": 0,
                      "Actual Startup Time": 31.997,
                      "Actual Total Time": 31.997,
                      "Actual Rows": 177553,
                      "Actual Loops": 1,
                      "Index Cond": "(keyword_id > 71739)"
                    }
                  ]
                }
              ]
            }
          ]
        }
      ]
    },
    "Planning Time": 0.192,
    "Triggers": [],
    "Execution Time": 98.638
  }
]