[
  {
    "Plan": {
      "Node Type": "Aggregate",
      "Strategy": "Plain",
      "Partial Mode": "Finalize",
      "Parallel Aware": false,
      "Startup Cost": 347079.4,
      "Total Cost": 347079.41,
      "Plan Rows": 1,
      "Plan Width": 8,
      "Actual Startup Time": 776.721,
      "Actual Total Time": 823.609,
      "Actual Rows": 1,
      "Actual Loops": 1,
      "Plans": [
        {
          "Node Type": "Gather",
          "Parent Relationship": "Outer",
          "Parallel Aware": false,
          "Startup Cost": 347078.78,
          "Total Cost": 347079.39,
          "Plan Rows": 6,
          "Plan Width": 8,
          "Actual Startup Time": 776.498,
          "Actual Total Time": 823.597,
          "Actual Rows": 7,
          "Actual Loops": 1,
          "Workers Planned": 6,
          "Workers Launched": 6,
          "Single Copy": false,
          "Plans": [
            {
              "Node Type": "Aggregate",
              "Strategy": "Plain",
              "Partial Mode": "Partial",
              "Parent Relationship": "Outer",
              "Parallel Aware": false,
              "Startup Cost": 346078.78,
              "Total Cost": 346078.79,
              "Plan Rows": 1,
              "Plan Width": 8,
              "Actual Startup Time": 769.089,
              "Actual Total Time": 769.09,
              "Actual Rows": 1,
              "Actual Loops": 7,
              "Plans": [
                {
                  "Node Type": "Seq Scan",
                  "Parent Relationship": "Outer",
                  "Parallel Aware": true,
                  "Relation Name": "cast_info",
                  "Alias": "ci",
                  "Startup Cost": 0.0,
                  "Total Cost": 343316.27,
                  "Plan Rows": 1105003,
                  "Plan Width": 0,
                  "Actual Startup Time": 374.991,
                  "Actual Total Time": 693.427,
                  "Actual Rows": 1442982,
                  "Actual Loops": 7,
                  "Filter": "((person_id > 2706036) AND (role_id > 1))",
                  "Rows Removed by Filter": 3734781
                }
              ]
            }
          ]
        }
      ]
    },
    "Planning Time": 0.085,
    "Triggers": [],
    "Execution Time": 823.651
  }
]