[
  {
    "Plan": {
      "Node Type": "Aggregate",
      "Strategy": "Plain",
      "Partial Mode": "Finalize",
      "Parallel Aware": false,
      "Startup Cost": 99215.74,
      "Total Cost": 99215.75,
      "Plan Rows": 1,
      "Plan Width": 8,
      "Actual Startup Time": 768.951,
      "Actual Total Time": 789.848,
      "Actual Rows": 1,
      "Actual Loops": 1,
      "Plans": [
        {
          "Node Type": "Gather",
          "Parent Relationship": "Outer",
          "Parallel Aware": false,
          "Startup Cost": 99215.53,
          "Total Cost": 99215.74,
          "Plan Rows": 2,
          "Plan Width": 8,
          "Actual Startup Time": 758.31,
          "Actual Total Time": 789.838,
          "Actual Rows": 3,
          "Actual Loops": 1,
          "Workers Planned": 2,
          "Workers Launched": 2,
          "Single Copy": false,
          "Plans": [
            {
              "Node Type": "Aggregate",
              "Strategy": "Plain",
              "Partial Mode": "Partial",
              "Parent Relationship": "Outer",
              "Parallel Aware": false,
              "Startup Cost": 98215.53,
              "Total Cost": 98215.54,
              "Plan Rows": 1,
              "Plan Width": 8,
              "Actual Startup Time": 753.665,
              "Actual Total Time": 753.821,
              "Actual Rows": 1,
              "Actual Loops": 3,
              "Plans": [
                {
                  "Node Type": "Hash Join",
                  "Parent Relationship": "Outer",
                  "Parallel Aware": true,
                  "Join Type": "Inner",
                  "Startup Cost": 81737.12,
                  "Total Cost": 97937.42,
                  "Plan Rows": 111244,
                  "Plan Width": 0,
                  "Actual Startup Time": 611.373,
                  "Actual Total Time": 742.206,
                  "Actual Rows": 242567,
                  "Actual Loops": 3,
                  "Inner Unique": false,
                  "Hash Cond": "(mi_idx.movie_id = t.id)",
                  "Plans": [
                    {
                      "Node Type": "Seq Scan",
                      "Parent Relationship": "Outer",
                      "Parallel Aware": true,
                      "Relation Name": "movie_info_idx",
                      "Alias": "mi_idx",
                      "Startup Cost": 0.0,
                      "Total Cost": 13685.15,
                      "Plan Rows": 575015,
                      "Plan Width": 4,
                      "Actual Startup Time": 0.016,
                      "Actual Total Time": 41.471,
                      "Actual Rows": 460012,
                      "Actual Loops": 3
                    },
                    {
                      "Node Type": "Hash",
                      "Parent Relationship": "Inner",
                      "Parallel Aware": true,
                      "Startup Cost": 79764.72,
                      "Total Cost": 79764.72,
                      "Plan Rows": 157792,
                      "Plan Width": 8,
                      "Actual Startup Time": 607.415,
                      "Actual Total Time": 607.569,
                      "Actual Rows": 164417,
                      "Actual Loops": 3,
                      "Hash Buckets": 524288,
                      "Original Hash Buckets": 524288,
                      "Hash Batches": 1,
                      "Original Hash Batches": 1,
                      "Peak Memory Usage": 23424,
                      "Plans": [
                        {
                          "Node Type": "Hash Join",
                          "Parent Relationship": "Outer",
                          "Parallel Aware": true,
                          "Join Type": "Inner",
                          "Startup Cost": 49909.5,
                          "Total Cost": 79764.72,
                          "Plan Rows": 157792,
                          "Plan Width": 8,
                          "Actual Startup Time": 410.873,
                          "Actual Total Time": 557.212,
                          "Actual Rows": 164417,
                          "Actual Loops": 3,
                          "Inner Unique": true,
                          "Hash Cond": "(mc.movie_id = t.id)",
                          "Plans": [
                            {
                              "Node Type": "Seq Scan",
                              "Parent Relationship": "Outer",
                              "Parallel Aware": true,
                              "Relation Name": "movie_companies",
                              "Alias": "mc",
                              "Startup Cost": 0.0,
                              "Total Cost": 29310.68,
                              "Plan Rows": 207443,
                              "Plan Width": 4,
                              "Actual Startup Time": 28.375,
                              "Actual Total Time": 84.895,
                              "Actual Rows": 212563,
                              "Actual Loops": 3,
                              "Filter": "(company_id > 57709)",
                              "Rows Removed by Filter": 657147
                            },
                            {
                              "Node Type": "Hash",
                              "Parent Relationship": "Inner",
                              "Parallel Aware": true,
                              "Startup Cost": 43899.32,
                              "Total Cost": 43899.32,
                              "Plan Rows": 480814,
                              "Plan Width": 4,
                              "Actual Startup Time": 374.932,
                              "Actual Total Time": 374.934,
                              "Actual Rows": 640950,
                              "Actual Loops": 3,
                              "Hash Buckets": 2097152,
                              "Original Hash Buckets": 2097152,
                              "Hash Batches": 1,
                              "Original Hash Batches": 1,
                              "Peak Memory Usage": 91680,
                              "Plans": [
                                {
                                  "Node Type": "Seq Scan",
                                  "Parent Relationship": "Outer",
                                  "Parallel Aware": true,
                                  "Relation Name": "title",
                                  "Alias": "t",
                                  "Startup Cost": 0.0,
                                  "Total Cost": 43899.32,
                                  "Plan Rows": 480814,
                                  "Plan Width": 4,
                                  "Actual Startup Time": 0.038,
                                  "Actual Total Time": 147.91,
                                  "Actual Rows": 640950,
                                  "Actual Loops": 3,
                                  "Filter": "(production_year < 2010)",
                                  "Rows Removed by Filter": 201821
                                }
                              ]
                            }
                          ]
                        }
                      ]
                    }
                  ]
                }
              ]
            }
          ]
        }
      ]
    },
    "Planning Time": 1.379,
    "Triggers": [],
    "Execution Time": 789.93
  }
]