[
  {
    "Plan": {
      "Node Type": "Aggregate",
      "Strategy": "Plain",
      "Partial Mode": "Finalize",
      "Parallel Aware": false,
      "Startup Cost": 82367.54,
      "Total Cost": 82367.55,
      "Plan Rows": 1,
      "Plan Width": 8,
      "Actual Startup Time": 294.256,
      "Actual Total Time": 338.05,
      "Actual Rows": 1,
      "Actual Loops": 1,
      "Plans": [
        {
          "Node Type": "Gather",
          "Parent Relationship": "Outer",
          "Parallel Aware": false,
          "Startup Cost": 82367.22,
          "Total Cost": 82367.53,
          "Plan Rows": 3,
          "Plan Width": 8,
          "Actual Startup Time": 293.11,
          "Actual Total Time": 338.035,
          "Actual Rows": 4,
          "Actual Loops": 1,
          "Workers Planned": 3,
          "Workers Launched": 3,
          "Single Copy": false,
          "Plans": [
            {
              "Node Type": "Aggregate",
              "Strategy": "Plain",
              "Partial Mode": "Partial",
              "Parent Relationship": "Outer",
              "Parallel Aware": false,
              "Startup Cost": 81367.22,
              "Total Cost": 81367.23,
              "Plan Rows": 1,
              "Plan Width": 8,
              "Actual Startup Time": 287.834,
              "Actual Total Time": 287.839,
              "Actual Rows": 1,
              "Actual Loops": 4,
              "Plans": [
                {
                  "Node Type": "Nested Loop",
                  "Parent Relationship": "Outer",
                  "Parallel Aware": false,
                  "Join Type": "Inner",
                  "Startup Cost": 48170.65,
                  "Total Cost": 81356.95,
                  "Plan Rows": 4109,
                  "Plan Width": 0,
                  "Actual Startup Time": 123.3,
                  "Actual Total Time": 285.531,
                  "Actual Rows": 27315,
                  "Actual Loops": 4,
                  "Inner Unique": false,
                  "Join Filter": "(t.id = ci.movie_id)",
                  "Rows Removed by Join Filter": 0,
                  "Plans": [
                    {
                      "Node Type": "Hash Join",
                      "Parent Relationship": "Outer",
                      "Parallel Aware": true,
                      "Join Type": "Inner",
                      "Startup Cost": 48170.09,
                      "Total Cost": 73212.36,
                      "Plan Rows": 648,
                      "Plan Width": 8,
                      "Actual Startup Time": 122.731,
                      "Actual Total Time": 153.648,
                      "Actual Rows": 987,
                      "Actual Loops": 4,
                      "Inner Unique": true,
                      "Hash Cond": "(mk.movie_id = t.id)",
                      "Plans": [
                        {
                          "Node Type": "Bitmap Heap Scan",
                          "Parent Relationship": "Outer",
                          "Parallel Aware": true,
                          "Relation Name": "movie_keyword",
                          "Alias": "mk",
                          "Startup Cost": 2558.87,
                          "Total Cost": 27499.04,
                          "Plan Rows": 38894,
                          "Plan Width": 4,
                          "Actual Startup Time": 18.246,
                          "Actual Total Time": 41.988,
                          "Actual Rows": 30480,
                          "Actual Loops": 4,
                          "Recheck Cond": "(keyword_id < 117)",
                          "Rows Removed by Index Recheck": 0,
                          "Exact Heap Blocks": 10167,
                          "Lossy Heap Blocks": 0,
                          "Plans": [
                            {
                              "Node Type": "Bitmap Index Scan",
                              "Parent Relationship": "Outer",
                              "Parallel Aware": false,
                              "Index Name": "keyword_id_movie_keyword",
                              "Startup Cost": 0.0,
                              "Total Cost": 2528.72,
                              "Plan Rows": 120572,
                              "Plan Width": 0,
                              "Actual Startup Time": 12.806,
                              "Actual Total Time": 12.807,
                              "Actual Rows": 121921,
                              "Actual Loops": 1,
                              "Index Cond": "(keyword_id < 117)"
                            }
                          ]
                        },
                        {
                          "Node Type": "Hash",
                          "Parent Relationship": "Inner",
                          "Parallel Aware": true,
                          "Startup Cost": 45479.59,
                          "Total Cost": 45479.59,
                          "Plan Rows": 10531,
                          "Plan Width": 4,
                          "Actual Startup Time": 103.872,
                          "Actual Total Time": 103.873,
                          "Actual Rows": 8476,
                          "Actual Loops": 4,
                          "Hash Buckets": 65536,
                          "Original Hash Buckets": 65536,
                          "Hash Batches": 1,
                          "Original Hash Batches": 1,
                          "Peak Memory Usage": 1888,
                          "Plans": [
                            {
                              "Node Type": "Seq Scan",
                              "Parent Relationship": "Outer",
                              "Parallel Aware": true,
                              "Relation Name": "title",
                              "Alias": "t",
                              "Startup Cost": 0.0,
                              "Total Cost": 45479.59,
                              "Plan Rows": 10531,
                              "Plan Width": 4,
                              "Actual Startup Time": 0.149,
                              "Actual Total Time": 100.014,
                              "Actual Rows": 8476,
                              "Actual Loops": 4,
                              "Filter": "((kind_id < 7) AND (production_year = 2006))",
                              "Rows Removed by Filter": 623602
                            }
                          ]
                        }
                      ]
                    },
                    {
                      "Node Type": "Index Scan",
                      "Parent Relationship": "Inner",
                      "Parallel Aware": false,
                      "Scan Direction": "Forward",
                      "Index Name": "movie_id_cast_info",
                      "Relation Name": "cast_info",
                      "Alias": "ci",
                      "Startup Cost": 0.56,
                      "Total Cost": 12.38,
                      "Plan Rows": 15,
                      "Plan Width": 4,
                      "Actual Startup Time": 0.072,
                      "Actual Total Time": 0.129,
                      "Actual Rows": 28,
                      "Actual Loops": 3949,
                      "Index Cond": "(movie_id = mk.movie_id)",
                      "Rows Removed by Index Recheck": 0,
                      "Filter": "(role_id > 2)",
                      "Rows Removed by Filter": 26
                    }
                  ]
                }
              ]
            }
          ]
        }
      ]
    },
    "Planning Time": 0.738,
    "Triggers": [],
    "Execution Time": 338.128
  }
]