[
  {
    "Plan": {
      "Node Type": "Aggregate",
      "Strategy": "Plain",
      "Partial Mode": "Finalize",
      "Parallel Aware": false,
      "Startup Cost": 338407.56,
      "Total Cost": 338407.57,
      "Plan Rows": 1,
      "Plan Width": 8,
      "Actual Startup Time": 436.429,
      "Actual Total Time": 457.799,
      "Actual Rows": 1,
      "Actual Loops": 1,
      "Plans": [
        {
          "Node Type": "Gather",
          "Parent Relationship": "Outer",
          "Parallel Aware": false,
          "Startup Cost": 338407.35,
          "Total Cost": 338407.56,
          "Plan Rows": 2,
          "Plan Width": 8,
          "Actual Startup Time": 434.067,
          "Actual Total Time": 457.791,
          "Actual Rows": 3,
          "Actual Loops": 1,
          "Workers Planned": 2,
          "Workers Launched": 2,
          "Single Copy": false,
          "Plans": [
            {
              "Node Type": "Aggregate",
              "Strategy": "Plain",
              "Partial Mode": "Partial",
              "Parent Relationship": "Outer",
              "Parallel Aware": false,
              "Startup Cost": 337407.35,
              "Total Cost": 337407.36,
              "Plan Rows": 1,
              "Plan Width": 8,
              "Actual Startup Time": 427.823,
              "Actual Total Time": 427.829,
              "Actual Rows": 1,
              "Actual Loops": 3,
              "Plans": [
                {
                  "Node Type": "Hash Join",
                  "Parent Relationship": "Outer",
                  "Parallel Aware": true,
                  "Join Type": "Inner",
                  "Startup Cost": 321354.84,
                  "Total Cost": 337301.82,
                  "Plan Rows": 42212,
                  "Plan Width": 0,
                  "Actual Startup Time": 332.903,
                  "Actual Total Time": 426.112,
                  "Actual Rows": 35842,
                  "Actual Loops": 3,
                  "Inner Unique": false,
                  "Hash Cond": "(mi_idx.movie_id = t.id)",
                  "Plans": [
                    {
                      "Node Type": "Seq Scan",
                      "Parent Relationship": "Outer",
                      "Parallel Aware": true,
                      "Relation Name": "movie_info_idx",
                      "Alias": "mi_idx",
                      "Startup Cost": 0.0,
                      "Total Cost": 13685.15,
                      "Plan Rows": 575015,
                      "Plan Width": 4,
                      "Actual Startup Time": 0.015,
                      "Actual Total Time": 43.185,
                      "Actual Rows": 460012,
                      "Actual Loops": 3
                    },
                    {
                      "Node Type": "Hash",
                      "Parent Relationship": "Inner",
                      "Parallel Aware": true,
                      "Startup Cost": 320774.79,
                      "Total Cost": 320774.79,
                      "Plan Rows": 46404,
                      "Plan Width": 8,
                      "Actual Startup Time": 331.507,
                      "Actual Total Time": 331.512,
                      "Actual Rows": 36961,
                      "Actual Loops": 3,
                      "Hash Buckets": 262144,
                      "Original Hash Buckets": 262144,
                      "Hash Batches": 1,
                      "Original Hash Batches": 1,
                      "Peak Memory Usage": 6432,
                      "Plans": [
                        {
                          "Node Type": "Hash Join",
                          "Parent Relationship": "Outer",
                          "Parallel Aware": true,
                          "Join Type": "Inner",
                          "Startup Cost": 271674.46,
                          "Total Cost": 320774.79,
                          "Plan Rows": 46404,
                          "Plan Width": 8,
                          "Actual Startup Time": 104.286,
                          "Actual Total Time": 318.496,
                          "Actual Rows": 36961,
                          "Actual Loops": 3,
                          "Inner Unique": false,
                          "Hash Cond": "(t.id = ci.movie_id)",
                          "Plans": [
                            {
                              "Node Type": "Seq Scan",
                              "Parent Relationship": "Outer",
                              "Parallel Aware": true,
                              "Relation Name": "title",
                              "Alias": "t",
                              "Startup Cost": 0.0,
                              "Total Cost": 45479.59,
                              "Plan Rows": 354340,
                              "Plan Width": 4,
                              "Actual Startup Time": 0.017,
                              "Actual Total Time": 129.999,
                              "Actual Rows": 492804,
                              "Actual Loops": 3,
                              "Filter": "((production_year > 1938) AND (kind_id = 7))",
                              "Rows Removed by Filter": 349967
                            },
                            {
                              "Node Type": "Hash",
                              "Parent Relationship": "Inner",
                              "Parallel Aware": true,
                              "Startup Cost": 270984.63,
                              "Total Cost": 270984.63,
                              "Plan Rows": 55186,
                              "Plan Width": 4,
                              "Actual Startup Time": 102.847,
                              "Actual Total Time": 102.849,
                              "Actual Rows": 66608,
                              "Actual Loops": 3,
                              "Hash Buckets": 524288,
                              "Original Hash Buckets": 524288,
                              "Hash Batches": 1,
                              "Original Hash Batches": 1,
                              "Peak Memory Usage": 11968,
                              "Plans": [
                                {
                                  "Node Type": "Bitmap Heap Scan",
                                  "Parent Relationship": "Outer",
                                  "Parallel Aware": true,
                                  "Relation Name": "cast_info",
                                  "Alias": "ci",
                                  "Startup Cost": 16426.06,
                                  "Total Cost": 270984.63,
                                  "Plan Rows": 55186,
                                  "Plan Width": 4,
                                  "Actual Startup Time": 61.375,
                                  "Actual Total Time": 82.468,
                                  "Actual Rows": 66608,
                                  "Actual Loops": 3,
                                  "Recheck Cond": "(person_id < 81472)",
                                  "Rows Removed by Index Recheck": 0,
                                  "Filter": "(role_id > 2)",
                                  "Rows Removed by Filter": 189227,
                                  "Exact Heap Blocks": 4523,
                                  "Lossy Heap Blocks": 0,
                                  "Plans": [
                                    {
                                      "Node Type": "Bitmap Index Scan",
                                      "Parent Relationship": "Outer",
                                      "Parallel Aware": false,
                                      "Index Name": "person_id_cast_info",
                                      "Startup Cost": 0.0,
                                      "Total Cost": 16343.28,
                                      "Plan Rows": 748629,
                                      "Plan Width": 0,
                                      "Actual Startup Time": 26.385,
                                      "Actual Total Time": 26.385,
                                      "Actual Rows": 767507,
                                      "Actual Loops": 1,
                                      "Index Cond": "(person_id < 81472)"
                                    }
                                  ]
                                }
                              ]
                            }
                          ]
                        }
                      ]
                    }
                  ]
                }
              ]
            }
          ]
        }
      ]
    },
    "Planning Time": 0.436,
    "Triggers": [],
    "Execution Time": 457.869
  }
]