[
  {
    "Plan": {
      "Node Type": "Aggregate",
      "Strategy": "Plain",
      "Partial Mode": "Finalize",
      "Parallel Aware": false,
      "Startup Cost": 339491.86,
      "Total Cost": 339491.87,
      "Plan Rows": 1,
      "Plan Width": 8,
      "Actual Startup Time": 401.383,
      "Actual Total Time": 416.669,
      "Actual Rows": 1,
      "Actual Loops": 1,
      "Plans": [
        {
          "Node Type": "Gather",
          "Parent Relationship": "Outer",
          "Parallel Aware": false,
          "Startup Cost": 339491.64,
          "Total Cost": 339491.85,
          "Plan Rows": 2,
          "Plan Width": 8,
          "Actual Startup Time": 399.688,
          "Actual Total Time": 416.662,
          "Actual Rows": 3,
          "Actual Loops": 1,
          "Workers Planned": 2,
          "Workers Launched": 2,
          "Single Copy": false,
          "Plans": [
            {
              "Node Type": "Aggregate",
              "Strategy": "Plain",
              "Partial Mode": "Partial",
              "Parent Relationship": "Outer",
              "Parallel Aware": false,
              "Startup Cost": 338491.64,
              "Total Cost": 338491.65,
              "Plan Rows": 1,
              "Plan Width": 8,
              "Actual Startup Time": 390.342,
              "Actual Total Time": 390.348,
              "Actual Rows": 1,
              "Actual Loops": 3,
              "Plans": [
                {
                  "Node Type": "Hash Join",
                  "Parent Relationship": "Outer",
                  "Parallel Aware": true,
                  "Join Type": "Inner",
                  "Startup Cost": 322423.85,
                  "Total Cost": 338378.48,
                  "Plan Rows": 45267,
                  "Plan Width": 0,
                  "Actual Startup Time": 310.496,
                  "Actual Total Time": 388.935,
                  "Actual Rows": 35842,
                  "Actual Loops": 3,
                  "Inner Unique": false,
                  "Hash Cond": "(mi_idx.movie_id = t.id)",
                  "Plans": [
                    {
                      "Node Type": "Seq Scan",
                      "Parent Relationship": "Outer",
                      "Parallel Aware": true,
                      "Relation Name": "movie_info_idx",
                      "Alias": "mi_idx",
                      "Startup Cost": 0.0,
                      "Total Cost": 13685.15,
                      "Plan Rows": 575015,
                      "Plan Width": 4,
                      "Actual Startup Time": 0.029,
                      "Actual Total Time": 34.443,
                      "Actual Rows": 460012,
                      "Actual Loops": 3
                    },
                    {
                      "Node Type": "Hash",
                      "Parent Relationship": "Inner",
                      "Parallel Aware": true,
                      "Startup Cost": 321801.88,
                      "Total Cost": 321801.88,
                      "Plan Rows": 49758,
                      "Plan Width": 8,
                      "Actual Startup Time": 307.78,
                      "Actual Total Time": 307.784,
                      "Actual Rows": 36961,
                      "Actual Loops": 3,
                      "Hash Buckets": 262144,
                      "Original Hash Buckets": 262144,
                      "Hash Batches": 1,
                      "Original Hash Batches": 1,
                      "Peak Memory Usage": 6432,
                      "Plans": [
                        {
                          "Node Type": "Hash Join",
                          "Parent Relationship": "Outer",
                          "Parallel Aware": true,
                          "Join Type": "Inner",
                          "Startup Cost": 272712.89,
                          "Total Cost": 321801.88,
                          "Plan Rows": 49758,
                          "Plan Width": 8,
                          "Actual Startup Time": 110.119,
                          "Actual Total Time": 296.032,
                          "Actual Rows": 36961,
                          "Actual Loops": 3,
                          "Inner Unique": false,
                          "Hash Cond": "(t.id = ci.movie_id)",
                          "Plans": [
                            {
                              "Node Type": "Seq Scan",
                              "Parent Relationship": "Outer",
                              "Parallel Aware": true,
                              "Relation Name": "title",
                              "Alias": "t",
                              "Startup Cost": 0.0,
                              "Total Cost": 45479.1,
                              "Plan Rows": 352696,
                              "Plan Width": 4,
                              "Actual Startup Time": 0.013,
                              "Actual Total Time": 110.208,
                              "Actual Rows": 492804,
                              "Actual Loops": 3,
                              "Filter": "((production_year > 1938) AND (kind_id = 7))",
                              "Rows Removed by Filter": 349967
                            },
                            {
                              "Node Type": "Hash",
                              "Parent Relationship": "Inner",
                              "Parallel Aware": true,
                              "Startup Cost": 271969.78,
                              "Total Cost": 271969.78,
                              "Plan Rows": 59449,
                              "Plan Width": 4,
                              "Actual Startup Time": 107.308,
                              "Actual Total Time": 107.309,
                              "Actual Rows": 66608,
                              "Actual Loops": 3,
                              "Hash Buckets": 524288,
                              "Original Hash Buckets": 524288,
                              "Hash Batches": 1,
                              "Original Hash Batches": 1,
                              "Peak Memory Usage": 11968,
                              "Plans": [
                                {
                                  "Node Type": "Bitmap Heap Scan",
                                  "Parent Relationship": "Outer",
                                  "Parallel Aware": true,
                                  "Relation Name": "cast_info",
                                  "Alias": "ci",
                                  "Startup Cost": 17311.52,
                                  "Total Cost": 271969.78,
                                  "Plan Rows": 59449,
                                  "Plan Width": 4,
                                  "Actual Startup Time": 71.469,
                                  "Actual Total Time": 88.064,
                                  "Actual Rows": 66608,
                                  "Actual Loops": 3,
                                  "Recheck Cond": "(person_id < 81472)",
                                  "Rows Removed by Index Recheck": 0,
                                  "Filter": "(role_id > 2)",
                                  "Rows Removed by Filter": 189227,
                                  "Exact Heap Blocks": 4463,
                                  "Lossy Heap Blocks": 0,
                                  "Plans": [
                                    {
                                      "Node Type": "Bitmap Index Scan",
                                      "Parent Relationship": "Outer",
                                      "Parallel Aware": false,
                                      "Index Name": "person_id_cast_info",
                                      "Startup Cost": 0.0,
                                      "Total Cost": 17222.34,
                                      "Plan Rows": 788504,
                                      "Plan Width": 0,
                                      "Actual Startup Time": 36.565,
                                      "Actual Total Time": 36.566,
                                      "Actual Rows": 767507,
                                      "Actual Loops": 1,
                                      "Index Cond": "(person_id < 81472)"
                                    }
                                  ]
                                }
                              ]
                            }
                          ]
                        }
                      ]
                    }
                  ]
                }
              ]
            }
          ]
        }
      ]
    },
    "Planning Time": 1.343,
    "Triggers": [],
    "Execution Time": 416.771
  }
]