[
  {
    "Plan": {
      "Node Type": "Aggregate",
      "Strategy": "Plain",
      "Partial Mode": "Finalize",
      "Parallel Aware": false,
      "Startup Cost": 88171.72,
      "Total Cost": 88171.73,
      "Plan Rows": 1,
      "Plan Width": 8,
      "Actual Startup Time": 422.793,
      "Actual Total Time": 442.296,
      "Actual Rows": 1,
      "Actual Loops": 1,
      "Plans": [
        {
          "Node Type": "Gather",
          "Parent Relationship": "Outer",
          "Parallel Aware": false,
          "Startup Cost": 88171.3,
          "Total Cost": 88171.71,
          "Plan Rows": 4,
          "Plan Width": 8,
          "Actual Startup Time": 421.19,
          "Actual Total Time": 442.287,
          "Actual Rows": 5,
          "Actual Loops": 1,
          "Workers Planned": 4,
          "Workers Launched": 4,
          "Single Copy": false,
          "Plans": [
            {
              "Node Type": "Aggregate",
              "Strategy": "Plain",
              "Partial Mode": "Partial",
              "Parent Relationship": "Outer",
              "Parallel Aware": false,
              "Startup Cost": 87171.3,
              "Total Cost": 87171.31,
              "Plan Rows": 1,
              "Plan Width": 8,
              "Actual Startup Time": 410.719,
              "Actual Total Time": 410.776,
              "Actual Rows": 1,
              "Actual Loops": 5,
              "Plans": [
                {
                  "Node Type": "Nested Loop",
                  "Parent Relationship": "Outer",
                  "Parallel Aware": false,
                  "Join Type": "Inner",
                  "Startup Cost": 25531.65,
                  "Total Cost": 87130.23,
                  "Plan Rows": 16426,
                  "Plan Width": 0,
                  "Actual Startup Time": 176.886,
                  "Actual Total Time": 406.592,
                  "Actual Rows": 68425,
                  "Actual Loops": 5,
                  "Inner Unique": false,
                  "Plans": [
                    {
                      "Node Type": "Hash Join",
                      "Parent Relationship": "Outer",
                      "Parallel Aware": true,
                      "Join Type": "Inner",
                      "Startup Cost": 25531.22,
                      "Total Cost": 71107.4,
                      "Plan Rows": 30094,
                      "Plan Width": 8,
                      "Actual Startup Time": 173.739,
                      "Actual Total Time": 262.962,
                      "Actual Rows": 47008,
                      "Actual Loops": 5,
                      "Inner Unique": false,
                      "Hash Cond": "(t.id = mc.movie_id)",
                      "Plans": [
                        {
                          "Node Type": "Seq Scan",
                          "Parent Relationship": "Outer",
                          "Parallel Aware": true,
                          "Relation Name": "title",
                          "Alias": "t",
                          "Startup Cost": 0.0,
                          "Total Cost": 42318.73,
                          "Plan Rows": 632073,
                          "Plan Width": 4,
                          "Actual Startup Time": 0.013,
                          "Actual Total Time": 76.478,
                          "Actual Rows": 505662,
                          "Actual Loops": 5
                        },
                        {
                          "Node Type": "Hash",
                          "Parent Relationship": "Inner",
                          "Parallel Aware": true,
                          "Startup Cost": 25045.83,
                          "Total Cost": 25045.83,
                          "Plan Rows": 38831,
                          "Plan Width": 4,
                          "Actual Startup Time": 71.933,
                          "Actual Total Time": 71.935,
                          "Actual Rows": 47008,
                          "Actual Loops": 5,
                          "Hash Buckets": 262144,
                          "Original Hash Buckets": 131072,
                          "Hash Batches": 1,
                          "Original Hash Batches": 1,
                          "Peak Memory Usage": 12320,
                          "Plans": [
                            {
                              "Node Type": "Bitmap Heap Scan",
                              "Parent Relationship": "Outer",
                              "Parallel Aware": true,
                              "Relation Name": "movie_companies",
                              "Alias": "mc",
                              "Startup Cost": 5108.65,
                              "Total Cost": 25045.83,
                              "Plan Rows": 38831,
                              "Plan Width": 4,
                              "Actual Startup Time": 18.538,
                              "Actual Total Time": 46.716,
                              "Actual Rows": 47008,
                              "Actual Loops": 5,
                              "Recheck Cond": "(company_id > 104147)",
                              "Rows Removed by Index Recheck": 0,
                              "Filter": "(company_type_id = 2)",
                              "Rows Removed by Filter": 0,
                              "Exact Heap Blocks": 1805,
                              "Lossy Heap Blocks": 0,
                              "Plans": [
                                {
                                  "Node Type": "Bitmap Index Scan",
                                  "Parent Relationship": "Outer",
                                  "Parallel Aware": false,
                                  "Index Name": "company_id_movie_companies",
                                  "Startup Cost": 0.0,
                                  "Total Cost": 5078.56,
                                  "Plan Rows": 237084,
                                  "Plan Width": 0,
                                  "Actual Startup Time": 22.904,
                                  "Actual Total Time": 22.905,
                                  "Actual Rows": 235042,
                                  "Actual Loops": 1,
                                  "Index Cond": "(company_id > 104147)"
                                }
                              ]
                            }
                          ]
                        }
                      ]
                    },
                    {
                      "Node Type": "Index Only Scan",
                      "Parent Relationship": "Inner",
                      "Parallel Aware": false,
                      "Scan Direction": "Forward",
                      "Index Name": "movie_id_movie_info_idx",
                      "Relation Name": "movie_info_idx",
                      "Alias": "mi_idx",
                      "Startup Cost": 0.43,
                      "Total Cost": 0.5,
                      "Plan Rows": 3,
                      "Plan Width": 4,
                      "Actual Startup Time": 0.002,
                      "Actual Total Time": 0.003,
                      "Actual Rows": 1,
                      "Actual Loops": 235042,
                      "Index Cond": "(movie_id = t.id)",
                      "Rows Removed by Index Recheck": 0,
                      "Heap Fetches": 342127
                    }
                  ]
                }
              ]
            }
          ]
        }
      ]
    },
    "Planning Time": 1.405,
    "Triggers": [],
    "Execution Time": 442.404
  }
]