[
  {
    "Plan": {
      "Node Type": "Aggregate",
      "Strategy": "Plain",
      "Partial Mode": "Finalize",
      "Parallel Aware": false,
      "Startup Cost": 332115.92,
      "Total Cost": 332115.93,
      "Plan Rows": 1,
      "Plan Width": 8,
      "Actual Startup Time": 602.15,
      "Actual Total Time": 654.489,
      "Actual Rows": 1,
      "Actual Loops": 1,
      "Plans": [
        {
          "Node Type": "Gather",
          "Parent Relationship": "Outer",
          "Parallel Aware": false,
          "Startup Cost": 332115.3,
          "Total Cost": 332115.91,
          "Plan Rows": 6,
          "Plan Width": 8,
          "Actual Startup Time": 602.005,
          "Actual Total Time": 654.479,
          "Actual Rows": 7,
          "Actual Loops": 1,
          "Workers Planned": 6,
          "Workers Launched": 6,
          "Single Copy": false,
          "Plans": [
            {
              "Node Type": "Aggregate",
              "Strategy": "Plain",
              "Partial Mode": "Partial",
              "Parent Relationship": "Outer",
              "Parallel Aware": false,
              "Startup Cost": 331115.3,
              "Total Cost": 331115.31,
              "Plan Rows": 1,
              "Plan Width": 8,
              "Actual Startup Time": 593.967,
              "Actual Total Time": 593.968,
              "Actual Rows": 1,
              "Actual Loops": 7,
              "Plans": [
                {
                  "Node Type": "Seq Scan",
                  "Parent Relationship": "Outer",
                  "Parallel Aware": true,
                  "Relation Name": "cast_info",
                  "Alias": "ci",
                  "Startup Cost": 0.0,
                  "Total Cost": 328162.03,
                  "Plan Rows": 1181308,
                  "Plan Width": 0,
                  "Actual Startup Time": 0.054,
                  "Actual Total Time": 546.572,
                  "Actual Rows": 1038907,
                  "Actual Loops": 7,
                  "Filter": "(person_id < 702912)",
                  "Rows Removed by Filter": 4138856
                }
              ]
            }
          ]
        }
      ]
    },
    "Planning Time": 0.196,
    "Triggers": [],
    "Execution Time": 654.557
  }
]