[
  {
    "Plan": {
      "Node Type": "Aggregate",
      "Strategy": "Plain",
      "Partial Mode": "Finalize",
      "Parallel Aware": false,
      "Startup Cost": 78950.83,
      "Total Cost": 78950.84,
      "Plan Rows": 1,
      "Plan Width": 8,
      "Actual Startup Time": 208.715,
      "Actual Total Time": 225.933,
      "Actual Rows": 1,
      "Actual Loops": 1,
      "Plans": [
        {
          "Node Type": "Gather",
          "Parent Relationship": "Outer",
          "Parallel Aware": false,
          "Startup Cost": 78950.52,
          "Total Cost": 78950.83,
          "Plan Rows": 3,
          "Plan Width": 8,
          "Actual Startup Time": 207.297,
          "Actual Total Time": 225.922,
          "Actual Rows": 4,
          "Actual Loops": 1,
          "Workers Planned": 3,
          "Workers Launched": 3,
          "Single Copy": false,
          "Plans": [
            {
              "Node Type": "Aggregate",
              "Strategy": "Plain",
              "Partial Mode": "Partial",
              "Parent Relationship": "Outer",
              "Parallel Aware": false,
              "Startup Cost": 77950.52,
              "Total Cost": 77950.53,
              "Plan Rows": 1,
              "Plan Width": 8,
              "Actual Startup Time": 198.07,
              "Actual Total Time": 198.073,
              "Actual Rows": 1,
              "Actual Loops": 4,
              "Plans": [
                {
                  "Node Type": "Hash Join",
                  "Parent Relationship": "Outer",
                  "Parallel Aware": true,
                  "Join Type": "Inner",
                  "Startup Cost": 46009.14,
                  "Total Cost": 77918.92,
                  "Plan Rows": 12637,
                  "Plan Width": 0,
                  "Actual Startup Time": 151.685,
                  "Actual Total Time": 197.795,
                  "Actual Rows": 5468,
                  "Actual Loops": 4,
                  "Inner Unique": true,
                  "Hash Cond": "(mc.movie_id = t.id)",
                  "Plans": [
                    {
                      "Node Type": "Seq Scan",
                      "Parent Relationship": "Outer",
                      "Parallel Aware": true,
                      "Relation Name": "movie_companies",
                      "Alias": "mc",
                      "Startup Cost": 0.0,
                      "Total Cost": 31414.82,
                      "Plan Rows": 188560,
                      "Plan Width": 4,
                      "Actual Startup Time": 31.734,
                      "Actual Total Time": 61.58,
                      "Actual Rows": 93926,
                      "Actual Loops": 4,
                      "Filter": "((company_id < 9129) AND (company_type_id = 2))",
                      "Rows Removed by Filter": 558356
                    },
                    {
                      "Node Type": "Hash",
                      "Parent Relationship": "Inner",
                      "Parallel Aware": true,
                      "Startup Cost": 45479.59,
                      "Total Cost": 45479.59,
                      "Plan Rows": 42364,
                      "Plan Width": 4,
                      "Actual Startup Time": 117.246,
                      "Actual Total Time": 117.247,
                      "Actual Rows": 42517,
                      "Actual Loops": 4,
                      "Hash Buckets": 262144,
                      "Original Hash Buckets": 262144,
                      "Hash Batches": 1,
                      "Original Hash Batches": 1,
                      "Peak Memory Usage": 8768,
                      "Plans": [
                        {
                          "Node Type": "Seq Scan",
                          "Parent Relationship": "Outer",
                          "Parallel Aware": true,
                          "Relation Name": "title",
                          "Alias": "t",
                          "Startup Cost": 0.0,
                          "Total Cost": 45479.59,
                          "Plan Rows": 42364,
                          "Plan Width": 4,
                          "Actual Startup Time": 0.046,
                          "Actual Total Time": 100.591,
                          "Actual Rows": 42517,
                          "Actual Loops": 4,
                          "Filter": "((kind_id > 1) AND (production_year > 2011))",
                          "Rows Removed by Filter": 589561
                        }
                      ]
                    }
                  ]
                }
              ]
            }
          ]
        }
      ]
    },
    "Planning Time": 0.689,
    "Triggers": [],
    "Execution Time": 226.007
  }
]