[
    {
        "Bao": {
            "Bao prediction": "NaN",
            "Bao recommended hint": "(no hint)"
        }
    },
    {
        "Plan": {
            "Node Type": "Aggregate",
            "Strategy": "Plain",
            "Partial Mode": "Finalize",
            "Parallel Aware": false,
            "Startup Cost": 162412.32,
            "Total Cost": 162412.33,
            "Plan Rows": 1,
            "Plan Width": 8,
            "Actual Startup Time": 252.608,
            "Actual Total Time": 263.885,
            "Actual Rows": 1,
            "Actual Loops": 1,
            "Output": [
                "count(*)"
            ],
            "Plans": [
                {
                    "Node Type": "Gather",
                    "Parent Relationship": "Outer",
                    "Parallel Aware": false,
                    "Startup Cost": 162411.8,
                    "Total Cost": 162412.31,
                    "Plan Rows": 5,
                    "Plan Width": 8,
                    "Actual Startup Time": 252.405,
                    "Actual Total Time": 263.879,
                    "Actual Rows": 6,
                    "Actual Loops": 1,
                    "Output": [
                        "(PARTIAL count(*))"
                    ],
                    "Workers Planned": 5,
                    "Workers Launched": 5,
                    "Single Copy": false,
                    "Plans": [
                        {
                            "Node Type": "Aggregate",
                            "Strategy": "Plain",
                            "Partial Mode": "Partial",
                            "Parent Relationship": "Outer",
                            "Parallel Aware": false,
                            "Startup Cost": 161411.8,
                            "Total Cost": 161411.81,
                            "Plan Rows": 1,
                            "Plan Width": 8,
                            "Actual Startup Time": 241.887,
                            "Actual Total Time": 241.89,
                            "Actual Rows": 1,
                            "Actual Loops": 6,
                            "Output": [
                                "PARTIAL count(*)"
                            ],
                            "Workers": [
                                {
                                    "Worker Number": 0,
                                    "Actual Startup Time": 239.23,
                                    "Actual Total Time": 239.233,
                                    "Actual Rows": 1,
                                    "Actual Loops": 1
                                },
                                {
                                    "Worker Number": 1,
                                    "Actual Startup Time": 239.509,
                                    "Actual Total Time": 239.512,
                                    "Actual Rows": 1,
                                    "Actual Loops": 1
                                },
                                {
                                    "Worker Number": 2,
                                    "Actual Startup Time": 239.858,
                                    "Actual Total Time": 239.861,
                                    "Actual Rows": 1,
                                    "Actual Loops": 1
                                },
                                {
                                    "Worker Number": 3,
                                    "Actual Startup Time": 240.157,
                                    "Actual Total Time": 240.164,
                                    "Actual Rows": 1,
                                    "Actual Loops": 1
                                },
                                {
                                    "Worker Number": 4,
                                    "Actual Startup Time": 240.544,
                                    "Actual Total Time": 240.546,
                                    "Actual Rows": 1,
                                    "Actual Loops": 1
                                }
                            ],
                            "Plans": [
                                {
                                    "Node Type": "Hash Join",
                                    "Parent Relationship": "Outer",
                                    "Parallel Aware": true,
                                    "Join Type": "Inner",
                                    "Startup Cost": 45596.21,
                                    "Total Cost": 161410.14,
                                    "Plan Rows": 663,
                                    "Plan Width": 0,
                                    "Actual Startup Time": 103.412,
                                    "Actual Total Time": 241.568,
                                    "Actual Rows": 4531,
                                    "Actual Loops": 6,
                                    "Inner Unique": true,
                                    "Hash Cond": "(ci.movie_id = t.id)",
                                    "Workers": [
                                        {
                                            "Worker Number": 0,
                                            "Actual Startup Time": 100.583,
                                            "Actual Total Time": 238.913,
                                            "Actual Rows": 4483,
                                            "Actual Loops": 1
                                        },
                                        {
                                            "Worker Number": 1,
                                            "Actual Startup Time": 100.935,
                                            "Actual Total Time": 239.192,
                                            "Actual Rows": 4514,
                                            "Actual Loops": 1
                                        },
                                        {
                                            "Worker Number": 2,
                                            "Actual Startup Time": 101.231,
                                            "Actual Total Time": 239.524,
                                            "Actual Rows": 4613,
                                            "Actual Loops": 1
                                        },
                                        {
                                            "Worker Number": 3,
                                            "Actual Startup Time": 101.665,
                                            "Actual Total Time": 239.849,
                                            "Actual Rows": 4336,
                                            "Actual Loops": 1
                                        },
                                        {
                                            "Worker Number": 4,
                                            "Actual Startup Time": 102.401,
                                            "Actual Total Time": 240.24,
                                            "Actual Rows": 4336,
                                            "Actual Loops": 1
                                        }
                                    ],
                                    "Plans": [
                                        {
                                            "Node Type": "Index Scan",
                                            "Parent Relationship": "Outer",
                                            "Parallel Aware": true,
                                            "Scan Direction": "Forward",
                                            "Index Name": "role_id_cast_info",
                                            "Relation Name": "cast_info",
                                            "Schema": "public",
                                            "Alias": "ci",
                                            "Startup Cost": 0.56,
                                            "Total Cost": 115696.32,
                                            "Plan Rows": 45021,
                                            "Plan Width": 4,
                                            "Actual Startup Time": 30.356,
                                            "Actual Total Time": 136.506,
                                            "Actual Rows": 308819,
                                            "Actual Loops": 6,
                                            "Output": [
                                                "ci.id",
                                                "ci.person_id",
                                                "ci.movie_id",
                                                "ci.person_role_id",
                                                "ci.note",
                                                "ci.nr_order",
                                                "ci.role_id"
                                            ],
                                            "Index Cond": "(ci.role_id = 10)",
                                            "Rows Removed by Index Recheck": 0,
                                            "Filter": "(ci.person_id > 3664006)",
                                            "Rows Removed by Filter": 411684,
                                            "Workers": [
                                                {
                                                    "Worker Number": 0,
                                                    "Actual Startup Time": 30.371,
                                                    "Actual Total Time": 136.722,
                                                    "Actual Rows": 308012,
                                                    "Actual Loops": 1
                                                },
                                                {
                                                    "Worker Number": 1,
                                                    "Actual Startup Time": 30.361,
                                                    "Actual Total Time": 136.443,
                                                    "Actual Rows": 304235,
                                                    "Actual Loops": 1
                                                },
                                                {
                                                    "Worker Number": 2,
                                                    "Actual Startup Time": 30.361,
                                                    "Actual Total Time": 136.584,
                                                    "Actual Rows": 305971,
                                                    "Actual Loops": 1
                                                },
                                                {
                                                    "Worker Number": 3,
                                                    "Actual Startup Time": 30.357,
                                                    "Actual Total Time": 137.362,
                                                    "Actual Rows": 299361,
                                                    "Actual Loops": 1
                                                },
                                                {
                                                    "Worker Number": 4,
                                                    "Actual Startup Time": 30.296,
                                                    "Actual Total Time": 136.411,
                                                    "Actual Rows": 305605,
                                                    "Actual Loops": 1
                                                }
                                            ]
                                        },
                                        {
                                            "Node Type": "Hash",
                                            "Parent Relationship": "Inner",
                                            "Parallel Aware": true,
                                            "Startup Cost": 45479.21,
                                            "Total Cost": 45479.21,
                                            "Plan Rows": 9315,
                                            "Plan Width": 4,
                                            "Actual Startup Time": 72.323,
                                            "Actual Total Time": 72.324,
                                            "Actual Rows": 4032,
                                            "Actual Loops": 6,
                                            "Output": [
                                                "t.id"
                                            ],
                                            "Hash Buckets": 65536,
                                            "Original Hash Buckets": 65536,
                                            "Hash Batches": 1,
                                            "Original Hash Batches": 1,
                                            "Peak Memory Usage": 1600,
                                            "Workers": [
                                                {
                                                    "Worker Number": 0,
                                                    "Actual Startup Time": 69.749,
                                                    "Actual Total Time": 69.75,
                                                    "Actual Rows": 3498,
                                                    "Actual Loops": 1
                                                },
                                                {
                                                    "Worker Number": 1,
                                                    "Actual Startup Time": 70.017,
                                                    "Actual Total Time": 70.018,
                                                    "Actual Rows": 3469,
                                                    "Actual Loops": 1
                                                },
                                                {
                                                    "Worker Number": 2,
                                                    "Actual Startup Time": 70.339,
                                                    "Actual Total Time": 70.34,
                                                    "Actual Rows": 3493,
                                                    "Actual Loops": 1
                                                },
                                                {
                                                    "Worker Number": 3,
                                                    "Actual Startup Time": 70.732,
                                                    "Actual Total Time": 70.733,
                                                    "Actual Rows": 3386,
                                                    "Actual Loops": 1
                                                },
                                                {
                                                    "Worker Number": 4,
                                                    "Actual Startup Time": 71.042,
                                                    "Actual Total Time": 71.044,
                                                    "Actual Rows": 3680,
                                                    "Actual Loops": 1
                                                }
                                            ],
                                            "Plans": [
                                                {
                                                    "Node Type": "Seq Scan",
                                                    "Parent Relationship": "Outer",
                                                    "Parallel Aware": true,
                                                    "Relation Name": "title",
                                                    "Schema": "public",
                                                    "Alias": "t",
                                                    "Startup Cost": 0.0,
                                                    "Total Cost": 45479.21,
                                                    "Plan Rows": 9315,
                                                    "Plan Width": 4,
                                                    "Actual Startup Time": 0.308,
                                                    "Actual Total Time": 70.297,
                                                    "Actual Rows": 4032,
                                                    "Actual Loops": 6,
                                                    "Output": [
                                                        "t.id"
                                                    ],
                                                    "Filter": "((t.kind_id < 4) AND (t.production_year = 2006))",
                                                    "Rows Removed by Filter": 417353,
                                                    "Workers": [
                                                        {
                                                            "Worker Number": 0,
                                                            "Actual Startup Time": 0.396,
                                                            "Actual Total Time": 67.817,
                                                            "Actual Rows": 3498,
                                                            "Actual Loops": 1
                                                        },
                                                        {
                                                            "Worker Number": 1,
                                                            "Actual Startup Time": 0.138,
                                                            "Actual Total Time": 68.025,
                                                            "Actual Rows": 3469,
                                                            "Actual Loops": 1
                                                        },
                                                        {
                                                            "Worker Number": 2,
                                                            "Actual Startup Time": 0.391,
                                                            "Actual Total Time": 68.407,
                                                            "Actual Rows": 3493,
                                                            "Actual Loops": 1
                                                        },
                                                        {
                                                            "Worker Number": 3,
                                                            "Actual Startup Time": 0.465,
                                                            "Actual Total Time": 68.827,
                                                            "Actual Rows": 3386,
                                                            "Actual Loops": 1
                                                        },
                                                        {
                                                            "Worker Number": 4,
                                                            "Actual Startup Time": 0.397,
                                                            "Actual Total Time": 69.001,
                                                            "Actual Rows": 3680,
                                                            "Actual Loops": 1
                                                        }
                                                    ]
                                                }
                                            ]
                                        }
                                    ]
                                }
                            ]
                        }
                    ]
                }
            ]
        },
        "Planning Time": 208.542,
        "Triggers": [],
        "Execution Time": 263.949
    }
]