[
  {
    "Plan": {
      "Node Type": "Aggregate",
      "Strategy": "Plain",
      "Partial Mode": "Finalize",
      "Parallel Aware": false,
      "Startup Cost": 207271.54,
      "Total Cost": 207271.55,
      "Plan Rows": 1,
      "Plan Width": 8,
      "Actual Startup Time": 494.541,
      "Actual Total Time": 530.202,
      "Actual Rows": 1,
      "Actual Loops": 1,
      "Plans": [
        {
          "Node Type": "Gather",
          "Parent Relationship": "Outer",
          "Parallel Aware": false,
          "Startup Cost": 207271.02,
          "Total Cost": 207271.53,
          "Plan Rows": 5,
          "Plan Width": 8,
          "Actual Startup Time": 494.354,
          "Actual Total Time": 530.176,
          "Actual Rows": 6,
          "Actual Loops": 1,
          "Workers Planned": 5,
          "Workers Launched": 5,
          "Single Copy": false,
          "Plans": [
            {
              "Node Type": "Aggregate",
              "Strategy": "Plain",
              "Partial Mode": "Partial",
              "Parent Relationship": "Outer",
              "Parallel Aware": false,
              "Startup Cost": 206271.02,
              "Total Cost": 206271.03,
              "Plan Rows": 1,
              "Plan Width": 8,
              "Actual Startup Time": 489.032,
              "Actual Total Time": 489.034,
              "Actual Rows": 1,
              "Actual Loops": 6,
              "Plans": [
                {
                  "Node Type": "Seq Scan",
                  "Parent Relationship": "Outer",
                  "Parallel Aware": true,
                  "Relation Name": "movie_info",
                  "Alias": "mi",
                  "Startup Cost": 0.0,
                  "Total Cost": 199108.24,
                  "Plan Rows": 2865110,
                  "Plan Width": 0,
                  "Actual Startup Time": 0.037,
                  "Actual Total Time": 376.48,
                  "Actual Rows": 2384826,
                  "Actual Loops": 6,
                  "Filter": "(info_type_id < 103)",
                  "Rows Removed by Filter": 87794
                }
              ]
            }
          ]
        }
      ]
    },
    "Planning Time": 0.26,
    "Triggers": [],
    "Execution Time": 530.269
  }
]