{
  "Plan": {
    "Node Type": "Aggregate",
    "Strategy": "Plain",
    "Partial Mode": "Simple",
    "Parallel Aware": false,
    "Startup Cost": 31335.36,
    "Total Cost": 31335.37,
    "Plan Rows": 1,
    "Plan Width": 68,
    "Actual Startup Time": 0.484,
    "Actual Total Time": 0.489,
    "Actual Rows": 1,
    "Actual Loops": 1,
    "Plans": [
      {
        "Node Type": "Hash Join",
        "Parent Relationship": "Outer",
        "Parallel Aware": false,
        "Join Type": "Inner",
        "Startup Cost": 6244.17,
        "Total Cost": 31331.91,
        "Plan Rows": 460,
        "Plan Width": 45,
        "Actual Startup Time": 0.458,
        "Actual Total Time": 0.471,
        "Actual Rows": 3,
        "Actual Loops": 1,
        "Inner Unique": true,
        "Hash Cond": "(mc.company_type_id = ct.id)",
        "Plans": [
          {
            "Node Type": "Nested Loop",
            "Parent Relationship": "Outer",
            "Parallel Aware": false,
            "Join Type": "Inner",
            "Startup Cost": 6243.11,
            "Total Cost": 31320.9,
            "Plan Rows": 1842,
            "Plan Width": 49,
            "Actual Startup Time": 0.199,
            "Actual Total Time": 0.409,
            "Actual Rows": 66,
            "Actual Loops": 1,
            "Inner Unique": false,
            "Join Filter": "(t.id = mc.movie_id)",
            "Rows Removed by Join Filter": 0,
            "Plans": [
              {
                "Node Type": "Nested Loop",
                "Parent Relationship": "Outer",
                "Parallel Aware": false,
                "Join Type": "Inner",
                "Startup Cost": 6242.68,
                "Total Cost": 29061.74,
                "Plan Rows": 3478,
                "Plan Width": 29,
                "Actual Startup Time": 0.169,
                "Actual Total Time": 0.219,
                "Actual Rows": 4,
                "Actual Loops": 1,
                "Inner Unique": true,
                "Plans": [
                  {
                    "Node Type": "Nested Loop",
                    "Parent Relationship": "Outer",
                    "Parallel Aware": false,
                    "Join Type": "Inner",
                    "Startup Cost": 6242.25,
                    "Total Cost": 21942.36,
                    "Plan Rows": 12213,
                    "Plan Width": 4,
                    "Actual Startup Time": 0.081,
                    "Actual Total Time": 0.092,
                    "Actual Rows": 10,
                    "Actual Loops": 1,
                    "Inner Unique": false,
                    "Plans": [
                      {
                        "Node Type": "Seq Scan",
                        "Parent Relationship": "Outer",
                        "Parallel Aware": false,
                        "Relation Name": "info_type",
                        "Alias": "it",
                        "Startup Cost": 0.0,
                        "Total Cost": 2.41,
                        "Plan Rows": 1,
                        "Plan Width": 4,
                        "Actual Startup Time": 0.036,
                        "Actual Total Time": 0.038,
                        "Actual Rows": 1,
                        "Actual Loops": 1,
                        "Filter": "((info)::text = 'bottom 10 rank'::text)",
                        "Rows Removed by Filter": 112
                      },
                      {
                        "Node Type": "Bitmap Heap Scan",
                        "Parent Relationship": "Inner",
                        "Parallel Aware": false,
                        "Relation Name": "movie_info_idx",
                        "Alias": "mi_idx",
                        "Startup Cost": 6242.25,
                        "Total Cost": 18489.86,
                        "Plan Rows": 345009,
                        "Plan Width": 8,
                        "Actual Startup Time": 0.035,
                        "Actual Total Time": 0.039,
                        "Actual Rows": 10,
                        "Actual Loops": 1,
                        "Recheck Cond": "(info_type_id = it.id)",
                        "Rows Removed by Index Recheck": 0,
                        "Exact Heap Blocks": 1,
                        "Lossy Heap Blocks": 0,
                        "Plans": [
                          {
                            "Node Type": "Bitmap Index Scan",
                            "Parent Relationship": "Outer",
                            "Parallel Aware": false,
                            "Index Name": "info_type_id_movie_info_idx",
                            "Startup Cost": 0.0,
                            "Total Cost": 6155.99,
                            "Plan Rows": 345009,
                            "Plan Width": 0,
                            "Actual Startup Time": 0.024,
                            "Actual Total Time": 0.024,
                            "Actual Rows": 10,
                            "Actual Loops": 1,
                            "Index Cond": "(info_type_id = it.id)"
                          }
                        ]
                      }
                    ]
                  },
                  {
                    "Node Type": "Index Scan",
                    "Parent Relationship": "Inner",
                    "Parallel Aware": false,
                    "Scan Direction": "Forward",
                    "Index Name": "title_pkey",
                    "Relation Name": "title",
                    "Alias": "t",
                    "Startup Cost": 0.43,
                    "Total Cost": 0.58,
                    "Plan Rows": 1,
                    "Plan Width": 25,
                    "Actual Startup Time": 0.011,
                    "Actual Total Time": 0.011,
                    "Actual Rows": 0,
                    "Actual Loops": 10,
                    "Index Cond": "(id = mi_idx.movie_id)",
                    "Rows Removed by Index Recheck": 0,
                    "Filter": "((production_year >= 2005) AND (production_year <= 2010))",
                    "Rows Removed by Filter": 1
                  }
                ]
              },
              {
                "Node Type": "Index Scan",
                "Parent Relationship": "Inner",
                "Parallel Aware": false,
                "Scan Direction": "Forward",
                "Index Name": "movie_id_movie_companies",
                "Relation Name": "movie_companies",
                "Alias": "mc",
                "Startup Cost": 0.43,
                "Total Cost": 0.61,
                "Plan Rows": 3,
                "Plan Width": 32,
                "Actual Startup Time": 0.02,
                "Actual Total Time": 0.04,
                "Actual Rows": 16,
                "Actual Loops": 4,
                "Index Cond": "(movie_id = mi_idx.movie_id)",
                "Rows Removed by Index Recheck": 0,
                "Filter": "(note !~~ '%(as Metro-Goldwyn-Mayer Pictures)%'::text)",
                "Rows Removed by Filter": 2
              }
            ]
          },
          {
            "Node Type": "Hash",
            "Parent Relationship": "Inner",
            "Parallel Aware": false,
            "Startup Cost": 1.05,
            "Total Cost": 1.05,
            "Plan Rows": 1,
            "Plan Width": 4,
            "Actual Startup Time": 0.03,
            "Actual Total Time": 0.031,
            "Actual Rows": 1,
            "Actual Loops": 1,
            "Hash Buckets": 1024,
            "Original Hash Buckets": 1024,
            "Hash Batches": 1,
            "Original Hash Batches": 1,
            "Peak Memory Usage": 9,
            "Plans": [
              {
                "Node Type": "Seq Scan",
                "Parent Relationship": "Outer",
                "Parallel Aware": false,
                "Relation Name": "company_type",
                "Alias": "ct",
                "Startup Cost": 0.0,
                "Total Cost": 1.05,
                "Plan Rows": 1,
                "Plan Width": 4,
                "Actual Startup Time": 0.022,
                "Actual Total Time": 0.024,
                "Actual Rows": 1,
                "Actual Loops": 1,
                "Filter": "((kind)::text = 'production companies'::text)",
                "Rows Removed by Filter": 3
              }
            ]
          }
        ]
      }
    ]
  },
  "Planning Time": 1.227,
  "Triggers": [],
  "Execution Time": 0.624
}