{
  "Plan": {
    "Node Type": "Aggregate",
    "Strategy": "Plain",
    "Partial Mode": "Finalize",
    "Parallel Aware": false,
    "Startup Cost": 130283.25,
    "Total Cost": 130283.26,
    "Plan Rows": 1,
    "Plan Width": 8,
    "Actual Startup Time": 788.325,
    "Actual Total Time": 806.744,
    "Actual Rows": 1,
    "Actual Loops": 1,
    "Plans": [
      {
        "Node Type": "Gather",
        "Parent Relationship": "Outer",
        "Parallel Aware": false,
        "Startup Cost": 130283.13,
        "Total Cost": 130283.24,
        "Plan Rows": 1,
        "Plan Width": 8,
        "Actual Startup Time": 783.962,
        "Actual Total Time": 806.737,
        "Actual Rows": 2,
        "Actual Loops": 1,
        "Workers Planned": 1,
        "Workers Launched": 1,
        "Single Copy": false,
        "Plans": [
          {
            "Node Type": "Aggregate",
            "Strategy": "Plain",
            "Partial Mode": "Partial",
            "Parent Relationship": "Outer",
            "Parallel Aware": false,
            "Startup Cost": 129283.13,
            "Total Cost": 129283.14,
            "Plan Rows": 1,
            "Plan Width": 8,
            "Actual Startup Time": 780.794,
            "Actual Total Time": 781.096,
            "Actual Rows": 1,
            "Actual Loops": 2,
            "Plans": [
              {
                "Node Type": "Hash Join",
                "Parent Relationship": "Outer",
                "Parallel Aware": true,
                "Join Type": "Inner",
                "Startup Cost": 109891.11,
                "Total Cost": 129191.62,
                "Plan Rows": 36606,
                "Plan Width": 0,
                "Actual Startup Time": 676.662,
                "Actual Total Time": 777.197,
                "Actual Rows": 93352,
                "Actual Loops": 2,
                "Inner Unique": false,
                "Hash Cond": "(mi_idx.movie_id = t.id)",
                "Plans": [
                  {
                    "Node Type": "Seq Scan",
                    "Parent Relationship": "Outer",
                    "Parallel Aware": true,
                    "Relation Name": "movie_info_idx",
                    "Alias": "mi_idx",
                    "Startup Cost": 0.0,
                    "Total Cost": 18082.32,
                    "Plan Rows": 267429,
                    "Plan Width": 4,
                    "Actual Startup Time": 0.054,
                    "Actual Total Time": 51.876,
                    "Actual Rows": 229962,
                    "Actual Loops": 2,
                    "Filter": "(info_type_id < 100)",
                    "Rows Removed by Filter": 460055
                  },
                  {
                    "Node Type": "Hash",
                    "Parent Relationship": "Inner",
                    "Parallel Aware": true,
                    "Startup Cost": 107346.41,
                    "Total Cost": 107346.41,
                    "Plan Rows": 203576,
                    "Plan Width": 8,
                    "Actual Startup Time": 672.221,
                    "Actual Total Time": 672.522,
                    "Actual Rows": 145744,
                    "Actual Loops": 2,
                    "Hash Buckets": 524288,
                    "Original Hash Buckets": 524288,
                    "Hash Batches": 1,
                    "Original Hash Batches": 1,
                    "Peak Memory Usage": 15520,
                    "Plans": [
                      {
                        "Node Type": "Hash Join",
                        "Parent Relationship": "Outer",
                        "Parallel Aware": true,
                        "Join Type": "Inner",
                        "Startup Cost": 77954.87,
                        "Total Cost": 107346.41,
                        "Plan Rows": 203576,
                        "Plan Width": 8,
                        "Actual Startup Time": 469.107,
                        "Actual Total Time": 634.418,
                        "Actual Rows": 145744,
                        "Actual Loops": 2,
                        "Inner Unique": true,
                        "Hash Cond": "(mk.movie_id = t.id)",
                        "Plans": [
                          {
                            "Node Type": "Bitmap Heap Scan",
                            "Parent Relationship": "Outer",
                            "Parallel Aware": true,
                            "Relation Name": "movie_keyword",
                            "Alias": "mk",
                            "Startup Cost": 11773.4,
                            "Total Cost": 40308.02,
                            "Plan Rows": 326449,
                            "Plan Width": 4,
                            "Actual Startup Time": 28.828,
                            "Actual Total Time": 108.68,
                            "Actual Rows": 284655,
                            "Actual Loops": 2,
                            "Recheck Cond": "(keyword_id < 403)",
                            "Rows Removed by Index Recheck": 0,
                            "Exact Heap Blocks": 14142,
                            "Lossy Heap Blocks": 0,
                            "Plans": [
                              {
                                "Node Type": "Bitmap Index Scan",
                                "Parent Relationship": "Outer",
                                "Parallel Aware": false,
                                "Index Name": "keyword_id_movie_keyword",
                                "Startup Cost": 0.0,
                                "Total Cost": 11634.66,
                                "Plan Rows": 554964,
                                "Plan Width": 0,
                                "Actual Startup Time": 25.212,
                                "Actual Total Time": 25.212,
                                "Actual Rows": 569310,
                                "Actual Loops": 1,
                                "Index Cond": "(keyword_id < 403)"
                              }
                            ]
                          },
                          {
                            "Node Type": "Hash",
                            "Parent Relationship": "Inner",
                            "Parallel Aware": true,
                            "Startup Cost": 54588.39,
                            "Total Cost": 54588.39,
                            "Plan Rows": 927446,
                            "Plan Width": 4,
                            "Actual Startup Time": 430.059,
                            "Actual Total Time": 430.06,
                            "Actual Rows": 785284,
                            "Actual Loops": 2,
                            "Hash Buckets": 2097152,
                            "Original Hash Buckets": 2097152,
                            "Hash Batches": 1,
                            "Original Hash Batches": 1,
                            "Peak Memory Usage": 77856,
                            "Plans": [
                              {
                                "Node Type": "Seq Scan",
                                "Parent Relationship": "Outer",
                                "Parallel Aware": true,
                                "Relation Name": "title",
                                "Alias": "t",
                                "Startup Cost": 0.0,
                                "Total Cost": 54588.39,
                                "Plan Rows": 927446,
                                "Plan Width": 4,
                                "Actual Startup Time": 0.04,
                                "Actual Total Time": 177.597,
                                "Actual Rows": 785284,
                                "Actual Loops": 2,
                                "Filter": "(production_year > 1996)",
                                "Rows Removed by Filter": 478872
                              }
                            ]
                          }
                        ]
                      }
                    ]
                  }
                ]
              }
            ]
          }
        ]
      }
    ]
  },
  "Planning Time": 0.626,
  "Triggers": [],
  "Execution Time": 806.816
}