{
  "Plan": {
    "Node Type": "Aggregate",
    "Strategy": "Plain",
    "Partial Mode": "Finalize",
    "Parallel Aware": false,
    "Startup Cost": 239121.08,
    "Total Cost": 239121.09,
    "Plan Rows": 1,
    "Plan Width": 96,
    "Actual Startup Time": 2669.402,
    "Actual Total Time": 2751.186,
    "Actual Rows": 1,
    "Actual Loops": 1,
    "Plans": [
      {
        "Node Type": "Gather",
        "Parent Relationship": "Outer",
        "Parallel Aware": false,
        "Startup Cost": 239120.96,
        "Total Cost": 239121.07,
        "Plan Rows": 1,
        "Plan Width": 96,
        "Actual Startup Time": 2662.341,
        "Actual Total Time": 2751.171,
        "Actual Rows": 2,
        "Actual Loops": 1,
        "Workers Planned": 1,
        "Workers Launched": 1,
        "Single Copy": false,
        "Plans": [
          {
            "Node Type": "Aggregate",
            "Strategy": "Plain",
            "Partial Mode": "Partial",
            "Parent Relationship": "Outer",
            "Parallel Aware": false,
            "Startup Cost": 238120.96,
            "Total Cost": 238120.97,
            "Plan Rows": 1,
            "Plan Width": 96,
            "Actual Startup Time": 2656.351,
            "Actual Total Time": 2659.4,
            "Actual Rows": 1,
            "Actual Loops": 2,
            "Plans": [
              {
                "Node Type": "Hash Join",
                "Parent Relationship": "Outer",
                "Parallel Aware": true,
                "Join Type": "Inner",
                "Startup Cost": 130401.04,
                "Total Cost": 238111.67,
                "Plan Rows": 1239,
                "Plan Width": 48,
                "Actual Startup Time": 1864.638,
                "Actual Total Time": 2613.22,
                "Actual Rows": 359052,
                "Actual Loops": 2,
                "Inner Unique": false,
                "Hash Cond": "(n.id = ci.person_id)",
                "Plans": [
                  {
                    "Node Type": "Seq Scan",
                    "Parent Relationship": "Outer",
                    "Parallel Aware": true,
                    "Relation Name": "name",
                    "Alias": "n",
                    "Startup Cost": 0.0,
                    "Total Cost": 80126.1,
                    "Plan Rows": 2451310,
                    "Plan Width": 19,
                    "Actual Startup Time": 0.028,
                    "Actual Total Time": 207.476,
                    "Actual Rows": 2083746,
                    "Actual Loops": 2
                  },
                  {
                    "Node Type": "Hash",
                    "Parent Relationship": "Inner",
                    "Parallel Aware": true,
                    "Startup Cost": 130385.55,
                    "Total Cost": 130385.55,
                    "Plan Rows": 1239,
                    "Plan Width": 37,
                    "Actual Startup Time": 1863.515,
                    "Actual Total Time": 1866.563,
                    "Actual Rows": 359052,
                    "Actual Loops": 2,
                    "Hash Buckets": 1048576,
                    "Original Hash Buckets": 4096,
                    "Hash Batches": 1,
                    "Original Hash Batches": 1,
                    "Peak Memory Usage": 61152,
                    "Plans": [
                      {
                        "Node Type": "Nested Loop",
                        "Parent Relationship": "Outer",
                        "Parallel Aware": false,
                        "Join Type": "Inner",
                        "Startup Cost": 68359.77,
                        "Total Cost": 130385.55,
                        "Plan Rows": 1239,
                        "Plan Width": 37,
                        "Actual Startup Time": 510.8,
                        "Actual Total Time": 1685.072,
                        "Actual Rows": 359052,
                        "Actual Loops": 2,
                        "Inner Unique": false,
                        "Join Filter": "(t.id = ci.movie_id)",
                        "Rows Removed by Join Filter": 0,
                        "Plans": [
                          {
                            "Node Type": "Hash Join",
                            "Parent Relationship": "Outer",
                            "Parallel Aware": false,
                            "Join Type": "Inner",
                            "Startup Cost": 68359.21,
                            "Total Cost": 130220.13,
                            "Plan Rows": 86,
                            "Plan Width": 41,
                            "Actual Startup Time": 510.729,
                            "Actual Total Time": 1122.347,
                            "Actual Rows": 5549,
                            "Actual Loops": 2,
                            "Inner Unique": true,
                            "Hash Cond": "(mk.keyword_id = k.id)",
                            "Plans": [
                              {
                                "Node Type": "Hash Join",
                                "Parent Relationship": "Outer",
                                "Parallel Aware": true,
                                "Join Type": "Inner",
                                "Startup Cost": 64726.71,
                                "Total Cost": 122777.55,
                                "Plan Rows": 1451413,
                                "Plan Width": 29,
                                "Actual Startup Time": 468.255,
                                "Actual Total Time": 1019.112,
                                "Actual Rows": 985190,
                                "Actual Loops": 2,
                                "Inner Unique": true,
                                "Hash Cond": "(mk.movie_id = t.id)",
                                "Plans": [
                                  {
                                    "Node Type": "Seq Scan",
                                    "Parent Relationship": "Outer",
                                    "Parallel Aware": true,
                                    "Relation Name": "movie_keyword",
                                    "Alias": "mk",
                                    "Startup Cost": 0.0,
                                    "Total Cost": 51065.35,
                                    "Plan Rows": 2661135,
                                    "Plan Width": 8,
                                    "Actual Startup Time": 0.018,
                                    "Actual Total Time": 180.64,
                                    "Actual Rows": 2261965,
                                    "Actual Loops": 2
                                  },
                                  {
                                    "Node Type": "Hash",
                                    "Parent Relationship": "Inner",
                                    "Parallel Aware": true,
                                    "Startup Cost": 54587.68,
                                    "Total Cost": 54587.68,
                                    "Plan Rows": 811122,
                                    "Plan Width": 21,
                                    "Actual Startup Time": 461.833,
                                    "Actual Total Time": 461.835,
                                    "Actual Rows": 690726,
                                    "Actual Loops": 2,
                                    "Hash Buckets": 2097152,
                                    "Original Hash Buckets": 2097152,
                                    "Hash Batches": 1,
                                    "Original Hash Batches": 1,
                                    "Peak Memory Usage": 93856,
                                    "Plans": [
                                      {
                                        "Node Type": "Seq Scan",
                                        "Parent Relationship": "Outer",
                                        "Parallel Aware": true,
                                        "Relation Name": "title",
                                        "Alias": "t",
                                        "Startup Cost": 0.0,
                                        "Total Cost": 54587.68,
                                        "Plan Rows": 811122,
                                        "Plan Width": 21,
                                        "Actual Startup Time": 0.018,
                                        "Actual Total Time": 194.846,
                                        "Actual Rows": 690726,
                                        "Actual Loops": 2,
                                        "Filter": "(production_year > 2000)",
                                        "Rows Removed by Filter": 573430
                                      }
                                    ]
                                  }
                                ]
                              },
                              {
                                "Node Type": "Hash",
                                "Parent Relationship": "Inner",
                                "Parallel Aware": false,
                                "Startup Cost": 3632.4,
                                "Total Cost": 3632.4,
                                "Plan Rows": 8,
                                "Plan Width": 20,
                                "Actual Startup Time": 41.592,
                                "Actual Total Time": 41.593,
                                "Actual Rows": 6,
                                "Actual Loops": 2,
                                "Hash Buckets": 1024,
                                "Original Hash Buckets": 1024,
                                "Hash Batches": 1,
                                "Original Hash Batches": 1,
                                "Peak Memory Usage": 9,
                                "Plans": [
                                  {
                                    "Node Type": "Seq Scan",
                                    "Parent Relationship": "Outer",
                                    "Parallel Aware": false,
                                    "Relation Name": "keyword",
                                    "Alias": "k",
                                    "Startup Cost": 0.0,
                                    "Total Cost": 3632.4,
                                    "Plan Rows": 8,
                                    "Plan Width": 20,
                                    "Actual Startup Time": 1.48,
                                    "Actual Total Time": 41.571,
                                    "Actual Rows": 6,
                                    "Actual Loops": 2,
                                    "Filter": "(keyword = ANY ('{second-part,violence,laser,second-part,marvel-comics,marvel-comics,gore,blood}'::text[]))",
                                    "Rows Removed by Filter": 134164
                                  }
                                ]
                              }
                            ]
                          },
                          {
                            "Node Type": "Index Scan",
                            "Parent Relationship": "Inner",
                            "Parallel Aware": false,
                            "Scan Direction": "Forward",
                            "Index Name": "movie_id_cast_info",
                            "Relation Name": "cast_info",
                            "Alias": "ci",
                            "Startup Cost": 0.56,
                            "Total Cost": 1.5,
                            "Plan Rows": 34,
                            "Plan Width": 8,
                            "Actual Startup Time": 0.008,
                            "Actual Total Time": 0.091,
                            "Actual Rows": 65,
                            "Actual Loops": 11098,
                            "Index Cond": "(movie_id = mk.movie_id)",
                            "Rows Removed by Index Recheck": 0
                          }
                        ]
                      }
                    ]
                  }
                ]
              }
            ]
          }
        ]
      }
    ]
  },
  "Planning Time": 1.371,
  "Triggers": [],
  "Execution Time": 2751.335
}