[
  {
    "Plan": {
      "Node Type": "Aggregate",
      "Strategy": "Plain",
      "Partial Mode": "Finalize",
      "Parallel Aware": false,
      "Startup Cost": 32197.8,
      "Total Cost": 32197.81,
      "Plan Rows": 1,
      "Plan Width": 8,
      "Actual Startup Time": 155.114,
      "Actual Total Time": 165.286,
      "Actual Rows": 1,
      "Actual Loops": 1,
      "Plans": [
        {
          "Node Type": "Gather",
          "Parent Relationship": "Outer",
          "Parallel Aware": false,
          "Startup Cost": 32197.48,
          "Total Cost": 32197.79,
          "Plan Rows": 3,
          "Plan Width": 8,
          "Actual Startup Time": 154.906,
          "Actual Total Time": 165.275,
          "Actual Rows": 4,
          "Actual Loops": 1,
          "Workers Planned": 3,
          "Workers Launched": 3,
          "Single Copy": false,
          "Plans": [
            {
              "Node Type": "Aggregate",
              "Strategy": "Plain",
              "Partial Mode": "Partial",
              "Parent Relationship": "Outer",
              "Parallel Aware": false,
              "Startup Cost": 31197.48,
              "Total Cost": 31197.49,
              "Plan Rows": 1,
              "Plan Width": 8,
              "Actual Startup Time": 145.896,
              "Actual Total Time": 145.898,
              "Actual Rows": 1,
              "Actual Loops": 4,
              "Plans": [
                {
                  "Node Type": "Seq Scan",
                  "Parent Relationship": "Outer",
                  "Parallel Aware": true,
                  "Relation Name": "movie_companies",
                  "Alias": "mc",
                  "Startup Cost": 0.0,
                  "Total Cost": 29310.68,
                  "Plan Rows": 754719,
                  "Plan Width": 0,
                  "Actual Startup Time": 0.114,
                  "Actual Total Time": 108.379,
                  "Actual Rows": 585781,
                  "Actual Loops": 4,
                  "Filter": "(company_id > 137)",
                  "Rows Removed by Filter": 66501
                }
              ]
            }
          ]
        }
      ]
    },
    "Planning Time": 0.201,
    "Triggers": [],
    "Execution Time": 165.351
  }
]