[
  {
    "Bao": {
      "Bao prediction": 1063.854,
      "Bao recommended hint": "SET enable_nestloop TO off; SET enable_hashjoin TO off; "
    }
  },
  {
    "Plan": {
      "Node Type": "Aggregate",
      "Strategy": "Plain",
      "Partial Mode": "Simple",
      "Parallel Aware": false,
      "Startup Cost": 1608654.74,
      "Total Cost": 1608654.75,
      "Plan Rows": 1,
      "Plan Width": 64,
      "Actual Startup Time": 7616.275,
      "Actual Total Time": 7616.476,
      "Actual Rows": 1,
      "Actual Loops": 1,
      "Plans": [
        {
          "Node Type": "Merge Join",
          "Parent Relationship": "Outer",
          "Parallel Aware": false,
          "Join Type": "Inner",
          "Startup Cost": 1492092.85,
          "Total Cost": 1608654.74,
          "Plan Rows": 1,
          "Plan Width": 15,
          "Actual Startup Time": 6354.209,
          "Actual Total Time": 7616.252,
          "Actual Rows": 1918,
          "Actual Loops": 1,
          "Inner Unique": false,
          "Merge Cond": "(t.id = ci.movie_id)",
          "Plans": [
            {
              "Node Type": "Merge Join",
              "Parent Relationship": "Outer",
              "Parallel Aware": false,
              "Join Type": "Inner",
              "Startup Cost": 358807.75,
              "Total Cost": 475351.06,
              "Plan Rows": 169,
              "Plan Width": 12,
              "Actual Startup Time": 2191.321,
              "Actual Total Time": 3485.031,
              "Actual Rows": 148541,
              "Actual Loops": 1,
              "Inner Unique": false,
              "Merge Cond": "(t.id = mk.movie_id)",
              "Plans": [
                {
                  "Node Type": "Index Only Scan",
                  "Parent Relationship": "Outer",
                  "Parallel Aware": false,
                  "Scan Direction": "Forward",
                  "Index Name": "title_pkey",
                  "Relation Name": "title",
                  "Alias": "t",
                  "Startup Cost": 0.43,
                  "Total Cost": 110359.06,
                  "Plan Rows": 2528509,
                  "Plan Width": 4,
                  "Actual Startup Time": 0.045,
                  "Actual Total Time": 1128.24,
                  "Actual Rows": 2525432,
                  "Actual Loops": 1,
                  "Heap Fetches": 2525432
                },
                {
                  "Node Type": "Sort",
                  "Parent Relationship": "Inner",
                  "Parallel Aware": false,
                  "Startup Cost": 358794.12,
                  "Total Cost": 358794.54,
                  "Plan Rows": 169,
                  "Plan Width": 8,
                  "Actual Startup Time": 2188.808,
                  "Actual Total Time": 2214.902,
                  "Actual Rows": 148541,
                  "Actual Loops": 1,
                  "Sort Key": [
                    "mc.movie_id"
                  ],
                  "Sort Method": "quicksort",
                  "Sort Space Used": 13108,
                  "Sort Space Type": "Memory",
                  "Plans": [
                    {
                      "Node Type": "Merge Join",
                      "Parent Relationship": "Outer",
                      "Parallel Aware": false,
                      "Join Type": "Inner",
                      "Startup Cost": 346324.19,
                      "Total Cost": 358787.87,
                      "Plan Rows": 169,
                      "Plan Width": 8,
                      "Actual Startup Time": 1868.885,
                      "Actual Total Time": 2140.406,
                      "Actual Rows": 148552,
                      "Actual Loops": 1,
                      "Inner Unique": false,
                      "Merge Cond": "(cn.id = mc.company_id)",
                      "Plans": [
                        {
                          "Node Type": "Index Only Scan",
                          "Parent Relationship": "Outer",
                          "Parallel Aware": false,
                          "Scan Direction": "Forward",
                          "Index Name": "company_name_pkey",
                          "Relation Name": "company_name",
                          "Alias": "cn",
                          "Startup Cost": 0.42,
                          "Total Cost": 11881.93,
                          "Plan Rows": 234997,
                          "Plan Width": 4,
                          "Actual Startup Time": 0.035,
                          "Actual Total Time": 194.893,
                          "Actual Rows": 234934,
                          "Actual Loops": 1,
                          "Heap Fetches": 234934
                        },
                        {
                          "Node Type": "Sort",
                          "Parent Relationship": "Inner",
                          "Parallel Aware": false,
                          "Startup Cost": 346323.74,
                          "Total Cost": 346324.17,
                          "Plan Rows": 170,
                          "Plan Width": 12,
                          "Actual Startup Time": 1868.844,
                          "Actual Total Time": 1896.628,
                          "Actual Rows": 148552,
                          "Actual Loops": 1,
                          "Sort Key": [
                            "mc.company_id"
                          ],
                          "Sort Method": "quicksort",
                          "Sort Space Used": 13108,
                          "Sort Space Type": "Memory",
                          "Plans": [
                            {
                              "Node Type": "Merge Join",
                              "Parent Relationship": "Outer",
                              "Parallel Aware": false,
                              "Join Type": "Inner",
                              "Startup Cost": 199395.79,
                              "Total Cost": 346317.44,
                              "Plan Rows": 170,
                              "Plan Width": 12,
                              "Actual Startup Time": 538.24,
                              "Actual Total Time": 1812.076,
                              "Actual Rows": 148552,
                              "Actual Loops": 1,
                              "Inner Unique": false,
                              "Merge Cond": "(mc.movie_id = mk.movie_id)",
                              "Plans": [
                                {
                                  "Node Type": "Index Scan",
                                  "Parent Relationship": "Outer",
                                  "Parallel Aware": false,
                                  "Scan Direction": "Forward",
                                  "Index Name": "movie_id_movie_companies",
                                  "Relation Name": "movie_companies",
                                  "Alias": "mc",
                                  "Startup Cost": 0.43,
                                  "Total Cost": 140404.76,
                                  "Plan Rows": 2609129,
                                  "Plan Width": 8,
                                  "Actual Startup Time": 0.033,
                                  "Actual Total Time": 955.912,
                                  "Actual Rows": 2609129,
                                  "Actual Loops": 1
                                },
                                {
                                  "Node Type": "Sort",
                                  "Parent Relationship": "Inner",
                                  "Parallel Aware": false,
                                  "Startup Cost": 199387.31,
                                  "Total Cost": 199387.39,
                                  "Plan Rows": 34,
                                  "Plan Width": 4,
                                  "Actual Startup Time": 537.865,
                                  "Actual Total Time": 555.007,
                                  "Actual Rows": 154814,
                                  "Actual Loops": 1,
                                  "Sort Key": [
                                    "mk.movie_id"
                                  ],
                                  "Sort Method": "quicksort",
                                  "Sort Space Used": 3498,
                                  "Sort Space Type": "Memory",
                                  "Plans": [
                                    {
                                      "Node Type": "Gather",
                                      "Parent Relationship": "Outer",
                                      "Parallel Aware": false,
                                      "Startup Cost": 192112.09,
                                      "Total Cost": 199386.44,
                                      "Plan Rows": 34,
                                      "Plan Width": 4,
                                      "Actual Startup Time": 507.757,
                                      "Actual Total Time": 524.38,
                                      "Actual Rows": 41840,
                                      "Actual Loops": 1,
                                      "Workers Planned": 3,
                                      "Workers Launched": 3,
                                      "Single Copy": false,
                                      "Plans": [
                                        {
                                          "Node Type": "Merge Join",
                                          "Parent Relationship": "Outer",
                                          "Parallel Aware": false,
                                          "Join Type": "Inner",
                                          "Startup Cost": 191112.09,
                                          "Total Cost": 198383.04,
                                          "Plan Rows": 11,
                                          "Plan Width": 4,
                                          "Actual Startup Time": 488.516,
                                          "Actual Total Time": 492.201,
                                          "Actual Rows": 10460,
                                          "Actual Loops": 4,
                                          "Inner Unique": true,
                                          "Merge Cond": "(mk.keyword_id = k.id)",
                                          "Plans": [
                                            {
                                              "Node Type": "Sort",
                                              "Parent Relationship": "Outer",
                                              "Parallel Aware": false,
                                              "Startup Cost": 188460.13,
                                              "Total Cost": 192108.46,
                                              "Plan Rows": 1459332,
                                              "Plan Width": 8,
                                              "Actual Startup Time": 467.184,
                                              "Actual Total Time": 475.106,
                                              "Actual Rows": 40941,
                                              "Actual Loops": 4,
                                              "Sort Key": [
                                                "mk.keyword_id"
                                              ],
                                              "Sort Method": "quicksort",
                                              "Sort Space Used": 68942,
                                              "Sort Space Type": "Memory",
                                              "Workers": [
                                                {
                                                  "Worker Number": 0,
                                                  "Sort Method": "quicksort",
                                                  "Sort Space Used": 113261,
                                                  "Sort Space Type": "Memory"
                                                },
                                                {
                                                  "Worker Number": 1,
                                                  "Sort Method": "quicksort",
                                                  "Sort Space Used": 66149,
                                                  "Sort Space Type": "Memory"
                                                },
                                                {
                                                  "Worker Number": 2,
                                                  "Sort Method": "quicksort",
                                                  "Sort Space Used": 111165,
                                                  "Sort Space Type": "Memory"
                                                }
                                              ],
                                              "Plans": [
                                                {
                                                  "Node Type": "Seq Scan",
                                                  "Parent Relationship": "Outer",
                                                  "Parallel Aware": true,
                                                  "Relation Name": "movie_keyword",
                                                  "Alias": "mk",
                                                  "Startup Cost": 0.0,
                                                  "Total Cost": 39047.32,
                                                  "Plan Rows": 1459332,
                                                  "Plan Width": 8,
                                                  "Actual Startup Time": 0.062,
                                                  "Actual Total Time": 159.013,
                                                  "Actual Rows": 1130982,
                                                  "Actual Loops": 4
                                                }
                                              ]
                                            },
                                            {
                                              "Node Type": "Sort",
                                              "Parent Relationship": "Inner",
                                              "Parallel Aware": false,
                                              "Startup Cost": 2626.14,
                                              "Total Cost": 2626.14,
                                              "Plan Rows": 1,
                                              "Plan Width": 4,
                                              "Actual Startup Time": 12.67,
                                              "Actual Total Time": 12.67,
                                              "Actual Rows": 1,
                                              "Actual Loops": 4,
                                              "Sort Key": [
                                                "k.id"
                                              ],
                                              "Sort Method": "quicksort",
                                              "Sort Space Used": 25,
                                              "Sort Space Type": "Memory",
                                              "Workers": [
                                                {
                                                  "Worker Number": 0,
                                                  "Sort Method": "quicksort",
                                                  "Sort Space Used": 25,
                                                  "Sort Space Type": "Memory"
                                                },
                                                {
                                                  "Worker Number": 1,
                                                  "Sort Method": "quicksort",
                                                  "Sort Space Used": 25,
                                                  "Sort Space Type": "Memory"
                                                },
                                                {
                                                  "Worker Number": 2,
                                                  "Sort Method": "quicksort",
                                                  "Sort Space Used": 25,
                                                  "Sort Space Type": "Memory"
                                                }
                                              ],
                                              "Plans": [
                                                {
                                                  "Node Type": "Seq Scan",
                                                  "Parent Relationship": "Outer",
                                                  "Parallel Aware": false,
                                                  "Relation Name": "keyword",
                                                  "Alias": "k",
                                                  "Startup Cost": 0.0,
                                                  "Total Cost": 2626.12,
                                                  "Plan Rows": 1,
                                                  "Plan Width": 4,
                                                  "Actual Startup Time": 0.599,
                                                  "Actual Total Time": 12.656,
                                                  "Actual Rows": 1,
                                                  "Actual Loops": 4,
                                                  "Filter": "(keyword = 'character-name-in-title'::text)",
                                                  "Rows Removed by Filter": 134169
                                                }
                                              ]
                                            }
                                          ]
                                        }
                                      ]
                                    }
                                  ]
                                }
                              ]
                            }
                          ]
                        }
                      ]
                    }
                  ]
                }
              ]
            },
            {
              "Node Type": "Sort",
              "Parent Relationship": "Inner",
              "Parallel Aware": false,
              "Startup Cost": 1133285.11,
              "Total Cost": 1133294.18,
              "Plan Rows": 3628,
              "Plan Width": 19,
              "Actual Startup Time": 4121.053,
              "Actual Total Time": 4123.375,
              "Actual Rows": 14182,
              "Actual Loops": 1,
              "Sort Key": [
                "ci.movie_id"
              ],
              "Sort Method": "quicksort",
              "Sort Space Used": 1227,
              "Sort Space Type": "Memory",
              "Plans": [
                {
                  "Node Type": "Gather",
                  "Parent Relationship": "Outer",
                  "Parallel Aware": false,
                  "Startup Cost": 1102485.46,
                  "Total Cost": 1133070.6,
                  "Plan Rows": 3628,
                  "Plan Width": 19,
                  "Actual Startup Time": 3463.06,
                  "Actual Total Time": 4112.587,
                  "Actual Rows": 12500,
                  "Actual Loops": 1,
                  "Workers Planned": 6,
                  "Workers Launched": 6,
                  "Single Copy": false,
                  "Plans": [
                    {
                      "Node Type": "Merge Join",
                      "Parent Relationship": "Outer",
                      "Parallel Aware": false,
                      "Join Type": "Inner",
                      "Startup Cost": 1101485.46,
                      "Total Cost": 1131707.8,
                      "Plan Rows": 605,
                      "Plan Width": 19,
                      "Actual Startup Time": 3459.866,
                      "Actual Total Time": 3715.603,
                      "Actual Rows": 1786,
                      "Actual Loops": 7,
                      "Inner Unique": true,
                      "Merge Cond": "(ci.person_id = n.id)",
                      "Plans": [
                        {
                          "Node Type": "Sort",
                          "Parent Relationship": "Outer",
                          "Parallel Aware": false,
                          "Startup Cost": 993761.51,
                          "Total Cost": 1008868.93,
                          "Plan Rows": 6042971,
                          "Plan Width": 8,
                          "Actual Startup Time": 2762.177,
                          "Actual Total Time": 2989.495,
                          "Actual Rows": 5177763,
                          "Actual Loops": 7,
                          "Sort Key": [
                            "ci.person_id"
                          ],
                          "Sort Method": "quicksort",
                          "Sort Space Used": 435621,
                          "Sort Space Type": "Memory",
                          "Workers": [
                            {
                              "Worker Number": 0,
                              "Sort Method": "quicksort",
                              "Sort Space Used": 416829,
                              "Sort Space Type": "Memory"
                            },
                            {
                              "Worker Number": 1,
                              "Sort Method": "quicksort",
                              "Sort Space Used": 412459,
                              "Sort Space Type": "Memory"
                            },
                            {
                              "Worker Number": 2,
                              "Sort Method": "quicksort",
                              "Sort Space Used": 430455,
                              "Sort Space Type": "Memory"
                            },
                            {
                              "Worker Number": 3,
                              "Sort Method": "quicksort",
                              "Sort Space Used": 421267,
                              "Sort Space Type": "Memory"
                            },
                            {
                              "Worker Number": 4,
                              "Sort Method": "quicksort",
                              "Sort Space Used": 421319,
                              "Sort Space Type": "Memory"
                            },
                            {
                              "Worker Number": 5,
                              "Sort Method": "quicksort",
                              "Sort Space Used": 537263,
                              "Sort Space Type": "Memory"
                            }
                          ],
                          "Plans": [
                            {
                              "Node Type": "Seq Scan",
                              "Parent Relationship": "Outer",
                              "Parallel Aware": true,
                              "Relation Name": "cast_info",
                              "Alias": "ci",
                              "Startup Cost": 0.0,
                              "Total Cost": 313116.71,
                              "Plan Rows": 6042971,
                              "Plan Width": 8,
                              "Actual Startup Time": 0.063,
                              "Actual Total Time": 908.983,
                              "Actual Rows": 5177763,
                              "Actual Loops": 7
                            }
                          ]
                        },
                        {
                          "Node Type": "Sort",
                          "Parent Relationship": "Inner",
                          "Parallel Aware": false,
                          "Startup Cost": 107723.36,
                          "Total Cost": 107724.4,
                          "Plan Rows": 417,
                          "Plan Width": 19,
                          "Actual Startup Time": 475.91,
                          "Actual Total Time": 476.116,
                          "Actual Rows": 2609,
                          "Actual Loops": 7,
                          "Sort Key": [
                            "n.id"
                          ],
                          "Sort Method": "quicksort",
                          "Sort Space Used": 265,
                          "Sort Space Type": "Memory",
                          "Workers": [
                            {
                              "Worker Number": 0,
                              "Sort Method": "quicksort",
                              "Sort Space Used": 265,
                              "Sort Space Type": "Memory"
                            },
                            {
                              "Worker Number": 1,
                              "Sort Method": "quicksort",
                              "Sort Space Used": 265,
                              "Sort Space Type": "Memory"
                            },
                            {
                              "Worker Number": 2,
                              "Sort Method": "quicksort",
                              "Sort Space Used": 265,
                              "Sort Space Type": "Memory"
                            },
                            {
                              "Worker Number": 3,
                              "Sort Method": "quicksort",
                              "Sort Space Used": 265,
                              "Sort Space Type": "Memory"
                            },
                            {
                              "Worker Number": 4,
                              "Sort Method": "quicksort",
                              "Sort Space Used": 265,
                              "Sort Space Type": "Memory"
                            },
                            {
                              "Worker Number": 5,
                              "Sort Method": "quicksort",
                              "Sort Space Used": 265,
                              "Sort Space Type": "Memory"
                            }
                          ],
                          "Plans": [
                            {
                              "Node Type": "Seq Scan",
                              "Parent Relationship": "Outer",
                              "Parallel Aware": false,
                              "Relation Name": "name",
                              "Alias": "n",
                              "Startup Cost": 0.0,
                              "Total Cost": 107705.21,
                              "Plan Rows": 417,
                              "Plan Width": 19,
                              "Actual Startup Time": 206.993,
                              "Actual Total Time": 474.663,
                              "Actual Rows": 2664,
                              "Actual Loops": 7,
                              "Filter": "(name ~~ 'X%'::text)",
                              "Rows Removed by Filter": 4164827
                            }
                          ]
                        }
                      ]
                    }
                  ]
                }
              ]
            }
          ]
        }
      ]
    },
    "Planning Time": 480.888,
    "Triggers": [],
    "Execution Time": 7643.579
  }
]