[
  {
    "Plan": {
      "Node Type": "Aggregate",
      "Strategy": "Plain",
      "Partial Mode": "Finalize",
      "Parallel Aware": false,
      "Startup Cost": 45035.29,
      "Total Cost": 45035.3,
      "Plan Rows": 1,
      "Plan Width": 8,
      "Actual Startup Time": 154.842,
      "Actual Total Time": 165.349,
      "Actual Rows": 1,
      "Actual Loops": 1,
      "Plans": [
        {
          "Node Type": "Gather",
          "Parent Relationship": "Outer",
          "Parallel Aware": false,
          "Startup Cost": 45034.97,
          "Total Cost": 45035.28,
          "Plan Rows": 3,
          "Plan Width": 8,
          "Actual Startup Time": 154.65,
          "Actual Total Time": 165.339,
          "Actual Rows": 4,
          "Actual Loops": 1,
          "Workers Planned": 3,
          "Workers Launched": 3,
          "Single Copy": false,
          "Plans": [
            {
              "Node Type": "Aggregate",
              "Strategy": "Plain",
              "Partial Mode": "Partial",
              "Parent Relationship": "Outer",
              "Parallel Aware": false,
              "Startup Cost": 44034.97,
              "Total Cost": 44034.98,
              "Plan Rows": 1,
              "Plan Width": 8,
              "Actual Startup Time": 150.266,
              "Actual Total Time": 150.267,
              "Actual Rows": 1,
              "Actual Loops": 4,
              "Plans": [
                {
                  "Node Type": "Seq Scan",
                  "Parent Relationship": "Outer",
                  "Parallel Aware": true,
                  "Relation Name": "movie_keyword",
                  "Alias": "mk",
                  "Startup Cost": 0.0,
                  "Total Cost": 42695.65,
                  "Plan Rows": 535727,
                  "Plan Width": 0,
                  "Actual Startup Time": 1.213,
                  "Actual Total Time": 125.693,
                  "Actual Rows": 411323,
                  "Actual Loops": 4,
                  "Filter": "(keyword_id > 8942)",
                  "Rows Removed by Filter": 719660
                }
              ]
            }
          ]
        }
      ]
    },
    "Planning Time": 0.185,
    "Triggers": [],
    "Execution Time": 165.41
  }
]