{
  "Plan": {
    "Node Type": "Aggregate",
    "Strategy": "Plain",
    "Partial Mode": "Finalize",
    "Parallel Aware": false,
    "Startup Cost": 205046.58,
    "Total Cost": 205046.59,
    "Plan Rows": 1,
    "Plan Width": 8,
    "Actual Startup Time": 751.347,
    "Actual Total Time": 821.485,
    "Actual Rows": 1,
    "Actual Loops": 1,
    "Plans": [
      {
        "Node Type": "Gather",
        "Parent Relationship": "Outer",
        "Parallel Aware": false,
        "Startup Cost": 205046.47,
        "Total Cost": 205046.58,
        "Plan Rows": 1,
        "Plan Width": 8,
        "Actual Startup Time": 750.633,
        "Actual Total Time": 821.476,
        "Actual Rows": 2,
        "Actual Loops": 1,
        "Workers Planned": 1,
        "Workers Launched": 1,
        "Single Copy": false,
        "Plans": [
          {
            "Node Type": "Aggregate",
            "Strategy": "Plain",
            "Partial Mode": "Partial",
            "Parent Relationship": "Outer",
            "Parallel Aware": false,
            "Startup Cost": 204046.47,
            "Total Cost": 204046.48,
            "Plan Rows": 1,
            "Plan Width": 8,
            "Actual Startup Time": 744.454,
            "Actual Total Time": 744.458,
            "Actual Rows": 1,
            "Actual Loops": 2,
            "Plans": [
              {
                "Node Type": "Nested Loop",
                "Parent Relationship": "Outer",
                "Parallel Aware": false,
                "Join Type": "Inner",
                "Startup Cost": 70711.67,
                "Total Cost": 203100.35,
                "Plan Rows": 378447,
                "Plan Width": 0,
                "Actual Startup Time": 199.599,
                "Actual Total Time": 722.913,
                "Actual Rows": 461716,
                "Actual Loops": 2,
                "Inner Unique": false,
                "Join Filter": "(t.id = ci.movie_id)",
                "Rows Removed by Join Filter": 0,
                "Plans": [
                  {
                    "Node Type": "Hash Join",
                    "Parent Relationship": "Outer",
                    "Parallel Aware": true,
                    "Join Type": "Inner",
                    "Startup Cost": 70711.1,
                    "Total Cost": 101429.58,
                    "Plan Rows": 26411,
                    "Plan Width": 8,
                    "Actual Startup Time": 199.476,
                    "Actual Total Time": 323.485,
                    "Actual Rows": 9538,
                    "Actual Loops": 2,
                    "Inner Unique": true,
                    "Hash Cond": "(mk.movie_id = t.id)",
                    "Plans": [
                      {
                        "Node Type": "Bitmap Heap Scan",
                        "Parent Relationship": "Outer",
                        "Parallel Aware": true,
                        "Relation Name": "movie_keyword",
                        "Alias": "mk",
                        "Startup Cost": 14937.26,
                        "Total Cost": 44568.52,
                        "Plan Rows": 414181,
                        "Plan Width": 4,
                        "Actual Startup Time": 36.565,
                        "Actual Total Time": 107.394,
                        "Actual Rows": 355829,
                        "Actual Loops": 2,
                        "Recheck Cond": "(keyword_id < 613)",
                        "Rows Removed by Index Recheck": 0,
                        "Exact Heap Blocks": 14858,
                        "Lossy Heap Blocks": 0,
                        "Plans": [
                          {
                            "Node Type": "Bitmap Index Scan",
                            "Parent Relationship": "Outer",
                            "Parallel Aware": false,
                            "Index Name": "keyword_id_movie_keyword",
                            "Startup Cost": 0.0,
                            "Total Cost": 14761.24,
                            "Plan Rows": 704107,
                            "Plan Width": 0,
                            "Actual Startup Time": 32.961,
                            "Actual Total Time": 32.961,
                            "Actual Rows": 711658,
                            "Actual Loops": 1,
                            "Index Cond": "(keyword_id < 613)"
                          }
                        ]
                      },
                      {
                        "Node Type": "Hash",
                        "Parent Relationship": "Inner",
                        "Parallel Aware": true,
                        "Startup Cost": 54588.39,
                        "Total Cost": 54588.39,
                        "Plan Rows": 94836,
                        "Plan Width": 4,
                        "Actual Startup Time": 159.278,
                        "Actual Total Time": 159.278,
                        "Actual Rows": 80008,
                        "Actual Loops": 2,
                        "Hash Buckets": 262144,
                        "Original Hash Buckets": 262144,
                        "Hash Batches": 1,
                        "Original Hash Batches": 1,
                        "Peak Memory Usage": 8352,
                        "Plans": [
                          {
                            "Node Type": "Seq Scan",
                            "Parent Relationship": "Outer",
                            "Parallel Aware": true,
                            "Relation Name": "title",
                            "Alias": "t",
                            "Startup Cost": 0.0,
                            "Total Cost": 54588.39,
                            "Plan Rows": 94836,
                            "Plan Width": 4,
                            "Actual Startup Time": 0.035,
                            "Actual Total Time": 137.177,
                            "Actual Rows": 80008,
                            "Actual Loops": 2,
                            "Filter": "(production_year = 2011)",
                            "Rows Removed by Filter": 1184148
                          }
                        ]
                      }
                    ]
                  },
                  {
                    "Node Type": "Index Only Scan",
                    "Parent Relationship": "Inner",
                    "Parallel Aware": false,
                    "Scan Direction": "Forward",
                    "Index Name": "movie_id_cast_info",
                    "Relation Name": "cast_info",
                    "Alias": "ci",
                    "Startup Cost": 0.56,
                    "Total Cost": 3.39,
                    "Plan Rows": 37,
                    "Plan Width": 4,
                    "Actual Startup Time": 0.006,
                    "Actual Total Time": 0.037,
                    "Actual Rows": 48,
                    "Actual Loops": 19075,
                    "Index Cond": "(movie_id = mk.movie_id)",
                    "Rows Removed by Index Recheck": 0,
                    "Heap Fetches": 923431
                  }
                ]
              }
            ]
          }
        ]
      }
    ]
  },
  "Planning Time": 0.942,
  "Triggers": [],
  "Execution Time": 821.613
}