[
  {
    "Plan": {
      "Node Type": "Aggregate",
      "Strategy": "Plain",
      "Partial Mode": "Finalize",
      "Parallel Aware": false,
      "Startup Cost": 76282.03,
      "Total Cost": 76282.04,
      "Plan Rows": 1,
      "Plan Width": 8,
      "Actual Startup Time": 250.132,
      "Actual Total Time": 264.636,
      "Actual Rows": 1,
      "Actual Loops": 1,
      "Plans": [
        {
          "Node Type": "Gather",
          "Parent Relationship": "Outer",
          "Parallel Aware": false,
          "Startup Cost": 76281.71,
          "Total Cost": 76282.02,
          "Plan Rows": 3,
          "Plan Width": 8,
          "Actual Startup Time": 249.542,
          "Actual Total Time": 264.626,
          "Actual Rows": 4,
          "Actual Loops": 1,
          "Workers Planned": 3,
          "Workers Launched": 3,
          "Single Copy": false,
          "Plans": [
            {
              "Node Type": "Aggregate",
              "Strategy": "Plain",
              "Partial Mode": "Partial",
              "Parent Relationship": "Outer",
              "Parallel Aware": false,
              "Startup Cost": 75281.71,
              "Total Cost": 75281.72,
              "Plan Rows": 1,
              "Plan Width": 8,
              "Actual Startup Time": 244.265,
              "Actual Total Time": 244.269,
              "Actual Rows": 1,
              "Actual Loops": 4,
              "Plans": [
                {
                  "Node Type": "Hash Join",
                  "Parent Relationship": "Outer",
                  "Parallel Aware": true,
                  "Join Type": "Inner",
                  "Startup Cost": 45784.6,
                  "Total Cost": 75200.49,
                  "Plan Rows": 32490,
                  "Plan Width": 0,
                  "Actual Startup Time": 106.969,
                  "Actual Total Time": 243.703,
                  "Actual Rows": 11393,
                  "Actual Loops": 4,
                  "Inner Unique": true,
                  "Hash Cond": "(mc.movie_id = t.id)",
                  "Plans": [
                    {
                      "Node Type": "Seq Scan",
                      "Parent Relationship": "Outer",
                      "Parallel Aware": true,
                      "Relation Name": "movie_companies",
                      "Alias": "mc",
                      "Startup Cost": 0.0,
                      "Total Cost": 27206.55,
                      "Plan Rows": 841655,
                      "Plan Width": 4,
                      "Actual Startup Time": 0.007,
                      "Actual Total Time": 58.203,
                      "Actual Rows": 652282,
                      "Actual Loops": 4
                    },
                    {
                      "Node Type": "Hash",
                      "Parent Relationship": "Inner",
                      "Parallel Aware": true,
                      "Startup Cost": 45479.59,
                      "Total Cost": 45479.59,
                      "Plan Rows": 24401,
                      "Plan Width": 4,
                      "Actual Startup Time": 105.633,
                      "Actual Total Time": 105.634,
                      "Actual Rows": 27600,
                      "Actual Loops": 4,
                      "Hash Buckets": 131072,
                      "Original Hash Buckets": 131072,
                      "Hash Batches": 1,
                      "Original Hash Batches": 1,
                      "Peak Memory Usage": 5408,
                      "Plans": [
                        {
                          "Node Type": "Seq Scan",
                          "Parent Relationship": "Outer",
                          "Parallel Aware": true,
                          "Relation Name": "title",
                          "Alias": "t",
                          "Startup Cost": 0.0,
                          "Total Cost": 45479.59,
                          "Plan Rows": 24401,
                          "Plan Width": 4,
                          "Actual Startup Time": 0.033,
                          "Actual Total Time": 95.07,
                          "Actual Rows": 27600,
                          "Actual Loops": 4,
                          "Filter": "((kind_id = 7) AND (production_year = 2012))",
                          "Rows Removed by Filter": 604478
                        }
                      ]
                    }
                  ]
                }
              ]
            }
          ]
        }
      ]
    },
    "Planning Time": 0.251,
    "Triggers": [],
    "Execution Time": 264.674
  }
]