[
  {
    "Plan": {
      "Node Type": "Aggregate",
      "Strategy": "Plain",
      "Partial Mode": "Finalize",
      "Parallel Aware": false,
      "Startup Cost": 74064.8,
      "Total Cost": 74064.81,
      "Plan Rows": 1,
      "Plan Width": 8,
      "Actual Startup Time": 83.459,
      "Actual Total Time": 94.203,
      "Actual Rows": 1,
      "Actual Loops": 1,
      "Plans": [
        {
          "Node Type": "Gather",
          "Parent Relationship": "Outer",
          "Parallel Aware": false,
          "Startup Cost": 74064.48,
          "Total Cost": 74064.79,
          "Plan Rows": 3,
          "Plan Width": 8,
          "Actual Startup Time": 83.292,
          "Actual Total Time": 94.195,
          "Actual Rows": 4,
          "Actual Loops": 1,
          "Workers Planned": 3,
          "Workers Launched": 3,
          "Single Copy": false,
          "Plans": [
            {
              "Node Type": "Aggregate",
              "Strategy": "Plain",
              "Partial Mode": "Partial",
              "Parent Relationship": "Outer",
              "Parallel Aware": false,
              "Startup Cost": 73064.48,
              "Total Cost": 73064.49,
              "Plan Rows": 1,
              "Plan Width": 8,
              "Actual Startup Time": 73.544,
              "Actual Total Time": 73.546,
              "Actual Rows": 1,
              "Actual Loops": 4,
              "Plans": [
                {
                  "Node Type": "Nested Loop",
                  "Parent Relationship": "Outer",
                  "Parallel Aware": false,
                  "Join Type": "Inner",
                  "Startup Cost": 271.87,
                  "Total Cost": 73059.68,
                  "Plan Rows": 1920,
                  "Plan Width": 0,
                  "Actual Startup Time": 28.037,
                  "Actual Total Time": 73.412,
                  "Actual Rows": 1239,
                  "Actual Loops": 4,
                  "Inner Unique": true,
                  "Join Filter": "(mi.movie_id = t.id)",
                  "Rows Removed by Join Filter": 0,
                  "Plans": [
                    {
                      "Node Type": "Nested Loop",
                      "Parent Relationship": "Outer",
                      "Parallel Aware": false,
                      "Join Type": "Inner",
                      "Startup Cost": 271.44,
                      "Total Cost": 64715.31,
                      "Plan Rows": 14073,
                      "Plan Width": 8,
                      "Actual Startup Time": 2.212,
                      "Actual Total Time": 36.211,
                      "Actual Rows": 6939,
                      "Actual Loops": 4,
                      "Inner Unique": false,
                      "Plans": [
                        {
                          "Node Type": "Bitmap Heap Scan",
                          "Parent Relationship": "Outer",
                          "Parallel Aware": true,
                          "Relation Name": "movie_info",
                          "Alias": "mi",
                          "Startup Cost": 271.01,
                          "Total Cost": 44355.18,
                          "Plan Rows": 4769,
                          "Plan Width": 4,
                          "Actual Startup Time": 1.904,
                          "Actual Total Time": 7.901,
                          "Actual Rows": 4151,
                          "Actual Loops": 4,
                          "Recheck Cond": "(info_type_id = 102)",
                          "Rows Removed by Index Recheck": 0,
                          "Exact Heap Blocks": 1458,
                          "Lossy Heap Blocks": 0,
                          "Plans": [
                            {
                              "Node Type": "Bitmap Index Scan",
                              "Parent Relationship": "Outer",
                              "Parallel Aware": false,
                              "Index Name": "info_type_id_movie_info",
                              "Startup Cost": 0.0,
                              "Total Cost": 267.31,
                              "Plan Rows": 14784,
                              "Plan Width": 0,
                              "Actual Startup Time": 5.54,
                              "Actual Total Time": 5.54,
                              "Actual Rows": 16603,
                              "Actual Loops": 1,
                              "Index Cond": "(info_type_id = 102)"
                            }
                          ]
                        },
                        {
                          "Node Type": "Index Only Scan",
                          "Parent Relationship": "Inner",
                          "Parallel Aware": false,
                          "Scan Direction": "Forward",
                          "Index Name": "movie_id_movie_info_idx",
                          "Relation Name": "movie_info_idx",
                          "Alias": "mi_idx",
                          "Startup Cost": 0.43,
                          "Total Cost": 4.24,
                          "Plan Rows": 3,
                          "Plan Width": 4,
                          "Actual Startup Time": 0.006,
                          "Actual Total Time": 0.006,
                          "Actual Rows": 2,
                          "Actual Loops": 16603,
                          "Index Cond": "(movie_id = mi.movie_id)",
                          "Rows Removed by Index Recheck": 0,
                          "Heap Fetches": 27757
                        }
                      ]
                    },
                    {
                      "Node Type": "Index Scan",
                      "Parent Relationship": "Inner",
                      "Parallel Aware": false,
                      "Scan Direction": "Forward",
                      "Index Name": "title_pkey",
                      "Relation Name": "title",
                      "Alias": "t",
                      "Startup Cost": 0.43,
                      "Total Cost": 0.58,
                      "Plan Rows": 1,
                      "Plan Width": 4,
                      "Actual Startup Time": 0.005,
                      "Actual Total Time": 0.005,
                      "Actual Rows": 0,
                      "Actual Loops": 27757,
                      "Index Cond": "(id = mi_idx.movie_id)",
                      "Rows Removed by Index Recheck": 0,
                      "Filter": "(kind_id > 1)",
                      "Rows Removed by Filter": 1
                    }
                  ]
                }
              ]
            }
          ]
        }
      ]
    },
    "Planning Time": 1.405,
    "Triggers": [],
    "Execution Time": 94.311
  }
]