{
  "Plan": {
    "Node Type": "Aggregate",
    "Strategy": "Plain",
    "Partial Mode": "Simple",
    "Parallel Aware": false,
    "Startup Cost": 20000824406.54,
    "Total Cost": 20000824406.55,
    "Plan Rows": 1,
    "Plan Width": 96,
    "Actual Startup Time": 13181.868,
    "Actual Total Time": 13182.113,
    "Actual Rows": 1,
    "Actual Loops": 1,
    "Plans": [
      {
        "Node Type": "Merge Join",
        "Parent Relationship": "Outer",
        "Parallel Aware": false,
        "Join Type": "Inner",
        "Startup Cost": 20000824406.51,
        "Total Cost": 20000824406.53,
        "Plan Rows": 1,
        "Plan Width": 42,
        "Actual Startup Time": 13181.82,
        "Actual Total Time": 13182.088,
        "Actual Rows": 148,
        "Actual Loops": 1,
        "Inner Unique": true,
        "Merge Cond": "(mi.info_type_id = it1.id)",
        "Plans": [
          {
            "Node Type": "Sort",
            "Parent Relationship": "Outer",
            "Parallel Aware": false,
            "Startup Cost": 20000824404.08,
            "Total Cost": 20000824404.09,
            "Plan Rows": 1,
            "Plan Width": 46,
            "Actual Startup Time": 13181.765,
            "Actual Total Time": 13182.013,
            "Actual Rows": 149,
            "Actual Loops": 1,
            "Sort Key": [
              "mi.info_type_id"
            ],
            "Sort Method": "quicksort",
            "Sort Space Used": 39,
            "Sort Space Type": "Memory",
            "Plans": [
              {
                "Node Type": "Merge Join",
                "Parent Relationship": "Outer",
                "Parallel Aware": false,
                "Join Type": "Inner",
                "Startup Cost": 20000535840.45,
                "Total Cost": 20000824404.07,
                "Plan Rows": 1,
                "Plan Width": 46,
                "Actual Startup Time": 3730.314,
                "Actual Total Time": 13181.937,
                "Actual Rows": 149,
                "Actual Loops": 1,
                "Inner Unique": false,
                "Merge Cond": "(mi_idx.movie_id = t.id)",
                "Plans": [
                  {
                    "Node Type": "Sort",
                    "Parent Relationship": "Outer",
                    "Parallel Aware": false,
                    "Startup Cost": 130151.61,
                    "Total Cost": 130152.55,
                    "Plan Rows": 377,
                    "Plan Width": 33,
                    "Actual Startup Time": 1157.202,
                    "Actual Total Time": 1171.505,
                    "Actual Rows": 89628,
                    "Actual Loops": 1,
                    "Sort Key": [
                      "mc.movie_id"
                    ],
                    "Sort Method": "quicksort",
                    "Sort Space Used": 10492,
                    "Sort Space Type": "Memory",
                    "Plans": [
                      {
                        "Node Type": "Merge Join",
                        "Parent Relationship": "Outer",
                        "Parallel Aware": false,
                        "Join Type": "Inner",
                        "Startup Cost": 129918.96,
                        "Total Cost": 130135.47,
                        "Plan Rows": 377,
                        "Plan Width": 33,
                        "Actual Startup Time": 1089.722,
                        "Actual Total Time": 1112.732,
                        "Actual Rows": 93871,
                        "Actual Loops": 1,
                        "Inner Unique": false,
                        "Merge Cond": "(it2.id = mi_idx.info_type_id)",
                        "Plans": [
                          {
                            "Node Type": "Sort",
                            "Parent Relationship": "Outer",
                            "Parallel Aware": false,
                            "Startup Cost": 2.42,
                            "Total Cost": 2.43,
                            "Plan Rows": 1,
                            "Plan Width": 4,
                            "Actual Startup Time": 0.042,
                            "Actual Total Time": 0.044,
                            "Actual Rows": 1,
                            "Actual Loops": 1,
                            "Sort Key": [
                              "it2.id"
                            ],
                            "Sort Method": "quicksort",
                            "Sort Space Used": 25,
                            "Sort Space Type": "Memory",
                            "Plans": [
                              {
                                "Node Type": "Seq Scan",
                                "Parent Relationship": "Outer",
                                "Parallel Aware": false,
                                "Relation Name": "info_type",
                                "Alias": "it2",
                                "Startup Cost": 0.0,
                                "Total Cost": 2.41,
                                "Plan Rows": 1,
                                "Plan Width": 4,
                                "Actual Startup Time": 0.024,
                                "Actual Total Time": 0.026,
                                "Actual Rows": 1,
                                "Actual Loops": 1,
                                "Filter": "((info)::text = 'rating'::text)",
                                "Rows Removed by Filter": 112
                              }
                            ]
                          },
                          {
                            "Node Type": "Sort",
                            "Parent Relationship": "Inner",
                            "Parallel Aware": false,
                            "Startup Cost": 129916.53,
                            "Total Cost": 130022.9,
                            "Plan Rows": 42549,
                            "Plan Width": 37,
                            "Actual Startup Time": 1078.909,
                            "Actual Total Time": 1090.283,
                            "Actual Rows": 135479,
                            "Actual Loops": 1,
                            "Sort Key": [
                              "mi_idx.info_type_id"
                            ],
                            "Sort Method": "quicksort",
                            "Sort Space Used": 17771,
                            "Sort Space Type": "Memory",
                            "Plans": [
                              {
                                "Node Type": "Merge Join",
                                "Parent Relationship": "Outer",
                                "Parallel Aware": false,
                                "Join Type": "Inner",
                                "Startup Cost": 113058.79,
                                "Total Cost": 126645.18,
                                "Plan Rows": 42549,
                                "Plan Width": 37,
                                "Actual Startup Time": 791.031,
                                "Actual Total Time": 1027.696,
                                "Actual Rows": 136032,
                                "Actual Loops": 1,
                                "Inner Unique": false,
                                "Merge Cond": "(cn.id = mc.company_id)",
                                "Plans": [
                                  {
                                    "Node Type": "Index Scan",
                                    "Parent Relationship": "Outer",
                                    "Parallel Aware": false,
                                    "Scan Direction": "Forward",
                                    "Index Name": "company_name_pkey",
                                    "Relation Name": "company_name",
                                    "Alias": "cn",
                                    "Startup Cost": 0.42,
                                    "Total Cost": 12469.43,
                                    "Plan Rows": 125473,
                                    "Plan Width": 23,
                                    "Actual Startup Time": 0.124,
                                    "Actual Total Time": 166.128,
                                    "Actual Rows": 125685,
                                    "Actual Loops": 1,
                                    "Filter": "((country_code)::text <> '[us]'::text)",
                                    "Rows Removed by Filter": 108601
                                  },
                                  {
                                    "Node Type": "Sort",
                                    "Parent Relationship": "Inner",
                                    "Parallel Aware": false,
                                    "Startup Cost": 113046.18,
                                    "Total Cost": 113245.41,
                                    "Plan Rows": 79690,
                                    "Plan Width": 22,
                                    "Actual Startup Time": 790.847,
                                    "Actual Total Time": 819.204,
                                    "Actual Rows": 151275,
                                    "Actual Loops": 1,
                                    "Sort Key": [
                                      "mc.company_id"
                                    ],
                                    "Sort Method": "quicksort",
                                    "Sort Space Used": 17963,
                                    "Sort Space Type": "Memory",
                                    "Plans": [
                                      {
                                        "Node Type": "Merge Join",
                                        "Parent Relationship": "Outer",
                                        "Parallel Aware": false,
                                        "Join Type": "Inner",
                                        "Startup Cost": 105363.21,
                                        "Total Cost": 106558.58,
                                        "Plan Rows": 79690,
                                        "Plan Width": 22,
                                        "Actual Startup Time": 696.658,
                                        "Actual Total Time": 734.523,
                                        "Actual Rows": 151275,
                                        "Actual Loops": 1,
                                        "Inner Unique": false,
                                        "Merge Cond": "(ct.id = mc.company_type_id)",
                                        "Plans": [
                                          {
                                            "Node Type": "Sort",
                                            "Parent Relationship": "Outer",
                                            "Parallel Aware": false,
                                            "Startup Cost": 1.08,
                                            "Total Cost": 1.09,
                                            "Plan Rows": 4,
                                            "Plan Width": 4,
                                            "Actual Startup Time": 0.023,
                                            "Actual Total Time": 0.025,
                                            "Actual Rows": 3,
                                            "Actual Loops": 1,
                                            "Sort Key": [
                                              "ct.id"
                                            ],
                                            "Sort Method": "quicksort",
                                            "Sort Space Used": 25,
                                            "Sort Space Type": "Memory",
                                            "Plans": [
                                              {
                                                "Node Type": "Seq Scan",
                                                "Parent Relationship": "Outer",
                                                "Parallel Aware": false,
                                                "Relation Name": "company_type",
                                                "Alias": "ct",
                                                "Startup Cost": 0.0,
                                                "Total Cost": 1.04,
                                                "Plan Rows": 4,
                                                "Plan Width": 4,
                                                "Actual Startup Time": 0.007,
                                                "Actual Total Time": 0.008,
                                                "Actual Rows": 4,
                                                "Actual Loops": 1
                                              }
                                            ]
                                          },
                                          {
                                            "Node Type": "Sort",
                                            "Parent Relationship": "Inner",
                                            "Parallel Aware": false,
                                            "Startup Cost": 105362.13,
                                            "Total Cost": 105561.35,
                                            "Plan Rows": 79690,
                                            "Plan Width": 26,
                                            "Actual Startup Time": 696.627,
                                            "Actual Total Time": 705.575,
                                            "Actual Rows": 151275,
                                            "Actual Loops": 1,
                                            "Sort Key": [
                                              "mc.company_type_id"
                                            ],
                                            "Sort Method": "quicksort",
                                            "Sort Space Used": 17963,
                                            "Sort Space Type": "Memory",
                                            "Plans": [
                                              {
                                                "Node Type": "Gather",
                                                "Parent Relationship": "Outer",
                                                "Parallel Aware": false,
                                                "Startup Cost": 88897.6,
                                                "Total Cost": 98874.52,
                                                "Plan Rows": 79690,
                                                "Plan Width": 26,
                                                "Actual Startup Time": 560.195,
                                                "Actual Total Time": 661.968,
                                                "Actual Rows": 151275,
                                                "Actual Loops": 1,
                                                "Workers Planned": 3,
                                                "Workers Launched": 3,
                                                "Single Copy": false,
                                                "Plans": [
                                                  {
                                                    "Node Type": "Merge Join",
                                                    "Parent Relationship": "Outer",
                                                    "Parallel Aware": false,
                                                    "Join Type": "Inner",
                                                    "Startup Cost": 87897.6,
                                                    "Total Cost": 89905.52,
                                                    "Plan Rows": 25706,
                                                    "Plan Width": 26,
                                                    "Actual Startup Time": 550.817,
                                                    "Actual Total Time": 613.848,
                                                    "Actual Rows": 37819,
                                                    "Actual Loops": 4,
                                                    "Inner Unique": false,
                                                    "Merge Cond": "(mc.movie_id = mi_idx.movie_id)",
                                                    "Plans": [
                                                      {
                                                        "Node Type": "Sort",
                                                        "Parent Relationship": "Outer",
                                                        "Parallel Aware": false,
                                                        "Startup Cost": 34788.13,
                                                        "Total Cost": 34897.53,
                                                        "Plan Rows": 43760,
                                                        "Plan Width": 12,
                                                        "Actual Startup Time": 196.999,
                                                        "Actual Total Time": 201.587,
                                                        "Actual Rows": 75818,
                                                        "Actual Loops": 4,
                                                        "Sort Key": [
                                                          "mc.movie_id"
                                                        ],
                                                        "Sort Method": "quicksort",
                                                        "Sort Space Used": 7161,
                                                        "Sort Space Type": "Memory",
                                                        "Workers": [
                                                          {
                                                            "Worker Number": 0,
                                                            "Sort Method": "quicksort",
                                                            "Sort Space Used": 6459,
                                                            "Sort Space Type": "Memory"
                                                          },
                                                          {
                                                            "Worker Number": 1,
                                                            "Sort Method": "quicksort",
                                                            "Sort Space Used": 6405,
                                                            "Sort Space Type": "Memory"
                                                          },
                                                          {
                                                            "Worker Number": 2,
                                                            "Sort Method": "quicksort",
                                                            "Sort Space Used": 6481,
                                                            "Sort Space Type": "Memory"
                                                          }
                                                        ],
                                                        "Plans": [
                                                          {
                                                            "Node Type": "Seq Scan",
                                                            "Parent Relationship": "Outer",
                                                            "Parallel Aware": true,
                                                            "Relation Name": "movie_companies",
                                                            "Alias": "mc",
                                                            "Startup Cost": 0.0,
                                                            "Total Cost": 31414.82,
                                                            "Plan Rows": 43760,
                                                            "Plan Width": 12,
                                                            "Actual Startup Time": 0.06,
                                                            "Actual Total Time": 169.7,
                                                            "Actual Rows": 75818,
                                                            "Actual Loops": 4,
                                                            "Filter": "((note !~~ '%(USA)%'::text) AND (note ~~ '%(200%)%'::text))",
                                                            "Rows Removed by Filter": 576464
                                                          }
                                                        ]
                                                      },
                                                      {
                                                        "Node Type": "Sort",
                                                        "Parent Relationship": "Inner",
                                                        "Parallel Aware": false,
                                                        "Startup Cost": 53109.47,
                                                        "Total Cost": 53875.55,
                                                        "Plan Rows": 306433,
                                                        "Plan Width": 14,
                                                        "Actual Startup Time": 353.32,
                                                        "Actual Total Time": 371.472,
                                                        "Actual Rows": 329945,
                                                        "Actual Loops": 4,
                                                        "Sort Key": [
                                                          "mi_idx.movie_id"
                                                        ],
                                                        "Sort Method": "quicksort",
                                                        "Sort Space Used": 26846,
                                                        "Sort Space Type": "Memory",
                                                        "Workers": [
                                                          {
                                                            "Worker Number": 0,
                                                            "Sort Method": "quicksort",
                                                            "Sort Space Used": 26846,
                                                            "Sort Space Type": "Memory"
                                                          },
                                                          {
                                                            "Worker Number": 1,
                                                            "Sort Method": "quicksort",
                                                            "Sort Space Used": 26846,
                                                            "Sort Space Type": "Memory"
                                                          },
                                                          {
                                                            "Worker Number": 2,
                                                            "Sort Method": "quicksort",
                                                            "Sort Space Used": 26846,
                                                            "Sort Space Type": "Memory"
                                                          }
                                                        ],
                                                        "Plans": [
                                                          {
                                                            "Node Type": "Seq Scan",
                                                            "Parent Relationship": "Outer",
                                                            "Parallel Aware": false,
                                                            "Relation Name": "movie_info_idx",
                                                            "Alias": "mi_idx",
                                                            "Startup Cost": 0.0,
                                                            "Total Cost": 25185.44,
                                                            "Plan Rows": 306433,
                                                            "Plan Width": 14,
                                                            "Actual Startup Time": 0.074,
                                                            "Actual Total Time": 235.18,
                                                            "Actual Rows": 308267,
                                                            "Actual Loops": 4,
                                                            "Filter": "(info > '6.5'::text)",
                                                            "Rows Removed by Filter": 1071768
                                                          }
                                                        ]
                                                      }
                                                    ]
                                                  }
                                                ]
                                              }
                                            ]
                                          }
                                        ]
                                      }
                                    ]
                                  }
                                ]
                              }
                            ]
                          }
                        ]
                      }
                    ]
                  },
                  {
                    "Node Type": "Materialize",
                    "Parent Relationship": "Inner",
                    "Parallel Aware": false,
                    "Startup Cost": 20000405688.84,
                    "Total Cost": 20000694250.57,
                    "Plan Rows": 1,
                    "Plan Width": 37,
                    "Actual Startup Time": 2570.908,
                    "Actual Total Time": 12000.011,
                    "Actual Rows": 150,
                    "Actual Loops": 1,
                    "Plans": [
                      {
                        "Node Type": "Nested Loop",
                        "Parent Relationship": "Outer",
                        "Parallel Aware": false,
                        "Join Type": "Inner",
                        "Startup Cost": 20000405688.84,
                        "Total Cost": 20000694250.57,
                        "Plan Rows": 1,
                        "Plan Width": 37,
                        "Actual Startup Time": 2570.896,
                        "Actual Total Time": 11999.931,
                        "Actual Rows": 34,
                        "Actual Loops": 1,
                        "Inner Unique": false,
                        "Join Filter": "(t.id = mk.movie_id)",
                        "Rows Removed by Join Filter": 101831534,
                        "Plans": [
                          {
                            "Node Type": "Nested Loop",
                            "Parent Relationship": "Outer",
                            "Parallel Aware": false,
                            "Join Type": "Inner",
                            "Startup Cost": 10000009674.73,
                            "Total Cost": 10000289220.48,
                            "Plan Rows": 35,
                            "Plan Width": 8,
                            "Actual Startup Time": 113.087,
                            "Actual Total Time": 1223.058,
                            "Actual Rows": 3832,
                            "Actual Loops": 1,
                            "Inner Unique": true,
                            "Join Filter": "(mk.keyword_id = k.id)",
                            "Rows Removed by Join Filter": 1353353,
                            "Plans": [
                              {
                                "Node Type": "Merge Join",
                                "Parent Relationship": "Outer",
                                "Parallel Aware": false,
                                "Join Type": "Inner",
                                "Startup Cost": 9674.73,
                                "Total Cost": 215751.62,
                                "Plan Rows": 1175127,
                                "Plan Width": 12,
                                "Actual Startup Time": 82.508,
                                "Actual Total Time": 1033.13,
                                "Actual Rows": 453181,
                                "Actual Loops": 1,
                                "Inner Unique": false,
                                "Merge Cond": "(mk.movie_id = cc.movie_id)",
                                "Plans": [
                                  {
                                    "Node Type": "Index Scan",
                                    "Parent Relationship": "Outer",
                                    "Parallel Aware": false,
                                    "Scan Direction": "Forward",
                                    "Index Name": "movie_id_movie_keyword",
                                    "Relation Name": "movie_keyword",
                                    "Alias": "mk",
                                    "Startup Cost": 0.43,
                                    "Total Cost": 177148.48,
                                    "Plan Rows": 4523930,
                                    "Plan Width": 8,
                                    "Actual Startup Time": 0.073,
                                    "Actual Total Time": 599.319,
                                    "Actual Rows": 4523930,
                                    "Actual Loops": 1
                                  },
                                  {
                                    "Node Type": "Sort",
                                    "Parent Relationship": "Inner",
                                    "Parallel Aware": false,
                                    "Startup Cost": 9668.47,
                                    "Total Cost": 9731.79,
                                    "Plan Rows": 25329,
                                    "Plan Width": 4,
                                    "Actual Startup Time": 82.378,
                                    "Actual Total Time": 102.297,
                                    "Actual Rows": 472229,
                                    "Actual Loops": 1,
                                    "Sort Key": [
                                      "cc.movie_id"
                                    ],
                                    "Sort Method": "quicksort",
                                    "Sort Space Used": 3526,
                                    "Sort Space Type": "Memory",
                                    "Plans": [
                                      {
                                        "Node Type": "Merge Join",
                                        "Parent Relationship": "Outer",
                                        "Parallel Aware": false,
                                        "Join Type": "Inner",
                                        "Startup Cost": 7393.68,
                                        "Total Cost": 7815.84,
                                        "Plan Rows": 25329,
                                        "Plan Width": 4,
                                        "Actual Startup Time": 60.365,
                                        "Actual Total Time": 68.929,
                                        "Actual Rows": 42432,
                                        "Actual Loops": 1,
                                        "Inner Unique": false,
                                        "Merge Cond": "(cct2.id = cc.status_id)",
                                        "Plans": [
                                          {
                                            "Node Type": "Sort",
                                            "Parent Relationship": "Outer",
                                            "Parallel Aware": false,
                                            "Startup Cost": 1.07,
                                            "Total Cost": 1.08,
                                            "Plan Rows": 3,
                                            "Plan Width": 4,
                                            "Actual Startup Time": 0.037,
                                            "Actual Total Time": 0.039,
                                            "Actual Rows": 3,
                                            "Actual Loops": 1,
                                            "Sort Key": [
                                              "cct2.id"
                                            ],
                                            "Sort Method": "quicksort",
                                            "Sort Space Used": 25,
                                            "Sort Space Type": "Memory",
                                            "Plans": [
                                              {
                                                "Node Type": "Seq Scan",
                                                "Parent Relationship": "Outer",
                                                "Parallel Aware": false,
                                                "Relation Name": "comp_cast_type",
                                                "Alias": "cct2",
                                                "Startup Cost": 0.0,
                                                "Total Cost": 1.05,
                                                "Plan Rows": 3,
                                                "Plan Width": 4,
                                                "Actual Startup Time": 0.025,
                                                "Actual Total Time": 0.028,
                                                "Actual Rows": 3,
                                                "Actual Loops": 1,
                                                "Filter": "((kind)::text <> 'complete+verified'::text)",
                                                "Rows Removed by Filter": 1
                                              }
                                            ]
                                          },
                                          {
                                            "Node Type": "Sort",
                                            "Parent Relationship": "Inner",
                                            "Parallel Aware": false,
                                            "Startup Cost": 7392.6,
                                            "Total Cost": 7477.03,
                                            "Plan Rows": 33772,
                                            "Plan Width": 8,
                                            "Actual Startup Time": 60.317,
                                            "Actual Total Time": 62.798,
                                            "Actual Rows": 42433,
                                            "Actual Loops": 1,
                                            "Sort Key": [
                                              "cc.status_id"
                                            ],
                                            "Sort Method": "quicksort",
                                            "Sort Space Used": 3840,
                                            "Sort Space Type": "Memory",
                                            "Plans": [
                                              {
                                                "Node Type": "Merge Join",
                                                "Parent Relationship": "Outer",
                                                "Parallel Aware": false,
                                                "Join Type": "Inner",
                                                "Startup Cost": 0.55,
                                                "Total Cost": 4852.35,
                                                "Plan Rows": 33772,
                                                "Plan Width": 8,
                                                "Actual Startup Time": 27.075,
                                                "Actual Total Time": 48.915,
                                                "Actual Rows": 49145,
                                                "Actual Loops": 1,
                                                "Inner Unique": false,
                                                "Merge Cond": "(cct1.id = cc.subject_id)",
                                                "Plans": [
                                                  {
                                                    "Node Type": "Index Scan",
                                                    "Parent Relationship": "Outer",
                                                    "Parallel Aware": false,
                                                    "Scan Direction": "Forward",
                                                    "Index Name": "comp_cast_type_pkey",
                                                    "Relation Name": "comp_cast_type",
                                                    "Alias": "cct1",
                                                    "Startup Cost": 0.13,
                                                    "Total Cost": 12.2,
                                                    "Plan Rows": 1,
                                                    "Plan Width": 4,
                                                    "Actual Startup Time": 0.023,
                                                    "Actual Total Time": 0.029,
                                                    "Actual Rows": 1,
                                                    "Actual Loops": 1,
                                                    "Filter": "((kind)::text = 'crew'::text)",
                                                    "Rows Removed by Filter": 3
                                                  },
                                                  {
                                                    "Node Type": "Index Scan",
                                                    "Parent Relationship": "Inner",
                                                    "Parallel Aware": false,
                                                    "Scan Direction": "Forward",
                                                    "Index Name": "subject_id_complete_cast",
                                                    "Relation Name": "complete_cast",
                                                    "Alias": "cc",
                                                    "Startup Cost": 0.42,
                                                    "Total Cost": 4164.71,
                                                    "Plan Rows": 135086,
                                                    "Plan Width": 12,
                                                    "Actual Startup Time": 0.098,
                                                    "Actual Total Time": 30.589,
                                                    "Actual Rows": 135086,
                                                    "Actual Loops": 1
                                                  }
                                                ]
                                              }
                                            ]
                                          }
                                        ]
                                      }
                                    ]
                                  }
                                ]
                              },
                              {
                                "Node Type": "Materialize",
                                "Parent Relationship": "Inner",
                                "Parallel Aware": false,
                                "Startup Cost": 0.0,
                                "Total Cost": 2961.57,
                                "Plan Rows": 4,
                                "Plan Width": 4,
                                "Actual Startup Time": 0.0,
                                "Actual Total Time": 0.0,
                                "Actual Rows": 3,
                                "Actual Loops": 453181,
                                "Plans": [
                                  {
                                    "Node Type": "Seq Scan",
                                    "Parent Relationship": "Outer",
                                    "Parallel Aware": false,
                                    "Relation Name": "keyword",
                                    "Alias": "k",
                                    "Startup Cost": 0.0,
                                    "Total Cost": 2961.55,
                                    "Plan Rows": 4,
                                    "Plan Width": 4,
                                    "Actual Startup Time": 1.25,
                                    "Actual Total Time": 26.062,
                                    "Actual Rows": 3,
                                    "Actual Loops": 1,
                                    "Filter": "(keyword = ANY ('{murder,murder-in-title,blood,violence}'::text[]))",
                                    "Rows Removed by Filter": 134167
                                  }
                                ]
                              }
                            ]
                          },
                          {
                            "Node Type": "Materialize",
                            "Parent Relationship": "Inner",
                            "Parallel Aware": false,
                            "Startup Cost": 396014.11,
                            "Total Cost": 396542.07,
                            "Plan Rows": 16245,
                            "Plan Width": 29,
                            "Actual Startup Time": 0.546,
                            "Actual Total Time": 1.457,
                            "Actual Rows": 26574,
                            "Actual Loops": 3832,
                            "Plans": [
                              {
                                "Node Type": "Merge Join",
                                "Parent Relationship": "Outer",
                                "Parallel Aware": false,
                                "Join Type": "Inner",
                                "Startup Cost": 396014.11,
                                "Total Cost": 396460.85,
                                "Plan Rows": 16245,
                                "Plan Width": 29,
                                "Actual Startup Time": 2093.23,
                                "Actual Total Time": 2099.802,
                                "Actual Rows": 26574,
                                "Actual Loops": 1,
                                "Inner Unique": false,
                                "Merge Cond": "(kt.id = t.kind_id)",
                                "Plans": [
                                  {
                                    "Node Type": "Sort",
                                    "Parent Relationship": "Outer",
                                    "Parallel Aware": false,
                                    "Startup Cost": 1.1,
                                    "Total Cost": 1.1,
                                    "Plan Rows": 2,
                                    "Plan Width": 4,
                                    "Actual Startup Time": 0.037,
                                    "Actual Total Time": 0.039,
                                    "Actual Rows": 2,
                                    "Actual Loops": 1,
                                    "Sort Key": [
                                      "kt.id"
                                    ],
                                    "Sort Method": "quicksort",
                                    "Sort Space Used": 25,
                                    "Sort Space Type": "Memory",
                                    "Plans": [
                                      {
                                        "Node Type": "Seq Scan",
                                        "Parent Relationship": "Outer",
                                        "Parallel Aware": false,
                                        "Relation Name": "kind_type",
                                        "Alias": "kt",
                                        "Startup Cost": 0.0,
                                        "Total Cost": 1.09,
                                        "Plan Rows": 2,
                                        "Plan Width": 4,
                                        "Actual Startup Time": 0.02,
                                        "Actual Total Time": 0.021,
                                        "Actual Rows": 2,
                                        "Actual Loops": 1,
                                        "Filter": "((kind)::text = ANY ('{movie,episode}'::text[]))",
                                        "Rows Removed by Filter": 5
                                      }
                                    ]
                                  },
                                  {
                                    "Node Type": "Sort",
                                    "Parent Relationship": "Inner",
                                    "Parallel Aware": false,
                                    "Startup Cost": 396013.01,
                                    "Total Cost": 396155.15,
                                    "Plan Rows": 56856,
                                    "Plan Width": 33,
                                    "Actual Startup Time": 2093.186,
                                    "Actual Total Time": 2095.623,
                                    "Actual Rows": 42757,
                                    "Actual Loops": 1,
                                    "Sort Key": [
                                      "t.kind_id"
                                    ],
                                    "Sort Method": "quicksort",
                                    "Sort Space Used": 5366,
                                    "Sort Space Type": "Memory",
                                    "Plans": [
                                      {
                                        "Node Type": "Gather Merge",
                                        "Parent Relationship": "Outer",
                                        "Parallel Aware": false,
                                        "Startup Cost": 379315.71,
                                        "Total Cost": 391522.8,
                                        "Plan Rows": 56856,
                                        "Plan Width": 33,
                                        "Actual Startup Time": 1786.969,
                                        "Actual Total Time": 2083.785,
                                        "Actual Rows": 42757,
                                        "Actual Loops": 1,
                                        "Workers Planned": 5,
                                        "Workers Launched": 5,
                                        "Plans": [
                                          {
                                            "Node Type": "Merge Join",
                                            "Parent Relationship": "Outer",
                                            "Parallel Aware": false,
                                            "Join Type": "Inner",
                                            "Startup Cost": 378315.63,
                                            "Total Cost": 383675.85,
                                            "Plan Rows": 11371,
                                            "Plan Width": 33,
                                            "Actual Startup Time": 1700.703,
                                            "Actual Total Time": 1969.877,
                                            "Actual Rows": 7126,
                                            "Actual Loops": 6,
                                            "Inner Unique": true,
                                            "Merge Cond": "(mi.movie_id = t.id)",
                                            "Plans": [
                                              {
                                                "Node Type": "Sort",
                                                "Parent Relationship": "Outer",
                                                "Parallel Aware": false,
                                                "Startup Cost": 208677.06,
                                                "Total Cost": 208747.37,
                                                "Plan Rows": 28127,
                                                "Plan Width": 8,
                                                "Actual Startup Time": 664.045,
                                                "Actual Total Time": 665.685,
                                                "Actual Rows": 22373,
                                                "Actual Loops": 6,
                                                "Sort Key": [
                                                  "mi.movie_id"
                                                ],
                                                "Sort Method": "quicksort",
                                                "Sort Space Used": 2251,
                                                "Sort Space Type": "Memory",
                                                "Workers": [
                                                  {
                                                    "Worker Number": 0,
                                                    "Sort Method": "quicksort",
                                                    "Sort Space Used": 1735,
                                                    "Sort Space Type": "Memory"
                                                  },
                                                  {
                                                    "Worker Number": 1,
                                                    "Sort Method": "quicksort",
                                                    "Sort Space Used": 1751,
                                                    "Sort Space Type": "Memory"
                                                  },
                                                  {
                                                    "Worker Number": 2,
                                                    "Sort Method": "quicksort",
                                                    "Sort Space Used": 1736,
                                                    "Sort Space Type": "Memory"
                                                  },
                                                  {
                                                    "Worker Number": 3,
                                                    "Sort Method": "quicksort",
                                                    "Sort Space Used": 1705,
                                                    "Sort Space Type": "Memory"
                                                  },
                                                  {
                                                    "Worker Number": 4,
                                                    "Sort Method": "quicksort",
                                                    "Sort Space Used": 1725,
                                                    "Sort Space Type": "Memory"
                                                  }
                                                ],
                                                "Plans": [
                                                  {
                                                    "Node Type": "Seq Scan",
                                                    "Parent Relationship": "Outer",
                                                    "Parallel Aware": true,
                                                    "Relation Name": "movie_info",
                                                    "Alias": "mi",
                                                    "Startup Cost": 0.0,
                                                    "Total Cost": 206598.52,
                                                    "Plan Rows": 28127,
                                                    "Plan Width": 8,
                                                    "Actual Startup Time": 0.351,
                                                    "Actual Total Time": 655.629,
                                                    "Actual Rows": 22373,
                                                    "Actual Loops": 6,
                                                    "Filter": "(info = ANY ('{Sweden,Germany,Swedish,German}'::text[]))",
                                                    "Rows Removed by Filter": 2450247
                                                  }
                                                ]
                                              },
                                              {
                                                "Node Type": "Sort",
                                                "Parent Relationship": "Inner",
                                                "Parallel Aware": false,
                                                "Startup Cost": 169638.44,
                                                "Total Cost": 172193.98,
                                                "Plan Rows": 1022218,
                                                "Plan Width": 25,
                                                "Actual Startup Time": 1036.231,
                                                "Actual Total Time": 1180.501,
                                                "Actual Rows": 1012567,
                                                "Actual Loops": 6,
                                                "Sort Key": [
                                                  "t.id"
                                                ],
                                                "Sort Method": "quicksort",
                                                "Sort Space Used": 101194,
                                                "Sort Space Type": "Memory",
                                                "Workers": [
                                                  {
                                                    "Worker Number": 0,
                                                    "Sort Method": "quicksort",
                                                    "Sort Space Used": 101194,
                                                    "Sort Space Type": "Memory"
                                                  },
                                                  {
                                                    "Worker Number": 1,
                                                    "Sort Method": "quicksort",
                                                    "Sort Space Used": 101194,
                                                    "Sort Space Type": "Memory"
                                                  },
                                                  {
                                                    "Worker Number": 2,
                                                    "Sort Method": "quicksort",
                                                    "Sort Space Used": 101194,
                                                    "Sort Space Type": "Memory"
                                                  },
                                                  {
                                                    "Worker Number": 3,
                                                    "Sort Method": "quicksort",
                                                    "Sort Space Used": 101194,
                                                    "Sort Space Type": "Memory"
                                                  },
                                                  {
                                                    "Worker Number": 4,
                                                    "Sort Method": "quicksort",
                                                    "Sort Space Used": 101194,
                                                    "Sort Space Type": "Memory"
                                                  }
                                                ],
                                                "Plans": [
                                                  {
                                                    "Node Type": "Seq Scan",
                                                    "Parent Relationship": "Outer",
                                                    "Parallel Aware": false,
                                                    "Relation Name": "title",
                                                    "Alias": "t",
                                                    "Startup Cost": 0.0,
                                                    "Total Cost": 67604.36,
                                                    "Plan Rows": 1022218,
                                                    "Plan Width": 25,
                                                    "Actual Startup Time": 0.051,
                                                    "Actual Total Time": 514.807,
                                                    "Actual Rows": 1012920,
                                                    "Actual Loops": 6,
                                                    "Filter": "(production_year > 2005)",
                                                    "Rows Removed by Filter": 1515392
                                                  }
                                                ]
                                              }
                                            ]
                                          }
                                        ]
                                      }
                                    ]
                                  }
                                ]
                              }
                            ]
                          }
                        ]
                      }
                    ]
                  }
                ]
              }
            ]
          },
          {
            "Node Type": "Sort",
            "Parent Relationship": "Inner",
            "Parallel Aware": false,
            "Startup Cost": 2.42,
            "Total Cost": 2.43,
            "Plan Rows": 1,
            "Plan Width": 4,
            "Actual Startup Time": 0.051,
            "Actual Total Time": 0.051,
            "Actual Rows": 1,
            "Actual Loops": 1,
            "Sort Key": [
              "it1.id"
            ],
            "Sort Method": "quicksort",
            "Sort Space Used": 25,
            "Sort Space Type": "Memory",
            "Plans": [
              {
                "Node Type": "Seq Scan",
                "Parent Relationship": "Outer",
                "Parallel Aware": false,
                "Relation Name": "info_type",
                "Alias": "it1",
                "Startup Cost": 0.0,
                "Total Cost": 2.41,
                "Plan Rows": 1,
                "Plan Width": 4,
                "Actual Startup Time": 0.035,
                "Actual Total Time": 0.04,
                "Actual Rows": 1,
                "Actual Loops": 1,
                "Filter": "((info)::text = 'countries'::text)",
                "Rows Removed by Filter": 112
              }
            ]
          }
        ]
      }
    ]
  },
  "Planning Time": 305.556,
  "Triggers": [],
  "Execution Time": 13200.07
}