{
    "Plan": {
        "Node Type": "Aggregate",
        "Strategy": "Plain",
        "Partial Mode": "Finalize",
        "Parallel Aware": false,
        "Startup Cost": 297553.57,
        "Total Cost": 297553.58,
        "Plan Rows": 1,
        "Plan Width": 8,
        "Actual Startup Time": 3245.429,
        "Actual Total Time": 3299.832,
        "Actual Rows": 1,
        "Actual Loops": 1,
        "Output": [
            "count(*)"
        ],
        "Plans": [
            {
                "Node Type": "Gather",
                "Parent Relationship": "Outer",
                "Parallel Aware": false,
                "Startup Cost": 297553.25,
                "Total Cost": 297553.56,
                "Plan Rows": 3,
                "Plan Width": 8,
                "Actual Startup Time": 3235.431,
                "Actual Total Time": 3299.822,
                "Actual Rows": 4,
                "Actual Loops": 1,
                "Output": [
                    "(PARTIAL count(*))"
                ],
                "Workers Planned": 3,
                "Workers Launched": 3,
                "Single Copy": false,
                "Plans": [
                    {
                        "Node Type": "Aggregate",
                        "Strategy": "Plain",
                        "Partial Mode": "Partial",
                        "Parent Relationship": "Outer",
                        "Parallel Aware": false,
                        "Startup Cost": 296553.25,
                        "Total Cost": 296553.26,
                        "Plan Rows": 1,
                        "Plan Width": 8,
                        "Actual Startup Time": 3226.406,
                        "Actual Total Time": 3226.771,
                        "Actual Rows": 1,
                        "Actual Loops": 4,
                        "Output": [
                            "PARTIAL count(*)"
                        ],
                        "Workers": [
                            {
                                "Worker Number": 0,
                                "Actual Startup Time": 3222.604,
                                "Actual Total Time": 3222.611,
                                "Actual Rows": 1,
                                "Actual Loops": 1
                            },
                            {
                                "Worker Number": 1,
                                "Actual Startup Time": 3224.819,
                                "Actual Total Time": 3224.824,
                                "Actual Rows": 1,
                                "Actual Loops": 1
                            },
                            {
                                "Worker Number": 2,
                                "Actual Startup Time": 3223.639,
                                "Actual Total Time": 3223.644,
                                "Actual Rows": 1,
                                "Actual Loops": 1
                            }
                        ],
                        "Plans": [
                            {
                                "Node Type": "Hash Join",
                                "Parent Relationship": "Outer",
                                "Parallel Aware": true,
                                "Join Type": "Inner",
                                "Startup Cost": 249003.27,
                                "Total Cost": 295975.42,
                                "Plan Rows": 231133,
                                "Plan Width": 0,
                                "Actual Startup Time": 1059.424,
                                "Actual Total Time": 2501.919,
                                "Actual Rows": 14762514,
                                "Actual Loops": 4,
                                "Inner Unique": false,
                                "Hash Cond": "(mk.movie_id = t.id)",
                                "Workers": [
                                    {
                                        "Worker Number": 0,
                                        "Actual Startup Time": 1056.231,
                                        "Actual Total Time": 2493.963,
                                        "Actual Rows": 12010536,
                                        "Actual Loops": 1
                                    },
                                    {
                                        "Worker Number": 1,
                                        "Actual Startup Time": 1056.222,
                                        "Actual Total Time": 2510.578,
                                        "Actual Rows": 18866210,
                                        "Actual Loops": 1
                                    },
                                    {
                                        "Worker Number": 2,
                                        "Actual Startup Time": 1057.246,
                                        "Actual Total Time": 2497.705,
                                        "Actual Rows": 14352899,
                                        "Actual Loops": 1
                                    }
                                ],
                                "Plans": [
                                    {
                                        "Node Type": "Seq Scan",
                                        "Parent Relationship": "Outer",
                                        "Parallel Aware": true,
                                        "Relation Name": "movie_keyword",
                                        "Schema": "public",
                                        "Alias": "mk",
                                        "Startup Cost": 0.0,
                                        "Total Cost": 42695.65,
                                        "Plan Rows": 1017125,
                                        "Plan Width": 4,
                                        "Actual Startup Time": 0.122,
                                        "Actual Total Time": 150.05,
                                        "Actual Rows": 788893,
                                        "Actual Loops": 4,
                                        "Output": [
                                            "mk.id",
                                            "mk.movie_id",
                                            "mk.keyword_id"
                                        ],
                                        "Filter": "(mk.keyword_id > 1799)",
                                        "Rows Removed by Filter": 342090,
                                        "Workers": [
                                            {
                                                "Worker Number": 0,
                                                "Actual Startup Time": 0.129,
                                                "Actual Total Time": 150.709,
                                                "Actual Rows": 621491,
                                                "Actual Loops": 1
                                            },
                                            {
                                                "Worker Number": 1,
                                                "Actual Startup Time": 0.063,
                                                "Actual Total Time": 167.347,
                                                "Actual Rows": 1032670,
                                                "Actual Loops": 1
                                            },
                                            {
                                                "Worker Number": 2,
                                                "Actual Startup Time": 0.148,
                                                "Actual Total Time": 153.748,
                                                "Actual Rows": 733054,
                                                "Actual Loops": 1
                                            }
                                        ]
                                    },
                                    {
                                        "Node Type": "Hash",
                                        "Parent Relationship": "Inner",
                                        "Parallel Aware": true,
                                        "Startup Cost": 247566.92,
                                        "Total Cost": 247566.92,
                                        "Plan Rows": 114908,
                                        "Plan Width": 8,
                                        "Actual Startup Time": 1004.806,
                                        "Actual Total Time": 1005.169,
                                        "Actual Rows": 385364,
                                        "Actual Loops": 4,
                                        "Output": [
                                            "t.id",
                                            "mi.movie_id"
                                        ],
                                        "Hash Buckets": 2097152,
                                        "Original Hash Buckets": 1048576,
                                        "Hash Batches": 1,
                                        "Original Hash Batches": 1,
                                        "Peak Memory Usage": 84960,
                                        "Workers": [
                                            {
                                                "Worker Number": 0,
                                                "Actual Startup Time": 1006.051,
                                                "Actual Total Time": 1006.055,
                                                "Actual Rows": 336258,
                                                "Actual Loops": 1
                                            },
                                            {
                                                "Worker Number": 1,
                                                "Actual Startup Time": 1005.936,
                                                "Actual Total Time": 1005.939,
                                                "Actual Rows": 476861,
                                                "Actual Loops": 1
                                            },
                                            {
                                                "Worker Number": 2,
                                                "Actual Startup Time": 1007.041,
                                                "Actual Total Time": 1007.044,
                                                "Actual Rows": 347856,
                                                "Actual Loops": 1
                                            }
                                        ],
                                        "Plans": [
                                            {
                                                "Node Type": "Hash Join",
                                                "Parent Relationship": "Outer",
                                                "Parallel Aware": true,
                                                "Join Type": "Inner",
                                                "Startup Cost": 47516.26,
                                                "Total Cost": 247566.92,
                                                "Plan Rows": 114908,
                                                "Plan Width": 8,
                                                "Actual Startup Time": 249.967,
                                                "Actual Total Time": 853.658,
                                                "Actual Rows": 385364,
                                                "Actual Loops": 4,
                                                "Output": [
                                                    "t.id",
                                                    "mi.movie_id"
                                                ],
                                                "Inner Unique": true,
                                                "Hash Cond": "(mi.movie_id = t.id)",
                                                "Workers": [
                                                    {
                                                        "Worker Number": 0,
                                                        "Actual Startup Time": 249.961,
                                                        "Actual Total Time": 856.421,
                                                        "Actual Rows": 336258,
                                                        "Actual Loops": 1
                                                    },
                                                    {
                                                        "Worker Number": 1,
                                                        "Actual Startup Time": 249.945,
                                                        "Actual Total Time": 856.553,
                                                        "Actual Rows": 476861,
                                                        "Actual Loops": 1
                                                    },
                                                    {
                                                        "Worker Number": 2,
                                                        "Actual Startup Time": 249.896,
                                                        "Actual Total Time": 853.993,
                                                        "Actual Rows": 347856,
                                                        "Actual Loops": 1
                                                    }
                                                ],
                                                "Plans": [
                                                    {
                                                        "Node Type": "Seq Scan",
                                                        "Parent Relationship": "Outer",
                                                        "Parallel Aware": true,
                                                        "Relation Name": "movie_info",
                                                        "Schema": "public",
                                                        "Alias": "mi",
                                                        "Startup Cost": 0.0,
                                                        "Total Cost": 198880.74,
                                                        "Plan Rows": 445687,
                                                        "Plan Width": 4,
                                                        "Actual Startup Time": 26.385,
                                                        "Actual Total Time": 482.601,
                                                        "Actual Rows": 558462,
                                                        "Actual Loops": 4,
                                                        "Output": [
                                                            "mi.id",
                                                            "mi.movie_id",
                                                            "mi.info_type_id",
                                                            "mi.info",
                                                            "mi.note"
                                                        ],
                                                        "Filter": "(mi.info_type_id > 16)",
                                                        "Rows Removed by Filter": 3150468,
                                                        "Workers": [
                                                            {
                                                                "Worker Number": 0,
                                                                "Actual Startup Time": 26.39,
                                                                "Actual Total Time": 491.586,
                                                                "Actual Rows": 480360,
                                                                "Actual Loops": 1
                                                            },
                                                            {
                                                                "Worker Number": 1,
                                                                "Actual Startup Time": 26.386,
                                                                "Actual Total Time": 482.748,
                                                                "Actual Rows": 679001,
                                                                "Actual Loops": 1
                                                            },
                                                            {
                                                                "Worker Number": 2,
                                                                "Actual Startup Time": 26.388,
                                                                "Actual Total Time": 491.439,
                                                                "Actual Rows": 499680,
                                                                "Actual Loops": 1
                                                            }
                                                        ]
                                                    },
                                                    {
                                                        "Node Type": "Hash",
                                                        "Parent Relationship": "Inner",
                                                        "Parallel Aware": true,
                                                        "Startup Cost": 45479.21,
                                                        "Total Cost": 45479.21,
                                                        "Plan Rows": 162964,
                                                        "Plan Width": 4,
                                                        "Actual Startup Time": 196.849,
                                                        "Actual Total Time": 196.85,
                                                        "Actual Rows": 164078,
                                                        "Actual Loops": 4,
                                                        "Output": [
                                                            "t.id"
                                                        ],
                                                        "Hash Buckets": 1048576,
                                                        "Original Hash Buckets": 1048576,
                                                        "Hash Batches": 1,
                                                        "Original Hash Batches": 1,
                                                        "Peak Memory Usage": 33920,
                                                        "Workers": [
                                                            {
                                                                "Worker Number": 0,
                                                                "Actual Startup Time": 199.31,
                                                                "Actual Total Time": 199.311,
                                                                "Actual Rows": 143014,
                                                                "Actual Loops": 1
                                                            },
                                                            {
                                                                "Worker Number": 1,
                                                                "Actual Startup Time": 199.346,
                                                                "Actual Total Time": 199.348,
                                                                "Actual Rows": 199277,
                                                                "Actual Loops": 1
                                                            },
                                                            {
                                                                "Worker Number": 2,
                                                                "Actual Startup Time": 199.348,
                                                                "Actual Total Time": 199.349,
                                                                "Actual Rows": 148194,
                                                                "Actual Loops": 1
                                                            }
                                                        ],
                                                        "Plans": [
                                                            {
                                                                "Node Type": "Seq Scan",
                                                                "Parent Relationship": "Outer",
                                                                "Parallel Aware": true,
                                                                "Relation Name": "title",
                                                                "Schema": "public",
                                                                "Alias": "t",
                                                                "Startup Cost": 0.0,
                                                                "Total Cost": 45479.21,
                                                                "Plan Rows": 162964,
                                                                "Plan Width": 4,
                                                                "Actual Startup Time": 55.086,
                                                                "Actual Total Time": 126.97,
                                                                "Actual Rows": 164078,
                                                                "Actual Loops": 4,
                                                                "Output": [
                                                                    "t.id"
                                                                ],
                                                                "Filter": "((t.production_year > 0) AND (t.kind_id = 1))",
                                                                "Rows Removed by Filter": 468000,
                                                                "Workers": [
                                                                    {
                                                                        "Worker Number": 0,
                                                                        "Actual Startup Time": 70.818,
                                                                        "Actual Total Time": 128.852,
                                                                        "Actual Rows": 143014,
                                                                        "Actual Loops": 1
                                                                    },
                                                                    {
                                                                        "Worker Number": 1,
                                                                        "Actual Startup Time": 70.884,
                                                                        "Actual Total Time": 126.434,
                                                                        "Actual Rows": 199277,
                                                                        "Actual Loops": 1
                                                                    },
                                                                    {
                                                                        "Worker Number": 2,
                                                                        "Actual Startup Time": 70.851,
                                                                        "Actual Total Time": 128.392,
                                                                        "Actual Rows": 148194,
                                                                        "Actual Loops": 1
                                                                    }
                                                                ]
                                                            }
                                                        ]
                                                    }
                                                ]
                                            }
                                        ]
                                    }
                                ]
                            }
                        ]
                    }
                ]
            }
        ]
    },
    "Planning Time": 1.564,
    "Triggers": [],
    "Execution Time": 3299.929
}