{
  "Plan": {
    "Node Type": "Aggregate",
    "Strategy": "Plain",
    "Partial Mode": "Finalize",
    "Parallel Aware": false,
    "Startup Cost": 176184.66,
    "Total Cost": 176184.67,
    "Plan Rows": 1,
    "Plan Width": 8,
    "Actual Startup Time": 208.839,
    "Actual Total Time": 218.728,
    "Actual Rows": 1,
    "Actual Loops": 1,
    "Plans": [
      {
        "Node Type": "Gather",
        "Parent Relationship": "Outer",
        "Parallel Aware": false,
        "Startup Cost": 176184.55,
        "Total Cost": 176184.66,
        "Plan Rows": 1,
        "Plan Width": 8,
        "Actual Startup Time": 208.461,
        "Actual Total Time": 218.72,
        "Actual Rows": 2,
        "Actual Loops": 1,
        "Workers Planned": 1,
        "Workers Launched": 1,
        "Single Copy": false,
        "Plans": [
          {
            "Node Type": "Aggregate",
            "Strategy": "Plain",
            "Partial Mode": "Partial",
            "Parent Relationship": "Outer",
            "Parallel Aware": false,
            "Startup Cost": 175184.55,
            "Total Cost": 175184.56,
            "Plan Rows": 1,
            "Plan Width": 8,
            "Actual Startup Time": 202.357,
            "Actual Total Time": 202.361,
            "Actual Rows": 1,
            "Actual Loops": 2,
            "Plans": [
              {
                "Node Type": "Hash Join",
                "Parent Relationship": "Outer",
                "Parallel Aware": true,
                "Join Type": "Inner",
                "Startup Cost": 156006.61,
                "Total Cost": 175160.42,
                "Plan Rows": 9652,
                "Plan Width": 0,
                "Actual Startup Time": 81.245,
                "Actual Total Time": 200.095,
                "Actual Rows": 44256,
                "Actual Loops": 2,
                "Inner Unique": false,
                "Hash Cond": "(mi_idx.movie_id = t.id)",
                "Plans": [
                  {
                    "Node Type": "Seq Scan",
                    "Parent Relationship": "Outer",
                    "Parallel Aware": true,
                    "Relation Name": "movie_info_idx",
                    "Alias": "mi_idx",
                    "Startup Cost": 0.0,
                    "Total Cost": 16052.85,
                    "Plan Rows": 811785,
                    "Plan Width": 4,
                    "Actual Startup Time": 0.015,
                    "Actual Total Time": 55.589,
                    "Actual Rows": 690018,
                    "Actual Loops": 2
                  },
                  {
                    "Node Type": "Hash",
                    "Parent Relationship": "Inner",
                    "Parallel Aware": true,
                    "Startup Cost": 155785.58,
                    "Total Cost": 155785.58,
                    "Plan Rows": 17682,
                    "Plan Width": 8,
                    "Actual Startup Time": 76.787,
                    "Actual Total Time": 76.789,
                    "Actual Rows": 15090,
                    "Actual Loops": 2,
                    "Hash Buckets": 32768,
                    "Original Hash Buckets": 32768,
                    "Hash Batches": 1,
                    "Original Hash Batches": 1,
                    "Peak Memory Usage": 1472,
                    "Plans": [
                      {
                        "Node Type": "Nested Loop",
                        "Parent Relationship": "Outer",
                        "Parallel Aware": false,
                        "Join Type": "Inner",
                        "Startup Cost": 545.83,
                        "Total Cost": 155785.58,
                        "Plan Rows": 17682,
                        "Plan Width": 8,
                        "Actual Startup Time": 4.244,
                        "Actual Total Time": 72.275,
                        "Actual Rows": 15090,
                        "Actual Loops": 2,
                        "Inner Unique": true,
                        "Plans": [
                          {
                            "Node Type": "Bitmap Heap Scan",
                            "Parent Relationship": "Outer",
                            "Parallel Aware": true,
                            "Relation Name": "movie_info",
                            "Alias": "mi",
                            "Startup Cost": 545.4,
                            "Total Cost": 76791.95,
                            "Plan Rows": 17682,
                            "Plan Width": 4,
                            "Actual Startup Time": 4.074,
                            "Actual Total Time": 12.94,
                            "Actual Rows": 15090,
                            "Actual Loops": 2,
                            "Recheck Cond": "(info_type_id = 110)",
                            "Rows Removed by Index Recheck": 0,
                            "Exact Heap Blocks": 2562,
                            "Lossy Heap Blocks": 0,
                            "Plans": [
                              {
                                "Node Type": "Bitmap Index Scan",
                                "Parent Relationship": "Outer",
                                "Parallel Aware": false,
                                "Index Name": "info_type_id_movie_info",
                                "Startup Cost": 0.0,
                                "Total Cost": 537.88,
                                "Plan Rows": 30060,
                                "Plan Width": 0,
                                "Actual Startup Time": 6.05,
                                "Actual Total Time": 6.05,
                                "Actual Rows": 30180,
                                "Actual Loops": 1,
                                "Index Cond": "(info_type_id = 110)"
                              }
                            ]
                          },
                          {
                            "Node Type": "Index Only Scan",
                            "Parent Relationship": "Inner",
                            "Parallel Aware": false,
                            "Scan Direction": "Forward",
                            "Index Name": "title_pkey",
                            "Relation Name": "title",
                            "Alias": "t",
                            "Startup Cost": 0.43,
                            "Total Cost": 4.47,
                            "Plan Rows": 1,
                            "Plan Width": 4,
                            "Actual Startup Time": 0.004,
                            "Actual Total Time": 0.004,
                            "Actual Rows": 1,
                            "Actual Loops": 30180,
                            "Index Cond": "(id = mi.movie_id)",
                            "Rows Removed by Index Recheck": 0,
                            "Heap Fetches": 30180
                          }
                        ]
                      }
                    ]
                  }
                ]
              }
            ]
          }
        ]
      }
    ]
  },
  "Planning Time": 1.079,
  "Triggers": [],
  "Execution Time": 218.832
}