{
  "Plan": {
    "Node Type": "Aggregate",
    "Strategy": "Plain",
    "Partial Mode": "Simple",
    "Parallel Aware": false,
    "Startup Cost": 1148388.09,
    "Total Cost": 1148388.1,
    "Plan Rows": 1,
    "Plan Width": 64,
    "Actual Startup Time": 7814.989,
    "Actual Total Time": 7815.106,
    "Actual Rows": 1,
    "Actual Loops": 1,
    "Plans": [
      {
        "Node Type": "Gather",
        "Parent Relationship": "Outer",
        "Parallel Aware": false,
        "Startup Cost": 1114620.73,
        "Total Cost": 1148388.08,
        "Plan Rows": 1,
        "Plan Width": 32,
        "Actual Startup Time": 7814.877,
        "Actual Total Time": 7815.043,
        "Actual Rows": 553,
        "Actual Loops": 1,
        "Workers Planned": 1,
        "Workers Launched": 1,
        "Single Copy": false,
        "Plans": [
          {
            "Node Type": "Nested Loop",
            "Parent Relationship": "Outer",
            "Parallel Aware": false,
            "Join Type": "Inner",
            "Startup Cost": 1113620.73,
            "Total Cost": 1147387.98,
            "Plan Rows": 1,
            "Plan Width": 32,
            "Actual Startup Time": 6704.085,
            "Actual Total Time": 7336.988,
            "Actual Rows": 276,
            "Actual Loops": 2,
            "Inner Unique": true,
            "Plans": [
              {
                "Node Type": "Nested Loop",
                "Parent Relationship": "Outer",
                "Parallel Aware": false,
                "Join Type": "Inner",
                "Startup Cost": 1113620.59,
                "Total Cost": 1147387.64,
                "Plan Rows": 2,
                "Plan Width": 36,
                "Actual Startup Time": 6704.079,
                "Actual Total Time": 7336.653,
                "Actual Rows": 276,
                "Actual Loops": 2,
                "Inner Unique": true,
                "Plans": [
                  {
                    "Node Type": "Nested Loop",
                    "Parent Relationship": "Outer",
                    "Parallel Aware": false,
                    "Join Type": "Inner",
                    "Startup Cost": 1113620.16,
                    "Total Cost": 1147386.6,
                    "Plan Rows": 2,
                    "Plan Width": 40,
                    "Actual Startup Time": 6704.054,
                    "Actual Total Time": 7335.862,
                    "Actual Rows": 276,
                    "Actual Loops": 2,
                    "Inner Unique": false,
                    "Join Filter": "(n.id = an.person_id)",
                    "Rows Removed by Join Filter": 0,
                    "Plans": [
                      {
                        "Node Type": "Nested Loop",
                        "Parent Relationship": "Outer",
                        "Parallel Aware": false,
                        "Join Type": "Inner",
                        "Startup Cost": 1113619.73,
                        "Total Cost": 1147380.53,
                        "Plan Rows": 12,
                        "Plan Width": 48,
                        "Actual Startup Time": 5631.168,
                        "Actual Total Time": 7335.117,
                        "Actual Rows": 289,
                        "Actual Loops": 2,
                        "Inner Unique": true,
                        "Plans": [
                          {
                            "Node Type": "Nested Loop",
                            "Parent Relationship": "Outer",
                            "Parallel Aware": false,
                            "Join Type": "Inner",
                            "Startup Cost": 1113619.3,
                            "Total Cost": 1144585.01,
                            "Plan Rows": 5045,
                            "Plan Width": 29,
                            "Actual Startup Time": 5598.131,
                            "Actual Total Time": 7177.338,
                            "Actual Rows": 65609,
                            "Actual Loops": 2,
                            "Inner Unique": false,
                            "Join Filter": "(t.id = mi.movie_id)",
                            "Rows Removed by Join Filter": 0,
                            "Plans": [
                              {
                                "Node Type": "Merge Join",
                                "Parent Relationship": "Outer",
                                "Parallel Aware": false,
                                "Join Type": "Inner",
                                "Startup Cost": 1113618.87,
                                "Total Cost": 1114478.96,
                                "Plan Rows": 18262,
                                "Plan Width": 37,
                                "Actual Startup Time": 5598.036,
                                "Actual Total Time": 5675.145,
                                "Actual Rows": 55323,
                                "Actual Loops": 2,
                                "Inner Unique": true,
                                "Merge Cond": "(mc.company_id = cn.id)",
                                "Plans": [
                                  {
                                    "Node Type": "Sort",
                                    "Parent Relationship": "Outer",
                                    "Parallel Aware": false,
                                    "Startup Cost": 1100706.2,
                                    "Total Cost": 1100832.07,
                                    "Plan Rows": 50350,
                                    "Plan Width": 41,
                                    "Actual Startup Time": 5555.272,
                                    "Actual Total Time": 5586.825,
                                    "Actual Rows": 167858,
                                    "Actual Loops": 2,
                                    "Sort Key": [
                                      "mc.company_id"
                                    ],
                                    "Sort Method": "quicksort",
                                    "Sort Space Used": 25516,
                                    "Sort Space Type": "Memory",
                                    "Workers": [
                                      {
                                        "Worker Number": 0,
                                        "Sort Method": "quicksort",
                                        "Sort Space Used": 13165,
                                        "Sort Space Type": "Memory"
                                      }
                                    ],
                                    "Plans": [
                                      {
                                        "Node Type": "Merge Join",
                                        "Parent Relationship": "Outer",
                                        "Parallel Aware": false,
                                        "Join Type": "Inner",
                                        "Startup Cost": 1093249.43,
                                        "Total Cost": 1096773.94,
                                        "Plan Rows": 50350,
                                        "Plan Width": 41,
                                        "Actual Startup Time": 5482.455,
                                        "Actual Total Time": 5513.71,
                                        "Actual Rows": 167858,
                                        "Actual Loops": 2,
                                        "Inner Unique": true,
                                        "Merge Cond": "(ci.role_id = rt.id)",
                                        "Plans": [
                                          {
                                            "Node Type": "Sort",
                                            "Parent Relationship": "Outer",
                                            "Parallel Aware": false,
                                            "Startup Cost": 1093248.27,
                                            "Total Cost": 1094758.77,
                                            "Plan Rows": 604199,
                                            "Plan Width": 45,
                                            "Actual Startup Time": 5443.978,
                                            "Actual Total Time": 5468.992,
                                            "Actual Rows": 502534,
                                            "Actual Loops": 2,
                                            "Sort Key": [
                                              "ci.role_id"
                                            ],
                                            "Sort Method": "quicksort",
                                            "Sort Space Used": 173109,
                                            "Sort Space Type": "Memory",
                                            "Workers": [
                                              {
                                                "Worker Number": 0,
                                                "Sort Method": "quicksort",
                                                "Sort Space Used": 90999,
                                                "Sort Space Type": "Memory"
                                              }
                                            ],
                                            "Plans": [
                                              {
                                                "Node Type": "Merge Join",
                                                "Parent Relationship": "Outer",
                                                "Parallel Aware": false,
                                                "Join Type": "Inner",
                                                "Startup Cost": 741131.33,
                                                "Total Cost": 1035231.08,
                                                "Plan Rows": 604199,
                                                "Plan Width": 45,
                                                "Actual Startup Time": 2439.347,
                                                "Actual Total Time": 5208.857,
                                                "Actual Rows": 1037686,
                                                "Actual Loops": 2,
                                                "Inner Unique": false,
                                                "Merge Cond": "(ci.movie_id = t.id)",
                                                "Plans": [
                                                  {
                                                    "Node Type": "Sort",
                                                    "Parent Relationship": "Outer",
                                                    "Parallel Aware": false,
                                                    "Startup Cost": 741126.78,
                                                    "Total Cost": 745215.04,
                                                    "Plan Rows": 1635304,
                                                    "Plan Width": 16,
                                                    "Actual Startup Time": 2438.948,
                                                    "Actual Total Time": 2659.636,
                                                    "Actual Rows": 1380241,
                                                    "Actual Loops": 2,
                                                    "Sort Key": [
                                                      "ci.movie_id"
                                                    ],
                                                    "Sort Method": "quicksort",
                                                    "Sort Space Used": 132445,
                                                    "Sort Space Type": "Memory",
                                                    "Workers": [
                                                      {
                                                        "Worker Number": 0,
                                                        "Sort Method": "quicksort",
                                                        "Sort Space Used": 70690,
                                                        "Sort Space Type": "Memory"
                                                      }
                                                    ],
                                                    "Plans": [
                                                      {
                                                        "Node Type": "Seq Scan",
                                                        "Parent Relationship": "Outer",
                                                        "Parallel Aware": true,
                                                        "Relation Name": "cast_info",
                                                        "Alias": "ci",
                                                        "Startup Cost": 0.0,
                                                        "Total Cost": 572354.19,
                                                        "Plan Rows": 1635304,
                                                        "Plan Width": 16,
                                                        "Actual Startup Time": 0.081,
                                                        "Actual Total Time": 2016.016,
                                                        "Actual Rows": 1380336,
                                                        "Actual Loops": 2,
                                                        "Filter": "(note = ANY ('{(uncredited),(writer),(producer),\"(as Whitney)\"}'::text[]))",
                                                        "Rows Removed by Filter": 16741836
                                                      }
                                                    ]
                                                  },
                                                  {
                                                    "Node Type": "Materialize",
                                                    "Parent Relationship": "Inner",
                                                    "Parallel Aware": false,
                                                    "Startup Cost": 4.15,
                                                    "Total Cost": 277794.05,
                                                    "Plan Rows": 934098,
                                                    "Plan Width": 29,
                                                    "Actual Startup Time": 0.18,
                                                    "Actual Total Time": 2264.701,
                                                    "Actual Rows": 1389455,
                                                    "Actual Loops": 2,
                                                    "Plans": [
                                                      {
                                                        "Node Type": "Merge Join",
                                                        "Parent Relationship": "Outer",
                                                        "Parallel Aware": false,
                                                        "Join Type": "Inner",
                                                        "Startup Cost": 4.15,
                                                        "Total Cost": 275458.81,
                                                        "Plan Rows": 934098,
                                                        "Plan Width": 29,
                                                        "Actual Startup Time": 0.172,
                                                        "Actual Total Time": 2049.91,
                                                        "Actual Rows": 730845,
                                                        "Actual Loops": 2,
                                                        "Inner Unique": false,
                                                        "Merge Cond": "(t.id = mc.movie_id)",
                                                        "Plans": [
                                                          {
                                                            "Node Type": "Index Scan",
                                                            "Parent Relationship": "Outer",
                                                            "Parallel Aware": false,
                                                            "Scan Direction": "Forward",
                                                            "Index Name": "title_pkey",
                                                            "Relation Name": "title",
                                                            "Alias": "t",
                                                            "Startup Cost": 0.43,
                                                            "Total Cost": 116676.24,
                                                            "Plan Rows": 905123,
                                                            "Plan Width": 21,
                                                            "Actual Startup Time": 0.123,
                                                            "Actual Total Time": 1196.566,
                                                            "Actual Rows": 904234,
                                                            "Actual Loops": 2,
                                                            "Filter": "(production_year > 2006)",
                                                            "Rows Removed by Filter": 1621512
                                                          },
                                                          {
                                                            "Node Type": "Index Scan",
                                                            "Parent Relationship": "Inner",
                                                            "Parallel Aware": false,
                                                            "Scan Direction": "Forward",
                                                            "Index Name": "movie_id_movie_companies",
                                                            "Relation Name": "movie_companies",
                                                            "Alias": "mc",
                                                            "Startup Cost": 0.43,
                                                            "Total Cost": 140765.55,
                                                            "Plan Rows": 2609129,
                                                            "Plan Width": 8,
                                                            "Actual Startup Time": 0.031,
                                                            "Actual Total Time": 573.573,
                                                            "Actual Rows": 2609129,
                                                            "Actual Loops": 2
                                                          }
                                                        ]
                                                      }
                                                    ]
                                                  }
                                                ]
                                              }
                                            ]
                                          },
                                          {
                                            "Node Type": "Sort",
                                            "Parent Relationship": "Inner",
                                            "Parallel Aware": false,
                                            "Startup Cost": 1.16,
                                            "Total Cost": 1.16,
                                            "Plan Rows": 1,
                                            "Plan Width": 4,
                                            "Actual Startup Time": 0.045,
                                            "Actual Total Time": 0.047,
                                            "Actual Rows": 1,
                                            "Actual Loops": 2,
                                            "Sort Key": [
                                              "rt.id"
                                            ],
                                            "Sort Method": "quicksort",
                                            "Sort Space Used": 25,
                                            "Sort Space Type": "Memory",
                                            "Workers": [
                                              {
                                                "Worker Number": 0,
                                                "Sort Method": "quicksort",
                                                "Sort Space Used": 25,
                                                "Sort Space Type": "Memory"
                                              }
                                            ],
                                            "Plans": [
                                              {
                                                "Node Type": "Seq Scan",
                                                "Parent Relationship": "Outer",
                                                "Parallel Aware": false,
                                                "Relation Name": "role_type",
                                                "Alias": "rt",
                                                "Startup Cost": 0.0,
                                                "Total Cost": 1.15,
                                                "Plan Rows": 1,
                                                "Plan Width": 4,
                                                "Actual Startup Time": 0.033,
                                                "Actual Total Time": 0.035,
                                                "Actual Rows": 1,
                                                "Actual Loops": 2,
                                                "Filter": "((role)::text = 'actress'::text)",
                                                "Rows Removed by Filter": 11
                                              }
                                            ]
                                          }
                                        ]
                                      }
                                    ]
                                  },
                                  {
                                    "Node Type": "Sort",
                                    "Parent Relationship": "Inner",
                                    "Parallel Aware": false,
                                    "Startup Cost": 12912.67,
                                    "Total Cost": 13125.75,
                                    "Plan Rows": 85233,
                                    "Plan Width": 4,
                                    "Actual Startup Time": 42.757,
                                    "Actual Total Time": 56.71,
                                    "Actual Rows": 84835,
                                    "Actual Loops": 2,
                                    "Sort Key": [
                                      "cn.id"
                                    ],
                                    "Sort Method": "quicksort",
                                    "Sort Space Used": 7050,
                                    "Sort Space Type": "Memory",
                                    "Workers": [
                                      {
                                        "Worker Number": 0,
                                        "Sort Method": "quicksort",
                                        "Sort Space Used": 7050,
                                        "Sort Space Type": "Memory"
                                      }
                                    ],
                                    "Plans": [
                                      {
                                        "Node Type": "Seq Scan",
                                        "Parent Relationship": "Outer",
                                        "Parallel Aware": false,
                                        "Relation Name": "company_name",
                                        "Alias": "cn",
                                        "Startup Cost": 0.0,
                                        "Total Cost": 5932.46,
                                        "Plan Rows": 85233,
                                        "Plan Width": 4,
                                        "Actual Startup Time": 0.028,
                                        "Actual Total Time": 24.788,
                                        "Actual Rows": 84843,
                                        "Actual Loops": 2,
                                        "Filter": "((country_code)::text = '[us]'::text)",
                                        "Rows Removed by Filter": 150154
                                      }
                                    ]
                                  }
                                ]
                              },
                              {
                                "Node Type": "Index Scan",
                                "Parent Relationship": "Inner",
                                "Parallel Aware": false,
                                "Scan Direction": "Forward",
                                "Index Name": "movie_id_movie_info",
                                "Relation Name": "movie_info",
                                "Alias": "mi",
                                "Startup Cost": 0.43,
                                "Total Cost": 1.62,
                                "Plan Rows": 2,
                                "Plan Width": 8,
                                "Actual Startup Time": 0.016,
                                "Actual Total Time": 0.027,
                                "Actual Rows": 1,
                                "Actual Loops": 110646,
                                "Index Cond": "(movie_id = ci.movie_id)",
                                "Rows Removed by Index Recheck": 0,
                                "Filter": "((info IS NOT NULL) AND ((info ~~ 'Japan:%200%'::text) OR (info ~~ 'USA:%200%'::text)))",
                                "Rows Removed by Filter": 112
                              }
                            ]
                          },
                          {
                            "Node Type": "Index Scan",
                            "Parent Relationship": "Inner",
                            "Parallel Aware": false,
                            "Scan Direction": "Forward",
                            "Index Name": "name_pkey",
                            "Relation Name": "name",
                            "Alias": "n",
                            "Startup Cost": 0.43,
                            "Total Cost": 0.55,
                            "Plan Rows": 1,
                            "Plan Width": 19,
                            "Actual Startup Time": 0.002,
                            "Actual Total Time": 0.002,
                            "Actual Rows": 0,
                            "Actual Loops": 131218,
                            "Index Cond": "(id = ci.person_id)",
                            "Rows Removed by Index Recheck": 0,
                            "Filter": "((name ~~ '%Thompson,%'::text) AND ((gender)::text = 'f'::text))",
                            "Rows Removed by Filter": 1
                          }
                        ]
                      },
                      {
                        "Node Type": "Index Only Scan",
                        "Parent Relationship": "Inner",
                        "Parallel Aware": false,
                        "Scan Direction": "Forward",
                        "Index Name": "person_id_aka_name",
                        "Relation Name": "aka_name",
                        "Alias": "an",
                        "Startup Cost": 0.42,
                        "Total Cost": 0.48,
                        "Plan Rows": 2,
                        "Plan Width": 4,
                        "Actual Startup Time": 0.002,
                        "Actual Total Time": 0.002,
                        "Actual Rows": 1,
                        "Actual Loops": 578,
                        "Index Cond": "(person_id = ci.person_id)",
                        "Rows Removed by Index Recheck": 0,
                        "Heap Fetches": 553
                      }
                    ]
                  },
                  {
                    "Node Type": "Index Only Scan",
                    "Parent Relationship": "Inner",
                    "Parallel Aware": false,
                    "Scan Direction": "Forward",
                    "Index Name": "char_name_pkey",
                    "Relation Name": "char_name",
                    "Alias": "chn",
                    "Startup Cost": 0.43,
                    "Total Cost": 0.52,
                    "Plan Rows": 1,
                    "Plan Width": 4,
                    "Actual Startup Time": 0.002,
                    "Actual Total Time": 0.002,
                    "Actual Rows": 1,
                    "Actual Loops": 553,
                    "Index Cond": "(id = ci.person_role_id)",
                    "Rows Removed by Index Recheck": 0,
                    "Heap Fetches": 553
                  }
                ]
              },
              {
                "Node Type": "Index Scan",
                "Parent Relationship": "Inner",
                "Parallel Aware": false,
                "Scan Direction": "Forward",
                "Index Name": "info_type_pkey",
                "Relation Name": "info_type",
                "Alias": "it",
                "Startup Cost": 0.14,
                "Total Cost": 0.16,
                "Plan Rows": 1,
                "Plan Width": 4,
                "Actual Startup Time": 0.001,
                "Actual Total Time": 0.001,
                "Actual Rows": 1,
                "Actual Loops": 553,
                "Index Cond": "(id = mi.info_type_id)",
                "Rows Removed by Index Recheck": 0,
                "Filter": "((info)::text = 'release dates'::text)",
                "Rows Removed by Filter": 0
              }
            ]
          }
        ]
      }
    ]
  },
  "Planning Time": 3.697,
  "Triggers": [],
  "Execution Time": 7815.358
}