{
  "Plan": {
    "Node Type": "Aggregate",
    "Strategy": "Plain",
    "Partial Mode": "Finalize",
    "Parallel Aware": false,
    "Startup Cost": 124314.22,
    "Total Cost": 124314.23,
    "Plan Rows": 1,
    "Plan Width": 8,
    "Actual Startup Time": 646.676,
    "Actual Total Time": 664.136,
    "Actual Rows": 1,
    "Actual Loops": 1,
    "Plans": [
      {
        "Node Type": "Gather",
        "Parent Relationship": "Outer",
        "Parallel Aware": false,
        "Startup Cost": 124314.11,
        "Total Cost": 124314.22,
        "Plan Rows": 1,
        "Plan Width": 8,
        "Actual Startup Time": 645.189,
        "Actual Total Time": 664.13,
        "Actual Rows": 2,
        "Actual Loops": 1,
        "Workers Planned": 1,
        "Workers Launched": 1,
        "Single Copy": false,
        "Plans": [
          {
            "Node Type": "Aggregate",
            "Strategy": "Plain",
            "Partial Mode": "Partial",
            "Parent Relationship": "Outer",
            "Parallel Aware": false,
            "Startup Cost": 123314.11,
            "Total Cost": 123314.12,
            "Plan Rows": 1,
            "Plan Width": 8,
            "Actual Startup Time": 639.303,
            "Actual Total Time": 639.306,
            "Actual Rows": 1,
            "Actual Loops": 2,
            "Plans": [
              {
                "Node Type": "Hash Join",
                "Parent Relationship": "Outer",
                "Parallel Aware": true,
                "Join Type": "Inner",
                "Startup Cost": 59419.46,
                "Total Cost": 122088.74,
                "Plan Rows": 490146,
                "Plan Width": 0,
                "Actual Startup Time": 249.224,
                "Actual Total Time": 616.74,
                "Actual Rows": 585904,
                "Actual Loops": 2,
                "Inner Unique": true,
                "Hash Cond": "(mk.movie_id = t.id)",
                "Plans": [
                  {
                    "Node Type": "Seq Scan",
                    "Parent Relationship": "Outer",
                    "Parallel Aware": true,
                    "Relation Name": "movie_keyword",
                    "Alias": "mk",
                    "Startup Cost": 0.0,
                    "Total Cost": 57718.19,
                    "Plan Rows": 1886124,
                    "Plan Width": 4,
                    "Actual Startup Time": 0.015,
                    "Actual Total Time": 193.053,
                    "Actual Rows": 1600196,
                    "Actual Loops": 2,
                    "Filter": "(keyword_id < 13074)",
                    "Rows Removed by Filter": 661770
                  },
                  {
                    "Node Type": "Hash",
                    "Parent Relationship": "Inner",
                    "Parallel Aware": true,
                    "Startup Cost": 54588.39,
                    "Total Cost": 54588.39,
                    "Plan Rows": 386486,
                    "Plan Width": 4,
                    "Actual Startup Time": 239.806,
                    "Actual Total Time": 239.807,
                    "Actual Rows": 331417,
                    "Actual Loops": 2,
                    "Hash Buckets": 1048576,
                    "Original Hash Buckets": 1048576,
                    "Hash Batches": 1,
                    "Original Hash Batches": 1,
                    "Peak Memory Usage": 34176,
                    "Plans": [
                      {
                        "Node Type": "Seq Scan",
                        "Parent Relationship": "Outer",
                        "Parallel Aware": true,
                        "Relation Name": "title",
                        "Alias": "t",
                        "Startup Cost": 0.0,
                        "Total Cost": 54588.39,
                        "Plan Rows": 386486,
                        "Plan Width": 4,
                        "Actual Startup Time": 0.041,
                        "Actual Total Time": 151.922,
                        "Actual Rows": 331417,
                        "Actual Loops": 2,
                        "Filter": "(production_year < 1989)",
                        "Rows Removed by Filter": 932739
                      }
                    ]
                  }
                ]
              }
            ]
          }
        ]
      }
    ]
  },
  "Planning Time": 0.458,
  "Triggers": [],
  "Execution Time": 664.205
}