[
  {
    "Plan": {
      "Node Type": "Aggregate",
      "Strategy": "Plain",
      "Partial Mode": "Finalize",
      "Parallel Aware": false,
      "Startup Cost": 32785.97,
      "Total Cost": 32785.98,
      "Plan Rows": 1,
      "Plan Width": 8,
      "Actual Startup Time": 98.417,
      "Actual Total Time": 106.255,
      "Actual Rows": 1,
      "Actual Loops": 1,
      "Plans": [
        {
          "Node Type": "Gather",
          "Parent Relationship": "Outer",
          "Parallel Aware": false,
          "Startup Cost": 32785.65,
          "Total Cost": 32785.96,
          "Plan Rows": 3,
          "Plan Width": 8,
          "Actual Startup Time": 98.32,
          "Actual Total Time": 106.248,
          "Actual Rows": 4,
          "Actual Loops": 1,
          "Workers Planned": 3,
          "Workers Launched": 3,
          "Single Copy": false,
          "Plans": [
            {
              "Node Type": "Aggregate",
              "Strategy": "Plain",
              "Partial Mode": "Partial",
              "Parent Relationship": "Outer",
              "Parallel Aware": false,
              "Startup Cost": 31785.65,
              "Total Cost": 31785.66,
              "Plan Rows": 1,
              "Plan Width": 8,
              "Actual Startup Time": 89.78,
              "Actual Total Time": 89.781,
              "Actual Rows": 1,
              "Actual Loops": 4,
              "Plans": [
                {
                  "Node Type": "Seq Scan",
                  "Parent Relationship": "Outer",
                  "Parallel Aware": true,
                  "Relation Name": "movie_companies",
                  "Alias": "mc",
                  "Startup Cost": 0.0,
                  "Total Cost": 31414.82,
                  "Plan Rows": 148334,
                  "Plan Width": 0,
                  "Actual Startup Time": 48.769,
                  "Actual Total Time": 81.97,
                  "Actual Rows": 196898,
                  "Actual Loops": 4,
                  "Filter": "((company_id > 20325) AND (company_type_id > 1))",
                  "Rows Removed by Filter": 455384
                }
              ]
            }
          ]
        }
      ]
    },
    "Planning Time": 0.187,
    "Triggers": [],
    "Execution Time": 106.306
  }
]