[
  {
    "Plan": {
      "Node Type": "Aggregate",
      "Strategy": "Plain",
      "Partial Mode": "Finalize",
      "Parallel Aware": false,
      "Startup Cost": 44460.93,
      "Total Cost": 44460.94,
      "Plan Rows": 1,
      "Plan Width": 8,
      "Actual Startup Time": 131.617,
      "Actual Total Time": 140.924,
      "Actual Rows": 1,
      "Actual Loops": 1,
      "Plans": [
        {
          "Node Type": "Gather",
          "Parent Relationship": "Outer",
          "Parallel Aware": false,
          "Startup Cost": 44460.61,
          "Total Cost": 44460.92,
          "Plan Rows": 3,
          "Plan Width": 8,
          "Actual Startup Time": 131.512,
          "Actual Total Time": 140.915,
          "Actual Rows": 4,
          "Actual Loops": 1,
          "Workers Planned": 3,
          "Workers Launched": 3,
          "Single Copy": false,
          "Plans": [
            {
              "Node Type": "Aggregate",
              "Strategy": "Plain",
              "Partial Mode": "Partial",
              "Parent Relationship": "Outer",
              "Parallel Aware": false,
              "Startup Cost": 43460.61,
              "Total Cost": 43460.62,
              "Plan Rows": 1,
              "Plan Width": 8,
              "Actual Startup Time": 123.348,
              "Actual Total Time": 123.349,
              "Actual Rows": 1,
              "Actual Loops": 4,
              "Plans": [
                {
                  "Node Type": "Seq Scan",
                  "Parent Relationship": "Outer",
                  "Parallel Aware": true,
                  "Relation Name": "movie_keyword",
                  "Alias": "mk",
                  "Startup Cost": 0.0,
                  "Total Cost": 42695.65,
                  "Plan Rows": 305984,
                  "Plan Width": 0,
                  "Actual Startup Time": 4.134,
                  "Actual Total Time": 110.832,
                  "Actual Rows": 237374,
                  "Actual Loops": 4,
                  "Filter": "(keyword_id > 20002)",
                  "Rows Removed by Filter": 893608
                }
              ]
            }
          ]
        }
      ]
    },
    "Planning Time": 0.193,
    "Triggers": [],
    "Execution Time": 140.976
  }
]