[
  {
    "Plan": {
      "Node Type": "Aggregate",
      "Strategy": "Plain",
      "Partial Mode": "Finalize",
      "Parallel Aware": false,
      "Startup Cost": 348636.53,
      "Total Cost": 348636.54,
      "Plan Rows": 1,
      "Plan Width": 8,
      "Actual Startup Time": 823.213,
      "Actual Total Time": 891.502,
      "Actual Rows": 1,
      "Actual Loops": 1,
      "Plans": [
        {
          "Node Type": "Gather",
          "Parent Relationship": "Outer",
          "Parallel Aware": false,
          "Startup Cost": 348635.9,
          "Total Cost": 348636.51,
          "Plan Rows": 6,
          "Plan Width": 8,
          "Actual Startup Time": 822.964,
          "Actual Total Time": 891.49,
          "Actual Rows": 7,
          "Actual Loops": 1,
          "Workers Planned": 6,
          "Workers Launched": 6,
          "Single Copy": false,
          "Plans": [
            {
              "Node Type": "Aggregate",
              "Strategy": "Plain",
              "Partial Mode": "Partial",
              "Parent Relationship": "Outer",
              "Parallel Aware": false,
              "Startup Cost": 347635.9,
              "Total Cost": 347635.91,
              "Plan Rows": 1,
              "Plan Width": 8,
              "Actual Startup Time": 812.652,
              "Actual Total Time": 812.653,
              "Actual Rows": 1,
              "Actual Loops": 7,
              "Plans": [
                {
                  "Node Type": "Seq Scan",
                  "Parent Relationship": "Outer",
                  "Parallel Aware": true,
                  "Relation Name": "cast_info",
                  "Alias": "ci",
                  "Startup Cost": 0.0,
                  "Total Cost": 343257.03,
                  "Plan Rows": 1751549,
                  "Plan Width": 0,
                  "Actual Startup Time": 280.87,
                  "Actual Total Time": 775.437,
                  "Actual Rows": 639502,
                  "Actual Loops": 7,
                  "Filter": "((person_id < 1585260) AND (role_id > 1))",
                  "Rows Removed by Filter": 4538261
                }
              ]
            }
          ]
        }
      ]
    },
    "Planning Time": 0.204,
    "Triggers": [],
    "Execution Time": 891.573
  }
]