{
  "Plan": {
    "Node Type": "Aggregate",
    "Strategy": "Plain",
    "Partial Mode": "Finalize",
    "Parallel Aware": false,
    "Startup Cost": 151968.76,
    "Total Cost": 151968.77,
    "Plan Rows": 1,
    "Plan Width": 8,
    "Actual Startup Time": 889.979,
    "Actual Total Time": 909.405,
    "Actual Rows": 1,
    "Actual Loops": 1,
    "Plans": [
      {
        "Node Type": "Gather",
        "Parent Relationship": "Outer",
        "Parallel Aware": false,
        "Startup Cost": 151968.65,
        "Total Cost": 151968.76,
        "Plan Rows": 1,
        "Plan Width": 8,
        "Actual Startup Time": 885.488,
        "Actual Total Time": 909.397,
        "Actual Rows": 2,
        "Actual Loops": 1,
        "Workers Planned": 1,
        "Workers Launched": 1,
        "Single Copy": false,
        "Plans": [
          {
            "Node Type": "Aggregate",
            "Strategy": "Plain",
            "Partial Mode": "Partial",
            "Parent Relationship": "Outer",
            "Parallel Aware": false,
            "Startup Cost": 150968.65,
            "Total Cost": 150968.66,
            "Plan Rows": 1,
            "Plan Width": 8,
            "Actual Startup Time": 881.467,
            "Actual Total Time": 881.473,
            "Actual Rows": 1,
            "Actual Loops": 2,
            "Plans": [
              {
                "Node Type": "Hash Join",
                "Parent Relationship": "Outer",
                "Parallel Aware": true,
                "Join Type": "Inner",
                "Startup Cost": 106824.79,
                "Total Cost": 150806.23,
                "Plan Rows": 64965,
                "Plan Width": 0,
                "Actual Startup Time": 769.684,
                "Actual Total Time": 876.818,
                "Actual Rows": 111614,
                "Actual Loops": 2,
                "Inner Unique": false,
                "Hash Cond": "(mc.movie_id = t.id)",
                "Plans": [
                  {
                    "Node Type": "Seq Scan",
                    "Parent Relationship": "Outer",
                    "Parallel Aware": true,
                    "Relation Name": "movie_companies",
                    "Alias": "mc",
                    "Startup Cost": 0.0,
                    "Total Cost": 41811.73,
                    "Plan Rows": 476684,
                    "Plan Width": 4,
                    "Actual Startup Time": 49.098,
                    "Actual Total Time": 102.766,
                    "Actual Rows": 253694,
                    "Actual Loops": 2,
                    "Filter": "((company_id < 15820) AND (company_type_id = 2))",
                    "Rows Removed by Filter": 1050871
                  },
                  {
                    "Node Type": "Hash",
                    "Parent Relationship": "Inner",
                    "Parallel Aware": true,
                    "Startup Cost": 104291.19,
                    "Total Cost": 104291.19,
                    "Plan Rows": 202688,
                    "Plan Width": 8,
                    "Actual Startup Time": 716.228,
                    "Actual Total Time": 716.233,
                    "Actual Rows": 181642,
                    "Actual Loops": 2,
                    "Hash Buckets": 524288,
                    "Original Hash Buckets": 524288,
                    "Hash Batches": 1,
                    "Original Hash Batches": 1,
                    "Peak Memory Usage": 18336,
                    "Plans": [
                      {
                        "Node Type": "Hash Join",
                        "Parent Relationship": "Outer",
                        "Parallel Aware": true,
                        "Join Type": "Inner",
                        "Startup Cost": 76771.54,
                        "Total Cost": 104291.19,
                        "Plan Rows": 202688,
                        "Plan Width": 8,
                        "Actual Startup Time": 546.185,
                        "Actual Total Time": 674.628,
                        "Actual Rows": 181642,
                        "Actual Loops": 2,
                        "Inner Unique": true,
                        "Hash Cond": "(mk.movie_id = t.id)",
                        "Plans": [
                          {
                            "Node Type": "Bitmap Heap Scan",
                            "Parent Relationship": "Outer",
                            "Parallel Aware": true,
                            "Relation Name": "movie_keyword",
                            "Alias": "mk",
                            "Startup Cost": 7310.84,
                            "Total Cost": 34298.44,
                            "Plan Rows": 202688,
                            "Plan Width": 4,
                            "Actual Startup Time": 20.852,
                            "Actual Total Time": 78.906,
                            "Actual Rows": 181642,
                            "Actual Loops": 2,
                            "Recheck Cond": "(keyword_id < 334)",
                            "Rows Removed by Index Recheck": 0,
                            "Exact Heap Blocks": 13602,
                            "Lossy Heap Blocks": 0,
                            "Plans": [
                              {
                                "Node Type": "Bitmap Index Scan",
                                "Parent Relationship": "Outer",
                                "Parallel Aware": false,
                                "Index Name": "keyword_id_movie_keyword",
                                "Startup Cost": 0.0,
                                "Total Cost": 7224.7,
                                "Plan Rows": 344569,
                                "Plan Width": 0,
                                "Actual Startup Time": 17.286,
                                "Actual Total Time": 17.287,
                                "Actual Rows": 363285,
                                "Actual Loops": 1,
                                "Index Cond": "(keyword_id < 334)"
                              }
                            ]
                          },
                          {
                            "Node Type": "Hash",
                            "Parent Relationship": "Inner",
                            "Parallel Aware": true,
                            "Startup Cost": 50870.31,
                            "Total Cost": 50870.31,
                            "Plan Rows": 1487231,
                            "Plan Width": 4,
                            "Actual Startup Time": 508.386,
                            "Actual Total Time": 508.387,
                            "Actual Rows": 1264156,
                            "Actual Loops": 2,
                            "Hash Buckets": 4194304,
                            "Original Hash Buckets": 4194304,
                            "Hash Batches": 1,
                            "Original Hash Batches": 1,
                            "Peak Memory Usage": 131680,
                            "Plans": [
                              {
                                "Node Type": "Seq Scan",
                                "Parent Relationship": "Outer",
                                "Parallel Aware": true,
                                "Relation Name": "title",
                                "Alias": "t",
                                "Startup Cost": 0.0,
                                "Total Cost": 50870.31,
                                "Plan Rows": 1487231,
                                "Plan Width": 4,
                                "Actual Startup Time": 0.028,
                                "Actual Total Time": 146.652,
                                "Actual Rows": 1264156,
                                "Actual Loops": 2
                              }
                            ]
                          }
                        ]
                      }
                    ]
                  }
                ]
              }
            ]
          }
        ]
      }
    ]
  },
  "Planning Time": 0.725,
  "Triggers": [],
  "Execution Time": 909.492
}