[
  {
    "Plan": {
      "Node Type": "Aggregate",
      "Strategy": "Plain",
      "Partial Mode": "Finalize",
      "Parallel Aware": false,
      "Startup Cost": 276778.85,
      "Total Cost": 276778.86,
      "Plan Rows": 1,
      "Plan Width": 8,
      "Actual Startup Time": 1211.524,
      "Actual Total Time": 1283.757,
      "Actual Rows": 1,
      "Actual Loops": 1,
      "Plans": [
        {
          "Node Type": "Gather",
          "Parent Relationship": "Outer",
          "Parallel Aware": false,
          "Startup Cost": 276778.33,
          "Total Cost": 276778.84,
          "Plan Rows": 5,
          "Plan Width": 8,
          "Actual Startup Time": 1211.515,
          "Actual Total Time": 1283.747,
          "Actual Rows": 6,
          "Actual Loops": 1,
          "Workers Planned": 5,
          "Workers Launched": 5,
          "Single Copy": false,
          "Plans": [
            {
              "Node Type": "Aggregate",
              "Strategy": "Plain",
              "Partial Mode": "Partial",
              "Parent Relationship": "Outer",
              "Parallel Aware": false,
              "Startup Cost": 275778.33,
              "Total Cost": 275778.34,
              "Plan Rows": 1,
              "Plan Width": 8,
              "Actual Startup Time": 1200.015,
              "Actual Total Time": 1200.017,
              "Actual Rows": 1,
              "Actual Loops": 6,
              "Plans": [
                {
                  "Node Type": "Nested Loop",
                  "Parent Relationship": "Outer",
                  "Parallel Aware": false,
                  "Join Type": "Inner",
                  "Startup Cost": 2542.64,
                  "Total Cost": 274770.8,
                  "Plan Rows": 403012,
                  "Plan Width": 0,
                  "Actual Startup Time": 11.293,
                  "Actual Total Time": 1149.488,
                  "Actual Rows": 948912,
                  "Actual Loops": 6,
                  "Inner Unique": false,
                  "Plans": [
                    {
                      "Node Type": "Nested Loop",
                      "Parent Relationship": "Outer",
                      "Parallel Aware": false,
                      "Join Type": "Inner",
                      "Startup Cost": 2542.07,
                      "Total Cost": 214812.48,
                      "Plan Rows": 28109,
                      "Plan Width": 8,
                      "Actual Startup Time": 11.04,
                      "Actual Total Time": 89.356,
                      "Actual Rows": 23344,
                      "Actual Loops": 6,
                      "Inner Unique": true,
                      "Plans": [
                        {
                          "Node Type": "Bitmap Heap Scan",
                          "Parent Relationship": "Outer",
                          "Parallel Aware": true,
                          "Relation Name": "movie_info",
                          "Alias": "mi",
                          "Startup Cost": 2541.64,
                          "Total Cost": 166232.39,
                          "Plan Rows": 28109,
                          "Plan Width": 4,
                          "Actual Startup Time": 10.754,
                          "Actual Total Time": 15.549,
                          "Actual Rows": 23344,
                          "Actual Loops": 6,
                          "Recheck Cond": "(info_type_id = 9)",
                          "Rows Removed by Index Recheck": 0,
                          "Exact Heap Blocks": 360,
                          "Lossy Heap Blocks": 0,
                          "Plans": [
                            {
                              "Node Type": "Bitmap Index Scan",
                              "Parent Relationship": "Outer",
                              "Parallel Aware": false,
                              "Index Name": "info_type_id_movie_info",
                              "Startup Cost": 0.0,
                              "Total Cost": 2506.51,
                              "Plan Rows": 140543,
                              "Plan Width": 0,
                              "Actual Startup Time": 20.223,
                              "Actual Total Time": 20.224,
                              "Actual Rows": 140065,
                              "Actual Loops": 1,
                              "Index Cond": "(info_type_id = 9)"
                            }
                          ]
                        },
                        {
                          "Node Type": "Index Only Scan",
                          "Parent Relationship": "Inner",
                          "Parallel Aware": false,
                          "Scan Direction": "Forward",
                          "Index Name": "title_pkey",
                          "Relation Name": "title",
                          "Alias": "t",
                          "Startup Cost": 0.43,
                          "Total Cost": 1.73,
                          "Plan Rows": 1,
                          "Plan Width": 4,
                          "Actual Startup Time": 0.003,
                          "Actual Total Time": 0.003,
                          "Actual Rows": 1,
                          "Actual Loops": 140065,
                          "Index Cond": "(id = mi.movie_id)",
                          "Rows Removed by Index Recheck": 0,
                          "Heap Fetches": 140065
                        }
                      ]
                    },
                    {
                      "Node Type": "Index Only Scan",
                      "Parent Relationship": "Inner",
                      "Parallel Aware": false,
                      "Scan Direction": "Forward",
                      "Index Name": "movie_id_cast_info",
                      "Relation Name": "cast_info",
                      "Alias": "ci",
                      "Startup Cost": 0.56,
                      "Total Cost": 1.78,
                      "Plan Rows": 35,
                      "Plan Width": 4,
                      "Actual Startup Time": 0.005,
                      "Actual Total Time": 0.042,
                      "Actual Rows": 41,
                      "Actual Loops": 140065,
                      "Index Cond": "(movie_id = t.id)",
                      "Rows Removed by Index Recheck": 0,
                      "Heap Fetches": 5693473
                    }
                  ]
                }
              ]
            }
          ]
        }
      ]
    },
    "Planning Time": 0.94,
    "Triggers": [],
    "Execution Time": 1283.865
  }
]