{
  "Plan": {
    "Node Type": "Aggregate",
    "Strategy": "Plain",
    "Partial Mode": "Finalize",
    "Parallel Aware": false,
    "Startup Cost": 231359.8,
    "Total Cost": 231359.81,
    "Plan Rows": 1,
    "Plan Width": 8,
    "Actual Startup Time": 425.07,
    "Actual Total Time": 440.033,
    "Actual Rows": 1,
    "Actual Loops": 1,
    "Plans": [
      {
        "Node Type": "Gather",
        "Parent Relationship": "Outer",
        "Parallel Aware": false,
        "Startup Cost": 231359.69,
        "Total Cost": 231359.8,
        "Plan Rows": 1,
        "Plan Width": 8,
        "Actual Startup Time": 423.229,
        "Actual Total Time": 440.024,
        "Actual Rows": 2,
        "Actual Loops": 1,
        "Workers Planned": 1,
        "Workers Launched": 1,
        "Single Copy": false,
        "Plans": [
          {
            "Node Type": "Aggregate",
            "Strategy": "Plain",
            "Partial Mode": "Partial",
            "Parent Relationship": "Outer",
            "Parallel Aware": false,
            "Startup Cost": 230359.69,
            "Total Cost": 230359.7,
            "Plan Rows": 1,
            "Plan Width": 8,
            "Actual Startup Time": 417.313,
            "Actual Total Time": 417.318,
            "Actual Rows": 1,
            "Actual Loops": 2,
            "Plans": [
              {
                "Node Type": "Nested Loop",
                "Parent Relationship": "Outer",
                "Parallel Aware": false,
                "Join Type": "Inner",
                "Startup Cost": 70328.35,
                "Total Cost": 229588.69,
                "Plan Rows": 308400,
                "Plan Width": 0,
                "Actual Startup Time": 324.278,
                "Actual Total Time": 415.749,
                "Actual Rows": 30294,
                "Actual Loops": 2,
                "Inner Unique": false,
                "Plans": [
                  {
                    "Node Type": "Hash Join",
                    "Parent Relationship": "Outer",
                    "Parallel Aware": true,
                    "Join Type": "Inner",
                    "Startup Cost": 70327.92,
                    "Total Cost": 96939.44,
                    "Plan Rows": 52742,
                    "Plan Width": 8,
                    "Actual Startup Time": 324.205,
                    "Actual Total Time": 393.65,
                    "Actual Rows": 2908,
                    "Actual Loops": 2,
                    "Inner Unique": true,
                    "Hash Cond": "(mk.movie_id = t.id)",
                    "Plans": [
                      {
                        "Node Type": "Bitmap Heap Scan",
                        "Parent Relationship": "Outer",
                        "Parallel Aware": true,
                        "Relation Name": "movie_keyword",
                        "Alias": "mk",
                        "Startup Cost": 5147.8,
                        "Total Cost": 31384.88,
                        "Plan Rows": 142646,
                        "Plan Width": 4,
                        "Actual Startup Time": 17.976,
                        "Actual Total Time": 60.245,
                        "Actual Rows": 116054,
                        "Actual Loops": 2,
                        "Recheck Cond": "(keyword_id > 63010)",
                        "Rows Removed by Index Recheck": 0,
                        "Exact Heap Blocks": 11702,
                        "Lossy Heap Blocks": 0,
                        "Plans": [
                          {
                            "Node Type": "Bitmap Index Scan",
                            "Parent Relationship": "Outer",
                            "Parallel Aware": false,
                            "Index Name": "keyword_id_movie_keyword",
                            "Startup Cost": 0.0,
                            "Total Cost": 5087.18,
                            "Plan Rows": 242499,
                            "Plan Width": 0,
                            "Actual Startup Time": 14.842,
                            "Actual Total Time": 14.843,
                            "Actual Rows": 232108,
                            "Actual Loops": 1,
                            "Index Cond": "(keyword_id > 63010)"
                          }
                        ]
                      },
                      {
                        "Node Type": "Hash",
                        "Parent Relationship": "Inner",
                        "Parallel Aware": true,
                        "Startup Cost": 58306.47,
                        "Total Cost": 58306.47,
                        "Plan Rows": 549892,
                        "Plan Width": 4,
                        "Actual Startup Time": 297.379,
                        "Actual Total Time": 297.38,
                        "Actual Rows": 512103,
                        "Actual Loops": 2,
                        "Hash Buckets": 1048576,
                        "Original Hash Buckets": 1048576,
                        "Hash Batches": 1,
                        "Original Hash Batches": 1,
                        "Peak Memory Usage": 48288,
                        "Plans": [
                          {
                            "Node Type": "Seq Scan",
                            "Parent Relationship": "Outer",
                            "Parallel Aware": true,
                            "Relation Name": "title",
                            "Alias": "t",
                            "Startup Cost": 0.0,
                            "Total Cost": 58306.47,
                            "Plan Rows": 549892,
                            "Plan Width": 4,
                            "Actual Startup Time": 0.027,
                            "Actual Total Time": 167.979,
                            "Actual Rows": 512103,
                            "Actual Loops": 2,
                            "Filter": "((production_year > 1997) AND (kind_id = 7))",
                            "Rows Removed by Filter": 752053
                          }
                        ]
                      }
                    ]
                  },
                  {
                    "Node Type": "Index Only Scan",
                    "Parent Relationship": "Inner",
                    "Parallel Aware": false,
                    "Scan Direction": "Forward",
                    "Index Name": "movie_id_movie_info",
                    "Relation Name": "movie_info",
                    "Alias": "mi",
                    "Startup Cost": 0.43,
                    "Total Cost": 2.1,
                    "Plan Rows": 42,
                    "Plan Width": 4,
                    "Actual Startup Time": 0.003,
                    "Actual Total Time": 0.007,
                    "Actual Rows": 10,
                    "Actual Loops": 5817,
                    "Index Cond": "(movie_id = t.id)",
                    "Rows Removed by Index Recheck": 0,
                    "Heap Fetches": 60589
                  }
                ]
              }
            ]
          }
        ]
      }
    ]
  },
  "Planning Time": 1.004,
  "Triggers": [],
  "Execution Time": 440.144
}