{
  "Plan": {
    "Node Type": "Aggregate",
    "Strategy": "Plain",
    "Partial Mode": "Finalize",
    "Parallel Aware": false,
    "Startup Cost": 292210.99,
    "Total Cost": 292211.0,
    "Plan Rows": 1,
    "Plan Width": 8,
    "Actual Startup Time": 1194.427,
    "Actual Total Time": 1220.655,
    "Actual Rows": 1,
    "Actual Loops": 1,
    "Plans": [
      {
        "Node Type": "Gather",
        "Parent Relationship": "Outer",
        "Parallel Aware": false,
        "Startup Cost": 292210.88,
        "Total Cost": 292210.99,
        "Plan Rows": 1,
        "Plan Width": 8,
        "Actual Startup Time": 1186.103,
        "Actual Total Time": 1220.646,
        "Actual Rows": 2,
        "Actual Loops": 1,
        "Workers Planned": 1,
        "Workers Launched": 1,
        "Single Copy": false,
        "Plans": [
          {
            "Node Type": "Aggregate",
            "Strategy": "Plain",
            "Partial Mode": "Partial",
            "Parent Relationship": "Outer",
            "Parallel Aware": false,
            "Startup Cost": 291210.88,
            "Total Cost": 291210.89,
            "Plan Rows": 1,
            "Plan Width": 8,
            "Actual Startup Time": 1180.598,
            "Actual Total Time": 1180.603,
            "Actual Rows": 1,
            "Actual Loops": 2,
            "Plans": [
              {
                "Node Type": "Hash Join",
                "Parent Relationship": "Outer",
                "Parallel Aware": true,
                "Join Type": "Inner",
                "Startup Cost": 114225.49,
                "Total Cost": 290622.9,
                "Plan Rows": 235191,
                "Plan Width": 0,
                "Actual Startup Time": 729.728,
                "Actual Total Time": 1149.91,
                "Actual Rows": 771460,
                "Actual Loops": 2,
                "Inner Unique": false,
                "Hash Cond": "(t.id = mi_idx.movie_id)",
                "Plans": [
                  {
                    "Node Type": "Hash Join",
                    "Parent Relationship": "Outer",
                    "Parallel Aware": true,
                    "Join Type": "Inner",
                    "Startup Cost": 89385.4,
                    "Total Cost": 261164.32,
                    "Plan Rows": 647003,
                    "Plan Width": 8,
                    "Actual Startup Time": 548.419,
                    "Actual Total Time": 803.23,
                    "Actual Rows": 523158,
                    "Actual Loops": 2,
                    "Inner Unique": true,
                    "Hash Cond": "(mi.movie_id = t.id)",
                    "Plans": [
                      {
                        "Node Type": "Bitmap Heap Scan",
                        "Parent Relationship": "Outer",
                        "Parallel Aware": true,
                        "Relation Name": "movie_info",
                        "Alias": "mi",
                        "Startup Cost": 19924.7,
                        "Total Cost": 190005.24,
                        "Plan Rows": 647003,
                        "Plan Width": 4,
                        "Actual Startup Time": 53.576,
                        "Actual Total Time": 142.131,
                        "Actual Rows": 523158,
                        "Actual Loops": 2,
                        "Recheck Cond": "(info_type_id > 78)",
                        "Rows Removed by Index Recheck": 0,
                        "Exact Heap Blocks": 17865,
                        "Lossy Heap Blocks": 0,
                        "Plans": [
                          {
                            "Node Type": "Bitmap Index Scan",
                            "Parent Relationship": "Outer",
                            "Parallel Aware": false,
                            "Index Name": "info_type_id_movie_info",
                            "Startup Cost": 0.0,
                            "Total Cost": 19649.72,
                            "Plan Rows": 1099905,
                            "Plan Width": 0,
                            "Actual Startup Time": 48.029,
                            "Actual Total Time": 48.03,
                            "Actual Rows": 1046316,
                            "Actual Loops": 1,
                            "Index Cond": "(info_type_id > 78)"
                          }
                        ]
                      },
                      {
                        "Node Type": "Hash",
                        "Parent Relationship": "Inner",
                        "Parallel Aware": true,
                        "Startup Cost": 50870.31,
                        "Total Cost": 50870.31,
                        "Plan Rows": 1487231,
                        "Plan Width": 4,
                        "Actual Startup Time": 483.289,
                        "Actual Total Time": 483.29,
                        "Actual Rows": 1264156,
                        "Actual Loops": 2,
                        "Hash Buckets": 4194304,
                        "Original Hash Buckets": 4194304,
                        "Hash Batches": 1,
                        "Original Hash Batches": 1,
                        "Peak Memory Usage": 131712,
                        "Plans": [
                          {
                            "Node Type": "Seq Scan",
                            "Parent Relationship": "Outer",
                            "Parallel Aware": true,
                            "Relation Name": "title",
                            "Alias": "t",
                            "Startup Cost": 0.0,
                            "Total Cost": 50870.31,
                            "Plan Rows": 1487231,
                            "Plan Width": 4,
                            "Actual Startup Time": 0.018,
                            "Actual Total Time": 148.37,
                            "Actual Rows": 1264156,
                            "Actual Loops": 2
                          }
                        ]
                      }
                    ]
                  },
                  {
                    "Node Type": "Hash",
                    "Parent Relationship": "Inner",
                    "Parallel Aware": true,
                    "Startup Cost": 18082.32,
                    "Total Cost": 18082.32,
                    "Plan Rows": 540622,
                    "Plan Width": 4,
                    "Actual Startup Time": 171.777,
                    "Actual Total Time": 171.778,
                    "Actual Rows": 459925,
                    "Actual Loops": 2,
                    "Hash Buckets": 1048576,
                    "Original Hash Buckets": 1048576,
                    "Hash Batches": 1,
                    "Original Hash Batches": 1,
                    "Peak Memory Usage": 44192,
                    "Plans": [
                      {
                        "Node Type": "Seq Scan",
                        "Parent Relationship": "Outer",
                        "Parallel Aware": true,
                        "Relation Name": "movie_info_idx",
                        "Alias": "mi_idx",
                        "Startup Cost": 0.0,
                        "Total Cost": 18082.32,
                        "Plan Rows": 540622,
                        "Plan Width": 4,
                        "Actual Startup Time": 0.057,
                        "Actual Total Time": 78.342,
                        "Actual Rows": 459925,
                        "Actual Loops": 2,
                        "Filter": "(info_type_id < 101)",
                        "Rows Removed by Filter": 230092
                      }
                    ]
                  }
                ]
              }
            ]
          }
        ]
      }
    ]
  },
  "Planning Time": 0.863,
  "Triggers": [],
  "Execution Time": 1220.785
}