[
  {
    "Plan": {
      "Node Type": "Aggregate",
      "Strategy": "Plain",
      "Partial Mode": "Finalize",
      "Parallel Aware": false,
      "Startup Cost": 395772.09,
      "Total Cost": 395772.1,
      "Plan Rows": 1,
      "Plan Width": 8,
      "Actual Startup Time": 921.418,
      "Actual Total Time": 982.876,
      "Actual Rows": 1,
      "Actual Loops": 1,
      "Plans": [
        {
          "Node Type": "Gather",
          "Parent Relationship": "Outer",
          "Parallel Aware": false,
          "Startup Cost": 395771.47,
          "Total Cost": 395772.08,
          "Plan Rows": 6,
          "Plan Width": 8,
          "Actual Startup Time": 914.208,
          "Actual Total Time": 982.853,
          "Actual Rows": 7,
          "Actual Loops": 1,
          "Workers Planned": 6,
          "Workers Launched": 6,
          "Single Copy": false,
          "Plans": [
            {
              "Node Type": "Aggregate",
              "Strategy": "Plain",
              "Partial Mode": "Partial",
              "Parent Relationship": "Outer",
              "Parallel Aware": false,
              "Startup Cost": 394771.47,
              "Total Cost": 394771.48,
              "Plan Rows": 1,
              "Plan Width": 8,
              "Actual Startup Time": 903.605,
              "Actual Total Time": 903.608,
              "Actual Rows": 1,
              "Actual Loops": 7,
              "Plans": [
                {
                  "Node Type": "Hash Join",
                  "Parent Relationship": "Outer",
                  "Parallel Aware": true,
                  "Join Type": "Inner",
                  "Startup Cost": 46574.43,
                  "Total Cost": 393566.8,
                  "Plan Rows": 481869,
                  "Plan Width": 0,
                  "Actual Startup Time": 431.753,
                  "Actual Total Time": 892.224,
                  "Actual Rows": 273858,
                  "Actual Loops": 7,
                  "Inner Unique": true,
                  "Hash Cond": "(ci.movie_id = t.id)",
                  "Plans": [
                    {
                      "Node Type": "Seq Scan",
                      "Parent Relationship": "Outer",
                      "Parallel Aware": true,
                      "Relation Name": "cast_info",
                      "Alias": "ci",
                      "Startup Cost": 0.0,
                      "Total Cost": 343257.03,
                      "Plan Rows": 1422982,
                      "Plan Width": 4,
                      "Actual Startup Time": 303.175,
                      "Actual Total Time": 558.94,
                      "Actual Rows": 724869,
                      "Actual Loops": 7,
                      "Filter": "((person_id < 1889321) AND (role_id > 2))",
                      "Rows Removed by Filter": 4452894
                    },
                    {
                      "Node Type": "Hash",
                      "Parent Relationship": "Inner",
                      "Parallel Aware": true,
                      "Startup Cost": 43898.92,
                      "Total Cost": 43898.92,
                      "Plan Rows": 214041,
                      "Plan Width": 4,
                      "Actual Startup Time": 125.073,
                      "Actual Total Time": 125.074,
                      "Actual Rows": 122031,
                      "Actual Loops": 7,
                      "Hash Buckets": 1048576,
                      "Original Hash Buckets": 1048576,
                      "Hash Batches": 1,
                      "Original Hash Batches": 1,
                      "Peak Memory Usage": 41696,
                      "Plans": [
                        {
                          "Node Type": "Seq Scan",
                          "Parent Relationship": "Outer",
                          "Parallel Aware": true,
                          "Relation Name": "title",
                          "Alias": "t",
                          "Startup Cost": 0.0,
                          "Total Cost": 43898.92,
                          "Plan Rows": 214041,
                          "Plan Width": 4,
                          "Actual Startup Time": 0.049,
                          "Actual Total Time": 74.935,
                          "Actual Rows": 122031,
                          "Actual Loops": 7,
                          "Filter": "(kind_id < 4)",
                          "Rows Removed by Filter": 239157
                        }
                      ]
                    }
                  ]
                }
              ]
            }
          ]
        }
      ]
    },
    "Planning Time": 0.677,
    "Triggers": [],
    "Execution Time": 982.962
  }
]