{
    "Plan": {
        "Node Type": "Aggregate",
        "Strategy": "Plain",
        "Partial Mode": "Simple",
        "Parallel Aware": false,
        "Startup Cost": 10000297283.66,
        "Total Cost": 10000297283.67,
        "Plan Rows": 1,
        "Plan Width": 8,
        "Actual Startup Time": 428.388,
        "Actual Total Time": 428.39,
        "Actual Rows": 1,
        "Actual Loops": 1,
        "Output": [
            "count(*)"
        ],
        "Plans": [
            {
                "Node Type": "Nested Loop",
                "Parent Relationship": "Outer",
                "Parallel Aware": false,
                "Join Type": "Inner",
                "Startup Cost": 10000011979.89,
                "Total Cost": 10000297170.44,
                "Plan Rows": 45287,
                "Plan Width": 0,
                "Actual Startup Time": 42.672,
                "Actual Total Time": 425.315,
                "Actual Rows": 45042,
                "Actual Loops": 1,
                "Inner Unique": false,
                "Plans": [
                    {
                        "Node Type": "Bitmap Heap Scan",
                        "Parent Relationship": "Outer",
                        "Parallel Aware": false,
                        "Relation Name": "title",
                        "Schema": "public",
                        "Alias": "t",
                        "Startup Cost": 11978.56,
                        "Total Cost": 58046.87,
                        "Plan Rows": 43884,
                        "Plan Width": 4,
                        "Actual Startup Time": 42.458,
                        "Actual Total Time": 171.848,
                        "Actual Rows": 39560,
                        "Actual Loops": 1,
                        "Output": [
                            "t.id",
                            "t.title",
                            "t.imdb_index",
                            "t.kind_id",
                            "t.production_year",
                            "t.imdb_id",
                            "t.phonetic_code",
                            "t.episode_of_id",
                            "t.season_nr",
                            "t.episode_nr",
                            "t.series_years",
                            "t.md5sum"
                        ],
                        "Recheck Cond": "(t.kind_id = 1)",
                        "Rows Removed by Index Recheck": 0,
                        "Filter": "(t.production_year = 2012)",
                        "Rows Removed by Filter": 623265,
                        "Exact Heap Blocks": 12863,
                        "Lossy Heap Blocks": 0,
                        "Plans": [
                            {
                                "Node Type": "Bitmap Index Scan",
                                "Parent Relationship": "Outer",
                                "Parallel Aware": false,
                                "Index Name": "kind_id_title",
                                "Startup Cost": 0.0,
                                "Total Cost": 11967.58,
                                "Plan Rows": 671354,
                                "Plan Width": 0,
                                "Actual Startup Time": 40.99,
                                "Actual Total Time": 40.99,
                                "Actual Rows": 662825,
                                "Actual Loops": 1,
                                "Index Cond": "(t.kind_id = 1)"
                            }
                        ]
                    },
                    {
                        "Node Type": "Bitmap Heap Scan",
                        "Parent Relationship": "Inner",
                        "Parallel Aware": false,
                        "Relation Name": "movie_companies",
                        "Schema": "public",
                        "Alias": "mc",
                        "Startup Cost": 1.34,
                        "Total Cost": 5.4,
                        "Plan Rows": 5,
                        "Plan Width": 4,
                        "Actual Startup Time": 0.004,
                        "Actual Total Time": 0.005,
                        "Actual Rows": 1,
                        "Actual Loops": 39560,
                        "Output": [
                            "mc.id",
                            "mc.movie_id",
                            "mc.company_id",
                            "mc.company_type_id",
                            "mc.note"
                        ],
                        "Recheck Cond": "(mc.movie_id = t.id)",
                        "Rows Removed by Index Recheck": 0,
                        "Exact Heap Blocks": 26685,
                        "Lossy Heap Blocks": 0,
                        "Plans": [
                            {
                                "Node Type": "Bitmap Index Scan",
                                "Parent Relationship": "Outer",
                                "Parallel Aware": false,
                                "Index Name": "movie_id_movie_companies",
                                "Startup Cost": 0.0,
                                "Total Cost": 1.34,
                                "Plan Rows": 5,
                                "Plan Width": 0,
                                "Actual Startup Time": 0.003,
                                "Actual Total Time": 0.003,
                                "Actual Rows": 1,
                                "Actual Loops": 39560,
                                "Index Cond": "(mc.movie_id = t.id)"
                            }
                        ]
                    }
                ]
            }
        ]
    },
    "Planning Time": 2.941,
    "Triggers": [],
    "Execution Time": 428.888
}