{
  "Plan": {
    "Node Type": "Aggregate",
    "Strategy": "Plain",
    "Partial Mode": "Finalize",
    "Parallel Aware": false,
    "Startup Cost": 220311.7,
    "Total Cost": 220311.71,
    "Plan Rows": 1,
    "Plan Width": 8,
    "Actual Startup Time": 2119.94,
    "Actual Total Time": 2149.566,
    "Actual Rows": 1,
    "Actual Loops": 1,
    "Plans": [
      {
        "Node Type": "Gather",
        "Parent Relationship": "Outer",
        "Parallel Aware": false,
        "Startup Cost": 220311.59,
        "Total Cost": 220311.7,
        "Plan Rows": 1,
        "Plan Width": 8,
        "Actual Startup Time": 2112.459,
        "Actual Total Time": 2149.557,
        "Actual Rows": 2,
        "Actual Loops": 1,
        "Workers Planned": 1,
        "Workers Launched": 1,
        "Single Copy": false,
        "Plans": [
          {
            "Node Type": "Aggregate",
            "Strategy": "Plain",
            "Partial Mode": "Partial",
            "Parent Relationship": "Outer",
            "Parallel Aware": false,
            "Startup Cost": 219311.59,
            "Total Cost": 219311.6,
            "Plan Rows": 1,
            "Plan Width": 8,
            "Actual Startup Time": 2104.701,
            "Actual Total Time": 2105.974,
            "Actual Rows": 1,
            "Actual Loops": 2,
            "Plans": [
              {
                "Node Type": "Hash Join",
                "Parent Relationship": "Outer",
                "Parallel Aware": true,
                "Join Type": "Inner",
                "Startup Cost": 172726.62,
                "Total Cost": 217315.81,
                "Plan Rows": 798311,
                "Plan Width": 0,
                "Actual Startup Time": 1495.926,
                "Actual Total Time": 2049.495,
                "Actual Rows": 1120468,
                "Actual Loops": 2,
                "Inner Unique": false,
                "Hash Cond": "(mc.movie_id = t.id)",
                "Plans": [
                  {
                    "Node Type": "Seq Scan",
                    "Parent Relationship": "Outer",
                    "Parallel Aware": true,
                    "Relation Name": "movie_companies",
                    "Alias": "mc",
                    "Startup Cost": 0.0,
                    "Total Cost": 34137.82,
                    "Plan Rows": 1534782,
                    "Plan Width": 4,
                    "Actual Startup Time": 0.013,
                    "Actual Total Time": 114.54,
                    "Actual Rows": 1304564,
                    "Actual Loops": 2
                  },
                  {
                    "Node Type": "Hash",
                    "Parent Relationship": "Inner",
                    "Parallel Aware": true,
                    "Startup Cost": 163056.91,
                    "Total Cost": 163056.91,
                    "Plan Rows": 773577,
                    "Plan Width": 8,
                    "Actual Startup Time": 1481.442,
                    "Actual Total Time": 1482.714,
                    "Actual Rows": 728219,
                    "Actual Loops": 2,
                    "Hash Buckets": 2097152,
                    "Original Hash Buckets": 2097152,
                    "Hash Batches": 1,
                    "Original Hash Batches": 1,
                    "Peak Memory Usage": 73376,
                    "Plans": [
                      {
                        "Node Type": "Hash Join",
                        "Parent Relationship": "Outer",
                        "Parallel Aware": true,
                        "Join Type": "Inner",
                        "Startup Cost": 69461.26,
                        "Total Cost": 163056.91,
                        "Plan Rows": 773577,
                        "Plan Width": 8,
                        "Actual Startup Time": 594.702,
                        "Actual Total Time": 1240.321,
                        "Actual Rows": 728219,
                        "Actual Loops": 2,
                        "Inner Unique": true,
                        "Hash Cond": "(ci.movie_id = t.id)",
                        "Plans": [
                          {
                            "Node Type": "Index Scan",
                            "Parent Relationship": "Outer",
                            "Parallel Aware": true,
                            "Scan Direction": "Forward",
                            "Index Name": "role_id_cast_info",
                            "Relation Name": "cast_info",
                            "Alias": "ci",
                            "Startup Cost": 0.56,
                            "Total Cost": 91565.57,
                            "Plan Rows": 773577,
                            "Plan Width": 4,
                            "Actual Startup Time": 0.185,
                            "Actual Total Time": 257.929,
                            "Actual Rows": 728219,
                            "Actual Loops": 2,
                            "Index Cond": "(role_id = 4)",
                            "Rows Removed by Index Recheck": 0,
                            "Filter": "(person_id > 1960841)",
                            "Rows Removed by Filter": 636252
                          },
                          {
                            "Node Type": "Hash",
                            "Parent Relationship": "Inner",
                            "Parallel Aware": true,
                            "Startup Cost": 50870.31,
                            "Total Cost": 50870.31,
                            "Plan Rows": 1487231,
                            "Plan Width": 4,
                            "Actual Startup Time": 580.677,
                            "Actual Total Time": 580.677,
                            "Actual Rows": 1264156,
                            "Actual Loops": 2,
                            "Hash Buckets": 4194304,
                            "Original Hash Buckets": 4194304,
                            "Hash Batches": 1,
                            "Original Hash Batches": 1,
                            "Peak Memory Usage": 131712,
                            "Plans": [
                              {
                                "Node Type": "Seq Scan",
                                "Parent Relationship": "Outer",
                                "Parallel Aware": true,
                                "Relation Name": "title",
                                "Alias": "t",
                                "Startup Cost": 0.0,
                                "Total Cost": 50870.31,
                                "Plan Rows": 1487231,
                                "Plan Width": 4,
                                "Actual Startup Time": 0.032,
                                "Actual Total Time": 177.899,
                                "Actual Rows": 1264156,
                                "Actual Loops": 2
                              }
                            ]
                          }
                        ]
                      }
                    ]
                  }
                ]
              }
            ]
          }
        ]
      }
    ]
  },
  "Planning Time": 1.16,
  "Triggers": [],
  "Execution Time": 2149.656
}