[
  {
    "Plan": {
      "Node Type": "Aggregate",
      "Strategy": "Plain",
      "Partial Mode": "Finalize",
      "Parallel Aware": false,
      "Startup Cost": 154055.98,
      "Total Cost": 154055.99,
      "Plan Rows": 1,
      "Plan Width": 8,
      "Actual Startup Time": 2362.49,
      "Actual Total Time": 2429.563,
      "Actual Rows": 1,
      "Actual Loops": 1,
      "Plans": [
        {
          "Node Type": "Gather",
          "Parent Relationship": "Outer",
          "Parallel Aware": false,
          "Startup Cost": 154055.66,
          "Total Cost": 154055.97,
          "Plan Rows": 3,
          "Plan Width": 8,
          "Actual Startup Time": 2361.591,
          "Actual Total Time": 2429.542,
          "Actual Rows": 4,
          "Actual Loops": 1,
          "Workers Planned": 3,
          "Workers Launched": 3,
          "Single Copy": false,
          "Plans": [
            {
              "Node Type": "Aggregate",
              "Strategy": "Plain",
              "Partial Mode": "Partial",
              "Parent Relationship": "Outer",
              "Parallel Aware": false,
              "Startup Cost": 153055.66,
              "Total Cost": 153055.67,
              "Plan Rows": 1,
              "Plan Width": 8,
              "Actual Startup Time": 2354.642,
              "Actual Total Time": 2354.646,
              "Actual Rows": 1,
              "Actual Loops": 4,
              "Plans": [
                {
                  "Node Type": "Nested Loop",
                  "Parent Relationship": "Outer",
                  "Parallel Aware": false,
                  "Join Type": "Inner",
                  "Startup Cost": 45675.59,
                  "Total Cost": 151985.24,
                  "Plan Rows": 428169,
                  "Plan Width": 0,
                  "Actual Startup Time": 109.071,
                  "Actual Total Time": 2192.562,
                  "Actual Rows": 3783243,
                  "Actual Loops": 4,
                  "Inner Unique": false,
                  "Join Filter": "(t.id = ci.movie_id)",
                  "Rows Removed by Join Filter": 0,
                  "Plans": [
                    {
                      "Node Type": "Hash Join",
                      "Parent Relationship": "Outer",
                      "Parallel Aware": true,
                      "Join Type": "Inner",
                      "Startup Cost": 45675.02,
                      "Total Cost": 91539.98,
                      "Plan Rows": 29863,
                      "Plan Width": 8,
                      "Actual Startup Time": 108.944,
                      "Actual Total Time": 314.397,
                      "Actual Rows": 113215,
                      "Actual Loops": 4,
                      "Inner Unique": true,
                      "Hash Cond": "(mk.movie_id = t.id)",
                      "Plans": [
                        {
                          "Node Type": "Seq Scan",
                          "Parent Relationship": "Outer",
                          "Parallel Aware": true,
                          "Relation Name": "movie_keyword",
                          "Alias": "mk",
                          "Startup Cost": 0.0,
                          "Total Cost": 42695.65,
                          "Plan Rows": 1207355,
                          "Plan Width": 4,
                          "Actual Startup Time": 0.027,
                          "Actual Total Time": 111.3,
                          "Actual Rows": 936748,
                          "Actual Loops": 4,
                          "Filter": "(keyword_id < 24275)",
                          "Rows Removed by Filter": 194234
                        },
                        {
                          "Node Type": "Hash",
                          "Parent Relationship": "Inner",
                          "Parallel Aware": true,
                          "Startup Cost": 45479.59,
                          "Total Cost": 45479.59,
                          "Plan Rows": 15635,
                          "Plan Width": 4,
                          "Actual Startup Time": 107.845,
                          "Actual Total Time": 107.846,
                          "Actual Rows": 41920,
                          "Actual Loops": 4,
                          "Hash Buckets": 262144,
                          "Original Hash Buckets": 65536,
                          "Hash Batches": 1,
                          "Original Hash Batches": 1,
                          "Peak Memory Usage": 10208,
                          "Plans": [
                            {
                              "Node Type": "Seq Scan",
                              "Parent Relationship": "Outer",
                              "Parallel Aware": true,
                              "Relation Name": "title",
                              "Alias": "t",
                              "Startup Cost": 0.0,
                              "Total Cost": 45479.59,
                              "Plan Rows": 15635,
                              "Plan Width": 4,
                              "Actual Startup Time": 0.447,
                              "Actual Total Time": 92.024,
                              "Actual Rows": 41920,
                              "Actual Loops": 4,
                              "Filter": "((kind_id < 7) AND (production_year < 1952))",
                              "Rows Removed by Filter": 590158
                            }
                          ]
                        }
                      ]
                    },
                    {
                      "Node Type": "Index Only Scan",
                      "Parent Relationship": "Inner",
                      "Parallel Aware": false,
                      "Scan Direction": "Forward",
                      "Index Name": "movie_id_cast_info",
                      "Relation Name": "cast_info",
                      "Alias": "ci",
                      "Startup Cost": 0.56,
                      "Total Cost": 1.59,
                      "Plan Rows": 35,
                      "Plan Width": 4,
                      "Actual Startup Time": 0.003,
                      "Actual Total Time": 0.014,
                      "Actual Rows": 33,
                      "Actual Loops": 452860,
                      "Index Cond": "(movie_id = mk.movie_id)",
                      "Rows Removed by Index Recheck": 0,
                      "Heap Fetches": 15132971
                    }
                  ]
                }
              ]
            }
          ]
        }
      ]
    },
    "Planning Time": 0.617,
    "Triggers": [],
    "Execution Time": 2429.64
  }
]