[
  {
    "Plan": {
      "Node Type": "Aggregate",
      "Strategy": "Plain",
      "Partial Mode": "Finalize",
      "Parallel Aware": false,
      "Startup Cost": 185253.26,
      "Total Cost": 185253.27,
      "Plan Rows": 1,
      "Plan Width": 8,
      "Actual Startup Time": 174.766,
      "Actual Total Time": 184.885,
      "Actual Rows": 1,
      "Actual Loops": 1,
      "Plans": [
        {
          "Node Type": "Gather",
          "Parent Relationship": "Outer",
          "Parallel Aware": false,
          "Startup Cost": 185252.74,
          "Total Cost": 185253.25,
          "Plan Rows": 5,
          "Plan Width": 8,
          "Actual Startup Time": 174.111,
          "Actual Total Time": 184.874,
          "Actual Rows": 6,
          "Actual Loops": 1,
          "Workers Planned": 5,
          "Workers Launched": 5,
          "Single Copy": false,
          "Plans": [
            {
              "Node Type": "Aggregate",
              "Strategy": "Plain",
              "Partial Mode": "Partial",
              "Parent Relationship": "Outer",
              "Parallel Aware": false,
              "Startup Cost": 184252.74,
              "Total Cost": 184252.75,
              "Plan Rows": 1,
              "Plan Width": 8,
              "Actual Startup Time": 163.752,
              "Actual Total Time": 163.753,
              "Actual Rows": 1,
              "Actual Loops": 6,
              "Plans": [
                {
                  "Node Type": "Bitmap Heap Scan",
                  "Parent Relationship": "Outer",
                  "Parallel Aware": true,
                  "Relation Name": "movie_info",
                  "Alias": "mi",
                  "Startup Cost": 19097.52,
                  "Total Cost": 183725.7,
                  "Plan Rows": 210815,
                  "Plan Width": 0,
                  "Actual Startup Time": 71.811,
                  "Actual Total Time": 150.986,
                  "Actual Rows": 166732,
                  "Actual Loops": 6,
                  "Recheck Cond": "(info_type_id > 88)",
                  "Rows Removed by Index Recheck": 0,
                  "Exact Heap Blocks": 9048,
                  "Lossy Heap Blocks": 0,
                  "Plans": [
                    {
                      "Node Type": "Bitmap Index Scan",
                      "Parent Relationship": "Outer",
                      "Parallel Aware": false,
                      "Index Name": "info_type_id_movie_info",
                      "Startup Cost": 0.0,
                      "Total Cost": 18834.0,
                      "Plan Rows": 1054075,
                      "Plan Width": 0,
                      "Actual Startup Time": 72.511,
                      "Actual Total Time": 72.512,
                      "Actual Rows": 1000392,
                      "Actual Loops": 1,
                      "Index Cond": "(info_type_id > 88)"
                    }
                  ]
                }
              ]
            }
          ]
        }
      ]
    },
    "Planning Time": 0.162,
    "Triggers": [],
    "Execution Time": 184.958
  }
]