[
  {
    "Plan": {
      "Node Type": "Aggregate",
      "Strategy": "Plain",
      "Partial Mode": "Finalize",
      "Parallel Aware": false,
      "Startup Cost": 78176.43,
      "Total Cost": 78176.44,
      "Plan Rows": 1,
      "Plan Width": 8,
      "Actual Startup Time": 373.59,
      "Actual Total Time": 394.602,
      "Actual Rows": 1,
      "Actual Loops": 1,
      "Plans": [
        {
          "Node Type": "Gather",
          "Parent Relationship": "Outer",
          "Parallel Aware": false,
          "Startup Cost": 78176.11,
          "Total Cost": 78176.42,
          "Plan Rows": 3,
          "Plan Width": 8,
          "Actual Startup Time": 371.173,
          "Actual Total Time": 394.589,
          "Actual Rows": 4,
          "Actual Loops": 1,
          "Workers Planned": 3,
          "Workers Launched": 3,
          "Single Copy": false,
          "Plans": [
            {
              "Node Type": "Aggregate",
              "Strategy": "Plain",
              "Partial Mode": "Partial",
              "Parent Relationship": "Outer",
              "Parallel Aware": false,
              "Startup Cost": 77176.11,
              "Total Cost": 77176.12,
              "Plan Rows": 1,
              "Plan Width": 8,
              "Actual Startup Time": 346.966,
              "Actual Total Time": 346.97,
              "Actual Rows": 1,
              "Actual Loops": 4,
              "Plans": [
                {
                  "Node Type": "Hash Join",
                  "Parent Relationship": "Outer",
                  "Parallel Aware": true,
                  "Join Type": "Inner",
                  "Startup Cost": 51396.97,
                  "Total Cost": 77123.83,
                  "Plan Rows": 20912,
                  "Plan Width": 0,
                  "Actual Startup Time": 264.274,
                  "Actual Total Time": 344.958,
                  "Actual Rows": 26404,
                  "Actual Loops": 4,
                  "Inner Unique": true,
                  "Hash Cond": "(mk.movie_id = t.id)",
                  "Plans": [
                    {
                      "Node Type": "Bitmap Heap Scan",
                      "Parent Relationship": "Outer",
                      "Parallel Aware": true,
                      "Relation Name": "movie_keyword",
                      "Alias": "mk",
                      "Startup Cost": 5534.28,
                      "Total Cost": 31040.22,
                      "Plan Rows": 84156,
                      "Plan Width": 4,
                      "Actual Startup Time": 45.044,
                      "Actual Total Time": 98.058,
                      "Actual Rows": 63916,
                      "Actual Loops": 4,
                      "Recheck Cond": "(keyword_id < 225)",
                      "Rows Removed by Index Recheck": 0,
                      "Exact Heap Blocks": 8554,
                      "Lossy Heap Blocks": 0,
                      "Plans": [
                        {
                          "Node Type": "Bitmap Index Scan",
                          "Parent Relationship": "Outer",
                          "Parallel Aware": false,
                          "Index Name": "keyword_id_movie_keyword",
                          "Startup Cost": 0.0,
                          "Total Cost": 5469.05,
                          "Plan Rows": 260883,
                          "Plan Width": 0,
                          "Actual Startup Time": 39.261,
                          "Actual Total Time": 39.262,
                          "Actual Rows": 255663,
                          "Actual Loops": 1,
                          "Index Cond": "(keyword_id < 225)"
                        }
                      ]
                    },
                    {
                      "Node Type": "Hash",
                      "Parent Relationship": "Inner",
                      "Parallel Aware": true,
                      "Startup Cost": 43899.32,
                      "Total Cost": 43899.32,
                      "Plan Rows": 157070,
                      "Plan Width": 4,
                      "Actual Startup Time": 210.115,
                      "Actual Total Time": 210.116,
                      "Actual Rows": 160743,
                      "Actual Loops": 4,
                      "Hash Buckets": 1048576,
                      "Original Hash Buckets": 1048576,
                      "Hash Batches": 1,
                      "Original Hash Batches": 1,
                      "Peak Memory Usage": 33440,
                      "Plans": [
                        {
                          "Node Type": "Seq Scan",
                          "Parent Relationship": "Outer",
                          "Parallel Aware": true,
                          "Relation Name": "title",
                          "Alias": "t",
                          "Startup Cost": 0.0,
                          "Total Cost": 43899.32,
                          "Plan Rows": 157070,
                          "Plan Width": 4,
                          "Actual Startup Time": 0.042,
                          "Actual Total Time": 116.591,
                          "Actual Rows": 160743,
                          "Actual Loops": 4,
                          "Filter": "(production_year < 1988)",
                          "Rows Removed by Filter": 471335
                        }
                      ]
                    }
                  ]
                }
              ]
            }
          ]
        }
      ]
    },
    "Planning Time": 0.691,
    "Triggers": [],
    "Execution Time": 394.707
  }
]