[
  {
    "Plan": {
      "Node Type": "Aggregate",
      "Strategy": "Plain",
      "Partial Mode": "Finalize",
      "Parallel Aware": false,
      "Startup Cost": 77832.1,
      "Total Cost": 77832.11,
      "Plan Rows": 1,
      "Plan Width": 8,
      "Actual Startup Time": 303.555,
      "Actual Total Time": 320.083,
      "Actual Rows": 1,
      "Actual Loops": 1,
      "Plans": [
        {
          "Node Type": "Gather",
          "Parent Relationship": "Outer",
          "Parallel Aware": false,
          "Startup Cost": 77831.79,
          "Total Cost": 77832.1,
          "Plan Rows": 3,
          "Plan Width": 8,
          "Actual Startup Time": 300.579,
          "Actual Total Time": 320.072,
          "Actual Rows": 4,
          "Actual Loops": 1,
          "Workers Planned": 3,
          "Workers Launched": 3,
          "Single Copy": false,
          "Plans": [
            {
              "Node Type": "Aggregate",
              "Strategy": "Plain",
              "Partial Mode": "Partial",
              "Parent Relationship": "Outer",
              "Parallel Aware": false,
              "Startup Cost": 76831.79,
              "Total Cost": 76831.8,
              "Plan Rows": 1,
              "Plan Width": 8,
              "Actual Startup Time": 291.862,
              "Actual Total Time": 291.866,
              "Actual Rows": 1,
              "Actual Loops": 4,
              "Plans": [
                {
                  "Node Type": "Hash Join",
                  "Parent Relationship": "Outer",
                  "Parallel Aware": true,
                  "Join Type": "Inner",
                  "Startup Cost": 51123.88,
                  "Total Cost": 76781.71,
                  "Plan Rows": 20030,
                  "Plan Width": 0,
                  "Actual Startup Time": 213.004,
                  "Actual Total Time": 289.872,
                  "Actual Rows": 26404,
                  "Actual Loops": 4,
                  "Inner Unique": true,
                  "Hash Cond": "(mk.movie_id = t.id)",
                  "Plans": [
                    {
                      "Node Type": "Bitmap Heap Scan",
                      "Parent Relationship": "Outer",
                      "Parallel Aware": true,
                      "Relation Name": "movie_keyword",
                      "Alias": "mk",
                      "Startup Cost": 5236.63,
                      "Total Cost": 30685.53,
                      "Plan Rows": 79592,
                      "Plan Width": 4,
                      "Actual Startup Time": 28.353,
                      "Actual Total Time": 79.968,
                      "Actual Rows": 63916,
                      "Actual Loops": 4,
                      "Recheck Cond": "(keyword_id < 225)",
                      "Rows Removed by Index Recheck": 0,
                      "Exact Heap Blocks": 7427,
                      "Lossy Heap Blocks": 0,
                      "Plans": [
                        {
                          "Node Type": "Bitmap Index Scan",
                          "Parent Relationship": "Outer",
                          "Parallel Aware": false,
                          "Index Name": "keyword_id_movie_keyword",
                          "Startup Cost": 0.0,
                          "Total Cost": 5174.94,
                          "Plan Rows": 246735,
                          "Plan Width": 0,
                          "Actual Startup Time": 22.464,
                          "Actual Total Time": 22.465,
                          "Actual Rows": 255663,
                          "Actual Loops": 1,
                          "Index Cond": "(keyword_id < 225)"
                        }
                      ]
                    },
                    {
                      "Node Type": "Hash",
                      "Parent Relationship": "Inner",
                      "Parallel Aware": true,
                      "Startup Cost": 43898.92,
                      "Total Cost": 43898.92,
                      "Plan Rows": 159067,
                      "Plan Width": 4,
                      "Actual Startup Time": 179.565,
                      "Actual Total Time": 179.566,
                      "Actual Rows": 160743,
                      "Actual Loops": 4,
                      "Hash Buckets": 1048576,
                      "Original Hash Buckets": 1048576,
                      "Hash Batches": 1,
                      "Original Hash Batches": 1,
                      "Peak Memory Usage": 33408,
                      "Plans": [
                        {
                          "Node Type": "Seq Scan",
                          "Parent Relationship": "Outer",
                          "Parallel Aware": true,
                          "Relation Name": "title",
                          "Alias": "t",
                          "Startup Cost": 0.0,
                          "Total Cost": 43898.92,
                          "Plan Rows": 159067,
                          "Plan Width": 4,
                          "Actual Startup Time": 0.038,
                          "Actual Total Time": 114.252,
                          "Actual Rows": 160743,
                          "Actual Loops": 4,
                          "Filter": "(production_year < 1988)",
                          "Rows Removed by Filter": 471335
                        }
                      ]
                    }
                  ]
                }
              ]
            }
          ]
        }
      ]
    },
    "Planning Time": 0.604,
    "Triggers": [],
    "Execution Time": 320.176
  }
]