{
    "Plan": {
        "Node Type": "Aggregate",
        "Strategy": "Plain",
        "Partial Mode": "Simple",
        "Parallel Aware": false,
        "Startup Cost": 80000902216.86,
        "Total Cost": 80000902216.87,
        "Plan Rows": 1,
        "Plan Width": 64,
        "Actual Startup Time": 3961.113,
        "Actual Total Time": 3961.131,
        "Actual Rows": 1,
        "Actual Loops": 1,
        "Output": [
            "min((kt.kind)::text)",
            "min(t.title)"
        ],
        "Plans": [
            {
                "Node Type": "Nested Loop",
                "Parent Relationship": "Outer",
                "Parallel Aware": false,
                "Join Type": "Inner",
                "Startup Cost": 80000896878.56,
                "Total Cost": 80000902216.86,
                "Plan Rows": 1,
                "Plan Width": 27,
                "Actual Startup Time": 3916.408,
                "Actual Total Time": 3960.916,
                "Actual Rows": 612,
                "Actual Loops": 1,
                "Output": [
                    "kt.kind",
                    "t.title"
                ],
                "Inner Unique": true,
                "Plans": [
                    {
                        "Node Type": "Hash Join",
                        "Parent Relationship": "Outer",
                        "Parallel Aware": false,
                        "Join Type": "Inner",
                        "Startup Cost": 70000896878.43,
                        "Total Cost": 70000902211.1,
                        "Plan Rows": 1,
                        "Plan Width": 31,
                        "Actual Startup Time": 3916.376,
                        "Actual Total Time": 3958.563,
                        "Actual Rows": 612,
                        "Actual Loops": 1,
                        "Output": [
                            "mc.company_type_id",
                            "t.title",
                            "kt.kind"
                        ],
                        "Inner Unique": true,
                        "Hash Cond": "(t.kind_id = kt.id)",
                        "Plans": [
                            {
                                "Node Type": "Hash Join",
                                "Parent Relationship": "Outer",
                                "Parallel Aware": false,
                                "Join Type": "Inner",
                                "Startup Cost": 60000896866.16,
                                "Total Cost": 60000902198.81,
                                "Plan Rows": 5,
                                "Plan Width": 25,
                                "Actual Startup Time": 3916.341,
                                "Actual Total Time": 3958.401,
                                "Actual Rows": 612,
                                "Actual Loops": 1,
                                "Output": [
                                    "mc.company_type_id",
                                    "t.title",
                                    "t.kind_id"
                                ],
                                "Inner Unique": true,
                                "Hash Cond": "(mi.info_type_id = it1.id)",
                                "Plans": [
                                    {
                                        "Node Type": "Merge Join",
                                        "Parent Relationship": "Outer",
                                        "Parallel Aware": false,
                                        "Join Type": "Inner",
                                        "Startup Cost": 50000896852.03,
                                        "Total Cost": 50000902184.06,
                                        "Plan Rows": 226,
                                        "Plan Width": 29,
                                        "Actual Startup Time": 3916.285,
                                        "Actual Total Time": 3958.182,
                                        "Actual Rows": 612,
                                        "Actual Loops": 1,
                                        "Output": [
                                            "mc.company_type_id",
                                            "mi.info_type_id",
                                            "t.title",
                                            "t.kind_id"
                                        ],
                                        "Inner Unique": false,
                                        "Merge Cond": "(k.id = mk.keyword_id)",
                                        "Plans": [
                                            {
                                                "Node Type": "Index Scan",
                                                "Parent Relationship": "Outer",
                                                "Parallel Aware": false,
                                                "Scan Direction": "Forward",
                                                "Index Name": "keyword_pkey",
                                                "Relation Name": "keyword",
                                                "Schema": "public",
                                                "Alias": "k",
                                                "Startup Cost": 0.42,
                                                "Total Cost": 5007.5,
                                                "Plan Rows": 134170,
                                                "Plan Width": 4,
                                                "Actual Startup Time": 0.013,
                                                "Actual Total Time": 34.411,
                                                "Actual Rows": 124591,
                                                "Actual Loops": 1,
                                                "Output": [
                                                    "k.id",
                                                    "k.keyword",
                                                    "k.phonetic_code"
                                                ]
                                            },
                                            {
                                                "Node Type": "Sort",
                                                "Parent Relationship": "Inner",
                                                "Parallel Aware": false,
                                                "Startup Cost": 50000896851.61,
                                                "Total Cost": 50000896852.17,
                                                "Plan Rows": 226,
                                                "Plan Width": 33,
                                                "Actual Startup Time": 3916.148,
                                                "Actual Total Time": 3916.259,
                                                "Actual Rows": 612,
                                                "Actual Loops": 1,
                                                "Output": [
                                                    "mc.company_type_id",
                                                    "mi.info_type_id",
                                                    "mk.keyword_id",
                                                    "t.title",
                                                    "t.kind_id"
                                                ],
                                                "Sort Key": [
                                                    "mk.keyword_id"
                                                ],
                                                "Sort Method": "quicksort",
                                                "Sort Space Used": 72,
                                                "Sort Space Type": "Memory",
                                                "Plans": [
                                                    {
                                                        "Node Type": "Hash Join",
                                                        "Parent Relationship": "Outer",
                                                        "Parallel Aware": false,
                                                        "Join Type": "Inner",
                                                        "Startup Cost": 50000883791.41,
                                                        "Total Cost": 50000896842.77,
                                                        "Plan Rows": 226,
                                                        "Plan Width": 33,
                                                        "Actual Startup Time": 3915.789,
                                                        "Actual Total Time": 3916.037,
                                                        "Actual Rows": 612,
                                                        "Actual Loops": 1,
                                                        "Output": [
                                                            "mc.company_type_id",
                                                            "mi.info_type_id",
                                                            "mk.keyword_id",
                                                            "t.title",
                                                            "t.kind_id"
                                                        ],
                                                        "Inner Unique": false,
                                                        "Hash Cond": "(mc.company_id = cn.id)",
                                                        "Plans": [
                                                            {
                                                                "Node Type": "Merge Join",
                                                                "Parent Relationship": "Outer",
                                                                "Parallel Aware": false,
                                                                "Join Type": "Inner",
                                                                "Startup Cost": 40000876805.18,
                                                                "Total Cost": 40000889851.87,
                                                                "Plan Rows": 637,
                                                                "Plan Width": 37,
                                                                "Actual Startup Time": 3863.689,
                                                                "Actual Total Time": 3863.859,
                                                                "Actual Rows": 612,
                                                                "Actual Loops": 1,
                                                                "Output": [
                                                                    "mc.company_id",
                                                                    "mc.company_type_id",
                                                                    "mi.info_type_id",
                                                                    "mk.keyword_id",
                                                                    "t.title",
                                                                    "t.kind_id"
                                                                ],
                                                                "Inner Unique": false,
                                                                "Merge Cond": "(t.id = mc.movie_id)",
                                                                "Plans": [
                                                                    {
                                                                        "Node Type": "Sort",
                                                                        "Parent Relationship": "Outer",
                                                                        "Parallel Aware": false,
                                                                        "Startup Cost": 40000553852.88,
                                                                        "Total Cost": 40000553853.26,
                                                                        "Plan Rows": 153,
                                                                        "Plan Width": 45,
                                                                        "Actual Startup Time": 2887.827,
                                                                        "Actual Total Time": 2887.865,
                                                                        "Actual Rows": 612,
                                                                        "Actual Loops": 1,
                                                                        "Output": [
                                                                            "cc.movie_id",
                                                                            "mi.movie_id",
                                                                            "mi.info_type_id",
                                                                            "mk.movie_id",
                                                                            "mk.keyword_id",
                                                                            "t.title",
                                                                            "t.kind_id",
                                                                            "t.id"
                                                                        ],
                                                                        "Sort Key": [
                                                                            "cc.movie_id"
                                                                        ],
                                                                        "Sort Method": "quicksort",
                                                                        "Sort Space Used": 72,
                                                                        "Sort Space Type": "Memory",
                                                                        "Plans": [
                                                                            {
                                                                                "Node Type": "Nested Loop",
                                                                                "Parent Relationship": "Outer",
                                                                                "Parallel Aware": false,
                                                                                "Join Type": "Inner",
                                                                                "Startup Cost": 40000426838.47,
                                                                                "Total Cost": 40000553847.33,
                                                                                "Plan Rows": 153,
                                                                                "Plan Width": 45,
                                                                                "Actual Startup Time": 2808.469,
                                                                                "Actual Total Time": 2887.737,
                                                                                "Actual Rows": 612,
                                                                                "Actual Loops": 1,
                                                                                "Output": [
                                                                                    "cc.movie_id",
                                                                                    "mi.movie_id",
                                                                                    "mi.info_type_id",
                                                                                    "mk.movie_id",
                                                                                    "mk.keyword_id",
                                                                                    "t.title",
                                                                                    "t.kind_id",
                                                                                    "t.id"
                                                                                ],
                                                                                "Inner Unique": false,
                                                                                "Plans": [
                                                                                    {
                                                                                        "Node Type": "Hash Join",
                                                                                        "Parent Relationship": "Outer",
                                                                                        "Parallel Aware": false,
                                                                                        "Join Type": "Inner",
                                                                                        "Startup Cost": 30000426837.6,
                                                                                        "Total Cost": 30000553770.62,
                                                                                        "Plan Rows": 13,
                                                                                        "Plan Width": 37,
                                                                                        "Actual Startup Time": 2808.414,
                                                                                        "Actual Total Time": 2887.558,
                                                                                        "Actual Rows": 4,
                                                                                        "Actual Loops": 1,
                                                                                        "Output": [
                                                                                            "cc.movie_id",
                                                                                            "mi.movie_id",
                                                                                            "mi.info_type_id",
                                                                                            "t.title",
                                                                                            "t.kind_id",
                                                                                            "t.id"
                                                                                        ],
                                                                                        "Inner Unique": false,
                                                                                        "Hash Cond": "(t.id = mi.movie_id)",
                                                                                        "Plans": [
                                                                                            {
                                                                                                "Node Type": "Hash Join",
                                                                                                "Parent Relationship": "Outer",
                                                                                                "Parallel Aware": false,
                                                                                                "Join Type": "Inner",
                                                                                                "Startup Cost": 20000006626.42,
                                                                                                "Total Cost": 20000127580.8,
                                                                                                "Plan Rows": 14762,
                                                                                                "Plan Width": 29,
                                                                                                "Actual Startup Time": 30.981,
                                                                                                "Actual Total Time": 1228.865,
                                                                                                "Actual Rows": 1315,
                                                                                                "Actual Loops": 1,
                                                                                                "Output": [
                                                                                                    "cc.movie_id",
                                                                                                    "t.title",
                                                                                                    "t.kind_id",
                                                                                                    "t.id"
                                                                                                ],
                                                                                                "Inner Unique": false,
                                                                                                "Hash Cond": "(t.id = cc.movie_id)",
                                                                                                "Plans": [
                                                                                                    {
                                                                                                        "Node Type": "Index Scan",
                                                                                                        "Parent Relationship": "Outer",
                                                                                                        "Parallel Aware": false,
                                                                                                        "Scan Direction": "Forward",
                                                                                                        "Index Name": "title_pkey",
                                                                                                        "Relation Name": "title",
                                                                                                        "Schema": "public",
                                                                                                        "Alias": "t",
                                                                                                        "Startup Cost": 10000000000.43,
                                                                                                        "Total Cost": 10000116662.9,
                                                                                                        "Plan Rows": 1105144,
                                                                                                        "Plan Width": 25,
                                                                                                        "Actual Startup Time": 0.022,
                                                                                                        "Actual Total Time": 1078.231,
                                                                                                        "Actual Rows": 1107925,
                                                                                                        "Actual Loops": 1,
                                                                                                        "Output": [
                                                                                                            "t.id",
                                                                                                            "t.title",
                                                                                                            "t.imdb_index",
                                                                                                            "t.kind_id",
                                                                                                            "t.production_year",
                                                                                                            "t.imdb_id",
                                                                                                            "t.phonetic_code",
                                                                                                            "t.episode_of_id",
                                                                                                            "t.season_nr",
                                                                                                            "t.episode_nr",
                                                                                                            "t.series_years",
                                                                                                            "t.md5sum"
                                                                                                        ],
                                                                                                        "Filter": "(t.production_year > 2004)",
                                                                                                        "Rows Removed by Filter": 1420387
                                                                                                    },
                                                                                                    {
                                                                                                        "Node Type": "Hash",
                                                                                                        "Parent Relationship": "Inner",
                                                                                                        "Parallel Aware": false,
                                                                                                        "Startup Cost": 10000006203.84,
                                                                                                        "Total Cost": 10000006203.84,
                                                                                                        "Plan Rows": 33772,
                                                                                                        "Plan Width": 4,
                                                                                                        "Actual Startup Time": 30.039,
                                                                                                        "Actual Total Time": 30.044,
                                                                                                        "Actual Rows": 24592,
                                                                                                        "Actual Loops": 1,
                                                                                                        "Output": [
                                                                                                            "cc.movie_id"
                                                                                                        ],
                                                                                                        "Hash Buckets": 65536,
                                                                                                        "Original Hash Buckets": 65536,
                                                                                                        "Hash Batches": 1,
                                                                                                        "Original Hash Batches": 1,
                                                                                                        "Peak Memory Usage": 1377,
                                                                                                        "Plans": [
                                                                                                            {
                                                                                                                "Node Type": "Hash Join",
                                                                                                                "Parent Relationship": "Outer",
                                                                                                                "Parallel Aware": false,
                                                                                                                "Join Type": "Inner",
                                                                                                                "Startup Cost": 10000000001.48,
                                                                                                                "Total Cost": 10000006203.84,
                                                                                                                "Plan Rows": 33772,
                                                                                                                "Plan Width": 4,
                                                                                                                "Actual Startup Time": 20.363,
                                                                                                                "Actual Total Time": 27.141,
                                                                                                                "Actual Rows": 24592,
                                                                                                                "Actual Loops": 1,
                                                                                                                "Output": [
                                                                                                                    "cc.movie_id"
                                                                                                                ],
                                                                                                                "Inner Unique": false,
                                                                                                                "Hash Cond": "(cc.status_id = cct1.id)",
                                                                                                                "Plans": [
                                                                                                                    {
                                                                                                                        "Node Type": "Index Scan",
                                                                                                                        "Parent Relationship": "Outer",
                                                                                                                        "Parallel Aware": false,
                                                                                                                        "Scan Direction": "Forward",
                                                                                                                        "Index Name": "status_id_complete_cast",
                                                                                                                        "Relation Name": "complete_cast",
                                                                                                                        "Schema": "public",
                                                                                                                        "Alias": "cc",
                                                                                                                        "Startup Cost": 0.42,
                                                                                                                        "Total Cost": 5358.48,
                                                                                                                        "Plan Rows": 135086,
                                                                                                                        "Plan Width": 8,
                                                                                                                        "Actual Startup Time": 0.015,
                                                                                                                        "Actual Total Time": 15.981,
                                                                                                                        "Actual Rows": 135086,
                                                                                                                        "Actual Loops": 1,
                                                                                                                        "Output": [
                                                                                                                            "cc.id",
                                                                                                                            "cc.movie_id",
                                                                                                                            "cc.subject_id",
                                                                                                                            "cc.status_id"
                                                                                                                        ]
                                                                                                                    },
                                                                                                                    {
                                                                                                                        "Node Type": "Hash",
                                                                                                                        "Parent Relationship": "Inner",
                                                                                                                        "Parallel Aware": false,
                                                                                                                        "Startup Cost": 10000000001.05,
                                                                                                                        "Total Cost": 10000000001.05,
                                                                                                                        "Plan Rows": 1,
                                                                                                                        "Plan Width": 4,
                                                                                                                        "Actual Startup Time": 0.019,
                                                                                                                        "Actual Total Time": 0.021,
                                                                                                                        "Actual Rows": 1,
                                                                                                                        "Actual Loops": 1,
                                                                                                                        "Output": [
                                                                                                                            "cct1.id"
                                                                                                                        ],
                                                                                                                        "Hash Buckets": 1024,
                                                                                                                        "Original Hash Buckets": 1024,
                                                                                                                        "Hash Batches": 1,
                                                                                                                        "Original Hash Batches": 1,
                                                                                                                        "Peak Memory Usage": 9,
                                                                                                                        "Plans": [
                                                                                                                            {
                                                                                                                                "Node Type": "Seq Scan",
                                                                                                                                "Parent Relationship": "Outer",
                                                                                                                                "Parallel Aware": false,
                                                                                                                                "Relation Name": "comp_cast_type",
                                                                                                                                "Schema": "public",
                                                                                                                                "Alias": "cct1",
                                                                                                                                "Startup Cost": 10000000000.0,
                                                                                                                                "Total Cost": 10000000001.05,
                                                                                                                                "Plan Rows": 1,
                                                                                                                                "Plan Width": 4,
                                                                                                                                "Actual Startup Time": 0.014,
                                                                                                                                "Actual Total Time": 0.015,
                                                                                                                                "Actual Rows": 1,
                                                                                                                                "Actual Loops": 1,
                                                                                                                                "Output": [
                                                                                                                                    "cct1.id"
                                                                                                                                ],
                                                                                                                                "Filter": "((cct1.kind)::text = 'complete+verified'::text)",
                                                                                                                                "Rows Removed by Filter": 3
                                                                                                                            }
                                                                                                                        ]
                                                                                                                    }
                                                                                                                ]
                                                                                                            }
                                                                                                        ]
                                                                                                    }
                                                                                                ]
                                                                                            },
                                                                                            {
                                                                                                "Node Type": "Hash",
                                                                                                "Parent Relationship": "Inner",
                                                                                                "Parallel Aware": false,
                                                                                                "Startup Cost": 10000420207.16,
                                                                                                "Total Cost": 10000420207.16,
                                                                                                "Plan Rows": 322,
                                                                                                "Plan Width": 8,
                                                                                                "Actual Startup Time": 1658.162,
                                                                                                "Actual Total Time": 1658.162,
                                                                                                "Actual Rows": 1783,
                                                                                                "Actual Loops": 1,
                                                                                                "Output": [
                                                                                                    "mi.movie_id",
                                                                                                    "mi.info_type_id"
                                                                                                ],
                                                                                                "Hash Buckets": 2048,
                                                                                                "Original Hash Buckets": 1024,
                                                                                                "Hash Batches": 1,
                                                                                                "Original Hash Batches": 1,
                                                                                                "Peak Memory Usage": 86,
                                                                                                "Plans": [
                                                                                                    {
                                                                                                        "Node Type": "Seq Scan",
                                                                                                        "Parent Relationship": "Outer",
                                                                                                        "Parallel Aware": false,
                                                                                                        "Relation Name": "movie_info",
                                                                                                        "Schema": "public",
                                                                                                        "Alias": "mi",
                                                                                                        "Startup Cost": 10000000000.0,
                                                                                                        "Total Cost": 10000420207.16,
                                                                                                        "Plan Rows": 322,
                                                                                                        "Plan Width": 8,
                                                                                                        "Actual Startup Time": 489.961,
                                                                                                        "Actual Total Time": 1657.466,
                                                                                                        "Actual Rows": 1783,
                                                                                                        "Actual Loops": 1,
                                                                                                        "Output": [
                                                                                                            "mi.movie_id",
                                                                                                            "mi.info_type_id"
                                                                                                        ],
                                                                                                        "Filter": "((mi.info IS NOT NULL) AND (mi.note ~~ '%internet%'::text) AND ((mi.info ~~ 'USA:% 199%'::text) OR (mi.info ~~ 'USA:% 200%'::text)))",
                                                                                                        "Rows Removed by Filter": 14833937
                                                                                                    }
                                                                                                ]
                                                                                            }
                                                                                        ]
                                                                                    },
                                                                                    {
                                                                                        "Node Type": "Bitmap Heap Scan",
                                                                                        "Parent Relationship": "Inner",
                                                                                        "Parallel Aware": false,
                                                                                        "Relation Name": "movie_keyword",
                                                                                        "Schema": "public",
                                                                                        "Alias": "mk",
                                                                                        "Startup Cost": 0.87,
                                                                                        "Total Cost": 5.44,
                                                                                        "Plan Rows": 46,
                                                                                        "Plan Width": 8,
                                                                                        "Actual Startup Time": 0.015,
                                                                                        "Actual Total Time": 0.024,
                                                                                        "Actual Rows": 153,
                                                                                        "Actual Loops": 4,
                                                                                        "Output": [
                                                                                            "mk.id",
                                                                                            "mk.movie_id",
                                                                                            "mk.keyword_id"
                                                                                        ],
                                                                                        "Recheck Cond": "(mk.movie_id = t.id)",
                                                                                        "Rows Removed by Index Recheck": 0,
                                                                                        "Exact Heap Blocks": 8,
                                                                                        "Lossy Heap Blocks": 0,
                                                                                        "Plans": [
                                                                                            {
                                                                                                "Node Type": "Bitmap Index Scan",
                                                                                                "Parent Relationship": "Outer",
                                                                                                "Parallel Aware": false,
                                                                                                "Index Name": "movie_id_movie_keyword",
                                                                                                "Startup Cost": 0.0,
                                                                                                "Total Cost": 0.85,
                                                                                                "Plan Rows": 46,
                                                                                                "Plan Width": 0,
                                                                                                "Actual Startup Time": 0.01,
                                                                                                "Actual Total Time": 0.01,
                                                                                                "Actual Rows": 153,
                                                                                                "Actual Loops": 4,
                                                                                                "Index Cond": "(mk.movie_id = t.id)"
                                                                                            }
                                                                                        ]
                                                                                    }
                                                                                ]
                                                                            }
                                                                        ]
                                                                    },
                                                                    {
                                                                        "Node Type": "Sort",
                                                                        "Parent Relationship": "Inner",
                                                                        "Parallel Aware": false,
                                                                        "Startup Cost": 322951.0,
                                                                        "Total Cost": 329473.82,
                                                                        "Plan Rows": 2609129,
                                                                        "Plan Width": 12,
                                                                        "Actual Startup Time": 784.514,
                                                                        "Actual Total Time": 864.239,
                                                                        "Actual Rows": 2246613,
                                                                        "Actual Loops": 1,
                                                                        "Output": [
                                                                            "mc.movie_id",
                                                                            "mc.company_id",
                                                                            "mc.company_type_id"
                                                                        ],
                                                                        "Sort Key": [
                                                                            "mc.movie_id"
                                                                        ],
                                                                        "Sort Method": "quicksort",
                                                                        "Sort Space Used": 220607,
                                                                        "Sort Space Type": "Memory",
                                                                        "Plans": [
                                                                            {
                                                                                "Node Type": "Seq Scan",
                                                                                "Parent Relationship": "Outer",
                                                                                "Parallel Aware": false,
                                                                                "Relation Name": "movie_companies",
                                                                                "Schema": "public",
                                                                                "Alias": "mc",
                                                                                "Startup Cost": 0.0,
                                                                                "Total Cost": 44881.29,
                                                                                "Plan Rows": 2609129,
                                                                                "Plan Width": 12,
                                                                                "Actual Startup Time": 0.016,
                                                                                "Actual Total Time": 266.27,
                                                                                "Actual Rows": 2609129,
                                                                                "Actual Loops": 1,
                                                                                "Output": [
                                                                                    "mc.movie_id",
                                                                                    "mc.company_id",
                                                                                    "mc.company_type_id"
                                                                                ]
                                                                            }
                                                                        ]
                                                                    }
                                                                ]
                                                            },
                                                            {
                                                                "Node Type": "Hash",
                                                                "Parent Relationship": "Inner",
                                                                "Parallel Aware": false,
                                                                "Startup Cost": 10000005932.46,
                                                                "Total Cost": 10000005932.46,
                                                                "Plan Rows": 84301,
                                                                "Plan Width": 4,
                                                                "Actual Startup Time": 51.904,
                                                                "Actual Total Time": 51.904,
                                                                "Actual Rows": 84843,
                                                                "Actual Loops": 1,
                                                                "Output": [
                                                                    "cn.id"
                                                                ],
                                                                "Hash Buckets": 131072,
                                                                "Original Hash Buckets": 131072,
                                                                "Hash Batches": 1,
                                                                "Original Hash Batches": 1,
                                                                "Peak Memory Usage": 4007,
                                                                "Plans": [
                                                                    {
                                                                        "Node Type": "Seq Scan",
                                                                        "Parent Relationship": "Outer",
                                                                        "Parallel Aware": false,
                                                                        "Relation Name": "company_name",
                                                                        "Schema": "public",
                                                                        "Alias": "cn",
                                                                        "Startup Cost": 10000000000.0,
                                                                        "Total Cost": 10000005932.46,
                                                                        "Plan Rows": 84301,
                                                                        "Plan Width": 4,
                                                                        "Actual Startup Time": 0.018,
                                                                        "Actual Total Time": 37.109,
                                                                        "Actual Rows": 84843,
                                                                        "Actual Loops": 1,
                                                                        "Output": [
                                                                            "cn.id"
                                                                        ],
                                                                        "Filter": "((cn.country_code)::text = '[us]'::text)",
                                                                        "Rows Removed by Filter": 150154
                                                                    }
                                                                ]
                                                            }
                                                        ]
                                                    }
                                                ]
                                            }
                                        ]
                                    },
                                    {
                                        "Node Type": "Hash",
                                        "Parent Relationship": "Inner",
                                        "Parallel Aware": false,
                                        "Startup Cost": 10000000014.12,
                                        "Total Cost": 10000000014.12,
                                        "Plan Rows": 1,
                                        "Plan Width": 4,
                                        "Actual Startup Time": 0.049,
                                        "Actual Total Time": 0.05,
                                        "Actual Rows": 1,
                                        "Actual Loops": 1,
                                        "Output": [
                                            "it1.id"
                                        ],
                                        "Hash Buckets": 1024,
                                        "Original Hash Buckets": 1024,
                                        "Hash Batches": 1,
                                        "Original Hash Batches": 1,
                                        "Peak Memory Usage": 9,
                                        "Plans": [
                                            {
                                                "Node Type": "Index Scan",
                                                "Parent Relationship": "Outer",
                                                "Parallel Aware": false,
                                                "Scan Direction": "Forward",
                                                "Index Name": "info_type_pkey",
                                                "Relation Name": "info_type",
                                                "Schema": "public",
                                                "Alias": "it1",
                                                "Startup Cost": 10000000000.14,
                                                "Total Cost": 10000000014.12,
                                                "Plan Rows": 1,
                                                "Plan Width": 4,
                                                "Actual Startup Time": 0.027,
                                                "Actual Total Time": 0.048,
                                                "Actual Rows": 1,
                                                "Actual Loops": 1,
                                                "Output": [
                                                    "it1.id"
                                                ],
                                                "Filter": "((it1.info)::text = 'release dates'::text)",
                                                "Rows Removed by Filter": 112
                                            }
                                        ]
                                    }
                                ]
                            },
                            {
                                "Node Type": "Hash",
                                "Parent Relationship": "Inner",
                                "Parallel Aware": false,
                                "Startup Cost": 10000000012.25,
                                "Total Cost": 10000000012.25,
                                "Plan Rows": 1,
                                "Plan Width": 14,
                                "Actual Startup Time": 0.026,
                                "Actual Total Time": 0.027,
                                "Actual Rows": 1,
                                "Actual Loops": 1,
                                "Output": [
                                    "kt.kind",
                                    "kt.id"
                                ],
                                "Hash Buckets": 1024,
                                "Original Hash Buckets": 1024,
                                "Hash Batches": 1,
                                "Original Hash Batches": 1,
                                "Peak Memory Usage": 9,
                                "Plans": [
                                    {
                                        "Node Type": "Index Scan",
                                        "Parent Relationship": "Outer",
                                        "Parallel Aware": false,
                                        "Scan Direction": "Forward",
                                        "Index Name": "kind_type_pkey",
                                        "Relation Name": "kind_type",
                                        "Schema": "public",
                                        "Alias": "kt",
                                        "Startup Cost": 10000000000.13,
                                        "Total Cost": 10000000012.25,
                                        "Plan Rows": 1,
                                        "Plan Width": 14,
                                        "Actual Startup Time": 0.017,
                                        "Actual Total Time": 0.022,
                                        "Actual Rows": 1,
                                        "Actual Loops": 1,
                                        "Output": [
                                            "kt.kind",
                                            "kt.id"
                                        ],
                                        "Filter": "((kt.kind)::text = 'movie'::text)",
                                        "Rows Removed by Filter": 6
                                    }
                                ]
                            }
                        ]
                    },
                    {
                        "Node Type": "Bitmap Heap Scan",
                        "Parent Relationship": "Inner",
                        "Parallel Aware": false,
                        "Relation Name": "company_type",
                        "Schema": "public",
                        "Alias": "ct",
                        "Startup Cost": 0.14,
                        "Total Cost": 4.15,
                        "Plan Rows": 1,
                        "Plan Width": 4,
                        "Actual Startup Time": 0.002,
                        "Actual Total Time": 0.002,
                        "Actual Rows": 1,
                        "Actual Loops": 612,
                        "Output": [
                            "ct.id",
                            "ct.kind"
                        ],
                        "Recheck Cond": "(ct.id = mc.company_type_id)",
                        "Rows Removed by Index Recheck": 0,
                        "Exact Heap Blocks": 612,
                        "Lossy Heap Blocks": 0,
                        "Plans": [
                            {
                                "Node Type": "Bitmap Index Scan",
                                "Parent Relationship": "Outer",
                                "Parallel Aware": false,
                                "Index Name": "company_type_pkey",
                                "Startup Cost": 0.0,
                                "Total Cost": 0.14,
                                "Plan Rows": 1,
                                "Plan Width": 0,
                                "Actual Startup Time": 0.001,
                                "Actual Total Time": 0.001,
                                "Actual Rows": 1,
                                "Actual Loops": 612,
                                "Index Cond": "(ct.id = mc.company_type_id)"
                            }
                        ]
                    }
                ]
            }
        ]
    },
    "Planning Time": 27.308,
    "Triggers": [],
    "Execution Time": 3965.815
}