[
  {
    "Plan": {
      "Node Type": "Aggregate",
      "Strategy": "Plain",
      "Partial Mode": "Finalize",
      "Parallel Aware": false,
      "Startup Cost": 389090.69,
      "Total Cost": 389090.7,
      "Plan Rows": 1,
      "Plan Width": 8,
      "Actual Startup Time": 1559.63,
      "Actual Total Time": 1610.176,
      "Actual Rows": 1,
      "Actual Loops": 1,
      "Plans": [
        {
          "Node Type": "Gather",
          "Parent Relationship": "Outer",
          "Parallel Aware": false,
          "Startup Cost": 389090.07,
          "Total Cost": 389090.68,
          "Plan Rows": 6,
          "Plan Width": 8,
          "Actual Startup Time": 1553.558,
          "Actual Total Time": 1610.162,
          "Actual Rows": 7,
          "Actual Loops": 1,
          "Workers Planned": 6,
          "Workers Launched": 6,
          "Single Copy": false,
          "Plans": [
            {
              "Node Type": "Aggregate",
              "Strategy": "Plain",
              "Partial Mode": "Partial",
              "Parent Relationship": "Outer",
              "Parallel Aware": false,
              "Startup Cost": 388090.07,
              "Total Cost": 388090.08,
              "Plan Rows": 1,
              "Plan Width": 8,
              "Actual Startup Time": 1543.379,
              "Actual Total Time": 1543.382,
              "Actual Rows": 1,
              "Actual Loops": 7,
              "Plans": [
                {
                  "Node Type": "Hash Join",
                  "Parent Relationship": "Outer",
                  "Parallel Aware": true,
                  "Join Type": "Inner",
                  "Startup Cost": 47294.72,
                  "Total Cost": 385831.1,
                  "Plan Rows": 903586,
                  "Plan Width": 0,
                  "Actual Startup Time": 271.726,
                  "Actual Total Time": 1502.307,
                  "Actual Rows": 826013,
                  "Actual Loops": 7,
                  "Inner Unique": true,
                  "Hash Cond": "(ci.movie_id = t.id)",
                  "Plans": [
                    {
                      "Node Type": "Seq Scan",
                      "Parent Relationship": "Outer",
                      "Parallel Aware": true,
                      "Relation Name": "cast_info",
                      "Alias": "ci",
                      "Startup Cost": 0.0,
                      "Total Cost": 328211.39,
                      "Plan Rows": 3933319,
                      "Plan Width": 4,
                      "Actual Startup Time": 140.4,
                      "Actual Total Time": 628.888,
                      "Actual Rows": 3352974,
                      "Actual Loops": 7,
                      "Filter": "(person_id > 1259808)",
                      "Rows Removed by Filter": 1824789
                    },
                    {
                      "Node Type": "Hash",
                      "Parent Relationship": "Inner",
                      "Parallel Aware": true,
                      "Startup Cost": 45479.59,
                      "Total Cost": 45479.59,
                      "Plan Rows": 145211,
                      "Plan Width": 4,
                      "Actual Startup Time": 127.92,
                      "Actual Total Time": 127.921,
                      "Actual Rows": 84961,
                      "Actual Loops": 7,
                      "Hash Buckets": 1048576,
                      "Original Hash Buckets": 1048576,
                      "Hash Batches": 1,
                      "Original Hash Batches": 1,
                      "Peak Memory Usage": 31616,
                      "Plans": [
                        {
                          "Node Type": "Seq Scan",
                          "Parent Relationship": "Outer",
                          "Parallel Aware": true,
                          "Relation Name": "title",
                          "Alias": "t",
                          "Startup Cost": 0.0,
                          "Total Cost": 45479.59,
                          "Plan Rows": 145211,
                          "Plan Width": 4,
                          "Actual Startup Time": 51.569,
                          "Actual Total Time": 84.523,
                          "Actual Rows": 84961,
                          "Actual Loops": 7,
                          "Filter": "((production_year < 2012) AND (kind_id = 1))",
                          "Rows Removed by Filter": 276226
                        }
                      ]
                    }
                  ]
                }
              ]
            }
          ]
        }
      ]
    },
    "Planning Time": 0.638,
    "Triggers": [],
    "Execution Time": 1610.263
  }
]