[
  {
    "Plan": {
      "Node Type": "Aggregate",
      "Strategy": "Plain",
      "Partial Mode": "Finalize",
      "Parallel Aware": false,
      "Startup Cost": 127502.79,
      "Total Cost": 127502.8,
      "Plan Rows": 1,
      "Plan Width": 8,
      "Actual Startup Time": 709.678,
      "Actual Total Time": 733.818,
      "Actual Rows": 1,
      "Actual Loops": 1,
      "Plans": [
        {
          "Node Type": "Gather",
          "Parent Relationship": "Outer",
          "Parallel Aware": false,
          "Startup Cost": 127502.47,
          "Total Cost": 127502.78,
          "Plan Rows": 3,
          "Plan Width": 8,
          "Actual Startup Time": 705.362,
          "Actual Total Time": 733.805,
          "Actual Rows": 4,
          "Actual Loops": 1,
          "Workers Planned": 3,
          "Workers Launched": 3,
          "Single Copy": false,
          "Plans": [
            {
              "Node Type": "Aggregate",
              "Strategy": "Plain",
              "Partial Mode": "Partial",
              "Parent Relationship": "Outer",
              "Parallel Aware": false,
              "Startup Cost": 126502.47,
              "Total Cost": 126502.48,
              "Plan Rows": 1,
              "Plan Width": 8,
              "Actual Startup Time": 693.136,
              "Actual Total Time": 693.809,
              "Actual Rows": 1,
              "Actual Loops": 4,
              "Plans": [
                {
                  "Node Type": "Hash Join",
                  "Parent Relationship": "Outer",
                  "Parallel Aware": true,
                  "Join Type": "Inner",
                  "Startup Cost": 78432.79,
                  "Total Cost": 126314.59,
                  "Plan Rows": 75152,
                  "Plan Width": 0,
                  "Actual Startup Time": 393.854,
                  "Actual Total Time": 646.967,
                  "Actual Rows": 1078126,
                  "Actual Loops": 4,
                  "Inner Unique": false,
                  "Hash Cond": "(mk.movie_id = t.id)",
                  "Plans": [
                    {
                      "Node Type": "Seq Scan",
                      "Parent Relationship": "Outer",
                      "Parallel Aware": true,
                      "Relation Name": "movie_keyword",
                      "Alias": "mk",
                      "Startup Cost": 0.0,
                      "Total Cost": 42695.65,
                      "Plan Rows": 1318324,
                      "Plan Width": 4,
                      "Actual Startup Time": 0.049,
                      "Actual Total Time": 120.113,
                      "Actual Rows": 1017650,
                      "Actual Loops": 4,
                      "Filter": "(keyword_id > 347)",
                      "Rows Removed by Filter": 113332
                    },
                    {
                      "Node Type": "Hash",
                      "Parent Relationship": "Inner",
                      "Parallel Aware": true,
                      "Startup Cost": 77851.63,
                      "Total Cost": 77851.63,
                      "Plan Rows": 46493,
                      "Plan Width": 8,
                      "Actual Startup Time": 349.976,
                      "Actual Total Time": 350.647,
                      "Actual Rows": 123311,
                      "Actual Loops": 4,
                      "Hash Buckets": 524288,
                      "Original Hash Buckets": 262144,
                      "Hash Batches": 1,
                      "Original Hash Batches": 1,
                      "Peak Memory Usage": 25472,
                      "Plans": [
                        {
                          "Node Type": "Hash Join",
                          "Parent Relationship": "Outer",
                          "Parallel Aware": true,
                          "Join Type": "Inner",
                          "Startup Cost": 45971.59,
                          "Total Cost": 77851.63,
                          "Plan Rows": 46493,
                          "Plan Width": 8,
                          "Actual Startup Time": 233.739,
                          "Actual Total Time": 309.05,
                          "Actual Rows": 123311,
                          "Actual Loops": 4,
                          "Inner Unique": true,
                          "Hash Cond": "(mc.movie_id = t.id)",
                          "Plans": [
                            {
                              "Node Type": "Seq Scan",
                              "Parent Relationship": "Outer",
                              "Parallel Aware": true,
                              "Relation Name": "movie_companies",
                              "Alias": "mc",
                              "Startup Cost": 0.0,
                              "Total Cost": 31414.82,
                              "Plan Rows": 177227,
                              "Plan Width": 4,
                              "Actual Startup Time": 31.81,
                              "Actual Total Time": 70.966,
                              "Actual Rows": 211955,
                              "Actual Loops": 4,
                              "Filter": "((company_id > 14232) AND (company_type_id = 2))",
                              "Rows Removed by Filter": 440327
                            },
                            {
                              "Node Type": "Hash",
                              "Parent Relationship": "Inner",
                              "Parallel Aware": true,
                              "Startup Cost": 43898.92,
                              "Total Cost": 43898.92,
                              "Plan Rows": 165814,
                              "Plan Width": 4,
                              "Actual Startup Time": 168.672,
                              "Actual Total Time": 168.673,
                              "Actual Rows": 165706,
                              "Actual Loops": 4,
                              "Hash Buckets": 1048576,
                              "Original Hash Buckets": 1048576,
                              "Hash Batches": 1,
                              "Original Hash Batches": 1,
                              "Peak Memory Usage": 34176,
                              "Plans": [
                                {
                                  "Node Type": "Seq Scan",
                                  "Parent Relationship": "Outer",
                                  "Parallel Aware": true,
                                  "Relation Name": "title",
                                  "Alias": "t",
                                  "Startup Cost": 0.0,
                                  "Total Cost": 43898.92,
                                  "Plan Rows": 165814,
                                  "Plan Width": 4,
                                  "Actual Startup Time": 48.425,
                                  "Actual Total Time": 105.92,
                                  "Actual Rows": 165706,
                                  "Actual Loops": 4,
                                  "Filter": "(kind_id = 1)",
                                  "Rows Removed by Filter": 466372
                                }
                              ]
                            }
                          ]
                        }
                      ]
                    }
                  ]
                }
              ]
            }
          ]
        }
      ]
    },
    "Planning Time": 1.453,
    "Triggers": [],
    "Execution Time": 733.903
  }
]