[
  {
    "Plan": {
      "Node Type": "Aggregate",
      "Strategy": "Plain",
      "Partial Mode": "Finalize",
      "Parallel Aware": false,
      "Startup Cost": 32822.61,
      "Total Cost": 32822.62,
      "Plan Rows": 1,
      "Plan Width": 8,
      "Actual Startup Time": 86.631,
      "Actual Total Time": 94.358,
      "Actual Rows": 1,
      "Actual Loops": 1,
      "Plans": [
        {
          "Node Type": "Gather",
          "Parent Relationship": "Outer",
          "Parallel Aware": false,
          "Startup Cost": 32822.29,
          "Total Cost": 32822.6,
          "Plan Rows": 3,
          "Plan Width": 8,
          "Actual Startup Time": 86.519,
          "Actual Total Time": 94.343,
          "Actual Rows": 4,
          "Actual Loops": 1,
          "Workers Planned": 3,
          "Workers Launched": 3,
          "Single Copy": false,
          "Plans": [
            {
              "Node Type": "Aggregate",
              "Strategy": "Plain",
              "Partial Mode": "Partial",
              "Parent Relationship": "Outer",
              "Parallel Aware": false,
              "Startup Cost": 31822.29,
              "Total Cost": 31822.3,
              "Plan Rows": 1,
              "Plan Width": 8,
              "Actual Startup Time": 79.444,
              "Actual Total Time": 79.445,
              "Actual Rows": 1,
              "Actual Loops": 4,
              "Plans": [
                {
                  "Node Type": "Seq Scan",
                  "Parent Relationship": "Outer",
                  "Parallel Aware": true,
                  "Relation Name": "movie_companies",
                  "Alias": "mc",
                  "Startup Cost": 0.0,
                  "Total Cost": 31414.82,
                  "Plan Rows": 162990,
                  "Plan Width": 0,
                  "Actual Startup Time": 48.439,
                  "Actual Total Time": 76.443,
                  "Actual Rows": 74809,
                  "Actual Loops": 4,
                  "Filter": "((company_id < 4625) AND (company_type_id = 2))",
                  "Rows Removed by Filter": 577474
                }
              ]
            }
          ]
        }
      ]
    },
    "Planning Time": 0.213,
    "Triggers": [],
    "Execution Time": 94.413
  }
]