[
  {
    "Plan": {
      "Node Type": "Aggregate",
      "Strategy": "Plain",
      "Partial Mode": "Finalize",
      "Parallel Aware": false,
      "Startup Cost": 45143.01,
      "Total Cost": 45143.02,
      "Plan Rows": 1,
      "Plan Width": 8,
      "Actual Startup Time": 145.707,
      "Actual Total Time": 154.698,
      "Actual Rows": 1,
      "Actual Loops": 1,
      "Plans": [
        {
          "Node Type": "Gather",
          "Parent Relationship": "Outer",
          "Parallel Aware": false,
          "Startup Cost": 45142.69,
          "Total Cost": 45143.0,
          "Plan Rows": 3,
          "Plan Width": 8,
          "Actual Startup Time": 145.566,
          "Actual Total Time": 154.689,
          "Actual Rows": 4,
          "Actual Loops": 1,
          "Workers Planned": 3,
          "Workers Launched": 3,
          "Single Copy": false,
          "Plans": [
            {
              "Node Type": "Aggregate",
              "Strategy": "Plain",
              "Partial Mode": "Partial",
              "Parent Relationship": "Outer",
              "Parallel Aware": false,
              "Startup Cost": 44142.69,
              "Total Cost": 44142.7,
              "Plan Rows": 1,
              "Plan Width": 8,
              "Actual Startup Time": 138.781,
              "Actual Total Time": 138.783,
              "Actual Rows": 1,
              "Actual Loops": 4,
              "Plans": [
                {
                  "Node Type": "Seq Scan",
                  "Parent Relationship": "Outer",
                  "Parallel Aware": true,
                  "Relation Name": "movie_keyword",
                  "Alias": "mk",
                  "Startup Cost": 0.0,
                  "Total Cost": 42695.65,
                  "Plan Rows": 578816,
                  "Plan Width": 0,
                  "Actual Startup Time": 0.054,
                  "Actual Total Time": 116.047,
                  "Actual Rows": 449470,
                  "Actual Loops": 4,
                  "Filter": "(keyword_id < 2906)",
                  "Rows Removed by Filter": 681512
                }
              ]
            }
          ]
        }
      ]
    },
    "Planning Time": 0.112,
    "Triggers": [],
    "Execution Time": 154.733
  }
]