{
  "Plan": {
    "Node Type": "Aggregate",
    "Strategy": "Plain",
    "Partial Mode": "Finalize",
    "Parallel Aware": false,
    "Startup Cost": 381333.33,
    "Total Cost": 381333.34,
    "Plan Rows": 1,
    "Plan Width": 8,
    "Actual Startup Time": 1153.964,
    "Actual Total Time": 1172.572,
    "Actual Rows": 1,
    "Actual Loops": 1,
    "Plans": [
      {
        "Node Type": "Gather",
        "Parent Relationship": "Outer",
        "Parallel Aware": false,
        "Startup Cost": 381333.22,
        "Total Cost": 381333.33,
        "Plan Rows": 1,
        "Plan Width": 8,
        "Actual Startup Time": 1148.721,
        "Actual Total Time": 1172.563,
        "Actual Rows": 2,
        "Actual Loops": 1,
        "Workers Planned": 1,
        "Workers Launched": 1,
        "Single Copy": false,
        "Plans": [
          {
            "Node Type": "Aggregate",
            "Strategy": "Plain",
            "Partial Mode": "Partial",
            "Parent Relationship": "Outer",
            "Parallel Aware": false,
            "Startup Cost": 380333.22,
            "Total Cost": 380333.23,
            "Plan Rows": 1,
            "Plan Width": 8,
            "Actual Startup Time": 1137.303,
            "Actual Total Time": 1137.306,
            "Actual Rows": 1,
            "Actual Loops": 2,
            "Plans": [
              {
                "Node Type": "Hash Join",
                "Parent Relationship": "Outer",
                "Parallel Aware": true,
                "Join Type": "Inner",
                "Startup Cost": 109059.31,
                "Total Cost": 377696.78,
                "Plan Rows": 1054576,
                "Plan Width": 0,
                "Actual Startup Time": 599.129,
                "Actual Total Time": 1099.34,
                "Actual Rows": 906271,
                "Actual Loops": 2,
                "Inner Unique": true,
                "Hash Cond": "(ci.movie_id = t.id)",
                "Plans": [
                  {
                    "Node Type": "Bitmap Heap Scan",
                    "Parent Relationship": "Outer",
                    "Parallel Aware": true,
                    "Relation Name": "cast_info",
                    "Alias": "ci",
                    "Startup Cost": 39598.61,
                    "Total Cost": 305467.82,
                    "Plan Rows": 1054576,
                    "Plan Width": 4,
                    "Actual Startup Time": 68.654,
                    "Actual Total Time": 156.133,
                    "Actual Rows": 906271,
                    "Actual Loops": 2,
                    "Recheck Cond": "(person_id < 179584)",
                    "Rows Removed by Index Recheck": 0,
                    "Exact Heap Blocks": 9955,
                    "Lossy Heap Blocks": 0,
                    "Plans": [
                      {
                        "Node Type": "Bitmap Index Scan",
                        "Parent Relationship": "Outer",
                        "Parallel Aware": false,
                        "Index Name": "person_id_cast_info",
                        "Startup Cost": 0.0,
                        "Total Cost": 39150.42,
                        "Plan Rows": 1792780,
                        "Plan Width": 0,
                        "Actual Startup Time": 65.501,
                        "Actual Total Time": 65.502,
                        "Actual Rows": 1812542,
                        "Actual Loops": 1,
                        "Index Cond": "(person_id < 179584)"
                      }
                    ]
                  },
                  {
                    "Node Type": "Hash",
                    "Parent Relationship": "Inner",
                    "Parallel Aware": true,
                    "Startup Cost": 50870.31,
                    "Total Cost": 50870.31,
                    "Plan Rows": 1487231,
                    "Plan Width": 4,
                    "Actual Startup Time": 509.072,
                    "Actual Total Time": 509.073,
                    "Actual Rows": 1264156,
                    "Actual Loops": 2,
                    "Hash Buckets": 4194304,
                    "Original Hash Buckets": 4194304,
                    "Hash Batches": 1,
                    "Original Hash Batches": 1,
                    "Peak Memory Usage": 131712,
                    "Plans": [
                      {
                        "Node Type": "Seq Scan",
                        "Parent Relationship": "Outer",
                        "Parallel Aware": true,
                        "Relation Name": "title",
                        "Alias": "t",
                        "Startup Cost": 0.0,
                        "Total Cost": 50870.31,
                        "Plan Rows": 1487231,
                        "Plan Width": 4,
                        "Actual Startup Time": 0.024,
                        "Actual Total Time": 146.649,
                        "Actual Rows": 1264156,
                        "Actual Loops": 2
                      }
                    ]
                  }
                ]
              }
            ]
          }
        ]
      }
    ]
  },
  "Planning Time": 0.711,
  "Triggers": [],
  "Execution Time": 1172.666
}