[
    {
        "Bao": {
            "Bao prediction": "NaN",
            "Bao recommended hint": "(no hint)"
        }
    },
    {
        "Plan": {
            "Node Type": "Aggregate",
            "Strategy": "Plain",
            "Partial Mode": "Finalize",
            "Parallel Aware": false,
            "Startup Cost": 157078.91,
            "Total Cost": 157078.92,
            "Plan Rows": 1,
            "Plan Width": 8,
            "Actual Startup Time": 248.813,
            "Actual Total Time": 258.919,
            "Actual Rows": 1,
            "Actual Loops": 1,
            "Output": [
                "count(*)"
            ],
            "Plans": [
                {
                    "Node Type": "Gather",
                    "Parent Relationship": "Outer",
                    "Parallel Aware": false,
                    "Startup Cost": 157078.39,
                    "Total Cost": 157078.9,
                    "Plan Rows": 5,
                    "Plan Width": 8,
                    "Actual Startup Time": 248.753,
                    "Actual Total Time": 258.911,
                    "Actual Rows": 6,
                    "Actual Loops": 1,
                    "Output": [
                        "(PARTIAL count(*))"
                    ],
                    "Workers Planned": 5,
                    "Workers Launched": 5,
                    "Single Copy": false,
                    "Plans": [
                        {
                            "Node Type": "Aggregate",
                            "Strategy": "Plain",
                            "Partial Mode": "Partial",
                            "Parent Relationship": "Outer",
                            "Parallel Aware": false,
                            "Startup Cost": 156078.39,
                            "Total Cost": 156078.4,
                            "Plan Rows": 1,
                            "Plan Width": 8,
                            "Actual Startup Time": 239.195,
                            "Actual Total Time": 239.196,
                            "Actual Rows": 1,
                            "Actual Loops": 6,
                            "Output": [
                                "PARTIAL count(*)"
                            ],
                            "Workers": [
                                {
                                    "Worker Number": 0,
                                    "Actual Startup Time": 236.635,
                                    "Actual Total Time": 236.636,
                                    "Actual Rows": 1,
                                    "Actual Loops": 1
                                },
                                {
                                    "Worker Number": 1,
                                    "Actual Startup Time": 237.199,
                                    "Actual Total Time": 237.2,
                                    "Actual Rows": 1,
                                    "Actual Loops": 1
                                },
                                {
                                    "Worker Number": 2,
                                    "Actual Startup Time": 237.508,
                                    "Actual Total Time": 237.508,
                                    "Actual Rows": 1,
                                    "Actual Loops": 1
                                },
                                {
                                    "Worker Number": 3,
                                    "Actual Startup Time": 237.6,
                                    "Actual Total Time": 237.601,
                                    "Actual Rows": 1,
                                    "Actual Loops": 1
                                },
                                {
                                    "Worker Number": 4,
                                    "Actual Startup Time": 237.808,
                                    "Actual Total Time": 237.809,
                                    "Actual Rows": 1,
                                    "Actual Loops": 1
                                }
                            ],
                            "Plans": [
                                {
                                    "Node Type": "Index Scan",
                                    "Parent Relationship": "Outer",
                                    "Parallel Aware": true,
                                    "Scan Direction": "Forward",
                                    "Index Name": "role_id_cast_info",
                                    "Relation Name": "cast_info",
                                    "Schema": "public",
                                    "Alias": "ci",
                                    "Startup Cost": 0.56,
                                    "Total Cost": 154655.9,
                                    "Plan Rows": 568993,
                                    "Plan Width": 0,
                                    "Actual Startup Time": 0.125,
                                    "Actual Total Time": 200.941,
                                    "Actual Rows": 789598,
                                    "Actual Loops": 6,
                                    "Output": [
                                        "id",
                                        "person_id",
                                        "movie_id",
                                        "person_role_id",
                                        "note",
                                        "nr_order",
                                        "role_id"
                                    ],
                                    "Index Cond": "(ci.role_id > 8)",
                                    "Rows Removed by Index Recheck": 0,
                                    "Filter": "(ci.person_id > 1781305)",
                                    "Rows Removed by Filter": 165851,
                                    "Workers": [
                                        {
                                            "Worker Number": 0,
                                            "Actual Startup Time": 0.123,
                                            "Actual Total Time": 199.676,
                                            "Actual Rows": 789506,
                                            "Actual Loops": 1
                                        },
                                        {
                                            "Worker Number": 1,
                                            "Actual Startup Time": 0.152,
                                            "Actual Total Time": 199.889,
                                            "Actual Rows": 808576,
                                            "Actual Loops": 1
                                        },
                                        {
                                            "Worker Number": 2,
                                            "Actual Startup Time": 0.12,
                                            "Actual Total Time": 200.083,
                                            "Actual Rows": 811861,
                                            "Actual Loops": 1
                                        },
                                        {
                                            "Worker Number": 3,
                                            "Actual Startup Time": 0.158,
                                            "Actual Total Time": 199.155,
                                            "Actual Rows": 534845,
                                            "Actual Loops": 1
                                        },
                                        {
                                            "Worker Number": 4,
                                            "Actual Startup Time": 0.167,
                                            "Actual Total Time": 199.998,
                                            "Actual Rows": 804658,
                                            "Actual Loops": 1
                                        }
                                    ]
                                }
                            ]
                        }
                    ]
                }
            ]
        },
        "Planning Time": 180.856,
        "Triggers": [],
        "Execution Time": 258.968
    }
]