{
  "Plan": {
    "Node Type": "Aggregate",
    "Strategy": "Plain",
    "Partial Mode": "Finalize",
    "Parallel Aware": false,
    "Startup Cost": 328962.49,
    "Total Cost": 328962.5,
    "Plan Rows": 1,
    "Plan Width": 8,
    "Actual Startup Time": 2192.704,
    "Actual Total Time": 2220.077,
    "Actual Rows": 1,
    "Actual Loops": 1,
    "Plans": [
      {
        "Node Type": "Gather",
        "Parent Relationship": "Outer",
        "Parallel Aware": false,
        "Startup Cost": 328962.38,
        "Total Cost": 328962.49,
        "Plan Rows": 1,
        "Plan Width": 8,
        "Actual Startup Time": 2192.314,
        "Actual Total Time": 2220.068,
        "Actual Rows": 2,
        "Actual Loops": 1,
        "Workers Planned": 1,
        "Workers Launched": 1,
        "Single Copy": false,
        "Plans": [
          {
            "Node Type": "Aggregate",
            "Strategy": "Plain",
            "Partial Mode": "Partial",
            "Parent Relationship": "Outer",
            "Parallel Aware": false,
            "Startup Cost": 327962.38,
            "Total Cost": 327962.39,
            "Plan Rows": 1,
            "Plan Width": 8,
            "Actual Startup Time": 2186.359,
            "Actual Total Time": 2186.361,
            "Actual Rows": 1,
            "Actual Loops": 2,
            "Plans": [
              {
                "Node Type": "Merge Join",
                "Parent Relationship": "Outer",
                "Parallel Aware": false,
                "Join Type": "Inner",
                "Startup Cost": 6.89,
                "Total Cost": 327001.04,
                "Plan Rows": 384535,
                "Plan Width": 0,
                "Actual Startup Time": 3.5,
                "Actual Total Time": 2135.962,
                "Actual Rows": 1144128,
                "Actual Loops": 2,
                "Inner Unique": false,
                "Merge Cond": "(t.id = mc.movie_id)",
                "Plans": [
                  {
                    "Node Type": "Merge Join",
                    "Parent Relationship": "Outer",
                    "Parallel Aware": false,
                    "Join Type": "Inner",
                    "Startup Cost": 3.02,
                    "Total Cost": 171645.7,
                    "Plan Rows": 756949,
                    "Plan Width": 8,
                    "Actual Startup Time": 2.081,
                    "Actual Total Time": 1086.135,
                    "Actual Rows": 679909,
                    "Actual Loops": 2,
                    "Inner Unique": false,
                    "Merge Cond": "(t.id = mi_idx.movie_id)",
                    "Plans": [
                      {
                        "Node Type": "Index Scan",
                        "Parent Relationship": "Outer",
                        "Parallel Aware": true,
                        "Scan Direction": "Forward",
                        "Index Name": "title_pkey",
                        "Relation Name": "title",
                        "Alias": "t",
                        "Startup Cost": 0.43,
                        "Total Cost": 103647.43,
                        "Plan Rows": 1386769,
                        "Plan Width": 4,
                        "Actual Startup Time": 0.068,
                        "Actual Total Time": 670.65,
                        "Actual Rows": 1176914,
                        "Actual Loops": 2,
                        "Filter": "(production_year > 1924)",
                        "Rows Removed by Filter": 85940
                      },
                      {
                        "Node Type": "Index Only Scan",
                        "Parent Relationship": "Inner",
                        "Parallel Aware": false,
                        "Scan Direction": "Forward",
                        "Index Name": "movie_id_movie_info_idx",
                        "Relation Name": "movie_info_idx",
                        "Alias": "mi_idx",
                        "Startup Cost": 0.43,
                        "Total Cost": 53620.22,
                        "Plan Rows": 1380035,
                        "Plan Width": 4,
                        "Actual Startup Time": 0.181,
                        "Actual Total Time": 252.497,
                        "Actual Rows": 1380002,
                        "Actual Loops": 2,
                        "Heap Fetches": 2760003
                      }
                    ]
                  },
                  {
                    "Node Type": "Index Scan",
                    "Parent Relationship": "Inner",
                    "Parallel Aware": false,
                    "Scan Direction": "Forward",
                    "Index Name": "movie_id_movie_companies",
                    "Relation Name": "movie_companies",
                    "Alias": "mc",
                    "Startup Cost": 0.43,
                    "Total Cost": 146582.27,
                    "Plan Rows": 1284387,
                    "Plan Width": 4,
                    "Actual Startup Time": 0.094,
                    "Actual Total Time": 856.946,
                    "Actual Rows": 2038266,
                    "Actual Loops": 2,
                    "Filter": "(company_type_id = 1)",
                    "Rows Removed by Filter": 2035502
                  }
                ]
              }
            ]
          }
        ]
      }
    ]
  },
  "Planning Time": 1.056,
  "Triggers": [],
  "Execution Time": 2220.168
}