[
  {
    "Plan": {
      "Node Type": "Aggregate",
      "Strategy": "Plain",
      "Partial Mode": "Finalize",
      "Parallel Aware": false,
      "Startup Cost": 62999.82,
      "Total Cost": 62999.83,
      "Plan Rows": 1,
      "Plan Width": 8,
      "Actual Startup Time": 238.369,
      "Actual Total Time": 250.577,
      "Actual Rows": 1,
      "Actual Loops": 1,
      "Plans": [
        {
          "Node Type": "Gather",
          "Parent Relationship": "Outer",
          "Parallel Aware": false,
          "Startup Cost": 62999.6,
          "Total Cost": 62999.81,
          "Plan Rows": 2,
          "Plan Width": 8,
          "Actual Startup Time": 237.105,
          "Actual Total Time": 250.568,
          "Actual Rows": 3,
          "Actual Loops": 1,
          "Workers Planned": 2,
          "Workers Launched": 2,
          "Single Copy": false,
          "Plans": [
            {
              "Node Type": "Aggregate",
              "Strategy": "Plain",
              "Partial Mode": "Partial",
              "Parent Relationship": "Outer",
              "Parallel Aware": false,
              "Startup Cost": 61999.6,
              "Total Cost": 61999.61,
              "Plan Rows": 1,
              "Plan Width": 8,
              "Actual Startup Time": 229.632,
              "Actual Total Time": 229.706,
              "Actual Rows": 1,
              "Actual Loops": 3,
              "Plans": [
                {
                  "Node Type": "Hash Join",
                  "Parent Relationship": "Outer",
                  "Parallel Aware": true,
                  "Join Type": "Inner",
                  "Startup Cost": 45829.27,
                  "Total Cost": 61957.17,
                  "Plan Rows": 16972,
                  "Plan Width": 0,
                  "Actual Startup Time": 174.436,
                  "Actual Total Time": 227.667,
                  "Actual Rows": 41704,
                  "Actual Loops": 3,
                  "Inner Unique": true,
                  "Hash Cond": "(mi_idx.movie_id = t.id)",
                  "Plans": [
                    {
                      "Node Type": "Seq Scan",
                      "Parent Relationship": "Outer",
                      "Parallel Aware": true,
                      "Relation Name": "movie_info_idx",
                      "Alias": "mi_idx",
                      "Startup Cost": 0.0,
                      "Total Cost": 15122.68,
                      "Plan Rows": 382940,
                      "Plan Width": 4,
                      "Actual Startup Time": 0.024,
                      "Actual Total Time": 45.474,
                      "Actual Rows": 306617,
                      "Actual Loops": 3,
                      "Filter": "(info_type_id < 101)",
                      "Rows Removed by Filter": 153395
                    },
                    {
                      "Node Type": "Hash",
                      "Parent Relationship": "Inner",
                      "Parallel Aware": true,
                      "Startup Cost": 45479.1,
                      "Total Cost": 45479.1,
                      "Plan Rows": 28014,
                      "Plan Width": 4,
                      "Actual Startup Time": 139.74,
                      "Actual Total Time": 139.741,
                      "Actual Rows": 82737,
                      "Actual Loops": 3,
                      "Hash Buckets": 262144,
                      "Original Hash Buckets": 131072,
                      "Hash Batches": 1,
                      "Original Hash Batches": 1,
                      "Peak Memory Usage": 12832,
                      "Plans": [
                        {
                          "Node Type": "Seq Scan",
                          "Parent Relationship": "Outer",
                          "Parallel Aware": true,
                          "Relation Name": "title",
                          "Alias": "t",
                          "Startup Cost": 0.0,
                          "Total Cost": 45479.1,
                          "Plan Rows": 28014,
                          "Plan Width": 4,
                          "Actual Startup Time": 68.736,
                          "Actual Total Time": 117.261,
                          "Actual Rows": 82737,
                          "Actual Loops": 3,
                          "Filter": "((production_year < 1975) AND (kind_id = 1))",
                          "Rows Removed by Filter": 760034
                        }
                      ]
                    }
                  ]
                }
              ]
            }
          ]
        }
      ]
    },
    "Planning Time": 0.575,
    "Triggers": [],
    "Execution Time": 250.643
  }
]