[
  {
    "Plan": {
      "Node Type": "Aggregate",
      "Strategy": "Plain",
      "Partial Mode": "Finalize",
      "Parallel Aware": false,
      "Startup Cost": 81340.24,
      "Total Cost": 81340.25,
      "Plan Rows": 1,
      "Plan Width": 8,
      "Actual Startup Time": 453.581,
      "Actual Total Time": 472.012,
      "Actual Rows": 1,
      "Actual Loops": 1,
      "Plans": [
        {
          "Node Type": "Gather",
          "Parent Relationship": "Outer",
          "Parallel Aware": false,
          "Startup Cost": 81339.82,
          "Total Cost": 81340.23,
          "Plan Rows": 4,
          "Plan Width": 8,
          "Actual Startup Time": 442.205,
          "Actual Total Time": 472.003,
          "Actual Rows": 5,
          "Actual Loops": 1,
          "Workers Planned": 4,
          "Workers Launched": 4,
          "Single Copy": false,
          "Plans": [
            {
              "Node Type": "Aggregate",
              "Strategy": "Plain",
              "Partial Mode": "Partial",
              "Parent Relationship": "Outer",
              "Parallel Aware": false,
              "Startup Cost": 80339.82,
              "Total Cost": 80339.83,
              "Plan Rows": 1,
              "Plan Width": 8,
              "Actual Startup Time": 433.624,
              "Actual Total Time": 433.627,
              "Actual Rows": 1,
              "Actual Loops": 5,
              "Plans": [
                {
                  "Node Type": "Hash Join",
                  "Parent Relationship": "Outer",
                  "Parallel Aware": true,
                  "Join Type": "Inner",
                  "Startup Cost": 49890.66,
                  "Total Cost": 80100.11,
                  "Plan Rows": 95883,
                  "Plan Width": 0,
                  "Actual Startup Time": 272.485,
                  "Actual Total Time": 425.602,
                  "Actual Rows": 145179,
                  "Actual Loops": 5,
                  "Inner Unique": true,
                  "Hash Cond": "(ci.movie_id = t.id)",
                  "Plans": [
                    {
                      "Node Type": "Index Scan",
                      "Parent Relationship": "Outer",
                      "Parallel Aware": true,
                      "Scan Direction": "Forward",
                      "Index Name": "role_id_cast_info",
                      "Relation Name": "cast_info",
                      "Alias": "ci",
                      "Startup Cost": 0.56,
                      "Total Cost": 29878.05,
                      "Plan Rows": 126462,
                      "Plan Width": 4,
                      "Actual Startup Time": 0.241,
                      "Actual Total Time": 59.068,
                      "Actual Rows": 172303,
                      "Actual Loops": 5,
                      "Index Cond": "(role_id = 9)",
                      "Rows Removed by Index Recheck": 0,
                      "Filter": "(person_id > 1931976)",
                      "Rows Removed by Filter": 46408
                    },
                    {
                      "Node Type": "Hash",
                      "Parent Relationship": "Inner",
                      "Parallel Aware": true,
                      "Startup Cost": 43899.32,
                      "Total Cost": 43899.32,
                      "Plan Rows": 479262,
                      "Plan Width": 4,
                      "Actual Startup Time": 268.142,
                      "Actual Total Time": 268.143,
                      "Actual Rows": 380652,
                      "Actual Loops": 5,
                      "Hash Buckets": 2097152,
                      "Original Hash Buckets": 2097152,
                      "Hash Batches": 1,
                      "Original Hash Batches": 1,
                      "Peak Memory Usage": 90912,
                      "Plans": [
                        {
                          "Node Type": "Seq Scan",
                          "Parent Relationship": "Outer",
                          "Parallel Aware": true,
                          "Relation Name": "title",
                          "Alias": "t",
                          "Startup Cost": 0.0,
                          "Total Cost": 43899.32,
                          "Plan Rows": 479262,
                          "Plan Width": 4,
                          "Actual Startup Time": 0.038,
                          "Actual Total Time": 111.9,
                          "Actual Rows": 380652,
                          "Actual Loops": 5,
                          "Filter": "(production_year > 1982)",
                          "Rows Removed by Filter": 125011
                        }
                      ]
                    }
                  ]
                }
              ]
            }
          ]
        }
      ]
    },
    "Planning Time": 0.288,
    "Triggers": [],
    "Execution Time": 472.06
  }
]