[
  {
    "Plan": {
      "Node Type": "Aggregate",
      "Strategy": "Plain",
      "Partial Mode": "Finalize",
      "Parallel Aware": false,
      "Startup Cost": 81013.67,
      "Total Cost": 81013.68,
      "Plan Rows": 1,
      "Plan Width": 8,
      "Actual Startup Time": 400.455,
      "Actual Total Time": 413.906,
      "Actual Rows": 1,
      "Actual Loops": 1,
      "Plans": [
        {
          "Node Type": "Gather",
          "Parent Relationship": "Outer",
          "Parallel Aware": false,
          "Startup Cost": 81013.25,
          "Total Cost": 81013.66,
          "Plan Rows": 4,
          "Plan Width": 8,
          "Actual Startup Time": 388.799,
          "Actual Total Time": 413.896,
          "Actual Rows": 5,
          "Actual Loops": 1,
          "Workers Planned": 4,
          "Workers Launched": 4,
          "Single Copy": false,
          "Plans": [
            {
              "Node Type": "Aggregate",
              "Strategy": "Plain",
              "Partial Mode": "Partial",
              "Parent Relationship": "Outer",
              "Parallel Aware": false,
              "Startup Cost": 80013.25,
              "Total Cost": 80013.26,
              "Plan Rows": 1,
              "Plan Width": 8,
              "Actual Startup Time": 374.819,
              "Actual Total Time": 374.822,
              "Actual Rows": 1,
              "Actual Loops": 5,
              "Plans": [
                {
                  "Node Type": "Hash Join",
                  "Parent Relationship": "Outer",
                  "Parallel Aware": true,
                  "Join Type": "Inner",
                  "Startup Cost": 49885.14,
                  "Total Cost": 79777.9,
                  "Plan Rows": 94138,
                  "Plan Width": 0,
                  "Actual Startup Time": 253.039,
                  "Actual Total Time": 368.836,
                  "Actual Rows": 145179,
                  "Actual Loops": 5,
                  "Inner Unique": true,
                  "Hash Cond": "(ci.movie_id = t.id)",
                  "Plans": [
                    {
                      "Node Type": "Index Scan",
                      "Parent Relationship": "Outer",
                      "Parallel Aware": true,
                      "Scan Direction": "Forward",
                      "Index Name": "role_id_cast_info",
                      "Relation Name": "cast_info",
                      "Alias": "ci",
                      "Startup Cost": 0.56,
                      "Total Cost": 29567.14,
                      "Plan Rows": 124260,
                      "Plan Width": 4,
                      "Actual Startup Time": 0.359,
                      "Actual Total Time": 38.063,
                      "Actual Rows": 172303,
                      "Actual Loops": 5,
                      "Index Cond": "(role_id = 9)",
                      "Rows Removed by Index Recheck": 0,
                      "Filter": "(person_id > 1931976)",
                      "Rows Removed by Filter": 46408
                    },
                    {
                      "Node Type": "Hash",
                      "Parent Relationship": "Inner",
                      "Parallel Aware": true,
                      "Startup Cost": 43898.92,
                      "Total Cost": 43898.92,
                      "Plan Rows": 478853,
                      "Plan Width": 4,
                      "Actual Startup Time": 246.32,
                      "Actual Total Time": 246.322,
                      "Actual Rows": 380652,
                      "Actual Loops": 5,
                      "Hash Buckets": 2097152,
                      "Original Hash Buckets": 2097152,
                      "Hash Batches": 1,
                      "Original Hash Batches": 1,
                      "Peak Memory Usage": 90912,
                      "Plans": [
                        {
                          "Node Type": "Seq Scan",
                          "Parent Relationship": "Outer",
                          "Parallel Aware": true,
                          "Relation Name": "title",
                          "Alias": "t",
                          "Startup Cost": 0.0,
                          "Total Cost": 43898.92,
                          "Plan Rows": 478853,
                          "Plan Width": 4,
                          "Actual Startup Time": 0.043,
                          "Actual Total Time": 96.758,
                          "Actual Rows": 380652,
                          "Actual Loops": 5,
                          "Filter": "(production_year > 1982)",
                          "Rows Removed by Filter": 125011
                        }
                      ]
                    }
                  ]
                }
              ]
            }
          ]
        }
      ]
    },
    "Planning Time": 0.692,
    "Triggers": [],
    "Execution Time": 413.982
  }
]