{
  "Plan": {
    "Node Type": "Aggregate",
    "Strategy": "Plain",
    "Partial Mode": "Finalize",
    "Parallel Aware": false,
    "Startup Cost": 348593.19,
    "Total Cost": 348593.2,
    "Plan Rows": 1,
    "Plan Width": 8,
    "Actual Startup Time": 1021.243,
    "Actual Total Time": 1042.187,
    "Actual Rows": 1,
    "Actual Loops": 1,
    "Plans": [
      {
        "Node Type": "Gather",
        "Parent Relationship": "Outer",
        "Parallel Aware": false,
        "Startup Cost": 348593.08,
        "Total Cost": 348593.19,
        "Plan Rows": 1,
        "Plan Width": 8,
        "Actual Startup Time": 1019.727,
        "Actual Total Time": 1042.18,
        "Actual Rows": 2,
        "Actual Loops": 1,
        "Workers Planned": 1,
        "Workers Launched": 1,
        "Single Copy": false,
        "Plans": [
          {
            "Node Type": "Aggregate",
            "Strategy": "Plain",
            "Partial Mode": "Partial",
            "Parent Relationship": "Outer",
            "Parallel Aware": false,
            "Startup Cost": 347593.08,
            "Total Cost": 347593.09,
            "Plan Rows": 1,
            "Plan Width": 8,
            "Actual Startup Time": 1013.304,
            "Actual Total Time": 1013.309,
            "Actual Rows": 1,
            "Actual Loops": 2,
            "Plans": [
              {
                "Node Type": "Hash Join",
                "Parent Relationship": "Outer",
                "Parallel Aware": true,
                "Join Type": "Inner",
                "Startup Cost": 302833.27,
                "Total Cost": 347336.27,
                "Plan Rows": 102721,
                "Plan Width": 0,
                "Actual Startup Time": 750.877,
                "Actual Total Time": 991.566,
                "Actual Rows": 525418,
                "Actual Loops": 2,
                "Inner Unique": false,
                "Hash Cond": "(mc.movie_id = t.id)",
                "Plans": [
                  {
                    "Node Type": "Index Scan",
                    "Parent Relationship": "Outer",
                    "Parallel Aware": true,
                    "Scan Direction": "Forward",
                    "Index Name": "company_type_id_movie_companies",
                    "Relation Name": "movie_companies",
                    "Alias": "mc",
                    "Startup Cost": 0.43,
                    "Total Cost": 41574.35,
                    "Plan Rows": 619958,
                    "Plan Width": 4,
                    "Actual Startup Time": 0.064,
                    "Actual Total Time": 115.09,
                    "Actual Rows": 637123,
                    "Actual Loops": 2,
                    "Index Cond": "(company_type_id < 2)",
                    "Rows Removed by Index Recheck": 0,
                    "Filter": "(company_id < 75623)",
                    "Rows Removed by Filter": 0
                  },
                  {
                    "Node Type": "Hash",
                    "Parent Relationship": "Inner",
                    "Parallel Aware": true,
                    "Startup Cost": 299752.6,
                    "Total Cost": 299752.6,
                    "Plan Rows": 246419,
                    "Plan Width": 8,
                    "Actual Startup Time": 745.451,
                    "Actual Total Time": 745.455,
                    "Actual Rows": 219113,
                    "Actual Loops": 2,
                    "Hash Buckets": 524288,
                    "Original Hash Buckets": 524288,
                    "Hash Batches": 1,
                    "Original Hash Batches": 1,
                    "Peak Memory Usage": 21280,
                    "Plans": [
                      {
                        "Node Type": "Hash Join",
                        "Parent Relationship": "Outer",
                        "Parallel Aware": true,
                        "Join Type": "Inner",
                        "Startup Cost": 111225.37,
                        "Total Cost": 299752.6,
                        "Plan Rows": 246419,
                        "Plan Width": 8,
                        "Actual Startup Time": 305.832,
                        "Actual Total Time": 692.582,
                        "Actual Rows": 219113,
                        "Actual Loops": 2,
                        "Inner Unique": true,
                        "Hash Cond": "(mi.movie_id = t.id)",
                        "Plans": [
                          {
                            "Node Type": "Bitmap Heap Scan",
                            "Parent Relationship": "Outer",
                            "Parallel Aware": true,
                            "Relation Name": "movie_info",
                            "Alias": "mi",
                            "Startup Cost": 54025.71,
                            "Total Cost": 237947.81,
                            "Plan Rows": 1754328,
                            "Plan Width": 4,
                            "Actual Startup Time": 113.805,
                            "Actual Total Time": 263.929,
                            "Actual Rows": 1518360,
                            "Actual Loops": 2,
                            "Recheck Cond": "(info_type_id = 16)",
                            "Rows Removed by Index Recheck": 0,
                            "Exact Heap Blocks": 13635,
                            "Lossy Heap Blocks": 0,
                            "Plans": [
                              {
                                "Node Type": "Bitmap Index Scan",
                                "Parent Relationship": "Outer",
                                "Parallel Aware": false,
                                "Index Name": "info_type_id_movie_info",
                                "Startup Cost": 0.0,
                                "Total Cost": 53280.12,
                                "Plan Rows": 2982358,
                                "Plan Width": 0,
                                "Actual Startup Time": 109.651,
                                "Actual Total Time": 109.651,
                                "Actual Rows": 3036719,
                                "Actual Loops": 1,
                                "Index Cond": "(info_type_id = 16)"
                              }
                            ]
                          },
                          {
                            "Node Type": "Hash",
                            "Parent Relationship": "Inner",
                            "Parallel Aware": true,
                            "Startup Cost": 54588.39,
                            "Total Cost": 54588.39,
                            "Plan Rows": 208902,
                            "Plan Width": 4,
                            "Actual Startup Time": 185.889,
                            "Actual Total Time": 185.89,
                            "Actual Rows": 183215,
                            "Actual Loops": 2,
                            "Hash Buckets": 524288,
                            "Original Hash Buckets": 524288,
                            "Hash Batches": 1,
                            "Original Hash Batches": 1,
                            "Peak Memory Usage": 18464,
                            "Plans": [
                              {
                                "Node Type": "Seq Scan",
                                "Parent Relationship": "Outer",
                                "Parallel Aware": true,
                                "Relation Name": "title",
                                "Alias": "t",
                                "Startup Cost": 0.0,
                                "Total Cost": 54588.39,
                                "Plan Rows": 208902,
                                "Plan Width": 4,
                                "Actual Startup Time": 0.081,
                                "Actual Total Time": 142.718,
                                "Actual Rows": 183215,
                                "Actual Loops": 2,
                                "Filter": "(production_year < 1970)",
                                "Rows Removed by Filter": 1080941
                              }
                            ]
                          }
                        ]
                      }
                    ]
                  }
                ]
              }
            ]
          }
        ]
      }
    ]
  },
  "Planning Time": 0.957,
  "Triggers": [],
  "Execution Time": 1042.288
}