[
  {
    "Plan": {
      "Node Type": "Aggregate",
      "Strategy": "Plain",
      "Partial Mode": "Finalize",
      "Parallel Aware": false,
      "Startup Cost": 93799.35,
      "Total Cost": 93799.36,
      "Plan Rows": 1,
      "Plan Width": 8,
      "Actual Startup Time": 392.882,
      "Actual Total Time": 408.334,
      "Actual Rows": 1,
      "Actual Loops": 1,
      "Plans": [
        {
          "Node Type": "Gather",
          "Parent Relationship": "Outer",
          "Parallel Aware": false,
          "Startup Cost": 93799.04,
          "Total Cost": 93799.35,
          "Plan Rows": 3,
          "Plan Width": 8,
          "Actual Startup Time": 390.593,
          "Actual Total Time": 408.312,
          "Actual Rows": 4,
          "Actual Loops": 1,
          "Workers Planned": 3,
          "Workers Launched": 3,
          "Single Copy": false,
          "Plans": [
            {
              "Node Type": "Aggregate",
              "Strategy": "Plain",
              "Partial Mode": "Partial",
              "Parent Relationship": "Outer",
              "Parallel Aware": false,
              "Startup Cost": 92799.04,
              "Total Cost": 92799.05,
              "Plan Rows": 1,
              "Plan Width": 8,
              "Actual Startup Time": 384.614,
              "Actual Total Time": 384.617,
              "Actual Rows": 1,
              "Actual Loops": 4,
              "Plans": [
                {
                  "Node Type": "Hash Join",
                  "Parent Relationship": "Outer",
                  "Parallel Aware": true,
                  "Join Type": "Inner",
                  "Startup Cost": 46088.19,
                  "Total Cost": 91960.68,
                  "Plan Rows": 335342,
                  "Plan Width": 0,
                  "Actual Startup Time": 164.467,
                  "Actual Total Time": 369.637,
                  "Actual Rows": 363556,
                  "Actual Loops": 4,
                  "Inner Unique": true,
                  "Hash Cond": "(mk.movie_id = t.id)",
                  "Plans": [
                    {
                      "Node Type": "Seq Scan",
                      "Parent Relationship": "Outer",
                      "Parallel Aware": true,
                      "Relation Name": "movie_keyword",
                      "Alias": "mk",
                      "Startup Cost": 0.0,
                      "Total Cost": 42695.65,
                      "Plan Rows": 1210224,
                      "Plan Width": 4,
                      "Actual Startup Time": 0.053,
                      "Actual Total Time": 106.136,
                      "Actual Rows": 933425,
                      "Actual Loops": 4,
                      "Filter": "(keyword_id > 750)",
                      "Rows Removed by Filter": 197558
                    },
                    {
                      "Node Type": "Hash",
                      "Parent Relationship": "Inner",
                      "Parallel Aware": true,
                      "Startup Cost": 43898.92,
                      "Total Cost": 43898.92,
                      "Plan Rows": 175142,
                      "Plan Width": 4,
                      "Actual Startup Time": 160.409,
                      "Actual Total Time": 160.41,
                      "Actual Rows": 176796,
                      "Actual Loops": 4,
                      "Hash Buckets": 1048576,
                      "Original Hash Buckets": 1048576,
                      "Hash Batches": 1,
                      "Original Hash Batches": 1,
                      "Peak Memory Usage": 35936,
                      "Plans": [
                        {
                          "Node Type": "Seq Scan",
                          "Parent Relationship": "Outer",
                          "Parallel Aware": true,
                          "Relation Name": "title",
                          "Alias": "t",
                          "Startup Cost": 0.0,
                          "Total Cost": 43898.92,
                          "Plan Rows": 175142,
                          "Plan Width": 4,
                          "Actual Startup Time": 0.027,
                          "Actual Total Time": 97.45,
                          "Actual Rows": 176796,
                          "Actual Loops": 4,
                          "Filter": "(production_year < 1991)",
                          "Rows Removed by Filter": 455282
                        }
                      ]
                    }
                  ]
                }
              ]
            }
          ]
        }
      ]
    },
    "Planning Time": 0.455,
    "Triggers": [],
    "Execution Time": 408.397
  }
]