[
  {
    "Plan": {
      "Node Type": "Aggregate",
      "Strategy": "Plain",
      "Partial Mode": "Finalize",
      "Parallel Aware": false,
      "Startup Cost": 136453.7,
      "Total Cost": 136453.71,
      "Plan Rows": 1,
      "Plan Width": 8,
      "Actual Startup Time": 601.033,
      "Actual Total Time": 631.981,
      "Actual Rows": 1,
      "Actual Loops": 1,
      "Plans": [
        {
          "Node Type": "Gather",
          "Parent Relationship": "Outer",
          "Parallel Aware": false,
          "Startup Cost": 136453.28,
          "Total Cost": 136453.69,
          "Plan Rows": 4,
          "Plan Width": 8,
          "Actual Startup Time": 597.803,
          "Actual Total Time": 631.957,
          "Actual Rows": 5,
          "Actual Loops": 1,
          "Workers Planned": 4,
          "Workers Launched": 4,
          "Single Copy": false,
          "Plans": [
            {
              "Node Type": "Aggregate",
              "Strategy": "Plain",
              "Partial Mode": "Partial",
              "Parent Relationship": "Outer",
              "Parallel Aware": false,
              "Startup Cost": 135453.28,
              "Total Cost": 135453.29,
              "Plan Rows": 1,
              "Plan Width": 8,
              "Actual Startup Time": 587.35,
              "Actual Total Time": 587.355,
              "Actual Rows": 1,
              "Actual Loops": 5,
              "Plans": [
                {
                  "Node Type": "Nested Loop",
                  "Parent Relationship": "Outer",
                  "Parallel Aware": false,
                  "Join Type": "Inner",
                  "Startup Cost": 30495.64,
                  "Total Cost": 135084.68,
                  "Plan Rows": 147438,
                  "Plan Width": 0,
                  "Actual Startup Time": 114.402,
                  "Actual Total Time": 570.909,
                  "Actual Rows": 357515,
                  "Actual Loops": 5,
                  "Inner Unique": false,
                  "Plans": [
                    {
                      "Node Type": "Hash Join",
                      "Parent Relationship": "Outer",
                      "Parallel Aware": true,
                      "Join Type": "Inner",
                      "Startup Cost": 30495.21,
                      "Total Cost": 77624.99,
                      "Plan Rows": 25215,
                      "Plan Width": 8,
                      "Actual Startup Time": 114.325,
                      "Actual Total Time": 262.008,
                      "Actual Rows": 36906,
                      "Actual Loops": 5,
                      "Inner Unique": false,
                      "Hash Cond": "(t.id = mc.movie_id)",
                      "Plans": [
                        {
                          "Node Type": "Seq Scan",
                          "Parent Relationship": "Outer",
                          "Parallel Aware": true,
                          "Relation Name": "title",
                          "Alias": "t",
                          "Startup Cost": 0.0,
                          "Total Cost": 45479.1,
                          "Plan Rows": 313869,
                          "Plan Width": 4,
                          "Actual Startup Time": 0.013,
                          "Actual Total Time": 76.749,
                          "Actual Rows": 244307,
                          "Actual Loops": 5,
                          "Filter": "((production_year < 2011) AND (kind_id = 7))",
                          "Rows Removed by Filter": 261356
                        },
                        {
                          "Node Type": "Hash",
                          "Parent Relationship": "Inner",
                          "Parallel Aware": true,
                          "Startup Cost": 29676.21,
                          "Total Cost": 29676.21,
                          "Plan Rows": 65520,
                          "Plan Width": 4,
                          "Actual Startup Time": 112.325,
                          "Actual Total Time": 112.326,
                          "Actual Rows": 62719,
                          "Actual Loops": 5,
                          "Hash Buckets": 524288,
                          "Original Hash Buckets": 262144,
                          "Hash Batches": 1,
                          "Original Hash Batches": 1,
                          "Peak Memory Usage": 18496,
                          "Plans": [
                            {
                              "Node Type": "Bitmap Heap Scan",
                              "Parent Relationship": "Outer",
                              "Parallel Aware": true,
                              "Relation Name": "movie_companies",
                              "Alias": "mc",
                              "Startup Cost": 8889.74,
                              "Total Cost": 29676.21,
                              "Plan Rows": 65520,
                              "Plan Width": 4,
                              "Actual Startup Time": 32.919,
                              "Actual Total Time": 81.241,
                              "Actual Rows": 62719,
                              "Actual Loops": 5,
                              "Recheck Cond": "(company_id < 264)",
                              "Rows Removed by Index Recheck": 0,
                              "Filter": "(company_type_id < 2)",
                              "Rows Removed by Filter": 19094,
                              "Exact Heap Blocks": 6584,
                              "Lossy Heap Blocks": 0,
                              "Plans": [
                                {
                                  "Node Type": "Bitmap Index Scan",
                                  "Parent Relationship": "Outer",
                                  "Parallel Aware": false,
                                  "Index Name": "company_id_movie_companies",
                                  "Startup Cost": 0.0,
                                  "Total Cost": 8838.96,
                                  "Plan Rows": 412604,
                                  "Plan Width": 0,
                                  "Actual Startup Time": 32.516,
                                  "Actual Total Time": 32.516,
                                  "Actual Rows": 409066,
                                  "Actual Loops": 1,
                                  "Index Cond": "(company_id < 264)"
                                }
                              ]
                            }
                          ]
                        }
                      ]
                    },
                    {
                      "Node Type": "Index Only Scan",
                      "Parent Relationship": "Inner",
                      "Parallel Aware": false,
                      "Scan Direction": "Forward",
                      "Index Name": "movie_id_movie_info",
                      "Relation Name": "movie_info",
                      "Alias": "mi",
                      "Startup Cost": 0.43,
                      "Total Cost": 1.86,
                      "Plan Rows": 42,
                      "Plan Width": 4,
                      "Actual Startup Time": 0.003,
                      "Actual Total Time": 0.008,
                      "Actual Rows": 10,
                      "Actual Loops": 184529,
                      "Index Cond": "(movie_id = t.id)",
                      "Rows Removed by Index Recheck": 0,
                      "Heap Fetches": 1787573
                    }
                  ]
                }
              ]
            }
          ]
        }
      ]
    },
    "Planning Time": 1.562,
    "Triggers": [],
    "Execution Time": 632.1
  }
]