[
  {
    "Plan": {
      "Node Type": "Aggregate",
      "Strategy": "Plain",
      "Partial Mode": "Finalize",
      "Parallel Aware": false,
      "Startup Cost": 444767.37,
      "Total Cost": 444767.38,
      "Plan Rows": 1,
      "Plan Width": 8,
      "Actual Startup Time": 1496.194,
      "Actual Total Time": 1527.583,
      "Actual Rows": 1,
      "Actual Loops": 1,
      "Plans": [
        {
          "Node Type": "Gather",
          "Parent Relationship": "Outer",
          "Parallel Aware": false,
          "Startup Cost": 444766.75,
          "Total Cost": 444767.36,
          "Plan Rows": 6,
          "Plan Width": 8,
          "Actual Startup Time": 1486.243,
          "Actual Total Time": 1527.574,
          "Actual Rows": 7,
          "Actual Loops": 1,
          "Workers Planned": 6,
          "Workers Launched": 6,
          "Single Copy": false,
          "Plans": [
            {
              "Node Type": "Aggregate",
              "Strategy": "Plain",
              "Partial Mode": "Partial",
              "Parent Relationship": "Outer",
              "Parallel Aware": false,
              "Startup Cost": 443766.75,
              "Total Cost": 443766.76,
              "Plan Rows": 1,
              "Plan Width": 8,
              "Actual Startup Time": 1479.244,
              "Actual Total Time": 1479.531,
              "Actual Rows": 1,
              "Actual Loops": 7,
              "Plans": [
                {
                  "Node Type": "Hash Join",
                  "Parent Relationship": "Outer",
                  "Parallel Aware": true,
                  "Join Type": "Inner",
                  "Startup Cost": 93144.57,
                  "Total Cost": 442964.96,
                  "Plan Rows": 320715,
                  "Plan Width": 0,
                  "Actual Startup Time": 590.057,
                  "Actual Total Time": 1356.907,
                  "Actual Rows": 2761326,
                  "Actual Loops": 7,
                  "Inner Unique": false,
                  "Hash Cond": "(ci.movie_id = t.id)",
                  "Plans": [
                    {
                      "Node Type": "Seq Scan",
                      "Parent Relationship": "Outer",
                      "Parallel Aware": true,
                      "Relation Name": "cast_info",
                      "Alias": "ci",
                      "Startup Cost": 0.0,
                      "Total Cost": 343318.94,
                      "Plan Rows": 1457833,
                      "Plan Width": 4,
                      "Actual Startup Time": 298.518,
                      "Actual Total Time": 580.497,
                      "Actual Rows": 1651504,
                      "Actual Loops": 7,
                      "Filter": "((person_id > 1622531) AND (role_id > 2))",
                      "Rows Removed by Filter": 3526259
                    },
                    {
                      "Node Type": "Hash",
                      "Parent Relationship": "Inner",
                      "Parallel Aware": true,
                      "Startup Cost": 90901.76,
                      "Total Cost": 90901.76,
                      "Plan Rows": 179425,
                      "Plan Width": 8,
                      "Actual Startup Time": 289.777,
                      "Actual Total Time": 290.062,
                      "Actual Rows": 166879,
                      "Actual Loops": 7,
                      "Hash Buckets": 2097152,
                      "Original Hash Buckets": 1048576,
                      "Hash Batches": 1,
                      "Original Hash Batches": 1,
                      "Peak Memory Usage": 70400,
                      "Plans": [
                        {
                          "Node Type": "Hash Join",
                          "Parent Relationship": "Outer",
                          "Parallel Aware": true,
                          "Join Type": "Inner",
                          "Startup Cost": 47009.89,
                          "Total Cost": 90901.76,
                          "Plan Rows": 179425,
                          "Plan Width": 8,
                          "Actual Startup Time": 121.35,
                          "Actual Total Time": 225.064,
                          "Actual Rows": 166879,
                          "Actual Loops": 7,
                          "Inner Unique": true,
                          "Hash Cond": "(mk.movie_id = t.id)",
                          "Plans": [
                            {
                              "Node Type": "Seq Scan",
                              "Parent Relationship": "Outer",
                              "Parallel Aware": true,
                              "Relation Name": "movie_keyword",
                              "Alias": "mk",
                              "Startup Cost": 0.0,
                              "Total Cost": 42695.65,
                              "Plan Rows": 455701,
                              "Plan Width": 4,
                              "Actual Startup Time": 0.494,
                              "Actual Total Time": 61.96,
                              "Actual Rows": 198083,
                              "Actual Loops": 7,
                              "Filter": "(keyword_id > 12029)",
                              "Rows Removed by Filter": 448193
                            },
                            {
                              "Node Type": "Hash",
                              "Parent Relationship": "Inner",
                              "Parallel Aware": true,
                              "Startup Cost": 43899.01,
                              "Total Cost": 43899.01,
                              "Plan Rows": 248871,
                              "Plan Width": 4,
                              "Actual Startup Time": 119.89,
                              "Actual Total Time": 119.891,
                              "Actual Rows": 140721,
                              "Actual Loops": 7,
                              "Hash Buckets": 1048576,
                              "Original Hash Buckets": 1048576,
                              "Hash Batches": 1,
                              "Original Hash Batches": 1,
                              "Peak Memory Usage": 46784,
                              "Plans": [
                                {
                                  "Node Type": "Seq Scan",
                                  "Parent Relationship": "Outer",
                                  "Parallel Aware": true,
                                  "Relation Name": "title",
                                  "Alias": "t",
                                  "Startup Cost": 0.0,
                                  "Total Cost": 43899.01,
                                  "Plan Rows": 248871,
                                  "Plan Width": 4,
                                  "Actual Startup Time": 0.033,
                                  "Actual Total Time": 68.187,
                                  "Actual Rows": 140721,
                                  "Actual Loops": 7,
                                  "Filter": "(kind_id < 7)",
                                  "Rows Removed by Filter": 220466
                                }
                              ]
                            }
                          ]
                        }
                      ]
                    }
                  ]
                }
              ]
            }
          ]
        }
      ]
    },
    "Planning Time": 0.443,
    "Triggers": [],
    "Execution Time": 1527.641
  }
]