[
    {
        "Bao": {
            "Bao prediction": 606.541,
            "Bao recommended hint": "(no hint)"
        }
    },
    {
        "Plan": {
            "Node Type": "Aggregate",
            "Strategy": "Plain",
            "Partial Mode": "Simple",
            "Parallel Aware": false,
            "Startup Cost": 166464.38,
            "Total Cost": 166464.39,
            "Plan Rows": 1,
            "Plan Width": 8,
            "Actual Startup Time": 51.658,
            "Actual Total Time": 51.66,
            "Actual Rows": 1,
            "Actual Loops": 1,
            "Output": [
                "count(*)"
            ],
            "Plans": [
                {
                    "Node Type": "Bitmap Heap Scan",
                    "Parent Relationship": "Outer",
                    "Parallel Aware": false,
                    "Relation Name": "movie_info",
                    "Schema": "public",
                    "Alias": "mi",
                    "Startup Cost": 2456.66,
                    "Total Cost": 166126.24,
                    "Plan Rows": 135255,
                    "Plan Width": 0,
                    "Actual Startup Time": 17.667,
                    "Actual Total Time": 43.156,
                    "Actual Rows": 147487,
                    "Actual Loops": 1,
                    "Recheck Cond": "(mi.info_type_id = 107)",
                    "Rows Removed by Index Recheck": 0,
                    "Exact Heap Blocks": 4756,
                    "Lossy Heap Blocks": 0,
                    "Plans": [
                        {
                            "Node Type": "Bitmap Index Scan",
                            "Parent Relationship": "Outer",
                            "Parallel Aware": false,
                            "Index Name": "info_type_id_movie_info",
                            "Startup Cost": 0.0,
                            "Total Cost": 2422.85,
                            "Plan Rows": 135255,
                            "Plan Width": 0,
                            "Actual Startup Time": 16.067,
                            "Actual Total Time": 16.068,
                            "Actual Rows": 147487,
                            "Actual Loops": 1,
                            "Index Cond": "(mi.info_type_id = 107)"
                        }
                    ]
                }
            ]
        },
        "Planning Time": 760.705,
        "Triggers": [],
        "Execution Time": 51.767
    }
]