[
  {
    "Plan": {
      "Node Type": "Aggregate",
      "Strategy": "Plain",
      "Partial Mode": "Finalize",
      "Parallel Aware": false,
      "Startup Cost": 47545.25,
      "Total Cost": 47545.26,
      "Plan Rows": 1,
      "Plan Width": 8,
      "Actual Startup Time": 127.023,
      "Actual Total Time": 139.326,
      "Actual Rows": 1,
      "Actual Loops": 1,
      "Plans": [
        {
          "Node Type": "Gather",
          "Parent Relationship": "Outer",
          "Parallel Aware": false,
          "Startup Cost": 47544.83,
          "Total Cost": 47545.24,
          "Plan Rows": 4,
          "Plan Width": 8,
          "Actual Startup Time": 126.772,
          "Actual Total Time": 139.317,
          "Actual Rows": 5,
          "Actual Loops": 1,
          "Workers Planned": 4,
          "Workers Launched": 4,
          "Single Copy": false,
          "Plans": [
            {
              "Node Type": "Aggregate",
              "Strategy": "Plain",
              "Partial Mode": "Partial",
              "Parent Relationship": "Outer",
              "Parallel Aware": false,
              "Startup Cost": 46544.83,
              "Total Cost": 46544.84,
              "Plan Rows": 1,
              "Plan Width": 8,
              "Actual Startup Time": 118.585,
              "Actual Total Time": 118.586,
              "Actual Rows": 1,
              "Actual Loops": 5,
              "Plans": [
                {
                  "Node Type": "Seq Scan",
                  "Parent Relationship": "Outer",
                  "Parallel Aware": true,
                  "Relation Name": "title",
                  "Alias": "t",
                  "Startup Cost": 0.0,
                  "Total Cost": 45479.1,
                  "Plan Rows": 426292,
                  "Plan Width": 0,
                  "Actual Startup Time": 0.039,
                  "Actual Total Time": 98.638,
                  "Actual Rows": 359909,
                  "Actual Loops": 5,
                  "Filter": "((kind_id > 1) AND (production_year > 1942))",
                  "Rows Removed by Filter": 145753
                }
              ]
            }
          ]
        }
      ]
    },
    "Planning Time": 0.182,
    "Triggers": [],
    "Execution Time": 139.383
  }
]