[
  {
    "Plan": {
      "Node Type": "Aggregate",
      "Strategy": "Plain",
      "Partial Mode": "Finalize",
      "Parallel Aware": false,
      "Startup Cost": 31557.18,
      "Total Cost": 31557.19,
      "Plan Rows": 1,
      "Plan Width": 8,
      "Actual Startup Time": 98.687,
      "Actual Total Time": 106.086,
      "Actual Rows": 1,
      "Actual Loops": 1,
      "Plans": [
        {
          "Node Type": "Gather",
          "Parent Relationship": "Outer",
          "Parallel Aware": false,
          "Startup Cost": 31556.86,
          "Total Cost": 31557.17,
          "Plan Rows": 3,
          "Plan Width": 8,
          "Actual Startup Time": 98.412,
          "Actual Total Time": 106.075,
          "Actual Rows": 4,
          "Actual Loops": 1,
          "Workers Planned": 3,
          "Workers Launched": 3,
          "Single Copy": false,
          "Plans": [
            {
              "Node Type": "Aggregate",
              "Strategy": "Plain",
              "Partial Mode": "Partial",
              "Parent Relationship": "Outer",
              "Parallel Aware": false,
              "Startup Cost": 30556.86,
              "Total Cost": 30556.87,
              "Plan Rows": 1,
              "Plan Width": 8,
              "Actual Startup Time": 93.141,
              "Actual Total Time": 93.144,
              "Actual Rows": 1,
              "Actual Loops": 4,
              "Plans": [
                {
                  "Node Type": "Seq Scan",
                  "Parent Relationship": "Outer",
                  "Parallel Aware": true,
                  "Relation Name": "movie_companies",
                  "Alias": "mc",
                  "Startup Cost": 0.0,
                  "Total Cost": 29310.68,
                  "Plan Rows": 498473,
                  "Plan Width": 0,
                  "Actual Startup Time": 0.026,
                  "Actual Total Time": 74.38,
                  "Actual Rows": 388000,
                  "Actual Loops": 4,
                  "Filter": "(company_id < 14814)",
                  "Rows Removed by Filter": 264282
                }
              ]
            }
          ]
        }
      ]
    },
    "Planning Time": 0.116,
    "Triggers": [],
    "Execution Time": 106.122
  }
]