{
  "Plan": {
    "Node Type": "Aggregate",
    "Strategy": "Plain",
    "Partial Mode": "Finalize",
    "Parallel Aware": false,
    "Startup Cost": 398003.45,
    "Total Cost": 398003.46,
    "Plan Rows": 1,
    "Plan Width": 8,
    "Actual Startup Time": 3179.323,
    "Actual Total Time": 3223.171,
    "Actual Rows": 1,
    "Actual Loops": 1,
    "Plans": [
      {
        "Node Type": "Gather",
        "Parent Relationship": "Outer",
        "Parallel Aware": false,
        "Startup Cost": 398003.33,
        "Total Cost": 398003.44,
        "Plan Rows": 1,
        "Plan Width": 8,
        "Actual Startup Time": 3174.423,
        "Actual Total Time": 3223.16,
        "Actual Rows": 2,
        "Actual Loops": 1,
        "Workers Planned": 1,
        "Workers Launched": 1,
        "Single Copy": false,
        "Plans": [
          {
            "Node Type": "Aggregate",
            "Strategy": "Plain",
            "Partial Mode": "Partial",
            "Parent Relationship": "Outer",
            "Parallel Aware": false,
            "Startup Cost": 397003.33,
            "Total Cost": 397003.34,
            "Plan Rows": 1,
            "Plan Width": 8,
            "Actual Startup Time": 3168.376,
            "Actual Total Time": 3168.623,
            "Actual Rows": 1,
            "Actual Loops": 2,
            "Plans": [
              {
                "Node Type": "Hash Join",
                "Parent Relationship": "Outer",
                "Parallel Aware": true,
                "Join Type": "Inner",
                "Startup Cost": 106077.63,
                "Total Cost": 394212.08,
                "Plan Rows": 1116502,
                "Plan Width": 0,
                "Actual Startup Time": 702.669,
                "Actual Total Time": 2786.878,
                "Actual Rows": 9090932,
                "Actual Loops": 2,
                "Inner Unique": false,
                "Hash Cond": "(mi.movie_id = t.id)",
                "Plans": [
                  {
                    "Node Type": "Seq Scan",
                    "Parent Relationship": "Outer",
                    "Parallel Aware": true,
                    "Relation Name": "movie_info",
                    "Alias": "mi",
                    "Startup Cost": 0.0,
                    "Total Cost": 248955.74,
                    "Plan Rows": 8696274,
                    "Plan Width": 4,
                    "Actual Startup Time": 0.015,
                    "Actual Total Time": 612.025,
                    "Actual Rows": 7417860,
                    "Actual Loops": 2
                  },
                  {
                    "Node Type": "Hash",
                    "Parent Relationship": "Inner",
                    "Parallel Aware": true,
                    "Startup Cost": 103690.83,
                    "Total Cost": 103690.83,
                    "Plan Rows": 190944,
                    "Plan Width": 8,
                    "Actual Startup Time": 695.985,
                    "Actual Total Time": 696.23,
                    "Actual Rows": 158568,
                    "Actual Loops": 2,
                    "Hash Buckets": 524288,
                    "Original Hash Buckets": 524288,
                    "Hash Batches": 1,
                    "Original Hash Batches": 1,
                    "Peak Memory Usage": 16544,
                    "Plans": [
                      {
                        "Node Type": "Hash Join",
                        "Parent Relationship": "Outer",
                        "Parallel Aware": true,
                        "Join Type": "Inner",
                        "Startup Cost": 76348.81,
                        "Total Cost": 103690.83,
                        "Plan Rows": 190944,
                        "Plan Width": 8,
                        "Actual Startup Time": 560.906,
                        "Actual Total Time": 661.967,
                        "Actual Rows": 158568,
                        "Actual Loops": 2,
                        "Inner Unique": true,
                        "Hash Cond": "(mk.movie_id = t.id)",
                        "Plans": [
                          {
                            "Node Type": "Bitmap Heap Scan",
                            "Parent Relationship": "Outer",
                            "Parallel Aware": true,
                            "Relation Name": "movie_keyword",
                            "Alias": "mk",
                            "Startup Cost": 6888.11,
                            "Total Cost": 33728.91,
                            "Plan Rows": 190944,
                            "Plan Width": 4,
                            "Actual Startup Time": 27.698,
                            "Actual Total Time": 79.752,
                            "Actual Rows": 158568,
                            "Actual Loops": 2,
                            "Recheck Cond": "(keyword_id > 51439)",
                            "Rows Removed by Index Recheck": 0,
                            "Exact Heap Blocks": 12229,
                            "Lossy Heap Blocks": 0,
                            "Plans": [
                              {
                                "Node Type": "Bitmap Index Scan",
                                "Parent Relationship": "Outer",
                                "Parallel Aware": false,
                                "Index Name": "keyword_id_movie_keyword",
                                "Startup Cost": 0.0,
                                "Total Cost": 6806.96,
                                "Plan Rows": 324604,
                                "Plan Width": 0,
                                "Actual Startup Time": 24.467,
                                "Actual Total Time": 24.467,
                                "Actual Rows": 317136,
                                "Actual Loops": 1,
                                "Index Cond": "(keyword_id > 51439)"
                              }
                            ]
                          },
                          {
                            "Node Type": "Hash",
                            "Parent Relationship": "Inner",
                            "Parallel Aware": true,
                            "Startup Cost": 50870.31,
                            "Total Cost": 50870.31,
                            "Plan Rows": 1487231,
                            "Plan Width": 4,
                            "Actual Startup Time": 515.594,
                            "Actual Total Time": 515.595,
                            "Actual Rows": 1264156,
                            "Actual Loops": 2,
                            "Hash Buckets": 4194304,
                            "Original Hash Buckets": 4194304,
                            "Hash Batches": 1,
                            "Original Hash Batches": 1,
                            "Peak Memory Usage": 131712,
                            "Plans": [
                              {
                                "Node Type": "Seq Scan",
                                "Parent Relationship": "Outer",
                                "Parallel Aware": true,
                                "Relation Name": "title",
                                "Alias": "t",
                                "Startup Cost": 0.0,
                                "Total Cost": 50870.31,
                                "Plan Rows": 1487231,
                                "Plan Width": 4,
                                "Actual Startup Time": 0.037,
                                "Actual Total Time": 148.714,
                                "Actual Rows": 1264156,
                                "Actual Loops": 2
                              }
                            ]
                          }
                        ]
                      }
                    ]
                  }
                ]
              }
            ]
          }
        ]
      }
    ]
  },
  "Planning Time": 0.885,
  "Triggers": [],
  "Execution Time": 3223.281
}