[
  {
    "Plan": {
      "Node Type": "Aggregate",
      "Strategy": "Plain",
      "Partial Mode": "Finalize",
      "Parallel Aware": false,
      "Startup Cost": 35912.31,
      "Total Cost": 35912.32,
      "Plan Rows": 1,
      "Plan Width": 8,
      "Actual Startup Time": 128.858,
      "Actual Total Time": 136.963,
      "Actual Rows": 1,
      "Actual Loops": 1,
      "Plans": [
        {
          "Node Type": "Gather",
          "Parent Relationship": "Outer",
          "Parallel Aware": false,
          "Startup Cost": 35911.99,
          "Total Cost": 35912.3,
          "Plan Rows": 3,
          "Plan Width": 8,
          "Actual Startup Time": 128.638,
          "Actual Total Time": 136.953,
          "Actual Rows": 4,
          "Actual Loops": 1,
          "Workers Planned": 3,
          "Workers Launched": 3,
          "Single Copy": false,
          "Plans": [
            {
              "Node Type": "Aggregate",
              "Strategy": "Plain",
              "Partial Mode": "Partial",
              "Parent Relationship": "Outer",
              "Parallel Aware": false,
              "Startup Cost": 34911.99,
              "Total Cost": 34912.0,
              "Plan Rows": 1,
              "Plan Width": 8,
              "Actual Startup Time": 121.323,
              "Actual Total Time": 121.329,
              "Actual Rows": 1,
              "Actual Loops": 4,
              "Plans": [
                {
                  "Node Type": "Bitmap Heap Scan",
                  "Parent Relationship": "Outer",
                  "Parallel Aware": true,
                  "Relation Name": "movie_keyword",
                  "Alias": "mk",
                  "Startup Cost": 8515.56,
                  "Total Cost": 34588.26,
                  "Plan Rows": 129495,
                  "Plan Width": 0,
                  "Actual Startup Time": 45.39,
                  "Actual Total Time": 114.269,
                  "Actual Rows": 97527,
                  "Actual Loops": 4,
                  "Recheck Cond": "(keyword_id > 44111)",
                  "Rows Removed by Index Recheck": 0,
                  "Exact Heap Blocks": 8292,
                  "Lossy Heap Blocks": 0,
                  "Plans": [
                    {
                      "Node Type": "Bitmap Index Scan",
                      "Parent Relationship": "Outer",
                      "Parallel Aware": false,
                      "Index Name": "keyword_id_movie_keyword",
                      "Startup Cost": 0.0,
                      "Total Cost": 8415.2,
                      "Plan Rows": 401436,
                      "Plan Width": 0,
                      "Actual Startup Time": 46.531,
                      "Actual Total Time": 46.532,
                      "Actual Rows": 390108,
                      "Actual Loops": 1,
                      "Index Cond": "(keyword_id > 44111)"
                    }
                  ]
                }
              ]
            }
          ]
        }
      ]
    },
    "Planning Time": 0.188,
    "Triggers": [],
    "Execution Time": 137.043
  }
]