{
  "Plan": {
    "Node Type": "Aggregate",
    "Strategy": "Plain",
    "Partial Mode": "Finalize",
    "Parallel Aware": false,
    "Startup Cost": 403823.1,
    "Total Cost": 403823.11,
    "Plan Rows": 1,
    "Plan Width": 8,
    "Actual Startup Time": 1484.989,
    "Actual Total Time": 1507.395,
    "Actual Rows": 1,
    "Actual Loops": 1,
    "Plans": [
      {
        "Node Type": "Gather",
        "Parent Relationship": "Outer",
        "Parallel Aware": false,
        "Startup Cost": 403822.99,
        "Total Cost": 403823.1,
        "Plan Rows": 1,
        "Plan Width": 8,
        "Actual Startup Time": 1483.497,
        "Actual Total Time": 1507.386,
        "Actual Rows": 2,
        "Actual Loops": 1,
        "Workers Planned": 1,
        "Workers Launched": 1,
        "Single Copy": false,
        "Plans": [
          {
            "Node Type": "Aggregate",
            "Strategy": "Plain",
            "Partial Mode": "Partial",
            "Parent Relationship": "Outer",
            "Parallel Aware": false,
            "Startup Cost": 402822.99,
            "Total Cost": 402823.0,
            "Plan Rows": 1,
            "Plan Width": 8,
            "Actual Startup Time": 1477.449,
            "Actual Total Time": 1477.454,
            "Actual Rows": 1,
            "Actual Loops": 2,
            "Plans": [
              {
                "Node Type": "Nested Loop",
                "Parent Relationship": "Outer",
                "Parallel Aware": false,
                "Join Type": "Inner",
                "Startup Cost": 94991.1,
                "Total Cost": 402547.09,
                "Plan Rows": 110359,
                "Plan Width": 0,
                "Actual Startup Time": 333.49,
                "Actual Total Time": 1454.549,
                "Actual Rows": 348173,
                "Actual Loops": 2,
                "Inner Unique": false,
                "Join Filter": "(t.id = mc.movie_id)",
                "Rows Removed by Join Filter": 0,
                "Plans": [
                  {
                    "Node Type": "Hash Join",
                    "Parent Relationship": "Outer",
                    "Parallel Aware": true,
                    "Join Type": "Inner",
                    "Startup Cost": 94990.67,
                    "Total Cost": 275284.04,
                    "Plan Rows": 204421,
                    "Plan Width": 8,
                    "Actual Startup Time": 333.43,
                    "Actual Total Time": 776.453,
                    "Actual Rows": 258958,
                    "Actual Loops": 2,
                    "Inner Unique": true,
                    "Hash Cond": "(mi.movie_id = t.id)",
                    "Plans": [
                      {
                        "Node Type": "Bitmap Heap Scan",
                        "Parent Relationship": "Outer",
                        "Parallel Aware": true,
                        "Relation Name": "movie_info",
                        "Alias": "mi",
                        "Startup Cost": 37261.42,
                        "Total Cost": 214378.69,
                        "Plan Rows": 1209942,
                        "Plan Width": 4,
                        "Actual Startup Time": 107.65,
                        "Actual Total Time": 222.084,
                        "Actual Rows": 1045534,
                        "Actual Loops": 2,
                        "Recheck Cond": "(info_type_id < 3)",
                        "Rows Removed by Index Recheck": 0,
                        "Exact Heap Blocks": 8205,
                        "Lossy Heap Blocks": 0,
                        "Plans": [
                          {
                            "Node Type": "Bitmap Index Scan",
                            "Parent Relationship": "Outer",
                            "Parallel Aware": false,
                            "Index Name": "info_type_id_movie_info",
                            "Startup Cost": 0.0,
                            "Total Cost": 36747.19,
                            "Plan Rows": 2056901,
                            "Plan Width": 0,
                            "Actual Startup Time": 104.563,
                            "Actual Total Time": 104.564,
                            "Actual Rows": 2091068,
                            "Actual Loops": 1,
                            "Index Cond": "(info_type_id < 3)"
                          }
                        ]
                      },
                      {
                        "Node Type": "Hash",
                        "Parent Relationship": "Inner",
                        "Parallel Aware": true,
                        "Startup Cost": 54588.39,
                        "Total Cost": 54588.39,
                        "Plan Rows": 251269,
                        "Plan Width": 4,
                        "Actual Startup Time": 219.738,
                        "Actual Total Time": 219.739,
                        "Actual Rows": 218758,
                        "Actual Loops": 2,
                        "Hash Buckets": 524288,
                        "Original Hash Buckets": 524288,
                        "Hash Batches": 1,
                        "Original Hash Batches": 1,
                        "Peak Memory Usage": 21248,
                        "Plans": [
                          {
                            "Node Type": "Seq Scan",
                            "Parent Relationship": "Outer",
                            "Parallel Aware": true,
                            "Relation Name": "title",
                            "Alias": "t",
                            "Startup Cost": 0.0,
                            "Total Cost": 54588.39,
                            "Plan Rows": 251269,
                            "Plan Width": 4,
                            "Actual Startup Time": 0.026,
                            "Actual Total Time": 159.099,
                            "Actual Rows": 218758,
                            "Actual Loops": 2,
                            "Filter": "(production_year < 1975)",
                            "Rows Removed by Filter": 1045398
                          }
                        ]
                      }
                    ]
                  },
                  {
                    "Node Type": "Index Scan",
                    "Parent Relationship": "Inner",
                    "Parallel Aware": false,
                    "Scan Direction": "Forward",
                    "Index Name": "movie_id_movie_companies",
                    "Relation Name": "movie_companies",
                    "Alias": "mc",
                    "Startup Cost": 0.43,
                    "Total Cost": 0.59,
                    "Plan Rows": 3,
                    "Plan Width": 4,
                    "Actual Startup Time": 0.002,
                    "Actual Total Time": 0.002,
                    "Actual Rows": 1,
                    "Actual Loops": 517916,
                    "Index Cond": "(movie_id = mi.movie_id)",
                    "Rows Removed by Index Recheck": 0,
                    "Filter": "(company_id < 11689)",
                    "Rows Removed by Filter": 1
                  }
                ]
              }
            ]
          }
        ]
      }
    ]
  },
  "Planning Time": 1.065,
  "Triggers": [],
  "Execution Time": 1507.506
}