[
  {
    "Plan": {
      "Node Type": "Aggregate",
      "Strategy": "Plain",
      "Partial Mode": "Finalize",
      "Parallel Aware": false,
      "Startup Cost": 352753.57,
      "Total Cost": 352753.58,
      "Plan Rows": 1,
      "Plan Width": 8,
      "Actual Startup Time": 856.502,
      "Actual Total Time": 902.64,
      "Actual Rows": 1,
      "Actual Loops": 1,
      "Plans": [
        {
          "Node Type": "Gather",
          "Parent Relationship": "Outer",
          "Parallel Aware": false,
          "Startup Cost": 352752.94,
          "Total Cost": 352753.55,
          "Plan Rows": 6,
          "Plan Width": 8,
          "Actual Startup Time": 856.187,
          "Actual Total Time": 902.621,
          "Actual Rows": 7,
          "Actual Loops": 1,
          "Workers Planned": 6,
          "Workers Launched": 6,
          "Single Copy": false,
          "Plans": [
            {
              "Node Type": "Aggregate",
              "Strategy": "Plain",
              "Partial Mode": "Partial",
              "Parent Relationship": "Outer",
              "Parallel Aware": false,
              "Startup Cost": 351752.94,
              "Total Cost": 351752.95,
              "Plan Rows": 1,
              "Plan Width": 8,
              "Actual Startup Time": 848.107,
              "Actual Total Time": 848.11,
              "Actual Rows": 1,
              "Actual Loops": 7,
              "Plans": [
                {
                  "Node Type": "Seq Scan",
                  "Parent Relationship": "Outer",
                  "Parallel Aware": true,
                  "Relation Name": "cast_info",
                  "Alias": "ci",
                  "Startup Cost": 0.0,
                  "Total Cost": 343316.27,
                  "Plan Rows": 3374668,
                  "Plan Width": 0,
                  "Actual Startup Time": 0.049,
                  "Actual Total Time": 697.02,
                  "Actual Rows": 3276469,
                  "Actual Loops": 7,
                  "Filter": "((person_id < 2483033) AND (role_id < 9))",
                  "Rows Removed by Filter": 1901294
                }
              ]
            }
          ]
        }
      ]
    },
    "Planning Time": 0.121,
    "Triggers": [],
    "Execution Time": 902.689
  }
]