[
  {
    "Plan": {
      "Node Type": "Aggregate",
      "Strategy": "Plain",
      "Partial Mode": "Finalize",
      "Parallel Aware": false,
      "Startup Cost": 311188.24,
      "Total Cost": 311188.25,
      "Plan Rows": 1,
      "Plan Width": 8,
      "Actual Startup Time": 2706.849,
      "Actual Total Time": 2761.649,
      "Actual Rows": 1,
      "Actual Loops": 1,
      "Plans": [
        {
          "Node Type": "Gather",
          "Parent Relationship": "Outer",
          "Parallel Aware": false,
          "Startup Cost": 311187.71,
          "Total Cost": 311188.22,
          "Plan Rows": 5,
          "Plan Width": 8,
          "Actual Startup Time": 2690.897,
          "Actual Total Time": 2761.639,
          "Actual Rows": 6,
          "Actual Loops": 1,
          "Workers Planned": 5,
          "Workers Launched": 5,
          "Single Copy": false,
          "Plans": [
            {
              "Node Type": "Aggregate",
              "Strategy": "Plain",
              "Partial Mode": "Partial",
              "Parent Relationship": "Outer",
              "Parallel Aware": false,
              "Startup Cost": 310187.71,
              "Total Cost": 310187.72,
              "Plan Rows": 1,
              "Plan Width": 8,
              "Actual Startup Time": 2675.512,
              "Actual Total Time": 2675.982,
              "Actual Rows": 1,
              "Actual Loops": 6,
              "Plans": [
                {
                  "Node Type": "Hash Join",
                  "Parent Relationship": "Outer",
                  "Parallel Aware": true,
                  "Join Type": "Inner",
                  "Startup Cost": 98523.5,
                  "Total Cost": 306251.09,
                  "Plan Rows": 1574649,
                  "Plan Width": 0,
                  "Actual Startup Time": 457.477,
                  "Actual Total Time": 2159.302,
                  "Actual Rows": 9785497,
                  "Actual Loops": 6,
                  "Inner Unique": false,
                  "Hash Cond": "(mi.movie_id = t.id)",
                  "Plans": [
                    {
                      "Node Type": "Seq Scan",
                      "Parent Relationship": "Outer",
                      "Parallel Aware": true,
                      "Relation Name": "movie_info",
                      "Alias": "mi",
                      "Startup Cost": 0.0,
                      "Total Cost": 191560.33,
                      "Plan Rows": 2956733,
                      "Plan Width": 4,
                      "Actual Startup Time": 0.06,
                      "Actual Total Time": 345.544,
                      "Actual Rows": 2472620,
                      "Actual Loops": 6
                    },
                    {
                      "Node Type": "Hash",
                      "Parent Relationship": "Inner",
                      "Parallel Aware": true,
                      "Startup Cost": 93094.17,
                      "Total Cost": 93094.17,
                      "Plan Rows": 434347,
                      "Plan Width": 8,
                      "Actual Startup Time": 451.47,
                      "Actual Total Time": 451.939,
                      "Actual Rows": 182050,
                      "Actual Loops": 6,
                      "Hash Buckets": 2097152,
                      "Original Hash Buckets": 2097152,
                      "Hash Batches": 1,
                      "Original Hash Batches": 1,
                      "Peak Memory Usage": 59168,
                      "Plans": [
                        {
                          "Node Type": "Hash Join",
                          "Parent Relationship": "Outer",
                          "Parallel Aware": true,
                          "Join Type": "Inner",
                          "Startup Cost": 48394.85,
                          "Total Cost": 93094.17,
                          "Plan Rows": 434347,
                          "Plan Width": 8,
                          "Actual Startup Time": 210.893,
                          "Actual Total Time": 384.671,
                          "Actual Rows": 182050,
                          "Actual Loops": 6,
                          "Inner Unique": true,
                          "Hash Cond": "(mk.movie_id = t.id)",
                          "Plans": [
                            {
                              "Node Type": "Seq Scan",
                              "Parent Relationship": "Outer",
                              "Parallel Aware": true,
                              "Relation Name": "movie_keyword",
                              "Alias": "mk",
                              "Startup Cost": 0.0,
                              "Total Cost": 42695.65,
                              "Plan Rows": 763299,
                              "Plan Width": 4,
                              "Actual Startup Time": 0.031,
                              "Actual Total Time": 97.986,
                              "Actual Rows": 394222,
                              "Actual Loops": 6,
                              "Filter": "(keyword_id < 5347)",
                              "Rows Removed by Filter": 359766
                            },
                            {
                              "Node Type": "Hash",
                              "Parent Relationship": "Inner",
                              "Parallel Aware": true,
                              "Startup Cost": 43898.92,
                              "Total Cost": 43898.92,
                              "Plan Rows": 359675,
                              "Plan Width": 4,
                              "Actual Startup Time": 208.278,
                              "Actual Total Time": 208.289,
                              "Actual Rows": 239078,
                              "Actual Loops": 6,
                              "Hash Buckets": 2097152,
                              "Original Hash Buckets": 2097152,
                              "Hash Batches": 1,
                              "Original Hash Batches": 1,
                              "Peak Memory Usage": 72608,
                              "Plans": [
                                {
                                  "Node Type": "Seq Scan",
                                  "Parent Relationship": "Outer",
                                  "Parallel Aware": true,
                                  "Relation Name": "title",
                                  "Alias": "t",
                                  "Startup Cost": 0.0,
                                  "Total Cost": 43898.92,
                                  "Plan Rows": 359675,
                                  "Plan Width": 4,
                                  "Actual Startup Time": 0.044,
                                  "Actual Total Time": 97.29,
                                  "Actual Rows": 239078,
                                  "Actual Loops": 6,
                                  "Filter": "(production_year > 1999)",
                                  "Rows Removed by Filter": 182308
                                }
                              ]
                            }
                          ]
                        }
                      ]
                    }
                  ]
                }
              ]
            }
          ]
        }
      ]
    },
    "Planning Time": 1.398,
    "Triggers": [],
    "Execution Time": 2761.741
  }
]