{
  "Plan": {
    "Node Type": "Aggregate",
    "Strategy": "Plain",
    "Partial Mode": "Finalize",
    "Parallel Aware": false,
    "Startup Cost": 85682.42,
    "Total Cost": 85682.43,
    "Plan Rows": 1,
    "Plan Width": 8,
    "Actual Startup Time": 338.682,
    "Actual Total Time": 349.755,
    "Actual Rows": 1,
    "Actual Loops": 1,
    "Plans": [
      {
        "Node Type": "Gather",
        "Parent Relationship": "Outer",
        "Parallel Aware": false,
        "Startup Cost": 85682.31,
        "Total Cost": 85682.42,
        "Plan Rows": 1,
        "Plan Width": 8,
        "Actual Startup Time": 338.179,
        "Actual Total Time": 349.745,
        "Actual Rows": 2,
        "Actual Loops": 1,
        "Workers Planned": 1,
        "Workers Launched": 1,
        "Single Copy": false,
        "Plans": [
          {
            "Node Type": "Aggregate",
            "Strategy": "Plain",
            "Partial Mode": "Partial",
            "Parent Relationship": "Outer",
            "Parallel Aware": false,
            "Startup Cost": 84682.31,
            "Total Cost": 84682.32,
            "Plan Rows": 1,
            "Plan Width": 8,
            "Actual Startup Time": 332.377,
            "Actual Total Time": 332.381,
            "Actual Rows": 1,
            "Actual Loops": 2,
            "Plans": [
              {
                "Node Type": "Hash Join",
                "Parent Relationship": "Outer",
                "Parallel Aware": true,
                "Join Type": "Inner",
                "Startup Cost": 23522.35,
                "Total Cost": 84555.84,
                "Plan Rows": 50586,
                "Plan Width": 0,
                "Actual Startup Time": 280.836,
                "Actual Total Time": 332.014,
                "Actual Rows": 5487,
                "Actual Loops": 2,
                "Inner Unique": false,
                "Hash Cond": "(t.id = mc.movie_id)",
                "Plans": [
                  {
                    "Node Type": "Seq Scan",
                    "Parent Relationship": "Outer",
                    "Parallel Aware": true,
                    "Relation Name": "title",
                    "Alias": "t",
                    "Startup Cost": 0.0,
                    "Total Cost": 54588.39,
                    "Plan Rows": 983605,
                    "Plan Width": 4,
                    "Actual Startup Time": 0.013,
                    "Actual Total Time": 158.931,
                    "Actual Rows": 837049,
                    "Actual Loops": 2,
                    "Filter": "(kind_id > 3)",
                    "Rows Removed by Filter": 427107
                  },
                  {
                    "Node Type": "Hash",
                    "Parent Relationship": "Inner",
                    "Parallel Aware": true,
                    "Startup Cost": 22566.25,
                    "Total Cost": 22566.25,
                    "Plan Rows": 76488,
                    "Plan Width": 4,
                    "Actual Startup Time": 51.93,
                    "Actual Total Time": 51.932,
                    "Actual Rows": 62948,
                    "Actual Loops": 2,
                    "Hash Buckets": 131072,
                    "Original Hash Buckets": 131072,
                    "Hash Batches": 1,
                    "Original Hash Batches": 1,
                    "Peak Memory Usage": 5984,
                    "Plans": [
                      {
                        "Node Type": "Bitmap Heap Scan",
                        "Parent Relationship": "Outer",
                        "Parallel Aware": true,
                        "Relation Name": "movie_companies",
                        "Alias": "mc",
                        "Startup Cost": 2820.15,
                        "Total Cost": 22566.25,
                        "Plan Rows": 76488,
                        "Plan Width": 4,
                        "Actual Startup Time": 11.789,
                        "Actual Total Time": 36.206,
                        "Actual Rows": 62948,
                        "Actual Loops": 2,
                        "Recheck Cond": "(company_id > 143313)",
                        "Rows Removed by Index Recheck": 0,
                        "Exact Heap Blocks": 2770,
                        "Lossy Heap Blocks": 0,
                        "Plans": [
                          {
                            "Node Type": "Bitmap Index Scan",
                            "Parent Relationship": "Outer",
                            "Parallel Aware": false,
                            "Index Name": "company_id_movie_companies",
                            "Startup Cost": 0.0,
                            "Total Cost": 2787.65,
                            "Plan Rows": 130029,
                            "Plan Width": 0,
                            "Actual Startup Time": 14.061,
                            "Actual Total Time": 14.061,
                            "Actual Rows": 125897,
                            "Actual Loops": 1,
                            "Index Cond": "(company_id > 143313)"
                          }
                        ]
                      }
                    ]
                  }
                ]
              }
            ]
          }
        ]
      }
    ]
  },
  "Planning Time": 0.627,
  "Triggers": [],
  "Execution Time": 349.848
}