[
  {
    "Plan": {
      "Node Type": "Aggregate",
      "Strategy": "Plain",
      "Partial Mode": "Finalize",
      "Parallel Aware": false,
      "Startup Cost": 318514.25,
      "Total Cost": 318514.26,
      "Plan Rows": 1,
      "Plan Width": 8,
      "Actual Startup Time": 382.539,
      "Actual Total Time": 401.777,
      "Actual Rows": 1,
      "Actual Loops": 1,
      "Plans": [
        {
          "Node Type": "Gather",
          "Parent Relationship": "Outer",
          "Parallel Aware": false,
          "Startup Cost": 318513.83,
          "Total Cost": 318514.24,
          "Plan Rows": 4,
          "Plan Width": 8,
          "Actual Startup Time": 377.648,
          "Actual Total Time": 401.763,
          "Actual Rows": 5,
          "Actual Loops": 1,
          "Workers Planned": 4,
          "Workers Launched": 4,
          "Single Copy": false,
          "Plans": [
            {
              "Node Type": "Aggregate",
              "Strategy": "Plain",
              "Partial Mode": "Partial",
              "Parent Relationship": "Outer",
              "Parallel Aware": false,
              "Startup Cost": 317513.83,
              "Total Cost": 317513.84,
              "Plan Rows": 1,
              "Plan Width": 8,
              "Actual Startup Time": 369.488,
              "Actual Total Time": 369.492,
              "Actual Rows": 1,
              "Actual Loops": 5,
              "Plans": [
                {
                  "Node Type": "Hash Join",
                  "Parent Relationship": "Outer",
                  "Parallel Aware": true,
                  "Join Type": "Inner",
                  "Startup Cost": 268255.86,
                  "Total Cost": 317143.12,
                  "Plan Rows": 148286,
                  "Plan Width": 0,
                  "Actual Startup Time": 118.705,
                  "Actual Total Time": 362.389,
                  "Actual Rows": 124902,
                  "Actual Loops": 5,
                  "Inner Unique": false,
                  "Hash Cond": "(t.id = ci.movie_id)",
                  "Plans": [
                    {
                      "Node Type": "Seq Scan",
                      "Parent Relationship": "Outer",
                      "Parallel Aware": true,
                      "Relation Name": "title",
                      "Alias": "t",
                      "Startup Cost": 0.0,
                      "Total Cost": 42319.06,
                      "Plan Rows": 632106,
                      "Plan Width": 4,
                      "Actual Startup Time": 0.019,
                      "Actual Total Time": 80.199,
                      "Actual Rows": 505662,
                      "Actual Loops": 5
                    },
                    {
                      "Node Type": "Hash",
                      "Parent Relationship": "Inner",
                      "Parallel Aware": true,
                      "Startup Cost": 267020.15,
                      "Total Cost": 267020.15,
                      "Plan Rows": 98857,
                      "Plan Width": 4,
                      "Actual Startup Time": 115.696,
                      "Actual Total Time": 115.698,
                      "Actual Rows": 124902,
                      "Actual Loops": 5,
                      "Hash Buckets": 1048576,
                      "Original Hash Buckets": 1048576,
                      "Hash Batches": 1,
                      "Original Hash Batches": 1,
                      "Peak Memory Usage": 32704,
                      "Plans": [
                        {
                          "Node Type": "Bitmap Heap Scan",
                          "Parent Relationship": "Outer",
                          "Parallel Aware": true,
                          "Relation Name": "cast_info",
                          "Alias": "ci",
                          "Startup Cost": 13097.43,
                          "Total Cost": 267020.15,
                          "Plan Rows": 98857,
                          "Plan Width": 4,
                          "Actual Startup Time": 23.112,
                          "Actual Total Time": 61.731,
                          "Actual Rows": 124902,
                          "Actual Loops": 5,
                          "Recheck Cond": "(person_id < 66853)",
                          "Rows Removed by Index Recheck": 0,
                          "Exact Heap Blocks": 2238,
                          "Lossy Heap Blocks": 0,
                          "Plans": [
                            {
                              "Node Type": "Bitmap Index Scan",
                              "Parent Relationship": "Outer",
                              "Parallel Aware": false,
                              "Index Name": "person_id_cast_info",
                              "Startup Cost": 0.0,
                              "Total Cost": 12949.15,
                              "Plan Rows": 593144,
                              "Plan Width": 0,
                              "Actual Startup Time": 22.181,
                              "Actual Total Time": 22.182,
                              "Actual Rows": 624508,
                              "Actual Loops": 1,
                              "Index Cond": "(person_id < 66853)"
                            }
                          ]
                        }
                      ]
                    }
                  ]
                }
              ]
            }
          ]
        }
      ]
    },
    "Planning Time": 0.415,
    "Triggers": [],
    "Execution Time": 401.833
  }
]