[
  {
    "Plan": {
      "Node Type": "Aggregate",
      "Strategy": "Plain",
      "Partial Mode": "Simple",
      "Parallel Aware": false,
      "Startup Cost": 9858.24,
      "Total Cost": 9858.25,
      "Plan Rows": 1,
      "Plan Width": 8,
      "Actual Startup Time": 62.308,
      "Actual Total Time": 62.31,
      "Actual Rows": 1,
      "Actual Loops": 1,
      "Plans": [
        {
          "Node Type": "Index Only Scan",
          "Parent Relationship": "Outer",
          "Parallel Aware": false,
          "Scan Direction": "Forward",
          "Index Name": "company_id_movie_companies",
          "Relation Name": "movie_companies",
          "Alias": "mc",
          "Startup Cost": 0.43,
          "Total Cost": 9847.81,
          "Plan Rows": 4175,
          "Plan Width": 0,
          "Actual Startup Time": 0.751,
          "Actual Total Time": 61.608,
          "Actual Rows": 3796,
          "Actual Loops": 1,
          "Index Cond": "(company_id = 11244)",
          "Rows Removed by Index Recheck": 0,
          "Heap Fetches": 3796
        }
      ]
    },
    "Planning Time": 0.181,
    "Triggers": [],
    "Execution Time": 62.364
  }
]