{
    "Plan": {
        "Node Type": "Aggregate",
        "Strategy": "Plain",
        "Partial Mode": "Finalize",
        "Parallel Aware": false,
        "Startup Cost": 46522.49,
        "Total Cost": 46522.5,
        "Plan Rows": 1,
        "Plan Width": 8,
        "Actual Startup Time": 137.44,
        "Actual Total Time": 155.589,
        "Actual Rows": 1,
        "Actual Loops": 1,
        "Output": [
            "count(*)"
        ],
        "Plans": [
            {
                "Node Type": "Gather",
                "Parent Relationship": "Outer",
                "Parallel Aware": false,
                "Startup Cost": 46522.07,
                "Total Cost": 46522.48,
                "Plan Rows": 4,
                "Plan Width": 8,
                "Actual Startup Time": 137.253,
                "Actual Total Time": 155.58,
                "Actual Rows": 5,
                "Actual Loops": 1,
                "Output": [
                    "(PARTIAL count(*))"
                ],
                "Workers Planned": 4,
                "Workers Launched": 4,
                "Single Copy": false,
                "Plans": [
                    {
                        "Node Type": "Aggregate",
                        "Strategy": "Plain",
                        "Partial Mode": "Partial",
                        "Parent Relationship": "Outer",
                        "Parallel Aware": false,
                        "Startup Cost": 45522.07,
                        "Total Cost": 45522.08,
                        "Plan Rows": 1,
                        "Plan Width": 8,
                        "Actual Startup Time": 127.567,
                        "Actual Total Time": 127.568,
                        "Actual Rows": 1,
                        "Actual Loops": 5,
                        "Output": [
                            "PARTIAL count(*)"
                        ],
                        "Workers": [
                            {
                                "Worker Number": 0,
                                "Actual Startup Time": 124.242,
                                "Actual Total Time": 124.243,
                                "Actual Rows": 1,
                                "Actual Loops": 1
                            },
                            {
                                "Worker Number": 1,
                                "Actual Startup Time": 125.557,
                                "Actual Total Time": 125.559,
                                "Actual Rows": 1,
                                "Actual Loops": 1
                            },
                            {
                                "Worker Number": 2,
                                "Actual Startup Time": 125.8,
                                "Actual Total Time": 125.801,
                                "Actual Rows": 1,
                                "Actual Loops": 1
                            },
                            {
                                "Worker Number": 3,
                                "Actual Startup Time": 126.128,
                                "Actual Total Time": 126.129,
                                "Actual Rows": 1,
                                "Actual Loops": 1
                            }
                        ],
                        "Plans": [
                            {
                                "Node Type": "Seq Scan",
                                "Parent Relationship": "Outer",
                                "Parallel Aware": true,
                                "Relation Name": "title",
                                "Schema": "public",
                                "Alias": "t",
                                "Startup Cost": 0.0,
                                "Total Cost": 45479.21,
                                "Plan Rows": 17146,
                                "Plan Width": 0,
                                "Actual Startup Time": 0.076,
                                "Actual Total Time": 125.53,
                                "Actual Rows": 15910,
                                "Actual Loops": 5,
                                "Output": [
                                    "id",
                                    "title",
                                    "imdb_index",
                                    "kind_id",
                                    "production_year",
                                    "imdb_id",
                                    "phonetic_code",
                                    "episode_of_id",
                                    "season_nr",
                                    "episode_nr",
                                    "series_years",
                                    "md5sum"
                                ],
                                "Filter": "((t.kind_id > 1) AND (t.production_year = 2005))",
                                "Rows Removed by Filter": 489753,
                                "Workers": [
                                    {
                                        "Worker Number": 0,
                                        "Actual Startup Time": 0.064,
                                        "Actual Total Time": 122.468,
                                        "Actual Rows": 13728,
                                        "Actual Loops": 1
                                    },
                                    {
                                        "Worker Number": 1,
                                        "Actual Startup Time": 0.078,
                                        "Actual Total Time": 123.508,
                                        "Actual Rows": 16060,
                                        "Actual Loops": 1
                                    },
                                    {
                                        "Worker Number": 2,
                                        "Actual Startup Time": 0.069,
                                        "Actual Total Time": 123.739,
                                        "Actual Rows": 15809,
                                        "Actual Loops": 1
                                    },
                                    {
                                        "Worker Number": 3,
                                        "Actual Startup Time": 0.069,
                                        "Actual Total Time": 124.086,
                                        "Actual Rows": 15839,
                                        "Actual Loops": 1
                                    }
                                ]
                            }
                        ]
                    }
                ]
            }
        ]
    },
    "Planning Time": 1.839,
    "Triggers": [],
    "Execution Time": 155.906
}