{
  "Plan": {
    "Node Type": "Aggregate",
    "Strategy": "Plain",
    "Partial Mode": "Finalize",
    "Parallel Aware": false,
    "Startup Cost": 152059.31,
    "Total Cost": 152059.32,
    "Plan Rows": 1,
    "Plan Width": 8,
    "Actual Startup Time": 1061.662,
    "Actual Total Time": 1080.492,
    "Actual Rows": 1,
    "Actual Loops": 1,
    "Plans": [
      {
        "Node Type": "Gather",
        "Parent Relationship": "Outer",
        "Parallel Aware": false,
        "Startup Cost": 152059.2,
        "Total Cost": 152059.31,
        "Plan Rows": 1,
        "Plan Width": 8,
        "Actual Startup Time": 1058.209,
        "Actual Total Time": 1080.485,
        "Actual Rows": 2,
        "Actual Loops": 1,
        "Workers Planned": 1,
        "Workers Launched": 1,
        "Single Copy": false,
        "Plans": [
          {
            "Node Type": "Aggregate",
            "Strategy": "Plain",
            "Partial Mode": "Partial",
            "Parent Relationship": "Outer",
            "Parallel Aware": false,
            "Startup Cost": 151059.2,
            "Total Cost": 151059.21,
            "Plan Rows": 1,
            "Plan Width": 8,
            "Actual Startup Time": 1052.717,
            "Actual Total Time": 1052.723,
            "Actual Rows": 1,
            "Actual Loops": 2,
            "Plans": [
              {
                "Node Type": "Hash Join",
                "Parent Relationship": "Outer",
                "Parallel Aware": true,
                "Join Type": "Inner",
                "Startup Cost": 81945.29,
                "Total Cost": 150106.55,
                "Plan Rows": 381059,
                "Plan Width": 0,
                "Actual Startup Time": 507.458,
                "Actual Total Time": 977.159,
                "Actual Rows": 2010895,
                "Actual Loops": 2,
                "Inner Unique": false,
                "Hash Cond": "(mk.movie_id = t.id)",
                "Plans": [
                  {
                    "Node Type": "Seq Scan",
                    "Parent Relationship": "Outer",
                    "Parallel Aware": true,
                    "Relation Name": "movie_keyword",
                    "Alias": "mk",
                    "Startup Cost": 0.0,
                    "Total Cost": 57718.19,
                    "Plan Rows": 2187080,
                    "Plan Width": 4,
                    "Actual Startup Time": 0.02,
                    "Actual Total Time": 194.243,
                    "Actual Rows": 1864686,
                    "Actual Loops": 2,
                    "Filter": "(keyword_id < 23430)",
                    "Rows Removed by Filter": 397280
                  },
                  {
                    "Node Type": "Hash",
                    "Parent Relationship": "Inner",
                    "Parallel Aware": true,
                    "Startup Cost": 78706.25,
                    "Total Cost": 78706.25,
                    "Plan Rows": 259123,
                    "Plan Width": 8,
                    "Actual Startup Time": 502.785,
                    "Actual Total Time": 502.789,
                    "Actual Rows": 272971,
                    "Actual Loops": 2,
                    "Hash Buckets": 1048576,
                    "Original Hash Buckets": 524288,
                    "Hash Batches": 1,
                    "Original Hash Batches": 1,
                    "Peak Memory Usage": 33664,
                    "Plans": [
                      {
                        "Node Type": "Hash Join",
                        "Parent Relationship": "Outer",
                        "Parallel Aware": true,
                        "Join Type": "Inner",
                        "Startup Cost": 60522.46,
                        "Total Cost": 78706.25,
                        "Plan Rows": 259123,
                        "Plan Width": 8,
                        "Actual Startup Time": 263.068,
                        "Actual Total Time": 436.415,
                        "Actual Rows": 272971,
                        "Actual Loops": 2,
                        "Inner Unique": true,
                        "Hash Cond": "(mi_idx.movie_id = t.id)",
                        "Plans": [
                          {
                            "Node Type": "Seq Scan",
                            "Parent Relationship": "Outer",
                            "Parallel Aware": true,
                            "Relation Name": "movie_info_idx",
                            "Alias": "mi_idx",
                            "Startup Cost": 0.0,
                            "Total Cost": 16052.85,
                            "Plan Rows": 811785,
                            "Plan Width": 4,
                            "Actual Startup Time": 0.019,
                            "Actual Total Time": 50.931,
                            "Actual Rows": 690018,
                            "Actual Loops": 2
                          },
                          {
                            "Node Type": "Hash",
                            "Parent Relationship": "Inner",
                            "Parallel Aware": true,
                            "Startup Cost": 54588.39,
                            "Total Cost": 54588.39,
                            "Plan Rows": 474726,
                            "Plan Width": 4,
                            "Actual Startup Time": 257.453,
                            "Actual Total Time": 257.454,
                            "Actual Rows": 406352,
                            "Actual Loops": 2,
                            "Hash Buckets": 1048576,
                            "Original Hash Buckets": 1048576,
                            "Hash Batches": 1,
                            "Original Hash Batches": 1,
                            "Peak Memory Usage": 40032,
                            "Plans": [
                              {
                                "Node Type": "Seq Scan",
                                "Parent Relationship": "Outer",
                                "Parallel Aware": true,
                                "Relation Name": "title",
                                "Alias": "t",
                                "Startup Cost": 0.0,
                                "Total Cost": 54588.39,
                                "Plan Rows": 474726,
                                "Plan Width": 4,
                                "Actual Startup Time": 0.043,
                                "Actual Total Time": 153.965,
                                "Actual Rows": 406352,
                                "Actual Loops": 2,
                                "Filter": "(production_year < 1995)",
                                "Rows Removed by Filter": 857804
                              }
                            ]
                          }
                        ]
                      }
                    ]
                  }
                ]
              }
            ]
          }
        ]
      }
    ]
  },
  "Planning Time": 0.679,
  "Triggers": [],
  "Execution Time": 1080.556
}