[
  {
    "Plan": {
      "Node Type": "Aggregate",
      "Strategy": "Plain",
      "Partial Mode": "Finalize",
      "Parallel Aware": false,
      "Startup Cost": 27201.87,
      "Total Cost": 27201.88,
      "Plan Rows": 1,
      "Plan Width": 8,
      "Actual Startup Time": 43.147,
      "Actual Total Time": 49.693,
      "Actual Rows": 1,
      "Actual Loops": 1,
      "Plans": [
        {
          "Node Type": "Gather",
          "Parent Relationship": "Outer",
          "Parallel Aware": false,
          "Startup Cost": 27201.66,
          "Total Cost": 27201.87,
          "Plan Rows": 2,
          "Plan Width": 8,
          "Actual Startup Time": 42.962,
          "Actual Total Time": 49.687,
          "Actual Rows": 3,
          "Actual Loops": 1,
          "Workers Planned": 2,
          "Workers Launched": 2,
          "Single Copy": false,
          "Plans": [
            {
              "Node Type": "Aggregate",
              "Strategy": "Plain",
              "Partial Mode": "Partial",
              "Parent Relationship": "Outer",
              "Parallel Aware": false,
              "Startup Cost": 26201.66,
              "Total Cost": 26201.67,
              "Plan Rows": 1,
              "Plan Width": 8,
              "Actual Startup Time": 34.398,
              "Actual Total Time": 34.399,
              "Actual Rows": 1,
              "Actual Loops": 3,
              "Plans": [
                {
                  "Node Type": "Nested Loop",
                  "Parent Relationship": "Outer",
                  "Parallel Aware": false,
                  "Join Type": "Inner",
                  "Startup Cost": 93.65,
                  "Total Cost": 26193.88,
                  "Plan Rows": 3112,
                  "Plan Width": 0,
                  "Actual Startup Time": 1.78,
                  "Actual Total Time": 33.998,
                  "Actual Rows": 4541,
                  "Actual Loops": 3,
                  "Inner Unique": false,
                  "Plans": [
                    {
                      "Node Type": "Nested Loop",
                      "Parent Relationship": "Outer",
                      "Parallel Aware": false,
                      "Join Type": "Inner",
                      "Startup Cost": 93.22,
                      "Total Cost": 23114.56,
                      "Plan Rows": 1740,
                      "Plan Width": 8,
                      "Actual Startup Time": 1.556,
                      "Actual Total Time": 20.999,
                      "Actual Rows": 1176,
                      "Actual Loops": 3,
                      "Inner Unique": true,
                      "Plans": [
                        {
                          "Node Type": "Bitmap Heap Scan",
                          "Parent Relationship": "Outer",
                          "Parallel Aware": true,
                          "Relation Name": "movie_companies",
                          "Alias": "mc",
                          "Startup Cost": 92.79,
                          "Total Cost": 10104.64,
                          "Plan Rows": 1740,
                          "Plan Width": 4,
                          "Actual Startup Time": 1.345,
                          "Actual Total Time": 6.659,
                          "Actual Rows": 1176,
                          "Actual Loops": 3,
                          "Recheck Cond": "(company_id = 419)",
                          "Rows Removed by Index Recheck": 0,
                          "Exact Heap Blocks": 1793,
                          "Lossy Heap Blocks": 0,
                          "Plans": [
                            {
                              "Node Type": "Bitmap Index Scan",
                              "Parent Relationship": "Outer",
                              "Parallel Aware": false,
                              "Index Name": "company_id_movie_companies",
                              "Startup Cost": 0.0,
                              "Total Cost": 91.74,
                              "Plan Rows": 4175,
                              "Plan Width": 0,
                              "Actual Startup Time": 2.991,
                              "Actual Total Time": 2.991,
                              "Actual Rows": 3529,
                              "Actual Loops": 1,
                              "Index Cond": "(company_id = 419)"
                            }
                          ]
                        },
                        {
                          "Node Type": "Index Only Scan",
                          "Parent Relationship": "Inner",
                          "Parallel Aware": false,
                          "Scan Direction": "Forward",
                          "Index Name": "title_pkey",
                          "Relation Name": "title",
                          "Alias": "t",
                          "Startup Cost": 0.43,
                          "Total Cost": 7.48,
                          "Plan Rows": 1,
                          "Plan Width": 4,
                          "Actual Startup Time": 0.011,
                          "Actual Total Time": 0.011,
                          "Actual Rows": 1,
                          "Actual Loops": 3529,
                          "Index Cond": "(id = mc.movie_id)",
                          "Rows Removed by Index Recheck": 0,
                          "Heap Fetches": 3529
                        }
                      ]
                    },
                    {
                      "Node Type": "Index Only Scan",
                      "Parent Relationship": "Inner",
                      "Parallel Aware": false,
                      "Scan Direction": "Forward",
                      "Index Name": "movie_id_movie_keyword",
                      "Relation Name": "movie_keyword",
                      "Alias": "mk",
                      "Startup Cost": 0.43,
                      "Total Cost": 1.31,
                      "Plan Rows": 46,
                      "Plan Width": 4,
                      "Actual Startup Time": 0.009,
                      "Actual Total Time": 0.01,
                      "Actual Rows": 4,
                      "Actual Loops": 3529,
                      "Index Cond": "(movie_id = t.id)",
                      "Rows Removed by Index Recheck": 0,
                      "Heap Fetches": 13623
                    }
                  ]
                }
              ]
            }
          ]
        }
      ]
    },
    "Planning Time": 0.927,
    "Triggers": [],
    "Execution Time": 49.761
  }
]