{
  "Plan": {
    "Node Type": "Aggregate",
    "Strategy": "Plain",
    "Partial Mode": "Finalize",
    "Parallel Aware": false,
    "Startup Cost": 49507.27,
    "Total Cost": 49507.28,
    "Plan Rows": 1,
    "Plan Width": 8,
    "Actual Startup Time": 22.205,
    "Actual Total Time": 25.521,
    "Actual Rows": 1,
    "Actual Loops": 1,
    "Plans": [
      {
        "Node Type": "Gather",
        "Parent Relationship": "Outer",
        "Parallel Aware": false,
        "Startup Cost": 49507.16,
        "Total Cost": 49507.27,
        "Plan Rows": 1,
        "Plan Width": 8,
        "Actual Startup Time": 21.896,
        "Actual Total Time": 25.511,
        "Actual Rows": 2,
        "Actual Loops": 1,
        "Workers Planned": 1,
        "Workers Launched": 1,
        "Single Copy": false,
        "Plans": [
          {
            "Node Type": "Aggregate",
            "Strategy": "Plain",
            "Partial Mode": "Partial",
            "Parent Relationship": "Outer",
            "Parallel Aware": false,
            "Startup Cost": 48507.16,
            "Total Cost": 48507.17,
            "Plan Rows": 1,
            "Plan Width": 8,
            "Actual Startup Time": 15.49,
            "Actual Total Time": 15.493,
            "Actual Rows": 1,
            "Actual Loops": 2,
            "Plans": [
              {
                "Node Type": "Nested Loop",
                "Parent Relationship": "Outer",
                "Parallel Aware": false,
                "Join Type": "Inner",
                "Startup Cost": 310.07,
                "Total Cost": 48506.96,
                "Plan Rows": 79,
                "Plan Width": 0,
                "Actual Startup Time": 14.696,
                "Actual Total Time": 15.48,
                "Actual Rows": 26,
                "Actual Loops": 2,
                "Inner Unique": false,
                "Plans": [
                  {
                    "Node Type": "Nested Loop",
                    "Parent Relationship": "Outer",
                    "Parallel Aware": false,
                    "Join Type": "Inner",
                    "Startup Cost": 309.64,
                    "Total Cost": 48337.88,
                    "Plan Rows": 144,
                    "Plan Width": 8,
                    "Actual Startup Time": 14.566,
                    "Actual Total Time": 15.238,
                    "Actual Rows": 9,
                    "Actual Loops": 2,
                    "Inner Unique": true,
                    "Plans": [
                      {
                        "Node Type": "Bitmap Heap Scan",
                        "Parent Relationship": "Outer",
                        "Parallel Aware": true,
                        "Relation Name": "movie_companies",
                        "Alias": "mc",
                        "Startup Cost": 309.21,
                        "Total Cost": 18783.23,
                        "Plan Rows": 4260,
                        "Plan Width": 4,
                        "Actual Startup Time": 14.164,
                        "Actual Total Time": 14.41,
                        "Actual Rows": 54,
                        "Actual Loops": 2,
                        "Recheck Cond": "(company_id = 34)",
                        "Rows Removed by Index Recheck": 0,
                        "Filter": "(company_type_id > 1)",
                        "Rows Removed by Filter": 6394,
                        "Exact Heap Blocks": 3646,
                        "Lossy Heap Blocks": 0,
                        "Plans": [
                          {
                            "Node Type": "Bitmap Index Scan",
                            "Parent Relationship": "Outer",
                            "Parallel Aware": false,
                            "Index Name": "company_id_movie_companies",
                            "Startup Cost": 0.0,
                            "Total Cost": 307.4,
                            "Plan Rows": 14263,
                            "Plan Width": 0,
                            "Actual Startup Time": 4.915,
                            "Actual Total Time": 4.916,
                            "Actual Rows": 12894,
                            "Actual Loops": 1,
                            "Index Cond": "(company_id = 34)"
                          }
                        ]
                      },
                      {
                        "Node Type": "Index Scan",
                        "Parent Relationship": "Inner",
                        "Parallel Aware": false,
                        "Scan Direction": "Forward",
                        "Index Name": "title_pkey",
                        "Relation Name": "title",
                        "Alias": "t",
                        "Startup Cost": 0.43,
                        "Total Cost": 6.94,
                        "Plan Rows": 1,
                        "Plan Width": 4,
                        "Actual Startup Time": 0.015,
                        "Actual Total Time": 0.015,
                        "Actual Rows": 0,
                        "Actual Loops": 107,
                        "Index Cond": "(id = mc.movie_id)",
                        "Rows Removed by Index Recheck": 0,
                        "Filter": "(production_year = 2004)",
                        "Rows Removed by Filter": 1
                      }
                    ]
                  },
                  {
                    "Node Type": "Index Only Scan",
                    "Parent Relationship": "Inner",
                    "Parallel Aware": false,
                    "Scan Direction": "Forward",
                    "Index Name": "movie_id_movie_info_idx",
                    "Relation Name": "movie_info_idx",
                    "Alias": "mi_idx",
                    "Startup Cost": 0.43,
                    "Total Cost": 1.14,
                    "Plan Rows": 3,
                    "Plan Width": 4,
                    "Actual Startup Time": 0.025,
                    "Actual Total Time": 0.026,
                    "Actual Rows": 3,
                    "Actual Loops": 18,
                    "Index Cond": "(movie_id = t.id)",
                    "Rows Removed by Index Recheck": 0,
                    "Heap Fetches": 51
                  }
                ]
              }
            ]
          }
        ]
      }
    ]
  },
  "Planning Time": 0.967,
  "Triggers": [],
  "Execution Time": 25.634
}