{
  "Plan": {
    "Node Type": "Aggregate",
    "Strategy": "Plain",
    "Partial Mode": "Simple",
    "Parallel Aware": false,
    "Startup Cost": 1822709.82,
    "Total Cost": 1822709.83,
    "Plan Rows": 1,
    "Plan Width": 128,
    "Actual Startup Time": 5780.004,
    "Actual Total Time": 5780.344,
    "Actual Rows": 1,
    "Actual Loops": 1,
    "Plans": [
      {
        "Node Type": "Merge Join",
        "Parent Relationship": "Outer",
        "Parallel Aware": false,
        "Join Type": "Inner",
        "Startup Cost": 1822709.79,
        "Total Cost": 1822709.81,
        "Plan Rows": 1,
        "Plan Width": 81,
        "Actual Startup Time": 5779.992,
        "Actual Total Time": 5780.332,
        "Actual Rows": 6,
        "Actual Loops": 1,
        "Inner Unique": true,
        "Merge Cond": "(mi_idx.info_type_id = it2.id)",
        "Plans": [
          {
            "Node Type": "Sort",
            "Parent Relationship": "Outer",
            "Parallel Aware": false,
            "Startup Cost": 1822707.36,
            "Total Cost": 1822707.37,
            "Plan Rows": 1,
            "Plan Width": 85,
            "Actual Startup Time": 5779.949,
            "Actual Total Time": 5780.288,
            "Actual Rows": 13,
            "Actual Loops": 1,
            "Sort Key": [
              "mi_idx.info_type_id"
            ],
            "Sort Method": "quicksort",
            "Sort Space Used": 27,
            "Sort Space Type": "Memory",
            "Plans": [
              {
                "Node Type": "Merge Join",
                "Parent Relationship": "Outer",
                "Parallel Aware": false,
                "Join Type": "Inner",
                "Startup Cost": 1634692.42,
                "Total Cost": 1822707.35,
                "Plan Rows": 1,
                "Plan Width": 85,
                "Actual Startup Time": 5188.06,
                "Actual Total Time": 5780.225,
                "Actual Rows": 18,
                "Actual Loops": 1,
                "Inner Unique": false,
                "Merge Cond": "(n.id = ci.person_id)",
                "Plans": [
                  {
                    "Node Type": "Index Scan",
                    "Parent Relationship": "Outer",
                    "Parallel Aware": false,
                    "Scan Direction": "Forward",
                    "Index Name": "name_pkey",
                    "Relation Name": "name",
                    "Alias": "n",
                    "Startup Cost": 0.43,
                    "Total Cost": 188589.67,
                    "Plan Rows": 1747242,
                    "Plan Width": 19,
                    "Actual Startup Time": 0.019,
                    "Actual Total Time": 604.231,
                    "Actual Rows": 1626511,
                    "Actual Loops": 1,
                    "Filter": "((gender)::text = 'm'::text)",
                    "Rows Removed by Filter": 0
                  },
                  {
                    "Node Type": "Sort",
                    "Parent Relationship": "Inner",
                    "Parallel Aware": false,
                    "Startup Cost": 1634691.99,
                    "Total Cost": 1634691.99,
                    "Plan Rows": 1,
                    "Plan Width": 74,
                    "Actual Startup Time": 5094.707,
                    "Actual Total Time": 5095.047,
                    "Actual Rows": 18,
                    "Actual Loops": 1,
                    "Sort Key": [
                      "ci.person_id"
                    ],
                    "Sort Method": "quicksort",
                    "Sort Space Used": 26,
                    "Sort Space Type": "Memory",
                    "Plans": [
                      {
                        "Node Type": "Merge Join",
                        "Parent Relationship": "Outer",
                        "Parallel Aware": false,
                        "Join Type": "Inner",
                        "Startup Cost": 1628854.45,
                        "Total Cost": 1634691.98,
                        "Plan Rows": 1,
                        "Plan Width": 74,
                        "Actual Startup Time": 5094.666,
                        "Actual Total Time": 5095.021,
                        "Actual Rows": 18,
                        "Actual Loops": 1,
                        "Inner Unique": false,
                        "Merge Cond": "(t.id = ci.movie_id)",
                        "Plans": [
                          {
                            "Node Type": "Sort",
                            "Parent Relationship": "Outer",
                            "Parallel Aware": false,
                            "Startup Cost": 1042564.0,
                            "Total Cost": 1042564.01,
                            "Plan Rows": 1,
                            "Plan Width": 86,
                            "Actual Startup Time": 3824.954,
                            "Actual Total Time": 3825.205,
                            "Actual Rows": 27,
                            "Actual Loops": 1,
                            "Sort Key": [
                              "mi.movie_id"
                            ],
                            "Sort Method": "quicksort",
                            "Sort Space Used": 28,
                            "Sort Space Type": "Memory",
                            "Plans": [
                              {
                                "Node Type": "Merge Join",
                                "Parent Relationship": "Outer",
                                "Parallel Aware": false,
                                "Join Type": "Inner",
                                "Startup Cost": 1042563.97,
                                "Total Cost": 1042563.99,
                                "Plan Rows": 1,
                                "Plan Width": 86,
                                "Actual Startup Time": 3824.912,
                                "Actual Total Time": 3825.166,
                                "Actual Rows": 27,
                                "Actual Loops": 1,
                                "Inner Unique": false,
                                "Merge Cond": "(it1.id = mi.info_type_id)",
                                "Plans": [
                                  {
                                    "Node Type": "Sort",
                                    "Parent Relationship": "Outer",
                                    "Parallel Aware": false,
                                    "Startup Cost": 2.42,
                                    "Total Cost": 2.43,
                                    "Plan Rows": 1,
                                    "Plan Width": 4,
                                    "Actual Startup Time": 0.037,
                                    "Actual Total Time": 0.038,
                                    "Actual Rows": 1,
                                    "Actual Loops": 1,
                                    "Sort Key": [
                                      "it1.id"
                                    ],
                                    "Sort Method": "quicksort",
                                    "Sort Space Used": 25,
                                    "Sort Space Type": "Memory",
                                    "Plans": [
                                      {
                                        "Node Type": "Seq Scan",
                                        "Parent Relationship": "Outer",
                                        "Parallel Aware": false,
                                        "Relation Name": "info_type",
                                        "Alias": "it1",
                                        "Startup Cost": 0.0,
                                        "Total Cost": 2.41,
                                        "Plan Rows": 1,
                                        "Plan Width": 4,
                                        "Actual Startup Time": 0.012,
                                        "Actual Total Time": 0.022,
                                        "Actual Rows": 1,
                                        "Actual Loops": 1,
                                        "Filter": "((info)::text = 'genres'::text)",
                                        "Rows Removed by Filter": 112
                                      }
                                    ]
                                  },
                                  {
                                    "Node Type": "Sort",
                                    "Parent Relationship": "Inner",
                                    "Parallel Aware": false,
                                    "Startup Cost": 1042561.54,
                                    "Total Cost": 1042561.55,
                                    "Plan Rows": 1,
                                    "Plan Width": 90,
                                    "Actual Startup Time": 3824.872,
                                    "Actual Total Time": 3825.119,
                                    "Actual Rows": 27,
                                    "Actual Loops": 1,
                                    "Sort Key": [
                                      "mi.info_type_id"
                                    ],
                                    "Sort Method": "quicksort",
                                    "Sort Space Used": 28,
                                    "Sort Space Type": "Memory",
                                    "Plans": [
                                      {
                                        "Node Type": "Merge Join",
                                        "Parent Relationship": "Outer",
                                        "Parallel Aware": false,
                                        "Join Type": "Inner",
                                        "Startup Cost": 1042407.11,
                                        "Total Cost": 1042561.53,
                                        "Plan Rows": 1,
                                        "Plan Width": 90,
                                        "Actual Startup Time": 3824.733,
                                        "Actual Total Time": 3825.085,
                                        "Actual Rows": 27,
                                        "Actual Loops": 1,
                                        "Inner Unique": false,
                                        "Merge Cond": "(t.id = mi.movie_id)",
                                        "Plans": [
                                          {
                                            "Node Type": "Sort",
                                            "Parent Relationship": "Outer",
                                            "Parallel Aware": false,
                                            "Startup Cost": 46484.57,
                                            "Total Cost": 46484.66,
                                            "Plan Rows": 37,
                                            "Plan Width": 21,
                                            "Actual Startup Time": 144.779,
                                            "Actual Total Time": 144.896,
                                            "Actual Rows": 73,
                                            "Actual Loops": 1,
                                            "Sort Key": [
                                              "t.id"
                                            ],
                                            "Sort Method": "quicksort",
                                            "Sort Space Used": 30,
                                            "Sort Space Type": "Memory",
                                            "Plans": [
                                              {
                                                "Node Type": "Gather",
                                                "Parent Relationship": "Outer",
                                                "Parallel Aware": false,
                                                "Startup Cost": 1000.0,
                                                "Total Cost": 46483.61,
                                                "Plan Rows": 37,
                                                "Plan Width": 21,
                                                "Actual Startup Time": 5.354,
                                                "Actual Total Time": 144.801,
                                                "Actual Rows": 73,
                                                "Actual Loops": 1,
                                                "Workers Planned": 4,
                                                "Workers Launched": 4,
                                                "Single Copy": false,
                                                "Plans": [
                                                  {
                                                    "Node Type": "Seq Scan",
                                                    "Parent Relationship": "Outer",
                                                    "Parallel Aware": true,
                                                    "Relation Name": "title",
                                                    "Alias": "t",
                                                    "Startup Cost": 0.0,
                                                    "Total Cost": 45479.91,
                                                    "Plan Rows": 9,
                                                    "Plan Width": 21,
                                                    "Actual Startup Time": 18.689,
                                                    "Actual Total Time": 134.975,
                                                    "Actual Rows": 15,
                                                    "Actual Loops": 5,
                                                    "Filter": "((production_year > 2010) AND (title ~~ 'Vampire%'::text))",
                                                    "Rows Removed by Filter": 505648
                                                  }
                                                ]
                                              }
                                            ]
                                          },
                                          {
                                            "Node Type": "Materialize",
                                            "Parent Relationship": "Inner",
                                            "Parallel Aware": false,
                                            "Startup Cost": 995922.54,
                                            "Total Cost": 996076.66,
                                            "Plan Rows": 43,
                                            "Plan Width": 69,
                                            "Actual Startup Time": 3633.752,
                                            "Actual Total Time": 3677.57,
                                            "Actual Rows": 34948,
                                            "Actual Loops": 1,
                                            "Plans": [
                                              {
                                                "Node Type": "Merge Join",
                                                "Parent Relationship": "Outer",
                                                "Parallel Aware": false,
                                                "Join Type": "Inner",
                                                "Startup Cost": 995922.54,
                                                "Total Cost": 996076.55,
                                                "Plan Rows": 43,
                                                "Plan Width": 69,
                                                "Actual Startup Time": 3633.711,
                                                "Actual Total Time": 3669.571,
                                                "Actual Rows": 34948,
                                                "Actual Loops": 1,
                                                "Inner Unique": false,
                                                "Merge Cond": "(mi.movie_id = mi_idx.movie_id)",
                                                "Plans": [
                                                  {
                                                    "Node Type": "Sort",
                                                    "Parent Relationship": "Outer",
                                                    "Parallel Aware": false,
                                                    "Startup Cost": 205437.48,
                                                    "Total Cost": 205513.06,
                                                    "Plan Rows": 30233,
                                                    "Plan Width": 51,
                                                    "Actual Startup Time": 752.517,
                                                    "Actual Total Time": 754.064,
                                                    "Actual Rows": 29068,
                                                    "Actual Loops": 1,
                                                    "Sort Key": [
                                                      "mi.movie_id"
                                                    ],
                                                    "Sort Method": "quicksort",
                                                    "Sort Space Used": 2212,
                                                    "Sort Space Type": "Memory",
                                                    "Plans": [
                                                      {
                                                        "Node Type": "Gather",
                                                        "Parent Relationship": "Outer",
                                                        "Parallel Aware": false,
                                                        "Startup Cost": 1000.0,
                                                        "Total Cost": 203187.57,
                                                        "Plan Rows": 30233,
                                                        "Plan Width": 51,
                                                        "Actual Startup Time": 495.6,
                                                        "Actual Total Time": 742.472,
                                                        "Actual Rows": 30801,
                                                        "Actual Loops": 1,
                                                        "Workers Planned": 5,
                                                        "Workers Launched": 3,
                                                        "Single Copy": false,
                                                        "Plans": [
                                                          {
                                                            "Node Type": "Seq Scan",
                                                            "Parent Relationship": "Outer",
                                                            "Parallel Aware": true,
                                                            "Relation Name": "movie_info",
                                                            "Alias": "mi",
                                                            "Startup Cost": 0.0,
                                                            "Total Cost": 199164.27,
                                                            "Plan Rows": 6047,
                                                            "Plan Width": 51,
                                                            "Actual Startup Time": 486.935,
                                                            "Actual Total Time": 733.367,
                                                            "Actual Rows": 7700,
                                                            "Actual Loops": 4,
                                                            "Filter": "(info = 'Horror'::text)",
                                                            "Rows Removed by Filter": 3701230
                                                          }
                                                        ]
                                                      }
                                                    ]
                                                  },
                                                  {
                                                    "Node Type": "Sort",
                                                    "Parent Relationship": "Inner",
                                                    "Parallel Aware": false,
                                                    "Startup Cost": 790485.05,
                                                    "Total Cost": 790486.34,
                                                    "Plan Rows": 517,
                                                    "Plan Width": 18,
                                                    "Actual Startup Time": 2881.172,
                                                    "Actual Total Time": 2898.113,
                                                    "Actual Rows": 147677,
                                                    "Actual Loops": 1,
                                                    "Sort Key": [
                                                      "mk.movie_id"
                                                    ],
                                                    "Sort Method": "quicksort",
                                                    "Sort Space Used": 15403,
                                                    "Sort Space Type": "Memory",
                                                    "Plans": [
                                                      {
                                                        "Node Type": "Gather",
                                                        "Parent Relationship": "Outer",
                                                        "Parallel Aware": false,
                                                        "Startup Cost": 768159.71,
                                                        "Total Cost": 790461.75,
                                                        "Plan Rows": 517,
                                                        "Plan Width": 18,
                                                        "Actual Startup Time": 2525.632,
                                                        "Actual Total Time": 2809.95,
                                                        "Actual Rows": 152720,
                                                        "Actual Loops": 1,
                                                        "Workers Planned": 3,
                                                        "Workers Launched": 3,
                                                        "Single Copy": false,
                                                        "Plans": [
                                                          {
                                                            "Node Type": "Merge Join",
                                                            "Parent Relationship": "Outer",
                                                            "Parallel Aware": false,
                                                            "Join Type": "Inner",
                                                            "Startup Cost": 767159.71,
                                                            "Total Cost": 789410.05,
                                                            "Plan Rows": 167,
                                                            "Plan Width": 18,
                                                            "Actual Startup Time": 2509.145,
                                                            "Actual Total Time": 2614.826,
                                                            "Actual Rows": 38180,
                                                            "Actual Loops": 4,
                                                            "Inner Unique": true,
                                                            "Merge Cond": "(mk.keyword_id = k.id)",
                                                            "Plans": [
                                                              {
                                                                "Node Type": "Sort",
                                                                "Parent Relationship": "Outer",
                                                                "Parallel Aware": false,
                                                                "Startup Cost": 763951.37,
                                                                "Total Cost": 775115.21,
                                                                "Plan Rows": 4465535,
                                                                "Plan Width": 22,
                                                                "Actual Startup Time": 2468.364,
                                                                "Actual Total Time": 2544.559,
                                                                "Actual Rows": 501261,
                                                                "Actual Loops": 4,
                                                                "Sort Key": [
                                                                  "mk.keyword_id"
                                                                ],
                                                                "Sort Method": "quicksort",
                                                                "Sort Space Used": 316159,
                                                                "Sort Space Type": "Memory",
                                                                "Workers": [
                                                                  {
                                                                    "Worker Number": 0,
                                                                    "Sort Method": "quicksort",
                                                                    "Sort Space Used": 196110,
                                                                    "Sort Space Type": "Memory"
                                                                  },
                                                                  {
                                                                    "Worker Number": 1,
                                                                    "Sort Method": "quicksort",
                                                                    "Sort Space Used": 371519,
                                                                    "Sort Space Type": "Memory"
                                                                  },
                                                                  {
                                                                    "Worker Number": 2,
                                                                    "Sort Method": "quicksort",
                                                                    "Sort Space Used": 274702,
                                                                    "Sort Space Type": "Memory"
                                                                  }
                                                                ],
                                                                "Plans": [
                                                                  {
                                                                    "Node Type": "Merge Join",
                                                                    "Parent Relationship": "Outer",
                                                                    "Parallel Aware": false,
                                                                    "Join Type": "Inner",
                                                                    "Startup Cost": 5.23,
                                                                    "Total Cost": 270724.06,
                                                                    "Plan Rows": 4465535,
                                                                    "Plan Width": 22,
                                                                    "Actual Startup Time": 5.558,
                                                                    "Actual Total Time": 1507.847,
                                                                    "Actual Rows": 2606156,
                                                                    "Actual Loops": 4,
                                                                    "Inner Unique": false,
                                                                    "Merge Cond": "(mk.movie_id = mi_idx.movie_id)",
                                                                    "Plans": [
                                                                      {
                                                                        "Node Type": "Index Scan",
                                                                        "Parent Relationship": "Outer",
                                                                        "Parallel Aware": true,
                                                                        "Scan Direction": "Forward",
                                                                        "Index Name": "movie_id_movie_keyword",
                                                                        "Relation Name": "movie_keyword",
                                                                        "Alias": "mk",
                                                                        "Startup Cost": 0.43,
                                                                        "Total Cost": 146502.5,
                                                                        "Plan Rows": 1459332,
                                                                        "Plan Width": 8,
                                                                        "Actual Startup Time": 0.108,
                                                                        "Actual Total Time": 281.607,
                                                                        "Actual Rows": 1130981,
                                                                        "Actual Loops": 4
                                                                      },
                                                                      {
                                                                        "Node Type": "Materialize",
                                                                        "Parent Relationship": "Inner",
                                                                        "Parallel Aware": false,
                                                                        "Startup Cost": 0.43,
                                                                        "Total Cost": 57072.82,
                                                                        "Plan Rows": 1380035,
                                                                        "Plan Width": 14,
                                                                        "Actual Startup Time": 0.211,
                                                                        "Actual Total Time": 595.194,
                                                                        "Actual Rows": 3809151,
                                                                        "Actual Loops": 4,
                                                                        "Plans": [
                                                                          {
                                                                            "Node Type": "Index Scan",
                                                                            "Parent Relationship": "Outer",
                                                                            "Parallel Aware": false,
                                                                            "Scan Direction": "Forward",
                                                                            "Index Name": "movie_id_movie_info_idx",
                                                                            "Relation Name": "movie_info_idx",
                                                                            "Alias": "mi_idx",
                                                                            "Startup Cost": 0.43,
                                                                            "Total Cost": 53622.74,
                                                                            "Plan Rows": 1380035,
                                                                            "Plan Width": 14,
                                                                            "Actual Startup Time": 0.186,
                                                                            "Actual Total Time": 295.575,
                                                                            "Actual Rows": 1379938,
                                                                            "Actual Loops": 4
                                                                          }
                                                                        ]
                                                                      }
                                                                    ]
                                                                  }
                                                                ]
                                                              },
                                                              {
                                                                "Node Type": "Sort",
                                                                "Parent Relationship": "Inner",
                                                                "Parallel Aware": false,
                                                                "Startup Cost": 3129.32,
                                                                "Total Cost": 3129.33,
                                                                "Plan Rows": 5,
                                                                "Plan Width": 4,
                                                                "Actual Startup Time": 17.276,
                                                                "Actual Total Time": 17.279,
                                                                "Actual Rows": 5,
                                                                "Actual Loops": 4,
                                                                "Sort Key": [
                                                                  "k.id"
                                                                ],
                                                                "Sort Method": "quicksort",
                                                                "Sort Space Used": 25,
                                                                "Sort Space Type": "Memory",
                                                                "Workers": [
                                                                  {
                                                                    "Worker Number": 0,
                                                                    "Sort Method": "quicksort",
                                                                    "Sort Space Used": 25,
                                                                    "Sort Space Type": "Memory"
                                                                  },
                                                                  {
                                                                    "Worker Number": 1,
                                                                    "Sort Method": "quicksort",
                                                                    "Sort Space Used": 25,
                                                                    "Sort Space Type": "Memory"
                                                                  },
                                                                  {
                                                                    "Worker Number": 2,
                                                                    "Sort Method": "quicksort",
                                                                    "Sort Space Used": 25,
                                                                    "Sort Space Type": "Memory"
                                                                  }
                                                                ],
                                                                "Plans": [
                                                                  {
                                                                    "Node Type": "Seq Scan",
                                                                    "Parent Relationship": "Outer",
                                                                    "Parallel Aware": false,
                                                                    "Relation Name": "keyword",
                                                                    "Alias": "k",
                                                                    "Startup Cost": 0.0,
                                                                    "Total Cost": 3129.26,
                                                                    "Plan Rows": 5,
                                                                    "Plan Width": 4,
                                                                    "Actual Startup Time": 0.533,
                                                                    "Actual Total Time": 17.255,
                                                                    "Actual Rows": 5,
                                                                    "Actual Loops": 4,
                                                                    "Filter": "(keyword = ANY ('{murder,blood,gore,death,female-nudity}'::text[]))",
                                                                    "Rows Removed by Filter": 134165
                                                                  }
                                                                ]
                                                              }
                                                            ]
                                                          }
                                                        ]
                                                      }
                                                    ]
                                                  }
                                                ]
                                              }
                                            ]
                                          }
                                        ]
                                      }
                                    ]
                                  }
                                ]
                              }
                            ]
                          },
                          {
                            "Node Type": "Sort",
                            "Parent Relationship": "Inner",
                            "Parallel Aware": false,
                            "Startup Cost": 586290.45,
                            "Total Cost": 589209.2,
                            "Plan Rows": 1167502,
                            "Plan Width": 8,
                            "Actual Startup Time": 1095.684,
                            "Actual Total Time": 1192.92,
                            "Actual Rows": 1229999,
                            "Actual Loops": 1,
                            "Sort Key": [
                              "ci.movie_id"
                            ],
                            "Sort Method": "quicksort",
                            "Sort Space Used": 107499,
                            "Sort Space Type": "Memory",
                            "Plans": [
                              {
                                "Node Type": "Gather",
                                "Parent Relationship": "Outer",
                                "Parallel Aware": false,
                                "Startup Cost": 1000.0,
                                "Total Cost": 468635.47,
                                "Plan Rows": 1167502,
                                "Plan Width": 8,
                                "Actual Startup Time": 79.935,
                                "Actual Total Time": 815.643,
                                "Actual Rows": 1244716,
                                "Actual Loops": 1,
                                "Workers Planned": 6,
                                "Workers Launched": 6,
                                "Single Copy": false,
                                "Plans": [
                                  {
                                    "Node Type": "Seq Scan",
                                    "Parent Relationship": "Outer",
                                    "Parallel Aware": true,
                                    "Relation Name": "cast_info",
                                    "Alias": "ci",
                                    "Startup Cost": 0.0,
                                    "Total Cost": 350885.27,
                                    "Plan Rows": 194584,
                                    "Plan Width": 8,
                                    "Actual Startup Time": 97.582,
                                    "Actual Total Time": 801.579,
                                    "Actual Rows": 177817,
                                    "Actual Loops": 7,
                                    "Filter": "(note = ANY ('{(writer),\"(head writer)\",\"(written by)\",(story),\"(story editor)\"}'::text[]))",
                                    "Rows Removed by Filter": 4999947
                                  }
                                ]
                              }
                            ]
                          }
                        ]
                      }
                    ]
                  }
                ]
              }
            ]
          },
          {
            "Node Type": "Sort",
            "Parent Relationship": "Inner",
            "Parallel Aware": false,
            "Startup Cost": 2.42,
            "Total Cost": 2.43,
            "Plan Rows": 1,
            "Plan Width": 4,
            "Actual Startup Time": 0.032,
            "Actual Total Time": 0.032,
            "Actual Rows": 1,
            "Actual Loops": 1,
            "Sort Key": [
              "it2.id"
            ],
            "Sort Method": "quicksort",
            "Sort Space Used": 25,
            "Sort Space Type": "Memory",
            "Plans": [
              {
                "Node Type": "Seq Scan",
                "Parent Relationship": "Outer",
                "Parallel Aware": false,
                "Relation Name": "info_type",
                "Alias": "it2",
                "Startup Cost": 0.0,
                "Total Cost": 2.41,
                "Plan Rows": 1,
                "Plan Width": 4,
                "Actual Startup Time": 0.019,
                "Actual Total Time": 0.02,
                "Actual Rows": 1,
                "Actual Loops": 1,
                "Filter": "((info)::text = 'votes'::text)",
                "Rows Removed by Filter": 112
              }
            ]
          }
        ]
      }
    ]
  },
  "Planning Time": 24.935,
  "Triggers": [],
  "Execution Time": 5810.935
}