[
  {
    "Plan": {
      "Node Type": "Aggregate",
      "Strategy": "Plain",
      "Partial Mode": "Finalize",
      "Parallel Aware": false,
      "Startup Cost": 106019.93,
      "Total Cost": 106019.94,
      "Plan Rows": 1,
      "Plan Width": 8,
      "Actual Startup Time": 419.79,
      "Actual Total Time": 441.183,
      "Actual Rows": 1,
      "Actual Loops": 1,
      "Plans": [
        {
          "Node Type": "Gather",
          "Parent Relationship": "Outer",
          "Parallel Aware": false,
          "Startup Cost": 106019.72,
          "Total Cost": 106019.93,
          "Plan Rows": 2,
          "Plan Width": 8,
          "Actual Startup Time": 418.877,
          "Actual Total Time": 441.175,
          "Actual Rows": 3,
          "Actual Loops": 1,
          "Workers Planned": 2,
          "Workers Launched": 2,
          "Single Copy": false,
          "Plans": [
            {
              "Node Type": "Aggregate",
              "Strategy": "Plain",
              "Partial Mode": "Partial",
              "Parent Relationship": "Outer",
              "Parallel Aware": false,
              "Startup Cost": 105019.72,
              "Total Cost": 105019.73,
              "Plan Rows": 1,
              "Plan Width": 8,
              "Actual Startup Time": 411.062,
              "Actual Total Time": 411.068,
              "Actual Rows": 1,
              "Actual Loops": 3,
              "Plans": [
                {
                  "Node Type": "Hash Join",
                  "Parent Relationship": "Outer",
                  "Parallel Aware": true,
                  "Join Type": "Inner",
                  "Startup Cost": 89012.44,
                  "Total Cost": 104947.31,
                  "Plan Rows": 28962,
                  "Plan Width": 0,
                  "Actual Startup Time": 334.009,
                  "Actual Total Time": 409.835,
                  "Actual Rows": 26901,
                  "Actual Loops": 3,
                  "Inner Unique": false,
                  "Hash Cond": "(mi_idx.movie_id = t.id)",
                  "Plans": [
                    {
                      "Node Type": "Seq Scan",
                      "Parent Relationship": "Outer",
                      "Parallel Aware": true,
                      "Relation Name": "movie_info_idx",
                      "Alias": "mi_idx",
                      "Startup Cost": 0.0,
                      "Total Cost": 13685.15,
                      "Plan Rows": 575015,
                      "Plan Width": 4,
                      "Actual Startup Time": 0.031,
                      "Actual Total Time": 37.667,
                      "Actual Rows": 460012,
                      "Actual Loops": 3
                    },
                    {
                      "Node Type": "Hash",
                      "Parent Relationship": "Inner",
                      "Parallel Aware": true,
                      "Startup Cost": 88498.97,
                      "Total Cost": 88498.97,
                      "Plan Rows": 41078,
                      "Plan Width": 8,
                      "Actual Startup Time": 329.999,
                      "Actual Total Time": 330.002,
                      "Actual Rows": 17324,
                      "Actual Loops": 3,
                      "Hash Buckets": 131072,
                      "Original Hash Buckets": 131072,
                      "Hash Batches": 1,
                      "Original Hash Batches": 1,
                      "Peak Memory Usage": 3104,
                      "Plans": [
                        {
                          "Node Type": "Hash Join",
                          "Parent Relationship": "Outer",
                          "Parallel Aware": true,
                          "Join Type": "Inner",
                          "Startup Cost": 44617.19,
                          "Total Cost": 88498.97,
                          "Plan Rows": 41078,
                          "Plan Width": 8,
                          "Actual Startup Time": 144.031,
                          "Actual Total Time": 325.76,
                          "Actual Rows": 17324,
                          "Actual Loops": 3,
                          "Inner Unique": true,
                          "Hash Cond": "(mk.movie_id = t.id)",
                          "Plans": [
                            {
                              "Node Type": "Seq Scan",
                              "Parent Relationship": "Outer",
                              "Parallel Aware": true,
                              "Relation Name": "movie_keyword",
                              "Alias": "mk",
                              "Startup Cost": 0.0,
                              "Total Cost": 42695.65,
                              "Plan Rows": 451856,
                              "Plan Width": 4,
                              "Actual Startup Time": 1.022,
                              "Actual Total Time": 131.666,
                              "Actual Rows": 468395,
                              "Actual Loops": 3,
                              "Filter": "(keyword_id > 11912)",
                              "Rows Removed by Filter": 1039582
                            },
                            {
                              "Node Type": "Hash",
                              "Parent Relationship": "Inner",
                              "Parallel Aware": true,
                              "Startup Cost": 43898.92,
                              "Total Cost": 43898.92,
                              "Plan Rows": 57462,
                              "Plan Width": 4,
                              "Actual Startup Time": 141.381,
                              "Actual Total Time": 141.381,
                              "Actual Rows": 77216,
                              "Actual Loops": 3,
                              "Hash Buckets": 262144,
                              "Original Hash Buckets": 262144,
                              "Hash Batches": 1,
                              "Original Hash Batches": 1,
                              "Peak Memory Usage": 11136,
                              "Plans": [
                                {
                                  "Node Type": "Seq Scan",
                                  "Parent Relationship": "Outer",
                                  "Parallel Aware": true,
                                  "Relation Name": "title",
                                  "Alias": "t",
                                  "Startup Cost": 0.0,
                                  "Total Cost": 43898.92,
                                  "Plan Rows": 57462,
                                  "Plan Width": 4,
                                  "Actual Startup Time": 0.035,
                                  "Actual Total Time": 116.452,
                                  "Actual Rows": 77216,
                                  "Actual Loops": 3,
                                  "Filter": "(production_year > 2011)",
                                  "Rows Removed by Filter": 765554
                                }
                              ]
                            }
                          ]
                        }
                      ]
                    }
                  ]
                }
              ]
            }
          ]
        }
      ]
    },
    "Planning Time": 1.291,
    "Triggers": [],
    "Execution Time": 441.26
  }
]