[
  {
    "Plan": {
      "Node Type": "Aggregate",
      "Strategy": "Plain",
      "Partial Mode": "Finalize",
      "Parallel Aware": false,
      "Startup Cost": 342178.31,
      "Total Cost": 342178.32,
      "Plan Rows": 1,
      "Plan Width": 8,
      "Actual Startup Time": 870.388,
      "Actual Total Time": 926.649,
      "Actual Rows": 1,
      "Actual Loops": 1,
      "Plans": [
        {
          "Node Type": "Gather",
          "Parent Relationship": "Outer",
          "Parallel Aware": false,
          "Startup Cost": 342177.68,
          "Total Cost": 342178.29,
          "Plan Rows": 6,
          "Plan Width": 8,
          "Actual Startup Time": 870.051,
          "Actual Total Time": 926.624,
          "Actual Rows": 7,
          "Actual Loops": 1,
          "Workers Planned": 6,
          "Workers Launched": 6,
          "Single Copy": false,
          "Plans": [
            {
              "Node Type": "Aggregate",
              "Strategy": "Plain",
              "Partial Mode": "Partial",
              "Parent Relationship": "Outer",
              "Parallel Aware": false,
              "Startup Cost": 341177.68,
              "Total Cost": 341177.7,
              "Plan Rows": 1,
              "Plan Width": 8,
              "Actual Startup Time": 860.732,
              "Actual Total Time": 860.733,
              "Actual Rows": 1,
              "Actual Loops": 7,
              "Plans": [
                {
                  "Node Type": "Seq Scan",
                  "Parent Relationship": "Outer",
                  "Parallel Aware": true,
                  "Relation Name": "cast_info",
                  "Alias": "ci",
                  "Startup Cost": 0.0,
                  "Total Cost": 328162.03,
                  "Plan Rows": 5206264,
                  "Plan Width": 0,
                  "Actual Startup Time": 0.05,
                  "Actual Total Time": 659.315,
                  "Actual Rows": 4490190,
                  "Actual Loops": 7,
                  "Filter": "(person_id < 3195205)",
                  "Rows Removed by Filter": 687574
                }
              ]
            }
          ]
        }
      ]
    },
    "Planning Time": 0.199,
    "Triggers": [],
    "Execution Time": 926.729
  }
]