{
  "Plan": {
    "Node Type": "Aggregate",
    "Strategy": "Plain",
    "Partial Mode": "Finalize",
    "Parallel Aware": false,
    "Startup Cost": 81114.88,
    "Total Cost": 81114.89,
    "Plan Rows": 1,
    "Plan Width": 8,
    "Actual Startup Time": 220.375,
    "Actual Total Time": 234.002,
    "Actual Rows": 1,
    "Actual Loops": 1,
    "Plans": [
      {
        "Node Type": "Gather",
        "Parent Relationship": "Outer",
        "Parallel Aware": false,
        "Startup Cost": 81114.77,
        "Total Cost": 81114.88,
        "Plan Rows": 1,
        "Plan Width": 8,
        "Actual Startup Time": 220.198,
        "Actual Total Time": 233.995,
        "Actual Rows": 2,
        "Actual Loops": 1,
        "Workers Planned": 1,
        "Workers Launched": 1,
        "Single Copy": false,
        "Plans": [
          {
            "Node Type": "Aggregate",
            "Strategy": "Plain",
            "Partial Mode": "Partial",
            "Parent Relationship": "Outer",
            "Parallel Aware": false,
            "Startup Cost": 80114.77,
            "Total Cost": 80114.78,
            "Plan Rows": 1,
            "Plan Width": 8,
            "Actual Startup Time": 207.178,
            "Actual Total Time": 207.182,
            "Actual Rows": 1,
            "Actual Loops": 2,
            "Plans": [
              {
                "Node Type": "Nested Loop",
                "Parent Relationship": "Outer",
                "Parallel Aware": false,
                "Join Type": "Inner",
                "Startup Cost": 56267.17,
                "Total Cost": 80112.36,
                "Plan Rows": 963,
                "Plan Width": 0,
                "Actual Startup Time": 180.836,
                "Actual Total Time": 206.966,
                "Actual Rows": 2000,
                "Actual Loops": 2,
                "Inner Unique": false,
                "Join Filter": "(t.id = mi.movie_id)",
                "Rows Removed by Join Filter": 0,
                "Plans": [
                  {
                    "Node Type": "Hash Join",
                    "Parent Relationship": "Outer",
                    "Parallel Aware": true,
                    "Join Type": "Inner",
                    "Startup Cost": 56266.73,
                    "Total Cost": 75682.94,
                    "Plan Rows": 339,
                    "Plan Width": 8,
                    "Actual Startup Time": 180.767,
                    "Actual Total Time": 196.802,
                    "Actual Rows": 243,
                    "Actual Loops": 2,
                    "Inner Unique": true,
                    "Hash Cond": "(mc.movie_id = t.id)",
                    "Plans": [
                      {
                        "Node Type": "Bitmap Heap Scan",
                        "Parent Relationship": "Outer",
                        "Parallel Aware": true,
                        "Relation Name": "movie_companies",
                        "Alias": "mc",
                        "Startup Cost": 1525.91,
                        "Total Cost": 20833.44,
                        "Plan Rows": 41402,
                        "Plan Width": 4,
                        "Actual Startup Time": 6.494,
                        "Actual Total Time": 16.561,
                        "Actual Rows": 33624,
                        "Actual Loops": 2,
                        "Recheck Cond": "(company_id > 178517)",
                        "Rows Removed by Index Recheck": 0,
                        "Exact Heap Blocks": 1520,
                        "Lossy Heap Blocks": 0,
                        "Plans": [
                          {
                            "Node Type": "Bitmap Index Scan",
                            "Parent Relationship": "Outer",
                            "Parallel Aware": false,
                            "Index Name": "company_id_movie_companies",
                            "Startup Cost": 0.0,
                            "Total Cost": 1508.31,
                            "Plan Rows": 70384,
                            "Plan Width": 0,
                            "Actual Startup Time": 5.946,
                            "Actual Total Time": 5.946,
                            "Actual Rows": 67248,
                            "Actual Loops": 1,
                            "Index Cond": "(company_id > 178517)"
                          }
                        ]
                      },
                      {
                        "Node Type": "Hash",
                        "Parent Relationship": "Inner",
                        "Parallel Aware": true,
                        "Startup Cost": 54588.39,
                        "Total Cost": 54588.39,
                        "Plan Rows": 12195,
                        "Plan Width": 4,
                        "Actual Startup Time": 173.09,
                        "Actual Total Time": 173.091,
                        "Actual Rows": 9930,
                        "Actual Loops": 2,
                        "Hash Buckets": 32768,
                        "Original Hash Buckets": 32768,
                        "Hash Batches": 1,
                        "Original Hash Batches": 1,
                        "Peak Memory Usage": 1088,
                        "Plans": [
                          {
                            "Node Type": "Seq Scan",
                            "Parent Relationship": "Outer",
                            "Parallel Aware": true,
                            "Relation Name": "title",
                            "Alias": "t",
                            "Startup Cost": 0.0,
                            "Total Cost": 54588.39,
                            "Plan Rows": 12195,
                            "Plan Width": 4,
                            "Actual Startup Time": 0.061,
                            "Actual Total Time": 167.928,
                            "Actual Rows": 9930,
                            "Actual Loops": 2,
                            "Filter": "(production_year = 1988)",
                            "Rows Removed by Filter": 1254226
                          }
                        ]
                      }
                    ]
                  },
                  {
                    "Node Type": "Index Scan",
                    "Parent Relationship": "Inner",
                    "Parallel Aware": false,
                    "Scan Direction": "Forward",
                    "Index Name": "movie_id_movie_info",
                    "Relation Name": "movie_info",
                    "Alias": "mi",
                    "Startup Cost": 0.43,
                    "Total Cost": 12.82,
                    "Plan Rows": 20,
                    "Plan Width": 4,
                    "Actual Startup Time": 0.012,
                    "Actual Total Time": 0.04,
                    "Actual Rows": 8,
                    "Actual Loops": 486,
                    "Index Cond": "(movie_id = mc.movie_id)",
                    "Rows Removed by Index Recheck": 0,
                    "Filter": "(info_type_id < 8)",
                    "Rows Removed by Filter": 12
                  }
                ]
              }
            ]
          }
        ]
      }
    ]
  },
  "Planning Time": 0.973,
  "Triggers": [],
  "Execution Time": 234.105
}