[
  {
    "Plan": {
      "Node Type": "Aggregate",
      "Strategy": "Plain",
      "Partial Mode": "Finalize",
      "Parallel Aware": false,
      "Startup Cost": 329630.79,
      "Total Cost": 329630.8,
      "Plan Rows": 1,
      "Plan Width": 8,
      "Actual Startup Time": 341.02,
      "Actual Total Time": 395.519,
      "Actual Rows": 1,
      "Actual Loops": 1,
      "Plans": [
        {
          "Node Type": "Gather",
          "Parent Relationship": "Outer",
          "Parallel Aware": false,
          "Startup Cost": 329630.37,
          "Total Cost": 329630.78,
          "Plan Rows": 4,
          "Plan Width": 8,
          "Actual Startup Time": 340.84,
          "Actual Total Time": 395.51,
          "Actual Rows": 5,
          "Actual Loops": 1,
          "Workers Planned": 4,
          "Workers Launched": 4,
          "Single Copy": false,
          "Plans": [
            {
              "Node Type": "Aggregate",
              "Strategy": "Plain",
              "Partial Mode": "Partial",
              "Parent Relationship": "Outer",
              "Parallel Aware": false,
              "Startup Cost": 328630.37,
              "Total Cost": 328630.38,
              "Plan Rows": 1,
              "Plan Width": 8,
              "Actual Startup Time": 334.583,
              "Actual Total Time": 334.585,
              "Actual Rows": 1,
              "Actual Loops": 5,
              "Plans": [
                {
                  "Node Type": "Nested Loop",
                  "Parent Relationship": "Outer",
                  "Parallel Aware": false,
                  "Join Type": "Inner",
                  "Startup Cost": 0.56,
                  "Total Cost": 328483.5,
                  "Plan Rows": 58746,
                  "Plan Width": 0,
                  "Actual Startup Time": 0.325,
                  "Actual Total Time": 330.205,
                  "Actual Rows": 47516,
                  "Actual Loops": 5,
                  "Inner Unique": false,
                  "Plans": [
                    {
                      "Node Type": "Seq Scan",
                      "Parent Relationship": "Outer",
                      "Parallel Aware": true,
                      "Relation Name": "title",
                      "Alias": "t",
                      "Startup Cost": 0.0,
                      "Total Cost": 43899.32,
                      "Plan Rows": 6195,
                      "Plan Width": 4,
                      "Actual Startup Time": 0.089,
                      "Actual Total Time": 65.117,
                      "Actual Rows": 4760,
                      "Actual Loops": 5,
                      "Filter": "(production_year = 1991)",
                      "Rows Removed by Filter": 500903
                    },
                    {
                      "Node Type": "Index Scan",
                      "Parent Relationship": "Inner",
                      "Parallel Aware": false,
                      "Scan Direction": "Forward",
                      "Index Name": "movie_id_cast_info",
                      "Relation Name": "cast_info",
                      "Alias": "ci",
                      "Startup Cost": 0.56,
                      "Total Cost": 45.71,
                      "Plan Rows": 23,
                      "Plan Width": 4,
                      "Actual Startup Time": 0.026,
                      "Actual Total Time": 0.054,
                      "Actual Rows": 10,
                      "Actual Loops": 23799,
                      "Index Cond": "(movie_id = t.id)",
                      "Rows Removed by Index Recheck": 0,
                      "Filter": "(person_id > 1221609)",
                      "Rows Removed by Filter": 6
                    }
                  ]
                }
              ]
            }
          ]
        }
      ]
    },
    "Planning Time": 0.428,
    "Triggers": [],
    "Execution Time": 395.586
  }
]