[
  {
    "Plan": {
      "Node Type": "Aggregate",
      "Strategy": "Plain",
      "Partial Mode": "Finalize",
      "Parallel Aware": false,
      "Startup Cost": 88533.82,
      "Total Cost": 88533.83,
      "Plan Rows": 1,
      "Plan Width": 8,
      "Actual Startup Time": 248.527,
      "Actual Total Time": 271.092,
      "Actual Rows": 1,
      "Actual Loops": 1,
      "Plans": [
        {
          "Node Type": "Gather",
          "Parent Relationship": "Outer",
          "Parallel Aware": false,
          "Startup Cost": 88533.51,
          "Total Cost": 88533.82,
          "Plan Rows": 3,
          "Plan Width": 8,
          "Actual Startup Time": 248.15,
          "Actual Total Time": 271.084,
          "Actual Rows": 4,
          "Actual Loops": 1,
          "Workers Planned": 3,
          "Workers Launched": 3,
          "Single Copy": false,
          "Plans": [
            {
              "Node Type": "Aggregate",
              "Strategy": "Plain",
              "Partial Mode": "Partial",
              "Parent Relationship": "Outer",
              "Parallel Aware": false,
              "Startup Cost": 87533.51,
              "Total Cost": 87533.52,
              "Plan Rows": 1,
              "Plan Width": 8,
              "Actual Startup Time": 238.806,
              "Actual Total Time": 238.81,
              "Actual Rows": 1,
              "Actual Loops": 4,
              "Plans": [
                {
                  "Node Type": "Nested Loop",
                  "Parent Relationship": "Outer",
                  "Parallel Aware": false,
                  "Join Type": "Inner",
                  "Startup Cost": 44038.4,
                  "Total Cost": 87519.77,
                  "Plan Rows": 5494,
                  "Plan Width": 0,
                  "Actual Startup Time": 108.59,
                  "Actual Total Time": 237.483,
                  "Actual Rows": 29487,
                  "Actual Loops": 4,
                  "Inner Unique": false,
                  "Join Filter": "(t.id = mk.movie_id)",
                  "Rows Removed by Join Filter": 0,
                  "Plans": [
                    {
                      "Node Type": "Hash Join",
                      "Parent Relationship": "Outer",
                      "Parallel Aware": true,
                      "Join Type": "Inner",
                      "Startup Cost": 44037.97,
                      "Total Cost": 74496.49,
                      "Plan Rows": 7696,
                      "Plan Width": 8,
                      "Actual Startup Time": 108.439,
                      "Actual Total Time": 196.883,
                      "Actual Rows": 4907,
                      "Actual Loops": 4,
                      "Inner Unique": true,
                      "Hash Cond": "(mc.movie_id = t.id)",
                      "Plans": [
                        {
                          "Node Type": "Seq Scan",
                          "Parent Relationship": "Outer",
                          "Parallel Aware": true,
                          "Relation Name": "movie_companies",
                          "Alias": "mc",
                          "Startup Cost": 0.0,
                          "Total Cost": 29310.68,
                          "Plan Rows": 437275,
                          "Plan Width": 4,
                          "Actual Startup Time": 8.825,
                          "Actual Total Time": 62.988,
                          "Actual Rows": 341202,
                          "Actual Loops": 4,
                          "Filter": "(company_id > 11147)",
                          "Rows Removed by Filter": 311080
                        },
                        {
                          "Node Type": "Hash",
                          "Parent Relationship": "Inner",
                          "Parallel Aware": true,
                          "Startup Cost": 43898.92,
                          "Total Cost": 43898.92,
                          "Plan Rows": 11124,
                          "Plan Width": 4,
                          "Actual Startup Time": 98.12,
                          "Actual Total Time": 98.121,
                          "Actual Rows": 11646,
                          "Actual Loops": 4,
                          "Hash Buckets": 65536,
                          "Original Hash Buckets": 65536,
                          "Hash Batches": 1,
                          "Original Hash Batches": 1,
                          "Peak Memory Usage": 2400,
                          "Plans": [
                            {
                              "Node Type": "Seq Scan",
                              "Parent Relationship": "Outer",
                              "Parallel Aware": true,
                              "Relation Name": "title",
                              "Alias": "t",
                              "Startup Cost": 0.0,
                              "Total Cost": 43898.92,
                              "Plan Rows": 11124,
                              "Plan Width": 4,
                              "Actual Startup Time": 0.05,
                              "Actual Total Time": 92.529,
                              "Actual Rows": 11646,
                              "Actual Loops": 4,
                              "Filter": "(production_year = 1998)",
                              "Rows Removed by Filter": 620432
                            }
                          ]
                        }
                      ]
                    },
                    {
                      "Node Type": "Index Scan",
                      "Parent Relationship": "Inner",
                      "Parallel Aware": false,
                      "Scan Direction": "Forward",
                      "Index Name": "movie_id_movie_keyword",
                      "Relation Name": "movie_keyword",
                      "Alias": "mk",
                      "Startup Cost": 0.43,
                      "Total Cost": 1.47,
                      "Plan Rows": 18,
                      "Plan Width": 4,
                      "Actual Startup Time": 0.006,
                      "Actual Total Time": 0.008,
                      "Actual Rows": 6,
                      "Actual Loops": 19627,
                      "Index Cond": "(movie_id = mc.movie_id)",
                      "Rows Removed by Index Recheck": 0,
                      "Filter": "(keyword_id > 7663)",
                      "Rows Removed by Filter": 10
                    }
                  ]
                }
              ]
            }
          ]
        }
      ]
    },
    "Planning Time": 1.539,
    "Triggers": [],
    "Execution Time": 271.194
  }
]