{
  "Plan": {
    "Node Type": "Aggregate",
    "Strategy": "Plain",
    "Partial Mode": "Finalize",
    "Parallel Aware": false,
    "Startup Cost": 633416.03,
    "Total Cost": 633416.04,
    "Plan Rows": 1,
    "Plan Width": 8,
    "Actual Startup Time": 2494.381,
    "Actual Total Time": 2560.678,
    "Actual Rows": 1,
    "Actual Loops": 1,
    "Plans": [
      {
        "Node Type": "Gather",
        "Parent Relationship": "Outer",
        "Parallel Aware": false,
        "Startup Cost": 633415.91,
        "Total Cost": 633416.02,
        "Plan Rows": 1,
        "Plan Width": 8,
        "Actual Startup Time": 2493.477,
        "Actual Total Time": 2560.666,
        "Actual Rows": 2,
        "Actual Loops": 1,
        "Workers Planned": 1,
        "Workers Launched": 1,
        "Single Copy": false,
        "Plans": [
          {
            "Node Type": "Aggregate",
            "Strategy": "Plain",
            "Partial Mode": "Partial",
            "Parent Relationship": "Outer",
            "Parallel Aware": false,
            "Startup Cost": 632415.91,
            "Total Cost": 632415.92,
            "Plan Rows": 1,
            "Plan Width": 8,
            "Actual Startup Time": 2488.311,
            "Actual Total Time": 2488.326,
            "Actual Rows": 1,
            "Actual Loops": 2,
            "Plans": [
              {
                "Node Type": "Hash Join",
                "Parent Relationship": "Outer",
                "Parallel Aware": true,
                "Join Type": "Inner",
                "Startup Cost": 590272.05,
                "Total Cost": 632299.16,
                "Plan Rows": 46703,
                "Plan Width": 0,
                "Actual Startup Time": 2280.016,
                "Actual Total Time": 2473.837,
                "Actual Rows": 272028,
                "Actual Loops": 2,
                "Inner Unique": false,
                "Hash Cond": "(mc.movie_id = t.id)",
                "Plans": [
                  {
                    "Node Type": "Seq Scan",
                    "Parent Relationship": "Outer",
                    "Parallel Aware": true,
                    "Relation Name": "movie_companies",
                    "Alias": "mc",
                    "Startup Cost": 0.0,
                    "Total Cost": 37974.77,
                    "Plan Rows": 755522,
                    "Plan Width": 4,
                    "Actual Startup Time": 0.015,
                    "Actual Total Time": 146.468,
                    "Actual Rows": 637123,
                    "Actual Loops": 2,
                    "Filter": "(company_type_id < 2)",
                    "Rows Removed by Filter": 667442
                  },
                  {
                    "Node Type": "Hash",
                    "Parent Relationship": "Inner",
                    "Parallel Aware": true,
                    "Startup Cost": 589122.88,
                    "Total Cost": 589122.88,
                    "Plan Rows": 91934,
                    "Plan Width": 8,
                    "Actual Startup Time": 2216.818,
                    "Actual Total Time": 2216.824,
                    "Actual Rows": 97240,
                    "Actual Loops": 2,
                    "Hash Buckets": 262144,
                    "Original Hash Buckets": 262144,
                    "Hash Batches": 1,
                    "Original Hash Batches": 1,
                    "Peak Memory Usage": 9696,
                    "Plans": [
                      {
                        "Node Type": "Hash Join",
                        "Parent Relationship": "Outer",
                        "Parallel Aware": true,
                        "Join Type": "Inner",
                        "Startup Cost": 53961.39,
                        "Total Cost": 589122.88,
                        "Plan Rows": 91934,
                        "Plan Width": 8,
                        "Actual Startup Time": 836.267,
                        "Actual Total Time": 2184.141,
                        "Actual Rows": 97240,
                        "Actual Loops": 2,
                        "Inner Unique": true,
                        "Hash Cond": "(ci.movie_id = t.id)",
                        "Plans": [
                          {
                            "Node Type": "Seq Scan",
                            "Parent Relationship": "Outer",
                            "Parallel Aware": true,
                            "Relation Name": "cast_info",
                            "Alias": "ci",
                            "Startup Cost": 0.0,
                            "Total Cost": 519069.44,
                            "Plan Rows": 6130296,
                            "Plan Width": 4,
                            "Actual Startup Time": 728.14,
                            "Actual Total Time": 1533.747,
                            "Actual Rows": 5150710,
                            "Actual Loops": 2,
                            "Filter": "(person_id > 2681388)",
                            "Rows Removed by Filter": 12971462
                          },
                          {
                            "Node Type": "Hash",
                            "Parent Relationship": "Inner",
                            "Parallel Aware": true,
                            "Startup Cost": 53682.59,
                            "Total Cost": 53682.59,
                            "Plan Rows": 22304,
                            "Plan Width": 4,
                            "Actual Startup Time": 107.647,
                            "Actual Total Time": 107.649,
                            "Actual Rows": 16595,
                            "Actual Loops": 2,
                            "Hash Buckets": 65536,
                            "Original Hash Buckets": 65536,
                            "Hash Batches": 1,
                            "Original Hash Batches": 1,
                            "Peak Memory Usage": 1824,
                            "Plans": [
                              {
                                "Node Type": "Bitmap Heap Scan",
                                "Parent Relationship": "Outer",
                                "Parallel Aware": true,
                                "Relation Name": "title",
                                "Alias": "t",
                                "Startup Cost": 11832.33,
                                "Total Cost": 53682.59,
                                "Plan Rows": 22304,
                                "Plan Width": 4,
                                "Actual Startup Time": 42.377,
                                "Actual Total Time": 103.475,
                                "Actual Rows": 16595,
                                "Actual Loops": 2,
                                "Recheck Cond": "(kind_id = 1)",
                                "Rows Removed by Index Recheck": 0,
                                "Filter": "(production_year = 2010)",
                                "Rows Removed by Filter": 314818,
                                "Exact Heap Blocks": 8780,
                                "Lossy Heap Blocks": 0,
                                "Plans": [
                                  {
                                    "Node Type": "Bitmap Index Scan",
                                    "Parent Relationship": "Outer",
                                    "Parallel Aware": false,
                                    "Index Name": "kind_id_title",
                                    "Startup Cost": 0.0,
                                    "Total Cost": 11822.85,
                                    "Plan Rows": 663256,
                                    "Plan Width": 0,
                                    "Actual Startup Time": 41.618,
                                    "Actual Total Time": 41.619,
                                    "Actual Rows": 662825,
                                    "Actual Loops": 1,
                                    "Index Cond": "(kind_id = 1)"
                                  }
                                ]
                              }
                            ]
                          }
                        ]
                      }
                    ]
                  }
                ]
              }
            ]
          }
        ]
      }
    ]
  },
  "Planning Time": 1.026,
  "Triggers": [],
  "Execution Time": 2560.808
}