[
  {
    "Plan": {
      "Node Type": "Aggregate",
      "Strategy": "Plain",
      "Partial Mode": "Finalize",
      "Parallel Aware": false,
      "Startup Cost": 44904.13,
      "Total Cost": 44904.14,
      "Plan Rows": 1,
      "Plan Width": 8,
      "Actual Startup Time": 87.272,
      "Actual Total Time": 98.624,
      "Actual Rows": 1,
      "Actual Loops": 1,
      "Plans": [
        {
          "Node Type": "Gather",
          "Parent Relationship": "Outer",
          "Parallel Aware": false,
          "Startup Cost": 44903.71,
          "Total Cost": 44904.12,
          "Plan Rows": 4,
          "Plan Width": 8,
          "Actual Startup Time": 87.026,
          "Actual Total Time": 98.614,
          "Actual Rows": 5,
          "Actual Loops": 1,
          "Workers Planned": 4,
          "Workers Launched": 4,
          "Single Copy": false,
          "Plans": [
            {
              "Node Type": "Aggregate",
              "Strategy": "Plain",
              "Partial Mode": "Partial",
              "Parent Relationship": "Outer",
              "Parallel Aware": false,
              "Startup Cost": 43903.71,
              "Total Cost": 43903.72,
              "Plan Rows": 1,
              "Plan Width": 8,
              "Actual Startup Time": 81.025,
              "Actual Total Time": 81.026,
              "Actual Rows": 1,
              "Actual Loops": 5,
              "Plans": [
                {
                  "Node Type": "Seq Scan",
                  "Parent Relationship": "Outer",
                  "Parallel Aware": true,
                  "Relation Name": "title",
                  "Alias": "t",
                  "Startup Cost": 0.0,
                  "Total Cost": 43898.92,
                  "Plan Rows": 1917,
                  "Plan Width": 0,
                  "Actual Startup Time": 0.245,
                  "Actual Total Time": 80.782,
                  "Actual Rows": 1898,
                  "Actual Loops": 5,
                  "Filter": "(production_year = 1957)",
                  "Rows Removed by Filter": 503764
                }
              ]
            }
          ]
        }
      ]
    },
    "Planning Time": 0.147,
    "Triggers": [],
    "Execution Time": 98.68
  }
]