[
  {
    "Plan": {
      "Node Type": "Hash Join",
      "Parallel Aware": false,
      "Join Type": "Inner",
      "Startup Cost": 8282.86,
      "Total Cost": 14073.63,
      "Plan Rows": 2316,
      "Plan Width": 40,
      "Actual Startup Time": 127.985,
      "Actual Total Time": 144.883,
      "Actual Rows": 4712,
      "Actual Loops": 1,
      "Inner Unique": true,
      "Hash Cond": "(mc.company_id = cn.id)",
      "Plans": [
        {
          "Node Type": "Index Scan",
          "Parent Relationship": "Outer",
          "Parallel Aware": false,
          "Scan Direction": "Forward",
          "Index Name": "company_id_movie_companies",
          "Relation Name": "movie_companies",
          "Alias": "mc",
          "Startup Cost": 0.43,
          "Total Cost": 5785.12,
          "Plan Rows": 2316,
          "Plan Width": 40,
          "Actual Startup Time": 0.036,
          "Actual Total Time": 15.1,
          "Actual Rows": 4712,
          "Actual Loops": 1,
          "Index Cond": "(company_id < 6)",
          "Rows Removed by Index Recheck": 0
        },
        {
          "Node Type": "Hash",
          "Parent Relationship": "Inner",
          "Parallel Aware": false,
          "Startup Cost": 5344.97,
          "Total Cost": 5344.97,
          "Plan Rows": 234997,
          "Plan Width": 4,
          "Actual Startup Time": 124.855,
          "Actual Total Time": 124.856,
          "Actual Rows": 234997,
          "Actual Loops": 1,
          "Hash Buckets": 262144,
          "Original Hash Buckets": 262144,
          "Hash Batches": 1,
          "Original Hash Batches": 1,
          "Peak Memory Usage": 10310,
          "Plans": [
            {
              "Node Type": "Seq Scan",
              "Parent Relationship": "Outer",
              "Parallel Aware": false,
              "Relation Name": "company_name",
              "Alias": "cn",
              "Startup Cost": 0.0,
              "Total Cost": 5344.97,
              "Plan Rows": 234997,
              "Plan Width": 4,
              "Actual Startup Time": 0.082,
              "Actual Total Time": 60.518,
              "Actual Rows": 234997,
              "Actual Loops": 1
            }
          ]
        }
      ]
    },
    "Planning Time": 4.042,
    "Triggers": [],
    "Execution Time": 145.722
  }
]