[
  {
    "Plan": {
      "Node Type": "Aggregate",
      "Strategy": "Plain",
      "Partial Mode": "Finalize",
      "Parallel Aware": false,
      "Startup Cost": 80120.73,
      "Total Cost": 80120.74,
      "Plan Rows": 1,
      "Plan Width": 8,
      "Actual Startup Time": 451.757,
      "Actual Total Time": 521.349,
      "Actual Rows": 1,
      "Actual Loops": 1,
      "Plans": [
        {
          "Node Type": "Gather",
          "Parent Relationship": "Outer",
          "Parallel Aware": false,
          "Startup Cost": 80120.52,
          "Total Cost": 80120.73,
          "Plan Rows": 2,
          "Plan Width": 8,
          "Actual Startup Time": 450.206,
          "Actual Total Time": 521.34,
          "Actual Rows": 3,
          "Actual Loops": 1,
          "Workers Planned": 2,
          "Workers Launched": 2,
          "Single Copy": false,
          "Plans": [
            {
              "Node Type": "Aggregate",
              "Strategy": "Plain",
              "Partial Mode": "Partial",
              "Parent Relationship": "Outer",
              "Parallel Aware": false,
              "Startup Cost": 79120.52,
              "Total Cost": 79120.53,
              "Plan Rows": 1,
              "Plan Width": 8,
              "Actual Startup Time": 445.258,
              "Actual Total Time": 445.262,
              "Actual Rows": 1,
              "Actual Loops": 3,
              "Plans": [
                {
                  "Node Type": "Nested Loop",
                  "Parent Relationship": "Outer",
                  "Parallel Aware": false,
                  "Join Type": "Inner",
                  "Startup Cost": 45627.61,
                  "Total Cost": 78991.14,
                  "Plan Rows": 51750,
                  "Plan Width": 0,
                  "Actual Startup Time": 106.353,
                  "Actual Total Time": 438.563,
                  "Actual Rows": 118254,
                  "Actual Loops": 3,
                  "Inner Unique": false,
                  "Join Filter": "(t.id = ci.movie_id)",
                  "Rows Removed by Join Filter": 0,
                  "Plans": [
                    {
                      "Node Type": "Hash Join",
                      "Parent Relationship": "Outer",
                      "Parallel Aware": true,
                      "Join Type": "Inner",
                      "Startup Cost": 45627.05,
                      "Total Cost": 61257.4,
                      "Plan Rows": 3609,
                      "Plan Width": 8,
                      "Actual Startup Time": 106.24,
                      "Actual Total Time": 163.981,
                      "Actual Rows": 4274,
                      "Actual Loops": 3,
                      "Inner Unique": true,
                      "Hash Cond": "(mi_idx.movie_id = t.id)",
                      "Plans": [
                        {
                          "Node Type": "Seq Scan",
                          "Parent Relationship": "Outer",
                          "Parallel Aware": true,
                          "Relation Name": "movie_info_idx",
                          "Alias": "mi_idx",
                          "Startup Cost": 0.0,
                          "Total Cost": 15122.68,
                          "Plan Rows": 193397,
                          "Plan Width": 4,
                          "Actual Startup Time": 0.018,
                          "Actual Total Time": 37.264,
                          "Actual Rows": 153395,
                          "Actual Loops": 3,
                          "Filter": "(info_type_id > 100)",
                          "Rows Removed by Filter": 306617
                        },
                        {
                          "Node Type": "Hash",
                          "Parent Relationship": "Inner",
                          "Parallel Aware": true,
                          "Startup Cost": 45479.59,
                          "Total Cost": 45479.59,
                          "Plan Rows": 11797,
                          "Plan Width": 4,
                          "Actual Startup Time": 105.628,
                          "Actual Total Time": 105.629,
                          "Actual Rows": 11830,
                          "Actual Loops": 3,
                          "Hash Buckets": 65536,
                          "Original Hash Buckets": 65536,
                          "Hash Batches": 1,
                          "Original Hash Batches": 1,
                          "Peak Memory Usage": 1984,
                          "Plans": [
                            {
                              "Node Type": "Seq Scan",
                              "Parent Relationship": "Outer",
                              "Parallel Aware": true,
                              "Relation Name": "title",
                              "Alias": "t",
                              "Startup Cost": 0.0,
                              "Total Cost": 45479.59,
                              "Plan Rows": 11797,
                              "Plan Width": 4,
                              "Actual Startup Time": 0.088,
                              "Actual Total Time": 101.055,
                              "Actual Rows": 11830,
                              "Actual Loops": 3,
                              "Filter": "((kind_id < 7) AND (production_year = 2007))",
                              "Rows Removed by Filter": 830941
                            }
                          ]
                        }
                      ]
                    },
                    {
                      "Node Type": "Index Only Scan",
                      "Parent Relationship": "Inner",
                      "Parallel Aware": false,
                      "Scan Direction": "Forward",
                      "Index Name": "movie_id_cast_info",
                      "Relation Name": "cast_info",
                      "Alias": "ci",
                      "Startup Cost": 0.56,
                      "Total Cost": 4.48,
                      "Plan Rows": 35,
                      "Plan Width": 4,
                      "Actual Startup Time": 0.009,
                      "Actual Total Time": 0.061,
                      "Actual Rows": 28,
                      "Actual Loops": 12823,
                      "Index Cond": "(movie_id = mi_idx.movie_id)",
                      "Rows Removed by Index Recheck": 0,
                      "Heap Fetches": 354761
                    }
                  ]
                }
              ]
            }
          ]
        }
      ]
    },
    "Planning Time": 0.481,
    "Triggers": [],
    "Execution Time": 521.412
  }
]