[
  {
    "Plan": {
      "Node Type": "Aggregate",
      "Strategy": "Plain",
      "Partial Mode": "Finalize",
      "Parallel Aware": false,
      "Startup Cost": 339495.05,
      "Total Cost": 339495.06,
      "Plan Rows": 1,
      "Plan Width": 8,
      "Actual Startup Time": 1172.253,
      "Actual Total Time": 1224.875,
      "Actual Rows": 1,
      "Actual Loops": 1,
      "Plans": [
        {
          "Node Type": "Gather",
          "Parent Relationship": "Outer",
          "Parallel Aware": false,
          "Startup Cost": 339494.42,
          "Total Cost": 339495.03,
          "Plan Rows": 6,
          "Plan Width": 8,
          "Actual Startup Time": 1171.741,
          "Actual Total Time": 1224.864,
          "Actual Rows": 7,
          "Actual Loops": 1,
          "Workers Planned": 6,
          "Workers Launched": 6,
          "Single Copy": false,
          "Plans": [
            {
              "Node Type": "Aggregate",
              "Strategy": "Plain",
              "Partial Mode": "Partial",
              "Parent Relationship": "Outer",
              "Parallel Aware": false,
              "Startup Cost": 338494.42,
              "Total Cost": 338494.43,
              "Plan Rows": 1,
              "Plan Width": 8,
              "Actual Startup Time": 1160.306,
              "Actual Total Time": 1160.309,
              "Actual Rows": 1,
              "Actual Loops": 7,
              "Plans": [
                {
                  "Node Type": "Nested Loop",
                  "Parent Relationship": "Outer",
                  "Parallel Aware": false,
                  "Join Type": "Inner",
                  "Startup Cost": 45677.35,
                  "Total Cost": 338023.44,
                  "Plan Rows": 188392,
                  "Plan Width": 0,
                  "Actual Startup Time": 76.687,
                  "Actual Total Time": 1123.989,
                  "Actual Rows": 803876,
                  "Actual Loops": 7,
                  "Inner Unique": false,
                  "Join Filter": "(t.id = mi.movie_id)",
                  "Rows Removed by Join Filter": 0,
                  "Plans": [
                    {
                      "Node Type": "Hash Join",
                      "Parent Relationship": "Outer",
                      "Parallel Aware": true,
                      "Join Type": "Inner",
                      "Startup Cost": 45676.91,
                      "Total Cost": 279813.95,
                      "Plan Rows": 32219,
                      "Plan Width": 8,
                      "Actual Startup Time": 76.589,
                      "Actual Total Time": 471.439,
                      "Actual Rows": 30026,
                      "Actual Loops": 7,
                      "Inner Unique": true,
                      "Hash Cond": "(ci.movie_id = t.id)",
                      "Plans": [
                        {
                          "Node Type": "Index Scan",
                          "Parent Relationship": "Outer",
                          "Parallel Aware": true,
                          "Scan Direction": "Forward",
                          "Index Name": "role_id_cast_info",
                          "Relation Name": "cast_info",
                          "Alias": "ci",
                          "Startup Cost": 0.56,
                          "Total Cost": 230750.01,
                          "Plan Rows": 1290508,
                          "Plan Width": 4,
                          "Actual Startup Time": 0.252,
                          "Actual Total Time": 230.023,
                          "Actual Rows": 1149424,
                          "Actual Loops": 7,
                          "Index Cond": "(role_id > 5)",
                          "Rows Removed by Index Recheck": 0,
                          "Filter": "(person_id > 352756)",
                          "Rows Removed by Filter": 62907
                        },
                        {
                          "Node Type": "Hash",
                          "Parent Relationship": "Inner",
                          "Parallel Aware": true,
                          "Startup Cost": 45479.1,
                          "Total Cost": 45479.1,
                          "Plan Rows": 15780,
                          "Plan Width": 4,
                          "Actual Startup Time": 75.161,
                          "Actual Total Time": 75.162,
                          "Actual Rows": 7701,
                          "Actual Loops": 7,
                          "Hash Buckets": 65536,
                          "Original Hash Buckets": 65536,
                          "Hash Batches": 1,
                          "Original Hash Batches": 1,
                          "Peak Memory Usage": 2752,
                          "Plans": [
                            {
                              "Node Type": "Seq Scan",
                              "Parent Relationship": "Outer",
                              "Parallel Aware": true,
                              "Relation Name": "title",
                              "Alias": "t",
                              "Startup Cost": 0.0,
                              "Total Cost": 45479.1,
                              "Plan Rows": 15780,
                              "Plan Width": 4,
                              "Actual Startup Time": 0.121,
                              "Actual Total Time": 71.815,
                              "Actual Rows": 7701,
                              "Actual Loops": 7,
                              "Filter": "((kind_id < 7) AND (production_year = 2012))",
                              "Rows Removed by Filter": 353487
                            }
                          ]
                        }
                      ]
                    },
                    {
                      "Node Type": "Index Only Scan",
                      "Parent Relationship": "Inner",
                      "Parallel Aware": false,
                      "Scan Direction": "Forward",
                      "Index Name": "movie_id_movie_info",
                      "Relation Name": "movie_info",
                      "Alias": "mi",
                      "Startup Cost": 0.43,
                      "Total Cost": 1.28,
                      "Plan Rows": 42,
                      "Plan Width": 4,
                      "Actual Startup Time": 0.007,
                      "Actual Total Time": 0.019,
                      "Actual Rows": 27,
                      "Actual Loops": 210182,
                      "Index Cond": "(movie_id = ci.movie_id)",
                      "Rows Removed by Index Recheck": 0,
                      "Heap Fetches": 5627135
                    }
                  ]
                }
              ]
            }
          ]
        }
      ]
    },
    "Planning Time": 1.379,
    "Triggers": [],
    "Execution Time": 1224.989
  }
]