[
  {
    "Plan": {
      "Node Type": "Aggregate",
      "Strategy": "Plain",
      "Partial Mode": "Finalize",
      "Parallel Aware": false,
      "Startup Cost": 45203.52,
      "Total Cost": 45203.53,
      "Plan Rows": 1,
      "Plan Width": 8,
      "Actual Startup Time": 60.81,
      "Actual Total Time": 66.308,
      "Actual Rows": 1,
      "Actual Loops": 1,
      "Plans": [
        {
          "Node Type": "Gather",
          "Parent Relationship": "Outer",
          "Parallel Aware": false,
          "Startup Cost": 45203.1,
          "Total Cost": 45203.51,
          "Plan Rows": 4,
          "Plan Width": 8,
          "Actual Startup Time": 60.484,
          "Actual Total Time": 66.302,
          "Actual Rows": 5,
          "Actual Loops": 1,
          "Workers Planned": 4,
          "Workers Launched": 4,
          "Single Copy": false,
          "Plans": [
            {
              "Node Type": "Aggregate",
              "Strategy": "Plain",
              "Partial Mode": "Partial",
              "Parent Relationship": "Outer",
              "Parallel Aware": false,
              "Startup Cost": 44203.1,
              "Total Cost": 44203.11,
              "Plan Rows": 1,
              "Plan Width": 8,
              "Actual Startup Time": 50.658,
              "Actual Total Time": 50.66,
              "Actual Rows": 1,
              "Actual Loops": 5,
              "Plans": [
                {
                  "Node Type": "Nested Loop",
                  "Parent Relationship": "Outer",
                  "Parallel Aware": false,
                  "Join Type": "Inner",
                  "Startup Cost": 1824.23,
                  "Total Cost": 44202.6,
                  "Plan Rows": 203,
                  "Plan Width": 0,
                  "Actual Startup Time": 20.884,
                  "Actual Total Time": 50.644,
                  "Actual Rows": 30,
                  "Actual Loops": 5,
                  "Inner Unique": false,
                  "Plans": [
                    {
                      "Node Type": "Bitmap Heap Scan",
                      "Parent Relationship": "Outer",
                      "Parallel Aware": true,
                      "Relation Name": "title",
                      "Alias": "t",
                      "Startup Cost": 1823.8,
                      "Total Cost": 38205.15,
                      "Plan Rows": 666,
                      "Plan Width": 4,
                      "Actual Startup Time": 14.553,
                      "Actual Total Time": 45.287,
                      "Actual Rows": 280,
                      "Actual Loops": 5,
                      "Recheck Cond": "(kind_id = 3)",
                      "Rows Removed by Index Recheck": 0,
                      "Filter": "(production_year = 2013)",
                      "Rows Removed by Filter": 19828,
                      "Exact Heap Blocks": 7762,
                      "Lossy Heap Blocks": 0,
                      "Plans": [
                        {
                          "Node Type": "Bitmap Index Scan",
                          "Parent Relationship": "Outer",
                          "Parallel Aware": false,
                          "Index Name": "kind_id_title",
                          "Startup Cost": 0.0,
                          "Total Cost": 1823.13,
                          "Plan Rows": 102227,
                          "Plan Width": 0,
                          "Actual Startup Time": 17.518,
                          "Actual Total Time": 17.518,
                          "Actual Rows": 100537,
                          "Actual Loops": 1,
                          "Index Cond": "(kind_id = 3)"
                        }
                      ]
                    },
                    {
                      "Node Type": "Index Scan",
                      "Parent Relationship": "Inner",
                      "Parallel Aware": false,
                      "Scan Direction": "Forward",
                      "Index Name": "movie_id_movie_keyword",
                      "Relation Name": "movie_keyword",
                      "Alias": "mk",
                      "Startup Cost": 0.43,
                      "Total Cost": 8.93,
                      "Plan Rows": 8,
                      "Plan Width": 4,
                      "Actual Startup Time": 0.018,
                      "Actual Total Time": 0.018,
                      "Actual Rows": 0,
                      "Actual Loops": 1399,
                      "Index Cond": "(movie_id = t.id)",
                      "Rows Removed by Index Recheck": 0,
                      "Filter": "(keyword_id < 748)",
                      "Rows Removed by Filter": 1
                    }
                  ]
                }
              ]
            }
          ]
        }
      ]
    },
    "Planning Time": 0.515,
    "Triggers": [],
    "Execution Time": 66.382
  }
]