[
  {
    "Plan": {
      "Node Type": "Aggregate",
      "Strategy": "Plain",
      "Partial Mode": "Finalize",
      "Parallel Aware": false,
      "Startup Cost": 334679.23,
      "Total Cost": 334679.24,
      "Plan Rows": 1,
      "Plan Width": 8,
      "Actual Startup Time": 691.723,
      "Actual Total Time": 737.582,
      "Actual Rows": 1,
      "Actual Loops": 1,
      "Plans": [
        {
          "Node Type": "Gather",
          "Parent Relationship": "Outer",
          "Parallel Aware": false,
          "Startup Cost": 334678.6,
          "Total Cost": 334679.21,
          "Plan Rows": 6,
          "Plan Width": 8,
          "Actual Startup Time": 691.572,
          "Actual Total Time": 737.572,
          "Actual Rows": 7,
          "Actual Loops": 1,
          "Workers Planned": 6,
          "Workers Launched": 6,
          "Single Copy": false,
          "Plans": [
            {
              "Node Type": "Aggregate",
              "Strategy": "Plain",
              "Partial Mode": "Partial",
              "Parent Relationship": "Outer",
              "Parallel Aware": false,
              "Startup Cost": 333678.6,
              "Total Cost": 333678.61,
              "Plan Rows": 1,
              "Plan Width": 8,
              "Actual Startup Time": 682.854,
              "Actual Total Time": 682.855,
              "Actual Rows": 1,
              "Actual Loops": 7,
              "Plans": [
                {
                  "Node Type": "Seq Scan",
                  "Parent Relationship": "Outer",
                  "Parallel Aware": true,
                  "Relation Name": "cast_info",
                  "Alias": "ci",
                  "Startup Cost": 0.0,
                  "Total Cost": 328211.39,
                  "Plan Rows": 2186884,
                  "Plan Width": 0,
                  "Actual Startup Time": 262.985,
                  "Actual Total Time": 588.106,
                  "Actual Rows": 1850178,
                  "Actual Loops": 7,
                  "Filter": "(person_id > 2382479)",
                  "Rows Removed by Filter": 3327585
                }
              ]
            }
          ]
        }
      ]
    },
    "Planning Time": 0.087,
    "Triggers": [],
    "Execution Time": 737.62
  }
]