[
  {
    "Plan": {
      "Node Type": "Aggregate",
      "Strategy": "Plain",
      "Partial Mode": "Finalize",
      "Parallel Aware": false,
      "Startup Cost": 334576.81,
      "Total Cost": 334576.82,
      "Plan Rows": 1,
      "Plan Width": 8,
      "Actual Startup Time": 761.722,
      "Actual Total Time": 818.062,
      "Actual Rows": 1,
      "Actual Loops": 1,
      "Plans": [
        {
          "Node Type": "Gather",
          "Parent Relationship": "Outer",
          "Parallel Aware": false,
          "Startup Cost": 334576.18,
          "Total Cost": 334576.79,
          "Plan Rows": 6,
          "Plan Width": 8,
          "Actual Startup Time": 761.588,
          "Actual Total Time": 818.049,
          "Actual Rows": 7,
          "Actual Loops": 1,
          "Workers Planned": 6,
          "Workers Launched": 6,
          "Single Copy": false,
          "Plans": [
            {
              "Node Type": "Aggregate",
              "Strategy": "Plain",
              "Partial Mode": "Partial",
              "Parent Relationship": "Outer",
              "Parallel Aware": false,
              "Startup Cost": 333576.18,
              "Total Cost": 333576.19,
              "Plan Rows": 1,
              "Plan Width": 8,
              "Actual Startup Time": 751.272,
              "Actual Total Time": 751.273,
              "Actual Rows": 1,
              "Actual Loops": 7,
              "Plans": [
                {
                  "Node Type": "Seq Scan",
                  "Parent Relationship": "Outer",
                  "Parallel Aware": true,
                  "Relation Name": "cast_info",
                  "Alias": "ci",
                  "Startup Cost": 0.0,
                  "Total Cost": 328162.03,
                  "Plan Rows": 2165663,
                  "Plan Width": 0,
                  "Actual Startup Time": 295.621,
                  "Actual Total Time": 655.873,
                  "Actual Rows": 1850178,
                  "Actual Loops": 7,
                  "Filter": "(person_id > 2382479)",
                  "Rows Removed by Filter": 3327585
                }
              ]
            }
          ]
        }
      ]
    },
    "Planning Time": 0.171,
    "Triggers": [],
    "Execution Time": 818.166
  }
]