[
  {
    "Plan": {
      "Node Type": "Aggregate",
      "Strategy": "Plain",
      "Partial Mode": "Finalize",
      "Parallel Aware": false,
      "Startup Cost": 78897.95,
      "Total Cost": 78897.96,
      "Plan Rows": 1,
      "Plan Width": 8,
      "Actual Startup Time": 224.206,
      "Actual Total Time": 239.831,
      "Actual Rows": 1,
      "Actual Loops": 1,
      "Plans": [
        {
          "Node Type": "Gather",
          "Parent Relationship": "Outer",
          "Parallel Aware": false,
          "Startup Cost": 78897.63,
          "Total Cost": 78897.94,
          "Plan Rows": 3,
          "Plan Width": 8,
          "Actual Startup Time": 223.238,
          "Actual Total Time": 239.821,
          "Actual Rows": 4,
          "Actual Loops": 1,
          "Workers Planned": 3,
          "Workers Launched": 3,
          "Single Copy": false,
          "Plans": [
            {
              "Node Type": "Aggregate",
              "Strategy": "Plain",
              "Partial Mode": "Partial",
              "Parent Relationship": "Outer",
              "Parallel Aware": false,
              "Startup Cost": 77897.63,
              "Total Cost": 77897.64,
              "Plan Rows": 1,
              "Plan Width": 8,
              "Actual Startup Time": 214.548,
              "Actual Total Time": 214.611,
              "Actual Rows": 1,
              "Actual Loops": 4,
              "Plans": [
                {
                  "Node Type": "Hash Join",
                  "Parent Relationship": "Outer",
                  "Parallel Aware": true,
                  "Join Type": "Inner",
                  "Startup Cost": 45817.1,
                  "Total Cost": 77871.57,
                  "Plan Rows": 10425,
                  "Plan Width": 0,
                  "Actual Startup Time": 181.853,
                  "Actual Total Time": 213.801,
                  "Actual Rows": 17230,
                  "Actual Loops": 4,
                  "Inner Unique": true,
                  "Hash Cond": "(mc.movie_id = t.id)",
                  "Plans": [
                    {
                      "Node Type": "Seq Scan",
                      "Parent Relationship": "Outer",
                      "Parallel Aware": true,
                      "Relation Name": "movie_companies",
                      "Alias": "mc",
                      "Startup Cost": 0.0,
                      "Total Cost": 31414.82,
                      "Plan Rows": 243676,
                      "Plan Width": 4,
                      "Actual Startup Time": 33.655,
                      "Actual Total Time": 67.68,
                      "Actual Rows": 118640,
                      "Actual Loops": 4,
                      "Filter": "((company_id < 13631) AND (company_type_id = 2))",
                      "Rows Removed by Filter": 533643
                    },
                    {
                      "Node Type": "Hash",
                      "Parent Relationship": "Inner",
                      "Parallel Aware": true,
                      "Startup Cost": 45479.1,
                      "Total Cost": 45479.1,
                      "Plan Rows": 27040,
                      "Plan Width": 4,
                      "Actual Startup Time": 118.794,
                      "Actual Total Time": 118.794,
                      "Actual Rows": 61010,
                      "Actual Loops": 4,
                      "Hash Buckets": 262144,
                      "Original Hash Buckets": 131072,
                      "Hash Batches": 1,
                      "Original Hash Batches": 1,
                      "Peak Memory Usage": 12704,
                      "Plans": [
                        {
                          "Node Type": "Seq Scan",
                          "Parent Relationship": "Outer",
                          "Parallel Aware": true,
                          "Relation Name": "title",
                          "Alias": "t",
                          "Startup Cost": 0.0,
                          "Total Cost": 45479.1,
                          "Plan Rows": 27040,
                          "Plan Width": 4,
                          "Actual Startup Time": 59.904,
                          "Actual Total Time": 99.537,
                          "Actual Rows": 61010,
                          "Actual Loops": 4,
                          "Filter": "((production_year < 1974) AND (kind_id = 1))",
                          "Rows Removed by Filter": 571068
                        }
                      ]
                    }
                  ]
                }
              ]
            }
          ]
        }
      ]
    },
    "Planning Time": 0.732,
    "Triggers": [],
    "Execution Time": 239.904
  }
]