[
  {
    "Plan": {
      "Node Type": "Aggregate",
      "Strategy": "Plain",
      "Partial Mode": "Finalize",
      "Parallel Aware": false,
      "Startup Cost": 371229.17,
      "Total Cost": 371229.18,
      "Plan Rows": 1,
      "Plan Width": 8,
      "Actual Startup Time": 527.8,
      "Actual Total Time": 606.467,
      "Actual Rows": 1,
      "Actual Loops": 1,
      "Plans": [
        {
          "Node Type": "Gather",
          "Parent Relationship": "Outer",
          "Parallel Aware": false,
          "Startup Cost": 371228.75,
          "Total Cost": 371229.16,
          "Plan Rows": 4,
          "Plan Width": 8,
          "Actual Startup Time": 527.631,
          "Actual Total Time": 606.454,
          "Actual Rows": 5,
          "Actual Loops": 1,
          "Workers Planned": 4,
          "Workers Launched": 4,
          "Single Copy": false,
          "Plans": [
            {
              "Node Type": "Aggregate",
              "Strategy": "Plain",
              "Partial Mode": "Partial",
              "Parent Relationship": "Outer",
              "Parallel Aware": false,
              "Startup Cost": 370228.75,
              "Total Cost": 370228.76,
              "Plan Rows": 1,
              "Plan Width": 8,
              "Actual Startup Time": 517.734,
              "Actual Total Time": 517.736,
              "Actual Rows": 1,
              "Actual Loops": 5,
              "Plans": [
                {
                  "Node Type": "Nested Loop",
                  "Parent Relationship": "Outer",
                  "Parallel Aware": false,
                  "Join Type": "Inner",
                  "Startup Cost": 0.56,
                  "Total Cost": 369864.56,
                  "Plan Rows": 145675,
                  "Plan Width": 0,
                  "Actual Startup Time": 0.312,
                  "Actual Total Time": 508.382,
                  "Actual Rows": 113833,
                  "Actual Loops": 5,
                  "Inner Unique": false,
                  "Plans": [
                    {
                      "Node Type": "Seq Scan",
                      "Parent Relationship": "Outer",
                      "Parallel Aware": true,
                      "Relation Name": "title",
                      "Alias": "t",
                      "Startup Cost": 0.0,
                      "Total Cost": 45479.59,
                      "Plan Rows": 15124,
                      "Plan Width": 4,
                      "Actual Startup Time": 0.05,
                      "Actual Total Time": 80.883,
                      "Actual Rows": 12550,
                      "Actual Loops": 5,
                      "Filter": "((kind_id = 7) AND (production_year = 2005))",
                      "Rows Removed by Filter": 493112
                    },
                    {
                      "Node Type": "Index Scan",
                      "Parent Relationship": "Inner",
                      "Parallel Aware": false,
                      "Scan Direction": "Forward",
                      "Index Name": "movie_id_cast_info",
                      "Relation Name": "cast_info",
                      "Alias": "ci",
                      "Startup Cost": 0.56,
                      "Total Cost": 21.22,
                      "Plan Rows": 23,
                      "Plan Width": 4,
                      "Actual Startup Time": 0.008,
                      "Actual Total Time": 0.033,
                      "Actual Rows": 9,
                      "Actual Loops": 62752,
                      "Index Cond": "(movie_id = t.id)",
                      "Rows Removed by Index Recheck": 0,
                      "Filter": "(person_id < 2515101)",
                      "Rows Removed by Filter": 4
                    }
                  ]
                }
              ]
            }
          ]
        }
      ]
    },
    "Planning Time": 0.439,
    "Triggers": [],
    "Execution Time": 606.54
  }
]