[
  {
    "Plan": {
      "Node Type": "Aggregate",
      "Strategy": "Plain",
      "Partial Mode": "Finalize",
      "Parallel Aware": false,
      "Startup Cost": 79658.02,
      "Total Cost": 79658.03,
      "Plan Rows": 1,
      "Plan Width": 8,
      "Actual Startup Time": 246.924,
      "Actual Total Time": 267.261,
      "Actual Rows": 1,
      "Actual Loops": 1,
      "Plans": [
        {
          "Node Type": "Gather",
          "Parent Relationship": "Outer",
          "Parallel Aware": false,
          "Startup Cost": 79657.6,
          "Total Cost": 79658.01,
          "Plan Rows": 4,
          "Plan Width": 8,
          "Actual Startup Time": 245.954,
          "Actual Total Time": 267.252,
          "Actual Rows": 5,
          "Actual Loops": 1,
          "Workers Planned": 4,
          "Workers Launched": 4,
          "Single Copy": false,
          "Plans": [
            {
              "Node Type": "Aggregate",
              "Strategy": "Plain",
              "Partial Mode": "Partial",
              "Parent Relationship": "Outer",
              "Parallel Aware": false,
              "Startup Cost": 78657.6,
              "Total Cost": 78657.61,
              "Plan Rows": 1,
              "Plan Width": 8,
              "Actual Startup Time": 236.263,
              "Actual Total Time": 236.266,
              "Actual Rows": 1,
              "Actual Loops": 5,
              "Plans": [
                {
                  "Node Type": "Hash Join",
                  "Parent Relationship": "Outer",
                  "Parallel Aware": true,
                  "Join Type": "Inner",
                  "Startup Cost": 32716.43,
                  "Total Cost": 78455.85,
                  "Plan Rows": 80700,
                  "Plan Width": 0,
                  "Actual Startup Time": 86.582,
                  "Actual Total Time": 234.288,
                  "Actual Rows": 35541,
                  "Actual Loops": 5,
                  "Inner Unique": false,
                  "Hash Cond": "(t.id = mc.movie_id)",
                  "Plans": [
                    {
                      "Node Type": "Seq Scan",
                      "Parent Relationship": "Outer",
                      "Parallel Aware": true,
                      "Relation Name": "title",
                      "Alias": "t",
                      "Startup Cost": 0.0,
                      "Total Cost": 42318.73,
                      "Plan Rows": 632073,
                      "Plan Width": 4,
                      "Actual Startup Time": 0.012,
                      "Actual Total Time": 69.553,
                      "Actual Rows": 505662,
                      "Actual Loops": 5
                    },
                    {
                      "Node Type": "Hash",
                      "Parent Relationship": "Inner",
                      "Parallel Aware": true,
                      "Startup Cost": 31414.82,
                      "Total Cost": 31414.82,
                      "Plan Rows": 104129,
                      "Plan Width": 4,
                      "Actual Startup Time": 83.507,
                      "Actual Total Time": 83.508,
                      "Actual Rows": 35541,
                      "Actual Loops": 5,
                      "Hash Buckets": 524288,
                      "Original Hash Buckets": 524288,
                      "Hash Batches": 1,
                      "Original Hash Batches": 1,
                      "Peak Memory Usage": 11136,
                      "Plans": [
                        {
                          "Node Type": "Seq Scan",
                          "Parent Relationship": "Outer",
                          "Parallel Aware": true,
                          "Relation Name": "movie_companies",
                          "Alias": "mc",
                          "Startup Cost": 0.0,
                          "Total Cost": 31414.82,
                          "Plan Rows": 104129,
                          "Plan Width": 4,
                          "Actual Startup Time": 44.905,
                          "Actual Total Time": 70.977,
                          "Actual Rows": 35541,
                          "Actual Loops": 5,
                          "Filter": "((company_id < 846) AND (company_type_id = 2))",
                          "Rows Removed by Filter": 486285
                        }
                      ]
                    }
                  ]
                }
              ]
            }
          ]
        }
      ]
    },
    "Planning Time": 0.676,
    "Triggers": [],
    "Execution Time": 267.337
  }
]