[
  {
    "Plan": {
      "Node Type": "Aggregate",
      "Strategy": "Plain",
      "Partial Mode": "Finalize",
      "Parallel Aware": false,
      "Startup Cost": 31419.88,
      "Total Cost": 31419.89,
      "Plan Rows": 1,
      "Plan Width": 8,
      "Actual Startup Time": 122.621,
      "Actual Total Time": 133.344,
      "Actual Rows": 1,
      "Actual Loops": 1,
      "Plans": [
        {
          "Node Type": "Gather",
          "Parent Relationship": "Outer",
          "Parallel Aware": false,
          "Startup Cost": 31419.56,
          "Total Cost": 31419.87,
          "Plan Rows": 3,
          "Plan Width": 8,
          "Actual Startup Time": 122.475,
          "Actual Total Time": 133.333,
          "Actual Rows": 4,
          "Actual Loops": 1,
          "Workers Planned": 3,
          "Workers Launched": 3,
          "Single Copy": false,
          "Plans": [
            {
              "Node Type": "Aggregate",
              "Strategy": "Plain",
              "Partial Mode": "Partial",
              "Parent Relationship": "Outer",
              "Parallel Aware": false,
              "Startup Cost": 30419.56,
              "Total Cost": 30419.57,
              "Plan Rows": 1,
              "Plan Width": 8,
              "Actual Startup Time": 115.83,
              "Actual Total Time": 115.832,
              "Actual Rows": 1,
              "Actual Loops": 4,
              "Plans": [
                {
                  "Node Type": "Seq Scan",
                  "Parent Relationship": "Outer",
                  "Parallel Aware": true,
                  "Relation Name": "movie_companies",
                  "Alias": "mc",
                  "Startup Cost": 0.0,
                  "Total Cost": 29310.68,
                  "Plan Rows": 443553,
                  "Plan Width": 0,
                  "Actual Startup Time": 0.046,
                  "Actual Total Time": 93.638,
                  "Actual Rows": 346477,
                  "Actual Loops": 4,
                  "Filter": "(company_id < 11980)",
                  "Rows Removed by Filter": 305805
                }
              ]
            }
          ]
        }
      ]
    },
    "Planning Time": 0.122,
    "Triggers": [],
    "Execution Time": 133.386
  }
]