{
  "Plan": {
    "Node Type": "Aggregate",
    "Strategy": "Plain",
    "Partial Mode": "Finalize",
    "Parallel Aware": false,
    "Startup Cost": 173447.39,
    "Total Cost": 173447.4,
    "Plan Rows": 1,
    "Plan Width": 8,
    "Actual Startup Time": 1293.375,
    "Actual Total Time": 1314.283,
    "Actual Rows": 1,
    "Actual Loops": 1,
    "Plans": [
      {
        "Node Type": "Gather",
        "Parent Relationship": "Outer",
        "Parallel Aware": false,
        "Startup Cost": 173447.27,
        "Total Cost": 173447.38,
        "Plan Rows": 1,
        "Plan Width": 8,
        "Actual Startup Time": 1289.952,
        "Actual Total Time": 1314.274,
        "Actual Rows": 2,
        "Actual Loops": 1,
        "Workers Planned": 1,
        "Workers Launched": 1,
        "Single Copy": false,
        "Plans": [
          {
            "Node Type": "Aggregate",
            "Strategy": "Plain",
            "Partial Mode": "Partial",
            "Parent Relationship": "Outer",
            "Parallel Aware": false,
            "Startup Cost": 172447.27,
            "Total Cost": 172447.28,
            "Plan Rows": 1,
            "Plan Width": 8,
            "Actual Startup Time": 1284.143,
            "Actual Total Time": 1284.473,
            "Actual Rows": 1,
            "Actual Loops": 2,
            "Plans": [
              {
                "Node Type": "Hash Join",
                "Parent Relationship": "Outer",
                "Parallel Aware": true,
                "Join Type": "Inner",
                "Startup Cost": 113315.85,
                "Total Cost": 171614.67,
                "Plan Rows": 333040,
                "Plan Width": 0,
                "Actual Startup Time": 883.69,
                "Actual Total Time": 1269.281,
                "Actual Rows": 375440,
                "Actual Loops": 2,
                "Inner Unique": false,
                "Hash Cond": "(ci.movie_id = t.id)",
                "Plans": [
                  {
                    "Node Type": "Index Scan",
                    "Parent Relationship": "Outer",
                    "Parallel Aware": true,
                    "Scan Direction": "Forward",
                    "Index Name": "role_id_cast_info",
                    "Relation Name": "cast_info",
                    "Alias": "ci",
                    "Startup Cost": 0.56,
                    "Total Cost": 52560.36,
                    "Plan Rows": 1007991,
                    "Plan Width": 4,
                    "Actual Startup Time": 0.126,
                    "Actual Total Time": 119.989,
                    "Actual Rows": 851772,
                    "Actual Loops": 2,
                    "Index Cond": "(role_id = 8)",
                    "Rows Removed by Index Recheck": 0
                  },
                  {
                    "Node Type": "Hash",
                    "Parent Relationship": "Inner",
                    "Parallel Aware": true,
                    "Startup Cost": 107173.02,
                    "Total Cost": 107173.02,
                    "Plan Rows": 491381,
                    "Plan Width": 8,
                    "Actual Startup Time": 874.217,
                    "Actual Total Time": 874.545,
                    "Actual Rows": 415442,
                    "Actual Loops": 2,
                    "Hash Buckets": 1048576,
                    "Original Hash Buckets": 1048576,
                    "Hash Batches": 1,
                    "Original Hash Batches": 1,
                    "Peak Memory Usage": 40736,
                    "Plans": [
                      {
                        "Node Type": "Hash Join",
                        "Parent Relationship": "Outer",
                        "Parallel Aware": true,
                        "Join Type": "Inner",
                        "Startup Cost": 44117.03,
                        "Total Cost": 107173.02,
                        "Plan Rows": 491381,
                        "Plan Width": 8,
                        "Actual Startup Time": 239.771,
                        "Actual Total Time": 762.105,
                        "Actual Rows": 415442,
                        "Actual Loops": 2,
                        "Inner Unique": false,
                        "Hash Cond": "(t.id = mc.movie_id)",
                        "Plans": [
                          {
                            "Node Type": "Seq Scan",
                            "Parent Relationship": "Outer",
                            "Parallel Aware": true,
                            "Relation Name": "title",
                            "Alias": "t",
                            "Startup Cost": 0.0,
                            "Total Cost": 50870.31,
                            "Plan Rows": 1487231,
                            "Plan Width": 4,
                            "Actual Startup Time": 0.009,
                            "Actual Total Time": 125.158,
                            "Actual Rows": 1264156,
                            "Actual Loops": 2
                          },
                          {
                            "Node Type": "Hash",
                            "Parent Relationship": "Inner",
                            "Parallel Aware": true,
                            "Startup Cost": 37974.77,
                            "Total Cost": 37974.77,
                            "Plan Rows": 491381,
                            "Plan Width": 4,
                            "Actual Startup Time": 234.244,
                            "Actual Total Time": 234.245,
                            "Actual Rows": 415442,
                            "Actual Loops": 2,
                            "Hash Buckets": 1048576,
                            "Original Hash Buckets": 1048576,
                            "Hash Batches": 1,
                            "Original Hash Batches": 1,
                            "Peak Memory Usage": 40736,
                            "Plans": [
                              {
                                "Node Type": "Seq Scan",
                                "Parent Relationship": "Outer",
                                "Parallel Aware": true,
                                "Relation Name": "movie_companies",
                                "Alias": "mc",
                                "Startup Cost": 0.0,
                                "Total Cost": 37974.77,
                                "Plan Rows": 491381,
                                "Plan Width": 4,
                                "Actual Startup Time": 0.046,
                                "Actual Total Time": 120.523,
                                "Actual Rows": 415442,
                                "Actual Loops": 2,
                                "Filter": "(company_id < 2057)",
                                "Rows Removed by Filter": 889123
                              }
                            ]
                          }
                        ]
                      }
                    ]
                  }
                ]
              }
            ]
          }
        ]
      }
    ]
  },
  "Planning Time": 0.867,
  "Triggers": [],
  "Execution Time": 1314.368
}