[
    {
        "Bao": {
            "Bao prediction": "NaN",
            "Bao recommended hint": "(no hint)"
        }
    },
    {
        "Plan": {
            "Node Type": "Aggregate",
            "Strategy": "Plain",
            "Partial Mode": "Finalize",
            "Parallel Aware": false,
            "Startup Cost": 251504.92,
            "Total Cost": 251504.93,
            "Plan Rows": 1,
            "Plan Width": 8,
            "Actual Startup Time": 533.492,
            "Actual Total Time": 547.728,
            "Actual Rows": 1,
            "Actual Loops": 1,
            "Output": [
                "count(*)"
            ],
            "Plans": [
                {
                    "Node Type": "Gather",
                    "Parent Relationship": "Outer",
                    "Parallel Aware": false,
                    "Startup Cost": 251504.3,
                    "Total Cost": 251504.91,
                    "Plan Rows": 6,
                    "Plan Width": 8,
                    "Actual Startup Time": 532.415,
                    "Actual Total Time": 547.72,
                    "Actual Rows": 7,
                    "Actual Loops": 1,
                    "Output": [
                        "(PARTIAL count(*))"
                    ],
                    "Workers Planned": 6,
                    "Workers Launched": 6,
                    "Single Copy": false,
                    "Plans": [
                        {
                            "Node Type": "Aggregate",
                            "Strategy": "Plain",
                            "Partial Mode": "Partial",
                            "Parent Relationship": "Outer",
                            "Parallel Aware": false,
                            "Startup Cost": 250504.3,
                            "Total Cost": 250504.31,
                            "Plan Rows": 1,
                            "Plan Width": 8,
                            "Actual Startup Time": 521.683,
                            "Actual Total Time": 521.686,
                            "Actual Rows": 1,
                            "Actual Loops": 7,
                            "Output": [
                                "PARTIAL count(*)"
                            ],
                            "Workers": [
                                {
                                    "Worker Number": 0,
                                    "Actual Startup Time": 519.452,
                                    "Actual Total Time": 519.454,
                                    "Actual Rows": 1,
                                    "Actual Loops": 1
                                },
                                {
                                    "Worker Number": 1,
                                    "Actual Startup Time": 519.494,
                                    "Actual Total Time": 519.498,
                                    "Actual Rows": 1,
                                    "Actual Loops": 1
                                },
                                {
                                    "Worker Number": 2,
                                    "Actual Startup Time": 519.871,
                                    "Actual Total Time": 519.873,
                                    "Actual Rows": 1,
                                    "Actual Loops": 1
                                },
                                {
                                    "Worker Number": 3,
                                    "Actual Startup Time": 519.862,
                                    "Actual Total Time": 519.865,
                                    "Actual Rows": 1,
                                    "Actual Loops": 1
                                },
                                {
                                    "Worker Number": 4,
                                    "Actual Startup Time": 520.493,
                                    "Actual Total Time": 520.497,
                                    "Actual Rows": 1,
                                    "Actual Loops": 1
                                },
                                {
                                    "Worker Number": 5,
                                    "Actual Startup Time": 520.591,
                                    "Actual Total Time": 520.593,
                                    "Actual Rows": 1,
                                    "Actual Loops": 1
                                }
                            ],
                            "Plans": [
                                {
                                    "Node Type": "Hash Join",
                                    "Parent Relationship": "Outer",
                                    "Parallel Aware": true,
                                    "Join Type": "Inner",
                                    "Startup Cost": 46624.55,
                                    "Total Cost": 250132.56,
                                    "Plan Rows": 148694,
                                    "Plan Width": 0,
                                    "Actual Startup Time": 90.267,
                                    "Actual Total Time": 515.265,
                                    "Actual Rows": 111516,
                                    "Actual Loops": 7,
                                    "Inner Unique": true,
                                    "Hash Cond": "(ci.movie_id = t.id)",
                                    "Workers": [
                                        {
                                            "Worker Number": 0,
                                            "Actual Startup Time": 88.44,
                                            "Actual Total Time": 512.951,
                                            "Actual Rows": 85266,
                                            "Actual Loops": 1
                                        },
                                        {
                                            "Worker Number": 1,
                                            "Actual Startup Time": 88.094,
                                            "Actual Total Time": 513.102,
                                            "Actual Rows": 84058,
                                            "Actual Loops": 1
                                        },
                                        {
                                            "Worker Number": 2,
                                            "Actual Startup Time": 88.455,
                                            "Actual Total Time": 513.178,
                                            "Actual Rows": 87639,
                                            "Actual Loops": 1
                                        },
                                        {
                                            "Worker Number": 3,
                                            "Actual Startup Time": 88.484,
                                            "Actual Total Time": 513.779,
                                            "Actual Rows": 129331,
                                            "Actual Loops": 1
                                        },
                                        {
                                            "Worker Number": 4,
                                            "Actual Startup Time": 88.906,
                                            "Actual Total Time": 513.897,
                                            "Actual Rows": 125321,
                                            "Actual Loops": 1
                                        },
                                        {
                                            "Worker Number": 5,
                                            "Actual Startup Time": 89.126,
                                            "Actual Total Time": 514.392,
                                            "Actual Rows": 131591,
                                            "Actual Loops": 1
                                        }
                                    ],
                                    "Plans": [
                                        {
                                            "Node Type": "Index Scan",
                                            "Parent Relationship": "Outer",
                                            "Parallel Aware": true,
                                            "Scan Direction": "Forward",
                                            "Index Name": "role_id_cast_info",
                                            "Relation Name": "cast_info",
                                            "Schema": "public",
                                            "Alias": "ci",
                                            "Startup Cost": 0.56,
                                            "Total Cost": 200814.65,
                                            "Plan Rows": 1026257,
                                            "Plan Width": 4,
                                            "Actual Startup Time": 0.21,
                                            "Actual Total Time": 242.537,
                                            "Actual Rows": 1064379,
                                            "Actual Loops": 7,
                                            "Output": [
                                                "ci.id",
                                                "ci.person_id",
                                                "ci.movie_id",
                                                "ci.person_role_id",
                                                "ci.note",
                                                "ci.nr_order",
                                                "ci.role_id"
                                            ],
                                            "Index Cond": "(ci.role_id = 2)",
                                            "Rows Removed by Index Recheck": 0,
                                            "Filter": "(ci.person_id > 637003)",
                                            "Rows Removed by Filter": 189,
                                            "Workers": [
                                                {
                                                    "Worker Number": 0,
                                                    "Actual Startup Time": 0.351,
                                                    "Actual Total Time": 246.092,
                                                    "Actual Rows": 829449,
                                                    "Actual Loops": 1
                                                },
                                                {
                                                    "Worker Number": 1,
                                                    "Actual Startup Time": 0.08,
                                                    "Actual Total Time": 244.843,
                                                    "Actual Rows": 814655,
                                                    "Actual Loops": 1
                                                },
                                                {
                                                    "Worker Number": 2,
                                                    "Actual Startup Time": 0.276,
                                                    "Actual Total Time": 245.207,
                                                    "Actual Rows": 834486,
                                                    "Actual Loops": 1
                                                },
                                                {
                                                    "Worker Number": 3,
                                                    "Actual Startup Time": 0.291,
                                                    "Actual Total Time": 242.255,
                                                    "Actual Rows": 1248724,
                                                    "Actual Loops": 1
                                                },
                                                {
                                                    "Worker Number": 4,
                                                    "Actual Startup Time": 0.11,
                                                    "Actual Total Time": 244.991,
                                                    "Actual Rows": 1171484,
                                                    "Actual Loops": 1
                                                },
                                                {
                                                    "Worker Number": 5,
                                                    "Actual Startup Time": 0.151,
                                                    "Actual Total Time": 240.878,
                                                    "Actual Rows": 1247972,
                                                    "Actual Loops": 1
                                                }
                                            ]
                                        },
                                        {
                                            "Node Type": "Hash",
                                            "Parent Relationship": "Inner",
                                            "Parallel Aware": true,
                                            "Startup Cost": 45479.21,
                                            "Total Cost": 45479.21,
                                            "Plan Rows": 91582,
                                            "Plan Width": 4,
                                            "Actual Startup Time": 88.542,
                                            "Actual Total Time": 88.543,
                                            "Actual Rows": 39145,
                                            "Actual Loops": 7,
                                            "Output": [
                                                "t.id"
                                            ],
                                            "Hash Buckets": 524288,
                                            "Original Hash Buckets": 524288,
                                            "Hash Batches": 1,
                                            "Original Hash Batches": 1,
                                            "Peak Memory Usage": 14912,
                                            "Workers": [
                                                {
                                                    "Worker Number": 0,
                                                    "Actual Startup Time": 87.307,
                                                    "Actual Total Time": 87.308,
                                                    "Actual Rows": 30468,
                                                    "Actual Loops": 1
                                                },
                                                {
                                                    "Worker Number": 1,
                                                    "Actual Startup Time": 87.32,
                                                    "Actual Total Time": 87.321,
                                                    "Actual Rows": 29202,
                                                    "Actual Loops": 1
                                                },
                                                {
                                                    "Worker Number": 2,
                                                    "Actual Startup Time": 87.671,
                                                    "Actual Total Time": 87.672,
                                                    "Actual Rows": 30652,
                                                    "Actual Loops": 1
                                                },
                                                {
                                                    "Worker Number": 3,
                                                    "Actual Startup Time": 87.718,
                                                    "Actual Total Time": 87.719,
                                                    "Actual Rows": 43968,
                                                    "Actual Loops": 1
                                                },
                                                {
                                                    "Worker Number": 4,
                                                    "Actual Startup Time": 88.332,
                                                    "Actual Total Time": 88.334,
                                                    "Actual Rows": 40168,
                                                    "Actual Loops": 1
                                                },
                                                {
                                                    "Worker Number": 5,
                                                    "Actual Startup Time": 88.368,
                                                    "Actual Total Time": 88.369,
                                                    "Actual Rows": 43950,
                                                    "Actual Loops": 1
                                                }
                                            ],
                                            "Plans": [
                                                {
                                                    "Node Type": "Seq Scan",
                                                    "Parent Relationship": "Outer",
                                                    "Parallel Aware": true,
                                                    "Relation Name": "title",
                                                    "Schema": "public",
                                                    "Alias": "t",
                                                    "Startup Cost": 0.0,
                                                    "Total Cost": 45479.21,
                                                    "Plan Rows": 91582,
                                                    "Plan Width": 4,
                                                    "Actual Startup Time": 37.71,
                                                    "Actual Total Time": 73.127,
                                                    "Actual Rows": 39145,
                                                    "Actual Loops": 7,
                                                    "Output": [
                                                        "t.id"
                                                    ],
                                                    "Filter": "((t.kind_id < 2) AND (t.production_year > 2000))",
                                                    "Rows Removed by Filter": 322042,
                                                    "Workers": [
                                                        {
                                                            "Worker Number": 0,
                                                            "Actual Startup Time": 42.152,
                                                            "Actual Total Time": 73.163,
                                                            "Actual Rows": 30468,
                                                            "Actual Loops": 1
                                                        },
                                                        {
                                                            "Worker Number": 1,
                                                            "Actual Startup Time": 42.314,
                                                            "Actual Total Time": 73.134,
                                                            "Actual Rows": 29202,
                                                            "Actual Loops": 1
                                                        },
                                                        {
                                                            "Worker Number": 2,
                                                            "Actual Startup Time": 42.637,
                                                            "Actual Total Time": 73.625,
                                                            "Actual Rows": 30652,
                                                            "Actual Loops": 1
                                                        },
                                                        {
                                                            "Worker Number": 3,
                                                            "Actual Startup Time": 42.887,
                                                            "Actual Total Time": 71.884,
                                                            "Actual Rows": 43968,
                                                            "Actual Loops": 1
                                                        },
                                                        {
                                                            "Worker Number": 4,
                                                            "Actual Startup Time": 43.88,
                                                            "Actual Total Time": 72.801,
                                                            "Actual Rows": 40168,
                                                            "Actual Loops": 1
                                                        },
                                                        {
                                                            "Worker Number": 5,
                                                            "Actual Startup Time": 43.357,
                                                            "Actual Total Time": 72.58,
                                                            "Actual Rows": 43950,
                                                            "Actual Loops": 1
                                                        }
                                                    ]
                                                }
                                            ]
                                        }
                                    ]
                                }
                            ]
                        }
                    ]
                }
            ]
        },
        "Planning Time": 178.836,
        "Triggers": [],
        "Execution Time": 547.8
    }
]