[
  {
    "Plan": {
      "Node Type": "Aggregate",
      "Strategy": "Plain",
      "Partial Mode": "Finalize",
      "Parallel Aware": false,
      "Startup Cost": 32402.18,
      "Total Cost": 32402.19,
      "Plan Rows": 1,
      "Plan Width": 8,
      "Actual Startup Time": 26.858,
      "Actual Total Time": 29.967,
      "Actual Rows": 1,
      "Actual Loops": 1,
      "Plans": [
        {
          "Node Type": "Gather",
          "Parent Relationship": "Outer",
          "Parallel Aware": false,
          "Startup Cost": 32401.97,
          "Total Cost": 32402.18,
          "Plan Rows": 2,
          "Plan Width": 8,
          "Actual Startup Time": 26.519,
          "Actual Total Time": 29.958,
          "Actual Rows": 3,
          "Actual Loops": 1,
          "Workers Planned": 2,
          "Workers Launched": 2,
          "Single Copy": false,
          "Plans": [
            {
              "Node Type": "Aggregate",
              "Strategy": "Plain",
              "Partial Mode": "Partial",
              "Parent Relationship": "Outer",
              "Parallel Aware": false,
              "Startup Cost": 31401.97,
              "Total Cost": 31401.98,
              "Plan Rows": 1,
              "Plan Width": 8,
              "Actual Startup Time": 18.245,
              "Actual Total Time": 18.247,
              "Actual Rows": 1,
              "Actual Loops": 3,
              "Plans": [
                {
                  "Node Type": "Nested Loop",
                  "Parent Relationship": "Outer",
                  "Parallel Aware": false,
                  "Join Type": "Inner",
                  "Startup Cost": 136.73,
                  "Total Cost": 31401.46,
                  "Plan Rows": 202,
                  "Plan Width": 0,
                  "Actual Startup Time": 2.927,
                  "Actual Total Time": 18.077,
                  "Actual Rows": 1322,
                  "Actual Loops": 3,
                  "Inner Unique": false,
                  "Plans": [
                    {
                      "Node Type": "Nested Loop",
                      "Parent Relationship": "Outer",
                      "Parallel Aware": false,
                      "Join Type": "Inner",
                      "Startup Cost": 136.3,
                      "Total Cost": 31028.24,
                      "Plan Rows": 113,
                      "Plan Width": 8,
                      "Actual Startup Time": 2.739,
                      "Actual Total Time": 15.893,
                      "Actual Rows": 82,
                      "Actual Loops": 3,
                      "Inner Unique": true,
                      "Plans": [
                        {
                          "Node Type": "Bitmap Heap Scan",
                          "Parent Relationship": "Outer",
                          "Parallel Aware": true,
                          "Relation Name": "movie_companies",
                          "Alias": "mc",
                          "Startup Cost": 135.87,
                          "Total Cost": 12865.18,
                          "Plan Rows": 2550,
                          "Plan Width": 4,
                          "Actual Startup Time": 0.924,
                          "Actual Total Time": 2.286,
                          "Actual Rows": 1825,
                          "Actual Loops": 3,
                          "Recheck Cond": "(company_id > 229704)",
                          "Rows Removed by Index Recheck": 0,
                          "Exact Heap Blocks": 186,
                          "Lossy Heap Blocks": 0,
                          "Plans": [
                            {
                              "Node Type": "Bitmap Index Scan",
                              "Parent Relationship": "Outer",
                              "Parallel Aware": false,
                              "Index Name": "company_id_movie_companies",
                              "Startup Cost": 0.0,
                              "Total Cost": 134.34,
                              "Plan Rows": 6121,
                              "Plan Width": 0,
                              "Actual Startup Time": 2.373,
                              "Actual Total Time": 2.373,
                              "Actual Rows": 5475,
                              "Actual Loops": 1,
                              "Index Cond": "(company_id > 229704)"
                            }
                          ]
                        },
                        {
                          "Node Type": "Index Scan",
                          "Parent Relationship": "Inner",
                          "Parallel Aware": false,
                          "Scan Direction": "Forward",
                          "Index Name": "title_pkey",
                          "Relation Name": "title",
                          "Alias": "t",
                          "Startup Cost": 0.43,
                          "Total Cost": 7.12,
                          "Plan Rows": 1,
                          "Plan Width": 4,
                          "Actual Startup Time": 0.007,
                          "Actual Total Time": 0.007,
                          "Actual Rows": 0,
                          "Actual Loops": 5475,
                          "Index Cond": "(id = mc.movie_id)",
                          "Rows Removed by Index Recheck": 0,
                          "Filter": "(production_year = 2006)",
                          "Rows Removed by Filter": 1
                        }
                      ]
                    },
                    {
                      "Node Type": "Index Only Scan",
                      "Parent Relationship": "Inner",
                      "Parallel Aware": false,
                      "Scan Direction": "Forward",
                      "Index Name": "movie_id_movie_keyword",
                      "Relation Name": "movie_keyword",
                      "Alias": "mk",
                      "Startup Cost": 0.43,
                      "Total Cost": 2.85,
                      "Plan Rows": 45,
                      "Plan Width": 4,
                      "Actual Startup Time": 0.017,
                      "Actual Total Time": 0.023,
                      "Actual Rows": 16,
                      "Actual Loops": 245,
                      "Index Cond": "(movie_id = t.id)",
                      "Rows Removed by Index Recheck": 0,
                      "Heap Fetches": 3966
                    }
                  ]
                }
              ]
            }
          ]
        }
      ]
    },
    "Planning Time": 1.552,
    "Triggers": [],
    "Execution Time": 30.069
  }
]