{
  "Plan": {
    "Node Type": "Aggregate",
    "Strategy": "Plain",
    "Partial Mode": "Finalize",
    "Parallel Aware": false,
    "Startup Cost": 204150.71,
    "Total Cost": 204150.72,
    "Plan Rows": 1,
    "Plan Width": 8,
    "Actual Startup Time": 177.423,
    "Actual Total Time": 193.77,
    "Actual Rows": 1,
    "Actual Loops": 1,
    "Plans": [
      {
        "Node Type": "Gather",
        "Parent Relationship": "Outer",
        "Parallel Aware": false,
        "Startup Cost": 204150.6,
        "Total Cost": 204150.71,
        "Plan Rows": 1,
        "Plan Width": 8,
        "Actual Startup Time": 177.184,
        "Actual Total Time": 193.763,
        "Actual Rows": 2,
        "Actual Loops": 1,
        "Workers Planned": 1,
        "Workers Launched": 1,
        "Single Copy": false,
        "Plans": [
          {
            "Node Type": "Aggregate",
            "Strategy": "Plain",
            "Partial Mode": "Partial",
            "Parent Relationship": "Outer",
            "Parallel Aware": false,
            "Startup Cost": 203150.6,
            "Total Cost": 203150.61,
            "Plan Rows": 1,
            "Plan Width": 8,
            "Actual Startup Time": 170.637,
            "Actual Total Time": 170.639,
            "Actual Rows": 1,
            "Actual Loops": 2,
            "Plans": [
              {
                "Node Type": "Nested Loop",
                "Parent Relationship": "Outer",
                "Parallel Aware": false,
                "Join Type": "Inner",
                "Startup Cost": 0.43,
                "Total Cost": 203142.58,
                "Plan Rows": 3206,
                "Plan Width": 0,
                "Actual Startup Time": 102.425,
                "Actual Total Time": 170.431,
                "Actual Rows": 2100,
                "Actual Loops": 2,
                "Inner Unique": false,
                "Plans": [
                  {
                    "Node Type": "Seq Scan",
                    "Parent Relationship": "Outer",
                    "Parallel Aware": true,
                    "Relation Name": "title",
                    "Alias": "t",
                    "Startup Cost": 0.0,
                    "Total Cost": 54588.39,
                    "Plan Rows": 1065,
                    "Plan Width": 4,
                    "Actual Startup Time": 102.285,
                    "Actual Total Time": 149.297,
                    "Actual Rows": 874,
                    "Actual Loops": 2,
                    "Filter": "(production_year = 1901)",
                    "Rows Removed by Filter": 1263282
                  },
                  {
                    "Node Type": "Index Scan",
                    "Parent Relationship": "Inner",
                    "Parallel Aware": false,
                    "Scan Direction": "Forward",
                    "Index Name": "movie_id_movie_info",
                    "Relation Name": "movie_info",
                    "Alias": "mi",
                    "Startup Cost": 0.43,
                    "Total Cost": 139.27,
                    "Plan Rows": 22,
                    "Plan Width": 4,
                    "Actual Startup Time": 0.014,
                    "Actual Total Time": 0.024,
                    "Actual Rows": 2,
                    "Actual Loops": 1747,
                    "Index Cond": "(movie_id = t.id)",
                    "Rows Removed by Index Recheck": 0,
                    "Filter": "(info_type_id > 7)",
                    "Rows Removed by Filter": 6
                  }
                ]
              }
            ]
          }
        ]
      }
    ]
  },
  "Planning Time": 1.484,
  "Triggers": [],
  "Execution Time": 193.964
}