[
  {
    "Plan": {
      "Node Type": "Aggregate",
      "Strategy": "Plain",
      "Partial Mode": "Finalize",
      "Parallel Aware": false,
      "Startup Cost": 90049.2,
      "Total Cost": 90049.21,
      "Plan Rows": 1,
      "Plan Width": 8,
      "Actual Startup Time": 403.696,
      "Actual Total Time": 422.373,
      "Actual Rows": 1,
      "Actual Loops": 1,
      "Plans": [
        {
          "Node Type": "Gather",
          "Parent Relationship": "Outer",
          "Parallel Aware": false,
          "Startup Cost": 90048.78,
          "Total Cost": 90049.19,
          "Plan Rows": 4,
          "Plan Width": 8,
          "Actual Startup Time": 403.097,
          "Actual Total Time": 422.366,
          "Actual Rows": 5,
          "Actual Loops": 1,
          "Workers Planned": 4,
          "Workers Launched": 4,
          "Single Copy": false,
          "Plans": [
            {
              "Node Type": "Aggregate",
              "Strategy": "Plain",
              "Partial Mode": "Partial",
              "Parent Relationship": "Outer",
              "Parallel Aware": false,
              "Startup Cost": 89048.78,
              "Total Cost": 89048.79,
              "Plan Rows": 1,
              "Plan Width": 8,
              "Actual Startup Time": 396.062,
              "Actual Total Time": 396.065,
              "Actual Rows": 1,
              "Actual Loops": 5,
              "Plans": [
                {
                  "Node Type": "Nested Loop",
                  "Parent Relationship": "Outer",
                  "Parallel Aware": false,
                  "Join Type": "Inner",
                  "Startup Cost": 24688.86,
                  "Total Cost": 89002.6,
                  "Plan Rows": 18472,
                  "Plan Width": 0,
                  "Actual Startup Time": 122.473,
                  "Actual Total Time": 381.668,
                  "Actual Rows": 341348,
                  "Actual Loops": 5,
                  "Inner Unique": false,
                  "Plans": [
                    {
                      "Node Type": "Hash Join",
                      "Parent Relationship": "Outer",
                      "Parallel Aware": true,
                      "Join Type": "Inner",
                      "Startup Cost": 24688.43,
                      "Total Cost": 69859.93,
                      "Plan Rows": 10324,
                      "Plan Width": 8,
                      "Actual Startup Time": 120.877,
                      "Actual Total Time": 191.262,
                      "Actual Rows": 40386,
                      "Actual Loops": 5,
                      "Inner Unique": false,
                      "Hash Cond": "(t.id = mc.movie_id)",
                      "Plans": [
                        {
                          "Node Type": "Seq Scan",
                          "Parent Relationship": "Outer",
                          "Parallel Aware": true,
                          "Relation Name": "title",
                          "Alias": "t",
                          "Startup Cost": 0.0,
                          "Total Cost": 43898.92,
                          "Plan Rows": 247857,
                          "Plan Width": 4,
                          "Actual Startup Time": 0.023,
                          "Actual Total Time": 71.311,
                          "Actual Rows": 197010,
                          "Actual Loops": 5,
                          "Filter": "(kind_id < 7)",
                          "Rows Removed by Filter": 308653
                        },
                        {
                          "Node Type": "Hash",
                          "Parent Relationship": "Inner",
                          "Parallel Aware": true,
                          "Startup Cost": 24263.82,
                          "Total Cost": 24263.82,
                          "Plan Rows": 33969,
                          "Plan Width": 4,
                          "Actual Startup Time": 67.045,
                          "Actual Total Time": 67.047,
                          "Actual Rows": 40386,
                          "Actual Loops": 5,
                          "Hash Buckets": 262144,
                          "Original Hash Buckets": 131072,
                          "Hash Batches": 1,
                          "Original Hash Batches": 1,
                          "Peak Memory Usage": 11040,
                          "Plans": [
                            {
                              "Node Type": "Bitmap Heap Scan",
                              "Parent Relationship": "Outer",
                              "Parallel Aware": true,
                              "Relation Name": "movie_companies",
                              "Alias": "mc",
                              "Startup Cost": 4470.26,
                              "Total Cost": 24263.82,
                              "Plan Rows": 33969,
                              "Plan Width": 4,
                              "Actual Startup Time": 20.089,
                              "Actual Total Time": 44.808,
                              "Actual Rows": 40386,
                              "Actual Loops": 5,
                              "Recheck Cond": "(company_id > 112846)",
                              "Rows Removed by Index Recheck": 0,
                              "Filter": "(company_type_id = 2)",
                              "Rows Removed by Filter": 0,
                              "Exact Heap Blocks": 1888,
                              "Lossy Heap Blocks": 0,
                              "Plans": [
                                {
                                  "Node Type": "Bitmap Index Scan",
                                  "Parent Relationship": "Outer",
                                  "Parallel Aware": false,
                                  "Index Name": "company_id_movie_companies",
                                  "Startup Cost": 0.0,
                                  "Total Cost": 4443.94,
                                  "Plan Rows": 207401,
                                  "Plan Width": 0,
                                  "Actual Startup Time": 20.234,
                                  "Actual Total Time": 20.234,
                                  "Actual Rows": 201929,
                                  "Actual Loops": 1,
                                  "Index Cond": "(company_id > 112846)"
                                }
                              ]
                            }
                          ]
                        }
                      ]
                    },
                    {
                      "Node Type": "Index Only Scan",
                      "Parent Relationship": "Inner",
                      "Parallel Aware": false,
                      "Scan Direction": "Forward",
                      "Index Name": "movie_id_movie_keyword",
                      "Relation Name": "movie_keyword",
                      "Alias": "mk",
                      "Startup Cost": 0.43,
                      "Total Cost": 1.4,
                      "Plan Rows": 45,
                      "Plan Width": 4,
                      "Actual Startup Time": 0.003,
                      "Actual Total Time": 0.004,
                      "Actual Rows": 8,
                      "Actual Loops": 201929,
                      "Index Cond": "(movie_id = t.id)",
                      "Rows Removed by Index Recheck": 0,
                      "Heap Fetches": 1706741
                    }
                  ]
                }
              ]
            }
          ]
        }
      ]
    },
    "Planning Time": 1.535,
    "Triggers": [],
    "Execution Time": 422.488
  }
]