[
    {
        "Bao": {
            "Bao prediction": "NaN",
            "Bao recommended hint": "(no hint)"
        }
    },
    {
        "Plan": {
            "Node Type": "Aggregate",
            "Strategy": "Plain",
            "Partial Mode": "Finalize",
            "Parallel Aware": false,
            "Startup Cost": 29198.82,
            "Total Cost": 29198.83,
            "Plan Rows": 1,
            "Plan Width": 8,
            "Actual Startup Time": 57.828,
            "Actual Total Time": 63.256,
            "Actual Rows": 1,
            "Actual Loops": 1,
            "Output": [
                "count(*)"
            ],
            "Plans": [
                {
                    "Node Type": "Gather",
                    "Parent Relationship": "Outer",
                    "Parallel Aware": false,
                    "Startup Cost": 29198.5,
                    "Total Cost": 29198.81,
                    "Plan Rows": 3,
                    "Plan Width": 8,
                    "Actual Startup Time": 57.58,
                    "Actual Total Time": 63.247,
                    "Actual Rows": 4,
                    "Actual Loops": 1,
                    "Output": [
                        "(PARTIAL count(*))"
                    ],
                    "Workers Planned": 3,
                    "Workers Launched": 3,
                    "Single Copy": false,
                    "Plans": [
                        {
                            "Node Type": "Aggregate",
                            "Strategy": "Plain",
                            "Partial Mode": "Partial",
                            "Parent Relationship": "Outer",
                            "Parallel Aware": false,
                            "Startup Cost": 28198.5,
                            "Total Cost": 28198.51,
                            "Plan Rows": 1,
                            "Plan Width": 8,
                            "Actual Startup Time": 48.887,
                            "Actual Total Time": 48.888,
                            "Actual Rows": 1,
                            "Actual Loops": 4,
                            "Output": [
                                "PARTIAL count(*)"
                            ],
                            "Workers": [
                                {
                                    "Worker Number": 0,
                                    "Actual Startup Time": 45.89,
                                    "Actual Total Time": 45.891,
                                    "Actual Rows": 1,
                                    "Actual Loops": 1
                                },
                                {
                                    "Worker Number": 1,
                                    "Actual Startup Time": 46.17,
                                    "Actual Total Time": 46.171,
                                    "Actual Rows": 1,
                                    "Actual Loops": 1
                                },
                                {
                                    "Worker Number": 2,
                                    "Actual Startup Time": 46.166,
                                    "Actual Total Time": 46.167,
                                    "Actual Rows": 1,
                                    "Actual Loops": 1
                                }
                            ],
                            "Plans": [
                                {
                                    "Node Type": "Bitmap Heap Scan",
                                    "Parent Relationship": "Outer",
                                    "Parallel Aware": true,
                                    "Relation Name": "movie_keyword",
                                    "Schema": "public",
                                    "Alias": "mk",
                                    "Startup Cost": 3049.53,
                                    "Total Cost": 28082.67,
                                    "Plan Rows": 46331,
                                    "Plan Width": 0,
                                    "Actual Startup Time": 4.412,
                                    "Actual Total Time": 46.719,
                                    "Actual Rows": 34112,
                                    "Actual Loops": 4,
                                    "Recheck Cond": "(mk.keyword_id > 75418)",
                                    "Rows Removed by Index Recheck": 0,
                                    "Exact Heap Blocks": 10585,
                                    "Lossy Heap Blocks": 0,
                                    "Workers": [
                                        {
                                            "Worker Number": 0,
                                            "Actual Startup Time": 1.543,
                                            "Actual Total Time": 44.077,
                                            "Actual Rows": 19573,
                                            "Actual Loops": 1
                                        },
                                        {
                                            "Worker Number": 1,
                                            "Actual Startup Time": 1.838,
                                            "Actual Total Time": 44.264,
                                            "Actual Rows": 20665,
                                            "Actual Loops": 1
                                        },
                                        {
                                            "Worker Number": 2,
                                            "Actual Startup Time": 1.673,
                                            "Actual Total Time": 44.284,
                                            "Actual Rows": 20528,
                                            "Actual Loops": 1
                                        }
                                    ],
                                    "Plans": [
                                        {
                                            "Node Type": "Bitmap Index Scan",
                                            "Parent Relationship": "Outer",
                                            "Parallel Aware": false,
                                            "Index Name": "keyword_id_movie_keyword",
                                            "Startup Cost": 0.0,
                                            "Total Cost": 3013.63,
                                            "Plan Rows": 143626,
                                            "Plan Width": 0,
                                            "Actual Startup Time": 9.648,
                                            "Actual Total Time": 9.648,
                                            "Actual Rows": 136447,
                                            "Actual Loops": 1,
                                            "Index Cond": "(mk.keyword_id > 75418)"
                                        }
                                    ]
                                }
                            ]
                        }
                    ]
                }
            ]
        },
        "Planning Time": 183.798,
        "Triggers": [],
        "Execution Time": 63.31
    }
]