[
  {
    "Plan": {
      "Node Type": "Aggregate",
      "Strategy": "Plain",
      "Partial Mode": "Finalize",
      "Parallel Aware": false,
      "Startup Cost": 30701.68,
      "Total Cost": 30701.69,
      "Plan Rows": 1,
      "Plan Width": 8,
      "Actual Startup Time": 75.355,
      "Actual Total Time": 82.904,
      "Actual Rows": 1,
      "Actual Loops": 1,
      "Plans": [
        {
          "Node Type": "Gather",
          "Parent Relationship": "Outer",
          "Parallel Aware": false,
          "Startup Cost": 30701.37,
          "Total Cost": 30701.68,
          "Plan Rows": 3,
          "Plan Width": 8,
          "Actual Startup Time": 75.25,
          "Actual Total Time": 82.896,
          "Actual Rows": 4,
          "Actual Loops": 1,
          "Workers Planned": 3,
          "Workers Launched": 3,
          "Single Copy": false,
          "Plans": [
            {
              "Node Type": "Aggregate",
              "Strategy": "Plain",
              "Partial Mode": "Partial",
              "Parent Relationship": "Outer",
              "Parallel Aware": false,
              "Startup Cost": 29701.37,
              "Total Cost": 29701.38,
              "Plan Rows": 1,
              "Plan Width": 8,
              "Actual Startup Time": 71.628,
              "Actual Total Time": 71.63,
              "Actual Rows": 1,
              "Actual Loops": 4,
              "Plans": [
                {
                  "Node Type": "Seq Scan",
                  "Parent Relationship": "Outer",
                  "Parallel Aware": true,
                  "Relation Name": "movie_companies",
                  "Alias": "mc",
                  "Startup Cost": 0.0,
                  "Total Cost": 29310.68,
                  "Plan Rows": 156274,
                  "Plan Width": 0,
                  "Actual Startup Time": 0.014,
                  "Actual Total Time": 65.445,
                  "Actual Rows": 119165,
                  "Actual Loops": 4,
                  "Filter": "(company_id < 423)",
                  "Rows Removed by Filter": 533117
                }
              ]
            }
          ]
        }
      ]
    },
    "Planning Time": 0.156,
    "Triggers": [],
    "Execution Time": 82.951
  }
]