[
  {
    "Plan": {
      "Node Type": "Aggregate",
      "Strategy": "Plain",
      "Partial Mode": "Finalize",
      "Parallel Aware": false,
      "Startup Cost": 30698.52,
      "Total Cost": 30698.53,
      "Plan Rows": 1,
      "Plan Width": 8,
      "Actual Startup Time": 83.936,
      "Actual Total Time": 91.697,
      "Actual Rows": 1,
      "Actual Loops": 1,
      "Plans": [
        {
          "Node Type": "Gather",
          "Parent Relationship": "Outer",
          "Parallel Aware": false,
          "Startup Cost": 30698.21,
          "Total Cost": 30698.52,
          "Plan Rows": 3,
          "Plan Width": 8,
          "Actual Startup Time": 83.797,
          "Actual Total Time": 91.688,
          "Actual Rows": 4,
          "Actual Loops": 1,
          "Workers Planned": 3,
          "Workers Launched": 3,
          "Single Copy": false,
          "Plans": [
            {
              "Node Type": "Aggregate",
              "Strategy": "Plain",
              "Partial Mode": "Partial",
              "Parent Relationship": "Outer",
              "Parallel Aware": false,
              "Startup Cost": 29698.21,
              "Total Cost": 29698.22,
              "Plan Rows": 1,
              "Plan Width": 8,
              "Actual Startup Time": 77.862,
              "Actual Total Time": 77.863,
              "Actual Rows": 1,
              "Actual Loops": 4,
              "Plans": [
                {
                  "Node Type": "Seq Scan",
                  "Parent Relationship": "Outer",
                  "Parallel Aware": true,
                  "Relation Name": "movie_companies",
                  "Alias": "mc",
                  "Startup Cost": 0.0,
                  "Total Cost": 29310.68,
                  "Plan Rows": 155010,
                  "Plan Width": 0,
                  "Actual Startup Time": 0.04,
                  "Actual Total Time": 70.313,
                  "Actual Rows": 119165,
                  "Actual Loops": 4,
                  "Filter": "(company_id < 423)",
                  "Rows Removed by Filter": 533117
                }
              ]
            }
          ]
        }
      ]
    },
    "Planning Time": 0.121,
    "Triggers": [],
    "Execution Time": 91.732
  }
]