[
  {
    "Plan": {
      "Node Type": "Aggregate",
      "Strategy": "Plain",
      "Partial Mode": "Finalize",
      "Parallel Aware": false,
      "Startup Cost": 83964.16,
      "Total Cost": 83964.17,
      "Plan Rows": 1,
      "Plan Width": 8,
      "Actual Startup Time": 433.395,
      "Actual Total Time": 448.474,
      "Actual Rows": 1,
      "Actual Loops": 1,
      "Plans": [
        {
          "Node Type": "Gather",
          "Parent Relationship": "Outer",
          "Parallel Aware": false,
          "Startup Cost": 83963.74,
          "Total Cost": 83964.15,
          "Plan Rows": 4,
          "Plan Width": 8,
          "Actual Startup Time": 427.211,
          "Actual Total Time": 448.463,
          "Actual Rows": 5,
          "Actual Loops": 1,
          "Workers Planned": 4,
          "Workers Launched": 4,
          "Single Copy": false,
          "Plans": [
            {
              "Node Type": "Aggregate",
              "Strategy": "Plain",
              "Partial Mode": "Partial",
              "Parent Relationship": "Outer",
              "Parallel Aware": false,
              "Startup Cost": 82963.74,
              "Total Cost": 82963.75,
              "Plan Rows": 1,
              "Plan Width": 8,
              "Actual Startup Time": 414.123,
              "Actual Total Time": 414.126,
              "Actual Rows": 1,
              "Actual Loops": 5,
              "Plans": [
                {
                  "Node Type": "Hash Join",
                  "Parent Relationship": "Outer",
                  "Parallel Aware": true,
                  "Join Type": "Inner",
                  "Startup Cost": 35894.39,
                  "Total Cost": 82269.4,
                  "Plan Rows": 277734,
                  "Plan Width": 0,
                  "Actual Startup Time": 169.056,
                  "Actual Total Time": 403.592,
                  "Actual Rows": 247236,
                  "Actual Loops": 5,
                  "Inner Unique": false,
                  "Hash Cond": "(t.id = mc.movie_id)",
                  "Plans": [
                    {
                      "Node Type": "Seq Scan",
                      "Parent Relationship": "Outer",
                      "Parallel Aware": true,
                      "Relation Name": "title",
                      "Alias": "t",
                      "Startup Cost": 0.0,
                      "Total Cost": 42318.73,
                      "Plan Rows": 632073,
                      "Plan Width": 4,
                      "Actual Startup Time": 0.014,
                      "Actual Total Time": 64.624,
                      "Actual Rows": 505662,
                      "Actual Loops": 5
                    },
                    {
                      "Node Type": "Hash",
                      "Parent Relationship": "Inner",
                      "Parallel Aware": true,
                      "Startup Cost": 31414.82,
                      "Total Cost": 31414.82,
                      "Plan Rows": 358366,
                      "Plan Width": 4,
                      "Actual Startup Time": 162.576,
                      "Actual Total Time": 162.577,
                      "Actual Rows": 247236,
                      "Actual Loops": 5,
                      "Hash Buckets": 2097152,
                      "Original Hash Buckets": 2097152,
                      "Hash Batches": 1,
                      "Original Hash Batches": 1,
                      "Peak Memory Usage": 64800,
                      "Plans": [
                        {
                          "Node Type": "Seq Scan",
                          "Parent Relationship": "Outer",
                          "Parallel Aware": true,
                          "Relation Name": "movie_companies",
                          "Alias": "mc",
                          "Startup Cost": 0.0,
                          "Total Cost": 31414.82,
                          "Plan Rows": 358366,
                          "Plan Width": 4,
                          "Actual Startup Time": 45.659,
                          "Actual Total Time": 80.717,
                          "Actual Rows": 247236,
                          "Actual Loops": 5,
                          "Filter": "((company_id > 292) AND (company_type_id = 2))",
                          "Rows Removed by Filter": 274590
                        }
                      ]
                    }
                  ]
                }
              ]
            }
          ]
        }
      ]
    },
    "Planning Time": 0.655,
    "Triggers": [],
    "Execution Time": 448.57
  }
]