[
  {
    "Plan": {
      "Node Type": "Aggregate",
      "Strategy": "Plain",
      "Partial Mode": "Finalize",
      "Parallel Aware": false,
      "Startup Cost": 86604.21,
      "Total Cost": 86604.22,
      "Plan Rows": 1,
      "Plan Width": 8,
      "Actual Startup Time": 218.602,
      "Actual Total Time": 236.394,
      "Actual Rows": 1,
      "Actual Loops": 1,
      "Plans": [
        {
          "Node Type": "Gather",
          "Parent Relationship": "Outer",
          "Parallel Aware": false,
          "Startup Cost": 86603.9,
          "Total Cost": 86604.21,
          "Plan Rows": 3,
          "Plan Width": 8,
          "Actual Startup Time": 217.958,
          "Actual Total Time": 236.384,
          "Actual Rows": 4,
          "Actual Loops": 1,
          "Workers Planned": 3,
          "Workers Launched": 3,
          "Single Copy": false,
          "Plans": [
            {
              "Node Type": "Aggregate",
              "Strategy": "Plain",
              "Partial Mode": "Partial",
              "Parent Relationship": "Outer",
              "Parallel Aware": false,
              "Startup Cost": 85603.9,
              "Total Cost": 85603.91,
              "Plan Rows": 1,
              "Plan Width": 8,
              "Actual Startup Time": 212.412,
              "Actual Total Time": 212.419,
              "Actual Rows": 1,
              "Actual Loops": 4,
              "Plans": [
                {
                  "Node Type": "Hash Join",
                  "Parent Relationship": "Outer",
                  "Parallel Aware": true,
                  "Join Type": "Inner",
                  "Startup Cost": 58234.19,
                  "Total Cost": 85597.51,
                  "Plan Rows": 2554,
                  "Plan Width": 0,
                  "Actual Startup Time": 130.564,
                  "Actual Total Time": 211.994,
                  "Actual Rows": 5018,
                  "Actual Loops": 4,
                  "Inner Unique": true,
                  "Hash Cond": "(mk.movie_id = t.id)",
                  "Plans": [
                    {
                      "Node Type": "Bitmap Heap Scan",
                      "Parent Relationship": "Outer",
                      "Parallel Aware": true,
                      "Relation Name": "movie_keyword",
                      "Alias": "mk",
                      "Startup Cost": 12649.68,
                      "Total Cost": 39508.08,
                      "Plan Rows": 192352,
                      "Plan Width": 4,
                      "Actual Startup Time": 32.037,
                      "Actual Total Time": 94.113,
                      "Actual Rows": 151686,
                      "Actual Loops": 4,
                      "Recheck Cond": "(keyword_id < 460)",
                      "Rows Removed by Index Recheck": 0,
                      "Exact Heap Blocks": 9342,
                      "Lossy Heap Blocks": 0,
                      "Plans": [
                        {
                          "Node Type": "Bitmap Index Scan",
                          "Parent Relationship": "Outer",
                          "Parallel Aware": false,
                          "Index Name": "keyword_id_movie_keyword",
                          "Startup Cost": 0.0,
                          "Total Cost": 12500.61,
                          "Plan Rows": 596290,
                          "Plan Width": 0,
                          "Actual Startup Time": 28.491,
                          "Actual Total Time": 28.492,
                          "Actual Rows": 606746,
                          "Actual Loops": 1,
                          "Index Cond": "(keyword_id < 460)"
                        }
                      ]
                    },
                    {
                      "Node Type": "Hash",
                      "Parent Relationship": "Inner",
                      "Parallel Aware": true,
                      "Startup Cost": 45479.59,
                      "Total Cost": 45479.59,
                      "Plan Rows": 8394,
                      "Plan Width": 4,
                      "Actual Startup Time": 97.269,
                      "Actual Total Time": 97.27,
                      "Actual Rows": 7028,
                      "Actual Loops": 4,
                      "Hash Buckets": 65536,
                      "Original Hash Buckets": 65536,
                      "Hash Batches": 1,
                      "Original Hash Batches": 1,
                      "Peak Memory Usage": 1632,
                      "Plans": [
                        {
                          "Node Type": "Seq Scan",
                          "Parent Relationship": "Outer",
                          "Parallel Aware": true,
                          "Relation Name": "title",
                          "Alias": "t",
                          "Startup Cost": 0.0,
                          "Total Cost": 45479.59,
                          "Plan Rows": 8394,
                          "Plan Width": 4,
                          "Actual Startup Time": 0.222,
                          "Actual Total Time": 94.324,
                          "Actual Rows": 7028,
                          "Actual Loops": 4,
                          "Filter": "((kind_id < 7) AND (production_year = 2004))",
                          "Rows Removed by Filter": 625050
                        }
                      ]
                    }
                  ]
                }
              ]
            }
          ]
        }
      ]
    },
    "Planning Time": 0.593,
    "Triggers": [],
    "Execution Time": 236.48
  }
]