[
  {
    "Plan": {
      "Node Type": "Aggregate",
      "Strategy": "Plain",
      "Partial Mode": "Finalize",
      "Parallel Aware": false,
      "Startup Cost": 343330.33,
      "Total Cost": 343330.34,
      "Plan Rows": 1,
      "Plan Width": 8,
      "Actual Startup Time": 989.155,
      "Actual Total Time": 1052.132,
      "Actual Rows": 1,
      "Actual Loops": 1,
      "Plans": [
        {
          "Node Type": "Gather",
          "Parent Relationship": "Outer",
          "Parallel Aware": false,
          "Startup Cost": 343329.7,
          "Total Cost": 343330.31,
          "Plan Rows": 6,
          "Plan Width": 8,
          "Actual Startup Time": 988.986,
          "Actual Total Time": 1052.115,
          "Actual Rows": 7,
          "Actual Loops": 1,
          "Workers Planned": 6,
          "Workers Launched": 6,
          "Single Copy": false,
          "Plans": [
            {
              "Node Type": "Aggregate",
              "Strategy": "Plain",
              "Partial Mode": "Partial",
              "Parent Relationship": "Outer",
              "Parallel Aware": false,
              "Startup Cost": 342329.7,
              "Total Cost": 342329.71,
              "Plan Rows": 1,
              "Plan Width": 8,
              "Actual Startup Time": 978.223,
              "Actual Total Time": 978.225,
              "Actual Rows": 1,
              "Actual Loops": 7,
              "Plans": [
                {
                  "Node Type": "Seq Scan",
                  "Parent Relationship": "Outer",
                  "Parallel Aware": true,
                  "Relation Name": "cast_info",
                  "Alias": "ci",
                  "Startup Cost": 0.0,
                  "Total Cost": 328211.39,
                  "Plan Rows": 5647324,
                  "Plan Width": 0,
                  "Actual Startup Time": 43.74,
                  "Actual Total Time": 729.11,
                  "Actual Rows": 4829395,
                  "Actual Loops": 7,
                  "Filter": "(person_id > 236980)",
                  "Rows Removed by Filter": 348368
                }
              ]
            }
          ]
        }
      ]
    },
    "Planning Time": 0.208,
    "Triggers": [],
    "Execution Time": 1052.21
  }
]