[
  {
    "Plan": {
      "Node Type": "Aggregate",
      "Strategy": "Plain",
      "Partial Mode": "Finalize",
      "Parallel Aware": false,
      "Startup Cost": 49003.75,
      "Total Cost": 49003.76,
      "Plan Rows": 1,
      "Plan Width": 8,
      "Actual Startup Time": 87.496,
      "Actual Total Time": 94.132,
      "Actual Rows": 1,
      "Actual Loops": 1,
      "Plans": [
        {
          "Node Type": "Gather",
          "Parent Relationship": "Outer",
          "Parallel Aware": false,
          "Startup Cost": 49003.33,
          "Total Cost": 49003.74,
          "Plan Rows": 4,
          "Plan Width": 8,
          "Actual Startup Time": 87.357,
          "Actual Total Time": 94.125,
          "Actual Rows": 5,
          "Actual Loops": 1,
          "Workers Planned": 4,
          "Workers Launched": 4,
          "Single Copy": false,
          "Plans": [
            {
              "Node Type": "Aggregate",
              "Strategy": "Plain",
              "Partial Mode": "Partial",
              "Parent Relationship": "Outer",
              "Parallel Aware": false,
              "Startup Cost": 48003.33,
              "Total Cost": 48003.34,
              "Plan Rows": 1,
              "Plan Width": 8,
              "Actual Startup Time": 81.15,
              "Actual Total Time": 81.151,
              "Actual Rows": 1,
              "Actual Loops": 5,
              "Plans": [
                {
                  "Node Type": "Index Scan",
                  "Parent Relationship": "Outer",
                  "Parallel Aware": true,
                  "Scan Direction": "Forward",
                  "Index Name": "role_id_cast_info",
                  "Relation Name": "cast_info",
                  "Alias": "ci",
                  "Startup Cost": 0.56,
                  "Total Cost": 47835.41,
                  "Plan Rows": 67168,
                  "Plan Width": 0,
                  "Actual Startup Time": 0.117,
                  "Actual Total Time": 77.698,
                  "Actual Rows": 54132,
                  "Actual Loops": 5,
                  "Index Cond": "(role_id = 8)",
                  "Rows Removed by Index Recheck": 0,
                  "Filter": "(person_id < 563566)",
                  "Rows Removed by Filter": 286576
                }
              ]
            }
          ]
        }
      ]
    },
    "Planning Time": 0.194,
    "Triggers": [],
    "Execution Time": 94.187
  }
]