{
  "Plan": {
    "Node Type": "Aggregate",
    "Strategy": "Plain",
    "Partial Mode": "Finalize",
    "Parallel Aware": false,
    "Startup Cost": 113739.84,
    "Total Cost": 113739.85,
    "Plan Rows": 1,
    "Plan Width": 8,
    "Actual Startup Time": 710.515,
    "Actual Total Time": 726.497,
    "Actual Rows": 1,
    "Actual Loops": 1,
    "Plans": [
      {
        "Node Type": "Gather",
        "Parent Relationship": "Outer",
        "Parallel Aware": false,
        "Startup Cost": 113739.73,
        "Total Cost": 113739.84,
        "Plan Rows": 1,
        "Plan Width": 8,
        "Actual Startup Time": 707.596,
        "Actual Total Time": 726.489,
        "Actual Rows": 2,
        "Actual Loops": 1,
        "Workers Planned": 1,
        "Workers Launched": 1,
        "Single Copy": false,
        "Plans": [
          {
            "Node Type": "Aggregate",
            "Strategy": "Plain",
            "Partial Mode": "Partial",
            "Parent Relationship": "Outer",
            "Parallel Aware": false,
            "Startup Cost": 112739.73,
            "Total Cost": 112739.74,
            "Plan Rows": 1,
            "Plan Width": 8,
            "Actual Startup Time": 699.704,
            "Actual Total Time": 699.708,
            "Actual Rows": 1,
            "Actual Loops": 2,
            "Plans": [
              {
                "Node Type": "Hash Join",
                "Parent Relationship": "Outer",
                "Parallel Aware": true,
                "Join Type": "Inner",
                "Startup Cost": 68258.63,
                "Total Cost": 111838.33,
                "Plan Rows": 360559,
                "Plan Width": 0,
                "Actual Startup Time": 473.107,
                "Actual Total Time": 691.005,
                "Actual Rows": 167956,
                "Actual Loops": 2,
                "Inner Unique": true,
                "Hash Cond": "(mc.movie_id = t.id)",
                "Plans": [
                  {
                    "Node Type": "Seq Scan",
                    "Parent Relationship": "Outer",
                    "Parallel Aware": true,
                    "Relation Name": "movie_companies",
                    "Alias": "mc",
                    "Startup Cost": 0.0,
                    "Total Cost": 41811.73,
                    "Plan Rows": 673515,
                    "Plan Width": 4,
                    "Actual Startup Time": 61.396,
                    "Actual Total Time": 139.034,
                    "Actual Rows": 489124,
                    "Actual Loops": 2,
                    "Filter": "((company_id < 87517) AND (company_type_id = 2))",
                    "Rows Removed by Filter": 815440
                  },
                  {
                    "Node Type": "Hash",
                    "Parent Relationship": "Inner",
                    "Parallel Aware": true,
                    "Startup Cost": 58306.47,
                    "Total Cost": 58306.47,
                    "Plan Rows": 796173,
                    "Plan Width": 4,
                    "Actual Startup Time": 397.127,
                    "Actual Total Time": 397.128,
                    "Actual Rows": 663890,
                    "Actual Loops": 2,
                    "Hash Buckets": 2097152,
                    "Original Hash Buckets": 2097152,
                    "Hash Batches": 1,
                    "Original Hash Batches": 1,
                    "Peak Memory Usage": 68352,
                    "Plans": [
                      {
                        "Node Type": "Seq Scan",
                        "Parent Relationship": "Outer",
                        "Parallel Aware": true,
                        "Relation Name": "title",
                        "Alias": "t",
                        "Startup Cost": 0.0,
                        "Total Cost": 58306.47,
                        "Plan Rows": 796173,
                        "Plan Width": 4,
                        "Actual Startup Time": 0.028,
                        "Actual Total Time": 190.655,
                        "Actual Rows": 663890,
                        "Actual Loops": 2,
                        "Filter": "((production_year < 2012) AND (kind_id = 7))",
                        "Rows Removed by Filter": 600266
                      }
                    ]
                  }
                ]
              }
            ]
          }
        ]
      }
    ]
  },
  "Planning Time": 0.657,
  "Triggers": [],
  "Execution Time": 726.563
}