[
  {
    "Plan": {
      "Node Type": "Aggregate",
      "Strategy": "Plain",
      "Partial Mode": "Finalize",
      "Parallel Aware": false,
      "Startup Cost": 46142.96,
      "Total Cost": 46142.97,
      "Plan Rows": 1,
      "Plan Width": 8,
      "Actual Startup Time": 158.872,
      "Actual Total Time": 168.873,
      "Actual Rows": 1,
      "Actual Loops": 1,
      "Plans": [
        {
          "Node Type": "Gather",
          "Parent Relationship": "Outer",
          "Parallel Aware": false,
          "Startup Cost": 46142.65,
          "Total Cost": 46142.96,
          "Plan Rows": 3,
          "Plan Width": 8,
          "Actual Startup Time": 158.732,
          "Actual Total Time": 168.865,
          "Actual Rows": 4,
          "Actual Loops": 1,
          "Workers Planned": 3,
          "Workers Launched": 3,
          "Single Copy": false,
          "Plans": [
            {
              "Node Type": "Aggregate",
              "Strategy": "Plain",
              "Partial Mode": "Partial",
              "Parent Relationship": "Outer",
              "Parallel Aware": false,
              "Startup Cost": 45142.65,
              "Total Cost": 45142.66,
              "Plan Rows": 1,
              "Plan Width": 8,
              "Actual Startup Time": 152.648,
              "Actual Total Time": 152.649,
              "Actual Rows": 1,
              "Actual Loops": 4,
              "Plans": [
                {
                  "Node Type": "Seq Scan",
                  "Parent Relationship": "Outer",
                  "Parallel Aware": true,
                  "Relation Name": "movie_keyword",
                  "Alias": "mk",
                  "Startup Cost": 0.0,
                  "Total Cost": 42695.65,
                  "Plan Rows": 978797,
                  "Plan Width": 0,
                  "Actual Startup Time": 0.049,
                  "Actual Total Time": 119.55,
                  "Actual Rows": 755857,
                  "Actual Loops": 4,
                  "Filter": "(keyword_id < 10833)",
                  "Rows Removed by Filter": 375126
                }
              ]
            }
          ]
        }
      ]
    },
    "Planning Time": 0.149,
    "Triggers": [],
    "Execution Time": 168.92
  }
]