[
  {
    "Plan": {
      "Node Type": "Aggregate",
      "Strategy": "Plain",
      "Partial Mode": "Finalize",
      "Parallel Aware": false,
      "Startup Cost": 45847.34,
      "Total Cost": 45847.35,
      "Plan Rows": 1,
      "Plan Width": 8,
      "Actual Startup Time": 160.32,
      "Actual Total Time": 171.046,
      "Actual Rows": 1,
      "Actual Loops": 1,
      "Plans": [
        {
          "Node Type": "Gather",
          "Parent Relationship": "Outer",
          "Parallel Aware": false,
          "Startup Cost": 45847.03,
          "Total Cost": 45847.34,
          "Plan Rows": 3,
          "Plan Width": 8,
          "Actual Startup Time": 160.189,
          "Actual Total Time": 171.033,
          "Actual Rows": 4,
          "Actual Loops": 1,
          "Workers Planned": 3,
          "Workers Launched": 3,
          "Single Copy": false,
          "Plans": [
            {
              "Node Type": "Aggregate",
              "Strategy": "Plain",
              "Partial Mode": "Partial",
              "Parent Relationship": "Outer",
              "Parallel Aware": false,
              "Startup Cost": 44847.03,
              "Total Cost": 44847.04,
              "Plan Rows": 1,
              "Plan Width": 8,
              "Actual Startup Time": 155.135,
              "Actual Total Time": 155.137,
              "Actual Rows": 1,
              "Actual Loops": 4,
              "Plans": [
                {
                  "Node Type": "Seq Scan",
                  "Parent Relationship": "Outer",
                  "Parallel Aware": true,
                  "Relation Name": "movie_keyword",
                  "Alias": "mk",
                  "Startup Cost": 0.0,
                  "Total Cost": 42695.65,
                  "Plan Rows": 860549,
                  "Plan Width": 0,
                  "Actual Startup Time": 0.181,
                  "Actual Total Time": 122.511,
                  "Actual Rows": 665714,
                  "Actual Loops": 4,
                  "Filter": "(keyword_id > 3116)",
                  "Rows Removed by Filter": 465269
                }
              ]
            }
          ]
        }
      ]
    },
    "Planning Time": 0.08,
    "Triggers": [],
    "Execution Time": 171.088
  }
]