[
  {
    "Plan": {
      "Node Type": "Aggregate",
      "Strategy": "Plain",
      "Partial Mode": "Finalize",
      "Parallel Aware": false,
      "Startup Cost": 127044.86,
      "Total Cost": 127044.87,
      "Plan Rows": 1,
      "Plan Width": 8,
      "Actual Startup Time": 490.277,
      "Actual Total Time": 513.599,
      "Actual Rows": 1,
      "Actual Loops": 1,
      "Plans": [
        {
          "Node Type": "Gather",
          "Parent Relationship": "Outer",
          "Parallel Aware": false,
          "Startup Cost": 127044.55,
          "Total Cost": 127044.86,
          "Plan Rows": 3,
          "Plan Width": 8,
          "Actual Startup Time": 487.373,
          "Actual Total Time": 513.589,
          "Actual Rows": 4,
          "Actual Loops": 1,
          "Workers Planned": 3,
          "Workers Launched": 3,
          "Single Copy": false,
          "Plans": [
            {
              "Node Type": "Aggregate",
              "Strategy": "Plain",
              "Partial Mode": "Partial",
              "Parent Relationship": "Outer",
              "Parallel Aware": false,
              "Startup Cost": 126044.55,
              "Total Cost": 126044.56,
              "Plan Rows": 1,
              "Plan Width": 8,
              "Actual Startup Time": 475.418,
              "Actual Total Time": 475.424,
              "Actual Rows": 1,
              "Actual Loops": 4,
              "Plans": [
                {
                  "Node Type": "Hash Join",
                  "Parent Relationship": "Outer",
                  "Parallel Aware": true,
                  "Join Type": "Inner",
                  "Startup Cost": 80405.22,
                  "Total Cost": 125890.52,
                  "Plan Rows": 61609,
                  "Plan Width": 0,
                  "Actual Startup Time": 322.378,
                  "Actual Total Time": 474.64,
                  "Actual Rows": 16997,
                  "Actual Loops": 4,
                  "Inner Unique": false,
                  "Hash Cond": "(mk.movie_id = t.id)",
                  "Plans": [
                    {
                      "Node Type": "Seq Scan",
                      "Parent Relationship": "Outer",
                      "Parallel Aware": true,
                      "Relation Name": "movie_keyword",
                      "Alias": "mk",
                      "Startup Cost": 0.0,
                      "Total Cost": 42695.65,
                      "Plan Rows": 690908,
                      "Plan Width": 4,
                      "Actual Startup Time": 0.492,
                      "Actual Total Time": 110.12,
                      "Actual Rows": 535420,
                      "Actual Loops": 4,
                      "Filter": "(keyword_id > 5460)",
                      "Rows Removed by Filter": 595562
                    },
                    {
                      "Node Type": "Hash",
                      "Parent Relationship": "Inner",
                      "Parallel Aware": true,
                      "Startup Cost": 79496.15,
                      "Total Cost": 79496.15,
                      "Plan Rows": 72726,
                      "Plan Width": 8,
                      "Actual Startup Time": 319.225,
                      "Actual Total Time": 319.229,
                      "Actual Rows": 18708,
                      "Actual Loops": 4,
                      "Hash Buckets": 262144,
                      "Original Hash Buckets": 262144,
                      "Hash Batches": 1,
                      "Original Hash Batches": 1,
                      "Peak Memory Usage": 5056,
                      "Plans": [
                        {
                          "Node Type": "Hash Join",
                          "Parent Relationship": "Outer",
                          "Parallel Aware": true,
                          "Join Type": "Inner",
                          "Startup Cost": 47209.82,
                          "Total Cost": 79496.15,
                          "Plan Rows": 72726,
                          "Plan Width": 8,
                          "Actual Startup Time": 218.486,
                          "Actual Total Time": 311.152,
                          "Actual Rows": 18708,
                          "Actual Loops": 4,
                          "Inner Unique": true,
                          "Hash Cond": "(mc.movie_id = t.id)",
                          "Plans": [
                            {
                              "Node Type": "Seq Scan",
                              "Parent Relationship": "Outer",
                              "Parallel Aware": true,
                              "Relation Name": "movie_companies",
                              "Alias": "mc",
                              "Startup Cost": 0.0,
                              "Total Cost": 31414.82,
                              "Plan Rows": 332003,
                              "Plan Width": 4,
                              "Actual Startup Time": 35.728,
                              "Actual Total Time": 78.637,
                              "Actual Rows": 185363,
                              "Actual Loops": 4,
                              "Filter": "((company_id < 69026) AND (company_type_id = 2))",
                              "Rows Removed by Filter": 466920
                            },
                            {
                              "Node Type": "Hash",
                              "Parent Relationship": "Inner",
                              "Parallel Aware": true,
                              "Startup Cost": 45479.1,
                              "Total Cost": 45479.1,
                              "Plan Rows": 138458,
                              "Plan Width": 4,
                              "Actual Startup Time": 179.088,
                              "Actual Total Time": 179.089,
                              "Actual Rows": 150601,
                              "Actual Loops": 4,
                              "Hash Buckets": 1048576,
                              "Original Hash Buckets": 1048576,
                              "Hash Batches": 1,
                              "Original Hash Batches": 1,
                              "Peak Memory Usage": 31808,
                              "Plans": [
                                {
                                  "Node Type": "Seq Scan",
                                  "Parent Relationship": "Outer",
                                  "Parallel Aware": true,
                                  "Relation Name": "title",
                                  "Alias": "t",
                                  "Startup Cost": 0.0,
                                  "Total Cost": 45479.1,
                                  "Plan Rows": 138458,
                                  "Plan Width": 4,
                                  "Actual Startup Time": 0.038,
                                  "Actual Total Time": 115.442,
                                  "Actual Rows": 150601,
                                  "Actual Loops": 4,
                                  "Filter": "((production_year > 2006) AND (kind_id = 7))",
                                  "Rows Removed by Filter": 481477
                                }
                              ]
                            }
                          ]
                        }
                      ]
                    }
                  ]
                }
              ]
            }
          ]
        }
      ]
    },
    "Planning Time": 1.452,
    "Triggers": [],
    "Execution Time": 513.681
  }
]