{
    "Plan": {
        "Node Type": "Aggregate",
        "Strategy": "Plain",
        "Partial Mode": "Simple",
        "Parallel Aware": false,
        "Startup Cost": 10000648434.44,
        "Total Cost": 10000648434.45,
        "Plan Rows": 1,
        "Plan Width": 8,
        "Actual Startup Time": 1766.992,
        "Actual Total Time": 1766.996,
        "Actual Rows": 1,
        "Actual Loops": 1,
        "Output": [
            "count(*)"
        ],
        "Plans": [
            {
                "Node Type": "Hash Join",
                "Parent Relationship": "Outer",
                "Parallel Aware": false,
                "Join Type": "Inner",
                "Startup Cost": 10000178854.39,
                "Total Cost": 10000647973.2,
                "Plan Rows": 184495,
                "Plan Width": 0,
                "Actual Startup Time": 1048.888,
                "Actual Total Time": 1677.938,
                "Actual Rows": 2377067,
                "Actual Loops": 1,
                "Inner Unique": false,
                "Hash Cond": "(t.id = mk.movie_id)",
                "Plans": [
                    {
                        "Node Type": "Hash Join",
                        "Parent Relationship": "Outer",
                        "Parallel Aware": false,
                        "Join Type": "Inner",
                        "Startup Cost": 10000075016.08,
                        "Total Cost": 10000132269.07,
                        "Plan Rows": 271537,
                        "Plan Width": 8,
                        "Actual Startup Time": 408.187,
                        "Actual Total Time": 808.306,
                        "Actual Rows": 603529,
                        "Actual Loops": 1,
                        "Output": [
                            "t.id",
                            "mi_idx.movie_id"
                        ],
                        "Inner Unique": true,
                        "Hash Cond": "(mi_idx.movie_id = t.id)",
                        "Plans": [
                            {
                                "Node Type": "Index Scan",
                                "Parent Relationship": "Outer",
                                "Parallel Aware": false,
                                "Scan Direction": "Forward",
                                "Index Name": "movie_id_movie_info_idx",
                                "Relation Name": "movie_info_idx",
                                "Schema": "public",
                                "Alias": "mi_idx",
                                "Startup Cost": 10000000000.43,
                                "Total Cost": 10000053630.81,
                                "Plan Rows": 1380035,
                                "Plan Width": 4,
                                "Actual Startup Time": 0.044,
                                "Actual Total Time": 178.476,
                                "Actual Rows": 1380035,
                                "Actual Loops": 1,
                                "Output": [
                                    "mi_idx.id",
                                    "mi_idx.movie_id",
                                    "mi_idx.info_type_id",
                                    "mi_idx.info",
                                    "mi_idx.note"
                                ]
                            },
                            {
                                "Node Type": "Hash",
                                "Parent Relationship": "Inner",
                                "Parallel Aware": false,
                                "Startup Cost": 68797.21,
                                "Total Cost": 68797.21,
                                "Plan Rows": 497475,
                                "Plan Width": 4,
                                "Actual Startup Time": 406.185,
                                "Actual Total Time": 406.186,
                                "Actual Rows": 581419,
                                "Actual Loops": 1,
                                "Output": [
                                    "t.id"
                                ],
                                "Hash Buckets": 1048576,
                                "Original Hash Buckets": 524288,
                                "Hash Batches": 1,
                                "Original Hash Batches": 1,
                                "Peak Memory Usage": 28633,
                                "Plans": [
                                    {
                                        "Node Type": "Bitmap Heap Scan",
                                        "Parent Relationship": "Outer",
                                        "Parallel Aware": false,
                                        "Relation Name": "title",
                                        "Schema": "public",
                                        "Alias": "t",
                                        "Startup Cost": 17866.94,
                                        "Total Cost": 68797.21,
                                        "Plan Rows": 497475,
                                        "Plan Width": 4,
                                        "Actual Startup Time": 40.166,
                                        "Actual Total Time": 289.444,
                                        "Actual Rows": 581419,
                                        "Actual Loops": 1,
                                        "Output": [
                                            "t.id"
                                        ],
                                        "Recheck Cond": "(t.kind_id < 7)",
                                        "Rows Removed by Index Recheck": 0,
                                        "Filter": "(t.production_year < 2004)",
                                        "Rows Removed by Filter": 403629,
                                        "Exact Heap Blocks": 35472,
                                        "Lossy Heap Blocks": 0,
                                        "Plans": [
                                            {
                                                "Node Type": "Bitmap Index Scan",
                                                "Parent Relationship": "Outer",
                                                "Parallel Aware": false,
                                                "Index Name": "kind_id_title",
                                                "Startup Cost": 0.0,
                                                "Total Cost": 17742.57,
                                                "Plan Rows": 995485,
                                                "Plan Width": 0,
                                                "Actual Startup Time": 35.246,
                                                "Actual Total Time": 35.246,
                                                "Actual Rows": 985048,
                                                "Actual Loops": 1,
                                                "Index Cond": "(t.kind_id < 7)"
                                            }
                                        ]
                                    }
                                ]
                            }
                        ]
                    },
                    {
                        "Node Type": "Hash",
                        "Parent Relationship": "Inner",
                        "Parallel Aware": false,
                        "Startup Cost": 82365.08,
                        "Total Cost": 82365.08,
                        "Plan Rows": 1717859,
                        "Plan Width": 4,
                        "Actual Startup Time": 623.975,
                        "Actual Total Time": 623.976,
                        "Actual Rows": 1696875,
                        "Actual Loops": 1,
                        "Output": [
                            "mk.movie_id"
                        ],
                        "Hash Buckets": 2097152,
                        "Original Hash Buckets": 2097152,
                        "Hash Batches": 1,
                        "Original Hash Batches": 1,
                        "Peak Memory Usage": 76040,
                        "Plans": [
                            {
                                "Node Type": "Bitmap Heap Scan",
                                "Parent Relationship": "Outer",
                                "Parallel Aware": false,
                                "Relation Name": "movie_keyword",
                                "Schema": "public",
                                "Alias": "mk",
                                "Startup Cost": 36437.84,
                                "Total Cost": 82365.08,
                                "Plan Rows": 1717859,
                                "Plan Width": 4,
                                "Actual Startup Time": 107.742,
                                "Actual Total Time": 385.955,
                                "Actual Rows": 1696875,
                                "Actual Loops": 1,
                                "Output": [
                                    "mk.movie_id"
                                ],
                                "Recheck Cond": "(mk.keyword_id > 8486)",
                                "Rows Removed by Index Recheck": 0,
                                "Exact Heap Blocks": 24310,
                                "Lossy Heap Blocks": 0,
                                "Plans": [
                                    {
                                        "Node Type": "Bitmap Index Scan",
                                        "Parent Relationship": "Outer",
                                        "Parallel Aware": false,
                                        "Index Name": "keyword_id_movie_keyword",
                                        "Startup Cost": 0.0,
                                        "Total Cost": 36008.38,
                                        "Plan Rows": 1717859,
                                        "Plan Width": 0,
                                        "Actual Startup Time": 104.672,
                                        "Actual Total Time": 104.672,
                                        "Actual Rows": 1696875,
                                        "Actual Loops": 1,
                                        "Index Cond": "(mk.keyword_id > 8486)"
                                    }
                                ]
                            }
                        ]
                    }
                ]
            }
        ]
    },
    "Planning Time": 2.208,
    "Triggers": [],
    "Execution Time": 1769.618
}