{
  "Plan": {
    "Node Type": "Aggregate",
    "Strategy": "Plain",
    "Partial Mode": "Finalize",
    "Parallel Aware": false,
    "Startup Cost": 415642.68,
    "Total Cost": 415642.69,
    "Plan Rows": 1,
    "Plan Width": 8,
    "Actual Startup Time": 675.47,
    "Actual Total Time": 697.543,
    "Actual Rows": 1,
    "Actual Loops": 1,
    "Plans": [
      {
        "Node Type": "Gather",
        "Parent Relationship": "Outer",
        "Parallel Aware": false,
        "Startup Cost": 415642.57,
        "Total Cost": 415642.68,
        "Plan Rows": 1,
        "Plan Width": 8,
        "Actual Startup Time": 675.081,
        "Actual Total Time": 697.536,
        "Actual Rows": 2,
        "Actual Loops": 1,
        "Workers Planned": 1,
        "Workers Launched": 1,
        "Single Copy": false,
        "Plans": [
          {
            "Node Type": "Aggregate",
            "Strategy": "Plain",
            "Partial Mode": "Partial",
            "Parent Relationship": "Outer",
            "Parallel Aware": false,
            "Startup Cost": 414642.57,
            "Total Cost": 414642.58,
            "Plan Rows": 1,
            "Plan Width": 8,
            "Actual Startup Time": 668.754,
            "Actual Total Time": 668.758,
            "Actual Rows": 1,
            "Actual Loops": 2,
            "Plans": [
              {
                "Node Type": "Nested Loop",
                "Parent Relationship": "Outer",
                "Parallel Aware": false,
                "Join Type": "Inner",
                "Startup Cost": 123688.64,
                "Total Cost": 414615.86,
                "Plan Rows": 10684,
                "Plan Width": 0,
                "Actual Startup Time": 291.805,
                "Actual Total Time": 667.32,
                "Actual Rows": 26367,
                "Actual Loops": 2,
                "Inner Unique": false,
                "Join Filter": "(t.id = mi_idx.movie_id)",
                "Rows Removed by Join Filter": 0,
                "Plans": [
                  {
                    "Node Type": "Hash Join",
                    "Parent Relationship": "Outer",
                    "Parallel Aware": true,
                    "Join Type": "Inner",
                    "Startup Cost": 123688.21,
                    "Total Cost": 404130.55,
                    "Plan Rows": 19574,
                    "Plan Width": 8,
                    "Actual Startup Time": 291.364,
                    "Actual Total Time": 610.059,
                    "Actual Rows": 17276,
                    "Actual Loops": 2,
                    "Inner Unique": true,
                    "Hash Cond": "(ci.movie_id = t.id)",
                    "Plans": [
                      {
                        "Node Type": "Bitmap Heap Scan",
                        "Parent Relationship": "Outer",
                        "Parallel Aware": true,
                        "Relation Name": "cast_info",
                        "Alias": "ci",
                        "Startup Cost": 68901.52,
                        "Total Cost": 344526.81,
                        "Plan Rows": 1835063,
                        "Plan Width": 4,
                        "Actual Startup Time": 151.287,
                        "Actual Total Time": 305.111,
                        "Actual Rows": 1594999,
                        "Actual Loops": 2,
                        "Recheck Cond": "(person_id < 308883)",
                        "Rows Removed by Index Recheck": 0,
                        "Exact Heap Blocks": 18733,
                        "Lossy Heap Blocks": 0,
                        "Plans": [
                          {
                            "Node Type": "Bitmap Index Scan",
                            "Parent Relationship": "Outer",
                            "Parallel Aware": false,
                            "Index Name": "person_id_cast_info",
                            "Startup Cost": 0.0,
                            "Total Cost": 68121.62,
                            "Plan Rows": 3119607,
                            "Plan Width": 0,
                            "Actual Startup Time": 145.784,
                            "Actual Total Time": 145.785,
                            "Actual Rows": 3189998,
                            "Actual Loops": 1,
                            "Index Cond": "(person_id < 308883)"
                          }
                        ]
                      },
                      {
                        "Node Type": "Hash",
                        "Parent Relationship": "Inner",
                        "Parallel Aware": true,
                        "Startup Cost": 54588.39,
                        "Total Cost": 54588.39,
                        "Plan Rows": 15864,
                        "Plan Width": 4,
                        "Actual Startup Time": 138.831,
                        "Actual Total Time": 138.832,
                        "Actual Rows": 12458,
                        "Actual Loops": 2,
                        "Hash Buckets": 32768,
                        "Original Hash Buckets": 32768,
                        "Hash Batches": 1,
                        "Original Hash Batches": 1,
                        "Peak Memory Usage": 1248,
                        "Plans": [
                          {
                            "Node Type": "Seq Scan",
                            "Parent Relationship": "Outer",
                            "Parallel Aware": true,
                            "Relation Name": "title",
                            "Alias": "t",
                            "Startup Cost": 0.0,
                            "Total Cost": 54588.39,
                            "Plan Rows": 15864,
                            "Plan Width": 4,
                            "Actual Startup Time": 0.082,
                            "Actual Total Time": 134.373,
                            "Actual Rows": 12458,
                            "Actual Loops": 2,
                            "Filter": "(production_year = 1992)",
                            "Rows Removed by Filter": 1251698
                          }
                        ]
                      }
                    ]
                  },
                  {
                    "Node Type": "Index Only Scan",
                    "Parent Relationship": "Inner",
                    "Parallel Aware": false,
                    "Scan Direction": "Forward",
                    "Index Name": "movie_id_movie_info_idx",
                    "Relation Name": "movie_info_idx",
                    "Alias": "mi_idx",
                    "Startup Cost": 0.43,
                    "Total Cost": 0.5,
                    "Plan Rows": 3,
                    "Plan Width": 4,
                    "Actual Startup Time": 0.003,
                    "Actual Total Time": 0.003,
                    "Actual Rows": 2,
                    "Actual Loops": 34553,
                    "Index Cond": "(movie_id = ci.movie_id)",
                    "Rows Removed by Index Recheck": 0,
                    "Heap Fetches": 52734
                  }
                ]
              }
            ]
          }
        ]
      }
    ]
  },
  "Planning Time": 0.974,
  "Triggers": [],
  "Execution Time": 697.651
}