[
  {
    "Plan": {
      "Node Type": "Aggregate",
      "Strategy": "Plain",
      "Partial Mode": "Finalize",
      "Parallel Aware": false,
      "Startup Cost": 233507.76,
      "Total Cost": 233507.77,
      "Plan Rows": 1,
      "Plan Width": 8,
      "Actual Startup Time": 616.634,
      "Actual Total Time": 651.174,
      "Actual Rows": 1,
      "Actual Loops": 1,
      "Plans": [
        {
          "Node Type": "Gather",
          "Parent Relationship": "Outer",
          "Parallel Aware": false,
          "Startup Cost": 233507.24,
          "Total Cost": 233507.75,
          "Plan Rows": 5,
          "Plan Width": 8,
          "Actual Startup Time": 616.305,
          "Actual Total Time": 651.162,
          "Actual Rows": 6,
          "Actual Loops": 1,
          "Workers Planned": 5,
          "Workers Launched": 5,
          "Single Copy": false,
          "Plans": [
            {
              "Node Type": "Aggregate",
              "Strategy": "Plain",
              "Partial Mode": "Partial",
              "Parent Relationship": "Outer",
              "Parallel Aware": false,
              "Startup Cost": 232507.24,
              "Total Cost": 232507.25,
              "Plan Rows": 1,
              "Plan Width": 8,
              "Actual Startup Time": 610.016,
              "Actual Total Time": 610.019,
              "Actual Rows": 1,
              "Actual Loops": 6,
              "Plans": [
                {
                  "Node Type": "Hash Join",
                  "Parent Relationship": "Outer",
                  "Parallel Aware": true,
                  "Join Type": "Inner",
                  "Startup Cost": 26095.21,
                  "Total Cost": 232471.7,
                  "Plan Rows": 14213,
                  "Plan Width": 0,
                  "Actual Startup Time": 32.383,
                  "Actual Total Time": 608.763,
                  "Actual Rows": 18760,
                  "Actual Loops": 6,
                  "Inner Unique": true,
                  "Hash Cond": "(mi.movie_id = t.id)",
                  "Plans": [
                    {
                      "Node Type": "Seq Scan",
                      "Parent Relationship": "Outer",
                      "Parallel Aware": true,
                      "Relation Name": "movie_info",
                      "Alias": "mi",
                      "Startup Cost": 0.0,
                      "Total Cost": 199108.24,
                      "Plan Rows": 2768854,
                      "Plan Width": 4,
                      "Actual Startup Time": 0.04,
                      "Actual Total Time": 383.584,
                      "Actual Rows": 2306410,
                      "Actual Loops": 6,
                      "Filter": "(info_type_id < 90)",
                      "Rows Removed by Filter": 166210
                    },
                    {
                      "Node Type": "Hash",
                      "Parent Relationship": "Inner",
                      "Parallel Aware": true,
                      "Startup Cost": 26042.87,
                      "Total Cost": 26042.87,
                      "Plan Rows": 4187,
                      "Plan Width": 4,
                      "Actual Startup Time": 21.997,
                      "Actual Total Time": 21.998,
                      "Actual Rows": 2100,
                      "Actual Loops": 6,
                      "Hash Buckets": 16384,
                      "Original Hash Buckets": 16384,
                      "Hash Batches": 1,
                      "Original Hash Batches": 1,
                      "Peak Memory Usage": 672,
                      "Plans": [
                        {
                          "Node Type": "Bitmap Heap Scan",
                          "Parent Relationship": "Outer",
                          "Parallel Aware": true,
                          "Relation Name": "title",
                          "Alias": "t",
                          "Startup Cost": 237.02,
                          "Total Cost": 26042.87,
                          "Plan Rows": 4187,
                          "Plan Width": 4,
                          "Actual Startup Time": 5.644,
                          "Actual Total Time": 20.748,
                          "Actual Rows": 2100,
                          "Actual Loops": 6,
                          "Recheck Cond": "(kind_id = 6)",
                          "Rows Removed by Index Recheck": 0,
                          "Exact Heap Blocks": 3741,
                          "Lossy Heap Blocks": 0,
                          "Plans": [
                            {
                              "Node Type": "Bitmap Index Scan",
                              "Parent Relationship": "Outer",
                              "Parallel Aware": false,
                              "Index Name": "kind_id_title",
                              "Startup Cost": 0.0,
                              "Total Cost": 233.77,
                              "Plan Rows": 12979,
                              "Plan Width": 0,
                              "Actual Startup Time": 5.384,
                              "Actual Total Time": 5.384,
                              "Actual Rows": 12600,
                              "Actual Loops": 1,
                              "Index Cond": "(kind_id = 6)"
                            }
                          ]
                        }
                      ]
                    }
                  ]
                }
              ]
            }
          ]
        }
      ]
    },
    "Planning Time": 0.702,
    "Triggers": [],
    "Execution Time": 651.271
  }
]