[
  {
    "Plan": {
      "Node Type": "Aggregate",
      "Strategy": "Plain",
      "Partial Mode": "Finalize",
      "Parallel Aware": false,
      "Startup Cost": 356657.44,
      "Total Cost": 356657.45,
      "Plan Rows": 1,
      "Plan Width": 8,
      "Actual Startup Time": 1000.745,
      "Actual Total Time": 1056.019,
      "Actual Rows": 1,
      "Actual Loops": 1,
      "Plans": [
        {
          "Node Type": "Gather",
          "Parent Relationship": "Outer",
          "Parallel Aware": false,
          "Startup Cost": 356656.82,
          "Total Cost": 356657.43,
          "Plan Rows": 6,
          "Plan Width": 8,
          "Actual Startup Time": 1000.608,
          "Actual Total Time": 1056.008,
          "Actual Rows": 7,
          "Actual Loops": 1,
          "Workers Planned": 6,
          "Workers Launched": 6,
          "Single Copy": false,
          "Plans": [
            {
              "Node Type": "Aggregate",
              "Strategy": "Plain",
              "Partial Mode": "Partial",
              "Parent Relationship": "Outer",
              "Parallel Aware": false,
              "Startup Cost": 355656.82,
              "Total Cost": 355656.83,
              "Plan Rows": 1,
              "Plan Width": 8,
              "Actual Startup Time": 990.723,
              "Actual Total Time": 990.724,
              "Actual Rows": 1,
              "Actual Loops": 7,
              "Plans": [
                {
                  "Node Type": "Seq Scan",
                  "Parent Relationship": "Outer",
                  "Parallel Aware": true,
                  "Relation Name": "cast_info",
                  "Alias": "ci",
                  "Startup Cost": 0.0,
                  "Total Cost": 343257.03,
                  "Plan Rows": 4959916,
                  "Plan Width": 0,
                  "Actual Startup Time": 41.13,
                  "Actual Total Time": 792.401,
                  "Actual Rows": 4233479,
                  "Actual Loops": 7,
                  "Filter": "((person_id > 201769) AND (role_id < 10))",
                  "Rows Removed by Filter": 944285
                }
              ]
            }
          ]
        }
      ]
    },
    "Planning Time": 0.263,
    "Triggers": [],
    "Execution Time": 1056.095
  }
]