{
  "Plan": {
    "Node Type": "Aggregate",
    "Strategy": "Plain",
    "Partial Mode": "Finalize",
    "Parallel Aware": false,
    "Startup Cost": 640242.97,
    "Total Cost": 640242.98,
    "Plan Rows": 1,
    "Plan Width": 8,
    "Actual Startup Time": 5908.328,
    "Actual Total Time": 5948.562,
    "Actual Rows": 1,
    "Actual Loops": 1,
    "Plans": [
      {
        "Node Type": "Gather",
        "Parent Relationship": "Outer",
        "Parallel Aware": false,
        "Startup Cost": 640242.86,
        "Total Cost": 640242.97,
        "Plan Rows": 1,
        "Plan Width": 8,
        "Actual Startup Time": 5900.502,
        "Actual Total Time": 5948.555,
        "Actual Rows": 2,
        "Actual Loops": 1,
        "Workers Planned": 1,
        "Workers Launched": 1,
        "Single Copy": false,
        "Plans": [
          {
            "Node Type": "Aggregate",
            "Strategy": "Plain",
            "Partial Mode": "Partial",
            "Parent Relationship": "Outer",
            "Parallel Aware": false,
            "Startup Cost": 639242.86,
            "Total Cost": 639242.87,
            "Plan Rows": 1,
            "Plan Width": 8,
            "Actual Startup Time": 5887.696,
            "Actual Total Time": 5887.701,
            "Actual Rows": 1,
            "Actual Loops": 2,
            "Plans": [
              {
                "Node Type": "Hash Join",
                "Parent Relationship": "Outer",
                "Parallel Aware": true,
                "Join Type": "Inner",
                "Startup Cost": 277192.09,
                "Total Cost": 632259.62,
                "Plan Rows": 2793298,
                "Plan Width": 0,
                "Actual Startup Time": 1553.59,
                "Actual Total Time": 5518.517,
                "Actual Rows": 9174753,
                "Actual Loops": 2,
                "Inner Unique": false,
                "Hash Cond": "(t.id = mc.movie_id)",
                "Plans": [
                  {
                    "Node Type": "Hash Join",
                    "Parent Relationship": "Outer",
                    "Parallel Aware": true,
                    "Join Type": "Inner",
                    "Startup Cost": 223869.49,
                    "Total Cost": 545588.63,
                    "Plan Rows": 2706756,
                    "Plan Width": 8,
                    "Actual Startup Time": 1041.695,
                    "Actual Total Time": 3050.208,
                    "Actual Rows": 3439134,
                    "Actual Loops": 2,
                    "Inner Unique": true,
                    "Hash Cond": "(ci.movie_id = t.id)",
                    "Plans": [
                      {
                        "Node Type": "Bitmap Heap Scan",
                        "Parent Relationship": "Outer",
                        "Parallel Aware": true,
                        "Relation Name": "cast_info",
                        "Alias": "ci",
                        "Startup Cost": 154408.79,
                        "Total Cost": 469022.68,
                        "Plan Rows": 2706756,
                        "Plan Width": 4,
                        "Actual Startup Time": 480.454,
                        "Actual Total Time": 981.814,
                        "Actual Rows": 3439134,
                        "Actual Loops": 2,
                        "Recheck Cond": "(person_id > 2975814)",
                        "Rows Removed by Index Recheck": 0,
                        "Filter": "(role_id > 1)",
                        "Rows Removed by Filter": 0,
                        "Exact Heap Blocks": 44385,
                        "Lossy Heap Blocks": 0,
                        "Plans": [
                          {
                            "Node Type": "Bitmap Index Scan",
                            "Parent Relationship": "Outer",
                            "Parallel Aware": false,
                            "Index Name": "person_id_cast_info",
                            "Startup Cost": 0.0,
                            "Total Cost": 153258.42,
                            "Plan Rows": 7018381,
                            "Plan Width": 0,
                            "Actual Startup Time": 456.798,
                            "Actual Total Time": 456.798,
                            "Actual Rows": 6878268,
                            "Actual Loops": 1,
                            "Index Cond": "(person_id > 2975814)"
                          }
                        ]
                      },
                      {
                        "Node Type": "Hash",
                        "Parent Relationship": "Inner",
                        "Parallel Aware": true,
                        "Startup Cost": 50870.31,
                        "Total Cost": 50870.31,
                        "Plan Rows": 1487231,
                        "Plan Width": 4,
                        "Actual Startup Time": 545.922,
                        "Actual Total Time": 545.923,
                        "Actual Rows": 1264156,
                        "Actual Loops": 2,
                        "Hash Buckets": 4194304,
                        "Original Hash Buckets": 4194304,
                        "Hash Batches": 1,
                        "Original Hash Batches": 1,
                        "Peak Memory Usage": 131680,
                        "Plans": [
                          {
                            "Node Type": "Seq Scan",
                            "Parent Relationship": "Outer",
                            "Parallel Aware": true,
                            "Relation Name": "title",
                            "Alias": "t",
                            "Startup Cost": 0.0,
                            "Total Cost": 50870.31,
                            "Plan Rows": 1487231,
                            "Plan Width": 4,
                            "Actual Startup Time": 0.018,
                            "Actual Total Time": 170.295,
                            "Actual Rows": 1264156,
                            "Actual Loops": 2
                          }
                        ]
                      }
                    ]
                  },
                  {
                    "Node Type": "Hash",
                    "Parent Relationship": "Inner",
                    "Parallel Aware": true,
                    "Startup Cost": 34137.82,
                    "Total Cost": 34137.82,
                    "Plan Rows": 1534782,
                    "Plan Width": 4,
                    "Actual Startup Time": 490.33,
                    "Actual Total Time": 490.331,
                    "Actual Rows": 1304564,
                    "Actual Loops": 2,
                    "Hash Buckets": 4194304,
                    "Original Hash Buckets": 4194304,
                    "Hash Batches": 1,
                    "Original Hash Batches": 1,
                    "Peak Memory Usage": 134848,
                    "Plans": [
                      {
                        "Node Type": "Seq Scan",
                        "Parent Relationship": "Outer",
                        "Parallel Aware": true,
                        "Relation Name": "movie_companies",
                        "Alias": "mc",
                        "Startup Cost": 0.0,
                        "Total Cost": 34137.82,
                        "Plan Rows": 1534782,
                        "Plan Width": 4,
                        "Actual Startup Time": 0.029,
                        "Actual Total Time": 152.757,
                        "Actual Rows": 1304564,
                        "Actual Loops": 2
                      }
                    ]
                  }
                ]
              }
            ]
          }
        ]
      }
    ]
  },
  "Planning Time": 1.125,
  "Triggers": [],
  "Execution Time": 5948.667
}