{
  "Plan": {
    "Node Type": "Aggregate",
    "Strategy": "Plain",
    "Partial Mode": "Finalize",
    "Parallel Aware": false,
    "Startup Cost": 204200.99,
    "Total Cost": 204201.0,
    "Plan Rows": 1,
    "Plan Width": 8,
    "Actual Startup Time": 629.155,
    "Actual Total Time": 637.04,
    "Actual Rows": 1,
    "Actual Loops": 1,
    "Plans": [
      {
        "Node Type": "Gather",
        "Parent Relationship": "Outer",
        "Parallel Aware": false,
        "Startup Cost": 204200.87,
        "Total Cost": 204200.98,
        "Plan Rows": 1,
        "Plan Width": 8,
        "Actual Startup Time": 629.146,
        "Actual Total Time": 637.034,
        "Actual Rows": 2,
        "Actual Loops": 1,
        "Workers Planned": 1,
        "Workers Launched": 1,
        "Single Copy": false,
        "Plans": [
          {
            "Node Type": "Aggregate",
            "Strategy": "Plain",
            "Partial Mode": "Partial",
            "Parent Relationship": "Outer",
            "Parallel Aware": false,
            "Startup Cost": 203200.87,
            "Total Cost": 203200.88,
            "Plan Rows": 1,
            "Plan Width": 8,
            "Actual Startup Time": 618.888,
            "Actual Total Time": 618.89,
            "Actual Rows": 1,
            "Actual Loops": 2,
            "Plans": [
              {
                "Node Type": "Merge Join",
                "Parent Relationship": "Outer",
                "Parallel Aware": false,
                "Join Type": "Inner",
                "Startup Cost": 196502.36,
                "Total Cost": 202932.68,
                "Plan Rows": 107278,
                "Plan Width": 0,
                "Actual Startup Time": 489.261,
                "Actual Total Time": 616.607,
                "Actual Rows": 58654,
                "Actual Loops": 2,
                "Inner Unique": true,
                "Merge Cond": "(mc.movie_id = t.id)",
                "Plans": [
                  {
                    "Node Type": "Sort",
                    "Parent Relationship": "Outer",
                    "Parallel Aware": false,
                    "Startup Cost": 76090.71,
                    "Total Cost": 77113.05,
                    "Plan Rows": 408936,
                    "Plan Width": 4,
                    "Actual Startup Time": 195.169,
                    "Actual Total Time": 209.201,
                    "Actual Rows": 345506,
                    "Actual Loops": 2,
                    "Sort Key": [
                      "mc.movie_id"
                    ],
                    "Sort Method": "quicksort",
                    "Sort Space Used": 29928,
                    "Sort Space Type": "Memory",
                    "Workers": [
                      {
                        "Worker Number": 0,
                        "Sort Method": "quicksort",
                        "Sort Space Used": 27040,
                        "Sort Space Type": "Memory"
                      }
                    ],
                    "Plans": [
                      {
                        "Node Type": "Seq Scan",
                        "Parent Relationship": "Outer",
                        "Parallel Aware": true,
                        "Relation Name": "movie_companies",
                        "Alias": "mc",
                        "Startup Cost": 0.0,
                        "Total Cost": 37974.77,
                        "Plan Rows": 408936,
                        "Plan Width": 4,
                        "Actual Startup Time": 0.043,
                        "Actual Total Time": 116.594,
                        "Actual Rows": 345506,
                        "Actual Loops": 2,
                        "Filter": "(company_id < 1270)",
                        "Rows Removed by Filter": 959059
                      }
                    ]
                  },
                  {
                    "Node Type": "Sort",
                    "Parent Relationship": "Inner",
                    "Parallel Aware": false,
                    "Startup Cost": 120411.59,
                    "Total Cost": 122069.73,
                    "Plan Rows": 663256,
                    "Plan Width": 4,
                    "Actual Startup Time": 275.13,
                    "Actual Total Time": 342.779,
                    "Actual Rows": 661603,
                    "Actual Loops": 2,
                    "Sort Key": [
                      "t.id"
                    ],
                    "Sort Method": "quicksort",
                    "Sort Space Used": 55646,
                    "Sort Space Type": "Memory",
                    "Workers": [
                      {
                        "Worker Number": 0,
                        "Sort Method": "quicksort",
                        "Sort Space Used": 55646,
                        "Sort Space Type": "Memory"
                      }
                    ],
                    "Plans": [
                      {
                        "Node Type": "Bitmap Heap Scan",
                        "Parent Relationship": "Outer",
                        "Parallel Aware": false,
                        "Relation Name": "title",
                        "Alias": "t",
                        "Startup Cost": 11988.66,
                        "Total Cost": 56277.36,
                        "Plan Rows": 663256,
                        "Plan Width": 4,
                        "Actual Startup Time": 20.37,
                        "Actual Total Time": 107.811,
                        "Actual Rows": 662825,
                        "Actual Loops": 2,
                        "Recheck Cond": "(kind_id = 1)",
                        "Rows Removed by Index Recheck": 0,
                        "Exact Heap Blocks": 12863,
                        "Lossy Heap Blocks": 0,
                        "Plans": [
                          {
                            "Node Type": "Bitmap Index Scan",
                            "Parent Relationship": "Outer",
                            "Parallel Aware": false,
                            "Index Name": "kind_id_title",
                            "Startup Cost": 0.0,
                            "Total Cost": 11822.85,
                            "Plan Rows": 663256,
                            "Plan Width": 0,
                            "Actual Startup Time": 18.914,
                            "Actual Total Time": 18.914,
                            "Actual Rows": 662825,
                            "Actual Loops": 2,
                            "Index Cond": "(kind_id = 1)"
                          }
                        ]
                      }
                    ]
                  }
                ]
              }
            ]
          }
        ]
      }
    ]
  },
  "Planning Time": 0.778,
  "Triggers": [],
  "Execution Time": 640.941
}