[
    {
        "Bao": {
            "Bao prediction": "NaN",
            "Bao recommended hint": "(no hint)"
        }
    },
    {
        "Plan": {
            "Node Type": "Aggregate",
            "Strategy": "Plain",
            "Partial Mode": "Finalize",
            "Parallel Aware": false,
            "Startup Cost": 32367.4,
            "Total Cost": 32367.41,
            "Plan Rows": 1,
            "Plan Width": 8,
            "Actual Startup Time": 73.913,
            "Actual Total Time": 77.35,
            "Actual Rows": 1,
            "Actual Loops": 1,
            "Output": [
                "count(*)"
            ],
            "Plans": [
                {
                    "Node Type": "Gather",
                    "Parent Relationship": "Outer",
                    "Parallel Aware": false,
                    "Startup Cost": 32367.08,
                    "Total Cost": 32367.39,
                    "Plan Rows": 3,
                    "Plan Width": 8,
                    "Actual Startup Time": 73.769,
                    "Actual Total Time": 77.342,
                    "Actual Rows": 4,
                    "Actual Loops": 1,
                    "Output": [
                        "(PARTIAL count(*))"
                    ],
                    "Workers Planned": 3,
                    "Workers Launched": 3,
                    "Single Copy": false,
                    "Plans": [
                        {
                            "Node Type": "Aggregate",
                            "Strategy": "Plain",
                            "Partial Mode": "Partial",
                            "Parent Relationship": "Outer",
                            "Parallel Aware": false,
                            "Startup Cost": 31367.08,
                            "Total Cost": 31367.09,
                            "Plan Rows": 1,
                            "Plan Width": 8,
                            "Actual Startup Time": 65.199,
                            "Actual Total Time": 65.2,
                            "Actual Rows": 1,
                            "Actual Loops": 4,
                            "Output": [
                                "PARTIAL count(*)"
                            ],
                            "Workers": [
                                {
                                    "Worker Number": 0,
                                    "Actual Startup Time": 62.259,
                                    "Actual Total Time": 62.259,
                                    "Actual Rows": 1,
                                    "Actual Loops": 1
                                },
                                {
                                    "Worker Number": 1,
                                    "Actual Startup Time": 62.57,
                                    "Actual Total Time": 62.571,
                                    "Actual Rows": 1,
                                    "Actual Loops": 1
                                },
                                {
                                    "Worker Number": 2,
                                    "Actual Startup Time": 62.568,
                                    "Actual Total Time": 62.568,
                                    "Actual Rows": 1,
                                    "Actual Loops": 1
                                }
                            ],
                            "Plans": [
                                {
                                    "Node Type": "Bitmap Heap Scan",
                                    "Parent Relationship": "Outer",
                                    "Parallel Aware": true,
                                    "Relation Name": "movie_companies",
                                    "Schema": "public",
                                    "Alias": "mc",
                                    "Startup Cost": 10112.78,
                                    "Total Cost": 31174.09,
                                    "Plan Rows": 77199,
                                    "Plan Width": 0,
                                    "Actual Startup Time": 15.775,
                                    "Actual Total Time": 57.784,
                                    "Actual Rows": 118169,
                                    "Actual Loops": 4,
                                    "Recheck Cond": "(mc.company_id > 75790)",
                                    "Rows Removed by Index Recheck": 0,
                                    "Filter": "(mc.company_type_id = 2)",
                                    "Rows Removed by Filter": 0,
                                    "Exact Heap Blocks": 3731,
                                    "Lossy Heap Blocks": 0,
                                    "Workers": [
                                        {
                                            "Worker Number": 0,
                                            "Actual Startup Time": 13.013,
                                            "Actual Total Time": 55.484,
                                            "Actual Rows": 78500,
                                            "Actual Loops": 1
                                        },
                                        {
                                            "Worker Number": 1,
                                            "Actual Startup Time": 13.254,
                                            "Actual Total Time": 55.643,
                                            "Actual Rows": 78400,
                                            "Actual Loops": 1
                                        },
                                        {
                                            "Worker Number": 2,
                                            "Actual Startup Time": 13.108,
                                            "Actual Total Time": 55.633,
                                            "Actual Rows": 77853,
                                            "Actual Loops": 1
                                        }
                                    ],
                                    "Plans": [
                                        {
                                            "Node Type": "Bitmap Index Scan",
                                            "Parent Relationship": "Outer",
                                            "Parallel Aware": false,
                                            "Index Name": "company_id_movie_companies",
                                            "Startup Cost": 0.0,
                                            "Total Cost": 10052.95,
                                            "Plan Rows": 469403,
                                            "Plan Width": 0,
                                            "Actual Startup Time": 22.748,
                                            "Actual Total Time": 22.748,
                                            "Actual Rows": 472675,
                                            "Actual Loops": 1,
                                            "Index Cond": "(mc.company_id > 75790)"
                                        }
                                    ]
                                }
                            ]
                        }
                    ]
                }
            ]
        },
        "Planning Time": 198.672,
        "Triggers": [],
        "Execution Time": 77.45
    }
]