[
  {
    "Plan": {
      "Node Type": "Aggregate",
      "Strategy": "Plain",
      "Partial Mode": "Finalize",
      "Parallel Aware": false,
      "Startup Cost": 131394.29,
      "Total Cost": 131394.3,
      "Plan Rows": 1,
      "Plan Width": 8,
      "Actual Startup Time": 545.995,
      "Actual Total Time": 561.602,
      "Actual Rows": 1,
      "Actual Loops": 1,
      "Plans": [
        {
          "Node Type": "Gather",
          "Parent Relationship": "Outer",
          "Parallel Aware": false,
          "Startup Cost": 131393.98,
          "Total Cost": 131394.29,
          "Plan Rows": 3,
          "Plan Width": 8,
          "Actual Startup Time": 539.934,
          "Actual Total Time": 561.584,
          "Actual Rows": 4,
          "Actual Loops": 1,
          "Workers Planned": 3,
          "Workers Launched": 3,
          "Single Copy": false,
          "Plans": [
            {
              "Node Type": "Aggregate",
              "Strategy": "Plain",
              "Partial Mode": "Partial",
              "Parent Relationship": "Outer",
              "Parallel Aware": false,
              "Startup Cost": 130393.98,
              "Total Cost": 130393.99,
              "Plan Rows": 1,
              "Plan Width": 8,
              "Actual Startup Time": 536.833,
              "Actual Total Time": 537.185,
              "Actual Rows": 1,
              "Actual Loops": 4,
              "Plans": [
                {
                  "Node Type": "Hash Join",
                  "Parent Relationship": "Outer",
                  "Parallel Aware": true,
                  "Join Type": "Inner",
                  "Startup Cost": 84102.73,
                  "Total Cost": 129620.54,
                  "Plan Rows": 309375,
                  "Plan Width": 0,
                  "Actual Startup Time": 338.459,
                  "Actual Total Time": 526.039,
                  "Actual Rows": 272036,
                  "Actual Loops": 4,
                  "Inner Unique": false,
                  "Hash Cond": "(mk.movie_id = t.id)",
                  "Plans": [
                    {
                      "Node Type": "Seq Scan",
                      "Parent Relationship": "Outer",
                      "Parallel Aware": true,
                      "Relation Name": "movie_keyword",
                      "Alias": "mk",
                      "Startup Cost": 0.0,
                      "Total Cost": 39047.32,
                      "Plan Rows": 1459332,
                      "Plan Width": 4,
                      "Actual Startup Time": 0.015,
                      "Actual Total Time": 82.289,
                      "Actual Rows": 1130982,
                      "Actual Loops": 4
                    },
                    {
                      "Node Type": "Hash",
                      "Parent Relationship": "Inner",
                      "Parallel Aware": true,
                      "Startup Cost": 81941.44,
                      "Total Cost": 81941.44,
                      "Plan Rows": 172903,
                      "Plan Width": 8,
                      "Actual Startup Time": 336.079,
                      "Actual Total Time": 336.429,
                      "Actual Rows": 42834,
                      "Actual Loops": 4,
                      "Hash Buckets": 1048576,
                      "Original Hash Buckets": 1048576,
                      "Hash Batches": 1,
                      "Original Hash Batches": 1,
                      "Peak Memory Usage": 14944,
                      "Plans": [
                        {
                          "Node Type": "Hash Join",
                          "Parent Relationship": "Outer",
                          "Parallel Aware": true,
                          "Join Type": "Inner",
                          "Startup Cost": 49671.17,
                          "Total Cost": 81941.44,
                          "Plan Rows": 172903,
                          "Plan Width": 8,
                          "Actual Startup Time": 211.181,
                          "Actual Total Time": 318.859,
                          "Actual Rows": 42834,
                          "Actual Loops": 4,
                          "Inner Unique": true,
                          "Hash Cond": "(mc.movie_id = t.id)",
                          "Plans": [
                            {
                              "Node Type": "Seq Scan",
                              "Parent Relationship": "Outer",
                              "Parallel Aware": true,
                              "Relation Name": "movie_companies",
                              "Alias": "mc",
                              "Startup Cost": 0.0,
                              "Total Cost": 31414.82,
                              "Plan Rows": 325888,
                              "Plan Width": 4,
                              "Actual Startup Time": 0.122,
                              "Actual Total Time": 60.081,
                              "Actual Rows": 218006,
                              "Actual Loops": 4,
                              "Filter": "((company_id > 531) AND (company_type_id < 2))",
                              "Rows Removed by Filter": 434276
                            },
                            {
                              "Node Type": "Hash",
                              "Parent Relationship": "Inner",
                              "Parallel Aware": true,
                              "Startup Cost": 45479.21,
                              "Total Cost": 45479.21,
                              "Plan Rows": 335357,
                              "Plan Width": 4,
                              "Actual Startup Time": 207.985,
                              "Actual Total Time": 207.986,
                              "Actual Rows": 365818,
                              "Actual Loops": 4,
                              "Hash Buckets": 2097152,
                              "Original Hash Buckets": 2097152,
                              "Hash Batches": 1,
                              "Original Hash Batches": 1,
                              "Peak Memory Usage": 73696,
                              "Plans": [
                                {
                                  "Node Type": "Seq Scan",
                                  "Parent Relationship": "Outer",
                                  "Parallel Aware": true,
                                  "Relation Name": "title",
                                  "Alias": "t",
                                  "Startup Cost": 0.0,
                                  "Total Cost": 45479.21,
                                  "Plan Rows": 335357,
                                  "Plan Width": 4,
                                  "Actual Startup Time": 0.018,
                                  "Actual Total Time": 92.291,
                                  "Actual Rows": 365818,
                                  "Actual Loops": 4,
                                  "Filter": "((kind_id > 3) AND (production_year > 1972))",
                                  "Rows Removed by Filter": 266260
                                }
                              ]
                            }
                          ]
                        }
                      ]
                    }
                  ]
                }
              ]
            }
          ]
        }
      ]
    },
    "Planning Time": 0.391,
    "Triggers": [],
    "Execution Time": 561.633
  }
]