[
  {
    "Plan": {
      "Node Type": "Aggregate",
      "Strategy": "Plain",
      "Partial Mode": "Finalize",
      "Parallel Aware": false,
      "Startup Cost": 31856.0,
      "Total Cost": 31856.01,
      "Plan Rows": 1,
      "Plan Width": 8,
      "Actual Startup Time": 104.046,
      "Actual Total Time": 109.972,
      "Actual Rows": 1,
      "Actual Loops": 1,
      "Plans": [
        {
          "Node Type": "Gather",
          "Parent Relationship": "Outer",
          "Parallel Aware": false,
          "Startup Cost": 31855.68,
          "Total Cost": 31855.99,
          "Plan Rows": 3,
          "Plan Width": 8,
          "Actual Startup Time": 103.927,
          "Actual Total Time": 109.961,
          "Actual Rows": 4,
          "Actual Loops": 1,
          "Workers Planned": 3,
          "Workers Launched": 3,
          "Single Copy": false,
          "Plans": [
            {
              "Node Type": "Aggregate",
              "Strategy": "Plain",
              "Partial Mode": "Partial",
              "Parent Relationship": "Outer",
              "Parallel Aware": false,
              "Startup Cost": 30855.68,
              "Total Cost": 30855.69,
              "Plan Rows": 1,
              "Plan Width": 8,
              "Actual Startup Time": 100.467,
              "Actual Total Time": 100.468,
              "Actual Rows": 1,
              "Actual Loops": 4,
              "Plans": [
                {
                  "Node Type": "Seq Scan",
                  "Parent Relationship": "Outer",
                  "Parallel Aware": true,
                  "Relation Name": "movie_companies",
                  "Alias": "mc",
                  "Startup Cost": 0.0,
                  "Total Cost": 29310.68,
                  "Plan Rows": 617999,
                  "Plan Width": 0,
                  "Actual Startup Time": 0.024,
                  "Actual Total Time": 76.861,
                  "Actual Rows": 480474,
                  "Actual Loops": 4,
                  "Filter": "(company_id < 47501)",
                  "Rows Removed by Filter": 171808
                }
              ]
            }
          ]
        }
      ]
    },
    "Planning Time": 0.14,
    "Triggers": [],
    "Execution Time": 110.022
  }
]