{
  "Plan": {
    "Node Type": "Aggregate",
    "Strategy": "Plain",
    "Partial Mode": "Finalize",
    "Parallel Aware": false,
    "Startup Cost": 344425.73,
    "Total Cost": 344425.74,
    "Plan Rows": 1,
    "Plan Width": 8,
    "Actual Startup Time": 2524.476,
    "Actual Total Time": 2574.714,
    "Actual Rows": 1,
    "Actual Loops": 1,
    "Plans": [
      {
        "Node Type": "Gather",
        "Parent Relationship": "Outer",
        "Parallel Aware": false,
        "Startup Cost": 344425.62,
        "Total Cost": 344425.73,
        "Plan Rows": 1,
        "Plan Width": 8,
        "Actual Startup Time": 2522.355,
        "Actual Total Time": 2574.705,
        "Actual Rows": 2,
        "Actual Loops": 1,
        "Workers Planned": 1,
        "Workers Launched": 1,
        "Single Copy": false,
        "Plans": [
          {
            "Node Type": "Aggregate",
            "Strategy": "Plain",
            "Partial Mode": "Partial",
            "Parent Relationship": "Outer",
            "Parallel Aware": false,
            "Startup Cost": 343425.62,
            "Total Cost": 343425.63,
            "Plan Rows": 1,
            "Plan Width": 8,
            "Actual Startup Time": 2516.786,
            "Actual Total Time": 2516.789,
            "Actual Rows": 1,
            "Actual Loops": 2,
            "Plans": [
              {
                "Node Type": "Hash Join",
                "Parent Relationship": "Outer",
                "Parallel Aware": true,
                "Join Type": "Inner",
                "Startup Cost": 64453.47,
                "Total Cost": 336236.96,
                "Plan Rows": 2875464,
                "Plan Width": 0,
                "Actual Startup Time": 255.055,
                "Actual Total Time": 2355.263,
                "Actual Rows": 4061246,
                "Actual Loops": 2,
                "Inner Unique": true,
                "Hash Cond": "(mi.movie_id = t.id)",
                "Plans": [
                  {
                    "Node Type": "Seq Scan",
                    "Parent Relationship": "Outer",
                    "Parallel Aware": true,
                    "Relation Name": "movie_info",
                    "Alias": "mi",
                    "Startup Cost": 0.0,
                    "Total Cost": 248955.74,
                    "Plan Rows": 8696274,
                    "Plan Width": 4,
                    "Actual Startup Time": 0.01,
                    "Actual Total Time": 609.089,
                    "Actual Rows": 7417860,
                    "Actual Loops": 2
                  },
                  {
                    "Node Type": "Hash",
                    "Parent Relationship": "Inner",
                    "Parallel Aware": true,
                    "Startup Cost": 58306.47,
                    "Total Cost": 58306.47,
                    "Plan Rows": 491760,
                    "Plan Width": 4,
                    "Actual Startup Time": 243.716,
                    "Actual Total Time": 243.717,
                    "Actual Rows": 372043,
                    "Actual Loops": 2,
                    "Hash Buckets": 1048576,
                    "Original Hash Buckets": 1048576,
                    "Hash Batches": 1,
                    "Original Hash Batches": 1,
                    "Peak Memory Usage": 37344,
                    "Plans": [
                      {
                        "Node Type": "Seq Scan",
                        "Parent Relationship": "Outer",
                        "Parallel Aware": true,
                        "Relation Name": "title",
                        "Alias": "t",
                        "Startup Cost": 0.0,
                        "Total Cost": 58306.47,
                        "Plan Rows": 491760,
                        "Plan Width": 4,
                        "Actual Startup Time": 0.037,
                        "Actual Total Time": 154.335,
                        "Actual Rows": 372043,
                        "Actual Loops": 2,
                        "Filter": "((kind_id < 7) AND (production_year > 1967))",
                        "Rows Removed by Filter": 892113
                      }
                    ]
                  }
                ]
              }
            ]
          }
        ]
      }
    ]
  },
  "Planning Time": 0.6,
  "Triggers": [],
  "Execution Time": 2574.792
}