[
  {
    "Plan": {
      "Node Type": "Aggregate",
      "Strategy": "Plain",
      "Partial Mode": "Finalize",
      "Parallel Aware": false,
      "Startup Cost": 46304.22,
      "Total Cost": 46304.23,
      "Plan Rows": 1,
      "Plan Width": 8,
      "Actual Startup Time": 164.33,
      "Actual Total Time": 174.776,
      "Actual Rows": 1,
      "Actual Loops": 1,
      "Plans": [
        {
          "Node Type": "Gather",
          "Parent Relationship": "Outer",
          "Parallel Aware": false,
          "Startup Cost": 46303.91,
          "Total Cost": 46304.22,
          "Plan Rows": 3,
          "Plan Width": 8,
          "Actual Startup Time": 164.191,
          "Actual Total Time": 174.765,
          "Actual Rows": 4,
          "Actual Loops": 1,
          "Workers Planned": 3,
          "Workers Launched": 3,
          "Single Copy": false,
          "Plans": [
            {
              "Node Type": "Aggregate",
              "Strategy": "Plain",
              "Partial Mode": "Partial",
              "Parent Relationship": "Outer",
              "Parallel Aware": false,
              "Startup Cost": 45303.91,
              "Total Cost": 45303.92,
              "Plan Rows": 1,
              "Plan Width": 8,
              "Actual Startup Time": 158.983,
              "Actual Total Time": 158.985,
              "Actual Rows": 1,
              "Actual Loops": 4,
              "Plans": [
                {
                  "Node Type": "Seq Scan",
                  "Parent Relationship": "Outer",
                  "Parallel Aware": true,
                  "Relation Name": "movie_keyword",
                  "Alias": "mk",
                  "Startup Cost": 0.0,
                  "Total Cost": 42695.65,
                  "Plan Rows": 1043301,
                  "Plan Width": 0,
                  "Actual Startup Time": 0.097,
                  "Actual Total Time": 120.774,
                  "Actual Rows": 807820,
                  "Actual Loops": 4,
                  "Filter": "(keyword_id > 1678)",
                  "Rows Removed by Filter": 323162
                }
              ]
            }
          ]
        }
      ]
    },
    "Planning Time": 0.183,
    "Triggers": [],
    "Execution Time": 174.836
  }
]