[
  {
    "Plan": {
      "Node Type": "Aggregate",
      "Strategy": "Plain",
      "Partial Mode": "Finalize",
      "Parallel Aware": false,
      "Startup Cost": 376986.71,
      "Total Cost": 376986.72,
      "Plan Rows": 1,
      "Plan Width": 8,
      "Actual Startup Time": 1430.889,
      "Actual Total Time": 1481.353,
      "Actual Rows": 1,
      "Actual Loops": 1,
      "Plans": [
        {
          "Node Type": "Gather",
          "Parent Relationship": "Outer",
          "Parallel Aware": false,
          "Startup Cost": 376986.08,
          "Total Cost": 376986.69,
          "Plan Rows": 6,
          "Plan Width": 8,
          "Actual Startup Time": 1428.16,
          "Actual Total Time": 1481.306,
          "Actual Rows": 7,
          "Actual Loops": 1,
          "Workers Planned": 6,
          "Workers Launched": 6,
          "Single Copy": false,
          "Plans": [
            {
              "Node Type": "Aggregate",
              "Strategy": "Plain",
              "Partial Mode": "Partial",
              "Parent Relationship": "Outer",
              "Parallel Aware": false,
              "Startup Cost": 375986.08,
              "Total Cost": 375986.09,
              "Plan Rows": 1,
              "Plan Width": 8,
              "Actual Startup Time": 1420.919,
              "Actual Total Time": 1420.924,
              "Actual Rows": 1,
              "Actual Loops": 7,
              "Plans": [
                {
                  "Node Type": "Hash Join",
                  "Parent Relationship": "Outer",
                  "Parallel Aware": true,
                  "Join Type": "Inner",
                  "Startup Cost": 46008.44,
                  "Total Cost": 374975.09,
                  "Plan Rows": 404396,
                  "Plan Width": 0,
                  "Actual Startup Time": 94.913,
                  "Actual Total Time": 1398.496,
                  "Actual Rows": 472737,
                  "Actual Loops": 7,
                  "Inner Unique": true,
                  "Hash Cond": "(ci.movie_id = t.id)",
                  "Plans": [
                    {
                      "Node Type": "Seq Scan",
                      "Parent Relationship": "Outer",
                      "Parallel Aware": true,
                      "Relation Name": "cast_info",
                      "Alias": "ci",
                      "Startup Cost": 0.0,
                      "Total Cost": 313106.51,
                      "Plan Rows": 6041951,
                      "Plan Width": 4,
                      "Actual Startup Time": 0.034,
                      "Actual Total Time": 521.944,
                      "Actual Rows": 5177763,
                      "Actual Loops": 7
                    },
                    {
                      "Node Type": "Hash",
                      "Parent Relationship": "Inner",
                      "Parallel Aware": true,
                      "Startup Cost": 45479.59,
                      "Total Cost": 45479.59,
                      "Plan Rows": 42308,
                      "Plan Width": 4,
                      "Actual Startup Time": 93.898,
                      "Actual Total Time": 93.9,
                      "Actual Rows": 40289,
                      "Actual Loops": 7,
                      "Hash Buckets": 524288,
                      "Original Hash Buckets": 262144,
                      "Hash Batches": 1,
                      "Original Hash Batches": 1,
                      "Peak Memory Usage": 17280,
                      "Plans": [
                        {
                          "Node Type": "Seq Scan",
                          "Parent Relationship": "Outer",
                          "Parallel Aware": true,
                          "Relation Name": "title",
                          "Alias": "t",
                          "Startup Cost": 0.0,
                          "Total Cost": 45479.59,
                          "Plan Rows": 42308,
                          "Plan Width": 4,
                          "Actual Startup Time": 0.134,
                          "Actual Total Time": 68.923,
                          "Actual Rows": 40289,
                          "Actual Loops": 7,
                          "Filter": "((kind_id < 7) AND (production_year < 1976))",
                          "Rows Removed by Filter": 320898
                        }
                      ]
                    }
                  ]
                }
              ]
            }
          ]
        }
      ]
    },
    "Planning Time": 0.205,
    "Triggers": [],
    "Execution Time": 1481.399
  }
]