[
  {
    "Plan": {
      "Node Type": "Aggregate",
      "Strategy": "Plain",
      "Partial Mode": "Finalize",
      "Parallel Aware": false,
      "Startup Cost": 302109.82,
      "Total Cost": 302109.83,
      "Plan Rows": 1,
      "Plan Width": 8,
      "Actual Startup Time": 1337.871,
      "Actual Total Time": 1357.342,
      "Actual Rows": 1,
      "Actual Loops": 1,
      "Plans": [
        {
          "Node Type": "Gather",
          "Parent Relationship": "Outer",
          "Parallel Aware": false,
          "Startup Cost": 302109.51,
          "Total Cost": 302109.82,
          "Plan Rows": 3,
          "Plan Width": 8,
          "Actual Startup Time": 1327.332,
          "Actual Total Time": 1357.333,
          "Actual Rows": 4,
          "Actual Loops": 1,
          "Workers Planned": 3,
          "Workers Launched": 3,
          "Single Copy": false,
          "Plans": [
            {
              "Node Type": "Aggregate",
              "Strategy": "Plain",
              "Partial Mode": "Partial",
              "Parent Relationship": "Outer",
              "Parallel Aware": false,
              "Startup Cost": 301109.51,
              "Total Cost": 301109.52,
              "Plan Rows": 1,
              "Plan Width": 8,
              "Actual Startup Time": 1321.626,
              "Actual Total Time": 1322.327,
              "Actual Rows": 1,
              "Actual Loops": 4,
              "Plans": [
                {
                  "Node Type": "Hash Join",
                  "Parent Relationship": "Outer",
                  "Parallel Aware": true,
                  "Join Type": "Inner",
                  "Startup Cost": 250520.16,
                  "Total Cost": 299517.19,
                  "Plan Rows": 636925,
                  "Plan Width": 0,
                  "Actual Startup Time": 806.025,
                  "Actual Total Time": 1200.842,
                  "Actual Rows": 2986906,
                  "Actual Loops": 4,
                  "Inner Unique": false,
                  "Hash Cond": "(mk.movie_id = t.id)",
                  "Plans": [
                    {
                      "Node Type": "Seq Scan",
                      "Parent Relationship": "Outer",
                      "Parallel Aware": true,
                      "Relation Name": "movie_keyword",
                      "Alias": "mk",
                      "Startup Cost": 0.0,
                      "Total Cost": 42695.65,
                      "Plan Rows": 1340674,
                      "Plan Width": 4,
                      "Actual Startup Time": 0.013,
                      "Actual Total Time": 103.923,
                      "Actual Rows": 1039769,
                      "Actual Loops": 4,
                      "Filter": "(keyword_id < 45986)",
                      "Rows Removed by Filter": 91214
                    },
                    {
                      "Node Type": "Hash",
                      "Parent Relationship": "Inner",
                      "Parallel Aware": true,
                      "Startup Cost": 247517.29,
                      "Total Cost": 247517.29,
                      "Plan Rows": 240230,
                      "Plan Width": 8,
                      "Actual Startup Time": 801.852,
                      "Actual Total Time": 802.551,
                      "Actual Rows": 320797,
                      "Actual Loops": 4,
                      "Hash Buckets": 2097152,
                      "Original Hash Buckets": 2097152,
                      "Hash Batches": 1,
                      "Original Hash Batches": 1,
                      "Peak Memory Usage": 66656,
                      "Plans": [
                        {
                          "Node Type": "Hash Join",
                          "Parent Relationship": "Outer",
                          "Parallel Aware": true,
                          "Join Type": "Inner",
                          "Startup Cost": 47060.67,
                          "Total Cost": 247517.29,
                          "Plan Rows": 240230,
                          "Plan Width": 8,
                          "Actual Startup Time": 252.467,
                          "Actual Total Time": 705.753,
                          "Actual Rows": 320797,
                          "Actual Loops": 4,
                          "Inner Unique": true,
                          "Hash Cond": "(mi.movie_id = t.id)",
                          "Plans": [
                            {
                              "Node Type": "Seq Scan",
                              "Parent Relationship": "Outer",
                              "Parallel Aware": true,
                              "Relation Name": "movie_info",
                              "Alias": "mi",
                              "Startup Cost": 0.0,
                              "Total Cost": 198880.74,
                              "Plan Rows": 600336,
                              "Plan Width": 4,
                              "Actual Startup Time": 80.392,
                              "Actual Total Time": 348.334,
                              "Actual Rows": 759180,
                              "Actual Loops": 4,
                              "Filter": "(info_type_id = 16)",
                              "Rows Removed by Filter": 2949750
                            },
                            {
                              "Node Type": "Hash",
                              "Parent Relationship": "Inner",
                              "Parallel Aware": true,
                              "Startup Cost": 43899.01,
                              "Total Cost": 43899.01,
                              "Plan Rows": 252933,
                              "Plan Width": 4,
                              "Actual Startup Time": 170.527,
                              "Actual Total Time": 170.528,
                              "Actual Rows": 253230,
                              "Actual Loops": 4,
                              "Hash Buckets": 1048576,
                              "Original Hash Buckets": 1048576,
                              "Hash Batches": 1,
                              "Original Hash Batches": 1,
                              "Peak Memory Usage": 47872,
                              "Plans": [
                                {
                                  "Node Type": "Seq Scan",
                                  "Parent Relationship": "Outer",
                                  "Parallel Aware": true,
                                  "Relation Name": "title",
                                  "Alias": "t",
                                  "Startup Cost": 0.0,
                                  "Total Cost": 43899.01,
                                  "Plan Rows": 252933,
                                  "Plan Width": 4,
                                  "Actual Startup Time": 0.021,
                                  "Actual Total Time": 89.985,
                                  "Actual Rows": 253230,
                                  "Actual Loops": 4,
                                  "Filter": "(production_year > 2005)",
                                  "Rows Removed by Filter": 378848
                                }
                              ]
                            }
                          ]
                        }
                      ]
                    }
                  ]
                }
              ]
            }
          ]
        }
      ]
    },
    "Planning Time": 0.412,
    "Triggers": [],
    "Execution Time": 1357.381
  }
]