[
  {
    "Plan": {
      "Node Type": "Aggregate",
      "Strategy": "Plain",
      "Partial Mode": "Finalize",
      "Parallel Aware": false,
      "Startup Cost": 293093.22,
      "Total Cost": 293093.23,
      "Plan Rows": 1,
      "Plan Width": 8,
      "Actual Startup Time": 1273.596,
      "Actual Total Time": 1323.831,
      "Actual Rows": 1,
      "Actual Loops": 1,
      "Plans": [
        {
          "Node Type": "Gather",
          "Parent Relationship": "Outer",
          "Parallel Aware": false,
          "Startup Cost": 293092.9,
          "Total Cost": 293093.21,
          "Plan Rows": 3,
          "Plan Width": 8,
          "Actual Startup Time": 1268.707,
          "Actual Total Time": 1323.819,
          "Actual Rows": 4,
          "Actual Loops": 1,
          "Workers Planned": 3,
          "Workers Launched": 3,
          "Single Copy": false,
          "Plans": [
            {
              "Node Type": "Aggregate",
              "Strategy": "Plain",
              "Partial Mode": "Partial",
              "Parent Relationship": "Outer",
              "Parallel Aware": false,
              "Startup Cost": 292092.9,
              "Total Cost": 292092.91,
              "Plan Rows": 1,
              "Plan Width": 8,
              "Actual Startup Time": 1263.609,
              "Actual Total Time": 1263.771,
              "Actual Rows": 1,
              "Actual Loops": 4,
              "Plans": [
                {
                  "Node Type": "Hash Join",
                  "Parent Relationship": "Outer",
                  "Parallel Aware": true,
                  "Join Type": "Inner",
                  "Startup Cost": 247022.96,
                  "Total Cost": 291787.28,
                  "Plan Rows": 122251,
                  "Plan Width": 0,
                  "Actual Startup Time": 924.645,
                  "Actual Total Time": 1210.601,
                  "Actual Rows": 954090,
                  "Actual Loops": 4,
                  "Inner Unique": false,
                  "Hash Cond": "(mk.movie_id = t.id)",
                  "Plans": [
                    {
                      "Node Type": "Seq Scan",
                      "Parent Relationship": "Outer",
                      "Parallel Aware": true,
                      "Relation Name": "movie_keyword",
                      "Alias": "mk",
                      "Startup Cost": 0.0,
                      "Total Cost": 39047.32,
                      "Plan Rows": 1459332,
                      "Plan Width": 4,
                      "Actual Startup Time": 0.023,
                      "Actual Total Time": 112.069,
                      "Actual Rows": 1130982,
                      "Actual Loops": 4
                    },
                    {
                      "Node Type": "Hash",
                      "Parent Relationship": "Inner",
                      "Parallel Aware": true,
                      "Startup Cost": 246493.43,
                      "Total Cost": 246493.43,
                      "Plan Rows": 42362,
                      "Plan Width": 8,
                      "Actual Startup Time": 876.901,
                      "Actual Total Time": 877.061,
                      "Actual Rows": 133312,
                      "Actual Loops": 4,
                      "Hash Buckets": 1048576,
                      "Original Hash Buckets": 262144,
                      "Hash Batches": 1,
                      "Original Hash Batches": 1,
                      "Peak Memory Usage": 35232,
                      "Plans": [
                        {
                          "Node Type": "Hash Join",
                          "Parent Relationship": "Outer",
                          "Parallel Aware": true,
                          "Join Type": "Inner",
                          "Startup Cost": 46261.52,
                          "Total Cost": 246493.43,
                          "Plan Rows": 42362,
                          "Plan Width": 8,
                          "Actual Startup Time": 225.272,
                          "Actual Total Time": 761.113,
                          "Actual Rows": 133312,
                          "Actual Loops": 4,
                          "Inner Unique": true,
                          "Hash Cond": "(mi.movie_id = t.id)",
                          "Plans": [
                            {
                              "Node Type": "Seq Scan",
                              "Parent Relationship": "Outer",
                              "Parallel Aware": true,
                              "Relation Name": "movie_info",
                              "Alias": "mi",
                              "Startup Cost": 0.0,
                              "Total Cost": 199108.24,
                              "Plan Rows": 428064,
                              "Plan Width": 4,
                              "Actual Startup Time": 51.107,
                              "Actual Total Time": 477.917,
                              "Actual Rows": 522767,
                              "Actual Loops": 4,
                              "Filter": "(info_type_id < 3)",
                              "Rows Removed by Filter": 3186163
                            },
                            {
                              "Node Type": "Hash",
                              "Parent Relationship": "Inner",
                              "Parallel Aware": true,
                              "Startup Cost": 45479.59,
                              "Total Cost": 45479.59,
                              "Plan Rows": 62555,
                              "Plan Width": 4,
                              "Actual Startup Time": 150.897,
                              "Actual Total Time": 150.899,
                              "Actual Rows": 91654,
                              "Actual Loops": 4,
                              "Hash Buckets": 524288,
                              "Original Hash Buckets": 262144,
                              "Hash Batches": 1,
                              "Original Hash Batches": 1,
                              "Peak Memory Usage": 20576,
                              "Plans": [
                                {
                                  "Node Type": "Seq Scan",
                                  "Parent Relationship": "Outer",
                                  "Parallel Aware": true,
                                  "Relation Name": "title",
                                  "Alias": "t",
                                  "Startup Cost": 0.0,
                                  "Total Cost": 45479.59,
                                  "Plan Rows": 62555,
                                  "Plan Width": 4,
                                  "Actual Startup Time": 58.943,
                                  "Actual Total Time": 109.982,
                                  "Actual Rows": 91654,
                                  "Actual Loops": 4,
                                  "Filter": "((production_year < 1999) AND (kind_id = 1))",
                                  "Rows Removed by Filter": 540424
                                }
                              ]
                            }
                          ]
                        }
                      ]
                    }
                  ]
                }
              ]
            }
          ]
        }
      ]
    },
    "Planning Time": 0.801,
    "Triggers": [],
    "Execution Time": 1323.894
  }
]