[
  {
    "Plan": {
      "Node Type": "Aggregate",
      "Strategy": "Plain",
      "Partial Mode": "Finalize",
      "Parallel Aware": false,
      "Startup Cost": 292868.64,
      "Total Cost": 292868.65,
      "Plan Rows": 1,
      "Plan Width": 8,
      "Actual Startup Time": 992.909,
      "Actual Total Time": 1040.901,
      "Actual Rows": 1,
      "Actual Loops": 1,
      "Plans": [
        {
          "Node Type": "Gather",
          "Parent Relationship": "Outer",
          "Parallel Aware": false,
          "Startup Cost": 292868.32,
          "Total Cost": 292868.63,
          "Plan Rows": 3,
          "Plan Width": 8,
          "Actual Startup Time": 989.055,
          "Actual Total Time": 1040.889,
          "Actual Rows": 4,
          "Actual Loops": 1,
          "Workers Planned": 3,
          "Workers Launched": 3,
          "Single Copy": false,
          "Plans": [
            {
              "Node Type": "Aggregate",
              "Strategy": "Plain",
              "Partial Mode": "Partial",
              "Parent Relationship": "Outer",
              "Parallel Aware": false,
              "Startup Cost": 291868.32,
              "Total Cost": 291868.33,
              "Plan Rows": 1,
              "Plan Width": 8,
              "Actual Startup Time": 979.619,
              "Actual Total Time": 979.714,
              "Actual Rows": 1,
              "Actual Loops": 4,
              "Plans": [
                {
                  "Node Type": "Hash Join",
                  "Parent Relationship": "Outer",
                  "Parallel Aware": true,
                  "Join Type": "Inner",
                  "Startup Cost": 246814.6,
                  "Total Cost": 291571.7,
                  "Plan Rows": 118646,
                  "Plan Width": 0,
                  "Actual Startup Time": 711.998,
                  "Actual Total Time": 939.845,
                  "Actual Rows": 954090,
                  "Actual Loops": 4,
                  "Inner Unique": false,
                  "Hash Cond": "(mk.movie_id = t.id)",
                  "Plans": [
                    {
                      "Node Type": "Seq Scan",
                      "Parent Relationship": "Outer",
                      "Parallel Aware": true,
                      "Relation Name": "movie_keyword",
                      "Alias": "mk",
                      "Startup Cost": 0.0,
                      "Total Cost": 39047.32,
                      "Plan Rows": 1459332,
                      "Plan Width": 4,
                      "Actual Startup Time": 0.025,
                      "Actual Total Time": 88.389,
                      "Actual Rows": 1130982,
                      "Actual Loops": 4
                    },
                    {
                      "Node Type": "Hash",
                      "Parent Relationship": "Inner",
                      "Parallel Aware": true,
                      "Startup Cost": 246300.71,
                      "Total Cost": 246300.71,
                      "Plan Rows": 41111,
                      "Plan Width": 8,
                      "Actual Startup Time": 671.442,
                      "Actual Total Time": 671.536,
                      "Actual Rows": 133312,
                      "Actual Loops": 4,
                      "Hash Buckets": 1048576,
                      "Original Hash Buckets": 262144,
                      "Hash Batches": 1,
                      "Original Hash Batches": 1,
                      "Peak Memory Usage": 35296,
                      "Plans": [
                        {
                          "Node Type": "Hash Join",
                          "Parent Relationship": "Outer",
                          "Parallel Aware": true,
                          "Join Type": "Inner",
                          "Startup Cost": 46268.67,
                          "Total Cost": 246300.71,
                          "Plan Rows": 41111,
                          "Plan Width": 8,
                          "Actual Startup Time": 188.078,
                          "Actual Total Time": 621.788,
                          "Actual Rows": 133312,
                          "Actual Loops": 4,
                          "Inner Unique": true,
                          "Hash Cond": "(mi.movie_id = t.id)",
                          "Plans": [
                            {
                              "Node Type": "Seq Scan",
                              "Parent Relationship": "Outer",
                              "Parallel Aware": true,
                              "Relation Name": "movie_info",
                              "Alias": "mi",
                              "Startup Cost": 0.0,
                              "Total Cost": 198952.16,
                              "Plan Rows": 411380,
                              "Plan Width": 4,
                              "Actual Startup Time": 39.207,
                              "Actual Total Time": 384.624,
                              "Actual Rows": 522767,
                              "Actual Loops": 4,
                              "Filter": "(info_type_id < 3)",
                              "Rows Removed by Filter": 3186163
                            },
                            {
                              "Node Type": "Hash",
                              "Parent Relationship": "Inner",
                              "Parallel Aware": true,
                              "Startup Cost": 45479.1,
                              "Total Cost": 45479.1,
                              "Plan Rows": 63166,
                              "Plan Width": 4,
                              "Actual Startup Time": 129.072,
                              "Actual Total Time": 129.073,
                              "Actual Rows": 91654,
                              "Actual Loops": 4,
                              "Hash Buckets": 524288,
                              "Original Hash Buckets": 262144,
                              "Hash Batches": 1,
                              "Original Hash Batches": 1,
                              "Peak Memory Usage": 20576,
                              "Plans": [
                                {
                                  "Node Type": "Seq Scan",
                                  "Parent Relationship": "Outer",
                                  "Parallel Aware": true,
                                  "Relation Name": "title",
                                  "Alias": "t",
                                  "Startup Cost": 0.0,
                                  "Total Cost": 45479.1,
                                  "Plan Rows": 63166,
                                  "Plan Width": 4,
                                  "Actual Startup Time": 58.829,
                                  "Actual Total Time": 99.658,
                                  "Actual Rows": 91654,
                                  "Actual Loops": 4,
                                  "Filter": "((production_year < 1999) AND (kind_id = 1))",
                                  "Rows Removed by Filter": 540424
                                }
                              ]
                            }
                          ]
                        }
                      ]
                    }
                  ]
                }
              ]
            }
          ]
        }
      ]
    },
    "Planning Time": 1.379,
    "Triggers": [],
    "Execution Time": 1041.002
  }
]