{
  "Plan": {
    "Node Type": "Aggregate",
    "Strategy": "Plain",
    "Partial Mode": "Finalize",
    "Parallel Aware": false,
    "Startup Cost": 334425.44,
    "Total Cost": 334425.45,
    "Plan Rows": 1,
    "Plan Width": 8,
    "Actual Startup Time": 1564.683,
    "Actual Total Time": 1614.253,
    "Actual Rows": 1,
    "Actual Loops": 1,
    "Plans": [
      {
        "Node Type": "Gather",
        "Parent Relationship": "Outer",
        "Parallel Aware": false,
        "Startup Cost": 334425.33,
        "Total Cost": 334425.44,
        "Plan Rows": 1,
        "Plan Width": 8,
        "Actual Startup Time": 1564.416,
        "Actual Total Time": 1614.243,
        "Actual Rows": 2,
        "Actual Loops": 1,
        "Workers Planned": 1,
        "Workers Launched": 1,
        "Single Copy": false,
        "Plans": [
          {
            "Node Type": "Aggregate",
            "Strategy": "Plain",
            "Partial Mode": "Partial",
            "Parent Relationship": "Outer",
            "Parallel Aware": false,
            "Startup Cost": 333425.33,
            "Total Cost": 333425.34,
            "Plan Rows": 1,
            "Plan Width": 8,
            "Actual Startup Time": 1559.018,
            "Actual Total Time": 1559.022,
            "Actual Rows": 1,
            "Actual Loops": 2,
            "Plans": [
              {
                "Node Type": "Hash Join",
                "Parent Relationship": "Outer",
                "Parallel Aware": true,
                "Join Type": "Inner",
                "Startup Cost": 59843.89,
                "Total Cost": 331627.38,
                "Plan Rows": 719179,
                "Plan Width": 0,
                "Actual Startup Time": 163.089,
                "Actual Total Time": 1547.652,
                "Actual Rows": 266864,
                "Actual Loops": 2,
                "Inner Unique": true,
                "Hash Cond": "(mi.movie_id = t.id)",
                "Plans": [
                  {
                    "Node Type": "Seq Scan",
                    "Parent Relationship": "Outer",
                    "Parallel Aware": true,
                    "Relation Name": "movie_info",
                    "Alias": "mi",
                    "Startup Cost": 0.0,
                    "Total Cost": 248955.74,
                    "Plan Rows": 8696274,
                    "Plan Width": 4,
                    "Actual Startup Time": 0.019,
                    "Actual Total Time": 678.633,
                    "Actual Rows": 7417860,
                    "Actual Loops": 2
                  },
                  {
                    "Node Type": "Hash",
                    "Parent Relationship": "Inner",
                    "Parallel Aware": true,
                    "Startup Cost": 58306.47,
                    "Total Cost": 58306.47,
                    "Plan Rows": 122994,
                    "Plan Width": 4,
                    "Actual Startup Time": 159.92,
                    "Actual Total Time": 159.921,
                    "Actual Rows": 45236,
                    "Actual Loops": 2,
                    "Hash Buckets": 262144,
                    "Original Hash Buckets": 262144,
                    "Hash Batches": 1,
                    "Original Hash Batches": 1,
                    "Peak Memory Usage": 5600,
                    "Plans": [
                      {
                        "Node Type": "Seq Scan",
                        "Parent Relationship": "Outer",
                        "Parallel Aware": true,
                        "Relation Name": "title",
                        "Alias": "t",
                        "Startup Cost": 0.0,
                        "Total Cost": 58306.47,
                        "Plan Rows": 122994,
                        "Plan Width": 4,
                        "Actual Startup Time": 0.03,
                        "Actual Total Time": 145.176,
                        "Actual Rows": 45236,
                        "Actual Loops": 2,
                        "Filter": "((kind_id > 1) AND (production_year < 1965))",
                        "Rows Removed by Filter": 1218920
                      }
                    ]
                  }
                ]
              }
            ]
          }
        ]
      }
    ]
  },
  "Planning Time": 0.281,
  "Triggers": [],
  "Execution Time": 1614.319
}