[
  {
    "Plan": {
      "Node Type": "Aggregate",
      "Strategy": "Plain",
      "Partial Mode": "Finalize",
      "Parallel Aware": false,
      "Startup Cost": 382481.36,
      "Total Cost": 382481.37,
      "Plan Rows": 1,
      "Plan Width": 8,
      "Actual Startup Time": 1263.759,
      "Actual Total Time": 1315.453,
      "Actual Rows": 1,
      "Actual Loops": 1,
      "Plans": [
        {
          "Node Type": "Gather",
          "Parent Relationship": "Outer",
          "Parallel Aware": false,
          "Startup Cost": 382480.73,
          "Total Cost": 382481.34,
          "Plan Rows": 6,
          "Plan Width": 8,
          "Actual Startup Time": 1258.199,
          "Actual Total Time": 1315.44,
          "Actual Rows": 7,
          "Actual Loops": 1,
          "Workers Planned": 6,
          "Workers Launched": 6,
          "Single Copy": false,
          "Plans": [
            {
              "Node Type": "Aggregate",
              "Strategy": "Plain",
              "Partial Mode": "Partial",
              "Parent Relationship": "Outer",
              "Parallel Aware": false,
              "Startup Cost": 381480.73,
              "Total Cost": 381480.74,
              "Plan Rows": 1,
              "Plan Width": 8,
              "Actual Startup Time": 1246.517,
              "Actual Total Time": 1246.521,
              "Actual Rows": 1,
              "Actual Loops": 7,
              "Plans": [
                {
                  "Node Type": "Hash Join",
                  "Parent Relationship": "Outer",
                  "Parallel Aware": true,
                  "Join Type": "Inner",
                  "Startup Cost": 48044.05,
                  "Total Cost": 379739.94,
                  "Plan Rows": 696316,
                  "Plan Width": 0,
                  "Actual Startup Time": 184.3,
                  "Actual Total Time": 1216.232,
                  "Actual Rows": 591518,
                  "Actual Loops": 7,
                  "Inner Unique": true,
                  "Hash Cond": "(ci.movie_id = t.id)",
                  "Plans": [
                    {
                      "Node Type": "Seq Scan",
                      "Parent Relationship": "Outer",
                      "Parallel Aware": true,
                      "Relation Name": "cast_info",
                      "Alias": "ci",
                      "Startup Cost": 0.0,
                      "Total Cost": 328211.39,
                      "Plan Rows": 1327426,
                      "Plan Width": 4,
                      "Actual Startup Time": 0.037,
                      "Actual Total Time": 583.762,
                      "Actual Rows": 1154346,
                      "Actual Loops": 7,
                      "Filter": "(person_id < 790445)",
                      "Rows Removed by Filter": 4023417
                    },
                    {
                      "Node Type": "Hash",
                      "Parent Relationship": "Inner",
                      "Parallel Aware": true,
                      "Startup Cost": 43899.32,
                      "Total Cost": 43899.32,
                      "Plan Rows": 331578,
                      "Plan Width": 4,
                      "Actual Startup Time": 180.156,
                      "Actual Total Time": 180.157,
                      "Actual Rows": 188980,
                      "Actual Loops": 7,
                      "Hash Buckets": 2097152,
                      "Original Hash Buckets": 2097152,
                      "Hash Batches": 1,
                      "Original Hash Batches": 1,
                      "Peak Memory Usage": 68224,
                      "Plans": [
                        {
                          "Node Type": "Seq Scan",
                          "Parent Relationship": "Outer",
                          "Parallel Aware": true,
                          "Relation Name": "title",
                          "Alias": "t",
                          "Startup Cost": 0.0,
                          "Total Cost": 43899.32,
                          "Plan Rows": 331578,
                          "Plan Width": 4,
                          "Actual Startup Time": 0.041,
                          "Actual Total Time": 80.907,
                          "Actual Rows": 188980,
                          "Actual Loops": 7,
                          "Filter": "(production_year > 2001)",
                          "Rows Removed by Filter": 172207
                        }
                      ]
                    }
                  ]
                }
              ]
            }
          ]
        }
      ]
    },
    "Planning Time": 0.358,
    "Triggers": [],
    "Execution Time": 1315.517
  }
]