[
  {
    "Plan": {
      "Node Type": "Aggregate",
      "Strategy": "Plain",
      "Partial Mode": "Finalize",
      "Parallel Aware": false,
      "Startup Cost": 346820.52,
      "Total Cost": 346820.53,
      "Plan Rows": 1,
      "Plan Width": 8,
      "Actual Startup Time": 885.176,
      "Actual Total Time": 937.005,
      "Actual Rows": 1,
      "Actual Loops": 1,
      "Plans": [
        {
          "Node Type": "Gather",
          "Parent Relationship": "Outer",
          "Parallel Aware": false,
          "Startup Cost": 346819.89,
          "Total Cost": 346820.5,
          "Plan Rows": 6,
          "Plan Width": 8,
          "Actual Startup Time": 884.958,
          "Actual Total Time": 936.993,
          "Actual Rows": 7,
          "Actual Loops": 1,
          "Workers Planned": 6,
          "Workers Launched": 6,
          "Single Copy": false,
          "Plans": [
            {
              "Node Type": "Aggregate",
              "Strategy": "Plain",
              "Partial Mode": "Partial",
              "Parent Relationship": "Outer",
              "Parallel Aware": false,
              "Startup Cost": 345819.89,
              "Total Cost": 345819.9,
              "Plan Rows": 1,
              "Plan Width": 8,
              "Actual Startup Time": 877.081,
              "Actual Total Time": 877.082,
              "Actual Rows": 1,
              "Actual Loops": 7,
              "Plans": [
                {
                  "Node Type": "Seq Scan",
                  "Parent Relationship": "Outer",
                  "Parallel Aware": true,
                  "Relation Name": "cast_info",
                  "Alias": "ci",
                  "Startup Cost": 0.0,
                  "Total Cost": 343316.27,
                  "Plan Rows": 1001448,
                  "Plan Width": 0,
                  "Actual Startup Time": 419.287,
                  "Actual Total Time": 786.346,
                  "Actual Rows": 1506372,
                  "Actual Loops": 7,
                  "Filter": "((person_id > 2338586) AND (role_id > 2))",
                  "Rows Removed by Filter": 3671391
                }
              ]
            }
          ]
        }
      ]
    },
    "Planning Time": 0.136,
    "Triggers": [],
    "Execution Time": 937.057
  }
]