[
  {
    "Plan": {
      "Node Type": "Aggregate",
      "Strategy": "Plain",
      "Partial Mode": "Finalize",
      "Parallel Aware": false,
      "Startup Cost": 32089.86,
      "Total Cost": 32089.87,
      "Plan Rows": 1,
      "Plan Width": 8,
      "Actual Startup Time": 119.063,
      "Actual Total Time": 127.214,
      "Actual Rows": 1,
      "Actual Loops": 1,
      "Plans": [
        {
          "Node Type": "Gather",
          "Parent Relationship": "Outer",
          "Parallel Aware": false,
          "Startup Cost": 32089.54,
          "Total Cost": 32089.85,
          "Plan Rows": 3,
          "Plan Width": 8,
          "Actual Startup Time": 118.948,
          "Actual Total Time": 127.206,
          "Actual Rows": 4,
          "Actual Loops": 1,
          "Workers Planned": 3,
          "Workers Launched": 3,
          "Single Copy": false,
          "Plans": [
            {
              "Node Type": "Aggregate",
              "Strategy": "Plain",
              "Partial Mode": "Partial",
              "Parent Relationship": "Outer",
              "Parallel Aware": false,
              "Startup Cost": 31089.54,
              "Total Cost": 31089.55,
              "Plan Rows": 1,
              "Plan Width": 8,
              "Actual Startup Time": 112.906,
              "Actual Total Time": 112.907,
              "Actual Rows": 1,
              "Actual Loops": 4,
              "Plans": [
                {
                  "Node Type": "Seq Scan",
                  "Parent Relationship": "Outer",
                  "Parallel Aware": true,
                  "Relation Name": "movie_companies",
                  "Alias": "mc",
                  "Startup Cost": 0.0,
                  "Total Cost": 29310.68,
                  "Plan Rows": 711544,
                  "Plan Width": 0,
                  "Actual Startup Time": 0.107,
                  "Actual Total Time": 86.472,
                  "Actual Rows": 551929,
                  "Actual Loops": 4,
                  "Filter": "(company_id > 252)",
                  "Rows Removed by Filter": 100353
                }
              ]
            }
          ]
        }
      ]
    },
    "Planning Time": 0.121,
    "Triggers": [],
    "Execution Time": 127.257
  }
]