[
  {
    "Plan": {
      "Node Type": "Aggregate",
      "Strategy": "Plain",
      "Partial Mode": "Finalize",
      "Parallel Aware": false,
      "Startup Cost": 47164.31,
      "Total Cost": 47164.32,
      "Plan Rows": 1,
      "Plan Width": 8,
      "Actual Startup Time": 172.718,
      "Actual Total Time": 180.778,
      "Actual Rows": 1,
      "Actual Loops": 1,
      "Plans": [
        {
          "Node Type": "Gather",
          "Parent Relationship": "Outer",
          "Parallel Aware": false,
          "Startup Cost": 47164.0,
          "Total Cost": 47164.31,
          "Plan Rows": 3,
          "Plan Width": 8,
          "Actual Startup Time": 172.623,
          "Actual Total Time": 180.77,
          "Actual Rows": 4,
          "Actual Loops": 1,
          "Workers Planned": 3,
          "Workers Launched": 3,
          "Single Copy": false,
          "Plans": [
            {
              "Node Type": "Aggregate",
              "Strategy": "Plain",
              "Partial Mode": "Partial",
              "Parent Relationship": "Outer",
              "Parallel Aware": false,
              "Startup Cost": 46164.0,
              "Total Cost": 46164.01,
              "Plan Rows": 1,
              "Plan Width": 8,
              "Actual Startup Time": 166.006,
              "Actual Total Time": 166.007,
              "Actual Rows": 1,
              "Actual Loops": 4,
              "Plans": [
                {
                  "Node Type": "Seq Scan",
                  "Parent Relationship": "Outer",
                  "Parallel Aware": true,
                  "Relation Name": "movie_keyword",
                  "Alias": "mk",
                  "Startup Cost": 0.0,
                  "Total Cost": 42695.65,
                  "Plan Rows": 1387337,
                  "Plan Width": 0,
                  "Actual Startup Time": 0.051,
                  "Actual Total Time": 120.003,
                  "Actual Rows": 1077444,
                  "Actual Loops": 4,
                  "Filter": "(keyword_id < 65798)",
                  "Rows Removed by Filter": 53538
                }
              ]
            }
          ]
        }
      ]
    },
    "Planning Time": 0.189,
    "Triggers": [],
    "Execution Time": 180.847
  }
]