[
  {
    "Plan": {
      "Node Type": "Aggregate",
      "Strategy": "Plain",
      "Partial Mode": "Finalize",
      "Parallel Aware": false,
      "Startup Cost": 61741.01,
      "Total Cost": 61741.02,
      "Plan Rows": 1,
      "Plan Width": 8,
      "Actual Startup Time": 215.83,
      "Actual Total Time": 231.793,
      "Actual Rows": 1,
      "Actual Loops": 1,
      "Plans": [
        {
          "Node Type": "Gather",
          "Parent Relationship": "Outer",
          "Parallel Aware": false,
          "Startup Cost": 61740.79,
          "Total Cost": 61741.0,
          "Plan Rows": 2,
          "Plan Width": 8,
          "Actual Startup Time": 215.106,
          "Actual Total Time": 231.785,
          "Actual Rows": 3,
          "Actual Loops": 1,
          "Workers Planned": 2,
          "Workers Launched": 2,
          "Single Copy": false,
          "Plans": [
            {
              "Node Type": "Aggregate",
              "Strategy": "Plain",
              "Partial Mode": "Partial",
              "Parent Relationship": "Outer",
              "Parallel Aware": false,
              "Startup Cost": 60740.79,
              "Total Cost": 60740.8,
              "Plan Rows": 1,
              "Plan Width": 8,
              "Actual Startup Time": 211.199,
              "Actual Total Time": 211.202,
              "Actual Rows": 1,
              "Actual Loops": 3,
              "Plans": [
                {
                  "Node Type": "Hash Join",
                  "Parent Relationship": "Outer",
                  "Parallel Aware": true,
                  "Join Type": "Inner",
                  "Startup Cost": 45535.97,
                  "Total Cost": 60730.53,
                  "Plan Rows": 4104,
                  "Plan Width": 0,
                  "Actual Startup Time": 158.774,
                  "Actual Total Time": 210.924,
                  "Actual Rows": 4791,
                  "Actual Loops": 3,
                  "Inner Unique": true,
                  "Hash Cond": "(mi_idx.movie_id = t.id)",
                  "Plans": [
                    {
                      "Node Type": "Seq Scan",
                      "Parent Relationship": "Outer",
                      "Parallel Aware": true,
                      "Relation Name": "movie_info_idx",
                      "Alias": "mi_idx",
                      "Startup Cost": 0.0,
                      "Total Cost": 13685.15,
                      "Plan Rows": 575015,
                      "Plan Width": 4,
                      "Actual Startup Time": 0.01,
                      "Actual Total Time": 41.759,
                      "Actual Rows": 460012,
                      "Actual Loops": 3
                    },
                    {
                      "Node Type": "Hash",
                      "Parent Relationship": "Inner",
                      "Parallel Aware": true,
                      "Startup Cost": 45479.59,
                      "Total Cost": 45479.59,
                      "Plan Rows": 4511,
                      "Plan Width": 4,
                      "Actual Startup Time": 124.076,
                      "Actual Total Time": 124.077,
                      "Actual Rows": 24450,
                      "Actual Loops": 3,
                      "Hash Buckets": 131072,
                      "Original Hash Buckets": 32768,
                      "Hash Batches": 1,
                      "Original Hash Batches": 1,
                      "Peak Memory Usage": 4704,
                      "Plans": [
                        {
                          "Node Type": "Seq Scan",
                          "Parent Relationship": "Outer",
                          "Parallel Aware": true,
                          "Relation Name": "title",
                          "Alias": "t",
                          "Startup Cost": 0.0,
                          "Total Cost": 45479.59,
                          "Plan Rows": 4511,
                          "Plan Width": 4,
                          "Actual Startup Time": 69.184,
                          "Actual Total Time": 112.461,
                          "Actual Rows": 24450,
                          "Actual Loops": 3,
                          "Filter": "((production_year < 1917) AND (kind_id = 1))",
                          "Rows Removed by Filter": 818320
                        }
                      ]
                    }
                  ]
                }
              ]
            }
          ]
        }
      ]
    },
    "Planning Time": 0.654,
    "Triggers": [],
    "Execution Time": 231.866
  }
]