[
    {
        "Bao": {
            "Bao prediction": "NaN",
            "Bao recommended hint": "(no hint)"
        }
    },
    {
        "Plan": {
            "Node Type": "Aggregate",
            "Strategy": "Plain",
            "Partial Mode": "Finalize",
            "Parallel Aware": false,
            "Startup Cost": 27045.02,
            "Total Cost": 27045.03,
            "Plan Rows": 1,
            "Plan Width": 8,
            "Actual Startup Time": 64.418,
            "Actual Total Time": 69.138,
            "Actual Rows": 1,
            "Actual Loops": 1,
            "Output": [
                "count(*)"
            ],
            "Plans": [
                {
                    "Node Type": "Gather",
                    "Parent Relationship": "Outer",
                    "Parallel Aware": false,
                    "Startup Cost": 27044.7,
                    "Total Cost": 27045.01,
                    "Plan Rows": 3,
                    "Plan Width": 8,
                    "Actual Startup Time": 64.204,
                    "Actual Total Time": 69.131,
                    "Actual Rows": 4,
                    "Actual Loops": 1,
                    "Output": [
                        "(PARTIAL count(*))"
                    ],
                    "Workers Planned": 3,
                    "Workers Launched": 3,
                    "Single Copy": false,
                    "Plans": [
                        {
                            "Node Type": "Aggregate",
                            "Strategy": "Plain",
                            "Partial Mode": "Partial",
                            "Parent Relationship": "Outer",
                            "Parallel Aware": false,
                            "Startup Cost": 26044.7,
                            "Total Cost": 26044.71,
                            "Plan Rows": 1,
                            "Plan Width": 8,
                            "Actual Startup Time": 55.592,
                            "Actual Total Time": 55.603,
                            "Actual Rows": 1,
                            "Actual Loops": 4,
                            "Output": [
                                "PARTIAL count(*)"
                            ],
                            "Workers": [
                                {
                                    "Worker Number": 0,
                                    "Actual Startup Time": 52.783,
                                    "Actual Total Time": 52.784,
                                    "Actual Rows": 1,
                                    "Actual Loops": 1
                                },
                                {
                                    "Worker Number": 1,
                                    "Actual Startup Time": 52.808,
                                    "Actual Total Time": 52.81,
                                    "Actual Rows": 1,
                                    "Actual Loops": 1
                                },
                                {
                                    "Worker Number": 2,
                                    "Actual Startup Time": 52.818,
                                    "Actual Total Time": 52.82,
                                    "Actual Rows": 1,
                                    "Actual Loops": 1
                                }
                            ],
                            "Plans": [
                                {
                                    "Node Type": "Bitmap Heap Scan",
                                    "Parent Relationship": "Outer",
                                    "Parallel Aware": true,
                                    "Relation Name": "movie_companies",
                                    "Schema": "public",
                                    "Alias": "mc",
                                    "Startup Cost": 5837.04,
                                    "Total Cost": 25937.63,
                                    "Plan Rows": 42827,
                                    "Plan Width": 0,
                                    "Actual Startup Time": 7.959,
                                    "Actual Total Time": 51.731,
                                    "Actual Rows": 50962,
                                    "Actual Loops": 4,
                                    "Recheck Cond": "(mc.company_id < 139)",
                                    "Rows Removed by Index Recheck": 0,
                                    "Filter": "(mc.company_type_id < 2)",
                                    "Rows Removed by Filter": 15621,
                                    "Exact Heap Blocks": 9709,
                                    "Lossy Heap Blocks": 0,
                                    "Workers": [
                                        {
                                            "Worker Number": 0,
                                            "Actual Startup Time": 5.168,
                                            "Actual Total Time": 49.323,
                                            "Actual Rows": 25034,
                                            "Actual Loops": 1
                                        },
                                        {
                                            "Worker Number": 1,
                                            "Actual Startup Time": 5.315,
                                            "Actual Total Time": 49.521,
                                            "Actual Rows": 24672,
                                            "Actual Loops": 1
                                        },
                                        {
                                            "Worker Number": 2,
                                            "Actual Startup Time": 5.223,
                                            "Actual Total Time": 49.381,
                                            "Actual Rows": 24819,
                                            "Actual Loops": 1
                                        }
                                    ],
                                    "Plans": [
                                        {
                                            "Node Type": "Bitmap Index Scan",
                                            "Parent Relationship": "Outer",
                                            "Parallel Aware": false,
                                            "Index Name": "company_id_movie_companies",
                                            "Startup Cost": 0.0,
                                            "Total Cost": 5803.85,
                                            "Plan Rows": 270856,
                                            "Plan Width": 0,
                                            "Actual Startup Time": 13.007,
                                            "Actual Total Time": 13.007,
                                            "Actual Rows": 266330,
                                            "Actual Loops": 1,
                                            "Index Cond": "(mc.company_id < 139)"
                                        }
                                    ]
                                }
                            ]
                        }
                    ]
                }
            ]
        },
        "Planning Time": 186.629,
        "Triggers": [],
        "Execution Time": 69.199
    }
]