[
  {
    "Plan": {
      "Node Type": "Aggregate",
      "Strategy": "Plain",
      "Partial Mode": "Simple",
      "Parallel Aware": false,
      "Startup Cost": 125340.59,
      "Total Cost": 125340.6,
      "Plan Rows": 1,
      "Plan Width": 32,
      "Actual Startup Time": 539.263,
      "Actual Total Time": 574.192,
      "Actual Rows": 1,
      "Actual Loops": 1,
      "Plans": [
        {
          "Node Type": "Gather",
          "Parent Relationship": "Outer",
          "Parallel Aware": false,
          "Startup Cost": 80651.8,
          "Total Cost": 125340.58,
          "Plan Rows": 1,
          "Plan Width": 17,
          "Actual Startup Time": 432.233,
          "Actual Total Time": 574.147,
          "Actual Rows": 96,
          "Actual Loops": 1,
          "Workers Planned": 4,
          "Workers Launched": 4,
          "Single Copy": false,
          "Plans": [
            {
              "Node Type": "Hash Join",
              "Parent Relationship": "Outer",
              "Parallel Aware": true,
              "Join Type": "Inner",
              "Startup Cost": 79651.8,
              "Total Cost": 124340.48,
              "Plan Rows": 1,
              "Plan Width": 17,
              "Actual Startup Time": 431.633,
              "Actual Total Time": 529.393,
              "Actual Rows": 19,
              "Actual Loops": 5,
              "Inner Unique": false,
              "Hash Cond": "(t.id = mc.movie_id)",
              "Plans": [
                {
                  "Node Type": "Seq Scan",
                  "Parent Relationship": "Outer",
                  "Parallel Aware": true,
                  "Relation Name": "title",
                  "Alias": "t",
                  "Startup Cost": 0.0,
                  "Total Cost": 42318.49,
                  "Plan Rows": 632049,
                  "Plan Width": 21,
                  "Actual Startup Time": 0.022,
                  "Actual Total Time": 85.953,
                  "Actual Rows": 505662,
                  "Actual Loops": 5
                },
                {
                  "Node Type": "Hash",
                  "Parent Relationship": "Inner",
                  "Parallel Aware": true,
                  "Startup Cost": 79651.78,
                  "Total Cost": 79651.78,
                  "Plan Rows": 1,
                  "Plan Width": 8,
                  "Actual Startup Time": 399.094,
                  "Actual Total Time": 399.103,
                  "Actual Rows": 19,
                  "Actual Loops": 5,
                  "Hash Buckets": 1024,
                  "Original Hash Buckets": 1024,
                  "Hash Batches": 1,
                  "Original Hash Batches": 1,
                  "Peak Memory Usage": 168,
                  "Plans": [
                    {
                      "Node Type": "Hash Join",
                      "Parent Relationship": "Outer",
                      "Parallel Aware": true,
                      "Join Type": "Inner",
                      "Startup Cost": 50230.37,
                      "Total Cost": 79651.78,
                      "Plan Rows": 1,
                      "Plan Width": 8,
                      "Actual Startup Time": 306.881,
                      "Actual Total Time": 398.849,
                      "Actual Rows": 19,
                      "Actual Loops": 5,
                      "Inner Unique": false,
                      "Hash Cond": "(mc.movie_id = mk.movie_id)",
                      "Plans": [
                        {
                          "Node Type": "Hash Join",
                          "Parent Relationship": "Outer",
                          "Parallel Aware": true,
                          "Join Type": "Inner",
                          "Startup Cost": 4725.91,
                          "Total Cost": 34141.84,
                          "Plan Rows": 1458,
                          "Plan Width": 4,
                          "Actual Startup Time": 12.203,
                          "Actual Total Time": 119.46,
                          "Actual Rows": 365,
                          "Actual Loops": 5,
                          "Inner Unique": true,
                          "Hash Cond": "(mc.company_id = cn.id)",
                          "Plans": [
                            {
                              "Node Type": "Seq Scan",
                              "Parent Relationship": "Outer",
                              "Parallel Aware": true,
                              "Relation Name": "movie_companies",
                              "Alias": "mc",
                              "Startup Cost": 0.0,
                              "Total Cost": 27206.55,
                              "Plan Rows": 841655,
                              "Plan Width": 8,
                              "Actual Startup Time": 0.015,
                              "Actual Total Time": 63.733,
                              "Actual Rows": 521826,
                              "Actual Loops": 5
                            },
                            {
                              "Node Type": "Hash",
                              "Parent Relationship": "Inner",
                              "Parallel Aware": true,
                              "Startup Cost": 4722.92,
                              "Total Cost": 4722.92,
                              "Plan Rows": 239,
                              "Plan Width": 4,
                              "Actual Startup Time": 11.243,
                              "Actual Total Time": 11.244,
                              "Actual Rows": 83,
                              "Actual Loops": 5,
                              "Hash Buckets": 1024,
                              "Original Hash Buckets": 1024,
                              "Hash Batches": 1,
                              "Original Hash Batches": 1,
                              "Peak Memory Usage": 168,
                              "Plans": [
                                {
                                  "Node Type": "Seq Scan",
                                  "Parent Relationship": "Outer",
                                  "Parallel Aware": true,
                                  "Relation Name": "company_name",
                                  "Alias": "cn",
                                  "Startup Cost": 0.0,
                                  "Total Cost": 4722.92,
                                  "Plan Rows": 239,
                                  "Plan Width": 4,
                                  "Actual Startup Time": 0.121,
                                  "Actual Total Time": 11.099,
                                  "Actual Rows": 83,
                                  "Actual Loops": 5,
                                  "Filter": "((country_code)::text = '[cl]'::text)",
                                  "Rows Removed by Filter": 46916
                                }
                              ]
                            }
                          ]
                        },
                        {
                          "Node Type": "Hash",
                          "Parent Relationship": "Inner",
                          "Parallel Aware": true,
                          "Startup Cost": 45504.33,
                          "Total Cost": 45504.33,
                          "Plan Rows": 11,
                          "Plan Width": 4,
                          "Actual Startup Time": 279.072,
                          "Actual Total Time": 279.075,
                          "Actual Rows": 8368,
                          "Actual Loops": 5,
                          "Hash Buckets": 65536,
                          "Original Hash Buckets": 1024,
                          "Hash Batches": 1,
                          "Original Hash Batches": 1,
                          "Peak Memory Usage": 2776,
                          "Plans": [
                            {
                              "Node Type": "Hash Join",
                              "Parent Relationship": "Outer",
                              "Parallel Aware": false,
                              "Join Type": "Inner",
                              "Startup Cost": 2626.14,
                              "Total Cost": 45504.33,
                              "Plan Rows": 11,
                              "Plan Width": 4,
                              "Actual Startup Time": 27.542,
                              "Actual Total Time": 220.829,
                              "Actual Rows": 8368,
                              "Actual Loops": 5,
                              "Inner Unique": true,
                              "Hash Cond": "(mk.keyword_id = k.id)",
                              "Plans": [
                                {
                                  "Node Type": "Seq Scan",
                                  "Parent Relationship": "Outer",
                                  "Parallel Aware": true,
                                  "Relation Name": "movie_keyword",
                                  "Alias": "mk",
                                  "Startup Cost": 0.0,
                                  "Total Cost": 39047.32,
                                  "Plan Rows": 1459332,
                                  "Plan Width": 8,
                                  "Actual Startup Time": 0.07,
                                  "Actual Total Time": 114.741,
                                  "Actual Rows": 904786,
                                  "Actual Loops": 5
                                },
                                {
                                  "Node Type": "Hash",
                                  "Parent Relationship": "Inner",
                                  "Parallel Aware": false,
                                  "Startup Cost": 2626.12,
                                  "Total Cost": 2626.12,
                                  "Plan Rows": 1,
                                  "Plan Width": 4,
                                  "Actual Startup Time": 27.364,
                                  "Actual Total Time": 27.365,
                                  "Actual Rows": 1,
                                  "Actual Loops": 5,
                                  "Hash Buckets": 1024,
                                  "Original Hash Buckets": 1024,
                                  "Hash Batches": 1,
                                  "Original Hash Batches": 1,
                                  "Peak Memory Usage": 9,
                                  "Plans": [
                                    {
                                      "Node Type": "Seq Scan",
                                      "Parent Relationship": "Outer",
                                      "Parallel Aware": false,
                                      "Relation Name": "keyword",
                                      "Alias": "k",
                                      "Startup Cost": 0.0,
                                      "Total Cost": 2626.12,
                                      "Plan Rows": 1,
                                      "Plan Width": 4,
                                      "Actual Startup Time": 2.197,
                                      "Actual Total Time": 27.342,
                                      "Actual Rows": 1,
                                      "Actual Loops": 5,
                                      "Filter": "(keyword = 'character-name-in-title'::text)",
                                      "Rows Removed by Filter": 134169
                                    }
                                  ]
                                }
                              ]
                            }
                          ]
                        }
                      ]
                    }
                  ]
                }
              ]
            }
          ]
        }
      ]
    },
    "Planning Time": 4.353,
    "Triggers": [],
    "Execution Time": 574.593
  }
]