{
  "Plan": {
    "Node Type": "Aggregate",
    "Strategy": "Plain",
    "Partial Mode": "Finalize",
    "Parallel Aware": false,
    "Startup Cost": 1045307.52,
    "Total Cost": 1045307.53,
    "Plan Rows": 1,
    "Plan Width": 8,
    "Actual Startup Time": 7224.279,
    "Actual Total Time": 7307.524,
    "Actual Rows": 1,
    "Actual Loops": 1,
    "Plans": [
      {
        "Node Type": "Gather",
        "Parent Relationship": "Outer",
        "Parallel Aware": false,
        "Startup Cost": 1045307.41,
        "Total Cost": 1045307.52,
        "Plan Rows": 1,
        "Plan Width": 8,
        "Actual Startup Time": 7220.265,
        "Actual Total Time": 7307.512,
        "Actual Rows": 2,
        "Actual Loops": 1,
        "Workers Planned": 1,
        "Workers Launched": 1,
        "Single Copy": false,
        "Plans": [
          {
            "Node Type": "Aggregate",
            "Strategy": "Plain",
            "Partial Mode": "Partial",
            "Parent Relationship": "Outer",
            "Parallel Aware": false,
            "Startup Cost": 1044307.41,
            "Total Cost": 1044307.42,
            "Plan Rows": 1,
            "Plan Width": 8,
            "Actual Startup Time": 7212.602,
            "Actual Total Time": 7212.796,
            "Actual Rows": 1,
            "Actual Loops": 2,
            "Plans": [
              {
                "Node Type": "Hash Join",
                "Parent Relationship": "Outer",
                "Parallel Aware": true,
                "Join Type": "Inner",
                "Startup Cost": 641361.51,
                "Total Cost": 1030800.84,
                "Plan Rows": 5402629,
                "Plan Width": 0,
                "Actual Startup Time": 4274.574,
                "Actual Total Time": 7070.493,
                "Actual Rows": 3484006,
                "Actual Loops": 2,
                "Inner Unique": false,
                "Hash Cond": "(mi.movie_id = t.id)",
                "Plans": [
                  {
                    "Node Type": "Seq Scan",
                    "Parent Relationship": "Outer",
                    "Parallel Aware": true,
                    "Relation Name": "movie_info",
                    "Alias": "mi",
                    "Startup Cost": 0.0,
                    "Total Cost": 248955.74,
                    "Plan Rows": 8696274,
                    "Plan Width": 4,
                    "Actual Startup Time": 0.017,
                    "Actual Total Time": 650.646,
                    "Actual Rows": 7417860,
                    "Actual Loops": 2
                  },
                  {
                    "Node Type": "Hash",
                    "Parent Relationship": "Inner",
                    "Parallel Aware": true,
                    "Startup Cost": 629812.08,
                    "Total Cost": 629812.08,
                    "Plan Rows": 923954,
                    "Plan Width": 8,
                    "Actual Startup Time": 4257.187,
                    "Actual Total Time": 4257.378,
                    "Actual Rows": 869276,
                    "Actual Loops": 2,
                    "Hash Buckets": 2097152,
                    "Original Hash Buckets": 2097152,
                    "Hash Batches": 1,
                    "Original Hash Batches": 1,
                    "Peak Memory Usage": 84448,
                    "Plans": [
                      {
                        "Node Type": "Hash Join",
                        "Parent Relationship": "Outer",
                        "Parallel Aware": true,
                        "Join Type": "Inner",
                        "Startup Cost": 59180.93,
                        "Total Cost": 629812.08,
                        "Plan Rows": 923954,
                        "Plan Width": 8,
                        "Actual Startup Time": 231.329,
                        "Actual Total Time": 3957.992,
                        "Actual Rows": 869276,
                        "Actual Loops": 2,
                        "Inner Unique": true,
                        "Hash Cond": "(ci.movie_id = t.id)",
                        "Plans": [
                          {
                            "Node Type": "Seq Scan",
                            "Parent Relationship": "Outer",
                            "Parallel Aware": true,
                            "Relation Name": "cast_info",
                            "Alias": "ci",
                            "Startup Cost": 0.0,
                            "Total Cost": 519069.44,
                            "Plan Rows": 19642522,
                            "Plan Width": 4,
                            "Actual Startup Time": 65.642,
                            "Actual Total Time": 1710.207,
                            "Actual Rows": 16682344,
                            "Actual Loops": 2,
                            "Filter": "(person_id > 279851)",
                            "Rows Removed by Filter": 1439828
                          },
                          {
                            "Node Type": "Hash",
                            "Parent Relationship": "Inner",
                            "Parallel Aware": true,
                            "Startup Cost": 58306.47,
                            "Total Cost": 58306.47,
                            "Plan Rows": 69957,
                            "Plan Width": 4,
                            "Actual Startup Time": 164.922,
                            "Actual Total Time": 164.923,
                            "Actual Rows": 61303,
                            "Actual Loops": 2,
                            "Hash Buckets": 131072,
                            "Original Hash Buckets": 131072,
                            "Hash Batches": 1,
                            "Original Hash Batches": 1,
                            "Peak Memory Usage": 5856,
                            "Plans": [
                              {
                                "Node Type": "Seq Scan",
                                "Parent Relationship": "Outer",
                                "Parallel Aware": true,
                                "Relation Name": "title",
                                "Alias": "t",
                                "Startup Cost": 0.0,
                                "Total Cost": 58306.47,
                                "Plan Rows": 69957,
                                "Plan Width": 4,
                                "Actual Startup Time": 0.024,
                                "Actual Total Time": 145.195,
                                "Actual Rows": 61303,
                                "Actual Loops": 2,
                                "Filter": "((kind_id > 1) AND (production_year = 2011))",
                                "Rows Removed by Filter": 1202853
                              }
                            ]
                          }
                        ]
                      }
                    ]
                  }
                ]
              }
            ]
          }
        ]
      }
    ]
  },
  "Planning Time": 0.98,
  "Triggers": [],
  "Execution Time": 7307.627
}