[
  {
    "Plan": {
      "Node Type": "Aggregate",
      "Strategy": "Plain",
      "Partial Mode": "Finalize",
      "Parallel Aware": false,
      "Startup Cost": 62248.18,
      "Total Cost": 62248.19,
      "Plan Rows": 1,
      "Plan Width": 64,
      "Actual Startup Time": 901.403,
      "Actual Total Time": 994.313,
      "Actual Rows": 1,
      "Actual Loops": 1,
      "Plans": [
        {
          "Node Type": "Gather",
          "Parent Relationship": "Outer",
          "Parallel Aware": false,
          "Startup Cost": 62247.86,
          "Total Cost": 62248.17,
          "Plan Rows": 3,
          "Plan Width": 64,
          "Actual Startup Time": 901.135,
          "Actual Total Time": 994.3,
          "Actual Rows": 4,
          "Actual Loops": 1,
          "Workers Planned": 3,
          "Workers Launched": 3,
          "Single Copy": false,
          "Plans": [
            {
              "Node Type": "Aggregate",
              "Strategy": "Plain",
              "Partial Mode": "Partial",
              "Parent Relationship": "Outer",
              "Parallel Aware": false,
              "Startup Cost": 61247.86,
              "Total Cost": 61247.87,
              "Plan Rows": 1,
              "Plan Width": 64,
              "Actual Startup Time": 890.907,
              "Actual Total Time": 890.913,
              "Actual Rows": 1,
              "Actual Loops": 4,
              "Plans": [
                {
                  "Node Type": "Nested Loop",
                  "Parent Relationship": "Outer",
                  "Parallel Aware": false,
                  "Join Type": "Inner",
                  "Startup Cost": 4735.96,
                  "Total Cost": 61077.35,
                  "Plan Rows": 34102,
                  "Plan Width": 33,
                  "Actual Startup Time": 24.556,
                  "Actual Total Time": 885.189,
                  "Actual Rows": 20010,
                  "Actual Loops": 4,
                  "Inner Unique": false,
                  "Join Filter": "(n1.id = a1.person_id)",
                  "Rows Removed by Join Filter": 0,
                  "Plans": [
                    {
                      "Node Type": "Nested Loop",
                      "Parent Relationship": "Outer",
                      "Parallel Aware": false,
                      "Join Type": "Inner",
                      "Startup Cost": 4735.53,
                      "Total Cost": 54161.58,
                      "Plan Rows": 14212,
                      "Plan Width": 25,
                      "Actual Startup Time": 21.202,
                      "Actual Total Time": 757.081,
                      "Actual Rows": 29522,
                      "Actual Loops": 4,
                      "Inner Unique": true,
                      "Plans": [
                        {
                          "Node Type": "Hash Join",
                          "Parent Relationship": "Outer",
                          "Parallel Aware": false,
                          "Join Type": "Inner",
                          "Startup Cost": 4735.1,
                          "Total Cost": 47690.96,
                          "Plan Rows": 14212,
                          "Plan Width": 21,
                          "Actual Startup Time": 21.051,
                          "Actual Total Time": 564.55,
                          "Actual Rows": 29522,
                          "Actual Loops": 4,
                          "Inner Unique": true,
                          "Hash Cond": "(ci.role_id = rt.id)",
                          "Plans": [
                            {
                              "Node Type": "Nested Loop",
                              "Parent Relationship": "Outer",
                              "Parallel Aware": false,
                              "Join Type": "Inner",
                              "Startup Cost": 4733.94,
                              "Total Cost": 47084.01,
                              "Plan Rows": 170546,
                              "Plan Width": 25,
                              "Actual Startup Time": 17.968,
                              "Actual Total Time": 540.294,
                              "Actual Rows": 102136,
                              "Actual Loops": 4,
                              "Inner Unique": false,
                              "Plans": [
                                {
                                  "Node Type": "Nested Loop",
                                  "Parent Relationship": "Outer",
                                  "Parallel Aware": false,
                                  "Join Type": "Inner",
                                  "Startup Cost": 4733.37,
                                  "Total Cost": 36670.38,
                                  "Plan Rows": 4882,
                                  "Plan Width": 25,
                                  "Actual Startup Time": 17.821,
                                  "Actual Total Time": 207.542,
                                  "Actual Rows": 2198,
                                  "Actual Loops": 4,
                                  "Inner Unique": true,
                                  "Plans": [
                                    {
                                      "Node Type": "Hash Join",
                                      "Parent Relationship": "Outer",
                                      "Parallel Aware": true,
                                      "Join Type": "Inner",
                                      "Startup Cost": 4732.94,
                                      "Total Cost": 34148.88,
                                      "Plan Rows": 4882,
                                      "Plan Width": 4,
                                      "Actual Startup Time": 17.686,
                                      "Actual Total Time": 182.577,
                                      "Actual Rows": 2198,
                                      "Actual Loops": 4,
                                      "Inner Unique": true,
                                      "Hash Cond": "(mc.company_id = cn.id)",
                                      "Plans": [
                                        {
                                          "Node Type": "Seq Scan",
                                          "Parent Relationship": "Outer",
                                          "Parallel Aware": true,
                                          "Relation Name": "movie_companies",
                                          "Alias": "mc",
                                          "Startup Cost": 0.0,
                                          "Total Cost": 27206.55,
                                          "Plan Rows": 841655,
                                          "Plan Width": 8,
                                          "Actual Startup Time": 0.029,
                                          "Actual Total Time": 84.359,
                                          "Actual Rows": 652282,
                                          "Actual Loops": 4
                                        },
                                        {
                                          "Node Type": "Hash",
                                          "Parent Relationship": "Inner",
                                          "Parallel Aware": true,
                                          "Startup Cost": 4722.92,
                                          "Total Cost": 4722.92,
                                          "Plan Rows": 802,
                                          "Plan Width": 4,
                                          "Actual Startup Time": 16.435,
                                          "Actual Total Time": 16.436,
                                          "Actual Rows": 340,
                                          "Actual Loops": 4,
                                          "Hash Buckets": 2048,
                                          "Original Hash Buckets": 2048,
                                          "Hash Batches": 1,
                                          "Original Hash Batches": 1,
                                          "Peak Memory Usage": 144,
                                          "Plans": [
                                            {
                                              "Node Type": "Seq Scan",
                                              "Parent Relationship": "Outer",
                                              "Parallel Aware": true,
                                              "Relation Name": "company_name",
                                              "Alias": "cn",
                                              "Startup Cost": 0.0,
                                              "Total Cost": 4722.92,
                                              "Plan Rows": 802,
                                              "Plan Width": 4,
                                              "Actual Startup Time": 0.077,
                                              "Actual Total Time": 16.04,
                                              "Actual Rows": 340,
                                              "Actual Loops": 4,
                                              "Filter": "((country_code)::text = '[ru]'::text)",
                                              "Rows Removed by Filter": 58409
                                            }
                                          ]
                                        }
                                      ]
                                    },
                                    {
                                      "Node Type": "Index Scan",
                                      "Parent Relationship": "Inner",
                                      "Parallel Aware": false,
                                      "Scan Direction": "Forward",
                                      "Index Name": "title_pkey",
                                      "Relation Name": "title",
                                      "Alias": "t",
                                      "Startup Cost": 0.43,
                                      "Total Cost": 0.52,
                                      "Plan Rows": 1,
                                      "Plan Width": 21,
                                      "Actual Startup Time": 0.01,
                                      "Actual Total Time": 0.01,
                                      "Actual Rows": 1,
                                      "Actual Loops": 8790,
                                      "Index Cond": "(id = mc.movie_id)",
                                      "Rows Removed by Index Recheck": 0
                                    }
                                  ]
                                },
                                {
                                  "Node Type": "Index Scan",
                                  "Parent Relationship": "Inner",
                                  "Parallel Aware": false,
                                  "Scan Direction": "Forward",
                                  "Index Name": "movie_id_cast_info",
                                  "Relation Name": "cast_info",
                                  "Alias": "ci",
                                  "Startup Cost": 0.56,
                                  "Total Cost": 1.78,
                                  "Plan Rows": 35,
                                  "Plan Width": 12,
                                  "Actual Startup Time": 0.016,
                                  "Actual Total Time": 0.14,
                                  "Actual Rows": 46,
                                  "Actual Loops": 8790,
                                  "Index Cond": "(movie_id = t.id)",
                                  "Rows Removed by Index Recheck": 0
                                }
                              ]
                            },
                            {
                              "Node Type": "Hash",
                              "Parent Relationship": "Inner",
                              "Parallel Aware": false,
                              "Startup Cost": 1.15,
                              "Total Cost": 1.15,
                              "Plan Rows": 1,
                              "Plan Width": 4,
                              "Actual Startup Time": 0.085,
                              "Actual Total Time": 0.086,
                              "Actual Rows": 1,
                              "Actual Loops": 4,
                              "Hash Buckets": 1024,
                              "Original Hash Buckets": 1024,
                              "Hash Batches": 1,
                              "Original Hash Batches": 1,
                              "Peak Memory Usage": 9,
                              "Plans": [
                                {
                                  "Node Type": "Seq Scan",
                                  "Parent Relationship": "Outer",
                                  "Parallel Aware": false,
                                  "Relation Name": "role_type",
                                  "Alias": "rt",
                                  "Startup Cost": 0.0,
                                  "Total Cost": 1.15,
                                  "Plan Rows": 1,
                                  "Plan Width": 4,
                                  "Actual Startup Time": 0.064,
                                  "Actual Total Time": 0.067,
                                  "Actual Rows": 1,
                                  "Actual Loops": 4,
                                  "Filter": "((role)::text = 'miscellaneous crew'::text)",
                                  "Rows Removed by Filter": 11
                                }
                              ]
                            }
                          ]
                        },
                        {
                          "Node Type": "Index Only Scan",
                          "Parent Relationship": "Inner",
                          "Parallel Aware": false,
                          "Scan Direction": "Forward",
                          "Index Name": "name_pkey",
                          "Relation Name": "name",
                          "Alias": "n1",
                          "Startup Cost": 0.43,
                          "Total Cost": 0.46,
                          "Plan Rows": 1,
                          "Plan Width": 4,
                          "Actual Startup Time": 0.006,
                          "Actual Total Time": 0.006,
                          "Actual Rows": 1,
                          "Actual Loops": 118090,
                          "Index Cond": "(id = ci.person_id)",
                          "Rows Removed by Index Recheck": 0,
                          "Heap Fetches": 118090
                        }
                      ]
                    },
                    {
                      "Node Type": "Index Scan",
                      "Parent Relationship": "Inner",
                      "Parallel Aware": false,
                      "Scan Direction": "Forward",
                      "Index Name": "person_id_aka_name",
                      "Relation Name": "aka_name",
                      "Alias": "a1",
                      "Startup Cost": 0.42,
                      "Total Cost": 0.46,
                      "Plan Rows": 2,
                      "Plan Width": 20,
                      "Actual Startup Time": 0.004,
                      "Actual Total Time": 0.004,
                      "Actual Rows": 1,
                      "Actual Loops": 118090,
                      "Index Cond": "(person_id = ci.person_id)",
                      "Rows Removed by Index Recheck": 0
                    }
                  ]
                }
              ]
            }
          ]
        }
      ]
    },
    "Planning Time": 12.435,
    "Triggers": [],
    "Execution Time": 994.752
  }
]