{
  "Plan": {
    "Node Type": "Aggregate",
    "Strategy": "Plain",
    "Partial Mode": "Finalize",
    "Parallel Aware": false,
    "Startup Cost": 74832.43,
    "Total Cost": 74832.44,
    "Plan Rows": 1,
    "Plan Width": 8,
    "Actual Startup Time": 365.029,
    "Actual Total Time": 377.389,
    "Actual Rows": 1,
    "Actual Loops": 1,
    "Plans": [
      {
        "Node Type": "Gather",
        "Parent Relationship": "Outer",
        "Parallel Aware": false,
        "Startup Cost": 74832.32,
        "Total Cost": 74832.43,
        "Plan Rows": 1,
        "Plan Width": 8,
        "Actual Startup Time": 364.517,
        "Actual Total Time": 377.38,
        "Actual Rows": 2,
        "Actual Loops": 1,
        "Workers Planned": 1,
        "Workers Launched": 1,
        "Single Copy": false,
        "Plans": [
          {
            "Node Type": "Aggregate",
            "Strategy": "Plain",
            "Partial Mode": "Partial",
            "Parent Relationship": "Outer",
            "Parallel Aware": false,
            "Startup Cost": 73832.32,
            "Total Cost": 73832.33,
            "Plan Rows": 1,
            "Plan Width": 8,
            "Actual Startup Time": 358.987,
            "Actual Total Time": 358.99,
            "Actual Rows": 1,
            "Actual Loops": 2,
            "Plans": [
              {
                "Node Type": "Hash Join",
                "Parent Relationship": "Outer",
                "Parallel Aware": true,
                "Join Type": "Inner",
                "Startup Cost": 55544.19,
                "Total Cost": 73727.98,
                "Plan Rows": 41737,
                "Plan Width": 0,
                "Actual Startup Time": 251.628,
                "Actual Total Time": 357.478,
                "Actual Rows": 21118,
                "Actual Loops": 2,
                "Inner Unique": true,
                "Hash Cond": "(mi_idx.movie_id = t.id)",
                "Plans": [
                  {
                    "Node Type": "Seq Scan",
                    "Parent Relationship": "Outer",
                    "Parallel Aware": true,
                    "Relation Name": "movie_info_idx",
                    "Alias": "mi_idx",
                    "Startup Cost": 0.0,
                    "Total Cost": 16052.85,
                    "Plan Rows": 811785,
                    "Plan Width": 4,
                    "Actual Startup Time": 0.021,
                    "Actual Total Time": 70.698,
                    "Actual Rows": 690018,
                    "Actual Loops": 2
                  },
                  {
                    "Node Type": "Hash",
                    "Parent Relationship": "Inner",
                    "Parallel Aware": true,
                    "Startup Cost": 54588.39,
                    "Total Cost": 54588.39,
                    "Plan Rows": 76464,
                    "Plan Width": 4,
                    "Actual Startup Time": 187.844,
                    "Actual Total Time": 187.844,
                    "Actual Rows": 65162,
                    "Actual Loops": 2,
                    "Hash Buckets": 131072,
                    "Original Hash Buckets": 131072,
                    "Hash Batches": 1,
                    "Original Hash Batches": 1,
                    "Peak Memory Usage": 6144,
                    "Plans": [
                      {
                        "Node Type": "Seq Scan",
                        "Parent Relationship": "Outer",
                        "Parallel Aware": true,
                        "Relation Name": "title",
                        "Alias": "t",
                        "Startup Cost": 0.0,
                        "Total Cost": 54588.39,
                        "Plan Rows": 76464,
                        "Plan Width": 4,
                        "Actual Startup Time": 58.559,
                        "Actual Total Time": 168.465,
                        "Actual Rows": 65162,
                        "Actual Loops": 2,
                        "Filter": "(production_year < 1936)",
                        "Rows Removed by Filter": 1198994
                      }
                    ]
                  }
                ]
              }
            ]
          }
        ]
      }
    ]
  },
  "Planning Time": 0.268,
  "Triggers": [],
  "Execution Time": 377.439
}