[
  {
    "Plan": {
      "Node Type": "Aggregate",
      "Strategy": "Plain",
      "Partial Mode": "Finalize",
      "Parallel Aware": false,
      "Startup Cost": 46019.01,
      "Total Cost": 46019.02,
      "Plan Rows": 1,
      "Plan Width": 8,
      "Actual Startup Time": 160.28,
      "Actual Total Time": 169.717,
      "Actual Rows": 1,
      "Actual Loops": 1,
      "Plans": [
        {
          "Node Type": "Gather",
          "Parent Relationship": "Outer",
          "Parallel Aware": false,
          "Startup Cost": 46018.69,
          "Total Cost": 46019.0,
          "Plan Rows": 3,
          "Plan Width": 8,
          "Actual Startup Time": 160.049,
          "Actual Total Time": 169.708,
          "Actual Rows": 4,
          "Actual Loops": 1,
          "Workers Planned": 3,
          "Workers Launched": 3,
          "Single Copy": false,
          "Plans": [
            {
              "Node Type": "Aggregate",
              "Strategy": "Plain",
              "Partial Mode": "Partial",
              "Parent Relationship": "Outer",
              "Parallel Aware": false,
              "Startup Cost": 45018.69,
              "Total Cost": 45018.7,
              "Plan Rows": 1,
              "Plan Width": 8,
              "Actual Startup Time": 151.832,
              "Actual Total Time": 151.833,
              "Actual Rows": 1,
              "Actual Loops": 4,
              "Plans": [
                {
                  "Node Type": "Seq Scan",
                  "Parent Relationship": "Outer",
                  "Parallel Aware": true,
                  "Relation Name": "movie_keyword",
                  "Alias": "mk",
                  "Startup Cost": 0.0,
                  "Total Cost": 42695.65,
                  "Plan Rows": 929215,
                  "Plan Width": 0,
                  "Actual Startup Time": 0.064,
                  "Actual Total Time": 119.263,
                  "Actual Rows": 719318,
                  "Actual Loops": 4,
                  "Filter": "(keyword_id < 8936)",
                  "Rows Removed by Filter": 411664
                }
              ]
            }
          ]
        }
      ]
    },
    "Planning Time": 0.126,
    "Triggers": [],
    "Execution Time": 169.755
  }
]