[
  {
    "Plan": {
      "Node Type": "Aggregate",
      "Strategy": "Plain",
      "Partial Mode": "Finalize",
      "Parallel Aware": false,
      "Startup Cost": 32814.66,
      "Total Cost": 32814.67,
      "Plan Rows": 1,
      "Plan Width": 8,
      "Actual Startup Time": 79.403,
      "Actual Total Time": 85.162,
      "Actual Rows": 1,
      "Actual Loops": 1,
      "Plans": [
        {
          "Node Type": "Gather",
          "Parent Relationship": "Outer",
          "Parallel Aware": false,
          "Startup Cost": 32814.35,
          "Total Cost": 32814.66,
          "Plan Rows": 3,
          "Plan Width": 8,
          "Actual Startup Time": 79.284,
          "Actual Total Time": 85.153,
          "Actual Rows": 4,
          "Actual Loops": 1,
          "Workers Planned": 3,
          "Workers Launched": 3,
          "Single Copy": false,
          "Plans": [
            {
              "Node Type": "Aggregate",
              "Strategy": "Plain",
              "Partial Mode": "Partial",
              "Parent Relationship": "Outer",
              "Parallel Aware": false,
              "Startup Cost": 31814.35,
              "Total Cost": 31814.36,
              "Plan Rows": 1,
              "Plan Width": 8,
              "Actual Startup Time": 74.839,
              "Actual Total Time": 74.84,
              "Actual Rows": 1,
              "Actual Loops": 4,
              "Plans": [
                {
                  "Node Type": "Seq Scan",
                  "Parent Relationship": "Outer",
                  "Parallel Aware": true,
                  "Relation Name": "movie_companies",
                  "Alias": "mc",
                  "Startup Cost": 0.0,
                  "Total Cost": 31414.82,
                  "Plan Rows": 159811,
                  "Plan Width": 0,
                  "Actual Startup Time": 44.038,
                  "Actual Total Time": 71.835,
                  "Actual Rows": 72714,
                  "Actual Loops": 4,
                  "Filter": "((company_id < 4264) AND (company_type_id = 2))",
                  "Rows Removed by Filter": 579568
                }
              ]
            }
          ]
        }
      ]
    },
    "Planning Time": 0.228,
    "Triggers": [],
    "Execution Time": 85.219
  }
]