{
  "Plan": {
    "Node Type": "Aggregate",
    "Strategy": "Plain",
    "Partial Mode": "Finalize",
    "Parallel Aware": false,
    "Startup Cost": 176109.35,
    "Total Cost": 176109.36,
    "Plan Rows": 1,
    "Plan Width": 8,
    "Actual Startup Time": 521.157,
    "Actual Total Time": 540.556,
    "Actual Rows": 1,
    "Actual Loops": 1,
    "Plans": [
      {
        "Node Type": "Gather",
        "Parent Relationship": "Outer",
        "Parallel Aware": false,
        "Startup Cost": 176109.24,
        "Total Cost": 176109.35,
        "Plan Rows": 1,
        "Plan Width": 8,
        "Actual Startup Time": 520.361,
        "Actual Total Time": 540.546,
        "Actual Rows": 2,
        "Actual Loops": 1,
        "Workers Planned": 1,
        "Workers Launched": 1,
        "Single Copy": false,
        "Plans": [
          {
            "Node Type": "Aggregate",
            "Strategy": "Plain",
            "Partial Mode": "Partial",
            "Parent Relationship": "Outer",
            "Parallel Aware": false,
            "Startup Cost": 175109.24,
            "Total Cost": 175109.25,
            "Plan Rows": 1,
            "Plan Width": 8,
            "Actual Startup Time": 514.31,
            "Actual Total Time": 514.314,
            "Actual Rows": 1,
            "Actual Loops": 2,
            "Plans": [
              {
                "Node Type": "Nested Loop",
                "Parent Relationship": "Outer",
                "Parallel Aware": false,
                "Join Type": "Inner",
                "Startup Cost": 28810.18,
                "Total Cost": 174956.54,
                "Plan Rows": 61082,
                "Plan Width": 0,
                "Actual Startup Time": 107.957,
                "Actual Total Time": 509.489,
                "Actual Rows": 110150,
                "Actual Loops": 2,
                "Inner Unique": false,
                "Plans": [
                  {
                    "Node Type": "Hash Join",
                    "Parent Relationship": "Outer",
                    "Parallel Aware": true,
                    "Join Type": "Inner",
                    "Startup Cost": 28809.75,
                    "Total Cost": 92361.11,
                    "Plan Rows": 45698,
                    "Plan Width": 8,
                    "Actual Startup Time": 107.814,
                    "Actual Total Time": 369.568,
                    "Actual Rows": 70722,
                    "Actual Loops": 2,
                    "Inner Unique": false,
                    "Hash Cond": "(t.id = mc.movie_id)",
                    "Plans": [
                      {
                        "Node Type": "Seq Scan",
                        "Parent Relationship": "Outer",
                        "Parallel Aware": true,
                        "Relation Name": "title",
                        "Alias": "t",
                        "Startup Cost": 0.0,
                        "Total Cost": 58306.47,
                        "Plan Rows": 796173,
                        "Plan Width": 4,
                        "Actual Startup Time": 0.013,
                        "Actual Total Time": 146.246,
                        "Actual Rows": 663890,
                        "Actual Loops": 2,
                        "Filter": "((production_year < 2012) AND (kind_id = 7))",
                        "Rows Removed by Filter": 600266
                      },
                      {
                        "Node Type": "Hash",
                        "Parent Relationship": "Inner",
                        "Parallel Aware": true,
                        "Startup Cost": 27742.72,
                        "Total Cost": 27742.72,
                        "Plan Rows": 85362,
                        "Plan Width": 4,
                        "Actual Startup Time": 104.419,
                        "Actual Total Time": 104.42,
                        "Actual Rows": 112192,
                        "Actual Loops": 2,
                        "Hash Buckets": 262144,
                        "Original Hash Buckets": 262144,
                        "Hash Batches": 1,
                        "Original Hash Batches": 1,
                        "Peak Memory Usage": 10848,
                        "Plans": [
                          {
                            "Node Type": "Bitmap Heap Scan",
                            "Parent Relationship": "Outer",
                            "Parallel Aware": true,
                            "Relation Name": "movie_companies",
                            "Alias": "mc",
                            "Startup Cost": 6351.63,
                            "Total Cost": 27742.72,
                            "Plan Rows": 85362,
                            "Plan Width": 4,
                            "Actual Startup Time": 29.851,
                            "Actual Total Time": 80.65,
                            "Actual Rows": 112192,
                            "Actual Loops": 2,
                            "Recheck Cond": "(company_id < 160)",
                            "Rows Removed by Index Recheck": 0,
                            "Filter": "(company_type_id = 1)",
                            "Rows Removed by Filter": 34246,
                            "Exact Heap Blocks": 12010,
                            "Lossy Heap Blocks": 0,
                            "Plans": [
                              {
                                "Node Type": "Bitmap Index Scan",
                                "Parent Relationship": "Outer",
                                "Parallel Aware": false,
                                "Index Name": "company_id_movie_companies",
                                "Startup Cost": 0.0,
                                "Total Cost": 6315.35,
                                "Plan Rows": 294790,
                                "Plan Width": 0,
                                "Actual Startup Time": 28.63,
                                "Actual Total Time": 28.63,
                                "Actual Rows": 292877,
                                "Actual Loops": 1,
                                "Index Cond": "(company_id < 160)"
                              }
                            ]
                          }
                        ]
                      }
                    ]
                  },
                  {
                    "Node Type": "Index Scan",
                    "Parent Relationship": "Inner",
                    "Parallel Aware": false,
                    "Scan Direction": "Forward",
                    "Index Name": "movie_id_movie_keyword",
                    "Relation Name": "movie_keyword",
                    "Alias": "mk",
                    "Startup Cost": 0.43,
                    "Total Cost": 1.47,
                    "Plan Rows": 34,
                    "Plan Width": 4,
                    "Actual Startup Time": 0.001,
                    "Actual Total Time": 0.002,
                    "Actual Rows": 2,
                    "Actual Loops": 141443,
                    "Index Cond": "(movie_id = t.id)",
                    "Rows Removed by Index Recheck": 0,
                    "Filter": "(keyword_id < 16264)",
                    "Rows Removed by Filter": 1
                  }
                ]
              }
            ]
          }
        ]
      }
    ]
  },
  "Planning Time": 1.116,
  "Triggers": [],
  "Execution Time": 540.663
}