[
  {
    "Plan": {
      "Node Type": "Aggregate",
      "Strategy": "Plain",
      "Partial Mode": "Finalize",
      "Parallel Aware": false,
      "Startup Cost": 112615.22,
      "Total Cost": 112615.23,
      "Plan Rows": 1,
      "Plan Width": 8,
      "Actual Startup Time": 411.494,
      "Actual Total Time": 435.438,
      "Actual Rows": 1,
      "Actual Loops": 1,
      "Plans": [
        {
          "Node Type": "Gather",
          "Parent Relationship": "Outer",
          "Parallel Aware": false,
          "Startup Cost": 112614.91,
          "Total Cost": 112615.22,
          "Plan Rows": 3,
          "Plan Width": 8,
          "Actual Startup Time": 408.384,
          "Actual Total Time": 435.427,
          "Actual Rows": 4,
          "Actual Loops": 1,
          "Workers Planned": 3,
          "Workers Launched": 3,
          "Single Copy": false,
          "Plans": [
            {
              "Node Type": "Aggregate",
              "Strategy": "Plain",
              "Partial Mode": "Partial",
              "Parent Relationship": "Outer",
              "Parallel Aware": false,
              "Startup Cost": 111614.91,
              "Total Cost": 111614.92,
              "Plan Rows": 1,
              "Plan Width": 8,
              "Actual Startup Time": 401.632,
              "Actual Total Time": 401.753,
              "Actual Rows": 1,
              "Actual Loops": 4,
              "Plans": [
                {
                  "Node Type": "Hash Join",
                  "Parent Relationship": "Outer",
                  "Parallel Aware": true,
                  "Join Type": "Inner",
                  "Startup Cost": 63610.32,
                  "Total Cost": 111430.7,
                  "Plan Rows": 73683,
                  "Plan Width": 0,
                  "Actual Startup Time": 224.736,
                  "Actual Total Time": 399.656,
                  "Actual Rows": 49043,
                  "Actual Loops": 4,
                  "Inner Unique": false,
                  "Hash Cond": "(mk.movie_id = t.id)",
                  "Plans": [
                    {
                      "Node Type": "Seq Scan",
                      "Parent Relationship": "Outer",
                      "Parallel Aware": true,
                      "Relation Name": "movie_keyword",
                      "Alias": "mk",
                      "Startup Cost": 0.0,
                      "Total Cost": 42695.65,
                      "Plan Rows": 1284725,
                      "Plan Width": 4,
                      "Actual Startup Time": 0.072,
                      "Actual Total Time": 110.849,
                      "Actual Rows": 995632,
                      "Actual Loops": 4,
                      "Filter": "(keyword_id > 382)",
                      "Rows Removed by Filter": 135350
                    },
                    {
                      "Node Type": "Hash",
                      "Parent Relationship": "Inner",
                      "Parallel Aware": true,
                      "Startup Cost": 62855.04,
                      "Total Cost": 62855.04,
                      "Plan Rows": 60422,
                      "Plan Width": 8,
                      "Actual Startup Time": 222.157,
                      "Actual Total Time": 222.273,
                      "Actual Rows": 16144,
                      "Actual Loops": 4,
                      "Hash Buckets": 262144,
                      "Original Hash Buckets": 262144,
                      "Hash Batches": 1,
                      "Original Hash Batches": 1,
                      "Peak Memory Usage": 4640,
                      "Plans": [
                        {
                          "Node Type": "Hash Join",
                          "Parent Relationship": "Outer",
                          "Parallel Aware": true,
                          "Join Type": "Inner",
                          "Startup Cost": 46730.61,
                          "Total Cost": 62855.04,
                          "Plan Rows": 60422,
                          "Plan Width": 8,
                          "Actual Startup Time": 142.514,
                          "Actual Total Time": 216.473,
                          "Actual Rows": 16144,
                          "Actual Loops": 4,
                          "Inner Unique": true,
                          "Hash Cond": "(mi_idx.movie_id = t.id)",
                          "Plans": [
                            {
                              "Node Type": "Seq Scan",
                              "Parent Relationship": "Outer",
                              "Parallel Aware": true,
                              "Relation Name": "movie_info_idx",
                              "Alias": "mi_idx",
                              "Startup Cost": 0.0,
                              "Total Cost": 15122.68,
                              "Plan Rows": 381618,
                              "Plan Width": 4,
                              "Actual Startup Time": 0.013,
                              "Actual Total Time": 36.72,
                              "Actual Rows": 229962,
                              "Actual Loops": 4,
                              "Filter": "(info_type_id < 101)",
                              "Rows Removed by Filter": 115046
                            },
                            {
                              "Node Type": "Hash",
                              "Parent Relationship": "Inner",
                              "Parallel Aware": true,
                              "Startup Cost": 45479.59,
                              "Total Cost": 45479.59,
                              "Plan Rows": 100082,
                              "Plan Width": 4,
                              "Actual Startup Time": 140.443,
                              "Actual Total Time": 140.444,
                              "Actual Rows": 108554,
                              "Actual Loops": 4,
                              "Hash Buckets": 524288,
                              "Original Hash Buckets": 524288,
                              "Hash Batches": 1,
                              "Original Hash Batches": 1,
                              "Peak Memory Usage": 21152,
                              "Plans": [
                                {
                                  "Node Type": "Seq Scan",
                                  "Parent Relationship": "Outer",
                                  "Parallel Aware": true,
                                  "Relation Name": "title",
                                  "Alias": "t",
                                  "Startup Cost": 0.0,
                                  "Total Cost": 45479.59,
                                  "Plan Rows": 100082,
                                  "Plan Width": 4,
                                  "Actual Startup Time": 0.036,
                                  "Actual Total Time": 99.791,
                                  "Actual Rows": 108554,
                                  "Actual Loops": 4,
                                  "Filter": "((production_year > 2008) AND (kind_id = 7))",
                                  "Rows Removed by Filter": 523524
                                }
                              ]
                            }
                          ]
                        }
                      ]
                    }
                  ]
                }
              ]
            }
          ]
        }
      ]
    },
    "Planning Time": 1.432,
    "Triggers": [],
    "Execution Time": 435.526
  }
]