{
    "Plan": {
        "Node Type": "Aggregate",
        "Strategy": "Plain",
        "Partial Mode": "Finalize",
        "Parallel Aware": false,
        "Startup Cost": 152427.55,
        "Total Cost": 152427.56,
        "Plan Rows": 1,
        "Plan Width": 8,
        "Actual Startup Time": 577.558,
        "Actual Total Time": 603.156,
        "Actual Rows": 1,
        "Actual Loops": 1,
        "Output": [
            "count(*)"
        ],
        "Plans": [
            {
                "Node Type": "Gather",
                "Parent Relationship": "Outer",
                "Parallel Aware": false,
                "Startup Cost": 152427.03,
                "Total Cost": 152427.54,
                "Plan Rows": 5,
                "Plan Width": 8,
                "Actual Startup Time": 570.74,
                "Actual Total Time": 603.145,
                "Actual Rows": 6,
                "Actual Loops": 1,
                "Output": [
                    "(PARTIAL count(*))"
                ],
                "Workers Planned": 5,
                "Workers Launched": 5,
                "Single Copy": false,
                "Plans": [
                    {
                        "Node Type": "Aggregate",
                        "Strategy": "Plain",
                        "Partial Mode": "Partial",
                        "Parent Relationship": "Outer",
                        "Parallel Aware": false,
                        "Startup Cost": 151427.03,
                        "Total Cost": 151427.04,
                        "Plan Rows": 1,
                        "Plan Width": 8,
                        "Actual Startup Time": 557.033,
                        "Actual Total Time": 557.173,
                        "Actual Rows": 1,
                        "Actual Loops": 6,
                        "Output": [
                            "PARTIAL count(*)"
                        ],
                        "Workers": [
                            {
                                "Worker Number": 0,
                                "Actual Startup Time": 554.313,
                                "Actual Total Time": 554.32,
                                "Actual Rows": 1,
                                "Actual Loops": 1
                            },
                            {
                                "Worker Number": 1,
                                "Actual Startup Time": 554.255,
                                "Actual Total Time": 554.26,
                                "Actual Rows": 1,
                                "Actual Loops": 1
                            },
                            {
                                "Worker Number": 2,
                                "Actual Startup Time": 554.316,
                                "Actual Total Time": 554.322,
                                "Actual Rows": 1,
                                "Actual Loops": 1
                            },
                            {
                                "Worker Number": 3,
                                "Actual Startup Time": 554.337,
                                "Actual Total Time": 554.341,
                                "Actual Rows": 1,
                                "Actual Loops": 1
                            },
                            {
                                "Worker Number": 4,
                                "Actual Startup Time": 555.243,
                                "Actual Total Time": 555.248,
                                "Actual Rows": 1,
                                "Actual Loops": 1
                            }
                        ],
                        "Plans": [
                            {
                                "Node Type": "Hash Join",
                                "Parent Relationship": "Outer",
                                "Parallel Aware": true,
                                "Join Type": "Inner",
                                "Startup Cost": 77400.55,
                                "Total Cost": 151332.93,
                                "Plan Rows": 37641,
                                "Plan Width": 0,
                                "Actual Startup Time": 296.249,
                                "Actual Total Time": 551.721,
                                "Actual Rows": 86076,
                                "Actual Loops": 6,
                                "Inner Unique": false,
                                "Hash Cond": "(ci.movie_id = t.id)",
                                "Workers": [
                                    {
                                        "Worker Number": 0,
                                        "Actual Startup Time": 293.621,
                                        "Actual Total Time": 549.301,
                                        "Actual Rows": 71027,
                                        "Actual Loops": 1
                                    },
                                    {
                                        "Worker Number": 1,
                                        "Actual Startup Time": 293.657,
                                        "Actual Total Time": 548.745,
                                        "Actual Rows": 78089,
                                        "Actual Loops": 1
                                    },
                                    {
                                        "Worker Number": 2,
                                        "Actual Startup Time": 293.718,
                                        "Actual Total Time": 548.669,
                                        "Actual Rows": 80201,
                                        "Actual Loops": 1
                                    },
                                    {
                                        "Worker Number": 3,
                                        "Actual Startup Time": 293.57,
                                        "Actual Total Time": 548.811,
                                        "Actual Rows": 78705,
                                        "Actual Loops": 1
                                    },
                                    {
                                        "Worker Number": 4,
                                        "Actual Startup Time": 294.04,
                                        "Actual Total Time": 549.823,
                                        "Actual Rows": 77104,
                                        "Actual Loops": 1
                                    }
                                ],
                                "Plans": [
                                    {
                                        "Node Type": "Index Scan",
                                        "Parent Relationship": "Outer",
                                        "Parallel Aware": true,
                                        "Scan Direction": "Forward",
                                        "Index Name": "role_id_cast_info",
                                        "Relation Name": "cast_info",
                                        "Schema": "public",
                                        "Alias": "ci",
                                        "Startup Cost": 0.56,
                                        "Total Cost": 72121.93,
                                        "Plan Rows": 457844,
                                        "Plan Width": 4,
                                        "Actual Startup Time": 0.169,
                                        "Actual Total Time": 138.385,
                                        "Actual Rows": 397419,
                                        "Actual Loops": 6,
                                        "Output": [
                                            "ci.id",
                                            "ci.person_id",
                                            "ci.movie_id",
                                            "ci.person_role_id",
                                            "ci.note",
                                            "ci.nr_order",
                                            "ci.role_id"
                                        ],
                                        "Index Cond": "(ci.role_id = 4)",
                                        "Rows Removed by Index Recheck": 0,
                                        "Filter": "(ci.person_id > 481349)",
                                        "Rows Removed by Filter": 57405,
                                        "Workers": [
                                            {
                                                "Worker Number": 0,
                                                "Actual Startup Time": 0.108,
                                                "Actual Total Time": 134.993,
                                                "Actual Rows": 323867,
                                                "Actual Loops": 1
                                            },
                                            {
                                                "Worker Number": 1,
                                                "Actual Startup Time": 0.268,
                                                "Actual Total Time": 141.658,
                                                "Actual Rows": 362068,
                                                "Actual Loops": 1
                                            },
                                            {
                                                "Worker Number": 2,
                                                "Actual Startup Time": 0.167,
                                                "Actual Total Time": 142.841,
                                                "Actual Rows": 360581,
                                                "Actual Loops": 1
                                            },
                                            {
                                                "Worker Number": 3,
                                                "Actual Startup Time": 0.085,
                                                "Actual Total Time": 142.931,
                                                "Actual Rows": 360699,
                                                "Actual Loops": 1
                                            },
                                            {
                                                "Worker Number": 4,
                                                "Actual Startup Time": 0.356,
                                                "Actual Total Time": 142.975,
                                                "Actual Rows": 361500,
                                                "Actual Loops": 1
                                            }
                                        ]
                                    },
                                    {
                                        "Node Type": "Hash",
                                        "Parent Relationship": "Inner",
                                        "Parallel Aware": true,
                                        "Startup Cost": 76750.41,
                                        "Total Cost": 76750.41,
                                        "Plan Rows": 51966,
                                        "Plan Width": 8,
                                        "Actual Startup Time": 294.345,
                                        "Actual Total Time": 294.482,
                                        "Actual Rows": 66980,
                                        "Actual Loops": 6,
                                        "Output": [
                                            "t.id",
                                            "mc.movie_id"
                                        ],
                                        "Hash Buckets": 524288,
                                        "Original Hash Buckets": 262144,
                                        "Hash Batches": 1,
                                        "Original Hash Batches": 1,
                                        "Peak Memory Usage": 21984,
                                        "Workers": [
                                            {
                                                "Worker Number": 0,
                                                "Actual Startup Time": 292.825,
                                                "Actual Total Time": 292.829,
                                                "Actual Rows": 47982,
                                                "Actual Loops": 1
                                            },
                                            {
                                                "Worker Number": 1,
                                                "Actual Startup Time": 292.884,
                                                "Actual Total Time": 292.888,
                                                "Actual Rows": 64683,
                                                "Actual Loops": 1
                                            },
                                            {
                                                "Worker Number": 2,
                                                "Actual Startup Time": 293.015,
                                                "Actual Total Time": 293.019,
                                                "Actual Rows": 64345,
                                                "Actual Loops": 1
                                            },
                                            {
                                                "Worker Number": 3,
                                                "Actual Startup Time": 293.106,
                                                "Actual Total Time": 293.109,
                                                "Actual Rows": 64849,
                                                "Actual Loops": 1
                                            },
                                            {
                                                "Worker Number": 4,
                                                "Actual Startup Time": 293.076,
                                                "Actual Total Time": 293.08,
                                                "Actual Rows": 64241,
                                                "Actual Loops": 1
                                            }
                                        ],
                                        "Plans": [
                                            {
                                                "Node Type": "Hash Join",
                                                "Parent Relationship": "Outer",
                                                "Parallel Aware": true,
                                                "Join Type": "Inner",
                                                "Startup Cost": 31439.42,
                                                "Total Cost": 76750.41,
                                                "Plan Rows": 51966,
                                                "Plan Width": 8,
                                                "Actual Startup Time": 110.114,
                                                "Actual Total Time": 255.137,
                                                "Actual Rows": 66980,
                                                "Actual Loops": 6,
                                                "Output": [
                                                    "t.id",
                                                    "mc.movie_id"
                                                ],
                                                "Inner Unique": false,
                                                "Hash Cond": "(t.id = mc.movie_id)",
                                                "Workers": [
                                                    {
                                                        "Worker Number": 0,
                                                        "Actual Startup Time": 108.743,
                                                        "Actual Total Time": 256.48,
                                                        "Actual Rows": 47982,
                                                        "Actual Loops": 1
                                                    },
                                                    {
                                                        "Worker Number": 1,
                                                        "Actual Startup Time": 108.581,
                                                        "Actual Total Time": 253.93,
                                                        "Actual Rows": 64683,
                                                        "Actual Loops": 1
                                                    },
                                                    {
                                                        "Worker Number": 2,
                                                        "Actual Startup Time": 108.867,
                                                        "Actual Total Time": 253.049,
                                                        "Actual Rows": 64345,
                                                        "Actual Loops": 1
                                                    },
                                                    {
                                                        "Worker Number": 3,
                                                        "Actual Startup Time": 108.697,
                                                        "Actual Total Time": 253.286,
                                                        "Actual Rows": 64849,
                                                        "Actual Loops": 1
                                                    },
                                                    {
                                                        "Worker Number": 4,
                                                        "Actual Startup Time": 108.818,
                                                        "Actual Total Time": 253.467,
                                                        "Actual Rows": 64241,
                                                        "Actual Loops": 1
                                                    }
                                                ],
                                                "Plans": [
                                                    {
                                                        "Node Type": "Seq Scan",
                                                        "Parent Relationship": "Outer",
                                                        "Parallel Aware": true,
                                                        "Relation Name": "title",
                                                        "Schema": "public",
                                                        "Alias": "t",
                                                        "Startup Cost": 0.0,
                                                        "Total Cost": 43899.01,
                                                        "Plan Rows": 248871,
                                                        "Plan Width": 4,
                                                        "Actual Startup Time": 0.03,
                                                        "Actual Total Time": 77.488,
                                                        "Actual Rows": 164175,
                                                        "Actual Loops": 6,
                                                        "Output": [
                                                            "t.id",
                                                            "t.title",
                                                            "t.imdb_index",
                                                            "t.kind_id",
                                                            "t.production_year",
                                                            "t.imdb_id",
                                                            "t.phonetic_code",
                                                            "t.episode_of_id",
                                                            "t.season_nr",
                                                            "t.episode_nr",
                                                            "t.series_years",
                                                            "t.md5sum"
                                                        ],
                                                        "Filter": "(t.kind_id < 7)",
                                                        "Rows Removed by Filter": 257211,
                                                        "Workers": [
                                                            {
                                                                "Worker Number": 0,
                                                                "Actual Startup Time": 0.03,
                                                                "Actual Total Time": 77.705,
                                                                "Actual Rows": 117893,
                                                                "Actual Loops": 1
                                                            },
                                                            {
                                                                "Worker Number": 1,
                                                                "Actual Startup Time": 0.036,
                                                                "Actual Total Time": 79.751,
                                                                "Actual Rows": 158511,
                                                                "Actual Loops": 1
                                                            },
                                                            {
                                                                "Worker Number": 2,
                                                                "Actual Startup Time": 0.029,
                                                                "Actual Total Time": 79.765,
                                                                "Actual Rows": 158016,
                                                                "Actual Loops": 1
                                                            },
                                                            {
                                                                "Worker Number": 3,
                                                                "Actual Startup Time": 0.033,
                                                                "Actual Total Time": 79.566,
                                                                "Actual Rows": 157873,
                                                                "Actual Loops": 1
                                                            },
                                                            {
                                                                "Worker Number": 4,
                                                                "Actual Startup Time": 0.046,
                                                                "Actual Total Time": 79.698,
                                                                "Actual Rows": 157235,
                                                                "Actual Loops": 1
                                                            }
                                                        ]
                                                    },
                                                    {
                                                        "Node Type": "Hash",
                                                        "Parent Relationship": "Inner",
                                                        "Parallel Aware": true,
                                                        "Startup Cost": 29310.68,
                                                        "Total Cost": 29310.68,
                                                        "Plan Rows": 170299,
                                                        "Plan Width": 4,
                                                        "Actual Startup Time": 107.538,
                                                        "Actual Total Time": 107.54,
                                                        "Actual Rows": 88075,
                                                        "Actual Loops": 6,
                                                        "Output": [
                                                            "mc.movie_id"
                                                        ],
                                                        "Hash Buckets": 1048576,
                                                        "Original Hash Buckets": 1048576,
                                                        "Hash Batches": 1,
                                                        "Original Hash Batches": 1,
                                                        "Peak Memory Usage": 28928,
                                                        "Workers": [
                                                            {
                                                                "Worker Number": 0,
                                                                "Actual Startup Time": 108.352,
                                                                "Actual Total Time": 108.354,
                                                                "Actual Rows": 79341,
                                                                "Actual Loops": 1
                                                            },
                                                            {
                                                                "Worker Number": 1,
                                                                "Actual Startup Time": 108.324,
                                                                "Actual Total Time": 108.325,
                                                                "Actual Rows": 79892,
                                                                "Actual Loops": 1
                                                            },
                                                            {
                                                                "Worker Number": 2,
                                                                "Actual Startup Time": 108.481,
                                                                "Actual Total Time": 108.482,
                                                                "Actual Rows": 79315,
                                                                "Actual Loops": 1
                                                            },
                                                            {
                                                                "Worker Number": 3,
                                                                "Actual Startup Time": 108.479,
                                                                "Actual Total Time": 108.481,
                                                                "Actual Rows": 78591,
                                                                "Actual Loops": 1
                                                            },
                                                            {
                                                                "Worker Number": 4,
                                                                "Actual Startup Time": 108.689,
                                                                "Actual Total Time": 108.69,
                                                                "Actual Rows": 77655,
                                                                "Actual Loops": 1
                                                            }
                                                        ],
                                                        "Plans": [
                                                            {
                                                                "Node Type": "Seq Scan",
                                                                "Parent Relationship": "Outer",
                                                                "Parallel Aware": true,
                                                                "Relation Name": "movie_companies",
                                                                "Schema": "public",
                                                                "Alias": "mc",
                                                                "Startup Cost": 0.0,
                                                                "Total Cost": 29310.68,
                                                                "Plan Rows": 170299,
                                                                "Plan Width": 4,
                                                                "Actual Startup Time": 40.194,
                                                                "Actual Total Time": 70.877,
                                                                "Actual Rows": 88075,
                                                                "Actual Loops": 6,
                                                                "Output": [
                                                                    "mc.movie_id"
                                                                ],
                                                                "Filter": "(mc.company_id > 72837)",
                                                                "Rows Removed by Filter": 346780,
                                                                "Workers": [
                                                                    {
                                                                        "Worker Number": 0,
                                                                        "Actual Startup Time": 40.171,
                                                                        "Actual Total Time": 71.551,
                                                                        "Actual Rows": 79341,
                                                                        "Actual Loops": 1
                                                                    },
                                                                    {
                                                                        "Worker Number": 1,
                                                                        "Actual Startup Time": 40.161,
                                                                        "Actual Total Time": 71.44,
                                                                        "Actual Rows": 79892,
                                                                        "Actual Loops": 1
                                                                    },
                                                                    {
                                                                        "Worker Number": 2,
                                                                        "Actual Startup Time": 40.197,
                                                                        "Actual Total Time": 71.29,
                                                                        "Actual Rows": 79315,
                                                                        "Actual Loops": 1
                                                                    },
                                                                    {
                                                                        "Worker Number": 3,
                                                                        "Actual Startup Time": 40.189,
                                                                        "Actual Total Time": 71.606,
                                                                        "Actual Rows": 78591,
                                                                        "Actual Loops": 1
                                                                    },
                                                                    {
                                                                        "Worker Number": 4,
                                                                        "Actual Startup Time": 40.213,
                                                                        "Actual Total Time": 71.095,
                                                                        "Actual Rows": 77655,
                                                                        "Actual Loops": 1
                                                                    }
                                                                ]
                                                            }
                                                        ]
                                                    }
                                                ]
                                            }
                                        ]
                                    }
                                ]
                            }
                        ]
                    }
                ]
            }
        ]
    },
    "Planning Time": 1.642,
    "Triggers": [],
    "Execution Time": 603.259
}