[
  {
    "Plan": {
      "Node Type": "Aggregate",
      "Strategy": "Plain",
      "Partial Mode": "Finalize",
      "Parallel Aware": false,
      "Startup Cost": 336745.89,
      "Total Cost": 336745.9,
      "Plan Rows": 1,
      "Plan Width": 8,
      "Actual Startup Time": 733.393,
      "Actual Total Time": 791.889,
      "Actual Rows": 1,
      "Actual Loops": 1,
      "Plans": [
        {
          "Node Type": "Gather",
          "Parent Relationship": "Outer",
          "Parallel Aware": false,
          "Startup Cost": 336745.26,
          "Total Cost": 336745.87,
          "Plan Rows": 6,
          "Plan Width": 8,
          "Actual Startup Time": 733.135,
          "Actual Total Time": 791.876,
          "Actual Rows": 7,
          "Actual Loops": 1,
          "Workers Planned": 6,
          "Workers Launched": 6,
          "Single Copy": false,
          "Plans": [
            {
              "Node Type": "Aggregate",
              "Strategy": "Plain",
              "Partial Mode": "Partial",
              "Parent Relationship": "Outer",
              "Parallel Aware": false,
              "Startup Cost": 335745.26,
              "Total Cost": 335745.27,
              "Plan Rows": 1,
              "Plan Width": 8,
              "Actual Startup Time": 725.145,
              "Actual Total Time": 725.146,
              "Actual Rows": 1,
              "Actual Loops": 7,
              "Plans": [
                {
                  "Node Type": "Seq Scan",
                  "Parent Relationship": "Outer",
                  "Parallel Aware": true,
                  "Relation Name": "cast_info",
                  "Alias": "ci",
                  "Startup Cost": 0.0,
                  "Total Cost": 328162.03,
                  "Plan Rows": 3033294,
                  "Plan Width": 0,
                  "Actual Startup Time": 201.59,
                  "Actual Total Time": 609.776,
                  "Actual Rows": 2598886,
                  "Actual Loops": 7,
                  "Filter": "(person_id > 1791605)",
                  "Rows Removed by Filter": 2578877
                }
              ]
            }
          ]
        }
      ]
    },
    "Planning Time": 0.205,
    "Triggers": [],
    "Execution Time": 791.964
  }
]