{
  "Plan": {
    "Node Type": "Aggregate",
    "Strategy": "Plain",
    "Partial Mode": "Finalize",
    "Parallel Aware": false,
    "Startup Cost": 638199.05,
    "Total Cost": 638199.06,
    "Plan Rows": 1,
    "Plan Width": 8,
    "Actual Startup Time": 3058.158,
    "Actual Total Time": 3127.394,
    "Actual Rows": 1,
    "Actual Loops": 1,
    "Plans": [
      {
        "Node Type": "Gather",
        "Parent Relationship": "Outer",
        "Parallel Aware": false,
        "Startup Cost": 638198.94,
        "Total Cost": 638199.05,
        "Plan Rows": 1,
        "Plan Width": 8,
        "Actual Startup Time": 3057.791,
        "Actual Total Time": 3127.383,
        "Actual Rows": 2,
        "Actual Loops": 1,
        "Workers Planned": 1,
        "Workers Launched": 1,
        "Single Copy": false,
        "Plans": [
          {
            "Node Type": "Aggregate",
            "Strategy": "Plain",
            "Partial Mode": "Partial",
            "Parent Relationship": "Outer",
            "Parallel Aware": false,
            "Startup Cost": 637198.94,
            "Total Cost": 637198.95,
            "Plan Rows": 1,
            "Plan Width": 8,
            "Actual Startup Time": 3051.491,
            "Actual Total Time": 3051.498,
            "Actual Rows": 1,
            "Actual Loops": 2,
            "Plans": [
              {
                "Node Type": "Hash Join",
                "Parent Relationship": "Outer",
                "Parallel Aware": true,
                "Join Type": "Inner",
                "Startup Cost": 86872.52,
                "Total Cost": 635821.44,
                "Plan Rows": 551002,
                "Plan Width": 0,
                "Actual Startup Time": 295.011,
                "Actual Total Time": 3038.782,
                "Actual Rows": 258940,
                "Actual Loops": 2,
                "Inner Unique": false,
                "Hash Cond": "(ci.movie_id = t.id)",
                "Plans": [
                  {
                    "Node Type": "Seq Scan",
                    "Parent Relationship": "Outer",
                    "Parallel Aware": true,
                    "Relation Name": "cast_info",
                    "Alias": "ci",
                    "Startup Cost": 0.0,
                    "Total Cost": 465792.95,
                    "Plan Rows": 21310595,
                    "Plan Width": 4,
                    "Actual Startup Time": 0.011,
                    "Actual Total Time": 1289.093,
                    "Actual Rows": 18122172,
                    "Actual Loops": 2
                  },
                  {
                    "Node Type": "Hash",
                    "Parent Relationship": "Inner",
                    "Parallel Aware": true,
                    "Startup Cost": 86391.85,
                    "Total Cost": 86391.85,
                    "Plan Rows": 38454,
                    "Plan Width": 8,
                    "Actual Startup Time": 293.576,
                    "Actual Total Time": 293.581,
                    "Actual Rows": 8152,
                    "Actual Loops": 2,
                    "Hash Buckets": 65536,
                    "Original Hash Buckets": 65536,
                    "Hash Batches": 1,
                    "Original Hash Batches": 1,
                    "Peak Memory Usage": 1184,
                    "Plans": [
                      {
                        "Node Type": "Hash Join",
                        "Parent Relationship": "Outer",
                        "Parallel Aware": true,
                        "Join Type": "Inner",
                        "Startup Cost": 24961.64,
                        "Total Cost": 86391.85,
                        "Plan Rows": 38454,
                        "Plan Width": 8,
                        "Actual Startup Time": 63.023,
                        "Actual Total Time": 290.532,
                        "Actual Rows": 8152,
                        "Actual Loops": 2,
                        "Inner Unique": false,
                        "Hash Cond": "(t.id = mc.movie_id)",
                        "Plans": [
                          {
                            "Node Type": "Seq Scan",
                            "Parent Relationship": "Outer",
                            "Parallel Aware": true,
                            "Relation Name": "title",
                            "Alias": "t",
                            "Startup Cost": 0.0,
                            "Total Cost": 54588.39,
                            "Plan Rows": 1058501,
                            "Plan Width": 4,
                            "Actual Startup Time": 0.012,
                            "Actual Total Time": 145.271,
                            "Actual Rows": 896692,
                            "Actual Loops": 2,
                            "Filter": "(production_year > 1988)",
                            "Rows Removed by Filter": 367464
                          },
                          {
                            "Node Type": "Hash",
                            "Parent Relationship": "Inner",
                            "Parallel Aware": true,
                            "Startup Cost": 24286.29,
                            "Total Cost": 24286.29,
                            "Plan Rows": 54028,
                            "Plan Width": 4,
                            "Actual Startup Time": 61.788,
                            "Actual Total Time": 61.789,
                            "Actual Rows": 19295,
                            "Actual Loops": 2,
                            "Hash Buckets": 131072,
                            "Original Hash Buckets": 131072,
                            "Hash Batches": 1,
                            "Original Hash Batches": 1,
                            "Peak Memory Usage": 2560,
                            "Plans": [
                              {
                                "Node Type": "Bitmap Heap Scan",
                                "Parent Relationship": "Outer",
                                "Parallel Aware": true,
                                "Relation Name": "movie_companies",
                                "Alias": "mc",
                                "Startup Cost": 3900.13,
                                "Total Cost": 24286.29,
                                "Plan Rows": 54028,
                                "Plan Width": 4,
                                "Actual Startup Time": 48.013,
                                "Actual Total Time": 57.719,
                                "Actual Rows": 19295,
                                "Actual Loops": 2,
                                "Recheck Cond": "(company_id < 41)",
                                "Rows Removed by Index Recheck": 0,
                                "Filter": "(company_type_id > 1)",
                                "Rows Removed by Filter": 71476,
                                "Exact Heap Blocks": 12285,
                                "Lossy Heap Blocks": 0,
                                "Plans": [
                                  {
                                    "Node Type": "Bitmap Index Scan",
                                    "Parent Relationship": "Outer",
                                    "Parallel Aware": false,
                                    "Index Name": "company_id_movie_companies",
                                    "Startup Cost": 0.0,
                                    "Total Cost": 3877.16,
                                    "Plan Rows": 180898,
                                    "Plan Width": 0,
                                    "Actual Startup Time": 20.566,
                                    "Actual Total Time": 20.566,
                                    "Actual Rows": 181543,
                                    "Actual Loops": 1,
                                    "Index Cond": "(company_id < 41)"
                                  }
                                ]
                              }
                            ]
                          }
                        ]
                      }
                    ]
                  }
                ]
              }
            ]
          }
        ]
      }
    ]
  },
  "Planning Time": 1.015,
  "Triggers": [],
  "Execution Time": 3127.524
}