[
  {
    "Plan": {
      "Node Type": "Aggregate",
      "Strategy": "Plain",
      "Partial Mode": "Finalize",
      "Parallel Aware": false,
      "Startup Cost": 21283.44,
      "Total Cost": 21283.45,
      "Plan Rows": 1,
      "Plan Width": 8,
      "Actual Startup Time": 28.052,
      "Actual Total Time": 31.104,
      "Actual Rows": 1,
      "Actual Loops": 1,
      "Plans": [
        {
          "Node Type": "Gather",
          "Parent Relationship": "Outer",
          "Parallel Aware": false,
          "Startup Cost": 21283.33,
          "Total Cost": 21283.44,
          "Plan Rows": 1,
          "Plan Width": 8,
          "Actual Startup Time": 27.783,
          "Actual Total Time": 31.095,
          "Actual Rows": 2,
          "Actual Loops": 1,
          "Workers Planned": 1,
          "Workers Launched": 1,
          "Single Copy": false,
          "Plans": [
            {
              "Node Type": "Aggregate",
              "Strategy": "Plain",
              "Partial Mode": "Partial",
              "Parent Relationship": "Outer",
              "Parallel Aware": false,
              "Startup Cost": 20283.33,
              "Total Cost": 20283.34,
              "Plan Rows": 1,
              "Plan Width": 8,
              "Actual Startup Time": 21.738,
              "Actual Total Time": 21.74,
              "Actual Rows": 1,
              "Actual Loops": 2,
              "Plans": [
                {
                  "Node Type": "Nested Loop",
                  "Parent Relationship": "Outer",
                  "Parallel Aware": false,
                  "Join Type": "Inner",
                  "Startup Cost": 62.43,
                  "Total Cost": 20281.51,
                  "Plan Rows": 729,
                  "Plan Width": 0,
                  "Actual Startup Time": 1.71,
                  "Actual Total Time": 21.472,
                  "Actual Rows": 874,
                  "Actual Loops": 2,
                  "Inner Unique": true,
                  "Plans": [
                    {
                      "Node Type": "Bitmap Heap Scan",
                      "Parent Relationship": "Outer",
                      "Parallel Aware": true,
                      "Relation Name": "movie_companies",
                      "Alias": "mc",
                      "Startup Cost": 62.0,
                      "Total Cost": 7562.37,
                      "Plan Rows": 1637,
                      "Plan Width": 4,
                      "Actual Startup Time": 1.543,
                      "Actual Total Time": 4.848,
                      "Actual Rows": 1715,
                      "Actual Loops": 2,
                      "Recheck Cond": "(company_id = 428)",
                      "Rows Removed by Index Recheck": 0,
                      "Exact Heap Blocks": 947,
                      "Lossy Heap Blocks": 0,
                      "Plans": [
                        {
                          "Node Type": "Bitmap Index Scan",
                          "Parent Relationship": "Outer",
                          "Parallel Aware": false,
                          "Index Name": "company_id_movie_companies",
                          "Startup Cost": 0.0,
                          "Total Cost": 61.3,
                          "Plan Rows": 2783,
                          "Plan Width": 0,
                          "Actual Startup Time": 2.431,
                          "Actual Total Time": 2.432,
                          "Actual Rows": 3430,
                          "Actual Loops": 1,
                          "Index Cond": "(company_id = 428)"
                        }
                      ]
                    },
                    {
                      "Node Type": "Index Scan",
                      "Parent Relationship": "Inner",
                      "Parallel Aware": false,
                      "Scan Direction": "Forward",
                      "Index Name": "title_pkey",
                      "Relation Name": "title",
                      "Alias": "t",
                      "Startup Cost": 0.43,
                      "Total Cost": 7.77,
                      "Plan Rows": 1,
                      "Plan Width": 4,
                      "Actual Startup Time": 0.009,
                      "Actual Total Time": 0.009,
                      "Actual Rows": 1,
                      "Actual Loops": 3430,
                      "Index Cond": "(id = mc.movie_id)",
                      "Rows Removed by Index Recheck": 0,
                      "Filter": "((production_year > 1986) AND (kind_id = 7))",
                      "Rows Removed by Filter": 0
                    }
                  ]
                }
              ]
            }
          ]
        }
      ]
    },
    "Planning Time": 0.696,
    "Triggers": [],
    "Execution Time": 31.197
  }
]