{
    "Plan": {
        "Node Type": "Aggregate",
        "Strategy": "Plain",
        "Partial Mode": "Simple",
        "Parallel Aware": false,
        "Startup Cost": 20001141848.25,
        "Total Cost": 20001141848.26,
        "Plan Rows": 1,
        "Plan Width": 96,
        "Actual Startup Time": 18518.368,
        "Actual Total Time": 18610.618,
        "Actual Rows": 1,
        "Actual Loops": 1,
        "Output": [
            "min(k.keyword)",
            "min(n.name)",
            "min(t.title)"
        ],
        "Plans": [
            {
                "Node Type": "Nested Loop",
                "Parent Relationship": "Outer",
                "Parallel Aware": false,
                "Join Type": "Inner",
                "Startup Cost": 20001141837.12,
                "Total Cost": 20001141848.24,
                "Plan Rows": 1,
                "Plan Width": 48,
                "Actual Startup Time": 15355.629,
                "Actual Total Time": 18610.531,
                "Actual Rows": 31,
                "Actual Loops": 1,
                "Output": [
                    "k.keyword",
                    "n.name",
                    "t.title"
                ],
                "Inner Unique": true,
                "Join Filter": "(mk.movie_id = t.id)",
                "Rows Removed by Join Filter": 0,
                "Plans": [
                    {
                        "Node Type": "Gather",
                        "Parent Relationship": "Outer",
                        "Parallel Aware": false,
                        "Startup Cost": 10001141836.68,
                        "Total Cost": 10001141843.77,
                        "Plan Rows": 1,
                        "Plan Width": 39,
                        "Actual Startup Time": 15355.598,
                        "Actual Total Time": 18609.576,
                        "Actual Rows": 33,
                        "Actual Loops": 1,
                        "Output": [
                            "ci.movie_id",
                            "mk.movie_id",
                            "k.keyword",
                            "n.name"
                        ],
                        "Workers Planned": 4,
                        "Workers Launched": 4,
                        "Single Copy": false,
                        "Plans": [
                            {
                                "Node Type": "Merge Join",
                                "Parent Relationship": "Outer",
                                "Parallel Aware": false,
                                "Join Type": "Inner",
                                "Startup Cost": 10001140836.68,
                                "Total Cost": 10001140843.67,
                                "Plan Rows": 1,
                                "Plan Width": 39,
                                "Actual Startup Time": 17139.429,
                                "Actual Total Time": 17141.019,
                                "Actual Rows": 7,
                                "Actual Loops": 5,
                                "Output": [
                                    "ci.movie_id",
                                    "mk.movie_id",
                                    "k.keyword",
                                    "n.name"
                                ],
                                "Inner Unique": false,
                                "Merge Cond": "(n.id = ci.person_id)",
                                "Workers": [
                                    {
                                        "Worker Number": 0,
                                        "Actual Startup Time": 17533.944,
                                        "Actual Total Time": 17535.219,
                                        "Actual Rows": 5,
                                        "Actual Loops": 1
                                    },
                                    {
                                        "Worker Number": 1,
                                        "Actual Startup Time": 17224.557,
                                        "Actual Total Time": 17225.883,
                                        "Actual Rows": 4,
                                        "Actual Loops": 1
                                    },
                                    {
                                        "Worker Number": 2,
                                        "Actual Startup Time": 17224.556,
                                        "Actual Total Time": 17225.89,
                                        "Actual Rows": 6,
                                        "Actual Loops": 1
                                    },
                                    {
                                        "Worker Number": 3,
                                        "Actual Startup Time": 18361.663,
                                        "Actual Total Time": 18362.852,
                                        "Actual Rows": 6,
                                        "Actual Loops": 1
                                    }
                                ],
                                "Plans": [
                                    {
                                        "Node Type": "Sort",
                                        "Parent Relationship": "Outer",
                                        "Parallel Aware": false,
                                        "Startup Cost": 68640.07,
                                        "Total Cost": 68640.33,
                                        "Plan Rows": 104,
                                        "Plan Width": 19,
                                        "Actual Startup Time": 190.066,
                                        "Actual Total Time": 190.24,
                                        "Actual Rows": 2086,
                                        "Actual Loops": 5,
                                        "Output": [
                                            "n.name",
                                            "n.id"
                                        ],
                                        "Sort Key": [
                                            "n.id"
                                        ],
                                        "Sort Method": "quicksort",
                                        "Sort Space Used": 384,
                                        "Sort Space Type": "Memory",
                                        "Workers": [
                                            {
                                                "Worker Number": 0,
                                                "Actual Startup Time": 188.202,
                                                "Actual Total Time": 188.345,
                                                "Actual Rows": 1827,
                                                "Actual Loops": 1
                                            },
                                            {
                                                "Worker Number": 1,
                                                "Actual Startup Time": 188.162,
                                                "Actual Total Time": 188.299,
                                                "Actual Rows": 1885,
                                                "Actual Loops": 1
                                            },
                                            {
                                                "Worker Number": 2,
                                                "Actual Startup Time": 188.149,
                                                "Actual Total Time": 188.276,
                                                "Actual Rows": 1782,
                                                "Actual Loops": 1
                                            },
                                            {
                                                "Worker Number": 3,
                                                "Actual Startup Time": 187.757,
                                                "Actual Total Time": 187.856,
                                                "Actual Rows": 1331,
                                                "Actual Loops": 1
                                            }
                                        ],
                                        "Plans": [
                                            {
                                                "Node Type": "Seq Scan",
                                                "Parent Relationship": "Outer",
                                                "Parallel Aware": true,
                                                "Relation Name": "name",
                                                "Schema": "public",
                                                "Alias": "n",
                                                "Startup Cost": 0.0,
                                                "Total Cost": 68636.59,
                                                "Plan Rows": 104,
                                                "Plan Width": 19,
                                                "Actual Startup Time": 12.086,
                                                "Actual Total Time": 189.126,
                                                "Actual Rows": 2142,
                                                "Actual Loops": 5,
                                                "Output": [
                                                    "n.name",
                                                    "n.id"
                                                ],
                                                "Filter": "(n.name ~~ '%Williams,%'::text)",
                                                "Rows Removed by Filter": 831357,
                                                "Workers": [
                                                    {
                                                        "Worker Number": 0,
                                                        "Actual Startup Time": 7.571,
                                                        "Actual Total Time": 187.237,
                                                        "Actual Rows": 1883,
                                                        "Actual Loops": 1
                                                    },
                                                    {
                                                        "Worker Number": 1,
                                                        "Actual Startup Time": 7.639,
                                                        "Actual Total Time": 187.177,
                                                        "Actual Rows": 1912,
                                                        "Actual Loops": 1
                                                    },
                                                    {
                                                        "Worker Number": 2,
                                                        "Actual Startup Time": 16.033,
                                                        "Actual Total Time": 187.15,
                                                        "Actual Rows": 1862,
                                                        "Actual Loops": 1
                                                    },
                                                    {
                                                        "Worker Number": 3,
                                                        "Actual Startup Time": 28.955,
                                                        "Actual Total Time": 186.87,
                                                        "Actual Rows": 1366,
                                                        "Actual Loops": 1
                                                    }
                                                ]
                                            }
                                        ]
                                    },
                                    {
                                        "Node Type": "Sort",
                                        "Parent Relationship": "Inner",
                                        "Parallel Aware": false,
                                        "Startup Cost": 10001072196.61,
                                        "Total Cost": 10001072199.85,
                                        "Plan Rows": 1295,
                                        "Plan Width": 28,
                                        "Actual Startup Time": 16948.186,
                                        "Actual Total Time": 16949.692,
                                        "Actual Rows": 13834,
                                        "Actual Loops": 5,
                                        "Output": [
                                            "ci.movie_id",
                                            "ci.person_id",
                                            "mk.movie_id",
                                            "k.keyword"
                                        ],
                                        "Sort Key": [
                                            "ci.person_id"
                                        ],
                                        "Sort Method": "quicksort",
                                        "Sort Space Used": 1465,
                                        "Sort Space Type": "Memory",
                                        "Workers": [
                                            {
                                                "Worker Number": 0,
                                                "Actual Startup Time": 17344.436,
                                                "Actual Total Time": 17345.841,
                                                "Actual Rows": 13834,
                                                "Actual Loops": 1
                                            },
                                            {
                                                "Worker Number": 1,
                                                "Actual Startup Time": 17034.974,
                                                "Actual Total Time": 17036.491,
                                                "Actual Rows": 13834,
                                                "Actual Loops": 1
                                            },
                                            {
                                                "Worker Number": 2,
                                                "Actual Startup Time": 17034.985,
                                                "Actual Total Time": 17036.537,
                                                "Actual Rows": 13834,
                                                "Actual Loops": 1
                                            },
                                            {
                                                "Worker Number": 3,
                                                "Actual Startup Time": 18172.719,
                                                "Actual Total Time": 18174.02,
                                                "Actual Rows": 13834,
                                                "Actual Loops": 1
                                            }
                                        ],
                                        "Plans": [
                                            {
                                                "Node Type": "Hash Join",
                                                "Parent Relationship": "Outer",
                                                "Parallel Aware": false,
                                                "Join Type": "Inner",
                                                "Startup Cost": 10001068385.22,
                                                "Total Cost": 10001072129.67,
                                                "Plan Rows": 1295,
                                                "Plan Width": 28,
                                                "Actual Startup Time": 16929.192,
                                                "Actual Total Time": 16944.527,
                                                "Actual Rows": 13834,
                                                "Actual Loops": 5,
                                                "Output": [
                                                    "ci.movie_id",
                                                    "ci.person_id",
                                                    "mk.movie_id",
                                                    "k.keyword"
                                                ],
                                                "Inner Unique": false,
                                                "Hash Cond": "(mk.movie_id = ci.movie_id)",
                                                "Workers": [
                                                    {
                                                        "Worker Number": 0,
                                                        "Actual Startup Time": 17325.579,
                                                        "Actual Total Time": 17340.593,
                                                        "Actual Rows": 13834,
                                                        "Actual Loops": 1
                                                    },
                                                    {
                                                        "Worker Number": 1,
                                                        "Actual Startup Time": 17015.725,
                                                        "Actual Total Time": 17031.193,
                                                        "Actual Rows": 13834,
                                                        "Actual Loops": 1
                                                    },
                                                    {
                                                        "Worker Number": 2,
                                                        "Actual Startup Time": 17015.736,
                                                        "Actual Total Time": 17031.129,
                                                        "Actual Rows": 13834,
                                                        "Actual Loops": 1
                                                    },
                                                    {
                                                        "Worker Number": 3,
                                                        "Actual Startup Time": 18153.756,
                                                        "Actual Total Time": 18168.866,
                                                        "Actual Rows": 13834,
                                                        "Actual Loops": 1
                                                    }
                                                ],
                                                "Plans": [
                                                    {
                                                        "Node Type": "Nested Loop",
                                                        "Parent Relationship": "Outer",
                                                        "Parallel Aware": false,
                                                        "Join Type": "Inner",
                                                        "Startup Cost": 10000000010.76,
                                                        "Total Cost": 10000003740.45,
                                                        "Plan Rows": 34,
                                                        "Plan Width": 20,
                                                        "Actual Startup Time": 0.892,
                                                        "Actual Total Time": 10.502,
                                                        "Actual Rows": 248,
                                                        "Actual Loops": 5,
                                                        "Output": [
                                                            "k.keyword",
                                                            "mk.movie_id"
                                                        ],
                                                        "Inner Unique": false,
                                                        "Workers": [
                                                            {
                                                                "Worker Number": 0,
                                                                "Actual Startup Time": 0.872,
                                                                "Actual Total Time": 10.317,
                                                                "Actual Rows": 248,
                                                                "Actual Loops": 1
                                                            },
                                                            {
                                                                "Worker Number": 1,
                                                                "Actual Startup Time": 0.914,
                                                                "Actual Total Time": 10.872,
                                                                "Actual Rows": 248,
                                                                "Actual Loops": 1
                                                            },
                                                            {
                                                                "Worker Number": 2,
                                                                "Actual Startup Time": 0.937,
                                                                "Actual Total Time": 10.808,
                                                                "Actual Rows": 248,
                                                                "Actual Loops": 1
                                                            },
                                                            {
                                                                "Worker Number": 3,
                                                                "Actual Startup Time": 0.892,
                                                                "Actual Total Time": 10.455,
                                                                "Actual Rows": 248,
                                                                "Actual Loops": 1
                                                            }
                                                        ],
                                                        "Plans": [
                                                            {
                                                                "Node Type": "Seq Scan",
                                                                "Parent Relationship": "Outer",
                                                                "Parallel Aware": false,
                                                                "Relation Name": "keyword",
                                                                "Schema": "public",
                                                                "Alias": "k",
                                                                "Startup Cost": 0.0,
                                                                "Total Cost": 2626.12,
                                                                "Plan Rows": 1,
                                                                "Plan Width": 20,
                                                                "Actual Startup Time": 0.759,
                                                                "Actual Total Time": 9.366,
                                                                "Actual Rows": 1,
                                                                "Actual Loops": 5,
                                                                "Output": [
                                                                    "k.id",
                                                                    "k.keyword",
                                                                    "k.phonetic_code"
                                                                ],
                                                                "Filter": "(k.keyword = 'marvel-comics'::text)",
                                                                "Rows Removed by Filter": 134169,
                                                                "Workers": [
                                                                    {
                                                                        "Worker Number": 0,
                                                                        "Actual Startup Time": 0.748,
                                                                        "Actual Total Time": 9.028,
                                                                        "Actual Rows": 1,
                                                                        "Actual Loops": 1
                                                                    },
                                                                    {
                                                                        "Worker Number": 1,
                                                                        "Actual Startup Time": 0.76,
                                                                        "Actual Total Time": 9.595,
                                                                        "Actual Rows": 1,
                                                                        "Actual Loops": 1
                                                                    },
                                                                    {
                                                                        "Worker Number": 2,
                                                                        "Actual Startup Time": 0.785,
                                                                        "Actual Total Time": 9.58,
                                                                        "Actual Rows": 1,
                                                                        "Actual Loops": 1
                                                                    },
                                                                    {
                                                                        "Worker Number": 3,
                                                                        "Actual Startup Time": 0.76,
                                                                        "Actual Total Time": 9.145,
                                                                        "Actual Rows": 1,
                                                                        "Actual Loops": 1
                                                                    }
                                                                ]
                                                            },
                                                            {
                                                                "Node Type": "Bitmap Heap Scan",
                                                                "Parent Relationship": "Inner",
                                                                "Parallel Aware": false,
                                                                "Relation Name": "movie_keyword",
                                                                "Schema": "public",
                                                                "Alias": "mk",
                                                                "Startup Cost": 10.76,
                                                                "Total Cost": 1111.32,
                                                                "Plan Rows": 300,
                                                                "Plan Width": 8,
                                                                "Actual Startup Time": 0.125,
                                                                "Actual Total Time": 1.088,
                                                                "Actual Rows": 248,
                                                                "Actual Loops": 5,
                                                                "Output": [
                                                                    "mk.id",
                                                                    "mk.movie_id",
                                                                    "mk.keyword_id"
                                                                ],
                                                                "Recheck Cond": "(mk.keyword_id = k.id)",
                                                                "Rows Removed by Index Recheck": 0,
                                                                "Exact Heap Blocks": 151,
                                                                "Lossy Heap Blocks": 0,
                                                                "Workers": [
                                                                    {
                                                                        "Worker Number": 0,
                                                                        "Actual Startup Time": 0.117,
                                                                        "Actual Total Time": 1.24,
                                                                        "Actual Rows": 248,
                                                                        "Actual Loops": 1
                                                                    },
                                                                    {
                                                                        "Worker Number": 1,
                                                                        "Actual Startup Time": 0.146,
                                                                        "Actual Total Time": 1.227,
                                                                        "Actual Rows": 248,
                                                                        "Actual Loops": 1
                                                                    },
                                                                    {
                                                                        "Worker Number": 2,
                                                                        "Actual Startup Time": 0.145,
                                                                        "Actual Total Time": 1.179,
                                                                        "Actual Rows": 248,
                                                                        "Actual Loops": 1
                                                                    },
                                                                    {
                                                                        "Worker Number": 3,
                                                                        "Actual Startup Time": 0.125,
                                                                        "Actual Total Time": 1.261,
                                                                        "Actual Rows": 248,
                                                                        "Actual Loops": 1
                                                                    }
                                                                ],
                                                                "Plans": [
                                                                    {
                                                                        "Node Type": "Bitmap Index Scan",
                                                                        "Parent Relationship": "Outer",
                                                                        "Parallel Aware": false,
                                                                        "Index Name": "keyword_id_movie_keyword",
                                                                        "Startup Cost": 0.0,
                                                                        "Total Cost": 10.68,
                                                                        "Plan Rows": 300,
                                                                        "Plan Width": 0,
                                                                        "Actual Startup Time": 0.1,
                                                                        "Actual Total Time": 0.1,
                                                                        "Actual Rows": 248,
                                                                        "Actual Loops": 5,
                                                                        "Index Cond": "(mk.keyword_id = k.id)",
                                                                        "Workers": [
                                                                            {
                                                                                "Worker Number": 0,
                                                                                "Actual Startup Time": 0.09,
                                                                                "Actual Total Time": 0.091,
                                                                                "Actual Rows": 248,
                                                                                "Actual Loops": 1
                                                                            },
                                                                            {
                                                                                "Worker Number": 1,
                                                                                "Actual Startup Time": 0.122,
                                                                                "Actual Total Time": 0.122,
                                                                                "Actual Rows": 248,
                                                                                "Actual Loops": 1
                                                                            },
                                                                            {
                                                                                "Worker Number": 2,
                                                                                "Actual Startup Time": 0.119,
                                                                                "Actual Total Time": 0.12,
                                                                                "Actual Rows": 248,
                                                                                "Actual Loops": 1
                                                                            },
                                                                            {
                                                                                "Worker Number": 3,
                                                                                "Actual Startup Time": 0.097,
                                                                                "Actual Total Time": 0.097,
                                                                                "Actual Rows": 248,
                                                                                "Actual Loops": 1
                                                                            }
                                                                        ]
                                                                    }
                                                                ]
                                                            }
                                                        ]
                                                    },
                                                    {
                                                        "Node Type": "Hash",
                                                        "Parent Relationship": "Inner",
                                                        "Parallel Aware": false,
                                                        "Startup Cost": 615214.76,
                                                        "Total Cost": 615214.76,
                                                        "Plan Rows": 36252776,
                                                        "Plan Width": 8,
                                                        "Actual Startup Time": 16587.493,
                                                        "Actual Total Time": 16587.494,
                                                        "Actual Rows": 36244344,
                                                        "Actual Loops": 5,
                                                        "Output": [
                                                            "ci.movie_id",
                                                            "ci.person_id"
                                                        ],
                                                        "Hash Buckets": 67108864,
                                                        "Original Hash Buckets": 67108864,
                                                        "Hash Batches": 1,
                                                        "Original Hash Batches": 1,
                                                        "Peak Memory Usage": 1940083,
                                                        "Workers": [
                                                            {
                                                                "Worker Number": 0,
                                                                "Actual Startup Time": 16921.664,
                                                                "Actual Total Time": 16921.665,
                                                                "Actual Rows": 36244344,
                                                                "Actual Loops": 1
                                                            },
                                                            {
                                                                "Worker Number": 1,
                                                                "Actual Startup Time": 16613.407,
                                                                "Actual Total Time": 16613.408,
                                                                "Actual Rows": 36244344,
                                                                "Actual Loops": 1
                                                            },
                                                            {
                                                                "Worker Number": 2,
                                                                "Actual Startup Time": 16617.552,
                                                                "Actual Total Time": 16617.553,
                                                                "Actual Rows": 36244344,
                                                                "Actual Loops": 1
                                                            },
                                                            {
                                                                "Worker Number": 3,
                                                                "Actual Startup Time": 17745.645,
                                                                "Actual Total Time": 17745.646,
                                                                "Actual Rows": 36244344,
                                                                "Actual Loops": 1
                                                            }
                                                        ],
                                                        "Plans": [
                                                            {
                                                                "Node Type": "Seq Scan",
                                                                "Parent Relationship": "Outer",
                                                                "Parallel Aware": false,
                                                                "Relation Name": "cast_info",
                                                                "Schema": "public",
                                                                "Alias": "ci",
                                                                "Startup Cost": 0.0,
                                                                "Total Cost": 615214.76,
                                                                "Plan Rows": 36252776,
                                                                "Plan Width": 8,
                                                                "Actual Startup Time": 0.062,
                                                                "Actual Total Time": 3902.409,
                                                                "Actual Rows": 36244344,
                                                                "Actual Loops": 5,
                                                                "Output": [
                                                                    "ci.movie_id",
                                                                    "ci.person_id"
                                                                ],
                                                                "Workers": [
                                                                    {
                                                                        "Worker Number": 0,
                                                                        "Actual Startup Time": 0.056,
                                                                        "Actual Total Time": 3922.586,
                                                                        "Actual Rows": 36244344,
                                                                        "Actual Loops": 1
                                                                    },
                                                                    {
                                                                        "Worker Number": 1,
                                                                        "Actual Startup Time": 0.074,
                                                                        "Actual Total Time": 3834.292,
                                                                        "Actual Rows": 36244344,
                                                                        "Actual Loops": 1
                                                                    },
                                                                    {
                                                                        "Worker Number": 2,
                                                                        "Actual Startup Time": 0.084,
                                                                        "Actual Total Time": 3778.078,
                                                                        "Actual Rows": 36244344,
                                                                        "Actual Loops": 1
                                                                    },
                                                                    {
                                                                        "Worker Number": 3,
                                                                        "Actual Startup Time": 0.062,
                                                                        "Actual Total Time": 4182.977,
                                                                        "Actual Rows": 36244344,
                                                                        "Actual Loops": 1
                                                                    }
                                                                ]
                                                            }
                                                        ]
                                                    }
                                                ]
                                            }
                                        ]
                                    }
                                ]
                            }
                        ]
                    },
                    {
                        "Node Type": "Bitmap Heap Scan",
                        "Parent Relationship": "Inner",
                        "Parallel Aware": false,
                        "Relation Name": "title",
                        "Schema": "public",
                        "Alias": "t",
                        "Startup Cost": 0.44,
                        "Total Cost": 4.45,
                        "Plan Rows": 1,
                        "Plan Width": 21,
                        "Actual Startup Time": 0.02,
                        "Actual Total Time": 0.02,
                        "Actual Rows": 1,
                        "Actual Loops": 33,
                        "Output": [
                            "t.id",
                            "t.title",
                            "t.imdb_index",
                            "t.kind_id",
                            "t.production_year",
                            "t.imdb_id",
                            "t.phonetic_code",
                            "t.episode_of_id",
                            "t.season_nr",
                            "t.episode_nr",
                            "t.series_years",
                            "t.md5sum"
                        ],
                        "Recheck Cond": "(t.id = ci.movie_id)",
                        "Rows Removed by Index Recheck": 0,
                        "Filter": "(t.production_year > 1995)",
                        "Rows Removed by Filter": 0,
                        "Exact Heap Blocks": 33,
                        "Lossy Heap Blocks": 0,
                        "Plans": [
                            {
                                "Node Type": "Bitmap Index Scan",
                                "Parent Relationship": "Outer",
                                "Parallel Aware": false,
                                "Index Name": "title_pkey",
                                "Startup Cost": 0.0,
                                "Total Cost": 0.44,
                                "Plan Rows": 1,
                                "Plan Width": 0,
                                "Actual Startup Time": 0.014,
                                "Actual Total Time": 0.014,
                                "Actual Rows": 1,
                                "Actual Loops": 33,
                                "Index Cond": "(t.id = ci.movie_id)"
                            }
                        ]
                    }
                ]
            }
        ]
    },
    "Planning Time": 1.871,
    "Triggers": [],
    "Execution Time": 18634.421
}