[
  {
    "Plan": {
      "Node Type": "Aggregate",
      "Strategy": "Plain",
      "Partial Mode": "Finalize",
      "Parallel Aware": false,
      "Startup Cost": 178248.0,
      "Total Cost": 178248.01,
      "Plan Rows": 1,
      "Plan Width": 8,
      "Actual Startup Time": 1521.386,
      "Actual Total Time": 1601.892,
      "Actual Rows": 1,
      "Actual Loops": 1,
      "Plans": [
        {
          "Node Type": "Gather",
          "Parent Relationship": "Outer",
          "Parallel Aware": false,
          "Startup Cost": 178247.68,
          "Total Cost": 178247.99,
          "Plan Rows": 3,
          "Plan Width": 8,
          "Actual Startup Time": 1516.897,
          "Actual Total Time": 1601.881,
          "Actual Rows": 4,
          "Actual Loops": 1,
          "Workers Planned": 3,
          "Workers Launched": 3,
          "Single Copy": false,
          "Plans": [
            {
              "Node Type": "Aggregate",
              "Strategy": "Plain",
              "Partial Mode": "Partial",
              "Parent Relationship": "Outer",
              "Parallel Aware": false,
              "Startup Cost": 177247.68,
              "Total Cost": 177247.69,
              "Plan Rows": 1,
              "Plan Width": 8,
              "Actual Startup Time": 1504.909,
              "Actual Total Time": 1504.914,
              "Actual Rows": 1,
              "Actual Loops": 4,
              "Plans": [
                {
                  "Node Type": "Nested Loop",
                  "Parent Relationship": "Outer",
                  "Parallel Aware": false,
                  "Join Type": "Inner",
                  "Startup Cost": 52421.45,
                  "Total Cost": 176039.38,
                  "Plan Rows": 483320,
                  "Plan Width": 0,
                  "Actual Startup Time": 270.918,
                  "Actual Total Time": 1433.706,
                  "Actual Rows": 1241422,
                  "Actual Loops": 4,
                  "Inner Unique": false,
                  "Plans": [
                    {
                      "Node Type": "Hash Join",
                      "Parent Relationship": "Outer",
                      "Parallel Aware": true,
                      "Join Type": "Inner",
                      "Startup Cost": 52420.89,
                      "Total Cost": 78036.56,
                      "Plan Rows": 33710,
                      "Plan Width": 8,
                      "Actual Startup Time": 270.744,
                      "Actual Total Time": 328.16,
                      "Actual Rows": 19271,
                      "Actual Loops": 4,
                      "Inner Unique": true,
                      "Hash Cond": "(mk.movie_id = t.id)",
                      "Plans": [
                        {
                          "Node Type": "Bitmap Heap Scan",
                          "Parent Relationship": "Outer",
                          "Parallel Aware": true,
                          "Relation Name": "movie_keyword",
                          "Alias": "mk",
                          "Startup Cost": 5053.68,
                          "Total Cost": 30467.74,
                          "Plan Rows": 76805,
                          "Plan Width": 4,
                          "Actual Startup Time": 19.947,
                          "Actual Total Time": 52.674,
                          "Actual Rows": 60411,
                          "Actual Loops": 4,
                          "Recheck Cond": "(keyword_id > 61619)",
                          "Rows Removed by Index Recheck": 0,
                          "Exact Heap Blocks": 7241,
                          "Lossy Heap Blocks": 0,
                          "Plans": [
                            {
                              "Node Type": "Bitmap Index Scan",
                              "Parent Relationship": "Outer",
                              "Parallel Aware": false,
                              "Index Name": "keyword_id_movie_keyword",
                              "Startup Cost": 0.0,
                              "Total Cost": 4994.15,
                              "Plan Rows": 238096,
                              "Plan Width": 0,
                              "Actual Startup Time": 16.764,
                              "Actual Total Time": 16.765,
                              "Actual Rows": 241645,
                              "Actual Loops": 1,
                              "Index Cond": "(keyword_id > 61619)"
                            }
                          ]
                        },
                        {
                          "Node Type": "Hash",
                          "Parent Relationship": "Inner",
                          "Parallel Aware": true,
                          "Startup Cost": 43899.32,
                          "Total Cost": 43899.32,
                          "Plan Rows": 277431,
                          "Plan Width": 4,
                          "Actual Startup Time": 242.82,
                          "Actual Total Time": 242.821,
                          "Actual Rows": 276981,
                          "Actual Loops": 4,
                          "Hash Buckets": 2097152,
                          "Original Hash Buckets": 2097152,
                          "Hash Batches": 1,
                          "Original Hash Batches": 1,
                          "Peak Memory Usage": 59776,
                          "Plans": [
                            {
                              "Node Type": "Seq Scan",
                              "Parent Relationship": "Outer",
                              "Parallel Aware": true,
                              "Relation Name": "title",
                              "Alias": "t",
                              "Startup Cost": 0.0,
                              "Total Cost": 43899.32,
                              "Plan Rows": 277431,
                              "Plan Width": 4,
                              "Actual Startup Time": 0.043,
                              "Actual Total Time": 119.409,
                              "Actual Rows": 276981,
                              "Actual Loops": 4,
                              "Filter": "(production_year > 2004)",
                              "Rows Removed by Filter": 355097
                            }
                          ]
                        }
                      ]
                    },
                    {
                      "Node Type": "Index Only Scan",
                      "Parent Relationship": "Inner",
                      "Parallel Aware": false,
                      "Scan Direction": "Forward",
                      "Index Name": "movie_id_cast_info",
                      "Relation Name": "cast_info",
                      "Alias": "ci",
                      "Startup Cost": 0.56,
                      "Total Cost": 2.56,
                      "Plan Rows": 35,
                      "Plan Width": 4,
                      "Actual Startup Time": 0.007,
                      "Actual Total Time": 0.051,
                      "Actual Rows": 64,
                      "Actual Loops": 77085,
                      "Index Cond": "(movie_id = t.id)",
                      "Rows Removed by Index Recheck": 0,
                      "Heap Fetches": 4965686
                    }
                  ]
                }
              ]
            }
          ]
        }
      ]
    },
    "Planning Time": 1.161,
    "Triggers": [],
    "Execution Time": 1602.016
  }
]