[
  {
    "Plan": {
      "Node Type": "Aggregate",
      "Strategy": "Plain",
      "Partial Mode": "Finalize",
      "Parallel Aware": false,
      "Startup Cost": 187069.24,
      "Total Cost": 187069.25,
      "Plan Rows": 1,
      "Plan Width": 8,
      "Actual Startup Time": 1382.397,
      "Actual Total Time": 1459.3,
      "Actual Rows": 1,
      "Actual Loops": 1,
      "Plans": [
        {
          "Node Type": "Gather",
          "Parent Relationship": "Outer",
          "Parallel Aware": false,
          "Startup Cost": 187068.92,
          "Total Cost": 187069.23,
          "Plan Rows": 3,
          "Plan Width": 8,
          "Actual Startup Time": 1375.907,
          "Actual Total Time": 1459.29,
          "Actual Rows": 4,
          "Actual Loops": 1,
          "Workers Planned": 3,
          "Workers Launched": 3,
          "Single Copy": false,
          "Plans": [
            {
              "Node Type": "Aggregate",
              "Strategy": "Plain",
              "Partial Mode": "Partial",
              "Parent Relationship": "Outer",
              "Parallel Aware": false,
              "Startup Cost": 186068.92,
              "Total Cost": 186068.93,
              "Plan Rows": 1,
              "Plan Width": 8,
              "Actual Startup Time": 1362.619,
              "Actual Total Time": 1362.623,
              "Actual Rows": 1,
              "Actual Loops": 4,
              "Plans": [
                {
                  "Node Type": "Nested Loop",
                  "Parent Relationship": "Outer",
                  "Parallel Aware": false,
                  "Join Type": "Inner",
                  "Startup Cost": 52751.97,
                  "Total Cost": 184777.22,
                  "Plan Rows": 516681,
                  "Plan Width": 0,
                  "Actual Startup Time": 244.802,
                  "Actual Total Time": 1302.266,
                  "Actual Rows": 1241422,
                  "Actual Loops": 4,
                  "Inner Unique": false,
                  "Plans": [
                    {
                      "Node Type": "Hash Join",
                      "Parent Relationship": "Outer",
                      "Parallel Aware": true,
                      "Join Type": "Inner",
                      "Startup Cost": 52751.41,
                      "Total Cost": 78436.19,
                      "Plan Rows": 36058,
                      "Plan Width": 8,
                      "Actual Startup Time": 244.68,
                      "Actual Total Time": 298.408,
                      "Actual Rows": 19271,
                      "Actual Loops": 4,
                      "Inner Unique": true,
                      "Hash Cond": "(mk.movie_id = t.id)",
                      "Plans": [
                        {
                          "Node Type": "Bitmap Heap Scan",
                          "Parent Relationship": "Outer",
                          "Parallel Aware": true,
                          "Relation Name": "movie_keyword",
                          "Alias": "mk",
                          "Startup Cost": 5351.44,
                          "Total Cost": 30822.61,
                          "Plan Rows": 81374,
                          "Plan Width": 4,
                          "Actual Startup Time": 17.857,
                          "Actual Total Time": 48.941,
                          "Actual Rows": 60411,
                          "Actual Loops": 4,
                          "Recheck Cond": "(keyword_id > 61619)",
                          "Rows Removed by Index Recheck": 0,
                          "Exact Heap Blocks": 7154,
                          "Lossy Heap Blocks": 0,
                          "Plans": [
                            {
                              "Node Type": "Bitmap Index Scan",
                              "Parent Relationship": "Outer",
                              "Parallel Aware": false,
                              "Index Name": "keyword_id_movie_keyword",
                              "Startup Cost": 0.0,
                              "Total Cost": 5288.38,
                              "Plan Rows": 252259,
                              "Plan Width": 0,
                              "Actual Startup Time": 14.558,
                              "Actual Total Time": 14.559,
                              "Actual Rows": 241645,
                              "Actual Loops": 1,
                              "Index Cond": "(keyword_id > 61619)"
                            }
                          ]
                        },
                        {
                          "Node Type": "Hash",
                          "Parent Relationship": "Inner",
                          "Parallel Aware": true,
                          "Startup Cost": 43898.92,
                          "Total Cost": 43898.92,
                          "Plan Rows": 280084,
                          "Plan Width": 4,
                          "Actual Startup Time": 219.017,
                          "Actual Total Time": 219.018,
                          "Actual Rows": 276981,
                          "Actual Loops": 4,
                          "Hash Buckets": 2097152,
                          "Original Hash Buckets": 2097152,
                          "Hash Batches": 1,
                          "Original Hash Batches": 1,
                          "Peak Memory Usage": 59776,
                          "Plans": [
                            {
                              "Node Type": "Seq Scan",
                              "Parent Relationship": "Outer",
                              "Parallel Aware": true,
                              "Relation Name": "title",
                              "Alias": "t",
                              "Startup Cost": 0.0,
                              "Total Cost": 43898.92,
                              "Plan Rows": 280084,
                              "Plan Width": 4,
                              "Actual Startup Time": 0.034,
                              "Actual Total Time": 109.545,
                              "Actual Rows": 276981,
                              "Actual Loops": 4,
                              "Filter": "(production_year > 2004)",
                              "Rows Removed by Filter": 355097
                            }
                          ]
                        }
                      ]
                    },
                    {
                      "Node Type": "Index Only Scan",
                      "Parent Relationship": "Inner",
                      "Parallel Aware": false,
                      "Scan Direction": "Forward",
                      "Index Name": "movie_id_cast_info",
                      "Relation Name": "cast_info",
                      "Alias": "ci",
                      "Startup Cost": 0.56,
                      "Total Cost": 2.58,
                      "Plan Rows": 37,
                      "Plan Width": 4,
                      "Actual Startup Time": 0.006,
                      "Actual Total Time": 0.047,
                      "Actual Rows": 64,
                      "Actual Loops": 77085,
                      "Index Cond": "(movie_id = t.id)",
                      "Rows Removed by Index Recheck": 0,
                      "Heap Fetches": 4965686
                    }
                  ]
                }
              ]
            }
          ]
        }
      ]
    },
    "Planning Time": 1.246,
    "Triggers": [],
    "Execution Time": 1459.427
  }
]