[
  {
    "Plan": {
      "Node Type": "Aggregate",
      "Strategy": "Plain",
      "Partial Mode": "Finalize",
      "Parallel Aware": false,
      "Startup Cost": 123324.2,
      "Total Cost": 123324.21,
      "Plan Rows": 1,
      "Plan Width": 8,
      "Actual Startup Time": 480.463,
      "Actual Total Time": 505.21,
      "Actual Rows": 1,
      "Actual Loops": 1,
      "Plans": [
        {
          "Node Type": "Gather",
          "Parent Relationship": "Outer",
          "Parallel Aware": false,
          "Startup Cost": 123323.88,
          "Total Cost": 123324.19,
          "Plan Rows": 3,
          "Plan Width": 8,
          "Actual Startup Time": 479.458,
          "Actual Total Time": 505.184,
          "Actual Rows": 4,
          "Actual Loops": 1,
          "Workers Planned": 3,
          "Workers Launched": 3,
          "Single Copy": false,
          "Plans": [
            {
              "Node Type": "Aggregate",
              "Strategy": "Plain",
              "Partial Mode": "Partial",
              "Parent Relationship": "Outer",
              "Parallel Aware": false,
              "Startup Cost": 122323.88,
              "Total Cost": 122323.89,
              "Plan Rows": 1,
              "Plan Width": 8,
              "Actual Startup Time": 469.924,
              "Actual Total Time": 470.021,
              "Actual Rows": 1,
              "Actual Loops": 4,
              "Plans": [
                {
                  "Node Type": "Hash Join",
                  "Parent Relationship": "Outer",
                  "Parallel Aware": true,
                  "Join Type": "Inner",
                  "Startup Cost": 90679.54,
                  "Total Cost": 122124.88,
                  "Plan Rows": 79599,
                  "Plan Width": 0,
                  "Actual Startup Time": 349.843,
                  "Actual Total Time": 469.263,
                  "Actual Rows": 14074,
                  "Actual Loops": 4,
                  "Inner Unique": false,
                  "Hash Cond": "(mc.movie_id = t.id)",
                  "Plans": [
                    {
                      "Node Type": "Seq Scan",
                      "Parent Relationship": "Outer",
                      "Parallel Aware": true,
                      "Relation Name": "movie_companies",
                      "Alias": "mc",
                      "Startup Cost": 0.0,
                      "Total Cost": 29310.68,
                      "Plan Rows": 500770,
                      "Plan Width": 4,
                      "Actual Startup Time": 3.81,
                      "Actual Total Time": 79.33,
                      "Actual Rows": 388526,
                      "Actual Loops": 4,
                      "Filter": "(company_id > 6224)",
                      "Rows Removed by Filter": 263756
                    },
                    {
                      "Node Type": "Hash",
                      "Parent Relationship": "Inner",
                      "Parallel Aware": true,
                      "Startup Cost": 89059.05,
                      "Total Cost": 89059.05,
                      "Plan Rows": 129639,
                      "Plan Width": 8,
                      "Actual Startup Time": 342.186,
                      "Actual Total Time": 342.281,
                      "Actual Rows": 18165,
                      "Actual Loops": 4,
                      "Hash Buckets": 524288,
                      "Original Hash Buckets": 524288,
                      "Hash Batches": 1,
                      "Original Hash Batches": 1,
                      "Peak Memory Usage": 7008,
                      "Plans": [
                        {
                          "Node Type": "Hash Join",
                          "Parent Relationship": "Outer",
                          "Parallel Aware": true,
                          "Join Type": "Inner",
                          "Startup Cost": 46180.97,
                          "Total Cost": 89059.05,
                          "Plan Rows": 129639,
                          "Plan Width": 8,
                          "Actual Startup Time": 126.421,
                          "Actual Total Time": 337.479,
                          "Actual Rows": 18165,
                          "Actual Loops": 4,
                          "Inner Unique": true,
                          "Hash Cond": "(mk.movie_id = t.id)",
                          "Plans": [
                            {
                              "Node Type": "Seq Scan",
                              "Parent Relationship": "Outer",
                              "Parallel Aware": true,
                              "Relation Name": "movie_keyword",
                              "Alias": "mk",
                              "Startup Cost": 0.0,
                              "Total Cost": 39047.32,
                              "Plan Rows": 1459332,
                              "Plan Width": 4,
                              "Actual Startup Time": 0.031,
                              "Actual Total Time": 105.853,
                              "Actual Rows": 1130982,
                              "Actual Loops": 4
                            },
                            {
                              "Node Type": "Hash",
                              "Parent Relationship": "Inner",
                              "Parallel Aware": true,
                              "Startup Cost": 45479.1,
                              "Total Cost": 45479.1,
                              "Plan Rows": 56150,
                              "Plan Width": 4,
                              "Actual Startup Time": 124.741,
                              "Actual Total Time": 124.742,
                              "Actual Rows": 32389,
                              "Actual Loops": 4,
                              "Hash Buckets": 262144,
                              "Original Hash Buckets": 262144,
                              "Hash Batches": 1,
                              "Original Hash Batches": 1,
                              "Peak Memory Usage": 7168,
                              "Plans": [
                                {
                                  "Node Type": "Seq Scan",
                                  "Parent Relationship": "Outer",
                                  "Parallel Aware": true,
                                  "Relation Name": "title",
                                  "Alias": "t",
                                  "Startup Cost": 0.0,
                                  "Total Cost": 45479.1,
                                  "Plan Rows": 56150,
                                  "Plan Width": 4,
                                  "Actual Startup Time": 0.049,
                                  "Actual Total Time": 108.198,
                                  "Actual Rows": 32389,
                                  "Actual Loops": 4,
                                  "Filter": "((production_year < 1971) AND (kind_id = 7))",
                                  "Rows Removed by Filter": 599689
                                }
                              ]
                            }
                          ]
                        }
                      ]
                    }
                  ]
                }
              ]
            }
          ]
        }
      ]
    },
    "Planning Time": 1.446,
    "Triggers": [],
    "Execution Time": 505.348
  }
]