[
  {
    "Plan": {
      "Node Type": "Aggregate",
      "Strategy": "Plain",
      "Partial Mode": "Finalize",
      "Parallel Aware": false,
      "Startup Cost": 378499.34,
      "Total Cost": 378499.35,
      "Plan Rows": 1,
      "Plan Width": 8,
      "Actual Startup Time": 675.944,
      "Actual Total Time": 737.075,
      "Actual Rows": 1,
      "Actual Loops": 1,
      "Plans": [
        {
          "Node Type": "Gather",
          "Parent Relationship": "Outer",
          "Parallel Aware": false,
          "Startup Cost": 378498.82,
          "Total Cost": 378499.33,
          "Plan Rows": 5,
          "Plan Width": 8,
          "Actual Startup Time": 671.007,
          "Actual Total Time": 737.061,
          "Actual Rows": 6,
          "Actual Loops": 1,
          "Workers Planned": 5,
          "Workers Launched": 5,
          "Single Copy": false,
          "Plans": [
            {
              "Node Type": "Aggregate",
              "Strategy": "Plain",
              "Partial Mode": "Partial",
              "Parent Relationship": "Outer",
              "Parallel Aware": false,
              "Startup Cost": 377498.82,
              "Total Cost": 377498.83,
              "Plan Rows": 1,
              "Plan Width": 8,
              "Actual Startup Time": 662.296,
              "Actual Total Time": 662.302,
              "Actual Rows": 1,
              "Actual Loops": 6,
              "Plans": [
                {
                  "Node Type": "Nested Loop",
                  "Parent Relationship": "Outer",
                  "Parallel Aware": false,
                  "Join Type": "Inner",
                  "Startup Cost": 62558.57,
                  "Total Cost": 376714.79,
                  "Plan Rows": 313611,
                  "Plan Width": 0,
                  "Actual Startup Time": 151.278,
                  "Actual Total Time": 650.826,
                  "Actual Rows": 192658,
                  "Actual Loops": 6,
                  "Inner Unique": false,
                  "Join Filter": "(t.id = ci.movie_id)",
                  "Rows Removed by Join Filter": 0,
                  "Plans": [
                    {
                      "Node Type": "Hash Join",
                      "Parent Relationship": "Outer",
                      "Parallel Aware": true,
                      "Join Type": "Inner",
                      "Startup Cost": 62558.0,
                      "Total Cost": 227049.47,
                      "Plan Rows": 44927,
                      "Plan Width": 8,
                      "Actual Startup Time": 151.175,
                      "Actual Total Time": 211.523,
                      "Actual Rows": 17754,
                      "Actual Loops": 6,
                      "Inner Unique": true,
                      "Hash Cond": "(mi.movie_id = t.id)",
                      "Plans": [
                        {
                          "Node Type": "Bitmap Heap Scan",
                          "Parent Relationship": "Outer",
                          "Parallel Aware": true,
                          "Relation Name": "movie_info",
                          "Alias": "mi",
                          "Startup Cost": 14929.45,
                          "Total Cost": 178987.3,
                          "Plan Rows": 165188,
                          "Plan Width": 4,
                          "Actual Startup Time": 25.276,
                          "Actual Total Time": 42.388,
                          "Actual Rows": 133690,
                          "Actual Loops": 6,
                          "Recheck Cond": "(info_type_id = 1)",
                          "Rows Removed by Index Recheck": 0,
                          "Exact Heap Blocks": 1044,
                          "Lossy Heap Blocks": 0,
                          "Plans": [
                            {
                              "Node Type": "Bitmap Index Scan",
                              "Parent Relationship": "Outer",
                              "Parallel Aware": false,
                              "Index Name": "info_type_id_movie_info",
                              "Startup Cost": 0.0,
                              "Total Cost": 14722.97,
                              "Plan Rows": 825938,
                              "Plan Width": 0,
                              "Actual Startup Time": 24.468,
                              "Actual Total Time": 24.469,
                              "Actual Rows": 802140,
                              "Actual Loops": 1,
                              "Index Cond": "(info_type_id = 1)"
                            }
                          ]
                        },
                        {
                          "Node Type": "Hash",
                          "Parent Relationship": "Inner",
                          "Parallel Aware": true,
                          "Startup Cost": 45479.59,
                          "Total Cost": 45479.59,
                          "Plan Rows": 171917,
                          "Plan Width": 4,
                          "Actual Startup Time": 123.464,
                          "Actual Total Time": 123.466,
                          "Actual Rows": 99416,
                          "Actual Loops": 6,
                          "Hash Buckets": 1048576,
                          "Original Hash Buckets": 1048576,
                          "Hash Batches": 1,
                          "Original Hash Batches": 1,
                          "Peak Memory Usage": 31616,
                          "Plans": [
                            {
                              "Node Type": "Seq Scan",
                              "Parent Relationship": "Outer",
                              "Parallel Aware": true,
                              "Relation Name": "title",
                              "Alias": "t",
                              "Startup Cost": 0.0,
                              "Total Cost": 45479.59,
                              "Plan Rows": 171917,
                              "Plan Width": 4,
                              "Actual Startup Time": 0.035,
                              "Actual Total Time": 82.339,
                              "Actual Rows": 99416,
                              "Actual Loops": 6,
                              "Filter": "((production_year < 2002) AND (kind_id = 7))",
                              "Rows Removed by Filter": 321970
                            }
                          ]
                        }
                      ]
                    },
                    {
                      "Node Type": "Index Scan",
                      "Parent Relationship": "Inner",
                      "Parallel Aware": false,
                      "Scan Direction": "Forward",
                      "Index Name": "movie_id_cast_info",
                      "Relation Name": "cast_info",
                      "Alias": "ci",
                      "Startup Cost": 0.56,
                      "Total Cost": 3.12,
                      "Plan Rows": 17,
                      "Plan Width": 4,
                      "Actual Startup Time": 0.004,
                      "Actual Total Time": 0.023,
                      "Actual Rows": 11,
                      "Actual Loops": 106521,
                      "Index Cond": "(movie_id = mi.movie_id)",
                      "Rows Removed by Index Recheck": 0,
                      "Filter": "(person_id < 1762109)",
                      "Rows Removed by Filter": 9
                    }
                  ]
                }
              ]
            }
          ]
        }
      ]
    },
    "Planning Time": 0.513,
    "Triggers": [],
    "Execution Time": 737.156
  }
]