{
  "Plan": {
    "Node Type": "Aggregate",
    "Strategy": "Plain",
    "Partial Mode": "Finalize",
    "Parallel Aware": false,
    "Startup Cost": 931769.31,
    "Total Cost": 931769.32,
    "Plan Rows": 1,
    "Plan Width": 8,
    "Actual Startup Time": 8398.212,
    "Actual Total Time": 8483.626,
    "Actual Rows": 1,
    "Actual Loops": 1,
    "Plans": [
      {
        "Node Type": "Gather",
        "Parent Relationship": "Outer",
        "Parallel Aware": false,
        "Startup Cost": 931769.2,
        "Total Cost": 931769.31,
        "Plan Rows": 1,
        "Plan Width": 8,
        "Actual Startup Time": 8396.698,
        "Actual Total Time": 8483.619,
        "Actual Rows": 2,
        "Actual Loops": 1,
        "Workers Planned": 1,
        "Workers Launched": 1,
        "Single Copy": false,
        "Plans": [
          {
            "Node Type": "Aggregate",
            "Strategy": "Plain",
            "Partial Mode": "Partial",
            "Parent Relationship": "Outer",
            "Parallel Aware": false,
            "Startup Cost": 930769.2,
            "Total Cost": 930769.21,
            "Plan Rows": 1,
            "Plan Width": 8,
            "Actual Startup Time": 8390.419,
            "Actual Total Time": 8390.423,
            "Actual Rows": 1,
            "Actual Loops": 2,
            "Plans": [
              {
                "Node Type": "Nested Loop",
                "Parent Relationship": "Outer",
                "Parallel Aware": false,
                "Join Type": "Inner",
                "Startup Cost": 84503.22,
                "Total Cost": 922315.65,
                "Plan Rows": 3381418,
                "Plan Width": 0,
                "Actual Startup Time": 286.821,
                "Actual Total Time": 7887.641,
                "Actual Rows": 11793840,
                "Actual Loops": 2,
                "Inner Unique": false,
                "Join Filter": "(t.id = ci.movie_id)",
                "Rows Removed by Join Filter": 0,
                "Plans": [
                  {
                    "Node Type": "Hash Join",
                    "Parent Relationship": "Outer",
                    "Parallel Aware": true,
                    "Join Type": "Inner",
                    "Startup Cost": 84502.65,
                    "Total Cost": 258464.98,
                    "Plan Rows": 235984,
                    "Plan Width": 8,
                    "Actual Startup Time": 286.684,
                    "Actual Total Time": 562.549,
                    "Actual Rows": 510124,
                    "Actual Loops": 2,
                    "Inner Unique": true,
                    "Hash Cond": "(mi.movie_id = t.id)",
                    "Plans": [
                      {
                        "Node Type": "Bitmap Heap Scan",
                        "Parent Relationship": "Outer",
                        "Parallel Aware": true,
                        "Relation Name": "movie_info",
                        "Alias": "mi",
                        "Startup Cost": 24370.61,
                        "Total Cost": 196255.62,
                        "Plan Rows": 791361,
                        "Plan Width": 4,
                        "Actual Startup Time": 45.743,
                        "Actual Total Time": 114.64,
                        "Actual Rows": 700951,
                        "Actual Loops": 2,
                        "Recheck Cond": "(info_type_id = 7)",
                        "Rows Removed by Index Recheck": 0,
                        "Exact Heap Blocks": 5452,
                        "Lossy Heap Blocks": 0,
                        "Plans": [
                          {
                            "Node Type": "Bitmap Index Scan",
                            "Parent Relationship": "Outer",
                            "Parallel Aware": false,
                            "Index Name": "info_type_id_movie_info",
                            "Startup Cost": 0.0,
                            "Total Cost": 24034.28,
                            "Plan Rows": 1345313,
                            "Plan Width": 0,
                            "Actual Startup Time": 44.221,
                            "Actual Total Time": 44.222,
                            "Actual Rows": 1401902,
                            "Actual Loops": 1,
                            "Index Cond": "(info_type_id = 7)"
                          }
                        ]
                      },
                      {
                        "Node Type": "Hash",
                        "Parent Relationship": "Inner",
                        "Parallel Aware": true,
                        "Startup Cost": 54588.39,
                        "Total Cost": 54588.39,
                        "Plan Rows": 443492,
                        "Plan Width": 4,
                        "Actual Startup Time": 232.106,
                        "Actual Total Time": 232.106,
                        "Actual Rows": 376838,
                        "Actual Loops": 2,
                        "Hash Buckets": 1048576,
                        "Original Hash Buckets": 1048576,
                        "Hash Batches": 1,
                        "Original Hash Batches": 1,
                        "Peak Memory Usage": 37728,
                        "Plans": [
                          {
                            "Node Type": "Seq Scan",
                            "Parent Relationship": "Outer",
                            "Parallel Aware": true,
                            "Relation Name": "title",
                            "Alias": "t",
                            "Startup Cost": 0.0,
                            "Total Cost": 54588.39,
                            "Plan Rows": 443492,
                            "Plan Width": 4,
                            "Actual Startup Time": 0.039,
                            "Actual Total Time": 144.426,
                            "Actual Rows": 376838,
                            "Actual Loops": 2,
                            "Filter": "(kind_id < 3)",
                            "Rows Removed by Filter": 887318
                          }
                        ]
                      }
                    ]
                  },
                  {
                    "Node Type": "Index Only Scan",
                    "Parent Relationship": "Inner",
                    "Parallel Aware": false,
                    "Scan Direction": "Forward",
                    "Index Name": "movie_id_cast_info",
                    "Relation Name": "cast_info",
                    "Alias": "ci",
                    "Startup Cost": 0.56,
                    "Total Cost": 2.35,
                    "Plan Rows": 37,
                    "Plan Width": 4,
                    "Actual Startup Time": 0.002,
                    "Actual Total Time": 0.012,
                    "Actual Rows": 23,
                    "Actual Loops": 1020248,
                    "Index Cond": "(movie_id = mi.movie_id)",
                    "Rows Removed by Index Recheck": 0,
                    "Heap Fetches": 23587681
                  }
                ]
              }
            ]
          }
        ]
      }
    ]
  },
  "Planning Time": 1.073,
  "Triggers": [],
  "Execution Time": 8483.754
}