[
  {
    "Plan": {
      "Node Type": "Aggregate",
      "Strategy": "Plain",
      "Partial Mode": "Simple",
      "Parallel Aware": false,
      "Startup Cost": 9379.73,
      "Total Cost": 9379.74,
      "Plan Rows": 1,
      "Plan Width": 8,
      "Actual Startup Time": 4.613,
      "Actual Total Time": 4.614,
      "Actual Rows": 1,
      "Actual Loops": 1,
      "Plans": [
        {
          "Node Type": "Index Scan",
          "Parent Relationship": "Outer",
          "Parallel Aware": false,
          "Scan Direction": "Forward",
          "Index Name": "company_id_movie_companies",
          "Relation Name": "movie_companies",
          "Alias": "mc",
          "Startup Cost": 0.43,
          "Total Cost": 9374.73,
          "Plan Rows": 2000,
          "Plan Width": 0,
          "Actual Startup Time": 4.501,
          "Actual Total Time": 4.604,
          "Actual Rows": 45,
          "Actual Loops": 1,
          "Index Cond": "(company_id = 11138)",
          "Rows Removed by Index Recheck": 0,
          "Filter": "(company_type_id = 2)",
          "Rows Removed by Filter": 4136
        }
      ]
    },
    "Planning Time": 0.217,
    "Triggers": [],
    "Execution Time": 4.662
  }
]