[
  {
    "Plan": {
      "Node Type": "Aggregate",
      "Strategy": "Plain",
      "Partial Mode": "Simple",
      "Parallel Aware": false,
      "Startup Cost": 10780.29,
      "Total Cost": 10780.3,
      "Plan Rows": 1,
      "Plan Width": 8,
      "Actual Startup Time": 6.486,
      "Actual Total Time": 6.488,
      "Actual Rows": 1,
      "Actual Loops": 1,
      "Plans": [
        {
          "Node Type": "Index Scan",
          "Parent Relationship": "Outer",
          "Parallel Aware": false,
          "Scan Direction": "Forward",
          "Index Name": "company_id_movie_companies",
          "Relation Name": "movie_companies",
          "Alias": "mc",
          "Startup Cost": 0.43,
          "Total Cost": 10774.44,
          "Plan Rows": 2340,
          "Plan Width": 0,
          "Actual Startup Time": 6.327,
          "Actual Total Time": 6.468,
          "Actual Rows": 45,
          "Actual Loops": 1,
          "Index Cond": "(company_id = 11138)",
          "Rows Removed by Index Recheck": 0,
          "Filter": "(company_type_id = 2)",
          "Rows Removed by Filter": 4136
        }
      ]
    },
    "Planning Time": 0.206,
    "Triggers": [],
    "Execution Time": 6.541
  }
]