{
  "Plan": {
    "Node Type": "Aggregate",
    "Strategy": "Plain",
    "Partial Mode": "Finalize",
    "Parallel Aware": false,
    "Startup Cost": 337318.1,
    "Total Cost": 337318.11,
    "Plan Rows": 1,
    "Plan Width": 8,
    "Actual Startup Time": 1954.996,
    "Actual Total Time": 2006.474,
    "Actual Rows": 1,
    "Actual Loops": 1,
    "Plans": [
      {
        "Node Type": "Gather",
        "Parent Relationship": "Outer",
        "Parallel Aware": false,
        "Startup Cost": 337317.99,
        "Total Cost": 337318.1,
        "Plan Rows": 1,
        "Plan Width": 8,
        "Actual Startup Time": 1953.932,
        "Actual Total Time": 2006.458,
        "Actual Rows": 2,
        "Actual Loops": 1,
        "Workers Planned": 1,
        "Workers Launched": 1,
        "Single Copy": false,
        "Plans": [
          {
            "Node Type": "Aggregate",
            "Strategy": "Plain",
            "Partial Mode": "Partial",
            "Parent Relationship": "Outer",
            "Parallel Aware": false,
            "Startup Cost": 336317.99,
            "Total Cost": 336318.0,
            "Plan Rows": 1,
            "Plan Width": 8,
            "Actual Startup Time": 1947.972,
            "Actual Total Time": 1948.226,
            "Actual Rows": 1,
            "Actual Loops": 2,
            "Plans": [
              {
                "Node Type": "Hash Join",
                "Parent Relationship": "Outer",
                "Parallel Aware": true,
                "Join Type": "Inner",
                "Startup Cost": 54238.44,
                "Total Cost": 336007.84,
                "Plan Rows": 124059,
                "Plan Width": 0,
                "Actual Startup Time": 213.259,
                "Actual Total Time": 1894.945,
                "Actual Rows": 815191,
                "Actual Loops": 2,
                "Inner Unique": true,
                "Hash Cond": "(mi.movie_id = t.id)",
                "Plans": [
                  {
                    "Node Type": "Seq Scan",
                    "Parent Relationship": "Outer",
                    "Parallel Aware": true,
                    "Relation Name": "movie_info",
                    "Alias": "mi",
                    "Startup Cost": 0.0,
                    "Total Cost": 270696.42,
                    "Plan Rows": 4218272,
                    "Plan Width": 4,
                    "Actual Startup Time": 0.016,
                    "Actual Total Time": 1039.789,
                    "Actual Rows": 3643432,
                    "Actual Loops": 2,
                    "Filter": "(info_type_id < 8)",
                    "Rows Removed by Filter": 3774428
                  },
                  {
                    "Node Type": "Hash",
                    "Parent Relationship": "Inner",
                    "Parallel Aware": true,
                    "Startup Cost": 53691.7,
                    "Total Cost": 53691.7,
                    "Plan Rows": 43739,
                    "Plan Width": 4,
                    "Actual Startup Time": 171.251,
                    "Actual Total Time": 171.253,
                    "Actual Rows": 103000,
                    "Actual Loops": 2,
                    "Hash Buckets": 262144,
                    "Original Hash Buckets": 131072,
                    "Hash Batches": 1,
                    "Original Hash Batches": 1,
                    "Peak Memory Usage": 11168,
                    "Plans": [
                      {
                        "Node Type": "Bitmap Heap Scan",
                        "Parent Relationship": "Outer",
                        "Parallel Aware": true,
                        "Relation Name": "title",
                        "Alias": "t",
                        "Startup Cost": 11841.44,
                        "Total Cost": 53691.7,
                        "Plan Rows": 43739,
                        "Plan Width": 4,
                        "Actual Startup Time": 40.662,
                        "Actual Total Time": 128.265,
                        "Actual Rows": 103000,
                        "Actual Loops": 2,
                        "Recheck Cond": "(kind_id = 1)",
                        "Rows Removed by Index Recheck": 0,
                        "Filter": "(production_year < 1965)",
                        "Rows Removed by Filter": 228413,
                        "Exact Heap Blocks": 7742,
                        "Lossy Heap Blocks": 0,
                        "Plans": [
                          {
                            "Node Type": "Bitmap Index Scan",
                            "Parent Relationship": "Outer",
                            "Parallel Aware": false,
                            "Index Name": "kind_id_title",
                            "Startup Cost": 0.0,
                            "Total Cost": 11822.85,
                            "Plan Rows": 663256,
                            "Plan Width": 0,
                            "Actual Startup Time": 41.259,
                            "Actual Total Time": 41.259,
                            "Actual Rows": 662825,
                            "Actual Loops": 1,
                            "Index Cond": "(kind_id = 1)"
                          }
                        ]
                      }
                    ]
                  }
                ]
              }
            ]
          }
        ]
      }
    ]
  },
  "Planning Time": 0.509,
  "Triggers": [],
  "Execution Time": 2006.601
}