[
  {
    "Plan": {
      "Node Type": "Aggregate",
      "Strategy": "Plain",
      "Partial Mode": "Finalize",
      "Parallel Aware": false,
      "Startup Cost": 74548.62,
      "Total Cost": 74548.63,
      "Plan Rows": 1,
      "Plan Width": 8,
      "Actual Startup Time": 219.237,
      "Actual Total Time": 226.065,
      "Actual Rows": 1,
      "Actual Loops": 1,
      "Plans": [
        {
          "Node Type": "Gather",
          "Parent Relationship": "Outer",
          "Parallel Aware": false,
          "Startup Cost": 74548.2,
          "Total Cost": 74548.61,
          "Plan Rows": 4,
          "Plan Width": 8,
          "Actual Startup Time": 216.896,
          "Actual Total Time": 226.057,
          "Actual Rows": 5,
          "Actual Loops": 1,
          "Workers Planned": 4,
          "Workers Launched": 4,
          "Single Copy": false,
          "Plans": [
            {
              "Node Type": "Aggregate",
              "Strategy": "Plain",
              "Partial Mode": "Partial",
              "Parent Relationship": "Outer",
              "Parallel Aware": false,
              "Startup Cost": 73548.2,
              "Total Cost": 73548.21,
              "Plan Rows": 1,
              "Plan Width": 8,
              "Actual Startup Time": 213.4,
              "Actual Total Time": 213.457,
              "Actual Rows": 1,
              "Actual Loops": 5,
              "Plans": [
                {
                  "Node Type": "Hash Join",
                  "Parent Relationship": "Outer",
                  "Parallel Aware": true,
                  "Join Type": "Inner",
                  "Startup Cost": 27836.9,
                  "Total Cost": 73446.86,
                  "Plan Rows": 40536,
                  "Plan Width": 0,
                  "Actual Startup Time": 145.508,
                  "Actual Total Time": 210.47,
                  "Actual Rows": 63751,
                  "Actual Loops": 5,
                  "Inner Unique": false,
                  "Hash Cond": "(t.id = mc.movie_id)",
                  "Plans": [
                    {
                      "Node Type": "Seq Scan",
                      "Parent Relationship": "Outer",
                      "Parallel Aware": true,
                      "Relation Name": "title",
                      "Alias": "t",
                      "Startup Cost": 0.0,
                      "Total Cost": 42318.81,
                      "Plan Rows": 632080,
                      "Plan Width": 4,
                      "Actual Startup Time": 0.006,
                      "Actual Total Time": 57.803,
                      "Actual Rows": 505662,
                      "Actual Loops": 5
                    },
                    {
                      "Node Type": "Hash",
                      "Parent Relationship": "Inner",
                      "Parallel Aware": true,
                      "Startup Cost": 27183.08,
                      "Total Cost": 27183.08,
                      "Plan Rows": 52305,
                      "Plan Width": 4,
                      "Actual Startup Time": 67.29,
                      "Actual Total Time": 67.291,
                      "Actual Rows": 63751,
                      "Actual Loops": 5,
                      "Hash Buckets": 524288,
                      "Original Hash Buckets": 262144,
                      "Hash Batches": 1,
                      "Original Hash Batches": 1,
                      "Peak Memory Usage": 18720,
                      "Plans": [
                        {
                          "Node Type": "Bitmap Heap Scan",
                          "Parent Relationship": "Outer",
                          "Parallel Aware": true,
                          "Relation Name": "movie_companies",
                          "Alias": "mc",
                          "Startup Cost": 6854.21,
                          "Total Cost": 27183.08,
                          "Plan Rows": 52305,
                          "Plan Width": 4,
                          "Actual Startup Time": 18.302,
                          "Actual Total Time": 41.223,
                          "Actual Rows": 63751,
                          "Actual Loops": 5,
                          "Recheck Cond": "(company_id > 91626)",
                          "Rows Removed by Index Recheck": 0,
                          "Filter": "(company_type_id = 2)",
                          "Rows Removed by Filter": 0,
                          "Exact Heap Blocks": 1399,
                          "Lossy Heap Blocks": 0,
                          "Plans": [
                            {
                              "Node Type": "Bitmap Index Scan",
                              "Parent Relationship": "Outer",
                              "Parallel Aware": false,
                              "Index Name": "company_id_movie_companies",
                              "Startup Cost": 0.0,
                              "Total Cost": 6813.68,
                              "Plan Rows": 318033,
                              "Plan Width": 0,
                              "Actual Startup Time": 18.034,
                              "Actual Total Time": 18.034,
                              "Actual Rows": 318754,
                              "Actual Loops": 1,
                              "Index Cond": "(company_id > 91626)"
                            }
                          ]
                        }
                      ]
                    }
                  ]
                }
              ]
            }
          ]
        }
      ]
    },
    "Planning Time": 0.289,
    "Triggers": [],
    "Execution Time": 226.108
  }
]