[
  {
    "Plan": {
      "Node Type": "Aggregate",
      "Strategy": "Plain",
      "Partial Mode": "Finalize",
      "Parallel Aware": false,
      "Startup Cost": 74596.06,
      "Total Cost": 74596.07,
      "Plan Rows": 1,
      "Plan Width": 8,
      "Actual Startup Time": 275.861,
      "Actual Total Time": 288.341,
      "Actual Rows": 1,
      "Actual Loops": 1,
      "Plans": [
        {
          "Node Type": "Gather",
          "Parent Relationship": "Outer",
          "Parallel Aware": false,
          "Startup Cost": 74595.64,
          "Total Cost": 74596.05,
          "Plan Rows": 4,
          "Plan Width": 8,
          "Actual Startup Time": 273.009,
          "Actual Total Time": 288.331,
          "Actual Rows": 5,
          "Actual Loops": 1,
          "Workers Planned": 4,
          "Workers Launched": 4,
          "Single Copy": false,
          "Plans": [
            {
              "Node Type": "Aggregate",
              "Strategy": "Plain",
              "Partial Mode": "Partial",
              "Parent Relationship": "Outer",
              "Parallel Aware": false,
              "Startup Cost": 73595.64,
              "Total Cost": 73595.65,
              "Plan Rows": 1,
              "Plan Width": 8,
              "Actual Startup Time": 263.24,
              "Actual Total Time": 263.297,
              "Actual Rows": 1,
              "Actual Loops": 5,
              "Plans": [
                {
                  "Node Type": "Hash Join",
                  "Parent Relationship": "Outer",
                  "Parallel Aware": true,
                  "Join Type": "Inner",
                  "Startup Cost": 27884.09,
                  "Total Cost": 73494.15,
                  "Plan Rows": 40597,
                  "Plan Width": 0,
                  "Actual Startup Time": 185.961,
                  "Actual Total Time": 260.409,
                  "Actual Rows": 63751,
                  "Actual Loops": 5,
                  "Inner Unique": false,
                  "Hash Cond": "(t.id = mc.movie_id)",
                  "Plans": [
                    {
                      "Node Type": "Seq Scan",
                      "Parent Relationship": "Outer",
                      "Parallel Aware": true,
                      "Relation Name": "title",
                      "Alias": "t",
                      "Startup Cost": 0.0,
                      "Total Cost": 42318.73,
                      "Plan Rows": 632073,
                      "Plan Width": 4,
                      "Actual Startup Time": 0.013,
                      "Actual Total Time": 68.275,
                      "Actual Rows": 505662,
                      "Actual Loops": 5
                    },
                    {
                      "Node Type": "Hash",
                      "Parent Relationship": "Inner",
                      "Parallel Aware": true,
                      "Startup Cost": 27229.3,
                      "Total Cost": 27229.3,
                      "Plan Rows": 52383,
                      "Plan Width": 4,
                      "Actual Startup Time": 93.683,
                      "Actual Total Time": 93.685,
                      "Actual Rows": 63751,
                      "Actual Loops": 5,
                      "Hash Buckets": 524288,
                      "Original Hash Buckets": 262144,
                      "Hash Batches": 1,
                      "Original Hash Batches": 1,
                      "Peak Memory Usage": 18688,
                      "Plans": [
                        {
                          "Node Type": "Bitmap Heap Scan",
                          "Parent Relationship": "Outer",
                          "Parallel Aware": true,
                          "Relation Name": "movie_companies",
                          "Alias": "mc",
                          "Startup Cost": 6891.74,
                          "Total Cost": 27229.3,
                          "Plan Rows": 52383,
                          "Plan Width": 4,
                          "Actual Startup Time": 32.448,
                          "Actual Total Time": 62.113,
                          "Actual Rows": 63751,
                          "Actual Loops": 5,
                          "Recheck Cond": "(company_id > 91626)",
                          "Rows Removed by Index Recheck": 0,
                          "Filter": "(company_type_id = 2)",
                          "Rows Removed by Filter": 0,
                          "Exact Heap Blocks": 1851,
                          "Lossy Heap Blocks": 0,
                          "Plans": [
                            {
                              "Node Type": "Bitmap Index Scan",
                              "Parent Relationship": "Outer",
                              "Parallel Aware": false,
                              "Index Name": "company_id_movie_companies",
                              "Startup Cost": 0.0,
                              "Total Cost": 6851.15,
                              "Plan Rows": 319829,
                              "Plan Width": 0,
                              "Actual Startup Time": 34.681,
                              "Actual Total Time": 34.681,
                              "Actual Rows": 318754,
                              "Actual Loops": 1,
                              "Index Cond": "(company_id > 91626)"
                            }
                          ]
                        }
                      ]
                    }
                  ]
                }
              ]
            }
          ]
        }
      ]
    },
    "Planning Time": 0.664,
    "Triggers": [],
    "Execution Time": 288.433
  }
]