[
  {
    "Plan": {
      "Node Type": "Aggregate",
      "Strategy": "Plain",
      "Partial Mode": "Finalize",
      "Parallel Aware": false,
      "Startup Cost": 32919.39,
      "Total Cost": 32919.4,
      "Plan Rows": 1,
      "Plan Width": 8,
      "Actual Startup Time": 112.658,
      "Actual Total Time": 122.051,
      "Actual Rows": 1,
      "Actual Loops": 1,
      "Plans": [
        {
          "Node Type": "Gather",
          "Parent Relationship": "Outer",
          "Parallel Aware": false,
          "Startup Cost": 32919.07,
          "Total Cost": 32919.38,
          "Plan Rows": 3,
          "Plan Width": 8,
          "Actual Startup Time": 112.513,
          "Actual Total Time": 122.04,
          "Actual Rows": 4,
          "Actual Loops": 1,
          "Workers Planned": 3,
          "Workers Launched": 3,
          "Single Copy": false,
          "Plans": [
            {
              "Node Type": "Aggregate",
              "Strategy": "Plain",
              "Partial Mode": "Partial",
              "Parent Relationship": "Outer",
              "Parallel Aware": false,
              "Startup Cost": 31919.07,
              "Total Cost": 31919.08,
              "Plan Rows": 1,
              "Plan Width": 8,
              "Actual Startup Time": 105.586,
              "Actual Total Time": 105.588,
              "Actual Rows": 1,
              "Actual Loops": 4,
              "Plans": [
                {
                  "Node Type": "Seq Scan",
                  "Parent Relationship": "Outer",
                  "Parallel Aware": true,
                  "Relation Name": "movie_companies",
                  "Alias": "mc",
                  "Startup Cost": 0.0,
                  "Total Cost": 31414.82,
                  "Plan Rows": 201702,
                  "Plan Width": 0,
                  "Actual Startup Time": 57.004,
                  "Actual Total Time": 99.247,
                  "Actual Rows": 100395,
                  "Actual Loops": 4,
                  "Filter": "((company_id < 11143) AND (company_type_id = 2))",
                  "Rows Removed by Filter": 551888
                }
              ]
            }
          ]
        }
      ]
    },
    "Planning Time": 0.131,
    "Triggers": [],
    "Execution Time": 122.09
  }
]