[
    {
        "Bao": {
            "Bao prediction": 454.003,
            "Bao recommended hint": "(no hint)"
        }
    },
    {
        "Plan": {
            "Node Type": "Aggregate",
            "Strategy": "Plain",
            "Partial Mode": "Finalize",
            "Parallel Aware": false,
            "Startup Cost": 345739.95,
            "Total Cost": 345739.96,
            "Plan Rows": 1,
            "Plan Width": 8,
            "Actual Startup Time": 812.414,
            "Actual Total Time": 844.417,
            "Actual Rows": 1,
            "Actual Loops": 1,
            "Output": [
                "count(*)"
            ],
            "Plans": [
                {
                    "Node Type": "Gather",
                    "Parent Relationship": "Outer",
                    "Parallel Aware": false,
                    "Startup Cost": 345739.32,
                    "Total Cost": 345739.93,
                    "Plan Rows": 6,
                    "Plan Width": 8,
                    "Actual Startup Time": 812.307,
                    "Actual Total Time": 844.409,
                    "Actual Rows": 7,
                    "Actual Loops": 1,
                    "Output": [
                        "(PARTIAL count(*))"
                    ],
                    "Workers Planned": 6,
                    "Workers Launched": 6,
                    "Single Copy": false,
                    "Plans": [
                        {
                            "Node Type": "Aggregate",
                            "Strategy": "Plain",
                            "Partial Mode": "Partial",
                            "Parent Relationship": "Outer",
                            "Parallel Aware": false,
                            "Startup Cost": 344739.32,
                            "Total Cost": 344739.33,
                            "Plan Rows": 1,
                            "Plan Width": 8,
                            "Actual Startup Time": 802.158,
                            "Actual Total Time": 802.159,
                            "Actual Rows": 1,
                            "Actual Loops": 7,
                            "Output": [
                                "PARTIAL count(*)"
                            ],
                            "Workers": [
                                {
                                    "Worker Number": 0,
                                    "Actual Startup Time": 801.113,
                                    "Actual Total Time": 801.114,
                                    "Actual Rows": 1,
                                    "Actual Loops": 1
                                },
                                {
                                    "Worker Number": 1,
                                    "Actual Startup Time": 798.611,
                                    "Actual Total Time": 798.612,
                                    "Actual Rows": 1,
                                    "Actual Loops": 1
                                },
                                {
                                    "Worker Number": 2,
                                    "Actual Startup Time": 801.378,
                                    "Actual Total Time": 801.379,
                                    "Actual Rows": 1,
                                    "Actual Loops": 1
                                },
                                {
                                    "Worker Number": 3,
                                    "Actual Startup Time": 801.636,
                                    "Actual Total Time": 801.637,
                                    "Actual Rows": 1,
                                    "Actual Loops": 1
                                },
                                {
                                    "Worker Number": 4,
                                    "Actual Startup Time": 801.867,
                                    "Actual Total Time": 801.869,
                                    "Actual Rows": 1,
                                    "Actual Loops": 1
                                },
                                {
                                    "Worker Number": 5,
                                    "Actual Startup Time": 798.968,
                                    "Actual Total Time": 798.969,
                                    "Actual Rows": 1,
                                    "Actual Loops": 1
                                }
                            ],
                            "Plans": [
                                {
                                    "Node Type": "Seq Scan",
                                    "Parent Relationship": "Outer",
                                    "Parallel Aware": true,
                                    "Relation Name": "cast_info",
                                    "Schema": "public",
                                    "Alias": "ci",
                                    "Startup Cost": 0.0,
                                    "Total Cost": 343318.94,
                                    "Plan Rows": 568152,
                                    "Plan Width": 0,
                                    "Actual Startup Time": 439.488,
                                    "Actual Total Time": 780.854,
                                    "Actual Rows": 314085,
                                    "Actual Loops": 7,
                                    "Output": [
                                        "id",
                                        "person_id",
                                        "movie_id",
                                        "person_role_id",
                                        "note",
                                        "nr_order",
                                        "role_id"
                                    ],
                                    "Filter": "((ci.person_id < 772996) AND (ci.role_id > 2))",
                                    "Rows Removed by Filter": 4863678,
                                    "Workers": [
                                        {
                                            "Worker Number": 0,
                                            "Actual Startup Time": 438.454,
                                            "Actual Total Time": 781.071,
                                            "Actual Rows": 294152,
                                            "Actual Loops": 1
                                        },
                                        {
                                            "Worker Number": 1,
                                            "Actual Startup Time": 435.926,
                                            "Actual Total Time": 777.922,
                                            "Actual Rows": 300336,
                                            "Actual Loops": 1
                                        },
                                        {
                                            "Worker Number": 2,
                                            "Actual Startup Time": 438.698,
                                            "Actual Total Time": 781.284,
                                            "Actual Rows": 295015,
                                            "Actual Loops": 1
                                        },
                                        {
                                            "Worker Number": 3,
                                            "Actual Startup Time": 438.981,
                                            "Actual Total Time": 780.645,
                                            "Actual Rows": 308621,
                                            "Actual Loops": 1
                                        },
                                        {
                                            "Worker Number": 4,
                                            "Actual Startup Time": 439.205,
                                            "Actual Total Time": 781.446,
                                            "Actual Rows": 298969,
                                            "Actual Loops": 1
                                        },
                                        {
                                            "Worker Number": 5,
                                            "Actual Startup Time": 436.296,
                                            "Actual Total Time": 777.933,
                                            "Actual Rows": 307465,
                                            "Actual Loops": 1
                                        }
                                    ]
                                }
                            ]
                        }
                    ]
                }
            ]
        },
        "Planning Time": 2099.03,
        "Triggers": [],
        "Execution Time": 844.535
    }
]