[
  {
    "Plan": {
      "Node Type": "Aggregate",
      "Strategy": "Plain",
      "Partial Mode": "Finalize",
      "Parallel Aware": false,
      "Startup Cost": 71362.17,
      "Total Cost": 71362.18,
      "Plan Rows": 1,
      "Plan Width": 8,
      "Actual Startup Time": 181.398,
      "Actual Total Time": 197.74,
      "Actual Rows": 1,
      "Actual Loops": 1,
      "Plans": [
        {
          "Node Type": "Gather",
          "Parent Relationship": "Outer",
          "Parallel Aware": false,
          "Startup Cost": 71361.86,
          "Total Cost": 71362.17,
          "Plan Rows": 3,
          "Plan Width": 8,
          "Actual Startup Time": 180.891,
          "Actual Total Time": 197.727,
          "Actual Rows": 4,
          "Actual Loops": 1,
          "Workers Planned": 3,
          "Workers Launched": 3,
          "Single Copy": false,
          "Plans": [
            {
              "Node Type": "Aggregate",
              "Strategy": "Plain",
              "Partial Mode": "Partial",
              "Parent Relationship": "Outer",
              "Parallel Aware": false,
              "Startup Cost": 70361.86,
              "Total Cost": 70361.87,
              "Plan Rows": 1,
              "Plan Width": 8,
              "Actual Startup Time": 177.347,
              "Actual Total Time": 177.352,
              "Actual Rows": 1,
              "Actual Loops": 4,
              "Plans": [
                {
                  "Node Type": "Hash Join",
                  "Parent Relationship": "Outer",
                  "Parallel Aware": true,
                  "Join Type": "Inner",
                  "Startup Cost": 38314.09,
                  "Total Cost": 70343.87,
                  "Plan Rows": 7196,
                  "Plan Width": 0,
                  "Actual Startup Time": 63.359,
                  "Actual Total Time": 176.239,
                  "Actual Rows": 20853,
                  "Actual Loops": 4,
                  "Inner Unique": true,
                  "Hash Cond": "(mc.movie_id = t.id)",
                  "Plans": [
                    {
                      "Node Type": "Seq Scan",
                      "Parent Relationship": "Outer",
                      "Parallel Aware": true,
                      "Relation Name": "movie_companies",
                      "Alias": "mc",
                      "Startup Cost": 0.0,
                      "Total Cost": 31414.82,
                      "Plan Rows": 234272,
                      "Plan Width": 4,
                      "Actual Startup Time": 0.01,
                      "Actual Total Time": 81.874,
                      "Actual Rows": 253715,
                      "Actual Loops": 4,
                      "Filter": "((company_id < 13791) AND (company_type_id < 2))",
                      "Rows Removed by Filter": 398568
                    },
                    {
                      "Node Type": "Hash",
                      "Parent Relationship": "Inner",
                      "Parallel Aware": true,
                      "Startup Cost": 38071.37,
                      "Total Cost": 38071.37,
                      "Plan Rows": 19417,
                      "Plan Width": 4,
                      "Actual Startup Time": 62.621,
                      "Actual Total Time": 62.622,
                      "Actual Rows": 19363,
                      "Actual Loops": 4,
                      "Hash Buckets": 131072,
                      "Original Hash Buckets": 131072,
                      "Hash Batches": 1,
                      "Original Hash Batches": 1,
                      "Peak Memory Usage": 4128,
                      "Plans": [
                        {
                          "Node Type": "Bitmap Heap Scan",
                          "Parent Relationship": "Outer",
                          "Parallel Aware": true,
                          "Relation Name": "title",
                          "Alias": "t",
                          "Startup Cost": 1716.86,
                          "Total Cost": 38071.37,
                          "Plan Rows": 19417,
                          "Plan Width": 4,
                          "Actual Startup Time": 12.724,
                          "Actual Total Time": 54.91,
                          "Actual Rows": 19363,
                          "Actual Loops": 4,
                          "Recheck Cond": "(kind_id = 2)",
                          "Rows Removed by Index Recheck": 0,
                          "Filter": "(production_year < 2011)",
                          "Rows Removed by Filter": 3350,
                          "Exact Heap Blocks": 9796,
                          "Lossy Heap Blocks": 0,
                          "Plans": [
                            {
                              "Node Type": "Bitmap Index Scan",
                              "Parent Relationship": "Outer",
                              "Parallel Aware": false,
                              "Index Name": "kind_id_title",
                              "Startup Cost": 0.0,
                              "Total Cost": 1697.45,
                              "Plan Rows": 95069,
                              "Plan Width": 0,
                              "Actual Startup Time": 8.954,
                              "Actual Total Time": 8.955,
                              "Actual Rows": 90852,
                              "Actual Loops": 1,
                              "Index Cond": "(kind_id = 2)"
                            }
                          ]
                        }
                      ]
                    }
                  ]
                }
              ]
            }
          ]
        }
      ]
    },
    "Planning Time": 0.304,
    "Triggers": [],
    "Execution Time": 197.789
  }
]