[
  {
    "Plan": {
      "Node Type": "Aggregate",
      "Strategy": "Plain",
      "Partial Mode": "Finalize",
      "Parallel Aware": false,
      "Startup Cost": 71261.01,
      "Total Cost": 71261.02,
      "Plan Rows": 1,
      "Plan Width": 8,
      "Actual Startup Time": 176.895,
      "Actual Total Time": 189.057,
      "Actual Rows": 1,
      "Actual Loops": 1,
      "Plans": [
        {
          "Node Type": "Gather",
          "Parent Relationship": "Outer",
          "Parallel Aware": false,
          "Startup Cost": 71260.69,
          "Total Cost": 71261.0,
          "Plan Rows": 3,
          "Plan Width": 8,
          "Actual Startup Time": 176.229,
          "Actual Total Time": 189.049,
          "Actual Rows": 4,
          "Actual Loops": 1,
          "Workers Planned": 3,
          "Workers Launched": 3,
          "Single Copy": false,
          "Plans": [
            {
              "Node Type": "Aggregate",
              "Strategy": "Plain",
              "Partial Mode": "Partial",
              "Parent Relationship": "Outer",
              "Parallel Aware": false,
              "Startup Cost": 70260.69,
              "Total Cost": 70260.7,
              "Plan Rows": 1,
              "Plan Width": 8,
              "Actual Startup Time": 167.039,
              "Actual Total Time": 167.043,
              "Actual Rows": 1,
              "Actual Loops": 4,
              "Plans": [
                {
                  "Node Type": "Hash Join",
                  "Parent Relationship": "Outer",
                  "Parallel Aware": true,
                  "Join Type": "Inner",
                  "Startup Cost": 38204.61,
                  "Total Cost": 70243.28,
                  "Plan Rows": 6963,
                  "Plan Width": 0,
                  "Actual Startup Time": 75.515,
                  "Actual Total Time": 166.147,
                  "Actual Rows": 20853,
                  "Actual Loops": 4,
                  "Inner Unique": true,
                  "Hash Cond": "(mc.movie_id = t.id)",
                  "Plans": [
                    {
                      "Node Type": "Seq Scan",
                      "Parent Relationship": "Outer",
                      "Parallel Aware": true,
                      "Relation Name": "movie_companies",
                      "Alias": "mc",
                      "Startup Cost": 0.0,
                      "Total Cost": 31414.82,
                      "Plan Rows": 237658,
                      "Plan Width": 4,
                      "Actual Startup Time": 0.017,
                      "Actual Total Time": 64.773,
                      "Actual Rows": 253715,
                      "Actual Loops": 4,
                      "Filter": "((company_id < 13791) AND (company_type_id < 2))",
                      "Rows Removed by Filter": 398568
                    },
                    {
                      "Node Type": "Hash",
                      "Parent Relationship": "Inner",
                      "Parallel Aware": true,
                      "Startup Cost": 37973.11,
                      "Total Cost": 37973.11,
                      "Plan Rows": 18520,
                      "Plan Width": 4,
                      "Actual Startup Time": 73.981,
                      "Actual Total Time": 73.982,
                      "Actual Rows": 19363,
                      "Actual Loops": 4,
                      "Hash Buckets": 131072,
                      "Original Hash Buckets": 131072,
                      "Hash Batches": 1,
                      "Original Hash Batches": 1,
                      "Peak Memory Usage": 4128,
                      "Plans": [
                        {
                          "Node Type": "Bitmap Heap Scan",
                          "Parent Relationship": "Outer",
                          "Parallel Aware": true,
                          "Relation Name": "title",
                          "Alias": "t",
                          "Startup Cost": 1635.06,
                          "Total Cost": 37973.11,
                          "Plan Rows": 18520,
                          "Plan Width": 4,
                          "Actual Startup Time": 19.397,
                          "Actual Total Time": 66.698,
                          "Actual Rows": 19363,
                          "Actual Loops": 4,
                          "Recheck Cond": "(kind_id = 2)",
                          "Rows Removed by Index Recheck": 0,
                          "Filter": "(production_year < 2011)",
                          "Rows Removed by Filter": 3350,
                          "Exact Heap Blocks": 14321,
                          "Lossy Heap Blocks": 0,
                          "Plans": [
                            {
                              "Node Type": "Bitmap Index Scan",
                              "Parent Relationship": "Outer",
                              "Parallel Aware": false,
                              "Index Name": "kind_id_title",
                              "Startup Cost": 0.0,
                              "Total Cost": 1616.54,
                              "Plan Rows": 90681,
                              "Plan Width": 0,
                              "Actual Startup Time": 17.209,
                              "Actual Total Time": 17.209,
                              "Actual Rows": 90852,
                              "Actual Loops": 1,
                              "Index Cond": "(kind_id = 2)"
                            }
                          ]
                        }
                      ]
                    }
                  ]
                }
              ]
            }
          ]
        }
      ]
    },
    "Planning Time": 0.676,
    "Triggers": [],
    "Execution Time": 189.146
  }
]