{
  "Plan": {
    "Node Type": "Aggregate",
    "Strategy": "Plain",
    "Partial Mode": "Simple",
    "Parallel Aware": false,
    "Startup Cost": 4556.22,
    "Total Cost": 4556.23,
    "Plan Rows": 1,
    "Plan Width": 8,
    "Actual Startup Time": 15.385,
    "Actual Total Time": 15.387,
    "Actual Rows": 1,
    "Actual Loops": 1,
    "Plans": [
      {
        "Node Type": "Nested Loop",
        "Parent Relationship": "Outer",
        "Parallel Aware": false,
        "Join Type": "Inner",
        "Startup Cost": 0.99,
        "Total Cost": 4555.17,
        "Plan Rows": 419,
        "Plan Width": 0,
        "Actual Startup Time": 0.123,
        "Actual Total Time": 15.044,
        "Actual Rows": 3194,
        "Actual Loops": 1,
        "Inner Unique": true,
        "Plans": [
          {
            "Node Type": "Index Scan",
            "Parent Relationship": "Outer",
            "Parallel Aware": false,
            "Scan Direction": "Forward",
            "Index Name": "person_id_cast_info",
            "Relation Name": "cast_info",
            "Alias": "ci",
            "Startup Cost": 0.56,
            "Total Cost": 1059.67,
            "Plan Rows": 419,
            "Plan Width": 4,
            "Actual Startup Time": 0.108,
            "Actual Total Time": 1.699,
            "Actual Rows": 3194,
            "Actual Loops": 1,
            "Index Cond": "(person_id = 318300)",
            "Rows Removed by Index Recheck": 0,
            "Filter": "(role_id < 9)",
            "Rows Removed by Filter": 467
          },
          {
            "Node Type": "Index Only Scan",
            "Parent Relationship": "Inner",
            "Parallel Aware": false,
            "Scan Direction": "Forward",
            "Index Name": "title_pkey",
            "Relation Name": "title",
            "Alias": "t",
            "Startup Cost": 0.43,
            "Total Cost": 8.34,
            "Plan Rows": 1,
            "Plan Width": 4,
            "Actual Startup Time": 0.004,
            "Actual Total Time": 0.004,
            "Actual Rows": 1,
            "Actual Loops": 3194,
            "Index Cond": "(id = ci.movie_id)",
            "Rows Removed by Index Recheck": 0,
            "Heap Fetches": 3194
          }
        ]
      }
    ]
  },
  "Planning Time": 0.247,
  "Triggers": [],
  "Execution Time": 15.42
}