[
  {
    "Plan": {
      "Node Type": "Aggregate",
      "Strategy": "Plain",
      "Partial Mode": "Finalize",
      "Parallel Aware": false,
      "Startup Cost": 31272.14,
      "Total Cost": 31272.15,
      "Plan Rows": 1,
      "Plan Width": 8,
      "Actual Startup Time": 106.148,
      "Actual Total Time": 112.129,
      "Actual Rows": 1,
      "Actual Loops": 1,
      "Plans": [
        {
          "Node Type": "Gather",
          "Parent Relationship": "Outer",
          "Parallel Aware": false,
          "Startup Cost": 31271.82,
          "Total Cost": 31272.13,
          "Plan Rows": 3,
          "Plan Width": 8,
          "Actual Startup Time": 106.063,
          "Actual Total Time": 112.121,
          "Actual Rows": 4,
          "Actual Loops": 1,
          "Workers Planned": 3,
          "Workers Launched": 3,
          "Single Copy": false,
          "Plans": [
            {
              "Node Type": "Aggregate",
              "Strategy": "Plain",
              "Partial Mode": "Partial",
              "Parent Relationship": "Outer",
              "Parallel Aware": false,
              "Startup Cost": 30271.82,
              "Total Cost": 30271.83,
              "Plan Rows": 1,
              "Plan Width": 8,
              "Actual Startup Time": 97.582,
              "Actual Total Time": 97.583,
              "Actual Rows": 1,
              "Actual Loops": 4,
              "Plans": [
                {
                  "Node Type": "Seq Scan",
                  "Parent Relationship": "Outer",
                  "Parallel Aware": true,
                  "Relation Name": "movie_companies",
                  "Alias": "mc",
                  "Startup Cost": 0.0,
                  "Total Cost": 29310.68,
                  "Plan Rows": 384455,
                  "Plan Width": 0,
                  "Actual Startup Time": 22.079,
                  "Actual Total Time": 83.041,
                  "Actual Rows": 298764,
                  "Actual Loops": 4,
                  "Filter": "(company_id > 12420)",
                  "Rows Removed by Filter": 353518
                }
              ]
            }
          ]
        }
      ]
    },
    "Planning Time": 0.197,
    "Triggers": [],
    "Execution Time": 112.19
  }
]