[
  {
    "Plan": {
      "Node Type": "Aggregate",
      "Strategy": "Plain",
      "Partial Mode": "Finalize",
      "Parallel Aware": false,
      "Startup Cost": 56721.65,
      "Total Cost": 56721.66,
      "Plan Rows": 1,
      "Plan Width": 8,
      "Actual Startup Time": 93.283,
      "Actual Total Time": 101.974,
      "Actual Rows": 1,
      "Actual Loops": 1,
      "Plans": [
        {
          "Node Type": "Gather",
          "Parent Relationship": "Outer",
          "Parallel Aware": false,
          "Startup Cost": 56721.33,
          "Total Cost": 56721.64,
          "Plan Rows": 3,
          "Plan Width": 8,
          "Actual Startup Time": 93.121,
          "Actual Total Time": 101.964,
          "Actual Rows": 4,
          "Actual Loops": 1,
          "Workers Planned": 3,
          "Workers Launched": 3,
          "Single Copy": false,
          "Plans": [
            {
              "Node Type": "Aggregate",
              "Strategy": "Plain",
              "Partial Mode": "Partial",
              "Parent Relationship": "Outer",
              "Parallel Aware": false,
              "Startup Cost": 55721.33,
              "Total Cost": 55721.34,
              "Plan Rows": 1,
              "Plan Width": 8,
              "Actual Startup Time": 83.473,
              "Actual Total Time": 83.476,
              "Actual Rows": 1,
              "Actual Loops": 4,
              "Plans": [
                {
                  "Node Type": "Nested Loop",
                  "Parent Relationship": "Outer",
                  "Parallel Aware": false,
                  "Join Type": "Inner",
                  "Startup Cost": 368.67,
                  "Total Cost": 55716.42,
                  "Plan Rows": 1964,
                  "Plan Width": 0,
                  "Actual Startup Time": 1.933,
                  "Actual Total Time": 82.002,
                  "Actual Rows": 17819,
                  "Actual Loops": 4,
                  "Inner Unique": false,
                  "Plans": [
                    {
                      "Node Type": "Nested Loop",
                      "Parent Relationship": "Outer",
                      "Parallel Aware": false,
                      "Join Type": "Inner",
                      "Startup Cost": 368.23,
                      "Total Cost": 50962.66,
                      "Plan Rows": 2144,
                      "Plan Width": 8,
                      "Actual Startup Time": 1.699,
                      "Actual Total Time": 20.096,
                      "Actual Rows": 3885,
                      "Actual Loops": 4,
                      "Inner Unique": true,
                      "Plans": [
                        {
                          "Node Type": "Bitmap Heap Scan",
                          "Parent Relationship": "Outer",
                          "Parallel Aware": true,
                          "Relation Name": "movie_companies",
                          "Alias": "mc",
                          "Startup Cost": 367.8,
                          "Total Cost": 19530.79,
                          "Plan Rows": 5468,
                          "Plan Width": 4,
                          "Actual Startup Time": 1.529,
                          "Actual Total Time": 3.402,
                          "Actual Rows": 3885,
                          "Actual Loops": 4,
                          "Recheck Cond": "(company_id > 220338)",
                          "Rows Removed by Index Recheck": 0,
                          "Exact Heap Blocks": 220,
                          "Lossy Heap Blocks": 0,
                          "Plans": [
                            {
                              "Node Type": "Bitmap Index Scan",
                              "Parent Relationship": "Outer",
                              "Parallel Aware": false,
                              "Index Name": "company_id_movie_companies",
                              "Startup Cost": 0.0,
                              "Total Cost": 363.56,
                              "Plan Rows": 16951,
                              "Plan Width": 0,
                              "Actual Startup Time": 5.385,
                              "Actual Total Time": 5.385,
                              "Actual Rows": 15540,
                              "Actual Loops": 1,
                              "Index Cond": "(company_id > 220338)"
                            }
                          ]
                        },
                        {
                          "Node Type": "Index Scan",
                          "Parent Relationship": "Inner",
                          "Parallel Aware": false,
                          "Scan Direction": "Forward",
                          "Index Name": "title_pkey",
                          "Relation Name": "title",
                          "Alias": "t",
                          "Startup Cost": 0.43,
                          "Total Cost": 5.75,
                          "Plan Rows": 1,
                          "Plan Width": 4,
                          "Actual Startup Time": 0.004,
                          "Actual Total Time": 0.004,
                          "Actual Rows": 1,
                          "Actual Loops": 15540,
                          "Index Cond": "(id = mc.movie_id)",
                          "Rows Removed by Index Recheck": 0,
                          "Filter": "(kind_id < 7)",
                          "Rows Removed by Filter": 0
                        }
                      ]
                    },
                    {
                      "Node Type": "Index Scan",
                      "Parent Relationship": "Inner",
                      "Parallel Aware": false,
                      "Scan Direction": "Forward",
                      "Index Name": "movie_id_movie_info",
                      "Relation Name": "movie_info",
                      "Alias": "mi",
                      "Startup Cost": 0.43,
                      "Total Cost": 2.15,
                      "Plan Rows": 7,
                      "Plan Width": 4,
                      "Actual Startup Time": 0.007,
                      "Actual Total Time": 0.015,
                      "Actual Rows": 5,
                      "Actual Loops": 15540,
                      "Index Cond": "(movie_id = t.id)",
                      "Rows Removed by Index Recheck": 0,
                      "Filter": "(info_type_id > 16)",
                      "Rows Removed by Filter": 13
                    }
                  ]
                }
              ]
            }
          ]
        }
      ]
    },
    "Planning Time": 1.566,
    "Triggers": [],
    "Execution Time": 102.083
  }
]