[
  {
    "Plan": {
      "Node Type": "Aggregate",
      "Strategy": "Plain",
      "Partial Mode": "Finalize",
      "Parallel Aware": false,
      "Startup Cost": 122787.82,
      "Total Cost": 122787.83,
      "Plan Rows": 1,
      "Plan Width": 8,
      "Actual Startup Time": 674.973,
      "Actual Total Time": 699.164,
      "Actual Rows": 1,
      "Actual Loops": 1,
      "Plans": [
        {
          "Node Type": "Gather",
          "Parent Relationship": "Outer",
          "Parallel Aware": false,
          "Startup Cost": 122787.5,
          "Total Cost": 122787.81,
          "Plan Rows": 3,
          "Plan Width": 8,
          "Actual Startup Time": 649.29,
          "Actual Total Time": 699.151,
          "Actual Rows": 4,
          "Actual Loops": 1,
          "Workers Planned": 3,
          "Workers Launched": 3,
          "Single Copy": false,
          "Plans": [
            {
              "Node Type": "Aggregate",
              "Strategy": "Plain",
              "Partial Mode": "Partial",
              "Parent Relationship": "Outer",
              "Parallel Aware": false,
              "Startup Cost": 121787.5,
              "Total Cost": 121787.51,
              "Plan Rows": 1,
              "Plan Width": 8,
              "Actual Startup Time": 644.704,
              "Actual Total Time": 644.711,
              "Actual Rows": 1,
              "Actual Loops": 4,
              "Plans": [
                {
                  "Node Type": "Hash Join",
                  "Parent Relationship": "Outer",
                  "Parallel Aware": true,
                  "Join Type": "Inner",
                  "Startup Cost": 76811.5,
                  "Total Cost": 121588.32,
                  "Plan Rows": 79672,
                  "Plan Width": 0,
                  "Actual Startup Time": 460.249,
                  "Actual Total Time": 642.486,
                  "Actual Rows": 49149,
                  "Actual Loops": 4,
                  "Inner Unique": false,
                  "Hash Cond": "(mk.movie_id = t.id)",
                  "Plans": [
                    {
                      "Node Type": "Seq Scan",
                      "Parent Relationship": "Outer",
                      "Parallel Aware": true,
                      "Relation Name": "movie_keyword",
                      "Alias": "mk",
                      "Startup Cost": 0.0,
                      "Total Cost": 39047.32,
                      "Plan Rows": 1459332,
                      "Plan Width": 4,
                      "Actual Startup Time": 0.056,
                      "Actual Total Time": 93.763,
                      "Actual Rows": 1130982,
                      "Actual Loops": 4
                    },
                    {
                      "Node Type": "Hash",
                      "Parent Relationship": "Inner",
                      "Parallel Aware": true,
                      "Startup Cost": 76254.88,
                      "Total Cost": 76254.88,
                      "Plan Rows": 44529,
                      "Plan Width": 8,
                      "Actual Startup Time": 458.422,
                      "Actual Total Time": 458.428,
                      "Actual Rows": 15621,
                      "Actual Loops": 4,
                      "Hash Buckets": 262144,
                      "Original Hash Buckets": 262144,
                      "Hash Batches": 1,
                      "Original Hash Batches": 1,
                      "Peak Memory Usage": 4544,
                      "Plans": [
                        {
                          "Node Type": "Hash Join",
                          "Parent Relationship": "Outer",
                          "Parallel Aware": true,
                          "Join Type": "Inner",
                          "Startup Cost": 56041.06,
                          "Total Cost": 76254.88,
                          "Plan Rows": 44529,
                          "Plan Width": 8,
                          "Actual Startup Time": 425.23,
                          "Actual Total Time": 451.901,
                          "Actual Rows": 15621,
                          "Actual Loops": 4,
                          "Inner Unique": true,
                          "Hash Cond": "(mc.movie_id = t.id)",
                          "Plans": [
                            {
                              "Node Type": "Bitmap Heap Scan",
                              "Parent Relationship": "Outer",
                              "Parallel Aware": true,
                              "Relation Name": "movie_companies",
                              "Alias": "mc",
                              "Startup Cost": 5820.68,
                              "Total Cost": 25917.61,
                              "Plan Rows": 44529,
                              "Plan Width": 4,
                              "Actual Startup Time": 38.358,
                              "Actual Total Time": 50.048,
                              "Actual Rows": 15621,
                              "Actual Loops": 4,
                              "Recheck Cond": "(company_id < 139)",
                              "Rows Removed by Index Recheck": 0,
                              "Filter": "(company_type_id > 1)",
                              "Rows Removed by Filter": 50962,
                              "Exact Heap Blocks": 6709,
                              "Lossy Heap Blocks": 0,
                              "Plans": [
                                {
                                  "Node Type": "Bitmap Index Scan",
                                  "Parent Relationship": "Outer",
                                  "Parallel Aware": false,
                                  "Index Name": "company_id_movie_companies",
                                  "Startup Cost": 0.0,
                                  "Total Cost": 5786.17,
                                  "Plan Rows": 270099,
                                  "Plan Width": 0,
                                  "Actual Startup Time": 12.143,
                                  "Actual Total Time": 12.144,
                                  "Actual Rows": 266330,
                                  "Actual Loops": 1,
                                  "Index Cond": "(company_id < 139)"
                                }
                              ]
                            },
                            {
                              "Node Type": "Hash",
                              "Parent Relationship": "Inner",
                              "Parallel Aware": true,
                              "Startup Cost": 42319.06,
                              "Total Cost": 42319.06,
                              "Plan Rows": 632106,
                              "Plan Width": 4,
                              "Actual Startup Time": 377.197,
                              "Actual Total Time": 377.198,
                              "Actual Rows": 632078,
                              "Actual Loops": 4,
                              "Hash Buckets": 4194304,
                              "Original Hash Buckets": 4194304,
                              "Hash Batches": 1,
                              "Original Hash Batches": 1,
                              "Peak Memory Usage": 131776,
                              "Plans": [
                                {
                                  "Node Type": "Seq Scan",
                                  "Parent Relationship": "Outer",
                                  "Parallel Aware": true,
                                  "Relation Name": "title",
                                  "Alias": "t",
                                  "Startup Cost": 0.0,
                                  "Total Cost": 42319.06,
                                  "Plan Rows": 632106,
                                  "Plan Width": 4,
                                  "Actual Startup Time": 0.051,
                                  "Actual Total Time": 106.232,
                                  "Actual Rows": 632078,
                                  "Actual Loops": 4
                                }
                              ]
                            }
                          ]
                        }
                      ]
                    }
                  ]
                }
              ]
            }
          ]
        }
      ]
    },
    "Planning Time": 1.139,
    "Triggers": [],
    "Execution Time": 699.263
  }
]