[
  {
    "Plan": {
      "Node Type": "Aggregate",
      "Strategy": "Plain",
      "Partial Mode": "Finalize",
      "Parallel Aware": false,
      "Startup Cost": 61848.27,
      "Total Cost": 61848.28,
      "Plan Rows": 1,
      "Plan Width": 8,
      "Actual Startup Time": 264.925,
      "Actual Total Time": 278.632,
      "Actual Rows": 1,
      "Actual Loops": 1,
      "Plans": [
        {
          "Node Type": "Gather",
          "Parent Relationship": "Outer",
          "Parallel Aware": false,
          "Startup Cost": 61848.06,
          "Total Cost": 61848.27,
          "Plan Rows": 2,
          "Plan Width": 8,
          "Actual Startup Time": 264.036,
          "Actual Total Time": 278.623,
          "Actual Rows": 3,
          "Actual Loops": 1,
          "Workers Planned": 2,
          "Workers Launched": 2,
          "Single Copy": false,
          "Plans": [
            {
              "Node Type": "Aggregate",
              "Strategy": "Plain",
              "Partial Mode": "Partial",
              "Parent Relationship": "Outer",
              "Parallel Aware": false,
              "Startup Cost": 60848.06,
              "Total Cost": 60848.07,
              "Plan Rows": 1,
              "Plan Width": 8,
              "Actual Startup Time": 253.064,
              "Actual Total Time": 253.067,
              "Actual Rows": 1,
              "Actual Loops": 3,
              "Plans": [
                {
                  "Node Type": "Hash Join",
                  "Parent Relationship": "Outer",
                  "Parallel Aware": true,
                  "Join Type": "Inner",
                  "Startup Cost": 45626.65,
                  "Total Cost": 60821.21,
                  "Plan Rows": 10739,
                  "Plan Width": 0,
                  "Actual Startup Time": 187.895,
                  "Actual Total Time": 251.199,
                  "Actual Rows": 31755,
                  "Actual Loops": 3,
                  "Inner Unique": true,
                  "Hash Cond": "(mi_idx.movie_id = t.id)",
                  "Plans": [
                    {
                      "Node Type": "Seq Scan",
                      "Parent Relationship": "Outer",
                      "Parallel Aware": true,
                      "Relation Name": "movie_info_idx",
                      "Alias": "mi_idx",
                      "Startup Cost": 0.0,
                      "Total Cost": 13685.15,
                      "Plan Rows": 575015,
                      "Plan Width": 4,
                      "Actual Startup Time": 0.022,
                      "Actual Total Time": 44.01,
                      "Actual Rows": 460012,
                      "Actual Loops": 3
                    },
                    {
                      "Node Type": "Hash",
                      "Parent Relationship": "Inner",
                      "Parallel Aware": true,
                      "Startup Cost": 45479.1,
                      "Total Cost": 45479.1,
                      "Plan Rows": 11804,
                      "Plan Width": 4,
                      "Actual Startup Time": 147.582,
                      "Actual Total Time": 147.582,
                      "Actual Rows": 57229,
                      "Actual Loops": 3,
                      "Hash Buckets": 262144,
                      "Original Hash Buckets": 65536,
                      "Hash Batches": 1,
                      "Original Hash Batches": 1,
                      "Peak Memory Usage": 10368,
                      "Plans": [
                        {
                          "Node Type": "Seq Scan",
                          "Parent Relationship": "Outer",
                          "Parallel Aware": true,
                          "Relation Name": "title",
                          "Alias": "t",
                          "Startup Cost": 0.0,
                          "Total Cost": 45479.1,
                          "Plan Rows": 11804,
                          "Plan Width": 4,
                          "Actual Startup Time": 77.066,
                          "Actual Total Time": 127.248,
                          "Actual Rows": 57229,
                          "Actual Loops": 3,
                          "Filter": "((production_year < 1954) AND (kind_id = 1))",
                          "Rows Removed by Filter": 785542
                        }
                      ]
                    }
                  ]
                }
              ]
            }
          ]
        }
      ]
    },
    "Planning Time": 0.609,
    "Triggers": [],
    "Execution Time": 278.703
  }
]