[
  {
    "Plan": {
      "Node Type": "Aggregate",
      "Strategy": "Plain",
      "Partial Mode": "Finalize",
      "Parallel Aware": false,
      "Startup Cost": 239340.25,
      "Total Cost": 239340.26,
      "Plan Rows": 1,
      "Plan Width": 8,
      "Actual Startup Time": 786.241,
      "Actual Total Time": 827.74,
      "Actual Rows": 1,
      "Actual Loops": 1,
      "Plans": [
        {
          "Node Type": "Gather",
          "Parent Relationship": "Outer",
          "Parallel Aware": false,
          "Startup Cost": 239339.72,
          "Total Cost": 239340.23,
          "Plan Rows": 5,
          "Plan Width": 8,
          "Actual Startup Time": 785.387,
          "Actual Total Time": 827.727,
          "Actual Rows": 6,
          "Actual Loops": 1,
          "Workers Planned": 5,
          "Workers Launched": 5,
          "Single Copy": false,
          "Plans": [
            {
              "Node Type": "Aggregate",
              "Strategy": "Plain",
              "Partial Mode": "Partial",
              "Parent Relationship": "Outer",
              "Parallel Aware": false,
              "Startup Cost": 238339.72,
              "Total Cost": 238339.73,
              "Plan Rows": 1,
              "Plan Width": 8,
              "Actual Startup Time": 773.259,
              "Actual Total Time": 773.264,
              "Actual Rows": 1,
              "Actual Loops": 6,
              "Plans": [
                {
                  "Node Type": "Hash Join",
                  "Parent Relationship": "Outer",
                  "Parallel Aware": true,
                  "Join Type": "Inner",
                  "Startup Cost": 38841.22,
                  "Total Cost": 238162.98,
                  "Plan Rows": 70697,
                  "Plan Width": 0,
                  "Actual Startup Time": 66.508,
                  "Actual Total Time": 769.092,
                  "Actual Rows": 55041,
                  "Actual Loops": 6,
                  "Inner Unique": true,
                  "Hash Cond": "(mi.movie_id = t.id)",
                  "Plans": [
                    {
                      "Node Type": "Seq Scan",
                      "Parent Relationship": "Outer",
                      "Parallel Aware": true,
                      "Relation Name": "movie_info",
                      "Alias": "mi",
                      "Startup Cost": 0.0,
                      "Total Cost": 191560.33,
                      "Plan Rows": 2956733,
                      "Plan Width": 4,
                      "Actual Startup Time": 0.034,
                      "Actual Total Time": 377.403,
                      "Actual Rows": 2472620,
                      "Actual Loops": 6
                    },
                    {
                      "Node Type": "Hash",
                      "Parent Relationship": "Inner",
                      "Parallel Aware": true,
                      "Startup Cost": 38652.3,
                      "Total Cost": 38652.3,
                      "Plan Rows": 15113,
                      "Plan Width": 4,
                      "Actual Startup Time": 53.82,
                      "Actual Total Time": 53.822,
                      "Actual Rows": 7608,
                      "Actual Loops": 6,
                      "Hash Buckets": 65536,
                      "Original Hash Buckets": 65536,
                      "Hash Batches": 1,
                      "Original Hash Batches": 1,
                      "Peak Memory Usage": 2400,
                      "Plans": [
                        {
                          "Node Type": "Bitmap Heap Scan",
                          "Parent Relationship": "Outer",
                          "Parallel Aware": true,
                          "Relation Name": "title",
                          "Alias": "t",
                          "Startup Cost": 2196.05,
                          "Total Cost": 38652.3,
                          "Plan Rows": 15113,
                          "Plan Width": 4,
                          "Actual Startup Time": 12.029,
                          "Actual Total Time": 49.327,
                          "Actual Rows": 7608,
                          "Actual Loops": 6,
                          "Recheck Cond": "(kind_id = 4)",
                          "Rows Removed by Index Recheck": 0,
                          "Filter": "(production_year < 2004)",
                          "Rows Removed by Filter": 12097,
                          "Exact Heap Blocks": 6376,
                          "Lossy Heap Blocks": 0,
                          "Plans": [
                            {
                              "Node Type": "Bitmap Index Scan",
                              "Parent Relationship": "Outer",
                              "Parallel Aware": false,
                              "Index Name": "kind_id_title",
                              "Startup Cost": 0.0,
                              "Total Cost": 2180.94,
                              "Plan Rows": 122201,
                              "Plan Width": 0,
                              "Actual Startup Time": 15.674,
                              "Actual Total Time": 15.674,
                              "Actual Rows": 118234,
                              "Actual Loops": 1,
                              "Index Cond": "(kind_id = 4)"
                            }
                          ]
                        }
                      ]
                    }
                  ]
                }
              ]
            }
          ]
        }
      ]
    },
    "Planning Time": 0.634,
    "Triggers": [],
    "Execution Time": 827.848
  }
]