[
  {
    "Plan": {
      "Node Type": "Aggregate",
      "Strategy": "Plain",
      "Partial Mode": "Finalize",
      "Parallel Aware": false,
      "Startup Cost": 68608.32,
      "Total Cost": 68608.33,
      "Plan Rows": 1,
      "Plan Width": 8,
      "Actual Startup Time": 252.629,
      "Actual Total Time": 264.136,
      "Actual Rows": 1,
      "Actual Loops": 1,
      "Plans": [
        {
          "Node Type": "Gather",
          "Parent Relationship": "Outer",
          "Parallel Aware": false,
          "Startup Cost": 68608.11,
          "Total Cost": 68608.32,
          "Plan Rows": 2,
          "Plan Width": 8,
          "Actual Startup Time": 252.079,
          "Actual Total Time": 264.128,
          "Actual Rows": 3,
          "Actual Loops": 1,
          "Workers Planned": 2,
          "Workers Launched": 2,
          "Single Copy": false,
          "Plans": [
            {
              "Node Type": "Aggregate",
              "Strategy": "Plain",
              "Partial Mode": "Partial",
              "Parent Relationship": "Outer",
              "Parallel Aware": false,
              "Startup Cost": 67608.11,
              "Total Cost": 67608.12,
              "Plan Rows": 1,
              "Plan Width": 8,
              "Actual Startup Time": 243.874,
              "Actual Total Time": 243.879,
              "Actual Rows": 1,
              "Actual Loops": 3,
              "Plans": [
                {
                  "Node Type": "Nested Loop",
                  "Parent Relationship": "Outer",
                  "Parallel Aware": false,
                  "Join Type": "Inner",
                  "Startup Cost": 38950.96,
                  "Total Cost": 67596.52,
                  "Plan Rows": 4635,
                  "Plan Width": 0,
                  "Actual Startup Time": 101.431,
                  "Actual Total Time": 242.559,
                  "Actual Rows": 15567,
                  "Actual Loops": 3,
                  "Inner Unique": false,
                  "Join Filter": "(t.id = mc.movie_id)",
                  "Rows Removed by Join Filter": 0,
                  "Plans": [
                    {
                      "Node Type": "Hash Join",
                      "Parent Relationship": "Outer",
                      "Parallel Aware": true,
                      "Join Type": "Inner",
                      "Startup Cost": 38950.53,
                      "Total Cost": 54145.09,
                      "Plan Rows": 21115,
                      "Plan Width": 8,
                      "Actual Startup Time": 101.34,
                      "Actual Total Time": 165.18,
                      "Actual Rows": 25725,
                      "Actual Loops": 3,
                      "Inner Unique": true,
                      "Hash Cond": "(mi_idx.movie_id = t.id)",
                      "Plans": [
                        {
                          "Node Type": "Seq Scan",
                          "Parent Relationship": "Outer",
                          "Parallel Aware": true,
                          "Relation Name": "movie_info_idx",
                          "Alias": "mi_idx",
                          "Startup Cost": 0.0,
                          "Total Cost": 13685.15,
                          "Plan Rows": 575015,
                          "Plan Width": 4,
                          "Actual Startup Time": 0.026,
                          "Actual Total Time": 43.924,
                          "Actual Rows": 460012,
                          "Actual Loops": 3
                        },
                        {
                          "Node Type": "Hash",
                          "Parent Relationship": "Inner",
                          "Parallel Aware": true,
                          "Startup Cost": 38660.4,
                          "Total Cost": 38660.4,
                          "Plan Rows": 23210,
                          "Plan Width": 4,
                          "Actual Startup Time": 61.58,
                          "Actual Total Time": 61.582,
                          "Actual Rows": 32279,
                          "Actual Loops": 3,
                          "Hash Buckets": 131072,
                          "Original Hash Buckets": 131072,
                          "Hash Batches": 1,
                          "Original Hash Batches": 1,
                          "Peak Memory Usage": 4864,
                          "Plans": [
                            {
                              "Node Type": "Bitmap Heap Scan",
                              "Parent Relationship": "Outer",
                              "Parallel Aware": true,
                              "Relation Name": "title",
                              "Alias": "t",
                              "Startup Cost": 2204.15,
                              "Total Cost": 38660.4,
                              "Plan Rows": 23210,
                              "Plan Width": 4,
                              "Actual Startup Time": 11.466,
                              "Actual Total Time": 49.897,
                              "Actual Rows": 32279,
                              "Actual Loops": 3,
                              "Recheck Cond": "(kind_id = 4)",
                              "Rows Removed by Index Recheck": 0,
                              "Filter": "(production_year < 2010)",
                              "Rows Removed by Filter": 7132,
                              "Exact Heap Blocks": 7232,
                              "Lossy Heap Blocks": 0,
                              "Plans": [
                                {
                                  "Node Type": "Bitmap Index Scan",
                                  "Parent Relationship": "Outer",
                                  "Parallel Aware": false,
                                  "Index Name": "kind_id_title",
                                  "Startup Cost": 0.0,
                                  "Total Cost": 2180.94,
                                  "Plan Rows": 122201,
                                  "Plan Width": 0,
                                  "Actual Startup Time": 12.617,
                                  "Actual Total Time": 12.617,
                                  "Actual Rows": 118234,
                                  "Actual Loops": 1,
                                  "Index Cond": "(kind_id = 4)"
                                }
                              ]
                            }
                          ]
                        }
                      ]
                    },
                    {
                      "Node Type": "Index Scan",
                      "Parent Relationship": "Inner",
                      "Parallel Aware": false,
                      "Scan Direction": "Forward",
                      "Index Name": "movie_id_movie_companies",
                      "Relation Name": "movie_companies",
                      "Alias": "mc",
                      "Startup Cost": 0.43,
                      "Total Cost": 0.62,
                      "Plan Rows": 1,
                      "Plan Width": 4,
                      "Actual Startup Time": 0.003,
                      "Actual Total Time": 0.003,
                      "Actual Rows": 1,
                      "Actual Loops": 77175,
                      "Index Cond": "(movie_id = mi_idx.movie_id)",
                      "Rows Removed by Index Recheck": 0,
                      "Filter": "((company_id > 14060) AND (company_type_id > 1))",
                      "Rows Removed by Filter": 1
                    }
                  ]
                }
              ]
            }
          ]
        }
      ]
    },
    "Planning Time": 1.205,
    "Triggers": [],
    "Execution Time": 264.302
  }
]