{
    "Plan": {
        "Node Type": "Aggregate",
        "Strategy": "Plain",
        "Partial Mode": "Finalize",
        "Parallel Aware": false,
        "Startup Cost": 628384.78,
        "Total Cost": 628384.79,
        "Plan Rows": 1,
        "Plan Width": 8,
        "Actual Startup Time": 3278.767,
        "Actual Total Time": 3361.465,
        "Actual Rows": 1,
        "Actual Loops": 1,
        "Output": [
            "count(*)"
        ],
        "Plans": [
            {
                "Node Type": "Gather",
                "Parent Relationship": "Outer",
                "Parallel Aware": false,
                "Startup Cost": 628384.16,
                "Total Cost": 628384.77,
                "Plan Rows": 6,
                "Plan Width": 8,
                "Actual Startup Time": 3255.268,
                "Actual Total Time": 3361.452,
                "Actual Rows": 7,
                "Actual Loops": 1,
                "Output": [
                    "(PARTIAL count(*))"
                ],
                "Workers Planned": 6,
                "Workers Launched": 6,
                "Single Copy": false,
                "Plans": [
                    {
                        "Node Type": "Aggregate",
                        "Strategy": "Plain",
                        "Partial Mode": "Partial",
                        "Parent Relationship": "Outer",
                        "Parallel Aware": false,
                        "Startup Cost": 627384.16,
                        "Total Cost": 627384.17,
                        "Plan Rows": 1,
                        "Plan Width": 8,
                        "Actual Startup Time": 3231.378,
                        "Actual Total Time": 3231.384,
                        "Actual Rows": 1,
                        "Actual Loops": 7,
                        "Output": [
                            "PARTIAL count(*)"
                        ],
                        "Workers": [
                            {
                                "Worker Number": 0,
                                "Actual Startup Time": 3227.481,
                                "Actual Total Time": 3227.487,
                                "Actual Rows": 1,
                                "Actual Loops": 1
                            },
                            {
                                "Worker Number": 1,
                                "Actual Startup Time": 3227.354,
                                "Actual Total Time": 3227.359,
                                "Actual Rows": 1,
                                "Actual Loops": 1
                            },
                            {
                                "Worker Number": 2,
                                "Actual Startup Time": 3227.672,
                                "Actual Total Time": 3227.677,
                                "Actual Rows": 1,
                                "Actual Loops": 1
                            },
                            {
                                "Worker Number": 3,
                                "Actual Startup Time": 3227.699,
                                "Actual Total Time": 3227.704,
                                "Actual Rows": 1,
                                "Actual Loops": 1
                            },
                            {
                                "Worker Number": 4,
                                "Actual Startup Time": 3227.492,
                                "Actual Total Time": 3227.497,
                                "Actual Rows": 1,
                                "Actual Loops": 1
                            },
                            {
                                "Worker Number": 5,
                                "Actual Startup Time": 3227.702,
                                "Actual Total Time": 3227.708,
                                "Actual Rows": 1,
                                "Actual Loops": 1
                            }
                        ],
                        "Plans": [
                            {
                                "Node Type": "Hash Join",
                                "Parent Relationship": "Outer",
                                "Parallel Aware": true,
                                "Join Type": "Inner",
                                "Startup Cost": 259944.29,
                                "Total Cost": 614331.26,
                                "Plan Rows": 5221158,
                                "Plan Width": 0,
                                "Actual Startup Time": 1089.087,
                                "Actual Total Time": 3047.388,
                                "Actual Rows": 4165289,
                                "Actual Loops": 7,
                                "Inner Unique": false,
                                "Hash Cond": "(ci.movie_id = t.id)",
                                "Workers": [
                                    {
                                        "Worker Number": 0,
                                        "Actual Startup Time": 1085.394,
                                        "Actual Total Time": 3041.712,
                                        "Actual Rows": 4004102,
                                        "Actual Loops": 1
                                    },
                                    {
                                        "Worker Number": 1,
                                        "Actual Startup Time": 1085.539,
                                        "Actual Total Time": 3034.824,
                                        "Actual Rows": 3797595,
                                        "Actual Loops": 1
                                    },
                                    {
                                        "Worker Number": 2,
                                        "Actual Startup Time": 1085.581,
                                        "Actual Total Time": 3052.402,
                                        "Actual Rows": 4286557,
                                        "Actual Loops": 1
                                    },
                                    {
                                        "Worker Number": 3,
                                        "Actual Startup Time": 1085.573,
                                        "Actual Total Time": 3053.549,
                                        "Actual Rows": 4279932,
                                        "Actual Loops": 1
                                    },
                                    {
                                        "Worker Number": 4,
                                        "Actual Startup Time": 1085.615,
                                        "Actual Total Time": 3053.032,
                                        "Actual Rows": 4574484,
                                        "Actual Loops": 1
                                    },
                                    {
                                        "Worker Number": 5,
                                        "Actual Startup Time": 1085.586,
                                        "Actual Total Time": 3052.469,
                                        "Actual Rows": 4307786,
                                        "Actual Loops": 1
                                    }
                                ],
                                "Plans": [
                                    {
                                        "Node Type": "Seq Scan",
                                        "Parent Relationship": "Outer",
                                        "Parallel Aware": true,
                                        "Relation Name": "cast_info",
                                        "Schema": "public",
                                        "Alias": "ci",
                                        "Startup Cost": 0.0,
                                        "Total Cost": 328213.62,
                                        "Plan Rows": 4194943,
                                        "Plan Width": 4,
                                        "Actual Startup Time": 127.694,
                                        "Actual Total Time": 667.5,
                                        "Actual Rows": 3588955,
                                        "Actual Loops": 7,
                                        "Output": [
                                            "ci.id",
                                            "ci.person_id",
                                            "ci.movie_id",
                                            "ci.person_role_id",
                                            "ci.note",
                                            "ci.nr_order",
                                            "ci.role_id"
                                        ],
                                        "Filter": "(ci.person_id > 1091507)",
                                        "Rows Removed by Filter": 1588808,
                                        "Workers": [
                                            {
                                                "Worker Number": 0,
                                                "Actual Startup Time": 127.703,
                                                "Actual Total Time": 690.162,
                                                "Actual Rows": 3408945,
                                                "Actual Loops": 1
                                            },
                                            {
                                                "Worker Number": 1,
                                                "Actual Startup Time": 127.721,
                                                "Actual Total Time": 695.511,
                                                "Actual Rows": 3210107,
                                                "Actual Loops": 1
                                            },
                                            {
                                                "Worker Number": 2,
                                                "Actual Startup Time": 127.705,
                                                "Actual Total Time": 673.778,
                                                "Actual Rows": 3790161,
                                                "Actual Loops": 1
                                            },
                                            {
                                                "Worker Number": 3,
                                                "Actual Startup Time": 127.691,
                                                "Actual Total Time": 669.46,
                                                "Actual Rows": 3748237,
                                                "Actual Loops": 1
                                            },
                                            {
                                                "Worker Number": 4,
                                                "Actual Startup Time": 127.654,
                                                "Actual Total Time": 668.002,
                                                "Actual Rows": 3986939,
                                                "Actual Loops": 1
                                            },
                                            {
                                                "Worker Number": 5,
                                                "Actual Startup Time": 127.69,
                                                "Actual Total Time": 665.052,
                                                "Actual Rows": 3700740,
                                                "Actual Loops": 1
                                            }
                                        ]
                                    },
                                    {
                                        "Node Type": "Hash",
                                        "Parent Relationship": "Inner",
                                        "Parallel Aware": true,
                                        "Startup Cost": 252077.21,
                                        "Total Cost": 252077.21,
                                        "Plan Rows": 629366,
                                        "Plan Width": 8,
                                        "Actual Startup Time": 953.975,
                                        "Actual Total Time": 953.979,
                                        "Actual Rows": 218084,
                                        "Actual Loops": 7,
                                        "Output": [
                                            "t.id",
                                            "mi.movie_id"
                                        ],
                                        "Hash Buckets": 4194304,
                                        "Original Hash Buckets": 4194304,
                                        "Hash Batches": 1,
                                        "Original Hash Batches": 1,
                                        "Peak Memory Usage": 92576,
                                        "Workers": [
                                            {
                                                "Worker Number": 0,
                                                "Actual Startup Time": 957.014,
                                                "Actual Total Time": 957.018,
                                                "Actual Rows": 181409,
                                                "Actual Loops": 1
                                            },
                                            {
                                                "Worker Number": 1,
                                                "Actual Startup Time": 956.802,
                                                "Actual Total Time": 956.805,
                                                "Actual Rows": 181284,
                                                "Actual Loops": 1
                                            },
                                            {
                                                "Worker Number": 2,
                                                "Actual Startup Time": 957.116,
                                                "Actual Total Time": 957.12,
                                                "Actual Rows": 241884,
                                                "Actual Loops": 1
                                            },
                                            {
                                                "Worker Number": 3,
                                                "Actual Startup Time": 957.154,
                                                "Actual Total Time": 957.158,
                                                "Actual Rows": 235312,
                                                "Actual Loops": 1
                                            },
                                            {
                                                "Worker Number": 4,
                                                "Actual Startup Time": 956.849,
                                                "Actual Total Time": 956.853,
                                                "Actual Rows": 248838,
                                                "Actual Loops": 1
                                            },
                                            {
                                                "Worker Number": 5,
                                                "Actual Startup Time": 957.135,
                                                "Actual Total Time": 957.139,
                                                "Actual Rows": 234249,
                                                "Actual Loops": 1
                                            }
                                        ],
                                        "Plans": [
                                            {
                                                "Node Type": "Hash Join",
                                                "Parent Relationship": "Outer",
                                                "Parallel Aware": true,
                                                "Join Type": "Inner",
                                                "Startup Cost": 47982.88,
                                                "Total Cost": 252077.21,
                                                "Plan Rows": 629366,
                                                "Plan Width": 8,
                                                "Actual Startup Time": 169.172,
                                                "Actual Total Time": 838.89,
                                                "Actual Rows": 218084,
                                                "Actual Loops": 7,
                                                "Output": [
                                                    "t.id",
                                                    "mi.movie_id"
                                                ],
                                                "Inner Unique": true,
                                                "Hash Cond": "(mi.movie_id = t.id)",
                                                "Workers": [
                                                    {
                                                        "Worker Number": 0,
                                                        "Actual Startup Time": 169.178,
                                                        "Actual Total Time": 839.124,
                                                        "Actual Rows": 181409,
                                                        "Actual Loops": 1
                                                    },
                                                    {
                                                        "Worker Number": 1,
                                                        "Actual Startup Time": 169.148,
                                                        "Actual Total Time": 839.975,
                                                        "Actual Rows": 181284,
                                                        "Actual Loops": 1
                                                    },
                                                    {
                                                        "Worker Number": 2,
                                                        "Actual Startup Time": 169.143,
                                                        "Actual Total Time": 838.427,
                                                        "Actual Rows": 241884,
                                                        "Actual Loops": 1
                                                    },
                                                    {
                                                        "Worker Number": 3,
                                                        "Actual Startup Time": 169.15,
                                                        "Actual Total Time": 839.428,
                                                        "Actual Rows": 235312,
                                                        "Actual Loops": 1
                                                    },
                                                    {
                                                        "Worker Number": 4,
                                                        "Actual Startup Time": 169.17,
                                                        "Actual Total Time": 839.617,
                                                        "Actual Rows": 248838,
                                                        "Actual Loops": 1
                                                    },
                                                    {
                                                        "Worker Number": 5,
                                                        "Actual Startup Time": 169.14,
                                                        "Actual Total Time": 838.214,
                                                        "Actual Rows": 234249,
                                                        "Actual Loops": 1
                                                    }
                                                ],
                                                "Plans": [
                                                    {
                                                        "Node Type": "Seq Scan",
                                                        "Parent Relationship": "Outer",
                                                        "Parallel Aware": true,
                                                        "Relation Name": "movie_info",
                                                        "Schema": "public",
                                                        "Alias": "mi",
                                                        "Startup Cost": 0.0,
                                                        "Total Cost": 198880.74,
                                                        "Plan Rows": 1986127,
                                                        "Plan Width": 4,
                                                        "Actual Startup Time": 16.045,
                                                        "Actual Total Time": 340.131,
                                                        "Actual Rows": 1415965,
                                                        "Actual Loops": 7,
                                                        "Output": [
                                                            "mi.id",
                                                            "mi.movie_id",
                                                            "mi.info_type_id",
                                                            "mi.info",
                                                            "mi.note"
                                                        ],
                                                        "Filter": "(mi.info_type_id > 4)",
                                                        "Rows Removed by Filter": 703424,
                                                        "Workers": [
                                                            {
                                                                "Worker Number": 0,
                                                                "Actual Startup Time": 16.009,
                                                                "Actual Total Time": 358.442,
                                                                "Actual Rows": 1144512,
                                                                "Actual Loops": 1
                                                            },
                                                            {
                                                                "Worker Number": 1,
                                                                "Actual Startup Time": 16.16,
                                                                "Actual Total Time": 358.524,
                                                                "Actual Rows": 1128400,
                                                                "Actual Loops": 1
                                                            },
                                                            {
                                                                "Worker Number": 2,
                                                                "Actual Startup Time": 16.069,
                                                                "Actual Total Time": 340.807,
                                                                "Actual Rows": 1557561,
                                                                "Actual Loops": 1
                                                            },
                                                            {
                                                                "Worker Number": 3,
                                                                "Actual Startup Time": 16.026,
                                                                "Actual Total Time": 340.213,
                                                                "Actual Rows": 1547196,
                                                                "Actual Loops": 1
                                                            },
                                                            {
                                                                "Worker Number": 4,
                                                                "Actual Startup Time": 16.019,
                                                                "Actual Total Time": 336.966,
                                                                "Actual Rows": 1602661,
                                                                "Actual Loops": 1
                                                            },
                                                            {
                                                                "Worker Number": 5,
                                                                "Actual Startup Time": 16.018,
                                                                "Actual Total Time": 339.256,
                                                                "Actual Rows": 1528821,
                                                                "Actual Loops": 1
                                                            }
                                                        ]
                                                    },
                                                    {
                                                        "Node Type": "Hash",
                                                        "Parent Relationship": "Inner",
                                                        "Parallel Aware": true,
                                                        "Startup Cost": 45479.21,
                                                        "Total Cost": 45479.21,
                                                        "Plan Rows": 200294,
                                                        "Plan Width": 4,
                                                        "Actual Startup Time": 151.728,
                                                        "Actual Total Time": 151.729,
                                                        "Actual Rows": 125992,
                                                        "Actual Loops": 7,
                                                        "Output": [
                                                            "t.id"
                                                        ],
                                                        "Hash Buckets": 1048576,
                                                        "Original Hash Buckets": 1048576,
                                                        "Hash Batches": 1,
                                                        "Original Hash Batches": 1,
                                                        "Peak Memory Usage": 42816,
                                                        "Workers": [
                                                            {
                                                                "Worker Number": 0,
                                                                "Actual Startup Time": 152.881,
                                                                "Actual Total Time": 152.882,
                                                                "Actual Rows": 106525,
                                                                "Actual Loops": 1
                                                            },
                                                            {
                                                                "Worker Number": 1,
                                                                "Actual Startup Time": 152.898,
                                                                "Actual Total Time": 152.899,
                                                                "Actual Rows": 103308,
                                                                "Actual Loops": 1
                                                            },
                                                            {
                                                                "Worker Number": 2,
                                                                "Actual Startup Time": 152.816,
                                                                "Actual Total Time": 152.818,
                                                                "Actual Rows": 132317,
                                                                "Actual Loops": 1
                                                            },
                                                            {
                                                                "Worker Number": 3,
                                                                "Actual Startup Time": 152.832,
                                                                "Actual Total Time": 152.833,
                                                                "Actual Rows": 129150,
                                                                "Actual Loops": 1
                                                            },
                                                            {
                                                                "Worker Number": 4,
                                                                "Actual Startup Time": 152.871,
                                                                "Actual Total Time": 152.872,
                                                                "Actual Rows": 128668,
                                                                "Actual Loops": 1
                                                            },
                                                            {
                                                                "Worker Number": 5,
                                                                "Actual Startup Time": 152.821,
                                                                "Actual Total Time": 152.823,
                                                                "Actual Rows": 125530,
                                                                "Actual Loops": 1
                                                            }
                                                        ],
                                                        "Plans": [
                                                            {
                                                                "Node Type": "Seq Scan",
                                                                "Parent Relationship": "Outer",
                                                                "Parallel Aware": true,
                                                                "Relation Name": "title",
                                                                "Schema": "public",
                                                                "Alias": "t",
                                                                "Startup Cost": 0.0,
                                                                "Total Cost": 45479.21,
                                                                "Plan Rows": 200294,
                                                                "Plan Width": 4,
                                                                "Actual Startup Time": 0.068,
                                                                "Actual Total Time": 82.42,
                                                                "Actual Rows": 125992,
                                                                "Actual Loops": 7,
                                                                "Output": [
                                                                    "t.id"
                                                                ],
                                                                "Filter": "((t.production_year > 2001) AND (t.kind_id = 7))",
                                                                "Rows Removed by Filter": 235195,
                                                                "Workers": [
                                                                    {
                                                                        "Worker Number": 0,
                                                                        "Actual Startup Time": 0.077,
                                                                        "Actual Total Time": 84.921,
                                                                        "Actual Rows": 106525,
                                                                        "Actual Loops": 1
                                                                    },
                                                                    {
                                                                        "Worker Number": 1,
                                                                        "Actual Startup Time": 0.082,
                                                                        "Actual Total Time": 85.353,
                                                                        "Actual Rows": 103308,
                                                                        "Actual Loops": 1
                                                                    },
                                                                    {
                                                                        "Worker Number": 2,
                                                                        "Actual Startup Time": 0.081,
                                                                        "Actual Total Time": 83.42,
                                                                        "Actual Rows": 132317,
                                                                        "Actual Loops": 1
                                                                    },
                                                                    {
                                                                        "Worker Number": 3,
                                                                        "Actual Startup Time": 0.08,
                                                                        "Actual Total Time": 82.986,
                                                                        "Actual Rows": 129150,
                                                                        "Actual Loops": 1
                                                                    },
                                                                    {
                                                                        "Worker Number": 4,
                                                                        "Actual Startup Time": 0.07,
                                                                        "Actual Total Time": 83.096,
                                                                        "Actual Rows": 128668,
                                                                        "Actual Loops": 1
                                                                    },
                                                                    {
                                                                        "Worker Number": 5,
                                                                        "Actual Startup Time": 0.065,
                                                                        "Actual Total Time": 83.31,
                                                                        "Actual Rows": 125530,
                                                                        "Actual Loops": 1
                                                                    }
                                                                ]
                                                            }
                                                        ]
                                                    }
                                                ]
                                            }
                                        ]
                                    }
                                ]
                            }
                        ]
                    }
                ]
            }
        ]
    },
    "Planning Time": 1.662,
    "Triggers": [],
    "Execution Time": 3361.575
}