[
  {
    "Plan": {
      "Node Type": "Aggregate",
      "Strategy": "Plain",
      "Partial Mode": "Finalize",
      "Parallel Aware": false,
      "Startup Cost": 44907.68,
      "Total Cost": 44907.69,
      "Plan Rows": 1,
      "Plan Width": 8,
      "Actual Startup Time": 151.23,
      "Actual Total Time": 161.876,
      "Actual Rows": 1,
      "Actual Loops": 1,
      "Plans": [
        {
          "Node Type": "Gather",
          "Parent Relationship": "Outer",
          "Parallel Aware": false,
          "Startup Cost": 44907.36,
          "Total Cost": 44907.67,
          "Plan Rows": 3,
          "Plan Width": 8,
          "Actual Startup Time": 151.101,
          "Actual Total Time": 161.868,
          "Actual Rows": 4,
          "Actual Loops": 1,
          "Workers Planned": 3,
          "Workers Launched": 3,
          "Single Copy": false,
          "Plans": [
            {
              "Node Type": "Aggregate",
              "Strategy": "Plain",
              "Partial Mode": "Partial",
              "Parent Relationship": "Outer",
              "Parallel Aware": false,
              "Startup Cost": 43907.36,
              "Total Cost": 43907.37,
              "Plan Rows": 1,
              "Plan Width": 8,
              "Actual Startup Time": 143.583,
              "Actual Total Time": 143.584,
              "Actual Rows": 1,
              "Actual Loops": 4,
              "Plans": [
                {
                  "Node Type": "Seq Scan",
                  "Parent Relationship": "Outer",
                  "Parallel Aware": true,
                  "Relation Name": "movie_keyword",
                  "Alias": "mk",
                  "Startup Cost": 0.0,
                  "Total Cost": 42695.65,
                  "Plan Rows": 484682,
                  "Plan Width": 0,
                  "Actual Startup Time": 1.241,
                  "Actual Total Time": 122.154,
                  "Actual Rows": 378559,
                  "Actual Loops": 4,
                  "Filter": "(keyword_id > 10693)",
                  "Rows Removed by Filter": 752423
                }
              ]
            }
          ]
        }
      ]
    },
    "Planning Time": 0.134,
    "Triggers": [],
    "Execution Time": 161.918
  }
]