[
  {
    "Plan": {
      "Node Type": "Aggregate",
      "Strategy": "Plain",
      "Partial Mode": "Finalize",
      "Parallel Aware": false,
      "Startup Cost": 97031.13,
      "Total Cost": 97031.14,
      "Plan Rows": 1,
      "Plan Width": 8,
      "Actual Startup Time": 477.652,
      "Actual Total Time": 495.233,
      "Actual Rows": 1,
      "Actual Loops": 1,
      "Plans": [
        {
          "Node Type": "Gather",
          "Parent Relationship": "Outer",
          "Parallel Aware": false,
          "Startup Cost": 97030.91,
          "Total Cost": 97031.12,
          "Plan Rows": 2,
          "Plan Width": 8,
          "Actual Startup Time": 476.2,
          "Actual Total Time": 495.225,
          "Actual Rows": 3,
          "Actual Loops": 1,
          "Workers Planned": 2,
          "Workers Launched": 2,
          "Single Copy": false,
          "Plans": [
            {
              "Node Type": "Aggregate",
              "Strategy": "Plain",
              "Partial Mode": "Partial",
              "Parent Relationship": "Outer",
              "Parallel Aware": false,
              "Startup Cost": 96030.91,
              "Total Cost": 96030.92,
              "Plan Rows": 1,
              "Plan Width": 8,
              "Actual Startup Time": 468.063,
              "Actual Total Time": 468.069,
              "Actual Rows": 1,
              "Actual Loops": 3,
              "Plans": [
                {
                  "Node Type": "Hash Join",
                  "Parent Relationship": "Outer",
                  "Parallel Aware": true,
                  "Join Type": "Inner",
                  "Startup Cost": 79777.68,
                  "Total Cost": 95825.02,
                  "Plan Rows": 82356,
                  "Plan Width": 0,
                  "Actual Startup Time": 371.491,
                  "Actual Total Time": 464.338,
                  "Actual Rows": 90401,
                  "Actual Loops": 3,
                  "Inner Unique": false,
                  "Hash Cond": "(mi_idx.movie_id = t.id)",
                  "Plans": [
                    {
                      "Node Type": "Seq Scan",
                      "Parent Relationship": "Outer",
                      "Parallel Aware": true,
                      "Relation Name": "movie_info_idx",
                      "Alias": "mi_idx",
                      "Startup Cost": 0.0,
                      "Total Cost": 13685.15,
                      "Plan Rows": 575015,
                      "Plan Width": 4,
                      "Actual Startup Time": 0.031,
                      "Actual Total Time": 36.184,
                      "Actual Rows": 460012,
                      "Actual Loops": 3
                    },
                    {
                      "Node Type": "Hash",
                      "Parent Relationship": "Inner",
                      "Parallel Aware": true,
                      "Startup Cost": 78646.08,
                      "Total Cost": 78646.08,
                      "Plan Rows": 90528,
                      "Plan Width": 8,
                      "Actual Startup Time": 367.416,
                      "Actual Total Time": 367.42,
                      "Actual Rows": 68961,
                      "Actual Loops": 3,
                      "Hash Buckets": 524288,
                      "Original Hash Buckets": 524288,
                      "Hash Batches": 1,
                      "Original Hash Batches": 1,
                      "Peak Memory Usage": 12224,
                      "Plans": [
                        {
                          "Node Type": "Hash Join",
                          "Parent Relationship": "Outer",
                          "Parallel Aware": true,
                          "Join Type": "Inner",
                          "Startup Cost": 32874.96,
                          "Total Cost": 78646.08,
                          "Plan Rows": 90528,
                          "Plan Width": 8,
                          "Actual Startup Time": 118.468,
                          "Actual Total Time": 344.38,
                          "Actual Rows": 68961,
                          "Actual Loops": 3,
                          "Inner Unique": false,
                          "Hash Cond": "(t.id = mc.movie_id)",
                          "Plans": [
                            {
                              "Node Type": "Seq Scan",
                              "Parent Relationship": "Outer",
                              "Parallel Aware": true,
                              "Relation Name": "title",
                              "Alias": "t",
                              "Startup Cost": 0.0,
                              "Total Cost": 42318.73,
                              "Plan Rows": 632073,
                              "Plan Width": 4,
                              "Actual Startup Time": 0.015,
                              "Actual Total Time": 91.47,
                              "Actual Rows": 842771,
                              "Actual Loops": 3
                            },
                            {
                              "Node Type": "Hash",
                              "Parent Relationship": "Inner",
                              "Parallel Aware": true,
                              "Startup Cost": 31414.82,
                              "Total Cost": 31414.82,
                              "Plan Rows": 116811,
                              "Plan Width": 4,
                              "Actual Startup Time": 115.819,
                              "Actual Total Time": 115.82,
                              "Actual Rows": 68961,
                              "Actual Loops": 3,
                              "Hash Buckets": 524288,
                              "Original Hash Buckets": 524288,
                              "Hash Batches": 1,
                              "Original Hash Batches": 1,
                              "Peak Memory Usage": 12224,
                              "Plans": [
                                {
                                  "Node Type": "Seq Scan",
                                  "Parent Relationship": "Outer",
                                  "Parallel Aware": true,
                                  "Relation Name": "movie_companies",
                                  "Alias": "mc",
                                  "Startup Cost": 0.0,
                                  "Total Cost": 31414.82,
                                  "Plan Rows": 116811,
                                  "Plan Width": 4,
                                  "Actual Startup Time": 54.931,
                                  "Actual Total Time": 91.929,
                                  "Actual Rows": 68961,
                                  "Actual Loops": 3,
                                  "Filter": "((company_id < 1348) AND (company_type_id = 2))",
                                  "Rows Removed by Filter": 800748
                                }
                              ]
                            }
                          ]
                        }
                      ]
                    }
                  ]
                }
              ]
            }
          ]
        }
      ]
    },
    "Planning Time": 1.369,
    "Triggers": [],
    "Execution Time": 495.33
  }
]