{
  "Plan": {
    "Node Type": "Aggregate",
    "Strategy": "Plain",
    "Partial Mode": "Finalize",
    "Parallel Aware": false,
    "Startup Cost": 99066.57,
    "Total Cost": 99066.58,
    "Plan Rows": 1,
    "Plan Width": 8,
    "Actual Startup Time": 314.894,
    "Actual Total Time": 322.907,
    "Actual Rows": 1,
    "Actual Loops": 1,
    "Plans": [
      {
        "Node Type": "Gather",
        "Parent Relationship": "Outer",
        "Parallel Aware": false,
        "Startup Cost": 99066.45,
        "Total Cost": 99066.56,
        "Plan Rows": 1,
        "Plan Width": 8,
        "Actual Startup Time": 314.026,
        "Actual Total Time": 322.901,
        "Actual Rows": 2,
        "Actual Loops": 1,
        "Workers Planned": 1,
        "Workers Launched": 1,
        "Single Copy": false,
        "Plans": [
          {
            "Node Type": "Aggregate",
            "Strategy": "Plain",
            "Partial Mode": "Partial",
            "Parent Relationship": "Outer",
            "Parallel Aware": false,
            "Startup Cost": 98066.45,
            "Total Cost": 98066.46,
            "Plan Rows": 1,
            "Plan Width": 8,
            "Actual Startup Time": 308.319,
            "Actual Total Time": 308.323,
            "Actual Rows": 1,
            "Actual Loops": 2,
            "Plans": [
              {
                "Node Type": "Hash Join",
                "Parent Relationship": "Outer",
                "Parallel Aware": true,
                "Join Type": "Inner",
                "Startup Cost": 72087.28,
                "Total Cost": 97999.15,
                "Plan Rows": 26921,
                "Plan Width": 0,
                "Actual Startup Time": 240.478,
                "Actual Total Time": 307.738,
                "Actual Rows": 11644,
                "Actual Loops": 2,
                "Inner Unique": true,
                "Hash Cond": "(mc.movie_id = t.id)",
                "Plans": [
                  {
                    "Node Type": "Bitmap Heap Scan",
                    "Parent Relationship": "Outer",
                    "Parallel Aware": true,
                    "Relation Name": "movie_companies",
                    "Alias": "mc",
                    "Startup Cost": 16009.34,
                    "Total Cost": 41356.34,
                    "Plan Rows": 215186,
                    "Plan Width": 4,
                    "Actual Startup Time": 37.827,
                    "Actual Total Time": 118.544,
                    "Actual Rows": 260032,
                    "Actual Loops": 2,
                    "Recheck Cond": "(company_id < 1451)",
                    "Rows Removed by Index Recheck": 0,
                    "Filter": "(company_type_id < 2)",
                    "Rows Removed by Filter": 109093,
                    "Exact Heap Blocks": 10510,
                    "Lossy Heap Blocks": 0,
                    "Plans": [
                      {
                        "Node Type": "Bitmap Index Scan",
                        "Parent Relationship": "Outer",
                        "Parallel Aware": false,
                        "Index Name": "company_id_movie_companies",
                        "Startup Cost": 0.0,
                        "Total Cost": 15917.88,
                        "Plan Rows": 743127,
                        "Plan Width": 0,
                        "Actual Startup Time": 34.993,
                        "Actual Total Time": 34.994,
                        "Actual Rows": 738251,
                        "Actual Loops": 1,
                        "Index Cond": "(company_id < 1451)"
                      }
                    ]
                  },
                  {
                    "Node Type": "Hash",
                    "Parent Relationship": "Inner",
                    "Parallel Aware": true,
                    "Startup Cost": 53752.18,
                    "Total Cost": 53752.18,
                    "Plan Rows": 186061,
                    "Plan Width": 4,
                    "Actual Startup Time": 139.54,
                    "Actual Total Time": 139.54,
                    "Actual Rows": 122394,
                    "Actual Loops": 2,
                    "Hash Buckets": 524288,
                    "Original Hash Buckets": 524288,
                    "Hash Batches": 1,
                    "Original Hash Batches": 1,
                    "Peak Memory Usage": 13696,
                    "Plans": [
                      {
                        "Node Type": "Bitmap Heap Scan",
                        "Parent Relationship": "Outer",
                        "Parallel Aware": true,
                        "Relation Name": "title",
                        "Alias": "t",
                        "Startup Cost": 11901.93,
                        "Total Cost": 53752.18,
                        "Plan Rows": 186061,
                        "Plan Width": 4,
                        "Actual Startup Time": 35.588,
                        "Actual Total Time": 102.857,
                        "Actual Rows": 122394,
                        "Actual Loops": 2,
                        "Recheck Cond": "(kind_id = 1)",
                        "Rows Removed by Index Recheck": 0,
                        "Filter": "(production_year > 2003)",
                        "Rows Removed by Filter": 209018,
                        "Exact Heap Blocks": 8167,
                        "Lossy Heap Blocks": 0,
                        "Plans": [
                          {
                            "Node Type": "Bitmap Index Scan",
                            "Parent Relationship": "Outer",
                            "Parallel Aware": false,
                            "Index Name": "kind_id_title",
                            "Startup Cost": 0.0,
                            "Total Cost": 11822.85,
                            "Plan Rows": 663256,
                            "Plan Width": 0,
                            "Actual Startup Time": 33.899,
                            "Actual Total Time": 33.899,
                            "Actual Rows": 662825,
                            "Actual Loops": 1,
                            "Index Cond": "(kind_id = 1)"
                          }
                        ]
                      }
                    ]
                  }
                ]
              }
            ]
          }
        ]
      }
    ]
  },
  "Planning Time": 0.678,
  "Triggers": [],
  "Execution Time": 323.008
}