[
  {
    "Plan": {
      "Node Type": "Aggregate",
      "Strategy": "Plain",
      "Partial Mode": "Finalize",
      "Parallel Aware": false,
      "Startup Cost": 31982.51,
      "Total Cost": 31982.52,
      "Plan Rows": 1,
      "Plan Width": 8,
      "Actual Startup Time": 101.273,
      "Actual Total Time": 108.251,
      "Actual Rows": 1,
      "Actual Loops": 1,
      "Plans": [
        {
          "Node Type": "Gather",
          "Parent Relationship": "Outer",
          "Parallel Aware": false,
          "Startup Cost": 31982.2,
          "Total Cost": 31982.51,
          "Plan Rows": 3,
          "Plan Width": 8,
          "Actual Startup Time": 101.196,
          "Actual Total Time": 108.243,
          "Actual Rows": 4,
          "Actual Loops": 1,
          "Workers Planned": 3,
          "Workers Launched": 3,
          "Single Copy": false,
          "Plans": [
            {
              "Node Type": "Aggregate",
              "Strategy": "Plain",
              "Partial Mode": "Partial",
              "Parent Relationship": "Outer",
              "Parallel Aware": false,
              "Startup Cost": 30982.2,
              "Total Cost": 30982.21,
              "Plan Rows": 1,
              "Plan Width": 8,
              "Actual Startup Time": 97.976,
              "Actual Total Time": 97.977,
              "Actual Rows": 1,
              "Actual Loops": 4,
              "Plans": [
                {
                  "Node Type": "Seq Scan",
                  "Parent Relationship": "Outer",
                  "Parallel Aware": true,
                  "Relation Name": "movie_companies",
                  "Alias": "mc",
                  "Startup Cost": 0.0,
                  "Total Cost": 29310.68,
                  "Plan Rows": 668606,
                  "Plan Width": 0,
                  "Actual Startup Time": 0.021,
                  "Actual Total Time": 73.549,
                  "Actual Rows": 518424,
                  "Actual Loops": 4,
                  "Filter": "(company_id < 72377)",
                  "Rows Removed by Filter": 133858
                }
              ]
            }
          ]
        }
      ]
    },
    "Planning Time": 0.109,
    "Triggers": [],
    "Execution Time": 108.285
  }
]