[
  {
    "Plan": {
      "Node Type": "Aggregate",
      "Strategy": "Plain",
      "Partial Mode": "Finalize",
      "Parallel Aware": false,
      "Startup Cost": 31989.72,
      "Total Cost": 31989.73,
      "Plan Rows": 1,
      "Plan Width": 8,
      "Actual Startup Time": 132.048,
      "Actual Total Time": 140.976,
      "Actual Rows": 1,
      "Actual Loops": 1,
      "Plans": [
        {
          "Node Type": "Gather",
          "Parent Relationship": "Outer",
          "Parallel Aware": false,
          "Startup Cost": 31989.4,
          "Total Cost": 31989.71,
          "Plan Rows": 3,
          "Plan Width": 8,
          "Actual Startup Time": 131.929,
          "Actual Total Time": 140.967,
          "Actual Rows": 4,
          "Actual Loops": 1,
          "Workers Planned": 3,
          "Workers Launched": 3,
          "Single Copy": false,
          "Plans": [
            {
              "Node Type": "Aggregate",
              "Strategy": "Plain",
              "Partial Mode": "Partial",
              "Parent Relationship": "Outer",
              "Parallel Aware": false,
              "Startup Cost": 30989.4,
              "Total Cost": 30989.41,
              "Plan Rows": 1,
              "Plan Width": 8,
              "Actual Startup Time": 123.328,
              "Actual Total Time": 123.33,
              "Actual Rows": 1,
              "Actual Loops": 4,
              "Plans": [
                {
                  "Node Type": "Seq Scan",
                  "Parent Relationship": "Outer",
                  "Parallel Aware": true,
                  "Relation Name": "movie_companies",
                  "Alias": "mc",
                  "Startup Cost": 0.0,
                  "Total Cost": 29310.68,
                  "Plan Rows": 671487,
                  "Plan Width": 0,
                  "Actual Startup Time": 0.05,
                  "Actual Total Time": 93.037,
                  "Actual Rows": 518424,
                  "Actual Loops": 4,
                  "Filter": "(company_id < 72377)",
                  "Rows Removed by Filter": 133858
                }
              ]
            }
          ]
        }
      ]
    },
    "Planning Time": 0.165,
    "Triggers": [],
    "Execution Time": 141.028
  }
]