[
    {
        "Bao": {
            "Bao prediction": "NaN",
            "Bao recommended hint": "(no hint)"
        }
    },
    {
        "Plan": {
            "Node Type": "Aggregate",
            "Strategy": "Plain",
            "Partial Mode": "Finalize",
            "Parallel Aware": false,
            "Startup Cost": 321665.84,
            "Total Cost": 321665.85,
            "Plan Rows": 1,
            "Plan Width": 8,
            "Actual Startup Time": 168.143,
            "Actual Total Time": 175.535,
            "Actual Rows": 1,
            "Actual Loops": 1,
            "Output": [
                "count(*)"
            ],
            "Plans": [
                {
                    "Node Type": "Gather",
                    "Parent Relationship": "Outer",
                    "Parallel Aware": false,
                    "Startup Cost": 321665.22,
                    "Total Cost": 321665.83,
                    "Plan Rows": 6,
                    "Plan Width": 8,
                    "Actual Startup Time": 167.606,
                    "Actual Total Time": 175.528,
                    "Actual Rows": 7,
                    "Actual Loops": 1,
                    "Output": [
                        "(PARTIAL count(*))"
                    ],
                    "Workers Planned": 6,
                    "Workers Launched": 6,
                    "Single Copy": false,
                    "Plans": [
                        {
                            "Node Type": "Aggregate",
                            "Strategy": "Plain",
                            "Partial Mode": "Partial",
                            "Parent Relationship": "Outer",
                            "Parallel Aware": false,
                            "Startup Cost": 320665.22,
                            "Total Cost": 320665.23,
                            "Plan Rows": 1,
                            "Plan Width": 8,
                            "Actual Startup Time": 157.065,
                            "Actual Total Time": 157.069,
                            "Actual Rows": 1,
                            "Actual Loops": 7,
                            "Output": [
                                "PARTIAL count(*)"
                            ],
                            "Workers": [
                                {
                                    "Worker Number": 0,
                                    "Actual Startup Time": 154.751,
                                    "Actual Total Time": 154.755,
                                    "Actual Rows": 1,
                                    "Actual Loops": 1
                                },
                                {
                                    "Worker Number": 1,
                                    "Actual Startup Time": 155.051,
                                    "Actual Total Time": 155.053,
                                    "Actual Rows": 1,
                                    "Actual Loops": 1
                                },
                                {
                                    "Worker Number": 2,
                                    "Actual Startup Time": 154.838,
                                    "Actual Total Time": 154.841,
                                    "Actual Rows": 1,
                                    "Actual Loops": 1
                                },
                                {
                                    "Worker Number": 3,
                                    "Actual Startup Time": 155.81,
                                    "Actual Total Time": 155.813,
                                    "Actual Rows": 1,
                                    "Actual Loops": 1
                                },
                                {
                                    "Worker Number": 4,
                                    "Actual Startup Time": 155.877,
                                    "Actual Total Time": 155.879,
                                    "Actual Rows": 1,
                                    "Actual Loops": 1
                                },
                                {
                                    "Worker Number": 5,
                                    "Actual Startup Time": 155.878,
                                    "Actual Total Time": 155.88,
                                    "Actual Rows": 1,
                                    "Actual Loops": 1
                                }
                            ],
                            "Plans": [
                                {
                                    "Node Type": "Hash Join",
                                    "Parent Relationship": "Outer",
                                    "Parallel Aware": true,
                                    "Join Type": "Inner",
                                    "Startup Cost": 65678.8,
                                    "Total Cost": 320660.39,
                                    "Plan Rows": 1931,
                                    "Plan Width": 0,
                                    "Actual Startup Time": 104.355,
                                    "Actual Total Time": 156.873,
                                    "Actual Rows": 1474,
                                    "Actual Loops": 7,
                                    "Inner Unique": true,
                                    "Hash Cond": "(ci.movie_id = t.id)",
                                    "Workers": [
                                        {
                                            "Worker Number": 0,
                                            "Actual Startup Time": 102.091,
                                            "Actual Total Time": 154.562,
                                            "Actual Rows": 1339,
                                            "Actual Loops": 1
                                        },
                                        {
                                            "Worker Number": 1,
                                            "Actual Startup Time": 102.425,
                                            "Actual Total Time": 154.835,
                                            "Actual Rows": 1119,
                                            "Actual Loops": 1
                                        },
                                        {
                                            "Worker Number": 2,
                                            "Actual Startup Time": 102.096,
                                            "Actual Total Time": 154.636,
                                            "Actual Rows": 1079,
                                            "Actual Loops": 1
                                        },
                                        {
                                            "Worker Number": 3,
                                            "Actual Startup Time": 103.171,
                                            "Actual Total Time": 155.623,
                                            "Actual Rows": 1322,
                                            "Actual Loops": 1
                                        },
                                        {
                                            "Worker Number": 4,
                                            "Actual Startup Time": 103.091,
                                            "Actual Total Time": 155.669,
                                            "Actual Rows": 1445,
                                            "Actual Loops": 1
                                        },
                                        {
                                            "Worker Number": 5,
                                            "Actual Startup Time": 103.253,
                                            "Actual Total Time": 155.67,
                                            "Actual Rows": 1363,
                                            "Actual Loops": 1
                                        }
                                    ],
                                    "Plans": [
                                        {
                                            "Node Type": "Bitmap Heap Scan",
                                            "Parent Relationship": "Outer",
                                            "Parallel Aware": true,
                                            "Relation Name": "cast_info",
                                            "Schema": "public",
                                            "Alias": "ci",
                                            "Startup Cost": 20099.03,
                                            "Total Cost": 274682.39,
                                            "Plan Rows": 151709,
                                            "Plan Width": 4,
                                            "Actual Startup Time": 36.623,
                                            "Actual Total Time": 67.57,
                                            "Actual Rows": 133704,
                                            "Actual Loops": 7,
                                            "Output": [
                                                "ci.id",
                                                "ci.person_id",
                                                "ci.movie_id",
                                                "ci.person_role_id",
                                                "ci.note",
                                                "ci.nr_order",
                                                "ci.role_id"
                                            ],
                                            "Recheck Cond": "(ci.person_id < 96637)",
                                            "Rows Removed by Index Recheck": 0,
                                            "Exact Heap Blocks": 2311,
                                            "Lossy Heap Blocks": 0,
                                            "Workers": [
                                                {
                                                    "Worker Number": 0,
                                                    "Actual Startup Time": 36.599,
                                                    "Actual Total Time": 67.677,
                                                    "Actual Rows": 124898,
                                                    "Actual Loops": 1
                                                },
                                                {
                                                    "Worker Number": 1,
                                                    "Actual Startup Time": 36.789,
                                                    "Actual Total Time": 67.683,
                                                    "Actual Rows": 103638,
                                                    "Actual Loops": 1
                                                },
                                                {
                                                    "Worker Number": 2,
                                                    "Actual Startup Time": 36.591,
                                                    "Actual Total Time": 67.856,
                                                    "Actual Rows": 103697,
                                                    "Actual Loops": 1
                                                },
                                                {
                                                    "Worker Number": 3,
                                                    "Actual Startup Time": 36.699,
                                                    "Actual Total Time": 67.84,
                                                    "Actual Rows": 122085,
                                                    "Actual Loops": 1
                                                },
                                                {
                                                    "Worker Number": 4,
                                                    "Actual Startup Time": 36.483,
                                                    "Actual Total Time": 67.518,
                                                    "Actual Rows": 120943,
                                                    "Actual Loops": 1
                                                },
                                                {
                                                    "Worker Number": 5,
                                                    "Actual Startup Time": 36.686,
                                                    "Actual Total Time": 67.829,
                                                    "Actual Rows": 122303,
                                                    "Actual Loops": 1
                                                }
                                            ],
                                            "Plans": [
                                                {
                                                    "Node Type": "Bitmap Index Scan",
                                                    "Parent Relationship": "Outer",
                                                    "Parallel Aware": false,
                                                    "Index Name": "person_id_cast_info",
                                                    "Startup Cost": 0.0,
                                                    "Total Cost": 19871.46,
                                                    "Plan Rows": 910253,
                                                    "Plan Width": 0,
                                                    "Actual Startup Time": 35.155,
                                                    "Actual Total Time": 35.156,
                                                    "Actual Rows": 935931,
                                                    "Actual Loops": 1,
                                                    "Index Cond": "(ci.person_id < 96637)"
                                                }
                                            ]
                                        },
                                        {
                                            "Node Type": "Hash",
                                            "Parent Relationship": "Inner",
                                            "Parallel Aware": true,
                                            "Startup Cost": 45479.21,
                                            "Total Cost": 45479.21,
                                            "Plan Rows": 8045,
                                            "Plan Width": 4,
                                            "Actual Startup Time": 66.987,
                                            "Actual Total Time": 66.987,
                                            "Actual Rows": 3158,
                                            "Actual Loops": 7,
                                            "Output": [
                                                "t.id"
                                            ],
                                            "Hash Buckets": 32768,
                                            "Original Hash Buckets": 32768,
                                            "Hash Batches": 1,
                                            "Original Hash Batches": 1,
                                            "Peak Memory Usage": 1216,
                                            "Workers": [
                                                {
                                                    "Worker Number": 0,
                                                    "Actual Startup Time": 64.717,
                                                    "Actual Total Time": 64.718,
                                                    "Actual Rows": 3271,
                                                    "Actual Loops": 1
                                                },
                                                {
                                                    "Worker Number": 1,
                                                    "Actual Startup Time": 65.019,
                                                    "Actual Total Time": 65.02,
                                                    "Actual Rows": 2106,
                                                    "Actual Loops": 1
                                                },
                                                {
                                                    "Worker Number": 2,
                                                    "Actual Startup Time": 64.751,
                                                    "Actual Total Time": 64.752,
                                                    "Actual Rows": 2023,
                                                    "Actual Loops": 1
                                                },
                                                {
                                                    "Worker Number": 3,
                                                    "Actual Startup Time": 65.704,
                                                    "Actual Total Time": 65.704,
                                                    "Actual Rows": 3282,
                                                    "Actual Loops": 1
                                                },
                                                {
                                                    "Worker Number": 4,
                                                    "Actual Startup Time": 65.734,
                                                    "Actual Total Time": 65.734,
                                                    "Actual Rows": 3256,
                                                    "Actual Loops": 1
                                                },
                                                {
                                                    "Worker Number": 5,
                                                    "Actual Startup Time": 65.751,
                                                    "Actual Total Time": 65.752,
                                                    "Actual Rows": 2904,
                                                    "Actual Loops": 1
                                                }
                                            ],
                                            "Plans": [
                                                {
                                                    "Node Type": "Seq Scan",
                                                    "Parent Relationship": "Outer",
                                                    "Parallel Aware": true,
                                                    "Relation Name": "title",
                                                    "Schema": "public",
                                                    "Alias": "t",
                                                    "Startup Cost": 0.0,
                                                    "Total Cost": 45479.21,
                                                    "Plan Rows": 8045,
                                                    "Plan Width": 4,
                                                    "Actual Startup Time": 42.76,
                                                    "Actual Total Time": 65.573,
                                                    "Actual Rows": 3158,
                                                    "Actual Loops": 7,
                                                    "Output": [
                                                        "t.id"
                                                    ],
                                                    "Filter": "((t.kind_id = 1) AND (t.production_year = 2008))",
                                                    "Rows Removed by Filter": 358029,
                                                    "Workers": [
                                                        {
                                                            "Worker Number": 0,
                                                            "Actual Startup Time": 42.112,
                                                            "Actual Total Time": 63.41,
                                                            "Actual Rows": 3271,
                                                            "Actual Loops": 1
                                                        },
                                                        {
                                                            "Worker Number": 1,
                                                            "Actual Startup Time": 39.358,
                                                            "Actual Total Time": 63.715,
                                                            "Actual Rows": 2106,
                                                            "Actual Loops": 1
                                                        },
                                                        {
                                                            "Worker Number": 2,
                                                            "Actual Startup Time": 39.646,
                                                            "Actual Total Time": 63.431,
                                                            "Actual Rows": 2023,
                                                            "Actual Loops": 1
                                                        },
                                                        {
                                                            "Worker Number": 3,
                                                            "Actual Startup Time": 39.695,
                                                            "Actual Total Time": 64.04,
                                                            "Actual Rows": 3282,
                                                            "Actual Loops": 1
                                                        },
                                                        {
                                                            "Worker Number": 4,
                                                            "Actual Startup Time": 43.122,
                                                            "Actual Total Time": 64.337,
                                                            "Actual Rows": 3256,
                                                            "Actual Loops": 1
                                                        },
                                                        {
                                                            "Worker Number": 5,
                                                            "Actual Startup Time": 43.148,
                                                            "Actual Total Time": 64.514,
                                                            "Actual Rows": 2904,
                                                            "Actual Loops": 1
                                                        }
                                                    ]
                                                }
                                            ]
                                        }
                                    ]
                                }
                            ]
                        }
                    ]
                }
            ]
        },
        "Planning Time": 185.166,
        "Triggers": [],
        "Execution Time": 175.598
    }
]