[
  {
    "Plan": {
      "Node Type": "Aggregate",
      "Strategy": "Plain",
      "Partial Mode": "Finalize",
      "Parallel Aware": false,
      "Startup Cost": 56970.69,
      "Total Cost": 56970.7,
      "Plan Rows": 1,
      "Plan Width": 8,
      "Actual Startup Time": 100.485,
      "Actual Total Time": 113.081,
      "Actual Rows": 1,
      "Actual Loops": 1,
      "Plans": [
        {
          "Node Type": "Gather",
          "Parent Relationship": "Outer",
          "Parallel Aware": false,
          "Startup Cost": 56970.27,
          "Total Cost": 56970.68,
          "Plan Rows": 4,
          "Plan Width": 8,
          "Actual Startup Time": 100.178,
          "Actual Total Time": 113.073,
          "Actual Rows": 5,
          "Actual Loops": 1,
          "Workers Planned": 4,
          "Workers Launched": 4,
          "Single Copy": false,
          "Plans": [
            {
              "Node Type": "Aggregate",
              "Strategy": "Plain",
              "Partial Mode": "Partial",
              "Parent Relationship": "Outer",
              "Parallel Aware": false,
              "Startup Cost": 55970.27,
              "Total Cost": 55970.28,
              "Plan Rows": 1,
              "Plan Width": 8,
              "Actual Startup Time": 93.544,
              "Actual Total Time": 93.546,
              "Actual Rows": 1,
              "Actual Loops": 5,
              "Plans": [
                {
                  "Node Type": "Nested Loop",
                  "Parent Relationship": "Outer",
                  "Parallel Aware": false,
                  "Join Type": "Inner",
                  "Startup Cost": 0.43,
                  "Total Cost": 55967.23,
                  "Plan Rows": 1219,
                  "Plan Width": 0,
                  "Actual Startup Time": 1.57,
                  "Actual Total Time": 93.399,
                  "Actual Rows": 1675,
                  "Actual Loops": 5,
                  "Inner Unique": false,
                  "Plans": [
                    {
                      "Node Type": "Seq Scan",
                      "Parent Relationship": "Outer",
                      "Parallel Aware": true,
                      "Relation Name": "title",
                      "Alias": "t",
                      "Startup Cost": 0.0,
                      "Total Cost": 43899.32,
                      "Plan Rows": 2234,
                      "Plan Width": 4,
                      "Actual Startup Time": 0.122,
                      "Actual Total Time": 78.619,
                      "Actual Rows": 2283,
                      "Actual Loops": 5,
                      "Filter": "(production_year = 1964)",
                      "Rows Removed by Filter": 503379
                    },
                    {
                      "Node Type": "Index Only Scan",
                      "Parent Relationship": "Inner",
                      "Parallel Aware": false,
                      "Scan Direction": "Forward",
                      "Index Name": "movie_id_movie_info_idx",
                      "Relation Name": "movie_info_idx",
                      "Alias": "mi_idx",
                      "Startup Cost": 0.43,
                      "Total Cost": 5.37,
                      "Plan Rows": 3,
                      "Plan Width": 4,
                      "Actual Startup Time": 0.006,
                      "Actual Total Time": 0.006,
                      "Actual Rows": 1,
                      "Actual Loops": 11416,
                      "Index Cond": "(movie_id = t.id)",
                      "Rows Removed by Index Recheck": 0,
                      "Heap Fetches": 8375
                    }
                  ]
                }
              ]
            }
          ]
        }
      ]
    },
    "Planning Time": 0.303,
    "Triggers": [],
    "Execution Time": 113.122
  }
]