[
  {
    "Plan": {
      "Node Type": "Aggregate",
      "Strategy": "Plain",
      "Partial Mode": "Finalize",
      "Parallel Aware": false,
      "Startup Cost": 58553.55,
      "Total Cost": 58553.56,
      "Plan Rows": 1,
      "Plan Width": 8,
      "Actual Startup Time": 112.673,
      "Actual Total Time": 127.243,
      "Actual Rows": 1,
      "Actual Loops": 1,
      "Plans": [
        {
          "Node Type": "Gather",
          "Parent Relationship": "Outer",
          "Parallel Aware": false,
          "Startup Cost": 58553.13,
          "Total Cost": 58553.54,
          "Plan Rows": 4,
          "Plan Width": 8,
          "Actual Startup Time": 112.548,
          "Actual Total Time": 127.235,
          "Actual Rows": 5,
          "Actual Loops": 1,
          "Workers Planned": 4,
          "Workers Launched": 4,
          "Single Copy": false,
          "Plans": [
            {
              "Node Type": "Aggregate",
              "Strategy": "Plain",
              "Partial Mode": "Partial",
              "Parent Relationship": "Outer",
              "Parallel Aware": false,
              "Startup Cost": 57553.13,
              "Total Cost": 57553.14,
              "Plan Rows": 1,
              "Plan Width": 8,
              "Actual Startup Time": 103.803,
              "Actual Total Time": 103.805,
              "Actual Rows": 1,
              "Actual Loops": 5,
              "Plans": [
                {
                  "Node Type": "Nested Loop",
                  "Parent Relationship": "Outer",
                  "Parallel Aware": false,
                  "Join Type": "Inner",
                  "Startup Cost": 0.43,
                  "Total Cost": 57549.42,
                  "Plan Rows": 1484,
                  "Plan Width": 0,
                  "Actual Startup Time": 1.211,
                  "Actual Total Time": 103.629,
                  "Actual Rows": 1675,
                  "Actual Loops": 5,
                  "Inner Unique": false,
                  "Plans": [
                    {
                      "Node Type": "Seq Scan",
                      "Parent Relationship": "Outer",
                      "Parallel Aware": true,
                      "Relation Name": "title",
                      "Alias": "t",
                      "Startup Cost": 0.0,
                      "Total Cost": 43898.92,
                      "Plan Rows": 2718,
                      "Plan Width": 4,
                      "Actual Startup Time": 0.221,
                      "Actual Total Time": 87.257,
                      "Actual Rows": 2283,
                      "Actual Loops": 5,
                      "Filter": "(production_year = 1964)",
                      "Rows Removed by Filter": 503379
                    },
                    {
                      "Node Type": "Index Only Scan",
                      "Parent Relationship": "Inner",
                      "Parallel Aware": false,
                      "Scan Direction": "Forward",
                      "Index Name": "movie_id_movie_info_idx",
                      "Relation Name": "movie_info_idx",
                      "Alias": "mi_idx",
                      "Startup Cost": 0.43,
                      "Total Cost": 4.99,
                      "Plan Rows": 3,
                      "Plan Width": 4,
                      "Actual Startup Time": 0.006,
                      "Actual Total Time": 0.007,
                      "Actual Rows": 1,
                      "Actual Loops": 11416,
                      "Index Cond": "(movie_id = t.id)",
                      "Rows Removed by Index Recheck": 0,
                      "Heap Fetches": 8375
                    }
                  ]
                }
              ]
            }
          ]
        }
      ]
    },
    "Planning Time": 0.559,
    "Triggers": [],
    "Execution Time": 127.313
  }
]