{
  "Plan": {
    "Node Type": "Aggregate",
    "Strategy": "Plain",
    "Partial Mode": "Finalize",
    "Parallel Aware": false,
    "Startup Cost": 87953.4,
    "Total Cost": 87953.41,
    "Plan Rows": 1,
    "Plan Width": 8,
    "Actual Startup Time": 397.883,
    "Actual Total Time": 412.698,
    "Actual Rows": 1,
    "Actual Loops": 1,
    "Plans": [
      {
        "Node Type": "Gather",
        "Parent Relationship": "Outer",
        "Parallel Aware": false,
        "Startup Cost": 87953.29,
        "Total Cost": 87953.4,
        "Plan Rows": 1,
        "Plan Width": 8,
        "Actual Startup Time": 397.258,
        "Actual Total Time": 412.691,
        "Actual Rows": 2,
        "Actual Loops": 1,
        "Workers Planned": 1,
        "Workers Launched": 1,
        "Single Copy": false,
        "Plans": [
          {
            "Node Type": "Aggregate",
            "Strategy": "Plain",
            "Partial Mode": "Partial",
            "Parent Relationship": "Outer",
            "Parallel Aware": false,
            "Startup Cost": 86953.29,
            "Total Cost": 86953.3,
            "Plan Rows": 1,
            "Plan Width": 8,
            "Actual Startup Time": 390.878,
            "Actual Total Time": 390.882,
            "Actual Rows": 1,
            "Actual Loops": 2,
            "Plans": [
              {
                "Node Type": "Hash Join",
                "Parent Relationship": "Outer",
                "Parallel Aware": true,
                "Join Type": "Inner",
                "Startup Cost": 25833.3,
                "Total Cost": 86668.62,
                "Plan Rows": 113867,
                "Plan Width": 0,
                "Actual Startup Time": 88.252,
                "Actual Total Time": 386.797,
                "Actual Rows": 95630,
                "Actual Loops": 2,
                "Inner Unique": false,
                "Hash Cond": "(t.id = mc.movie_id)",
                "Plans": [
                  {
                    "Node Type": "Seq Scan",
                    "Parent Relationship": "Outer",
                    "Parallel Aware": true,
                    "Relation Name": "title",
                    "Alias": "t",
                    "Startup Cost": 0.0,
                    "Total Cost": 50870.31,
                    "Plan Rows": 1487231,
                    "Plan Width": 4,
                    "Actual Startup Time": 0.009,
                    "Actual Total Time": 116.246,
                    "Actual Rows": 1264156,
                    "Actual Loops": 2
                  },
                  {
                    "Node Type": "Hash",
                    "Parent Relationship": "Inner",
                    "Parallel Aware": true,
                    "Startup Cost": 24409.97,
                    "Total Cost": 24409.97,
                    "Plan Rows": 113867,
                    "Plan Width": 4,
                    "Actual Startup Time": 84.992,
                    "Actual Total Time": 84.993,
                    "Actual Rows": 95630,
                    "Actual Loops": 2,
                    "Hash Buckets": 262144,
                    "Original Hash Buckets": 262144,
                    "Hash Batches": 1,
                    "Original Hash Batches": 1,
                    "Peak Memory Usage": 9568,
                    "Plans": [
                      {
                        "Node Type": "Bitmap Heap Scan",
                        "Parent Relationship": "Outer",
                        "Parallel Aware": true,
                        "Relation Name": "movie_companies",
                        "Alias": "mc",
                        "Startup Cost": 4196.63,
                        "Total Cost": 24409.97,
                        "Plan Rows": 113867,
                        "Plan Width": 4,
                        "Actual Startup Time": 23.702,
                        "Actual Total Time": 63.683,
                        "Actual Rows": 95630,
                        "Actual Loops": 2,
                        "Recheck Cond": "(company_id < 51)",
                        "Rows Removed by Index Recheck": 0,
                        "Exact Heap Blocks": 10474,
                        "Lossy Heap Blocks": 0,
                        "Plans": [
                          {
                            "Node Type": "Bitmap Index Scan",
                            "Parent Relationship": "Outer",
                            "Parallel Aware": false,
                            "Index Name": "company_id_movie_companies",
                            "Startup Cost": 0.0,
                            "Total Cost": 4148.24,
                            "Plan Rows": 193574,
                            "Plan Width": 0,
                            "Actual Startup Time": 22.05,
                            "Actual Total Time": 22.05,
                            "Actual Rows": 191261,
                            "Actual Loops": 1,
                            "Index Cond": "(company_id < 51)"
                          }
                        ]
                      }
                    ]
                  }
                ]
              }
            ]
          }
        ]
      }
    ]
  },
  "Planning Time": 0.676,
  "Triggers": [],
  "Execution Time": 412.793
}