[
    {
        "Bao": {
            "Bao prediction": 643.186,
            "Bao recommended hint": "(no hint)"
        }
    },
    {
        "Plan": {
            "Node Type": "Aggregate",
            "Strategy": "Plain",
            "Partial Mode": "Finalize",
            "Parallel Aware": false,
            "Startup Cost": 31065.39,
            "Total Cost": 31065.4,
            "Plan Rows": 1,
            "Plan Width": 8,
            "Actual Startup Time": 99.694,
            "Actual Total Time": 105.619,
            "Actual Rows": 1,
            "Actual Loops": 1,
            "Output": [
                "count(*)"
            ],
            "Plans": [
                {
                    "Node Type": "Gather",
                    "Parent Relationship": "Outer",
                    "Parallel Aware": false,
                    "Startup Cost": 31065.07,
                    "Total Cost": 31065.38,
                    "Plan Rows": 3,
                    "Plan Width": 8,
                    "Actual Startup Time": 99.381,
                    "Actual Total Time": 105.61,
                    "Actual Rows": 4,
                    "Actual Loops": 1,
                    "Output": [
                        "(PARTIAL count(*))"
                    ],
                    "Workers Planned": 3,
                    "Workers Launched": 3,
                    "Single Copy": false,
                    "Plans": [
                        {
                            "Node Type": "Aggregate",
                            "Strategy": "Plain",
                            "Partial Mode": "Partial",
                            "Parent Relationship": "Outer",
                            "Parallel Aware": false,
                            "Startup Cost": 30065.07,
                            "Total Cost": 30065.08,
                            "Plan Rows": 1,
                            "Plan Width": 8,
                            "Actual Startup Time": 91.292,
                            "Actual Total Time": 91.293,
                            "Actual Rows": 1,
                            "Actual Loops": 4,
                            "Output": [
                                "PARTIAL count(*)"
                            ],
                            "Workers": [
                                {
                                    "Worker Number": 0,
                                    "Actual Startup Time": 88.634,
                                    "Actual Total Time": 88.635,
                                    "Actual Rows": 1,
                                    "Actual Loops": 1
                                },
                                {
                                    "Worker Number": 1,
                                    "Actual Startup Time": 88.79,
                                    "Actual Total Time": 88.792,
                                    "Actual Rows": 1,
                                    "Actual Loops": 1
                                },
                                {
                                    "Worker Number": 2,
                                    "Actual Startup Time": 88.928,
                                    "Actual Total Time": 88.93,
                                    "Actual Rows": 1,
                                    "Actual Loops": 1
                                }
                            ],
                            "Plans": [
                                {
                                    "Node Type": "Bitmap Heap Scan",
                                    "Parent Relationship": "Outer",
                                    "Parallel Aware": true,
                                    "Relation Name": "movie_keyword",
                                    "Schema": "public",
                                    "Alias": "mk",
                                    "Startup Cost": 4569.19,
                                    "Total Cost": 29891.42,
                                    "Plan Rows": 69459,
                                    "Plan Width": 0,
                                    "Actual Startup Time": 32.36,
                                    "Actual Total Time": 87.525,
                                    "Actual Rows": 53065,
                                    "Actual Loops": 4,
                                    "Recheck Cond": "(mk.keyword_id > 66180)",
                                    "Rows Removed by Index Recheck": 0,
                                    "Exact Heap Blocks": 11624,
                                    "Lossy Heap Blocks": 0,
                                    "Workers": [
                                        {
                                            "Worker Number": 0,
                                            "Actual Startup Time": 29.744,
                                            "Actual Total Time": 85.267,
                                            "Actual Rows": 32260,
                                            "Actual Loops": 1
                                        },
                                        {
                                            "Worker Number": 1,
                                            "Actual Startup Time": 30.112,
                                            "Actual Total Time": 85.485,
                                            "Actual Rows": 31338,
                                            "Actual Loops": 1
                                        },
                                        {
                                            "Worker Number": 2,
                                            "Actual Startup Time": 30.027,
                                            "Actual Total Time": 85.715,
                                            "Actual Rows": 29332,
                                            "Actual Loops": 1
                                        }
                                    ],
                                    "Plans": [
                                        {
                                            "Node Type": "Bitmap Index Scan",
                                            "Parent Relationship": "Outer",
                                            "Parallel Aware": false,
                                            "Index Name": "keyword_id_movie_keyword",
                                            "Startup Cost": 0.0,
                                            "Total Cost": 4515.35,
                                            "Plan Rows": 215323,
                                            "Plan Width": 0,
                                            "Actual Startup Time": 34.46,
                                            "Actual Total Time": 34.461,
                                            "Actual Rows": 212260,
                                            "Actual Loops": 1,
                                            "Index Cond": "(mk.keyword_id > 66180)"
                                        }
                                    ]
                                }
                            ]
                        }
                    ]
                }
            ]
        },
        "Planning Time": 643.993,
        "Triggers": [],
        "Execution Time": 105.748
    }
]