[
  {
    "Plan": {
      "Node Type": "Aggregate",
      "Strategy": "Plain",
      "Partial Mode": "Finalize",
      "Parallel Aware": false,
      "Startup Cost": 77726.63,
      "Total Cost": 77726.64,
      "Plan Rows": 1,
      "Plan Width": 8,
      "Actual Startup Time": 231.538,
      "Actual Total Time": 252.171,
      "Actual Rows": 1,
      "Actual Loops": 1,
      "Plans": [
        {
          "Node Type": "Gather",
          "Parent Relationship": "Outer",
          "Parallel Aware": false,
          "Startup Cost": 77726.32,
          "Total Cost": 77726.63,
          "Plan Rows": 3,
          "Plan Width": 8,
          "Actual Startup Time": 230.524,
          "Actual Total Time": 252.161,
          "Actual Rows": 4,
          "Actual Loops": 1,
          "Workers Planned": 3,
          "Workers Launched": 3,
          "Single Copy": false,
          "Plans": [
            {
              "Node Type": "Aggregate",
              "Strategy": "Plain",
              "Partial Mode": "Partial",
              "Parent Relationship": "Outer",
              "Parallel Aware": false,
              "Startup Cost": 76726.32,
              "Total Cost": 76726.33,
              "Plan Rows": 1,
              "Plan Width": 8,
              "Actual Startup Time": 224.055,
              "Actual Total Time": 224.065,
              "Actual Rows": 1,
              "Actual Loops": 4,
              "Plans": [
                {
                  "Node Type": "Nested Loop",
                  "Parent Relationship": "Outer",
                  "Parallel Aware": false,
                  "Join Type": "Inner",
                  "Startup Cost": 46016.42,
                  "Total Cost": 76724.22,
                  "Plan Rows": 838,
                  "Plan Width": 0,
                  "Actual Startup Time": 98.299,
                  "Actual Total Time": 223.423,
                  "Actual Rows": 6143,
                  "Actual Loops": 4,
                  "Inner Unique": false,
                  "Join Filter": "(t.id = mi.movie_id)",
                  "Rows Removed by Join Filter": 0,
                  "Plans": [
                    {
                      "Node Type": "Hash Join",
                      "Parent Relationship": "Outer",
                      "Parallel Aware": true,
                      "Join Type": "Inner",
                      "Startup Cost": 46015.98,
                      "Total Cost": 66688.92,
                      "Plan Rows": 1612,
                      "Plan Width": 8,
                      "Actual Startup Time": 98.163,
                      "Actual Total Time": 146.714,
                      "Actual Rows": 6040,
                      "Actual Loops": 4,
                      "Inner Unique": true,
                      "Hash Cond": "(mc.movie_id = t.id)",
                      "Plans": [
                        {
                          "Node Type": "Bitmap Heap Scan",
                          "Parent Relationship": "Outer",
                          "Parallel Aware": true,
                          "Relation Name": "movie_companies",
                          "Alias": "mc",
                          "Startup Cost": 7720.76,
                          "Total Cost": 28245.28,
                          "Plan Rows": 56538,
                          "Plan Width": 4,
                          "Actual Startup Time": 18.352,
                          "Actual Total Time": 53.949,
                          "Actual Rows": 68443,
                          "Actual Loops": 4,
                          "Recheck Cond": "(company_id < 169)",
                          "Rows Removed by Index Recheck": 0,
                          "Filter": "(company_type_id < 2)",
                          "Rows Removed by Filter": 19430,
                          "Exact Heap Blocks": 6500,
                          "Lossy Heap Blocks": 0,
                          "Plans": [
                            {
                              "Node Type": "Bitmap Index Scan",
                              "Parent Relationship": "Outer",
                              "Parallel Aware": false,
                              "Index Name": "company_id_movie_companies",
                              "Startup Cost": 0.0,
                              "Total Cost": 7676.94,
                              "Plan Rows": 358468,
                              "Plan Width": 0,
                              "Actual Startup Time": 15.702,
                              "Actual Total Time": 15.703,
                              "Actual Rows": 351495,
                              "Actual Loops": 1,
                              "Index Cond": "(company_id < 169)"
                            }
                          ]
                        },
                        {
                          "Node Type": "Hash",
                          "Parent Relationship": "Inner",
                          "Parallel Aware": true,
                          "Startup Cost": 38069.98,
                          "Total Cost": 38069.98,
                          "Plan Rows": 18020,
                          "Plan Width": 4,
                          "Actual Startup Time": 78.245,
                          "Actual Total Time": 78.249,
                          "Actual Rows": 18494,
                          "Actual Loops": 4,
                          "Hash Buckets": 131072,
                          "Original Hash Buckets": 131072,
                          "Hash Batches": 1,
                          "Original Hash Batches": 1,
                          "Peak Memory Usage": 3968,
                          "Plans": [
                            {
                              "Node Type": "Bitmap Heap Scan",
                              "Parent Relationship": "Outer",
                              "Parallel Aware": true,
                              "Relation Name": "title",
                              "Alias": "t",
                              "Startup Cost": 1715.47,
                              "Total Cost": 38069.98,
                              "Plan Rows": 18020,
                              "Plan Width": 4,
                              "Actual Startup Time": 22.986,
                              "Actual Total Time": 71.015,
                              "Actual Rows": 18494,
                              "Actual Loops": 4,
                              "Recheck Cond": "(kind_id = 2)",
                              "Rows Removed by Index Recheck": 0,
                              "Filter": "(production_year > 1982)",
                              "Rows Removed by Filter": 4218,
                              "Exact Heap Blocks": 13781,
                              "Lossy Heap Blocks": 0,
                              "Plans": [
                                {
                                  "Node Type": "Bitmap Index Scan",
                                  "Parent Relationship": "Outer",
                                  "Parallel Aware": false,
                                  "Index Name": "kind_id_title",
                                  "Startup Cost": 0.0,
                                  "Total Cost": 1697.45,
                                  "Plan Rows": 95069,
                                  "Plan Width": 0,
                                  "Actual Startup Time": 18.143,
                                  "Actual Total Time": 18.146,
                                  "Actual Rows": 90852,
                                  "Actual Loops": 1,
                                  "Index Cond": "(kind_id = 2)"
                                }
                              ]
                            }
                          ]
                        }
                      ]
                    },
                    {
                      "Node Type": "Index Scan",
                      "Parent Relationship": "Inner",
                      "Parallel Aware": false,
                      "Scan Direction": "Forward",
                      "Index Name": "movie_id_movie_info",
                      "Relation Name": "movie_info",
                      "Alias": "mi",
                      "Startup Cost": 0.43,
                      "Total Cost": 6.18,
                      "Plan Rows": 4,
                      "Plan Width": 4,
                      "Actual Startup Time": 0.01,
                      "Actual Total Time": 0.012,
                      "Actual Rows": 1,
                      "Actual Loops": 24161,
                      "Index Cond": "(movie_id = mc.movie_id)",
                      "Rows Removed by Index Recheck": 0,
                      "Filter": "(info_type_id = 2)",
                      "Rows Removed by Filter": 20
                    }
                  ]
                }
              ]
            }
          ]
        }
      ]
    },
    "Planning Time": 1.545,
    "Triggers": [],
    "Execution Time": 252.298
  }
]