[
    {
        "Bao": {
            "Bao prediction": "NaN",
            "Bao recommended hint": "(no hint)"
        }
    },
    {
        "Plan": {
            "Node Type": "Aggregate",
            "Strategy": "Plain",
            "Partial Mode": "Finalize",
            "Parallel Aware": false,
            "Startup Cost": 81651.04,
            "Total Cost": 81651.05,
            "Plan Rows": 1,
            "Plan Width": 8,
            "Actual Startup Time": 365.706,
            "Actual Total Time": 377.849,
            "Actual Rows": 1,
            "Actual Loops": 1,
            "Output": [
                "count(*)"
            ],
            "Plans": [
                {
                    "Node Type": "Gather",
                    "Parent Relationship": "Outer",
                    "Parallel Aware": false,
                    "Startup Cost": 81650.72,
                    "Total Cost": 81651.03,
                    "Plan Rows": 3,
                    "Plan Width": 8,
                    "Actual Startup Time": 361.65,
                    "Actual Total Time": 377.838,
                    "Actual Rows": 4,
                    "Actual Loops": 1,
                    "Output": [
                        "(PARTIAL count(*))"
                    ],
                    "Workers Planned": 3,
                    "Workers Launched": 3,
                    "Single Copy": false,
                    "Plans": [
                        {
                            "Node Type": "Aggregate",
                            "Strategy": "Plain",
                            "Partial Mode": "Partial",
                            "Parent Relationship": "Outer",
                            "Parallel Aware": false,
                            "Startup Cost": 80650.72,
                            "Total Cost": 80650.73,
                            "Plan Rows": 1,
                            "Plan Width": 8,
                            "Actual Startup Time": 349.196,
                            "Actual Total Time": 349.2,
                            "Actual Rows": 1,
                            "Actual Loops": 4,
                            "Output": [
                                "PARTIAL count(*)"
                            ],
                            "Workers": [
                                {
                                    "Worker Number": 0,
                                    "Actual Startup Time": 345.035,
                                    "Actual Total Time": 345.038,
                                    "Actual Rows": 1,
                                    "Actual Loops": 1
                                },
                                {
                                    "Worker Number": 1,
                                    "Actual Startup Time": 345.716,
                                    "Actual Total Time": 345.719,
                                    "Actual Rows": 1,
                                    "Actual Loops": 1
                                },
                                {
                                    "Worker Number": 2,
                                    "Actual Startup Time": 345.081,
                                    "Actual Total Time": 345.084,
                                    "Actual Rows": 1,
                                    "Actual Loops": 1
                                }
                            ],
                            "Plans": [
                                {
                                    "Node Type": "Hash Join",
                                    "Parent Relationship": "Outer",
                                    "Parallel Aware": true,
                                    "Join Type": "Inner",
                                    "Startup Cost": 48210.23,
                                    "Total Cost": 80299.98,
                                    "Plan Rows": 140297,
                                    "Plan Width": 0,
                                    "Actual Startup Time": 246.538,
                                    "Actual Total Time": 346.317,
                                    "Actual Rows": 58747,
                                    "Actual Loops": 4,
                                    "Inner Unique": true,
                                    "Hash Cond": "(mc.movie_id = t.id)",
                                    "Workers": [
                                        {
                                            "Worker Number": 0,
                                            "Actual Startup Time": 242.557,
                                            "Actual Total Time": 342.246,
                                            "Actual Rows": 62809,
                                            "Actual Loops": 1
                                        },
                                        {
                                            "Worker Number": 1,
                                            "Actual Startup Time": 242.561,
                                            "Actual Total Time": 342.949,
                                            "Actual Rows": 62346,
                                            "Actual Loops": 1
                                        },
                                        {
                                            "Worker Number": 2,
                                            "Actual Startup Time": 242.577,
                                            "Actual Total Time": 342.308,
                                            "Actual Rows": 62056,
                                            "Actual Loops": 1
                                        }
                                    ],
                                    "Plans": [
                                        {
                                            "Node Type": "Seq Scan",
                                            "Parent Relationship": "Outer",
                                            "Parallel Aware": true,
                                            "Relation Name": "movie_companies",
                                            "Schema": "public",
                                            "Alias": "mc",
                                            "Startup Cost": 0.0,
                                            "Total Cost": 31414.82,
                                            "Plan Rows": 257117,
                                            "Plan Width": 4,
                                            "Actual Startup Time": 1.828,
                                            "Actual Total Time": 61.68,
                                            "Actual Rows": 146208,
                                            "Actual Loops": 4,
                                            "Output": [
                                                "mc.id",
                                                "mc.movie_id",
                                                "mc.company_id",
                                                "mc.company_type_id",
                                                "mc.note"
                                            ],
                                            "Filter": "((mc.company_id > 4430) AND (mc.company_type_id = 1))",
                                            "Rows Removed by Filter": 506074,
                                            "Workers": [
                                                {
                                                    "Worker Number": 0,
                                                    "Actual Startup Time": 1.826,
                                                    "Actual Total Time": 61.906,
                                                    "Actual Rows": 155265,
                                                    "Actual Loops": 1
                                                },
                                                {
                                                    "Worker Number": 1,
                                                    "Actual Startup Time": 1.834,
                                                    "Actual Total Time": 62.289,
                                                    "Actual Rows": 155296,
                                                    "Actual Loops": 1
                                                },
                                                {
                                                    "Worker Number": 2,
                                                    "Actual Startup Time": 1.808,
                                                    "Actual Total Time": 62.194,
                                                    "Actual Rows": 156217,
                                                    "Actual Loops": 1
                                                }
                                            ]
                                        },
                                        {
                                            "Node Type": "Hash",
                                            "Parent Relationship": "Inner",
                                            "Parallel Aware": true,
                                            "Startup Cost": 43899.01,
                                            "Total Cost": 43899.01,
                                            "Plan Rows": 344898,
                                            "Plan Width": 4,
                                            "Actual Startup Time": 236.554,
                                            "Actual Total Time": 236.555,
                                            "Actual Rows": 345363,
                                            "Actual Loops": 4,
                                            "Output": [
                                                "t.id"
                                            ],
                                            "Hash Buckets": 2097152,
                                            "Original Hash Buckets": 2097152,
                                            "Hash Batches": 1,
                                            "Original Hash Batches": 1,
                                            "Peak Memory Usage": 70464,
                                            "Workers": [
                                                {
                                                    "Worker Number": 0,
                                                    "Actual Startup Time": 239.953,
                                                    "Actual Total Time": 239.955,
                                                    "Actual Rows": 356057,
                                                    "Actual Loops": 1
                                                },
                                                {
                                                    "Worker Number": 1,
                                                    "Actual Startup Time": 239.937,
                                                    "Actual Total Time": 239.938,
                                                    "Actual Rows": 354800,
                                                    "Actual Loops": 1
                                                },
                                                {
                                                    "Worker Number": 2,
                                                    "Actual Startup Time": 239.979,
                                                    "Actual Total Time": 239.98,
                                                    "Actual Rows": 354955,
                                                    "Actual Loops": 1
                                                }
                                            ],
                                            "Plans": [
                                                {
                                                    "Node Type": "Seq Scan",
                                                    "Parent Relationship": "Outer",
                                                    "Parallel Aware": true,
                                                    "Relation Name": "title",
                                                    "Schema": "public",
                                                    "Alias": "t",
                                                    "Startup Cost": 0.0,
                                                    "Total Cost": 43899.01,
                                                    "Plan Rows": 344898,
                                                    "Plan Width": 4,
                                                    "Actual Startup Time": 0.035,
                                                    "Actual Total Time": 103.536,
                                                    "Actual Rows": 345363,
                                                    "Actual Loops": 4,
                                                    "Output": [
                                                        "t.id"
                                                    ],
                                                    "Filter": "(t.production_year > 2000)",
                                                    "Rows Removed by Filter": 286715,
                                                    "Workers": [
                                                        {
                                                            "Worker Number": 0,
                                                            "Actual Startup Time": 0.049,
                                                            "Actual Total Time": 105.126,
                                                            "Actual Rows": 356057,
                                                            "Actual Loops": 1
                                                        },
                                                        {
                                                            "Worker Number": 1,
                                                            "Actual Startup Time": 0.027,
                                                            "Actual Total Time": 104.959,
                                                            "Actual Rows": 354800,
                                                            "Actual Loops": 1
                                                        },
                                                        {
                                                            "Worker Number": 2,
                                                            "Actual Startup Time": 0.045,
                                                            "Actual Total Time": 106.312,
                                                            "Actual Rows": 354955,
                                                            "Actual Loops": 1
                                                        }
                                                    ]
                                                }
                                            ]
                                        }
                                    ]
                                }
                            ]
                        }
                    ]
                }
            ]
        },
        "Planning Time": 193.77,
        "Triggers": [],
        "Execution Time": 377.945
    }
]