[
  {
    "Plan": {
      "Node Type": "Aggregate",
      "Strategy": "Plain",
      "Partial Mode": "Finalize",
      "Parallel Aware": false,
      "Startup Cost": 367585.98,
      "Total Cost": 367585.99,
      "Plan Rows": 1,
      "Plan Width": 8,
      "Actual Startup Time": 814.057,
      "Actual Total Time": 833.701,
      "Actual Rows": 1,
      "Actual Loops": 1,
      "Plans": [
        {
          "Node Type": "Gather",
          "Parent Relationship": "Outer",
          "Parallel Aware": false,
          "Startup Cost": 367585.66,
          "Total Cost": 367585.97,
          "Plan Rows": 3,
          "Plan Width": 8,
          "Actual Startup Time": 807.859,
          "Actual Total Time": 833.693,
          "Actual Rows": 4,
          "Actual Loops": 1,
          "Workers Planned": 3,
          "Workers Launched": 3,
          "Single Copy": false,
          "Plans": [
            {
              "Node Type": "Aggregate",
              "Strategy": "Plain",
              "Partial Mode": "Partial",
              "Parent Relationship": "Outer",
              "Parallel Aware": false,
              "Startup Cost": 366585.66,
              "Total Cost": 366585.67,
              "Plan Rows": 1,
              "Plan Width": 8,
              "Actual Startup Time": 799.988,
              "Actual Total Time": 799.994,
              "Actual Rows": 1,
              "Actual Loops": 4,
              "Plans": [
                {
                  "Node Type": "Hash Join",
                  "Parent Relationship": "Outer",
                  "Parallel Aware": true,
                  "Join Type": "Inner",
                  "Startup Cost": 320234.33,
                  "Total Cost": 365669.91,
                  "Plan Rows": 366302,
                  "Plan Width": 0,
                  "Actual Startup Time": 480.715,
                  "Actual Total Time": 757.297,
                  "Actual Rows": 976441,
                  "Actual Loops": 4,
                  "Inner Unique": false,
                  "Hash Cond": "(mk.movie_id = t.id)",
                  "Plans": [
                    {
                      "Node Type": "Seq Scan",
                      "Parent Relationship": "Outer",
                      "Parallel Aware": true,
                      "Relation Name": "movie_keyword",
                      "Alias": "mk",
                      "Startup Cost": 0.0,
                      "Total Cost": 39047.32,
                      "Plan Rows": 1459332,
                      "Plan Width": 4,
                      "Actual Startup Time": 0.041,
                      "Actual Total Time": 90.645,
                      "Actual Rows": 1130982,
                      "Actual Loops": 4
                    },
                    {
                      "Node Type": "Hash",
                      "Parent Relationship": "Inner",
                      "Parallel Aware": true,
                      "Startup Cost": 318251.04,
                      "Total Cost": 318251.04,
                      "Plan Rows": 158663,
                      "Plan Width": 8,
                      "Actual Startup Time": 476.792,
                      "Actual Total Time": 476.796,
                      "Actual Rows": 165718,
                      "Actual Loops": 4,
                      "Hash Buckets": 1048576,
                      "Original Hash Buckets": 1048576,
                      "Hash Batches": 1,
                      "Original Hash Batches": 1,
                      "Peak Memory Usage": 34208,
                      "Plans": [
                        {
                          "Node Type": "Hash Join",
                          "Parent Relationship": "Outer",
                          "Parallel Aware": true,
                          "Join Type": "Inner",
                          "Startup Cost": 269346.49,
                          "Total Cost": 318251.04,
                          "Plan Rows": 158663,
                          "Plan Width": 8,
                          "Actual Startup Time": 140.842,
                          "Actual Total Time": 417.841,
                          "Actual Rows": 165718,
                          "Actual Loops": 4,
                          "Inner Unique": false,
                          "Hash Cond": "(t.id = ci.movie_id)",
                          "Plans": [
                            {
                              "Node Type": "Seq Scan",
                              "Parent Relationship": "Outer",
                              "Parallel Aware": true,
                              "Relation Name": "title",
                              "Alias": "t",
                              "Startup Cost": 0.0,
                              "Total Cost": 42319.06,
                              "Plan Rows": 632106,
                              "Plan Width": 4,
                              "Actual Startup Time": 0.017,
                              "Actual Total Time": 84.521,
                              "Actual Rows": 632078,
                              "Actual Loops": 4
                            },
                            {
                              "Node Type": "Hash",
                              "Parent Relationship": "Inner",
                              "Parallel Aware": true,
                              "Startup Cost": 268024.3,
                              "Total Cost": 268024.3,
                              "Plan Rows": 105775,
                              "Plan Width": 4,
                              "Actual Startup Time": 138.429,
                              "Actual Total Time": 138.431,
                              "Actual Rows": 165718,
                              "Actual Loops": 4,
                              "Hash Buckets": 1048576,
                              "Original Hash Buckets": 1048576,
                              "Hash Batches": 1,
                              "Original Hash Batches": 1,
                              "Peak Memory Usage": 34176,
                              "Plans": [
                                {
                                  "Node Type": "Bitmap Heap Scan",
                                  "Parent Relationship": "Outer",
                                  "Parallel Aware": true,
                                  "Relation Name": "cast_info",
                                  "Alias": "ci",
                                  "Startup Cost": 14015.11,
                                  "Total Cost": 268024.3,
                                  "Plan Rows": 105775,
                                  "Plan Width": 4,
                                  "Actual Startup Time": 28.107,
                                  "Actual Total Time": 70.016,
                                  "Actual Rows": 165718,
                                  "Actual Loops": 4,
                                  "Recheck Cond": "(person_id < 70943)",
                                  "Rows Removed by Index Recheck": 0,
                                  "Exact Heap Blocks": 2541,
                                  "Lossy Heap Blocks": 0,
                                  "Plans": [
                                    {
                                      "Node Type": "Bitmap Index Scan",
                                      "Parent Relationship": "Outer",
                                      "Parallel Aware": false,
                                      "Index Name": "person_id_cast_info",
                                      "Startup Cost": 0.0,
                                      "Total Cost": 13856.45,
                                      "Plan Rows": 634651,
                                      "Plan Width": 0,
                                      "Actual Startup Time": 26.798,
                                      "Actual Total Time": 26.798,
                                      "Actual Rows": 662870,
                                      "Actual Loops": 1,
                                      "Index Cond": "(person_id < 70943)"
                                    }
                                  ]
                                }
                              ]
                            }
                          ]
                        }
                      ]
                    }
                  ]
                }
              ]
            }
          ]
        }
      ]
    },
    "Planning Time": 0.824,
    "Triggers": [],
    "Execution Time": 833.801
  }
]