[
  {
    "Plan": {
      "Node Type": "Aggregate",
      "Strategy": "Plain",
      "Partial Mode": "Finalize",
      "Parallel Aware": false,
      "Startup Cost": 77114.45,
      "Total Cost": 77114.46,
      "Plan Rows": 1,
      "Plan Width": 8,
      "Actual Startup Time": 201.913,
      "Actual Total Time": 216.377,
      "Actual Rows": 1,
      "Actual Loops": 1,
      "Plans": [
        {
          "Node Type": "Gather",
          "Parent Relationship": "Outer",
          "Parallel Aware": false,
          "Startup Cost": 77114.13,
          "Total Cost": 77114.44,
          "Plan Rows": 3,
          "Plan Width": 8,
          "Actual Startup Time": 201.504,
          "Actual Total Time": 216.359,
          "Actual Rows": 4,
          "Actual Loops": 1,
          "Workers Planned": 3,
          "Workers Launched": 3,
          "Single Copy": false,
          "Plans": [
            {
              "Node Type": "Aggregate",
              "Strategy": "Plain",
              "Partial Mode": "Partial",
              "Parent Relationship": "Outer",
              "Parallel Aware": false,
              "Startup Cost": 76114.13,
              "Total Cost": 76114.14,
              "Plan Rows": 1,
              "Plan Width": 8,
              "Actual Startup Time": 193.018,
              "Actual Total Time": 193.022,
              "Actual Rows": 1,
              "Actual Loops": 4,
              "Plans": [
                {
                  "Node Type": "Hash Join",
                  "Parent Relationship": "Outer",
                  "Parallel Aware": true,
                  "Join Type": "Inner",
                  "Startup Cost": 44165.7,
                  "Total Cost": 76097.5,
                  "Plan Rows": 6650,
                  "Plan Width": 0,
                  "Actual Startup Time": 133.08,
                  "Actual Total Time": 192.694,
                  "Actual Rows": 6450,
                  "Actual Loops": 4,
                  "Inner Unique": true,
                  "Hash Cond": "(mc.movie_id = t.id)",
                  "Plans": [
                    {
                      "Node Type": "Seq Scan",
                      "Parent Relationship": "Outer",
                      "Parallel Aware": true,
                      "Relation Name": "movie_companies",
                      "Alias": "mc",
                      "Startup Cost": 0.0,
                      "Total Cost": 31414.82,
                      "Plan Rows": 196946,
                      "Plan Width": 4,
                      "Actual Startup Time": 28.877,
                      "Actual Total Time": 63.087,
                      "Actual Rows": 220983,
                      "Actual Loops": 4,
                      "Filter": "((company_id > 12253) AND (company_type_id = 2))",
                      "Rows Removed by Filter": 431300
                    },
                    {
                      "Node Type": "Hash",
                      "Parent Relationship": "Inner",
                      "Parallel Aware": true,
                      "Startup Cost": 43898.92,
                      "Total Cost": 43898.92,
                      "Plan Rows": 21343,
                      "Plan Width": 4,
                      "Actual Startup Time": 102.302,
                      "Actual Total Time": 102.303,
                      "Actual Rows": 21148,
                      "Actual Loops": 4,
                      "Hash Buckets": 131072,
                      "Original Hash Buckets": 131072,
                      "Hash Batches": 1,
                      "Original Hash Batches": 1,
                      "Peak Memory Usage": 4384,
                      "Plans": [
                        {
                          "Node Type": "Seq Scan",
                          "Parent Relationship": "Outer",
                          "Parallel Aware": true,
                          "Relation Name": "title",
                          "Alias": "t",
                          "Startup Cost": 0.0,
                          "Total Cost": 43898.92,
                          "Plan Rows": 21343,
                          "Plan Width": 4,
                          "Actual Startup Time": 0.042,
                          "Actual Total Time": 93.227,
                          "Actual Rows": 21148,
                          "Actual Loops": 4,
                          "Filter": "(production_year = 2004)",
                          "Rows Removed by Filter": 610930
                        }
                      ]
                    }
                  ]
                }
              ]
            }
          ]
        }
      ]
    },
    "Planning Time": 0.639,
    "Triggers": [],
    "Execution Time": 216.447
  }
]