[
  {
    "Plan": {
      "Node Type": "Aggregate",
      "Strategy": "Plain",
      "Partial Mode": "Finalize",
      "Parallel Aware": false,
      "Startup Cost": 85658.75,
      "Total Cost": 85658.76,
      "Plan Rows": 1,
      "Plan Width": 8,
      "Actual Startup Time": 350.469,
      "Actual Total Time": 365.973,
      "Actual Rows": 1,
      "Actual Loops": 1,
      "Plans": [
        {
          "Node Type": "Gather",
          "Parent Relationship": "Outer",
          "Parallel Aware": false,
          "Startup Cost": 85658.43,
          "Total Cost": 85658.74,
          "Plan Rows": 3,
          "Plan Width": 8,
          "Actual Startup Time": 345.525,
          "Actual Total Time": 365.963,
          "Actual Rows": 4,
          "Actual Loops": 1,
          "Workers Planned": 3,
          "Workers Launched": 3,
          "Single Copy": false,
          "Plans": [
            {
              "Node Type": "Aggregate",
              "Strategy": "Plain",
              "Partial Mode": "Partial",
              "Parent Relationship": "Outer",
              "Parallel Aware": false,
              "Startup Cost": 84658.43,
              "Total Cost": 84658.44,
              "Plan Rows": 1,
              "Plan Width": 8,
              "Actual Startup Time": 337.663,
              "Actual Total Time": 337.668,
              "Actual Rows": 1,
              "Actual Loops": 4,
              "Plans": [
                {
                  "Node Type": "Hash Join",
                  "Parent Relationship": "Outer",
                  "Parallel Aware": true,
                  "Join Type": "Inner",
                  "Startup Cost": 57703.4,
                  "Total Cost": 84478.15,
                  "Plan Rows": 72110,
                  "Plan Width": 0,
                  "Actual Startup Time": 247.755,
                  "Actual Total Time": 334.033,
                  "Actual Rows": 71701,
                  "Actual Loops": 4,
                  "Inner Unique": true,
                  "Hash Cond": "(mk.movie_id = t.id)",
                  "Plans": [
                    {
                      "Node Type": "Bitmap Heap Scan",
                      "Parent Relationship": "Outer",
                      "Parallel Aware": true,
                      "Relation Name": "movie_keyword",
                      "Alias": "mk",
                      "Startup Cost": 10090.79,
                      "Total Cost": 36462.77,
                      "Plan Rows": 153438,
                      "Plan Width": 4,
                      "Actual Startup Time": 30.637,
                      "Actual Total Time": 84.187,
                      "Actual Rows": 117723,
                      "Actual Loops": 4,
                      "Recheck Cond": "(keyword_id > 37777)",
                      "Rows Removed by Index Recheck": 0,
                      "Exact Heap Blocks": 5986,
                      "Lossy Heap Blocks": 0,
                      "Plans": [
                        {
                          "Node Type": "Bitmap Index Scan",
                          "Parent Relationship": "Outer",
                          "Parallel Aware": false,
                          "Index Name": "keyword_id_movie_keyword",
                          "Startup Cost": 0.0,
                          "Total Cost": 9971.88,
                          "Plan Rows": 475659,
                          "Plan Width": 0,
                          "Actual Startup Time": 27.158,
                          "Actual Total Time": 27.158,
                          "Actual Rows": 470893,
                          "Actual Loops": 1,
                          "Index Cond": "(keyword_id > 37777)"
                        }
                      ]
                    },
                    {
                      "Node Type": "Hash",
                      "Parent Relationship": "Inner",
                      "Parallel Aware": true,
                      "Startup Cost": 43899.32,
                      "Total Cost": 43899.32,
                      "Plan Rows": 297063,
                      "Plan Width": 4,
                      "Actual Startup Time": 212.368,
                      "Actual Total Time": 212.369,
                      "Actual Rows": 298981,
                      "Actual Loops": 4,
                      "Hash Buckets": 2097152,
                      "Original Hash Buckets": 2097152,
                      "Hash Batches": 1,
                      "Original Hash Batches": 1,
                      "Peak Memory Usage": 63232,
                      "Plans": [
                        {
                          "Node Type": "Seq Scan",
                          "Parent Relationship": "Outer",
                          "Parallel Aware": true,
                          "Relation Name": "title",
                          "Alias": "t",
                          "Startup Cost": 0.0,
                          "Total Cost": 43899.32,
                          "Plan Rows": 297063,
                          "Plan Width": 4,
                          "Actual Startup Time": 0.038,
                          "Actual Total Time": 101.846,
                          "Actual Rows": 298981,
                          "Actual Loops": 4,
                          "Filter": "(production_year < 2003)",
                          "Rows Removed by Filter": 333097
                        }
                      ]
                    }
                  ]
                }
              ]
            }
          ]
        }
      ]
    },
    "Planning Time": 0.243,
    "Triggers": [],
    "Execution Time": 366.017
  }
]