[
  {
    "Plan": {
      "Node Type": "Aggregate",
      "Strategy": "Plain",
      "Partial Mode": "Finalize",
      "Parallel Aware": false,
      "Startup Cost": 35532.59,
      "Total Cost": 35532.6,
      "Plan Rows": 1,
      "Plan Width": 8,
      "Actual Startup Time": 29.818,
      "Actual Total Time": 33.863,
      "Actual Rows": 1,
      "Actual Loops": 1,
      "Plans": [
        {
          "Node Type": "Gather",
          "Parent Relationship": "Outer",
          "Parallel Aware": false,
          "Startup Cost": 35532.37,
          "Total Cost": 35532.58,
          "Plan Rows": 2,
          "Plan Width": 8,
          "Actual Startup Time": 29.574,
          "Actual Total Time": 33.859,
          "Actual Rows": 3,
          "Actual Loops": 1,
          "Workers Planned": 2,
          "Workers Launched": 2,
          "Single Copy": false,
          "Plans": [
            {
              "Node Type": "Aggregate",
              "Strategy": "Plain",
              "Partial Mode": "Partial",
              "Parent Relationship": "Outer",
              "Parallel Aware": false,
              "Startup Cost": 34532.37,
              "Total Cost": 34532.38,
              "Plan Rows": 1,
              "Plan Width": 8,
              "Actual Startup Time": 21.543,
              "Actual Total Time": 21.545,
              "Actual Rows": 1,
              "Actual Loops": 3,
              "Plans": [
                {
                  "Node Type": "Nested Loop",
                  "Parent Relationship": "Outer",
                  "Parallel Aware": false,
                  "Join Type": "Inner",
                  "Startup Cost": 155.89,
                  "Total Cost": 34532.15,
                  "Plan Rows": 88,
                  "Plan Width": 0,
                  "Actual Startup Time": 9.538,
                  "Actual Total Time": 21.531,
                  "Actual Rows": 87,
                  "Actual Loops": 3,
                  "Inner Unique": false,
                  "Plans": [
                    {
                      "Node Type": "Nested Loop",
                      "Parent Relationship": "Outer",
                      "Parallel Aware": false,
                      "Join Type": "Inner",
                      "Startup Cost": 155.46,
                      "Total Cost": 34384.16,
                      "Plan Rows": 161,
                      "Plan Width": 8,
                      "Actual Startup Time": 9.472,
                      "Actual Total Time": 21.142,
                      "Actual Rows": 36,
                      "Actual Loops": 3,
                      "Inner Unique": true,
                      "Plans": [
                        {
                          "Node Type": "Bitmap Heap Scan",
                          "Parent Relationship": "Outer",
                          "Parallel Aware": true,
                          "Relation Name": "movie_companies",
                          "Alias": "mc",
                          "Startup Cost": 155.03,
                          "Total Cost": 13922.12,
                          "Plan Rows": 2935,
                          "Plan Width": 4,
                          "Actual Startup Time": 0.75,
                          "Actual Total Time": 5.587,
                          "Actual Rows": 2229,
                          "Actual Loops": 3,
                          "Recheck Cond": "(company_id = 302)",
                          "Rows Removed by Index Recheck": 0,
                          "Exact Heap Blocks": 3203,
                          "Lossy Heap Blocks": 0,
                          "Plans": [
                            {
                              "Node Type": "Bitmap Index Scan",
                              "Parent Relationship": "Outer",
                              "Parallel Aware": false,
                              "Index Name": "company_id_movie_companies",
                              "Startup Cost": 0.0,
                              "Total Cost": 153.27,
                              "Plan Rows": 7045,
                              "Plan Width": 0,
                              "Actual Startup Time": 1.162,
                              "Actual Total Time": 1.163,
                              "Actual Rows": 6686,
                              "Actual Loops": 1,
                              "Index Cond": "(company_id = 302)"
                            }
                          ]
                        },
                        {
                          "Node Type": "Index Scan",
                          "Parent Relationship": "Inner",
                          "Parallel Aware": false,
                          "Scan Direction": "Forward",
                          "Index Name": "title_pkey",
                          "Relation Name": "title",
                          "Alias": "t",
                          "Startup Cost": 0.43,
                          "Total Cost": 6.97,
                          "Plan Rows": 1,
                          "Plan Width": 4,
                          "Actual Startup Time": 0.007,
                          "Actual Total Time": 0.007,
                          "Actual Rows": 0,
                          "Actual Loops": 6686,
                          "Index Cond": "(id = mc.movie_id)",
                          "Rows Removed by Index Recheck": 0,
                          "Filter": "((production_year > 2009) AND (kind_id = 1))",
                          "Rows Removed by Filter": 1
                        }
                      ]
                    },
                    {
                      "Node Type": "Index Only Scan",
                      "Parent Relationship": "Inner",
                      "Parallel Aware": false,
                      "Scan Direction": "Forward",
                      "Index Name": "movie_id_movie_info_idx",
                      "Relation Name": "movie_info_idx",
                      "Alias": "mi_idx",
                      "Startup Cost": 0.43,
                      "Total Cost": 0.89,
                      "Plan Rows": 3,
                      "Plan Width": 4,
                      "Actual Startup Time": 0.01,
                      "Actual Total Time": 0.01,
                      "Actual Rows": 2,
                      "Actual Loops": 107,
                      "Index Cond": "(movie_id = t.id)",
                      "Rows Removed by Index Recheck": 0,
                      "Heap Fetches": 261
                    }
                  ]
                }
              ]
            }
          ]
        }
      ]
    },
    "Planning Time": 0.467,
    "Triggers": [],
    "Execution Time": 33.908
  }
]