[
  {
    "Plan": {
      "Node Type": "Aggregate",
      "Strategy": "Plain",
      "Partial Mode": "Finalize",
      "Parallel Aware": false,
      "Startup Cost": 37579.22,
      "Total Cost": 37579.23,
      "Plan Rows": 1,
      "Plan Width": 8,
      "Actual Startup Time": 112.972,
      "Actual Total Time": 118.945,
      "Actual Rows": 1,
      "Actual Loops": 1,
      "Plans": [
        {
          "Node Type": "Gather",
          "Parent Relationship": "Outer",
          "Parallel Aware": false,
          "Startup Cost": 37579.01,
          "Total Cost": 37579.22,
          "Plan Rows": 2,
          "Plan Width": 8,
          "Actual Startup Time": 112.515,
          "Actual Total Time": 118.936,
          "Actual Rows": 3,
          "Actual Loops": 1,
          "Workers Planned": 2,
          "Workers Launched": 2,
          "Single Copy": false,
          "Plans": [
            {
              "Node Type": "Aggregate",
              "Strategy": "Plain",
              "Partial Mode": "Partial",
              "Parent Relationship": "Outer",
              "Parallel Aware": false,
              "Startup Cost": 36579.01,
              "Total Cost": 36579.02,
              "Plan Rows": 1,
              "Plan Width": 8,
              "Actual Startup Time": 104.403,
              "Actual Total Time": 104.407,
              "Actual Rows": 1,
              "Actual Loops": 3,
              "Plans": [
                {
                  "Node Type": "Nested Loop",
                  "Parent Relationship": "Outer",
                  "Parallel Aware": false,
                  "Join Type": "Inner",
                  "Startup Cost": 14585.99,
                  "Total Cost": 36578.77,
                  "Plan Rows": 97,
                  "Plan Width": 0,
                  "Actual Startup Time": 55.595,
                  "Actual Total Time": 104.389,
                  "Actual Rows": 87,
                  "Actual Loops": 3,
                  "Inner Unique": true,
                  "Join Filter": "(mc.movie_id = t.id)",
                  "Rows Removed by Join Filter": 0,
                  "Plans": [
                    {
                      "Node Type": "Hash Join",
                      "Parent Relationship": "Outer",
                      "Parallel Aware": true,
                      "Join Type": "Inner",
                      "Startup Cost": 14585.56,
                      "Total Cost": 31183.54,
                      "Plan Rows": 9061,
                      "Plan Width": 8,
                      "Actual Startup Time": 14.631,
                      "Actual Total Time": 91.194,
                      "Actual Rows": 2720,
                      "Actual Loops": 3,
                      "Inner Unique": false,
                      "Hash Cond": "(mi_idx.movie_id = mc.movie_id)",
                      "Plans": [
                        {
                          "Node Type": "Seq Scan",
                          "Parent Relationship": "Outer",
                          "Parallel Aware": true,
                          "Relation Name": "movie_info_idx",
                          "Alias": "mi_idx",
                          "Startup Cost": 0.0,
                          "Total Cost": 13685.15,
                          "Plan Rows": 575015,
                          "Plan Width": 4,
                          "Actual Startup Time": 0.036,
                          "Actual Total Time": 38.786,
                          "Actual Rows": 460012,
                          "Actual Loops": 3
                        },
                        {
                          "Node Type": "Hash",
                          "Parent Relationship": "Inner",
                          "Parallel Aware": true,
                          "Startup Cost": 14545.69,
                          "Total Cost": 14545.69,
                          "Plan Rows": 3189,
                          "Plan Width": 4,
                          "Actual Startup Time": 13.059,
                          "Actual Total Time": 13.06,
                          "Actual Rows": 2229,
                          "Actual Loops": 3,
                          "Hash Buckets": 8192,
                          "Original Hash Buckets": 8192,
                          "Hash Batches": 1,
                          "Original Hash Batches": 1,
                          "Peak Memory Usage": 384,
                          "Plans": [
                            {
                              "Node Type": "Bitmap Heap Scan",
                              "Parent Relationship": "Outer",
                              "Parallel Aware": true,
                              "Relation Name": "movie_companies",
                              "Alias": "mc",
                              "Startup Cost": 167.74,
                              "Total Cost": 14545.69,
                              "Plan Rows": 3189,
                              "Plan Width": 4,
                              "Actual Startup Time": 1.915,
                              "Actual Total Time": 11.777,
                              "Actual Rows": 2229,
                              "Actual Loops": 3,
                              "Recheck Cond": "(company_id = 302)",
                              "Rows Removed by Index Recheck": 0,
                              "Exact Heap Blocks": 3126,
                              "Lossy Heap Blocks": 0,
                              "Plans": [
                                {
                                  "Node Type": "Bitmap Index Scan",
                                  "Parent Relationship": "Outer",
                                  "Parallel Aware": false,
                                  "Index Name": "company_id_movie_companies",
                                  "Startup Cost": 0.0,
                                  "Total Cost": 165.83,
                                  "Plan Rows": 7653,
                                  "Plan Width": 0,
                                  "Actual Startup Time": 3.434,
                                  "Actual Total Time": 3.434,
                                  "Actual Rows": 6686,
                                  "Actual Loops": 1,
                                  "Index Cond": "(company_id = 302)"
                                }
                              ]
                            }
                          ]
                        }
                      ]
                    },
                    {
                      "Node Type": "Index Scan",
                      "Parent Relationship": "Inner",
                      "Parallel Aware": false,
                      "Scan Direction": "Forward",
                      "Index Name": "title_pkey",
                      "Relation Name": "title",
                      "Alias": "t",
                      "Startup Cost": 0.43,
                      "Total Cost": 0.58,
                      "Plan Rows": 1,
                      "Plan Width": 4,
                      "Actual Startup Time": 0.005,
                      "Actual Total Time": 0.005,
                      "Actual Rows": 0,
                      "Actual Loops": 8161,
                      "Index Cond": "(id = mi_idx.movie_id)",
                      "Rows Removed by Index Recheck": 0,
                      "Filter": "((production_year > 2009) AND (kind_id = 1))",
                      "Rows Removed by Filter": 1
                    }
                  ]
                }
              ]
            }
          ]
        }
      ]
    },
    "Planning Time": 1.497,
    "Triggers": [],
    "Execution Time": 119.054
  }
]