[
  {
    "Plan": {
      "Node Type": "Aggregate",
      "Strategy": "Plain",
      "Partial Mode": "Finalize",
      "Parallel Aware": false,
      "Startup Cost": 342136.38,
      "Total Cost": 342136.39,
      "Plan Rows": 1,
      "Plan Width": 8,
      "Actual Startup Time": 859.369,
      "Actual Total Time": 914.933,
      "Actual Rows": 1,
      "Actual Loops": 1,
      "Plans": [
        {
          "Node Type": "Gather",
          "Parent Relationship": "Outer",
          "Parallel Aware": false,
          "Startup Cost": 342135.75,
          "Total Cost": 342136.36,
          "Plan Rows": 6,
          "Plan Width": 8,
          "Actual Startup Time": 859.262,
          "Actual Total Time": 914.923,
          "Actual Rows": 7,
          "Actual Loops": 1,
          "Workers Planned": 6,
          "Workers Launched": 6,
          "Single Copy": false,
          "Plans": [
            {
              "Node Type": "Aggregate",
              "Strategy": "Plain",
              "Partial Mode": "Partial",
              "Parent Relationship": "Outer",
              "Parallel Aware": false,
              "Startup Cost": 341135.75,
              "Total Cost": 341135.76,
              "Plan Rows": 1,
              "Plan Width": 8,
              "Actual Startup Time": 850.213,
              "Actual Total Time": 850.214,
              "Actual Rows": 1,
              "Actual Loops": 7,
              "Plans": [
                {
                  "Node Type": "Seq Scan",
                  "Parent Relationship": "Outer",
                  "Parallel Aware": true,
                  "Relation Name": "cast_info",
                  "Alias": "ci",
                  "Startup Cost": 0.0,
                  "Total Cost": 328162.03,
                  "Plan Rows": 5189490,
                  "Plan Width": 0,
                  "Actual Startup Time": 67.994,
                  "Actual Total Time": 657.082,
                  "Actual Rows": 4428034,
                  "Actual Loops": 7,
                  "Filter": "(person_id > 508057)",
                  "Rows Removed by Filter": 749730
                }
              ]
            }
          ]
        }
      ]
    },
    "Planning Time": 0.165,
    "Triggers": [],
    "Execution Time": 914.997
  }
]