{
  "Plan": {
    "Node Type": "Aggregate",
    "Strategy": "Plain",
    "Partial Mode": "Simple",
    "Parallel Aware": false,
    "Startup Cost": 20000651813.41,
    "Total Cost": 20000651813.42,
    "Plan Rows": 1,
    "Plan Width": 96,
    "Actual Startup Time": 27868.665,
    "Actual Total Time": 27873.416,
    "Actual Rows": 1,
    "Actual Loops": 1,
    "Plans": [
      {
        "Node Type": "Nested Loop",
        "Parent Relationship": "Outer",
        "Parallel Aware": false,
        "Join Type": "Inner",
        "Startup Cost": 20000637691.27,
        "Total Cost": 20000651813.41,
        "Plan Rows": 1,
        "Plan Width": 42,
        "Actual Startup Time": 27600.404,
        "Actual Total Time": 27873.096,
        "Actual Rows": 1180,
        "Actual Loops": 1,
        "Inner Unique": true,
        "Plans": [
          {
            "Node Type": "Hash Join",
            "Parent Relationship": "Outer",
            "Parallel Aware": false,
            "Join Type": "Inner",
            "Startup Cost": 20000637691.13,
            "Total Cost": 20000651813.22,
            "Plan Rows": 1,
            "Plan Width": 46,
            "Actual Startup Time": 27600.345,
            "Actual Total Time": 27870.162,
            "Actual Rows": 2119,
            "Actual Loops": 1,
            "Inner Unique": false,
            "Hash Cond": "(mi_idx.movie_id = t.id)",
            "Plans": [
              {
                "Node Type": "Nested Loop",
                "Parent Relationship": "Outer",
                "Parallel Aware": false,
                "Join Type": "Inner",
                "Startup Cost": 66066.45,
                "Total Cost": 80187.12,
                "Plan Rows": 377,
                "Plan Width": 33,
                "Actual Startup Time": 363.11,
                "Actual Total Time": 624.07,
                "Actual Rows": 93871,
                "Actual Loops": 1,
                "Inner Unique": false,
                "Join Filter": "(mi_idx.info_type_id = it2.id)",
                "Rows Removed by Join Filter": 42161,
                "Plans": [
                  {
                    "Node Type": "Seq Scan",
                    "Parent Relationship": "Outer",
                    "Parallel Aware": false,
                    "Relation Name": "info_type",
                    "Alias": "it2",
                    "Startup Cost": 0.0,
                    "Total Cost": 2.41,
                    "Plan Rows": 1,
                    "Plan Width": 4,
                    "Actual Startup Time": 0.024,
                    "Actual Total Time": 0.029,
                    "Actual Rows": 1,
                    "Actual Loops": 1,
                    "Filter": "((info)::text = 'rating'::text)",
                    "Rows Removed by Filter": 112
                  },
                  {
                    "Node Type": "Merge Join",
                    "Parent Relationship": "Inner",
                    "Parallel Aware": false,
                    "Join Type": "Inner",
                    "Startup Cost": 66066.45,
                    "Total Cost": 79652.84,
                    "Plan Rows": 42549,
                    "Plan Width": 37,
                    "Actual Startup Time": 363.082,
                    "Actual Total Time": 607.238,
                    "Actual Rows": 136032,
                    "Actual Loops": 1,
                    "Inner Unique": false,
                    "Merge Cond": "(cn.id = mc.company_id)",
                    "Plans": [
                      {
                        "Node Type": "Index Scan",
                        "Parent Relationship": "Outer",
                        "Parallel Aware": false,
                        "Scan Direction": "Forward",
                        "Index Name": "company_name_pkey",
                        "Relation Name": "company_name",
                        "Alias": "cn",
                        "Startup Cost": 0.42,
                        "Total Cost": 12469.43,
                        "Plan Rows": 125473,
                        "Plan Width": 23,
                        "Actual Startup Time": 0.105,
                        "Actual Total Time": 157.388,
                        "Actual Rows": 125685,
                        "Actual Loops": 1,
                        "Filter": "((country_code)::text <> '[us]'::text)",
                        "Rows Removed by Filter": 108601
                      },
                      {
                        "Node Type": "Sort",
                        "Parent Relationship": "Inner",
                        "Parallel Aware": false,
                        "Startup Cost": 66053.84,
                        "Total Cost": 66253.07,
                        "Plan Rows": 79690,
                        "Plan Width": 22,
                        "Actual Startup Time": 362.904,
                        "Actual Total Time": 405.32,
                        "Actual Rows": 151275,
                        "Actual Loops": 1,
                        "Sort Key": [
                          "mc.company_id"
                        ],
                        "Sort Method": "quicksort",
                        "Sort Space Used": 17963,
                        "Sort Space Type": "Memory",
                        "Plans": [
                          {
                            "Node Type": "Hash Join",
                            "Parent Relationship": "Outer",
                            "Parallel Aware": false,
                            "Join Type": "Inner",
                            "Startup Cost": 58369.84,
                            "Total Cost": 59566.24,
                            "Plan Rows": 79690,
                            "Plan Width": 22,
                            "Actual Startup Time": 284.009,
                            "Actual Total Time": 311.89,
                            "Actual Rows": 151275,
                            "Actual Loops": 1,
                            "Inner Unique": false,
                            "Hash Cond": "(ct.id = mc.company_type_id)",
                            "Plans": [
                              {
                                "Node Type": "Seq Scan",
                                "Parent Relationship": "Outer",
                                "Parallel Aware": false,
                                "Relation Name": "company_type",
                                "Alias": "ct",
                                "Startup Cost": 0.0,
                                "Total Cost": 1.04,
                                "Plan Rows": 4,
                                "Plan Width": 4,
                                "Actual Startup Time": 0.008,
                                "Actual Total Time": 0.014,
                                "Actual Rows": 4,
                                "Actual Loops": 1
                              },
                              {
                                "Node Type": "Hash",
                                "Parent Relationship": "Inner",
                                "Parallel Aware": false,
                                "Startup Cost": 57373.71,
                                "Total Cost": 57373.71,
                                "Plan Rows": 79690,
                                "Plan Width": 26,
                                "Actual Startup Time": 283.123,
                                "Actual Total Time": 287.719,
                                "Actual Rows": 151275,
                                "Actual Loops": 1,
                                "Hash Buckets": 262144,
                                "Original Hash Buckets": 131072,
                                "Hash Batches": 1,
                                "Original Hash Batches": 1,
                                "Peak Memory Usage": 10384,
                                "Plans": [
                                  {
                                    "Node Type": "Gather",
                                    "Parent Relationship": "Outer",
                                    "Parallel Aware": false,
                                    "Startup Cost": 17718.68,
                                    "Total Cost": 57373.71,
                                    "Plan Rows": 79690,
                                    "Plan Width": 26,
                                    "Actual Startup Time": 106.553,
                                    "Actual Total Time": 252.205,
                                    "Actual Rows": 151275,
                                    "Actual Loops": 1,
                                    "Workers Planned": 3,
                                    "Workers Launched": 3,
                                    "Single Copy": false,
                                    "Plans": [
                                      {
                                        "Node Type": "Hash Join",
                                        "Parent Relationship": "Outer",
                                        "Parallel Aware": true,
                                        "Join Type": "Inner",
                                        "Startup Cost": 16718.68,
                                        "Total Cost": 48404.71,
                                        "Plan Rows": 25706,
                                        "Plan Width": 26,
                                        "Actual Startup Time": 97.185,
                                        "Actual Total Time": 239.847,
                                        "Actual Rows": 37819,
                                        "Actual Loops": 4,
                                        "Inner Unique": false,
                                        "Hash Cond": "(mc.movie_id = mi_idx.movie_id)",
                                        "Plans": [
                                          {
                                            "Node Type": "Seq Scan",
                                            "Parent Relationship": "Outer",
                                            "Parallel Aware": true,
                                            "Relation Name": "movie_companies",
                                            "Alias": "mc",
                                            "Startup Cost": 0.0,
                                            "Total Cost": 31414.82,
                                            "Plan Rows": 43760,
                                            "Plan Width": 12,
                                            "Actual Startup Time": 0.025,
                                            "Actual Total Time": 118.689,
                                            "Actual Rows": 75818,
                                            "Actual Loops": 4,
                                            "Filter": "((note !~~ '%(USA)%'::text) AND (note ~~ '%(200%)%'::text))",
                                            "Rows Removed by Filter": 576464
                                          },
                                          {
                                            "Node Type": "Hash",
                                            "Parent Relationship": "Inner",
                                            "Parallel Aware": true,
                                            "Startup Cost": 15122.68,
                                            "Total Cost": 15122.68,
                                            "Plan Rows": 127680,
                                            "Plan Width": 14,
                                            "Actual Startup Time": 94.58,
                                            "Actual Total Time": 94.581,
                                            "Actual Rows": 77067,
                                            "Actual Loops": 4,
                                            "Hash Buckets": 524288,
                                            "Original Hash Buckets": 524288,
                                            "Hash Batches": 1,
                                            "Original Hash Batches": 1,
                                            "Peak Memory Usage": 18656,
                                            "Plans": [
                                              {
                                                "Node Type": "Seq Scan",
                                                "Parent Relationship": "Outer",
                                                "Parallel Aware": true,
                                                "Relation Name": "movie_info_idx",
                                                "Alias": "mi_idx",
                                                "Startup Cost": 0.0,
                                                "Total Cost": 15122.68,
                                                "Plan Rows": 127680,
                                                "Plan Width": 14,
                                                "Actual Startup Time": 0.068,
                                                "Actual Total Time": 60.409,
                                                "Actual Rows": 77067,
                                                "Actual Loops": 4,
                                                "Filter": "(info > '6.5'::text)",
                                                "Rows Removed by Filter": 267942
                                              }
                                            ]
                                          }
                                        ]
                                      }
                                    ]
                                  }
                                ]
                              }
                            ]
                          }
                        ]
                      }
                    ]
                  }
                ]
              },
              {
                "Node Type": "Hash",
                "Parent Relationship": "Inner",
                "Parallel Aware": false,
                "Startup Cost": 20000571624.67,
                "Total Cost": 20000571624.67,
                "Plan Rows": 1,
                "Plan Width": 37,
                "Actual Startup Time": 27236.294,
                "Actual Total Time": 27236.44,
                "Actual Rows": 442,
                "Actual Loops": 1,
                "Hash Buckets": 1024,
                "Original Hash Buckets": 1024,
                "Hash Batches": 1,
                "Original Hash Batches": 1,
                "Peak Memory Usage": 39,
                "Plans": [
                  {
                    "Node Type": "Nested Loop",
                    "Parent Relationship": "Outer",
                    "Parallel Aware": false,
                    "Join Type": "Inner",
                    "Startup Cost": 20000006571.21,
                    "Total Cost": 20000571624.67,
                    "Plan Rows": 1,
                    "Plan Width": 37,
                    "Actual Startup Time": 1910.996,
                    "Actual Total Time": 27235.3,
                    "Actual Rows": 442,
                    "Actual Loops": 1,
                    "Inner Unique": false,
                    "Join Filter": "(t.id = mk.movie_id)",
                    "Rows Removed by Join Filter": 272581214,
                    "Plans": [
                      {
                        "Node Type": "Nested Loop",
                        "Parent Relationship": "Outer",
                        "Parallel Aware": false,
                        "Join Type": "Inner",
                        "Startup Cost": 10000005570.78,
                        "Total Cost": 10000285116.53,
                        "Plan Rows": 35,
                        "Plan Width": 8,
                        "Actual Startup Time": 74.127,
                        "Actual Total Time": 1240.822,
                        "Actual Rows": 3832,
                        "Actual Loops": 1,
                        "Inner Unique": true,
                        "Join Filter": "(mk.keyword_id = k.id)",
                        "Rows Removed by Join Filter": 1353353,
                        "Plans": [
                          {
                            "Node Type": "Merge Join",
                            "Parent Relationship": "Outer",
                            "Parallel Aware": false,
                            "Join Type": "Inner",
                            "Startup Cost": 5570.78,
                            "Total Cost": 211647.67,
                            "Plan Rows": 1175127,
                            "Plan Width": 12,
                            "Actual Startup Time": 46.593,
                            "Actual Total Time": 1047.777,
                            "Actual Rows": 453181,
                            "Actual Loops": 1,
                            "Inner Unique": false,
                            "Merge Cond": "(mk.movie_id = cc.movie_id)",
                            "Plans": [
                              {
                                "Node Type": "Index Scan",
                                "Parent Relationship": "Outer",
                                "Parallel Aware": false,
                                "Scan Direction": "Forward",
                                "Index Name": "movie_id_movie_keyword",
                                "Relation Name": "movie_keyword",
                                "Alias": "mk",
                                "Startup Cost": 0.43,
                                "Total Cost": 177148.48,
                                "Plan Rows": 4523930,
                                "Plan Width": 8,
                                "Actual Startup Time": 0.023,
                                "Actual Total Time": 635.282,
                                "Actual Rows": 4523930,
                                "Actual Loops": 1
                              },
                              {
                                "Node Type": "Sort",
                                "Parent Relationship": "Inner",
                                "Parallel Aware": false,
                                "Startup Cost": 5564.51,
                                "Total Cost": 5627.83,
                                "Plan Rows": 25329,
                                "Plan Width": 4,
                                "Actual Startup Time": 46.519,
                                "Actual Total Time": 69.446,
                                "Actual Rows": 472229,
                                "Actual Loops": 1,
                                "Sort Key": [
                                  "cc.movie_id"
                                ],
                                "Sort Method": "quicksort",
                                "Sort Space Used": 3526,
                                "Sort Space Type": "Memory",
                                "Plans": [
                                  {
                                    "Node Type": "Hash Join",
                                    "Parent Relationship": "Outer",
                                    "Parallel Aware": false,
                                    "Join Type": "Inner",
                                    "Startup Cost": 3354.05,
                                    "Total Cost": 3711.89,
                                    "Plan Rows": 25329,
                                    "Plan Width": 4,
                                    "Actual Startup Time": 28.673,
                                    "Actual Total Time": 33.546,
                                    "Actual Rows": 42432,
                                    "Actual Loops": 1,
                                    "Inner Unique": false,
                                    "Hash Cond": "(cct2.id = cc.status_id)",
                                    "Plans": [
                                      {
                                        "Node Type": "Seq Scan",
                                        "Parent Relationship": "Outer",
                                        "Parallel Aware": false,
                                        "Relation Name": "comp_cast_type",
                                        "Alias": "cct2",
                                        "Startup Cost": 0.0,
                                        "Total Cost": 1.05,
                                        "Plan Rows": 3,
                                        "Plan Width": 4,
                                        "Actual Startup Time": 0.015,
                                        "Actual Total Time": 0.019,
                                        "Actual Rows": 3,
                                        "Actual Loops": 1,
                                        "Filter": "((kind)::text <> 'complete+verified'::text)",
                                        "Rows Removed by Filter": 1
                                      },
                                      {
                                        "Node Type": "Hash",
                                        "Parent Relationship": "Inner",
                                        "Parallel Aware": false,
                                        "Startup Cost": 2931.9,
                                        "Total Cost": 2931.9,
                                        "Plan Rows": 33772,
                                        "Plan Width": 8,
                                        "Actual Startup Time": 28.233,
                                        "Actual Total Time": 28.236,
                                        "Actual Rows": 49145,
                                        "Actual Loops": 1,
                                        "Hash Buckets": 65536,
                                        "Original Hash Buckets": 65536,
                                        "Hash Batches": 1,
                                        "Original Hash Batches": 1,
                                        "Peak Memory Usage": 2432,
                                        "Plans": [
                                          {
                                            "Node Type": "Nested Loop",
                                            "Parent Relationship": "Outer",
                                            "Parallel Aware": false,
                                            "Join Type": "Inner",
                                            "Startup Cost": 0.42,
                                            "Total Cost": 2931.9,
                                            "Plan Rows": 33772,
                                            "Plan Width": 8,
                                            "Actual Startup Time": 0.112,
                                            "Actual Total Time": 18.477,
                                            "Actual Rows": 49145,
                                            "Actual Loops": 1,
                                            "Inner Unique": false,
                                            "Plans": [
                                              {
                                                "Node Type": "Seq Scan",
                                                "Parent Relationship": "Outer",
                                                "Parallel Aware": false,
                                                "Relation Name": "comp_cast_type",
                                                "Alias": "cct1",
                                                "Startup Cost": 0.0,
                                                "Total Cost": 1.05,
                                                "Plan Rows": 1,
                                                "Plan Width": 4,
                                                "Actual Startup Time": 0.007,
                                                "Actual Total Time": 0.01,
                                                "Actual Rows": 1,
                                                "Actual Loops": 1,
                                                "Filter": "((kind)::text = 'crew'::text)",
                                                "Rows Removed by Filter": 3
                                              },
                                              {
                                                "Node Type": "Index Scan",
                                                "Parent Relationship": "Inner",
                                                "Parallel Aware": false,
                                                "Scan Direction": "Forward",
                                                "Index Name": "subject_id_complete_cast",
                                                "Relation Name": "complete_cast",
                                                "Alias": "cc",
                                                "Startup Cost": 0.42,
                                                "Total Cost": 2255.42,
                                                "Plan Rows": 67543,
                                                "Plan Width": 12,
                                                "Actual Startup Time": 0.102,
                                                "Actual Total Time": 11.495,
                                                "Actual Rows": 49145,
                                                "Actual Loops": 1,
                                                "Index Cond": "(subject_id = cct1.id)",
                                                "Rows Removed by Index Recheck": 0
                                              }
                                            ]
                                          }
                                        ]
                                      }
                                    ]
                                  }
                                ]
                              }
                            ]
                          },
                          {
                            "Node Type": "Materialize",
                            "Parent Relationship": "Inner",
                            "Parallel Aware": false,
                            "Startup Cost": 0.0,
                            "Total Cost": 2961.57,
                            "Plan Rows": 4,
                            "Plan Width": 4,
                            "Actual Startup Time": 0.0,
                            "Actual Total Time": 0.0,
                            "Actual Rows": 3,
                            "Actual Loops": 453181,
                            "Plans": [
                              {
                                "Node Type": "Seq Scan",
                                "Parent Relationship": "Outer",
                                "Parallel Aware": false,
                                "Relation Name": "keyword",
                                "Alias": "k",
                                "Startup Cost": 0.0,
                                "Total Cost": 2961.55,
                                "Plan Rows": 4,
                                "Plan Width": 4,
                                "Actual Startup Time": 1.169,
                                "Actual Total Time": 23.355,
                                "Actual Rows": 3,
                                "Actual Loops": 1,
                                "Filter": "(keyword = ANY ('{murder,murder-in-title,blood,violence}'::text[]))",
                                "Rows Removed by Filter": 134167
                              }
                            ]
                          }
                        ]
                      },
                      {
                        "Node Type": "Materialize",
                        "Parent Relationship": "Inner",
                        "Parallel Aware": false,
                        "Startup Cost": 1000.43,
                        "Total Cost": 270562.49,
                        "Plan Rows": 30518,
                        "Plan Width": 29,
                        "Actual Startup Time": 0.013,
                        "Actual Total Time": 3.023,
                        "Actual Rows": 71133,
                        "Actual Loops": 3832,
                        "Plans": [
                          {
                            "Node Type": "Nested Loop",
                            "Parent Relationship": "Outer",
                            "Parallel Aware": false,
                            "Join Type": "Inner",
                            "Startup Cost": 1000.43,
                            "Total Cost": 270409.9,
                            "Plan Rows": 30518,
                            "Plan Width": 29,
                            "Actual Startup Time": 47.108,
                            "Actual Total Time": 740.938,
                            "Actual Rows": 71133,
                            "Actual Loops": 1,
                            "Inner Unique": false,
                            "Join Filter": "(t.kind_id = kt.id)",
                            "Rows Removed by Join Filter": 154393,
                            "Plans": [
                              {
                                "Node Type": "Seq Scan",
                                "Parent Relationship": "Outer",
                                "Parallel Aware": false,
                                "Relation Name": "kind_type",
                                "Alias": "kt",
                                "Startup Cost": 0.0,
                                "Total Cost": 1.09,
                                "Plan Rows": 2,
                                "Plan Width": 4,
                                "Actual Startup Time": 0.014,
                                "Actual Total Time": 0.02,
                                "Actual Rows": 2,
                                "Actual Loops": 1,
                                "Filter": "((kind)::text = ANY ('{movie,episode}'::text[]))",
                                "Rows Removed by Filter": 5
                              },
                              {
                                "Node Type": "Materialize",
                                "Parent Relationship": "Inner",
                                "Parallel Aware": false,
                                "Startup Cost": 1000.43,
                                "Total Cost": 267471.43,
                                "Plan Rows": 106814,
                                "Plan Width": 33,
                                "Actual Startup Time": 0.959,
                                "Actual Total Time": 355.633,
                                "Actual Rows": 112763,
                                "Actual Loops": 2,
                                "Plans": [
                                  {
                                    "Node Type": "Gather",
                                    "Parent Relationship": "Outer",
                                    "Parallel Aware": false,
                                    "Startup Cost": 1000.43,
                                    "Total Cost": 266937.36,
                                    "Plan Rows": 106814,
                                    "Plan Width": 33,
                                    "Actual Startup Time": 1.913,
                                    "Actual Total Time": 672.356,
                                    "Actual Rows": 112763,
                                    "Actual Loops": 1,
                                    "Workers Planned": 5,
                                    "Workers Launched": 5,
                                    "Single Copy": false,
                                    "Plans": [
                                      {
                                        "Node Type": "Nested Loop",
                                        "Parent Relationship": "Outer",
                                        "Parallel Aware": false,
                                        "Join Type": "Inner",
                                        "Startup Cost": 0.43,
                                        "Total Cost": 255255.96,
                                        "Plan Rows": 21363,
                                        "Plan Width": 33,
                                        "Actual Startup Time": 0.552,
                                        "Actual Total Time": 710.949,
                                        "Actual Rows": 18794,
                                        "Actual Loops": 6,
                                        "Inner Unique": true,
                                        "Plans": [
                                          {
                                            "Node Type": "Seq Scan",
                                            "Parent Relationship": "Outer",
                                            "Parallel Aware": true,
                                            "Relation Name": "movie_info",
                                            "Alias": "mi",
                                            "Startup Cost": 0.0,
                                            "Total Cost": 206598.52,
                                            "Plan Rows": 28127,
                                            "Plan Width": 8,
                                            "Actual Startup Time": 0.313,
                                            "Actual Total Time": 562.084,
                                            "Actual Rows": 22373,
                                            "Actual Loops": 6,
                                            "Filter": "(info = ANY ('{Sweden,Germany,Swedish,German}'::text[]))",
                                            "Rows Removed by Filter": 2450247
                                          },
                                          {
                                            "Node Type": "Index Scan",
                                            "Parent Relationship": "Inner",
                                            "Parallel Aware": false,
                                            "Scan Direction": "Forward",
                                            "Index Name": "title_pkey",
                                            "Relation Name": "title",
                                            "Alias": "t",
                                            "Startup Cost": 0.43,
                                            "Total Cost": 1.73,
                                            "Plan Rows": 1,
                                            "Plan Width": 25,
                                            "Actual Startup Time": 0.006,
                                            "Actual Total Time": 0.006,
                                            "Actual Rows": 1,
                                            "Actual Loops": 134239,
                                            "Index Cond": "(id = mi.movie_id)",
                                            "Rows Removed by Index Recheck": 0,
                                            "Filter": "(production_year < 2010)",
                                            "Rows Removed by Filter": 0
                                          }
                                        ]
                                      }
                                    ]
                                  }
                                ]
                              }
                            ]
                          }
                        ]
                      }
                    ]
                  }
                ]
              }
            ]
          },
          {
            "Node Type": "Index Scan",
            "Parent Relationship": "Inner",
            "Parallel Aware": false,
            "Scan Direction": "Forward",
            "Index Name": "info_type_pkey",
            "Relation Name": "info_type",
            "Alias": "it1",
            "Startup Cost": 0.14,
            "Total Cost": 0.16,
            "Plan Rows": 1,
            "Plan Width": 4,
            "Actual Startup Time": 0.001,
            "Actual Total Time": 0.001,
            "Actual Rows": 1,
            "Actual Loops": 2119,
            "Index Cond": "(id = mi.info_type_id)",
            "Rows Removed by Index Recheck": 0,
            "Filter": "((info)::text = 'countries'::text)",
            "Rows Removed by Filter": 0
          }
        ]
      }
    ]
  },
  "Planning Time": 313.698,
  "Triggers": [],
  "Execution Time": 27882.245
}