[
  {
    "Plan": {
      "Node Type": "Aggregate",
      "Strategy": "Plain",
      "Partial Mode": "Finalize",
      "Parallel Aware": false,
      "Startup Cost": 32728.93,
      "Total Cost": 32728.94,
      "Plan Rows": 1,
      "Plan Width": 8,
      "Actual Startup Time": 92.988,
      "Actual Total Time": 102.999,
      "Actual Rows": 1,
      "Actual Loops": 1,
      "Plans": [
        {
          "Node Type": "Gather",
          "Parent Relationship": "Outer",
          "Parallel Aware": false,
          "Startup Cost": 32728.62,
          "Total Cost": 32728.93,
          "Plan Rows": 3,
          "Plan Width": 8,
          "Actual Startup Time": 92.748,
          "Actual Total Time": 102.991,
          "Actual Rows": 4,
          "Actual Loops": 1,
          "Workers Planned": 3,
          "Workers Launched": 3,
          "Single Copy": false,
          "Plans": [
            {
              "Node Type": "Aggregate",
              "Strategy": "Plain",
              "Partial Mode": "Partial",
              "Parent Relationship": "Outer",
              "Parallel Aware": false,
              "Startup Cost": 31728.62,
              "Total Cost": 31728.63,
              "Plan Rows": 1,
              "Plan Width": 8,
              "Actual Startup Time": 84.287,
              "Actual Total Time": 84.29,
              "Actual Rows": 1,
              "Actual Loops": 4,
              "Plans": [
                {
                  "Node Type": "Seq Scan",
                  "Parent Relationship": "Outer",
                  "Parallel Aware": true,
                  "Relation Name": "movie_companies",
                  "Alias": "mc",
                  "Startup Cost": 0.0,
                  "Total Cost": 31414.82,
                  "Plan Rows": 125519,
                  "Plan Width": 0,
                  "Actual Startup Time": 28.374,
                  "Actual Total Time": 83.176,
                  "Actual Rows": 18444,
                  "Actual Loops": 4,
                  "Filter": "((company_id > 29881) AND (company_type_id < 2))",
                  "Rows Removed by Filter": 633838
                }
              ]
            }
          ]
        }
      ]
    },
    "Planning Time": 0.21,
    "Triggers": [],
    "Execution Time": 103.054
  }
]