[
  {
    "Plan": {
      "Node Type": "Aggregate",
      "Strategy": "Plain",
      "Partial Mode": "Finalize",
      "Parallel Aware": false,
      "Startup Cost": 379997.2,
      "Total Cost": 379997.21,
      "Plan Rows": 1,
      "Plan Width": 8,
      "Actual Startup Time": 774.901,
      "Actual Total Time": 799.724,
      "Actual Rows": 1,
      "Actual Loops": 1,
      "Plans": [
        {
          "Node Type": "Gather",
          "Parent Relationship": "Outer",
          "Parallel Aware": false,
          "Startup Cost": 379996.58,
          "Total Cost": 379997.19,
          "Plan Rows": 6,
          "Plan Width": 8,
          "Actual Startup Time": 773.536,
          "Actual Total Time": 799.714,
          "Actual Rows": 7,
          "Actual Loops": 1,
          "Workers Planned": 6,
          "Workers Launched": 6,
          "Single Copy": false,
          "Plans": [
            {
              "Node Type": "Aggregate",
              "Strategy": "Plain",
              "Partial Mode": "Partial",
              "Parent Relationship": "Outer",
              "Parallel Aware": false,
              "Startup Cost": 378996.58,
              "Total Cost": 378996.59,
              "Plan Rows": 1,
              "Plan Width": 8,
              "Actual Startup Time": 762.4,
              "Actual Total Time": 762.404,
              "Actual Rows": 1,
              "Actual Loops": 7,
              "Plans": [
                {
                  "Node Type": "Hash Join",
                  "Parent Relationship": "Outer",
                  "Parallel Aware": true,
                  "Join Type": "Inner",
                  "Startup Cost": 38486.18,
                  "Total Cost": 378800.97,
                  "Plan Rows": 78245,
                  "Plan Width": 0,
                  "Actual Startup Time": 114.646,
                  "Actual Total Time": 756.381,
                  "Actual Rows": 95844,
                  "Actual Loops": 7,
                  "Inner Unique": true,
                  "Hash Cond": "(ci.movie_id = t.id)",
                  "Plans": [
                    {
                      "Node Type": "Index Scan",
                      "Parent Relationship": "Outer",
                      "Parallel Aware": true,
                      "Scan Direction": "Forward",
                      "Index Name": "role_id_cast_info",
                      "Relation Name": "cast_info",
                      "Alias": "ci",
                      "Startup Cost": 0.56,
                      "Total Cost": 335235.55,
                      "Plan Rows": 1935160,
                      "Plan Width": 4,
                      "Actual Startup Time": 60.052,
                      "Actual Total Time": 439.484,
                      "Actual Rows": 1550196,
                      "Actual Loops": 7,
                      "Index Cond": "(role_id = 1)",
                      "Rows Removed by Index Recheck": 0,
                      "Filter": "(person_id > 245205)",
                      "Rows Removed by Filter": 259902
                    },
                    {
                      "Node Type": "Hash",
                      "Parent Relationship": "Inner",
                      "Parallel Aware": true,
                      "Startup Cost": 38166.15,
                      "Total Cost": 38166.15,
                      "Plan Rows": 25557,
                      "Plan Width": 4,
                      "Actual Startup Time": 53.141,
                      "Actual Total Time": 53.142,
                      "Actual Rows": 14362,
                      "Actual Loops": 7,
                      "Hash Buckets": 131072,
                      "Original Hash Buckets": 131072,
                      "Hash Batches": 1,
                      "Original Hash Batches": 1,
                      "Peak Memory Usage": 5088,
                      "Plans": [
                        {
                          "Node Type": "Bitmap Heap Scan",
                          "Parent Relationship": "Outer",
                          "Parallel Aware": true,
                          "Relation Name": "title",
                          "Alias": "t",
                          "Startup Cost": 1848.69,
                          "Total Cost": 38166.15,
                          "Plan Rows": 25557,
                          "Plan Width": 4,
                          "Actual Startup Time": 12.231,
                          "Actual Total Time": 45.61,
                          "Actual Rows": 14362,
                          "Actual Loops": 7,
                          "Recheck Cond": "(kind_id = 3)",
                          "Rows Removed by Index Recheck": 0,
                          "Exact Heap Blocks": 5198,
                          "Lossy Heap Blocks": 0,
                          "Plans": [
                            {
                              "Node Type": "Bitmap Index Scan",
                              "Parent Relationship": "Outer",
                              "Parallel Aware": false,
                              "Index Name": "kind_id_title",
                              "Startup Cost": 0.0,
                              "Total Cost": 1823.13,
                              "Plan Rows": 102227,
                              "Plan Width": 0,
                              "Actual Startup Time": 12.635,
                              "Actual Total Time": 12.635,
                              "Actual Rows": 100537,
                              "Actual Loops": 1,
                              "Index Cond": "(kind_id = 3)"
                            }
                          ]
                        }
                      ]
                    }
                  ]
                }
              ]
            }
          ]
        }
      ]
    },
    "Planning Time": 0.608,
    "Triggers": [],
    "Execution Time": 799.818
  }
]