[
  {
    "Plan": {
      "Node Type": "Aggregate",
      "Strategy": "Plain",
      "Partial Mode": "Finalize",
      "Parallel Aware": false,
      "Startup Cost": 62266.23,
      "Total Cost": 62266.24,
      "Plan Rows": 1,
      "Plan Width": 8,
      "Actual Startup Time": 177.915,
      "Actual Total Time": 194.618,
      "Actual Rows": 1,
      "Actual Loops": 1,
      "Plans": [
        {
          "Node Type": "Gather",
          "Parent Relationship": "Outer",
          "Parallel Aware": false,
          "Startup Cost": 62266.01,
          "Total Cost": 62266.22,
          "Plan Rows": 2,
          "Plan Width": 8,
          "Actual Startup Time": 177.635,
          "Actual Total Time": 194.606,
          "Actual Rows": 3,
          "Actual Loops": 1,
          "Workers Planned": 2,
          "Workers Launched": 2,
          "Single Copy": false,
          "Plans": [
            {
              "Node Type": "Aggregate",
              "Strategy": "Plain",
              "Partial Mode": "Partial",
              "Parent Relationship": "Outer",
              "Parallel Aware": false,
              "Startup Cost": 61266.01,
              "Total Cost": 61266.02,
              "Plan Rows": 1,
              "Plan Width": 8,
              "Actual Startup Time": 170.203,
              "Actual Total Time": 170.209,
              "Actual Rows": 1,
              "Actual Loops": 3,
              "Plans": [
                {
                  "Node Type": "Hash Join",
                  "Parent Relationship": "Outer",
                  "Parallel Aware": true,
                  "Join Type": "Inner",
                  "Startup Cost": 45627.05,
                  "Total Cost": 61256.99,
                  "Plan Rows": 3607,
                  "Plan Width": 0,
                  "Actual Startup Time": 115.209,
                  "Actual Total Time": 169.958,
                  "Actual Rows": 4272,
                  "Actual Loops": 3,
                  "Inner Unique": true,
                  "Hash Cond": "(mi_idx.movie_id = t.id)",
                  "Plans": [
                    {
                      "Node Type": "Seq Scan",
                      "Parent Relationship": "Outer",
                      "Parallel Aware": true,
                      "Relation Name": "movie_info_idx",
                      "Alias": "mi_idx",
                      "Startup Cost": 0.0,
                      "Total Cost": 15122.68,
                      "Plan Rows": 193243,
                      "Plan Width": 4,
                      "Actual Startup Time": 0.014,
                      "Actual Total Time": 38.198,
                      "Actual Rows": 153308,
                      "Actual Loops": 3,
                      "Filter": "(info_type_id = 101)",
                      "Rows Removed by Filter": 306703
                    },
                    {
                      "Node Type": "Hash",
                      "Parent Relationship": "Inner",
                      "Parallel Aware": true,
                      "Startup Cost": 45479.59,
                      "Total Cost": 45479.59,
                      "Plan Rows": 11797,
                      "Plan Width": 4,
                      "Actual Startup Time": 114.393,
                      "Actual Total Time": 114.397,
                      "Actual Rows": 11830,
                      "Actual Loops": 3,
                      "Hash Buckets": 65536,
                      "Original Hash Buckets": 65536,
                      "Hash Batches": 1,
                      "Original Hash Batches": 1,
                      "Peak Memory Usage": 1952,
                      "Plans": [
                        {
                          "Node Type": "Seq Scan",
                          "Parent Relationship": "Outer",
                          "Parallel Aware": true,
                          "Relation Name": "title",
                          "Alias": "t",
                          "Startup Cost": 0.0,
                          "Total Cost": 45479.59,
                          "Plan Rows": 11797,
                          "Plan Width": 4,
                          "Actual Startup Time": 0.102,
                          "Actual Total Time": 109.956,
                          "Actual Rows": 11830,
                          "Actual Loops": 3,
                          "Filter": "((kind_id < 7) AND (production_year = 2007))",
                          "Rows Removed by Filter": 830941
                        }
                      ]
                    }
                  ]
                }
              ]
            }
          ]
        }
      ]
    },
    "Planning Time": 0.269,
    "Triggers": [],
    "Execution Time": 194.665
  }
]