[
  {
    "Plan": {
      "Node Type": "Aggregate",
      "Strategy": "Plain",
      "Partial Mode": "Finalize",
      "Parallel Aware": false,
      "Startup Cost": 33317.68,
      "Total Cost": 33317.69,
      "Plan Rows": 1,
      "Plan Width": 8,
      "Actual Startup Time": 107.587,
      "Actual Total Time": 115.855,
      "Actual Rows": 1,
      "Actual Loops": 1,
      "Plans": [
        {
          "Node Type": "Gather",
          "Parent Relationship": "Outer",
          "Parallel Aware": false,
          "Startup Cost": 33317.37,
          "Total Cost": 33317.68,
          "Plan Rows": 3,
          "Plan Width": 8,
          "Actual Startup Time": 107.451,
          "Actual Total Time": 115.847,
          "Actual Rows": 4,
          "Actual Loops": 1,
          "Workers Planned": 3,
          "Workers Launched": 3,
          "Single Copy": false,
          "Plans": [
            {
              "Node Type": "Aggregate",
              "Strategy": "Plain",
              "Partial Mode": "Partial",
              "Parent Relationship": "Outer",
              "Parallel Aware": false,
              "Startup Cost": 32317.37,
              "Total Cost": 32317.38,
              "Plan Rows": 1,
              "Plan Width": 8,
              "Actual Startup Time": 100.113,
              "Actual Total Time": 100.114,
              "Actual Rows": 1,
              "Actual Loops": 4,
              "Plans": [
                {
                  "Node Type": "Seq Scan",
                  "Parent Relationship": "Outer",
                  "Parallel Aware": true,
                  "Relation Name": "movie_companies",
                  "Alias": "mc",
                  "Startup Cost": 0.0,
                  "Total Cost": 31414.82,
                  "Plan Rows": 361019,
                  "Plan Width": 0,
                  "Actual Startup Time": 0.045,
                  "Actual Total Time": 82.891,
                  "Actual Rows": 318562,
                  "Actual Loops": 4,
                  "Filter": "((company_id < 89695) AND (company_type_id = 1))",
                  "Rows Removed by Filter": 333721
                }
              ]
            }
          ]
        }
      ]
    },
    "Planning Time": 0.22,
    "Triggers": [],
    "Execution Time": 115.909
  }
]