[
  {
    "Plan": {
      "Node Type": "Aggregate",
      "Strategy": "Plain",
      "Partial Mode": "Finalize",
      "Parallel Aware": false,
      "Startup Cost": 40029.67,
      "Total Cost": 40029.68,
      "Plan Rows": 1,
      "Plan Width": 8,
      "Actual Startup Time": 137.114,
      "Actual Total Time": 145.383,
      "Actual Rows": 1,
      "Actual Loops": 1,
      "Plans": [
        {
          "Node Type": "Gather",
          "Parent Relationship": "Outer",
          "Parallel Aware": false,
          "Startup Cost": 40029.35,
          "Total Cost": 40029.66,
          "Plan Rows": 3,
          "Plan Width": 8,
          "Actual Startup Time": 136.822,
          "Actual Total Time": 145.375,
          "Actual Rows": 4,
          "Actual Loops": 1,
          "Workers Planned": 3,
          "Workers Launched": 3,
          "Single Copy": false,
          "Plans": [
            {
              "Node Type": "Aggregate",
              "Strategy": "Plain",
              "Partial Mode": "Partial",
              "Parent Relationship": "Outer",
              "Parallel Aware": false,
              "Startup Cost": 39029.35,
              "Total Cost": 39029.36,
              "Plan Rows": 1,
              "Plan Width": 8,
              "Actual Startup Time": 130.474,
              "Actual Total Time": 130.476,
              "Actual Rows": 1,
              "Actual Loops": 4,
              "Plans": [
                {
                  "Node Type": "Bitmap Heap Scan",
                  "Parent Relationship": "Outer",
                  "Parallel Aware": true,
                  "Relation Name": "movie_keyword",
                  "Alias": "mk",
                  "Startup Cost": 11868.27,
                  "Total Cost": 38578.17,
                  "Plan Rows": 180472,
                  "Plan Width": 0,
                  "Actual Startup Time": 49.126,
                  "Actual Total Time": 122.646,
                  "Actual Rows": 137160,
                  "Actual Loops": 4,
                  "Recheck Cond": "(keyword_id > 33562)",
                  "Rows Removed by Index Recheck": 0,
                  "Exact Heap Blocks": 10639,
                  "Lossy Heap Blocks": 0,
                  "Plans": [
                    {
                      "Node Type": "Bitmap Index Scan",
                      "Parent Relationship": "Outer",
                      "Parallel Aware": false,
                      "Index Name": "keyword_id_movie_keyword",
                      "Startup Cost": 0.0,
                      "Total Cost": 11728.41,
                      "Plan Rows": 559463,
                      "Plan Width": 0,
                      "Actual Startup Time": 51.234,
                      "Actual Total Time": 51.235,
                      "Actual Rows": 548639,
                      "Actual Loops": 1,
                      "Index Cond": "(keyword_id > 33562)"
                    }
                  ]
                }
              ]
            }
          ]
        }
      ]
    },
    "Planning Time": 0.181,
    "Triggers": [],
    "Execution Time": 145.459
  }
]