[
    {
        "Bao": {
            "Bao prediction": "NaN",
            "Bao recommended hint": "(no hint)"
        }
    },
    {
        "Plan": {
            "Node Type": "Aggregate",
            "Strategy": "Plain",
            "Partial Mode": "Finalize",
            "Parallel Aware": false,
            "Startup Cost": 368262.21,
            "Total Cost": 368262.22,
            "Plan Rows": 1,
            "Plan Width": 8,
            "Actual Startup Time": 1046.956,
            "Actual Total Time": 1076.745,
            "Actual Rows": 1,
            "Actual Loops": 1,
            "Output": [
                "count(*)"
            ],
            "Plans": [
                {
                    "Node Type": "Gather",
                    "Parent Relationship": "Outer",
                    "Parallel Aware": false,
                    "Startup Cost": 368261.69,
                    "Total Cost": 368262.2,
                    "Plan Rows": 5,
                    "Plan Width": 8,
                    "Actual Startup Time": 1037.827,
                    "Actual Total Time": 1076.734,
                    "Actual Rows": 6,
                    "Actual Loops": 1,
                    "Output": [
                        "(PARTIAL count(*))"
                    ],
                    "Workers Planned": 5,
                    "Workers Launched": 5,
                    "Single Copy": false,
                    "Plans": [
                        {
                            "Node Type": "Aggregate",
                            "Strategy": "Plain",
                            "Partial Mode": "Partial",
                            "Parent Relationship": "Outer",
                            "Parallel Aware": false,
                            "Startup Cost": 367261.69,
                            "Total Cost": 367261.7,
                            "Plan Rows": 1,
                            "Plan Width": 8,
                            "Actual Startup Time": 1027.631,
                            "Actual Total Time": 1027.776,
                            "Actual Rows": 1,
                            "Actual Loops": 6,
                            "Output": [
                                "PARTIAL count(*)"
                            ],
                            "Workers": [
                                {
                                    "Worker Number": 0,
                                    "Actual Startup Time": 1025.019,
                                    "Actual Total Time": 1025.024,
                                    "Actual Rows": 1,
                                    "Actual Loops": 1
                                },
                                {
                                    "Worker Number": 1,
                                    "Actual Startup Time": 1025.324,
                                    "Actual Total Time": 1025.329,
                                    "Actual Rows": 1,
                                    "Actual Loops": 1
                                },
                                {
                                    "Worker Number": 2,
                                    "Actual Startup Time": 1026.315,
                                    "Actual Total Time": 1026.319,
                                    "Actual Rows": 1,
                                    "Actual Loops": 1
                                },
                                {
                                    "Worker Number": 3,
                                    "Actual Startup Time": 1025.441,
                                    "Actual Total Time": 1025.446,
                                    "Actual Rows": 1,
                                    "Actual Loops": 1
                                },
                                {
                                    "Worker Number": 4,
                                    "Actual Startup Time": 1026.356,
                                    "Actual Total Time": 1026.361,
                                    "Actual Rows": 1,
                                    "Actual Loops": 1
                                }
                            ],
                            "Plans": [
                                {
                                    "Node Type": "Hash Join",
                                    "Parent Relationship": "Outer",
                                    "Parallel Aware": true,
                                    "Join Type": "Inner",
                                    "Startup Cost": 161721.76,
                                    "Total Cost": 365993.22,
                                    "Plan Rows": 507387,
                                    "Plan Width": 0,
                                    "Actual Startup Time": 517.926,
                                    "Actual Total Time": 1008.211,
                                    "Actual Rows": 414249,
                                    "Actual Loops": 6,
                                    "Inner Unique": false,
                                    "Hash Cond": "(mi.movie_id = t.id)",
                                    "Workers": [
                                        {
                                            "Worker Number": 0,
                                            "Actual Startup Time": 515.494,
                                            "Actual Total Time": 1003.846,
                                            "Actual Rows": 316707,
                                            "Actual Loops": 1
                                        },
                                        {
                                            "Worker Number": 1,
                                            "Actual Startup Time": 515.698,
                                            "Actual Total Time": 1004.544,
                                            "Actual Rows": 310196,
                                            "Actual Loops": 1
                                        },
                                        {
                                            "Worker Number": 2,
                                            "Actual Startup Time": 516.026,
                                            "Actual Total Time": 1007.267,
                                            "Actual Rows": 456697,
                                            "Actual Loops": 1
                                        },
                                        {
                                            "Worker Number": 3,
                                            "Actual Startup Time": 515.809,
                                            "Actual Total Time": 1007.263,
                                            "Actual Rows": 440549,
                                            "Actual Loops": 1
                                        },
                                        {
                                            "Worker Number": 4,
                                            "Actual Startup Time": 516.841,
                                            "Actual Total Time": 1007.332,
                                            "Actual Rows": 455490,
                                            "Actual Loops": 1
                                        }
                                    ],
                                    "Plans": [
                                        {
                                            "Node Type": "Seq Scan",
                                            "Parent Relationship": "Outer",
                                            "Parallel Aware": true,
                                            "Relation Name": "movie_info",
                                            "Schema": "public",
                                            "Alias": "mi",
                                            "Startup Cost": 0.0,
                                            "Total Cost": 198880.74,
                                            "Plan Rows": 1166918,
                                            "Plan Width": 4,
                                            "Actual Startup Time": 14.879,
                                            "Actual Total Time": 302.722,
                                            "Actual Rows": 978171,
                                            "Actual Loops": 6,
                                            "Output": [
                                                "mi.id",
                                                "mi.movie_id",
                                                "mi.info_type_id",
                                                "mi.info",
                                                "mi.note"
                                            ],
                                            "Filter": "(mi.info_type_id > 13)",
                                            "Rows Removed by Filter": 1494449,
                                            "Workers": [
                                                {
                                                    "Worker Number": 0,
                                                    "Actual Startup Time": 14.841,
                                                    "Actual Total Time": 313.299,
                                                    "Actual Rows": 732248,
                                                    "Actual Loops": 1
                                                },
                                                {
                                                    "Worker Number": 1,
                                                    "Actual Startup Time": 14.904,
                                                    "Actual Total Time": 313.566,
                                                    "Actual Rows": 735642,
                                                    "Actual Loops": 1
                                                },
                                                {
                                                    "Worker Number": 2,
                                                    "Actual Startup Time": 14.891,
                                                    "Actual Total Time": 301.604,
                                                    "Actual Rows": 1061491,
                                                    "Actual Loops": 1
                                                },
                                                {
                                                    "Worker Number": 3,
                                                    "Actual Startup Time": 14.843,
                                                    "Actual Total Time": 307.379,
                                                    "Actual Rows": 1030405,
                                                    "Actual Loops": 1
                                                },
                                                {
                                                    "Worker Number": 4,
                                                    "Actual Startup Time": 14.905,
                                                    "Actual Total Time": 300.874,
                                                    "Actual Rows": 1057131,
                                                    "Actual Loops": 1
                                                }
                                            ]
                                        },
                                        {
                                            "Node Type": "Hash",
                                            "Parent Relationship": "Inner",
                                            "Parallel Aware": true,
                                            "Startup Cost": 158973.41,
                                            "Total Cost": 158973.41,
                                            "Plan Rows": 219868,
                                            "Plan Width": 8,
                                            "Actual Startup Time": 499.813,
                                            "Actual Total Time": 499.956,
                                            "Actual Rows": 130544,
                                            "Actual Loops": 6,
                                            "Output": [
                                                "t.id",
                                                "ci.movie_id"
                                            ],
                                            "Hash Buckets": 2097152,
                                            "Original Hash Buckets": 2097152,
                                            "Hash Batches": 1,
                                            "Original Hash Batches": 1,
                                            "Peak Memory Usage": 47136,
                                            "Workers": [
                                                {
                                                    "Worker Number": 0,
                                                    "Actual Startup Time": 499.949,
                                                    "Actual Total Time": 499.953,
                                                    "Actual Rows": 101190,
                                                    "Actual Loops": 1
                                                },
                                                {
                                                    "Worker Number": 1,
                                                    "Actual Startup Time": 500.358,
                                                    "Actual Total Time": 500.362,
                                                    "Actual Rows": 102675,
                                                    "Actual Loops": 1
                                                },
                                                {
                                                    "Worker Number": 2,
                                                    "Actual Startup Time": 500.628,
                                                    "Actual Total Time": 500.631,
                                                    "Actual Rows": 143326,
                                                    "Actual Loops": 1
                                                },
                                                {
                                                    "Worker Number": 3,
                                                    "Actual Startup Time": 500.379,
                                                    "Actual Total Time": 500.383,
                                                    "Actual Rows": 142462,
                                                    "Actual Loops": 1
                                                },
                                                {
                                                    "Worker Number": 4,
                                                    "Actual Startup Time": 501.357,
                                                    "Actual Total Time": 501.36,
                                                    "Actual Rows": 141642,
                                                    "Actual Loops": 1
                                                }
                                            ],
                                            "Plans": [
                                                {
                                                    "Node Type": "Hash Join",
                                                    "Parent Relationship": "Outer",
                                                    "Parallel Aware": true,
                                                    "Join Type": "Inner",
                                                    "Startup Cost": 47824.1,
                                                    "Total Cost": 158973.41,
                                                    "Plan Rows": 219868,
                                                    "Plan Width": 8,
                                                    "Actual Startup Time": 132.048,
                                                    "Actual Total Time": 444.999,
                                                    "Actual Rows": 130544,
                                                    "Actual Loops": 6,
                                                    "Output": [
                                                        "t.id",
                                                        "ci.movie_id"
                                                    ],
                                                    "Inner Unique": true,
                                                    "Hash Cond": "(ci.movie_id = t.id)",
                                                    "Workers": [
                                                        {
                                                            "Worker Number": 0,
                                                            "Actual Startup Time": 132.807,
                                                            "Actual Total Time": 448.048,
                                                            "Actual Rows": 101190,
                                                            "Actual Loops": 1
                                                        },
                                                        {
                                                            "Worker Number": 1,
                                                            "Actual Startup Time": 131.79,
                                                            "Actual Total Time": 446.555,
                                                            "Actual Rows": 102675,
                                                            "Actual Loops": 1
                                                        },
                                                        {
                                                            "Worker Number": 2,
                                                            "Actual Startup Time": 131.794,
                                                            "Actual Total Time": 444.032,
                                                            "Actual Rows": 143326,
                                                            "Actual Loops": 1
                                                        },
                                                        {
                                                            "Worker Number": 3,
                                                            "Actual Startup Time": 131.74,
                                                            "Actual Total Time": 443.8,
                                                            "Actual Rows": 142462,
                                                            "Actual Loops": 1
                                                        },
                                                        {
                                                            "Worker Number": 4,
                                                            "Actual Startup Time": 131.641,
                                                            "Actual Total Time": 443.834,
                                                            "Actual Rows": 141642,
                                                            "Actual Loops": 1
                                                        }
                                                    ],
                                                    "Plans": [
                                                        {
                                                            "Node Type": "Index Scan",
                                                            "Parent Relationship": "Outer",
                                                            "Parallel Aware": true,
                                                            "Scan Direction": "Forward",
                                                            "Index Name": "role_id_cast_info",
                                                            "Relation Name": "cast_info",
                                                            "Schema": "public",
                                                            "Alias": "ci",
                                                            "Startup Cost": 0.56,
                                                            "Total Cost": 109204.72,
                                                            "Plan Rows": 741015,
                                                            "Plan Width": 4,
                                                            "Actual Startup Time": 0.267,
                                                            "Actual Total Time": 146.028,
                                                            "Actual Rows": 668006,
                                                            "Actual Loops": 6,
                                                            "Output": [
                                                                "ci.id",
                                                                "ci.person_id",
                                                                "ci.movie_id",
                                                                "ci.person_role_id",
                                                                "ci.note",
                                                                "ci.nr_order",
                                                                "ci.role_id"
                                                            ],
                                                            "Index Cond": "(ci.role_id = 3)",
                                                            "Rows Removed by Index Recheck": 0,
                                                            "Filter": "(ci.person_id < 3535872)",
                                                            "Rows Removed by Filter": 0,
                                                            "Workers": [
                                                                {
                                                                    "Worker Number": 0,
                                                                    "Actual Startup Time": 0.316,
                                                                    "Actual Total Time": 155.467,
                                                                    "Actual Rows": 503114,
                                                                    "Actual Loops": 1
                                                                },
                                                                {
                                                                    "Worker Number": 1,
                                                                    "Actual Startup Time": 0.379,
                                                                    "Actual Total Time": 154.661,
                                                                    "Actual Rows": 522620,
                                                                    "Actual Loops": 1
                                                                },
                                                                {
                                                                    "Worker Number": 2,
                                                                    "Actual Startup Time": 0.23,
                                                                    "Actual Total Time": 142.528,
                                                                    "Actual Rows": 723721,
                                                                    "Actual Loops": 1
                                                                },
                                                                {
                                                                    "Worker Number": 3,
                                                                    "Actual Startup Time": 0.264,
                                                                    "Actual Total Time": 145.854,
                                                                    "Actual Rows": 738306,
                                                                    "Actual Loops": 1
                                                                },
                                                                {
                                                                    "Worker Number": 4,
                                                                    "Actual Startup Time": 0.092,
                                                                    "Actual Total Time": 141.802,
                                                                    "Actual Rows": 716069,
                                                                    "Actual Loops": 1
                                                                }
                                                            ]
                                                        },
                                                        {
                                                            "Node Type": "Hash",
                                                            "Parent Relationship": "Inner",
                                                            "Parallel Aware": true,
                                                            "Startup Cost": 45479.21,
                                                            "Total Cost": 45479.21,
                                                            "Plan Rows": 187546,
                                                            "Plan Width": 4,
                                                            "Actual Startup Time": 130.449,
                                                            "Actual Total Time": 130.451,
                                                            "Actual Rows": 107926,
                                                            "Actual Loops": 6,
                                                            "Output": [
                                                                "t.id"
                                                            ],
                                                            "Hash Buckets": 1048576,
                                                            "Original Hash Buckets": 1048576,
                                                            "Hash Batches": 1,
                                                            "Original Hash Batches": 1,
                                                            "Peak Memory Usage": 33632,
                                                            "Workers": [
                                                                {
                                                                    "Worker Number": 0,
                                                                    "Actual Startup Time": 131.316,
                                                                    "Actual Total Time": 131.317,
                                                                    "Actual Rows": 79509,
                                                                    "Actual Loops": 1
                                                                },
                                                                {
                                                                    "Worker Number": 1,
                                                                    "Actual Startup Time": 131.319,
                                                                    "Actual Total Time": 131.321,
                                                                    "Actual Rows": 79465,
                                                                    "Actual Loops": 1
                                                                },
                                                                {
                                                                    "Worker Number": 2,
                                                                    "Actual Startup Time": 131.414,
                                                                    "Actual Total Time": 131.416,
                                                                    "Actual Rows": 109360,
                                                                    "Actual Loops": 1
                                                                },
                                                                {
                                                                    "Worker Number": 3,
                                                                    "Actual Startup Time": 131.376,
                                                                    "Actual Total Time": 131.378,
                                                                    "Actual Rows": 100975,
                                                                    "Actual Loops": 1
                                                                },
                                                                {
                                                                    "Worker Number": 4,
                                                                    "Actual Startup Time": 131.356,
                                                                    "Actual Total Time": 131.357,
                                                                    "Actual Rows": 105153,
                                                                    "Actual Loops": 1
                                                                }
                                                            ],
                                                            "Plans": [
                                                                {
                                                                    "Node Type": "Seq Scan",
                                                                    "Parent Relationship": "Outer",
                                                                    "Parallel Aware": true,
                                                                    "Relation Name": "title",
                                                                    "Schema": "public",
                                                                    "Alias": "t",
                                                                    "Startup Cost": 0.0,
                                                                    "Total Cost": 45479.21,
                                                                    "Plan Rows": 187546,
                                                                    "Plan Width": 4,
                                                                    "Actual Startup Time": 0.044,
                                                                    "Actual Total Time": 80.323,
                                                                    "Actual Rows": 107926,
                                                                    "Actual Loops": 6,
                                                                    "Output": [
                                                                        "t.id"
                                                                    ],
                                                                    "Filter": "((t.kind_id > 1) AND (t.production_year < 2000))",
                                                                    "Rows Removed by Filter": 313459,
                                                                    "Workers": [
                                                                        {
                                                                            "Worker Number": 0,
                                                                            "Actual Startup Time": 0.049,
                                                                            "Actual Total Time": 83.686,
                                                                            "Actual Rows": 79509,
                                                                            "Actual Loops": 1
                                                                        },
                                                                        {
                                                                            "Worker Number": 1,
                                                                            "Actual Startup Time": 0.042,
                                                                            "Actual Total Time": 82.999,
                                                                            "Actual Rows": 79465,
                                                                            "Actual Loops": 1
                                                                        },
                                                                        {
                                                                            "Worker Number": 2,
                                                                            "Actual Startup Time": 0.051,
                                                                            "Actual Total Time": 80.572,
                                                                            "Actual Rows": 109360,
                                                                            "Actual Loops": 1
                                                                        },
                                                                        {
                                                                            "Worker Number": 3,
                                                                            "Actual Startup Time": 0.051,
                                                                            "Actual Total Time": 80.961,
                                                                            "Actual Rows": 100975,
                                                                            "Actual Loops": 1
                                                                        },
                                                                        {
                                                                            "Worker Number": 4,
                                                                            "Actual Startup Time": 0.059,
                                                                            "Actual Total Time": 80.21,
                                                                            "Actual Rows": 105153,
                                                                            "Actual Loops": 1
                                                                        }
                                                                    ]
                                                                }
                                                            ]
                                                        }
                                                    ]
                                                }
                                            ]
                                        }
                                    ]
                                }
                            ]
                        }
                    ]
                }
            ]
        },
        "Planning Time": 178.005,
        "Triggers": [],
        "Execution Time": 1076.872
    }
]