[
  {
    "Plan": {
      "Node Type": "Aggregate",
      "Strategy": "Plain",
      "Partial Mode": "Finalize",
      "Parallel Aware": false,
      "Startup Cost": 346053.61,
      "Total Cost": 346053.62,
      "Plan Rows": 1,
      "Plan Width": 8,
      "Actual Startup Time": 657.431,
      "Actual Total Time": 702.276,
      "Actual Rows": 1,
      "Actual Loops": 1,
      "Plans": [
        {
          "Node Type": "Gather",
          "Parent Relationship": "Outer",
          "Parallel Aware": false,
          "Startup Cost": 346052.98,
          "Total Cost": 346053.59,
          "Plan Rows": 6,
          "Plan Width": 8,
          "Actual Startup Time": 657.226,
          "Actual Total Time": 702.258,
          "Actual Rows": 7,
          "Actual Loops": 1,
          "Workers Planned": 6,
          "Workers Launched": 6,
          "Single Copy": false,
          "Plans": [
            {
              "Node Type": "Aggregate",
              "Strategy": "Plain",
              "Partial Mode": "Partial",
              "Parent Relationship": "Outer",
              "Parallel Aware": false,
              "Startup Cost": 345052.98,
              "Total Cost": 345052.99,
              "Plan Rows": 1,
              "Plan Width": 8,
              "Actual Startup Time": 648.499,
              "Actual Total Time": 648.501,
              "Actual Rows": 1,
              "Actual Loops": 7,
              "Plans": [
                {
                  "Node Type": "Seq Scan",
                  "Parent Relationship": "Outer",
                  "Parallel Aware": true,
                  "Relation Name": "cast_info",
                  "Alias": "ci",
                  "Startup Cost": 0.0,
                  "Total Cost": 343316.27,
                  "Plan Rows": 694684,
                  "Plan Width": 0,
                  "Actual Startup Time": 349.358,
                  "Actual Total Time": 629.812,
                  "Actual Rows": 381471,
                  "Actual Loops": 7,
                  "Filter": "((person_id < 934263) AND (role_id > 2))",
                  "Rows Removed by Filter": 4796293
                }
              ]
            }
          ]
        }
      ]
    },
    "Planning Time": 0.193,
    "Triggers": [],
    "Execution Time": 702.336
  }
]