[
  {
    "Plan": {
      "Node Type": "Aggregate",
      "Strategy": "Plain",
      "Partial Mode": "Finalize",
      "Parallel Aware": false,
      "Startup Cost": 55301.13,
      "Total Cost": 55301.14,
      "Plan Rows": 1,
      "Plan Width": 8,
      "Actual Startup Time": 102.404,
      "Actual Total Time": 117.395,
      "Actual Rows": 1,
      "Actual Loops": 1,
      "Plans": [
        {
          "Node Type": "Gather",
          "Parent Relationship": "Outer",
          "Parallel Aware": false,
          "Startup Cost": 55300.71,
          "Total Cost": 55301.12,
          "Plan Rows": 4,
          "Plan Width": 8,
          "Actual Startup Time": 102.291,
          "Actual Total Time": 117.389,
          "Actual Rows": 5,
          "Actual Loops": 1,
          "Workers Planned": 4,
          "Workers Launched": 4,
          "Single Copy": false,
          "Plans": [
            {
              "Node Type": "Aggregate",
              "Strategy": "Plain",
              "Partial Mode": "Partial",
              "Parent Relationship": "Outer",
              "Parallel Aware": false,
              "Startup Cost": 54300.71,
              "Total Cost": 54300.72,
              "Plan Rows": 1,
              "Plan Width": 8,
              "Actual Startup Time": 92.535,
              "Actual Total Time": 92.536,
              "Actual Rows": 1,
              "Actual Loops": 5,
              "Plans": [
                {
                  "Node Type": "Nested Loop",
                  "Parent Relationship": "Outer",
                  "Parallel Aware": false,
                  "Join Type": "Inner",
                  "Startup Cost": 0.43,
                  "Total Cost": 54296.36,
                  "Plan Rows": 1740,
                  "Plan Width": 0,
                  "Actual Startup Time": 58.853,
                  "Actual Total Time": 92.298,
                  "Actual Rows": 4906,
                  "Actual Loops": 5,
                  "Inner Unique": false,
                  "Plans": [
                    {
                      "Node Type": "Seq Scan",
                      "Parent Relationship": "Outer",
                      "Parallel Aware": true,
                      "Relation Name": "title",
                      "Alias": "t",
                      "Startup Cost": 0.0,
                      "Total Cost": 45479.1,
                      "Plan Rows": 973,
                      "Plan Width": 4,
                      "Actual Startup Time": 58.581,
                      "Actual Total Time": 82.191,
                      "Actual Rows": 858,
                      "Actual Loops": 5,
                      "Filter": "((kind_id = 1) AND (production_year = 1982))",
                      "Rows Removed by Filter": 504805
                    },
                    {
                      "Node Type": "Index Only Scan",
                      "Parent Relationship": "Inner",
                      "Parallel Aware": false,
                      "Scan Direction": "Forward",
                      "Index Name": "movie_id_movie_keyword",
                      "Relation Name": "movie_keyword",
                      "Alias": "mk",
                      "Startup Cost": 0.43,
                      "Total Cost": 8.61,
                      "Plan Rows": 45,
                      "Plan Width": 4,
                      "Actual Startup Time": 0.01,
                      "Actual Total Time": 0.011,
                      "Actual Rows": 6,
                      "Actual Loops": 4288,
                      "Index Cond": "(movie_id = t.id)",
                      "Rows Removed by Index Recheck": 0,
                      "Heap Fetches": 24529
                    }
                  ]
                }
              ]
            }
          ]
        }
      ]
    },
    "Planning Time": 0.604,
    "Triggers": [],
    "Execution Time": 117.462
  }
]