[
    {
        "Bao": {
            "Bao prediction": 504.703,
            "Bao recommended hint": "SET enable_mergejoin TO off; "
        }
    },
    {
        "Plan": {
            "Node Type": "Aggregate",
            "Strategy": "Plain",
            "Partial Mode": "Finalize",
            "Parallel Aware": false,
            "Startup Cost": 337455.63,
            "Total Cost": 337455.64,
            "Plan Rows": 1,
            "Plan Width": 8,
            "Actual Startup Time": 873.606,
            "Actual Total Time": 904.95,
            "Actual Rows": 1,
            "Actual Loops": 1,
            "Output": [
                "count(*)"
            ],
            "Plans": [
                {
                    "Node Type": "Gather",
                    "Parent Relationship": "Outer",
                    "Parallel Aware": false,
                    "Startup Cost": 337455.0,
                    "Total Cost": 337455.61,
                    "Plan Rows": 6,
                    "Plan Width": 8,
                    "Actual Startup Time": 873.521,
                    "Actual Total Time": 904.941,
                    "Actual Rows": 7,
                    "Actual Loops": 1,
                    "Output": [
                        "(PARTIAL count(*))"
                    ],
                    "Workers Planned": 6,
                    "Workers Launched": 6,
                    "Single Copy": false,
                    "Plans": [
                        {
                            "Node Type": "Aggregate",
                            "Strategy": "Plain",
                            "Partial Mode": "Partial",
                            "Parent Relationship": "Outer",
                            "Parallel Aware": false,
                            "Startup Cost": 336455.0,
                            "Total Cost": 336455.01,
                            "Plan Rows": 1,
                            "Plan Width": 8,
                            "Actual Startup Time": 864.186,
                            "Actual Total Time": 864.188,
                            "Actual Rows": 1,
                            "Actual Loops": 7,
                            "Output": [
                                "PARTIAL count(*)"
                            ],
                            "Workers": [
                                {
                                    "Worker Number": 0,
                                    "Actual Startup Time": 862.388,
                                    "Actual Total Time": 862.389,
                                    "Actual Rows": 1,
                                    "Actual Loops": 1
                                },
                                {
                                    "Worker Number": 1,
                                    "Actual Startup Time": 862.413,
                                    "Actual Total Time": 862.414,
                                    "Actual Rows": 1,
                                    "Actual Loops": 1
                                },
                                {
                                    "Worker Number": 2,
                                    "Actual Startup Time": 862.414,
                                    "Actual Total Time": 862.415,
                                    "Actual Rows": 1,
                                    "Actual Loops": 1
                                },
                                {
                                    "Worker Number": 3,
                                    "Actual Startup Time": 862.693,
                                    "Actual Total Time": 862.694,
                                    "Actual Rows": 1,
                                    "Actual Loops": 1
                                },
                                {
                                    "Worker Number": 4,
                                    "Actual Startup Time": 863.145,
                                    "Actual Total Time": 863.146,
                                    "Actual Rows": 1,
                                    "Actual Loops": 1
                                },
                                {
                                    "Worker Number": 5,
                                    "Actual Startup Time": 863.569,
                                    "Actual Total Time": 863.571,
                                    "Actual Rows": 1,
                                    "Actual Loops": 1
                                }
                            ],
                            "Plans": [
                                {
                                    "Node Type": "Seq Scan",
                                    "Parent Relationship": "Outer",
                                    "Parallel Aware": true,
                                    "Relation Name": "cast_info",
                                    "Schema": "public",
                                    "Alias": "ci",
                                    "Startup Cost": 0.0,
                                    "Total Cost": 328213.62,
                                    "Plan Rows": 3296555,
                                    "Plan Width": 0,
                                    "Actual Startup Time": 203.037,
                                    "Actual Total Time": 696.283,
                                    "Actual Rows": 2833500,
                                    "Actual Loops": 7,
                                    "Output": [
                                        "id",
                                        "person_id",
                                        "movie_id",
                                        "person_role_id",
                                        "note",
                                        "nr_order",
                                        "role_id"
                                    ],
                                    "Filter": "(ci.person_id > 1624971)",
                                    "Rows Removed by Filter": 2344263,
                                    "Workers": [
                                        {
                                            "Worker Number": 0,
                                            "Actual Startup Time": 201.261,
                                            "Actual Total Time": 696.315,
                                            "Actual Rows": 2516149,
                                            "Actual Loops": 1
                                        },
                                        {
                                            "Worker Number": 1,
                                            "Actual Startup Time": 201.274,
                                            "Actual Total Time": 697.788,
                                            "Actual Rows": 2510755,
                                            "Actual Loops": 1
                                        },
                                        {
                                            "Worker Number": 2,
                                            "Actual Startup Time": 201.266,
                                            "Actual Total Time": 696.345,
                                            "Actual Rows": 2516549,
                                            "Actual Loops": 1
                                        },
                                        {
                                            "Worker Number": 3,
                                            "Actual Startup Time": 201.541,
                                            "Actual Total Time": 699.401,
                                            "Actual Rows": 2477656,
                                            "Actual Loops": 1
                                        },
                                        {
                                            "Worker Number": 4,
                                            "Actual Startup Time": 201.995,
                                            "Actual Total Time": 697.33,
                                            "Actual Rows": 2475582,
                                            "Actual Loops": 1
                                        },
                                        {
                                            "Worker Number": 5,
                                            "Actual Startup Time": 202.394,
                                            "Actual Total Time": 697.544,
                                            "Actual Rows": 2519730,
                                            "Actual Loops": 1
                                        }
                                    ]
                                }
                            ]
                        }
                    ]
                }
            ]
        },
        "Planning Time": 688.123,
        "Triggers": [],
        "Execution Time": 905.046
    }
]