[
  {
    "Plan": {
      "Node Type": "Aggregate",
      "Strategy": "Plain",
      "Partial Mode": "Finalize",
      "Parallel Aware": false,
      "Startup Cost": 333673.46,
      "Total Cost": 333673.47,
      "Plan Rows": 1,
      "Plan Width": 8,
      "Actual Startup Time": 4781.854,
      "Actual Total Time": 4866.454,
      "Actual Rows": 1,
      "Actual Loops": 1,
      "Plans": [
        {
          "Node Type": "Gather",
          "Parent Relationship": "Outer",
          "Parallel Aware": false,
          "Startup Cost": 333673.14,
          "Total Cost": 333673.45,
          "Plan Rows": 3,
          "Plan Width": 8,
          "Actual Startup Time": 4779.555,
          "Actual Total Time": 4866.431,
          "Actual Rows": 4,
          "Actual Loops": 1,
          "Workers Planned": 3,
          "Workers Launched": 3,
          "Single Copy": false,
          "Plans": [
            {
              "Node Type": "Aggregate",
              "Strategy": "Plain",
              "Partial Mode": "Partial",
              "Parent Relationship": "Outer",
              "Parallel Aware": false,
              "Startup Cost": 332673.14,
              "Total Cost": 332673.15,
              "Plan Rows": 1,
              "Plan Width": 8,
              "Actual Startup Time": 4768.457,
              "Actual Total Time": 4768.46,
              "Actual Rows": 1,
              "Actual Loops": 4,
              "Plans": [
                {
                  "Node Type": "Nested Loop",
                  "Parent Relationship": "Outer",
                  "Parallel Aware": false,
                  "Join Type": "Inner",
                  "Startup Cost": 60000.7,
                  "Total Cost": 329895.52,
                  "Plan Rows": 1111049,
                  "Plan Width": 0,
                  "Actual Startup Time": 230.891,
                  "Actual Total Time": 4478.664,
                  "Actual Rows": 6633949,
                  "Actual Loops": 4,
                  "Inner Unique": false,
                  "Plans": [
                    {
                      "Node Type": "Hash Join",
                      "Parent Relationship": "Outer",
                      "Parallel Aware": true,
                      "Join Type": "Inner",
                      "Startup Cost": 60000.13,
                      "Total Cost": 87444.87,
                      "Plan Rows": 77538,
                      "Plan Width": 8,
                      "Actual Startup Time": 230.746,
                      "Actual Total Time": 339.215,
                      "Actual Rows": 129951,
                      "Actual Loops": 4,
                      "Inner Unique": true,
                      "Hash Cond": "(mk.movie_id = t.id)",
                      "Plans": [
                        {
                          "Node Type": "Bitmap Heap Scan",
                          "Parent Relationship": "Outer",
                          "Parallel Aware": true,
                          "Relation Name": "movie_keyword",
                          "Alias": "mk",
                          "Startup Cost": 13003.0,
                          "Total Cost": 39928.69,
                          "Plan Rows": 197735,
                          "Plan Width": 4,
                          "Actual Startup Time": 40.07,
                          "Actual Total Time": 90.23,
                          "Actual Rows": 150404,
                          "Actual Loops": 4,
                          "Recheck Cond": "(keyword_id > 30583)",
                          "Rows Removed by Index Recheck": 0,
                          "Exact Heap Blocks": 6511,
                          "Lossy Heap Blocks": 0,
                          "Plans": [
                            {
                              "Node Type": "Bitmap Index Scan",
                              "Parent Relationship": "Outer",
                              "Parallel Aware": false,
                              "Index Name": "keyword_id_movie_keyword",
                              "Startup Cost": 0.0,
                              "Total Cost": 12849.76,
                              "Plan Rows": 612977,
                              "Plan Width": 0,
                              "Actual Startup Time": 36.556,
                              "Actual Total Time": 36.556,
                              "Actual Rows": 601616,
                              "Actual Loops": 1,
                              "Index Cond": "(keyword_id > 30583)"
                            }
                          ]
                        },
                        {
                          "Node Type": "Hash",
                          "Parent Relationship": "Inner",
                          "Parallel Aware": true,
                          "Startup Cost": 43898.92,
                          "Total Cost": 43898.92,
                          "Plan Rows": 247857,
                          "Plan Width": 4,
                          "Actual Startup Time": 185.938,
                          "Actual Total Time": 185.939,
                          "Actual Rows": 246262,
                          "Actual Loops": 4,
                          "Hash Buckets": 1048576,
                          "Original Hash Buckets": 1048576,
                          "Hash Batches": 1,
                          "Original Hash Batches": 1,
                          "Peak Memory Usage": 46784,
                          "Plans": [
                            {
                              "Node Type": "Seq Scan",
                              "Parent Relationship": "Outer",
                              "Parallel Aware": true,
                              "Relation Name": "title",
                              "Alias": "t",
                              "Startup Cost": 0.0,
                              "Total Cost": 43898.92,
                              "Plan Rows": 247857,
                              "Plan Width": 4,
                              "Actual Startup Time": 0.042,
                              "Actual Total Time": 103.07,
                              "Actual Rows": 246262,
                              "Actual Loops": 4,
                              "Filter": "(kind_id < 7)",
                              "Rows Removed by Filter": 385816
                            }
                          ]
                        }
                      ]
                    },
                    {
                      "Node Type": "Index Only Scan",
                      "Parent Relationship": "Inner",
                      "Parallel Aware": false,
                      "Scan Direction": "Forward",
                      "Index Name": "movie_id_cast_info",
                      "Relation Name": "cast_info",
                      "Alias": "ci",
                      "Startup Cost": 0.56,
                      "Total Cost": 2.76,
                      "Plan Rows": 37,
                      "Plan Width": 4,
                      "Actual Startup Time": 0.004,
                      "Actual Total Time": 0.028,
                      "Actual Rows": 51,
                      "Actual Loops": 519803,
                      "Index Cond": "(movie_id = t.id)",
                      "Rows Removed by Index Recheck": 0,
                      "Heap Fetches": 26535796
                    }
                  ]
                }
              ]
            }
          ]
        }
      ]
    },
    "Planning Time": 1.479,
    "Triggers": [],
    "Execution Time": 4866.595
  }
]