[
  {
    "Plan": {
      "Node Type": "Aggregate",
      "Strategy": "Plain",
      "Partial Mode": "Finalize",
      "Parallel Aware": false,
      "Startup Cost": 45915.67,
      "Total Cost": 45915.68,
      "Plan Rows": 1,
      "Plan Width": 8,
      "Actual Startup Time": 153.67,
      "Actual Total Time": 163.578,
      "Actual Rows": 1,
      "Actual Loops": 1,
      "Plans": [
        {
          "Node Type": "Gather",
          "Parent Relationship": "Outer",
          "Parallel Aware": false,
          "Startup Cost": 45915.35,
          "Total Cost": 45915.66,
          "Plan Rows": 3,
          "Plan Width": 8,
          "Actual Startup Time": 153.556,
          "Actual Total Time": 163.569,
          "Actual Rows": 4,
          "Actual Loops": 1,
          "Workers Planned": 3,
          "Workers Launched": 3,
          "Single Copy": false,
          "Plans": [
            {
              "Node Type": "Aggregate",
              "Strategy": "Plain",
              "Partial Mode": "Partial",
              "Parent Relationship": "Outer",
              "Parallel Aware": false,
              "Startup Cost": 44915.35,
              "Total Cost": 44915.36,
              "Plan Rows": 1,
              "Plan Width": 8,
              "Actual Startup Time": 147.725,
              "Actual Total Time": 147.726,
              "Actual Rows": 1,
              "Actual Loops": 4,
              "Plans": [
                {
                  "Node Type": "Seq Scan",
                  "Parent Relationship": "Outer",
                  "Parallel Aware": true,
                  "Relation Name": "movie_keyword",
                  "Alias": "mk",
                  "Startup Cost": 0.0,
                  "Total Cost": 42695.65,
                  "Plan Rows": 887879,
                  "Plan Width": 0,
                  "Actual Startup Time": 0.467,
                  "Actual Total Time": 117.007,
                  "Actual Rows": 685613,
                  "Actual Loops": 4,
                  "Filter": "(keyword_id > 2887)",
                  "Rows Removed by Filter": 445369
                }
              ]
            }
          ]
        }
      ]
    },
    "Planning Time": 0.185,
    "Triggers": [],
    "Execution Time": 163.634
  }
]