{
  "Plan": {
    "Node Type": "Aggregate",
    "Strategy": "Plain",
    "Partial Mode": "Finalize",
    "Parallel Aware": false,
    "Startup Cost": 632180.33,
    "Total Cost": 632180.34,
    "Plan Rows": 1,
    "Plan Width": 8,
    "Actual Startup Time": 4984.845,
    "Actual Total Time": 5052.011,
    "Actual Rows": 1,
    "Actual Loops": 1,
    "Plans": [
      {
        "Node Type": "Gather",
        "Parent Relationship": "Outer",
        "Parallel Aware": false,
        "Startup Cost": 632180.22,
        "Total Cost": 632180.33,
        "Plan Rows": 1,
        "Plan Width": 8,
        "Actual Startup Time": 4982.977,
        "Actual Total Time": 5052.003,
        "Actual Rows": 2,
        "Actual Loops": 1,
        "Workers Planned": 1,
        "Workers Launched": 1,
        "Single Copy": false,
        "Plans": [
          {
            "Node Type": "Aggregate",
            "Strategy": "Plain",
            "Partial Mode": "Partial",
            "Parent Relationship": "Outer",
            "Parallel Aware": false,
            "Startup Cost": 631180.22,
            "Total Cost": 631180.23,
            "Plan Rows": 1,
            "Plan Width": 8,
            "Actual Startup Time": 4977.241,
            "Actual Total Time": 4977.245,
            "Actual Rows": 1,
            "Actual Loops": 2,
            "Plans": [
              {
                "Node Type": "Hash Join",
                "Parent Relationship": "Outer",
                "Parallel Aware": true,
                "Join Type": "Inner",
                "Startup Cost": 61342.9,
                "Total Cost": 618129.05,
                "Plan Rows": 5220467,
                "Plan Width": 0,
                "Actual Startup Time": 279.137,
                "Actual Total Time": 4796.234,
                "Actual Rows": 4560688,
                "Actual Loops": 2,
                "Inner Unique": true,
                "Hash Cond": "(ci.movie_id = t.id)",
                "Plans": [
                  {
                    "Node Type": "Seq Scan",
                    "Parent Relationship": "Outer",
                    "Parallel Aware": true,
                    "Relation Name": "cast_info",
                    "Alias": "ci",
                    "Startup Cost": 0.0,
                    "Total Cost": 519069.44,
                    "Plan Rows": 14368244,
                    "Plan Width": 4,
                    "Actual Startup Time": 0.015,
                    "Actual Total Time": 1542.431,
                    "Actual Rows": 12248140,
                    "Actual Loops": 2,
                    "Filter": "(person_id < 2517576)",
                    "Rows Removed by Filter": 5874032
                  },
                  {
                    "Node Type": "Hash",
                    "Parent Relationship": "Inner",
                    "Parallel Aware": true,
                    "Startup Cost": 54588.39,
                    "Total Cost": 54588.39,
                    "Plan Rows": 540361,
                    "Plan Width": 4,
                    "Actual Startup Time": 269.451,
                    "Actual Total Time": 269.451,
                    "Actual Rows": 462302,
                    "Actual Loops": 2,
                    "Hash Buckets": 1048576,
                    "Original Hash Buckets": 1048576,
                    "Hash Batches": 1,
                    "Original Hash Batches": 1,
                    "Peak Memory Usage": 44416,
                    "Plans": [
                      {
                        "Node Type": "Seq Scan",
                        "Parent Relationship": "Outer",
                        "Parallel Aware": true,
                        "Relation Name": "title",
                        "Alias": "t",
                        "Startup Cost": 0.0,
                        "Total Cost": 54588.39,
                        "Plan Rows": 540361,
                        "Plan Width": 4,
                        "Actual Startup Time": 0.034,
                        "Actual Total Time": 157.749,
                        "Actual Rows": 462302,
                        "Actual Loops": 2,
                        "Filter": "(production_year < 1998)",
                        "Rows Removed by Filter": 801854
                      }
                    ]
                  }
                ]
              }
            ]
          }
        ]
      }
    ]
  },
  "Planning Time": 0.566,
  "Triggers": [],
  "Execution Time": 5052.093
}