[
  {
    "Plan": {
      "Node Type": "Aggregate",
      "Strategy": "Plain",
      "Partial Mode": "Finalize",
      "Parallel Aware": false,
      "Startup Cost": 31549.43,
      "Total Cost": 31549.44,
      "Plan Rows": 1,
      "Plan Width": 8,
      "Actual Startup Time": 103.144,
      "Actual Total Time": 110.817,
      "Actual Rows": 1,
      "Actual Loops": 1,
      "Plans": [
        {
          "Node Type": "Gather",
          "Parent Relationship": "Outer",
          "Parallel Aware": false,
          "Startup Cost": 31549.12,
          "Total Cost": 31549.43,
          "Plan Rows": 3,
          "Plan Width": 8,
          "Actual Startup Time": 103.02,
          "Actual Total Time": 110.809,
          "Actual Rows": 4,
          "Actual Loops": 1,
          "Workers Planned": 3,
          "Workers Launched": 3,
          "Single Copy": false,
          "Plans": [
            {
              "Node Type": "Aggregate",
              "Strategy": "Plain",
              "Partial Mode": "Partial",
              "Parent Relationship": "Outer",
              "Parallel Aware": false,
              "Startup Cost": 30549.12,
              "Total Cost": 30549.13,
              "Plan Rows": 1,
              "Plan Width": 8,
              "Actual Startup Time": 96.8,
              "Actual Total Time": 96.801,
              "Actual Rows": 1,
              "Actual Loops": 4,
              "Plans": [
                {
                  "Node Type": "Seq Scan",
                  "Parent Relationship": "Outer",
                  "Parallel Aware": true,
                  "Relation Name": "movie_companies",
                  "Alias": "mc",
                  "Startup Cost": 0.0,
                  "Total Cost": 29310.68,
                  "Plan Rows": 495374,
                  "Plan Width": 0,
                  "Actual Startup Time": 9.869,
                  "Actual Total Time": 80.257,
                  "Actual Rows": 384414,
                  "Actual Loops": 4,
                  "Filter": "(company_id > 6665)",
                  "Rows Removed by Filter": 267869
                }
              ]
            }
          ]
        }
      ]
    },
    "Planning Time": 0.172,
    "Triggers": [],
    "Execution Time": 110.862
  }
]