[
  {
    "Plan": {
      "Node Type": "Aggregate",
      "Strategy": "Plain",
      "Partial Mode": "Finalize",
      "Parallel Aware": false,
      "Startup Cost": 33016.93,
      "Total Cost": 33016.94,
      "Plan Rows": 1,
      "Plan Width": 8,
      "Actual Startup Time": 97.206,
      "Actual Total Time": 105.323,
      "Actual Rows": 1,
      "Actual Loops": 1,
      "Plans": [
        {
          "Node Type": "Gather",
          "Parent Relationship": "Outer",
          "Parallel Aware": false,
          "Startup Cost": 33016.61,
          "Total Cost": 33016.92,
          "Plan Rows": 3,
          "Plan Width": 8,
          "Actual Startup Time": 97.118,
          "Actual Total Time": 105.316,
          "Actual Rows": 4,
          "Actual Loops": 1,
          "Workers Planned": 3,
          "Workers Launched": 3,
          "Single Copy": false,
          "Plans": [
            {
              "Node Type": "Aggregate",
              "Strategy": "Plain",
              "Partial Mode": "Partial",
              "Parent Relationship": "Outer",
              "Parallel Aware": false,
              "Startup Cost": 32016.61,
              "Total Cost": 32016.62,
              "Plan Rows": 1,
              "Plan Width": 8,
              "Actual Startup Time": 91.871,
              "Actual Total Time": 91.872,
              "Actual Rows": 1,
              "Actual Loops": 4,
              "Plans": [
                {
                  "Node Type": "Seq Scan",
                  "Parent Relationship": "Outer",
                  "Parallel Aware": true,
                  "Relation Name": "movie_companies",
                  "Alias": "mc",
                  "Startup Cost": 0.0,
                  "Total Cost": 31414.82,
                  "Plan Rows": 240717,
                  "Plan Width": 0,
                  "Actual Startup Time": 0.026,
                  "Actual Total Time": 78.341,
                  "Actual Rows": 260015,
                  "Actual Loops": 4,
                  "Filter": "((company_id < 14421) AND (company_type_id < 2))",
                  "Rows Removed by Filter": 392268
                }
              ]
            }
          ]
        }
      ]
    },
    "Planning Time": 0.085,
    "Triggers": [],
    "Execution Time": 105.35
  }
]