{
  "Plan": {
    "Node Type": "Aggregate",
    "Strategy": "Plain",
    "Partial Mode": "Finalize",
    "Parallel Aware": false,
    "Startup Cost": 102878.41,
    "Total Cost": 102878.42,
    "Plan Rows": 1,
    "Plan Width": 8,
    "Actual Startup Time": 713.686,
    "Actual Total Time": 734.62,
    "Actual Rows": 1,
    "Actual Loops": 1,
    "Plans": [
      {
        "Node Type": "Gather",
        "Parent Relationship": "Outer",
        "Parallel Aware": false,
        "Startup Cost": 102878.3,
        "Total Cost": 102878.41,
        "Plan Rows": 1,
        "Plan Width": 8,
        "Actual Startup Time": 706.973,
        "Actual Total Time": 734.611,
        "Actual Rows": 2,
        "Actual Loops": 1,
        "Workers Planned": 1,
        "Workers Launched": 1,
        "Single Copy": false,
        "Plans": [
          {
            "Node Type": "Aggregate",
            "Strategy": "Plain",
            "Partial Mode": "Partial",
            "Parent Relationship": "Outer",
            "Parallel Aware": false,
            "Startup Cost": 101878.3,
            "Total Cost": 101878.31,
            "Plan Rows": 1,
            "Plan Width": 8,
            "Actual Startup Time": 694.607,
            "Actual Total Time": 694.611,
            "Actual Rows": 1,
            "Actual Loops": 2,
            "Plans": [
              {
                "Node Type": "Hash Join",
                "Parent Relationship": "Outer",
                "Parallel Aware": true,
                "Join Type": "Inner",
                "Startup Cost": 74810.78,
                "Total Cost": 101507.59,
                "Plan Rows": 148285,
                "Plan Width": 0,
                "Actual Startup Time": 596.839,
                "Actual Total Time": 689.081,
                "Actual Rows": 120742,
                "Actual Loops": 2,
                "Inner Unique": true,
                "Hash Cond": "(mk.movie_id = t.id)",
                "Plans": [
                  {
                    "Node Type": "Bitmap Heap Scan",
                    "Parent Relationship": "Outer",
                    "Parallel Aware": true,
                    "Relation Name": "movie_keyword",
                    "Alias": "mk",
                    "Startup Cost": 5350.08,
                    "Total Cost": 31657.64,
                    "Plan Rows": 148285,
                    "Plan Width": 4,
                    "Actual Startup Time": 17.487,
                    "Actual Total Time": 72.868,
                    "Actual Rows": 120742,
                    "Actual Loops": 2,
                    "Recheck Cond": "(keyword_id > 61644)",
                    "Rows Removed by Index Recheck": 0,
                    "Exact Heap Blocks": 12868,
                    "Lossy Heap Blocks": 0,
                    "Plans": [
                      {
                        "Node Type": "Bitmap Index Scan",
                        "Parent Relationship": "Outer",
                        "Parallel Aware": false,
                        "Index Name": "keyword_id_movie_keyword",
                        "Startup Cost": 0.0,
                        "Total Cost": 5287.06,
                        "Plan Rows": 252084,
                        "Plan Width": 0,
                        "Actual Startup Time": 14.425,
                        "Actual Total Time": 14.426,
                        "Actual Rows": 241485,
                        "Actual Loops": 1,
                        "Index Cond": "(keyword_id > 61644)"
                      }
                    ]
                  },
                  {
                    "Node Type": "Hash",
                    "Parent Relationship": "Inner",
                    "Parallel Aware": true,
                    "Startup Cost": 50870.31,
                    "Total Cost": 50870.31,
                    "Plan Rows": 1487231,
                    "Plan Width": 4,
                    "Actual Startup Time": 557.217,
                    "Actual Total Time": 557.217,
                    "Actual Rows": 1264156,
                    "Actual Loops": 2,
                    "Hash Buckets": 4194304,
                    "Original Hash Buckets": 4194304,
                    "Hash Batches": 1,
                    "Original Hash Batches": 1,
                    "Peak Memory Usage": 131712,
                    "Plans": [
                      {
                        "Node Type": "Seq Scan",
                        "Parent Relationship": "Outer",
                        "Parallel Aware": true,
                        "Relation Name": "title",
                        "Alias": "t",
                        "Startup Cost": 0.0,
                        "Total Cost": 50870.31,
                        "Plan Rows": 1487231,
                        "Plan Width": 4,
                        "Actual Startup Time": 0.03,
                        "Actual Total Time": 156.195,
                        "Actual Rows": 1264156,
                        "Actual Loops": 2
                      }
                    ]
                  }
                ]
              }
            ]
          }
        ]
      }
    ]
  },
  "Planning Time": 0.683,
  "Triggers": [],
  "Execution Time": 734.704
}