[
  {
    "Plan": {
      "Node Type": "Aggregate",
      "Strategy": "Plain",
      "Partial Mode": "Finalize",
      "Parallel Aware": false,
      "Startup Cost": 31810.45,
      "Total Cost": 31810.46,
      "Plan Rows": 1,
      "Plan Width": 8,
      "Actual Startup Time": 109.914,
      "Actual Total Time": 117.179,
      "Actual Rows": 1,
      "Actual Loops": 1,
      "Plans": [
        {
          "Node Type": "Gather",
          "Parent Relationship": "Outer",
          "Parallel Aware": false,
          "Startup Cost": 31810.13,
          "Total Cost": 31810.44,
          "Plan Rows": 3,
          "Plan Width": 8,
          "Actual Startup Time": 109.739,
          "Actual Total Time": 117.168,
          "Actual Rows": 4,
          "Actual Loops": 1,
          "Workers Planned": 3,
          "Workers Launched": 3,
          "Single Copy": false,
          "Plans": [
            {
              "Node Type": "Aggregate",
              "Strategy": "Plain",
              "Partial Mode": "Partial",
              "Parent Relationship": "Outer",
              "Parallel Aware": false,
              "Startup Cost": 30810.13,
              "Total Cost": 30810.14,
              "Plan Rows": 1,
              "Plan Width": 8,
              "Actual Startup Time": 104.35,
              "Actual Total Time": 104.351,
              "Actual Rows": 1,
              "Actual Loops": 4,
              "Plans": [
                {
                  "Node Type": "Seq Scan",
                  "Parent Relationship": "Outer",
                  "Parallel Aware": true,
                  "Relation Name": "movie_companies",
                  "Alias": "mc",
                  "Startup Cost": 0.0,
                  "Total Cost": 29310.68,
                  "Plan Rows": 599780,
                  "Plan Width": 0,
                  "Actual Startup Time": 0.908,
                  "Actual Total Time": 82.481,
                  "Actual Rows": 465353,
                  "Actual Loops": 4,
                  "Filter": "(company_id > 1451)",
                  "Rows Removed by Filter": 186929
                }
              ]
            }
          ]
        }
      ]
    },
    "Planning Time": 0.172,
    "Triggers": [],
    "Execution Time": 117.268
  }
]