[
  {
    "Plan": {
      "Node Type": "Aggregate",
      "Strategy": "Plain",
      "Partial Mode": "Finalize",
      "Parallel Aware": false,
      "Startup Cost": 31807.48,
      "Total Cost": 31807.49,
      "Plan Rows": 1,
      "Plan Width": 8,
      "Actual Startup Time": 104.413,
      "Actual Total Time": 111.792,
      "Actual Rows": 1,
      "Actual Loops": 1,
      "Plans": [
        {
          "Node Type": "Gather",
          "Parent Relationship": "Outer",
          "Parallel Aware": false,
          "Startup Cost": 31807.16,
          "Total Cost": 31807.47,
          "Plan Rows": 3,
          "Plan Width": 8,
          "Actual Startup Time": 104.215,
          "Actual Total Time": 111.783,
          "Actual Rows": 4,
          "Actual Loops": 1,
          "Workers Planned": 3,
          "Workers Launched": 3,
          "Single Copy": false,
          "Plans": [
            {
              "Node Type": "Aggregate",
              "Strategy": "Plain",
              "Partial Mode": "Partial",
              "Parent Relationship": "Outer",
              "Parallel Aware": false,
              "Startup Cost": 30807.16,
              "Total Cost": 30807.17,
              "Plan Rows": 1,
              "Plan Width": 8,
              "Actual Startup Time": 99.041,
              "Actual Total Time": 99.042,
              "Actual Rows": 1,
              "Actual Loops": 4,
              "Plans": [
                {
                  "Node Type": "Seq Scan",
                  "Parent Relationship": "Outer",
                  "Parallel Aware": true,
                  "Relation Name": "movie_companies",
                  "Alias": "mc",
                  "Startup Cost": 0.0,
                  "Total Cost": 29310.68,
                  "Plan Rows": 598593,
                  "Plan Width": 0,
                  "Actual Startup Time": 0.661,
                  "Actual Total Time": 79.11,
                  "Actual Rows": 465353,
                  "Actual Loops": 4,
                  "Filter": "(company_id > 1451)",
                  "Rows Removed by Filter": 186929
                }
              ]
            }
          ]
        }
      ]
    },
    "Planning Time": 0.143,
    "Triggers": [],
    "Execution Time": 111.836
  }
]