{
  "Plan": {
    "Node Type": "Aggregate",
    "Strategy": "Plain",
    "Partial Mode": "Finalize",
    "Parallel Aware": false,
    "Startup Cost": 418215.08,
    "Total Cost": 418215.09,
    "Plan Rows": 1,
    "Plan Width": 8,
    "Actual Startup Time": 1899.263,
    "Actual Total Time": 1943.479,
    "Actual Rows": 1,
    "Actual Loops": 1,
    "Plans": [
      {
        "Node Type": "Gather",
        "Parent Relationship": "Outer",
        "Parallel Aware": false,
        "Startup Cost": 418214.97,
        "Total Cost": 418215.08,
        "Plan Rows": 1,
        "Plan Width": 8,
        "Actual Startup Time": 1898.312,
        "Actual Total Time": 1943.47,
        "Actual Rows": 2,
        "Actual Loops": 1,
        "Workers Planned": 1,
        "Workers Launched": 1,
        "Single Copy": false,
        "Plans": [
          {
            "Node Type": "Aggregate",
            "Strategy": "Plain",
            "Partial Mode": "Partial",
            "Parent Relationship": "Outer",
            "Parallel Aware": false,
            "Startup Cost": 417214.97,
            "Total Cost": 417214.98,
            "Plan Rows": 1,
            "Plan Width": 8,
            "Actual Startup Time": 1892.309,
            "Actual Total Time": 1892.646,
            "Actual Rows": 1,
            "Actual Loops": 2,
            "Plans": [
              {
                "Node Type": "Hash Join",
                "Parent Relationship": "Outer",
                "Parallel Aware": true,
                "Join Type": "Inner",
                "Startup Cost": 121844.91,
                "Total Cost": 413098.19,
                "Plan Rows": 1646711,
                "Plan Width": 0,
                "Actual Startup Time": 526.382,
                "Actual Total Time": 1869.023,
                "Actual Rows": 585516,
                "Actual Loops": 2,
                "Inner Unique": false,
                "Hash Cond": "(mi.movie_id = t.id)",
                "Plans": [
                  {
                    "Node Type": "Seq Scan",
                    "Parent Relationship": "Outer",
                    "Parallel Aware": true,
                    "Relation Name": "movie_info",
                    "Alias": "mi",
                    "Startup Cost": 0.0,
                    "Total Cost": 248955.74,
                    "Plan Rows": 8696274,
                    "Plan Width": 4,
                    "Actual Startup Time": 0.017,
                    "Actual Total Time": 667.28,
                    "Actual Rows": 7417860,
                    "Actual Loops": 2
                  },
                  {
                    "Node Type": "Hash",
                    "Parent Relationship": "Inner",
                    "Parallel Aware": true,
                    "Startup Cost": 118324.67,
                    "Total Cost": 118324.67,
                    "Plan Rows": 281619,
                    "Plan Width": 8,
                    "Actual Startup Time": 519.151,
                    "Actual Total Time": 519.486,
                    "Actual Rows": 46235,
                    "Actual Loops": 2,
                    "Hash Buckets": 524288,
                    "Original Hash Buckets": 524288,
                    "Hash Batches": 1,
                    "Original Hash Batches": 1,
                    "Peak Memory Usage": 7744,
                    "Plans": [
                      {
                        "Node Type": "Hash Join",
                        "Parent Relationship": "Outer",
                        "Parallel Aware": true,
                        "Join Type": "Inner",
                        "Startup Cost": 60273.83,
                        "Total Cost": 118324.67,
                        "Plan Rows": 281619,
                        "Plan Width": 8,
                        "Actual Startup Time": 179.318,
                        "Actual Total Time": 509.692,
                        "Actual Rows": 46235,
                        "Actual Loops": 2,
                        "Inner Unique": true,
                        "Hash Cond": "(mk.movie_id = t.id)",
                        "Plans": [
                          {
                            "Node Type": "Seq Scan",
                            "Parent Relationship": "Outer",
                            "Parallel Aware": true,
                            "Relation Name": "movie_keyword",
                            "Alias": "mk",
                            "Startup Cost": 0.0,
                            "Total Cost": 51065.35,
                            "Plan Rows": 2661135,
                            "Plan Width": 4,
                            "Actual Startup Time": 0.014,
                            "Actual Total Time": 154.535,
                            "Actual Rows": 2261965,
                            "Actual Loops": 2
                          },
                          {
                            "Node Type": "Hash",
                            "Parent Relationship": "Inner",
                            "Parallel Aware": true,
                            "Startup Cost": 58306.47,
                            "Total Cost": 58306.47,
                            "Plan Rows": 157389,
                            "Plan Width": 4,
                            "Actual Startup Time": 175.438,
                            "Actual Total Time": 175.439,
                            "Actual Rows": 84772,
                            "Actual Loops": 2,
                            "Hash Buckets": 524288,
                            "Original Hash Buckets": 524288,
                            "Hash Batches": 1,
                            "Original Hash Batches": 1,
                            "Peak Memory Usage": 10752,
                            "Plans": [
                              {
                                "Node Type": "Seq Scan",
                                "Parent Relationship": "Outer",
                                "Parallel Aware": true,
                                "Relation Name": "title",
                                "Alias": "t",
                                "Startup Cost": 0.0,
                                "Total Cost": 58306.47,
                                "Plan Rows": 157389,
                                "Plan Width": 4,
                                "Actual Startup Time": 0.042,
                                "Actual Total Time": 143.898,
                                "Actual Rows": 84772,
                                "Actual Loops": 2,
                                "Filter": "((production_year < 1976) AND (kind_id = 7))",
                                "Rows Removed by Filter": 1179384
                              }
                            ]
                          }
                        ]
                      }
                    ]
                  }
                ]
              }
            ]
          }
        ]
      }
    ]
  },
  "Planning Time": 0.966,
  "Triggers": [],
  "Execution Time": 1943.568
}