[
  {
    "Plan": {
      "Node Type": "Aggregate",
      "Strategy": "Plain",
      "Partial Mode": "Finalize",
      "Parallel Aware": false,
      "Startup Cost": 44901.35,
      "Total Cost": 44901.36,
      "Plan Rows": 1,
      "Plan Width": 8,
      "Actual Startup Time": 126.265,
      "Actual Total Time": 135.502,
      "Actual Rows": 1,
      "Actual Loops": 1,
      "Plans": [
        {
          "Node Type": "Gather",
          "Parent Relationship": "Outer",
          "Parallel Aware": false,
          "Startup Cost": 44901.04,
          "Total Cost": 44901.35,
          "Plan Rows": 3,
          "Plan Width": 8,
          "Actual Startup Time": 126.128,
          "Actual Total Time": 135.494,
          "Actual Rows": 4,
          "Actual Loops": 1,
          "Workers Planned": 3,
          "Workers Launched": 3,
          "Single Copy": false,
          "Plans": [
            {
              "Node Type": "Aggregate",
              "Strategy": "Plain",
              "Partial Mode": "Partial",
              "Parent Relationship": "Outer",
              "Parallel Aware": false,
              "Startup Cost": 43901.04,
              "Total Cost": 43901.05,
              "Plan Rows": 1,
              "Plan Width": 8,
              "Actual Startup Time": 120.082,
              "Actual Total Time": 120.083,
              "Actual Rows": 1,
              "Actual Loops": 4,
              "Plans": [
                {
                  "Node Type": "Seq Scan",
                  "Parent Relationship": "Outer",
                  "Parallel Aware": true,
                  "Relation Name": "movie_keyword",
                  "Alias": "mk",
                  "Startup Cost": 0.0,
                  "Total Cost": 42695.65,
                  "Plan Rows": 482153,
                  "Plan Width": 0,
                  "Actual Startup Time": 0.583,
                  "Actual Total Time": 103.295,
                  "Actual Rows": 370837,
                  "Actual Loops": 4,
                  "Filter": "(keyword_id > 11034)",
                  "Rows Removed by Filter": 760145
                }
              ]
            }
          ]
        }
      ]
    },
    "Planning Time": 0.078,
    "Triggers": [],
    "Execution Time": 135.525
  }
]