[
  {
    "Plan": {
      "Node Type": "Aggregate",
      "Strategy": "Plain",
      "Partial Mode": "Finalize",
      "Parallel Aware": false,
      "Startup Cost": 44885.14,
      "Total Cost": 44885.15,
      "Plan Rows": 1,
      "Plan Width": 8,
      "Actual Startup Time": 143.463,
      "Actual Total Time": 154.003,
      "Actual Rows": 1,
      "Actual Loops": 1,
      "Plans": [
        {
          "Node Type": "Gather",
          "Parent Relationship": "Outer",
          "Parallel Aware": false,
          "Startup Cost": 44884.82,
          "Total Cost": 44885.13,
          "Plan Rows": 3,
          "Plan Width": 8,
          "Actual Startup Time": 143.342,
          "Actual Total Time": 153.995,
          "Actual Rows": 4,
          "Actual Loops": 1,
          "Workers Planned": 3,
          "Workers Launched": 3,
          "Single Copy": false,
          "Plans": [
            {
              "Node Type": "Aggregate",
              "Strategy": "Plain",
              "Partial Mode": "Partial",
              "Parent Relationship": "Outer",
              "Parallel Aware": false,
              "Startup Cost": 43884.82,
              "Total Cost": 43884.83,
              "Plan Rows": 1,
              "Plan Width": 8,
              "Actual Startup Time": 135.314,
              "Actual Total Time": 135.315,
              "Actual Rows": 1,
              "Actual Loops": 4,
              "Plans": [
                {
                  "Node Type": "Seq Scan",
                  "Parent Relationship": "Outer",
                  "Parallel Aware": true,
                  "Relation Name": "movie_keyword",
                  "Alias": "mk",
                  "Startup Cost": 0.0,
                  "Total Cost": 42695.65,
                  "Plan Rows": 475666,
                  "Plan Width": 0,
                  "Actual Startup Time": 1.798,
                  "Actual Total Time": 115.571,
                  "Actual Rows": 370837,
                  "Actual Loops": 4,
                  "Filter": "(keyword_id > 11034)",
                  "Rows Removed by Filter": 760145
                }
              ]
            }
          ]
        }
      ]
    },
    "Planning Time": 0.18,
    "Triggers": [],
    "Execution Time": 154.059
  }
]