[
  {
    "Plan": {
      "Node Type": "Aggregate",
      "Strategy": "Plain",
      "Partial Mode": "Finalize",
      "Parallel Aware": false,
      "Startup Cost": 179854.49,
      "Total Cost": 179854.5,
      "Plan Rows": 1,
      "Plan Width": 8,
      "Actual Startup Time": 143.397,
      "Actual Total Time": 167.041,
      "Actual Rows": 1,
      "Actual Loops": 1,
      "Plans": [
        {
          "Node Type": "Gather",
          "Parent Relationship": "Outer",
          "Parallel Aware": false,
          "Startup Cost": 179854.07,
          "Total Cost": 179854.48,
          "Plan Rows": 4,
          "Plan Width": 8,
          "Actual Startup Time": 143.287,
          "Actual Total Time": 167.032,
          "Actual Rows": 5,
          "Actual Loops": 1,
          "Workers Planned": 4,
          "Workers Launched": 4,
          "Single Copy": false,
          "Plans": [
            {
              "Node Type": "Aggregate",
              "Strategy": "Plain",
              "Partial Mode": "Partial",
              "Parent Relationship": "Outer",
              "Parallel Aware": false,
              "Startup Cost": 178854.07,
              "Total Cost": 178854.08,
              "Plan Rows": 1,
              "Plan Width": 8,
              "Actual Startup Time": 133.507,
              "Actual Total Time": 133.509,
              "Actual Rows": 1,
              "Actual Loops": 5,
              "Plans": [
                {
                  "Node Type": "Nested Loop",
                  "Parent Relationship": "Outer",
                  "Parallel Aware": false,
                  "Join Type": "Inner",
                  "Startup Cost": 0.43,
                  "Total Cost": 178853.19,
                  "Plan Rows": 354,
                  "Plan Width": 0,
                  "Actual Startup Time": 1.899,
                  "Actual Total Time": 133.434,
                  "Actual Rows": 535,
                  "Actual Loops": 5,
                  "Inner Unique": false,
                  "Plans": [
                    {
                      "Node Type": "Seq Scan",
                      "Parent Relationship": "Outer",
                      "Parallel Aware": true,
                      "Relation Name": "title",
                      "Alias": "t",
                      "Startup Cost": 0.0,
                      "Total Cost": 45479.1,
                      "Plan Rows": 1272,
                      "Plan Width": 4,
                      "Actual Startup Time": 1.083,
                      "Actual Total Time": 86.53,
                      "Actual Rows": 1239,
                      "Actual Loops": 5,
                      "Filter": "((kind_id < 7) AND (production_year = 1975))",
                      "Rows Removed by Filter": 504423
                    },
                    {
                      "Node Type": "Index Scan",
                      "Parent Relationship": "Inner",
                      "Parallel Aware": false,
                      "Scan Direction": "Forward",
                      "Index Name": "movie_id_movie_info",
                      "Relation Name": "movie_info",
                      "Alias": "mi",
                      "Startup Cost": 0.43,
                      "Total Cost": 104.83,
                      "Plan Rows": 2,
                      "Plan Width": 4,
                      "Actual Startup Time": 0.03,
                      "Actual Total Time": 0.037,
                      "Actual Rows": 0,
                      "Actual Loops": 6196,
                      "Index Cond": "(movie_id = t.id)",
                      "Rows Removed by Index Recheck": 0,
                      "Filter": "(info_type_id = 18)",
                      "Rows Removed by Filter": 10
                    }
                  ]
                }
              ]
            }
          ]
        }
      ]
    },
    "Planning Time": 0.587,
    "Triggers": [],
    "Execution Time": 167.113
  }
]