[
  {
    "Plan": {
      "Node Type": "Aggregate",
      "Strategy": "Plain",
      "Partial Mode": "Finalize",
      "Parallel Aware": false,
      "Startup Cost": 112441.25,
      "Total Cost": 112441.26,
      "Plan Rows": 1,
      "Plan Width": 8,
      "Actual Startup Time": 526.017,
      "Actual Total Time": 552.823,
      "Actual Rows": 1,
      "Actual Loops": 1,
      "Plans": [
        {
          "Node Type": "Gather",
          "Parent Relationship": "Outer",
          "Parallel Aware": false,
          "Startup Cost": 112440.93,
          "Total Cost": 112441.24,
          "Plan Rows": 3,
          "Plan Width": 8,
          "Actual Startup Time": 523.056,
          "Actual Total Time": 552.813,
          "Actual Rows": 4,
          "Actual Loops": 1,
          "Workers Planned": 3,
          "Workers Launched": 3,
          "Single Copy": false,
          "Plans": [
            {
              "Node Type": "Aggregate",
              "Strategy": "Plain",
              "Partial Mode": "Partial",
              "Parent Relationship": "Outer",
              "Parallel Aware": false,
              "Startup Cost": 111440.93,
              "Total Cost": 111440.94,
              "Plan Rows": 1,
              "Plan Width": 8,
              "Actual Startup Time": 512.994,
              "Actual Total Time": 513.093,
              "Actual Rows": 1,
              "Actual Loops": 4,
              "Plans": [
                {
                  "Node Type": "Hash Join",
                  "Parent Relationship": "Outer",
                  "Parallel Aware": true,
                  "Join Type": "Inner",
                  "Startup Cost": 63261.23,
                  "Total Cost": 111310.33,
                  "Plan Rows": 52241,
                  "Plan Width": 0,
                  "Actual Startup Time": 282.061,
                  "Actual Total Time": 493.98,
                  "Actual Rows": 400070,
                  "Actual Loops": 4,
                  "Inner Unique": false,
                  "Hash Cond": "(mk.movie_id = t.id)",
                  "Plans": [
                    {
                      "Node Type": "Seq Scan",
                      "Parent Relationship": "Outer",
                      "Parallel Aware": true,
                      "Relation Name": "movie_keyword",
                      "Alias": "mk",
                      "Startup Cost": 0.0,
                      "Total Cost": 42695.65,
                      "Plan Rows": 1369541,
                      "Plan Width": 4,
                      "Actual Startup Time": 0.035,
                      "Actual Total Time": 131.68,
                      "Actual Rows": 1057611,
                      "Actual Loops": 4,
                      "Filter": "(keyword_id > 236)",
                      "Rows Removed by Filter": 73371
                    },
                    {
                      "Node Type": "Hash",
                      "Parent Relationship": "Inner",
                      "Parallel Aware": true,
                      "Startup Cost": 62758.93,
                      "Total Cost": 62758.93,
                      "Plan Rows": 40184,
                      "Plan Width": 8,
                      "Actual Startup Time": 239.972,
                      "Actual Total Time": 240.07,
                      "Actual Rows": 36446,
                      "Actual Loops": 4,
                      "Hash Buckets": 262144,
                      "Original Hash Buckets": 131072,
                      "Hash Batches": 1,
                      "Original Hash Batches": 1,
                      "Peak Memory Usage": 8800,
                      "Plans": [
                        {
                          "Node Type": "Hash Join",
                          "Parent Relationship": "Outer",
                          "Parallel Aware": true,
                          "Join Type": "Inner",
                          "Startup Cost": 47132.05,
                          "Total Cost": 62758.93,
                          "Plan Rows": 40184,
                          "Plan Width": 8,
                          "Actual Startup Time": 179.92,
                          "Actual Total Time": 224.162,
                          "Actual Rows": 36446,
                          "Actual Loops": 4,
                          "Inner Unique": true,
                          "Hash Cond": "(mi_idx.movie_id = t.id)",
                          "Plans": [
                            {
                              "Node Type": "Seq Scan",
                              "Parent Relationship": "Outer",
                              "Parallel Aware": true,
                              "Relation Name": "movie_info_idx",
                              "Alias": "mi_idx",
                              "Startup Cost": 0.0,
                              "Total Cost": 15122.68,
                              "Plan Rows": 192074,
                              "Plan Width": 4,
                              "Actual Startup Time": 0.032,
                              "Actual Total Time": 35.588,
                              "Actual Rows": 115046,
                              "Actual Loops": 4,
                              "Filter": "(info_type_id > 100)",
                              "Rows Removed by Filter": 229962
                            },
                            {
                              "Node Type": "Hash",
                              "Parent Relationship": "Inner",
                              "Parallel Aware": true,
                              "Startup Cost": 45479.1,
                              "Total Cost": 45479.1,
                              "Plan Rows": 132236,
                              "Plan Width": 4,
                              "Actual Startup Time": 151.805,
                              "Actual Total Time": 151.806,
                              "Actual Rows": 100932,
                              "Actual Loops": 4,
                              "Hash Buckets": 1048576,
                              "Original Hash Buckets": 1048576,
                              "Hash Batches": 1,
                              "Original Hash Batches": 1,
                              "Peak Memory Usage": 24032,
                              "Plans": [
                                {
                                  "Node Type": "Seq Scan",
                                  "Parent Relationship": "Outer",
                                  "Parallel Aware": true,
                                  "Relation Name": "title",
                                  "Alias": "t",
                                  "Startup Cost": 0.0,
                                  "Total Cost": 45479.1,
                                  "Plan Rows": 132236,
                                  "Plan Width": 4,
                                  "Actual Startup Time": 50.326,
                                  "Actual Total Time": 112.098,
                                  "Actual Rows": 100932,
                                  "Actual Loops": 4,
                                  "Filter": "((production_year > 1975) AND (kind_id = 1))",
                                  "Rows Removed by Filter": 531146
                                }
                              ]
                            }
                          ]
                        }
                      ]
                    }
                  ]
                }
              ]
            }
          ]
        }
      ]
    },
    "Planning Time": 1.337,
    "Triggers": [],
    "Execution Time": 552.91
  }
]