{
  "Plan": {
    "Node Type": "Aggregate",
    "Strategy": "Plain",
    "Partial Mode": "Finalize",
    "Parallel Aware": false,
    "Startup Cost": 176804.74,
    "Total Cost": 176804.75,
    "Plan Rows": 1,
    "Plan Width": 8,
    "Actual Startup Time": 310.519,
    "Actual Total Time": 335.593,
    "Actual Rows": 1,
    "Actual Loops": 1,
    "Plans": [
      {
        "Node Type": "Gather",
        "Parent Relationship": "Outer",
        "Parallel Aware": false,
        "Startup Cost": 176804.62,
        "Total Cost": 176804.73,
        "Plan Rows": 1,
        "Plan Width": 8,
        "Actual Startup Time": 310.175,
        "Actual Total Time": 335.585,
        "Actual Rows": 2,
        "Actual Loops": 1,
        "Workers Planned": 1,
        "Workers Launched": 1,
        "Single Copy": false,
        "Plans": [
          {
            "Node Type": "Aggregate",
            "Strategy": "Plain",
            "Partial Mode": "Partial",
            "Parent Relationship": "Outer",
            "Parallel Aware": false,
            "Startup Cost": 175804.62,
            "Total Cost": 175804.63,
            "Plan Rows": 1,
            "Plan Width": 8,
            "Actual Startup Time": 303.851,
            "Actual Total Time": 303.855,
            "Actual Rows": 1,
            "Actual Loops": 2,
            "Plans": [
              {
                "Node Type": "Nested Loop",
                "Parent Relationship": "Outer",
                "Parallel Aware": false,
                "Join Type": "Inner",
                "Startup Cost": 59144.42,
                "Total Cost": 175327.31,
                "Plan Rows": 190926,
                "Plan Width": 0,
                "Actual Startup Time": 195.905,
                "Actual Total Time": 303.246,
                "Actual Rows": 9764,
                "Actual Loops": 2,
                "Inner Unique": false,
                "Join Filter": "(t.id = ci.movie_id)",
                "Rows Removed by Join Filter": 0,
                "Plans": [
                  {
                    "Node Type": "Hash Join",
                    "Parent Relationship": "Outer",
                    "Parallel Aware": true,
                    "Join Type": "Inner",
                    "Startup Cost": 59143.86,
                    "Total Cost": 102139.94,
                    "Plan Rows": 20323,
                    "Plan Width": 8,
                    "Actual Startup Time": 195.765,
                    "Actual Total Time": 269.624,
                    "Actual Rows": 2264,
                    "Actual Loops": 2,
                    "Inner Unique": true,
                    "Hash Cond": "(mc.movie_id = t.id)",
                    "Plans": [
                      {
                        "Node Type": "Seq Scan",
                        "Parent Relationship": "Outer",
                        "Parallel Aware": true,
                        "Relation Name": "movie_companies",
                        "Alias": "mc",
                        "Startup Cost": 0.0,
                        "Total Cost": 41811.73,
                        "Plan Rows": 451186,
                        "Plan Width": 4,
                        "Actual Startup Time": 49.999,
                        "Actual Total Time": 105.868,
                        "Actual Rows": 240344,
                        "Actual Loops": 2,
                        "Filter": "((company_id < 14048) AND (company_type_id > 1))",
                        "Rows Removed by Filter": 1064220
                      },
                      {
                        "Node Type": "Hash",
                        "Parent Relationship": "Inner",
                        "Parallel Aware": true,
                        "Startup Cost": 58306.47,
                        "Total Cost": 58306.47,
                        "Plan Rows": 66991,
                        "Plan Width": 4,
                        "Actual Startup Time": 141.397,
                        "Actual Total Time": 141.397,
                        "Actual Rows": 8958,
                        "Actual Loops": 2,
                        "Hash Buckets": 131072,
                        "Original Hash Buckets": 131072,
                        "Hash Batches": 1,
                        "Original Hash Batches": 1,
                        "Peak Memory Usage": 1760,
                        "Plans": [
                          {
                            "Node Type": "Seq Scan",
                            "Parent Relationship": "Outer",
                            "Parallel Aware": true,
                            "Relation Name": "title",
                            "Alias": "t",
                            "Startup Cost": 0.0,
                            "Total Cost": 58306.47,
                            "Plan Rows": 66991,
                            "Plan Width": 4,
                            "Actual Startup Time": 0.041,
                            "Actual Total Time": 137.698,
                            "Actual Rows": 8958,
                            "Actual Loops": 2,
                            "Filter": "((production_year < 1955) AND (kind_id = 7))",
                            "Rows Removed by Filter": 1255198
                          }
                        ]
                      }
                    ]
                  },
                  {
                    "Node Type": "Index Scan",
                    "Parent Relationship": "Inner",
                    "Parallel Aware": false,
                    "Scan Direction": "Forward",
                    "Index Name": "movie_id_cast_info",
                    "Relation Name": "cast_info",
                    "Alias": "ci",
                    "Startup Cost": 0.56,
                    "Total Cost": 3.3,
                    "Plan Rows": 24,
                    "Plan Width": 4,
                    "Actual Startup Time": 0.01,
                    "Actual Total Time": 0.014,
                    "Actual Rows": 4,
                    "Actual Loops": 4529,
                    "Index Cond": "(movie_id = mc.movie_id)",
                    "Rows Removed by Index Recheck": 0,
                    "Filter": "(role_id > 1)",
                    "Rows Removed by Filter": 4
                  }
                ]
              }
            ]
          }
        ]
      }
    ]
  },
  "Planning Time": 1.041,
  "Triggers": [],
  "Execution Time": 335.68
}