[
  {
    "Plan": {
      "Node Type": "Aggregate",
      "Strategy": "Plain",
      "Partial Mode": "Finalize",
      "Parallel Aware": false,
      "Startup Cost": 30799.38,
      "Total Cost": 30799.39,
      "Plan Rows": 1,
      "Plan Width": 8,
      "Actual Startup Time": 68.008,
      "Actual Total Time": 73.105,
      "Actual Rows": 1,
      "Actual Loops": 1,
      "Plans": [
        {
          "Node Type": "Gather",
          "Parent Relationship": "Outer",
          "Parallel Aware": false,
          "Startup Cost": 30799.06,
          "Total Cost": 30799.37,
          "Plan Rows": 3,
          "Plan Width": 8,
          "Actual Startup Time": 67.941,
          "Actual Total Time": 73.099,
          "Actual Rows": 4,
          "Actual Loops": 1,
          "Workers Planned": 3,
          "Workers Launched": 3,
          "Single Copy": false,
          "Plans": [
            {
              "Node Type": "Aggregate",
              "Strategy": "Plain",
              "Partial Mode": "Partial",
              "Parent Relationship": "Outer",
              "Parallel Aware": false,
              "Startup Cost": 29799.06,
              "Total Cost": 29799.07,
              "Plan Rows": 1,
              "Plan Width": 8,
              "Actual Startup Time": 65.107,
              "Actual Total Time": 65.108,
              "Actual Rows": 1,
              "Actual Loops": 4,
              "Plans": [
                {
                  "Node Type": "Seq Scan",
                  "Parent Relationship": "Outer",
                  "Parallel Aware": true,
                  "Relation Name": "movie_companies",
                  "Alias": "mc",
                  "Startup Cost": 0.0,
                  "Total Cost": 29310.68,
                  "Plan Rows": 195353,
                  "Plan Width": 0,
                  "Actual Startup Time": 0.021,
                  "Actual Total Time": 57.943,
                  "Actual Rows": 151518,
                  "Actual Loops": 4,
                  "Filter": "(company_id < 707)",
                  "Rows Removed by Filter": 500764
                }
              ]
            }
          ]
        }
      ]
    },
    "Planning Time": 0.088,
    "Triggers": [],
    "Execution Time": 73.133
  }
]