[
  {
    "Plan": {
      "Node Type": "Aggregate",
      "Strategy": "Plain",
      "Partial Mode": "Finalize",
      "Parallel Aware": false,
      "Startup Cost": 30803.05,
      "Total Cost": 30803.06,
      "Plan Rows": 1,
      "Plan Width": 8,
      "Actual Startup Time": 89.49,
      "Actual Total Time": 97.395,
      "Actual Rows": 1,
      "Actual Loops": 1,
      "Plans": [
        {
          "Node Type": "Gather",
          "Parent Relationship": "Outer",
          "Parallel Aware": false,
          "Startup Cost": 30802.74,
          "Total Cost": 30803.05,
          "Plan Rows": 3,
          "Plan Width": 8,
          "Actual Startup Time": 89.403,
          "Actual Total Time": 97.386,
          "Actual Rows": 4,
          "Actual Loops": 1,
          "Workers Planned": 3,
          "Workers Launched": 3,
          "Single Copy": false,
          "Plans": [
            {
              "Node Type": "Aggregate",
              "Strategy": "Plain",
              "Partial Mode": "Partial",
              "Parent Relationship": "Outer",
              "Parallel Aware": false,
              "Startup Cost": 29802.74,
              "Total Cost": 29802.75,
              "Plan Rows": 1,
              "Plan Width": 8,
              "Actual Startup Time": 82.056,
              "Actual Total Time": 82.057,
              "Actual Rows": 1,
              "Actual Loops": 4,
              "Plans": [
                {
                  "Node Type": "Seq Scan",
                  "Parent Relationship": "Outer",
                  "Parallel Aware": true,
                  "Relation Name": "movie_companies",
                  "Alias": "mc",
                  "Startup Cost": 0.0,
                  "Total Cost": 29310.68,
                  "Plan Rows": 196822,
                  "Plan Width": 0,
                  "Actual Startup Time": 0.048,
                  "Actual Total Time": 71.713,
                  "Actual Rows": 151518,
                  "Actual Loops": 4,
                  "Filter": "(company_id < 707)",
                  "Rows Removed by Filter": 500764
                }
              ]
            }
          ]
        }
      ]
    },
    "Planning Time": 0.185,
    "Triggers": [],
    "Execution Time": 97.448
  }
]