[
  {
    "Plan": {
      "Node Type": "Aggregate",
      "Strategy": "Plain",
      "Partial Mode": "Finalize",
      "Parallel Aware": false,
      "Startup Cost": 81487.83,
      "Total Cost": 81487.84,
      "Plan Rows": 1,
      "Plan Width": 8,
      "Actual Startup Time": 408.705,
      "Actual Total Time": 427.056,
      "Actual Rows": 1,
      "Actual Loops": 1,
      "Plans": [
        {
          "Node Type": "Gather",
          "Parent Relationship": "Outer",
          "Parallel Aware": false,
          "Startup Cost": 81487.41,
          "Total Cost": 81487.82,
          "Plan Rows": 4,
          "Plan Width": 8,
          "Actual Startup Time": 404.368,
          "Actual Total Time": 427.044,
          "Actual Rows": 5,
          "Actual Loops": 1,
          "Workers Planned": 4,
          "Workers Launched": 4,
          "Single Copy": false,
          "Plans": [
            {
              "Node Type": "Aggregate",
              "Strategy": "Plain",
              "Partial Mode": "Partial",
              "Parent Relationship": "Outer",
              "Parallel Aware": false,
              "Startup Cost": 80487.41,
              "Total Cost": 80487.42,
              "Plan Rows": 1,
              "Plan Width": 8,
              "Actual Startup Time": 394.687,
              "Actual Total Time": 394.69,
              "Actual Rows": 1,
              "Actual Loops": 5,
              "Plans": [
                {
                  "Node Type": "Hash Join",
                  "Parent Relationship": "Outer",
                  "Parallel Aware": true,
                  "Join Type": "Inner",
                  "Startup Cost": 34066.84,
                  "Total Cost": 80076.34,
                  "Plan Rows": 164426,
                  "Plan Width": 0,
                  "Actual Startup Time": 144.344,
                  "Actual Total Time": 386.069,
                  "Actual Rows": 181633,
                  "Actual Loops": 5,
                  "Inner Unique": false,
                  "Hash Cond": "(t.id = mc.movie_id)",
                  "Plans": [
                    {
                      "Node Type": "Seq Scan",
                      "Parent Relationship": "Outer",
                      "Parallel Aware": true,
                      "Relation Name": "title",
                      "Alias": "t",
                      "Startup Cost": 0.0,
                      "Total Cost": 42318.73,
                      "Plan Rows": 632073,
                      "Plan Width": 4,
                      "Actual Startup Time": 0.01,
                      "Actual Total Time": 68.253,
                      "Actual Rows": 505662,
                      "Actual Loops": 5
                    },
                    {
                      "Node Type": "Hash",
                      "Parent Relationship": "Inner",
                      "Parallel Aware": true,
                      "Startup Cost": 31414.82,
                      "Total Cost": 31414.82,
                      "Plan Rows": 212162,
                      "Plan Width": 4,
                      "Actual Startup Time": 139.95,
                      "Actual Total Time": 139.951,
                      "Actual Rows": 181633,
                      "Actual Loops": 5,
                      "Hash Buckets": 1048576,
                      "Original Hash Buckets": 1048576,
                      "Hash Batches": 1,
                      "Original Hash Batches": 1,
                      "Peak Memory Usage": 43808,
                      "Plans": [
                        {
                          "Node Type": "Seq Scan",
                          "Parent Relationship": "Outer",
                          "Parallel Aware": true,
                          "Relation Name": "movie_companies",
                          "Alias": "mc",
                          "Startup Cost": 0.0,
                          "Total Cost": 31414.82,
                          "Plan Rows": 212162,
                          "Plan Width": 4,
                          "Actual Startup Time": 45.048,
                          "Actual Total Time": 79.368,
                          "Actual Rows": 181633,
                          "Actual Loops": 5,
                          "Filter": "((company_id > 11325) AND (company_type_id = 2))",
                          "Rows Removed by Filter": 340192
                        }
                      ]
                    }
                  ]
                }
              ]
            }
          ]
        }
      ]
    },
    "Planning Time": 0.65,
    "Triggers": [],
    "Execution Time": 427.127
  }
]