[
  {
    "Plan": {
      "Node Type": "Aggregate",
      "Strategy": "Plain",
      "Partial Mode": "Finalize",
      "Parallel Aware": false,
      "Startup Cost": 336535.95,
      "Total Cost": 336535.96,
      "Plan Rows": 1,
      "Plan Width": 8,
      "Actual Startup Time": 695.769,
      "Actual Total Time": 741.617,
      "Actual Rows": 1,
      "Actual Loops": 1,
      "Plans": [
        {
          "Node Type": "Gather",
          "Parent Relationship": "Outer",
          "Parallel Aware": false,
          "Startup Cost": 336535.32,
          "Total Cost": 336535.93,
          "Plan Rows": 6,
          "Plan Width": 8,
          "Actual Startup Time": 695.552,
          "Actual Total Time": 741.599,
          "Actual Rows": 7,
          "Actual Loops": 1,
          "Workers Planned": 6,
          "Workers Launched": 6,
          "Single Copy": false,
          "Plans": [
            {
              "Node Type": "Aggregate",
              "Strategy": "Plain",
              "Partial Mode": "Partial",
              "Parent Relationship": "Outer",
              "Parallel Aware": false,
              "Startup Cost": 335535.32,
              "Total Cost": 335535.33,
              "Plan Rows": 1,
              "Plan Width": 8,
              "Actual Startup Time": 689.607,
              "Actual Total Time": 689.608,
              "Actual Rows": 1,
              "Actual Loops": 7,
              "Plans": [
                {
                  "Node Type": "Seq Scan",
                  "Parent Relationship": "Outer",
                  "Parallel Aware": true,
                  "Relation Name": "cast_info",
                  "Alias": "ci",
                  "Startup Cost": 0.0,
                  "Total Cost": 328211.39,
                  "Plan Rows": 2929572,
                  "Plan Width": 0,
                  "Actual Startup Time": 0.038,
                  "Actual Total Time": 572.8,
                  "Actual Rows": 2529851,
                  "Actual Loops": 7,
                  "Filter": "(person_id < 1753653)",
                  "Rows Removed by Filter": 2647912
                }
              ]
            }
          ]
        }
      ]
    },
    "Planning Time": 0.174,
    "Triggers": [],
    "Execution Time": 741.68
  }
]