[
  {
    "Plan": {
      "Node Type": "Aggregate",
      "Strategy": "Plain",
      "Partial Mode": "Finalize",
      "Parallel Aware": false,
      "Startup Cost": 31556.67,
      "Total Cost": 31556.68,
      "Plan Rows": 1,
      "Plan Width": 8,
      "Actual Startup Time": 91.521,
      "Actual Total Time": 97.967,
      "Actual Rows": 1,
      "Actual Loops": 1,
      "Plans": [
        {
          "Node Type": "Gather",
          "Parent Relationship": "Outer",
          "Parallel Aware": false,
          "Startup Cost": 31556.35,
          "Total Cost": 31556.66,
          "Plan Rows": 3,
          "Plan Width": 8,
          "Actual Startup Time": 91.405,
          "Actual Total Time": 97.957,
          "Actual Rows": 4,
          "Actual Loops": 1,
          "Workers Planned": 3,
          "Workers Launched": 3,
          "Single Copy": false,
          "Plans": [
            {
              "Node Type": "Aggregate",
              "Strategy": "Plain",
              "Partial Mode": "Partial",
              "Parent Relationship": "Outer",
              "Parallel Aware": false,
              "Startup Cost": 30556.35,
              "Total Cost": 30556.36,
              "Plan Rows": 1,
              "Plan Width": 8,
              "Actual Startup Time": 88.352,
              "Actual Total Time": 88.353,
              "Actual Rows": 1,
              "Actual Loops": 4,
              "Plans": [
                {
                  "Node Type": "Seq Scan",
                  "Parent Relationship": "Outer",
                  "Parallel Aware": true,
                  "Relation Name": "movie_companies",
                  "Alias": "mc",
                  "Startup Cost": 0.0,
                  "Total Cost": 29310.68,
                  "Plan Rows": 498268,
                  "Plan Width": 0,
                  "Actual Startup Time": 0.013,
                  "Actual Total Time": 70.471,
                  "Actual Rows": 387790,
                  "Actual Loops": 4,
                  "Filter": "(company_id < 14799)",
                  "Rows Removed by Filter": 264493
                }
              ]
            }
          ]
        }
      ]
    },
    "Planning Time": 0.227,
    "Triggers": [],
    "Execution Time": 98.03
  }
]