[
  {
    "Plan": {
      "Node Type": "Aggregate",
      "Strategy": "Plain",
      "Partial Mode": "Simple",
      "Parallel Aware": false,
      "Startup Cost": 38329.67,
      "Total Cost": 38329.68,
      "Plan Rows": 1,
      "Plan Width": 64,
      "Actual Startup Time": 1019.699,
      "Actual Total Time": 1132.209,
      "Actual Rows": 1,
      "Actual Loops": 1,
      "Plans": [
        {
          "Node Type": "Nested Loop",
          "Parent Relationship": "Outer",
          "Parallel Aware": false,
          "Join Type": "Inner",
          "Startup Cost": 5775.12,
          "Total Cost": 38329.67,
          "Plan Rows": 1,
          "Plan Width": 33,
          "Actual Startup Time": 309.42,
          "Actual Total Time": 1132.128,
          "Actual Rows": 194,
          "Actual Loops": 1,
          "Inner Unique": false,
          "Join Filter": "(n1.id = an1.person_id)",
          "Rows Removed by Join Filter": 0,
          "Plans": [
            {
              "Node Type": "Gather",
              "Parent Relationship": "Outer",
              "Parallel Aware": false,
              "Startup Cost": 5774.69,
              "Total Cost": 38329.1,
              "Plan Rows": 1,
              "Plan Width": 25,
              "Actual Startup Time": 309.327,
              "Actual Total Time": 1130.787,
              "Actual Rows": 169,
              "Actual Loops": 1,
              "Workers Planned": 3,
              "Workers Launched": 3,
              "Single Copy": false,
              "Plans": [
                {
                  "Node Type": "Nested Loop",
                  "Parent Relationship": "Outer",
                  "Parallel Aware": false,
                  "Join Type": "Inner",
                  "Startup Cost": 4774.69,
                  "Total Cost": 37329.0,
                  "Plan Rows": 1,
                  "Plan Width": 25,
                  "Actual Startup Time": 204.989,
                  "Actual Total Time": 1008.76,
                  "Actual Rows": 42,
                  "Actual Loops": 4,
                  "Inner Unique": true,
                  "Plans": [
                    {
                      "Node Type": "Hash Join",
                      "Parent Relationship": "Outer",
                      "Parallel Aware": false,
                      "Join Type": "Inner",
                      "Startup Cost": 4774.26,
                      "Total Cost": 37322.08,
                      "Plan Rows": 8,
                      "Plan Width": 21,
                      "Actual Startup Time": 27.926,
                      "Actual Total Time": 927.637,
                      "Actual Rows": 11672,
                      "Actual Loops": 4,
                      "Inner Unique": true,
                      "Hash Cond": "(ci.role_id = rt.id)",
                      "Plans": [
                        {
                          "Node Type": "Nested Loop",
                          "Parent Relationship": "Outer",
                          "Parallel Aware": false,
                          "Join Type": "Inner",
                          "Startup Cost": 4773.1,
                          "Total Cost": 37320.58,
                          "Plan Rows": 94,
                          "Plan Width": 25,
                          "Actual Startup Time": 27.449,
                          "Actual Total Time": 922.499,
                          "Actual Rows": 16640,
                          "Actual Loops": 4,
                          "Inner Unique": false,
                          "Plans": [
                            {
                              "Node Type": "Nested Loop",
                              "Parent Relationship": "Outer",
                              "Parallel Aware": false,
                              "Join Type": "Inner",
                              "Startup Cost": 4772.54,
                              "Total Cost": 37050.79,
                              "Plan Rows": 145,
                              "Plan Width": 25,
                              "Actual Startup Time": 22.84,
                              "Actual Total Time": 206.79,
                              "Actual Rows": 12082,
                              "Actual Loops": 4,
                              "Inner Unique": true,
                              "Plans": [
                                {
                                  "Node Type": "Hash Join",
                                  "Parent Relationship": "Outer",
                                  "Parallel Aware": true,
                                  "Join Type": "Inner",
                                  "Startup Cost": 4772.11,
                                  "Total Cost": 36200.24,
                                  "Plan Rows": 145,
                                  "Plan Width": 4,
                                  "Actual Startup Time": 22.748,
                                  "Actual Total Time": 130.105,
                                  "Actual Rows": 12082,
                                  "Actual Loops": 4,
                                  "Inner Unique": true,
                                  "Hash Cond": "(mc.company_id = cn.id)",
                                  "Plans": [
                                    {
                                      "Node Type": "Seq Scan",
                                      "Parent Relationship": "Outer",
                                      "Parallel Aware": true,
                                      "Relation Name": "movie_companies",
                                      "Alias": "mc",
                                      "Startup Cost": 0.0,
                                      "Total Cost": 31414.82,
                                      "Plan Rows": 5074,
                                      "Plan Width": 8,
                                      "Actual Startup Time": 0.083,
                                      "Actual Total Time": 101.637,
                                      "Actual Rows": 12224,
                                      "Actual Loops": 4,
                                      "Filter": "((note ~~ '%(Japan)%'::text) AND (note !~~ '%(USA)%'::text))",
                                      "Rows Removed by Filter": 640058
                                    },
                                    {
                                      "Node Type": "Hash",
                                      "Parent Relationship": "Inner",
                                      "Parallel Aware": true,
                                      "Startup Cost": 4722.92,
                                      "Total Cost": 4722.92,
                                      "Plan Rows": 3935,
                                      "Plan Width": 4,
                                      "Actual Startup Time": 22.324,
                                      "Actual Total Time": 22.325,
                                      "Actual Rows": 1688,
                                      "Actual Loops": 4,
                                      "Hash Buckets": 8192,
                                      "Original Hash Buckets": 8192,
                                      "Hash Batches": 1,
                                      "Original Hash Batches": 1,
                                      "Peak Memory Usage": 448,
                                      "Plans": [
                                        {
                                          "Node Type": "Seq Scan",
                                          "Parent Relationship": "Outer",
                                          "Parallel Aware": true,
                                          "Relation Name": "company_name",
                                          "Alias": "cn",
                                          "Startup Cost": 0.0,
                                          "Total Cost": 4722.92,
                                          "Plan Rows": 3935,
                                          "Plan Width": 4,
                                          "Actual Startup Time": 0.084,
                                          "Actual Total Time": 21.22,
                                          "Actual Rows": 1688,
                                          "Actual Loops": 4,
                                          "Filter": "((country_code)::text = '[jp]'::text)",
                                          "Rows Removed by Filter": 57061
                                        }
                                      ]
                                    }
                                  ]
                                },
                                {
                                  "Node Type": "Index Scan",
                                  "Parent Relationship": "Inner",
                                  "Parallel Aware": false,
                                  "Scan Direction": "Forward",
                                  "Index Name": "title_pkey",
                                  "Relation Name": "title",
                                  "Alias": "t",
                                  "Startup Cost": 0.43,
                                  "Total Cost": 5.87,
                                  "Plan Rows": 1,
                                  "Plan Width": 21,
                                  "Actual Startup Time": 0.006,
                                  "Actual Total Time": 0.006,
                                  "Actual Rows": 1,
                                  "Actual Loops": 48328,
                                  "Index Cond": "(id = mc.movie_id)",
                                  "Rows Removed by Index Recheck": 0
                                }
                              ]
                            },
                            {
                              "Node Type": "Index Scan",
                              "Parent Relationship": "Inner",
                              "Parallel Aware": false,
                              "Scan Direction": "Forward",
                              "Index Name": "movie_id_cast_info",
                              "Relation Name": "cast_info",
                              "Alias": "ci",
                              "Startup Cost": 0.56,
                              "Total Cost": 1.85,
                              "Plan Rows": 1,
                              "Plan Width": 12,
                              "Actual Startup Time": 0.035,
                              "Actual Total Time": 0.059,
                              "Actual Rows": 1,
                              "Actual Loops": 48328,
                              "Index Cond": "(movie_id = t.id)",
                              "Rows Removed by Index Recheck": 0,
                              "Filter": "(note = '(uncredited)'::text)",
                              "Rows Removed by Filter": 31
                            }
                          ]
                        },
                        {
                          "Node Type": "Hash",
                          "Parent Relationship": "Inner",
                          "Parallel Aware": false,
                          "Startup Cost": 1.15,
                          "Total Cost": 1.15,
                          "Plan Rows": 1,
                          "Plan Width": 4,
                          "Actual Startup Time": 0.094,
                          "Actual Total Time": 0.095,
                          "Actual Rows": 1,
                          "Actual Loops": 4,
                          "Hash Buckets": 1024,
                          "Original Hash Buckets": 1024,
                          "Hash Batches": 1,
                          "Original Hash Batches": 1,
                          "Peak Memory Usage": 9,
                          "Plans": [
                            {
                              "Node Type": "Seq Scan",
                              "Parent Relationship": "Outer",
                              "Parallel Aware": false,
                              "Relation Name": "role_type",
                              "Alias": "rt",
                              "Startup Cost": 0.0,
                              "Total Cost": 1.15,
                              "Plan Rows": 1,
                              "Plan Width": 4,
                              "Actual Startup Time": 0.069,
                              "Actual Total Time": 0.074,
                              "Actual Rows": 1,
                              "Actual Loops": 4,
                              "Filter": "((role)::text = 'actor'::text)",
                              "Rows Removed by Filter": 11
                            }
                          ]
                        }
                      ]
                    },
                    {
                      "Node Type": "Index Scan",
                      "Parent Relationship": "Inner",
                      "Parallel Aware": false,
                      "Scan Direction": "Forward",
                      "Index Name": "name_pkey",
                      "Relation Name": "name",
                      "Alias": "n1",
                      "Startup Cost": 0.43,
                      "Total Cost": 0.86,
                      "Plan Rows": 1,
                      "Plan Width": 4,
                      "Actual Startup Time": 0.007,
                      "Actual Total Time": 0.007,
                      "Actual Rows": 0,
                      "Actual Loops": 46688,
                      "Index Cond": "(id = ci.person_id)",
                      "Rows Removed by Index Recheck": 0,
                      "Filter": "((name ~~ '%Yo%'::text) AND (name !~~ '%Yu%'::text))",
                      "Rows Removed by Filter": 1
                    }
                  ]
                }
              ]
            },
            {
              "Node Type": "Index Scan",
              "Parent Relationship": "Inner",
              "Parallel Aware": false,
              "Scan Direction": "Forward",
              "Index Name": "person_id_aka_name",
              "Relation Name": "aka_name",
              "Alias": "an1",
              "Startup Cost": 0.42,
              "Total Cost": 0.55,
              "Plan Rows": 2,
              "Plan Width": 20,
              "Actual Startup Time": 0.006,
              "Actual Total Time": 0.007,
              "Actual Rows": 1,
              "Actual Loops": 169,
              "Index Cond": "(person_id = ci.person_id)",
              "Rows Removed by Index Recheck": 0
            }
          ]
        }
      ]
    },
    "Planning Time": 2.96,
    "Triggers": [],
    "Execution Time": 1132.502
  }
]