[
  {
    "Plan": {
      "Node Type": "Aggregate",
      "Strategy": "Plain",
      "Partial Mode": "Finalize",
      "Parallel Aware": false,
      "Startup Cost": 45770.69,
      "Total Cost": 45770.7,
      "Plan Rows": 1,
      "Plan Width": 8,
      "Actual Startup Time": 164.769,
      "Actual Total Time": 175.619,
      "Actual Rows": 1,
      "Actual Loops": 1,
      "Plans": [
        {
          "Node Type": "Gather",
          "Parent Relationship": "Outer",
          "Parallel Aware": false,
          "Startup Cost": 45770.37,
          "Total Cost": 45770.68,
          "Plan Rows": 3,
          "Plan Width": 8,
          "Actual Startup Time": 164.591,
          "Actual Total Time": 175.609,
          "Actual Rows": 4,
          "Actual Loops": 1,
          "Workers Planned": 3,
          "Workers Launched": 3,
          "Single Copy": false,
          "Plans": [
            {
              "Node Type": "Aggregate",
              "Strategy": "Plain",
              "Partial Mode": "Partial",
              "Parent Relationship": "Outer",
              "Parallel Aware": false,
              "Startup Cost": 44770.37,
              "Total Cost": 44770.38,
              "Plan Rows": 1,
              "Plan Width": 8,
              "Actual Startup Time": 158.961,
              "Actual Total Time": 158.962,
              "Actual Rows": 1,
              "Actual Loops": 4,
              "Plans": [
                {
                  "Node Type": "Seq Scan",
                  "Parent Relationship": "Outer",
                  "Parallel Aware": true,
                  "Relation Name": "movie_keyword",
                  "Alias": "mk",
                  "Startup Cost": 0.0,
                  "Total Cost": 42695.65,
                  "Plan Rows": 829888,
                  "Plan Width": 0,
                  "Actual Startup Time": 0.255,
                  "Actual Total Time": 126.324,
                  "Actual Rows": 641885,
                  "Actual Loops": 4,
                  "Filter": "(keyword_id > 3403)",
                  "Rows Removed by Filter": 489098
                }
              ]
            }
          ]
        }
      ]
    },
    "Planning Time": 0.188,
    "Triggers": [],
    "Execution Time": 175.675
  }
]