[
  {
    "Plan": {
      "Node Type": "Aggregate",
      "Strategy": "Plain",
      "Partial Mode": "Finalize",
      "Parallel Aware": false,
      "Startup Cost": 45772.44,
      "Total Cost": 45772.45,
      "Plan Rows": 1,
      "Plan Width": 8,
      "Actual Startup Time": 151.76,
      "Actual Total Time": 161.252,
      "Actual Rows": 1,
      "Actual Loops": 1,
      "Plans": [
        {
          "Node Type": "Gather",
          "Parent Relationship": "Outer",
          "Parallel Aware": false,
          "Startup Cost": 45772.12,
          "Total Cost": 45772.43,
          "Plan Rows": 3,
          "Plan Width": 8,
          "Actual Startup Time": 151.634,
          "Actual Total Time": 161.244,
          "Actual Rows": 4,
          "Actual Loops": 1,
          "Workers Planned": 3,
          "Workers Launched": 3,
          "Single Copy": false,
          "Plans": [
            {
              "Node Type": "Aggregate",
              "Strategy": "Plain",
              "Partial Mode": "Partial",
              "Parent Relationship": "Outer",
              "Parallel Aware": false,
              "Startup Cost": 44772.12,
              "Total Cost": 44772.13,
              "Plan Rows": 1,
              "Plan Width": 8,
              "Actual Startup Time": 144.488,
              "Actual Total Time": 144.489,
              "Actual Rows": 1,
              "Actual Loops": 4,
              "Plans": [
                {
                  "Node Type": "Seq Scan",
                  "Parent Relationship": "Outer",
                  "Parallel Aware": true,
                  "Relation Name": "movie_keyword",
                  "Alias": "mk",
                  "Startup Cost": 0.0,
                  "Total Cost": 42695.65,
                  "Plan Rows": 830586,
                  "Plan Width": 0,
                  "Actual Startup Time": 0.537,
                  "Actual Total Time": 115.754,
                  "Actual Rows": 641885,
                  "Actual Loops": 4,
                  "Filter": "(keyword_id > 3403)",
                  "Rows Removed by Filter": 489098
                }
              ]
            }
          ]
        }
      ]
    },
    "Planning Time": 0.184,
    "Triggers": [],
    "Execution Time": 161.309
  }
]