[
    {
        "Bao": {
            "Bao prediction": "NaN",
            "Bao recommended hint": "(no hint)"
        }
    },
    {
        "Plan": {
            "Node Type": "Aggregate",
            "Strategy": "Plain",
            "Partial Mode": "Finalize",
            "Parallel Aware": false,
            "Startup Cost": 81863.84,
            "Total Cost": 81863.85,
            "Plan Rows": 1,
            "Plan Width": 8,
            "Actual Startup Time": 392.017,
            "Actual Total Time": 401.321,
            "Actual Rows": 1,
            "Actual Loops": 1,
            "Output": [
                "count(*)"
            ],
            "Plans": [
                {
                    "Node Type": "Gather",
                    "Parent Relationship": "Outer",
                    "Parallel Aware": false,
                    "Startup Cost": 81863.42,
                    "Total Cost": 81863.83,
                    "Plan Rows": 4,
                    "Plan Width": 8,
                    "Actual Startup Time": 382.464,
                    "Actual Total Time": 401.312,
                    "Actual Rows": 5,
                    "Actual Loops": 1,
                    "Output": [
                        "(PARTIAL count(*))"
                    ],
                    "Workers Planned": 4,
                    "Workers Launched": 4,
                    "Single Copy": false,
                    "Plans": [
                        {
                            "Node Type": "Aggregate",
                            "Strategy": "Plain",
                            "Partial Mode": "Partial",
                            "Parent Relationship": "Outer",
                            "Parallel Aware": false,
                            "Startup Cost": 80863.42,
                            "Total Cost": 80863.43,
                            "Plan Rows": 1,
                            "Plan Width": 8,
                            "Actual Startup Time": 373.461,
                            "Actual Total Time": 373.464,
                            "Actual Rows": 1,
                            "Actual Loops": 5,
                            "Output": [
                                "PARTIAL count(*)"
                            ],
                            "Workers": [
                                {
                                    "Worker Number": 0,
                                    "Actual Startup Time": 371.67,
                                    "Actual Total Time": 371.673,
                                    "Actual Rows": 1,
                                    "Actual Loops": 1
                                },
                                {
                                    "Worker Number": 1,
                                    "Actual Startup Time": 371.207,
                                    "Actual Total Time": 371.21,
                                    "Actual Rows": 1,
                                    "Actual Loops": 1
                                },
                                {
                                    "Worker Number": 2,
                                    "Actual Startup Time": 371.072,
                                    "Actual Total Time": 371.075,
                                    "Actual Rows": 1,
                                    "Actual Loops": 1
                                },
                                {
                                    "Worker Number": 3,
                                    "Actual Startup Time": 371.422,
                                    "Actual Total Time": 371.425,
                                    "Actual Rows": 1,
                                    "Actual Loops": 1
                                }
                            ],
                            "Plans": [
                                {
                                    "Node Type": "Hash Join",
                                    "Parent Relationship": "Outer",
                                    "Parallel Aware": true,
                                    "Join Type": "Inner",
                                    "Startup Cost": 33792.99,
                                    "Total Cost": 80168.66,
                                    "Plan Rows": 277904,
                                    "Plan Width": 0,
                                    "Actual Startup Time": 148.852,
                                    "Actual Total Time": 362.825,
                                    "Actual Rows": 222623,
                                    "Actual Loops": 5,
                                    "Inner Unique": false,
                                    "Hash Cond": "(t.id = mc.movie_id)",
                                    "Workers": [
                                        {
                                            "Worker Number": 0,
                                            "Actual Startup Time": 146.4,
                                            "Actual Total Time": 359.416,
                                            "Actual Rows": 166913,
                                            "Actual Loops": 1
                                        },
                                        {
                                            "Worker Number": 1,
                                            "Actual Startup Time": 146.769,
                                            "Actual Total Time": 360.828,
                                            "Actual Rows": 232932,
                                            "Actual Loops": 1
                                        },
                                        {
                                            "Worker Number": 2,
                                            "Actual Startup Time": 146.622,
                                            "Actual Total Time": 361.434,
                                            "Actual Rows": 214228,
                                            "Actual Loops": 1
                                        },
                                        {
                                            "Worker Number": 3,
                                            "Actual Startup Time": 146.974,
                                            "Actual Total Time": 360.945,
                                            "Actual Rows": 232266,
                                            "Actual Loops": 1
                                        }
                                    ],
                                    "Plans": [
                                        {
                                            "Node Type": "Seq Scan",
                                            "Parent Relationship": "Outer",
                                            "Parallel Aware": true,
                                            "Relation Name": "title",
                                            "Schema": "public",
                                            "Alias": "t",
                                            "Startup Cost": 0.0,
                                            "Total Cost": 42318.81,
                                            "Plan Rows": 632080,
                                            "Plan Width": 4,
                                            "Actual Startup Time": 0.012,
                                            "Actual Total Time": 59.343,
                                            "Actual Rows": 505662,
                                            "Actual Loops": 5,
                                            "Output": [
                                                "t.id",
                                                "t.title",
                                                "t.imdb_index",
                                                "t.kind_id",
                                                "t.production_year",
                                                "t.imdb_id",
                                                "t.phonetic_code",
                                                "t.episode_of_id",
                                                "t.season_nr",
                                                "t.episode_nr",
                                                "t.series_years",
                                                "t.md5sum"
                                            ],
                                            "Workers": [
                                                {
                                                    "Worker Number": 0,
                                                    "Actual Startup Time": 0.011,
                                                    "Actual Total Time": 67.733,
                                                    "Actual Rows": 379798,
                                                    "Actual Loops": 1
                                                },
                                                {
                                                    "Worker Number": 1,
                                                    "Actual Startup Time": 0.017,
                                                    "Actual Total Time": 60.64,
                                                    "Actual Rows": 529592,
                                                    "Actual Loops": 1
                                                },
                                                {
                                                    "Worker Number": 2,
                                                    "Actual Startup Time": 0.015,
                                                    "Actual Total Time": 59.645,
                                                    "Actual Rows": 486586,
                                                    "Actual Loops": 1
                                                },
                                                {
                                                    "Worker Number": 3,
                                                    "Actual Startup Time": 0.013,
                                                    "Actual Total Time": 60.309,
                                                    "Actual Rows": 524735,
                                                    "Actual Loops": 1
                                                }
                                            ]
                                        },
                                        {
                                            "Node Type": "Hash",
                                            "Parent Relationship": "Inner",
                                            "Parallel Aware": true,
                                            "Startup Cost": 29310.68,
                                            "Total Cost": 29310.68,
                                            "Plan Rows": 358585,
                                            "Plan Width": 4,
                                            "Actual Startup Time": 145.061,
                                            "Actual Total Time": 145.062,
                                            "Actual Rows": 222623,
                                            "Actual Loops": 5,
                                            "Output": [
                                                "mc.movie_id"
                                            ],
                                            "Hash Buckets": 2097152,
                                            "Original Hash Buckets": 2097152,
                                            "Hash Batches": 1,
                                            "Original Hash Batches": 1,
                                            "Peak Memory Usage": 60032,
                                            "Workers": [
                                                {
                                                    "Worker Number": 0,
                                                    "Actual Startup Time": 145.72,
                                                    "Actual Total Time": 145.721,
                                                    "Actual Rows": 157176,
                                                    "Actual Loops": 1
                                                },
                                                {
                                                    "Worker Number": 1,
                                                    "Actual Startup Time": 146.038,
                                                    "Actual Total Time": 146.039,
                                                    "Actual Rows": 212479,
                                                    "Actual Loops": 1
                                                },
                                                {
                                                    "Worker Number": 2,
                                                    "Actual Startup Time": 145.956,
                                                    "Actual Total Time": 145.957,
                                                    "Actual Rows": 195514,
                                                    "Actual Loops": 1
                                                },
                                                {
                                                    "Worker Number": 3,
                                                    "Actual Startup Time": 146.243,
                                                    "Actual Total Time": 146.244,
                                                    "Actual Rows": 213843,
                                                    "Actual Loops": 1
                                                }
                                            ],
                                            "Plans": [
                                                {
                                                    "Node Type": "Seq Scan",
                                                    "Parent Relationship": "Outer",
                                                    "Parallel Aware": true,
                                                    "Relation Name": "movie_companies",
                                                    "Schema": "public",
                                                    "Alias": "mc",
                                                    "Startup Cost": 0.0,
                                                    "Total Cost": 29310.68,
                                                    "Plan Rows": 358585,
                                                    "Plan Width": 4,
                                                    "Actual Startup Time": 0.053,
                                                    "Actual Total Time": 66.106,
                                                    "Actual Rows": 222623,
                                                    "Actual Loops": 5,
                                                    "Output": [
                                                        "mc.movie_id"
                                                    ],
                                                    "Filter": "(mc.company_id < 7848)",
                                                    "Rows Removed by Filter": 299203,
                                                    "Workers": [
                                                        {
                                                            "Worker Number": 0,
                                                            "Actual Startup Time": 0.065,
                                                            "Actual Total Time": 69.713,
                                                            "Actual Rows": 157176,
                                                            "Actual Loops": 1
                                                        },
                                                        {
                                                            "Worker Number": 1,
                                                            "Actual Startup Time": 0.061,
                                                            "Actual Total Time": 67.339,
                                                            "Actual Rows": 212479,
                                                            "Actual Loops": 1
                                                        },
                                                        {
                                                            "Worker Number": 2,
                                                            "Actual Startup Time": 0.074,
                                                            "Actual Total Time": 63.954,
                                                            "Actual Rows": 195514,
                                                            "Actual Loops": 1
                                                        },
                                                        {
                                                            "Worker Number": 3,
                                                            "Actual Startup Time": 0.052,
                                                            "Actual Total Time": 67.794,
                                                            "Actual Rows": 213843,
                                                            "Actual Loops": 1
                                                        }
                                                    ]
                                                }
                                            ]
                                        }
                                    ]
                                }
                            ]
                        }
                    ]
                }
            ]
        },
        "Planning Time": 185.006,
        "Triggers": [],
        "Execution Time": 401.413
    }
]