[
  {
    "Plan": {
      "Node Type": "Aggregate",
      "Strategy": "Plain",
      "Partial Mode": "Finalize",
      "Parallel Aware": false,
      "Startup Cost": 63107.59,
      "Total Cost": 63107.6,
      "Plan Rows": 1,
      "Plan Width": 8,
      "Actual Startup Time": 244.855,
      "Actual Total Time": 257.227,
      "Actual Rows": 1,
      "Actual Loops": 1,
      "Plans": [
        {
          "Node Type": "Gather",
          "Parent Relationship": "Outer",
          "Parallel Aware": false,
          "Startup Cost": 63107.37,
          "Total Cost": 63107.58,
          "Plan Rows": 2,
          "Plan Width": 8,
          "Actual Startup Time": 243.683,
          "Actual Total Time": 257.22,
          "Actual Rows": 3,
          "Actual Loops": 1,
          "Workers Planned": 2,
          "Workers Launched": 2,
          "Single Copy": false,
          "Plans": [
            {
              "Node Type": "Aggregate",
              "Strategy": "Plain",
              "Partial Mode": "Partial",
              "Parent Relationship": "Outer",
              "Parallel Aware": false,
              "Startup Cost": 62107.37,
              "Total Cost": 62107.38,
              "Plan Rows": 1,
              "Plan Width": 8,
              "Actual Startup Time": 236.281,
              "Actual Total Time": 236.284,
              "Actual Rows": 1,
              "Actual Loops": 3,
              "Plans": [
                {
                  "Node Type": "Hash Join",
                  "Parent Relationship": "Outer",
                  "Parallel Aware": true,
                  "Join Type": "Inner",
                  "Startup Cost": 46692.11,
                  "Total Cost": 61886.67,
                  "Plan Rows": 88281,
                  "Plan Width": 0,
                  "Actual Startup Time": 146.371,
                  "Actual Total Time": 234.603,
                  "Actual Rows": 37951,
                  "Actual Loops": 3,
                  "Inner Unique": true,
                  "Hash Cond": "(mi_idx.movie_id = t.id)",
                  "Plans": [
                    {
                      "Node Type": "Seq Scan",
                      "Parent Relationship": "Outer",
                      "Parallel Aware": true,
                      "Relation Name": "movie_info_idx",
                      "Alias": "mi_idx",
                      "Startup Cost": 0.0,
                      "Total Cost": 13685.15,
                      "Plan Rows": 575015,
                      "Plan Width": 4,
                      "Actual Startup Time": 0.028,
                      "Actual Total Time": 35.465,
                      "Actual Rows": 460012,
                      "Actual Loops": 3
                    },
                    {
                      "Node Type": "Hash",
                      "Parent Relationship": "Inner",
                      "Parallel Aware": true,
                      "Startup Cost": 45479.1,
                      "Total Cost": 45479.1,
                      "Plan Rows": 97041,
                      "Plan Width": 4,
                      "Actual Startup Time": 142.7,
                      "Actual Total Time": 142.701,
                      "Actual Rows": 86600,
                      "Actual Loops": 3,
                      "Hash Buckets": 524288,
                      "Original Hash Buckets": 524288,
                      "Hash Batches": 1,
                      "Original Hash Batches": 1,
                      "Peak Memory Usage": 14304,
                      "Plans": [
                        {
                          "Node Type": "Seq Scan",
                          "Parent Relationship": "Outer",
                          "Parallel Aware": true,
                          "Relation Name": "title",
                          "Alias": "t",
                          "Startup Cost": 0.0,
                          "Total Cost": 45479.1,
                          "Plan Rows": 97041,
                          "Plan Width": 4,
                          "Actual Startup Time": 0.032,
                          "Actual Total Time": 113.537,
                          "Actual Rows": 86600,
                          "Actual Loops": 3,
                          "Filter": "((kind_id > 1) AND (production_year < 1982))",
                          "Rows Removed by Filter": 756171
                        }
                      ]
                    }
                  ]
                }
              ]
            }
          ]
        }
      ]
    },
    "Planning Time": 0.477,
    "Triggers": [],
    "Execution Time": 257.282
  }
]