[
  {
    "Plan": {
      "Node Type": "Aggregate",
      "Strategy": "Plain",
      "Partial Mode": "Finalize",
      "Parallel Aware": false,
      "Startup Cost": 42662.95,
      "Total Cost": 42662.96,
      "Plan Rows": 1,
      "Plan Width": 8,
      "Actual Startup Time": 76.805,
      "Actual Total Time": 88.835,
      "Actual Rows": 1,
      "Actual Loops": 1,
      "Plans": [
        {
          "Node Type": "Gather",
          "Parent Relationship": "Outer",
          "Parallel Aware": false,
          "Startup Cost": 42662.74,
          "Total Cost": 42662.95,
          "Plan Rows": 2,
          "Plan Width": 8,
          "Actual Startup Time": 76.539,
          "Actual Total Time": 88.827,
          "Actual Rows": 3,
          "Actual Loops": 1,
          "Workers Planned": 2,
          "Workers Launched": 2,
          "Single Copy": false,
          "Plans": [
            {
              "Node Type": "Aggregate",
              "Strategy": "Plain",
              "Partial Mode": "Partial",
              "Parent Relationship": "Outer",
              "Parallel Aware": false,
              "Startup Cost": 41662.74,
              "Total Cost": 41662.75,
              "Plan Rows": 1,
              "Plan Width": 8,
              "Actual Startup Time": 68.269,
              "Actual Total Time": 68.271,
              "Actual Rows": 1,
              "Actual Loops": 3,
              "Plans": [
                {
                  "Node Type": "Nested Loop",
                  "Parent Relationship": "Outer",
                  "Parallel Aware": false,
                  "Join Type": "Inner",
                  "Startup Cost": 177.57,
                  "Total Cost": 41660.5,
                  "Plan Rows": 896,
                  "Plan Width": 0,
                  "Actual Startup Time": 4.645,
                  "Actual Total Time": 67.846,
                  "Actual Rows": 4173,
                  "Actual Loops": 3,
                  "Inner Unique": false,
                  "Plans": [
                    {
                      "Node Type": "Nested Loop",
                      "Parent Relationship": "Outer",
                      "Parallel Aware": false,
                      "Join Type": "Inner",
                      "Startup Cost": 177.14,
                      "Total Cost": 40548.08,
                      "Plan Rows": 1710,
                      "Plan Width": 8,
                      "Actual Startup Time": 4.487,
                      "Actual Total Time": 44.184,
                      "Actual Rows": 2112,
                      "Actual Loops": 3,
                      "Inner Unique": true,
                      "Plans": [
                        {
                          "Node Type": "Bitmap Heap Scan",
                          "Parent Relationship": "Outer",
                          "Parallel Aware": true,
                          "Relation Name": "movie_keyword",
                          "Alias": "mk",
                          "Startup Cost": 176.71,
                          "Total Cost": 17130.16,
                          "Plan Rows": 3456,
                          "Plan Width": 4,
                          "Actual Startup Time": 4.288,
                          "Actual Total Time": 16.126,
                          "Actual Rows": 3314,
                          "Actual Loops": 3,
                          "Recheck Cond": "(keyword_id = 56)",
                          "Rows Removed by Index Recheck": 0,
                          "Exact Heap Blocks": 4858,
                          "Lossy Heap Blocks": 0,
                          "Plans": [
                            {
                              "Node Type": "Bitmap Index Scan",
                              "Parent Relationship": "Outer",
                              "Parallel Aware": false,
                              "Index Name": "keyword_id_movie_keyword",
                              "Startup Cost": 0.0,
                              "Total Cost": 174.64,
                              "Plan Rows": 8294,
                              "Plan Width": 0,
                              "Actual Startup Time": 7.502,
                              "Actual Total Time": 7.503,
                              "Actual Rows": 9942,
                              "Actual Loops": 1,
                              "Index Cond": "(keyword_id = 56)"
                            }
                          ]
                        },
                        {
                          "Node Type": "Index Scan",
                          "Parent Relationship": "Inner",
                          "Parallel Aware": false,
                          "Scan Direction": "Forward",
                          "Index Name": "title_pkey",
                          "Relation Name": "title",
                          "Alias": "t",
                          "Startup Cost": 0.43,
                          "Total Cost": 6.78,
                          "Plan Rows": 1,
                          "Plan Width": 4,
                          "Actual Startup Time": 0.008,
                          "Actual Total Time": 0.008,
                          "Actual Rows": 1,
                          "Actual Loops": 9942,
                          "Index Cond": "(id = mk.movie_id)",
                          "Rows Removed by Index Recheck": 0,
                          "Filter": "(production_year < 2004)",
                          "Rows Removed by Filter": 0
                        }
                      ]
                    },
                    {
                      "Node Type": "Index Scan",
                      "Parent Relationship": "Inner",
                      "Parallel Aware": false,
                      "Scan Direction": "Forward",
                      "Index Name": "movie_id_movie_companies",
                      "Relation Name": "movie_companies",
                      "Alias": "mc",
                      "Startup Cost": 0.43,
                      "Total Cost": 0.62,
                      "Plan Rows": 3,
                      "Plan Width": 4,
                      "Actual Startup Time": 0.01,
                      "Actual Total Time": 0.011,
                      "Actual Rows": 2,
                      "Actual Loops": 6336,
                      "Index Cond": "(movie_id = t.id)",
                      "Rows Removed by Index Recheck": 0,
                      "Filter": "(company_type_id > 1)",
                      "Rows Removed by Filter": 5
                    }
                  ]
                }
              ]
            }
          ]
        }
      ]
    },
    "Planning Time": 1.504,
    "Triggers": [],
    "Execution Time": 88.941
  }
]