{
  "Plan": {
    "Node Type": "Aggregate",
    "Strategy": "Plain",
    "Partial Mode": "Finalize",
    "Parallel Aware": false,
    "Startup Cost": 92400.77,
    "Total Cost": 92400.78,
    "Plan Rows": 1,
    "Plan Width": 8,
    "Actual Startup Time": 158.233,
    "Actual Total Time": 173.224,
    "Actual Rows": 1,
    "Actual Loops": 1,
    "Plans": [
      {
        "Node Type": "Gather",
        "Parent Relationship": "Outer",
        "Parallel Aware": false,
        "Startup Cost": 92400.66,
        "Total Cost": 92400.77,
        "Plan Rows": 1,
        "Plan Width": 8,
        "Actual Startup Time": 158.123,
        "Actual Total Time": 173.218,
        "Actual Rows": 2,
        "Actual Loops": 1,
        "Workers Planned": 1,
        "Workers Launched": 1,
        "Single Copy": false,
        "Plans": [
          {
            "Node Type": "Aggregate",
            "Strategy": "Plain",
            "Partial Mode": "Partial",
            "Parent Relationship": "Outer",
            "Parallel Aware": false,
            "Startup Cost": 91400.66,
            "Total Cost": 91400.67,
            "Plan Rows": 1,
            "Plan Width": 8,
            "Actual Startup Time": 152.235,
            "Actual Total Time": 152.237,
            "Actual Rows": 1,
            "Actual Loops": 2,
            "Plans": [
              {
                "Node Type": "Nested Loop",
                "Parent Relationship": "Outer",
                "Parallel Aware": false,
                "Join Type": "Inner",
                "Startup Cost": 0.43,
                "Total Cost": 91394.14,
                "Plan Rows": 2609,
                "Plan Width": 0,
                "Actual Startup Time": 91.464,
                "Actual Total Time": 151.935,
                "Actual Rows": 4058,
                "Actual Loops": 2,
                "Inner Unique": false,
                "Plans": [
                  {
                    "Node Type": "Seq Scan",
                    "Parent Relationship": "Outer",
                    "Parallel Aware": true,
                    "Relation Name": "title",
                    "Alias": "t",
                    "Startup Cost": 0.0,
                    "Total Cost": 54588.39,
                    "Plan Rows": 2528,
                    "Plan Width": 4,
                    "Actual Startup Time": 76.921,
                    "Actual Total Time": 135.018,
                    "Actual Rows": 2257,
                    "Actual Loops": 2,
                    "Filter": "(production_year = 1917)",
                    "Rows Removed by Filter": 1261899
                  },
                  {
                    "Node Type": "Index Only Scan",
                    "Parent Relationship": "Inner",
                    "Parallel Aware": false,
                    "Scan Direction": "Forward",
                    "Index Name": "movie_id_movie_companies",
                    "Relation Name": "movie_companies",
                    "Alias": "mc",
                    "Startup Cost": 0.43,
                    "Total Cost": 14.51,
                    "Plan Rows": 5,
                    "Plan Width": 4,
                    "Actual Startup Time": 0.006,
                    "Actual Total Time": 0.007,
                    "Actual Rows": 2,
                    "Actual Loops": 4514,
                    "Index Cond": "(movie_id = t.id)",
                    "Rows Removed by Index Recheck": 0,
                    "Heap Fetches": 8117
                  }
                ]
              }
            ]
          }
        ]
      }
    ]
  },
  "Planning Time": 0.423,
  "Triggers": [],
  "Execution Time": 173.299
}