[
  {
    "Plan": {
      "Node Type": "Aggregate",
      "Strategy": "Plain",
      "Partial Mode": "Finalize",
      "Parallel Aware": false,
      "Startup Cost": 376397.4,
      "Total Cost": 376397.41,
      "Plan Rows": 1,
      "Plan Width": 8,
      "Actual Startup Time": 505.262,
      "Actual Total Time": 579.901,
      "Actual Rows": 1,
      "Actual Loops": 1,
      "Plans": [
        {
          "Node Type": "Gather",
          "Parent Relationship": "Outer",
          "Parallel Aware": false,
          "Startup Cost": 376396.98,
          "Total Cost": 376397.39,
          "Plan Rows": 4,
          "Plan Width": 8,
          "Actual Startup Time": 505.134,
          "Actual Total Time": 579.891,
          "Actual Rows": 5,
          "Actual Loops": 1,
          "Workers Planned": 4,
          "Workers Launched": 4,
          "Single Copy": false,
          "Plans": [
            {
              "Node Type": "Aggregate",
              "Strategy": "Plain",
              "Partial Mode": "Partial",
              "Parent Relationship": "Outer",
              "Parallel Aware": false,
              "Startup Cost": 375396.98,
              "Total Cost": 375396.99,
              "Plan Rows": 1,
              "Plan Width": 8,
              "Actual Startup Time": 495.256,
              "Actual Total Time": 495.258,
              "Actual Rows": 1,
              "Actual Loops": 5,
              "Plans": [
                {
                  "Node Type": "Nested Loop",
                  "Parent Relationship": "Outer",
                  "Parallel Aware": false,
                  "Join Type": "Inner",
                  "Startup Cost": 0.56,
                  "Total Cost": 375197.25,
                  "Plan Rows": 79892,
                  "Plan Width": 0,
                  "Actual Startup Time": 1.027,
                  "Actual Total Time": 490.851,
                  "Actual Rows": 65521,
                  "Actual Loops": 5,
                  "Inner Unique": false,
                  "Plans": [
                    {
                      "Node Type": "Seq Scan",
                      "Parent Relationship": "Outer",
                      "Parallel Aware": true,
                      "Relation Name": "title",
                      "Alias": "t",
                      "Startup Cost": 0.0,
                      "Total Cost": 43898.92,
                      "Plan Rows": 16729,
                      "Plan Width": 4,
                      "Actual Startup Time": 0.038,
                      "Actual Total Time": 58.977,
                      "Actual Rows": 13555,
                      "Actual Loops": 5,
                      "Filter": "(production_year = 2003)",
                      "Rows Removed by Filter": 492107
                    },
                    {
                      "Node Type": "Index Scan",
                      "Parent Relationship": "Inner",
                      "Parallel Aware": false,
                      "Scan Direction": "Forward",
                      "Index Name": "movie_id_cast_info",
                      "Relation Name": "cast_info",
                      "Alias": "ci",
                      "Startup Cost": 0.56,
                      "Total Cost": 19.68,
                      "Plan Rows": 12,
                      "Plan Width": 4,
                      "Actual Startup Time": 0.024,
                      "Actual Total Time": 0.031,
                      "Actual Rows": 5,
                      "Actual Loops": 67777,
                      "Index Cond": "(movie_id = t.id)",
                      "Rows Removed by Index Recheck": 0,
                      "Filter": "((person_id > 80978) AND (role_id > 3))",
                      "Rows Removed by Filter": 10
                    }
                  ]
                }
              ]
            }
          ]
        }
      ]
    },
    "Planning Time": 0.614,
    "Triggers": [],
    "Execution Time": 579.991
  }
]