[
  {
    "Plan": {
      "Node Type": "Aggregate",
      "Strategy": "Plain",
      "Partial Mode": "Finalize",
      "Parallel Aware": false,
      "Startup Cost": 346160.03,
      "Total Cost": 346160.04,
      "Plan Rows": 1,
      "Plan Width": 8,
      "Actual Startup Time": 720.456,
      "Actual Total Time": 768.146,
      "Actual Rows": 1,
      "Actual Loops": 1,
      "Plans": [
        {
          "Node Type": "Gather",
          "Parent Relationship": "Outer",
          "Parallel Aware": false,
          "Startup Cost": 346159.4,
          "Total Cost": 346160.01,
          "Plan Rows": 6,
          "Plan Width": 8,
          "Actual Startup Time": 720.252,
          "Actual Total Time": 768.131,
          "Actual Rows": 7,
          "Actual Loops": 1,
          "Workers Planned": 6,
          "Workers Launched": 6,
          "Single Copy": false,
          "Plans": [
            {
              "Node Type": "Aggregate",
              "Strategy": "Plain",
              "Partial Mode": "Partial",
              "Parent Relationship": "Outer",
              "Parallel Aware": false,
              "Startup Cost": 345159.4,
              "Total Cost": 345159.41,
              "Plan Rows": 1,
              "Plan Width": 8,
              "Actual Startup Time": 712.558,
              "Actual Total Time": 712.56,
              "Actual Rows": 1,
              "Actual Loops": 7,
              "Plans": [
                {
                  "Node Type": "Seq Scan",
                  "Parent Relationship": "Outer",
                  "Parallel Aware": true,
                  "Relation Name": "cast_info",
                  "Alias": "ci",
                  "Startup Cost": 0.0,
                  "Total Cost": 343316.27,
                  "Plan Rows": 737252,
                  "Plan Width": 0,
                  "Actual Startup Time": 0.05,
                  "Actual Total Time": 668.057,
                  "Actual Rows": 769490,
                  "Actual Loops": 7,
                  "Filter": "((person_id < 652623) AND (role_id < 4))",
                  "Rows Removed by Filter": 4408273
                }
              ]
            }
          ]
        }
      ]
    },
    "Planning Time": 0.126,
    "Triggers": [],
    "Execution Time": 768.192
  }
]