{
  "Plan": {
    "Node Type": "Aggregate",
    "Strategy": "Plain",
    "Partial Mode": "Finalize",
    "Parallel Aware": false,
    "Startup Cost": 191856.49,
    "Total Cost": 191856.5,
    "Plan Rows": 1,
    "Plan Width": 8,
    "Actual Startup Time": 1956.374,
    "Actual Total Time": 1980.012,
    "Actual Rows": 1,
    "Actual Loops": 1,
    "Plans": [
      {
        "Node Type": "Gather",
        "Parent Relationship": "Outer",
        "Parallel Aware": false,
        "Startup Cost": 191856.38,
        "Total Cost": 191856.49,
        "Plan Rows": 1,
        "Plan Width": 8,
        "Actual Startup Time": 1949.783,
        "Actual Total Time": 1980.007,
        "Actual Rows": 2,
        "Actual Loops": 1,
        "Workers Planned": 1,
        "Workers Launched": 1,
        "Single Copy": false,
        "Plans": [
          {
            "Node Type": "Aggregate",
            "Strategy": "Plain",
            "Partial Mode": "Partial",
            "Parent Relationship": "Outer",
            "Parallel Aware": false,
            "Startup Cost": 190856.38,
            "Total Cost": 190856.39,
            "Plan Rows": 1,
            "Plan Width": 8,
            "Actual Startup Time": 1944.343,
            "Actual Total Time": 1944.349,
            "Actual Rows": 1,
            "Actual Loops": 2,
            "Plans": [
              {
                "Node Type": "Hash Join",
                "Parent Relationship": "Outer",
                "Parallel Aware": true,
                "Join Type": "Inner",
                "Startup Cost": 119246.05,
                "Total Cost": 188619.26,
                "Plan Rows": 894848,
                "Plan Width": 0,
                "Actual Startup Time": 1048.05,
                "Actual Total Time": 1735.227,
                "Actual Rows": 5158939,
                "Actual Loops": 2,
                "Inner Unique": false,
                "Hash Cond": "(mk.movie_id = t.id)",
                "Plans": [
                  {
                    "Node Type": "Seq Scan",
                    "Parent Relationship": "Outer",
                    "Parallel Aware": true,
                    "Relation Name": "movie_keyword",
                    "Alias": "mk",
                    "Startup Cost": 0.0,
                    "Total Cost": 57718.19,
                    "Plan Rows": 1704321,
                    "Plan Width": 4,
                    "Actual Startup Time": 0.016,
                    "Actual Total Time": 187.034,
                    "Actual Rows": 1446362,
                    "Actual Loops": 2,
                    "Filter": "(keyword_id < 9115)",
                    "Rows Removed by Filter": 815604
                  },
                  {
                    "Node Type": "Hash",
                    "Parent Relationship": "Inner",
                    "Parallel Aware": true,
                    "Startup Cost": 109485.24,
                    "Total Cost": 109485.24,
                    "Plan Rows": 780865,
                    "Plan Width": 8,
                    "Actual Startup Time": 1037.041,
                    "Actual Total Time": 1037.046,
                    "Actual Rows": 666869,
                    "Actual Loops": 2,
                    "Hash Buckets": 2097152,
                    "Original Hash Buckets": 2097152,
                    "Hash Batches": 1,
                    "Original Hash Batches": 1,
                    "Peak Memory Usage": 68576,
                    "Plans": [
                      {
                        "Node Type": "Hash Join",
                        "Parent Relationship": "Outer",
                        "Parallel Aware": true,
                        "Join Type": "Inner",
                        "Startup Cost": 69460.7,
                        "Total Cost": 109485.24,
                        "Plan Rows": 780865,
                        "Plan Width": 8,
                        "Actual Startup Time": 527.931,
                        "Actual Total Time": 868.765,
                        "Actual Rows": 666869,
                        "Actual Loops": 2,
                        "Inner Unique": true,
                        "Hash Cond": "(mc.movie_id = t.id)",
                        "Plans": [
                          {
                            "Node Type": "Seq Scan",
                            "Parent Relationship": "Outer",
                            "Parallel Aware": true,
                            "Relation Name": "movie_companies",
                            "Alias": "mc",
                            "Startup Cost": 0.0,
                            "Total Cost": 37974.77,
                            "Plan Rows": 780865,
                            "Plan Width": 4,
                            "Actual Startup Time": 14.007,
                            "Actual Total Time": 118.836,
                            "Actual Rows": 666869,
                            "Actual Loops": 2,
                            "Filter": "(company_id > 11203)",
                            "Rows Removed by Filter": 637696
                          },
                          {
                            "Node Type": "Hash",
                            "Parent Relationship": "Inner",
                            "Parallel Aware": true,
                            "Startup Cost": 50870.31,
                            "Total Cost": 50870.31,
                            "Plan Rows": 1487231,
                            "Plan Width": 4,
                            "Actual Startup Time": 500.836,
                            "Actual Total Time": 500.837,
                            "Actual Rows": 1264156,
                            "Actual Loops": 2,
                            "Hash Buckets": 4194304,
                            "Original Hash Buckets": 4194304,
                            "Hash Batches": 1,
                            "Original Hash Batches": 1,
                            "Peak Memory Usage": 131712,
                            "Plans": [
                              {
                                "Node Type": "Seq Scan",
                                "Parent Relationship": "Outer",
                                "Parallel Aware": true,
                                "Relation Name": "title",
                                "Alias": "t",
                                "Startup Cost": 0.0,
                                "Total Cost": 50870.31,
                                "Plan Rows": 1487231,
                                "Plan Width": 4,
                                "Actual Startup Time": 0.025,
                                "Actual Total Time": 145.45,
                                "Actual Rows": 1264156,
                                "Actual Loops": 2
                              }
                            ]
                          }
                        ]
                      }
                    ]
                  }
                ]
              }
            ]
          }
        ]
      }
    ]
  },
  "Planning Time": 0.658,
  "Triggers": [],
  "Execution Time": 1980.067
}