[
  {
    "Plan": {
      "Node Type": "Aggregate",
      "Strategy": "Plain",
      "Partial Mode": "Finalize",
      "Parallel Aware": false,
      "Startup Cost": 196508.83,
      "Total Cost": 196508.84,
      "Plan Rows": 1,
      "Plan Width": 8,
      "Actual Startup Time": 848.743,
      "Actual Total Time": 910.181,
      "Actual Rows": 1,
      "Actual Loops": 1,
      "Plans": [
        {
          "Node Type": "Gather",
          "Parent Relationship": "Outer",
          "Parallel Aware": false,
          "Startup Cost": 196508.51,
          "Total Cost": 196508.82,
          "Plan Rows": 3,
          "Plan Width": 8,
          "Actual Startup Time": 848.133,
          "Actual Total Time": 910.17,
          "Actual Rows": 4,
          "Actual Loops": 1,
          "Workers Planned": 3,
          "Workers Launched": 3,
          "Single Copy": false,
          "Plans": [
            {
              "Node Type": "Aggregate",
              "Strategy": "Plain",
              "Partial Mode": "Partial",
              "Parent Relationship": "Outer",
              "Parallel Aware": false,
              "Startup Cost": 195508.51,
              "Total Cost": 195508.52,
              "Plan Rows": 1,
              "Plan Width": 8,
              "Actual Startup Time": 838.862,
              "Actual Total Time": 838.865,
              "Actual Rows": 1,
              "Actual Loops": 4,
              "Plans": [
                {
                  "Node Type": "Nested Loop",
                  "Parent Relationship": "Outer",
                  "Parallel Aware": false,
                  "Join Type": "Inner",
                  "Startup Cost": 45766.21,
                  "Total Cost": 194417.69,
                  "Plan Rows": 436330,
                  "Plan Width": 0,
                  "Actual Startup Time": 121.336,
                  "Actual Total Time": 816.961,
                  "Actual Rows": 376259,
                  "Actual Loops": 4,
                  "Inner Unique": false,
                  "Join Filter": "(t.id = ci.movie_id)",
                  "Rows Removed by Join Filter": 0,
                  "Plans": [
                    {
                      "Node Type": "Hash Join",
                      "Parent Relationship": "Outer",
                      "Parallel Aware": true,
                      "Join Type": "Inner",
                      "Startup Cost": 45765.65,
                      "Total Cost": 88643.73,
                      "Plan Rows": 52928,
                      "Plan Width": 8,
                      "Actual Startup Time": 121.242,
                      "Actual Total Time": 328.466,
                      "Actual Rows": 20700,
                      "Actual Loops": 4,
                      "Inner Unique": true,
                      "Hash Cond": "(mk.movie_id = t.id)",
                      "Plans": [
                        {
                          "Node Type": "Seq Scan",
                          "Parent Relationship": "Outer",
                          "Parallel Aware": true,
                          "Relation Name": "movie_keyword",
                          "Alias": "mk",
                          "Startup Cost": 0.0,
                          "Total Cost": 39047.32,
                          "Plan Rows": 1459332,
                          "Plan Width": 4,
                          "Actual Startup Time": 0.027,
                          "Actual Total Time": 97.742,
                          "Actual Rows": 1130982,
                          "Actual Loops": 4
                        },
                        {
                          "Node Type": "Hash",
                          "Parent Relationship": "Inner",
                          "Parallel Aware": true,
                          "Startup Cost": 45479.1,
                          "Total Cost": 45479.1,
                          "Plan Rows": 22924,
                          "Plan Width": 4,
                          "Actual Startup Time": 119.328,
                          "Actual Total Time": 119.329,
                          "Actual Rows": 25448,
                          "Actual Loops": 4,
                          "Hash Buckets": 131072,
                          "Original Hash Buckets": 131072,
                          "Hash Batches": 1,
                          "Original Hash Batches": 1,
                          "Peak Memory Usage": 5056,
                          "Plans": [
                            {
                              "Node Type": "Seq Scan",
                              "Parent Relationship": "Outer",
                              "Parallel Aware": true,
                              "Relation Name": "title",
                              "Alias": "t",
                              "Startup Cost": 0.0,
                              "Total Cost": 45479.1,
                              "Plan Rows": 22924,
                              "Plan Width": 4,
                              "Actual Startup Time": 0.045,
                              "Actual Total Time": 108.13,
                              "Actual Rows": 25448,
                              "Actual Loops": 4,
                              "Filter": "((kind_id > 1) AND (production_year = 2007))",
                              "Rows Removed by Filter": 606630
                            }
                          ]
                        }
                      ]
                    },
                    {
                      "Node Type": "Index Scan",
                      "Parent Relationship": "Inner",
                      "Parallel Aware": false,
                      "Scan Direction": "Forward",
                      "Index Name": "movie_id_cast_info",
                      "Relation Name": "cast_info",
                      "Alias": "ci",
                      "Startup Cost": 0.56,
                      "Total Cost": 1.74,
                      "Plan Rows": 21,
                      "Plan Width": 4,
                      "Actual Startup Time": 0.004,
                      "Actual Total Time": 0.022,
                      "Actual Rows": 18,
                      "Actual Loops": 82798,
                      "Index Cond": "(movie_id = mk.movie_id)",
                      "Rows Removed by Index Recheck": 0,
                      "Filter": "((person_id < 3254064) AND (role_id < 4))",
                      "Rows Removed by Filter": 10
                    }
                  ]
                }
              ]
            }
          ]
        }
      ]
    },
    "Planning Time": 1.458,
    "Triggers": [],
    "Execution Time": 910.297
  }
]