{
  "Plan": {
    "Node Type": "Aggregate",
    "Strategy": "Plain",
    "Partial Mode": "Finalize",
    "Parallel Aware": false,
    "Startup Cost": 863578.51,
    "Total Cost": 863578.52,
    "Plan Rows": 1,
    "Plan Width": 8,
    "Actual Startup Time": 3480.323,
    "Actual Total Time": 3553.903,
    "Actual Rows": 1,
    "Actual Loops": 1,
    "Plans": [
      {
        "Node Type": "Gather",
        "Parent Relationship": "Outer",
        "Parallel Aware": false,
        "Startup Cost": 863578.4,
        "Total Cost": 863578.51,
        "Plan Rows": 1,
        "Plan Width": 8,
        "Actual Startup Time": 3479.163,
        "Actual Total Time": 3553.894,
        "Actual Rows": 2,
        "Actual Loops": 1,
        "Workers Planned": 1,
        "Workers Launched": 1,
        "Single Copy": false,
        "Plans": [
          {
            "Node Type": "Aggregate",
            "Strategy": "Plain",
            "Partial Mode": "Partial",
            "Parent Relationship": "Outer",
            "Parallel Aware": false,
            "Startup Cost": 862578.4,
            "Total Cost": 862578.41,
            "Plan Rows": 1,
            "Plan Width": 8,
            "Actual Startup Time": 3472.878,
            "Actual Total Time": 3472.982,
            "Actual Rows": 1,
            "Actual Loops": 2,
            "Plans": [
              {
                "Node Type": "Hash Join",
                "Parent Relationship": "Outer",
                "Parallel Aware": true,
                "Join Type": "Inner",
                "Startup Cost": 663332.03,
                "Total Cost": 861932.16,
                "Plan Rows": 258495,
                "Plan Width": 0,
                "Actual Startup Time": 2975.101,
                "Actual Total Time": 3436.965,
                "Actual Rows": 937188,
                "Actual Loops": 2,
                "Inner Unique": false,
                "Hash Cond": "(mi.movie_id = t.id)",
                "Plans": [
                  {
                    "Node Type": "Bitmap Heap Scan",
                    "Parent Relationship": "Outer",
                    "Parallel Aware": true,
                    "Relation Name": "movie_info",
                    "Alias": "mi",
                    "Startup Cost": 54025.71,
                    "Total Cost": 237947.81,
                    "Plan Rows": 1754328,
                    "Plan Width": 4,
                    "Actual Startup Time": 98.432,
                    "Actual Total Time": 245.85,
                    "Actual Rows": 1518360,
                    "Actual Loops": 2,
                    "Recheck Cond": "(info_type_id = 16)",
                    "Rows Removed by Index Recheck": 0,
                    "Exact Heap Blocks": 13564,
                    "Lossy Heap Blocks": 0,
                    "Plans": [
                      {
                        "Node Type": "Bitmap Index Scan",
                        "Parent Relationship": "Outer",
                        "Parallel Aware": false,
                        "Index Name": "info_type_id_movie_info",
                        "Startup Cost": 0.0,
                        "Total Cost": 53280.12,
                        "Plan Rows": 2982358,
                        "Plan Width": 0,
                        "Actual Startup Time": 94.303,
                        "Actual Total Time": 94.303,
                        "Actual Rows": 3036719,
                        "Actual Loops": 1,
                        "Index Cond": "(info_type_id = 16)"
                      }
                    ]
                  },
                  {
                    "Node Type": "Hash",
                    "Parent Relationship": "Inner",
                    "Parallel Aware": true,
                    "Startup Cost": 606567.09,
                    "Total Cost": 606567.09,
                    "Plan Rows": 219139,
                    "Plan Width": 8,
                    "Actual Startup Time": 2871.236,
                    "Actual Total Time": 2871.338,
                    "Actual Rows": 193404,
                    "Actual Loops": 2,
                    "Hash Buckets": 524288,
                    "Original Hash Buckets": 524288,
                    "Hash Batches": 1,
                    "Original Hash Batches": 1,
                    "Peak Memory Usage": 19264,
                    "Plans": [
                      {
                        "Node Type": "Hash Join",
                        "Parent Relationship": "Outer",
                        "Parallel Aware": true,
                        "Join Type": "Inner",
                        "Startup Cost": 58677.53,
                        "Total Cost": 606567.09,
                        "Plan Rows": 219139,
                        "Plan Width": 8,
                        "Actual Startup Time": 639.502,
                        "Actual Total Time": 2804.935,
                        "Actual Rows": 193404,
                        "Actual Loops": 2,
                        "Inner Unique": true,
                        "Hash Cond": "(ci.movie_id = t.id)",
                        "Plans": [
                          {
                            "Node Type": "Seq Scan",
                            "Parent Relationship": "Outer",
                            "Parallel Aware": true,
                            "Relation Name": "cast_info",
                            "Alias": "ci",
                            "Startup Cost": 0.0,
                            "Total Cost": 519069.44,
                            "Plan Rows": 10979075,
                            "Plan Width": 4,
                            "Actual Startup Time": 479.099,
                            "Actual Total Time": 1613.093,
                            "Actual Rows": 9315730,
                            "Actual Loops": 2,
                            "Filter": "(person_id > 1743364)",
                            "Rows Removed by Filter": 8806442
                          },
                          {
                            "Node Type": "Hash",
                            "Parent Relationship": "Inner",
                            "Parallel Aware": true,
                            "Startup Cost": 58306.47,
                            "Total Cost": 58306.47,
                            "Plan Rows": 29685,
                            "Plan Width": 4,
                            "Actual Startup Time": 159.93,
                            "Actual Total Time": 159.931,
                            "Actual Rows": 22006,
                            "Actual Loops": 2,
                            "Hash Buckets": 65536,
                            "Original Hash Buckets": 65536,
                            "Hash Batches": 1,
                            "Original Hash Batches": 1,
                            "Peak Memory Usage": 2272,
                            "Plans": [
                              {
                                "Node Type": "Seq Scan",
                                "Parent Relationship": "Outer",
                                "Parallel Aware": true,
                                "Relation Name": "title",
                                "Alias": "t",
                                "Startup Cost": 0.0,
                                "Total Cost": 58306.47,
                                "Plan Rows": 29685,
                                "Plan Width": 4,
                                "Actual Startup Time": 0.2,
                                "Actual Total Time": 152.883,
                                "Actual Rows": 22006,
                                "Actual Loops": 2,
                                "Filter": "((kind_id < 7) AND (production_year = 2009))",
                                "Rows Removed by Filter": 1242150
                              }
                            ]
                          }
                        ]
                      }
                    ]
                  }
                ]
              }
            ]
          }
        ]
      }
    ]
  },
  "Planning Time": 1.086,
  "Triggers": [],
  "Execution Time": 3554.031
}