[
  {
    "Plan": {
      "Node Type": "Aggregate",
      "Strategy": "Plain",
      "Partial Mode": "Finalize",
      "Parallel Aware": false,
      "Startup Cost": 32101.44,
      "Total Cost": 32101.45,
      "Plan Rows": 1,
      "Plan Width": 8,
      "Actual Startup Time": 121.302,
      "Actual Total Time": 128.832,
      "Actual Rows": 1,
      "Actual Loops": 1,
      "Plans": [
        {
          "Node Type": "Gather",
          "Parent Relationship": "Outer",
          "Parallel Aware": false,
          "Startup Cost": 32101.12,
          "Total Cost": 32101.43,
          "Plan Rows": 3,
          "Plan Width": 8,
          "Actual Startup Time": 121.196,
          "Actual Total Time": 128.825,
          "Actual Rows": 4,
          "Actual Loops": 1,
          "Workers Planned": 3,
          "Workers Launched": 3,
          "Single Copy": false,
          "Plans": [
            {
              "Node Type": "Aggregate",
              "Strategy": "Plain",
              "Partial Mode": "Partial",
              "Parent Relationship": "Outer",
              "Parallel Aware": false,
              "Startup Cost": 31101.12,
              "Total Cost": 31101.13,
              "Plan Rows": 1,
              "Plan Width": 8,
              "Actual Startup Time": 114.9,
              "Actual Total Time": 114.901,
              "Actual Rows": 1,
              "Actual Loops": 4,
              "Plans": [
                {
                  "Node Type": "Seq Scan",
                  "Parent Relationship": "Outer",
                  "Parallel Aware": true,
                  "Relation Name": "movie_companies",
                  "Alias": "mc",
                  "Startup Cost": 0.0,
                  "Total Cost": 29310.68,
                  "Plan Rows": 716176,
                  "Plan Width": 0,
                  "Actual Startup Time": 0.042,
                  "Actual Total Time": 85.901,
                  "Actual Rows": 553401,
                  "Actual Loops": 4,
                  "Filter": "(company_id < 82756)",
                  "Rows Removed by Filter": 98881
                }
              ]
            }
          ]
        }
      ]
    },
    "Planning Time": 0.181,
    "Triggers": [],
    "Execution Time": 128.886
  }
]