[
  {
    "Plan": {
      "Node Type": "Aggregate",
      "Strategy": "Plain",
      "Partial Mode": "Finalize",
      "Parallel Aware": false,
      "Startup Cost": 332538.59,
      "Total Cost": 332538.6,
      "Plan Rows": 1,
      "Plan Width": 8,
      "Actual Startup Time": 571.524,
      "Actual Total Time": 631.919,
      "Actual Rows": 1,
      "Actual Loops": 1,
      "Plans": [
        {
          "Node Type": "Gather",
          "Parent Relationship": "Outer",
          "Parallel Aware": false,
          "Startup Cost": 332537.97,
          "Total Cost": 332538.58,
          "Plan Rows": 6,
          "Plan Width": 8,
          "Actual Startup Time": 571.412,
          "Actual Total Time": 631.91,
          "Actual Rows": 7,
          "Actual Loops": 1,
          "Workers Planned": 6,
          "Workers Launched": 6,
          "Single Copy": false,
          "Plans": [
            {
              "Node Type": "Aggregate",
              "Strategy": "Plain",
              "Partial Mode": "Partial",
              "Parent Relationship": "Outer",
              "Parallel Aware": false,
              "Startup Cost": 331537.97,
              "Total Cost": 331537.98,
              "Plan Rows": 1,
              "Plan Width": 8,
              "Actual Startup Time": 563.734,
              "Actual Total Time": 563.735,
              "Actual Rows": 1,
              "Actual Loops": 7,
              "Plans": [
                {
                  "Node Type": "Seq Scan",
                  "Parent Relationship": "Outer",
                  "Parallel Aware": true,
                  "Relation Name": "cast_info",
                  "Alias": "ci",
                  "Startup Cost": 0.0,
                  "Total Cost": 328162.03,
                  "Plan Rows": 1350376,
                  "Plan Width": 0,
                  "Actual Startup Time": 302.336,
                  "Actual Total Time": 519.033,
                  "Actual Rows": 1146450,
                  "Actual Loops": 7,
                  "Filter": "(person_id > 2877956)",
                  "Rows Removed by Filter": 4031313
                }
              ]
            }
          ]
        }
      ]
    },
    "Planning Time": 0.194,
    "Triggers": [],
    "Execution Time": 632.017
  }
]