{
  "Plan": {
    "Node Type": "Aggregate",
    "Strategy": "Plain",
    "Partial Mode": "Finalize",
    "Parallel Aware": false,
    "Startup Cost": 598345.87,
    "Total Cost": 598345.88,
    "Plan Rows": 1,
    "Plan Width": 8,
    "Actual Startup Time": 3099.742,
    "Actual Total Time": 3166.756,
    "Actual Rows": 1,
    "Actual Loops": 1,
    "Plans": [
      {
        "Node Type": "Gather",
        "Parent Relationship": "Outer",
        "Parallel Aware": false,
        "Startup Cost": 598345.76,
        "Total Cost": 598345.87,
        "Plan Rows": 1,
        "Plan Width": 8,
        "Actual Startup Time": 3099.529,
        "Actual Total Time": 3166.747,
        "Actual Rows": 2,
        "Actual Loops": 1,
        "Workers Planned": 1,
        "Workers Launched": 1,
        "Single Copy": false,
        "Plans": [
          {
            "Node Type": "Aggregate",
            "Strategy": "Plain",
            "Partial Mode": "Partial",
            "Parent Relationship": "Outer",
            "Parallel Aware": false,
            "Startup Cost": 597345.76,
            "Total Cost": 597345.77,
            "Plan Rows": 1,
            "Plan Width": 8,
            "Actual Startup Time": 3093.136,
            "Actual Total Time": 3093.141,
            "Actual Rows": 1,
            "Actual Loops": 2,
            "Plans": [
              {
                "Node Type": "Hash Join",
                "Parent Relationship": "Outer",
                "Parallel Aware": true,
                "Join Type": "Inner",
                "Startup Cost": 74804.66,
                "Total Cost": 597345.13,
                "Plan Rows": 252,
                "Plan Width": 0,
                "Actual Startup Time": 214.204,
                "Actual Total Time": 3093.126,
                "Actual Rows": 20,
                "Actual Loops": 2,
                "Inner Unique": false,
                "Hash Cond": "(t.id = mc.movie_id)",
                "Plans": [
                  {
                    "Node Type": "Hash Join",
                    "Parent Relationship": "Outer",
                    "Parallel Aware": true,
                    "Join Type": "Inner",
                    "Startup Cost": 58418.92,
                    "Total Cost": 580152.27,
                    "Plan Rows": 128902,
                    "Plan Width": 8,
                    "Actual Startup Time": 129.926,
                    "Actual Total Time": 3057.102,
                    "Actual Rows": 122328,
                    "Actual Loops": 2,
                    "Inner Unique": true,
                    "Hash Cond": "(ci.movie_id = t.id)",
                    "Plans": [
                      {
                        "Node Type": "Seq Scan",
                        "Parent Relationship": "Outer",
                        "Parallel Aware": true,
                        "Relation Name": "cast_info",
                        "Alias": "ci",
                        "Startup Cost": 0.0,
                        "Total Cost": 465792.95,
                        "Plan Rows": 21310595,
                        "Plan Width": 4,
                        "Actual Startup Time": 0.009,
                        "Actual Total Time": 1291.036,
                        "Actual Rows": 18122172,
                        "Actual Loops": 2
                      },
                      {
                        "Node Type": "Hash",
                        "Parent Relationship": "Inner",
                        "Parallel Aware": true,
                        "Startup Cost": 58306.47,
                        "Total Cost": 58306.47,
                        "Plan Rows": 8996,
                        "Plan Width": 4,
                        "Actual Startup Time": 129.717,
                        "Actual Total Time": 129.718,
                        "Actual Rows": 8186,
                        "Actual Loops": 2,
                        "Hash Buckets": 16384,
                        "Original Hash Buckets": 16384,
                        "Hash Batches": 1,
                        "Original Hash Batches": 1,
                        "Peak Memory Usage": 800,
                        "Plans": [
                          {
                            "Node Type": "Seq Scan",
                            "Parent Relationship": "Outer",
                            "Parallel Aware": true,
                            "Relation Name": "title",
                            "Alias": "t",
                            "Startup Cost": 0.0,
                            "Total Cost": 58306.47,
                            "Plan Rows": 8996,
                            "Plan Width": 4,
                            "Actual Startup Time": 0.04,
                            "Actual Total Time": 127.007,
                            "Actual Rows": 8186,
                            "Actual Loops": 2,
                            "Filter": "((kind_id > 1) AND (production_year = 1989))",
                            "Rows Removed by Filter": 1255970
                          }
                        ]
                      }
                    ]
                  },
                  {
                    "Node Type": "Hash",
                    "Parent Relationship": "Inner",
                    "Parallel Aware": true,
                    "Startup Cost": 16349.38,
                    "Total Cost": 16349.38,
                    "Plan Rows": 2909,
                    "Plan Width": 4,
                    "Actual Startup Time": 18.861,
                    "Actual Total Time": 18.862,
                    "Actual Rows": 2078,
                    "Actual Loops": 2,
                    "Hash Buckets": 8192,
                    "Original Hash Buckets": 8192,
                    "Hash Batches": 1,
                    "Original Hash Batches": 1,
                    "Peak Memory Usage": 256,
                    "Plans": [
                      {
                        "Node Type": "Bitmap Heap Scan",
                        "Parent Relationship": "Outer",
                        "Parallel Aware": true,
                        "Relation Name": "movie_companies",
                        "Alias": "mc",
                        "Startup Cost": 210.72,
                        "Total Cost": 16349.38,
                        "Plan Rows": 2909,
                        "Plan Width": 4,
                        "Actual Startup Time": 12.283,
                        "Actual Total Time": 18.02,
                        "Actual Rows": 2078,
                        "Actual Loops": 2,
                        "Recheck Cond": "(company_id = 846)",
                        "Rows Removed by Index Recheck": 0,
                        "Filter": "(company_type_id = 2)",
                        "Rows Removed by Filter": 3004,
                        "Exact Heap Blocks": 5253,
                        "Lossy Heap Blocks": 0,
                        "Plans": [
                          {
                            "Node Type": "Bitmap Index Scan",
                            "Parent Relationship": "Outer",
                            "Parallel Aware": false,
                            "Index Name": "company_id_movie_companies",
                            "Startup Cost": 0.0,
                            "Total Cost": 209.49,
                            "Plan Rows": 9741,
                            "Plan Width": 0,
                            "Actual Startup Time": 4.087,
                            "Actual Total Time": 4.088,
                            "Actual Rows": 10163,
                            "Actual Loops": 1,
                            "Index Cond": "(company_id = 846)"
                          }
                        ]
                      }
                    ]
                  }
                ]
              }
            ]
          }
        ]
      }
    ]
  },
  "Planning Time": 1.06,
  "Triggers": [],
  "Execution Time": 3166.905
}