[
  {
    "Plan": {
      "Node Type": "Aggregate",
      "Strategy": "Plain",
      "Partial Mode": "Finalize",
      "Parallel Aware": false,
      "Startup Cost": 569480.76,
      "Total Cost": 569480.77,
      "Plan Rows": 1,
      "Plan Width": 128,
      "Actual Startup Time": 2960.504,
      "Actual Total Time": 3085.526,
      "Actual Rows": 1,
      "Actual Loops": 1,
      "Plans": [
        {
          "Node Type": "Gather",
          "Parent Relationship": "Outer",
          "Parallel Aware": false,
          "Startup Cost": 569480.42,
          "Total Cost": 569480.73,
          "Plan Rows": 3,
          "Plan Width": 128,
          "Actual Startup Time": 2921.171,
          "Actual Total Time": 3085.502,
          "Actual Rows": 4,
          "Actual Loops": 1,
          "Workers Planned": 3,
          "Workers Launched": 3,
          "Single Copy": false,
          "Plans": [
            {
              "Node Type": "Aggregate",
              "Strategy": "Plain",
              "Partial Mode": "Partial",
              "Parent Relationship": "Outer",
              "Parallel Aware": false,
              "Startup Cost": 568480.42,
              "Total Cost": 568480.43,
              "Plan Rows": 1,
              "Plan Width": 128,
              "Actual Startup Time": 2904.837,
              "Actual Total Time": 2904.856,
              "Actual Rows": 1,
              "Actual Loops": 4,
              "Plans": [
                {
                  "Node Type": "Hash Join",
                  "Parent Relationship": "Outer",
                  "Parallel Aware": true,
                  "Join Type": "Inner",
                  "Startup Cost": 552576.35,
                  "Total Cost": 567984.99,
                  "Plan Rows": 49543,
                  "Plan Width": 64,
                  "Actual Startup Time": 2813.761,
                  "Actual Total Time": 2892.637,
                  "Actual Rows": 105872,
                  "Actual Loops": 4,
                  "Inner Unique": false,
                  "Hash Cond": "(an.person_id = n.id)",
                  "Plans": [
                    {
                      "Node Type": "Seq Scan",
                      "Parent Relationship": "Outer",
                      "Parallel Aware": true,
                      "Relation Name": "aka_name",
                      "Alias": "an",
                      "Startup Cost": 0.0,
                      "Total Cost": 14303.56,
                      "Plan Rows": 290756,
                      "Plan Width": 20,
                      "Actual Startup Time": 0.039,
                      "Actual Total Time": 34.899,
                      "Actual Rows": 225336,
                      "Actual Loops": 4
                    },
                    {
                      "Node Type": "Hash",
                      "Parent Relationship": "Inner",
                      "Parallel Aware": true,
                      "Startup Cost": 552312.27,
                      "Total Cost": 552312.27,
                      "Plan Rows": 21127,
                      "Plan Width": 56,
                      "Actual Startup Time": 2808.668,
                      "Actual Total Time": 2808.685,
                      "Actual Rows": 35711,
                      "Actual Loops": 4,
                      "Hash Buckets": 262144,
                      "Original Hash Buckets": 65536,
                      "Hash Batches": 1,
                      "Original Hash Batches": 1,
                      "Peak Memory Usage": 17312,
                      "Plans": [
                        {
                          "Node Type": "Hash Join",
                          "Parent Relationship": "Outer",
                          "Parallel Aware": true,
                          "Join Type": "Inner",
                          "Startup Cost": 521698.76,
                          "Total Cost": 552312.27,
                          "Plan Rows": 21127,
                          "Plan Width": 56,
                          "Actual Startup Time": 2563.748,
                          "Actual Total Time": 2785.142,
                          "Actual Rows": 35711,
                          "Actual Loops": 4,
                          "Inner Unique": false,
                          "Hash Cond": "(mc.movie_id = ci.movie_id)",
                          "Plans": [
                            {
                              "Node Type": "Hash Join",
                              "Parent Relationship": "Outer",
                              "Parallel Aware": true,
                              "Join Type": "Inner",
                              "Startup Cost": 5349.63,
                              "Total Cost": 34765.57,
                              "Plan Rows": 305267,
                              "Plan Width": 4,
                              "Actual Startup Time": 17.585,
                              "Actual Total Time": 182.139,
                              "Actual Rows": 288450,
                              "Actual Loops": 4,
                              "Inner Unique": true,
                              "Hash Cond": "(mc.company_id = cn.id)",
                              "Plans": [
                                {
                                  "Node Type": "Seq Scan",
                                  "Parent Relationship": "Outer",
                                  "Parallel Aware": true,
                                  "Relation Name": "movie_companies",
                                  "Alias": "mc",
                                  "Startup Cost": 0.0,
                                  "Total Cost": 27206.55,
                                  "Plan Rows": 841655,
                                  "Plan Width": 8,
                                  "Actual Startup Time": 0.017,
                                  "Actual Total Time": 66.057,
                                  "Actual Rows": 652282,
                                  "Actual Loops": 4
                                },
                                {
                                  "Node Type": "Hash",
                                  "Parent Relationship": "Inner",
                                  "Parallel Aware": true,
                                  "Startup Cost": 4722.92,
                                  "Total Cost": 4722.92,
                                  "Plan Rows": 50137,
                                  "Plan Width": 4,
                                  "Actual Startup Time": 17.319,
                                  "Actual Total Time": 17.32,
                                  "Actual Rows": 21211,
                                  "Actual Loops": 4,
                                  "Hash Buckets": 131072,
                                  "Original Hash Buckets": 131072,
                                  "Hash Batches": 1,
                                  "Original Hash Batches": 1,
                                  "Peak Memory Usage": 4416,
                                  "Plans": [
                                    {
                                      "Node Type": "Seq Scan",
                                      "Parent Relationship": "Outer",
                                      "Parallel Aware": true,
                                      "Relation Name": "company_name",
                                      "Alias": "cn",
                                      "Startup Cost": 0.0,
                                      "Total Cost": 4722.92,
                                      "Plan Rows": 50137,
                                      "Plan Width": 4,
                                      "Actual Startup Time": 0.027,
                                      "Actual Total Time": 10.849,
                                      "Actual Rows": 21211,
                                      "Actual Loops": 4,
                                      "Filter": "((country_code)::text = '[us]'::text)",
                                      "Rows Removed by Filter": 37538
                                    }
                                  ]
                                }
                              ]
                            },
                            {
                              "Node Type": "Hash",
                              "Parent Relationship": "Inner",
                              "Parallel Aware": true,
                              "Startup Cost": 516120.63,
                              "Total Cost": 516120.63,
                              "Plan Rows": 18280,
                              "Plan Width": 64,
                              "Actual Startup Time": 2545.512,
                              "Actual Total Time": 2545.522,
                              "Actual Rows": 50772,
                              "Actual Loops": 4,
                              "Hash Buckets": 262144,
                              "Original Hash Buckets": 131072,
                              "Hash Batches": 1,
                              "Original Hash Batches": 1,
                              "Peak Memory Usage": 24032,
                              "Plans": [
                                {
                                  "Node Type": "Hash Join",
                                  "Parent Relationship": "Outer",
                                  "Parallel Aware": true,
                                  "Join Type": "Inner",
                                  "Startup Cost": 471401.48,
                                  "Total Cost": 516120.63,
                                  "Plan Rows": 18280,
                                  "Plan Width": 64,
                                  "Actual Startup Time": 2237.461,
                                  "Actual Total Time": 2485.27,
                                  "Actual Rows": 50772,
                                  "Actual Loops": 4,
                                  "Inner Unique": false,
                                  "Hash Cond": "(t.id = ci.movie_id)",
                                  "Plans": [
                                    {
                                      "Node Type": "Seq Scan",
                                      "Parent Relationship": "Outer",
                                      "Parallel Aware": true,
                                      "Relation Name": "title",
                                      "Alias": "t",
                                      "Startup Cost": 0.0,
                                      "Total Cost": 42318.49,
                                      "Plan Rows": 632049,
                                      "Plan Width": 21,
                                      "Actual Startup Time": 0.029,
                                      "Actual Total Time": 103.135,
                                      "Actual Rows": 632078,
                                      "Actual Loops": 4
                                    },
                                    {
                                      "Node Type": "Hash",
                                      "Parent Relationship": "Inner",
                                      "Parallel Aware": true,
                                      "Startup Cost": 471249.15,
                                      "Total Cost": 471249.15,
                                      "Plan Rows": 12187,
                                      "Plan Width": 43,
                                      "Actual Startup Time": 2236.975,
                                      "Actual Total Time": 2236.983,
                                      "Actual Rows": 50772,
                                      "Actual Loops": 4,
                                      "Hash Buckets": 262144,
                                      "Original Hash Buckets": 131072,
                                      "Hash Batches": 1,
                                      "Original Hash Batches": 1,
                                      "Peak Memory Usage": 18240,
                                      "Plans": [
                                        {
                                          "Node Type": "Hash Join",
                                          "Parent Relationship": "Outer",
                                          "Parallel Aware": true,
                                          "Join Type": "Inner",
                                          "Startup Cost": 125759.79,
                                          "Total Cost": 471249.15,
                                          "Plan Rows": 12187,
                                          "Plan Width": 43,
                                          "Actual Startup Time": 1269.018,
                                          "Actual Total Time": 2209.088,
                                          "Actual Rows": 50772,
                                          "Actual Loops": 4,
                                          "Inner Unique": true,
                                          "Hash Cond": "(ci.person_role_id = chn.id)",
                                          "Plans": [
                                            {
                                              "Node Type": "Hash Join",
                                              "Parent Relationship": "Outer",
                                              "Parallel Aware": false,
                                              "Join Type": "Inner",
                                              "Startup Cost": 71615.01,
                                              "Total Cost": 417072.37,
                                              "Plan Rows": 12187,
                                              "Plan Width": 31,
                                              "Actual Startup Time": 674.149,
                                              "Actual Total Time": 1586.723,
                                              "Actual Rows": 55636,
                                              "Actual Loops": 4,
                                              "Inner Unique": true,
                                              "Hash Cond": "(ci.role_id = rt.id)",
                                              "Plans": [
                                                {
                                                  "Node Type": "Hash Join",
                                                  "Parent Relationship": "Outer",
                                                  "Parallel Aware": true,
                                                  "Join Type": "Inner",
                                                  "Startup Cost": 71613.85,
                                                  "Total Cost": 416551.75,
                                                  "Plan Rows": 146240,
                                                  "Plan Width": 35,
                                                  "Actual Startup Time": 674.0,
                                                  "Actual Total Time": 1574.991,
                                                  "Actual Rows": 116411,
                                                  "Actual Loops": 4,
                                                  "Inner Unique": true,
                                                  "Hash Cond": "(ci.person_id = n.id)",
                                                  "Plans": [
                                                    {
                                                      "Node Type": "Seq Scan",
                                                      "Parent Relationship": "Outer",
                                                      "Parallel Aware": true,
                                                      "Relation Name": "cast_info",
                                                      "Alias": "ci",
                                                      "Startup Cost": 0.0,
                                                      "Total Cost": 343259.37,
                                                      "Plan Rows": 639441,
                                                      "Plan Width": 16,
                                                      "Actual Startup Time": 0.036,
                                                      "Actual Total Time": 1150.06,
                                                      "Actual Rows": 953164,
                                                      "Actual Loops": 4,
                                                      "Filter": "(note = ANY ('{(producer),(voice),(writer),\"(executive producer)\"}'::text[]))",
                                                      "Rows Removed by Filter": 8107922
                                                    },
                                                    {
                                                      "Node Type": "Hash",
                                                      "Parent Relationship": "Inner",
                                                      "Parallel Aware": true,
                                                      "Startup Cost": 68635.58,
                                                      "Total Cost": 68635.58,
                                                      "Plan Rows": 238261,
                                                      "Plan Width": 19,
                                                      "Actual Startup Time": 285.428,
                                                      "Actual Total Time": 285.429,
                                                      "Actual Rows": 240389,
                                                      "Actual Loops": 4,
                                                      "Hash Buckets": 1048576,
                                                      "Original Hash Buckets": 1048576,
                                                      "Hash Batches": 1,
                                                      "Original Hash Batches": 1,
                                                      "Peak Memory Usage": 60608,
                                                      "Plans": [
                                                        {
                                                          "Node Type": "Seq Scan",
                                                          "Parent Relationship": "Outer",
                                                          "Parallel Aware": true,
                                                          "Relation Name": "name",
                                                          "Alias": "n",
                                                          "Startup Cost": 0.0,
                                                          "Total Cost": 68635.58,
                                                          "Plan Rows": 238261,
                                                          "Plan Width": 19,
                                                          "Actual Startup Time": 66.338,
                                                          "Actual Total Time": 169.473,
                                                          "Actual Rows": 240389,
                                                          "Actual Loops": 4,
                                                          "Filter": "((gender)::text = 'f'::text)",
                                                          "Rows Removed by Filter": 801484
                                                        }
                                                      ]
                                                    }
                                                  ]
                                                },
                                                {
                                                  "Node Type": "Hash",
                                                  "Parent Relationship": "Inner",
                                                  "Parallel Aware": false,
                                                  "Startup Cost": 1.15,
                                                  "Total Cost": 1.15,
                                                  "Plan Rows": 1,
                                                  "Plan Width": 4,
                                                  "Actual Startup Time": 0.075,
                                                  "Actual Total Time": 0.076,
                                                  "Actual Rows": 1,
                                                  "Actual Loops": 4,
                                                  "Hash Buckets": 1024,
                                                  "Original Hash Buckets": 1024,
                                                  "Hash Batches": 1,
                                                  "Original Hash Batches": 1,
                                                  "Peak Memory Usage": 9,
                                                  "Plans": [
                                                    {
                                                      "Node Type": "Seq Scan",
                                                      "Parent Relationship": "Outer",
                                                      "Parallel Aware": false,
                                                      "Relation Name": "role_type",
                                                      "Alias": "rt",
                                                      "Startup Cost": 0.0,
                                                      "Total Cost": 1.15,
                                                      "Plan Rows": 1,
                                                      "Plan Width": 4,
                                                      "Actual Startup Time": 0.065,
                                                      "Actual Total Time": 0.067,
                                                      "Actual Rows": 1,
                                                      "Actual Loops": 4,
                                                      "Filter": "((role)::text = 'actress'::text)",
                                                      "Rows Removed by Filter": 11
                                                    }
                                                  ]
                                                }
                                              ]
                                            },
                                            {
                                              "Node Type": "Hash",
                                              "Parent Relationship": "Inner",
                                              "Parallel Aware": true,
                                              "Startup Cost": 44325.46,
                                              "Total Cost": 44325.46,
                                              "Plan Rows": 785546,
                                              "Plan Width": 20,
                                              "Actual Startup Time": 587.911,
                                              "Actual Total Time": 587.911,
                                              "Actual Rows": 785085,
                                              "Actual Loops": 4,
                                              "Hash Buckets": 4194304,
                                              "Original Hash Buckets": 4194304,
                                              "Hash Batches": 1,
                                              "Original Hash Batches": 1,
                                              "Peak Memory Usage": 205088,
                                              "Plans": [
                                                {
                                                  "Node Type": "Seq Scan",
                                                  "Parent Relationship": "Outer",
                                                  "Parallel Aware": true,
                                                  "Relation Name": "char_name",
                                                  "Alias": "chn",
                                                  "Startup Cost": 0.0,
                                                  "Total Cost": 44325.46,
                                                  "Plan Rows": 785546,
                                                  "Plan Width": 20,
                                                  "Actual Startup Time": 0.082,
                                                  "Actual Total Time": 181.261,
                                                  "Actual Rows": 785085,
                                                  "Actual Loops": 4
                                                }
                                              ]
                                            }
                                          ]
                                        }
                                      ]
                                    }
                                  ]
                                }
                              ]
                            }
                          ]
                        }
                      ]
                    }
                  ]
                }
              ]
            }
          ]
        }
      ]
    },
    "Planning Time": 12.255,
    "Triggers": [],
    "Execution Time": 3086.134
  }
]