{
  "Plan": {
    "Node Type": "Aggregate",
    "Strategy": "Plain",
    "Partial Mode": "Finalize",
    "Parallel Aware": false,
    "Startup Cost": 68814.72,
    "Total Cost": 68814.73,
    "Plan Rows": 1,
    "Plan Width": 8,
    "Actual Startup Time": 183.514,
    "Actual Total Time": 200.163,
    "Actual Rows": 1,
    "Actual Loops": 1,
    "Plans": [
      {
        "Node Type": "Gather",
        "Parent Relationship": "Outer",
        "Parallel Aware": false,
        "Startup Cost": 68814.6,
        "Total Cost": 68814.71,
        "Plan Rows": 1,
        "Plan Width": 8,
        "Actual Startup Time": 183.35,
        "Actual Total Time": 200.153,
        "Actual Rows": 2,
        "Actual Loops": 1,
        "Workers Planned": 1,
        "Workers Launched": 1,
        "Single Copy": false,
        "Plans": [
          {
            "Node Type": "Aggregate",
            "Strategy": "Plain",
            "Partial Mode": "Partial",
            "Parent Relationship": "Outer",
            "Parallel Aware": false,
            "Startup Cost": 67814.6,
            "Total Cost": 67814.61,
            "Plan Rows": 1,
            "Plan Width": 8,
            "Actual Startup Time": 177.178,
            "Actual Total Time": 177.181,
            "Actual Rows": 1,
            "Actual Loops": 2,
            "Plans": [
              {
                "Node Type": "Nested Loop",
                "Parent Relationship": "Outer",
                "Parallel Aware": false,
                "Join Type": "Inner",
                "Startup Cost": 0.43,
                "Total Cost": 67810.1,
                "Plan Rows": 1802,
                "Plan Width": 0,
                "Actual Startup Time": 4.424,
                "Actual Total Time": 176.576,
                "Actual Rows": 10264,
                "Actual Loops": 2,
                "Inner Unique": false,
                "Plans": [
                  {
                    "Node Type": "Seq Scan",
                    "Parent Relationship": "Outer",
                    "Parallel Aware": true,
                    "Relation Name": "title",
                    "Alias": "t",
                    "Startup Cost": 0.0,
                    "Total Cost": 58306.47,
                    "Plan Rows": 1007,
                    "Plan Width": 4,
                    "Actual Startup Time": 3.305,
                    "Actual Total Time": 158.093,
                    "Actual Rows": 1586,
                    "Actual Loops": 2,
                    "Filter": "((kind_id < 4) AND (production_year = 1953))",
                    "Rows Removed by Filter": 1262570
                  },
                  {
                    "Node Type": "Index Only Scan",
                    "Parent Relationship": "Inner",
                    "Parallel Aware": false,
                    "Scan Direction": "Forward",
                    "Index Name": "movie_id_movie_keyword",
                    "Relation Name": "movie_keyword",
                    "Alias": "mk",
                    "Startup Cost": 0.43,
                    "Total Cost": 8.99,
                    "Plan Rows": 45,
                    "Plan Width": 4,
                    "Actual Startup Time": 0.01,
                    "Actual Total Time": 0.011,
                    "Actual Rows": 6,
                    "Actual Loops": 3172,
                    "Index Cond": "(movie_id = t.id)",
                    "Rows Removed by Index Recheck": 0,
                    "Heap Fetches": 20528
                  }
                ]
              }
            ]
          }
        ]
      }
    ]
  },
  "Planning Time": 0.469,
  "Triggers": [],
  "Execution Time": 200.244
}