{
  "Plan": {
    "Node Type": "Aggregate",
    "Strategy": "Plain",
    "Partial Mode": "Finalize",
    "Parallel Aware": false,
    "Startup Cost": 78375.31,
    "Total Cost": 78375.32,
    "Plan Rows": 1,
    "Plan Width": 8,
    "Actual Startup Time": 238.191,
    "Actual Total Time": 251.217,
    "Actual Rows": 1,
    "Actual Loops": 1,
    "Plans": [
      {
        "Node Type": "Gather",
        "Parent Relationship": "Outer",
        "Parallel Aware": false,
        "Startup Cost": 78375.2,
        "Total Cost": 78375.31,
        "Plan Rows": 1,
        "Plan Width": 8,
        "Actual Startup Time": 237.803,
        "Actual Total Time": 251.211,
        "Actual Rows": 2,
        "Actual Loops": 1,
        "Workers Planned": 1,
        "Workers Launched": 1,
        "Single Copy": false,
        "Plans": [
          {
            "Node Type": "Aggregate",
            "Strategy": "Plain",
            "Partial Mode": "Partial",
            "Parent Relationship": "Outer",
            "Parallel Aware": false,
            "Startup Cost": 77375.2,
            "Total Cost": 77375.21,
            "Plan Rows": 1,
            "Plan Width": 8,
            "Actual Startup Time": 231.941,
            "Actual Total Time": 231.945,
            "Actual Rows": 1,
            "Actual Loops": 2,
            "Plans": [
              {
                "Node Type": "Hash Join",
                "Parent Relationship": "Outer",
                "Parallel Aware": true,
                "Join Type": "Inner",
                "Startup Cost": 58571.77,
                "Total Cost": 77365.53,
                "Plan Rows": 3868,
                "Plan Width": 0,
                "Actual Startup Time": 185.444,
                "Actual Total Time": 231.772,
                "Actual Rows": 3050,
                "Actual Loops": 2,
                "Inner Unique": true,
                "Hash Cond": "(mi_idx.movie_id = t.id)",
                "Plans": [
                  {
                    "Node Type": "Seq Scan",
                    "Parent Relationship": "Outer",
                    "Parallel Aware": true,
                    "Relation Name": "movie_info_idx",
                    "Alias": "mi_idx",
                    "Startup Cost": 0.0,
                    "Total Cost": 18082.32,
                    "Plan Rows": 271028,
                    "Plan Width": 4,
                    "Actual Startup Time": 0.02,
                    "Actual Total Time": 49.277,
                    "Actual Rows": 229962,
                    "Actual Loops": 2,
                    "Filter": "(info_type_id = 101)",
                    "Rows Removed by Filter": 460055
                  },
                  {
                    "Node Type": "Hash",
                    "Parent Relationship": "Inner",
                    "Parallel Aware": true,
                    "Startup Cost": 58306.47,
                    "Total Cost": 58306.47,
                    "Plan Rows": 21224,
                    "Plan Width": 4,
                    "Actual Startup Time": 153.493,
                    "Actual Total Time": 153.494,
                    "Actual Rows": 47981,
                    "Actual Loops": 2,
                    "Hash Buckets": 131072,
                    "Original Hash Buckets": 65536,
                    "Hash Batches": 1,
                    "Original Hash Batches": 1,
                    "Peak Memory Usage": 5344,
                    "Plans": [
                      {
                        "Node Type": "Seq Scan",
                        "Parent Relationship": "Outer",
                        "Parallel Aware": true,
                        "Relation Name": "title",
                        "Alias": "t",
                        "Startup Cost": 0.0,
                        "Total Cost": 58306.47,
                        "Plan Rows": 21224,
                        "Plan Width": 4,
                        "Actual Startup Time": 87.695,
                        "Actual Total Time": 142.004,
                        "Actual Rows": 47981,
                        "Actual Loops": 2,
                        "Filter": "((kind_id < 7) AND (production_year < 1923))",
                        "Rows Removed by Filter": 1216175
                      }
                    ]
                  }
                ]
              }
            ]
          }
        ]
      }
    ]
  },
  "Planning Time": 0.494,
  "Triggers": [],
  "Execution Time": 251.29
}