[
  {
    "Plan": {
      "Node Type": "Aggregate",
      "Strategy": "Plain",
      "Partial Mode": "Simple",
      "Parallel Aware": false,
      "Startup Cost": 3830.4,
      "Total Cost": 3830.41,
      "Plan Rows": 1,
      "Plan Width": 96,
      "Actual Startup Time": 105.601,
      "Actual Total Time": 105.607,
      "Actual Rows": 1,
      "Actual Loops": 1,
      "Output": [
        "min((lt.link)::text)",
        "min(t1.title)",
        "min(t2.title)"
      ],
      "Plans": [
        {
          "Node Type": "Nested Loop",
          "Parent Relationship": "Outer",
          "Parallel Aware": false,
          "Join Type": "Inner",
          "Startup Cost": 13.36,
          "Total Cost": 3830.33,
          "Plan Rows": 10,
          "Plan Width": 46,
          "Actual Startup Time": 2.196,
          "Actual Total Time": 104.792,
          "Actual Rows": 825,
          "Actual Loops": 1,
          "Output": [
            "lt.link",
            "t1.title",
            "t2.title"
          ],
          "Inner Unique": true,
          "Plans": [
            {
              "Node Type": "Hash Join",
              "Parent Relationship": "Outer",
              "Parallel Aware": false,
              "Join Type": "Inner",
              "Startup Cost": 12.93,
              "Total Cost": 3785.61,
              "Plan Rows": 10,
              "Plan Width": 33,
              "Actual Startup Time": 2.128,
              "Actual Total Time": 73.75,
              "Actual Rows": 825,
              "Actual Loops": 1,
              "Output": [
                "ml.linked_movie_id",
                "lt.link",
                "t1.title"
              ],
              "Inner Unique": true,
              "Hash Cond": "(ml.link_type_id = lt.id)",
              "Plans": [
                {
                  "Node Type": "Nested Loop",
                  "Parent Relationship": "Outer",
                  "Parallel Aware": false,
                  "Join Type": "Inner",
                  "Startup Cost": 11.52,
                  "Total Cost": 3780.96,
                  "Plan Rows": 1000,
                  "Plan Width": 25,
                  "Actual Startup Time": 1.917,
                  "Actual Total Time": 72.922,
                  "Actual Rows": 825,
                  "Actual Loops": 1,
                  "Output": [
                    "ml.linked_movie_id",
                    "ml.link_type_id",
                    "t1.title"
                  ],
                  "Inner Unique": true,
                  "Plans": [
                    {
                      "Node Type": "Nested Loop",
                      "Parent Relationship": "Outer",
                      "Parallel Aware": false,
                      "Join Type": "Inner",
                      "Startup Cost": 11.09,
                      "Total Cost": 3776.09,
                      "Plan Rows": 10,
                      "Plan Width": 16,
                      "Actual Startup Time": 1.787,
                      "Actual Total Time": 66.221,
                      "Actual Rows": 825,
                      "Actual Loops": 1,
                      "Output": [
                        "mk.movie_id",
                        "ml.movie_id",
                        "ml.linked_movie_id",
                        "ml.link_type_id"
                      ],
                      "Inner Unique": false,
                      "Plans": [
                        {
                          "Node Type": "Nested Loop",
                          "Parent Relationship": "Outer",
                          "Parallel Aware": false,
                          "Join Type": "Inner",
                          "Startup Cost": 10.8,
                          "Total Cost": 3761.63,
                          "Plan Rows": 34,
                          "Plan Width": 4,
                          "Actual Startup Time": 1.76,
                          "Actual Total Time": 40.514,
                          "Actual Rows": 2152,
                          "Actual Loops": 1,
                          "Output": [
                            "mk.movie_id"
                          ],
                          "Inner Unique": false,
                          "Plans": [
                            {
                              "Node Type": "Seq Scan",
                              "Parent Relationship": "Outer",
                              "Parallel Aware": false,
                              "Relation Name": "keyword",
                              "Schema": "public",
                              "Alias": "k",
                              "Startup Cost": 0.0,
                              "Total Cost": 2626.12,
                              "Plan Rows": 1,
                              "Plan Width": 4,
                              "Actual Startup Time": 0.221,
                              "Actual Total Time": 16.001,
                              "Actual Rows": 1,
                              "Actual Loops": 1,
                              "Output": [
                                "k.id",
                                "k.keyword",
                                "k.phonetic_code"
                              ],
                              "Filter": "(k.keyword = 'based-on-comic'::text)",
                              "Rows Removed by Filter": 134169
                            },
                            {
                              "Node Type": "Bitmap Heap Scan",
                              "Parent Relationship": "Inner",
                              "Parallel Aware": false,
                              "Relation Name": "movie_keyword",
                              "Schema": "public",
                              "Alias": "mk",
                              "Startup Cost": 10.8,
                              "Total Cost": 1132.44,
                              "Plan Rows": 306,
                              "Plan Width": 8,
                              "Actual Startup Time": 1.527,
                              "Actual Total Time": 23.746,
                              "Actual Rows": 2152,
                              "Actual Loops": 1,
                              "Output": [
                                "mk.id",
                                "mk.movie_id",
                                "mk.keyword_id"
                              ],
                              "Recheck Cond": "(mk.keyword_id = k.id)",
                              "Rows Removed by Index Recheck": 0,
                              "Exact Heap Blocks": 1553,
                              "Lossy Heap Blocks": 0,
                              "Plans": [
                                {
                                  "Node Type": "Bitmap Index Scan",
                                  "Parent Relationship": "Outer",
                                  "Parallel Aware": false,
                                  "Index Name": "keyword_id_movie_keyword",
                                  "Startup Cost": 0.0,
                                  "Total Cost": 10.73,
                                  "Plan Rows": 306,
                                  "Plan Width": 0,
                                  "Actual Startup Time": 0.852,
                                  "Actual Total Time": 0.853,
                                  "Actual Rows": 2152,
                                  "Actual Loops": 1,
                                  "Index Cond": "(mk.keyword_id = k.id)"
                                }
                              ]
                            }
                          ]
                        },
                        {
                          "Node Type": "Index Scan",
                          "Parent Relationship": "Inner",
                          "Parallel Aware": false,
                          "Scan Direction": "Forward",
                          "Index Name": "movie_id_movie_link",
                          "Relation Name": "movie_link",
                          "Schema": "public",
                          "Alias": "ml",
                          "Startup Cost": 0.29,
                          "Total Cost": 0.38,
                          "Plan Rows": 5,
                          "Plan Width": 12,
                          "Actual Startup Time": 0.011,
                          "Actual Total Time": 0.011,
                          "Actual Rows": 0,
                          "Actual Loops": 2152,
                          "Output": [
                            "ml.id",
                            "ml.movie_id",
                            "ml.linked_movie_id",
                            "ml.link_type_id"
                          ],
                          "Index Cond": "(ml.movie_id = mk.movie_id)",
                          "Rows Removed by Index Recheck": 0
                        }
                      ]
                    },
                    {
                      "Node Type": "Index Scan",
                      "Parent Relationship": "Inner",
                      "Parallel Aware": false,
                      "Scan Direction": "Forward",
                      "Index Name": "title_pkey",
                      "Relation Name": "title",
                      "Schema": "public",
                      "Alias": "t1",
                      "Startup Cost": 0.43,
                      "Total Cost": 0.49,
                      "Plan Rows": 1,
                      "Plan Width": 21,
                      "Actual Startup Time": 0.007,
                      "Actual Total Time": 0.007,
                      "Actual Rows": 1,
                      "Actual Loops": 825,
                      "Output": [
                        "t1.id",
                        "t1.title",
                        "t1.imdb_index",
                        "t1.kind_id",
                        "t1.production_year",
                        "t1.imdb_id",
                        "t1.phonetic_code",
                        "t1.episode_of_id",
                        "t1.season_nr",
                        "t1.episode_nr",
                        "t1.series_years",
                        "t1.md5sum"
                      ],
                      "Index Cond": "(t1.id = mk.movie_id)",
                      "Rows Removed by Index Recheck": 0
                    }
                  ]
                },
                {
                  "Node Type": "Hash",
                  "Parent Relationship": "Inner",
                  "Parallel Aware": false,
                  "Startup Cost": 1.18,
                  "Total Cost": 1.18,
                  "Plan Rows": 18,
                  "Plan Width": 16,
                  "Actual Startup Time": 0.155,
                  "Actual Total Time": 0.155,
                  "Actual Rows": 18,
                  "Actual Loops": 1,
                  "Output": [
                    "lt.link",
                    "lt.id"
                  ],
                  "Hash Buckets": 1024,
                  "Original Hash Buckets": 1024,
                  "Hash Batches": 1,
                  "Original Hash Batches": 1,
                  "Peak Memory Usage": 9,
                  "Plans": [
                    {
                      "Node Type": "Seq Scan",
                      "Parent Relationship": "Outer",
                      "Parallel Aware": false,
                      "Relation Name": "link_type",
                      "Schema": "public",
                      "Alias": "lt",
                      "Startup Cost": 0.0,
                      "Total Cost": 1.18,
                      "Plan Rows": 18,
                      "Plan Width": 16,
                      "Actual Startup Time": 0.019,
                      "Actual Total Time": 0.136,
                      "Actual Rows": 18,
                      "Actual Loops": 1,
                      "Output": [
                        "lt.link",
                        "lt.id"
                      ]
                    }
                  ]
                }
              ]
            },
            {
              "Node Type": "Index Scan",
              "Parent Relationship": "Inner",
              "Parallel Aware": false,
              "Scan Direction": "Forward",
              "Index Name": "title_pkey",
              "Relation Name": "title",
              "Schema": "public",
              "Alias": "t2",
              "Startup Cost": 0.43,
              "Total Cost": 4.47,
              "Plan Rows": 1,
              "Plan Width": 21,
              "Actual Startup Time": 0.036,
              "Actual Total Time": 0.036,
              "Actual Rows": 1,
              "Actual Loops": 825,
              "Output": [
                "t2.id",
                "t2.title",
                "t2.imdb_index",
                "t2.kind_id",
                "t2.production_year",
                "t2.imdb_id",
                "t2.phonetic_code",
                "t2.episode_of_id",
                "t2.season_nr",
                "t2.episode_nr",
                "t2.series_years",
                "t2.md5sum"
              ],
              "Index Cond": "(t2.id = ml.linked_movie_id)",
              "Rows Removed by Index Recheck": 0
            }
          ]
        }
      ]
    },
    "Planning Time": 25969.698,
    "Triggers": [],
    "Execution Time": 105.936
  }
]