[
  {
    "Plan": {
      "Node Type": "Aggregate",
      "Strategy": "Plain",
      "Partial Mode": "Finalize",
      "Parallel Aware": false,
      "Startup Cost": 108803.72,
      "Total Cost": 108803.73,
      "Plan Rows": 1,
      "Plan Width": 8,
      "Actual Startup Time": 459.056,
      "Actual Total Time": 477.899,
      "Actual Rows": 1,
      "Actual Loops": 1,
      "Plans": [
        {
          "Node Type": "Gather",
          "Parent Relationship": "Outer",
          "Parallel Aware": false,
          "Startup Cost": 108803.41,
          "Total Cost": 108803.72,
          "Plan Rows": 3,
          "Plan Width": 8,
          "Actual Startup Time": 456.571,
          "Actual Total Time": 477.891,
          "Actual Rows": 4,
          "Actual Loops": 1,
          "Workers Planned": 3,
          "Workers Launched": 3,
          "Single Copy": false,
          "Plans": [
            {
              "Node Type": "Aggregate",
              "Strategy": "Plain",
              "Partial Mode": "Partial",
              "Parent Relationship": "Outer",
              "Parallel Aware": false,
              "Startup Cost": 107803.41,
              "Total Cost": 107803.42,
              "Plan Rows": 1,
              "Plan Width": 8,
              "Actual Startup Time": 443.655,
              "Actual Total Time": 443.66,
              "Actual Rows": 1,
              "Actual Loops": 4,
              "Plans": [
                {
                  "Node Type": "Hash Join",
                  "Parent Relationship": "Outer",
                  "Parallel Aware": true,
                  "Join Type": "Inner",
                  "Startup Cost": 62731.59,
                  "Total Cost": 107596.41,
                  "Plan Rows": 82799,
                  "Plan Width": 0,
                  "Actual Startup Time": 248.983,
                  "Actual Total Time": 437.188,
                  "Actual Rows": 147259,
                  "Actual Loops": 4,
                  "Inner Unique": false,
                  "Hash Cond": "(mk.movie_id = t.id)",
                  "Plans": [
                    {
                      "Node Type": "Seq Scan",
                      "Parent Relationship": "Outer",
                      "Parallel Aware": true,
                      "Relation Name": "movie_keyword",
                      "Alias": "mk",
                      "Startup Cost": 0.0,
                      "Total Cost": 39047.32,
                      "Plan Rows": 1459332,
                      "Plan Width": 4,
                      "Actual Startup Time": 0.03,
                      "Actual Total Time": 89.322,
                      "Actual Rows": 1130982,
                      "Actual Loops": 4
                    },
                    {
                      "Node Type": "Hash",
                      "Parent Relationship": "Inner",
                      "Parallel Aware": true,
                      "Startup Cost": 61984.45,
                      "Total Cost": 61984.45,
                      "Plan Rows": 59771,
                      "Plan Width": 8,
                      "Actual Startup Time": 246.283,
                      "Actual Total Time": 246.286,
                      "Actual Rows": 25935,
                      "Actual Loops": 4,
                      "Hash Buckets": 262144,
                      "Original Hash Buckets": 262144,
                      "Hash Batches": 1,
                      "Original Hash Batches": 1,
                      "Peak Memory Usage": 6208,
                      "Plans": [
                        {
                          "Node Type": "Hash Join",
                          "Parent Relationship": "Outer",
                          "Parallel Aware": true,
                          "Join Type": "Inner",
                          "Startup Cost": 46357.58,
                          "Total Cost": 61984.45,
                          "Plan Rows": 59771,
                          "Plan Width": 8,
                          "Actual Startup Time": 170.811,
                          "Actual Total Time": 237.822,
                          "Actual Rows": 25935,
                          "Actual Loops": 4,
                          "Inner Unique": true,
                          "Hash Cond": "(mi_idx.movie_id = t.id)",
                          "Plans": [
                            {
                              "Node Type": "Seq Scan",
                              "Parent Relationship": "Outer",
                              "Parallel Aware": true,
                              "Relation Name": "movie_info_idx",
                              "Alias": "mi_idx",
                              "Startup Cost": 0.0,
                              "Total Cost": 15122.68,
                              "Plan Rows": 192074,
                              "Plan Width": 4,
                              "Actual Startup Time": 0.033,
                              "Actual Total Time": 31.127,
                              "Actual Rows": 115046,
                              "Actual Loops": 4,
                              "Filter": "(info_type_id > 100)",
                              "Rows Removed by Filter": 229962
                            },
                            {
                              "Node Type": "Hash",
                              "Parent Relationship": "Inner",
                              "Parallel Aware": true,
                              "Startup Cost": 43898.92,
                              "Total Cost": 43898.92,
                              "Plan Rows": 196693,
                              "Plan Width": 4,
                              "Actual Startup Time": 166.908,
                              "Actual Total Time": 166.909,
                              "Actual Rows": 196232,
                              "Actual Loops": 4,
                              "Hash Buckets": 1048576,
                              "Original Hash Buckets": 1048576,
                              "Hash Batches": 1,
                              "Original Hash Batches": 1,
                              "Peak Memory Usage": 38944,
                              "Plans": [
                                {
                                  "Node Type": "Seq Scan",
                                  "Parent Relationship": "Outer",
                                  "Parallel Aware": true,
                                  "Relation Name": "title",
                                  "Alias": "t",
                                  "Startup Cost": 0.0,
                                  "Total Cost": 43898.92,
                                  "Plan Rows": 196693,
                                  "Plan Width": 4,
                                  "Actual Startup Time": 0.037,
                                  "Actual Total Time": 101.1,
                                  "Actual Rows": 196232,
                                  "Actual Loops": 4,
                                  "Filter": "(production_year > 2007)",
                                  "Rows Removed by Filter": 435846
                                }
                              ]
                            }
                          ]
                        }
                      ]
                    }
                  ]
                }
              ]
            }
          ]
        }
      ]
    },
    "Planning Time": 1.268,
    "Triggers": [],
    "Execution Time": 477.98
  }
]