[
  {
    "Plan": {
      "Node Type": "Aggregate",
      "Strategy": "Plain",
      "Partial Mode": "Finalize",
      "Parallel Aware": false,
      "Startup Cost": 56951.54,
      "Total Cost": 56951.55,
      "Plan Rows": 1,
      "Plan Width": 8,
      "Actual Startup Time": 101.406,
      "Actual Total Time": 115.569,
      "Actual Rows": 1,
      "Actual Loops": 1,
      "Plans": [
        {
          "Node Type": "Gather",
          "Parent Relationship": "Outer",
          "Parallel Aware": false,
          "Startup Cost": 56951.12,
          "Total Cost": 56951.53,
          "Plan Rows": 4,
          "Plan Width": 8,
          "Actual Startup Time": 101.205,
          "Actual Total Time": 115.561,
          "Actual Rows": 5,
          "Actual Loops": 1,
          "Workers Planned": 4,
          "Workers Launched": 4,
          "Single Copy": false,
          "Plans": [
            {
              "Node Type": "Aggregate",
              "Strategy": "Plain",
              "Partial Mode": "Partial",
              "Parent Relationship": "Outer",
              "Parallel Aware": false,
              "Startup Cost": 55951.12,
              "Total Cost": 55951.13,
              "Plan Rows": 1,
              "Plan Width": 8,
              "Actual Startup Time": 95.463,
              "Actual Total Time": 95.465,
              "Actual Rows": 1,
              "Actual Loops": 5,
              "Plans": [
                {
                  "Node Type": "Nested Loop",
                  "Parent Relationship": "Outer",
                  "Parallel Aware": false,
                  "Join Type": "Inner",
                  "Startup Cost": 0.43,
                  "Total Cost": 55950.3,
                  "Plan Rows": 330,
                  "Plan Width": 0,
                  "Actual Startup Time": 1.929,
                  "Actual Total Time": 95.369,
                  "Actual Rows": 549,
                  "Actual Loops": 5,
                  "Inner Unique": false,
                  "Plans": [
                    {
                      "Node Type": "Seq Scan",
                      "Parent Relationship": "Outer",
                      "Parallel Aware": true,
                      "Relation Name": "title",
                      "Alias": "t",
                      "Startup Cost": 0.0,
                      "Total Cost": 45479.59,
                      "Plan Rows": 625,
                      "Plan Width": 4,
                      "Actual Startup Time": 1.638,
                      "Actual Total Time": 84.818,
                      "Actual Rows": 609,
                      "Actual Loops": 5,
                      "Filter": "((kind_id < 7) AND (production_year = 1952))",
                      "Rows Removed by Filter": 505054
                    },
                    {
                      "Node Type": "Index Scan",
                      "Parent Relationship": "Inner",
                      "Parallel Aware": false,
                      "Scan Direction": "Forward",
                      "Index Name": "movie_id_movie_companies",
                      "Relation Name": "movie_companies",
                      "Alias": "mc",
                      "Startup Cost": 0.43,
                      "Total Cost": 16.72,
                      "Plan Rows": 3,
                      "Plan Width": 4,
                      "Actual Startup Time": 0.016,
                      "Actual Total Time": 0.017,
                      "Actual Rows": 1,
                      "Actual Loops": 3043,
                      "Index Cond": "(movie_id = t.id)",
                      "Rows Removed by Index Recheck": 0,
                      "Filter": "(company_type_id = 2)",
                      "Rows Removed by Filter": 1
                    }
                  ]
                }
              ]
            }
          ]
        }
      ]
    },
    "Planning Time": 0.2,
    "Triggers": [],
    "Execution Time": 115.603
  }
]