{
    "Plan": {
        "Node Type": "Aggregate",
        "Strategy": "Plain",
        "Partial Mode": "Finalize",
        "Parallel Aware": false,
        "Startup Cost": 433123.97,
        "Total Cost": 433123.98,
        "Plan Rows": 1,
        "Plan Width": 8,
        "Actual Startup Time": 8587.488,
        "Actual Total Time": 8668.53,
        "Actual Rows": 1,
        "Actual Loops": 1,
        "Output": [
            "count(*)"
        ],
        "Plans": [
            {
                "Node Type": "Gather",
                "Parent Relationship": "Outer",
                "Parallel Aware": false,
                "Startup Cost": 433123.65,
                "Total Cost": 433123.96,
                "Plan Rows": 3,
                "Plan Width": 8,
                "Actual Startup Time": 8584.296,
                "Actual Total Time": 8668.52,
                "Actual Rows": 4,
                "Actual Loops": 1,
                "Output": [
                    "(PARTIAL count(*))"
                ],
                "Workers Planned": 3,
                "Workers Launched": 3,
                "Single Copy": false,
                "Plans": [
                    {
                        "Node Type": "Aggregate",
                        "Strategy": "Plain",
                        "Partial Mode": "Partial",
                        "Parent Relationship": "Outer",
                        "Parallel Aware": false,
                        "Startup Cost": 432123.65,
                        "Total Cost": 432123.66,
                        "Plan Rows": 1,
                        "Plan Width": 8,
                        "Actual Startup Time": 8573.935,
                        "Actual Total Time": 8573.938,
                        "Actual Rows": 1,
                        "Actual Loops": 4,
                        "Output": [
                            "PARTIAL count(*)"
                        ],
                        "Workers": [
                            {
                                "Worker Number": 0,
                                "Actual Startup Time": 8570.797,
                                "Actual Total Time": 8570.8,
                                "Actual Rows": 1,
                                "Actual Loops": 1
                            },
                            {
                                "Worker Number": 1,
                                "Actual Startup Time": 8570.705,
                                "Actual Total Time": 8570.708,
                                "Actual Rows": 1,
                                "Actual Loops": 1
                            },
                            {
                                "Worker Number": 2,
                                "Actual Startup Time": 8570.719,
                                "Actual Total Time": 8570.722,
                                "Actual Rows": 1,
                                "Actual Loops": 1
                            }
                        ],
                        "Plans": [
                            {
                                "Node Type": "Nested Loop",
                                "Parent Relationship": "Outer",
                                "Parallel Aware": false,
                                "Join Type": "Inner",
                                "Startup Cost": 47530.94,
                                "Total Cost": 427749.18,
                                "Plan Rows": 1749790,
                                "Plan Width": 0,
                                "Actual Startup Time": 195.251,
                                "Actual Total Time": 8034.381,
                                "Actual Rows": 12125127,
                                "Actual Loops": 4,
                                "Inner Unique": false,
                                "Join Filter": "(t.id = ci.movie_id)",
                                "Rows Removed by Join Filter": 0,
                                "Workers": [
                                    {
                                        "Worker Number": 0,
                                        "Actual Startup Time": 192.416,
                                        "Actual Total Time": 8029.692,
                                        "Actual Rows": 11254964,
                                        "Actual Loops": 1
                                    },
                                    {
                                        "Worker Number": 1,
                                        "Actual Startup Time": 192.399,
                                        "Actual Total Time": 8001.081,
                                        "Actual Rows": 11463585,
                                        "Actual Loops": 1
                                    },
                                    {
                                        "Worker Number": 2,
                                        "Actual Startup Time": 192.33,
                                        "Actual Total Time": 8028.436,
                                        "Actual Rows": 13076600,
                                        "Actual Loops": 1
                                    }
                                ],
                                "Plans": [
                                    {
                                        "Node Type": "Hash Join",
                                        "Parent Relationship": "Outer",
                                        "Parallel Aware": true,
                                        "Join Type": "Inner",
                                        "Startup Cost": 47530.37,
                                        "Total Cost": 91459.95,
                                        "Plan Rows": 122033,
                                        "Plan Width": 8,
                                        "Actual Startup Time": 195.169,
                                        "Actual Total Time": 417.157,
                                        "Actual Rows": 265081,
                                        "Actual Loops": 4,
                                        "Output": [
                                            "t.id",
                                            "mk.movie_id"
                                        ],
                                        "Inner Unique": true,
                                        "Hash Cond": "(mk.movie_id = t.id)",
                                        "Workers": [
                                            {
                                                "Worker Number": 0,
                                                "Actual Startup Time": 192.314,
                                                "Actual Total Time": 414.62,
                                                "Actual Rows": 243957,
                                                "Actual Loops": 1
                                            },
                                            {
                                                "Worker Number": 1,
                                                "Actual Startup Time": 192.295,
                                                "Actual Total Time": 407.717,
                                                "Actual Rows": 244353,
                                                "Actual Loops": 1
                                            },
                                            {
                                                "Worker Number": 2,
                                                "Actual Startup Time": 192.236,
                                                "Actual Total Time": 412.762,
                                                "Actual Rows": 286387,
                                                "Actual Loops": 1
                                            }
                                        ],
                                        "Plans": [
                                            {
                                                "Node Type": "Seq Scan",
                                                "Parent Relationship": "Outer",
                                                "Parallel Aware": true,
                                                "Relation Name": "movie_keyword",
                                                "Schema": "public",
                                                "Alias": "mk",
                                                "Startup Cost": 0.0,
                                                "Total Cost": 42695.65,
                                                "Plan Rows": 470067,
                                                "Plan Width": 4,
                                                "Actual Startup Time": 0.016,
                                                "Actual Total Time": 111.556,
                                                "Actual Rows": 364472,
                                                "Actual Loops": 4,
                                                "Output": [
                                                    "mk.id",
                                                    "mk.movie_id",
                                                    "mk.keyword_id"
                                                ],
                                                "Filter": "(mk.keyword_id < 2055)",
                                                "Rows Removed by Filter": 766510,
                                                "Workers": [
                                                    {
                                                        "Worker Number": 0,
                                                        "Actual Startup Time": 0.025,
                                                        "Actual Total Time": 113.624,
                                                        "Actual Rows": 324905,
                                                        "Actual Loops": 1
                                                    },
                                                    {
                                                        "Worker Number": 1,
                                                        "Actual Startup Time": 0.022,
                                                        "Actual Total Time": 111.601,
                                                        "Actual Rows": 320559,
                                                        "Actual Loops": 1
                                                    },
                                                    {
                                                        "Worker Number": 2,
                                                        "Actual Startup Time": 0.008,
                                                        "Actual Total Time": 110.916,
                                                        "Actual Rows": 395719,
                                                        "Actual Loops": 1
                                                    }
                                                ]
                                            },
                                            {
                                                "Node Type": "Hash",
                                                "Parent Relationship": "Inner",
                                                "Parallel Aware": true,
                                                "Startup Cost": 45479.21,
                                                "Total Cost": 45479.21,
                                                "Plan Rows": 164093,
                                                "Plan Width": 4,
                                                "Actual Startup Time": 190.156,
                                                "Actual Total Time": 190.157,
                                                "Actual Rows": 177795,
                                                "Actual Loops": 4,
                                                "Output": [
                                                    "t.id"
                                                ],
                                                "Hash Buckets": 1048576,
                                                "Original Hash Buckets": 1048576,
                                                "Hash Batches": 1,
                                                "Original Hash Batches": 1,
                                                "Peak Memory Usage": 36064,
                                                "Workers": [
                                                    {
                                                        "Worker Number": 0,
                                                        "Actual Startup Time": 191.908,
                                                        "Actual Total Time": 191.909,
                                                        "Actual Rows": 142873,
                                                        "Actual Loops": 1
                                                    },
                                                    {
                                                        "Worker Number": 1,
                                                        "Actual Startup Time": 191.787,
                                                        "Actual Total Time": 191.788,
                                                        "Actual Rows": 146447,
                                                        "Actual Loops": 1
                                                    },
                                                    {
                                                        "Worker Number": 2,
                                                        "Actual Startup Time": 191.786,
                                                        "Actual Total Time": 191.787,
                                                        "Actual Rows": 204498,
                                                        "Actual Loops": 1
                                                    }
                                                ],
                                                "Plans": [
                                                    {
                                                        "Node Type": "Seq Scan",
                                                        "Parent Relationship": "Outer",
                                                        "Parallel Aware": true,
                                                        "Relation Name": "title",
                                                        "Schema": "public",
                                                        "Alias": "t",
                                                        "Startup Cost": 0.0,
                                                        "Total Cost": 45479.21,
                                                        "Plan Rows": 164093,
                                                        "Plan Width": 4,
                                                        "Actual Startup Time": 0.068,
                                                        "Actual Total Time": 117.176,
                                                        "Actual Rows": 177795,
                                                        "Actual Loops": 4,
                                                        "Output": [
                                                            "t.id"
                                                        ],
                                                        "Filter": "((t.kind_id < 7) AND (t.production_year < 2008))",
                                                        "Rows Removed by Filter": 454283,
                                                        "Workers": [
                                                            {
                                                                "Worker Number": 0,
                                                                "Actual Startup Time": 0.077,
                                                                "Actual Total Time": 119.952,
                                                                "Actual Rows": 142873,
                                                                "Actual Loops": 1
                                                            },
                                                            {
                                                                "Worker Number": 1,
                                                                "Actual Startup Time": 0.093,
                                                                "Actual Total Time": 119.285,
                                                                "Actual Rows": 146447,
                                                                "Actual Loops": 1
                                                            },
                                                            {
                                                                "Worker Number": 2,
                                                                "Actual Startup Time": 0.068,
                                                                "Actual Total Time": 115.429,
                                                                "Actual Rows": 204498,
                                                                "Actual Loops": 1
                                                            }
                                                        ]
                                                    }
                                                ]
                                            }
                                        ]
                                    },
                                    {
                                        "Node Type": "Index Only Scan",
                                        "Parent Relationship": "Inner",
                                        "Parallel Aware": false,
                                        "Scan Direction": "Forward",
                                        "Index Name": "movie_id_cast_info",
                                        "Relation Name": "cast_info",
                                        "Schema": "public",
                                        "Alias": "ci",
                                        "Startup Cost": 0.56,
                                        "Total Cost": 2.28,
                                        "Plan Rows": 38,
                                        "Plan Width": 4,
                                        "Actual Startup Time": 0.004,
                                        "Actual Total Time": 0.025,
                                        "Actual Rows": 46,
                                        "Actual Loops": 1060323,
                                        "Output": [
                                            "ci.movie_id"
                                        ],
                                        "Index Cond": "(ci.movie_id = mk.movie_id)",
                                        "Rows Removed by Index Recheck": 0,
                                        "Heap Fetches": 48500507,
                                        "Workers": [
                                            {
                                                "Worker Number": 0,
                                                "Actual Startup Time": 0.004,
                                                "Actual Total Time": 0.027,
                                                "Actual Rows": 46,
                                                "Actual Loops": 243957
                                            },
                                            {
                                                "Worker Number": 1,
                                                "Actual Startup Time": 0.004,
                                                "Actual Total Time": 0.026,
                                                "Actual Rows": 47,
                                                "Actual Loops": 244353
                                            },
                                            {
                                                "Worker Number": 2,
                                                "Actual Startup Time": 0.003,
                                                "Actual Total Time": 0.023,
                                                "Actual Rows": 46,
                                                "Actual Loops": 286387
                                            }
                                        ]
                                    }
                                ]
                            }
                        ]
                    }
                ]
            }
        ]
    },
    "Planning Time": 1.529,
    "Triggers": [],
    "Execution Time": 8668.648
}