[
  {
    "Plan": {
      "Node Type": "Aggregate",
      "Strategy": "Plain",
      "Partial Mode": "Finalize",
      "Parallel Aware": false,
      "Startup Cost": 326705.52,
      "Total Cost": 326705.53,
      "Plan Rows": 1,
      "Plan Width": 8,
      "Actual Startup Time": 243.393,
      "Actual Total Time": 253.366,
      "Actual Rows": 1,
      "Actual Loops": 1,
      "Plans": [
        {
          "Node Type": "Gather",
          "Parent Relationship": "Outer",
          "Parallel Aware": false,
          "Startup Cost": 326704.89,
          "Total Cost": 326705.5,
          "Plan Rows": 6,
          "Plan Width": 8,
          "Actual Startup Time": 242.608,
          "Actual Total Time": 253.357,
          "Actual Rows": 7,
          "Actual Loops": 1,
          "Workers Planned": 6,
          "Workers Launched": 6,
          "Single Copy": false,
          "Plans": [
            {
              "Node Type": "Aggregate",
              "Strategy": "Plain",
              "Partial Mode": "Partial",
              "Parent Relationship": "Outer",
              "Parallel Aware": false,
              "Startup Cost": 325704.89,
              "Total Cost": 325704.9,
              "Plan Rows": 1,
              "Plan Width": 8,
              "Actual Startup Time": 232.473,
              "Actual Total Time": 232.475,
              "Actual Rows": 1,
              "Actual Loops": 7,
              "Plans": [
                {
                  "Node Type": "Bitmap Heap Scan",
                  "Parent Relationship": "Outer",
                  "Parallel Aware": true,
                  "Relation Name": "cast_info",
                  "Alias": "ci",
                  "Startup Cost": 64844.47,
                  "Total Cost": 324899.74,
                  "Plan Rows": 322059,
                  "Plan Width": 0,
                  "Actual Startup Time": 188.958,
                  "Actual Total Time": 226.941,
                  "Actual Rows": 120119,
                  "Actual Loops": 7,
                  "Recheck Cond": "(person_id < 291614)",
                  "Rows Removed by Index Recheck": 0,
                  "Filter": "(role_id > 1)",
                  "Rows Removed by Filter": 308692,
                  "Exact Heap Blocks": 7695,
                  "Lossy Heap Blocks": 0,
                  "Plans": [
                    {
                      "Node Type": "Bitmap Index Scan",
                      "Parent Relationship": "Outer",
                      "Parallel Aware": false,
                      "Index Name": "person_id_cast_info",
                      "Startup Cost": 0.0,
                      "Total Cost": 64361.38,
                      "Plan Rows": 2947309,
                      "Plan Width": 0,
                      "Actual Startup Time": 128.773,
                      "Actual Total Time": 128.774,
                      "Actual Rows": 3001679,
                      "Actual Loops": 1,
                      "Index Cond": "(person_id < 291614)"
                    }
                  ]
                }
              ]
            }
          ]
        }
      ]
    },
    "Planning Time": 0.235,
    "Triggers": [],
    "Execution Time": 253.459
  }
]