[
  {
    "Plan": {
      "Node Type": "Aggregate",
      "Strategy": "Plain",
      "Partial Mode": "Finalize",
      "Parallel Aware": false,
      "Startup Cost": 150410.51,
      "Total Cost": 150410.52,
      "Plan Rows": 1,
      "Plan Width": 8,
      "Actual Startup Time": 307.371,
      "Actual Total Time": 343.522,
      "Actual Rows": 1,
      "Actual Loops": 1,
      "Plans": [
        {
          "Node Type": "Gather",
          "Parent Relationship": "Outer",
          "Parallel Aware": false,
          "Startup Cost": 150410.09,
          "Total Cost": 150410.5,
          "Plan Rows": 4,
          "Plan Width": 8,
          "Actual Startup Time": 306.738,
          "Actual Total Time": 343.512,
          "Actual Rows": 5,
          "Actual Loops": 1,
          "Workers Planned": 4,
          "Workers Launched": 4,
          "Single Copy": false,
          "Plans": [
            {
              "Node Type": "Aggregate",
              "Strategy": "Plain",
              "Partial Mode": "Partial",
              "Parent Relationship": "Outer",
              "Parallel Aware": false,
              "Startup Cost": 149410.09,
              "Total Cost": 149410.1,
              "Plan Rows": 1,
              "Plan Width": 8,
              "Actual Startup Time": 296.124,
              "Actual Total Time": 296.127,
              "Actual Rows": 1,
              "Actual Loops": 5,
              "Plans": [
                {
                  "Node Type": "Nested Loop",
                  "Parent Relationship": "Outer",
                  "Parallel Aware": false,
                  "Join Type": "Inner",
                  "Startup Cost": 32773.94,
                  "Total Cost": 149246.54,
                  "Plan Rows": 65420,
                  "Plan Width": 0,
                  "Actual Startup Time": 126.605,
                  "Actual Total Time": 293.786,
                  "Actual Rows": 37888,
                  "Actual Loops": 5,
                  "Inner Unique": false,
                  "Plans": [
                    {
                      "Node Type": "Hash Join",
                      "Parent Relationship": "Outer",
                      "Parallel Aware": true,
                      "Join Type": "Inner",
                      "Startup Cost": 32773.51,
                      "Total Cost": 79409.33,
                      "Plan Rows": 28391,
                      "Plan Width": 8,
                      "Actual Startup Time": 126.532,
                      "Actual Total Time": 171.342,
                      "Actual Rows": 5939,
                      "Actual Loops": 5,
                      "Inner Unique": false,
                      "Hash Cond": "(t.id = mc.movie_id)",
                      "Plans": [
                        {
                          "Node Type": "Seq Scan",
                          "Parent Relationship": "Outer",
                          "Parallel Aware": true,
                          "Relation Name": "title",
                          "Alias": "t",
                          "Startup Cost": 0.0,
                          "Total Cost": 45479.1,
                          "Plan Rows": 213030,
                          "Plan Width": 4,
                          "Actual Startup Time": 0.015,
                          "Actual Total Time": 73.192,
                          "Actual Rows": 152080,
                          "Actual Loops": 5,
                          "Filter": "((kind_id < 7) AND (production_year > 1964))",
                          "Rows Removed by Filter": 353583
                        },
                        {
                          "Node Type": "Hash",
                          "Parent Relationship": "Inner",
                          "Parallel Aware": true,
                          "Startup Cost": 31414.82,
                          "Total Cost": 31414.82,
                          "Plan Rows": 108695,
                          "Plan Width": 4,
                          "Actual Startup Time": 67.798,
                          "Actual Total Time": 67.799,
                          "Actual Rows": 6747,
                          "Actual Loops": 5,
                          "Hash Buckets": 524288,
                          "Original Hash Buckets": 524288,
                          "Hash Batches": 1,
                          "Original Hash Batches": 1,
                          "Peak Memory Usage": 5536,
                          "Plans": [
                            {
                              "Node Type": "Seq Scan",
                              "Parent Relationship": "Outer",
                              "Parallel Aware": true,
                              "Relation Name": "movie_companies",
                              "Alias": "mc",
                              "Startup Cost": 0.0,
                              "Total Cost": 31414.82,
                              "Plan Rows": 108695,
                              "Plan Width": 4,
                              "Actual Startup Time": 29.12,
                              "Actual Total Time": 64.866,
                              "Actual Rows": 6747,
                              "Actual Loops": 5,
                              "Filter": "((company_id > 45632) AND (company_type_id < 2))",
                              "Rows Removed by Filter": 515079
                            }
                          ]
                        }
                      ]
                    },
                    {
                      "Node Type": "Index Scan",
                      "Parent Relationship": "Inner",
                      "Parallel Aware": false,
                      "Scan Direction": "Forward",
                      "Index Name": "movie_id_movie_info",
                      "Relation Name": "movie_info",
                      "Alias": "mi",
                      "Startup Cost": 0.43,
                      "Total Cost": 2.29,
                      "Plan Rows": 17,
                      "Plan Width": 4,
                      "Actual Startup Time": 0.006,
                      "Actual Total Time": 0.02,
                      "Actual Rows": 6,
                      "Actual Loops": 29697,
                      "Index Cond": "(movie_id = t.id)",
                      "Rows Removed by Index Recheck": 0,
                      "Filter": "(info_type_id < 7)",
                      "Rows Removed by Filter": 13
                    }
                  ]
                }
              ]
            }
          ]
        }
      ]
    },
    "Planning Time": 1.488,
    "Triggers": [],
    "Execution Time": 343.626
  }
]