[
  {
    "Plan": {
      "Node Type": "Aggregate",
      "Strategy": "Plain",
      "Partial Mode": "Finalize",
      "Parallel Aware": false,
      "Startup Cost": 336432.68,
      "Total Cost": 336432.69,
      "Plan Rows": 1,
      "Plan Width": 8,
      "Actual Startup Time": 683.346,
      "Actual Total Time": 739.723,
      "Actual Rows": 1,
      "Actual Loops": 1,
      "Plans": [
        {
          "Node Type": "Gather",
          "Parent Relationship": "Outer",
          "Parallel Aware": false,
          "Startup Cost": 336432.05,
          "Total Cost": 336432.66,
          "Plan Rows": 6,
          "Plan Width": 8,
          "Actual Startup Time": 683.252,
          "Actual Total Time": 739.714,
          "Actual Rows": 7,
          "Actual Loops": 1,
          "Workers Planned": 6,
          "Workers Launched": 6,
          "Single Copy": false,
          "Plans": [
            {
              "Node Type": "Aggregate",
              "Strategy": "Plain",
              "Partial Mode": "Partial",
              "Parent Relationship": "Outer",
              "Parallel Aware": false,
              "Startup Cost": 335432.05,
              "Total Cost": 335432.06,
              "Plan Rows": 1,
              "Plan Width": 8,
              "Actual Startup Time": 674.77,
              "Actual Total Time": 674.771,
              "Actual Rows": 1,
              "Actual Loops": 7,
              "Plans": [
                {
                  "Node Type": "Seq Scan",
                  "Parent Relationship": "Outer",
                  "Parallel Aware": true,
                  "Relation Name": "cast_info",
                  "Alias": "ci",
                  "Startup Cost": 0.0,
                  "Total Cost": 328162.03,
                  "Plan Rows": 2908011,
                  "Plan Width": 0,
                  "Actual Startup Time": 198.715,
                  "Actual Total Time": 572.147,
                  "Actual Rows": 2484989,
                  "Actual Loops": 7,
                  "Filter": "(person_id > 1877589)",
                  "Rows Removed by Filter": 2692775
                }
              ]
            }
          ]
        }
      ]
    },
    "Planning Time": 0.162,
    "Triggers": [],
    "Execution Time": 739.787
  }
]