{
  "Plan": {
    "Node Type": "Aggregate",
    "Strategy": "Plain",
    "Partial Mode": "Finalize",
    "Parallel Aware": false,
    "Startup Cost": 687037.59,
    "Total Cost": 687037.6,
    "Plan Rows": 1,
    "Plan Width": 8,
    "Actual Startup Time": 3386.242,
    "Actual Total Time": 3455.481,
    "Actual Rows": 1,
    "Actual Loops": 1,
    "Plans": [
      {
        "Node Type": "Gather",
        "Parent Relationship": "Outer",
        "Parallel Aware": false,
        "Startup Cost": 687037.48,
        "Total Cost": 687037.59,
        "Plan Rows": 1,
        "Plan Width": 8,
        "Actual Startup Time": 3383.303,
        "Actual Total Time": 3455.472,
        "Actual Rows": 2,
        "Actual Loops": 1,
        "Workers Planned": 1,
        "Workers Launched": 1,
        "Single Copy": false,
        "Plans": [
          {
            "Node Type": "Aggregate",
            "Strategy": "Plain",
            "Partial Mode": "Partial",
            "Parent Relationship": "Outer",
            "Parallel Aware": false,
            "Startup Cost": 686037.48,
            "Total Cost": 686037.49,
            "Plan Rows": 1,
            "Plan Width": 8,
            "Actual Startup Time": 3376.848,
            "Actual Total Time": 3376.854,
            "Actual Rows": 1,
            "Actual Loops": 2,
            "Plans": [
              {
                "Node Type": "Hash Join",
                "Parent Relationship": "Outer",
                "Parallel Aware": true,
                "Join Type": "Inner",
                "Startup Cost": 121790.24,
                "Total Cost": 682770.15,
                "Plan Rows": 1306933,
                "Plan Width": 0,
                "Actual Startup Time": 1075.098,
                "Actual Total Time": 3268.199,
                "Actual Rows": 2789284,
                "Actual Loops": 2,
                "Inner Unique": false,
                "Hash Cond": "(ci.movie_id = t.id)",
                "Plans": [
                  {
                    "Node Type": "Seq Scan",
                    "Parent Relationship": "Outer",
                    "Parallel Aware": true,
                    "Relation Name": "cast_info",
                    "Alias": "ci",
                    "Startup Cost": 0.0,
                    "Total Cost": 519069.44,
                    "Plan Rows": 9126037,
                    "Plan Width": 4,
                    "Actual Startup Time": 482.549,
                    "Actual Total Time": 1383.54,
                    "Actual Rows": 7748269,
                    "Actual Loops": 2,
                    "Filter": "(person_id > 2089637)",
                    "Rows Removed by Filter": 10373903
                  },
                  {
                    "Node Type": "Hash",
                    "Parent Relationship": "Inner",
                    "Parallel Aware": true,
                    "Startup Cost": 119127.92,
                    "Total Cost": 119127.92,
                    "Plan Rows": 212985,
                    "Plan Width": 8,
                    "Actual Startup Time": 586.908,
                    "Actual Total Time": 586.912,
                    "Actual Rows": 251350,
                    "Actual Loops": 2,
                    "Hash Buckets": 524288,
                    "Original Hash Buckets": 524288,
                    "Hash Batches": 1,
                    "Original Hash Batches": 1,
                    "Peak Memory Usage": 23808,
                    "Plans": [
                      {
                        "Node Type": "Hash Join",
                        "Parent Relationship": "Outer",
                        "Parallel Aware": true,
                        "Join Type": "Inner",
                        "Startup Cost": 84581.85,
                        "Total Cost": 119127.92,
                        "Plan Rows": 212985,
                        "Plan Width": 8,
                        "Actual Startup Time": 326.399,
                        "Actual Total Time": 537.819,
                        "Actual Rows": 251350,
                        "Actual Loops": 2,
                        "Inner Unique": true,
                        "Hash Cond": "(mk.movie_id = t.id)",
                        "Plans": [
                          {
                            "Node Type": "Bitmap Heap Scan",
                            "Parent Relationship": "Outer",
                            "Parallel Aware": true,
                            "Relation Name": "movie_keyword",
                            "Alias": "mk",
                            "Startup Cost": 24059.38,
                            "Total Cost": 56853.94,
                            "Plan Rows": 667245,
                            "Plan Width": 4,
                            "Actual Startup Time": 59.203,
                            "Actual Total Time": 159.218,
                            "Actual Rows": 571207,
                            "Actual Loops": 2,
                            "Recheck Cond": "(keyword_id < 1301)",
                            "Rows Removed by Index Recheck": 0,
                            "Exact Heap Blocks": 13507,
                            "Lossy Heap Blocks": 0,
                            "Plans": [
                              {
                                "Node Type": "Bitmap Index Scan",
                                "Parent Relationship": "Outer",
                                "Parallel Aware": false,
                                "Index Name": "keyword_id_movie_keyword",
                                "Startup Cost": 0.0,
                                "Total Cost": 23775.8,
                                "Plan Rows": 1134316,
                                "Plan Width": 0,
                                "Actual Startup Time": 55.517,
                                "Actual Total Time": 55.517,
                                "Actual Rows": 1142414,
                                "Actual Loops": 1,
                                "Index Cond": "(keyword_id < 1301)"
                              }
                            ]
                          },
                          {
                            "Node Type": "Hash",
                            "Parent Relationship": "Inner",
                            "Parallel Aware": true,
                            "Startup Cost": 54588.39,
                            "Total Cost": 54588.39,
                            "Plan Rows": 474726,
                            "Plan Width": 4,
                            "Actual Startup Time": 260.153,
                            "Actual Total Time": 260.154,
                            "Actual Rows": 406352,
                            "Actual Loops": 2,
                            "Hash Buckets": 1048576,
                            "Original Hash Buckets": 1048576,
                            "Hash Batches": 1,
                            "Original Hash Batches": 1,
                            "Peak Memory Usage": 40000,
                            "Plans": [
                              {
                                "Node Type": "Seq Scan",
                                "Parent Relationship": "Outer",
                                "Parallel Aware": true,
                                "Relation Name": "title",
                                "Alias": "t",
                                "Startup Cost": 0.0,
                                "Total Cost": 54588.39,
                                "Plan Rows": 474726,
                                "Plan Width": 4,
                                "Actual Startup Time": 0.036,
                                "Actual Total Time": 154.997,
                                "Actual Rows": 406352,
                                "Actual Loops": 2,
                                "Filter": "(production_year < 1995)",
                                "Rows Removed by Filter": 857804
                              }
                            ]
                          }
                        ]
                      }
                    ]
                  }
                ]
              }
            ]
          }
        ]
      }
    ]
  },
  "Planning Time": 0.949,
  "Triggers": [],
  "Execution Time": 3455.603
}