{
    "Plan": {
        "Node Type": "Aggregate",
        "Strategy": "Plain",
        "Partial Mode": "Simple",
        "Parallel Aware": false,
        "Startup Cost": 40009357403.57,
        "Total Cost": 40009357403.58,
        "Plan Rows": 1,
        "Plan Width": 32,
        "Actual Startup Time": 7828.318,
        "Actual Total Time": 7828.321,
        "Actual Rows": 1,
        "Actual Loops": 1,
        "Output": [
            "min(t.title)"
        ],
        "Plans": [
            {
                "Node Type": "Nested Loop",
                "Parent Relationship": "Outer",
                "Parallel Aware": false,
                "Join Type": "Inner",
                "Startup Cost": 40000000002.55,
                "Total Cost": 40009357402.48,
                "Plan Rows": 434,
                "Plan Width": 17,
                "Actual Startup Time": 2098.567,
                "Actual Total Time": 7827.948,
                "Actual Rows": 1455,
                "Actual Loops": 1,
                "Output": [
                    "t.title"
                ],
                "Inner Unique": false,
                "Join Filter": "(t.id = mi.movie_id)",
                "Rows Removed by Join Filter": 0,
                "Plans": [
                    {
                        "Node Type": "Nested Loop",
                        "Parent Relationship": "Outer",
                        "Parallel Aware": false,
                        "Join Type": "Inner",
                        "Startup Cost": 30000000001.77,
                        "Total Cost": 30009356735.32,
                        "Plan Rows": 115,
                        "Plan Width": 25,
                        "Actual Startup Time": 1457.036,
                        "Actual Total Time": 7775.049,
                        "Actual Rows": 904,
                        "Actual Loops": 1,
                        "Output": [
                            "mk.movie_id",
                            "t.title",
                            "t.id"
                        ],
                        "Inner Unique": true,
                        "Plans": [
                            {
                                "Node Type": "Nested Loop",
                                "Parent Relationship": "Outer",
                                "Parallel Aware": false,
                                "Join Type": "Inner",
                                "Startup Cost": 20000000001.35,
                                "Total Cost": 20004072496.98,
                                "Plan Rows": 1189295,
                                "Plan Width": 29,
                                "Actual Startup Time": 0.497,
                                "Actual Total Time": 4573.353,
                                "Actual Rows": 684042,
                                "Actual Loops": 1,
                                "Output": [
                                    "mk.movie_id",
                                    "mk.keyword_id",
                                    "t.title",
                                    "t.id"
                                ],
                                "Inner Unique": false,
                                "Plans": [
                                    {
                                        "Node Type": "Index Scan",
                                        "Parent Relationship": "Outer",
                                        "Parallel Aware": false,
                                        "Scan Direction": "Forward",
                                        "Index Name": "title_pkey",
                                        "Relation Name": "title",
                                        "Schema": "public",
                                        "Alias": "t",
                                        "Startup Cost": 10000000000.43,
                                        "Total Cost": 10000116662.9,
                                        "Plan Rows": 664670,
                                        "Plan Width": 21,
                                        "Actual Startup Time": 0.393,
                                        "Actual Total Time": 1523.089,
                                        "Actual Rows": 662065,
                                        "Actual Loops": 1,
                                        "Output": [
                                            "t.id",
                                            "t.title",
                                            "t.imdb_index",
                                            "t.kind_id",
                                            "t.production_year",
                                            "t.imdb_id",
                                            "t.phonetic_code",
                                            "t.episode_of_id",
                                            "t.season_nr",
                                            "t.episode_nr",
                                            "t.series_years",
                                            "t.md5sum"
                                        ],
                                        "Filter": "(t.production_year > 2008)",
                                        "Rows Removed by Filter": 1866247
                                    },
                                    {
                                        "Node Type": "Bitmap Heap Scan",
                                        "Parent Relationship": "Inner",
                                        "Parallel Aware": false,
                                        "Relation Name": "movie_keyword",
                                        "Schema": "public",
                                        "Alias": "mk",
                                        "Startup Cost": 0.92,
                                        "Total Cost": 5.49,
                                        "Plan Rows": 46,
                                        "Plan Width": 8,
                                        "Actual Startup Time": 0.003,
                                        "Actual Total Time": 0.003,
                                        "Actual Rows": 1,
                                        "Actual Loops": 662065,
                                        "Output": [
                                            "mk.id",
                                            "mk.movie_id",
                                            "mk.keyword_id"
                                        ],
                                        "Recheck Cond": "(mk.movie_id = t.id)",
                                        "Rows Removed by Index Recheck": 0,
                                        "Exact Heap Blocks": 80095,
                                        "Lossy Heap Blocks": 0,
                                        "Plans": [
                                            {
                                                "Node Type": "Bitmap Index Scan",
                                                "Parent Relationship": "Outer",
                                                "Parallel Aware": false,
                                                "Index Name": "movie_id_movie_keyword",
                                                "Startup Cost": 0.0,
                                                "Total Cost": 0.91,
                                                "Plan Rows": 46,
                                                "Plan Width": 0,
                                                "Actual Startup Time": 0.002,
                                                "Actual Total Time": 0.002,
                                                "Actual Rows": 1,
                                                "Actual Loops": 662065,
                                                "Index Cond": "(mk.movie_id = t.id)"
                                            }
                                        ]
                                    }
                                ]
                            },
                            {
                                "Node Type": "Bitmap Heap Scan",
                                "Parent Relationship": "Inner",
                                "Parallel Aware": false,
                                "Relation Name": "keyword",
                                "Schema": "public",
                                "Alias": "k",
                                "Startup Cost": 0.43,
                                "Total Cost": 4.44,
                                "Plan Rows": 1,
                                "Plan Width": 4,
                                "Actual Startup Time": 0.003,
                                "Actual Total Time": 0.003,
                                "Actual Rows": 0,
                                "Actual Loops": 684042,
                                "Output": [
                                    "k.id",
                                    "k.keyword",
                                    "k.phonetic_code"
                                ],
                                "Recheck Cond": "(k.id = mk.keyword_id)",
                                "Rows Removed by Index Recheck": 0,
                                "Filter": "(k.keyword ~~ '%sequel%'::text)",
                                "Rows Removed by Filter": 1,
                                "Exact Heap Blocks": 684042,
                                "Lossy Heap Blocks": 0,
                                "Plans": [
                                    {
                                        "Node Type": "Bitmap Index Scan",
                                        "Parent Relationship": "Outer",
                                        "Parallel Aware": false,
                                        "Index Name": "keyword_pkey",
                                        "Startup Cost": 0.0,
                                        "Total Cost": 0.43,
                                        "Plan Rows": 1,
                                        "Plan Width": 0,
                                        "Actual Startup Time": 0.002,
                                        "Actual Total Time": 0.002,
                                        "Actual Rows": 1,
                                        "Actual Loops": 684042,
                                        "Index Cond": "(k.id = mk.keyword_id)"
                                    }
                                ]
                            }
                        ]
                    },
                    {
                        "Node Type": "Bitmap Heap Scan",
                        "Parent Relationship": "Inner",
                        "Parallel Aware": false,
                        "Relation Name": "movie_info",
                        "Schema": "public",
                        "Alias": "mi",
                        "Startup Cost": 0.78,
                        "Total Cost": 5.75,
                        "Plan Rows": 4,
                        "Plan Width": 4,
                        "Actual Startup Time": 0.022,
                        "Actual Total Time": 0.056,
                        "Actual Rows": 2,
                        "Actual Loops": 904,
                        "Output": [
                            "mi.id",
                            "mi.movie_id",
                            "mi.info_type_id",
                            "mi.info",
                            "mi.note"
                        ],
                        "Recheck Cond": "(mi.movie_id = mk.movie_id)",
                        "Rows Removed by Index Recheck": 0,
                        "Filter": "(mi.info = ANY ('{Norway,Sweden,Swedish,German,Denmark,Germany,English,USA,Denish,America}'::text[]))",
                        "Rows Removed by Filter": 56,
                        "Exact Heap Blocks": 10752,
                        "Lossy Heap Blocks": 0,
                        "Plans": [
                            {
                                "Node Type": "Bitmap Index Scan",
                                "Parent Relationship": "Outer",
                                "Parallel Aware": false,
                                "Index Name": "movie_id_movie_info",
                                "Startup Cost": 0.0,
                                "Total Cost": 0.78,
                                "Plan Rows": 39,
                                "Plan Width": 0,
                                "Actual Startup Time": 0.012,
                                "Actual Total Time": 0.012,
                                "Actual Rows": 57,
                                "Actual Loops": 904,
                                "Index Cond": "(mi.movie_id = mk.movie_id)"
                            }
                        ]
                    }
                ]
            }
        ]
    },
    "Planning Time": 5.127,
    "Triggers": [],
    "Execution Time": 7828.859
}