[
    {
        "Bao": {
            "Bao prediction": "NaN",
            "Bao recommended hint": "(no hint)"
        }
    },
    {
        "Plan": {
            "Node Type": "Aggregate",
            "Strategy": "Plain",
            "Partial Mode": "Finalize",
            "Parallel Aware": false,
            "Startup Cost": 298454.15,
            "Total Cost": 298454.16,
            "Plan Rows": 1,
            "Plan Width": 8,
            "Actual Startup Time": 143.361,
            "Actual Total Time": 148.131,
            "Actual Rows": 1,
            "Actual Loops": 1,
            "Output": [
                "count(*)"
            ],
            "Plans": [
                {
                    "Node Type": "Gather",
                    "Parent Relationship": "Outer",
                    "Parallel Aware": false,
                    "Startup Cost": 298453.52,
                    "Total Cost": 298454.13,
                    "Plan Rows": 6,
                    "Plan Width": 8,
                    "Actual Startup Time": 142.857,
                    "Actual Total Time": 148.124,
                    "Actual Rows": 7,
                    "Actual Loops": 1,
                    "Output": [
                        "(PARTIAL count(*))"
                    ],
                    "Workers Planned": 6,
                    "Workers Launched": 6,
                    "Single Copy": false,
                    "Plans": [
                        {
                            "Node Type": "Aggregate",
                            "Strategy": "Plain",
                            "Partial Mode": "Partial",
                            "Parent Relationship": "Outer",
                            "Parallel Aware": false,
                            "Startup Cost": 297453.52,
                            "Total Cost": 297453.53,
                            "Plan Rows": 1,
                            "Plan Width": 8,
                            "Actual Startup Time": 132.835,
                            "Actual Total Time": 132.836,
                            "Actual Rows": 1,
                            "Actual Loops": 7,
                            "Output": [
                                "PARTIAL count(*)"
                            ],
                            "Workers": [
                                {
                                    "Worker Number": 0,
                                    "Actual Startup Time": 130.656,
                                    "Actual Total Time": 130.658,
                                    "Actual Rows": 1,
                                    "Actual Loops": 1
                                },
                                {
                                    "Worker Number": 1,
                                    "Actual Startup Time": 130.821,
                                    "Actual Total Time": 130.822,
                                    "Actual Rows": 1,
                                    "Actual Loops": 1
                                },
                                {
                                    "Worker Number": 2,
                                    "Actual Startup Time": 130.812,
                                    "Actual Total Time": 130.814,
                                    "Actual Rows": 1,
                                    "Actual Loops": 1
                                },
                                {
                                    "Worker Number": 3,
                                    "Actual Startup Time": 131.481,
                                    "Actual Total Time": 131.482,
                                    "Actual Rows": 1,
                                    "Actual Loops": 1
                                },
                                {
                                    "Worker Number": 4,
                                    "Actual Startup Time": 131.719,
                                    "Actual Total Time": 131.721,
                                    "Actual Rows": 1,
                                    "Actual Loops": 1
                                },
                                {
                                    "Worker Number": 5,
                                    "Actual Startup Time": 131.909,
                                    "Actual Total Time": 131.91,
                                    "Actual Rows": 1,
                                    "Actual Loops": 1
                                }
                            ],
                            "Plans": [
                                {
                                    "Node Type": "Bitmap Heap Scan",
                                    "Parent Relationship": "Outer",
                                    "Parallel Aware": true,
                                    "Relation Name": "cast_info",
                                    "Schema": "public",
                                    "Alias": "ci",
                                    "Startup Cost": 39758.15,
                                    "Total Cost": 296965.39,
                                    "Plan Rows": 195254,
                                    "Plan Width": 0,
                                    "Actual Startup Time": 104.806,
                                    "Actual Total Time": 129.102,
                                    "Actual Rows": 73715,
                                    "Actual Loops": 7,
                                    "Recheck Cond": "(ci.person_id < 180997)",
                                    "Rows Removed by Index Recheck": 0,
                                    "Filter": "(ci.role_id > 1)",
                                    "Rows Removed by Filter": 187973,
                                    "Exact Heap Blocks": 5123,
                                    "Lossy Heap Blocks": 0,
                                    "Workers": [
                                        {
                                            "Worker Number": 0,
                                            "Actual Startup Time": 102.626,
                                            "Actual Total Time": 126.925,
                                            "Actual Rows": 54172,
                                            "Actual Loops": 1
                                        },
                                        {
                                            "Worker Number": 1,
                                            "Actual Startup Time": 102.808,
                                            "Actual Total Time": 127.009,
                                            "Actual Rows": 55164,
                                            "Actual Loops": 1
                                        },
                                        {
                                            "Worker Number": 2,
                                            "Actual Startup Time": 102.771,
                                            "Actual Total Time": 127.211,
                                            "Actual Rows": 51869,
                                            "Actual Loops": 1
                                        },
                                        {
                                            "Worker Number": 3,
                                            "Actual Startup Time": 103.474,
                                            "Actual Total Time": 127.874,
                                            "Actual Rows": 84040,
                                            "Actual Loops": 1
                                        },
                                        {
                                            "Worker Number": 4,
                                            "Actual Startup Time": 103.697,
                                            "Actual Total Time": 128.097,
                                            "Actual Rows": 83974,
                                            "Actual Loops": 1
                                        },
                                        {
                                            "Worker Number": 5,
                                            "Actual Startup Time": 103.878,
                                            "Actual Total Time": 128.289,
                                            "Actual Rows": 84267,
                                            "Actual Loops": 1
                                        }
                                    ],
                                    "Plans": [
                                        {
                                            "Node Type": "Bitmap Index Scan",
                                            "Parent Relationship": "Outer",
                                            "Parallel Aware": false,
                                            "Index Name": "person_id_cast_info",
                                            "Startup Cost": 0.0,
                                            "Total Cost": 39465.27,
                                            "Plan Rows": 1808094,
                                            "Plan Width": 0,
                                            "Actual Startup Time": 62.835,
                                            "Actual Total Time": 62.835,
                                            "Actual Rows": 1831814,
                                            "Actual Loops": 1,
                                            "Index Cond": "(ci.person_id < 180997)"
                                        }
                                    ]
                                }
                            ]
                        }
                    ]
                }
            ]
        },
        "Planning Time": 179.683,
        "Triggers": [],
        "Execution Time": 148.222
    }
]