[
  {
    "Plan": {
      "Node Type": "Aggregate",
      "Strategy": "Plain",
      "Partial Mode": "Finalize",
      "Parallel Aware": false,
      "Startup Cost": 451379.94,
      "Total Cost": 451379.95,
      "Plan Rows": 1,
      "Plan Width": 8,
      "Actual Startup Time": 3363.745,
      "Actual Total Time": 3420.864,
      "Actual Rows": 1,
      "Actual Loops": 1,
      "Plans": [
        {
          "Node Type": "Gather",
          "Parent Relationship": "Outer",
          "Parallel Aware": false,
          "Startup Cost": 451379.31,
          "Total Cost": 451379.92,
          "Plan Rows": 6,
          "Plan Width": 8,
          "Actual Startup Time": 3328.969,
          "Actual Total Time": 3420.843,
          "Actual Rows": 7,
          "Actual Loops": 1,
          "Workers Planned": 6,
          "Workers Launched": 6,
          "Single Copy": false,
          "Plans": [
            {
              "Node Type": "Aggregate",
              "Strategy": "Plain",
              "Partial Mode": "Partial",
              "Parent Relationship": "Outer",
              "Parallel Aware": false,
              "Startup Cost": 450379.31,
              "Total Cost": 450379.32,
              "Plan Rows": 1,
              "Plan Width": 8,
              "Actual Startup Time": 3313.258,
              "Actual Total Time": 3313.956,
              "Actual Rows": 1,
              "Actual Loops": 7,
              "Plans": [
                {
                  "Node Type": "Hash Join",
                  "Parent Relationship": "Outer",
                  "Parallel Aware": true,
                  "Join Type": "Inner",
                  "Startup Cost": 91020.89,
                  "Total Cost": 442394.58,
                  "Plan Rows": 3193891,
                  "Plan Width": 0,
                  "Actual Startup Time": 802.101,
                  "Actual Total Time": 3016.622,
                  "Actual Rows": 5883809,
                  "Actual Loops": 7,
                  "Inner Unique": false,
                  "Hash Cond": "(ci.movie_id = t.id)",
                  "Plans": [
                    {
                      "Node Type": "Seq Scan",
                      "Parent Relationship": "Outer",
                      "Parallel Aware": true,
                      "Relation Name": "cast_info",
                      "Alias": "ci",
                      "Startup Cost": 0.0,
                      "Total Cost": 328211.39,
                      "Plan Rows": 3429179,
                      "Plan Width": 4,
                      "Actual Startup Time": 166.098,
                      "Actual Total Time": 668.404,
                      "Actual Rows": 2914584,
                      "Actual Loops": 7,
                      "Filter": "(person_id > 1565831)",
                      "Rows Removed by Filter": 2263180
                    },
                    {
                      "Node Type": "Hash",
                      "Parent Relationship": "Inner",
                      "Parallel Aware": true,
                      "Startup Cost": 81525.17,
                      "Total Cost": 81525.17,
                      "Plan Rows": 759658,
                      "Plan Width": 8,
                      "Actual Startup Time": 630.566,
                      "Actual Total Time": 631.263,
                      "Actual Rows": 337224,
                      "Actual Loops": 7,
                      "Hash Buckets": 4194304,
                      "Original Hash Buckets": 4194304,
                      "Hash Batches": 1,
                      "Original Hash Batches": 1,
                      "Peak Memory Usage": 125184,
                      "Plans": [
                        {
                          "Node Type": "Hash Join",
                          "Parent Relationship": "Outer",
                          "Parallel Aware": true,
                          "Join Type": "Inner",
                          "Startup Cost": 50220.38,
                          "Total Cost": 81525.17,
                          "Plan Rows": 759658,
                          "Plan Width": 8,
                          "Actual Startup Time": 269.745,
                          "Actual Total Time": 458.2,
                          "Actual Rows": 337224,
                          "Actual Loops": 7,
                          "Inner Unique": true,
                          "Hash Cond": "(mc.movie_id = t.id)",
                          "Plans": [
                            {
                              "Node Type": "Seq Scan",
                              "Parent Relationship": "Outer",
                              "Parallel Aware": true,
                              "Relation Name": "movie_companies",
                              "Alias": "mc",
                              "Startup Cost": 0.0,
                              "Total Cost": 29310.68,
                              "Plan Rows": 759658,
                              "Plan Width": 4,
                              "Actual Startup Time": 0.032,
                              "Actual Total Time": 56.763,
                              "Actual Rows": 337224,
                              "Actual Loops": 7,
                              "Filter": "(company_id > 115)",
                              "Rows Removed by Filter": 35509
                            },
                            {
                              "Node Type": "Hash",
                              "Parent Relationship": "Inner",
                              "Parallel Aware": true,
                              "Startup Cost": 42319.06,
                              "Total Cost": 42319.06,
                              "Plan Rows": 632106,
                              "Plan Width": 4,
                              "Actual Startup Time": 265.902,
                              "Actual Total Time": 265.904,
                              "Actual Rows": 361187,
                              "Actual Loops": 7,
                              "Hash Buckets": 4194304,
                              "Original Hash Buckets": 4194304,
                              "Hash Batches": 1,
                              "Original Hash Batches": 1,
                              "Peak Memory Usage": 131776,
                              "Plans": [
                                {
                                  "Node Type": "Seq Scan",
                                  "Parent Relationship": "Outer",
                                  "Parallel Aware": true,
                                  "Relation Name": "title",
                                  "Alias": "t",
                                  "Startup Cost": 0.0,
                                  "Total Cost": 42319.06,
                                  "Plan Rows": 632106,
                                  "Plan Width": 4,
                                  "Actual Startup Time": 0.061,
                                  "Actual Total Time": 78.117,
                                  "Actual Rows": 361187,
                                  "Actual Loops": 7
                                }
                              ]
                            }
                          ]
                        }
                      ]
                    }
                  ]
                }
              ]
            }
          ]
        }
      ]
    },
    "Planning Time": 0.525,
    "Triggers": [],
    "Execution Time": 3420.916
  }
]