[
  {
    "Plan": {
      "Node Type": "Aggregate",
      "Strategy": "Plain",
      "Partial Mode": "Finalize",
      "Parallel Aware": false,
      "Startup Cost": 337477.58,
      "Total Cost": 337477.59,
      "Plan Rows": 1,
      "Plan Width": 8,
      "Actual Startup Time": 759.935,
      "Actual Total Time": 810.032,
      "Actual Rows": 1,
      "Actual Loops": 1,
      "Plans": [
        {
          "Node Type": "Gather",
          "Parent Relationship": "Outer",
          "Parallel Aware": false,
          "Startup Cost": 337476.96,
          "Total Cost": 337477.57,
          "Plan Rows": 6,
          "Plan Width": 8,
          "Actual Startup Time": 759.718,
          "Actual Total Time": 810.021,
          "Actual Rows": 7,
          "Actual Loops": 1,
          "Workers Planned": 6,
          "Workers Launched": 6,
          "Single Copy": false,
          "Plans": [
            {
              "Node Type": "Aggregate",
              "Strategy": "Plain",
              "Partial Mode": "Partial",
              "Parent Relationship": "Outer",
              "Parallel Aware": false,
              "Startup Cost": 336476.96,
              "Total Cost": 336476.97,
              "Plan Rows": 1,
              "Plan Width": 8,
              "Actual Startup Time": 754.228,
              "Actual Total Time": 754.23,
              "Actual Rows": 1,
              "Actual Loops": 7,
              "Plans": [
                {
                  "Node Type": "Seq Scan",
                  "Parent Relationship": "Outer",
                  "Parallel Aware": true,
                  "Relation Name": "cast_info",
                  "Alias": "ci",
                  "Startup Cost": 0.0,
                  "Total Cost": 328211.39,
                  "Plan Rows": 3306227,
                  "Plan Width": 0,
                  "Actual Startup Time": 0.035,
                  "Actual Total Time": 616.245,
                  "Actual Rows": 2869242,
                  "Actual Loops": 7,
                  "Filter": "(person_id < 2016870)",
                  "Rows Removed by Filter": 2308521
                }
              ]
            }
          ]
        }
      ]
    },
    "Planning Time": 0.13,
    "Triggers": [],
    "Execution Time": 810.084
  }
]