[
    {
        "Bao": {
            "Bao prediction": "NaN",
            "Bao recommended hint": "(no hint)"
        }
    },
    {
        "Plan": {
            "Node Type": "Aggregate",
            "Strategy": "Plain",
            "Partial Mode": "Finalize",
            "Parallel Aware": false,
            "Startup Cost": 91592.15,
            "Total Cost": 91592.16,
            "Plan Rows": 1,
            "Plan Width": 8,
            "Actual Startup Time": 297.255,
            "Actual Total Time": 308.716,
            "Actual Rows": 1,
            "Actual Loops": 1,
            "Output": [
                "count(*)"
            ],
            "Plans": [
                {
                    "Node Type": "Gather",
                    "Parent Relationship": "Outer",
                    "Parallel Aware": false,
                    "Startup Cost": 91591.84,
                    "Total Cost": 91592.15,
                    "Plan Rows": 3,
                    "Plan Width": 8,
                    "Actual Startup Time": 296.557,
                    "Actual Total Time": 308.704,
                    "Actual Rows": 4,
                    "Actual Loops": 1,
                    "Output": [
                        "(PARTIAL count(*))"
                    ],
                    "Workers Planned": 3,
                    "Workers Launched": 3,
                    "Single Copy": false,
                    "Plans": [
                        {
                            "Node Type": "Aggregate",
                            "Strategy": "Plain",
                            "Partial Mode": "Partial",
                            "Parent Relationship": "Outer",
                            "Parallel Aware": false,
                            "Startup Cost": 90591.84,
                            "Total Cost": 90591.85,
                            "Plan Rows": 1,
                            "Plan Width": 8,
                            "Actual Startup Time": 288.117,
                            "Actual Total Time": 288.12,
                            "Actual Rows": 1,
                            "Actual Loops": 4,
                            "Output": [
                                "PARTIAL count(*)"
                            ],
                            "Workers": [
                                {
                                    "Worker Number": 0,
                                    "Actual Startup Time": 285.192,
                                    "Actual Total Time": 285.194,
                                    "Actual Rows": 1,
                                    "Actual Loops": 1
                                },
                                {
                                    "Worker Number": 1,
                                    "Actual Startup Time": 285.351,
                                    "Actual Total Time": 285.354,
                                    "Actual Rows": 1,
                                    "Actual Loops": 1
                                },
                                {
                                    "Worker Number": 2,
                                    "Actual Startup Time": 285.653,
                                    "Actual Total Time": 285.656,
                                    "Actual Rows": 1,
                                    "Actual Loops": 1
                                }
                            ],
                            "Plans": [
                                {
                                    "Node Type": "Hash Join",
                                    "Parent Relationship": "Outer",
                                    "Parallel Aware": true,
                                    "Join Type": "Inner",
                                    "Startup Cost": 44562.83,
                                    "Total Cost": 90344.87,
                                    "Plan Rows": 98785,
                                    "Plan Width": 0,
                                    "Actual Startup Time": 104.31,
                                    "Actual Total Time": 282.29,
                                    "Actual Rows": 134005,
                                    "Actual Loops": 4,
                                    "Inner Unique": true,
                                    "Hash Cond": "(mk.movie_id = t.id)",
                                    "Workers": [
                                        {
                                            "Worker Number": 0,
                                            "Actual Startup Time": 101.087,
                                            "Actual Total Time": 279.307,
                                            "Actual Rows": 134184,
                                            "Actual Loops": 1
                                        },
                                        {
                                            "Worker Number": 1,
                                            "Actual Startup Time": 101.82,
                                            "Actual Total Time": 279.65,
                                            "Actual Rows": 128273,
                                            "Actual Loops": 1
                                        },
                                        {
                                            "Worker Number": 2,
                                            "Actual Startup Time": 101.619,
                                            "Actual Total Time": 279.837,
                                            "Actual Rows": 132123,
                                            "Actual Loops": 1
                                        }
                                    ],
                                    "Plans": [
                                        {
                                            "Node Type": "Seq Scan",
                                            "Parent Relationship": "Outer",
                                            "Parallel Aware": true,
                                            "Relation Name": "movie_keyword",
                                            "Schema": "public",
                                            "Alias": "mk",
                                            "Startup Cost": 0.0,
                                            "Total Cost": 42695.65,
                                            "Plan Rows": 1175767,
                                            "Plan Width": 4,
                                            "Actual Startup Time": 0.042,
                                            "Actual Total Time": 104.023,
                                            "Actual Rows": 911966,
                                            "Actual Loops": 4,
                                            "Output": [
                                                "mk.id",
                                                "mk.movie_id",
                                                "mk.keyword_id"
                                            ],
                                            "Filter": "(mk.keyword_id > 830)",
                                            "Rows Removed by Filter": 219016,
                                            "Workers": [
                                                {
                                                    "Worker Number": 0,
                                                    "Actual Startup Time": 0.036,
                                                    "Actual Total Time": 105.088,
                                                    "Actual Rows": 900117,
                                                    "Actual Loops": 1
                                                },
                                                {
                                                    "Worker Number": 1,
                                                    "Actual Startup Time": 0.065,
                                                    "Actual Total Time": 105.416,
                                                    "Actual Rows": 879644,
                                                    "Actual Loops": 1
                                                },
                                                {
                                                    "Worker Number": 2,
                                                    "Actual Startup Time": 0.034,
                                                    "Actual Total Time": 104.923,
                                                    "Actual Rows": 901822,
                                                    "Actual Loops": 1
                                                }
                                            ]
                                        },
                                        {
                                            "Node Type": "Hash",
                                            "Parent Relationship": "Inner",
                                            "Parallel Aware": true,
                                            "Startup Cost": 43899.01,
                                            "Total Cost": 43899.01,
                                            "Plan Rows": 53106,
                                            "Plan Width": 4,
                                            "Actual Startup Time": 102.599,
                                            "Actual Total Time": 102.6,
                                            "Actual Rows": 52906,
                                            "Actual Loops": 4,
                                            "Output": [
                                                "t.id"
                                            ],
                                            "Hash Buckets": 262144,
                                            "Original Hash Buckets": 262144,
                                            "Hash Batches": 1,
                                            "Original Hash Batches": 1,
                                            "Peak Memory Usage": 10400,
                                            "Workers": [
                                                {
                                                    "Worker Number": 0,
                                                    "Actual Startup Time": 100.184,
                                                    "Actual Total Time": 100.185,
                                                    "Actual Rows": 49830,
                                                    "Actual Loops": 1
                                                },
                                                {
                                                    "Worker Number": 1,
                                                    "Actual Startup Time": 100.195,
                                                    "Actual Total Time": 100.196,
                                                    "Actual Rows": 47609,
                                                    "Actual Loops": 1
                                                },
                                                {
                                                    "Worker Number": 2,
                                                    "Actual Startup Time": 100.632,
                                                    "Actual Total Time": 100.633,
                                                    "Actual Rows": 49981,
                                                    "Actual Loops": 1
                                                }
                                            ],
                                            "Plans": [
                                                {
                                                    "Node Type": "Seq Scan",
                                                    "Parent Relationship": "Outer",
                                                    "Parallel Aware": true,
                                                    "Relation Name": "title",
                                                    "Schema": "public",
                                                    "Alias": "t",
                                                    "Startup Cost": 0.0,
                                                    "Total Cost": 43899.01,
                                                    "Plan Rows": 53106,
                                                    "Plan Width": 4,
                                                    "Actual Startup Time": 0.114,
                                                    "Actual Total Time": 85.257,
                                                    "Actual Rows": 52906,
                                                    "Actual Loops": 4,
                                                    "Output": [
                                                        "t.id"
                                                    ],
                                                    "Filter": "(t.production_year < 1957)",
                                                    "Rows Removed by Filter": 579172,
                                                    "Workers": [
                                                        {
                                                            "Worker Number": 0,
                                                            "Actual Startup Time": 0.293,
                                                            "Actual Total Time": 83.108,
                                                            "Actual Rows": 49830,
                                                            "Actual Loops": 1
                                                        },
                                                        {
                                                            "Worker Number": 1,
                                                            "Actual Startup Time": 0.07,
                                                            "Actual Total Time": 84.215,
                                                            "Actual Rows": 47609,
                                                            "Actual Loops": 1
                                                        },
                                                        {
                                                            "Worker Number": 2,
                                                            "Actual Startup Time": 0.071,
                                                            "Actual Total Time": 83.37,
                                                            "Actual Rows": 49981,
                                                            "Actual Loops": 1
                                                        }
                                                    ]
                                                }
                                            ]
                                        }
                                    ]
                                }
                            ]
                        }
                    ]
                }
            ]
        },
        "Planning Time": 190.102,
        "Triggers": [],
        "Execution Time": 308.772
    }
]