{
  "Plan": {
    "Node Type": "Aggregate",
    "Strategy": "Plain",
    "Partial Mode": "Finalize",
    "Parallel Aware": false,
    "Startup Cost": 522010.66,
    "Total Cost": 522010.67,
    "Plan Rows": 1,
    "Plan Width": 8,
    "Actual Startup Time": 1340.784,
    "Actual Total Time": 1375.563,
    "Actual Rows": 1,
    "Actual Loops": 1,
    "Plans": [
      {
        "Node Type": "Gather",
        "Parent Relationship": "Outer",
        "Parallel Aware": false,
        "Startup Cost": 522010.55,
        "Total Cost": 522010.66,
        "Plan Rows": 1,
        "Plan Width": 8,
        "Actual Startup Time": 1339.122,
        "Actual Total Time": 1375.552,
        "Actual Rows": 2,
        "Actual Loops": 1,
        "Workers Planned": 1,
        "Workers Launched": 1,
        "Single Copy": false,
        "Plans": [
          {
            "Node Type": "Aggregate",
            "Strategy": "Plain",
            "Partial Mode": "Partial",
            "Parent Relationship": "Outer",
            "Parallel Aware": false,
            "Startup Cost": 521010.55,
            "Total Cost": 521010.56,
            "Plan Rows": 1,
            "Plan Width": 8,
            "Actual Startup Time": 1333.06,
            "Actual Total Time": 1333.065,
            "Actual Rows": 1,
            "Actual Loops": 2,
            "Plans": [
              {
                "Node Type": "Hash Join",
                "Parent Relationship": "Outer",
                "Parallel Aware": true,
                "Join Type": "Inner",
                "Startup Cost": 207738.23,
                "Total Cost": 519319.06,
                "Plan Rows": 676595,
                "Plan Width": 0,
                "Actual Startup Time": 420.069,
                "Actual Total Time": 1308.803,
                "Actual Rows": 571234,
                "Actual Loops": 2,
                "Inner Unique": true,
                "Hash Cond": "(ci.movie_id = t.id)",
                "Plans": [
                  {
                    "Node Type": "Bitmap Heap Scan",
                    "Parent Relationship": "Outer",
                    "Parallel Aware": true,
                    "Relation Name": "cast_info",
                    "Alias": "ci",
                    "Startup Cost": 146201.46,
                    "Total Cost": 447561.03,
                    "Plan Rows": 3893806,
                    "Plan Width": 4,
                    "Actual Startup Time": 226.468,
                    "Actual Total Time": 572.89,
                    "Actual Rows": 3228829,
                    "Actual Loops": 2,
                    "Recheck Cond": "(person_id > 3010321)",
                    "Rows Removed by Index Recheck": 0,
                    "Exact Heap Blocks": 44022,
                    "Lossy Heap Blocks": 0,
                    "Plans": [
                      {
                        "Node Type": "Bitmap Index Scan",
                        "Parent Relationship": "Outer",
                        "Parallel Aware": false,
                        "Index Name": "person_id_cast_info",
                        "Startup Cost": 0.0,
                        "Total Cost": 144546.59,
                        "Plan Rows": 6619470,
                        "Plan Width": 0,
                        "Actual Startup Time": 212.058,
                        "Actual Total Time": 212.059,
                        "Actual Rows": 6457658,
                        "Actual Loops": 1,
                        "Index Cond": "(person_id > 3010321)"
                      }
                    ]
                  },
                  {
                    "Node Type": "Hash",
                    "Parent Relationship": "Inner",
                    "Parallel Aware": true,
                    "Startup Cost": 58306.47,
                    "Total Cost": 58306.47,
                    "Plan Rows": 258424,
                    "Plan Width": 4,
                    "Actual Startup Time": 188.175,
                    "Actual Total Time": 188.175,
                    "Actual Rows": 184123,
                    "Actual Loops": 2,
                    "Hash Buckets": 524288,
                    "Original Hash Buckets": 524288,
                    "Hash Batches": 1,
                    "Original Hash Batches": 1,
                    "Peak Memory Usage": 18528,
                    "Plans": [
                      {
                        "Node Type": "Seq Scan",
                        "Parent Relationship": "Outer",
                        "Parallel Aware": true,
                        "Relation Name": "title",
                        "Alias": "t",
                        "Startup Cost": 0.0,
                        "Total Cost": 58306.47,
                        "Plan Rows": 258424,
                        "Plan Width": 4,
                        "Actual Startup Time": 0.048,
                        "Actual Total Time": 146.654,
                        "Actual Rows": 184123,
                        "Actual Loops": 2,
                        "Filter": "((kind_id < 7) AND (production_year > 2004))",
                        "Rows Removed by Filter": 1080033
                      }
                    ]
                  }
                ]
              }
            ]
          }
        ]
      }
    ]
  },
  "Planning Time": 0.704,
  "Triggers": [],
  "Execution Time": 1375.661
}