[
  {
    "Plan": {
      "Node Type": "Aggregate",
      "Strategy": "Plain",
      "Partial Mode": "Finalize",
      "Parallel Aware": false,
      "Startup Cost": 58394.02,
      "Total Cost": 58394.03,
      "Plan Rows": 1,
      "Plan Width": 8,
      "Actual Startup Time": 141.612,
      "Actual Total Time": 164.344,
      "Actual Rows": 1,
      "Actual Loops": 1,
      "Plans": [
        {
          "Node Type": "Gather",
          "Parent Relationship": "Outer",
          "Parallel Aware": false,
          "Startup Cost": 58393.6,
          "Total Cost": 58394.01,
          "Plan Rows": 4,
          "Plan Width": 8,
          "Actual Startup Time": 141.319,
          "Actual Total Time": 164.337,
          "Actual Rows": 5,
          "Actual Loops": 1,
          "Workers Planned": 4,
          "Workers Launched": 4,
          "Single Copy": false,
          "Plans": [
            {
              "Node Type": "Aggregate",
              "Strategy": "Plain",
              "Partial Mode": "Partial",
              "Parent Relationship": "Outer",
              "Parallel Aware": false,
              "Startup Cost": 57393.6,
              "Total Cost": 57393.61,
              "Plan Rows": 1,
              "Plan Width": 8,
              "Actual Startup Time": 131.598,
              "Actual Total Time": 131.6,
              "Actual Rows": 1,
              "Actual Loops": 5,
              "Plans": [
                {
                  "Node Type": "Nested Loop",
                  "Parent Relationship": "Outer",
                  "Parallel Aware": false,
                  "Join Type": "Inner",
                  "Startup Cost": 0.99,
                  "Total Cost": 57370.9,
                  "Plan Rows": 9083,
                  "Plan Width": 0,
                  "Actual Startup Time": 14.177,
                  "Actual Total Time": 130.517,
                  "Actual Rows": 16249,
                  "Actual Loops": 5,
                  "Inner Unique": false,
                  "Join Filter": "(t.id = ci.movie_id)",
                  "Rows Removed by Join Filter": 0,
                  "Plans": [
                    {
                      "Node Type": "Nested Loop",
                      "Parent Relationship": "Outer",
                      "Parallel Aware": false,
                      "Join Type": "Inner",
                      "Startup Cost": 0.43,
                      "Total Cost": 55654.56,
                      "Plan Rows": 753,
                      "Plan Width": 8,
                      "Actual Startup Time": 8.59,
                      "Actual Total Time": 83.574,
                      "Actual Rows": 1265,
                      "Actual Loops": 5,
                      "Inner Unique": false,
                      "Plans": [
                        {
                          "Node Type": "Seq Scan",
                          "Parent Relationship": "Outer",
                          "Parallel Aware": true,
                          "Relation Name": "title",
                          "Alias": "t",
                          "Startup Cost": 0.0,
                          "Total Cost": 43898.92,
                          "Plan Rows": 730,
                          "Plan Width": 4,
                          "Actual Startup Time": 4.348,
                          "Actual Total Time": 74.186,
                          "Actual Rows": 703,
                          "Actual Loops": 5,
                          "Filter": "(production_year > 2013)",
                          "Rows Removed by Filter": 504959
                        },
                        {
                          "Node Type": "Index Only Scan",
                          "Parent Relationship": "Inner",
                          "Parallel Aware": false,
                          "Scan Direction": "Forward",
                          "Index Name": "movie_id_movie_companies",
                          "Relation Name": "movie_companies",
                          "Alias": "mc",
                          "Startup Cost": 0.43,
                          "Total Cost": 16.05,
                          "Plan Rows": 5,
                          "Plan Width": 4,
                          "Actual Startup Time": 0.011,
                          "Actual Total Time": 0.013,
                          "Actual Rows": 2,
                          "Actual Loops": 3515,
                          "Index Cond": "(movie_id = t.id)",
                          "Rows Removed by Index Recheck": 0,
                          "Heap Fetches": 6325
                        }
                      ]
                    },
                    {
                      "Node Type": "Index Scan",
                      "Parent Relationship": "Inner",
                      "Parallel Aware": false,
                      "Scan Direction": "Forward",
                      "Index Name": "movie_id_cast_info",
                      "Relation Name": "cast_info",
                      "Alias": "ci",
                      "Startup Cost": 0.56,
                      "Total Cost": 1.89,
                      "Plan Rows": 31,
                      "Plan Width": 4,
                      "Actual Startup Time": 0.008,
                      "Actual Total Time": 0.036,
                      "Actual Rows": 13,
                      "Actual Loops": 6325,
                      "Index Cond": "(movie_id = mc.movie_id)",
                      "Rows Removed by Index Recheck": 0,
                      "Filter": "(role_id < 9)",
                      "Rows Removed by Filter": 3
                    }
                  ]
                }
              ]
            }
          ]
        }
      ]
    },
    "Planning Time": 1.301,
    "Triggers": [],
    "Execution Time": 164.428
  }
]