[
  {
    "Plan": {
      "Node Type": "Aggregate",
      "Strategy": "Plain",
      "Partial Mode": "Finalize",
      "Parallel Aware": false,
      "Startup Cost": 251027.09,
      "Total Cost": 251027.1,
      "Plan Rows": 1,
      "Plan Width": 8,
      "Actual Startup Time": 654.009,
      "Actual Total Time": 696.022,
      "Actual Rows": 1,
      "Actual Loops": 1,
      "Plans": [
        {
          "Node Type": "Gather",
          "Parent Relationship": "Outer",
          "Parallel Aware": false,
          "Startup Cost": 251026.57,
          "Total Cost": 251027.08,
          "Plan Rows": 5,
          "Plan Width": 8,
          "Actual Startup Time": 650.099,
          "Actual Total Time": 695.991,
          "Actual Rows": 6,
          "Actual Loops": 1,
          "Workers Planned": 5,
          "Workers Launched": 5,
          "Single Copy": false,
          "Plans": [
            {
              "Node Type": "Aggregate",
              "Strategy": "Plain",
              "Partial Mode": "Partial",
              "Parent Relationship": "Outer",
              "Parallel Aware": false,
              "Startup Cost": 250026.57,
              "Total Cost": 250026.58,
              "Plan Rows": 1,
              "Plan Width": 8,
              "Actual Startup Time": 643.109,
              "Actual Total Time": 643.114,
              "Actual Rows": 1,
              "Actual Loops": 6,
              "Plans": [
                {
                  "Node Type": "Hash Join",
                  "Parent Relationship": "Outer",
                  "Parallel Aware": true,
                  "Join Type": "Inner",
                  "Startup Cost": 47065.64,
                  "Total Cost": 249408.24,
                  "Plan Rows": 247331,
                  "Plan Width": 0,
                  "Actual Startup Time": 130.342,
                  "Actual Total Time": 636.864,
                  "Actual Rows": 115158,
                  "Actual Loops": 6,
                  "Inner Unique": true,
                  "Hash Cond": "(mi.movie_id = t.id)",
                  "Plans": [
                    {
                      "Node Type": "Seq Scan",
                      "Parent Relationship": "Outer",
                      "Parallel Aware": true,
                      "Relation Name": "movie_info",
                      "Alias": "mi",
                      "Startup Cost": 0.0,
                      "Total Cost": 199108.24,
                      "Plan Rows": 1232139,
                      "Plan Width": 4,
                      "Actual Startup Time": 17.581,
                      "Actual Total Time": 350.379,
                      "Actual Rows": 1037249,
                      "Actual Loops": 6,
                      "Filter": "(info_type_id > 8)",
                      "Rows Removed by Filter": 1435371
                    },
                    {
                      "Node Type": "Hash",
                      "Parent Relationship": "Inner",
                      "Parallel Aware": true,
                      "Startup Cost": 45479.59,
                      "Total Cost": 45479.59,
                      "Plan Rows": 126884,
                      "Plan Width": 4,
                      "Actual Startup Time": 110.681,
                      "Actual Total Time": 110.682,
                      "Actual Rows": 67324,
                      "Actual Loops": 6,
                      "Hash Buckets": 524288,
                      "Original Hash Buckets": 524288,
                      "Hash Batches": 1,
                      "Original Hash Batches": 1,
                      "Peak Memory Usage": 20000,
                      "Plans": [
                        {
                          "Node Type": "Seq Scan",
                          "Parent Relationship": "Outer",
                          "Parallel Aware": true,
                          "Relation Name": "title",
                          "Alias": "t",
                          "Startup Cost": 0.0,
                          "Total Cost": 45479.59,
                          "Plan Rows": 126884,
                          "Plan Width": 4,
                          "Actual Startup Time": 0.039,
                          "Actual Total Time": 81.914,
                          "Actual Rows": 67324,
                          "Actual Loops": 6,
                          "Filter": "((production_year < 1996) AND (kind_id = 7))",
                          "Rows Removed by Filter": 354061
                        }
                      ]
                    }
                  ]
                }
              ]
            }
          ]
        }
      ]
    },
    "Planning Time": 0.41,
    "Triggers": [],
    "Execution Time": 696.07
  }
]