[
  {
    "Plan": {
      "Node Type": "Aggregate",
      "Strategy": "Plain",
      "Partial Mode": "Finalize",
      "Parallel Aware": false,
      "Startup Cost": 33152.04,
      "Total Cost": 33152.05,
      "Plan Rows": 1,
      "Plan Width": 8,
      "Actual Startup Time": 98.575,
      "Actual Total Time": 107.008,
      "Actual Rows": 1,
      "Actual Loops": 1,
      "Plans": [
        {
          "Node Type": "Gather",
          "Parent Relationship": "Outer",
          "Parallel Aware": false,
          "Startup Cost": 33151.72,
          "Total Cost": 33152.03,
          "Plan Rows": 3,
          "Plan Width": 8,
          "Actual Startup Time": 98.475,
          "Actual Total Time": 107.0,
          "Actual Rows": 4,
          "Actual Loops": 1,
          "Workers Planned": 3,
          "Workers Launched": 3,
          "Single Copy": false,
          "Plans": [
            {
              "Node Type": "Aggregate",
              "Strategy": "Plain",
              "Partial Mode": "Partial",
              "Parent Relationship": "Outer",
              "Parallel Aware": false,
              "Startup Cost": 32151.72,
              "Total Cost": 32151.73,
              "Plan Rows": 1,
              "Plan Width": 8,
              "Actual Startup Time": 92.789,
              "Actual Total Time": 92.79,
              "Actual Rows": 1,
              "Actual Loops": 4,
              "Plans": [
                {
                  "Node Type": "Seq Scan",
                  "Parent Relationship": "Outer",
                  "Parallel Aware": true,
                  "Relation Name": "movie_companies",
                  "Alias": "mc",
                  "Startup Cost": 0.0,
                  "Total Cost": 31414.82,
                  "Plan Rows": 294761,
                  "Plan Width": 0,
                  "Actual Startup Time": 47.113,
                  "Actual Total Time": 84.974,
                  "Actual Rows": 150258,
                  "Actual Loops": 4,
                  "Filter": "((company_id < 29231) AND (company_type_id = 2))",
                  "Rows Removed by Filter": 502024
                }
              ]
            }
          ]
        }
      ]
    },
    "Planning Time": 0.144,
    "Triggers": [],
    "Execution Time": 107.045
  }
]