{
  "Plan": {
    "Node Type": "Aggregate",
    "Strategy": "Plain",
    "Partial Mode": "Finalize",
    "Parallel Aware": false,
    "Startup Cost": 128392.52,
    "Total Cost": 128392.53,
    "Plan Rows": 1,
    "Plan Width": 8,
    "Actual Startup Time": 496.884,
    "Actual Total Time": 515.682,
    "Actual Rows": 1,
    "Actual Loops": 1,
    "Plans": [
      {
        "Node Type": "Gather",
        "Parent Relationship": "Outer",
        "Parallel Aware": false,
        "Startup Cost": 128392.4,
        "Total Cost": 128392.51,
        "Plan Rows": 1,
        "Plan Width": 8,
        "Actual Startup Time": 495.313,
        "Actual Total Time": 515.673,
        "Actual Rows": 2,
        "Actual Loops": 1,
        "Workers Planned": 1,
        "Workers Launched": 1,
        "Single Copy": false,
        "Plans": [
          {
            "Node Type": "Aggregate",
            "Strategy": "Plain",
            "Partial Mode": "Partial",
            "Parent Relationship": "Outer",
            "Parallel Aware": false,
            "Startup Cost": 127392.4,
            "Total Cost": 127392.41,
            "Plan Rows": 1,
            "Plan Width": 8,
            "Actual Startup Time": 489.157,
            "Actual Total Time": 489.164,
            "Actual Rows": 1,
            "Actual Loops": 2,
            "Plans": [
              {
                "Node Type": "Hash Join",
                "Parent Relationship": "Outer",
                "Parallel Aware": true,
                "Join Type": "Inner",
                "Startup Cost": 108194.31,
                "Total Cost": 127362.75,
                "Plan Rows": 11861,
                "Plan Width": 0,
                "Actual Startup Time": 406.907,
                "Actual Total Time": 486.822,
                "Actual Rows": 59438,
                "Actual Loops": 2,
                "Inner Unique": false,
                "Hash Cond": "(mi_idx.movie_id = t.id)",
                "Plans": [
                  {
                    "Node Type": "Seq Scan",
                    "Parent Relationship": "Outer",
                    "Parallel Aware": true,
                    "Relation Name": "movie_info_idx",
                    "Alias": "mi_idx",
                    "Startup Cost": 0.0,
                    "Total Cost": 18082.32,
                    "Plan Rows": 271028,
                    "Plan Width": 4,
                    "Actual Startup Time": 0.026,
                    "Actual Total Time": 48.878,
                    "Actual Rows": 229962,
                    "Actual Loops": 2,
                    "Filter": "(info_type_id = 101)",
                    "Rows Removed by Filter": 460055
                  },
                  {
                    "Node Type": "Hash",
                    "Parent Relationship": "Inner",
                    "Parallel Aware": true,
                    "Startup Cost": 107380.77,
                    "Total Cost": 107380.77,
                    "Plan Rows": 65083,
                    "Plan Width": 8,
                    "Actual Startup Time": 404.322,
                    "Actual Total Time": 404.327,
                    "Actual Rows": 84520,
                    "Actual Loops": 2,
                    "Hash Buckets": 262144,
                    "Original Hash Buckets": 131072,
                    "Hash Batches": 1,
                    "Original Hash Batches": 1,
                    "Peak Memory Usage": 9728,
                    "Plans": [
                      {
                        "Node Type": "Hash Join",
                        "Parent Relationship": "Outer",
                        "Parallel Aware": true,
                        "Join Type": "Inner",
                        "Startup Cost": 75258.77,
                        "Total Cost": 107380.77,
                        "Plan Rows": 65083,
                        "Plan Width": 8,
                        "Actual Startup Time": 230.367,
                        "Actual Total Time": 384.375,
                        "Actual Rows": 84520,
                        "Actual Loops": 2,
                        "Inner Unique": true,
                        "Hash Cond": "(mk.movie_id = t.id)",
                        "Plans": [
                          {
                            "Node Type": "Bitmap Heap Scan",
                            "Parent Relationship": "Outer",
                            "Parallel Aware": true,
                            "Relation Name": "movie_keyword",
                            "Alias": "mk",
                            "Startup Cost": 18283.83,
                            "Total Cost": 49075.02,
                            "Plan Rows": 506975,
                            "Plan Width": 4,
                            "Actual Startup Time": 43.971,
                            "Actual Total Time": 128.929,
                            "Actual Rows": 433318,
                            "Actual Loops": 2,
                            "Recheck Cond": "(keyword_id < 825)",
                            "Rows Removed by Index Recheck": 0,
                            "Exact Heap Blocks": 13963,
                            "Lossy Heap Blocks": 0,
                            "Plans": [
                              {
                                "Node Type": "Bitmap Index Scan",
                                "Parent Relationship": "Outer",
                                "Parallel Aware": false,
                                "Index Name": "keyword_id_movie_keyword",
                                "Startup Cost": 0.0,
                                "Total Cost": 18068.37,
                                "Plan Rows": 861858,
                                "Plan Width": 0,
                                "Actual Startup Time": 40.287,
                                "Actual Total Time": 40.287,
                                "Actual Rows": 866635,
                                "Actual Loops": 1,
                                "Index Cond": "(keyword_id < 825)"
                              }
                            ]
                          },
                          {
                            "Node Type": "Hash",
                            "Parent Relationship": "Inner",
                            "Parallel Aware": true,
                            "Startup Cost": 54588.39,
                            "Total Cost": 54588.39,
                            "Plan Rows": 190924,
                            "Plan Width": 4,
                            "Actual Startup Time": 181.95,
                            "Actual Total Time": 181.95,
                            "Actual Rows": 168923,
                            "Actual Loops": 2,
                            "Hash Buckets": 524288,
                            "Original Hash Buckets": 524288,
                            "Hash Batches": 1,
                            "Original Hash Batches": 1,
                            "Peak Memory Usage": 17344,
                            "Plans": [
                              {
                                "Node Type": "Seq Scan",
                                "Parent Relationship": "Outer",
                                "Parallel Aware": true,
                                "Relation Name": "title",
                                "Alias": "t",
                                "Startup Cost": 0.0,
                                "Total Cost": 54588.39,
                                "Plan Rows": 190924,
                                "Plan Width": 4,
                                "Actual Startup Time": 0.038,
                                "Actual Total Time": 139.512,
                                "Actual Rows": 168923,
                                "Actual Loops": 2,
                                "Filter": "(production_year < 1968)",
                                "Rows Removed by Filter": 1095233
                              }
                            ]
                          }
                        ]
                      }
                    ]
                  }
                ]
              }
            ]
          }
        ]
      }
    ]
  },
  "Planning Time": 0.932,
  "Triggers": [],
  "Execution Time": 515.783
}