{
  "Plan": {
    "Node Type": "Aggregate",
    "Strategy": "Plain",
    "Partial Mode": "Finalize",
    "Parallel Aware": false,
    "Startup Cost": 71702.13,
    "Total Cost": 71702.14,
    "Plan Rows": 1,
    "Plan Width": 8,
    "Actual Startup Time": 148.857,
    "Actual Total Time": 158.432,
    "Actual Rows": 1,
    "Actual Loops": 1,
    "Plans": [
      {
        "Node Type": "Gather",
        "Parent Relationship": "Outer",
        "Parallel Aware": false,
        "Startup Cost": 71702.01,
        "Total Cost": 71702.12,
        "Plan Rows": 1,
        "Plan Width": 8,
        "Actual Startup Time": 148.572,
        "Actual Total Time": 158.42,
        "Actual Rows": 2,
        "Actual Loops": 1,
        "Workers Planned": 1,
        "Workers Launched": 1,
        "Single Copy": false,
        "Plans": [
          {
            "Node Type": "Aggregate",
            "Strategy": "Plain",
            "Partial Mode": "Partial",
            "Parent Relationship": "Outer",
            "Parallel Aware": false,
            "Startup Cost": 70702.01,
            "Total Cost": 70702.02,
            "Plan Rows": 1,
            "Plan Width": 8,
            "Actual Startup Time": 142.272,
            "Actual Total Time": 142.277,
            "Actual Rows": 1,
            "Actual Loops": 2,
            "Plans": [
              {
                "Node Type": "Hash Join",
                "Parent Relationship": "Outer",
                "Parallel Aware": true,
                "Join Type": "Inner",
                "Startup Cost": 51581.84,
                "Total Cost": 70695.12,
                "Plan Rows": 2759,
                "Plan Width": 0,
                "Actual Startup Time": 44.136,
                "Actual Total Time": 141.832,
                "Actual Rows": 8522,
                "Actual Loops": 2,
                "Inner Unique": false,
                "Hash Cond": "(mi_idx.movie_id = t.id)",
                "Plans": [
                  {
                    "Node Type": "Seq Scan",
                    "Parent Relationship": "Outer",
                    "Parallel Aware": true,
                    "Relation Name": "movie_info_idx",
                    "Alias": "mi_idx",
                    "Startup Cost": 0.0,
                    "Total Cost": 16052.85,
                    "Plan Rows": 811785,
                    "Plan Width": 4,
                    "Actual Startup Time": 0.017,
                    "Actual Total Time": 48.269,
                    "Actual Rows": 690018,
                    "Actual Loops": 2
                  },
                  {
                    "Node Type": "Hash",
                    "Parent Relationship": "Inner",
                    "Parallel Aware": true,
                    "Startup Cost": 51518.64,
                    "Total Cost": 51518.64,
                    "Plan Rows": 5056,
                    "Plan Width": 8,
                    "Actual Startup Time": 42.718,
                    "Actual Total Time": 42.72,
                    "Actual Rows": 3776,
                    "Actual Loops": 2,
                    "Hash Buckets": 16384,
                    "Original Hash Buckets": 16384,
                    "Hash Batches": 1,
                    "Original Hash Batches": 1,
                    "Peak Memory Usage": 448,
                    "Plans": [
                      {
                        "Node Type": "Nested Loop",
                        "Parent Relationship": "Outer",
                        "Parallel Aware": false,
                        "Join Type": "Inner",
                        "Startup Cost": 183.47,
                        "Total Cost": 51518.64,
                        "Plan Rows": 5056,
                        "Plan Width": 8,
                        "Actual Startup Time": 3.367,
                        "Actual Total Time": 41.008,
                        "Actual Rows": 3776,
                        "Actual Loops": 2,
                        "Inner Unique": true,
                        "Plans": [
                          {
                            "Node Type": "Bitmap Heap Scan",
                            "Parent Relationship": "Outer",
                            "Parallel Aware": true,
                            "Relation Name": "movie_keyword",
                            "Alias": "mk",
                            "Startup Cost": 183.04,
                            "Total Cost": 17497.69,
                            "Plan Rows": 5056,
                            "Plan Width": 4,
                            "Actual Startup Time": 3.234,
                            "Actual Total Time": 14.094,
                            "Actual Rows": 3776,
                            "Actual Loops": 2,
                            "Recheck Cond": "(keyword_id = 910)",
                            "Rows Removed by Index Recheck": 0,
                            "Exact Heap Blocks": 4867,
                            "Lossy Heap Blocks": 0,
                            "Plans": [
                              {
                                "Node Type": "Bitmap Index Scan",
                                "Parent Relationship": "Outer",
                                "Parallel Aware": false,
                                "Index Name": "keyword_id_movie_keyword",
                                "Startup Cost": 0.0,
                                "Total Cost": 180.89,
                                "Plan Rows": 8595,
                                "Plan Width": 0,
                                "Actual Startup Time": 3.209,
                                "Actual Total Time": 3.209,
                                "Actual Rows": 7552,
                                "Actual Loops": 1,
                                "Index Cond": "(keyword_id = 910)"
                              }
                            ]
                          },
                          {
                            "Node Type": "Index Only Scan",
                            "Parent Relationship": "Inner",
                            "Parallel Aware": false,
                            "Scan Direction": "Forward",
                            "Index Name": "title_pkey",
                            "Relation Name": "title",
                            "Alias": "t",
                            "Startup Cost": 0.43,
                            "Total Cost": 6.73,
                            "Plan Rows": 1,
                            "Plan Width": 4,
                            "Actual Startup Time": 0.007,
                            "Actual Total Time": 0.007,
                            "Actual Rows": 1,
                            "Actual Loops": 7552,
                            "Index Cond": "(id = mk.movie_id)",
                            "Rows Removed by Index Recheck": 0,
                            "Heap Fetches": 7552
                          }
                        ]
                      }
                    ]
                  }
                ]
              }
            ]
          }
        ]
      }
    ]
  },
  "Planning Time": 1.012,
  "Triggers": [],
  "Execution Time": 158.535
}