[
  {
    "Plan": {
      "Node Type": "Aggregate",
      "Strategy": "Plain",
      "Partial Mode": "Finalize",
      "Parallel Aware": false,
      "Startup Cost": 76736.84,
      "Total Cost": 76736.85,
      "Plan Rows": 1,
      "Plan Width": 8,
      "Actual Startup Time": 150.423,
      "Actual Total Time": 170.336,
      "Actual Rows": 1,
      "Actual Loops": 1,
      "Plans": [
        {
          "Node Type": "Gather",
          "Parent Relationship": "Outer",
          "Parallel Aware": false,
          "Startup Cost": 76736.42,
          "Total Cost": 76736.83,
          "Plan Rows": 4,
          "Plan Width": 8,
          "Actual Startup Time": 150.277,
          "Actual Total Time": 170.327,
          "Actual Rows": 5,
          "Actual Loops": 1,
          "Workers Planned": 4,
          "Workers Launched": 4,
          "Single Copy": false,
          "Plans": [
            {
              "Node Type": "Aggregate",
              "Strategy": "Plain",
              "Partial Mode": "Partial",
              "Parent Relationship": "Outer",
              "Parallel Aware": false,
              "Startup Cost": 75736.42,
              "Total Cost": 75736.43,
              "Plan Rows": 1,
              "Plan Width": 8,
              "Actual Startup Time": 138.391,
              "Actual Total Time": 138.393,
              "Actual Rows": 1,
              "Actual Loops": 5,
              "Plans": [
                {
                  "Node Type": "Nested Loop",
                  "Parent Relationship": "Outer",
                  "Parallel Aware": false,
                  "Join Type": "Inner",
                  "Startup Cost": 0.43,
                  "Total Cost": 75729.85,
                  "Plan Rows": 2629,
                  "Plan Width": 0,
                  "Actual Startup Time": 0.822,
                  "Actual Total Time": 137.929,
                  "Actual Rows": 3560,
                  "Actual Loops": 5,
                  "Inner Unique": false,
                  "Plans": [
                    {
                      "Node Type": "Seq Scan",
                      "Parent Relationship": "Outer",
                      "Parallel Aware": true,
                      "Relation Name": "title",
                      "Alias": "t",
                      "Startup Cost": 0.0,
                      "Total Cost": 45479.59,
                      "Plan Rows": 5360,
                      "Plan Width": 4,
                      "Actual Startup Time": 0.319,
                      "Actual Total Time": 99.41,
                      "Actual Rows": 3471,
                      "Actual Loops": 5,
                      "Filter": "((kind_id < 7) AND (production_year = 2000))",
                      "Rows Removed by Filter": 502191
                    },
                    {
                      "Node Type": "Index Scan",
                      "Parent Relationship": "Inner",
                      "Parallel Aware": false,
                      "Scan Direction": "Forward",
                      "Index Name": "movie_id_movie_companies",
                      "Relation Name": "movie_companies",
                      "Alias": "mc",
                      "Startup Cost": 0.43,
                      "Total Cost": 5.62,
                      "Plan Rows": 2,
                      "Plan Width": 4,
                      "Actual Startup Time": 0.01,
                      "Actual Total Time": 0.01,
                      "Actual Rows": 1,
                      "Actual Loops": 17357,
                      "Index Cond": "(movie_id = t.id)",
                      "Rows Removed by Index Recheck": 0,
                      "Filter": "((company_id > 34) AND (company_type_id > 1))",
                      "Rows Removed by Filter": 1
                    }
                  ]
                }
              ]
            }
          ]
        }
      ]
    },
    "Planning Time": 0.67,
    "Triggers": [],
    "Execution Time": 170.425
  }
]