[
  {
    "Plan": {
      "Node Type": "Aggregate",
      "Strategy": "Plain",
      "Partial Mode": "Finalize",
      "Parallel Aware": false,
      "Startup Cost": 122256.15,
      "Total Cost": 122256.16,
      "Plan Rows": 1,
      "Plan Width": 8,
      "Actual Startup Time": 181.631,
      "Actual Total Time": 192.945,
      "Actual Rows": 1,
      "Actual Loops": 1,
      "Plans": [
        {
          "Node Type": "Gather",
          "Parent Relationship": "Outer",
          "Parallel Aware": false,
          "Startup Cost": 122255.62,
          "Total Cost": 122256.13,
          "Plan Rows": 5,
          "Plan Width": 8,
          "Actual Startup Time": 181.509,
          "Actual Total Time": 192.934,
          "Actual Rows": 6,
          "Actual Loops": 1,
          "Workers Planned": 5,
          "Workers Launched": 5,
          "Single Copy": false,
          "Plans": [
            {
              "Node Type": "Aggregate",
              "Strategy": "Plain",
              "Partial Mode": "Partial",
              "Parent Relationship": "Outer",
              "Parallel Aware": false,
              "Startup Cost": 121255.62,
              "Total Cost": 121255.63,
              "Plan Rows": 1,
              "Plan Width": 8,
              "Actual Startup Time": 171.349,
              "Actual Total Time": 171.351,
              "Actual Rows": 1,
              "Actual Loops": 6,
              "Plans": [
                {
                  "Node Type": "Index Scan",
                  "Parent Relationship": "Outer",
                  "Parallel Aware": true,
                  "Scan Direction": "Forward",
                  "Index Name": "role_id_cast_info",
                  "Relation Name": "cast_info",
                  "Alias": "ci",
                  "Startup Cost": 0.56,
                  "Total Cost": 119623.46,
                  "Plan Rows": 652868,
                  "Plan Width": 0,
                  "Actual Startup Time": 0.222,
                  "Actual Total Time": 160.586,
                  "Actual Rows": 193702,
                  "Actual Loops": 6,
                  "Index Cond": "(role_id = 10)",
                  "Rows Removed by Index Recheck": 0,
                  "Filter": "(person_id < 2782682)",
                  "Rows Removed by Filter": 526801
                }
              ]
            }
          ]
        }
      ]
    },
    "Planning Time": 0.235,
    "Triggers": [],
    "Execution Time": 193.018
  }
]