[
  {
    "Plan": {
      "Node Type": "Aggregate",
      "Strategy": "Plain",
      "Partial Mode": "Finalize",
      "Parallel Aware": false,
      "Startup Cost": 339470.09,
      "Total Cost": 339470.1,
      "Plan Rows": 1,
      "Plan Width": 8,
      "Actual Startup Time": 414.42,
      "Actual Total Time": 434.962,
      "Actual Rows": 1,
      "Actual Loops": 1,
      "Plans": [
        {
          "Node Type": "Gather",
          "Parent Relationship": "Outer",
          "Parallel Aware": false,
          "Startup Cost": 339469.47,
          "Total Cost": 339470.08,
          "Plan Rows": 6,
          "Plan Width": 8,
          "Actual Startup Time": 414.335,
          "Actual Total Time": 434.95,
          "Actual Rows": 7,
          "Actual Loops": 1,
          "Workers Planned": 6,
          "Workers Launched": 6,
          "Single Copy": false,
          "Plans": [
            {
              "Node Type": "Aggregate",
              "Strategy": "Plain",
              "Partial Mode": "Partial",
              "Parent Relationship": "Outer",
              "Parallel Aware": false,
              "Startup Cost": 338469.47,
              "Total Cost": 338469.48,
              "Plan Rows": 1,
              "Plan Width": 8,
              "Actual Startup Time": 404.634,
              "Actual Total Time": 404.635,
              "Actual Rows": 1,
              "Actual Loops": 7,
              "Plans": [
                {
                  "Node Type": "Index Scan",
                  "Parent Relationship": "Outer",
                  "Parallel Aware": true,
                  "Scan Direction": "Forward",
                  "Index Name": "role_id_cast_info",
                  "Relation Name": "cast_info",
                  "Alias": "ci",
                  "Startup Cost": 0.56,
                  "Total Cost": 335235.55,
                  "Plan Rows": 1293568,
                  "Plan Width": 0,
                  "Actual Startup Time": 301.784,
                  "Actual Total Time": 386.693,
                  "Actual Rows": 394808,
                  "Actual Loops": 7,
                  "Index Cond": "(role_id = 1)",
                  "Rows Removed by Index Recheck": 0,
                  "Filter": "(person_id > 1350388)",
                  "Rows Removed by Filter": 1415290
                }
              ]
            }
          ]
        }
      ]
    },
    "Planning Time": 0.266,
    "Triggers": [],
    "Execution Time": 435.028
  }
]