{
  "Plan": {
    "Node Type": "Aggregate",
    "Strategy": "Plain",
    "Partial Mode": "Finalize",
    "Parallel Aware": false,
    "Startup Cost": 582181.32,
    "Total Cost": 582181.33,
    "Plan Rows": 1,
    "Plan Width": 8,
    "Actual Startup Time": 1725.282,
    "Actual Total Time": 1761.345,
    "Actual Rows": 1,
    "Actual Loops": 1,
    "Plans": [
      {
        "Node Type": "Gather",
        "Parent Relationship": "Outer",
        "Parallel Aware": false,
        "Startup Cost": 582181.21,
        "Total Cost": 582181.32,
        "Plan Rows": 1,
        "Plan Width": 8,
        "Actual Startup Time": 1724.258,
        "Actual Total Time": 1761.33,
        "Actual Rows": 2,
        "Actual Loops": 1,
        "Workers Planned": 1,
        "Workers Launched": 1,
        "Single Copy": false,
        "Plans": [
          {
            "Node Type": "Aggregate",
            "Strategy": "Plain",
            "Partial Mode": "Partial",
            "Parent Relationship": "Outer",
            "Parallel Aware": false,
            "Startup Cost": 581181.21,
            "Total Cost": 581181.22,
            "Plan Rows": 1,
            "Plan Width": 8,
            "Actual Startup Time": 1717.656,
            "Actual Total Time": 1717.664,
            "Actual Rows": 1,
            "Actual Loops": 2,
            "Plans": [
              {
                "Node Type": "Hash Join",
                "Parent Relationship": "Outer",
                "Parallel Aware": true,
                "Join Type": "Inner",
                "Startup Cost": 237888.77,
                "Total Cost": 580941.09,
                "Plan Rows": 96049,
                "Plan Width": 0,
                "Actual Startup Time": 437.486,
                "Actual Total Time": 1712.717,
                "Actual Rows": 74620,
                "Actual Loops": 2,
                "Inner Unique": true,
                "Hash Cond": "(ci.movie_id = t.id)",
                "Plans": [
                  {
                    "Node Type": "Bitmap Heap Scan",
                    "Parent Relationship": "Outer",
                    "Parallel Aware": true,
                    "Relation Name": "cast_info",
                    "Alias": "ci",
                    "Startup Cost": 199018.79,
                    "Total Cost": 531426.8,
                    "Plan Rows": 4054965,
                    "Plan Width": 4,
                    "Actual Startup Time": 335.213,
                    "Actual Total Time": 1104.533,
                    "Actual Rows": 4044230,
                    "Actual Loops": 2,
                    "Recheck Cond": "(person_id < 903101)",
                    "Rows Removed by Index Recheck": 0,
                    "Filter": "(role_id < 6)",
                    "Rows Removed by Filter": 547522,
                    "Exact Heap Blocks": 63717,
                    "Lossy Heap Blocks": 0,
                    "Plans": [
                      {
                        "Node Type": "Bitmap Index Scan",
                        "Parent Relationship": "Outer",
                        "Parallel Aware": false,
                        "Index Name": "person_id_cast_info",
                        "Startup Cost": 0.0,
                        "Total Cost": 197295.42,
                        "Plan Rows": 9035048,
                        "Plan Width": 0,
                        "Actual Startup Time": 317.961,
                        "Actual Total Time": 317.962,
                        "Actual Rows": 9183506,
                        "Actual Loops": 1,
                        "Index Cond": "(person_id < 903101)"
                      }
                    ]
                  },
                  {
                    "Node Type": "Hash",
                    "Parent Relationship": "Inner",
                    "Parallel Aware": true,
                    "Startup Cost": 38429.64,
                    "Total Cost": 38429.64,
                    "Plan Rows": 35228,
                    "Plan Width": 4,
                    "Actual Startup Time": 100.348,
                    "Actual Total Time": 100.35,
                    "Actual Rows": 32443,
                    "Actual Loops": 2,
                    "Hash Buckets": 65536,
                    "Original Hash Buckets": 65536,
                    "Hash Batches": 1,
                    "Original Hash Batches": 1,
                    "Peak Memory Usage": 3072,
                    "Plans": [
                      {
                        "Node Type": "Bitmap Heap Scan",
                        "Parent Relationship": "Outer",
                        "Parallel Aware": true,
                        "Relation Name": "title",
                        "Alias": "t",
                        "Startup Cost": 1631.51,
                        "Total Cost": 38429.64,
                        "Plan Rows": 35228,
                        "Plan Width": 4,
                        "Actual Startup Time": 22.8,
                        "Actual Total Time": 89.245,
                        "Actual Rows": 32443,
                        "Actual Loops": 2,
                        "Recheck Cond": "(kind_id = 2)",
                        "Rows Removed by Index Recheck": 0,
                        "Filter": "(production_year < 2008)",
                        "Rows Removed by Filter": 12983,
                        "Exact Heap Blocks": 18852,
                        "Lossy Heap Blocks": 0,
                        "Plans": [
                          {
                            "Node Type": "Bitmap Index Scan",
                            "Parent Relationship": "Outer",
                            "Parallel Aware": false,
                            "Index Name": "kind_id_title",
                            "Startup Cost": 0.0,
                            "Total Cost": 1616.54,
                            "Plan Rows": 90681,
                            "Plan Width": 0,
                            "Actual Startup Time": 20.406,
                            "Actual Total Time": 20.406,
                            "Actual Rows": 90852,
                            "Actual Loops": 1,
                            "Index Cond": "(kind_id = 2)"
                          }
                        ]
                      }
                    ]
                  }
                ]
              }
            ]
          }
        ]
      }
    ]
  },
  "Planning Time": 0.571,
  "Triggers": [],
  "Execution Time": 1761.484
}