[
  {
    "Plan": {
      "Node Type": "Aggregate",
      "Strategy": "Plain",
      "Partial Mode": "Finalize",
      "Parallel Aware": false,
      "Startup Cost": 374683.81,
      "Total Cost": 374683.82,
      "Plan Rows": 1,
      "Plan Width": 8,
      "Actual Startup Time": 1349.128,
      "Actual Total Time": 1410.281,
      "Actual Rows": 1,
      "Actual Loops": 1,
      "Plans": [
        {
          "Node Type": "Gather",
          "Parent Relationship": "Outer",
          "Parallel Aware": false,
          "Startup Cost": 374683.19,
          "Total Cost": 374683.8,
          "Plan Rows": 6,
          "Plan Width": 8,
          "Actual Startup Time": 1347.703,
          "Actual Total Time": 1410.256,
          "Actual Rows": 7,
          "Actual Loops": 1,
          "Workers Planned": 6,
          "Workers Launched": 6,
          "Single Copy": false,
          "Plans": [
            {
              "Node Type": "Aggregate",
              "Strategy": "Plain",
              "Partial Mode": "Partial",
              "Parent Relationship": "Outer",
              "Parallel Aware": false,
              "Startup Cost": 373683.19,
              "Total Cost": 373683.2,
              "Plan Rows": 1,
              "Plan Width": 8,
              "Actual Startup Time": 1337.758,
              "Actual Total Time": 1337.762,
              "Actual Rows": 1,
              "Actual Loops": 7,
              "Plans": [
                {
                  "Node Type": "Hash Join",
                  "Parent Relationship": "Outer",
                  "Parallel Aware": true,
                  "Join Type": "Inner",
                  "Startup Cost": 44179.98,
                  "Total Cost": 373146.64,
                  "Plan Rows": 214618,
                  "Plan Width": 0,
                  "Actual Startup Time": 92.269,
                  "Actual Total Time": 1334.628,
                  "Actual Rows": 54929,
                  "Actual Loops": 7,
                  "Inner Unique": true,
                  "Hash Cond": "(ci.movie_id = t.id)",
                  "Plans": [
                    {
                      "Node Type": "Seq Scan",
                      "Parent Relationship": "Outer",
                      "Parallel Aware": true,
                      "Relation Name": "cast_info",
                      "Alias": "ci",
                      "Startup Cost": 0.0,
                      "Total Cost": 313106.51,
                      "Plan Rows": 6041951,
                      "Plan Width": 4,
                      "Actual Startup Time": 0.038,
                      "Actual Total Time": 560.102,
                      "Actual Rows": 5177763,
                      "Actual Loops": 7
                    },
                    {
                      "Node Type": "Hash",
                      "Parent Relationship": "Inner",
                      "Parallel Aware": true,
                      "Startup Cost": 43899.32,
                      "Total Cost": 43899.32,
                      "Plan Rows": 22453,
                      "Plan Width": 4,
                      "Actual Startup Time": 89.947,
                      "Actual Total Time": 89.948,
                      "Actual Rows": 13271,
                      "Actual Loops": 7,
                      "Hash Buckets": 131072,
                      "Original Hash Buckets": 131072,
                      "Hash Batches": 1,
                      "Original Hash Batches": 1,
                      "Peak Memory Usage": 4800,
                      "Plans": [
                        {
                          "Node Type": "Seq Scan",
                          "Parent Relationship": "Outer",
                          "Parallel Aware": true,
                          "Relation Name": "title",
                          "Alias": "t",
                          "Startup Cost": 0.0,
                          "Total Cost": 43899.32,
                          "Plan Rows": 22453,
                          "Plan Width": 4,
                          "Actual Startup Time": 50.875,
                          "Actual Total Time": 84.127,
                          "Actual Rows": 13271,
                          "Actual Loops": 7,
                          "Filter": "(production_year < 1922)",
                          "Rows Removed by Filter": 347916
                        }
                      ]
                    }
                  ]
                }
              ]
            }
          ]
        }
      ]
    },
    "Planning Time": 0.411,
    "Triggers": [],
    "Execution Time": 1410.351
  }
]