[
    {
        "Bao": {
            "Bao prediction": "NaN",
            "Bao recommended hint": "(no hint)"
        }
    },
    {
        "Plan": {
            "Node Type": "Aggregate",
            "Strategy": "Plain",
            "Partial Mode": "Finalize",
            "Parallel Aware": false,
            "Startup Cost": 25199.4,
            "Total Cost": 25199.41,
            "Plan Rows": 1,
            "Plan Width": 8,
            "Actual Startup Time": 41.005,
            "Actual Total Time": 44.566,
            "Actual Rows": 1,
            "Actual Loops": 1,
            "Output": [
                "count(*)"
            ],
            "Plans": [
                {
                    "Node Type": "Gather",
                    "Parent Relationship": "Outer",
                    "Parallel Aware": false,
                    "Startup Cost": 25199.08,
                    "Total Cost": 25199.39,
                    "Plan Rows": 3,
                    "Plan Width": 8,
                    "Actual Startup Time": 40.86,
                    "Actual Total Time": 44.56,
                    "Actual Rows": 4,
                    "Actual Loops": 1,
                    "Output": [
                        "(PARTIAL count(*))"
                    ],
                    "Workers Planned": 3,
                    "Workers Launched": 3,
                    "Single Copy": false,
                    "Plans": [
                        {
                            "Node Type": "Aggregate",
                            "Strategy": "Plain",
                            "Partial Mode": "Partial",
                            "Parent Relationship": "Outer",
                            "Parallel Aware": false,
                            "Startup Cost": 24199.08,
                            "Total Cost": 24199.09,
                            "Plan Rows": 1,
                            "Plan Width": 8,
                            "Actual Startup Time": 31.923,
                            "Actual Total Time": 31.924,
                            "Actual Rows": 1,
                            "Actual Loops": 4,
                            "Output": [
                                "PARTIAL count(*)"
                            ],
                            "Workers": [
                                {
                                    "Worker Number": 0,
                                    "Actual Startup Time": 29.045,
                                    "Actual Total Time": 29.046,
                                    "Actual Rows": 1,
                                    "Actual Loops": 1
                                },
                                {
                                    "Worker Number": 1,
                                    "Actual Startup Time": 28.361,
                                    "Actual Total Time": 28.362,
                                    "Actual Rows": 1,
                                    "Actual Loops": 1
                                },
                                {
                                    "Worker Number": 2,
                                    "Actual Startup Time": 29.686,
                                    "Actual Total Time": 29.687,
                                    "Actual Rows": 1,
                                    "Actual Loops": 1
                                }
                            ],
                            "Plans": [
                                {
                                    "Node Type": "Bitmap Heap Scan",
                                    "Parent Relationship": "Outer",
                                    "Parallel Aware": true,
                                    "Relation Name": "movie_companies",
                                    "Schema": "public",
                                    "Alias": "mc",
                                    "Startup Cost": 4421.77,
                                    "Total Cost": 24034.53,
                                    "Plan Rows": 65821,
                                    "Plan Width": 0,
                                    "Actual Startup Time": 3.037,
                                    "Actual Total Time": 28.233,
                                    "Actual Rows": 51946,
                                    "Actual Loops": 4,
                                    "Recheck Cond": "(mc.company_id > 111163)",
                                    "Rows Removed by Index Recheck": 0,
                                    "Exact Heap Blocks": 2621,
                                    "Lossy Heap Blocks": 0,
                                    "Workers": [
                                        {
                                            "Worker Number": 0,
                                            "Actual Startup Time": 0.21,
                                            "Actual Total Time": 25.82,
                                            "Actual Rows": 28093,
                                            "Actual Loops": 1
                                        },
                                        {
                                            "Worker Number": 1,
                                            "Actual Startup Time": 0.197,
                                            "Actual Total Time": 25.361,
                                            "Actual Rows": 28670,
                                            "Actual Loops": 1
                                        },
                                        {
                                            "Worker Number": 2,
                                            "Actual Startup Time": 0.531,
                                            "Actual Total Time": 26.469,
                                            "Actual Rows": 27338,
                                            "Actual Loops": 1
                                        }
                                    ],
                                    "Plans": [
                                        {
                                            "Node Type": "Bitmap Index Scan",
                                            "Parent Relationship": "Outer",
                                            "Parallel Aware": false,
                                            "Index Name": "company_id_movie_companies",
                                            "Startup Cost": 0.0,
                                            "Total Cost": 4370.76,
                                            "Plan Rows": 204044,
                                            "Plan Width": 0,
                                            "Actual Startup Time": 10.51,
                                            "Actual Total Time": 10.511,
                                            "Actual Rows": 207782,
                                            "Actual Loops": 1,
                                            "Index Cond": "(mc.company_id > 111163)"
                                        }
                                    ]
                                }
                            ]
                        }
                    ]
                }
            ]
        },
        "Planning Time": 198.544,
        "Triggers": [],
        "Execution Time": 44.619
    }
]