{
  "Plan": {
    "Node Type": "Aggregate",
    "Strategy": "Plain",
    "Partial Mode": "Finalize",
    "Parallel Aware": false,
    "Startup Cost": 112476.66,
    "Total Cost": 112476.67,
    "Plan Rows": 1,
    "Plan Width": 8,
    "Actual Startup Time": 356.027,
    "Actual Total Time": 372.488,
    "Actual Rows": 1,
    "Actual Loops": 1,
    "Plans": [
      {
        "Node Type": "Gather",
        "Parent Relationship": "Outer",
        "Parallel Aware": false,
        "Startup Cost": 112476.55,
        "Total Cost": 112476.66,
        "Plan Rows": 1,
        "Plan Width": 8,
        "Actual Startup Time": 355.791,
        "Actual Total Time": 372.48,
        "Actual Rows": 2,
        "Actual Loops": 1,
        "Workers Planned": 1,
        "Workers Launched": 1,
        "Single Copy": false,
        "Plans": [
          {
            "Node Type": "Aggregate",
            "Strategy": "Plain",
            "Partial Mode": "Partial",
            "Parent Relationship": "Outer",
            "Parallel Aware": false,
            "Startup Cost": 111476.55,
            "Total Cost": 111476.56,
            "Plan Rows": 1,
            "Plan Width": 8,
            "Actual Startup Time": 351.927,
            "Actual Total Time": 351.931,
            "Actual Rows": 1,
            "Actual Loops": 2,
            "Plans": [
              {
                "Node Type": "Hash Join",
                "Parent Relationship": "Outer",
                "Parallel Aware": true,
                "Join Type": "Inner",
                "Startup Cost": 78585.64,
                "Total Cost": 111461.68,
                "Plan Rows": 5946,
                "Plan Width": 0,
                "Actual Startup Time": 208.515,
                "Actual Total Time": 351.648,
                "Actual Rows": 4100,
                "Actual Loops": 2,
                "Inner Unique": true,
                "Hash Cond": "(mk.movie_id = t.id)",
                "Plans": [
                  {
                    "Node Type": "Bitmap Heap Scan",
                    "Parent Relationship": "Outer",
                    "Parallel Aware": true,
                    "Relation Name": "movie_keyword",
                    "Alias": "mk",
                    "Startup Cost": 20080.65,
                    "Total Cost": 51495.01,
                    "Plan Rows": 556829,
                    "Plan Width": 4,
                    "Actual Startup Time": 57.989,
                    "Actual Total Time": 163.39,
                    "Actual Rows": 473564,
                    "Actual Loops": 2,
                    "Recheck Cond": "(keyword_id > 20033)",
                    "Rows Removed by Index Recheck": 0,
                    "Exact Heap Blocks": 14067,
                    "Lossy Heap Blocks": 0,
                    "Plans": [
                      {
                        "Node Type": "Bitmap Index Scan",
                        "Parent Relationship": "Outer",
                        "Parallel Aware": false,
                        "Index Name": "keyword_id_movie_keyword",
                        "Startup Cost": 0.0,
                        "Total Cost": 19844.0,
                        "Plan Rows": 946609,
                        "Plan Width": 0,
                        "Actual Startup Time": 54.306,
                        "Actual Total Time": 54.307,
                        "Actual Rows": 947128,
                        "Actual Loops": 1,
                        "Index Cond": "(keyword_id > 20033)"
                      }
                    ]
                  },
                  {
                    "Node Type": "Hash",
                    "Parent Relationship": "Inner",
                    "Parallel Aware": true,
                    "Startup Cost": 58306.47,
                    "Total Cost": 58306.47,
                    "Plan Rows": 15882,
                    "Plan Width": 4,
                    "Actual Startup Time": 144.79,
                    "Actual Total Time": 144.791,
                    "Actual Rows": 13542,
                    "Actual Loops": 2,
                    "Hash Buckets": 32768,
                    "Original Hash Buckets": 32768,
                    "Hash Batches": 1,
                    "Original Hash Batches": 1,
                    "Peak Memory Usage": 1376,
                    "Plans": [
                      {
                        "Node Type": "Seq Scan",
                        "Parent Relationship": "Outer",
                        "Parallel Aware": true,
                        "Relation Name": "title",
                        "Alias": "t",
                        "Startup Cost": 0.0,
                        "Total Cost": 58306.47,
                        "Plan Rows": 15882,
                        "Plan Width": 4,
                        "Actual Startup Time": 0.375,
                        "Actual Total Time": 140.317,
                        "Actual Rows": 13542,
                        "Actual Loops": 2,
                        "Filter": "((kind_id < 7) AND (production_year > 2012))",
                        "Rows Removed by Filter": 1250614
                      }
                    ]
                  }
                ]
              }
            ]
          }
        ]
      }
    ]
  },
  "Planning Time": 0.294,
  "Triggers": [],
  "Execution Time": 372.553
}