[
  {
    "Plan": {
      "Node Type": "Aggregate",
      "Strategy": "Plain",
      "Partial Mode": "Finalize",
      "Parallel Aware": false,
      "Startup Cost": 186552.29,
      "Total Cost": 186552.3,
      "Plan Rows": 1,
      "Plan Width": 8,
      "Actual Startup Time": 394.536,
      "Actual Total Time": 413.805,
      "Actual Rows": 1,
      "Actual Loops": 1,
      "Plans": [
        {
          "Node Type": "Gather",
          "Parent Relationship": "Outer",
          "Parallel Aware": false,
          "Startup Cost": 186551.77,
          "Total Cost": 186552.28,
          "Plan Rows": 5,
          "Plan Width": 8,
          "Actual Startup Time": 391.382,
          "Actual Total Time": 413.793,
          "Actual Rows": 6,
          "Actual Loops": 1,
          "Workers Planned": 5,
          "Workers Launched": 5,
          "Single Copy": false,
          "Plans": [
            {
              "Node Type": "Aggregate",
              "Strategy": "Plain",
              "Partial Mode": "Partial",
              "Parent Relationship": "Outer",
              "Parallel Aware": false,
              "Startup Cost": 185551.77,
              "Total Cost": 185551.78,
              "Plan Rows": 1,
              "Plan Width": 8,
              "Actual Startup Time": 380.636,
              "Actual Total Time": 380.715,
              "Actual Rows": 1,
              "Actual Loops": 6,
              "Plans": [
                {
                  "Node Type": "Hash Join",
                  "Parent Relationship": "Outer",
                  "Parallel Aware": true,
                  "Join Type": "Inner",
                  "Startup Cost": 62633.56,
                  "Total Cost": 185495.45,
                  "Plan Rows": 22529,
                  "Plan Width": 0,
                  "Actual Startup Time": 174.222,
                  "Actual Total Time": 378.574,
                  "Actual Rows": 43704,
                  "Actual Loops": 6,
                  "Inner Unique": false,
                  "Hash Cond": "(ci.movie_id = t.id)",
                  "Plans": [
                    {
                      "Node Type": "Index Scan",
                      "Parent Relationship": "Outer",
                      "Parallel Aware": true,
                      "Scan Direction": "Forward",
                      "Index Name": "role_id_cast_info",
                      "Relation Name": "cast_info",
                      "Alias": "ci",
                      "Startup Cost": 0.56,
                      "Total Cost": 119623.46,
                      "Plan Rows": 838701,
                      "Plan Width": 4,
                      "Actual Startup Time": 0.135,
                      "Actual Total Time": 131.25,
                      "Actual Rows": 493945,
                      "Actual Loops": 6,
                      "Index Cond": "(role_id = 10)",
                      "Rows Removed by Index Recheck": 0,
                      "Filter": "(person_id < 3759529)",
                      "Rows Removed by Filter": 226558
                    },
                    {
                      "Node Type": "Hash",
                      "Parent Relationship": "Inner",
                      "Parallel Aware": true,
                      "Startup Cost": 62279.28,
                      "Total Cost": 62279.28,
                      "Plan Rows": 28297,
                      "Plan Width": 8,
                      "Actual Startup Time": 172.538,
                      "Actual Total Time": 172.616,
                      "Actual Rows": 26248,
                      "Actual Loops": 6,
                      "Hash Buckets": 262144,
                      "Original Hash Buckets": 131072,
                      "Hash Batches": 1,
                      "Original Hash Batches": 1,
                      "Peak Memory Usage": 9344,
                      "Plans": [
                        {
                          "Node Type": "Hash Join",
                          "Parent Relationship": "Outer",
                          "Parallel Aware": true,
                          "Join Type": "Inner",
                          "Startup Cost": 46659.35,
                          "Total Cost": 62279.28,
                          "Plan Rows": 28297,
                          "Plan Width": 8,
                          "Actual Startup Time": 113.031,
                          "Actual Total Time": 159.436,
                          "Actual Rows": 26248,
                          "Actual Loops": 6,
                          "Inner Unique": true,
                          "Hash Cond": "(mi_idx.movie_id = t.id)",
                          "Plans": [
                            {
                              "Node Type": "Seq Scan",
                              "Parent Relationship": "Outer",
                              "Parallel Aware": true,
                              "Relation Name": "movie_info_idx",
                              "Alias": "mi_idx",
                              "Startup Cost": 0.0,
                              "Total Cost": 15122.68,
                              "Plan Rows": 189429,
                              "Plan Width": 4,
                              "Actual Startup Time": 0.027,
                              "Actual Total Time": 22.509,
                              "Actual Rows": 76654,
                              "Actual Loops": 6,
                              "Filter": "(info_type_id = 99)",
                              "Rows Removed by Filter": 153352
                            },
                            {
                              "Node Type": "Hash",
                              "Parent Relationship": "Inner",
                              "Parallel Aware": true,
                              "Startup Cost": 45479.1,
                              "Total Cost": 45479.1,
                              "Plan Rows": 94420,
                              "Plan Width": 4,
                              "Actual Startup Time": 111.432,
                              "Actual Total Time": 111.433,
                              "Actual Rows": 80803,
                              "Actual Loops": 6,
                              "Hash Buckets": 524288,
                              "Original Hash Buckets": 524288,
                              "Hash Batches": 1,
                              "Original Hash Batches": 1,
                              "Peak Memory Usage": 23136,
                              "Plans": [
                                {
                                  "Node Type": "Seq Scan",
                                  "Parent Relationship": "Outer",
                                  "Parallel Aware": true,
                                  "Relation Name": "title",
                                  "Alias": "t",
                                  "Startup Cost": 0.0,
                                  "Total Cost": 45479.1,
                                  "Plan Rows": 94420,
                                  "Plan Width": 4,
                                  "Actual Startup Time": 0.06,
                                  "Actual Total Time": 80.878,
                                  "Actual Rows": 80803,
                                  "Actual Loops": 6,
                                  "Filter": "((kind_id < 7) AND (production_year < 1999))",
                                  "Rows Removed by Filter": 340582
                                }
                              ]
                            }
                          ]
                        }
                      ]
                    }
                  ]
                }
              ]
            }
          ]
        }
      ]
    },
    "Planning Time": 1.323,
    "Triggers": [],
    "Execution Time": 413.895
  }
]