[
  {
    "Plan": {
      "Node Type": "Aggregate",
      "Strategy": "Plain",
      "Partial Mode": "Simple",
      "Parallel Aware": false,
      "Startup Cost": 26519.59,
      "Total Cost": 26519.6,
      "Plan Rows": 1,
      "Plan Width": 8,
      "Actual Startup Time": 35.892,
      "Actual Total Time": 35.893,
      "Actual Rows": 1,
      "Actual Loops": 1,
      "Plans": [
        {
          "Node Type": "Bitmap Heap Scan",
          "Parent Relationship": "Outer",
          "Parallel Aware": false,
          "Relation Name": "movie_keyword",
          "Alias": "mk",
          "Startup Cost": 1210.32,
          "Total Cost": 26377.05,
          "Plan Rows": 57018,
          "Plan Width": 0,
          "Actual Startup Time": 8.132,
          "Actual Total Time": 32.759,
          "Actual Rows": 51698,
          "Actual Loops": 1,
          "Recheck Cond": "(keyword_id < 52)",
          "Rows Removed by Index Recheck": 0,
          "Exact Heap Blocks": 15396,
          "Lossy Heap Blocks": 0,
          "Plans": [
            {
              "Node Type": "Bitmap Index Scan",
              "Parent Relationship": "Outer",
              "Parallel Aware": false,
              "Index Name": "keyword_id_movie_keyword",
              "Startup Cost": 0.0,
              "Total Cost": 1196.07,
              "Plan Rows": 57018,
              "Plan Width": 0,
              "Actual Startup Time": 4.797,
              "Actual Total Time": 4.798,
              "Actual Rows": 51698,
              "Actual Loops": 1,
              "Index Cond": "(keyword_id < 52)"
            }
          ]
        }
      ]
    },
    "Planning Time": 0.123,
    "Triggers": [],
    "Execution Time": 35.923
  }
]