[
  {
    "Plan": {
      "Node Type": "Aggregate",
      "Strategy": "Plain",
      "Partial Mode": "Simple",
      "Parallel Aware": false,
      "Startup Cost": 26506.15,
      "Total Cost": 26506.16,
      "Plan Rows": 1,
      "Plan Width": 8,
      "Actual Startup Time": 42.899,
      "Actual Total Time": 42.9,
      "Actual Rows": 1,
      "Actual Loops": 1,
      "Plans": [
        {
          "Node Type": "Bitmap Heap Scan",
          "Parent Relationship": "Outer",
          "Parallel Aware": false,
          "Relation Name": "movie_keyword",
          "Alias": "mk",
          "Startup Cost": 1203.11,
          "Total Cost": 26364.64,
          "Plan Rows": 56603,
          "Plan Width": 0,
          "Actual Startup Time": 12.163,
          "Actual Total Time": 40.233,
          "Actual Rows": 51698,
          "Actual Loops": 1,
          "Recheck Cond": "(keyword_id < 52)",
          "Rows Removed by Index Recheck": 0,
          "Exact Heap Blocks": 15396,
          "Lossy Heap Blocks": 0,
          "Plans": [
            {
              "Node Type": "Bitmap Index Scan",
              "Parent Relationship": "Outer",
              "Parallel Aware": false,
              "Index Name": "keyword_id_movie_keyword",
              "Startup Cost": 0.0,
              "Total Cost": 1188.95,
              "Plan Rows": 56603,
              "Plan Width": 0,
              "Actual Startup Time": 7.952,
              "Actual Total Time": 7.953,
              "Actual Rows": 51698,
              "Actual Loops": 1,
              "Index Cond": "(keyword_id < 52)"
            }
          ]
        }
      ]
    },
    "Planning Time": 0.135,
    "Triggers": [],
    "Execution Time": 42.932
  }
]