{
  "Plan": {
    "Node Type": "Aggregate",
    "Strategy": "Plain",
    "Partial Mode": "Finalize",
    "Parallel Aware": false,
    "Startup Cost": 374154.62,
    "Total Cost": 374154.63,
    "Plan Rows": 1,
    "Plan Width": 64,
    "Actual Startup Time": 23268.813,
    "Actual Total Time": 23378.035,
    "Actual Rows": 1,
    "Actual Loops": 1,
    "Plans": [
      {
        "Node Type": "Gather",
        "Parent Relationship": "Outer",
        "Parallel Aware": false,
        "Startup Cost": 374154.5,
        "Total Cost": 374154.61,
        "Plan Rows": 1,
        "Plan Width": 64,
        "Actual Startup Time": 23268.805,
        "Actual Total Time": 23378.027,
        "Actual Rows": 1,
        "Actual Loops": 1,
        "Workers Planned": 1,
        "Workers Launched": 0,
        "Single Copy": false,
        "Plans": [
          {
            "Node Type": "Aggregate",
            "Strategy": "Plain",
            "Partial Mode": "Partial",
            "Parent Relationship": "Outer",
            "Parallel Aware": false,
            "Startup Cost": 373154.5,
            "Total Cost": 373154.51,
            "Plan Rows": 1,
            "Plan Width": 64,
            "Actual Startup Time": 23267.798,
            "Actual Total Time": 23267.809,
            "Actual Rows": 1,
            "Actual Loops": 1,
            "Plans": [
              {
                "Node Type": "Nested Loop",
                "Parent Relationship": "Outer",
                "Parallel Aware": false,
                "Join Type": "Inner",
                "Startup Cost": 290216.25,
                "Total Cost": 373143.0,
                "Plan Rows": 2300,
                "Plan Width": 33,
                "Actual Startup Time": 16857.345,
                "Actual Total Time": 23249.67,
                "Actual Rows": 155314,
                "Actual Loops": 1,
                "Inner Unique": false,
                "Join Filter": "(n1.id = an1.person_id)",
                "Rows Removed by Join Filter": 0,
                "Plans": [
                  {
                    "Node Type": "Nested Loop",
                    "Parent Relationship": "Outer",
                    "Parallel Aware": false,
                    "Join Type": "Inner",
                    "Startup Cost": 290215.83,
                    "Total Cost": 367967.37,
                    "Plan Rows": 10636,
                    "Plan Width": 25,
                    "Actual Startup Time": 16857.279,
                    "Actual Total Time": 22788.718,
                    "Actual Rows": 137580,
                    "Actual Loops": 1,
                    "Inner Unique": true,
                    "Plans": [
                      {
                        "Node Type": "Hash Join",
                        "Parent Relationship": "Outer",
                        "Parallel Aware": true,
                        "Join Type": "Inner",
                        "Startup Cost": 290215.4,
                        "Total Cost": 363124.87,
                        "Plan Rows": 10636,
                        "Plan Width": 21,
                        "Actual Startup Time": 16857.238,
                        "Actual Total Time": 22204.101,
                        "Actual Rows": 137580,
                        "Actual Loops": 1,
                        "Inner Unique": true,
                        "Hash Cond": "(mc.company_id = cn.id)",
                        "Plans": [
                          {
                            "Node Type": "Hash Join",
                            "Parent Relationship": "Outer",
                            "Parallel Aware": true,
                            "Join Type": "Inner",
                            "Startup Cost": 285482.45,
                            "Total Cost": 353578.2,
                            "Plan Rows": 1833767,
                            "Plan Width": 25,
                            "Actual Startup Time": 16815.644,
                            "Actual Total Time": 20676.72,
                            "Actual Rows": 27322258,
                            "Actual Loops": 1,
                            "Inner Unique": false,
                            "Hash Cond": "(mc.movie_id = ci.movie_id)",
                            "Plans": [
                              {
                                "Node Type": "Seq Scan",
                                "Parent Relationship": "Outer",
                                "Parallel Aware": true,
                                "Relation Name": "movie_companies",
                                "Alias": "mc",
                                "Startup Cost": 0.0,
                                "Total Cost": 34137.82,
                                "Plan Rows": 1534782,
                                "Plan Width": 8,
                                "Actual Startup Time": 0.008,
                                "Actual Total Time": 191.863,
                                "Actual Rows": 2609129,
                                "Actual Loops": 1
                              },
                              {
                                "Node Type": "Hash",
                                "Parent Relationship": "Inner",
                                "Parallel Aware": true,
                                "Startup Cost": 263269.39,
                                "Total Cost": 263269.39,
                                "Plan Rows": 1777045,
                                "Plan Width": 29,
                                "Actual Startup Time": 16781.733,
                                "Actual Total Time": 16781.738,
                                "Actual Rows": 12670688,
                                "Actual Loops": 1,
                                "Hash Buckets": 16777216,
                                "Original Hash Buckets": 4194304,
                                "Hash Batches": 1,
                                "Original Hash Batches": 1,
                                "Peak Memory Usage": 1038720,
                                "Plans": [
                                  {
                                    "Node Type": "Hash Join",
                                    "Parent Relationship": "Outer",
                                    "Parallel Aware": false,
                                    "Join Type": "Inner",
                                    "Startup Cost": 185332.19,
                                    "Total Cost": 263269.39,
                                    "Plan Rows": 1777045,
                                    "Plan Width": 29,
                                    "Actual Startup Time": 7048.017,
                                    "Actual Total Time": 12686.335,
                                    "Actual Rows": 12670688,
                                    "Actual Loops": 1,
                                    "Inner Unique": false,
                                    "Hash Cond": "(t.id = ci.movie_id)",
                                    "Plans": [
                                      {
                                        "Node Type": "Seq Scan",
                                        "Parent Relationship": "Outer",
                                        "Parallel Aware": true,
                                        "Relation Name": "title",
                                        "Alias": "t",
                                        "Startup Cost": 0.0,
                                        "Total Cost": 50871.08,
                                        "Plan Rows": 1487308,
                                        "Plan Width": 21,
                                        "Actual Startup Time": 0.008,
                                        "Actual Total Time": 282.511,
                                        "Actual Rows": 2528312,
                                        "Actual Loops": 1
                                      },
                                      {
                                        "Node Type": "Hash",
                                        "Parent Relationship": "Inner",
                                        "Parallel Aware": false,
                                        "Startup Cost": 147569.99,
                                        "Total Cost": 147569.99,
                                        "Plan Rows": 3020976,
                                        "Plan Width": 8,
                                        "Actual Startup Time": 7028.711,
                                        "Actual Total Time": 7028.713,
                                        "Actual Rows": 12670688,
                                        "Actual Loops": 1,
                                        "Hash Buckets": 16777216,
                                        "Original Hash Buckets": 4194304,
                                        "Hash Batches": 1,
                                        "Original Hash Batches": 1,
                                        "Peak Memory Usage": 626021,
                                        "Plans": [
                                          {
                                            "Node Type": "Nested Loop",
                                            "Parent Relationship": "Outer",
                                            "Parallel Aware": false,
                                            "Join Type": "Inner",
                                            "Startup Cost": 0.56,
                                            "Total Cost": 147569.99,
                                            "Plan Rows": 3020976,
                                            "Plan Width": 8,
                                            "Actual Startup Time": 0.068,
                                            "Actual Total Time": 2818.175,
                                            "Actual Rows": 12670688,
                                            "Actual Loops": 1,
                                            "Inner Unique": false,
                                            "Plans": [
                                              {
                                                "Node Type": "Seq Scan",
                                                "Parent Relationship": "Outer",
                                                "Parallel Aware": false,
                                                "Relation Name": "role_type",
                                                "Alias": "rt",
                                                "Startup Cost": 0.0,
                                                "Total Cost": 1.15,
                                                "Plan Rows": 1,
                                                "Plan Width": 4,
                                                "Actual Startup Time": 0.021,
                                                "Actual Total Time": 0.027,
                                                "Actual Rows": 1,
                                                "Actual Loops": 1,
                                                "Filter": "((role)::text = 'actor'::text)",
                                                "Rows Removed by Filter": 11
                                              },
                                              {
                                                "Node Type": "Index Scan",
                                                "Parent Relationship": "Inner",
                                                "Parallel Aware": false,
                                                "Scan Direction": "Forward",
                                                "Index Name": "role_id_cast_info",
                                                "Relation Name": "cast_info",
                                                "Alias": "ci",
                                                "Startup Cost": 0.56,
                                                "Total Cost": 114612.74,
                                                "Plan Rows": 3295610,
                                                "Plan Width": 12,
                                                "Actual Startup Time": 0.04,
                                                "Actual Total Time": 1665.142,
                                                "Actual Rows": 12670688,
                                                "Actual Loops": 1,
                                                "Index Cond": "(role_id = rt.id)",
                                                "Rows Removed by Index Recheck": 0
                                              }
                                            ]
                                          }
                                        ]
                                      }
                                    ]
                                  }
                                ]
                              }
                            ]
                          },
                          {
                            "Node Type": "Hash",
                            "Parent Relationship": "Inner",
                            "Parallel Aware": true,
                            "Startup Cost": 4722.92,
                            "Total Cost": 4722.92,
                            "Plan Rows": 802,
                            "Plan Width": 4,
                            "Actual Startup Time": 38.667,
                            "Actual Total Time": 38.668,
                            "Actual Rows": 1361,
                            "Actual Loops": 1,
                            "Hash Buckets": 2048,
                            "Original Hash Buckets": 2048,
                            "Hash Batches": 1,
                            "Original Hash Batches": 1,
                            "Peak Memory Usage": 80,
                            "Plans": [
                              {
                                "Node Type": "Seq Scan",
                                "Parent Relationship": "Outer",
                                "Parallel Aware": true,
                                "Relation Name": "company_name",
                                "Alias": "cn",
                                "Startup Cost": 0.0,
                                "Total Cost": 4722.92,
                                "Plan Rows": 802,
                                "Plan Width": 4,
                                "Actual Startup Time": 0.04,
                                "Actual Total Time": 38.103,
                                "Actual Rows": 1361,
                                "Actual Loops": 1,
                                "Filter": "((country_code)::text = '[ru]'::text)",
                                "Rows Removed by Filter": 233636
                              }
                            ]
                          }
                        ]
                      },
                      {
                        "Node Type": "Index Only Scan",
                        "Parent Relationship": "Inner",
                        "Parallel Aware": false,
                        "Scan Direction": "Forward",
                        "Index Name": "name_pkey",
                        "Relation Name": "name",
                        "Alias": "n1",
                        "Startup Cost": 0.43,
                        "Total Cost": 0.46,
                        "Plan Rows": 1,
                        "Plan Width": 4,
                        "Actual Startup Time": 0.004,
                        "Actual Total Time": 0.004,
                        "Actual Rows": 1,
                        "Actual Loops": 137580,
                        "Index Cond": "(id = ci.person_id)",
                        "Rows Removed by Index Recheck": 0,
                        "Heap Fetches": 137580
                      }
                    ]
                  },
                  {
                    "Node Type": "Index Scan",
                    "Parent Relationship": "Inner",
                    "Parallel Aware": false,
                    "Scan Direction": "Forward",
                    "Index Name": "person_id_aka_name",
                    "Relation Name": "aka_name",
                    "Alias": "an1",
                    "Startup Cost": 0.42,
                    "Total Cost": 0.46,
                    "Plan Rows": 2,
                    "Plan Width": 20,
                    "Actual Startup Time": 0.003,
                    "Actual Total Time": 0.003,
                    "Actual Rows": 1,
                    "Actual Loops": 137580,
                    "Index Cond": "(person_id = ci.person_id)",
                    "Rows Removed by Index Recheck": 0
                  }
                ]
              }
            ]
          }
        ]
      }
    ]
  },
  "Planning Time": 1.89,
  "Triggers": [],
  "Execution Time": 23393.434
}