[
  {
    "Plan": {
      "Node Type": "Aggregate",
      "Strategy": "Plain",
      "Partial Mode": "Finalize",
      "Parallel Aware": false,
      "Startup Cost": 213141.77,
      "Total Cost": 213141.78,
      "Plan Rows": 1,
      "Plan Width": 8,
      "Actual Startup Time": 123.452,
      "Actual Total Time": 143.052,
      "Actual Rows": 1,
      "Actual Loops": 1,
      "Plans": [
        {
          "Node Type": "Gather",
          "Parent Relationship": "Outer",
          "Parallel Aware": false,
          "Startup Cost": 213141.35,
          "Total Cost": 213141.76,
          "Plan Rows": 4,
          "Plan Width": 8,
          "Actual Startup Time": 123.206,
          "Actual Total Time": 143.043,
          "Actual Rows": 5,
          "Actual Loops": 1,
          "Workers Planned": 4,
          "Workers Launched": 4,
          "Single Copy": false,
          "Plans": [
            {
              "Node Type": "Aggregate",
              "Strategy": "Plain",
              "Partial Mode": "Partial",
              "Parent Relationship": "Outer",
              "Parallel Aware": false,
              "Startup Cost": 212141.35,
              "Total Cost": 212141.36,
              "Plan Rows": 1,
              "Plan Width": 8,
              "Actual Startup Time": 112.748,
              "Actual Total Time": 112.75,
              "Actual Rows": 1,
              "Actual Loops": 5,
              "Plans": [
                {
                  "Node Type": "Nested Loop",
                  "Parent Relationship": "Outer",
                  "Parallel Aware": false,
                  "Join Type": "Inner",
                  "Startup Cost": 0.43,
                  "Total Cost": 212139.77,
                  "Plan Rows": 633,
                  "Plan Width": 0,
                  "Actual Startup Time": 54.9,
                  "Actual Total Time": 112.722,
                  "Actual Rows": 82,
                  "Actual Loops": 5,
                  "Inner Unique": false,
                  "Plans": [
                    {
                      "Node Type": "Seq Scan",
                      "Parent Relationship": "Outer",
                      "Parallel Aware": true,
                      "Relation Name": "title",
                      "Alias": "t",
                      "Startup Cost": 0.0,
                      "Total Cost": 43899.32,
                      "Plan Rows": 1938,
                      "Plan Width": 4,
                      "Actual Startup Time": 52.78,
                      "Actual Total Time": 74.107,
                      "Actual Rows": 1554,
                      "Actual Loops": 5,
                      "Filter": "(production_year = 1912)",
                      "Rows Removed by Filter": 504108
                    },
                    {
                      "Node Type": "Index Scan",
                      "Parent Relationship": "Inner",
                      "Parallel Aware": false,
                      "Scan Direction": "Forward",
                      "Index Name": "movie_id_movie_info",
                      "Relation Name": "movie_info",
                      "Alias": "mi",
                      "Startup Cost": 0.43,
                      "Total Cost": 86.79,
                      "Plan Rows": 2,
                      "Plan Width": 4,
                      "Actual Startup Time": 0.024,
                      "Actual Total Time": 0.024,
                      "Actual Rows": 0,
                      "Actual Loops": 7770,
                      "Index Cond": "(movie_id = t.id)",
                      "Rows Removed by Index Recheck": 0,
                      "Filter": "(info_type_id = 1)",
                      "Rows Removed by Filter": 12
                    }
                  ]
                }
              ]
            }
          ]
        }
      ]
    },
    "Planning Time": 0.521,
    "Triggers": [],
    "Execution Time": 143.116
  }
]