[
  {
    "Plan": {
      "Node Type": "Aggregate",
      "Strategy": "Plain",
      "Partial Mode": "Finalize",
      "Parallel Aware": false,
      "Startup Cost": 215763.01,
      "Total Cost": 215763.02,
      "Plan Rows": 1,
      "Plan Width": 8,
      "Actual Startup Time": 128.504,
      "Actual Total Time": 150.66,
      "Actual Rows": 1,
      "Actual Loops": 1,
      "Plans": [
        {
          "Node Type": "Gather",
          "Parent Relationship": "Outer",
          "Parallel Aware": false,
          "Startup Cost": 215762.59,
          "Total Cost": 215763.0,
          "Plan Rows": 4,
          "Plan Width": 8,
          "Actual Startup Time": 128.395,
          "Actual Total Time": 150.652,
          "Actual Rows": 5,
          "Actual Loops": 1,
          "Workers Planned": 4,
          "Workers Launched": 4,
          "Single Copy": false,
          "Plans": [
            {
              "Node Type": "Aggregate",
              "Strategy": "Plain",
              "Partial Mode": "Partial",
              "Parent Relationship": "Outer",
              "Parallel Aware": false,
              "Startup Cost": 214762.59,
              "Total Cost": 214762.6,
              "Plan Rows": 1,
              "Plan Width": 8,
              "Actual Startup Time": 118.898,
              "Actual Total Time": 118.9,
              "Actual Rows": 1,
              "Actual Loops": 5,
              "Plans": [
                {
                  "Node Type": "Nested Loop",
                  "Parent Relationship": "Outer",
                  "Parallel Aware": false,
                  "Join Type": "Inner",
                  "Startup Cost": 0.43,
                  "Total Cost": 214760.81,
                  "Plan Rows": 710,
                  "Plan Width": 0,
                  "Actual Startup Time": 59.97,
                  "Actual Total Time": 118.876,
                  "Actual Rows": 82,
                  "Actual Loops": 5,
                  "Inner Unique": false,
                  "Plans": [
                    {
                      "Node Type": "Seq Scan",
                      "Parent Relationship": "Outer",
                      "Parallel Aware": true,
                      "Relation Name": "title",
                      "Alias": "t",
                      "Startup Cost": 0.0,
                      "Total Cost": 43898.92,
                      "Plan Rows": 2254,
                      "Plan Width": 4,
                      "Actual Startup Time": 58.479,
                      "Actual Total Time": 79.376,
                      "Actual Rows": 1554,
                      "Actual Loops": 5,
                      "Filter": "(production_year = 1912)",
                      "Rows Removed by Filter": 504108
                    },
                    {
                      "Node Type": "Index Scan",
                      "Parent Relationship": "Inner",
                      "Parallel Aware": false,
                      "Scan Direction": "Forward",
                      "Index Name": "movie_id_movie_info",
                      "Relation Name": "movie_info",
                      "Alias": "mi",
                      "Startup Cost": 0.43,
                      "Total Cost": 75.78,
                      "Plan Rows": 2,
                      "Plan Width": 4,
                      "Actual Startup Time": 0.024,
                      "Actual Total Time": 0.025,
                      "Actual Rows": 0,
                      "Actual Loops": 7770,
                      "Index Cond": "(movie_id = t.id)",
                      "Rows Removed by Index Recheck": 0,
                      "Filter": "(info_type_id = 1)",
                      "Rows Removed by Filter": 12
                    }
                  ]
                }
              ]
            }
          ]
        }
      ]
    },
    "Planning Time": 0.55,
    "Triggers": [],
    "Execution Time": 150.729
  }
]