[
  {
    "Plan": {
      "Node Type": "Aggregate",
      "Strategy": "Plain",
      "Partial Mode": "Finalize",
      "Parallel Aware": false,
      "Startup Cost": 31663.02,
      "Total Cost": 31663.03,
      "Plan Rows": 1,
      "Plan Width": 8,
      "Actual Startup Time": 104.603,
      "Actual Total Time": 109.852,
      "Actual Rows": 1,
      "Actual Loops": 1,
      "Plans": [
        {
          "Node Type": "Gather",
          "Parent Relationship": "Outer",
          "Parallel Aware": false,
          "Startup Cost": 31662.7,
          "Total Cost": 31663.01,
          "Plan Rows": 3,
          "Plan Width": 8,
          "Actual Startup Time": 104.512,
          "Actual Total Time": 109.844,
          "Actual Rows": 4,
          "Actual Loops": 1,
          "Workers Planned": 3,
          "Workers Launched": 3,
          "Single Copy": false,
          "Plans": [
            {
              "Node Type": "Aggregate",
              "Strategy": "Plain",
              "Partial Mode": "Partial",
              "Parent Relationship": "Outer",
              "Parallel Aware": false,
              "Startup Cost": 30662.7,
              "Total Cost": 30662.71,
              "Plan Rows": 1,
              "Plan Width": 8,
              "Actual Startup Time": 101.024,
              "Actual Total Time": 101.025,
              "Actual Rows": 1,
              "Actual Loops": 4,
              "Plans": [
                {
                  "Node Type": "Seq Scan",
                  "Parent Relationship": "Outer",
                  "Parallel Aware": true,
                  "Relation Name": "movie_companies",
                  "Alias": "mc",
                  "Startup Cost": 0.0,
                  "Total Cost": 29310.68,
                  "Plan Rows": 540807,
                  "Plan Width": 0,
                  "Actual Startup Time": 0.025,
                  "Actual Total Time": 78.177,
                  "Actual Rows": 418072,
                  "Actual Loops": 4,
                  "Filter": "(company_id < 19199)",
                  "Rows Removed by Filter": 234210
                }
              ]
            }
          ]
        }
      ]
    },
    "Planning Time": 0.166,
    "Triggers": [],
    "Execution Time": 109.905
  }
]