[
  {
    "Plan": {
      "Node Type": "Aggregate",
      "Strategy": "Plain",
      "Partial Mode": "Finalize",
      "Parallel Aware": false,
      "Startup Cost": 44333.32,
      "Total Cost": 44333.33,
      "Plan Rows": 1,
      "Plan Width": 8,
      "Actual Startup Time": 121.775,
      "Actual Total Time": 131.342,
      "Actual Rows": 1,
      "Actual Loops": 1,
      "Plans": [
        {
          "Node Type": "Gather",
          "Parent Relationship": "Outer",
          "Parallel Aware": false,
          "Startup Cost": 44333.01,
          "Total Cost": 44333.32,
          "Plan Rows": 3,
          "Plan Width": 8,
          "Actual Startup Time": 121.651,
          "Actual Total Time": 131.334,
          "Actual Rows": 4,
          "Actual Loops": 1,
          "Workers Planned": 3,
          "Workers Launched": 3,
          "Single Copy": false,
          "Plans": [
            {
              "Node Type": "Aggregate",
              "Strategy": "Plain",
              "Partial Mode": "Partial",
              "Parent Relationship": "Outer",
              "Parallel Aware": false,
              "Startup Cost": 43333.01,
              "Total Cost": 43333.02,
              "Plan Rows": 1,
              "Plan Width": 8,
              "Actual Startup Time": 114.478,
              "Actual Total Time": 114.478,
              "Actual Rows": 1,
              "Actual Loops": 4,
              "Plans": [
                {
                  "Node Type": "Seq Scan",
                  "Parent Relationship": "Outer",
                  "Parallel Aware": true,
                  "Relation Name": "movie_keyword",
                  "Alias": "mk",
                  "Startup Cost": 0.0,
                  "Total Cost": 42695.65,
                  "Plan Rows": 254941,
                  "Plan Width": 0,
                  "Actual Startup Time": 0.067,
                  "Actual Total Time": 104.297,
                  "Actual Rows": 200265,
                  "Actual Loops": 4,
                  "Filter": "(keyword_id < 771)",
                  "Rows Removed by Filter": 930718
                }
              ]
            }
          ]
        }
      ]
    },
    "Planning Time": 0.153,
    "Triggers": [],
    "Execution Time": 131.387
  }
]