[
  {
    "Plan": {
      "Node Type": "Aggregate",
      "Strategy": "Plain",
      "Partial Mode": "Finalize",
      "Parallel Aware": false,
      "Startup Cost": 34500.82,
      "Total Cost": 34500.83,
      "Plan Rows": 1,
      "Plan Width": 8,
      "Actual Startup Time": 84.149,
      "Actual Total Time": 100.362,
      "Actual Rows": 1,
      "Actual Loops": 1,
      "Plans": [
        {
          "Node Type": "Gather",
          "Parent Relationship": "Outer",
          "Parallel Aware": false,
          "Startup Cost": 34500.6,
          "Total Cost": 34500.81,
          "Plan Rows": 2,
          "Plan Width": 8,
          "Actual Startup Time": 83.953,
          "Actual Total Time": 100.354,
          "Actual Rows": 3,
          "Actual Loops": 1,
          "Workers Planned": 2,
          "Workers Launched": 2,
          "Single Copy": false,
          "Plans": [
            {
              "Node Type": "Aggregate",
              "Strategy": "Plain",
              "Partial Mode": "Partial",
              "Parent Relationship": "Outer",
              "Parallel Aware": false,
              "Startup Cost": 33500.6,
              "Total Cost": 33500.61,
              "Plan Rows": 1,
              "Plan Width": 8,
              "Actual Startup Time": 80.389,
              "Actual Total Time": 80.391,
              "Actual Rows": 1,
              "Actual Loops": 3,
              "Plans": [
                {
                  "Node Type": "Nested Loop",
                  "Parent Relationship": "Outer",
                  "Parallel Aware": false,
                  "Join Type": "Inner",
                  "Startup Cost": 197.62,
                  "Total Cost": 33472.6,
                  "Plan Rows": 11200,
                  "Plan Width": 0,
                  "Actual Startup Time": 8.03,
                  "Actual Total Time": 77.221,
                  "Actual Rows": 52646,
                  "Actual Loops": 3,
                  "Inner Unique": false,
                  "Plans": [
                    {
                      "Node Type": "Nested Loop",
                      "Parent Relationship": "Outer",
                      "Parallel Aware": false,
                      "Join Type": "Inner",
                      "Startup Cost": 197.19,
                      "Total Cost": 29838.79,
                      "Plan Rows": 1908,
                      "Plan Width": 8,
                      "Actual Startup Time": 7.946,
                      "Actual Total Time": 20.248,
                      "Actual Rows": 1219,
                      "Actual Loops": 3,
                      "Inner Unique": true,
                      "Plans": [
                        {
                          "Node Type": "Bitmap Heap Scan",
                          "Parent Relationship": "Outer",
                          "Parallel Aware": true,
                          "Relation Name": "movie_companies",
                          "Alias": "mc",
                          "Startup Cost": 196.76,
                          "Total Cost": 15723.15,
                          "Plan Rows": 1908,
                          "Plan Width": 4,
                          "Actual Startup Time": 7.856,
                          "Actual Total Time": 10.812,
                          "Actual Rows": 1219,
                          "Actual Loops": 3,
                          "Recheck Cond": "(company_id = 1451)",
                          "Rows Removed by Index Recheck": 0,
                          "Filter": "(company_type_id = 2)",
                          "Rows Removed by Filter": 1937,
                          "Exact Heap Blocks": 3395,
                          "Lossy Heap Blocks": 0,
                          "Plans": [
                            {
                              "Node Type": "Bitmap Index Scan",
                              "Parent Relationship": "Outer",
                              "Parallel Aware": false,
                              "Index Name": "company_id_movie_companies",
                              "Startup Cost": 0.0,
                              "Total Cost": 195.62,
                              "Plan Rows": 8958,
                              "Plan Width": 0,
                              "Actual Startup Time": 2.535,
                              "Actual Total Time": 2.536,
                              "Actual Rows": 9466,
                              "Actual Loops": 1,
                              "Index Cond": "(company_id = 1451)"
                            }
                          ]
                        },
                        {
                          "Node Type": "Index Only Scan",
                          "Parent Relationship": "Inner",
                          "Parallel Aware": false,
                          "Scan Direction": "Forward",
                          "Index Name": "title_pkey",
                          "Relation Name": "title",
                          "Alias": "t",
                          "Startup Cost": 0.43,
                          "Total Cost": 7.4,
                          "Plan Rows": 1,
                          "Plan Width": 4,
                          "Actual Startup Time": 0.007,
                          "Actual Total Time": 0.007,
                          "Actual Rows": 1,
                          "Actual Loops": 3656,
                          "Index Cond": "(id = mc.movie_id)",
                          "Rows Removed by Index Recheck": 0,
                          "Heap Fetches": 3656
                        }
                      ]
                    },
                    {
                      "Node Type": "Index Only Scan",
                      "Parent Relationship": "Inner",
                      "Parallel Aware": false,
                      "Scan Direction": "Forward",
                      "Index Name": "movie_id_movie_info",
                      "Relation Name": "movie_info",
                      "Alias": "mi",
                      "Startup Cost": 0.43,
                      "Total Cost": 1.49,
                      "Plan Rows": 41,
                      "Plan Width": 4,
                      "Actual Startup Time": 0.01,
                      "Actual Total Time": 0.043,
                      "Actual Rows": 43,
                      "Actual Loops": 3656,
                      "Index Cond": "(movie_id = t.id)",
                      "Rows Removed by Index Recheck": 0,
                      "Heap Fetches": 157937
                    }
                  ]
                }
              ]
            }
          ]
        }
      ]
    },
    "Planning Time": 0.616,
    "Triggers": [],
    "Execution Time": 100.418
  }
]