[
  {
    "Plan": {
      "Node Type": "Aggregate",
      "Strategy": "Plain",
      "Partial Mode": "Finalize",
      "Parallel Aware": false,
      "Startup Cost": 39817.25,
      "Total Cost": 39817.26,
      "Plan Rows": 1,
      "Plan Width": 8,
      "Actual Startup Time": 42.99,
      "Actual Total Time": 48.997,
      "Actual Rows": 1,
      "Actual Loops": 1,
      "Plans": [
        {
          "Node Type": "Gather",
          "Parent Relationship": "Outer",
          "Parallel Aware": false,
          "Startup Cost": 39816.94,
          "Total Cost": 39817.25,
          "Plan Rows": 3,
          "Plan Width": 8,
          "Actual Startup Time": 42.757,
          "Actual Total Time": 48.992,
          "Actual Rows": 4,
          "Actual Loops": 1,
          "Workers Planned": 3,
          "Workers Launched": 3,
          "Single Copy": false,
          "Plans": [
            {
              "Node Type": "Aggregate",
              "Strategy": "Plain",
              "Partial Mode": "Partial",
              "Parent Relationship": "Outer",
              "Parallel Aware": false,
              "Startup Cost": 38816.94,
              "Total Cost": 38816.95,
              "Plan Rows": 1,
              "Plan Width": 8,
              "Actual Startup Time": 37.406,
              "Actual Total Time": 37.407,
              "Actual Rows": 1,
              "Actual Loops": 4,
              "Plans": [
                {
                  "Node Type": "Nested Loop",
                  "Parent Relationship": "Outer",
                  "Parallel Aware": false,
                  "Join Type": "Inner",
                  "Startup Cost": 235.77,
                  "Total Cost": 38807.1,
                  "Plan Rows": 3935,
                  "Plan Width": 0,
                  "Actual Startup Time": 7.079,
                  "Actual Total Time": 36.88,
                  "Actual Rows": 5430,
                  "Actual Loops": 4,
                  "Inner Unique": false,
                  "Join Filter": "(t.id = mi.movie_id)",
                  "Rows Removed by Join Filter": 0,
                  "Plans": [
                    {
                      "Node Type": "Nested Loop",
                      "Parent Relationship": "Outer",
                      "Parallel Aware": false,
                      "Join Type": "Inner",
                      "Startup Cost": 235.34,
                      "Total Cost": 37443.31,
                      "Plan Rows": 673,
                      "Plan Width": 8,
                      "Actual Startup Time": 6.906,
                      "Actual Total Time": 22.627,
                      "Actual Rows": 517,
                      "Actual Loops": 4,
                      "Inner Unique": false,
                      "Plans": [
                        {
                          "Node Type": "Bitmap Heap Scan",
                          "Parent Relationship": "Outer",
                          "Parallel Aware": true,
                          "Relation Name": "title",
                          "Alias": "t",
                          "Startup Cost": 234.91,
                          "Total Cost": 26142.2,
                          "Plan Rows": 652,
                          "Plan Width": 4,
                          "Actual Startup Time": 6.763,
                          "Actual Total Time": 17.532,
                          "Actual Rows": 236,
                          "Actual Loops": 4,
                          "Recheck Cond": "(kind_id = 6)",
                          "Rows Removed by Index Recheck": 0,
                          "Filter": "(production_year > 2010)",
                          "Rows Removed by Filter": 2914,
                          "Exact Heap Blocks": 5204,
                          "Lossy Heap Blocks": 0,
                          "Plans": [
                            {
                              "Node Type": "Bitmap Index Scan",
                              "Parent Relationship": "Outer",
                              "Parallel Aware": false,
                              "Index Name": "kind_id_title",
                              "Startup Cost": 0.0,
                              "Total Cost": 234.4,
                              "Plan Rows": 13063,
                              "Plan Width": 0,
                              "Actual Startup Time": 7.752,
                              "Actual Total Time": 7.753,
                              "Actual Rows": 12600,
                              "Actual Loops": 1,
                              "Index Cond": "(kind_id = 6)"
                            }
                          ]
                        },
                        {
                          "Node Type": "Index Only Scan",
                          "Parent Relationship": "Inner",
                          "Parallel Aware": false,
                          "Scan Direction": "Forward",
                          "Index Name": "movie_id_movie_companies",
                          "Relation Name": "movie_companies",
                          "Alias": "mc",
                          "Startup Cost": 0.43,
                          "Total Cost": 17.28,
                          "Plan Rows": 5,
                          "Plan Width": 4,
                          "Actual Startup Time": 0.016,
                          "Actual Total Time": 0.021,
                          "Actual Rows": 2,
                          "Actual Loops": 943,
                          "Index Cond": "(movie_id = t.id)",
                          "Rows Removed by Index Recheck": 0,
                          "Heap Fetches": 2067
                        }
                      ]
                    },
                    {
                      "Node Type": "Index Only Scan",
                      "Parent Relationship": "Inner",
                      "Parallel Aware": false,
                      "Scan Direction": "Forward",
                      "Index Name": "movie_id_movie_info",
                      "Relation Name": "movie_info",
                      "Alias": "mi",
                      "Startup Cost": 0.43,
                      "Total Cost": 1.5,
                      "Plan Rows": 42,
                      "Plan Width": 4,
                      "Actual Startup Time": 0.011,
                      "Actual Total Time": 0.025,
                      "Actual Rows": 11,
                      "Actual Loops": 2067,
                      "Index Cond": "(movie_id = mc.movie_id)",
                      "Rows Removed by Index Recheck": 0,
                      "Heap Fetches": 21718
                    }
                  ]
                }
              ]
            }
          ]
        }
      ]
    },
    "Planning Time": 0.861,
    "Triggers": [],
    "Execution Time": 49.075
  }
]