[
  {
    "Plan": {
      "Node Type": "Aggregate",
      "Strategy": "Plain",
      "Partial Mode": "Finalize",
      "Parallel Aware": false,
      "Startup Cost": 33065.62,
      "Total Cost": 33065.63,
      "Plan Rows": 1,
      "Plan Width": 8,
      "Actual Startup Time": 98.72,
      "Actual Total Time": 106.151,
      "Actual Rows": 1,
      "Actual Loops": 1,
      "Plans": [
        {
          "Node Type": "Gather",
          "Parent Relationship": "Outer",
          "Parallel Aware": false,
          "Startup Cost": 33065.31,
          "Total Cost": 33065.62,
          "Plan Rows": 3,
          "Plan Width": 8,
          "Actual Startup Time": 98.559,
          "Actual Total Time": 106.141,
          "Actual Rows": 4,
          "Actual Loops": 1,
          "Workers Planned": 3,
          "Workers Launched": 3,
          "Single Copy": false,
          "Plans": [
            {
              "Node Type": "Aggregate",
              "Strategy": "Plain",
              "Partial Mode": "Partial",
              "Parent Relationship": "Outer",
              "Parallel Aware": false,
              "Startup Cost": 32065.31,
              "Total Cost": 32065.32,
              "Plan Rows": 1,
              "Plan Width": 8,
              "Actual Startup Time": 91.33,
              "Actual Total Time": 91.331,
              "Actual Rows": 1,
              "Actual Loops": 4,
              "Plans": [
                {
                  "Node Type": "Seq Scan",
                  "Parent Relationship": "Outer",
                  "Parallel Aware": true,
                  "Relation Name": "movie_companies",
                  "Alias": "mc",
                  "Startup Cost": 0.0,
                  "Total Cost": 31414.82,
                  "Plan Rows": 260195,
                  "Plan Width": 0,
                  "Actual Startup Time": 0.049,
                  "Actual Total Time": 76.563,
                  "Actual Rows": 275699,
                  "Actual Loops": 4,
                  "Filter": "((company_id < 17274) AND (company_type_id = 1))",
                  "Rows Removed by Filter": 376583
                }
              ]
            }
          ]
        }
      ]
    },
    "Planning Time": 0.141,
    "Triggers": [],
    "Execution Time": 106.19
  }
]