[
  {
    "Plan": {
      "Node Type": "Aggregate",
      "Strategy": "Plain",
      "Partial Mode": "Simple",
      "Parallel Aware": false,
      "Startup Cost": 8359.62,
      "Total Cost": 8359.63,
      "Plan Rows": 1,
      "Plan Width": 8,
      "Actual Startup Time": 3.936,
      "Actual Total Time": 3.938,
      "Actual Rows": 1,
      "Actual Loops": 1,
      "Plans": [
        {
          "Node Type": "Index Scan",
          "Parent Relationship": "Outer",
          "Parallel Aware": false,
          "Scan Direction": "Forward",
          "Index Name": "company_id_movie_companies",
          "Relation Name": "movie_companies",
          "Alias": "mc",
          "Startup Cost": 0.43,
          "Total Cost": 8355.2,
          "Plan Rows": 1766,
          "Plan Width": 0,
          "Actual Startup Time": 2.4,
          "Actual Total Time": 3.722,
          "Actual Rows": 1164,
          "Actual Loops": 1,
          "Index Cond": "(company_id = 67)",
          "Rows Removed by Index Recheck": 0,
          "Filter": "(company_type_id = 2)",
          "Rows Removed by Filter": 2517
        }
      ]
    },
    "Planning Time": 0.22,
    "Triggers": [],
    "Execution Time": 3.994
  }
]