{
  "Plan": {
    "Node Type": "Aggregate",
    "Strategy": "Plain",
    "Partial Mode": "Finalize",
    "Parallel Aware": false,
    "Startup Cost": 84538.21,
    "Total Cost": 84538.22,
    "Plan Rows": 1,
    "Plan Width": 8,
    "Actual Startup Time": 365.987,
    "Actual Total Time": 408.337,
    "Actual Rows": 1,
    "Actual Loops": 1,
    "Plans": [
      {
        "Node Type": "Gather",
        "Parent Relationship": "Outer",
        "Parallel Aware": false,
        "Startup Cost": 84538.1,
        "Total Cost": 84538.21,
        "Plan Rows": 1,
        "Plan Width": 8,
        "Actual Startup Time": 365.726,
        "Actual Total Time": 408.329,
        "Actual Rows": 2,
        "Actual Loops": 1,
        "Workers Planned": 1,
        "Workers Launched": 1,
        "Single Copy": false,
        "Plans": [
          {
            "Node Type": "Aggregate",
            "Strategy": "Plain",
            "Partial Mode": "Partial",
            "Parent Relationship": "Outer",
            "Parallel Aware": false,
            "Startup Cost": 83538.1,
            "Total Cost": 83538.11,
            "Plan Rows": 1,
            "Plan Width": 8,
            "Actual Startup Time": 359.536,
            "Actual Total Time": 359.54,
            "Actual Rows": 1,
            "Actual Loops": 2,
            "Plans": [
              {
                "Node Type": "Nested Loop",
                "Parent Relationship": "Outer",
                "Parallel Aware": false,
                "Join Type": "Inner",
                "Startup Cost": 54684.39,
                "Total Cost": 83522.56,
                "Plan Rows": 6215,
                "Plan Width": 0,
                "Actual Startup Time": 137.204,
                "Actual Total Time": 357.771,
                "Actual Rows": 32342,
                "Actual Loops": 2,
                "Inner Unique": false,
                "Join Filter": "(t.id = ci.movie_id)",
                "Rows Removed by Join Filter": 0,
                "Plans": [
                  {
                    "Node Type": "Hash Join",
                    "Parent Relationship": "Outer",
                    "Parallel Aware": true,
                    "Join Type": "Inner",
                    "Startup Cost": 54683.83,
                    "Total Cost": 72867.62,
                    "Plan Rows": 4167,
                    "Plan Width": 8,
                    "Actual Startup Time": 136.476,
                    "Actual Total Time": 234.697,
                    "Actual Rows": 4860,
                    "Actual Loops": 2,
                    "Inner Unique": true,
                    "Hash Cond": "(mi_idx.movie_id = t.id)",
                    "Plans": [
                      {
                        "Node Type": "Seq Scan",
                        "Parent Relationship": "Outer",
                        "Parallel Aware": true,
                        "Relation Name": "movie_info_idx",
                        "Alias": "mi_idx",
                        "Startup Cost": 0.0,
                        "Total Cost": 16052.85,
                        "Plan Rows": 811785,
                        "Plan Width": 4,
                        "Actual Startup Time": 0.017,
                        "Actual Total Time": 45.498,
                        "Actual Rows": 690018,
                        "Actual Loops": 2
                      },
                      {
                        "Node Type": "Hash",
                        "Parent Relationship": "Inner",
                        "Parallel Aware": true,
                        "Startup Cost": 54588.39,
                        "Total Cost": 54588.39,
                        "Plan Rows": 7635,
                        "Plan Width": 4,
                        "Actual Startup Time": 134.952,
                        "Actual Total Time": 134.952,
                        "Actual Rows": 7027,
                        "Actual Loops": 2,
                        "Hash Buckets": 16384,
                        "Original Hash Buckets": 16384,
                        "Hash Batches": 1,
                        "Original Hash Batches": 1,
                        "Peak Memory Usage": 736,
                        "Plans": [
                          {
                            "Node Type": "Seq Scan",
                            "Parent Relationship": "Outer",
                            "Parallel Aware": true,
                            "Relation Name": "title",
                            "Alias": "t",
                            "Startup Cost": 0.0,
                            "Total Cost": 54588.39,
                            "Plan Rows": 7635,
                            "Plan Width": 4,
                            "Actual Startup Time": 0.132,
                            "Actual Total Time": 132.448,
                            "Actual Rows": 7027,
                            "Actual Loops": 2,
                            "Filter": "(production_year = 1975)",
                            "Rows Removed by Filter": 1257129
                          }
                        ]
                      }
                    ]
                  },
                  {
                    "Node Type": "Index Scan",
                    "Parent Relationship": "Inner",
                    "Parallel Aware": false,
                    "Scan Direction": "Forward",
                    "Index Name": "movie_id_cast_info",
                    "Relation Name": "cast_info",
                    "Alias": "ci",
                    "Startup Cost": 0.56,
                    "Total Cost": 2.51,
                    "Plan Rows": 4,
                    "Plan Width": 4,
                    "Actual Startup Time": 0.005,
                    "Actual Total Time": 0.024,
                    "Actual Rows": 7,
                    "Actual Loops": 9719,
                    "Index Cond": "(movie_id = mi_idx.movie_id)",
                    "Rows Removed by Index Recheck": 0,
                    "Filter": "((person_id < 1076719) AND (role_id = 1))",
                    "Rows Removed by Filter": 18
                  }
                ]
              }
            ]
          }
        ]
      }
    ]
  },
  "Planning Time": 0.862,
  "Triggers": [],
  "Execution Time": 408.429
}