[
  {
    "Plan": {
      "Node Type": "Aggregate",
      "Strategy": "Plain",
      "Partial Mode": "Finalize",
      "Parallel Aware": false,
      "Startup Cost": 44624.38,
      "Total Cost": 44624.39,
      "Plan Rows": 1,
      "Plan Width": 8,
      "Actual Startup Time": 140.193,
      "Actual Total Time": 149.98,
      "Actual Rows": 1,
      "Actual Loops": 1,
      "Plans": [
        {
          "Node Type": "Gather",
          "Parent Relationship": "Outer",
          "Parallel Aware": false,
          "Startup Cost": 44624.06,
          "Total Cost": 44624.37,
          "Plan Rows": 3,
          "Plan Width": 8,
          "Actual Startup Time": 140.081,
          "Actual Total Time": 149.971,
          "Actual Rows": 4,
          "Actual Loops": 1,
          "Workers Planned": 3,
          "Workers Launched": 3,
          "Single Copy": false,
          "Plans": [
            {
              "Node Type": "Aggregate",
              "Strategy": "Plain",
              "Partial Mode": "Partial",
              "Parent Relationship": "Outer",
              "Parallel Aware": false,
              "Startup Cost": 43624.06,
              "Total Cost": 43624.07,
              "Plan Rows": 1,
              "Plan Width": 8,
              "Actual Startup Time": 132.068,
              "Actual Total Time": 132.069,
              "Actual Rows": 1,
              "Actual Loops": 4,
              "Plans": [
                {
                  "Node Type": "Seq Scan",
                  "Parent Relationship": "Outer",
                  "Parallel Aware": true,
                  "Relation Name": "movie_keyword",
                  "Alias": "mk",
                  "Startup Cost": 0.0,
                  "Total Cost": 42695.65,
                  "Plan Rows": 371362,
                  "Plan Width": 0,
                  "Actual Startup Time": 0.062,
                  "Actual Total Time": 116.327,
                  "Actual Rows": 289965,
                  "Actual Loops": 4,
                  "Filter": "(keyword_id < 1382)",
                  "Rows Removed by Filter": 841017
                }
              ]
            }
          ]
        }
      ]
    },
    "Planning Time": 0.183,
    "Triggers": [],
    "Execution Time": 150.034
  }
]