{
  "Plan": {
    "Node Type": "Aggregate",
    "Strategy": "Plain",
    "Partial Mode": "Finalize",
    "Parallel Aware": false,
    "Startup Cost": 344394.61,
    "Total Cost": 344394.62,
    "Plan Rows": 1,
    "Plan Width": 8,
    "Actual Startup Time": 777.041,
    "Actual Total Time": 802.363,
    "Actual Rows": 1,
    "Actual Loops": 1,
    "Plans": [
      {
        "Node Type": "Gather",
        "Parent Relationship": "Outer",
        "Parallel Aware": false,
        "Startup Cost": 344394.5,
        "Total Cost": 344394.61,
        "Plan Rows": 1,
        "Plan Width": 8,
        "Actual Startup Time": 771.106,
        "Actual Total Time": 802.353,
        "Actual Rows": 2,
        "Actual Loops": 1,
        "Workers Planned": 1,
        "Workers Launched": 1,
        "Single Copy": false,
        "Plans": [
          {
            "Node Type": "Aggregate",
            "Strategy": "Plain",
            "Partial Mode": "Partial",
            "Parent Relationship": "Outer",
            "Parallel Aware": false,
            "Startup Cost": 343394.5,
            "Total Cost": 343394.51,
            "Plan Rows": 1,
            "Plan Width": 8,
            "Actual Startup Time": 759.44,
            "Actual Total Time": 759.444,
            "Actual Rows": 1,
            "Actual Loops": 2,
            "Plans": [
              {
                "Node Type": "Hash Join",
                "Parent Relationship": "Outer",
                "Parallel Aware": true,
                "Join Type": "Inner",
                "Startup Cost": 75715.89,
                "Total Cost": 343120.41,
                "Plan Rows": 109634,
                "Plan Width": 0,
                "Actual Startup Time": 720.331,
                "Actual Total Time": 756.992,
                "Actual Rows": 36528,
                "Actual Loops": 2,
                "Inner Unique": true,
                "Hash Cond": "(ci.movie_id = t.id)",
                "Plans": [
                  {
                    "Node Type": "Bitmap Heap Scan",
                    "Parent Relationship": "Outer",
                    "Parallel Aware": true,
                    "Relation Name": "cast_info",
                    "Alias": "ci",
                    "Startup Cost": 6255.19,
                    "Total Cost": 273371.93,
                    "Plan Rows": 109634,
                    "Plan Width": 4,
                    "Actual Startup Time": 29.104,
                    "Actual Total Time": 39.147,
                    "Actual Rows": 36528,
                    "Actual Loops": 2,
                    "Recheck Cond": "(person_id < 33384)",
                    "Rows Removed by Index Recheck": 0,
                    "Filter": "(role_id > 1)",
                    "Rows Removed by Filter": 107586,
                    "Exact Heap Blocks": 1697,
                    "Lossy Heap Blocks": 0,
                    "Plans": [
                      {
                        "Node Type": "Bitmap Index Scan",
                        "Parent Relationship": "Outer",
                        "Parallel Aware": false,
                        "Index Name": "person_id_cast_info",
                        "Startup Cost": 0.0,
                        "Total Cost": 6208.6,
                        "Plan Rows": 284271,
                        "Plan Width": 0,
                        "Actual Startup Time": 13.99,
                        "Actual Total Time": 13.99,
                        "Actual Rows": 288227,
                        "Actual Loops": 1,
                        "Index Cond": "(person_id < 33384)"
                      }
                    ]
                  },
                  {
                    "Node Type": "Hash",
                    "Parent Relationship": "Inner",
                    "Parallel Aware": true,
                    "Startup Cost": 50870.31,
                    "Total Cost": 50870.31,
                    "Plan Rows": 1487231,
                    "Plan Width": 4,
                    "Actual Startup Time": 668.5,
                    "Actual Total Time": 668.501,
                    "Actual Rows": 1264156,
                    "Actual Loops": 2,
                    "Hash Buckets": 4194304,
                    "Original Hash Buckets": 4194304,
                    "Hash Batches": 1,
                    "Original Hash Batches": 1,
                    "Peak Memory Usage": 131712,
                    "Plans": [
                      {
                        "Node Type": "Seq Scan",
                        "Parent Relationship": "Outer",
                        "Parallel Aware": true,
                        "Relation Name": "title",
                        "Alias": "t",
                        "Startup Cost": 0.0,
                        "Total Cost": 50870.31,
                        "Plan Rows": 1487231,
                        "Plan Width": 4,
                        "Actual Startup Time": 0.046,
                        "Actual Total Time": 210.707,
                        "Actual Rows": 1264156,
                        "Actual Loops": 2
                      }
                    ]
                  }
                ]
              }
            ]
          }
        ]
      }
    ]
  },
  "Planning Time": 0.736,
  "Triggers": [],
  "Execution Time": 802.455
}