[
  {
    "Plan": {
      "Node Type": "Aggregate",
      "Strategy": "Plain",
      "Partial Mode": "Finalize",
      "Parallel Aware": false,
      "Startup Cost": 46489.53,
      "Total Cost": 46489.54,
      "Plan Rows": 1,
      "Plan Width": 8,
      "Actual Startup Time": 85.606,
      "Actual Total Time": 96.927,
      "Actual Rows": 1,
      "Actual Loops": 1,
      "Plans": [
        {
          "Node Type": "Gather",
          "Parent Relationship": "Outer",
          "Parallel Aware": false,
          "Startup Cost": 46489.11,
          "Total Cost": 46489.52,
          "Plan Rows": 4,
          "Plan Width": 8,
          "Actual Startup Time": 85.448,
          "Actual Total Time": 96.919,
          "Actual Rows": 5,
          "Actual Loops": 1,
          "Workers Planned": 4,
          "Workers Launched": 4,
          "Single Copy": false,
          "Plans": [
            {
              "Node Type": "Aggregate",
              "Strategy": "Plain",
              "Partial Mode": "Partial",
              "Parent Relationship": "Outer",
              "Parallel Aware": false,
              "Startup Cost": 45489.11,
              "Total Cost": 45489.12,
              "Plan Rows": 1,
              "Plan Width": 8,
              "Actual Startup Time": 80.425,
              "Actual Total Time": 80.426,
              "Actual Rows": 1,
              "Actual Loops": 5,
              "Plans": [
                {
                  "Node Type": "Seq Scan",
                  "Parent Relationship": "Outer",
                  "Parallel Aware": true,
                  "Relation Name": "title",
                  "Alias": "t",
                  "Startup Cost": 0.0,
                  "Total Cost": 45479.59,
                  "Plan Rows": 3810,
                  "Plan Width": 0,
                  "Actual Startup Time": 0.054,
                  "Actual Total Time": 80.09,
                  "Actual Rows": 2942,
                  "Actual Loops": 5,
                  "Filter": "((kind_id > 4) AND (production_year = 1991))",
                  "Rows Removed by Filter": 502720
                }
              ]
            }
          ]
        }
      ]
    },
    "Planning Time": 0.084,
    "Triggers": [],
    "Execution Time": 96.955
  }
]