{
  "Plan": {
    "Node Type": "Aggregate",
    "Strategy": "Plain",
    "Partial Mode": "Finalize",
    "Parallel Aware": false,
    "Startup Cost": 239165.26,
    "Total Cost": 239165.27,
    "Plan Rows": 1,
    "Plan Width": 8,
    "Actual Startup Time": 242.006,
    "Actual Total Time": 254.221,
    "Actual Rows": 1,
    "Actual Loops": 1,
    "Plans": [
      {
        "Node Type": "Gather",
        "Parent Relationship": "Outer",
        "Parallel Aware": false,
        "Startup Cost": 239165.15,
        "Total Cost": 239165.26,
        "Plan Rows": 1,
        "Plan Width": 8,
        "Actual Startup Time": 241.746,
        "Actual Total Time": 254.206,
        "Actual Rows": 2,
        "Actual Loops": 1,
        "Workers Planned": 1,
        "Workers Launched": 1,
        "Single Copy": false,
        "Plans": [
          {
            "Node Type": "Aggregate",
            "Strategy": "Plain",
            "Partial Mode": "Partial",
            "Parent Relationship": "Outer",
            "Parallel Aware": false,
            "Startup Cost": 238165.15,
            "Total Cost": 238165.16,
            "Plan Rows": 1,
            "Plan Width": 8,
            "Actual Startup Time": 235.664,
            "Actual Total Time": 235.667,
            "Actual Rows": 1,
            "Actual Loops": 2,
            "Plans": [
              {
                "Node Type": "Hash Join",
                "Parent Relationship": "Outer",
                "Parallel Aware": true,
                "Join Type": "Inner",
                "Startup Cost": 69082.83,
                "Total Cost": 238160.97,
                "Plan Rows": 1671,
                "Plan Width": 0,
                "Actual Startup Time": 189.612,
                "Actual Total Time": 235.639,
                "Actual Rows": 205,
                "Actual Loops": 2,
                "Inner Unique": true,
                "Hash Cond": "(mi.movie_id = t.id)",
                "Plans": [
                  {
                    "Node Type": "Bitmap Heap Scan",
                    "Parent Relationship": "Outer",
                    "Parallel Aware": true,
                    "Relation Name": "movie_info",
                    "Alias": "mi",
                    "Startup Cost": 14428.12,
                    "Total Cost": 182276.62,
                    "Plan Rows": 468439,
                    "Plan Width": 4,
                    "Actual Startup Time": 27.424,
                    "Actual Total Time": 63.841,
                    "Actual Rows": 401070,
                    "Actual Loops": 2,
                    "Recheck Cond": "(info_type_id = 1)",
                    "Rows Removed by Index Recheck": 0,
                    "Exact Heap Blocks": 2786,
                    "Lossy Heap Blocks": 0,
                    "Plans": [
                      {
                        "Node Type": "Bitmap Index Scan",
                        "Parent Relationship": "Outer",
                        "Parallel Aware": false,
                        "Index Name": "info_type_id_movie_info",
                        "Startup Cost": 0.0,
                        "Total Cost": 14229.04,
                        "Plan Rows": 796347,
                        "Plan Width": 0,
                        "Actual Startup Time": 26.714,
                        "Actual Total Time": 26.715,
                        "Actual Rows": 802140,
                        "Actual Loops": 1,
                        "Index Cond": "(info_type_id = 1)"
                      }
                    ]
                  },
                  {
                    "Node Type": "Hash",
                    "Parent Relationship": "Inner",
                    "Parallel Aware": true,
                    "Startup Cost": 54588.39,
                    "Total Cost": 54588.39,
                    "Plan Rows": 5305,
                    "Plan Width": 4,
                    "Actual Startup Time": 137.26,
                    "Actual Total Time": 137.261,
                    "Actual Rows": 3885,
                    "Actual Loops": 2,
                    "Hash Buckets": 16384,
                    "Original Hash Buckets": 16384,
                    "Hash Batches": 1,
                    "Original Hash Batches": 1,
                    "Peak Memory Usage": 480,
                    "Plans": [
                      {
                        "Node Type": "Seq Scan",
                        "Parent Relationship": "Outer",
                        "Parallel Aware": true,
                        "Relation Name": "title",
                        "Alias": "t",
                        "Startup Cost": 0.0,
                        "Total Cost": 54588.39,
                        "Plan Rows": 5305,
                        "Plan Width": 4,
                        "Actual Startup Time": 92.893,
                        "Actual Total Time": 135.983,
                        "Actual Rows": 3885,
                        "Actual Loops": 2,
                        "Filter": "(production_year = 1912)",
                        "Rows Removed by Filter": 1260271
                      }
                    ]
                  }
                ]
              }
            ]
          }
        ]
      }
    ]
  },
  "Planning Time": 0.41,
  "Triggers": [],
  "Execution Time": 254.308
}