[
  {
    "Plan": {
      "Node Type": "Aggregate",
      "Strategy": "Plain",
      "Partial Mode": "Finalize",
      "Parallel Aware": false,
      "Startup Cost": 31314.66,
      "Total Cost": 31314.67,
      "Plan Rows": 1,
      "Plan Width": 8,
      "Actual Startup Time": 104.152,
      "Actual Total Time": 112.155,
      "Actual Rows": 1,
      "Actual Loops": 1,
      "Plans": [
        {
          "Node Type": "Gather",
          "Parent Relationship": "Outer",
          "Parallel Aware": false,
          "Startup Cost": 31314.34,
          "Total Cost": 31314.65,
          "Plan Rows": 3,
          "Plan Width": 8,
          "Actual Startup Time": 104.047,
          "Actual Total Time": 112.147,
          "Actual Rows": 4,
          "Actual Loops": 1,
          "Workers Planned": 3,
          "Workers Launched": 3,
          "Single Copy": false,
          "Plans": [
            {
              "Node Type": "Aggregate",
              "Strategy": "Plain",
              "Partial Mode": "Partial",
              "Parent Relationship": "Outer",
              "Parallel Aware": false,
              "Startup Cost": 30314.34,
              "Total Cost": 30314.35,
              "Plan Rows": 1,
              "Plan Width": 8,
              "Actual Startup Time": 96.876,
              "Actual Total Time": 96.877,
              "Actual Rows": 1,
              "Actual Loops": 4,
              "Plans": [
                {
                  "Node Type": "Seq Scan",
                  "Parent Relationship": "Outer",
                  "Parallel Aware": true,
                  "Relation Name": "movie_companies",
                  "Alias": "mc",
                  "Startup Cost": 0.0,
                  "Total Cost": 29310.68,
                  "Plan Rows": 401463,
                  "Plan Width": 0,
                  "Actual Startup Time": 23.109,
                  "Actual Total Time": 83.437,
                  "Actual Rows": 312191,
                  "Actual Loops": 4,
                  "Filter": "(company_id > 11684)",
                  "Rows Removed by Filter": 340091
                }
              ]
            }
          ]
        }
      ]
    },
    "Planning Time": 0.191,
    "Triggers": [],
    "Execution Time": 112.21
  }
]