[
  {
    "Plan": {
      "Node Type": "Aggregate",
      "Strategy": "Plain",
      "Partial Mode": "Finalize",
      "Parallel Aware": false,
      "Startup Cost": 295452.83,
      "Total Cost": 295452.84,
      "Plan Rows": 1,
      "Plan Width": 8,
      "Actual Startup Time": 1064.12,
      "Actual Total Time": 1126.45,
      "Actual Rows": 1,
      "Actual Loops": 1,
      "Plans": [
        {
          "Node Type": "Gather",
          "Parent Relationship": "Outer",
          "Parallel Aware": false,
          "Startup Cost": 295452.31,
          "Total Cost": 295452.82,
          "Plan Rows": 5,
          "Plan Width": 8,
          "Actual Startup Time": 1048.637,
          "Actual Total Time": 1126.436,
          "Actual Rows": 6,
          "Actual Loops": 1,
          "Workers Planned": 5,
          "Workers Launched": 5,
          "Single Copy": false,
          "Plans": [
            {
              "Node Type": "Aggregate",
              "Strategy": "Plain",
              "Partial Mode": "Partial",
              "Parent Relationship": "Outer",
              "Parallel Aware": false,
              "Startup Cost": 294452.31,
              "Total Cost": 294452.32,
              "Plan Rows": 1,
              "Plan Width": 8,
              "Actual Startup Time": 1040.53,
              "Actual Total Time": 1040.542,
              "Actual Rows": 1,
              "Actual Loops": 6,
              "Plans": [
                {
                  "Node Type": "Hash Join",
                  "Parent Relationship": "Outer",
                  "Parallel Aware": true,
                  "Join Type": "Inner",
                  "Startup Cost": 89314.3,
                  "Total Cost": 293440.12,
                  "Plan Rows": 404877,
                  "Plan Width": 0,
                  "Actual Startup Time": 371.3,
                  "Actual Total Time": 1033.13,
                  "Actual Rows": 131633,
                  "Actual Loops": 6,
                  "Inner Unique": false,
                  "Hash Cond": "(mi.movie_id = t.id)",
                  "Plans": [
                    {
                      "Node Type": "Seq Scan",
                      "Parent Relationship": "Outer",
                      "Parallel Aware": true,
                      "Relation Name": "movie_info",
                      "Alias": "mi",
                      "Startup Cost": 0.0,
                      "Total Cost": 191685.19,
                      "Plan Rows": 2969219,
                      "Plan Width": 4,
                      "Actual Startup Time": 0.033,
                      "Actual Total Time": 355.223,
                      "Actual Rows": 2472620,
                      "Actual Loops": 6
                    },
                    {
                      "Node Type": "Hash",
                      "Parent Relationship": "Inner",
                      "Parallel Aware": true,
                      "Startup Cost": 87924.1,
                      "Total Cost": 87924.1,
                      "Plan Rows": 111216,
                      "Plan Width": 8,
                      "Actual Startup Time": 368.424,
                      "Actual Total Time": 368.429,
                      "Actual Rows": 12509,
                      "Actual Loops": 6,
                      "Hash Buckets": 524288,
                      "Original Hash Buckets": 524288,
                      "Hash Batches": 1,
                      "Original Hash Batches": 1,
                      "Peak Memory Usage": 7136,
                      "Plans": [
                        {
                          "Node Type": "Hash Join",
                          "Parent Relationship": "Outer",
                          "Parallel Aware": true,
                          "Join Type": "Inner",
                          "Startup Cost": 60711.73,
                          "Total Cost": 87924.1,
                          "Plan Rows": 111216,
                          "Plan Width": 8,
                          "Actual Startup Time": 270.651,
                          "Actual Total Time": 358.839,
                          "Actual Rows": 12509,
                          "Actual Loops": 6,
                          "Inner Unique": true,
                          "Hash Cond": "(mk.movie_id = t.id)",
                          "Plans": [
                            {
                              "Node Type": "Bitmap Heap Scan",
                              "Parent Relationship": "Outer",
                              "Parallel Aware": true,
                              "Relation Name": "movie_keyword",
                              "Alias": "mk",
                              "Startup Cost": 11993.92,
                              "Total Cost": 38727.57,
                              "Plan Rows": 182372,
                              "Plan Width": 4,
                              "Actual Startup Time": 39.363,
                              "Actual Total Time": 97.292,
                              "Actual Rows": 94123,
                              "Actual Loops": 6,
                              "Recheck Cond": "(keyword_id > 32550)",
                              "Rows Removed by Index Recheck": 0,
                              "Exact Heap Blocks": 5296,
                              "Lossy Heap Blocks": 0,
                              "Plans": [
                                {
                                  "Node Type": "Bitmap Index Scan",
                                  "Parent Relationship": "Outer",
                                  "Parallel Aware": false,
                                  "Index Name": "keyword_id_movie_keyword",
                                  "Startup Cost": 0.0,
                                  "Total Cost": 11852.58,
                                  "Plan Rows": 565353,
                                  "Plan Width": 0,
                                  "Actual Startup Time": 35.699,
                                  "Actual Total Time": 35.699,
                                  "Actual Rows": 564738,
                                  "Actual Loops": 1,
                                  "Index Cond": "(keyword_id > 32550)"
                                }
                              ]
                            },
                            {
                              "Node Type": "Hash",
                              "Parent Relationship": "Inner",
                              "Parallel Aware": true,
                              "Startup Cost": 43899.32,
                              "Total Cost": 43899.32,
                              "Plan Rows": 385479,
                              "Plan Width": 4,
                              "Actual Startup Time": 227.516,
                              "Actual Total Time": 227.517,
                              "Actual Rows": 257211,
                              "Actual Loops": 6,
                              "Hash Buckets": 2097152,
                              "Original Hash Buckets": 2097152,
                              "Hash Batches": 1,
                              "Original Hash Batches": 1,
                              "Peak Memory Usage": 76896,
                              "Plans": [
                                {
                                  "Node Type": "Seq Scan",
                                  "Parent Relationship": "Outer",
                                  "Parallel Aware": true,
                                  "Relation Name": "title",
                                  "Alias": "t",
                                  "Startup Cost": 0.0,
                                  "Total Cost": 43899.32,
                                  "Plan Rows": 385479,
                                  "Plan Width": 4,
                                  "Actual Startup Time": 0.046,
                                  "Actual Total Time": 93.556,
                                  "Actual Rows": 257211,
                                  "Actual Loops": 6,
                                  "Filter": "(kind_id = 7)",
                                  "Rows Removed by Filter": 164175
                                }
                              ]
                            }
                          ]
                        }
                      ]
                    }
                  ]
                }
              ]
            }
          ]
        }
      ]
    },
    "Planning Time": 1.302,
    "Triggers": [],
    "Execution Time": 1126.567
  }
]