[
  {
    "Plan": {
      "Node Type": "Aggregate",
      "Strategy": "Plain",
      "Partial Mode": "Finalize",
      "Parallel Aware": false,
      "Startup Cost": 46854.04,
      "Total Cost": 46854.05,
      "Plan Rows": 1,
      "Plan Width": 8,
      "Actual Startup Time": 161.373,
      "Actual Total Time": 166.808,
      "Actual Rows": 1,
      "Actual Loops": 1,
      "Plans": [
        {
          "Node Type": "Gather",
          "Parent Relationship": "Outer",
          "Parallel Aware": false,
          "Startup Cost": 46853.72,
          "Total Cost": 46854.03,
          "Plan Rows": 3,
          "Plan Width": 8,
          "Actual Startup Time": 161.249,
          "Actual Total Time": 166.801,
          "Actual Rows": 4,
          "Actual Loops": 1,
          "Workers Planned": 3,
          "Workers Launched": 3,
          "Single Copy": false,
          "Plans": [
            {
              "Node Type": "Aggregate",
              "Strategy": "Plain",
              "Partial Mode": "Partial",
              "Parent Relationship": "Outer",
              "Parallel Aware": false,
              "Startup Cost": 45853.72,
              "Total Cost": 45853.73,
              "Plan Rows": 1,
              "Plan Width": 8,
              "Actual Startup Time": 155.256,
              "Actual Total Time": 155.257,
              "Actual Rows": 1,
              "Actual Loops": 4,
              "Plans": [
                {
                  "Node Type": "Seq Scan",
                  "Parent Relationship": "Outer",
                  "Parallel Aware": true,
                  "Relation Name": "movie_keyword",
                  "Alias": "mk",
                  "Startup Cost": 0.0,
                  "Total Cost": 42695.65,
                  "Plan Rows": 1263227,
                  "Plan Width": 0,
                  "Actual Startup Time": 0.048,
                  "Actual Total Time": 111.578,
                  "Actual Rows": 977808,
                  "Actual Loops": 4,
                  "Filter": "(keyword_id > 461)",
                  "Rows Removed by Filter": 153174
                }
              ]
            }
          ]
        }
      ]
    },
    "Planning Time": 0.042,
    "Triggers": [],
    "Execution Time": 166.826
  }
]