[
  {
    "Plan": {
      "Node Type": "Aggregate",
      "Strategy": "Plain",
      "Partial Mode": "Finalize",
      "Parallel Aware": false,
      "Startup Cost": 387372.04,
      "Total Cost": 387372.05,
      "Plan Rows": 1,
      "Plan Width": 8,
      "Actual Startup Time": 440.14,
      "Actual Total Time": 458.256,
      "Actual Rows": 1,
      "Actual Loops": 1,
      "Plans": [
        {
          "Node Type": "Gather",
          "Parent Relationship": "Outer",
          "Parallel Aware": false,
          "Startup Cost": 387371.41,
          "Total Cost": 387372.02,
          "Plan Rows": 6,
          "Plan Width": 8,
          "Actual Startup Time": 437.439,
          "Actual Total Time": 458.239,
          "Actual Rows": 7,
          "Actual Loops": 1,
          "Workers Planned": 6,
          "Workers Launched": 6,
          "Single Copy": false,
          "Plans": [
            {
              "Node Type": "Aggregate",
              "Strategy": "Plain",
              "Partial Mode": "Partial",
              "Parent Relationship": "Outer",
              "Parallel Aware": false,
              "Startup Cost": 386371.41,
              "Total Cost": 386371.42,
              "Plan Rows": 1,
              "Plan Width": 8,
              "Actual Startup Time": 425.727,
              "Actual Total Time": 425.73,
              "Actual Rows": 1,
              "Actual Loops": 7,
              "Plans": [
                {
                  "Node Type": "Hash Join",
                  "Parent Relationship": "Outer",
                  "Parallel Aware": true,
                  "Join Type": "Inner",
                  "Startup Cost": 123593.51,
                  "Total Cost": 386220.69,
                  "Plan Rows": 60290,
                  "Plan Width": 0,
                  "Actual Startup Time": 332.319,
                  "Actual Total Time": 424.186,
                  "Actual Rows": 23735,
                  "Actual Loops": 7,
                  "Inner Unique": true,
                  "Hash Cond": "(ci.movie_id = t.id)",
                  "Plans": [
                    {
                      "Node Type": "Bitmap Heap Scan",
                      "Parent Relationship": "Outer",
                      "Parallel Aware": true,
                      "Relation Name": "cast_info",
                      "Alias": "ci",
                      "Startup Cost": 78472.42,
                      "Total Cost": 340076.49,
                      "Plan Rows": 389755,
                      "Plan Width": 4,
                      "Actual Startup Time": 233.674,
                      "Actual Total Time": 287.253,
                      "Actual Rows": 147526,
                      "Actual Loops": 7,
                      "Recheck Cond": "(person_id < 353348)",
                      "Rows Removed by Index Recheck": 0,
                      "Filter": "(role_id > 1)",
                      "Rows Removed by Filter": 379498,
                      "Exact Heap Blocks": 5727,
                      "Lossy Heap Blocks": 0,
                      "Plans": [
                        {
                          "Node Type": "Bitmap Index Scan",
                          "Parent Relationship": "Outer",
                          "Parallel Aware": false,
                          "Index Name": "person_id_cast_info",
                          "Startup Cost": 0.0,
                          "Total Cost": 77887.78,
                          "Plan Rows": 3566829,
                          "Plan Width": 0,
                          "Actual Startup Time": 154.737,
                          "Actual Total Time": 154.737,
                          "Actual Rows": 3689167,
                          "Actual Loops": 1,
                          "Index Cond": "(person_id < 353348)"
                        }
                      ]
                    },
                    {
                      "Node Type": "Hash",
                      "Parent Relationship": "Inner",
                      "Parallel Aware": true,
                      "Startup Cost": 43898.92,
                      "Total Cost": 43898.92,
                      "Plan Rows": 97774,
                      "Plan Width": 4,
                      "Actual Startup Time": 96.347,
                      "Actual Total Time": 96.348,
                      "Actual Rows": 55952,
                      "Actual Loops": 7,
                      "Hash Buckets": 524288,
                      "Original Hash Buckets": 524288,
                      "Hash Batches": 1,
                      "Original Hash Batches": 1,
                      "Peak Memory Usage": 19552,
                      "Plans": [
                        {
                          "Node Type": "Seq Scan",
                          "Parent Relationship": "Outer",
                          "Parallel Aware": true,
                          "Relation Name": "title",
                          "Alias": "t",
                          "Startup Cost": 0.0,
                          "Total Cost": 43898.92,
                          "Plan Rows": 97774,
                          "Plan Width": 4,
                          "Actual Startup Time": 0.044,
                          "Actual Total Time": 71.703,
                          "Actual Rows": 55952,
                          "Actual Loops": 7,
                          "Filter": "(production_year > 2010)",
                          "Rows Removed by Filter": 305235
                        }
                      ]
                    }
                  ]
                }
              ]
            }
          ]
        }
      ]
    },
    "Planning Time": 0.626,
    "Triggers": [],
    "Execution Time": 458.355
  }
]