[
  {
    "Plan": {
      "Node Type": "Aggregate",
      "Strategy": "Plain",
      "Partial Mode": "Finalize",
      "Parallel Aware": false,
      "Startup Cost": 120776.53,
      "Total Cost": 120776.54,
      "Plan Rows": 1,
      "Plan Width": 8,
      "Actual Startup Time": 238.518,
      "Actual Total Time": 257.245,
      "Actual Rows": 1,
      "Actual Loops": 1,
      "Plans": [
        {
          "Node Type": "Gather",
          "Parent Relationship": "Outer",
          "Parallel Aware": false,
          "Startup Cost": 120776.0,
          "Total Cost": 120776.51,
          "Plan Rows": 5,
          "Plan Width": 8,
          "Actual Startup Time": 238.331,
          "Actual Total Time": 257.232,
          "Actual Rows": 6,
          "Actual Loops": 1,
          "Workers Planned": 5,
          "Workers Launched": 5,
          "Single Copy": false,
          "Plans": [
            {
              "Node Type": "Aggregate",
              "Strategy": "Plain",
              "Partial Mode": "Partial",
              "Parent Relationship": "Outer",
              "Parallel Aware": false,
              "Startup Cost": 119776.0,
              "Total Cost": 119776.01,
              "Plan Rows": 1,
              "Plan Width": 8,
              "Actual Startup Time": 231.968,
              "Actual Total Time": 231.97,
              "Actual Rows": 1,
              "Actual Loops": 6,
              "Plans": [
                {
                  "Node Type": "Index Scan",
                  "Parent Relationship": "Outer",
                  "Parallel Aware": true,
                  "Scan Direction": "Forward",
                  "Index Name": "role_id_cast_info",
                  "Relation Name": "cast_info",
                  "Alias": "ci",
                  "Startup Cost": 0.56,
                  "Total Cost": 118067.1,
                  "Plan Rows": 683560,
                  "Plan Width": 0,
                  "Actual Startup Time": 0.083,
                  "Actual Total Time": 193.445,
                  "Actual Rows": 670187,
                  "Actual Loops": 6,
                  "Index Cond": "(role_id = 10)",
                  "Rows Removed by Index Recheck": 0,
                  "Filter": "(person_id > 754688)",
                  "Rows Removed by Filter": 50316
                }
              ]
            }
          ]
        }
      ]
    },
    "Planning Time": 0.216,
    "Triggers": [],
    "Execution Time": 257.307
  }
]