[
  {
    "Plan": {
      "Node Type": "Aggregate",
      "Strategy": "Plain",
      "Partial Mode": "Finalize",
      "Parallel Aware": false,
      "Startup Cost": 77137.23,
      "Total Cost": 77137.24,
      "Plan Rows": 1,
      "Plan Width": 8,
      "Actual Startup Time": 320.38,
      "Actual Total Time": 332.296,
      "Actual Rows": 1,
      "Actual Loops": 1,
      "Plans": [
        {
          "Node Type": "Gather",
          "Parent Relationship": "Outer",
          "Parallel Aware": false,
          "Startup Cost": 77136.81,
          "Total Cost": 77137.22,
          "Plan Rows": 4,
          "Plan Width": 8,
          "Actual Startup Time": 317.447,
          "Actual Total Time": 332.284,
          "Actual Rows": 5,
          "Actual Loops": 1,
          "Workers Planned": 4,
          "Workers Launched": 4,
          "Single Copy": false,
          "Plans": [
            {
              "Node Type": "Aggregate",
              "Strategy": "Plain",
              "Partial Mode": "Partial",
              "Parent Relationship": "Outer",
              "Parallel Aware": false,
              "Startup Cost": 76136.81,
              "Total Cost": 76136.82,
              "Plan Rows": 1,
              "Plan Width": 8,
              "Actual Startup Time": 307.852,
              "Actual Total Time": 307.931,
              "Actual Rows": 1,
              "Actual Loops": 5,
              "Plans": [
                {
                  "Node Type": "Hash Join",
                  "Parent Relationship": "Outer",
                  "Parallel Aware": true,
                  "Join Type": "Inner",
                  "Startup Cost": 30361.87,
                  "Total Cost": 76007.64,
                  "Plan Rows": 51668,
                  "Plan Width": 0,
                  "Actual Startup Time": 127.974,
                  "Actual Total Time": 303.709,
                  "Actual Rows": 82211,
                  "Actual Loops": 5,
                  "Inner Unique": false,
                  "Hash Cond": "(t.id = mc.movie_id)",
                  "Plans": [
                    {
                      "Node Type": "Seq Scan",
                      "Parent Relationship": "Outer",
                      "Parallel Aware": true,
                      "Relation Name": "title",
                      "Alias": "t",
                      "Startup Cost": 0.0,
                      "Total Cost": 42318.73,
                      "Plan Rows": 632073,
                      "Plan Width": 4,
                      "Actual Startup Time": 0.014,
                      "Actual Total Time": 69.465,
                      "Actual Rows": 505662,
                      "Actual Loops": 5
                    },
                    {
                      "Node Type": "Hash",
                      "Parent Relationship": "Inner",
                      "Parallel Aware": true,
                      "Startup Cost": 29528.52,
                      "Total Cost": 29528.52,
                      "Plan Rows": 66668,
                      "Plan Width": 4,
                      "Actual Startup Time": 117.763,
                      "Actual Total Time": 117.764,
                      "Actual Rows": 82211,
                      "Actual Loops": 5,
                      "Hash Buckets": 524288,
                      "Original Hash Buckets": 262144,
                      "Hash Batches": 1,
                      "Original Hash Batches": 1,
                      "Peak Memory Usage": 22304,
                      "Plans": [
                        {
                          "Node Type": "Bitmap Heap Scan",
                          "Parent Relationship": "Outer",
                          "Parallel Aware": true,
                          "Relation Name": "movie_companies",
                          "Alias": "mc",
                          "Startup Cost": 8768.94,
                          "Total Cost": 29528.52,
                          "Plan Rows": 66668,
                          "Plan Width": 4,
                          "Actual Startup Time": 36.739,
                          "Actual Total Time": 74.121,
                          "Actual Rows": 82211,
                          "Actual Loops": 5,
                          "Recheck Cond": "(company_id > 80934)",
                          "Rows Removed by Index Recheck": 0,
                          "Filter": "(company_type_id = 2)",
                          "Rows Removed by Filter": 0,
                          "Exact Heap Blocks": 2017,
                          "Lossy Heap Blocks": 0,
                          "Plans": [
                            {
                              "Node Type": "Bitmap Index Scan",
                              "Parent Relationship": "Outer",
                              "Parallel Aware": false,
                              "Index Name": "company_id_movie_companies",
                              "Startup Cost": 0.0,
                              "Total Cost": 8717.27,
                              "Plan Rows": 407046,
                              "Plan Width": 0,
                              "Actual Startup Time": 37.487,
                              "Actual Total Time": 37.487,
                              "Actual Rows": 411054,
                              "Actual Loops": 1,
                              "Index Cond": "(company_id > 80934)"
                            }
                          ]
                        }
                      ]
                    }
                  ]
                }
              ]
            }
          ]
        }
      ]
    },
    "Planning Time": 0.658,
    "Triggers": [],
    "Execution Time": 332.402
  }
]