{
  "Plan": {
    "Node Type": "Aggregate",
    "Strategy": "Plain",
    "Partial Mode": "Finalize",
    "Parallel Aware": false,
    "Startup Cost": 62074.77,
    "Total Cost": 62074.78,
    "Plan Rows": 1,
    "Plan Width": 64,
    "Actual Startup Time": 894.495,
    "Actual Total Time": 979.917,
    "Actual Rows": 1,
    "Actual Loops": 1,
    "Plans": [
      {
        "Node Type": "Gather",
        "Parent Relationship": "Outer",
        "Parallel Aware": false,
        "Startup Cost": 62074.65,
        "Total Cost": 62074.76,
        "Plan Rows": 1,
        "Plan Width": 64,
        "Actual Startup Time": 894.487,
        "Actual Total Time": 979.909,
        "Actual Rows": 2,
        "Actual Loops": 1,
        "Workers Planned": 1,
        "Workers Launched": 1,
        "Single Copy": false,
        "Plans": [
          {
            "Node Type": "Aggregate",
            "Strategy": "Plain",
            "Partial Mode": "Partial",
            "Parent Relationship": "Outer",
            "Parallel Aware": false,
            "Startup Cost": 61074.65,
            "Total Cost": 61074.66,
            "Plan Rows": 1,
            "Plan Width": 64,
            "Actual Startup Time": 885.025,
            "Actual Total Time": 885.031,
            "Actual Rows": 1,
            "Actual Loops": 2,
            "Plans": [
              {
                "Node Type": "Merge Join",
                "Parent Relationship": "Outer",
                "Parallel Aware": false,
                "Join Type": "Inner",
                "Startup Cost": 61007.85,
                "Total Cost": 61057.96,
                "Plan Rows": 3339,
                "Plan Width": 33,
                "Actual Startup Time": 882.573,
                "Actual Total Time": 884.19,
                "Actual Rows": 9742,
                "Actual Loops": 2,
                "Inner Unique": true,
                "Merge Cond": "(mc.company_type_id = ct.id)",
                "Plans": [
                  {
                    "Node Type": "Sort",
                    "Parent Relationship": "Outer",
                    "Parallel Aware": false,
                    "Startup Cost": 61006.77,
                    "Total Cost": 61015.12,
                    "Plan Rows": 3339,
                    "Plan Width": 37,
                    "Actual Startup Time": 882.539,
                    "Actual Total Time": 882.931,
                    "Actual Rows": 9742,
                    "Actual Loops": 2,
                    "Sort Key": [
                      "mc.company_type_id"
                    ],
                    "Sort Method": "quicksort",
                    "Sort Space Used": 1998,
                    "Sort Space Type": "Memory",
                    "Workers": [
                      {
                        "Worker Number": 0,
                        "Sort Method": "quicksort",
                        "Sort Space Used": 422,
                        "Sort Space Type": "Memory"
                      }
                    ],
                    "Plans": [
                      {
                        "Node Type": "Merge Join",
                        "Parent Relationship": "Outer",
                        "Parallel Aware": false,
                        "Join Type": "Inner",
                        "Startup Cost": 60761.21,
                        "Total Cost": 60811.35,
                        "Plan Rows": 3339,
                        "Plan Width": 37,
                        "Actual Startup Time": 878.761,
                        "Actual Total Time": 880.554,
                        "Actual Rows": 9742,
                        "Actual Loops": 2,
                        "Inner Unique": true,
                        "Merge Cond": "(ci.role_id = rt.id)",
                        "Plans": [
                          {
                            "Node Type": "Sort",
                            "Parent Relationship": "Outer",
                            "Parallel Aware": false,
                            "Startup Cost": 60759.88,
                            "Total Cost": 60768.22,
                            "Plan Rows": 3339,
                            "Plan Width": 41,
                            "Actual Startup Time": 878.704,
                            "Actual Total Time": 879.178,
                            "Actual Rows": 9742,
                            "Actual Loops": 2,
                            "Sort Key": [
                              "ci.role_id"
                            ],
                            "Sort Method": "quicksort",
                            "Sort Space Used": 2062,
                            "Sort Space Type": "Memory",
                            "Workers": [
                              {
                                "Worker Number": 0,
                                "Sort Method": "quicksort",
                                "Sort Space Used": 439,
                                "Sort Space Type": "Memory"
                              }
                            ],
                            "Plans": [
                              {
                                "Node Type": "Nested Loop",
                                "Parent Relationship": "Outer",
                                "Parallel Aware": false,
                                "Join Type": "Inner",
                                "Startup Cost": 1.85,
                                "Total Cost": 60564.46,
                                "Plan Rows": 3339,
                                "Plan Width": 41,
                                "Actual Startup Time": 3.492,
                                "Actual Total Time": 874.504,
                                "Actual Rows": 9742,
                                "Actual Loops": 2,
                                "Inner Unique": true,
                                "Plans": [
                                  {
                                    "Node Type": "Nested Loop",
                                    "Parent Relationship": "Outer",
                                    "Parallel Aware": false,
                                    "Join Type": "Inner",
                                    "Startup Cost": 1.42,
                                    "Total Cost": 58833.34,
                                    "Plan Rows": 3339,
                                    "Plan Width": 29,
                                    "Actual Startup Time": 2.888,
                                    "Actual Total Time": 817.192,
                                    "Actual Rows": 45224,
                                    "Actual Loops": 2,
                                    "Inner Unique": false,
                                    "Join Filter": "(t.id = ci.movie_id)",
                                    "Rows Removed by Join Filter": 0,
                                    "Plans": [
                                      {
                                        "Node Type": "Nested Loop",
                                        "Parent Relationship": "Outer",
                                        "Parallel Aware": false,
                                        "Join Type": "Inner",
                                        "Startup Cost": 0.86,
                                        "Total Cost": 52965.5,
                                        "Plan Rows": 3139,
                                        "Plan Width": 29,
                                        "Actual Startup Time": 0.677,
                                        "Actual Total Time": 220.306,
                                        "Actual Rows": 6166,
                                        "Actual Loops": 2,
                                        "Inner Unique": true,
                                        "Plans": [
                                          {
                                            "Node Type": "Nested Loop",
                                            "Parent Relationship": "Outer",
                                            "Parallel Aware": false,
                                            "Join Type": "Inner",
                                            "Startup Cost": 0.43,
                                            "Total Cost": 45186.36,
                                            "Plan Rows": 14989,
                                            "Plan Width": 8,
                                            "Actual Startup Time": 0.197,
                                            "Actual Total Time": 70.155,
                                            "Actual Rows": 28205,
                                            "Actual Loops": 2,
                                            "Inner Unique": false,
                                            "Plans": [
                                              {
                                                "Node Type": "Seq Scan",
                                                "Parent Relationship": "Outer",
                                                "Parallel Aware": true,
                                                "Relation Name": "company_name",
                                                "Alias": "cn",
                                                "Startup Cost": 0.0,
                                                "Total Cost": 4722.92,
                                                "Plan Rows": 1350,
                                                "Plan Width": 4,
                                                "Actual Startup Time": 0.038,
                                                "Actual Total Time": 15.422,
                                                "Actual Rows": 1170,
                                                "Actual Loops": 2,
                                                "Filter": "((country_code)::text = '[nl]'::text)",
                                                "Rows Removed by Filter": 116328
                                              },
                                              {
                                                "Node Type": "Index Scan",
                                                "Parent Relationship": "Inner",
                                                "Parallel Aware": false,
                                                "Scan Direction": "Forward",
                                                "Index Name": "company_id_movie_companies",
                                                "Relation Name": "movie_companies",
                                                "Alias": "mc",
                                                "Startup Cost": 0.43,
                                                "Total Cost": 28.66,
                                                "Plan Rows": 131,
                                                "Plan Width": 12,
                                                "Actual Startup Time": 0.01,
                                                "Actual Total Time": 0.043,
                                                "Actual Rows": 24,
                                                "Actual Loops": 2340,
                                                "Index Cond": "(company_id = cn.id)",
                                                "Rows Removed by Index Recheck": 0
                                              }
                                            ]
                                          },
                                          {
                                            "Node Type": "Index Scan",
                                            "Parent Relationship": "Inner",
                                            "Parallel Aware": false,
                                            "Scan Direction": "Forward",
                                            "Index Name": "title_pkey",
                                            "Relation Name": "title",
                                            "Alias": "t",
                                            "Startup Cost": 0.43,
                                            "Total Cost": 0.52,
                                            "Plan Rows": 1,
                                            "Plan Width": 21,
                                            "Actual Startup Time": 0.005,
                                            "Actual Total Time": 0.005,
                                            "Actual Rows": 0,
                                            "Actual Loops": 56410,
                                            "Index Cond": "(id = mc.movie_id)",
                                            "Rows Removed by Index Recheck": 0,
                                            "Filter": "(production_year > 2009)",
                                            "Rows Removed by Filter": 1
                                          }
                                        ]
                                      },
                                      {
                                        "Node Type": "Index Scan",
                                        "Parent Relationship": "Inner",
                                        "Parallel Aware": false,
                                        "Scan Direction": "Forward",
                                        "Index Name": "movie_id_cast_info",
                                        "Relation Name": "cast_info",
                                        "Alias": "ci",
                                        "Startup Cost": 0.56,
                                        "Total Cost": 1.83,
                                        "Plan Rows": 3,
                                        "Plan Width": 12,
                                        "Actual Startup Time": 0.033,
                                        "Actual Total Time": 0.095,
                                        "Actual Rows": 7,
                                        "Actual Loops": 12332,
                                        "Index Cond": "(movie_id = mc.movie_id)",
                                        "Rows Removed by Index Recheck": 0,
                                        "Filter": "(note ~~ '%(as%'::text)",
                                        "Rows Removed by Filter": 58
                                      }
                                    ]
                                  },
                                  {
                                    "Node Type": "Index Scan",
                                    "Parent Relationship": "Inner",
                                    "Parallel Aware": false,
                                    "Scan Direction": "Forward",
                                    "Index Name": "char_name_pkey",
                                    "Relation Name": "char_name",
                                    "Alias": "chn",
                                    "Startup Cost": 0.43,
                                    "Total Cost": 0.52,
                                    "Plan Rows": 1,
                                    "Plan Width": 20,
                                    "Actual Startup Time": 0.001,
                                    "Actual Total Time": 0.001,
                                    "Actual Rows": 0,
                                    "Actual Loops": 90448,
                                    "Index Cond": "(id = ci.person_role_id)",
                                    "Rows Removed by Index Recheck": 0
                                  }
                                ]
                              }
                            ]
                          },
                          {
                            "Node Type": "Sort",
                            "Parent Relationship": "Inner",
                            "Parallel Aware": false,
                            "Startup Cost": 1.34,
                            "Total Cost": 1.37,
                            "Plan Rows": 12,
                            "Plan Width": 4,
                            "Actual Startup Time": 0.048,
                            "Actual Total Time": 0.049,
                            "Actual Rows": 2,
                            "Actual Loops": 2,
                            "Sort Key": [
                              "rt.id"
                            ],
                            "Sort Method": "quicksort",
                            "Sort Space Used": 25,
                            "Sort Space Type": "Memory",
                            "Workers": [
                              {
                                "Worker Number": 0,
                                "Sort Method": "quicksort",
                                "Sort Space Used": 25,
                                "Sort Space Type": "Memory"
                              }
                            ],
                            "Plans": [
                              {
                                "Node Type": "Seq Scan",
                                "Parent Relationship": "Outer",
                                "Parallel Aware": false,
                                "Relation Name": "role_type",
                                "Alias": "rt",
                                "Startup Cost": 0.0,
                                "Total Cost": 1.12,
                                "Plan Rows": 12,
                                "Plan Width": 4,
                                "Actual Startup Time": 0.033,
                                "Actual Total Time": 0.034,
                                "Actual Rows": 12,
                                "Actual Loops": 2
                              }
                            ]
                          }
                        ]
                      }
                    ]
                  },
                  {
                    "Node Type": "Sort",
                    "Parent Relationship": "Inner",
                    "Parallel Aware": false,
                    "Startup Cost": 1.08,
                    "Total Cost": 1.09,
                    "Plan Rows": 4,
                    "Plan Width": 4,
                    "Actual Startup Time": 0.029,
                    "Actual Total Time": 0.03,
                    "Actual Rows": 2,
                    "Actual Loops": 2,
                    "Sort Key": [
                      "ct.id"
                    ],
                    "Sort Method": "quicksort",
                    "Sort Space Used": 25,
                    "Sort Space Type": "Memory",
                    "Workers": [
                      {
                        "Worker Number": 0,
                        "Sort Method": "quicksort",
                        "Sort Space Used": 25,
                        "Sort Space Type": "Memory"
                      }
                    ],
                    "Plans": [
                      {
                        "Node Type": "Seq Scan",
                        "Parent Relationship": "Outer",
                        "Parallel Aware": false,
                        "Relation Name": "company_type",
                        "Alias": "ct",
                        "Startup Cost": 0.0,
                        "Total Cost": 1.04,
                        "Plan Rows": 4,
                        "Plan Width": 4,
                        "Actual Startup Time": 0.022,
                        "Actual Total Time": 0.023,
                        "Actual Rows": 4,
                        "Actual Loops": 2
                      }
                    ]
                  }
                ]
              }
            ]
          }
        ]
      }
    ]
  },
  "Planning Time": 1.897,
  "Triggers": [],
  "Execution Time": 980.103
}