{
  "Plan": {
    "Node Type": "Aggregate",
    "Strategy": "Plain",
    "Partial Mode": "Finalize",
    "Parallel Aware": false,
    "Startup Cost": 131886.26,
    "Total Cost": 131886.27,
    "Plan Rows": 1,
    "Plan Width": 8,
    "Actual Startup Time": 449.046,
    "Actual Total Time": 449.112,
    "Actual Rows": 1,
    "Actual Loops": 1,
    "Plans": [
      {
        "Node Type": "Gather",
        "Parent Relationship": "Outer",
        "Parallel Aware": false,
        "Startup Cost": 131886.15,
        "Total Cost": 131886.26,
        "Plan Rows": 1,
        "Plan Width": 8,
        "Actual Startup Time": 449.036,
        "Actual Total Time": 449.106,
        "Actual Rows": 2,
        "Actual Loops": 1,
        "Workers Planned": 1,
        "Workers Launched": 1,
        "Single Copy": false,
        "Plans": [
          {
            "Node Type": "Aggregate",
            "Strategy": "Plain",
            "Partial Mode": "Partial",
            "Parent Relationship": "Outer",
            "Parallel Aware": false,
            "Startup Cost": 130886.15,
            "Total Cost": 130886.16,
            "Plan Rows": 1,
            "Plan Width": 8,
            "Actual Startup Time": 431.634,
            "Actual Total Time": 431.636,
            "Actual Rows": 1,
            "Actual Loops": 2,
            "Plans": [
              {
                "Node Type": "Merge Join",
                "Parent Relationship": "Outer",
                "Parallel Aware": false,
                "Join Type": "Inner",
                "Startup Cost": 127185.92,
                "Total Cost": 130785.46,
                "Plan Rows": 40276,
                "Plan Width": 0,
                "Actual Startup Time": 334.754,
                "Actual Total Time": 430.217,
                "Actual Rows": 32584,
                "Actual Loops": 2,
                "Inner Unique": false,
                "Merge Cond": "(t.id = ci.movie_id)",
                "Plans": [
                  {
                    "Node Type": "Sort",
                    "Parent Relationship": "Outer",
                    "Parallel Aware": false,
                    "Startup Cost": 89682.71,
                    "Total Cost": 90536.21,
                    "Plan Rows": 341397,
                    "Plan Width": 4,
                    "Actual Startup Time": 214.072,
                    "Actual Total Time": 243.735,
                    "Actual Rows": 301248,
                    "Actual Loops": 2,
                    "Sort Key": [
                      "t.id"
                    ],
                    "Sort Method": "quicksort",
                    "Sort Space Used": 29381,
                    "Sort Space Type": "Memory",
                    "Workers": [
                      {
                        "Worker Number": 0,
                        "Sort Method": "quicksort",
                        "Sort Space Used": 17296,
                        "Sort Space Type": "Memory"
                      }
                    ],
                    "Plans": [
                      {
                        "Node Type": "Seq Scan",
                        "Parent Relationship": "Outer",
                        "Parallel Aware": true,
                        "Relation Name": "title",
                        "Alias": "t",
                        "Startup Cost": 0.0,
                        "Total Cost": 58306.47,
                        "Plan Rows": 341397,
                        "Plan Width": 4,
                        "Actual Startup Time": 0.028,
                        "Actual Total Time": 146.609,
                        "Actual Rows": 301266,
                        "Actual Loops": 2,
                        "Filter": "((kind_id > 1) AND (production_year > 2007))",
                        "Rows Removed by Filter": 962890
                      }
                    ]
                  },
                  {
                    "Node Type": "Sort",
                    "Parent Relationship": "Inner",
                    "Parallel Aware": false,
                    "Startup Cost": 37503.18,
                    "Total Cost": 38248.87,
                    "Plan Rows": 298277,
                    "Plan Width": 4,
                    "Actual Startup Time": 120.667,
                    "Actual Total Time": 144.575,
                    "Actual Rows": 316118,
                    "Actual Loops": 2,
                    "Sort Key": [
                      "ci.movie_id"
                    ],
                    "Sort Method": "quicksort",
                    "Sort Space Used": 27107,
                    "Sort Space Type": "Memory",
                    "Workers": [
                      {
                        "Worker Number": 0,
                        "Sort Method": "quicksort",
                        "Sort Space Used": 27107,
                        "Sort Space Type": "Memory"
                      }
                    ],
                    "Plans": [
                      {
                        "Node Type": "Index Scan",
                        "Parent Relationship": "Outer",
                        "Parallel Aware": false,
                        "Scan Direction": "Forward",
                        "Index Name": "role_id_cast_info",
                        "Relation Name": "cast_info",
                        "Alias": "ci",
                        "Startup Cost": 0.56,
                        "Total Cost": 10380.41,
                        "Plan Rows": 298277,
                        "Plan Width": 4,
                        "Actual Startup Time": 0.09,
                        "Actual Total Time": 47.515,
                        "Actual Rows": 316118,
                        "Actual Loops": 2,
                        "Index Cond": "(role_id > 10)",
                        "Rows Removed by Index Recheck": 0
                      }
                    ]
                  }
                ]
              }
            ]
          }
        ]
      }
    ]
  },
  "Planning Time": 0.344,
  "Triggers": [],
  "Execution Time": 449.164
}