[
  {
    "Plan": {
      "Node Type": "Aggregate",
      "Strategy": "Plain",
      "Partial Mode": "Finalize",
      "Parallel Aware": false,
      "Startup Cost": 101596.68,
      "Total Cost": 101596.69,
      "Plan Rows": 1,
      "Plan Width": 8,
      "Actual Startup Time": 409.763,
      "Actual Total Time": 430.866,
      "Actual Rows": 1,
      "Actual Loops": 1,
      "Plans": [
        {
          "Node Type": "Gather",
          "Parent Relationship": "Outer",
          "Parallel Aware": false,
          "Startup Cost": 101596.37,
          "Total Cost": 101596.68,
          "Plan Rows": 3,
          "Plan Width": 8,
          "Actual Startup Time": 409.31,
          "Actual Total Time": 430.852,
          "Actual Rows": 4,
          "Actual Loops": 1,
          "Workers Planned": 3,
          "Workers Launched": 3,
          "Single Copy": false,
          "Plans": [
            {
              "Node Type": "Aggregate",
              "Strategy": "Plain",
              "Partial Mode": "Partial",
              "Parent Relationship": "Outer",
              "Parallel Aware": false,
              "Startup Cost": 100596.37,
              "Total Cost": 100596.38,
              "Plan Rows": 1,
              "Plan Width": 8,
              "Actual Startup Time": 399.885,
              "Actual Total Time": 399.895,
              "Actual Rows": 1,
              "Actual Loops": 4,
              "Plans": [
                {
                  "Node Type": "Nested Loop",
                  "Parent Relationship": "Outer",
                  "Parallel Aware": false,
                  "Join Type": "Inner",
                  "Startup Cost": 44118.09,
                  "Total Cost": 100547.73,
                  "Plan Rows": 19454,
                  "Plan Width": 0,
                  "Actual Startup Time": 118.111,
                  "Actual Total Time": 392.279,
                  "Actual Rows": 147625,
                  "Actual Loops": 4,
                  "Inner Unique": false,
                  "Join Filter": "(t.id = mc.movie_id)",
                  "Rows Removed by Join Filter": 0,
                  "Plans": [
                    {
                      "Node Type": "Hash Join",
                      "Parent Relationship": "Outer",
                      "Parallel Aware": true,
                      "Join Type": "Inner",
                      "Startup Cost": 44117.66,
                      "Total Cost": 88604.17,
                      "Plan Rows": 18852,
                      "Plan Width": 8,
                      "Actual Startup Time": 118.04,
                      "Actual Total Time": 286.621,
                      "Actual Rows": 17872,
                      "Actual Loops": 4,
                      "Inner Unique": true,
                      "Hash Cond": "(mk.movie_id = t.id)",
                      "Plans": [
                        {
                          "Node Type": "Seq Scan",
                          "Parent Relationship": "Outer",
                          "Parallel Aware": true,
                          "Relation Name": "movie_keyword",
                          "Alias": "mk",
                          "Startup Cost": 0.0,
                          "Total Cost": 42695.65,
                          "Plan Rows": 682231,
                          "Plan Width": 4,
                          "Actual Startup Time": 0.032,
                          "Actual Total Time": 117.323,
                          "Actual Rows": 530671,
                          "Actual Loops": 4,
                          "Filter": "(keyword_id < 3908)",
                          "Rows Removed by Filter": 600312
                        },
                        {
                          "Node Type": "Hash",
                          "Parent Relationship": "Inner",
                          "Parallel Aware": true,
                          "Startup Cost": 43899.32,
                          "Total Cost": 43899.32,
                          "Plan Rows": 17467,
                          "Plan Width": 4,
                          "Actual Startup Time": 116.088,
                          "Actual Total Time": 116.088,
                          "Actual Rows": 16944,
                          "Actual Loops": 4,
                          "Hash Buckets": 131072,
                          "Original Hash Buckets": 131072,
                          "Hash Batches": 1,
                          "Original Hash Batches": 1,
                          "Peak Memory Usage": 3744,
                          "Plans": [
                            {
                              "Node Type": "Seq Scan",
                              "Parent Relationship": "Outer",
                              "Parallel Aware": true,
                              "Relation Name": "title",
                              "Alias": "t",
                              "Startup Cost": 0.0,
                              "Total Cost": 43899.32,
                              "Plan Rows": 17467,
                              "Plan Width": 4,
                              "Actual Startup Time": 0.078,
                              "Actual Total Time": 107.04,
                              "Actual Rows": 16944,
                              "Actual Loops": 4,
                              "Filter": "(production_year = 2003)",
                              "Rows Removed by Filter": 615134
                            }
                          ]
                        }
                      ]
                    },
                    {
                      "Node Type": "Index Only Scan",
                      "Parent Relationship": "Inner",
                      "Parallel Aware": false,
                      "Scan Direction": "Forward",
                      "Index Name": "movie_id_movie_companies",
                      "Relation Name": "movie_companies",
                      "Alias": "mc",
                      "Startup Cost": 0.43,
                      "Total Cost": 0.57,
                      "Plan Rows": 5,
                      "Plan Width": 4,
                      "Actual Startup Time": 0.003,
                      "Actual Total Time": 0.005,
                      "Actual Rows": 8,
                      "Actual Loops": 71490,
                      "Index Cond": "(movie_id = mk.movie_id)",
                      "Rows Removed by Index Recheck": 0,
                      "Heap Fetches": 590501
                    }
                  ]
                }
              ]
            }
          ]
        }
      ]
    },
    "Planning Time": 1.462,
    "Triggers": [],
    "Execution Time": 430.952
  }
]