[
  {
    "Plan": {
      "Node Type": "Aggregate",
      "Strategy": "Plain",
      "Partial Mode": "Finalize",
      "Parallel Aware": false,
      "Startup Cost": 33193.1,
      "Total Cost": 33193.11,
      "Plan Rows": 1,
      "Plan Width": 8,
      "Actual Startup Time": 108.094,
      "Actual Total Time": 115.832,
      "Actual Rows": 1,
      "Actual Loops": 1,
      "Plans": [
        {
          "Node Type": "Gather",
          "Parent Relationship": "Outer",
          "Parallel Aware": false,
          "Startup Cost": 33192.78,
          "Total Cost": 33193.09,
          "Plan Rows": 3,
          "Plan Width": 8,
          "Actual Startup Time": 107.967,
          "Actual Total Time": 115.82,
          "Actual Rows": 4,
          "Actual Loops": 1,
          "Workers Planned": 3,
          "Workers Launched": 3,
          "Single Copy": false,
          "Plans": [
            {
              "Node Type": "Aggregate",
              "Strategy": "Plain",
              "Partial Mode": "Partial",
              "Parent Relationship": "Outer",
              "Parallel Aware": false,
              "Startup Cost": 32192.78,
              "Total Cost": 32192.79,
              "Plan Rows": 1,
              "Plan Width": 8,
              "Actual Startup Time": 100.353,
              "Actual Total Time": 100.354,
              "Actual Rows": 1,
              "Actual Loops": 4,
              "Plans": [
                {
                  "Node Type": "Seq Scan",
                  "Parent Relationship": "Outer",
                  "Parallel Aware": true,
                  "Relation Name": "movie_companies",
                  "Alias": "mc",
                  "Startup Cost": 0.0,
                  "Total Cost": 31414.82,
                  "Plan Rows": 311185,
                  "Plan Width": 0,
                  "Actual Startup Time": 0.356,
                  "Actual Total Time": 88.843,
                  "Actual Rows": 202022,
                  "Actual Loops": 4,
                  "Filter": "((company_id > 868) AND (company_type_id < 2))",
                  "Rows Removed by Filter": 450260
                }
              ]
            }
          ]
        }
      ]
    },
    "Planning Time": 0.226,
    "Triggers": [],
    "Execution Time": 115.9
  }
]