[
    {
        "Bao": {
            "Bao prediction": "NaN",
            "Bao recommended hint": "(no hint)"
        }
    },
    {
        "Plan": {
            "Node Type": "Aggregate",
            "Strategy": "Plain",
            "Partial Mode": "Finalize",
            "Parallel Aware": false,
            "Startup Cost": 31138.29,
            "Total Cost": 31138.3,
            "Plan Rows": 1,
            "Plan Width": 8,
            "Actual Startup Time": 93.031,
            "Actual Total Time": 99.065,
            "Actual Rows": 1,
            "Actual Loops": 1,
            "Output": [
                "count(*)"
            ],
            "Plans": [
                {
                    "Node Type": "Gather",
                    "Parent Relationship": "Outer",
                    "Parallel Aware": false,
                    "Startup Cost": 31137.97,
                    "Total Cost": 31138.28,
                    "Plan Rows": 3,
                    "Plan Width": 8,
                    "Actual Startup Time": 92.892,
                    "Actual Total Time": 99.058,
                    "Actual Rows": 4,
                    "Actual Loops": 1,
                    "Output": [
                        "(PARTIAL count(*))"
                    ],
                    "Workers Planned": 3,
                    "Workers Launched": 3,
                    "Single Copy": false,
                    "Plans": [
                        {
                            "Node Type": "Aggregate",
                            "Strategy": "Plain",
                            "Partial Mode": "Partial",
                            "Parent Relationship": "Outer",
                            "Parallel Aware": false,
                            "Startup Cost": 30137.97,
                            "Total Cost": 30137.98,
                            "Plan Rows": 1,
                            "Plan Width": 8,
                            "Actual Startup Time": 84.791,
                            "Actual Total Time": 84.792,
                            "Actual Rows": 1,
                            "Actual Loops": 4,
                            "Output": [
                                "PARTIAL count(*)"
                            ],
                            "Workers": [
                                {
                                    "Worker Number": 0,
                                    "Actual Startup Time": 81.609,
                                    "Actual Total Time": 81.61,
                                    "Actual Rows": 1,
                                    "Actual Loops": 1
                                },
                                {
                                    "Worker Number": 1,
                                    "Actual Startup Time": 82.392,
                                    "Actual Total Time": 82.393,
                                    "Actual Rows": 1,
                                    "Actual Loops": 1
                                },
                                {
                                    "Worker Number": 2,
                                    "Actual Startup Time": 82.587,
                                    "Actual Total Time": 82.589,
                                    "Actual Rows": 1,
                                    "Actual Loops": 1
                                }
                            ],
                            "Plans": [
                                {
                                    "Node Type": "Seq Scan",
                                    "Parent Relationship": "Outer",
                                    "Parallel Aware": true,
                                    "Relation Name": "movie_companies",
                                    "Schema": "public",
                                    "Alias": "mc",
                                    "Startup Cost": 0.0,
                                    "Total Cost": 29310.68,
                                    "Plan Rows": 330917,
                                    "Plan Width": 0,
                                    "Actual Startup Time": 0.057,
                                    "Actual Total Time": 70.077,
                                    "Actual Rows": 256722,
                                    "Actual Loops": 4,
                                    "Output": [
                                        "id",
                                        "movie_id",
                                        "company_id",
                                        "company_type_id",
                                        "note"
                                    ],
                                    "Filter": "(mc.company_id < 5593)",
                                    "Rows Removed by Filter": 395561,
                                    "Workers": [
                                        {
                                            "Worker Number": 0,
                                            "Actual Startup Time": 0.084,
                                            "Actual Total Time": 68.555,
                                            "Actual Rows": 196602,
                                            "Actual Loops": 1
                                        },
                                        {
                                            "Worker Number": 1,
                                            "Actual Startup Time": 0.062,
                                            "Actual Total Time": 68.952,
                                            "Actual Rows": 212782,
                                            "Actual Loops": 1
                                        },
                                        {
                                            "Worker Number": 2,
                                            "Actual Startup Time": 0.066,
                                            "Actual Total Time": 69.147,
                                            "Actual Rows": 214111,
                                            "Actual Loops": 1
                                        }
                                    ]
                                }
                            ]
                        }
                    ]
                }
            ]
        },
        "Planning Time": 232.15,
        "Triggers": [],
        "Execution Time": 99.111
    }
]