[
  {
    "Plan": {
      "Node Type": "Aggregate",
      "Strategy": "Plain",
      "Partial Mode": "Simple",
      "Parallel Aware": false,
      "Startup Cost": 82290.6,
      "Total Cost": 82290.61,
      "Plan Rows": 1,
      "Plan Width": 8,
      "Actual Startup Time": 28.019,
      "Actual Total Time": 28.021,
      "Actual Rows": 1,
      "Actual Loops": 1,
      "Plans": [
        {
          "Node Type": "Bitmap Heap Scan",
          "Parent Relationship": "Outer",
          "Parallel Aware": false,
          "Relation Name": "movie_info",
          "Alias": "mi",
          "Startup Cost": 600.32,
          "Total Cost": 82208.05,
          "Plan Rows": 33017,
          "Plan Width": 0,
          "Actual Startup Time": 6.36,
          "Actual Total Time": 23.875,
          "Actual Rows": 32053,
          "Actual Loops": 1,
          "Recheck Cond": "(info_type_id > 108)",
          "Rows Removed by Index Recheck": 0,
          "Exact Heap Blocks": 3651,
          "Lossy Heap Blocks": 0,
          "Plans": [
            {
              "Node Type": "Bitmap Index Scan",
              "Parent Relationship": "Outer",
              "Parallel Aware": false,
              "Index Name": "info_type_id_movie_info",
              "Startup Cost": 0.0,
              "Total Cost": 592.06,
              "Plan Rows": 33017,
              "Plan Width": 0,
              "Actual Startup Time": 4.685,
              "Actual Total Time": 4.685,
              "Actual Rows": 32053,
              "Actual Loops": 1,
              "Index Cond": "(info_type_id > 108)"
            }
          ]
        }
      ]
    },
    "Planning Time": 0.145,
    "Triggers": [],
    "Execution Time": 28.078
  }
]