[
  {
    "Plan": {
      "Node Type": "Aggregate",
      "Strategy": "Plain",
      "Partial Mode": "Finalize",
      "Parallel Aware": false,
      "Startup Cost": 30741.8,
      "Total Cost": 30741.81,
      "Plan Rows": 1,
      "Plan Width": 8,
      "Actual Startup Time": 86.269,
      "Actual Total Time": 93.924,
      "Actual Rows": 1,
      "Actual Loops": 1,
      "Plans": [
        {
          "Node Type": "Gather",
          "Parent Relationship": "Outer",
          "Parallel Aware": false,
          "Startup Cost": 30741.48,
          "Total Cost": 30741.79,
          "Plan Rows": 3,
          "Plan Width": 8,
          "Actual Startup Time": 86.185,
          "Actual Total Time": 93.917,
          "Actual Rows": 4,
          "Actual Loops": 1,
          "Workers Planned": 3,
          "Workers Launched": 3,
          "Single Copy": false,
          "Plans": [
            {
              "Node Type": "Aggregate",
              "Strategy": "Plain",
              "Partial Mode": "Partial",
              "Parent Relationship": "Outer",
              "Parallel Aware": false,
              "Startup Cost": 29741.48,
              "Total Cost": 29741.49,
              "Plan Rows": 1,
              "Plan Width": 8,
              "Actual Startup Time": 80.436,
              "Actual Total Time": 80.437,
              "Actual Rows": 1,
              "Actual Loops": 4,
              "Plans": [
                {
                  "Node Type": "Seq Scan",
                  "Parent Relationship": "Outer",
                  "Parallel Aware": true,
                  "Relation Name": "movie_companies",
                  "Alias": "mc",
                  "Startup Cost": 0.0,
                  "Total Cost": 29310.68,
                  "Plan Rows": 172321,
                  "Plan Width": 0,
                  "Actual Startup Time": 45.529,
                  "Actual Total Time": 74.905,
                  "Actual Rows": 135988,
                  "Actual Loops": 4,
                  "Filter": "(company_id > 72073)",
                  "Rows Removed by Filter": 516294
                }
              ]
            }
          ]
        }
      ]
    },
    "Planning Time": 0.183,
    "Triggers": [],
    "Execution Time": 93.978
  }
]