[
  {
    "Plan": {
      "Node Type": "Aggregate",
      "Strategy": "Plain",
      "Partial Mode": "Finalize",
      "Parallel Aware": false,
      "Startup Cost": 251300.63,
      "Total Cost": 251300.64,
      "Plan Rows": 1,
      "Plan Width": 8,
      "Actual Startup Time": 2072.941,
      "Actual Total Time": 2135.907,
      "Actual Rows": 1,
      "Actual Loops": 1,
      "Plans": [
        {
          "Node Type": "Gather",
          "Parent Relationship": "Outer",
          "Parallel Aware": false,
          "Startup Cost": 251300.31,
          "Total Cost": 251300.62,
          "Plan Rows": 3,
          "Plan Width": 8,
          "Actual Startup Time": 2071.878,
          "Actual Total Time": 2135.897,
          "Actual Rows": 4,
          "Actual Loops": 1,
          "Workers Planned": 3,
          "Workers Launched": 3,
          "Single Copy": false,
          "Plans": [
            {
              "Node Type": "Aggregate",
              "Strategy": "Plain",
              "Partial Mode": "Partial",
              "Parent Relationship": "Outer",
              "Parallel Aware": false,
              "Startup Cost": 250300.31,
              "Total Cost": 250300.32,
              "Plan Rows": 1,
              "Plan Width": 8,
              "Actual Startup Time": 2066.292,
              "Actual Total Time": 2066.295,
              "Actual Rows": 1,
              "Actual Loops": 4,
              "Plans": [
                {
                  "Node Type": "Nested Loop",
                  "Parent Relationship": "Outer",
                  "Parallel Aware": false,
                  "Join Type": "Inner",
                  "Startup Cost": 44330.59,
                  "Total Cost": 247570.87,
                  "Plan Rows": 1091774,
                  "Plan Width": 0,
                  "Actual Startup Time": 104.514,
                  "Actual Total Time": 1941.238,
                  "Actual Rows": 2757512,
                  "Actual Loops": 4,
                  "Inner Unique": false,
                  "Join Filter": "(t.id = ci.movie_id)",
                  "Rows Removed by Join Filter": 0,
                  "Plans": [
                    {
                      "Node Type": "Hash Join",
                      "Parent Relationship": "Outer",
                      "Parallel Aware": true,
                      "Join Type": "Inner",
                      "Startup Cost": 44330.02,
                      "Total Cost": 87208.1,
                      "Plan Rows": 79547,
                      "Plan Width": 8,
                      "Actual Startup Time": 104.394,
                      "Actual Total Time": 300.424,
                      "Actual Rows": 96125,
                      "Actual Loops": 4,
                      "Inner Unique": true,
                      "Hash Cond": "(mk.movie_id = t.id)",
                      "Plans": [
                        {
                          "Node Type": "Seq Scan",
                          "Parent Relationship": "Outer",
                          "Parallel Aware": true,
                          "Relation Name": "movie_keyword",
                          "Alias": "mk",
                          "Startup Cost": 0.0,
                          "Total Cost": 39047.32,
                          "Plan Rows": 1459332,
                          "Plan Width": 4,
                          "Actual Startup Time": 0.025,
                          "Actual Total Time": 86.858,
                          "Actual Rows": 1130982,
                          "Actual Loops": 4
                        },
                        {
                          "Node Type": "Hash",
                          "Parent Relationship": "Inner",
                          "Parallel Aware": true,
                          "Startup Cost": 43899.32,
                          "Total Cost": 43899.32,
                          "Plan Rows": 34456,
                          "Plan Width": 4,
                          "Actual Startup Time": 99.367,
                          "Actual Total Time": 99.368,
                          "Actual Rows": 36930,
                          "Actual Loops": 4,
                          "Hash Buckets": 262144,
                          "Original Hash Buckets": 262144,
                          "Hash Batches": 1,
                          "Original Hash Batches": 1,
                          "Peak Memory Usage": 7872,
                          "Plans": [
                            {
                              "Node Type": "Seq Scan",
                              "Parent Relationship": "Outer",
                              "Parallel Aware": true,
                              "Relation Name": "title",
                              "Alias": "t",
                              "Startup Cost": 0.0,
                              "Total Cost": 43899.32,
                              "Plan Rows": 34456,
                              "Plan Width": 4,
                              "Actual Startup Time": 3.988,
                              "Actual Total Time": 87.813,
                              "Actual Rows": 36930,
                              "Actual Loops": 4,
                              "Filter": "(production_year < 1943)",
                              "Rows Removed by Filter": 595148
                            }
                          ]
                        }
                      ]
                    },
                    {
                      "Node Type": "Index Scan",
                      "Parent Relationship": "Inner",
                      "Parallel Aware": false,
                      "Scan Direction": "Forward",
                      "Index Name": "movie_id_cast_info",
                      "Relation Name": "cast_info",
                      "Alias": "ci",
                      "Startup Cost": 0.56,
                      "Total Cost": 1.6,
                      "Plan Rows": 33,
                      "Plan Width": 4,
                      "Actual Startup Time": 0.003,
                      "Actual Total Time": 0.014,
                      "Actual Rows": 29,
                      "Actual Loops": 384499,
                      "Index Cond": "(movie_id = mk.movie_id)",
                      "Rows Removed by Index Recheck": 0,
                      "Filter": "(person_id > 159128)",
                      "Rows Removed by Filter": 2
                    }
                  ]
                }
              ]
            }
          ]
        }
      ]
    },
    "Planning Time": 1.038,
    "Triggers": [],
    "Execution Time": 2135.978
  }
]