{
  "Plan": {
    "Node Type": "Aggregate",
    "Strategy": "Plain",
    "Partial Mode": "Finalize",
    "Parallel Aware": false,
    "Startup Cost": 134390.7,
    "Total Cost": 134390.71,
    "Plan Rows": 1,
    "Plan Width": 8,
    "Actual Startup Time": 934.711,
    "Actual Total Time": 955.886,
    "Actual Rows": 1,
    "Actual Loops": 1,
    "Plans": [
      {
        "Node Type": "Gather",
        "Parent Relationship": "Outer",
        "Parallel Aware": false,
        "Startup Cost": 134390.59,
        "Total Cost": 134390.7,
        "Plan Rows": 1,
        "Plan Width": 8,
        "Actual Startup Time": 929.206,
        "Actual Total Time": 955.879,
        "Actual Rows": 2,
        "Actual Loops": 1,
        "Workers Planned": 1,
        "Workers Launched": 1,
        "Single Copy": false,
        "Plans": [
          {
            "Node Type": "Aggregate",
            "Strategy": "Plain",
            "Partial Mode": "Partial",
            "Parent Relationship": "Outer",
            "Parallel Aware": false,
            "Startup Cost": 133390.59,
            "Total Cost": 133390.6,
            "Plan Rows": 1,
            "Plan Width": 8,
            "Actual Startup Time": 922.866,
            "Actual Total Time": 922.872,
            "Actual Rows": 1,
            "Actual Loops": 2,
            "Plans": [
              {
                "Node Type": "Hash Join",
                "Parent Relationship": "Outer",
                "Parallel Aware": true,
                "Join Type": "Inner",
                "Startup Cost": 112927.59,
                "Total Cost": 132983.2,
                "Plan Rows": 162954,
                "Plan Width": 0,
                "Actual Startup Time": 741.225,
                "Actual Total Time": 902.231,
                "Actual Rows": 522538,
                "Actual Loops": 2,
                "Inner Unique": false,
                "Hash Cond": "(mi_idx.movie_id = t.id)",
                "Plans": [
                  {
                    "Node Type": "Seq Scan",
                    "Parent Relationship": "Outer",
                    "Parallel Aware": true,
                    "Relation Name": "movie_info_idx",
                    "Alias": "mi_idx",
                    "Startup Cost": 0.0,
                    "Total Cost": 16052.85,
                    "Plan Rows": 811785,
                    "Plan Width": 4,
                    "Actual Startup Time": 0.02,
                    "Actual Total Time": 48.521,
                    "Actual Rows": 690018,
                    "Actual Loops": 2
                  },
                  {
                    "Node Type": "Hash",
                    "Parent Relationship": "Inner",
                    "Parallel Aware": true,
                    "Startup Cost": 109195.83,
                    "Total Cost": 109195.83,
                    "Plan Rows": 298541,
                    "Plan Width": 8,
                    "Actual Startup Time": 735.397,
                    "Actual Total Time": 735.401,
                    "Actual Rows": 258662,
                    "Actual Loops": 2,
                    "Hash Buckets": 524288,
                    "Original Hash Buckets": 524288,
                    "Hash Batches": 1,
                    "Original Hash Batches": 1,
                    "Peak Memory Usage": 24352,
                    "Plans": [
                      {
                        "Node Type": "Hash Join",
                        "Parent Relationship": "Outer",
                        "Parallel Aware": true,
                        "Join Type": "Inner",
                        "Startup Cost": 80226.4,
                        "Total Cost": 109195.83,
                        "Plan Rows": 298541,
                        "Plan Width": 8,
                        "Actual Startup Time": 535.116,
                        "Actual Total Time": 683.66,
                        "Actual Rows": 258662,
                        "Actual Loops": 2,
                        "Inner Unique": true,
                        "Hash Cond": "(mk.movie_id = t.id)",
                        "Plans": [
                          {
                            "Node Type": "Bitmap Heap Scan",
                            "Parent Relationship": "Outer",
                            "Parallel Aware": true,
                            "Relation Name": "movie_keyword",
                            "Alias": "mk",
                            "Startup Cost": 10765.7,
                            "Total Cost": 38951.46,
                            "Plan Rows": 298541,
                            "Plan Width": 4,
                            "Actual Startup Time": 28.92,
                            "Actual Total Time": 91.237,
                            "Actual Rows": 258662,
                            "Actual Loops": 2,
                            "Recheck Cond": "(keyword_id < 377)",
                            "Rows Removed by Index Recheck": 0,
                            "Exact Heap Blocks": 12366,
                            "Lossy Heap Blocks": 0,
                            "Plans": [
                              {
                                "Node Type": "Bitmap Index Scan",
                                "Parent Relationship": "Outer",
                                "Parallel Aware": false,
                                "Index Name": "keyword_id_movie_keyword",
                                "Startup Cost": 0.0,
                                "Total Cost": 10638.83,
                                "Plan Rows": 507519,
                                "Plan Width": 0,
                                "Actual Startup Time": 25.401,
                                "Actual Total Time": 25.401,
                                "Actual Rows": 517323,
                                "Actual Loops": 1,
                                "Index Cond": "(keyword_id < 377)"
                              }
                            ]
                          },
                          {
                            "Node Type": "Hash",
                            "Parent Relationship": "Inner",
                            "Parallel Aware": true,
                            "Startup Cost": 50870.31,
                            "Total Cost": 50870.31,
                            "Plan Rows": 1487231,
                            "Plan Width": 4,
                            "Actual Startup Time": 488.573,
                            "Actual Total Time": 488.574,
                            "Actual Rows": 1264156,
                            "Actual Loops": 2,
                            "Hash Buckets": 4194304,
                            "Original Hash Buckets": 4194304,
                            "Hash Batches": 1,
                            "Original Hash Batches": 1,
                            "Peak Memory Usage": 131712,
                            "Plans": [
                              {
                                "Node Type": "Seq Scan",
                                "Parent Relationship": "Outer",
                                "Parallel Aware": true,
                                "Relation Name": "title",
                                "Alias": "t",
                                "Startup Cost": 0.0,
                                "Total Cost": 50870.31,
                                "Plan Rows": 1487231,
                                "Plan Width": 4,
                                "Actual Startup Time": 0.036,
                                "Actual Total Time": 145.575,
                                "Actual Rows": 1264156,
                                "Actual Loops": 2
                              }
                            ]
                          }
                        ]
                      }
                    ]
                  }
                ]
              }
            ]
          }
        ]
      }
    ]
  },
  "Planning Time": 0.935,
  "Triggers": [],
  "Execution Time": 955.983
}