[
  {
    "Plan": {
      "Node Type": "Aggregate",
      "Strategy": "Plain",
      "Partial Mode": "Finalize",
      "Parallel Aware": false,
      "Startup Cost": 46502.05,
      "Total Cost": 46502.06,
      "Plan Rows": 1,
      "Plan Width": 8,
      "Actual Startup Time": 99.443,
      "Actual Total Time": 111.997,
      "Actual Rows": 1,
      "Actual Loops": 1,
      "Plans": [
        {
          "Node Type": "Gather",
          "Parent Relationship": "Outer",
          "Parallel Aware": false,
          "Startup Cost": 46501.63,
          "Total Cost": 46502.04,
          "Plan Rows": 4,
          "Plan Width": 8,
          "Actual Startup Time": 99.298,
          "Actual Total Time": 111.985,
          "Actual Rows": 5,
          "Actual Loops": 1,
          "Workers Planned": 4,
          "Workers Launched": 4,
          "Single Copy": false,
          "Plans": [
            {
              "Node Type": "Aggregate",
              "Strategy": "Plain",
              "Partial Mode": "Partial",
              "Parent Relationship": "Outer",
              "Parallel Aware": false,
              "Startup Cost": 45501.63,
              "Total Cost": 45501.64,
              "Plan Rows": 1,
              "Plan Width": 8,
              "Actual Startup Time": 90.361,
              "Actual Total Time": 90.362,
              "Actual Rows": 1,
              "Actual Loops": 5,
              "Plans": [
                {
                  "Node Type": "Seq Scan",
                  "Parent Relationship": "Outer",
                  "Parallel Aware": true,
                  "Relation Name": "title",
                  "Alias": "t",
                  "Startup Cost": 0.0,
                  "Total Cost": 45479.1,
                  "Plan Rows": 9014,
                  "Plan Width": 0,
                  "Actual Startup Time": 58.653,
                  "Actual Total Time": 88.733,
                  "Actual Rows": 27686,
                  "Actual Loops": 5,
                  "Filter": "((production_year < 1939) AND (kind_id = 1))",
                  "Rows Removed by Filter": 477977
                }
              ]
            }
          ]
        }
      ]
    },
    "Planning Time": 0.193,
    "Triggers": [],
    "Execution Time": 112.06
  }
]