{
  "Plan": {
    "Node Type": "Aggregate",
    "Strategy": "Plain",
    "Partial Mode": "Finalize",
    "Parallel Aware": false,
    "Startup Cost": 480027.39,
    "Total Cost": 480027.4,
    "Plan Rows": 1,
    "Plan Width": 8,
    "Actual Startup Time": 2098.67,
    "Actual Total Time": 2139.599,
    "Actual Rows": 1,
    "Actual Loops": 1,
    "Plans": [
      {
        "Node Type": "Gather",
        "Parent Relationship": "Outer",
        "Parallel Aware": false,
        "Startup Cost": 480027.27,
        "Total Cost": 480027.38,
        "Plan Rows": 1,
        "Plan Width": 8,
        "Actual Startup Time": 2087.803,
        "Actual Total Time": 2139.589,
        "Actual Rows": 2,
        "Actual Loops": 1,
        "Workers Planned": 1,
        "Workers Launched": 1,
        "Single Copy": false,
        "Plans": [
          {
            "Node Type": "Aggregate",
            "Strategy": "Plain",
            "Partial Mode": "Partial",
            "Parent Relationship": "Outer",
            "Parallel Aware": false,
            "Startup Cost": 479027.27,
            "Total Cost": 479027.28,
            "Plan Rows": 1,
            "Plan Width": 8,
            "Actual Startup Time": 2076.24,
            "Actual Total Time": 2078.004,
            "Actual Rows": 1,
            "Actual Loops": 2,
            "Plans": [
              {
                "Node Type": "Hash Join",
                "Parent Relationship": "Outer",
                "Parallel Aware": true,
                "Join Type": "Inner",
                "Startup Cost": 195967.88,
                "Total Cost": 475945.55,
                "Plan Rows": 1232688,
                "Plan Width": 0,
                "Actual Startup Time": 1303.325,
                "Actual Total Time": 1932.835,
                "Actual Rows": 3510908,
                "Actual Loops": 2,
                "Inner Unique": false,
                "Hash Cond": "(ci.movie_id = t.id)",
                "Plans": [
                  {
                    "Node Type": "Bitmap Heap Scan",
                    "Parent Relationship": "Outer",
                    "Parallel Aware": true,
                    "Relation Name": "cast_info",
                    "Alias": "ci",
                    "Startup Cost": 46304.02,
                    "Total Cost": 314406.07,
                    "Plan Rows": 1233204,
                    "Plan Width": 4,
                    "Actual Startup Time": 75.16,
                    "Actual Total Time": 182.142,
                    "Actual Rows": 1048275,
                    "Actual Loops": 2,
                    "Recheck Cond": "(person_id < 205664)",
                    "Rows Removed by Index Recheck": 0,
                    "Exact Heap Blocks": 11128,
                    "Lossy Heap Blocks": 0,
                    "Plans": [
                      {
                        "Node Type": "Bitmap Index Scan",
                        "Parent Relationship": "Outer",
                        "Parallel Aware": false,
                        "Index Name": "person_id_cast_info",
                        "Startup Cost": 0.0,
                        "Total Cost": 45779.91,
                        "Plan Rows": 2096446,
                        "Plan Width": 0,
                        "Actual Startup Time": 71.891,
                        "Actual Total Time": 71.892,
                        "Actual Rows": 2096550,
                        "Actual Loops": 1,
                        "Index Cond": "(person_id < 205664)"
                      }
                    ]
                  },
                  {
                    "Node Type": "Hash",
                    "Parent Relationship": "Inner",
                    "Parallel Aware": true,
                    "Startup Cost": 131081.25,
                    "Total Cost": 131081.25,
                    "Plan Rows": 1486609,
                    "Plan Width": 8,
                    "Actual Startup Time": 1206.46,
                    "Actual Total Time": 1208.214,
                    "Actual Rows": 1265283,
                    "Actual Loops": 2,
                    "Hash Buckets": 4194304,
                    "Original Hash Buckets": 4194304,
                    "Hash Batches": 1,
                    "Original Hash Batches": 1,
                    "Peak Memory Usage": 131776,
                    "Plans": [
                      {
                        "Node Type": "Hash Join",
                        "Parent Relationship": "Outer",
                        "Parallel Aware": true,
                        "Join Type": "Inner",
                        "Startup Cost": 69460.7,
                        "Total Cost": 131081.25,
                        "Plan Rows": 1486609,
                        "Plan Width": 8,
                        "Actual Startup Time": 515.996,
                        "Actual Total Time": 963.827,
                        "Actual Rows": 1265283,
                        "Actual Loops": 2,
                        "Inner Unique": true,
                        "Hash Cond": "(mk.movie_id = t.id)",
                        "Plans": [
                          {
                            "Node Type": "Seq Scan",
                            "Parent Relationship": "Outer",
                            "Parallel Aware": true,
                            "Relation Name": "movie_keyword",
                            "Alias": "mk",
                            "Startup Cost": 0.0,
                            "Total Cost": 57718.19,
                            "Plan Rows": 1486609,
                            "Plan Width": 4,
                            "Actual Startup Time": 0.017,
                            "Actual Total Time": 203.094,
                            "Actual Rows": 1265283,
                            "Actual Loops": 2,
                            "Filter": "(keyword_id < 6291)",
                            "Rows Removed by Filter": 996682
                          },
                          {
                            "Node Type": "Hash",
                            "Parent Relationship": "Inner",
                            "Parallel Aware": true,
                            "Startup Cost": 50870.31,
                            "Total Cost": 50870.31,
                            "Plan Rows": 1487231,
                            "Plan Width": 4,
                            "Actual Startup Time": 503.218,
                            "Actual Total Time": 503.22,
                            "Actual Rows": 1264156,
                            "Actual Loops": 2,
                            "Hash Buckets": 4194304,
                            "Original Hash Buckets": 4194304,
                            "Hash Batches": 1,
                            "Original Hash Batches": 1,
                            "Peak Memory Usage": 131712,
                            "Plans": [
                              {
                                "Node Type": "Seq Scan",
                                "Parent Relationship": "Outer",
                                "Parallel Aware": true,
                                "Relation Name": "title",
                                "Alias": "t",
                                "Startup Cost": 0.0,
                                "Total Cost": 50870.31,
                                "Plan Rows": 1487231,
                                "Plan Width": 4,
                                "Actual Startup Time": 0.03,
                                "Actual Total Time": 154.641,
                                "Actual Rows": 1264156,
                                "Actual Loops": 2
                              }
                            ]
                          }
                        ]
                      }
                    ]
                  }
                ]
              }
            ]
          }
        ]
      }
    ]
  },
  "Planning Time": 1.124,
  "Triggers": [],
  "Execution Time": 2139.719
}