[
  {
    "Plan": {
      "Node Type": "Aggregate",
      "Strategy": "Plain",
      "Partial Mode": "Finalize",
      "Parallel Aware": false,
      "Startup Cost": 371247.87,
      "Total Cost": 371247.88,
      "Plan Rows": 1,
      "Plan Width": 8,
      "Actual Startup Time": 566.691,
      "Actual Total Time": 631.727,
      "Actual Rows": 1,
      "Actual Loops": 1,
      "Plans": [
        {
          "Node Type": "Gather",
          "Parent Relationship": "Outer",
          "Parallel Aware": false,
          "Startup Cost": 371247.45,
          "Total Cost": 371247.86,
          "Plan Rows": 4,
          "Plan Width": 8,
          "Actual Startup Time": 566.68,
          "Actual Total Time": 631.717,
          "Actual Rows": 5,
          "Actual Loops": 1,
          "Workers Planned": 4,
          "Workers Launched": 4,
          "Single Copy": false,
          "Plans": [
            {
              "Node Type": "Aggregate",
              "Strategy": "Plain",
              "Partial Mode": "Partial",
              "Parent Relationship": "Outer",
              "Parallel Aware": false,
              "Startup Cost": 370247.45,
              "Total Cost": 370247.46,
              "Plan Rows": 1,
              "Plan Width": 8,
              "Actual Startup Time": 560.909,
              "Actual Total Time": 560.911,
              "Actual Rows": 1,
              "Actual Loops": 5,
              "Plans": [
                {
                  "Node Type": "Nested Loop",
                  "Parent Relationship": "Outer",
                  "Parallel Aware": false,
                  "Join Type": "Inner",
                  "Startup Cost": 0.56,
                  "Total Cost": 369710.87,
                  "Plan Rows": 214635,
                  "Plan Width": 0,
                  "Actual Startup Time": 41.541,
                  "Actual Total Time": 548.079,
                  "Actual Rows": 210476,
                  "Actual Loops": 5,
                  "Inner Unique": false,
                  "Plans": [
                    {
                      "Node Type": "Seq Scan",
                      "Parent Relationship": "Outer",
                      "Parallel Aware": true,
                      "Relation Name": "title",
                      "Alias": "t",
                      "Startup Cost": 0.0,
                      "Total Cost": 45479.59,
                      "Plan Rows": 14970,
                      "Plan Width": 4,
                      "Actual Startup Time": 41.417,
                      "Actual Total Time": 81.539,
                      "Actual Rows": 12316,
                      "Actual Loops": 5,
                      "Filter": "((production_year > 2011) AND (kind_id = 1))",
                      "Rows Removed by Filter": 493346
                    },
                    {
                      "Node Type": "Index Only Scan",
                      "Parent Relationship": "Inner",
                      "Parallel Aware": false,
                      "Scan Direction": "Forward",
                      "Index Name": "movie_id_cast_info",
                      "Relation Name": "cast_info",
                      "Alias": "ci",
                      "Startup Cost": 0.56,
                      "Total Cost": 21.31,
                      "Plan Rows": 35,
                      "Plan Width": 4,
                      "Actual Startup Time": 0.008,
                      "Actual Total Time": 0.036,
                      "Actual Rows": 17,
                      "Actual Loops": 61581,
                      "Index Cond": "(movie_id = t.id)",
                      "Rows Removed by Index Recheck": 0,
                      "Heap Fetches": 1052378
                    }
                  ]
                }
              ]
            }
          ]
        }
      ]
    },
    "Planning Time": 0.633,
    "Triggers": [],
    "Execution Time": 631.823
  }
]