[
  {
    "Plan": {
      "Node Type": "Aggregate",
      "Strategy": "Plain",
      "Partial Mode": "Finalize",
      "Parallel Aware": false,
      "Startup Cost": 390183.13,
      "Total Cost": 390183.14,
      "Plan Rows": 1,
      "Plan Width": 8,
      "Actual Startup Time": 3176.835,
      "Actual Total Time": 3237.257,
      "Actual Rows": 1,
      "Actual Loops": 1,
      "Plans": [
        {
          "Node Type": "Gather",
          "Parent Relationship": "Outer",
          "Parallel Aware": false,
          "Startup Cost": 390182.5,
          "Total Cost": 390183.11,
          "Plan Rows": 6,
          "Plan Width": 8,
          "Actual Startup Time": 3159.006,
          "Actual Total Time": 3237.242,
          "Actual Rows": 7,
          "Actual Loops": 1,
          "Workers Planned": 6,
          "Workers Launched": 6,
          "Single Copy": false,
          "Plans": [
            {
              "Node Type": "Aggregate",
              "Strategy": "Plain",
              "Partial Mode": "Partial",
              "Parent Relationship": "Outer",
              "Parallel Aware": false,
              "Startup Cost": 389182.5,
              "Total Cost": 389182.51,
              "Plan Rows": 1,
              "Plan Width": 8,
              "Actual Startup Time": 3143.413,
              "Actual Total Time": 3143.416,
              "Actual Rows": 1,
              "Actual Loops": 7,
              "Plans": [
                {
                  "Node Type": "Hash Join",
                  "Parent Relationship": "Outer",
                  "Parallel Aware": true,
                  "Join Type": "Inner",
                  "Startup Cost": 49522.2,
                  "Total Cost": 378439.0,
                  "Plan Rows": 4297401,
                  "Plan Width": 0,
                  "Actual Startup Time": 218.172,
                  "Actual Total Time": 2934.746,
                  "Actual Rows": 3925409,
                  "Actual Loops": 7,
                  "Inner Unique": true,
                  "Hash Cond": "(ci.movie_id = t.id)",
                  "Plans": [
                    {
                      "Node Type": "Seq Scan",
                      "Parent Relationship": "Outer",
                      "Parallel Aware": true,
                      "Relation Name": "cast_info",
                      "Alias": "ci",
                      "Startup Cost": 0.0,
                      "Total Cost": 313067.02,
                      "Plan Rows": 6038002,
                      "Plan Width": 4,
                      "Actual Startup Time": 0.026,
                      "Actual Total Time": 589.423,
                      "Actual Rows": 5177763,
                      "Actual Loops": 7
                    },
                    {
                      "Node Type": "Hash",
                      "Parent Relationship": "Inner",
                      "Parallel Aware": true,
                      "Startup Cost": 43898.92,
                      "Total Cost": 43898.92,
                      "Plan Rows": 449863,
                      "Plan Width": 4,
                      "Actual Startup Time": 213.001,
                      "Actual Total Time": 213.002,
                      "Actual Rows": 256198,
                      "Actual Loops": 7,
                      "Hash Buckets": 2097152,
                      "Original Hash Buckets": 2097152,
                      "Hash Batches": 1,
                      "Original Hash Batches": 1,
                      "Peak Memory Usage": 86656,
                      "Plans": [
                        {
                          "Node Type": "Seq Scan",
                          "Parent Relationship": "Outer",
                          "Parallel Aware": true,
                          "Relation Name": "title",
                          "Alias": "t",
                          "Startup Cost": 0.0,
                          "Total Cost": 43898.92,
                          "Plan Rows": 449863,
                          "Plan Width": 4,
                          "Actual Startup Time": 0.04,
                          "Actual Total Time": 88.653,
                          "Actual Rows": 256198,
                          "Actual Loops": 7,
                          "Filter": "(production_year > 1988)",
                          "Rows Removed by Filter": 104990
                        }
                      ]
                    }
                  ]
                }
              ]
            }
          ]
        }
      ]
    },
    "Planning Time": 0.589,
    "Triggers": [],
    "Execution Time": 3237.34
  }
]