[
  {
    "Plan": {
      "Node Type": "Aggregate",
      "Strategy": "Plain",
      "Partial Mode": "Finalize",
      "Parallel Aware": false,
      "Startup Cost": 337259.68,
      "Total Cost": 337259.7,
      "Plan Rows": 1,
      "Plan Width": 8,
      "Actual Startup Time": 702.243,
      "Actual Total Time": 762.392,
      "Actual Rows": 1,
      "Actual Loops": 1,
      "Plans": [
        {
          "Node Type": "Gather",
          "Parent Relationship": "Outer",
          "Parallel Aware": false,
          "Startup Cost": 337259.06,
          "Total Cost": 337259.67,
          "Plan Rows": 6,
          "Plan Width": 8,
          "Actual Startup Time": 702.095,
          "Actual Total Time": 762.382,
          "Actual Rows": 7,
          "Actual Loops": 1,
          "Workers Planned": 6,
          "Workers Launched": 6,
          "Single Copy": false,
          "Plans": [
            {
              "Node Type": "Aggregate",
              "Strategy": "Plain",
              "Partial Mode": "Partial",
              "Parent Relationship": "Outer",
              "Parallel Aware": false,
              "Startup Cost": 336259.06,
              "Total Cost": 336259.07,
              "Plan Rows": 1,
              "Plan Width": 8,
              "Actual Startup Time": 693.258,
              "Actual Total Time": 693.259,
              "Actual Rows": 1,
              "Actual Loops": 7,
              "Plans": [
                {
                  "Node Type": "Seq Scan",
                  "Parent Relationship": "Outer",
                  "Parallel Aware": true,
                  "Relation Name": "cast_info",
                  "Alias": "ci",
                  "Startup Cost": 0.0,
                  "Total Cost": 328162.03,
                  "Plan Rows": 3238814,
                  "Plan Width": 0,
                  "Actual Startup Time": 0.046,
                  "Actual Total Time": 576.663,
                  "Actual Rows": 2787655,
                  "Actual Loops": 7,
                  "Filter": "(person_id < 1954169)",
                  "Rows Removed by Filter": 2390108
                }
              ]
            }
          ]
        }
      ]
    },
    "Planning Time": 0.169,
    "Triggers": [],
    "Execution Time": 762.46
  }
]