{
    "Plan": {
        "Node Type": "Aggregate",
        "Strategy": "Plain",
        "Partial Mode": "Simple",
        "Parallel Aware": false,
        "Startup Cost": 40005617023.24,
        "Total Cost": 40005617023.25,
        "Plan Rows": 1,
        "Plan Width": 128,
        "Actual Startup Time": 23723.662,
        "Actual Total Time": 23725.526,
        "Actual Rows": 1,
        "Actual Loops": 1,
        "Output": [
            "min(chn.name)",
            "min(mi_idx.info)",
            "min(n.name)",
            "min(t.title)"
        ],
        "Plans": [
            {
                "Node Type": "Nested Loop",
                "Parent Relationship": "Outer",
                "Parallel Aware": false,
                "Join Type": "Inner",
                "Startup Cost": 40005617018.15,
                "Total Cost": 40005617023.23,
                "Plan Rows": 1,
                "Plan Width": 53,
                "Actual Startup Time": 23592.111,
                "Actual Total Time": 23725.16,
                "Actual Rows": 1045,
                "Actual Loops": 1,
                "Output": [
                    "chn.name",
                    "mi_idx.info",
                    "n.name",
                    "t.title"
                ],
                "Inner Unique": true,
                "Plans": [
                    {
                        "Node Type": "Hash Join",
                        "Parent Relationship": "Outer",
                        "Parallel Aware": false,
                        "Join Type": "Inner",
                        "Startup Cost": 30005617017.71,
                        "Total Cost": 30005617018.77,
                        "Plan Rows": 1,
                        "Plan Width": 41,
                        "Actual Startup Time": 23591.85,
                        "Actual Total Time": 23600.709,
                        "Actual Rows": 35300,
                        "Actual Loops": 1,
                        "Output": [
                            "ci.person_role_id",
                            "mi_idx.info",
                            "n.name",
                            "t.title"
                        ],
                        "Inner Unique": false,
                        "Hash Cond": "(cct2.id = cc.status_id)",
                        "Plans": [
                            {
                                "Node Type": "Seq Scan",
                                "Parent Relationship": "Outer",
                                "Parallel Aware": false,
                                "Relation Name": "comp_cast_type",
                                "Schema": "public",
                                "Alias": "cct2",
                                "Startup Cost": 0.0,
                                "Total Cost": 1.05,
                                "Plan Rows": 1,
                                "Plan Width": 4,
                                "Actual Startup Time": 0.013,
                                "Actual Total Time": 0.018,
                                "Actual Rows": 2,
                                "Actual Loops": 1,
                                "Output": [
                                    "cct2.id",
                                    "cct2.kind"
                                ],
                                "Filter": "((cct2.kind)::text ~~ '%complete%'::text)",
                                "Rows Removed by Filter": 2
                            },
                            {
                                "Node Type": "Hash",
                                "Parent Relationship": "Inner",
                                "Parallel Aware": false,
                                "Startup Cost": 30005617017.7,
                                "Total Cost": 30005617017.7,
                                "Plan Rows": 1,
                                "Plan Width": 45,
                                "Actual Startup Time": 23591.827,
                                "Actual Total Time": 23593.688,
                                "Actual Rows": 35300,
                                "Actual Loops": 1,
                                "Output": [
                                    "cc.status_id",
                                    "ci.person_role_id",
                                    "mi_idx.info",
                                    "n.name",
                                    "t.title"
                                ],
                                "Hash Buckets": 65536,
                                "Original Hash Buckets": 1024,
                                "Hash Batches": 1,
                                "Original Hash Batches": 1,
                                "Peak Memory Usage": 3035,
                                "Plans": [
                                    {
                                        "Node Type": "Nested Loop",
                                        "Parent Relationship": "Outer",
                                        "Parallel Aware": false,
                                        "Join Type": "Inner",
                                        "Startup Cost": 30005617016.61,
                                        "Total Cost": 30005617017.7,
                                        "Plan Rows": 1,
                                        "Plan Width": 45,
                                        "Actual Startup Time": 23447.43,
                                        "Actual Total Time": 23583.491,
                                        "Actual Rows": 35300,
                                        "Actual Loops": 1,
                                        "Output": [
                                            "cc.status_id",
                                            "ci.person_role_id",
                                            "mi_idx.info",
                                            "n.name",
                                            "t.title"
                                        ],
                                        "Inner Unique": true,
                                        "Plans": [
                                            {
                                                "Node Type": "Hash Join",
                                                "Parent Relationship": "Outer",
                                                "Parallel Aware": false,
                                                "Join Type": "Inner",
                                                "Startup Cost": 30005617016.18,
                                                "Total Cost": 30005617017.24,
                                                "Plan Rows": 1,
                                                "Plan Width": 34,
                                                "Actual Startup Time": 23447.407,
                                                "Actual Total Time": 23458.38,
                                                "Actual Rows": 35300,
                                                "Actual Loops": 1,
                                                "Output": [
                                                    "cc.status_id",
                                                    "ci.person_role_id",
                                                    "ci.person_id",
                                                    "mi_idx.info",
                                                    "t.title"
                                                ],
                                                "Inner Unique": false,
                                                "Hash Cond": "(cct1.id = cc.subject_id)",
                                                "Plans": [
                                                    {
                                                        "Node Type": "Seq Scan",
                                                        "Parent Relationship": "Outer",
                                                        "Parallel Aware": false,
                                                        "Relation Name": "comp_cast_type",
                                                        "Schema": "public",
                                                        "Alias": "cct1",
                                                        "Startup Cost": 0.0,
                                                        "Total Cost": 1.05,
                                                        "Plan Rows": 1,
                                                        "Plan Width": 4,
                                                        "Actual Startup Time": 0.005,
                                                        "Actual Total Time": 0.011,
                                                        "Actual Rows": 1,
                                                        "Actual Loops": 1,
                                                        "Output": [
                                                            "cct1.id",
                                                            "cct1.kind"
                                                        ],
                                                        "Filter": "((cct1.kind)::text = 'cast'::text)",
                                                        "Rows Removed by Filter": 3
                                                    },
                                                    {
                                                        "Node Type": "Hash",
                                                        "Parent Relationship": "Inner",
                                                        "Parallel Aware": false,
                                                        "Startup Cost": 30005617016.16,
                                                        "Total Cost": 30005617016.16,
                                                        "Plan Rows": 1,
                                                        "Plan Width": 38,
                                                        "Actual Startup Time": 23447.393,
                                                        "Actual Total Time": 23449.251,
                                                        "Actual Rows": 43739,
                                                        "Actual Loops": 1,
                                                        "Output": [
                                                            "cc.subject_id",
                                                            "cc.status_id",
                                                            "ci.person_role_id",
                                                            "ci.person_id",
                                                            "mi_idx.info",
                                                            "t.title"
                                                        ],
                                                        "Hash Buckets": 65536,
                                                        "Original Hash Buckets": 1024,
                                                        "Hash Batches": 1,
                                                        "Original Hash Batches": 1,
                                                        "Peak Memory Usage": 3322,
                                                        "Plans": [
                                                            {
                                                                "Node Type": "Nested Loop",
                                                                "Parent Relationship": "Outer",
                                                                "Parallel Aware": false,
                                                                "Join Type": "Inner",
                                                                "Startup Cost": 30005435743.6,
                                                                "Total Cost": 30005617016.16,
                                                                "Plan Rows": 1,
                                                                "Plan Width": 38,
                                                                "Actual Startup Time": 18636.553,
                                                                "Actual Total Time": 23432.614,
                                                                "Actual Rows": 43739,
                                                                "Actual Loops": 1,
                                                                "Output": [
                                                                    "cc.subject_id",
                                                                    "cc.status_id",
                                                                    "ci.person_role_id",
                                                                    "ci.person_id",
                                                                    "mi_idx.info",
                                                                    "t.title"
                                                                ],
                                                                "Inner Unique": false,
                                                                "Join Filter": "(t.id = cc.movie_id)",
                                                                "Rows Removed by Join Filter": 0,
                                                                "Plans": [
                                                                    {
                                                                        "Node Type": "Merge Join",
                                                                        "Parent Relationship": "Outer",
                                                                        "Parallel Aware": false,
                                                                        "Join Type": "Inner",
                                                                        "Startup Cost": 20005435743.17,
                                                                        "Total Cost": 20005617007.19,
                                                                        "Plan Rows": 2,
                                                                        "Plan Width": 46,
                                                                        "Actual Startup Time": 18579.125,
                                                                        "Actual Total Time": 23163.501,
                                                                        "Actual Rows": 61921,
                                                                        "Actual Loops": 1,
                                                                        "Output": [
                                                                            "ci.movie_id",
                                                                            "ci.person_role_id",
                                                                            "ci.person_id",
                                                                            "mi_idx.info",
                                                                            "mi_idx.movie_id",
                                                                            "mk.movie_id",
                                                                            "t.title",
                                                                            "t.id"
                                                                        ],
                                                                        "Inner Unique": false,
                                                                        "Merge Cond": "(t.id = ci.movie_id)",
                                                                        "Plans": [
                                                                            {
                                                                                "Node Type": "Sort",
                                                                                "Parent Relationship": "Outer",
                                                                                "Parallel Aware": false,
                                                                                "Startup Cost": 20000268704.51,
                                                                                "Total Cost": 20000268704.51,
                                                                                "Plan Rows": 1,
                                                                                "Plan Width": 34,
                                                                                "Actual Startup Time": 866.154,
                                                                                "Actual Total Time": 868.182,
                                                                                "Actual Rows": 480,
                                                                                "Actual Loops": 1,
                                                                                "Output": [
                                                                                    "mi_idx.info",
                                                                                    "mi_idx.movie_id",
                                                                                    "mk.movie_id",
                                                                                    "t.title",
                                                                                    "t.id"
                                                                                ],
                                                                                "Sort Key": [
                                                                                    "mi_idx.movie_id"
                                                                                ],
                                                                                "Sort Method": "quicksort",
                                                                                "Sort Space Used": 64,
                                                                                "Sort Space Type": "Memory",
                                                                                "Plans": [
                                                                                    {
                                                                                        "Node Type": "Hash Join",
                                                                                        "Parent Relationship": "Outer",
                                                                                        "Parallel Aware": false,
                                                                                        "Join Type": "Inner",
                                                                                        "Startup Cost": 20000268702.06,
                                                                                        "Total Cost": 20000268704.5,
                                                                                        "Plan Rows": 1,
                                                                                        "Plan Width": 34,
                                                                                        "Actual Startup Time": 865.898,
                                                                                        "Actual Total Time": 867.839,
                                                                                        "Actual Rows": 480,
                                                                                        "Actual Loops": 1,
                                                                                        "Output": [
                                                                                            "mi_idx.info",
                                                                                            "mi_idx.movie_id",
                                                                                            "mk.movie_id",
                                                                                            "t.title",
                                                                                            "t.id"
                                                                                        ],
                                                                                        "Inner Unique": false,
                                                                                        "Hash Cond": "(it2.id = mi_idx.info_type_id)",
                                                                                        "Plans": [
                                                                                            {
                                                                                                "Node Type": "Seq Scan",
                                                                                                "Parent Relationship": "Outer",
                                                                                                "Parallel Aware": false,
                                                                                                "Relation Name": "info_type",
                                                                                                "Schema": "public",
                                                                                                "Alias": "it2",
                                                                                                "Startup Cost": 0.0,
                                                                                                "Total Cost": 2.41,
                                                                                                "Plan Rows": 1,
                                                                                                "Plan Width": 4,
                                                                                                "Actual Startup Time": 0.017,
                                                                                                "Actual Total Time": 0.021,
                                                                                                "Actual Rows": 1,
                                                                                                "Actual Loops": 1,
                                                                                                "Output": [
                                                                                                    "it2.id",
                                                                                                    "it2.info"
                                                                                                ],
                                                                                                "Filter": "((it2.info)::text = 'rating'::text)",
                                                                                                "Rows Removed by Filter": 112
                                                                                            },
                                                                                            {
                                                                                                "Node Type": "Hash",
                                                                                                "Parent Relationship": "Inner",
                                                                                                "Parallel Aware": false,
                                                                                                "Startup Cost": 20000268701.91,
                                                                                                "Total Cost": 20000268701.91,
                                                                                                "Plan Rows": 12,
                                                                                                "Plan Width": 38,
                                                                                                "Actual Startup Time": 865.874,
                                                                                                "Actual Total Time": 867.724,
                                                                                                "Actual Rows": 823,
                                                                                                "Actual Loops": 1,
                                                                                                "Output": [
                                                                                                    "mk.movie_id",
                                                                                                    "mi_idx.info",
                                                                                                    "mi_idx.movie_id",
                                                                                                    "mi_idx.info_type_id",
                                                                                                    "t.title",
                                                                                                    "t.id"
                                                                                                ],
                                                                                                "Hash Buckets": 1024,
                                                                                                "Original Hash Buckets": 1024,
                                                                                                "Hash Batches": 1,
                                                                                                "Original Hash Batches": 1,
                                                                                                "Peak Memory Usage": 66,
                                                                                                "Plans": [
                                                                                                    {
                                                                                                        "Node Type": "Merge Join",
                                                                                                        "Parent Relationship": "Outer",
                                                                                                        "Parallel Aware": false,
                                                                                                        "Join Type": "Inner",
                                                                                                        "Startup Cost": 20000268689.26,
                                                                                                        "Total Cost": 20000268701.91,
                                                                                                        "Plan Rows": 12,
                                                                                                        "Plan Width": 38,
                                                                                                        "Actual Startup Time": 865.414,
                                                                                                        "Actual Total Time": 867.512,
                                                                                                        "Actual Rows": 823,
                                                                                                        "Actual Loops": 1,
                                                                                                        "Output": [
                                                                                                            "mk.movie_id",
                                                                                                            "mi_idx.info",
                                                                                                            "mi_idx.movie_id",
                                                                                                            "mi_idx.info_type_id",
                                                                                                            "t.title",
                                                                                                            "t.id"
                                                                                                        ],
                                                                                                        "Inner Unique": false,
                                                                                                        "Merge Cond": "(kt.id = t.kind_id)",
                                                                                                        "Plans": [
                                                                                                            {
                                                                                                                "Node Type": "Index Scan",
                                                                                                                "Parent Relationship": "Outer",
                                                                                                                "Parallel Aware": false,
                                                                                                                "Scan Direction": "Forward",
                                                                                                                "Index Name": "kind_type_pkey",
                                                                                                                "Relation Name": "kind_type",
                                                                                                                "Schema": "public",
                                                                                                                "Alias": "kt",
                                                                                                                "Startup Cost": 10000000000.13,
                                                                                                                "Total Cost": 10000000012.25,
                                                                                                                "Plan Rows": 1,
                                                                                                                "Plan Width": 4,
                                                                                                                "Actual Startup Time": 0.006,
                                                                                                                "Actual Total Time": 0.02,
                                                                                                                "Actual Rows": 1,
                                                                                                                "Actual Loops": 1,
                                                                                                                "Output": [
                                                                                                                    "kt.id",
                                                                                                                    "kt.kind"
                                                                                                                ],
                                                                                                                "Filter": "((kt.kind)::text = 'movie'::text)",
                                                                                                                "Rows Removed by Filter": 6
                                                                                                            },
                                                                                                            {
                                                                                                                "Node Type": "Sort",
                                                                                                                "Parent Relationship": "Inner",
                                                                                                                "Parallel Aware": false,
                                                                                                                "Startup Cost": 10000268689.12,
                                                                                                                "Total Cost": 10000268689.33,
                                                                                                                "Plan Rows": 81,
                                                                                                                "Plan Width": 42,
                                                                                                                "Actual Startup Time": 865.4,
                                                                                                                "Actual Total Time": 867.316,
                                                                                                                "Actual Rows": 824,
                                                                                                                "Actual Loops": 1,
                                                                                                                "Output": [
                                                                                                                    "mk.movie_id",
                                                                                                                    "mi_idx.info",
                                                                                                                    "mi_idx.movie_id",
                                                                                                                    "mi_idx.info_type_id",
                                                                                                                    "t.title",
                                                                                                                    "t.kind_id",
                                                                                                                    "t.id"
                                                                                                                ],
                                                                                                                "Sort Key": [
                                                                                                                    "t.kind_id"
                                                                                                                ],
                                                                                                                "Sort Method": "quicksort",
                                                                                                                "Sort Space Used": 218,
                                                                                                                "Sort Space Type": "Memory",
                                                                                                                "Plans": [
                                                                                                                    {
                                                                                                                        "Node Type": "Gather",
                                                                                                                        "Parent Relationship": "Outer",
                                                                                                                        "Parallel Aware": false,
                                                                                                                        "Startup Cost": 10000223346.0,
                                                                                                                        "Total Cost": 10000268686.56,
                                                                                                                        "Plan Rows": 81,
                                                                                                                        "Plan Width": 42,
                                                                                                                        "Actual Startup Time": 714.692,
                                                                                                                        "Actual Total Time": 866.697,
                                                                                                                        "Actual Rows": 1840,
                                                                                                                        "Actual Loops": 1,
                                                                                                                        "Output": [
                                                                                                                            "mk.movie_id",
                                                                                                                            "mi_idx.info",
                                                                                                                            "mi_idx.movie_id",
                                                                                                                            "mi_idx.info_type_id",
                                                                                                                            "t.title",
                                                                                                                            "t.kind_id",
                                                                                                                            "t.id"
                                                                                                                        ],
                                                                                                                        "Workers Planned": 4,
                                                                                                                        "Workers Launched": 4,
                                                                                                                        "Single Copy": false,
                                                                                                                        "Plans": [
                                                                                                                            {
                                                                                                                                "Node Type": "Hash Join",
                                                                                                                                "Parent Relationship": "Outer",
                                                                                                                                "Parallel Aware": true,
                                                                                                                                "Join Type": "Inner",
                                                                                                                                "Startup Cost": 10000222346.0,
                                                                                                                                "Total Cost": 10000267678.46,
                                                                                                                                "Plan Rows": 20,
                                                                                                                                "Plan Width": 42,
                                                                                                                                "Actual Startup Time": 704.997,
                                                                                                                                "Actual Total Time": 852.391,
                                                                                                                                "Actual Rows": 368,
                                                                                                                                "Actual Loops": 5,
                                                                                                                                "Output": [
                                                                                                                                    "mk.movie_id",
                                                                                                                                    "mi_idx.info",
                                                                                                                                    "mi_idx.movie_id",
                                                                                                                                    "mi_idx.info_type_id",
                                                                                                                                    "t.title",
                                                                                                                                    "t.kind_id",
                                                                                                                                    "t.id"
                                                                                                                                ],
                                                                                                                                "Inner Unique": false,
                                                                                                                                "Hash Cond": "(t.id = mk.movie_id)",
                                                                                                                                "Workers": [
                                                                                                                                    {
                                                                                                                                        "Worker Number": 0,
                                                                                                                                        "Actual Startup Time": 702.385,
                                                                                                                                        "Actual Total Time": 850.041,
                                                                                                                                        "Actual Rows": 301,
                                                                                                                                        "Actual Loops": 1
                                                                                                                                    },
                                                                                                                                    {
                                                                                                                                        "Worker Number": 1,
                                                                                                                                        "Actual Startup Time": 708.51,
                                                                                                                                        "Actual Total Time": 850.055,
                                                                                                                                        "Actual Rows": 374,
                                                                                                                                        "Actual Loops": 1
                                                                                                                                    },
                                                                                                                                    {
                                                                                                                                        "Worker Number": 2,
                                                                                                                                        "Actual Startup Time": 700.484,
                                                                                                                                        "Actual Total Time": 850.039,
                                                                                                                                        "Actual Rows": 377,
                                                                                                                                        "Actual Loops": 1
                                                                                                                                    },
                                                                                                                                    {
                                                                                                                                        "Worker Number": 3,
                                                                                                                                        "Actual Startup Time": 699.606,
                                                                                                                                        "Actual Total Time": 850.075,
                                                                                                                                        "Actual Rows": 352,
                                                                                                                                        "Actual Loops": 1
                                                                                                                                    }
                                                                                                                                ],
                                                                                                                                "Plans": [
                                                                                                                                    {
                                                                                                                                        "Node Type": "Seq Scan",
                                                                                                                                        "Parent Relationship": "Outer",
                                                                                                                                        "Parallel Aware": true,
                                                                                                                                        "Relation Name": "title",
                                                                                                                                        "Schema": "public",
                                                                                                                                        "Alias": "t",
                                                                                                                                        "Startup Cost": 10000000000.0,
                                                                                                                                        "Total Cost": 10000043899.01,
                                                                                                                                        "Plan Rows": 382235,
                                                                                                                                        "Plan Width": 25,
                                                                                                                                        "Actual Startup Time": 0.107,
                                                                                                                                        "Actual Total Time": 107.155,
                                                                                                                                        "Actual Rows": 306323,
                                                                                                                                        "Actual Loops": 5,
                                                                                                                                        "Output": [
                                                                                                                                            "t.id",
                                                                                                                                            "t.title",
                                                                                                                                            "t.imdb_index",
                                                                                                                                            "t.kind_id",
                                                                                                                                            "t.production_year",
                                                                                                                                            "t.imdb_id",
                                                                                                                                            "t.phonetic_code",
                                                                                                                                            "t.episode_of_id",
                                                                                                                                            "t.season_nr",
                                                                                                                                            "t.episode_nr",
                                                                                                                                            "t.series_years",
                                                                                                                                            "t.md5sum"
                                                                                                                                        ],
                                                                                                                                        "Filter": "(t.production_year > 1997)",
                                                                                                                                        "Rows Removed by Filter": 199340,
                                                                                                                                        "Workers": [
                                                                                                                                            {
                                                                                                                                                "Worker Number": 0,
                                                                                                                                                "Actual Startup Time": 0.143,
                                                                                                                                                "Actual Total Time": 108.617,
                                                                                                                                                "Actual Rows": 276004,
                                                                                                                                                "Actual Loops": 1
                                                                                                                                            },
                                                                                                                                            {
                                                                                                                                                "Worker Number": 1,
                                                                                                                                                "Actual Startup Time": 0.134,
                                                                                                                                                "Actual Total Time": 108.06,
                                                                                                                                                "Actual Rows": 284540,
                                                                                                                                                "Actual Loops": 1
                                                                                                                                            },
                                                                                                                                            {
                                                                                                                                                "Worker Number": 2,
                                                                                                                                                "Actual Startup Time": 0.164,
                                                                                                                                                "Actual Total Time": 108.163,
                                                                                                                                                "Actual Rows": 284769,
                                                                                                                                                "Actual Loops": 1
                                                                                                                                            },
                                                                                                                                            {
                                                                                                                                                "Worker Number": 3,
                                                                                                                                                "Actual Startup Time": 0.069,
                                                                                                                                                "Actual Total Time": 108.729,
                                                                                                                                                "Actual Rows": 316365,
                                                                                                                                                "Actual Loops": 1
                                                                                                                                            }
                                                                                                                                        ]
                                                                                                                                    },
                                                                                                                                    {
                                                                                                                                        "Node Type": "Hash",
                                                                                                                                        "Parent Relationship": "Inner",
                                                                                                                                        "Parallel Aware": true,
                                                                                                                                        "Startup Cost": 222345.46,
                                                                                                                                        "Total Cost": 222345.46,
                                                                                                                                        "Plan Rows": 43,
                                                                                                                                        "Plan Width": 17,
                                                                                                                                        "Actual Startup Time": 700.739,
                                                                                                                                        "Actual Total Time": 700.745,
                                                                                                                                        "Actual Rows": 703,
                                                                                                                                        "Actual Loops": 5,
                                                                                                                                        "Output": [
                                                                                                                                            "mk.movie_id",
                                                                                                                                            "mi_idx.info",
                                                                                                                                            "mi_idx.movie_id",
                                                                                                                                            "mi_idx.info_type_id"
                                                                                                                                        ],
                                                                                                                                        "Hash Buckets": 4096,
                                                                                                                                        "Original Hash Buckets": 1024,
                                                                                                                                        "Hash Batches": 1,
                                                                                                                                        "Original Hash Batches": 1,
                                                                                                                                        "Peak Memory Usage": 280,
                                                                                                                                        "Workers": [
                                                                                                                                            {
                                                                                                                                                "Worker Number": 0,
                                                                                                                                                "Actual Startup Time": 698.236,
                                                                                                                                                "Actual Total Time": 698.241,
                                                                                                                                                "Actual Rows": 632,
                                                                                                                                                "Actual Loops": 1
                                                                                                                                            },
                                                                                                                                            {
                                                                                                                                                "Worker Number": 1,
                                                                                                                                                "Actual Startup Time": 698.212,
                                                                                                                                                "Actual Total Time": 698.218,
                                                                                                                                                "Actual Rows": 883,
                                                                                                                                                "Actual Loops": 1
                                                                                                                                            },
                                                                                                                                            {
                                                                                                                                                "Worker Number": 2,
                                                                                                                                                "Actual Startup Time": 698.302,
                                                                                                                                                "Actual Total Time": 698.308,
                                                                                                                                                "Actual Rows": 583,
                                                                                                                                                "Actual Loops": 1
                                                                                                                                            },
                                                                                                                                            {
                                                                                                                                                "Worker Number": 3,
                                                                                                                                                "Actual Startup Time": 698.114,
                                                                                                                                                "Actual Total Time": 698.12,
                                                                                                                                                "Actual Rows": 749,
                                                                                                                                                "Actual Loops": 1
                                                                                                                                            }
                                                                                                                                        ],
                                                                                                                                        "Plans": [
                                                                                                                                            {
                                                                                                                                                "Node Type": "Hash Join",
                                                                                                                                                "Parent Relationship": "Outer",
                                                                                                                                                "Parallel Aware": true,
                                                                                                                                                "Join Type": "Inner",
                                                                                                                                                "Startup Cost": 16134.1,
                                                                                                                                                "Total Cost": 222345.46,
                                                                                                                                                "Plan Rows": 43,
                                                                                                                                                "Plan Width": 17,
                                                                                                                                                "Actual Startup Time": 174.152,
                                                                                                                                                "Actual Total Time": 584.561,
                                                                                                                                                "Actual Rows": 703,
                                                                                                                                                "Actual Loops": 5,
                                                                                                                                                "Output": [
                                                                                                                                                    "mk.movie_id",
                                                                                                                                                    "mi_idx.info",
                                                                                                                                                    "mi_idx.movie_id",
                                                                                                                                                    "mi_idx.info_type_id"
                                                                                                                                                ],
                                                                                                                                                "Inner Unique": false,
                                                                                                                                                "Hash Cond": "(mk.movie_id = mi_idx.movie_id)",
                                                                                                                                                "Workers": [
                                                                                                                                                    {
                                                                                                                                                        "Worker Number": 0,
                                                                                                                                                        "Actual Startup Time": 175.031,
                                                                                                                                                        "Actual Total Time": 601.237,
                                                                                                                                                        "Actual Rows": 632,
                                                                                                                                                        "Actual Loops": 1
                                                                                                                                                    },
                                                                                                                                                    {
                                                                                                                                                        "Worker Number": 1,
                                                                                                                                                        "Actual Startup Time": 174.991,
                                                                                                                                                        "Actual Total Time": 601.171,
                                                                                                                                                        "Actual Rows": 883,
                                                                                                                                                        "Actual Loops": 1
                                                                                                                                                    },
                                                                                                                                                    {
                                                                                                                                                        "Worker Number": 2,
                                                                                                                                                        "Actual Startup Time": 157.974,
                                                                                                                                                        "Actual Total Time": 601.31,
                                                                                                                                                        "Actual Rows": 583,
                                                                                                                                                        "Actual Loops": 1
                                                                                                                                                    },
                                                                                                                                                    {
                                                                                                                                                        "Worker Number": 3,
                                                                                                                                                        "Actual Startup Time": 175.085,
                                                                                                                                                        "Actual Total Time": 505.283,
                                                                                                                                                        "Actual Rows": 749,
                                                                                                                                                        "Actual Loops": 1
                                                                                                                                                    }
                                                                                                                                                ],
                                                                                                                                                "Plans": [
                                                                                                                                                    {
                                                                                                                                                        "Node Type": "Merge Join",
                                                                                                                                                        "Parent Relationship": "Outer",
                                                                                                                                                        "Parallel Aware": false,
                                                                                                                                                        "Join Type": "Inner",
                                                                                                                                                        "Startup Cost": 0.85,
                                                                                                                                                        "Total Cost": 206211.63,
                                                                                                                                                        "Plan Rows": 109,
                                                                                                                                                        "Plan Width": 4,
                                                                                                                                                        "Actual Startup Time": 104.814,
                                                                                                                                                        "Actual Total Time": 512.99,
                                                                                                                                                        "Actual Rows": 2349,
                                                                                                                                                        "Actual Loops": 5,
                                                                                                                                                        "Output": [
                                                                                                                                                            "mk.movie_id"
                                                                                                                                                        ],
                                                                                                                                                        "Inner Unique": true,
                                                                                                                                                        "Merge Cond": "(mk.keyword_id = k.id)",
                                                                                                                                                        "Workers": [
                                                                                                                                                            {
                                                                                                                                                                "Worker Number": 0,
                                                                                                                                                                "Actual Startup Time": 108.209,
                                                                                                                                                                "Actual Total Time": 532.372,
                                                                                                                                                                "Actual Rows": 2190,
                                                                                                                                                                "Actual Loops": 1
                                                                                                                                                            },
                                                                                                                                                            {
                                                                                                                                                                "Worker Number": 1,
                                                                                                                                                                "Actual Startup Time": 108.132,
                                                                                                                                                                "Actual Total Time": 532.057,
                                                                                                                                                                "Actual Rows": 2340,
                                                                                                                                                                "Actual Loops": 1
                                                                                                                                                            },
                                                                                                                                                            {
                                                                                                                                                                "Worker Number": 2,
                                                                                                                                                                "Actual Startup Time": 91.085,
                                                                                                                                                                "Actual Total Time": 532.297,
                                                                                                                                                                "Actual Rows": 2404,
                                                                                                                                                                "Actual Loops": 1
                                                                                                                                                            },
                                                                                                                                                            {
                                                                                                                                                                "Worker Number": 3,
                                                                                                                                                                "Actual Startup Time": 108.221,
                                                                                                                                                                "Actual Total Time": 435.804,
                                                                                                                                                                "Actual Rows": 2501,
                                                                                                                                                                "Actual Loops": 1
                                                                                                                                                            }
                                                                                                                                                        ],
                                                                                                                                                        "Plans": [
                                                                                                                                                            {
                                                                                                                                                                "Node Type": "Index Scan",
                                                                                                                                                                "Parent Relationship": "Outer",
                                                                                                                                                                "Parallel Aware": true,
                                                                                                                                                                "Scan Direction": "Forward",
                                                                                                                                                                "Index Name": "keyword_id_movie_keyword",
                                                                                                                                                                "Relation Name": "movie_keyword",
                                                                                                                                                                "Schema": "public",
                                                                                                                                                                "Alias": "mk",
                                                                                                                                                                "Startup Cost": 0.43,
                                                                                                                                                                "Total Cost": 195877.56,
                                                                                                                                                                "Plan Rows": 1459332,
                                                                                                                                                                "Plan Width": 8,
                                                                                                                                                                "Actual Startup Time": 0.205,
                                                                                                                                                                "Actual Total Time": 373.273,
                                                                                                                                                                "Actual Rows": 447008,
                                                                                                                                                                "Actual Loops": 5,
                                                                                                                                                                "Output": [
                                                                                                                                                                    "mk.id",
                                                                                                                                                                    "mk.movie_id",
                                                                                                                                                                    "mk.keyword_id"
                                                                                                                                                                ],
                                                                                                                                                                "Workers": [
                                                                                                                                                                    {
                                                                                                                                                                        "Worker Number": 0,
                                                                                                                                                                        "Actual Startup Time": 0.292,
                                                                                                                                                                        "Actual Total Time": 391.944,
                                                                                                                                                                        "Actual Rows": 459746,
                                                                                                                                                                        "Actual Loops": 1
                                                                                                                                                                    },
                                                                                                                                                                    {
                                                                                                                                                                        "Worker Number": 1,
                                                                                                                                                                        "Actual Startup Time": 0.206,
                                                                                                                                                                        "Actual Total Time": 391.638,
                                                                                                                                                                        "Actual Rows": 460756,
                                                                                                                                                                        "Actual Loops": 1
                                                                                                                                                                    },
                                                                                                                                                                    {
                                                                                                                                                                        "Worker Number": 2,
                                                                                                                                                                        "Actual Startup Time": 0.147,
                                                                                                                                                                        "Actual Total Time": 391.518,
                                                                                                                                                                        "Actual Rows": 464924,
                                                                                                                                                                        "Actual Loops": 1
                                                                                                                                                                    },
                                                                                                                                                                    {
                                                                                                                                                                        "Worker Number": 3,
                                                                                                                                                                        "Actual Startup Time": 0.356,
                                                                                                                                                                        "Actual Total Time": 301.197,
                                                                                                                                                                        "Actual Rows": 356474,
                                                                                                                                                                        "Actual Loops": 1
                                                                                                                                                                    }
                                                                                                                                                                ]
                                                                                                                                                            },
                                                                                                                                                            {
                                                                                                                                                                "Node Type": "Index Scan",
                                                                                                                                                                "Parent Relationship": "Inner",
                                                                                                                                                                "Parallel Aware": false,
                                                                                                                                                                "Scan Direction": "Forward",
                                                                                                                                                                "Index Name": "keyword_pkey",
                                                                                                                                                                "Relation Name": "keyword",
                                                                                                                                                                "Schema": "public",
                                                                                                                                                                "Alias": "k",
                                                                                                                                                                "Startup Cost": 0.42,
                                                                                                                                                                "Total Cost": 6684.62,
                                                                                                                                                                "Plan Rows": 10,
                                                                                                                                                                "Plan Width": 4,
                                                                                                                                                                "Actual Startup Time": 0.691,
                                                                                                                                                                "Actual Total Time": 93.454,
                                                                                                                                                                "Actual Rows": 6,
                                                                                                                                                                "Actual Loops": 5,
                                                                                                                                                                "Output": [
                                                                                                                                                                    "k.id",
                                                                                                                                                                    "k.keyword",
                                                                                                                                                                    "k.phonetic_code"
                                                                                                                                                                ],
                                                                                                                                                                "Filter": "(k.keyword = ANY ('{superhero,superhero,fight,laser,second-part,based-on-comic,based-on-comic,superhero,based-on-comic,web}'::text[]))",
                                                                                                                                                                "Rows Removed by Filter": 134164,
                                                                                                                                                                "Workers": [
                                                                                                                                                                    {
                                                                                                                                                                        "Worker Number": 0,
                                                                                                                                                                        "Actual Startup Time": 0.724,
                                                                                                                                                                        "Actual Total Time": 92.739,
                                                                                                                                                                        "Actual Rows": 6,
                                                                                                                                                                        "Actual Loops": 1
                                                                                                                                                                    },
                                                                                                                                                                    {
                                                                                                                                                                        "Worker Number": 1,
                                                                                                                                                                        "Actual Startup Time": 0.81,
                                                                                                                                                                        "Actual Total Time": 92.747,
                                                                                                                                                                        "Actual Rows": 6,
                                                                                                                                                                        "Actual Loops": 1
                                                                                                                                                                    },
                                                                                                                                                                    {
                                                                                                                                                                        "Worker Number": 2,
                                                                                                                                                                        "Actual Startup Time": 0.89,
                                                                                                                                                                        "Actual Total Time": 92.714,
                                                                                                                                                                        "Actual Rows": 6,
                                                                                                                                                                        "Actual Loops": 1
                                                                                                                                                                    },
                                                                                                                                                                    {
                                                                                                                                                                        "Worker Number": 3,
                                                                                                                                                                        "Actual Startup Time": 0.687,
                                                                                                                                                                        "Actual Total Time": 97.393,
                                                                                                                                                                        "Actual Rows": 6,
                                                                                                                                                                        "Actual Loops": 1
                                                                                                                                                                    }
                                                                                                                                                                ]
                                                                                                                                                            }
                                                                                                                                                        ]
                                                                                                                                                    },
                                                                                                                                                    {
                                                                                                                                                        "Node Type": "Hash",
                                                                                                                                                        "Parent Relationship": "Inner",
                                                                                                                                                        "Parallel Aware": true,
                                                                                                                                                        "Startup Cost": 15122.68,
                                                                                                                                                        "Total Cost": 15122.68,
                                                                                                                                                        "Plan Rows": 80845,
                                                                                                                                                        "Plan Width": 13,
                                                                                                                                                        "Actual Startup Time": 68.031,
                                                                                                                                                        "Actual Total Time": 68.032,
                                                                                                                                                        "Actual Rows": 38568,
                                                                                                                                                        "Actual Loops": 5,
                                                                                                                                                        "Output": [
                                                                                                                                                            "mi_idx.info",
                                                                                                                                                            "mi_idx.movie_id",
                                                                                                                                                            "mi_idx.info_type_id"
                                                                                                                                                        ],
                                                                                                                                                        "Hash Buckets": 262144,
                                                                                                                                                        "Original Hash Buckets": 262144,
                                                                                                                                                        "Hash Batches": 1,
                                                                                                                                                        "Original Hash Batches": 1,
                                                                                                                                                        "Peak Memory Usage": 11168,
                                                                                                                                                        "Workers": [
                                                                                                                                                            {
                                                                                                                                                                "Worker Number": 0,
                                                                                                                                                                "Actual Startup Time": 66.504,
                                                                                                                                                                "Actual Total Time": 66.505,
                                                                                                                                                                "Actual Rows": 32611,
                                                                                                                                                                "Actual Loops": 1
                                                                                                                                                            },
                                                                                                                                                            {
                                                                                                                                                                "Worker Number": 1,
                                                                                                                                                                "Actual Startup Time": 66.548,
                                                                                                                                                                "Actual Total Time": 66.549,
                                                                                                                                                                "Actual Rows": 33148,
                                                                                                                                                                "Actual Loops": 1
                                                                                                                                                            },
                                                                                                                                                            {
                                                                                                                                                                "Worker Number": 2,
                                                                                                                                                                "Actual Startup Time": 66.547,
                                                                                                                                                                "Actual Total Time": 66.548,
                                                                                                                                                                "Actual Rows": 33993,
                                                                                                                                                                "Actual Loops": 1
                                                                                                                                                            },
                                                                                                                                                            {
                                                                                                                                                                "Worker Number": 3,
                                                                                                                                                                "Actual Startup Time": 66.56,
                                                                                                                                                                "Actual Total Time": 66.561,
                                                                                                                                                                "Actual Rows": 33159,
                                                                                                                                                                "Actual Loops": 1
                                                                                                                                                            }
                                                                                                                                                        ],
                                                                                                                                                        "Plans": [
                                                                                                                                                            {
                                                                                                                                                                "Node Type": "Seq Scan",
                                                                                                                                                                "Parent Relationship": "Outer",
                                                                                                                                                                "Parallel Aware": true,
                                                                                                                                                                "Relation Name": "movie_info_idx",
                                                                                                                                                                "Schema": "public",
                                                                                                                                                                "Alias": "mi_idx",
                                                                                                                                                                "Startup Cost": 0.0,
                                                                                                                                                                "Total Cost": 15122.68,
                                                                                                                                                                "Plan Rows": 80845,
                                                                                                                                                                "Plan Width": 13,
                                                                                                                                                                "Actual Startup Time": 0.114,
                                                                                                                                                                "Actual Total Time": 52.199,
                                                                                                                                                                "Actual Rows": 38568,
                                                                                                                                                                "Actual Loops": 5,
                                                                                                                                                                "Output": [
                                                                                                                                                                    "mi_idx.info",
                                                                                                                                                                    "mi_idx.movie_id",
                                                                                                                                                                    "mi_idx.info_type_id"
                                                                                                                                                                ],
                                                                                                                                                                "Filter": "(mi_idx.info > '7.0'::text)",
                                                                                                                                                                "Rows Removed by Filter": 237439,
                                                                                                                                                                "Workers": [
                                                                                                                                                                    {
                                                                                                                                                                        "Worker Number": 0,
                                                                                                                                                                        "Actual Startup Time": 0.103,
                                                                                                                                                                        "Actual Total Time": 51.848,
                                                                                                                                                                        "Actual Rows": 32611,
                                                                                                                                                                        "Actual Loops": 1
                                                                                                                                                                    },
                                                                                                                                                                    {
                                                                                                                                                                        "Worker Number": 1,
                                                                                                                                                                        "Actual Startup Time": 0.144,
                                                                                                                                                                        "Actual Total Time": 51.366,
                                                                                                                                                                        "Actual Rows": 33148,
                                                                                                                                                                        "Actual Loops": 1
                                                                                                                                                                    },
                                                                                                                                                                    {
                                                                                                                                                                        "Worker Number": 2,
                                                                                                                                                                        "Actual Startup Time": 0.144,
                                                                                                                                                                        "Actual Total Time": 52.133,
                                                                                                                                                                        "Actual Rows": 33993,
                                                                                                                                                                        "Actual Loops": 1
                                                                                                                                                                    },
                                                                                                                                                                    {
                                                                                                                                                                        "Worker Number": 3,
                                                                                                                                                                        "Actual Startup Time": 0.156,
                                                                                                                                                                        "Actual Total Time": 51.393,
                                                                                                                                                                        "Actual Rows": 33159,
                                                                                                                                                                        "Actual Loops": 1
                                                                                                                                                                    }
                                                                                                                                                                ]
                                                                                                                                                            }
                                                                                                                                                        ]
                                                                                                                                                    }
                                                                                                                                                ]
                                                                                                                                            }
                                                                                                                                        ]
                                                                                                                                    }
                                                                                                                                ]
                                                                                                                            }
                                                                                                                        ]
                                                                                                                    }
                                                                                                                ]
                                                                                                            }
                                                                                                        ]
                                                                                                    }
                                                                                                ]
                                                                                            }
                                                                                        ]
                                                                                    }
                                                                                ]
                                                                            },
                                                                            {
                                                                                "Node Type": "Sort",
                                                                                "Parent Relationship": "Inner",
                                                                                "Parallel Aware": false,
                                                                                "Startup Cost": 5167038.66,
                                                                                "Total Cost": 5257670.6,
                                                                                "Plan Rows": 36252776,
                                                                                "Plan Width": 12,
                                                                                "Actual Startup Time": 13454.976,
                                                                                "Actual Total Time": 19495.329,
                                                                                "Actual Rows": 36247630,
                                                                                "Actual Loops": 1,
                                                                                "Output": [
                                                                                    "ci.movie_id",
                                                                                    "ci.person_role_id",
                                                                                    "ci.person_id"
                                                                                ],
                                                                                "Sort Key": [
                                                                                    "ci.movie_id"
                                                                                ],
                                                                                "Sort Method": "quicksort",
                                                                                "Sort Space Used": 3097055,
                                                                                "Sort Space Type": "Memory",
                                                                                "Plans": [
                                                                                    {
                                                                                        "Node Type": "Seq Scan",
                                                                                        "Parent Relationship": "Outer",
                                                                                        "Parallel Aware": false,
                                                                                        "Relation Name": "cast_info",
                                                                                        "Schema": "public",
                                                                                        "Alias": "ci",
                                                                                        "Startup Cost": 0.0,
                                                                                        "Total Cost": 615214.76,
                                                                                        "Plan Rows": 36252776,
                                                                                        "Plan Width": 12,
                                                                                        "Actual Startup Time": 0.017,
                                                                                        "Actual Total Time": 3891.757,
                                                                                        "Actual Rows": 36244344,
                                                                                        "Actual Loops": 1,
                                                                                        "Output": [
                                                                                            "ci.movie_id",
                                                                                            "ci.person_role_id",
                                                                                            "ci.person_id"
                                                                                        ]
                                                                                    }
                                                                                ]
                                                                            }
                                                                        ]
                                                                    },
                                                                    {
                                                                        "Node Type": "Bitmap Heap Scan",
                                                                        "Parent Relationship": "Inner",
                                                                        "Parallel Aware": false,
                                                                        "Relation Name": "complete_cast",
                                                                        "Schema": "public",
                                                                        "Alias": "cc",
                                                                        "Startup Cost": 0.44,
                                                                        "Total Cost": 4.46,
                                                                        "Plan Rows": 2,
                                                                        "Plan Width": 12,
                                                                        "Actual Startup Time": 0.002,
                                                                        "Actual Total Time": 0.003,
                                                                        "Actual Rows": 1,
                                                                        "Actual Loops": 61921,
                                                                        "Output": [
                                                                            "cc.id",
                                                                            "cc.movie_id",
                                                                            "cc.subject_id",
                                                                            "cc.status_id"
                                                                        ],
                                                                        "Recheck Cond": "(cc.movie_id = ci.movie_id)",
                                                                        "Rows Removed by Index Recheck": 0,
                                                                        "Exact Heap Blocks": 43739,
                                                                        "Lossy Heap Blocks": 0,
                                                                        "Plans": [
                                                                            {
                                                                                "Node Type": "Bitmap Index Scan",
                                                                                "Parent Relationship": "Outer",
                                                                                "Parallel Aware": false,
                                                                                "Index Name": "movie_id_complete_cast",
                                                                                "Startup Cost": 0.0,
                                                                                "Total Cost": 0.44,
                                                                                "Plan Rows": 2,
                                                                                "Plan Width": 0,
                                                                                "Actual Startup Time": 0.002,
                                                                                "Actual Total Time": 0.002,
                                                                                "Actual Rows": 1,
                                                                                "Actual Loops": 61921,
                                                                                "Index Cond": "(cc.movie_id = ci.movie_id)"
                                                                            }
                                                                        ]
                                                                    }
                                                                ]
                                                            }
                                                        ]
                                                    }
                                                ]
                                            },
                                            {
                                                "Node Type": "Index Scan",
                                                "Parent Relationship": "Inner",
                                                "Parallel Aware": false,
                                                "Scan Direction": "Forward",
                                                "Index Name": "name_pkey",
                                                "Relation Name": "name",
                                                "Schema": "public",
                                                "Alias": "n",
                                                "Startup Cost": 0.43,
                                                "Total Cost": 0.46,
                                                "Plan Rows": 1,
                                                "Plan Width": 19,
                                                "Actual Startup Time": 0.003,
                                                "Actual Total Time": 0.003,
                                                "Actual Rows": 1,
                                                "Actual Loops": 35300,
                                                "Output": [
                                                    "n.id",
                                                    "n.name",
                                                    "n.imdb_index",
                                                    "n.imdb_id",
                                                    "n.gender",
                                                    "n.name_pcode_cf",
                                                    "n.name_pcode_nf",
                                                    "n.surname_pcode",
                                                    "n.md5sum"
                                                ],
                                                "Index Cond": "(n.id = ci.person_id)",
                                                "Rows Removed by Index Recheck": 0
                                            }
                                        ]
                                    }
                                ]
                            }
                        ]
                    },
                    {
                        "Node Type": "Bitmap Heap Scan",
                        "Parent Relationship": "Inner",
                        "Parallel Aware": false,
                        "Relation Name": "char_name",
                        "Schema": "public",
                        "Alias": "chn",
                        "Startup Cost": 0.44,
                        "Total Cost": 4.46,
                        "Plan Rows": 1,
                        "Plan Width": 20,
                        "Actual Startup Time": 0.002,
                        "Actual Total Time": 0.002,
                        "Actual Rows": 0,
                        "Actual Loops": 35300,
                        "Output": [
                            "chn.id",
                            "chn.name",
                            "chn.imdb_index",
                            "chn.imdb_id",
                            "chn.name_pcode_nf",
                            "chn.surname_pcode",
                            "chn.md5sum"
                        ],
                        "Recheck Cond": "(chn.id = ci.person_role_id)",
                        "Rows Removed by Index Recheck": 0,
                        "Filter": "((chn.name IS NOT NULL) AND ((chn.name ~~ '%man%'::text) OR (chn.name ~~ '%Man%'::text)))",
                        "Rows Removed by Filter": 0,
                        "Exact Heap Blocks": 13722,
                        "Lossy Heap Blocks": 0,
                        "Plans": [
                            {
                                "Node Type": "Bitmap Index Scan",
                                "Parent Relationship": "Outer",
                                "Parallel Aware": false,
                                "Index Name": "char_name_pkey",
                                "Startup Cost": 0.0,
                                "Total Cost": 0.44,
                                "Plan Rows": 1,
                                "Plan Width": 0,
                                "Actual Startup Time": 0.001,
                                "Actual Total Time": 0.001,
                                "Actual Rows": 0,
                                "Actual Loops": 35300,
                                "Index Cond": "(chn.id = ci.person_role_id)"
                            }
                        ]
                    }
                ]
            }
        ]
    },
    "Planning Time": 39.756,
    "Triggers": [],
    "Execution Time": 23895.629
}