[
  {
    "Plan": {
      "Node Type": "Aggregate",
      "Strategy": "Plain",
      "Partial Mode": "Finalize",
      "Parallel Aware": false,
      "Startup Cost": 390576.53,
      "Total Cost": 390576.54,
      "Plan Rows": 1,
      "Plan Width": 8,
      "Actual Startup Time": 2131.639,
      "Actual Total Time": 2203.269,
      "Actual Rows": 1,
      "Actual Loops": 1,
      "Plans": [
        {
          "Node Type": "Gather",
          "Parent Relationship": "Outer",
          "Parallel Aware": false,
          "Startup Cost": 390575.91,
          "Total Cost": 390576.52,
          "Plan Rows": 6,
          "Plan Width": 8,
          "Actual Startup Time": 2121.158,
          "Actual Total Time": 2203.206,
          "Actual Rows": 7,
          "Actual Loops": 1,
          "Workers Planned": 6,
          "Workers Launched": 6,
          "Single Copy": false,
          "Plans": [
            {
              "Node Type": "Aggregate",
              "Strategy": "Plain",
              "Partial Mode": "Partial",
              "Parent Relationship": "Outer",
              "Parallel Aware": false,
              "Startup Cost": 389575.91,
              "Total Cost": 389575.92,
              "Plan Rows": 1,
              "Plan Width": 8,
              "Actual Startup Time": 2103.87,
              "Actual Total Time": 2103.875,
              "Actual Rows": 1,
              "Actual Loops": 7,
              "Plans": [
                {
                  "Node Type": "Hash Join",
                  "Parent Relationship": "Outer",
                  "Parallel Aware": true,
                  "Join Type": "Inner",
                  "Startup Cost": 49407.41,
                  "Total Cost": 385733.91,
                  "Plan Rows": 1536799,
                  "Plan Width": 0,
                  "Actual Startup Time": 496.286,
                  "Actual Total Time": 2022.836,
                  "Actual Rows": 1487477,
                  "Actual Loops": 7,
                  "Inner Unique": true,
                  "Hash Cond": "(ci.movie_id = t.id)",
                  "Plans": [
                    {
                      "Node Type": "Seq Scan",
                      "Parent Relationship": "Outer",
                      "Parallel Aware": true,
                      "Relation Name": "cast_info",
                      "Alias": "ci",
                      "Startup Cost": 0.0,
                      "Total Cost": 328211.39,
                      "Plan Rows": 3091465,
                      "Plan Width": 4,
                      "Actual Startup Time": 247.782,
                      "Actual Total Time": 775.466,
                      "Actual Rows": 2628542,
                      "Actual Loops": 7,
                      "Filter": "(person_id > 1768293)",
                      "Rows Removed by Filter": 2549221
                    },
                    {
                      "Node Type": "Hash",
                      "Parent Relationship": "Inner",
                      "Parallel Aware": true,
                      "Startup Cost": 45479.59,
                      "Total Cost": 45479.59,
                      "Plan Rows": 314226,
                      "Plan Width": 4,
                      "Actual Startup Time": 243.177,
                      "Actual Total Time": 243.178,
                      "Actual Rows": 190426,
                      "Actual Loops": 7,
                      "Hash Buckets": 2097152,
                      "Original Hash Buckets": 2097152,
                      "Hash Batches": 1,
                      "Original Hash Batches": 1,
                      "Peak Memory Usage": 68640,
                      "Plans": [
                        {
                          "Node Type": "Seq Scan",
                          "Parent Relationship": "Outer",
                          "Parallel Aware": true,
                          "Relation Name": "title",
                          "Alias": "t",
                          "Startup Cost": 0.0,
                          "Total Cost": 45479.59,
                          "Plan Rows": 314226,
                          "Plan Width": 4,
                          "Actual Startup Time": 0.053,
                          "Actual Total Time": 114.736,
                          "Actual Rows": 190426,
                          "Actual Loops": 7,
                          "Filter": "((production_year > 1972) AND (kind_id = 7))",
                          "Rows Removed by Filter": 170761
                        }
                      ]
                    }
                  ]
                }
              ]
            }
          ]
        }
      ]
    },
    "Planning Time": 0.646,
    "Triggers": [],
    "Execution Time": 2203.359
  }
]