{
  "Plan": {
    "Node Type": "Aggregate",
    "Strategy": "Plain",
    "Partial Mode": "Finalize",
    "Parallel Aware": false,
    "Startup Cost": 78780.12,
    "Total Cost": 78780.13,
    "Plan Rows": 1,
    "Plan Width": 8,
    "Actual Startup Time": 190.196,
    "Actual Total Time": 199.928,
    "Actual Rows": 1,
    "Actual Loops": 1,
    "Plans": [
      {
        "Node Type": "Gather",
        "Parent Relationship": "Outer",
        "Parallel Aware": false,
        "Startup Cost": 78780.01,
        "Total Cost": 78780.12,
        "Plan Rows": 1,
        "Plan Width": 8,
        "Actual Startup Time": 190.034,
        "Actual Total Time": 199.92,
        "Actual Rows": 2,
        "Actual Loops": 1,
        "Workers Planned": 1,
        "Workers Launched": 1,
        "Single Copy": false,
        "Plans": [
          {
            "Node Type": "Aggregate",
            "Strategy": "Plain",
            "Partial Mode": "Partial",
            "Parent Relationship": "Outer",
            "Parallel Aware": false,
            "Startup Cost": 77780.01,
            "Total Cost": 77780.02,
            "Plan Rows": 1,
            "Plan Width": 8,
            "Actual Startup Time": 184.715,
            "Actual Total Time": 184.718,
            "Actual Rows": 1,
            "Actual Loops": 2,
            "Plans": [
              {
                "Node Type": "Hash Join",
                "Parent Relationship": "Outer",
                "Parallel Aware": true,
                "Join Type": "Inner",
                "Startup Cost": 58962.34,
                "Total Cost": 77756.11,
                "Plan Rows": 9562,
                "Plan Width": 0,
                "Actual Startup Time": 144.478,
                "Actual Total Time": 184.71,
                "Actual Rows": 4,
                "Actual Loops": 2,
                "Inner Unique": true,
                "Hash Cond": "(mi_idx.movie_id = t.id)",
                "Plans": [
                  {
                    "Node Type": "Seq Scan",
                    "Parent Relationship": "Outer",
                    "Parallel Aware": true,
                    "Relation Name": "movie_info_idx",
                    "Alias": "mi_idx",
                    "Startup Cost": 0.0,
                    "Total Cost": 18082.32,
                    "Plan Rows": 271028,
                    "Plan Width": 4,
                    "Actual Startup Time": 0.018,
                    "Actual Total Time": 47.772,
                    "Actual Rows": 229962,
                    "Actual Loops": 2,
                    "Filter": "(info_type_id = 101)",
                    "Rows Removed by Filter": 460055
                  },
                  {
                    "Node Type": "Hash",
                    "Parent Relationship": "Inner",
                    "Parallel Aware": true,
                    "Startup Cost": 58306.47,
                    "Total Cost": 58306.47,
                    "Plan Rows": 52470,
                    "Plan Width": 4,
                    "Actual Startup Time": 119.445,
                    "Actual Total Time": 119.446,
                    "Actual Rows": 20,
                    "Actual Loops": 2,
                    "Hash Buckets": 131072,
                    "Original Hash Buckets": 131072,
                    "Hash Batches": 1,
                    "Original Hash Batches": 1,
                    "Peak Memory Usage": 1088,
                    "Plans": [
                      {
                        "Node Type": "Seq Scan",
                        "Parent Relationship": "Outer",
                        "Parallel Aware": true,
                        "Relation Name": "title",
                        "Alias": "t",
                        "Startup Cost": 0.0,
                        "Total Cost": 58306.47,
                        "Plan Rows": 52470,
                        "Plan Width": 4,
                        "Actual Startup Time": 32.652,
                        "Actual Total Time": 119.324,
                        "Actual Rows": 20,
                        "Actual Loops": 2,
                        "Filter": "((production_year < 1943) AND (kind_id = 7))",
                        "Rows Removed by Filter": 1264136
                      }
                    ]
                  }
                ]
              }
            ]
          }
        ]
      }
    ]
  },
  "Planning Time": 0.192,
  "Triggers": [],
  "Execution Time": 199.965
}