[
    {
        "Bao": {
            "Bao prediction": "NaN",
            "Bao recommended hint": "(no hint)"
        }
    },
    {
        "Plan": {
            "Node Type": "Aggregate",
            "Strategy": "Plain",
            "Partial Mode": "Finalize",
            "Parallel Aware": false,
            "Startup Cost": 90385.79,
            "Total Cost": 90385.8,
            "Plan Rows": 1,
            "Plan Width": 8,
            "Actual Startup Time": 237.782,
            "Actual Total Time": 246.468,
            "Actual Rows": 1,
            "Actual Loops": 1,
            "Output": [
                "count(*)"
            ],
            "Plans": [
                {
                    "Node Type": "Gather",
                    "Parent Relationship": "Outer",
                    "Parallel Aware": false,
                    "Startup Cost": 90385.47,
                    "Total Cost": 90385.78,
                    "Plan Rows": 3,
                    "Plan Width": 8,
                    "Actual Startup Time": 236.466,
                    "Actual Total Time": 246.458,
                    "Actual Rows": 4,
                    "Actual Loops": 1,
                    "Output": [
                        "(PARTIAL count(*))"
                    ],
                    "Workers Planned": 3,
                    "Workers Launched": 3,
                    "Single Copy": false,
                    "Plans": [
                        {
                            "Node Type": "Aggregate",
                            "Strategy": "Plain",
                            "Partial Mode": "Partial",
                            "Parent Relationship": "Outer",
                            "Parallel Aware": false,
                            "Startup Cost": 89385.47,
                            "Total Cost": 89385.48,
                            "Plan Rows": 1,
                            "Plan Width": 8,
                            "Actual Startup Time": 228.089,
                            "Actual Total Time": 228.152,
                            "Actual Rows": 1,
                            "Actual Loops": 4,
                            "Output": [
                                "PARTIAL count(*)"
                            ],
                            "Workers": [
                                {
                                    "Worker Number": 0,
                                    "Actual Startup Time": 224.868,
                                    "Actual Total Time": 224.871,
                                    "Actual Rows": 1,
                                    "Actual Loops": 1
                                },
                                {
                                    "Worker Number": 1,
                                    "Actual Startup Time": 225.735,
                                    "Actual Total Time": 225.737,
                                    "Actual Rows": 1,
                                    "Actual Loops": 1
                                },
                                {
                                    "Worker Number": 2,
                                    "Actual Startup Time": 225.681,
                                    "Actual Total Time": 225.685,
                                    "Actual Rows": 1,
                                    "Actual Loops": 1
                                }
                            ],
                            "Plans": [
                                {
                                    "Node Type": "Hash Join",
                                    "Parent Relationship": "Outer",
                                    "Parallel Aware": true,
                                    "Join Type": "Inner",
                                    "Startup Cost": 45870.76,
                                    "Total Cost": 89348.56,
                                    "Plan Rows": 14766,
                                    "Plan Width": 0,
                                    "Actual Startup Time": 130.807,
                                    "Actual Total Time": 225.65,
                                    "Actual Rows": 54826,
                                    "Actual Loops": 4,
                                    "Inner Unique": true,
                                    "Hash Cond": "(mk.movie_id = t.id)",
                                    "Workers": [
                                        {
                                            "Worker Number": 0,
                                            "Actual Startup Time": 127.64,
                                            "Actual Total Time": 222.379,
                                            "Actual Rows": 53079,
                                            "Actual Loops": 1
                                        },
                                        {
                                            "Worker Number": 1,
                                            "Actual Startup Time": 128.252,
                                            "Actual Total Time": 223.188,
                                            "Actual Rows": 53010,
                                            "Actual Loops": 1
                                        },
                                        {
                                            "Worker Number": 2,
                                            "Actual Startup Time": 128.482,
                                            "Actual Total Time": 223.21,
                                            "Actual Rows": 51774,
                                            "Actual Loops": 1
                                        }
                                    ],
                                    "Plans": [
                                        {
                                            "Node Type": "Seq Scan",
                                            "Parent Relationship": "Outer",
                                            "Parallel Aware": true,
                                            "Relation Name": "movie_keyword",
                                            "Schema": "public",
                                            "Alias": "mk",
                                            "Startup Cost": 0.0,
                                            "Total Cost": 42695.65,
                                            "Plan Rows": 297961,
                                            "Plan Width": 4,
                                            "Actual Startup Time": 1.302,
                                            "Actual Total Time": 85.116,
                                            "Actual Rows": 224944,
                                            "Actual Loops": 4,
                                            "Output": [
                                                "mk.id",
                                                "mk.movie_id",
                                                "mk.keyword_id"
                                            ],
                                            "Filter": "(mk.keyword_id > 20513)",
                                            "Rows Removed by Filter": 906039,
                                            "Workers": [
                                                {
                                                    "Worker Number": 0,
                                                    "Actual Startup Time": 1.285,
                                                    "Actual Total Time": 85.101,
                                                    "Actual Rows": 218406,
                                                    "Actual Loops": 1
                                                },
                                                {
                                                    "Worker Number": 1,
                                                    "Actual Startup Time": 1.296,
                                                    "Actual Total Time": 86.09,
                                                    "Actual Rows": 215983,
                                                    "Actual Loops": 1
                                                },
                                                {
                                                    "Worker Number": 2,
                                                    "Actual Startup Time": 1.295,
                                                    "Actual Total Time": 86.244,
                                                    "Actual Rows": 216634,
                                                    "Actual Loops": 1
                                                }
                                            ]
                                        },
                                        {
                                            "Node Type": "Hash",
                                            "Parent Relationship": "Inner",
                                            "Parallel Aware": true,
                                            "Startup Cost": 45479.21,
                                            "Total Cost": 45479.21,
                                            "Plan Rows": 31324,
                                            "Plan Width": 4,
                                            "Actual Startup Time": 108.062,
                                            "Actual Total Time": 108.063,
                                            "Actual Rows": 64237,
                                            "Actual Loops": 4,
                                            "Output": [
                                                "t.id"
                                            ],
                                            "Hash Buckets": 262144,
                                            "Original Hash Buckets": 131072,
                                            "Hash Batches": 1,
                                            "Original Hash Batches": 1,
                                            "Peak Memory Usage": 13184,
                                            "Workers": [
                                                {
                                                    "Worker Number": 0,
                                                    "Actual Startup Time": 105.178,
                                                    "Actual Total Time": 105.179,
                                                    "Actual Rows": 55003,
                                                    "Actual Loops": 1
                                                },
                                                {
                                                    "Worker Number": 1,
                                                    "Actual Startup Time": 105.857,
                                                    "Actual Total Time": 105.858,
                                                    "Actual Rows": 62033,
                                                    "Actual Loops": 1
                                                },
                                                {
                                                    "Worker Number": 2,
                                                    "Actual Startup Time": 106.041,
                                                    "Actual Total Time": 106.042,
                                                    "Actual Rows": 62917,
                                                    "Actual Loops": 1
                                                }
                                            ],
                                            "Plans": [
                                                {
                                                    "Node Type": "Seq Scan",
                                                    "Parent Relationship": "Outer",
                                                    "Parallel Aware": true,
                                                    "Relation Name": "title",
                                                    "Schema": "public",
                                                    "Alias": "t",
                                                    "Startup Cost": 0.0,
                                                    "Total Cost": 45479.21,
                                                    "Plan Rows": 31324,
                                                    "Plan Width": 4,
                                                    "Actual Startup Time": 52.669,
                                                    "Actual Total Time": 87.263,
                                                    "Actual Rows": 64237,
                                                    "Actual Loops": 4,
                                                    "Output": [
                                                        "t.id"
                                                    ],
                                                    "Filter": "((t.production_year < 1977) AND (t.kind_id = 1))",
                                                    "Rows Removed by Filter": 567841,
                                                    "Workers": [
                                                        {
                                                            "Worker Number": 0,
                                                            "Actual Startup Time": 50.038,
                                                            "Actual Total Time": 84.216,
                                                            "Actual Rows": 55003,
                                                            "Actual Loops": 1
                                                        },
                                                        {
                                                            "Worker Number": 1,
                                                            "Actual Startup Time": 49.971,
                                                            "Actual Total Time": 85.729,
                                                            "Actual Rows": 62033,
                                                            "Actual Loops": 1
                                                        },
                                                        {
                                                            "Worker Number": 2,
                                                            "Actual Startup Time": 51.281,
                                                            "Actual Total Time": 86.207,
                                                            "Actual Rows": 62917,
                                                            "Actual Loops": 1
                                                        }
                                                    ]
                                                }
                                            ]
                                        }
                                    ]
                                }
                            ]
                        }
                    ]
                }
            ]
        },
        "Planning Time": 226.477,
        "Triggers": [],
        "Execution Time": 246.535
    }
]