[
  {
    "Plan": {
      "Node Type": "Aggregate",
      "Strategy": "Plain",
      "Partial Mode": "Finalize",
      "Parallel Aware": false,
      "Startup Cost": 423675.96,
      "Total Cost": 423675.97,
      "Plan Rows": 1,
      "Plan Width": 8,
      "Actual Startup Time": 1793.807,
      "Actual Total Time": 1854.269,
      "Actual Rows": 1,
      "Actual Loops": 1,
      "Plans": [
        {
          "Node Type": "Gather",
          "Parent Relationship": "Outer",
          "Parallel Aware": false,
          "Startup Cost": 423675.33,
          "Total Cost": 423675.94,
          "Plan Rows": 6,
          "Plan Width": 8,
          "Actual Startup Time": 1770.171,
          "Actual Total Time": 1854.256,
          "Actual Rows": 7,
          "Actual Loops": 1,
          "Workers Planned": 6,
          "Workers Launched": 6,
          "Single Copy": false,
          "Plans": [
            {
              "Node Type": "Aggregate",
              "Strategy": "Plain",
              "Partial Mode": "Partial",
              "Parent Relationship": "Outer",
              "Parallel Aware": false,
              "Startup Cost": 422675.33,
              "Total Cost": 422675.34,
              "Plan Rows": 1,
              "Plan Width": 8,
              "Actual Startup Time": 1760.966,
              "Actual Total Time": 1761.293,
              "Actual Rows": 1,
              "Actual Loops": 7,
              "Plans": [
                {
                  "Node Type": "Hash Join",
                  "Parent Relationship": "Outer",
                  "Parallel Aware": true,
                  "Join Type": "Inner",
                  "Startup Cost": 83034.3,
                  "Total Cost": 421165.95,
                  "Plan Rows": 603752,
                  "Plan Width": 0,
                  "Actual Startup Time": 466.687,
                  "Actual Total Time": 1708.094,
                  "Actual Rows": 916318,
                  "Actual Loops": 7,
                  "Inner Unique": false,
                  "Hash Cond": "(ci.movie_id = t.id)",
                  "Plans": [
                    {
                      "Node Type": "Seq Scan",
                      "Parent Relationship": "Outer",
                      "Parallel Aware": true,
                      "Relation Name": "cast_info",
                      "Alias": "ci",
                      "Startup Cost": 0.0,
                      "Total Cost": 328211.39,
                      "Plan Rows": 2126045,
                      "Plan Width": 4,
                      "Actual Startup Time": 0.045,
                      "Actual Total Time": 644.915,
                      "Actual Rows": 1838471,
                      "Actual Loops": 7,
                      "Filter": "(person_id < 1270090)",
                      "Rows Removed by Filter": 3339292
                    },
                    {
                      "Node Type": "Hash",
                      "Parent Relationship": "Inner",
                      "Parallel Aware": true,
                      "Startup Cost": 80139.06,
                      "Total Cost": 80139.06,
                      "Plan Rows": 231619,
                      "Plan Width": 8,
                      "Actual Startup Time": 464.311,
                      "Actual Total Time": 464.635,
                      "Actual Rows": 101399,
                      "Actual Loops": 7,
                      "Hash Buckets": 1048576,
                      "Original Hash Buckets": 1048576,
                      "Hash Batches": 1,
                      "Original Hash Batches": 1,
                      "Peak Memory Usage": 36064,
                      "Plans": [
                        {
                          "Node Type": "Hash Join",
                          "Parent Relationship": "Outer",
                          "Parallel Aware": true,
                          "Join Type": "Inner",
                          "Startup Cost": 50220.38,
                          "Total Cost": 80139.06,
                          "Plan Rows": 231619,
                          "Plan Width": 8,
                          "Actual Startup Time": 314.456,
                          "Actual Total Time": 411.045,
                          "Actual Rows": 101399,
                          "Actual Loops": 7,
                          "Inner Unique": true,
                          "Hash Cond": "(mc.movie_id = t.id)",
                          "Plans": [
                            {
                              "Node Type": "Seq Scan",
                              "Parent Relationship": "Outer",
                              "Parallel Aware": true,
                              "Relation Name": "movie_companies",
                              "Alias": "mc",
                              "Startup Cost": 0.0,
                              "Total Cost": 29310.68,
                              "Plan Rows": 231619,
                              "Plan Width": 4,
                              "Actual Startup Time": 15.05,
                              "Actual Total Time": 54.172,
                              "Actual Rows": 101399,
                              "Actual Loops": 7,
                              "Filter": "(company_id > 43936)",
                              "Rows Removed by Filter": 271334
                            },
                            {
                              "Node Type": "Hash",
                              "Parent Relationship": "Inner",
                              "Parallel Aware": true,
                              "Startup Cost": 42319.06,
                              "Total Cost": 42319.06,
                              "Plan Rows": 632106,
                              "Plan Width": 4,
                              "Actual Startup Time": 294.781,
                              "Actual Total Time": 294.783,
                              "Actual Rows": 361187,
                              "Actual Loops": 7,
                              "Hash Buckets": 4194304,
                              "Original Hash Buckets": 4194304,
                              "Hash Batches": 1,
                              "Original Hash Batches": 1,
                              "Peak Memory Usage": 131776,
                              "Plans": [
                                {
                                  "Node Type": "Seq Scan",
                                  "Parent Relationship": "Outer",
                                  "Parallel Aware": true,
                                  "Relation Name": "title",
                                  "Alias": "t",
                                  "Startup Cost": 0.0,
                                  "Total Cost": 42319.06,
                                  "Plan Rows": 632106,
                                  "Plan Width": 4,
                                  "Actual Startup Time": 0.058,
                                  "Actual Total Time": 83.854,
                                  "Actual Rows": 361187,
                                  "Actual Loops": 7
                                }
                              ]
                            }
                          ]
                        }
                      ]
                    }
                  ]
                }
              ]
            }
          ]
        }
      ]
    },
    "Planning Time": 0.431,
    "Triggers": [],
    "Execution Time": 1854.33
  }
]