{
  "Plan": {
    "Node Type": "Aggregate",
    "Strategy": "Plain",
    "Partial Mode": "Finalize",
    "Parallel Aware": false,
    "Startup Cost": 332993.09,
    "Total Cost": 332993.1,
    "Plan Rows": 1,
    "Plan Width": 8,
    "Actual Startup Time": 1907.8,
    "Actual Total Time": 1952.669,
    "Actual Rows": 1,
    "Actual Loops": 1,
    "Plans": [
      {
        "Node Type": "Gather",
        "Parent Relationship": "Outer",
        "Parallel Aware": false,
        "Startup Cost": 332992.98,
        "Total Cost": 332993.09,
        "Plan Rows": 1,
        "Plan Width": 8,
        "Actual Startup Time": 1906.852,
        "Actual Total Time": 1952.658,
        "Actual Rows": 2,
        "Actual Loops": 1,
        "Workers Planned": 1,
        "Workers Launched": 1,
        "Single Copy": false,
        "Plans": [
          {
            "Node Type": "Aggregate",
            "Strategy": "Plain",
            "Partial Mode": "Partial",
            "Parent Relationship": "Outer",
            "Parallel Aware": false,
            "Startup Cost": 331992.98,
            "Total Cost": 331992.99,
            "Plan Rows": 1,
            "Plan Width": 8,
            "Actual Startup Time": 1900.949,
            "Actual Total Time": 1900.953,
            "Actual Rows": 1,
            "Actual Loops": 2,
            "Plans": [
              {
                "Node Type": "Hash Join",
                "Parent Relationship": "Outer",
                "Parallel Aware": true,
                "Join Type": "Inner",
                "Startup Cost": 56740.39,
                "Total Cost": 328523.88,
                "Plan Rows": 1387641,
                "Plan Width": 0,
                "Actual Startup Time": 161.185,
                "Actual Total Time": 1823.098,
                "Actual Rows": 1939017,
                "Actual Loops": 2,
                "Inner Unique": true,
                "Hash Cond": "(mi.movie_id = t.id)",
                "Plans": [
                  {
                    "Node Type": "Seq Scan",
                    "Parent Relationship": "Outer",
                    "Parallel Aware": true,
                    "Relation Name": "movie_info",
                    "Alias": "mi",
                    "Startup Cost": 0.0,
                    "Total Cost": 248955.74,
                    "Plan Rows": 8696274,
                    "Plan Width": 4,
                    "Actual Startup Time": 0.011,
                    "Actual Total Time": 619.381,
                    "Actual Rows": 7417860,
                    "Actual Loops": 2
                  },
                  {
                    "Node Type": "Hash",
                    "Parent Relationship": "Inner",
                    "Parallel Aware": true,
                    "Startup Cost": 53773.97,
                    "Total Cost": 53773.97,
                    "Plan Rows": 237314,
                    "Plan Width": 4,
                    "Actual Startup Time": 131.973,
                    "Actual Total Time": 131.975,
                    "Actual Rows": 148384,
                    "Actual Loops": 2,
                    "Hash Buckets": 524288,
                    "Original Hash Buckets": 524288,
                    "Hash Batches": 1,
                    "Original Hash Batches": 1,
                    "Peak Memory Usage": 15744,
                    "Plans": [
                      {
                        "Node Type": "Bitmap Heap Scan",
                        "Parent Relationship": "Outer",
                        "Parallel Aware": true,
                        "Relation Name": "title",
                        "Alias": "t",
                        "Startup Cost": 11923.71,
                        "Total Cost": 53773.97,
                        "Plan Rows": 237314,
                        "Plan Width": 4,
                        "Actual Startup Time": 34.829,
                        "Actual Total Time": 98.993,
                        "Actual Rows": 148384,
                        "Actual Loops": 2,
                        "Recheck Cond": "(kind_id = 1)",
                        "Rows Removed by Index Recheck": 0,
                        "Filter": "(production_year > 1997)",
                        "Rows Removed by Filter": 183028,
                        "Exact Heap Blocks": 8269,
                        "Lossy Heap Blocks": 0,
                        "Plans": [
                          {
                            "Node Type": "Bitmap Index Scan",
                            "Parent Relationship": "Outer",
                            "Parallel Aware": false,
                            "Index Name": "kind_id_title",
                            "Startup Cost": 0.0,
                            "Total Cost": 11822.85,
                            "Plan Rows": 663256,
                            "Plan Width": 0,
                            "Actual Startup Time": 33.395,
                            "Actual Total Time": 33.396,
                            "Actual Rows": 662825,
                            "Actual Loops": 1,
                            "Index Cond": "(kind_id = 1)"
                          }
                        ]
                      }
                    ]
                  }
                ]
              }
            ]
          }
        ]
      }
    ]
  },
  "Planning Time": 0.597,
  "Triggers": [],
  "Execution Time": 1952.772
}