[
  {
    "Plan": {
      "Node Type": "Aggregate",
      "Strategy": "Plain",
      "Partial Mode": "Finalize",
      "Parallel Aware": false,
      "Startup Cost": 307949.7,
      "Total Cost": 307949.71,
      "Plan Rows": 1,
      "Plan Width": 8,
      "Actual Startup Time": 3890.242,
      "Actual Total Time": 3934.725,
      "Actual Rows": 1,
      "Actual Loops": 1,
      "Plans": [
        {
          "Node Type": "Gather",
          "Parent Relationship": "Outer",
          "Parallel Aware": false,
          "Startup Cost": 307949.18,
          "Total Cost": 307949.69,
          "Plan Rows": 5,
          "Plan Width": 8,
          "Actual Startup Time": 3870.018,
          "Actual Total Time": 3934.698,
          "Actual Rows": 6,
          "Actual Loops": 1,
          "Workers Planned": 5,
          "Workers Launched": 5,
          "Single Copy": false,
          "Plans": [
            {
              "Node Type": "Aggregate",
              "Strategy": "Plain",
              "Partial Mode": "Partial",
              "Parent Relationship": "Outer",
              "Parallel Aware": false,
              "Startup Cost": 306949.18,
              "Total Cost": 306949.19,
              "Plan Rows": 1,
              "Plan Width": 8,
              "Actual Startup Time": 3860.691,
              "Actual Total Time": 3861.321,
              "Actual Rows": 1,
              "Actual Loops": 6,
              "Plans": [
                {
                  "Node Type": "Hash Join",
                  "Parent Relationship": "Outer",
                  "Parallel Aware": true,
                  "Join Type": "Inner",
                  "Startup Cost": 95555.92,
                  "Total Cost": 304646.49,
                  "Plan Rows": 921075,
                  "Plan Width": 0,
                  "Actual Startup Time": 569.845,
                  "Actual Total Time": 2866.43,
                  "Actual Rows": 21371797,
                  "Actual Loops": 6,
                  "Inner Unique": false,
                  "Hash Cond": "(mi.movie_id = t.id)",
                  "Plans": [
                    {
                      "Node Type": "Seq Scan",
                      "Parent Relationship": "Outer",
                      "Parallel Aware": true,
                      "Relation Name": "movie_info",
                      "Alias": "mi",
                      "Startup Cost": 0.0,
                      "Total Cost": 199108.24,
                      "Plan Rows": 1869633,
                      "Plan Width": 4,
                      "Actual Startup Time": 18.861,
                      "Actual Total Time": 364.522,
                      "Actual Rows": 1570867,
                      "Actual Loops": 6,
                      "Filter": "(info_type_id > 5)",
                      "Rows Removed by Filter": 901753
                    },
                    {
                      "Node Type": "Hash",
                      "Parent Relationship": "Inner",
                      "Parallel Aware": true,
                      "Startup Cost": 90533.23,
                      "Total Cost": 90533.23,
                      "Plan Rows": 401815,
                      "Plan Width": 8,
                      "Actual Startup Time": 547.254,
                      "Actual Total Time": 547.881,
                      "Actual Rows": 385040,
                      "Actual Loops": 6,
                      "Hash Buckets": 4194304,
                      "Original Hash Buckets": 2097152,
                      "Hash Batches": 1,
                      "Original Hash Batches": 1,
                      "Peak Memory Usage": 139584,
                      "Plans": [
                        {
                          "Node Type": "Hash Join",
                          "Parent Relationship": "Outer",
                          "Parallel Aware": true,
                          "Join Type": "Inner",
                          "Startup Cost": 47655.15,
                          "Total Cost": 90533.23,
                          "Plan Rows": 401815,
                          "Plan Width": 8,
                          "Actual Startup Time": 141.63,
                          "Actual Total Time": 347.154,
                          "Actual Rows": 385040,
                          "Actual Loops": 6,
                          "Inner Unique": true,
                          "Hash Cond": "(mk.movie_id = t.id)",
                          "Plans": [
                            {
                              "Node Type": "Seq Scan",
                              "Parent Relationship": "Outer",
                              "Parallel Aware": true,
                              "Relation Name": "movie_keyword",
                              "Alias": "mk",
                              "Startup Cost": 0.0,
                              "Total Cost": 39047.32,
                              "Plan Rows": 1459332,
                              "Plan Width": 4,
                              "Actual Startup Time": 0.031,
                              "Actual Total Time": 77.708,
                              "Actual Rows": 753988,
                              "Actual Loops": 6
                            },
                            {
                              "Node Type": "Hash",
                              "Parent Relationship": "Inner",
                              "Parallel Aware": true,
                              "Startup Cost": 45479.59,
                              "Total Cost": 45479.59,
                              "Plan Rows": 174045,
                              "Plan Width": 4,
                              "Actual Startup Time": 140.417,
                              "Actual Total Time": 140.419,
                              "Actual Rows": 99194,
                              "Actual Loops": 6,
                              "Hash Buckets": 1048576,
                              "Original Hash Buckets": 1048576,
                              "Hash Batches": 1,
                              "Original Hash Batches": 1,
                              "Peak Memory Usage": 31552,
                              "Plans": [
                                {
                                  "Node Type": "Seq Scan",
                                  "Parent Relationship": "Outer",
                                  "Parallel Aware": true,
                                  "Relation Name": "title",
                                  "Alias": "t",
                                  "Startup Cost": 0.0,
                                  "Total Cost": 45479.59,
                                  "Plan Rows": 174045,
                                  "Plan Width": 4,
                                  "Actual Startup Time": 0.054,
                                  "Actual Total Time": 90.698,
                                  "Actual Rows": 99194,
                                  "Actual Loops": 6,
                                  "Filter": "((kind_id < 7) AND (production_year > 1989))",
                                  "Rows Removed by Filter": 322191
                                }
                              ]
                            }
                          ]
                        }
                      ]
                    }
                  ]
                }
              ]
            }
          ]
        }
      ]
    },
    "Planning Time": 0.528,
    "Triggers": [],
    "Execution Time": 3934.77
  }
]