[
  {
    "Plan": {
      "Node Type": "Aggregate",
      "Strategy": "Plain",
      "Partial Mode": "Finalize",
      "Parallel Aware": false,
      "Startup Cost": 336257.81,
      "Total Cost": 336257.82,
      "Plan Rows": 1,
      "Plan Width": 8,
      "Actual Startup Time": 331.253,
      "Actual Total Time": 347.598,
      "Actual Rows": 1,
      "Actual Loops": 1,
      "Plans": [
        {
          "Node Type": "Gather",
          "Parent Relationship": "Outer",
          "Parallel Aware": false,
          "Startup Cost": 336257.19,
          "Total Cost": 336257.8,
          "Plan Rows": 6,
          "Plan Width": 8,
          "Actual Startup Time": 330.107,
          "Actual Total Time": 347.581,
          "Actual Rows": 7,
          "Actual Loops": 1,
          "Workers Planned": 6,
          "Workers Launched": 6,
          "Single Copy": false,
          "Plans": [
            {
              "Node Type": "Aggregate",
              "Strategy": "Plain",
              "Partial Mode": "Partial",
              "Parent Relationship": "Outer",
              "Parallel Aware": false,
              "Startup Cost": 335257.19,
              "Total Cost": 335257.2,
              "Plan Rows": 1,
              "Plan Width": 8,
              "Actual Startup Time": 319.169,
              "Actual Total Time": 319.172,
              "Actual Rows": 1,
              "Actual Loops": 7,
              "Plans": [
                {
                  "Node Type": "Bitmap Heap Scan",
                  "Parent Relationship": "Outer",
                  "Parallel Aware": true,
                  "Relation Name": "cast_info",
                  "Alias": "ci",
                  "Startup Cost": 73112.15,
                  "Total Cost": 334092.8,
                  "Plan Rows": 465753,
                  "Plan Width": 0,
                  "Actual Startup Time": 167.575,
                  "Actual Total Time": 317.154,
                  "Actual Rows": 17602,
                  "Actual Loops": 7,
                  "Recheck Cond": "(person_id > 3464880)",
                  "Rows Removed by Index Recheck": 0,
                  "Filter": "(role_id < 9)",
                  "Rows Removed by Filter": 445665,
                  "Exact Heap Blocks": 12772,
                  "Lossy Heap Blocks": 0,
                  "Plans": [
                    {
                      "Node Type": "Bitmap Index Scan",
                      "Parent Relationship": "Outer",
                      "Parallel Aware": false,
                      "Index Name": "person_id_cast_info",
                      "Startup Cost": 0.0,
                      "Total Cost": 72413.52,
                      "Plan Rows": 3317461,
                      "Plan Width": 0,
                      "Actual Startup Time": 169.916,
                      "Actual Total Time": 169.916,
                      "Actual Rows": 3242871,
                      "Actual Loops": 1,
                      "Index Cond": "(person_id > 3464880)"
                    }
                  ]
                }
              ]
            }
          ]
        }
      ]
    },
    "Planning Time": 0.193,
    "Triggers": [],
    "Execution Time": 347.674
  }
]