[
  {
    "Plan": {
      "Node Type": "Aggregate",
      "Strategy": "Plain",
      "Partial Mode": "Finalize",
      "Parallel Aware": false,
      "Startup Cost": 337879.09,
      "Total Cost": 337879.1,
      "Plan Rows": 1,
      "Plan Width": 8,
      "Actual Startup Time": 310.473,
      "Actual Total Time": 322.917,
      "Actual Rows": 1,
      "Actual Loops": 1,
      "Plans": [
        {
          "Node Type": "Gather",
          "Parent Relationship": "Outer",
          "Parallel Aware": false,
          "Startup Cost": 337878.47,
          "Total Cost": 337879.08,
          "Plan Rows": 6,
          "Plan Width": 8,
          "Actual Startup Time": 309.955,
          "Actual Total Time": 322.907,
          "Actual Rows": 7,
          "Actual Loops": 1,
          "Workers Planned": 6,
          "Workers Launched": 6,
          "Single Copy": false,
          "Plans": [
            {
              "Node Type": "Aggregate",
              "Strategy": "Plain",
              "Partial Mode": "Partial",
              "Parent Relationship": "Outer",
              "Parallel Aware": false,
              "Startup Cost": 336878.47,
              "Total Cost": 336878.48,
              "Plan Rows": 1,
              "Plan Width": 8,
              "Actual Startup Time": 300.065,
              "Actual Total Time": 300.066,
              "Actual Rows": 1,
              "Actual Loops": 7,
              "Plans": [
                {
                  "Node Type": "Bitmap Heap Scan",
                  "Parent Relationship": "Outer",
                  "Parallel Aware": true,
                  "Relation Name": "cast_info",
                  "Alias": "ci",
                  "Startup Cost": 74552.35,
                  "Total Cost": 335692.82,
                  "Plan Rows": 474258,
                  "Plan Width": 0,
                  "Actual Startup Time": 184.302,
                  "Actual Total Time": 298.278,
                  "Actual Rows": 17602,
                  "Actual Loops": 7,
                  "Recheck Cond": "(person_id > 3464880)",
                  "Rows Removed by Index Recheck": 0,
                  "Filter": "(role_id < 9)",
                  "Rows Removed by Filter": 445665,
                  "Exact Heap Blocks": 11688,
                  "Lossy Heap Blocks": 0,
                  "Plans": [
                    {
                      "Node Type": "Bitmap Index Scan",
                      "Parent Relationship": "Outer",
                      "Parallel Aware": false,
                      "Index Name": "person_id_cast_info",
                      "Startup Cost": 0.0,
                      "Total Cost": 73840.97,
                      "Plan Rows": 3381387,
                      "Plan Width": 0,
                      "Actual Startup Time": 185.345,
                      "Actual Total Time": 185.345,
                      "Actual Rows": 3242871,
                      "Actual Loops": 1,
                      "Index Cond": "(person_id > 3464880)"
                    }
                  ]
                }
              ]
            }
          ]
        }
      ]
    },
    "Planning Time": 0.23,
    "Triggers": [],
    "Execution Time": 323.006
  }
]