[
    {
        "Bao": {
            "Bao prediction": 201.561,
            "Bao recommended hint": "(no hint)"
        }
    },
    {
        "Plan": {
            "Node Type": "Aggregate",
            "Strategy": "Plain",
            "Partial Mode": "Simple",
            "Parallel Aware": false,
            "Startup Cost": 6243.41,
            "Total Cost": 6243.42,
            "Plan Rows": 1,
            "Plan Width": 96,
            "Actual Startup Time": 147.321,
            "Actual Total Time": 147.326,
            "Actual Rows": 1,
            "Actual Loops": 1,
            "Output": [
                "min(cn.name)",
                "min(mc.note)",
                "min(t.title)"
            ],
            "Plans": [
                {
                    "Node Type": "Nested Loop",
                    "Parent Relationship": "Outer",
                    "Parallel Aware": false,
                    "Join Type": "Inner",
                    "Startup Cost": 12.36,
                    "Total Cost": 6243.16,
                    "Plan Rows": 33,
                    "Plan Width": 60,
                    "Actual Startup Time": 37.533,
                    "Actual Total Time": 147.158,
                    "Actual Rows": 527,
                    "Actual Loops": 1,
                    "Output": [
                        "cn.name",
                        "mc.note",
                        "t.title"
                    ],
                    "Inner Unique": true,
                    "Plans": [
                        {
                            "Node Type": "Nested Loop",
                            "Parent Relationship": "Outer",
                            "Parallel Aware": false,
                            "Join Type": "Inner",
                            "Startup Cost": 11.94,
                            "Total Cost": 6226.45,
                            "Plan Rows": 37,
                            "Plan Width": 45,
                            "Actual Startup Time": 37.486,
                            "Actual Total Time": 145.707,
                            "Actual Rows": 527,
                            "Actual Loops": 1,
                            "Output": [
                                "mc.note",
                                "mc.company_id",
                                "t.title"
                            ],
                            "Inner Unique": true,
                            "Join Filter": "(mc.company_type_id = ct.id)",
                            "Rows Removed by Join Filter": 39630,
                            "Plans": [
                                {
                                    "Node Type": "Nested Loop",
                                    "Parent Relationship": "Outer",
                                    "Parallel Aware": false,
                                    "Join Type": "Inner",
                                    "Startup Cost": 11.94,
                                    "Total Cost": 6223.42,
                                    "Plan Rows": 50,
                                    "Plan Width": 49,
                                    "Actual Startup Time": 5.973,
                                    "Actual Total Time": 138.125,
                                    "Actual Rows": 13737,
                                    "Actual Loops": 1,
                                    "Output": [
                                        "mc.note",
                                        "mc.company_type_id",
                                        "mc.company_id",
                                        "t.title"
                                    ],
                                    "Inner Unique": false,
                                    "Join Filter": "(ml.movie_id = mc.movie_id)",
                                    "Rows Removed by Join Filter": 0,
                                    "Plans": [
                                        {
                                            "Node Type": "Nested Loop",
                                            "Parent Relationship": "Outer",
                                            "Parallel Aware": false,
                                            "Join Type": "Inner",
                                            "Startup Cost": 11.51,
                                            "Total Cost": 6212.39,
                                            "Plan Rows": 19,
                                            "Plan Width": 29,
                                            "Actual Startup Time": 4.839,
                                            "Actual Total Time": 130.169,
                                            "Actual Rows": 649,
                                            "Actual Loops": 1,
                                            "Output": [
                                                "mk.movie_id",
                                                "ml.movie_id",
                                                "t.title",
                                                "t.id"
                                            ],
                                            "Inner Unique": true,
                                            "Join Filter": "(ml.link_type_id = lt.id)",
                                            "Rows Removed by Join Filter": 2593,
                                            "Plans": [
                                                {
                                                    "Node Type": "Nested Loop",
                                                    "Parent Relationship": "Outer",
                                                    "Parallel Aware": false,
                                                    "Join Type": "Inner",
                                                    "Startup Cost": 11.51,
                                                    "Total Cost": 6206.28,
                                                    "Plan Rows": 19,
                                                    "Plan Width": 33,
                                                    "Actual Startup Time": 4.815,
                                                    "Actual Total Time": 129.48,
                                                    "Actual Rows": 649,
                                                    "Actual Loops": 1,
                                                    "Output": [
                                                        "mk.movie_id",
                                                        "ml.link_type_id",
                                                        "ml.movie_id",
                                                        "t.title",
                                                        "t.id"
                                                    ],
                                                    "Inner Unique": true,
                                                    "Join Filter": "(ml.movie_id = t.id)",
                                                    "Rows Removed by Join Filter": 0,
                                                    "Plans": [
                                                        {
                                                            "Node Type": "Nested Loop",
                                                            "Parent Relationship": "Outer",
                                                            "Parallel Aware": false,
                                                            "Join Type": "Inner",
                                                            "Startup Cost": 11.08,
                                                            "Total Cost": 6190.71,
                                                            "Plan Rows": 31,
                                                            "Plan Width": 12,
                                                            "Actual Startup Time": 4.717,
                                                            "Actual Total Time": 125.665,
                                                            "Actual Rows": 919,
                                                            "Actual Loops": 1,
                                                            "Output": [
                                                                "mk.movie_id",
                                                                "ml.link_type_id",
                                                                "ml.movie_id"
                                                            ],
                                                            "Inner Unique": false,
                                                            "Plans": [
                                                                {
                                                                    "Node Type": "Nested Loop",
                                                                    "Parent Relationship": "Outer",
                                                                    "Parallel Aware": false,
                                                                    "Join Type": "Inner",
                                                                    "Startup Cost": 10.8,
                                                                    "Total Cost": 6147.76,
                                                                    "Plan Rows": 101,
                                                                    "Plan Width": 4,
                                                                    "Actual Startup Time": 4.624,
                                                                    "Actual Total Time": 91.514,
                                                                    "Actual Rows": 24528,
                                                                    "Actual Loops": 1,
                                                                    "Output": [
                                                                        "mk.movie_id"
                                                                    ],
                                                                    "Inner Unique": false,
                                                                    "Plans": [
                                                                        {
                                                                            "Node Type": "Seq Scan",
                                                                            "Parent Relationship": "Outer",
                                                                            "Parallel Aware": false,
                                                                            "Relation Name": "keyword",
                                                                            "Schema": "public",
                                                                            "Alias": "k",
                                                                            "Startup Cost": 0.0,
                                                                            "Total Cost": 2793.84,
                                                                            "Plan Rows": 3,
                                                                            "Plan Width": 4,
                                                                            "Actual Startup Time": 3.046,
                                                                            "Actual Total Time": 21.415,
                                                                            "Actual Rows": 3,
                                                                            "Actual Loops": 1,
                                                                            "Output": [
                                                                                "k.id",
                                                                                "k.keyword",
                                                                                "k.phonetic_code"
                                                                            ],
                                                                            "Filter": "(k.keyword = ANY ('{gore,murder,second-part}'::text[]))",
                                                                            "Rows Removed by Filter": 134167
                                                                        },
                                                                        {
                                                                            "Node Type": "Bitmap Heap Scan",
                                                                            "Parent Relationship": "Inner",
                                                                            "Parallel Aware": false,
                                                                            "Relation Name": "movie_keyword",
                                                                            "Schema": "public",
                                                                            "Alias": "mk",
                                                                            "Startup Cost": 10.8,
                                                                            "Total Cost": 1114.92,
                                                                            "Plan Rows": 305,
                                                                            "Plan Width": 8,
                                                                            "Actual Startup Time": 2.796,
                                                                            "Actual Total Time": 21.896,
                                                                            "Actual Rows": 8176,
                                                                            "Actual Loops": 3,
                                                                            "Output": [
                                                                                "mk.id",
                                                                                "mk.movie_id",
                                                                                "mk.keyword_id"
                                                                            ],
                                                                            "Recheck Cond": "(mk.keyword_id = k.id)",
                                                                            "Rows Removed by Index Recheck": 0,
                                                                            "Exact Heap Blocks": 16452,
                                                                            "Lossy Heap Blocks": 0,
                                                                            "Plans": [
                                                                                {
                                                                                    "Node Type": "Bitmap Index Scan",
                                                                                    "Parent Relationship": "Outer",
                                                                                    "Parallel Aware": false,
                                                                                    "Index Name": "keyword_id_movie_keyword",
                                                                                    "Startup Cost": 0.0,
                                                                                    "Total Cost": 10.72,
                                                                                    "Plan Rows": 305,
                                                                                    "Plan Width": 0,
                                                                                    "Actual Startup Time": 1.7,
                                                                                    "Actual Total Time": 1.7,
                                                                                    "Actual Rows": 8176,
                                                                                    "Actual Loops": 3,
                                                                                    "Index Cond": "(mk.keyword_id = k.id)"
                                                                                }
                                                                            ]
                                                                        }
                                                                    ]
                                                                },
                                                                {
                                                                    "Node Type": "Index Scan",
                                                                    "Parent Relationship": "Inner",
                                                                    "Parallel Aware": false,
                                                                    "Scan Direction": "Forward",
                                                                    "Index Name": "movie_id_movie_link",
                                                                    "Relation Name": "movie_link",
                                                                    "Schema": "public",
                                                                    "Alias": "ml",
                                                                    "Startup Cost": 0.29,
                                                                    "Total Cost": 0.38,
                                                                    "Plan Rows": 5,
                                                                    "Plan Width": 8,
                                                                    "Actual Startup Time": 0.001,
                                                                    "Actual Total Time": 0.001,
                                                                    "Actual Rows": 0,
                                                                    "Actual Loops": 24528,
                                                                    "Output": [
                                                                        "ml.id",
                                                                        "ml.movie_id",
                                                                        "ml.linked_movie_id",
                                                                        "ml.link_type_id"
                                                                    ],
                                                                    "Index Cond": "(ml.movie_id = mk.movie_id)",
                                                                    "Rows Removed by Index Recheck": 0
                                                                }
                                                            ]
                                                        },
                                                        {
                                                            "Node Type": "Index Scan",
                                                            "Parent Relationship": "Inner",
                                                            "Parallel Aware": false,
                                                            "Scan Direction": "Forward",
                                                            "Index Name": "title_pkey",
                                                            "Relation Name": "title",
                                                            "Schema": "public",
                                                            "Alias": "t",
                                                            "Startup Cost": 0.43,
                                                            "Total Cost": 0.49,
                                                            "Plan Rows": 1,
                                                            "Plan Width": 21,
                                                            "Actual Startup Time": 0.004,
                                                            "Actual Total Time": 0.004,
                                                            "Actual Rows": 1,
                                                            "Actual Loops": 919,
                                                            "Output": [
                                                                "t.id",
                                                                "t.title",
                                                                "t.imdb_index",
                                                                "t.kind_id",
                                                                "t.production_year",
                                                                "t.imdb_id",
                                                                "t.phonetic_code",
                                                                "t.episode_of_id",
                                                                "t.season_nr",
                                                                "t.episode_nr",
                                                                "t.series_years",
                                                                "t.md5sum"
                                                            ],
                                                            "Index Cond": "(t.id = mk.movie_id)",
                                                            "Rows Removed by Index Recheck": 0,
                                                            "Filter": "(t.production_year > 1997)",
                                                            "Rows Removed by Filter": 0
                                                        }
                                                    ]
                                                },
                                                {
                                                    "Node Type": "Materialize",
                                                    "Parent Relationship": "Inner",
                                                    "Parallel Aware": false,
                                                    "Startup Cost": 0.0,
                                                    "Total Cost": 1.27,
                                                    "Plan Rows": 18,
                                                    "Plan Width": 4,
                                                    "Actual Startup Time": 0.0,
                                                    "Actual Total Time": 0.0,
                                                    "Actual Rows": 5,
                                                    "Actual Loops": 649,
                                                    "Output": [
                                                        "lt.id"
                                                    ],
                                                    "Plans": [
                                                        {
                                                            "Node Type": "Seq Scan",
                                                            "Parent Relationship": "Outer",
                                                            "Parallel Aware": false,
                                                            "Relation Name": "link_type",
                                                            "Schema": "public",
                                                            "Alias": "lt",
                                                            "Startup Cost": 0.0,
                                                            "Total Cost": 1.18,
                                                            "Plan Rows": 18,
                                                            "Plan Width": 4,
                                                            "Actual Startup Time": 0.013,
                                                            "Actual Total Time": 0.02,
                                                            "Actual Rows": 16,
                                                            "Actual Loops": 1,
                                                            "Output": [
                                                                "lt.id"
                                                            ]
                                                        }
                                                    ]
                                                }
                                            ]
                                        },
                                        {
                                            "Node Type": "Index Scan",
                                            "Parent Relationship": "Inner",
                                            "Parallel Aware": false,
                                            "Scan Direction": "Forward",
                                            "Index Name": "movie_id_movie_companies",
                                            "Relation Name": "movie_companies",
                                            "Schema": "public",
                                            "Alias": "mc",
                                            "Startup Cost": 0.43,
                                            "Total Cost": 0.54,
                                            "Plan Rows": 3,
                                            "Plan Width": 36,
                                            "Actual Startup Time": 0.004,
                                            "Actual Total Time": 0.009,
                                            "Actual Rows": 21,
                                            "Actual Loops": 649,
                                            "Output": [
                                                "mc.id",
                                                "mc.movie_id",
                                                "mc.company_id",
                                                "mc.company_type_id",
                                                "mc.note"
                                            ],
                                            "Index Cond": "(mc.movie_id = mk.movie_id)",
                                            "Rows Removed by Index Recheck": 0,
                                            "Filter": "(mc.note IS NOT NULL)",
                                            "Rows Removed by Filter": 2
                                        }
                                    ]
                                },
                                {
                                    "Node Type": "Materialize",
                                    "Parent Relationship": "Inner",
                                    "Parallel Aware": false,
                                    "Startup Cost": 0.0,
                                    "Total Cost": 1.06,
                                    "Plan Rows": 3,
                                    "Plan Width": 4,
                                    "Actual Startup Time": 0.0,
                                    "Actual Total Time": 0.0,
                                    "Actual Rows": 3,
                                    "Actual Loops": 13737,
                                    "Output": [
                                        "ct.id"
                                    ],
                                    "Plans": [
                                        {
                                            "Node Type": "Seq Scan",
                                            "Parent Relationship": "Outer",
                                            "Parallel Aware": false,
                                            "Relation Name": "company_type",
                                            "Schema": "public",
                                            "Alias": "ct",
                                            "Startup Cost": 0.0,
                                            "Total Cost": 1.05,
                                            "Plan Rows": 3,
                                            "Plan Width": 4,
                                            "Actual Startup Time": 0.015,
                                            "Actual Total Time": 0.017,
                                            "Actual Rows": 3,
                                            "Actual Loops": 1,
                                            "Output": [
                                                "ct.id"
                                            ],
                                            "Filter": "((ct.kind IS NOT NULL) AND ((ct.kind)::text <> 'distributors'::text))",
                                            "Rows Removed by Filter": 1
                                        }
                                    ]
                                }
                            ]
                        },
                        {
                            "Node Type": "Index Scan",
                            "Parent Relationship": "Inner",
                            "Parallel Aware": false,
                            "Scan Direction": "Forward",
                            "Index Name": "company_name_pkey",
                            "Relation Name": "company_name",
                            "Schema": "public",
                            "Alias": "cn",
                            "Startup Cost": 0.42,
                            "Total Cost": 0.45,
                            "Plan Rows": 1,
                            "Plan Width": 23,
                            "Actual Startup Time": 0.002,
                            "Actual Total Time": 0.002,
                            "Actual Rows": 1,
                            "Actual Loops": 527,
                            "Output": [
                                "cn.id",
                                "cn.name",
                                "cn.country_code",
                                "cn.imdb_id",
                                "cn.name_pcode_nf",
                                "cn.name_pcode_sf",
                                "cn.md5sum"
                            ],
                            "Index Cond": "(cn.id = mc.company_id)",
                            "Rows Removed by Index Recheck": 0,
                            "Filter": "((cn.country_code)::text <> '[pl]'::text)",
                            "Rows Removed by Filter": 0
                        }
                    ]
                }
            ]
        },
        "Planning Time": 2562.755,
        "Triggers": [],
        "Execution Time": 148.201
    }
]