{
  "Plan": {
    "Node Type": "Aggregate",
    "Strategy": "Plain",
    "Partial Mode": "Finalize",
    "Parallel Aware": false,
    "Startup Cost": 97269.74,
    "Total Cost": 97269.75,
    "Plan Rows": 1,
    "Plan Width": 8,
    "Actual Startup Time": 649.296,
    "Actual Total Time": 675.056,
    "Actual Rows": 1,
    "Actual Loops": 1,
    "Plans": [
      {
        "Node Type": "Gather",
        "Parent Relationship": "Outer",
        "Parallel Aware": false,
        "Startup Cost": 97269.62,
        "Total Cost": 97269.73,
        "Plan Rows": 1,
        "Plan Width": 8,
        "Actual Startup Time": 643.275,
        "Actual Total Time": 675.046,
        "Actual Rows": 2,
        "Actual Loops": 1,
        "Workers Planned": 1,
        "Workers Launched": 1,
        "Single Copy": false,
        "Plans": [
          {
            "Node Type": "Aggregate",
            "Strategy": "Plain",
            "Partial Mode": "Partial",
            "Parent Relationship": "Outer",
            "Parallel Aware": false,
            "Startup Cost": 96269.62,
            "Total Cost": 96269.63,
            "Plan Rows": 1,
            "Plan Width": 8,
            "Actual Startup Time": 631.397,
            "Actual Total Time": 631.401,
            "Actual Rows": 1,
            "Actual Loops": 2,
            "Plans": [
              {
                "Node Type": "Hash Join",
                "Parent Relationship": "Outer",
                "Parallel Aware": true,
                "Join Type": "Inner",
                "Startup Cost": 70209.92,
                "Total Cost": 96217.86,
                "Plan Rows": 20705,
                "Plan Width": 0,
                "Actual Startup Time": 605.811,
                "Actual Total Time": 630.267,
                "Actual Rows": 17961,
                "Actual Loops": 2,
                "Inner Unique": true,
                "Hash Cond": "(mk.movie_id = t.id)",
                "Plans": [
                  {
                    "Node Type": "Bitmap Heap Scan",
                    "Parent Relationship": "Outer",
                    "Parallel Aware": true,
                    "Relation Name": "movie_keyword",
                    "Alias": "mk",
                    "Startup Cost": 749.22,
                    "Total Cost": 26702.81,
                    "Plan Rows": 20705,
                    "Plan Width": 4,
                    "Actual Startup Time": 5.937,
                    "Actual Total Time": 22.856,
                    "Actual Rows": 17961,
                    "Actual Loops": 2,
                    "Recheck Cond": "(keyword_id > 106936)",
                    "Rows Removed by Index Recheck": 0,
                    "Exact Heap Blocks": 5208,
                    "Lossy Heap Blocks": 0,
                    "Plans": [
                      {
                        "Node Type": "Bitmap Index Scan",
                        "Parent Relationship": "Outer",
                        "Parallel Aware": false,
                        "Index Name": "keyword_id_movie_keyword",
                        "Startup Cost": 0.0,
                        "Total Cost": 740.43,
                        "Plan Rows": 35199,
                        "Plan Width": 0,
                        "Actual Startup Time": 3.752,
                        "Actual Total Time": 3.753,
                        "Actual Rows": 35922,
                        "Actual Loops": 1,
                        "Index Cond": "(keyword_id > 106936)"
                      }
                    ]
                  },
                  {
                    "Node Type": "Hash",
                    "Parent Relationship": "Inner",
                    "Parallel Aware": true,
                    "Startup Cost": 50870.31,
                    "Total Cost": 50870.31,
                    "Plan Rows": 1487231,
                    "Plan Width": 4,
                    "Actual Startup Time": 576.551,
                    "Actual Total Time": 576.551,
                    "Actual Rows": 1264156,
                    "Actual Loops": 2,
                    "Hash Buckets": 4194304,
                    "Original Hash Buckets": 4194304,
                    "Hash Batches": 1,
                    "Original Hash Batches": 1,
                    "Peak Memory Usage": 131712,
                    "Plans": [
                      {
                        "Node Type": "Seq Scan",
                        "Parent Relationship": "Outer",
                        "Parallel Aware": true,
                        "Relation Name": "title",
                        "Alias": "t",
                        "Startup Cost": 0.0,
                        "Total Cost": 50870.31,
                        "Plan Rows": 1487231,
                        "Plan Width": 4,
                        "Actual Startup Time": 0.033,
                        "Actual Total Time": 180.234,
                        "Actual Rows": 1264156,
                        "Actual Loops": 2
                      }
                    ]
                  }
                ]
              }
            ]
          }
        ]
      }
    ]
  },
  "Planning Time": 0.66,
  "Triggers": [],
  "Execution Time": 675.144
}