{
  "Plan": {
    "Node Type": "Aggregate",
    "Strategy": "Plain",
    "Partial Mode": "Finalize",
    "Parallel Aware": false,
    "Startup Cost": 143173.36,
    "Total Cost": 143173.37,
    "Plan Rows": 1,
    "Plan Width": 8,
    "Actual Startup Time": 591.254,
    "Actual Total Time": 605.981,
    "Actual Rows": 1,
    "Actual Loops": 1,
    "Plans": [
      {
        "Node Type": "Gather",
        "Parent Relationship": "Outer",
        "Parallel Aware": false,
        "Startup Cost": 143173.25,
        "Total Cost": 143173.36,
        "Plan Rows": 1,
        "Plan Width": 8,
        "Actual Startup Time": 590.973,
        "Actual Total Time": 605.974,
        "Actual Rows": 2,
        "Actual Loops": 1,
        "Workers Planned": 1,
        "Workers Launched": 1,
        "Single Copy": false,
        "Plans": [
          {
            "Node Type": "Aggregate",
            "Strategy": "Plain",
            "Partial Mode": "Partial",
            "Parent Relationship": "Outer",
            "Parallel Aware": false,
            "Startup Cost": 142173.25,
            "Total Cost": 142173.26,
            "Plan Rows": 1,
            "Plan Width": 8,
            "Actual Startup Time": 584.908,
            "Actual Total Time": 584.914,
            "Actual Rows": 1,
            "Actual Loops": 2,
            "Plans": [
              {
                "Node Type": "Hash Join",
                "Parent Relationship": "Outer",
                "Parallel Aware": true,
                "Join Type": "Inner",
                "Startup Cost": 80786.41,
                "Total Cost": 142071.18,
                "Plan Rows": 40827,
                "Plan Width": 0,
                "Actual Startup Time": 280.482,
                "Actual Total Time": 581.787,
                "Actual Rows": 75476,
                "Actual Loops": 2,
                "Inner Unique": false,
                "Hash Cond": "(mk.movie_id = t.id)",
                "Plans": [
                  {
                    "Node Type": "Seq Scan",
                    "Parent Relationship": "Outer",
                    "Parallel Aware": true,
                    "Relation Name": "movie_keyword",
                    "Alias": "mk",
                    "Startup Cost": 0.0,
                    "Total Cost": 51065.35,
                    "Plan Rows": 2661135,
                    "Plan Width": 4,
                    "Actual Startup Time": 0.008,
                    "Actual Total Time": 146.401,
                    "Actual Rows": 2261965,
                    "Actual Loops": 2
                  },
                  {
                    "Node Type": "Hash",
                    "Parent Relationship": "Inner",
                    "Parallel Aware": true,
                    "Startup Cost": 80501.2,
                    "Total Cost": 80501.2,
                    "Plan Rows": 22817,
                    "Plan Width": 8,
                    "Actual Startup Time": 279.042,
                    "Actual Total Time": 279.046,
                    "Actual Rows": 18068,
                    "Actual Loops": 2,
                    "Hash Buckets": 65536,
                    "Original Hash Buckets": 65536,
                    "Hash Batches": 1,
                    "Original Hash Batches": 1,
                    "Peak Memory Usage": 1952,
                    "Plans": [
                      {
                        "Node Type": "Hash Join",
                        "Parent Relationship": "Outer",
                        "Parallel Aware": true,
                        "Join Type": "Inner",
                        "Startup Cost": 20201.47,
                        "Total Cost": 80501.2,
                        "Plan Rows": 22817,
                        "Plan Width": 8,
                        "Actual Startup Time": 28.175,
                        "Actual Total Time": 273.064,
                        "Actual Rows": 18068,
                        "Actual Loops": 2,
                        "Inner Unique": false,
                        "Hash Cond": "(t.id = mc.movie_id)",
                        "Plans": [
                          {
                            "Node Type": "Seq Scan",
                            "Parent Relationship": "Outer",
                            "Parallel Aware": true,
                            "Relation Name": "title",
                            "Alias": "t",
                            "Startup Cost": 0.0,
                            "Total Cost": 50870.31,
                            "Plan Rows": 1487231,
                            "Plan Width": 4,
                            "Actual Startup Time": 0.01,
                            "Actual Total Time": 113.985,
                            "Actual Rows": 1264156,
                            "Actual Loops": 2
                          },
                          {
                            "Node Type": "Hash",
                            "Parent Relationship": "Inner",
                            "Parallel Aware": true,
                            "Startup Cost": 19916.26,
                            "Total Cost": 19916.26,
                            "Plan Rows": 22817,
                            "Plan Width": 4,
                            "Actual Startup Time": 27.39,
                            "Actual Total Time": 27.392,
                            "Actual Rows": 18068,
                            "Actual Loops": 2,
                            "Hash Buckets": 65536,
                            "Original Hash Buckets": 65536,
                            "Hash Batches": 1,
                            "Original Hash Batches": 1,
                            "Peak Memory Usage": 1952,
                            "Plans": [
                              {
                                "Node Type": "Bitmap Heap Scan",
                                "Parent Relationship": "Outer",
                                "Parallel Aware": true,
                                "Relation Name": "movie_companies",
                                "Alias": "mc",
                                "Startup Cost": 841.04,
                                "Total Cost": 19916.26,
                                "Plan Rows": 22817,
                                "Plan Width": 4,
                                "Actual Startup Time": 4.277,
                                "Actual Total Time": 20.287,
                                "Actual Rows": 18068,
                                "Actual Loops": 2,
                                "Recheck Cond": "(company_id = 160)",
                                "Rows Removed by Index Recheck": 0,
                                "Exact Heap Blocks": 3672,
                                "Lossy Heap Blocks": 0,
                                "Plans": [
                                  {
                                    "Node Type": "Bitmap Index Scan",
                                    "Parent Relationship": "Outer",
                                    "Parallel Aware": false,
                                    "Index Name": "company_id_movie_companies",
                                    "Startup Cost": 0.0,
                                    "Total Cost": 831.35,
                                    "Plan Rows": 38789,
                                    "Plan Width": 0,
                                    "Actual Startup Time": 6.328,
                                    "Actual Total Time": 6.329,
                                    "Actual Rows": 36136,
                                    "Actual Loops": 1,
                                    "Index Cond": "(company_id = 160)"
                                  }
                                ]
                              }
                            ]
                          }
                        ]
                      }
                    ]
                  }
                ]
              }
            ]
          }
        ]
      }
    ]
  },
  "Planning Time": 1.098,
  "Triggers": [],
  "Execution Time": 606.082
}