[
  {
    "Plan": {
      "Node Type": "Aggregate",
      "Strategy": "Plain",
      "Partial Mode": "Finalize",
      "Parallel Aware": false,
      "Startup Cost": 45627.81,
      "Total Cost": 45627.82,
      "Plan Rows": 1,
      "Plan Width": 8,
      "Actual Startup Time": 153.273,
      "Actual Total Time": 163.891,
      "Actual Rows": 1,
      "Actual Loops": 1,
      "Plans": [
        {
          "Node Type": "Gather",
          "Parent Relationship": "Outer",
          "Parallel Aware": false,
          "Startup Cost": 45627.49,
          "Total Cost": 45627.8,
          "Plan Rows": 3,
          "Plan Width": 8,
          "Actual Startup Time": 153.112,
          "Actual Total Time": 163.882,
          "Actual Rows": 4,
          "Actual Loops": 1,
          "Workers Planned": 3,
          "Workers Launched": 3,
          "Single Copy": false,
          "Plans": [
            {
              "Node Type": "Aggregate",
              "Strategy": "Plain",
              "Partial Mode": "Partial",
              "Parent Relationship": "Outer",
              "Parallel Aware": false,
              "Startup Cost": 44627.49,
              "Total Cost": 44627.5,
              "Plan Rows": 1,
              "Plan Width": 8,
              "Actual Startup Time": 147.316,
              "Actual Total Time": 147.318,
              "Actual Rows": 1,
              "Actual Loops": 4,
              "Plans": [
                {
                  "Node Type": "Seq Scan",
                  "Parent Relationship": "Outer",
                  "Parallel Aware": true,
                  "Relation Name": "movie_keyword",
                  "Alias": "mk",
                  "Startup Cost": 0.0,
                  "Total Cost": 42695.65,
                  "Plan Rows": 772735,
                  "Plan Width": 0,
                  "Actual Startup Time": 0.535,
                  "Actual Total Time": 118.803,
                  "Actual Rows": 596230,
                  "Actual Loops": 4,
                  "Filter": "(keyword_id > 3988)",
                  "Rows Removed by Filter": 534753
                }
              ]
            }
          ]
        }
      ]
    },
    "Planning Time": 0.14,
    "Triggers": [],
    "Execution Time": 163.936
  }
]