[
  {
    "Plan": {
      "Node Type": "Aggregate",
      "Strategy": "Plain",
      "Partial Mode": "Finalize",
      "Parallel Aware": false,
      "Startup Cost": 278763.78,
      "Total Cost": 278763.79,
      "Plan Rows": 1,
      "Plan Width": 8,
      "Actual Startup Time": 186.006,
      "Actual Total Time": 205.679,
      "Actual Rows": 1,
      "Actual Loops": 1,
      "Plans": [
        {
          "Node Type": "Gather",
          "Parent Relationship": "Outer",
          "Parallel Aware": false,
          "Startup Cost": 278763.26,
          "Total Cost": 278763.77,
          "Plan Rows": 5,
          "Plan Width": 8,
          "Actual Startup Time": 185.734,
          "Actual Total Time": 205.668,
          "Actual Rows": 6,
          "Actual Loops": 1,
          "Workers Planned": 5,
          "Workers Launched": 5,
          "Single Copy": false,
          "Plans": [
            {
              "Node Type": "Aggregate",
              "Strategy": "Plain",
              "Partial Mode": "Partial",
              "Parent Relationship": "Outer",
              "Parallel Aware": false,
              "Startup Cost": 277763.26,
              "Total Cost": 277763.27,
              "Plan Rows": 1,
              "Plan Width": 8,
              "Actual Startup Time": 175.333,
              "Actual Total Time": 175.335,
              "Actual Rows": 1,
              "Actual Loops": 6,
              "Plans": [
                {
                  "Node Type": "Nested Loop",
                  "Parent Relationship": "Outer",
                  "Parallel Aware": false,
                  "Join Type": "Inner",
                  "Startup Cost": 3210.55,
                  "Total Cost": 277690.64,
                  "Plan Rows": 29047,
                  "Plan Width": 0,
                  "Actual Startup Time": 33.195,
                  "Actual Total Time": 173.082,
                  "Actual Rows": 23852,
                  "Actual Loops": 6,
                  "Inner Unique": true,
                  "Plans": [
                    {
                      "Node Type": "Bitmap Heap Scan",
                      "Parent Relationship": "Outer",
                      "Parallel Aware": true,
                      "Relation Name": "cast_info",
                      "Alias": "ci",
                      "Startup Cost": 3210.12,
                      "Total Cost": 228690.81,
                      "Plan Rows": 29047,
                      "Plan Width": 4,
                      "Actual Startup Time": 32.934,
                      "Actual Total Time": 37.498,
                      "Actual Rows": 23852,
                      "Actual Loops": 6,
                      "Recheck Cond": "(person_id < 17579)",
                      "Rows Removed by Index Recheck": 0,
                      "Exact Heap Blocks": 315,
                      "Lossy Heap Blocks": 0,
                      "Plans": [
                        {
                          "Node Type": "Bitmap Index Scan",
                          "Parent Relationship": "Outer",
                          "Parallel Aware": false,
                          "Index Name": "person_id_cast_info",
                          "Startup Cost": 0.0,
                          "Total Cost": 3173.81,
                          "Plan Rows": 145233,
                          "Plan Width": 0,
                          "Actual Startup Time": 41.737,
                          "Actual Total Time": 41.738,
                          "Actual Rows": 143109,
                          "Actual Loops": 1,
                          "Index Cond": "(person_id < 17579)"
                        }
                      ]
                    },
                    {
                      "Node Type": "Index Only Scan",
                      "Parent Relationship": "Inner",
                      "Parallel Aware": false,
                      "Scan Direction": "Forward",
                      "Index Name": "title_pkey",
                      "Relation Name": "title",
                      "Alias": "t",
                      "Startup Cost": 0.43,
                      "Total Cost": 1.69,
                      "Plan Rows": 1,
                      "Plan Width": 4,
                      "Actual Startup Time": 0.005,
                      "Actual Total Time": 0.005,
                      "Actual Rows": 1,
                      "Actual Loops": 143109,
                      "Index Cond": "(id = ci.movie_id)",
                      "Rows Removed by Index Recheck": 0,
                      "Heap Fetches": 143109
                    }
                  ]
                }
              ]
            }
          ]
        }
      ]
    },
    "Planning Time": 0.709,
    "Triggers": [],
    "Execution Time": 205.771
  }
]