[
    {
        "Bao": {
            "Bao prediction": "NaN",
            "Bao recommended hint": "(no hint)"
        }
    },
    {
        "Plan": {
            "Node Type": "Aggregate",
            "Strategy": "Plain",
            "Partial Mode": "Finalize",
            "Parallel Aware": false,
            "Startup Cost": 129081.63,
            "Total Cost": 129081.64,
            "Plan Rows": 1,
            "Plan Width": 8,
            "Actual Startup Time": 543.157,
            "Actual Total Time": 556.595,
            "Actual Rows": 1,
            "Actual Loops": 1,
            "Output": [
                "count(*)"
            ],
            "Plans": [
                {
                    "Node Type": "Gather",
                    "Parent Relationship": "Outer",
                    "Parallel Aware": false,
                    "Startup Cost": 129081.32,
                    "Total Cost": 129081.63,
                    "Plan Rows": 3,
                    "Plan Width": 8,
                    "Actual Startup Time": 537.837,
                    "Actual Total Time": 556.585,
                    "Actual Rows": 4,
                    "Actual Loops": 1,
                    "Output": [
                        "(PARTIAL count(*))"
                    ],
                    "Workers Planned": 3,
                    "Workers Launched": 3,
                    "Single Copy": false,
                    "Plans": [
                        {
                            "Node Type": "Aggregate",
                            "Strategy": "Plain",
                            "Partial Mode": "Partial",
                            "Parent Relationship": "Outer",
                            "Parallel Aware": false,
                            "Startup Cost": 128081.32,
                            "Total Cost": 128081.33,
                            "Plan Rows": 1,
                            "Plan Width": 8,
                            "Actual Startup Time": 529.78,
                            "Actual Total Time": 529.964,
                            "Actual Rows": 1,
                            "Actual Loops": 4,
                            "Output": [
                                "PARTIAL count(*)"
                            ],
                            "Workers": [
                                {
                                    "Worker Number": 0,
                                    "Actual Startup Time": 527.08,
                                    "Actual Total Time": 527.086,
                                    "Actual Rows": 1,
                                    "Actual Loops": 1
                                },
                                {
                                    "Worker Number": 1,
                                    "Actual Startup Time": 527.131,
                                    "Actual Total Time": 527.136,
                                    "Actual Rows": 1,
                                    "Actual Loops": 1
                                },
                                {
                                    "Worker Number": 2,
                                    "Actual Startup Time": 527.344,
                                    "Actual Total Time": 527.349,
                                    "Actual Rows": 1,
                                    "Actual Loops": 1
                                }
                            ],
                            "Plans": [
                                {
                                    "Node Type": "Hash Join",
                                    "Parent Relationship": "Outer",
                                    "Parallel Aware": true,
                                    "Join Type": "Inner",
                                    "Startup Cost": 96264.96,
                                    "Total Cost": 127446.65,
                                    "Plan Rows": 253868,
                                    "Plan Width": 0,
                                    "Actual Startup Time": 385.325,
                                    "Actual Total Time": 524.68,
                                    "Actual Rows": 123276,
                                    "Actual Loops": 4,
                                    "Inner Unique": false,
                                    "Hash Cond": "(mc.movie_id = t.id)",
                                    "Workers": [
                                        {
                                            "Worker Number": 0,
                                            "Actual Startup Time": 382.27,
                                            "Actual Total Time": 521.661,
                                            "Actual Rows": 85971,
                                            "Actual Loops": 1
                                        },
                                        {
                                            "Worker Number": 1,
                                            "Actual Startup Time": 382.798,
                                            "Actual Total Time": 521.85,
                                            "Actual Rows": 135605,
                                            "Actual Loops": 1
                                        },
                                        {
                                            "Worker Number": 2,
                                            "Actual Startup Time": 383.017,
                                            "Actual Total Time": 522.248,
                                            "Actual Rows": 130901,
                                            "Actual Loops": 1
                                        }
                                    ],
                                    "Plans": [
                                        {
                                            "Node Type": "Seq Scan",
                                            "Parent Relationship": "Outer",
                                            "Parallel Aware": true,
                                            "Relation Name": "movie_companies",
                                            "Schema": "public",
                                            "Alias": "mc",
                                            "Startup Cost": 0.0,
                                            "Total Cost": 27206.55,
                                            "Plan Rows": 841655,
                                            "Plan Width": 4,
                                            "Actual Startup Time": 0.023,
                                            "Actual Total Time": 56.977,
                                            "Actual Rows": 652282,
                                            "Actual Loops": 4,
                                            "Output": [
                                                "mc.id",
                                                "mc.movie_id",
                                                "mc.company_id",
                                                "mc.company_type_id",
                                                "mc.note"
                                            ],
                                            "Workers": [
                                                {
                                                    "Worker Number": 0,
                                                    "Actual Startup Time": 0.031,
                                                    "Actual Total Time": 57.23,
                                                    "Actual Rows": 429038,
                                                    "Actual Loops": 1
                                                },
                                                {
                                                    "Worker Number": 1,
                                                    "Actual Startup Time": 0.023,
                                                    "Actual Total Time": 58.3,
                                                    "Actual Rows": 693274,
                                                    "Actual Loops": 1
                                                },
                                                {
                                                    "Worker Number": 2,
                                                    "Actual Startup Time": 0.03,
                                                    "Actual Total Time": 58.626,
                                                    "Actual Rows": 699351,
                                                    "Actual Loops": 1
                                                }
                                            ]
                                        },
                                        {
                                            "Node Type": "Hash",
                                            "Parent Relationship": "Inner",
                                            "Parallel Aware": true,
                                            "Startup Cost": 93189.9,
                                            "Total Cost": 93189.9,
                                            "Plan Rows": 246005,
                                            "Plan Width": 8,
                                            "Actual Startup Time": 381.222,
                                            "Actual Total Time": 381.405,
                                            "Actual Rows": 52210,
                                            "Actual Loops": 4,
                                            "Output": [
                                                "t.id",
                                                "mk.movie_id"
                                            ],
                                            "Hash Buckets": 1048576,
                                            "Original Hash Buckets": 1048576,
                                            "Hash Batches": 1,
                                            "Original Hash Batches": 1,
                                            "Peak Memory Usage": 16448,
                                            "Workers": [
                                                {
                                                    "Worker Number": 0,
                                                    "Actual Startup Time": 380.254,
                                                    "Actual Total Time": 380.257,
                                                    "Actual Rows": 34749,
                                                    "Actual Loops": 1
                                                },
                                                {
                                                    "Worker Number": 1,
                                                    "Actual Startup Time": 380.905,
                                                    "Actual Total Time": 380.908,
                                                    "Actual Rows": 56531,
                                                    "Actual Loops": 1
                                                },
                                                {
                                                    "Worker Number": 2,
                                                    "Actual Startup Time": 381.074,
                                                    "Actual Total Time": 381.077,
                                                    "Actual Rows": 56622,
                                                    "Actual Loops": 1
                                                }
                                            ],
                                            "Plans": [
                                                {
                                                    "Node Type": "Hash Join",
                                                    "Parent Relationship": "Outer",
                                                    "Parallel Aware": true,
                                                    "Join Type": "Inner",
                                                    "Startup Cost": 49075.52,
                                                    "Total Cost": 93189.9,
                                                    "Plan Rows": 246005,
                                                    "Plan Width": 8,
                                                    "Actual Startup Time": 215.34,
                                                    "Actual Total Time": 368.406,
                                                    "Actual Rows": 52210,
                                                    "Actual Loops": 4,
                                                    "Output": [
                                                        "t.id",
                                                        "mk.movie_id"
                                                    ],
                                                    "Inner Unique": true,
                                                    "Hash Cond": "(mk.movie_id = t.id)",
                                                    "Workers": [
                                                        {
                                                            "Worker Number": 0,
                                                            "Actual Startup Time": 214.467,
                                                            "Actual Total Time": 367.841,
                                                            "Actual Rows": 34749,
                                                            "Actual Loops": 1
                                                        },
                                                        {
                                                            "Worker Number": 1,
                                                            "Actual Startup Time": 215.004,
                                                            "Actual Total Time": 367.468,
                                                            "Actual Rows": 56531,
                                                            "Actual Loops": 1
                                                        },
                                                        {
                                                            "Worker Number": 2,
                                                            "Actual Startup Time": 215.136,
                                                            "Actual Total Time": 367.818,
                                                            "Actual Rows": 56622,
                                                            "Actual Loops": 1
                                                        }
                                                    ],
                                                    "Plans": [
                                                        {
                                                            "Node Type": "Seq Scan",
                                                            "Parent Relationship": "Outer",
                                                            "Parallel Aware": true,
                                                            "Relation Name": "movie_keyword",
                                                            "Schema": "public",
                                                            "Alias": "mk",
                                                            "Startup Cost": 0.0,
                                                            "Total Cost": 42695.65,
                                                            "Plan Rows": 540468,
                                                            "Plan Width": 4,
                                                            "Actual Startup Time": 0.48,
                                                            "Actual Total Time": 98.559,
                                                            "Actual Rows": 413195,
                                                            "Actual Loops": 4,
                                                            "Output": [
                                                                "mk.id",
                                                                "mk.movie_id",
                                                                "mk.keyword_id"
                                                            ],
                                                            "Filter": "(mk.keyword_id > 8845)",
                                                            "Rows Removed by Filter": 717788,
                                                            "Workers": [
                                                                {
                                                                    "Worker Number": 0,
                                                                    "Actual Startup Time": 0.497,
                                                                    "Actual Total Time": 102.129,
                                                                    "Actual Rows": 280042,
                                                                    "Actual Loops": 1
                                                                },
                                                                {
                                                                    "Worker Number": 1,
                                                                    "Actual Startup Time": 0.453,
                                                                    "Actual Total Time": 98.486,
                                                                    "Actual Rows": 439016,
                                                                    "Actual Loops": 1
                                                                },
                                                                {
                                                                    "Worker Number": 2,
                                                                    "Actual Startup Time": 0.49,
                                                                    "Actual Total Time": 98.954,
                                                                    "Actual Rows": 443126,
                                                                    "Actual Loops": 1
                                                                }
                                                            ]
                                                        },
                                                        {
                                                            "Node Type": "Hash",
                                                            "Parent Relationship": "Inner",
                                                            "Parallel Aware": true,
                                                            "Startup Cost": 45479.21,
                                                            "Total Cost": 45479.21,
                                                            "Plan Rows": 287705,
                                                            "Plan Width": 4,
                                                            "Actual Startup Time": 211.486,
                                                            "Actual Total Time": 211.487,
                                                            "Actual Rows": 313234,
                                                            "Actual Loops": 4,
                                                            "Output": [
                                                                "t.id"
                                                            ],
                                                            "Hash Buckets": 2097152,
                                                            "Original Hash Buckets": 2097152,
                                                            "Hash Batches": 1,
                                                            "Original Hash Batches": 1,
                                                            "Peak Memory Usage": 65472,
                                                            "Workers": [
                                                                {
                                                                    "Worker Number": 0,
                                                                    "Actual Startup Time": 213.653,
                                                                    "Actual Total Time": 213.654,
                                                                    "Actual Rows": 207453,
                                                                    "Actual Loops": 1
                                                                },
                                                                {
                                                                    "Worker Number": 1,
                                                                    "Actual Startup Time": 214.228,
                                                                    "Actual Total Time": 214.229,
                                                                    "Actual Rows": 314234,
                                                                    "Actual Loops": 1
                                                                },
                                                                {
                                                                    "Worker Number": 2,
                                                                    "Actual Startup Time": 214.388,
                                                                    "Actual Total Time": 214.389,
                                                                    "Actual Rows": 313369,
                                                                    "Actual Loops": 1
                                                                }
                                                            ],
                                                            "Plans": [
                                                                {
                                                                    "Node Type": "Seq Scan",
                                                                    "Parent Relationship": "Outer",
                                                                    "Parallel Aware": true,
                                                                    "Relation Name": "title",
                                                                    "Schema": "public",
                                                                    "Alias": "t",
                                                                    "Startup Cost": 0.0,
                                                                    "Total Cost": 45479.21,
                                                                    "Plan Rows": 287705,
                                                                    "Plan Width": 4,
                                                                    "Actual Startup Time": 0.041,
                                                                    "Actual Total Time": 102.186,
                                                                    "Actual Rows": 313234,
                                                                    "Actual Loops": 4,
                                                                    "Output": [
                                                                        "t.id"
                                                                    ],
                                                                    "Filter": "((t.production_year > 1982) AND (t.kind_id = 7))",
                                                                    "Rows Removed by Filter": 318844,
                                                                    "Workers": [
                                                                        {
                                                                            "Worker Number": 0,
                                                                            "Actual Startup Time": 0.053,
                                                                            "Actual Total Time": 105.464,
                                                                            "Actual Rows": 207453,
                                                                            "Actual Loops": 1
                                                                        },
                                                                        {
                                                                            "Worker Number": 1,
                                                                            "Actual Startup Time": 0.037,
                                                                            "Actual Total Time": 103.845,
                                                                            "Actual Rows": 314234,
                                                                            "Actual Loops": 1
                                                                        },
                                                                        {
                                                                            "Worker Number": 2,
                                                                            "Actual Startup Time": 0.061,
                                                                            "Actual Total Time": 104.191,
                                                                            "Actual Rows": 313369,
                                                                            "Actual Loops": 1
                                                                        }
                                                                    ]
                                                                }
                                                            ]
                                                        }
                                                    ]
                                                }
                                            ]
                                        }
                                    ]
                                }
                            ]
                        }
                    ]
                }
            ]
        },
        "Planning Time": 188.075,
        "Triggers": [],
        "Execution Time": 556.656
    }
]