[
  {
    "Plan": {
      "Node Type": "Aggregate",
      "Strategy": "Plain",
      "Partial Mode": "Finalize",
      "Parallel Aware": false,
      "Startup Cost": 162653.13,
      "Total Cost": 162653.14,
      "Plan Rows": 1,
      "Plan Width": 8,
      "Actual Startup Time": 896.961,
      "Actual Total Time": 925.939,
      "Actual Rows": 1,
      "Actual Loops": 1,
      "Plans": [
        {
          "Node Type": "Gather",
          "Parent Relationship": "Outer",
          "Parallel Aware": false,
          "Startup Cost": 162652.81,
          "Total Cost": 162653.12,
          "Plan Rows": 3,
          "Plan Width": 8,
          "Actual Startup Time": 885.452,
          "Actual Total Time": 925.928,
          "Actual Rows": 4,
          "Actual Loops": 1,
          "Workers Planned": 3,
          "Workers Launched": 3,
          "Single Copy": false,
          "Plans": [
            {
              "Node Type": "Aggregate",
              "Strategy": "Plain",
              "Partial Mode": "Partial",
              "Parent Relationship": "Outer",
              "Parallel Aware": false,
              "Startup Cost": 161652.81,
              "Total Cost": 161652.82,
              "Plan Rows": 1,
              "Plan Width": 8,
              "Actual Startup Time": 873.444,
              "Actual Total Time": 873.448,
              "Actual Rows": 1,
              "Actual Loops": 4,
              "Plans": [
                {
                  "Node Type": "Nested Loop",
                  "Parent Relationship": "Outer",
                  "Parallel Aware": false,
                  "Join Type": "Inner",
                  "Startup Cost": 53333.25,
                  "Total Cost": 160973.38,
                  "Plan Rows": 271772,
                  "Plan Width": 0,
                  "Actual Startup Time": 393.822,
                  "Actual Total Time": 842.914,
                  "Actual Rows": 605346,
                  "Actual Loops": 4,
                  "Inner Unique": false,
                  "Plans": [
                    {
                      "Node Type": "Hash Join",
                      "Parent Relationship": "Outer",
                      "Parallel Aware": true,
                      "Join Type": "Inner",
                      "Startup Cost": 53332.81,
                      "Total Cost": 72822.88,
                      "Plan Rows": 46285,
                      "Plan Width": 8,
                      "Actual Startup Time": 393.703,
                      "Actual Total Time": 428.13,
                      "Actual Rows": 35042,
                      "Actual Loops": 4,
                      "Inner Unique": true,
                      "Hash Cond": "(mc.movie_id = t.id)",
                      "Plans": [
                        {
                          "Node Type": "Bitmap Heap Scan",
                          "Parent Relationship": "Outer",
                          "Parallel Aware": true,
                          "Relation Name": "movie_companies",
                          "Alias": "mc",
                          "Startup Cost": 3112.43,
                          "Total Cost": 22481.0,
                          "Plan Rows": 46285,
                          "Plan Width": 4,
                          "Actual Startup Time": 7.259,
                          "Actual Total Time": 18.242,
                          "Actual Rows": 35042,
                          "Actual Loops": 4,
                          "Recheck Cond": "(company_id > 136290)",
                          "Rows Removed by Index Recheck": 0,
                          "Exact Heap Blocks": 1144,
                          "Lossy Heap Blocks": 0,
                          "Plans": [
                            {
                              "Node Type": "Bitmap Index Scan",
                              "Parent Relationship": "Outer",
                              "Parallel Aware": false,
                              "Index Name": "company_id_movie_companies",
                              "Startup Cost": 0.0,
                              "Total Cost": 3076.56,
                              "Plan Rows": 143484,
                              "Plan Width": 0,
                              "Actual Startup Time": 6.668,
                              "Actual Total Time": 6.669,
                              "Actual Rows": 140169,
                              "Actual Loops": 1,
                              "Index Cond": "(company_id > 136290)"
                            }
                          ]
                        },
                        {
                          "Node Type": "Hash",
                          "Parent Relationship": "Inner",
                          "Parallel Aware": true,
                          "Startup Cost": 42319.06,
                          "Total Cost": 42319.06,
                          "Plan Rows": 632106,
                          "Plan Width": 4,
                          "Actual Startup Time": 377.656,
                          "Actual Total Time": 377.657,
                          "Actual Rows": 632078,
                          "Actual Loops": 4,
                          "Hash Buckets": 4194304,
                          "Original Hash Buckets": 4194304,
                          "Hash Batches": 1,
                          "Original Hash Batches": 1,
                          "Peak Memory Usage": 131712,
                          "Plans": [
                            {
                              "Node Type": "Seq Scan",
                              "Parent Relationship": "Outer",
                              "Parallel Aware": true,
                              "Relation Name": "title",
                              "Alias": "t",
                              "Startup Cost": 0.0,
                              "Total Cost": 42319.06,
                              "Plan Rows": 632106,
                              "Plan Width": 4,
                              "Actual Startup Time": 0.032,
                              "Actual Total Time": 111.485,
                              "Actual Rows": 632078,
                              "Actual Loops": 4
                            }
                          ]
                        }
                      ]
                    },
                    {
                      "Node Type": "Index Only Scan",
                      "Parent Relationship": "Inner",
                      "Parallel Aware": false,
                      "Scan Direction": "Forward",
                      "Index Name": "movie_id_movie_info",
                      "Relation Name": "movie_info",
                      "Alias": "mi",
                      "Startup Cost": 0.43,
                      "Total Cost": 1.49,
                      "Plan Rows": 41,
                      "Plan Width": 4,
                      "Actual Startup Time": 0.003,
                      "Actual Total Time": 0.01,
                      "Actual Rows": 17,
                      "Actual Loops": 140169,
                      "Index Cond": "(movie_id = t.id)",
                      "Rows Removed by Index Recheck": 0,
                      "Heap Fetches": 2421386
                    }
                  ]
                }
              ]
            }
          ]
        }
      ]
    },
    "Planning Time": 0.548,
    "Triggers": [],
    "Execution Time": 925.996
  }
]