[
  {
    "Plan": {
      "Node Type": "Aggregate",
      "Strategy": "Plain",
      "Partial Mode": "Finalize",
      "Parallel Aware": false,
      "Startup Cost": 100187.76,
      "Total Cost": 100187.77,
      "Plan Rows": 1,
      "Plan Width": 8,
      "Actual Startup Time": 587.958,
      "Actual Total Time": 605.848,
      "Actual Rows": 1,
      "Actual Loops": 1,
      "Plans": [
        {
          "Node Type": "Gather",
          "Parent Relationship": "Outer",
          "Parallel Aware": false,
          "Startup Cost": 100187.55,
          "Total Cost": 100187.76,
          "Plan Rows": 2,
          "Plan Width": 8,
          "Actual Startup Time": 584.985,
          "Actual Total Time": 605.84,
          "Actual Rows": 3,
          "Actual Loops": 1,
          "Workers Planned": 2,
          "Workers Launched": 2,
          "Single Copy": false,
          "Plans": [
            {
              "Node Type": "Aggregate",
              "Strategy": "Plain",
              "Partial Mode": "Partial",
              "Parent Relationship": "Outer",
              "Parallel Aware": false,
              "Startup Cost": 99187.55,
              "Total Cost": 99187.56,
              "Plan Rows": 1,
              "Plan Width": 8,
              "Actual Startup Time": 577.297,
              "Actual Total Time": 577.537,
              "Actual Rows": 1,
              "Actual Loops": 3,
              "Plans": [
                {
                  "Node Type": "Hash Join",
                  "Parent Relationship": "Outer",
                  "Parallel Aware": true,
                  "Join Type": "Inner",
                  "Startup Cost": 82539.89,
                  "Total Cost": 98784.44,
                  "Plan Rows": 161241,
                  "Plan Width": 0,
                  "Actual Startup Time": 464.181,
                  "Actual Total Time": 569.762,
                  "Actual Rows": 189248,
                  "Actual Loops": 3,
                  "Inner Unique": false,
                  "Hash Cond": "(mi_idx.movie_id = t.id)",
                  "Plans": [
                    {
                      "Node Type": "Seq Scan",
                      "Parent Relationship": "Outer",
                      "Parallel Aware": true,
                      "Relation Name": "movie_info_idx",
                      "Alias": "mi_idx",
                      "Startup Cost": 0.0,
                      "Total Cost": 13685.15,
                      "Plan Rows": 575015,
                      "Plan Width": 4,
                      "Actual Startup Time": 0.028,
                      "Actual Total Time": 34.138,
                      "Actual Rows": 460012,
                      "Actual Loops": 3
                    },
                    {
                      "Node Type": "Hash",
                      "Parent Relationship": "Inner",
                      "Parallel Aware": true,
                      "Startup Cost": 80324.38,
                      "Total Cost": 80324.38,
                      "Plan Rows": 177241,
                      "Plan Width": 8,
                      "Actual Startup Time": 457.777,
                      "Actual Total Time": 458.015,
                      "Actual Rows": 149680,
                      "Actual Loops": 3,
                      "Hash Buckets": 1048576,
                      "Original Hash Buckets": 1048576,
                      "Hash Batches": 1,
                      "Original Hash Batches": 1,
                      "Peak Memory Usage": 25792,
                      "Plans": [
                        {
                          "Node Type": "Hash Join",
                          "Parent Relationship": "Outer",
                          "Parallel Aware": true,
                          "Join Type": "Inner",
                          "Startup Cost": 34273.54,
                          "Total Cost": 80324.38,
                          "Plan Rows": 177241,
                          "Plan Width": 8,
                          "Actual Startup Time": 137.523,
                          "Actual Total Time": 407.477,
                          "Actual Rows": 149680,
                          "Actual Loops": 3,
                          "Inner Unique": false,
                          "Hash Cond": "(t.id = mc.movie_id)",
                          "Plans": [
                            {
                              "Node Type": "Seq Scan",
                              "Parent Relationship": "Outer",
                              "Parallel Aware": true,
                              "Relation Name": "title",
                              "Alias": "t",
                              "Startup Cost": 0.0,
                              "Total Cost": 42318.73,
                              "Plan Rows": 632073,
                              "Plan Width": 4,
                              "Actual Startup Time": 0.01,
                              "Actual Total Time": 85.77,
                              "Actual Rows": 842771,
                              "Actual Loops": 3
                            },
                            {
                              "Node Type": "Hash",
                              "Parent Relationship": "Inner",
                              "Parallel Aware": true,
                              "Startup Cost": 31414.82,
                              "Total Cost": 31414.82,
                              "Plan Rows": 228698,
                              "Plan Width": 4,
                              "Actual Startup Time": 134.0,
                              "Actual Total Time": 134.001,
                              "Actual Rows": 149680,
                              "Actual Loops": 3,
                              "Hash Buckets": 1048576,
                              "Original Hash Buckets": 1048576,
                              "Hash Batches": 1,
                              "Original Hash Batches": 1,
                              "Peak Memory Usage": 25792,
                              "Plans": [
                                {
                                  "Node Type": "Seq Scan",
                                  "Parent Relationship": "Outer",
                                  "Parallel Aware": true,
                                  "Relation Name": "movie_companies",
                                  "Alias": "mc",
                                  "Startup Cost": 0.0,
                                  "Total Cost": 31414.82,
                                  "Plan Rows": 228698,
                                  "Plan Width": 4,
                                  "Actual Startup Time": 52.594,
                                  "Actual Total Time": 92.496,
                                  "Actual Rows": 149680,
                                  "Actual Loops": 3,
                                  "Filter": "((company_id < 12095) AND (company_type_id = 2))",
                                  "Rows Removed by Filter": 720029
                                }
                              ]
                            }
                          ]
                        }
                      ]
                    }
                  ]
                }
              ]
            }
          ]
        }
      ]
    },
    "Planning Time": 1.371,
    "Triggers": [],
    "Execution Time": 605.934
  }
]