[
  {
    "Plan": {
      "Node Type": "Aggregate",
      "Strategy": "Plain",
      "Partial Mode": "Finalize",
      "Parallel Aware": false,
      "Startup Cost": 32809.85,
      "Total Cost": 32809.86,
      "Plan Rows": 1,
      "Plan Width": 8,
      "Actual Startup Time": 91.319,
      "Actual Total Time": 98.979,
      "Actual Rows": 1,
      "Actual Loops": 1,
      "Plans": [
        {
          "Node Type": "Gather",
          "Parent Relationship": "Outer",
          "Parallel Aware": false,
          "Startup Cost": 32809.53,
          "Total Cost": 32809.84,
          "Plan Rows": 3,
          "Plan Width": 8,
          "Actual Startup Time": 91.197,
          "Actual Total Time": 98.97,
          "Actual Rows": 4,
          "Actual Loops": 1,
          "Workers Planned": 3,
          "Workers Launched": 3,
          "Single Copy": false,
          "Plans": [
            {
              "Node Type": "Aggregate",
              "Strategy": "Plain",
              "Partial Mode": "Partial",
              "Parent Relationship": "Outer",
              "Parallel Aware": false,
              "Startup Cost": 31809.53,
              "Total Cost": 31809.54,
              "Plan Rows": 1,
              "Plan Width": 8,
              "Actual Startup Time": 85.256,
              "Actual Total Time": 85.257,
              "Actual Rows": 1,
              "Actual Loops": 4,
              "Plans": [
                {
                  "Node Type": "Seq Scan",
                  "Parent Relationship": "Outer",
                  "Parallel Aware": true,
                  "Relation Name": "movie_companies",
                  "Alias": "mc",
                  "Startup Cost": 0.0,
                  "Total Cost": 31414.82,
                  "Plan Rows": 157885,
                  "Plan Width": 0,
                  "Actual Startup Time": 0.036,
                  "Actual Total Time": 73.864,
                  "Actual Rows": 173494,
                  "Actual Loops": 4,
                  "Filter": "((company_id < 4610) AND (company_type_id = 1))",
                  "Rows Removed by Filter": 478788
                }
              ]
            }
          ]
        }
      ]
    },
    "Planning Time": 0.178,
    "Triggers": [],
    "Execution Time": 99.026
  }
]