[
  {
    "Plan": {
      "Node Type": "Aggregate",
      "Strategy": "Plain",
      "Partial Mode": "Finalize",
      "Parallel Aware": false,
      "Startup Cost": 85375.05,
      "Total Cost": 85375.06,
      "Plan Rows": 1,
      "Plan Width": 8,
      "Actual Startup Time": 314.811,
      "Actual Total Time": 329.731,
      "Actual Rows": 1,
      "Actual Loops": 1,
      "Plans": [
        {
          "Node Type": "Gather",
          "Parent Relationship": "Outer",
          "Parallel Aware": false,
          "Startup Cost": 85374.74,
          "Total Cost": 85375.05,
          "Plan Rows": 3,
          "Plan Width": 8,
          "Actual Startup Time": 308.956,
          "Actual Total Time": 329.725,
          "Actual Rows": 4,
          "Actual Loops": 1,
          "Workers Planned": 3,
          "Workers Launched": 3,
          "Single Copy": false,
          "Plans": [
            {
              "Node Type": "Aggregate",
              "Strategy": "Plain",
              "Partial Mode": "Partial",
              "Parent Relationship": "Outer",
              "Parallel Aware": false,
              "Startup Cost": 84374.74,
              "Total Cost": 84374.75,
              "Plan Rows": 1,
              "Plan Width": 8,
              "Actual Startup Time": 302.389,
              "Actual Total Time": 302.394,
              "Actual Rows": 1,
              "Actual Loops": 4,
              "Plans": [
                {
                  "Node Type": "Hash Join",
                  "Parent Relationship": "Outer",
                  "Parallel Aware": true,
                  "Join Type": "Inner",
                  "Startup Cost": 57375.93,
                  "Total Cost": 84220.56,
                  "Plan Rows": 61669,
                  "Plan Width": 0,
                  "Actual Startup Time": 209.511,
                  "Actual Total Time": 297.628,
                  "Actual Rows": 107220,
                  "Actual Loops": 4,
                  "Inner Unique": true,
                  "Hash Cond": "(mk.movie_id = t.id)",
                  "Plans": [
                    {
                      "Node Type": "Bitmap Heap Scan",
                      "Parent Relationship": "Outer",
                      "Parallel Aware": true,
                      "Relation Name": "movie_keyword",
                      "Alias": "mk",
                      "Startup Cost": 10393.79,
                      "Total Cost": 36823.52,
                      "Plan Rows": 158058,
                      "Plan Width": 4,
                      "Actual Startup Time": 30.583,
                      "Actual Total Time": 82.987,
                      "Actual Rows": 122085,
                      "Actual Loops": 4,
                      "Recheck Cond": "(keyword_id > 36819)",
                      "Rows Removed by Index Recheck": 0,
                      "Exact Heap Blocks": 7723,
                      "Lossy Heap Blocks": 0,
                      "Plans": [
                        {
                          "Node Type": "Bitmap Index Scan",
                          "Parent Relationship": "Outer",
                          "Parallel Aware": false,
                          "Index Name": "keyword_id_movie_keyword",
                          "Startup Cost": 0.0,
                          "Total Cost": 10271.29,
                          "Plan Rows": 489981,
                          "Plan Width": 0,
                          "Actual Startup Time": 27.144,
                          "Actual Total Time": 27.145,
                          "Actual Rows": 488341,
                          "Actual Loops": 1,
                          "Index Cond": "(keyword_id > 36819)"
                        }
                      ]
                    },
                    {
                      "Node Type": "Hash",
                      "Parent Relationship": "Inner",
                      "Parallel Aware": true,
                      "Startup Cost": 43899.32,
                      "Total Cost": 43899.32,
                      "Plan Rows": 246626,
                      "Plan Width": 4,
                      "Actual Startup Time": 176.126,
                      "Actual Total Time": 176.127,
                      "Actual Rows": 246262,
                      "Actual Loops": 4,
                      "Hash Buckets": 1048576,
                      "Original Hash Buckets": 1048576,
                      "Hash Batches": 1,
                      "Original Hash Batches": 1,
                      "Peak Memory Usage": 46816,
                      "Plans": [
                        {
                          "Node Type": "Seq Scan",
                          "Parent Relationship": "Outer",
                          "Parallel Aware": true,
                          "Relation Name": "title",
                          "Alias": "t",
                          "Startup Cost": 0.0,
                          "Total Cost": 43899.32,
                          "Plan Rows": 246626,
                          "Plan Width": 4,
                          "Actual Startup Time": 0.028,
                          "Actual Total Time": 93.779,
                          "Actual Rows": 246262,
                          "Actual Loops": 4,
                          "Filter": "(kind_id < 7)",
                          "Rows Removed by Filter": 385816
                        }
                      ]
                    }
                  ]
                }
              ]
            }
          ]
        }
      ]
    },
    "Planning Time": 0.254,
    "Triggers": [],
    "Execution Time": 329.779
  }
]