[
  {
    "Plan": {
      "Node Type": "Aggregate",
      "Strategy": "Plain",
      "Partial Mode": "Finalize",
      "Parallel Aware": false,
      "Startup Cost": 454092.56,
      "Total Cost": 454092.57,
      "Plan Rows": 1,
      "Plan Width": 8,
      "Actual Startup Time": 1715.76,
      "Actual Total Time": 1791.499,
      "Actual Rows": 1,
      "Actual Loops": 1,
      "Plans": [
        {
          "Node Type": "Gather",
          "Parent Relationship": "Outer",
          "Parallel Aware": false,
          "Startup Cost": 454091.93,
          "Total Cost": 454092.54,
          "Plan Rows": 6,
          "Plan Width": 8,
          "Actual Startup Time": 1711.069,
          "Actual Total Time": 1791.487,
          "Actual Rows": 7,
          "Actual Loops": 1,
          "Workers Planned": 6,
          "Workers Launched": 6,
          "Single Copy": false,
          "Plans": [
            {
              "Node Type": "Aggregate",
              "Strategy": "Plain",
              "Partial Mode": "Partial",
              "Parent Relationship": "Outer",
              "Parallel Aware": false,
              "Startup Cost": 453091.93,
              "Total Cost": 453091.94,
              "Plan Rows": 1,
              "Plan Width": 8,
              "Actual Startup Time": 1699.644,
              "Actual Total Time": 1699.715,
              "Actual Rows": 1,
              "Actual Loops": 7,
              "Plans": [
                {
                  "Node Type": "Hash Join",
                  "Parent Relationship": "Outer",
                  "Parallel Aware": true,
                  "Join Type": "Inner",
                  "Startup Cost": 95332.83,
                  "Total Cost": 449318.86,
                  "Plan Rows": 1509227,
                  "Plan Width": 0,
                  "Actual Startup Time": 276.949,
                  "Actual Total Time": 1675.584,
                  "Actual Rows": 453036,
                  "Actual Loops": 7,
                  "Inner Unique": false,
                  "Hash Cond": "(ci.movie_id = t.id)",
                  "Plans": [
                    {
                      "Node Type": "Seq Scan",
                      "Parent Relationship": "Outer",
                      "Parallel Aware": true,
                      "Relation Name": "cast_info",
                      "Alias": "ci",
                      "Startup Cost": 0.0,
                      "Total Cost": 328162.03,
                      "Plan Rows": 5588141,
                      "Plan Width": 4,
                      "Actual Startup Time": 0.024,
                      "Actual Total Time": 755.118,
                      "Actual Rows": 4810663,
                      "Actual Loops": 7,
                      "Filter": "(person_id < 3562093)",
                      "Rows Removed by Filter": 367101
                    },
                    {
                      "Node Type": "Hash",
                      "Parent Relationship": "Inner",
                      "Parallel Aware": true,
                      "Startup Cost": 92579.47,
                      "Total Cost": 92579.47,
                      "Plan Rows": 220269,
                      "Plan Width": 8,
                      "Actual Startup Time": 273.399,
                      "Actual Total Time": 273.466,
                      "Actual Rows": 20051,
                      "Actual Loops": 7,
                      "Hash Buckets": 1048576,
                      "Original Hash Buckets": 1048576,
                      "Hash Batches": 1,
                      "Original Hash Batches": 1,
                      "Peak Memory Usage": 13792,
                      "Plans": [
                        {
                          "Node Type": "Hash Join",
                          "Parent Relationship": "Outer",
                          "Parallel Aware": true,
                          "Join Type": "Inner",
                          "Startup Cost": 47150.39,
                          "Total Cost": 92579.47,
                          "Plan Rows": 220269,
                          "Plan Width": 8,
                          "Actual Startup Time": 124.757,
                          "Actual Total Time": 260.273,
                          "Actual Rows": 20051,
                          "Actual Loops": 7,
                          "Inner Unique": true,
                          "Hash Cond": "(mk.movie_id = t.id)",
                          "Plans": [
                            {
                              "Node Type": "Seq Scan",
                              "Parent Relationship": "Outer",
                              "Parallel Aware": true,
                              "Relation Name": "movie_keyword",
                              "Alias": "mk",
                              "Startup Cost": 0.0,
                              "Total Cost": 42695.65,
                              "Plan Rows": 1041306,
                              "Plan Width": 4,
                              "Actual Startup Time": 0.038,
                              "Actual Total Time": 85.065,
                              "Actual Rows": 459755,
                              "Actual Loops": 7,
                              "Filter": "(keyword_id < 13464)",
                              "Rows Removed by Filter": 186521
                            },
                            {
                              "Node Type": "Hash",
                              "Parent Relationship": "Inner",
                              "Parallel Aware": true,
                              "Startup Cost": 45479.1,
                              "Total Cost": 45479.1,
                              "Plan Rows": 133703,
                              "Plan Width": 4,
                              "Actual Startup Time": 122.795,
                              "Actual Total Time": 122.796,
                              "Actual Rows": 61178,
                              "Actual Loops": 7,
                              "Hash Buckets": 1048576,
                              "Original Hash Buckets": 1048576,
                              "Hash Batches": 1,
                              "Original Hash Batches": 1,
                              "Peak Memory Usage": 25088,
                              "Plans": [
                                {
                                  "Node Type": "Seq Scan",
                                  "Parent Relationship": "Outer",
                                  "Parallel Aware": true,
                                  "Relation Name": "title",
                                  "Alias": "t",
                                  "Startup Cost": 0.0,
                                  "Total Cost": 45479.1,
                                  "Plan Rows": 133703,
                                  "Plan Width": 4,
                                  "Actual Startup Time": 0.045,
                                  "Actual Total Time": 83.46,
                                  "Actual Rows": 61178,
                                  "Actual Loops": 7,
                                  "Filter": "((production_year < 1997) AND (kind_id = 7))",
                                  "Rows Removed by Filter": 300009
                                }
                              ]
                            }
                          ]
                        }
                      ]
                    }
                  ]
                }
              ]
            }
          ]
        }
      ]
    },
    "Planning Time": 1.344,
    "Triggers": [],
    "Execution Time": 1791.604
  }
]