[
  {
    "Plan": {
      "Node Type": "Aggregate",
      "Strategy": "Plain",
      "Partial Mode": "Finalize",
      "Parallel Aware": false,
      "Startup Cost": 95657.42,
      "Total Cost": 95657.43,
      "Plan Rows": 1,
      "Plan Width": 8,
      "Actual Startup Time": 426.682,
      "Actual Total Time": 443.887,
      "Actual Rows": 1,
      "Actual Loops": 1,
      "Plans": [
        {
          "Node Type": "Gather",
          "Parent Relationship": "Outer",
          "Parallel Aware": false,
          "Startup Cost": 95657.21,
          "Total Cost": 95657.42,
          "Plan Rows": 2,
          "Plan Width": 8,
          "Actual Startup Time": 424.329,
          "Actual Total Time": 443.876,
          "Actual Rows": 3,
          "Actual Loops": 1,
          "Workers Planned": 2,
          "Workers Launched": 2,
          "Single Copy": false,
          "Plans": [
            {
              "Node Type": "Aggregate",
              "Strategy": "Plain",
              "Partial Mode": "Partial",
              "Parent Relationship": "Outer",
              "Parallel Aware": false,
              "Startup Cost": 94657.21,
              "Total Cost": 94657.22,
              "Plan Rows": 1,
              "Plan Width": 8,
              "Actual Startup Time": 416.065,
              "Actual Total Time": 416.251,
              "Actual Rows": 1,
              "Actual Loops": 3,
              "Plans": [
                {
                  "Node Type": "Hash Join",
                  "Parent Relationship": "Outer",
                  "Parallel Aware": true,
                  "Join Type": "Inner",
                  "Startup Cost": 78481.02,
                  "Total Cost": 94511.06,
                  "Plan Rows": 58460,
                  "Plan Width": 0,
                  "Actual Startup Time": 329.745,
                  "Actual Total Time": 414.071,
                  "Actual Rows": 53311,
                  "Actual Loops": 3,
                  "Inner Unique": false,
                  "Hash Cond": "(mi_idx.movie_id = t.id)",
                  "Plans": [
                    {
                      "Node Type": "Seq Scan",
                      "Parent Relationship": "Outer",
                      "Parallel Aware": true,
                      "Relation Name": "movie_info_idx",
                      "Alias": "mi_idx",
                      "Startup Cost": 0.0,
                      "Total Cost": 13685.15,
                      "Plan Rows": 575015,
                      "Plan Width": 4,
                      "Actual Startup Time": 0.028,
                      "Actual Total Time": 35.358,
                      "Actual Rows": 460012,
                      "Actual Loops": 3
                    },
                    {
                      "Node Type": "Hash",
                      "Parent Relationship": "Inner",
                      "Parallel Aware": true,
                      "Startup Cost": 77444.56,
                      "Total Cost": 77444.56,
                      "Plan Rows": 82917,
                      "Plan Width": 8,
                      "Actual Startup Time": 326.873,
                      "Actual Total Time": 327.057,
                      "Actual Rows": 55357,
                      "Actual Loops": 3,
                      "Hash Buckets": 262144,
                      "Original Hash Buckets": 262144,
                      "Hash Batches": 1,
                      "Original Hash Batches": 1,
                      "Peak Memory Usage": 8608,
                      "Plans": [
                        {
                          "Node Type": "Hash Join",
                          "Parent Relationship": "Outer",
                          "Parallel Aware": true,
                          "Join Type": "Inner",
                          "Startup Cost": 47012.12,
                          "Total Cost": 77444.56,
                          "Plan Rows": 82917,
                          "Plan Width": 8,
                          "Actual Startup Time": 193.527,
                          "Actual Total Time": 312.179,
                          "Actual Rows": 55357,
                          "Actual Loops": 3,
                          "Inner Unique": true,
                          "Hash Cond": "(mc.movie_id = t.id)",
                          "Plans": [
                            {
                              "Node Type": "Seq Scan",
                              "Parent Relationship": "Outer",
                              "Parallel Aware": true,
                              "Relation Name": "movie_companies",
                              "Alias": "mc",
                              "Startup Cost": 0.0,
                              "Total Cost": 29310.68,
                              "Plan Rows": 427336,
                              "Plan Width": 4,
                              "Actual Startup Time": 34.366,
                              "Actual Total Time": 80.048,
                              "Actual Rows": 444961,
                              "Actual Loops": 3,
                              "Filter": "(company_type_id = 2)",
                              "Rows Removed by Filter": 424749
                            },
                            {
                              "Node Type": "Hash",
                              "Parent Relationship": "Inner",
                              "Parallel Aware": true,
                              "Startup Cost": 45479.1,
                              "Total Cost": 45479.1,
                              "Plan Rows": 122642,
                              "Plan Width": 4,
                              "Actual Startup Time": 156.402,
                              "Actual Total Time": 156.403,
                              "Actual Rows": 126448,
                              "Actual Loops": 3,
                              "Hash Buckets": 524288,
                              "Original Hash Buckets": 524288,
                              "Hash Batches": 1,
                              "Original Hash Batches": 1,
                              "Peak Memory Usage": 18944,
                              "Plans": [
                                {
                                  "Node Type": "Seq Scan",
                                  "Parent Relationship": "Outer",
                                  "Parallel Aware": true,
                                  "Relation Name": "title",
                                  "Alias": "t",
                                  "Startup Cost": 0.0,
                                  "Total Cost": 45479.1,
                                  "Plan Rows": 122642,
                                  "Plan Width": 4,
                                  "Actual Startup Time": 0.038,
                                  "Actual Total Time": 115.346,
                                  "Actual Rows": 126448,
                                  "Actual Loops": 3,
                                  "Filter": "((production_year < 1995) AND (kind_id = 7))",
                                  "Rows Removed by Filter": 716322
                                }
                              ]
                            }
                          ]
                        }
                      ]
                    }
                  ]
                }
              ]
            }
          ]
        }
      ]
    },
    "Planning Time": 1.524,
    "Triggers": [],
    "Execution Time": 443.973
  }
]