[
  {
    "Plan": {
      "Node Type": "Aggregate",
      "Strategy": "Plain",
      "Partial Mode": "Finalize",
      "Parallel Aware": false,
      "Startup Cost": 46404.73,
      "Total Cost": 46404.74,
      "Plan Rows": 1,
      "Plan Width": 8,
      "Actual Startup Time": 161.38,
      "Actual Total Time": 170.177,
      "Actual Rows": 1,
      "Actual Loops": 1,
      "Plans": [
        {
          "Node Type": "Gather",
          "Parent Relationship": "Outer",
          "Parallel Aware": false,
          "Startup Cost": 46404.41,
          "Total Cost": 46404.72,
          "Plan Rows": 3,
          "Plan Width": 8,
          "Actual Startup Time": 161.264,
          "Actual Total Time": 170.166,
          "Actual Rows": 4,
          "Actual Loops": 1,
          "Workers Planned": 3,
          "Workers Launched": 3,
          "Single Copy": false,
          "Plans": [
            {
              "Node Type": "Aggregate",
              "Strategy": "Plain",
              "Partial Mode": "Partial",
              "Parent Relationship": "Outer",
              "Parallel Aware": false,
              "Startup Cost": 45404.41,
              "Total Cost": 45404.42,
              "Plan Rows": 1,
              "Plan Width": 8,
              "Actual Startup Time": 156.571,
              "Actual Total Time": 156.573,
              "Actual Rows": 1,
              "Actual Loops": 4,
              "Plans": [
                {
                  "Node Type": "Seq Scan",
                  "Parent Relationship": "Outer",
                  "Parallel Aware": true,
                  "Relation Name": "movie_keyword",
                  "Alias": "mk",
                  "Startup Cost": 0.0,
                  "Total Cost": 42695.65,
                  "Plan Rows": 1083503,
                  "Plan Width": 0,
                  "Actual Startup Time": 0.034,
                  "Actual Total Time": 118.487,
                  "Actual Rows": 837851,
                  "Actual Loops": 4,
                  "Filter": "(keyword_id < 15900)",
                  "Rows Removed by Filter": 293132
                }
              ]
            }
          ]
        }
      ]
    },
    "Planning Time": 0.087,
    "Triggers": [],
    "Execution Time": 170.207
  }
]