[
  {
    "Plan": {
      "Node Type": "Aggregate",
      "Strategy": "Plain",
      "Partial Mode": "Finalize",
      "Parallel Aware": false,
      "Startup Cost": 46403.06,
      "Total Cost": 46403.07,
      "Plan Rows": 1,
      "Plan Width": 8,
      "Actual Startup Time": 146.988,
      "Actual Total Time": 154.66,
      "Actual Rows": 1,
      "Actual Loops": 1,
      "Plans": [
        {
          "Node Type": "Gather",
          "Parent Relationship": "Outer",
          "Parallel Aware": false,
          "Startup Cost": 46402.75,
          "Total Cost": 46403.06,
          "Plan Rows": 3,
          "Plan Width": 8,
          "Actual Startup Time": 146.887,
          "Actual Total Time": 154.651,
          "Actual Rows": 4,
          "Actual Loops": 1,
          "Workers Planned": 3,
          "Workers Launched": 3,
          "Single Copy": false,
          "Plans": [
            {
              "Node Type": "Aggregate",
              "Strategy": "Plain",
              "Partial Mode": "Partial",
              "Parent Relationship": "Outer",
              "Parallel Aware": false,
              "Startup Cost": 45402.75,
              "Total Cost": 45402.76,
              "Plan Rows": 1,
              "Plan Width": 8,
              "Actual Startup Time": 143.645,
              "Actual Total Time": 143.646,
              "Actual Rows": 1,
              "Actual Loops": 4,
              "Plans": [
                {
                  "Node Type": "Seq Scan",
                  "Parent Relationship": "Outer",
                  "Parallel Aware": true,
                  "Relation Name": "movie_keyword",
                  "Alias": "mk",
                  "Startup Cost": 0.0,
                  "Total Cost": 42695.65,
                  "Plan Rows": 1082837,
                  "Plan Width": 0,
                  "Actual Startup Time": 0.027,
                  "Actual Total Time": 109.33,
                  "Actual Rows": 837851,
                  "Actual Loops": 4,
                  "Filter": "(keyword_id < 15900)",
                  "Rows Removed by Filter": 293132
                }
              ]
            }
          ]
        }
      ]
    },
    "Planning Time": 0.093,
    "Triggers": [],
    "Execution Time": 154.714
  }
]