[
    {
        "Bao": {
            "Bao prediction": "NaN",
            "Bao recommended hint": "(no hint)"
        }
    },
    {
        "Plan": {
            "Node Type": "Aggregate",
            "Strategy": "Plain",
            "Partial Mode": "Simple",
            "Parallel Aware": false,
            "Startup Cost": 9211.47,
            "Total Cost": 9211.48,
            "Plan Rows": 1,
            "Plan Width": 8,
            "Actual Startup Time": 2.659,
            "Actual Total Time": 2.66,
            "Actual Rows": 1,
            "Actual Loops": 1,
            "Output": [
                "count(*)"
            ],
            "Plans": [
                {
                    "Node Type": "Index Only Scan",
                    "Parent Relationship": "Outer",
                    "Parallel Aware": false,
                    "Scan Direction": "Forward",
                    "Index Name": "company_id_movie_companies",
                    "Relation Name": "movie_companies",
                    "Schema": "public",
                    "Alias": "mc",
                    "Startup Cost": 0.43,
                    "Total Cost": 9201.9,
                    "Plan Rows": 3827,
                    "Plan Width": 0,
                    "Actual Startup Time": 0.034,
                    "Actual Total Time": 2.499,
                    "Actual Rows": 3890,
                    "Actual Loops": 1,
                    "Output": [
                        "company_id"
                    ],
                    "Index Cond": "(mc.company_id = 240)",
                    "Rows Removed by Index Recheck": 0,
                    "Heap Fetches": 3890
                }
            ]
        },
        "Planning Time": 197.501,
        "Triggers": [],
        "Execution Time": 2.697
    }
]