[
  {
    "Plan": {
      "Node Type": "Aggregate",
      "Strategy": "Plain",
      "Partial Mode": "Finalize",
      "Parallel Aware": false,
      "Startup Cost": 335162.68,
      "Total Cost": 335162.69,
      "Plan Rows": 1,
      "Plan Width": 8,
      "Actual Startup Time": 841.854,
      "Actual Total Time": 895.524,
      "Actual Rows": 1,
      "Actual Loops": 1,
      "Plans": [
        {
          "Node Type": "Gather",
          "Parent Relationship": "Outer",
          "Parallel Aware": false,
          "Startup Cost": 335162.06,
          "Total Cost": 335162.67,
          "Plan Rows": 6,
          "Plan Width": 8,
          "Actual Startup Time": 841.633,
          "Actual Total Time": 895.512,
          "Actual Rows": 7,
          "Actual Loops": 1,
          "Workers Planned": 6,
          "Workers Launched": 6,
          "Single Copy": false,
          "Plans": [
            {
              "Node Type": "Aggregate",
              "Strategy": "Plain",
              "Partial Mode": "Partial",
              "Parent Relationship": "Outer",
              "Parallel Aware": false,
              "Startup Cost": 334162.06,
              "Total Cost": 334162.07,
              "Plan Rows": 1,
              "Plan Width": 8,
              "Actual Startup Time": 832.127,
              "Actual Total Time": 832.129,
              "Actual Rows": 1,
              "Actual Loops": 7,
              "Plans": [
                {
                  "Node Type": "Seq Scan",
                  "Parent Relationship": "Outer",
                  "Parallel Aware": true,
                  "Relation Name": "cast_info",
                  "Alias": "ci",
                  "Startup Cost": 0.0,
                  "Total Cost": 328211.39,
                  "Plan Rows": 2380267,
                  "Plan Width": 0,
                  "Actual Startup Time": 298.017,
                  "Actual Total Time": 705.786,
                  "Actual Rows": 1999962,
                  "Actual Loops": 7,
                  "Filter": "(person_id > 2266641)",
                  "Rows Removed by Filter": 3177802
                }
              ]
            }
          ]
        }
      ]
    },
    "Planning Time": 0.173,
    "Triggers": [],
    "Execution Time": 895.6
  }
]