{
  "Plan": {
    "Node Type": "Aggregate",
    "Strategy": "Plain",
    "Partial Mode": "Finalize",
    "Parallel Aware": false,
    "Startup Cost": 18580.14,
    "Total Cost": 18580.15,
    "Plan Rows": 1,
    "Plan Width": 8,
    "Actual Startup Time": 25.861,
    "Actual Total Time": 29.367,
    "Actual Rows": 1,
    "Actual Loops": 1,
    "Plans": [
      {
        "Node Type": "Gather",
        "Parent Relationship": "Outer",
        "Parallel Aware": false,
        "Startup Cost": 18580.03,
        "Total Cost": 18580.14,
        "Plan Rows": 1,
        "Plan Width": 8,
        "Actual Startup Time": 25.616,
        "Actual Total Time": 29.358,
        "Actual Rows": 2,
        "Actual Loops": 1,
        "Workers Planned": 1,
        "Workers Launched": 1,
        "Single Copy": false,
        "Plans": [
          {
            "Node Type": "Aggregate",
            "Strategy": "Plain",
            "Partial Mode": "Partial",
            "Parent Relationship": "Outer",
            "Parallel Aware": false,
            "Startup Cost": 17580.03,
            "Total Cost": 17580.04,
            "Plan Rows": 1,
            "Plan Width": 8,
            "Actual Startup Time": 19.64,
            "Actual Total Time": 19.643,
            "Actual Rows": 1,
            "Actual Loops": 2,
            "Plans": [
              {
                "Node Type": "Nested Loop",
                "Parent Relationship": "Outer",
                "Parallel Aware": false,
                "Join Type": "Inner",
                "Startup Cost": 80.06,
                "Total Cost": 17578.41,
                "Plan Rows": 647,
                "Plan Width": 0,
                "Actual Startup Time": 1.865,
                "Actual Total Time": 19.248,
                "Actual Rows": 1836,
                "Actual Loops": 2,
                "Inner Unique": true,
                "Plans": [
                  {
                    "Node Type": "Bitmap Heap Scan",
                    "Parent Relationship": "Outer",
                    "Parallel Aware": true,
                    "Relation Name": "movie_companies",
                    "Alias": "mc",
                    "Startup Cost": 79.63,
                    "Total Cost": 9071.06,
                    "Plan Rows": 1065,
                    "Plan Width": 4,
                    "Actual Startup Time": 1.703,
                    "Actual Total Time": 3.422,
                    "Actual Rows": 1888,
                    "Actual Loops": 2,
                    "Recheck Cond": "(company_id = 394)",
                    "Rows Removed by Index Recheck": 0,
                    "Filter": "(company_type_id = 2)",
                    "Rows Removed by Filter": 474,
                    "Exact Heap Blocks": 363,
                    "Lossy Heap Blocks": 0,
                    "Plans": [
                      {
                        "Node Type": "Bitmap Index Scan",
                        "Parent Relationship": "Outer",
                        "Parallel Aware": false,
                        "Index Name": "company_id_movie_companies",
                        "Startup Cost": 0.0,
                        "Total Cost": 79.18,
                        "Plan Rows": 3566,
                        "Plan Width": 0,
                        "Actual Startup Time": 2.029,
                        "Actual Total Time": 2.029,
                        "Actual Rows": 4726,
                        "Actual Loops": 1,
                        "Index Cond": "(company_id = 394)"
                      }
                    ]
                  },
                  {
                    "Node Type": "Index Scan",
                    "Parent Relationship": "Inner",
                    "Parallel Aware": false,
                    "Scan Direction": "Forward",
                    "Index Name": "title_pkey",
                    "Relation Name": "title",
                    "Alias": "t",
                    "Startup Cost": 0.43,
                    "Total Cost": 7.99,
                    "Plan Rows": 1,
                    "Plan Width": 4,
                    "Actual Startup Time": 0.008,
                    "Actual Total Time": 0.008,
                    "Actual Rows": 1,
                    "Actual Loops": 3777,
                    "Index Cond": "(id = mc.movie_id)",
                    "Rows Removed by Index Recheck": 0,
                    "Filter": "(kind_id = 7)",
                    "Rows Removed by Filter": 0
                  }
                ]
              }
            ]
          }
        ]
      }
    ]
  },
  "Planning Time": 0.645,
  "Triggers": [],
  "Execution Time": 29.454
}