[
  {
    "Plan": {
      "Node Type": "Aggregate",
      "Strategy": "Plain",
      "Partial Mode": "Finalize",
      "Parallel Aware": false,
      "Startup Cost": 60626.23,
      "Total Cost": 60626.24,
      "Plan Rows": 1,
      "Plan Width": 8,
      "Actual Startup Time": 217.604,
      "Actual Total Time": 233.237,
      "Actual Rows": 1,
      "Actual Loops": 1,
      "Plans": [
        {
          "Node Type": "Gather",
          "Parent Relationship": "Outer",
          "Parallel Aware": false,
          "Startup Cost": 60626.02,
          "Total Cost": 60626.23,
          "Plan Rows": 2,
          "Plan Width": 8,
          "Actual Startup Time": 216.708,
          "Actual Total Time": 233.229,
          "Actual Rows": 3,
          "Actual Loops": 1,
          "Workers Planned": 2,
          "Workers Launched": 2,
          "Single Copy": false,
          "Plans": [
            {
              "Node Type": "Aggregate",
              "Strategy": "Plain",
              "Partial Mode": "Partial",
              "Parent Relationship": "Outer",
              "Parallel Aware": false,
              "Startup Cost": 59626.02,
              "Total Cost": 59626.03,
              "Plan Rows": 1,
              "Plan Width": 8,
              "Actual Startup Time": 211.656,
              "Actual Total Time": 211.659,
              "Actual Rows": 1,
              "Actual Loops": 3,
              "Plans": [
                {
                  "Node Type": "Hash Join",
                  "Parent Relationship": "Outer",
                  "Parallel Aware": true,
                  "Join Type": "Inner",
                  "Startup Cost": 44349.55,
                  "Total Cost": 59544.11,
                  "Plan Rows": 32765,
                  "Plan Width": 0,
                  "Actual Startup Time": 135.93,
                  "Actual Total Time": 210.562,
                  "Actual Rows": 24693,
                  "Actual Loops": 3,
                  "Inner Unique": true,
                  "Hash Cond": "(mi_idx.movie_id = t.id)",
                  "Plans": [
                    {
                      "Node Type": "Seq Scan",
                      "Parent Relationship": "Outer",
                      "Parallel Aware": true,
                      "Relation Name": "movie_info_idx",
                      "Alias": "mi_idx",
                      "Startup Cost": 0.0,
                      "Total Cost": 13685.15,
                      "Plan Rows": 575015,
                      "Plan Width": 4,
                      "Actual Startup Time": 0.01,
                      "Actual Total Time": 36.797,
                      "Actual Rows": 460012,
                      "Actual Loops": 3
                    },
                    {
                      "Node Type": "Hash",
                      "Parent Relationship": "Inner",
                      "Parallel Aware": true,
                      "Startup Cost": 43899.32,
                      "Total Cost": 43899.32,
                      "Plan Rows": 36018,
                      "Plan Width": 4,
                      "Actual Startup Time": 124.383,
                      "Actual Total Time": 124.384,
                      "Actual Rows": 51735,
                      "Actual Loops": 3,
                      "Hash Buckets": 262144,
                      "Original Hash Buckets": 262144,
                      "Hash Batches": 1,
                      "Original Hash Batches": 1,
                      "Peak Memory Usage": 8192,
                      "Plans": [
                        {
                          "Node Type": "Seq Scan",
                          "Parent Relationship": "Outer",
                          "Parallel Aware": true,
                          "Relation Name": "title",
                          "Alias": "t",
                          "Startup Cost": 0.0,
                          "Total Cost": 43899.32,
                          "Plan Rows": 36018,
                          "Plan Width": 4,
                          "Actual Startup Time": 7.009,
                          "Actual Total Time": 108.309,
                          "Actual Rows": 51735,
                          "Actual Loops": 3,
                          "Filter": "(production_year < 1947)",
                          "Rows Removed by Filter": 791035
                        }
                      ]
                    }
                  ]
                }
              ]
            }
          ]
        }
      ]
    },
    "Planning Time": 0.564,
    "Triggers": [],
    "Execution Time": 233.298
  }
]