[
  {
    "Plan": {
      "Node Type": "Aggregate",
      "Strategy": "Plain",
      "Partial Mode": "Finalize",
      "Parallel Aware": false,
      "Startup Cost": 46786.47,
      "Total Cost": 46786.48,
      "Plan Rows": 1,
      "Plan Width": 8,
      "Actual Startup Time": 166.435,
      "Actual Total Time": 176.3,
      "Actual Rows": 1,
      "Actual Loops": 1,
      "Plans": [
        {
          "Node Type": "Gather",
          "Parent Relationship": "Outer",
          "Parallel Aware": false,
          "Startup Cost": 46786.15,
          "Total Cost": 46786.46,
          "Plan Rows": 3,
          "Plan Width": 8,
          "Actual Startup Time": 166.293,
          "Actual Total Time": 176.29,
          "Actual Rows": 4,
          "Actual Loops": 1,
          "Workers Planned": 3,
          "Workers Launched": 3,
          "Single Copy": false,
          "Plans": [
            {
              "Node Type": "Aggregate",
              "Strategy": "Plain",
              "Partial Mode": "Partial",
              "Parent Relationship": "Outer",
              "Parallel Aware": false,
              "Startup Cost": 45786.15,
              "Total Cost": 45786.16,
              "Plan Rows": 1,
              "Plan Width": 8,
              "Actual Startup Time": 161.173,
              "Actual Total Time": 161.174,
              "Actual Rows": 1,
              "Actual Loops": 4,
              "Plans": [
                {
                  "Node Type": "Seq Scan",
                  "Parent Relationship": "Outer",
                  "Parallel Aware": true,
                  "Relation Name": "movie_keyword",
                  "Alias": "mk",
                  "Startup Cost": 0.0,
                  "Total Cost": 42695.65,
                  "Plan Rows": 1236199,
                  "Plan Width": 0,
                  "Actual Startup Time": 0.041,
                  "Actual Total Time": 120.797,
                  "Actual Rows": 961722,
                  "Actual Loops": 4,
                  "Filter": "(keyword_id < 27655)",
                  "Rows Removed by Filter": 169261
                }
              ]
            }
          ]
        }
      ]
    },
    "Planning Time": 0.191,
    "Triggers": [],
    "Execution Time": 176.367
  }
]