[
  {
    "Plan": {
      "Node Type": "Aggregate",
      "Strategy": "Plain",
      "Partial Mode": "Finalize",
      "Parallel Aware": false,
      "Startup Cost": 95665.34,
      "Total Cost": 95665.35,
      "Plan Rows": 1,
      "Plan Width": 8,
      "Actual Startup Time": 496.962,
      "Actual Total Time": 511.542,
      "Actual Rows": 1,
      "Actual Loops": 1,
      "Plans": [
        {
          "Node Type": "Gather",
          "Parent Relationship": "Outer",
          "Parallel Aware": false,
          "Startup Cost": 95665.02,
          "Total Cost": 95665.33,
          "Plan Rows": 3,
          "Plan Width": 8,
          "Actual Startup Time": 486.754,
          "Actual Total Time": 511.533,
          "Actual Rows": 4,
          "Actual Loops": 1,
          "Workers Planned": 3,
          "Workers Launched": 3,
          "Single Copy": false,
          "Plans": [
            {
              "Node Type": "Aggregate",
              "Strategy": "Plain",
              "Partial Mode": "Partial",
              "Parent Relationship": "Outer",
              "Parallel Aware": false,
              "Startup Cost": 94665.02,
              "Total Cost": 94665.03,
              "Plan Rows": 1,
              "Plan Width": 8,
              "Actual Startup Time": 469.069,
              "Actual Total Time": 469.072,
              "Actual Rows": 1,
              "Actual Loops": 4,
              "Plans": [
                {
                  "Node Type": "Hash Join",
                  "Parent Relationship": "Outer",
                  "Parallel Aware": true,
                  "Join Type": "Inner",
                  "Startup Cost": 50755.65,
                  "Total Cost": 94115.8,
                  "Plan Rows": 219686,
                  "Plan Width": 0,
                  "Actual Startup Time": 325.275,
                  "Actual Total Time": 462.036,
                  "Actual Rows": 156897,
                  "Actual Loops": 4,
                  "Inner Unique": true,
                  "Hash Cond": "(mk.movie_id = t.id)",
                  "Plans": [
                    {
                      "Node Type": "Seq Scan",
                      "Parent Relationship": "Outer",
                      "Parallel Aware": true,
                      "Relation Name": "movie_keyword",
                      "Alias": "mk",
                      "Startup Cost": 0.0,
                      "Total Cost": 42695.65,
                      "Plan Rows": 253142,
                      "Plan Width": 4,
                      "Actual Startup Time": 1.971,
                      "Actual Total Time": 92.421,
                      "Actual Rows": 194136,
                      "Actual Loops": 4,
                      "Filter": "(keyword_id > 24289)",
                      "Rows Removed by Filter": 936846
                    },
                    {
                      "Node Type": "Hash",
                      "Parent Relationship": "Inner",
                      "Parallel Aware": true,
                      "Startup Cost": 43898.92,
                      "Total Cost": 43898.92,
                      "Plan Rows": 548539,
                      "Plan Width": 4,
                      "Actual Startup Time": 311.852,
                      "Actual Total Time": 311.853,
                      "Actual Rows": 545579,
                      "Actual Loops": 4,
                      "Hash Buckets": 4194304,
                      "Original Hash Buckets": 4194304,
                      "Hash Batches": 1,
                      "Original Hash Batches": 1,
                      "Peak Memory Usage": 118208,
                      "Plans": [
                        {
                          "Node Type": "Seq Scan",
                          "Parent Relationship": "Outer",
                          "Parallel Aware": true,
                          "Relation Name": "title",
                          "Alias": "t",
                          "Startup Cost": 0.0,
                          "Total Cost": 43898.92,
                          "Plan Rows": 548539,
                          "Plan Width": 4,
                          "Actual Startup Time": 0.033,
                          "Actual Total Time": 111.898,
                          "Actual Rows": 545579,
                          "Actual Loops": 4,
                          "Filter": "(production_year > 1962)",
                          "Rows Removed by Filter": 86499
                        }
                      ]
                    }
                  ]
                }
              ]
            }
          ]
        }
      ]
    },
    "Planning Time": 0.558,
    "Triggers": [],
    "Execution Time": 511.605
  }
]