[
    {
        "Bao": {
            "Bao prediction": 903.814,
            "Bao recommended hint": "(no hint)"
        }
    },
    {
        "Plan": {
            "Node Type": "Aggregate",
            "Strategy": "Plain",
            "Partial Mode": "Finalize",
            "Parallel Aware": false,
            "Startup Cost": 76838.78,
            "Total Cost": 76838.79,
            "Plan Rows": 1,
            "Plan Width": 8,
            "Actual Startup Time": 326.48,
            "Actual Total Time": 340.475,
            "Actual Rows": 1,
            "Actual Loops": 1,
            "Output": [
                "count(*)"
            ],
            "Plans": [
                {
                    "Node Type": "Gather",
                    "Parent Relationship": "Outer",
                    "Parallel Aware": false,
                    "Startup Cost": 76838.36,
                    "Total Cost": 76838.77,
                    "Plan Rows": 4,
                    "Plan Width": 8,
                    "Actual Startup Time": 324.111,
                    "Actual Total Time": 340.464,
                    "Actual Rows": 5,
                    "Actual Loops": 1,
                    "Output": [
                        "(PARTIAL count(*))"
                    ],
                    "Workers Planned": 4,
                    "Workers Launched": 4,
                    "Single Copy": false,
                    "Plans": [
                        {
                            "Node Type": "Aggregate",
                            "Strategy": "Plain",
                            "Partial Mode": "Partial",
                            "Parent Relationship": "Outer",
                            "Parallel Aware": false,
                            "Startup Cost": 75838.36,
                            "Total Cost": 75838.37,
                            "Plan Rows": 1,
                            "Plan Width": 8,
                            "Actual Startup Time": 315.159,
                            "Actual Total Time": 315.163,
                            "Actual Rows": 1,
                            "Actual Loops": 5,
                            "Output": [
                                "PARTIAL count(*)"
                            ],
                            "Workers": [
                                {
                                    "Worker Number": 0,
                                    "Actual Startup Time": 312.749,
                                    "Actual Total Time": 312.752,
                                    "Actual Rows": 1,
                                    "Actual Loops": 1
                                },
                                {
                                    "Worker Number": 1,
                                    "Actual Startup Time": 313.443,
                                    "Actual Total Time": 313.447,
                                    "Actual Rows": 1,
                                    "Actual Loops": 1
                                },
                                {
                                    "Worker Number": 2,
                                    "Actual Startup Time": 313.054,
                                    "Actual Total Time": 313.058,
                                    "Actual Rows": 1,
                                    "Actual Loops": 1
                                },
                                {
                                    "Worker Number": 3,
                                    "Actual Startup Time": 313.226,
                                    "Actual Total Time": 313.23,
                                    "Actual Rows": 1,
                                    "Actual Loops": 1
                                }
                            ],
                            "Plans": [
                                {
                                    "Node Type": "Hash Join",
                                    "Parent Relationship": "Outer",
                                    "Parallel Aware": true,
                                    "Join Type": "Inner",
                                    "Startup Cost": 29827.88,
                                    "Total Cost": 75606.4,
                                    "Plan Rows": 92786,
                                    "Plan Width": 0,
                                    "Actual Startup Time": 110.315,
                                    "Actual Total Time": 309.671,
                                    "Actual Rows": 73632,
                                    "Actual Loops": 5,
                                    "Inner Unique": false,
                                    "Hash Cond": "(t.id = mc.movie_id)",
                                    "Workers": [
                                        {
                                            "Worker Number": 0,
                                            "Actual Startup Time": 107.949,
                                            "Actual Total Time": 307.345,
                                            "Actual Rows": 70331,
                                            "Actual Loops": 1
                                        },
                                        {
                                            "Worker Number": 1,
                                            "Actual Startup Time": 108.313,
                                            "Actual Total Time": 307.902,
                                            "Actual Rows": 70668,
                                            "Actual Loops": 1
                                        },
                                        {
                                            "Worker Number": 2,
                                            "Actual Startup Time": 108.28,
                                            "Actual Total Time": 307.597,
                                            "Actual Rows": 70780,
                                            "Actual Loops": 1
                                        },
                                        {
                                            "Worker Number": 3,
                                            "Actual Startup Time": 108.444,
                                            "Actual Total Time": 307.707,
                                            "Actual Rows": 71394,
                                            "Actual Loops": 1
                                        }
                                    ],
                                    "Plans": [
                                        {
                                            "Node Type": "Seq Scan",
                                            "Parent Relationship": "Outer",
                                            "Parallel Aware": true,
                                            "Relation Name": "title",
                                            "Schema": "public",
                                            "Alias": "t",
                                            "Startup Cost": 0.0,
                                            "Total Cost": 42318.81,
                                            "Plan Rows": 632080,
                                            "Plan Width": 4,
                                            "Actual Startup Time": 0.009,
                                            "Actual Total Time": 72.949,
                                            "Actual Rows": 505662,
                                            "Actual Loops": 5,
                                            "Output": [
                                                "t.id",
                                                "t.title",
                                                "t.imdb_index",
                                                "t.kind_id",
                                                "t.production_year",
                                                "t.imdb_id",
                                                "t.phonetic_code",
                                                "t.episode_of_id",
                                                "t.season_nr",
                                                "t.episode_nr",
                                                "t.series_years",
                                                "t.md5sum"
                                            ],
                                            "Workers": [
                                                {
                                                    "Worker Number": 0,
                                                    "Actual Startup Time": 0.011,
                                                    "Actual Total Time": 74.898,
                                                    "Actual Rows": 484959,
                                                    "Actual Loops": 1
                                                },
                                                {
                                                    "Worker Number": 1,
                                                    "Actual Startup Time": 0.012,
                                                    "Actual Total Time": 75.594,
                                                    "Actual Rows": 484284,
                                                    "Actual Loops": 1
                                                },
                                                {
                                                    "Worker Number": 2,
                                                    "Actual Startup Time": 0.007,
                                                    "Actual Total Time": 75.419,
                                                    "Actual Rows": 485772,
                                                    "Actual Loops": 1
                                                },
                                                {
                                                    "Worker Number": 3,
                                                    "Actual Startup Time": 0.008,
                                                    "Actual Total Time": 75.319,
                                                    "Actual Rows": 487586,
                                                    "Actual Loops": 1
                                                }
                                            ]
                                        },
                                        {
                                            "Node Type": "Hash",
                                            "Parent Relationship": "Inner",
                                            "Parallel Aware": true,
                                            "Startup Cost": 28331.33,
                                            "Total Cost": 28331.33,
                                            "Plan Rows": 119724,
                                            "Plan Width": 4,
                                            "Actual Startup Time": 107.584,
                                            "Actual Total Time": 107.585,
                                            "Actual Rows": 73632,
                                            "Actual Loops": 5,
                                            "Output": [
                                                "mc.movie_id"
                                            ],
                                            "Hash Buckets": 524288,
                                            "Original Hash Buckets": 524288,
                                            "Hash Batches": 1,
                                            "Original Hash Batches": 1,
                                            "Peak Memory Usage": 18592,
                                            "Workers": [
                                                {
                                                    "Worker Number": 0,
                                                    "Actual Startup Time": 107.51,
                                                    "Actual Total Time": 107.511,
                                                    "Actual Rows": 59802,
                                                    "Actual Loops": 1
                                                },
                                                {
                                                    "Worker Number": 1,
                                                    "Actual Startup Time": 107.933,
                                                    "Actual Total Time": 107.935,
                                                    "Actual Rows": 60668,
                                                    "Actual Loops": 1
                                                },
                                                {
                                                    "Worker Number": 2,
                                                    "Actual Startup Time": 107.869,
                                                    "Actual Total Time": 107.871,
                                                    "Actual Rows": 60740,
                                                    "Actual Loops": 1
                                                },
                                                {
                                                    "Worker Number": 3,
                                                    "Actual Startup Time": 108.023,
                                                    "Actual Total Time": 108.025,
                                                    "Actual Rows": 61841,
                                                    "Actual Loops": 1
                                                }
                                            ],
                                            "Plans": [
                                                {
                                                    "Node Type": "Bitmap Heap Scan",
                                                    "Parent Relationship": "Outer",
                                                    "Parallel Aware": true,
                                                    "Relation Name": "movie_companies",
                                                    "Schema": "public",
                                                    "Alias": "mc",
                                                    "Startup Cost": 8044.79,
                                                    "Total Cost": 28331.33,
                                                    "Plan Rows": 119724,
                                                    "Plan Width": 4,
                                                    "Actual Startup Time": 32.819,
                                                    "Actual Total Time": 76.746,
                                                    "Actual Rows": 73632,
                                                    "Actual Loops": 5,
                                                    "Output": [
                                                        "mc.movie_id"
                                                    ],
                                                    "Recheck Cond": "(mc.company_id < 197)",
                                                    "Rows Removed by Index Recheck": 0,
                                                    "Exact Heap Blocks": 5922,
                                                    "Lossy Heap Blocks": 0,
                                                    "Workers": [
                                                        {
                                                            "Worker Number": 0,
                                                            "Actual Startup Time": 32.78,
                                                            "Actual Total Time": 78.129,
                                                            "Actual Rows": 59802,
                                                            "Actual Loops": 1
                                                        },
                                                        {
                                                            "Worker Number": 1,
                                                            "Actual Startup Time": 32.784,
                                                            "Actual Total Time": 77.769,
                                                            "Actual Rows": 60668,
                                                            "Actual Loops": 1
                                                        },
                                                        {
                                                            "Worker Number": 2,
                                                            "Actual Startup Time": 33.045,
                                                            "Actual Total Time": 78.093,
                                                            "Actual Rows": 60740,
                                                            "Actual Loops": 1
                                                        },
                                                        {
                                                            "Worker Number": 3,
                                                            "Actual Startup Time": 32.83,
                                                            "Actual Total Time": 78.104,
                                                            "Actual Rows": 61841,
                                                            "Actual Loops": 1
                                                        }
                                                    ],
                                                    "Plans": [
                                                        {
                                                            "Node Type": "Bitmap Index Scan",
                                                            "Parent Relationship": "Outer",
                                                            "Parallel Aware": false,
                                                            "Index Name": "company_id_movie_companies",
                                                            "Startup Cost": 0.0,
                                                            "Total Cost": 7952.0,
                                                            "Plan Rows": 371143,
                                                            "Plan Width": 0,
                                                            "Actual Startup Time": 28.394,
                                                            "Actual Total Time": 28.394,
                                                            "Actual Rows": 368162,
                                                            "Actual Loops": 1,
                                                            "Index Cond": "(mc.company_id < 197)"
                                                        }
                                                    ]
                                                }
                                            ]
                                        }
                                    ]
                                }
                            ]
                        }
                    ]
                }
            ]
        },
        "Planning Time": 2396.676,
        "Triggers": [],
        "Execution Time": 340.61
    }
]