[
  {
    "Plan": {
      "Node Type": "Aggregate",
      "Strategy": "Plain",
      "Partial Mode": "Finalize",
      "Parallel Aware": false,
      "Startup Cost": 331006.06,
      "Total Cost": 331006.07,
      "Plan Rows": 1,
      "Plan Width": 8,
      "Actual Startup Time": 565.64,
      "Actual Total Time": 626.254,
      "Actual Rows": 1,
      "Actual Loops": 1,
      "Plans": [
        {
          "Node Type": "Gather",
          "Parent Relationship": "Outer",
          "Parallel Aware": false,
          "Startup Cost": 331005.43,
          "Total Cost": 331006.04,
          "Plan Rows": 6,
          "Plan Width": 8,
          "Actual Startup Time": 565.51,
          "Actual Total Time": 626.243,
          "Actual Rows": 7,
          "Actual Loops": 1,
          "Workers Planned": 6,
          "Workers Launched": 6,
          "Single Copy": false,
          "Plans": [
            {
              "Node Type": "Aggregate",
              "Strategy": "Plain",
              "Partial Mode": "Partial",
              "Parent Relationship": "Outer",
              "Parallel Aware": false,
              "Startup Cost": 330005.43,
              "Total Cost": 330005.44,
              "Plan Rows": 1,
              "Plan Width": 8,
              "Actual Startup Time": 555.584,
              "Actual Total Time": 555.585,
              "Actual Rows": 1,
              "Actual Loops": 7,
              "Plans": [
                {
                  "Node Type": "Seq Scan",
                  "Parent Relationship": "Outer",
                  "Parallel Aware": true,
                  "Relation Name": "cast_info",
                  "Alias": "ci",
                  "Startup Cost": 0.0,
                  "Total Cost": 328162.03,
                  "Plan Rows": 737362,
                  "Plan Width": 0,
                  "Actual Startup Time": 0.056,
                  "Actual Total Time": 524.288,
                  "Actual Rows": 646200,
                  "Actual Loops": 7,
                  "Filter": "(person_id < 436915)",
                  "Rows Removed by Filter": 4531563
                }
              ]
            }
          ]
        }
      ]
    },
    "Planning Time": 0.187,
    "Triggers": [],
    "Execution Time": 626.324
  }
]