[
  {
    "Plan": {
      "Node Type": "Aggregate",
      "Strategy": "Plain",
      "Partial Mode": "Finalize",
      "Parallel Aware": false,
      "Startup Cost": 29219.86,
      "Total Cost": 29219.87,
      "Plan Rows": 1,
      "Plan Width": 8,
      "Actual Startup Time": 80.484,
      "Actual Total Time": 84.847,
      "Actual Rows": 1,
      "Actual Loops": 1,
      "Plans": [
        {
          "Node Type": "Gather",
          "Parent Relationship": "Outer",
          "Parallel Aware": false,
          "Startup Cost": 29219.54,
          "Total Cost": 29219.85,
          "Plan Rows": 3,
          "Plan Width": 8,
          "Actual Startup Time": 80.253,
          "Actual Total Time": 84.84,
          "Actual Rows": 4,
          "Actual Loops": 1,
          "Workers Planned": 3,
          "Workers Launched": 3,
          "Single Copy": false,
          "Plans": [
            {
              "Node Type": "Aggregate",
              "Strategy": "Plain",
              "Partial Mode": "Partial",
              "Parent Relationship": "Outer",
              "Parallel Aware": false,
              "Startup Cost": 28219.54,
              "Total Cost": 28219.55,
              "Plan Rows": 1,
              "Plan Width": 8,
              "Actual Startup Time": 71.244,
              "Actual Total Time": 71.245,
              "Actual Rows": 1,
              "Actual Loops": 4,
              "Plans": [
                {
                  "Node Type": "Bitmap Heap Scan",
                  "Parent Relationship": "Outer",
                  "Parallel Aware": true,
                  "Relation Name": "movie_companies",
                  "Alias": "mc",
                  "Startup Cost": 7708.68,
                  "Total Cost": 27932.73,
                  "Plan Rows": 114724,
                  "Plan Width": 0,
                  "Actual Startup Time": 31.639,
                  "Actual Total Time": 65.045,
                  "Actual Rows": 88732,
                  "Actual Loops": 4,
                  "Recheck Cond": "(company_id > 87730)",
                  "Rows Removed by Index Recheck": 0,
                  "Exact Heap Blocks": 3202,
                  "Lossy Heap Blocks": 0,
                  "Plans": [
                    {
                      "Node Type": "Bitmap Index Scan",
                      "Parent Relationship": "Outer",
                      "Parallel Aware": false,
                      "Index Name": "company_id_movie_companies",
                      "Startup Cost": 0.0,
                      "Total Cost": 7619.77,
                      "Plan Rows": 355645,
                      "Plan Width": 0,
                      "Actual Startup Time": 38.914,
                      "Actual Total Time": 38.914,
                      "Actual Rows": 354930,
                      "Actual Loops": 1,
                      "Index Cond": "(company_id > 87730)"
                    }
                  ]
                }
              ]
            }
          ]
        }
      ]
    },
    "Planning Time": 0.168,
    "Triggers": [],
    "Execution Time": 84.914
  }
]