[
  {
    "Plan": {
      "Node Type": "Aggregate",
      "Strategy": "Plain",
      "Partial Mode": "Finalize",
      "Parallel Aware": false,
      "Startup Cost": 29123.65,
      "Total Cost": 29123.66,
      "Plan Rows": 1,
      "Plan Width": 8,
      "Actual Startup Time": 88.504,
      "Actual Total Time": 93.27,
      "Actual Rows": 1,
      "Actual Loops": 1,
      "Plans": [
        {
          "Node Type": "Gather",
          "Parent Relationship": "Outer",
          "Parallel Aware": false,
          "Startup Cost": 29123.33,
          "Total Cost": 29123.64,
          "Plan Rows": 3,
          "Plan Width": 8,
          "Actual Startup Time": 88.315,
          "Actual Total Time": 93.261,
          "Actual Rows": 4,
          "Actual Loops": 1,
          "Workers Planned": 3,
          "Workers Launched": 3,
          "Single Copy": false,
          "Plans": [
            {
              "Node Type": "Aggregate",
              "Strategy": "Plain",
              "Partial Mode": "Partial",
              "Parent Relationship": "Outer",
              "Parallel Aware": false,
              "Startup Cost": 28123.33,
              "Total Cost": 28123.34,
              "Plan Rows": 1,
              "Plan Width": 8,
              "Actual Startup Time": 81.309,
              "Actual Total Time": 81.311,
              "Actual Rows": 1,
              "Actual Loops": 4,
              "Plans": [
                {
                  "Node Type": "Bitmap Heap Scan",
                  "Parent Relationship": "Outer",
                  "Parallel Aware": true,
                  "Relation Name": "movie_companies",
                  "Alias": "mc",
                  "Startup Cost": 7629.46,
                  "Total Cost": 27839.35,
                  "Plan Rows": 113591,
                  "Plan Width": 0,
                  "Actual Startup Time": 36.689,
                  "Actual Total Time": 73.769,
                  "Actual Rows": 88732,
                  "Actual Loops": 4,
                  "Recheck Cond": "(company_id > 87730)",
                  "Rows Removed by Index Recheck": 0,
                  "Exact Heap Blocks": 2415,
                  "Lossy Heap Blocks": 0,
                  "Plans": [
                    {
                      "Node Type": "Bitmap Index Scan",
                      "Parent Relationship": "Outer",
                      "Parallel Aware": false,
                      "Index Name": "company_id_movie_companies",
                      "Startup Cost": 0.0,
                      "Total Cost": 7541.43,
                      "Plan Rows": 352133,
                      "Plan Width": 0,
                      "Actual Startup Time": 41.602,
                      "Actual Total Time": 41.603,
                      "Actual Rows": 354930,
                      "Actual Loops": 1,
                      "Index Cond": "(company_id > 87730)"
                    }
                  ]
                }
              ]
            }
          ]
        }
      ]
    },
    "Planning Time": 0.2,
    "Triggers": [],
    "Execution Time": 93.349
  }
]