[
  {
    "Plan": {
      "Node Type": "Aggregate",
      "Strategy": "Plain",
      "Partial Mode": "Finalize",
      "Parallel Aware": false,
      "Startup Cost": 105000.63,
      "Total Cost": 105000.64,
      "Plan Rows": 1,
      "Plan Width": 8,
      "Actual Startup Time": 216.224,
      "Actual Total Time": 234.714,
      "Actual Rows": 1,
      "Actual Loops": 1,
      "Plans": [
        {
          "Node Type": "Gather",
          "Parent Relationship": "Outer",
          "Parallel Aware": false,
          "Startup Cost": 105000.31,
          "Total Cost": 105000.62,
          "Plan Rows": 3,
          "Plan Width": 8,
          "Actual Startup Time": 215.932,
          "Actual Total Time": 234.706,
          "Actual Rows": 4,
          "Actual Loops": 1,
          "Workers Planned": 3,
          "Workers Launched": 3,
          "Single Copy": false,
          "Plans": [
            {
              "Node Type": "Aggregate",
              "Strategy": "Plain",
              "Partial Mode": "Partial",
              "Parent Relationship": "Outer",
              "Parallel Aware": false,
              "Startup Cost": 104000.31,
              "Total Cost": 104000.32,
              "Plan Rows": 1,
              "Plan Width": 8,
              "Actual Startup Time": 209.748,
              "Actual Total Time": 209.754,
              "Actual Rows": 1,
              "Actual Loops": 4,
              "Plans": [
                {
                  "Node Type": "Nested Loop",
                  "Parent Relationship": "Outer",
                  "Parallel Aware": false,
                  "Join Type": "Inner",
                  "Startup Cost": 45819.22,
                  "Total Cost": 103857.86,
                  "Plan Rows": 56982,
                  "Plan Width": 0,
                  "Actual Startup Time": 144.545,
                  "Actual Total Time": 209.715,
                  "Actual Rows": 272,
                  "Actual Loops": 4,
                  "Inner Unique": false,
                  "Join Filter": "(t.id = mi.movie_id)",
                  "Rows Removed by Join Filter": 0,
                  "Plans": [
                    {
                      "Node Type": "Hash Join",
                      "Parent Relationship": "Outer",
                      "Parallel Aware": true,
                      "Join Type": "Inner",
                      "Startup Cost": 45818.79,
                      "Total Cost": 75722.86,
                      "Plan Rows": 9705,
                      "Plan Width": 8,
                      "Actual Startup Time": 144.41,
                      "Actual Total Time": 207.852,
                      "Actual Rows": 30,
                      "Actual Loops": 4,
                      "Inner Unique": true,
                      "Hash Cond": "(mc.movie_id = t.id)",
                      "Plans": [
                        {
                          "Node Type": "Seq Scan",
                          "Parent Relationship": "Outer",
                          "Parallel Aware": true,
                          "Relation Name": "movie_companies",
                          "Alias": "mc",
                          "Startup Cost": 0.0,
                          "Total Cost": 29310.68,
                          "Plan Rows": 226054,
                          "Plan Width": 4,
                          "Actual Startup Time": 22.392,
                          "Actual Total Time": 80.434,
                          "Actual Rows": 173782,
                          "Actual Loops": 4,
                          "Filter": "(company_id > 46323)",
                          "Rows Removed by Filter": 478500
                        },
                        {
                          "Node Type": "Hash",
                          "Parent Relationship": "Inner",
                          "Parallel Aware": true,
                          "Startup Cost": 45479.59,
                          "Total Cost": 45479.59,
                          "Plan Rows": 27136,
                          "Plan Width": 4,
                          "Actual Startup Time": 107.811,
                          "Actual Total Time": 107.812,
                          "Actual Rows": 348,
                          "Actual Loops": 4,
                          "Hash Buckets": 131072,
                          "Original Hash Buckets": 131072,
                          "Hash Batches": 1,
                          "Original Hash Batches": 1,
                          "Peak Memory Usage": 1152,
                          "Plans": [
                            {
                              "Node Type": "Seq Scan",
                              "Parent Relationship": "Outer",
                              "Parallel Aware": true,
                              "Relation Name": "title",
                              "Alias": "t",
                              "Startup Cost": 0.0,
                              "Total Cost": 45479.59,
                              "Plan Rows": 27136,
                              "Plan Width": 4,
                              "Actual Startup Time": 2.265,
                              "Actual Total Time": 107.313,
                              "Actual Rows": 348,
                              "Actual Loops": 4,
                              "Filter": "((kind_id > 1) AND (production_year < 1949))",
                              "Rows Removed by Filter": 631730
                            }
                          ]
                        }
                      ]
                    },
                    {
                      "Node Type": "Index Only Scan",
                      "Parent Relationship": "Inner",
                      "Parallel Aware": false,
                      "Scan Direction": "Forward",
                      "Index Name": "movie_id_movie_info",
                      "Relation Name": "movie_info",
                      "Alias": "mi",
                      "Startup Cost": 0.43,
                      "Total Cost": 2.39,
                      "Plan Rows": 41,
                      "Plan Width": 4,
                      "Actual Startup Time": 0.022,
                      "Actual Total Time": 0.058,
                      "Actual Rows": 9,
                      "Actual Loops": 122,
                      "Index Cond": "(movie_id = mc.movie_id)",
                      "Rows Removed by Index Recheck": 0,
                      "Heap Fetches": 1087
                    }
                  ]
                }
              ]
            }
          ]
        }
      ]
    },
    "Planning Time": 0.957,
    "Triggers": [],
    "Execution Time": 234.765
  }
]