[
  {
    "Plan": {
      "Node Type": "Aggregate",
      "Strategy": "Plain",
      "Partial Mode": "Finalize",
      "Parallel Aware": false,
      "Startup Cost": 154582.7,
      "Total Cost": 154582.71,
      "Plan Rows": 1,
      "Plan Width": 8,
      "Actual Startup Time": 169.888,
      "Actual Total Time": 185.16,
      "Actual Rows": 1,
      "Actual Loops": 1,
      "Plans": [
        {
          "Node Type": "Gather",
          "Parent Relationship": "Outer",
          "Parallel Aware": false,
          "Startup Cost": 154582.28,
          "Total Cost": 154582.69,
          "Plan Rows": 4,
          "Plan Width": 8,
          "Actual Startup Time": 167.945,
          "Actual Total Time": 185.149,
          "Actual Rows": 5,
          "Actual Loops": 1,
          "Workers Planned": 4,
          "Workers Launched": 4,
          "Single Copy": false,
          "Plans": [
            {
              "Node Type": "Aggregate",
              "Strategy": "Plain",
              "Partial Mode": "Partial",
              "Parent Relationship": "Outer",
              "Parallel Aware": false,
              "Startup Cost": 153582.28,
              "Total Cost": 153582.29,
              "Plan Rows": 1,
              "Plan Width": 8,
              "Actual Startup Time": 157.773,
              "Actual Total Time": 157.777,
              "Actual Rows": 1,
              "Actual Loops": 5,
              "Plans": [
                {
                  "Node Type": "Nested Loop",
                  "Parent Relationship": "Outer",
                  "Parallel Aware": false,
                  "Join Type": "Inner",
                  "Startup Cost": 18675.94,
                  "Total Cost": 153575.04,
                  "Plan Rows": 2896,
                  "Plan Width": 0,
                  "Actual Startup Time": 82.349,
                  "Actual Total Time": 156.839,
                  "Actual Rows": 8500,
                  "Actual Loops": 5,
                  "Inner Unique": true,
                  "Join Filter": "(mi.movie_id = t.id)",
                  "Rows Removed by Join Filter": 0,
                  "Plans": [
                    {
                      "Node Type": "Hash Join",
                      "Parent Relationship": "Outer",
                      "Parallel Aware": true,
                      "Join Type": "Inner",
                      "Startup Cost": 18675.51,
                      "Total Cost": 140255.98,
                      "Plan Rows": 15657,
                      "Plan Width": 8,
                      "Actual Startup Time": 82.265,
                      "Actual Total Time": 98.966,
                      "Actual Rows": 8500,
                      "Actual Loops": 5,
                      "Inner Unique": false,
                      "Hash Cond": "(mi.movie_id = mi_idx.movie_id)",
                      "Plans": [
                        {
                          "Node Type": "Bitmap Heap Scan",
                          "Parent Relationship": "Outer",
                          "Parallel Aware": true,
                          "Relation Name": "movie_info",
                          "Alias": "mi",
                          "Startup Cost": 1153.1,
                          "Total Cost": 122608.74,
                          "Plan Rows": 15892,
                          "Plan Width": 4,
                          "Actual Startup Time": 6.322,
                          "Actual Total Time": 14.063,
                          "Actual Rows": 12226,
                          "Actual Loops": 5,
                          "Recheck Cond": "(info_type_id = 103)",
                          "Rows Removed by Index Recheck": 0,
                          "Exact Heap Blocks": 1420,
                          "Lossy Heap Blocks": 0,
                          "Plans": [
                            {
                              "Node Type": "Bitmap Index Scan",
                              "Parent Relationship": "Outer",
                              "Parallel Aware": false,
                              "Index Name": "info_type_id_movie_info",
                              "Startup Cost": 0.0,
                              "Total Cost": 1137.21,
                              "Plan Rows": 63570,
                              "Plan Width": 0,
                              "Actual Startup Time": 5.268,
                              "Actual Total Time": 5.269,
                              "Actual Rows": 61128,
                              "Actual Loops": 1,
                              "Index Cond": "(info_type_id = 103)"
                            }
                          ]
                        },
                        {
                          "Node Type": "Hash",
                          "Parent Relationship": "Inner",
                          "Parallel Aware": true,
                          "Startup Cost": 15122.68,
                          "Total Cost": 15122.68,
                          "Plan Rows": 191978,
                          "Plan Width": 4,
                          "Actual Startup Time": 73.206,
                          "Actual Total Time": 73.207,
                          "Actual Rows": 91985,
                          "Actual Loops": 5,
                          "Hash Buckets": 524288,
                          "Original Hash Buckets": 524288,
                          "Hash Batches": 1,
                          "Original Hash Batches": 1,
                          "Peak Memory Usage": 22176,
                          "Plans": [
                            {
                              "Node Type": "Seq Scan",
                              "Parent Relationship": "Outer",
                              "Parallel Aware": true,
                              "Relation Name": "movie_info_idx",
                              "Alias": "mi_idx",
                              "Startup Cost": 0.0,
                              "Total Cost": 15122.68,
                              "Plan Rows": 191978,
                              "Plan Width": 4,
                              "Actual Startup Time": 0.058,
                              "Actual Total Time": 39.005,
                              "Actual Rows": 91985,
                              "Actual Loops": 5,
                              "Filter": "(info_type_id = 101)",
                              "Rows Removed by Filter": 184022
                            }
                          ]
                        }
                      ]
                    },
                    {
                      "Node Type": "Index Only Scan",
                      "Parent Relationship": "Inner",
                      "Parallel Aware": false,
                      "Scan Direction": "Forward",
                      "Index Name": "title_pkey",
                      "Relation Name": "title",
                      "Alias": "t",
                      "Startup Cost": 0.43,
                      "Total Cost": 0.84,
                      "Plan Rows": 1,
                      "Plan Width": 4,
                      "Actual Startup Time": 0.006,
                      "Actual Total Time": 0.006,
                      "Actual Rows": 1,
                      "Actual Loops": 42499,
                      "Index Cond": "(id = mi_idx.movie_id)",
                      "Rows Removed by Index Recheck": 0,
                      "Heap Fetches": 42499
                    }
                  ]
                }
              ]
            }
          ]
        }
      ]
    },
    "Planning Time": 1.427,
    "Triggers": [],
    "Execution Time": 185.272
  }
]