[
    {
        "Bao": {
            "Bao prediction": "NaN",
            "Bao recommended hint": "(no hint)"
        }
    },
    {
        "Plan": {
            "Node Type": "Aggregate",
            "Strategy": "Plain",
            "Partial Mode": "Finalize",
            "Parallel Aware": false,
            "Startup Cost": 33051.07,
            "Total Cost": 33051.08,
            "Plan Rows": 1,
            "Plan Width": 8,
            "Actual Startup Time": 97.949,
            "Actual Total Time": 103.479,
            "Actual Rows": 1,
            "Actual Loops": 1,
            "Output": [
                "count(*)"
            ],
            "Plans": [
                {
                    "Node Type": "Gather",
                    "Parent Relationship": "Outer",
                    "Parallel Aware": false,
                    "Startup Cost": 33050.75,
                    "Total Cost": 33051.06,
                    "Plan Rows": 3,
                    "Plan Width": 8,
                    "Actual Startup Time": 97.846,
                    "Actual Total Time": 103.47,
                    "Actual Rows": 4,
                    "Actual Loops": 1,
                    "Output": [
                        "(PARTIAL count(*))"
                    ],
                    "Workers Planned": 3,
                    "Workers Launched": 3,
                    "Single Copy": false,
                    "Plans": [
                        {
                            "Node Type": "Aggregate",
                            "Strategy": "Plain",
                            "Partial Mode": "Partial",
                            "Parent Relationship": "Outer",
                            "Parallel Aware": false,
                            "Startup Cost": 32050.75,
                            "Total Cost": 32050.76,
                            "Plan Rows": 1,
                            "Plan Width": 8,
                            "Actual Startup Time": 87.004,
                            "Actual Total Time": 87.005,
                            "Actual Rows": 1,
                            "Actual Loops": 4,
                            "Output": [
                                "PARTIAL count(*)"
                            ],
                            "Workers": [
                                {
                                    "Worker Number": 0,
                                    "Actual Startup Time": 83.355,
                                    "Actual Total Time": 83.356,
                                    "Actual Rows": 1,
                                    "Actual Loops": 1
                                },
                                {
                                    "Worker Number": 1,
                                    "Actual Startup Time": 83.474,
                                    "Actual Total Time": 83.475,
                                    "Actual Rows": 1,
                                    "Actual Loops": 1
                                },
                                {
                                    "Worker Number": 2,
                                    "Actual Startup Time": 83.994,
                                    "Actual Total Time": 83.995,
                                    "Actual Rows": 1,
                                    "Actual Loops": 1
                                }
                            ],
                            "Plans": [
                                {
                                    "Node Type": "Seq Scan",
                                    "Parent Relationship": "Outer",
                                    "Parallel Aware": true,
                                    "Relation Name": "movie_companies",
                                    "Schema": "public",
                                    "Alias": "mc",
                                    "Startup Cost": 0.0,
                                    "Total Cost": 31414.82,
                                    "Plan Rows": 254372,
                                    "Plan Width": 0,
                                    "Actual Startup Time": 42.838,
                                    "Actual Total Time": 76.948,
                                    "Actual Rows": 251133,
                                    "Actual Loops": 4,
                                    "Output": [
                                        "id",
                                        "movie_id",
                                        "company_id",
                                        "company_type_id",
                                        "note"
                                    ],
                                    "Filter": "((mc.company_id > 6372) AND (mc.company_type_id = 2))",
                                    "Rows Removed by Filter": 401150,
                                    "Workers": [
                                        {
                                            "Worker Number": 0,
                                            "Actual Startup Time": 39.196,
                                            "Actual Total Time": 73.54,
                                            "Actual Rows": 240961,
                                            "Actual Loops": 1
                                        },
                                        {
                                            "Worker Number": 1,
                                            "Actual Startup Time": 39.305,
                                            "Actual Total Time": 73.62,
                                            "Actual Rows": 243170,
                                            "Actual Loops": 1
                                        },
                                        {
                                            "Worker Number": 2,
                                            "Actual Startup Time": 39.837,
                                            "Actual Total Time": 74.323,
                                            "Actual Rows": 239009,
                                            "Actual Loops": 1
                                        }
                                    ]
                                }
                            ]
                        }
                    ]
                }
            ]
        },
        "Planning Time": 214.445,
        "Triggers": [],
        "Execution Time": 103.578
    }
]