[
  {
    "Plan": {
      "Node Type": "Aggregate",
      "Strategy": "Plain",
      "Partial Mode": "Finalize",
      "Parallel Aware": false,
      "Startup Cost": 58392.57,
      "Total Cost": 58392.58,
      "Plan Rows": 1,
      "Plan Width": 8,
      "Actual Startup Time": 82.124,
      "Actual Total Time": 91.08,
      "Actual Rows": 1,
      "Actual Loops": 1,
      "Plans": [
        {
          "Node Type": "Gather",
          "Parent Relationship": "Outer",
          "Parallel Aware": false,
          "Startup Cost": 58392.15,
          "Total Cost": 58392.56,
          "Plan Rows": 4,
          "Plan Width": 8,
          "Actual Startup Time": 82.035,
          "Actual Total Time": 91.074,
          "Actual Rows": 5,
          "Actual Loops": 1,
          "Workers Planned": 4,
          "Workers Launched": 4,
          "Single Copy": false,
          "Plans": [
            {
              "Node Type": "Aggregate",
              "Strategy": "Plain",
              "Partial Mode": "Partial",
              "Parent Relationship": "Outer",
              "Parallel Aware": false,
              "Startup Cost": 57392.15,
              "Total Cost": 57392.16,
              "Plan Rows": 1,
              "Plan Width": 8,
              "Actual Startup Time": 76.231,
              "Actual Total Time": 76.232,
              "Actual Rows": 1,
              "Actual Loops": 5,
              "Plans": [
                {
                  "Node Type": "Nested Loop",
                  "Parent Relationship": "Outer",
                  "Parallel Aware": false,
                  "Join Type": "Inner",
                  "Startup Cost": 0.43,
                  "Total Cost": 57386.14,
                  "Plan Rows": 2402,
                  "Plan Width": 0,
                  "Actual Startup Time": 43.649,
                  "Actual Total Time": 75.922,
                  "Actual Rows": 6350,
                  "Actual Loops": 5,
                  "Inner Unique": false,
                  "Plans": [
                    {
                      "Node Type": "Seq Scan",
                      "Parent Relationship": "Outer",
                      "Parallel Aware": true,
                      "Relation Name": "title",
                      "Alias": "t",
                      "Startup Cost": 0.0,
                      "Total Cost": 45479.21,
                      "Plan Rows": 1343,
                      "Plan Width": 4,
                      "Actual Startup Time": 42.667,
                      "Actual Total Time": 65.184,
                      "Actual Rows": 972,
                      "Actual Loops": 5,
                      "Filter": "((kind_id = 1) AND (production_year = 1988))",
                      "Rows Removed by Filter": 504690
                    },
                    {
                      "Node Type": "Index Only Scan",
                      "Parent Relationship": "Inner",
                      "Parallel Aware": false,
                      "Scan Direction": "Forward",
                      "Index Name": "movie_id_movie_keyword",
                      "Relation Name": "movie_keyword",
                      "Alias": "mk",
                      "Startup Cost": 0.43,
                      "Total Cost": 8.41,
                      "Plan Rows": 46,
                      "Plan Width": 4,
                      "Actual Startup Time": 0.009,
                      "Actual Total Time": 0.01,
                      "Actual Rows": 7,
                      "Actual Loops": 4860,
                      "Index Cond": "(movie_id = t.id)",
                      "Rows Removed by Index Recheck": 0,
                      "Heap Fetches": 31752
                    }
                  ]
                }
              ]
            }
          ]
        }
      ]
    },
    "Planning Time": 0.224,
    "Triggers": [],
    "Execution Time": 91.11
  }
]