{
  "Plan": {
    "Node Type": "Aggregate",
    "Strategy": "Plain",
    "Partial Mode": "Finalize",
    "Parallel Aware": false,
    "Startup Cost": 1287465.09,
    "Total Cost": 1287465.1,
    "Plan Rows": 1,
    "Plan Width": 8,
    "Actual Startup Time": 3620.428,
    "Actual Total Time": 3620.506,
    "Actual Rows": 1,
    "Actual Loops": 1,
    "Plans": [
      {
        "Node Type": "Gather",
        "Parent Relationship": "Outer",
        "Parallel Aware": false,
        "Startup Cost": 1287464.98,
        "Total Cost": 1287465.09,
        "Plan Rows": 1,
        "Plan Width": 8,
        "Actual Startup Time": 3620.417,
        "Actual Total Time": 3620.5,
        "Actual Rows": 2,
        "Actual Loops": 1,
        "Workers Planned": 1,
        "Workers Launched": 1,
        "Single Copy": false,
        "Plans": [
          {
            "Node Type": "Aggregate",
            "Strategy": "Plain",
            "Partial Mode": "Partial",
            "Parent Relationship": "Outer",
            "Parallel Aware": false,
            "Startup Cost": 1286464.98,
            "Total Cost": 1286464.99,
            "Plan Rows": 1,
            "Plan Width": 8,
            "Actual Startup Time": 3577.7,
            "Actual Total Time": 3577.703,
            "Actual Rows": 1,
            "Actual Loops": 2,
            "Plans": [
              {
                "Node Type": "Merge Join",
                "Parent Relationship": "Outer",
                "Parallel Aware": false,
                "Join Type": "Inner",
                "Startup Cost": 1231115.14,
                "Total Cost": 1282342.85,
                "Plan Rows": 1648852,
                "Plan Width": 0,
                "Actual Startup Time": 2840.391,
                "Actual Total Time": 3526.732,
                "Actual Rows": 1329671,
                "Actual Loops": 2,
                "Inner Unique": true,
                "Merge Cond": "(ci.movie_id = t.id)",
                "Plans": [
                  {
                    "Node Type": "Sort",
                    "Parent Relationship": "Outer",
                    "Parallel Aware": false,
                    "Startup Cost": 1110702.88,
                    "Total Cost": 1126416.2,
                    "Plan Rows": 6285327,
                    "Plan Width": 4,
                    "Actual Startup Time": 2148.035,
                    "Actual Total Time": 2706.494,
                    "Actual Rows": 4393419,
                    "Actual Loops": 2,
                    "Sort Key": [
                      "ci.movie_id"
                    ],
                    "Sort Method": "quicksort",
                    "Sort Space Used": 407690,
                    "Sort Space Type": "Memory",
                    "Workers": [
                      {
                        "Worker Number": 0,
                        "Sort Method": "quicksort",
                        "Sort Space Used": 397410,
                        "Sort Space Type": "Memory"
                      }
                    ],
                    "Plans": [
                      {
                        "Node Type": "Index Scan",
                        "Parent Relationship": "Outer",
                        "Parallel Aware": true,
                        "Scan Direction": "Forward",
                        "Index Name": "role_id_cast_info",
                        "Relation Name": "cast_info",
                        "Alias": "ci",
                        "Startup Cost": 0.56,
                        "Total Cost": 400977.7,
                        "Plan Rows": 6285327,
                        "Plan Width": 4,
                        "Actual Startup Time": 248.386,
                        "Actual Total Time": 1043.333,
                        "Actual Rows": 4393419,
                        "Actual Loops": 2,
                        "Index Cond": "(role_id = 1)",
                        "Rows Removed by Index Recheck": 0,
                        "Filter": "(person_id > 518612)",
                        "Rows Removed by Filter": 1941925
                      }
                    ]
                  },
                  {
                    "Node Type": "Sort",
                    "Parent Relationship": "Inner",
                    "Parallel Aware": false,
                    "Startup Cost": 120411.59,
                    "Total Cost": 122069.73,
                    "Plan Rows": 663256,
                    "Plan Width": 4,
                    "Actual Startup Time": 280.164,
                    "Actual Total Time": 384.156,
                    "Actual Rows": 661672,
                    "Actual Loops": 2,
                    "Sort Key": [
                      "t.id"
                    ],
                    "Sort Method": "quicksort",
                    "Sort Space Used": 55646,
                    "Sort Space Type": "Memory",
                    "Workers": [
                      {
                        "Worker Number": 0,
                        "Sort Method": "quicksort",
                        "Sort Space Used": 55646,
                        "Sort Space Type": "Memory"
                      }
                    ],
                    "Plans": [
                      {
                        "Node Type": "Bitmap Heap Scan",
                        "Parent Relationship": "Outer",
                        "Parallel Aware": false,
                        "Relation Name": "title",
                        "Alias": "t",
                        "Startup Cost": 11988.66,
                        "Total Cost": 56277.36,
                        "Plan Rows": 663256,
                        "Plan Width": 4,
                        "Actual Startup Time": 22.778,
                        "Actual Total Time": 114.09,
                        "Actual Rows": 662825,
                        "Actual Loops": 2,
                        "Recheck Cond": "(kind_id = 1)",
                        "Rows Removed by Index Recheck": 0,
                        "Exact Heap Blocks": 12863,
                        "Lossy Heap Blocks": 0,
                        "Plans": [
                          {
                            "Node Type": "Bitmap Index Scan",
                            "Parent Relationship": "Outer",
                            "Parallel Aware": false,
                            "Index Name": "kind_id_title",
                            "Startup Cost": 0.0,
                            "Total Cost": 11822.85,
                            "Plan Rows": 663256,
                            "Plan Width": 0,
                            "Actual Startup Time": 21.316,
                            "Actual Total Time": 21.316,
                            "Actual Rows": 662825,
                            "Actual Loops": 2,
                            "Index Cond": "(kind_id = 1)"
                          }
                        ]
                      }
                    ]
                  }
                ]
              }
            ]
          }
        ]
      }
    ]
  },
  "Planning Time": 0.718,
  "Triggers": [],
  "Execution Time": 3636.193
}