[
  {
    "Plan": {
      "Node Type": "Aggregate",
      "Strategy": "Plain",
      "Partial Mode": "Finalize",
      "Parallel Aware": false,
      "Startup Cost": 315595.21,
      "Total Cost": 315595.22,
      "Plan Rows": 1,
      "Plan Width": 8,
      "Actual Startup Time": 1326.342,
      "Actual Total Time": 1372.246,
      "Actual Rows": 1,
      "Actual Loops": 1,
      "Plans": [
        {
          "Node Type": "Gather",
          "Parent Relationship": "Outer",
          "Parallel Aware": false,
          "Startup Cost": 315594.68,
          "Total Cost": 315595.19,
          "Plan Rows": 5,
          "Plan Width": 8,
          "Actual Startup Time": 1315.122,
          "Actual Total Time": 1372.231,
          "Actual Rows": 6,
          "Actual Loops": 1,
          "Workers Planned": 5,
          "Workers Launched": 5,
          "Single Copy": false,
          "Plans": [
            {
              "Node Type": "Aggregate",
              "Strategy": "Plain",
              "Partial Mode": "Partial",
              "Parent Relationship": "Outer",
              "Parallel Aware": false,
              "Startup Cost": 314594.68,
              "Total Cost": 314594.69,
              "Plan Rows": 1,
              "Plan Width": 8,
              "Actual Startup Time": 1304.214,
              "Actual Total Time": 1304.628,
              "Actual Rows": 1,
              "Actual Loops": 6,
              "Plans": [
                {
                  "Node Type": "Hash Join",
                  "Parent Relationship": "Outer",
                  "Parallel Aware": true,
                  "Join Type": "Inner",
                  "Startup Cost": 101367.86,
                  "Total Cost": 310050.76,
                  "Plan Rows": 1817571,
                  "Plan Width": 0,
                  "Actual Startup Time": 408.724,
                  "Actual Total Time": 1214.605,
                  "Actual Rows": 2090879,
                  "Actual Loops": 6,
                  "Inner Unique": false,
                  "Hash Cond": "(mi.movie_id = t.id)",
                  "Plans": [
                    {
                      "Node Type": "Seq Scan",
                      "Parent Relationship": "Outer",
                      "Parallel Aware": true,
                      "Relation Name": "movie_info",
                      "Alias": "mi",
                      "Startup Cost": 0.0,
                      "Total Cost": 191685.19,
                      "Plan Rows": 2969219,
                      "Plan Width": 4,
                      "Actual Startup Time": 0.062,
                      "Actual Total Time": 271.244,
                      "Actual Rows": 2472620,
                      "Actual Loops": 6
                    },
                    {
                      "Node Type": "Hash",
                      "Parent Relationship": "Inner",
                      "Parallel Aware": true,
                      "Startup Cost": 95126.96,
                      "Total Cost": 95126.96,
                      "Plan Rows": 499272,
                      "Plan Width": 8,
                      "Actual Startup Time": 403.808,
                      "Actual Total Time": 404.22,
                      "Actual Rows": 141793,
                      "Actual Loops": 6,
                      "Hash Buckets": 2097152,
                      "Original Hash Buckets": 2097152,
                      "Hash Batches": 1,
                      "Original Hash Batches": 1,
                      "Peak Memory Usage": 49760,
                      "Plans": [
                        {
                          "Node Type": "Hash Join",
                          "Parent Relationship": "Outer",
                          "Parallel Aware": true,
                          "Join Type": "Inner",
                          "Startup Cost": 50269.31,
                          "Total Cost": 95126.96,
                          "Plan Rows": 499272,
                          "Plan Width": 8,
                          "Actual Startup Time": 210.235,
                          "Actual Total Time": 353.824,
                          "Actual Rows": 141793,
                          "Actual Loops": 6,
                          "Inner Unique": true,
                          "Hash Cond": "(mk.movie_id = t.id)",
                          "Plans": [
                            {
                              "Node Type": "Seq Scan",
                              "Parent Relationship": "Outer",
                              "Parallel Aware": true,
                              "Relation Name": "movie_keyword",
                              "Alias": "mk",
                              "Startup Cost": 0.0,
                              "Total Cost": 42695.65,
                              "Plan Rows": 823618,
                              "Plan Width": 4,
                              "Actual Startup Time": 0.036,
                              "Actual Total Time": 76.596,
                              "Actual Rows": 426931,
                              "Actual Loops": 6,
                              "Filter": "(keyword_id < 6491)",
                              "Rows Removed by Filter": 327057
                            },
                            {
                              "Node Type": "Hash",
                              "Parent Relationship": "Inner",
                              "Parallel Aware": true,
                              "Startup Cost": 45479.59,
                              "Total Cost": 45479.59,
                              "Plan Rows": 383178,
                              "Plan Width": 4,
                              "Actual Startup Time": 207.685,
                              "Actual Total Time": 207.687,
                              "Actual Rows": 273280,
                              "Actual Loops": 6,
                              "Hash Buckets": 2097152,
                              "Original Hash Buckets": 2097152,
                              "Hash Batches": 1,
                              "Original Hash Batches": 1,
                              "Peak Memory Usage": 80640,
                              "Plans": [
                                {
                                  "Node Type": "Seq Scan",
                                  "Parent Relationship": "Outer",
                                  "Parallel Aware": true,
                                  "Relation Name": "title",
                                  "Alias": "t",
                                  "Startup Cost": 0.0,
                                  "Total Cost": 45479.59,
                                  "Plan Rows": 383178,
                                  "Plan Width": 4,
                                  "Actual Startup Time": 0.044,
                                  "Actual Total Time": 88.119,
                                  "Actual Rows": 273280,
                                  "Actual Loops": 6,
                                  "Filter": "((kind_id > 1) AND (production_year > 1971))",
                                  "Rows Removed by Filter": 148105
                                }
                              ]
                            }
                          ]
                        }
                      ]
                    }
                  ]
                }
              ]
            }
          ]
        }
      ]
    },
    "Planning Time": 0.621,
    "Triggers": [],
    "Execution Time": 1372.312
  }
]