[
  {
    "Plan": {
      "Node Type": "Aggregate",
      "Strategy": "Plain",
      "Partial Mode": "Finalize",
      "Parallel Aware": false,
      "Startup Cost": 46873.46,
      "Total Cost": 46873.47,
      "Plan Rows": 1,
      "Plan Width": 8,
      "Actual Startup Time": 110.532,
      "Actual Total Time": 118.424,
      "Actual Rows": 1,
      "Actual Loops": 1,
      "Plans": [
        {
          "Node Type": "Gather",
          "Parent Relationship": "Outer",
          "Parallel Aware": false,
          "Startup Cost": 46873.04,
          "Total Cost": 46873.45,
          "Plan Rows": 4,
          "Plan Width": 8,
          "Actual Startup Time": 110.429,
          "Actual Total Time": 118.416,
          "Actual Rows": 5,
          "Actual Loops": 1,
          "Workers Planned": 4,
          "Workers Launched": 4,
          "Single Copy": false,
          "Plans": [
            {
              "Node Type": "Aggregate",
              "Strategy": "Plain",
              "Partial Mode": "Partial",
              "Parent Relationship": "Outer",
              "Parallel Aware": false,
              "Startup Cost": 45873.04,
              "Total Cost": 45873.05,
              "Plan Rows": 1,
              "Plan Width": 8,
              "Actual Startup Time": 102.61,
              "Actual Total Time": 102.611,
              "Actual Rows": 1,
              "Actual Loops": 5,
              "Plans": [
                {
                  "Node Type": "Seq Scan",
                  "Parent Relationship": "Outer",
                  "Parallel Aware": true,
                  "Relation Name": "title",
                  "Alias": "t",
                  "Startup Cost": 0.0,
                  "Total Cost": 45479.21,
                  "Plan Rows": 157531,
                  "Plan Width": 0,
                  "Actual Startup Time": 0.048,
                  "Actual Total Time": 95.273,
                  "Actual Rows": 106517,
                  "Actual Loops": 5,
                  "Filter": "((kind_id < 7) AND (production_year > 1995))",
                  "Rows Removed by Filter": 399146
                }
              ]
            }
          ]
        }
      ]
    },
    "Planning Time": 0.06,
    "Triggers": [],
    "Execution Time": 118.451
  }
]