{
  "Plan": {
    "Node Type": "Aggregate",
    "Strategy": "Plain",
    "Partial Mode": "Finalize",
    "Parallel Aware": false,
    "Startup Cost": 96283.25,
    "Total Cost": 96283.26,
    "Plan Rows": 1,
    "Plan Width": 8,
    "Actual Startup Time": 395.492,
    "Actual Total Time": 412.477,
    "Actual Rows": 1,
    "Actual Loops": 1,
    "Plans": [
      {
        "Node Type": "Gather",
        "Parent Relationship": "Outer",
        "Parallel Aware": false,
        "Startup Cost": 96283.14,
        "Total Cost": 96283.25,
        "Plan Rows": 1,
        "Plan Width": 8,
        "Actual Startup Time": 394.926,
        "Actual Total Time": 412.469,
        "Actual Rows": 2,
        "Actual Loops": 1,
        "Workers Planned": 1,
        "Workers Launched": 1,
        "Single Copy": false,
        "Plans": [
          {
            "Node Type": "Aggregate",
            "Strategy": "Plain",
            "Partial Mode": "Partial",
            "Parent Relationship": "Outer",
            "Parallel Aware": false,
            "Startup Cost": 95283.14,
            "Total Cost": 95283.15,
            "Plan Rows": 1,
            "Plan Width": 8,
            "Actual Startup Time": 389.312,
            "Actual Total Time": 389.316,
            "Actual Rows": 1,
            "Actual Loops": 2,
            "Plans": [
              {
                "Node Type": "Hash Join",
                "Parent Relationship": "Outer",
                "Parallel Aware": true,
                "Join Type": "Inner",
                "Startup Cost": 34000.99,
                "Total Cost": 94950.1,
                "Plan Rows": 133214,
                "Plan Width": 0,
                "Actual Startup Time": 90.934,
                "Actual Total Time": 386.155,
                "Actual Rows": 53594,
                "Actual Loops": 2,
                "Inner Unique": false,
                "Hash Cond": "(t.id = mc.movie_id)",
                "Plans": [
                  {
                    "Node Type": "Seq Scan",
                    "Parent Relationship": "Outer",
                    "Parallel Aware": true,
                    "Relation Name": "title",
                    "Alias": "t",
                    "Startup Cost": 0.0,
                    "Total Cost": 50870.31,
                    "Plan Rows": 1487231,
                    "Plan Width": 4,
                    "Actual Startup Time": 0.011,
                    "Actual Total Time": 130.873,
                    "Actual Rows": 1264156,
                    "Actual Loops": 2
                  },
                  {
                    "Node Type": "Hash",
                    "Parent Relationship": "Inner",
                    "Parallel Aware": true,
                    "Startup Cost": 32335.81,
                    "Total Cost": 32335.81,
                    "Plan Rows": 133214,
                    "Plan Width": 4,
                    "Actual Startup Time": 89.333,
                    "Actual Total Time": 89.335,
                    "Actual Rows": 53594,
                    "Actual Loops": 2,
                    "Hash Buckets": 262144,
                    "Original Hash Buckets": 262144,
                    "Hash Batches": 1,
                    "Original Hash Batches": 1,
                    "Peak Memory Usage": 6272,
                    "Plans": [
                      {
                        "Node Type": "Bitmap Heap Scan",
                        "Parent Relationship": "Outer",
                        "Parallel Aware": true,
                        "Relation Name": "movie_companies",
                        "Alias": "mc",
                        "Startup Cost": 9610.26,
                        "Total Cost": 32335.81,
                        "Plan Rows": 133214,
                        "Plan Width": 4,
                        "Actual Startup Time": 58.046,
                        "Actual Total Time": 77.863,
                        "Actual Rows": 53594,
                        "Actual Loops": 2,
                        "Recheck Cond": "(company_id < 330)",
                        "Rows Removed by Index Recheck": 0,
                        "Filter": "(company_type_id > 1)",
                        "Rows Removed by Filter": 167955,
                        "Exact Heap Blocks": 14660,
                        "Lossy Heap Blocks": 0,
                        "Plans": [
                          {
                            "Node Type": "Bitmap Index Scan",
                            "Parent Relationship": "Outer",
                            "Parallel Aware": false,
                            "Index Name": "company_id_movie_companies",
                            "Startup Cost": 0.0,
                            "Total Cost": 9553.65,
                            "Plan Rows": 446029,
                            "Plan Width": 0,
                            "Actual Startup Time": 21.542,
                            "Actual Total Time": 21.542,
                            "Actual Rows": 443098,
                            "Actual Loops": 1,
                            "Index Cond": "(company_id < 330)"
                          }
                        ]
                      }
                    ]
                  }
                ]
              }
            ]
          }
        ]
      }
    ]
  },
  "Planning Time": 0.351,
  "Triggers": [],
  "Execution Time": 412.532
}