[
  {
    "Bao": {
      "Bao prediction": 1832.834,
      "Bao recommended hint": "SET enable_nestloop TO off; SET enable_mergejoin TO off; SET enable_indexscan TO off; "
    }
  },
  {
    "Plan": {
      "Node Type": "Aggregate",
      "Strategy": "Plain",
      "Partial Mode": "Finalize",
      "Parallel Aware": false,
      "Startup Cost": 193943.33,
      "Total Cost": 193943.34,
      "Plan Rows": 1,
      "Plan Width": 192,
      "Actual Startup Time": 1220.41,
      "Actual Total Time": 1243.647,
      "Actual Rows": 1,
      "Actual Loops": 1,
      "Plans": [
        {
          "Node Type": "Gather",
          "Parent Relationship": "Outer",
          "Parallel Aware": false,
          "Startup Cost": 193943.2,
          "Total Cost": 193943.31,
          "Plan Rows": 1,
          "Plan Width": 192,
          "Actual Startup Time": 1220.097,
          "Actual Total Time": 1243.625,
          "Actual Rows": 2,
          "Actual Loops": 1,
          "Workers Planned": 1,
          "Workers Launched": 1,
          "Single Copy": false,
          "Plans": [
            {
              "Node Type": "Aggregate",
              "Strategy": "Plain",
              "Partial Mode": "Partial",
              "Parent Relationship": "Outer",
              "Parallel Aware": false,
              "Startup Cost": 192943.2,
              "Total Cost": 192943.21,
              "Plan Rows": 1,
              "Plan Width": 192,
              "Actual Startup Time": 1210.31,
              "Actual Total Time": 1210.346,
              "Actual Rows": 1,
              "Actual Loops": 2,
              "Plans": [
                {
                  "Node Type": "Hash Join",
                  "Parent Relationship": "Outer",
                  "Parallel Aware": false,
                  "Join Type": "Inner",
                  "Startup Cost": 188047.46,
                  "Total Cost": 192943.19,
                  "Plan Rows": 1,
                  "Plan Width": 84,
                  "Actual Startup Time": 1191.392,
                  "Actual Total Time": 1210.32,
                  "Actual Rows": 4,
                  "Actual Loops": 2,
                  "Inner Unique": true,
                  "Hash Cond": "(t1.kind_id = kt1.id)",
                  "Plans": [
                    {
                      "Node Type": "Hash Join",
                      "Parent Relationship": "Outer",
                      "Parallel Aware": true,
                      "Join Type": "Inner",
                      "Startup Cost": 188046.36,
                      "Total Cost": 192942.08,
                      "Plan Rows": 1,
                      "Plan Width": 88,
                      "Actual Startup Time": 1190.816,
                      "Actual Total Time": 1209.74,
                      "Actual Rows": 4,
                      "Actual Loops": 2,
                      "Inner Unique": false,
                      "Hash Cond": "(cn2.id = mc2.company_id)",
                      "Plans": [
                        {
                          "Node Type": "Seq Scan",
                          "Parent Relationship": "Outer",
                          "Parallel Aware": true,
                          "Relation Name": "company_name",
                          "Alias": "cn2",
                          "Startup Cost": 0.0,
                          "Total Cost": 4377.34,
                          "Plan Rows": 138234,
                          "Plan Width": 23,
                          "Actual Startup Time": 0.007,
                          "Actual Total Time": 12.415,
                          "Actual Rows": 117498,
                          "Actual Loops": 2
                        },
                        {
                          "Node Type": "Hash",
                          "Parent Relationship": "Inner",
                          "Parallel Aware": true,
                          "Startup Cost": 188046.35,
                          "Total Cost": 188046.35,
                          "Plan Rows": 1,
                          "Plan Width": 73,
                          "Actual Startup Time": 1188.15,
                          "Actual Total Time": 1188.182,
                          "Actual Rows": 4,
                          "Actual Loops": 2,
                          "Hash Buckets": 1024,
                          "Original Hash Buckets": 1024,
                          "Hash Batches": 1,
                          "Original Hash Batches": 1,
                          "Peak Memory Usage": 40,
                          "Plans": [
                            {
                              "Node Type": "Hash Join",
                              "Parent Relationship": "Outer",
                              "Parallel Aware": true,
                              "Join Type": "Inner",
                              "Startup Cost": 157683.59,
                              "Total Cost": 188046.35,
                              "Plan Rows": 1,
                              "Plan Width": 73,
                              "Actual Startup Time": 1088.037,
                              "Actual Total Time": 1188.11,
                              "Actual Rows": 4,
                              "Actual Loops": 2,
                              "Inner Unique": false,
                              "Hash Cond": "(mc2.movie_id = t2.id)",
                              "Plans": [
                                {
                                  "Node Type": "Seq Scan",
                                  "Parent Relationship": "Outer",
                                  "Parallel Aware": true,
                                  "Relation Name": "movie_companies",
                                  "Alias": "mc2",
                                  "Startup Cost": 0.0,
                                  "Total Cost": 27206.55,
                                  "Plan Rows": 841655,
                                  "Plan Width": 8,
                                  "Actual Startup Time": 0.006,
                                  "Actual Total Time": 105.285,
                                  "Actual Rows": 1304564,
                                  "Actual Loops": 2
                                },
                                {
                                  "Node Type": "Hash",
                                  "Parent Relationship": "Inner",
                                  "Parallel Aware": true,
                                  "Startup Cost": 157683.58,
                                  "Total Cost": 157683.58,
                                  "Plan Rows": 1,
                                  "Plan Width": 81,
                                  "Actual Startup Time": 987.275,
                                  "Actual Total Time": 987.305,
                                  "Actual Rows": 1,
                                  "Actual Loops": 2,
                                  "Hash Buckets": 1024,
                                  "Original Hash Buckets": 1024,
                                  "Hash Batches": 1,
                                  "Original Hash Batches": 1,
                                  "Peak Memory Usage": 40,
                                  "Plans": [
                                    {
                                      "Node Type": "Hash Join",
                                      "Parent Relationship": "Outer",
                                      "Parallel Aware": true,
                                      "Join Type": "Inner",
                                      "Startup Cost": 152773.93,
                                      "Total Cost": 157683.58,
                                      "Plan Rows": 1,
                                      "Plan Width": 81,
                                      "Actual Startup Time": 978.83,
                                      "Actual Total Time": 987.277,
                                      "Actual Rows": 1,
                                      "Actual Loops": 2,
                                      "Inner Unique": false,
                                      "Hash Cond": "(cn1.id = mc1.company_id)",
                                      "Plans": [
                                        {
                                          "Node Type": "Seq Scan",
                                          "Parent Relationship": "Outer",
                                          "Parallel Aware": true,
                                          "Relation Name": "company_name",
                                          "Alias": "cn1",
                                          "Startup Cost": 0.0,
                                          "Total Cost": 4722.92,
                                          "Plan Rows": 49792,
                                          "Plan Width": 23,
                                          "Actual Startup Time": 0.025,
                                          "Actual Total Time": 21.388,
                                          "Actual Rows": 42422,
                                          "Actual Loops": 2,
                                          "Filter": "((country_code)::text = '[us]'::text)",
                                          "Rows Removed by Filter": 75077
                                        },
                                        {
                                          "Node Type": "Hash",
                                          "Parent Relationship": "Inner",
                                          "Parallel Aware": true,
                                          "Startup Cost": 152773.91,
                                          "Total Cost": 152773.91,
                                          "Plan Rows": 1,
                                          "Plan Width": 66,
                                          "Actual Startup Time": 962.824,
                                          "Actual Total Time": 962.851,
                                          "Actual Rows": 7,
                                          "Actual Loops": 2,
                                          "Hash Buckets": 1024,
                                          "Original Hash Buckets": 1024,
                                          "Hash Batches": 1,
                                          "Original Hash Batches": 1,
                                          "Peak Memory Usage": 72,
                                          "Plans": [
                                            {
                                              "Node Type": "Hash Join",
                                              "Parent Relationship": "Outer",
                                              "Parallel Aware": true,
                                              "Join Type": "Inner",
                                              "Startup Cost": 122411.15,
                                              "Total Cost": 152773.91,
                                              "Plan Rows": 1,
                                              "Plan Width": 66,
                                              "Actual Startup Time": 743.58,
                                              "Actual Total Time": 962.817,
                                              "Actual Rows": 7,
                                              "Actual Loops": 2,
                                              "Inner Unique": false,
                                              "Hash Cond": "(mc1.movie_id = t1.id)",
                                              "Plans": [
                                                {
                                                  "Node Type": "Seq Scan",
                                                  "Parent Relationship": "Outer",
                                                  "Parallel Aware": true,
                                                  "Relation Name": "movie_companies",
                                                  "Alias": "mc1",
                                                  "Startup Cost": 0.0,
                                                  "Total Cost": 27206.55,
                                                  "Plan Rows": 841655,
                                                  "Plan Width": 8,
                                                  "Actual Startup Time": 0.022,
                                                  "Actual Total Time": 124.268,
                                                  "Actual Rows": 1304564,
                                                  "Actual Loops": 2
                                                },
                                                {
                                                  "Node Type": "Hash",
                                                  "Parent Relationship": "Inner",
                                                  "Parallel Aware": true,
                                                  "Startup Cost": 122411.14,
                                                  "Total Cost": 122411.14,
                                                  "Plan Rows": 1,
                                                  "Plan Width": 74,
                                                  "Actual Startup Time": 742.659,
                                                  "Actual Total Time": 742.684,
                                                  "Actual Rows": 2,
                                                  "Actual Loops": 2,
                                                  "Hash Buckets": 1024,
                                                  "Original Hash Buckets": 1024,
                                                  "Hash Batches": 1,
                                                  "Original Hash Batches": 1,
                                                  "Peak Memory Usage": 72,
                                                  "Plans": [
                                                    {
                                                      "Node Type": "Hash Join",
                                                      "Parent Relationship": "Outer",
                                                      "Parallel Aware": true,
                                                      "Join Type": "Inner",
                                                      "Startup Cost": 77723.78,
                                                      "Total Cost": 122411.14,
                                                      "Plan Rows": 1,
                                                      "Plan Width": 74,
                                                      "Actual Startup Time": 539.338,
                                                      "Actual Total Time": 742.656,
                                                      "Actual Rows": 2,
                                                      "Actual Loops": 2,
                                                      "Inner Unique": false,
                                                      "Hash Cond": "(t1.id = ml.movie_id)",
                                                      "Plans": [
                                                        {
                                                          "Node Type": "Seq Scan",
                                                          "Parent Relationship": "Outer",
                                                          "Parallel Aware": true,
                                                          "Relation Name": "title",
                                                          "Alias": "t1",
                                                          "Startup Cost": 0.0,
                                                          "Total Cost": 42317.53,
                                                          "Plan Rows": 631953,
                                                          "Plan Width": 25,
                                                          "Actual Startup Time": 0.006,
                                                          "Actual Total Time": 124.56,
                                                          "Actual Rows": 1264156,
                                                          "Actual Loops": 2
                                                        },
                                                        {
                                                          "Node Type": "Hash",
                                                          "Parent Relationship": "Inner",
                                                          "Parallel Aware": true,
                                                          "Startup Cost": 77723.77,
                                                          "Total Cost": 77723.77,
                                                          "Plan Rows": 1,
                                                          "Plan Width": 49,
                                                          "Actual Startup Time": 529.171,
                                                          "Actual Total Time": 529.193,
                                                          "Actual Rows": 2,
                                                          "Actual Loops": 2,
                                                          "Hash Buckets": 1024,
                                                          "Original Hash Buckets": 1024,
                                                          "Hash Batches": 1,
                                                          "Original Hash Batches": 1,
                                                          "Peak Memory Usage": 72,
                                                          "Plans": [
                                                            {
                                                              "Node Type": "Hash Join",
                                                              "Parent Relationship": "Outer",
                                                              "Parallel Aware": true,
                                                              "Join Type": "Inner",
                                                              "Startup Cost": 62453.5,
                                                              "Total Cost": 77723.77,
                                                              "Plan Rows": 1,
                                                              "Plan Width": 49,
                                                              "Actual Startup Time": 378.984,
                                                              "Actual Total Time": 529.155,
                                                              "Actual Rows": 2,
                                                              "Actual Loops": 2,
                                                              "Inner Unique": false,
                                                              "Hash Cond": "(mi_idx1.movie_id = ml.movie_id)",
                                                              "Plans": [
                                                                {
                                                                  "Node Type": "Hash Join",
                                                                  "Parent Relationship": "Outer",
                                                                  "Parallel Aware": false,
                                                                  "Join Type": "Inner",
                                                                  "Startup Cost": 2.43,
                                                                  "Total Cost": 15253.6,
                                                                  "Plan Rows": 5089,
                                                                  "Plan Width": 10,
                                                                  "Actual Startup Time": 0.096,
                                                                  "Actual Total Time": 137.328,
                                                                  "Actual Rows": 229962,
                                                                  "Actual Loops": 2,
                                                                  "Inner Unique": true,
                                                                  "Hash Cond": "(mi_idx1.info_type_id = it1.id)",
                                                                  "Plans": [
                                                                    {
                                                                      "Node Type": "Seq Scan",
                                                                      "Parent Relationship": "Outer",
                                                                      "Parallel Aware": true,
                                                                      "Relation Name": "movie_info_idx",
                                                                      "Alias": "mi_idx1",
                                                                      "Startup Cost": 0.0,
                                                                      "Total Cost": 13685.15,
                                                                      "Plan Rows": 575015,
                                                                      "Plan Width": 14,
                                                                      "Actual Startup Time": 0.018,
                                                                      "Actual Total Time": 56.316,
                                                                      "Actual Rows": 690018,
                                                                      "Actual Loops": 2
                                                                    },
                                                                    {
                                                                      "Node Type": "Hash",
                                                                      "Parent Relationship": "Inner",
                                                                      "Parallel Aware": false,
                                                                      "Startup Cost": 2.41,
                                                                      "Total Cost": 2.41,
                                                                      "Plan Rows": 1,
                                                                      "Plan Width": 4,
                                                                      "Actual Startup Time": 0.032,
                                                                      "Actual Total Time": 0.033,
                                                                      "Actual Rows": 1,
                                                                      "Actual Loops": 2,
                                                                      "Hash Buckets": 1024,
                                                                      "Original Hash Buckets": 1024,
                                                                      "Hash Batches": 1,
                                                                      "Original Hash Batches": 1,
                                                                      "Peak Memory Usage": 9,
                                                                      "Plans": [
                                                                        {
                                                                          "Node Type": "Seq Scan",
                                                                          "Parent Relationship": "Outer",
                                                                          "Parallel Aware": false,
                                                                          "Relation Name": "info_type",
                                                                          "Alias": "it1",
                                                                          "Startup Cost": 0.0,
                                                                          "Total Cost": 2.41,
                                                                          "Plan Rows": 1,
                                                                          "Plan Width": 4,
                                                                          "Actual Startup Time": 0.023,
                                                                          "Actual Total Time": 0.025,
                                                                          "Actual Rows": 1,
                                                                          "Actual Loops": 2,
                                                                          "Filter": "((info)::text = 'rating'::text COLLATE \"C\")",
                                                                          "Rows Removed by Filter": 112
                                                                        }
                                                                      ]
                                                                    }
                                                                  ]
                                                                },
                                                                {
                                                                  "Node Type": "Hash",
                                                                  "Parent Relationship": "Inner",
                                                                  "Parallel Aware": true,
                                                                  "Startup Cost": 62451.06,
                                                                  "Total Cost": 62451.06,
                                                                  "Plan Rows": 1,
                                                                  "Plan Width": 39,
                                                                  "Actual Startup Time": 377.196,
                                                                  "Actual Total Time": 377.212,
                                                                  "Actual Rows": 3,
                                                                  "Actual Loops": 2,
                                                                  "Hash Buckets": 1024,
                                                                  "Original Hash Buckets": 1024,
                                                                  "Hash Batches": 1,
                                                                  "Original Hash Batches": 1,
                                                                  "Peak Memory Usage": 72,
                                                                  "Plans": [
                                                                    {
                                                                      "Node Type": "Hash Join",
                                                                      "Parent Relationship": "Outer",
                                                                      "Parallel Aware": false,
                                                                      "Join Type": "Inner",
                                                                      "Startup Cost": 16550.65,
                                                                      "Total Cost": 62451.06,
                                                                      "Plan Rows": 1,
                                                                      "Plan Width": 39,
                                                                      "Actual Startup Time": 163.039,
                                                                      "Actual Total Time": 377.148,
                                                                      "Actual Rows": 3,
                                                                      "Actual Loops": 2,
                                                                      "Inner Unique": false,
                                                                      "Hash Cond": "(t2.id = ml.linked_movie_id)",
                                                                      "Plans": [
                                                                        {
                                                                          "Node Type": "Hash Join",
                                                                          "Parent Relationship": "Outer",
                                                                          "Parallel Aware": false,
                                                                          "Join Type": "Inner",
                                                                          "Startup Cost": 15926.62,
                                                                          "Total Cost": 61825.88,
                                                                          "Plan Rows": 38,
                                                                          "Plan Width": 31,
                                                                          "Actual Startup Time": 137.825,
                                                                          "Actual Total Time": 361.149,
                                                                          "Actual Rows": 591,
                                                                          "Actual Loops": 2,
                                                                          "Inner Unique": true,
                                                                          "Hash Cond": "(t2.kind_id = kt2.id)",
                                                                          "Plans": [
                                                                            {
                                                                              "Node Type": "Hash Join",
                                                                              "Parent Relationship": "Outer",
                                                                              "Parallel Aware": true,
                                                                              "Join Type": "Inner",
                                                                              "Startup Cost": 15925.52,
                                                                              "Total Cost": 61823.66,
                                                                              "Plan Rows": 266,
                                                                              "Plan Width": 35,
                                                                              "Actual Startup Time": 137.771,
                                                                              "Actual Total Time": 360.533,
                                                                              "Actual Rows": 3210,
                                                                              "Actual Loops": 2,
                                                                              "Inner Unique": false,
                                                                              "Hash Cond": "(t2.id = mi_idx2.movie_id)",
                                                                              "Plans": [
                                                                                {
                                                                                  "Node Type": "Seq Scan",
                                                                                  "Parent Relationship": "Outer",
                                                                                  "Parallel Aware": true,
                                                                                  "Relation Name": "title",
                                                                                  "Alias": "t2",
                                                                                  "Startup Cost": 0.0,
                                                                                  "Total Cost": 45477.29,
                                                                                  "Plan Rows": 111929,
                                                                                  "Plan Width": 25,
                                                                                  "Actual Startup Time": 0.012,
                                                                                  "Actual Total Time": 186.269,
                                                                                  "Actual Rows": 222930,
                                                                                  "Actual Loops": 2,
                                                                                  "Filter": "((production_year >= 2005) AND (production_year <= 2008))",
                                                                                  "Rows Removed by Filter": 1041226
                                                                                },
                                                                                {
                                                                                  "Node Type": "Hash",
                                                                                  "Parent Relationship": "Inner",
                                                                                  "Parallel Aware": true,
                                                                                  "Startup Cost": 15894.28,
                                                                                  "Total Cost": 15894.28,
                                                                                  "Plan Rows": 2499,
                                                                                  "Plan Width": 10,
                                                                                  "Actual Startup Time": 137.485,
                                                                                  "Actual Total Time": 137.489,
                                                                                  "Actual Rows": 12796,
                                                                                  "Actual Loops": 2,
                                                                                  "Hash Buckets": 32768,
                                                                                  "Original Hash Buckets": 8192,
                                                                                  "Hash Batches": 1,
                                                                                  "Original Hash Batches": 1,
                                                                                  "Peak Memory Usage": 1472,
                                                                                  "Plans": [
                                                                                    {
                                                                                      "Node Type": "Hash Join",
                                                                                      "Parent Relationship": "Outer",
                                                                                      "Parallel Aware": false,
                                                                                      "Join Type": "Inner",
                                                                                      "Startup Cost": 2.43,
                                                                                      "Total Cost": 15894.28,
                                                                                      "Plan Rows": 2499,
                                                                                      "Plan Width": 10,
                                                                                      "Actual Startup Time": 0.108,
                                                                                      "Actual Total Time": 128.18,
                                                                                      "Actual Rows": 12796,
                                                                                      "Actual Loops": 2,
                                                                                      "Inner Unique": true,
                                                                                      "Hash Cond": "(mi_idx2.info_type_id = it2.id)",
                                                                                      "Plans": [
                                                                                        {
                                                                                          "Node Type": "Seq Scan",
                                                                                          "Parent Relationship": "Outer",
                                                                                          "Parallel Aware": true,
                                                                                          "Relation Name": "movie_info_idx",
                                                                                          "Alias": "mi_idx2",
                                                                                          "Startup Cost": 0.0,
                                                                                          "Total Cost": 15122.68,
                                                                                          "Plan Rows": 282429,
                                                                                          "Plan Width": 14,
                                                                                          "Actual Startup Time": 0.028,
                                                                                          "Actual Total Time": 104.894,
                                                                                          "Actual Rows": 337414,
                                                                                          "Actual Loops": 2,
                                                                                          "Filter": "(info < '3.0'::text)",
                                                                                          "Rows Removed by Filter": 352604
                                                                                        },
                                                                                        {
                                                                                          "Node Type": "Hash",
                                                                                          "Parent Relationship": "Inner",
                                                                                          "Parallel Aware": false,
                                                                                          "Startup Cost": 2.41,
                                                                                          "Total Cost": 2.41,
                                                                                          "Plan Rows": 1,
                                                                                          "Plan Width": 4,
                                                                                          "Actual Startup Time": 0.04,
                                                                                          "Actual Total Time": 0.041,
                                                                                          "Actual Rows": 1,
                                                                                          "Actual Loops": 2,
                                                                                          "Hash Buckets": 1024,
                                                                                          "Original Hash Buckets": 1024,
                                                                                          "Hash Batches": 1,
                                                                                          "Original Hash Batches": 1,
                                                                                          "Peak Memory Usage": 9,
                                                                                          "Plans": [
                                                                                            {
                                                                                              "Node Type": "Seq Scan",
                                                                                              "Parent Relationship": "Outer",
                                                                                              "Parallel Aware": false,
                                                                                              "Relation Name": "info_type",
                                                                                              "Alias": "it2",
                                                                                              "Startup Cost": 0.0,
                                                                                              "Total Cost": 2.41,
                                                                                              "Plan Rows": 1,
                                                                                              "Plan Width": 4,
                                                                                              "Actual Startup Time": 0.025,
                                                                                              "Actual Total Time": 0.028,
                                                                                              "Actual Rows": 1,
                                                                                              "Actual Loops": 2,
                                                                                              "Filter": "((info)::text = 'rating'::text COLLATE \"C\")",
                                                                                              "Rows Removed by Filter": 112
                                                                                            }
                                                                                          ]
                                                                                        }
                                                                                      ]
                                                                                    }
                                                                                  ]
                                                                                }
                                                                              ]
                                                                            },
                                                                            {
                                                                              "Node Type": "Hash",
                                                                              "Parent Relationship": "Inner",
                                                                              "Parallel Aware": false,
                                                                              "Startup Cost": 1.09,
                                                                              "Total Cost": 1.09,
                                                                              "Plan Rows": 1,
                                                                              "Plan Width": 4,
                                                                              "Actual Startup Time": 0.018,
                                                                              "Actual Total Time": 0.018,
                                                                              "Actual Rows": 1,
                                                                              "Actual Loops": 2,
                                                                              "Hash Buckets": 1024,
                                                                              "Original Hash Buckets": 1024,
                                                                              "Hash Batches": 1,
                                                                              "Original Hash Batches": 1,
                                                                              "Peak Memory Usage": 9,
                                                                              "Plans": [
                                                                                {
                                                                                  "Node Type": "Seq Scan",
                                                                                  "Parent Relationship": "Outer",
                                                                                  "Parallel Aware": false,
                                                                                  "Relation Name": "kind_type",
                                                                                  "Alias": "kt2",
                                                                                  "Startup Cost": 0.0,
                                                                                  "Total Cost": 1.09,
                                                                                  "Plan Rows": 1,
                                                                                  "Plan Width": 4,
                                                                                  "Actual Startup Time": 0.01,
                                                                                  "Actual Total Time": 0.012,
                                                                                  "Actual Rows": 1,
                                                                                  "Actual Loops": 2,
                                                                                  "Filter": "((kind)::text = 'tv series'::text COLLATE \"C\")",
                                                                                  "Rows Removed by Filter": 6
                                                                                }
                                                                              ]
                                                                            }
                                                                          ]
                                                                        },
                                                                        {
                                                                          "Node Type": "Hash",
                                                                          "Parent Relationship": "Inner",
                                                                          "Parallel Aware": false,
                                                                          "Startup Cost": 561.53,
                                                                          "Total Cost": 561.53,
                                                                          "Plan Rows": 5000,
                                                                          "Plan Width": 8,
                                                                          "Actual Startup Time": 15.651,
                                                                          "Actual Total Time": 15.654,
                                                                          "Actual Rows": 2315,
                                                                          "Actual Loops": 2,
                                                                          "Hash Buckets": 8192,
                                                                          "Original Hash Buckets": 8192,
                                                                          "Hash Batches": 1,
                                                                          "Original Hash Batches": 1,
                                                                          "Peak Memory Usage": 155,
                                                                          "Plans": [
                                                                            {
                                                                              "Node Type": "Hash Join",
                                                                              "Parent Relationship": "Outer",
                                                                              "Parallel Aware": false,
                                                                              "Join Type": "Inner",
                                                                              "Startup Cost": 1.29,
                                                                              "Total Cost": 561.53,
                                                                              "Plan Rows": 5000,
                                                                              "Plan Width": 8,
                                                                              "Actual Startup Time": 0.184,
                                                                              "Actual Total Time": 14.687,
                                                                              "Actual Rows": 2315,
                                                                              "Actual Loops": 2,
                                                                              "Inner Unique": true,
                                                                              "Hash Cond": "(ml.link_type_id = lt.id)",
                                                                              "Plans": [
                                                                                {
                                                                                  "Node Type": "Seq Scan",
                                                                                  "Parent Relationship": "Outer",
                                                                                  "Parallel Aware": false,
                                                                                  "Relation Name": "movie_link",
                                                                                  "Alias": "ml",
                                                                                  "Startup Cost": 0.0,
                                                                                  "Total Cost": 462.97,
                                                                                  "Plan Rows": 29997,
                                                                                  "Plan Width": 12,
                                                                                  "Actual Startup Time": 0.05,
                                                                                  "Actual Total Time": 7.975,
                                                                                  "Actual Rows": 29997,
                                                                                  "Actual Loops": 2
                                                                                },
                                                                                {
                                                                                  "Node Type": "Hash",
                                                                                  "Parent Relationship": "Inner",
                                                                                  "Parallel Aware": false,
                                                                                  "Startup Cost": 1.25,
                                                                                  "Total Cost": 1.25,
                                                                                  "Plan Rows": 3,
                                                                                  "Plan Width": 4,
                                                                                  "Actual Startup Time": 0.06,
                                                                                  "Actual Total Time": 0.061,
                                                                                  "Actual Rows": 2,
                                                                                  "Actual Loops": 2,
                                                                                  "Hash Buckets": 1024,
                                                                                  "Original Hash Buckets": 1024,
                                                                                  "Hash Batches": 1,
                                                                                  "Original Hash Batches": 1,
                                                                                  "Peak Memory Usage": 9,
                                                                                  "Plans": [
                                                                                    {
                                                                                      "Node Type": "Seq Scan",
                                                                                      "Parent Relationship": "Outer",
                                                                                      "Parallel Aware": false,
                                                                                      "Relation Name": "link_type",
                                                                                      "Alias": "lt",
                                                                                      "Startup Cost": 0.0,
                                                                                      "Total Cost": 1.25,
                                                                                      "Plan Rows": 3,
                                                                                      "Plan Width": 4,
                                                                                      "Actual Startup Time": 0.034,
                                                                                      "Actual Total Time": 0.044,
                                                                                      "Actual Rows": 2,
                                                                                      "Actual Loops": 2,
                                                                                      "Filter": "((link)::text = ANY ('{sequel,follows,\"followed by\"}'::text[]))",
                                                                                      "Rows Removed by Filter": 16
                                                                                    }
                                                                                  ]
                                                                                }
                                                                              ]
                                                                            }
                                                                          ]
                                                                        }
                                                                      ]
                                                                    }
                                                                  ]
                                                                }
                                                              ]
                                                            }
                                                          ]
                                                        }
                                                      ]
                                                    }
                                                  ]
                                                }
                                              ]
                                            }
                                          ]
                                        }
                                      ]
                                    }
                                  ]
                                }
                              ]
                            }
                          ]
                        }
                      ]
                    },
                    {
                      "Node Type": "Hash",
                      "Parent Relationship": "Inner",
                      "Parallel Aware": false,
                      "Startup Cost": 1.09,
                      "Total Cost": 1.09,
                      "Plan Rows": 1,
                      "Plan Width": 4,
                      "Actual Startup Time": 0.071,
                      "Actual Total Time": 0.072,
                      "Actual Rows": 1,
                      "Actual Loops": 2,
                      "Hash Buckets": 1024,
                      "Original Hash Buckets": 1024,
                      "Hash Batches": 1,
                      "Original Hash Batches": 1,
                      "Peak Memory Usage": 9,
                      "Plans": [
                        {
                          "Node Type": "Seq Scan",
                          "Parent Relationship": "Outer",
                          "Parallel Aware": false,
                          "Relation Name": "kind_type",
                          "Alias": "kt1",
                          "Startup Cost": 0.0,
                          "Total Cost": 1.09,
                          "Plan Rows": 1,
                          "Plan Width": 4,
                          "Actual Startup Time": 0.05,
                          "Actual Total Time": 0.054,
                          "Actual Rows": 1,
                          "Actual Loops": 2,
                          "Filter": "((kind)::text = 'tv series'::text COLLATE \"C\")",
                          "Rows Removed by Filter": 6
                        }
                      ]
                    }
                  ]
                }
              ]
            }
          ]
        }
      ]
    },
    "Planning Time": 7807.12,
    "Triggers": [],
    "Execution Time": 1245.22
  }
]