[
  {
    "Plan": {
      "Node Type": "Aggregate",
      "Strategy": "Plain",
      "Partial Mode": "Finalize",
      "Parallel Aware": false,
      "Startup Cost": 100210.46,
      "Total Cost": 100210.47,
      "Plan Rows": 1,
      "Plan Width": 8,
      "Actual Startup Time": 531.879,
      "Actual Total Time": 542.903,
      "Actual Rows": 1,
      "Actual Loops": 1,
      "Plans": [
        {
          "Node Type": "Gather",
          "Parent Relationship": "Outer",
          "Parallel Aware": false,
          "Startup Cost": 100210.14,
          "Total Cost": 100210.45,
          "Plan Rows": 3,
          "Plan Width": 8,
          "Actual Startup Time": 524.77,
          "Actual Total Time": 542.897,
          "Actual Rows": 4,
          "Actual Loops": 1,
          "Workers Planned": 3,
          "Workers Launched": 3,
          "Single Copy": false,
          "Plans": [
            {
              "Node Type": "Aggregate",
              "Strategy": "Plain",
              "Partial Mode": "Partial",
              "Parent Relationship": "Outer",
              "Parallel Aware": false,
              "Startup Cost": 99210.14,
              "Total Cost": 99210.15,
              "Plan Rows": 1,
              "Plan Width": 8,
              "Actual Startup Time": 520.356,
              "Actual Total Time": 520.361,
              "Actual Rows": 1,
              "Actual Loops": 4,
              "Plans": [
                {
                  "Node Type": "Hash Join",
                  "Parent Relationship": "Outer",
                  "Parallel Aware": true,
                  "Join Type": "Inner",
                  "Startup Cost": 67468.26,
                  "Total Cost": 98692.97,
                  "Plan Rows": 206870,
                  "Plan Width": 0,
                  "Actual Startup Time": 337.143,
                  "Actual Total Time": 507.172,
                  "Actual Rows": 299965,
                  "Actual Loops": 4,
                  "Inner Unique": false,
                  "Hash Cond": "(mc.movie_id = t.id)",
                  "Plans": [
                    {
                      "Node Type": "Seq Scan",
                      "Parent Relationship": "Outer",
                      "Parallel Aware": true,
                      "Relation Name": "movie_companies",
                      "Alias": "mc",
                      "Startup Cost": 0.0,
                      "Total Cost": 27206.55,
                      "Plan Rows": 841655,
                      "Plan Width": 4,
                      "Actual Startup Time": 0.026,
                      "Actual Total Time": 58.124,
                      "Actual Rows": 652282,
                      "Actual Loops": 4
                    },
                    {
                      "Node Type": "Hash",
                      "Parent Relationship": "Inner",
                      "Parallel Aware": true,
                      "Startup Cost": 64231.62,
                      "Total Cost": 64231.62,
                      "Plan Rows": 258931,
                      "Plan Width": 8,
                      "Actual Startup Time": 334.696,
                      "Actual Total Time": 334.699,
                      "Actual Rows": 133100,
                      "Actual Loops": 4,
                      "Hash Buckets": 1048576,
                      "Original Hash Buckets": 1048576,
                      "Hash Batches": 1,
                      "Original Hash Batches": 1,
                      "Peak Memory Usage": 29088,
                      "Plans": [
                        {
                          "Node Type": "Hash Join",
                          "Parent Relationship": "Outer",
                          "Parallel Aware": true,
                          "Join Type": "Inner",
                          "Startup Cost": 49037.06,
                          "Total Cost": 64231.62,
                          "Plan Rows": 258931,
                          "Plan Width": 8,
                          "Actual Startup Time": 202.78,
                          "Actual Total Time": 298.853,
                          "Actual Rows": 133100,
                          "Actual Loops": 4,
                          "Inner Unique": true,
                          "Hash Cond": "(mi_idx.movie_id = t.id)",
                          "Plans": [
                            {
                              "Node Type": "Seq Scan",
                              "Parent Relationship": "Outer",
                              "Parallel Aware": true,
                              "Relation Name": "movie_info_idx",
                              "Alias": "mi_idx",
                              "Startup Cost": 0.0,
                              "Total Cost": 13685.15,
                              "Plan Rows": 575015,
                              "Plan Width": 4,
                              "Actual Startup Time": 0.021,
                              "Actual Total Time": 29.763,
                              "Actual Rows": 345009,
                              "Actual Loops": 4
                            },
                            {
                              "Node Type": "Hash",
                              "Parent Relationship": "Inner",
                              "Parallel Aware": true,
                              "Startup Cost": 45479.21,
                              "Total Cost": 45479.21,
                              "Plan Rows": 284628,
                              "Plan Width": 4,
                              "Actual Startup Time": 199.346,
                              "Actual Total Time": 199.347,
                              "Actual Rows": 273895,
                              "Actual Loops": 4,
                              "Hash Buckets": 2097152,
                              "Original Hash Buckets": 2097152,
                              "Hash Batches": 1,
                              "Original Hash Batches": 1,
                              "Peak Memory Usage": 59328,
                              "Plans": [
                                {
                                  "Node Type": "Seq Scan",
                                  "Parent Relationship": "Outer",
                                  "Parallel Aware": true,
                                  "Relation Name": "title",
                                  "Alias": "t",
                                  "Startup Cost": 0.0,
                                  "Total Cost": 45479.21,
                                  "Plan Rows": 284628,
                                  "Plan Width": 4,
                                  "Actual Startup Time": 0.02,
                                  "Actual Total Time": 100.182,
                                  "Actual Rows": 273895,
                                  "Actual Loops": 4,
                                  "Filter": "((kind_id > 1) AND (production_year < 2007))",
                                  "Rows Removed by Filter": 358183
                                }
                              ]
                            }
                          ]
                        }
                      ]
                    }
                  ]
                }
              ]
            }
          ]
        }
      ]
    },
    "Planning Time": 0.511,
    "Triggers": [],
    "Execution Time": 542.943
  }
]