[
  {
    "Plan": {
      "Node Type": "Aggregate",
      "Strategy": "Plain",
      "Partial Mode": "Finalize",
      "Parallel Aware": false,
      "Startup Cost": 339188.67,
      "Total Cost": 339188.68,
      "Plan Rows": 1,
      "Plan Width": 8,
      "Actual Startup Time": 797.96,
      "Actual Total Time": 858.892,
      "Actual Rows": 1,
      "Actual Loops": 1,
      "Plans": [
        {
          "Node Type": "Gather",
          "Parent Relationship": "Outer",
          "Parallel Aware": false,
          "Startup Cost": 339188.04,
          "Total Cost": 339188.65,
          "Plan Rows": 6,
          "Plan Width": 8,
          "Actual Startup Time": 797.811,
          "Actual Total Time": 858.879,
          "Actual Rows": 7,
          "Actual Loops": 1,
          "Workers Planned": 6,
          "Workers Launched": 6,
          "Single Copy": false,
          "Plans": [
            {
              "Node Type": "Aggregate",
              "Strategy": "Plain",
              "Partial Mode": "Partial",
              "Parent Relationship": "Outer",
              "Parallel Aware": false,
              "Startup Cost": 338188.04,
              "Total Cost": 338188.05,
              "Plan Rows": 1,
              "Plan Width": 8,
              "Actual Startup Time": 788.784,
              "Actual Total Time": 788.785,
              "Actual Rows": 1,
              "Actual Loops": 7,
              "Plans": [
                {
                  "Node Type": "Seq Scan",
                  "Parent Relationship": "Outer",
                  "Parallel Aware": true,
                  "Relation Name": "cast_info",
                  "Alias": "ci",
                  "Startup Cost": 0.0,
                  "Total Cost": 328162.03,
                  "Plan Rows": 4010406,
                  "Plan Width": 0,
                  "Actual Startup Time": 0.05,
                  "Actual Total Time": 629.664,
                  "Actual Rows": 3444614,
                  "Actual Loops": 7,
                  "Filter": "(person_id < 2473168)",
                  "Rows Removed by Filter": 1733150
                }
              ]
            }
          ]
        }
      ]
    },
    "Planning Time": 0.229,
    "Triggers": [],
    "Execution Time": 858.97
  }
]