[
  {
    "Plan": {
      "Node Type": "Aggregate",
      "Strategy": "Plain",
      "Partial Mode": "Finalize",
      "Parallel Aware": false,
      "Startup Cost": 383945.78,
      "Total Cost": 383945.79,
      "Plan Rows": 1,
      "Plan Width": 8,
      "Actual Startup Time": 681.736,
      "Actual Total Time": 702.478,
      "Actual Rows": 1,
      "Actual Loops": 1,
      "Plans": [
        {
          "Node Type": "Gather",
          "Parent Relationship": "Outer",
          "Parallel Aware": false,
          "Startup Cost": 383945.47,
          "Total Cost": 383945.78,
          "Plan Rows": 3,
          "Plan Width": 8,
          "Actual Startup Time": 673.286,
          "Actual Total Time": 702.466,
          "Actual Rows": 4,
          "Actual Loops": 1,
          "Workers Planned": 3,
          "Workers Launched": 3,
          "Single Copy": false,
          "Plans": [
            {
              "Node Type": "Aggregate",
              "Strategy": "Plain",
              "Partial Mode": "Partial",
              "Parent Relationship": "Outer",
              "Parallel Aware": false,
              "Startup Cost": 382945.47,
              "Total Cost": 382945.48,
              "Plan Rows": 1,
              "Plan Width": 8,
              "Actual Startup Time": 663.212,
              "Actual Total Time": 663.385,
              "Actual Rows": 1,
              "Actual Loops": 4,
              "Plans": [
                {
                  "Node Type": "Hash Join",
                  "Parent Relationship": "Outer",
                  "Parallel Aware": true,
                  "Join Type": "Inner",
                  "Startup Cost": 338236.41,
                  "Total Cost": 382720.52,
                  "Plan Rows": 89979,
                  "Plan Width": 0,
                  "Actual Startup Time": 503.367,
                  "Actual Total Time": 661.576,
                  "Actual Rows": 33490,
                  "Actual Loops": 4,
                  "Inner Unique": false,
                  "Hash Cond": "(mk.movie_id = t.id)",
                  "Plans": [
                    {
                      "Node Type": "Seq Scan",
                      "Parent Relationship": "Outer",
                      "Parallel Aware": true,
                      "Relation Name": "movie_keyword",
                      "Alias": "mk",
                      "Startup Cost": 0.0,
                      "Total Cost": 42695.65,
                      "Plan Rows": 436929,
                      "Plan Width": 4,
                      "Actual Startup Time": 0.031,
                      "Actual Total Time": 110.669,
                      "Actual Rows": 342155,
                      "Actual Loops": 4,
                      "Filter": "(keyword_id < 1802)",
                      "Rows Removed by Filter": 788827
                    },
                    {
                      "Node Type": "Hash",
                      "Parent Relationship": "Inner",
                      "Parallel Aware": true,
                      "Startup Cost": 337151.69,
                      "Total Cost": 337151.69,
                      "Plan Rows": 86778,
                      "Plan Width": 8,
                      "Actual Startup Time": 499.87,
                      "Actual Total Time": 500.042,
                      "Actual Rows": 61618,
                      "Actual Loops": 4,
                      "Hash Buckets": 524288,
                      "Original Hash Buckets": 524288,
                      "Hash Batches": 1,
                      "Original Hash Batches": 1,
                      "Peak Memory Usage": 13792,
                      "Plans": [
                        {
                          "Node Type": "Hash Join",
                          "Parent Relationship": "Outer",
                          "Parallel Aware": true,
                          "Join Type": "Inner",
                          "Startup Cost": 80589.25,
                          "Total Cost": 337151.69,
                          "Plan Rows": 86778,
                          "Plan Width": 8,
                          "Actual Startup Time": 400.307,
                          "Actual Total Time": 479.362,
                          "Actual Rows": 61618,
                          "Actual Loops": 4,
                          "Inner Unique": true,
                          "Hash Cond": "(ci.movie_id = t.id)",
                          "Plans": [
                            {
                              "Node Type": "Bitmap Heap Scan",
                              "Parent Relationship": "Outer",
                              "Parallel Aware": true,
                              "Relation Name": "cast_info",
                              "Alias": "ci",
                              "Startup Cost": 30598.17,
                              "Total Cost": 286761.73,
                              "Plan Rows": 151956,
                              "Plan Width": 4,
                              "Actual Startup Time": 98.79,
                              "Actual Total Time": 126.835,
                              "Actual Rows": 100738,
                              "Actual Loops": 4,
                              "Recheck Cond": "(person_id < 143613)",
                              "Rows Removed by Index Recheck": 0,
                              "Filter": "(role_id > 1)",
                              "Rows Removed by Filter": 256656,
                              "Exact Heap Blocks": 3438,
                              "Lossy Heap Blocks": 0,
                              "Plans": [
                                {
                                  "Node Type": "Bitmap Index Scan",
                                  "Parent Relationship": "Outer",
                                  "Parallel Aware": false,
                                  "Index Name": "person_id_cast_info",
                                  "Startup Cost": 0.0,
                                  "Total Cost": 30370.24,
                                  "Plan Rows": 1390623,
                                  "Plan Width": 0,
                                  "Actual Startup Time": 49.423,
                                  "Actual Total Time": 49.423,
                                  "Actual Rows": 1429576,
                                  "Actual Loops": 1,
                                  "Index Cond": "(person_id < 143613)"
                                }
                              ]
                            },
                            {
                              "Node Type": "Hash",
                              "Parent Relationship": "Inner",
                              "Parallel Aware": true,
                              "Startup Cost": 45479.1,
                              "Total Cost": 45479.1,
                              "Plan Rows": 360958,
                              "Plan Width": 4,
                              "Actual Startup Time": 295.996,
                              "Actual Total Time": 295.998,
                              "Actual Rows": 390172,
                              "Actual Loops": 4,
                              "Hash Buckets": 2097152,
                              "Original Hash Buckets": 2097152,
                              "Hash Batches": 1,
                              "Original Hash Batches": 1,
                              "Peak Memory Usage": 77504,
                              "Plans": [
                                {
                                  "Node Type": "Seq Scan",
                                  "Parent Relationship": "Outer",
                                  "Parallel Aware": true,
                                  "Relation Name": "title",
                                  "Alias": "t",
                                  "Startup Cost": 0.0,
                                  "Total Cost": 45479.1,
                                  "Plan Rows": 360958,
                                  "Plan Width": 4,
                                  "Actual Startup Time": 0.053,
                                  "Actual Total Time": 127.165,
                                  "Actual Rows": 390172,
                                  "Actual Loops": 4,
                                  "Filter": "((kind_id > 1) AND (production_year > 1979))",
                                  "Rows Removed by Filter": 241906
                                }
                              ]
                            }
                          ]
                        }
                      ]
                    }
                  ]
                }
              ]
            }
          ]
        }
      ]
    },
    "Planning Time": 1.383,
    "Triggers": [],
    "Execution Time": 702.588
  }
]