[
    {
        "Bao": {
            "Bao prediction": "NaN",
            "Bao recommended hint": "(no hint)"
        }
    },
    {
        "Plan": {
            "Node Type": "Aggregate",
            "Strategy": "Plain",
            "Partial Mode": "Simple",
            "Parallel Aware": false,
            "Startup Cost": 15046.97,
            "Total Cost": 15046.98,
            "Plan Rows": 1,
            "Plan Width": 8,
            "Actual Startup Time": 5.496,
            "Actual Total Time": 5.498,
            "Actual Rows": 1,
            "Actual Loops": 1,
            "Output": [
                "count(*)"
            ],
            "Plans": [
                {
                    "Node Type": "Bitmap Heap Scan",
                    "Parent Relationship": "Outer",
                    "Parallel Aware": false,
                    "Relation Name": "movie_keyword",
                    "Schema": "public",
                    "Alias": "mk",
                    "Startup Cost": 143.85,
                    "Total Cost": 15030.38,
                    "Plan Rows": 6635,
                    "Plan Width": 0,
                    "Actual Startup Time": 0.945,
                    "Actual Total Time": 5.006,
                    "Actual Rows": 7873,
                    "Actual Loops": 1,
                    "Recheck Cond": "(mk.keyword_id = 3)",
                    "Rows Removed by Index Recheck": 0,
                    "Exact Heap Blocks": 1870,
                    "Lossy Heap Blocks": 0,
                    "Plans": [
                        {
                            "Node Type": "Bitmap Index Scan",
                            "Parent Relationship": "Outer",
                            "Parallel Aware": false,
                            "Index Name": "keyword_id_movie_keyword",
                            "Startup Cost": 0.0,
                            "Total Cost": 142.19,
                            "Plan Rows": 6635,
                            "Plan Width": 0,
                            "Actual Startup Time": 0.641,
                            "Actual Total Time": 0.641,
                            "Actual Rows": 7873,
                            "Actual Loops": 1,
                            "Index Cond": "(mk.keyword_id = 3)"
                        }
                    ]
                }
            ]
        },
        "Planning Time": 319.152,
        "Triggers": [],
        "Execution Time": 5.542
    }
]