[
  {
    "Plan": {
      "Node Type": "Aggregate",
      "Strategy": "Plain",
      "Partial Mode": "Finalize",
      "Parallel Aware": false,
      "Startup Cost": 33240.1,
      "Total Cost": 33240.11,
      "Plan Rows": 1,
      "Plan Width": 8,
      "Actual Startup Time": 100.392,
      "Actual Total Time": 106.618,
      "Actual Rows": 1,
      "Actual Loops": 1,
      "Plans": [
        {
          "Node Type": "Gather",
          "Parent Relationship": "Outer",
          "Parallel Aware": false,
          "Startup Cost": 33239.78,
          "Total Cost": 33240.09,
          "Plan Rows": 3,
          "Plan Width": 8,
          "Actual Startup Time": 100.287,
          "Actual Total Time": 106.61,
          "Actual Rows": 4,
          "Actual Loops": 1,
          "Workers Planned": 3,
          "Workers Launched": 3,
          "Single Copy": false,
          "Plans": [
            {
              "Node Type": "Aggregate",
              "Strategy": "Plain",
              "Partial Mode": "Partial",
              "Parent Relationship": "Outer",
              "Parallel Aware": false,
              "Startup Cost": 32239.78,
              "Total Cost": 32239.79,
              "Plan Rows": 1,
              "Plan Width": 8,
              "Actual Startup Time": 91.747,
              "Actual Total Time": 91.748,
              "Actual Rows": 1,
              "Actual Loops": 4,
              "Plans": [
                {
                  "Node Type": "Seq Scan",
                  "Parent Relationship": "Outer",
                  "Parallel Aware": true,
                  "Relation Name": "movie_companies",
                  "Alias": "mc",
                  "Startup Cost": 0.0,
                  "Total Cost": 31414.82,
                  "Plan Rows": 329985,
                  "Plan Width": 0,
                  "Actual Startup Time": 0.327,
                  "Actual Total Time": 80.185,
                  "Actual Rows": 221509,
                  "Actual Loops": 4,
                  "Filter": "((company_id > 494) AND (company_type_id < 2))",
                  "Rows Removed by Filter": 430773
                }
              ]
            }
          ]
        }
      ]
    },
    "Planning Time": 0.201,
    "Triggers": [],
    "Execution Time": 106.674
  }
]