{
  "Plan": {
    "Node Type": "Aggregate",
    "Strategy": "Plain",
    "Partial Mode": "Finalize",
    "Parallel Aware": false,
    "Startup Cost": 682860.47,
    "Total Cost": 682860.48,
    "Plan Rows": 1,
    "Plan Width": 8,
    "Actual Startup Time": 4733.186,
    "Actual Total Time": 4789.011,
    "Actual Rows": 1,
    "Actual Loops": 1,
    "Plans": [
      {
        "Node Type": "Gather",
        "Parent Relationship": "Outer",
        "Parallel Aware": false,
        "Startup Cost": 682860.36,
        "Total Cost": 682860.47,
        "Plan Rows": 1,
        "Plan Width": 8,
        "Actual Startup Time": 4728.238,
        "Actual Total Time": 4789.002,
        "Actual Rows": 2,
        "Actual Loops": 1,
        "Workers Planned": 1,
        "Workers Launched": 1,
        "Single Copy": false,
        "Plans": [
          {
            "Node Type": "Aggregate",
            "Strategy": "Plain",
            "Partial Mode": "Partial",
            "Parent Relationship": "Outer",
            "Parallel Aware": false,
            "Startup Cost": 681860.36,
            "Total Cost": 681860.37,
            "Plan Rows": 1,
            "Plan Width": 8,
            "Actual Startup Time": 4722.977,
            "Actual Total Time": 4722.982,
            "Actual Rows": 1,
            "Actual Loops": 2,
            "Plans": [
              {
                "Node Type": "Hash Join",
                "Parent Relationship": "Outer",
                "Parallel Aware": true,
                "Join Type": "Inner",
                "Startup Cost": 115386.69,
                "Total Cost": 677942.29,
                "Plan Rows": 1567229,
                "Plan Width": 0,
                "Actual Startup Time": 547.022,
                "Actual Total Time": 4526.81,
                "Actual Rows": 4897406,
                "Actual Loops": 2,
                "Inner Unique": false,
                "Hash Cond": "(t.id = mc.movie_id)",
                "Plans": [
                  {
                    "Node Type": "Hash Join",
                    "Parent Relationship": "Outer",
                    "Parallel Aware": true,
                    "Join Type": "Inner",
                    "Startup Cost": 62740.64,
                    "Total Cost": 603665.48,
                    "Plan Rows": 1985881,
                    "Plan Width": 8,
                    "Actual Startup Time": 191.204,
                    "Actual Total Time": 3067.435,
                    "Actual Rows": 1544757,
                    "Actual Loops": 2,
                    "Inner Unique": true,
                    "Hash Cond": "(ci.movie_id = t.id)",
                    "Plans": [
                      {
                        "Node Type": "Seq Scan",
                        "Parent Relationship": "Outer",
                        "Parallel Aware": true,
                        "Relation Name": "cast_info",
                        "Alias": "ci",
                        "Startup Cost": 0.0,
                        "Total Cost": 519069.44,
                        "Plan Rows": 8325854,
                        "Plan Width": 4,
                        "Actual Startup Time": 0.012,
                        "Actual Total Time": 1328.832,
                        "Actual Rows": 7076092,
                        "Actual Loops": 2,
                        "Filter": "(person_id < 1393419)",
                        "Rows Removed by Filter": 11046080
                      },
                      {
                        "Node Type": "Hash",
                        "Parent Relationship": "Inner",
                        "Parallel Aware": true,
                        "Startup Cost": 58306.47,
                        "Total Cost": 58306.47,
                        "Plan Rows": 354734,
                        "Plan Width": 4,
                        "Actual Startup Time": 189.375,
                        "Actual Total Time": 189.376,
                        "Actual Rows": 253704,
                        "Actual Loops": 2,
                        "Hash Buckets": 1048576,
                        "Original Hash Buckets": 1048576,
                        "Hash Batches": 1,
                        "Original Hash Batches": 1,
                        "Peak Memory Usage": 28096,
                        "Plans": [
                          {
                            "Node Type": "Seq Scan",
                            "Parent Relationship": "Outer",
                            "Parallel Aware": true,
                            "Relation Name": "title",
                            "Alias": "t",
                            "Startup Cost": 0.0,
                            "Total Cost": 58306.47,
                            "Plan Rows": 354734,
                            "Plan Width": 4,
                            "Actual Startup Time": 0.017,
                            "Actual Total Time": 130.144,
                            "Actual Rows": 253704,
                            "Actual Loops": 2,
                            "Filter": "((kind_id < 7) AND (production_year > 1997))",
                            "Rows Removed by Filter": 1010452
                          }
                        ]
                      }
                    ]
                  },
                  {
                    "Node Type": "Hash",
                    "Parent Relationship": "Inner",
                    "Parallel Aware": true,
                    "Startup Cost": 37974.77,
                    "Total Cost": 37974.77,
                    "Plan Rows": 1173702,
                    "Plan Width": 4,
                    "Actual Startup Time": 345.181,
                    "Actual Total Time": 345.182,
                    "Actual Rows": 991103,
                    "Actual Loops": 2,
                    "Hash Buckets": 2097152,
                    "Original Hash Buckets": 2097152,
                    "Hash Batches": 1,
                    "Original Hash Batches": 1,
                    "Peak Memory Usage": 93952,
                    "Plans": [
                      {
                        "Node Type": "Seq Scan",
                        "Parent Relationship": "Outer",
                        "Parallel Aware": true,
                        "Relation Name": "movie_companies",
                        "Alias": "mc",
                        "Startup Cost": 0.0,
                        "Total Cost": 37974.77,
                        "Plan Rows": 1173702,
                        "Plan Width": 4,
                        "Actual Startup Time": 0.03,
                        "Actual Total Time": 139.428,
                        "Actual Rows": 991103,
                        "Actual Loops": 2,
                        "Filter": "(company_id < 60559)",
                        "Rows Removed by Filter": 313462
                      }
                    ]
                  }
                ]
              }
            ]
          }
        ]
      }
    ]
  },
  "Planning Time": 0.637,
  "Triggers": [],
  "Execution Time": 4789.078
}