[
    {
        "Bao": {
            "Bao prediction": "NaN",
            "Bao recommended hint": "(no hint)"
        }
    },
    {
        "Plan": {
            "Node Type": "Aggregate",
            "Strategy": "Plain",
            "Partial Mode": "Finalize",
            "Parallel Aware": false,
            "Startup Cost": 277390.75,
            "Total Cost": 277390.76,
            "Plan Rows": 1,
            "Plan Width": 8,
            "Actual Startup Time": 102.038,
            "Actual Total Time": 105.858,
            "Actual Rows": 1,
            "Actual Loops": 1,
            "Output": [
                "count(*)"
            ],
            "Plans": [
                {
                    "Node Type": "Gather",
                    "Parent Relationship": "Outer",
                    "Parallel Aware": false,
                    "Startup Cost": 277390.13,
                    "Total Cost": 277390.74,
                    "Plan Rows": 6,
                    "Plan Width": 8,
                    "Actual Startup Time": 101.718,
                    "Actual Total Time": 105.852,
                    "Actual Rows": 7,
                    "Actual Loops": 1,
                    "Output": [
                        "(PARTIAL count(*))"
                    ],
                    "Workers Planned": 6,
                    "Workers Launched": 6,
                    "Single Copy": false,
                    "Plans": [
                        {
                            "Node Type": "Aggregate",
                            "Strategy": "Plain",
                            "Partial Mode": "Partial",
                            "Parent Relationship": "Outer",
                            "Parallel Aware": false,
                            "Startup Cost": 276390.13,
                            "Total Cost": 276390.14,
                            "Plan Rows": 1,
                            "Plan Width": 8,
                            "Actual Startup Time": 91.343,
                            "Actual Total Time": 91.345,
                            "Actual Rows": 1,
                            "Actual Loops": 7,
                            "Output": [
                                "PARTIAL count(*)"
                            ],
                            "Workers": [
                                {
                                    "Worker Number": 0,
                                    "Actual Startup Time": 88.783,
                                    "Actual Total Time": 88.784,
                                    "Actual Rows": 1,
                                    "Actual Loops": 1
                                },
                                {
                                    "Worker Number": 1,
                                    "Actual Startup Time": 89.18,
                                    "Actual Total Time": 89.181,
                                    "Actual Rows": 1,
                                    "Actual Loops": 1
                                },
                                {
                                    "Worker Number": 2,
                                    "Actual Startup Time": 89.643,
                                    "Actual Total Time": 89.644,
                                    "Actual Rows": 1,
                                    "Actual Loops": 1
                                },
                                {
                                    "Worker Number": 3,
                                    "Actual Startup Time": 89.643,
                                    "Actual Total Time": 89.644,
                                    "Actual Rows": 1,
                                    "Actual Loops": 1
                                },
                                {
                                    "Worker Number": 4,
                                    "Actual Startup Time": 90.272,
                                    "Actual Total Time": 90.274,
                                    "Actual Rows": 1,
                                    "Actual Loops": 1
                                },
                                {
                                    "Worker Number": 5,
                                    "Actual Startup Time": 90.561,
                                    "Actual Total Time": 90.562,
                                    "Actual Rows": 1,
                                    "Actual Loops": 1
                                }
                            ],
                            "Plans": [
                                {
                                    "Node Type": "Bitmap Heap Scan",
                                    "Parent Relationship": "Outer",
                                    "Parallel Aware": true,
                                    "Relation Name": "cast_info",
                                    "Schema": "public",
                                    "Alias": "ci",
                                    "Startup Cost": 20987.65,
                                    "Total Cost": 276055.4,
                                    "Plan Rows": 133893,
                                    "Plan Width": 0,
                                    "Actual Startup Time": 30.67,
                                    "Actual Total Time": 81.643,
                                    "Actual Rows": 133557,
                                    "Actual Loops": 7,
                                    "Recheck Cond": "(ci.person_id < 100852)",
                                    "Rows Removed by Index Recheck": 0,
                                    "Filter": "(ci.role_id < 9)",
                                    "Rows Removed by Filter": 7445,
                                    "Exact Heap Blocks": 2959,
                                    "Lossy Heap Blocks": 0,
                                    "Workers": [
                                        {
                                            "Worker Number": 0,
                                            "Actual Startup Time": 28.087,
                                            "Actual Total Time": 79.128,
                                            "Actual Rows": 109071,
                                            "Actual Loops": 1
                                        },
                                        {
                                            "Worker Number": 1,
                                            "Actual Startup Time": 28.781,
                                            "Actual Total Time": 79.87,
                                            "Actual Rows": 96352,
                                            "Actual Loops": 1
                                        },
                                        {
                                            "Worker Number": 2,
                                            "Actual Startup Time": 29.155,
                                            "Actual Total Time": 80.032,
                                            "Actual Rows": 109759,
                                            "Actual Loops": 1
                                        },
                                        {
                                            "Worker Number": 3,
                                            "Actual Startup Time": 29.069,
                                            "Actual Total Time": 80.464,
                                            "Actual Rows": 112545,
                                            "Actual Loops": 1
                                        },
                                        {
                                            "Worker Number": 4,
                                            "Actual Startup Time": 29.577,
                                            "Actual Total Time": 80.61,
                                            "Actual Rows": 109640,
                                            "Actual Loops": 1
                                        },
                                        {
                                            "Worker Number": 5,
                                            "Actual Startup Time": 29.781,
                                            "Actual Total Time": 80.845,
                                            "Actual Rows": 110184,
                                            "Actual Loops": 1
                                        }
                                    ],
                                    "Plans": [
                                        {
                                            "Node Type": "Bitmap Index Scan",
                                            "Parent Relationship": "Outer",
                                            "Parallel Aware": false,
                                            "Index Name": "person_id_cast_info",
                                            "Startup Cost": 0.0,
                                            "Total Cost": 20786.81,
                                            "Plan Rows": 952299,
                                            "Plan Width": 0,
                                            "Actual Startup Time": 38.798,
                                            "Actual Total Time": 38.799,
                                            "Actual Rows": 987011,
                                            "Actual Loops": 1,
                                            "Index Cond": "(ci.person_id < 100852)"
                                        }
                                    ]
                                }
                            ]
                        }
                    ]
                }
            ]
        },
        "Planning Time": 187.515,
        "Triggers": [],
        "Execution Time": 105.917
    }
]