[
  {
    "Plan": {
      "Node Type": "Aggregate",
      "Strategy": "Plain",
      "Partial Mode": "Finalize",
      "Parallel Aware": false,
      "Startup Cost": 32389.2,
      "Total Cost": 32389.21,
      "Plan Rows": 1,
      "Plan Width": 8,
      "Actual Startup Time": 118.474,
      "Actual Total Time": 126.495,
      "Actual Rows": 1,
      "Actual Loops": 1,
      "Plans": [
        {
          "Node Type": "Gather",
          "Parent Relationship": "Outer",
          "Parallel Aware": false,
          "Startup Cost": 32388.88,
          "Total Cost": 32389.19,
          "Plan Rows": 3,
          "Plan Width": 8,
          "Actual Startup Time": 118.359,
          "Actual Total Time": 126.485,
          "Actual Rows": 4,
          "Actual Loops": 1,
          "Workers Planned": 3,
          "Workers Launched": 3,
          "Single Copy": false,
          "Plans": [
            {
              "Node Type": "Aggregate",
              "Strategy": "Plain",
              "Partial Mode": "Partial",
              "Parent Relationship": "Outer",
              "Parallel Aware": false,
              "Startup Cost": 31388.88,
              "Total Cost": 31388.89,
              "Plan Rows": 1,
              "Plan Width": 8,
              "Actual Startup Time": 112.253,
              "Actual Total Time": 112.254,
              "Actual Rows": 1,
              "Actual Loops": 4,
              "Plans": [
                {
                  "Node Type": "Seq Scan",
                  "Parent Relationship": "Outer",
                  "Parallel Aware": true,
                  "Relation Name": "movie_companies",
                  "Alias": "mc",
                  "Startup Cost": 0.0,
                  "Total Cost": 29310.68,
                  "Plan Rows": 831280,
                  "Plan Width": 0,
                  "Actual Startup Time": 0.04,
                  "Actual Total Time": 82.269,
                  "Actual Rows": 644842,
                  "Actual Loops": 4,
                  "Filter": "(company_id < 207901)",
                  "Rows Removed by Filter": 7440
                }
              ]
            }
          ]
        }
      ]
    },
    "Planning Time": 0.253,
    "Triggers": [],
    "Execution Time": 126.554
  }
]