{
  "Plan": {
    "Node Type": "Aggregate",
    "Strategy": "Plain",
    "Partial Mode": "Finalize",
    "Parallel Aware": false,
    "Startup Cost": 50998.33,
    "Total Cost": 50998.34,
    "Plan Rows": 1,
    "Plan Width": 8,
    "Actual Startup Time": 46.869,
    "Actual Total Time": 52.578,
    "Actual Rows": 1,
    "Actual Loops": 1,
    "Plans": [
      {
        "Node Type": "Gather",
        "Parent Relationship": "Outer",
        "Parallel Aware": false,
        "Startup Cost": 50998.22,
        "Total Cost": 50998.33,
        "Plan Rows": 1,
        "Plan Width": 8,
        "Actual Startup Time": 46.736,
        "Actual Total Time": 52.572,
        "Actual Rows": 2,
        "Actual Loops": 1,
        "Workers Planned": 1,
        "Workers Launched": 1,
        "Single Copy": false,
        "Plans": [
          {
            "Node Type": "Aggregate",
            "Strategy": "Plain",
            "Partial Mode": "Partial",
            "Parent Relationship": "Outer",
            "Parallel Aware": false,
            "Startup Cost": 49998.22,
            "Total Cost": 49998.23,
            "Plan Rows": 1,
            "Plan Width": 8,
            "Actual Startup Time": 40.554,
            "Actual Total Time": 40.556,
            "Actual Rows": 1,
            "Actual Loops": 2,
            "Plans": [
              {
                "Node Type": "Nested Loop",
                "Parent Relationship": "Outer",
                "Parallel Aware": false,
                "Join Type": "Inner",
                "Startup Cost": 171.23,
                "Total Cost": 49994.04,
                "Plan Rows": 1672,
                "Plan Width": 0,
                "Actual Startup Time": 21.009,
                "Actual Total Time": 40.545,
                "Actual Rows": 22,
                "Actual Loops": 2,
                "Inner Unique": false,
                "Plans": [
                  {
                    "Node Type": "Nested Loop",
                    "Parent Relationship": "Outer",
                    "Parallel Aware": false,
                    "Join Type": "Inner",
                    "Startup Cost": 170.8,
                    "Total Cost": 48864.16,
                    "Plan Rows": 1620,
                    "Plan Width": 8,
                    "Actual Startup Time": 20.99,
                    "Actual Total Time": 40.405,
                    "Actual Rows": 8,
                    "Actual Loops": 2,
                    "Inner Unique": true,
                    "Plans": [
                      {
                        "Node Type": "Bitmap Heap Scan",
                        "Parent Relationship": "Outer",
                        "Parallel Aware": true,
                        "Relation Name": "movie_keyword",
                        "Alias": "mk",
                        "Startup Cost": 170.37,
                        "Total Cost": 16785.14,
                        "Plan Rows": 4701,
                        "Plan Width": 4,
                        "Actual Startup Time": 3.53,
                        "Actual Total Time": 12.676,
                        "Actual Rows": 3820,
                        "Actual Loops": 2,
                        "Recheck Cond": "(keyword_id = 3660)",
                        "Rows Removed by Index Recheck": 0,
                        "Exact Heap Blocks": 3722,
                        "Lossy Heap Blocks": 0,
                        "Plans": [
                          {
                            "Node Type": "Bitmap Index Scan",
                            "Parent Relationship": "Outer",
                            "Parallel Aware": false,
                            "Index Name": "keyword_id_movie_keyword",
                            "Startup Cost": 0.0,
                            "Total Cost": 168.37,
                            "Plan Rows": 7992,
                            "Plan Width": 0,
                            "Actual Startup Time": 4.605,
                            "Actual Total Time": 4.605,
                            "Actual Rows": 7640,
                            "Actual Loops": 1,
                            "Index Cond": "(keyword_id = 3660)"
                          }
                        ]
                      },
                      {
                        "Node Type": "Index Scan",
                        "Parent Relationship": "Inner",
                        "Parallel Aware": false,
                        "Scan Direction": "Forward",
                        "Index Name": "title_pkey",
                        "Relation Name": "title",
                        "Alias": "t",
                        "Startup Cost": 0.43,
                        "Total Cost": 6.82,
                        "Plan Rows": 1,
                        "Plan Width": 4,
                        "Actual Startup Time": 0.007,
                        "Actual Total Time": 0.007,
                        "Actual Rows": 0,
                        "Actual Loops": 7640,
                        "Index Cond": "(id = mk.movie_id)",
                        "Rows Removed by Index Recheck": 0,
                        "Filter": "((production_year < 2006) AND (kind_id = 7))",
                        "Rows Removed by Filter": 1
                      }
                    ]
                  },
                  {
                    "Node Type": "Index Only Scan",
                    "Parent Relationship": "Inner",
                    "Parallel Aware": false,
                    "Scan Direction": "Forward",
                    "Index Name": "movie_id_movie_companies",
                    "Relation Name": "movie_companies",
                    "Alias": "mc",
                    "Startup Cost": 0.43,
                    "Total Cost": 0.65,
                    "Plan Rows": 5,
                    "Plan Width": 4,
                    "Actual Startup Time": 0.014,
                    "Actual Total Time": 0.017,
                    "Actual Rows": 3,
                    "Actual Loops": 15,
                    "Index Cond": "(movie_id = t.id)",
                    "Rows Removed by Index Recheck": 0,
                    "Heap Fetches": 45
                  }
                ]
              }
            ]
          }
        ]
      }
    ]
  },
  "Planning Time": 1.049,
  "Triggers": [],
  "Execution Time": 52.671
}