[
  {
    "Plan": {
      "Node Type": "Aggregate",
      "Strategy": "Plain",
      "Partial Mode": "Finalize",
      "Parallel Aware": false,
      "Startup Cost": 45529.21,
      "Total Cost": 45529.22,
      "Plan Rows": 1,
      "Plan Width": 8,
      "Actual Startup Time": 177.534,
      "Actual Total Time": 189.395,
      "Actual Rows": 1,
      "Actual Loops": 1,
      "Plans": [
        {
          "Node Type": "Gather",
          "Parent Relationship": "Outer",
          "Parallel Aware": false,
          "Startup Cost": 45528.89,
          "Total Cost": 45529.2,
          "Plan Rows": 3,
          "Plan Width": 8,
          "Actual Startup Time": 177.376,
          "Actual Total Time": 189.386,
          "Actual Rows": 4,
          "Actual Loops": 1,
          "Workers Planned": 3,
          "Workers Launched": 3,
          "Single Copy": false,
          "Plans": [
            {
              "Node Type": "Aggregate",
              "Strategy": "Plain",
              "Partial Mode": "Partial",
              "Parent Relationship": "Outer",
              "Parallel Aware": false,
              "Startup Cost": 44528.89,
              "Total Cost": 44528.9,
              "Plan Rows": 1,
              "Plan Width": 8,
              "Actual Startup Time": 171.366,
              "Actual Total Time": 171.367,
              "Actual Rows": 1,
              "Actual Loops": 4,
              "Plans": [
                {
                  "Node Type": "Seq Scan",
                  "Parent Relationship": "Outer",
                  "Parallel Aware": true,
                  "Relation Name": "movie_keyword",
                  "Alias": "mk",
                  "Startup Cost": 0.0,
                  "Total Cost": 42695.65,
                  "Plan Rows": 733295,
                  "Plan Width": 0,
                  "Actual Startup Time": 0.044,
                  "Actual Total Time": 137.757,
                  "Actual Rows": 571782,
                  "Actual Loops": 4,
                  "Filter": "(keyword_id < 4854)",
                  "Rows Removed by Filter": 559200
                }
              ]
            }
          ]
        }
      ]
    },
    "Planning Time": 0.148,
    "Triggers": [],
    "Execution Time": 189.444
  }
]