[
  {
    "Plan": {
      "Node Type": "Aggregate",
      "Strategy": "Plain",
      "Partial Mode": "Finalize",
      "Parallel Aware": false,
      "Startup Cost": 45538.48,
      "Total Cost": 45538.49,
      "Plan Rows": 1,
      "Plan Width": 8,
      "Actual Startup Time": 146.536,
      "Actual Total Time": 156.302,
      "Actual Rows": 1,
      "Actual Loops": 1,
      "Plans": [
        {
          "Node Type": "Gather",
          "Parent Relationship": "Outer",
          "Parallel Aware": false,
          "Startup Cost": 45538.17,
          "Total Cost": 45538.48,
          "Plan Rows": 3,
          "Plan Width": 8,
          "Actual Startup Time": 146.419,
          "Actual Total Time": 156.292,
          "Actual Rows": 4,
          "Actual Loops": 1,
          "Workers Planned": 3,
          "Workers Launched": 3,
          "Single Copy": false,
          "Plans": [
            {
              "Node Type": "Aggregate",
              "Strategy": "Plain",
              "Partial Mode": "Partial",
              "Parent Relationship": "Outer",
              "Parallel Aware": false,
              "Startup Cost": 44538.17,
              "Total Cost": 44538.18,
              "Plan Rows": 1,
              "Plan Width": 8,
              "Actual Startup Time": 139.94,
              "Actual Total Time": 139.941,
              "Actual Rows": 1,
              "Actual Loops": 4,
              "Plans": [
                {
                  "Node Type": "Seq Scan",
                  "Parent Relationship": "Outer",
                  "Parallel Aware": true,
                  "Relation Name": "movie_keyword",
                  "Alias": "mk",
                  "Startup Cost": 0.0,
                  "Total Cost": 42695.65,
                  "Plan Rows": 737005,
                  "Plan Width": 0,
                  "Actual Startup Time": 0.051,
                  "Actual Total Time": 113.535,
                  "Actual Rows": 571782,
                  "Actual Loops": 4,
                  "Filter": "(keyword_id < 4854)",
                  "Rows Removed by Filter": 559200
                }
              ]
            }
          ]
        }
      ]
    },
    "Planning Time": 0.164,
    "Triggers": [],
    "Execution Time": 156.354
  }
]