[
    {
        "Bao": {
            "Bao prediction": "NaN",
            "Bao recommended hint": "(no hint)"
        }
    },
    {
        "Plan": {
            "Node Type": "Aggregate",
            "Strategy": "Plain",
            "Partial Mode": "Finalize",
            "Parallel Aware": false,
            "Startup Cost": 32905.68,
            "Total Cost": 32905.69,
            "Plan Rows": 1,
            "Plan Width": 8,
            "Actual Startup Time": 101.325,
            "Actual Total Time": 107.631,
            "Actual Rows": 1,
            "Actual Loops": 1,
            "Output": [
                "count(*)"
            ],
            "Plans": [
                {
                    "Node Type": "Gather",
                    "Parent Relationship": "Outer",
                    "Parallel Aware": false,
                    "Startup Cost": 32905.36,
                    "Total Cost": 32905.67,
                    "Plan Rows": 3,
                    "Plan Width": 8,
                    "Actual Startup Time": 101.263,
                    "Actual Total Time": 107.624,
                    "Actual Rows": 4,
                    "Actual Loops": 1,
                    "Output": [
                        "(PARTIAL count(*))"
                    ],
                    "Workers Planned": 3,
                    "Workers Launched": 3,
                    "Single Copy": false,
                    "Plans": [
                        {
                            "Node Type": "Aggregate",
                            "Strategy": "Plain",
                            "Partial Mode": "Partial",
                            "Parent Relationship": "Outer",
                            "Parallel Aware": false,
                            "Startup Cost": 31905.36,
                            "Total Cost": 31905.37,
                            "Plan Rows": 1,
                            "Plan Width": 8,
                            "Actual Startup Time": 92.586,
                            "Actual Total Time": 92.587,
                            "Actual Rows": 1,
                            "Actual Loops": 4,
                            "Output": [
                                "PARTIAL count(*)"
                            ],
                            "Workers": [
                                {
                                    "Worker Number": 0,
                                    "Actual Startup Time": 89.426,
                                    "Actual Total Time": 89.426,
                                    "Actual Rows": 1,
                                    "Actual Loops": 1
                                },
                                {
                                    "Worker Number": 1,
                                    "Actual Startup Time": 90.14,
                                    "Actual Total Time": 90.141,
                                    "Actual Rows": 1,
                                    "Actual Loops": 1
                                },
                                {
                                    "Worker Number": 2,
                                    "Actual Startup Time": 90.554,
                                    "Actual Total Time": 90.555,
                                    "Actual Rows": 1,
                                    "Actual Loops": 1
                                }
                            ],
                            "Plans": [
                                {
                                    "Node Type": "Seq Scan",
                                    "Parent Relationship": "Outer",
                                    "Parallel Aware": true,
                                    "Relation Name": "movie_companies",
                                    "Schema": "public",
                                    "Alias": "mc",
                                    "Startup Cost": 0.0,
                                    "Total Cost": 31414.82,
                                    "Plan Rows": 196218,
                                    "Plan Width": 0,
                                    "Actual Startup Time": 49.933,
                                    "Actual Total Time": 83.59,
                                    "Actual Rows": 220592,
                                    "Actual Loops": 4,
                                    "Output": [
                                        "id",
                                        "movie_id",
                                        "company_id",
                                        "company_type_id",
                                        "note"
                                    ],
                                    "Filter": "((mc.company_id > 12328) AND (mc.company_type_id > 1))",
                                    "Rows Removed by Filter": 431690,
                                    "Workers": [
                                        {
                                            "Worker Number": 0,
                                            "Actual Startup Time": 46.778,
                                            "Actual Total Time": 80.738,
                                            "Actual Rows": 213938,
                                            "Actual Loops": 1
                                        },
                                        {
                                            "Worker Number": 1,
                                            "Actual Startup Time": 47.496,
                                            "Actual Total Time": 81.125,
                                            "Actual Rows": 221916,
                                            "Actual Loops": 1
                                        },
                                        {
                                            "Worker Number": 2,
                                            "Actual Startup Time": 47.89,
                                            "Actual Total Time": 81.545,
                                            "Actual Rows": 222120,
                                            "Actual Loops": 1
                                        }
                                    ]
                                }
                            ]
                        }
                    ]
                }
            ]
        },
        "Planning Time": 253.792,
        "Triggers": [],
        "Execution Time": 108.099
    }
]