{
  "Plan": {
    "Node Type": "Aggregate",
    "Strategy": "Plain",
    "Partial Mode": "Finalize",
    "Parallel Aware": false,
    "Startup Cost": 352160.52,
    "Total Cost": 352160.53,
    "Plan Rows": 1,
    "Plan Width": 8,
    "Actual Startup Time": 1749.452,
    "Actual Total Time": 1817.231,
    "Actual Rows": 1,
    "Actual Loops": 1,
    "Plans": [
      {
        "Node Type": "Gather",
        "Parent Relationship": "Outer",
        "Parallel Aware": false,
        "Startup Cost": 352160.4,
        "Total Cost": 352160.51,
        "Plan Rows": 1,
        "Plan Width": 8,
        "Actual Startup Time": 1748.869,
        "Actual Total Time": 1817.223,
        "Actual Rows": 2,
        "Actual Loops": 1,
        "Workers Planned": 1,
        "Workers Launched": 1,
        "Single Copy": false,
        "Plans": [
          {
            "Node Type": "Aggregate",
            "Strategy": "Plain",
            "Partial Mode": "Partial",
            "Parent Relationship": "Outer",
            "Parallel Aware": false,
            "Startup Cost": 351160.4,
            "Total Cost": 351160.41,
            "Plan Rows": 1,
            "Plan Width": 8,
            "Actual Startup Time": 1742.77,
            "Actual Total Time": 1742.774,
            "Actual Rows": 1,
            "Actual Loops": 2,
            "Plans": [
              {
                "Node Type": "Nested Loop",
                "Parent Relationship": "Outer",
                "Parallel Aware": false,
                "Join Type": "Inner",
                "Startup Cost": 27149.45,
                "Total Cost": 349185.04,
                "Plan Rows": 790145,
                "Plan Width": 0,
                "Actual Startup Time": 97.937,
                "Actual Total Time": 1653.968,
                "Actual Rows": 2146666,
                "Actual Loops": 2,
                "Inner Unique": false,
                "Plans": [
                  {
                    "Node Type": "Hash Join",
                    "Parent Relationship": "Outer",
                    "Parallel Aware": true,
                    "Join Type": "Inner",
                    "Startup Cost": 27149.02,
                    "Total Cost": 88109.4,
                    "Plan Rows": 135130,
                    "Plan Width": 8,
                    "Actual Startup Time": 97.871,
                    "Actual Total Time": 486.05,
                    "Actual Rows": 114802,
                    "Actual Loops": 2,
                    "Inner Unique": false,
                    "Hash Cond": "(t.id = mc.movie_id)",
                    "Plans": [
                      {
                        "Node Type": "Seq Scan",
                        "Parent Relationship": "Outer",
                        "Parallel Aware": true,
                        "Relation Name": "title",
                        "Alias": "t",
                        "Startup Cost": 0.0,
                        "Total Cost": 50870.31,
                        "Plan Rows": 1487231,
                        "Plan Width": 4,
                        "Actual Startup Time": 0.01,
                        "Actual Total Time": 114.564,
                        "Actual Rows": 1264156,
                        "Actual Loops": 2
                      },
                      {
                        "Node Type": "Hash",
                        "Parent Relationship": "Inner",
                        "Parallel Aware": true,
                        "Startup Cost": 25459.89,
                        "Total Cost": 25459.89,
                        "Plan Rows": 135130,
                        "Plan Width": 4,
                        "Actual Startup Time": 94.549,
                        "Actual Total Time": 94.55,
                        "Actual Rows": 114802,
                        "Actual Loops": 2,
                        "Hash Buckets": 262144,
                        "Original Hash Buckets": 262144,
                        "Hash Batches": 1,
                        "Original Hash Batches": 1,
                        "Peak Memory Usage": 11072,
                        "Plans": [
                          {
                            "Node Type": "Bitmap Heap Scan",
                            "Parent Relationship": "Outer",
                            "Parallel Aware": true,
                            "Relation Name": "movie_companies",
                            "Alias": "mc",
                            "Startup Cost": 4980.77,
                            "Total Cost": 25459.89,
                            "Plan Rows": 135130,
                            "Plan Width": 4,
                            "Actual Startup Time": 25.127,
                            "Actual Total Time": 69.919,
                            "Actual Rows": 114802,
                            "Actual Loops": 2,
                            "Recheck Cond": "(company_id < 92)",
                            "Rows Removed by Index Recheck": 0,
                            "Exact Heap Blocks": 12122,
                            "Lossy Heap Blocks": 0,
                            "Plans": [
                              {
                                "Node Type": "Bitmap Index Scan",
                                "Parent Relationship": "Outer",
                                "Parallel Aware": false,
                                "Index Name": "company_id_movie_companies",
                                "Startup Cost": 0.0,
                                "Total Cost": 4923.34,
                                "Plan Rows": 229721,
                                "Plan Width": 0,
                                "Actual Startup Time": 23.595,
                                "Actual Total Time": 23.595,
                                "Actual Rows": 229604,
                                "Actual Loops": 1,
                                "Index Cond": "(company_id < 92)"
                              }
                            ]
                          }
                        ]
                      }
                    ]
                  },
                  {
                    "Node Type": "Index Only Scan",
                    "Parent Relationship": "Inner",
                    "Parallel Aware": false,
                    "Scan Direction": "Forward",
                    "Index Name": "movie_id_movie_info",
                    "Relation Name": "movie_info",
                    "Alias": "mi",
                    "Startup Cost": 0.43,
                    "Total Cost": 1.51,
                    "Plan Rows": 42,
                    "Plan Width": 4,
                    "Actual Startup Time": 0.003,
                    "Actual Total Time": 0.009,
                    "Actual Rows": 19,
                    "Actual Loops": 229604,
                    "Index Cond": "(movie_id = t.id)",
                    "Rows Removed by Index Recheck": 0,
                    "Heap Fetches": 4293333
                  }
                ]
              }
            ]
          }
        ]
      }
    ]
  },
  "Planning Time": 0.853,
  "Triggers": [],
  "Execution Time": 1817.357
}