[
    {
        "Bao": {
            "Bao prediction": 952.986,
            "Bao recommended hint": "SET enable_nestloop TO off; "
        }
    },
    {
        "Plan": {
            "Node Type": "Aggregate",
            "Strategy": "Plain",
            "Partial Mode": "Finalize",
            "Parallel Aware": false,
            "Startup Cost": 424320.68,
            "Total Cost": 424320.69,
            "Plan Rows": 1,
            "Plan Width": 8,
            "Actual Startup Time": 1484.574,
            "Actual Total Time": 1522.197,
            "Actual Rows": 1,
            "Actual Loops": 1,
            "Output": [
                "count(*)"
            ],
            "Plans": [
                {
                    "Node Type": "Gather",
                    "Parent Relationship": "Outer",
                    "Parallel Aware": false,
                    "Startup Cost": 424320.06,
                    "Total Cost": 424320.67,
                    "Plan Rows": 6,
                    "Plan Width": 8,
                    "Actual Startup Time": 1482.335,
                    "Actual Total Time": 1522.187,
                    "Actual Rows": 7,
                    "Actual Loops": 1,
                    "Output": [
                        "(PARTIAL count(*))"
                    ],
                    "Workers Planned": 6,
                    "Workers Launched": 6,
                    "Single Copy": false,
                    "Plans": [
                        {
                            "Node Type": "Aggregate",
                            "Strategy": "Plain",
                            "Partial Mode": "Partial",
                            "Parent Relationship": "Outer",
                            "Parallel Aware": false,
                            "Startup Cost": 423320.06,
                            "Total Cost": 423320.07,
                            "Plan Rows": 1,
                            "Plan Width": 8,
                            "Actual Startup Time": 1470.363,
                            "Actual Total Time": 1470.369,
                            "Actual Rows": 1,
                            "Actual Loops": 7,
                            "Output": [
                                "PARTIAL count(*)"
                            ],
                            "Workers": [
                                {
                                    "Worker Number": 0,
                                    "Actual Startup Time": 1468.069,
                                    "Actual Total Time": 1468.075,
                                    "Actual Rows": 1,
                                    "Actual Loops": 1
                                },
                                {
                                    "Worker Number": 1,
                                    "Actual Startup Time": 1468.152,
                                    "Actual Total Time": 1468.158,
                                    "Actual Rows": 1,
                                    "Actual Loops": 1
                                },
                                {
                                    "Worker Number": 2,
                                    "Actual Startup Time": 1468.934,
                                    "Actual Total Time": 1468.939,
                                    "Actual Rows": 1,
                                    "Actual Loops": 1
                                },
                                {
                                    "Worker Number": 3,
                                    "Actual Startup Time": 1468.4,
                                    "Actual Total Time": 1468.405,
                                    "Actual Rows": 1,
                                    "Actual Loops": 1
                                },
                                {
                                    "Worker Number": 4,
                                    "Actual Startup Time": 1469.059,
                                    "Actual Total Time": 1469.065,
                                    "Actual Rows": 1,
                                    "Actual Loops": 1
                                },
                                {
                                    "Worker Number": 5,
                                    "Actual Startup Time": 1468.928,
                                    "Actual Total Time": 1468.933,
                                    "Actual Rows": 1,
                                    "Actual Loops": 1
                                }
                            ],
                            "Plans": [
                                {
                                    "Node Type": "Hash Join",
                                    "Parent Relationship": "Outer",
                                    "Parallel Aware": true,
                                    "Join Type": "Inner",
                                    "Startup Cost": 67401.74,
                                    "Total Cost": 423241.94,
                                    "Plan Rows": 31246,
                                    "Plan Width": 0,
                                    "Actual Startup Time": 442.95,
                                    "Actual Total Time": 1456.152,
                                    "Actual Rows": 215432,
                                    "Actual Loops": 7,
                                    "Inner Unique": false,
                                    "Hash Cond": "(ci.movie_id = t.id)",
                                    "Workers": [
                                        {
                                            "Worker Number": 0,
                                            "Actual Startup Time": 440.634,
                                            "Actual Total Time": 1454.078,
                                            "Actual Rows": 191355,
                                            "Actual Loops": 1
                                        },
                                        {
                                            "Worker Number": 1,
                                            "Actual Startup Time": 440.705,
                                            "Actual Total Time": 1454.277,
                                            "Actual Rows": 189405,
                                            "Actual Loops": 1
                                        },
                                        {
                                            "Worker Number": 2,
                                            "Actual Startup Time": 441.731,
                                            "Actual Total Time": 1454.988,
                                            "Actual Rows": 191466,
                                            "Actual Loops": 1
                                        },
                                        {
                                            "Worker Number": 3,
                                            "Actual Startup Time": 440.806,
                                            "Actual Total Time": 1454.31,
                                            "Actual Rows": 191661,
                                            "Actual Loops": 1
                                        },
                                        {
                                            "Worker Number": 4,
                                            "Actual Startup Time": 441.68,
                                            "Actual Total Time": 1455.153,
                                            "Actual Rows": 189773,
                                            "Actual Loops": 1
                                        },
                                        {
                                            "Worker Number": 5,
                                            "Actual Startup Time": 441.418,
                                            "Actual Total Time": 1454.94,
                                            "Actual Rows": 191377,
                                            "Actual Loops": 1
                                        }
                                    ],
                                    "Plans": [
                                        {
                                            "Node Type": "Seq Scan",
                                            "Parent Relationship": "Outer",
                                            "Parallel Aware": true,
                                            "Relation Name": "cast_info",
                                            "Schema": "public",
                                            "Alias": "ci",
                                            "Startup Cost": 0.0,
                                            "Total Cost": 343318.94,
                                            "Plan Rows": 3318174,
                                            "Plan Width": 4,
                                            "Actual Startup Time": 257.244,
                                            "Actual Total Time": 824.179,
                                            "Actual Rows": 2583673,
                                            "Actual Loops": 7,
                                            "Output": [
                                                "ci.id",
                                                "ci.person_id",
                                                "ci.movie_id",
                                                "ci.person_role_id",
                                                "ci.note",
                                                "ci.nr_order",
                                                "ci.role_id"
                                            ],
                                            "Filter": "((ci.person_id < 3105947) AND (ci.role_id > 1))",
                                            "Rows Removed by Filter": 2594090,
                                            "Workers": [
                                                {
                                                    "Worker Number": 0,
                                                    "Actual Startup Time": 257.153,
                                                    "Actual Total Time": 829.287,
                                                    "Actual Rows": 2305935,
                                                    "Actual Loops": 1
                                                },
                                                {
                                                    "Worker Number": 1,
                                                    "Actual Startup Time": 257.13,
                                                    "Actual Total Time": 826.986,
                                                    "Actual Rows": 2283736,
                                                    "Actual Loops": 1
                                                },
                                                {
                                                    "Worker Number": 2,
                                                    "Actual Startup Time": 257.293,
                                                    "Actual Total Time": 830.119,
                                                    "Actual Rows": 2294176,
                                                    "Actual Loops": 1
                                                },
                                                {
                                                    "Worker Number": 3,
                                                    "Actual Startup Time": 257.294,
                                                    "Actual Total Time": 824.349,
                                                    "Actual Rows": 2304807,
                                                    "Actual Loops": 1
                                                },
                                                {
                                                    "Worker Number": 4,
                                                    "Actual Startup Time": 257.302,
                                                    "Actual Total Time": 826.817,
                                                    "Actual Rows": 2283443,
                                                    "Actual Loops": 1
                                                },
                                                {
                                                    "Worker Number": 5,
                                                    "Actual Startup Time": 257.236,
                                                    "Actual Total Time": 822.43,
                                                    "Actual Rows": 2293776,
                                                    "Actual Loops": 1
                                                }
                                            ]
                                        },
                                        {
                                            "Node Type": "Hash",
                                            "Parent Relationship": "Inner",
                                            "Parallel Aware": true,
                                            "Startup Cost": 67327.34,
                                            "Total Cost": 67327.34,
                                            "Plan Rows": 5952,
                                            "Plan Width": 8,
                                            "Actual Startup Time": 184.988,
                                            "Actual Total Time": 184.992,
                                            "Actual Rows": 17330,
                                            "Actual Loops": 7,
                                            "Output": [
                                                "t.id",
                                                "mc.movie_id"
                                            ],
                                            "Hash Buckets": 131072,
                                            "Original Hash Buckets": 32768,
                                            "Hash Batches": 1,
                                            "Original Hash Batches": 1,
                                            "Peak Memory Usage": 6624,
                                            "Workers": [
                                                {
                                                    "Worker Number": 0,
                                                    "Actual Startup Time": 182.872,
                                                    "Actual Total Time": 182.876,
                                                    "Actual Rows": 15347,
                                                    "Actual Loops": 1
                                                },
                                                {
                                                    "Worker Number": 1,
                                                    "Actual Startup Time": 182.933,
                                                    "Actual Total Time": 182.938,
                                                    "Actual Rows": 15375,
                                                    "Actual Loops": 1
                                                },
                                                {
                                                    "Worker Number": 2,
                                                    "Actual Startup Time": 183.723,
                                                    "Actual Total Time": 183.726,
                                                    "Actual Rows": 15568,
                                                    "Actual Loops": 1
                                                },
                                                {
                                                    "Worker Number": 3,
                                                    "Actual Startup Time": 183.085,
                                                    "Actual Total Time": 183.089,
                                                    "Actual Rows": 16195,
                                                    "Actual Loops": 1
                                                },
                                                {
                                                    "Worker Number": 4,
                                                    "Actual Startup Time": 183.862,
                                                    "Actual Total Time": 183.866,
                                                    "Actual Rows": 15353,
                                                    "Actual Loops": 1
                                                },
                                                {
                                                    "Worker Number": 5,
                                                    "Actual Startup Time": 183.575,
                                                    "Actual Total Time": 183.579,
                                                    "Actual Rows": 15532,
                                                    "Actual Loops": 1
                                                }
                                            ],
                                            "Plans": [
                                                {
                                                    "Node Type": "Hash Join",
                                                    "Parent Relationship": "Outer",
                                                    "Parallel Aware": true,
                                                    "Join Type": "Inner",
                                                    "Startup Cost": 22164.78,
                                                    "Total Cost": 67327.34,
                                                    "Plan Rows": 5952,
                                                    "Plan Width": 8,
                                                    "Actual Startup Time": 119.673,
                                                    "Actual Total Time": 170.275,
                                                    "Actual Rows": 17330,
                                                    "Actual Loops": 7,
                                                    "Output": [
                                                        "t.id",
                                                        "mc.movie_id"
                                                    ],
                                                    "Inner Unique": false,
                                                    "Hash Cond": "(t.id = mc.movie_id)",
                                                    "Workers": [
                                                        {
                                                            "Worker Number": 0,
                                                            "Actual Startup Time": 113.617,
                                                            "Actual Total Time": 167.944,
                                                            "Actual Rows": 15347,
                                                            "Actual Loops": 1
                                                        },
                                                        {
                                                            "Worker Number": 1,
                                                            "Actual Startup Time": 114.461,
                                                            "Actual Total Time": 168.55,
                                                            "Actual Rows": 15375,
                                                            "Actual Loops": 1
                                                        },
                                                        {
                                                            "Worker Number": 2,
                                                            "Actual Startup Time": 123.527,
                                                            "Actual Total Time": 168.878,
                                                            "Actual Rows": 15568,
                                                            "Actual Loops": 1
                                                        },
                                                        {
                                                            "Worker Number": 3,
                                                            "Actual Startup Time": 122.864,
                                                            "Actual Total Time": 169.873,
                                                            "Actual Rows": 16195,
                                                            "Actual Loops": 1
                                                        },
                                                        {
                                                            "Worker Number": 4,
                                                            "Actual Startup Time": 112.237,
                                                            "Actual Total Time": 169.146,
                                                            "Actual Rows": 15353,
                                                            "Actual Loops": 1
                                                        },
                                                        {
                                                            "Worker Number": 5,
                                                            "Actual Startup Time": 123.476,
                                                            "Actual Total Time": 168.661,
                                                            "Actual Rows": 15532,
                                                            "Actual Loops": 1
                                                        }
                                                    ],
                                                    "Plans": [
                                                        {
                                                            "Node Type": "Seq Scan",
                                                            "Parent Relationship": "Outer",
                                                            "Parallel Aware": true,
                                                            "Relation Name": "title",
                                                            "Schema": "public",
                                                            "Alias": "t",
                                                            "Startup Cost": 0.0,
                                                            "Total Cost": 43899.01,
                                                            "Plan Rows": 248871,
                                                            "Plan Width": 4,
                                                            "Actual Startup Time": 0.037,
                                                            "Actual Total Time": 83.729,
                                                            "Actual Rows": 140721,
                                                            "Actual Loops": 7,
                                                            "Output": [
                                                                "t.id",
                                                                "t.title",
                                                                "t.imdb_index",
                                                                "t.kind_id",
                                                                "t.production_year",
                                                                "t.imdb_id",
                                                                "t.phonetic_code",
                                                                "t.episode_of_id",
                                                                "t.season_nr",
                                                                "t.episode_nr",
                                                                "t.series_years",
                                                                "t.md5sum"
                                                            ],
                                                            "Filter": "(t.kind_id < 7)",
                                                            "Rows Removed by Filter": 220466,
                                                            "Workers": [
                                                                {
                                                                    "Worker Number": 0,
                                                                    "Actual Startup Time": 0.029,
                                                                    "Actual Total Time": 85.312,
                                                                    "Actual Rows": 125124,
                                                                    "Actual Loops": 1
                                                                },
                                                                {
                                                                    "Worker Number": 1,
                                                                    "Actual Startup Time": 0.04,
                                                                    "Actual Total Time": 85.119,
                                                                    "Actual Rows": 124658,
                                                                    "Actual Loops": 1
                                                                },
                                                                {
                                                                    "Worker Number": 2,
                                                                    "Actual Startup Time": 0.043,
                                                                    "Actual Total Time": 84.727,
                                                                    "Actual Rows": 124828,
                                                                    "Actual Loops": 1
                                                                },
                                                                {
                                                                    "Worker Number": 3,
                                                                    "Actual Startup Time": 0.041,
                                                                    "Actual Total Time": 86.0,
                                                                    "Actual Rows": 128570,
                                                                    "Actual Loops": 1
                                                                },
                                                                {
                                                                    "Worker Number": 4,
                                                                    "Actual Startup Time": 0.038,
                                                                    "Actual Total Time": 85.196,
                                                                    "Actual Rows": 123700,
                                                                    "Actual Loops": 1
                                                                },
                                                                {
                                                                    "Worker Number": 5,
                                                                    "Actual Startup Time": 0.05,
                                                                    "Actual Total Time": 84.976,
                                                                    "Actual Rows": 122877,
                                                                    "Actual Loops": 1
                                                                }
                                                            ]
                                                        },
                                                        {
                                                            "Node Type": "Hash",
                                                            "Parent Relationship": "Inner",
                                                            "Parallel Aware": true,
                                                            "Startup Cost": 21920.95,
                                                            "Total Cost": 21920.95,
                                                            "Plan Rows": 19506,
                                                            "Plan Width": 4,
                                                            "Actual Startup Time": 51.478,
                                                            "Actual Total Time": 51.48,
                                                            "Actual Rows": 17330,
                                                            "Actual Loops": 7,
                                                            "Output": [
                                                                "mc.movie_id"
                                                            ],
                                                            "Hash Buckets": 131072,
                                                            "Original Hash Buckets": 65536,
                                                            "Hash Batches": 1,
                                                            "Original Hash Batches": 1,
                                                            "Peak Memory Usage": 6464,
                                                            "Workers": [
                                                                {
                                                                    "Worker Number": 0,
                                                                    "Actual Startup Time": 49.483,
                                                                    "Actual Total Time": 49.486,
                                                                    "Actual Rows": 16522,
                                                                    "Actual Loops": 1
                                                                },
                                                                {
                                                                    "Worker Number": 1,
                                                                    "Actual Startup Time": 49.53,
                                                                    "Actual Total Time": 49.532,
                                                                    "Actual Rows": 14213,
                                                                    "Actual Loops": 1
                                                                },
                                                                {
                                                                    "Worker Number": 2,
                                                                    "Actual Startup Time": 50.306,
                                                                    "Actual Total Time": 50.308,
                                                                    "Actual Rows": 14736,
                                                                    "Actual Loops": 1
                                                                },
                                                                {
                                                                    "Worker Number": 3,
                                                                    "Actual Startup Time": 49.68,
                                                                    "Actual Total Time": 49.682,
                                                                    "Actual Rows": 14741,
                                                                    "Actual Loops": 1
                                                                },
                                                                {
                                                                    "Worker Number": 4,
                                                                    "Actual Startup Time": 50.485,
                                                                    "Actual Total Time": 50.486,
                                                                    "Actual Rows": 15194,
                                                                    "Actual Loops": 1
                                                                },
                                                                {
                                                                    "Worker Number": 5,
                                                                    "Actual Startup Time": 50.143,
                                                                    "Actual Total Time": 50.145,
                                                                    "Actual Rows": 12356,
                                                                    "Actual Loops": 1
                                                                }
                                                            ],
                                                            "Plans": [
                                                                {
                                                                    "Node Type": "Bitmap Heap Scan",
                                                                    "Parent Relationship": "Outer",
                                                                    "Parallel Aware": true,
                                                                    "Relation Name": "movie_companies",
                                                                    "Schema": "public",
                                                                    "Alias": "mc",
                                                                    "Startup Cost": 2557.07,
                                                                    "Total Cost": 21920.95,
                                                                    "Plan Rows": 19506,
                                                                    "Plan Width": 4,
                                                                    "Actual Startup Time": 9.529,
                                                                    "Actual Total Time": 32.149,
                                                                    "Actual Rows": 17330,
                                                                    "Actual Loops": 7,
                                                                    "Output": [
                                                                        "mc.movie_id"
                                                                    ],
                                                                    "Recheck Cond": "(mc.company_id > 145628)",
                                                                    "Rows Removed by Index Recheck": 0,
                                                                    "Filter": "(mc.company_type_id > 1)",
                                                                    "Rows Removed by Filter": 0,
                                                                    "Exact Heap Blocks": 979,
                                                                    "Lossy Heap Blocks": 0,
                                                                    "Workers": [
                                                                        {
                                                                            "Worker Number": 0,
                                                                            "Actual Startup Time": 7.448,
                                                                            "Actual Total Time": 31.285,
                                                                            "Actual Rows": 16522,
                                                                            "Actual Loops": 1
                                                                        },
                                                                        {
                                                                            "Worker Number": 1,
                                                                            "Actual Startup Time": 8.11,
                                                                            "Actual Total Time": 30.368,
                                                                            "Actual Rows": 14213,
                                                                            "Actual Loops": 1
                                                                        },
                                                                        {
                                                                            "Worker Number": 2,
                                                                            "Actual Startup Time": 8.58,
                                                                            "Actual Total Time": 31.51,
                                                                            "Actual Rows": 14736,
                                                                            "Actual Loops": 1
                                                                        },
                                                                        {
                                                                            "Worker Number": 3,
                                                                            "Actual Startup Time": 7.745,
                                                                            "Actual Total Time": 31.393,
                                                                            "Actual Rows": 14741,
                                                                            "Actual Loops": 1
                                                                        },
                                                                        {
                                                                            "Worker Number": 4,
                                                                            "Actual Startup Time": 8.338,
                                                                            "Actual Total Time": 31.975,
                                                                            "Actual Rows": 15194,
                                                                            "Actual Loops": 1
                                                                        },
                                                                        {
                                                                            "Worker Number": 5,
                                                                            "Actual Startup Time": 8.125,
                                                                            "Actual Total Time": 31.43,
                                                                            "Actual Rows": 12356,
                                                                            "Actual Loops": 1
                                                                        }
                                                                    ],
                                                                    "Plans": [
                                                                        {
                                                                            "Node Type": "Bitmap Index Scan",
                                                                            "Parent Relationship": "Outer",
                                                                            "Parallel Aware": false,
                                                                            "Index Name": "company_id_movie_companies",
                                                                            "Startup Cost": 0.0,
                                                                            "Total Cost": 2541.95,
                                                                            "Plan Rows": 118603,
                                                                            "Plan Width": 0,
                                                                            "Actual Startup Time": 17.141,
                                                                            "Actual Total Time": 17.141,
                                                                            "Actual Rows": 121309,
                                                                            "Actual Loops": 1,
                                                                            "Index Cond": "(mc.company_id > 145628)"
                                                                        }
                                                                    ]
                                                                }
                                                            ]
                                                        }
                                                    ]
                                                }
                                            ]
                                        }
                                    ]
                                }
                            ]
                        }
                    ]
                }
            ]
        },
        "Planning Time": 1549.08,
        "Triggers": [],
        "Execution Time": 1522.413
    }
]