{
  "Plan": {
    "Node Type": "Aggregate",
    "Strategy": "Plain",
    "Partial Mode": "Finalize",
    "Parallel Aware": false,
    "Startup Cost": 230169.89,
    "Total Cost": 230169.9,
    "Plan Rows": 1,
    "Plan Width": 8,
    "Actual Startup Time": 546.679,
    "Actual Total Time": 565.887,
    "Actual Rows": 1,
    "Actual Loops": 1,
    "Plans": [
      {
        "Node Type": "Gather",
        "Parent Relationship": "Outer",
        "Parallel Aware": false,
        "Startup Cost": 230169.77,
        "Total Cost": 230169.88,
        "Plan Rows": 1,
        "Plan Width": 8,
        "Actual Startup Time": 544.937,
        "Actual Total Time": 565.88,
        "Actual Rows": 2,
        "Actual Loops": 1,
        "Workers Planned": 1,
        "Workers Launched": 1,
        "Single Copy": false,
        "Plans": [
          {
            "Node Type": "Aggregate",
            "Strategy": "Plain",
            "Partial Mode": "Partial",
            "Parent Relationship": "Outer",
            "Parallel Aware": false,
            "Startup Cost": 229169.77,
            "Total Cost": 229169.78,
            "Plan Rows": 1,
            "Plan Width": 8,
            "Actual Startup Time": 538.316,
            "Actual Total Time": 538.321,
            "Actual Rows": 1,
            "Actual Loops": 2,
            "Plans": [
              {
                "Node Type": "Nested Loop",
                "Parent Relationship": "Outer",
                "Parallel Aware": false,
                "Join Type": "Inner",
                "Startup Cost": 82424.47,
                "Total Cost": 228752.76,
                "Plan Rows": 166804,
                "Plan Width": 0,
                "Actual Startup Time": 314.457,
                "Actual Total Time": 535.284,
                "Actual Rows": 62862,
                "Actual Loops": 2,
                "Inner Unique": false,
                "Plans": [
                  {
                    "Node Type": "Hash Join",
                    "Parent Relationship": "Outer",
                    "Parallel Aware": true,
                    "Join Type": "Inner",
                    "Startup Cost": 82424.04,
                    "Total Cost": 114488.32,
                    "Plan Rows": 161636,
                    "Plan Width": 8,
                    "Actual Startup Time": 314.317,
                    "Actual Total Time": 459.12,
                    "Actual Rows": 36610,
                    "Actual Loops": 2,
                    "Inner Unique": true,
                    "Hash Cond": "(mk.movie_id = t.id)",
                    "Plans": [
                      {
                        "Node Type": "Bitmap Heap Scan",
                        "Parent Relationship": "Outer",
                        "Parallel Aware": true,
                        "Relation Name": "movie_keyword",
                        "Alias": "mk",
                        "Startup Cost": 18145.55,
                        "Total Cost": 48889.04,
                        "Plan Rows": 503159,
                        "Plan Width": 4,
                        "Actual Startup Time": 51.018,
                        "Actual Total Time": 131.476,
                        "Actual Rows": 424008,
                        "Actual Loops": 2,
                        "Recheck Cond": "(keyword_id > 21645)",
                        "Rows Removed by Index Recheck": 0,
                        "Exact Heap Blocks": 13330,
                        "Lossy Heap Blocks": 0,
                        "Plans": [
                          {
                            "Node Type": "Bitmap Index Scan",
                            "Parent Relationship": "Outer",
                            "Parallel Aware": false,
                            "Index Name": "keyword_id_movie_keyword",
                            "Startup Cost": 0.0,
                            "Total Cost": 17931.71,
                            "Plan Rows": 855370,
                            "Plan Width": 0,
                            "Actual Startup Time": 47.38,
                            "Actual Total Time": 47.38,
                            "Actual Rows": 848017,
                            "Actual Loops": 1,
                            "Index Cond": "(keyword_id > 21645)"
                          }
                        ]
                      },
                      {
                        "Node Type": "Hash",
                        "Parent Relationship": "Inner",
                        "Parallel Aware": true,
                        "Startup Cost": 58306.47,
                        "Total Cost": 58306.47,
                        "Plan Rows": 477762,
                        "Plan Width": 4,
                        "Actual Startup Time": 254.078,
                        "Actual Total Time": 254.079,
                        "Actual Rows": 369380,
                        "Actual Loops": 2,
                        "Hash Buckets": 1048576,
                        "Original Hash Buckets": 1048576,
                        "Hash Batches": 1,
                        "Original Hash Batches": 1,
                        "Peak Memory Usage": 37152,
                        "Plans": [
                          {
                            "Node Type": "Seq Scan",
                            "Parent Relationship": "Outer",
                            "Parallel Aware": true,
                            "Relation Name": "title",
                            "Alias": "t",
                            "Startup Cost": 0.0,
                            "Total Cost": 58306.47,
                            "Plan Rows": 477762,
                            "Plan Width": 4,
                            "Actual Startup Time": 0.035,
                            "Actual Total Time": 158.105,
                            "Actual Rows": 369380,
                            "Actual Loops": 2,
                            "Filter": "((production_year < 2005) AND (kind_id = 7))",
                            "Rows Removed by Filter": 894776
                          }
                        ]
                      }
                    ]
                  },
                  {
                    "Node Type": "Index Only Scan",
                    "Parent Relationship": "Inner",
                    "Parallel Aware": false,
                    "Scan Direction": "Forward",
                    "Index Name": "movie_id_movie_companies",
                    "Relation Name": "movie_companies",
                    "Alias": "mc",
                    "Startup Cost": 0.43,
                    "Total Cost": 0.66,
                    "Plan Rows": 5,
                    "Plan Width": 4,
                    "Actual Startup Time": 0.001,
                    "Actual Total Time": 0.002,
                    "Actual Rows": 2,
                    "Actual Loops": 73221,
                    "Index Cond": "(movie_id = t.id)",
                    "Rows Removed by Index Recheck": 0,
                    "Heap Fetches": 125725
                  }
                ]
              }
            ]
          }
        ]
      }
    ]
  },
  "Planning Time": 1.071,
  "Triggers": [],
  "Execution Time": 566.001
}