{
  "Plan": {
    "Node Type": "Aggregate",
    "Strategy": "Plain",
    "Partial Mode": "Finalize",
    "Parallel Aware": false,
    "Startup Cost": 645210.29,
    "Total Cost": 645210.3,
    "Plan Rows": 1,
    "Plan Width": 8,
    "Actual Startup Time": 3232.736,
    "Actual Total Time": 3269.024,
    "Actual Rows": 1,
    "Actual Loops": 1,
    "Plans": [
      {
        "Node Type": "Gather",
        "Parent Relationship": "Outer",
        "Parallel Aware": false,
        "Startup Cost": 645210.17,
        "Total Cost": 645210.28,
        "Plan Rows": 1,
        "Plan Width": 8,
        "Actual Startup Time": 3228.888,
        "Actual Total Time": 3269.012,
        "Actual Rows": 2,
        "Actual Loops": 1,
        "Workers Planned": 1,
        "Workers Launched": 1,
        "Single Copy": false,
        "Plans": [
          {
            "Node Type": "Aggregate",
            "Strategy": "Plain",
            "Partial Mode": "Partial",
            "Parent Relationship": "Outer",
            "Parallel Aware": false,
            "Startup Cost": 644210.17,
            "Total Cost": 644210.18,
            "Plan Rows": 1,
            "Plan Width": 8,
            "Actual Startup Time": 3223.318,
            "Actual Total Time": 3223.324,
            "Actual Rows": 1,
            "Actual Loops": 2,
            "Plans": [
              {
                "Node Type": "Hash Join",
                "Parent Relationship": "Outer",
                "Parallel Aware": true,
                "Join Type": "Inner",
                "Startup Cost": 87377.16,
                "Total Cost": 642957.38,
                "Plan Rows": 501116,
                "Plan Width": 0,
                "Actual Startup Time": 533.166,
                "Actual Total Time": 3191.332,
                "Actual Rows": 718124,
                "Actual Loops": 2,
                "Inner Unique": false,
                "Hash Cond": "(t.id = mi_idx.movie_id)",
                "Plans": [
                  {
                    "Node Type": "Hash Join",
                    "Parent Relationship": "Outer",
                    "Parallel Aware": true,
                    "Join Type": "Inner",
                    "Startup Cost": 65951.98,
                    "Total Cost": 604650.4,
                    "Plan Rows": 2786812,
                    "Plan Width": 8,
                    "Actual Startup Time": 397.753,
                    "Actual Total Time": 2526.368,
                    "Actual Rows": 1448016,
                    "Actual Loops": 2,
                    "Inner Unique": true,
                    "Hash Cond": "(ci.movie_id = t.id)",
                    "Plans": [
                      {
                        "Node Type": "Index Scan",
                        "Parent Relationship": "Outer",
                        "Parallel Aware": true,
                        "Scan Direction": "Forward",
                        "Index Name": "role_id_cast_info",
                        "Relation Name": "cast_info",
                        "Alias": "ci",
                        "Startup Cost": 0.56,
                        "Total Cost": 526730.69,
                        "Plan Rows": 4559344,
                        "Plan Width": 4,
                        "Actual Startup Time": 0.169,
                        "Actual Total Time": 1123.802,
                        "Actual Rows": 2403316,
                        "Actual Loops": 2,
                        "Index Cond": "(role_id > 2)",
                        "Rows Removed by Index Recheck": 0,
                        "Filter": "(person_id < 1699803)",
                        "Rows Removed by Filter": 5657526
                      },
                      {
                        "Node Type": "Hash",
                        "Parent Relationship": "Inner",
                        "Parallel Aware": true,
                        "Startup Cost": 54588.39,
                        "Total Cost": 54588.39,
                        "Plan Rows": 909042,
                        "Plan Width": 4,
                        "Actual Startup Time": 391.945,
                        "Actual Total Time": 391.946,
                        "Actual Rows": 775864,
                        "Actual Loops": 2,
                        "Hash Buckets": 2097152,
                        "Original Hash Buckets": 2097152,
                        "Hash Batches": 1,
                        "Original Hash Batches": 1,
                        "Peak Memory Usage": 77120,
                        "Plans": [
                          {
                            "Node Type": "Seq Scan",
                            "Parent Relationship": "Outer",
                            "Parallel Aware": true,
                            "Relation Name": "title",
                            "Alias": "t",
                            "Startup Cost": 0.0,
                            "Total Cost": 54588.39,
                            "Plan Rows": 909042,
                            "Plan Width": 4,
                            "Actual Startup Time": 0.017,
                            "Actual Total Time": 163.407,
                            "Actual Rows": 775864,
                            "Actual Loops": 2,
                            "Filter": "(production_year < 2007)",
                            "Rows Removed by Filter": 488292
                          }
                        ]
                      }
                    ]
                  },
                  {
                    "Node Type": "Hash",
                    "Parent Relationship": "Inner",
                    "Parallel Aware": true,
                    "Startup Cost": 18082.32,
                    "Total Cost": 18082.32,
                    "Plan Rows": 267429,
                    "Plan Width": 4,
                    "Actual Startup Time": 129.822,
                    "Actual Total Time": 129.823,
                    "Actual Rows": 229962,
                    "Actual Loops": 2,
                    "Hash Buckets": 524288,
                    "Original Hash Buckets": 524288,
                    "Hash Batches": 1,
                    "Original Hash Batches": 1,
                    "Peak Memory Usage": 22112,
                    "Plans": [
                      {
                        "Node Type": "Seq Scan",
                        "Parent Relationship": "Outer",
                        "Parallel Aware": true,
                        "Relation Name": "movie_info_idx",
                        "Alias": "mi_idx",
                        "Startup Cost": 0.0,
                        "Total Cost": 18082.32,
                        "Plan Rows": 267429,
                        "Plan Width": 4,
                        "Actual Startup Time": 0.042,
                        "Actual Total Time": 65.536,
                        "Actual Rows": 229962,
                        "Actual Loops": 2,
                        "Filter": "(info_type_id = 99)",
                        "Rows Removed by Filter": 460055
                      }
                    ]
                  }
                ]
              }
            ]
          }
        ]
      }
    ]
  },
  "Planning Time": 1.056,
  "Triggers": [],
  "Execution Time": 3269.164
}