[
  {
    "Plan": {
      "Node Type": "Aggregate",
      "Strategy": "Plain",
      "Partial Mode": "Finalize",
      "Parallel Aware": false,
      "Startup Cost": 197329.39,
      "Total Cost": 197329.4,
      "Plan Rows": 1,
      "Plan Width": 8,
      "Actual Startup Time": 126.387,
      "Actual Total Time": 146.127,
      "Actual Rows": 1,
      "Actual Loops": 1,
      "Plans": [
        {
          "Node Type": "Gather",
          "Parent Relationship": "Outer",
          "Parallel Aware": false,
          "Startup Cost": 197328.97,
          "Total Cost": 197329.38,
          "Plan Rows": 4,
          "Plan Width": 8,
          "Actual Startup Time": 126.261,
          "Actual Total Time": 146.12,
          "Actual Rows": 5,
          "Actual Loops": 1,
          "Workers Planned": 4,
          "Workers Launched": 4,
          "Single Copy": false,
          "Plans": [
            {
              "Node Type": "Aggregate",
              "Strategy": "Plain",
              "Partial Mode": "Partial",
              "Parent Relationship": "Outer",
              "Parallel Aware": false,
              "Startup Cost": 196328.97,
              "Total Cost": 196328.98,
              "Plan Rows": 1,
              "Plan Width": 8,
              "Actual Startup Time": 117.394,
              "Actual Total Time": 117.395,
              "Actual Rows": 1,
              "Actual Loops": 5,
              "Plans": [
                {
                  "Node Type": "Nested Loop",
                  "Parent Relationship": "Outer",
                  "Parallel Aware": false,
                  "Join Type": "Inner",
                  "Startup Cost": 0.43,
                  "Total Cost": 196326.6,
                  "Plan Rows": 948,
                  "Plan Width": 0,
                  "Actual Startup Time": 1.904,
                  "Actual Total Time": 117.235,
                  "Actual Rows": 1452,
                  "Actual Loops": 5,
                  "Inner Unique": false,
                  "Plans": [
                    {
                      "Node Type": "Seq Scan",
                      "Parent Relationship": "Outer",
                      "Parallel Aware": true,
                      "Relation Name": "title",
                      "Alias": "t",
                      "Startup Cost": 0.0,
                      "Total Cost": 45479.1,
                      "Plan Rows": 1562,
                      "Plan Width": 4,
                      "Actual Startup Time": 0.915,
                      "Actual Total Time": 76.478,
                      "Actual Rows": 1219,
                      "Actual Loops": 5,
                      "Filter": "((kind_id < 7) AND (production_year = 1977))",
                      "Rows Removed by Filter": 504444
                    },
                    {
                      "Node Type": "Index Scan",
                      "Parent Relationship": "Inner",
                      "Parallel Aware": false,
                      "Scan Direction": "Forward",
                      "Index Name": "movie_id_movie_info",
                      "Relation Name": "movie_info",
                      "Alias": "mi",
                      "Startup Cost": 0.43,
                      "Total Cost": 96.53,
                      "Plan Rows": 4,
                      "Plan Width": 4,
                      "Actual Startup Time": 0.032,
                      "Actual Total Time": 0.033,
                      "Actual Rows": 1,
                      "Actual Loops": 6093,
                      "Index Cond": "(movie_id = t.id)",
                      "Rows Removed by Index Recheck": 0,
                      "Filter": "(info_type_id = 3)",
                      "Rows Removed by Filter": 9
                    }
                  ]
                }
              ]
            }
          ]
        }
      ]
    },
    "Planning Time": 0.553,
    "Triggers": [],
    "Execution Time": 146.191
  }
]