[
  {
    "Plan": {
      "Node Type": "Aggregate",
      "Strategy": "Plain",
      "Partial Mode": "Finalize",
      "Parallel Aware": false,
      "Startup Cost": 355216.16,
      "Total Cost": 355216.17,
      "Plan Rows": 1,
      "Plan Width": 8,
      "Actual Startup Time": 888.337,
      "Actual Total Time": 948.52,
      "Actual Rows": 1,
      "Actual Loops": 1,
      "Plans": [
        {
          "Node Type": "Gather",
          "Parent Relationship": "Outer",
          "Parallel Aware": false,
          "Startup Cost": 355215.53,
          "Total Cost": 355216.14,
          "Plan Rows": 6,
          "Plan Width": 8,
          "Actual Startup Time": 888.189,
          "Actual Total Time": 948.508,
          "Actual Rows": 7,
          "Actual Loops": 1,
          "Workers Planned": 6,
          "Workers Launched": 6,
          "Single Copy": false,
          "Plans": [
            {
              "Node Type": "Aggregate",
              "Strategy": "Plain",
              "Partial Mode": "Partial",
              "Parent Relationship": "Outer",
              "Parallel Aware": false,
              "Startup Cost": 354215.53,
              "Total Cost": 354215.54,
              "Plan Rows": 1,
              "Plan Width": 8,
              "Actual Startup Time": 877.603,
              "Actual Total Time": 877.604,
              "Actual Rows": 1,
              "Actual Loops": 7,
              "Plans": [
                {
                  "Node Type": "Seq Scan",
                  "Parent Relationship": "Outer",
                  "Parallel Aware": true,
                  "Relation Name": "cast_info",
                  "Alias": "ci",
                  "Startup Cost": 0.0,
                  "Total Cost": 343257.03,
                  "Plan Rows": 4383402,
                  "Plan Width": 0,
                  "Actual Startup Time": 0.054,
                  "Actual Total Time": 704.658,
                  "Actual Rows": 4087265,
                  "Actual Loops": 7,
                  "Filter": "((person_id < 3062061) AND (role_id < 10))",
                  "Rows Removed by Filter": 1090499
                }
              ]
            }
          ]
        }
      ]
    },
    "Planning Time": 0.212,
    "Triggers": [],
    "Execution Time": 948.589
  }
]