[
  {
    "Plan": {
      "Node Type": "Aggregate",
      "Strategy": "Plain",
      "Partial Mode": "Finalize",
      "Parallel Aware": false,
      "Startup Cost": 119956.78,
      "Total Cost": 119956.79,
      "Plan Rows": 1,
      "Plan Width": 8,
      "Actual Startup Time": 514.4,
      "Actual Total Time": 529.922,
      "Actual Rows": 1,
      "Actual Loops": 1,
      "Plans": [
        {
          "Node Type": "Gather",
          "Parent Relationship": "Outer",
          "Parallel Aware": false,
          "Startup Cost": 119956.46,
          "Total Cost": 119956.77,
          "Plan Rows": 3,
          "Plan Width": 8,
          "Actual Startup Time": 506.918,
          "Actual Total Time": 529.909,
          "Actual Rows": 4,
          "Actual Loops": 1,
          "Workers Planned": 3,
          "Workers Launched": 3,
          "Single Copy": false,
          "Plans": [
            {
              "Node Type": "Aggregate",
              "Strategy": "Plain",
              "Partial Mode": "Partial",
              "Parent Relationship": "Outer",
              "Parallel Aware": false,
              "Startup Cost": 118956.46,
              "Total Cost": 118956.47,
              "Plan Rows": 1,
              "Plan Width": 8,
              "Actual Startup Time": 496.974,
              "Actual Total Time": 496.982,
              "Actual Rows": 1,
              "Actual Loops": 4,
              "Plans": [
                {
                  "Node Type": "Hash Join",
                  "Parent Relationship": "Outer",
                  "Parallel Aware": true,
                  "Join Type": "Inner",
                  "Startup Cost": 73025.53,
                  "Total Cost": 118865.71,
                  "Plan Rows": 36301,
                  "Plan Width": 0,
                  "Actual Startup Time": 356.209,
                  "Actual Total Time": 490.409,
                  "Actual Rows": 145883,
                  "Actual Loops": 4,
                  "Inner Unique": false,
                  "Hash Cond": "(mk.movie_id = t.id)",
                  "Plans": [
                    {
                      "Node Type": "Seq Scan",
                      "Parent Relationship": "Outer",
                      "Parallel Aware": true,
                      "Relation Name": "movie_keyword",
                      "Alias": "mk",
                      "Startup Cost": 0.0,
                      "Total Cost": 42695.65,
                      "Plan Rows": 807313,
                      "Plan Width": 4,
                      "Actual Startup Time": 0.27,
                      "Actual Total Time": 111.794,
                      "Actual Rows": 625354,
                      "Actual Loops": 4,
                      "Filter": "(keyword_id > 3623)",
                      "Rows Removed by Filter": 505628
                    },
                    {
                      "Node Type": "Hash",
                      "Parent Relationship": "Inner",
                      "Parallel Aware": true,
                      "Startup Cost": 72567.11,
                      "Total Cost": 72567.11,
                      "Plan Rows": 36674,
                      "Plan Width": 8,
                      "Actual Startup Time": 313.758,
                      "Actual Total Time": 313.764,
                      "Actual Rows": 27656,
                      "Actual Loops": 4,
                      "Hash Buckets": 131072,
                      "Original Hash Buckets": 131072,
                      "Hash Batches": 1,
                      "Original Hash Batches": 1,
                      "Peak Memory Usage": 5408,
                      "Plans": [
                        {
                          "Node Type": "Hash Join",
                          "Parent Relationship": "Outer",
                          "Parallel Aware": true,
                          "Join Type": "Inner",
                          "Startup Cost": 52733.74,
                          "Total Cost": 72567.11,
                          "Plan Rows": 36674,
                          "Plan Width": 8,
                          "Actual Startup Time": 267.63,
                          "Actual Total Time": 305.302,
                          "Actual Rows": 27656,
                          "Actual Loops": 4,
                          "Inner Unique": true,
                          "Hash Cond": "(mc.movie_id = t.id)",
                          "Plans": [
                            {
                              "Node Type": "Bitmap Heap Scan",
                              "Parent Relationship": "Outer",
                              "Parallel Aware": true,
                              "Relation Name": "movie_companies",
                              "Alias": "mc",
                              "Startup Cost": 4633.74,
                              "Total Cost": 24286.03,
                              "Plan Rows": 68983,
                              "Plan Width": 4,
                              "Actual Startup Time": 8.258,
                              "Actual Total Time": 21.94,
                              "Actual Rows": 52614,
                              "Actual Loops": 4,
                              "Recheck Cond": "(company_id > 110384)",
                              "Rows Removed by Index Recheck": 0,
                              "Exact Heap Blocks": 1349,
                              "Lossy Heap Blocks": 0,
                              "Plans": [
                                {
                                  "Node Type": "Bitmap Index Scan",
                                  "Parent Relationship": "Outer",
                                  "Parallel Aware": false,
                                  "Index Name": "company_id_movie_companies",
                                  "Startup Cost": 0.0,
                                  "Total Cost": 4580.28,
                                  "Plan Rows": 213847,
                                  "Plan Width": 0,
                                  "Actual Startup Time": 7.539,
                                  "Actual Total Time": 7.539,
                                  "Actual Rows": 210456,
                                  "Actual Loops": 1,
                                  "Index Cond": "(company_id > 110384)"
                                }
                              ]
                            },
                            {
                              "Node Type": "Hash",
                              "Parent Relationship": "Inner",
                              "Parallel Aware": true,
                              "Startup Cost": 43899.32,
                              "Total Cost": 43899.32,
                              "Plan Rows": 336054,
                              "Plan Width": 4,
                              "Actual Startup Time": 253.507,
                              "Actual Total Time": 253.509,
                              "Actual Rows": 337073,
                              "Actual Loops": 4,
                              "Hash Buckets": 2097152,
                              "Original Hash Buckets": 2097152,
                              "Hash Batches": 1,
                              "Original Hash Batches": 1,
                              "Peak Memory Usage": 69216,
                              "Plans": [
                                {
                                  "Node Type": "Seq Scan",
                                  "Parent Relationship": "Outer",
                                  "Parallel Aware": true,
                                  "Relation Name": "title",
                                  "Alias": "t",
                                  "Startup Cost": 0.0,
                                  "Total Cost": 43899.32,
                                  "Plan Rows": 336054,
                                  "Plan Width": 4,
                                  "Actual Startup Time": 0.05,
                                  "Actual Total Time": 116.527,
                                  "Actual Rows": 337073,
                                  "Actual Loops": 4,
                                  "Filter": "(production_year < 2005)",
                                  "Rows Removed by Filter": 295005
                                }
                              ]
                            }
                          ]
                        }
                      ]
                    }
                  ]
                }
              ]
            }
          ]
        }
      ]
    },
    "Planning Time": 1.212,
    "Triggers": [],
    "Execution Time": 530.027
  }
]