[
    {
        "Bao": {
            "Bao prediction": 631.878,
            "Bao recommended hint": "(no hint)"
        }
    },
    {
        "Plan": {
            "Node Type": "Aggregate",
            "Strategy": "Plain",
            "Partial Mode": "Finalize",
            "Parallel Aware": false,
            "Startup Cost": 23268.48,
            "Total Cost": 23268.49,
            "Plan Rows": 1,
            "Plan Width": 8,
            "Actual Startup Time": 56.854,
            "Actual Total Time": 61.253,
            "Actual Rows": 1,
            "Actual Loops": 1,
            "Output": [
                "count(*)"
            ],
            "Plans": [
                {
                    "Node Type": "Gather",
                    "Parent Relationship": "Outer",
                    "Parallel Aware": false,
                    "Startup Cost": 23268.16,
                    "Total Cost": 23268.47,
                    "Plan Rows": 3,
                    "Plan Width": 8,
                    "Actual Startup Time": 56.644,
                    "Actual Total Time": 61.244,
                    "Actual Rows": 4,
                    "Actual Loops": 1,
                    "Output": [
                        "(PARTIAL count(*))"
                    ],
                    "Workers Planned": 3,
                    "Workers Launched": 3,
                    "Single Copy": false,
                    "Plans": [
                        {
                            "Node Type": "Aggregate",
                            "Strategy": "Plain",
                            "Partial Mode": "Partial",
                            "Parent Relationship": "Outer",
                            "Parallel Aware": false,
                            "Startup Cost": 22268.16,
                            "Total Cost": 22268.17,
                            "Plan Rows": 1,
                            "Plan Width": 8,
                            "Actual Startup Time": 48.392,
                            "Actual Total Time": 48.393,
                            "Actual Rows": 1,
                            "Actual Loops": 4,
                            "Output": [
                                "PARTIAL count(*)"
                            ],
                            "Workers": [
                                {
                                    "Worker Number": 0,
                                    "Actual Startup Time": 45.792,
                                    "Actual Total Time": 45.794,
                                    "Actual Rows": 1,
                                    "Actual Loops": 1
                                },
                                {
                                    "Worker Number": 1,
                                    "Actual Startup Time": 45.8,
                                    "Actual Total Time": 45.801,
                                    "Actual Rows": 1,
                                    "Actual Loops": 1
                                },
                                {
                                    "Worker Number": 2,
                                    "Actual Startup Time": 45.909,
                                    "Actual Total Time": 45.911,
                                    "Actual Rows": 1,
                                    "Actual Loops": 1
                                }
                            ],
                            "Plans": [
                                {
                                    "Node Type": "Bitmap Heap Scan",
                                    "Parent Relationship": "Outer",
                                    "Parallel Aware": true,
                                    "Relation Name": "movie_companies",
                                    "Schema": "public",
                                    "Alias": "mc",
                                    "Startup Cost": 2798.4,
                                    "Total Cost": 22216.82,
                                    "Plan Rows": 20535,
                                    "Plan Width": 0,
                                    "Actual Startup Time": 15.374,
                                    "Actual Total Time": 45.419,
                                    "Actual Rows": 27816,
                                    "Actual Loops": 4,
                                    "Recheck Cond": "(mc.company_id < 27)",
                                    "Rows Removed by Index Recheck": 0,
                                    "Filter": "(mc.company_type_id = 1)",
                                    "Rows Removed by Filter": 5885,
                                    "Exact Heap Blocks": 6278,
                                    "Lossy Heap Blocks": 0,
                                    "Workers": [
                                        {
                                            "Worker Number": 0,
                                            "Actual Startup Time": 12.788,
                                            "Actual Total Time": 43.252,
                                            "Actual Rows": 14514,
                                            "Actual Loops": 1
                                        },
                                        {
                                            "Worker Number": 1,
                                            "Actual Startup Time": 12.766,
                                            "Actual Total Time": 43.265,
                                            "Actual Rows": 14450,
                                            "Actual Loops": 1
                                        },
                                        {
                                            "Worker Number": 2,
                                            "Actual Startup Time": 13.159,
                                            "Actual Total Time": 43.296,
                                            "Actual Rows": 22735,
                                            "Actual Loops": 1
                                        }
                                    ],
                                    "Plans": [
                                        {
                                            "Node Type": "Bitmap Index Scan",
                                            "Parent Relationship": "Outer",
                                            "Parallel Aware": false,
                                            "Index Name": "company_id_movie_companies",
                                            "Startup Cost": 0.0,
                                            "Total Cost": 2782.48,
                                            "Plan Rows": 129874,
                                            "Plan Width": 0,
                                            "Actual Startup Time": 19.156,
                                            "Actual Total Time": 19.156,
                                            "Actual Rows": 134807,
                                            "Actual Loops": 1,
                                            "Index Cond": "(mc.company_id < 27)"
                                        }
                                    ]
                                }
                            ]
                        }
                    ]
                }
            ]
        },
        "Planning Time": 1100.063,
        "Triggers": [],
        "Execution Time": 61.372
    }
]