[
    {
        "Bao": {
            "Bao prediction": "NaN",
            "Bao recommended hint": "(no hint)"
        }
    },
    {
        "Plan": {
            "Node Type": "Aggregate",
            "Strategy": "Plain",
            "Partial Mode": "Finalize",
            "Parallel Aware": false,
            "Startup Cost": 293401.31,
            "Total Cost": 293401.32,
            "Plan Rows": 1,
            "Plan Width": 8,
            "Actual Startup Time": 766.638,
            "Actual Total Time": 794.813,
            "Actual Rows": 1,
            "Actual Loops": 1,
            "Output": [
                "count(*)"
            ],
            "Plans": [
                {
                    "Node Type": "Gather",
                    "Parent Relationship": "Outer",
                    "Parallel Aware": false,
                    "Startup Cost": 293400.78,
                    "Total Cost": 293401.29,
                    "Plan Rows": 5,
                    "Plan Width": 8,
                    "Actual Startup Time": 751.323,
                    "Actual Total Time": 794.801,
                    "Actual Rows": 6,
                    "Actual Loops": 1,
                    "Output": [
                        "(PARTIAL count(*))"
                    ],
                    "Workers Planned": 5,
                    "Workers Launched": 5,
                    "Single Copy": false,
                    "Plans": [
                        {
                            "Node Type": "Aggregate",
                            "Strategy": "Plain",
                            "Partial Mode": "Partial",
                            "Parent Relationship": "Outer",
                            "Parallel Aware": false,
                            "Startup Cost": 292400.78,
                            "Total Cost": 292400.79,
                            "Plan Rows": 1,
                            "Plan Width": 8,
                            "Actual Startup Time": 739.506,
                            "Actual Total Time": 739.617,
                            "Actual Rows": 1,
                            "Actual Loops": 6,
                            "Output": [
                                "PARTIAL count(*)"
                            ],
                            "Workers": [
                                {
                                    "Worker Number": 0,
                                    "Actual Startup Time": 737.575,
                                    "Actual Total Time": 737.58,
                                    "Actual Rows": 1,
                                    "Actual Loops": 1
                                },
                                {
                                    "Worker Number": 1,
                                    "Actual Startup Time": 737.12,
                                    "Actual Total Time": 737.13,
                                    "Actual Rows": 1,
                                    "Actual Loops": 1
                                },
                                {
                                    "Worker Number": 2,
                                    "Actual Startup Time": 737.19,
                                    "Actual Total Time": 737.194,
                                    "Actual Rows": 1,
                                    "Actual Loops": 1
                                },
                                {
                                    "Worker Number": 3,
                                    "Actual Startup Time": 737.026,
                                    "Actual Total Time": 737.038,
                                    "Actual Rows": 1,
                                    "Actual Loops": 1
                                },
                                {
                                    "Worker Number": 4,
                                    "Actual Startup Time": 737.2,
                                    "Actual Total Time": 737.214,
                                    "Actual Rows": 1,
                                    "Actual Loops": 1
                                }
                            ],
                            "Plans": [
                                {
                                    "Node Type": "Hash Join",
                                    "Parent Relationship": "Outer",
                                    "Parallel Aware": true,
                                    "Join Type": "Inner",
                                    "Startup Cost": 90779.61,
                                    "Total Cost": 292187.2,
                                    "Plan Rows": 85434,
                                    "Plan Width": 0,
                                    "Actual Startup Time": 399.897,
                                    "Actual Total Time": 720.715,
                                    "Actual Rows": 434687,
                                    "Actual Loops": 6,
                                    "Inner Unique": false,
                                    "Hash Cond": "(mi.movie_id = t.id)",
                                    "Workers": [
                                        {
                                            "Worker Number": 0,
                                            "Actual Startup Time": 397.541,
                                            "Actual Total Time": 719.304,
                                            "Actual Rows": 448403,
                                            "Actual Loops": 1
                                        },
                                        {
                                            "Worker Number": 1,
                                            "Actual Startup Time": 397.729,
                                            "Actual Total Time": 718.123,
                                            "Actual Rows": 466719,
                                            "Actual Loops": 1
                                        },
                                        {
                                            "Worker Number": 2,
                                            "Actual Startup Time": 397.605,
                                            "Actual Total Time": 718.937,
                                            "Actual Rows": 445803,
                                            "Actual Loops": 1
                                        },
                                        {
                                            "Worker Number": 3,
                                            "Actual Startup Time": 397.484,
                                            "Actual Total Time": 718.705,
                                            "Actual Rows": 450634,
                                            "Actual Loops": 1
                                        },
                                        {
                                            "Worker Number": 4,
                                            "Actual Startup Time": 397.643,
                                            "Actual Total Time": 717.686,
                                            "Actual Rows": 294537,
                                            "Actual Loops": 1
                                        }
                                    ],
                                    "Plans": [
                                        {
                                            "Node Type": "Seq Scan",
                                            "Parent Relationship": "Outer",
                                            "Parallel Aware": true,
                                            "Relation Name": "movie_info",
                                            "Schema": "public",
                                            "Alias": "mi",
                                            "Startup Cost": 0.0,
                                            "Total Cost": 198880.74,
                                            "Plan Rows": 600336,
                                            "Plan Width": 4,
                                            "Actual Startup Time": 64.717,
                                            "Actual Total Time": 280.762,
                                            "Actual Rows": 506120,
                                            "Actual Loops": 6,
                                            "Output": [
                                                "mi.id",
                                                "mi.movie_id",
                                                "mi.info_type_id",
                                                "mi.info",
                                                "mi.note"
                                            ],
                                            "Filter": "(mi.info_type_id = 16)",
                                            "Rows Removed by Filter": 1966500,
                                            "Workers": [
                                                {
                                                    "Worker Number": 0,
                                                    "Actual Startup Time": 64.702,
                                                    "Actual Total Time": 281.253,
                                                    "Actual Rows": 533950,
                                                    "Actual Loops": 1
                                                },
                                                {
                                                    "Worker Number": 1,
                                                    "Actual Startup Time": 64.751,
                                                    "Actual Total Time": 280.416,
                                                    "Actual Rows": 526485,
                                                    "Actual Loops": 1
                                                },
                                                {
                                                    "Worker Number": 2,
                                                    "Actual Startup Time": 64.764,
                                                    "Actual Total Time": 281.37,
                                                    "Actual Rows": 534712,
                                                    "Actual Loops": 1
                                                },
                                                {
                                                    "Worker Number": 3,
                                                    "Actual Startup Time": 64.746,
                                                    "Actual Total Time": 282.439,
                                                    "Actual Rows": 515397,
                                                    "Actual Loops": 1
                                                },
                                                {
                                                    "Worker Number": 4,
                                                    "Actual Startup Time": 64.789,
                                                    "Actual Total Time": 283.752,
                                                    "Actual Rows": 349551,
                                                    "Actual Loops": 1
                                                }
                                            ]
                                        },
                                        {
                                            "Node Type": "Hash",
                                            "Parent Relationship": "Inner",
                                            "Parallel Aware": true,
                                            "Startup Cost": 89328.79,
                                            "Total Cost": 89328.79,
                                            "Plan Rows": 116066,
                                            "Plan Width": 8,
                                            "Actual Startup Time": 333.534,
                                            "Actual Total Time": 333.642,
                                            "Actual Rows": 78148,
                                            "Actual Loops": 6,
                                            "Output": [
                                                "t.id",
                                                "mk.movie_id"
                                            ],
                                            "Hash Buckets": 524288,
                                            "Original Hash Buckets": 524288,
                                            "Hash Batches": 1,
                                            "Original Hash Batches": 1,
                                            "Peak Memory Usage": 22592,
                                            "Workers": [
                                                {
                                                    "Worker Number": 0,
                                                    "Actual Startup Time": 332.057,
                                                    "Actual Total Time": 332.06,
                                                    "Actual Rows": 81159,
                                                    "Actual Loops": 1
                                                },
                                                {
                                                    "Worker Number": 1,
                                                    "Actual Startup Time": 332.22,
                                                    "Actual Total Time": 332.229,
                                                    "Actual Rows": 78621,
                                                    "Actual Loops": 1
                                                },
                                                {
                                                    "Worker Number": 2,
                                                    "Actual Startup Time": 332.226,
                                                    "Actual Total Time": 332.229,
                                                    "Actual Rows": 78620,
                                                    "Actual Loops": 1
                                                },
                                                {
                                                    "Worker Number": 3,
                                                    "Actual Startup Time": 332.149,
                                                    "Actual Total Time": 332.158,
                                                    "Actual Rows": 73036,
                                                    "Actual Loops": 1
                                                },
                                                {
                                                    "Worker Number": 4,
                                                    "Actual Startup Time": 332.148,
                                                    "Actual Total Time": 332.161,
                                                    "Actual Rows": 58144,
                                                    "Actual Loops": 1
                                                }
                                            ],
                                            "Plans": [
                                                {
                                                    "Node Type": "Hash Join",
                                                    "Parent Relationship": "Outer",
                                                    "Parallel Aware": true,
                                                    "Join Type": "Inner",
                                                    "Startup Cost": 61795.08,
                                                    "Total Cost": 89328.79,
                                                    "Plan Rows": 116066,
                                                    "Plan Width": 8,
                                                    "Actual Startup Time": 217.698,
                                                    "Actual Total Time": 308.557,
                                                    "Actual Rows": 78148,
                                                    "Actual Loops": 6,
                                                    "Output": [
                                                        "t.id",
                                                        "mk.movie_id"
                                                    ],
                                                    "Inner Unique": true,
                                                    "Hash Cond": "(mk.movie_id = t.id)",
                                                    "Workers": [
                                                        {
                                                            "Worker Number": 0,
                                                            "Actual Startup Time": 216.306,
                                                            "Actual Total Time": 306.815,
                                                            "Actual Rows": 81159,
                                                            "Actual Loops": 1
                                                        },
                                                        {
                                                            "Worker Number": 1,
                                                            "Actual Startup Time": 216.449,
                                                            "Actual Total Time": 307.343,
                                                            "Actual Rows": 78621,
                                                            "Actual Loops": 1
                                                        },
                                                        {
                                                            "Worker Number": 2,
                                                            "Actual Startup Time": 216.369,
                                                            "Actual Total Time": 307.367,
                                                            "Actual Rows": 78620,
                                                            "Actual Loops": 1
                                                        },
                                                        {
                                                            "Worker Number": 3,
                                                            "Actual Startup Time": 216.252,
                                                            "Actual Total Time": 307.324,
                                                            "Actual Rows": 73036,
                                                            "Actual Loops": 1
                                                        },
                                                        {
                                                            "Worker Number": 4,
                                                            "Actual Startup Time": 216.512,
                                                            "Actual Total Time": 308.177,
                                                            "Actual Rows": 58144,
                                                            "Actual Loops": 1
                                                        }
                                                    ],
                                                    "Plans": [
                                                        {
                                                            "Node Type": "Bitmap Heap Scan",
                                                            "Parent Relationship": "Outer",
                                                            "Parallel Aware": true,
                                                            "Relation Name": "movie_keyword",
                                                            "Schema": "public",
                                                            "Alias": "mk",
                                                            "Startup Cost": 13392.33,
                                                            "Total Cost": 40391.54,
                                                            "Plan Rows": 203617,
                                                            "Plan Width": 4,
                                                            "Actual Startup Time": 39.267,
                                                            "Actual Total Time": 89.846,
                                                            "Actual Rows": 105475,
                                                            "Actual Loops": 6,
                                                            "Output": [
                                                                "mk.id",
                                                                "mk.movie_id",
                                                                "mk.keyword_id"
                                                            ],
                                                            "Recheck Cond": "(mk.keyword_id < 495)",
                                                            "Rows Removed by Index Recheck": 0,
                                                            "Exact Heap Blocks": 5282,
                                                            "Lossy Heap Blocks": 0,
                                                            "Workers": [
                                                                {
                                                                    "Worker Number": 0,
                                                                    "Actual Startup Time": 39.353,
                                                                    "Actual Total Time": 90.166,
                                                                    "Actual Rows": 107811,
                                                                    "Actual Loops": 1
                                                                },
                                                                {
                                                                    "Worker Number": 1,
                                                                    "Actual Startup Time": 39.339,
                                                                    "Actual Total Time": 90.852,
                                                                    "Actual Rows": 106495,
                                                                    "Actual Loops": 1
                                                                },
                                                                {
                                                                    "Worker Number": 2,
                                                                    "Actual Startup Time": 39.204,
                                                                    "Actual Total Time": 90.672,
                                                                    "Actual Rows": 105703,
                                                                    "Actual Loops": 1
                                                                },
                                                                {
                                                                    "Worker Number": 3,
                                                                    "Actual Startup Time": 39.23,
                                                                    "Actual Total Time": 91.12,
                                                                    "Actual Rows": 98034,
                                                                    "Actual Loops": 1
                                                                },
                                                                {
                                                                    "Worker Number": 4,
                                                                    "Actual Startup Time": 39.338,
                                                                    "Actual Total Time": 91.648,
                                                                    "Actual Rows": 77847,
                                                                    "Actual Loops": 1
                                                                }
                                                            ],
                                                            "Plans": [
                                                                {
                                                                    "Node Type": "Bitmap Index Scan",
                                                                    "Parent Relationship": "Outer",
                                                                    "Parallel Aware": false,
                                                                    "Index Name": "keyword_id_movie_keyword",
                                                                    "Startup Cost": 0.0,
                                                                    "Total Cost": 13234.52,
                                                                    "Plan Rows": 631212,
                                                                    "Plan Width": 0,
                                                                    "Actual Startup Time": 35.623,
                                                                    "Actual Total Time": 35.624,
                                                                    "Actual Rows": 632848,
                                                                    "Actual Loops": 1,
                                                                    "Index Cond": "(mk.keyword_id < 495)"
                                                                }
                                                            ]
                                                        },
                                                        {
                                                            "Node Type": "Hash",
                                                            "Parent Relationship": "Inner",
                                                            "Parallel Aware": true,
                                                            "Startup Cost": 43899.01,
                                                            "Total Cost": 43899.01,
                                                            "Plan Rows": 360300,
                                                            "Plan Width": 4,
                                                            "Actual Startup Time": 176.105,
                                                            "Actual Total Time": 176.107,
                                                            "Actual Rows": 240550,
                                                            "Actual Loops": 6,
                                                            "Output": [
                                                                "t.id"
                                                            ],
                                                            "Hash Buckets": 2097152,
                                                            "Original Hash Buckets": 2097152,
                                                            "Hash Batches": 1,
                                                            "Original Hash Batches": 1,
                                                            "Peak Memory Usage": 72960,
                                                            "Workers": [
                                                                {
                                                                    "Worker Number": 0,
                                                                    "Actual Startup Time": 176.819,
                                                                    "Actual Total Time": 176.82,
                                                                    "Actual Rows": 245040,
                                                                    "Actual Loops": 1
                                                                },
                                                                {
                                                                    "Worker Number": 1,
                                                                    "Actual Startup Time": 176.786,
                                                                    "Actual Total Time": 176.792,
                                                                    "Actual Rows": 238886,
                                                                    "Actual Loops": 1
                                                                },
                                                                {
                                                                    "Worker Number": 2,
                                                                    "Actual Startup Time": 176.867,
                                                                    "Actual Total Time": 176.868,
                                                                    "Actual Rows": 242637,
                                                                    "Actual Loops": 1
                                                                },
                                                                {
                                                                    "Worker Number": 3,
                                                                    "Actual Startup Time": 176.673,
                                                                    "Actual Total Time": 176.674,
                                                                    "Actual Rows": 221800,
                                                                    "Actual Loops": 1
                                                                },
                                                                {
                                                                    "Worker Number": 4,
                                                                    "Actual Startup Time": 176.87,
                                                                    "Actual Total Time": 176.871,
                                                                    "Actual Rows": 172534,
                                                                    "Actual Loops": 1
                                                                }
                                                            ],
                                                            "Plans": [
                                                                {
                                                                    "Node Type": "Seq Scan",
                                                                    "Parent Relationship": "Outer",
                                                                    "Parallel Aware": true,
                                                                    "Relation Name": "title",
                                                                    "Schema": "public",
                                                                    "Alias": "t",
                                                                    "Startup Cost": 0.0,
                                                                    "Total Cost": 43899.01,
                                                                    "Plan Rows": 360300,
                                                                    "Plan Width": 4,
                                                                    "Actual Startup Time": 0.036,
                                                                    "Actual Total Time": 81.442,
                                                                    "Actual Rows": 240550,
                                                                    "Actual Loops": 6,
                                                                    "Output": [
                                                                        "t.id"
                                                                    ],
                                                                    "Filter": "(t.production_year < 2006)",
                                                                    "Rows Removed by Filter": 180836,
                                                                    "Workers": [
                                                                        {
                                                                            "Worker Number": 0,
                                                                            "Actual Startup Time": 0.027,
                                                                            "Actual Total Time": 81.985,
                                                                            "Actual Rows": 245040,
                                                                            "Actual Loops": 1
                                                                        },
                                                                        {
                                                                            "Worker Number": 1,
                                                                            "Actual Startup Time": 0.051,
                                                                            "Actual Total Time": 81.788,
                                                                            "Actual Rows": 238886,
                                                                            "Actual Loops": 1
                                                                        },
                                                                        {
                                                                            "Worker Number": 2,
                                                                            "Actual Startup Time": 0.038,
                                                                            "Actual Total Time": 82.677,
                                                                            "Actual Rows": 242637,
                                                                            "Actual Loops": 1
                                                                        },
                                                                        {
                                                                            "Worker Number": 3,
                                                                            "Actual Startup Time": 0.046,
                                                                            "Actual Total Time": 83.132,
                                                                            "Actual Rows": 221800,
                                                                            "Actual Loops": 1
                                                                        },
                                                                        {
                                                                            "Worker Number": 4,
                                                                            "Actual Startup Time": 0.036,
                                                                            "Actual Total Time": 86.622,
                                                                            "Actual Rows": 172534,
                                                                            "Actual Loops": 1
                                                                        }
                                                                    ]
                                                                }
                                                            ]
                                                        }
                                                    ]
                                                }
                                            ]
                                        }
                                    ]
                                }
                            ]
                        }
                    ]
                }
            ]
        },
        "Planning Time": 269.148,
        "Triggers": [],
        "Execution Time": 794.915
    }
]