{
  "Plan": {
    "Node Type": "Aggregate",
    "Strategy": "Plain",
    "Partial Mode": "Finalize",
    "Parallel Aware": false,
    "Startup Cost": 307458.83,
    "Total Cost": 307458.84,
    "Plan Rows": 1,
    "Plan Width": 8,
    "Actual Startup Time": 1268.804,
    "Actual Total Time": 1287.24,
    "Actual Rows": 1,
    "Actual Loops": 1,
    "Plans": [
      {
        "Node Type": "Gather",
        "Parent Relationship": "Outer",
        "Parallel Aware": false,
        "Startup Cost": 307458.72,
        "Total Cost": 307458.83,
        "Plan Rows": 1,
        "Plan Width": 8,
        "Actual Startup Time": 1167.31,
        "Actual Total Time": 1287.229,
        "Actual Rows": 2,
        "Actual Loops": 1,
        "Workers Planned": 1,
        "Workers Launched": 1,
        "Single Copy": false,
        "Plans": [
          {
            "Node Type": "Aggregate",
            "Strategy": "Plain",
            "Partial Mode": "Partial",
            "Parent Relationship": "Outer",
            "Parallel Aware": false,
            "Startup Cost": 306458.72,
            "Total Cost": 306458.73,
            "Plan Rows": 1,
            "Plan Width": 8,
            "Actual Startup Time": 1208.864,
            "Actual Total Time": 1208.872,
            "Actual Rows": 1,
            "Actual Loops": 2,
            "Plans": [
              {
                "Node Type": "Merge Join",
                "Parent Relationship": "Outer",
                "Parallel Aware": false,
                "Join Type": "Inner",
                "Startup Cost": 299599.73,
                "Total Cost": 306170.33,
                "Plan Rows": 115356,
                "Plan Width": 0,
                "Actual Startup Time": 1146.086,
                "Actual Total Time": 1206.396,
                "Actual Rows": 54742,
                "Actual Loops": 2,
                "Inner Unique": false,
                "Merge Cond": "(mc.movie_id = t.id)",
                "Plans": [
                  {
                    "Node Type": "Sort",
                    "Parent Relationship": "Outer",
                    "Parallel Aware": false,
                    "Startup Cost": 94260.22,
                    "Total Cost": 95728.74,
                    "Plan Rows": 587408,
                    "Plan Width": 4,
                    "Actual Startup Time": 235.994,
                    "Actual Total Time": 254.294,
                    "Actual Rows": 504821,
                    "Actual Loops": 2,
                    "Sort Key": [
                      "mc.movie_id"
                    ],
                    "Sort Method": "quicksort",
                    "Sort Space Used": 36346,
                    "Sort Space Type": "Memory",
                    "Workers": [
                      {
                        "Worker Number": 0,
                        "Sort Method": "quicksort",
                        "Sort Space Used": 35594,
                        "Sort Space Type": "Memory"
                      }
                    ],
                    "Plans": [
                      {
                        "Node Type": "Seq Scan",
                        "Parent Relationship": "Outer",
                        "Parallel Aware": true,
                        "Relation Name": "movie_companies",
                        "Alias": "mc",
                        "Startup Cost": 0.0,
                        "Total Cost": 37974.77,
                        "Plan Rows": 587408,
                        "Plan Width": 4,
                        "Actual Startup Time": 32.981,
                        "Actual Total Time": 134.383,
                        "Actual Rows": 505202,
                        "Actual Loops": 2,
                        "Filter": "(company_id > 16340)",
                        "Rows Removed by Filter": 799363
                      }
                    ]
                  },
                  {
                    "Node Type": "Sort",
                    "Parent Relationship": "Inner",
                    "Parallel Aware": false,
                    "Startup Cost": 205339.47,
                    "Total Cost": 206580.75,
                    "Plan Rows": 496511,
                    "Plan Width": 8,
                    "Actual Startup Time": 909.658,
                    "Actual Total Time": 916.718,
                    "Actual Rows": 180064,
                    "Actual Loops": 2,
                    "Sort Key": [
                      "t.id"
                    ],
                    "Sort Method": "quicksort",
                    "Sort Space Used": 13631,
                    "Sort Space Type": "Memory",
                    "Workers": [
                      {
                        "Worker Number": 0,
                        "Sort Method": "quicksort",
                        "Sort Space Used": 13631,
                        "Sort Space Type": "Memory"
                      }
                    ],
                    "Plans": [
                      {
                        "Node Type": "Hash Join",
                        "Parent Relationship": "Outer",
                        "Parallel Aware": false,
                        "Join Type": "Inner",
                        "Startup Cost": 113870.18,
                        "Total Cost": 158365.89,
                        "Plan Rows": 496511,
                        "Plan Width": 8,
                        "Actual Startup Time": 527.784,
                        "Actual Total Time": 877.062,
                        "Actual Rows": 159718,
                        "Actual Loops": 2,
                        "Inner Unique": true,
                        "Hash Cond": "(mk.movie_id = t.id)",
                        "Plans": [
                          {
                            "Node Type": "Bitmap Heap Scan",
                            "Parent Relationship": "Outer",
                            "Parallel Aware": false,
                            "Relation Name": "movie_keyword",
                            "Alias": "mk",
                            "Startup Cost": 28105.73,
                            "Total Cost": 69123.12,
                            "Plan Rows": 1325071,
                            "Plan Width": 4,
                            "Actual Startup Time": 86.033,
                            "Actual Total Time": 254.38,
                            "Actual Rows": 1332101,
                            "Actual Loops": 2,
                            "Recheck Cond": "(keyword_id > 12933)",
                            "Rows Removed by Index Recheck": 0,
                            "Exact Heap Blocks": 24196,
                            "Lossy Heap Blocks": 0,
                            "Plans": [
                              {
                                "Node Type": "Bitmap Index Scan",
                                "Parent Relationship": "Outer",
                                "Parallel Aware": false,
                                "Index Name": "keyword_id_movie_keyword",
                                "Startup Cost": 0.0,
                                "Total Cost": 27774.47,
                                "Plan Rows": 1325071,
                                "Plan Width": 0,
                                "Actual Startup Time": 82.979,
                                "Actual Total Time": 82.98,
                                "Actual Rows": 1332101,
                                "Actual Loops": 2,
                                "Index Cond": "(keyword_id > 12933)"
                              }
                            ]
                          },
                          {
                            "Node Type": "Hash",
                            "Parent Relationship": "Inner",
                            "Parallel Aware": false,
                            "Startup Cost": 73922.39,
                            "Total Cost": 73922.39,
                            "Plan Rows": 947364,
                            "Plan Width": 4,
                            "Actual Startup Time": 437.653,
                            "Actual Total Time": 437.654,
                            "Actual Rows": 885784,
                            "Actual Loops": 2,
                            "Hash Buckets": 1048576,
                            "Original Hash Buckets": 1048576,
                            "Hash Batches": 1,
                            "Original Hash Batches": 1,
                            "Peak Memory Usage": 39333,
                            "Plans": [
                              {
                                "Node Type": "Seq Scan",
                                "Parent Relationship": "Outer",
                                "Parallel Aware": false,
                                "Relation Name": "title",
                                "Alias": "t",
                                "Startup Cost": 0.0,
                                "Total Cost": 73922.39,
                                "Plan Rows": 947364,
                                "Plan Width": 4,
                                "Actual Startup Time": 0.028,
                                "Actual Total Time": 264.823,
                                "Actual Rows": 885784,
                                "Actual Loops": 2,
                                "Filter": "((kind_id > 4) AND (production_year < 2007))",
                                "Rows Removed by Filter": 1642528
                              }
                            ]
                          }
                        ]
                      }
                    ]
                  }
                ]
              }
            ]
          }
        ]
      }
    ]
  },
  "Planning Time": 1.139,
  "Triggers": [],
  "Execution Time": 1295.021
}