[
    {
        "Bao": {
            "Bao prediction": "NaN",
            "Bao recommended hint": "(no hint)"
        }
    },
    {
        "Plan": {
            "Node Type": "Aggregate",
            "Strategy": "Plain",
            "Partial Mode": "Finalize",
            "Parallel Aware": false,
            "Startup Cost": 125152.39,
            "Total Cost": 125152.4,
            "Plan Rows": 1,
            "Plan Width": 8,
            "Actual Startup Time": 770.403,
            "Actual Total Time": 795.179,
            "Actual Rows": 1,
            "Actual Loops": 1,
            "Output": [
                "count(*)"
            ],
            "Plans": [
                {
                    "Node Type": "Gather",
                    "Parent Relationship": "Outer",
                    "Parallel Aware": false,
                    "Startup Cost": 125152.07,
                    "Total Cost": 125152.38,
                    "Plan Rows": 3,
                    "Plan Width": 8,
                    "Actual Startup Time": 755.025,
                    "Actual Total Time": 795.168,
                    "Actual Rows": 4,
                    "Actual Loops": 1,
                    "Output": [
                        "(PARTIAL count(*))"
                    ],
                    "Workers Planned": 3,
                    "Workers Launched": 3,
                    "Single Copy": false,
                    "Plans": [
                        {
                            "Node Type": "Aggregate",
                            "Strategy": "Plain",
                            "Partial Mode": "Partial",
                            "Parent Relationship": "Outer",
                            "Parallel Aware": false,
                            "Startup Cost": 124152.07,
                            "Total Cost": 124152.08,
                            "Plan Rows": 1,
                            "Plan Width": 8,
                            "Actual Startup Time": 746.3,
                            "Actual Total Time": 746.492,
                            "Actual Rows": 1,
                            "Actual Loops": 4,
                            "Output": [
                                "PARTIAL count(*)"
                            ],
                            "Workers": [
                                {
                                    "Worker Number": 0,
                                    "Actual Startup Time": 743.088,
                                    "Actual Total Time": 743.093,
                                    "Actual Rows": 1,
                                    "Actual Loops": 1
                                },
                                {
                                    "Worker Number": 1,
                                    "Actual Startup Time": 743.895,
                                    "Actual Total Time": 743.902,
                                    "Actual Rows": 1,
                                    "Actual Loops": 1
                                },
                                {
                                    "Worker Number": 2,
                                    "Actual Startup Time": 743.622,
                                    "Actual Total Time": 743.627,
                                    "Actual Rows": 1,
                                    "Actual Loops": 1
                                }
                            ],
                            "Plans": [
                                {
                                    "Node Type": "Hash Join",
                                    "Parent Relationship": "Outer",
                                    "Parallel Aware": true,
                                    "Join Type": "Inner",
                                    "Startup Cost": 90795.31,
                                    "Total Cost": 123944.96,
                                    "Plan Rows": 82843,
                                    "Plan Width": 0,
                                    "Actual Startup Time": 623.544,
                                    "Actual Total Time": 733.691,
                                    "Actual Rows": 251751,
                                    "Actual Loops": 4,
                                    "Inner Unique": false,
                                    "Hash Cond": "(mc.movie_id = t.id)",
                                    "Workers": [
                                        {
                                            "Worker Number": 0,
                                            "Actual Startup Time": 620.468,
                                            "Actual Total Time": 730.792,
                                            "Actual Rows": 297319,
                                            "Actual Loops": 1
                                        },
                                        {
                                            "Worker Number": 1,
                                            "Actual Startup Time": 620.741,
                                            "Actual Total Time": 731.113,
                                            "Actual Rows": 197275,
                                            "Actual Loops": 1
                                        },
                                        {
                                            "Worker Number": 2,
                                            "Actual Startup Time": 621.007,
                                            "Actual Total Time": 731.123,
                                            "Actual Rows": 302143,
                                            "Actual Loops": 1
                                        }
                                    ],
                                    "Plans": [
                                        {
                                            "Node Type": "Seq Scan",
                                            "Parent Relationship": "Outer",
                                            "Parallel Aware": true,
                                            "Relation Name": "movie_companies",
                                            "Schema": "public",
                                            "Alias": "mc",
                                            "Startup Cost": 0.0,
                                            "Total Cost": 31414.82,
                                            "Plan Rows": 391360,
                                            "Plan Width": 4,
                                            "Actual Startup Time": 31.29,
                                            "Actual Total Time": 74.699,
                                            "Actual Rows": 320453,
                                            "Actual Loops": 4,
                                            "Output": [
                                                "mc.id",
                                                "mc.movie_id",
                                                "mc.company_id",
                                                "mc.company_type_id",
                                                "mc.note"
                                            ],
                                            "Filter": "((mc.company_id > 91) AND (mc.company_type_id = 2))",
                                            "Rows Removed by Filter": 331829,
                                            "Workers": [
                                                {
                                                    "Worker Number": 0,
                                                    "Actual Startup Time": 31.308,
                                                    "Actual Total Time": 74.111,
                                                    "Actual Rows": 375451,
                                                    "Actual Loops": 1
                                                },
                                                {
                                                    "Worker Number": 1,
                                                    "Actual Startup Time": 31.325,
                                                    "Actual Total Time": 75.842,
                                                    "Actual Rows": 244832,
                                                    "Actual Loops": 1
                                                },
                                                {
                                                    "Worker Number": 2,
                                                    "Actual Startup Time": 31.226,
                                                    "Actual Total Time": 74.35,
                                                    "Actual Rows": 379083,
                                                    "Actual Loops": 1
                                                }
                                            ]
                                        },
                                        {
                                            "Node Type": "Hash",
                                            "Parent Relationship": "Inner",
                                            "Parallel Aware": true,
                                            "Startup Cost": 88637.26,
                                            "Total Cost": 88637.26,
                                            "Plan Rows": 172644,
                                            "Plan Width": 8,
                                            "Actual Startup Time": 578.934,
                                            "Actual Total Time": 579.125,
                                            "Actual Rows": 131360,
                                            "Actual Loops": 4,
                                            "Output": [
                                                "t.id",
                                                "mk.movie_id"
                                            ],
                                            "Hash Buckets": 1048576,
                                            "Original Hash Buckets": 1048576,
                                            "Hash Batches": 1,
                                            "Original Hash Batches": 1,
                                            "Peak Memory Usage": 28832,
                                            "Workers": [
                                                {
                                                    "Worker Number": 0,
                                                    "Actual Startup Time": 578.53,
                                                    "Actual Total Time": 578.534,
                                                    "Actual Rows": 142949,
                                                    "Actual Loops": 1
                                                },
                                                {
                                                    "Worker Number": 1,
                                                    "Actual Startup Time": 578.823,
                                                    "Actual Total Time": 578.828,
                                                    "Actual Rows": 112184,
                                                    "Actual Loops": 1
                                                },
                                                {
                                                    "Worker Number": 2,
                                                    "Actual Startup Time": 578.96,
                                                    "Actual Total Time": 578.963,
                                                    "Actual Rows": 144876,
                                                    "Actual Loops": 1
                                                }
                                            ],
                                            "Plans": [
                                                {
                                                    "Node Type": "Hash Join",
                                                    "Parent Relationship": "Outer",
                                                    "Parallel Aware": true,
                                                    "Join Type": "Inner",
                                                    "Startup Cost": 61572.01,
                                                    "Total Cost": 88637.26,
                                                    "Plan Rows": 172644,
                                                    "Plan Width": 8,
                                                    "Actual Startup Time": 429.966,
                                                    "Actual Total Time": 540.235,
                                                    "Actual Rows": 131360,
                                                    "Actual Loops": 4,
                                                    "Output": [
                                                        "t.id",
                                                        "mk.movie_id"
                                                    ],
                                                    "Inner Unique": true,
                                                    "Hash Cond": "(mk.movie_id = t.id)",
                                                    "Workers": [
                                                        {
                                                            "Worker Number": 0,
                                                            "Actual Startup Time": 429.592,
                                                            "Actual Total Time": 539.557,
                                                            "Actual Rows": 142949,
                                                            "Actual Loops": 1
                                                        },
                                                        {
                                                            "Worker Number": 1,
                                                            "Actual Startup Time": 429.539,
                                                            "Actual Total Time": 541.261,
                                                            "Actual Rows": 112184,
                                                            "Actual Loops": 1
                                                        },
                                                        {
                                                            "Worker Number": 2,
                                                            "Actual Startup Time": 430.056,
                                                            "Actual Total Time": 541.262,
                                                            "Actual Rows": 144876,
                                                            "Actual Loops": 1
                                                        }
                                                    ],
                                                    "Plans": [
                                                        {
                                                            "Node Type": "Bitmap Heap Scan",
                                                            "Parent Relationship": "Outer",
                                                            "Parallel Aware": true,
                                                            "Relation Name": "movie_keyword",
                                                            "Schema": "public",
                                                            "Alias": "mk",
                                                            "Startup Cost": 11352.21,
                                                            "Total Cost": 37964.26,
                                                            "Plan Rows": 172644,
                                                            "Plan Width": 4,
                                                            "Actual Startup Time": 67.028,
                                                            "Actual Total Time": 125.053,
                                                            "Actual Rows": 131360,
                                                            "Actual Loops": 4,
                                                            "Output": [
                                                                "mk.id",
                                                                "mk.movie_id",
                                                                "mk.keyword_id"
                                                            ],
                                                            "Recheck Cond": "(mk.keyword_id > 34582)",
                                                            "Rows Removed by Index Recheck": 0,
                                                            "Exact Heap Blocks": 5497,
                                                            "Lossy Heap Blocks": 0,
                                                            "Workers": [
                                                                {
                                                                    "Worker Number": 0,
                                                                    "Actual Startup Time": 67.117,
                                                                    "Actual Total Time": 126.304,
                                                                    "Actual Rows": 142949,
                                                                    "Actual Loops": 1
                                                                },
                                                                {
                                                                    "Worker Number": 1,
                                                                    "Actual Startup Time": 66.798,
                                                                    "Actual Total Time": 130.441,
                                                                    "Actual Rows": 112184,
                                                                    "Actual Loops": 1
                                                                },
                                                                {
                                                                    "Worker Number": 2,
                                                                    "Actual Startup Time": 67.056,
                                                                    "Actual Total Time": 125.847,
                                                                    "Actual Rows": 144876,
                                                                    "Actual Loops": 1
                                                                }
                                                            ],
                                                            "Plans": [
                                                                {
                                                                    "Node Type": "Bitmap Index Scan",
                                                                    "Parent Relationship": "Outer",
                                                                    "Parallel Aware": false,
                                                                    "Index Name": "keyword_id_movie_keyword",
                                                                    "Startup Cost": 0.0,
                                                                    "Total Cost": 11218.41,
                                                                    "Plan Rows": 535197,
                                                                    "Plan Width": 0,
                                                                    "Actual Startup Time": 61.38,
                                                                    "Actual Total Time": 61.38,
                                                                    "Actual Rows": 525440,
                                                                    "Actual Loops": 1,
                                                                    "Index Cond": "(mk.keyword_id > 34582)",
                                                                    "Workers": [
                                                                        {
                                                                            "Worker Number": 1,
                                                                            "Actual Startup Time": 61.38,
                                                                            "Actual Total Time": 61.38,
                                                                            "Actual Rows": 525440,
                                                                            "Actual Loops": 1
                                                                        }
                                                                    ]
                                                                }
                                                            ]
                                                        },
                                                        {
                                                            "Node Type": "Hash",
                                                            "Parent Relationship": "Inner",
                                                            "Parallel Aware": true,
                                                            "Startup Cost": 42318.81,
                                                            "Total Cost": 42318.81,
                                                            "Plan Rows": 632080,
                                                            "Plan Width": 4,
                                                            "Actual Startup Time": 354.752,
                                                            "Actual Total Time": 354.753,
                                                            "Actual Rows": 632078,
                                                            "Actual Loops": 4,
                                                            "Output": [
                                                                "t.id"
                                                            ],
                                                            "Hash Buckets": 4194304,
                                                            "Original Hash Buckets": 4194304,
                                                            "Hash Batches": 1,
                                                            "Original Hash Batches": 1,
                                                            "Peak Memory Usage": 131776,
                                                            "Workers": [
                                                                {
                                                                    "Worker Number": 0,
                                                                    "Actual Startup Time": 362.337,
                                                                    "Actual Total Time": 362.338,
                                                                    "Actual Rows": 706770,
                                                                    "Actual Loops": 1
                                                                },
                                                                {
                                                                    "Worker Number": 1,
                                                                    "Actual Startup Time": 362.677,
                                                                    "Actual Total Time": 362.679,
                                                                    "Actual Rows": 490232,
                                                                    "Actual Loops": 1
                                                                },
                                                                {
                                                                    "Worker Number": 2,
                                                                    "Actual Startup Time": 362.871,
                                                                    "Actual Total Time": 362.871,
                                                                    "Actual Rows": 707900,
                                                                    "Actual Loops": 1
                                                                }
                                                            ],
                                                            "Plans": [
                                                                {
                                                                    "Node Type": "Seq Scan",
                                                                    "Parent Relationship": "Outer",
                                                                    "Parallel Aware": true,
                                                                    "Relation Name": "title",
                                                                    "Schema": "public",
                                                                    "Alias": "t",
                                                                    "Startup Cost": 0.0,
                                                                    "Total Cost": 42318.81,
                                                                    "Plan Rows": 632080,
                                                                    "Plan Width": 4,
                                                                    "Actual Startup Time": 0.051,
                                                                    "Actual Total Time": 100.348,
                                                                    "Actual Rows": 632078,
                                                                    "Actual Loops": 4,
                                                                    "Output": [
                                                                        "t.id"
                                                                    ],
                                                                    "Workers": [
                                                                        {
                                                                            "Worker Number": 0,
                                                                            "Actual Startup Time": 0.071,
                                                                            "Actual Total Time": 100.371,
                                                                            "Actual Rows": 706770,
                                                                            "Actual Loops": 1
                                                                        },
                                                                        {
                                                                            "Worker Number": 1,
                                                                            "Actual Startup Time": 0.063,
                                                                            "Actual Total Time": 108.027,
                                                                            "Actual Rows": 490232,
                                                                            "Actual Loops": 1
                                                                        },
                                                                        {
                                                                            "Worker Number": 2,
                                                                            "Actual Startup Time": 0.055,
                                                                            "Actual Total Time": 100.614,
                                                                            "Actual Rows": 707900,
                                                                            "Actual Loops": 1
                                                                        }
                                                                    ]
                                                                }
                                                            ]
                                                        }
                                                    ]
                                                }
                                            ]
                                        }
                                    ]
                                }
                            ]
                        }
                    ]
                }
            ]
        },
        "Planning Time": 297.564,
        "Triggers": [],
        "Execution Time": 795.28
    }
]