{
  "Plan": {
    "Node Type": "Aggregate",
    "Strategy": "Plain",
    "Partial Mode": "Finalize",
    "Parallel Aware": false,
    "Startup Cost": 228980.72,
    "Total Cost": 228980.73,
    "Plan Rows": 1,
    "Plan Width": 8,
    "Actual Startup Time": 416.795,
    "Actual Total Time": 432.657,
    "Actual Rows": 1,
    "Actual Loops": 1,
    "Plans": [
      {
        "Node Type": "Gather",
        "Parent Relationship": "Outer",
        "Parallel Aware": false,
        "Startup Cost": 228980.61,
        "Total Cost": 228980.72,
        "Plan Rows": 1,
        "Plan Width": 8,
        "Actual Startup Time": 414.773,
        "Actual Total Time": 432.65,
        "Actual Rows": 2,
        "Actual Loops": 1,
        "Workers Planned": 1,
        "Workers Launched": 1,
        "Single Copy": false,
        "Plans": [
          {
            "Node Type": "Aggregate",
            "Strategy": "Plain",
            "Partial Mode": "Partial",
            "Parent Relationship": "Outer",
            "Parallel Aware": false,
            "Startup Cost": 227980.61,
            "Total Cost": 227980.62,
            "Plan Rows": 1,
            "Plan Width": 8,
            "Actual Startup Time": 408.862,
            "Actual Total Time": 408.866,
            "Actual Rows": 1,
            "Actual Loops": 2,
            "Plans": [
              {
                "Node Type": "Nested Loop",
                "Parent Relationship": "Outer",
                "Parallel Aware": false,
                "Join Type": "Inner",
                "Startup Cost": 62287.62,
                "Total Cost": 227930.81,
                "Plan Rows": 19921,
                "Plan Width": 0,
                "Actual Startup Time": 265.674,
                "Actual Total Time": 394.623,
                "Actual Rows": 361476,
                "Actual Loops": 2,
                "Inner Unique": false,
                "Plans": [
                  {
                    "Node Type": "Hash Join",
                    "Parent Relationship": "Outer",
                    "Parallel Aware": true,
                    "Join Type": "Inner",
                    "Startup Cost": 62287.19,
                    "Total Cost": 214197.36,
                    "Plan Rows": 19304,
                    "Plan Width": 8,
                    "Actual Startup Time": 265.593,
                    "Actual Total Time": 279.879,
                    "Actual Rows": 14994,
                    "Actual Loops": 2,
                    "Inner Unique": true,
                    "Hash Cond": "(mi.movie_id = t.id)",
                    "Plans": [
                      {
                        "Node Type": "Bitmap Heap Scan",
                        "Parent Relationship": "Outer",
                        "Parallel Aware": true,
                        "Relation Name": "movie_info",
                        "Alias": "mi",
                        "Startup Cost": 1913.73,
                        "Total Cost": 153661.06,
                        "Plan Rows": 62034,
                        "Plan Width": 4,
                        "Actual Startup Time": 4.326,
                        "Actual Total Time": 14.612,
                        "Actual Rows": 54517,
                        "Actual Loops": 2,
                        "Recheck Cond": "(info_type_id = 106)",
                        "Rows Removed by Index Recheck": 0,
                        "Exact Heap Blocks": 2483,
                        "Lossy Heap Blocks": 0,
                        "Plans": [
                          {
                            "Node Type": "Bitmap Index Scan",
                            "Parent Relationship": "Outer",
                            "Parallel Aware": false,
                            "Index Name": "info_type_id_movie_info",
                            "Startup Cost": 0.0,
                            "Total Cost": 1887.36,
                            "Plan Rows": 105457,
                            "Plan Width": 0,
                            "Actual Startup Time": 3.709,
                            "Actual Total Time": 3.71,
                            "Actual Rows": 109034,
                            "Actual Loops": 1,
                            "Index Cond": "(info_type_id = 106)"
                          }
                        ]
                      },
                      {
                        "Node Type": "Hash",
                        "Parent Relationship": "Inner",
                        "Parallel Aware": true,
                        "Startup Cost": 54588.39,
                        "Total Cost": 54588.39,
                        "Plan Rows": 462806,
                        "Plan Width": 4,
                        "Actual Startup Time": 247.69,
                        "Actual Total Time": 247.69,
                        "Actual Rows": 392463,
                        "Actual Loops": 2,
                        "Hash Buckets": 1048576,
                        "Original Hash Buckets": 1048576,
                        "Hash Batches": 1,
                        "Original Hash Batches": 1,
                        "Peak Memory Usage": 38944,
                        "Plans": [
                          {
                            "Node Type": "Seq Scan",
                            "Parent Relationship": "Outer",
                            "Parallel Aware": true,
                            "Relation Name": "title",
                            "Alias": "t",
                            "Startup Cost": 0.0,
                            "Total Cost": 54588.39,
                            "Plan Rows": 462806,
                            "Plan Width": 4,
                            "Actual Startup Time": 0.031,
                            "Actual Total Time": 151.045,
                            "Actual Rows": 392463,
                            "Actual Loops": 2,
                            "Filter": "(production_year > 2007)",
                            "Rows Removed by Filter": 871693
                          }
                        ]
                      }
                    ]
                  },
                  {
                    "Node Type": "Index Only Scan",
                    "Parent Relationship": "Inner",
                    "Parallel Aware": false,
                    "Scan Direction": "Forward",
                    "Index Name": "movie_id_movie_companies",
                    "Relation Name": "movie_companies",
                    "Alias": "mc",
                    "Startup Cost": 0.43,
                    "Total Cost": 0.66,
                    "Plan Rows": 5,
                    "Plan Width": 4,
                    "Actual Startup Time": 0.002,
                    "Actual Total Time": 0.006,
                    "Actual Rows": 24,
                    "Actual Loops": 29988,
                    "Index Cond": "(movie_id = t.id)",
                    "Rows Removed by Index Recheck": 0,
                    "Heap Fetches": 722952
                  }
                ]
              }
            ]
          }
        ]
      }
    ]
  },
  "Planning Time": 1.085,
  "Triggers": [],
  "Execution Time": 432.759
}