[
  {
    "Plan": {
      "Node Type": "Aggregate",
      "Strategy": "Plain",
      "Partial Mode": "Simple",
      "Parallel Aware": false,
      "Startup Cost": 20486.8,
      "Total Cost": 20486.81,
      "Plan Rows": 1,
      "Plan Width": 8,
      "Actual Startup Time": 6.824,
      "Actual Total Time": 6.825,
      "Actual Rows": 1,
      "Actual Loops": 1,
      "Plans": [
        {
          "Node Type": "Bitmap Heap Scan",
          "Parent Relationship": "Outer",
          "Parallel Aware": false,
          "Relation Name": "movie_companies",
          "Alias": "mc",
          "Startup Cost": 458.33,
          "Total Cost": 20459.68,
          "Plan Rows": 10847,
          "Plan Width": 0,
          "Actual Startup Time": 0.842,
          "Actual Total Time": 5.784,
          "Actual Rows": 20260,
          "Actual Loops": 1,
          "Recheck Cond": "(company_id > 216119)",
          "Rows Removed by Index Recheck": 0,
          "Filter": "(company_type_id > 1)",
          "Rows Removed by Filter": 0,
          "Exact Heap Blocks": 878,
          "Lossy Heap Blocks": 0,
          "Plans": [
            {
              "Node Type": "Bitmap Index Scan",
              "Parent Relationship": "Outer",
              "Parallel Aware": false,
              "Index Name": "company_id_movie_companies",
              "Startup Cost": 0.0,
              "Total Cost": 455.62,
              "Plan Rows": 21225,
              "Plan Width": 0,
              "Actual Startup Time": 0.763,
              "Actual Total Time": 0.764,
              "Actual Rows": 20260,
              "Actual Loops": 1,
              "Index Cond": "(company_id > 216119)"
            }
          ]
        }
      ]
    },
    "Planning Time": 0.125,
    "Triggers": [],
    "Execution Time": 6.849
  }
]