[
  {
    "Plan": {
      "Node Type": "Aggregate",
      "Strategy": "Plain",
      "Partial Mode": "Finalize",
      "Parallel Aware": false,
      "Startup Cost": 66431.68,
      "Total Cost": 66431.69,
      "Plan Rows": 1,
      "Plan Width": 8,
      "Actual Startup Time": 127.025,
      "Actual Total Time": 133.932,
      "Actual Rows": 1,
      "Actual Loops": 1,
      "Plans": [
        {
          "Node Type": "Gather",
          "Parent Relationship": "Outer",
          "Parallel Aware": false,
          "Startup Cost": 66431.26,
          "Total Cost": 66431.67,
          "Plan Rows": 4,
          "Plan Width": 8,
          "Actual Startup Time": 126.478,
          "Actual Total Time": 133.925,
          "Actual Rows": 5,
          "Actual Loops": 1,
          "Workers Planned": 4,
          "Workers Launched": 4,
          "Single Copy": false,
          "Plans": [
            {
              "Node Type": "Aggregate",
              "Strategy": "Plain",
              "Partial Mode": "Partial",
              "Parent Relationship": "Outer",
              "Parallel Aware": false,
              "Startup Cost": 65431.26,
              "Total Cost": 65431.27,
              "Plan Rows": 1,
              "Plan Width": 8,
              "Actual Startup Time": 117.422,
              "Actual Total Time": 117.425,
              "Actual Rows": 1,
              "Actual Loops": 5,
              "Plans": [
                {
                  "Node Type": "Hash Join",
                  "Parent Relationship": "Outer",
                  "Parallel Aware": true,
                  "Join Type": "Inner",
                  "Startup Cost": 20260.04,
                  "Total Cost": 65419.1,
                  "Plan Rows": 4865,
                  "Plan Width": 0,
                  "Actual Startup Time": 78.107,
                  "Actual Total Time": 116.929,
                  "Actual Rows": 10209,
                  "Actual Loops": 5,
                  "Inner Unique": false,
                  "Hash Cond": "(t.id = mc.movie_id)",
                  "Plans": [
                    {
                      "Node Type": "Seq Scan",
                      "Parent Relationship": "Outer",
                      "Parallel Aware": true,
                      "Relation Name": "title",
                      "Alias": "t",
                      "Startup Cost": 0.0,
                      "Total Cost": 43899.01,
                      "Plan Rows": 248871,
                      "Plan Width": 4,
                      "Actual Startup Time": 0.023,
                      "Actual Total Time": 70.228,
                      "Actual Rows": 197010,
                      "Actual Loops": 5,
                      "Filter": "(kind_id < 7)",
                      "Rows Removed by Filter": 308653
                    },
                    {
                      "Node Type": "Hash",
                      "Parent Relationship": "Inner",
                      "Parallel Aware": true,
                      "Startup Cost": 20060.76,
                      "Total Cost": 20060.76,
                      "Plan Rows": 15943,
                      "Plan Width": 4,
                      "Actual Startup Time": 21.703,
                      "Actual Total Time": 21.704,
                      "Actual Rows": 10209,
                      "Actual Loops": 5,
                      "Hash Buckets": 65536,
                      "Original Hash Buckets": 65536,
                      "Hash Batches": 1,
                      "Original Hash Batches": 1,
                      "Peak Memory Usage": 2592,
                      "Plans": [
                        {
                          "Node Type": "Bitmap Heap Scan",
                          "Parent Relationship": "Outer",
                          "Parallel Aware": true,
                          "Relation Name": "movie_companies",
                          "Alias": "mc",
                          "Startup Cost": 1071.47,
                          "Total Cost": 20060.76,
                          "Plan Rows": 15943,
                          "Plan Width": 4,
                          "Actual Startup Time": 2.556,
                          "Actual Total Time": 14.732,
                          "Actual Rows": 10209,
                          "Actual Loops": 5,
                          "Recheck Cond": "(company_id > 190648)",
                          "Rows Removed by Index Recheck": 0,
                          "Exact Heap Blocks": 703,
                          "Lossy Heap Blocks": 0,
                          "Plans": [
                            {
                              "Node Type": "Bitmap Index Scan",
                              "Parent Relationship": "Outer",
                              "Parallel Aware": false,
                              "Index Name": "company_id_movie_companies",
                              "Startup Cost": 0.0,
                              "Total Cost": 1059.11,
                              "Plan Rows": 49424,
                              "Plan Width": 0,
                              "Actual Startup Time": 6.808,
                              "Actual Total Time": 6.808,
                              "Actual Rows": 51043,
                              "Actual Loops": 1,
                              "Index Cond": "(company_id > 190648)"
                            }
                          ]
                        }
                      ]
                    }
                  ]
                }
              ]
            }
          ]
        }
      ]
    },
    "Planning Time": 0.596,
    "Triggers": [],
    "Execution Time": 134.04
  }
]