[
  {
    "Plan": {
      "Node Type": "Aggregate",
      "Strategy": "Plain",
      "Partial Mode": "Finalize",
      "Parallel Aware": false,
      "Startup Cost": 46485.82,
      "Total Cost": 46485.83,
      "Plan Rows": 1,
      "Plan Width": 8,
      "Actual Startup Time": 71.162,
      "Actual Total Time": 77.245,
      "Actual Rows": 1,
      "Actual Loops": 1,
      "Plans": [
        {
          "Node Type": "Gather",
          "Parent Relationship": "Outer",
          "Parallel Aware": false,
          "Startup Cost": 46485.4,
          "Total Cost": 46485.81,
          "Plan Rows": 4,
          "Plan Width": 8,
          "Actual Startup Time": 70.92,
          "Actual Total Time": 77.239,
          "Actual Rows": 5,
          "Actual Loops": 1,
          "Workers Planned": 4,
          "Workers Launched": 4,
          "Single Copy": false,
          "Plans": [
            {
              "Node Type": "Aggregate",
              "Strategy": "Plain",
              "Partial Mode": "Partial",
              "Parent Relationship": "Outer",
              "Parallel Aware": false,
              "Startup Cost": 45485.4,
              "Total Cost": 45485.41,
              "Plan Rows": 1,
              "Plan Width": 8,
              "Actual Startup Time": 67.842,
              "Actual Total Time": 67.843,
              "Actual Rows": 1,
              "Actual Loops": 5,
              "Plans": [
                {
                  "Node Type": "Seq Scan",
                  "Parent Relationship": "Outer",
                  "Parallel Aware": true,
                  "Relation Name": "title",
                  "Alias": "t",
                  "Startup Cost": 0.0,
                  "Total Cost": 45479.21,
                  "Plan Rows": 2476,
                  "Plan Width": 0,
                  "Actual Startup Time": 0.06,
                  "Actual Total Time": 67.645,
                  "Actual Rows": 1913,
                  "Actual Loops": 5,
                  "Filter": "((kind_id > 1) AND (production_year = 1974))",
                  "Rows Removed by Filter": 503749
                }
              ]
            }
          ]
        }
      ]
    },
    "Planning Time": 0.083,
    "Triggers": [],
    "Execution Time": 77.271
  }
]