[
  {
    "Plan": {
      "Node Type": "Aggregate",
      "Strategy": "Plain",
      "Partial Mode": "Finalize",
      "Parallel Aware": false,
      "Startup Cost": 129202.36,
      "Total Cost": 129202.37,
      "Plan Rows": 1,
      "Plan Width": 8,
      "Actual Startup Time": 242.787,
      "Actual Total Time": 269.984,
      "Actual Rows": 1,
      "Actual Loops": 1,
      "Plans": [
        {
          "Node Type": "Gather",
          "Parent Relationship": "Outer",
          "Parallel Aware": false,
          "Startup Cost": 129201.84,
          "Total Cost": 129202.35,
          "Plan Rows": 5,
          "Plan Width": 8,
          "Actual Startup Time": 242.645,
          "Actual Total Time": 269.965,
          "Actual Rows": 6,
          "Actual Loops": 1,
          "Workers Planned": 5,
          "Workers Launched": 5,
          "Single Copy": false,
          "Plans": [
            {
              "Node Type": "Aggregate",
              "Strategy": "Plain",
              "Partial Mode": "Partial",
              "Parent Relationship": "Outer",
              "Parallel Aware": false,
              "Startup Cost": 128201.84,
              "Total Cost": 128201.85,
              "Plan Rows": 1,
              "Plan Width": 8,
              "Actual Startup Time": 235.664,
              "Actual Total Time": 235.666,
              "Actual Rows": 1,
              "Actual Loops": 6,
              "Plans": [
                {
                  "Node Type": "Index Scan",
                  "Parent Relationship": "Outer",
                  "Parallel Aware": true,
                  "Scan Direction": "Forward",
                  "Index Name": "role_id_cast_info",
                  "Relation Name": "cast_info",
                  "Alias": "ci",
                  "Startup Cost": 0.56,
                  "Total Cost": 126672.01,
                  "Plan Rows": 611934,
                  "Plan Width": 0,
                  "Actual Startup Time": 0.145,
                  "Actual Total Time": 203.543,
                  "Actual Rows": 683937,
                  "Actual Loops": 6,
                  "Index Cond": "(role_id > 9)",
                  "Rows Removed by Index Recheck": 0,
                  "Filter": "(person_id > 1230926)",
                  "Rows Removed by Filter": 89252
                }
              ]
            }
          ]
        }
      ]
    },
    "Planning Time": 0.116,
    "Triggers": [],
    "Execution Time": 270.034
  }
]