[
  {
    "Plan": {
      "Node Type": "Aggregate",
      "Strategy": "Plain",
      "Partial Mode": "Finalize",
      "Parallel Aware": false,
      "Startup Cost": 348670.97,
      "Total Cost": 348670.98,
      "Plan Rows": 1,
      "Plan Width": 8,
      "Actual Startup Time": 691.952,
      "Actual Total Time": 734.905,
      "Actual Rows": 1,
      "Actual Loops": 1,
      "Plans": [
        {
          "Node Type": "Gather",
          "Parent Relationship": "Outer",
          "Parallel Aware": false,
          "Startup Cost": 348670.35,
          "Total Cost": 348670.96,
          "Plan Rows": 6,
          "Plan Width": 8,
          "Actual Startup Time": 691.656,
          "Actual Total Time": 734.873,
          "Actual Rows": 7,
          "Actual Loops": 1,
          "Workers Planned": 6,
          "Workers Launched": 6,
          "Single Copy": false,
          "Plans": [
            {
              "Node Type": "Aggregate",
              "Strategy": "Plain",
              "Partial Mode": "Partial",
              "Parent Relationship": "Outer",
              "Parallel Aware": false,
              "Startup Cost": 347670.35,
              "Total Cost": 347670.36,
              "Plan Rows": 1,
              "Plan Width": 8,
              "Actual Startup Time": 685.12,
              "Actual Total Time": 685.122,
              "Actual Rows": 1,
              "Actual Loops": 7,
              "Plans": [
                {
                  "Node Type": "Seq Scan",
                  "Parent Relationship": "Outer",
                  "Parallel Aware": true,
                  "Relation Name": "cast_info",
                  "Alias": "ci",
                  "Startup Cost": 0.0,
                  "Total Cost": 343316.27,
                  "Plan Rows": 1741630,
                  "Plan Width": 0,
                  "Actual Startup Time": 248.063,
                  "Actual Total Time": 651.501,
                  "Actual Rows": 648052,
                  "Actual Loops": 7,
                  "Filter": "((person_id < 1610019) AND (role_id > 1))",
                  "Rows Removed by Filter": 4529711
                }
              ]
            }
          ]
        }
      ]
    },
    "Planning Time": 0.188,
    "Triggers": [],
    "Execution Time": 734.965
  }
]