[
  {
    "Plan": {
      "Node Type": "Aggregate",
      "Strategy": "Plain",
      "Partial Mode": "Simple",
      "Parallel Aware": false,
      "Startup Cost": 1872.45,
      "Total Cost": 1872.46,
      "Plan Rows": 1,
      "Plan Width": 96,
      "Actual Startup Time": 17.449,
      "Actual Total Time": 17.456,
      "Actual Rows": 1,
      "Actual Loops": 1,
      "Plans": [
        {
          "Node Type": "Nested Loop",
          "Parent Relationship": "Outer",
          "Parallel Aware": false,
          "Join Type": "Inner",
          "Startup Cost": 54.43,
          "Total Cost": 1872.44,
          "Plan Rows": 1,
          "Plan Width": 48,
          "Actual Startup Time": 7.208,
          "Actual Total Time": 17.414,
          "Actual Rows": 76,
          "Actual Loops": 1,
          "Inner Unique": true,
          "Plans": [
            {
              "Node Type": "Nested Loop",
              "Parent Relationship": "Outer",
              "Parallel Aware": false,
              "Join Type": "Inner",
              "Startup Cost": 54.01,
              "Total Cost": 1871.98,
              "Plan Rows": 1,
              "Plan Width": 52,
              "Actual Startup Time": 6.978,
              "Actual Total Time": 16.416,
              "Actual Rows": 380,
              "Actual Loops": 1,
              "Inner Unique": false,
              "Join Filter": "(ml.movie_id = mk.movie_id)",
              "Rows Removed by Join Filter": 0,
              "Plans": [
                {
                  "Node Type": "Nested Loop",
                  "Parent Relationship": "Outer",
                  "Parallel Aware": false,
                  "Join Type": "Inner",
                  "Startup Cost": 53.58,
                  "Total Cost": 1870.03,
                  "Plan Rows": 1,
                  "Plan Width": 68,
                  "Actual Startup Time": 6.859,
                  "Actual Total Time": 15.994,
                  "Actual Rows": 76,
                  "Actual Loops": 1,
                  "Inner Unique": false,
                  "Join Filter": "(ml.movie_id = mi.movie_id)",
                  "Rows Removed by Join Filter": 0,
                  "Plans": [
                    {
                      "Node Type": "Nested Loop",
                      "Parent Relationship": "Outer",
                      "Parallel Aware": false,
                      "Join Type": "Inner",
                      "Startup Cost": 53.14,
                      "Total Cost": 1862.08,
                      "Plan Rows": 4,
                      "Plan Width": 64,
                      "Actual Startup Time": 6.703,
                      "Actual Total Time": 15.311,
                      "Actual Rows": 40,
                      "Actual Loops": 1,
                      "Inner Unique": true,
                      "Join Filter": "(ml.movie_id = t.id)",
                      "Rows Removed by Join Filter": 0,
                      "Plans": [
                        {
                          "Node Type": "Nested Loop",
                          "Parent Relationship": "Outer",
                          "Parallel Aware": false,
                          "Join Type": "Inner",
                          "Startup Cost": 52.71,
                          "Total Cost": 1857.83,
                          "Plan Rows": 7,
                          "Plan Width": 43,
                          "Actual Startup Time": 1.501,
                          "Actual Total Time": 14.474,
                          "Actual Rows": 213,
                          "Actual Loops": 1,
                          "Inner Unique": true,
                          "Plans": [
                            {
                              "Node Type": "Nested Loop",
                              "Parent Relationship": "Outer",
                              "Parallel Aware": false,
                              "Join Type": "Inner",
                              "Startup Cost": 52.29,
                              "Total Cost": 1840.0,
                              "Plan Rows": 39,
                              "Plan Width": 28,
                              "Actual Startup Time": 1.213,
                              "Actual Total Time": 11.045,
                              "Actual Rows": 534,
                              "Actual Loops": 1,
                              "Inner Unique": false,
                              "Join Filter": "(mc.company_type_id = ct.id)",
                              "Rows Removed by Join Filter": 81,
                              "Plans": [
                                {
                                  "Node Type": "Index Scan",
                                  "Parent Relationship": "Outer",
                                  "Parallel Aware": false,
                                  "Scan Direction": "Forward",
                                  "Index Name": "company_type_pkey",
                                  "Relation Name": "company_type",
                                  "Alias": "ct",
                                  "Startup Cost": 0.13,
                                  "Total Cost": 12.2,
                                  "Plan Rows": 1,
                                  "Plan Width": 4,
                                  "Actual Startup Time": 0.069,
                                  "Actual Total Time": 0.071,
                                  "Actual Rows": 1,
                                  "Actual Loops": 1,
                                  "Filter": "((kind)::text = 'production companies'::text)",
                                  "Rows Removed by Filter": 3
                                },
                                {
                                  "Node Type": "Nested Loop",
                                  "Parent Relationship": "Inner",
                                  "Parallel Aware": false,
                                  "Join Type": "Inner",
                                  "Startup Cost": 52.16,
                                  "Total Cost": 1825.84,
                                  "Plan Rows": 157,
                                  "Plan Width": 32,
                                  "Actual Startup Time": 1.141,
                                  "Actual Total Time": 10.87,
                                  "Actual Rows": 615,
                                  "Actual Loops": 1,
                                  "Inner Unique": false,
                                  "Join Filter": "(ml.movie_id = mc.movie_id)",
                                  "Rows Removed by Join Filter": 0,
                                  "Plans": [
                                    {
                                      "Node Type": "Nested Loop",
                                      "Parent Relationship": "Outer",
                                      "Parallel Aware": false,
                                      "Join Type": "Inner",
                                      "Startup Cost": 51.73,
                                      "Total Cost": 1366.06,
                                      "Plan Rows": 330,
                                      "Plan Width": 20,
                                      "Actual Startup Time": 1.002,
                                      "Actual Total Time": 7.802,
                                      "Actual Rows": 160,
                                      "Actual Loops": 1,
                                      "Inner Unique": false,
                                      "Join Filter": "(cc.status_id = cct2.id)",
                                      "Rows Removed by Join Filter": 68,
                                      "Plans": [
                                        {
                                          "Node Type": "Index Scan",
                                          "Parent Relationship": "Outer",
                                          "Parallel Aware": false,
                                          "Scan Direction": "Forward",
                                          "Index Name": "comp_cast_type_pkey",
                                          "Relation Name": "comp_cast_type",
                                          "Alias": "cct2",
                                          "Startup Cost": 0.13,
                                          "Total Cost": 12.2,
                                          "Plan Rows": 1,
                                          "Plan Width": 4,
                                          "Actual Startup Time": 0.041,
                                          "Actual Total Time": 0.043,
                                          "Actual Rows": 1,
                                          "Actual Loops": 1,
                                          "Filter": "((kind)::text = 'complete'::text)",
                                          "Rows Removed by Filter": 3
                                        },
                                        {
                                          "Node Type": "Hash Join",
                                          "Parent Relationship": "Inner",
                                          "Parallel Aware": false,
                                          "Join Type": "Inner",
                                          "Startup Cost": 51.6,
                                          "Total Cost": 1337.34,
                                          "Plan Rows": 1321,
                                          "Plan Width": 24,
                                          "Actual Startup Time": 0.96,
                                          "Actual Total Time": 7.711,
                                          "Actual Rows": 228,
                                          "Actual Loops": 1,
                                          "Inner Unique": true,
                                          "Hash Cond": "(cc.subject_id = cct1.id)",
                                          "Plans": [
                                            {
                                              "Node Type": "Nested Loop",
                                              "Parent Relationship": "Outer",
                                              "Parallel Aware": false,
                                              "Join Type": "Inner",
                                              "Startup Cost": 39.38,
                                              "Total Cost": 1310.84,
                                              "Plan Rows": 2642,
                                              "Plan Width": 28,
                                              "Actual Startup Time": 0.877,
                                              "Actual Total Time": 7.514,
                                              "Actual Rows": 257,
                                              "Actual Loops": 1,
                                              "Inner Unique": false,
                                              "Plans": [
                                                {
                                                  "Node Type": "Nested Loop",
                                                  "Parent Relationship": "Outer",
                                                  "Parallel Aware": false,
                                                  "Join Type": "Inner",
                                                  "Startup Cost": 38.96,
                                                  "Total Cost": 256.46,
                                                  "Plan Rows": 1666,
                                                  "Plan Width": 16,
                                                  "Actual Startup Time": 0.271,
                                                  "Actual Total Time": 2.471,
                                                  "Actual Rows": 2315,
                                                  "Actual Loops": 1,
                                                  "Inner Unique": false,
                                                  "Plans": [
                                                    {
                                                      "Node Type": "Index Scan",
                                                      "Parent Relationship": "Outer",
                                                      "Parallel Aware": false,
                                                      "Scan Direction": "Forward",
                                                      "Index Name": "link_type_pkey",
                                                      "Relation Name": "link_type",
                                                      "Alias": "lt",
                                                      "Startup Cost": 0.14,
                                                      "Total Cost": 12.45,
                                                      "Plan Rows": 1,
                                                      "Plan Width": 16,
                                                      "Actual Startup Time": 0.05,
                                                      "Actual Total Time": 0.057,
                                                      "Actual Rows": 2,
                                                      "Actual Loops": 1,
                                                      "Filter": "((link)::text ~~ '%follow%'::text)",
                                                      "Rows Removed by Filter": 16
                                                    },
                                                    {
                                                      "Node Type": "Bitmap Heap Scan",
                                                      "Parent Relationship": "Inner",
                                                      "Parallel Aware": false,
                                                      "Relation Name": "movie_link",
                                                      "Alias": "ml",
                                                      "Startup Cost": 38.82,
                                                      "Total Cost": 225.26,
                                                      "Plan Rows": 1875,
                                                      "Plan Width": 8,
                                                      "Actual Startup Time": 0.154,
                                                      "Actual Total Time": 1.026,
                                                      "Actual Rows": 1158,
                                                      "Actual Loops": 2,
                                                      "Recheck Cond": "(link_type_id = lt.id)",
                                                      "Rows Removed by Index Recheck": 0,
                                                      "Exact Heap Blocks": 191,
                                                      "Lossy Heap Blocks": 0,
                                                      "Plans": [
                                                        {
                                                          "Node Type": "Bitmap Index Scan",
                                                          "Parent Relationship": "Outer",
                                                          "Parallel Aware": false,
                                                          "Index Name": "link_type_id_movie_link",
                                                          "Startup Cost": 0.0,
                                                          "Total Cost": 38.35,
                                                          "Plan Rows": 1875,
                                                          "Plan Width": 0,
                                                          "Actual Startup Time": 0.122,
                                                          "Actual Total Time": 0.122,
                                                          "Actual Rows": 1158,
                                                          "Actual Loops": 2,
                                                          "Index Cond": "(link_type_id = lt.id)"
                                                        }
                                                      ]
                                                    }
                                                  ]
                                                },
                                                {
                                                  "Node Type": "Index Scan",
                                                  "Parent Relationship": "Inner",
                                                  "Parallel Aware": false,
                                                  "Scan Direction": "Forward",
                                                  "Index Name": "movie_id_complete_cast",
                                                  "Relation Name": "complete_cast",
                                                  "Alias": "cc",
                                                  "Startup Cost": 0.42,
                                                  "Total Cost": 0.61,
                                                  "Plan Rows": 2,
                                                  "Plan Width": 12,
                                                  "Actual Startup Time": 0.002,
                                                  "Actual Total Time": 0.002,
                                                  "Actual Rows": 0,
                                                  "Actual Loops": 2315,
                                                  "Index Cond": "(movie_id = ml.movie_id)",
                                                  "Rows Removed by Index Recheck": 0
                                                }
                                              ]
                                            },
                                            {
                                              "Node Type": "Hash",
                                              "Parent Relationship": "Inner",
                                              "Parallel Aware": false,
                                              "Startup Cost": 12.2,
                                              "Total Cost": 12.2,
                                              "Plan Rows": 2,
                                              "Plan Width": 4,
                                              "Actual Startup Time": 0.027,
                                              "Actual Total Time": 0.027,
                                              "Actual Rows": 2,
                                              "Actual Loops": 1,
                                              "Hash Buckets": 1024,
                                              "Original Hash Buckets": 1024,
                                              "Hash Batches": 1,
                                              "Original Hash Batches": 1,
                                              "Peak Memory Usage": 9,
                                              "Plans": [
                                                {
                                                  "Node Type": "Index Scan",
                                                  "Parent Relationship": "Outer",
                                                  "Parallel Aware": false,
                                                  "Scan Direction": "Forward",
                                                  "Index Name": "comp_cast_type_pkey",
                                                  "Relation Name": "comp_cast_type",
                                                  "Alias": "cct1",
                                                  "Startup Cost": 0.13,
                                                  "Total Cost": 12.2,
                                                  "Plan Rows": 2,
                                                  "Plan Width": 4,
                                                  "Actual Startup Time": 0.016,
                                                  "Actual Total Time": 0.019,
                                                  "Actual Rows": 2,
                                                  "Actual Loops": 1,
                                                  "Filter": "((kind)::text = ANY ('{complete,cast}'::text[]))",
                                                  "Rows Removed by Filter": 2
                                                }
                                              ]
                                            }
                                          ]
                                        }
                                      ]
                                    },
                                    {
                                      "Node Type": "Index Scan",
                                      "Parent Relationship": "Inner",
                                      "Parallel Aware": false,
                                      "Scan Direction": "Forward",
                                      "Index Name": "movie_id_movie_companies",
                                      "Relation Name": "movie_companies",
                                      "Alias": "mc",
                                      "Startup Cost": 0.43,
                                      "Total Cost": 1.36,
                                      "Plan Rows": 3,
                                      "Plan Width": 12,
                                      "Actual Startup Time": 0.016,
                                      "Actual Total Time": 0.018,
                                      "Actual Rows": 4,
                                      "Actual Loops": 160,
                                      "Index Cond": "(movie_id = cc.movie_id)",
                                      "Rows Removed by Index Recheck": 0,
                                      "Filter": "(note IS NULL)",
                                      "Rows Removed by Filter": 3
                                    }
                                  ]
                                }
                              ]
                            },
                            {
                              "Node Type": "Index Scan",
                              "Parent Relationship": "Inner",
                              "Parallel Aware": false,
                              "Scan Direction": "Forward",
                              "Index Name": "company_name_pkey",
                              "Relation Name": "company_name",
                              "Alias": "cn",
                              "Startup Cost": 0.42,
                              "Total Cost": 0.46,
                              "Plan Rows": 1,
                              "Plan Width": 23,
                              "Actual Startup Time": 0.006,
                              "Actual Total Time": 0.006,
                              "Actual Rows": 0,
                              "Actual Loops": 534,
                              "Index Cond": "(id = mc.company_id)",
                              "Rows Removed by Index Recheck": 0,
                              "Filter": "(((country_code)::text <> '[pl]'::text) AND ((name ~~ '%Film%'::text) OR (name ~~ '%Warner%'::text)))",
                              "Rows Removed by Filter": 1
                            }
                          ]
                        },
                        {
                          "Node Type": "Index Scan",
                          "Parent Relationship": "Inner",
                          "Parallel Aware": false,
                          "Scan Direction": "Forward",
                          "Index Name": "title_pkey",
                          "Relation Name": "title",
                          "Alias": "t",
                          "Startup Cost": 0.43,
                          "Total Cost": 0.59,
                          "Plan Rows": 1,
                          "Plan Width": 21,
                          "Actual Startup Time": 0.004,
                          "Actual Total Time": 0.004,
                          "Actual Rows": 0,
                          "Actual Loops": 213,
                          "Index Cond": "(id = mc.movie_id)",
                          "Rows Removed by Index Recheck": 0,
                          "Filter": "((production_year >= 1998) AND (production_year <= 2011))",
                          "Rows Removed by Filter": 1
                        }
                      ]
                    },
                    {
                      "Node Type": "Index Scan",
                      "Parent Relationship": "Inner",
                      "Parallel Aware": false,
                      "Scan Direction": "Forward",
                      "Index Name": "movie_id_movie_info",
                      "Relation Name": "movie_info",
                      "Alias": "mi",
                      "Startup Cost": 0.43,
                      "Total Cost": 1.97,
                      "Plan Rows": 1,
                      "Plan Width": 4,
                      "Actual Startup Time": 0.009,
                      "Actual Total Time": 0.016,
                      "Actual Rows": 2,
                      "Actual Loops": 40,
                      "Index Cond": "(movie_id = t.id)",
                      "Rows Removed by Index Recheck": 0,
                      "Filter": "(info = ANY ('{Norway,Norwegian,Swedish,\"Finland:29 July 1998\"}'::text[]))",
                      "Rows Removed by Filter": 7
                    }
                  ]
                },
                {
                  "Node Type": "Index Scan",
                  "Parent Relationship": "Inner",
                  "Parallel Aware": false,
                  "Scan Direction": "Forward",
                  "Index Name": "movie_id_movie_keyword",
                  "Relation Name": "movie_keyword",
                  "Alias": "mk",
                  "Startup Cost": 0.43,
                  "Total Cost": 1.38,
                  "Plan Rows": 46,
                  "Plan Width": 8,
                  "Actual Startup Time": 0.003,
                  "Actual Total Time": 0.004,
                  "Actual Rows": 5,
                  "Actual Loops": 76,
                  "Index Cond": "(movie_id = t.id)",
                  "Rows Removed by Index Recheck": 0
                }
              ]
            },
            {
              "Node Type": "Index Scan",
              "Parent Relationship": "Inner",
              "Parallel Aware": false,
              "Scan Direction": "Forward",
              "Index Name": "keyword_pkey",
              "Relation Name": "keyword",
              "Alias": "k",
              "Startup Cost": 0.42,
              "Total Cost": 0.44,
              "Plan Rows": 1,
              "Plan Width": 4,
              "Actual Startup Time": 0.002,
              "Actual Total Time": 0.002,
              "Actual Rows": 0,
              "Actual Loops": 380,
              "Index Cond": "(id = mk.keyword_id)",
              "Rows Removed by Index Recheck": 0,
              "Filter": "(keyword = 'sequel'::text)",
              "Rows Removed by Filter": 1
            }
          ]
        }
      ]
    },
    "Planning Time": 93.198,
    "Triggers": [],
    "Execution Time": 17.963
  }
]