[
  {
    "Plan": {
      "Node Type": "Aggregate",
      "Strategy": "Plain",
      "Partial Mode": "Finalize",
      "Parallel Aware": false,
      "Startup Cost": 45670.42,
      "Total Cost": 45670.43,
      "Plan Rows": 1,
      "Plan Width": 8,
      "Actual Startup Time": 153.964,
      "Actual Total Time": 163.599,
      "Actual Rows": 1,
      "Actual Loops": 1,
      "Plans": [
        {
          "Node Type": "Gather",
          "Parent Relationship": "Outer",
          "Parallel Aware": false,
          "Startup Cost": 45670.1,
          "Total Cost": 45670.41,
          "Plan Rows": 3,
          "Plan Width": 8,
          "Actual Startup Time": 153.848,
          "Actual Total Time": 163.589,
          "Actual Rows": 4,
          "Actual Loops": 1,
          "Workers Planned": 3,
          "Workers Launched": 3,
          "Single Copy": false,
          "Plans": [
            {
              "Node Type": "Aggregate",
              "Strategy": "Plain",
              "Partial Mode": "Partial",
              "Parent Relationship": "Outer",
              "Parallel Aware": false,
              "Startup Cost": 44670.1,
              "Total Cost": 44670.11,
              "Plan Rows": 1,
              "Plan Width": 8,
              "Actual Startup Time": 145.075,
              "Actual Total Time": 145.076,
              "Actual Rows": 1,
              "Actual Loops": 4,
              "Plans": [
                {
                  "Node Type": "Seq Scan",
                  "Parent Relationship": "Outer",
                  "Parallel Aware": true,
                  "Relation Name": "movie_keyword",
                  "Alias": "mk",
                  "Startup Cost": 0.0,
                  "Total Cost": 42695.65,
                  "Plan Rows": 789778,
                  "Plan Width": 0,
                  "Actual Startup Time": 0.07,
                  "Actual Total Time": 117.046,
                  "Actual Rows": 612542,
                  "Actual Loops": 4,
                  "Filter": "(keyword_id < 5852)",
                  "Rows Removed by Filter": 518441
                }
              ]
            }
          ]
        }
      ]
    },
    "Planning Time": 0.165,
    "Triggers": [],
    "Execution Time": 163.653
  }
]