[
    {
        "Bao": {
            "Bao prediction": "NaN",
            "Bao recommended hint": "(no hint)"
        }
    },
    {
        "Plan": {
            "Node Type": "Aggregate",
            "Strategy": "Plain",
            "Partial Mode": "Finalize",
            "Parallel Aware": false,
            "Startup Cost": 84421.91,
            "Total Cost": 84421.92,
            "Plan Rows": 1,
            "Plan Width": 8,
            "Actual Startup Time": 289.532,
            "Actual Total Time": 301.232,
            "Actual Rows": 1,
            "Actual Loops": 1,
            "Output": [
                "count(*)"
            ],
            "Plans": [
                {
                    "Node Type": "Gather",
                    "Parent Relationship": "Outer",
                    "Parallel Aware": false,
                    "Startup Cost": 84421.59,
                    "Total Cost": 84421.9,
                    "Plan Rows": 3,
                    "Plan Width": 8,
                    "Actual Startup Time": 287.747,
                    "Actual Total Time": 301.223,
                    "Actual Rows": 4,
                    "Actual Loops": 1,
                    "Output": [
                        "(PARTIAL count(*))"
                    ],
                    "Workers Planned": 3,
                    "Workers Launched": 3,
                    "Single Copy": false,
                    "Plans": [
                        {
                            "Node Type": "Aggregate",
                            "Strategy": "Plain",
                            "Partial Mode": "Partial",
                            "Parent Relationship": "Outer",
                            "Parallel Aware": false,
                            "Startup Cost": 83421.59,
                            "Total Cost": 83421.6,
                            "Plan Rows": 1,
                            "Plan Width": 8,
                            "Actual Startup Time": 278.812,
                            "Actual Total Time": 278.816,
                            "Actual Rows": 1,
                            "Actual Loops": 4,
                            "Output": [
                                "PARTIAL count(*)"
                            ],
                            "Workers": [
                                {
                                    "Worker Number": 0,
                                    "Actual Startup Time": 275.44,
                                    "Actual Total Time": 275.443,
                                    "Actual Rows": 1,
                                    "Actual Loops": 1
                                },
                                {
                                    "Worker Number": 1,
                                    "Actual Startup Time": 275.927,
                                    "Actual Total Time": 275.93,
                                    "Actual Rows": 1,
                                    "Actual Loops": 1
                                },
                                {
                                    "Worker Number": 2,
                                    "Actual Startup Time": 276.504,
                                    "Actual Total Time": 276.507,
                                    "Actual Rows": 1,
                                    "Actual Loops": 1
                                }
                            ],
                            "Plans": [
                                {
                                    "Node Type": "Hash Join",
                                    "Parent Relationship": "Outer",
                                    "Parallel Aware": true,
                                    "Join Type": "Inner",
                                    "Startup Cost": 56599.0,
                                    "Total Cost": 83371.1,
                                    "Plan Rows": 20197,
                                    "Plan Width": 0,
                                    "Actual Startup Time": 205.667,
                                    "Actual Total Time": 277.299,
                                    "Actual Rows": 19652,
                                    "Actual Loops": 4,
                                    "Inner Unique": true,
                                    "Hash Cond": "(mk.movie_id = t.id)",
                                    "Workers": [
                                        {
                                            "Worker Number": 0,
                                            "Actual Startup Time": 202.318,
                                            "Actual Total Time": 274.086,
                                            "Actual Rows": 24688,
                                            "Actual Loops": 1
                                        },
                                        {
                                            "Worker Number": 1,
                                            "Actual Startup Time": 202.902,
                                            "Actual Total Time": 274.404,
                                            "Actual Rows": 16120,
                                            "Actual Loops": 1
                                        },
                                        {
                                            "Worker Number": 2,
                                            "Actual Startup Time": 203.193,
                                            "Actual Total Time": 275.118,
                                            "Actual Rows": 15150,
                                            "Actual Loops": 1
                                        }
                                    ],
                                    "Plans": [
                                        {
                                            "Node Type": "Bitmap Heap Scan",
                                            "Parent Relationship": "Outer",
                                            "Parallel Aware": true,
                                            "Relation Name": "movie_keyword",
                                            "Schema": "public",
                                            "Alias": "mk",
                                            "Startup Cost": 10078.57,
                                            "Total Cost": 36448.35,
                                            "Plan Rows": 153263,
                                            "Plan Width": 4,
                                            "Actual Startup Time": 45.037,
                                            "Actual Total Time": 111.61,
                                            "Actual Rows": 118136,
                                            "Actual Loops": 4,
                                            "Output": [
                                                "mk.id",
                                                "mk.movie_id",
                                                "mk.keyword_id"
                                            ],
                                            "Recheck Cond": "(mk.keyword_id < 359)",
                                            "Rows Removed by Index Recheck": 0,
                                            "Exact Heap Blocks": 6641,
                                            "Lossy Heap Blocks": 0,
                                            "Workers": [
                                                {
                                                    "Worker Number": 0,
                                                    "Actual Startup Time": 44.838,
                                                    "Actual Total Time": 112.429,
                                                    "Actual Rows": 159375,
                                                    "Actual Loops": 1
                                                },
                                                {
                                                    "Worker Number": 1,
                                                    "Actual Startup Time": 45.141,
                                                    "Actual Total Time": 113.822,
                                                    "Actual Rows": 93971,
                                                    "Actual Loops": 1
                                                },
                                                {
                                                    "Worker Number": 2,
                                                    "Actual Startup Time": 45.069,
                                                    "Actual Total Time": 113.856,
                                                    "Actual Rows": 91523,
                                                    "Actual Loops": 1
                                                }
                                            ],
                                            "Plans": [
                                                {
                                                    "Node Type": "Bitmap Index Scan",
                                                    "Parent Relationship": "Outer",
                                                    "Parallel Aware": false,
                                                    "Index Name": "keyword_id_movie_keyword",
                                                    "Startup Cost": 0.0,
                                                    "Total Cost": 9959.79,
                                                    "Plan Rows": 475114,
                                                    "Plan Width": 0,
                                                    "Actual Startup Time": 41.203,
                                                    "Actual Total Time": 41.204,
                                                    "Actual Rows": 472545,
                                                    "Actual Loops": 1,
                                                    "Index Cond": "(mk.keyword_id < 359)",
                                                    "Workers": [
                                                        {
                                                            "Worker Number": 0,
                                                            "Actual Startup Time": 41.203,
                                                            "Actual Total Time": 41.204,
                                                            "Actual Rows": 472545,
                                                            "Actual Loops": 1
                                                        }
                                                    ]
                                                }
                                            ]
                                        },
                                        {
                                            "Node Type": "Hash",
                                            "Parent Relationship": "Inner",
                                            "Parallel Aware": true,
                                            "Startup Cost": 45479.21,
                                            "Total Cost": 45479.21,
                                            "Plan Rows": 83298,
                                            "Plan Width": 4,
                                            "Actual Startup Time": 132.925,
                                            "Actual Total Time": 132.926,
                                            "Actual Rows": 63893,
                                            "Actual Loops": 4,
                                            "Output": [
                                                "t.id"
                                            ],
                                            "Hash Buckets": 524288,
                                            "Original Hash Buckets": 524288,
                                            "Hash Batches": 1,
                                            "Original Hash Batches": 1,
                                            "Peak Memory Usage": 14208,
                                            "Workers": [
                                                {
                                                    "Worker Number": 0,
                                                    "Actual Startup Time": 131.253,
                                                    "Actual Total Time": 131.254,
                                                    "Actual Rows": 81007,
                                                    "Actual Loops": 1
                                                },
                                                {
                                                    "Worker Number": 1,
                                                    "Actual Startup Time": 131.62,
                                                    "Actual Total Time": 131.621,
                                                    "Actual Rows": 54816,
                                                    "Actual Loops": 1
                                                },
                                                {
                                                    "Worker Number": 2,
                                                    "Actual Startup Time": 132.103,
                                                    "Actual Total Time": 132.105,
                                                    "Actual Rows": 51750,
                                                    "Actual Loops": 1
                                                }
                                            ],
                                            "Plans": [
                                                {
                                                    "Node Type": "Seq Scan",
                                                    "Parent Relationship": "Outer",
                                                    "Parallel Aware": true,
                                                    "Relation Name": "title",
                                                    "Schema": "public",
                                                    "Alias": "t",
                                                    "Startup Cost": 0.0,
                                                    "Total Cost": 45479.21,
                                                    "Plan Rows": 83298,
                                                    "Plan Width": 4,
                                                    "Actual Startup Time": 47.075,
                                                    "Actual Total Time": 107.998,
                                                    "Actual Rows": 63893,
                                                    "Actual Loops": 4,
                                                    "Output": [
                                                        "t.id"
                                                    ],
                                                    "Filter": "((t.production_year > 2002) AND (t.kind_id = 1))",
                                                    "Rows Removed by Filter": 568185,
                                                    "Workers": [
                                                        {
                                                            "Worker Number": 0,
                                                            "Actual Startup Time": 59.53,
                                                            "Actual Total Time": 106.331,
                                                            "Actual Rows": 81007,
                                                            "Actual Loops": 1
                                                        },
                                                        {
                                                            "Worker Number": 1,
                                                            "Actual Startup Time": 59.771,
                                                            "Actual Total Time": 108.116,
                                                            "Actual Rows": 54816,
                                                            "Actual Loops": 1
                                                        },
                                                        {
                                                            "Worker Number": 2,
                                                            "Actual Startup Time": 60.382,
                                                            "Actual Total Time": 107.272,
                                                            "Actual Rows": 51750,
                                                            "Actual Loops": 1
                                                        }
                                                    ]
                                                }
                                            ]
                                        }
                                    ]
                                }
                            ]
                        }
                    ]
                }
            ]
        },
        "Planning Time": 294.209,
        "Triggers": [],
        "Execution Time": 301.309
    }
]