{
  "Plan": {
    "Node Type": "Aggregate",
    "Strategy": "Plain",
    "Partial Mode": "Finalize",
    "Parallel Aware": false,
    "Startup Cost": 124074.08,
    "Total Cost": 124074.09,
    "Plan Rows": 1,
    "Plan Width": 8,
    "Actual Startup Time": 528.039,
    "Actual Total Time": 544.947,
    "Actual Rows": 1,
    "Actual Loops": 1,
    "Plans": [
      {
        "Node Type": "Gather",
        "Parent Relationship": "Outer",
        "Parallel Aware": false,
        "Startup Cost": 124073.97,
        "Total Cost": 124074.08,
        "Plan Rows": 1,
        "Plan Width": 8,
        "Actual Startup Time": 527.185,
        "Actual Total Time": 544.939,
        "Actual Rows": 2,
        "Actual Loops": 1,
        "Workers Planned": 1,
        "Workers Launched": 1,
        "Single Copy": false,
        "Plans": [
          {
            "Node Type": "Aggregate",
            "Strategy": "Plain",
            "Partial Mode": "Partial",
            "Parent Relationship": "Outer",
            "Parallel Aware": false,
            "Startup Cost": 123073.97,
            "Total Cost": 123073.98,
            "Plan Rows": 1,
            "Plan Width": 8,
            "Actual Startup Time": 521.537,
            "Actual Total Time": 521.542,
            "Actual Rows": 1,
            "Actual Loops": 2,
            "Plans": [
              {
                "Node Type": "Hash Join",
                "Parent Relationship": "Outer",
                "Parallel Aware": true,
                "Join Type": "Inner",
                "Startup Cost": 61211.88,
                "Total Cost": 122537.09,
                "Plan Rows": 214752,
                "Plan Width": 0,
                "Actual Startup Time": 222.427,
                "Actual Total Time": 519.133,
                "Actual Rows": 58292,
                "Actual Loops": 2,
                "Inner Unique": true,
                "Hash Cond": "(mk.movie_id = t.id)",
                "Plans": [
                  {
                    "Node Type": "Seq Scan",
                    "Parent Relationship": "Outer",
                    "Parallel Aware": true,
                    "Relation Name": "movie_keyword",
                    "Alias": "mk",
                    "Startup Cost": 0.0,
                    "Total Cost": 57718.19,
                    "Plan Rows": 1374098,
                    "Plan Width": 4,
                    "Actual Startup Time": 0.386,
                    "Actual Total Time": 185.432,
                    "Actual Rows": 1166454,
                    "Actual Loops": 2,
                    "Filter": "(keyword_id > 4333)",
                    "Rows Removed by Filter": 1095510
                  },
                  {
                    "Node Type": "Hash",
                    "Parent Relationship": "Inner",
                    "Parallel Aware": true,
                    "Startup Cost": 58306.47,
                    "Total Cost": 58306.47,
                    "Plan Rows": 232433,
                    "Plan Width": 4,
                    "Actual Startup Time": 216.205,
                    "Actual Total Time": 216.206,
                    "Actual Rows": 200594,
                    "Actual Loops": 2,
                    "Hash Buckets": 524288,
                    "Original Hash Buckets": 524288,
                    "Hash Batches": 1,
                    "Original Hash Batches": 1,
                    "Peak Memory Usage": 19808,
                    "Plans": [
                      {
                        "Node Type": "Seq Scan",
                        "Parent Relationship": "Outer",
                        "Parallel Aware": true,
                        "Relation Name": "title",
                        "Alias": "t",
                        "Startup Cost": 0.0,
                        "Total Cost": 58306.47,
                        "Plan Rows": 232433,
                        "Plan Width": 4,
                        "Actual Startup Time": 0.031,
                        "Actual Total Time": 155.835,
                        "Actual Rows": 200594,
                        "Actual Loops": 2,
                        "Filter": "((kind_id > 1) AND (production_year > 2009))",
                        "Rows Removed by Filter": 1063562
                      }
                    ]
                  }
                ]
              }
            ]
          }
        ]
      }
    ]
  },
  "Planning Time": 0.672,
  "Triggers": [],
  "Execution Time": 545.023
}