[
  {
    "Plan": {
      "Node Type": "Aggregate",
      "Strategy": "Plain",
      "Partial Mode": "Finalize",
      "Parallel Aware": false,
      "Startup Cost": 39733.65,
      "Total Cost": 39733.66,
      "Plan Rows": 1,
      "Plan Width": 8,
      "Actual Startup Time": 121.523,
      "Actual Total Time": 131.344,
      "Actual Rows": 1,
      "Actual Loops": 1,
      "Plans": [
        {
          "Node Type": "Gather",
          "Parent Relationship": "Outer",
          "Parallel Aware": false,
          "Startup Cost": 39733.34,
          "Total Cost": 39733.65,
          "Plan Rows": 3,
          "Plan Width": 8,
          "Actual Startup Time": 121.156,
          "Actual Total Time": 131.334,
          "Actual Rows": 4,
          "Actual Loops": 1,
          "Workers Planned": 3,
          "Workers Launched": 3,
          "Single Copy": false,
          "Plans": [
            {
              "Node Type": "Aggregate",
              "Strategy": "Plain",
              "Partial Mode": "Partial",
              "Parent Relationship": "Outer",
              "Parallel Aware": false,
              "Startup Cost": 38733.34,
              "Total Cost": 38733.35,
              "Plan Rows": 1,
              "Plan Width": 8,
              "Actual Startup Time": 115.027,
              "Actual Total Time": 115.029,
              "Actual Rows": 1,
              "Actual Loops": 4,
              "Plans": [
                {
                  "Node Type": "Bitmap Heap Scan",
                  "Parent Relationship": "Outer",
                  "Parallel Aware": true,
                  "Relation Name": "movie_keyword",
                  "Alias": "mk",
                  "Startup Cost": 11627.61,
                  "Total Cost": 38291.38,
                  "Plan Rows": 176782,
                  "Plan Width": 0,
                  "Actual Startup Time": 30.246,
                  "Actual Total Time": 106.734,
                  "Actual Rows": 136876,
                  "Actual Loops": 4,
                  "Recheck Cond": "(keyword_id < 394)",
                  "Rows Removed by Index Recheck": 0,
                  "Exact Heap Blocks": 11553,
                  "Lossy Heap Blocks": 0,
                  "Plans": [
                    {
                      "Node Type": "Bitmap Index Scan",
                      "Parent Relationship": "Outer",
                      "Parallel Aware": false,
                      "Index Name": "keyword_id_movie_keyword",
                      "Startup Cost": 0.0,
                      "Total Cost": 11490.61,
                      "Plan Rows": 548023,
                      "Plan Width": 0,
                      "Actual Startup Time": 32.461,
                      "Actual Total Time": 32.461,
                      "Actual Rows": 547506,
                      "Actual Loops": 1,
                      "Index Cond": "(keyword_id < 394)"
                    }
                  ]
                }
              ]
            }
          ]
        }
      ]
    },
    "Planning Time": 0.103,
    "Triggers": [],
    "Execution Time": 131.387
  }
]