[
  {
    "Plan": {
      "Node Type": "Aggregate",
      "Strategy": "Plain",
      "Partial Mode": "Finalize",
      "Parallel Aware": false,
      "Startup Cost": 39679.48,
      "Total Cost": 39679.49,
      "Plan Rows": 1,
      "Plan Width": 8,
      "Actual Startup Time": 40.804,
      "Actual Total Time": 44.504,
      "Actual Rows": 1,
      "Actual Loops": 1,
      "Plans": [
        {
          "Node Type": "Gather",
          "Parent Relationship": "Outer",
          "Parallel Aware": false,
          "Startup Cost": 39679.06,
          "Total Cost": 39679.47,
          "Plan Rows": 4,
          "Plan Width": 8,
          "Actual Startup Time": 40.594,
          "Actual Total Time": 44.498,
          "Actual Rows": 5,
          "Actual Loops": 1,
          "Workers Planned": 4,
          "Workers Launched": 4,
          "Single Copy": false,
          "Plans": [
            {
              "Node Type": "Aggregate",
              "Strategy": "Plain",
              "Partial Mode": "Partial",
              "Parent Relationship": "Outer",
              "Parallel Aware": false,
              "Startup Cost": 38679.06,
              "Total Cost": 38679.07,
              "Plan Rows": 1,
              "Plan Width": 8,
              "Actual Startup Time": 32.629,
              "Actual Total Time": 32.63,
              "Actual Rows": 1,
              "Actual Loops": 5,
              "Plans": [
                {
                  "Node Type": "Bitmap Heap Scan",
                  "Parent Relationship": "Outer",
                  "Parallel Aware": true,
                  "Relation Name": "title",
                  "Alias": "t",
                  "Startup Cost": 2183.96,
                  "Total Cost": 38637.39,
                  "Plan Rows": 16664,
                  "Plan Width": 0,
                  "Actual Startup Time": 3.039,
                  "Actual Total Time": 31.267,
                  "Actual Rows": 17482,
                  "Actual Loops": 5,
                  "Recheck Cond": "(kind_id = 4)",
                  "Rows Removed by Index Recheck": 0,
                  "Filter": "(production_year > 2000)",
                  "Rows Removed by Filter": 6165,
                  "Exact Heap Blocks": 6921,
                  "Lossy Heap Blocks": 0,
                  "Plans": [
                    {
                      "Node Type": "Bitmap Index Scan",
                      "Parent Relationship": "Outer",
                      "Parallel Aware": false,
                      "Index Name": "kind_id_title",
                      "Startup Cost": 0.0,
                      "Total Cost": 2167.3,
                      "Plan Rows": 121449,
                      "Plan Width": 0,
                      "Actual Startup Time": 7.269,
                      "Actual Total Time": 7.269,
                      "Actual Rows": 118234,
                      "Actual Loops": 1,
                      "Index Cond": "(kind_id = 4)"
                    }
                  ]
                }
              ]
            }
          ]
        }
      ]
    },
    "Planning Time": 0.092,
    "Triggers": [],
    "Execution Time": 44.541
  }
]