{
    "Plan": {
        "Node Type": "Aggregate",
        "Strategy": "Plain",
        "Partial Mode": "Finalize",
        "Parallel Aware": false,
        "Startup Cost": 531838.61,
        "Total Cost": 531838.62,
        "Plan Rows": 1,
        "Plan Width": 8,
        "Actual Startup Time": 3738.401,
        "Actual Total Time": 3850.111,
        "Actual Rows": 1,
        "Actual Loops": 1,
        "Output": [
            "count(*)"
        ],
        "Plans": [
            {
                "Node Type": "Gather",
                "Parent Relationship": "Outer",
                "Parallel Aware": false,
                "Startup Cost": 531838.09,
                "Total Cost": 531838.6,
                "Plan Rows": 5,
                "Plan Width": 8,
                "Actual Startup Time": 3737.513,
                "Actual Total Time": 3850.102,
                "Actual Rows": 6,
                "Actual Loops": 1,
                "Output": [
                    "(PARTIAL count(*))"
                ],
                "Workers Planned": 5,
                "Workers Launched": 5,
                "Single Copy": false,
                "Plans": [
                    {
                        "Node Type": "Aggregate",
                        "Strategy": "Plain",
                        "Partial Mode": "Partial",
                        "Parent Relationship": "Outer",
                        "Parallel Aware": false,
                        "Startup Cost": 530838.09,
                        "Total Cost": 530838.1,
                        "Plan Rows": 1,
                        "Plan Width": 8,
                        "Actual Startup Time": 3726.474,
                        "Actual Total Time": 3726.477,
                        "Actual Rows": 1,
                        "Actual Loops": 6,
                        "Output": [
                            "PARTIAL count(*)"
                        ],
                        "Workers": [
                            {
                                "Worker Number": 0,
                                "Actual Startup Time": 3723.75,
                                "Actual Total Time": 3723.753,
                                "Actual Rows": 1,
                                "Actual Loops": 1
                            },
                            {
                                "Worker Number": 1,
                                "Actual Startup Time": 3724.216,
                                "Actual Total Time": 3724.219,
                                "Actual Rows": 1,
                                "Actual Loops": 1
                            },
                            {
                                "Worker Number": 2,
                                "Actual Startup Time": 3724.239,
                                "Actual Total Time": 3724.244,
                                "Actual Rows": 1,
                                "Actual Loops": 1
                            },
                            {
                                "Worker Number": 3,
                                "Actual Startup Time": 3725.239,
                                "Actual Total Time": 3725.241,
                                "Actual Rows": 1,
                                "Actual Loops": 1
                            },
                            {
                                "Worker Number": 4,
                                "Actual Startup Time": 3724.815,
                                "Actual Total Time": 3724.818,
                                "Actual Rows": 1,
                                "Actual Loops": 1
                            }
                        ],
                        "Plans": [
                            {
                                "Node Type": "Nested Loop",
                                "Parent Relationship": "Outer",
                                "Parallel Aware": false,
                                "Join Type": "Inner",
                                "Startup Cost": 44394.7,
                                "Total Cost": 528648.9,
                                "Plan Rows": 875676,
                                "Plan Width": 0,
                                "Actual Startup Time": 88.603,
                                "Actual Total Time": 3677.457,
                                "Actual Rows": 1000215,
                                "Actual Loops": 6,
                                "Inner Unique": false,
                                "Join Filter": "(t.id = ci.movie_id)",
                                "Rows Removed by Join Filter": 0,
                                "Workers": [
                                    {
                                        "Worker Number": 0,
                                        "Actual Startup Time": 85.803,
                                        "Actual Total Time": 3674.363,
                                        "Actual Rows": 1056701,
                                        "Actual Loops": 1
                                    },
                                    {
                                        "Worker Number": 1,
                                        "Actual Startup Time": 86.519,
                                        "Actual Total Time": 3679.353,
                                        "Actual Rows": 941371,
                                        "Actual Loops": 1
                                    },
                                    {
                                        "Worker Number": 2,
                                        "Actual Startup Time": 86.538,
                                        "Actual Total Time": 3678.809,
                                        "Actual Rows": 953882,
                                        "Actual Loops": 1
                                    },
                                    {
                                        "Worker Number": 3,
                                        "Actual Startup Time": 87.045,
                                        "Actual Total Time": 3675.298,
                                        "Actual Rows": 1065519,
                                        "Actual Loops": 1
                                    },
                                    {
                                        "Worker Number": 4,
                                        "Actual Startup Time": 86.939,
                                        "Actual Total Time": 3679.428,
                                        "Actual Rows": 953670,
                                        "Actual Loops": 1
                                    }
                                ],
                                "Plans": [
                                    {
                                        "Node Type": "Hash Join",
                                        "Parent Relationship": "Outer",
                                        "Parallel Aware": true,
                                        "Join Type": "Inner",
                                        "Startup Cost": 44394.13,
                                        "Total Cost": 250565.36,
                                        "Plan Rows": 174046,
                                        "Plan Width": 8,
                                        "Actual Startup Time": 88.497,
                                        "Actual Total Time": 811.45,
                                        "Actual Rows": 114094,
                                        "Actual Loops": 6,
                                        "Output": [
                                            "t.id",
                                            "mi.movie_id"
                                        ],
                                        "Inner Unique": true,
                                        "Hash Cond": "(mi.movie_id = t.id)",
                                        "Workers": [
                                            {
                                                "Worker Number": 0,
                                                "Actual Startup Time": 85.708,
                                                "Actual Total Time": 823.825,
                                                "Actual Rows": 121757,
                                                "Actual Loops": 1
                                            },
                                            {
                                                "Worker Number": 1,
                                                "Actual Startup Time": 86.431,
                                                "Actual Total Time": 791.27,
                                                "Actual Rows": 108174,
                                                "Actual Loops": 1
                                            },
                                            {
                                                "Worker Number": 2,
                                                "Actual Startup Time": 86.465,
                                                "Actual Total Time": 787.47,
                                                "Actual Rows": 108690,
                                                "Actual Loops": 1
                                            },
                                            {
                                                "Worker Number": 3,
                                                "Actual Startup Time": 86.885,
                                                "Actual Total Time": 826.025,
                                                "Actual Rows": 122060,
                                                "Actual Loops": 1
                                            },
                                            {
                                                "Worker Number": 4,
                                                "Actual Startup Time": 86.842,
                                                "Actual Total Time": 785.29,
                                                "Actual Rows": 106363,
                                                "Actual Loops": 1
                                            }
                                        ],
                                        "Plans": [
                                            {
                                                "Node Type": "Seq Scan",
                                                "Parent Relationship": "Outer",
                                                "Parallel Aware": true,
                                                "Relation Name": "movie_info",
                                                "Schema": "public",
                                                "Alias": "mi",
                                                "Startup Cost": 0.0,
                                                "Total Cost": 198880.74,
                                                "Plan Rows": 2777326,
                                                "Plan Width": 4,
                                                "Actual Startup Time": 0.028,
                                                "Actual Total Time": 323.234,
                                                "Actual Rows": 2327249,
                                                "Actual Loops": 6,
                                                "Output": [
                                                    "mi.id",
                                                    "mi.movie_id",
                                                    "mi.info_type_id",
                                                    "mi.info",
                                                    "mi.note"
                                                ],
                                                "Filter": "(mi.info_type_id < 98)",
                                                "Rows Removed by Filter": 145371,
                                                "Workers": [
                                                    {
                                                        "Worker Number": 0,
                                                        "Actual Startup Time": 0.036,
                                                        "Actual Total Time": 333.386,
                                                        "Actual Rows": 2467384,
                                                        "Actual Loops": 1
                                                    },
                                                    {
                                                        "Worker Number": 1,
                                                        "Actual Startup Time": 0.036,
                                                        "Actual Total Time": 318.531,
                                                        "Actual Rows": 2218672,
                                                        "Actual Loops": 1
                                                    },
                                                    {
                                                        "Worker Number": 2,
                                                        "Actual Startup Time": 0.029,
                                                        "Actual Total Time": 319.107,
                                                        "Actual Rows": 2234256,
                                                        "Actual Loops": 1
                                                    },
                                                    {
                                                        "Worker Number": 3,
                                                        "Actual Startup Time": 0.028,
                                                        "Actual Total Time": 336.96,
                                                        "Actual Rows": 2494207,
                                                        "Actual Loops": 1
                                                    },
                                                    {
                                                        "Worker Number": 4,
                                                        "Actual Startup Time": 0.032,
                                                        "Actual Total Time": 315.197,
                                                        "Actual Rows": 2190094,
                                                        "Actual Loops": 1
                                                    }
                                                ]
                                            },
                                            {
                                                "Node Type": "Hash",
                                                "Parent Relationship": "Inner",
                                                "Parallel Aware": true,
                                                "Startup Cost": 43899.01,
                                                "Total Cost": 43899.01,
                                                "Plan Rows": 39610,
                                                "Plan Width": 4,
                                                "Actual Startup Time": 85.874,
                                                "Actual Total Time": 85.875,
                                                "Actual Rows": 26670,
                                                "Actual Loops": 6,
                                                "Output": [
                                                    "t.id"
                                                ],
                                                "Hash Buckets": 262144,
                                                "Original Hash Buckets": 262144,
                                                "Hash Batches": 1,
                                                "Original Hash Batches": 1,
                                                "Peak Memory Usage": 8384,
                                                "Workers": [
                                                    {
                                                        "Worker Number": 0,
                                                        "Actual Startup Time": 84.533,
                                                        "Actual Total Time": 84.533,
                                                        "Actual Rows": 25764,
                                                        "Actual Loops": 1
                                                    },
                                                    {
                                                        "Worker Number": 1,
                                                        "Actual Startup Time": 85.08,
                                                        "Actual Total Time": 85.081,
                                                        "Actual Rows": 23964,
                                                        "Actual Loops": 1
                                                    },
                                                    {
                                                        "Worker Number": 2,
                                                        "Actual Startup Time": 85.093,
                                                        "Actual Total Time": 85.094,
                                                        "Actual Rows": 25100,
                                                        "Actual Loops": 1
                                                    },
                                                    {
                                                        "Worker Number": 3,
                                                        "Actual Startup Time": 85.518,
                                                        "Actual Total Time": 85.519,
                                                        "Actual Rows": 25970,
                                                        "Actual Loops": 1
                                                    },
                                                    {
                                                        "Worker Number": 4,
                                                        "Actual Startup Time": 85.654,
                                                        "Actual Total Time": 85.655,
                                                        "Actual Rows": 25052,
                                                        "Actual Loops": 1
                                                    }
                                                ],
                                                "Plans": [
                                                    {
                                                        "Node Type": "Seq Scan",
                                                        "Parent Relationship": "Outer",
                                                        "Parallel Aware": true,
                                                        "Relation Name": "title",
                                                        "Schema": "public",
                                                        "Alias": "t",
                                                        "Startup Cost": 0.0,
                                                        "Total Cost": 43899.01,
                                                        "Plan Rows": 39610,
                                                        "Plan Width": 4,
                                                        "Actual Startup Time": 0.066,
                                                        "Actual Total Time": 73.884,
                                                        "Actual Rows": 26670,
                                                        "Actual Loops": 6,
                                                        "Output": [
                                                            "t.id"
                                                        ],
                                                        "Filter": "(t.production_year = 2011)",
                                                        "Rows Removed by Filter": 394716,
                                                        "Workers": [
                                                            {
                                                                "Worker Number": 0,
                                                                "Actual Startup Time": 0.076,
                                                                "Actual Total Time": 73.477,
                                                                "Actual Rows": 25764,
                                                                "Actual Loops": 1
                                                            },
                                                            {
                                                                "Worker Number": 1,
                                                                "Actual Startup Time": 0.08,
                                                                "Actual Total Time": 73.708,
                                                                "Actual Rows": 23964,
                                                                "Actual Loops": 1
                                                            },
                                                            {
                                                                "Worker Number": 2,
                                                                "Actual Startup Time": 0.071,
                                                                "Actual Total Time": 73.575,
                                                                "Actual Rows": 25100,
                                                                "Actual Loops": 1
                                                            },
                                                            {
                                                                "Worker Number": 3,
                                                                "Actual Startup Time": 0.073,
                                                                "Actual Total Time": 73.372,
                                                                "Actual Rows": 25970,
                                                                "Actual Loops": 1
                                                            },
                                                            {
                                                                "Worker Number": 4,
                                                                "Actual Startup Time": 0.076,
                                                                "Actual Total Time": 74.618,
                                                                "Actual Rows": 25052,
                                                                "Actual Loops": 1
                                                            }
                                                        ]
                                                    }
                                                ]
                                            }
                                        ]
                                    },
                                    {
                                        "Node Type": "Index Scan",
                                        "Parent Relationship": "Inner",
                                        "Parallel Aware": false,
                                        "Scan Direction": "Forward",
                                        "Index Name": "movie_id_cast_info",
                                        "Relation Name": "cast_info",
                                        "Schema": "public",
                                        "Alias": "ci",
                                        "Startup Cost": 0.56,
                                        "Total Cost": 1.44,
                                        "Plan Rows": 13,
                                        "Plan Width": 4,
                                        "Actual Startup Time": 0.005,
                                        "Actual Total Time": 0.024,
                                        "Actual Rows": 9,
                                        "Actual Loops": 684564,
                                        "Output": [
                                            "ci.id",
                                            "ci.person_id",
                                            "ci.movie_id",
                                            "ci.person_role_id",
                                            "ci.note",
                                            "ci.nr_order",
                                            "ci.role_id"
                                        ],
                                        "Index Cond": "(ci.movie_id = mi.movie_id)",
                                        "Rows Removed by Index Recheck": 0,
                                        "Filter": "(ci.person_id < 1254719)",
                                        "Rows Removed by Filter": 19,
                                        "Workers": [
                                            {
                                                "Worker Number": 0,
                                                "Actual Startup Time": 0.005,
                                                "Actual Total Time": 0.022,
                                                "Actual Rows": 9,
                                                "Actual Loops": 121757
                                            },
                                            {
                                                "Worker Number": 1,
                                                "Actual Startup Time": 0.006,
                                                "Actual Total Time": 0.026,
                                                "Actual Rows": 9,
                                                "Actual Loops": 108174
                                            },
                                            {
                                                "Worker Number": 2,
                                                "Actual Startup Time": 0.006,
                                                "Actual Total Time": 0.026,
                                                "Actual Rows": 9,
                                                "Actual Loops": 108690
                                            },
                                            {
                                                "Worker Number": 3,
                                                "Actual Startup Time": 0.005,
                                                "Actual Total Time": 0.022,
                                                "Actual Rows": 9,
                                                "Actual Loops": 122060
                                            },
                                            {
                                                "Worker Number": 4,
                                                "Actual Startup Time": 0.006,
                                                "Actual Total Time": 0.026,
                                                "Actual Rows": 9,
                                                "Actual Loops": 106363
                                            }
                                        ]
                                    }
                                ]
                            }
                        ]
                    }
                ]
            }
        ]
    },
    "Planning Time": 1.591,
    "Triggers": [],
    "Execution Time": 3850.222
}