[
  {
    "Plan": {
      "Node Type": "Aggregate",
      "Strategy": "Plain",
      "Partial Mode": "Finalize",
      "Parallel Aware": false,
      "Startup Cost": 91326.91,
      "Total Cost": 91326.92,
      "Plan Rows": 1,
      "Plan Width": 8,
      "Actual Startup Time": 536.276,
      "Actual Total Time": 553.133,
      "Actual Rows": 1,
      "Actual Loops": 1,
      "Plans": [
        {
          "Node Type": "Gather",
          "Parent Relationship": "Outer",
          "Parallel Aware": false,
          "Startup Cost": 91326.59,
          "Total Cost": 91326.9,
          "Plan Rows": 3,
          "Plan Width": 8,
          "Actual Startup Time": 527.673,
          "Actual Total Time": 553.123,
          "Actual Rows": 4,
          "Actual Loops": 1,
          "Workers Planned": 3,
          "Workers Launched": 3,
          "Single Copy": false,
          "Plans": [
            {
              "Node Type": "Aggregate",
              "Strategy": "Plain",
              "Partial Mode": "Partial",
              "Parent Relationship": "Outer",
              "Parallel Aware": false,
              "Startup Cost": 90326.59,
              "Total Cost": 90326.6,
              "Plan Rows": 1,
              "Plan Width": 8,
              "Actual Startup Time": 507.01,
              "Actual Total Time": 507.016,
              "Actual Rows": 1,
              "Actual Loops": 4,
              "Plans": [
                {
                  "Node Type": "Hash Join",
                  "Parent Relationship": "Outer",
                  "Parallel Aware": true,
                  "Join Type": "Inner",
                  "Startup Cost": 59642.51,
                  "Total Cost": 90186.3,
                  "Plan Rows": 56119,
                  "Plan Width": 0,
                  "Actual Startup Time": 378.717,
                  "Actual Total Time": 503.999,
                  "Actual Rows": 70812,
                  "Actual Loops": 4,
                  "Inner Unique": false,
                  "Hash Cond": "(mc.movie_id = t.id)",
                  "Plans": [
                    {
                      "Node Type": "Seq Scan",
                      "Parent Relationship": "Outer",
                      "Parallel Aware": true,
                      "Relation Name": "movie_companies",
                      "Alias": "mc",
                      "Startup Cost": 0.0,
                      "Total Cost": 27206.55,
                      "Plan Rows": 841655,
                      "Plan Width": 4,
                      "Actual Startup Time": 0.019,
                      "Actual Total Time": 56.702,
                      "Actual Rows": 652282,
                      "Actual Loops": 4
                    },
                    {
                      "Node Type": "Hash",
                      "Parent Relationship": "Inner",
                      "Parallel Aware": true,
                      "Startup Cost": 58962.76,
                      "Total Cost": 58962.76,
                      "Plan Rows": 54380,
                      "Plan Width": 8,
                      "Actual Startup Time": 376.496,
                      "Actual Total Time": 376.501,
                      "Actual Rows": 18898,
                      "Actual Loops": 4,
                      "Hash Buckets": 262144,
                      "Original Hash Buckets": 262144,
                      "Hash Batches": 1,
                      "Original Hash Batches": 1,
                      "Peak Memory Usage": 5088,
                      "Plans": [
                        {
                          "Node Type": "Hash Join",
                          "Parent Relationship": "Outer",
                          "Parallel Aware": true,
                          "Join Type": "Inner",
                          "Startup Cost": 50220.21,
                          "Total Cost": 58962.76,
                          "Plan Rows": 54380,
                          "Plan Width": 8,
                          "Actual Startup Time": 340.706,
                          "Actual Total Time": 369.45,
                          "Actual Rows": 18898,
                          "Actual Loops": 4,
                          "Inner Unique": true,
                          "Hash Cond": "(ci.movie_id = t.id)",
                          "Plans": [
                            {
                              "Node Type": "Index Scan",
                              "Parent Relationship": "Outer",
                              "Parallel Aware": true,
                              "Scan Direction": "Forward",
                              "Index Name": "role_id_cast_info",
                              "Relation Name": "cast_info",
                              "Alias": "ci",
                              "Startup Cost": 0.56,
                              "Total Cost": 8600.37,
                              "Plan Rows": 54380,
                              "Plan Width": 4,
                              "Actual Startup Time": 0.243,
                              "Actual Total Time": 12.762,
                              "Actual Rows": 18898,
                              "Actual Loops": 4,
                              "Index Cond": "(role_id > 10)",
                              "Rows Removed by Index Recheck": 0,
                              "Filter": "(person_id < 2063034)",
                              "Rows Removed by Filter": 60131
                            },
                            {
                              "Node Type": "Hash",
                              "Parent Relationship": "Inner",
                              "Parallel Aware": true,
                              "Startup Cost": 42318.73,
                              "Total Cost": 42318.73,
                              "Plan Rows": 632073,
                              "Plan Width": 4,
                              "Actual Startup Time": 331.27,
                              "Actual Total Time": 331.271,
                              "Actual Rows": 632078,
                              "Actual Loops": 4,
                              "Hash Buckets": 4194304,
                              "Original Hash Buckets": 4194304,
                              "Hash Batches": 1,
                              "Original Hash Batches": 1,
                              "Peak Memory Usage": 131744,
                              "Plans": [
                                {
                                  "Node Type": "Seq Scan",
                                  "Parent Relationship": "Outer",
                                  "Parallel Aware": true,
                                  "Relation Name": "title",
                                  "Alias": "t",
                                  "Startup Cost": 0.0,
                                  "Total Cost": 42318.73,
                                  "Plan Rows": 632073,
                                  "Plan Width": 4,
                                  "Actual Startup Time": 0.034,
                                  "Actual Total Time": 95.906,
                                  "Actual Rows": 632078,
                                  "Actual Loops": 4
                                }
                              ]
                            }
                          ]
                        }
                      ]
                    }
                  ]
                }
              ]
            }
          ]
        }
      ]
    },
    "Planning Time": 1.384,
    "Triggers": [],
    "Execution Time": 553.221
  }
]