[
    {
        "Bao": {
            "Bao prediction": 1337.901,
            "Bao recommended hint": "SET enable_mergejoin TO off; SET enable_indexscan TO off; "
        }
    },
    {
        "Plan": {
            "Node Type": "Aggregate",
            "Strategy": "Plain",
            "Partial Mode": "Finalize",
            "Parallel Aware": false,
            "Startup Cost": 395108.87,
            "Total Cost": 395108.88,
            "Plan Rows": 1,
            "Plan Width": 8,
            "Actual Startup Time": 649.602,
            "Actual Total Time": 663.236,
            "Actual Rows": 1,
            "Actual Loops": 1,
            "Output": [
                "count(*)"
            ],
            "Plans": [
                {
                    "Node Type": "Gather",
                    "Parent Relationship": "Outer",
                    "Parallel Aware": false,
                    "Startup Cost": 395108.55,
                    "Total Cost": 395108.86,
                    "Plan Rows": 3,
                    "Plan Width": 8,
                    "Actual Startup Time": 646.443,
                    "Actual Total Time": 663.224,
                    "Actual Rows": 4,
                    "Actual Loops": 1,
                    "Output": [
                        "(PARTIAL count(*))"
                    ],
                    "Workers Planned": 3,
                    "Workers Launched": 3,
                    "Single Copy": false,
                    "Plans": [
                        {
                            "Node Type": "Aggregate",
                            "Strategy": "Plain",
                            "Partial Mode": "Partial",
                            "Parent Relationship": "Outer",
                            "Parallel Aware": false,
                            "Startup Cost": 394108.55,
                            "Total Cost": 394108.56,
                            "Plan Rows": 1,
                            "Plan Width": 8,
                            "Actual Startup Time": 637.022,
                            "Actual Total Time": 637.102,
                            "Actual Rows": 1,
                            "Actual Loops": 4,
                            "Output": [
                                "PARTIAL count(*)"
                            ],
                            "Workers": [
                                {
                                    "Worker Number": 0,
                                    "Actual Startup Time": 634.215,
                                    "Actual Total Time": 634.221,
                                    "Actual Rows": 1,
                                    "Actual Loops": 1
                                },
                                {
                                    "Worker Number": 1,
                                    "Actual Startup Time": 634.28,
                                    "Actual Total Time": 634.285,
                                    "Actual Rows": 1,
                                    "Actual Loops": 1
                                },
                                {
                                    "Worker Number": 2,
                                    "Actual Startup Time": 634.086,
                                    "Actual Total Time": 634.092,
                                    "Actual Rows": 1,
                                    "Actual Loops": 1
                                }
                            ],
                            "Plans": [
                                {
                                    "Node Type": "Hash Join",
                                    "Parent Relationship": "Outer",
                                    "Parallel Aware": true,
                                    "Join Type": "Inner",
                                    "Startup Cost": 350001.94,
                                    "Total Cost": 394010.88,
                                    "Plan Rows": 39068,
                                    "Plan Width": 0,
                                    "Actual Startup Time": 482.113,
                                    "Actual Total Time": 636.335,
                                    "Actual Rows": 10727,
                                    "Actual Loops": 4,
                                    "Inner Unique": false,
                                    "Hash Cond": "(mk.movie_id = t.id)",
                                    "Workers": [
                                        {
                                            "Worker Number": 0,
                                            "Actual Startup Time": 479.376,
                                            "Actual Total Time": 633.412,
                                            "Actual Rows": 10790,
                                            "Actual Loops": 1
                                        },
                                        {
                                            "Worker Number": 1,
                                            "Actual Startup Time": 479.211,
                                            "Actual Total Time": 633.528,
                                            "Actual Rows": 10211,
                                            "Actual Loops": 1
                                        },
                                        {
                                            "Worker Number": 2,
                                            "Actual Startup Time": 479.222,
                                            "Actual Total Time": 633.333,
                                            "Actual Rows": 10285,
                                            "Actual Loops": 1
                                        }
                                    ],
                                    "Plans": [
                                        {
                                            "Node Type": "Seq Scan",
                                            "Parent Relationship": "Outer",
                                            "Parallel Aware": true,
                                            "Relation Name": "movie_keyword",
                                            "Schema": "public",
                                            "Alias": "mk",
                                            "Startup Cost": 0.0,
                                            "Total Cost": 42695.65,
                                            "Plan Rows": 324165,
                                            "Plan Width": 4,
                                            "Actual Startup Time": 1.704,
                                            "Actual Total Time": 122.592,
                                            "Actual Rows": 245398,
                                            "Actual Loops": 4,
                                            "Output": [
                                                "mk.id",
                                                "mk.movie_id",
                                                "mk.keyword_id"
                                            ],
                                            "Filter": "(mk.keyword_id > 18897)",
                                            "Rows Removed by Filter": 885584,
                                            "Workers": [
                                                {
                                                    "Worker Number": 0,
                                                    "Actual Startup Time": 1.667,
                                                    "Actual Total Time": 123.445,
                                                    "Actual Rows": 237267,
                                                    "Actual Loops": 1
                                                },
                                                {
                                                    "Worker Number": 1,
                                                    "Actual Startup Time": 1.764,
                                                    "Actual Total Time": 123.281,
                                                    "Actual Rows": 234241,
                                                    "Actual Loops": 1
                                                },
                                                {
                                                    "Worker Number": 2,
                                                    "Actual Startup Time": 1.749,
                                                    "Actual Total Time": 123.183,
                                                    "Actual Rows": 233899,
                                                    "Actual Loops": 1
                                                }
                                            ]
                                        },
                                        {
                                            "Node Type": "Hash",
                                            "Parent Relationship": "Inner",
                                            "Parallel Aware": true,
                                            "Startup Cost": 349049.73,
                                            "Total Cost": 349049.73,
                                            "Plan Rows": 76177,
                                            "Plan Width": 8,
                                            "Actual Startup Time": 477.18,
                                            "Actual Total Time": 477.258,
                                            "Actual Rows": 32990,
                                            "Actual Loops": 4,
                                            "Output": [
                                                "t.id",
                                                "ci.movie_id"
                                            ],
                                            "Hash Buckets": 524288,
                                            "Original Hash Buckets": 524288,
                                            "Hash Batches": 1,
                                            "Original Hash Batches": 1,
                                            "Peak Memory Usage": 9344,
                                            "Workers": [
                                                {
                                                    "Worker Number": 0,
                                                    "Actual Startup Time": 477.103,
                                                    "Actual Total Time": 477.107,
                                                    "Actual Rows": 32300,
                                                    "Actual Loops": 1
                                                },
                                                {
                                                    "Worker Number": 1,
                                                    "Actual Startup Time": 476.984,
                                                    "Actual Total Time": 476.988,
                                                    "Actual Rows": 31085,
                                                    "Actual Loops": 1
                                                },
                                                {
                                                    "Worker Number": 2,
                                                    "Actual Startup Time": 476.967,
                                                    "Actual Total Time": 476.972,
                                                    "Actual Rows": 30731,
                                                    "Actual Loops": 1
                                                }
                                            ],
                                            "Plans": [
                                                {
                                                    "Node Type": "Hash Join",
                                                    "Parent Relationship": "Outer",
                                                    "Parallel Aware": true,
                                                    "Join Type": "Inner",
                                                    "Startup Cost": 301191.67,
                                                    "Total Cost": 349049.73,
                                                    "Plan Rows": 76177,
                                                    "Plan Width": 8,
                                                    "Actual Startup Time": 266.291,
                                                    "Actual Total Time": 463.252,
                                                    "Actual Rows": 32990,
                                                    "Actual Loops": 4,
                                                    "Output": [
                                                        "t.id",
                                                        "ci.movie_id"
                                                    ],
                                                    "Inner Unique": false,
                                                    "Hash Cond": "(t.id = ci.movie_id)",
                                                    "Workers": [
                                                        {
                                                            "Worker Number": 0,
                                                            "Actual Startup Time": 266.327,
                                                            "Actual Total Time": 463.943,
                                                            "Actual Rows": 32300,
                                                            "Actual Loops": 1
                                                        },
                                                        {
                                                            "Worker Number": 1,
                                                            "Actual Startup Time": 265.97,
                                                            "Actual Total Time": 462.232,
                                                            "Actual Rows": 31085,
                                                            "Actual Loops": 1
                                                        },
                                                        {
                                                            "Worker Number": 2,
                                                            "Actual Startup Time": 266.004,
                                                            "Actual Total Time": 462.382,
                                                            "Actual Rows": 30731,
                                                            "Actual Loops": 1
                                                        }
                                                    ],
                                                    "Plans": [
                                                        {
                                                            "Node Type": "Seq Scan",
                                                            "Parent Relationship": "Outer",
                                                            "Parallel Aware": true,
                                                            "Relation Name": "title",
                                                            "Schema": "public",
                                                            "Alias": "t",
                                                            "Startup Cost": 0.0,
                                                            "Total Cost": 43899.01,
                                                            "Plan Rows": 383209,
                                                            "Plan Width": 4,
                                                            "Actual Startup Time": 0.012,
                                                            "Actual Total Time": 109.277,
                                                            "Actual Rows": 385816,
                                                            "Actual Loops": 4,
                                                            "Output": [
                                                                "t.id",
                                                                "t.title",
                                                                "t.imdb_index",
                                                                "t.kind_id",
                                                                "t.production_year",
                                                                "t.imdb_id",
                                                                "t.phonetic_code",
                                                                "t.episode_of_id",
                                                                "t.season_nr",
                                                                "t.episode_nr",
                                                                "t.series_years",
                                                                "t.md5sum"
                                                            ],
                                                            "Filter": "(t.kind_id = 7)",
                                                            "Rows Removed by Filter": 246262,
                                                            "Workers": [
                                                                {
                                                                    "Worker Number": 0,
                                                                    "Actual Startup Time": 0.013,
                                                                    "Actual Total Time": 112.243,
                                                                    "Actual Rows": 381116,
                                                                    "Actual Loops": 1
                                                                },
                                                                {
                                                                    "Worker Number": 1,
                                                                    "Actual Startup Time": 0.017,
                                                                    "Actual Total Time": 109.121,
                                                                    "Actual Rows": 362197,
                                                                    "Actual Loops": 1
                                                                },
                                                                {
                                                                    "Worker Number": 2,
                                                                    "Actual Startup Time": 0.01,
                                                                    "Actual Total Time": 109.673,
                                                                    "Actual Rows": 358292,
                                                                    "Actual Loops": 1
                                                                }
                                                            ]
                                                        },
                                                        {
                                                            "Node Type": "Hash",
                                                            "Parent Relationship": "Inner",
                                                            "Parallel Aware": true,
                                                            "Startup Cost": 300144.59,
                                                            "Total Cost": 300144.59,
                                                            "Plan Rows": 83766,
                                                            "Plan Width": 4,
                                                            "Actual Startup Time": 264.383,
                                                            "Actual Total Time": 264.385,
                                                            "Actual Rows": 65059,
                                                            "Actual Loops": 4,
                                                            "Output": [
                                                                "ci.movie_id"
                                                            ],
                                                            "Hash Buckets": 524288,
                                                            "Original Hash Buckets": 524288,
                                                            "Hash Batches": 1,
                                                            "Original Hash Batches": 1,
                                                            "Peak Memory Usage": 14336,
                                                            "Workers": [
                                                                {
                                                                    "Worker Number": 0,
                                                                    "Actual Startup Time": 266.07,
                                                                    "Actual Total Time": 266.072,
                                                                    "Actual Rows": 63056,
                                                                    "Actual Loops": 1
                                                                },
                                                                {
                                                                    "Worker Number": 1,
                                                                    "Actual Startup Time": 265.862,
                                                                    "Actual Total Time": 265.864,
                                                                    "Actual Rows": 61201,
                                                                    "Actual Loops": 1
                                                                },
                                                                {
                                                                    "Worker Number": 2,
                                                                    "Actual Startup Time": 265.877,
                                                                    "Actual Total Time": 265.879,
                                                                    "Actual Rows": 61556,
                                                                    "Actual Loops": 1
                                                                }
                                                            ],
                                                            "Plans": [
                                                                {
                                                                    "Node Type": "Bitmap Heap Scan",
                                                                    "Parent Relationship": "Outer",
                                                                    "Parallel Aware": true,
                                                                    "Relation Name": "cast_info",
                                                                    "Schema": "public",
                                                                    "Alias": "ci",
                                                                    "Startup Cost": 42593.75,
                                                                    "Total Cost": 300144.59,
                                                                    "Plan Rows": 83766,
                                                                    "Plan Width": 4,
                                                                    "Actual Startup Time": 214.202,
                                                                    "Actual Total Time": 236.5,
                                                                    "Actual Rows": 65059,
                                                                    "Actual Loops": 4,
                                                                    "Output": [
                                                                        "ci.movie_id"
                                                                    ],
                                                                    "Recheck Cond": "(ci.person_id < 193399)",
                                                                    "Rows Removed by Index Recheck": 0,
                                                                    "Filter": "(ci.role_id > 4)",
                                                                    "Rows Removed by Filter": 430150,
                                                                    "Exact Heap Blocks": 7004,
                                                                    "Lossy Heap Blocks": 0,
                                                                    "Workers": [
                                                                        {
                                                                            "Worker Number": 0,
                                                                            "Actual Startup Time": 214.197,
                                                                            "Actual Total Time": 236.935,
                                                                            "Actual Rows": 63056,
                                                                            "Actual Loops": 1
                                                                        },
                                                                        {
                                                                            "Worker Number": 1,
                                                                            "Actual Startup Time": 214.191,
                                                                            "Actual Total Time": 237.081,
                                                                            "Actual Rows": 61201,
                                                                            "Actual Loops": 1
                                                                        },
                                                                        {
                                                                            "Worker Number": 2,
                                                                            "Actual Startup Time": 214.181,
                                                                            "Actual Total Time": 237.156,
                                                                            "Actual Rows": 61556,
                                                                            "Actual Loops": 1
                                                                        }
                                                                    ],
                                                                    "Plans": [
                                                                        {
                                                                            "Node Type": "Bitmap Index Scan",
                                                                            "Parent Relationship": "Outer",
                                                                            "Parallel Aware": false,
                                                                            "Index Name": "person_id_cast_info",
                                                                            "Startup Cost": 0.0,
                                                                            "Total Cost": 42468.1,
                                                                            "Plan Rows": 1945538,
                                                                            "Plan Width": 0,
                                                                            "Actual Startup Time": 123.978,
                                                                            "Actual Total Time": 123.978,
                                                                            "Actual Rows": 1980837,
                                                                            "Actual Loops": 1,
                                                                            "Index Cond": "(ci.person_id < 193399)"
                                                                        }
                                                                    ]
                                                                }
                                                            ]
                                                        }
                                                    ]
                                                }
                                            ]
                                        }
                                    ]
                                }
                            ]
                        }
                    ]
                }
            ]
        },
        "Planning Time": 1081.374,
        "Triggers": [],
        "Execution Time": 663.483
    }
]