[
  {
    "Plan": {
      "Node Type": "Aggregate",
      "Strategy": "Plain",
      "Partial Mode": "Finalize",
      "Parallel Aware": false,
      "Startup Cost": 401190.4,
      "Total Cost": 401190.41,
      "Plan Rows": 1,
      "Plan Width": 8,
      "Actual Startup Time": 3745.188,
      "Actual Total Time": 3817.306,
      "Actual Rows": 1,
      "Actual Loops": 1,
      "Plans": [
        {
          "Node Type": "Gather",
          "Parent Relationship": "Outer",
          "Parallel Aware": false,
          "Startup Cost": 401189.88,
          "Total Cost": 401190.39,
          "Plan Rows": 5,
          "Plan Width": 8,
          "Actual Startup Time": 3736.357,
          "Actual Total Time": 3817.296,
          "Actual Rows": 6,
          "Actual Loops": 1,
          "Workers Planned": 5,
          "Workers Launched": 5,
          "Single Copy": false,
          "Plans": [
            {
              "Node Type": "Aggregate",
              "Strategy": "Plain",
              "Partial Mode": "Partial",
              "Parent Relationship": "Outer",
              "Parallel Aware": false,
              "Startup Cost": 400189.88,
              "Total Cost": 400189.89,
              "Plan Rows": 1,
              "Plan Width": 8,
              "Actual Startup Time": 3715.976,
              "Actual Total Time": 3715.979,
              "Actual Rows": 1,
              "Actual Loops": 6,
              "Plans": [
                {
                  "Node Type": "Nested Loop",
                  "Parent Relationship": "Outer",
                  "Parallel Aware": false,
                  "Join Type": "Inner",
                  "Startup Cost": 58355.86,
                  "Total Cost": 399536.1,
                  "Plan Rows": 261513,
                  "Plan Width": 0,
                  "Actual Startup Time": 289.15,
                  "Actual Total Time": 3670.892,
                  "Actual Rows": 865809,
                  "Actual Loops": 6,
                  "Inner Unique": false,
                  "Plans": [
                    {
                      "Node Type": "Hash Join",
                      "Parent Relationship": "Outer",
                      "Parallel Aware": true,
                      "Join Type": "Inner",
                      "Startup Cost": 58355.3,
                      "Total Cost": 221706.31,
                      "Plan Rows": 89786,
                      "Plan Width": 8,
                      "Actual Startup Time": 288.851,
                      "Actual Total Time": 343.276,
                      "Actual Rows": 71442,
                      "Actual Loops": 6,
                      "Inner Unique": true,
                      "Hash Cond": "(mi.movie_id = t.id)",
                      "Plans": [
                        {
                          "Node Type": "Bitmap Heap Scan",
                          "Parent Relationship": "Outer",
                          "Parallel Aware": true,
                          "Relation Name": "movie_info",
                          "Alias": "mi",
                          "Startup Cost": 8135.65,
                          "Total Cost": 171250.98,
                          "Plan Rows": 89786,
                          "Plan Width": 4,
                          "Actual Startup Time": 18.266,
                          "Actual Total Time": 33.471,
                          "Actual Rows": 71442,
                          "Actual Loops": 6,
                          "Recheck Cond": "(info_type_id > 104)",
                          "Rows Removed by Index Recheck": 0,
                          "Exact Heap Blocks": 1168,
                          "Lossy Heap Blocks": 0,
                          "Plans": [
                            {
                              "Node Type": "Bitmap Index Scan",
                              "Parent Relationship": "Outer",
                              "Parallel Aware": false,
                              "Index Name": "info_type_id_movie_info",
                              "Startup Cost": 0.0,
                              "Total Cost": 8023.42,
                              "Plan Rows": 448931,
                              "Plan Width": 0,
                              "Actual Startup Time": 17.487,
                              "Actual Total Time": 17.487,
                              "Actual Rows": 428651,
                              "Actual Loops": 1,
                              "Index Cond": "(info_type_id > 104)"
                            }
                          ]
                        },
                        {
                          "Node Type": "Hash",
                          "Parent Relationship": "Inner",
                          "Parallel Aware": true,
                          "Startup Cost": 42318.73,
                          "Total Cost": 42318.73,
                          "Plan Rows": 632073,
                          "Plan Width": 4,
                          "Actual Startup Time": 263.064,
                          "Actual Total Time": 263.064,
                          "Actual Rows": 421385,
                          "Actual Loops": 6,
                          "Hash Buckets": 4194304,
                          "Original Hash Buckets": 4194304,
                          "Hash Batches": 1,
                          "Original Hash Batches": 1,
                          "Peak Memory Usage": 131744,
                          "Plans": [
                            {
                              "Node Type": "Seq Scan",
                              "Parent Relationship": "Outer",
                              "Parallel Aware": true,
                              "Relation Name": "title",
                              "Alias": "t",
                              "Startup Cost": 0.0,
                              "Total Cost": 42318.73,
                              "Plan Rows": 632073,
                              "Plan Width": 4,
                              "Actual Startup Time": 0.039,
                              "Actual Total Time": 81.572,
                              "Actual Rows": 421385,
                              "Actual Loops": 6
                            }
                          ]
                        }
                      ]
                    },
                    {
                      "Node Type": "Index Scan",
                      "Parent Relationship": "Inner",
                      "Parallel Aware": false,
                      "Scan Direction": "Forward",
                      "Index Name": "movie_id_cast_info",
                      "Relation Name": "cast_info",
                      "Alias": "ci",
                      "Startup Cost": 0.56,
                      "Total Cost": 1.91,
                      "Plan Rows": 7,
                      "Plan Width": 4,
                      "Actual Startup Time": 0.018,
                      "Actual Total Time": 0.045,
                      "Actual Rows": 12,
                      "Actual Loops": 428651,
                      "Index Cond": "(movie_id = t.id)",
                      "Rows Removed by Index Recheck": 0,
                      "Filter": "(role_id = 2)",
                      "Rows Removed by Filter": 75
                    }
                  ]
                }
              ]
            }
          ]
        }
      ]
    },
    "Planning Time": 1.311,
    "Triggers": [],
    "Execution Time": 3817.442
  }
]