{
  "Plan": {
    "Node Type": "Aggregate",
    "Strategy": "Plain",
    "Partial Mode": "Finalize",
    "Parallel Aware": false,
    "Startup Cost": 263714.09,
    "Total Cost": 263714.1,
    "Plan Rows": 1,
    "Plan Width": 8,
    "Actual Startup Time": 557.393,
    "Actual Total Time": 597.374,
    "Actual Rows": 1,
    "Actual Loops": 1,
    "Plans": [
      {
        "Node Type": "Gather",
        "Parent Relationship": "Outer",
        "Parallel Aware": false,
        "Startup Cost": 263713.97,
        "Total Cost": 263714.08,
        "Plan Rows": 1,
        "Plan Width": 8,
        "Actual Startup Time": 556.515,
        "Actual Total Time": 597.365,
        "Actual Rows": 2,
        "Actual Loops": 1,
        "Workers Planned": 1,
        "Workers Launched": 1,
        "Single Copy": false,
        "Plans": [
          {
            "Node Type": "Aggregate",
            "Strategy": "Plain",
            "Partial Mode": "Partial",
            "Parent Relationship": "Outer",
            "Parallel Aware": false,
            "Startup Cost": 262713.97,
            "Total Cost": 262713.98,
            "Plan Rows": 1,
            "Plan Width": 8,
            "Actual Startup Time": 550.439,
            "Actual Total Time": 550.443,
            "Actual Rows": 1,
            "Actual Loops": 2,
            "Plans": [
              {
                "Node Type": "Nested Loop",
                "Parent Relationship": "Outer",
                "Parallel Aware": false,
                "Join Type": "Inner",
                "Startup Cost": 60937.54,
                "Total Cost": 262623.15,
                "Plan Rows": 36329,
                "Plan Width": 0,
                "Actual Startup Time": 199.01,
                "Actual Total Time": 546.762,
                "Actual Rows": 73402,
                "Actual Loops": 2,
                "Inner Unique": false,
                "Join Filter": "(t.id = mi.movie_id)",
                "Rows Removed by Join Filter": 0,
                "Plans": [
                  {
                    "Node Type": "Hash Join",
                    "Parent Relationship": "Outer",
                    "Parallel Aware": true,
                    "Join Type": "Inner",
                    "Startup Cost": 60937.11,
                    "Total Cost": 100178.39,
                    "Plan Rows": 68274,
                    "Plan Width": 8,
                    "Actual Startup Time": 198.936,
                    "Actual Total Time": 357.53,
                    "Actual Rows": 30011,
                    "Actual Loops": 2,
                    "Inner Unique": true,
                    "Hash Cond": "(mc.movie_id = t.id)",
                    "Plans": [
                      {
                        "Node Type": "Seq Scan",
                        "Parent Relationship": "Outer",
                        "Parallel Aware": true,
                        "Relation Name": "movie_companies",
                        "Alias": "mc",
                        "Startup Cost": 0.0,
                        "Total Cost": 37974.77,
                        "Plan Rows": 482481,
                        "Plan Width": 4,
                        "Actual Startup Time": 17.683,
                        "Actual Total Time": 101.654,
                        "Actual Rows": 417017,
                        "Actual Loops": 2,
                        "Filter": "(company_id > 26911)",
                        "Rows Removed by Filter": 887548
                      },
                      {
                        "Node Type": "Hash",
                        "Parent Relationship": "Inner",
                        "Parallel Aware": true,
                        "Startup Cost": 58306.47,
                        "Total Cost": 58306.47,
                        "Plan Rows": 210451,
                        "Plan Width": 4,
                        "Actual Startup Time": 175.415,
                        "Actual Total Time": 175.416,
                        "Actual Rows": 114338,
                        "Actual Loops": 2,
                        "Hash Buckets": 524288,
                        "Original Hash Buckets": 524288,
                        "Hash Batches": 1,
                        "Original Hash Batches": 1,
                        "Peak Memory Usage": 13056,
                        "Plans": [
                          {
                            "Node Type": "Seq Scan",
                            "Parent Relationship": "Outer",
                            "Parallel Aware": true,
                            "Relation Name": "title",
                            "Alias": "t",
                            "Startup Cost": 0.0,
                            "Total Cost": 58306.47,
                            "Plan Rows": 210451,
                            "Plan Width": 4,
                            "Actual Startup Time": 0.033,
                            "Actual Total Time": 143.629,
                            "Actual Rows": 114338,
                            "Actual Loops": 2,
                            "Filter": "((kind_id > 1) AND (production_year < 1979))",
                            "Rows Removed by Filter": 1149818
                          }
                        ]
                      }
                    ]
                  },
                  {
                    "Node Type": "Index Scan",
                    "Parent Relationship": "Inner",
                    "Parallel Aware": false,
                    "Scan Direction": "Forward",
                    "Index Name": "movie_id_movie_info",
                    "Relation Name": "movie_info",
                    "Alias": "mi",
                    "Startup Cost": 0.43,
                    "Total Cost": 2.33,
                    "Plan Rows": 4,
                    "Plan Width": 4,
                    "Actual Startup Time": 0.004,
                    "Actual Total Time": 0.006,
                    "Actual Rows": 2,
                    "Actual Loops": 60022,
                    "Index Cond": "(movie_id = mc.movie_id)",
                    "Rows Removed by Index Recheck": 0,
                    "Filter": "(info_type_id = 7)",
                    "Rows Removed by Filter": 8
                  }
                ]
              }
            ]
          }
        ]
      }
    ]
  },
  "Planning Time": 0.957,
  "Triggers": [],
  "Execution Time": 597.465
}