[
  {
    "Plan": {
      "Node Type": "Aggregate",
      "Strategy": "Plain",
      "Partial Mode": "Finalize",
      "Parallel Aware": false,
      "Startup Cost": 45650.33,
      "Total Cost": 45650.34,
      "Plan Rows": 1,
      "Plan Width": 8,
      "Actual Startup Time": 152.577,
      "Actual Total Time": 161.722,
      "Actual Rows": 1,
      "Actual Loops": 1,
      "Plans": [
        {
          "Node Type": "Gather",
          "Parent Relationship": "Outer",
          "Parallel Aware": false,
          "Startup Cost": 45650.02,
          "Total Cost": 45650.33,
          "Plan Rows": 3,
          "Plan Width": 8,
          "Actual Startup Time": 152.477,
          "Actual Total Time": 161.713,
          "Actual Rows": 4,
          "Actual Loops": 1,
          "Workers Planned": 3,
          "Workers Launched": 3,
          "Single Copy": false,
          "Plans": [
            {
              "Node Type": "Aggregate",
              "Strategy": "Plain",
              "Partial Mode": "Partial",
              "Parent Relationship": "Outer",
              "Parallel Aware": false,
              "Startup Cost": 44650.02,
              "Total Cost": 44650.03,
              "Plan Rows": 1,
              "Plan Width": 8,
              "Actual Startup Time": 144.574,
              "Actual Total Time": 144.575,
              "Actual Rows": 1,
              "Actual Loops": 4,
              "Plans": [
                {
                  "Node Type": "Seq Scan",
                  "Parent Relationship": "Outer",
                  "Parallel Aware": true,
                  "Relation Name": "movie_keyword",
                  "Alias": "mk",
                  "Startup Cost": 0.0,
                  "Total Cost": 42695.65,
                  "Plan Rows": 781745,
                  "Plan Width": 0,
                  "Actual Startup Time": 0.394,
                  "Actual Total Time": 116.788,
                  "Actual Rows": 604187,
                  "Actual Loops": 4,
                  "Filter": "(keyword_id > 3800)",
                  "Rows Removed by Filter": 526796
                }
              ]
            }
          ]
        }
      ]
    },
    "Planning Time": 0.125,
    "Triggers": [],
    "Execution Time": 161.76
  }
]