[
  {
    "Plan": {
      "Node Type": "Aggregate",
      "Strategy": "Plain",
      "Partial Mode": "Finalize",
      "Parallel Aware": false,
      "Startup Cost": 32838.84,
      "Total Cost": 32838.85,
      "Plan Rows": 1,
      "Plan Width": 8,
      "Actual Startup Time": 97.304,
      "Actual Total Time": 102.869,
      "Actual Rows": 1,
      "Actual Loops": 1,
      "Plans": [
        {
          "Node Type": "Gather",
          "Parent Relationship": "Outer",
          "Parallel Aware": false,
          "Startup Cost": 32838.52,
          "Total Cost": 32838.83,
          "Plan Rows": 3,
          "Plan Width": 8,
          "Actual Startup Time": 97.198,
          "Actual Total Time": 102.863,
          "Actual Rows": 4,
          "Actual Loops": 1,
          "Workers Planned": 3,
          "Workers Launched": 3,
          "Single Copy": false,
          "Plans": [
            {
              "Node Type": "Aggregate",
              "Strategy": "Plain",
              "Partial Mode": "Partial",
              "Parent Relationship": "Outer",
              "Parallel Aware": false,
              "Startup Cost": 31838.52,
              "Total Cost": 31838.53,
              "Plan Rows": 1,
              "Plan Width": 8,
              "Actual Startup Time": 89.18,
              "Actual Total Time": 89.181,
              "Actual Rows": 1,
              "Actual Loops": 4,
              "Plans": [
                {
                  "Node Type": "Seq Scan",
                  "Parent Relationship": "Outer",
                  "Parallel Aware": true,
                  "Relation Name": "movie_companies",
                  "Alias": "mc",
                  "Startup Cost": 0.0,
                  "Total Cost": 31414.82,
                  "Plan Rows": 169480,
                  "Plan Width": 0,
                  "Actual Startup Time": 48.168,
                  "Actual Total Time": 81.122,
                  "Actual Rows": 208394,
                  "Actual Loops": 4,
                  "Filter": "((company_id > 15099) AND (company_type_id > 1))",
                  "Rows Removed by Filter": 443888
                }
              ]
            }
          ]
        }
      ]
    },
    "Planning Time": 0.193,
    "Triggers": [],
    "Execution Time": 102.921
  }
]