{
    "Plan": {
        "Node Type": "Aggregate",
        "Strategy": "Plain",
        "Partial Mode": "Simple",
        "Parallel Aware": false,
        "Startup Cost": 10002744702.85,
        "Total Cost": 10002744702.86,
        "Plan Rows": 1,
        "Plan Width": 8,
        "Actual Startup Time": 24103.024,
        "Actual Total Time": 24103.027,
        "Actual Rows": 1,
        "Actual Loops": 1,
        "Output": [
            "count(*)"
        ],
        "Plans": [
            {
                "Node Type": "Nested Loop",
                "Parent Relationship": "Outer",
                "Parallel Aware": false,
                "Join Type": "Inner",
                "Startup Cost": 10000092661.11,
                "Total Cost": 10002730518.79,
                "Plan Rows": 5673624,
                "Plan Width": 0,
                "Actual Startup Time": 699.306,
                "Actual Total Time": 23559.377,
                "Actual Rows": 11288678,
                "Actual Loops": 1,
                "Inner Unique": false,
                "Join Filter": "(t.id = ci.movie_id)",
                "Rows Removed by Join Filter": 0,
                "Plans": [
                    {
                        "Node Type": "Hash Join",
                        "Parent Relationship": "Outer",
                        "Parallel Aware": false,
                        "Join Type": "Inner",
                        "Startup Cost": 92659.86,
                        "Total Cost": 274448.12,
                        "Plan Rows": 395687,
                        "Plan Width": 8,
                        "Actual Startup Time": 699.196,
                        "Actual Total Time": 1680.419,
                        "Actual Rows": 713253,
                        "Actual Loops": 1,
                        "Output": [
                            "t.id",
                            "mi.movie_id"
                        ],
                        "Inner Unique": true,
                        "Hash Cond": "(mi.movie_id = t.id)",
                        "Plans": [
                            {
                                "Node Type": "Bitmap Heap Scan",
                                "Parent Relationship": "Outer",
                                "Parallel Aware": false,
                                "Relation Name": "movie_info",
                                "Schema": "public",
                                "Alias": "mi",
                                "Startup Cost": 23735.46,
                                "Total Cost": 202088.17,
                                "Plan Rows": 1308777,
                                "Plan Width": 4,
                                "Actual Startup Time": 106.663,
                                "Actual Total Time": 320.949,
                                "Actual Rows": 1288928,
                                "Actual Loops": 1,
                                "Output": [
                                    "mi.id",
                                    "mi.movie_id",
                                    "mi.info_type_id",
                                    "mi.info",
                                    "mi.note"
                                ],
                                "Recheck Cond": "(mi.info_type_id = 2)",
                                "Rows Removed by Index Recheck": 0,
                                "Exact Heap Blocks": 8585,
                                "Lossy Heap Blocks": 0,
                                "Plans": [
                                    {
                                        "Node Type": "Bitmap Index Scan",
                                        "Parent Relationship": "Outer",
                                        "Parallel Aware": false,
                                        "Index Name": "info_type_id_movie_info",
                                        "Startup Cost": 0.0,
                                        "Total Cost": 23408.26,
                                        "Plan Rows": 1308777,
                                        "Plan Width": 0,
                                        "Actual Startup Time": 105.036,
                                        "Actual Total Time": 105.036,
                                        "Actual Rows": 1288928,
                                        "Actual Loops": 1,
                                        "Index Cond": "(mi.info_type_id = 2)"
                                    }
                                ]
                            },
                            {
                                "Node Type": "Hash",
                                "Parent Relationship": "Inner",
                                "Parallel Aware": false,
                                "Startup Cost": 59369.45,
                                "Total Cost": 59369.45,
                                "Plan Rows": 764396,
                                "Plan Width": 4,
                                "Actual Startup Time": 586.731,
                                "Actual Total Time": 586.733,
                                "Actual Rows": 753677,
                                "Actual Loops": 1,
                                "Output": [
                                    "t.id"
                                ],
                                "Hash Buckets": 1048576,
                                "Original Hash Buckets": 1048576,
                                "Hash Batches": 1,
                                "Original Hash Batches": 1,
                                "Peak Memory Usage": 34689,
                                "Plans": [
                                    {
                                        "Node Type": "Bitmap Heap Scan",
                                        "Parent Relationship": "Outer",
                                        "Parallel Aware": false,
                                        "Relation Name": "title",
                                        "Schema": "public",
                                        "Alias": "t",
                                        "Startup Cost": 13816.5,
                                        "Total Cost": 59369.45,
                                        "Plan Rows": 764396,
                                        "Plan Width": 4,
                                        "Actual Startup Time": 70.686,
                                        "Actual Total Time": 371.056,
                                        "Actual Rows": 753677,
                                        "Actual Loops": 1,
                                        "Output": [
                                            "t.id"
                                        ],
                                        "Recheck Cond": "(t.kind_id < 3)",
                                        "Rows Removed by Index Recheck": 0,
                                        "Exact Heap Blocks": 35470,
                                        "Lossy Heap Blocks": 0,
                                        "Plans": [
                                            {
                                                "Node Type": "Bitmap Index Scan",
                                                "Parent Relationship": "Outer",
                                                "Parallel Aware": false,
                                                "Index Name": "kind_id_title",
                                                "Startup Cost": 0.0,
                                                "Total Cost": 13625.4,
                                                "Plan Rows": 764396,
                                                "Plan Width": 0,
                                                "Actual Startup Time": 62.815,
                                                "Actual Total Time": 62.815,
                                                "Actual Rows": 753677,
                                                "Actual Loops": 1,
                                                "Index Cond": "(t.kind_id < 3)"
                                            }
                                        ]
                                    }
                                ]
                            }
                        ]
                    },
                    {
                        "Node Type": "Bitmap Heap Scan",
                        "Parent Relationship": "Inner",
                        "Parallel Aware": false,
                        "Relation Name": "cast_info",
                        "Schema": "public",
                        "Alias": "ci",
                        "Startup Cost": 1.26,
                        "Total Cost": 5.73,
                        "Plan Rows": 38,
                        "Plan Width": 4,
                        "Actual Startup Time": 0.007,
                        "Actual Total Time": 0.027,
                        "Actual Rows": 16,
                        "Actual Loops": 713253,
                        "Output": [
                            "ci.id",
                            "ci.person_id",
                            "ci.movie_id",
                            "ci.person_role_id",
                            "ci.note",
                            "ci.nr_order",
                            "ci.role_id"
                        ],
                        "Recheck Cond": "(ci.movie_id = mi.movie_id)",
                        "Rows Removed by Index Recheck": 0,
                        "Exact Heap Blocks": 11005875,
                        "Lossy Heap Blocks": 0,
                        "Plans": [
                            {
                                "Node Type": "Bitmap Index Scan",
                                "Parent Relationship": "Outer",
                                "Parallel Aware": false,
                                "Index Name": "movie_id_cast_info",
                                "Startup Cost": 0.0,
                                "Total Cost": 1.25,
                                "Plan Rows": 38,
                                "Plan Width": 0,
                                "Actual Startup Time": 0.004,
                                "Actual Total Time": 0.004,
                                "Actual Rows": 16,
                                "Actual Loops": 713253,
                                "Index Cond": "(ci.movie_id = mi.movie_id)"
                            }
                        ]
                    }
                ]
            }
        ]
    },
    "Planning Time": 4.102,
    "Triggers": [],
    "Execution Time": 24104.574
}