{
  "Plan": {
    "Node Type": "Aggregate",
    "Strategy": "Plain",
    "Partial Mode": "Finalize",
    "Parallel Aware": false,
    "Startup Cost": 543713.84,
    "Total Cost": 543713.85,
    "Plan Rows": 1,
    "Plan Width": 8,
    "Actual Startup Time": 2304.685,
    "Actual Total Time": 2338.998,
    "Actual Rows": 1,
    "Actual Loops": 1,
    "Plans": [
      {
        "Node Type": "Gather",
        "Parent Relationship": "Outer",
        "Parallel Aware": false,
        "Startup Cost": 543713.72,
        "Total Cost": 543713.83,
        "Plan Rows": 1,
        "Plan Width": 8,
        "Actual Startup Time": 2299.862,
        "Actual Total Time": 2338.988,
        "Actual Rows": 2,
        "Actual Loops": 1,
        "Workers Planned": 1,
        "Workers Launched": 1,
        "Single Copy": false,
        "Plans": [
          {
            "Node Type": "Aggregate",
            "Strategy": "Plain",
            "Partial Mode": "Partial",
            "Parent Relationship": "Outer",
            "Parallel Aware": false,
            "Startup Cost": 542713.72,
            "Total Cost": 542713.73,
            "Plan Rows": 1,
            "Plan Width": 8,
            "Actual Startup Time": 2294.565,
            "Actual Total Time": 2295.156,
            "Actual Rows": 1,
            "Actual Loops": 2,
            "Plans": [
              {
                "Node Type": "Hash Join",
                "Parent Relationship": "Outer",
                "Parallel Aware": true,
                "Join Type": "Inner",
                "Startup Cost": 222662.34,
                "Total Cost": 538638.86,
                "Plan Rows": 1629945,
                "Plan Width": 0,
                "Actual Startup Time": 633.154,
                "Actual Total Time": 2219.186,
                "Actual Rows": 1421782,
                "Actual Loops": 2,
                "Inner Unique": true,
                "Hash Cond": "(ci.movie_id = t.id)",
                "Plans": [
                  {
                    "Node Type": "Bitmap Heap Scan",
                    "Parent Relationship": "Outer",
                    "Parallel Aware": true,
                    "Relation Name": "cast_info",
                    "Alias": "ci",
                    "Startup Cost": 157114.43,
                    "Total Cost": 462106.81,
                    "Plan Rows": 4184430,
                    "Plan Width": 4,
                    "Actual Startup Time": 259.267,
                    "Actual Total Time": 695.628,
                    "Actual Rows": 3651520,
                    "Actual Loops": 2,
                    "Recheck Cond": "(person_id < 705750)",
                    "Rows Removed by Index Recheck": 0,
                    "Exact Heap Blocks": 47055,
                    "Lossy Heap Blocks": 0,
                    "Plans": [
                      {
                        "Node Type": "Bitmap Index Scan",
                        "Parent Relationship": "Outer",
                        "Parallel Aware": false,
                        "Index Name": "person_id_cast_info",
                        "Startup Cost": 0.0,
                        "Total Cost": 155336.05,
                        "Plan Rows": 7113531,
                        "Plan Width": 0,
                        "Actual Startup Time": 245.966,
                        "Actual Total Time": 245.966,
                        "Actual Rows": 7303039,
                        "Actual Loops": 1,
                        "Index Cond": "(person_id < 705750)"
                      }
                    ]
                  },
                  {
                    "Node Type": "Hash",
                    "Parent Relationship": "Inner",
                    "Parallel Aware": true,
                    "Startup Cost": 58306.47,
                    "Total Cost": 58306.47,
                    "Plan Rows": 579315,
                    "Plan Width": 4,
                    "Actual Startup Time": 364.769,
                    "Actual Total Time": 364.771,
                    "Actual Rows": 528794,
                    "Actual Loops": 2,
                    "Hash Buckets": 2097152,
                    "Original Hash Buckets": 1048576,
                    "Hash Batches": 1,
                    "Original Hash Batches": 1,
                    "Peak Memory Usage": 65984,
                    "Plans": [
                      {
                        "Node Type": "Seq Scan",
                        "Parent Relationship": "Outer",
                        "Parallel Aware": true,
                        "Relation Name": "title",
                        "Alias": "t",
                        "Startup Cost": 0.0,
                        "Total Cost": 58306.47,
                        "Plan Rows": 579315,
                        "Plan Width": 4,
                        "Actual Startup Time": 0.034,
                        "Actual Total Time": 190.665,
                        "Actual Rows": 528794,
                        "Actual Loops": 2,
                        "Filter": "((kind_id > 1) AND (production_year > 2001))",
                        "Rows Removed by Filter": 735362
                      }
                    ]
                  }
                ]
              }
            ]
          }
        ]
      }
    ]
  },
  "Planning Time": 0.665,
  "Triggers": [],
  "Execution Time": 2339.09
}