{
  "Plan": {
    "Node Type": "Aggregate",
    "Strategy": "Plain",
    "Partial Mode": "Finalize",
    "Parallel Aware": false,
    "Startup Cost": 1061589.42,
    "Total Cost": 1061589.43,
    "Plan Rows": 1,
    "Plan Width": 8,
    "Actual Startup Time": 11231.872,
    "Actual Total Time": 11299.381,
    "Actual Rows": 1,
    "Actual Loops": 1,
    "Plans": [
      {
        "Node Type": "Gather",
        "Parent Relationship": "Outer",
        "Parallel Aware": false,
        "Startup Cost": 1061589.3,
        "Total Cost": 1061589.41,
        "Plan Rows": 1,
        "Plan Width": 8,
        "Actual Startup Time": 11216.212,
        "Actual Total Time": 11299.37,
        "Actual Rows": 2,
        "Actual Loops": 1,
        "Workers Planned": 1,
        "Workers Launched": 1,
        "Single Copy": false,
        "Plans": [
          {
            "Node Type": "Aggregate",
            "Strategy": "Plain",
            "Partial Mode": "Partial",
            "Parent Relationship": "Outer",
            "Parallel Aware": false,
            "Startup Cost": 1060589.3,
            "Total Cost": 1060589.31,
            "Plan Rows": 1,
            "Plan Width": 8,
            "Actual Startup Time": 11200.587,
            "Actual Total Time": 11201.619,
            "Actual Rows": 1,
            "Actual Loops": 2,
            "Plans": [
              {
                "Node Type": "Hash Join",
                "Parent Relationship": "Outer",
                "Parallel Aware": true,
                "Join Type": "Inner",
                "Startup Cost": 631074.07,
                "Total Cost": 1024908.3,
                "Plan Rows": 14272401,
                "Plan Width": 0,
                "Actual Startup Time": 4467.361,
                "Actual Total Time": 9771.134,
                "Actual Rows": 35183936,
                "Actual Loops": 2,
                "Inner Unique": false,
                "Hash Cond": "(mi.movie_id = t.id)",
                "Plans": [
                  {
                    "Node Type": "Seq Scan",
                    "Parent Relationship": "Outer",
                    "Parallel Aware": true,
                    "Relation Name": "movie_info",
                    "Alias": "mi",
                    "Startup Cost": 0.0,
                    "Total Cost": 270696.42,
                    "Plan Rows": 4478001,
                    "Plan Width": 4,
                    "Actual Startup Time": 32.207,
                    "Actual Total Time": 674.736,
                    "Actual Rows": 3774428,
                    "Actual Loops": 2,
                    "Filter": "(info_type_id > 7)",
                    "Rows Removed by Filter": 3643432
                  },
                  {
                    "Node Type": "Hash",
                    "Parent Relationship": "Inner",
                    "Parallel Aware": true,
                    "Startup Cost": 571822.3,
                    "Total Cost": 571822.3,
                    "Plan Rows": 4740142,
                    "Plan Width": 8,
                    "Actual Startup Time": 4403.542,
                    "Actual Total Time": 4404.572,
                    "Actual Rows": 4109812,
                    "Actual Loops": 2,
                    "Hash Buckets": 8388608,
                    "Original Hash Buckets": 8388608,
                    "Hash Batches": 1,
                    "Original Hash Batches": 1,
                    "Peak Memory Usage": 387104,
                    "Plans": [
                      {
                        "Node Type": "Hash Join",
                        "Parent Relationship": "Outer",
                        "Parallel Aware": true,
                        "Join Type": "Inner",
                        "Startup Cost": 247440.63,
                        "Total Cost": 571822.3,
                        "Plan Rows": 4740142,
                        "Plan Width": 8,
                        "Actual Startup Time": 795.507,
                        "Actual Total Time": 3127.947,
                        "Actual Rows": 4109812,
                        "Actual Loops": 2,
                        "Inner Unique": true,
                        "Hash Cond": "(ci.movie_id = t.id)",
                        "Plans": [
                          {
                            "Node Type": "Bitmap Heap Scan",
                            "Parent Relationship": "Outer",
                            "Parallel Aware": true,
                            "Relation Name": "cast_info",
                            "Alias": "ci",
                            "Startup Cost": 177979.93,
                            "Total Cost": 489918.7,
                            "Plan Rows": 4740142,
                            "Plan Width": 4,
                            "Actual Startup Time": 299.475,
                            "Actual Total Time": 717.663,
                            "Actual Rows": 4109812,
                            "Actual Loops": 2,
                            "Recheck Cond": "(person_id < 802986)",
                            "Rows Removed by Index Recheck": 0,
                            "Exact Heap Blocks": 44918,
                            "Lossy Heap Blocks": 0,
                            "Plans": [
                              {
                                "Node Type": "Bitmap Index Scan",
                                "Parent Relationship": "Outer",
                                "Parallel Aware": false,
                                "Index Name": "person_id_cast_info",
                                "Startup Cost": 0.0,
                                "Total Cost": 175965.37,
                                "Plan Rows": 8058241,
                                "Plan Width": 0,
                                "Actual Startup Time": 284.648,
                                "Actual Total Time": 284.649,
                                "Actual Rows": 8219624,
                                "Actual Loops": 1,
                                "Index Cond": "(person_id < 802986)"
                              }
                            ]
                          },
                          {
                            "Node Type": "Hash",
                            "Parent Relationship": "Inner",
                            "Parallel Aware": true,
                            "Startup Cost": 50870.31,
                            "Total Cost": 50870.31,
                            "Plan Rows": 1487231,
                            "Plan Width": 4,
                            "Actual Startup Time": 485.304,
                            "Actual Total Time": 485.305,
                            "Actual Rows": 1264156,
                            "Actual Loops": 2,
                            "Hash Buckets": 4194304,
                            "Original Hash Buckets": 4194304,
                            "Hash Batches": 1,
                            "Original Hash Batches": 1,
                            "Peak Memory Usage": 131712,
                            "Plans": [
                              {
                                "Node Type": "Seq Scan",
                                "Parent Relationship": "Outer",
                                "Parallel Aware": true,
                                "Relation Name": "title",
                                "Alias": "t",
                                "Startup Cost": 0.0,
                                "Total Cost": 50870.31,
                                "Plan Rows": 1487231,
                                "Plan Width": 4,
                                "Actual Startup Time": 0.028,
                                "Actual Total Time": 145.33,
                                "Actual Rows": 1264156,
                                "Actual Loops": 2
                              }
                            ]
                          }
                        ]
                      }
                    ]
                  }
                ]
              }
            ]
          }
        ]
      }
    ]
  },
  "Planning Time": 0.937,
  "Triggers": [],
  "Execution Time": 11299.486
}