{
  "Plan": {
    "Node Type": "Aggregate",
    "Strategy": "Plain",
    "Partial Mode": "Finalize",
    "Parallel Aware": false,
    "Startup Cost": 70045.48,
    "Total Cost": 70045.49,
    "Plan Rows": 1,
    "Plan Width": 8,
    "Actual Startup Time": 81.935,
    "Actual Total Time": 92.357,
    "Actual Rows": 1,
    "Actual Loops": 1,
    "Plans": [
      {
        "Node Type": "Gather",
        "Parent Relationship": "Outer",
        "Parallel Aware": false,
        "Startup Cost": 70045.37,
        "Total Cost": 70045.48,
        "Plan Rows": 1,
        "Plan Width": 8,
        "Actual Startup Time": 81.811,
        "Actual Total Time": 92.349,
        "Actual Rows": 2,
        "Actual Loops": 1,
        "Workers Planned": 1,
        "Workers Launched": 1,
        "Single Copy": false,
        "Plans": [
          {
            "Node Type": "Aggregate",
            "Strategy": "Plain",
            "Partial Mode": "Partial",
            "Parent Relationship": "Outer",
            "Parallel Aware": false,
            "Startup Cost": 69045.37,
            "Total Cost": 69045.38,
            "Plan Rows": 1,
            "Plan Width": 8,
            "Actual Startup Time": 75.848,
            "Actual Total Time": 75.85,
            "Actual Rows": 1,
            "Actual Loops": 2,
            "Plans": [
              {
                "Node Type": "Nested Loop",
                "Parent Relationship": "Outer",
                "Parallel Aware": false,
                "Join Type": "Inner",
                "Startup Cost": 257.62,
                "Total Cost": 69027.29,
                "Plan Rows": 7232,
                "Plan Width": 0,
                "Actual Startup Time": 4.229,
                "Actual Total Time": 74.106,
                "Actual Rows": 24412,
                "Actual Loops": 2,
                "Inner Unique": false,
                "Plans": [
                  {
                    "Node Type": "Nested Loop",
                    "Parent Relationship": "Outer",
                    "Parallel Aware": false,
                    "Join Type": "Inner",
                    "Startup Cost": 257.19,
                    "Total Cost": 64736.36,
                    "Plan Rows": 7008,
                    "Plan Width": 8,
                    "Actual Startup Time": 4.112,
                    "Actual Total Time": 40.063,
                    "Actual Rows": 5272,
                    "Actual Loops": 2,
                    "Inner Unique": true,
                    "Plans": [
                      {
                        "Node Type": "Bitmap Heap Scan",
                        "Parent Relationship": "Outer",
                        "Parallel Aware": true,
                        "Relation Name": "movie_keyword",
                        "Alias": "mk",
                        "Startup Cost": 256.76,
                        "Total Cost": 20675.87,
                        "Plan Rows": 7008,
                        "Plan Width": 4,
                        "Actual Startup Time": 3.959,
                        "Actual Total Time": 13.627,
                        "Actual Rows": 5272,
                        "Actual Loops": 2,
                        "Recheck Cond": "(keyword_id = 398)",
                        "Rows Removed by Index Recheck": 0,
                        "Exact Heap Blocks": 4164,
                        "Lossy Heap Blocks": 0,
                        "Plans": [
                          {
                            "Node Type": "Bitmap Index Scan",
                            "Parent Relationship": "Outer",
                            "Parallel Aware": false,
                            "Index Name": "keyword_id_movie_keyword",
                            "Startup Cost": 0.0,
                            "Total Cost": 253.78,
                            "Plan Rows": 11913,
                            "Plan Width": 0,
                            "Actual Startup Time": 4.785,
                            "Actual Total Time": 4.785,
                            "Actual Rows": 10544,
                            "Actual Loops": 1,
                            "Index Cond": "(keyword_id = 398)"
                          }
                        ]
                      },
                      {
                        "Node Type": "Index Only Scan",
                        "Parent Relationship": "Inner",
                        "Parallel Aware": false,
                        "Scan Direction": "Forward",
                        "Index Name": "title_pkey",
                        "Relation Name": "title",
                        "Alias": "t",
                        "Startup Cost": 0.43,
                        "Total Cost": 6.29,
                        "Plan Rows": 1,
                        "Plan Width": 4,
                        "Actual Startup Time": 0.005,
                        "Actual Total Time": 0.005,
                        "Actual Rows": 1,
                        "Actual Loops": 10544,
                        "Index Cond": "(id = mk.movie_id)",
                        "Rows Removed by Index Recheck": 0,
                        "Heap Fetches": 10544
                      }
                    ]
                  },
                  {
                    "Node Type": "Index Only Scan",
                    "Parent Relationship": "Inner",
                    "Parallel Aware": false,
                    "Scan Direction": "Forward",
                    "Index Name": "movie_id_movie_companies",
                    "Relation Name": "movie_companies",
                    "Alias": "mc",
                    "Startup Cost": 0.43,
                    "Total Cost": 0.56,
                    "Plan Rows": 5,
                    "Plan Width": 4,
                    "Actual Startup Time": 0.004,
                    "Actual Total Time": 0.006,
                    "Actual Rows": 5,
                    "Actual Loops": 10544,
                    "Index Cond": "(movie_id = t.id)",
                    "Rows Removed by Index Recheck": 0,
                    "Heap Fetches": 48823
                  }
                ]
              }
            ]
          }
        ]
      }
    ]
  },
  "Planning Time": 1.038,
  "Triggers": [],
  "Execution Time": 92.45
}