[
  {
    "Plan": {
      "Node Type": "Aggregate",
      "Strategy": "Plain",
      "Partial Mode": "Finalize",
      "Parallel Aware": false,
      "Startup Cost": 80385.48,
      "Total Cost": 80385.49,
      "Plan Rows": 1,
      "Plan Width": 8,
      "Actual Startup Time": 253.396,
      "Actual Total Time": 268.919,
      "Actual Rows": 1,
      "Actual Loops": 1,
      "Plans": [
        {
          "Node Type": "Gather",
          "Parent Relationship": "Outer",
          "Parallel Aware": false,
          "Startup Cost": 80385.16,
          "Total Cost": 80385.47,
          "Plan Rows": 3,
          "Plan Width": 8,
          "Actual Startup Time": 252.044,
          "Actual Total Time": 268.911,
          "Actual Rows": 4,
          "Actual Loops": 1,
          "Workers Planned": 3,
          "Workers Launched": 3,
          "Single Copy": false,
          "Plans": [
            {
              "Node Type": "Aggregate",
              "Strategy": "Plain",
              "Partial Mode": "Partial",
              "Parent Relationship": "Outer",
              "Parallel Aware": false,
              "Startup Cost": 79385.16,
              "Total Cost": 79385.17,
              "Plan Rows": 1,
              "Plan Width": 8,
              "Actual Startup Time": 243.355,
              "Actual Total Time": 243.358,
              "Actual Rows": 1,
              "Actual Loops": 4,
              "Plans": [
                {
                  "Node Type": "Hash Join",
                  "Parent Relationship": "Outer",
                  "Parallel Aware": true,
                  "Join Type": "Inner",
                  "Startup Cost": 46876.05,
                  "Total Cost": 79227.45,
                  "Plan Rows": 63084,
                  "Plan Width": 0,
                  "Actual Startup Time": 185.403,
                  "Actual Total Time": 240.337,
                  "Actual Rows": 78258,
                  "Actual Loops": 4,
                  "Inner Unique": true,
                  "Hash Cond": "(mc.movie_id = t.id)",
                  "Plans": [
                    {
                      "Node Type": "Seq Scan",
                      "Parent Relationship": "Outer",
                      "Parallel Aware": true,
                      "Relation Name": "movie_companies",
                      "Alias": "mc",
                      "Startup Cost": 0.0,
                      "Total Cost": 31414.82,
                      "Plan Rows": 356795,
                      "Plan Width": 4,
                      "Actual Startup Time": 29.263,
                      "Actual Total Time": 65.124,
                      "Actual Rows": 308337,
                      "Actual Loops": 4,
                      "Filter": "((company_id > 302) AND (company_type_id > 1))",
                      "Rows Removed by Filter": 343946
                    },
                    {
                      "Node Type": "Hash",
                      "Parent Relationship": "Inner",
                      "Parallel Aware": true,
                      "Startup Cost": 45479.1,
                      "Total Cost": 45479.1,
                      "Plan Rows": 111756,
                      "Plan Width": 4,
                      "Actual Startup Time": 121.86,
                      "Actual Total Time": 121.86,
                      "Actual Rows": 81272,
                      "Actual Loops": 4,
                      "Hash Buckets": 524288,
                      "Original Hash Buckets": 524288,
                      "Hash Batches": 1,
                      "Original Hash Batches": 1,
                      "Peak Memory Usage": 16896,
                      "Plans": [
                        {
                          "Node Type": "Seq Scan",
                          "Parent Relationship": "Outer",
                          "Parallel Aware": true,
                          "Relation Name": "title",
                          "Alias": "t",
                          "Startup Cost": 0.0,
                          "Total Cost": 45479.1,
                          "Plan Rows": 111756,
                          "Plan Width": 4,
                          "Actual Startup Time": 46.627,
                          "Actual Total Time": 98.085,
                          "Actual Rows": 81272,
                          "Actual Loops": 4,
                          "Filter": "((production_year > 1992) AND (kind_id = 1))",
                          "Rows Removed by Filter": 550806
                        }
                      ]
                    }
                  ]
                }
              ]
            }
          ]
        }
      ]
    },
    "Planning Time": 0.721,
    "Triggers": [],
    "Execution Time": 268.988
  }
]