[
    {
        "Bao": {
            "Bao prediction": "NaN",
            "Bao recommended hint": "(no hint)"
        }
    },
    {
        "Plan": {
            "Node Type": "Aggregate",
            "Strategy": "Plain",
            "Partial Mode": "Simple",
            "Parallel Aware": false,
            "Startup Cost": 9211.47,
            "Total Cost": 9211.48,
            "Plan Rows": 1,
            "Plan Width": 8,
            "Actual Startup Time": 1.85,
            "Actual Total Time": 1.851,
            "Actual Rows": 1,
            "Actual Loops": 1,
            "Output": [
                "count(*)"
            ],
            "Plans": [
                {
                    "Node Type": "Index Only Scan",
                    "Parent Relationship": "Outer",
                    "Parallel Aware": false,
                    "Scan Direction": "Forward",
                    "Index Name": "company_id_movie_companies",
                    "Relation Name": "movie_companies",
                    "Schema": "public",
                    "Alias": "mc",
                    "Startup Cost": 0.43,
                    "Total Cost": 9201.9,
                    "Plan Rows": 3827,
                    "Plan Width": 0,
                    "Actual Startup Time": 0.071,
                    "Actual Total Time": 1.624,
                    "Actual Rows": 3722,
                    "Actual Loops": 1,
                    "Output": [
                        "company_id"
                    ],
                    "Index Cond": "(mc.company_id = 164)",
                    "Rows Removed by Index Recheck": 0,
                    "Heap Fetches": 3722
                }
            ]
        },
        "Planning Time": 204.209,
        "Triggers": [],
        "Execution Time": 1.89
    }
]