[
    {
        "Bao": {
            "Bao prediction": "NaN",
            "Bao recommended hint": "(no hint)"
        }
    },
    {
        "Plan": {
            "Node Type": "Aggregate",
            "Strategy": "Plain",
            "Partial Mode": "Finalize",
            "Parallel Aware": false,
            "Startup Cost": 39357.62,
            "Total Cost": 39357.63,
            "Plan Rows": 1,
            "Plan Width": 8,
            "Actual Startup Time": 118.242,
            "Actual Total Time": 122.882,
            "Actual Rows": 1,
            "Actual Loops": 1,
            "Output": [
                "count(*)"
            ],
            "Plans": [
                {
                    "Node Type": "Gather",
                    "Parent Relationship": "Outer",
                    "Parallel Aware": false,
                    "Startup Cost": 39357.3,
                    "Total Cost": 39357.61,
                    "Plan Rows": 3,
                    "Plan Width": 8,
                    "Actual Startup Time": 118.063,
                    "Actual Total Time": 122.873,
                    "Actual Rows": 4,
                    "Actual Loops": 1,
                    "Output": [
                        "(PARTIAL count(*))"
                    ],
                    "Workers Planned": 3,
                    "Workers Launched": 3,
                    "Single Copy": false,
                    "Plans": [
                        {
                            "Node Type": "Aggregate",
                            "Strategy": "Plain",
                            "Partial Mode": "Partial",
                            "Parent Relationship": "Outer",
                            "Parallel Aware": false,
                            "Startup Cost": 38357.3,
                            "Total Cost": 38357.31,
                            "Plan Rows": 1,
                            "Plan Width": 8,
                            "Actual Startup Time": 109.538,
                            "Actual Total Time": 109.54,
                            "Actual Rows": 1,
                            "Actual Loops": 4,
                            "Output": [
                                "PARTIAL count(*)"
                            ],
                            "Workers": [
                                {
                                    "Worker Number": 0,
                                    "Actual Startup Time": 106.666,
                                    "Actual Total Time": 106.668,
                                    "Actual Rows": 1,
                                    "Actual Loops": 1
                                },
                                {
                                    "Worker Number": 1,
                                    "Actual Startup Time": 106.86,
                                    "Actual Total Time": 106.862,
                                    "Actual Rows": 1,
                                    "Actual Loops": 1
                                },
                                {
                                    "Worker Number": 2,
                                    "Actual Startup Time": 107.156,
                                    "Actual Total Time": 107.157,
                                    "Actual Rows": 1,
                                    "Actual Loops": 1
                                }
                            ],
                            "Plans": [
                                {
                                    "Node Type": "Bitmap Heap Scan",
                                    "Parent Relationship": "Outer",
                                    "Parallel Aware": true,
                                    "Relation Name": "movie_keyword",
                                    "Schema": "public",
                                    "Alias": "mk",
                                    "Startup Cost": 11320.78,
                                    "Total Cost": 37926.88,
                                    "Plan Rows": 172168,
                                    "Plan Width": 0,
                                    "Actual Startup Time": 32.788,
                                    "Actual Total Time": 101.981,
                                    "Actual Rows": 130615,
                                    "Actual Loops": 4,
                                    "Recheck Cond": "(mk.keyword_id > 34668)",
                                    "Rows Removed by Index Recheck": 0,
                                    "Exact Heap Blocks": 9397,
                                    "Lossy Heap Blocks": 0,
                                    "Workers": [
                                        {
                                            "Worker Number": 0,
                                            "Actual Startup Time": 29.797,
                                            "Actual Total Time": 99.622,
                                            "Actual Rows": 105318,
                                            "Actual Loops": 1
                                        },
                                        {
                                            "Worker Number": 1,
                                            "Actual Startup Time": 30.338,
                                            "Actual Total Time": 99.93,
                                            "Actual Rows": 103280,
                                            "Actual Loops": 1
                                        },
                                        {
                                            "Worker Number": 2,
                                            "Actual Startup Time": 30.831,
                                            "Actual Total Time": 100.192,
                                            "Actual Rows": 102090,
                                            "Actual Loops": 1
                                        }
                                    ],
                                    "Plans": [
                                        {
                                            "Node Type": "Bitmap Index Scan",
                                            "Parent Relationship": "Outer",
                                            "Parallel Aware": false,
                                            "Index Name": "keyword_id_movie_keyword",
                                            "Startup Cost": 0.0,
                                            "Total Cost": 11187.35,
                                            "Plan Rows": 533722,
                                            "Plan Width": 0,
                                            "Actual Startup Time": 36.821,
                                            "Actual Total Time": 36.822,
                                            "Actual Rows": 522460,
                                            "Actual Loops": 1,
                                            "Index Cond": "(mk.keyword_id > 34668)"
                                        }
                                    ]
                                }
                            ]
                        }
                    ]
                }
            ]
        },
        "Planning Time": 192.067,
        "Triggers": [],
        "Execution Time": 122.977
    }
]