[
  {
    "Plan": {
      "Node Type": "Aggregate",
      "Strategy": "Plain",
      "Partial Mode": "Finalize",
      "Parallel Aware": false,
      "Startup Cost": 74162.54,
      "Total Cost": 74162.55,
      "Plan Rows": 1,
      "Plan Width": 8,
      "Actual Startup Time": 252.913,
      "Actual Total Time": 267.455,
      "Actual Rows": 1,
      "Actual Loops": 1,
      "Plans": [
        {
          "Node Type": "Gather",
          "Parent Relationship": "Outer",
          "Parallel Aware": false,
          "Startup Cost": 74162.12,
          "Total Cost": 74162.53,
          "Plan Rows": 4,
          "Plan Width": 8,
          "Actual Startup Time": 250.207,
          "Actual Total Time": 267.446,
          "Actual Rows": 5,
          "Actual Loops": 1,
          "Workers Planned": 4,
          "Workers Launched": 4,
          "Single Copy": false,
          "Plans": [
            {
              "Node Type": "Aggregate",
              "Strategy": "Plain",
              "Partial Mode": "Partial",
              "Parent Relationship": "Outer",
              "Parallel Aware": false,
              "Startup Cost": 73162.12,
              "Total Cost": 73162.13,
              "Plan Rows": 1,
              "Plan Width": 8,
              "Actual Startup Time": 240.414,
              "Actual Total Time": 240.418,
              "Actual Rows": 1,
              "Actual Loops": 5,
              "Plans": [
                {
                  "Node Type": "Hash Join",
                  "Parent Relationship": "Outer",
                  "Parallel Aware": true,
                  "Join Type": "Inner",
                  "Startup Cost": 27274.61,
                  "Total Cost": 72983.79,
                  "Plan Rows": 71330,
                  "Plan Width": 0,
                  "Actual Startup Time": 89.912,
                  "Actual Total Time": 237.66,
                  "Actual Rows": 56680,
                  "Actual Loops": 5,
                  "Inner Unique": false,
                  "Hash Cond": "(t.id = mc.movie_id)",
                  "Plans": [
                    {
                      "Node Type": "Seq Scan",
                      "Parent Relationship": "Outer",
                      "Parallel Aware": true,
                      "Relation Name": "title",
                      "Alias": "t",
                      "Startup Cost": 0.0,
                      "Total Cost": 42318.73,
                      "Plan Rows": 632073,
                      "Plan Width": 4,
                      "Actual Startup Time": 0.009,
                      "Actual Total Time": 63.644,
                      "Actual Rows": 505662,
                      "Actual Loops": 5
                    },
                    {
                      "Node Type": "Hash",
                      "Parent Relationship": "Inner",
                      "Parallel Aware": true,
                      "Startup Cost": 26124.13,
                      "Total Cost": 26124.13,
                      "Plan Rows": 92038,
                      "Plan Width": 4,
                      "Actual Startup Time": 87.572,
                      "Actual Total Time": 87.573,
                      "Actual Rows": 56680,
                      "Actual Loops": 5,
                      "Hash Buckets": 524288,
                      "Original Hash Buckets": 524288,
                      "Hash Batches": 1,
                      "Original Hash Batches": 1,
                      "Peak Memory Usage": 15264,
                      "Plans": [
                        {
                          "Node Type": "Bitmap Heap Scan",
                          "Parent Relationship": "Outer",
                          "Parallel Aware": true,
                          "Relation Name": "movie_companies",
                          "Alias": "mc",
                          "Startup Cost": 6183.65,
                          "Total Cost": 26124.13,
                          "Plan Rows": 92038,
                          "Plan Width": 4,
                          "Actual Startup Time": 23.739,
                          "Actual Total Time": 64.879,
                          "Actual Rows": 56680,
                          "Actual Loops": 5,
                          "Recheck Cond": "(company_id < 154)",
                          "Rows Removed by Index Recheck": 0,
                          "Exact Heap Blocks": 7164,
                          "Lossy Heap Blocks": 0,
                          "Plans": [
                            {
                              "Node Type": "Bitmap Index Scan",
                              "Parent Relationship": "Outer",
                              "Parallel Aware": false,
                              "Index Name": "company_id_movie_companies",
                              "Startup Cost": 0.0,
                              "Total Cost": 6112.32,
                              "Plan Rows": 285319,
                              "Plan Width": 0,
                              "Actual Startup Time": 21.997,
                              "Actual Total Time": 21.998,
                              "Actual Rows": 283400,
                              "Actual Loops": 1,
                              "Index Cond": "(company_id < 154)"
                            }
                          ]
                        }
                      ]
                    }
                  ]
                }
              ]
            }
          ]
        }
      ]
    },
    "Planning Time": 0.477,
    "Triggers": [],
    "Execution Time": 267.532
  }
]