[
  {
    "Plan": {
      "Node Type": "Aggregate",
      "Strategy": "Plain",
      "Partial Mode": "Simple",
      "Parallel Aware": false,
      "Startup Cost": 274.22,
      "Total Cost": 274.23,
      "Plan Rows": 1,
      "Plan Width": 8,
      "Actual Startup Time": 0.036,
      "Actual Total Time": 0.036,
      "Actual Rows": 1,
      "Actual Loops": 1,
      "Plans": [
        {
          "Node Type": "Index Scan",
          "Parent Relationship": "Outer",
          "Parallel Aware": false,
          "Scan Direction": "Forward",
          "Index Name": "company_id_movie_companies",
          "Relation Name": "movie_companies",
          "Alias": "mc",
          "Startup Cost": 0.43,
          "Total Cost": 274.1,
          "Plan Rows": 50,
          "Plan Width": 0,
          "Actual Startup Time": 0.025,
          "Actual Total Time": 0.035,
          "Actual Rows": 1,
          "Actual Loops": 1,
          "Index Cond": "(company_id = 5094)",
          "Rows Removed by Index Recheck": 0,
          "Filter": "(company_type_id < 2)",
          "Rows Removed by Filter": 11
        }
      ]
    },
    "Planning Time": 0.081,
    "Triggers": [],
    "Execution Time": 0.053
  }
]