[
  {
    "Plan": {
      "Node Type": "Aggregate",
      "Strategy": "Plain",
      "Partial Mode": "Finalize",
      "Parallel Aware": false,
      "Startup Cost": 74024.87,
      "Total Cost": 74024.88,
      "Plan Rows": 1,
      "Plan Width": 8,
      "Actual Startup Time": 108.269,
      "Actual Total Time": 121.785,
      "Actual Rows": 1,
      "Actual Loops": 1,
      "Plans": [
        {
          "Node Type": "Gather",
          "Parent Relationship": "Outer",
          "Parallel Aware": false,
          "Startup Cost": 74024.45,
          "Total Cost": 74024.86,
          "Plan Rows": 4,
          "Plan Width": 8,
          "Actual Startup Time": 108.145,
          "Actual Total Time": 121.777,
          "Actual Rows": 5,
          "Actual Loops": 1,
          "Workers Planned": 4,
          "Workers Launched": 4,
          "Single Copy": false,
          "Plans": [
            {
              "Node Type": "Aggregate",
              "Strategy": "Plain",
              "Partial Mode": "Partial",
              "Parent Relationship": "Outer",
              "Parallel Aware": false,
              "Startup Cost": 73024.45,
              "Total Cost": 73024.46,
              "Plan Rows": 1,
              "Plan Width": 8,
              "Actual Startup Time": 98.632,
              "Actual Total Time": 98.634,
              "Actual Rows": 1,
              "Actual Loops": 5,
              "Plans": [
                {
                  "Node Type": "Nested Loop",
                  "Parent Relationship": "Outer",
                  "Parallel Aware": false,
                  "Join Type": "Inner",
                  "Startup Cost": 0.43,
                  "Total Cost": 73020.66,
                  "Plan Rows": 1514,
                  "Plan Width": 0,
                  "Actual Startup Time": 1.521,
                  "Actual Total Time": 98.565,
                  "Actual Rows": 376,
                  "Actual Loops": 5,
                  "Inner Unique": false,
                  "Plans": [
                    {
                      "Node Type": "Seq Scan",
                      "Parent Relationship": "Outer",
                      "Parallel Aware": true,
                      "Relation Name": "title",
                      "Alias": "t",
                      "Startup Cost": 0.0,
                      "Total Cost": 45479.1,
                      "Plan Rows": 3778,
                      "Plan Width": 4,
                      "Actual Startup Time": 0.084,
                      "Actual Total Time": 81.736,
                      "Actual Rows": 2865,
                      "Actual Loops": 5,
                      "Filter": "((kind_id = 7) AND (production_year = 1991))",
                      "Rows Removed by Filter": 502797
                    },
                    {
                      "Node Type": "Index Scan",
                      "Parent Relationship": "Inner",
                      "Parallel Aware": false,
                      "Scan Direction": "Forward",
                      "Index Name": "movie_id_movie_companies",
                      "Relation Name": "movie_companies",
                      "Alias": "mc",
                      "Startup Cost": 0.43,
                      "Total Cost": 7.27,
                      "Plan Rows": 2,
                      "Plan Width": 4,
                      "Actual Startup Time": 0.005,
                      "Actual Total Time": 0.005,
                      "Actual Rows": 0,
                      "Actual Loops": 14325,
                      "Index Cond": "(movie_id = t.id)",
                      "Rows Removed by Index Recheck": 0,
                      "Filter": "(company_id > 15800)",
                      "Rows Removed by Filter": 0
                    }
                  ]
                }
              ]
            }
          ]
        }
      ]
    },
    "Planning Time": 0.585,
    "Triggers": [],
    "Execution Time": 121.849
  }
]