[
  {
    "Plan": {
      "Node Type": "Aggregate",
      "Strategy": "Plain",
      "Partial Mode": "Finalize",
      "Parallel Aware": false,
      "Startup Cost": 348233.34,
      "Total Cost": 348233.35,
      "Plan Rows": 1,
      "Plan Width": 8,
      "Actual Startup Time": 541.542,
      "Actual Total Time": 559.121,
      "Actual Rows": 1,
      "Actual Loops": 1,
      "Plans": [
        {
          "Node Type": "Gather",
          "Parent Relationship": "Outer",
          "Parallel Aware": false,
          "Startup Cost": 348232.72,
          "Total Cost": 348233.33,
          "Plan Rows": 6,
          "Plan Width": 8,
          "Actual Startup Time": 523.116,
          "Actual Total Time": 559.108,
          "Actual Rows": 7,
          "Actual Loops": 1,
          "Workers Planned": 6,
          "Workers Launched": 6,
          "Single Copy": false,
          "Plans": [
            {
              "Node Type": "Aggregate",
              "Strategy": "Plain",
              "Partial Mode": "Partial",
              "Parent Relationship": "Outer",
              "Parallel Aware": false,
              "Startup Cost": 347232.72,
              "Total Cost": 347232.73,
              "Plan Rows": 1,
              "Plan Width": 8,
              "Actual Startup Time": 507.394,
              "Actual Total Time": 507.398,
              "Actual Rows": 1,
              "Actual Loops": 7,
              "Plans": [
                {
                  "Node Type": "Hash Join",
                  "Parent Relationship": "Outer",
                  "Parallel Aware": true,
                  "Join Type": "Inner",
                  "Startup Cost": 89477.58,
                  "Total Cost": 346629.8,
                  "Plan Rows": 241168,
                  "Plan Width": 0,
                  "Actual Startup Time": 303.936,
                  "Actual Total Time": 495.548,
                  "Actual Rows": 215823,
                  "Actual Loops": 7,
                  "Inner Unique": true,
                  "Hash Cond": "(ci.movie_id = t.id)",
                  "Plans": [
                    {
                      "Node Type": "Bitmap Heap Scan",
                      "Parent Relationship": "Outer",
                      "Parallel Aware": true,
                      "Relation Name": "cast_info",
                      "Alias": "ci",
                      "Startup Cost": 39124.34,
                      "Total Cost": 295501.6,
                      "Plan Rows": 295221,
                      "Plan Width": 4,
                      "Actual Startup Time": 65.959,
                      "Actual Total Time": 117.858,
                      "Actual Rows": 255825,
                      "Actual Loops": 7,
                      "Recheck Cond": "(person_id < 177783)",
                      "Rows Removed by Index Recheck": 0,
                      "Exact Heap Blocks": 2463,
                      "Lossy Heap Blocks": 0,
                      "Plans": [
                        {
                          "Node Type": "Bitmap Index Scan",
                          "Parent Relationship": "Outer",
                          "Parallel Aware": false,
                          "Index Name": "person_id_cast_info",
                          "Startup Cost": 0.0,
                          "Total Cost": 38681.51,
                          "Plan Rows": 1771326,
                          "Plan Width": 0,
                          "Actual Startup Time": 62.848,
                          "Actual Total Time": 62.848,
                          "Actual Rows": 1790776,
                          "Actual Loops": 1,
                          "Index Cond": "(person_id < 177783)"
                        }
                      ]
                    },
                    {
                      "Node Type": "Hash",
                      "Parent Relationship": "Inner",
                      "Parallel Aware": true,
                      "Startup Cost": 43898.92,
                      "Total Cost": 43898.92,
                      "Plan Rows": 516346,
                      "Plan Width": 4,
                      "Actual Startup Time": 232.422,
                      "Actual Total Time": 232.423,
                      "Actual Rows": 294936,
                      "Actual Loops": 7,
                      "Hash Buckets": 2097152,
                      "Original Hash Buckets": 2097152,
                      "Hash Batches": 1,
                      "Original Hash Batches": 1,
                      "Peak Memory Usage": 97248,
                      "Plans": [
                        {
                          "Node Type": "Seq Scan",
                          "Parent Relationship": "Outer",
                          "Parallel Aware": true,
                          "Relation Name": "title",
                          "Alias": "t",
                          "Startup Cost": 0.0,
                          "Total Cost": 43898.92,
                          "Plan Rows": 516346,
                          "Plan Width": 4,
                          "Actual Startup Time": 0.045,
                          "Actual Total Time": 86.78,
                          "Actual Rows": 294936,
                          "Actual Loops": 7,
                          "Filter": "(production_year < 2011)",
                          "Rows Removed by Filter": 66251
                        }
                      ]
                    }
                  ]
                }
              ]
            }
          ]
        }
      ]
    },
    "Planning Time": 0.607,
    "Triggers": [],
    "Execution Time": 559.218
  }
]