[
  {
    "Plan": {
      "Node Type": "Aggregate",
      "Strategy": "Plain",
      "Partial Mode": "Finalize",
      "Parallel Aware": false,
      "Startup Cost": 45355.98,
      "Total Cost": 45355.99,
      "Plan Rows": 1,
      "Plan Width": 8,
      "Actual Startup Time": 143.102,
      "Actual Total Time": 152.727,
      "Actual Rows": 1,
      "Actual Loops": 1,
      "Plans": [
        {
          "Node Type": "Gather",
          "Parent Relationship": "Outer",
          "Parallel Aware": false,
          "Startup Cost": 45355.66,
          "Total Cost": 45355.97,
          "Plan Rows": 3,
          "Plan Width": 8,
          "Actual Startup Time": 142.952,
          "Actual Total Time": 152.719,
          "Actual Rows": 4,
          "Actual Loops": 1,
          "Workers Planned": 3,
          "Workers Launched": 3,
          "Single Copy": false,
          "Plans": [
            {
              "Node Type": "Aggregate",
              "Strategy": "Plain",
              "Partial Mode": "Partial",
              "Parent Relationship": "Outer",
              "Parallel Aware": false,
              "Startup Cost": 44355.66,
              "Total Cost": 44355.67,
              "Plan Rows": 1,
              "Plan Width": 8,
              "Actual Startup Time": 135.853,
              "Actual Total Time": 135.854,
              "Actual Rows": 1,
              "Actual Loops": 4,
              "Plans": [
                {
                  "Node Type": "Seq Scan",
                  "Parent Relationship": "Outer",
                  "Parallel Aware": true,
                  "Relation Name": "movie_keyword",
                  "Alias": "mk",
                  "Startup Cost": 0.0,
                  "Total Cost": 42695.65,
                  "Plan Rows": 664004,
                  "Plan Width": 0,
                  "Actual Startup Time": 0.919,
                  "Actual Total Time": 112.512,
                  "Actual Rows": 514237,
                  "Actual Loops": 4,
                  "Filter": "(keyword_id > 5937)",
                  "Rows Removed by Filter": 616745
                }
              ]
            }
          ]
        }
      ]
    },
    "Planning Time": 0.188,
    "Triggers": [],
    "Execution Time": 152.783
  }
]