[
  {
    "Plan": {
      "Node Type": "Aggregate",
      "Strategy": "Plain",
      "Partial Mode": "Finalize",
      "Parallel Aware": false,
      "Startup Cost": 31616.57,
      "Total Cost": 31616.58,
      "Plan Rows": 1,
      "Plan Width": 8,
      "Actual Startup Time": 126.508,
      "Actual Total Time": 134.424,
      "Actual Rows": 1,
      "Actual Loops": 1,
      "Plans": [
        {
          "Node Type": "Gather",
          "Parent Relationship": "Outer",
          "Parallel Aware": false,
          "Startup Cost": 31616.25,
          "Total Cost": 31616.56,
          "Plan Rows": 3,
          "Plan Width": 8,
          "Actual Startup Time": 126.412,
          "Actual Total Time": 134.416,
          "Actual Rows": 4,
          "Actual Loops": 1,
          "Workers Planned": 3,
          "Workers Launched": 3,
          "Single Copy": false,
          "Plans": [
            {
              "Node Type": "Aggregate",
              "Strategy": "Plain",
              "Partial Mode": "Partial",
              "Parent Relationship": "Outer",
              "Parallel Aware": false,
              "Startup Cost": 30616.25,
              "Total Cost": 30616.26,
              "Plan Rows": 1,
              "Plan Width": 8,
              "Actual Startup Time": 117.646,
              "Actual Total Time": 117.647,
              "Actual Rows": 1,
              "Actual Loops": 4,
              "Plans": [
                {
                  "Node Type": "Seq Scan",
                  "Parent Relationship": "Outer",
                  "Parallel Aware": true,
                  "Relation Name": "movie_companies",
                  "Alias": "mc",
                  "Startup Cost": 0.0,
                  "Total Cost": 29310.68,
                  "Plan Rows": 522227,
                  "Plan Width": 0,
                  "Actual Startup Time": 0.044,
                  "Actual Total Time": 92.669,
                  "Actual Rows": 401597,
                  "Actual Loops": 4,
                  "Filter": "(company_id < 16609)",
                  "Rows Removed by Filter": 250686
                }
              ]
            }
          ]
        }
      ]
    },
    "Planning Time": 0.161,
    "Triggers": [],
    "Execution Time": 134.482
  }
]