[
  {
    "Plan": {
      "Node Type": "Aggregate",
      "Strategy": "Plain",
      "Partial Mode": "Finalize",
      "Parallel Aware": false,
      "Startup Cost": 61250.74,
      "Total Cost": 61250.75,
      "Plan Rows": 1,
      "Plan Width": 8,
      "Actual Startup Time": 264.012,
      "Actual Total Time": 280.821,
      "Actual Rows": 1,
      "Actual Loops": 1,
      "Plans": [
        {
          "Node Type": "Gather",
          "Parent Relationship": "Outer",
          "Parallel Aware": false,
          "Startup Cost": 61250.53,
          "Total Cost": 61250.74,
          "Plan Rows": 2,
          "Plan Width": 8,
          "Actual Startup Time": 262.494,
          "Actual Total Time": 280.812,
          "Actual Rows": 3,
          "Actual Loops": 1,
          "Workers Planned": 2,
          "Workers Launched": 2,
          "Single Copy": false,
          "Plans": [
            {
              "Node Type": "Aggregate",
              "Strategy": "Plain",
              "Partial Mode": "Partial",
              "Parent Relationship": "Outer",
              "Parallel Aware": false,
              "Startup Cost": 60250.53,
              "Total Cost": 60250.54,
              "Plan Rows": 1,
              "Plan Width": 8,
              "Actual Startup Time": 254.376,
              "Actual Total Time": 254.38,
              "Actual Rows": 1,
              "Actual Loops": 3,
              "Plans": [
                {
                  "Node Type": "Hash Join",
                  "Parent Relationship": "Outer",
                  "Parallel Aware": true,
                  "Join Type": "Inner",
                  "Startup Cost": 44579.02,
                  "Total Cost": 60208.97,
                  "Plan Rows": 16624,
                  "Plan Width": 0,
                  "Actual Startup Time": 167.63,
                  "Actual Total Time": 253.487,
                  "Actual Rows": 13986,
                  "Actual Loops": 3,
                  "Inner Unique": true,
                  "Hash Cond": "(mi_idx.movie_id = t.id)",
                  "Plans": [
                    {
                      "Node Type": "Seq Scan",
                      "Parent Relationship": "Outer",
                      "Parallel Aware": true,
                      "Relation Name": "movie_info_idx",
                      "Alias": "mi_idx",
                      "Startup Cost": 0.0,
                      "Total Cost": 15122.68,
                      "Plan Rows": 193243,
                      "Plan Width": 4,
                      "Actual Startup Time": 0.034,
                      "Actual Total Time": 50.506,
                      "Actual Rows": 153308,
                      "Actual Loops": 3,
                      "Filter": "(info_type_id = 101)",
                      "Rows Removed by Filter": 306703
                    },
                    {
                      "Node Type": "Hash",
                      "Parent Relationship": "Inner",
                      "Parallel Aware": true,
                      "Startup Cost": 43899.32,
                      "Total Cost": 43899.32,
                      "Plan Rows": 54376,
                      "Plan Width": 4,
                      "Actual Startup Time": 163.602,
                      "Actual Total Time": 163.603,
                      "Actual Rows": 76961,
                      "Actual Loops": 3,
                      "Hash Buckets": 262144,
                      "Original Hash Buckets": 262144,
                      "Hash Batches": 1,
                      "Original Hash Batches": 1,
                      "Peak Memory Usage": 11104,
                      "Plans": [
                        {
                          "Node Type": "Seq Scan",
                          "Parent Relationship": "Outer",
                          "Parallel Aware": true,
                          "Relation Name": "title",
                          "Alias": "t",
                          "Startup Cost": 0.0,
                          "Total Cost": 43899.32,
                          "Plan Rows": 54376,
                          "Plan Width": 4,
                          "Actual Startup Time": 0.068,
                          "Actual Total Time": 135.715,
                          "Actual Rows": 76961,
                          "Actual Loops": 3,
                          "Filter": "(production_year < 1959)",
                          "Rows Removed by Filter": 765810
                        }
                      ]
                    }
                  ]
                }
              ]
            }
          ]
        }
      ]
    },
    "Planning Time": 0.608,
    "Triggers": [],
    "Execution Time": 280.894
  }
]