{
  "Plan": {
    "Node Type": "Aggregate",
    "Strategy": "Plain",
    "Partial Mode": "Finalize",
    "Parallel Aware": false,
    "Startup Cost": 485562.15,
    "Total Cost": 485562.16,
    "Plan Rows": 1,
    "Plan Width": 8,
    "Actual Startup Time": 6129.771,
    "Actual Total Time": 6164.628,
    "Actual Rows": 1,
    "Actual Loops": 1,
    "Plans": [
      {
        "Node Type": "Gather",
        "Parent Relationship": "Outer",
        "Parallel Aware": false,
        "Startup Cost": 485562.04,
        "Total Cost": 485562.15,
        "Plan Rows": 1,
        "Plan Width": 8,
        "Actual Startup Time": 6129.665,
        "Actual Total Time": 6164.622,
        "Actual Rows": 2,
        "Actual Loops": 1,
        "Workers Planned": 1,
        "Workers Launched": 1,
        "Single Copy": false,
        "Plans": [
          {
            "Node Type": "Aggregate",
            "Strategy": "Plain",
            "Partial Mode": "Partial",
            "Parent Relationship": "Outer",
            "Parallel Aware": false,
            "Startup Cost": 484562.04,
            "Total Cost": 484562.05,
            "Plan Rows": 1,
            "Plan Width": 8,
            "Actual Startup Time": 6123.533,
            "Actual Total Time": 6123.535,
            "Actual Rows": 1,
            "Actual Loops": 2,
            "Plans": [
              {
                "Node Type": "Merge Join",
                "Parent Relationship": "Outer",
                "Parallel Aware": false,
                "Join Type": "Inner",
                "Startup Cost": 21.15,
                "Total Cost": 481306.97,
                "Plan Rows": 1302029,
                "Plan Width": 0,
                "Actual Startup Time": 8.832,
                "Actual Total Time": 5940.721,
                "Actual Rows": 4168424,
                "Actual Loops": 2,
                "Inner Unique": false,
                "Merge Cond": "(t.id = mc.movie_id)",
                "Plans": [
                  {
                    "Node Type": "Merge Join",
                    "Parent Relationship": "Outer",
                    "Parallel Aware": false,
                    "Join Type": "Inner",
                    "Startup Cost": 14.31,
                    "Total Cost": 312502.62,
                    "Plan Rows": 2484945,
                    "Plan Width": 8,
                    "Actual Startup Time": 8.146,
                    "Actual Total Time": 2463.993,
                    "Actual Rows": 2220679,
                    "Actual Loops": 2,
                    "Inner Unique": true,
                    "Merge Cond": "(mk.movie_id = t.id)",
                    "Plans": [
                      {
                        "Node Type": "Index Only Scan",
                        "Parent Relationship": "Outer",
                        "Parallel Aware": true,
                        "Scan Direction": "Forward",
                        "Index Name": "movie_id_movie_keyword",
                        "Relation Name": "movie_keyword",
                        "Alias": "mk",
                        "Startup Cost": 0.43,
                        "Total Cost": 158560.11,
                        "Plan Rows": 2661135,
                        "Plan Width": 4,
                        "Actual Startup Time": 0.118,
                        "Actual Total Time": 529.331,
                        "Actual Rows": 2261958,
                        "Actual Loops": 2,
                        "Heap Fetches": 4523915
                      },
                      {
                        "Node Type": "Index Scan",
                        "Parent Relationship": "Inner",
                        "Parallel Aware": false,
                        "Scan Direction": "Forward",
                        "Index Name": "title_pkey",
                        "Relation Name": "title",
                        "Alias": "t",
                        "Startup Cost": 0.43,
                        "Total Cost": 116660.7,
                        "Plan Rows": 2360898,
                        "Plan Width": 4,
                        "Actual Startup Time": 0.101,
                        "Actual Total Time": 1577.153,
                        "Actual Rows": 2356447,
                        "Actual Loops": 2,
                        "Filter": "(production_year > 1923)",
                        "Rows Removed by Filter": 169272
                      }
                    ]
                  },
                  {
                    "Node Type": "Index Scan",
                    "Parent Relationship": "Inner",
                    "Parallel Aware": false,
                    "Scan Direction": "Forward",
                    "Index Name": "movie_id_movie_companies",
                    "Relation Name": "movie_companies",
                    "Alias": "mc",
                    "Startup Cost": 0.43,
                    "Total Cost": 146582.27,
                    "Plan Rows": 1324742,
                    "Plan Width": 4,
                    "Actual Startup Time": 0.057,
                    "Actual Total Time": 2833.389,
                    "Actual Rows": 5255092,
                    "Actual Loops": 2,
                    "Filter": "(company_type_id > 1)",
                    "Rows Removed by Filter": 4745646
                  }
                ]
              }
            ]
          }
        ]
      }
    ]
  },
  "Planning Time": 1.055,
  "Triggers": [],
  "Execution Time": 6164.72
}