{
  "Plan": {
    "Node Type": "Aggregate",
    "Strategy": "Plain",
    "Partial Mode": "Finalize",
    "Parallel Aware": false,
    "Startup Cost": 195409.01,
    "Total Cost": 195409.02,
    "Plan Rows": 1,
    "Plan Width": 8,
    "Actual Startup Time": 459.922,
    "Actual Total Time": 471.366,
    "Actual Rows": 1,
    "Actual Loops": 1,
    "Plans": [
      {
        "Node Type": "Gather",
        "Parent Relationship": "Outer",
        "Parallel Aware": false,
        "Startup Cost": 195408.9,
        "Total Cost": 195409.01,
        "Plan Rows": 1,
        "Plan Width": 8,
        "Actual Startup Time": 456.733,
        "Actual Total Time": 471.358,
        "Actual Rows": 2,
        "Actual Loops": 1,
        "Workers Planned": 1,
        "Workers Launched": 1,
        "Single Copy": false,
        "Plans": [
          {
            "Node Type": "Aggregate",
            "Strategy": "Plain",
            "Partial Mode": "Partial",
            "Parent Relationship": "Outer",
            "Parallel Aware": false,
            "Startup Cost": 194408.9,
            "Total Cost": 194408.91,
            "Plan Rows": 1,
            "Plan Width": 8,
            "Actual Startup Time": 448.841,
            "Actual Total Time": 448.845,
            "Actual Rows": 1,
            "Actual Loops": 2,
            "Plans": [
              {
                "Node Type": "Hash Join",
                "Parent Relationship": "Outer",
                "Parallel Aware": true,
                "Join Type": "Inner",
                "Startup Cost": 66437.81,
                "Total Cost": 194350.34,
                "Plan Rows": 23423,
                "Plan Width": 0,
                "Actual Startup Time": 429.716,
                "Actual Total Time": 448.318,
                "Actual Rows": 11529,
                "Actual Loops": 2,
                "Inner Unique": true,
                "Hash Cond": "(mi.movie_id = t.id)",
                "Plans": [
                  {
                    "Node Type": "Bitmap Heap Scan",
                    "Parent Relationship": "Outer",
                    "Parallel Aware": true,
                    "Relation Name": "movie_info",
                    "Alias": "mi",
                    "Startup Cost": 1270.75,
                    "Total Cost": 129075.22,
                    "Plan Rows": 41162,
                    "Plan Width": 4,
                    "Actual Startup Time": 3.159,
                    "Actual Total Time": 10.738,
                    "Actual Rows": 34012,
                    "Actual Loops": 2,
                    "Recheck Cond": "(info_type_id = 94)",
                    "Rows Removed by Index Recheck": 0,
                    "Exact Heap Blocks": 1247,
                    "Lossy Heap Blocks": 0,
                    "Plans": [
                      {
                        "Node Type": "Bitmap Index Scan",
                        "Parent Relationship": "Outer",
                        "Parallel Aware": false,
                        "Index Name": "info_type_id_movie_info",
                        "Startup Cost": 0.0,
                        "Total Cost": 1253.25,
                        "Plan Rows": 69976,
                        "Plan Width": 0,
                        "Actual Startup Time": 2.754,
                        "Actual Total Time": 2.755,
                        "Actual Rows": 68025,
                        "Actual Loops": 1,
                        "Index Cond": "(info_type_id = 94)"
                      }
                    ]
                  },
                  {
                    "Node Type": "Hash",
                    "Parent Relationship": "Inner",
                    "Parallel Aware": true,
                    "Startup Cost": 54588.39,
                    "Total Cost": 54588.39,
                    "Plan Rows": 846294,
                    "Plan Width": 4,
                    "Actual Startup Time": 411.951,
                    "Actual Total Time": 411.951,
                    "Actual Rows": 717233,
                    "Actual Loops": 2,
                    "Hash Buckets": 2097152,
                    "Original Hash Buckets": 2097152,
                    "Hash Batches": 1,
                    "Original Hash Batches": 1,
                    "Peak Memory Usage": 72512,
                    "Plans": [
                      {
                        "Node Type": "Seq Scan",
                        "Parent Relationship": "Outer",
                        "Parallel Aware": true,
                        "Relation Name": "title",
                        "Alias": "t",
                        "Startup Cost": 0.0,
                        "Total Cost": 54588.39,
                        "Plan Rows": 846294,
                        "Plan Width": 4,
                        "Actual Startup Time": 0.04,
                        "Actual Total Time": 183.804,
                        "Actual Rows": 717233,
                        "Actual Loops": 2,
                        "Filter": "(production_year > 1999)",
                        "Rows Removed by Filter": 546923
                      }
                    ]
                  }
                ]
              }
            ]
          }
        ]
      }
    ]
  },
  "Planning Time": 0.619,
  "Triggers": [],
  "Execution Time": 471.458
}