[
  {
    "Plan": {
      "Node Type": "Aggregate",
      "Strategy": "Plain",
      "Partial Mode": "Finalize",
      "Parallel Aware": false,
      "Startup Cost": 44983.48,
      "Total Cost": 44983.49,
      "Plan Rows": 1,
      "Plan Width": 8,
      "Actual Startup Time": 136.112,
      "Actual Total Time": 145.701,
      "Actual Rows": 1,
      "Actual Loops": 1,
      "Plans": [
        {
          "Node Type": "Gather",
          "Parent Relationship": "Outer",
          "Parallel Aware": false,
          "Startup Cost": 44983.16,
          "Total Cost": 44983.47,
          "Plan Rows": 3,
          "Plan Width": 8,
          "Actual Startup Time": 136.019,
          "Actual Total Time": 145.685,
          "Actual Rows": 4,
          "Actual Loops": 1,
          "Workers Planned": 3,
          "Workers Launched": 3,
          "Single Copy": false,
          "Plans": [
            {
              "Node Type": "Aggregate",
              "Strategy": "Plain",
              "Partial Mode": "Partial",
              "Parent Relationship": "Outer",
              "Parallel Aware": false,
              "Startup Cost": 43983.16,
              "Total Cost": 43983.17,
              "Plan Rows": 1,
              "Plan Width": 8,
              "Actual Startup Time": 131.936,
              "Actual Total Time": 131.938,
              "Actual Rows": 1,
              "Actual Loops": 4,
              "Plans": [
                {
                  "Node Type": "Seq Scan",
                  "Parent Relationship": "Outer",
                  "Parallel Aware": true,
                  "Relation Name": "movie_keyword",
                  "Alias": "mk",
                  "Startup Cost": 0.0,
                  "Total Cost": 42695.65,
                  "Plan Rows": 515003,
                  "Plan Width": 0,
                  "Actual Startup Time": 0.599,
                  "Actual Total Time": 111.846,
                  "Actual Rows": 397354,
                  "Actual Loops": 4,
                  "Filter": "(keyword_id > 9751)",
                  "Rows Removed by Filter": 733628
                }
              ]
            }
          ]
        }
      ]
    },
    "Planning Time": 0.1,
    "Triggers": [],
    "Execution Time": 145.735
  }
]