[
  {
    "Plan": {
      "Node Type": "Aggregate",
      "Strategy": "Plain",
      "Partial Mode": "Finalize",
      "Parallel Aware": false,
      "Startup Cost": 40902.88,
      "Total Cost": 40902.89,
      "Plan Rows": 1,
      "Plan Width": 8,
      "Actual Startup Time": 152.411,
      "Actual Total Time": 158.984,
      "Actual Rows": 1,
      "Actual Loops": 1,
      "Plans": [
        {
          "Node Type": "Gather",
          "Parent Relationship": "Outer",
          "Parallel Aware": false,
          "Startup Cost": 40902.57,
          "Total Cost": 40902.88,
          "Plan Rows": 3,
          "Plan Width": 8,
          "Actual Startup Time": 152.164,
          "Actual Total Time": 158.974,
          "Actual Rows": 4,
          "Actual Loops": 1,
          "Workers Planned": 3,
          "Workers Launched": 3,
          "Single Copy": false,
          "Plans": [
            {
              "Node Type": "Aggregate",
              "Strategy": "Plain",
              "Partial Mode": "Partial",
              "Parent Relationship": "Outer",
              "Parallel Aware": false,
              "Startup Cost": 39902.57,
              "Total Cost": 39902.58,
              "Plan Rows": 1,
              "Plan Width": 8,
              "Actual Startup Time": 144.795,
              "Actual Total Time": 144.796,
              "Actual Rows": 1,
              "Actual Loops": 4,
              "Plans": [
                {
                  "Node Type": "Bitmap Heap Scan",
                  "Parent Relationship": "Outer",
                  "Parallel Aware": true,
                  "Relation Name": "movie_keyword",
                  "Alias": "mk",
                  "Startup Cost": 12579.59,
                  "Total Cost": 39424.4,
                  "Plan Rows": 191265,
                  "Plan Width": 0,
                  "Actual Startup Time": 58.213,
                  "Actual Total Time": 134.239,
                  "Actual Rows": 145162,
                  "Actual Loops": 4,
                  "Recheck Cond": "(keyword_id > 31575)",
                  "Rows Removed by Index Recheck": 0,
                  "Exact Heap Blocks": 8483,
                  "Lossy Heap Blocks": 0,
                  "Plans": [
                    {
                      "Node Type": "Bitmap Index Scan",
                      "Parent Relationship": "Outer",
                      "Parallel Aware": false,
                      "Index Name": "keyword_id_movie_keyword",
                      "Startup Cost": 0.0,
                      "Total Cost": 12431.36,
                      "Plan Rows": 592923,
                      "Plan Width": 0,
                      "Actual Startup Time": 59.163,
                      "Actual Total Time": 59.164,
                      "Actual Rows": 580646,
                      "Actual Loops": 1,
                      "Index Cond": "(keyword_id > 31575)"
                    }
                  ]
                }
              ]
            }
          ]
        }
      ]
    },
    "Planning Time": 0.209,
    "Triggers": [],
    "Execution Time": 159.062
  }
]