[
  {
    "Plan": {
      "Node Type": "Aggregate",
      "Strategy": "Plain",
      "Partial Mode": "Finalize",
      "Parallel Aware": false,
      "Startup Cost": 122439.66,
      "Total Cost": 122439.67,
      "Plan Rows": 1,
      "Plan Width": 8,
      "Actual Startup Time": 335.154,
      "Actual Total Time": 369.039,
      "Actual Rows": 1,
      "Actual Loops": 1,
      "Plans": [
        {
          "Node Type": "Gather",
          "Parent Relationship": "Outer",
          "Parallel Aware": false,
          "Startup Cost": 122439.34,
          "Total Cost": 122439.65,
          "Plan Rows": 3,
          "Plan Width": 8,
          "Actual Startup Time": 331.515,
          "Actual Total Time": 369.031,
          "Actual Rows": 4,
          "Actual Loops": 1,
          "Workers Planned": 3,
          "Workers Launched": 3,
          "Single Copy": false,
          "Plans": [
            {
              "Node Type": "Aggregate",
              "Strategy": "Plain",
              "Partial Mode": "Partial",
              "Parent Relationship": "Outer",
              "Parallel Aware": false,
              "Startup Cost": 121439.34,
              "Total Cost": 121439.35,
              "Plan Rows": 1,
              "Plan Width": 8,
              "Actual Startup Time": 324.321,
              "Actual Total Time": 324.324,
              "Actual Rows": 1,
              "Actual Loops": 4,
              "Plans": [
                {
                  "Node Type": "Nested Loop",
                  "Parent Relationship": "Outer",
                  "Parallel Aware": false,
                  "Join Type": "Inner",
                  "Startup Cost": 45677.55,
                  "Total Cost": 121142.38,
                  "Plan Rows": 118783,
                  "Plan Width": 0,
                  "Actual Startup Time": 156.272,
                  "Actual Total Time": 319.501,
                  "Actual Rows": 96838,
                  "Actual Loops": 4,
                  "Inner Unique": false,
                  "Plans": [
                    {
                      "Node Type": "Hash Join",
                      "Parent Relationship": "Outer",
                      "Parallel Aware": true,
                      "Join Type": "Inner",
                      "Startup Cost": 45677.11,
                      "Total Cost": 55011.31,
                      "Plan Rows": 20825,
                      "Plan Width": 8,
                      "Actual Startup Time": 156.185,
                      "Actual Total Time": 185.249,
                      "Actual Rows": 6790,
                      "Actual Loops": 4,
                      "Inner Unique": true,
                      "Hash Cond": "(ci.movie_id = t.id)",
                      "Plans": [
                        {
                          "Node Type": "Index Scan",
                          "Parent Relationship": "Outer",
                          "Parallel Aware": true,
                          "Scan Direction": "Forward",
                          "Index Name": "role_id_cast_info",
                          "Relation Name": "cast_info",
                          "Alias": "ci",
                          "Startup Cost": 0.56,
                          "Total Cost": 9091.72,
                          "Plan Rows": 92588,
                          "Plan Width": 4,
                          "Actual Startup Time": 0.211,
                          "Actual Total Time": 14.401,
                          "Actual Rows": 33155,
                          "Actual Loops": 4,
                          "Index Cond": "(role_id > 10)",
                          "Rows Removed by Index Recheck": 0,
                          "Filter": "(person_id < 3475434)",
                          "Rows Removed by Filter": 45875
                        },
                        {
                          "Node Type": "Hash",
                          "Parent Relationship": "Inner",
                          "Parallel Aware": true,
                          "Startup Cost": 43899.32,
                          "Total Cost": 43899.32,
                          "Plan Rows": 142178,
                          "Plan Width": 4,
                          "Actual Startup Time": 152.459,
                          "Actual Total Time": 152.46,
                          "Actual Rows": 146255,
                          "Actual Loops": 4,
                          "Hash Buckets": 1048576,
                          "Original Hash Buckets": 1048576,
                          "Hash Batches": 1,
                          "Original Hash Batches": 1,
                          "Peak Memory Usage": 31136,
                          "Plans": [
                            {
                              "Node Type": "Seq Scan",
                              "Parent Relationship": "Outer",
                              "Parallel Aware": true,
                              "Relation Name": "title",
                              "Alias": "t",
                              "Startup Cost": 0.0,
                              "Total Cost": 43899.32,
                              "Plan Rows": 142178,
                              "Plan Width": 4,
                              "Actual Startup Time": 0.057,
                              "Actual Total Time": 95.769,
                              "Actual Rows": 146255,
                              "Actual Loops": 4,
                              "Filter": "(production_year < 1985)",
                              "Rows Removed by Filter": 485823
                            }
                          ]
                        }
                      ]
                    },
                    {
                      "Node Type": "Index Scan",
                      "Parent Relationship": "Inner",
                      "Parallel Aware": false,
                      "Scan Direction": "Forward",
                      "Index Name": "movie_id_movie_info",
                      "Relation Name": "movie_info",
                      "Alias": "mi",
                      "Startup Cost": 0.43,
                      "Total Cost": 2.78,
                      "Plan Rows": 40,
                      "Plan Width": 4,
                      "Actual Startup Time": 0.006,
                      "Actual Total Time": 0.018,
                      "Actual Rows": 14,
                      "Actual Loops": 27160,
                      "Index Cond": "(movie_id = t.id)",
                      "Rows Removed by Index Recheck": 0,
                      "Filter": "(info_type_id < 105)",
                      "Rows Removed by Filter": 0
                    }
                  ]
                }
              ]
            }
          ]
        }
      ]
    },
    "Planning Time": 0.682,
    "Triggers": [],
    "Execution Time": 369.095
  }
]