[
  {
    "Plan": {
      "Node Type": "Aggregate",
      "Strategy": "Plain",
      "Partial Mode": "Finalize",
      "Parallel Aware": false,
      "Startup Cost": 33288.63,
      "Total Cost": 33288.64,
      "Plan Rows": 1,
      "Plan Width": 8,
      "Actual Startup Time": 99.46,
      "Actual Total Time": 107.467,
      "Actual Rows": 1,
      "Actual Loops": 1,
      "Plans": [
        {
          "Node Type": "Gather",
          "Parent Relationship": "Outer",
          "Parallel Aware": false,
          "Startup Cost": 33288.31,
          "Total Cost": 33288.62,
          "Plan Rows": 3,
          "Plan Width": 8,
          "Actual Startup Time": 98.981,
          "Actual Total Time": 107.458,
          "Actual Rows": 4,
          "Actual Loops": 1,
          "Workers Planned": 3,
          "Workers Launched": 3,
          "Single Copy": false,
          "Plans": [
            {
              "Node Type": "Aggregate",
              "Strategy": "Plain",
              "Partial Mode": "Partial",
              "Parent Relationship": "Outer",
              "Parallel Aware": false,
              "Startup Cost": 32288.31,
              "Total Cost": 32288.32,
              "Plan Rows": 1,
              "Plan Width": 8,
              "Actual Startup Time": 92.907,
              "Actual Total Time": 92.909,
              "Actual Rows": 1,
              "Actual Loops": 4,
              "Plans": [
                {
                  "Node Type": "Bitmap Heap Scan",
                  "Parent Relationship": "Outer",
                  "Parallel Aware": true,
                  "Relation Name": "movie_keyword",
                  "Alias": "mk",
                  "Startup Cost": 6379.14,
                  "Total Cost": 32045.78,
                  "Plan Rows": 97012,
                  "Plan Width": 0,
                  "Actual Startup Time": 25.89,
                  "Actual Total Time": 88.332,
                  "Actual Rows": 73470,
                  "Actual Loops": 4,
                  "Recheck Cond": "(keyword_id < 239)",
                  "Rows Removed by Index Recheck": 0,
                  "Exact Heap Blocks": 12621,
                  "Lossy Heap Blocks": 0,
                  "Plans": [
                    {
                      "Node Type": "Bitmap Index Scan",
                      "Parent Relationship": "Outer",
                      "Parallel Aware": false,
                      "Index Name": "keyword_id_movie_keyword",
                      "Startup Cost": 0.0,
                      "Total Cost": 6303.95,
                      "Plan Rows": 300736,
                      "Plan Width": 0,
                      "Actual Startup Time": 27.284,
                      "Actual Total Time": 27.285,
                      "Actual Rows": 293882,
                      "Actual Loops": 1,
                      "Index Cond": "(keyword_id < 239)"
                    }
                  ]
                }
              ]
            }
          ]
        }
      ]
    },
    "Planning Time": 0.186,
    "Triggers": [],
    "Execution Time": 107.541
  }
]