{
  "Plan": {
    "Node Type": "Aggregate",
    "Strategy": "Plain",
    "Partial Mode": "Finalize",
    "Parallel Aware": false,
    "Startup Cost": 72352.09,
    "Total Cost": 72352.1,
    "Plan Rows": 1,
    "Plan Width": 8,
    "Actual Startup Time": 183.997,
    "Actual Total Time": 193.199,
    "Actual Rows": 1,
    "Actual Loops": 1,
    "Plans": [
      {
        "Node Type": "Gather",
        "Parent Relationship": "Outer",
        "Parallel Aware": false,
        "Startup Cost": 72351.98,
        "Total Cost": 72352.09,
        "Plan Rows": 1,
        "Plan Width": 8,
        "Actual Startup Time": 183.435,
        "Actual Total Time": 193.193,
        "Actual Rows": 2,
        "Actual Loops": 1,
        "Workers Planned": 1,
        "Workers Launched": 1,
        "Single Copy": false,
        "Plans": [
          {
            "Node Type": "Aggregate",
            "Strategy": "Plain",
            "Partial Mode": "Partial",
            "Parent Relationship": "Outer",
            "Parallel Aware": false,
            "Startup Cost": 71351.98,
            "Total Cost": 71351.99,
            "Plan Rows": 1,
            "Plan Width": 8,
            "Actual Startup Time": 180.654,
            "Actual Total Time": 180.657,
            "Actual Rows": 1,
            "Actual Loops": 2,
            "Plans": [
              {
                "Node Type": "Hash Join",
                "Parent Relationship": "Outer",
                "Parallel Aware": true,
                "Join Type": "Inner",
                "Startup Cost": 60694.48,
                "Total Cost": 71328.92,
                "Plan Rows": 9224,
                "Plan Width": 0,
                "Actual Startup Time": 161.512,
                "Actual Total Time": 180.622,
                "Actual Rows": 536,
                "Actual Loops": 2,
                "Inner Unique": true,
                "Hash Cond": "(ci.movie_id = t.id)",
                "Plans": [
                  {
                    "Node Type": "Index Scan",
                    "Parent Relationship": "Outer",
                    "Parallel Aware": true,
                    "Scan Direction": "Forward",
                    "Index Name": "role_id_cast_info",
                    "Relation Name": "cast_info",
                    "Alias": "ci",
                    "Startup Cost": 0.56,
                    "Total Cost": 10446.47,
                    "Plan Rows": 71822,
                    "Plan Width": 4,
                    "Actual Startup Time": 0.192,
                    "Actual Total Time": 16.429,
                    "Actual Rows": 8478,
                    "Actual Loops": 2,
                    "Index Cond": "(role_id = 7)",
                    "Rows Removed by Index Recheck": 0,
                    "Filter": "(person_id < 1342905)",
                    "Rows Removed by Filter": 129724
                  },
                  {
                    "Node Type": "Hash",
                    "Parent Relationship": "Inner",
                    "Parallel Aware": true,
                    "Startup Cost": 58306.47,
                    "Total Cost": 58306.47,
                    "Plan Rows": 190996,
                    "Plan Width": 4,
                    "Actual Startup Time": 158.286,
                    "Actual Total Time": 158.286,
                    "Actual Rows": 99494,
                    "Actual Loops": 2,
                    "Hash Buckets": 524288,
                    "Original Hash Buckets": 524288,
                    "Hash Batches": 1,
                    "Original Hash Batches": 1,
                    "Peak Memory Usage": 11936,
                    "Plans": [
                      {
                        "Node Type": "Seq Scan",
                        "Parent Relationship": "Outer",
                        "Parallel Aware": true,
                        "Relation Name": "title",
                        "Alias": "t",
                        "Startup Cost": 0.0,
                        "Total Cost": 58306.47,
                        "Plan Rows": 190996,
                        "Plan Width": 4,
                        "Actual Startup Time": 0.02,
                        "Actual Total Time": 131.732,
                        "Actual Rows": 99494,
                        "Actual Loops": 2,
                        "Filter": "((kind_id > 1) AND (production_year < 1976))",
                        "Rows Removed by Filter": 1164662
                      }
                    ]
                  }
                ]
              }
            ]
          }
        ]
      }
    ]
  },
  "Planning Time": 0.253,
  "Triggers": [],
  "Execution Time": 193.245
}