{
  "Plan": {
    "Node Type": "Aggregate",
    "Strategy": "Plain",
    "Partial Mode": "Finalize",
    "Parallel Aware": false,
    "Startup Cost": 267317.55,
    "Total Cost": 267317.56,
    "Plan Rows": 1,
    "Plan Width": 8,
    "Actual Startup Time": 700.788,
    "Actual Total Time": 723.26,
    "Actual Rows": 1,
    "Actual Loops": 1,
    "Plans": [
      {
        "Node Type": "Gather",
        "Parent Relationship": "Outer",
        "Parallel Aware": false,
        "Startup Cost": 267317.44,
        "Total Cost": 267317.55,
        "Plan Rows": 1,
        "Plan Width": 8,
        "Actual Startup Time": 694.098,
        "Actual Total Time": 723.25,
        "Actual Rows": 2,
        "Actual Loops": 1,
        "Workers Planned": 1,
        "Workers Launched": 1,
        "Single Copy": false,
        "Plans": [
          {
            "Node Type": "Aggregate",
            "Strategy": "Plain",
            "Partial Mode": "Partial",
            "Parent Relationship": "Outer",
            "Parallel Aware": false,
            "Startup Cost": 266317.44,
            "Total Cost": 266317.45,
            "Plan Rows": 1,
            "Plan Width": 8,
            "Actual Startup Time": 682.272,
            "Actual Total Time": 682.278,
            "Actual Rows": 1,
            "Actual Loops": 2,
            "Plans": [
              {
                "Node Type": "Hash Join",
                "Parent Relationship": "Outer",
                "Parallel Aware": false,
                "Join Type": "Inner",
                "Startup Cost": 81668.02,
                "Total Cost": 266317.26,
                "Plan Rows": 71,
                "Plan Width": 0,
                "Actual Startup Time": 627.135,
                "Actual Total Time": 682.272,
                "Actual Rows": 0,
                "Actual Loops": 2,
                "Inner Unique": false,
                "Hash Cond": "(t.id = ci.movie_id)",
                "Plans": [
                  {
                    "Node Type": "Hash Join",
                    "Parent Relationship": "Outer",
                    "Parallel Aware": true,
                    "Join Type": "Inner",
                    "Startup Cost": 80603.38,
                    "Total Cost": 248068.08,
                    "Plan Rows": 361765,
                    "Plan Width": 8,
                    "Actual Startup Time": 541.925,
                    "Actual Total Time": 664.86,
                    "Actual Rows": 299228,
                    "Actual Loops": 2,
                    "Inner Unique": true,
                    "Hash Cond": "(mi.movie_id = t.id)",
                    "Plans": [
                      {
                        "Node Type": "Bitmap Heap Scan",
                        "Parent Relationship": "Outer",
                        "Parallel Aware": true,
                        "Relation Name": "movie_info",
                        "Alias": "mi",
                        "Startup Cost": 11142.68,
                        "Total Cost": 177657.74,
                        "Plan Rows": 361765,
                        "Plan Width": 4,
                        "Actual Startup Time": 23.811,
                        "Actual Total Time": 79.164,
                        "Actual Rows": 299228,
                        "Actual Loops": 2,
                        "Recheck Cond": "(info_type_id = 15)",
                        "Rows Removed by Index Recheck": 0,
                        "Exact Heap Blocks": 11786,
                        "Lossy Heap Blocks": 0,
                        "Plans": [
                          {
                            "Node Type": "Bitmap Index Scan",
                            "Parent Relationship": "Outer",
                            "Parallel Aware": false,
                            "Index Name": "info_type_id_movie_info",
                            "Startup Cost": 0.0,
                            "Total Cost": 10988.93,
                            "Plan Rows": 615000,
                            "Plan Width": 0,
                            "Actual Startup Time": 20.661,
                            "Actual Total Time": 20.662,
                            "Actual Rows": 598457,
                            "Actual Loops": 1,
                            "Index Cond": "(info_type_id = 15)"
                          }
                        ]
                      },
                      {
                        "Node Type": "Hash",
                        "Parent Relationship": "Inner",
                        "Parallel Aware": true,
                        "Startup Cost": 50870.31,
                        "Total Cost": 50870.31,
                        "Plan Rows": 1487231,
                        "Plan Width": 4,
                        "Actual Startup Time": 496.798,
                        "Actual Total Time": 496.799,
                        "Actual Rows": 1264156,
                        "Actual Loops": 2,
                        "Hash Buckets": 4194304,
                        "Original Hash Buckets": 4194304,
                        "Hash Batches": 1,
                        "Original Hash Batches": 1,
                        "Peak Memory Usage": 131712,
                        "Plans": [
                          {
                            "Node Type": "Seq Scan",
                            "Parent Relationship": "Outer",
                            "Parallel Aware": true,
                            "Relation Name": "title",
                            "Alias": "t",
                            "Startup Cost": 0.0,
                            "Total Cost": 50870.31,
                            "Plan Rows": 1487231,
                            "Plan Width": 4,
                            "Actual Startup Time": 0.025,
                            "Actual Total Time": 151.103,
                            "Actual Rows": 1264156,
                            "Actual Loops": 2
                          }
                        ]
                      }
                    ]
                  },
                  {
                    "Node Type": "Hash",
                    "Parent Relationship": "Inner",
                    "Parallel Aware": false,
                    "Startup Cost": 1058.43,
                    "Total Cost": 1058.43,
                    "Plan Rows": 497,
                    "Plan Width": 4,
                    "Actual Startup Time": 0.559,
                    "Actual Total Time": 0.56,
                    "Actual Rows": 239,
                    "Actual Loops": 2,
                    "Hash Buckets": 1024,
                    "Original Hash Buckets": 1024,
                    "Hash Batches": 1,
                    "Original Hash Batches": 1,
                    "Peak Memory Usage": 17,
                    "Plans": [
                      {
                        "Node Type": "Index Scan",
                        "Parent Relationship": "Outer",
                        "Parallel Aware": false,
                        "Scan Direction": "Forward",
                        "Index Name": "person_id_cast_info",
                        "Relation Name": "cast_info",
                        "Alias": "ci",
                        "Startup Cost": 0.56,
                        "Total Cost": 1058.43,
                        "Plan Rows": 497,
                        "Plan Width": 4,
                        "Actual Startup Time": 0.262,
                        "Actual Total Time": 0.44,
                        "Actual Rows": 239,
                        "Actual Loops": 2,
                        "Index Cond": "(person_id = 2351900)",
                        "Rows Removed by Index Recheck": 0
                      }
                    ]
                  }
                ]
              }
            ]
          }
        ]
      }
    ]
  },
  "Planning Time": 0.977,
  "Triggers": [],
  "Execution Time": 723.364
}