[
  {
    "Plan": {
      "Node Type": "Aggregate",
      "Strategy": "Plain",
      "Partial Mode": "Finalize",
      "Parallel Aware": false,
      "Startup Cost": 42135.41,
      "Total Cost": 42135.42,
      "Plan Rows": 1,
      "Plan Width": 8,
      "Actual Startup Time": 73.77,
      "Actual Total Time": 84.43,
      "Actual Rows": 1,
      "Actual Loops": 1,
      "Plans": [
        {
          "Node Type": "Gather",
          "Parent Relationship": "Outer",
          "Parallel Aware": false,
          "Startup Cost": 42135.2,
          "Total Cost": 42135.41,
          "Plan Rows": 2,
          "Plan Width": 8,
          "Actual Startup Time": 73.577,
          "Actual Total Time": 84.423,
          "Actual Rows": 3,
          "Actual Loops": 1,
          "Workers Planned": 2,
          "Workers Launched": 2,
          "Single Copy": false,
          "Plans": [
            {
              "Node Type": "Aggregate",
              "Strategy": "Plain",
              "Partial Mode": "Partial",
              "Parent Relationship": "Outer",
              "Parallel Aware": false,
              "Startup Cost": 41135.2,
              "Total Cost": 41135.21,
              "Plan Rows": 1,
              "Plan Width": 8,
              "Actual Startup Time": 65.756,
              "Actual Total Time": 65.758,
              "Actual Rows": 1,
              "Actual Loops": 3,
              "Plans": [
                {
                  "Node Type": "Nested Loop",
                  "Parent Relationship": "Outer",
                  "Parallel Aware": false,
                  "Join Type": "Inner",
                  "Startup Cost": 171.23,
                  "Total Cost": 41130.65,
                  "Plan Rows": 1818,
                  "Plan Width": 0,
                  "Actual Startup Time": 3.023,
                  "Actual Total Time": 65.148,
                  "Actual Rows": 6157,
                  "Actual Loops": 3,
                  "Inner Unique": true,
                  "Plans": [
                    {
                      "Node Type": "Nested Loop",
                      "Parent Relationship": "Outer",
                      "Parallel Aware": false,
                      "Join Type": "Inner",
                      "Startup Cost": 170.8,
                      "Total Cost": 35451.87,
                      "Plan Rows": 9826,
                      "Plan Width": 8,
                      "Actual Startup Time": 2.864,
                      "Actual Total Time": 34.339,
                      "Actual Rows": 6157,
                      "Actual Loops": 3,
                      "Inner Unique": false,
                      "Plans": [
                        {
                          "Node Type": "Bitmap Heap Scan",
                          "Parent Relationship": "Outer",
                          "Parallel Aware": true,
                          "Relation Name": "movie_keyword",
                          "Alias": "mk",
                          "Startup Cost": 170.37,
                          "Total Cost": 16768.0,
                          "Plan Rows": 3330,
                          "Plan Width": 4,
                          "Actual Startup Time": 2.67,
                          "Actual Total Time": 13.279,
                          "Actual Rows": 2224,
                          "Actual Loops": 3,
                          "Recheck Cond": "(keyword_id = 2879)",
                          "Rows Removed by Index Recheck": 0,
                          "Exact Heap Blocks": 3640,
                          "Lossy Heap Blocks": 0,
                          "Plans": [
                            {
                              "Node Type": "Bitmap Index Scan",
                              "Parent Relationship": "Outer",
                              "Parallel Aware": false,
                              "Index Name": "keyword_id_movie_keyword",
                              "Startup Cost": 0.0,
                              "Total Cost": 168.37,
                              "Plan Rows": 7992,
                              "Plan Width": 0,
                              "Actual Startup Time": 5.158,
                              "Actual Total Time": 5.158,
                              "Actual Rows": 6673,
                              "Actual Loops": 1,
                              "Index Cond": "(keyword_id = 2879)"
                            }
                          ]
                        },
                        {
                          "Node Type": "Index Only Scan",
                          "Parent Relationship": "Inner",
                          "Parallel Aware": false,
                          "Scan Direction": "Forward",
                          "Index Name": "movie_id_movie_info_idx",
                          "Relation Name": "movie_info_idx",
                          "Alias": "mi_idx",
                          "Startup Cost": 0.43,
                          "Total Cost": 5.58,
                          "Plan Rows": 3,
                          "Plan Width": 4,
                          "Actual Startup Time": 0.008,
                          "Actual Total Time": 0.009,
                          "Actual Rows": 3,
                          "Actual Loops": 6673,
                          "Index Cond": "(movie_id = mk.movie_id)",
                          "Rows Removed by Index Recheck": 0,
                          "Heap Fetches": 18471
                        }
                      ]
                    },
                    {
                      "Node Type": "Index Only Scan",
                      "Parent Relationship": "Inner",
                      "Parallel Aware": false,
                      "Scan Direction": "Forward",
                      "Index Name": "title_pkey",
                      "Relation Name": "title",
                      "Alias": "t",
                      "Startup Cost": 0.43,
                      "Total Cost": 0.58,
                      "Plan Rows": 1,
                      "Plan Width": 4,
                      "Actual Startup Time": 0.005,
                      "Actual Total Time": 0.005,
                      "Actual Rows": 1,
                      "Actual Loops": 18471,
                      "Index Cond": "(id = mi_idx.movie_id)",
                      "Rows Removed by Index Recheck": 0,
                      "Heap Fetches": 18471
                    }
                  ]
                }
              ]
            }
          ]
        }
      ]
    },
    "Planning Time": 1.43,
    "Triggers": [],
    "Execution Time": 84.526
  }
]