[
  {
    "Plan": {
      "Node Type": "Aggregate",
      "Strategy": "Plain",
      "Partial Mode": "Finalize",
      "Parallel Aware": false,
      "Startup Cost": 198861.68,
      "Total Cost": 198861.69,
      "Plan Rows": 1,
      "Plan Width": 8,
      "Actual Startup Time": 505.055,
      "Actual Total Time": 537.349,
      "Actual Rows": 1,
      "Actual Loops": 1,
      "Plans": [
        {
          "Node Type": "Gather",
          "Parent Relationship": "Outer",
          "Parallel Aware": false,
          "Startup Cost": 198861.36,
          "Total Cost": 198861.67,
          "Plan Rows": 3,
          "Plan Width": 8,
          "Actual Startup Time": 503.703,
          "Actual Total Time": 537.329,
          "Actual Rows": 4,
          "Actual Loops": 1,
          "Workers Planned": 3,
          "Workers Launched": 3,
          "Single Copy": false,
          "Plans": [
            {
              "Node Type": "Aggregate",
              "Strategy": "Plain",
              "Partial Mode": "Partial",
              "Parent Relationship": "Outer",
              "Parallel Aware": false,
              "Startup Cost": 197861.36,
              "Total Cost": 197861.37,
              "Plan Rows": 1,
              "Plan Width": 8,
              "Actual Startup Time": 495.986,
              "Actual Total Time": 495.995,
              "Actual Rows": 1,
              "Actual Loops": 4,
              "Plans": [
                {
                  "Node Type": "Hash Join",
                  "Parent Relationship": "Outer",
                  "Parallel Aware": true,
                  "Join Type": "Inner",
                  "Startup Cost": 166946.01,
                  "Total Cost": 197554.36,
                  "Plan Rows": 122801,
                  "Plan Width": 0,
                  "Actual Startup Time": 378.398,
                  "Actual Total Time": 494.906,
                  "Actual Rows": 25645,
                  "Actual Loops": 4,
                  "Inner Unique": false,
                  "Hash Cond": "(mc.movie_id = t.id)",
                  "Plans": [
                    {
                      "Node Type": "Seq Scan",
                      "Parent Relationship": "Outer",
                      "Parallel Aware": true,
                      "Relation Name": "movie_companies",
                      "Alias": "mc",
                      "Startup Cost": 0.0,
                      "Total Cost": 27206.55,
                      "Plan Rows": 841655,
                      "Plan Width": 4,
                      "Actual Startup Time": 0.015,
                      "Actual Total Time": 55.738,
                      "Actual Rows": 652282,
                      "Actual Loops": 4
                    },
                    {
                      "Node Type": "Hash",
                      "Parent Relationship": "Inner",
                      "Parallel Aware": true,
                      "Startup Cost": 166023.73,
                      "Total Cost": 166023.73,
                      "Plan Rows": 73782,
                      "Plan Width": 8,
                      "Actual Startup Time": 375.239,
                      "Actual Total Time": 375.245,
                      "Actual Rows": 12500,
                      "Actual Loops": 4,
                      "Hash Buckets": 524288,
                      "Original Hash Buckets": 524288,
                      "Hash Batches": 1,
                      "Original Hash Batches": 1,
                      "Peak Memory Usage": 6080,
                      "Plans": [
                        {
                          "Node Type": "Hash Join",
                          "Parent Relationship": "Outer",
                          "Parallel Aware": true,
                          "Join Type": "Inner",
                          "Startup Cost": 46658.45,
                          "Total Cost": 166023.73,
                          "Plan Rows": 73782,
                          "Plan Width": 8,
                          "Actual Startup Time": 123.435,
                          "Actual Total Time": 369.3,
                          "Actual Rows": 12500,
                          "Actual Loops": 4,
                          "Inner Unique": true,
                          "Hash Cond": "(ci.movie_id = t.id)",
                          "Plans": [
                            {
                              "Node Type": "Index Scan",
                              "Parent Relationship": "Outer",
                              "Parallel Aware": true,
                              "Scan Direction": "Forward",
                              "Index Name": "role_id_cast_info",
                              "Relation Name": "cast_info",
                              "Alias": "ci",
                              "Startup Cost": 0.56,
                              "Total Cost": 118067.1,
                              "Plan Rows": 494758,
                              "Plan Width": 4,
                              "Actual Startup Time": 0.319,
                              "Actual Total Time": 191.869,
                              "Actual Rows": 202650,
                              "Actual Loops": 4,
                              "Index Cond": "(role_id = 10)",
                              "Rows Removed by Index Recheck": 0,
                              "Filter": "(person_id < 2118870)",
                              "Rows Removed by Filter": 878105
                            },
                            {
                              "Node Type": "Hash",
                              "Parent Relationship": "Inner",
                              "Parallel Aware": true,
                              "Startup Cost": 45479.59,
                              "Total Cost": 45479.59,
                              "Plan Rows": 94264,
                              "Plan Width": 4,
                              "Actual Startup Time": 120.837,
                              "Actual Total Time": 120.839,
                              "Actual Rows": 61533,
                              "Actual Loops": 4,
                              "Hash Buckets": 524288,
                              "Original Hash Buckets": 524288,
                              "Hash Batches": 1,
                              "Original Hash Batches": 1,
                              "Peak Memory Usage": 13760,
                              "Plans": [
                                {
                                  "Node Type": "Seq Scan",
                                  "Parent Relationship": "Outer",
                                  "Parallel Aware": true,
                                  "Relation Name": "title",
                                  "Alias": "t",
                                  "Startup Cost": 0.0,
                                  "Total Cost": 45479.59,
                                  "Plan Rows": 94264,
                                  "Plan Width": 4,
                                  "Actual Startup Time": 0.049,
                                  "Actual Total Time": 95.375,
                                  "Actual Rows": 61533,
                                  "Actual Loops": 4,
                                  "Filter": "((kind_id > 3) AND (production_year < 1985))",
                                  "Rows Removed by Filter": 570545
                                }
                              ]
                            }
                          ]
                        }
                      ]
                    }
                  ]
                }
              ]
            }
          ]
        }
      ]
    },
    "Planning Time": 1.428,
    "Triggers": [],
    "Execution Time": 537.435
  }
]