[
    {
        "Bao": {
            "Bao prediction": "NaN",
            "Bao recommended hint": "(no hint)"
        }
    },
    {
        "Plan": {
            "Node Type": "Aggregate",
            "Strategy": "Plain",
            "Partial Mode": "Finalize",
            "Parallel Aware": false,
            "Startup Cost": 25200.5,
            "Total Cost": 25200.51,
            "Plan Rows": 1,
            "Plan Width": 8,
            "Actual Startup Time": 57.224,
            "Actual Total Time": 61.767,
            "Actual Rows": 1,
            "Actual Loops": 1,
            "Output": [
                "count(*)"
            ],
            "Plans": [
                {
                    "Node Type": "Gather",
                    "Parent Relationship": "Outer",
                    "Parallel Aware": false,
                    "Startup Cost": 25200.19,
                    "Total Cost": 25200.5,
                    "Plan Rows": 3,
                    "Plan Width": 8,
                    "Actual Startup Time": 56.943,
                    "Actual Total Time": 61.759,
                    "Actual Rows": 4,
                    "Actual Loops": 1,
                    "Output": [
                        "(PARTIAL count(*))"
                    ],
                    "Workers Planned": 3,
                    "Workers Launched": 3,
                    "Single Copy": false,
                    "Plans": [
                        {
                            "Node Type": "Aggregate",
                            "Strategy": "Plain",
                            "Partial Mode": "Partial",
                            "Parent Relationship": "Outer",
                            "Parallel Aware": false,
                            "Startup Cost": 24200.19,
                            "Total Cost": 24200.2,
                            "Plan Rows": 1,
                            "Plan Width": 8,
                            "Actual Startup Time": 47.916,
                            "Actual Total Time": 47.917,
                            "Actual Rows": 1,
                            "Actual Loops": 4,
                            "Output": [
                                "PARTIAL count(*)"
                            ],
                            "Workers": [
                                {
                                    "Worker Number": 0,
                                    "Actual Startup Time": 44.485,
                                    "Actual Total Time": 44.486,
                                    "Actual Rows": 1,
                                    "Actual Loops": 1
                                },
                                {
                                    "Worker Number": 1,
                                    "Actual Startup Time": 45.27,
                                    "Actual Total Time": 45.271,
                                    "Actual Rows": 1,
                                    "Actual Loops": 1
                                },
                                {
                                    "Worker Number": 2,
                                    "Actual Startup Time": 45.571,
                                    "Actual Total Time": 45.572,
                                    "Actual Rows": 1,
                                    "Actual Loops": 1
                                }
                            ],
                            "Plans": [
                                {
                                    "Node Type": "Bitmap Heap Scan",
                                    "Parent Relationship": "Outer",
                                    "Parallel Aware": true,
                                    "Relation Name": "movie_companies",
                                    "Schema": "public",
                                    "Alias": "mc",
                                    "Startup Cost": 4352.62,
                                    "Total Cost": 24120.31,
                                    "Plan Rows": 31949,
                                    "Plan Width": 0,
                                    "Actual Startup Time": 6.056,
                                    "Actual Total Time": 44.964,
                                    "Actual Rows": 40319,
                                    "Actual Loops": 4,
                                    "Recheck Cond": "(mc.company_id < 67)",
                                    "Rows Removed by Index Recheck": 0,
                                    "Filter": "(mc.company_type_id < 2)",
                                    "Rows Removed by Filter": 10504,
                                    "Exact Heap Blocks": 9034,
                                    "Lossy Heap Blocks": 0,
                                    "Workers": [
                                        {
                                            "Worker Number": 0,
                                            "Actual Startup Time": 2.742,
                                            "Actual Total Time": 41.913,
                                            "Actual Rows": 20258,
                                            "Actual Loops": 1
                                        },
                                        {
                                            "Worker Number": 1,
                                            "Actual Startup Time": 3.436,
                                            "Actual Total Time": 42.614,
                                            "Actual Rows": 20420,
                                            "Actual Loops": 1
                                        },
                                        {
                                            "Worker Number": 2,
                                            "Actual Startup Time": 3.736,
                                            "Actual Total Time": 42.901,
                                            "Actual Rows": 21005,
                                            "Actual Loops": 1
                                        }
                                    ],
                                    "Plans": [
                                        {
                                            "Node Type": "Bitmap Index Scan",
                                            "Parent Relationship": "Outer",
                                            "Parallel Aware": false,
                                            "Index Name": "company_id_movie_companies",
                                            "Startup Cost": 0.0,
                                            "Total Cost": 4327.86,
                                            "Plan Rows": 202057,
                                            "Plan Width": 0,
                                            "Actual Startup Time": 11.81,
                                            "Actual Total Time": 11.81,
                                            "Actual Rows": 203291,
                                            "Actual Loops": 1,
                                            "Index Cond": "(mc.company_id < 67)"
                                        }
                                    ]
                                }
                            ]
                        }
                    ]
                }
            ]
        },
        "Planning Time": 221.638,
        "Triggers": [],
        "Execution Time": 61.859
    }
]