[
  {
    "Plan": {
      "Node Type": "Aggregate",
      "Strategy": "Plain",
      "Partial Mode": "Finalize",
      "Parallel Aware": false,
      "Startup Cost": 45165.65,
      "Total Cost": 45165.66,
      "Plan Rows": 1,
      "Plan Width": 8,
      "Actual Startup Time": 139.692,
      "Actual Total Time": 149.058,
      "Actual Rows": 1,
      "Actual Loops": 1,
      "Plans": [
        {
          "Node Type": "Gather",
          "Parent Relationship": "Outer",
          "Parallel Aware": false,
          "Startup Cost": 45165.34,
          "Total Cost": 45165.65,
          "Plan Rows": 3,
          "Plan Width": 8,
          "Actual Startup Time": 139.529,
          "Actual Total Time": 149.052,
          "Actual Rows": 4,
          "Actual Loops": 1,
          "Workers Planned": 3,
          "Workers Launched": 3,
          "Single Copy": false,
          "Plans": [
            {
              "Node Type": "Aggregate",
              "Strategy": "Plain",
              "Partial Mode": "Partial",
              "Parent Relationship": "Outer",
              "Parallel Aware": false,
              "Startup Cost": 44165.34,
              "Total Cost": 44165.35,
              "Plan Rows": 1,
              "Plan Width": 8,
              "Actual Startup Time": 131.312,
              "Actual Total Time": 131.313,
              "Actual Rows": 1,
              "Actual Loops": 4,
              "Plans": [
                {
                  "Node Type": "Seq Scan",
                  "Parent Relationship": "Outer",
                  "Parallel Aware": true,
                  "Relation Name": "movie_keyword",
                  "Alias": "mk",
                  "Startup Cost": 0.0,
                  "Total Cost": 42695.65,
                  "Plan Rows": 587873,
                  "Plan Width": 0,
                  "Actual Startup Time": 1.125,
                  "Actual Total Time": 109.635,
                  "Actual Rows": 451336,
                  "Actual Loops": 4,
                  "Filter": "(keyword_id > 7682)",
                  "Rows Removed by Filter": 679646
                }
              ]
            }
          ]
        }
      ]
    },
    "Planning Time": 0.192,
    "Triggers": [],
    "Execution Time": 149.114
  }
]