[
  {
    "Plan": {
      "Node Type": "Aggregate",
      "Strategy": "Plain",
      "Partial Mode": "Finalize",
      "Parallel Aware": false,
      "Startup Cost": 459090.12,
      "Total Cost": 459090.13,
      "Plan Rows": 1,
      "Plan Width": 8,
      "Actual Startup Time": 2461.611,
      "Actual Total Time": 2520.486,
      "Actual Rows": 1,
      "Actual Loops": 1,
      "Plans": [
        {
          "Node Type": "Gather",
          "Parent Relationship": "Outer",
          "Parallel Aware": false,
          "Startup Cost": 459089.59,
          "Total Cost": 459090.1,
          "Plan Rows": 5,
          "Plan Width": 8,
          "Actual Startup Time": 2453.318,
          "Actual Total Time": 2520.473,
          "Actual Rows": 6,
          "Actual Loops": 1,
          "Workers Planned": 5,
          "Workers Launched": 5,
          "Single Copy": false,
          "Plans": [
            {
              "Node Type": "Aggregate",
              "Strategy": "Plain",
              "Partial Mode": "Partial",
              "Parent Relationship": "Outer",
              "Parallel Aware": false,
              "Startup Cost": 458089.59,
              "Total Cost": 458089.6,
              "Plan Rows": 1,
              "Plan Width": 8,
              "Actual Startup Time": 2445.433,
              "Actual Total Time": 2445.683,
              "Actual Rows": 1,
              "Actual Loops": 6,
              "Plans": [
                {
                  "Node Type": "Hash Join",
                  "Parent Relationship": "Outer",
                  "Parallel Aware": true,
                  "Join Type": "Inner",
                  "Startup Cost": 250546.63,
                  "Total Cost": 455255.67,
                  "Plan Rows": 1133569,
                  "Plan Width": 0,
                  "Actual Startup Time": 844.382,
                  "Actual Total Time": 2247.702,
                  "Actual Rows": 4041979,
                  "Actual Loops": 6,
                  "Inner Unique": false,
                  "Hash Cond": "(mi.movie_id = t.id)",
                  "Plans": [
                    {
                      "Node Type": "Seq Scan",
                      "Parent Relationship": "Outer",
                      "Parallel Aware": true,
                      "Relation Name": "movie_info",
                      "Alias": "mi",
                      "Startup Cost": 0.0,
                      "Total Cost": 191685.19,
                      "Plan Rows": 2969219,
                      "Plan Width": 4,
                      "Actual Startup Time": 0.027,
                      "Actual Total Time": 326.359,
                      "Actual Rows": 2472620,
                      "Actual Loops": 6
                    },
                    {
                      "Node Type": "Hash",
                      "Parent Relationship": "Inner",
                      "Parallel Aware": true,
                      "Startup Cost": 248535.61,
                      "Total Cost": 248535.61,
                      "Plan Rows": 160881,
                      "Plan Width": 8,
                      "Actual Startup Time": 840.459,
                      "Actual Total Time": 840.708,
                      "Actual Rows": 204034,
                      "Actual Loops": 6,
                      "Hash Buckets": 2097152,
                      "Original Hash Buckets": 1048576,
                      "Hash Batches": 1,
                      "Original Hash Batches": 1,
                      "Peak Memory Usage": 72544,
                      "Plans": [
                        {
                          "Node Type": "Hash Join",
                          "Parent Relationship": "Outer",
                          "Parallel Aware": true,
                          "Join Type": "Inner",
                          "Startup Cost": 46494.9,
                          "Total Cost": 248535.61,
                          "Plan Rows": 160881,
                          "Plan Width": 8,
                          "Actual Startup Time": 129.489,
                          "Actual Total Time": 705.991,
                          "Actual Rows": 204034,
                          "Actual Loops": 6,
                          "Inner Unique": true,
                          "Hash Cond": "(ci.movie_id = t.id)",
                          "Plans": [
                            {
                              "Node Type": "Index Scan",
                              "Parent Relationship": "Outer",
                              "Parallel Aware": true,
                              "Scan Direction": "Forward",
                              "Index Name": "role_id_cast_info",
                              "Relation Name": "cast_info",
                              "Alias": "ci",
                              "Startup Cost": 0.56,
                              "Total Cost": 198752.95,
                              "Plan Rows": 1252698,
                              "Plan Width": 4,
                              "Actual Startup Time": 0.398,
                              "Actual Total Time": 261.608,
                              "Actual Rows": 1241996,
                              "Actual Loops": 6,
                              "Index Cond": "(role_id = 2)",
                              "Rows Removed by Index Recheck": 0
                            },
                            {
                              "Node Type": "Hash",
                              "Parent Relationship": "Inner",
                              "Parallel Aware": true,
                              "Startup Cost": 45479.59,
                              "Total Cost": 45479.59,
                              "Plan Rows": 81180,
                              "Plan Width": 4,
                              "Actual Startup Time": 128.025,
                              "Actual Total Time": 128.027,
                              "Actual Rows": 74199,
                              "Actual Loops": 6,
                              "Hash Buckets": 524288,
                              "Original Hash Buckets": 524288,
                              "Hash Batches": 1,
                              "Original Hash Batches": 1,
                              "Peak Memory Usage": 21600,
                              "Plans": [
                                {
                                  "Node Type": "Seq Scan",
                                  "Parent Relationship": "Outer",
                                  "Parallel Aware": true,
                                  "Relation Name": "title",
                                  "Alias": "t",
                                  "Startup Cost": 0.0,
                                  "Total Cost": 45479.59,
                                  "Plan Rows": 81180,
                                  "Plan Width": 4,
                                  "Actual Startup Time": 0.044,
                                  "Actual Total Time": 90.821,
                                  "Actual Rows": 74199,
                                  "Actual Loops": 6,
                                  "Filter": "((kind_id < 7) AND (production_year < 1996))",
                                  "Rows Removed by Filter": 347186
                                }
                              ]
                            }
                          ]
                        }
                      ]
                    }
                  ]
                }
              ]
            }
          ]
        }
      ]
    },
    "Planning Time": 0.516,
    "Triggers": [],
    "Execution Time": 2520.55
  }
]