[
  {
    "Plan": {
      "Node Type": "Aggregate",
      "Strategy": "Plain",
      "Partial Mode": "Finalize",
      "Parallel Aware": false,
      "Startup Cost": 31915.5,
      "Total Cost": 31915.51,
      "Plan Rows": 1,
      "Plan Width": 8,
      "Actual Startup Time": 23.457,
      "Actual Total Time": 29.288,
      "Actual Rows": 1,
      "Actual Loops": 1,
      "Plans": [
        {
          "Node Type": "Gather",
          "Parent Relationship": "Outer",
          "Parallel Aware": false,
          "Startup Cost": 31915.29,
          "Total Cost": 31915.5,
          "Plan Rows": 2,
          "Plan Width": 8,
          "Actual Startup Time": 23.32,
          "Actual Total Time": 29.284,
          "Actual Rows": 3,
          "Actual Loops": 1,
          "Workers Planned": 2,
          "Workers Launched": 2,
          "Single Copy": false,
          "Plans": [
            {
              "Node Type": "Aggregate",
              "Strategy": "Plain",
              "Partial Mode": "Partial",
              "Parent Relationship": "Outer",
              "Parallel Aware": false,
              "Startup Cost": 30915.29,
              "Total Cost": 30915.3,
              "Plan Rows": 1,
              "Plan Width": 8,
              "Actual Startup Time": 20.219,
              "Actual Total Time": 20.22,
              "Actual Rows": 1,
              "Actual Loops": 3,
              "Plans": [
                {
                  "Node Type": "Nested Loop",
                  "Parent Relationship": "Outer",
                  "Parallel Aware": false,
                  "Join Type": "Inner",
                  "Startup Cost": 125.7,
                  "Total Cost": 30915.26,
                  "Plan Rows": 12,
                  "Plan Width": 0,
                  "Actual Startup Time": 8.65,
                  "Actual Total Time": 20.214,
                  "Actual Rows": 15,
                  "Actual Loops": 3,
                  "Inner Unique": false,
                  "Plans": [
                    {
                      "Node Type": "Nested Loop",
                      "Parent Relationship": "Outer",
                      "Parallel Aware": false,
                      "Join Type": "Inner",
                      "Startup Cost": 125.27,
                      "Total Cost": 30801.37,
                      "Plan Rows": 18,
                      "Plan Width": 8,
                      "Actual Startup Time": 8.6,
                      "Actual Total Time": 20.14,
                      "Actual Rows": 2,
                      "Actual Loops": 3,
                      "Inner Unique": true,
                      "Plans": [
                        {
                          "Node Type": "Bitmap Heap Scan",
                          "Parent Relationship": "Outer",
                          "Parallel Aware": true,
                          "Relation Name": "movie_keyword",
                          "Alias": "mk",
                          "Startup Cost": 124.84,
                          "Total Cost": 13625.77,
                          "Plan Rows": 2388,
                          "Plan Width": 4,
                          "Actual Startup Time": 1.279,
                          "Actual Total Time": 7.777,
                          "Actual Rows": 1552,
                          "Actual Loops": 3,
                          "Recheck Cond": "(keyword_id = 1515)",
                          "Rows Removed by Index Recheck": 0,
                          "Exact Heap Blocks": 2907,
                          "Lossy Heap Blocks": 0,
                          "Plans": [
                            {
                              "Node Type": "Bitmap Index Scan",
                              "Parent Relationship": "Outer",
                              "Parallel Aware": false,
                              "Index Name": "keyword_id_movie_keyword",
                              "Startup Cost": 0.0,
                              "Total Cost": 123.41,
                              "Plan Rows": 5730,
                              "Plan Width": 0,
                              "Actual Startup Time": 2.656,
                              "Actual Total Time": 2.656,
                              "Actual Rows": 4655,
                              "Actual Loops": 1,
                              "Index Cond": "(keyword_id = 1515)"
                            }
                          ]
                        },
                        {
                          "Node Type": "Index Scan",
                          "Parent Relationship": "Inner",
                          "Parallel Aware": false,
                          "Scan Direction": "Forward",
                          "Index Name": "title_pkey",
                          "Relation Name": "title",
                          "Alias": "t",
                          "Startup Cost": 0.43,
                          "Total Cost": 7.19,
                          "Plan Rows": 1,
                          "Plan Width": 4,
                          "Actual Startup Time": 0.008,
                          "Actual Total Time": 0.008,
                          "Actual Rows": 0,
                          "Actual Loops": 4655,
                          "Index Cond": "(id = mk.movie_id)",
                          "Rows Removed by Index Recheck": 0,
                          "Filter": "((production_year > 2010) AND (kind_id = 4))",
                          "Rows Removed by Filter": 1
                        }
                      ]
                    },
                    {
                      "Node Type": "Index Scan",
                      "Parent Relationship": "Inner",
                      "Parallel Aware": false,
                      "Scan Direction": "Forward",
                      "Index Name": "movie_id_movie_companies",
                      "Relation Name": "movie_companies",
                      "Alias": "mc",
                      "Startup Cost": 0.43,
                      "Total Cost": 6.3,
                      "Plan Rows": 3,
                      "Plan Width": 4,
                      "Actual Startup Time": 0.032,
                      "Actual Total Time": 0.042,
                      "Actual Rows": 9,
                      "Actual Loops": 5,
                      "Index Cond": "(movie_id = t.id)",
                      "Rows Removed by Index Recheck": 0,
                      "Filter": "(company_id > 2507)",
                      "Rows Removed by Filter": 5
                    }
                  ]
                }
              ]
            }
          ]
        }
      ]
    },
    "Planning Time": 0.666,
    "Triggers": [],
    "Execution Time": 29.337
  }
]