[
  {
    "Plan": {
      "Node Type": "Aggregate",
      "Strategy": "Plain",
      "Partial Mode": "Simple",
      "Parallel Aware": false,
      "Startup Cost": 21737.92,
      "Total Cost": 21737.93,
      "Plan Rows": 1,
      "Plan Width": 8,
      "Actual Startup Time": 45.425,
      "Actual Total Time": 45.426,
      "Actual Rows": 1,
      "Actual Loops": 1,
      "Plans": [
        {
          "Node Type": "Bitmap Heap Scan",
          "Parent Relationship": "Outer",
          "Parallel Aware": false,
          "Relation Name": "movie_companies",
          "Alias": "mc",
          "Startup Cost": 1682.68,
          "Total Cost": 21641.99,
          "Plan Rows": 38374,
          "Plan Width": 0,
          "Actual Startup Time": 13.579,
          "Actual Total Time": 40.33,
          "Actual Rows": 64049,
          "Actual Loops": 1,
          "Recheck Cond": "(company_id < 12)",
          "Rows Removed by Index Recheck": 0,
          "Filter": "(company_type_id < 2)",
          "Rows Removed by Filter": 16546,
          "Exact Heap Blocks": 7265,
          "Lossy Heap Blocks": 0,
          "Plans": [
            {
              "Node Type": "Bitmap Index Scan",
              "Parent Relationship": "Outer",
              "Parallel Aware": false,
              "Index Name": "company_id_movie_companies",
              "Startup Cost": 0.0,
              "Total Cost": 1673.09,
              "Plan Rows": 77954,
              "Plan Width": 0,
              "Actual Startup Time": 10.986,
              "Actual Total Time": 10.986,
              "Actual Rows": 80595,
              "Actual Loops": 1,
              "Index Cond": "(company_id < 12)"
            }
          ]
        }
      ]
    },
    "Planning Time": 0.258,
    "Triggers": [],
    "Execution Time": 45.478
  }
]