{
  "Plan": {
    "Node Type": "Aggregate",
    "Strategy": "Plain",
    "Partial Mode": "Finalize",
    "Parallel Aware": false,
    "Startup Cost": 212329.83,
    "Total Cost": 212329.84,
    "Plan Rows": 1,
    "Plan Width": 8,
    "Actual Startup Time": 973.573,
    "Actual Total Time": 990.171,
    "Actual Rows": 1,
    "Actual Loops": 1,
    "Plans": [
      {
        "Node Type": "Gather",
        "Parent Relationship": "Outer",
        "Parallel Aware": false,
        "Startup Cost": 212329.71,
        "Total Cost": 212329.82,
        "Plan Rows": 1,
        "Plan Width": 8,
        "Actual Startup Time": 971.777,
        "Actual Total Time": 990.162,
        "Actual Rows": 2,
        "Actual Loops": 1,
        "Workers Planned": 1,
        "Workers Launched": 1,
        "Single Copy": false,
        "Plans": [
          {
            "Node Type": "Aggregate",
            "Strategy": "Plain",
            "Partial Mode": "Partial",
            "Parent Relationship": "Outer",
            "Parallel Aware": false,
            "Startup Cost": 211329.71,
            "Total Cost": 211329.72,
            "Plan Rows": 1,
            "Plan Width": 8,
            "Actual Startup Time": 965.468,
            "Actual Total Time": 965.661,
            "Actual Rows": 1,
            "Actual Loops": 2,
            "Plans": [
              {
                "Node Type": "Hash Join",
                "Parent Relationship": "Outer",
                "Parallel Aware": true,
                "Join Type": "Inner",
                "Startup Cost": 112388.79,
                "Total Cost": 210578.82,
                "Plan Rows": 300358,
                "Plan Width": 0,
                "Actual Startup Time": 583.395,
                "Actual Total Time": 959.37,
                "Actual Rows": 150140,
                "Actual Loops": 2,
                "Inner Unique": false,
                "Hash Cond": "(ci.movie_id = t.id)",
                "Plans": [
                  {
                    "Node Type": "Index Scan",
                    "Parent Relationship": "Outer",
                    "Parallel Aware": true,
                    "Scan Direction": "Forward",
                    "Index Name": "role_id_cast_info",
                    "Relation Name": "cast_info",
                    "Alias": "ci",
                    "Startup Cost": 0.56,
                    "Total Cost": 91565.57,
                    "Plan Rows": 1295525,
                    "Plan Width": 4,
                    "Actual Startup Time": 0.053,
                    "Actual Total Time": 213.786,
                    "Actual Rows": 829422,
                    "Actual Loops": 2,
                    "Index Cond": "(role_id = 4)",
                    "Rows Removed by Index Recheck": 0,
                    "Filter": "(person_id < 2868121)",
                    "Rows Removed by Filter": 535049
                  },
                  {
                    "Node Type": "Hash",
                    "Parent Relationship": "Inner",
                    "Parallel Aware": true,
                    "Startup Cost": 108078.17,
                    "Total Cost": 108078.17,
                    "Plan Rows": 344804,
                    "Plan Width": 8,
                    "Actual Startup Time": 573.911,
                    "Actual Total Time": 574.102,
                    "Actual Rows": 156326,
                    "Actual Loops": 2,
                    "Hash Buckets": 1048576,
                    "Original Hash Buckets": 1048576,
                    "Hash Batches": 1,
                    "Original Hash Batches": 1,
                    "Peak Memory Usage": 20448,
                    "Plans": [
                      {
                        "Node Type": "Hash Join",
                        "Parent Relationship": "Outer",
                        "Parallel Aware": true,
                        "Join Type": "Inner",
                        "Startup Cost": 45884.4,
                        "Total Cost": 108078.17,
                        "Plan Rows": 344804,
                        "Plan Width": 8,
                        "Actual Startup Time": 355.325,
                        "Actual Total Time": 527.537,
                        "Actual Rows": 156326,
                        "Actual Loops": 2,
                        "Inner Unique": false,
                        "Hash Cond": "(t.id = mc.movie_id)",
                        "Plans": [
                          {
                            "Node Type": "Seq Scan",
                            "Parent Relationship": "Outer",
                            "Parallel Aware": true,
                            "Relation Name": "title",
                            "Alias": "t",
                            "Startup Cost": 0.0,
                            "Total Cost": 50870.31,
                            "Plan Rows": 1487231,
                            "Plan Width": 4,
                            "Actual Startup Time": 0.01,
                            "Actual Total Time": 123.786,
                            "Actual Rows": 1264156,
                            "Actual Loops": 2
                          },
                          {
                            "Node Type": "Hash",
                            "Parent Relationship": "Inner",
                            "Parallel Aware": true,
                            "Startup Cost": 41574.35,
                            "Total Cost": 41574.35,
                            "Plan Rows": 344804,
                            "Plan Width": 4,
                            "Actual Startup Time": 166.618,
                            "Actual Total Time": 166.619,
                            "Actual Rows": 156326,
                            "Actual Loops": 2,
                            "Hash Buckets": 1048576,
                            "Original Hash Buckets": 1048576,
                            "Hash Batches": 1,
                            "Original Hash Batches": 1,
                            "Peak Memory Usage": 20448,
                            "Plans": [
                              {
                                "Node Type": "Index Scan",
                                "Parent Relationship": "Outer",
                                "Parallel Aware": true,
                                "Scan Direction": "Forward",
                                "Index Name": "company_type_id_movie_companies",
                                "Relation Name": "movie_companies",
                                "Alias": "mc",
                                "Startup Cost": 0.43,
                                "Total Cost": 41574.35,
                                "Plan Rows": 344804,
                                "Plan Width": 4,
                                "Actual Startup Time": 44.486,
                                "Actual Total Time": 120.73,
                                "Actual Rows": 156326,
                                "Actual Loops": 2,
                                "Index Cond": "(company_type_id < 2)",
                                "Rows Removed by Index Recheck": 0,
                                "Filter": "(company_id > 12437)",
                                "Rows Removed by Filter": 480798
                              }
                            ]
                          }
                        ]
                      }
                    ]
                  }
                ]
              }
            ]
          }
        ]
      }
    ]
  },
  "Planning Time": 1.019,
  "Triggers": [],
  "Execution Time": 990.267
}