{
  "Plan": {
    "Node Type": "Aggregate",
    "Strategy": "Plain",
    "Partial Mode": "Finalize",
    "Parallel Aware": false,
    "Startup Cost": 446935.43,
    "Total Cost": 446935.44,
    "Plan Rows": 1,
    "Plan Width": 8,
    "Actual Startup Time": 1626.866,
    "Actual Total Time": 1668.45,
    "Actual Rows": 1,
    "Actual Loops": 1,
    "Plans": [
      {
        "Node Type": "Gather",
        "Parent Relationship": "Outer",
        "Parallel Aware": false,
        "Startup Cost": 446935.32,
        "Total Cost": 446935.43,
        "Plan Rows": 1,
        "Plan Width": 8,
        "Actual Startup Time": 1626.286,
        "Actual Total Time": 1668.436,
        "Actual Rows": 2,
        "Actual Loops": 1,
        "Workers Planned": 1,
        "Workers Launched": 1,
        "Single Copy": false,
        "Plans": [
          {
            "Node Type": "Aggregate",
            "Strategy": "Plain",
            "Partial Mode": "Partial",
            "Parent Relationship": "Outer",
            "Parallel Aware": false,
            "Startup Cost": 445935.32,
            "Total Cost": 445935.33,
            "Plan Rows": 1,
            "Plan Width": 8,
            "Actual Startup Time": 1621.362,
            "Actual Total Time": 1621.368,
            "Actual Rows": 1,
            "Actual Loops": 2,
            "Plans": [
              {
                "Node Type": "Nested Loop",
                "Parent Relationship": "Outer",
                "Parallel Aware": false,
                "Join Type": "Inner",
                "Startup Cost": 40006.99,
                "Total Cost": 445799.86,
                "Plan Rows": 54181,
                "Plan Width": 0,
                "Actual Startup Time": 127.381,
                "Actual Total Time": 1613.943,
                "Actual Rows": 113383,
                "Actual Loops": 2,
                "Inner Unique": false,
                "Join Filter": "(t.id = mc.movie_id)",
                "Rows Removed by Join Filter": 0,
                "Plans": [
                  {
                    "Node Type": "Hash Join",
                    "Parent Relationship": "Outer",
                    "Parallel Aware": true,
                    "Join Type": "Inner",
                    "Startup Cost": 40006.56,
                    "Total Cost": 322457.76,
                    "Plan Rows": 216437,
                    "Plan Width": 8,
                    "Actual Startup Time": 127.266,
                    "Actual Total Time": 1182.74,
                    "Actual Rows": 163935,
                    "Actual Loops": 2,
                    "Inner Unique": true,
                    "Hash Cond": "(mi.movie_id = t.id)",
                    "Plans": [
                      {
                        "Node Type": "Seq Scan",
                        "Parent Relationship": "Outer",
                        "Parallel Aware": true,
                        "Relation Name": "movie_info",
                        "Alias": "mi",
                        "Startup Cost": 0.0,
                        "Total Cost": 270696.42,
                        "Plan Rows": 4478001,
                        "Plan Width": 4,
                        "Actual Startup Time": 32.229,
                        "Actual Total Time": 689.918,
                        "Actual Rows": 3774428,
                        "Actual Loops": 2,
                        "Filter": "(info_type_id > 7)",
                        "Rows Removed by Filter": 3643432
                      },
                      {
                        "Node Type": "Hash",
                        "Parent Relationship": "Inner",
                        "Parallel Aware": true,
                        "Startup Cost": 39108.02,
                        "Total Cost": 39108.02,
                        "Plan Rows": 71883,
                        "Plan Width": 4,
                        "Actual Startup Time": 67.824,
                        "Actual Total Time": 67.826,
                        "Actual Rows": 59117,
                        "Actual Loops": 2,
                        "Hash Buckets": 131072,
                        "Original Hash Buckets": 131072,
                        "Hash Batches": 1,
                        "Original Hash Batches": 1,
                        "Peak Memory Usage": 5664,
                        "Plans": [
                          {
                            "Node Type": "Bitmap Heap Scan",
                            "Parent Relationship": "Outer",
                            "Parallel Aware": true,
                            "Relation Name": "title",
                            "Alias": "t",
                            "Startup Cost": 2211.49,
                            "Total Cost": 39108.02,
                            "Plan Rows": 71883,
                            "Plan Width": 4,
                            "Actual Startup Time": 18.12,
                            "Actual Total Time": 54.515,
                            "Actual Rows": 59117,
                            "Actual Loops": 2,
                            "Recheck Cond": "(kind_id = 4)",
                            "Rows Removed by Index Recheck": 0,
                            "Exact Heap Blocks": 9946,
                            "Lossy Heap Blocks": 0,
                            "Plans": [
                              {
                                "Node Type": "Bitmap Index Scan",
                                "Parent Relationship": "Outer",
                                "Parallel Aware": false,
                                "Index Name": "kind_id_title",
                                "Startup Cost": 0.0,
                                "Total Cost": 2180.94,
                                "Plan Rows": 122201,
                                "Plan Width": 0,
                                "Actual Startup Time": 16.337,
                                "Actual Total Time": 16.337,
                                "Actual Rows": 118234,
                                "Actual Loops": 1,
                                "Index Cond": "(kind_id = 4)"
                              }
                            ]
                          }
                        ]
                      }
                    ]
                  },
                  {
                    "Node Type": "Index Scan",
                    "Parent Relationship": "Inner",
                    "Parallel Aware": false,
                    "Scan Direction": "Forward",
                    "Index Name": "movie_id_movie_companies",
                    "Relation Name": "movie_companies",
                    "Alias": "mc",
                    "Startup Cost": 0.43,
                    "Total Cost": 0.56,
                    "Plan Rows": 1,
                    "Plan Width": 4,
                    "Actual Startup Time": 0.002,
                    "Actual Total Time": 0.002,
                    "Actual Rows": 1,
                    "Actual Loops": 327870,
                    "Index Cond": "(movie_id = mi.movie_id)",
                    "Rows Removed by Index Recheck": 0,
                    "Filter": "((company_id > 11661) AND (company_type_id = 2))",
                    "Rows Removed by Filter": 1
                  }
                ]
              }
            ]
          }
        ]
      }
    ]
  },
  "Planning Time": 1.117,
  "Triggers": [],
  "Execution Time": 1668.575
}