[
  {
    "Plan": {
      "Node Type": "Aggregate",
      "Strategy": "Plain",
      "Partial Mode": "Finalize",
      "Parallel Aware": false,
      "Startup Cost": 625581.57,
      "Total Cost": 625581.58,
      "Plan Rows": 1,
      "Plan Width": 8,
      "Actual Startup Time": 9557.915,
      "Actual Total Time": 9639.246,
      "Actual Rows": 1,
      "Actual Loops": 1,
      "Plans": [
        {
          "Node Type": "Gather",
          "Parent Relationship": "Outer",
          "Parallel Aware": false,
          "Startup Cost": 625580.94,
          "Total Cost": 625581.55,
          "Plan Rows": 6,
          "Plan Width": 8,
          "Actual Startup Time": 9537.078,
          "Actual Total Time": 9639.231,
          "Actual Rows": 7,
          "Actual Loops": 1,
          "Workers Planned": 6,
          "Workers Launched": 6,
          "Single Copy": false,
          "Plans": [
            {
              "Node Type": "Aggregate",
              "Strategy": "Plain",
              "Partial Mode": "Partial",
              "Parent Relationship": "Outer",
              "Parallel Aware": false,
              "Startup Cost": 624580.94,
              "Total Cost": 624580.95,
              "Plan Rows": 1,
              "Plan Width": 8,
              "Actual Startup Time": 9515.36,
              "Actual Total Time": 9515.676,
              "Actual Rows": 1,
              "Actual Loops": 7,
              "Plans": [
                {
                  "Node Type": "Hash Join",
                  "Parent Relationship": "Outer",
                  "Parallel Aware": true,
                  "Join Type": "Inner",
                  "Startup Cost": 260223.14,
                  "Total Cost": 608695.41,
                  "Plan Rows": 6354213,
                  "Plan Width": 0,
                  "Actual Startup Time": 1521.369,
                  "Actual Total Time": 8120.322,
                  "Actual Rows": 32129695,
                  "Actual Loops": 7,
                  "Inner Unique": false,
                  "Hash Cond": "(ci.movie_id = t.id)",
                  "Plans": [
                    {
                      "Node Type": "Seq Scan",
                      "Parent Relationship": "Outer",
                      "Parallel Aware": true,
                      "Relation Name": "cast_info",
                      "Alias": "ci",
                      "Startup Cost": 0.0,
                      "Total Cost": 313106.51,
                      "Plan Rows": 6041951,
                      "Plan Width": 4,
                      "Actual Startup Time": 0.039,
                      "Actual Total Time": 578.737,
                      "Actual Rows": 5177763,
                      "Actual Loops": 7
                    },
                    {
                      "Node Type": "Hash",
                      "Parent Relationship": "Inner",
                      "Parallel Aware": true,
                      "Startup Cost": 253575.39,
                      "Total Cost": 253575.39,
                      "Plan Rows": 531820,
                      "Plan Width": 8,
                      "Actual Startup Time": 1514.263,
                      "Actual Total Time": 1514.577,
                      "Actual Rows": 882237,
                      "Actual Loops": 7,
                      "Hash Buckets": 8388608,
                      "Original Hash Buckets": 4194304,
                      "Hash Batches": 1,
                      "Original Hash Batches": 1,
                      "Peak Memory Usage": 340000,
                      "Plans": [
                        {
                          "Node Type": "Hash Join",
                          "Parent Relationship": "Outer",
                          "Parallel Aware": true,
                          "Join Type": "Inner",
                          "Startup Cost": 46946.22,
                          "Total Cost": 253575.39,
                          "Plan Rows": 531820,
                          "Plan Width": 8,
                          "Actual Startup Time": 135.33,
                          "Actual Total Time": 983.994,
                          "Actual Rows": 882237,
                          "Actual Loops": 7,
                          "Inner Unique": true,
                          "Hash Cond": "(mi.movie_id = t.id)",
                          "Plans": [
                            {
                              "Node Type": "Seq Scan",
                              "Parent Relationship": "Outer",
                              "Parallel Aware": true,
                              "Relation Name": "movie_info",
                              "Alias": "mi",
                              "Startup Cost": 0.0,
                              "Total Cost": 199108.24,
                              "Plan Rows": 2865110,
                              "Plan Width": 4,
                              "Actual Startup Time": 0.036,
                              "Actual Total Time": 389.78,
                              "Actual Rows": 2044137,
                              "Actual Loops": 7,
                              "Filter": "(info_type_id < 103)",
                              "Rows Removed by Filter": 75252
                            },
                            {
                              "Node Type": "Hash",
                              "Parent Relationship": "Inner",
                              "Parallel Aware": true,
                              "Startup Cost": 45479.59,
                              "Total Cost": 45479.59,
                              "Plan Rows": 117331,
                              "Plan Width": 4,
                              "Actual Startup Time": 121.383,
                              "Actual Total Time": 121.385,
                              "Actual Rows": 70861,
                              "Actual Loops": 7,
                              "Hash Buckets": 524288,
                              "Original Hash Buckets": 524288,
                              "Hash Batches": 1,
                              "Original Hash Batches": 1,
                              "Peak Memory Usage": 23616,
                              "Plans": [
                                {
                                  "Node Type": "Seq Scan",
                                  "Parent Relationship": "Outer",
                                  "Parallel Aware": true,
                                  "Relation Name": "title",
                                  "Alias": "t",
                                  "Startup Cost": 0.0,
                                  "Total Cost": 45479.59,
                                  "Plan Rows": 117331,
                                  "Plan Width": 4,
                                  "Actual Startup Time": 55.196,
                                  "Actual Total Time": 89.231,
                                  "Actual Rows": 70861,
                                  "Actual Loops": 7,
                                  "Filter": "((production_year < 2009) AND (kind_id = 1))",
                                  "Rows Removed by Filter": 290327
                                }
                              ]
                            }
                          ]
                        }
                      ]
                    }
                  ]
                }
              ]
            }
          ]
        }
      ]
    },
    "Planning Time": 1.325,
    "Triggers": [],
    "Execution Time": 9639.335
  }
]