{
  "Plan": {
    "Node Type": "Aggregate",
    "Strategy": "Plain",
    "Partial Mode": "Finalize",
    "Parallel Aware": false,
    "Startup Cost": 691821.43,
    "Total Cost": 691821.44,
    "Plan Rows": 1,
    "Plan Width": 8,
    "Actual Startup Time": 2140.146,
    "Actual Total Time": 2213.099,
    "Actual Rows": 1,
    "Actual Loops": 1,
    "Plans": [
      {
        "Node Type": "Gather",
        "Parent Relationship": "Outer",
        "Parallel Aware": false,
        "Startup Cost": 691821.32,
        "Total Cost": 691821.43,
        "Plan Rows": 1,
        "Plan Width": 8,
        "Actual Startup Time": 2139.1,
        "Actual Total Time": 2213.088,
        "Actual Rows": 2,
        "Actual Loops": 1,
        "Workers Planned": 1,
        "Workers Launched": 1,
        "Single Copy": false,
        "Plans": [
          {
            "Node Type": "Aggregate",
            "Strategy": "Plain",
            "Partial Mode": "Partial",
            "Parent Relationship": "Outer",
            "Parallel Aware": false,
            "Startup Cost": 690821.32,
            "Total Cost": 690821.33,
            "Plan Rows": 1,
            "Plan Width": 8,
            "Actual Startup Time": 2133.166,
            "Actual Total Time": 2133.458,
            "Actual Rows": 1,
            "Actual Loops": 2,
            "Plans": [
              {
                "Node Type": "Hash Join",
                "Parent Relationship": "Outer",
                "Parallel Aware": true,
                "Join Type": "Inner",
                "Startup Cost": 643687.08,
                "Total Cost": 690226.93,
                "Plan Rows": 237755,
                "Plan Width": 0,
                "Actual Startup Time": 1867.526,
                "Actual Total Time": 2124.298,
                "Actual Rows": 228263,
                "Actual Loops": 2,
                "Inner Unique": false,
                "Hash Cond": "(mc.movie_id = t.id)",
                "Plans": [
                  {
                    "Node Type": "Seq Scan",
                    "Parent Relationship": "Outer",
                    "Parallel Aware": true,
                    "Relation Name": "movie_companies",
                    "Alias": "mc",
                    "Startup Cost": 0.0,
                    "Total Cost": 37974.77,
                    "Plan Rows": 1433304,
                    "Plan Width": 4,
                    "Actual Startup Time": 0.016,
                    "Actual Total Time": 123.491,
                    "Actual Rows": 1220516,
                    "Actual Loops": 2,
                    "Filter": "(company_id < 124594)",
                    "Rows Removed by Filter": 84049
                  },
                  {
                    "Node Type": "Hash",
                    "Parent Relationship": "Inner",
                    "Parallel Aware": true,
                    "Startup Cost": 640603.33,
                    "Total Cost": 640603.33,
                    "Plan Rows": 246700,
                    "Plan Width": 8,
                    "Actual Startup Time": 1861.917,
                    "Actual Total Time": 1862.208,
                    "Actual Rows": 103056,
                    "Actual Loops": 2,
                    "Hash Buckets": 524288,
                    "Original Hash Buckets": 524288,
                    "Hash Batches": 1,
                    "Original Hash Batches": 1,
                    "Peak Memory Usage": 12192,
                    "Plans": [
                      {
                        "Node Type": "Hash Join",
                        "Parent Relationship": "Outer",
                        "Parallel Aware": true,
                        "Join Type": "Inner",
                        "Startup Cost": 55534.64,
                        "Total Cost": 640603.33,
                        "Plan Rows": 246700,
                        "Plan Width": 8,
                        "Actual Startup Time": 658.723,
                        "Actual Total Time": 1830.217,
                        "Actual Rows": 103056,
                        "Actual Loops": 2,
                        "Inner Unique": true,
                        "Hash Cond": "(ci.movie_id = t.id)",
                        "Plans": [
                          {
                            "Node Type": "Seq Scan",
                            "Parent Relationship": "Outer",
                            "Parallel Aware": true,
                            "Relation Name": "cast_info",
                            "Alias": "ci",
                            "Startup Cost": 0.0,
                            "Total Cost": 572345.93,
                            "Plan Rows": 4846758,
                            "Plan Width": 4,
                            "Actual Startup Time": 505.084,
                            "Actual Total Time": 1430.775,
                            "Actual Rows": 1738956,
                            "Actual Loops": 2,
                            "Filter": "((person_id < 1238237) AND (role_id > 1))",
                            "Rows Removed by Filter": 16383216
                          },
                          {
                            "Node Type": "Hash",
                            "Parent Relationship": "Inner",
                            "Parallel Aware": true,
                            "Startup Cost": 54588.39,
                            "Total Cost": 54588.39,
                            "Plan Rows": 75700,
                            "Plan Width": 4,
                            "Actual Startup Time": 150.873,
                            "Actual Total Time": 150.874,
                            "Actual Rows": 64348,
                            "Actual Loops": 2,
                            "Hash Buckets": 131072,
                            "Original Hash Buckets": 131072,
                            "Hash Batches": 1,
                            "Original Hash Batches": 1,
                            "Peak Memory Usage": 6112,
                            "Plans": [
                              {
                                "Node Type": "Seq Scan",
                                "Parent Relationship": "Outer",
                                "Parallel Aware": true,
                                "Relation Name": "title",
                                "Alias": "t",
                                "Startup Cost": 0.0,
                                "Total Cost": 54588.39,
                                "Plan Rows": 75700,
                                "Plan Width": 4,
                                "Actual Startup Time": 0.04,
                                "Actual Total Time": 133.974,
                                "Actual Rows": 64348,
                                "Actual Loops": 2,
                                "Filter": "(production_year = 2009)",
                                "Rows Removed by Filter": 1199808
                              }
                            ]
                          }
                        ]
                      }
                    ]
                  }
                ]
              }
            ]
          }
        ]
      }
    ]
  },
  "Planning Time": 1.074,
  "Triggers": [],
  "Execution Time": 2213.216
}