[
  {
    "Plan": {
      "Node Type": "Aggregate",
      "Strategy": "Plain",
      "Partial Mode": "Finalize",
      "Parallel Aware": false,
      "Startup Cost": 498739.8,
      "Total Cost": 498739.81,
      "Plan Rows": 1,
      "Plan Width": 8,
      "Actual Startup Time": 4657.77,
      "Actual Total Time": 4710.695,
      "Actual Rows": 1,
      "Actual Loops": 1,
      "Plans": [
        {
          "Node Type": "Gather",
          "Parent Relationship": "Outer",
          "Parallel Aware": false,
          "Startup Cost": 498739.17,
          "Total Cost": 498739.78,
          "Plan Rows": 6,
          "Plan Width": 8,
          "Actual Startup Time": 4633.287,
          "Actual Total Time": 4710.679,
          "Actual Rows": 7,
          "Actual Loops": 1,
          "Workers Planned": 6,
          "Workers Launched": 6,
          "Single Copy": false,
          "Plans": [
            {
              "Node Type": "Aggregate",
              "Strategy": "Plain",
              "Partial Mode": "Partial",
              "Parent Relationship": "Outer",
              "Parallel Aware": false,
              "Startup Cost": 497739.17,
              "Total Cost": 497739.18,
              "Plan Rows": 1,
              "Plan Width": 8,
              "Actual Startup Time": 4618.362,
              "Actual Total Time": 4619.008,
              "Actual Rows": 1,
              "Actual Loops": 7,
              "Plans": [
                {
                  "Node Type": "Hash Join",
                  "Parent Relationship": "Outer",
                  "Parallel Aware": true,
                  "Join Type": "Inner",
                  "Startup Cost": 113235.94,
                  "Total Cost": 480153.34,
                  "Plan Rows": 7034334,
                  "Plan Width": 0,
                  "Actual Startup Time": 772.166,
                  "Actual Total Time": 3802.969,
                  "Actual Rows": 19569293,
                  "Actual Loops": 7,
                  "Inner Unique": false,
                  "Hash Cond": "(ci.movie_id = t.id)",
                  "Plans": [
                    {
                      "Node Type": "Seq Scan",
                      "Parent Relationship": "Outer",
                      "Parallel Aware": true,
                      "Relation Name": "cast_info",
                      "Alias": "ci",
                      "Startup Cost": 0.0,
                      "Total Cost": 328211.39,
                      "Plan Rows": 4270561,
                      "Plan Width": 4,
                      "Actual Startup Time": 106.7,
                      "Actual Total Time": 608.324,
                      "Actual Rows": 3657004,
                      "Actual Loops": 7,
                      "Filter": "(person_id > 1044471)",
                      "Rows Removed by Filter": 1520760
                    },
                    {
                      "Node Type": "Hash",
                      "Parent Relationship": "Inner",
                      "Parallel Aware": true,
                      "Startup Cost": 96442.64,
                      "Total Cost": 96442.64,
                      "Plan Rows": 1343464,
                      "Plan Width": 8,
                      "Actual Startup Time": 660.291,
                      "Actual Total Time": 660.935,
                      "Actual Rows": 595171,
                      "Actual Loops": 7,
                      "Hash Buckets": 4194304,
                      "Original Hash Buckets": 4194304,
                      "Hash Batches": 1,
                      "Original Hash Batches": 1,
                      "Peak Memory Usage": 195840,
                      "Plans": [
                        {
                          "Node Type": "Hash Join",
                          "Parent Relationship": "Outer",
                          "Parallel Aware": true,
                          "Join Type": "Inner",
                          "Startup Cost": 50220.38,
                          "Total Cost": 96442.64,
                          "Plan Rows": 1343464,
                          "Plan Width": 8,
                          "Actual Startup Time": 266.498,
                          "Actual Total Time": 466.157,
                          "Actual Rows": 595171,
                          "Actual Loops": 7,
                          "Inner Unique": true,
                          "Hash Cond": "(mk.movie_id = t.id)",
                          "Plans": [
                            {
                              "Node Type": "Seq Scan",
                              "Parent Relationship": "Outer",
                              "Parallel Aware": true,
                              "Relation Name": "movie_keyword",
                              "Alias": "mk",
                              "Startup Cost": 0.0,
                              "Total Cost": 42695.65,
                              "Plan Rows": 1343464,
                              "Plan Width": 4,
                              "Actual Startup Time": 0.036,
                              "Actual Total Time": 80.745,
                              "Actual Rows": 595171,
                              "Actual Loops": 7,
                              "Filter": "(keyword_id < 46740)",
                              "Rows Removed by Filter": 51105
                            },
                            {
                              "Node Type": "Hash",
                              "Parent Relationship": "Inner",
                              "Parallel Aware": true,
                              "Startup Cost": 42319.06,
                              "Total Cost": 42319.06,
                              "Plan Rows": 632106,
                              "Plan Width": 4,
                              "Actual Startup Time": 262.343,
                              "Actual Total Time": 262.344,
                              "Actual Rows": 361187,
                              "Actual Loops": 7,
                              "Hash Buckets": 4194304,
                              "Original Hash Buckets": 4194304,
                              "Hash Batches": 1,
                              "Original Hash Batches": 1,
                              "Peak Memory Usage": 131808,
                              "Plans": [
                                {
                                  "Node Type": "Seq Scan",
                                  "Parent Relationship": "Outer",
                                  "Parallel Aware": true,
                                  "Relation Name": "title",
                                  "Alias": "t",
                                  "Startup Cost": 0.0,
                                  "Total Cost": 42319.06,
                                  "Plan Rows": 632106,
                                  "Plan Width": 4,
                                  "Actual Startup Time": 0.053,
                                  "Actual Total Time": 75.17,
                                  "Actual Rows": 361187,
                                  "Actual Loops": 7
                                }
                              ]
                            }
                          ]
                        }
                      ]
                    }
                  ]
                }
              ]
            }
          ]
        }
      ]
    },
    "Planning Time": 0.398,
    "Triggers": [],
    "Execution Time": 4710.742
  }
]