[
    {
        "Bao": {
            "Bao prediction": "NaN",
            "Bao recommended hint": "(no hint)"
        }
    },
    {
        "Plan": {
            "Node Type": "Aggregate",
            "Strategy": "Plain",
            "Partial Mode": "Simple",
            "Parallel Aware": false,
            "Startup Cost": 15472.24,
            "Total Cost": 15472.25,
            "Plan Rows": 1,
            "Plan Width": 8,
            "Actual Startup Time": 10.748,
            "Actual Total Time": 10.749,
            "Actual Rows": 1,
            "Actual Loops": 1,
            "Output": [
                "count(*)"
            ],
            "Plans": [
                {
                    "Node Type": "Bitmap Heap Scan",
                    "Parent Relationship": "Outer",
                    "Parallel Aware": false,
                    "Relation Name": "movie_keyword",
                    "Schema": "public",
                    "Alias": "mk",
                    "Startup Cost": 150.19,
                    "Total Cost": 15454.9,
                    "Plan Rows": 6937,
                    "Plan Width": 0,
                    "Actual Startup Time": 2.025,
                    "Actual Total Time": 10.347,
                    "Actual Rows": 7419,
                    "Actual Loops": 1,
                    "Recheck Cond": "(mk.keyword_id = 373)",
                    "Rows Removed by Index Recheck": 0,
                    "Exact Heap Blocks": 6100,
                    "Lossy Heap Blocks": 0,
                    "Plans": [
                        {
                            "Node Type": "Bitmap Index Scan",
                            "Parent Relationship": "Outer",
                            "Parallel Aware": false,
                            "Index Name": "keyword_id_movie_keyword",
                            "Startup Cost": 0.0,
                            "Total Cost": 148.46,
                            "Plan Rows": 6937,
                            "Plan Width": 0,
                            "Actual Startup Time": 1.166,
                            "Actual Total Time": 1.166,
                            "Actual Rows": 7419,
                            "Actual Loops": 1,
                            "Index Cond": "(mk.keyword_id = 373)"
                        }
                    ]
                }
            ]
        },
        "Planning Time": 177.654,
        "Triggers": [],
        "Execution Time": 10.787
    }
]