{
  "Plan": {
    "Node Type": "Aggregate",
    "Strategy": "Plain",
    "Partial Mode": "Finalize",
    "Parallel Aware": false,
    "Startup Cost": 123705.21,
    "Total Cost": 123705.22,
    "Plan Rows": 1,
    "Plan Width": 8,
    "Actual Startup Time": 570.016,
    "Actual Total Time": 586.709,
    "Actual Rows": 1,
    "Actual Loops": 1,
    "Plans": [
      {
        "Node Type": "Gather",
        "Parent Relationship": "Outer",
        "Parallel Aware": false,
        "Startup Cost": 123705.1,
        "Total Cost": 123705.21,
        "Plan Rows": 1,
        "Plan Width": 8,
        "Actual Startup Time": 568.066,
        "Actual Total Time": 586.702,
        "Actual Rows": 2,
        "Actual Loops": 1,
        "Workers Planned": 1,
        "Workers Launched": 1,
        "Single Copy": false,
        "Plans": [
          {
            "Node Type": "Aggregate",
            "Strategy": "Plain",
            "Partial Mode": "Partial",
            "Parent Relationship": "Outer",
            "Parallel Aware": false,
            "Startup Cost": 122705.1,
            "Total Cost": 122705.11,
            "Plan Rows": 1,
            "Plan Width": 8,
            "Actual Startup Time": 563.141,
            "Actual Total Time": 563.145,
            "Actual Rows": 1,
            "Actual Loops": 2,
            "Plans": [
              {
                "Node Type": "Hash Join",
                "Parent Relationship": "Outer",
                "Parallel Aware": true,
                "Join Type": "Inner",
                "Startup Cost": 62110.21,
                "Total Cost": 121904.93,
                "Plan Rows": 320068,
                "Plan Width": 0,
                "Actual Startup Time": 299.348,
                "Actual Total Time": 555.373,
                "Actual Rows": 195616,
                "Actual Loops": 2,
                "Inner Unique": true,
                "Hash Cond": "(mk.movie_id = t.id)",
                "Plans": [
                  {
                    "Node Type": "Seq Scan",
                    "Parent Relationship": "Outer",
                    "Parallel Aware": true,
                    "Relation Name": "movie_keyword",
                    "Alias": "mk",
                    "Startup Cost": 0.0,
                    "Total Cost": 57718.19,
                    "Plan Rows": 791056,
                    "Plan Width": 4,
                    "Actual Startup Time": 1.277,
                    "Actual Total Time": 160.878,
                    "Actual Rows": 674948,
                    "Actual Loops": 2,
                    "Filter": "(keyword_id > 12544)",
                    "Rows Removed by Filter": 1587017
                  },
                  {
                    "Node Type": "Hash",
                    "Parent Relationship": "Inner",
                    "Parallel Aware": true,
                    "Startup Cost": 54588.39,
                    "Total Cost": 54588.39,
                    "Plan Rows": 601746,
                    "Plan Width": 4,
                    "Actual Startup Time": 288.594,
                    "Actual Total Time": 288.596,
                    "Actual Rows": 506460,
                    "Actual Loops": 2,
                    "Hash Buckets": 1048576,
                    "Original Hash Buckets": 1048576,
                    "Hash Batches": 1,
                    "Original Hash Batches": 1,
                    "Peak Memory Usage": 47840,
                    "Plans": [
                      {
                        "Node Type": "Seq Scan",
                        "Parent Relationship": "Outer",
                        "Parallel Aware": true,
                        "Relation Name": "title",
                        "Alias": "t",
                        "Startup Cost": 0.0,
                        "Total Cost": 54588.39,
                        "Plan Rows": 601746,
                        "Plan Width": 4,
                        "Actual Startup Time": 0.026,
                        "Actual Total Time": 161.175,
                        "Actual Rows": 506460,
                        "Actual Loops": 2,
                        "Filter": "(production_year > 2005)",
                        "Rows Removed by Filter": 757696
                      }
                    ]
                  }
                ]
              }
            ]
          }
        ]
      }
    ]
  },
  "Planning Time": 0.44,
  "Triggers": [],
  "Execution Time": 586.777
}