[
  {
    "Plan": {
      "Node Type": "Aggregate",
      "Strategy": "Plain",
      "Partial Mode": "Simple",
      "Parallel Aware": false,
      "Startup Cost": 5799.06,
      "Total Cost": 5799.07,
      "Plan Rows": 1,
      "Plan Width": 8,
      "Actual Startup Time": 3.566,
      "Actual Total Time": 3.568,
      "Actual Rows": 1,
      "Actual Loops": 1,
      "Plans": [
        {
          "Node Type": "Index Scan",
          "Parent Relationship": "Outer",
          "Parallel Aware": false,
          "Scan Direction": "Forward",
          "Index Name": "company_id_movie_companies",
          "Relation Name": "movie_companies",
          "Alias": "mc",
          "Startup Cost": 0.43,
          "Total Cost": 5796.17,
          "Plan Rows": 1156,
          "Plan Width": 0,
          "Actual Startup Time": 0.197,
          "Actual Total Time": 3.308,
          "Actual Rows": 1352,
          "Actual Loops": 1,
          "Index Cond": "(company_id = 14060)",
          "Rows Removed by Index Recheck": 0,
          "Filter": "(company_type_id < 2)",
          "Rows Removed by Filter": 706
        }
      ]
    },
    "Planning Time": 0.244,
    "Triggers": [],
    "Execution Time": 3.619
  }
]