[
  {
    "Plan": {
      "Node Type": "Aggregate",
      "Strategy": "Plain",
      "Partial Mode": "Simple",
      "Parallel Aware": false,
      "Startup Cost": 22855.07,
      "Total Cost": 22855.08,
      "Plan Rows": 1,
      "Plan Width": 8,
      "Actual Startup Time": 55.14,
      "Actual Total Time": 55.141,
      "Actual Rows": 1,
      "Actual Loops": 1,
      "Plans": [
        {
          "Node Type": "Bitmap Heap Scan",
          "Parent Relationship": "Outer",
          "Parallel Aware": false,
          "Relation Name": "movie_companies",
          "Alias": "mc",
          "Startup Cost": 2316.03,
          "Total Cost": 22717.78,
          "Plan Rows": 54914,
          "Plan Width": 0,
          "Actual Startup Time": 15.184,
          "Actual Total Time": 47.112,
          "Actual Rows": 106300,
          "Actual Loops": 1,
          "Recheck Cond": "(company_id > 153944)",
          "Rows Removed by Index Recheck": 0,
          "Filter": "(company_type_id = 2)",
          "Rows Removed by Filter": 0,
          "Exact Heap Blocks": 3267,
          "Lossy Heap Blocks": 0,
          "Plans": [
            {
              "Node Type": "Bitmap Index Scan",
              "Parent Relationship": "Outer",
              "Parallel Aware": false,
              "Index Name": "company_id_movie_companies",
              "Startup Cost": 0.0,
              "Total Cost": 2302.3,
              "Plan Rows": 107450,
              "Plan Width": 0,
              "Actual Startup Time": 14.128,
              "Actual Total Time": 14.129,
              "Actual Rows": 106300,
              "Actual Loops": 1,
              "Index Cond": "(company_id > 153944)"
            }
          ]
        }
      ]
    },
    "Planning Time": 0.22,
    "Triggers": [],
    "Execution Time": 55.206
  }
]