[
  {
    "Plan": {
      "Node Type": "Aggregate",
      "Strategy": "Plain",
      "Partial Mode": "Finalize",
      "Parallel Aware": false,
      "Startup Cost": 45474.28,
      "Total Cost": 45474.29,
      "Plan Rows": 1,
      "Plan Width": 8,
      "Actual Startup Time": 60.949,
      "Actual Total Time": 68.541,
      "Actual Rows": 1,
      "Actual Loops": 1,
      "Plans": [
        {
          "Node Type": "Gather",
          "Parent Relationship": "Outer",
          "Parallel Aware": false,
          "Startup Cost": 45474.07,
          "Total Cost": 45474.28,
          "Plan Rows": 2,
          "Plan Width": 8,
          "Actual Startup Time": 60.794,
          "Actual Total Time": 68.535,
          "Actual Rows": 3,
          "Actual Loops": 1,
          "Workers Planned": 2,
          "Workers Launched": 2,
          "Single Copy": false,
          "Plans": [
            {
              "Node Type": "Aggregate",
              "Strategy": "Plain",
              "Partial Mode": "Partial",
              "Parent Relationship": "Outer",
              "Parallel Aware": false,
              "Startup Cost": 44474.07,
              "Total Cost": 44474.08,
              "Plan Rows": 1,
              "Plan Width": 8,
              "Actual Startup Time": 52.675,
              "Actual Total Time": 52.676,
              "Actual Rows": 1,
              "Actual Loops": 3,
              "Plans": [
                {
                  "Node Type": "Nested Loop",
                  "Parent Relationship": "Outer",
                  "Parallel Aware": false,
                  "Join Type": "Inner",
                  "Startup Cost": 224.4,
                  "Total Cost": 44474.0,
                  "Plan Rows": 26,
                  "Plan Width": 0,
                  "Actual Startup Time": 16.663,
                  "Actual Total Time": 52.665,
                  "Actual Rows": 11,
                  "Actual Loops": 3,
                  "Inner Unique": true,
                  "Plans": [
                    {
                      "Node Type": "Bitmap Heap Scan",
                      "Parent Relationship": "Outer",
                      "Parallel Aware": true,
                      "Relation Name": "movie_companies",
                      "Alias": "mc",
                      "Startup Cost": 223.97,
                      "Total Cost": 16682.98,
                      "Plan Rows": 4276,
                      "Plan Width": 4,
                      "Actual Startup Time": 3.379,
                      "Actual Total Time": 14.095,
                      "Actual Rows": 3387,
                      "Actual Loops": 3,
                      "Recheck Cond": "(company_id = 2561)",
                      "Rows Removed by Index Recheck": 0,
                      "Exact Heap Blocks": 3445,
                      "Lossy Heap Blocks": 0,
                      "Plans": [
                        {
                          "Node Type": "Bitmap Index Scan",
                          "Parent Relationship": "Outer",
                          "Parallel Aware": false,
                          "Index Name": "company_id_movie_companies",
                          "Startup Cost": 0.0,
                          "Total Cost": 221.4,
                          "Plan Rows": 10263,
                          "Plan Width": 0,
                          "Actual Startup Time": 6.971,
                          "Actual Total Time": 6.971,
                          "Actual Rows": 10160,
                          "Actual Loops": 1,
                          "Index Cond": "(company_id = 2561)"
                        }
                      ]
                    },
                    {
                      "Node Type": "Index Scan",
                      "Parent Relationship": "Inner",
                      "Parallel Aware": false,
                      "Scan Direction": "Forward",
                      "Index Name": "title_pkey",
                      "Relation Name": "title",
                      "Alias": "t",
                      "Startup Cost": 0.43,
                      "Total Cost": 6.5,
                      "Plan Rows": 1,
                      "Plan Width": 4,
                      "Actual Startup Time": 0.011,
                      "Actual Total Time": 0.011,
                      "Actual Rows": 0,
                      "Actual Loops": 10160,
                      "Index Cond": "(id = mc.movie_id)",
                      "Rows Removed by Index Recheck": 0,
                      "Filter": "(production_year = 1979)",
                      "Rows Removed by Filter": 1
                    }
                  ]
                }
              ]
            }
          ]
        }
      ]
    },
    "Planning Time": 0.64,
    "Triggers": [],
    "Execution Time": 68.632
  }
]