[
  {
    "Plan": {
      "Node Type": "Aggregate",
      "Strategy": "Plain",
      "Partial Mode": "Finalize",
      "Parallel Aware": false,
      "Startup Cost": 44483.91,
      "Total Cost": 44483.92,
      "Plan Rows": 1,
      "Plan Width": 8,
      "Actual Startup Time": 58.702,
      "Actual Total Time": 66.912,
      "Actual Rows": 1,
      "Actual Loops": 1,
      "Plans": [
        {
          "Node Type": "Gather",
          "Parent Relationship": "Outer",
          "Parallel Aware": false,
          "Startup Cost": 44483.69,
          "Total Cost": 44483.9,
          "Plan Rows": 2,
          "Plan Width": 8,
          "Actual Startup Time": 58.463,
          "Actual Total Time": 66.902,
          "Actual Rows": 3,
          "Actual Loops": 1,
          "Workers Planned": 2,
          "Workers Launched": 2,
          "Single Copy": false,
          "Plans": [
            {
              "Node Type": "Aggregate",
              "Strategy": "Plain",
              "Partial Mode": "Partial",
              "Parent Relationship": "Outer",
              "Parallel Aware": false,
              "Startup Cost": 43483.69,
              "Total Cost": 43483.7,
              "Plan Rows": 1,
              "Plan Width": 8,
              "Actual Startup Time": 50.743,
              "Actual Total Time": 50.745,
              "Actual Rows": 1,
              "Actual Loops": 3,
              "Plans": [
                {
                  "Node Type": "Nested Loop",
                  "Parent Relationship": "Outer",
                  "Parallel Aware": false,
                  "Join Type": "Inner",
                  "Startup Cost": 217.7,
                  "Total Cost": 43483.63,
                  "Plan Rows": 23,
                  "Plan Width": 0,
                  "Actual Startup Time": 18.736,
                  "Actual Total Time": 50.733,
                  "Actual Rows": 11,
                  "Actual Loops": 3,
                  "Inner Unique": true,
                  "Plans": [
                    {
                      "Node Type": "Bitmap Heap Scan",
                      "Parent Relationship": "Outer",
                      "Parallel Aware": true,
                      "Relation Name": "movie_companies",
                      "Alias": "mc",
                      "Startup Cost": 217.27,
                      "Total Cost": 16442.87,
                      "Plan Rows": 4131,
                      "Plan Width": 4,
                      "Actual Startup Time": 3.006,
                      "Actual Total Time": 14.61,
                      "Actual Rows": 3387,
                      "Actual Loops": 3,
                      "Recheck Cond": "(company_id = 2561)",
                      "Rows Removed by Index Recheck": 0,
                      "Exact Heap Blocks": 3564,
                      "Lossy Heap Blocks": 0,
                      "Plans": [
                        {
                          "Node Type": "Bitmap Index Scan",
                          "Parent Relationship": "Outer",
                          "Parallel Aware": false,
                          "Index Name": "company_id_movie_companies",
                          "Startup Cost": 0.0,
                          "Total Cost": 214.79,
                          "Plan Rows": 9915,
                          "Plan Width": 0,
                          "Actual Startup Time": 5.794,
                          "Actual Total Time": 5.795,
                          "Actual Rows": 10160,
                          "Actual Loops": 1,
                          "Index Cond": "(company_id = 2561)"
                        }
                      ]
                    },
                    {
                      "Node Type": "Index Scan",
                      "Parent Relationship": "Inner",
                      "Parallel Aware": false,
                      "Scan Direction": "Forward",
                      "Index Name": "title_pkey",
                      "Relation Name": "title",
                      "Alias": "t",
                      "Startup Cost": 0.43,
                      "Total Cost": 6.55,
                      "Plan Rows": 1,
                      "Plan Width": 4,
                      "Actual Startup Time": 0.01,
                      "Actual Total Time": 0.01,
                      "Actual Rows": 0,
                      "Actual Loops": 10160,
                      "Index Cond": "(id = mc.movie_id)",
                      "Rows Removed by Index Recheck": 0,
                      "Filter": "(production_year = 1979)",
                      "Rows Removed by Filter": 1
                    }
                  ]
                }
              ]
            }
          ]
        }
      ]
    },
    "Planning Time": 0.623,
    "Triggers": [],
    "Execution Time": 66.997
  }
]