{
  "Plan": {
    "Node Type": "Aggregate",
    "Strategy": "Plain",
    "Partial Mode": "Finalize",
    "Parallel Aware": false,
    "Startup Cost": 110324.78,
    "Total Cost": 110324.79,
    "Plan Rows": 1,
    "Plan Width": 8,
    "Actual Startup Time": 796.737,
    "Actual Total Time": 812.512,
    "Actual Rows": 1,
    "Actual Loops": 1,
    "Plans": [
      {
        "Node Type": "Gather",
        "Parent Relationship": "Outer",
        "Parallel Aware": false,
        "Startup Cost": 110324.67,
        "Total Cost": 110324.78,
        "Plan Rows": 1,
        "Plan Width": 8,
        "Actual Startup Time": 795.133,
        "Actual Total Time": 812.502,
        "Actual Rows": 2,
        "Actual Loops": 1,
        "Workers Planned": 1,
        "Workers Launched": 1,
        "Single Copy": false,
        "Plans": [
          {
            "Node Type": "Aggregate",
            "Strategy": "Plain",
            "Partial Mode": "Partial",
            "Parent Relationship": "Outer",
            "Parallel Aware": false,
            "Startup Cost": 109324.67,
            "Total Cost": 109324.68,
            "Plan Rows": 1,
            "Plan Width": 8,
            "Actual Startup Time": 788.946,
            "Actual Total Time": 788.95,
            "Actual Rows": 1,
            "Actual Loops": 2,
            "Plans": [
              {
                "Node Type": "Hash Join",
                "Parent Relationship": "Outer",
                "Parallel Aware": true,
                "Join Type": "Inner",
                "Startup Cost": 46209.84,
                "Total Cost": 108445.04,
                "Plan Rows": 351849,
                "Plan Width": 0,
                "Actual Startup Time": 260.992,
                "Actual Total Time": 771.628,
                "Actual Rows": 438966,
                "Actual Loops": 2,
                "Inner Unique": false,
                "Hash Cond": "(t.id = mc.movie_id)",
                "Plans": [
                  {
                    "Node Type": "Seq Scan",
                    "Parent Relationship": "Outer",
                    "Parallel Aware": true,
                    "Relation Name": "title",
                    "Alias": "t",
                    "Startup Cost": 0.0,
                    "Total Cost": 50870.31,
                    "Plan Rows": 1487231,
                    "Plan Width": 4,
                    "Actual Startup Time": 0.014,
                    "Actual Total Time": 127.962,
                    "Actual Rows": 1264156,
                    "Actual Loops": 2
                  },
                  {
                    "Node Type": "Hash",
                    "Parent Relationship": "Inner",
                    "Parallel Aware": true,
                    "Startup Cost": 41811.73,
                    "Total Cost": 41811.73,
                    "Plan Rows": 351849,
                    "Plan Width": 4,
                    "Actual Startup Time": 251.707,
                    "Actual Total Time": 251.708,
                    "Actual Rows": 438966,
                    "Actual Loops": 2,
                    "Hash Buckets": 1048576,
                    "Original Hash Buckets": 1048576,
                    "Hash Batches": 1,
                    "Original Hash Batches": 1,
                    "Peak Memory Usage": 42592,
                    "Plans": [
                      {
                        "Node Type": "Seq Scan",
                        "Parent Relationship": "Outer",
                        "Parallel Aware": true,
                        "Relation Name": "movie_companies",
                        "Alias": "mc",
                        "Startup Cost": 0.0,
                        "Total Cost": 41811.73,
                        "Plan Rows": 351849,
                        "Plan Width": 4,
                        "Actual Startup Time": 68.963,
                        "Actual Total Time": 142.808,
                        "Actual Rows": 438966,
                        "Actual Loops": 2,
                        "Filter": "((company_id > 12640) AND (company_type_id > 1))",
                        "Rows Removed by Filter": 865598
                      }
                    ]
                  }
                ]
              }
            ]
          }
        ]
      }
    ]
  },
  "Planning Time": 0.652,
  "Triggers": [],
  "Execution Time": 812.583
}