[
  {
    "Plan": {
      "Node Type": "Aggregate",
      "Strategy": "Plain",
      "Partial Mode": "Finalize",
      "Parallel Aware": false,
      "Startup Cost": 45791.66,
      "Total Cost": 45791.67,
      "Plan Rows": 1,
      "Plan Width": 8,
      "Actual Startup Time": 174.843,
      "Actual Total Time": 185.21,
      "Actual Rows": 1,
      "Actual Loops": 1,
      "Plans": [
        {
          "Node Type": "Gather",
          "Parent Relationship": "Outer",
          "Parallel Aware": false,
          "Startup Cost": 45791.34,
          "Total Cost": 45791.65,
          "Plan Rows": 3,
          "Plan Width": 8,
          "Actual Startup Time": 174.721,
          "Actual Total Time": 185.201,
          "Actual Rows": 4,
          "Actual Loops": 1,
          "Workers Planned": 3,
          "Workers Launched": 3,
          "Single Copy": false,
          "Plans": [
            {
              "Node Type": "Aggregate",
              "Strategy": "Plain",
              "Partial Mode": "Partial",
              "Parent Relationship": "Outer",
              "Parallel Aware": false,
              "Startup Cost": 44791.34,
              "Total Cost": 44791.35,
              "Plan Rows": 1,
              "Plan Width": 8,
              "Actual Startup Time": 167.46,
              "Actual Total Time": 167.462,
              "Actual Rows": 1,
              "Actual Loops": 4,
              "Plans": [
                {
                  "Node Type": "Seq Scan",
                  "Parent Relationship": "Outer",
                  "Parallel Aware": true,
                  "Relation Name": "movie_keyword",
                  "Alias": "mk",
                  "Startup Cost": 0.0,
                  "Total Cost": 42695.65,
                  "Plan Rows": 838274,
                  "Plan Width": 0,
                  "Actual Startup Time": 0.532,
                  "Actual Total Time": 133.047,
                  "Actual Rows": 647949,
                  "Actual Loops": 4,
                  "Filter": "(keyword_id > 3318)",
                  "Rows Removed by Filter": 483033
                }
              ]
            }
          ]
        }
      ]
    },
    "Planning Time": 0.162,
    "Triggers": [],
    "Execution Time": 185.258
  }
]