[
  {
    "Plan": {
      "Node Type": "Aggregate",
      "Strategy": "Plain",
      "Partial Mode": "Finalize",
      "Parallel Aware": false,
      "Startup Cost": 269189.47,
      "Total Cost": 269189.48,
      "Plan Rows": 1,
      "Plan Width": 8,
      "Actual Startup Time": 956.919,
      "Actual Total Time": 982.181,
      "Actual Rows": 1,
      "Actual Loops": 1,
      "Plans": [
        {
          "Node Type": "Gather",
          "Parent Relationship": "Outer",
          "Parallel Aware": false,
          "Startup Cost": 269189.15,
          "Total Cost": 269189.46,
          "Plan Rows": 3,
          "Plan Width": 8,
          "Actual Startup Time": 936.891,
          "Actual Total Time": 982.165,
          "Actual Rows": 4,
          "Actual Loops": 1,
          "Workers Planned": 3,
          "Workers Launched": 3,
          "Single Copy": false,
          "Plans": [
            {
              "Node Type": "Aggregate",
              "Strategy": "Plain",
              "Partial Mode": "Partial",
              "Parent Relationship": "Outer",
              "Parallel Aware": false,
              "Startup Cost": 268189.15,
              "Total Cost": 268189.16,
              "Plan Rows": 1,
              "Plan Width": 8,
              "Actual Startup Time": 922.635,
              "Actual Total Time": 922.794,
              "Actual Rows": 1,
              "Actual Loops": 4,
              "Plans": [
                {
                  "Node Type": "Hash Join",
                  "Parent Relationship": "Outer",
                  "Parallel Aware": true,
                  "Join Type": "Inner",
                  "Startup Cost": 222922.36,
                  "Total Cost": 267936.01,
                  "Plan Rows": 101255,
                  "Plan Width": 0,
                  "Actual Startup Time": 466.705,
                  "Actual Total Time": 807.771,
                  "Actual Rows": 2648159,
                  "Actual Loops": 4,
                  "Inner Unique": false,
                  "Hash Cond": "(mk.movie_id = t.id)",
                  "Plans": [
                    {
                      "Node Type": "Seq Scan",
                      "Parent Relationship": "Outer",
                      "Parallel Aware": true,
                      "Relation Name": "movie_keyword",
                      "Alias": "mk",
                      "Startup Cost": 0.0,
                      "Total Cost": 42695.65,
                      "Plan Rows": 564129,
                      "Plan Width": 4,
                      "Actual Startup Time": 0.047,
                      "Actual Total Time": 98.932,
                      "Actual Rows": 437950,
                      "Actual Loops": 4,
                      "Filter": "(keyword_id < 2860)",
                      "Rows Removed by Filter": 693032
                    },
                    {
                      "Node Type": "Hash",
                      "Parent Relationship": "Inner",
                      "Parallel Aware": true,
                      "Startup Cost": 221787.8,
                      "Total Cost": 221787.8,
                      "Plan Rows": 90765,
                      "Plan Width": 8,
                      "Actual Startup Time": 464.096,
                      "Actual Total Time": 464.253,
                      "Actual Rows": 116409,
                      "Actual Loops": 4,
                      "Hash Buckets": 524288,
                      "Original Hash Buckets": 524288,
                      "Hash Batches": 1,
                      "Original Hash Batches": 1,
                      "Peak Memory Usage": 22368,
                      "Plans": [
                        {
                          "Node Type": "Hash Join",
                          "Parent Relationship": "Outer",
                          "Parallel Aware": true,
                          "Join Type": "Inner",
                          "Startup Cost": 58421.98,
                          "Total Cost": 221787.8,
                          "Plan Rows": 90765,
                          "Plan Width": 8,
                          "Actual Startup Time": 371.282,
                          "Actual Total Time": 431.904,
                          "Actual Rows": 116409,
                          "Actual Loops": 4,
                          "Inner Unique": true,
                          "Hash Cond": "(mi.movie_id = t.id)",
                          "Plans": [
                            {
                              "Node Type": "Bitmap Heap Scan",
                              "Parent Relationship": "Outer",
                              "Parallel Aware": true,
                              "Relation Name": "movie_info",
                              "Alias": "mi",
                              "Startup Cost": 8201.59,
                              "Total Cost": 171329.16,
                              "Plan Rows": 90765,
                              "Plan Width": 4,
                              "Actual Startup Time": 16.112,
                              "Actual Total Time": 34.742,
                              "Actual Rows": 116409,
                              "Actual Loops": 4,
                              "Recheck Cond": "(info_type_id > 103)",
                              "Rows Removed by Index Recheck": 0,
                              "Exact Heap Blocks": 1667,
                              "Lossy Heap Blocks": 0,
                              "Plans": [
                                {
                                  "Node Type": "Bitmap Index Scan",
                                  "Parent Relationship": "Outer",
                                  "Parallel Aware": false,
                                  "Index Name": "info_type_id_movie_info",
                                  "Startup Cost": 0.0,
                                  "Total Cost": 8088.14,
                                  "Plan Rows": 453827,
                                  "Plan Width": 0,
                                  "Actual Startup Time": 15.23,
                                  "Actual Total Time": 15.23,
                                  "Actual Rows": 465636,
                                  "Actual Loops": 1,
                                  "Index Cond": "(info_type_id > 103)"
                                }
                              ]
                            },
                            {
                              "Node Type": "Hash",
                              "Parent Relationship": "Inner",
                              "Parallel Aware": true,
                              "Startup Cost": 42319.06,
                              "Total Cost": 42319.06,
                              "Plan Rows": 632106,
                              "Plan Width": 4,
                              "Actual Startup Time": 347.335,
                              "Actual Total Time": 347.336,
                              "Actual Rows": 632078,
                              "Actual Loops": 4,
                              "Hash Buckets": 4194304,
                              "Original Hash Buckets": 4194304,
                              "Hash Batches": 1,
                              "Original Hash Batches": 1,
                              "Peak Memory Usage": 131712,
                              "Plans": [
                                {
                                  "Node Type": "Seq Scan",
                                  "Parent Relationship": "Outer",
                                  "Parallel Aware": true,
                                  "Relation Name": "title",
                                  "Alias": "t",
                                  "Startup Cost": 0.0,
                                  "Total Cost": 42319.06,
                                  "Plan Rows": 632106,
                                  "Plan Width": 4,
                                  "Actual Startup Time": 0.055,
                                  "Actual Total Time": 102.166,
                                  "Actual Rows": 632078,
                                  "Actual Loops": 4
                                }
                              ]
                            }
                          ]
                        }
                      ]
                    }
                  ]
                }
              ]
            }
          ]
        }
      ]
    },
    "Planning Time": 0.917,
    "Triggers": [],
    "Execution Time": 982.248
  }
]