[
  {
    "Plan": {
      "Node Type": "Aggregate",
      "Strategy": "Plain",
      "Partial Mode": "Finalize",
      "Parallel Aware": false,
      "Startup Cost": 209476.28,
      "Total Cost": 209476.29,
      "Plan Rows": 1,
      "Plan Width": 8,
      "Actual Startup Time": 2412.284,
      "Actual Total Time": 2482.359,
      "Actual Rows": 1,
      "Actual Loops": 1,
      "Plans": [
        {
          "Node Type": "Gather",
          "Parent Relationship": "Outer",
          "Parallel Aware": false,
          "Startup Cost": 209475.97,
          "Total Cost": 209476.28,
          "Plan Rows": 3,
          "Plan Width": 8,
          "Actual Startup Time": 2405.893,
          "Actual Total Time": 2482.351,
          "Actual Rows": 4,
          "Actual Loops": 1,
          "Workers Planned": 3,
          "Workers Launched": 3,
          "Single Copy": false,
          "Plans": [
            {
              "Node Type": "Aggregate",
              "Strategy": "Plain",
              "Partial Mode": "Partial",
              "Parent Relationship": "Outer",
              "Parallel Aware": false,
              "Startup Cost": 208475.97,
              "Total Cost": 208475.98,
              "Plan Rows": 1,
              "Plan Width": 8,
              "Actual Startup Time": 2384.186,
              "Actual Total Time": 2384.19,
              "Actual Rows": 1,
              "Actual Loops": 4,
              "Plans": [
                {
                  "Node Type": "Nested Loop",
                  "Parent Relationship": "Outer",
                  "Parallel Aware": false,
                  "Join Type": "Inner",
                  "Startup Cost": 54039.36,
                  "Total Cost": 206396.37,
                  "Plan Rows": 831838,
                  "Plan Width": 0,
                  "Actual Startup Time": 371.424,
                  "Actual Total Time": 2273.928,
                  "Actual Rows": 2263809,
                  "Actual Loops": 4,
                  "Inner Unique": false,
                  "Plans": [
                    {
                      "Node Type": "Hash Join",
                      "Parent Relationship": "Outer",
                      "Parallel Aware": true,
                      "Join Type": "Inner",
                      "Startup Cost": 54038.79,
                      "Total Cost": 79370.84,
                      "Plan Rows": 58053,
                      "Plan Width": 8,
                      "Actual Startup Time": 371.307,
                      "Actual Total Time": 428.442,
                      "Actual Rows": 43310,
                      "Actual Loops": 4,
                      "Inner Unique": true,
                      "Hash Cond": "(mk.movie_id = t.id)",
                      "Plans": [
                        {
                          "Node Type": "Bitmap Heap Scan",
                          "Parent Relationship": "Outer",
                          "Parallel Aware": true,
                          "Relation Name": "movie_keyword",
                          "Alias": "mk",
                          "Startup Cost": 3819.15,
                          "Total Cost": 28998.8,
                          "Plan Rows": 58053,
                          "Plan Width": 4,
                          "Actual Startup Time": 13.006,
                          "Actual Total Time": 44.657,
                          "Actual Rows": 43310,
                          "Actual Loops": 4,
                          "Recheck Cond": "(keyword_id > 71992)",
                          "Rows Removed by Index Recheck": 0,
                          "Exact Heap Blocks": 5956,
                          "Lossy Heap Blocks": 0,
                          "Plans": [
                            {
                              "Node Type": "Bitmap Index Scan",
                              "Parent Relationship": "Outer",
                              "Parallel Aware": false,
                              "Index Name": "keyword_id_movie_keyword",
                              "Startup Cost": 0.0,
                              "Total Cost": 3774.15,
                              "Plan Rows": 179963,
                              "Plan Width": 0,
                              "Actual Startup Time": 10.052,
                              "Actual Total Time": 10.052,
                              "Actual Rows": 173240,
                              "Actual Loops": 1,
                              "Index Cond": "(keyword_id > 71992)"
                            }
                          ]
                        },
                        {
                          "Node Type": "Hash",
                          "Parent Relationship": "Inner",
                          "Parallel Aware": true,
                          "Startup Cost": 42318.73,
                          "Total Cost": 42318.73,
                          "Plan Rows": 632073,
                          "Plan Width": 4,
                          "Actual Startup Time": 347.108,
                          "Actual Total Time": 347.108,
                          "Actual Rows": 632078,
                          "Actual Loops": 4,
                          "Hash Buckets": 4194304,
                          "Original Hash Buckets": 4194304,
                          "Hash Batches": 1,
                          "Original Hash Batches": 1,
                          "Peak Memory Usage": 131744,
                          "Plans": [
                            {
                              "Node Type": "Seq Scan",
                              "Parent Relationship": "Outer",
                              "Parallel Aware": true,
                              "Relation Name": "title",
                              "Alias": "t",
                              "Startup Cost": 0.0,
                              "Total Cost": 42318.73,
                              "Plan Rows": 632073,
                              "Plan Width": 4,
                              "Actual Startup Time": 0.042,
                              "Actual Total Time": 101.337,
                              "Actual Rows": 632078,
                              "Actual Loops": 4
                            }
                          ]
                        }
                      ]
                    },
                    {
                      "Node Type": "Index Only Scan",
                      "Parent Relationship": "Inner",
                      "Parallel Aware": false,
                      "Scan Direction": "Forward",
                      "Index Name": "movie_id_cast_info",
                      "Relation Name": "cast_info",
                      "Alias": "ci",
                      "Startup Cost": 0.56,
                      "Total Cost": 1.82,
                      "Plan Rows": 37,
                      "Plan Width": 4,
                      "Actual Startup Time": 0.005,
                      "Actual Total Time": 0.039,
                      "Actual Rows": 52,
                      "Actual Loops": 173240,
                      "Index Cond": "(movie_id = t.id)",
                      "Rows Removed by Index Recheck": 0,
                      "Heap Fetches": 9055236
                    }
                  ]
                }
              ]
            }
          ]
        }
      ]
    },
    "Planning Time": 1.357,
    "Triggers": [],
    "Execution Time": 2482.513
  }
]