[
  {
    "Plan": {
      "Node Type": "Aggregate",
      "Strategy": "Plain",
      "Partial Mode": "Finalize",
      "Parallel Aware": false,
      "Startup Cost": 45846.82,
      "Total Cost": 45846.83,
      "Plan Rows": 1,
      "Plan Width": 8,
      "Actual Startup Time": 147.859,
      "Actual Total Time": 158.43,
      "Actual Rows": 1,
      "Actual Loops": 1,
      "Plans": [
        {
          "Node Type": "Gather",
          "Parent Relationship": "Outer",
          "Parallel Aware": false,
          "Startup Cost": 45846.51,
          "Total Cost": 45846.82,
          "Plan Rows": 3,
          "Plan Width": 8,
          "Actual Startup Time": 147.733,
          "Actual Total Time": 158.421,
          "Actual Rows": 4,
          "Actual Loops": 1,
          "Workers Planned": 3,
          "Workers Launched": 3,
          "Single Copy": false,
          "Plans": [
            {
              "Node Type": "Aggregate",
              "Strategy": "Plain",
              "Partial Mode": "Partial",
              "Parent Relationship": "Outer",
              "Parallel Aware": false,
              "Startup Cost": 44846.51,
              "Total Cost": 44846.52,
              "Plan Rows": 1,
              "Plan Width": 8,
              "Actual Startup Time": 144.144,
              "Actual Total Time": 144.146,
              "Actual Rows": 1,
              "Actual Loops": 4,
              "Plans": [
                {
                  "Node Type": "Seq Scan",
                  "Parent Relationship": "Outer",
                  "Parallel Aware": true,
                  "Relation Name": "movie_keyword",
                  "Alias": "mk",
                  "Startup Cost": 0.0,
                  "Total Cost": 42695.65,
                  "Plan Rows": 860341,
                  "Plan Width": 0,
                  "Actual Startup Time": 0.219,
                  "Actual Total Time": 113.791,
                  "Actual Rows": 665665,
                  "Actual Loops": 4,
                  "Filter": "(keyword_id > 3119)",
                  "Rows Removed by Filter": 465318
                }
              ]
            }
          ]
        }
      ]
    },
    "Planning Time": 0.102,
    "Triggers": [],
    "Execution Time": 158.469
  }
]