[
  {
    "Plan": {
      "Node Type": "Aggregate",
      "Strategy": "Plain",
      "Partial Mode": "Finalize",
      "Parallel Aware": false,
      "Startup Cost": 45849.09,
      "Total Cost": 45849.1,
      "Plan Rows": 1,
      "Plan Width": 8,
      "Actual Startup Time": 200.07,
      "Actual Total Time": 211.591,
      "Actual Rows": 1,
      "Actual Loops": 1,
      "Plans": [
        {
          "Node Type": "Gather",
          "Parent Relationship": "Outer",
          "Parallel Aware": false,
          "Startup Cost": 45848.77,
          "Total Cost": 45849.08,
          "Plan Rows": 3,
          "Plan Width": 8,
          "Actual Startup Time": 199.96,
          "Actual Total Time": 211.581,
          "Actual Rows": 4,
          "Actual Loops": 1,
          "Workers Planned": 3,
          "Workers Launched": 3,
          "Single Copy": false,
          "Plans": [
            {
              "Node Type": "Aggregate",
              "Strategy": "Plain",
              "Partial Mode": "Partial",
              "Parent Relationship": "Outer",
              "Parallel Aware": false,
              "Startup Cost": 44848.77,
              "Total Cost": 44848.78,
              "Plan Rows": 1,
              "Plan Width": 8,
              "Actual Startup Time": 192.06,
              "Actual Total Time": 192.061,
              "Actual Rows": 1,
              "Actual Loops": 4,
              "Plans": [
                {
                  "Node Type": "Seq Scan",
                  "Parent Relationship": "Outer",
                  "Parallel Aware": true,
                  "Relation Name": "movie_keyword",
                  "Alias": "mk",
                  "Startup Cost": 0.0,
                  "Total Cost": 42695.65,
                  "Plan Rows": 861248,
                  "Plan Width": 0,
                  "Actual Startup Time": 0.37,
                  "Actual Total Time": 150.598,
                  "Actual Rows": 665665,
                  "Actual Loops": 4,
                  "Filter": "(keyword_id > 3119)",
                  "Rows Removed by Filter": 465318
                }
              ]
            }
          ]
        }
      ]
    },
    "Planning Time": 0.179,
    "Triggers": [],
    "Execution Time": 211.653
  }
]