[
  {
    "Plan": {
      "Node Type": "Aggregate",
      "Strategy": "Plain",
      "Partial Mode": "Finalize",
      "Parallel Aware": false,
      "Startup Cost": 46251.53,
      "Total Cost": 46251.54,
      "Plan Rows": 1,
      "Plan Width": 8,
      "Actual Startup Time": 143.485,
      "Actual Total Time": 153.111,
      "Actual Rows": 1,
      "Actual Loops": 1,
      "Plans": [
        {
          "Node Type": "Gather",
          "Parent Relationship": "Outer",
          "Parallel Aware": false,
          "Startup Cost": 46251.21,
          "Total Cost": 46251.52,
          "Plan Rows": 3,
          "Plan Width": 8,
          "Actual Startup Time": 143.354,
          "Actual Total Time": 153.104,
          "Actual Rows": 4,
          "Actual Loops": 1,
          "Workers Planned": 3,
          "Workers Launched": 3,
          "Single Copy": false,
          "Plans": [
            {
              "Node Type": "Aggregate",
              "Strategy": "Plain",
              "Partial Mode": "Partial",
              "Parent Relationship": "Outer",
              "Parallel Aware": false,
              "Startup Cost": 45251.21,
              "Total Cost": 45251.22,
              "Plan Rows": 1,
              "Plan Width": 8,
              "Actual Startup Time": 140.027,
              "Actual Total Time": 140.028,
              "Actual Rows": 1,
              "Actual Loops": 4,
              "Plans": [
                {
                  "Node Type": "Seq Scan",
                  "Parent Relationship": "Outer",
                  "Parallel Aware": true,
                  "Relation Name": "movie_keyword",
                  "Alias": "mk",
                  "Startup Cost": 0.0,
                  "Total Cost": 42695.65,
                  "Plan Rows": 1022222,
                  "Plan Width": 0,
                  "Actual Startup Time": 0.028,
                  "Actual Total Time": 107.771,
                  "Actual Rows": 792773,
                  "Actual Loops": 4,
                  "Filter": "(keyword_id < 12482)",
                  "Rows Removed by Filter": 338210
                }
              ]
            }
          ]
        }
      ]
    },
    "Planning Time": 0.121,
    "Triggers": [],
    "Execution Time": 153.149
  }
]