[
  {
    "Plan": {
      "Node Type": "Aggregate",
      "Strategy": "Plain",
      "Partial Mode": "Finalize",
      "Parallel Aware": false,
      "Startup Cost": 379931.57,
      "Total Cost": 379931.58,
      "Plan Rows": 1,
      "Plan Width": 8,
      "Actual Startup Time": 3548.249,
      "Actual Total Time": 3658.904,
      "Actual Rows": 1,
      "Actual Loops": 1,
      "Plans": [
        {
          "Node Type": "Gather",
          "Parent Relationship": "Outer",
          "Parallel Aware": false,
          "Startup Cost": 379931.04,
          "Total Cost": 379931.55,
          "Plan Rows": 5,
          "Plan Width": 8,
          "Actual Startup Time": 3547.871,
          "Actual Total Time": 3658.895,
          "Actual Rows": 6,
          "Actual Loops": 1,
          "Workers Planned": 5,
          "Workers Launched": 5,
          "Single Copy": false,
          "Plans": [
            {
              "Node Type": "Aggregate",
              "Strategy": "Plain",
              "Partial Mode": "Partial",
              "Parent Relationship": "Outer",
              "Parallel Aware": false,
              "Startup Cost": 378931.04,
              "Total Cost": 378931.05,
              "Plan Rows": 1,
              "Plan Width": 8,
              "Actual Startup Time": 3536.594,
              "Actual Total Time": 3536.597,
              "Actual Rows": 1,
              "Actual Loops": 6,
              "Plans": [
                {
                  "Node Type": "Nested Loop",
                  "Parent Relationship": "Outer",
                  "Parallel Aware": false,
                  "Join Type": "Inner",
                  "Startup Cost": 45676.91,
                  "Total Cost": 376286.71,
                  "Plan Rows": 1057732,
                  "Plan Width": 0,
                  "Actual Startup Time": 89.486,
                  "Actual Total Time": 3403.419,
                  "Actual Rows": 2565797,
                  "Actual Loops": 6,
                  "Inner Unique": false,
                  "Join Filter": "(t.id = ci.movie_id)",
                  "Rows Removed by Join Filter": 0,
                  "Plans": [
                    {
                      "Node Type": "Hash Join",
                      "Parent Relationship": "Outer",
                      "Parallel Aware": true,
                      "Join Type": "Inner",
                      "Startup Cost": 45676.35,
                      "Total Cost": 244998.11,
                      "Plan Rows": 73817,
                      "Plan Width": 8,
                      "Actual Startup Time": 89.375,
                      "Actual Total Time": 733.374,
                      "Actual Rows": 85280,
                      "Actual Loops": 6,
                      "Inner Unique": true,
                      "Hash Cond": "(mi.movie_id = t.id)",
                      "Plans": [
                        {
                          "Node Type": "Seq Scan",
                          "Parent Relationship": "Outer",
                          "Parallel Aware": true,
                          "Relation Name": "movie_info",
                          "Alias": "mi",
                          "Startup Cost": 0.0,
                          "Total Cost": 191560.33,
                          "Plan Rows": 2956733,
                          "Plan Width": 4,
                          "Actual Startup Time": 0.025,
                          "Actual Total Time": 298.054,
                          "Actual Rows": 2472620,
                          "Actual Loops": 6
                        },
                        {
                          "Node Type": "Hash",
                          "Parent Relationship": "Inner",
                          "Parallel Aware": true,
                          "Startup Cost": 45479.1,
                          "Total Cost": 45479.1,
                          "Plan Rows": 15780,
                          "Plan Width": 4,
                          "Actual Startup Time": 87.747,
                          "Actual Total Time": 87.748,
                          "Actual Rows": 8984,
                          "Actual Loops": 6,
                          "Hash Buckets": 65536,
                          "Original Hash Buckets": 65536,
                          "Hash Batches": 1,
                          "Original Hash Batches": 1,
                          "Peak Memory Usage": 2688,
                          "Plans": [
                            {
                              "Node Type": "Seq Scan",
                              "Parent Relationship": "Outer",
                              "Parallel Aware": true,
                              "Relation Name": "title",
                              "Alias": "t",
                              "Startup Cost": 0.0,
                              "Total Cost": 45479.1,
                              "Plan Rows": 15780,
                              "Plan Width": 4,
                              "Actual Startup Time": 0.174,
                              "Actual Total Time": 83.782,
                              "Actual Rows": 8984,
                              "Actual Loops": 6,
                              "Filter": "((kind_id < 7) AND (production_year = 2012))",
                              "Rows Removed by Filter": 412401
                            }
                          ]
                        }
                      ]
                    },
                    {
                      "Node Type": "Index Only Scan",
                      "Parent Relationship": "Inner",
                      "Parallel Aware": false,
                      "Scan Direction": "Forward",
                      "Index Name": "movie_id_cast_info",
                      "Relation Name": "cast_info",
                      "Alias": "ci",
                      "Startup Cost": 0.56,
                      "Total Cost": 1.32,
                      "Plan Rows": 37,
                      "Plan Width": 4,
                      "Actual Startup Time": 0.006,
                      "Actual Total Time": 0.028,
                      "Actual Rows": 30,
                      "Actual Loops": 511682,
                      "Index Cond": "(movie_id = mi.movie_id)",
                      "Rows Removed by Index Recheck": 0,
                      "Heap Fetches": 15394782
                    }
                  ]
                }
              ]
            }
          ]
        }
      ]
    },
    "Planning Time": 1.394,
    "Triggers": [],
    "Execution Time": 3659.016
  }
]