[
  {
    "Plan": {
      "Node Type": "Aggregate",
      "Strategy": "Plain",
      "Partial Mode": "Finalize",
      "Parallel Aware": false,
      "Startup Cost": 275698.33,
      "Total Cost": 275698.34,
      "Plan Rows": 1,
      "Plan Width": 8,
      "Actual Startup Time": 214.812,
      "Actual Total Time": 253.857,
      "Actual Rows": 1,
      "Actual Loops": 1,
      "Plans": [
        {
          "Node Type": "Gather",
          "Parent Relationship": "Outer",
          "Parallel Aware": false,
          "Startup Cost": 275697.91,
          "Total Cost": 275698.32,
          "Plan Rows": 4,
          "Plan Width": 8,
          "Actual Startup Time": 214.673,
          "Actual Total Time": 253.849,
          "Actual Rows": 5,
          "Actual Loops": 1,
          "Workers Planned": 4,
          "Workers Launched": 4,
          "Single Copy": false,
          "Plans": [
            {
              "Node Type": "Aggregate",
              "Strategy": "Plain",
              "Partial Mode": "Partial",
              "Parent Relationship": "Outer",
              "Parallel Aware": false,
              "Startup Cost": 274697.91,
              "Total Cost": 274697.92,
              "Plan Rows": 1,
              "Plan Width": 8,
              "Actual Startup Time": 205.548,
              "Actual Total Time": 205.549,
              "Actual Rows": 1,
              "Actual Loops": 5,
              "Plans": [
                {
                  "Node Type": "Nested Loop",
                  "Parent Relationship": "Outer",
                  "Parallel Aware": false,
                  "Join Type": "Inner",
                  "Startup Cost": 0.56,
                  "Total Cost": 274607.04,
                  "Plan Rows": 36346,
                  "Plan Width": 0,
                  "Actual Startup Time": 1.096,
                  "Actual Total Time": 202.618,
                  "Actual Rows": 34080,
                  "Actual Loops": 5,
                  "Inner Unique": false,
                  "Plans": [
                    {
                      "Node Type": "Seq Scan",
                      "Parent Relationship": "Outer",
                      "Parallel Aware": true,
                      "Relation Name": "title",
                      "Alias": "t",
                      "Startup Cost": 0.0,
                      "Total Cost": 45479.1,
                      "Plan Rows": 2536,
                      "Plan Width": 4,
                      "Actual Startup Time": 0.7,
                      "Actual Total Time": 66.372,
                      "Actual Rows": 2106,
                      "Actual Loops": 5,
                      "Filter": "((kind_id < 7) AND (production_year = 1993))",
                      "Rows Removed by Filter": 503557
                    },
                    {
                      "Node Type": "Index Only Scan",
                      "Parent Relationship": "Inner",
                      "Parallel Aware": false,
                      "Scan Direction": "Forward",
                      "Index Name": "movie_id_cast_info",
                      "Relation Name": "cast_info",
                      "Alias": "ci",
                      "Startup Cost": 0.56,
                      "Total Cost": 89.98,
                      "Plan Rows": 37,
                      "Plan Width": 4,
                      "Actual Startup Time": 0.012,
                      "Actual Total Time": 0.063,
                      "Actual Rows": 16,
                      "Actual Loops": 10528,
                      "Index Cond": "(movie_id = t.id)",
                      "Rows Removed by Index Recheck": 0,
                      "Heap Fetches": 170401
                    }
                  ]
                }
              ]
            }
          ]
        }
      ]
    },
    "Planning Time": 0.584,
    "Triggers": [],
    "Execution Time": 253.941
  }
]