[
  {
    "Plan": {
      "Node Type": "Aggregate",
      "Strategy": "Plain",
      "Partial Mode": "Finalize",
      "Parallel Aware": false,
      "Startup Cost": 251664.26,
      "Total Cost": 251664.27,
      "Plan Rows": 1,
      "Plan Width": 8,
      "Actual Startup Time": 1285.349,
      "Actual Total Time": 1328.795,
      "Actual Rows": 1,
      "Actual Loops": 1,
      "Plans": [
        {
          "Node Type": "Gather",
          "Parent Relationship": "Outer",
          "Parallel Aware": false,
          "Startup Cost": 251663.74,
          "Total Cost": 251664.25,
          "Plan Rows": 5,
          "Plan Width": 8,
          "Actual Startup Time": 1279.366,
          "Actual Total Time": 1328.778,
          "Actual Rows": 6,
          "Actual Loops": 1,
          "Workers Planned": 5,
          "Workers Launched": 5,
          "Single Copy": false,
          "Plans": [
            {
              "Node Type": "Aggregate",
              "Strategy": "Plain",
              "Partial Mode": "Partial",
              "Parent Relationship": "Outer",
              "Parallel Aware": false,
              "Startup Cost": 250663.74,
              "Total Cost": 250663.75,
              "Plan Rows": 1,
              "Plan Width": 8,
              "Actual Startup Time": 1269.343,
              "Actual Total Time": 1269.346,
              "Actual Rows": 1,
              "Actual Loops": 6,
              "Plans": [
                {
                  "Node Type": "Hash Join",
                  "Parent Relationship": "Outer",
                  "Parallel Aware": true,
                  "Join Type": "Inner",
                  "Startup Cost": 48420.99,
                  "Total Cost": 247900.39,
                  "Plan Rows": 1105340,
                  "Plan Width": 0,
                  "Actual Startup Time": 169.051,
                  "Actual Total Time": 1184.939,
                  "Actual Rows": 1731189,
                  "Actual Loops": 6,
                  "Inner Unique": true,
                  "Hash Cond": "(mi.movie_id = t.id)",
                  "Plans": [
                    {
                      "Node Type": "Seq Scan",
                      "Parent Relationship": "Outer",
                      "Parallel Aware": true,
                      "Relation Name": "movie_info",
                      "Alias": "mi",
                      "Startup Cost": 0.0,
                      "Total Cost": 191685.19,
                      "Plan Rows": 2969219,
                      "Plan Width": 4,
                      "Actual Startup Time": 0.036,
                      "Actual Total Time": 320.948,
                      "Actual Rows": 2472620,
                      "Actual Loops": 6
                    },
                    {
                      "Node Type": "Hash",
                      "Parent Relationship": "Inner",
                      "Parallel Aware": true,
                      "Startup Cost": 45479.59,
                      "Total Cost": 45479.59,
                      "Plan Rows": 235312,
                      "Plan Width": 4,
                      "Actual Startup Time": 163.15,
                      "Actual Total Time": 163.151,
                      "Actual Rows": 155826,
                      "Actual Loops": 6,
                      "Hash Buckets": 1048576,
                      "Original Hash Buckets": 1048576,
                      "Hash Batches": 1,
                      "Original Hash Batches": 1,
                      "Peak Memory Usage": 44864,
                      "Plans": [
                        {
                          "Node Type": "Seq Scan",
                          "Parent Relationship": "Outer",
                          "Parallel Aware": true,
                          "Relation Name": "title",
                          "Alias": "t",
                          "Startup Cost": 0.0,
                          "Total Cost": 45479.59,
                          "Plan Rows": 235312,
                          "Plan Width": 4,
                          "Actual Startup Time": 0.043,
                          "Actual Total Time": 91.42,
                          "Actual Rows": 155826,
                          "Actual Loops": 6,
                          "Filter": "((kind_id < 7) AND (production_year > 1912))",
                          "Rows Removed by Filter": 265559
                        }
                      ]
                    }
                  ]
                }
              ]
            }
          ]
        }
      ]
    },
    "Planning Time": 0.526,
    "Triggers": [],
    "Execution Time": 1328.865
  }
]