{
  "Plan": {
    "Node Type": "Aggregate",
    "Strategy": "Plain",
    "Partial Mode": "Finalize",
    "Parallel Aware": false,
    "Startup Cost": 86594.88,
    "Total Cost": 86594.89,
    "Plan Rows": 1,
    "Plan Width": 8,
    "Actual Startup Time": 386.001,
    "Actual Total Time": 397.754,
    "Actual Rows": 1,
    "Actual Loops": 1,
    "Plans": [
      {
        "Node Type": "Gather",
        "Parent Relationship": "Outer",
        "Parallel Aware": false,
        "Startup Cost": 86594.76,
        "Total Cost": 86594.87,
        "Plan Rows": 1,
        "Plan Width": 8,
        "Actual Startup Time": 385.813,
        "Actual Total Time": 397.744,
        "Actual Rows": 2,
        "Actual Loops": 1,
        "Workers Planned": 1,
        "Workers Launched": 1,
        "Single Copy": false,
        "Plans": [
          {
            "Node Type": "Aggregate",
            "Strategy": "Plain",
            "Partial Mode": "Partial",
            "Parent Relationship": "Outer",
            "Parallel Aware": false,
            "Startup Cost": 85594.76,
            "Total Cost": 85594.77,
            "Plan Rows": 1,
            "Plan Width": 8,
            "Actual Startup Time": 379.419,
            "Actual Total Time": 379.428,
            "Actual Rows": 1,
            "Actual Loops": 2,
            "Plans": [
              {
                "Node Type": "Hash Join",
                "Parent Relationship": "Outer",
                "Parallel Aware": true,
                "Join Type": "Inner",
                "Startup Cost": 24519.46,
                "Total Cost": 85585.61,
                "Plan Rows": 3662,
                "Plan Width": 0,
                "Actual Startup Time": 93.448,
                "Actual Total Time": 379.386,
                "Actual Rows": 274,
                "Actual Loops": 2,
                "Inner Unique": false,
                "Hash Cond": "(mk.movie_id = t.id)",
                "Plans": [
                  {
                    "Node Type": "Seq Scan",
                    "Parent Relationship": "Outer",
                    "Parallel Aware": true,
                    "Relation Name": "movie_keyword",
                    "Alias": "mk",
                    "Startup Cost": 0.0,
                    "Total Cost": 51065.35,
                    "Plan Rows": 2661135,
                    "Plan Width": 4,
                    "Actual Startup Time": 0.019,
                    "Actual Total Time": 180.608,
                    "Actual Rows": 2261965,
                    "Actual Loops": 2
                  },
                  {
                    "Node Type": "Hash",
                    "Parent Relationship": "Inner",
                    "Parallel Aware": true,
                    "Startup Cost": 24493.88,
                    "Total Cost": 24493.88,
                    "Plan Rows": 2046,
                    "Plan Width": 8,
                    "Actual Startup Time": 20.816,
                    "Actual Total Time": 20.822,
                    "Actual Rows": 1522,
                    "Actual Loops": 2,
                    "Hash Buckets": 4096,
                    "Original Hash Buckets": 4096,
                    "Hash Batches": 1,
                    "Original Hash Batches": 1,
                    "Peak Memory Usage": 192,
                    "Plans": [
                      {
                        "Node Type": "Nested Loop",
                        "Parent Relationship": "Outer",
                        "Parallel Aware": false,
                        "Join Type": "Inner",
                        "Startup Cost": 79.82,
                        "Total Cost": 24493.88,
                        "Plan Rows": 2046,
                        "Plan Width": 8,
                        "Actual Startup Time": 1.314,
                        "Actual Total Time": 19.899,
                        "Actual Rows": 1522,
                        "Actual Loops": 2,
                        "Inner Unique": true,
                        "Plans": [
                          {
                            "Node Type": "Bitmap Heap Scan",
                            "Parent Relationship": "Outer",
                            "Parallel Aware": true,
                            "Relation Name": "movie_companies",
                            "Alias": "mc",
                            "Startup Cost": 79.39,
                            "Total Cost": 8911.08,
                            "Plan Rows": 2046,
                            "Plan Width": 4,
                            "Actual Startup Time": 1.157,
                            "Actual Total Time": 5.411,
                            "Actual Rows": 1522,
                            "Actual Loops": 2,
                            "Recheck Cond": "(company_id = 11156)",
                            "Rows Removed by Index Recheck": 0,
                            "Exact Heap Blocks": 1590,
                            "Lossy Heap Blocks": 0,
                            "Plans": [
                              {
                                "Node Type": "Bitmap Index Scan",
                                "Parent Relationship": "Outer",
                                "Parallel Aware": false,
                                "Index Name": "company_id_movie_companies",
                                "Startup Cost": 0.0,
                                "Total Cost": 78.52,
                                "Plan Rows": 3479,
                                "Plan Width": 0,
                                "Actual Startup Time": 1.408,
                                "Actual Total Time": 1.409,
                                "Actual Rows": 3044,
                                "Actual Loops": 1,
                                "Index Cond": "(company_id = 11156)"
                              }
                            ]
                          },
                          {
                            "Node Type": "Index Only Scan",
                            "Parent Relationship": "Inner",
                            "Parallel Aware": false,
                            "Scan Direction": "Forward",
                            "Index Name": "title_pkey",
                            "Relation Name": "title",
                            "Alias": "t",
                            "Startup Cost": 0.43,
                            "Total Cost": 7.62,
                            "Plan Rows": 1,
                            "Plan Width": 4,
                            "Actual Startup Time": 0.009,
                            "Actual Total Time": 0.009,
                            "Actual Rows": 1,
                            "Actual Loops": 3044,
                            "Index Cond": "(id = mc.movie_id)",
                            "Rows Removed by Index Recheck": 0,
                            "Heap Fetches": 3044
                          }
                        ]
                      }
                    ]
                  }
                ]
              }
            ]
          }
        ]
      }
    ]
  },
  "Planning Time": 1.035,
  "Triggers": [],
  "Execution Time": 397.857
}