[
  {
    "Plan": {
      "Node Type": "Aggregate",
      "Strategy": "Plain",
      "Partial Mode": "Finalize",
      "Parallel Aware": false,
      "Startup Cost": 187835.29,
      "Total Cost": 187835.3,
      "Plan Rows": 1,
      "Plan Width": 8,
      "Actual Startup Time": 180.451,
      "Actual Total Time": 190.752,
      "Actual Rows": 1,
      "Actual Loops": 1,
      "Plans": [
        {
          "Node Type": "Gather",
          "Parent Relationship": "Outer",
          "Parallel Aware": false,
          "Startup Cost": 187834.77,
          "Total Cost": 187835.28,
          "Plan Rows": 5,
          "Plan Width": 8,
          "Actual Startup Time": 179.287,
          "Actual Total Time": 190.741,
          "Actual Rows": 6,
          "Actual Loops": 1,
          "Workers Planned": 5,
          "Workers Launched": 5,
          "Single Copy": false,
          "Plans": [
            {
              "Node Type": "Aggregate",
              "Strategy": "Plain",
              "Partial Mode": "Partial",
              "Parent Relationship": "Outer",
              "Parallel Aware": false,
              "Startup Cost": 186834.77,
              "Total Cost": 186834.78,
              "Plan Rows": 1,
              "Plan Width": 8,
              "Actual Startup Time": 168.173,
              "Actual Total Time": 168.176,
              "Actual Rows": 1,
              "Actual Loops": 6,
              "Plans": [
                {
                  "Node Type": "Bitmap Heap Scan",
                  "Parent Relationship": "Outer",
                  "Parallel Aware": true,
                  "Relation Name": "movie_info",
                  "Alias": "mi",
                  "Startup Cost": 21305.03,
                  "Total Cost": 186245.31,
                  "Plan Rows": 235783,
                  "Plan Width": 0,
                  "Actual Startup Time": 64.567,
                  "Actual Total Time": 155.038,
                  "Actual Rows": 195438,
                  "Actual Loops": 6,
                  "Recheck Cond": "(info_type_id > 45)",
                  "Rows Removed by Index Recheck": 0,
                  "Exact Heap Blocks": 11412,
                  "Lossy Heap Blocks": 0,
                  "Plans": [
                    {
                      "Node Type": "Bitmap Index Scan",
                      "Parent Relationship": "Outer",
                      "Parallel Aware": false,
                      "Index Name": "info_type_id_movie_info",
                      "Startup Cost": 0.0,
                      "Total Cost": 21010.3,
                      "Plan Rows": 1178915,
                      "Plan Width": 0,
                      "Actual Startup Time": 69.561,
                      "Actual Total Time": 69.562,
                      "Actual Rows": 1172630,
                      "Actual Loops": 1,
                      "Index Cond": "(info_type_id > 45)"
                    }
                  ]
                }
              ]
            }
          ]
        }
      ]
    },
    "Planning Time": 0.114,
    "Triggers": [],
    "Execution Time": 190.806
  }
]