[
  {
    "Plan": {
      "Node Type": "Aggregate",
      "Strategy": "Plain",
      "Partial Mode": "Finalize",
      "Parallel Aware": false,
      "Startup Cost": 222502.86,
      "Total Cost": 222502.87,
      "Plan Rows": 1,
      "Plan Width": 8,
      "Actual Startup Time": 168.967,
      "Actual Total Time": 184.595,
      "Actual Rows": 1,
      "Actual Loops": 1,
      "Plans": [
        {
          "Node Type": "Gather",
          "Parent Relationship": "Outer",
          "Parallel Aware": false,
          "Startup Cost": 222502.33,
          "Total Cost": 222502.84,
          "Plan Rows": 5,
          "Plan Width": 8,
          "Actual Startup Time": 165.331,
          "Actual Total Time": 184.584,
          "Actual Rows": 6,
          "Actual Loops": 1,
          "Workers Planned": 5,
          "Workers Launched": 5,
          "Single Copy": false,
          "Plans": [
            {
              "Node Type": "Aggregate",
              "Strategy": "Plain",
              "Partial Mode": "Partial",
              "Parent Relationship": "Outer",
              "Parallel Aware": false,
              "Startup Cost": 221502.33,
              "Total Cost": 221502.34,
              "Plan Rows": 1,
              "Plan Width": 8,
              "Actual Startup Time": 154.766,
              "Actual Total Time": 154.77,
              "Actual Rows": 1,
              "Actual Loops": 6,
              "Plans": [
                {
                  "Node Type": "Hash Join",
                  "Parent Relationship": "Outer",
                  "Parallel Aware": true,
                  "Join Type": "Inner",
                  "Startup Cost": 50396.58,
                  "Total Cost": 221485.83,
                  "Plan Rows": 6603,
                  "Plan Width": 0,
                  "Actual Startup Time": 134.09,
                  "Actual Total Time": 153.9,
                  "Actual Rows": 14065,
                  "Actual Loops": 6,
                  "Inner Unique": true,
                  "Hash Cond": "(mi.movie_id = t.id)",
                  "Plans": [
                    {
                      "Node Type": "Bitmap Heap Scan",
                      "Parent Relationship": "Outer",
                      "Parallel Aware": true,
                      "Relation Name": "movie_info",
                      "Alias": "mi",
                      "Startup Cost": 3607.36,
                      "Total Cost": 174592.08,
                      "Plan Rows": 39817,
                      "Plan Width": 4,
                      "Actual Startup Time": 11.522,
                      "Actual Total Time": 23.421,
                      "Actual Rows": 30019,
                      "Actual Loops": 6,
                      "Recheck Cond": "(info_type_id = 13)",
                      "Rows Removed by Index Recheck": 0,
                      "Exact Heap Blocks": 1647,
                      "Lossy Heap Blocks": 0,
                      "Plans": [
                        {
                          "Node Type": "Bitmap Index Scan",
                          "Parent Relationship": "Outer",
                          "Parallel Aware": false,
                          "Index Name": "info_type_id_movie_info",
                          "Startup Cost": 0.0,
                          "Total Cost": 3557.59,
                          "Plan Rows": 199087,
                          "Plan Width": 0,
                          "Actual Startup Time": 10.705,
                          "Actual Total Time": 10.705,
                          "Actual Rows": 180112,
                          "Actual Loops": 1,
                          "Index Cond": "(info_type_id = 13)"
                        }
                      ]
                    },
                    {
                      "Node Type": "Hash",
                      "Parent Relationship": "Inner",
                      "Parallel Aware": true,
                      "Startup Cost": 45479.1,
                      "Total Cost": 45479.1,
                      "Plan Rows": 104810,
                      "Plan Width": 4,
                      "Actual Startup Time": 120.1,
                      "Actual Total Time": 120.101,
                      "Actual Rows": 86328,
                      "Actual Loops": 6,
                      "Hash Buckets": 524288,
                      "Original Hash Buckets": 524288,
                      "Hash Batches": 1,
                      "Original Hash Batches": 1,
                      "Peak Memory Usage": 24480,
                      "Plans": [
                        {
                          "Node Type": "Seq Scan",
                          "Parent Relationship": "Outer",
                          "Parallel Aware": true,
                          "Relation Name": "title",
                          "Alias": "t",
                          "Startup Cost": 0.0,
                          "Total Cost": 45479.1,
                          "Plan Rows": 104810,
                          "Plan Width": 4,
                          "Actual Startup Time": 0.05,
                          "Actual Total Time": 87.556,
                          "Actual Rows": 86328,
                          "Actual Loops": 6,
                          "Filter": "((kind_id < 7) AND (production_year < 2001))",
                          "Rows Removed by Filter": 335057
                        }
                      ]
                    }
                  ]
                }
              ]
            }
          ]
        }
      ]
    },
    "Planning Time": 0.637,
    "Triggers": [],
    "Execution Time": 184.689
  }
]