[
  {
    "Plan": {
      "Node Type": "Aggregate",
      "Strategy": "Plain",
      "Partial Mode": "Finalize",
      "Parallel Aware": false,
      "Startup Cost": 113990.94,
      "Total Cost": 113990.95,
      "Plan Rows": 1,
      "Plan Width": 8,
      "Actual Startup Time": 1030.835,
      "Actual Total Time": 1053.522,
      "Actual Rows": 1,
      "Actual Loops": 1,
      "Plans": [
        {
          "Node Type": "Gather",
          "Parent Relationship": "Outer",
          "Parallel Aware": false,
          "Startup Cost": 113990.73,
          "Total Cost": 113990.94,
          "Plan Rows": 2,
          "Plan Width": 8,
          "Actual Startup Time": 1015.927,
          "Actual Total Time": 1053.513,
          "Actual Rows": 3,
          "Actual Loops": 1,
          "Workers Planned": 2,
          "Workers Launched": 2,
          "Single Copy": false,
          "Plans": [
            {
              "Node Type": "Aggregate",
              "Strategy": "Plain",
              "Partial Mode": "Partial",
              "Parent Relationship": "Outer",
              "Parallel Aware": false,
              "Startup Cost": 112990.73,
              "Total Cost": 112990.74,
              "Plan Rows": 1,
              "Plan Width": 8,
              "Actual Startup Time": 1007.331,
              "Actual Total Time": 1007.488,
              "Actual Rows": 1,
              "Actual Loops": 3,
              "Plans": [
                {
                  "Node Type": "Hash Join",
                  "Parent Relationship": "Outer",
                  "Parallel Aware": true,
                  "Join Type": "Inner",
                  "Startup Cost": 96217.95,
                  "Total Cost": 112584.09,
                  "Plan Rows": 162655,
                  "Plan Width": 0,
                  "Actual Startup Time": 811.22,
                  "Actual Total Time": 979.358,
                  "Actual Rows": 498492,
                  "Actual Loops": 3,
                  "Inner Unique": false,
                  "Hash Cond": "(mi_idx.movie_id = t.id)",
                  "Plans": [
                    {
                      "Node Type": "Seq Scan",
                      "Parent Relationship": "Outer",
                      "Parallel Aware": true,
                      "Relation Name": "movie_info_idx",
                      "Alias": "mi_idx",
                      "Startup Cost": 0.0,
                      "Total Cost": 13685.15,
                      "Plan Rows": 575015,
                      "Plan Width": 4,
                      "Actual Startup Time": 0.037,
                      "Actual Total Time": 46.174,
                      "Actual Rows": 460012,
                      "Actual Loops": 3
                    },
                    {
                      "Node Type": "Hash",
                      "Parent Relationship": "Inner",
                      "Parallel Aware": true,
                      "Startup Cost": 93334.15,
                      "Total Cost": 93334.15,
                      "Plan Rows": 230704,
                      "Plan Width": 8,
                      "Actual Startup Time": 804.847,
                      "Actual Total Time": 805.001,
                      "Actual Rows": 239960,
                      "Actual Loops": 3,
                      "Hash Buckets": 1048576,
                      "Original Hash Buckets": 1048576,
                      "Hash Batches": 1,
                      "Original Hash Batches": 1,
                      "Peak Memory Usage": 36384,
                      "Plans": [
                        {
                          "Node Type": "Hash Join",
                          "Parent Relationship": "Outer",
                          "Parallel Aware": true,
                          "Join Type": "Inner",
                          "Startup Cost": 65390.75,
                          "Total Cost": 93334.15,
                          "Plan Rows": 230704,
                          "Plan Width": 8,
                          "Actual Startup Time": 543.065,
                          "Actual Total Time": 723.176,
                          "Actual Rows": 239960,
                          "Actual Loops": 3,
                          "Inner Unique": true,
                          "Hash Cond": "(mk.movie_id = t.id)",
                          "Plans": [
                            {
                              "Node Type": "Bitmap Heap Scan",
                              "Parent Relationship": "Outer",
                              "Parallel Aware": true,
                              "Relation Name": "movie_keyword",
                              "Alias": "mk",
                              "Startup Cost": 15171.1,
                              "Total Cost": 42508.9,
                              "Plan Rows": 230704,
                              "Plan Width": 4,
                              "Actual Startup Time": 67.232,
                              "Actual Total Time": 145.762,
                              "Actual Rows": 239960,
                              "Actual Loops": 3,
                              "Recheck Cond": "(keyword_id < 640)",
                              "Rows Removed by Index Recheck": 0,
                              "Exact Heap Blocks": 10083,
                              "Lossy Heap Blocks": 0,
                              "Plans": [
                                {
                                  "Node Type": "Bitmap Index Scan",
                                  "Parent Relationship": "Outer",
                                  "Parallel Aware": false,
                                  "Index Name": "keyword_id_movie_keyword",
                                  "Startup Cost": 0.0,
                                  "Total Cost": 14992.31,
                                  "Plan Rows": 715183,
                                  "Plan Width": 0,
                                  "Actual Startup Time": 61.371,
                                  "Actual Total Time": 61.372,
                                  "Actual Rows": 719880,
                                  "Actual Loops": 1,
                                  "Index Cond": "(keyword_id < 640)"
                                }
                              ]
                            },
                            {
                              "Node Type": "Hash",
                              "Parent Relationship": "Inner",
                              "Parallel Aware": true,
                              "Startup Cost": 42318.73,
                              "Total Cost": 42318.73,
                              "Plan Rows": 632073,
                              "Plan Width": 4,
                              "Actual Startup Time": 465.39,
                              "Actual Total Time": 465.391,
                              "Actual Rows": 842771,
                              "Actual Loops": 3,
                              "Hash Buckets": 4194304,
                              "Original Hash Buckets": 4194304,
                              "Hash Batches": 1,
                              "Original Hash Batches": 1,
                              "Peak Memory Usage": 131712,
                              "Plans": [
                                {
                                  "Node Type": "Seq Scan",
                                  "Parent Relationship": "Outer",
                                  "Parallel Aware": true,
                                  "Relation Name": "title",
                                  "Alias": "t",
                                  "Startup Cost": 0.0,
                                  "Total Cost": 42318.73,
                                  "Plan Rows": 632073,
                                  "Plan Width": 4,
                                  "Actual Startup Time": 0.042,
                                  "Actual Total Time": 140.961,
                                  "Actual Rows": 842771,
                                  "Actual Loops": 3
                                }
                              ]
                            }
                          ]
                        }
                      ]
                    }
                  ]
                }
              ]
            }
          ]
        }
      ]
    },
    "Planning Time": 1.302,
    "Triggers": [],
    "Execution Time": 1053.632
  }
]