[
  {
    "Plan": {
      "Node Type": "Aggregate",
      "Strategy": "Plain",
      "Partial Mode": "Finalize",
      "Parallel Aware": false,
      "Startup Cost": 30169.84,
      "Total Cost": 30169.85,
      "Plan Rows": 1,
      "Plan Width": 8,
      "Actual Startup Time": 93.737,
      "Actual Total Time": 100.18,
      "Actual Rows": 1,
      "Actual Loops": 1,
      "Plans": [
        {
          "Node Type": "Gather",
          "Parent Relationship": "Outer",
          "Parallel Aware": false,
          "Startup Cost": 30169.52,
          "Total Cost": 30169.83,
          "Plan Rows": 3,
          "Plan Width": 8,
          "Actual Startup Time": 93.501,
          "Actual Total Time": 100.173,
          "Actual Rows": 4,
          "Actual Loops": 1,
          "Workers Planned": 3,
          "Workers Launched": 3,
          "Single Copy": false,
          "Plans": [
            {
              "Node Type": "Aggregate",
              "Strategy": "Plain",
              "Partial Mode": "Partial",
              "Parent Relationship": "Outer",
              "Parallel Aware": false,
              "Startup Cost": 29169.52,
              "Total Cost": 29169.53,
              "Plan Rows": 1,
              "Plan Width": 8,
              "Actual Startup Time": 87.086,
              "Actual Total Time": 87.087,
              "Actual Rows": 1,
              "Actual Loops": 4,
              "Plans": [
                {
                  "Node Type": "Bitmap Heap Scan",
                  "Parent Relationship": "Outer",
                  "Parallel Aware": true,
                  "Relation Name": "movie_companies",
                  "Alias": "mc",
                  "Startup Cost": 8346.68,
                  "Total Cost": 29010.92,
                  "Plan Rows": 63441,
                  "Plan Width": 0,
                  "Actual Startup Time": 71.671,
                  "Actual Total Time": 85.963,
                  "Actual Rows": 22927,
                  "Actual Loops": 4,
                  "Recheck Cond": "(company_id < 226)",
                  "Rows Removed by Index Recheck": 0,
                  "Filter": "(company_type_id > 1)",
                  "Rows Removed by Filter": 73484,
                  "Exact Heap Blocks": 10163,
                  "Lossy Heap Blocks": 0,
                  "Plans": [
                    {
                      "Node Type": "Bitmap Index Scan",
                      "Parent Relationship": "Outer",
                      "Parallel Aware": false,
                      "Index Name": "company_id_movie_companies",
                      "Startup Cost": 0.0,
                      "Total Cost": 8297.51,
                      "Plan Rows": 387344,
                      "Plan Width": 0,
                      "Actual Startup Time": 36.201,
                      "Actual Total Time": 36.201,
                      "Actual Rows": 385647,
                      "Actual Loops": 1,
                      "Index Cond": "(company_id < 226)"
                    }
                  ]
                }
              ]
            }
          ]
        }
      ]
    },
    "Planning Time": 0.162,
    "Triggers": [],
    "Execution Time": 100.237
  }
]