[
  {
    "Plan": {
      "Node Type": "Aggregate",
      "Strategy": "Plain",
      "Partial Mode": "Finalize",
      "Parallel Aware": false,
      "Startup Cost": 407732.95,
      "Total Cost": 407732.96,
      "Plan Rows": 1,
      "Plan Width": 8,
      "Actual Startup Time": 1933.091,
      "Actual Total Time": 2000.05,
      "Actual Rows": 1,
      "Actual Loops": 1,
      "Plans": [
        {
          "Node Type": "Gather",
          "Parent Relationship": "Outer",
          "Parallel Aware": false,
          "Startup Cost": 407732.33,
          "Total Cost": 407732.94,
          "Plan Rows": 6,
          "Plan Width": 8,
          "Actual Startup Time": 1916.599,
          "Actual Total Time": 2000.04,
          "Actual Rows": 7,
          "Actual Loops": 1,
          "Workers Planned": 6,
          "Workers Launched": 6,
          "Single Copy": false,
          "Plans": [
            {
              "Node Type": "Aggregate",
              "Strategy": "Plain",
              "Partial Mode": "Partial",
              "Parent Relationship": "Outer",
              "Parallel Aware": false,
              "Startup Cost": 406732.33,
              "Total Cost": 406732.34,
              "Plan Rows": 1,
              "Plan Width": 8,
              "Actual Startup Time": 1902.131,
              "Actual Total Time": 1902.134,
              "Actual Rows": 1,
              "Actual Loops": 7,
              "Plans": [
                {
                  "Node Type": "Hash Join",
                  "Parent Relationship": "Outer",
                  "Parallel Aware": true,
                  "Join Type": "Inner",
                  "Startup Cost": 49587.07,
                  "Total Cost": 401083.18,
                  "Plan Rows": 2259660,
                  "Plan Width": 0,
                  "Actual Startup Time": 428.292,
                  "Actual Total Time": 1812.802,
                  "Actual Rows": 1824857,
                  "Actual Loops": 7,
                  "Inner Unique": true,
                  "Hash Cond": "(ci.movie_id = t.id)",
                  "Plans": [
                    {
                      "Node Type": "Seq Scan",
                      "Parent Relationship": "Outer",
                      "Parallel Aware": true,
                      "Relation Name": "cast_info",
                      "Alias": "ci",
                      "Startup Cost": 0.0,
                      "Total Cost": 343257.03,
                      "Plan Rows": 3138694,
                      "Plan Width": 4,
                      "Actual Startup Time": 221.552,
                      "Actual Total Time": 720.621,
                      "Actual Rows": 2307940,
                      "Actual Loops": 7,
                      "Filter": "((person_id < 2929182) AND (role_id > 1))",
                      "Rows Removed by Filter": 2869823
                    },
                    {
                      "Node Type": "Hash",
                      "Parent Relationship": "Inner",
                      "Parallel Aware": true,
                      "Startup Cost": 43898.92,
                      "Total Cost": 43898.92,
                      "Plan Rows": 455052,
                      "Plan Width": 4,
                      "Actual Startup Time": 202.101,
                      "Actual Total Time": 202.102,
                      "Actual Rows": 259035,
                      "Actual Loops": 7,
                      "Hash Buckets": 2097152,
                      "Original Hash Buckets": 2097152,
                      "Hash Batches": 1,
                      "Original Hash Batches": 1,
                      "Peak Memory Usage": 87392,
                      "Plans": [
                        {
                          "Node Type": "Seq Scan",
                          "Parent Relationship": "Outer",
                          "Parallel Aware": true,
                          "Relation Name": "title",
                          "Alias": "t",
                          "Startup Cost": 0.0,
                          "Total Cost": 43898.92,
                          "Plan Rows": 455052,
                          "Plan Width": 4,
                          "Actual Startup Time": 0.061,
                          "Actual Total Time": 85.577,
                          "Actual Rows": 259035,
                          "Actual Loops": 7,
                          "Filter": "(production_year > 1987)",
                          "Rows Removed by Filter": 102152
                        }
                      ]
                    }
                  ]
                }
              ]
            }
          ]
        }
      ]
    },
    "Planning Time": 0.676,
    "Triggers": [],
    "Execution Time": 2000.141
  }
]