[
  {
    "Plan": {
      "Node Type": "Aggregate",
      "Strategy": "Plain",
      "Partial Mode": "Finalize",
      "Parallel Aware": false,
      "Startup Cost": 269194.63,
      "Total Cost": 269194.64,
      "Plan Rows": 1,
      "Plan Width": 8,
      "Actual Startup Time": 182.684,
      "Actual Total Time": 217.119,
      "Actual Rows": 1,
      "Actual Loops": 1,
      "Plans": [
        {
          "Node Type": "Gather",
          "Parent Relationship": "Outer",
          "Parallel Aware": false,
          "Startup Cost": 269194.21,
          "Total Cost": 269194.62,
          "Plan Rows": 4,
          "Plan Width": 8,
          "Actual Startup Time": 182.508,
          "Actual Total Time": 217.103,
          "Actual Rows": 5,
          "Actual Loops": 1,
          "Workers Planned": 4,
          "Workers Launched": 4,
          "Single Copy": false,
          "Plans": [
            {
              "Node Type": "Aggregate",
              "Strategy": "Plain",
              "Partial Mode": "Partial",
              "Parent Relationship": "Outer",
              "Parallel Aware": false,
              "Startup Cost": 268194.21,
              "Total Cost": 268194.22,
              "Plan Rows": 1,
              "Plan Width": 8,
              "Actual Startup Time": 176.999,
              "Actual Total Time": 177.001,
              "Actual Rows": 1,
              "Actual Loops": 5,
              "Plans": [
                {
                  "Node Type": "Nested Loop",
                  "Parent Relationship": "Outer",
                  "Parallel Aware": false,
                  "Join Type": "Inner",
                  "Startup Cost": 0.56,
                  "Total Cost": 268164.1,
                  "Plan Rows": 12044,
                  "Plan Width": 0,
                  "Actual Startup Time": 0.225,
                  "Actual Total Time": 175.981,
                  "Actual Rows": 10746,
                  "Actual Loops": 5,
                  "Inner Unique": false,
                  "Plans": [
                    {
                      "Node Type": "Seq Scan",
                      "Parent Relationship": "Outer",
                      "Parallel Aware": true,
                      "Relation Name": "title",
                      "Alias": "t",
                      "Startup Cost": 0.0,
                      "Total Cost": 45479.59,
                      "Plan Rows": 2553,
                      "Plan Width": 4,
                      "Actual Startup Time": 0.056,
                      "Actual Total Time": 65.296,
                      "Actual Rows": 2053,
                      "Actual Loops": 5,
                      "Filter": "((kind_id > 1) AND (production_year = 1981))",
                      "Rows Removed by Filter": 503609
                    },
                    {
                      "Node Type": "Index Scan",
                      "Parent Relationship": "Inner",
                      "Parallel Aware": false,
                      "Scan Direction": "Forward",
                      "Index Name": "movie_id_cast_info",
                      "Relation Name": "cast_info",
                      "Alias": "ci",
                      "Startup Cost": 0.56,
                      "Total Cost": 87.11,
                      "Plan Rows": 11,
                      "Plan Width": 4,
                      "Actual Startup Time": 0.012,
                      "Actual Total Time": 0.053,
                      "Actual Rows": 5,
                      "Actual Loops": 10267,
                      "Index Cond": "(movie_id = t.id)",
                      "Rows Removed by Index Recheck": 0,
                      "Filter": "(person_id < 1185850)",
                      "Rows Removed by Filter": 9
                    }
                  ]
                }
              ]
            }
          ]
        }
      ]
    },
    "Planning Time": 0.334,
    "Triggers": [],
    "Execution Time": 217.174
  }
]