[
  {
    "Plan": {
      "Node Type": "Aggregate",
      "Strategy": "Plain",
      "Partial Mode": "Finalize",
      "Parallel Aware": false,
      "Startup Cost": 280021.13,
      "Total Cost": 280021.14,
      "Plan Rows": 1,
      "Plan Width": 8,
      "Actual Startup Time": 194.984,
      "Actual Total Time": 227.802,
      "Actual Rows": 1,
      "Actual Loops": 1,
      "Plans": [
        {
          "Node Type": "Gather",
          "Parent Relationship": "Outer",
          "Parallel Aware": false,
          "Startup Cost": 280020.71,
          "Total Cost": 280021.12,
          "Plan Rows": 4,
          "Plan Width": 8,
          "Actual Startup Time": 194.668,
          "Actual Total Time": 227.794,
          "Actual Rows": 5,
          "Actual Loops": 1,
          "Workers Planned": 4,
          "Workers Launched": 4,
          "Single Copy": false,
          "Plans": [
            {
              "Node Type": "Aggregate",
              "Strategy": "Plain",
              "Partial Mode": "Partial",
              "Parent Relationship": "Outer",
              "Parallel Aware": false,
              "Startup Cost": 279020.71,
              "Total Cost": 279020.72,
              "Plan Rows": 1,
              "Plan Width": 8,
              "Actual Startup Time": 184.904,
              "Actual Total Time": 184.905,
              "Actual Rows": 1,
              "Actual Loops": 5,
              "Plans": [
                {
                  "Node Type": "Nested Loop",
                  "Parent Relationship": "Outer",
                  "Parallel Aware": false,
                  "Join Type": "Inner",
                  "Startup Cost": 0.56,
                  "Total Cost": 278989.37,
                  "Plan Rows": 12534,
                  "Plan Width": 0,
                  "Actual Startup Time": 0.305,
                  "Actual Total Time": 183.717,
                  "Actual Rows": 10746,
                  "Actual Loops": 5,
                  "Inner Unique": false,
                  "Plans": [
                    {
                      "Node Type": "Seq Scan",
                      "Parent Relationship": "Outer",
                      "Parallel Aware": true,
                      "Relation Name": "title",
                      "Alias": "t",
                      "Startup Cost": 0.0,
                      "Total Cost": 45479.1,
                      "Plan Rows": 2626,
                      "Plan Width": 4,
                      "Actual Startup Time": 0.073,
                      "Actual Total Time": 67.94,
                      "Actual Rows": 2053,
                      "Actual Loops": 5,
                      "Filter": "((kind_id > 1) AND (production_year = 1981))",
                      "Rows Removed by Filter": 503609
                    },
                    {
                      "Node Type": "Index Scan",
                      "Parent Relationship": "Inner",
                      "Parallel Aware": false,
                      "Scan Direction": "Forward",
                      "Index Name": "movie_id_cast_info",
                      "Relation Name": "cast_info",
                      "Alias": "ci",
                      "Startup Cost": 0.56,
                      "Total Cost": 88.8,
                      "Plan Rows": 12,
                      "Plan Width": 4,
                      "Actual Startup Time": 0.013,
                      "Actual Total Time": 0.055,
                      "Actual Rows": 5,
                      "Actual Loops": 10267,
                      "Index Cond": "(movie_id = t.id)",
                      "Rows Removed by Index Recheck": 0,
                      "Filter": "(person_id < 1185850)",
                      "Rows Removed by Filter": 9
                    }
                  ]
                }
              ]
            }
          ]
        }
      ]
    },
    "Planning Time": 0.56,
    "Triggers": [],
    "Execution Time": 227.872
  }
]