{
  "Plan": {
    "Node Type": "Aggregate",
    "Strategy": "Plain",
    "Partial Mode": "Finalize",
    "Parallel Aware": false,
    "Startup Cost": 106799.03,
    "Total Cost": 106799.04,
    "Plan Rows": 1,
    "Plan Width": 8,
    "Actual Startup Time": 272.732,
    "Actual Total Time": 290.753,
    "Actual Rows": 1,
    "Actual Loops": 1,
    "Plans": [
      {
        "Node Type": "Gather",
        "Parent Relationship": "Outer",
        "Parallel Aware": false,
        "Startup Cost": 106798.92,
        "Total Cost": 106799.03,
        "Plan Rows": 1,
        "Plan Width": 8,
        "Actual Startup Time": 272.547,
        "Actual Total Time": 290.745,
        "Actual Rows": 2,
        "Actual Loops": 1,
        "Workers Planned": 1,
        "Workers Launched": 1,
        "Single Copy": false,
        "Plans": [
          {
            "Node Type": "Aggregate",
            "Strategy": "Plain",
            "Partial Mode": "Partial",
            "Parent Relationship": "Outer",
            "Parallel Aware": false,
            "Startup Cost": 105798.92,
            "Total Cost": 105798.93,
            "Plan Rows": 1,
            "Plan Width": 8,
            "Actual Startup Time": 266.517,
            "Actual Total Time": 266.521,
            "Actual Rows": 1,
            "Actual Loops": 2,
            "Plans": [
              {
                "Node Type": "Nested Loop",
                "Parent Relationship": "Outer",
                "Parallel Aware": false,
                "Join Type": "Inner",
                "Startup Cost": 58399.57,
                "Total Cost": 105778.97,
                "Plan Rows": 7980,
                "Plan Width": 0,
                "Actual Startup Time": 190.589,
                "Actual Total Time": 266.219,
                "Actual Rows": 4606,
                "Actual Loops": 2,
                "Inner Unique": false,
                "Join Filter": "(t.id = mi.movie_id)",
                "Rows Removed by Join Filter": 0,
                "Plans": [
                  {
                    "Node Type": "Hash Join",
                    "Parent Relationship": "Outer",
                    "Parallel Aware": true,
                    "Join Type": "Inner",
                    "Startup Cost": 58399.13,
                    "Total Cost": 100929.69,
                    "Plan Rows": 1365,
                    "Plan Width": 8,
                    "Actual Startup Time": 190.521,
                    "Actual Total Time": 257.621,
                    "Actual Rows": 558,
                    "Actual Loops": 2,
                    "Inner Unique": true,
                    "Hash Cond": "(mc.movie_id = t.id)",
                    "Plans": [
                      {
                        "Node Type": "Seq Scan",
                        "Parent Relationship": "Outer",
                        "Parallel Aware": true,
                        "Relation Name": "movie_companies",
                        "Alias": "mc",
                        "Startup Cost": 0.0,
                        "Total Cost": 41811.73,
                        "Plan Rows": 273841,
                        "Plan Width": 4,
                        "Actual Startup Time": 50.02,
                        "Actual Total Time": 103.479,
                        "Actual Rows": 132872,
                        "Actual Loops": 2,
                        "Filter": "((company_id < 3108) AND (company_type_id = 2))",
                        "Rows Removed by Filter": 1171693
                      },
                      {
                        "Node Type": "Hash",
                        "Parent Relationship": "Inner",
                        "Parallel Aware": true,
                        "Startup Cost": 58306.47,
                        "Total Cost": 58306.47,
                        "Plan Rows": 7413,
                        "Plan Width": 4,
                        "Actual Startup Time": 139.216,
                        "Actual Total Time": 139.217,
                        "Actual Rows": 6322,
                        "Actual Loops": 2,
                        "Hash Buckets": 16384,
                        "Original Hash Buckets": 16384,
                        "Hash Batches": 1,
                        "Original Hash Batches": 1,
                        "Peak Memory Usage": 640,
                        "Plans": [
                          {
                            "Node Type": "Seq Scan",
                            "Parent Relationship": "Outer",
                            "Parallel Aware": true,
                            "Relation Name": "title",
                            "Alias": "t",
                            "Startup Cost": 0.0,
                            "Total Cost": 58306.47,
                            "Plan Rows": 7413,
                            "Plan Width": 4,
                            "Actual Startup Time": 0.062,
                            "Actual Total Time": 136.868,
                            "Actual Rows": 6322,
                            "Actual Loops": 2,
                            "Filter": "((kind_id = 7) AND (production_year = 1989))",
                            "Rows Removed by Filter": 1257834
                          }
                        ]
                      }
                    ]
                  },
                  {
                    "Node Type": "Index Only Scan",
                    "Parent Relationship": "Inner",
                    "Parallel Aware": false,
                    "Scan Direction": "Forward",
                    "Index Name": "movie_id_movie_info",
                    "Relation Name": "movie_info",
                    "Alias": "mi",
                    "Startup Cost": 0.43,
                    "Total Cost": 3.03,
                    "Plan Rows": 42,
                    "Plan Width": 4,
                    "Actual Startup Time": 0.006,
                    "Actual Total Time": 0.014,
                    "Actual Rows": 8,
                    "Actual Loops": 1115,
                    "Index Cond": "(movie_id = mc.movie_id)",
                    "Rows Removed by Index Recheck": 0,
                    "Heap Fetches": 9213
                  }
                ]
              }
            ]
          }
        ]
      }
    ]
  },
  "Planning Time": 1.027,
  "Triggers": [],
  "Execution Time": 290.837
}