[
  {
    "Plan": {
      "Node Type": "Aggregate",
      "Strategy": "Plain",
      "Partial Mode": "Finalize",
      "Parallel Aware": false,
      "Startup Cost": 343493.4,
      "Total Cost": 343493.41,
      "Plan Rows": 1,
      "Plan Width": 8,
      "Actual Startup Time": 863.428,
      "Actual Total Time": 922.685,
      "Actual Rows": 1,
      "Actual Loops": 1,
      "Plans": [
        {
          "Node Type": "Gather",
          "Parent Relationship": "Outer",
          "Parallel Aware": false,
          "Startup Cost": 343492.77,
          "Total Cost": 343493.38,
          "Plan Rows": 6,
          "Plan Width": 8,
          "Actual Startup Time": 863.31,
          "Actual Total Time": 922.675,
          "Actual Rows": 7,
          "Actual Loops": 1,
          "Workers Planned": 6,
          "Workers Launched": 6,
          "Single Copy": false,
          "Plans": [
            {
              "Node Type": "Aggregate",
              "Strategy": "Plain",
              "Partial Mode": "Partial",
              "Parent Relationship": "Outer",
              "Parallel Aware": false,
              "Startup Cost": 342492.77,
              "Total Cost": 342492.78,
              "Plan Rows": 1,
              "Plan Width": 8,
              "Actual Startup Time": 855.874,
              "Actual Total Time": 855.875,
              "Actual Rows": 1,
              "Actual Loops": 7,
              "Plans": [
                {
                  "Node Type": "Seq Scan",
                  "Parent Relationship": "Outer",
                  "Parallel Aware": true,
                  "Relation Name": "cast_info",
                  "Alias": "ci",
                  "Startup Cost": 0.0,
                  "Total Cost": 328162.03,
                  "Plan Rows": 5732299,
                  "Plan Width": 0,
                  "Actual Startup Time": 0.041,
                  "Actual Total Time": 650.8,
                  "Actual Rows": 4923986,
                  "Actual Loops": 7,
                  "Filter": "(person_id < 3710793)",
                  "Rows Removed by Filter": 253778
                }
              ]
            }
          ]
        }
      ]
    },
    "Planning Time": 0.23,
    "Triggers": [],
    "Execution Time": 922.756
  }
]