[
  {
    "Plan": {
      "Node Type": "Aggregate",
      "Strategy": "Plain",
      "Partial Mode": "Finalize",
      "Parallel Aware": false,
      "Startup Cost": 74651.45,
      "Total Cost": 74651.46,
      "Plan Rows": 1,
      "Plan Width": 8,
      "Actual Startup Time": 130.188,
      "Actual Total Time": 145.932,
      "Actual Rows": 1,
      "Actual Loops": 1,
      "Plans": [
        {
          "Node Type": "Gather",
          "Parent Relationship": "Outer",
          "Parallel Aware": false,
          "Startup Cost": 74650.92,
          "Total Cost": 74651.43,
          "Plan Rows": 5,
          "Plan Width": 8,
          "Actual Startup Time": 130.049,
          "Actual Total Time": 145.912,
          "Actual Rows": 6,
          "Actual Loops": 1,
          "Workers Planned": 5,
          "Workers Launched": 5,
          "Single Copy": false,
          "Plans": [
            {
              "Node Type": "Aggregate",
              "Strategy": "Plain",
              "Partial Mode": "Partial",
              "Parent Relationship": "Outer",
              "Parallel Aware": false,
              "Startup Cost": 73650.92,
              "Total Cost": 73650.93,
              "Plan Rows": 1,
              "Plan Width": 8,
              "Actual Startup Time": 122.972,
              "Actual Total Time": 122.973,
              "Actual Rows": 1,
              "Actual Loops": 6,
              "Plans": [
                {
                  "Node Type": "Index Scan",
                  "Parent Relationship": "Outer",
                  "Parallel Aware": true,
                  "Scan Direction": "Forward",
                  "Index Name": "role_id_cast_info",
                  "Relation Name": "cast_info",
                  "Alias": "ci",
                  "Startup Cost": 0.56,
                  "Total Cost": 72913.16,
                  "Plan Rows": 295107,
                  "Plan Width": 0,
                  "Actual Startup Time": 0.122,
                  "Actual Total Time": 109.833,
                  "Actual Rows": 264118,
                  "Actual Loops": 6,
                  "Index Cond": "(role_id = 4)",
                  "Rows Removed by Index Recheck": 0,
                  "Filter": "(person_id > 1625222)",
                  "Rows Removed by Filter": 190706
                }
              ]
            }
          ]
        }
      ]
    },
    "Planning Time": 0.214,
    "Triggers": [],
    "Execution Time": 146.003
  }
]