[
    {
        "Bao": {
            "Bao prediction": "NaN",
            "Bao recommended hint": "(no hint)"
        }
    },
    {
        "Plan": {
            "Node Type": "Aggregate",
            "Strategy": "Plain",
            "Partial Mode": "Finalize",
            "Parallel Aware": false,
            "Startup Cost": 25060.45,
            "Total Cost": 25060.46,
            "Plan Rows": 1,
            "Plan Width": 8,
            "Actual Startup Time": 61.018,
            "Actual Total Time": 66.294,
            "Actual Rows": 1,
            "Actual Loops": 1,
            "Output": [
                "count(*)"
            ],
            "Plans": [
                {
                    "Node Type": "Gather",
                    "Parent Relationship": "Outer",
                    "Parallel Aware": false,
                    "Startup Cost": 25060.13,
                    "Total Cost": 25060.44,
                    "Plan Rows": 3,
                    "Plan Width": 8,
                    "Actual Startup Time": 60.808,
                    "Actual Total Time": 66.283,
                    "Actual Rows": 4,
                    "Actual Loops": 1,
                    "Output": [
                        "(PARTIAL count(*))"
                    ],
                    "Workers Planned": 3,
                    "Workers Launched": 3,
                    "Single Copy": false,
                    "Plans": [
                        {
                            "Node Type": "Aggregate",
                            "Strategy": "Plain",
                            "Partial Mode": "Partial",
                            "Parent Relationship": "Outer",
                            "Parallel Aware": false,
                            "Startup Cost": 24060.13,
                            "Total Cost": 24060.14,
                            "Plan Rows": 1,
                            "Plan Width": 8,
                            "Actual Startup Time": 51.129,
                            "Actual Total Time": 51.131,
                            "Actual Rows": 1,
                            "Actual Loops": 4,
                            "Output": [
                                "PARTIAL count(*)"
                            ],
                            "Workers": [
                                {
                                    "Worker Number": 0,
                                    "Actual Startup Time": 48.033,
                                    "Actual Total Time": 48.034,
                                    "Actual Rows": 1,
                                    "Actual Loops": 1
                                },
                                {
                                    "Worker Number": 1,
                                    "Actual Startup Time": 47.802,
                                    "Actual Total Time": 47.803,
                                    "Actual Rows": 1,
                                    "Actual Loops": 1
                                },
                                {
                                    "Worker Number": 2,
                                    "Actual Startup Time": 48.529,
                                    "Actual Total Time": 48.53,
                                    "Actual Rows": 1,
                                    "Actual Loops": 1
                                }
                            ],
                            "Plans": [
                                {
                                    "Node Type": "Bitmap Heap Scan",
                                    "Parent Relationship": "Outer",
                                    "Parallel Aware": true,
                                    "Relation Name": "movie_companies",
                                    "Schema": "public",
                                    "Alias": "mc",
                                    "Startup Cost": 4308.56,
                                    "Total Cost": 23899.87,
                                    "Plan Rows": 64105,
                                    "Plan Width": 0,
                                    "Actual Startup Time": 14.357,
                                    "Actual Total Time": 46.539,
                                    "Actual Rows": 50556,
                                    "Actual Loops": 4,
                                    "Recheck Cond": "(mc.company_id > 112753)",
                                    "Rows Removed by Index Recheck": 0,
                                    "Exact Heap Blocks": 2177,
                                    "Lossy Heap Blocks": 0,
                                    "Workers": [
                                        {
                                            "Worker Number": 0,
                                            "Actual Startup Time": 11.317,
                                            "Actual Total Time": 43.931,
                                            "Actual Rows": 35351,
                                            "Actual Loops": 1
                                        },
                                        {
                                            "Worker Number": 1,
                                            "Actual Startup Time": 11.17,
                                            "Actual Total Time": 43.896,
                                            "Actual Rows": 30376,
                                            "Actual Loops": 1
                                        },
                                        {
                                            "Worker Number": 2,
                                            "Actual Startup Time": 11.844,
                                            "Actual Total Time": 44.478,
                                            "Actual Rows": 35351,
                                            "Actual Loops": 1
                                        }
                                    ],
                                    "Plans": [
                                        {
                                            "Node Type": "Bitmap Index Scan",
                                            "Parent Relationship": "Outer",
                                            "Parallel Aware": false,
                                            "Index Name": "company_id_movie_companies",
                                            "Startup Cost": 0.0,
                                            "Total Cost": 4258.88,
                                            "Plan Rows": 198726,
                                            "Plan Width": 0,
                                            "Actual Startup Time": 21.737,
                                            "Actual Total Time": 21.738,
                                            "Actual Rows": 202225,
                                            "Actual Loops": 1,
                                            "Index Cond": "(mc.company_id > 112753)"
                                        }
                                    ]
                                }
                            ]
                        }
                    ]
                }
            ]
        },
        "Planning Time": 293.984,
        "Triggers": [],
        "Execution Time": 66.422
    }
]