[
  {
    "Bao": {
      "Bao prediction": 626.527,
      "Bao recommended hint": "SET enable_nestloop TO off; SET enable_hashjoin TO off; "
    }
  },
  {
    "Plan": {
      "Node Type": "Aggregate",
      "Strategy": "Plain",
      "Partial Mode": "Simple",
      "Parallel Aware": false,
      "Startup Cost": 843256.51,
      "Total Cost": 843256.52,
      "Plan Rows": 1,
      "Plan Width": 96,
      "Actual Startup Time": 6892.785,
      "Actual Total Time": 6893.161,
      "Actual Rows": 1,
      "Actual Loops": 1,
      "Plans": [
        {
          "Node Type": "Merge Join",
          "Parent Relationship": "Outer",
          "Parallel Aware": false,
          "Join Type": "Inner",
          "Startup Cost": 830573.49,
          "Total Cost": 843254.76,
          "Plan Rows": 233,
          "Plan Width": 42,
          "Actual Startup Time": 6304.632,
          "Actual Total Time": 6832.837,
          "Actual Rows": 670390,
          "Actual Loops": 1,
          "Inner Unique": false,
          "Merge Cond": "(cn.id = mc.company_id)",
          "Plans": [
            {
              "Node Type": "Index Scan",
              "Parent Relationship": "Outer",
              "Parallel Aware": false,
              "Scan Direction": "Forward",
              "Index Name": "company_name_pkey",
              "Relation Name": "company_name",
              "Alias": "cn",
              "Startup Cost": 0.42,
              "Total Cost": 12469.43,
              "Plan Rows": 85931,
              "Plan Width": 23,
              "Actual Startup Time": 0.018,
              "Actual Total Time": 129.283,
              "Actual Rows": 84843,
              "Actual Loops": 1,
              "Filter": "((country_code)::text = '[us]'::text)",
              "Rows Removed by Filter": 150154
            },
            {
              "Node Type": "Sort",
              "Parent Relationship": "Inner",
              "Parallel Aware": false,
              "Startup Cost": 830572.97,
              "Total Cost": 830574.56,
              "Plan Rows": 636,
              "Plan Width": 27,
              "Actual Startup Time": 6304.563,
              "Actual Total Time": 6534.55,
              "Actual Rows": 1919495,
              "Actual Loops": 1,
              "Sort Key": [
                "mc.company_id"
              ],
              "Sort Method": "quicksort",
              "Sort Space Used": 193795,
              "Sort Space Type": "Memory",
              "Plans": [
                {
                  "Node Type": "Merge Join",
                  "Parent Relationship": "Outer",
                  "Parallel Aware": false,
                  "Join Type": "Inner",
                  "Startup Cost": 829873.42,
                  "Total Cost": 830543.36,
                  "Plan Rows": 636,
                  "Plan Width": 27,
                  "Actual Startup Time": 5402.262,
                  "Actual Total Time": 5844.208,
                  "Actual Rows": 1919495,
                  "Actual Loops": 1,
                  "Inner Unique": false,
                  "Merge Cond": "(mi.movie_id = t.id)",
                  "Plans": [
                    {
                      "Node Type": "Sort",
                      "Parent Relationship": "Outer",
                      "Parallel Aware": false,
                      "Startup Cost": 551939.86,
                      "Total Cost": 552268.81,
                      "Plan Rows": 131580,
                      "Plan Width": 4,
                      "Actual Startup Time": 2209.455,
                      "Actual Total Time": 2323.122,
                      "Actual Rows": 3036470,
                      "Actual Loops": 1,
                      "Sort Key": [
                        "mi.movie_id"
                      ],
                      "Sort Method": "quicksort",
                      "Sort Space Used": 240651,
                      "Sort Space Type": "Memory",
                      "Plans": [
                        {
                          "Node Type": "Gather",
                          "Parent Relationship": "Outer",
                          "Parallel Aware": false,
                          "Startup Cost": 512462.21,
                          "Total Cost": 540751.88,
                          "Plan Rows": 131580,
                          "Plan Width": 4,
                          "Actual Startup Time": 1211.869,
                          "Actual Total Time": 1592.155,
                          "Actual Rows": 3036719,
                          "Actual Loops": 1,
                          "Workers Planned": 5,
                          "Workers Launched": 5,
                          "Single Copy": false,
                          "Plans": [
                            {
                              "Node Type": "Merge Join",
                              "Parent Relationship": "Outer",
                              "Parallel Aware": false,
                              "Join Type": "Inner",
                              "Startup Cost": 511462.21,
                              "Total Cost": 526593.88,
                              "Plan Rows": 26316,
                              "Plan Width": 4,
                              "Actual Startup Time": 1218.758,
                              "Actual Total Time": 1356.164,
                              "Actual Rows": 506120,
                              "Actual Loops": 6,
                              "Inner Unique": true,
                              "Merge Cond": "(mi.info_type_id = it2.id)",
                              "Plans": [
                                {
                                  "Node Type": "Sort",
                                  "Parent Relationship": "Outer",
                                  "Parallel Aware": false,
                                  "Startup Cost": 511459.79,
                                  "Total Cost": 518894.04,
                                  "Plan Rows": 2973701,
                                  "Plan Width": 8,
                                  "Actual Startup Time": 1055.867,
                                  "Actual Total Time": 1158.957,
                                  "Actual Rows": 2100313,
                                  "Actual Loops": 6,
                                  "Sort Key": [
                                    "mi.info_type_id"
                                  ],
                                  "Sort Method": "quicksort",
                                  "Sort Space Used": 143301,
                                  "Sort Space Type": "Memory",
                                  "Workers": [
                                    {
                                      "Worker Number": 0,
                                      "Sort Method": "quicksort",
                                      "Sort Space Used": 140040,
                                      "Sort Space Type": "Memory"
                                    },
                                    {
                                      "Worker Number": 1,
                                      "Sort Method": "quicksort",
                                      "Sort Space Used": 231646,
                                      "Sort Space Type": "Memory"
                                    },
                                    {
                                      "Worker Number": 2,
                                      "Sort Method": "quicksort",
                                      "Sort Space Used": 240687,
                                      "Sort Space Type": "Memory"
                                    },
                                    {
                                      "Worker Number": 3,
                                      "Sort Method": "quicksort",
                                      "Sort Space Used": 140807,
                                      "Sort Space Type": "Memory"
                                    },
                                    {
                                      "Worker Number": 4,
                                      "Sort Method": "quicksort",
                                      "Sort Space Used": 241315,
                                      "Sort Space Type": "Memory"
                                    }
                                  ],
                                  "Plans": [
                                    {
                                      "Node Type": "Seq Scan",
                                      "Parent Relationship": "Outer",
                                      "Parallel Aware": true,
                                      "Relation Name": "movie_info",
                                      "Alias": "mi",
                                      "Startup Cost": 0.0,
                                      "Total Cost": 191730.01,
                                      "Plan Rows": 2973701,
                                      "Plan Width": 8,
                                      "Actual Startup Time": 0.073,
                                      "Actual Total Time": 449.33,
                                      "Actual Rows": 2472620,
                                      "Actual Loops": 6
                                    }
                                  ]
                                },
                                {
                                  "Node Type": "Sort",
                                  "Parent Relationship": "Inner",
                                  "Parallel Aware": false,
                                  "Startup Cost": 2.42,
                                  "Total Cost": 2.43,
                                  "Plan Rows": 1,
                                  "Plan Width": 4,
                                  "Actual Startup Time": 0.141,
                                  "Actual Total Time": 0.142,
                                  "Actual Rows": 1,
                                  "Actual Loops": 6,
                                  "Sort Key": [
                                    "it2.id"
                                  ],
                                  "Sort Method": "quicksort",
                                  "Sort Space Used": 25,
                                  "Sort Space Type": "Memory",
                                  "Workers": [
                                    {
                                      "Worker Number": 0,
                                      "Sort Method": "quicksort",
                                      "Sort Space Used": 25,
                                      "Sort Space Type": "Memory"
                                    },
                                    {
                                      "Worker Number": 1,
                                      "Sort Method": "quicksort",
                                      "Sort Space Used": 25,
                                      "Sort Space Type": "Memory"
                                    },
                                    {
                                      "Worker Number": 2,
                                      "Sort Method": "quicksort",
                                      "Sort Space Used": 25,
                                      "Sort Space Type": "Memory"
                                    },
                                    {
                                      "Worker Number": 3,
                                      "Sort Method": "quicksort",
                                      "Sort Space Used": 25,
                                      "Sort Space Type": "Memory"
                                    },
                                    {
                                      "Worker Number": 4,
                                      "Sort Method": "quicksort",
                                      "Sort Space Used": 25,
                                      "Sort Space Type": "Memory"
                                    }
                                  ],
                                  "Plans": [
                                    {
                                      "Node Type": "Seq Scan",
                                      "Parent Relationship": "Outer",
                                      "Parallel Aware": false,
                                      "Relation Name": "info_type",
                                      "Alias": "it2",
                                      "Startup Cost": 0.0,
                                      "Total Cost": 2.41,
                                      "Plan Rows": 1,
                                      "Plan Width": 4,
                                      "Actual Startup Time": 0.106,
                                      "Actual Total Time": 0.112,
                                      "Actual Rows": 1,
                                      "Actual Loops": 6,
                                      "Filter": "((info)::text = 'release dates'::text)",
                                      "Rows Removed by Filter": 112
                                    }
                                  ]
                                }
                              ]
                            }
                          ]
                        }
                      ]
                    },
                    {
                      "Node Type": "Sort",
                      "Parent Relationship": "Inner",
                      "Parallel Aware": false,
                      "Startup Cost": 277933.56,
                      "Total Cost": 277939.02,
                      "Plan Rows": 2182,
                      "Plan Width": 39,
                      "Actual Startup Time": 3053.292,
                      "Actual Total Time": 3125.793,
                      "Actual Rows": 1946664,
                      "Actual Loops": 1,
                      "Sort Key": [
                        "mc.movie_id"
                      ],
                      "Sort Method": "quicksort",
                      "Sort Space Used": 37984,
                      "Sort Space Type": "Memory",
                      "Plans": [
                        {
                          "Node Type": "Gather",
                          "Parent Relationship": "Outer",
                          "Parallel Aware": false,
                          "Startup Cost": 277562.68,
                          "Total Cost": 277812.55,
                          "Plan Rows": 2182,
                          "Plan Width": 39,
                          "Actual Startup Time": 2464.855,
                          "Actual Total Time": 2964.218,
                          "Actual Rows": 302610,
                          "Actual Loops": 1,
                          "Workers Planned": 3,
                          "Workers Launched": 3,
                          "Single Copy": false,
                          "Plans": [
                            {
                              "Node Type": "Merge Join",
                              "Parent Relationship": "Outer",
                              "Parallel Aware": false,
                              "Join Type": "Inner",
                              "Startup Cost": 276562.68,
                              "Total Cost": 276594.35,
                              "Plan Rows": 704,
                              "Plan Width": 39,
                              "Actual Startup Time": 2592.234,
                              "Actual Total Time": 2607.39,
                              "Actual Rows": 75652,
                              "Actual Loops": 4,
                              "Inner Unique": true,
                              "Merge Cond": "(t.kind_id = kt.id)",
                              "Plans": [
                                {
                                  "Node Type": "Sort",
                                  "Parent Relationship": "Outer",
                                  "Parallel Aware": false,
                                  "Startup Cost": 276561.58,
                                  "Total Cost": 276573.89,
                                  "Plan Rows": 4926,
                                  "Plan Width": 43,
                                  "Actual Startup Time": 2592.166,
                                  "Actual Total Time": 2595.661,
                                  "Actual Rows": 75654,
                                  "Actual Loops": 4,
                                  "Sort Key": [
                                    "t.kind_id"
                                  ],
                                  "Sort Method": "quicksort",
                                  "Sort Space Used": 21212,
                                  "Sort Space Type": "Memory",
                                  "Workers": [
                                    {
                                      "Worker Number": 0,
                                      "Sort Method": "quicksort",
                                      "Sort Space Used": 12693,
                                      "Sort Space Type": "Memory"
                                    },
                                    {
                                      "Worker Number": 1,
                                      "Sort Method": "quicksort",
                                      "Sort Space Used": 20830,
                                      "Sort Space Type": "Memory"
                                    },
                                    {
                                      "Worker Number": 2,
                                      "Sort Method": "quicksort",
                                      "Sort Space Used": 20173,
                                      "Sort Space Type": "Memory"
                                    }
                                  ],
                                  "Plans": [
                                    {
                                      "Node Type": "Merge Join",
                                      "Parent Relationship": "Outer",
                                      "Parallel Aware": false,
                                      "Join Type": "Inner",
                                      "Startup Cost": 158481.69,
                                      "Total Cost": 276259.46,
                                      "Plan Rows": 4926,
                                      "Plan Width": 43,
                                      "Actual Startup Time": 829.153,
                                      "Actual Total Time": 2543.956,
                                      "Actual Rows": 146056,
                                      "Actual Loops": 4,
                                      "Inner Unique": true,
                                      "Merge Cond": "(mc.movie_id = t.id)",
                                      "Plans": [
                                        {
                                          "Node Type": "Merge Join",
                                          "Parent Relationship": "Outer",
                                          "Parallel Aware": false,
                                          "Join Type": "Inner",
                                          "Startup Cost": 158478.53,
                                          "Total Cost": 159640.9,
                                          "Plan Rows": 4926,
                                          "Plan Width": 18,
                                          "Actual Startup Time": 826.488,
                                          "Actual Total Time": 952.663,
                                          "Actual Rows": 146056,
                                          "Actual Loops": 4,
                                          "Inner Unique": false,
                                          "Merge Cond": "(mc.movie_id = miidx.movie_id)",
                                          "Plans": [
                                            {
                                              "Node Type": "Sort",
                                              "Parent Relationship": "Outer",
                                              "Parallel Aware": false,
                                              "Startup Cost": 89968.58,
                                              "Total Cost": 90494.62,
                                              "Plan Rows": 210414,
                                              "Plan Width": 8,
                                              "Actual Startup Time": 324.715,
                                              "Actual Total Time": 346.883,
                                              "Actual Rows": 333721,
                                              "Actual Loops": 4,
                                              "Sort Key": [
                                                "mc.movie_id"
                                              ],
                                              "Sort Method": "quicksort",
                                              "Sort Space Used": 29614,
                                              "Sort Space Type": "Memory",
                                              "Workers": [
                                                {
                                                  "Worker Number": 0,
                                                  "Sort Method": "quicksort",
                                                  "Sort Space Used": 17388,
                                                  "Sort Space Type": "Memory"
                                                },
                                                {
                                                  "Worker Number": 1,
                                                  "Sort Method": "quicksort",
                                                  "Sort Space Used": 29528,
                                                  "Sort Space Type": "Memory"
                                                },
                                                {
                                                  "Worker Number": 2,
                                                  "Sort Method": "quicksort",
                                                  "Sort Space Used": 29053,
                                                  "Sort Space Type": "Memory"
                                                }
                                              ],
                                              "Plans": [
                                                {
                                                  "Node Type": "Merge Join",
                                                  "Parent Relationship": "Outer",
                                                  "Parallel Aware": false,
                                                  "Join Type": "Inner",
                                                  "Startup Cost": 1.49,
                                                  "Total Cost": 71364.97,
                                                  "Plan Rows": 210414,
                                                  "Plan Width": 8,
                                                  "Actual Startup Time": 121.122,
                                                  "Actual Total Time": 246.591,
                                                  "Actual Rows": 333721,
                                                  "Actual Loops": 4,
                                                  "Inner Unique": true,
                                                  "Merge Cond": "(mc.company_type_id = ct.id)",
                                                  "Plans": [
                                                    {
                                                      "Node Type": "Index Scan",
                                                      "Parent Relationship": "Outer",
                                                      "Parallel Aware": true,
                                                      "Scan Direction": "Forward",
                                                      "Index Name": "company_type_id_movie_companies",
                                                      "Relation Name": "movie_companies",
                                                      "Alias": "mc",
                                                      "Startup Cost": 0.43,
                                                      "Total Cost": 67155.62,
                                                      "Plan Rows": 841655,
                                                      "Plan Width": 12,
                                                      "Actual Startup Time": 0.238,
                                                      "Actual Total Time": 176.006,
                                                      "Actual Rows": 652282,
                                                      "Actual Loops": 4
                                                    },
                                                    {
                                                      "Node Type": "Sort",
                                                      "Parent Relationship": "Inner",
                                                      "Parallel Aware": false,
                                                      "Startup Cost": 1.06,
                                                      "Total Cost": 1.06,
                                                      "Plan Rows": 1,
                                                      "Plan Width": 4,
                                                      "Actual Startup Time": 0.102,
                                                      "Actual Total Time": 0.103,
                                                      "Actual Rows": 1,
                                                      "Actual Loops": 4,
                                                      "Sort Key": [
                                                        "ct.id"
                                                      ],
                                                      "Sort Method": "quicksort",
                                                      "Sort Space Used": 25,
                                                      "Sort Space Type": "Memory",
                                                      "Workers": [
                                                        {
                                                          "Worker Number": 0,
                                                          "Sort Method": "quicksort",
                                                          "Sort Space Used": 25,
                                                          "Sort Space Type": "Memory"
                                                        },
                                                        {
                                                          "Worker Number": 1,
                                                          "Sort Method": "quicksort",
                                                          "Sort Space Used": 25,
                                                          "Sort Space Type": "Memory"
                                                        },
                                                        {
                                                          "Worker Number": 2,
                                                          "Sort Method": "quicksort",
                                                          "Sort Space Used": 25,
                                                          "Sort Space Type": "Memory"
                                                        }
                                                      ],
                                                      "Plans": [
                                                        {
                                                          "Node Type": "Seq Scan",
                                                          "Parent Relationship": "Outer",
                                                          "Parallel Aware": false,
                                                          "Relation Name": "company_type",
                                                          "Alias": "ct",
                                                          "Startup Cost": 0.0,
                                                          "Total Cost": 1.05,
                                                          "Plan Rows": 1,
                                                          "Plan Width": 4,
                                                          "Actual Startup Time": 0.063,
                                                          "Actual Total Time": 0.065,
                                                          "Actual Rows": 1,
                                                          "Actual Loops": 4,
                                                          "Filter": "((kind)::text = 'production companies'::text)",
                                                          "Rows Removed by Filter": 3
                                                        }
                                                      ]
                                                    }
                                                  ]
                                                }
                                              ]
                                            },
                                            {
                                              "Node Type": "Sort",
                                              "Parent Relationship": "Inner",
                                              "Parallel Aware": false,
                                              "Startup Cost": 68509.93,
                                              "Total Cost": 68540.46,
                                              "Plan Rows": 12213,
                                              "Plan Width": 10,
                                              "Actual Startup Time": 501.735,
                                              "Actual Total Time": 529.181,
                                              "Actual Rows": 522756,
                                              "Actual Loops": 4,
                                              "Sort Key": [
                                                "miidx.movie_id"
                                              ],
                                              "Sort Method": "quicksort",
                                              "Sort Space Used": 33847,
                                              "Sort Space Type": "Memory",
                                              "Workers": [
                                                {
                                                  "Worker Number": 0,
                                                  "Sort Method": "quicksort",
                                                  "Sort Space Used": 33847,
                                                  "Sort Space Type": "Memory"
                                                },
                                                {
                                                  "Worker Number": 1,
                                                  "Sort Method": "quicksort",
                                                  "Sort Space Used": 33847,
                                                  "Sort Space Type": "Memory"
                                                },
                                                {
                                                  "Worker Number": 2,
                                                  "Sort Method": "quicksort",
                                                  "Sort Space Used": 33847,
                                                  "Sort Space Type": "Memory"
                                                }
                                              ],
                                              "Plans": [
                                                {
                                                  "Node Type": "Merge Join",
                                                  "Parent Relationship": "Outer",
                                                  "Parallel Aware": false,
                                                  "Join Type": "Inner",
                                                  "Startup Cost": 2.86,
                                                  "Total Cost": 67680.9,
                                                  "Plan Rows": 12213,
                                                  "Plan Width": 10,
                                                  "Actual Startup Time": 234.524,
                                                  "Actual Total Time": 389.217,
                                                  "Actual Rows": 459925,
                                                  "Actual Loops": 4,
                                                  "Inner Unique": true,
                                                  "Merge Cond": "(miidx.info_type_id = it.id)",
                                                  "Plans": [
                                                    {
                                                      "Node Type": "Index Scan",
                                                      "Parent Relationship": "Outer",
                                                      "Parallel Aware": false,
                                                      "Scan Direction": "Forward",
                                                      "Index Name": "info_type_id_movie_info_idx",
                                                      "Relation Name": "movie_info_idx",
                                                      "Alias": "miidx",
                                                      "Startup Cost": 0.43,
                                                      "Total Cost": 64106.25,
                                                      "Plan Rows": 1380035,
                                                      "Plan Width": 14,
                                                      "Actual Startup Time": 0.06,
                                                      "Actual Total Time": 253.522,
                                                      "Actual Rows": 1379776,
                                                      "Actual Loops": 4
                                                    },
                                                    {
                                                      "Node Type": "Sort",
                                                      "Parent Relationship": "Inner",
                                                      "Parallel Aware": false,
                                                      "Startup Cost": 2.42,
                                                      "Total Cost": 2.43,
                                                      "Plan Rows": 1,
                                                      "Plan Width": 4,
                                                      "Actual Startup Time": 0.042,
                                                      "Actual Total Time": 0.043,
                                                      "Actual Rows": 1,
                                                      "Actual Loops": 4,
                                                      "Sort Key": [
                                                        "it.id"
                                                      ],
                                                      "Sort Method": "quicksort",
                                                      "Sort Space Used": 25,
                                                      "Sort Space Type": "Memory",
                                                      "Workers": [
                                                        {
                                                          "Worker Number": 0,
                                                          "Sort Method": "quicksort",
                                                          "Sort Space Used": 25,
                                                          "Sort Space Type": "Memory"
                                                        },
                                                        {
                                                          "Worker Number": 1,
                                                          "Sort Method": "quicksort",
                                                          "Sort Space Used": 25,
                                                          "Sort Space Type": "Memory"
                                                        },
                                                        {
                                                          "Worker Number": 2,
                                                          "Sort Method": "quicksort",
                                                          "Sort Space Used": 25,
                                                          "Sort Space Type": "Memory"
                                                        }
                                                      ],
                                                      "Plans": [
                                                        {
                                                          "Node Type": "Seq Scan",
                                                          "Parent Relationship": "Outer",
                                                          "Parallel Aware": false,
                                                          "Relation Name": "info_type",
                                                          "Alias": "it",
                                                          "Startup Cost": 0.0,
                                                          "Total Cost": 2.41,
                                                          "Plan Rows": 1,
                                                          "Plan Width": 4,
                                                          "Actual Startup Time": 0.037,
                                                          "Actual Total Time": 0.038,
                                                          "Actual Rows": 1,
                                                          "Actual Loops": 4,
                                                          "Filter": "((info)::text = 'rating'::text)",
                                                          "Rows Removed by Filter": 112
                                                        }
                                                      ]
                                                    }
                                                  ]
                                                }
                                              ]
                                            }
                                          ]
                                        },
                                        {
                                          "Node Type": "Index Scan",
                                          "Parent Relationship": "Inner",
                                          "Parallel Aware": false,
                                          "Scan Direction": "Forward",
                                          "Index Name": "title_pkey",
                                          "Relation Name": "title",
                                          "Alias": "t",
                                          "Startup Cost": 0.43,
                                          "Total Cost": 110359.06,
                                          "Plan Rows": 2528509,
                                          "Plan Width": 25,
                                          "Actual Startup Time": 0.046,
                                          "Actual Total Time": 1394.458,
                                          "Actual Rows": 2525688,
                                          "Actual Loops": 4
                                        }
                                      ]
                                    }
                                  ]
                                },
                                {
                                  "Node Type": "Sort",
                                  "Parent Relationship": "Inner",
                                  "Parallel Aware": false,
                                  "Startup Cost": 1.1,
                                  "Total Cost": 1.1,
                                  "Plan Rows": 1,
                                  "Plan Width": 4,
                                  "Actual Startup Time": 0.063,
                                  "Actual Total Time": 0.064,
                                  "Actual Rows": 1,
                                  "Actual Loops": 4,
                                  "Sort Key": [
                                    "kt.id"
                                  ],
                                  "Sort Method": "quicksort",
                                  "Sort Space Used": 25,
                                  "Sort Space Type": "Memory",
                                  "Workers": [
                                    {
                                      "Worker Number": 0,
                                      "Sort Method": "quicksort",
                                      "Sort Space Used": 25,
                                      "Sort Space Type": "Memory"
                                    },
                                    {
                                      "Worker Number": 1,
                                      "Sort Method": "quicksort",
                                      "Sort Space Used": 25,
                                      "Sort Space Type": "Memory"
                                    },
                                    {
                                      "Worker Number": 2,
                                      "Sort Method": "quicksort",
                                      "Sort Space Used": 25,
                                      "Sort Space Type": "Memory"
                                    }
                                  ],
                                  "Plans": [
                                    {
                                      "Node Type": "Seq Scan",
                                      "Parent Relationship": "Outer",
                                      "Parallel Aware": false,
                                      "Relation Name": "kind_type",
                                      "Alias": "kt",
                                      "Startup Cost": 0.0,
                                      "Total Cost": 1.09,
                                      "Plan Rows": 1,
                                      "Plan Width": 4,
                                      "Actual Startup Time": 0.051,
                                      "Actual Total Time": 0.052,
                                      "Actual Rows": 1,
                                      "Actual Loops": 4,
                                      "Filter": "((kind)::text = 'movie'::text)",
                                      "Rows Removed by Filter": 6
                                    }
                                  ]
                                }
                              ]
                            }
                          ]
                        }
                      ]
                    }
                  ]
                }
              ]
            }
          ]
        }
      ]
    },
    "Planning Time": 648.304,
    "Triggers": [],
    "Execution Time": 6945.514
  }
]