{
  "Plan": {
    "Node Type": "Aggregate",
    "Strategy": "Plain",
    "Partial Mode": "Finalize",
    "Parallel Aware": false,
    "Startup Cost": 88138.2,
    "Total Cost": 88138.21,
    "Plan Rows": 1,
    "Plan Width": 8,
    "Actual Startup Time": 157.694,
    "Actual Total Time": 171.67,
    "Actual Rows": 1,
    "Actual Loops": 1,
    "Plans": [
      {
        "Node Type": "Gather",
        "Parent Relationship": "Outer",
        "Parallel Aware": false,
        "Startup Cost": 88138.08,
        "Total Cost": 88138.19,
        "Plan Rows": 1,
        "Plan Width": 8,
        "Actual Startup Time": 157.553,
        "Actual Total Time": 171.661,
        "Actual Rows": 2,
        "Actual Loops": 1,
        "Workers Planned": 1,
        "Workers Launched": 1,
        "Single Copy": false,
        "Plans": [
          {
            "Node Type": "Aggregate",
            "Strategy": "Plain",
            "Partial Mode": "Partial",
            "Parent Relationship": "Outer",
            "Parallel Aware": false,
            "Startup Cost": 87138.08,
            "Total Cost": 87138.09,
            "Plan Rows": 1,
            "Plan Width": 8,
            "Actual Startup Time": 150.753,
            "Actual Total Time": 150.755,
            "Actual Rows": 1,
            "Actual Loops": 2,
            "Plans": [
              {
                "Node Type": "Nested Loop",
                "Parent Relationship": "Outer",
                "Parallel Aware": false,
                "Join Type": "Inner",
                "Startup Cost": 0.43,
                "Total Cost": 87136.29,
                "Plan Rows": 718,
                "Plan Width": 0,
                "Actual Startup Time": 95.624,
                "Actual Total Time": 150.644,
                "Actual Rows": 1254,
                "Actual Loops": 2,
                "Inner Unique": false,
                "Plans": [
                  {
                    "Node Type": "Seq Scan",
                    "Parent Relationship": "Outer",
                    "Parallel Aware": true,
                    "Relation Name": "title",
                    "Alias": "t",
                    "Startup Cost": 0.0,
                    "Total Cost": 54588.39,
                    "Plan Rows": 2132,
                    "Plan Width": 4,
                    "Actual Startup Time": 95.533,
                    "Actual Total Time": 138.933,
                    "Actual Rows": 1272,
                    "Actual Loops": 2,
                    "Filter": "(production_year = 1930)",
                    "Rows Removed by Filter": 1262884
                  },
                  {
                    "Node Type": "Index Scan",
                    "Parent Relationship": "Inner",
                    "Parallel Aware": false,
                    "Scan Direction": "Forward",
                    "Index Name": "movie_id_movie_companies",
                    "Relation Name": "movie_companies",
                    "Alias": "mc",
                    "Startup Cost": 0.43,
                    "Total Cost": 15.25,
                    "Plan Rows": 2,
                    "Plan Width": 4,
                    "Actual Startup Time": 0.007,
                    "Actual Total Time": 0.009,
                    "Actual Rows": 1,
                    "Actual Loops": 2543,
                    "Index Cond": "(movie_id = t.id)",
                    "Rows Removed by Index Recheck": 0,
                    "Filter": "((company_id < 21846) AND (company_type_id < 2))",
                    "Rows Removed by Filter": 1
                  }
                ]
              }
            ]
          }
        ]
      }
    ]
  },
  "Planning Time": 0.497,
  "Triggers": [],
  "Execution Time": 171.756
}