[
  {
    "Plan": {
      "Node Type": "Aggregate",
      "Strategy": "Plain",
      "Partial Mode": "Finalize",
      "Parallel Aware": false,
      "Startup Cost": 45990.1,
      "Total Cost": 45990.11,
      "Plan Rows": 1,
      "Plan Width": 8,
      "Actual Startup Time": 180.574,
      "Actual Total Time": 193.553,
      "Actual Rows": 1,
      "Actual Loops": 1,
      "Plans": [
        {
          "Node Type": "Gather",
          "Parent Relationship": "Outer",
          "Parallel Aware": false,
          "Startup Cost": 45989.79,
          "Total Cost": 45990.1,
          "Plan Rows": 3,
          "Plan Width": 8,
          "Actual Startup Time": 180.449,
          "Actual Total Time": 193.543,
          "Actual Rows": 4,
          "Actual Loops": 1,
          "Workers Planned": 3,
          "Workers Launched": 3,
          "Single Copy": false,
          "Plans": [
            {
              "Node Type": "Aggregate",
              "Strategy": "Plain",
              "Partial Mode": "Partial",
              "Parent Relationship": "Outer",
              "Parallel Aware": false,
              "Startup Cost": 44989.79,
              "Total Cost": 44989.8,
              "Plan Rows": 1,
              "Plan Width": 8,
              "Actual Startup Time": 173.365,
              "Actual Total Time": 173.366,
              "Actual Rows": 1,
              "Actual Loops": 4,
              "Plans": [
                {
                  "Node Type": "Seq Scan",
                  "Parent Relationship": "Outer",
                  "Parallel Aware": true,
                  "Relation Name": "movie_keyword",
                  "Alias": "mk",
                  "Startup Cost": 0.0,
                  "Total Cost": 42695.65,
                  "Plan Rows": 917653,
                  "Plan Width": 0,
                  "Actual Startup Time": 0.435,
                  "Actual Total Time": 136.341,
                  "Actual Rows": 705406,
                  "Actual Loops": 4,
                  "Filter": "(keyword_id > 2655)",
                  "Rows Removed by Filter": 425577
                }
              ]
            }
          ]
        }
      ]
    },
    "Planning Time": 0.182,
    "Triggers": [],
    "Execution Time": 193.608
  }
]