[
  {
    "Plan": {
      "Node Type": "Aggregate",
      "Strategy": "Plain",
      "Partial Mode": "Finalize",
      "Parallel Aware": false,
      "Startup Cost": 275534.85,
      "Total Cost": 275534.86,
      "Plan Rows": 1,
      "Plan Width": 8,
      "Actual Startup Time": 470.149,
      "Actual Total Time": 488.725,
      "Actual Rows": 1,
      "Actual Loops": 1,
      "Plans": [
        {
          "Node Type": "Gather",
          "Parent Relationship": "Outer",
          "Parallel Aware": false,
          "Startup Cost": 275534.53,
          "Total Cost": 275534.84,
          "Plan Rows": 3,
          "Plan Width": 8,
          "Actual Startup Time": 466.365,
          "Actual Total Time": 488.714,
          "Actual Rows": 4,
          "Actual Loops": 1,
          "Workers Planned": 3,
          "Workers Launched": 3,
          "Single Copy": false,
          "Plans": [
            {
              "Node Type": "Aggregate",
              "Strategy": "Plain",
              "Partial Mode": "Partial",
              "Parent Relationship": "Outer",
              "Parallel Aware": false,
              "Startup Cost": 274534.53,
              "Total Cost": 274534.54,
              "Plan Rows": 1,
              "Plan Width": 8,
              "Actual Startup Time": 456.227,
              "Actual Total Time": 456.232,
              "Actual Rows": 1,
              "Actual Loops": 4,
              "Plans": [
                {
                  "Node Type": "Hash Join",
                  "Parent Relationship": "Outer",
                  "Parallel Aware": true,
                  "Join Type": "Inner",
                  "Startup Cost": 227843.62,
                  "Total Cost": 274304.25,
                  "Plan Rows": 92112,
                  "Plan Width": 0,
                  "Actual Startup Time": 297.393,
                  "Actual Total Time": 453.986,
                  "Actual Rows": 51798,
                  "Actual Loops": 4,
                  "Inner Unique": false,
                  "Hash Cond": "(mk.movie_id = t.id)",
                  "Plans": [
                    {
                      "Node Type": "Seq Scan",
                      "Parent Relationship": "Outer",
                      "Parallel Aware": true,
                      "Relation Name": "movie_keyword",
                      "Alias": "mk",
                      "Startup Cost": 0.0,
                      "Total Cost": 42695.65,
                      "Plan Rows": 954868,
                      "Plan Width": 4,
                      "Actual Startup Time": 0.46,
                      "Actual Total Time": 102.757,
                      "Actual Rows": 741821,
                      "Actual Loops": 4,
                      "Filter": "(keyword_id > 2329)",
                      "Rows Removed by Filter": 389162
                    },
                    {
                      "Node Type": "Hash",
                      "Parent Relationship": "Inner",
                      "Parallel Aware": true,
                      "Startup Cost": 227233.86,
                      "Total Cost": 227233.86,
                      "Plan Rows": 48781,
                      "Plan Width": 8,
                      "Actual Startup Time": 294.579,
                      "Actual Total Time": 294.583,
                      "Actual Rows": 28740,
                      "Actual Loops": 4,
                      "Hash Buckets": 262144,
                      "Original Hash Buckets": 262144,
                      "Hash Batches": 1,
                      "Original Hash Batches": 1,
                      "Peak Memory Usage": 6592,
                      "Plans": [
                        {
                          "Node Type": "Hash Join",
                          "Parent Relationship": "Outer",
                          "Parallel Aware": true,
                          "Join Type": "Inner",
                          "Startup Cost": 62742.38,
                          "Total Cost": 227233.86,
                          "Plan Rows": 48781,
                          "Plan Width": 8,
                          "Actual Startup Time": 203.994,
                          "Actual Total Time": 282.735,
                          "Actual Rows": 28740,
                          "Actual Loops": 4,
                          "Inner Unique": true,
                          "Hash Cond": "(mi.movie_id = t.id)",
                          "Plans": [
                            {
                              "Node Type": "Bitmap Heap Scan",
                              "Parent Relationship": "Outer",
                              "Parallel Aware": true,
                              "Relation Name": "movie_info",
                              "Alias": "mi",
                              "Startup Cost": 14929.49,
                              "Total Cost": 178987.34,
                              "Plan Rows": 165188,
                              "Plan Width": 4,
                              "Actual Startup Time": 24.816,
                              "Actual Total Time": 46.569,
                              "Actual Rows": 200535,
                              "Actual Loops": 4,
                              "Recheck Cond": "(info_type_id < 2)",
                              "Rows Removed by Index Recheck": 0,
                              "Exact Heap Blocks": 1298,
                              "Lossy Heap Blocks": 0,
                              "Plans": [
                                {
                                  "Node Type": "Bitmap Index Scan",
                                  "Parent Relationship": "Outer",
                                  "Parallel Aware": false,
                                  "Index Name": "info_type_id_movie_info",
                                  "Startup Cost": 0.0,
                                  "Total Cost": 14723.0,
                                  "Plan Rows": 825942,
                                  "Plan Width": 0,
                                  "Actual Startup Time": 23.987,
                                  "Actual Total Time": 23.988,
                                  "Actual Rows": 802140,
                                  "Actual Loops": 1,
                                  "Index Cond": "(info_type_id < 2)"
                                }
                              ]
                            },
                            {
                              "Node Type": "Hash",
                              "Parent Relationship": "Inner",
                              "Parallel Aware": true,
                              "Startup Cost": 45479.59,
                              "Total Cost": 45479.59,
                              "Plan Rows": 186665,
                              "Plan Width": 4,
                              "Actual Startup Time": 175.451,
                              "Actual Total Time": 175.451,
                              "Actual Rows": 199160,
                              "Actual Loops": 4,
                              "Hash Buckets": 1048576,
                              "Original Hash Buckets": 1048576,
                              "Hash Batches": 1,
                              "Original Hash Batches": 1,
                              "Peak Memory Usage": 39392,
                              "Plans": [
                                {
                                  "Node Type": "Seq Scan",
                                  "Parent Relationship": "Outer",
                                  "Parallel Aware": true,
                                  "Relation Name": "title",
                                  "Alias": "t",
                                  "Startup Cost": 0.0,
                                  "Total Cost": 45479.59,
                                  "Plan Rows": 186665,
                                  "Plan Width": 4,
                                  "Actual Startup Time": 0.043,
                                  "Actual Total Time": 103.736,
                                  "Actual Rows": 199160,
                                  "Actual Loops": 4,
                                  "Filter": "((kind_id > 1) AND (production_year > 2005))",
                                  "Rows Removed by Filter": 432918
                                }
                              ]
                            }
                          ]
                        }
                      ]
                    }
                  ]
                }
              ]
            }
          ]
        }
      ]
    },
    "Planning Time": 1.454,
    "Triggers": [],
    "Execution Time": 488.881
  }
]