[
  {
    "Plan": {
      "Node Type": "Aggregate",
      "Strategy": "Plain",
      "Partial Mode": "Simple",
      "Parallel Aware": false,
      "Startup Cost": 27571.84,
      "Total Cost": 27571.85,
      "Plan Rows": 1,
      "Plan Width": 8,
      "Actual Startup Time": 71.345,
      "Actual Total Time": 71.346,
      "Actual Rows": 1,
      "Actual Loops": 1,
      "Plans": [
        {
          "Node Type": "Bitmap Heap Scan",
          "Parent Relationship": "Outer",
          "Parallel Aware": false,
          "Relation Name": "movie_keyword",
          "Alias": "mk",
          "Startup Cost": 1827.24,
          "Total Cost": 27356.74,
          "Plan Rows": 86040,
          "Plan Width": 0,
          "Actual Startup Time": 24.493,
          "Actual Total Time": 66.232,
          "Actual Rows": 98248,
          "Actual Loops": 1,
          "Recheck Cond": "(keyword_id < 86)",
          "Rows Removed by Index Recheck": 0,
          "Exact Heap Blocks": 21581,
          "Lossy Heap Blocks": 0,
          "Plans": [
            {
              "Node Type": "Bitmap Index Scan",
              "Parent Relationship": "Outer",
              "Parallel Aware": false,
              "Index Name": "keyword_id_movie_keyword",
              "Startup Cost": 0.0,
              "Total Cost": 1805.73,
              "Plan Rows": 86040,
              "Plan Width": 0,
              "Actual Startup Time": 18.129,
              "Actual Total Time": 18.129,
              "Actual Rows": 98248,
              "Actual Loops": 1,
              "Index Cond": "(keyword_id < 86)"
            }
          ]
        }
      ]
    },
    "Planning Time": 0.15,
    "Triggers": [],
    "Execution Time": 71.402
  }
]