[
  {
    "Plan": {
      "Node Type": "Aggregate",
      "Strategy": "Plain",
      "Partial Mode": "Simple",
      "Parallel Aware": false,
      "Startup Cost": 3230.17,
      "Total Cost": 3230.18,
      "Plan Rows": 1,
      "Plan Width": 8,
      "Actual Startup Time": 16.004,
      "Actual Total Time": 16.007,
      "Actual Rows": 1,
      "Actual Loops": 1,
      "Plans": [
        {
          "Node Type": "Nested Loop",
          "Parent Relationship": "Outer",
          "Parallel Aware": false,
          "Join Type": "Inner",
          "Startup Cost": 7.35,
          "Total Cost": 3230.08,
          "Plan Rows": 34,
          "Plan Width": 0,
          "Actual Startup Time": 1.31,
          "Actual Total Time": 15.992,
          "Actual Rows": 20,
          "Actual Loops": 1,
          "Inner Unique": false,
          "Plans": [
            {
              "Node Type": "Nested Loop",
              "Parent Relationship": "Outer",
              "Parallel Aware": false,
              "Join Type": "Inner",
              "Startup Cost": 6.78,
              "Total Cost": 3007.2,
              "Plan Rows": 52,
              "Plan Width": 8,
              "Actual Startup Time": 1.009,
              "Actual Total Time": 13.235,
              "Actual Rows": 27,
              "Actual Loops": 1,
              "Inner Unique": true,
              "Plans": [
                {
                  "Node Type": "Bitmap Heap Scan",
                  "Parent Relationship": "Outer",
                  "Parallel Aware": false,
                  "Relation Name": "movie_keyword",
                  "Alias": "mk",
                  "Startup Cost": 6.35,
                  "Total Cost": 922.98,
                  "Plan Rows": 248,
                  "Plan Width": 4,
                  "Actual Startup Time": 0.926,
                  "Actual Total Time": 3.769,
                  "Actual Rows": 1097,
                  "Actual Loops": 1,
                  "Recheck Cond": "(keyword_id = 3757)",
                  "Rows Removed by Index Recheck": 0,
                  "Exact Heap Blocks": 1027,
                  "Lossy Heap Blocks": 0,
                  "Plans": [
                    {
                      "Node Type": "Bitmap Index Scan",
                      "Parent Relationship": "Outer",
                      "Parallel Aware": false,
                      "Index Name": "keyword_id_movie_keyword",
                      "Startup Cost": 0.0,
                      "Total Cost": 6.29,
                      "Plan Rows": 248,
                      "Plan Width": 0,
                      "Actual Startup Time": 0.513,
                      "Actual Total Time": 0.514,
                      "Actual Rows": 1097,
                      "Actual Loops": 1,
                      "Index Cond": "(keyword_id = 3757)"
                    }
                  ]
                },
                {
                  "Node Type": "Index Scan",
                  "Parent Relationship": "Inner",
                  "Parallel Aware": false,
                  "Scan Direction": "Forward",
                  "Index Name": "title_pkey",
                  "Relation Name": "title",
                  "Alias": "t",
                  "Startup Cost": 0.43,
                  "Total Cost": 8.4,
                  "Plan Rows": 1,
                  "Plan Width": 4,
                  "Actual Startup Time": 0.008,
                  "Actual Total Time": 0.008,
                  "Actual Rows": 0,
                  "Actual Loops": 1097,
                  "Index Cond": "(id = mk.movie_id)",
                  "Rows Removed by Index Recheck": 0,
                  "Filter": "((kind_id > 3) AND (production_year < 1995))",
                  "Rows Removed by Filter": 1
                }
              ]
            },
            {
              "Node Type": "Index Scan",
              "Parent Relationship": "Inner",
              "Parallel Aware": false,
              "Scan Direction": "Forward",
              "Index Name": "movie_id_cast_info",
              "Relation Name": "cast_info",
              "Alias": "ci",
              "Startup Cost": 0.56,
              "Total Cost": 4.27,
              "Plan Rows": 2,
              "Plan Width": 4,
              "Actual Startup Time": 0.095,
              "Actual Total Time": 0.101,
              "Actual Rows": 1,
              "Actual Loops": 27,
              "Index Cond": "(movie_id = t.id)",
              "Rows Removed by Index Recheck": 0,
              "Filter": "((person_id < 624896) AND (role_id > 4))",
              "Rows Removed by Filter": 27
            }
          ]
        }
      ]
    },
    "Planning Time": 1.387,
    "Triggers": [],
    "Execution Time": 16.103
  }
]