[
  {
    "Plan": {
      "Node Type": "Aggregate",
      "Strategy": "Plain",
      "Partial Mode": "Finalize",
      "Parallel Aware": false,
      "Startup Cost": 46449.61,
      "Total Cost": 46449.62,
      "Plan Rows": 1,
      "Plan Width": 8,
      "Actual Startup Time": 158.616,
      "Actual Total Time": 168.029,
      "Actual Rows": 1,
      "Actual Loops": 1,
      "Plans": [
        {
          "Node Type": "Gather",
          "Parent Relationship": "Outer",
          "Parallel Aware": false,
          "Startup Cost": 46449.29,
          "Total Cost": 46449.6,
          "Plan Rows": 3,
          "Plan Width": 8,
          "Actual Startup Time": 158.501,
          "Actual Total Time": 168.02,
          "Actual Rows": 4,
          "Actual Loops": 1,
          "Workers Planned": 3,
          "Workers Launched": 3,
          "Single Copy": false,
          "Plans": [
            {
              "Node Type": "Aggregate",
              "Strategy": "Plain",
              "Partial Mode": "Partial",
              "Parent Relationship": "Outer",
              "Parallel Aware": false,
              "Startup Cost": 45449.29,
              "Total Cost": 45449.3,
              "Plan Rows": 1,
              "Plan Width": 8,
              "Actual Startup Time": 152.633,
              "Actual Total Time": 152.635,
              "Actual Rows": 1,
              "Actual Loops": 4,
              "Plans": [
                {
                  "Node Type": "Seq Scan",
                  "Parent Relationship": "Outer",
                  "Parallel Aware": true,
                  "Relation Name": "movie_keyword",
                  "Alias": "mk",
                  "Startup Cost": 0.0,
                  "Total Cost": 42695.65,
                  "Plan Rows": 1101454,
                  "Plan Width": 0,
                  "Actual Startup Time": 0.131,
                  "Actual Total Time": 116.465,
                  "Actual Rows": 851138,
                  "Actual Loops": 4,
                  "Filter": "(keyword_id > 1183)",
                  "Rows Removed by Filter": 279844
                }
              ]
            }
          ]
        }
      ]
    },
    "Planning Time": 0.122,
    "Triggers": [],
    "Execution Time": 168.072
  }
]