{
  "Plan": {
    "Node Type": "Aggregate",
    "Strategy": "Plain",
    "Partial Mode": "Finalize",
    "Parallel Aware": false,
    "Startup Cost": 645337.99,
    "Total Cost": 645338.0,
    "Plan Rows": 1,
    "Plan Width": 8,
    "Actual Startup Time": 9848.427,
    "Actual Total Time": 9914.804,
    "Actual Rows": 1,
    "Actual Loops": 1,
    "Plans": [
      {
        "Node Type": "Gather",
        "Parent Relationship": "Outer",
        "Parallel Aware": false,
        "Startup Cost": 645337.88,
        "Total Cost": 645337.99,
        "Plan Rows": 1,
        "Plan Width": 8,
        "Actual Startup Time": 9843.603,
        "Actual Total Time": 9914.797,
        "Actual Rows": 2,
        "Actual Loops": 1,
        "Workers Planned": 1,
        "Workers Launched": 1,
        "Single Copy": false,
        "Plans": [
          {
            "Node Type": "Aggregate",
            "Strategy": "Plain",
            "Partial Mode": "Partial",
            "Parent Relationship": "Outer",
            "Parallel Aware": false,
            "Startup Cost": 644337.88,
            "Total Cost": 644337.89,
            "Plan Rows": 1,
            "Plan Width": 8,
            "Actual Startup Time": 9834.6,
            "Actual Total Time": 9834.603,
            "Actual Rows": 1,
            "Actual Loops": 2,
            "Plans": [
              {
                "Node Type": "Hash Join",
                "Parent Relationship": "Outer",
                "Parallel Aware": true,
                "Join Type": "Inner",
                "Startup Cost": 72182.68,
                "Total Cost": 593916.03,
                "Plan Rows": 20168739,
                "Plan Width": 0,
                "Actual Startup Time": 535.413,
                "Actual Total Time": 9120.224,
                "Actual Rows": 17815876,
                "Actual Loops": 2,
                "Inner Unique": true,
                "Hash Cond": "(ci.movie_id = t.id)",
                "Plans": [
                  {
                    "Node Type": "Seq Scan",
                    "Parent Relationship": "Outer",
                    "Parallel Aware": true,
                    "Relation Name": "cast_info",
                    "Alias": "ci",
                    "Startup Cost": 0.0,
                    "Total Cost": 465792.95,
                    "Plan Rows": 21310595,
                    "Plan Width": 4,
                    "Actual Startup Time": 0.013,
                    "Actual Total Time": 1311.639,
                    "Actual Rows": 18122172,
                    "Actual Loops": 2
                  },
                  {
                    "Node Type": "Hash",
                    "Parent Relationship": "Inner",
                    "Parallel Aware": true,
                    "Startup Cost": 54588.39,
                    "Total Cost": 54588.39,
                    "Plan Rows": 1407543,
                    "Plan Width": 4,
                    "Actual Startup Time": 518.018,
                    "Actual Total Time": 518.018,
                    "Actual Rows": 1194350,
                    "Actual Loops": 2,
                    "Hash Buckets": 4194304,
                    "Original Hash Buckets": 4194304,
                    "Hash Batches": 1,
                    "Original Hash Batches": 1,
                    "Peak Memory Usage": 126240,
                    "Plans": [
                      {
                        "Node Type": "Seq Scan",
                        "Parent Relationship": "Outer",
                        "Parallel Aware": true,
                        "Relation Name": "title",
                        "Alias": "t",
                        "Startup Cost": 0.0,
                        "Total Cost": 54588.39,
                        "Plan Rows": 1407543,
                        "Plan Width": 4,
                        "Actual Startup Time": 0.028,
                        "Actual Total Time": 177.949,
                        "Actual Rows": 1194350,
                        "Actual Loops": 2,
                        "Filter": "(production_year > 1915)",
                        "Rows Removed by Filter": 69806
                      }
                    ]
                  }
                ]
              }
            ]
          }
        ]
      }
    ]
  },
  "Planning Time": 0.21,
  "Triggers": [],
  "Execution Time": 9914.886
}