{
    "Plan": {
        "Node Type": "Aggregate",
        "Strategy": "Plain",
        "Partial Mode": "Finalize",
        "Parallel Aware": false,
        "Startup Cost": 393426.39,
        "Total Cost": 393426.4,
        "Plan Rows": 1,
        "Plan Width": 8,
        "Actual Startup Time": 815.179,
        "Actual Total Time": 862.942,
        "Actual Rows": 1,
        "Actual Loops": 1,
        "Output": [
            "count(*)"
        ],
        "Plans": [
            {
                "Node Type": "Gather",
                "Parent Relationship": "Outer",
                "Parallel Aware": false,
                "Startup Cost": 393425.77,
                "Total Cost": 393426.38,
                "Plan Rows": 6,
                "Plan Width": 8,
                "Actual Startup Time": 808.267,
                "Actual Total Time": 862.929,
                "Actual Rows": 7,
                "Actual Loops": 1,
                "Output": [
                    "(PARTIAL count(*))"
                ],
                "Workers Planned": 6,
                "Workers Launched": 6,
                "Single Copy": false,
                "Plans": [
                    {
                        "Node Type": "Aggregate",
                        "Strategy": "Plain",
                        "Partial Mode": "Partial",
                        "Parent Relationship": "Outer",
                        "Parallel Aware": false,
                        "Startup Cost": 392425.77,
                        "Total Cost": 392425.78,
                        "Plan Rows": 1,
                        "Plan Width": 8,
                        "Actual Startup Time": 796.448,
                        "Actual Total Time": 796.452,
                        "Actual Rows": 1,
                        "Actual Loops": 7,
                        "Output": [
                            "PARTIAL count(*)"
                        ],
                        "Workers": [
                            {
                                "Worker Number": 0,
                                "Actual Startup Time": 795.091,
                                "Actual Total Time": 795.095,
                                "Actual Rows": 1,
                                "Actual Loops": 1
                            },
                            {
                                "Worker Number": 1,
                                "Actual Startup Time": 795.095,
                                "Actual Total Time": 795.099,
                                "Actual Rows": 1,
                                "Actual Loops": 1
                            },
                            {
                                "Worker Number": 2,
                                "Actual Startup Time": 794.997,
                                "Actual Total Time": 795.001,
                                "Actual Rows": 1,
                                "Actual Loops": 1
                            },
                            {
                                "Worker Number": 3,
                                "Actual Startup Time": 795.002,
                                "Actual Total Time": 795.005,
                                "Actual Rows": 1,
                                "Actual Loops": 1
                            },
                            {
                                "Worker Number": 4,
                                "Actual Startup Time": 795.555,
                                "Actual Total Time": 795.558,
                                "Actual Rows": 1,
                                "Actual Loops": 1
                            },
                            {
                                "Worker Number": 5,
                                "Actual Startup Time": 794.837,
                                "Actual Total Time": 794.84,
                                "Actual Rows": 1,
                                "Actual Loops": 1
                            }
                        ],
                        "Plans": [
                            {
                                "Node Type": "Hash Join",
                                "Parent Relationship": "Outer",
                                "Parallel Aware": true,
                                "Join Type": "Inner",
                                "Startup Cost": 48258.86,
                                "Total Cost": 392212.95,
                                "Plan Rows": 85126,
                                "Plan Width": 0,
                                "Actual Startup Time": 367.521,
                                "Actual Total Time": 794.697,
                                "Actual Rows": 31970,
                                "Actual Loops": 7,
                                "Inner Unique": true,
                                "Hash Cond": "(ci.movie_id = t.id)",
                                "Workers": [
                                    {
                                        "Worker Number": 0,
                                        "Actual Startup Time": 372.906,
                                        "Actual Total Time": 793.202,
                                        "Actual Rows": 24824,
                                        "Actual Loops": 1
                                    },
                                    {
                                        "Worker Number": 1,
                                        "Actual Startup Time": 364.975,
                                        "Actual Total Time": 793.446,
                                        "Actual Rows": 32935,
                                        "Actual Loops": 1
                                    },
                                    {
                                        "Worker Number": 2,
                                        "Actual Startup Time": 364.905,
                                        "Actual Total Time": 793.056,
                                        "Actual Rows": 27203,
                                        "Actual Loops": 1
                                    },
                                    {
                                        "Worker Number": 3,
                                        "Actual Startup Time": 364.136,
                                        "Actual Total Time": 793.391,
                                        "Actual Rows": 35423,
                                        "Actual Loops": 1
                                    },
                                    {
                                        "Worker Number": 4,
                                        "Actual Startup Time": 367.205,
                                        "Actual Total Time": 793.869,
                                        "Actual Rows": 33469,
                                        "Actual Loops": 1
                                    },
                                    {
                                        "Worker Number": 5,
                                        "Actual Startup Time": 365.684,
                                        "Actual Total Time": 793.112,
                                        "Actual Rows": 28308,
                                        "Actual Loops": 1
                                    }
                                ],
                                "Plans": [
                                    {
                                        "Node Type": "Seq Scan",
                                        "Parent Relationship": "Outer",
                                        "Parallel Aware": true,
                                        "Relation Name": "cast_info",
                                        "Schema": "public",
                                        "Alias": "ci",
                                        "Startup Cost": 0.0,
                                        "Total Cost": 343318.94,
                                        "Plan Rows": 241964,
                                        "Plan Width": 4,
                                        "Actual Startup Time": 224.715,
                                        "Actual Total Time": 609.668,
                                        "Actual Rows": 91941,
                                        "Actual Loops": 7,
                                        "Output": [
                                            "ci.id",
                                            "ci.person_id",
                                            "ci.movie_id",
                                            "ci.person_role_id",
                                            "ci.note",
                                            "ci.nr_order",
                                            "ci.role_id"
                                        ],
                                        "Filter": "((ci.person_id < 218827) AND (ci.role_id > 1))",
                                        "Rows Removed by Filter": 5085822,
                                        "Workers": [
                                            {
                                                "Worker Number": 0,
                                                "Actual Startup Time": 223.002,
                                                "Actual Total Time": 610.999,
                                                "Actual Rows": 71462,
                                                "Actual Loops": 1
                                            },
                                            {
                                                "Worker Number": 1,
                                                "Actual Startup Time": 224.899,
                                                "Actual Total Time": 609.379,
                                                "Actual Rows": 94306,
                                                "Actual Loops": 1
                                            },
                                            {
                                                "Worker Number": 2,
                                                "Actual Startup Time": 224.781,
                                                "Actual Total Time": 612.174,
                                                "Actual Rows": 78679,
                                                "Actual Loops": 1
                                            },
                                            {
                                                "Worker Number": 3,
                                                "Actual Startup Time": 224.073,
                                                "Actual Total Time": 610.031,
                                                "Actual Rows": 105586,
                                                "Actual Loops": 1
                                            },
                                            {
                                                "Worker Number": 4,
                                                "Actual Startup Time": 227.239,
                                                "Actual Total Time": 609.08,
                                                "Actual Rows": 94325,
                                                "Actual Loops": 1
                                            },
                                            {
                                                "Worker Number": 5,
                                                "Actual Startup Time": 225.744,
                                                "Actual Total Time": 610.011,
                                                "Actual Rows": 81898,
                                                "Actual Loops": 1
                                            }
                                        ]
                                    },
                                    {
                                        "Node Type": "Hash",
                                        "Parent Relationship": "Inner",
                                        "Parallel Aware": true,
                                        "Startup Cost": 45479.21,
                                        "Total Cost": 45479.21,
                                        "Plan Rows": 222372,
                                        "Plan Width": 4,
                                        "Actual Startup Time": 138.231,
                                        "Actual Total Time": 138.232,
                                        "Actual Rows": 114386,
                                        "Actual Loops": 7,
                                        "Output": [
                                            "t.id"
                                        ],
                                        "Hash Buckets": 1048576,
                                        "Original Hash Buckets": 1048576,
                                        "Hash Batches": 1,
                                        "Original Hash Batches": 1,
                                        "Peak Memory Usage": 39616,
                                        "Workers": [
                                            {
                                                "Worker Number": 0,
                                                "Actual Startup Time": 139.205,
                                                "Actual Total Time": 139.206,
                                                "Actual Rows": 91453,
                                                "Actual Loops": 1
                                            },
                                            {
                                                "Worker Number": 1,
                                                "Actual Startup Time": 139.374,
                                                "Actual Total Time": 139.376,
                                                "Actual Rows": 117661,
                                                "Actual Loops": 1
                                            },
                                            {
                                                "Worker Number": 2,
                                                "Actual Startup Time": 139.176,
                                                "Actual Total Time": 139.177,
                                                "Actual Rows": 92800,
                                                "Actual Loops": 1
                                            },
                                            {
                                                "Worker Number": 3,
                                                "Actual Startup Time": 139.157,
                                                "Actual Total Time": 139.158,
                                                "Actual Rows": 129309,
                                                "Actual Loops": 1
                                            },
                                            {
                                                "Worker Number": 4,
                                                "Actual Startup Time": 139.305,
                                                "Actual Total Time": 139.306,
                                                "Actual Rows": 117588,
                                                "Actual Loops": 1
                                            },
                                            {
                                                "Worker Number": 5,
                                                "Actual Startup Time": 139.026,
                                                "Actual Total Time": 139.027,
                                                "Actual Rows": 91761,
                                                "Actual Loops": 1
                                            }
                                        ],
                                        "Plans": [
                                            {
                                                "Node Type": "Seq Scan",
                                                "Parent Relationship": "Outer",
                                                "Parallel Aware": true,
                                                "Relation Name": "title",
                                                "Schema": "public",
                                                "Alias": "t",
                                                "Startup Cost": 0.0,
                                                "Total Cost": 45479.21,
                                                "Plan Rows": 222372,
                                                "Plan Width": 4,
                                                "Actual Startup Time": 0.063,
                                                "Actual Total Time": 81.125,
                                                "Actual Rows": 114386,
                                                "Actual Loops": 7,
                                                "Output": [
                                                    "t.id"
                                                ],
                                                "Filter": "((t.kind_id < 7) AND (t.production_year > 1954))",
                                                "Rows Removed by Filter": 246801,
                                                "Workers": [
                                                    {
                                                        "Worker Number": 0,
                                                        "Actual Startup Time": 0.07,
                                                        "Actual Total Time": 81.731,
                                                        "Actual Rows": 91453,
                                                        "Actual Loops": 1
                                                    },
                                                    {
                                                        "Worker Number": 1,
                                                        "Actual Startup Time": 0.066,
                                                        "Actual Total Time": 81.682,
                                                        "Actual Rows": 117661,
                                                        "Actual Loops": 1
                                                    },
                                                    {
                                                        "Worker Number": 2,
                                                        "Actual Startup Time": 0.068,
                                                        "Actual Total Time": 82.801,
                                                        "Actual Rows": 92800,
                                                        "Actual Loops": 1
                                                    },
                                                    {
                                                        "Worker Number": 3,
                                                        "Actual Startup Time": 0.069,
                                                        "Actual Total Time": 81.4,
                                                        "Actual Rows": 129309,
                                                        "Actual Loops": 1
                                                    },
                                                    {
                                                        "Worker Number": 4,
                                                        "Actual Startup Time": 0.067,
                                                        "Actual Total Time": 81.715,
                                                        "Actual Rows": 117588,
                                                        "Actual Loops": 1
                                                    },
                                                    {
                                                        "Worker Number": 5,
                                                        "Actual Startup Time": 0.079,
                                                        "Actual Total Time": 82.27,
                                                        "Actual Rows": 91761,
                                                        "Actual Loops": 1
                                                    }
                                                ]
                                            }
                                        ]
                                    }
                                ]
                            }
                        ]
                    }
                ]
            }
        ]
    },
    "Planning Time": 0.746,
    "Triggers": [],
    "Execution Time": 863.03
}