[
  {
    "Plan": {
      "Node Type": "Aggregate",
      "Strategy": "Plain",
      "Partial Mode": "Finalize",
      "Parallel Aware": false,
      "Startup Cost": 32955.81,
      "Total Cost": 32955.82,
      "Plan Rows": 1,
      "Plan Width": 8,
      "Actual Startup Time": 90.993,
      "Actual Total Time": 98.774,
      "Actual Rows": 1,
      "Actual Loops": 1,
      "Plans": [
        {
          "Node Type": "Gather",
          "Parent Relationship": "Outer",
          "Parallel Aware": false,
          "Startup Cost": 32955.5,
          "Total Cost": 32955.81,
          "Plan Rows": 3,
          "Plan Width": 8,
          "Actual Startup Time": 90.66,
          "Actual Total Time": 98.763,
          "Actual Rows": 4,
          "Actual Loops": 1,
          "Workers Planned": 3,
          "Workers Launched": 3,
          "Single Copy": false,
          "Plans": [
            {
              "Node Type": "Aggregate",
              "Strategy": "Plain",
              "Partial Mode": "Partial",
              "Parent Relationship": "Outer",
              "Parallel Aware": false,
              "Startup Cost": 31955.5,
              "Total Cost": 31955.51,
              "Plan Rows": 1,
              "Plan Width": 8,
              "Actual Startup Time": 83.169,
              "Actual Total Time": 83.171,
              "Actual Rows": 1,
              "Actual Loops": 4,
              "Plans": [
                {
                  "Node Type": "Seq Scan",
                  "Parent Relationship": "Outer",
                  "Parallel Aware": true,
                  "Relation Name": "movie_companies",
                  "Alias": "mc",
                  "Startup Cost": 0.0,
                  "Total Cost": 31414.82,
                  "Plan Rows": 216271,
                  "Plan Width": 0,
                  "Actual Startup Time": 48.406,
                  "Actual Total Time": 78.609,
                  "Actual Rows": 108024,
                  "Actual Loops": 4,
                  "Filter": "((company_id < 11379) AND (company_type_id = 2))",
                  "Rows Removed by Filter": 544259
                }
              ]
            }
          ]
        }
      ]
    },
    "Planning Time": 0.201,
    "Triggers": [],
    "Execution Time": 98.824
  }
]