[
  {
    "Plan": {
      "Node Type": "Aggregate",
      "Strategy": "Plain",
      "Partial Mode": "Finalize",
      "Parallel Aware": false,
      "Startup Cost": 129487.56,
      "Total Cost": 129487.57,
      "Plan Rows": 1,
      "Plan Width": 8,
      "Actual Startup Time": 922.437,
      "Actual Total Time": 947.339,
      "Actual Rows": 1,
      "Actual Loops": 1,
      "Plans": [
        {
          "Node Type": "Gather",
          "Parent Relationship": "Outer",
          "Parallel Aware": false,
          "Startup Cost": 129487.24,
          "Total Cost": 129487.55,
          "Plan Rows": 3,
          "Plan Width": 8,
          "Actual Startup Time": 911.954,
          "Actual Total Time": 947.331,
          "Actual Rows": 4,
          "Actual Loops": 1,
          "Workers Planned": 3,
          "Workers Launched": 3,
          "Single Copy": false,
          "Plans": [
            {
              "Node Type": "Aggregate",
              "Strategy": "Plain",
              "Partial Mode": "Partial",
              "Parent Relationship": "Outer",
              "Parallel Aware": false,
              "Startup Cost": 128487.24,
              "Total Cost": 128487.25,
              "Plan Rows": 1,
              "Plan Width": 8,
              "Actual Startup Time": 901.695,
              "Actual Total Time": 901.701,
              "Actual Rows": 1,
              "Actual Loops": 4,
              "Plans": [
                {
                  "Node Type": "Hash Join",
                  "Parent Relationship": "Outer",
                  "Parallel Aware": true,
                  "Join Type": "Inner",
                  "Startup Cost": 84133.92,
                  "Total Cost": 128262.95,
                  "Plan Rows": 89717,
                  "Plan Width": 0,
                  "Actual Startup Time": 679.319,
                  "Actual Total Time": 882.453,
                  "Actual Rows": 357234,
                  "Actual Loops": 4,
                  "Inner Unique": false,
                  "Hash Cond": "(mk.movie_id = t.id)",
                  "Plans": [
                    {
                      "Node Type": "Seq Scan",
                      "Parent Relationship": "Outer",
                      "Parallel Aware": true,
                      "Relation Name": "movie_keyword",
                      "Alias": "mk",
                      "Startup Cost": 0.0,
                      "Total Cost": 42695.65,
                      "Plan Rows": 322421,
                      "Plan Width": 4,
                      "Actual Startup Time": 1.66,
                      "Actual Total Time": 120.306,
                      "Actual Rows": 248514,
                      "Actual Loops": 4,
                      "Filter": "(keyword_id > 18607)",
                      "Rows Removed by Filter": 882469
                    },
                    {
                      "Node Type": "Hash",
                      "Parent Relationship": "Inner",
                      "Parallel Aware": true,
                      "Startup Cost": 81935.41,
                      "Total Cost": 81935.41,
                      "Plan Rows": 175881,
                      "Plan Width": 8,
                      "Actual Startup Time": 670.81,
                      "Actual Total Time": 670.814,
                      "Actual Rows": 227044,
                      "Actual Loops": 4,
                      "Hash Buckets": 1048576,
                      "Original Hash Buckets": 1048576,
                      "Hash Batches": 1,
                      "Original Hash Batches": 1,
                      "Peak Memory Usage": 43776,
                      "Plans": [
                        {
                          "Node Type": "Hash Join",
                          "Parent Relationship": "Outer",
                          "Parallel Aware": true,
                          "Join Type": "Inner",
                          "Startup Cost": 34887.41,
                          "Total Cost": 81935.41,
                          "Plan Rows": 175881,
                          "Plan Width": 8,
                          "Actual Startup Time": 237.775,
                          "Actual Total Time": 581.453,
                          "Actual Rows": 227044,
                          "Actual Loops": 4,
                          "Inner Unique": false,
                          "Hash Cond": "(t.id = mc.movie_id)",
                          "Plans": [
                            {
                              "Node Type": "Seq Scan",
                              "Parent Relationship": "Outer",
                              "Parallel Aware": true,
                              "Relation Name": "title",
                              "Alias": "t",
                              "Startup Cost": 0.0,
                              "Total Cost": 43898.92,
                              "Plan Rows": 516346,
                              "Plan Width": 4,
                              "Actual Startup Time": 0.014,
                              "Actual Total Time": 127.999,
                              "Actual Rows": 516138,
                              "Actual Loops": 4,
                              "Filter": "(production_year < 2011)",
                              "Rows Removed by Filter": 115940
                            },
                            {
                              "Node Type": "Hash",
                              "Parent Relationship": "Inner",
                              "Parallel Aware": true,
                              "Startup Cost": 31414.82,
                              "Total Cost": 31414.82,
                              "Plan Rows": 277807,
                              "Plan Width": 4,
                              "Actual Startup Time": 234.816,
                              "Actual Total Time": 234.817,
                              "Actual Rows": 267494,
                              "Actual Loops": 4,
                              "Hash Buckets": 2097152,
                              "Original Hash Buckets": 1048576,
                              "Hash Batches": 1,
                              "Original Hash Batches": 1,
                              "Peak Memory Usage": 66496,
                              "Plans": [
                                {
                                  "Node Type": "Seq Scan",
                                  "Parent Relationship": "Outer",
                                  "Parallel Aware": true,
                                  "Relation Name": "movie_companies",
                                  "Alias": "mc",
                                  "Startup Cost": 0.0,
                                  "Total Cost": 31414.82,
                                  "Plan Rows": 277807,
                                  "Plan Width": 4,
                                  "Actual Startup Time": 53.439,
                                  "Actual Total Time": 108.845,
                                  "Actual Rows": 267494,
                                  "Actual Loops": 4,
                                  "Filter": "((company_id > 3042) AND (company_type_id = 2))",
                                  "Rows Removed by Filter": 384788
                                }
                              ]
                            }
                          ]
                        }
                      ]
                    }
                  ]
                }
              ]
            }
          ]
        }
      ]
    },
    "Planning Time": 1.468,
    "Triggers": [],
    "Execution Time": 947.432
  }
]