[
  {
    "Plan": {
      "Node Type": "Aggregate",
      "Strategy": "Plain",
      "Partial Mode": "Finalize",
      "Parallel Aware": false,
      "Startup Cost": 83448.34,
      "Total Cost": 83448.35,
      "Plan Rows": 1,
      "Plan Width": 8,
      "Actual Startup Time": 247.768,
      "Actual Total Time": 276.203,
      "Actual Rows": 1,
      "Actual Loops": 1,
      "Plans": [
        {
          "Node Type": "Gather",
          "Parent Relationship": "Outer",
          "Parallel Aware": false,
          "Startup Cost": 83448.02,
          "Total Cost": 83448.33,
          "Plan Rows": 3,
          "Plan Width": 8,
          "Actual Startup Time": 247.384,
          "Actual Total Time": 276.194,
          "Actual Rows": 4,
          "Actual Loops": 1,
          "Workers Planned": 3,
          "Workers Launched": 3,
          "Single Copy": false,
          "Plans": [
            {
              "Node Type": "Aggregate",
              "Strategy": "Plain",
              "Partial Mode": "Partial",
              "Parent Relationship": "Outer",
              "Parallel Aware": false,
              "Startup Cost": 82448.02,
              "Total Cost": 82448.03,
              "Plan Rows": 1,
              "Plan Width": 8,
              "Actual Startup Time": 241.062,
              "Actual Total Time": 241.067,
              "Actual Rows": 1,
              "Actual Loops": 4,
              "Plans": [
                {
                  "Node Type": "Nested Loop",
                  "Parent Relationship": "Outer",
                  "Parallel Aware": false,
                  "Join Type": "Inner",
                  "Startup Cost": 38242.88,
                  "Total Cost": 82368.84,
                  "Plan Rows": 31671,
                  "Plan Width": 0,
                  "Actual Startup Time": 53.176,
                  "Actual Total Time": 237.47,
                  "Actual Rows": 64934,
                  "Actual Loops": 4,
                  "Inner Unique": false,
                  "Join Filter": "(t.id = mi.movie_id)",
                  "Rows Removed by Join Filter": 0,
                  "Plans": [
                    {
                      "Node Type": "Hash Join",
                      "Parent Relationship": "Outer",
                      "Parallel Aware": true,
                      "Join Type": "Inner",
                      "Startup Cost": 38242.44,
                      "Total Cost": 68334.79,
                      "Plan Rows": 5394,
                      "Plan Width": 8,
                      "Actual Startup Time": 53.071,
                      "Actual Total Time": 129.601,
                      "Actual Rows": 6399,
                      "Actual Loops": 4,
                      "Inner Unique": true,
                      "Hash Cond": "(mc.movie_id = t.id)",
                      "Plans": [
                        {
                          "Node Type": "Seq Scan",
                          "Parent Relationship": "Outer",
                          "Parallel Aware": true,
                          "Relation Name": "movie_companies",
                          "Alias": "mc",
                          "Startup Cost": 0.0,
                          "Total Cost": 29310.68,
                          "Plan Rows": 297778,
                          "Plan Width": 4,
                          "Actual Startup Time": 10.553,
                          "Actual Total Time": 62.054,
                          "Actual Rows": 228508,
                          "Actual Loops": 4,
                          "Filter": "(company_id > 20514)",
                          "Rows Removed by Filter": 423774
                        },
                        {
                          "Node Type": "Hash",
                          "Parent Relationship": "Inner",
                          "Parallel Aware": true,
                          "Startup Cost": 38099.32,
                          "Total Cost": 38099.32,
                          "Plan Rows": 11450,
                          "Plan Width": 4,
                          "Actual Startup Time": 42.0,
                          "Actual Total Time": 42.001,
                          "Actual Rows": 8619,
                          "Actual Loops": 4,
                          "Hash Buckets": 65536,
                          "Original Hash Buckets": 65536,
                          "Hash Batches": 1,
                          "Original Hash Batches": 1,
                          "Peak Memory Usage": 1952,
                          "Plans": [
                            {
                              "Node Type": "Bitmap Heap Scan",
                              "Parent Relationship": "Outer",
                              "Parallel Aware": true,
                              "Relation Name": "title",
                              "Alias": "t",
                              "Startup Cost": 1738.17,
                              "Total Cost": 38099.32,
                              "Plan Rows": 11450,
                              "Plan Width": 4,
                              "Actual Startup Time": 8.124,
                              "Actual Total Time": 38.564,
                              "Actual Rows": 8619,
                              "Actual Loops": 4,
                              "Recheck Cond": "(kind_id = 3)",
                              "Rows Removed by Index Recheck": 0,
                              "Filter": "(production_year > 2003)",
                              "Rows Removed by Filter": 16515,
                              "Exact Heap Blocks": 6945,
                              "Lossy Heap Blocks": 0,
                              "Plans": [
                                {
                                  "Node Type": "Bitmap Index Scan",
                                  "Parent Relationship": "Outer",
                                  "Parallel Aware": false,
                                  "Index Name": "kind_id_title",
                                  "Startup Cost": 0.0,
                                  "Total Cost": 1726.72,
                                  "Plan Rows": 96839,
                                  "Plan Width": 0,
                                  "Actual Startup Time": 10.324,
                                  "Actual Total Time": 10.325,
                                  "Actual Rows": 100537,
                                  "Actual Loops": 1,
                                  "Index Cond": "(kind_id = 3)"
                                }
                              ]
                            }
                          ]
                        }
                      ]
                    },
                    {
                      "Node Type": "Index Only Scan",
                      "Parent Relationship": "Inner",
                      "Parallel Aware": false,
                      "Scan Direction": "Forward",
                      "Index Name": "movie_id_movie_info",
                      "Relation Name": "movie_info",
                      "Alias": "mi",
                      "Startup Cost": 0.43,
                      "Total Cost": 2.09,
                      "Plan Rows": 41,
                      "Plan Width": 4,
                      "Actual Startup Time": 0.006,
                      "Actual Total Time": 0.016,
                      "Actual Rows": 10,
                      "Actual Loops": 25597,
                      "Index Cond": "(movie_id = mc.movie_id)",
                      "Rows Removed by Index Recheck": 0,
                      "Heap Fetches": 259737
                    }
                  ]
                }
              ]
            }
          ]
        }
      ]
    },
    "Planning Time": 0.918,
    "Triggers": [],
    "Execution Time": 276.273
  }
]