[
  {
    "Plan": {
      "Node Type": "Aggregate",
      "Strategy": "Plain",
      "Partial Mode": "Finalize",
      "Parallel Aware": false,
      "Startup Cost": 46572.91,
      "Total Cost": 46572.92,
      "Plan Rows": 1,
      "Plan Width": 8,
      "Actual Startup Time": 95.608,
      "Actual Total Time": 107.473,
      "Actual Rows": 1,
      "Actual Loops": 1,
      "Plans": [
        {
          "Node Type": "Gather",
          "Parent Relationship": "Outer",
          "Parallel Aware": false,
          "Startup Cost": 46572.49,
          "Total Cost": 46572.9,
          "Plan Rows": 4,
          "Plan Width": 8,
          "Actual Startup Time": 95.288,
          "Actual Total Time": 107.465,
          "Actual Rows": 5,
          "Actual Loops": 1,
          "Workers Planned": 4,
          "Workers Launched": 4,
          "Single Copy": false,
          "Plans": [
            {
              "Node Type": "Aggregate",
              "Strategy": "Plain",
              "Partial Mode": "Partial",
              "Parent Relationship": "Outer",
              "Parallel Aware": false,
              "Startup Cost": 45572.49,
              "Total Cost": 45572.5,
              "Plan Rows": 1,
              "Plan Width": 8,
              "Actual Startup Time": 85.908,
              "Actual Total Time": 85.909,
              "Actual Rows": 1,
              "Actual Loops": 5,
              "Plans": [
                {
                  "Node Type": "Seq Scan",
                  "Parent Relationship": "Outer",
                  "Parallel Aware": true,
                  "Relation Name": "title",
                  "Alias": "t",
                  "Startup Cost": 0.0,
                  "Total Cost": 45479.1,
                  "Plan Rows": 37358,
                  "Plan Width": 0,
                  "Actual Startup Time": 0.083,
                  "Actual Total Time": 85.284,
                  "Actual Rows": 6299,
                  "Actual Loops": 5,
                  "Filter": "((kind_id > 1) AND (production_year < 1957))",
                  "Rows Removed by Filter": 499363
                }
              ]
            }
          ]
        }
      ]
    },
    "Planning Time": 0.165,
    "Triggers": [],
    "Execution Time": 107.529
  }
]