[
  {
    "Plan": {
      "Node Type": "Aggregate",
      "Strategy": "Plain",
      "Partial Mode": "Finalize",
      "Parallel Aware": false,
      "Startup Cost": 128562.45,
      "Total Cost": 128562.46,
      "Plan Rows": 1,
      "Plan Width": 8,
      "Actual Startup Time": 521.444,
      "Actual Total Time": 541.686,
      "Actual Rows": 1,
      "Actual Loops": 1,
      "Plans": [
        {
          "Node Type": "Gather",
          "Parent Relationship": "Outer",
          "Parallel Aware": false,
          "Startup Cost": 128562.13,
          "Total Cost": 128562.44,
          "Plan Rows": 3,
          "Plan Width": 8,
          "Actual Startup Time": 513.867,
          "Actual Total Time": 541.675,
          "Actual Rows": 4,
          "Actual Loops": 1,
          "Workers Planned": 3,
          "Workers Launched": 3,
          "Single Copy": false,
          "Plans": [
            {
              "Node Type": "Aggregate",
              "Strategy": "Plain",
              "Partial Mode": "Partial",
              "Parent Relationship": "Outer",
              "Parallel Aware": false,
              "Startup Cost": 127562.13,
              "Total Cost": 127562.14,
              "Plan Rows": 1,
              "Plan Width": 8,
              "Actual Startup Time": 505.087,
              "Actual Total Time": 505.312,
              "Actual Rows": 1,
              "Actual Loops": 4,
              "Plans": [
                {
                  "Node Type": "Hash Join",
                  "Parent Relationship": "Outer",
                  "Parallel Aware": true,
                  "Join Type": "Inner",
                  "Startup Cost": 94739.34,
                  "Total Cost": 127190.38,
                  "Plan Rows": 148700,
                  "Plan Width": 0,
                  "Actual Startup Time": 377.522,
                  "Actual Total Time": 502.29,
                  "Actual Rows": 77243,
                  "Actual Loops": 4,
                  "Inner Unique": false,
                  "Hash Cond": "(mc.movie_id = t.id)",
                  "Plans": [
                    {
                      "Node Type": "Seq Scan",
                      "Parent Relationship": "Outer",
                      "Parallel Aware": true,
                      "Relation Name": "movie_companies",
                      "Alias": "mc",
                      "Startup Cost": 0.0,
                      "Total Cost": 29310.68,
                      "Plan Rows": 709515,
                      "Plan Width": 4,
                      "Actual Startup Time": 0.044,
                      "Actual Total Time": 67.664,
                      "Actual Rows": 548902,
                      "Actual Loops": 4,
                      "Filter": "(company_id < 80651)",
                      "Rows Removed by Filter": 103380
                    },
                    {
                      "Node Type": "Hash",
                      "Parent Relationship": "Inner",
                      "Parallel Aware": true,
                      "Startup Cost": 92602.74,
                      "Total Cost": 92602.74,
                      "Plan Rows": 170928,
                      "Plan Width": 8,
                      "Actual Startup Time": 370.381,
                      "Actual Total Time": 370.605,
                      "Actual Rows": 36638,
                      "Actual Loops": 4,
                      "Hash Buckets": 1048576,
                      "Original Hash Buckets": 1048576,
                      "Hash Batches": 1,
                      "Original Hash Batches": 1,
                      "Peak Memory Usage": 14016,
                      "Plans": [
                        {
                          "Node Type": "Hash Join",
                          "Parent Relationship": "Outer",
                          "Parallel Aware": true,
                          "Join Type": "Inner",
                          "Startup Cost": 48857.87,
                          "Total Cost": 92602.74,
                          "Plan Rows": 170928,
                          "Plan Width": 8,
                          "Actual Startup Time": 221.023,
                          "Actual Total Time": 354.958,
                          "Actual Rows": 36638,
                          "Actual Loops": 4,
                          "Inner Unique": true,
                          "Hash Cond": "(mk.movie_id = t.id)",
                          "Plans": [
                            {
                              "Node Type": "Seq Scan",
                              "Parent Relationship": "Outer",
                              "Parallel Aware": true,
                              "Relation Name": "movie_keyword",
                              "Alias": "mk",
                              "Startup Cost": 0.0,
                              "Total Cost": 42695.65,
                              "Plan Rows": 399699,
                              "Plan Width": 4,
                              "Actual Startup Time": 0.961,
                              "Actual Total Time": 90.581,
                              "Actual Rows": 311804,
                              "Actual Loops": 4,
                              "Filter": "(keyword_id > 14478)",
                              "Rows Removed by Filter": 819178
                            },
                            {
                              "Node Type": "Hash",
                              "Parent Relationship": "Inner",
                              "Parallel Aware": true,
                              "Startup Cost": 45479.1,
                              "Total Cost": 45479.1,
                              "Plan Rows": 270302,
                              "Plan Width": 4,
                              "Actual Startup Time": 215.198,
                              "Actual Total Time": 215.199,
                              "Actual Rows": 294226,
                              "Actual Loops": 4,
                              "Hash Buckets": 2097152,
                              "Original Hash Buckets": 2097152,
                              "Hash Batches": 1,
                              "Original Hash Batches": 1,
                              "Peak Memory Usage": 62496,
                              "Plans": [
                                {
                                  "Node Type": "Seq Scan",
                                  "Parent Relationship": "Outer",
                                  "Parallel Aware": true,
                                  "Relation Name": "title",
                                  "Alias": "t",
                                  "Startup Cost": 0.0,
                                  "Total Cost": 45479.1,
                                  "Plan Rows": 270302,
                                  "Plan Width": 4,
                                  "Actual Startup Time": 0.041,
                                  "Actual Total Time": 103.116,
                                  "Actual Rows": 294226,
                                  "Actual Loops": 4,
                                  "Filter": "((production_year > 1989) AND (kind_id = 7))",
                                  "Rows Removed by Filter": 337852
                                }
                              ]
                            }
                          ]
                        }
                      ]
                    }
                  ]
                }
              ]
            }
          ]
        }
      ]
    },
    "Planning Time": 1.475,
    "Triggers": [],
    "Execution Time": 541.778
  }
]