[
  {
    "Plan": {
      "Node Type": "Aggregate",
      "Strategy": "Plain",
      "Partial Mode": "Finalize",
      "Parallel Aware": false,
      "Startup Cost": 224765.1,
      "Total Cost": 224765.11,
      "Plan Rows": 1,
      "Plan Width": 8,
      "Actual Startup Time": 143.261,
      "Actual Total Time": 163.74,
      "Actual Rows": 1,
      "Actual Loops": 1,
      "Plans": [
        {
          "Node Type": "Gather",
          "Parent Relationship": "Outer",
          "Parallel Aware": false,
          "Startup Cost": 224764.68,
          "Total Cost": 224765.09,
          "Plan Rows": 4,
          "Plan Width": 8,
          "Actual Startup Time": 143.128,
          "Actual Total Time": 163.732,
          "Actual Rows": 5,
          "Actual Loops": 1,
          "Workers Planned": 4,
          "Workers Launched": 4,
          "Single Copy": false,
          "Plans": [
            {
              "Node Type": "Aggregate",
              "Strategy": "Plain",
              "Partial Mode": "Partial",
              "Parent Relationship": "Outer",
              "Parallel Aware": false,
              "Startup Cost": 223764.68,
              "Total Cost": 223764.69,
              "Plan Rows": 1,
              "Plan Width": 8,
              "Actual Startup Time": 133.184,
              "Actual Total Time": 133.186,
              "Actual Rows": 1,
              "Actual Loops": 5,
              "Plans": [
                {
                  "Node Type": "Nested Loop",
                  "Parent Relationship": "Outer",
                  "Parallel Aware": false,
                  "Join Type": "Inner",
                  "Startup Cost": 0.43,
                  "Total Cost": 223755.92,
                  "Plan Rows": 3502,
                  "Plan Width": 0,
                  "Actual Startup Time": 1.053,
                  "Actual Total Time": 132.994,
                  "Actual Rows": 1600,
                  "Actual Loops": 5,
                  "Inner Unique": false,
                  "Plans": [
                    {
                      "Node Type": "Seq Scan",
                      "Parent Relationship": "Outer",
                      "Parallel Aware": true,
                      "Relation Name": "title",
                      "Alias": "t",
                      "Startup Cost": 0.0,
                      "Total Cost": 45479.1,
                      "Plan Rows": 3823,
                      "Plan Width": 4,
                      "Actual Startup Time": 0.09,
                      "Actual Total Time": 74.071,
                      "Actual Rows": 3275,
                      "Actual Loops": 5,
                      "Filter": "((kind_id > 1) AND (production_year = 1989))",
                      "Rows Removed by Filter": 502388
                    },
                    {
                      "Node Type": "Index Scan",
                      "Parent Relationship": "Inner",
                      "Parallel Aware": false,
                      "Scan Direction": "Forward",
                      "Index Name": "movie_id_movie_info",
                      "Relation Name": "movie_info",
                      "Alias": "mi",
                      "Startup Cost": 0.43,
                      "Total Cost": 46.56,
                      "Plan Rows": 7,
                      "Plan Width": 4,
                      "Actual Startup Time": 0.014,
                      "Actual Total Time": 0.017,
                      "Actual Rows": 0,
                      "Actual Loops": 16373,
                      "Index Cond": "(movie_id = t.id)",
                      "Rows Removed by Index Recheck": 0,
                      "Filter": "(info_type_id > 16)",
                      "Rows Removed by Filter": 4
                    }
                  ]
                }
              ]
            }
          ]
        }
      ]
    },
    "Planning Time": 0.578,
    "Triggers": [],
    "Execution Time": 163.81
  }
]