[
  {
    "Plan": {
      "Node Type": "Aggregate",
      "Strategy": "Plain",
      "Partial Mode": "Finalize",
      "Parallel Aware": false,
      "Startup Cost": 377819.82,
      "Total Cost": 377819.83,
      "Plan Rows": 1,
      "Plan Width": 8,
      "Actual Startup Time": 1773.232,
      "Actual Total Time": 1838.545,
      "Actual Rows": 1,
      "Actual Loops": 1,
      "Plans": [
        {
          "Node Type": "Gather",
          "Parent Relationship": "Outer",
          "Parallel Aware": false,
          "Startup Cost": 377819.2,
          "Total Cost": 377819.81,
          "Plan Rows": 6,
          "Plan Width": 8,
          "Actual Startup Time": 1769.251,
          "Actual Total Time": 1838.516,
          "Actual Rows": 7,
          "Actual Loops": 1,
          "Workers Planned": 6,
          "Workers Launched": 6,
          "Single Copy": false,
          "Plans": [
            {
              "Node Type": "Aggregate",
              "Strategy": "Plain",
              "Partial Mode": "Partial",
              "Parent Relationship": "Outer",
              "Parallel Aware": false,
              "Startup Cost": 376819.2,
              "Total Cost": 376819.21,
              "Plan Rows": 1,
              "Plan Width": 8,
              "Actual Startup Time": 1758.498,
              "Actual Total Time": 1758.501,
              "Actual Rows": 1,
              "Actual Loops": 7,
              "Plans": [
                {
                  "Node Type": "Hash Join",
                  "Parent Relationship": "Outer",
                  "Parallel Aware": true,
                  "Join Type": "Inner",
                  "Startup Cost": 45274.43,
                  "Total Cost": 374191.23,
                  "Plan Rows": 1051188,
                  "Plan Width": 0,
                  "Actual Startup Time": 106.367,
                  "Actual Total Time": 1717.918,
                  "Actual Rows": 730465,
                  "Actual Loops": 7,
                  "Inner Unique": true,
                  "Hash Cond": "(ci.movie_id = t.id)",
                  "Plans": [
                    {
                      "Node Type": "Seq Scan",
                      "Parent Relationship": "Outer",
                      "Parallel Aware": true,
                      "Relation Name": "cast_info",
                      "Alias": "ci",
                      "Startup Cost": 0.0,
                      "Total Cost": 313067.02,
                      "Plan Rows": 6038002,
                      "Plan Width": 4,
                      "Actual Startup Time": 0.028,
                      "Actual Total Time": 603.374,
                      "Actual Rows": 5177763,
                      "Actual Loops": 7
                    },
                    {
                      "Node Type": "Hash",
                      "Parent Relationship": "Inner",
                      "Parallel Aware": true,
                      "Startup Cost": 43898.92,
                      "Total Cost": 43898.92,
                      "Plan Rows": 110041,
                      "Plan Width": 4,
                      "Actual Startup Time": 103.667,
                      "Actual Total Time": 103.668,
                      "Actual Rows": 64510,
                      "Actual Loops": 7,
                      "Hash Buckets": 524288,
                      "Original Hash Buckets": 524288,
                      "Hash Batches": 1,
                      "Original Hash Batches": 1,
                      "Peak Memory Usage": 21888,
                      "Plans": [
                        {
                          "Node Type": "Seq Scan",
                          "Parent Relationship": "Outer",
                          "Parallel Aware": true,
                          "Relation Name": "title",
                          "Alias": "t",
                          "Startup Cost": 0.0,
                          "Total Cost": 43898.92,
                          "Plan Rows": 110041,
                          "Plan Width": 4,
                          "Actual Startup Time": 0.047,
                          "Actual Total Time": 78.004,
                          "Actual Rows": 64510,
                          "Actual Loops": 7,
                          "Filter": "(production_year < 1976)",
                          "Rows Removed by Filter": 296678
                        }
                      ]
                    }
                  ]
                }
              ]
            }
          ]
        }
      ]
    },
    "Planning Time": 0.497,
    "Triggers": [],
    "Execution Time": 1838.626
  }
]