{
  "Plan": {
    "Node Type": "Aggregate",
    "Strategy": "Plain",
    "Partial Mode": "Finalize",
    "Parallel Aware": false,
    "Startup Cost": 259102.01,
    "Total Cost": 259102.02,
    "Plan Rows": 1,
    "Plan Width": 8,
    "Actual Startup Time": 454.777,
    "Actual Total Time": 499.554,
    "Actual Rows": 1,
    "Actual Loops": 1,
    "Plans": [
      {
        "Node Type": "Gather",
        "Parent Relationship": "Outer",
        "Parallel Aware": false,
        "Startup Cost": 259101.9,
        "Total Cost": 259102.01,
        "Plan Rows": 1,
        "Plan Width": 8,
        "Actual Startup Time": 454.209,
        "Actual Total Time": 499.545,
        "Actual Rows": 2,
        "Actual Loops": 1,
        "Workers Planned": 1,
        "Workers Launched": 1,
        "Single Copy": false,
        "Plans": [
          {
            "Node Type": "Aggregate",
            "Strategy": "Plain",
            "Partial Mode": "Partial",
            "Parent Relationship": "Outer",
            "Parallel Aware": false,
            "Startup Cost": 258101.9,
            "Total Cost": 258101.91,
            "Plan Rows": 1,
            "Plan Width": 8,
            "Actual Startup Time": 447.907,
            "Actual Total Time": 447.911,
            "Actual Rows": 1,
            "Actual Loops": 2,
            "Plans": [
              {
                "Node Type": "Nested Loop",
                "Parent Relationship": "Outer",
                "Parallel Aware": false,
                "Join Type": "Inner",
                "Startup Cost": 80869.49,
                "Total Cost": 258077.42,
                "Plan Rows": 9792,
                "Plan Width": 0,
                "Actual Startup Time": 190.342,
                "Actual Total Time": 445.715,
                "Actual Rows": 39255,
                "Actual Loops": 2,
                "Inner Unique": false,
                "Join Filter": "(t.id = ci.movie_id)",
                "Rows Removed by Join Filter": 0,
                "Plans": [
                  {
                    "Node Type": "Hash Join",
                    "Parent Relationship": "Outer",
                    "Parallel Aware": true,
                    "Join Type": "Inner",
                    "Startup Cost": 80868.92,
                    "Total Cost": 253923.69,
                    "Plan Rows": 1511,
                    "Plan Width": 8,
                    "Actual Startup Time": 189.982,
                    "Actual Total Time": 322.494,
                    "Actual Rows": 2570,
                    "Actual Loops": 2,
                    "Inner Unique": true,
                    "Hash Cond": "(mi.movie_id = t.id)",
                    "Plans": [
                      {
                        "Node Type": "Bitmap Heap Scan",
                        "Parent Relationship": "Outer",
                        "Parallel Aware": true,
                        "Relation Name": "movie_info",
                        "Alias": "mi",
                        "Startup Cost": 22524.06,
                        "Total Cost": 193659.01,
                        "Plan Rows": 731356,
                        "Plan Width": 4,
                        "Actual Startup Time": 51.845,
                        "Actual Total Time": 138.404,
                        "Actual Rows": 602354,
                        "Actual Loops": 2,
                        "Recheck Cond": "(info_type_id > 18)",
                        "Rows Removed by Index Recheck": 0,
                        "Exact Heap Blocks": 21022,
                        "Lossy Heap Blocks": 0,
                        "Plans": [
                          {
                            "Node Type": "Bitmap Index Scan",
                            "Parent Relationship": "Outer",
                            "Parallel Aware": false,
                            "Index Name": "info_type_id_movie_info",
                            "Startup Cost": 0.0,
                            "Total Cost": 22213.23,
                            "Plan Rows": 1243306,
                            "Plan Width": 0,
                            "Actual Startup Time": 46.318,
                            "Actual Total Time": 46.318,
                            "Actual Rows": 1204709,
                            "Actual Loops": 1,
                            "Index Cond": "(info_type_id > 18)"
                          }
                        ]
                      },
                      {
                        "Node Type": "Hash",
                        "Parent Relationship": "Inner",
                        "Parallel Aware": true,
                        "Startup Cost": 58306.47,
                        "Total Cost": 58306.47,
                        "Plan Rows": 3072,
                        "Plan Width": 4,
                        "Actual Startup Time": 135.155,
                        "Actual Total Time": 135.156,
                        "Actual Rows": 3082,
                        "Actual Loops": 2,
                        "Hash Buckets": 8192,
                        "Original Hash Buckets": 8192,
                        "Hash Batches": 1,
                        "Original Hash Batches": 1,
                        "Peak Memory Usage": 352,
                        "Plans": [
                          {
                            "Node Type": "Seq Scan",
                            "Parent Relationship": "Outer",
                            "Parallel Aware": true,
                            "Relation Name": "title",
                            "Alias": "t",
                            "Startup Cost": 0.0,
                            "Total Cost": 58306.47,
                            "Plan Rows": 3072,
                            "Plan Width": 4,
                            "Actual Startup Time": 1.081,
                            "Actual Total Time": 134.075,
                            "Actual Rows": 3082,
                            "Actual Loops": 2,
                            "Filter": "((kind_id < 4) AND (production_year = 1971))",
                            "Rows Removed by Filter": 1261074
                          }
                        ]
                      }
                    ]
                  },
                  {
                    "Node Type": "Index Scan",
                    "Parent Relationship": "Inner",
                    "Parallel Aware": false,
                    "Scan Direction": "Forward",
                    "Index Name": "movie_id_cast_info",
                    "Relation Name": "cast_info",
                    "Alias": "ci",
                    "Startup Cost": 0.56,
                    "Total Cost": 2.54,
                    "Plan Rows": 17,
                    "Plan Width": 4,
                    "Actual Startup Time": 0.034,
                    "Actual Total Time": 0.046,
                    "Actual Rows": 15,
                    "Actual Loops": 5140,
                    "Index Cond": "(movie_id = mi.movie_id)",
                    "Rows Removed by Index Recheck": 0,
                    "Filter": "(role_id > 2)",
                    "Rows Removed by Filter": 32
                  }
                ]
              }
            ]
          }
        ]
      }
    ]
  },
  "Planning Time": 1.005,
  "Triggers": [],
  "Execution Time": 499.676
}