{
  "Plan": {
    "Node Type": "Aggregate",
    "Strategy": "Plain",
    "Partial Mode": "Finalize",
    "Parallel Aware": false,
    "Startup Cost": 119072.83,
    "Total Cost": 119072.84,
    "Plan Rows": 1,
    "Plan Width": 8,
    "Actual Startup Time": 651.353,
    "Actual Total Time": 720.251,
    "Actual Rows": 1,
    "Actual Loops": 1,
    "Plans": [
      {
        "Node Type": "Gather",
        "Parent Relationship": "Outer",
        "Parallel Aware": false,
        "Startup Cost": 119072.72,
        "Total Cost": 119072.83,
        "Plan Rows": 1,
        "Plan Width": 8,
        "Actual Startup Time": 651.341,
        "Actual Total Time": 720.244,
        "Actual Rows": 2,
        "Actual Loops": 1,
        "Workers Planned": 1,
        "Workers Launched": 1,
        "Single Copy": false,
        "Plans": [
          {
            "Node Type": "Aggregate",
            "Strategy": "Plain",
            "Partial Mode": "Partial",
            "Parent Relationship": "Outer",
            "Parallel Aware": false,
            "Startup Cost": 118072.72,
            "Total Cost": 118072.73,
            "Plan Rows": 1,
            "Plan Width": 8,
            "Actual Startup Time": 644.474,
            "Actual Total Time": 644.477,
            "Actual Rows": 1,
            "Actual Loops": 2,
            "Plans": [
              {
                "Node Type": "Nested Loop",
                "Parent Relationship": "Outer",
                "Parallel Aware": false,
                "Join Type": "Inner",
                "Startup Cost": 54990.5,
                "Total Cost": 118010.41,
                "Plan Rows": 24924,
                "Plan Width": 0,
                "Actual Startup Time": 146.865,
                "Actual Total Time": 642.429,
                "Actual Rows": 32106,
                "Actual Loops": 2,
                "Inner Unique": false,
                "Join Filter": "(t.id = ci.movie_id)",
                "Rows Removed by Join Filter": 0,
                "Plans": [
                  {
                    "Node Type": "Hash Join",
                    "Parent Relationship": "Outer",
                    "Parallel Aware": true,
                    "Join Type": "Inner",
                    "Startup Cost": 54989.94,
                    "Total Cost": 73173.73,
                    "Plan Rows": 17535,
                    "Plan Width": 8,
                    "Actual Startup Time": 146.065,
                    "Actual Total Time": 257.83,
                    "Actual Rows": 15710,
                    "Actual Loops": 2,
                    "Inner Unique": true,
                    "Hash Cond": "(mi_idx.movie_id = t.id)",
                    "Plans": [
                      {
                        "Node Type": "Seq Scan",
                        "Parent Relationship": "Outer",
                        "Parallel Aware": true,
                        "Relation Name": "movie_info_idx",
                        "Alias": "mi_idx",
                        "Startup Cost": 0.0,
                        "Total Cost": 16052.85,
                        "Plan Rows": 811785,
                        "Plan Width": 4,
                        "Actual Startup Time": 0.018,
                        "Actual Total Time": 46.298,
                        "Actual Rows": 690018,
                        "Actual Loops": 2
                      },
                      {
                        "Node Type": "Hash",
                        "Parent Relationship": "Inner",
                        "Parallel Aware": true,
                        "Startup Cost": 54588.39,
                        "Total Cost": 54588.39,
                        "Plan Rows": 32124,
                        "Plan Width": 4,
                        "Actual Startup Time": 144.282,
                        "Actual Total Time": 144.283,
                        "Actual Rows": 25282,
                        "Actual Loops": 2,
                        "Hash Buckets": 65536,
                        "Original Hash Buckets": 65536,
                        "Hash Batches": 1,
                        "Original Hash Batches": 1,
                        "Peak Memory Usage": 2528,
                        "Plans": [
                          {
                            "Node Type": "Seq Scan",
                            "Parent Relationship": "Outer",
                            "Parallel Aware": true,
                            "Relation Name": "title",
                            "Alias": "t",
                            "Startup Cost": 0.0,
                            "Total Cost": 54588.39,
                            "Plan Rows": 32124,
                            "Plan Width": 4,
                            "Actual Startup Time": 0.041,
                            "Actual Total Time": 136.638,
                            "Actual Rows": 25282,
                            "Actual Loops": 2,
                            "Filter": "(production_year = 1999)",
                            "Rows Removed by Filter": 1238874
                          }
                        ]
                      }
                    ]
                  },
                  {
                    "Node Type": "Index Scan",
                    "Parent Relationship": "Inner",
                    "Parallel Aware": false,
                    "Scan Direction": "Forward",
                    "Index Name": "movie_id_cast_info",
                    "Relation Name": "cast_info",
                    "Alias": "ci",
                    "Startup Cost": 0.56,
                    "Total Cost": 2.51,
                    "Plan Rows": 4,
                    "Plan Width": 4,
                    "Actual Startup Time": 0.019,
                    "Actual Total Time": 0.024,
                    "Actual Rows": 2,
                    "Actual Loops": 31421,
                    "Index Cond": "(movie_id = mi_idx.movie_id)",
                    "Rows Removed by Index Recheck": 0,
                    "Filter": "((person_id < 1039362) AND (role_id > 3))",
                    "Rows Removed by Filter": 29
                  }
                ]
              }
            ]
          }
        ]
      }
    ]
  },
  "Planning Time": 1.082,
  "Triggers": [],
  "Execution Time": 720.358
}