{
  "Plan": {
    "Node Type": "Aggregate",
    "Strategy": "Plain",
    "Partial Mode": "Finalize",
    "Parallel Aware": false,
    "Startup Cost": 110973.28,
    "Total Cost": 110973.29,
    "Plan Rows": 1,
    "Plan Width": 8,
    "Actual Startup Time": 823.463,
    "Actual Total Time": 836.009,
    "Actual Rows": 1,
    "Actual Loops": 1,
    "Plans": [
      {
        "Node Type": "Gather",
        "Parent Relationship": "Outer",
        "Parallel Aware": false,
        "Startup Cost": 110973.16,
        "Total Cost": 110973.27,
        "Plan Rows": 1,
        "Plan Width": 8,
        "Actual Startup Time": 822.024,
        "Actual Total Time": 836.002,
        "Actual Rows": 2,
        "Actual Loops": 1,
        "Workers Planned": 1,
        "Workers Launched": 1,
        "Single Copy": false,
        "Plans": [
          {
            "Node Type": "Aggregate",
            "Strategy": "Plain",
            "Partial Mode": "Partial",
            "Parent Relationship": "Outer",
            "Parallel Aware": false,
            "Startup Cost": 109973.16,
            "Total Cost": 109973.17,
            "Plan Rows": 1,
            "Plan Width": 8,
            "Actual Startup Time": 815.942,
            "Actual Total Time": 815.946,
            "Actual Rows": 1,
            "Actual Loops": 2,
            "Plans": [
              {
                "Node Type": "Hash Join",
                "Parent Relationship": "Outer",
                "Parallel Aware": true,
                "Join Type": "Inner",
                "Startup Cost": 45057.83,
                "Total Cost": 108556.55,
                "Plan Rows": 566645,
                "Plan Width": 0,
                "Actual Startup Time": 271.476,
                "Actual Total Time": 796.213,
                "Actual Rows": 487562,
                "Actual Loops": 2,
                "Inner Unique": false,
                "Hash Cond": "(t.id = mc.movie_id)",
                "Plans": [
                  {
                    "Node Type": "Seq Scan",
                    "Parent Relationship": "Outer",
                    "Parallel Aware": true,
                    "Relation Name": "title",
                    "Alias": "t",
                    "Startup Cost": 0.0,
                    "Total Cost": 50870.31,
                    "Plan Rows": 1487231,
                    "Plan Width": 4,
                    "Actual Startup Time": 0.012,
                    "Actual Total Time": 123.614,
                    "Actual Rows": 1264156,
                    "Actual Loops": 2
                  },
                  {
                    "Node Type": "Hash",
                    "Parent Relationship": "Inner",
                    "Parallel Aware": true,
                    "Startup Cost": 37974.77,
                    "Total Cost": 37974.77,
                    "Plan Rows": 566645,
                    "Plan Width": 4,
                    "Actual Startup Time": 262.247,
                    "Actual Total Time": 262.248,
                    "Actual Rows": 487562,
                    "Actual Loops": 2,
                    "Hash Buckets": 1048576,
                    "Original Hash Buckets": 1048576,
                    "Hash Batches": 1,
                    "Original Hash Batches": 1,
                    "Peak Memory Usage": 46368,
                    "Plans": [
                      {
                        "Node Type": "Seq Scan",
                        "Parent Relationship": "Outer",
                        "Parallel Aware": true,
                        "Relation Name": "movie_companies",
                        "Alias": "mc",
                        "Startup Cost": 0.0,
                        "Total Cost": 37974.77,
                        "Plan Rows": 566645,
                        "Plan Width": 4,
                        "Actual Startup Time": 29.564,
                        "Actual Total Time": 135.769,
                        "Actual Rows": 487562,
                        "Actual Loops": 2,
                        "Filter": "(company_id > 17530)",
                        "Rows Removed by Filter": 817002
                      }
                    ]
                  }
                ]
              }
            ]
          }
        ]
      }
    ]
  },
  "Planning Time": 0.775,
  "Triggers": [],
  "Execution Time": 836.084
}