[
  {
    "Plan": {
      "Node Type": "Aggregate",
      "Strategy": "Plain",
      "Partial Mode": "Finalize",
      "Parallel Aware": false,
      "Startup Cost": 381048.95,
      "Total Cost": 381048.96,
      "Plan Rows": 1,
      "Plan Width": 8,
      "Actual Startup Time": 1121.437,
      "Actual Total Time": 1190.53,
      "Actual Rows": 1,
      "Actual Loops": 1,
      "Plans": [
        {
          "Node Type": "Gather",
          "Parent Relationship": "Outer",
          "Parallel Aware": false,
          "Startup Cost": 381048.32,
          "Total Cost": 381048.93,
          "Plan Rows": 6,
          "Plan Width": 8,
          "Actual Startup Time": 1119.231,
          "Actual Total Time": 1190.504,
          "Actual Rows": 7,
          "Actual Loops": 1,
          "Workers Planned": 6,
          "Workers Launched": 6,
          "Single Copy": false,
          "Plans": [
            {
              "Node Type": "Aggregate",
              "Strategy": "Plain",
              "Partial Mode": "Partial",
              "Parent Relationship": "Outer",
              "Parallel Aware": false,
              "Startup Cost": 380048.32,
              "Total Cost": 380048.33,
              "Plan Rows": 1,
              "Plan Width": 8,
              "Actual Startup Time": 1109.655,
              "Actual Total Time": 1109.705,
              "Actual Rows": 1,
              "Actual Loops": 7,
              "Plans": [
                {
                  "Node Type": "Hash Join",
                  "Parent Relationship": "Outer",
                  "Parallel Aware": true,
                  "Join Type": "Inner",
                  "Startup Cost": 45958.97,
                  "Total Cost": 379727.23,
                  "Plan Rows": 128436,
                  "Plan Width": 0,
                  "Actual Startup Time": 106.935,
                  "Actual Total Time": 1097.161,
                  "Actual Rows": 240729,
                  "Actual Loops": 7,
                  "Inner Unique": true,
                  "Hash Cond": "(ci.movie_id = t.id)",
                  "Plans": [
                    {
                      "Node Type": "Seq Scan",
                      "Parent Relationship": "Outer",
                      "Parallel Aware": true,
                      "Relation Name": "cast_info",
                      "Alias": "ci",
                      "Startup Cost": 0.0,
                      "Total Cost": 328211.39,
                      "Plan Rows": 2116898,
                      "Plan Width": 4,
                      "Actual Startup Time": 0.017,
                      "Actual Total Time": 706.686,
                      "Actual Rows": 1810098,
                      "Actual Loops": 7,
                      "Filter": "(role_id = 1)",
                      "Rows Removed by Filter": 3367665
                    },
                    {
                      "Node Type": "Hash",
                      "Parent Relationship": "Inner",
                      "Parallel Aware": true,
                      "Startup Cost": 45479.59,
                      "Total Cost": 45479.59,
                      "Plan Rows": 38351,
                      "Plan Width": 4,
                      "Actual Startup Time": 105.491,
                      "Actual Total Time": 105.493,
                      "Actual Rows": 42349,
                      "Actual Loops": 7,
                      "Hash Buckets": 524288,
                      "Original Hash Buckets": 262144,
                      "Hash Batches": 1,
                      "Original Hash Batches": 1,
                      "Peak Memory Usage": 17824,
                      "Plans": [
                        {
                          "Node Type": "Seq Scan",
                          "Parent Relationship": "Outer",
                          "Parallel Aware": true,
                          "Relation Name": "title",
                          "Alias": "t",
                          "Startup Cost": 0.0,
                          "Total Cost": 45479.59,
                          "Plan Rows": 38351,
                          "Plan Width": 4,
                          "Actual Startup Time": 44.468,
                          "Actual Total Time": 76.399,
                          "Actual Rows": 42349,
                          "Actual Loops": 7,
                          "Filter": "((production_year < 1986) AND (kind_id = 1))",
                          "Rows Removed by Filter": 318839
                        }
                      ]
                    }
                  ]
                }
              ]
            }
          ]
        }
      ]
    },
    "Planning Time": 0.261,
    "Triggers": [],
    "Execution Time": 1190.586
  }
]