[
  {
    "Plan": {
      "Node Type": "Aggregate",
      "Strategy": "Plain",
      "Partial Mode": "Finalize",
      "Parallel Aware": false,
      "Startup Cost": 92572.84,
      "Total Cost": 92572.85,
      "Plan Rows": 1,
      "Plan Width": 8,
      "Actual Startup Time": 296.916,
      "Actual Total Time": 317.371,
      "Actual Rows": 1,
      "Actual Loops": 1,
      "Plans": [
        {
          "Node Type": "Gather",
          "Parent Relationship": "Outer",
          "Parallel Aware": false,
          "Startup Cost": 92572.52,
          "Total Cost": 92572.83,
          "Plan Rows": 3,
          "Plan Width": 8,
          "Actual Startup Time": 296.636,
          "Actual Total Time": 317.364,
          "Actual Rows": 4,
          "Actual Loops": 1,
          "Workers Planned": 3,
          "Workers Launched": 3,
          "Single Copy": false,
          "Plans": [
            {
              "Node Type": "Aggregate",
              "Strategy": "Plain",
              "Partial Mode": "Partial",
              "Parent Relationship": "Outer",
              "Parallel Aware": false,
              "Startup Cost": 91572.52,
              "Total Cost": 91572.53,
              "Plan Rows": 1,
              "Plan Width": 8,
              "Actual Startup Time": 288.53,
              "Actual Total Time": 288.533,
              "Actual Rows": 1,
              "Actual Loops": 4,
              "Plans": [
                {
                  "Node Type": "Hash Join",
                  "Parent Relationship": "Outer",
                  "Parallel Aware": true,
                  "Join Type": "Inner",
                  "Startup Cost": 45585.17,
                  "Total Cost": 91530.97,
                  "Plan Rows": 16623,
                  "Plan Width": 0,
                  "Actual Startup Time": 105.332,
                  "Actual Total Time": 288.142,
                  "Actual Rows": 7121,
                  "Actual Loops": 4,
                  "Inner Unique": true,
                  "Hash Cond": "(mk.movie_id = t.id)",
                  "Plans": [
                    {
                      "Node Type": "Seq Scan",
                      "Parent Relationship": "Outer",
                      "Parallel Aware": true,
                      "Relation Name": "movie_keyword",
                      "Alias": "mk",
                      "Startup Cost": 0.0,
                      "Total Cost": 42695.65,
                      "Plan Rows": 1238148,
                      "Plan Width": 4,
                      "Actual Startup Time": 0.049,
                      "Actual Total Time": 118.387,
                      "Actual Rows": 957855,
                      "Actual Loops": 4,
                      "Filter": "(keyword_id > 571)",
                      "Rows Removed by Filter": 173128
                    },
                    {
                      "Node Type": "Hash",
                      "Parent Relationship": "Inner",
                      "Parallel Aware": true,
                      "Startup Cost": 45479.1,
                      "Total Cost": 45479.1,
                      "Plan Rows": 8486,
                      "Plan Width": 4,
                      "Actual Startup Time": 103.665,
                      "Actual Total Time": 103.666,
                      "Actual Rows": 9974,
                      "Actual Loops": 4,
                      "Hash Buckets": 65536,
                      "Original Hash Buckets": 65536,
                      "Hash Batches": 1,
                      "Original Hash Batches": 1,
                      "Peak Memory Usage": 2144,
                      "Plans": [
                        {
                          "Node Type": "Seq Scan",
                          "Parent Relationship": "Outer",
                          "Parallel Aware": true,
                          "Relation Name": "title",
                          "Alias": "t",
                          "Startup Cost": 0.0,
                          "Total Cost": 45479.1,
                          "Plan Rows": 8486,
                          "Plan Width": 4,
                          "Actual Startup Time": 0.052,
                          "Actual Total Time": 98.719,
                          "Actual Rows": 9974,
                          "Actual Loops": 4,
                          "Filter": "((kind_id > 3) AND (production_year = 2000))",
                          "Rows Removed by Filter": 622104
                        }
                      ]
                    }
                  ]
                }
              ]
            }
          ]
        }
      ]
    },
    "Planning Time": 0.679,
    "Triggers": [],
    "Execution Time": 317.439
  }
]