{
    "Plan": {
        "Node Type": "Aggregate",
        "Strategy": "Plain",
        "Partial Mode": "Finalize",
        "Parallel Aware": false,
        "Startup Cost": 253667.51,
        "Total Cost": 253667.52,
        "Plan Rows": 1,
        "Plan Width": 8,
        "Actual Startup Time": 756.656,
        "Actual Total Time": 799.441,
        "Actual Rows": 1,
        "Actual Loops": 1,
        "Output": [
            "count(*)"
        ],
        "Plans": [
            {
                "Node Type": "Gather",
                "Parent Relationship": "Outer",
                "Parallel Aware": false,
                "Startup Cost": 253666.99,
                "Total Cost": 253667.5,
                "Plan Rows": 5,
                "Plan Width": 8,
                "Actual Startup Time": 752.961,
                "Actual Total Time": 799.431,
                "Actual Rows": 6,
                "Actual Loops": 1,
                "Output": [
                    "(PARTIAL count(*))"
                ],
                "Workers Planned": 5,
                "Workers Launched": 5,
                "Single Copy": false,
                "Plans": [
                    {
                        "Node Type": "Aggregate",
                        "Strategy": "Plain",
                        "Partial Mode": "Partial",
                        "Parent Relationship": "Outer",
                        "Parallel Aware": false,
                        "Startup Cost": 252666.99,
                        "Total Cost": 252667.0,
                        "Plan Rows": 1,
                        "Plan Width": 8,
                        "Actual Startup Time": 742.354,
                        "Actual Total Time": 742.357,
                        "Actual Rows": 1,
                        "Actual Loops": 6,
                        "Output": [
                            "PARTIAL count(*)"
                        ],
                        "Workers": [
                            {
                                "Worker Number": 0,
                                "Actual Startup Time": 740.223,
                                "Actual Total Time": 740.227,
                                "Actual Rows": 1,
                                "Actual Loops": 1
                            },
                            {
                                "Worker Number": 1,
                                "Actual Startup Time": 740.921,
                                "Actual Total Time": 740.924,
                                "Actual Rows": 1,
                                "Actual Loops": 1
                            },
                            {
                                "Worker Number": 2,
                                "Actual Startup Time": 740.32,
                                "Actual Total Time": 740.324,
                                "Actual Rows": 1,
                                "Actual Loops": 1
                            },
                            {
                                "Worker Number": 3,
                                "Actual Startup Time": 740.399,
                                "Actual Total Time": 740.402,
                                "Actual Rows": 1,
                                "Actual Loops": 1
                            },
                            {
                                "Worker Number": 4,
                                "Actual Startup Time": 740.251,
                                "Actual Total Time": 740.254,
                                "Actual Rows": 1,
                                "Actual Loops": 1
                            }
                        ],
                        "Plans": [
                            {
                                "Node Type": "Hash Join",
                                "Parent Relationship": "Outer",
                                "Parallel Aware": true,
                                "Join Type": "Inner",
                                "Startup Cost": 48439.28,
                                "Total Cost": 251260.87,
                                "Plan Rows": 562446,
                                "Plan Width": 0,
                                "Actual Startup Time": 162.768,
                                "Actual Total Time": 730.971,
                                "Actual Rows": 275436,
                                "Actual Loops": 6,
                                "Inner Unique": true,
                                "Hash Cond": "(mi.movie_id = t.id)",
                                "Workers": [
                                    {
                                        "Worker Number": 0,
                                        "Actual Startup Time": 160.867,
                                        "Actual Total Time": 728.651,
                                        "Actual Rows": 280847,
                                        "Actual Loops": 1
                                    },
                                    {
                                        "Worker Number": 1,
                                        "Actual Startup Time": 160.709,
                                        "Actual Total Time": 729.477,
                                        "Actual Rows": 277193,
                                        "Actual Loops": 1
                                    },
                                    {
                                        "Worker Number": 2,
                                        "Actual Startup Time": 160.882,
                                        "Actual Total Time": 730.161,
                                        "Actual Rows": 243431,
                                        "Actual Loops": 1
                                    },
                                    {
                                        "Worker Number": 3,
                                        "Actual Startup Time": 160.96,
                                        "Actual Total Time": 728.911,
                                        "Actual Rows": 279467,
                                        "Actual Loops": 1
                                    },
                                    {
                                        "Worker Number": 4,
                                        "Actual Startup Time": 160.633,
                                        "Actual Total Time": 730.051,
                                        "Actual Rows": 244215,
                                        "Actual Loops": 1
                                    }
                                ],
                                "Plans": [
                                    {
                                        "Node Type": "Seq Scan",
                                        "Parent Relationship": "Outer",
                                        "Parallel Aware": true,
                                        "Relation Name": "movie_info",
                                        "Schema": "public",
                                        "Alias": "mi",
                                        "Startup Cost": 0.0,
                                        "Total Cost": 198880.74,
                                        "Plan Rows": 1501273,
                                        "Plan Width": 4,
                                        "Actual Startup Time": 15.27,
                                        "Actual Total Time": 311.213,
                                        "Actual Rows": 1258142,
                                        "Actual Loops": 6,
                                        "Output": [
                                            "mi.id",
                                            "mi.movie_id",
                                            "mi.info_type_id",
                                            "mi.info",
                                            "mi.note"
                                        ],
                                        "Filter": "(mi.info_type_id > 7)",
                                        "Rows Removed by Filter": 1214478,
                                        "Workers": [
                                            {
                                                "Worker Number": 0,
                                                "Actual Startup Time": 15.38,
                                                "Actual Total Time": 318.076,
                                                "Actual Rows": 1262928,
                                                "Actual Loops": 1
                                            },
                                            {
                                                "Worker Number": 1,
                                                "Actual Startup Time": 15.215,
                                                "Actual Total Time": 319.115,
                                                "Actual Rows": 1272696,
                                                "Actual Loops": 1
                                            },
                                            {
                                                "Worker Number": 2,
                                                "Actual Startup Time": 15.285,
                                                "Actual Total Time": 315.602,
                                                "Actual Rows": 1101552,
                                                "Actual Loops": 1
                                            },
                                            {
                                                "Worker Number": 3,
                                                "Actual Startup Time": 15.245,
                                                "Actual Total Time": 318.735,
                                                "Actual Rows": 1269076,
                                                "Actual Loops": 1
                                            },
                                            {
                                                "Worker Number": 4,
                                                "Actual Startup Time": 15.283,
                                                "Actual Total Time": 315.462,
                                                "Actual Rows": 1098875,
                                                "Actual Loops": 1
                                            }
                                        ]
                                    },
                                    {
                                        "Node Type": "Hash",
                                        "Parent Relationship": "Inner",
                                        "Parallel Aware": true,
                                        "Startup Cost": 45479.21,
                                        "Total Cost": 45479.21,
                                        "Plan Rows": 236806,
                                        "Plan Width": 4,
                                        "Actual Startup Time": 143.39,
                                        "Actual Total Time": 143.391,
                                        "Actual Rows": 147631,
                                        "Actual Loops": 6,
                                        "Output": [
                                            "t.id"
                                        ],
                                        "Hash Buckets": 1048576,
                                        "Original Hash Buckets": 1048576,
                                        "Hash Batches": 1,
                                        "Original Hash Batches": 1,
                                        "Peak Memory Usage": 42976,
                                        "Workers": [
                                            {
                                                "Worker Number": 0,
                                                "Actual Startup Time": 144.596,
                                                "Actual Total Time": 144.598,
                                                "Actual Rows": 141829,
                                                "Actual Loops": 1
                                            },
                                            {
                                                "Worker Number": 1,
                                                "Actual Startup Time": 144.717,
                                                "Actual Total Time": 144.719,
                                                "Actual Rows": 147624,
                                                "Actual Loops": 1
                                            },
                                            {
                                                "Worker Number": 2,
                                                "Actual Startup Time": 144.628,
                                                "Actual Total Time": 144.63,
                                                "Actual Rows": 120829,
                                                "Actual Loops": 1
                                            },
                                            {
                                                "Worker Number": 3,
                                                "Actual Startup Time": 144.782,
                                                "Actual Total Time": 144.783,
                                                "Actual Rows": 144023,
                                                "Actual Loops": 1
                                            },
                                            {
                                                "Worker Number": 4,
                                                "Actual Startup Time": 144.544,
                                                "Actual Total Time": 144.545,
                                                "Actual Rows": 121985,
                                                "Actual Loops": 1
                                            }
                                        ],
                                        "Plans": [
                                            {
                                                "Node Type": "Seq Scan",
                                                "Parent Relationship": "Outer",
                                                "Parallel Aware": true,
                                                "Relation Name": "title",
                                                "Schema": "public",
                                                "Alias": "t",
                                                "Startup Cost": 0.0,
                                                "Total Cost": 45479.21,
                                                "Plan Rows": 236806,
                                                "Plan Width": 4,
                                                "Actual Startup Time": 0.061,
                                                "Actual Total Time": 79.343,
                                                "Actual Rows": 147631,
                                                "Actual Loops": 6,
                                                "Output": [
                                                    "t.id"
                                                ],
                                                "Filter": "((t.kind_id > 4) AND (t.production_year < 2007))",
                                                "Rows Removed by Filter": 273755,
                                                "Workers": [
                                                    {
                                                        "Worker Number": 0,
                                                        "Actual Startup Time": 0.075,
                                                        "Actual Total Time": 80.374,
                                                        "Actual Rows": 141829,
                                                        "Actual Loops": 1
                                                    },
                                                    {
                                                        "Worker Number": 1,
                                                        "Actual Startup Time": 0.067,
                                                        "Actual Total Time": 82.052,
                                                        "Actual Rows": 147624,
                                                        "Actual Loops": 1
                                                    },
                                                    {
                                                        "Worker Number": 2,
                                                        "Actual Startup Time": 0.071,
                                                        "Actual Total Time": 80.83,
                                                        "Actual Rows": 120829,
                                                        "Actual Loops": 1
                                                    },
                                                    {
                                                        "Worker Number": 3,
                                                        "Actual Startup Time": 0.066,
                                                        "Actual Total Time": 82.251,
                                                        "Actual Rows": 144023,
                                                        "Actual Loops": 1
                                                    },
                                                    {
                                                        "Worker Number": 4,
                                                        "Actual Startup Time": 0.065,
                                                        "Actual Total Time": 80.206,
                                                        "Actual Rows": 121985,
                                                        "Actual Loops": 1
                                                    }
                                                ]
                                            }
                                        ]
                                    }
                                ]
                            }
                        ]
                    }
                ]
            }
        ]
    },
    "Planning Time": 0.791,
    "Triggers": [],
    "Execution Time": 799.523
}