[
  {
    "Plan": {
      "Node Type": "Aggregate",
      "Strategy": "Plain",
      "Partial Mode": "Finalize",
      "Parallel Aware": false,
      "Startup Cost": 33443.73,
      "Total Cost": 33443.74,
      "Plan Rows": 1,
      "Plan Width": 8,
      "Actual Startup Time": 97.619,
      "Actual Total Time": 105.753,
      "Actual Rows": 1,
      "Actual Loops": 1,
      "Plans": [
        {
          "Node Type": "Gather",
          "Parent Relationship": "Outer",
          "Parallel Aware": false,
          "Startup Cost": 33443.42,
          "Total Cost": 33443.73,
          "Plan Rows": 3,
          "Plan Width": 8,
          "Actual Startup Time": 97.486,
          "Actual Total Time": 105.745,
          "Actual Rows": 4,
          "Actual Loops": 1,
          "Workers Planned": 3,
          "Workers Launched": 3,
          "Single Copy": false,
          "Plans": [
            {
              "Node Type": "Aggregate",
              "Strategy": "Plain",
              "Partial Mode": "Partial",
              "Parent Relationship": "Outer",
              "Parallel Aware": false,
              "Startup Cost": 32443.42,
              "Total Cost": 32443.43,
              "Plan Rows": 1,
              "Plan Width": 8,
              "Actual Startup Time": 92.283,
              "Actual Total Time": 92.284,
              "Actual Rows": 1,
              "Actual Loops": 4,
              "Plans": [
                {
                  "Node Type": "Seq Scan",
                  "Parent Relationship": "Outer",
                  "Parallel Aware": true,
                  "Relation Name": "movie_companies",
                  "Alias": "mc",
                  "Startup Cost": 0.0,
                  "Total Cost": 31414.82,
                  "Plan Rows": 411439,
                  "Plan Width": 0,
                  "Actual Startup Time": 0.031,
                  "Actual Total Time": 76.249,
                  "Actual Rows": 318010,
                  "Actual Loops": 4,
                  "Filter": "((company_id > 2) AND (company_type_id < 2))",
                  "Rows Removed by Filter": 334273
                }
              ]
            }
          ]
        }
      ]
    },
    "Planning Time": 0.244,
    "Triggers": [],
    "Execution Time": 105.8
  }
]