[
  {
    "Plan": {
      "Node Type": "Aggregate",
      "Strategy": "Plain",
      "Partial Mode": "Finalize",
      "Parallel Aware": false,
      "Startup Cost": 30779.41,
      "Total Cost": 30779.42,
      "Plan Rows": 1,
      "Plan Width": 8,
      "Actual Startup Time": 77.081,
      "Actual Total Time": 84.558,
      "Actual Rows": 1,
      "Actual Loops": 1,
      "Plans": [
        {
          "Node Type": "Gather",
          "Parent Relationship": "Outer",
          "Parallel Aware": false,
          "Startup Cost": 30779.09,
          "Total Cost": 30779.4,
          "Plan Rows": 3,
          "Plan Width": 8,
          "Actual Startup Time": 76.955,
          "Actual Total Time": 84.551,
          "Actual Rows": 4,
          "Actual Loops": 1,
          "Workers Planned": 3,
          "Workers Launched": 3,
          "Single Copy": false,
          "Plans": [
            {
              "Node Type": "Aggregate",
              "Strategy": "Plain",
              "Partial Mode": "Partial",
              "Parent Relationship": "Outer",
              "Parallel Aware": false,
              "Startup Cost": 29779.09,
              "Total Cost": 29779.1,
              "Plan Rows": 1,
              "Plan Width": 8,
              "Actual Startup Time": 73.458,
              "Actual Total Time": 73.459,
              "Actual Rows": 1,
              "Actual Loops": 4,
              "Plans": [
                {
                  "Node Type": "Seq Scan",
                  "Parent Relationship": "Outer",
                  "Parallel Aware": true,
                  "Relation Name": "movie_companies",
                  "Alias": "mc",
                  "Startup Cost": 0.0,
                  "Total Cost": 29310.68,
                  "Plan Rows": 187365,
                  "Plan Width": 0,
                  "Actual Startup Time": 33.419,
                  "Actual Total Time": 66.67,
                  "Actual Rows": 143686,
                  "Actual Loops": 4,
                  "Filter": "(company_id > 71181)",
                  "Rows Removed by Filter": 508596
                }
              ]
            }
          ]
        }
      ]
    },
    "Planning Time": 0.096,
    "Triggers": [],
    "Execution Time": 84.586
  }
]