[
  {
    "Plan": {
      "Node Type": "Aggregate",
      "Strategy": "Plain",
      "Partial Mode": "Finalize",
      "Parallel Aware": false,
      "Startup Cost": 30863.26,
      "Total Cost": 30863.27,
      "Plan Rows": 1,
      "Plan Width": 8,
      "Actual Startup Time": 86.777,
      "Actual Total Time": 95.2,
      "Actual Rows": 1,
      "Actual Loops": 1,
      "Plans": [
        {
          "Node Type": "Gather",
          "Parent Relationship": "Outer",
          "Parallel Aware": false,
          "Startup Cost": 30862.94,
          "Total Cost": 30863.25,
          "Plan Rows": 3,
          "Plan Width": 8,
          "Actual Startup Time": 86.634,
          "Actual Total Time": 95.191,
          "Actual Rows": 4,
          "Actual Loops": 1,
          "Workers Planned": 3,
          "Workers Launched": 3,
          "Single Copy": false,
          "Plans": [
            {
              "Node Type": "Aggregate",
              "Strategy": "Plain",
              "Partial Mode": "Partial",
              "Parent Relationship": "Outer",
              "Parallel Aware": false,
              "Startup Cost": 29862.94,
              "Total Cost": 29862.95,
              "Plan Rows": 1,
              "Plan Width": 8,
              "Actual Startup Time": 81.437,
              "Actual Total Time": 81.438,
              "Actual Rows": 1,
              "Actual Loops": 4,
              "Plans": [
                {
                  "Node Type": "Seq Scan",
                  "Parent Relationship": "Outer",
                  "Parallel Aware": true,
                  "Relation Name": "movie_companies",
                  "Alias": "mc",
                  "Startup Cost": 0.0,
                  "Total Cost": 29310.68,
                  "Plan Rows": 220905,
                  "Plan Width": 0,
                  "Actual Startup Time": 0.026,
                  "Actual Total Time": 71.587,
                  "Actual Rows": 170329,
                  "Actual Loops": 4,
                  "Filter": "(company_id < 1159)",
                  "Rows Removed by Filter": 481953
                }
              ]
            }
          ]
        }
      ]
    },
    "Planning Time": 0.182,
    "Triggers": [],
    "Execution Time": 95.25
  }
]