[
  {
    "Plan": {
      "Node Type": "Aggregate",
      "Strategy": "Plain",
      "Partial Mode": "Finalize",
      "Parallel Aware": false,
      "Startup Cost": 386096.55,
      "Total Cost": 386096.56,
      "Plan Rows": 1,
      "Plan Width": 8,
      "Actual Startup Time": 1609.142,
      "Actual Total Time": 1667.882,
      "Actual Rows": 1,
      "Actual Loops": 1,
      "Plans": [
        {
          "Node Type": "Gather",
          "Parent Relationship": "Outer",
          "Parallel Aware": false,
          "Startup Cost": 386095.93,
          "Total Cost": 386096.54,
          "Plan Rows": 6,
          "Plan Width": 8,
          "Actual Startup Time": 1603.038,
          "Actual Total Time": 1667.869,
          "Actual Rows": 7,
          "Actual Loops": 1,
          "Workers Planned": 6,
          "Workers Launched": 6,
          "Single Copy": false,
          "Plans": [
            {
              "Node Type": "Aggregate",
              "Strategy": "Plain",
              "Partial Mode": "Partial",
              "Parent Relationship": "Outer",
              "Parallel Aware": false,
              "Startup Cost": 385095.93,
              "Total Cost": 385095.94,
              "Plan Rows": 1,
              "Plan Width": 8,
              "Actual Startup Time": 1593.174,
              "Actual Total Time": 1593.177,
              "Actual Rows": 1,
              "Actual Loops": 7,
              "Plans": [
                {
                  "Node Type": "Hash Join",
                  "Parent Relationship": "Outer",
                  "Parallel Aware": true,
                  "Join Type": "Inner",
                  "Startup Cost": 46609.23,
                  "Total Cost": 382566.0,
                  "Plan Rows": 1011971,
                  "Plan Width": 0,
                  "Actual Startup Time": 371.094,
                  "Actual Total Time": 1552.605,
                  "Actual Rows": 689553,
                  "Actual Loops": 7,
                  "Inner Unique": true,
                  "Hash Cond": "(ci.movie_id = t.id)",
                  "Plans": [
                    {
                      "Node Type": "Seq Scan",
                      "Parent Relationship": "Outer",
                      "Parallel Aware": true,
                      "Relation Name": "cast_info",
                      "Alias": "ci",
                      "Startup Cost": 0.0,
                      "Total Cost": 328211.39,
                      "Plan Rows": 2950615,
                      "Plan Width": 4,
                      "Actual Startup Time": 221.495,
                      "Actual Total Time": 686.433,
                      "Actual Rows": 2500144,
                      "Actual Loops": 7,
                      "Filter": "(person_id > 1868265)",
                      "Rows Removed by Filter": 2677620
                    },
                    {
                      "Node Type": "Hash",
                      "Parent Relationship": "Inner",
                      "Parallel Aware": true,
                      "Startup Cost": 43899.32,
                      "Total Cost": 43899.32,
                      "Plan Rows": 216793,
                      "Plan Width": 4,
                      "Actual Startup Time": 146.554,
                      "Actual Total Time": 146.555,
                      "Actual Rows": 126521,
                      "Actual Loops": 7,
                      "Hash Buckets": 1048576,
                      "Original Hash Buckets": 1048576,
                      "Hash Batches": 1,
                      "Original Hash Batches": 1,
                      "Peak Memory Usage": 42976,
                      "Plans": [
                        {
                          "Node Type": "Seq Scan",
                          "Parent Relationship": "Outer",
                          "Parallel Aware": true,
                          "Relation Name": "title",
                          "Alias": "t",
                          "Startup Cost": 0.0,
                          "Total Cost": 43899.32,
                          "Plan Rows": 216793,
                          "Plan Width": 4,
                          "Actual Startup Time": 0.04,
                          "Actual Total Time": 84.764,
                          "Actual Rows": 126521,
                          "Actual Loops": 7,
                          "Filter": "(production_year < 1997)",
                          "Rows Removed by Filter": 234666
                        }
                      ]
                    }
                  ]
                }
              ]
            }
          ]
        }
      ]
    },
    "Planning Time": 0.382,
    "Triggers": [],
    "Execution Time": 1667.951
  }
]