[
  {
    "Plan": {
      "Node Type": "Aggregate",
      "Strategy": "Plain",
      "Partial Mode": "Finalize",
      "Parallel Aware": false,
      "Startup Cost": 375745.28,
      "Total Cost": 375745.29,
      "Plan Rows": 1,
      "Plan Width": 8,
      "Actual Startup Time": 1230.635,
      "Actual Total Time": 1262.484,
      "Actual Rows": 1,
      "Actual Loops": 1,
      "Plans": [
        {
          "Node Type": "Gather",
          "Parent Relationship": "Outer",
          "Parallel Aware": false,
          "Startup Cost": 375744.65,
          "Total Cost": 375745.26,
          "Plan Rows": 6,
          "Plan Width": 8,
          "Actual Startup Time": 1203.572,
          "Actual Total Time": 1262.473,
          "Actual Rows": 7,
          "Actual Loops": 1,
          "Workers Planned": 6,
          "Workers Launched": 6,
          "Single Copy": false,
          "Plans": [
            {
              "Node Type": "Aggregate",
              "Strategy": "Plain",
              "Partial Mode": "Partial",
              "Parent Relationship": "Outer",
              "Parallel Aware": false,
              "Startup Cost": 374744.65,
              "Total Cost": 374744.66,
              "Plan Rows": 1,
              "Plan Width": 8,
              "Actual Startup Time": 1181.066,
              "Actual Total Time": 1181.458,
              "Actual Rows": 1,
              "Actual Loops": 7,
              "Plans": [
                {
                  "Node Type": "Hash Join",
                  "Parent Relationship": "Outer",
                  "Parallel Aware": true,
                  "Join Type": "Inner",
                  "Startup Cost": 104067.39,
                  "Total Cost": 370362.47,
                  "Plan Rows": 1752874,
                  "Plan Width": 0,
                  "Actual Startup Time": 428.894,
                  "Actual Total Time": 1117.312,
                  "Actual Rows": 1460605,
                  "Actual Loops": 7,
                  "Inner Unique": false,
                  "Hash Cond": "(ci.movie_id = t.id)",
                  "Plans": [
                    {
                      "Node Type": "Index Scan",
                      "Parent Relationship": "Outer",
                      "Parallel Aware": true,
                      "Scan Direction": "Forward",
                      "Index Name": "role_id_cast_info",
                      "Relation Name": "cast_info",
                      "Alias": "ci",
                      "Startup Cost": 0.56,
                      "Total Cost": 255086.64,
                      "Plan Rows": 1481221,
                      "Plan Width": 4,
                      "Actual Startup Time": 0.242,
                      "Actual Total Time": 283.933,
                      "Actual Rows": 1296868,
                      "Actual Loops": 7,
                      "Index Cond": "(role_id > 4)",
                      "Rows Removed by Index Recheck": 0,
                      "Filter": "(person_id > 226041)",
                      "Rows Removed by Filter": 43803
                    },
                    {
                      "Node Type": "Hash",
                      "Parent Relationship": "Inner",
                      "Parallel Aware": true,
                      "Startup Cost": 92002.4,
                      "Total Cost": 92002.4,
                      "Plan Rows": 965154,
                      "Plan Width": 8,
                      "Actual Startup Time": 422.085,
                      "Actual Total Time": 422.476,
                      "Actual Rows": 171888,
                      "Actual Loops": 7,
                      "Hash Buckets": 4194304,
                      "Original Hash Buckets": 4194304,
                      "Hash Batches": 1,
                      "Original Hash Batches": 1,
                      "Peak Memory Usage": 79968,
                      "Plans": [
                        {
                          "Node Type": "Hash Join",
                          "Parent Relationship": "Outer",
                          "Parallel Aware": true,
                          "Join Type": "Inner",
                          "Startup Cost": 49124.32,
                          "Total Cost": 92002.4,
                          "Plan Rows": 965154,
                          "Plan Width": 8,
                          "Actual Startup Time": 198.57,
                          "Actual Total Time": 355.263,
                          "Actual Rows": 171888,
                          "Actual Loops": 7,
                          "Inner Unique": true,
                          "Hash Cond": "(mk.movie_id = t.id)",
                          "Plans": [
                            {
                              "Node Type": "Seq Scan",
                              "Parent Relationship": "Outer",
                              "Parallel Aware": true,
                              "Relation Name": "movie_keyword",
                              "Alias": "mk",
                              "Startup Cost": 0.0,
                              "Total Cost": 39047.32,
                              "Plan Rows": 1459332,
                              "Plan Width": 4,
                              "Actual Startup Time": 0.034,
                              "Actual Total Time": 63.162,
                              "Actual Rows": 646276,
                              "Actual Loops": 7
                            },
                            {
                              "Node Type": "Hash",
                              "Parent Relationship": "Inner",
                              "Parallel Aware": true,
                              "Startup Cost": 43898.92,
                              "Total Cost": 43898.92,
                              "Plan Rows": 418032,
                              "Plan Width": 4,
                              "Actual Startup Time": 196.721,
                              "Actual Total Time": 196.722,
                              "Actual Rows": 239157,
                              "Actual Loops": 7,
                              "Hash Buckets": 2097152,
                              "Original Hash Buckets": 2097152,
                              "Hash Batches": 1,
                              "Original Hash Batches": 1,
                              "Peak Memory Usage": 82016,
                              "Plans": [
                                {
                                  "Node Type": "Seq Scan",
                                  "Parent Relationship": "Outer",
                                  "Parallel Aware": true,
                                  "Relation Name": "title",
                                  "Alias": "t",
                                  "Startup Cost": 0.0,
                                  "Total Cost": 43898.92,
                                  "Plan Rows": 418032,
                                  "Plan Width": 4,
                                  "Actual Startup Time": 0.048,
                                  "Actual Total Time": 79.671,
                                  "Actual Rows": 239157,
                                  "Actual Loops": 7,
                                  "Filter": "(kind_id > 3)",
                                  "Rows Removed by Filter": 122031
                                }
                              ]
                            }
                          ]
                        }
                      ]
                    }
                  ]
                }
              ]
            }
          ]
        }
      ]
    },
    "Planning Time": 1.404,
    "Triggers": [],
    "Execution Time": 1262.581
  }
]