[
    {
        "Bao": {
            "Bao prediction": 499.671,
            "Bao recommended hint": "(no hint)"
        }
    },
    {
        "Plan": {
            "Node Type": "Aggregate",
            "Strategy": "Plain",
            "Partial Mode": "Finalize",
            "Parallel Aware": false,
            "Startup Cost": 351442.95,
            "Total Cost": 351442.96,
            "Plan Rows": 1,
            "Plan Width": 8,
            "Actual Startup Time": 777.915,
            "Actual Total Time": 810.601,
            "Actual Rows": 1,
            "Actual Loops": 1,
            "Output": [
                "count(*)"
            ],
            "Plans": [
                {
                    "Node Type": "Gather",
                    "Parent Relationship": "Outer",
                    "Parallel Aware": false,
                    "Startup Cost": 351442.32,
                    "Total Cost": 351442.93,
                    "Plan Rows": 6,
                    "Plan Width": 8,
                    "Actual Startup Time": 777.831,
                    "Actual Total Time": 810.592,
                    "Actual Rows": 7,
                    "Actual Loops": 1,
                    "Output": [
                        "(PARTIAL count(*))"
                    ],
                    "Workers Planned": 6,
                    "Workers Launched": 6,
                    "Single Copy": false,
                    "Plans": [
                        {
                            "Node Type": "Aggregate",
                            "Strategy": "Plain",
                            "Partial Mode": "Partial",
                            "Parent Relationship": "Outer",
                            "Parallel Aware": false,
                            "Startup Cost": 350442.32,
                            "Total Cost": 350442.33,
                            "Plan Rows": 1,
                            "Plan Width": 8,
                            "Actual Startup Time": 768.453,
                            "Actual Total Time": 768.455,
                            "Actual Rows": 1,
                            "Actual Loops": 7,
                            "Output": [
                                "PARTIAL count(*)"
                            ],
                            "Workers": [
                                {
                                    "Worker Number": 0,
                                    "Actual Startup Time": 766.463,
                                    "Actual Total Time": 766.464,
                                    "Actual Rows": 1,
                                    "Actual Loops": 1
                                },
                                {
                                    "Worker Number": 1,
                                    "Actual Startup Time": 766.596,
                                    "Actual Total Time": 766.598,
                                    "Actual Rows": 1,
                                    "Actual Loops": 1
                                },
                                {
                                    "Worker Number": 2,
                                    "Actual Startup Time": 766.803,
                                    "Actual Total Time": 766.804,
                                    "Actual Rows": 1,
                                    "Actual Loops": 1
                                },
                                {
                                    "Worker Number": 3,
                                    "Actual Startup Time": 767.08,
                                    "Actual Total Time": 767.082,
                                    "Actual Rows": 1,
                                    "Actual Loops": 1
                                },
                                {
                                    "Worker Number": 4,
                                    "Actual Startup Time": 767.477,
                                    "Actual Total Time": 767.478,
                                    "Actual Rows": 1,
                                    "Actual Loops": 1
                                },
                                {
                                    "Worker Number": 5,
                                    "Actual Startup Time": 767.733,
                                    "Actual Total Time": 767.735,
                                    "Actual Rows": 1,
                                    "Actual Loops": 1
                                }
                            ],
                            "Plans": [
                                {
                                    "Node Type": "Seq Scan",
                                    "Parent Relationship": "Outer",
                                    "Parallel Aware": true,
                                    "Relation Name": "cast_info",
                                    "Schema": "public",
                                    "Alias": "ci",
                                    "Startup Cost": 0.0,
                                    "Total Cost": 343318.94,
                                    "Plan Rows": 2849353,
                                    "Plan Width": 0,
                                    "Actual Startup Time": 230.124,
                                    "Actual Total Time": 672.264,
                                    "Actual Rows": 1953954,
                                    "Actual Loops": 7,
                                    "Output": [
                                        "id",
                                        "person_id",
                                        "movie_id",
                                        "person_role_id",
                                        "note",
                                        "nr_order",
                                        "role_id"
                                    ],
                                    "Filter": "((ci.person_id < 2723230) AND (ci.role_id > 1))",
                                    "Rows Removed by Filter": 3223809,
                                    "Workers": [
                                        {
                                            "Worker Number": 0,
                                            "Actual Startup Time": 228.132,
                                            "Actual Total Time": 671.397,
                                            "Actual Rows": 2147384,
                                            "Actual Loops": 1
                                        },
                                        {
                                            "Worker Number": 1,
                                            "Actual Startup Time": 228.265,
                                            "Actual Total Time": 674.217,
                                            "Actual Rows": 2232556,
                                            "Actual Loops": 1
                                        },
                                        {
                                            "Worker Number": 2,
                                            "Actual Startup Time": 228.486,
                                            "Actual Total Time": 670.092,
                                            "Actual Rows": 1446325,
                                            "Actual Loops": 1
                                        },
                                        {
                                            "Worker Number": 3,
                                            "Actual Startup Time": 228.761,
                                            "Actual Total Time": 675.325,
                                            "Actual Rows": 2199841,
                                            "Actual Loops": 1
                                        },
                                        {
                                            "Worker Number": 4,
                                            "Actual Startup Time": 229.149,
                                            "Actual Total Time": 673.425,
                                            "Actual Rows": 2055442,
                                            "Actual Loops": 1
                                        },
                                        {
                                            "Worker Number": 5,
                                            "Actual Startup Time": 229.385,
                                            "Actual Total Time": 672.128,
                                            "Actual Rows": 1812559,
                                            "Actual Loops": 1
                                        }
                                    ]
                                }
                            ]
                        }
                    ]
                }
            ]
        },
        "Planning Time": 681.199,
        "Triggers": [],
        "Execution Time": 810.693
    }
]