{
  "Plan": {
    "Node Type": "Aggregate",
    "Strategy": "Plain",
    "Partial Mode": "Finalize",
    "Parallel Aware": false,
    "Startup Cost": 155298.24,
    "Total Cost": 155298.25,
    "Plan Rows": 1,
    "Plan Width": 8,
    "Actual Startup Time": 933.794,
    "Actual Total Time": 948.521,
    "Actual Rows": 1,
    "Actual Loops": 1,
    "Plans": [
      {
        "Node Type": "Gather",
        "Parent Relationship": "Outer",
        "Parallel Aware": false,
        "Startup Cost": 155298.13,
        "Total Cost": 155298.24,
        "Plan Rows": 1,
        "Plan Width": 8,
        "Actual Startup Time": 932.35,
        "Actual Total Time": 948.512,
        "Actual Rows": 2,
        "Actual Loops": 1,
        "Workers Planned": 1,
        "Workers Launched": 1,
        "Single Copy": false,
        "Plans": [
          {
            "Node Type": "Aggregate",
            "Strategy": "Plain",
            "Partial Mode": "Partial",
            "Parent Relationship": "Outer",
            "Parallel Aware": false,
            "Startup Cost": 154298.13,
            "Total Cost": 154298.14,
            "Plan Rows": 1,
            "Plan Width": 8,
            "Actual Startup Time": 926.241,
            "Actual Total Time": 926.652,
            "Actual Rows": 1,
            "Actual Loops": 2,
            "Plans": [
              {
                "Node Type": "Hash Join",
                "Parent Relationship": "Outer",
                "Parallel Aware": true,
                "Join Type": "Inner",
                "Startup Cost": 92189.93,
                "Total Cost": 153980.92,
                "Plan Rows": 126884,
                "Plan Width": 0,
                "Actual Startup Time": 531.988,
                "Actual Total Time": 878.222,
                "Actual Rows": 1127620,
                "Actual Loops": 2,
                "Inner Unique": false,
                "Hash Cond": "(mk.movie_id = t.id)",
                "Plans": [
                  {
                    "Node Type": "Seq Scan",
                    "Parent Relationship": "Outer",
                    "Parallel Aware": true,
                    "Relation Name": "movie_keyword",
                    "Alias": "mk",
                    "Startup Cost": 0.0,
                    "Total Cost": 51065.35,
                    "Plan Rows": 2661135,
                    "Plan Width": 4,
                    "Actual Startup Time": 0.011,
                    "Actual Total Time": 151.538,
                    "Actual Rows": 2261965,
                    "Actual Loops": 2
                  },
                  {
                    "Node Type": "Hash",
                    "Parent Relationship": "Inner",
                    "Parallel Aware": true,
                    "Startup Cost": 91303.53,
                    "Total Cost": 91303.53,
                    "Plan Rows": 70912,
                    "Plan Width": 8,
                    "Actual Startup Time": 460.489,
                    "Actual Total Time": 460.898,
                    "Actual Rows": 120244,
                    "Actual Loops": 2,
                    "Hash Buckets": 262144,
                    "Original Hash Buckets": 131072,
                    "Hash Batches": 1,
                    "Original Hash Batches": 1,
                    "Peak Memory Usage": 12512,
                    "Plans": [
                      {
                        "Node Type": "Hash Join",
                        "Parent Relationship": "Outer",
                        "Parallel Aware": true,
                        "Join Type": "Inner",
                        "Startup Cost": 28704.69,
                        "Total Cost": 91303.53,
                        "Plan Rows": 70912,
                        "Plan Width": 8,
                        "Actual Startup Time": 259.51,
                        "Actual Total Time": 428.956,
                        "Actual Rows": 120244,
                        "Actual Loops": 2,
                        "Inner Unique": false,
                        "Hash Cond": "(t.id = mc.movie_id)",
                        "Plans": [
                          {
                            "Node Type": "Seq Scan",
                            "Parent Relationship": "Outer",
                            "Parallel Aware": true,
                            "Relation Name": "title",
                            "Alias": "t",
                            "Startup Cost": 0.0,
                            "Total Cost": 54588.39,
                            "Plan Rows": 1214931,
                            "Plan Width": 4,
                            "Actual Startup Time": 0.011,
                            "Actual Total Time": 151.945,
                            "Actual Rows": 1032276,
                            "Actual Loops": 2,
                            "Filter": "(production_year < 2011)",
                            "Rows Removed by Filter": 231880
                          },
                          {
                            "Node Type": "Hash",
                            "Parent Relationship": "Inner",
                            "Parallel Aware": true,
                            "Startup Cost": 27619.63,
                            "Total Cost": 27619.63,
                            "Plan Rows": 86805,
                            "Plan Width": 4,
                            "Actual Startup Time": 97.197,
                            "Actual Total Time": 97.198,
                            "Actual Rows": 143810,
                            "Actual Loops": 2,
                            "Hash Buckets": 524288,
                            "Original Hash Buckets": 262144,
                            "Hash Batches": 1,
                            "Original Hash Batches": 1,
                            "Peak Memory Usage": 17440,
                            "Plans": [
                              {
                                "Node Type": "Bitmap Heap Scan",
                                "Parent Relationship": "Outer",
                                "Parallel Aware": true,
                                "Relation Name": "movie_companies",
                                "Alias": "mc",
                                "Startup Cost": 6265.14,
                                "Total Cost": 27619.63,
                                "Plan Rows": 86805,
                                "Plan Width": 4,
                                "Actual Startup Time": 25.23,
                                "Actual Total Time": 62.215,
                                "Actual Rows": 143810,
                                "Actual Loops": 2,
                                "Recheck Cond": "(company_id > 95125)",
                                "Rows Removed by Index Recheck": 0,
                                "Filter": "(company_type_id > 1)",
                                "Rows Removed by Filter": 0,
                                "Exact Heap Blocks": 3187,
                                "Lossy Heap Blocks": 0,
                                "Plans": [
                                  {
                                    "Node Type": "Bitmap Index Scan",
                                    "Parent Relationship": "Outer",
                                    "Parallel Aware": false,
                                    "Index Name": "company_id_movie_companies",
                                    "Startup Cost": 0.0,
                                    "Total Cost": 6228.25,
                                    "Plan Rows": 290642,
                                    "Plan Width": 0,
                                    "Actual Startup Time": 25.699,
                                    "Actual Total Time": 25.699,
                                    "Actual Rows": 287619,
                                    "Actual Loops": 1,
                                    "Index Cond": "(company_id > 95125)"
                                  }
                                ]
                              }
                            ]
                          }
                        ]
                      }
                    ]
                  }
                ]
              }
            ]
          }
        ]
      }
    ]
  },
  "Planning Time": 0.883,
  "Triggers": [],
  "Execution Time": 948.623
}