[
  {
    "Plan": {
      "Node Type": "Aggregate",
      "Strategy": "Plain",
      "Partial Mode": "Finalize",
      "Parallel Aware": false,
      "Startup Cost": 95733.94,
      "Total Cost": 95733.95,
      "Plan Rows": 1,
      "Plan Width": 8,
      "Actual Startup Time": 240.649,
      "Actual Total Time": 261.569,
      "Actual Rows": 1,
      "Actual Loops": 1,
      "Plans": [
        {
          "Node Type": "Gather",
          "Parent Relationship": "Outer",
          "Parallel Aware": false,
          "Startup Cost": 95733.62,
          "Total Cost": 95733.93,
          "Plan Rows": 3,
          "Plan Width": 8,
          "Actual Startup Time": 240.456,
          "Actual Total Time": 261.56,
          "Actual Rows": 4,
          "Actual Loops": 1,
          "Workers Planned": 3,
          "Workers Launched": 3,
          "Single Copy": false,
          "Plans": [
            {
              "Node Type": "Aggregate",
              "Strategy": "Plain",
              "Partial Mode": "Partial",
              "Parent Relationship": "Outer",
              "Parallel Aware": false,
              "Startup Cost": 94733.62,
              "Total Cost": 94733.63,
              "Plan Rows": 1,
              "Plan Width": 8,
              "Actual Startup Time": 231.135,
              "Actual Total Time": 231.138,
              "Actual Rows": 1,
              "Actual Loops": 4,
              "Plans": [
                {
                  "Node Type": "Nested Loop",
                  "Parent Relationship": "Outer",
                  "Parallel Aware": false,
                  "Join Type": "Inner",
                  "Startup Cost": 43996.88,
                  "Total Cost": 94727.64,
                  "Plan Rows": 2391,
                  "Plan Width": 0,
                  "Actual Startup Time": 122.649,
                  "Actual Total Time": 231.027,
                  "Actual Rows": 828,
                  "Actual Loops": 4,
                  "Inner Unique": false,
                  "Join Filter": "(t.id = mi.movie_id)",
                  "Rows Removed by Join Filter": 0,
                  "Plans": [
                    {
                      "Node Type": "Hash Join",
                      "Parent Relationship": "Outer",
                      "Parallel Aware": true,
                      "Join Type": "Inner",
                      "Startup Cost": 43996.44,
                      "Total Cost": 87317.2,
                      "Plan Rows": 2939,
                      "Plan Width": 8,
                      "Actual Startup Time": 122.516,
                      "Actual Total Time": 212.582,
                      "Actual Rows": 626,
                      "Actual Loops": 4,
                      "Inner Unique": true,
                      "Hash Cond": "(mk.movie_id = t.id)",
                      "Plans": [
                        {
                          "Node Type": "Seq Scan",
                          "Parent Relationship": "Outer",
                          "Parallel Aware": true,
                          "Relation Name": "movie_keyword",
                          "Alias": "mk",
                          "Startup Cost": 0.0,
                          "Total Cost": 42695.65,
                          "Plan Rows": 238135,
                          "Plan Width": 4,
                          "Actual Startup Time": 0.022,
                          "Actual Total Time": 91.115,
                          "Actual Rows": 187639,
                          "Actual Loops": 4,
                          "Filter": "(keyword_id < 683)",
                          "Rows Removed by Filter": 943344
                        },
                        {
                          "Node Type": "Hash",
                          "Parent Relationship": "Inner",
                          "Parallel Aware": true,
                          "Startup Cost": 43898.92,
                          "Total Cost": 43898.92,
                          "Plan Rows": 7802,
                          "Plan Width": 4,
                          "Actual Startup Time": 99.611,
                          "Actual Total Time": 99.611,
                          "Actual Rows": 8762,
                          "Actual Loops": 4,
                          "Hash Buckets": 32768,
                          "Original Hash Buckets": 32768,
                          "Hash Batches": 1,
                          "Original Hash Batches": 1,
                          "Peak Memory Usage": 1664,
                          "Plans": [
                            {
                              "Node Type": "Seq Scan",
                              "Parent Relationship": "Outer",
                              "Parallel Aware": true,
                              "Relation Name": "title",
                              "Alias": "t",
                              "Startup Cost": 0.0,
                              "Total Cost": 43898.92,
                              "Plan Rows": 7802,
                              "Plan Width": 4,
                              "Actual Startup Time": 60.164,
                              "Actual Total Time": 96.548,
                              "Actual Rows": 8762,
                              "Actual Loops": 4,
                              "Filter": "(production_year < 1912)",
                              "Rows Removed by Filter": 623316
                            }
                          ]
                        }
                      ]
                    },
                    {
                      "Node Type": "Index Scan",
                      "Parent Relationship": "Inner",
                      "Parallel Aware": false,
                      "Scan Direction": "Forward",
                      "Index Name": "movie_id_movie_info",
                      "Relation Name": "movie_info",
                      "Alias": "mi",
                      "Startup Cost": 0.43,
                      "Total Cost": 2.45,
                      "Plan Rows": 6,
                      "Plan Width": 4,
                      "Actual Startup Time": 0.02,
                      "Actual Total Time": 0.029,
                      "Actual Rows": 1,
                      "Actual Loops": 2504,
                      "Index Cond": "(movie_id = mk.movie_id)",
                      "Rows Removed by Index Recheck": 0,
                      "Filter": "(info_type_id < 3)",
                      "Rows Removed by Filter": 10
                    }
                  ]
                }
              ]
            }
          ]
        }
      ]
    },
    "Planning Time": 1.382,
    "Triggers": [],
    "Execution Time": 261.661
  }
]