{
  "Plan": {
    "Node Type": "Aggregate",
    "Strategy": "Plain",
    "Partial Mode": "Finalize",
    "Parallel Aware": false,
    "Startup Cost": 329150.24,
    "Total Cost": 329150.25,
    "Plan Rows": 1,
    "Plan Width": 8,
    "Actual Startup Time": 1610.622,
    "Actual Total Time": 1660.944,
    "Actual Rows": 1,
    "Actual Loops": 1,
    "Plans": [
      {
        "Node Type": "Gather",
        "Parent Relationship": "Outer",
        "Parallel Aware": false,
        "Startup Cost": 329150.12,
        "Total Cost": 329150.23,
        "Plan Rows": 1,
        "Plan Width": 8,
        "Actual Startup Time": 1610.198,
        "Actual Total Time": 1660.937,
        "Actual Rows": 2,
        "Actual Loops": 1,
        "Workers Planned": 1,
        "Workers Launched": 1,
        "Single Copy": false,
        "Plans": [
          {
            "Node Type": "Aggregate",
            "Strategy": "Plain",
            "Partial Mode": "Partial",
            "Parent Relationship": "Outer",
            "Parallel Aware": false,
            "Startup Cost": 328150.12,
            "Total Cost": 328150.13,
            "Plan Rows": 1,
            "Plan Width": 8,
            "Actual Startup Time": 1604.489,
            "Actual Total Time": 1604.492,
            "Actual Rows": 1,
            "Actual Loops": 2,
            "Plans": [
              {
                "Node Type": "Hash Join",
                "Parent Relationship": "Outer",
                "Parallel Aware": true,
                "Join Type": "Inner",
                "Startup Cost": 55408.06,
                "Total Cost": 327191.55,
                "Plan Rows": 383428,
                "Plan Width": 0,
                "Actual Startup Time": 177.076,
                "Actual Total Time": 1579.693,
                "Actual Rows": 607997,
                "Actual Loops": 2,
                "Inner Unique": true,
                "Hash Cond": "(mi.movie_id = t.id)",
                "Plans": [
                  {
                    "Node Type": "Seq Scan",
                    "Parent Relationship": "Outer",
                    "Parallel Aware": true,
                    "Relation Name": "movie_info",
                    "Alias": "mi",
                    "Startup Cost": 0.0,
                    "Total Cost": 248955.74,
                    "Plan Rows": 8696274,
                    "Plan Width": 4,
                    "Actual Startup Time": 0.009,
                    "Actual Total Time": 608.623,
                    "Actual Rows": 7417860,
                    "Actual Loops": 2
                  },
                  {
                    "Node Type": "Hash",
                    "Parent Relationship": "Inner",
                    "Parallel Aware": true,
                    "Startup Cost": 54588.39,
                    "Total Cost": 54588.39,
                    "Plan Rows": 65574,
                    "Plan Width": 4,
                    "Actual Startup Time": 152.598,
                    "Actual Total Time": 152.599,
                    "Actual Rows": 56258,
                    "Actual Loops": 2,
                    "Hash Buckets": 131072,
                    "Original Hash Buckets": 131072,
                    "Hash Batches": 1,
                    "Original Hash Batches": 1,
                    "Peak Memory Usage": 5472,
                    "Plans": [
                      {
                        "Node Type": "Seq Scan",
                        "Parent Relationship": "Outer",
                        "Parallel Aware": true,
                        "Relation Name": "title",
                        "Alias": "t",
                        "Startup Cost": 0.0,
                        "Total Cost": 54588.39,
                        "Plan Rows": 65574,
                        "Plan Width": 4,
                        "Actual Startup Time": 71.586,
                        "Actual Total Time": 140.536,
                        "Actual Rows": 56258,
                        "Actual Loops": 2,
                        "Filter": "(production_year < 1929)",
                        "Rows Removed by Filter": 1207898
                      }
                    ]
                  }
                ]
              }
            ]
          }
        ]
      }
    ]
  },
  "Planning Time": 0.403,
  "Triggers": [],
  "Execution Time": 1661.02
}