[
  {
    "Plan": {
      "Node Type": "Aggregate",
      "Strategy": "Plain",
      "Partial Mode": "Finalize",
      "Parallel Aware": false,
      "Startup Cost": 175039.18,
      "Total Cost": 175039.19,
      "Plan Rows": 1,
      "Plan Width": 8,
      "Actual Startup Time": 502.84,
      "Actual Total Time": 528.602,
      "Actual Rows": 1,
      "Actual Loops": 1,
      "Plans": [
        {
          "Node Type": "Gather",
          "Parent Relationship": "Outer",
          "Parallel Aware": false,
          "Startup Cost": 175038.66,
          "Total Cost": 175039.17,
          "Plan Rows": 5,
          "Plan Width": 8,
          "Actual Startup Time": 495.377,
          "Actual Total Time": 528.591,
          "Actual Rows": 6,
          "Actual Loops": 1,
          "Workers Planned": 5,
          "Workers Launched": 5,
          "Single Copy": false,
          "Plans": [
            {
              "Node Type": "Aggregate",
              "Strategy": "Plain",
              "Partial Mode": "Partial",
              "Parent Relationship": "Outer",
              "Parallel Aware": false,
              "Startup Cost": 174038.66,
              "Total Cost": 174038.67,
              "Plan Rows": 1,
              "Plan Width": 8,
              "Actual Startup Time": 486.992,
              "Actual Total Time": 486.996,
              "Actual Rows": 1,
              "Actual Loops": 6,
              "Plans": [
                {
                  "Node Type": "Hash Join",
                  "Parent Relationship": "Outer",
                  "Parallel Aware": true,
                  "Join Type": "Inner",
                  "Startup Cost": 46289.85,
                  "Total Cost": 173797.71,
                  "Plan Rows": 96380,
                  "Plan Width": 0,
                  "Actual Startup Time": 147.769,
                  "Actual Total Time": 482.261,
                  "Actual Rows": 97141,
                  "Actual Loops": 6,
                  "Inner Unique": true,
                  "Hash Cond": "(ci.movie_id = t.id)",
                  "Plans": [
                    {
                      "Node Type": "Index Scan",
                      "Parent Relationship": "Outer",
                      "Parallel Aware": true,
                      "Scan Direction": "Forward",
                      "Index Name": "role_id_cast_info",
                      "Relation Name": "cast_info",
                      "Alias": "ci",
                      "Startup Cost": 0.56,
                      "Total Cost": 126672.01,
                      "Plan Rows": 318637,
                      "Plan Width": 4,
                      "Actual Startup Time": 0.233,
                      "Actual Total Time": 174.892,
                      "Actual Rows": 606455,
                      "Actual Loops": 6,
                      "Index Cond": "(role_id > 9)",
                      "Rows Removed by Index Recheck": 0,
                      "Filter": "(person_id > 2457560)",
                      "Rows Removed by Filter": 166734
                    },
                    {
                      "Node Type": "Hash",
                      "Parent Relationship": "Inner",
                      "Parallel Aware": true,
                      "Startup Cost": 43899.32,
                      "Total Cost": 43899.32,
                      "Plan Rows": 191197,
                      "Plan Width": 4,
                      "Actual Startup Time": 144.452,
                      "Actual Total Time": 144.453,
                      "Actual Rows": 130446,
                      "Actual Loops": 6,
                      "Hash Buckets": 1048576,
                      "Original Hash Buckets": 1048576,
                      "Hash Batches": 1,
                      "Original Hash Batches": 1,
                      "Peak Memory Usage": 38912,
                      "Plans": [
                        {
                          "Node Type": "Seq Scan",
                          "Parent Relationship": "Outer",
                          "Parallel Aware": true,
                          "Relation Name": "title",
                          "Alias": "t",
                          "Startup Cost": 0.0,
                          "Total Cost": 43899.32,
                          "Plan Rows": 191197,
                          "Plan Width": 4,
                          "Actual Startup Time": 0.04,
                          "Actual Total Time": 84.778,
                          "Actual Rows": 130446,
                          "Actual Loops": 6,
                          "Filter": "(production_year < 1994)",
                          "Rows Removed by Filter": 290939
                        }
                      ]
                    }
                  ]
                }
              ]
            }
          ]
        }
      ]
    },
    "Planning Time": 0.358,
    "Triggers": [],
    "Execution Time": 528.658
  }
]