[
  {
    "Plan": {
      "Node Type": "Aggregate",
      "Strategy": "Plain",
      "Partial Mode": "Finalize",
      "Parallel Aware": false,
      "Startup Cost": 337266.46,
      "Total Cost": 337266.47,
      "Plan Rows": 1,
      "Plan Width": 8,
      "Actual Startup Time": 397.101,
      "Actual Total Time": 419.687,
      "Actual Rows": 1,
      "Actual Loops": 1,
      "Plans": [
        {
          "Node Type": "Gather",
          "Parent Relationship": "Outer",
          "Parallel Aware": false,
          "Startup Cost": 337265.84,
          "Total Cost": 337266.45,
          "Plan Rows": 6,
          "Plan Width": 8,
          "Actual Startup Time": 397.007,
          "Actual Total Time": 419.678,
          "Actual Rows": 7,
          "Actual Loops": 1,
          "Workers Planned": 6,
          "Workers Launched": 6,
          "Single Copy": false,
          "Plans": [
            {
              "Node Type": "Aggregate",
              "Strategy": "Plain",
              "Partial Mode": "Partial",
              "Parent Relationship": "Outer",
              "Parallel Aware": false,
              "Startup Cost": 336265.84,
              "Total Cost": 336265.85,
              "Plan Rows": 1,
              "Plan Width": 8,
              "Actual Startup Time": 387.095,
              "Actual Total Time": 387.096,
              "Actual Rows": 1,
              "Actual Loops": 7,
              "Plans": [
                {
                  "Node Type": "Index Scan",
                  "Parent Relationship": "Outer",
                  "Parallel Aware": true,
                  "Scan Direction": "Forward",
                  "Index Name": "role_id_cast_info",
                  "Relation Name": "cast_info",
                  "Alias": "ci",
                  "Startup Cost": 0.56,
                  "Total Cost": 335235.55,
                  "Plan Rows": 412116,
                  "Plan Width": 0,
                  "Actual Startup Time": 0.166,
                  "Actual Total Time": 351.473,
                  "Actual Rows": 759219,
                  "Actual Loops": 7,
                  "Index Cond": "(role_id < 2)",
                  "Rows Removed by Index Recheck": 0,
                  "Filter": "(person_id < 713142)",
                  "Rows Removed by Filter": 1050879
                }
              ]
            }
          ]
        }
      ]
    },
    "Planning Time": 0.227,
    "Triggers": [],
    "Execution Time": 419.753
  }
]