[
  {
    "Plan": {
      "Node Type": "Aggregate",
      "Strategy": "Plain",
      "Partial Mode": "Finalize",
      "Parallel Aware": false,
      "Startup Cost": 334014.51,
      "Total Cost": 334014.52,
      "Plan Rows": 1,
      "Plan Width": 8,
      "Actual Startup Time": 635.468,
      "Actual Total Time": 690.53,
      "Actual Rows": 1,
      "Actual Loops": 1,
      "Plans": [
        {
          "Node Type": "Gather",
          "Parent Relationship": "Outer",
          "Parallel Aware": false,
          "Startup Cost": 334013.89,
          "Total Cost": 334014.49,
          "Plan Rows": 6,
          "Plan Width": 8,
          "Actual Startup Time": 635.351,
          "Actual Total Time": 690.505,
          "Actual Rows": 7,
          "Actual Loops": 1,
          "Workers Planned": 6,
          "Workers Launched": 6,
          "Single Copy": false,
          "Plans": [
            {
              "Node Type": "Aggregate",
              "Strategy": "Plain",
              "Partial Mode": "Partial",
              "Parent Relationship": "Outer",
              "Parallel Aware": false,
              "Startup Cost": 333013.89,
              "Total Cost": 333013.9,
              "Plan Rows": 1,
              "Plan Width": 8,
              "Actual Startup Time": 626.214,
              "Actual Total Time": 626.215,
              "Actual Rows": 1,
              "Actual Loops": 7,
              "Plans": [
                {
                  "Node Type": "Seq Scan",
                  "Parent Relationship": "Outer",
                  "Parallel Aware": true,
                  "Relation Name": "cast_info",
                  "Alias": "ci",
                  "Startup Cost": 0.0,
                  "Total Cost": 328162.03,
                  "Plan Rows": 1940744,
                  "Plan Width": 0,
                  "Actual Startup Time": 0.052,
                  "Actual Total Time": 552.681,
                  "Actual Rows": 1663563,
                  "Actual Loops": 7,
                  "Filter": "(person_id < 1145223)",
                  "Rows Removed by Filter": 3514200
                }
              ]
            }
          ]
        }
      ]
    },
    "Planning Time": 0.165,
    "Triggers": [],
    "Execution Time": 690.593
  }
]