{
  "Plan": {
    "Node Type": "Aggregate",
    "Strategy": "Plain",
    "Partial Mode": "Simple",
    "Parallel Aware": false,
    "Startup Cost": 865960.69,
    "Total Cost": 865960.7,
    "Plan Rows": 1,
    "Plan Width": 64,
    "Actual Startup Time": 8379.337,
    "Actual Total Time": 8379.445,
    "Actual Rows": 1,
    "Actual Loops": 1,
    "Plans": [
      {
        "Node Type": "Gather",
        "Parent Relationship": "Outer",
        "Parallel Aware": false,
        "Startup Cost": 555508.31,
        "Total Cost": 865960.68,
        "Plan Rows": 1,
        "Plan Width": 32,
        "Actual Startup Time": 2700.759,
        "Actual Total Time": 8379.288,
        "Actual Rows": 860,
        "Actual Loops": 1,
        "Workers Planned": 1,
        "Workers Launched": 1,
        "Single Copy": false,
        "Plans": [
          {
            "Node Type": "Nested Loop",
            "Parent Relationship": "Outer",
            "Parallel Aware": false,
            "Join Type": "Inner",
            "Startup Cost": 554508.31,
            "Total Cost": 864960.58,
            "Plan Rows": 1,
            "Plan Width": 32,
            "Actual Startup Time": 2831.125,
            "Actual Total Time": 8272.626,
            "Actual Rows": 430,
            "Actual Loops": 2,
            "Inner Unique": true,
            "Plans": [
              {
                "Node Type": "Nested Loop",
                "Parent Relationship": "Outer",
                "Parallel Aware": false,
                "Join Type": "Inner",
                "Startup Cost": 554507.89,
                "Total Cost": 864960.13,
                "Plan Rows": 1,
                "Plan Width": 36,
                "Actual Startup Time": 2831.107,
                "Actual Total Time": 8271.359,
                "Actual Rows": 492,
                "Actual Loops": 2,
                "Inner Unique": true,
                "Plans": [
                  {
                    "Node Type": "Nested Loop",
                    "Parent Relationship": "Outer",
                    "Parallel Aware": false,
                    "Join Type": "Inner",
                    "Startup Cost": 554507.75,
                    "Total Cost": 864959.95,
                    "Plan Rows": 1,
                    "Plan Width": 40,
                    "Actual Startup Time": 2831.096,
                    "Actual Total Time": 8270.834,
                    "Actual Rows": 492,
                    "Actual Loops": 2,
                    "Inner Unique": false,
                    "Join Filter": "(n.id = an.person_id)",
                    "Rows Removed by Join Filter": 0,
                    "Plans": [
                      {
                        "Node Type": "Nested Loop",
                        "Parent Relationship": "Outer",
                        "Parallel Aware": false,
                        "Join Type": "Inner",
                        "Startup Cost": 554507.33,
                        "Total Cost": 864959.44,
                        "Plan Rows": 1,
                        "Plan Width": 48,
                        "Actual Startup Time": 2831.068,
                        "Actual Total Time": 8270.026,
                        "Actual Rows": 339,
                        "Actual Loops": 2,
                        "Inner Unique": true,
                        "Plans": [
                          {
                            "Node Type": "Nested Loop",
                            "Parent Relationship": "Outer",
                            "Parallel Aware": false,
                            "Join Type": "Inner",
                            "Startup Cost": 554506.9,
                            "Total Cost": 864958.92,
                            "Plan Rows": 1,
                            "Plan Width": 52,
                            "Actual Startup Time": 2830.991,
                            "Actual Total Time": 8269.086,
                            "Actual Rows": 339,
                            "Actual Loops": 2,
                            "Inner Unique": true,
                            "Plans": [
                              {
                                "Node Type": "Hash Join",
                                "Parent Relationship": "Outer",
                                "Parallel Aware": false,
                                "Join Type": "Inner",
                                "Startup Cost": 554506.47,
                                "Total Cost": 858003.81,
                                "Plan Rows": 12247,
                                "Plan Width": 33,
                                "Actual Startup Time": 2755.656,
                                "Actual Total Time": 7892.278,
                                "Actual Rows": 205740,
                                "Actual Loops": 2,
                                "Inner Unique": true,
                                "Hash Cond": "(ci.role_id = rt.id)",
                                "Plans": [
                                  {
                                    "Node Type": "Nested Loop",
                                    "Parent Relationship": "Outer",
                                    "Parallel Aware": false,
                                    "Join Type": "Inner",
                                    "Startup Cost": 554505.3,
                                    "Total Cost": 857480.62,
                                    "Plan Rows": 146964,
                                    "Plan Width": 37,
                                    "Actual Startup Time": 2754.634,
                                    "Actual Total Time": 7808.461,
                                    "Actual Rows": 967183,
                                    "Actual Loops": 2,
                                    "Inner Unique": false,
                                    "Join Filter": "(t.id = ci.movie_id)",
                                    "Rows Removed by Join Filter": 0,
                                    "Plans": [
                                      {
                                        "Node Type": "Merge Join",
                                        "Parent Relationship": "Outer",
                                        "Parallel Aware": false,
                                        "Join Type": "Inner",
                                        "Startup Cost": 554504.74,
                                        "Total Cost": 562743.32,
                                        "Plan Rows": 151783,
                                        "Plan Width": 37,
                                        "Actual Startup Time": 2754.498,
                                        "Actual Total Time": 2899.185,
                                        "Actual Rows": 160964,
                                        "Actual Loops": 2,
                                        "Inner Unique": false,
                                        "Merge Cond": "(mi.movie_id = t.id)",
                                        "Plans": [
                                          {
                                            "Node Type": "Sort",
                                            "Parent Relationship": "Outer",
                                            "Parallel Aware": false,
                                            "Startup Cost": 331228.91,
                                            "Total Cost": 332255.94,
                                            "Plan Rows": 410811,
                                            "Plan Width": 8,
                                            "Actual Startup Time": 1027.388,
                                            "Actual Total Time": 1041.064,
                                            "Actual Rows": 225547,
                                            "Actual Loops": 2,
                                            "Sort Key": [
                                              "mi.movie_id"
                                            ],
                                            "Sort Method": "quicksort",
                                            "Sort Space Used": 17647,
                                            "Sort Space Type": "Memory",
                                            "Workers": [
                                              {
                                                "Worker Number": 0,
                                                "Sort Method": "quicksort",
                                                "Sort Space Used": 15788,
                                                "Sort Space Type": "Memory"
                                              }
                                            ],
                                            "Plans": [
                                              {
                                                "Node Type": "Seq Scan",
                                                "Parent Relationship": "Outer",
                                                "Parallel Aware": true,
                                                "Relation Name": "movie_info",
                                                "Alias": "mi",
                                                "Startup Cost": 0.0,
                                                "Total Cost": 292924.66,
                                                "Plan Rows": 410811,
                                                "Plan Width": 8,
                                                "Actual Startup Time": 120.545,
                                                "Actual Total Time": 982.994,
                                                "Actual Rows": 225552,
                                                "Actual Loops": 2,
                                                "Filter": "((info IS NOT NULL) AND ((info ~~ 'Japan:%200%'::text) OR (info ~~ 'USA:%200%'::text)))",
                                                "Rows Removed by Filter": 7192308
                                              }
                                            ]
                                          },
                                          {
                                            "Node Type": "Sort",
                                            "Parent Relationship": "Inner",
                                            "Parallel Aware": false,
                                            "Startup Cost": 223275.59,
                                            "Total Cost": 225610.84,
                                            "Plan Rows": 934098,
                                            "Plan Width": 29,
                                            "Actual Startup Time": 1727.068,
                                            "Actual Total Time": 1772.794,
                                            "Actual Rows": 792708,
                                            "Actual Loops": 2,
                                            "Sort Key": [
                                              "t.id"
                                            ],
                                            "Sort Method": "quicksort",
                                            "Sort Space Used": 85668,
                                            "Sort Space Type": "Memory",
                                            "Workers": [
                                              {
                                                "Worker Number": 0,
                                                "Sort Method": "quicksort",
                                                "Sort Space Used": 85668,
                                                "Sort Space Type": "Memory"
                                              }
                                            ],
                                            "Plans": [
                                              {
                                                "Node Type": "Hash Join",
                                                "Parent Relationship": "Outer",
                                                "Parallel Aware": false,
                                                "Join Type": "Inner",
                                                "Startup Cost": 78914.5,
                                                "Total Cost": 130644.76,
                                                "Plan Rows": 934098,
                                                "Plan Width": 29,
                                                "Actual Startup Time": 546.578,
                                                "Actual Total Time": 1500.499,
                                                "Actual Rows": 730845,
                                                "Actual Loops": 2,
                                                "Inner Unique": true,
                                                "Hash Cond": "(mc.movie_id = t.id)",
                                                "Plans": [
                                                  {
                                                    "Node Type": "Seq Scan",
                                                    "Parent Relationship": "Outer",
                                                    "Parallel Aware": false,
                                                    "Relation Name": "movie_companies",
                                                    "Alias": "mc",
                                                    "Startup Cost": 0.0,
                                                    "Total Cost": 44881.29,
                                                    "Plan Rows": 2609129,
                                                    "Plan Width": 8,
                                                    "Actual Startup Time": 0.047,
                                                    "Actual Total Time": 215.484,
                                                    "Actual Rows": 2609129,
                                                    "Actual Loops": 2
                                                  },
                                                  {
                                                    "Node Type": "Hash",
                                                    "Parent Relationship": "Inner",
                                                    "Parallel Aware": false,
                                                    "Startup Cost": 67600.46,
                                                    "Total Cost": 67600.46,
                                                    "Plan Rows": 905123,
                                                    "Plan Width": 21,
                                                    "Actual Startup Time": 542.05,
                                                    "Actual Total Time": 542.051,
                                                    "Actual Rows": 904491,
                                                    "Actual Loops": 2,
                                                    "Hash Buckets": 1048576,
                                                    "Original Hash Buckets": 1048576,
                                                    "Hash Batches": 1,
                                                    "Original Hash Batches": 1,
                                                    "Peak Memory Usage": 56743,
                                                    "Plans": [
                                                      {
                                                        "Node Type": "Seq Scan",
                                                        "Parent Relationship": "Outer",
                                                        "Parallel Aware": false,
                                                        "Relation Name": "title",
                                                        "Alias": "t",
                                                        "Startup Cost": 0.0,
                                                        "Total Cost": 67600.46,
                                                        "Plan Rows": 905123,
                                                        "Plan Width": 21,
                                                        "Actual Startup Time": 0.032,
                                                        "Actual Total Time": 290.953,
                                                        "Actual Rows": 904491,
                                                        "Actual Loops": 2,
                                                        "Filter": "(production_year > 2006)",
                                                        "Rows Removed by Filter": 1623821
                                                      }
                                                    ]
                                                  }
                                                ]
                                              }
                                            ]
                                          }
                                        ]
                                      },
                                      {
                                        "Node Type": "Index Scan",
                                        "Parent Relationship": "Inner",
                                        "Parallel Aware": false,
                                        "Scan Direction": "Forward",
                                        "Index Name": "movie_id_cast_info",
                                        "Relation Name": "cast_info",
                                        "Alias": "ci",
                                        "Startup Cost": 0.56,
                                        "Total Cost": 1.92,
                                        "Plan Rows": 2,
                                        "Plan Width": 16,
                                        "Actual Startup Time": 0.011,
                                        "Actual Total Time": 0.03,
                                        "Actual Rows": 6,
                                        "Actual Loops": 321929,
                                        "Index Cond": "(movie_id = mc.movie_id)",
                                        "Rows Removed by Index Recheck": 0,
                                        "Filter": "(note = ANY ('{(writer),\"(executive producer)\",(uncredited),\"(as Terri Colombino)\"}'::text[]))",
                                        "Rows Removed by Filter": 60
                                      }
                                    ]
                                  },
                                  {
                                    "Node Type": "Hash",
                                    "Parent Relationship": "Inner",
                                    "Parallel Aware": false,
                                    "Startup Cost": 1.15,
                                    "Total Cost": 1.15,
                                    "Plan Rows": 1,
                                    "Plan Width": 4,
                                    "Actual Startup Time": 0.069,
                                    "Actual Total Time": 0.069,
                                    "Actual Rows": 1,
                                    "Actual Loops": 2,
                                    "Hash Buckets": 1024,
                                    "Original Hash Buckets": 1024,
                                    "Hash Batches": 1,
                                    "Original Hash Batches": 1,
                                    "Peak Memory Usage": 9,
                                    "Plans": [
                                      {
                                        "Node Type": "Seq Scan",
                                        "Parent Relationship": "Outer",
                                        "Parallel Aware": false,
                                        "Relation Name": "role_type",
                                        "Alias": "rt",
                                        "Startup Cost": 0.0,
                                        "Total Cost": 1.15,
                                        "Plan Rows": 1,
                                        "Plan Width": 4,
                                        "Actual Startup Time": 0.048,
                                        "Actual Total Time": 0.052,
                                        "Actual Rows": 1,
                                        "Actual Loops": 2,
                                        "Filter": "((role)::text = 'actress'::text)",
                                        "Rows Removed by Filter": 11
                                      }
                                    ]
                                  }
                                ]
                              },
                              {
                                "Node Type": "Index Scan",
                                "Parent Relationship": "Inner",
                                "Parallel Aware": false,
                                "Scan Direction": "Forward",
                                "Index Name": "name_pkey",
                                "Relation Name": "name",
                                "Alias": "n",
                                "Startup Cost": 0.43,
                                "Total Cost": 0.57,
                                "Plan Rows": 1,
                                "Plan Width": 19,
                                "Actual Startup Time": 0.002,
                                "Actual Total Time": 0.002,
                                "Actual Rows": 0,
                                "Actual Loops": 411480,
                                "Index Cond": "(id = ci.person_id)",
                                "Rows Removed by Index Recheck": 0,
                                "Filter": "((name ~~ '%Terri%'::text) AND ((gender)::text = 'f'::text))",
                                "Rows Removed by Filter": 1
                              }
                            ]
                          },
                          {
                            "Node Type": "Index Only Scan",
                            "Parent Relationship": "Inner",
                            "Parallel Aware": false,
                            "Scan Direction": "Forward",
                            "Index Name": "char_name_pkey",
                            "Relation Name": "char_name",
                            "Alias": "chn",
                            "Startup Cost": 0.43,
                            "Total Cost": 0.53,
                            "Plan Rows": 1,
                            "Plan Width": 4,
                            "Actual Startup Time": 0.002,
                            "Actual Total Time": 0.002,
                            "Actual Rows": 1,
                            "Actual Loops": 678,
                            "Index Cond": "(id = ci.person_role_id)",
                            "Rows Removed by Index Recheck": 0,
                            "Heap Fetches": 678
                          }
                        ]
                      },
                      {
                        "Node Type": "Index Only Scan",
                        "Parent Relationship": "Inner",
                        "Parallel Aware": false,
                        "Scan Direction": "Forward",
                        "Index Name": "person_id_aka_name",
                        "Relation Name": "aka_name",
                        "Alias": "an",
                        "Startup Cost": 0.42,
                        "Total Cost": 0.48,
                        "Plan Rows": 2,
                        "Plan Width": 4,
                        "Actual Startup Time": 0.002,
                        "Actual Total Time": 0.002,
                        "Actual Rows": 1,
                        "Actual Loops": 678,
                        "Index Cond": "(person_id = ci.person_id)",
                        "Rows Removed by Index Recheck": 0,
                        "Heap Fetches": 983
                      }
                    ]
                  },
                  {
                    "Node Type": "Index Scan",
                    "Parent Relationship": "Inner",
                    "Parallel Aware": false,
                    "Scan Direction": "Forward",
                    "Index Name": "info_type_pkey",
                    "Relation Name": "info_type",
                    "Alias": "it",
                    "Startup Cost": 0.14,
                    "Total Cost": 0.16,
                    "Plan Rows": 1,
                    "Plan Width": 4,
                    "Actual Startup Time": 0.001,
                    "Actual Total Time": 0.001,
                    "Actual Rows": 1,
                    "Actual Loops": 983,
                    "Index Cond": "(id = mi.info_type_id)",
                    "Rows Removed by Index Recheck": 0,
                    "Filter": "((info)::text = 'release dates'::text)",
                    "Rows Removed by Filter": 0
                  }
                ]
              },
              {
                "Node Type": "Index Scan",
                "Parent Relationship": "Inner",
                "Parallel Aware": false,
                "Scan Direction": "Forward",
                "Index Name": "company_name_pkey",
                "Relation Name": "company_name",
                "Alias": "cn",
                "Startup Cost": 0.42,
                "Total Cost": 0.45,
                "Plan Rows": 1,
                "Plan Width": 4,
                "Actual Startup Time": 0.002,
                "Actual Total Time": 0.002,
                "Actual Rows": 1,
                "Actual Loops": 983,
                "Index Cond": "(id = mc.company_id)",
                "Rows Removed by Index Recheck": 0,
                "Filter": "((country_code)::text = '[us]'::text)",
                "Rows Removed by Filter": 0
              }
            ]
          }
        ]
      }
    ]
  },
  "Planning Time": 3.394,
  "Triggers": [],
  "Execution Time": 8380.11
}