[
  {
    "Plan": {
      "Node Type": "Aggregate",
      "Strategy": "Plain",
      "Partial Mode": "Finalize",
      "Parallel Aware": false,
      "Startup Cost": 32761.03,
      "Total Cost": 32761.04,
      "Plan Rows": 1,
      "Plan Width": 8,
      "Actual Startup Time": 93.714,
      "Actual Total Time": 101.465,
      "Actual Rows": 1,
      "Actual Loops": 1,
      "Plans": [
        {
          "Node Type": "Gather",
          "Parent Relationship": "Outer",
          "Parallel Aware": false,
          "Startup Cost": 32760.71,
          "Total Cost": 32761.02,
          "Plan Rows": 3,
          "Plan Width": 8,
          "Actual Startup Time": 93.586,
          "Actual Total Time": 101.453,
          "Actual Rows": 4,
          "Actual Loops": 1,
          "Workers Planned": 3,
          "Workers Launched": 3,
          "Single Copy": false,
          "Plans": [
            {
              "Node Type": "Aggregate",
              "Strategy": "Plain",
              "Partial Mode": "Partial",
              "Parent Relationship": "Outer",
              "Parallel Aware": false,
              "Startup Cost": 31760.71,
              "Total Cost": 31760.72,
              "Plan Rows": 1,
              "Plan Width": 8,
              "Actual Startup Time": 88.141,
              "Actual Total Time": 88.143,
              "Actual Rows": 1,
              "Actual Loops": 4,
              "Plans": [
                {
                  "Node Type": "Seq Scan",
                  "Parent Relationship": "Outer",
                  "Parallel Aware": true,
                  "Relation Name": "movie_companies",
                  "Alias": "mc",
                  "Startup Cost": 0.0,
                  "Total Cost": 31414.82,
                  "Plan Rows": 138358,
                  "Plan Width": 0,
                  "Actual Startup Time": 42.288,
                  "Actual Total Time": 79.442,
                  "Actual Rows": 186275,
                  "Actual Loops": 4,
                  "Filter": "((company_id > 27455) AND (company_type_id > 1))",
                  "Rows Removed by Filter": 466007
                }
              ]
            }
          ]
        }
      ]
    },
    "Planning Time": 0.121,
    "Triggers": [],
    "Execution Time": 101.508
  }
]