{
  "Plan": {
    "Node Type": "Aggregate",
    "Strategy": "Plain",
    "Partial Mode": "Finalize",
    "Parallel Aware": false,
    "Startup Cost": 666966.98,
    "Total Cost": 666966.99,
    "Plan Rows": 1,
    "Plan Width": 8,
    "Actual Startup Time": 4898.681,
    "Actual Total Time": 4952.2,
    "Actual Rows": 1,
    "Actual Loops": 1,
    "Plans": [
      {
        "Node Type": "Gather",
        "Parent Relationship": "Outer",
        "Parallel Aware": false,
        "Startup Cost": 666966.87,
        "Total Cost": 666966.98,
        "Plan Rows": 1,
        "Plan Width": 8,
        "Actual Startup Time": 4895.594,
        "Actual Total Time": 4952.192,
        "Actual Rows": 2,
        "Actual Loops": 1,
        "Workers Planned": 1,
        "Workers Launched": 1,
        "Single Copy": false,
        "Plans": [
          {
            "Node Type": "Aggregate",
            "Strategy": "Plain",
            "Partial Mode": "Partial",
            "Parent Relationship": "Outer",
            "Parallel Aware": false,
            "Startup Cost": 665966.87,
            "Total Cost": 665966.88,
            "Plan Rows": 1,
            "Plan Width": 8,
            "Actual Startup Time": 4890.065,
            "Actual Total Time": 4890.07,
            "Actual Rows": 1,
            "Actual Loops": 2,
            "Plans": [
              {
                "Node Type": "Hash Join",
                "Parent Relationship": "Outer",
                "Parallel Aware": true,
                "Join Type": "Inner",
                "Startup Cost": 91413.83,
                "Total Cost": 661416.97,
                "Plan Rows": 1819960,
                "Plan Width": 0,
                "Actual Startup Time": 934.03,
                "Actual Total Time": 4812.525,
                "Actual Rows": 1933506,
                "Actual Loops": 2,
                "Inner Unique": false,
                "Hash Cond": "(t.id = mi_idx.movie_id)",
                "Plans": [
                  {
                    "Node Type": "Hash Join",
                    "Parent Relationship": "Outer",
                    "Parallel Aware": true,
                    "Join Type": "Inner",
                    "Startup Cost": 65213.67,
                    "Total Cost": 607839.88,
                    "Plan Rows": 3334257,
                    "Plan Width": 8,
                    "Actual Startup Time": 724.277,
                    "Actual Total Time": 3797.487,
                    "Actual Rows": 2219543,
                    "Actual Loops": 2,
                    "Inner Unique": true,
                    "Hash Cond": "(ci.movie_id = t.id)",
                    "Plans": [
                      {
                        "Node Type": "Seq Scan",
                        "Parent Relationship": "Outer",
                        "Parallel Aware": true,
                        "Relation Name": "cast_info",
                        "Alias": "ci",
                        "Startup Cost": 0.0,
                        "Total Cost": 519069.44,
                        "Plan Rows": 8973991,
                        "Plan Width": 4,
                        "Actual Startup Time": 482.327,
                        "Actual Total Time": 1376.993,
                        "Actual Rows": 7605533,
                        "Actual Loops": 2,
                        "Filter": "(person_id > 2122113)",
                        "Rows Removed by Filter": 10516639
                      },
                      {
                        "Node Type": "Hash",
                        "Parent Relationship": "Inner",
                        "Parallel Aware": true,
                        "Startup Cost": 58306.47,
                        "Total Cost": 58306.47,
                        "Plan Rows": 552576,
                        "Plan Width": 4,
                        "Actual Startup Time": 238.205,
                        "Actual Total Time": 238.206,
                        "Actual Rows": 438018,
                        "Actual Loops": 2,
                        "Hash Buckets": 1048576,
                        "Original Hash Buckets": 1048576,
                        "Hash Batches": 1,
                        "Original Hash Batches": 1,
                        "Peak Memory Usage": 42496,
                        "Plans": [
                          {
                            "Node Type": "Seq Scan",
                            "Parent Relationship": "Outer",
                            "Parallel Aware": true,
                            "Relation Name": "title",
                            "Alias": "t",
                            "Startup Cost": 0.0,
                            "Total Cost": 58306.47,
                            "Plan Rows": 552576,
                            "Plan Width": 4,
                            "Actual Startup Time": 0.016,
                            "Actual Total Time": 144.793,
                            "Actual Rows": 438018,
                            "Actual Loops": 2,
                            "Filter": "((production_year < 2007) AND (kind_id = 7))",
                            "Rows Removed by Filter": 826138
                          }
                        ]
                      }
                    ]
                  },
                  {
                    "Node Type": "Hash",
                    "Parent Relationship": "Inner",
                    "Parallel Aware": true,
                    "Startup Cost": 16052.85,
                    "Total Cost": 16052.85,
                    "Plan Rows": 811785,
                    "Plan Width": 4,
                    "Actual Startup Time": 200.271,
                    "Actual Total Time": 200.272,
                    "Actual Rows": 690018,
                    "Actual Loops": 2,
                    "Hash Buckets": 2097152,
                    "Original Hash Buckets": 2097152,
                    "Hash Batches": 1,
                    "Original Hash Batches": 1,
                    "Peak Memory Usage": 70400,
                    "Plans": [
                      {
                        "Node Type": "Seq Scan",
                        "Parent Relationship": "Outer",
                        "Parallel Aware": true,
                        "Relation Name": "movie_info_idx",
                        "Alias": "mi_idx",
                        "Startup Cost": 0.0,
                        "Total Cost": 16052.85,
                        "Plan Rows": 811785,
                        "Plan Width": 4,
                        "Actual Startup Time": 0.039,
                        "Actual Total Time": 69.104,
                        "Actual Rows": 690018,
                        "Actual Loops": 2
                      }
                    ]
                  }
                ]
              }
            ]
          }
        ]
      }
    ]
  },
  "Planning Time": 0.603,
  "Triggers": [],
  "Execution Time": 4952.261
}