[
  {
    "Plan": {
      "Node Type": "Aggregate",
      "Strategy": "Plain",
      "Partial Mode": "Finalize",
      "Parallel Aware": false,
      "Startup Cost": 441032.23,
      "Total Cost": 441032.24,
      "Plan Rows": 1,
      "Plan Width": 8,
      "Actual Startup Time": 1435.955,
      "Actual Total Time": 1499.502,
      "Actual Rows": 1,
      "Actual Loops": 1,
      "Plans": [
        {
          "Node Type": "Gather",
          "Parent Relationship": "Outer",
          "Parallel Aware": false,
          "Startup Cost": 441031.6,
          "Total Cost": 441032.21,
          "Plan Rows": 6,
          "Plan Width": 8,
          "Actual Startup Time": 1417.808,
          "Actual Total Time": 1499.489,
          "Actual Rows": 7,
          "Actual Loops": 1,
          "Workers Planned": 6,
          "Workers Launched": 6,
          "Single Copy": false,
          "Plans": [
            {
              "Node Type": "Aggregate",
              "Strategy": "Plain",
              "Partial Mode": "Partial",
              "Parent Relationship": "Outer",
              "Parallel Aware": false,
              "Startup Cost": 440031.6,
              "Total Cost": 440031.61,
              "Plan Rows": 1,
              "Plan Width": 8,
              "Actual Startup Time": 1403.742,
              "Actual Total Time": 1403.884,
              "Actual Rows": 1,
              "Actual Loops": 7,
              "Plans": [
                {
                  "Node Type": "Hash Join",
                  "Parent Relationship": "Outer",
                  "Parallel Aware": true,
                  "Join Type": "Inner",
                  "Startup Cost": 87043.12,
                  "Total Cost": 437982.0,
                  "Plan Rows": 819842,
                  "Plan Width": 0,
                  "Actual Startup Time": 782.994,
                  "Actual Total Time": 1355.811,
                  "Actual Rows": 1104076,
                  "Actual Loops": 7,
                  "Inner Unique": false,
                  "Hash Cond": "(ci.movie_id = t.id)",
                  "Plans": [
                    {
                      "Node Type": "Seq Scan",
                      "Parent Relationship": "Outer",
                      "Parallel Aware": true,
                      "Relation Name": "cast_info",
                      "Alias": "ci",
                      "Startup Cost": 0.0,
                      "Total Cost": 343316.27,
                      "Plan Rows": 1327455,
                      "Plan Width": 4,
                      "Actual Startup Time": 340.074,
                      "Actual Total Time": 616.725,
                      "Actual Rows": 711642,
                      "Actual Loops": 7,
                      "Filter": "((person_id < 1805089) AND (role_id > 2))",
                      "Rows Removed by Filter": 4466121
                    },
                    {
                      "Node Type": "Hash",
                      "Parent Relationship": "Inner",
                      "Parallel Aware": true,
                      "Startup Cost": 80746.49,
                      "Total Cost": 80746.49,
                      "Plan Rows": 503731,
                      "Plan Width": 8,
                      "Actual Startup Time": 438.393,
                      "Actual Total Time": 438.533,
                      "Actual Rows": 184928,
                      "Actual Loops": 7,
                      "Hash Buckets": 2097152,
                      "Original Hash Buckets": 2097152,
                      "Hash Batches": 1,
                      "Original Hash Batches": 1,
                      "Peak Memory Usage": 67168,
                      "Plans": [
                        {
                          "Node Type": "Hash Join",
                          "Parent Relationship": "Outer",
                          "Parallel Aware": true,
                          "Join Type": "Inner",
                          "Startup Cost": 49604.51,
                          "Total Cost": 80746.49,
                          "Plan Rows": 503731,
                          "Plan Width": 8,
                          "Actual Startup Time": 211.833,
                          "Actual Total Time": 361.32,
                          "Actual Rows": 184928,
                          "Actual Loops": 7,
                          "Inner Unique": true,
                          "Hash Cond": "(mc.movie_id = t.id)",
                          "Plans": [
                            {
                              "Node Type": "Seq Scan",
                              "Parent Relationship": "Outer",
                              "Parallel Aware": true,
                              "Relation Name": "movie_companies",
                              "Alias": "mc",
                              "Startup Cost": 0.0,
                              "Total Cost": 29310.68,
                              "Plan Rows": 697636,
                              "Plan Width": 4,
                              "Actual Startup Time": 0.033,
                              "Actual Total Time": 50.794,
                              "Actual Rows": 309260,
                              "Actual Loops": 7,
                              "Filter": "(company_id < 77797)",
                              "Rows Removed by Filter": 63473
                            },
                            {
                              "Node Type": "Hash",
                              "Parent Relationship": "Inner",
                              "Parallel Aware": true,
                              "Startup Cost": 43899.32,
                              "Total Cost": 43899.32,
                              "Plan Rows": 456415,
                              "Plan Width": 4,
                              "Actual Startup Time": 209.581,
                              "Actual Total Time": 209.582,
                              "Actual Rows": 259035,
                              "Actual Loops": 7,
                              "Hash Buckets": 2097152,
                              "Original Hash Buckets": 2097152,
                              "Hash Batches": 1,
                              "Original Hash Batches": 1,
                              "Peak Memory Usage": 87424,
                              "Plans": [
                                {
                                  "Node Type": "Seq Scan",
                                  "Parent Relationship": "Outer",
                                  "Parallel Aware": true,
                                  "Relation Name": "title",
                                  "Alias": "t",
                                  "Startup Cost": 0.0,
                                  "Total Cost": 43899.32,
                                  "Plan Rows": 456415,
                                  "Plan Width": 4,
                                  "Actual Startup Time": 0.035,
                                  "Actual Total Time": 85.293,
                                  "Actual Rows": 259035,
                                  "Actual Loops": 7,
                                  "Filter": "(production_year > 1987)",
                                  "Rows Removed by Filter": 102152
                                }
                              ]
                            }
                          ]
                        }
                      ]
                    }
                  ]
                }
              ]
            }
          ]
        }
      ]
    },
    "Planning Time": 1.374,
    "Triggers": [],
    "Execution Time": 1499.595
  }
]