{
  "Plan": {
    "Node Type": "Aggregate",
    "Strategy": "Plain",
    "Partial Mode": "Simple",
    "Parallel Aware": false,
    "Startup Cost": 2448074.3,
    "Total Cost": 2448074.31,
    "Plan Rows": 1,
    "Plan Width": 96,
    "Actual Startup Time": 16521.715,
    "Actual Total Time": 16704.577,
    "Actual Rows": 1,
    "Actual Loops": 1,
    "Plans": [
      {
        "Node Type": "Gather",
        "Parent Relationship": "Outer",
        "Parallel Aware": false,
        "Startup Cost": 2448071.36,
        "Total Cost": 2448074.3,
        "Plan Rows": 1,
        "Plan Width": 48,
        "Actual Startup Time": 16521.267,
        "Actual Total Time": 16704.557,
        "Actual Rows": 6,
        "Actual Loops": 1,
        "Workers Planned": 1,
        "Workers Launched": 1,
        "Single Copy": false,
        "Plans": [
          {
            "Node Type": "Merge Join",
            "Parent Relationship": "Outer",
            "Parallel Aware": false,
            "Join Type": "Inner",
            "Startup Cost": 2447071.36,
            "Total Cost": 2447074.2,
            "Plan Rows": 1,
            "Plan Width": 48,
            "Actual Startup Time": 16514.639,
            "Actual Total Time": 16514.648,
            "Actual Rows": 3,
            "Actual Loops": 2,
            "Inner Unique": true,
            "Merge Cond": "(ci.person_id = n.id)",
            "Plans": [
              {
                "Node Type": "Sort",
                "Parent Relationship": "Outer",
                "Parallel Aware": false,
                "Startup Cost": 2339348.0,
                "Total Cost": 2339348.4,
                "Plan Rows": 160,
                "Plan Width": 37,
                "Actual Startup Time": 16093.499,
                "Actual Total Time": 16093.514,
                "Actual Rows": 62,
                "Actual Loops": 2,
                "Sort Key": [
                  "ci.person_id"
                ],
                "Sort Method": "quicksort",
                "Sort Space Used": 64,
                "Sort Space Type": "Memory",
                "Workers": [
                  {
                    "Worker Number": 0,
                    "Sort Method": "quicksort",
                    "Sort Space Used": 106,
                    "Sort Space Type": "Memory"
                  }
                ],
                "Plans": [
                  {
                    "Node Type": "Merge Join",
                    "Parent Relationship": "Outer",
                    "Parallel Aware": false,
                    "Join Type": "Inner",
                    "Startup Cost": 240502.43,
                    "Total Cost": 2339342.14,
                    "Plan Rows": 160,
                    "Plan Width": 37,
                    "Actual Startup Time": 6330.602,
                    "Actual Total Time": 16093.204,
                    "Actual Rows": 612,
                    "Actual Loops": 2,
                    "Inner Unique": false,
                    "Merge Cond": "(ci.movie_id = t.id)",
                    "Plans": [
                      {
                        "Node Type": "Index Scan",
                        "Parent Relationship": "Outer",
                        "Parallel Aware": true,
                        "Scan Direction": "Forward",
                        "Index Name": "movie_id_cast_info",
                        "Relation Name": "cast_info",
                        "Alias": "ci",
                        "Startup Cost": 0.56,
                        "Total Cost": 1925505.54,
                        "Plan Rows": 21328132,
                        "Plan Width": 8,
                        "Actual Startup Time": 0.073,
                        "Actual Total Time": 11780.558,
                        "Actual Rows": 17403222,
                        "Actual Loops": 2
                      },
                      {
                        "Node Type": "Materialize",
                        "Parent Relationship": "Inner",
                        "Parallel Aware": false,
                        "Startup Cost": 240501.87,
                        "Total Cost": 360513.91,
                        "Plan Rows": 19,
                        "Plan Width": 41,
                        "Actual Startup Time": 1965.15,
                        "Actual Total Time": 3187.512,
                        "Actual Rows": 541,
                        "Actual Loops": 2,
                        "Plans": [
                          {
                            "Node Type": "Merge Join",
                            "Parent Relationship": "Outer",
                            "Parallel Aware": false,
                            "Join Type": "Inner",
                            "Startup Cost": 240501.87,
                            "Total Cost": 360513.87,
                            "Plan Rows": 19,
                            "Plan Width": 41,
                            "Actual Startup Time": 1965.14,
                            "Actual Total Time": 3187.442,
                            "Actual Rows": 11,
                            "Actual Loops": 2,
                            "Inner Unique": false,
                            "Merge Cond": "(t.id = mk.movie_id)",
                            "Plans": [
                              {
                                "Node Type": "Index Scan",
                                "Parent Relationship": "Outer",
                                "Parallel Aware": false,
                                "Scan Direction": "Forward",
                                "Index Name": "title_pkey",
                                "Relation Name": "title",
                                "Alias": "t",
                                "Startup Cost": 0.43,
                                "Total Cost": 116680.33,
                                "Plan Rows": 1389987,
                                "Plan Width": 21,
                                "Actual Startup Time": 0.148,
                                "Actual Total Time": 1182.495,
                                "Actual Rows": 1355627,
                                "Actual Loops": 2,
                                "Filter": "(production_year > 2000)",
                                "Rows Removed by Filter": 1112969
                              },
                              {
                                "Node Type": "Sort",
                                "Parent Relationship": "Inner",
                                "Parallel Aware": false,
                                "Startup Cost": 240487.87,
                                "Total Cost": 240487.95,
                                "Plan Rows": 34,
                                "Plan Width": 20,
                                "Actual Startup Time": 1939.791,
                                "Actual Total Time": 1939.808,
                                "Actual Rows": 14,
                                "Actual Loops": 2,
                                "Sort Key": [
                                  "mk.movie_id"
                                ],
                                "Sort Method": "quicksort",
                                "Sort Space Used": 26,
                                "Sort Space Type": "Memory",
                                "Workers": [
                                  {
                                    "Worker Number": 0,
                                    "Sort Method": "quicksort",
                                    "Sort Space Used": 26,
                                    "Sort Space Type": "Memory"
                                  }
                                ],
                                "Plans": [
                                  {
                                    "Node Type": "Merge Join",
                                    "Parent Relationship": "Outer",
                                    "Parallel Aware": false,
                                    "Join Type": "Inner",
                                    "Startup Cost": 3468.34,
                                    "Total Cost": 240487.0,
                                    "Plan Rows": 34,
                                    "Plan Width": 20,
                                    "Actual Startup Time": 1939.747,
                                    "Actual Total Time": 1939.771,
                                    "Actual Rows": 14,
                                    "Actual Loops": 2,
                                    "Inner Unique": true,
                                    "Merge Cond": "(mk.keyword_id = k.id)",
                                    "Plans": [
                                      {
                                        "Node Type": "Index Scan",
                                        "Parent Relationship": "Outer",
                                        "Parallel Aware": false,
                                        "Scan Direction": "Forward",
                                        "Index Name": "keyword_id_movie_keyword",
                                        "Relation Name": "movie_keyword",
                                        "Alias": "mk",
                                        "Startup Cost": 0.43,
                                        "Total Cost": 226550.7,
                                        "Plan Rows": 4523930,
                                        "Plan Width": 8,
                                        "Actual Startup Time": 0.095,
                                        "Actual Total Time": 1739.489,
                                        "Actual Rows": 2796683,
                                        "Actual Loops": 2
                                      },
                                      {
                                        "Node Type": "Sort",
                                        "Parent Relationship": "Inner",
                                        "Parallel Aware": false,
                                        "Startup Cost": 2626.14,
                                        "Total Cost": 2626.14,
                                        "Plan Rows": 1,
                                        "Plan Width": 20,
                                        "Actual Startup Time": 24.807,
                                        "Actual Total Time": 24.808,
                                        "Actual Rows": 1,
                                        "Actual Loops": 2,
                                        "Sort Key": [
                                          "k.id"
                                        ],
                                        "Sort Method": "quicksort",
                                        "Sort Space Used": 25,
                                        "Sort Space Type": "Memory",
                                        "Workers": [
                                          {
                                            "Worker Number": 0,
                                            "Sort Method": "quicksort",
                                            "Sort Space Used": 25,
                                            "Sort Space Type": "Memory"
                                          }
                                        ],
                                        "Plans": [
                                          {
                                            "Node Type": "Seq Scan",
                                            "Parent Relationship": "Outer",
                                            "Parallel Aware": false,
                                            "Relation Name": "keyword",
                                            "Alias": "k",
                                            "Startup Cost": 0.0,
                                            "Total Cost": 2626.12,
                                            "Plan Rows": 1,
                                            "Plan Width": 20,
                                            "Actual Startup Time": 1.002,
                                            "Actual Total Time": 24.786,
                                            "Actual Rows": 1,
                                            "Actual Loops": 2,
                                            "Filter": "(keyword = 'marvel-cinematic-universe'::text)",
                                            "Rows Removed by Filter": 134169
                                          }
                                        ]
                                      }
                                    ]
                                  }
                                ]
                              }
                            ]
                          }
                        ]
                      }
                    ]
                  }
                ]
              },
              {
                "Node Type": "Sort",
                "Parent Relationship": "Inner",
                "Parallel Aware": false,
                "Startup Cost": 107723.36,
                "Total Cost": 107724.4,
                "Plan Rows": 417,
                "Plan Width": 19,
                "Actual Startup Time": 421.117,
                "Actual Total Time": 421.118,
                "Actual Rows": 2,
                "Actual Loops": 2,
                "Sort Key": [
                  "n.id"
                ],
                "Sort Method": "quicksort",
                "Sort Space Used": 25,
                "Sort Space Type": "Memory",
                "Workers": [
                  {
                    "Worker Number": 0,
                    "Sort Method": "quicksort",
                    "Sort Space Used": 25,
                    "Sort Space Type": "Memory"
                  }
                ],
                "Plans": [
                  {
                    "Node Type": "Seq Scan",
                    "Parent Relationship": "Outer",
                    "Parallel Aware": false,
                    "Relation Name": "name",
                    "Alias": "n",
                    "Startup Cost": 0.0,
                    "Total Cost": 107705.21,
                    "Plan Rows": 417,
                    "Plan Width": 19,
                    "Actual Startup Time": 43.056,
                    "Actual Total Time": 421.098,
                    "Actual Rows": 2,
                    "Actual Loops": 2,
                    "Filter": "(name ~~ '%Downey%Robert%'::text)",
                    "Rows Removed by Filter": 4167489
                  }
                ]
              }
            ]
          }
        ]
      }
    ]
  },
  "Planning Time": 1.767,
  "Triggers": [],
  "Execution Time": 16704.744
}