{
  "Plan": {
    "Node Type": "Aggregate",
    "Strategy": "Plain",
    "Partial Mode": "Finalize",
    "Parallel Aware": false,
    "Startup Cost": 597767.09,
    "Total Cost": 597767.1,
    "Plan Rows": 1,
    "Plan Width": 8,
    "Actual Startup Time": 2087.672,
    "Actual Total Time": 2138.892,
    "Actual Rows": 1,
    "Actual Loops": 1,
    "Plans": [
      {
        "Node Type": "Gather",
        "Parent Relationship": "Outer",
        "Parallel Aware": false,
        "Startup Cost": 597766.97,
        "Total Cost": 597767.08,
        "Plan Rows": 1,
        "Plan Width": 8,
        "Actual Startup Time": 2087.553,
        "Actual Total Time": 2138.884,
        "Actual Rows": 2,
        "Actual Loops": 1,
        "Workers Planned": 1,
        "Workers Launched": 1,
        "Single Copy": false,
        "Plans": [
          {
            "Node Type": "Aggregate",
            "Strategy": "Plain",
            "Partial Mode": "Partial",
            "Parent Relationship": "Outer",
            "Parallel Aware": false,
            "Startup Cost": 596766.97,
            "Total Cost": 596766.98,
            "Plan Rows": 1,
            "Plan Width": 8,
            "Actual Startup Time": 2084.01,
            "Actual Total Time": 2084.013,
            "Actual Rows": 1,
            "Actual Loops": 2,
            "Plans": [
              {
                "Node Type": "Hash Join",
                "Parent Relationship": "Outer",
                "Parallel Aware": true,
                "Join Type": "Inner",
                "Startup Cost": 54740.83,
                "Total Cost": 596589.08,
                "Plan Rows": 71156,
                "Plan Width": 0,
                "Actual Startup Time": 621.277,
                "Actual Total Time": 2080.962,
                "Actual Rows": 55472,
                "Actual Loops": 2,
                "Inner Unique": true,
                "Hash Cond": "(ci.movie_id = t.id)",
                "Plans": [
                  {
                    "Node Type": "Seq Scan",
                    "Parent Relationship": "Outer",
                    "Parallel Aware": true,
                    "Relation Name": "cast_info",
                    "Alias": "ci",
                    "Startup Cost": 0.0,
                    "Total Cost": 519069.44,
                    "Plan Rows": 8677631,
                    "Plan Width": 4,
                    "Actual Startup Time": 491.612,
                    "Actual Total Time": 1326.443,
                    "Actual Rows": 7363028,
                    "Actual Loops": 2,
                    "Filter": "(person_id > 2181340)",
                    "Rows Removed by Filter": 10759144
                  },
                  {
                    "Node Type": "Hash",
                    "Parent Relationship": "Inner",
                    "Parallel Aware": true,
                    "Startup Cost": 54588.39,
                    "Total Cost": 54588.39,
                    "Plan Rows": 12195,
                    "Plan Width": 4,
                    "Actual Startup Time": 128.525,
                    "Actual Total Time": 128.526,
                    "Actual Rows": 9930,
                    "Actual Loops": 2,
                    "Hash Buckets": 32768,
                    "Original Hash Buckets": 32768,
                    "Hash Batches": 1,
                    "Original Hash Batches": 1,
                    "Peak Memory Usage": 1088,
                    "Plans": [
                      {
                        "Node Type": "Seq Scan",
                        "Parent Relationship": "Outer",
                        "Parallel Aware": true,
                        "Relation Name": "title",
                        "Alias": "t",
                        "Startup Cost": 0.0,
                        "Total Cost": 54588.39,
                        "Plan Rows": 12195,
                        "Plan Width": 4,
                        "Actual Startup Time": 0.051,
                        "Actual Total Time": 124.828,
                        "Actual Rows": 9930,
                        "Actual Loops": 2,
                        "Filter": "(production_year = 1988)",
                        "Rows Removed by Filter": 1254226
                      }
                    ]
                  }
                ]
              }
            ]
          }
        ]
      }
    ]
  },
  "Planning Time": 0.452,
  "Triggers": [],
  "Execution Time": 2138.976
}