[
  {
    "Plan": {
      "Node Type": "Aggregate",
      "Strategy": "Plain",
      "Partial Mode": "Finalize",
      "Parallel Aware": false,
      "Startup Cost": 76926.6,
      "Total Cost": 76926.61,
      "Plan Rows": 1,
      "Plan Width": 8,
      "Actual Startup Time": 186.75,
      "Actual Total Time": 202.239,
      "Actual Rows": 1,
      "Actual Loops": 1,
      "Plans": [
        {
          "Node Type": "Gather",
          "Parent Relationship": "Outer",
          "Parallel Aware": false,
          "Startup Cost": 76926.28,
          "Total Cost": 76926.59,
          "Plan Rows": 3,
          "Plan Width": 8,
          "Actual Startup Time": 186.428,
          "Actual Total Time": 202.233,
          "Actual Rows": 4,
          "Actual Loops": 1,
          "Workers Planned": 3,
          "Workers Launched": 3,
          "Single Copy": false,
          "Plans": [
            {
              "Node Type": "Aggregate",
              "Strategy": "Plain",
              "Partial Mode": "Partial",
              "Parent Relationship": "Outer",
              "Parallel Aware": false,
              "Startup Cost": 75926.28,
              "Total Cost": 75926.29,
              "Plan Rows": 1,
              "Plan Width": 8,
              "Actual Startup Time": 181.337,
              "Actual Total Time": 181.34,
              "Actual Rows": 1,
              "Actual Loops": 4,
              "Plans": [
                {
                  "Node Type": "Hash Join",
                  "Parent Relationship": "Outer",
                  "Parallel Aware": true,
                  "Join Type": "Inner",
                  "Startup Cost": 45612.74,
                  "Total Cost": 75910.44,
                  "Plan Rows": 6336,
                  "Plan Width": 0,
                  "Actual Startup Time": 130.759,
                  "Actual Total Time": 181.288,
                  "Actual Rows": 912,
                  "Actual Loops": 4,
                  "Inner Unique": true,
                  "Hash Cond": "(mc.movie_id = t.id)",
                  "Plans": [
                    {
                      "Node Type": "Seq Scan",
                      "Parent Relationship": "Outer",
                      "Parallel Aware": true,
                      "Relation Name": "movie_companies",
                      "Alias": "mc",
                      "Startup Cost": 0.0,
                      "Total Cost": 29310.68,
                      "Plan Rows": 376009,
                      "Plan Width": 4,
                      "Actual Startup Time": 8.835,
                      "Actual Total Time": 61.715,
                      "Actual Rows": 288763,
                      "Actual Loops": 4,
                      "Filter": "(company_id > 13017)",
                      "Rows Removed by Filter": 363519
                    },
                    {
                      "Node Type": "Hash",
                      "Parent Relationship": "Inner",
                      "Parallel Aware": true,
                      "Startup Cost": 45479.59,
                      "Total Cost": 45479.59,
                      "Plan Rows": 10652,
                      "Plan Width": 4,
                      "Actual Startup Time": 91.118,
                      "Actual Total Time": 91.119,
                      "Actual Rows": 10963,
                      "Actual Loops": 4,
                      "Hash Buckets": 65536,
                      "Original Hash Buckets": 65536,
                      "Hash Batches": 1,
                      "Original Hash Batches": 1,
                      "Peak Memory Usage": 2272,
                      "Plans": [
                        {
                          "Node Type": "Seq Scan",
                          "Parent Relationship": "Outer",
                          "Parallel Aware": true,
                          "Relation Name": "title",
                          "Alias": "t",
                          "Startup Cost": 0.0,
                          "Total Cost": 45479.59,
                          "Plan Rows": 10652,
                          "Plan Width": 4,
                          "Actual Startup Time": 0.039,
                          "Actual Total Time": 86.888,
                          "Actual Rows": 10963,
                          "Actual Loops": 4,
                          "Filter": "((kind_id = 7) AND (production_year = 2003))",
                          "Rows Removed by Filter": 621115
                        }
                      ]
                    }
                  ]
                }
              ]
            }
          ]
        }
      ]
    },
    "Planning Time": 0.261,
    "Triggers": [],
    "Execution Time": 202.284
  }
]