[
    {
        "Bao": {
            "Bao prediction": "NaN",
            "Bao recommended hint": "(no hint)"
        }
    },
    {
        "Plan": {
            "Node Type": "Aggregate",
            "Strategy": "Plain",
            "Partial Mode": "Finalize",
            "Parallel Aware": false,
            "Startup Cost": 340891.78,
            "Total Cost": 340891.79,
            "Plan Rows": 1,
            "Plan Width": 8,
            "Actual Startup Time": 748.028,
            "Actual Total Time": 772.636,
            "Actual Rows": 1,
            "Actual Loops": 1,
            "Output": [
                "count(*)"
            ],
            "Plans": [
                {
                    "Node Type": "Gather",
                    "Parent Relationship": "Outer",
                    "Parallel Aware": false,
                    "Startup Cost": 340891.16,
                    "Total Cost": 340891.77,
                    "Plan Rows": 6,
                    "Plan Width": 8,
                    "Actual Startup Time": 747.945,
                    "Actual Total Time": 772.63,
                    "Actual Rows": 7,
                    "Actual Loops": 1,
                    "Output": [
                        "(PARTIAL count(*))"
                    ],
                    "Workers Planned": 6,
                    "Workers Launched": 6,
                    "Single Copy": false,
                    "Plans": [
                        {
                            "Node Type": "Aggregate",
                            "Strategy": "Plain",
                            "Partial Mode": "Partial",
                            "Parent Relationship": "Outer",
                            "Parallel Aware": false,
                            "Startup Cost": 339891.16,
                            "Total Cost": 339891.17,
                            "Plan Rows": 1,
                            "Plan Width": 8,
                            "Actual Startup Time": 738.39,
                            "Actual Total Time": 738.391,
                            "Actual Rows": 1,
                            "Actual Loops": 7,
                            "Output": [
                                "PARTIAL count(*)"
                            ],
                            "Workers": [
                                {
                                    "Worker Number": 0,
                                    "Actual Startup Time": 736.176,
                                    "Actual Total Time": 736.176,
                                    "Actual Rows": 1,
                                    "Actual Loops": 1
                                },
                                {
                                    "Worker Number": 1,
                                    "Actual Startup Time": 736.417,
                                    "Actual Total Time": 736.418,
                                    "Actual Rows": 1,
                                    "Actual Loops": 1
                                },
                                {
                                    "Worker Number": 2,
                                    "Actual Startup Time": 736.794,
                                    "Actual Total Time": 736.795,
                                    "Actual Rows": 1,
                                    "Actual Loops": 1
                                },
                                {
                                    "Worker Number": 3,
                                    "Actual Startup Time": 736.865,
                                    "Actual Total Time": 736.866,
                                    "Actual Rows": 1,
                                    "Actual Loops": 1
                                },
                                {
                                    "Worker Number": 4,
                                    "Actual Startup Time": 737.223,
                                    "Actual Total Time": 737.224,
                                    "Actual Rows": 1,
                                    "Actual Loops": 1
                                },
                                {
                                    "Worker Number": 5,
                                    "Actual Startup Time": 737.671,
                                    "Actual Total Time": 737.672,
                                    "Actual Rows": 1,
                                    "Actual Loops": 1
                                }
                            ],
                            "Plans": [
                                {
                                    "Node Type": "Seq Scan",
                                    "Parent Relationship": "Outer",
                                    "Parallel Aware": true,
                                    "Relation Name": "cast_info",
                                    "Schema": "public",
                                    "Alias": "ci",
                                    "Startup Cost": 0.0,
                                    "Total Cost": 328213.62,
                                    "Plan Rows": 4671017,
                                    "Plan Width": 0,
                                    "Actual Startup Time": 91.392,
                                    "Actual Total Time": 569.721,
                                    "Actual Rows": 3977097,
                                    "Actual Loops": 7,
                                    "Output": [
                                        "id",
                                        "person_id",
                                        "movie_id",
                                        "person_role_id",
                                        "note",
                                        "nr_order",
                                        "role_id"
                                    ],
                                    "Filter": "(ci.person_id > 824327)",
                                    "Rows Removed by Filter": 1200667,
                                    "Workers": [
                                        {
                                            "Worker Number": 0,
                                            "Actual Startup Time": 89.176,
                                            "Actual Total Time": 573.515,
                                            "Actual Rows": 4016598,
                                            "Actual Loops": 1
                                        },
                                        {
                                            "Worker Number": 1,
                                            "Actual Startup Time": 89.424,
                                            "Actual Total Time": 572.972,
                                            "Actual Rows": 3990015,
                                            "Actual Loops": 1
                                        },
                                        {
                                            "Worker Number": 2,
                                            "Actual Startup Time": 89.783,
                                            "Actual Total Time": 574.602,
                                            "Actual Rows": 4005808,
                                            "Actual Loops": 1
                                        },
                                        {
                                            "Worker Number": 3,
                                            "Actual Startup Time": 89.875,
                                            "Actual Total Time": 565.168,
                                            "Actual Rows": 2611910,
                                            "Actual Loops": 1
                                        },
                                        {
                                            "Worker Number": 4,
                                            "Actual Startup Time": 90.232,
                                            "Actual Total Time": 573.9,
                                            "Actual Rows": 4037019,
                                            "Actual Loops": 1
                                        },
                                        {
                                            "Worker Number": 5,
                                            "Actual Startup Time": 90.677,
                                            "Actual Total Time": 574.431,
                                            "Actual Rows": 3981268,
                                            "Actual Loops": 1
                                        }
                                    ]
                                }
                            ]
                        }
                    ]
                }
            ]
        },
        "Planning Time": 225.529,
        "Triggers": [],
        "Execution Time": 772.686
    }
]