[
  {
    "Plan": {
      "Node Type": "Aggregate",
      "Strategy": "Plain",
      "Partial Mode": "Finalize",
      "Parallel Aware": false,
      "Startup Cost": 80441.9,
      "Total Cost": 80441.91,
      "Plan Rows": 1,
      "Plan Width": 8,
      "Actual Startup Time": 265.84,
      "Actual Total Time": 283.529,
      "Actual Rows": 1,
      "Actual Loops": 1,
      "Plans": [
        {
          "Node Type": "Gather",
          "Parent Relationship": "Outer",
          "Parallel Aware": false,
          "Startup Cost": 80441.59,
          "Total Cost": 80441.9,
          "Plan Rows": 3,
          "Plan Width": 8,
          "Actual Startup Time": 263.483,
          "Actual Total Time": 283.519,
          "Actual Rows": 4,
          "Actual Loops": 1,
          "Workers Planned": 3,
          "Workers Launched": 3,
          "Single Copy": false,
          "Plans": [
            {
              "Node Type": "Aggregate",
              "Strategy": "Plain",
              "Partial Mode": "Partial",
              "Parent Relationship": "Outer",
              "Parallel Aware": false,
              "Startup Cost": 79441.59,
              "Total Cost": 79441.6,
              "Plan Rows": 1,
              "Plan Width": 8,
              "Actual Startup Time": 259.085,
              "Actual Total Time": 259.089,
              "Actual Rows": 1,
              "Actual Loops": 4,
              "Plans": [
                {
                  "Node Type": "Hash Join",
                  "Parent Relationship": "Outer",
                  "Parallel Aware": true,
                  "Join Type": "Inner",
                  "Startup Cost": 47013.26,
                  "Total Cost": 79283.46,
                  "Plan Rows": 63251,
                  "Plan Width": 0,
                  "Actual Startup Time": 143.001,
                  "Actual Total Time": 258.575,
                  "Actual Rows": 8120,
                  "Actual Loops": 4,
                  "Inner Unique": true,
                  "Hash Cond": "(mc.movie_id = t.id)",
                  "Plans": [
                    {
                      "Node Type": "Seq Scan",
                      "Parent Relationship": "Outer",
                      "Parallel Aware": true,
                      "Relation Name": "movie_companies",
                      "Alias": "mc",
                      "Startup Cost": 0.0,
                      "Total Cost": 31414.82,
                      "Plan Rows": 325859,
                      "Plan Width": 4,
                      "Actual Startup Time": 0.142,
                      "Actual Total Time": 77.085,
                      "Actual Rows": 219168,
                      "Actual Loops": 4,
                      "Filter": "((company_id > 525) AND (company_type_id < 2))",
                      "Rows Removed by Filter": 433114
                    },
                    {
                      "Node Type": "Hash",
                      "Parent Relationship": "Inner",
                      "Parallel Aware": true,
                      "Startup Cost": 45479.59,
                      "Total Cost": 45479.59,
                      "Plan Rows": 122694,
                      "Plan Width": 4,
                      "Actual Startup Time": 140.257,
                      "Actual Total Time": 140.259,
                      "Actual Rows": 89499,
                      "Actual Loops": 4,
                      "Hash Buckets": 524288,
                      "Original Hash Buckets": 524288,
                      "Hash Batches": 1,
                      "Original Hash Batches": 1,
                      "Peak Memory Usage": 18144,
                      "Plans": [
                        {
                          "Node Type": "Seq Scan",
                          "Parent Relationship": "Outer",
                          "Parallel Aware": true,
                          "Relation Name": "title",
                          "Alias": "t",
                          "Startup Cost": 0.0,
                          "Total Cost": 45479.59,
                          "Plan Rows": 122694,
                          "Plan Width": 4,
                          "Actual Startup Time": 0.025,
                          "Actual Total Time": 105.485,
                          "Actual Rows": 89499,
                          "Actual Loops": 4,
                          "Filter": "((kind_id > 3) AND (production_year < 1993))",
                          "Rows Removed by Filter": 542579
                        }
                      ]
                    }
                  ]
                }
              ]
            }
          ]
        }
      ]
    },
    "Planning Time": 0.377,
    "Triggers": [],
    "Execution Time": 283.571
  }
]