[
  {
    "Plan": {
      "Node Type": "Aggregate",
      "Strategy": "Plain",
      "Partial Mode": "Finalize",
      "Parallel Aware": false,
      "Startup Cost": 44829.46,
      "Total Cost": 44829.47,
      "Plan Rows": 1,
      "Plan Width": 8,
      "Actual Startup Time": 133.566,
      "Actual Total Time": 143.372,
      "Actual Rows": 1,
      "Actual Loops": 1,
      "Plans": [
        {
          "Node Type": "Gather",
          "Parent Relationship": "Outer",
          "Parallel Aware": false,
          "Startup Cost": 44829.14,
          "Total Cost": 44829.45,
          "Plan Rows": 3,
          "Plan Width": 8,
          "Actual Startup Time": 133.423,
          "Actual Total Time": 143.364,
          "Actual Rows": 4,
          "Actual Loops": 1,
          "Workers Planned": 3,
          "Workers Launched": 3,
          "Single Copy": false,
          "Plans": [
            {
              "Node Type": "Aggregate",
              "Strategy": "Plain",
              "Partial Mode": "Partial",
              "Parent Relationship": "Outer",
              "Parallel Aware": false,
              "Startup Cost": 43829.14,
              "Total Cost": 43829.15,
              "Plan Rows": 1,
              "Plan Width": 8,
              "Actual Startup Time": 124.961,
              "Actual Total Time": 124.962,
              "Actual Rows": 1,
              "Actual Loops": 4,
              "Plans": [
                {
                  "Node Type": "Seq Scan",
                  "Parent Relationship": "Outer",
                  "Parallel Aware": true,
                  "Relation Name": "movie_keyword",
                  "Alias": "mk",
                  "Startup Cost": 0.0,
                  "Total Cost": 42695.65,
                  "Plan Rows": 453395,
                  "Plan Width": 0,
                  "Actual Startup Time": 1.961,
                  "Actual Total Time": 107.599,
                  "Actual Rows": 352183,
                  "Actual Loops": 4,
                  "Filter": "(keyword_id > 11866)",
                  "Rows Removed by Filter": 778799
                }
              ]
            }
          ]
        }
      ]
    },
    "Planning Time": 0.188,
    "Triggers": [],
    "Execution Time": 143.428
  }
]