{
  "Plan": {
    "Node Type": "Aggregate",
    "Strategy": "Plain",
    "Partial Mode": "Simple",
    "Parallel Aware": false,
    "Startup Cost": 346464.65,
    "Total Cost": 346464.66,
    "Plan Rows": 1,
    "Plan Width": 96,
    "Actual Startup Time": 1911.16,
    "Actual Total Time": 2016.101,
    "Actual Rows": 1,
    "Actual Loops": 1,
    "Plans": [
      {
        "Node Type": "Gather",
        "Parent Relationship": "Outer",
        "Parallel Aware": false,
        "Startup Cost": 62806.79,
        "Total Cost": 346464.65,
        "Plan Rows": 1,
        "Plan Width": 66,
        "Actual Startup Time": 1253.996,
        "Actual Total Time": 2015.148,
        "Actual Rows": 4077,
        "Actual Loops": 1,
        "Workers Planned": 1,
        "Workers Launched": 1,
        "Single Copy": false,
        "Plans": [
          {
            "Node Type": "Nested Loop",
            "Parent Relationship": "Outer",
            "Parallel Aware": false,
            "Join Type": "Inner",
            "Startup Cost": 61806.79,
            "Total Cost": 345464.55,
            "Plan Rows": 1,
            "Plan Width": 66,
            "Actual Startup Time": 1248.365,
            "Actual Total Time": 1901.599,
            "Actual Rows": 2038,
            "Actual Loops": 2,
            "Inner Unique": true,
            "Plans": [
              {
                "Node Type": "Hash Join",
                "Parent Relationship": "Outer",
                "Parallel Aware": false,
                "Join Type": "Inner",
                "Startup Cost": 61806.64,
                "Total Cost": 345463.71,
                "Plan Rows": 5,
                "Plan Width": 70,
                "Actual Startup Time": 1247.5,
                "Actual Total Time": 1895.965,
                "Actual Rows": 4246,
                "Actual Loops": 2,
                "Inner Unique": true,
                "Hash Cond": "(mi.info_type_id = it1.id)",
                "Plans": [
                  {
                    "Node Type": "Nested Loop",
                    "Parent Relationship": "Outer",
                    "Parallel Aware": false,
                    "Join Type": "Inner",
                    "Startup Cost": 61804.22,
                    "Total Cost": 345459.68,
                    "Plan Rows": 590,
                    "Plan Width": 74,
                    "Actual Startup Time": 1247.163,
                    "Actual Total Time": 1894.254,
                    "Actual Rows": 4246,
                    "Actual Loops": 2,
                    "Inner Unique": true,
                    "Plans": [
                      {
                        "Node Type": "Nested Loop",
                        "Parent Relationship": "Outer",
                        "Parallel Aware": false,
                        "Join Type": "Inner",
                        "Startup Cost": 61803.79,
                        "Total Cost": 343433.4,
                        "Plan Rows": 3954,
                        "Plan Width": 78,
                        "Actual Startup Time": 1246.991,
                        "Actual Total Time": 1770.046,
                        "Actual Rows": 29344,
                        "Actual Loops": 2,
                        "Inner Unique": false,
                        "Join Filter": "(t.id = ci.movie_id)",
                        "Rows Removed by Join Filter": 0,
                        "Plans": [
                          {
                            "Node Type": "Nested Loop",
                            "Parent Relationship": "Outer",
                            "Parallel Aware": false,
                            "Join Type": "Inner",
                            "Startup Cost": 61803.22,
                            "Total Cost": 336701.47,
                            "Plan Rows": 2210,
                            "Plan Width": 86,
                            "Actual Startup Time": 1246.399,
                            "Actual Total Time": 1393.712,
                            "Actual Rows": 6166,
                            "Actual Loops": 2,
                            "Inner Unique": false,
                            "Plans": [
                              {
                                "Node Type": "Hash Join",
                                "Parent Relationship": "Outer",
                                "Parallel Aware": true,
                                "Join Type": "Inner",
                                "Startup Cost": 61802.8,
                                "Total Cost": 332988.19,
                                "Plan Rows": 5925,
                                "Plan Width": 72,
                                "Actual Startup Time": 1246.327,
                                "Actual Total Time": 1369.456,
                                "Actual Rows": 3810,
                                "Actual Loops": 2,
                                "Inner Unique": true,
                                "Hash Cond": "(mi.movie_id = t.id)",
                                "Plans": [
                                  {
                                    "Node Type": "Seq Scan",
                                    "Parent Relationship": "Outer",
                                    "Parallel Aware": true,
                                    "Relation Name": "movie_info",
                                    "Alias": "mi",
                                    "Startup Cost": 0.0,
                                    "Total Cost": 271102.71,
                                    "Plan Rows": 31497,
                                    "Plan Width": 51,
                                    "Actual Startup Time": 648.208,
                                    "Actual Total Time": 1029.708,
                                    "Actual Rows": 27223,
                                    "Actual Loops": 2,
                                    "Filter": "((note IS NULL) AND (info = ANY ('{Thriller,War}'::text[])))",
                                    "Rows Removed by Filter": 7390637
                                  },
                                  {
                                    "Node Type": "Hash",
                                    "Parent Relationship": "Inner",
                                    "Parallel Aware": true,
                                    "Startup Cost": 58305.62,
                                    "Total Cost": 58305.62,
                                    "Plan Rows": 279774,
                                    "Plan Width": 21,
                                    "Actual Startup Time": 316.359,
                                    "Actual Total Time": 316.36,
                                    "Actual Rows": 238481,
                                    "Actual Loops": 2,
                                    "Hash Buckets": 524288,
                                    "Original Hash Buckets": 524288,
                                    "Hash Batches": 1,
                                    "Original Hash Batches": 1,
                                    "Peak Memory Usage": 30784,
                                    "Plans": [
                                      {
                                        "Node Type": "Seq Scan",
                                        "Parent Relationship": "Outer",
                                        "Parallel Aware": true,
                                        "Relation Name": "title",
                                        "Alias": "t",
                                        "Startup Cost": 0.0,
                                        "Total Cost": 58305.62,
                                        "Plan Rows": 279774,
                                        "Plan Width": 21,
                                        "Actual Startup Time": 0.035,
                                        "Actual Total Time": 204.298,
                                        "Actual Rows": 238481,
                                        "Actual Loops": 2,
                                        "Filter": "((production_year >= 2001) AND (production_year <= 2006))",
                                        "Rows Removed by Filter": 1025675
                                      }
                                    ]
                                  }
                                ]
                              },
                              {
                                "Node Type": "Index Scan",
                                "Parent Relationship": "Inner",
                                "Parallel Aware": false,
                                "Scan Direction": "Forward",
                                "Index Name": "movie_id_movie_info_idx",
                                "Relation Name": "movie_info_idx",
                                "Alias": "mi_idx",
                                "Startup Cost": 0.43,
                                "Total Cost": 0.61,
                                "Plan Rows": 2,
                                "Plan Width": 14,
                                "Actual Startup Time": 0.005,
                                "Actual Total Time": 0.006,
                                "Actual Rows": 2,
                                "Actual Loops": 7620,
                                "Index Cond": "(movie_id = t.id)",
                                "Rows Removed by Index Recheck": 0,
                                "Filter": "(info > '11'::text)",
                                "Rows Removed by Filter": 1
                              }
                            ]
                          },
                          {
                            "Node Type": "Index Scan",
                            "Parent Relationship": "Inner",
                            "Parallel Aware": false,
                            "Scan Direction": "Forward",
                            "Index Name": "movie_id_cast_info",
                            "Relation Name": "cast_info",
                            "Alias": "ci",
                            "Startup Cost": 0.56,
                            "Total Cost": 3.0,
                            "Plan Rows": 4,
                            "Plan Width": 8,
                            "Actual Startup Time": 0.024,
                            "Actual Total Time": 0.06,
                            "Actual Rows": 5,
                            "Actual Loops": 12332,
                            "Index Cond": "(movie_id = mi_idx.movie_id)",
                            "Rows Removed by Index Recheck": 0,
                            "Filter": "(note = ANY ('{\"(executive producer)\",(producer),(voice),(uncredited),(writer)}'::text[]))",
                            "Rows Removed by Filter": 41
                          }
                        ]
                      },
                      {
                        "Node Type": "Index Scan",
                        "Parent Relationship": "Inner",
                        "Parallel Aware": false,
                        "Scan Direction": "Forward",
                        "Index Name": "name_pkey",
                        "Relation Name": "name",
                        "Alias": "n",
                        "Startup Cost": 0.43,
                        "Total Cost": 0.51,
                        "Plan Rows": 1,
                        "Plan Width": 4,
                        "Actual Startup Time": 0.004,
                        "Actual Total Time": 0.004,
                        "Actual Rows": 0,
                        "Actual Loops": 58688,
                        "Index Cond": "(id = ci.person_id)",
                        "Rows Removed by Index Recheck": 0,
                        "Filter": "((gender IS NOT NULL) AND ((gender)::text = 'f'::text))",
                        "Rows Removed by Filter": 1
                      }
                    ]
                  },
                  {
                    "Node Type": "Hash",
                    "Parent Relationship": "Inner",
                    "Parallel Aware": false,
                    "Startup Cost": 2.41,
                    "Total Cost": 2.41,
                    "Plan Rows": 1,
                    "Plan Width": 4,
                    "Actual Startup Time": 0.065,
                    "Actual Total Time": 0.066,
                    "Actual Rows": 1,
                    "Actual Loops": 2,
                    "Hash Buckets": 1024,
                    "Original Hash Buckets": 1024,
                    "Hash Batches": 1,
                    "Original Hash Batches": 1,
                    "Peak Memory Usage": 9,
                    "Plans": [
                      {
                        "Node Type": "Seq Scan",
                        "Parent Relationship": "Outer",
                        "Parallel Aware": false,
                        "Relation Name": "info_type",
                        "Alias": "it1",
                        "Startup Cost": 0.0,
                        "Total Cost": 2.41,
                        "Plan Rows": 1,
                        "Plan Width": 4,
                        "Actual Startup Time": 0.031,
                        "Actual Total Time": 0.05,
                        "Actual Rows": 1,
                        "Actual Loops": 2,
                        "Filter": "((info)::text = 'genres'::text)",
                        "Rows Removed by Filter": 112
                      }
                    ]
                  }
                ]
              },
              {
                "Node Type": "Index Scan",
                "Parent Relationship": "Inner",
                "Parallel Aware": false,
                "Scan Direction": "Forward",
                "Index Name": "info_type_pkey",
                "Relation Name": "info_type",
                "Alias": "it2",
                "Startup Cost": 0.14,
                "Total Cost": 0.16,
                "Plan Rows": 1,
                "Plan Width": 4,
                "Actual Startup Time": 0.001,
                "Actual Total Time": 0.001,
                "Actual Rows": 0,
                "Actual Loops": 8493,
                "Index Cond": "(id = mi_idx.info_type_id)",
                "Rows Removed by Index Recheck": 0,
                "Filter": "((info)::text = 'rating'::text)",
                "Rows Removed by Filter": 1
              }
            ]
          }
        ]
      }
    ]
  },
  "Planning Time": 1.503,
  "Triggers": [],
  "Execution Time": 2016.239
}