[
  {
    "Plan": {
      "Node Type": "Aggregate",
      "Strategy": "Plain",
      "Partial Mode": "Finalize",
      "Parallel Aware": false,
      "Startup Cost": 46790.71,
      "Total Cost": 46790.72,
      "Plan Rows": 1,
      "Plan Width": 8,
      "Actual Startup Time": 108.441,
      "Actual Total Time": 120.282,
      "Actual Rows": 1,
      "Actual Loops": 1,
      "Plans": [
        {
          "Node Type": "Gather",
          "Parent Relationship": "Outer",
          "Parallel Aware": false,
          "Startup Cost": 46790.29,
          "Total Cost": 46790.7,
          "Plan Rows": 4,
          "Plan Width": 8,
          "Actual Startup Time": 108.301,
          "Actual Total Time": 120.27,
          "Actual Rows": 5,
          "Actual Loops": 1,
          "Workers Planned": 4,
          "Workers Launched": 4,
          "Single Copy": false,
          "Plans": [
            {
              "Node Type": "Aggregate",
              "Strategy": "Plain",
              "Partial Mode": "Partial",
              "Parent Relationship": "Outer",
              "Parallel Aware": false,
              "Startup Cost": 45790.29,
              "Total Cost": 45790.3,
              "Plan Rows": 1,
              "Plan Width": 8,
              "Actual Startup Time": 100.801,
              "Actual Total Time": 100.802,
              "Actual Rows": 1,
              "Actual Loops": 5,
              "Plans": [
                {
                  "Node Type": "Seq Scan",
                  "Parent Relationship": "Outer",
                  "Parallel Aware": true,
                  "Relation Name": "title",
                  "Alias": "t",
                  "Startup Cost": 0.0,
                  "Total Cost": 45479.1,
                  "Plan Rows": 124476,
                  "Plan Width": 0,
                  "Actual Startup Time": 0.04,
                  "Actual Total Time": 94.777,
                  "Actual Rows": 107761,
                  "Actual Loops": 5,
                  "Filter": "((kind_id < 3) AND (production_year < 2008))",
                  "Rows Removed by Filter": 397902
                }
              ]
            }
          ]
        }
      ]
    },
    "Planning Time": 0.188,
    "Triggers": [],
    "Execution Time": 120.353
  }
]