{
  "Plan": {
    "Node Type": "Aggregate",
    "Strategy": "Plain",
    "Partial Mode": "Finalize",
    "Parallel Aware": false,
    "Startup Cost": 242956.93,
    "Total Cost": 242956.94,
    "Plan Rows": 1,
    "Plan Width": 8,
    "Actual Startup Time": 1209.971,
    "Actual Total Time": 1236.938,
    "Actual Rows": 1,
    "Actual Loops": 1,
    "Plans": [
      {
        "Node Type": "Gather",
        "Parent Relationship": "Outer",
        "Parallel Aware": false,
        "Startup Cost": 242956.81,
        "Total Cost": 242956.92,
        "Plan Rows": 1,
        "Plan Width": 8,
        "Actual Startup Time": 1209.746,
        "Actual Total Time": 1236.93,
        "Actual Rows": 2,
        "Actual Loops": 1,
        "Workers Planned": 1,
        "Workers Launched": 1,
        "Single Copy": false,
        "Plans": [
          {
            "Node Type": "Aggregate",
            "Strategy": "Plain",
            "Partial Mode": "Partial",
            "Parent Relationship": "Outer",
            "Parallel Aware": false,
            "Startup Cost": 241956.81,
            "Total Cost": 241956.82,
            "Plan Rows": 1,
            "Plan Width": 8,
            "Actual Startup Time": 1203.799,
            "Actual Total Time": 1203.801,
            "Actual Rows": 1,
            "Actual Loops": 2,
            "Plans": [
              {
                "Node Type": "Nested Loop",
                "Parent Relationship": "Outer",
                "Parallel Aware": false,
                "Join Type": "Inner",
                "Startup Cost": 3.46,
                "Total Cost": 241661.13,
                "Plan Rows": 118273,
                "Plan Width": 0,
                "Actual Startup Time": 4.534,
                "Actual Total Time": 1187.471,
                "Actual Rows": 354368,
                "Actual Loops": 2,
                "Inner Unique": false,
                "Plans": [
                  {
                    "Node Type": "Merge Join",
                    "Parent Relationship": "Outer",
                    "Parallel Aware": false,
                    "Join Type": "Inner",
                    "Startup Cost": 3.03,
                    "Total Cost": 164481.37,
                    "Plan Rows": 114609,
                    "Plan Width": 8,
                    "Actual Startup Time": 4.41,
                    "Actual Total Time": 895.598,
                    "Actual Rows": 119276,
                    "Actual Loops": 2,
                    "Inner Unique": false,
                    "Merge Cond": "(t.id = mi_idx.movie_id)",
                    "Plans": [
                      {
                        "Node Type": "Index Scan",
                        "Parent Relationship": "Outer",
                        "Parallel Aware": true,
                        "Scan Direction": "Forward",
                        "Index Name": "title_pkey",
                        "Relation Name": "title",
                        "Alias": "t",
                        "Startup Cost": 0.43,
                        "Total Cost": 103647.43,
                        "Plan Rows": 628899,
                        "Plan Width": 4,
                        "Actual Startup Time": 1.337,
                        "Actual Total Time": 635.479,
                        "Actual Rows": 536972,
                        "Actual Loops": 2,
                        "Filter": "(production_year < 2001)",
                        "Rows Removed by Filter": 725994
                      },
                      {
                        "Node Type": "Index Scan",
                        "Parent Relationship": "Inner",
                        "Parallel Aware": false,
                        "Scan Direction": "Forward",
                        "Index Name": "movie_id_movie_info_idx",
                        "Relation Name": "movie_info_idx",
                        "Alias": "mi_idx",
                        "Startup Cost": 0.43,
                        "Total Cost": 57070.31,
                        "Plan Rows": 460748,
                        "Plan Width": 4,
                        "Actual Startup Time": 0.12,
                        "Actual Total Time": 197.256,
                        "Actual Rows": 459925,
                        "Actual Loops": 2,
                        "Filter": "(info_type_id = 101)",
                        "Rows Removed by Filter": 920110
                      }
                    ]
                  },
                  {
                    "Node Type": "Index Only Scan",
                    "Parent Relationship": "Inner",
                    "Parallel Aware": false,
                    "Scan Direction": "Forward",
                    "Index Name": "movie_id_movie_companies",
                    "Relation Name": "movie_companies",
                    "Alias": "mc",
                    "Startup Cost": 0.43,
                    "Total Cost": 0.62,
                    "Plan Rows": 5,
                    "Plan Width": 4,
                    "Actual Startup Time": 0.001,
                    "Actual Total Time": 0.002,
                    "Actual Rows": 3,
                    "Actual Loops": 238551,
                    "Index Cond": "(movie_id = t.id)",
                    "Rows Removed by Index Recheck": 0,
                    "Heap Fetches": 708736
                  }
                ]
              }
            ]
          }
        ]
      }
    ]
  },
  "Planning Time": 1.066,
  "Triggers": [],
  "Execution Time": 1237.031
}