[
  {
    "Plan": {
      "Node Type": "Aggregate",
      "Strategy": "Plain",
      "Partial Mode": "Finalize",
      "Parallel Aware": false,
      "Startup Cost": 210421.94,
      "Total Cost": 210421.95,
      "Plan Rows": 1,
      "Plan Width": 8,
      "Actual Startup Time": 1042.113,
      "Actual Total Time": 1094.036,
      "Actual Rows": 1,
      "Actual Loops": 1,
      "Plans": [
        {
          "Node Type": "Gather",
          "Parent Relationship": "Outer",
          "Parallel Aware": false,
          "Startup Cost": 210421.63,
          "Total Cost": 210421.94,
          "Plan Rows": 3,
          "Plan Width": 8,
          "Actual Startup Time": 1038.364,
          "Actual Total Time": 1094.024,
          "Actual Rows": 4,
          "Actual Loops": 1,
          "Workers Planned": 3,
          "Workers Launched": 3,
          "Single Copy": false,
          "Plans": [
            {
              "Node Type": "Aggregate",
              "Strategy": "Plain",
              "Partial Mode": "Partial",
              "Parent Relationship": "Outer",
              "Parallel Aware": false,
              "Startup Cost": 209421.63,
              "Total Cost": 209421.64,
              "Plan Rows": 1,
              "Plan Width": 8,
              "Actual Startup Time": 1029.624,
              "Actual Total Time": 1029.628,
              "Actual Rows": 1,
              "Actual Loops": 4,
              "Plans": [
                {
                  "Node Type": "Nested Loop",
                  "Parent Relationship": "Outer",
                  "Parallel Aware": false,
                  "Join Type": "Inner",
                  "Startup Cost": 46720.12,
                  "Total Cost": 208663.7,
                  "Plan Rows": 303172,
                  "Plan Width": 0,
                  "Actual Startup Time": 233.888,
                  "Actual Total Time": 985.479,
                  "Actual Rows": 918046,
                  "Actual Loops": 4,
                  "Inner Unique": false,
                  "Plans": [
                    {
                      "Node Type": "Hash Join",
                      "Parent Relationship": "Outer",
                      "Parallel Aware": true,
                      "Join Type": "Inner",
                      "Startup Cost": 46719.68,
                      "Total Cost": 78514.21,
                      "Plan Rows": 51633,
                      "Plan Width": 8,
                      "Actual Startup Time": 233.775,
                      "Actual Total Time": 359.813,
                      "Actual Rows": 64634,
                      "Actual Loops": 4,
                      "Inner Unique": true,
                      "Hash Cond": "(mc.movie_id = t.id)",
                      "Plans": [
                        {
                          "Node Type": "Seq Scan",
                          "Parent Relationship": "Outer",
                          "Parallel Aware": true,
                          "Relation Name": "movie_companies",
                          "Alias": "mc",
                          "Startup Cost": 0.0,
                          "Total Cost": 31414.82,
                          "Plan Rows": 144651,
                          "Plan Width": 4,
                          "Actual Startup Time": 33.084,
                          "Actual Total Time": 74.904,
                          "Actual Rows": 191362,
                          "Actual Loops": 4,
                          "Filter": "((company_id > 23756) AND (company_type_id > 1))",
                          "Rows Removed by Filter": 460920
                        },
                        {
                          "Node Type": "Hash",
                          "Parent Relationship": "Inner",
                          "Parallel Aware": true,
                          "Startup Cost": 43899.32,
                          "Total Cost": 43899.32,
                          "Plan Rows": 225629,
                          "Plan Width": 4,
                          "Actual Startup Time": 195.42,
                          "Actual Total Time": 195.421,
                          "Actual Rows": 226123,
                          "Actual Loops": 4,
                          "Hash Buckets": 1048576,
                          "Original Hash Buckets": 1048576,
                          "Hash Batches": 1,
                          "Original Hash Batches": 1,
                          "Peak Memory Usage": 43648,
                          "Plans": [
                            {
                              "Node Type": "Seq Scan",
                              "Parent Relationship": "Outer",
                              "Parallel Aware": true,
                              "Relation Name": "title",
                              "Alias": "t",
                              "Startup Cost": 0.0,
                              "Total Cost": 43899.32,
                              "Plan Rows": 225629,
                              "Plan Width": 4,
                              "Actual Startup Time": 0.026,
                              "Actual Total Time": 107.986,
                              "Actual Rows": 226123,
                              "Actual Loops": 4,
                              "Filter": "(production_year > 2006)",
                              "Rows Removed by Filter": 405955
                            }
                          ]
                        }
                      ]
                    },
                    {
                      "Node Type": "Index Only Scan",
                      "Parent Relationship": "Inner",
                      "Parallel Aware": false,
                      "Scan Direction": "Forward",
                      "Index Name": "movie_id_movie_info",
                      "Relation Name": "movie_info",
                      "Alias": "mi",
                      "Startup Cost": 0.43,
                      "Total Cost": 2.11,
                      "Plan Rows": 41,
                      "Plan Width": 4,
                      "Actual Startup Time": 0.003,
                      "Actual Total Time": 0.008,
                      "Actual Rows": 14,
                      "Actual Loops": 258534,
                      "Index Cond": "(movie_id = t.id)",
                      "Rows Removed by Index Recheck": 0,
                      "Heap Fetches": 3672184
                    }
                  ]
                }
              ]
            }
          ]
        }
      ]
    },
    "Planning Time": 1.539,
    "Triggers": [],
    "Execution Time": 1094.142
  }
]