[
  {
    "Plan": {
      "Node Type": "Aggregate",
      "Strategy": "Plain",
      "Partial Mode": "Finalize",
      "Parallel Aware": false,
      "Startup Cost": 179120.96,
      "Total Cost": 179120.97,
      "Plan Rows": 1,
      "Plan Width": 8,
      "Actual Startup Time": 900.36,
      "Actual Total Time": 958.734,
      "Actual Rows": 1,
      "Actual Loops": 1,
      "Plans": [
        {
          "Node Type": "Gather",
          "Parent Relationship": "Outer",
          "Parallel Aware": false,
          "Startup Cost": 179120.54,
          "Total Cost": 179120.95,
          "Plan Rows": 4,
          "Plan Width": 8,
          "Actual Startup Time": 895.973,
          "Actual Total Time": 958.726,
          "Actual Rows": 5,
          "Actual Loops": 1,
          "Workers Planned": 4,
          "Workers Launched": 4,
          "Single Copy": false,
          "Plans": [
            {
              "Node Type": "Aggregate",
              "Strategy": "Plain",
              "Partial Mode": "Partial",
              "Parent Relationship": "Outer",
              "Parallel Aware": false,
              "Startup Cost": 178120.54,
              "Total Cost": 178120.55,
              "Plan Rows": 1,
              "Plan Width": 8,
              "Actual Startup Time": 886.169,
              "Actual Total Time": 886.285,
              "Actual Rows": 1,
              "Actual Loops": 5,
              "Plans": [
                {
                  "Node Type": "Nested Loop",
                  "Parent Relationship": "Outer",
                  "Parallel Aware": false,
                  "Join Type": "Inner",
                  "Startup Cost": 33164.23,
                  "Total Cost": 177549.31,
                  "Plan Rows": 228493,
                  "Plan Width": 0,
                  "Actual Startup Time": 125.813,
                  "Actual Total Time": 853.309,
                  "Actual Rows": 734437,
                  "Actual Loops": 5,
                  "Inner Unique": false,
                  "Plans": [
                    {
                      "Node Type": "Hash Join",
                      "Parent Relationship": "Outer",
                      "Parallel Aware": true,
                      "Join Type": "Inner",
                      "Startup Cost": 33163.79,
                      "Total Cost": 78327.64,
                      "Plan Rows": 39077,
                      "Plan Width": 8,
                      "Actual Startup Time": 125.726,
                      "Actual Total Time": 275.101,
                      "Actual Rows": 51707,
                      "Actual Loops": 5,
                      "Inner Unique": false,
                      "Hash Cond": "(t.id = mc.movie_id)",
                      "Plans": [
                        {
                          "Node Type": "Seq Scan",
                          "Parent Relationship": "Outer",
                          "Parallel Aware": true,
                          "Relation Name": "title",
                          "Alias": "t",
                          "Startup Cost": 0.0,
                          "Total Cost": 43898.92,
                          "Plan Rows": 227776,
                          "Plan Width": 4,
                          "Actual Startup Time": 0.015,
                          "Actual Total Time": 70.749,
                          "Actual Rows": 180898,
                          "Actual Loops": 5,
                          "Filter": "(production_year > 2006)",
                          "Rows Removed by Filter": 324764
                        },
                        {
                          "Node Type": "Hash",
                          "Parent Relationship": "Inner",
                          "Parallel Aware": true,
                          "Startup Cost": 31414.82,
                          "Total Cost": 31414.82,
                          "Plan Rows": 139918,
                          "Plan Width": 4,
                          "Actual Startup Time": 122.857,
                          "Actual Total Time": 122.857,
                          "Actual Rows": 153090,
                          "Actual Loops": 5,
                          "Hash Buckets": 1048576,
                          "Original Hash Buckets": 524288,
                          "Hash Batches": 1,
                          "Original Hash Batches": 1,
                          "Peak Memory Usage": 42272,
                          "Plans": [
                            {
                              "Node Type": "Seq Scan",
                              "Parent Relationship": "Outer",
                              "Parallel Aware": true,
                              "Relation Name": "movie_companies",
                              "Alias": "mc",
                              "Startup Cost": 0.0,
                              "Total Cost": 31414.82,
                              "Plan Rows": 139918,
                              "Plan Width": 4,
                              "Actual Startup Time": 40.289,
                              "Actual Total Time": 71.599,
                              "Actual Rows": 153090,
                              "Actual Loops": 5,
                              "Filter": "((company_id > 23756) AND (company_type_id > 1))",
                              "Rows Removed by Filter": 368736
                            }
                          ]
                        }
                      ]
                    },
                    {
                      "Node Type": "Index Only Scan",
                      "Parent Relationship": "Inner",
                      "Parallel Aware": false,
                      "Scan Direction": "Forward",
                      "Index Name": "movie_id_movie_info",
                      "Relation Name": "movie_info",
                      "Alias": "mi",
                      "Startup Cost": 0.43,
                      "Total Cost": 2.12,
                      "Plan Rows": 42,
                      "Plan Width": 4,
                      "Actual Startup Time": 0.004,
                      "Actual Total Time": 0.01,
                      "Actual Rows": 14,
                      "Actual Loops": 258534,
                      "Index Cond": "(movie_id = t.id)",
                      "Rows Removed by Index Recheck": 0,
                      "Heap Fetches": 3672184
                    }
                  ]
                }
              ]
            }
          ]
        }
      ]
    },
    "Planning Time": 1.481,
    "Triggers": [],
    "Execution Time": 958.842
  }
]