[
  {
    "Plan": {
      "Node Type": "Aggregate",
      "Strategy": "Plain",
      "Partial Mode": "Finalize",
      "Parallel Aware": false,
      "Startup Cost": 32726.15,
      "Total Cost": 32726.16,
      "Plan Rows": 1,
      "Plan Width": 8,
      "Actual Startup Time": 81.749,
      "Actual Total Time": 90.14,
      "Actual Rows": 1,
      "Actual Loops": 1,
      "Plans": [
        {
          "Node Type": "Gather",
          "Parent Relationship": "Outer",
          "Parallel Aware": false,
          "Startup Cost": 32725.83,
          "Total Cost": 32726.14,
          "Plan Rows": 3,
          "Plan Width": 8,
          "Actual Startup Time": 81.609,
          "Actual Total Time": 90.13,
          "Actual Rows": 4,
          "Actual Loops": 1,
          "Workers Planned": 3,
          "Workers Launched": 3,
          "Single Copy": false,
          "Plans": [
            {
              "Node Type": "Aggregate",
              "Strategy": "Plain",
              "Partial Mode": "Partial",
              "Parent Relationship": "Outer",
              "Parallel Aware": false,
              "Startup Cost": 31725.83,
              "Total Cost": 31725.84,
              "Plan Rows": 1,
              "Plan Width": 8,
              "Actual Startup Time": 78.194,
              "Actual Total Time": 78.196,
              "Actual Rows": 1,
              "Actual Loops": 4,
              "Plans": [
                {
                  "Node Type": "Seq Scan",
                  "Parent Relationship": "Outer",
                  "Parallel Aware": true,
                  "Relation Name": "movie_companies",
                  "Alias": "mc",
                  "Startup Cost": 0.0,
                  "Total Cost": 31414.82,
                  "Plan Rows": 124406,
                  "Plan Width": 0,
                  "Actual Startup Time": 0.015,
                  "Actual Total Time": 71.064,
                  "Actual Rows": 138786,
                  "Actual Loops": 4,
                  "Filter": "((company_id < 1706) AND (company_type_id = 1))",
                  "Rows Removed by Filter": 513496
                }
              ]
            }
          ]
        }
      ]
    },
    "Planning Time": 0.111,
    "Triggers": [],
    "Execution Time": 90.173
  }
]