[
  {
    "Plan": {
      "Node Type": "Aggregate",
      "Strategy": "Plain",
      "Partial Mode": "Finalize",
      "Parallel Aware": false,
      "Startup Cost": 347151.99,
      "Total Cost": 347152.0,
      "Plan Rows": 1,
      "Plan Width": 8,
      "Actual Startup Time": 698.765,
      "Actual Total Time": 742.962,
      "Actual Rows": 1,
      "Actual Loops": 1,
      "Plans": [
        {
          "Node Type": "Gather",
          "Parent Relationship": "Outer",
          "Parallel Aware": false,
          "Startup Cost": 347151.36,
          "Total Cost": 347151.97,
          "Plan Rows": 6,
          "Plan Width": 8,
          "Actual Startup Time": 698.605,
          "Actual Total Time": 742.949,
          "Actual Rows": 7,
          "Actual Loops": 1,
          "Workers Planned": 6,
          "Workers Launched": 6,
          "Single Copy": false,
          "Plans": [
            {
              "Node Type": "Aggregate",
              "Strategy": "Plain",
              "Partial Mode": "Partial",
              "Parent Relationship": "Outer",
              "Parallel Aware": false,
              "Startup Cost": 346151.36,
              "Total Cost": 346151.38,
              "Plan Rows": 1,
              "Plan Width": 8,
              "Actual Startup Time": 692.579,
              "Actual Total Time": 692.58,
              "Actual Rows": 1,
              "Actual Loops": 7,
              "Plans": [
                {
                  "Node Type": "Seq Scan",
                  "Parent Relationship": "Outer",
                  "Parallel Aware": true,
                  "Relation Name": "cast_info",
                  "Alias": "ci",
                  "Startup Cost": 0.0,
                  "Total Cost": 343316.27,
                  "Plan Rows": 1134038,
                  "Plan Width": 0,
                  "Actual Startup Time": 327.775,
                  "Actual Total Time": 625.146,
                  "Actual Rows": 1476739,
                  "Actual Loops": 7,
                  "Filter": "((person_id > 2677461) AND (role_id > 1))",
                  "Rows Removed by Filter": 3701024
                }
              ]
            }
          ]
        }
      ]
    },
    "Planning Time": 0.073,
    "Triggers": [],
    "Execution Time": 743.003
  }
]