[
  {
    "Plan": {
      "Node Type": "Aggregate",
      "Strategy": "Plain",
      "Partial Mode": "Finalize",
      "Parallel Aware": false,
      "Startup Cost": 97936.63,
      "Total Cost": 97936.64,
      "Plan Rows": 1,
      "Plan Width": 8,
      "Actual Startup Time": 569.692,
      "Actual Total Time": 587.074,
      "Actual Rows": 1,
      "Actual Loops": 1,
      "Plans": [
        {
          "Node Type": "Gather",
          "Parent Relationship": "Outer",
          "Parallel Aware": false,
          "Startup Cost": 97936.31,
          "Total Cost": 97936.62,
          "Plan Rows": 3,
          "Plan Width": 8,
          "Actual Startup Time": 558.4,
          "Actual Total Time": 587.05,
          "Actual Rows": 4,
          "Actual Loops": 1,
          "Workers Planned": 3,
          "Workers Launched": 3,
          "Single Copy": false,
          "Plans": [
            {
              "Node Type": "Aggregate",
              "Strategy": "Plain",
              "Partial Mode": "Partial",
              "Parent Relationship": "Outer",
              "Parallel Aware": false,
              "Startup Cost": 96936.31,
              "Total Cost": 96936.32,
              "Plan Rows": 1,
              "Plan Width": 8,
              "Actual Startup Time": 550.781,
              "Actual Total Time": 550.786,
              "Actual Rows": 1,
              "Actual Loops": 4,
              "Plans": [
                {
                  "Node Type": "Hash Join",
                  "Parent Relationship": "Outer",
                  "Parallel Aware": true,
                  "Join Type": "Inner",
                  "Startup Cost": 50249.26,
                  "Total Cost": 95479.28,
                  "Plan Rows": 582812,
                  "Plan Width": 0,
                  "Actual Startup Time": 288.364,
                  "Actual Total Time": 536.755,
                  "Actual Rows": 243290,
                  "Actual Loops": 4,
                  "Inner Unique": true,
                  "Hash Cond": "(mk.movie_id = t.id)",
                  "Plans": [
                    {
                      "Node Type": "Seq Scan",
                      "Parent Relationship": "Outer",
                      "Parallel Aware": true,
                      "Relation Name": "movie_keyword",
                      "Alias": "mk",
                      "Startup Cost": 0.0,
                      "Total Cost": 42695.65,
                      "Plan Rows": 965472,
                      "Plan Width": 4,
                      "Actual Startup Time": 0.163,
                      "Actual Total Time": 135.571,
                      "Actual Rows": 749130,
                      "Actual Loops": 4,
                      "Filter": "(keyword_id > 2215)",
                      "Rows Removed by Filter": 381853
                    },
                    {
                      "Node Type": "Hash",
                      "Parent Relationship": "Inner",
                      "Parallel Aware": true,
                      "Startup Cost": 45479.59,
                      "Total Cost": 45479.59,
                      "Plan Rows": 381574,
                      "Plan Width": 4,
                      "Actual Startup Time": 283.572,
                      "Actual Total Time": 283.573,
                      "Actual Rows": 376808,
                      "Actual Loops": 4,
                      "Hash Buckets": 2097152,
                      "Original Hash Buckets": 2097152,
                      "Hash Batches": 1,
                      "Original Hash Batches": 1,
                      "Peak Memory Usage": 75424,
                      "Plans": [
                        {
                          "Node Type": "Seq Scan",
                          "Parent Relationship": "Outer",
                          "Parallel Aware": true,
                          "Relation Name": "title",
                          "Alias": "t",
                          "Startup Cost": 0.0,
                          "Total Cost": 45479.59,
                          "Plan Rows": 381574,
                          "Plan Width": 4,
                          "Actual Startup Time": 0.035,
                          "Actual Total Time": 132.604,
                          "Actual Rows": 376808,
                          "Actual Loops": 4,
                          "Filter": "((kind_id > 1) AND (production_year < 2011))",
                          "Rows Removed by Filter": 255270
                        }
                      ]
                    }
                  ]
                }
              ]
            }
          ]
        }
      ]
    },
    "Planning Time": 0.216,
    "Triggers": [],
    "Execution Time": 587.104
  }
]