[
  {
    "Plan": {
      "Node Type": "Aggregate",
      "Strategy": "Plain",
      "Partial Mode": "Finalize",
      "Parallel Aware": false,
      "Startup Cost": 76749.06,
      "Total Cost": 76749.07,
      "Plan Rows": 1,
      "Plan Width": 8,
      "Actual Startup Time": 196.722,
      "Actual Total Time": 213.535,
      "Actual Rows": 1,
      "Actual Loops": 1,
      "Plans": [
        {
          "Node Type": "Gather",
          "Parent Relationship": "Outer",
          "Parallel Aware": false,
          "Startup Cost": 76748.74,
          "Total Cost": 76749.05,
          "Plan Rows": 3,
          "Plan Width": 8,
          "Actual Startup Time": 196.221,
          "Actual Total Time": 213.527,
          "Actual Rows": 4,
          "Actual Loops": 1,
          "Workers Planned": 3,
          "Workers Launched": 3,
          "Single Copy": false,
          "Plans": [
            {
              "Node Type": "Aggregate",
              "Strategy": "Plain",
              "Partial Mode": "Partial",
              "Parent Relationship": "Outer",
              "Parallel Aware": false,
              "Startup Cost": 75748.74,
              "Total Cost": 75748.75,
              "Plan Rows": 1,
              "Plan Width": 8,
              "Actual Startup Time": 191.246,
              "Actual Total Time": 191.25,
              "Actual Rows": 1,
              "Actual Loops": 4,
              "Plans": [
                {
                  "Node Type": "Hash Join",
                  "Parent Relationship": "Outer",
                  "Parallel Aware": true,
                  "Join Type": "Inner",
                  "Startup Cost": 54725.67,
                  "Total Cost": 75745.86,
                  "Plan Rows": 1153,
                  "Plan Width": 0,
                  "Actual Startup Time": 180.745,
                  "Actual Total Time": 191.232,
                  "Actual Rows": 73,
                  "Actual Loops": 4,
                  "Inner Unique": true,
                  "Hash Cond": "(mc.movie_id = t.id)",
                  "Plans": [
                    {
                      "Node Type": "Bitmap Heap Scan",
                      "Parent Relationship": "Outer",
                      "Parallel Aware": true,
                      "Relation Name": "movie_companies",
                      "Alias": "mc",
                      "Startup Cost": 9115.49,
                      "Total Cost": 29952.6,
                      "Plan Rows": 69747,
                      "Plan Width": 4,
                      "Actual Startup Time": 66.489,
                      "Actual Total Time": 82.122,
                      "Actual Rows": 24602,
                      "Actual Loops": 4,
                      "Recheck Cond": "(company_id < 292)",
                      "Rows Removed by Index Recheck": 0,
                      "Filter": "(company_type_id > 1)",
                      "Rows Removed by Filter": 79652,
                      "Exact Heap Blocks": 6341,
                      "Lossy Heap Blocks": 0,
                      "Plans": [
                        {
                          "Node Type": "Bitmap Index Scan",
                          "Parent Relationship": "Outer",
                          "Parallel Aware": false,
                          "Index Name": "company_id_movie_companies",
                          "Startup Cost": 0.0,
                          "Total Cost": 9061.44,
                          "Plan Rows": 423068,
                          "Plan Width": 0,
                          "Actual Startup Time": 26.897,
                          "Actual Total Time": 26.898,
                          "Actual Rows": 417014,
                          "Actual Loops": 1,
                          "Index Cond": "(company_id < 292)"
                        }
                      ]
                    },
                    {
                      "Node Type": "Hash",
                      "Parent Relationship": "Inner",
                      "Parallel Aware": true,
                      "Startup Cost": 45479.59,
                      "Total Cost": 45479.59,
                      "Plan Rows": 10447,
                      "Plan Width": 4,
                      "Actual Startup Time": 103.527,
                      "Actual Total Time": 103.527,
                      "Actual Rows": 9890,
                      "Actual Loops": 4,
                      "Hash Buckets": 65536,
                      "Original Hash Buckets": 65536,
                      "Hash Batches": 1,
                      "Original Hash Batches": 1,
                      "Peak Memory Usage": 2144,
                      "Plans": [
                        {
                          "Node Type": "Seq Scan",
                          "Parent Relationship": "Outer",
                          "Parallel Aware": true,
                          "Relation Name": "title",
                          "Alias": "t",
                          "Startup Cost": 0.0,
                          "Total Cost": 45479.59,
                          "Plan Rows": 10447,
                          "Plan Width": 4,
                          "Actual Startup Time": 44.284,
                          "Actual Total Time": 99.381,
                          "Actual Rows": 9890,
                          "Actual Loops": 4,
                          "Filter": "((kind_id = 1) AND (production_year = 2012))",
                          "Rows Removed by Filter": 622188
                        }
                      ]
                    }
                  ]
                }
              ]
            }
          ]
        }
      ]
    },
    "Planning Time": 0.647,
    "Triggers": [],
    "Execution Time": 213.636
  }
]