[
  {
    "Plan": {
      "Node Type": "Aggregate",
      "Strategy": "Plain",
      "Partial Mode": "Finalize",
      "Parallel Aware": false,
      "Startup Cost": 31898.63,
      "Total Cost": 31898.64,
      "Plan Rows": 1,
      "Plan Width": 8,
      "Actual Startup Time": 126.681,
      "Actual Total Time": 135.378,
      "Actual Rows": 1,
      "Actual Loops": 1,
      "Plans": [
        {
          "Node Type": "Gather",
          "Parent Relationship": "Outer",
          "Parallel Aware": false,
          "Startup Cost": 31898.31,
          "Total Cost": 31898.62,
          "Plan Rows": 3,
          "Plan Width": 8,
          "Actual Startup Time": 126.54,
          "Actual Total Time": 135.367,
          "Actual Rows": 4,
          "Actual Loops": 1,
          "Workers Planned": 3,
          "Workers Launched": 3,
          "Single Copy": false,
          "Plans": [
            {
              "Node Type": "Aggregate",
              "Strategy": "Plain",
              "Partial Mode": "Partial",
              "Parent Relationship": "Outer",
              "Parallel Aware": false,
              "Startup Cost": 30898.31,
              "Total Cost": 30898.32,
              "Plan Rows": 1,
              "Plan Width": 8,
              "Actual Startup Time": 119.045,
              "Actual Total Time": 119.046,
              "Actual Rows": 1,
              "Actual Loops": 4,
              "Plans": [
                {
                  "Node Type": "Seq Scan",
                  "Parent Relationship": "Outer",
                  "Parallel Aware": true,
                  "Relation Name": "movie_companies",
                  "Alias": "mc",
                  "Startup Cost": 0.0,
                  "Total Cost": 29310.68,
                  "Plan Rows": 635052,
                  "Plan Width": 0,
                  "Actual Startup Time": 0.041,
                  "Actual Total Time": 90.975,
                  "Actual Rows": 493531,
                  "Actual Loops": 4,
                  "Filter": "(company_id < 58308)",
                  "Rows Removed by Filter": 158751
                }
              ]
            }
          ]
        }
      ]
    },
    "Planning Time": 0.111,
    "Triggers": [],
    "Execution Time": 135.413
  }
]