[
  {
    "Plan": {
      "Node Type": "Aggregate",
      "Strategy": "Plain",
      "Partial Mode": "Finalize",
      "Parallel Aware": false,
      "Startup Cost": 33272.98,
      "Total Cost": 33272.99,
      "Plan Rows": 1,
      "Plan Width": 8,
      "Actual Startup Time": 88.943,
      "Actual Total Time": 96.881,
      "Actual Rows": 1,
      "Actual Loops": 1,
      "Plans": [
        {
          "Node Type": "Gather",
          "Parent Relationship": "Outer",
          "Parallel Aware": false,
          "Startup Cost": 33272.66,
          "Total Cost": 33272.97,
          "Plan Rows": 3,
          "Plan Width": 8,
          "Actual Startup Time": 88.816,
          "Actual Total Time": 96.873,
          "Actual Rows": 4,
          "Actual Loops": 1,
          "Workers Planned": 3,
          "Workers Launched": 3,
          "Single Copy": false,
          "Plans": [
            {
              "Node Type": "Aggregate",
              "Strategy": "Plain",
              "Partial Mode": "Partial",
              "Parent Relationship": "Outer",
              "Parallel Aware": false,
              "Startup Cost": 32272.66,
              "Total Cost": 32272.67,
              "Plan Rows": 1,
              "Plan Width": 8,
              "Actual Startup Time": 84.935,
              "Actual Total Time": 84.937,
              "Actual Rows": 1,
              "Actual Loops": 4,
              "Plans": [
                {
                  "Node Type": "Seq Scan",
                  "Parent Relationship": "Outer",
                  "Parallel Aware": true,
                  "Relation Name": "movie_companies",
                  "Alias": "mc",
                  "Startup Cost": 0.0,
                  "Total Cost": 31414.82,
                  "Plan Rows": 343137,
                  "Plan Width": 0,
                  "Actual Startup Time": 37.753,
                  "Actual Total Time": 73.008,
                  "Actual Rows": 298637,
                  "Actual Loops": 4,
                  "Filter": "((company_id > 475) AND (company_type_id = 2))",
                  "Rows Removed by Filter": 353645
                }
              ]
            }
          ]
        }
      ]
    },
    "Planning Time": 0.187,
    "Triggers": [],
    "Execution Time": 96.926
  }
]