{
  "Plan": {
    "Node Type": "Aggregate",
    "Strategy": "Plain",
    "Partial Mode": "Finalize",
    "Parallel Aware": false,
    "Startup Cost": 338671.24,
    "Total Cost": 338671.25,
    "Plan Rows": 1,
    "Plan Width": 8,
    "Actual Startup Time": 1319.886,
    "Actual Total Time": 1362.246,
    "Actual Rows": 1,
    "Actual Loops": 1,
    "Plans": [
      {
        "Node Type": "Gather",
        "Parent Relationship": "Outer",
        "Parallel Aware": false,
        "Startup Cost": 338671.12,
        "Total Cost": 338671.23,
        "Plan Rows": 1,
        "Plan Width": 8,
        "Actual Startup Time": 1319.216,
        "Actual Total Time": 1362.239,
        "Actual Rows": 2,
        "Actual Loops": 1,
        "Workers Planned": 1,
        "Workers Launched": 1,
        "Single Copy": false,
        "Plans": [
          {
            "Node Type": "Aggregate",
            "Strategy": "Plain",
            "Partial Mode": "Partial",
            "Parent Relationship": "Outer",
            "Parallel Aware": false,
            "Startup Cost": 337671.12,
            "Total Cost": 337671.13,
            "Plan Rows": 1,
            "Plan Width": 8,
            "Actual Startup Time": 1316.133,
            "Actual Total Time": 1316.137,
            "Actual Rows": 1,
            "Actual Loops": 2,
            "Plans": [
              {
                "Node Type": "Hash Join",
                "Parent Relationship": "Outer",
                "Parallel Aware": true,
                "Join Type": "Inner",
                "Startup Cost": 56651.57,
                "Total Cost": 336343.65,
                "Plan Rows": 530991,
                "Plan Width": 0,
                "Actual Startup Time": 172.942,
                "Actual Total Time": 1283.958,
                "Actual Rows": 806374,
                "Actual Loops": 2,
                "Inner Unique": true,
                "Hash Cond": "(mi.movie_id = t.id)",
                "Plans": [
                  {
                    "Node Type": "Seq Scan",
                    "Parent Relationship": "Outer",
                    "Parallel Aware": true,
                    "Relation Name": "movie_info",
                    "Alias": "mi",
                    "Startup Cost": 0.0,
                    "Total Cost": 270696.42,
                    "Plan Rows": 3426912,
                    "Plan Width": 4,
                    "Actual Startup Time": 0.021,
                    "Actual Total Time": 700.35,
                    "Actual Rows": 2942482,
                    "Actual Loops": 2,
                    "Filter": "(info_type_id < 7)",
                    "Rows Removed by Filter": 4475378
                  },
                  {
                    "Node Type": "Hash",
                    "Parent Relationship": "Inner",
                    "Parallel Aware": true,
                    "Startup Cost": 53771.05,
                    "Total Cost": 53771.05,
                    "Plan Rows": 230442,
                    "Plan Width": 4,
                    "Actual Startup Time": 139.234,
                    "Actual Total Time": 139.236,
                    "Actual Rows": 144846,
                    "Actual Loops": 2,
                    "Hash Buckets": 524288,
                    "Original Hash Buckets": 524288,
                    "Hash Batches": 1,
                    "Original Hash Batches": 1,
                    "Peak Memory Usage": 15456,
                    "Plans": [
                      {
                        "Node Type": "Bitmap Heap Scan",
                        "Parent Relationship": "Outer",
                        "Parallel Aware": true,
                        "Relation Name": "title",
                        "Alias": "t",
                        "Startup Cost": 11920.79,
                        "Total Cost": 53771.05,
                        "Plan Rows": 230442,
                        "Plan Width": 4,
                        "Actual Startup Time": 30.92,
                        "Actual Total Time": 98.281,
                        "Actual Rows": 144846,
                        "Actual Loops": 2,
                        "Recheck Cond": "(kind_id = 1)",
                        "Rows Removed by Index Recheck": 0,
                        "Filter": "(production_year > 1998)",
                        "Rows Removed by Filter": 186566,
                        "Exact Heap Blocks": 8347,
                        "Lossy Heap Blocks": 0,
                        "Plans": [
                          {
                            "Node Type": "Bitmap Index Scan",
                            "Parent Relationship": "Outer",
                            "Parallel Aware": false,
                            "Index Name": "kind_id_title",
                            "Startup Cost": 0.0,
                            "Total Cost": 11822.85,
                            "Plan Rows": 663256,
                            "Plan Width": 0,
                            "Actual Startup Time": 29.095,
                            "Actual Total Time": 29.096,
                            "Actual Rows": 662825,
                            "Actual Loops": 1,
                            "Index Cond": "(kind_id = 1)"
                          }
                        ]
                      }
                    ]
                  }
                ]
              }
            ]
          }
        ]
      }
    ]
  },
  "Planning Time": 0.339,
  "Triggers": [],
  "Execution Time": 1362.307
}