{
  "Plan": {
    "Node Type": "Aggregate",
    "Strategy": "Plain",
    "Partial Mode": "Finalize",
    "Parallel Aware": false,
    "Startup Cost": 64692.18,
    "Total Cost": 64692.19,
    "Plan Rows": 1,
    "Plan Width": 8,
    "Actual Startup Time": 150.587,
    "Actual Total Time": 162.93,
    "Actual Rows": 1,
    "Actual Loops": 1,
    "Plans": [
      {
        "Node Type": "Gather",
        "Parent Relationship": "Outer",
        "Parallel Aware": false,
        "Startup Cost": 64692.06,
        "Total Cost": 64692.17,
        "Plan Rows": 1,
        "Plan Width": 8,
        "Actual Startup Time": 150.459,
        "Actual Total Time": 162.922,
        "Actual Rows": 2,
        "Actual Loops": 1,
        "Workers Planned": 1,
        "Workers Launched": 1,
        "Single Copy": false,
        "Plans": [
          {
            "Node Type": "Aggregate",
            "Strategy": "Plain",
            "Partial Mode": "Partial",
            "Parent Relationship": "Outer",
            "Parallel Aware": false,
            "Startup Cost": 63692.06,
            "Total Cost": 63692.07,
            "Plan Rows": 1,
            "Plan Width": 8,
            "Actual Startup Time": 144.729,
            "Actual Total Time": 144.731,
            "Actual Rows": 1,
            "Actual Loops": 2,
            "Plans": [
              {
                "Node Type": "Nested Loop",
                "Parent Relationship": "Outer",
                "Parallel Aware": false,
                "Join Type": "Inner",
                "Startup Cost": 0.43,
                "Total Cost": 63691.13,
                "Plan Rows": 372,
                "Plan Width": 0,
                "Actual Startup Time": 94.763,
                "Actual Total Time": 144.694,
                "Actual Rows": 348,
                "Actual Loops": 2,
                "Inner Unique": false,
                "Plans": [
                  {
                    "Node Type": "Seq Scan",
                    "Parent Relationship": "Outer",
                    "Parallel Aware": true,
                    "Relation Name": "title",
                    "Alias": "t",
                    "Startup Cost": 0.0,
                    "Total Cost": 58306.47,
                    "Plan Rows": 681,
                    "Plan Width": 4,
                    "Actual Startup Time": 90.698,
                    "Actual Total Time": 137.502,
                    "Actual Rows": 1532,
                    "Actual Loops": 2,
                    "Filter": "((kind_id < 7) AND (production_year = 1922))",
                    "Rows Removed by Filter": 1262624
                  },
                  {
                    "Node Type": "Index Only Scan",
                    "Parent Relationship": "Inner",
                    "Parallel Aware": false,
                    "Scan Direction": "Forward",
                    "Index Name": "movie_id_movie_info_idx",
                    "Relation Name": "movie_info_idx",
                    "Alias": "mi_idx",
                    "Startup Cost": 0.43,
                    "Total Cost": 7.88,
                    "Plan Rows": 3,
                    "Plan Width": 4,
                    "Actual Startup Time": 0.004,
                    "Actual Total Time": 0.004,
                    "Actual Rows": 0,
                    "Actual Loops": 3065,
                    "Index Cond": "(movie_id = t.id)",
                    "Rows Removed by Index Recheck": 0,
                    "Heap Fetches": 697
                  }
                ]
              }
            ]
          }
        ]
      }
    ]
  },
  "Planning Time": 0.447,
  "Triggers": [],
  "Execution Time": 163.001
}