{
  "Plan": {
    "Node Type": "Aggregate",
    "Strategy": "Plain",
    "Partial Mode": "Finalize",
    "Parallel Aware": false,
    "Startup Cost": 624669.93,
    "Total Cost": 624669.94,
    "Plan Rows": 1,
    "Plan Width": 8,
    "Actual Startup Time": 3587.829,
    "Actual Total Time": 3639.564,
    "Actual Rows": 1,
    "Actual Loops": 1,
    "Plans": [
      {
        "Node Type": "Gather",
        "Parent Relationship": "Outer",
        "Parallel Aware": false,
        "Startup Cost": 624669.82,
        "Total Cost": 624669.93,
        "Plan Rows": 1,
        "Plan Width": 8,
        "Actual Startup Time": 3587.39,
        "Actual Total Time": 3639.552,
        "Actual Rows": 2,
        "Actual Loops": 1,
        "Workers Planned": 1,
        "Workers Launched": 1,
        "Single Copy": false,
        "Plans": [
          {
            "Node Type": "Aggregate",
            "Strategy": "Plain",
            "Partial Mode": "Partial",
            "Parent Relationship": "Outer",
            "Parallel Aware": false,
            "Startup Cost": 623669.82,
            "Total Cost": 623669.83,
            "Plan Rows": 1,
            "Plan Width": 8,
            "Actual Startup Time": 3584.292,
            "Actual Total Time": 3584.296,
            "Actual Rows": 1,
            "Actual Loops": 2,
            "Plans": [
              {
                "Node Type": "Hash Join",
                "Parent Relationship": "Outer",
                "Parallel Aware": true,
                "Join Type": "Inner",
                "Startup Cost": 55410.7,
                "Total Cost": 621681.38,
                "Plan Rows": 795378,
                "Plan Width": 0,
                "Actual Startup Time": 302.266,
                "Actual Total Time": 3553.489,
                "Actual Rows": 703562,
                "Actual Loops": 2,
                "Inner Unique": true,
                "Hash Cond": "(ci.movie_id = t.id)",
                "Plans": [
                  {
                    "Node Type": "Seq Scan",
                    "Parent Relationship": "Outer",
                    "Parallel Aware": true,
                    "Relation Name": "cast_info",
                    "Alias": "ci",
                    "Startup Cost": 0.0,
                    "Total Cost": 519069.44,
                    "Plan Rows": 17981392,
                    "Plan Width": 4,
                    "Actual Startup Time": 138.662,
                    "Actual Total Time": 1660.929,
                    "Actual Rows": 15223838,
                    "Actual Loops": 2,
                    "Filter": "(person_id > 561419)",
                    "Rows Removed by Filter": 2898334
                  },
                  {
                    "Node Type": "Hash",
                    "Parent Relationship": "Inner",
                    "Parallel Aware": true,
                    "Startup Cost": 54588.39,
                    "Total Cost": 54588.39,
                    "Plan Rows": 65785,
                    "Plan Width": 4,
                    "Actual Startup Time": 161.231,
                    "Actual Total Time": 161.232,
                    "Actual Rows": 54214,
                    "Actual Loops": 2,
                    "Hash Buckets": 131072,
                    "Original Hash Buckets": 131072,
                    "Hash Batches": 1,
                    "Original Hash Batches": 1,
                    "Peak Memory Usage": 5280,
                    "Plans": [
                      {
                        "Node Type": "Seq Scan",
                        "Parent Relationship": "Outer",
                        "Parallel Aware": true,
                        "Relation Name": "title",
                        "Alias": "t",
                        "Startup Cost": 0.0,
                        "Total Cost": 54588.39,
                        "Plan Rows": 65785,
                        "Plan Width": 4,
                        "Actual Startup Time": 0.024,
                        "Actual Total Time": 142.997,
                        "Actual Rows": 54214,
                        "Actual Loops": 2,
                        "Filter": "(production_year = 2006)",
                        "Rows Removed by Filter": 1209942
                      }
                    ]
                  }
                ]
              }
            ]
          }
        ]
      }
    ]
  },
  "Planning Time": 0.477,
  "Triggers": [],
  "Execution Time": 3639.655
}