{
  "Plan": {
    "Node Type": "Aggregate",
    "Strategy": "Plain",
    "Partial Mode": "Finalize",
    "Parallel Aware": false,
    "Startup Cost": 1025803.73,
    "Total Cost": 1025803.74,
    "Plan Rows": 1,
    "Plan Width": 8,
    "Actual Startup Time": 18234.259,
    "Actual Total Time": 18401.69,
    "Actual Rows": 1,
    "Actual Loops": 1,
    "Plans": [
      {
        "Node Type": "Gather",
        "Parent Relationship": "Outer",
        "Parallel Aware": false,
        "Startup Cost": 1025803.61,
        "Total Cost": 1025803.72,
        "Plan Rows": 1,
        "Plan Width": 8,
        "Actual Startup Time": 18207.18,
        "Actual Total Time": 18401.681,
        "Actual Rows": 2,
        "Actual Loops": 1,
        "Workers Planned": 1,
        "Workers Launched": 1,
        "Single Copy": false,
        "Plans": [
          {
            "Node Type": "Aggregate",
            "Strategy": "Plain",
            "Partial Mode": "Partial",
            "Parent Relationship": "Outer",
            "Parallel Aware": false,
            "Startup Cost": 1024803.61,
            "Total Cost": 1024803.62,
            "Plan Rows": 1,
            "Plan Width": 8,
            "Actual Startup Time": 18158.333,
            "Actual Total Time": 18158.34,
            "Actual Rows": 1,
            "Actual Loops": 2,
            "Plans": [
              {
                "Node Type": "Hash Join",
                "Parent Relationship": "Outer",
                "Parallel Aware": true,
                "Join Type": "Inner",
                "Startup Cost": 801222.94,
                "Total Cost": 985373.71,
                "Plan Rows": 15771961,
                "Plan Width": 0,
                "Actual Startup Time": 11800.323,
                "Actual Total Time": 16122.599,
                "Actual Rows": 51013668,
                "Actual Loops": 2,
                "Inner Unique": false,
                "Hash Cond": "(mk.movie_id = t.id)",
                "Plans": [
                  {
                    "Node Type": "Seq Scan",
                    "Parent Relationship": "Outer",
                    "Parallel Aware": true,
                    "Relation Name": "movie_keyword",
                    "Alias": "mk",
                    "Startup Cost": 0.0,
                    "Total Cost": 57718.19,
                    "Plan Rows": 1795004,
                    "Plan Width": 4,
                    "Actual Startup Time": 0.181,
                    "Actual Total Time": 198.416,
                    "Actual Rows": 1515858,
                    "Actual Loops": 2,
                    "Filter": "(keyword_id > 2130)",
                    "Rows Removed by Filter": 746106
                  },
                  {
                    "Node Type": "Hash",
                    "Parent Relationship": "Inner",
                    "Parallel Aware": true,
                    "Startup Cost": 637876.8,
                    "Total Cost": 637876.8,
                    "Plan Rows": 13067691,
                    "Plan Width": 8,
                    "Actual Startup Time": 11697.468,
                    "Actual Total Time": 11697.472,
                    "Actual Rows": 10788098,
                    "Actual Loops": 2,
                    "Hash Buckets": 33554432,
                    "Original Hash Buckets": 33554432,
                    "Hash Batches": 1,
                    "Original Hash Batches": 1,
                    "Peak Memory Usage": 1106208,
                    "Plans": [
                      {
                        "Node Type": "Hash Join",
                        "Parent Relationship": "Outer",
                        "Parallel Aware": true,
                        "Join Type": "Inner",
                        "Startup Cost": 66865.64,
                        "Total Cost": 637876.8,
                        "Plan Rows": 13067691,
                        "Plan Width": 8,
                        "Actual Startup Time": 425.714,
                        "Actual Total Time": 8080.972,
                        "Actual Rows": 10788098,
                        "Actual Loops": 2,
                        "Inner Unique": true,
                        "Hash Cond": "(ci.movie_id = t.id)",
                        "Plans": [
                          {
                            "Node Type": "Seq Scan",
                            "Parent Relationship": "Outer",
                            "Parallel Aware": true,
                            "Relation Name": "cast_info",
                            "Alias": "ci",
                            "Startup Cost": 0.0,
                            "Total Cost": 519069.44,
                            "Plan Rows": 19787287,
                            "Plan Width": 4,
                            "Actual Startup Time": 56.893,
                            "Actual Total Time": 1784.917,
                            "Actual Rows": 16802652,
                            "Actual Loops": 2,
                            "Filter": "(person_id > 253457)",
                            "Rows Removed by Filter": 1319520
                          },
                          {
                            "Node Type": "Hash",
                            "Parent Relationship": "Inner",
                            "Parallel Aware": true,
                            "Startup Cost": 54588.39,
                            "Total Cost": 54588.39,
                            "Plan Rows": 982180,
                            "Plan Width": 4,
                            "Actual Startup Time": 363.422,
                            "Actual Total Time": 363.424,
                            "Actual Rows": 835646,
                            "Actual Loops": 2,
                            "Hash Buckets": 2097152,
                            "Original Hash Buckets": 2097152,
                            "Hash Batches": 1,
                            "Original Hash Batches": 1,
                            "Peak Memory Usage": 81792,
                            "Plans": [
                              {
                                "Node Type": "Seq Scan",
                                "Parent Relationship": "Outer",
                                "Parallel Aware": true,
                                "Relation Name": "title",
                                "Alias": "t",
                                "Startup Cost": 0.0,
                                "Total Cost": 54588.39,
                                "Plan Rows": 982180,
                                "Plan Width": 4,
                                "Actual Startup Time": 0.043,
                                "Actual Total Time": 168.741,
                                "Actual Rows": 835646,
                                "Actual Loops": 2,
                                "Filter": "(production_year < 2008)",
                                "Rows Removed by Filter": 428510
                              }
                            ]
                          }
                        ]
                      }
                    ]
                  }
                ]
              }
            ]
          }
        ]
      }
    ]
  },
  "Planning Time": 1.068,
  "Triggers": [],
  "Execution Time": 18401.777
}