[
  {
    "Plan": {
      "Node Type": "Aggregate",
      "Strategy": "Plain",
      "Partial Mode": "Finalize",
      "Parallel Aware": false,
      "Startup Cost": 129015.02,
      "Total Cost": 129015.03,
      "Plan Rows": 1,
      "Plan Width": 8,
      "Actual Startup Time": 395.295,
      "Actual Total Time": 417.963,
      "Actual Rows": 1,
      "Actual Loops": 1,
      "Plans": [
        {
          "Node Type": "Gather",
          "Parent Relationship": "Outer",
          "Parallel Aware": false,
          "Startup Cost": 129014.7,
          "Total Cost": 129015.01,
          "Plan Rows": 3,
          "Plan Width": 8,
          "Actual Startup Time": 394.665,
          "Actual Total Time": 417.953,
          "Actual Rows": 4,
          "Actual Loops": 1,
          "Workers Planned": 3,
          "Workers Launched": 3,
          "Single Copy": false,
          "Plans": [
            {
              "Node Type": "Aggregate",
              "Strategy": "Plain",
              "Partial Mode": "Partial",
              "Parent Relationship": "Outer",
              "Parallel Aware": false,
              "Startup Cost": 128014.7,
              "Total Cost": 128014.71,
              "Plan Rows": 1,
              "Plan Width": 8,
              "Actual Startup Time": 385.742,
              "Actual Total Time": 385.747,
              "Actual Rows": 1,
              "Actual Loops": 4,
              "Plans": [
                {
                  "Node Type": "Hash Join",
                  "Parent Relationship": "Outer",
                  "Parallel Aware": true,
                  "Join Type": "Inner",
                  "Startup Cost": 79213.77,
                  "Total Cost": 127608.19,
                  "Plan Rows": 162603,
                  "Plan Width": 0,
                  "Actual Startup Time": 366.229,
                  "Actual Total Time": 385.257,
                  "Actual Rows": 10900,
                  "Actual Loops": 4,
                  "Inner Unique": false,
                  "Hash Cond": "(mk.movie_id = t.id)",
                  "Plans": [
                    {
                      "Node Type": "Seq Scan",
                      "Parent Relationship": "Outer",
                      "Parallel Aware": true,
                      "Relation Name": "movie_keyword",
                      "Alias": "mk",
                      "Startup Cost": 0.0,
                      "Total Cost": 42695.65,
                      "Plan Rows": 1411269,
                      "Plan Width": 4,
                      "Actual Startup Time": 0.023,
                      "Actual Total Time": 107.551,
                      "Actual Rows": 1090042,
                      "Actual Loops": 4,
                      "Filter": "(keyword_id > 117)",
                      "Rows Removed by Filter": 40940
                    },
                    {
                      "Node Type": "Hash",
                      "Parent Relationship": "Inner",
                      "Parallel Aware": true,
                      "Startup Cost": 78303.45,
                      "Total Cost": 78303.45,
                      "Plan Rows": 72826,
                      "Plan Width": 8,
                      "Actual Startup Time": 212.055,
                      "Actual Total Time": 212.059,
                      "Actual Rows": 1295,
                      "Actual Loops": 4,
                      "Hash Buckets": 524288,
                      "Original Hash Buckets": 524288,
                      "Hash Batches": 1,
                      "Original Hash Batches": 1,
                      "Peak Memory Usage": 4352,
                      "Plans": [
                        {
                          "Node Type": "Hash Join",
                          "Parent Relationship": "Outer",
                          "Parallel Aware": true,
                          "Join Type": "Inner",
                          "Startup Cost": 32589.43,
                          "Total Cost": 78303.45,
                          "Plan Rows": 72826,
                          "Plan Width": 8,
                          "Actual Startup Time": 173.18,
                          "Actual Total Time": 211.082,
                          "Actual Rows": 1295,
                          "Actual Loops": 4,
                          "Inner Unique": false,
                          "Hash Cond": "(t.id = mc.movie_id)",
                          "Plans": [
                            {
                              "Node Type": "Seq Scan",
                              "Parent Relationship": "Outer",
                              "Parallel Aware": true,
                              "Relation Name": "title",
                              "Alias": "t",
                              "Startup Cost": 0.0,
                              "Total Cost": 42318.73,
                              "Plan Rows": 632073,
                              "Plan Width": 4,
                              "Actual Startup Time": 0.009,
                              "Actual Total Time": 69.55,
                              "Actual Rows": 632078,
                              "Actual Loops": 4
                            },
                            {
                              "Node Type": "Hash",
                              "Parent Relationship": "Inner",
                              "Parallel Aware": true,
                              "Startup Cost": 31414.82,
                              "Total Cost": 31414.82,
                              "Plan Rows": 93969,
                              "Plan Width": 4,
                              "Actual Startup Time": 78.629,
                              "Actual Total Time": 78.631,
                              "Actual Rows": 1295,
                              "Actual Loops": 4,
                              "Hash Buckets": 524288,
                              "Original Hash Buckets": 524288,
                              "Hash Batches": 1,
                              "Original Hash Batches": 1,
                              "Peak Memory Usage": 4384,
                              "Plans": [
                                {
                                  "Node Type": "Seq Scan",
                                  "Parent Relationship": "Outer",
                                  "Parallel Aware": true,
                                  "Relation Name": "movie_companies",
                                  "Alias": "mc",
                                  "Startup Cost": 0.0,
                                  "Total Cost": 31414.82,
                                  "Plan Rows": 93969,
                                  "Plan Width": 4,
                                  "Actual Startup Time": 43.475,
                                  "Actual Total Time": 72.579,
                                  "Actual Rows": 1295,
                                  "Actual Loops": 4,
                                  "Filter": "((company_id > 66174) AND (company_type_id = 1))",
                                  "Rows Removed by Filter": 650988
                                }
                              ]
                            }
                          ]
                        }
                      ]
                    }
                  ]
                }
              ]
            }
          ]
        }
      ]
    },
    "Planning Time": 1.416,
    "Triggers": [],
    "Execution Time": 418.052
  }
]