[
  {
    "Plan": {
      "Node Type": "Aggregate",
      "Strategy": "Plain",
      "Partial Mode": "Finalize",
      "Parallel Aware": false,
      "Startup Cost": 461591.26,
      "Total Cost": 461591.27,
      "Plan Rows": 1,
      "Plan Width": 8,
      "Actual Startup Time": 2150.072,
      "Actual Total Time": 2205.952,
      "Actual Rows": 1,
      "Actual Loops": 1,
      "Plans": [
        {
          "Node Type": "Gather",
          "Parent Relationship": "Outer",
          "Parallel Aware": false,
          "Startup Cost": 461590.64,
          "Total Cost": 461591.25,
          "Plan Rows": 6,
          "Plan Width": 8,
          "Actual Startup Time": 2132.799,
          "Actual Total Time": 2205.936,
          "Actual Rows": 7,
          "Actual Loops": 1,
          "Workers Planned": 6,
          "Workers Launched": 6,
          "Single Copy": false,
          "Plans": [
            {
              "Node Type": "Aggregate",
              "Strategy": "Plain",
              "Partial Mode": "Partial",
              "Parent Relationship": "Outer",
              "Parallel Aware": false,
              "Startup Cost": 460590.64,
              "Total Cost": 460590.65,
              "Plan Rows": 1,
              "Plan Width": 8,
              "Actual Startup Time": 2118.864,
              "Actual Total Time": 2119.287,
              "Actual Rows": 1,
              "Actual Loops": 7,
              "Plans": [
                {
                  "Node Type": "Hash Join",
                  "Parent Relationship": "Outer",
                  "Parallel Aware": true,
                  "Join Type": "Inner",
                  "Startup Cost": 101134.65,
                  "Total Cost": 452790.54,
                  "Plan Rows": 3120039,
                  "Plan Width": 0,
                  "Actual Startup Time": 586.843,
                  "Actual Total Time": 1984.082,
                  "Actual Rows": 2702826,
                  "Actual Loops": 7,
                  "Inner Unique": false,
                  "Hash Cond": "(ci.movie_id = t.id)",
                  "Plans": [
                    {
                      "Node Type": "Seq Scan",
                      "Parent Relationship": "Outer",
                      "Parallel Aware": true,
                      "Relation Name": "cast_info",
                      "Alias": "ci",
                      "Startup Cost": 0.0,
                      "Total Cost": 328211.39,
                      "Plan Rows": 3567961,
                      "Plan Width": 4,
                      "Actual Startup Time": 170.374,
                      "Actual Total Time": 660.288,
                      "Actual Rows": 3038273,
                      "Actual Loops": 7,
                      "Filter": "(person_id > 1477844)",
                      "Rows Removed by Filter": 2139490
                    },
                    {
                      "Node Type": "Hash",
                      "Parent Relationship": "Inner",
                      "Parallel Aware": true,
                      "Startup Cost": 92219.32,
                      "Total Cost": 92219.32,
                      "Plan Rows": 713227,
                      "Plan Width": 8,
                      "Actual Startup Time": 411.653,
                      "Actual Total Time": 412.075,
                      "Actual Rows": 175126,
                      "Actual Loops": 7,
                      "Hash Buckets": 4194304,
                      "Original Hash Buckets": 4194304,
                      "Hash Batches": 1,
                      "Original Hash Batches": 1,
                      "Peak Memory Usage": 80800,
                      "Plans": [
                        {
                          "Node Type": "Hash Join",
                          "Parent Relationship": "Outer",
                          "Parallel Aware": true,
                          "Join Type": "Inner",
                          "Startup Cost": 49341.24,
                          "Total Cost": 92219.32,
                          "Plan Rows": 713227,
                          "Plan Width": 8,
                          "Actual Startup Time": 179.679,
                          "Actual Total Time": 339.687,
                          "Actual Rows": 175126,
                          "Actual Loops": 7,
                          "Inner Unique": true,
                          "Hash Cond": "(mk.movie_id = t.id)",
                          "Plans": [
                            {
                              "Node Type": "Seq Scan",
                              "Parent Relationship": "Outer",
                              "Parallel Aware": true,
                              "Relation Name": "movie_keyword",
                              "Alias": "mk",
                              "Startup Cost": 0.0,
                              "Total Cost": 39047.32,
                              "Plan Rows": 1459332,
                              "Plan Width": 4,
                              "Actual Startup Time": 0.036,
                              "Actual Total Time": 65.553,
                              "Actual Rows": 646276,
                              "Actual Loops": 7
                            },
                            {
                              "Node Type": "Hash",
                              "Parent Relationship": "Inner",
                              "Parallel Aware": true,
                              "Startup Cost": 45479.59,
                              "Total Cost": 45479.59,
                              "Plan Rows": 308932,
                              "Plan Width": 4,
                              "Actual Startup Time": 177.649,
                              "Actual Total Time": 177.65,
                              "Actual Rows": 171053,
                              "Actual Loops": 7,
                              "Hash Buckets": 2097152,
                              "Original Hash Buckets": 2097152,
                              "Hash Batches": 1,
                              "Original Hash Batches": 1,
                              "Peak Memory Usage": 63360,
                              "Plans": [
                                {
                                  "Node Type": "Seq Scan",
                                  "Parent Relationship": "Outer",
                                  "Parallel Aware": true,
                                  "Relation Name": "title",
                                  "Alias": "t",
                                  "Startup Cost": 0.0,
                                  "Total Cost": 45479.59,
                                  "Plan Rows": 308932,
                                  "Plan Width": 4,
                                  "Actual Startup Time": 0.046,
                                  "Actual Total Time": 87.534,
                                  "Actual Rows": 171053,
                                  "Actual Loops": 7,
                                  "Filter": "((kind_id > 1) AND (production_year < 2008))",
                                  "Rows Removed by Filter": 190134
                                }
                              ]
                            }
                          ]
                        }
                      ]
                    }
                  ]
                }
              ]
            }
          ]
        }
      ]
    },
    "Planning Time": 0.497,
    "Triggers": [],
    "Execution Time": 2206.004
  }
]