[
  {
    "Plan": {
      "Node Type": "Aggregate",
      "Strategy": "Plain",
      "Partial Mode": "Finalize",
      "Parallel Aware": false,
      "Startup Cost": 30927.65,
      "Total Cost": 30927.66,
      "Plan Rows": 1,
      "Plan Width": 8,
      "Actual Startup Time": 84.083,
      "Actual Total Time": 91.793,
      "Actual Rows": 1,
      "Actual Loops": 1,
      "Plans": [
        {
          "Node Type": "Gather",
          "Parent Relationship": "Outer",
          "Parallel Aware": false,
          "Startup Cost": 30927.33,
          "Total Cost": 30927.64,
          "Plan Rows": 3,
          "Plan Width": 8,
          "Actual Startup Time": 83.975,
          "Actual Total Time": 91.783,
          "Actual Rows": 4,
          "Actual Loops": 1,
          "Workers Planned": 3,
          "Workers Launched": 3,
          "Single Copy": false,
          "Plans": [
            {
              "Node Type": "Aggregate",
              "Strategy": "Plain",
              "Partial Mode": "Partial",
              "Parent Relationship": "Outer",
              "Parallel Aware": false,
              "Startup Cost": 29927.33,
              "Total Cost": 29927.34,
              "Plan Rows": 1,
              "Plan Width": 8,
              "Actual Startup Time": 80.182,
              "Actual Total Time": 80.183,
              "Actual Rows": 1,
              "Actual Loops": 4,
              "Plans": [
                {
                  "Node Type": "Seq Scan",
                  "Parent Relationship": "Outer",
                  "Parallel Aware": true,
                  "Relation Name": "movie_companies",
                  "Alias": "mc",
                  "Startup Cost": 0.0,
                  "Total Cost": 29310.68,
                  "Plan Rows": 246661,
                  "Plan Width": 0,
                  "Actual Startup Time": 17.227,
                  "Actual Total Time": 70.907,
                  "Actual Rows": 189437,
                  "Actual Loops": 4,
                  "Filter": "(company_id > 35769)",
                  "Rows Removed by Filter": 462845
                }
              ]
            }
          ]
        }
      ]
    },
    "Planning Time": 0.096,
    "Triggers": [],
    "Execution Time": 91.824
  }
]