[
  {
    "Plan": {
      "Node Type": "Aggregate",
      "Strategy": "Plain",
      "Partial Mode": "Finalize",
      "Parallel Aware": false,
      "Startup Cost": 30910.1,
      "Total Cost": 30910.11,
      "Plan Rows": 1,
      "Plan Width": 8,
      "Actual Startup Time": 89.727,
      "Actual Total Time": 97.728,
      "Actual Rows": 1,
      "Actual Loops": 1,
      "Plans": [
        {
          "Node Type": "Gather",
          "Parent Relationship": "Outer",
          "Parallel Aware": false,
          "Startup Cost": 30909.78,
          "Total Cost": 30910.09,
          "Plan Rows": 3,
          "Plan Width": 8,
          "Actual Startup Time": 89.622,
          "Actual Total Time": 97.72,
          "Actual Rows": 4,
          "Actual Loops": 1,
          "Workers Planned": 3,
          "Workers Launched": 3,
          "Single Copy": false,
          "Plans": [
            {
              "Node Type": "Aggregate",
              "Strategy": "Plain",
              "Partial Mode": "Partial",
              "Parent Relationship": "Outer",
              "Parallel Aware": false,
              "Startup Cost": 29909.78,
              "Total Cost": 29909.79,
              "Plan Rows": 1,
              "Plan Width": 8,
              "Actual Startup Time": 82.82,
              "Actual Total Time": 82.821,
              "Actual Rows": 1,
              "Actual Loops": 4,
              "Plans": [
                {
                  "Node Type": "Seq Scan",
                  "Parent Relationship": "Outer",
                  "Parallel Aware": true,
                  "Relation Name": "movie_companies",
                  "Alias": "mc",
                  "Startup Cost": 0.0,
                  "Total Cost": 29310.68,
                  "Plan Rows": 239639,
                  "Plan Width": 0,
                  "Actual Startup Time": 27.561,
                  "Actual Total Time": 75.151,
                  "Actual Rows": 189437,
                  "Actual Loops": 4,
                  "Filter": "(company_id > 35769)",
                  "Rows Removed by Filter": 462845
                }
              ]
            }
          ]
        }
      ]
    },
    "Planning Time": 0.187,
    "Triggers": [],
    "Execution Time": 97.783
  }
]