{
  "Plan": {
    "Node Type": "Aggregate",
    "Strategy": "Plain",
    "Partial Mode": "Simple",
    "Parallel Aware": false,
    "Startup Cost": 16626.33,
    "Total Cost": 16626.34,
    "Plan Rows": 1,
    "Plan Width": 32,
    "Actual Startup Time": 134.515,
    "Actual Total Time": 134.517,
    "Actual Rows": 1,
    "Actual Loops": 1,
    "Plans": [
      {
        "Node Type": "Nested Loop",
        "Parent Relationship": "Outer",
        "Parallel Aware": false,
        "Join Type": "Inner",
        "Startup Cost": 11.65,
        "Total Cost": 16626.33,
        "Plan Rows": 2,
        "Plan Width": 17,
        "Actual Startup Time": 11.266,
        "Actual Total Time": 134.461,
        "Actual Rows": 212,
        "Actual Loops": 1,
        "Inner Unique": false,
        "Join Filter": "(t.id = mi.movie_id)",
        "Rows Removed by Join Filter": 0,
        "Plans": [
          {
            "Node Type": "Nested Loop",
            "Parent Relationship": "Outer",
            "Parallel Aware": false,
            "Join Type": "Inner",
            "Startup Cost": 11.22,
            "Total Cost": 16552.79,
            "Plan Rows": 41,
            "Plan Width": 25,
            "Actual Startup Time": 9.998,
            "Actual Total Time": 92.632,
            "Actual Rows": 2063,
            "Actual Loops": 1,
            "Inner Unique": true,
            "Plans": [
              {
                "Node Type": "Nested Loop",
                "Parent Relationship": "Outer",
                "Parallel Aware": false,
                "Join Type": "Inner",
                "Startup Cost": 10.79,
                "Total Cost": 16338.26,
                "Plan Rows": 438,
                "Plan Width": 4,
                "Actual Startup Time": 7.792,
                "Actual Total Time": 45.45,
                "Actual Rows": 12951,
                "Actual Loops": 1,
                "Inner Unique": false,
                "Plans": [
                  {
                    "Node Type": "Seq Scan",
                    "Parent Relationship": "Outer",
                    "Parallel Aware": false,
                    "Relation Name": "keyword",
                    "Alias": "k",
                    "Startup Cost": 0.0,
                    "Total Cost": 2626.12,
                    "Plan Rows": 13,
                    "Plan Width": 4,
                    "Actual Startup Time": 2.955,
                    "Actual Total Time": 24.65,
                    "Actual Rows": 30,
                    "Actual Loops": 1,
                    "Filter": "(keyword ~~ '%sequel%'::text)",
                    "Rows Removed by Filter": 134140
                  },
                  {
                    "Node Type": "Bitmap Heap Scan",
                    "Parent Relationship": "Inner",
                    "Parallel Aware": false,
                    "Relation Name": "movie_keyword",
                    "Alias": "mk",
                    "Startup Cost": 10.79,
                    "Total Cost": 1051.74,
                    "Plan Rows": 304,
                    "Plan Width": 8,
                    "Actual Startup Time": 0.182,
                    "Actual Total Time": 0.626,
                    "Actual Rows": 432,
                    "Actual Loops": 30,
                    "Recheck Cond": "(keyword_id = k.id)",
                    "Rows Removed by Index Recheck": 0,
                    "Exact Heap Blocks": 6979,
                    "Lossy Heap Blocks": 0,
                    "Plans": [
                      {
                        "Node Type": "Bitmap Index Scan",
                        "Parent Relationship": "Outer",
                        "Parallel Aware": false,
                        "Index Name": "keyword_id_movie_keyword",
                        "Startup Cost": 0.0,
                        "Total Cost": 10.71,
                        "Plan Rows": 304,
                        "Plan Width": 0,
                        "Actual Startup Time": 0.096,
                        "Actual Total Time": 0.096,
                        "Actual Rows": 432,
                        "Actual Loops": 30,
                        "Index Cond": "(keyword_id = k.id)"
                      }
                    ]
                  }
                ]
              },
              {
                "Node Type": "Index Scan",
                "Parent Relationship": "Inner",
                "Parallel Aware": false,
                "Scan Direction": "Forward",
                "Index Name": "title_pkey",
                "Relation Name": "title",
                "Alias": "t",
                "Startup Cost": 0.43,
                "Total Cost": 0.49,
                "Plan Rows": 1,
                "Plan Width": 21,
                "Actual Startup Time": 0.003,
                "Actual Total Time": 0.003,
                "Actual Rows": 0,
                "Actual Loops": 12951,
                "Index Cond": "(id = mk.movie_id)",
                "Rows Removed by Index Recheck": 0,
                "Filter": "(production_year < 1960)",
                "Rows Removed by Filter": 1
              }
            ]
          },
          {
            "Node Type": "Index Scan",
            "Parent Relationship": "Inner",
            "Parallel Aware": false,
            "Scan Direction": "Forward",
            "Index Name": "movie_id_movie_info",
            "Relation Name": "movie_info",
            "Alias": "mi",
            "Startup Cost": 0.43,
            "Total Cost": 1.78,
            "Plan Rows": 1,
            "Plan Width": 4,
            "Actual Startup Time": 0.019,
            "Actual Total Time": 0.02,
            "Actual Rows": 0,
            "Actual Loops": 2063,
            "Index Cond": "(movie_id = mk.movie_id)",
            "Rows Removed by Index Recheck": 0,
            "Filter": "(info = ANY ('{Sweden,Norway,Germany,Denmark,Swedish,Denish,Norwegian,German}'::text[]))",
            "Rows Removed by Filter": 18
          }
        ]
      }
    ]
  },
  "Planning Time": 1.433,
  "Triggers": [],
  "Execution Time": 134.611
}