{
  "Plan": {
    "Node Type": "Aggregate",
    "Strategy": "Plain",
    "Partial Mode": "Finalize",
    "Parallel Aware": false,
    "Startup Cost": 451973.79,
    "Total Cost": 451973.8,
    "Plan Rows": 1,
    "Plan Width": 8,
    "Actual Startup Time": 1160.369,
    "Actual Total Time": 1175.228,
    "Actual Rows": 1,
    "Actual Loops": 1,
    "Plans": [
      {
        "Node Type": "Gather",
        "Parent Relationship": "Outer",
        "Parallel Aware": false,
        "Startup Cost": 451973.67,
        "Total Cost": 451973.78,
        "Plan Rows": 1,
        "Plan Width": 8,
        "Actual Startup Time": 1159.292,
        "Actual Total Time": 1175.221,
        "Actual Rows": 2,
        "Actual Loops": 1,
        "Workers Planned": 1,
        "Workers Launched": 1,
        "Single Copy": false,
        "Plans": [
          {
            "Node Type": "Aggregate",
            "Strategy": "Plain",
            "Partial Mode": "Partial",
            "Parent Relationship": "Outer",
            "Parallel Aware": false,
            "Startup Cost": 450973.67,
            "Total Cost": 450973.68,
            "Plan Rows": 1,
            "Plan Width": 8,
            "Actual Startup Time": 1153.158,
            "Actual Total Time": 1153.163,
            "Actual Rows": 1,
            "Actual Loops": 2,
            "Plans": [
              {
                "Node Type": "Hash Join",
                "Parent Relationship": "Outer",
                "Parallel Aware": true,
                "Join Type": "Inner",
                "Startup Cost": 156920.56,
                "Total Cost": 449654.43,
                "Plan Rows": 527698,
                "Plan Width": 0,
                "Actual Startup Time": 338.946,
                "Actual Total Time": 1132.099,
                "Actual Rows": 464868,
                "Actual Loops": 2,
                "Inner Unique": true,
                "Hash Cond": "(ci.movie_id = t.id)",
                "Plans": [
                  {
                    "Node Type": "Bitmap Heap Scan",
                    "Parent Relationship": "Outer",
                    "Parallel Aware": true,
                    "Relation Name": "cast_info",
                    "Alias": "ci",
                    "Startup Cost": 99416.36,
                    "Total Cost": 385199.94,
                    "Plan Rows": 2647726,
                    "Plan Width": 4,
                    "Actual Startup Time": 152.227,
                    "Actual Total Time": 427.083,
                    "Actual Rows": 2153069,
                    "Actual Loops": 2,
                    "Recheck Cond": "(person_id > 3272570)",
                    "Rows Removed by Index Recheck": 0,
                    "Exact Heap Blocks": 31907,
                    "Lossy Heap Blocks": 0,
                    "Plans": [
                      {
                        "Node Type": "Bitmap Index Scan",
                        "Parent Relationship": "Outer",
                        "Parallel Aware": false,
                        "Index Name": "person_id_cast_info",
                        "Startup Cost": 0.0,
                        "Total Cost": 98291.08,
                        "Plan Rows": 4501135,
                        "Plan Width": 0,
                        "Actual Startup Time": 141.885,
                        "Actual Total Time": 141.886,
                        "Actual Rows": 4306138,
                        "Actual Loops": 1,
                        "Index Cond": "(person_id > 3272570)"
                      }
                    ]
                  },
                  {
                    "Node Type": "Hash",
                    "Parent Relationship": "Inner",
                    "Parallel Aware": true,
                    "Startup Cost": 53799.08,
                    "Total Cost": 53799.08,
                    "Plan Rows": 296409,
                    "Plan Width": 4,
                    "Actual Startup Time": 181.151,
                    "Actual Total Time": 181.153,
                    "Actual Rows": 262064,
                    "Actual Loops": 2,
                    "Hash Buckets": 524288,
                    "Original Hash Buckets": 524288,
                    "Hash Batches": 1,
                    "Original Hash Batches": 1,
                    "Peak Memory Usage": 24608,
                    "Plans": [
                      {
                        "Node Type": "Bitmap Heap Scan",
                        "Parent Relationship": "Outer",
                        "Parallel Aware": true,
                        "Relation Name": "title",
                        "Alias": "t",
                        "Startup Cost": 11948.82,
                        "Total Cost": 53799.08,
                        "Plan Rows": 296409,
                        "Plan Width": 4,
                        "Actual Startup Time": 35.231,
                        "Actual Total Time": 108.848,
                        "Actual Rows": 262064,
                        "Actual Loops": 2,
                        "Recheck Cond": "(kind_id = 1)",
                        "Rows Removed by Index Recheck": 0,
                        "Filter": "(production_year < 2010)",
                        "Rows Removed by Filter": 69348,
                        "Exact Heap Blocks": 7772,
                        "Lossy Heap Blocks": 0,
                        "Plans": [
                          {
                            "Node Type": "Bitmap Index Scan",
                            "Parent Relationship": "Outer",
                            "Parallel Aware": false,
                            "Index Name": "kind_id_title",
                            "Startup Cost": 0.0,
                            "Total Cost": 11822.85,
                            "Plan Rows": 663256,
                            "Plan Width": 0,
                            "Actual Startup Time": 33.604,
                            "Actual Total Time": 33.604,
                            "Actual Rows": 662825,
                            "Actual Loops": 1,
                            "Index Cond": "(kind_id = 1)"
                          }
                        ]
                      }
                    ]
                  }
                ]
              }
            ]
          }
        ]
      }
    ]
  },
  "Planning Time": 0.721,
  "Triggers": [],
  "Execution Time": 1175.332
}