{
  "Plan": {
    "Node Type": "Aggregate",
    "Strategy": "Plain",
    "Partial Mode": "Finalize",
    "Parallel Aware": false,
    "Startup Cost": 115954.18,
    "Total Cost": 115954.19,
    "Plan Rows": 1,
    "Plan Width": 8,
    "Actual Startup Time": 368.463,
    "Actual Total Time": 397.409,
    "Actual Rows": 1,
    "Actual Loops": 1,
    "Plans": [
      {
        "Node Type": "Gather",
        "Parent Relationship": "Outer",
        "Parallel Aware": false,
        "Startup Cost": 115954.06,
        "Total Cost": 115954.17,
        "Plan Rows": 1,
        "Plan Width": 8,
        "Actual Startup Time": 368.105,
        "Actual Total Time": 397.398,
        "Actual Rows": 2,
        "Actual Loops": 1,
        "Workers Planned": 1,
        "Workers Launched": 1,
        "Single Copy": false,
        "Plans": [
          {
            "Node Type": "Aggregate",
            "Strategy": "Plain",
            "Partial Mode": "Partial",
            "Parent Relationship": "Outer",
            "Parallel Aware": false,
            "Startup Cost": 114954.06,
            "Total Cost": 114954.07,
            "Plan Rows": 1,
            "Plan Width": 8,
            "Actual Startup Time": 361.925,
            "Actual Total Time": 361.931,
            "Actual Rows": 1,
            "Actual Loops": 2,
            "Plans": [
              {
                "Node Type": "Nested Loop",
                "Parent Relationship": "Outer",
                "Parallel Aware": false,
                "Join Type": "Inner",
                "Startup Cost": 75009.96,
                "Total Cost": 114870.77,
                "Plan Rows": 33319,
                "Plan Width": 0,
                "Actual Startup Time": 197.587,
                "Actual Total Time": 360.595,
                "Actual Rows": 19056,
                "Actual Loops": 2,
                "Inner Unique": false,
                "Join Filter": "(t.id = ci.movie_id)",
                "Rows Removed by Join Filter": 0,
                "Plans": [
                  {
                    "Node Type": "Hash Join",
                    "Parent Relationship": "Outer",
                    "Parallel Aware": true,
                    "Join Type": "Inner",
                    "Startup Cost": 75009.4,
                    "Total Cost": 106430.25,
                    "Plan Rows": 2325,
                    "Plan Width": 8,
                    "Actual Startup Time": 197.518,
                    "Actual Total Time": 325.159,
                    "Actual Rows": 931,
                    "Actual Loops": 2,
                    "Inner Unique": true,
                    "Hash Cond": "(mk.movie_id = t.id)",
                    "Plans": [
                      {
                        "Node Type": "Bitmap Heap Scan",
                        "Parent Relationship": "Outer",
                        "Parallel Aware": true,
                        "Relation Name": "movie_keyword",
                        "Alias": "mk",
                        "Startup Cost": 16609.08,
                        "Total Cost": 46820.81,
                        "Plan Rows": 460618,
                        "Plan Width": 4,
                        "Actual Startup Time": 47.336,
                        "Actual Total Time": 139.019,
                        "Actual Rows": 397406,
                        "Actual Loops": 2,
                        "Recheck Cond": "(keyword_id < 764)",
                        "Rows Removed by Index Recheck": 0,
                        "Exact Heap Blocks": 12910,
                        "Lossy Heap Blocks": 0,
                        "Plans": [
                          {
                            "Node Type": "Bitmap Index Scan",
                            "Parent Relationship": "Outer",
                            "Parallel Aware": false,
                            "Index Name": "keyword_id_movie_keyword",
                            "Startup Cost": 0.0,
                            "Total Cost": 16413.31,
                            "Plan Rows": 783051,
                            "Plan Width": 0,
                            "Actual Startup Time": 43.705,
                            "Actual Total Time": 43.705,
                            "Actual Rows": 794812,
                            "Actual Loops": 1,
                            "Index Cond": "(keyword_id < 764)"
                          }
                        ]
                      },
                      {
                        "Node Type": "Hash",
                        "Parent Relationship": "Inner",
                        "Parallel Aware": true,
                        "Startup Cost": 58306.47,
                        "Total Cost": 58306.47,
                        "Plan Rows": 7508,
                        "Plan Width": 4,
                        "Actual Startup Time": 148.937,
                        "Actual Total Time": 148.938,
                        "Actual Rows": 5738,
                        "Actual Loops": 2,
                        "Hash Buckets": 16384,
                        "Original Hash Buckets": 16384,
                        "Hash Batches": 1,
                        "Original Hash Batches": 1,
                        "Peak Memory Usage": 608,
                        "Plans": [
                          {
                            "Node Type": "Seq Scan",
                            "Parent Relationship": "Outer",
                            "Parallel Aware": true,
                            "Relation Name": "title",
                            "Alias": "t",
                            "Startup Cost": 0.0,
                            "Total Cost": 58306.47,
                            "Plan Rows": 7508,
                            "Plan Width": 4,
                            "Actual Startup Time": 0.165,
                            "Actual Total Time": 146.418,
                            "Actual Rows": 5738,
                            "Actual Loops": 2,
                            "Filter": "((kind_id > 3) AND (production_year = 1985))",
                            "Rows Removed by Filter": 1258418
                          }
                        ]
                      }
                    ]
                  },
                  {
                    "Node Type": "Index Only Scan",
                    "Parent Relationship": "Inner",
                    "Parallel Aware": false,
                    "Scan Direction": "Forward",
                    "Index Name": "movie_id_cast_info",
                    "Relation Name": "cast_info",
                    "Alias": "ci",
                    "Startup Cost": 0.56,
                    "Total Cost": 3.17,
                    "Plan Rows": 37,
                    "Plan Width": 4,
                    "Actual Startup Time": 0.007,
                    "Actual Total Time": 0.035,
                    "Actual Rows": 20,
                    "Actual Loops": 1862,
                    "Index Cond": "(movie_id = mk.movie_id)",
                    "Rows Removed by Index Recheck": 0,
                    "Heap Fetches": 38113
                  }
                ]
              }
            ]
          }
        ]
      }
    ]
  },
  "Planning Time": 1.053,
  "Triggers": [],
  "Execution Time": 397.541
}