[
  {
    "Plan": {
      "Node Type": "Aggregate",
      "Strategy": "Plain",
      "Partial Mode": "Finalize",
      "Parallel Aware": false,
      "Startup Cost": 94326.16,
      "Total Cost": 94326.17,
      "Plan Rows": 1,
      "Plan Width": 8,
      "Actual Startup Time": 656.816,
      "Actual Total Time": 680.107,
      "Actual Rows": 1,
      "Actual Loops": 1,
      "Plans": [
        {
          "Node Type": "Gather",
          "Parent Relationship": "Outer",
          "Parallel Aware": false,
          "Startup Cost": 94325.94,
          "Total Cost": 94326.15,
          "Plan Rows": 2,
          "Plan Width": 8,
          "Actual Startup Time": 647.618,
          "Actual Total Time": 680.093,
          "Actual Rows": 3,
          "Actual Loops": 1,
          "Workers Planned": 2,
          "Workers Launched": 2,
          "Single Copy": false,
          "Plans": [
            {
              "Node Type": "Aggregate",
              "Strategy": "Plain",
              "Partial Mode": "Partial",
              "Parent Relationship": "Outer",
              "Parallel Aware": false,
              "Startup Cost": 93325.94,
              "Total Cost": 93325.95,
              "Plan Rows": 1,
              "Plan Width": 8,
              "Actual Startup Time": 644.66,
              "Actual Total Time": 645.118,
              "Actual Rows": 1,
              "Actual Loops": 3,
              "Plans": [
                {
                  "Node Type": "Hash Join",
                  "Parent Relationship": "Outer",
                  "Parallel Aware": true,
                  "Join Type": "Inner",
                  "Startup Cost": 77138.45,
                  "Total Cost": 93174.85,
                  "Plan Rows": 60435,
                  "Plan Width": 0,
                  "Actual Startup Time": 545.164,
                  "Actual Total Time": 640.038,
                  "Actual Rows": 125760,
                  "Actual Loops": 3,
                  "Inner Unique": false,
                  "Hash Cond": "(mi_idx.movie_id = t.id)",
                  "Plans": [
                    {
                      "Node Type": "Seq Scan",
                      "Parent Relationship": "Outer",
                      "Parallel Aware": true,
                      "Relation Name": "movie_info_idx",
                      "Alias": "mi_idx",
                      "Startup Cost": 0.0,
                      "Total Cost": 13685.15,
                      "Plan Rows": 575015,
                      "Plan Width": 4,
                      "Actual Startup Time": 0.02,
                      "Actual Total Time": 35.914,
                      "Actual Rows": 460012,
                      "Actual Loops": 3
                    },
                    {
                      "Node Type": "Hash",
                      "Parent Relationship": "Inner",
                      "Parallel Aware": true,
                      "Startup Cost": 76066.9,
                      "Total Cost": 76066.9,
                      "Plan Rows": 85724,
                      "Plan Width": 8,
                      "Actual Startup Time": 543.264,
                      "Actual Total Time": 543.721,
                      "Actual Rows": 87611,
                      "Actual Loops": 3,
                      "Hash Buckets": 524288,
                      "Original Hash Buckets": 524288,
                      "Hash Batches": 1,
                      "Original Hash Batches": 1,
                      "Peak Memory Usage": 14432,
                      "Plans": [
                        {
                          "Node Type": "Hash Join",
                          "Parent Relationship": "Outer",
                          "Parallel Aware": true,
                          "Join Type": "Inner",
                          "Startup Cost": 55980.33,
                          "Total Cost": 76066.9,
                          "Plan Rows": 85724,
                          "Plan Width": 8,
                          "Actual Startup Time": 429.416,
                          "Actual Total Time": 514.043,
                          "Actual Rows": 87611,
                          "Actual Loops": 3,
                          "Inner Unique": true,
                          "Hash Cond": "(mc.movie_id = t.id)",
                          "Plans": [
                            {
                              "Node Type": "Bitmap Heap Scan",
                              "Parent Relationship": "Outer",
                              "Parallel Aware": true,
                              "Relation Name": "movie_companies",
                              "Alias": "mc",
                              "Startup Cost": 5759.95,
                              "Total Cost": 25621.49,
                              "Plan Rows": 85724,
                              "Plan Width": 4,
                              "Actual Startup Time": 12.837,
                              "Actual Total Time": 45.752,
                              "Actual Rows": 87611,
                              "Actual Loops": 3,
                              "Recheck Cond": "(company_id < 137)",
                              "Rows Removed by Index Recheck": 0,
                              "Exact Heap Blocks": 6165,
                              "Lossy Heap Blocks": 0,
                              "Plans": [
                                {
                                  "Node Type": "Bitmap Index Scan",
                                  "Parent Relationship": "Outer",
                                  "Parallel Aware": false,
                                  "Index Name": "company_id_movie_companies",
                                  "Startup Cost": 0.0,
                                  "Total Cost": 5693.51,
                                  "Plan Rows": 265744,
                                  "Plan Width": 0,
                                  "Actual Startup Time": 10.333,
                                  "Actual Total Time": 10.333,
                                  "Actual Rows": 262833,
                                  "Actual Loops": 1,
                                  "Index Cond": "(company_id < 137)"
                                }
                              ]
                            },
                            {
                              "Node Type": "Hash",
                              "Parent Relationship": "Inner",
                              "Parallel Aware": true,
                              "Startup Cost": 42319.06,
                              "Total Cost": 42319.06,
                              "Plan Rows": 632106,
                              "Plan Width": 4,
                              "Actual Startup Time": 406.926,
                              "Actual Total Time": 406.928,
                              "Actual Rows": 842771,
                              "Actual Loops": 3,
                              "Hash Buckets": 4194304,
                              "Original Hash Buckets": 4194304,
                              "Hash Batches": 1,
                              "Original Hash Batches": 1,
                              "Peak Memory Usage": 131712,
                              "Plans": [
                                {
                                  "Node Type": "Seq Scan",
                                  "Parent Relationship": "Outer",
                                  "Parallel Aware": true,
                                  "Relation Name": "title",
                                  "Alias": "t",
                                  "Startup Cost": 0.0,
                                  "Total Cost": 42319.06,
                                  "Plan Rows": 632106,
                                  "Plan Width": 4,
                                  "Actual Startup Time": 0.075,
                                  "Actual Total Time": 111.996,
                                  "Actual Rows": 842771,
                                  "Actual Loops": 3
                                }
                              ]
                            }
                          ]
                        }
                      ]
                    }
                  ]
                }
              ]
            }
          ]
        }
      ]
    },
    "Planning Time": 0.479,
    "Triggers": [],
    "Execution Time": 680.164
  }
]