{
  "Plan": {
    "Node Type": "Aggregate",
    "Strategy": "Plain",
    "Partial Mode": "Finalize",
    "Parallel Aware": false,
    "Startup Cost": 78224.38,
    "Total Cost": 78224.39,
    "Plan Rows": 1,
    "Plan Width": 8,
    "Actual Startup Time": 262.181,
    "Actual Total Time": 291.913,
    "Actual Rows": 1,
    "Actual Loops": 1,
    "Plans": [
      {
        "Node Type": "Gather",
        "Parent Relationship": "Outer",
        "Parallel Aware": false,
        "Startup Cost": 78224.27,
        "Total Cost": 78224.38,
        "Plan Rows": 1,
        "Plan Width": 8,
        "Actual Startup Time": 261.847,
        "Actual Total Time": 291.905,
        "Actual Rows": 2,
        "Actual Loops": 1,
        "Workers Planned": 1,
        "Workers Launched": 1,
        "Single Copy": false,
        "Plans": [
          {
            "Node Type": "Aggregate",
            "Strategy": "Plain",
            "Partial Mode": "Partial",
            "Parent Relationship": "Outer",
            "Parallel Aware": false,
            "Startup Cost": 77224.27,
            "Total Cost": 77224.28,
            "Plan Rows": 1,
            "Plan Width": 8,
            "Actual Startup Time": 255.984,
            "Actual Total Time": 255.988,
            "Actual Rows": 1,
            "Actual Loops": 2,
            "Plans": [
              {
                "Node Type": "Nested Loop",
                "Parent Relationship": "Outer",
                "Parallel Aware": false,
                "Join Type": "Inner",
                "Startup Cost": 58520.04,
                "Total Cost": 77204.6,
                "Plan Rows": 7868,
                "Plan Width": 0,
                "Actual Startup Time": 144.128,
                "Actual Total Time": 253.54,
                "Actual Rows": 50178,
                "Actual Loops": 2,
                "Inner Unique": false,
                "Join Filter": "(t.id = mi.movie_id)",
                "Rows Removed by Join Filter": 0,
                "Plans": [
                  {
                    "Node Type": "Hash Join",
                    "Parent Relationship": "Outer",
                    "Parallel Aware": true,
                    "Join Type": "Inner",
                    "Startup Cost": 58519.61,
                    "Total Cost": 68131.83,
                    "Plan Rows": 2006,
                    "Plan Width": 8,
                    "Actual Startup Time": 144.059,
                    "Actual Total Time": 183.847,
                    "Actual Rows": 1906,
                    "Actual Loops": 2,
                    "Inner Unique": true,
                    "Hash Cond": "(ci.movie_id = t.id)",
                    "Plans": [
                      {
                        "Node Type": "Index Scan",
                        "Parent Relationship": "Outer",
                        "Parallel Aware": true,
                        "Scan Direction": "Forward",
                        "Index Name": "role_id_cast_info",
                        "Relation Name": "cast_info",
                        "Alias": "ci",
                        "Startup Cost": 0.56,
                        "Total Cost": 9152.21,
                        "Plan Rows": 175457,
                        "Plan Width": 4,
                        "Actual Startup Time": 0.105,
                        "Actual Total Time": 20.617,
                        "Actual Rows": 158059,
                        "Actual Loops": 2,
                        "Index Cond": "(role_id > 10)",
                        "Rows Removed by Index Recheck": 0
                      },
                      {
                        "Node Type": "Hash",
                        "Parent Relationship": "Inner",
                        "Parallel Aware": true,
                        "Startup Cost": 58306.47,
                        "Total Cost": 58306.47,
                        "Plan Rows": 17006,
                        "Plan Width": 4,
                        "Actual Startup Time": 142.825,
                        "Actual Total Time": 142.826,
                        "Actual Rows": 9978,
                        "Actual Loops": 2,
                        "Hash Buckets": 32768,
                        "Original Hash Buckets": 32768,
                        "Hash Batches": 1,
                        "Original Hash Batches": 1,
                        "Peak Memory Usage": 1056,
                        "Plans": [
                          {
                            "Node Type": "Seq Scan",
                            "Parent Relationship": "Outer",
                            "Parallel Aware": true,
                            "Relation Name": "title",
                            "Alias": "t",
                            "Startup Cost": 0.0,
                            "Total Cost": 58306.47,
                            "Plan Rows": 17006,
                            "Plan Width": 4,
                            "Actual Startup Time": 0.139,
                            "Actual Total Time": 139.539,
                            "Actual Rows": 9978,
                            "Actual Loops": 2,
                            "Filter": "((kind_id < 4) AND (production_year = 2004))",
                            "Rows Removed by Filter": 1254178
                          }
                        ]
                      }
                    ]
                  },
                  {
                    "Node Type": "Index Scan",
                    "Parent Relationship": "Inner",
                    "Parallel Aware": false,
                    "Scan Direction": "Forward",
                    "Index Name": "movie_id_movie_info",
                    "Relation Name": "movie_info",
                    "Alias": "mi",
                    "Startup Cost": 0.43,
                    "Total Cost": 4.17,
                    "Plan Rows": 28,
                    "Plan Width": 4,
                    "Actual Startup Time": 0.012,
                    "Actual Total Time": 0.034,
                    "Actual Rows": 26,
                    "Actual Loops": 3813,
                    "Index Cond": "(movie_id = ci.movie_id)",
                    "Rows Removed by Index Recheck": 0,
                    "Filter": "(info_type_id > 4)",
                    "Rows Removed by Filter": 5
                  }
                ]
              }
            ]
          }
        ]
      }
    ]
  },
  "Planning Time": 0.992,
  "Triggers": [],
  "Execution Time": 291.998
}