[
    {
        "Bao": {
            "Bao prediction": "NaN",
            "Bao recommended hint": "(no hint)"
        }
    },
    {
        "Plan": {
            "Node Type": "Aggregate",
            "Strategy": "Plain",
            "Partial Mode": "Finalize",
            "Parallel Aware": false,
            "Startup Cost": 72549.02,
            "Total Cost": 72549.03,
            "Plan Rows": 1,
            "Plan Width": 8,
            "Actual Startup Time": 237.629,
            "Actual Total Time": 246.711,
            "Actual Rows": 1,
            "Actual Loops": 1,
            "Output": [
                "count(*)"
            ],
            "Plans": [
                {
                    "Node Type": "Gather",
                    "Parent Relationship": "Outer",
                    "Parallel Aware": false,
                    "Startup Cost": 72548.6,
                    "Total Cost": 72549.01,
                    "Plan Rows": 4,
                    "Plan Width": 8,
                    "Actual Startup Time": 235.754,
                    "Actual Total Time": 246.698,
                    "Actual Rows": 5,
                    "Actual Loops": 1,
                    "Output": [
                        "(PARTIAL count(*))"
                    ],
                    "Workers Planned": 4,
                    "Workers Launched": 4,
                    "Single Copy": false,
                    "Plans": [
                        {
                            "Node Type": "Aggregate",
                            "Strategy": "Plain",
                            "Partial Mode": "Partial",
                            "Parent Relationship": "Outer",
                            "Parallel Aware": false,
                            "Startup Cost": 71548.6,
                            "Total Cost": 71548.61,
                            "Plan Rows": 1,
                            "Plan Width": 8,
                            "Actual Startup Time": 226.258,
                            "Actual Total Time": 226.263,
                            "Actual Rows": 1,
                            "Actual Loops": 5,
                            "Output": [
                                "PARTIAL count(*)"
                            ],
                            "Workers": [
                                {
                                    "Worker Number": 0,
                                    "Actual Startup Time": 223.076,
                                    "Actual Total Time": 223.08,
                                    "Actual Rows": 1,
                                    "Actual Loops": 1
                                },
                                {
                                    "Worker Number": 1,
                                    "Actual Startup Time": 223.695,
                                    "Actual Total Time": 223.7,
                                    "Actual Rows": 1,
                                    "Actual Loops": 1
                                },
                                {
                                    "Worker Number": 2,
                                    "Actual Startup Time": 224.501,
                                    "Actual Total Time": 224.505,
                                    "Actual Rows": 1,
                                    "Actual Loops": 1
                                },
                                {
                                    "Worker Number": 3,
                                    "Actual Startup Time": 224.66,
                                    "Actual Total Time": 224.664,
                                    "Actual Rows": 1,
                                    "Actual Loops": 1
                                }
                            ],
                            "Plans": [
                                {
                                    "Node Type": "Hash Join",
                                    "Parent Relationship": "Outer",
                                    "Parallel Aware": true,
                                    "Join Type": "Inner",
                                    "Startup Cost": 25735.15,
                                    "Total Cost": 71402.66,
                                    "Plan Rows": 58376,
                                    "Plan Width": 0,
                                    "Actual Startup Time": 68.828,
                                    "Actual Total Time": 223.507,
                                    "Actual Rows": 46533,
                                    "Actual Loops": 5,
                                    "Inner Unique": false,
                                    "Hash Cond": "(t.id = mc.movie_id)",
                                    "Workers": [
                                        {
                                            "Worker Number": 0,
                                            "Actual Startup Time": 65.711,
                                            "Actual Total Time": 220.222,
                                            "Actual Rows": 32903,
                                            "Actual Loops": 1
                                        },
                                        {
                                            "Worker Number": 1,
                                            "Actual Startup Time": 66.29,
                                            "Actual Total Time": 221.081,
                                            "Actual Rows": 50226,
                                            "Actual Loops": 1
                                        },
                                        {
                                            "Worker Number": 2,
                                            "Actual Startup Time": 66.917,
                                            "Actual Total Time": 221.615,
                                            "Actual Rows": 34023,
                                            "Actual Loops": 1
                                        },
                                        {
                                            "Worker Number": 3,
                                            "Actual Startup Time": 67.265,
                                            "Actual Total Time": 221.984,
                                            "Actual Rows": 51014,
                                            "Actual Loops": 1
                                        }
                                    ],
                                    "Plans": [
                                        {
                                            "Node Type": "Seq Scan",
                                            "Parent Relationship": "Outer",
                                            "Parallel Aware": true,
                                            "Relation Name": "title",
                                            "Schema": "public",
                                            "Alias": "t",
                                            "Startup Cost": 0.0,
                                            "Total Cost": 42318.81,
                                            "Plan Rows": 632080,
                                            "Plan Width": 4,
                                            "Actual Startup Time": 0.008,
                                            "Actual Total Time": 64.191,
                                            "Actual Rows": 505662,
                                            "Actual Loops": 5,
                                            "Output": [
                                                "t.id",
                                                "t.title",
                                                "t.imdb_index",
                                                "t.kind_id",
                                                "t.production_year",
                                                "t.imdb_id",
                                                "t.phonetic_code",
                                                "t.episode_of_id",
                                                "t.season_nr",
                                                "t.episode_nr",
                                                "t.series_years",
                                                "t.md5sum"
                                            ],
                                            "Workers": [
                                                {
                                                    "Worker Number": 0,
                                                    "Actual Startup Time": 0.009,
                                                    "Actual Total Time": 67.54,
                                                    "Actual Rows": 356618,
                                                    "Actual Loops": 1
                                                },
                                                {
                                                    "Worker Number": 1,
                                                    "Actual Startup Time": 0.007,
                                                    "Actual Total Time": 64.837,
                                                    "Actual Rows": 548759,
                                                    "Actual Loops": 1
                                                },
                                                {
                                                    "Worker Number": 2,
                                                    "Actual Startup Time": 0.012,
                                                    "Actual Total Time": 66.815,
                                                    "Actual Rows": 367755,
                                                    "Actual Loops": 1
                                                },
                                                {
                                                    "Worker Number": 3,
                                                    "Actual Startup Time": 0.006,
                                                    "Actual Total Time": 65.37,
                                                    "Actual Rows": 557630,
                                                    "Actual Loops": 1
                                                }
                                            ]
                                        },
                                        {
                                            "Node Type": "Hash",
                                            "Parent Relationship": "Inner",
                                            "Parallel Aware": true,
                                            "Startup Cost": 24793.61,
                                            "Total Cost": 24793.61,
                                            "Plan Rows": 75323,
                                            "Plan Width": 4,
                                            "Actual Startup Time": 67.51,
                                            "Actual Total Time": 67.511,
                                            "Actual Rows": 46533,
                                            "Actual Loops": 5,
                                            "Output": [
                                                "mc.movie_id"
                                            ],
                                            "Hash Buckets": 262144,
                                            "Original Hash Buckets": 262144,
                                            "Hash Batches": 1,
                                            "Original Hash Batches": 1,
                                            "Peak Memory Usage": 11232,
                                            "Workers": [
                                                {
                                                    "Worker Number": 0,
                                                    "Actual Startup Time": 65.318,
                                                    "Actual Total Time": 65.319,
                                                    "Actual Rows": 30000,
                                                    "Actual Loops": 1
                                                },
                                                {
                                                    "Worker Number": 1,
                                                    "Actual Startup Time": 65.852,
                                                    "Actual Total Time": 65.853,
                                                    "Actual Rows": 35996,
                                                    "Actual Loops": 1
                                                },
                                                {
                                                    "Worker Number": 2,
                                                    "Actual Startup Time": 66.426,
                                                    "Actual Total Time": 66.428,
                                                    "Actual Rows": 31215,
                                                    "Actual Loops": 1
                                                },
                                                {
                                                    "Worker Number": 3,
                                                    "Actual Startup Time": 66.822,
                                                    "Actual Total Time": 66.824,
                                                    "Actual Rows": 34930,
                                                    "Actual Loops": 1
                                                }
                                            ],
                                            "Plans": [
                                                {
                                                    "Node Type": "Bitmap Heap Scan",
                                                    "Parent Relationship": "Outer",
                                                    "Parallel Aware": true,
                                                    "Relation Name": "movie_companies",
                                                    "Schema": "public",
                                                    "Alias": "mc",
                                                    "Startup Cost": 5062.07,
                                                    "Total Cost": 24793.61,
                                                    "Plan Rows": 75323,
                                                    "Plan Width": 4,
                                                    "Actual Startup Time": 9.973,
                                                    "Actual Total Time": 49.005,
                                                    "Actual Rows": 46533,
                                                    "Actual Loops": 5,
                                                    "Output": [
                                                        "mc.movie_id"
                                                    ],
                                                    "Recheck Cond": "(mc.company_id < 93)",
                                                    "Rows Removed by Index Recheck": 0,
                                                    "Exact Heap Blocks": 7088,
                                                    "Lossy Heap Blocks": 0,
                                                    "Workers": [
                                                        {
                                                            "Worker Number": 0,
                                                            "Actual Startup Time": 7.763,
                                                            "Actual Total Time": 48.516,
                                                            "Actual Rows": 30000,
                                                            "Actual Loops": 1
                                                        },
                                                        {
                                                            "Worker Number": 1,
                                                            "Actual Startup Time": 8.307,
                                                            "Actual Total Time": 48.58,
                                                            "Actual Rows": 35996,
                                                            "Actual Loops": 1
                                                        },
                                                        {
                                                            "Worker Number": 2,
                                                            "Actual Startup Time": 9.022,
                                                            "Actual Total Time": 49.074,
                                                            "Actual Rows": 31215,
                                                            "Actual Loops": 1
                                                        },
                                                        {
                                                            "Worker Number": 3,
                                                            "Actual Startup Time": 9.341,
                                                            "Actual Total Time": 49.164,
                                                            "Actual Rows": 34930,
                                                            "Actual Loops": 1
                                                        }
                                                    ],
                                                    "Plans": [
                                                        {
                                                            "Node Type": "Bitmap Index Scan",
                                                            "Parent Relationship": "Outer",
                                                            "Parallel Aware": false,
                                                            "Index Name": "company_id_movie_companies",
                                                            "Startup Cost": 0.0,
                                                            "Total Cost": 5003.69,
                                                            "Plan Rows": 233502,
                                                            "Plan Width": 0,
                                                            "Actual Startup Time": 12.764,
                                                            "Actual Total Time": 12.765,
                                                            "Actual Rows": 232665,
                                                            "Actual Loops": 1,
                                                            "Index Cond": "(mc.company_id < 93)"
                                                        }
                                                    ]
                                                }
                                            ]
                                        }
                                    ]
                                }
                            ]
                        }
                    ]
                }
            ]
        },
        "Planning Time": 230.211,
        "Triggers": [],
        "Execution Time": 246.828
    }
]