[
  {
    "Plan": {
      "Node Type": "Aggregate",
      "Strategy": "Plain",
      "Partial Mode": "Finalize",
      "Parallel Aware": false,
      "Startup Cost": 122634.32,
      "Total Cost": 122634.33,
      "Plan Rows": 1,
      "Plan Width": 8,
      "Actual Startup Time": 190.563,
      "Actual Total Time": 203.302,
      "Actual Rows": 1,
      "Actual Loops": 1,
      "Plans": [
        {
          "Node Type": "Gather",
          "Parent Relationship": "Outer",
          "Parallel Aware": false,
          "Startup Cost": 122633.8,
          "Total Cost": 122634.31,
          "Plan Rows": 5,
          "Plan Width": 8,
          "Actual Startup Time": 190.444,
          "Actual Total Time": 203.294,
          "Actual Rows": 6,
          "Actual Loops": 1,
          "Workers Planned": 5,
          "Workers Launched": 5,
          "Single Copy": false,
          "Plans": [
            {
              "Node Type": "Aggregate",
              "Strategy": "Plain",
              "Partial Mode": "Partial",
              "Parent Relationship": "Outer",
              "Parallel Aware": false,
              "Startup Cost": 121633.8,
              "Total Cost": 121633.81,
              "Plan Rows": 1,
              "Plan Width": 8,
              "Actual Startup Time": 183.261,
              "Actual Total Time": 183.262,
              "Actual Rows": 1,
              "Actual Loops": 6,
              "Plans": [
                {
                  "Node Type": "Index Scan",
                  "Parent Relationship": "Outer",
                  "Parallel Aware": true,
                  "Scan Direction": "Forward",
                  "Index Name": "role_id_cast_info",
                  "Relation Name": "cast_info",
                  "Alias": "ci",
                  "Startup Cost": 0.56,
                  "Total Cost": 119623.46,
                  "Plan Rows": 804137,
                  "Plan Width": 0,
                  "Actual Startup Time": 0.143,
                  "Actual Total Time": 151.927,
                  "Actual Rows": 700410,
                  "Actual Loops": 6,
                  "Index Cond": "(role_id = 10)",
                  "Rows Removed by Index Recheck": 0,
                  "Filter": "(person_id > 296829)",
                  "Rows Removed by Filter": 20093
                }
              ]
            }
          ]
        }
      ]
    },
    "Planning Time": 0.232,
    "Triggers": [],
    "Execution Time": 203.366
  }
]