[
  {
    "Plan": {
      "Node Type": "Aggregate",
      "Strategy": "Plain",
      "Partial Mode": "Finalize",
      "Parallel Aware": false,
      "Startup Cost": 90702.89,
      "Total Cost": 90702.9,
      "Plan Rows": 1,
      "Plan Width": 8,
      "Actual Startup Time": 394.795,
      "Actual Total Time": 413.365,
      "Actual Rows": 1,
      "Actual Loops": 1,
      "Plans": [
        {
          "Node Type": "Gather",
          "Parent Relationship": "Outer",
          "Parallel Aware": false,
          "Startup Cost": 90702.57,
          "Total Cost": 90702.88,
          "Plan Rows": 3,
          "Plan Width": 8,
          "Actual Startup Time": 393.179,
          "Actual Total Time": 413.357,
          "Actual Rows": 4,
          "Actual Loops": 1,
          "Workers Planned": 3,
          "Workers Launched": 3,
          "Single Copy": false,
          "Plans": [
            {
              "Node Type": "Aggregate",
              "Strategy": "Plain",
              "Partial Mode": "Partial",
              "Parent Relationship": "Outer",
              "Parallel Aware": false,
              "Startup Cost": 89702.57,
              "Total Cost": 89702.58,
              "Plan Rows": 1,
              "Plan Width": 8,
              "Actual Startup Time": 386.726,
              "Actual Total Time": 386.73,
              "Actual Rows": 1,
              "Actual Loops": 4,
              "Plans": [
                {
                  "Node Type": "Hash Join",
                  "Parent Relationship": "Outer",
                  "Parallel Aware": true,
                  "Join Type": "Inner",
                  "Startup Cost": 46399.66,
                  "Total Cost": 89277.74,
                  "Plan Rows": 169933,
                  "Plan Width": 0,
                  "Actual Startup Time": 177.065,
                  "Actual Total Time": 365.636,
                  "Actual Rows": 471829,
                  "Actual Loops": 4,
                  "Inner Unique": true,
                  "Hash Cond": "(mk.movie_id = t.id)",
                  "Plans": [
                    {
                      "Node Type": "Seq Scan",
                      "Parent Relationship": "Outer",
                      "Parallel Aware": true,
                      "Relation Name": "movie_keyword",
                      "Alias": "mk",
                      "Startup Cost": 0.0,
                      "Total Cost": 39047.32,
                      "Plan Rows": 1459332,
                      "Plan Width": 4,
                      "Actual Startup Time": 0.025,
                      "Actual Total Time": 88.814,
                      "Actual Rows": 1130982,
                      "Actual Loops": 4
                    },
                    {
                      "Node Type": "Hash",
                      "Parent Relationship": "Inner",
                      "Parallel Aware": true,
                      "Startup Cost": 45479.59,
                      "Total Cost": 45479.59,
                      "Plan Rows": 73606,
                      "Plan Width": 4,
                      "Actual Startup Time": 135.782,
                      "Actual Total Time": 135.783,
                      "Actual Rows": 97759,
                      "Actual Loops": 4,
                      "Hash Buckets": 524288,
                      "Original Hash Buckets": 524288,
                      "Hash Batches": 1,
                      "Original Hash Batches": 1,
                      "Peak Memory Usage": 19456,
                      "Plans": [
                        {
                          "Node Type": "Seq Scan",
                          "Parent Relationship": "Outer",
                          "Parallel Aware": true,
                          "Relation Name": "title",
                          "Alias": "t",
                          "Startup Cost": 0.0,
                          "Total Cost": 45479.59,
                          "Plan Rows": 73606,
                          "Plan Width": 4,
                          "Actual Startup Time": 60.821,
                          "Actual Total Time": 103.814,
                          "Actual Rows": 97759,
                          "Actual Loops": 4,
                          "Filter": "((production_year < 2002) AND (kind_id = 1))",
                          "Rows Removed by Filter": 534319
                        }
                      ]
                    }
                  ]
                }
              ]
            }
          ]
        }
      ]
    },
    "Planning Time": 0.614,
    "Triggers": [],
    "Execution Time": 413.432
  }
]