[
  {
    "Plan": {
      "Node Type": "Aggregate",
      "Strategy": "Plain",
      "Partial Mode": "Finalize",
      "Parallel Aware": false,
      "Startup Cost": 231417.29,
      "Total Cost": 231417.3,
      "Plan Rows": 1,
      "Plan Width": 8,
      "Actual Startup Time": 309.762,
      "Actual Total Time": 348.06,
      "Actual Rows": 1,
      "Actual Loops": 1,
      "Plans": [
        {
          "Node Type": "Gather",
          "Parent Relationship": "Outer",
          "Parallel Aware": false,
          "Startup Cost": 231416.87,
          "Total Cost": 231417.28,
          "Plan Rows": 4,
          "Plan Width": 8,
          "Actual Startup Time": 309.482,
          "Actual Total Time": 348.042,
          "Actual Rows": 5,
          "Actual Loops": 1,
          "Workers Planned": 4,
          "Workers Launched": 4,
          "Single Copy": false,
          "Plans": [
            {
              "Node Type": "Aggregate",
              "Strategy": "Plain",
              "Partial Mode": "Partial",
              "Parent Relationship": "Outer",
              "Parallel Aware": false,
              "Startup Cost": 230416.87,
              "Total Cost": 230416.88,
              "Plan Rows": 1,
              "Plan Width": 8,
              "Actual Startup Time": 303.229,
              "Actual Total Time": 303.231,
              "Actual Rows": 1,
              "Actual Loops": 5,
              "Plans": [
                {
                  "Node Type": "Nested Loop",
                  "Parent Relationship": "Outer",
                  "Parallel Aware": false,
                  "Join Type": "Inner",
                  "Startup Cost": 0.43,
                  "Total Cost": 230343.61,
                  "Plan Rows": 29303,
                  "Plan Width": 0,
                  "Actual Startup Time": 63.14,
                  "Actual Total Time": 294.922,
                  "Actual Rows": 112136,
                  "Actual Loops": 5,
                  "Inner Unique": false,
                  "Plans": [
                    {
                      "Node Type": "Seq Scan",
                      "Parent Relationship": "Outer",
                      "Parallel Aware": true,
                      "Relation Name": "title",
                      "Alias": "t",
                      "Startup Cost": 0.0,
                      "Total Cost": 45479.59,
                      "Plan Rows": 4990,
                      "Plan Width": 4,
                      "Actual Startup Time": 62.971,
                      "Actual Total Time": 97.066,
                      "Actual Rows": 10344,
                      "Actual Loops": 5,
                      "Filter": "((kind_id < 7) AND (production_year < 1914))",
                      "Rows Removed by Filter": 495318
                    },
                    {
                      "Node Type": "Index Only Scan",
                      "Parent Relationship": "Inner",
                      "Parallel Aware": false,
                      "Scan Direction": "Forward",
                      "Index Name": "movie_id_movie_info",
                      "Relation Name": "movie_info",
                      "Alias": "mi",
                      "Startup Cost": 0.43,
                      "Total Cost": 36.64,
                      "Plan Rows": 41,
                      "Plan Width": 4,
                      "Actual Startup Time": 0.007,
                      "Actual Total Time": 0.018,
                      "Actual Rows": 11,
                      "Actual Loops": 51721,
                      "Index Cond": "(movie_id = t.id)",
                      "Rows Removed by Index Recheck": 0,
                      "Heap Fetches": 560678
                    }
                  ]
                }
              ]
            }
          ]
        }
      ]
    },
    "Planning Time": 0.279,
    "Triggers": [],
    "Execution Time": 348.115
  }
]