[
  {
    "Plan": {
      "Node Type": "Aggregate",
      "Strategy": "Plain",
      "Partial Mode": "Finalize",
      "Parallel Aware": false,
      "Startup Cost": 111526.57,
      "Total Cost": 111526.58,
      "Plan Rows": 1,
      "Plan Width": 8,
      "Actual Startup Time": 571.409,
      "Actual Total Time": 589.103,
      "Actual Rows": 1,
      "Actual Loops": 1,
      "Plans": [
        {
          "Node Type": "Gather",
          "Parent Relationship": "Outer",
          "Parallel Aware": false,
          "Startup Cost": 111526.25,
          "Total Cost": 111526.56,
          "Plan Rows": 3,
          "Plan Width": 8,
          "Actual Startup Time": 565.28,
          "Actual Total Time": 589.094,
          "Actual Rows": 4,
          "Actual Loops": 1,
          "Workers Planned": 3,
          "Workers Launched": 3,
          "Single Copy": false,
          "Plans": [
            {
              "Node Type": "Aggregate",
              "Strategy": "Plain",
              "Partial Mode": "Partial",
              "Parent Relationship": "Outer",
              "Parallel Aware": false,
              "Startup Cost": 110526.25,
              "Total Cost": 110526.26,
              "Plan Rows": 1,
              "Plan Width": 8,
              "Actual Startup Time": 560.355,
              "Actual Total Time": 560.361,
              "Actual Rows": 1,
              "Actual Loops": 4,
              "Plans": [
                {
                  "Node Type": "Hash Join",
                  "Parent Relationship": "Outer",
                  "Parallel Aware": true,
                  "Join Type": "Inner",
                  "Startup Cost": 65048.48,
                  "Total Cost": 110167.02,
                  "Plan Rows": 143693,
                  "Plan Width": 0,
                  "Actual Startup Time": 282.45,
                  "Actual Total Time": 524.683,
                  "Actual Rows": 875560,
                  "Actual Loops": 4,
                  "Inner Unique": false,
                  "Hash Cond": "(mk.movie_id = t.id)",
                  "Plans": [
                    {
                      "Node Type": "Seq Scan",
                      "Parent Relationship": "Outer",
                      "Parallel Aware": true,
                      "Relation Name": "movie_keyword",
                      "Alias": "mk",
                      "Startup Cost": 0.0,
                      "Total Cost": 39047.32,
                      "Plan Rows": 1459332,
                      "Plan Width": 4,
                      "Actual Startup Time": 0.032,
                      "Actual Total Time": 87.062,
                      "Actual Rows": 1130982,
                      "Actual Loops": 4
                    },
                    {
                      "Node Type": "Hash",
                      "Parent Relationship": "Inner",
                      "Parallel Aware": true,
                      "Startup Cost": 63751.8,
                      "Total Cost": 63751.8,
                      "Plan Rows": 103734,
                      "Plan Width": 8,
                      "Actual Startup Time": 280.489,
                      "Actual Total Time": 280.494,
                      "Actual Rows": 100163,
                      "Actual Loops": 4,
                      "Hash Buckets": 524288,
                      "Original Hash Buckets": 262144,
                      "Hash Batches": 1,
                      "Original Hash Batches": 1,
                      "Peak Memory Usage": 21888,
                      "Plans": [
                        {
                          "Node Type": "Hash Join",
                          "Parent Relationship": "Outer",
                          "Parallel Aware": true,
                          "Join Type": "Inner",
                          "Startup Cost": 47627.37,
                          "Total Cost": 63751.8,
                          "Plan Rows": 103734,
                          "Plan Width": 8,
                          "Actual Startup Time": 163.874,
                          "Actual Total Time": 244.541,
                          "Actual Rows": 100163,
                          "Actual Loops": 4,
                          "Inner Unique": true,
                          "Hash Cond": "(mi_idx.movie_id = t.id)",
                          "Plans": [
                            {
                              "Node Type": "Seq Scan",
                              "Parent Relationship": "Outer",
                              "Parallel Aware": true,
                              "Relation Name": "movie_info_idx",
                              "Alias": "mi_idx",
                              "Startup Cost": 0.0,
                              "Total Cost": 15122.68,
                              "Plan Rows": 381618,
                              "Plan Width": 4,
                              "Actual Startup Time": 0.014,
                              "Actual Total Time": 35.323,
                              "Actual Rows": 229962,
                              "Actual Loops": 4,
                              "Filter": "(info_type_id < 101)",
                              "Rows Removed by Filter": 115046
                            },
                            {
                              "Node Type": "Hash",
                              "Parent Relationship": "Inner",
                              "Parallel Aware": true,
                              "Startup Cost": 45479.59,
                              "Total Cost": 45479.59,
                              "Plan Rows": 171823,
                              "Plan Width": 4,
                              "Actual Startup Time": 160.044,
                              "Actual Total Time": 160.045,
                              "Actual Rows": 146440,
                              "Actual Loops": 4,
                              "Hash Buckets": 1048576,
                              "Original Hash Buckets": 1048576,
                              "Hash Batches": 1,
                              "Original Hash Batches": 1,
                              "Peak Memory Usage": 31168,
                              "Plans": [
                                {
                                  "Node Type": "Seq Scan",
                                  "Parent Relationship": "Outer",
                                  "Parallel Aware": true,
                                  "Relation Name": "title",
                                  "Alias": "t",
                                  "Startup Cost": 0.0,
                                  "Total Cost": 45479.59,
                                  "Plan Rows": 171823,
                                  "Plan Width": 4,
                                  "Actual Startup Time": 0.021,
                                  "Actual Total Time": 101.223,
                                  "Actual Rows": 146440,
                                  "Actual Loops": 4,
                                  "Filter": "((kind_id < 7) AND (production_year > 1990))",
                                  "Rows Removed by Filter": 485638
                                }
                              ]
                            }
                          ]
                        }
                      ]
                    }
                  ]
                }
              ]
            }
          ]
        }
      ]
    },
    "Planning Time": 1.173,
    "Triggers": [],
    "Execution Time": 589.172
  }
]