[
  {
    "Plan": {
      "Node Type": "Aggregate",
      "Strategy": "Plain",
      "Partial Mode": "Finalize",
      "Parallel Aware": false,
      "Startup Cost": 82256.38,
      "Total Cost": 82256.39,
      "Plan Rows": 1,
      "Plan Width": 8,
      "Actual Startup Time": 521.461,
      "Actual Total Time": 536.767,
      "Actual Rows": 1,
      "Actual Loops": 1,
      "Plans": [
        {
          "Node Type": "Gather",
          "Parent Relationship": "Outer",
          "Parallel Aware": false,
          "Startup Cost": 82256.06,
          "Total Cost": 82256.37,
          "Plan Rows": 3,
          "Plan Width": 8,
          "Actual Startup Time": 511.402,
          "Actual Total Time": 536.758,
          "Actual Rows": 4,
          "Actual Loops": 1,
          "Workers Planned": 3,
          "Workers Launched": 3,
          "Single Copy": false,
          "Plans": [
            {
              "Node Type": "Aggregate",
              "Strategy": "Plain",
              "Partial Mode": "Partial",
              "Parent Relationship": "Outer",
              "Parallel Aware": false,
              "Startup Cost": 81256.06,
              "Total Cost": 81256.07,
              "Plan Rows": 1,
              "Plan Width": 8,
              "Actual Startup Time": 502.889,
              "Actual Total Time": 502.892,
              "Actual Rows": 1,
              "Actual Loops": 4,
              "Plans": [
                {
                  "Node Type": "Hash Join",
                  "Parent Relationship": "Outer",
                  "Parallel Aware": true,
                  "Join Type": "Inner",
                  "Startup Cost": 49137.9,
                  "Total Cost": 80169.45,
                  "Plan Rows": 434644,
                  "Plan Width": 0,
                  "Actual Startup Time": 277.405,
                  "Actual Total Time": 496.252,
                  "Actual Rows": 143821,
                  "Actual Loops": 4,
                  "Inner Unique": true,
                  "Hash Cond": "(mc.movie_id = t.id)",
                  "Plans": [
                    {
                      "Node Type": "Seq Scan",
                      "Parent Relationship": "Outer",
                      "Parallel Aware": true,
                      "Relation Name": "movie_companies",
                      "Alias": "mc",
                      "Startup Cost": 0.0,
                      "Total Cost": 29310.68,
                      "Plan Rows": 655571,
                      "Plan Width": 4,
                      "Actual Startup Time": 0.147,
                      "Actual Total Time": 75.61,
                      "Actual Rows": 509309,
                      "Actual Loops": 4,
                      "Filter": "(company_id > 599)",
                      "Rows Removed by Filter": 142974
                    },
                    {
                      "Node Type": "Hash",
                      "Parent Relationship": "Inner",
                      "Parallel Aware": true,
                      "Startup Cost": 43899.32,
                      "Total Cost": 43899.32,
                      "Plan Rows": 419086,
                      "Plan Width": 4,
                      "Actual Startup Time": 271.681,
                      "Actual Total Time": 271.682,
                      "Actual Rows": 418524,
                      "Actual Loops": 4,
                      "Hash Buckets": 2097152,
                      "Original Hash Buckets": 2097152,
                      "Hash Batches": 1,
                      "Original Hash Batches": 1,
                      "Peak Memory Usage": 81952,
                      "Plans": [
                        {
                          "Node Type": "Seq Scan",
                          "Parent Relationship": "Outer",
                          "Parallel Aware": true,
                          "Relation Name": "title",
                          "Alias": "t",
                          "Startup Cost": 0.0,
                          "Total Cost": 43899.32,
                          "Plan Rows": 419086,
                          "Plan Width": 4,
                          "Actual Startup Time": 0.038,
                          "Actual Total Time": 111.39,
                          "Actual Rows": 418524,
                          "Actual Loops": 4,
                          "Filter": "(kind_id > 3)",
                          "Rows Removed by Filter": 213554
                        }
                      ]
                    }
                  ]
                }
              ]
            }
          ]
        }
      ]
    },
    "Planning Time": 0.324,
    "Triggers": [],
    "Execution Time": 536.813
  }
]