[
  {
    "Plan": {
      "Node Type": "Aggregate",
      "Strategy": "Plain",
      "Partial Mode": "Finalize",
      "Parallel Aware": false,
      "Startup Cost": 46072.91,
      "Total Cost": 46072.92,
      "Plan Rows": 1,
      "Plan Width": 8,
      "Actual Startup Time": 156.89,
      "Actual Total Time": 166.063,
      "Actual Rows": 1,
      "Actual Loops": 1,
      "Plans": [
        {
          "Node Type": "Gather",
          "Parent Relationship": "Outer",
          "Parallel Aware": false,
          "Startup Cost": 46072.59,
          "Total Cost": 46072.9,
          "Plan Rows": 3,
          "Plan Width": 8,
          "Actual Startup Time": 156.698,
          "Actual Total Time": 166.055,
          "Actual Rows": 4,
          "Actual Loops": 1,
          "Workers Planned": 3,
          "Workers Launched": 3,
          "Single Copy": false,
          "Plans": [
            {
              "Node Type": "Aggregate",
              "Strategy": "Plain",
              "Partial Mode": "Partial",
              "Parent Relationship": "Outer",
              "Parallel Aware": false,
              "Startup Cost": 45072.59,
              "Total Cost": 45072.6,
              "Plan Rows": 1,
              "Plan Width": 8,
              "Actual Startup Time": 149.873,
              "Actual Total Time": 149.874,
              "Actual Rows": 1,
              "Actual Loops": 4,
              "Plans": [
                {
                  "Node Type": "Seq Scan",
                  "Parent Relationship": "Outer",
                  "Parallel Aware": true,
                  "Relation Name": "movie_keyword",
                  "Alias": "mk",
                  "Startup Cost": 0.0,
                  "Total Cost": 42695.65,
                  "Plan Rows": 950774,
                  "Plan Width": 0,
                  "Actual Startup Time": 0.053,
                  "Actual Total Time": 117.313,
                  "Actual Rows": 734711,
                  "Actual Loops": 4,
                  "Filter": "(keyword_id < 9812)",
                  "Rows Removed by Filter": 396272
                }
              ]
            }
          ]
        }
      ]
    },
    "Planning Time": 0.152,
    "Triggers": [],
    "Execution Time": 166.11
  }
]