[
  {
    "Plan": {
      "Node Type": "Aggregate",
      "Strategy": "Plain",
      "Partial Mode": "Finalize",
      "Parallel Aware": false,
      "Startup Cost": 319174.58,
      "Total Cost": 319174.59,
      "Plan Rows": 1,
      "Plan Width": 8,
      "Actual Startup Time": 984.485,
      "Actual Total Time": 1086.465,
      "Actual Rows": 1,
      "Actual Loops": 1,
      "Plans": [
        {
          "Node Type": "Gather",
          "Parent Relationship": "Outer",
          "Parallel Aware": false,
          "Startup Cost": 319174.06,
          "Total Cost": 319174.57,
          "Plan Rows": 5,
          "Plan Width": 8,
          "Actual Startup Time": 982.722,
          "Actual Total Time": 1086.45,
          "Actual Rows": 6,
          "Actual Loops": 1,
          "Workers Planned": 5,
          "Workers Launched": 5,
          "Single Copy": false,
          "Plans": [
            {
              "Node Type": "Aggregate",
              "Strategy": "Plain",
              "Partial Mode": "Partial",
              "Parent Relationship": "Outer",
              "Parallel Aware": false,
              "Startup Cost": 318174.06,
              "Total Cost": 318174.07,
              "Plan Rows": 1,
              "Plan Width": 8,
              "Actual Startup Time": 975.18,
              "Actual Total Time": 975.186,
              "Actual Rows": 1,
              "Actual Loops": 6,
              "Plans": [
                {
                  "Node Type": "Nested Loop",
                  "Parent Relationship": "Outer",
                  "Parallel Aware": false,
                  "Join Type": "Inner",
                  "Startup Cost": 45849.71,
                  "Total Cost": 316937.37,
                  "Plan Rows": 494675,
                  "Plan Width": 0,
                  "Actual Startup Time": 134.844,
                  "Actual Total Time": 964.121,
                  "Actual Rows": 148437,
                  "Actual Loops": 6,
                  "Inner Unique": false,
                  "Join Filter": "(t.id = ci.movie_id)",
                  "Rows Removed by Join Filter": 0,
                  "Plans": [
                    {
                      "Node Type": "Hash Join",
                      "Parent Relationship": "Outer",
                      "Parallel Aware": true,
                      "Join Type": "Inner",
                      "Startup Cost": 45849.15,
                      "Total Cost": 246893.74,
                      "Plan Rows": 34502,
                      "Plan Width": 8,
                      "Actual Startup Time": 134.716,
                      "Actual Total Time": 594.028,
                      "Actual Rows": 9510,
                      "Actual Loops": 6,
                      "Inner Unique": true,
                      "Hash Cond": "(mi.movie_id = t.id)",
                      "Plans": [
                        {
                          "Node Type": "Seq Scan",
                          "Parent Relationship": "Outer",
                          "Parallel Aware": true,
                          "Relation Name": "movie_info",
                          "Alias": "mi",
                          "Startup Cost": 0.0,
                          "Total Cost": 199108.24,
                          "Plan Rows": 737655,
                          "Plan Width": 4,
                          "Actual Startup Time": 34.866,
                          "Actual Total Time": 392.698,
                          "Actual Rows": 604163,
                          "Actual Loops": 6,
                          "Filter": "(info_type_id < 4)",
                          "Rows Removed by Filter": 1868457
                        },
                        {
                          "Node Type": "Hash",
                          "Parent Relationship": "Inner",
                          "Parallel Aware": true,
                          "Startup Cost": 45479.59,
                          "Total Cost": 45479.59,
                          "Plan Rows": 29565,
                          "Plan Width": 4,
                          "Actual Startup Time": 98.455,
                          "Actual Total Time": 98.457,
                          "Actual Rows": 20791,
                          "Actual Loops": 6,
                          "Hash Buckets": 131072,
                          "Original Hash Buckets": 131072,
                          "Hash Batches": 1,
                          "Original Hash Batches": 1,
                          "Peak Memory Usage": 6016,
                          "Plans": [
                            {
                              "Node Type": "Seq Scan",
                              "Parent Relationship": "Outer",
                              "Parallel Aware": true,
                              "Relation Name": "title",
                              "Alias": "t",
                              "Startup Cost": 0.0,
                              "Total Cost": 45479.59,
                              "Plan Rows": 29565,
                              "Plan Width": 4,
                              "Actual Startup Time": 0.043,
                              "Actual Total Time": 88.287,
                              "Actual Rows": 20791,
                              "Actual Loops": 6,
                              "Filter": "((kind_id > 1) AND (production_year = 2012))",
                              "Rows Removed by Filter": 400594
                            }
                          ]
                        }
                      ]
                    },
                    {
                      "Node Type": "Index Only Scan",
                      "Parent Relationship": "Inner",
                      "Parallel Aware": false,
                      "Scan Direction": "Forward",
                      "Index Name": "movie_id_cast_info",
                      "Relation Name": "cast_info",
                      "Alias": "ci",
                      "Startup Cost": 0.56,
                      "Total Cost": 1.59,
                      "Plan Rows": 35,
                      "Plan Width": 4,
                      "Actual Startup Time": 0.008,
                      "Actual Total Time": 0.036,
                      "Actual Rows": 16,
                      "Actual Loops": 57057,
                      "Index Cond": "(movie_id = mi.movie_id)",
                      "Rows Removed by Index Recheck": 0,
                      "Heap Fetches": 890620
                    }
                  ]
                }
              ]
            }
          ]
        }
      ]
    },
    "Planning Time": 1.282,
    "Triggers": [],
    "Execution Time": 1086.558
  }
]