[
  {
    "Plan": {
      "Node Type": "Aggregate",
      "Strategy": "Plain",
      "Partial Mode": "Finalize",
      "Parallel Aware": false,
      "Startup Cost": 76623.8,
      "Total Cost": 76623.81,
      "Plan Rows": 1,
      "Plan Width": 8,
      "Actual Startup Time": 280.291,
      "Actual Total Time": 295.934,
      "Actual Rows": 1,
      "Actual Loops": 1,
      "Plans": [
        {
          "Node Type": "Gather",
          "Parent Relationship": "Outer",
          "Parallel Aware": false,
          "Startup Cost": 76623.38,
          "Total Cost": 76623.79,
          "Plan Rows": 4,
          "Plan Width": 8,
          "Actual Startup Time": 278.632,
          "Actual Total Time": 295.922,
          "Actual Rows": 5,
          "Actual Loops": 1,
          "Workers Planned": 4,
          "Workers Launched": 4,
          "Single Copy": false,
          "Plans": [
            {
              "Node Type": "Aggregate",
              "Strategy": "Plain",
              "Partial Mode": "Partial",
              "Parent Relationship": "Outer",
              "Parallel Aware": false,
              "Startup Cost": 75623.38,
              "Total Cost": 75623.39,
              "Plan Rows": 1,
              "Plan Width": 8,
              "Actual Startup Time": 268.856,
              "Actual Total Time": 268.86,
              "Actual Rows": 1,
              "Actual Loops": 5,
              "Plans": [
                {
                  "Node Type": "Hash Join",
                  "Parent Relationship": "Outer",
                  "Parallel Aware": true,
                  "Join Type": "Inner",
                  "Startup Cost": 29869.05,
                  "Total Cost": 75503.21,
                  "Plan Rows": 48068,
                  "Plan Width": 0,
                  "Actual Startup Time": 111.694,
                  "Actual Total Time": 266.134,
                  "Actual Rows": 59183,
                  "Actual Loops": 5,
                  "Inner Unique": false,
                  "Hash Cond": "(t.id = mc.movie_id)",
                  "Plans": [
                    {
                      "Node Type": "Seq Scan",
                      "Parent Relationship": "Outer",
                      "Parallel Aware": true,
                      "Relation Name": "title",
                      "Alias": "t",
                      "Startup Cost": 0.0,
                      "Total Cost": 42318.73,
                      "Plan Rows": 632073,
                      "Plan Width": 4,
                      "Actual Startup Time": 0.013,
                      "Actual Total Time": 64.415,
                      "Actual Rows": 505662,
                      "Actual Loops": 5
                    },
                    {
                      "Node Type": "Hash",
                      "Parent Relationship": "Inner",
                      "Parallel Aware": true,
                      "Startup Cost": 29093.76,
                      "Total Cost": 29093.76,
                      "Plan Rows": 62023,
                      "Plan Width": 4,
                      "Actual Startup Time": 109.289,
                      "Actual Total Time": 109.29,
                      "Actual Rows": 59183,
                      "Actual Loops": 5,
                      "Hash Buckets": 524288,
                      "Original Hash Buckets": 262144,
                      "Hash Batches": 1,
                      "Original Hash Batches": 1,
                      "Peak Memory Usage": 17792,
                      "Plans": [
                        {
                          "Node Type": "Bitmap Heap Scan",
                          "Parent Relationship": "Outer",
                          "Parallel Aware": true,
                          "Relation Name": "movie_companies",
                          "Alias": "mc",
                          "Startup Cost": 8413.85,
                          "Total Cost": 29093.76,
                          "Plan Rows": 62023,
                          "Plan Width": 4,
                          "Actual Startup Time": 31.755,
                          "Actual Total Time": 80.04,
                          "Actual Rows": 59183,
                          "Actual Loops": 5,
                          "Recheck Cond": "(company_id < 228)",
                          "Rows Removed by Index Recheck": 0,
                          "Filter": "(company_type_id = 1)",
                          "Rows Removed by Filter": 18342,
                          "Exact Heap Blocks": 6369,
                          "Lossy Heap Blocks": 0,
                          "Plans": [
                            {
                              "Node Type": "Bitmap Index Scan",
                              "Parent Relationship": "Outer",
                              "Parallel Aware": false,
                              "Index Name": "company_id_movie_companies",
                              "Startup Cost": 0.0,
                              "Total Cost": 8365.79,
                              "Plan Rows": 390581,
                              "Plan Width": 0,
                              "Actual Startup Time": 29.523,
                              "Actual Total Time": 29.523,
                              "Actual Rows": 387626,
                              "Actual Loops": 1,
                              "Index Cond": "(company_id < 228)"
                            }
                          ]
                        }
                      ]
                    }
                  ]
                }
              ]
            }
          ]
        }
      ]
    },
    "Planning Time": 0.689,
    "Triggers": [],
    "Execution Time": 296.034
  }
]