[
  {
    "Plan": {
      "Node Type": "Aggregate",
      "Strategy": "Plain",
      "Partial Mode": "Finalize",
      "Parallel Aware": false,
      "Startup Cost": 16384.58,
      "Total Cost": 16384.59,
      "Plan Rows": 1,
      "Plan Width": 8,
      "Actual Startup Time": 17.082,
      "Actual Total Time": 19.841,
      "Actual Rows": 1,
      "Actual Loops": 1,
      "Plans": [
        {
          "Node Type": "Gather",
          "Parent Relationship": "Outer",
          "Parallel Aware": false,
          "Startup Cost": 16384.37,
          "Total Cost": 16384.58,
          "Plan Rows": 2,
          "Plan Width": 8,
          "Actual Startup Time": 16.617,
          "Actual Total Time": 19.8,
          "Actual Rows": 3,
          "Actual Loops": 1,
          "Workers Planned": 2,
          "Workers Launched": 2,
          "Single Copy": false,
          "Plans": [
            {
              "Node Type": "Aggregate",
              "Strategy": "Plain",
              "Partial Mode": "Partial",
              "Parent Relationship": "Outer",
              "Parallel Aware": false,
              "Startup Cost": 15384.37,
              "Total Cost": 15384.38,
              "Plan Rows": 1,
              "Plan Width": 8,
              "Actual Startup Time": 9.027,
              "Actual Total Time": 9.029,
              "Actual Rows": 1,
              "Actual Loops": 3,
              "Plans": [
                {
                  "Node Type": "Nested Loop",
                  "Parent Relationship": "Outer",
                  "Parallel Aware": false,
                  "Join Type": "Inner",
                  "Startup Cost": 80.72,
                  "Total Cost": 15382.44,
                  "Plan Rows": 773,
                  "Plan Width": 0,
                  "Actual Startup Time": 2.031,
                  "Actual Total Time": 8.93,
                  "Actual Rows": 478,
                  "Actual Loops": 3,
                  "Inner Unique": true,
                  "Plans": [
                    {
                      "Node Type": "Bitmap Heap Scan",
                      "Parent Relationship": "Outer",
                      "Parallel Aware": true,
                      "Relation Name": "movie_companies",
                      "Alias": "mc",
                      "Startup Cost": 80.29,
                      "Total Cost": 9217.56,
                      "Plan Rows": 773,
                      "Plan Width": 4,
                      "Actual Startup Time": 1.87,
                      "Actual Total Time": 3.248,
                      "Actual Rows": 478,
                      "Actual Loops": 3,
                      "Recheck Cond": "(company_id = 181)",
                      "Rows Removed by Index Recheck": 0,
                      "Filter": "(company_type_id > 1)",
                      "Rows Removed by Filter": 649,
                      "Exact Heap Blocks": 1044,
                      "Lossy Heap Blocks": 0,
                      "Plans": [
                        {
                          "Node Type": "Bitmap Index Scan",
                          "Parent Relationship": "Outer",
                          "Parallel Aware": false,
                          "Index Name": "company_id_movie_companies",
                          "Startup Cost": 0.0,
                          "Total Cost": 79.83,
                          "Plan Rows": 3653,
                          "Plan Width": 0,
                          "Actual Startup Time": 2.466,
                          "Actual Total Time": 2.467,
                          "Actual Rows": 3380,
                          "Actual Loops": 1,
                          "Index Cond": "(company_id = 181)"
                        }
                      ]
                    },
                    {
                      "Node Type": "Index Only Scan",
                      "Parent Relationship": "Inner",
                      "Parallel Aware": false,
                      "Scan Direction": "Forward",
                      "Index Name": "title_pkey",
                      "Relation Name": "title",
                      "Alias": "t",
                      "Startup Cost": 0.43,
                      "Total Cost": 7.98,
                      "Plan Rows": 1,
                      "Plan Width": 4,
                      "Actual Startup Time": 0.011,
                      "Actual Total Time": 0.011,
                      "Actual Rows": 1,
                      "Actual Loops": 1433,
                      "Index Cond": "(id = mc.movie_id)",
                      "Rows Removed by Index Recheck": 0,
                      "Heap Fetches": 1433
                    }
                  ]
                }
              ]
            }
          ]
        }
      ]
    },
    "Planning Time": 0.634,
    "Triggers": [],
    "Execution Time": 19.932
  }
]