[
    {
        "Bao": {
            "Bao prediction": "NaN",
            "Bao recommended hint": "(no hint)"
        }
    },
    {
        "Plan": {
            "Node Type": "Aggregate",
            "Strategy": "Plain",
            "Partial Mode": "Finalize",
            "Parallel Aware": false,
            "Startup Cost": 29106.65,
            "Total Cost": 29106.66,
            "Plan Rows": 1,
            "Plan Width": 8,
            "Actual Startup Time": 64.329,
            "Actual Total Time": 68.476,
            "Actual Rows": 1,
            "Actual Loops": 1,
            "Output": [
                "count(*)"
            ],
            "Plans": [
                {
                    "Node Type": "Gather",
                    "Parent Relationship": "Outer",
                    "Parallel Aware": false,
                    "Startup Cost": 29106.34,
                    "Total Cost": 29106.65,
                    "Plan Rows": 3,
                    "Plan Width": 8,
                    "Actual Startup Time": 64.082,
                    "Actual Total Time": 68.469,
                    "Actual Rows": 4,
                    "Actual Loops": 1,
                    "Output": [
                        "(PARTIAL count(*))"
                    ],
                    "Workers Planned": 3,
                    "Workers Launched": 3,
                    "Single Copy": false,
                    "Plans": [
                        {
                            "Node Type": "Aggregate",
                            "Strategy": "Plain",
                            "Partial Mode": "Partial",
                            "Parent Relationship": "Outer",
                            "Parallel Aware": false,
                            "Startup Cost": 28106.34,
                            "Total Cost": 28106.35,
                            "Plan Rows": 1,
                            "Plan Width": 8,
                            "Actual Startup Time": 55.578,
                            "Actual Total Time": 55.579,
                            "Actual Rows": 1,
                            "Actual Loops": 4,
                            "Output": [
                                "PARTIAL count(*)"
                            ],
                            "Workers": [
                                {
                                    "Worker Number": 0,
                                    "Actual Startup Time": 52.66,
                                    "Actual Total Time": 52.662,
                                    "Actual Rows": 1,
                                    "Actual Loops": 1
                                },
                                {
                                    "Worker Number": 1,
                                    "Actual Startup Time": 52.661,
                                    "Actual Total Time": 52.663,
                                    "Actual Rows": 1,
                                    "Actual Loops": 1
                                },
                                {
                                    "Worker Number": 2,
                                    "Actual Startup Time": 53.178,
                                    "Actual Total Time": 53.18,
                                    "Actual Rows": 1,
                                    "Actual Loops": 1
                                }
                            ],
                            "Plans": [
                                {
                                    "Node Type": "Bitmap Heap Scan",
                                    "Parent Relationship": "Outer",
                                    "Parallel Aware": true,
                                    "Relation Name": "movie_keyword",
                                    "Schema": "public",
                                    "Alias": "mk",
                                    "Startup Cost": 2974.35,
                                    "Total Cost": 27993.34,
                                    "Plan Rows": 45199,
                                    "Plan Width": 0,
                                    "Actual Startup Time": 8.565,
                                    "Actual Total Time": 53.259,
                                    "Actual Rows": 33070,
                                    "Actual Loops": 4,
                                    "Recheck Cond": "(mk.keyword_id > 76018)",
                                    "Rows Removed by Index Recheck": 0,
                                    "Exact Heap Blocks": 11412,
                                    "Lossy Heap Blocks": 0,
                                    "Workers": [
                                        {
                                            "Worker Number": 0,
                                            "Actual Startup Time": 5.798,
                                            "Actual Total Time": 50.665,
                                            "Actual Rows": 18168,
                                            "Actual Loops": 1
                                        },
                                        {
                                            "Worker Number": 1,
                                            "Actual Startup Time": 5.692,
                                            "Actual Total Time": 50.7,
                                            "Actual Rows": 18000,
                                            "Actual Loops": 1
                                        },
                                        {
                                            "Worker Number": 2,
                                            "Actual Startup Time": 6.194,
                                            "Actual Total Time": 51.244,
                                            "Actual Rows": 16417,
                                            "Actual Loops": 1
                                        }
                                    ],
                                    "Plans": [
                                        {
                                            "Node Type": "Bitmap Index Scan",
                                            "Parent Relationship": "Outer",
                                            "Parallel Aware": false,
                                            "Index Name": "keyword_id_movie_keyword",
                                            "Startup Cost": 0.0,
                                            "Total Cost": 2939.32,
                                            "Plan Rows": 140118,
                                            "Plan Width": 0,
                                            "Actual Startup Time": 13.028,
                                            "Actual Total Time": 13.029,
                                            "Actual Rows": 132281,
                                            "Actual Loops": 1,
                                            "Index Cond": "(mk.keyword_id > 76018)"
                                        }
                                    ]
                                }
                            ]
                        }
                    ]
                }
            ]
        },
        "Planning Time": 201.115,
        "Triggers": [],
        "Execution Time": 68.53
    }
]