[
  {
    "Plan": {
      "Node Type": "Aggregate",
      "Strategy": "Plain",
      "Partial Mode": "Finalize",
      "Parallel Aware": false,
      "Startup Cost": 96376.35,
      "Total Cost": 96376.36,
      "Plan Rows": 1,
      "Plan Width": 8,
      "Actual Startup Time": 554.845,
      "Actual Total Time": 578.456,
      "Actual Rows": 1,
      "Actual Loops": 1,
      "Plans": [
        {
          "Node Type": "Gather",
          "Parent Relationship": "Outer",
          "Parallel Aware": false,
          "Startup Cost": 96376.03,
          "Total Cost": 96376.34,
          "Plan Rows": 3,
          "Plan Width": 8,
          "Actual Startup Time": 546.882,
          "Actual Total Time": 578.447,
          "Actual Rows": 4,
          "Actual Loops": 1,
          "Workers Planned": 3,
          "Workers Launched": 3,
          "Single Copy": false,
          "Plans": [
            {
              "Node Type": "Aggregate",
              "Strategy": "Plain",
              "Partial Mode": "Partial",
              "Parent Relationship": "Outer",
              "Parallel Aware": false,
              "Startup Cost": 95376.03,
              "Total Cost": 95376.04,
              "Plan Rows": 1,
              "Plan Width": 8,
              "Actual Startup Time": 538.735,
              "Actual Total Time": 538.739,
              "Actual Rows": 1,
              "Actual Loops": 4,
              "Plans": [
                {
                  "Node Type": "Hash Join",
                  "Parent Relationship": "Outer",
                  "Parallel Aware": true,
                  "Join Type": "Inner",
                  "Startup Cost": 49326.62,
                  "Total Cost": 94049.72,
                  "Plan Rows": 530523,
                  "Plan Width": 0,
                  "Actual Startup Time": 295.648,
                  "Actual Total Time": 521.399,
                  "Actual Rows": 346671,
                  "Actual Loops": 4,
                  "Inner Unique": true,
                  "Hash Cond": "(mk.movie_id = t.id)",
                  "Plans": [
                    {
                      "Node Type": "Seq Scan",
                      "Parent Relationship": "Outer",
                      "Parallel Aware": true,
                      "Relation Name": "movie_keyword",
                      "Alias": "mk",
                      "Startup Cost": 0.0,
                      "Total Cost": 42695.65,
                      "Plan Rows": 772361,
                      "Plan Width": 4,
                      "Actual Startup Time": 0.267,
                      "Actual Total Time": 121.058,
                      "Actual Rows": 595450,
                      "Actual Loops": 4,
                      "Filter": "(keyword_id > 3995)",
                      "Rows Removed by Filter": 535533
                    },
                    {
                      "Node Type": "Hash",
                      "Parent Relationship": "Inner",
                      "Parallel Aware": true,
                      "Startup Cost": 43899.32,
                      "Total Cost": 43899.32,
                      "Plan Rows": 434184,
                      "Plan Width": 4,
                      "Actual Startup Time": 289.297,
                      "Actual Total Time": 289.298,
                      "Actual Rows": 431308,
                      "Actual Loops": 4,
                      "Hash Buckets": 2097152,
                      "Original Hash Buckets": 2097152,
                      "Hash Batches": 1,
                      "Original Hash Batches": 1,
                      "Peak Memory Usage": 83904,
                      "Plans": [
                        {
                          "Node Type": "Seq Scan",
                          "Parent Relationship": "Outer",
                          "Parallel Aware": true,
                          "Relation Name": "title",
                          "Alias": "t",
                          "Startup Cost": 0.0,
                          "Total Cost": 43899.32,
                          "Plan Rows": 434184,
                          "Plan Width": 4,
                          "Actual Startup Time": 0.026,
                          "Actual Total Time": 123.059,
                          "Actual Rows": 431308,
                          "Actual Loops": 4,
                          "Filter": "(production_year > 1991)",
                          "Rows Removed by Filter": 200770
                        }
                      ]
                    }
                  ]
                }
              ]
            }
          ]
        }
      ]
    },
    "Planning Time": 0.306,
    "Triggers": [],
    "Execution Time": 578.499
  }
]