[
  {
    "Plan": {
      "Node Type": "Aggregate",
      "Strategy": "Plain",
      "Partial Mode": "Finalize",
      "Parallel Aware": false,
      "Startup Cost": 30766.06,
      "Total Cost": 30766.07,
      "Plan Rows": 1,
      "Plan Width": 8,
      "Actual Startup Time": 91.547,
      "Actual Total Time": 99.0,
      "Actual Rows": 1,
      "Actual Loops": 1,
      "Plans": [
        {
          "Node Type": "Gather",
          "Parent Relationship": "Outer",
          "Parallel Aware": false,
          "Startup Cost": 30765.74,
          "Total Cost": 30766.05,
          "Plan Rows": 3,
          "Plan Width": 8,
          "Actual Startup Time": 91.441,
          "Actual Total Time": 98.993,
          "Actual Rows": 4,
          "Actual Loops": 1,
          "Workers Planned": 3,
          "Workers Launched": 3,
          "Single Copy": false,
          "Plans": [
            {
              "Node Type": "Aggregate",
              "Strategy": "Plain",
              "Partial Mode": "Partial",
              "Parent Relationship": "Outer",
              "Parallel Aware": false,
              "Startup Cost": 29765.74,
              "Total Cost": 29765.75,
              "Plan Rows": 1,
              "Plan Width": 8,
              "Actual Startup Time": 84.646,
              "Actual Total Time": 84.647,
              "Actual Rows": 1,
              "Actual Loops": 4,
              "Plans": [
                {
                  "Node Type": "Seq Scan",
                  "Parent Relationship": "Outer",
                  "Parallel Aware": true,
                  "Relation Name": "movie_companies",
                  "Alias": "mc",
                  "Startup Cost": 0.0,
                  "Total Cost": 29310.68,
                  "Plan Rows": 182023,
                  "Plan Width": 0,
                  "Actual Startup Time": 45.59,
                  "Actual Total Time": 78.065,
                  "Actual Rows": 146841,
                  "Actual Loops": 4,
                  "Filter": "(company_id > 70900)",
                  "Rows Removed by Filter": 505441
                }
              ]
            }
          ]
        }
      ]
    },
    "Planning Time": 0.146,
    "Triggers": [],
    "Execution Time": 99.043
  }
]