{
  "Plan": {
    "Node Type": "Aggregate",
    "Strategy": "Plain",
    "Partial Mode": "Finalize",
    "Parallel Aware": false,
    "Startup Cost": 496709.03,
    "Total Cost": 496709.04,
    "Plan Rows": 1,
    "Plan Width": 8,
    "Actual Startup Time": 1520.942,
    "Actual Total Time": 1547.343,
    "Actual Rows": 1,
    "Actual Loops": 1,
    "Plans": [
      {
        "Node Type": "Gather",
        "Parent Relationship": "Outer",
        "Parallel Aware": false,
        "Startup Cost": 496708.92,
        "Total Cost": 496709.03,
        "Plan Rows": 1,
        "Plan Width": 8,
        "Actual Startup Time": 1518.149,
        "Actual Total Time": 1547.337,
        "Actual Rows": 2,
        "Actual Loops": 1,
        "Workers Planned": 1,
        "Workers Launched": 1,
        "Single Copy": false,
        "Plans": [
          {
            "Node Type": "Aggregate",
            "Strategy": "Plain",
            "Partial Mode": "Partial",
            "Parent Relationship": "Outer",
            "Parallel Aware": false,
            "Startup Cost": 495708.92,
            "Total Cost": 495708.93,
            "Plan Rows": 1,
            "Plan Width": 8,
            "Actual Startup Time": 1506.284,
            "Actual Total Time": 1506.294,
            "Actual Rows": 1,
            "Actual Loops": 2,
            "Plans": [
              {
                "Node Type": "Merge Join",
                "Parent Relationship": "Outer",
                "Parallel Aware": false,
                "Join Type": "Inner",
                "Startup Cost": 484034.04,
                "Total Cost": 495106.71,
                "Plan Rows": 240883,
                "Plan Width": 0,
                "Actual Startup Time": 1250.775,
                "Actual Total Time": 1480.351,
                "Actual Rows": 685968,
                "Actual Loops": 2,
                "Inner Unique": false,
                "Merge Cond": "(t.id = mi.movie_id)",
                "Plans": [
                  {
                    "Node Type": "Sort",
                    "Parent Relationship": "Outer",
                    "Parallel Aware": false,
                    "Startup Cost": 158117.29,
                    "Total Cost": 159341.9,
                    "Plan Rows": 489841,
                    "Plan Width": 8,
                    "Actual Startup Time": 758.204,
                    "Actual Total Time": 770.52,
                    "Actual Rows": 301284,
                    "Actual Loops": 2,
                    "Sort Key": [
                      "t.id"
                    ],
                    "Sort Method": "quicksort",
                    "Sort Space Used": 26371,
                    "Sort Space Type": "Memory",
                    "Workers": [
                      {
                        "Worker Number": 0,
                        "Sort Method": "quicksort",
                        "Sort Space Used": 26451,
                        "Sort Space Type": "Memory"
                      }
                    ],
                    "Plans": [
                      {
                        "Node Type": "Hash Join",
                        "Parent Relationship": "Outer",
                        "Parallel Aware": true,
                        "Join Type": "Inner",
                        "Startup Cost": 68262.7,
                        "Total Cost": 111822.53,
                        "Plan Rows": 489841,
                        "Plan Width": 8,
                        "Actual Startup Time": 467.924,
                        "Actual Total Time": 692.773,
                        "Actual Rows": 301284,
                        "Actual Loops": 2,
                        "Inner Unique": true,
                        "Hash Cond": "(mc.movie_id = t.id)",
                        "Plans": [
                          {
                            "Node Type": "Seq Scan",
                            "Parent Relationship": "Outer",
                            "Parallel Aware": true,
                            "Relation Name": "movie_companies",
                            "Alias": "mc",
                            "Startup Cost": 0.0,
                            "Total Cost": 41811.73,
                            "Plan Rows": 665945,
                            "Plan Width": 4,
                            "Actual Startup Time": 49.173,
                            "Actual Total Time": 116.853,
                            "Actual Rows": 474922,
                            "Actual Loops": 2,
                            "Filter": "((company_id < 83676) AND (company_type_id > 1))",
                            "Rows Removed by Filter": 829642
                          },
                          {
                            "Node Type": "Hash",
                            "Parent Relationship": "Inner",
                            "Parallel Aware": true,
                            "Startup Cost": 54588.39,
                            "Total Cost": 54588.39,
                            "Plan Rows": 1093945,
                            "Plan Width": 4,
                            "Actual Startup Time": 404.316,
                            "Actual Total Time": 404.317,
                            "Actual Rows": 926404,
                            "Actual Loops": 2,
                            "Hash Buckets": 2097152,
                            "Original Hash Buckets": 2097152,
                            "Hash Batches": 1,
                            "Original Hash Batches": 1,
                            "Peak Memory Usage": 88896,
                            "Plans": [
                              {
                                "Node Type": "Seq Scan",
                                "Parent Relationship": "Outer",
                                "Parallel Aware": true,
                                "Relation Name": "title",
                                "Alias": "t",
                                "Startup Cost": 0.0,
                                "Total Cost": 54588.39,
                                "Plan Rows": 1093945,
                                "Plan Width": 4,
                                "Actual Startup Time": 0.05,
                                "Actual Total Time": 176.639,
                                "Actual Rows": 926404,
                                "Actual Loops": 2,
                                "Filter": "(production_year > 1985)",
                                "Rows Removed by Filter": 337752
                              }
                            ]
                          }
                        ]
                      }
                    ]
                  },
                  {
                    "Node Type": "Sort",
                    "Parent Relationship": "Inner",
                    "Parallel Aware": false,
                    "Startup Cost": 325916.69,
                    "Total Cost": 329024.96,
                    "Plan Rows": 1243306,
                    "Plan Width": 4,
                    "Actual Startup Time": 492.555,
                    "Actual Total Time": 579.235,
                    "Actual Rows": 1576702,
                    "Actual Loops": 2,
                    "Sort Key": [
                      "mi.movie_id"
                    ],
                    "Sort Method": "quicksort",
                    "Sort Space Used": 105623,
                    "Sort Space Type": "Memory",
                    "Workers": [
                      {
                        "Worker Number": 0,
                        "Sort Method": "quicksort",
                        "Sort Space Used": 105623,
                        "Sort Space Type": "Memory"
                      }
                    ],
                    "Plans": [
                      {
                        "Node Type": "Bitmap Heap Scan",
                        "Parent Relationship": "Outer",
                        "Parallel Aware": false,
                        "Relation Name": "movie_info",
                        "Alias": "mi",
                        "Startup Cost": 22524.06,
                        "Total Cost": 200058.38,
                        "Plan Rows": 1243306,
                        "Plan Width": 4,
                        "Actual Startup Time": 56.829,
                        "Actual Total Time": 232.204,
                        "Actual Rows": 1204709,
                        "Actual Loops": 2,
                        "Recheck Cond": "(info_type_id > 18)",
                        "Rows Removed by Index Recheck": 0,
                        "Exact Heap Blocks": 34072,
                        "Lossy Heap Blocks": 0,
                        "Plans": [
                          {
                            "Node Type": "Bitmap Index Scan",
                            "Parent Relationship": "Outer",
                            "Parallel Aware": false,
                            "Index Name": "info_type_id_movie_info",
                            "Startup Cost": 0.0,
                            "Total Cost": 22213.23,
                            "Plan Rows": 1243306,
                            "Plan Width": 0,
                            "Actual Startup Time": 52.168,
                            "Actual Total Time": 52.169,
                            "Actual Rows": 1204709,
                            "Actual Loops": 2,
                            "Index Cond": "(info_type_id > 18)"
                          }
                        ]
                      }
                    ]
                  }
                ]
              }
            ]
          }
        ]
      }
    ]
  },
  "Planning Time": 1.129,
  "Triggers": [],
  "Execution Time": 1557.749
}