[
    {
        "Bao": {
            "Bao prediction": 449.698,
            "Bao recommended hint": "(no hint)"
        }
    },
    {
        "Plan": {
            "Node Type": "Aggregate",
            "Strategy": "Plain",
            "Partial Mode": "Finalize",
            "Parallel Aware": false,
            "Startup Cost": 30956.97,
            "Total Cost": 30956.98,
            "Plan Rows": 1,
            "Plan Width": 8,
            "Actual Startup Time": 117.911,
            "Actual Total Time": 125.515,
            "Actual Rows": 1,
            "Actual Loops": 1,
            "Output": [
                "count(*)"
            ],
            "Plans": [
                {
                    "Node Type": "Gather",
                    "Parent Relationship": "Outer",
                    "Parallel Aware": false,
                    "Startup Cost": 30956.65,
                    "Total Cost": 30956.96,
                    "Plan Rows": 3,
                    "Plan Width": 8,
                    "Actual Startup Time": 117.825,
                    "Actual Total Time": 125.507,
                    "Actual Rows": 4,
                    "Actual Loops": 1,
                    "Output": [
                        "(PARTIAL count(*))"
                    ],
                    "Workers Planned": 3,
                    "Workers Launched": 3,
                    "Single Copy": false,
                    "Plans": [
                        {
                            "Node Type": "Aggregate",
                            "Strategy": "Plain",
                            "Partial Mode": "Partial",
                            "Parent Relationship": "Outer",
                            "Parallel Aware": false,
                            "Startup Cost": 29956.65,
                            "Total Cost": 29956.66,
                            "Plan Rows": 1,
                            "Plan Width": 8,
                            "Actual Startup Time": 110.058,
                            "Actual Total Time": 110.06,
                            "Actual Rows": 1,
                            "Actual Loops": 4,
                            "Output": [
                                "PARTIAL count(*)"
                            ],
                            "Workers": [
                                {
                                    "Worker Number": 0,
                                    "Actual Startup Time": 107.585,
                                    "Actual Total Time": 107.586,
                                    "Actual Rows": 1,
                                    "Actual Loops": 1
                                },
                                {
                                    "Worker Number": 1,
                                    "Actual Startup Time": 107.568,
                                    "Actual Total Time": 107.569,
                                    "Actual Rows": 1,
                                    "Actual Loops": 1
                                },
                                {
                                    "Worker Number": 2,
                                    "Actual Startup Time": 107.885,
                                    "Actual Total Time": 107.886,
                                    "Actual Rows": 1,
                                    "Actual Loops": 1
                                }
                            ],
                            "Plans": [
                                {
                                    "Node Type": "Seq Scan",
                                    "Parent Relationship": "Outer",
                                    "Parallel Aware": true,
                                    "Relation Name": "movie_companies",
                                    "Schema": "public",
                                    "Alias": "mc",
                                    "Startup Cost": 0.0,
                                    "Total Cost": 29310.68,
                                    "Plan Rows": 258388,
                                    "Plan Width": 0,
                                    "Actual Startup Time": 28.103,
                                    "Actual Total Time": 96.634,
                                    "Actual Rows": 200900,
                                    "Actual Loops": 4,
                                    "Output": [
                                        "id",
                                        "movie_id",
                                        "company_id",
                                        "company_type_id",
                                        "note"
                                    ],
                                    "Filter": "(mc.company_id > 30022)",
                                    "Rows Removed by Filter": 451382,
                                    "Workers": [
                                        {
                                            "Worker Number": 0,
                                            "Actual Startup Time": 25.622,
                                            "Actual Total Time": 94.416,
                                            "Actual Rows": 191369,
                                            "Actual Loops": 1
                                        },
                                        {
                                            "Worker Number": 1,
                                            "Actual Startup Time": 25.615,
                                            "Actual Total Time": 94.49,
                                            "Actual Rows": 190083,
                                            "Actual Loops": 1
                                        },
                                        {
                                            "Worker Number": 2,
                                            "Actual Startup Time": 25.936,
                                            "Actual Total Time": 94.872,
                                            "Actual Rows": 189562,
                                            "Actual Loops": 1
                                        }
                                    ]
                                }
                            ]
                        }
                    ]
                }
            ]
        },
        "Planning Time": 2036.203,
        "Triggers": [],
        "Execution Time": 125.611
    }
]