[
  {
    "Plan": {
      "Node Type": "Aggregate",
      "Strategy": "Plain",
      "Partial Mode": "Finalize",
      "Parallel Aware": false,
      "Startup Cost": 129703.64,
      "Total Cost": 129703.65,
      "Plan Rows": 1,
      "Plan Width": 8,
      "Actual Startup Time": 837.686,
      "Actual Total Time": 859.457,
      "Actual Rows": 1,
      "Actual Loops": 1,
      "Plans": [
        {
          "Node Type": "Gather",
          "Parent Relationship": "Outer",
          "Parallel Aware": false,
          "Startup Cost": 129703.32,
          "Total Cost": 129703.63,
          "Plan Rows": 3,
          "Plan Width": 8,
          "Actual Startup Time": 833.522,
          "Actual Total Time": 859.446,
          "Actual Rows": 4,
          "Actual Loops": 1,
          "Workers Planned": 3,
          "Workers Launched": 3,
          "Single Copy": false,
          "Plans": [
            {
              "Node Type": "Aggregate",
              "Strategy": "Plain",
              "Partial Mode": "Partial",
              "Parent Relationship": "Outer",
              "Parallel Aware": false,
              "Startup Cost": 128703.32,
              "Total Cost": 128703.33,
              "Plan Rows": 1,
              "Plan Width": 8,
              "Actual Startup Time": 824.233,
              "Actual Total Time": 824.485,
              "Actual Rows": 1,
              "Actual Loops": 4,
              "Plans": [
                {
                  "Node Type": "Hash Join",
                  "Parent Relationship": "Outer",
                  "Parallel Aware": true,
                  "Join Type": "Inner",
                  "Startup Cost": 82244.48,
                  "Total Cost": 127733.81,
                  "Plan Rows": 387803,
                  "Plan Width": 0,
                  "Actual Startup Time": 401.325,
                  "Actual Total Time": 726.773,
                  "Actual Rows": 2573666,
                  "Actual Loops": 4,
                  "Inner Unique": false,
                  "Hash Cond": "(mk.movie_id = t.id)",
                  "Plans": [
                    {
                      "Node Type": "Seq Scan",
                      "Parent Relationship": "Outer",
                      "Parallel Aware": true,
                      "Relation Name": "movie_keyword",
                      "Alias": "mk",
                      "Startup Cost": 0.0,
                      "Total Cost": 39047.32,
                      "Plan Rows": 1459332,
                      "Plan Width": 4,
                      "Actual Startup Time": 0.021,
                      "Actual Total Time": 86.592,
                      "Actual Rows": 1130982,
                      "Actual Loops": 4
                    },
                    {
                      "Node Type": "Hash",
                      "Parent Relationship": "Inner",
                      "Parallel Aware": true,
                      "Startup Cost": 80144.9,
                      "Total Cost": 80144.9,
                      "Plan Rows": 167967,
                      "Plan Width": 8,
                      "Actual Startup Time": 360.213,
                      "Actual Total Time": 360.464,
                      "Actual Rows": 110759,
                      "Actual Loops": 4,
                      "Hash Buckets": 1048576,
                      "Original Hash Buckets": 1048576,
                      "Hash Batches": 1,
                      "Original Hash Batches": 1,
                      "Peak Memory Usage": 25568,
                      "Plans": [
                        {
                          "Node Type": "Hash Join",
                          "Parent Relationship": "Outer",
                          "Parallel Aware": true,
                          "Join Type": "Inner",
                          "Startup Cost": 34123.97,
                          "Total Cost": 80144.9,
                          "Plan Rows": 167967,
                          "Plan Width": 8,
                          "Actual Startup Time": 225.414,
                          "Actual Total Time": 321.736,
                          "Actual Rows": 110759,
                          "Actual Loops": 4,
                          "Inner Unique": false,
                          "Hash Cond": "(t.id = mc.movie_id)",
                          "Plans": [
                            {
                              "Node Type": "Seq Scan",
                              "Parent Relationship": "Outer",
                              "Parallel Aware": true,
                              "Relation Name": "title",
                              "Alias": "t",
                              "Startup Cost": 0.0,
                              "Total Cost": 42318.73,
                              "Plan Rows": 632073,
                              "Plan Width": 4,
                              "Actual Startup Time": 0.012,
                              "Actual Total Time": 73.558,
                              "Actual Rows": 632078,
                              "Actual Loops": 4
                            },
                            {
                              "Node Type": "Hash",
                              "Parent Relationship": "Inner",
                              "Parallel Aware": true,
                              "Startup Cost": 31414.82,
                              "Total Cost": 31414.82,
                              "Plan Rows": 216732,
                              "Plan Width": 4,
                              "Actual Startup Time": 119.441,
                              "Actual Total Time": 119.443,
                              "Actual Rows": 110759,
                              "Actual Loops": 4,
                              "Hash Buckets": 1048576,
                              "Original Hash Buckets": 1048576,
                              "Hash Batches": 1,
                              "Original Hash Batches": 1,
                              "Peak Memory Usage": 25568,
                              "Plans": [
                                {
                                  "Node Type": "Seq Scan",
                                  "Parent Relationship": "Outer",
                                  "Parallel Aware": true,
                                  "Relation Name": "movie_companies",
                                  "Alias": "mc",
                                  "Startup Cost": 0.0,
                                  "Total Cost": 31414.82,
                                  "Plan Rows": 216732,
                                  "Plan Width": 4,
                                  "Actual Startup Time": 19.371,
                                  "Actual Total Time": 78.744,
                                  "Actual Rows": 110759,
                                  "Actual Loops": 4,
                                  "Filter": "((company_id > 11141) AND (company_type_id < 2))",
                                  "Rows Removed by Filter": 541523
                                }
                              ]
                            }
                          ]
                        }
                      ]
                    }
                  ]
                }
              ]
            }
          ]
        }
      ]
    },
    "Planning Time": 1.447,
    "Triggers": [],
    "Execution Time": 859.537
  }
]