[
  {
    "Plan": {
      "Node Type": "Aggregate",
      "Strategy": "Plain",
      "Partial Mode": "Finalize",
      "Parallel Aware": false,
      "Startup Cost": 46085.88,
      "Total Cost": 46085.89,
      "Plan Rows": 1,
      "Plan Width": 8,
      "Actual Startup Time": 159.15,
      "Actual Total Time": 166.93,
      "Actual Rows": 1,
      "Actual Loops": 1,
      "Plans": [
        {
          "Node Type": "Gather",
          "Parent Relationship": "Outer",
          "Parallel Aware": false,
          "Startup Cost": 46085.57,
          "Total Cost": 46085.88,
          "Plan Rows": 3,
          "Plan Width": 8,
          "Actual Startup Time": 159.019,
          "Actual Total Time": 166.922,
          "Actual Rows": 4,
          "Actual Loops": 1,
          "Workers Planned": 3,
          "Workers Launched": 3,
          "Single Copy": false,
          "Plans": [
            {
              "Node Type": "Aggregate",
              "Strategy": "Plain",
              "Partial Mode": "Partial",
              "Parent Relationship": "Outer",
              "Parallel Aware": false,
              "Startup Cost": 45085.57,
              "Total Cost": 45085.58,
              "Plan Rows": 1,
              "Plan Width": 8,
              "Actual Startup Time": 152.8,
              "Actual Total Time": 152.801,
              "Actual Rows": 1,
              "Actual Loops": 4,
              "Plans": [
                {
                  "Node Type": "Seq Scan",
                  "Parent Relationship": "Outer",
                  "Parallel Aware": true,
                  "Relation Name": "movie_keyword",
                  "Alias": "mk",
                  "Startup Cost": 0.0,
                  "Total Cost": 42695.65,
                  "Plan Rows": 955965,
                  "Plan Width": 0,
                  "Actual Startup Time": 0.045,
                  "Actual Total Time": 118.915,
                  "Actual Rows": 739122,
                  "Actual Loops": 4,
                  "Filter": "(keyword_id < 9998)",
                  "Rows Removed by Filter": 391860
                }
              ]
            }
          ]
        }
      ]
    },
    "Planning Time": 0.182,
    "Triggers": [],
    "Execution Time": 166.984
  }
]