[
  {
    "Plan": {
      "Node Type": "Aggregate",
      "Strategy": "Plain",
      "Partial Mode": "Finalize",
      "Parallel Aware": false,
      "Startup Cost": 74749.61,
      "Total Cost": 74749.62,
      "Plan Rows": 1,
      "Plan Width": 8,
      "Actual Startup Time": 127.049,
      "Actual Total Time": 140.784,
      "Actual Rows": 1,
      "Actual Loops": 1,
      "Plans": [
        {
          "Node Type": "Gather",
          "Parent Relationship": "Outer",
          "Parallel Aware": false,
          "Startup Cost": 74749.09,
          "Total Cost": 74749.6,
          "Plan Rows": 5,
          "Plan Width": 8,
          "Actual Startup Time": 126.973,
          "Actual Total Time": 140.773,
          "Actual Rows": 6,
          "Actual Loops": 1,
          "Workers Planned": 5,
          "Workers Launched": 5,
          "Single Copy": false,
          "Plans": [
            {
              "Node Type": "Aggregate",
              "Strategy": "Plain",
              "Partial Mode": "Partial",
              "Parent Relationship": "Outer",
              "Parallel Aware": false,
              "Startup Cost": 73749.09,
              "Total Cost": 73749.1,
              "Plan Rows": 1,
              "Plan Width": 8,
              "Actual Startup Time": 121.31,
              "Actual Total Time": 121.311,
              "Actual Rows": 1,
              "Actual Loops": 6,
              "Plans": [
                {
                  "Node Type": "Index Scan",
                  "Parent Relationship": "Outer",
                  "Parallel Aware": true,
                  "Scan Direction": "Forward",
                  "Index Name": "role_id_cast_info",
                  "Relation Name": "cast_info",
                  "Alias": "ci",
                  "Startup Cost": 0.56,
                  "Total Cost": 72913.16,
                  "Plan Rows": 334372,
                  "Plan Width": 0,
                  "Actual Startup Time": 0.123,
                  "Actual Total Time": 106.722,
                  "Actual Rows": 293969,
                  "Actual Loops": 6,
                  "Index Cond": "(role_id = 4)",
                  "Rows Removed by Index Recheck": 0,
                  "Filter": "(person_id > 1351680)",
                  "Rows Removed by Filter": 160855
                }
              ]
            }
          ]
        }
      ]
    },
    "Planning Time": 0.248,
    "Triggers": [],
    "Execution Time": 140.861
  }
]