[
  {
    "Plan": {
      "Node Type": "Aggregate",
      "Strategy": "Plain",
      "Partial Mode": "Finalize",
      "Parallel Aware": false,
      "Startup Cost": 9758.14,
      "Total Cost": 9758.15,
      "Plan Rows": 1,
      "Plan Width": 8,
      "Actual Startup Time": 42.46,
      "Actual Total Time": 44.913,
      "Actual Rows": 1,
      "Actual Loops": 1,
      "Plans": [
        {
          "Node Type": "Gather",
          "Parent Relationship": "Outer",
          "Parallel Aware": false,
          "Startup Cost": 9757.83,
          "Total Cost": 9758.14,
          "Plan Rows": 3,
          "Plan Width": 8,
          "Actual Startup Time": 42.439,
          "Actual Total Time": 44.904,
          "Actual Rows": 4,
          "Actual Loops": 1,
          "Workers Planned": 3,
          "Workers Launched": 3,
          "Single Copy": false,
          "Plans": [
            {
              "Node Type": "Aggregate",
              "Strategy": "Plain",
              "Partial Mode": "Partial",
              "Parent Relationship": "Outer",
              "Parallel Aware": false,
              "Startup Cost": 8757.83,
              "Total Cost": 8757.84,
              "Plan Rows": 1,
              "Plan Width": 8,
              "Actual Startup Time": 35.237,
              "Actual Total Time": 35.237,
              "Actual Rows": 1,
              "Actual Loops": 4,
              "Plans": [
                {
                  "Node Type": "Index Scan",
                  "Parent Relationship": "Outer",
                  "Parallel Aware": true,
                  "Scan Direction": "Forward",
                  "Index Name": "role_id_cast_info",
                  "Relation Name": "cast_info",
                  "Alias": "ci",
                  "Startup Cost": 0.56,
                  "Total Cost": 8600.37,
                  "Plan Rows": 62982,
                  "Plan Width": 0,
                  "Actual Startup Time": 0.147,
                  "Actual Total Time": 29.293,
                  "Actual Rows": 66756,
                  "Actual Loops": 4,
                  "Index Cond": "(role_id > 10)",
                  "Rows Removed by Index Recheck": 0,
                  "Filter": "(person_id > 1232399)",
                  "Rows Removed by Filter": 12273
                }
              ]
            }
          ]
        }
      ]
    },
    "Planning Time": 0.304,
    "Triggers": [],
    "Execution Time": 44.976
  }
]