[
  {
    "Plan": {
      "Node Type": "Aggregate",
      "Strategy": "Plain",
      "Partial Mode": "Finalize",
      "Parallel Aware": false,
      "Startup Cost": 79539.12,
      "Total Cost": 79539.13,
      "Plan Rows": 1,
      "Plan Width": 8,
      "Actual Startup Time": 444.216,
      "Actual Total Time": 502.336,
      "Actual Rows": 1,
      "Actual Loops": 1,
      "Plans": [
        {
          "Node Type": "Gather",
          "Parent Relationship": "Outer",
          "Parallel Aware": false,
          "Startup Cost": 79538.81,
          "Total Cost": 79539.12,
          "Plan Rows": 3,
          "Plan Width": 8,
          "Actual Startup Time": 442.969,
          "Actual Total Time": 502.326,
          "Actual Rows": 4,
          "Actual Loops": 1,
          "Workers Planned": 3,
          "Workers Launched": 3,
          "Single Copy": false,
          "Plans": [
            {
              "Node Type": "Aggregate",
              "Strategy": "Plain",
              "Partial Mode": "Partial",
              "Parent Relationship": "Outer",
              "Parallel Aware": false,
              "Startup Cost": 78538.81,
              "Total Cost": 78538.82,
              "Plan Rows": 1,
              "Plan Width": 8,
              "Actual Startup Time": 433.216,
              "Actual Total Time": 433.218,
              "Actual Rows": 1,
              "Actual Loops": 4,
              "Plans": [
                {
                  "Node Type": "Nested Loop",
                  "Parent Relationship": "Outer",
                  "Parallel Aware": false,
                  "Join Type": "Inner",
                  "Startup Cost": 252.36,
                  "Total Cost": 78438.41,
                  "Plan Rows": 40158,
                  "Plan Width": 0,
                  "Actual Startup Time": 2.317,
                  "Actual Total Time": 422.665,
                  "Actual Rows": 192929,
                  "Actual Loops": 4,
                  "Inner Unique": false,
                  "Plans": [
                    {
                      "Node Type": "Nested Loop",
                      "Parent Relationship": "Outer",
                      "Parallel Aware": false,
                      "Join Type": "Inner",
                      "Startup Cost": 251.8,
                      "Total Cost": 68910.62,
                      "Plan Rows": 4451,
                      "Plan Width": 8,
                      "Actual Startup Time": 2.08,
                      "Actual Total Time": 29.461,
                      "Actual Rows": 4551,
                      "Actual Loops": 4,
                      "Inner Unique": true,
                      "Plans": [
                        {
                          "Node Type": "Bitmap Heap Scan",
                          "Parent Relationship": "Outer",
                          "Parallel Aware": true,
                          "Relation Name": "movie_info",
                          "Alias": "mi",
                          "Startup Cost": 251.37,
                          "Total Cost": 41897.97,
                          "Plan Rows": 4451,
                          "Plan Width": 4,
                          "Actual Startup Time": 1.875,
                          "Actual Total Time": 3.685,
                          "Actual Rows": 4551,
                          "Actual Loops": 4,
                          "Recheck Cond": "(info_type_id = 11)",
                          "Rows Removed by Index Recheck": 0,
                          "Exact Heap Blocks": 299,
                          "Lossy Heap Blocks": 0,
                          "Plans": [
                            {
                              "Node Type": "Bitmap Index Scan",
                              "Parent Relationship": "Outer",
                              "Parallel Aware": false,
                              "Index Name": "info_type_id_movie_info",
                              "Startup Cost": 0.0,
                              "Total Cost": 247.92,
                              "Plan Rows": 13798,
                              "Plan Width": 0,
                              "Actual Startup Time": 6.704,
                              "Actual Total Time": 6.705,
                              "Actual Rows": 18205,
                              "Actual Loops": 1,
                              "Index Cond": "(info_type_id = 11)"
                            }
                          ]
                        },
                        {
                          "Node Type": "Index Only Scan",
                          "Parent Relationship": "Inner",
                          "Parallel Aware": false,
                          "Scan Direction": "Forward",
                          "Index Name": "title_pkey",
                          "Relation Name": "title",
                          "Alias": "t",
                          "Startup Cost": 0.43,
                          "Total Cost": 6.07,
                          "Plan Rows": 1,
                          "Plan Width": 4,
                          "Actual Startup Time": 0.005,
                          "Actual Total Time": 0.005,
                          "Actual Rows": 1,
                          "Actual Loops": 18205,
                          "Index Cond": "(id = mi.movie_id)",
                          "Rows Removed by Index Recheck": 0,
                          "Heap Fetches": 18205
                        }
                      ]
                    },
                    {
                      "Node Type": "Index Scan",
                      "Parent Relationship": "Inner",
                      "Parallel Aware": false,
                      "Scan Direction": "Forward",
                      "Index Name": "movie_id_cast_info",
                      "Relation Name": "cast_info",
                      "Alias": "ci",
                      "Startup Cost": 0.56,
                      "Total Cost": 1.91,
                      "Plan Rows": 23,
                      "Plan Width": 4,
                      "Actual Startup Time": 0.008,
                      "Actual Total Time": 0.083,
                      "Actual Rows": 42,
                      "Actual Loops": 18205,
                      "Index Cond": "(movie_id = t.id)",
                      "Rows Removed by Index Recheck": 0,
                      "Filter": "(person_id < 2333947)",
                      "Rows Removed by Filter": 22
                    }
                  ]
                }
              ]
            }
          ]
        }
      ]
    },
    "Planning Time": 1.387,
    "Triggers": [],
    "Execution Time": 502.469
  }
]