{
    "Plan": {
        "Node Type": "Aggregate",
        "Strategy": "Plain",
        "Partial Mode": "Finalize",
        "Parallel Aware": false,
        "Startup Cost": 55480.78,
        "Total Cost": 55480.79,
        "Plan Rows": 1,
        "Plan Width": 8,
        "Actual Startup Time": 96.995,
        "Actual Total Time": 108.319,
        "Actual Rows": 1,
        "Actual Loops": 1,
        "Output": [
            "count(*)"
        ],
        "Plans": [
            {
                "Node Type": "Gather",
                "Parent Relationship": "Outer",
                "Parallel Aware": false,
                "Startup Cost": 55480.36,
                "Total Cost": 55480.77,
                "Plan Rows": 4,
                "Plan Width": 8,
                "Actual Startup Time": 96.844,
                "Actual Total Time": 108.309,
                "Actual Rows": 5,
                "Actual Loops": 1,
                "Output": [
                    "(PARTIAL count(*))"
                ],
                "Workers Planned": 4,
                "Workers Launched": 4,
                "Single Copy": false,
                "Plans": [
                    {
                        "Node Type": "Aggregate",
                        "Strategy": "Plain",
                        "Partial Mode": "Partial",
                        "Parent Relationship": "Outer",
                        "Parallel Aware": false,
                        "Startup Cost": 54480.36,
                        "Total Cost": 54480.37,
                        "Plan Rows": 1,
                        "Plan Width": 8,
                        "Actual Startup Time": 86.474,
                        "Actual Total Time": 86.477,
                        "Actual Rows": 1,
                        "Actual Loops": 5,
                        "Output": [
                            "PARTIAL count(*)"
                        ],
                        "Workers": [
                            {
                                "Worker Number": 0,
                                "Actual Startup Time": 83.823,
                                "Actual Total Time": 83.826,
                                "Actual Rows": 1,
                                "Actual Loops": 1
                            },
                            {
                                "Worker Number": 1,
                                "Actual Startup Time": 83.521,
                                "Actual Total Time": 83.523,
                                "Actual Rows": 1,
                                "Actual Loops": 1
                            },
                            {
                                "Worker Number": 2,
                                "Actual Startup Time": 84.51,
                                "Actual Total Time": 84.513,
                                "Actual Rows": 1,
                                "Actual Loops": 1
                            },
                            {
                                "Worker Number": 3,
                                "Actual Startup Time": 84.603,
                                "Actual Total Time": 84.605,
                                "Actual Rows": 1,
                                "Actual Loops": 1
                            }
                        ],
                        "Plans": [
                            {
                                "Node Type": "Nested Loop",
                                "Parent Relationship": "Outer",
                                "Parallel Aware": false,
                                "Join Type": "Inner",
                                "Startup Cost": 0.86,
                                "Total Cost": 54478.32,
                                "Plan Rows": 816,
                                "Plan Width": 0,
                                "Actual Startup Time": 19.418,
                                "Actual Total Time": 86.455,
                                "Actual Rows": 108,
                                "Actual Loops": 5,
                                "Inner Unique": false,
                                "Join Filter": "(t.id = mc.movie_id)",
                                "Rows Removed by Join Filter": 0,
                                "Workers": [
                                    {
                                        "Worker Number": 0,
                                        "Actual Startup Time": 25.217,
                                        "Actual Total Time": 83.811,
                                        "Actual Rows": 25,
                                        "Actual Loops": 1
                                    },
                                    {
                                        "Worker Number": 1,
                                        "Actual Startup Time": 23.411,
                                        "Actual Total Time": 83.498,
                                        "Actual Rows": 153,
                                        "Actual Loops": 1
                                    },
                                    {
                                        "Worker Number": 2,
                                        "Actual Startup Time": 12.007,
                                        "Actual Total Time": 84.491,
                                        "Actual Rows": 161,
                                        "Actual Loops": 1
                                    },
                                    {
                                        "Worker Number": 3,
                                        "Actual Startup Time": 0.636,
                                        "Actual Total Time": 84.579,
                                        "Actual Rows": 106,
                                        "Actual Loops": 1
                                    }
                                ],
                                "Plans": [
                                    {
                                        "Node Type": "Nested Loop",
                                        "Parent Relationship": "Outer",
                                        "Parallel Aware": false,
                                        "Join Type": "Inner",
                                        "Startup Cost": 0.43,
                                        "Total Cost": 53543.9,
                                        "Plan Rows": 1577,
                                        "Plan Width": 8,
                                        "Actual Startup Time": 3.541,
                                        "Actual Total Time": 84.991,
                                        "Actual Rows": 195,
                                        "Actual Loops": 5,
                                        "Output": [
                                            "t.id",
                                            "mk.movie_id"
                                        ],
                                        "Inner Unique": false,
                                        "Workers": [
                                            {
                                                "Worker Number": 0,
                                                "Actual Startup Time": 2.974,
                                                "Actual Total Time": 82.471,
                                                "Actual Rows": 105,
                                                "Actual Loops": 1
                                            },
                                            {
                                                "Worker Number": 1,
                                                "Actual Startup Time": 1.971,
                                                "Actual Total Time": 81.66,
                                                "Actual Rows": 229,
                                                "Actual Loops": 1
                                            },
                                            {
                                                "Worker Number": 2,
                                                "Actual Startup Time": 5.623,
                                                "Actual Total Time": 83.074,
                                                "Actual Rows": 178,
                                                "Actual Loops": 1
                                            },
                                            {
                                                "Worker Number": 3,
                                                "Actual Startup Time": 0.456,
                                                "Actual Total Time": 82.722,
                                                "Actual Rows": 189,
                                                "Actual Loops": 1
                                            }
                                        ],
                                        "Plans": [
                                            {
                                                "Node Type": "Seq Scan",
                                                "Parent Relationship": "Outer",
                                                "Parallel Aware": true,
                                                "Relation Name": "title",
                                                "Schema": "public",
                                                "Alias": "t",
                                                "Startup Cost": 0.0,
                                                "Total Cost": 45479.21,
                                                "Plan Rows": 882,
                                                "Plan Width": 4,
                                                "Actual Startup Time": 0.278,
                                                "Actual Total Time": 81.406,
                                                "Actual Rows": 583,
                                                "Actual Loops": 5,
                                                "Output": [
                                                    "t.id",
                                                    "t.title",
                                                    "t.imdb_index",
                                                    "t.kind_id",
                                                    "t.production_year",
                                                    "t.imdb_id",
                                                    "t.phonetic_code",
                                                    "t.episode_of_id",
                                                    "t.season_nr",
                                                    "t.episode_nr",
                                                    "t.series_years",
                                                    "t.md5sum"
                                                ],
                                                "Filter": "((t.kind_id = 7) AND (t.production_year = 1951))",
                                                "Rows Removed by Filter": 505079,
                                                "Workers": [
                                                    {
                                                        "Worker Number": 0,
                                                        "Actual Startup Time": 0.065,
                                                        "Actual Total Time": 78.802,
                                                        "Actual Rows": 521,
                                                        "Actual Loops": 1
                                                    },
                                                    {
                                                        "Worker Number": 1,
                                                        "Actual Startup Time": 0.405,
                                                        "Actual Total Time": 77.599,
                                                        "Actual Rows": 489,
                                                        "Actual Loops": 1
                                                    },
                                                    {
                                                        "Worker Number": 2,
                                                        "Actual Startup Time": 0.646,
                                                        "Actual Total Time": 79.277,
                                                        "Actual Rows": 549,
                                                        "Actual Loops": 1
                                                    },
                                                    {
                                                        "Worker Number": 3,
                                                        "Actual Startup Time": 0.247,
                                                        "Actual Total Time": 78.695,
                                                        "Actual Rows": 416,
                                                        "Actual Loops": 1
                                                    }
                                                ]
                                            },
                                            {
                                                "Node Type": "Index Only Scan",
                                                "Parent Relationship": "Inner",
                                                "Parallel Aware": false,
                                                "Scan Direction": "Forward",
                                                "Index Name": "movie_id_movie_keyword",
                                                "Relation Name": "movie_keyword",
                                                "Schema": "public",
                                                "Alias": "mk",
                                                "Startup Cost": 0.43,
                                                "Total Cost": 8.68,
                                                "Plan Rows": 46,
                                                "Plan Width": 4,
                                                "Actual Startup Time": 0.005,
                                                "Actual Total Time": 0.005,
                                                "Actual Rows": 0,
                                                "Actual Loops": 2915,
                                                "Output": [
                                                    "mk.movie_id"
                                                ],
                                                "Index Cond": "(mk.movie_id = t.id)",
                                                "Rows Removed by Index Recheck": 0,
                                                "Heap Fetches": 976,
                                                "Workers": [
                                                    {
                                                        "Worker Number": 0,
                                                        "Actual Startup Time": 0.006,
                                                        "Actual Total Time": 0.006,
                                                        "Actual Rows": 0,
                                                        "Actual Loops": 521
                                                    },
                                                    {
                                                        "Worker Number": 1,
                                                        "Actual Startup Time": 0.007,
                                                        "Actual Total Time": 0.008,
                                                        "Actual Rows": 0,
                                                        "Actual Loops": 489
                                                    },
                                                    {
                                                        "Worker Number": 2,
                                                        "Actual Startup Time": 0.006,
                                                        "Actual Total Time": 0.006,
                                                        "Actual Rows": 0,
                                                        "Actual Loops": 549
                                                    },
                                                    {
                                                        "Worker Number": 3,
                                                        "Actual Startup Time": 0.008,
                                                        "Actual Total Time": 0.009,
                                                        "Actual Rows": 0,
                                                        "Actual Loops": 416
                                                    }
                                                ]
                                            }
                                        ]
                                    },
                                    {
                                        "Node Type": "Index Scan",
                                        "Parent Relationship": "Inner",
                                        "Parallel Aware": false,
                                        "Scan Direction": "Forward",
                                        "Index Name": "movie_id_movie_companies",
                                        "Relation Name": "movie_companies",
                                        "Schema": "public",
                                        "Alias": "mc",
                                        "Startup Cost": 0.43,
                                        "Total Cost": 0.56,
                                        "Plan Rows": 3,
                                        "Plan Width": 4,
                                        "Actual Startup Time": 0.007,
                                        "Actual Total Time": 0.007,
                                        "Actual Rows": 1,
                                        "Actual Loops": 976,
                                        "Output": [
                                            "mc.id",
                                            "mc.movie_id",
                                            "mc.company_id",
                                            "mc.company_type_id",
                                            "mc.note"
                                        ],
                                        "Index Cond": "(mc.movie_id = mk.movie_id)",
                                        "Rows Removed by Index Recheck": 0,
                                        "Filter": "(mc.company_id > 11264)",
                                        "Rows Removed by Filter": 2,
                                        "Workers": [
                                            {
                                                "Worker Number": 0,
                                                "Actual Startup Time": 0.012,
                                                "Actual Total Time": 0.012,
                                                "Actual Rows": 0,
                                                "Actual Loops": 105
                                            },
                                            {
                                                "Worker Number": 1,
                                                "Actual Startup Time": 0.007,
                                                "Actual Total Time": 0.008,
                                                "Actual Rows": 1,
                                                "Actual Loops": 229
                                            },
                                            {
                                                "Worker Number": 2,
                                                "Actual Startup Time": 0.007,
                                                "Actual Total Time": 0.008,
                                                "Actual Rows": 1,
                                                "Actual Loops": 178
                                            },
                                            {
                                                "Worker Number": 3,
                                                "Actual Startup Time": 0.009,
                                                "Actual Total Time": 0.009,
                                                "Actual Rows": 1,
                                                "Actual Loops": 189
                                            }
                                        ]
                                    }
                                ]
                            }
                        ]
                    }
                ]
            }
        ]
    },
    "Planning Time": 1.628,
    "Triggers": [],
    "Execution Time": 108.409
}