{
  "Plan": {
    "Node Type": "Aggregate",
    "Strategy": "Plain",
    "Partial Mode": "Simple",
    "Parallel Aware": false,
    "Startup Cost": 1049439.14,
    "Total Cost": 1049439.15,
    "Plan Rows": 1,
    "Plan Width": 192,
    "Actual Startup Time": 6702.716,
    "Actual Total Time": 6702.942,
    "Actual Rows": 1,
    "Actual Loops": 1,
    "Plans": [
      {
        "Node Type": "Merge Join",
        "Parent Relationship": "Outer",
        "Parallel Aware": false,
        "Join Type": "Inner",
        "Startup Cost": 1049439.1,
        "Total Cost": 1049439.12,
        "Plan Rows": 1,
        "Plan Width": 84,
        "Actual Startup Time": 6702.703,
        "Actual Total Time": 6702.929,
        "Actual Rows": 4,
        "Actual Loops": 1,
        "Inner Unique": true,
        "Merge Cond": "(t1.kind_id = kt1.id)",
        "Plans": [
          {
            "Node Type": "Sort",
            "Parent Relationship": "Outer",
            "Parallel Aware": false,
            "Startup Cost": 1049438.0,
            "Total Cost": 1049438.0,
            "Plan Rows": 1,
            "Plan Width": 88,
            "Actual Startup Time": 6702.666,
            "Actual Total Time": 6702.891,
            "Actual Rows": 4,
            "Actual Loops": 1,
            "Sort Key": [
              "t1.kind_id"
            ],
            "Sort Method": "quicksort",
            "Sort Space Used": 25,
            "Sort Space Type": "Memory",
            "Plans": [
              {
                "Node Type": "Merge Join",
                "Parent Relationship": "Outer",
                "Parallel Aware": false,
                "Join Type": "Inner",
                "Startup Cost": 1049428.55,
                "Total Cost": 1049437.99,
                "Plan Rows": 1,
                "Plan Width": 88,
                "Actual Startup Time": 6702.49,
                "Actual Total Time": 6702.847,
                "Actual Rows": 4,
                "Actual Loops": 1,
                "Inner Unique": false,
                "Merge Cond": "(t1.id = ml.movie_id)",
                "Plans": [
                  {
                    "Node Type": "Sort",
                    "Parent Relationship": "Outer",
                    "Parallel Aware": false,
                    "Startup Cost": 348298.21,
                    "Total Cost": 348360.38,
                    "Plan Rows": 24870,
                    "Plan Width": 48,
                    "Actual Startup Time": 2789.748,
                    "Actual Total Time": 2790.044,
                    "Actual Rows": 898,
                    "Actual Loops": 1,
                    "Sort Key": [
                      "mc1.movie_id"
                    ],
                    "Sort Method": "quicksort",
                    "Sort Space Used": 7884,
                    "Sort Space Type": "Memory",
                    "Plans": [
                      {
                        "Node Type": "Gather",
                        "Parent Relationship": "Outer",
                        "Parallel Aware": false,
                        "Startup Cost": 339824.41,
                        "Total Cost": 346482.43,
                        "Plan Rows": 24870,
                        "Plan Width": 48,
                        "Actual Startup Time": 2572.075,
                        "Actual Total Time": 2768.849,
                        "Actual Rows": 56410,
                        "Actual Loops": 1,
                        "Workers Planned": 3,
                        "Workers Launched": 3,
                        "Single Copy": false,
                        "Plans": [
                          {
                            "Node Type": "Merge Join",
                            "Parent Relationship": "Outer",
                            "Parallel Aware": false,
                            "Join Type": "Inner",
                            "Startup Cost": 338824.41,
                            "Total Cost": 342995.43,
                            "Plan Rows": 8023,
                            "Plan Width": 48,
                            "Actual Startup Time": 2564.251,
                            "Actual Total Time": 2713.714,
                            "Actual Rows": 14102,
                            "Actual Loops": 4,
                            "Inner Unique": true,
                            "Merge Cond": "(mc1.company_id = cn1.id)",
                            "Plans": [
                              {
                                "Node Type": "Sort",
                                "Parent Relationship": "Outer",
                                "Parallel Aware": false,
                                "Startup Cost": 332638.62,
                                "Total Cost": 334742.76,
                                "Plan Rows": 841655,
                                "Plan Width": 33,
                                "Actual Startup Time": 2529.049,
                                "Actual Total Time": 2632.025,
                                "Actual Rows": 652207,
                                "Actual Loops": 4,
                                "Sort Key": [
                                  "mc1.company_id"
                                ],
                                "Sort Method": "quicksort",
                                "Sort Space Used": 78253,
                                "Sort Space Type": "Memory",
                                "Workers": [
                                  {
                                    "Worker Number": 0,
                                    "Sort Method": "quicksort",
                                    "Sort Space Used": 94019,
                                    "Sort Space Type": "Memory"
                                  },
                                  {
                                    "Worker Number": 1,
                                    "Sort Method": "quicksort",
                                    "Sort Space Used": 72382,
                                    "Sort Space Type": "Memory"
                                  },
                                  {
                                    "Worker Number": 2,
                                    "Sort Method": "quicksort",
                                    "Sort Space Used": 73325,
                                    "Sort Space Type": "Memory"
                                  }
                                ],
                                "Plans": [
                                  {
                                    "Node Type": "Merge Join",
                                    "Parent Relationship": "Outer",
                                    "Parallel Aware": false,
                                    "Join Type": "Inner",
                                    "Startup Cost": 3.58,
                                    "Total Cost": 249807.69,
                                    "Plan Rows": 841655,
                                    "Plan Width": 33,
                                    "Actual Startup Time": 13.334,
                                    "Actual Total Time": 2278.276,
                                    "Actual Rows": 652282,
                                    "Actual Loops": 4,
                                    "Inner Unique": true,
                                    "Merge Cond": "(mc1.movie_id = t1.id)",
                                    "Plans": [
                                      {
                                        "Node Type": "Index Scan",
                                        "Parent Relationship": "Outer",
                                        "Parallel Aware": true,
                                        "Scan Direction": "Forward",
                                        "Index Name": "movie_id_movie_companies",
                                        "Relation Name": "movie_companies",
                                        "Alias": "mc1",
                                        "Startup Cost": 0.43,
                                        "Total Cost": 122730.02,
                                        "Plan Rows": 841655,
                                        "Plan Width": 8,
                                        "Actual Startup Time": 0.165,
                                        "Actual Total Time": 286.46,
                                        "Actual Rows": 652282,
                                        "Actual Loops": 4
                                      },
                                      {
                                        "Node Type": "Index Scan",
                                        "Parent Relationship": "Inner",
                                        "Parallel Aware": false,
                                        "Scan Direction": "Forward",
                                        "Index Name": "title_pkey",
                                        "Relation Name": "title",
                                        "Alias": "t1",
                                        "Startup Cost": 0.43,
                                        "Total Cost": 110359.06,
                                        "Plan Rows": 2528509,
                                        "Plan Width": 25,
                                        "Actual Startup Time": 0.079,
                                        "Actual Total Time": 1662.934,
                                        "Actual Rows": 2525520,
                                        "Actual Loops": 4
                                      }
                                    ]
                                  }
                                ]
                              },
                              {
                                "Node Type": "Sort",
                                "Parent Relationship": "Inner",
                                "Parallel Aware": false,
                                "Startup Cost": 6057.11,
                                "Total Cost": 6062.71,
                                "Plan Rows": 2240,
                                "Plan Width": 23,
                                "Actual Startup Time": 31.78,
                                "Actual Total Time": 32.164,
                                "Actual Rows": 2340,
                                "Actual Loops": 4,
                                "Sort Key": [
                                  "cn1.id"
                                ],
                                "Sort Method": "quicksort",
                                "Sort Space Used": 261,
                                "Sort Space Type": "Memory",
                                "Workers": [
                                  {
                                    "Worker Number": 0,
                                    "Sort Method": "quicksort",
                                    "Sort Space Used": 261,
                                    "Sort Space Type": "Memory"
                                  },
                                  {
                                    "Worker Number": 1,
                                    "Sort Method": "quicksort",
                                    "Sort Space Used": 261,
                                    "Sort Space Type": "Memory"
                                  },
                                  {
                                    "Worker Number": 2,
                                    "Sort Method": "quicksort",
                                    "Sort Space Used": 261,
                                    "Sort Space Type": "Memory"
                                  }
                                ],
                                "Plans": [
                                  {
                                    "Node Type": "Seq Scan",
                                    "Parent Relationship": "Outer",
                                    "Parallel Aware": false,
                                    "Relation Name": "company_name",
                                    "Alias": "cn1",
                                    "Startup Cost": 0.0,
                                    "Total Cost": 5932.46,
                                    "Plan Rows": 2240,
                                    "Plan Width": 23,
                                    "Actual Startup Time": 0.066,
                                    "Actual Total Time": 30.825,
                                    "Actual Rows": 2340,
                                    "Actual Loops": 4,
                                    "Filter": "((country_code)::text = '[nl]'::text)",
                                    "Rows Removed by Filter": 232657
                                  }
                                ]
                              }
                            ]
                          }
                        ]
                      }
                    ]
                  },
                  {
                    "Node Type": "Sort",
                    "Parent Relationship": "Inner",
                    "Parallel Aware": false,
                    "Startup Cost": 701130.34,
                    "Total Cost": 701130.34,
                    "Plan Rows": 1,
                    "Plan Width": 56,
                    "Actual Startup Time": 3912.601,
                    "Actual Total Time": 3912.683,
                    "Actual Rows": 6,
                    "Actual Loops": 1,
                    "Sort Key": [
                      "mi_idx1.movie_id"
                    ],
                    "Sort Method": "quicksort",
                    "Sort Space Used": 25,
                    "Sort Space Type": "Memory",
                    "Plans": [
                      {
                        "Node Type": "Merge Join",
                        "Parent Relationship": "Outer",
                        "Parallel Aware": false,
                        "Join Type": "Inner",
                        "Startup Cost": 688084.67,
                        "Total Cost": 701130.33,
                        "Plan Rows": 1,
                        "Plan Width": 56,
                        "Actual Startup Time": 3885.008,
                        "Actual Total Time": 3912.664,
                        "Actual Rows": 6,
                        "Actual Loops": 1,
                        "Inner Unique": false,
                        "Merge Cond": "(mc2.movie_id = t2.id)",
                        "Plans": [
                          {
                            "Node Type": "Sort",
                            "Parent Relationship": "Outer",
                            "Parallel Aware": false,
                            "Startup Cost": 453655.67,
                            "Total Cost": 460178.5,
                            "Plan Rows": 2609129,
                            "Plan Width": 23,
                            "Actual Startup Time": 2881.213,
                            "Actual Total Time": 2895.54,
                            "Actual Rows": 216198,
                            "Actual Loops": 1,
                            "Sort Key": [
                              "mc2.movie_id"
                            ],
                            "Sort Method": "quicksort",
                            "Sort Space Used": 288419,
                            "Sort Space Type": "Memory",
                            "Plans": [
                              {
                                "Node Type": "Merge Join",
                                "Parent Relationship": "Outer",
                                "Parallel Aware": false,
                                "Join Type": "Inner",
                                "Startup Cost": 4190.88,
                                "Total Cost": 175585.97,
                                "Plan Rows": 2609129,
                                "Plan Width": 23,
                                "Actual Startup Time": 0.056,
                                "Actual Total Time": 1981.329,
                                "Actual Rows": 2609129,
                                "Actual Loops": 1,
                                "Inner Unique": false,
                                "Merge Cond": "(cn2.id = mc2.company_id)",
                                "Plans": [
                                  {
                                    "Node Type": "Index Scan",
                                    "Parent Relationship": "Outer",
                                    "Parallel Aware": false,
                                    "Scan Direction": "Forward",
                                    "Index Name": "company_name_pkey",
                                    "Relation Name": "company_name",
                                    "Alias": "cn2",
                                    "Startup Cost": 0.42,
                                    "Total Cost": 11881.93,
                                    "Plan Rows": 234997,
                                    "Plan Width": 23,
                                    "Actual Startup Time": 0.034,
                                    "Actual Total Time": 162.799,
                                    "Actual Rows": 234997,
                                    "Actual Loops": 1
                                  },
                                  {
                                    "Node Type": "Index Scan",
                                    "Parent Relationship": "Inner",
                                    "Parallel Aware": false,
                                    "Scan Direction": "Forward",
                                    "Index Name": "company_id_movie_companies",
                                    "Relation Name": "movie_companies",
                                    "Alias": "mc2",
                                    "Startup Cost": 0.43,
                                    "Total Cost": 130510.28,
                                    "Plan Rows": 2609129,
                                    "Plan Width": 8,
                                    "Actual Startup Time": 0.016,
                                    "Actual Total Time": 1486.547,
                                    "Actual Rows": 2609129,
                                    "Actual Loops": 1
                                  }
                                ]
                              }
                            ]
                          },
                          {
                            "Node Type": "Sort",
                            "Parent Relationship": "Inner",
                            "Parallel Aware": false,
                            "Startup Cost": 234428.99,
                            "Total Cost": 234429.0,
                            "Plan Rows": 1,
                            "Plan Width": 49,
                            "Actual Startup Time": 1001.382,
                            "Actual Total Time": 1001.458,
                            "Actual Rows": 5,
                            "Actual Loops": 1,
                            "Sort Key": [
                              "mi_idx2.movie_id"
                            ],
                            "Sort Method": "quicksort",
                            "Sort Space Used": 25,
                            "Sort Space Type": "Memory",
                            "Plans": [
                              {
                                "Node Type": "Merge Join",
                                "Parent Relationship": "Outer",
                                "Parallel Aware": false,
                                "Join Type": "Inner",
                                "Startup Cost": 234426.31,
                                "Total Cost": 234428.98,
                                "Plan Rows": 1,
                                "Plan Width": 49,
                                "Actual Startup Time": 1000.998,
                                "Actual Total Time": 1001.441,
                                "Actual Rows": 2,
                                "Actual Loops": 1,
                                "Inner Unique": false,
                                "Merge Cond": "(mi_idx1.movie_id = ml.movie_id)",
                                "Plans": [
                                  {
                                    "Node Type": "Sort",
                                    "Parent Relationship": "Outer",
                                    "Parallel Aware": false,
                                    "Startup Cost": 68521.62,
                                    "Total Cost": 68552.15,
                                    "Plan Rows": 12213,
                                    "Plan Width": 10,
                                    "Actual Startup Time": 445.516,
                                    "Actual Total Time": 445.756,
                                    "Actual Rows": 7157,
                                    "Actual Loops": 1,
                                    "Sort Key": [
                                      "mi_idx1.movie_id"
                                    ],
                                    "Sort Method": "quicksort",
                                    "Sort Space Used": 33847,
                                    "Sort Space Type": "Memory",
                                    "Plans": [
                                      {
                                        "Node Type": "Merge Join",
                                        "Parent Relationship": "Outer",
                                        "Parallel Aware": false,
                                        "Join Type": "Inner",
                                        "Startup Cost": 14.55,
                                        "Total Cost": 67692.59,
                                        "Plan Rows": 12213,
                                        "Plan Width": 10,
                                        "Actual Startup Time": 206.339,
                                        "Actual Total Time": 337.392,
                                        "Actual Rows": 459925,
                                        "Actual Loops": 1,
                                        "Inner Unique": false,
                                        "Merge Cond": "(it1.id = mi_idx1.info_type_id)",
                                        "Plans": [
                                          {
                                            "Node Type": "Index Scan",
                                            "Parent Relationship": "Outer",
                                            "Parallel Aware": false,
                                            "Scan Direction": "Forward",
                                            "Index Name": "info_type_pkey",
                                            "Relation Name": "info_type",
                                            "Alias": "it1",
                                            "Startup Cost": 0.14,
                                            "Total Cost": 14.12,
                                            "Plan Rows": 1,
                                            "Plan Width": 4,
                                            "Actual Startup Time": 0.052,
                                            "Actual Total Time": 0.058,
                                            "Actual Rows": 1,
                                            "Actual Loops": 1,
                                            "Filter": "((info)::text = 'rating'::text COLLATE \"C\")",
                                            "Rows Removed by Filter": 112
                                          },
                                          {
                                            "Node Type": "Index Scan",
                                            "Parent Relationship": "Inner",
                                            "Parallel Aware": false,
                                            "Scan Direction": "Forward",
                                            "Index Name": "info_type_id_movie_info_idx",
                                            "Relation Name": "movie_info_idx",
                                            "Alias": "mi_idx1",
                                            "Startup Cost": 0.43,
                                            "Total Cost": 64106.25,
                                            "Plan Rows": 1380035,
                                            "Plan Width": 14,
                                            "Actual Startup Time": 0.055,
                                            "Actual Total Time": 221.934,
                                            "Actual Rows": 1379776,
                                            "Actual Loops": 1
                                          }
                                        ]
                                      }
                                    ]
                                  },
                                  {
                                    "Node Type": "Sort",
                                    "Parent Relationship": "Inner",
                                    "Parallel Aware": false,
                                    "Startup Cost": 165904.69,
                                    "Total Cost": 165904.69,
                                    "Plan Rows": 1,
                                    "Plan Width": 39,
                                    "Actual Startup Time": 555.24,
                                    "Actual Total Time": 555.311,
                                    "Actual Rows": 2,
                                    "Actual Loops": 1,
                                    "Sort Key": [
                                      "ml.movie_id"
                                    ],
                                    "Sort Method": "quicksort",
                                    "Sort Space Used": 25,
                                    "Sort Space Type": "Memory",
                                    "Plans": [
                                      {
                                        "Node Type": "Merge Join",
                                        "Parent Relationship": "Outer",
                                        "Parallel Aware": false,
                                        "Join Type": "Inner",
                                        "Startup Cost": 165896.13,
                                        "Total Cost": 165904.68,
                                        "Plan Rows": 1,
                                        "Plan Width": 39,
                                        "Actual Startup Time": 555.048,
                                        "Actual Total Time": 555.296,
                                        "Actual Rows": 2,
                                        "Actual Loops": 1,
                                        "Inner Unique": false,
                                        "Merge Cond": "(t2.id = ml.linked_movie_id)",
                                        "Plans": [
                                          {
                                            "Node Type": "Sort",
                                            "Parent Relationship": "Outer",
                                            "Parallel Aware": false,
                                            "Startup Cost": 164277.71,
                                            "Total Cost": 164277.82,
                                            "Plan Rows": 42,
                                            "Plan Width": 31,
                                            "Actual Startup Time": 553.414,
                                            "Actual Total Time": 553.495,
                                            "Actual Rows": 288,
                                            "Actual Loops": 1,
                                            "Sort Key": [
                                              "mi_idx2.movie_id"
                                            ],
                                            "Sort Method": "quicksort",
                                            "Sort Space Used": 48,
                                            "Sort Space Type": "Memory",
                                            "Plans": [
                                              {
                                                "Node Type": "Merge Join",
                                                "Parent Relationship": "Outer",
                                                "Parallel Aware": false,
                                                "Join Type": "Inner",
                                                "Startup Cost": 164252.7,
                                                "Total Cost": 164276.58,
                                                "Plan Rows": 42,
                                                "Plan Width": 31,
                                                "Actual Startup Time": 553.293,
                                                "Actual Total Time": 553.407,
                                                "Actual Rows": 288,
                                                "Actual Loops": 1,
                                                "Inner Unique": false,
                                                "Merge Cond": "(it2.id = mi_idx2.info_type_id)",
                                                "Plans": [
                                                  {
                                                    "Node Type": "Sort",
                                                    "Parent Relationship": "Outer",
                                                    "Parallel Aware": false,
                                                    "Startup Cost": 2.42,
                                                    "Total Cost": 2.43,
                                                    "Plan Rows": 1,
                                                    "Plan Width": 4,
                                                    "Actual Startup Time": 0.034,
                                                    "Actual Total Time": 0.036,
                                                    "Actual Rows": 1,
                                                    "Actual Loops": 1,
                                                    "Sort Key": [
                                                      "it2.id"
                                                    ],
                                                    "Sort Method": "quicksort",
                                                    "Sort Space Used": 25,
                                                    "Sort Space Type": "Memory",
                                                    "Plans": [
                                                      {
                                                        "Node Type": "Seq Scan",
                                                        "Parent Relationship": "Outer",
                                                        "Parallel Aware": false,
                                                        "Relation Name": "info_type",
                                                        "Alias": "it2",
                                                        "Startup Cost": 0.0,
                                                        "Total Cost": 2.41,
                                                        "Plan Rows": 1,
                                                        "Plan Width": 4,
                                                        "Actual Startup Time": 0.029,
                                                        "Actual Total Time": 0.031,
                                                        "Actual Rows": 1,
                                                        "Actual Loops": 1,
                                                        "Filter": "((info)::text = 'rating'::text COLLATE \"C\")",
                                                        "Rows Removed by Filter": 112
                                                      }
                                                    ]
                                                  },
                                                  {
                                                    "Node Type": "Sort",
                                                    "Parent Relationship": "Inner",
                                                    "Parallel Aware": false,
                                                    "Startup Cost": 164250.27,
                                                    "Total Cost": 164262.0,
                                                    "Plan Rows": 4693,
                                                    "Plan Width": 35,
                                                    "Actual Startup Time": 553.002,
                                                    "Actual Total Time": 553.175,
                                                    "Actual Rows": 2833,
                                                    "Actual Loops": 1,
                                                    "Sort Key": [
                                                      "mi_idx2.info_type_id"
                                                    ],
                                                    "Sort Method": "quicksort",
                                                    "Sort Space Used": 340,
                                                    "Sort Space Type": "Memory",
                                                    "Plans": [
                                                      {
                                                        "Node Type": "Merge Join",
                                                        "Parent Relationship": "Outer",
                                                        "Parallel Aware": false,
                                                        "Join Type": "Inner",
                                                        "Startup Cost": 160435.81,
                                                        "Total Cost": 163964.08,
                                                        "Plan Rows": 4693,
                                                        "Plan Width": 35,
                                                        "Actual Startup Time": 489.682,
                                                        "Actual Total Time": 552.27,
                                                        "Actual Rows": 2833,
                                                        "Actual Loops": 1,
                                                        "Inner Unique": false,
                                                        "Merge Cond": "(t2.id = mi_idx2.movie_id)",
                                                        "Plans": [
                                                          {
                                                            "Node Type": "Sort",
                                                            "Parent Relationship": "Outer",
                                                            "Parallel Aware": false,
                                                            "Startup Cost": 69499.15,
                                                            "Total Cost": 69542.86,
                                                            "Plan Rows": 17483,
                                                            "Plan Width": 21,
                                                            "Actual Startup Time": 145.978,
                                                            "Actual Total Time": 146.452,
                                                            "Actual Rows": 4057,
                                                            "Actual Loops": 1,
                                                            "Sort Key": [
                                                              "t2.id"
                                                            ],
                                                            "Sort Method": "quicksort",
                                                            "Sort Space Used": 384,
                                                            "Sort Space Type": "Memory",
                                                            "Plans": [
                                                              {
                                                                "Node Type": "Merge Join",
                                                                "Parent Relationship": "Outer",
                                                                "Parallel Aware": false,
                                                                "Join Type": "Inner",
                                                                "Startup Cost": 67480.42,
                                                                "Total Cost": 68267.15,
                                                                "Plan Rows": 17483,
                                                                "Plan Width": 21,
                                                                "Actual Startup Time": 142.976,
                                                                "Actual Total Time": 144.628,
                                                                "Actual Rows": 4058,
                                                                "Actual Loops": 1,
                                                                "Inner Unique": false,
                                                                "Merge Cond": "(kt2.id = t2.kind_id)",
                                                                "Plans": [
                                                                  {
                                                                    "Node Type": "Sort",
                                                                    "Parent Relationship": "Outer",
                                                                    "Parallel Aware": false,
                                                                    "Startup Cost": 1.1,
                                                                    "Total Cost": 1.1,
                                                                    "Plan Rows": 1,
                                                                    "Plan Width": 4,
                                                                    "Actual Startup Time": 0.019,
                                                                    "Actual Total Time": 0.021,
                                                                    "Actual Rows": 1,
                                                                    "Actual Loops": 1,
                                                                    "Sort Key": [
                                                                      "kt2.id"
                                                                    ],
                                                                    "Sort Method": "quicksort",
                                                                    "Sort Space Used": 25,
                                                                    "Sort Space Type": "Memory",
                                                                    "Plans": [
                                                                      {
                                                                        "Node Type": "Seq Scan",
                                                                        "Parent Relationship": "Outer",
                                                                        "Parallel Aware": false,
                                                                        "Relation Name": "kind_type",
                                                                        "Alias": "kt2",
                                                                        "Startup Cost": 0.0,
                                                                        "Total Cost": 1.09,
                                                                        "Plan Rows": 1,
                                                                        "Plan Width": 4,
                                                                        "Actual Startup Time": 0.007,
                                                                        "Actual Total Time": 0.008,
                                                                        "Actual Rows": 1,
                                                                        "Actual Loops": 1,
                                                                        "Filter": "((kind)::text = 'tv series'::text COLLATE \"C\")",
                                                                        "Rows Removed by Filter": 6
                                                                      }
                                                                    ]
                                                                  },
                                                                  {
                                                                    "Node Type": "Sort",
                                                                    "Parent Relationship": "Inner",
                                                                    "Parallel Aware": false,
                                                                    "Startup Cost": 67479.32,
                                                                    "Total Cost": 67785.27,
                                                                    "Plan Rows": 122380,
                                                                    "Plan Width": 25,
                                                                    "Actual Startup Time": 141.076,
                                                                    "Actual Total Time": 142.922,
                                                                    "Actual Rows": 21831,
                                                                    "Actual Loops": 1,
                                                                    "Sort Key": [
                                                                      "t2.kind_id"
                                                                    ],
                                                                    "Sort Method": "quicksort",
                                                                    "Sort Space Used": 12024,
                                                                    "Sort Space Type": "Memory",
                                                                    "Plans": [
                                                                      {
                                                                        "Node Type": "Gather",
                                                                        "Parent Relationship": "Outer",
                                                                        "Parallel Aware": false,
                                                                        "Startup Cost": 1000.0,
                                                                        "Total Cost": 57137.59,
                                                                        "Plan Rows": 122380,
                                                                        "Plan Width": 25,
                                                                        "Actual Startup Time": 0.483,
                                                                        "Actual Total Time": 117.624,
                                                                        "Actual Rows": 119565,
                                                                        "Actual Loops": 1,
                                                                        "Workers Planned": 4,
                                                                        "Workers Launched": 4,
                                                                        "Single Copy": false,
                                                                        "Plans": [
                                                                          {
                                                                            "Node Type": "Seq Scan",
                                                                            "Parent Relationship": "Outer",
                                                                            "Parallel Aware": true,
                                                                            "Relation Name": "title",
                                                                            "Alias": "t2",
                                                                            "Startup Cost": 0.0,
                                                                            "Total Cost": 43899.59,
                                                                            "Plan Rows": 30595,
                                                                            "Plan Width": 25,
                                                                            "Actual Startup Time": 0.066,
                                                                            "Actual Total Time": 112.562,
                                                                            "Actual Rows": 23913,
                                                                            "Actual Loops": 5,
                                                                            "Filter": "(production_year = 2007)",
                                                                            "Rows Removed by Filter": 481749
                                                                          }
                                                                        ]
                                                                      }
                                                                    ]
                                                                  }
                                                                ]
                                                              }
                                                            ]
                                                          },
                                                          {
                                                            "Node Type": "Sort",
                                                            "Parent Relationship": "Inner",
                                                            "Parallel Aware": false,
                                                            "Startup Cost": 90936.65,
                                                            "Total Cost": 92633.67,
                                                            "Plan Rows": 678805,
                                                            "Plan Width": 14,
                                                            "Actual Startup Time": 343.677,
                                                            "Actual Total Time": 368.161,
                                                            "Actual Rows": 674828,
                                                            "Actual Loops": 1,
                                                            "Sort Key": [
                                                              "mi_idx2.movie_id"
                                                            ],
                                                            "Sort Method": "quicksort",
                                                            "Sort Space Used": 69877,
                                                            "Sort Space Type": "Memory",
                                                            "Plans": [
                                                              {
                                                                "Node Type": "Seq Scan",
                                                                "Parent Relationship": "Outer",
                                                                "Parallel Aware": false,
                                                                "Relation Name": "movie_info_idx",
                                                                "Alias": "mi_idx2",
                                                                "Startup Cost": 0.0,
                                                                "Total Cost": 25185.44,
                                                                "Plan Rows": 678805,
                                                                "Plan Width": 14,
                                                                "Actual Startup Time": 0.03,
                                                                "Actual Total Time": 154.557,
                                                                "Actual Rows": 674828,
                                                                "Actual Loops": 1,
                                                                "Filter": "(info < '3.0'::text)",
                                                                "Rows Removed by Filter": 705207
                                                              }
                                                            ]
                                                          }
                                                        ]
                                                      }
                                                    ]
                                                  }
                                                ]
                                              }
                                            ]
                                          },
                                          {
                                            "Node Type": "Sort",
                                            "Parent Relationship": "Inner",
                                            "Parallel Aware": false,
                                            "Startup Cost": 1618.42,
                                            "Total Cost": 1622.58,
                                            "Plan Rows": 1666,
                                            "Plan Width": 8,
                                            "Actual Startup Time": 1.616,
                                            "Actual Total Time": 1.682,
                                            "Actual Rows": 1880,
                                            "Actual Loops": 1,
                                            "Sort Key": [
                                              "ml.linked_movie_id"
                                            ],
                                            "Sort Method": "quicksort",
                                            "Sort Space Used": 205,
                                            "Sort Space Type": "Memory",
                                            "Plans": [
                                              {
                                                "Node Type": "Merge Join",
                                                "Parent Relationship": "Outer",
                                                "Parallel Aware": false,
                                                "Join Type": "Inner",
                                                "Startup Cost": 0.42,
                                                "Total Cost": 1529.27,
                                                "Plan Rows": 1666,
                                                "Plan Width": 8,
                                                "Actual Startup Time": 0.091,
                                                "Actual Total Time": 1.017,
                                                "Actual Rows": 2315,
                                                "Actual Loops": 1,
                                                "Inner Unique": false,
                                                "Merge Cond": "(lt.id = ml.link_type_id)",
                                                "Plans": [
                                                  {
                                                    "Node Type": "Index Scan",
                                                    "Parent Relationship": "Outer",
                                                    "Parallel Aware": false,
                                                    "Scan Direction": "Forward",
                                                    "Index Name": "link_type_pkey",
                                                    "Relation Name": "link_type",
                                                    "Alias": "lt",
                                                    "Startup Cost": 0.14,
                                                    "Total Cost": 12.45,
                                                    "Plan Rows": 1,
                                                    "Plan Width": 4,
                                                    "Actual Startup Time": 0.032,
                                                    "Actual Total Time": 0.038,
                                                    "Actual Rows": 2,
                                                    "Actual Loops": 1,
                                                    "Filter": "((link)::text ~~ '%follow%'::text)",
                                                    "Rows Removed by Filter": 16
                                                  },
                                                  {
                                                    "Node Type": "Index Scan",
                                                    "Parent Relationship": "Inner",
                                                    "Parallel Aware": false,
                                                    "Scan Direction": "Forward",
                                                    "Index Name": "link_type_id_movie_link",
                                                    "Relation Name": "movie_link",
                                                    "Alias": "ml",
                                                    "Startup Cost": 0.29,
                                                    "Total Cost": 1425.16,
                                                    "Plan Rows": 29997,
                                                    "Plan Width": 12,
                                                    "Actual Startup Time": 0.056,
                                                    "Actual Total Time": 0.715,
                                                    "Actual Rows": 2316,
                                                    "Actual Loops": 1
                                                  }
                                                ]
                                              }
                                            ]
                                          }
                                        ]
                                      }
                                    ]
                                  }
                                ]
                              }
                            ]
                          }
                        ]
                      }
                    ]
                  }
                ]
              }
            ]
          },
          {
            "Node Type": "Sort",
            "Parent Relationship": "Inner",
            "Parallel Aware": false,
            "Startup Cost": 1.1,
            "Total Cost": 1.1,
            "Plan Rows": 1,
            "Plan Width": 4,
            "Actual Startup Time": 0.033,
            "Actual Total Time": 0.033,
            "Actual Rows": 1,
            "Actual Loops": 1,
            "Sort Key": [
              "kt1.id"
            ],
            "Sort Method": "quicksort",
            "Sort Space Used": 25,
            "Sort Space Type": "Memory",
            "Plans": [
              {
                "Node Type": "Seq Scan",
                "Parent Relationship": "Outer",
                "Parallel Aware": false,
                "Relation Name": "kind_type",
                "Alias": "kt1",
                "Startup Cost": 0.0,
                "Total Cost": 1.09,
                "Plan Rows": 1,
                "Plan Width": 4,
                "Actual Startup Time": 0.021,
                "Actual Total Time": 0.022,
                "Actual Rows": 1,
                "Actual Loops": 1,
                "Filter": "((kind)::text = 'tv series'::text COLLATE \"C\")",
                "Rows Removed by Filter": 6
              }
            ]
          }
        ]
      }
    ]
  },
  "Planning Time": 344.224,
  "Triggers": [],
  "Execution Time": 6736.5
}