[
  {
    "Plan": {
      "Node Type": "Aggregate",
      "Strategy": "Plain",
      "Partial Mode": "Finalize",
      "Parallel Aware": false,
      "Startup Cost": 63887.21,
      "Total Cost": 63887.22,
      "Plan Rows": 1,
      "Plan Width": 8,
      "Actual Startup Time": 272.824,
      "Actual Total Time": 287.762,
      "Actual Rows": 1,
      "Actual Loops": 1,
      "Plans": [
        {
          "Node Type": "Gather",
          "Parent Relationship": "Outer",
          "Parallel Aware": false,
          "Startup Cost": 63886.99,
          "Total Cost": 63887.2,
          "Plan Rows": 2,
          "Plan Width": 8,
          "Actual Startup Time": 271.175,
          "Actual Total Time": 287.756,
          "Actual Rows": 3,
          "Actual Loops": 1,
          "Workers Planned": 2,
          "Workers Launched": 2,
          "Single Copy": false,
          "Plans": [
            {
              "Node Type": "Aggregate",
              "Strategy": "Plain",
              "Partial Mode": "Partial",
              "Parent Relationship": "Outer",
              "Parallel Aware": false,
              "Startup Cost": 62886.99,
              "Total Cost": 62887.0,
              "Plan Rows": 1,
              "Plan Width": 8,
              "Actual Startup Time": 267.016,
              "Actual Total Time": 267.019,
              "Actual Rows": 1,
              "Actual Loops": 3,
              "Plans": [
                {
                  "Node Type": "Hash Join",
                  "Parent Relationship": "Outer",
                  "Parallel Aware": true,
                  "Join Type": "Inner",
                  "Startup Cost": 47165.01,
                  "Total Cost": 62785.8,
                  "Plan Rows": 40477,
                  "Plan Width": 0,
                  "Actual Startup Time": 210.171,
                  "Actual Total Time": 264.369,
                  "Actual Rows": 64118,
                  "Actual Loops": 3,
                  "Inner Unique": true,
                  "Hash Cond": "(mi_idx.movie_id = t.id)",
                  "Plans": [
                    {
                      "Node Type": "Seq Scan",
                      "Parent Relationship": "Outer",
                      "Parallel Aware": true,
                      "Relation Name": "movie_info_idx",
                      "Alias": "mi_idx",
                      "Startup Cost": 0.0,
                      "Total Cost": 15122.68,
                      "Plan Rows": 189755,
                      "Plan Width": 4,
                      "Actual Startup Time": 0.012,
                      "Actual Total Time": 39.319,
                      "Actual Rows": 153308,
                      "Actual Loops": 3,
                      "Filter": "(info_type_id = 99)",
                      "Rows Removed by Filter": 306703
                    },
                    {
                      "Node Type": "Hash",
                      "Parent Relationship": "Inner",
                      "Parallel Aware": true,
                      "Startup Cost": 45479.59,
                      "Total Cost": 45479.59,
                      "Plan Rows": 134834,
                      "Plan Width": 4,
                      "Actual Startup Time": 175.79,
                      "Actual Total Time": 175.791,
                      "Actual Rows": 185773,
                      "Actual Loops": 3,
                      "Hash Buckets": 1048576,
                      "Original Hash Buckets": 1048576,
                      "Hash Batches": 1,
                      "Original Hash Batches": 1,
                      "Peak Memory Usage": 30080,
                      "Plans": [
                        {
                          "Node Type": "Seq Scan",
                          "Parent Relationship": "Outer",
                          "Parallel Aware": true,
                          "Relation Name": "title",
                          "Alias": "t",
                          "Startup Cost": 0.0,
                          "Total Cost": 45479.59,
                          "Plan Rows": 134834,
                          "Plan Width": 4,
                          "Actual Startup Time": 63.681,
                          "Actual Total Time": 115.683,
                          "Actual Rows": 185773,
                          "Actual Loops": 3,
                          "Filter": "((production_year < 2011) AND (kind_id = 1))",
                          "Rows Removed by Filter": 656998
                        }
                      ]
                    }
                  ]
                }
              ]
            }
          ]
        }
      ]
    },
    "Planning Time": 0.639,
    "Triggers": [],
    "Execution Time": 287.816
  }
]