{
  "Plan": {
    "Node Type": "Aggregate",
    "Strategy": "Plain",
    "Partial Mode": "Finalize",
    "Parallel Aware": false,
    "Startup Cost": 687479.01,
    "Total Cost": 687479.02,
    "Plan Rows": 1,
    "Plan Width": 8,
    "Actual Startup Time": 3549.328,
    "Actual Total Time": 3599.803,
    "Actual Rows": 1,
    "Actual Loops": 1,
    "Plans": [
      {
        "Node Type": "Gather",
        "Parent Relationship": "Outer",
        "Parallel Aware": false,
        "Startup Cost": 687478.9,
        "Total Cost": 687479.01,
        "Plan Rows": 1,
        "Plan Width": 8,
        "Actual Startup Time": 3537.968,
        "Actual Total Time": 3599.796,
        "Actual Rows": 2,
        "Actual Loops": 1,
        "Workers Planned": 1,
        "Workers Launched": 1,
        "Single Copy": false,
        "Plans": [
          {
            "Node Type": "Aggregate",
            "Strategy": "Plain",
            "Partial Mode": "Partial",
            "Parent Relationship": "Outer",
            "Parallel Aware": false,
            "Startup Cost": 686478.9,
            "Total Cost": 686478.91,
            "Plan Rows": 1,
            "Plan Width": 8,
            "Actual Startup Time": 3518.741,
            "Actual Total Time": 3518.746,
            "Actual Rows": 1,
            "Actual Loops": 2,
            "Plans": [
              {
                "Node Type": "Hash Join",
                "Parent Relationship": "Outer",
                "Parallel Aware": true,
                "Join Type": "Inner",
                "Startup Cost": 659806.68,
                "Total Cost": 686124.95,
                "Plan Rows": 141578,
                "Plan Width": 0,
                "Actual Startup Time": 3426.446,
                "Actual Total Time": 3506.708,
                "Actual Rows": 294319,
                "Actual Loops": 2,
                "Inner Unique": false,
                "Hash Cond": "(mk.movie_id = t.id)",
                "Plans": [
                  {
                    "Node Type": "Bitmap Heap Scan",
                    "Parent Relationship": "Outer",
                    "Parallel Aware": true,
                    "Relation Name": "movie_keyword",
                    "Alias": "mk",
                    "Startup Cost": 1863.91,
                    "Total Cost": 26962.57,
                    "Plan Rows": 51573,
                    "Plan Width": 4,
                    "Actual Startup Time": 7.871,
                    "Actual Total Time": 35.439,
                    "Actual Rows": 42969,
                    "Actual Loops": 2,
                    "Recheck Cond": "(keyword_id > 86073)",
                    "Rows Removed by Index Recheck": 0,
                    "Exact Heap Blocks": 9182,
                    "Lossy Heap Blocks": 0,
                    "Plans": [
                      {
                        "Node Type": "Bitmap Index Scan",
                        "Parent Relationship": "Outer",
                        "Parallel Aware": false,
                        "Index Name": "keyword_id_movie_keyword",
                        "Startup Cost": 0.0,
                        "Total Cost": 1841.99,
                        "Plan Rows": 87674,
                        "Plan Width": 0,
                        "Actual Startup Time": 5.501,
                        "Actual Total Time": 5.501,
                        "Actual Rows": 85938,
                        "Actual Loops": 1,
                        "Index Cond": "(keyword_id > 86073)"
                      }
                    ]
                  },
                  {
                    "Node Type": "Hash",
                    "Parent Relationship": "Inner",
                    "Parallel Aware": true,
                    "Startup Cost": 606908.59,
                    "Total Cost": 606908.59,
                    "Plan Rows": 4082735,
                    "Plan Width": 8,
                    "Actual Startup Time": 3386.767,
                    "Actual Total Time": 3386.77,
                    "Actual Rows": 2142382,
                    "Actual Loops": 2,
                    "Hash Buckets": 8388608,
                    "Original Hash Buckets": 8388608,
                    "Hash Batches": 1,
                    "Original Hash Batches": 1,
                    "Peak Memory Usage": 233184,
                    "Plans": [
                      {
                        "Node Type": "Hash Join",
                        "Parent Relationship": "Outer",
                        "Parallel Aware": true,
                        "Join Type": "Inner",
                        "Startup Cost": 69461.26,
                        "Total Cost": 606908.59,
                        "Plan Rows": 4082735,
                        "Plan Width": 8,
                        "Actual Startup Time": 508.0,
                        "Actual Total Time": 2683.571,
                        "Actual Rows": 2142382,
                        "Actual Loops": 2,
                        "Inner Unique": true,
                        "Hash Cond": "(ci.movie_id = t.id)",
                        "Plans": [
                          {
                            "Node Type": "Index Scan",
                            "Parent Relationship": "Outer",
                            "Parallel Aware": true,
                            "Scan Direction": "Forward",
                            "Index Name": "role_id_cast_info",
                            "Relation Name": "cast_info",
                            "Alias": "ci",
                            "Startup Cost": 0.56,
                            "Total Cost": 526730.69,
                            "Plan Rows": 4082735,
                            "Plan Width": 4,
                            "Actual Startup Time": 0.07,
                            "Actual Total Time": 1111.953,
                            "Actual Rows": 2142382,
                            "Actual Loops": 2,
                            "Index Cond": "(role_id > 2)",
                            "Rows Removed by Index Recheck": 0,
                            "Filter": "(person_id < 1507792)",
                            "Rows Removed by Filter": 5918460
                          },
                          {
                            "Node Type": "Hash",
                            "Parent Relationship": "Inner",
                            "Parallel Aware": true,
                            "Startup Cost": 50870.31,
                            "Total Cost": 50870.31,
                            "Plan Rows": 1487231,
                            "Plan Width": 4,
                            "Actual Startup Time": 496.848,
                            "Actual Total Time": 496.849,
                            "Actual Rows": 1264156,
                            "Actual Loops": 2,
                            "Hash Buckets": 4194304,
                            "Original Hash Buckets": 4194304,
                            "Hash Batches": 1,
                            "Original Hash Batches": 1,
                            "Peak Memory Usage": 131680,
                            "Plans": [
                              {
                                "Node Type": "Seq Scan",
                                "Parent Relationship": "Outer",
                                "Parallel Aware": true,
                                "Relation Name": "title",
                                "Alias": "t",
                                "Startup Cost": 0.0,
                                "Total Cost": 50870.31,
                                "Plan Rows": 1487231,
                                "Plan Width": 4,
                                "Actual Startup Time": 0.028,
                                "Actual Total Time": 154.034,
                                "Actual Rows": 1264156,
                                "Actual Loops": 2
                              }
                            ]
                          }
                        ]
                      }
                    ]
                  }
                ]
              }
            ]
          }
        ]
      }
    ]
  },
  "Planning Time": 1.03,
  "Triggers": [],
  "Execution Time": 3599.913
}