{
  "Plan": {
    "Node Type": "Aggregate",
    "Strategy": "Plain",
    "Partial Mode": "Finalize",
    "Parallel Aware": false,
    "Startup Cost": 97999.91,
    "Total Cost": 97999.92,
    "Plan Rows": 1,
    "Plan Width": 8,
    "Actual Startup Time": 331.628,
    "Actual Total Time": 341.849,
    "Actual Rows": 1,
    "Actual Loops": 1,
    "Plans": [
      {
        "Node Type": "Gather",
        "Parent Relationship": "Outer",
        "Parallel Aware": false,
        "Startup Cost": 97999.8,
        "Total Cost": 97999.91,
        "Plan Rows": 1,
        "Plan Width": 8,
        "Actual Startup Time": 330.595,
        "Actual Total Time": 341.839,
        "Actual Rows": 2,
        "Actual Loops": 1,
        "Workers Planned": 1,
        "Workers Launched": 1,
        "Single Copy": false,
        "Plans": [
          {
            "Node Type": "Aggregate",
            "Strategy": "Plain",
            "Partial Mode": "Partial",
            "Parent Relationship": "Outer",
            "Parallel Aware": false,
            "Startup Cost": 96999.8,
            "Total Cost": 96999.81,
            "Plan Rows": 1,
            "Plan Width": 8,
            "Actual Startup Time": 324.683,
            "Actual Total Time": 324.688,
            "Actual Rows": 1,
            "Actual Loops": 2,
            "Plans": [
              {
                "Node Type": "Hash Join",
                "Parent Relationship": "Outer",
                "Parallel Aware": true,
                "Join Type": "Inner",
                "Startup Cost": 56740.39,
                "Total Cost": 96698.41,
                "Plan Rows": 120556,
                "Plan Width": 0,
                "Actual Startup Time": 182.243,
                "Actual Total Time": 319.643,
                "Actual Rows": 124550,
                "Actual Loops": 2,
                "Inner Unique": true,
                "Hash Cond": "(mc.movie_id = t.id)",
                "Plans": [
                  {
                    "Node Type": "Seq Scan",
                    "Parent Relationship": "Outer",
                    "Parallel Aware": true,
                    "Relation Name": "movie_companies",
                    "Alias": "mc",
                    "Startup Cost": 0.0,
                    "Total Cost": 37974.77,
                    "Plan Rows": 755522,
                    "Plan Width": 4,
                    "Actual Startup Time": 0.016,
                    "Actual Total Time": 107.63,
                    "Actual Rows": 637123,
                    "Actual Loops": 2,
                    "Filter": "(company_type_id = 1)",
                    "Rows Removed by Filter": 667442
                  },
                  {
                    "Node Type": "Hash",
                    "Parent Relationship": "Inner",
                    "Parallel Aware": true,
                    "Startup Cost": 53773.97,
                    "Total Cost": 53773.97,
                    "Plan Rows": 237314,
                    "Plan Width": 4,
                    "Actual Startup Time": 132.024,
                    "Actual Total Time": 132.025,
                    "Actual Rows": 148384,
                    "Actual Loops": 2,
                    "Hash Buckets": 524288,
                    "Original Hash Buckets": 524288,
                    "Hash Batches": 1,
                    "Original Hash Batches": 1,
                    "Peak Memory Usage": 15712,
                    "Plans": [
                      {
                        "Node Type": "Bitmap Heap Scan",
                        "Parent Relationship": "Outer",
                        "Parallel Aware": true,
                        "Relation Name": "title",
                        "Alias": "t",
                        "Startup Cost": 11923.71,
                        "Total Cost": 53773.97,
                        "Plan Rows": 237314,
                        "Plan Width": 4,
                        "Actual Startup Time": 34.686,
                        "Actual Total Time": 99.066,
                        "Actual Rows": 148384,
                        "Actual Loops": 2,
                        "Recheck Cond": "(kind_id = 1)",
                        "Rows Removed by Index Recheck": 0,
                        "Filter": "(production_year > 1997)",
                        "Rows Removed by Filter": 183028,
                        "Exact Heap Blocks": 8337,
                        "Lossy Heap Blocks": 0,
                        "Plans": [
                          {
                            "Node Type": "Bitmap Index Scan",
                            "Parent Relationship": "Outer",
                            "Parallel Aware": false,
                            "Index Name": "kind_id_title",
                            "Startup Cost": 0.0,
                            "Total Cost": 11822.85,
                            "Plan Rows": 663256,
                            "Plan Width": 0,
                            "Actual Startup Time": 32.782,
                            "Actual Total Time": 32.782,
                            "Actual Rows": 662825,
                            "Actual Loops": 1,
                            "Index Cond": "(kind_id = 1)"
                          }
                        ]
                      }
                    ]
                  }
                ]
              }
            ]
          }
        ]
      }
    ]
  },
  "Planning Time": 0.754,
  "Triggers": [],
  "Execution Time": 341.939
}