{
  "Plan": {
    "Node Type": "Aggregate",
    "Strategy": "Plain",
    "Partial Mode": "Finalize",
    "Parallel Aware": false,
    "Startup Cost": 63720.37,
    "Total Cost": 63720.38,
    "Plan Rows": 1,
    "Plan Width": 8,
    "Actual Startup Time": 37.955,
    "Actual Total Time": 41.384,
    "Actual Rows": 1,
    "Actual Loops": 1,
    "Plans": [
      {
        "Node Type": "Gather",
        "Parent Relationship": "Outer",
        "Parallel Aware": false,
        "Startup Cost": 63720.26,
        "Total Cost": 63720.37,
        "Plan Rows": 1,
        "Plan Width": 8,
        "Actual Startup Time": 37.73,
        "Actual Total Time": 41.378,
        "Actual Rows": 2,
        "Actual Loops": 1,
        "Workers Planned": 1,
        "Workers Launched": 1,
        "Single Copy": false,
        "Plans": [
          {
            "Node Type": "Aggregate",
            "Strategy": "Plain",
            "Partial Mode": "Partial",
            "Parent Relationship": "Outer",
            "Parallel Aware": false,
            "Startup Cost": 62720.26,
            "Total Cost": 62720.27,
            "Plan Rows": 1,
            "Plan Width": 8,
            "Actual Startup Time": 31.782,
            "Actual Total Time": 31.784,
            "Actual Rows": 1,
            "Actual Loops": 2,
            "Plans": [
              {
                "Node Type": "Nested Loop",
                "Parent Relationship": "Outer",
                "Parallel Aware": false,
                "Join Type": "Inner",
                "Startup Cost": 267.32,
                "Total Cost": 62719.53,
                "Plan Rows": 291,
                "Plan Width": 0,
                "Actual Startup Time": 1.95,
                "Actual Total Time": 31.604,
                "Actual Rows": 929,
                "Actual Loops": 2,
                "Inner Unique": true,
                "Plans": [
                  {
                    "Node Type": "Bitmap Heap Scan",
                    "Parent Relationship": "Outer",
                    "Parallel Aware": true,
                    "Relation Name": "movie_companies",
                    "Alias": "mc",
                    "Startup Cost": 266.89,
                    "Total Cost": 17847.36,
                    "Plan Rows": 7169,
                    "Plan Width": 4,
                    "Actual Startup Time": 1.633,
                    "Actual Total Time": 4.513,
                    "Actual Rows": 5532,
                    "Actual Loops": 2,
                    "Recheck Cond": "(company_id > 224457)",
                    "Rows Removed by Index Recheck": 0,
                    "Exact Heap Blocks": 378,
                    "Lossy Heap Blocks": 0,
                    "Plans": [
                      {
                        "Node Type": "Bitmap Index Scan",
                        "Parent Relationship": "Outer",
                        "Parallel Aware": false,
                        "Index Name": "company_id_movie_companies",
                        "Startup Cost": 0.0,
                        "Total Cost": 263.84,
                        "Plan Rows": 12188,
                        "Plan Width": 0,
                        "Actual Startup Time": 2.894,
                        "Actual Total Time": 2.894,
                        "Actual Rows": 11064,
                        "Actual Loops": 1,
                        "Index Cond": "(company_id > 224457)"
                      }
                    ]
                  },
                  {
                    "Node Type": "Index Scan",
                    "Parent Relationship": "Inner",
                    "Parallel Aware": false,
                    "Scan Direction": "Forward",
                    "Index Name": "title_pkey",
                    "Relation Name": "title",
                    "Alias": "t",
                    "Startup Cost": 0.43,
                    "Total Cost": 6.26,
                    "Plan Rows": 1,
                    "Plan Width": 4,
                    "Actual Startup Time": 0.004,
                    "Actual Total Time": 0.004,
                    "Actual Rows": 0,
                    "Actual Loops": 11064,
                    "Index Cond": "(id = mc.movie_id)",
                    "Rows Removed by Index Recheck": 0,
                    "Filter": "((production_year > 2010) AND (kind_id = 1))",
                    "Rows Removed by Filter": 1
                  }
                ]
              }
            ]
          }
        ]
      }
    ]
  },
  "Planning Time": 0.624,
  "Triggers": [],
  "Execution Time": 41.471
}