{
  "Plan": {
    "Node Type": "Aggregate",
    "Strategy": "Plain",
    "Partial Mode": "Finalize",
    "Parallel Aware": false,
    "Startup Cost": 470773.4,
    "Total Cost": 470773.41,
    "Plan Rows": 1,
    "Plan Width": 8,
    "Actual Startup Time": 6892.14,
    "Actual Total Time": 6936.976,
    "Actual Rows": 1,
    "Actual Loops": 1,
    "Plans": [
      {
        "Node Type": "Gather",
        "Parent Relationship": "Outer",
        "Parallel Aware": false,
        "Startup Cost": 470773.29,
        "Total Cost": 470773.4,
        "Plan Rows": 1,
        "Plan Width": 8,
        "Actual Startup Time": 6882.299,
        "Actual Total Time": 6936.967,
        "Actual Rows": 2,
        "Actual Loops": 1,
        "Workers Planned": 1,
        "Workers Launched": 1,
        "Single Copy": false,
        "Plans": [
          {
            "Node Type": "Aggregate",
            "Strategy": "Plain",
            "Partial Mode": "Partial",
            "Parent Relationship": "Outer",
            "Parallel Aware": false,
            "Startup Cost": 469773.29,
            "Total Cost": 469773.3,
            "Plan Rows": 1,
            "Plan Width": 8,
            "Actual Startup Time": 6865.925,
            "Actual Total Time": 6867.15,
            "Actual Rows": 1,
            "Actual Loops": 2,
            "Plans": [
              {
                "Node Type": "Hash Join",
                "Parent Relationship": "Outer",
                "Parallel Aware": true,
                "Join Type": "Inner",
                "Startup Cost": 379380.93,
                "Total Cost": 462995.84,
                "Plan Rows": 2710979,
                "Plan Width": 0,
                "Actual Startup Time": 2895.907,
                "Actual Total Time": 5451.674,
                "Actual Rows": 33160254,
                "Actual Loops": 2,
                "Inner Unique": false,
                "Hash Cond": "(mk.movie_id = t.id)",
                "Plans": [
                  {
                    "Node Type": "Seq Scan",
                    "Parent Relationship": "Outer",
                    "Parallel Aware": true,
                    "Relation Name": "movie_keyword",
                    "Alias": "mk",
                    "Startup Cost": 0.0,
                    "Total Cost": 57718.19,
                    "Plan Rows": 1591964,
                    "Plan Width": 4,
                    "Actual Startup Time": 0.016,
                    "Actual Total Time": 185.392,
                    "Actual Rows": 1348780,
                    "Actual Loops": 2,
                    "Filter": "(keyword_id < 7634)",
                    "Rows Removed by Filter": 913185
                  },
                  {
                    "Node Type": "Hash",
                    "Parent Relationship": "Inner",
                    "Parallel Aware": true,
                    "Startup Cost": 347723.07,
                    "Total Cost": 347723.07,
                    "Plan Rows": 2532629,
                    "Plan Width": 8,
                    "Actual Startup Time": 2858.372,
                    "Actual Total Time": 2859.595,
                    "Actual Rows": 2125584,
                    "Actual Loops": 2,
                    "Hash Buckets": 8388608,
                    "Original Hash Buckets": 8388608,
                    "Hash Batches": 1,
                    "Original Hash Batches": 1,
                    "Peak Memory Usage": 231872,
                    "Plans": [
                      {
                        "Node Type": "Hash Join",
                        "Parent Relationship": "Outer",
                        "Parallel Aware": true,
                        "Join Type": "Inner",
                        "Startup Cost": 67316.49,
                        "Total Cost": 347723.07,
                        "Plan Rows": 2532629,
                        "Plan Width": 8,
                        "Actual Startup Time": 516.328,
                        "Actual Total Time": 2228.351,
                        "Actual Rows": 2125584,
                        "Actual Loops": 2,
                        "Inner Unique": true,
                        "Hash Cond": "(mi.movie_id = t.id)",
                        "Plans": [
                          {
                            "Node Type": "Seq Scan",
                            "Parent Relationship": "Outer",
                            "Parallel Aware": true,
                            "Relation Name": "movie_info",
                            "Alias": "mi",
                            "Startup Cost": 0.0,
                            "Total Cost": 270696.42,
                            "Plan Rows": 3699105,
                            "Plan Width": 4,
                            "Actual Startup Time": 41.464,
                            "Actual Total Time": 784.313,
                            "Actual Rows": 3111747,
                            "Actual Loops": 2,
                            "Filter": "(info_type_id > 8)",
                            "Rows Removed by Filter": 4306113
                          },
                          {
                            "Node Type": "Hash",
                            "Parent Relationship": "Inner",
                            "Parallel Aware": true,
                            "Startup Cost": 54588.39,
                            "Total Cost": 54588.39,
                            "Plan Rows": 1018248,
                            "Plan Width": 4,
                            "Actual Startup Time": 467.163,
                            "Actual Total Time": 467.164,
                            "Actual Rows": 862616,
                            "Actual Loops": 2,
                            "Hash Buckets": 2097152,
                            "Original Hash Buckets": 2097152,
                            "Hash Batches": 1,
                            "Original Hash Batches": 1,
                            "Peak Memory Usage": 83904,
                            "Plans": [
                              {
                                "Node Type": "Seq Scan",
                                "Parent Relationship": "Outer",
                                "Parallel Aware": true,
                                "Relation Name": "title",
                                "Alias": "t",
                                "Startup Cost": 0.0,
                                "Total Cost": 54588.39,
                                "Plan Rows": 1018248,
                                "Plan Width": 4,
                                "Actual Startup Time": 0.03,
                                "Actual Total Time": 203.94,
                                "Actual Rows": 862616,
                                "Actual Loops": 2,
                                "Filter": "(production_year > 1991)",
                                "Rows Removed by Filter": 401540
                              }
                            ]
                          }
                        ]
                      }
                    ]
                  }
                ]
              }
            ]
          }
        ]
      }
    ]
  },
  "Planning Time": 1.138,
  "Triggers": [],
  "Execution Time": 6937.065
}