{
  "Plan": {
    "Node Type": "Aggregate",
    "Strategy": "Plain",
    "Partial Mode": "Finalize",
    "Parallel Aware": false,
    "Startup Cost": 161748.39,
    "Total Cost": 161748.4,
    "Plan Rows": 1,
    "Plan Width": 8,
    "Actual Startup Time": 1204.963,
    "Actual Total Time": 1221.82,
    "Actual Rows": 1,
    "Actual Loops": 1,
    "Plans": [
      {
        "Node Type": "Gather",
        "Parent Relationship": "Outer",
        "Parallel Aware": false,
        "Startup Cost": 161748.27,
        "Total Cost": 161748.38,
        "Plan Rows": 1,
        "Plan Width": 8,
        "Actual Startup Time": 1202.927,
        "Actual Total Time": 1221.813,
        "Actual Rows": 2,
        "Actual Loops": 1,
        "Workers Planned": 1,
        "Workers Launched": 1,
        "Single Copy": false,
        "Plans": [
          {
            "Node Type": "Aggregate",
            "Strategy": "Plain",
            "Partial Mode": "Partial",
            "Parent Relationship": "Outer",
            "Parallel Aware": false,
            "Startup Cost": 160748.27,
            "Total Cost": 160748.28,
            "Plan Rows": 1,
            "Plan Width": 8,
            "Actual Startup Time": 1199.718,
            "Actual Total Time": 1199.724,
            "Actual Rows": 1,
            "Actual Loops": 2,
            "Plans": [
              {
                "Node Type": "Hash Join",
                "Parent Relationship": "Outer",
                "Parallel Aware": true,
                "Join Type": "Inner",
                "Startup Cost": 96435.51,
                "Total Cost": 159773.56,
                "Plan Rows": 389885,
                "Plan Width": 0,
                "Actual Startup Time": 628.741,
                "Actual Total Time": 1123.991,
                "Actual Rows": 1495718,
                "Actual Loops": 2,
                "Inner Unique": false,
                "Hash Cond": "(mk.movie_id = t.id)",
                "Plans": [
                  {
                    "Node Type": "Seq Scan",
                    "Parent Relationship": "Outer",
                    "Parallel Aware": true,
                    "Relation Name": "movie_keyword",
                    "Alias": "mk",
                    "Startup Cost": 0.0,
                    "Total Cost": 51065.35,
                    "Plan Rows": 2661135,
                    "Plan Width": 4,
                    "Actual Startup Time": 0.013,
                    "Actual Total Time": 180.024,
                    "Actual Rows": 2261965,
                    "Actual Loops": 2
                  },
                  {
                    "Node Type": "Hash",
                    "Parent Relationship": "Inner",
                    "Parallel Aware": true,
                    "Startup Cost": 93711.82,
                    "Total Cost": 93711.82,
                    "Plan Rows": 217895,
                    "Plan Width": 8,
                    "Actual Startup Time": 577.176,
                    "Actual Total Time": 577.181,
                    "Actual Rows": 186823,
                    "Actual Loops": 2,
                    "Hash Buckets": 524288,
                    "Original Hash Buckets": 524288,
                    "Hash Batches": 1,
                    "Original Hash Batches": 1,
                    "Peak Memory Usage": 18752,
                    "Plans": [
                      {
                        "Node Type": "Hash Join",
                        "Parent Relationship": "Outer",
                        "Parallel Aware": true,
                        "Join Type": "Inner",
                        "Startup Cost": 32264.58,
                        "Total Cost": 93711.82,
                        "Plan Rows": 217895,
                        "Plan Width": 8,
                        "Actual Startup Time": 118.023,
                        "Actual Total Time": 524.533,
                        "Actual Rows": 186823,
                        "Actual Loops": 2,
                        "Inner Unique": false,
                        "Hash Cond": "(t.id = mc.movie_id)",
                        "Plans": [
                          {
                            "Node Type": "Seq Scan",
                            "Parent Relationship": "Outer",
                            "Parallel Aware": true,
                            "Relation Name": "title",
                            "Alias": "t",
                            "Startup Cost": 0.0,
                            "Total Cost": 50870.31,
                            "Plan Rows": 1487231,
                            "Plan Width": 4,
                            "Actual Startup Time": 0.011,
                            "Actual Total Time": 137.573,
                            "Actual Rows": 1264156,
                            "Actual Loops": 2
                          },
                          {
                            "Node Type": "Hash",
                            "Parent Relationship": "Inner",
                            "Parallel Aware": true,
                            "Startup Cost": 29540.89,
                            "Total Cost": 29540.89,
                            "Plan Rows": 217895,
                            "Plan Width": 4,
                            "Actual Startup Time": 106.21,
                            "Actual Total Time": 106.211,
                            "Actual Rows": 186823,
                            "Actual Loops": 2,
                            "Hash Buckets": 524288,
                            "Original Hash Buckets": 524288,
                            "Hash Batches": 1,
                            "Original Hash Batches": 1,
                            "Peak Memory Usage": 18752,
                            "Plans": [
                              {
                                "Node Type": "Bitmap Heap Scan",
                                "Parent Relationship": "Outer",
                                "Parallel Aware": true,
                                "Relation Name": "movie_companies",
                                "Alias": "mc",
                                "Startup Cost": 8027.2,
                                "Total Cost": 29540.89,
                                "Plan Rows": 217895,
                                "Plan Width": 4,
                                "Actual Startup Time": 21.259,
                                "Actual Total Time": 61.979,
                                "Actual Rows": 186823,
                                "Actual Loops": 2,
                                "Recheck Cond": "(company_id > 85116)",
                                "Rows Removed by Index Recheck": 0,
                                "Exact Heap Blocks": 4212,
                                "Lossy Heap Blocks": 0,
                                "Plans": [
                                  {
                                    "Node Type": "Bitmap Index Scan",
                                    "Parent Relationship": "Outer",
                                    "Parallel Aware": false,
                                    "Index Name": "company_id_movie_companies",
                                    "Startup Cost": 0.0,
                                    "Total Cost": 7934.6,
                                    "Plan Rows": 370422,
                                    "Plan Width": 0,
                                    "Actual Startup Time": 20.446,
                                    "Actual Total Time": 20.447,
                                    "Actual Rows": 373646,
                                    "Actual Loops": 1,
                                    "Index Cond": "(company_id > 85116)"
                                  }
                                ]
                              }
                            ]
                          }
                        ]
                      }
                    ]
                  }
                ]
              }
            ]
          }
        ]
      }
    ]
  },
  "Planning Time": 0.62,
  "Triggers": [],
  "Execution Time": 1221.889
}