{
  "Plan": {
    "Node Type": "Aggregate",
    "Strategy": "Plain",
    "Partial Mode": "Finalize",
    "Parallel Aware": false,
    "Startup Cost": 75064.09,
    "Total Cost": 75064.1,
    "Plan Rows": 1,
    "Plan Width": 8,
    "Actual Startup Time": 246.553,
    "Actual Total Time": 284.459,
    "Actual Rows": 1,
    "Actual Loops": 1,
    "Plans": [
      {
        "Node Type": "Gather",
        "Parent Relationship": "Outer",
        "Parallel Aware": false,
        "Startup Cost": 75063.98,
        "Total Cost": 75064.09,
        "Plan Rows": 1,
        "Plan Width": 8,
        "Actual Startup Time": 246.417,
        "Actual Total Time": 284.452,
        "Actual Rows": 2,
        "Actual Loops": 1,
        "Workers Planned": 1,
        "Workers Launched": 1,
        "Single Copy": false,
        "Plans": [
          {
            "Node Type": "Aggregate",
            "Strategy": "Plain",
            "Partial Mode": "Partial",
            "Parent Relationship": "Outer",
            "Parallel Aware": false,
            "Startup Cost": 74063.98,
            "Total Cost": 74063.99,
            "Plan Rows": 1,
            "Plan Width": 8,
            "Actual Startup Time": 240.122,
            "Actual Total Time": 240.124,
            "Actual Rows": 1,
            "Actual Loops": 2,
            "Plans": [
              {
                "Node Type": "Nested Loop",
                "Parent Relationship": "Outer",
                "Parallel Aware": false,
                "Join Type": "Inner",
                "Startup Cost": 270.3,
                "Total Cost": 74021.77,
                "Plan Rows": 16882,
                "Plan Width": 0,
                "Actual Startup Time": 8.515,
                "Actual Total Time": 229.1,
                "Actual Rows": 227105,
                "Actual Loops": 2,
                "Inner Unique": false,
                "Plans": [
                  {
                    "Node Type": "Nested Loop",
                    "Parent Relationship": "Outer",
                    "Parallel Aware": false,
                    "Join Type": "Inner",
                    "Startup Cost": 269.86,
                    "Total Cost": 66913.3,
                    "Plan Rows": 2887,
                    "Plan Width": 8,
                    "Actual Startup Time": 8.357,
                    "Actual Total Time": 55.143,
                    "Actual Rows": 6901,
                    "Actual Loops": 2,
                    "Inner Unique": true,
                    "Plans": [
                      {
                        "Node Type": "Bitmap Heap Scan",
                        "Parent Relationship": "Outer",
                        "Parallel Aware": true,
                        "Relation Name": "movie_keyword",
                        "Alias": "mk",
                        "Startup Cost": 269.43,
                        "Total Cost": 21138.9,
                        "Plan Rows": 7362,
                        "Plan Width": 4,
                        "Actual Startup Time": 7.753,
                        "Actual Total Time": 22.26,
                        "Actual Rows": 7060,
                        "Actual Loops": 2,
                        "Recheck Cond": "(keyword_id = 1382)",
                        "Rows Removed by Index Recheck": 0,
                        "Exact Heap Blocks": 6177,
                        "Lossy Heap Blocks": 0,
                        "Plans": [
                          {
                            "Node Type": "Bitmap Index Scan",
                            "Parent Relationship": "Outer",
                            "Parallel Aware": false,
                            "Index Name": "keyword_id_movie_keyword",
                            "Startup Cost": 0.0,
                            "Total Cost": 266.3,
                            "Plan Rows": 12516,
                            "Plan Width": 0,
                            "Actual Startup Time": 8.141,
                            "Actual Total Time": 8.141,
                            "Actual Rows": 14120,
                            "Actual Loops": 1,
                            "Index Cond": "(keyword_id = 1382)"
                          }
                        ]
                      },
                      {
                        "Node Type": "Index Scan",
                        "Parent Relationship": "Inner",
                        "Parallel Aware": false,
                        "Scan Direction": "Forward",
                        "Index Name": "title_pkey",
                        "Relation Name": "title",
                        "Alias": "t",
                        "Startup Cost": 0.43,
                        "Total Cost": 6.22,
                        "Plan Rows": 1,
                        "Plan Width": 4,
                        "Actual Startup Time": 0.004,
                        "Actual Total Time": 0.004,
                        "Actual Rows": 1,
                        "Actual Loops": 14120,
                        "Index Cond": "(id = mk.movie_id)",
                        "Rows Removed by Index Recheck": 0,
                        "Filter": "(kind_id < 7)",
                        "Rows Removed by Filter": 0
                      }
                    ]
                  },
                  {
                    "Node Type": "Index Only Scan",
                    "Parent Relationship": "Inner",
                    "Parallel Aware": false,
                    "Scan Direction": "Forward",
                    "Index Name": "movie_id_movie_info",
                    "Relation Name": "movie_info",
                    "Alias": "mi",
                    "Startup Cost": 0.43,
                    "Total Cost": 2.04,
                    "Plan Rows": 42,
                    "Plan Width": 4,
                    "Actual Startup Time": 0.006,
                    "Actual Total Time": 0.023,
                    "Actual Rows": 33,
                    "Actual Loops": 13802,
                    "Index Cond": "(movie_id = t.id)",
                    "Rows Removed by Index Recheck": 0,
                    "Heap Fetches": 454210
                  }
                ]
              }
            ]
          }
        ]
      }
    ]
  },
  "Planning Time": 1.053,
  "Triggers": [],
  "Execution Time": 284.572
}