[
  {
    "Plan": {
      "Node Type": "Aggregate",
      "Strategy": "Plain",
      "Partial Mode": "Finalize",
      "Parallel Aware": false,
      "Startup Cost": 96357.03,
      "Total Cost": 96357.04,
      "Plan Rows": 1,
      "Plan Width": 8,
      "Actual Startup Time": 548.263,
      "Actual Total Time": 566.607,
      "Actual Rows": 1,
      "Actual Loops": 1,
      "Plans": [
        {
          "Node Type": "Gather",
          "Parent Relationship": "Outer",
          "Parallel Aware": false,
          "Startup Cost": 96356.71,
          "Total Cost": 96357.02,
          "Plan Rows": 3,
          "Plan Width": 8,
          "Actual Startup Time": 531.641,
          "Actual Total Time": 566.595,
          "Actual Rows": 4,
          "Actual Loops": 1,
          "Workers Planned": 3,
          "Workers Launched": 3,
          "Single Copy": false,
          "Plans": [
            {
              "Node Type": "Aggregate",
              "Strategy": "Plain",
              "Partial Mode": "Partial",
              "Parent Relationship": "Outer",
              "Parallel Aware": false,
              "Startup Cost": 95356.71,
              "Total Cost": 95356.72,
              "Plan Rows": 1,
              "Plan Width": 8,
              "Actual Startup Time": 520.028,
              "Actual Total Time": 520.032,
              "Actual Rows": 1,
              "Actual Loops": 4,
              "Plans": [
                {
                  "Node Type": "Hash Join",
                  "Parent Relationship": "Outer",
                  "Parallel Aware": true,
                  "Join Type": "Inner",
                  "Startup Cost": 49832.7,
                  "Total Cost": 94383.38,
                  "Plan Rows": 389334,
                  "Plan Width": 0,
                  "Actual Startup Time": 305.913,
                  "Actual Total Time": 511.234,
                  "Actual Rows": 166815,
                  "Actual Loops": 4,
                  "Inner Unique": true,
                  "Hash Cond": "(mk.movie_id = t.id)",
                  "Plans": [
                    {
                      "Node Type": "Seq Scan",
                      "Parent Relationship": "Outer",
                      "Parallel Aware": true,
                      "Relation Name": "movie_keyword",
                      "Alias": "mk",
                      "Startup Cost": 0.0,
                      "Total Cost": 42695.65,
                      "Plan Rows": 706677,
                      "Plan Width": 4,
                      "Actual Startup Time": 0.362,
                      "Actual Total Time": 122.072,
                      "Actual Rows": 544748,
                      "Actual Loops": 4,
                      "Filter": "(keyword_id > 5222)",
                      "Rows Removed by Filter": 586235
                    },
                    {
                      "Node Type": "Hash",
                      "Parent Relationship": "Inner",
                      "Parallel Aware": true,
                      "Startup Cost": 45479.59,
                      "Total Cost": 45479.59,
                      "Plan Rows": 348249,
                      "Plan Width": 4,
                      "Actual Startup Time": 299.046,
                      "Actual Total Time": 299.047,
                      "Actual Rows": 376634,
                      "Actual Loops": 4,
                      "Hash Buckets": 2097152,
                      "Original Hash Buckets": 2097152,
                      "Hash Batches": 1,
                      "Original Hash Batches": 1,
                      "Peak Memory Usage": 75392,
                      "Plans": [
                        {
                          "Node Type": "Seq Scan",
                          "Parent Relationship": "Outer",
                          "Parallel Aware": true,
                          "Relation Name": "title",
                          "Alias": "t",
                          "Startup Cost": 0.0,
                          "Total Cost": 45479.59,
                          "Plan Rows": 348249,
                          "Plan Width": 4,
                          "Actual Startup Time": 0.028,
                          "Actual Total Time": 136.449,
                          "Actual Rows": 376634,
                          "Actual Loops": 4,
                          "Filter": "((kind_id > 1) AND (production_year > 1984))",
                          "Rows Removed by Filter": 255444
                        }
                      ]
                    }
                  ]
                }
              ]
            }
          ]
        }
      ]
    },
    "Planning Time": 0.394,
    "Triggers": [],
    "Execution Time": 566.657
  }
]