[
  {
    "Plan": {
      "Node Type": "Aggregate",
      "Strategy": "Plain",
      "Partial Mode": "Finalize",
      "Parallel Aware": false,
      "Startup Cost": 96314.48,
      "Total Cost": 96314.49,
      "Plan Rows": 1,
      "Plan Width": 8,
      "Actual Startup Time": 450.835,
      "Actual Total Time": 467.31,
      "Actual Rows": 1,
      "Actual Loops": 1,
      "Plans": [
        {
          "Node Type": "Gather",
          "Parent Relationship": "Outer",
          "Parallel Aware": false,
          "Startup Cost": 96314.16,
          "Total Cost": 96314.47,
          "Plan Rows": 3,
          "Plan Width": 8,
          "Actual Startup Time": 443.709,
          "Actual Total Time": 467.287,
          "Actual Rows": 4,
          "Actual Loops": 1,
          "Workers Planned": 3,
          "Workers Launched": 3,
          "Single Copy": false,
          "Plans": [
            {
              "Node Type": "Aggregate",
              "Strategy": "Plain",
              "Partial Mode": "Partial",
              "Parent Relationship": "Outer",
              "Parallel Aware": false,
              "Startup Cost": 95314.16,
              "Total Cost": 95314.17,
              "Plan Rows": 1,
              "Plan Width": 8,
              "Actual Startup Time": 433.496,
              "Actual Total Time": 433.5,
              "Actual Rows": 1,
              "Actual Loops": 4,
              "Plans": [
                {
                  "Node Type": "Hash Join",
                  "Parent Relationship": "Outer",
                  "Parallel Aware": true,
                  "Join Type": "Inner",
                  "Startup Cost": 49810.66,
                  "Total Cost": 94351.0,
                  "Plan Rows": 385265,
                  "Plan Width": 0,
                  "Actual Startup Time": 253.779,
                  "Actual Total Time": 426.593,
                  "Actual Rows": 166815,
                  "Actual Loops": 4,
                  "Inner Unique": true,
                  "Hash Cond": "(mk.movie_id = t.id)",
                  "Plans": [
                    {
                      "Node Type": "Seq Scan",
                      "Parent Relationship": "Outer",
                      "Parallel Aware": true,
                      "Relation Name": "movie_keyword",
                      "Alias": "mk",
                      "Startup Cost": 0.0,
                      "Total Cost": 42695.65,
                      "Plan Rows": 702737,
                      "Plan Width": 4,
                      "Actual Startup Time": 0.337,
                      "Actual Total Time": 100.738,
                      "Actual Rows": 544748,
                      "Actual Loops": 4,
                      "Filter": "(keyword_id > 5222)",
                      "Rows Removed by Filter": 586235
                    },
                    {
                      "Node Type": "Hash",
                      "Parent Relationship": "Inner",
                      "Parallel Aware": true,
                      "Startup Cost": 45479.1,
                      "Total Cost": 45479.1,
                      "Plan Rows": 346525,
                      "Plan Width": 4,
                      "Actual Startup Time": 245.837,
                      "Actual Total Time": 245.838,
                      "Actual Rows": 376634,
                      "Actual Loops": 4,
                      "Hash Buckets": 2097152,
                      "Original Hash Buckets": 2097152,
                      "Hash Batches": 1,
                      "Original Hash Batches": 1,
                      "Peak Memory Usage": 75392,
                      "Plans": [
                        {
                          "Node Type": "Seq Scan",
                          "Parent Relationship": "Outer",
                          "Parallel Aware": true,
                          "Relation Name": "title",
                          "Alias": "t",
                          "Startup Cost": 0.0,
                          "Total Cost": 45479.1,
                          "Plan Rows": 346525,
                          "Plan Width": 4,
                          "Actual Startup Time": 0.038,
                          "Actual Total Time": 108.689,
                          "Actual Rows": 376634,
                          "Actual Loops": 4,
                          "Filter": "((kind_id > 1) AND (production_year > 1984))",
                          "Rows Removed by Filter": 255444
                        }
                      ]
                    }
                  ]
                }
              ]
            }
          ]
        }
      ]
    },
    "Planning Time": 0.509,
    "Triggers": [],
    "Execution Time": 467.369
  }
]