[
  {
    "Plan": {
      "Node Type": "Aggregate",
      "Strategy": "Plain",
      "Partial Mode": "Simple",
      "Parallel Aware": false,
      "Startup Cost": 12483.73,
      "Total Cost": 12483.74,
      "Plan Rows": 1,
      "Plan Width": 32,
      "Actual Startup Time": 1736.125,
      "Actual Total Time": 1736.131,
      "Actual Rows": 1,
      "Actual Loops": 1,
      "Plans": [
        {
          "Node Type": "Nested Loop",
          "Parent Relationship": "Outer",
          "Parallel Aware": false,
          "Join Type": "Inner",
          "Startup Cost": 13.07,
          "Total Cost": 12483.73,
          "Plan Rows": 1,
          "Plan Width": 17,
          "Actual Startup Time": 107.69,
          "Actual Total Time": 1736.119,
          "Actual Rows": 1,
          "Actual Loops": 1,
          "Inner Unique": true,
          "Plans": [
            {
              "Node Type": "Nested Loop",
              "Parent Relationship": "Outer",
              "Parallel Aware": false,
              "Join Type": "Inner",
              "Startup Cost": 12.64,
              "Total Cost": 12483.27,
              "Plan Rows": 1,
              "Plan Width": 21,
              "Actual Startup Time": 107.63,
              "Actual Total Time": 1735.926,
              "Actual Rows": 4,
              "Actual Loops": 1,
              "Inner Unique": true,
              "Plans": [
                {
                  "Node Type": "Nested Loop",
                  "Parent Relationship": "Outer",
                  "Parallel Aware": false,
                  "Join Type": "Inner",
                  "Startup Cost": 12.21,
                  "Total Cost": 12478.69,
                  "Plan Rows": 10,
                  "Plan Width": 25,
                  "Actual Startup Time": 6.128,
                  "Actual Total Time": 1012.834,
                  "Actual Rows": 397515,
                  "Actual Loops": 1,
                  "Inner Unique": false,
                  "Join Filter": "(t.id = ci.movie_id)",
                  "Rows Removed by Join Filter": 0,
                  "Plans": [
                    {
                      "Node Type": "Nested Loop",
                      "Parent Relationship": "Outer",
                      "Parallel Aware": false,
                      "Join Type": "Inner",
                      "Startup Cost": 11.65,
                      "Total Cost": 12472.83,
                      "Plan Rows": 3,
                      "Plan Width": 29,
                      "Actual Startup Time": 6.075,
                      "Actual Total Time": 254.221,
                      "Actual Rows": 4230,
                      "Actual Loops": 1,
                      "Inner Unique": false,
                      "Join Filter": "(t.kind_id = kt.id)",
                      "Rows Removed by Join Filter": 757,
                      "Plans": [
                        {
                          "Node Type": "Seq Scan",
                          "Parent Relationship": "Outer",
                          "Parallel Aware": false,
                          "Relation Name": "kind_type",
                          "Alias": "kt",
                          "Startup Cost": 0.0,
                          "Total Cost": 1.09,
                          "Plan Rows": 1,
                          "Plan Width": 4,
                          "Actual Startup Time": 0.007,
                          "Actual Total Time": 0.009,
                          "Actual Rows": 1,
                          "Actual Loops": 1,
                          "Filter": "((kind)::text = 'movie'::text)",
                          "Rows Removed by Filter": 6
                        },
                        {
                          "Node Type": "Nested Loop",
                          "Parent Relationship": "Inner",
                          "Parallel Aware": false,
                          "Join Type": "Inner",
                          "Startup Cost": 11.65,
                          "Total Cost": 12471.49,
                          "Plan Rows": 20,
                          "Plan Width": 33,
                          "Actual Startup Time": 1.13,
                          "Actual Total Time": 253.364,
                          "Actual Rows": 4987,
                          "Actual Loops": 1,
                          "Inner Unique": true,
                          "Plans": [
                            {
                              "Node Type": "Nested Loop",
                              "Parent Relationship": "Outer",
                              "Parallel Aware": false,
                              "Join Type": "Inner",
                              "Startup Cost": 11.22,
                              "Total Cost": 12460.23,
                              "Plan Rows": 23,
                              "Plan Width": 8,
                              "Actual Startup Time": 1.088,
                              "Actual Total Time": 211.629,
                              "Actual Rows": 6207,
                              "Actual Loops": 1,
                              "Inner Unique": false,
                              "Join Filter": "(cc.status_id = cct2.id)",
                              "Rows Removed by Join Filter": 6207,
                              "Plans": [
                                {
                                  "Node Type": "Seq Scan",
                                  "Parent Relationship": "Outer",
                                  "Parallel Aware": false,
                                  "Relation Name": "comp_cast_type",
                                  "Alias": "cct2",
                                  "Startup Cost": 0.0,
                                  "Total Cost": 1.05,
                                  "Plan Rows": 1,
                                  "Plan Width": 4,
                                  "Actual Startup Time": 0.008,
                                  "Actual Total Time": 0.01,
                                  "Actual Rows": 2,
                                  "Actual Loops": 1,
                                  "Filter": "((kind)::text ~~ '%complete%'::text)",
                                  "Rows Removed by Filter": 2
                                },
                                {
                                  "Node Type": "Nested Loop",
                                  "Parent Relationship": "Inner",
                                  "Parallel Aware": false,
                                  "Join Type": "Inner",
                                  "Startup Cost": 11.22,
                                  "Total Cost": 12458.02,
                                  "Plan Rows": 93,
                                  "Plan Width": 12,
                                  "Actual Startup Time": 0.761,
                                  "Actual Total Time": 104.996,
                                  "Actual Rows": 6207,
                                  "Actual Loops": 2,
                                  "Inner Unique": false,
                                  "Join Filter": "(cc.subject_id = cct1.id)",
                                  "Rows Removed by Join Filter": 2880,
                                  "Plans": [
                                    {
                                      "Node Type": "Seq Scan",
                                      "Parent Relationship": "Outer",
                                      "Parallel Aware": false,
                                      "Relation Name": "comp_cast_type",
                                      "Alias": "cct1",
                                      "Startup Cost": 0.0,
                                      "Total Cost": 1.05,
                                      "Plan Rows": 1,
                                      "Plan Width": 4,
                                      "Actual Startup Time": 0.002,
                                      "Actual Total Time": 0.005,
                                      "Actual Rows": 1,
                                      "Actual Loops": 2,
                                      "Filter": "((kind)::text = 'cast'::text)",
                                      "Rows Removed by Filter": 3
                                    },
                                    {
                                      "Node Type": "Nested Loop",
                                      "Parent Relationship": "Inner",
                                      "Parallel Aware": false,
                                      "Join Type": "Inner",
                                      "Startup Cost": 11.22,
                                      "Total Cost": 12452.34,
                                      "Plan Rows": 370,
                                      "Plan Width": 16,
                                      "Actual Startup Time": 0.757,
                                      "Actual Total Time": 103.953,
                                      "Actual Rows": 9087,
                                      "Actual Loops": 2,
                                      "Inner Unique": false,
                                      "Plans": [
                                        {
                                          "Node Type": "Nested Loop",
                                          "Parent Relationship": "Outer",
                                          "Parallel Aware": false,
                                          "Join Type": "Inner",
                                          "Startup Cost": 10.8,
                                          "Total Cost": 12323.81,
                                          "Plan Rows": 270,
                                          "Plan Width": 4,
                                          "Actual Startup Time": 0.504,
                                          "Actual Total Time": 62.437,
                                          "Actual Rows": 23581,
                                          "Actual Loops": 2,
                                          "Inner Unique": false,
                                          "Plans": [
                                            {
                                              "Node Type": "Seq Scan",
                                              "Parent Relationship": "Outer",
                                              "Parallel Aware": false,
                                              "Relation Name": "keyword",
                                              "Alias": "k",
                                              "Startup Cost": 0.0,
                                              "Total Cost": 3632.4,
                                              "Plan Rows": 8,
                                              "Plan Width": 4,
                                              "Actual Startup Time": 0.086,
                                              "Actual Total Time": 20.777,
                                              "Actual Rows": 7,
                                              "Actual Loops": 2,
                                              "Filter": "(keyword = ANY ('{tv-special,based-on-comic,fight,violence,marvel-comics,superhero,tv-special,genie}'::text[]))",
                                              "Rows Removed by Filter": 134163
                                            },
                                            {
                                              "Node Type": "Bitmap Heap Scan",
                                              "Parent Relationship": "Inner",
                                              "Parallel Aware": false,
                                              "Relation Name": "movie_keyword",
                                              "Alias": "mk",
                                              "Startup Cost": 10.8,
                                              "Total Cost": 1083.38,
                                              "Plan Rows": 305,
                                              "Plan Width": 8,
                                              "Actual Startup Time": 0.698,
                                              "Actual Total Time": 5.582,
                                              "Actual Rows": 3369,
                                              "Actual Loops": 14,
                                              "Recheck Cond": "(keyword_id = k.id)",
                                              "Rows Removed by Index Recheck": 0,
                                              "Exact Heap Blocks": 33260,
                                              "Lossy Heap Blocks": 0,
                                              "Plans": [
                                                {
                                                  "Node Type": "Bitmap Index Scan",
                                                  "Parent Relationship": "Outer",
                                                  "Parallel Aware": false,
                                                  "Index Name": "keyword_id_movie_keyword",
                                                  "Startup Cost": 0.0,
                                                  "Total Cost": 10.72,
                                                  "Plan Rows": 305,
                                                  "Plan Width": 0,
                                                  "Actual Startup Time": 0.439,
                                                  "Actual Total Time": 0.439,
                                                  "Actual Rows": 3369,
                                                  "Actual Loops": 14,
                                                  "Index Cond": "(keyword_id = k.id)"
                                                }
                                              ]
                                            }
                                          ]
                                        },
                                        {
                                          "Node Type": "Index Scan",
                                          "Parent Relationship": "Inner",
                                          "Parallel Aware": false,
                                          "Scan Direction": "Forward",
                                          "Index Name": "movie_id_complete_cast",
                                          "Relation Name": "complete_cast",
                                          "Alias": "cc",
                                          "Startup Cost": 0.42,
                                          "Total Cost": 0.46,
                                          "Plan Rows": 2,
                                          "Plan Width": 12,
                                          "Actual Startup Time": 0.001,
                                          "Actual Total Time": 0.002,
                                          "Actual Rows": 0,
                                          "Actual Loops": 47162,
                                          "Index Cond": "(movie_id = mk.movie_id)",
                                          "Rows Removed by Index Recheck": 0
                                        }
                                      ]
                                    }
                                  ]
                                }
                              ]
                            },
                            {
                              "Node Type": "Index Scan",
                              "Parent Relationship": "Inner",
                              "Parallel Aware": false,
                              "Scan Direction": "Forward",
                              "Index Name": "title_pkey",
                              "Relation Name": "title",
                              "Alias": "t",
                              "Startup Cost": 0.43,
                              "Total Cost": 0.49,
                              "Plan Rows": 1,
                              "Plan Width": 25,
                              "Actual Startup Time": 0.006,
                              "Actual Total Time": 0.006,
                              "Actual Rows": 1,
                              "Actual Loops": 6207,
                              "Index Cond": "(id = mk.movie_id)",
                              "Rows Removed by Index Recheck": 0,
                              "Filter": "(production_year > 1957)",
                              "Rows Removed by Filter": 0
                            }
                          ]
                        }
                      ]
                    },
                    {
                      "Node Type": "Index Scan",
                      "Parent Relationship": "Inner",
                      "Parallel Aware": false,
                      "Scan Direction": "Forward",
                      "Index Name": "movie_id_cast_info",
                      "Relation Name": "cast_info",
                      "Alias": "ci",
                      "Startup Cost": 0.56,
                      "Total Cost": 1.52,
                      "Plan Rows": 35,
                      "Plan Width": 12,
                      "Actual Startup Time": 0.013,
                      "Actual Total Time": 0.165,
                      "Actual Rows": 94,
                      "Actual Loops": 4230,
                      "Index Cond": "(movie_id = mk.movie_id)",
                      "Rows Removed by Index Recheck": 0
                    }
                  ]
                },
                {
                  "Node Type": "Index Scan",
                  "Parent Relationship": "Inner",
                  "Parallel Aware": false,
                  "Scan Direction": "Forward",
                  "Index Name": "char_name_pkey",
                  "Relation Name": "char_name",
                  "Alias": "chn",
                  "Startup Cost": 0.43,
                  "Total Cost": 0.46,
                  "Plan Rows": 1,
                  "Plan Width": 4,
                  "Actual Startup Time": 0.002,
                  "Actual Total Time": 0.002,
                  "Actual Rows": 0,
                  "Actual Loops": 397515,
                  "Index Cond": "(id = ci.person_role_id)",
                  "Rows Removed by Index Recheck": 0,
                  "Filter": "((name !~~ '%Sherlock%'::text) AND (name ~~ '%Aladdin%'::text))",
                  "Rows Removed by Filter": 0
                }
              ]
            },
            {
              "Node Type": "Index Scan",
              "Parent Relationship": "Inner",
              "Parallel Aware": false,
              "Scan Direction": "Forward",
              "Index Name": "name_pkey",
              "Relation Name": "name",
              "Alias": "n",
              "Startup Cost": 0.43,
              "Total Cost": 0.46,
              "Plan Rows": 1,
              "Plan Width": 4,
              "Actual Startup Time": 0.046,
              "Actual Total Time": 0.047,
              "Actual Rows": 0,
              "Actual Loops": 4,
              "Index Cond": "(id = ci.person_id)",
              "Rows Removed by Index Recheck": 0,
              "Filter": "(name ~~ '%Hickman,%'::text)",
              "Rows Removed by Filter": 1
            }
          ]
        }
      ]
    },
    "Planning Time": 30.887,
    "Triggers": [],
    "Execution Time": 1736.404
  }
]