{
    "Plan": {
        "Node Type": "Aggregate",
        "Strategy": "Plain",
        "Partial Mode": "Finalize",
        "Parallel Aware": false,
        "Startup Cost": 249237.93,
        "Total Cost": 249237.94,
        "Plan Rows": 1,
        "Plan Width": 8,
        "Actual Startup Time": 513.978,
        "Actual Total Time": 559.801,
        "Actual Rows": 1,
        "Actual Loops": 1,
        "Output": [
            "count(*)"
        ],
        "Plans": [
            {
                "Node Type": "Gather",
                "Parent Relationship": "Outer",
                "Parallel Aware": false,
                "Startup Cost": 249237.41,
                "Total Cost": 249237.92,
                "Plan Rows": 5,
                "Plan Width": 8,
                "Actual Startup Time": 510.213,
                "Actual Total Time": 559.79,
                "Actual Rows": 6,
                "Actual Loops": 1,
                "Output": [
                    "(PARTIAL count(*))"
                ],
                "Workers Planned": 5,
                "Workers Launched": 5,
                "Single Copy": false,
                "Plans": [
                    {
                        "Node Type": "Aggregate",
                        "Strategy": "Plain",
                        "Partial Mode": "Partial",
                        "Parent Relationship": "Outer",
                        "Parallel Aware": false,
                        "Startup Cost": 248237.41,
                        "Total Cost": 248237.42,
                        "Plan Rows": 1,
                        "Plan Width": 8,
                        "Actual Startup Time": 499.878,
                        "Actual Total Time": 499.881,
                        "Actual Rows": 1,
                        "Actual Loops": 6,
                        "Output": [
                            "PARTIAL count(*)"
                        ],
                        "Workers": [
                            {
                                "Worker Number": 0,
                                "Actual Startup Time": 497.4,
                                "Actual Total Time": 497.403,
                                "Actual Rows": 1,
                                "Actual Loops": 1
                            },
                            {
                                "Worker Number": 1,
                                "Actual Startup Time": 497.769,
                                "Actual Total Time": 497.771,
                                "Actual Rows": 1,
                                "Actual Loops": 1
                            },
                            {
                                "Worker Number": 2,
                                "Actual Startup Time": 498.638,
                                "Actual Total Time": 498.64,
                                "Actual Rows": 1,
                                "Actual Loops": 1
                            },
                            {
                                "Worker Number": 3,
                                "Actual Startup Time": 497.86,
                                "Actual Total Time": 497.863,
                                "Actual Rows": 1,
                                "Actual Loops": 1
                            },
                            {
                                "Worker Number": 4,
                                "Actual Startup Time": 498.288,
                                "Actual Total Time": 498.291,
                                "Actual Rows": 1,
                                "Actual Loops": 1
                            }
                        ],
                        "Plans": [
                            {
                                "Node Type": "Hash Join",
                                "Parent Relationship": "Outer",
                                "Parallel Aware": true,
                                "Join Type": "Inner",
                                "Startup Cost": 48499.76,
                                "Total Cost": 248008.69,
                                "Plan Rows": 91488,
                                "Plan Width": 0,
                                "Actual Startup Time": 316.302,
                                "Actual Total Time": 492.74,
                                "Actual Rows": 176068,
                                "Actual Loops": 6,
                                "Inner Unique": true,
                                "Hash Cond": "(mi.movie_id = t.id)",
                                "Workers": [
                                    {
                                        "Worker Number": 0,
                                        "Actual Startup Time": 313.931,
                                        "Actual Total Time": 490.744,
                                        "Actual Rows": 161897,
                                        "Actual Loops": 1
                                    },
                                    {
                                        "Worker Number": 1,
                                        "Actual Startup Time": 314.311,
                                        "Actual Total Time": 490.659,
                                        "Actual Rows": 177226,
                                        "Actual Loops": 1
                                    },
                                    {
                                        "Worker Number": 2,
                                        "Actual Startup Time": 314.375,
                                        "Actual Total Time": 491.98,
                                        "Actual Rows": 162349,
                                        "Actual Loops": 1
                                    },
                                    {
                                        "Worker Number": 3,
                                        "Actual Startup Time": 314.469,
                                        "Actual Total Time": 491.171,
                                        "Actual Rows": 161881,
                                        "Actual Loops": 1
                                    },
                                    {
                                        "Worker Number": 4,
                                        "Actual Startup Time": 314.868,
                                        "Actual Total Time": 491.22,
                                        "Actual Rows": 176959,
                                        "Actual Loops": 1
                                    }
                                ],
                                "Plans": [
                                    {
                                        "Node Type": "Seq Scan",
                                        "Parent Relationship": "Outer",
                                        "Parallel Aware": true,
                                        "Relation Name": "movie_info",
                                        "Schema": "public",
                                        "Alias": "mi",
                                        "Startup Cost": 0.0,
                                        "Total Cost": 198880.74,
                                        "Plan Rows": 239311,
                                        "Plan Width": 4,
                                        "Actual Startup Time": 165.341,
                                        "Actual Total Time": 286.01,
                                        "Actual Rows": 200785,
                                        "Actual Loops": 6,
                                        "Output": [
                                            "mi.id",
                                            "mi.movie_id",
                                            "mi.info_type_id",
                                            "mi.info",
                                            "mi.note"
                                        ],
                                        "Filter": "(mi.info_type_id > 18)",
                                        "Rows Removed by Filter": 2271835,
                                        "Workers": [
                                            {
                                                "Worker Number": 0,
                                                "Actual Startup Time": 165.325,
                                                "Actual Total Time": 288.542,
                                                "Actual Rows": 182714,
                                                "Actual Loops": 1
                                            },
                                            {
                                                "Worker Number": 1,
                                                "Actual Startup Time": 165.33,
                                                "Actual Total Time": 288.082,
                                                "Actual Rows": 201109,
                                                "Actual Loops": 1
                                            },
                                            {
                                                "Worker Number": 2,
                                                "Actual Startup Time": 165.304,
                                                "Actual Total Time": 288.381,
                                                "Actual Rows": 183312,
                                                "Actual Loops": 1
                                            },
                                            {
                                                "Worker Number": 3,
                                                "Actual Startup Time": 165.399,
                                                "Actual Total Time": 288.751,
                                                "Actual Rows": 182802,
                                                "Actual Loops": 1
                                            },
                                            {
                                                "Worker Number": 4,
                                                "Actual Startup Time": 165.378,
                                                "Actual Total Time": 288.286,
                                                "Actual Rows": 200653,
                                                "Actual Loops": 1
                                            }
                                        ]
                                    },
                                    {
                                        "Node Type": "Hash",
                                        "Parent Relationship": "Inner",
                                        "Parallel Aware": true,
                                        "Startup Cost": 45479.21,
                                        "Total Cost": 45479.21,
                                        "Plan Rows": 241644,
                                        "Plan Width": 4,
                                        "Actual Startup Time": 147.207,
                                        "Actual Total Time": 147.208,
                                        "Actual Rows": 162963,
                                        "Actual Loops": 6,
                                        "Output": [
                                            "t.id"
                                        ],
                                        "Hash Buckets": 1048576,
                                        "Original Hash Buckets": 1048576,
                                        "Hash Batches": 1,
                                        "Original Hash Batches": 1,
                                        "Peak Memory Usage": 46528,
                                        "Workers": [
                                            {
                                                "Worker Number": 0,
                                                "Actual Startup Time": 147.953,
                                                "Actual Total Time": 147.954,
                                                "Actual Rows": 153441,
                                                "Actual Loops": 1
                                            },
                                            {
                                                "Worker Number": 1,
                                                "Actual Startup Time": 148.33,
                                                "Actual Total Time": 148.33,
                                                "Actual Rows": 160432,
                                                "Actual Loops": 1
                                            },
                                            {
                                                "Worker Number": 2,
                                                "Actual Startup Time": 148.413,
                                                "Actual Total Time": 148.414,
                                                "Actual Rows": 152807,
                                                "Actual Loops": 1
                                            },
                                            {
                                                "Worker Number": 3,
                                                "Actual Startup Time": 148.312,
                                                "Actual Total Time": 148.313,
                                                "Actual Rows": 154358,
                                                "Actual Loops": 1
                                            },
                                            {
                                                "Worker Number": 4,
                                                "Actual Startup Time": 148.783,
                                                "Actual Total Time": 148.784,
                                                "Actual Rows": 161465,
                                                "Actual Loops": 1
                                            }
                                        ],
                                        "Plans": [
                                            {
                                                "Node Type": "Seq Scan",
                                                "Parent Relationship": "Outer",
                                                "Parallel Aware": true,
                                                "Relation Name": "title",
                                                "Schema": "public",
                                                "Alias": "t",
                                                "Startup Cost": 0.0,
                                                "Total Cost": 45479.21,
                                                "Plan Rows": 241644,
                                                "Plan Width": 4,
                                                "Actual Startup Time": 0.066,
                                                "Actual Total Time": 82.65,
                                                "Actual Rows": 162963,
                                                "Actual Loops": 6,
                                                "Output": [
                                                    "t.id"
                                                ],
                                                "Filter": "((t.kind_id < 7) AND (t.production_year > 0))",
                                                "Rows Removed by Filter": 258422,
                                                "Workers": [
                                                    {
                                                        "Worker Number": 0,
                                                        "Actual Startup Time": 0.072,
                                                        "Actual Total Time": 83.792,
                                                        "Actual Rows": 153441,
                                                        "Actual Loops": 1
                                                    },
                                                    {
                                                        "Worker Number": 1,
                                                        "Actual Startup Time": 0.082,
                                                        "Actual Total Time": 82.559,
                                                        "Actual Rows": 160432,
                                                        "Actual Loops": 1
                                                    },
                                                    {
                                                        "Worker Number": 2,
                                                        "Actual Startup Time": 0.071,
                                                        "Actual Total Time": 83.067,
                                                        "Actual Rows": 152807,
                                                        "Actual Loops": 1
                                                    },
                                                    {
                                                        "Worker Number": 3,
                                                        "Actual Startup Time": 0.073,
                                                        "Actual Total Time": 83.062,
                                                        "Actual Rows": 154358,
                                                        "Actual Loops": 1
                                                    },
                                                    {
                                                        "Worker Number": 4,
                                                        "Actual Startup Time": 0.079,
                                                        "Actual Total Time": 83.226,
                                                        "Actual Rows": 161465,
                                                        "Actual Loops": 1
                                                    }
                                                ]
                                            }
                                        ]
                                    }
                                ]
                            }
                        ]
                    }
                ]
            }
        ]
    },
    "Planning Time": 0.755,
    "Triggers": [],
    "Execution Time": 559.881
}