[
  {
    "Plan": {
      "Node Type": "Aggregate",
      "Strategy": "Plain",
      "Partial Mode": "Finalize",
      "Parallel Aware": false,
      "Startup Cost": 310479.8,
      "Total Cost": 310479.81,
      "Plan Rows": 1,
      "Plan Width": 8,
      "Actual Startup Time": 2911.496,
      "Actual Total Time": 3008.575,
      "Actual Rows": 1,
      "Actual Loops": 1,
      "Plans": [
        {
          "Node Type": "Gather",
          "Parent Relationship": "Outer",
          "Parallel Aware": false,
          "Startup Cost": 310479.28,
          "Total Cost": 310479.79,
          "Plan Rows": 5,
          "Plan Width": 8,
          "Actual Startup Time": 2910.812,
          "Actual Total Time": 3008.564,
          "Actual Rows": 6,
          "Actual Loops": 1,
          "Workers Planned": 5,
          "Workers Launched": 5,
          "Single Copy": false,
          "Plans": [
            {
              "Node Type": "Aggregate",
              "Strategy": "Plain",
              "Partial Mode": "Partial",
              "Parent Relationship": "Outer",
              "Parallel Aware": false,
              "Startup Cost": 309479.28,
              "Total Cost": 309479.29,
              "Plan Rows": 1,
              "Plan Width": 8,
              "Actual Startup Time": 2904.906,
              "Actual Total Time": 2904.91,
              "Actual Rows": 1,
              "Actual Loops": 6,
              "Plans": [
                {
                  "Node Type": "Nested Loop",
                  "Parent Relationship": "Outer",
                  "Parallel Aware": false,
                  "Join Type": "Inner",
                  "Startup Cost": 38226.26,
                  "Total Cost": 309309.79,
                  "Plan Rows": 67798,
                  "Plan Width": 0,
                  "Actual Startup Time": 44.523,
                  "Actual Total Time": 2877.928,
                  "Actual Rows": 454772,
                  "Actual Loops": 6,
                  "Inner Unique": false,
                  "Join Filter": "(t.id = ci.movie_id)",
                  "Rows Removed by Join Filter": 0,
                  "Plans": [
                    {
                      "Node Type": "Hash Join",
                      "Parent Relationship": "Outer",
                      "Parallel Aware": true,
                      "Join Type": "Inner",
                      "Startup Cost": 38225.69,
                      "Total Cost": 237705.1,
                      "Plan Rows": 47956,
                      "Plan Width": 8,
                      "Actual Startup Time": 44.339,
                      "Actual Total Time": 688.159,
                      "Actual Rows": 73263,
                      "Actual Loops": 6,
                      "Inner Unique": true,
                      "Hash Cond": "(mi.movie_id = t.id)",
                      "Plans": [
                        {
                          "Node Type": "Seq Scan",
                          "Parent Relationship": "Outer",
                          "Parallel Aware": true,
                          "Relation Name": "movie_info",
                          "Alias": "mi",
                          "Startup Cost": 0.0,
                          "Total Cost": 191685.19,
                          "Plan Rows": 2969219,
                          "Plan Width": 4,
                          "Actual Startup Time": 0.027,
                          "Actual Total Time": 291.187,
                          "Actual Rows": 2472620,
                          "Actual Loops": 6
                        },
                        {
                          "Node Type": "Hash",
                          "Parent Relationship": "Inner",
                          "Parallel Aware": true,
                          "Startup Cost": 38098.08,
                          "Total Cost": 38098.08,
                          "Plan Rows": 10209,
                          "Plan Width": 4,
                          "Actual Startup Time": 34.373,
                          "Actual Total Time": 34.375,
                          "Actual Rows": 9430,
                          "Actual Loops": 6,
                          "Hash Buckets": 65536,
                          "Original Hash Buckets": 65536,
                          "Hash Batches": 1,
                          "Original Hash Batches": 1,
                          "Peak Memory Usage": 2816,
                          "Plans": [
                            {
                              "Node Type": "Bitmap Heap Scan",
                              "Parent Relationship": "Outer",
                              "Parallel Aware": true,
                              "Relation Name": "title",
                              "Alias": "t",
                              "Startup Cost": 1736.93,
                              "Total Cost": 38098.08,
                              "Plan Rows": 10209,
                              "Plan Width": 4,
                              "Actual Startup Time": 5.339,
                              "Actual Total Time": 30.212,
                              "Actual Rows": 9430,
                              "Actual Loops": 6,
                              "Recheck Cond": "(kind_id = 3)",
                              "Rows Removed by Index Recheck": 0,
                              "Filter": "(production_year < 2001)",
                              "Rows Removed by Filter": 7326,
                              "Exact Heap Blocks": 4598,
                              "Lossy Heap Blocks": 0,
                              "Plans": [
                                {
                                  "Node Type": "Bitmap Index Scan",
                                  "Parent Relationship": "Outer",
                                  "Parallel Aware": false,
                                  "Index Name": "kind_id_title",
                                  "Startup Cost": 0.0,
                                  "Total Cost": 1726.72,
                                  "Plan Rows": 96839,
                                  "Plan Width": 0,
                                  "Actual Startup Time": 7.696,
                                  "Actual Total Time": 7.697,
                                  "Actual Rows": 100537,
                                  "Actual Loops": 1,
                                  "Index Cond": "(kind_id = 3)"
                                }
                              ]
                            }
                          ]
                        }
                      ]
                    },
                    {
                      "Node Type": "Index Scan",
                      "Parent Relationship": "Inner",
                      "Parallel Aware": false,
                      "Scan Direction": "Forward",
                      "Index Name": "movie_id_cast_info",
                      "Relation Name": "cast_info",
                      "Alias": "ci",
                      "Startup Cost": 0.56,
                      "Total Cost": 1.46,
                      "Plan Rows": 3,
                      "Plan Width": 4,
                      "Actual Startup Time": 0.006,
                      "Actual Total Time": 0.029,
                      "Actual Rows": 6,
                      "Actual Loops": 439576,
                      "Index Cond": "(movie_id = mi.movie_id)",
                      "Rows Removed by Index Recheck": 0,
                      "Filter": "((person_id < 1006067) AND (role_id = 1))",
                      "Rows Removed by Filter": 18
                    }
                  ]
                }
              ]
            }
          ]
        }
      ]
    },
    "Planning Time": 0.518,
    "Triggers": [],
    "Execution Time": 3008.694
  }
]