[
    {
        "Bao": {
            "Bao prediction": 531.381,
            "Bao recommended hint": "(no hint)"
        }
    },
    {
        "Plan": {
            "Node Type": "Aggregate",
            "Strategy": "Plain",
            "Partial Mode": "Simple",
            "Parallel Aware": false,
            "Startup Cost": 18016.53,
            "Total Cost": 18016.54,
            "Plan Rows": 1,
            "Plan Width": 8,
            "Actual Startup Time": 10.891,
            "Actual Total Time": 10.893,
            "Actual Rows": 1,
            "Actual Loops": 1,
            "Output": [
                "count(*)"
            ],
            "Plans": [
                {
                    "Node Type": "Bitmap Heap Scan",
                    "Parent Relationship": "Outer",
                    "Parallel Aware": false,
                    "Relation Name": "movie_companies",
                    "Schema": "public",
                    "Alias": "mc",
                    "Startup Cost": 268.06,
                    "Total Cost": 17985.68,
                    "Plan Rows": 12340,
                    "Plan Width": 0,
                    "Actual Startup Time": 1.957,
                    "Actual Total Time": 8.777,
                    "Actual Rows": 13337,
                    "Actual Loops": 1,
                    "Recheck Cond": "(mc.company_id > 222369)",
                    "Rows Removed by Index Recheck": 0,
                    "Exact Heap Blocks": 593,
                    "Lossy Heap Blocks": 0,
                    "Plans": [
                        {
                            "Node Type": "Bitmap Index Scan",
                            "Parent Relationship": "Outer",
                            "Parallel Aware": false,
                            "Index Name": "company_id_movie_companies",
                            "Startup Cost": 0.0,
                            "Total Cost": 264.98,
                            "Plan Rows": 12340,
                            "Plan Width": 0,
                            "Actual Startup Time": 1.733,
                            "Actual Total Time": 1.734,
                            "Actual Rows": 13337,
                            "Actual Loops": 1,
                            "Index Cond": "(mc.company_id > 222369)"
                        }
                    ]
                }
            ]
        },
        "Planning Time": 1576.823,
        "Triggers": [],
        "Execution Time": 11.026
    }
]