{
  "Plan": {
    "Node Type": "Aggregate",
    "Strategy": "Plain",
    "Partial Mode": "Finalize",
    "Parallel Aware": false,
    "Startup Cost": 421557.23,
    "Total Cost": 421557.24,
    "Plan Rows": 1,
    "Plan Width": 8,
    "Actual Startup Time": 1738.315,
    "Actual Total Time": 1763.188,
    "Actual Rows": 1,
    "Actual Loops": 1,
    "Plans": [
      {
        "Node Type": "Gather",
        "Parent Relationship": "Outer",
        "Parallel Aware": false,
        "Startup Cost": 421557.12,
        "Total Cost": 421557.23,
        "Plan Rows": 1,
        "Plan Width": 8,
        "Actual Startup Time": 1730.066,
        "Actual Total Time": 1763.177,
        "Actual Rows": 2,
        "Actual Loops": 1,
        "Workers Planned": 1,
        "Workers Launched": 1,
        "Single Copy": false,
        "Plans": [
          {
            "Node Type": "Aggregate",
            "Strategy": "Plain",
            "Partial Mode": "Partial",
            "Parent Relationship": "Outer",
            "Parallel Aware": false,
            "Startup Cost": 420557.12,
            "Total Cost": 420557.13,
            "Plan Rows": 1,
            "Plan Width": 8,
            "Actual Startup Time": 1716.987,
            "Actual Total Time": 1716.992,
            "Actual Rows": 1,
            "Actual Loops": 2,
            "Plans": [
              {
                "Node Type": "Hash Join",
                "Parent Relationship": "Outer",
                "Parallel Aware": true,
                "Join Type": "Inner",
                "Startup Cost": 134405.63,
                "Total Cost": 416911.69,
                "Plan Rows": 1458172,
                "Plan Width": 0,
                "Actual Startup Time": 756.248,
                "Actual Total Time": 1643.971,
                "Actual Rows": 1415680,
                "Actual Loops": 2,
                "Inner Unique": true,
                "Hash Cond": "(ci.movie_id = t.id)",
                "Plans": [
                  {
                    "Node Type": "Bitmap Heap Scan",
                    "Parent Relationship": "Outer",
                    "Parallel Aware": true,
                    "Relation Name": "cast_info",
                    "Alias": "ci",
                    "Startup Cost": 64944.93,
                    "Total Cost": 343623.28,
                    "Plan Rows": 1458172,
                    "Plan Width": 4,
                    "Actual Startup Time": 160.935,
                    "Actual Total Time": 410.649,
                    "Actual Rows": 1415680,
                    "Actual Loops": 2,
                    "Recheck Cond": "(person_id < 291432)",
                    "Rows Removed by Index Recheck": 0,
                    "Filter": "(role_id < 9)",
                    "Rows Removed by Filter": 84042,
                    "Exact Heap Blocks": 19289,
                    "Lossy Heap Blocks": 0,
                    "Plans": [
                      {
                        "Node Type": "Bitmap Index Scan",
                        "Parent Relationship": "Outer",
                        "Parallel Aware": false,
                        "Index Name": "person_id_cast_info",
                        "Startup Cost": 0.0,
                        "Total Cost": 64325.21,
                        "Plan Rows": 2945686,
                        "Plan Width": 0,
                        "Actual Startup Time": 152.708,
                        "Actual Total Time": 152.708,
                        "Actual Rows": 2999445,
                        "Actual Loops": 1,
                        "Index Cond": "(person_id < 291432)"
                      }
                    ]
                  },
                  {
                    "Node Type": "Hash",
                    "Parent Relationship": "Inner",
                    "Parallel Aware": true,
                    "Startup Cost": 50870.31,
                    "Total Cost": 50870.31,
                    "Plan Rows": 1487231,
                    "Plan Width": 4,
                    "Actual Startup Time": 572.609,
                    "Actual Total Time": 572.61,
                    "Actual Rows": 1264156,
                    "Actual Loops": 2,
                    "Hash Buckets": 4194304,
                    "Original Hash Buckets": 4194304,
                    "Hash Batches": 1,
                    "Original Hash Batches": 1,
                    "Peak Memory Usage": 131712,
                    "Plans": [
                      {
                        "Node Type": "Seq Scan",
                        "Parent Relationship": "Outer",
                        "Parallel Aware": true,
                        "Relation Name": "title",
                        "Alias": "t",
                        "Startup Cost": 0.0,
                        "Total Cost": 50870.31,
                        "Plan Rows": 1487231,
                        "Plan Width": 4,
                        "Actual Startup Time": 0.026,
                        "Actual Total Time": 177.685,
                        "Actual Rows": 1264156,
                        "Actual Loops": 2
                      }
                    ]
                  }
                ]
              }
            ]
          }
        ]
      }
    ]
  },
  "Planning Time": 0.889,
  "Triggers": [],
  "Execution Time": 1763.312
}