[
  {
    "Plan": {
      "Node Type": "Aggregate",
      "Strategy": "Plain",
      "Partial Mode": "Finalize",
      "Parallel Aware": false,
      "Startup Cost": 134830.29,
      "Total Cost": 134830.3,
      "Plan Rows": 1,
      "Plan Width": 8,
      "Actual Startup Time": 687.173,
      "Actual Total Time": 754.016,
      "Actual Rows": 1,
      "Actual Loops": 1,
      "Plans": [
        {
          "Node Type": "Gather",
          "Parent Relationship": "Outer",
          "Parallel Aware": false,
          "Startup Cost": 134829.97,
          "Total Cost": 134830.28,
          "Plan Rows": 3,
          "Plan Width": 8,
          "Actual Startup Time": 685.105,
          "Actual Total Time": 754.004,
          "Actual Rows": 4,
          "Actual Loops": 1,
          "Workers Planned": 3,
          "Workers Launched": 3,
          "Single Copy": false,
          "Plans": [
            {
              "Node Type": "Aggregate",
              "Strategy": "Plain",
              "Partial Mode": "Partial",
              "Parent Relationship": "Outer",
              "Parallel Aware": false,
              "Startup Cost": 133829.97,
              "Total Cost": 133829.98,
              "Plan Rows": 1,
              "Plan Width": 8,
              "Actual Startup Time": 675.692,
              "Actual Total Time": 675.696,
              "Actual Rows": 1,
              "Actual Loops": 4,
              "Plans": [
                {
                  "Node Type": "Nested Loop",
                  "Parent Relationship": "Outer",
                  "Parallel Aware": false,
                  "Join Type": "Inner",
                  "Startup Cost": 54591.53,
                  "Total Cost": 133636.24,
                  "Plan Rows": 77493,
                  "Plan Width": 0,
                  "Actual Startup Time": 149.894,
                  "Actual Total Time": 666.079,
                  "Actual Rows": 168176,
                  "Actual Loops": 4,
                  "Inner Unique": false,
                  "Plans": [
                    {
                      "Node Type": "Hash Join",
                      "Parent Relationship": "Outer",
                      "Parallel Aware": true,
                      "Join Type": "Inner",
                      "Startup Cost": 54590.96,
                      "Total Cost": 75787.63,
                      "Plan Rows": 8065,
                      "Plan Width": 8,
                      "Actual Startup Time": 149.738,
                      "Actual Total Time": 210.606,
                      "Actual Rows": 21316,
                      "Actual Loops": 4,
                      "Inner Unique": true,
                      "Hash Cond": "(mc.movie_id = t.id)",
                      "Plans": [
                        {
                          "Node Type": "Bitmap Heap Scan",
                          "Parent Relationship": "Outer",
                          "Parallel Aware": true,
                          "Relation Name": "movie_companies",
                          "Alias": "mc",
                          "Startup Cost": 9840.34,
                          "Total Cost": 30840.61,
                          "Plan Rows": 74815,
                          "Plan Width": 4,
                          "Actual Startup Time": 24.585,
                          "Actual Total Time": 48.205,
                          "Actual Rows": 116143,
                          "Actual Loops": 4,
                          "Recheck Cond": "(company_id > 76353)",
                          "Rows Removed by Index Recheck": 0,
                          "Filter": "(company_type_id = 2)",
                          "Rows Removed by Filter": 0,
                          "Exact Heap Blocks": 2832,
                          "Lossy Heap Blocks": 0,
                          "Plans": [
                            {
                              "Node Type": "Bitmap Index Scan",
                              "Parent Relationship": "Outer",
                              "Parallel Aware": false,
                              "Index Name": "company_id_movie_companies",
                              "Startup Cost": 0.0,
                              "Total Cost": 9782.35,
                              "Plan Rows": 456790,
                              "Plan Width": 0,
                              "Actual Startup Time": 23.502,
                              "Actual Total Time": 23.502,
                              "Actual Rows": 464573,
                              "Actual Loops": 1,
                              "Index Cond": "(company_id > 76353)"
                            }
                          ]
                        },
                        {
                          "Node Type": "Hash",
                          "Parent Relationship": "Inner",
                          "Parallel Aware": true,
                          "Startup Cost": 43898.92,
                          "Total Cost": 43898.92,
                          "Plan Rows": 68137,
                          "Plan Width": 4,
                          "Actual Startup Time": 120.988,
                          "Actual Total Time": 120.989,
                          "Actual Rows": 71264,
                          "Actual Loops": 4,
                          "Hash Buckets": 524288,
                          "Original Hash Buckets": 524288,
                          "Hash Batches": 1,
                          "Original Hash Batches": 1,
                          "Peak Memory Usage": 15328,
                          "Plans": [
                            {
                              "Node Type": "Seq Scan",
                              "Parent Relationship": "Outer",
                              "Parallel Aware": true,
                              "Relation Name": "title",
                              "Alias": "t",
                              "Startup Cost": 0.0,
                              "Total Cost": 43898.92,
                              "Plan Rows": 68137,
                              "Plan Width": 4,
                              "Actual Startup Time": 0.04,
                              "Actual Total Time": 95.283,
                              "Actual Rows": 71264,
                              "Actual Loops": 4,
                              "Filter": "(production_year < 1964)",
                              "Rows Removed by Filter": 560814
                            }
                          ]
                        }
                      ]
                    },
                    {
                      "Node Type": "Index Scan",
                      "Parent Relationship": "Inner",
                      "Parallel Aware": false,
                      "Scan Direction": "Forward",
                      "Index Name": "movie_id_cast_info",
                      "Relation Name": "cast_info",
                      "Alias": "ci",
                      "Startup Cost": 0.56,
                      "Total Cost": 6.92,
                      "Plan Rows": 25,
                      "Plan Width": 4,
                      "Actual Startup Time": 0.01,
                      "Actual Total Time": 0.021,
                      "Actual Rows": 8,
                      "Actual Loops": 85262,
                      "Index Cond": "(movie_id = t.id)",
                      "Rows Removed by Index Recheck": 0,
                      "Filter": "(person_id > 1172947)",
                      "Rows Removed by Filter": 5
                    }
                  ]
                }
              ]
            }
          ]
        }
      ]
    },
    "Planning Time": 1.48,
    "Triggers": [],
    "Execution Time": 754.148
  }
]