[
  {
    "Plan": {
      "Node Type": "Aggregate",
      "Strategy": "Plain",
      "Partial Mode": "Finalize",
      "Parallel Aware": false,
      "Startup Cost": 295977.14,
      "Total Cost": 295977.15,
      "Plan Rows": 1,
      "Plan Width": 8,
      "Actual Startup Time": 1692.165,
      "Actual Total Time": 1745.838,
      "Actual Rows": 1,
      "Actual Loops": 1,
      "Plans": [
        {
          "Node Type": "Gather",
          "Parent Relationship": "Outer",
          "Parallel Aware": false,
          "Startup Cost": 295976.62,
          "Total Cost": 295977.13,
          "Plan Rows": 5,
          "Plan Width": 8,
          "Actual Startup Time": 1667.039,
          "Actual Total Time": 1745.824,
          "Actual Rows": 6,
          "Actual Loops": 1,
          "Workers Planned": 5,
          "Workers Launched": 5,
          "Single Copy": false,
          "Plans": [
            {
              "Node Type": "Aggregate",
              "Strategy": "Plain",
              "Partial Mode": "Partial",
              "Parent Relationship": "Outer",
              "Parallel Aware": false,
              "Startup Cost": 294976.62,
              "Total Cost": 294976.63,
              "Plan Rows": 1,
              "Plan Width": 8,
              "Actual Startup Time": 1653.414,
              "Actual Total Time": 1653.422,
              "Actual Rows": 1,
              "Actual Loops": 6,
              "Plans": [
                {
                  "Node Type": "Hash Join",
                  "Parent Relationship": "Outer",
                  "Parallel Aware": true,
                  "Join Type": "Inner",
                  "Startup Cost": 88966.97,
                  "Total Cost": 293583.85,
                  "Plan Rows": 557108,
                  "Plan Width": 0,
                  "Actual Startup Time": 481.11,
                  "Actual Total Time": 1498.077,
                  "Actual Rows": 3034641,
                  "Actual Loops": 6,
                  "Inner Unique": false,
                  "Hash Cond": "(mi.movie_id = t.id)",
                  "Plans": [
                    {
                      "Node Type": "Seq Scan",
                      "Parent Relationship": "Outer",
                      "Parallel Aware": true,
                      "Relation Name": "movie_info",
                      "Alias": "mi",
                      "Startup Cost": 0.0,
                      "Total Cost": 191685.19,
                      "Plan Rows": 2969219,
                      "Plan Width": 4,
                      "Actual Startup Time": 0.043,
                      "Actual Total Time": 328.493,
                      "Actual Rows": 2472620,
                      "Actual Loops": 6
                    },
                    {
                      "Node Type": "Hash",
                      "Parent Relationship": "Inner",
                      "Parallel Aware": true,
                      "Startup Cost": 87054.05,
                      "Total Cost": 87054.05,
                      "Plan Rows": 153033,
                      "Plan Width": 8,
                      "Actual Startup Time": 478.474,
                      "Actual Total Time": 478.479,
                      "Actual Rows": 78758,
                      "Actual Loops": 6,
                      "Hash Buckets": 524288,
                      "Original Hash Buckets": 524288,
                      "Hash Batches": 1,
                      "Original Hash Batches": 1,
                      "Peak Memory Usage": 22688,
                      "Plans": [
                        {
                          "Node Type": "Hash Join",
                          "Parent Relationship": "Outer",
                          "Parallel Aware": true,
                          "Join Type": "Inner",
                          "Startup Cost": 60285.43,
                          "Total Cost": 87054.05,
                          "Plan Rows": 153033,
                          "Plan Width": 8,
                          "Actual Startup Time": 344.692,
                          "Actual Total Time": 445.065,
                          "Actual Rows": 78758,
                          "Actual Loops": 6,
                          "Inner Unique": true,
                          "Hash Cond": "(mk.movie_id = t.id)",
                          "Plans": [
                            {
                              "Node Type": "Bitmap Heap Scan",
                              "Parent Relationship": "Outer",
                              "Parallel Aware": true,
                              "Relation Name": "movie_keyword",
                              "Alias": "mk",
                              "Startup Cost": 10065.05,
                              "Total Cost": 36431.96,
                              "Plan Rows": 153033,
                              "Plan Width": 4,
                              "Actual Startup Time": 44.001,
                              "Actual Total Time": 96.024,
                              "Actual Rows": 78758,
                              "Actual Loops": 6,
                              "Recheck Cond": "(keyword_id < 359)",
                              "Rows Removed by Index Recheck": 0,
                              "Exact Heap Blocks": 5602,
                              "Lossy Heap Blocks": 0,
                              "Plans": [
                                {
                                  "Node Type": "Bitmap Index Scan",
                                  "Parent Relationship": "Outer",
                                  "Parallel Aware": false,
                                  "Index Name": "keyword_id_movie_keyword",
                                  "Startup Cost": 0.0,
                                  "Total Cost": 9946.45,
                                  "Plan Rows": 474402,
                                  "Plan Width": 0,
                                  "Actual Startup Time": 38.045,
                                  "Actual Total Time": 38.046,
                                  "Actual Rows": 472545,
                                  "Actual Loops": 1,
                                  "Index Cond": "(keyword_id < 359)"
                                }
                              ]
                            },
                            {
                              "Node Type": "Hash",
                              "Parent Relationship": "Inner",
                              "Parallel Aware": true,
                              "Startup Cost": 42319.06,
                              "Total Cost": 42319.06,
                              "Plan Rows": 632106,
                              "Plan Width": 4,
                              "Actual Startup Time": 296.352,
                              "Actual Total Time": 296.353,
                              "Actual Rows": 421385,
                              "Actual Loops": 6,
                              "Hash Buckets": 4194304,
                              "Original Hash Buckets": 4194304,
                              "Hash Batches": 1,
                              "Original Hash Batches": 1,
                              "Peak Memory Usage": 131744,
                              "Plans": [
                                {
                                  "Node Type": "Seq Scan",
                                  "Parent Relationship": "Outer",
                                  "Parallel Aware": true,
                                  "Relation Name": "title",
                                  "Alias": "t",
                                  "Startup Cost": 0.0,
                                  "Total Cost": 42319.06,
                                  "Plan Rows": 632106,
                                  "Plan Width": 4,
                                  "Actual Startup Time": 0.051,
                                  "Actual Total Time": 89.711,
                                  "Actual Rows": 421385,
                                  "Actual Loops": 6
                                }
                              ]
                            }
                          ]
                        }
                      ]
                    }
                  ]
                }
              ]
            }
          ]
        }
      ]
    },
    "Planning Time": 0.395,
    "Triggers": [],
    "Execution Time": 1745.893
  }
]