[
  {
    "Plan": {
      "Node Type": "Aggregate",
      "Strategy": "Plain",
      "Partial Mode": "Finalize",
      "Parallel Aware": false,
      "Startup Cost": 617663.86,
      "Total Cost": 617663.87,
      "Plan Rows": 1,
      "Plan Width": 8,
      "Actual Startup Time": 4352.838,
      "Actual Total Time": 4438.006,
      "Actual Rows": 1,
      "Actual Loops": 1,
      "Plans": [
        {
          "Node Type": "Gather",
          "Parent Relationship": "Outer",
          "Parallel Aware": false,
          "Startup Cost": 617663.34,
          "Total Cost": 617663.85,
          "Plan Rows": 5,
          "Plan Width": 8,
          "Actual Startup Time": 4322.921,
          "Actual Total Time": 4437.994,
          "Actual Rows": 6,
          "Actual Loops": 1,
          "Workers Planned": 5,
          "Workers Launched": 5,
          "Single Copy": false,
          "Plans": [
            {
              "Node Type": "Aggregate",
              "Strategy": "Plain",
              "Partial Mode": "Partial",
              "Parent Relationship": "Outer",
              "Parallel Aware": false,
              "Startup Cost": 616663.34,
              "Total Cost": 616663.35,
              "Plan Rows": 1,
              "Plan Width": 8,
              "Actual Startup Time": 4300.952,
              "Actual Total Time": 4301.353,
              "Actual Rows": 1,
              "Actual Loops": 6,
              "Plans": [
                {
                  "Node Type": "Hash Join",
                  "Parent Relationship": "Outer",
                  "Parallel Aware": true,
                  "Join Type": "Inner",
                  "Startup Cost": 400253.93,
                  "Total Cost": 608406.54,
                  "Plan Rows": 3302722,
                  "Plan Width": 0,
                  "Actual Startup Time": 1821.614,
                  "Actual Total Time": 3937.55,
                  "Actual Rows": 8472318,
                  "Actual Loops": 6,
                  "Inner Unique": false,
                  "Hash Cond": "(mi.movie_id = t.id)",
                  "Plans": [
                    {
                      "Node Type": "Seq Scan",
                      "Parent Relationship": "Outer",
                      "Parallel Aware": true,
                      "Relation Name": "movie_info",
                      "Alias": "mi",
                      "Startup Cost": 0.0,
                      "Total Cost": 191560.33,
                      "Plan Rows": 2956733,
                      "Plan Width": 4,
                      "Actual Startup Time": 0.032,
                      "Actual Total Time": 308.761,
                      "Actual Rows": 2472620,
                      "Actual Loops": 6
                    },
                    {
                      "Node Type": "Hash",
                      "Parent Relationship": "Inner",
                      "Parallel Aware": true,
                      "Startup Cost": 394370.29,
                      "Total Cost": 394370.29,
                      "Plan Rows": 470691,
                      "Plan Width": 8,
                      "Actual Startup Time": 1810.651,
                      "Actual Total Time": 1811.051,
                      "Actual Rows": 570325,
                      "Actual Loops": 6,
                      "Hash Buckets": 4194304,
                      "Original Hash Buckets": 4194304,
                      "Hash Batches": 1,
                      "Original Hash Batches": 1,
                      "Peak Memory Usage": 166720,
                      "Plans": [
                        {
                          "Node Type": "Hash Join",
                          "Parent Relationship": "Outer",
                          "Parallel Aware": true,
                          "Join Type": "Inner",
                          "Startup Cost": 45703.43,
                          "Total Cost": 394370.29,
                          "Plan Rows": 470691,
                          "Plan Width": 8,
                          "Actual Startup Time": 137.69,
                          "Actual Total Time": 1539.583,
                          "Actual Rows": 570325,
                          "Actual Loops": 6,
                          "Inner Unique": true,
                          "Hash Cond": "(ci.movie_id = t.id)",
                          "Plans": [
                            {
                              "Node Type": "Seq Scan",
                              "Parent Relationship": "Outer",
                              "Parallel Aware": true,
                              "Relation Name": "cast_info",
                              "Alias": "ci",
                              "Startup Cost": 0.0,
                              "Total Cost": 343257.03,
                              "Plan Rows": 2060884,
                              "Plan Width": 4,
                              "Actual Startup Time": 0.022,
                              "Actual Total Time": 828.618,
                              "Actual Rows": 2311983,
                              "Actual Loops": 6,
                              "Filter": "((person_id < 1448344) AND (role_id < 9))",
                              "Rows Removed by Filter": 3728741
                            },
                            {
                              "Node Type": "Hash",
                              "Parent Relationship": "Inner",
                              "Parallel Aware": true,
                              "Startup Cost": 43898.92,
                              "Total Cost": 43898.92,
                              "Plan Rows": 144361,
                              "Plan Width": 4,
                              "Actual Startup Time": 136.434,
                              "Actual Total Time": 136.435,
                              "Actual Rows": 97503,
                              "Actual Loops": 6,
                              "Hash Buckets": 1048576,
                              "Original Hash Buckets": 1048576,
                              "Hash Batches": 1,
                              "Original Hash Batches": 1,
                              "Peak Memory Usage": 31200,
                              "Plans": [
                                {
                                  "Node Type": "Seq Scan",
                                  "Parent Relationship": "Outer",
                                  "Parallel Aware": true,
                                  "Relation Name": "title",
                                  "Alias": "t",
                                  "Startup Cost": 0.0,
                                  "Total Cost": 43898.92,
                                  "Plan Rows": 144361,
                                  "Plan Width": 4,
                                  "Actual Startup Time": 0.048,
                                  "Actual Total Time": 87.962,
                                  "Actual Rows": 97503,
                                  "Actual Loops": 6,
                                  "Filter": "(production_year < 1985)",
                                  "Rows Removed by Filter": 323882
                                }
                              ]
                            }
                          ]
                        }
                      ]
                    }
                  ]
                }
              ]
            }
          ]
        }
      ]
    },
    "Planning Time": 1.384,
    "Triggers": [],
    "Execution Time": 4438.107
  }
]