[
  {
    "Plan": {
      "Node Type": "Aggregate",
      "Strategy": "Plain",
      "Partial Mode": "Finalize",
      "Parallel Aware": false,
      "Startup Cost": 439688.46,
      "Total Cost": 439688.47,
      "Plan Rows": 1,
      "Plan Width": 8,
      "Actual Startup Time": 1761.216,
      "Actual Total Time": 1827.391,
      "Actual Rows": 1,
      "Actual Loops": 1,
      "Plans": [
        {
          "Node Type": "Gather",
          "Parent Relationship": "Outer",
          "Parallel Aware": false,
          "Startup Cost": 439687.84,
          "Total Cost": 439688.45,
          "Plan Rows": 6,
          "Plan Width": 8,
          "Actual Startup Time": 1750.28,
          "Actual Total Time": 1827.38,
          "Actual Rows": 7,
          "Actual Loops": 1,
          "Workers Planned": 6,
          "Workers Launched": 6,
          "Single Copy": false,
          "Plans": [
            {
              "Node Type": "Aggregate",
              "Strategy": "Plain",
              "Partial Mode": "Partial",
              "Parent Relationship": "Outer",
              "Parallel Aware": false,
              "Startup Cost": 438687.84,
              "Total Cost": 438687.85,
              "Plan Rows": 1,
              "Plan Width": 8,
              "Actual Startup Time": 1739.704,
              "Actual Total Time": 1739.85,
              "Actual Rows": 1,
              "Actual Loops": 7,
              "Plans": [
                {
                  "Node Type": "Hash Join",
                  "Parent Relationship": "Outer",
                  "Parallel Aware": true,
                  "Join Type": "Inner",
                  "Startup Cost": 80397.12,
                  "Total Cost": 437288.31,
                  "Plan Rows": 559810,
                  "Plan Width": 0,
                  "Actual Startup Time": 487.254,
                  "Actual Total Time": 1670.597,
                  "Actual Rows": 1619326,
                  "Actual Loops": 7,
                  "Inner Unique": false,
                  "Hash Cond": "(ci.movie_id = t.id)",
                  "Plans": [
                    {
                      "Node Type": "Seq Scan",
                      "Parent Relationship": "Outer",
                      "Parallel Aware": true,
                      "Relation Name": "cast_info",
                      "Alias": "ci",
                      "Startup Cost": 0.0,
                      "Total Cost": 343257.03,
                      "Plan Rows": 3154218,
                      "Plan Width": 4,
                      "Actual Startup Time": 201.514,
                      "Actual Total Time": 677.992,
                      "Actual Rows": 3066539,
                      "Actual Loops": 7,
                      "Filter": "((person_id > 733129) AND (role_id > 1))",
                      "Rows Removed by Filter": 2111225
                    },
                    {
                      "Node Type": "Hash",
                      "Parent Relationship": "Inner",
                      "Parallel Aware": true,
                      "Startup Cost": 78587.76,
                      "Total Cost": 78587.76,
                      "Plan Rows": 144749,
                      "Plan Width": 8,
                      "Actual Startup Time": 283.289,
                      "Actual Total Time": 283.434,
                      "Actual Rows": 103364,
                      "Actual Loops": 7,
                      "Hash Buckets": 1048576,
                      "Original Hash Buckets": 524288,
                      "Hash Batches": 1,
                      "Original Hash Batches": 1,
                      "Peak Memory Usage": 40672,
                      "Plans": [
                        {
                          "Node Type": "Hash Join",
                          "Parent Relationship": "Outer",
                          "Parallel Aware": true,
                          "Join Type": "Inner",
                          "Startup Cost": 48155.32,
                          "Total Cost": 78587.76,
                          "Plan Rows": 144749,
                          "Plan Width": 8,
                          "Actual Startup Time": 157.485,
                          "Actual Total Time": 236.396,
                          "Actual Rows": 103364,
                          "Actual Loops": 7,
                          "Inner Unique": true,
                          "Hash Cond": "(mc.movie_id = t.id)",
                          "Plans": [
                            {
                              "Node Type": "Seq Scan",
                              "Parent Relationship": "Outer",
                              "Parallel Aware": true,
                              "Relation Name": "movie_companies",
                              "Alias": "mc",
                              "Startup Cost": 0.0,
                              "Total Cost": 29310.68,
                              "Plan Rows": 427336,
                              "Plan Width": 4,
                              "Actual Startup Time": 21.319,
                              "Actual Total Time": 46.787,
                              "Actual Rows": 190698,
                              "Actual Loops": 7,
                              "Filter": "(company_type_id = 2)",
                              "Rows Removed by Filter": 182035
                            },
                            {
                              "Node Type": "Hash",
                              "Parent Relationship": "Inner",
                              "Parallel Aware": true,
                              "Startup Cost": 45479.1,
                              "Total Cost": 45479.1,
                              "Plan Rows": 214098,
                              "Plan Width": 4,
                              "Actual Startup Time": 134.227,
                              "Actual Total Time": 134.228,
                              "Actual Rows": 109337,
                              "Actual Loops": 7,
                              "Hash Buckets": 1048576,
                              "Original Hash Buckets": 1048576,
                              "Hash Batches": 1,
                              "Original Hash Batches": 1,
                              "Peak Memory Usage": 38208,
                              "Plans": [
                                {
                                  "Node Type": "Seq Scan",
                                  "Parent Relationship": "Outer",
                                  "Parallel Aware": true,
                                  "Relation Name": "title",
                                  "Alias": "t",
                                  "Startup Cost": 0.0,
                                  "Total Cost": 45479.1,
                                  "Plan Rows": 214098,
                                  "Plan Width": 4,
                                  "Actual Startup Time": 0.054,
                                  "Actual Total Time": 78.405,
                                  "Actual Rows": 109337,
                                  "Actual Loops": 7,
                                  "Filter": "((kind_id < 7) AND (production_year > 1963))",
                                  "Rows Removed by Filter": 251850
                                }
                              ]
                            }
                          ]
                        }
                      ]
                    }
                  ]
                }
              ]
            }
          ]
        }
      ]
    },
    "Planning Time": 1.414,
    "Triggers": [],
    "Execution Time": 1827.494
  }
]