[
  {
    "Plan": {
      "Node Type": "Aggregate",
      "Strategy": "Plain",
      "Partial Mode": "Finalize",
      "Parallel Aware": false,
      "Startup Cost": 339350.39,
      "Total Cost": 339350.4,
      "Plan Rows": 1,
      "Plan Width": 8,
      "Actual Startup Time": 865.61,
      "Actual Total Time": 925.515,
      "Actual Rows": 1,
      "Actual Loops": 1,
      "Plans": [
        {
          "Node Type": "Gather",
          "Parent Relationship": "Outer",
          "Parallel Aware": false,
          "Startup Cost": 339349.77,
          "Total Cost": 339350.38,
          "Plan Rows": 6,
          "Plan Width": 8,
          "Actual Startup Time": 865.505,
          "Actual Total Time": 925.506,
          "Actual Rows": 7,
          "Actual Loops": 1,
          "Workers Planned": 6,
          "Workers Launched": 6,
          "Single Copy": false,
          "Plans": [
            {
              "Node Type": "Aggregate",
              "Strategy": "Plain",
              "Partial Mode": "Partial",
              "Parent Relationship": "Outer",
              "Parallel Aware": false,
              "Startup Cost": 338349.77,
              "Total Cost": 338349.78,
              "Plan Rows": 1,
              "Plan Width": 8,
              "Actual Startup Time": 856.625,
              "Actual Total Time": 856.626,
              "Actual Rows": 1,
              "Actual Loops": 7,
              "Plans": [
                {
                  "Node Type": "Seq Scan",
                  "Parent Relationship": "Outer",
                  "Parallel Aware": true,
                  "Relation Name": "cast_info",
                  "Alias": "ci",
                  "Startup Cost": 0.0,
                  "Total Cost": 328162.03,
                  "Plan Rows": 4075096,
                  "Plan Width": 0,
                  "Actual Startup Time": 146.855,
                  "Actual Total Time": 685.943,
                  "Actual Rows": 3494328,
                  "Actual Loops": 7,
                  "Filter": "(person_id > 1158009)",
                  "Rows Removed by Filter": 1683435
                }
              ]
            }
          ]
        }
      ]
    },
    "Planning Time": 0.196,
    "Triggers": [],
    "Execution Time": 925.587
  }
]