{
  "Plan": {
    "Node Type": "Aggregate",
    "Strategy": "Plain",
    "Partial Mode": "Finalize",
    "Parallel Aware": false,
    "Startup Cost": 79577.51,
    "Total Cost": 79577.52,
    "Plan Rows": 1,
    "Plan Width": 8,
    "Actual Startup Time": 325.645,
    "Actual Total Time": 335.376,
    "Actual Rows": 1,
    "Actual Loops": 1,
    "Plans": [
      {
        "Node Type": "Gather",
        "Parent Relationship": "Outer",
        "Parallel Aware": false,
        "Startup Cost": 79577.4,
        "Total Cost": 79577.51,
        "Plan Rows": 1,
        "Plan Width": 8,
        "Actual Startup Time": 325.404,
        "Actual Total Time": 335.368,
        "Actual Rows": 2,
        "Actual Loops": 1,
        "Workers Planned": 1,
        "Workers Launched": 1,
        "Single Copy": false,
        "Plans": [
          {
            "Node Type": "Aggregate",
            "Strategy": "Plain",
            "Partial Mode": "Partial",
            "Parent Relationship": "Outer",
            "Parallel Aware": false,
            "Startup Cost": 78577.4,
            "Total Cost": 78577.41,
            "Plan Rows": 1,
            "Plan Width": 8,
            "Actual Startup Time": 319.049,
            "Actual Total Time": 319.054,
            "Actual Rows": 1,
            "Actual Loops": 2,
            "Plans": [
              {
                "Node Type": "Hash Join",
                "Parent Relationship": "Outer",
                "Parallel Aware": true,
                "Join Type": "Inner",
                "Startup Cost": 17512.07,
                "Total Cost": 78571.22,
                "Plan Rows": 2471,
                "Plan Width": 0,
                "Actual Startup Time": 16.887,
                "Actual Total Time": 318.823,
                "Actual Rows": 4590,
                "Actual Loops": 2,
                "Inner Unique": false,
                "Hash Cond": "(mk.movie_id = t.id)",
                "Plans": [
                  {
                    "Node Type": "Seq Scan",
                    "Parent Relationship": "Outer",
                    "Parallel Aware": true,
                    "Relation Name": "movie_keyword",
                    "Alias": "mk",
                    "Startup Cost": 0.0,
                    "Total Cost": 51065.35,
                    "Plan Rows": 2661135,
                    "Plan Width": 4,
                    "Actual Startup Time": 0.019,
                    "Actual Total Time": 156.317,
                    "Actual Rows": 2261965,
                    "Actual Loops": 2
                  },
                  {
                    "Node Type": "Hash",
                    "Parent Relationship": "Inner",
                    "Parallel Aware": true,
                    "Startup Cost": 17494.81,
                    "Total Cost": 17494.81,
                    "Plan Rows": 1381,
                    "Plan Width": 8,
                    "Actual Startup Time": 16.009,
                    "Actual Total Time": 16.012,
                    "Actual Rows": 1260,
                    "Actual Loops": 2,
                    "Hash Buckets": 4096,
                    "Original Hash Buckets": 4096,
                    "Hash Batches": 1,
                    "Original Hash Batches": 1,
                    "Peak Memory Usage": 160,
                    "Plans": [
                      {
                        "Node Type": "Nested Loop",
                        "Parent Relationship": "Outer",
                        "Parallel Aware": false,
                        "Join Type": "Inner",
                        "Startup Cost": 55.06,
                        "Total Cost": 17494.81,
                        "Plan Rows": 1381,
                        "Plan Width": 8,
                        "Actual Startup Time": 0.958,
                        "Actual Total Time": 15.137,
                        "Actual Rows": 1260,
                        "Actual Loops": 2,
                        "Inner Unique": true,
                        "Plans": [
                          {
                            "Node Type": "Bitmap Heap Scan",
                            "Parent Relationship": "Outer",
                            "Parallel Aware": true,
                            "Relation Name": "movie_companies",
                            "Alias": "mc",
                            "Startup Cost": 54.63,
                            "Total Cost": 6638.12,
                            "Plan Rows": 1381,
                            "Plan Width": 4,
                            "Actual Startup Time": 0.812,
                            "Actual Total Time": 3.364,
                            "Actual Rows": 1260,
                            "Actual Loops": 2,
                            "Recheck Cond": "(company_id = 115)",
                            "Rows Removed by Index Recheck": 0,
                            "Exact Heap Blocks": 870,
                            "Lossy Heap Blocks": 0,
                            "Plans": [
                              {
                                "Node Type": "Bitmap Index Scan",
                                "Parent Relationship": "Outer",
                                "Parallel Aware": false,
                                "Index Name": "company_id_movie_companies",
                                "Startup Cost": 0.0,
                                "Total Cost": 54.04,
                                "Plan Rows": 2348,
                                "Plan Width": 0,
                                "Actual Startup Time": 1.01,
                                "Actual Total Time": 1.01,
                                "Actual Rows": 2519,
                                "Actual Loops": 1,
                                "Index Cond": "(company_id = 115)"
                              }
                            ]
                          },
                          {
                            "Node Type": "Index Only Scan",
                            "Parent Relationship": "Inner",
                            "Parallel Aware": false,
                            "Scan Direction": "Forward",
                            "Index Name": "title_pkey",
                            "Relation Name": "title",
                            "Alias": "t",
                            "Startup Cost": 0.43,
                            "Total Cost": 7.86,
                            "Plan Rows": 1,
                            "Plan Width": 4,
                            "Actual Startup Time": 0.008,
                            "Actual Total Time": 0.008,
                            "Actual Rows": 1,
                            "Actual Loops": 2519,
                            "Index Cond": "(id = mc.movie_id)",
                            "Rows Removed by Index Recheck": 0,
                            "Heap Fetches": 2519
                          }
                        ]
                      }
                    ]
                  }
                ]
              }
            ]
          }
        ]
      }
    ]
  },
  "Planning Time": 1.024,
  "Triggers": [],
  "Execution Time": 335.475
}