[
  {
    "Plan": {
      "Node Type": "Aggregate",
      "Strategy": "Plain",
      "Partial Mode": "Finalize",
      "Parallel Aware": false,
      "Startup Cost": 335764.41,
      "Total Cost": 335764.42,
      "Plan Rows": 1,
      "Plan Width": 8,
      "Actual Startup Time": 735.545,
      "Actual Total Time": 793.253,
      "Actual Rows": 1,
      "Actual Loops": 1,
      "Plans": [
        {
          "Node Type": "Gather",
          "Parent Relationship": "Outer",
          "Parallel Aware": false,
          "Startup Cost": 335763.78,
          "Total Cost": 335764.39,
          "Plan Rows": 6,
          "Plan Width": 8,
          "Actual Startup Time": 735.454,
          "Actual Total Time": 793.242,
          "Actual Rows": 7,
          "Actual Loops": 1,
          "Workers Planned": 6,
          "Workers Launched": 6,
          "Single Copy": false,
          "Plans": [
            {
              "Node Type": "Aggregate",
              "Strategy": "Plain",
              "Partial Mode": "Partial",
              "Parent Relationship": "Outer",
              "Parallel Aware": false,
              "Startup Cost": 334763.78,
              "Total Cost": 334763.79,
              "Plan Rows": 1,
              "Plan Width": 8,
              "Actual Startup Time": 726.694,
              "Actual Total Time": 726.695,
              "Actual Rows": 1,
              "Actual Loops": 7,
              "Plans": [
                {
                  "Node Type": "Seq Scan",
                  "Parent Relationship": "Outer",
                  "Parallel Aware": true,
                  "Relation Name": "cast_info",
                  "Alias": "ci",
                  "Startup Cost": 0.0,
                  "Total Cost": 328162.03,
                  "Plan Rows": 2640703,
                  "Plan Width": 0,
                  "Actual Startup Time": 236.301,
                  "Actual Total Time": 623.096,
                  "Actual Rows": 2262337,
                  "Actual Loops": 7,
                  "Filter": "(person_id > 2052868)",
                  "Rows Removed by Filter": 2915426
                }
              ]
            }
          ]
        }
      ]
    },
    "Planning Time": 0.187,
    "Triggers": [],
    "Execution Time": 793.319
  }
]