{
  "Plan": {
    "Node Type": "Aggregate",
    "Strategy": "Plain",
    "Partial Mode": "Finalize",
    "Parallel Aware": false,
    "Startup Cost": 74132.04,
    "Total Cost": 74132.05,
    "Plan Rows": 1,
    "Plan Width": 8,
    "Actual Startup Time": 135.418,
    "Actual Total Time": 142.092,
    "Actual Rows": 1,
    "Actual Loops": 1,
    "Plans": [
      {
        "Node Type": "Gather",
        "Parent Relationship": "Outer",
        "Parallel Aware": false,
        "Startup Cost": 74131.93,
        "Total Cost": 74132.04,
        "Plan Rows": 1,
        "Plan Width": 8,
        "Actual Startup Time": 135.197,
        "Actual Total Time": 142.086,
        "Actual Rows": 2,
        "Actual Loops": 1,
        "Workers Planned": 1,
        "Workers Launched": 1,
        "Single Copy": false,
        "Plans": [
          {
            "Node Type": "Aggregate",
            "Strategy": "Plain",
            "Partial Mode": "Partial",
            "Parent Relationship": "Outer",
            "Parallel Aware": false,
            "Startup Cost": 73131.93,
            "Total Cost": 73131.94,
            "Plan Rows": 1,
            "Plan Width": 8,
            "Actual Startup Time": 128.91,
            "Actual Total Time": 128.915,
            "Actual Rows": 1,
            "Actual Loops": 2,
            "Plans": [
              {
                "Node Type": "Hash Join",
                "Parent Relationship": "Outer",
                "Parallel Aware": true,
                "Join Type": "Inner",
                "Startup Cost": 54011.61,
                "Total Cost": 73124.99,
                "Plan Rows": 2776,
                "Plan Width": 0,
                "Actual Startup Time": 34.374,
                "Actual Total Time": 128.897,
                "Actual Rows": 124,
                "Actual Loops": 2,
                "Inner Unique": false,
                "Hash Cond": "(mi_idx.movie_id = t.id)",
                "Plans": [
                  {
                    "Node Type": "Seq Scan",
                    "Parent Relationship": "Outer",
                    "Parallel Aware": true,
                    "Relation Name": "movie_info_idx",
                    "Alias": "mi_idx",
                    "Startup Cost": 0.0,
                    "Total Cost": 16052.85,
                    "Plan Rows": 811785,
                    "Plan Width": 4,
                    "Actual Startup Time": 0.02,
                    "Actual Total Time": 47.663,
                    "Actual Rows": 690018,
                    "Actual Loops": 2
                  },
                  {
                    "Node Type": "Hash",
                    "Parent Relationship": "Inner",
                    "Parallel Aware": true,
                    "Startup Cost": 53948.03,
                    "Total Cost": 53948.03,
                    "Plan Rows": 5087,
                    "Plan Width": 8,
                    "Actual Startup Time": 32.71,
                    "Actual Total Time": 32.712,
                    "Actual Rows": 4040,
                    "Actual Loops": 2,
                    "Hash Buckets": 16384,
                    "Original Hash Buckets": 16384,
                    "Hash Batches": 1,
                    "Original Hash Batches": 1,
                    "Peak Memory Usage": 480,
                    "Plans": [
                      {
                        "Node Type": "Nested Loop",
                        "Parent Relationship": "Outer",
                        "Parallel Aware": false,
                        "Join Type": "Inner",
                        "Startup Cost": 382.78,
                        "Total Cost": 53948.03,
                        "Plan Rows": 5087,
                        "Plan Width": 8,
                        "Actual Startup Time": 1.49,
                        "Actual Total Time": 30.466,
                        "Actual Rows": 4040,
                        "Actual Loops": 2,
                        "Inner Unique": true,
                        "Plans": [
                          {
                            "Node Type": "Bitmap Heap Scan",
                            "Parent Relationship": "Outer",
                            "Parallel Aware": true,
                            "Relation Name": "movie_companies",
                            "Alias": "mc",
                            "Startup Cost": 382.35,
                            "Total Cost": 19756.67,
                            "Plan Rows": 5087,
                            "Plan Width": 4,
                            "Actual Startup Time": 1.332,
                            "Actual Total Time": 4.07,
                            "Actual Rows": 4040,
                            "Actual Loops": 2,
                            "Recheck Cond": "(company_id = 166)",
                            "Rows Removed by Index Recheck": 0,
                            "Filter": "(company_type_id = 1)",
                            "Rows Removed by Filter": 4070,
                            "Exact Heap Blocks": 455,
                            "Lossy Heap Blocks": 0,
                            "Plans": [
                              {
                                "Node Type": "Bitmap Index Scan",
                                "Parent Relationship": "Outer",
                                "Parallel Aware": false,
                                "Index Name": "company_id_movie_companies",
                                "Startup Cost": 0.0,
                                "Total Cost": 380.19,
                                "Plan Rows": 17568,
                                "Plan Width": 0,
                                "Actual Startup Time": 2.326,
                                "Actual Total Time": 2.327,
                                "Actual Rows": 16220,
                                "Actual Loops": 1,
                                "Index Cond": "(company_id = 166)"
                              }
                            ]
                          },
                          {
                            "Node Type": "Index Only Scan",
                            "Parent Relationship": "Inner",
                            "Parallel Aware": false,
                            "Scan Direction": "Forward",
                            "Index Name": "title_pkey",
                            "Relation Name": "title",
                            "Alias": "t",
                            "Startup Cost": 0.43,
                            "Total Cost": 6.72,
                            "Plan Rows": 1,
                            "Plan Width": 4,
                            "Actual Startup Time": 0.006,
                            "Actual Total Time": 0.006,
                            "Actual Rows": 1,
                            "Actual Loops": 8081,
                            "Index Cond": "(id = mc.movie_id)",
                            "Rows Removed by Index Recheck": 0,
                            "Heap Fetches": 8081
                          }
                        ]
                      }
                    ]
                  }
                ]
              }
            ]
          }
        ]
      }
    ]
  },
  "Planning Time": 1.069,
  "Triggers": [],
  "Execution Time": 142.193
}