[
  {
    "Plan": {
      "Node Type": "Aggregate",
      "Strategy": "Plain",
      "Partial Mode": "Finalize",
      "Parallel Aware": false,
      "Startup Cost": 388002.15,
      "Total Cost": 388002.16,
      "Plan Rows": 1,
      "Plan Width": 8,
      "Actual Startup Time": 1537.193,
      "Actual Total Time": 1595.675,
      "Actual Rows": 1,
      "Actual Loops": 1,
      "Plans": [
        {
          "Node Type": "Gather",
          "Parent Relationship": "Outer",
          "Parallel Aware": false,
          "Startup Cost": 388001.53,
          "Total Cost": 388002.14,
          "Plan Rows": 6,
          "Plan Width": 8,
          "Actual Startup Time": 1528.43,
          "Actual Total Time": 1595.662,
          "Actual Rows": 7,
          "Actual Loops": 1,
          "Workers Planned": 6,
          "Workers Launched": 6,
          "Single Copy": false,
          "Plans": [
            {
              "Node Type": "Aggregate",
              "Strategy": "Plain",
              "Partial Mode": "Partial",
              "Parent Relationship": "Outer",
              "Parallel Aware": false,
              "Startup Cost": 387001.53,
              "Total Cost": 387001.54,
              "Plan Rows": 1,
              "Plan Width": 8,
              "Actual Startup Time": 1513.707,
              "Actual Total Time": 1513.72,
              "Actual Rows": 1,
              "Actual Loops": 7,
              "Plans": [
                {
                  "Node Type": "Hash Join",
                  "Parent Relationship": "Outer",
                  "Parallel Aware": true,
                  "Join Type": "Inner",
                  "Startup Cost": 48940.35,
                  "Total Cost": 383259.73,
                  "Plan Rows": 1496720,
                  "Plan Width": 0,
                  "Actual Startup Time": 191.509,
                  "Actual Total Time": 1458.71,
                  "Actual Rows": 1265891,
                  "Actual Loops": 7,
                  "Inner Unique": true,
                  "Hash Cond": "(ci.movie_id = t.id)",
                  "Plans": [
                    {
                      "Node Type": "Seq Scan",
                      "Parent Relationship": "Outer",
                      "Parallel Aware": true,
                      "Relation Name": "cast_info",
                      "Alias": "ci",
                      "Startup Cost": 0.0,
                      "Total Cost": 328162.03,
                      "Plan Rows": 2345652,
                      "Plan Width": 4,
                      "Actual Startup Time": 0.024,
                      "Actual Total Time": 550.508,
                      "Actual Rows": 2010064,
                      "Actual Loops": 7,
                      "Filter": "(person_id < 1386402)",
                      "Rows Removed by Filter": 3167700
                    },
                    {
                      "Node Type": "Hash",
                      "Parent Relationship": "Inner",
                      "Parallel Aware": true,
                      "Startup Cost": 43898.92,
                      "Total Cost": 43898.92,
                      "Plan Rows": 403315,
                      "Plan Width": 4,
                      "Actual Startup Time": 186.646,
                      "Actual Total Time": 186.647,
                      "Actual Rows": 229582,
                      "Actual Loops": 7,
                      "Hash Buckets": 2097152,
                      "Original Hash Buckets": 2097152,
                      "Hash Batches": 1,
                      "Original Hash Batches": 1,
                      "Peak Memory Usage": 79328,
                      "Plans": [
                        {
                          "Node Type": "Seq Scan",
                          "Parent Relationship": "Outer",
                          "Parallel Aware": true,
                          "Relation Name": "title",
                          "Alias": "t",
                          "Startup Cost": 0.0,
                          "Total Cost": 43898.92,
                          "Plan Rows": 403315,
                          "Plan Width": 4,
                          "Actual Startup Time": 0.039,
                          "Actual Total Time": 80.268,
                          "Actual Rows": 229582,
                          "Actual Loops": 7,
                          "Filter": "(production_year > 1995)",
                          "Rows Removed by Filter": 131605
                        }
                      ]
                    }
                  ]
                }
              ]
            }
          ]
        }
      ]
    },
    "Planning Time": 0.599,
    "Triggers": [],
    "Execution Time": 1595.758
  }
]