[
  {
    "Plan": {
      "Node Type": "Aggregate",
      "Strategy": "Plain",
      "Partial Mode": "Finalize",
      "Parallel Aware": false,
      "Startup Cost": 42591.88,
      "Total Cost": 42591.89,
      "Plan Rows": 1,
      "Plan Width": 8,
      "Actual Startup Time": 154.601,
      "Actual Total Time": 164.366,
      "Actual Rows": 1,
      "Actual Loops": 1,
      "Plans": [
        {
          "Node Type": "Gather",
          "Parent Relationship": "Outer",
          "Parallel Aware": false,
          "Startup Cost": 42591.56,
          "Total Cost": 42591.87,
          "Plan Rows": 3,
          "Plan Width": 8,
          "Actual Startup Time": 154.236,
          "Actual Total Time": 164.357,
          "Actual Rows": 4,
          "Actual Loops": 1,
          "Workers Planned": 3,
          "Workers Launched": 3,
          "Single Copy": false,
          "Plans": [
            {
              "Node Type": "Aggregate",
              "Strategy": "Plain",
              "Partial Mode": "Partial",
              "Parent Relationship": "Outer",
              "Parallel Aware": false,
              "Startup Cost": 41591.56,
              "Total Cost": 41591.57,
              "Plan Rows": 1,
              "Plan Width": 8,
              "Actual Startup Time": 144.959,
              "Actual Total Time": 144.96,
              "Actual Rows": 1,
              "Actual Loops": 4,
              "Plans": [
                {
                  "Node Type": "Bitmap Heap Scan",
                  "Parent Relationship": "Outer",
                  "Parallel Aware": true,
                  "Relation Name": "movie_keyword",
                  "Alias": "mk",
                  "Startup Cost": 13954.55,
                  "Total Cost": 41061.06,
                  "Plan Rows": 212201,
                  "Plan Width": 0,
                  "Actual Startup Time": 53.355,
                  "Actual Total Time": 134.943,
                  "Actual Rows": 167416,
                  "Actual Loops": 4,
                  "Recheck Cond": "(keyword_id < 527)",
                  "Rows Removed by Index Recheck": 0,
                  "Exact Heap Blocks": 11036,
                  "Lossy Heap Blocks": 0,
                  "Plans": [
                    {
                      "Node Type": "Bitmap Index Scan",
                      "Parent Relationship": "Outer",
                      "Parallel Aware": false,
                      "Index Name": "keyword_id_movie_keyword",
                      "Startup Cost": 0.0,
                      "Total Cost": 13790.1,
                      "Plan Rows": 657822,
                      "Plan Width": 0,
                      "Actual Startup Time": 58.098,
                      "Actual Total Time": 58.099,
                      "Actual Rows": 669665,
                      "Actual Loops": 1,
                      "Index Cond": "(keyword_id < 527)"
                    }
                  ]
                }
              ]
            }
          ]
        }
      ]
    },
    "Planning Time": 0.164,
    "Triggers": [],
    "Execution Time": 164.435
  }
]