[
  {
    "Plan": {
      "Node Type": "Aggregate",
      "Strategy": "Plain",
      "Partial Mode": "Finalize",
      "Parallel Aware": false,
      "Startup Cost": 32848.53,
      "Total Cost": 32848.54,
      "Plan Rows": 1,
      "Plan Width": 8,
      "Actual Startup Time": 96.506,
      "Actual Total Time": 104.915,
      "Actual Rows": 1,
      "Actual Loops": 1,
      "Plans": [
        {
          "Node Type": "Gather",
          "Parent Relationship": "Outer",
          "Parallel Aware": false,
          "Startup Cost": 32848.21,
          "Total Cost": 32848.52,
          "Plan Rows": 3,
          "Plan Width": 8,
          "Actual Startup Time": 96.4,
          "Actual Total Time": 104.907,
          "Actual Rows": 4,
          "Actual Loops": 1,
          "Workers Planned": 3,
          "Workers Launched": 3,
          "Single Copy": false,
          "Plans": [
            {
              "Node Type": "Aggregate",
              "Strategy": "Plain",
              "Partial Mode": "Partial",
              "Parent Relationship": "Outer",
              "Parallel Aware": false,
              "Startup Cost": 31848.21,
              "Total Cost": 31848.22,
              "Plan Rows": 1,
              "Plan Width": 8,
              "Actual Startup Time": 89.123,
              "Actual Total Time": 89.123,
              "Actual Rows": 1,
              "Actual Loops": 4,
              "Plans": [
                {
                  "Node Type": "Seq Scan",
                  "Parent Relationship": "Outer",
                  "Parallel Aware": true,
                  "Relation Name": "movie_companies",
                  "Alias": "mc",
                  "Startup Cost": 0.0,
                  "Total Cost": 31414.82,
                  "Plan Rows": 173356,
                  "Plan Width": 0,
                  "Actual Startup Time": 0.046,
                  "Actual Total Time": 76.636,
                  "Actual Rows": 186624,
                  "Actual Loops": 4,
                  "Filter": "((company_id < 7245) AND (company_type_id = 1))",
                  "Rows Removed by Filter": 465658
                }
              ]
            }
          ]
        }
      ]
    },
    "Planning Time": 0.217,
    "Triggers": [],
    "Execution Time": 104.969
  }
]