{
  "Plan": {
    "Node Type": "Aggregate",
    "Strategy": "Plain",
    "Partial Mode": "Finalize",
    "Parallel Aware": false,
    "Startup Cost": 88355.49,
    "Total Cost": 88355.5,
    "Plan Rows": 1,
    "Plan Width": 8,
    "Actual Startup Time": 222.167,
    "Actual Total Time": 237.808,
    "Actual Rows": 1,
    "Actual Loops": 1,
    "Plans": [
      {
        "Node Type": "Gather",
        "Parent Relationship": "Outer",
        "Parallel Aware": false,
        "Startup Cost": 88355.38,
        "Total Cost": 88355.49,
        "Plan Rows": 1,
        "Plan Width": 8,
        "Actual Startup Time": 221.674,
        "Actual Total Time": 237.802,
        "Actual Rows": 2,
        "Actual Loops": 1,
        "Workers Planned": 1,
        "Workers Launched": 1,
        "Single Copy": false,
        "Plans": [
          {
            "Node Type": "Aggregate",
            "Strategy": "Plain",
            "Partial Mode": "Partial",
            "Parent Relationship": "Outer",
            "Parallel Aware": false,
            "Startup Cost": 87355.38,
            "Total Cost": 87355.39,
            "Plan Rows": 1,
            "Plan Width": 8,
            "Actual Startup Time": 215.7,
            "Actual Total Time": 215.703,
            "Actual Rows": 1,
            "Actual Loops": 2,
            "Plans": [
              {
                "Node Type": "Hash Join",
                "Parent Relationship": "Outer",
                "Parallel Aware": true,
                "Join Type": "Inner",
                "Startup Cost": 61992.42,
                "Total Cost": 87343.06,
                "Plan Rows": 4925,
                "Plan Width": 0,
                "Actual Startup Time": 176.078,
                "Actual Total Time": 215.307,
                "Actual Rows": 6298,
                "Actual Loops": 2,
                "Inner Unique": true,
                "Hash Cond": "(mk.movie_id = t.id)",
                "Plans": [
                  {
                    "Node Type": "Bitmap Heap Scan",
                    "Parent Relationship": "Outer",
                    "Parallel Aware": true,
                    "Relation Name": "movie_keyword",
                    "Alias": "mk",
                    "Startup Cost": 2141.48,
                    "Total Cost": 27336.51,
                    "Plan Rows": 59282,
                    "Plan Width": 4,
                    "Actual Startup Time": 10.61,
                    "Actual Total Time": 40.882,
                    "Actual Rows": 49546,
                    "Actual Loops": 2,
                    "Recheck Cond": "(keyword_id > 82527)",
                    "Rows Removed by Index Recheck": 0,
                    "Exact Heap Blocks": 11684,
                    "Lossy Heap Blocks": 0,
                    "Plans": [
                      {
                        "Node Type": "Bitmap Index Scan",
                        "Parent Relationship": "Outer",
                        "Parallel Aware": false,
                        "Index Name": "keyword_id_movie_keyword",
                        "Startup Cost": 0.0,
                        "Total Cost": 2116.28,
                        "Plan Rows": 100780,
                        "Plan Width": 0,
                        "Actual Startup Time": 8.046,
                        "Actual Total Time": 8.046,
                        "Actual Rows": 99091,
                        "Actual Loops": 1,
                        "Index Cond": "(keyword_id > 82527)"
                      }
                    ]
                  },
                  {
                    "Node Type": "Hash",
                    "Parent Relationship": "Inner",
                    "Parallel Aware": true,
                    "Startup Cost": 58306.47,
                    "Total Cost": 58306.47,
                    "Plan Rows": 123558,
                    "Plan Width": 4,
                    "Actual Startup Time": 162.033,
                    "Actual Total Time": 162.034,
                    "Actual Rows": 91918,
                    "Actual Loops": 2,
                    "Hash Buckets": 262144,
                    "Original Hash Buckets": 262144,
                    "Hash Batches": 1,
                    "Original Hash Batches": 1,
                    "Peak Memory Usage": 9248,
                    "Plans": [
                      {
                        "Node Type": "Seq Scan",
                        "Parent Relationship": "Outer",
                        "Parallel Aware": true,
                        "Relation Name": "title",
                        "Alias": "t",
                        "Startup Cost": 0.0,
                        "Total Cost": 58306.47,
                        "Plan Rows": 123558,
                        "Plan Width": 4,
                        "Actual Startup Time": 0.079,
                        "Actual Total Time": 140.228,
                        "Actual Rows": 91918,
                        "Actual Loops": 2,
                        "Filter": "((kind_id < 7) AND (production_year > 2009))",
                        "Rows Removed by Filter": 1172238
                      }
                    ]
                  }
                ]
              }
            ]
          }
        ]
      }
    ]
  },
  "Planning Time": 0.493,
  "Triggers": [],
  "Execution Time": 237.902
}