[
  {
    "Plan": {
      "Node Type": "Aggregate",
      "Strategy": "Plain",
      "Partial Mode": "Finalize",
      "Parallel Aware": false,
      "Startup Cost": 336906.35,
      "Total Cost": 336906.36,
      "Plan Rows": 1,
      "Plan Width": 8,
      "Actual Startup Time": 748.549,
      "Actual Total Time": 794.319,
      "Actual Rows": 1,
      "Actual Loops": 1,
      "Plans": [
        {
          "Node Type": "Gather",
          "Parent Relationship": "Outer",
          "Parallel Aware": false,
          "Startup Cost": 336905.73,
          "Total Cost": 336906.34,
          "Plan Rows": 6,
          "Plan Width": 8,
          "Actual Startup Time": 748.315,
          "Actual Total Time": 794.305,
          "Actual Rows": 7,
          "Actual Loops": 1,
          "Workers Planned": 6,
          "Workers Launched": 6,
          "Single Copy": false,
          "Plans": [
            {
              "Node Type": "Aggregate",
              "Strategy": "Plain",
              "Partial Mode": "Partial",
              "Parent Relationship": "Outer",
              "Parallel Aware": false,
              "Startup Cost": 335905.73,
              "Total Cost": 335905.74,
              "Plan Rows": 1,
              "Plan Width": 8,
              "Actual Startup Time": 740.596,
              "Actual Total Time": 740.598,
              "Actual Rows": 1,
              "Actual Loops": 7,
              "Plans": [
                {
                  "Node Type": "Seq Scan",
                  "Parent Relationship": "Outer",
                  "Parallel Aware": true,
                  "Relation Name": "cast_info",
                  "Alias": "ci",
                  "Startup Cost": 0.0,
                  "Total Cost": 328211.39,
                  "Plan Rows": 3077734,
                  "Plan Width": 0,
                  "Actual Startup Time": 198.793,
                  "Actual Total Time": 609.108,
                  "Actual Rows": 2615502,
                  "Actual Loops": 7,
                  "Filter": "(person_id > 1777942)",
                  "Rows Removed by Filter": 2562262
                }
              ]
            }
          ]
        }
      ]
    },
    "Planning Time": 0.17,
    "Triggers": [],
    "Execution Time": 794.39
  }
]