[
  {
    "Plan": {
      "Node Type": "Aggregate",
      "Strategy": "Plain",
      "Partial Mode": "Finalize",
      "Parallel Aware": false,
      "Startup Cost": 30079.39,
      "Total Cost": 30079.4,
      "Plan Rows": 1,
      "Plan Width": 8,
      "Actual Startup Time": 87.596,
      "Actual Total Time": 91.866,
      "Actual Rows": 1,
      "Actual Loops": 1,
      "Plans": [
        {
          "Node Type": "Gather",
          "Parent Relationship": "Outer",
          "Parallel Aware": false,
          "Startup Cost": 30079.08,
          "Total Cost": 30079.39,
          "Plan Rows": 3,
          "Plan Width": 8,
          "Actual Startup Time": 87.437,
          "Actual Total Time": 91.858,
          "Actual Rows": 4,
          "Actual Loops": 1,
          "Workers Planned": 3,
          "Workers Launched": 3,
          "Single Copy": false,
          "Plans": [
            {
              "Node Type": "Aggregate",
              "Strategy": "Plain",
              "Partial Mode": "Partial",
              "Parent Relationship": "Outer",
              "Parallel Aware": false,
              "Startup Cost": 29079.08,
              "Total Cost": 29079.09,
              "Plan Rows": 1,
              "Plan Width": 8,
              "Actual Startup Time": 82.673,
              "Actual Total Time": 82.674,
              "Actual Rows": 1,
              "Actual Loops": 4,
              "Plans": [
                {
                  "Node Type": "Bitmap Heap Scan",
                  "Parent Relationship": "Outer",
                  "Parallel Aware": true,
                  "Relation Name": "movie_companies",
                  "Alias": "mc",
                  "Startup Cost": 8273.05,
                  "Total Cost": 28920.83,
                  "Plan Rows": 63297,
                  "Plan Width": 0,
                  "Actual Startup Time": 36.565,
                  "Actual Total Time": 76.357,
                  "Actual Rows": 95644,
                  "Actual Loops": 4,
                  "Recheck Cond": "(company_id > 83965)",
                  "Rows Removed by Index Recheck": 0,
                  "Filter": "(company_type_id = 2)",
                  "Rows Removed by Filter": 0,
                  "Exact Heap Blocks": 3119,
                  "Lossy Heap Blocks": 0,
                  "Plans": [
                    {
                      "Node Type": "Bitmap Index Scan",
                      "Parent Relationship": "Outer",
                      "Parallel Aware": false,
                      "Index Name": "company_id_movie_companies",
                      "Startup Cost": 0.0,
                      "Total Cost": 8224.0,
                      "Plan Rows": 383942,
                      "Plan Width": 0,
                      "Actual Startup Time": 39.222,
                      "Actual Total Time": 39.222,
                      "Actual Rows": 382576,
                      "Actual Loops": 1,
                      "Index Cond": "(company_id > 83965)"
                    }
                  ]
                }
              ]
            }
          ]
        }
      ]
    },
    "Planning Time": 0.253,
    "Triggers": [],
    "Execution Time": 91.942
  }
]