[
  {
    "Plan": {
      "Node Type": "Aggregate",
      "Strategy": "Plain",
      "Partial Mode": "Finalize",
      "Parallel Aware": false,
      "Startup Cost": 29907.32,
      "Total Cost": 29907.33,
      "Plan Rows": 1,
      "Plan Width": 8,
      "Actual Startup Time": 89.993,
      "Actual Total Time": 93.856,
      "Actual Rows": 1,
      "Actual Loops": 1,
      "Plans": [
        {
          "Node Type": "Gather",
          "Parent Relationship": "Outer",
          "Parallel Aware": false,
          "Startup Cost": 29907.0,
          "Total Cost": 29907.31,
          "Plan Rows": 3,
          "Plan Width": 8,
          "Actual Startup Time": 89.877,
          "Actual Total Time": 93.848,
          "Actual Rows": 4,
          "Actual Loops": 1,
          "Workers Planned": 3,
          "Workers Launched": 3,
          "Single Copy": false,
          "Plans": [
            {
              "Node Type": "Aggregate",
              "Strategy": "Plain",
              "Partial Mode": "Partial",
              "Parent Relationship": "Outer",
              "Parallel Aware": false,
              "Startup Cost": 28907.0,
              "Total Cost": 28907.01,
              "Plan Rows": 1,
              "Plan Width": 8,
              "Actual Startup Time": 81.877,
              "Actual Total Time": 81.878,
              "Actual Rows": 1,
              "Actual Loops": 4,
              "Plans": [
                {
                  "Node Type": "Bitmap Heap Scan",
                  "Parent Relationship": "Outer",
                  "Parallel Aware": true,
                  "Relation Name": "movie_companies",
                  "Alias": "mc",
                  "Startup Cost": 8135.73,
                  "Total Cost": 28752.42,
                  "Plan Rows": 61832,
                  "Plan Width": 0,
                  "Actual Startup Time": 35.396,
                  "Actual Total Time": 75.376,
                  "Actual Rows": 95644,
                  "Actual Loops": 4,
                  "Recheck Cond": "(company_id > 83965)",
                  "Rows Removed by Index Recheck": 0,
                  "Filter": "(company_type_id = 2)",
                  "Rows Removed by Filter": 0,
                  "Exact Heap Blocks": 3064,
                  "Lossy Heap Blocks": 0,
                  "Plans": [
                    {
                      "Node Type": "Bitmap Index Scan",
                      "Parent Relationship": "Outer",
                      "Parallel Aware": false,
                      "Index Name": "company_id_movie_companies",
                      "Startup Cost": 0.0,
                      "Total Cost": 8087.81,
                      "Plan Rows": 377517,
                      "Plan Width": 0,
                      "Actual Startup Time": 41.359,
                      "Actual Total Time": 41.36,
                      "Actual Rows": 382576,
                      "Actual Loops": 1,
                      "Index Cond": "(company_id > 83965)"
                    }
                  ]
                }
              ]
            }
          ]
        }
      ]
    },
    "Planning Time": 0.233,
    "Triggers": [],
    "Execution Time": 93.935
  }
]