{
  "Plan": {
    "Node Type": "Aggregate",
    "Strategy": "Plain",
    "Partial Mode": "Finalize",
    "Parallel Aware": false,
    "Startup Cost": 399618.68,
    "Total Cost": 399618.69,
    "Plan Rows": 1,
    "Plan Width": 8,
    "Actual Startup Time": 703.761,
    "Actual Total Time": 716.798,
    "Actual Rows": 1,
    "Actual Loops": 1,
    "Plans": [
      {
        "Node Type": "Gather",
        "Parent Relationship": "Outer",
        "Parallel Aware": false,
        "Startup Cost": 399618.57,
        "Total Cost": 399618.68,
        "Plan Rows": 1,
        "Plan Width": 8,
        "Actual Startup Time": 702.621,
        "Actual Total Time": 716.788,
        "Actual Rows": 2,
        "Actual Loops": 1,
        "Workers Planned": 1,
        "Workers Launched": 1,
        "Single Copy": false,
        "Plans": [
          {
            "Node Type": "Aggregate",
            "Strategy": "Plain",
            "Partial Mode": "Partial",
            "Parent Relationship": "Outer",
            "Parallel Aware": false,
            "Startup Cost": 398618.57,
            "Total Cost": 398618.58,
            "Plan Rows": 1,
            "Plan Width": 8,
            "Actual Startup Time": 696.672,
            "Actual Total Time": 696.864,
            "Actual Rows": 1,
            "Actual Loops": 2,
            "Plans": [
              {
                "Node Type": "Hash Join",
                "Parent Relationship": "Outer",
                "Parallel Aware": true,
                "Join Type": "Inner",
                "Startup Cost": 118495.87,
                "Total Cost": 398568.64,
                "Plan Rows": 19970,
                "Plan Width": 0,
                "Actual Startup Time": 272.587,
                "Actual Total Time": 691.636,
                "Actual Rows": 94718,
                "Actual Loops": 2,
                "Inner Unique": true,
                "Hash Cond": "(ci.movie_id = t.id)",
                "Plans": [
                  {
                    "Node Type": "Bitmap Heap Scan",
                    "Parent Relationship": "Outer",
                    "Parallel Aware": true,
                    "Relation Name": "cast_info",
                    "Alias": "ci",
                    "Startup Cost": 64175.4,
                    "Total Cost": 342691.6,
                    "Plan Rows": 592981,
                    "Plan Width": 4,
                    "Actual Startup Time": 123.519,
                    "Actual Total Time": 364.628,
                    "Actual Rows": 1072047,
                    "Actual Loops": 2,
                    "Recheck Cond": "(person_id < 289370)",
                    "Rows Removed by Index Recheck": 0,
                    "Filter": "(role_id = 1)",
                    "Rows Removed by Filter": 415682,
                    "Exact Heap Blocks": 20952,
                    "Lossy Heap Blocks": 0,
                    "Plans": [
                      {
                        "Node Type": "Bitmap Index Scan",
                        "Parent Relationship": "Outer",
                        "Parallel Aware": false,
                        "Index Name": "person_id_cast_info",
                        "Startup Cost": 0.0,
                        "Total Cost": 63923.38,
                        "Plan Rows": 2927309,
                        "Plan Width": 0,
                        "Actual Startup Time": 118.365,
                        "Actual Total Time": 118.366,
                        "Actual Rows": 2975457,
                        "Actual Loops": 1,
                        "Index Cond": "(person_id < 289370)"
                      }
                    ]
                  },
                  {
                    "Node Type": "Hash",
                    "Parent Relationship": "Inner",
                    "Parallel Aware": true,
                    "Startup Cost": 53694.4,
                    "Total Cost": 53694.4,
                    "Plan Rows": 50086,
                    "Plan Width": 4,
                    "Actual Startup Time": 146.249,
                    "Actual Total Time": 146.251,
                    "Actual Rows": 108798,
                    "Actual Loops": 2,
                    "Hash Buckets": 262144,
                    "Original Hash Buckets": 131072,
                    "Hash Batches": 1,
                    "Original Hash Batches": 1,
                    "Peak Memory Usage": 11616,
                    "Plans": [
                      {
                        "Node Type": "Bitmap Heap Scan",
                        "Parent Relationship": "Outer",
                        "Parallel Aware": true,
                        "Relation Name": "title",
                        "Alias": "t",
                        "Startup Cost": 11844.14,
                        "Total Cost": 53694.4,
                        "Plan Rows": 50086,
                        "Plan Width": 4,
                        "Actual Startup Time": 38.032,
                        "Actual Total Time": 110.355,
                        "Actual Rows": 108798,
                        "Actual Loops": 2,
                        "Recheck Cond": "(kind_id < 2)",
                        "Rows Removed by Index Recheck": 0,
                        "Filter": "(production_year < 1968)",
                        "Rows Removed by Filter": 222614,
                        "Exact Heap Blocks": 9191,
                        "Lossy Heap Blocks": 0,
                        "Plans": [
                          {
                            "Node Type": "Bitmap Index Scan",
                            "Parent Relationship": "Outer",
                            "Parallel Aware": false,
                            "Index Name": "kind_id_title",
                            "Startup Cost": 0.0,
                            "Total Cost": 11822.85,
                            "Plan Rows": 663256,
                            "Plan Width": 0,
                            "Actual Startup Time": 39.653,
                            "Actual Total Time": 39.653,
                            "Actual Rows": 662825,
                            "Actual Loops": 1,
                            "Index Cond": "(kind_id < 2)"
                          }
                        ]
                      }
                    ]
                  }
                ]
              }
            ]
          }
        ]
      }
    ]
  },
  "Planning Time": 0.629,
  "Triggers": [],
  "Execution Time": 716.903
}