[
  {
    "Plan": {
      "Node Type": "Aggregate",
      "Strategy": "Plain",
      "Partial Mode": "Finalize",
      "Parallel Aware": false,
      "Startup Cost": 32795.33,
      "Total Cost": 32795.34,
      "Plan Rows": 1,
      "Plan Width": 8,
      "Actual Startup Time": 106.436,
      "Actual Total Time": 112.014,
      "Actual Rows": 1,
      "Actual Loops": 1,
      "Plans": [
        {
          "Node Type": "Gather",
          "Parent Relationship": "Outer",
          "Parallel Aware": false,
          "Startup Cost": 32795.01,
          "Total Cost": 32795.32,
          "Plan Rows": 3,
          "Plan Width": 8,
          "Actual Startup Time": 106.338,
          "Actual Total Time": 112.005,
          "Actual Rows": 4,
          "Actual Loops": 1,
          "Workers Planned": 3,
          "Workers Launched": 3,
          "Single Copy": false,
          "Plans": [
            {
              "Node Type": "Aggregate",
              "Strategy": "Plain",
              "Partial Mode": "Partial",
              "Parent Relationship": "Outer",
              "Parallel Aware": false,
              "Startup Cost": 31795.01,
              "Total Cost": 31795.02,
              "Plan Rows": 1,
              "Plan Width": 8,
              "Actual Startup Time": 98.004,
              "Actual Total Time": 98.005,
              "Actual Rows": 1,
              "Actual Loops": 4,
              "Plans": [
                {
                  "Node Type": "Seq Scan",
                  "Parent Relationship": "Outer",
                  "Parallel Aware": true,
                  "Relation Name": "movie_companies",
                  "Alias": "mc",
                  "Startup Cost": 0.0,
                  "Total Cost": 31414.82,
                  "Plan Rows": 152076,
                  "Plan Width": 0,
                  "Actual Startup Time": 0.045,
                  "Actual Total Time": 85.335,
                  "Actual Rows": 168640,
                  "Actual Loops": 4,
                  "Filter": "((company_id < 3863) AND (company_type_id = 1))",
                  "Rows Removed by Filter": 483642
                }
              ]
            }
          ]
        }
      ]
    },
    "Planning Time": 0.22,
    "Triggers": [],
    "Execution Time": 112.076
  }
]