[
  {
    "Plan": {
      "Node Type": "Aggregate",
      "Strategy": "Plain",
      "Partial Mode": "Finalize",
      "Parallel Aware": false,
      "Startup Cost": 393236.35,
      "Total Cost": 393236.36,
      "Plan Rows": 1,
      "Plan Width": 8,
      "Actual Startup Time": 982.039,
      "Actual Total Time": 1045.514,
      "Actual Rows": 1,
      "Actual Loops": 1,
      "Plans": [
        {
          "Node Type": "Gather",
          "Parent Relationship": "Outer",
          "Parallel Aware": false,
          "Startup Cost": 393235.73,
          "Total Cost": 393236.34,
          "Plan Rows": 6,
          "Plan Width": 8,
          "Actual Startup Time": 978.028,
          "Actual Total Time": 1045.504,
          "Actual Rows": 7,
          "Actual Loops": 1,
          "Workers Planned": 6,
          "Workers Launched": 6,
          "Single Copy": false,
          "Plans": [
            {
              "Node Type": "Aggregate",
              "Strategy": "Plain",
              "Partial Mode": "Partial",
              "Parent Relationship": "Outer",
              "Parallel Aware": false,
              "Startup Cost": 392235.73,
              "Total Cost": 392235.74,
              "Plan Rows": 1,
              "Plan Width": 8,
              "Actual Startup Time": 966.677,
              "Actual Total Time": 966.68,
              "Actual Rows": 1,
              "Actual Loops": 7,
              "Plans": [
                {
                  "Node Type": "Hash Join",
                  "Parent Relationship": "Outer",
                  "Parallel Aware": true,
                  "Join Type": "Inner",
                  "Startup Cost": 47053.77,
                  "Total Cost": 391928.64,
                  "Plan Rows": 122834,
                  "Plan Width": 0,
                  "Actual Startup Time": 542.749,
                  "Actual Total Time": 956.941,
                  "Actual Rows": 183541,
                  "Actual Loops": 7,
                  "Inner Unique": true,
                  "Hash Cond": "(ci.movie_id = t.id)",
                  "Plans": [
                    {
                      "Node Type": "Seq Scan",
                      "Parent Relationship": "Outer",
                      "Parallel Aware": true,
                      "Relation Name": "cast_info",
                      "Alias": "ci",
                      "Startup Cost": 0.0,
                      "Total Cost": 343257.03,
                      "Plan Rows": 616320,
                      "Plan Width": 4,
                      "Actual Startup Time": 423.923,
                      "Actual Total Time": 645.03,
                      "Actual Rows": 781250,
                      "Actual Loops": 7,
                      "Filter": "((person_id > 3108381) AND (role_id > 1))",
                      "Rows Removed by Filter": 4396513
                    },
                    {
                      "Node Type": "Hash",
                      "Parent Relationship": "Inner",
                      "Parallel Aware": true,
                      "Startup Cost": 45479.1,
                      "Total Cost": 45479.1,
                      "Plan Rows": 125974,
                      "Plan Width": 4,
                      "Actual Startup Time": 116.254,
                      "Actual Total Time": 116.254,
                      "Actual Rows": 74876,
                      "Actual Loops": 7,
                      "Hash Buckets": 524288,
                      "Original Hash Buckets": 524288,
                      "Hash Batches": 1,
                      "Original Hash Batches": 1,
                      "Peak Memory Usage": 24704,
                      "Plans": [
                        {
                          "Node Type": "Seq Scan",
                          "Parent Relationship": "Outer",
                          "Parallel Aware": true,
                          "Relation Name": "title",
                          "Alias": "t",
                          "Startup Cost": 0.0,
                          "Total Cost": 45479.1,
                          "Plan Rows": 125974,
                          "Plan Width": 4,
                          "Actual Startup Time": 50.28,
                          "Actual Total Time": 83.551,
                          "Actual Rows": 74876,
                          "Actual Loops": 7,
                          "Filter": "((production_year < 2010) AND (kind_id = 1))",
                          "Rows Removed by Filter": 286312
                        }
                      ]
                    }
                  ]
                }
              ]
            }
          ]
        }
      ]
    },
    "Planning Time": 0.652,
    "Triggers": [],
    "Execution Time": 1045.609
  }
]